<?xml version="1.0" encoding="UTF-8"?>
<testsuite xmlns:xsi="http://www.w3.org/2001/XMLSchema-instance" xsi:noNamespaceSchemaLocation="https://maven.apache.org/surefire/maven-surefire-plugin/xsd/surefire-test-report.xsd" name="org.apache.hadoop.ozone.client.rpc.TestBlockOutputStreamWithFailuresFlushDelay" time="755.073" tests="5" errors="1" skipped="0" failures="0">
  <properties>
    <property name="awt.toolkit" value="sun.awt.X11.XToolkit"/>
    <property name="file.encoding.pkg" value="sun.io"/>
    <property name="java.specification.version" value="1.8"/>
    <property name="sun.cpu.isalist" value=""/>
    <property name="sun.jnu.encoding" value="UTF-8"/>
    <property name="java.class.path" value="/home/runner/work/ozone/ozone/hadoop-ozone/integration-test/target/test-classes:/home/runner/work/ozone/ozone/hadoop-ozone/integration-test/target/classes:/home/runner/.m2/repository/org/apache/ozone/ozone-common/1.3.0-SNAPSHOT/ozone-common-1.3.0-SNAPSHOT.jar:/home/runner/.m2/repository/org/apache/commons/commons-compress/1.21/commons-compress-1.21.jar:/home/runner/.m2/repository/org/apache/ozone/hdds-common/1.3.0-SNAPSHOT/hdds-common-1.3.0-SNAPSHOT.jar:/home/runner/.m2/repository/org/apache/ozone/hdds-client/1.3.0-SNAPSHOT/hdds-client-1.3.0-SNAPSHOT.jar:/home/runner/.m2/repository/org/apache/ozone/ozone-interface-client/1.3.0-SNAPSHOT/ozone-interface-client-1.3.0-SNAPSHOT.jar:/home/runner/.m2/repository/org/apache/ozone/hdds-test-utils/1.3.0-SNAPSHOT/hdds-test-utils-1.3.0-SNAPSHOT.jar:/home/runner/.m2/repository/com/google/guava/guava/30.1.1-jre/guava-30.1.1-jre.jar:/home/runner/.m2/repository/com/google/guava/failureaccess/1.0.1/failureaccess-1.0.1.jar:/home/runner/.m2/repository/com/google/guava/listenablefuture/9999.0-empty-to-avoid-conflict-with-guava/listenablefuture-9999.0-empty-to-avoid-conflict-with-guava.jar:/home/runner/.m2/repository/com/google/code/findbugs/jsr305/3.0.0/jsr305-3.0.0.jar:/home/runner/.m2/repository/org/checkerframework/checker-qual/3.8.0/checker-qual-3.8.0.jar:/home/runner/.m2/repository/com/google/errorprone/error_prone_annotations/2.2.0/error_prone_annotations-2.2.0.jar:/home/runner/.m2/repository/com/google/j2objc/j2objc-annotations/1.3/j2objc-annotations-1.3.jar:/home/runner/.m2/repository/commons-io/commons-io/2.11.0/commons-io-2.11.0.jar:/home/runner/.m2/repository/commons-logging/commons-logging/1.2/commons-logging-1.2.jar:/home/runner/.m2/repository/log4j/log4j/1.2.17/log4j-1.2.17.jar:/home/runner/.m2/repository/org/slf4j/slf4j-api/1.7.30/slf4j-api-1.7.30.jar:/home/runner/.m2/repository/org/apache/ozone/hdds-server-scm/1.3.0-SNAPSHOT/hdds-server-scm-1.3.0-SNAPSHOT.jar:/home/runner/.m2/repository/org/apache/ozone/hdds-container-service/1.3.0-SNAPSHOT/hdds-container-service-1.3.0-SNAPSHOT.jar:/home/runner/.m2/repository/org/apache/ozone/hdds-hadoop-dependency-server/1.3.0-SNAPSHOT/hdds-hadoop-dependency-server-1.3.0-SNAPSHOT.jar:/home/runner/.m2/repository/org/apache/hadoop/hadoop-hdfs/3.3.1/hadoop-hdfs-3.3.1.jar:/home/runner/.m2/repository/org/apache/ozone/hdds-server-framework/1.3.0-SNAPSHOT/hdds-server-framework-1.3.0-SNAPSHOT.jar:/home/runner/.m2/repository/org/apache/ozone/hdds-interface-server/1.3.0-SNAPSHOT/hdds-interface-server-1.3.0-SNAPSHOT.jar:/home/runner/.m2/repository/org/eclipse/jetty/jetty-servlet/9.4.43.v20210629/jetty-servlet-9.4.43.v20210629.jar:/home/runner/.m2/repository/org/eclipse/jetty/jetty-security/9.4.43.v20210629/jetty-security-9.4.43.v20210629.jar:/home/runner/.m2/repository/org/rocksdb/rocksdbjni/6.25.3/rocksdbjni-6.25.3.jar:/home/runner/.m2/repository/io/prometheus/simpleclient_dropwizard/0.7.0/simpleclient_dropwizard-0.7.0.jar:/home/runner/.m2/repository/io/prometheus/simpleclient/0.7.0/simpleclient-0.7.0.jar:/home/runner/.m2/repository/io/prometheus/simpleclient_common/0.7.0/simpleclient_common-0.7.0.jar:/home/runner/.m2/repository/com/fasterxml/jackson/datatype/jackson-datatype-jsr310/2.12.1/jackson-datatype-jsr310-2.12.1.jar:/home/runner/.m2/repository/io/dropwizard/metrics/metrics-core/3.2.4/metrics-core-3.2.4.jar:/home/runner/.m2/repository/org/apache/hadoop/hadoop-hdfs-client/3.3.1/hadoop-hdfs-client-3.3.1.jar:/home/runner/.m2/repository/org/bouncycastle/bcprov-jdk15on/1.67/bcprov-jdk15on-1.67.jar:/home/runner/.m2/repository/com/google/protobuf/protobuf-java/2.5.0/protobuf-java-2.5.0.jar:/home/runner/.m2/repository/org/apache/ozone/ozone-manager/1.3.0-SNAPSHOT/ozone-manager-1.3.0-SNAPSHOT.jar:/home/runner/.m2/repository/org/aspectj/aspectjrt/1.9.7/aspectjrt-1.9.7.jar:/home/runner/.m2/repository/org/aspectj/aspectjweaver/1.9.7/aspectjweaver-1.9.7.jar:/home/runner/.m2/repository/org/apache/ozone/hdds-interface-client/1.3.0-SNAPSHOT/hdds-interface-client-1.3.0-SNAPSHOT.jar:/home/runner/.m2/repository/org/apache/hadoop/thirdparty/hadoop-shaded-protobuf_3_7/1.1.1/hadoop-shaded-protobuf_3_7-1.1.1.jar:/home/runner/.m2/repository/org/apache/ozone/ozone-interface-storage/1.3.0-SNAPSHOT/ozone-interface-storage-1.3.0-SNAPSHOT.jar:/home/runner/.m2/repository/org/reflections/reflections/0.9.11/reflections-0.9.11.jar:/home/runner/.m2/repository/org/apache/hadoop/hadoop-minikdc/3.3.1/hadoop-minikdc-3.3.1.jar:/home/runner/.m2/repository/org/apache/kerby/kerb-simplekdc/1.0.1/kerb-simplekdc-1.0.1.jar:/home/runner/.m2/repository/org/apache/kerby/kerb-client/1.0.1/kerb-client-1.0.1.jar:/home/runner/.m2/repository/org/apache/kerby/kerby-config/1.0.1/kerby-config-1.0.1.jar:/home/runner/.m2/repository/org/apache/kerby/kerb-common/1.0.1/kerb-common-1.0.1.jar:/home/runner/.m2/repository/org/apache/kerby/kerb-crypto/1.0.1/kerb-crypto-1.0.1.jar:/home/runner/.m2/repository/org/apache/kerby/kerb-util/1.0.1/kerb-util-1.0.1.jar:/home/runner/.m2/repository/org/apache/kerby/token-provider/1.0.1/token-provider-1.0.1.jar:/home/runner/.m2/repository/org/apache/kerby/kerb-admin/1.0.1/kerb-admin-1.0.1.jar:/home/runner/.m2/repository/org/apache/kerby/kerb-server/1.0.1/kerb-server-1.0.1.jar:/home/runner/.m2/repository/org/apache/kerby/kerb-identity/1.0.1/kerb-identity-1.0.1.jar:/home/runner/.m2/repository/org/apache/kerby/kerby-xdr/1.0.1/kerby-xdr-1.0.1.jar:/home/runner/.m2/repository/org/slf4j/slf4j-log4j12/1.7.30/slf4j-log4j12-1.7.30.jar:/home/runner/.m2/repository/org/apache/ozone/ozone-s3gateway/1.3.0-SNAPSHOT/ozone-s3gateway-1.3.0-SNAPSHOT.jar:/home/runner/.m2/repository/org/javassist/javassist/3.21.0-GA/javassist-3.21.0-GA.jar:/home/runner/.m2/repository/org/jboss/weld/servlet/weld-servlet/2.4.7.Final/weld-servlet-2.4.7.Final.jar:/home/runner/.m2/repository/org/glassfish/jersey/containers/jersey-container-servlet-core/2.33/jersey-container-servlet-core-2.33.jar:/home/runner/.m2/repository/org/glassfish/hk2/external/jakarta.inject/2.6.1/jakarta.inject-2.6.1.jar:/home/runner/.m2/repository/org/glassfish/jersey/core/jersey-common/2.33/jersey-common-2.33.jar:/home/runner/.m2/repository/jakarta/ws/rs/jakarta.ws.rs-api/2.1.6/jakarta.ws.rs-api-2.1.6.jar:/home/runner/.m2/repository/org/glassfish/jersey/ext/cdi/jersey-cdi1x/2.33/jersey-cdi1x-2.33.jar:/home/runner/.m2/repository/org/glassfish/jersey/inject/jersey-hk2/2.33/jersey-hk2-2.33.jar:/home/runner/.m2/repository/org/glassfish/hk2/hk2-locator/2.6.1/hk2-locator-2.6.1.jar:/home/runner/.m2/repository/org/glassfish/jersey/media/jersey-media-jaxb/2.33/jersey-media-jaxb-2.33.jar:/home/runner/.m2/repository/org/glassfish/hk2/osgi-resource-locator/1.0.3/osgi-resource-locator-1.0.3.jar:/home/runner/.m2/repository/org/glassfish/hk2/hk2-api/2.5.0/hk2-api-2.5.0.jar:/home/runner/.m2/repository/org/glassfish/hk2/hk2-utils/2.5.0/hk2-utils-2.5.0.jar:/home/runner/.m2/repository/org/glassfish/hk2/external/aopalliance-repackaged/2.5.0/aopalliance-repackaged-2.5.0.jar:/home/runner/.m2/repository/com/fasterxml/jackson/dataformat/jackson-dataformat-xml/2.12.1/jackson-dataformat-xml-2.12.1.jar:/home/runner/.m2/repository/com/fasterxml/jackson/core/jackson-core/2.12.1/jackson-core-2.12.1.jar:/home/runner/.m2/repository/com/fasterxml/jackson/module/jackson-module-jaxb-annotations/2.12.1/jackson-module-jaxb-annotations-2.12.1.jar:/home/runner/.m2/repository/jakarta/xml/bind/jakarta.xml.bind-api/2.3.2/jakarta.xml.bind-api-2.3.2.jar:/home/runner/.m2/repository/org/codehaus/woodstox/stax2-api/3.1.4/stax2-api-3.1.4.jar:/home/runner/.m2/repository/com/fasterxml/woodstox/woodstox-core/5.0.3/woodstox-core-5.0.3.jar:/home/runner/.m2/repository/javax/enterprise/cdi-api/1.2/cdi-api-1.2.jar:/home/runner/.m2/repository/javax/el/javax.el-api/3.0.0/javax.el-api-3.0.0.jar:/home/runner/.m2/repository/javax/interceptor/javax.interceptor-api/1.2/javax.interceptor-api-1.2.jar:/home/runner/.m2/repository/javax/inject/javax.inject/1/javax.inject-1.jar:/home/runner/.m2/repository/javax/xml/bind/jaxb-api/2.3.0/jaxb-api-2.3.0.jar:/home/runner/.m2/repository/org/glassfish/jaxb/jaxb-runtime/2.3.0.1/jaxb-runtime-2.3.0.1.jar:/home/runner/.m2/repository/org/glassfish/jaxb/jaxb-core/2.3.0.1/jaxb-core-2.3.0.1.jar:/home/runner/.m2/repository/org/glassfish/jaxb/txw2/2.3.0.1/txw2-2.3.0.1.jar:/home/runner/.m2/repository/com/sun/istack/istack-commons-runtime/3.0.5/istack-commons-runtime-3.0.5.jar:/home/runner/.m2/repository/org/jvnet/staxex/stax-ex/1.7.8/stax-ex-1.7.8.jar:/home/runner/.m2/repository/com/sun/xml/fastinfoset/FastInfoset/1.2.13/FastInfoset-1.2.13.jar:/home/runner/.m2/repository/javax/activation/activation/1.1.1/activation-1.1.1.jar:/home/runner/.m2/repository/org/apache/ozone/ozone-csi/1.3.0-SNAPSHOT/ozone-csi-1.3.0-SNAPSHOT.jar:/home/runner/.m2/repository/com/google/protobuf/protobuf-java-util/3.12.0/protobuf-java-util-3.12.0.jar:/home/runner/.m2/repository/com/google/code/gson/gson/2.2.4/gson-2.2.4.jar:/home/runner/.m2/repository/org/apache/ozone/hdds-config/1.3.0-SNAPSHOT/hdds-config-1.3.0-SNAPSHOT.jar:/home/runner/.m2/repository/io/grpc/grpc-netty/1.33.0/grpc-netty-1.33.0.jar:/home/runner/.m2/repository/io/grpc/grpc-core/1.33.0/grpc-core-1.33.0.jar:/home/runner/.m2/repository/com/google/android/annotations/4.1.1.4/annotations-4.1.1.4.jar:/home/runner/.m2/repository/io/netty/netty-codec-http2/4.1.63.Final/netty-codec-http2-4.1.63.Final.jar:/home/runner/.m2/repository/io/netty/netty-codec-http/4.1.63.Final/netty-codec-http-4.1.63.Final.jar:/home/runner/.m2/repository/io/netty/netty-handler-proxy/4.1.63.Final/netty-handler-proxy-4.1.63.Final.jar:/home/runner/.m2/repository/io/netty/netty-codec-socks/4.1.63.Final/netty-codec-socks-4.1.63.Final.jar:/home/runner/.m2/repository/io/perfmark/perfmark-api/0.19.0/perfmark-api-0.19.0.jar:/home/runner/.m2/repository/org/codehaus/mojo/animal-sniffer-annotations/1.18/animal-sniffer-annotations-1.18.jar:/home/runner/.m2/repository/io/netty/netty-transport-native-epoll/4.1.63.Final/netty-transport-native-epoll-4.1.63.Final.jar:/home/runner/.m2/repository/io/netty/netty-common/4.1.63.Final/netty-common-4.1.63.Final.jar:/home/runner/.m2/repository/io/netty/netty-buffer/4.1.63.Final/netty-buffer-4.1.63.Final.jar:/home/runner/.m2/repository/io/netty/netty-transport-native-unix-common/4.1.63.Final/netty-transport-native-unix-common-4.1.63.Final.jar:/home/runner/.m2/repository/io/grpc/grpc-protobuf/1.33.0/grpc-protobuf-1.33.0.jar:/home/runner/.m2/repository/io/grpc/grpc-api/1.33.0/grpc-api-1.33.0.jar:/home/runner/.m2/repository/io/grpc/grpc-context/1.33.0/grpc-context-1.33.0.jar:/home/runner/.m2/repository/com/google/api/grpc/proto-google-common-protos/1.17.0/proto-google-common-protos-1.17.0.jar:/home/runner/.m2/repository/io/grpc/grpc-protobuf-lite/1.33.0/grpc-protobuf-lite-1.33.0.jar:/home/runner/.m2/repository/io/grpc/grpc-stub/1.33.0/grpc-stub-1.33.0.jar:/home/runner/.m2/repository/org/apache/ozone/ozone-recon/1.3.0-SNAPSHOT/ozone-recon-1.3.0-SNAPSHOT.jar:/home/runner/.m2/repository/org/apache/ozone/ozone-reconcodegen/1.3.0-SNAPSHOT/ozone-reconcodegen-1.3.0-SNAPSHOT.jar:/home/runner/.m2/repository/com/google/inject/extensions/guice-multibindings/4.0/guice-multibindings-4.0.jar:/home/runner/.m2/repository/com/google/inject/guice/4.0/guice-4.0.jar:/home/runner/.m2/repository/aopalliance/aopalliance/1.0/aopalliance-1.0.jar:/home/runner/.m2/repository/com/google/inject/extensions/guice-assistedinject/4.0/guice-assistedinject-4.0.jar:/home/runner/.m2/repository/com/google/inject/extensions/guice-servlet/4.0/guice-servlet-4.0.jar:/home/runner/.m2/repository/org/glassfish/jersey/containers/jersey-container-servlet/2.33/jersey-container-servlet-2.33.jar:/home/runner/.m2/repository/org/glassfish/hk2/guice-bridge/2.5.0/guice-bridge-2.5.0.jar:/home/runner/.m2/repository/org/glassfish/jersey/core/jersey-server/2.33/jersey-server-2.33.jar:/home/runner/.m2/repository/org/glassfish/jersey/core/jersey-client/2.33/jersey-client-2.33.jar:/home/runner/.m2/repository/jakarta/annotation/jakarta.annotation-api/1.3.5/jakarta.annotation-api-1.3.5.jar:/home/runner/.m2/repository/jakarta/validation/jakarta.validation-api/2.0.2/jakarta.validation-api-2.0.2.jar:/home/runner/.m2/repository/org/glassfish/jersey/media/jersey-media-json-jackson/2.33/jersey-media-json-jackson-2.33.jar:/home/runner/.m2/repository/org/glassfish/jersey/ext/jersey-entity-filtering/2.33/jersey-entity-filtering-2.33.jar:/home/runner/.m2/repository/org/jooq/jooq/3.11.10/jooq-3.11.10.jar:/home/runner/.m2/repository/org/jooq/jooq-meta/3.11.10/jooq-meta-3.11.10.jar:/home/runner/.m2/repository/org/jooq/jooq-codegen/3.11.10/jooq-codegen-3.11.10.jar:/home/runner/.m2/repository/com/jolbox/bonecp/0.8.0.RELEASE/bonecp-0.8.0.RELEASE.jar:/home/runner/.m2/repository/org/apache/derby/derby/10.14.2.0/derby-10.14.2.0.jar:/home/runner/.m2/repository/org/xerial/sqlite-jdbc/3.25.2/sqlite-jdbc-3.25.2.jar:/home/runner/.m2/repository/org/springframework/spring-jdbc/5.2.18.RELEASE/spring-jdbc-5.2.18.RELEASE.jar:/home/runner/.m2/repository/org/springframework/spring-beans/5.2.18.RELEASE/spring-beans-5.2.18.RELEASE.jar:/home/runner/.m2/repository/org/springframework/spring-core/5.2.18.RELEASE/spring-core-5.2.18.RELEASE.jar:/home/runner/.m2/repository/org/springframework/spring-jcl/5.2.18.RELEASE/spring-jcl-5.2.18.RELEASE.jar:/home/runner/.m2/repository/org/springframework/spring-tx/5.2.18.RELEASE/spring-tx-5.2.18.RELEASE.jar:/home/runner/.m2/repository/org/apache/ozone/ozone-client/1.3.0-SNAPSHOT/ozone-client-1.3.0-SNAPSHOT.jar:/home/runner/.m2/repository/org/apache/ozone/ozone-filesystem/1.3.0-SNAPSHOT/ozone-filesystem-1.3.0-SNAPSHOT.jar:/home/runner/.m2/repository/org/apache/ozone/ozone-filesystem-common/1.3.0-SNAPSHOT/ozone-filesystem-common-1.3.0-SNAPSHOT.jar:/home/runner/.m2/repository/org/apache/ozone/ozone-tools/1.3.0-SNAPSHOT/ozone-tools-1.3.0-SNAPSHOT.jar:/home/runner/.m2/repository/org/apache/ratis/ratis-tools/2.2.0/ratis-tools-2.2.0.jar:/home/runner/.m2/repository/com/amazonaws/aws-java-sdk-core/1.12.124/aws-java-sdk-core-1.12.124.jar:/home/runner/.m2/repository/org/apache/httpcomponents/httpclient/4.5.13/httpclient-4.5.13.jar:/home/runner/.m2/repository/org/apache/httpcomponents/httpcore/4.4.13/httpcore-4.4.13.jar:/home/runner/.m2/repository/software/amazon/ion/ion-java/1.0.2/ion-java-1.0.2.jar:/home/runner/.m2/repository/com/fasterxml/jackson/dataformat/jackson-dataformat-cbor/2.12.1/jackson-dataformat-cbor-2.12.1.jar:/home/runner/.m2/repository/joda-time/joda-time/2.8.1/joda-time-2.8.1.jar:/home/runner/.m2/repository/com/amazonaws/aws-java-sdk-s3/1.12.124/aws-java-sdk-s3-1.12.124.jar:/home/runner/.m2/repository/com/amazonaws/aws-java-sdk-kms/1.12.124/aws-java-sdk-kms-1.12.124.jar:/home/runner/.m2/repository/com/amazonaws/jmespath-java/1.12.124/jmespath-java-1.12.124.jar:/home/runner/.m2/repository/org/kohsuke/metainf-services/metainf-services/1.8/metainf-services-1.8.jar:/home/runner/.m2/repository/org/apache/ozone/hdds-tools/1.3.0-SNAPSHOT/hdds-tools-1.3.0-SNAPSHOT.jar:/home/runner/.m2/repository/commons-cli/commons-cli/1.2/commons-cli-1.2.jar:/home/runner/.m2/repository/org/apache/commons/commons-lang3/3.7/commons-lang3-3.7.jar:/home/runner/.m2/repository/org/apache/ozone/ozone-manager/1.3.0-SNAPSHOT/ozone-manager-1.3.0-SNAPSHOT-tests.jar:/home/runner/.m2/repository/org/apache/ozone/hdds-common/1.3.0-SNAPSHOT/hdds-common-1.3.0-SNAPSHOT-tests.jar:/home/runner/.m2/repository/org/apache/ozone/hdds-hadoop-dependency-client/1.3.0-SNAPSHOT/hdds-hadoop-dependency-client-1.3.0-SNAPSHOT.jar:/home/runner/.m2/repository/info/picocli/picocli/4.6.1/picocli-4.6.1.jar:/home/runner/.m2/repository/com/fasterxml/jackson/core/jackson-annotations/2.12.1/jackson-annotations-2.12.1.jar:/home/runner/.m2/repository/javax/annotation/javax.annotation-api/1.2/javax.annotation-api-1.2.jar:/home/runner/.m2/repository/org/apache/ratis/ratis-server/2.2.0/ratis-server-2.2.0.jar:/home/runner/.m2/repository/org/apache/ratis/ratis-client/2.2.0/ratis-client-2.2.0.jar:/home/runner/.m2/repository/org/apache/ratis/ratis-server-api/2.2.0/ratis-server-api-2.2.0.jar:/home/runner/.m2/repository/org/apache/ratis/ratis-metrics/2.2.0/ratis-metrics-2.2.0.jar:/home/runner/.m2/repository/org/apache/ratis/ratis-netty/2.2.0/ratis-netty-2.2.0.jar:/home/runner/.m2/repository/org/apache/ratis/ratis-grpc/2.2.0/ratis-grpc-2.2.0.jar:/home/runner/.m2/repository/org/apache/logging/log4j/log4j-api/2.17.1/log4j-api-2.17.1.jar:/home/runner/.m2/repository/org/apache/logging/log4j/log4j-core/2.17.1/log4j-core-2.17.1.jar:/home/runner/.m2/repository/com/lmax/disruptor/3.4.2/disruptor-3.4.2.jar:/home/runner/.m2/repository/org/apache/commons/commons-pool2/2.6.0/commons-pool2-2.6.0.jar:/home/runner/.m2/repository/org/bouncycastle/bcpkix-jdk15on/1.67/bcpkix-jdk15on-1.67.jar:/home/runner/.m2/repository/commons-validator/commons-validator/1.6/commons-validator-1.6.jar:/home/runner/.m2/repository/commons-beanutils/commons-beanutils/1.9.4/commons-beanutils-1.9.4.jar:/home/runner/.m2/repository/commons-digester/commons-digester/1.8.1/commons-digester-1.8.1.jar:/home/runner/.m2/repository/commons-collections/commons-collections/3.2.2/commons-collections-3.2.2.jar:/home/runner/.m2/repository/io/jaegertracing/jaeger-client/1.6.0/jaeger-client-1.6.0.jar:/home/runner/.m2/repository/io/jaegertracing/jaeger-thrift/1.6.0/jaeger-thrift-1.6.0.jar:/home/runner/.m2/repository/org/apache/thrift/libthrift/0.14.1/libthrift-0.14.1.jar:/home/runner/.m2/repository/com/squareup/okhttp3/okhttp/4.9.0/okhttp-4.9.0.jar:/home/runner/.m2/repository/com/squareup/okio/okio/2.8.0/okio-2.8.0.jar:/home/runner/.m2/repository/io/jaegertracing/jaeger-core/1.6.0/jaeger-core-1.6.0.jar:/home/runner/.m2/repository/io/jaegertracing/jaeger-tracerresolver/1.6.0/jaeger-tracerresolver-1.6.0.jar:/home/runner/.m2/repository/io/opentracing/contrib/opentracing-tracerresolver/0.1.8/opentracing-tracerresolver-0.1.8.jar:/home/runner/.m2/repository/org/jetbrains/kotlin/kotlin-stdlib/1.4.31/kotlin-stdlib-1.4.31.jar:/home/runner/.m2/repository/org/jetbrains/kotlin/kotlin-stdlib-common/1.4.31/kotlin-stdlib-common-1.4.31.jar:/home/runner/.m2/repository/org/jetbrains/annotations/13.0/annotations-13.0.jar:/home/runner/.m2/repository/io/opentracing/opentracing-util/0.33.0/opentracing-util-0.33.0.jar:/home/runner/.m2/repository/io/opentracing/opentracing-api/0.33.0/opentracing-api-0.33.0.jar:/home/runner/.m2/repository/io/opentracing/opentracing-noop/0.33.0/opentracing-noop-0.33.0.jar:/home/runner/.m2/repository/org/yaml/snakeyaml/1.26/snakeyaml-1.26.jar:/home/runner/.m2/repository/org/apache/ozone/hdds-interface-admin/1.3.0-SNAPSHOT/hdds-interface-admin-1.3.0-SNAPSHOT.jar:/home/runner/.m2/repository/junit/junit/4.13.1/junit-4.13.1.jar:/home/runner/.m2/repository/org/hamcrest/hamcrest-core/1.3/hamcrest-core-1.3.jar:/home/runner/.m2/repository/org/junit/jupiter/junit-jupiter-api/5.7.0/junit-jupiter-api-5.7.0.jar:/home/runner/.m2/repository/org/apiguardian/apiguardian-api/1.1.0/apiguardian-api-1.1.0.jar:/home/runner/.m2/repository/org/opentest4j/opentest4j/1.2.0/opentest4j-1.2.0.jar:/home/runner/.m2/repository/org/junit/platform/junit-platform-commons/1.7.0/junit-platform-commons-1.7.0.jar:/home/runner/.m2/repository/org/junit/jupiter/junit-jupiter-engine/5.7.0/junit-jupiter-engine-5.7.0.jar:/home/runner/.m2/repository/org/junit/platform/junit-platform-engine/1.7.0/junit-platform-engine-1.7.0.jar:/home/runner/.m2/repository/org/junit/vintage/junit-vintage-engine/5.7.0/junit-vintage-engine-5.7.0.jar:/home/runner/.m2/repository/org/junit/platform/junit-platform-launcher/1.7.0/junit-platform-launcher-1.7.0.jar:/home/runner/.m2/repository/org/openjdk/jmh/jmh-core/1.19/jmh-core-1.19.jar:/home/runner/.m2/repository/net/sf/jopt-simple/jopt-simple/4.6/jopt-simple-4.6.jar:/home/runner/.m2/repository/org/apache/commons/commons-math3/3.1.1/commons-math3-3.1.1.jar:/home/runner/.m2/repository/org/openjdk/jmh/jmh-generator-annprocess/1.19/jmh-generator-annprocess-1.19.jar:/home/runner/.m2/repository/org/mockito/mockito-core/2.28.2/mockito-core-2.28.2.jar:/home/runner/.m2/repository/net/bytebuddy/byte-buddy/1.9.10/byte-buddy-1.9.10.jar:/home/runner/.m2/repository/net/bytebuddy/byte-buddy-agent/1.9.10/byte-buddy-agent-1.9.10.jar:/home/runner/.m2/repository/org/objenesis/objenesis/1.0/objenesis-1.0.jar:/home/runner/.m2/repository/org/apache/hadoop/hadoop-kms/3.3.1/hadoop-kms-3.3.1.jar:/home/runner/.m2/repository/org/apache/hadoop/hadoop-auth/3.3.1/hadoop-auth-3.3.1.jar:/home/runner/.m2/repository/com/nimbusds/nimbus-jose-jwt/7.9/nimbus-jose-jwt-7.9.jar:/home/runner/.m2/repository/com/github/stephenc/jcip/jcip-annotations/1.0-1/jcip-annotations-1.0-1.jar:/home/runner/.m2/repository/net/minidev/json-smart/2.3.1/json-smart-2.3.1.jar:/home/runner/.m2/repository/net/minidev/accessors-smart/2.3.1/accessors-smart-2.3.1.jar:/home/runner/.m2/repository/org/ow2/asm/asm/5.0.4/asm-5.0.4.jar:/home/runner/.m2/repository/org/apache/zookeeper/zookeeper/3.5.6/zookeeper-3.5.6.jar:/home/runner/.m2/repository/org/apache/zookeeper/zookeeper-jute/3.5.6/zookeeper-jute-3.5.6.jar:/home/runner/.m2/repository/org/apache/yetus/audience-annotations/0.5.0/audience-annotations-0.5.0.jar:/home/runner/.m2/repository/org/apache/curator/curator-framework/4.2.0/curator-framework-4.2.0.jar:/home/runner/.m2/repository/org/apache/hadoop/thirdparty/hadoop-shaded-guava/1.1.1/hadoop-shaded-guava-1.1.1.jar:/home/runner/.m2/repository/com/sun/jersey/jersey-core/1.19/jersey-core-1.19.jar:/home/runner/.m2/repository/javax/ws/rs/jsr311-api/1.1.1/jsr311-api-1.1.1.jar:/home/runner/.m2/repository/com/sun/jersey/jersey-server/1.19/jersey-server-1.19.jar:/home/runner/.m2/repository/javax/servlet/javax.servlet-api/3.1.0/javax.servlet-api-3.1.0.jar:/home/runner/.m2/repository/org/eclipse/jetty/jetty-server/9.4.43.v20210629/jetty-server-9.4.43.v20210629.jar:/home/runner/.m2/repository/org/eclipse/jetty/jetty-http/9.4.43.v20210629/jetty-http-9.4.43.v20210629.jar:/home/runner/.m2/repository/org/eclipse/jetty/jetty-io/9.4.43.v20210629/jetty-io-9.4.43.v20210629.jar:/home/runner/.m2/repository/org/eclipse/jetty/jetty-webapp/9.4.43.v20210629/jetty-webapp-9.4.43.v20210629.jar:/home/runner/.m2/repository/org/eclipse/jetty/jetty-xml/9.4.43.v20210629/jetty-xml-9.4.43.v20210629.jar:/home/runner/.m2/repository/org/apache/hadoop/hadoop-common/3.3.1/hadoop-common-3.3.1.jar:/home/runner/.m2/repository/commons-net/commons-net/3.6/commons-net-3.6.jar:/home/runner/.m2/repository/jakarta/activation/jakarta.activation-api/1.2.1/jakarta.activation-api-1.2.1.jar:/home/runner/.m2/repository/com/sun/jersey/jersey-servlet/1.19/jersey-servlet-1.19.jar:/home/runner/.m2/repository/com/sun/jersey/jersey-json/1.19/jersey-json-1.19.jar:/home/runner/.m2/repository/org/codehaus/jettison/jettison/1.1/jettison-1.1.jar:/home/runner/.m2/repository/com/sun/xml/bind/jaxb-impl/2.2.3-1/jaxb-impl-2.2.3-1.jar:/home/runner/.m2/repository/org/codehaus/jackson/jackson-jaxrs/1.9.2/jackson-jaxrs-1.9.2.jar:/home/runner/.m2/repository/org/codehaus/jackson/jackson-xc/1.9.2/jackson-xc-1.9.2.jar:/home/runner/.m2/repository/org/apache/commons/commons-configuration2/2.1.1/commons-configuration2-2.1.1.jar:/home/runner/.m2/repository/org/apache/commons/commons-text/1.4/commons-text-1.4.jar:/home/runner/.m2/repository/com/google/re2j/re2j/1.1/re2j-1.1.jar:/home/runner/.m2/repository/com/jcraft/jsch/0.1.54/jsch-0.1.54.jar:/home/runner/.m2/repository/org/apache/curator/curator-client/4.2.0/curator-client-4.2.0.jar:/home/runner/.m2/repository/org/apache/curator/curator-recipes/4.2.0/curator-recipes-4.2.0.jar:/home/runner/.m2/repository/org/apache/kerby/kerb-core/1.0.1/kerb-core-1.0.1.jar:/home/runner/.m2/repository/org/apache/kerby/kerby-pkix/1.0.1/kerby-pkix-1.0.1.jar:/home/runner/.m2/repository/org/apache/kerby/kerby-asn1/1.0.1/kerby-asn1-1.0.1.jar:/home/runner/.m2/repository/org/apache/kerby/kerby-util/1.0.1/kerby-util-1.0.1.jar:/home/runner/.m2/repository/dnsjava/dnsjava/2.1.7/dnsjava-2.1.7.jar:/home/runner/.m2/repository/org/xerial/snappy/snappy-java/1.1.8.2/snappy-java-1.1.8.2.jar:/home/runner/.m2/repository/org/slf4j/jul-to-slf4j/1.7.30/jul-to-slf4j-1.7.30.jar:/home/runner/.m2/repository/org/eclipse/jetty/jetty-util/9.4.43.v20210629/jetty-util-9.4.43.v20210629.jar:/home/runner/.m2/repository/com/fasterxml/jackson/core/jackson-databind/2.12.1/jackson-databind-2.12.1.jar:/home/runner/.m2/repository/org/apache/hadoop/hadoop-kms/3.3.1/hadoop-kms-3.3.1-tests.jar:/home/runner/.m2/repository/org/apache/ozone/hdds-server-scm/1.3.0-SNAPSHOT/hdds-server-scm-1.3.0-SNAPSHOT-tests.jar:/home/runner/.m2/repository/org/apache/ozone/hdds-container-service/1.3.0-SNAPSHOT/hdds-container-service-1.3.0-SNAPSHOT-tests.jar:/home/runner/.m2/repository/commons-codec/commons-codec/1.11/commons-codec-1.11.jar:/home/runner/.m2/repository/io/netty/netty-transport/4.1.63.Final/netty-transport-4.1.63.Final.jar:/home/runner/.m2/repository/io/netty/netty-resolver/4.1.63.Final/netty-resolver-4.1.63.Final.jar:/home/runner/.m2/repository/io/netty/netty-codec/4.1.63.Final/netty-codec-4.1.63.Final.jar:/home/runner/.m2/repository/io/netty/netty-handler/4.1.63.Final/netty-handler-4.1.63.Final.jar:/home/runner/.m2/repository/org/apache/ozone/hdds-hadoop-dependency-test/1.3.0-SNAPSHOT/hdds-hadoop-dependency-test-1.3.0-SNAPSHOT.jar:/home/runner/.m2/repository/org/apache/hadoop/hadoop-common/3.3.1/hadoop-common-3.3.1-tests.jar:/home/runner/.m2/repository/org/assertj/assertj-core/3.12.2/assertj-core-3.12.2.jar:/home/runner/.m2/repository/org/apache/hadoop/hadoop-hdfs/3.3.1/hadoop-hdfs-3.3.1-tests.jar:/home/runner/.m2/repository/org/eclipse/jetty/jetty-util-ajax/9.4.43.v20210629/jetty-util-ajax-9.4.43.v20210629.jar:/home/runner/.m2/repository/commons-daemon/commons-daemon/1.0.13/commons-daemon-1.0.13.jar:/home/runner/.m2/repository/io/netty/netty/3.10.6.Final/netty-3.10.6.Final.jar:/home/runner/.m2/repository/io/netty/netty-all/4.1.63.Final/netty-all-4.1.63.Final.jar:/home/runner/.m2/repository/org/apache/htrace/htrace-core4/4.1.0-incubating/htrace-core4-4.1.0-incubating.jar:/home/runner/.m2/repository/org/fusesource/leveldbjni/leveldbjni-all/1.8/leveldbjni-all-1.8.jar:/home/runner/.m2/repository/org/apache/hadoop/hadoop-distcp/3.3.1/hadoop-distcp-3.3.1.jar:/home/runner/.m2/repository/org/apache/hadoop/hadoop-mapreduce-client-jobclient/3.3.1/hadoop-mapreduce-client-jobclient-3.3.1.jar:/home/runner/.m2/repository/org/apache/hadoop/hadoop-mapreduce-client-common/3.3.1/hadoop-mapreduce-client-common-3.3.1.jar:/home/runner/.m2/repository/org/apache/hadoop/hadoop-yarn-common/3.3.1/hadoop-yarn-common-3.3.1.jar:/home/runner/.m2/repository/org/apache/hadoop/hadoop-yarn-api/3.3.1/hadoop-yarn-api-3.3.1.jar:/home/runner/.m2/repository/com/sun/jersey/jersey-client/1.19/jersey-client-1.19.jar:/home/runner/.m2/repository/com/sun/jersey/contribs/jersey-guice/1.19/jersey-guice-1.19.jar:/home/runner/.m2/repository/com/fasterxml/jackson/jaxrs/jackson-jaxrs-json-provider/2.12.1/jackson-jaxrs-json-provider-2.12.1.jar:/home/runner/.m2/repository/com/fasterxml/jackson/jaxrs/jackson-jaxrs-base/2.12.1/jackson-jaxrs-base-2.12.1.jar:/home/runner/.m2/repository/org/apache/hadoop/hadoop-yarn-client/3.3.1/hadoop-yarn-client-3.3.1.jar:/home/runner/.m2/repository/org/eclipse/jetty/websocket/websocket-client/9.4.40.v20210413/websocket-client-9.4.40.v20210413.jar:/home/runner/.m2/repository/org/eclipse/jetty/jetty-client/9.4.40.v20210413/jetty-client-9.4.40.v20210413.jar:/home/runner/.m2/repository/org/eclipse/jetty/websocket/websocket-common/9.4.40.v20210413/websocket-common-9.4.40.v20210413.jar:/home/runner/.m2/repository/org/eclipse/jetty/websocket/websocket-api/9.4.40.v20210413/websocket-api-9.4.40.v20210413.jar:/home/runner/.m2/repository/org/jline/jline/3.9.0/jline-3.9.0.jar:/home/runner/.m2/repository/org/apache/hadoop/hadoop-mapreduce-client-core/3.3.1/hadoop-mapreduce-client-core-3.3.1.jar:/home/runner/.m2/repository/org/apache/avro/avro/1.7.7/avro-1.7.7.jar:/home/runner/.m2/repository/org/codehaus/jackson/jackson-core-asl/1.9.13/jackson-core-asl-1.9.13.jar:/home/runner/.m2/repository/org/codehaus/jackson/jackson-mapper-asl/1.9.13/jackson-mapper-asl-1.9.13.jar:/home/runner/.m2/repository/com/thoughtworks/paranamer/paranamer/2.3/paranamer-2.3.jar:/home/runner/.m2/repository/org/apache/hadoop/hadoop-annotations/3.3.1/hadoop-annotations-3.3.1.jar:/usr/lib/jvm/adoptopenjdk-8-hotspot-amd64/jre/../lib/tools.jar:/home/runner/.m2/repository/org/apache/hadoop/hadoop-distcp/3.3.1/hadoop-distcp-3.3.1-tests.jar:/home/runner/.m2/repository/org/apache/ratis/ratis-common/2.2.0/ratis-common-2.2.0.jar:/home/runner/.m2/repository/org/apache/ratis/ratis-thirdparty-misc/0.7.0/ratis-thirdparty-misc-0.7.0.jar:/home/runner/.m2/repository/org/apache/ratis/ratis-proto/2.2.0/ratis-proto-2.2.0.jar:"/>
    <property name="java.vm.vendor" value="AdoptOpenJDK"/>
    <property name="sun.arch.data.model" value="64"/>
    <property name="test.build.dir" value="/home/runner/work/ozone/ozone/hadoop-ozone/integration-test/target/test-dir"/>
    <property name="test.cache.data" value=""/>
    <property name="java.vendor.url" value="https://adoptopenjdk.net/"/>
    <property name="user.timezone" value=""/>
    <property name="java.vm.specification.version" value="1.8"/>
    <property name="os.name" value="Linux"/>
    <property name="test.build.data" value="/home/runner/work/ozone/ozone/hadoop-ozone/integration-test/target/test-dir"/>
    <property name="sun.java.launcher" value="SUN_STANDARD"/>
    <property name="sun.boot.library.path" value="/usr/lib/jvm/adoptopenjdk-8-hotspot-amd64/jre/lib/amd64"/>
    <property name="sun.java.command" value="/home/runner/work/ozone/ozone/hadoop-ozone/integration-test/target/surefire/surefirebooter4636408379283025336.jar /home/runner/work/ozone/ozone/hadoop-ozone/integration-test/target/surefire 2022-01-11T23-03-33_488-jvmRun1 surefire9063743244468968584tmp surefire_275725277886108105037tmp"/>
    <property name="surefire.test.class.path" value="/home/runner/work/ozone/ozone/hadoop-ozone/integration-test/target/test-classes:/home/runner/work/ozone/ozone/hadoop-ozone/integration-test/target/classes:/home/runner/.m2/repository/org/apache/ozone/ozone-common/1.3.0-SNAPSHOT/ozone-common-1.3.0-SNAPSHOT.jar:/home/runner/.m2/repository/org/apache/commons/commons-compress/1.21/commons-compress-1.21.jar:/home/runner/.m2/repository/org/apache/ozone/hdds-common/1.3.0-SNAPSHOT/hdds-common-1.3.0-SNAPSHOT.jar:/home/runner/.m2/repository/org/apache/ozone/hdds-client/1.3.0-SNAPSHOT/hdds-client-1.3.0-SNAPSHOT.jar:/home/runner/.m2/repository/org/apache/ozone/ozone-interface-client/1.3.0-SNAPSHOT/ozone-interface-client-1.3.0-SNAPSHOT.jar:/home/runner/.m2/repository/org/apache/ozone/hdds-test-utils/1.3.0-SNAPSHOT/hdds-test-utils-1.3.0-SNAPSHOT.jar:/home/runner/.m2/repository/com/google/guava/guava/30.1.1-jre/guava-30.1.1-jre.jar:/home/runner/.m2/repository/com/google/guava/failureaccess/1.0.1/failureaccess-1.0.1.jar:/home/runner/.m2/repository/com/google/guava/listenablefuture/9999.0-empty-to-avoid-conflict-with-guava/listenablefuture-9999.0-empty-to-avoid-conflict-with-guava.jar:/home/runner/.m2/repository/com/google/code/findbugs/jsr305/3.0.0/jsr305-3.0.0.jar:/home/runner/.m2/repository/org/checkerframework/checker-qual/3.8.0/checker-qual-3.8.0.jar:/home/runner/.m2/repository/com/google/errorprone/error_prone_annotations/2.2.0/error_prone_annotations-2.2.0.jar:/home/runner/.m2/repository/com/google/j2objc/j2objc-annotations/1.3/j2objc-annotations-1.3.jar:/home/runner/.m2/repository/commons-io/commons-io/2.11.0/commons-io-2.11.0.jar:/home/runner/.m2/repository/commons-logging/commons-logging/1.2/commons-logging-1.2.jar:/home/runner/.m2/repository/log4j/log4j/1.2.17/log4j-1.2.17.jar:/home/runner/.m2/repository/org/slf4j/slf4j-api/1.7.30/slf4j-api-1.7.30.jar:/home/runner/.m2/repository/org/apache/ozone/hdds-server-scm/1.3.0-SNAPSHOT/hdds-server-scm-1.3.0-SNAPSHOT.jar:/home/runner/.m2/repository/org/apache/ozone/hdds-container-service/1.3.0-SNAPSHOT/hdds-container-service-1.3.0-SNAPSHOT.jar:/home/runner/.m2/repository/org/apache/ozone/hdds-hadoop-dependency-server/1.3.0-SNAPSHOT/hdds-hadoop-dependency-server-1.3.0-SNAPSHOT.jar:/home/runner/.m2/repository/org/apache/hadoop/hadoop-hdfs/3.3.1/hadoop-hdfs-3.3.1.jar:/home/runner/.m2/repository/org/apache/ozone/hdds-server-framework/1.3.0-SNAPSHOT/hdds-server-framework-1.3.0-SNAPSHOT.jar:/home/runner/.m2/repository/org/apache/ozone/hdds-interface-server/1.3.0-SNAPSHOT/hdds-interface-server-1.3.0-SNAPSHOT.jar:/home/runner/.m2/repository/org/eclipse/jetty/jetty-servlet/9.4.43.v20210629/jetty-servlet-9.4.43.v20210629.jar:/home/runner/.m2/repository/org/eclipse/jetty/jetty-security/9.4.43.v20210629/jetty-security-9.4.43.v20210629.jar:/home/runner/.m2/repository/org/rocksdb/rocksdbjni/6.25.3/rocksdbjni-6.25.3.jar:/home/runner/.m2/repository/io/prometheus/simpleclient_dropwizard/0.7.0/simpleclient_dropwizard-0.7.0.jar:/home/runner/.m2/repository/io/prometheus/simpleclient/0.7.0/simpleclient-0.7.0.jar:/home/runner/.m2/repository/io/prometheus/simpleclient_common/0.7.0/simpleclient_common-0.7.0.jar:/home/runner/.m2/repository/com/fasterxml/jackson/datatype/jackson-datatype-jsr310/2.12.1/jackson-datatype-jsr310-2.12.1.jar:/home/runner/.m2/repository/io/dropwizard/metrics/metrics-core/3.2.4/metrics-core-3.2.4.jar:/home/runner/.m2/repository/org/apache/hadoop/hadoop-hdfs-client/3.3.1/hadoop-hdfs-client-3.3.1.jar:/home/runner/.m2/repository/org/bouncycastle/bcprov-jdk15on/1.67/bcprov-jdk15on-1.67.jar:/home/runner/.m2/repository/com/google/protobuf/protobuf-java/2.5.0/protobuf-java-2.5.0.jar:/home/runner/.m2/repository/org/apache/ozone/ozone-manager/1.3.0-SNAPSHOT/ozone-manager-1.3.0-SNAPSHOT.jar:/home/runner/.m2/repository/org/aspectj/aspectjrt/1.9.7/aspectjrt-1.9.7.jar:/home/runner/.m2/repository/org/aspectj/aspectjweaver/1.9.7/aspectjweaver-1.9.7.jar:/home/runner/.m2/repository/org/apache/ozone/hdds-interface-client/1.3.0-SNAPSHOT/hdds-interface-client-1.3.0-SNAPSHOT.jar:/home/runner/.m2/repository/org/apache/hadoop/thirdparty/hadoop-shaded-protobuf_3_7/1.1.1/hadoop-shaded-protobuf_3_7-1.1.1.jar:/home/runner/.m2/repository/org/apache/ozone/ozone-interface-storage/1.3.0-SNAPSHOT/ozone-interface-storage-1.3.0-SNAPSHOT.jar:/home/runner/.m2/repository/org/reflections/reflections/0.9.11/reflections-0.9.11.jar:/home/runner/.m2/repository/org/apache/hadoop/hadoop-minikdc/3.3.1/hadoop-minikdc-3.3.1.jar:/home/runner/.m2/repository/org/apache/kerby/kerb-simplekdc/1.0.1/kerb-simplekdc-1.0.1.jar:/home/runner/.m2/repository/org/apache/kerby/kerb-client/1.0.1/kerb-client-1.0.1.jar:/home/runner/.m2/repository/org/apache/kerby/kerby-config/1.0.1/kerby-config-1.0.1.jar:/home/runner/.m2/repository/org/apache/kerby/kerb-common/1.0.1/kerb-common-1.0.1.jar:/home/runner/.m2/repository/org/apache/kerby/kerb-crypto/1.0.1/kerb-crypto-1.0.1.jar:/home/runner/.m2/repository/org/apache/kerby/kerb-util/1.0.1/kerb-util-1.0.1.jar:/home/runner/.m2/repository/org/apache/kerby/token-provider/1.0.1/token-provider-1.0.1.jar:/home/runner/.m2/repository/org/apache/kerby/kerb-admin/1.0.1/kerb-admin-1.0.1.jar:/home/runner/.m2/repository/org/apache/kerby/kerb-server/1.0.1/kerb-server-1.0.1.jar:/home/runner/.m2/repository/org/apache/kerby/kerb-identity/1.0.1/kerb-identity-1.0.1.jar:/home/runner/.m2/repository/org/apache/kerby/kerby-xdr/1.0.1/kerby-xdr-1.0.1.jar:/home/runner/.m2/repository/org/slf4j/slf4j-log4j12/1.7.30/slf4j-log4j12-1.7.30.jar:/home/runner/.m2/repository/org/apache/ozone/ozone-s3gateway/1.3.0-SNAPSHOT/ozone-s3gateway-1.3.0-SNAPSHOT.jar:/home/runner/.m2/repository/org/javassist/javassist/3.21.0-GA/javassist-3.21.0-GA.jar:/home/runner/.m2/repository/org/jboss/weld/servlet/weld-servlet/2.4.7.Final/weld-servlet-2.4.7.Final.jar:/home/runner/.m2/repository/org/glassfish/jersey/containers/jersey-container-servlet-core/2.33/jersey-container-servlet-core-2.33.jar:/home/runner/.m2/repository/org/glassfish/hk2/external/jakarta.inject/2.6.1/jakarta.inject-2.6.1.jar:/home/runner/.m2/repository/org/glassfish/jersey/core/jersey-common/2.33/jersey-common-2.33.jar:/home/runner/.m2/repository/jakarta/ws/rs/jakarta.ws.rs-api/2.1.6/jakarta.ws.rs-api-2.1.6.jar:/home/runner/.m2/repository/org/glassfish/jersey/ext/cdi/jersey-cdi1x/2.33/jersey-cdi1x-2.33.jar:/home/runner/.m2/repository/org/glassfish/jersey/inject/jersey-hk2/2.33/jersey-hk2-2.33.jar:/home/runner/.m2/repository/org/glassfish/hk2/hk2-locator/2.6.1/hk2-locator-2.6.1.jar:/home/runner/.m2/repository/org/glassfish/jersey/media/jersey-media-jaxb/2.33/jersey-media-jaxb-2.33.jar:/home/runner/.m2/repository/org/glassfish/hk2/osgi-resource-locator/1.0.3/osgi-resource-locator-1.0.3.jar:/home/runner/.m2/repository/org/glassfish/hk2/hk2-api/2.5.0/hk2-api-2.5.0.jar:/home/runner/.m2/repository/org/glassfish/hk2/hk2-utils/2.5.0/hk2-utils-2.5.0.jar:/home/runner/.m2/repository/org/glassfish/hk2/external/aopalliance-repackaged/2.5.0/aopalliance-repackaged-2.5.0.jar:/home/runner/.m2/repository/com/fasterxml/jackson/dataformat/jackson-dataformat-xml/2.12.1/jackson-dataformat-xml-2.12.1.jar:/home/runner/.m2/repository/com/fasterxml/jackson/core/jackson-core/2.12.1/jackson-core-2.12.1.jar:/home/runner/.m2/repository/com/fasterxml/jackson/module/jackson-module-jaxb-annotations/2.12.1/jackson-module-jaxb-annotations-2.12.1.jar:/home/runner/.m2/repository/jakarta/xml/bind/jakarta.xml.bind-api/2.3.2/jakarta.xml.bind-api-2.3.2.jar:/home/runner/.m2/repository/org/codehaus/woodstox/stax2-api/3.1.4/stax2-api-3.1.4.jar:/home/runner/.m2/repository/com/fasterxml/woodstox/woodstox-core/5.0.3/woodstox-core-5.0.3.jar:/home/runner/.m2/repository/javax/enterprise/cdi-api/1.2/cdi-api-1.2.jar:/home/runner/.m2/repository/javax/el/javax.el-api/3.0.0/javax.el-api-3.0.0.jar:/home/runner/.m2/repository/javax/interceptor/javax.interceptor-api/1.2/javax.interceptor-api-1.2.jar:/home/runner/.m2/repository/javax/inject/javax.inject/1/javax.inject-1.jar:/home/runner/.m2/repository/javax/xml/bind/jaxb-api/2.3.0/jaxb-api-2.3.0.jar:/home/runner/.m2/repository/org/glassfish/jaxb/jaxb-runtime/2.3.0.1/jaxb-runtime-2.3.0.1.jar:/home/runner/.m2/repository/org/glassfish/jaxb/jaxb-core/2.3.0.1/jaxb-core-2.3.0.1.jar:/home/runner/.m2/repository/org/glassfish/jaxb/txw2/2.3.0.1/txw2-2.3.0.1.jar:/home/runner/.m2/repository/com/sun/istack/istack-commons-runtime/3.0.5/istack-commons-runtime-3.0.5.jar:/home/runner/.m2/repository/org/jvnet/staxex/stax-ex/1.7.8/stax-ex-1.7.8.jar:/home/runner/.m2/repository/com/sun/xml/fastinfoset/FastInfoset/1.2.13/FastInfoset-1.2.13.jar:/home/runner/.m2/repository/javax/activation/activation/1.1.1/activation-1.1.1.jar:/home/runner/.m2/repository/org/apache/ozone/ozone-csi/1.3.0-SNAPSHOT/ozone-csi-1.3.0-SNAPSHOT.jar:/home/runner/.m2/repository/com/google/protobuf/protobuf-java-util/3.12.0/protobuf-java-util-3.12.0.jar:/home/runner/.m2/repository/com/google/code/gson/gson/2.2.4/gson-2.2.4.jar:/home/runner/.m2/repository/org/apache/ozone/hdds-config/1.3.0-SNAPSHOT/hdds-config-1.3.0-SNAPSHOT.jar:/home/runner/.m2/repository/io/grpc/grpc-netty/1.33.0/grpc-netty-1.33.0.jar:/home/runner/.m2/repository/io/grpc/grpc-core/1.33.0/grpc-core-1.33.0.jar:/home/runner/.m2/repository/com/google/android/annotations/4.1.1.4/annotations-4.1.1.4.jar:/home/runner/.m2/repository/io/netty/netty-codec-http2/4.1.63.Final/netty-codec-http2-4.1.63.Final.jar:/home/runner/.m2/repository/io/netty/netty-codec-http/4.1.63.Final/netty-codec-http-4.1.63.Final.jar:/home/runner/.m2/repository/io/netty/netty-handler-proxy/4.1.63.Final/netty-handler-proxy-4.1.63.Final.jar:/home/runner/.m2/repository/io/netty/netty-codec-socks/4.1.63.Final/netty-codec-socks-4.1.63.Final.jar:/home/runner/.m2/repository/io/perfmark/perfmark-api/0.19.0/perfmark-api-0.19.0.jar:/home/runner/.m2/repository/org/codehaus/mojo/animal-sniffer-annotations/1.18/animal-sniffer-annotations-1.18.jar:/home/runner/.m2/repository/io/netty/netty-transport-native-epoll/4.1.63.Final/netty-transport-native-epoll-4.1.63.Final.jar:/home/runner/.m2/repository/io/netty/netty-common/4.1.63.Final/netty-common-4.1.63.Final.jar:/home/runner/.m2/repository/io/netty/netty-buffer/4.1.63.Final/netty-buffer-4.1.63.Final.jar:/home/runner/.m2/repository/io/netty/netty-transport-native-unix-common/4.1.63.Final/netty-transport-native-unix-common-4.1.63.Final.jar:/home/runner/.m2/repository/io/grpc/grpc-protobuf/1.33.0/grpc-protobuf-1.33.0.jar:/home/runner/.m2/repository/io/grpc/grpc-api/1.33.0/grpc-api-1.33.0.jar:/home/runner/.m2/repository/io/grpc/grpc-context/1.33.0/grpc-context-1.33.0.jar:/home/runner/.m2/repository/com/google/api/grpc/proto-google-common-protos/1.17.0/proto-google-common-protos-1.17.0.jar:/home/runner/.m2/repository/io/grpc/grpc-protobuf-lite/1.33.0/grpc-protobuf-lite-1.33.0.jar:/home/runner/.m2/repository/io/grpc/grpc-stub/1.33.0/grpc-stub-1.33.0.jar:/home/runner/.m2/repository/org/apache/ozone/ozone-recon/1.3.0-SNAPSHOT/ozone-recon-1.3.0-SNAPSHOT.jar:/home/runner/.m2/repository/org/apache/ozone/ozone-reconcodegen/1.3.0-SNAPSHOT/ozone-reconcodegen-1.3.0-SNAPSHOT.jar:/home/runner/.m2/repository/com/google/inject/extensions/guice-multibindings/4.0/guice-multibindings-4.0.jar:/home/runner/.m2/repository/com/google/inject/guice/4.0/guice-4.0.jar:/home/runner/.m2/repository/aopalliance/aopalliance/1.0/aopalliance-1.0.jar:/home/runner/.m2/repository/com/google/inject/extensions/guice-assistedinject/4.0/guice-assistedinject-4.0.jar:/home/runner/.m2/repository/com/google/inject/extensions/guice-servlet/4.0/guice-servlet-4.0.jar:/home/runner/.m2/repository/org/glassfish/jersey/containers/jersey-container-servlet/2.33/jersey-container-servlet-2.33.jar:/home/runner/.m2/repository/org/glassfish/hk2/guice-bridge/2.5.0/guice-bridge-2.5.0.jar:/home/runner/.m2/repository/org/glassfish/jersey/core/jersey-server/2.33/jersey-server-2.33.jar:/home/runner/.m2/repository/org/glassfish/jersey/core/jersey-client/2.33/jersey-client-2.33.jar:/home/runner/.m2/repository/jakarta/annotation/jakarta.annotation-api/1.3.5/jakarta.annotation-api-1.3.5.jar:/home/runner/.m2/repository/jakarta/validation/jakarta.validation-api/2.0.2/jakarta.validation-api-2.0.2.jar:/home/runner/.m2/repository/org/glassfish/jersey/media/jersey-media-json-jackson/2.33/jersey-media-json-jackson-2.33.jar:/home/runner/.m2/repository/org/glassfish/jersey/ext/jersey-entity-filtering/2.33/jersey-entity-filtering-2.33.jar:/home/runner/.m2/repository/org/jooq/jooq/3.11.10/jooq-3.11.10.jar:/home/runner/.m2/repository/org/jooq/jooq-meta/3.11.10/jooq-meta-3.11.10.jar:/home/runner/.m2/repository/org/jooq/jooq-codegen/3.11.10/jooq-codegen-3.11.10.jar:/home/runner/.m2/repository/com/jolbox/bonecp/0.8.0.RELEASE/bonecp-0.8.0.RELEASE.jar:/home/runner/.m2/repository/org/apache/derby/derby/10.14.2.0/derby-10.14.2.0.jar:/home/runner/.m2/repository/org/xerial/sqlite-jdbc/3.25.2/sqlite-jdbc-3.25.2.jar:/home/runner/.m2/repository/org/springframework/spring-jdbc/5.2.18.RELEASE/spring-jdbc-5.2.18.RELEASE.jar:/home/runner/.m2/repository/org/springframework/spring-beans/5.2.18.RELEASE/spring-beans-5.2.18.RELEASE.jar:/home/runner/.m2/repository/org/springframework/spring-core/5.2.18.RELEASE/spring-core-5.2.18.RELEASE.jar:/home/runner/.m2/repository/org/springframework/spring-jcl/5.2.18.RELEASE/spring-jcl-5.2.18.RELEASE.jar:/home/runner/.m2/repository/org/springframework/spring-tx/5.2.18.RELEASE/spring-tx-5.2.18.RELEASE.jar:/home/runner/.m2/repository/org/apache/ozone/ozone-client/1.3.0-SNAPSHOT/ozone-client-1.3.0-SNAPSHOT.jar:/home/runner/.m2/repository/org/apache/ozone/ozone-filesystem/1.3.0-SNAPSHOT/ozone-filesystem-1.3.0-SNAPSHOT.jar:/home/runner/.m2/repository/org/apache/ozone/ozone-filesystem-common/1.3.0-SNAPSHOT/ozone-filesystem-common-1.3.0-SNAPSHOT.jar:/home/runner/.m2/repository/org/apache/ozone/ozone-tools/1.3.0-SNAPSHOT/ozone-tools-1.3.0-SNAPSHOT.jar:/home/runner/.m2/repository/org/apache/ratis/ratis-tools/2.2.0/ratis-tools-2.2.0.jar:/home/runner/.m2/repository/com/amazonaws/aws-java-sdk-core/1.12.124/aws-java-sdk-core-1.12.124.jar:/home/runner/.m2/repository/org/apache/httpcomponents/httpclient/4.5.13/httpclient-4.5.13.jar:/home/runner/.m2/repository/org/apache/httpcomponents/httpcore/4.4.13/httpcore-4.4.13.jar:/home/runner/.m2/repository/software/amazon/ion/ion-java/1.0.2/ion-java-1.0.2.jar:/home/runner/.m2/repository/com/fasterxml/jackson/dataformat/jackson-dataformat-cbor/2.12.1/jackson-dataformat-cbor-2.12.1.jar:/home/runner/.m2/repository/joda-time/joda-time/2.8.1/joda-time-2.8.1.jar:/home/runner/.m2/repository/com/amazonaws/aws-java-sdk-s3/1.12.124/aws-java-sdk-s3-1.12.124.jar:/home/runner/.m2/repository/com/amazonaws/aws-java-sdk-kms/1.12.124/aws-java-sdk-kms-1.12.124.jar:/home/runner/.m2/repository/com/amazonaws/jmespath-java/1.12.124/jmespath-java-1.12.124.jar:/home/runner/.m2/repository/org/kohsuke/metainf-services/metainf-services/1.8/metainf-services-1.8.jar:/home/runner/.m2/repository/org/apache/ozone/hdds-tools/1.3.0-SNAPSHOT/hdds-tools-1.3.0-SNAPSHOT.jar:/home/runner/.m2/repository/commons-cli/commons-cli/1.2/commons-cli-1.2.jar:/home/runner/.m2/repository/org/apache/commons/commons-lang3/3.7/commons-lang3-3.7.jar:/home/runner/.m2/repository/org/apache/ozone/ozone-manager/1.3.0-SNAPSHOT/ozone-manager-1.3.0-SNAPSHOT-tests.jar:/home/runner/.m2/repository/org/apache/ozone/hdds-common/1.3.0-SNAPSHOT/hdds-common-1.3.0-SNAPSHOT-tests.jar:/home/runner/.m2/repository/org/apache/ozone/hdds-hadoop-dependency-client/1.3.0-SNAPSHOT/hdds-hadoop-dependency-client-1.3.0-SNAPSHOT.jar:/home/runner/.m2/repository/info/picocli/picocli/4.6.1/picocli-4.6.1.jar:/home/runner/.m2/repository/com/fasterxml/jackson/core/jackson-annotations/2.12.1/jackson-annotations-2.12.1.jar:/home/runner/.m2/repository/javax/annotation/javax.annotation-api/1.2/javax.annotation-api-1.2.jar:/home/runner/.m2/repository/org/apache/ratis/ratis-server/2.2.0/ratis-server-2.2.0.jar:/home/runner/.m2/repository/org/apache/ratis/ratis-client/2.2.0/ratis-client-2.2.0.jar:/home/runner/.m2/repository/org/apache/ratis/ratis-server-api/2.2.0/ratis-server-api-2.2.0.jar:/home/runner/.m2/repository/org/apache/ratis/ratis-metrics/2.2.0/ratis-metrics-2.2.0.jar:/home/runner/.m2/repository/org/apache/ratis/ratis-netty/2.2.0/ratis-netty-2.2.0.jar:/home/runner/.m2/repository/org/apache/ratis/ratis-grpc/2.2.0/ratis-grpc-2.2.0.jar:/home/runner/.m2/repository/org/apache/logging/log4j/log4j-api/2.17.1/log4j-api-2.17.1.jar:/home/runner/.m2/repository/org/apache/logging/log4j/log4j-core/2.17.1/log4j-core-2.17.1.jar:/home/runner/.m2/repository/com/lmax/disruptor/3.4.2/disruptor-3.4.2.jar:/home/runner/.m2/repository/org/apache/commons/commons-pool2/2.6.0/commons-pool2-2.6.0.jar:/home/runner/.m2/repository/org/bouncycastle/bcpkix-jdk15on/1.67/bcpkix-jdk15on-1.67.jar:/home/runner/.m2/repository/commons-validator/commons-validator/1.6/commons-validator-1.6.jar:/home/runner/.m2/repository/commons-beanutils/commons-beanutils/1.9.4/commons-beanutils-1.9.4.jar:/home/runner/.m2/repository/commons-digester/commons-digester/1.8.1/commons-digester-1.8.1.jar:/home/runner/.m2/repository/commons-collections/commons-collections/3.2.2/commons-collections-3.2.2.jar:/home/runner/.m2/repository/io/jaegertracing/jaeger-client/1.6.0/jaeger-client-1.6.0.jar:/home/runner/.m2/repository/io/jaegertracing/jaeger-thrift/1.6.0/jaeger-thrift-1.6.0.jar:/home/runner/.m2/repository/org/apache/thrift/libthrift/0.14.1/libthrift-0.14.1.jar:/home/runner/.m2/repository/com/squareup/okhttp3/okhttp/4.9.0/okhttp-4.9.0.jar:/home/runner/.m2/repository/com/squareup/okio/okio/2.8.0/okio-2.8.0.jar:/home/runner/.m2/repository/io/jaegertracing/jaeger-core/1.6.0/jaeger-core-1.6.0.jar:/home/runner/.m2/repository/io/jaegertracing/jaeger-tracerresolver/1.6.0/jaeger-tracerresolver-1.6.0.jar:/home/runner/.m2/repository/io/opentracing/contrib/opentracing-tracerresolver/0.1.8/opentracing-tracerresolver-0.1.8.jar:/home/runner/.m2/repository/org/jetbrains/kotlin/kotlin-stdlib/1.4.31/kotlin-stdlib-1.4.31.jar:/home/runner/.m2/repository/org/jetbrains/kotlin/kotlin-stdlib-common/1.4.31/kotlin-stdlib-common-1.4.31.jar:/home/runner/.m2/repository/org/jetbrains/annotations/13.0/annotations-13.0.jar:/home/runner/.m2/repository/io/opentracing/opentracing-util/0.33.0/opentracing-util-0.33.0.jar:/home/runner/.m2/repository/io/opentracing/opentracing-api/0.33.0/opentracing-api-0.33.0.jar:/home/runner/.m2/repository/io/opentracing/opentracing-noop/0.33.0/opentracing-noop-0.33.0.jar:/home/runner/.m2/repository/org/yaml/snakeyaml/1.26/snakeyaml-1.26.jar:/home/runner/.m2/repository/org/apache/ozone/hdds-interface-admin/1.3.0-SNAPSHOT/hdds-interface-admin-1.3.0-SNAPSHOT.jar:/home/runner/.m2/repository/junit/junit/4.13.1/junit-4.13.1.jar:/home/runner/.m2/repository/org/hamcrest/hamcrest-core/1.3/hamcrest-core-1.3.jar:/home/runner/.m2/repository/org/junit/jupiter/junit-jupiter-api/5.7.0/junit-jupiter-api-5.7.0.jar:/home/runner/.m2/repository/org/apiguardian/apiguardian-api/1.1.0/apiguardian-api-1.1.0.jar:/home/runner/.m2/repository/org/opentest4j/opentest4j/1.2.0/opentest4j-1.2.0.jar:/home/runner/.m2/repository/org/junit/platform/junit-platform-commons/1.7.0/junit-platform-commons-1.7.0.jar:/home/runner/.m2/repository/org/junit/jupiter/junit-jupiter-engine/5.7.0/junit-jupiter-engine-5.7.0.jar:/home/runner/.m2/repository/org/junit/platform/junit-platform-engine/1.7.0/junit-platform-engine-1.7.0.jar:/home/runner/.m2/repository/org/junit/vintage/junit-vintage-engine/5.7.0/junit-vintage-engine-5.7.0.jar:/home/runner/.m2/repository/org/junit/platform/junit-platform-launcher/1.7.0/junit-platform-launcher-1.7.0.jar:/home/runner/.m2/repository/org/openjdk/jmh/jmh-core/1.19/jmh-core-1.19.jar:/home/runner/.m2/repository/net/sf/jopt-simple/jopt-simple/4.6/jopt-simple-4.6.jar:/home/runner/.m2/repository/org/apache/commons/commons-math3/3.1.1/commons-math3-3.1.1.jar:/home/runner/.m2/repository/org/openjdk/jmh/jmh-generator-annprocess/1.19/jmh-generator-annprocess-1.19.jar:/home/runner/.m2/repository/org/mockito/mockito-core/2.28.2/mockito-core-2.28.2.jar:/home/runner/.m2/repository/net/bytebuddy/byte-buddy/1.9.10/byte-buddy-1.9.10.jar:/home/runner/.m2/repository/net/bytebuddy/byte-buddy-agent/1.9.10/byte-buddy-agent-1.9.10.jar:/home/runner/.m2/repository/org/objenesis/objenesis/1.0/objenesis-1.0.jar:/home/runner/.m2/repository/org/apache/hadoop/hadoop-kms/3.3.1/hadoop-kms-3.3.1.jar:/home/runner/.m2/repository/org/apache/hadoop/hadoop-auth/3.3.1/hadoop-auth-3.3.1.jar:/home/runner/.m2/repository/com/nimbusds/nimbus-jose-jwt/7.9/nimbus-jose-jwt-7.9.jar:/home/runner/.m2/repository/com/github/stephenc/jcip/jcip-annotations/1.0-1/jcip-annotations-1.0-1.jar:/home/runner/.m2/repository/net/minidev/json-smart/2.3.1/json-smart-2.3.1.jar:/home/runner/.m2/repository/net/minidev/accessors-smart/2.3.1/accessors-smart-2.3.1.jar:/home/runner/.m2/repository/org/ow2/asm/asm/5.0.4/asm-5.0.4.jar:/home/runner/.m2/repository/org/apache/zookeeper/zookeeper/3.5.6/zookeeper-3.5.6.jar:/home/runner/.m2/repository/org/apache/zookeeper/zookeeper-jute/3.5.6/zookeeper-jute-3.5.6.jar:/home/runner/.m2/repository/org/apache/yetus/audience-annotations/0.5.0/audience-annotations-0.5.0.jar:/home/runner/.m2/repository/org/apache/curator/curator-framework/4.2.0/curator-framework-4.2.0.jar:/home/runner/.m2/repository/org/apache/hadoop/thirdparty/hadoop-shaded-guava/1.1.1/hadoop-shaded-guava-1.1.1.jar:/home/runner/.m2/repository/com/sun/jersey/jersey-core/1.19/jersey-core-1.19.jar:/home/runner/.m2/repository/javax/ws/rs/jsr311-api/1.1.1/jsr311-api-1.1.1.jar:/home/runner/.m2/repository/com/sun/jersey/jersey-server/1.19/jersey-server-1.19.jar:/home/runner/.m2/repository/javax/servlet/javax.servlet-api/3.1.0/javax.servlet-api-3.1.0.jar:/home/runner/.m2/repository/org/eclipse/jetty/jetty-server/9.4.43.v20210629/jetty-server-9.4.43.v20210629.jar:/home/runner/.m2/repository/org/eclipse/jetty/jetty-http/9.4.43.v20210629/jetty-http-9.4.43.v20210629.jar:/home/runner/.m2/repository/org/eclipse/jetty/jetty-io/9.4.43.v20210629/jetty-io-9.4.43.v20210629.jar:/home/runner/.m2/repository/org/eclipse/jetty/jetty-webapp/9.4.43.v20210629/jetty-webapp-9.4.43.v20210629.jar:/home/runner/.m2/repository/org/eclipse/jetty/jetty-xml/9.4.43.v20210629/jetty-xml-9.4.43.v20210629.jar:/home/runner/.m2/repository/org/apache/hadoop/hadoop-common/3.3.1/hadoop-common-3.3.1.jar:/home/runner/.m2/repository/commons-net/commons-net/3.6/commons-net-3.6.jar:/home/runner/.m2/repository/jakarta/activation/jakarta.activation-api/1.2.1/jakarta.activation-api-1.2.1.jar:/home/runner/.m2/repository/com/sun/jersey/jersey-servlet/1.19/jersey-servlet-1.19.jar:/home/runner/.m2/repository/com/sun/jersey/jersey-json/1.19/jersey-json-1.19.jar:/home/runner/.m2/repository/org/codehaus/jettison/jettison/1.1/jettison-1.1.jar:/home/runner/.m2/repository/com/sun/xml/bind/jaxb-impl/2.2.3-1/jaxb-impl-2.2.3-1.jar:/home/runner/.m2/repository/org/codehaus/jackson/jackson-jaxrs/1.9.2/jackson-jaxrs-1.9.2.jar:/home/runner/.m2/repository/org/codehaus/jackson/jackson-xc/1.9.2/jackson-xc-1.9.2.jar:/home/runner/.m2/repository/org/apache/commons/commons-configuration2/2.1.1/commons-configuration2-2.1.1.jar:/home/runner/.m2/repository/org/apache/commons/commons-text/1.4/commons-text-1.4.jar:/home/runner/.m2/repository/com/google/re2j/re2j/1.1/re2j-1.1.jar:/home/runner/.m2/repository/com/jcraft/jsch/0.1.54/jsch-0.1.54.jar:/home/runner/.m2/repository/org/apache/curator/curator-client/4.2.0/curator-client-4.2.0.jar:/home/runner/.m2/repository/org/apache/curator/curator-recipes/4.2.0/curator-recipes-4.2.0.jar:/home/runner/.m2/repository/org/apache/kerby/kerb-core/1.0.1/kerb-core-1.0.1.jar:/home/runner/.m2/repository/org/apache/kerby/kerby-pkix/1.0.1/kerby-pkix-1.0.1.jar:/home/runner/.m2/repository/org/apache/kerby/kerby-asn1/1.0.1/kerby-asn1-1.0.1.jar:/home/runner/.m2/repository/org/apache/kerby/kerby-util/1.0.1/kerby-util-1.0.1.jar:/home/runner/.m2/repository/dnsjava/dnsjava/2.1.7/dnsjava-2.1.7.jar:/home/runner/.m2/repository/org/xerial/snappy/snappy-java/1.1.8.2/snappy-java-1.1.8.2.jar:/home/runner/.m2/repository/org/slf4j/jul-to-slf4j/1.7.30/jul-to-slf4j-1.7.30.jar:/home/runner/.m2/repository/org/eclipse/jetty/jetty-util/9.4.43.v20210629/jetty-util-9.4.43.v20210629.jar:/home/runner/.m2/repository/com/fasterxml/jackson/core/jackson-databind/2.12.1/jackson-databind-2.12.1.jar:/home/runner/.m2/repository/org/apache/hadoop/hadoop-kms/3.3.1/hadoop-kms-3.3.1-tests.jar:/home/runner/.m2/repository/org/apache/ozone/hdds-server-scm/1.3.0-SNAPSHOT/hdds-server-scm-1.3.0-SNAPSHOT-tests.jar:/home/runner/.m2/repository/org/apache/ozone/hdds-container-service/1.3.0-SNAPSHOT/hdds-container-service-1.3.0-SNAPSHOT-tests.jar:/home/runner/.m2/repository/commons-codec/commons-codec/1.11/commons-codec-1.11.jar:/home/runner/.m2/repository/io/netty/netty-transport/4.1.63.Final/netty-transport-4.1.63.Final.jar:/home/runner/.m2/repository/io/netty/netty-resolver/4.1.63.Final/netty-resolver-4.1.63.Final.jar:/home/runner/.m2/repository/io/netty/netty-codec/4.1.63.Final/netty-codec-4.1.63.Final.jar:/home/runner/.m2/repository/io/netty/netty-handler/4.1.63.Final/netty-handler-4.1.63.Final.jar:/home/runner/.m2/repository/org/apache/ozone/hdds-hadoop-dependency-test/1.3.0-SNAPSHOT/hdds-hadoop-dependency-test-1.3.0-SNAPSHOT.jar:/home/runner/.m2/repository/org/apache/hadoop/hadoop-common/3.3.1/hadoop-common-3.3.1-tests.jar:/home/runner/.m2/repository/org/assertj/assertj-core/3.12.2/assertj-core-3.12.2.jar:/home/runner/.m2/repository/org/apache/hadoop/hadoop-hdfs/3.3.1/hadoop-hdfs-3.3.1-tests.jar:/home/runner/.m2/repository/org/eclipse/jetty/jetty-util-ajax/9.4.43.v20210629/jetty-util-ajax-9.4.43.v20210629.jar:/home/runner/.m2/repository/commons-daemon/commons-daemon/1.0.13/commons-daemon-1.0.13.jar:/home/runner/.m2/repository/io/netty/netty/3.10.6.Final/netty-3.10.6.Final.jar:/home/runner/.m2/repository/io/netty/netty-all/4.1.63.Final/netty-all-4.1.63.Final.jar:/home/runner/.m2/repository/org/apache/htrace/htrace-core4/4.1.0-incubating/htrace-core4-4.1.0-incubating.jar:/home/runner/.m2/repository/org/fusesource/leveldbjni/leveldbjni-all/1.8/leveldbjni-all-1.8.jar:/home/runner/.m2/repository/org/apache/hadoop/hadoop-distcp/3.3.1/hadoop-distcp-3.3.1.jar:/home/runner/.m2/repository/org/apache/hadoop/hadoop-mapreduce-client-jobclient/3.3.1/hadoop-mapreduce-client-jobclient-3.3.1.jar:/home/runner/.m2/repository/org/apache/hadoop/hadoop-mapreduce-client-common/3.3.1/hadoop-mapreduce-client-common-3.3.1.jar:/home/runner/.m2/repository/org/apache/hadoop/hadoop-yarn-common/3.3.1/hadoop-yarn-common-3.3.1.jar:/home/runner/.m2/repository/org/apache/hadoop/hadoop-yarn-api/3.3.1/hadoop-yarn-api-3.3.1.jar:/home/runner/.m2/repository/com/sun/jersey/jersey-client/1.19/jersey-client-1.19.jar:/home/runner/.m2/repository/com/sun/jersey/contribs/jersey-guice/1.19/jersey-guice-1.19.jar:/home/runner/.m2/repository/com/fasterxml/jackson/jaxrs/jackson-jaxrs-json-provider/2.12.1/jackson-jaxrs-json-provider-2.12.1.jar:/home/runner/.m2/repository/com/fasterxml/jackson/jaxrs/jackson-jaxrs-base/2.12.1/jackson-jaxrs-base-2.12.1.jar:/home/runner/.m2/repository/org/apache/hadoop/hadoop-yarn-client/3.3.1/hadoop-yarn-client-3.3.1.jar:/home/runner/.m2/repository/org/eclipse/jetty/websocket/websocket-client/9.4.40.v20210413/websocket-client-9.4.40.v20210413.jar:/home/runner/.m2/repository/org/eclipse/jetty/jetty-client/9.4.40.v20210413/jetty-client-9.4.40.v20210413.jar:/home/runner/.m2/repository/org/eclipse/jetty/websocket/websocket-common/9.4.40.v20210413/websocket-common-9.4.40.v20210413.jar:/home/runner/.m2/repository/org/eclipse/jetty/websocket/websocket-api/9.4.40.v20210413/websocket-api-9.4.40.v20210413.jar:/home/runner/.m2/repository/org/jline/jline/3.9.0/jline-3.9.0.jar:/home/runner/.m2/repository/org/apache/hadoop/hadoop-mapreduce-client-core/3.3.1/hadoop-mapreduce-client-core-3.3.1.jar:/home/runner/.m2/repository/org/apache/avro/avro/1.7.7/avro-1.7.7.jar:/home/runner/.m2/repository/org/codehaus/jackson/jackson-core-asl/1.9.13/jackson-core-asl-1.9.13.jar:/home/runner/.m2/repository/org/codehaus/jackson/jackson-mapper-asl/1.9.13/jackson-mapper-asl-1.9.13.jar:/home/runner/.m2/repository/com/thoughtworks/paranamer/paranamer/2.3/paranamer-2.3.jar:/home/runner/.m2/repository/org/apache/hadoop/hadoop-annotations/3.3.1/hadoop-annotations-3.3.1.jar:/usr/lib/jvm/adoptopenjdk-8-hotspot-amd64/jre/../lib/tools.jar:/home/runner/.m2/repository/org/apache/hadoop/hadoop-distcp/3.3.1/hadoop-distcp-3.3.1-tests.jar:/home/runner/.m2/repository/org/apache/ratis/ratis-common/2.2.0/ratis-common-2.2.0.jar:/home/runner/.m2/repository/org/apache/ratis/ratis-thirdparty-misc/0.7.0/ratis-thirdparty-misc-0.7.0.jar:/home/runner/.m2/repository/org/apache/ratis/ratis-proto/2.2.0/ratis-proto-2.2.0.jar:"/>
    <property name="sun.cpu.endian" value="little"/>
    <property name="user.home" value="/home/runner"/>
    <property name="user.language" value="en"/>
    <property name="java.specification.vendor" value="Oracle Corporation"/>
    <property name="java.home" value="/usr/lib/jvm/adoptopenjdk-8-hotspot-amd64/jre"/>
    <property name="java.security.krb5.conf" value="/home/runner/work/ozone/ozone/hadoop-ozone/integration-test/target/test-classes/krb5.conf"/>
    <property name="basedir" value="/home/runner/work/ozone/ozone/hadoop-ozone/integration-test"/>
    <property name="file.separator" value="/"/>
    <property name="line.separator" value="&#10;"/>
    <property name="java.vm.specification.vendor" value="Oracle Corporation"/>
    <property name="java.specification.name" value="Java Platform API Specification"/>
    <property name="java.awt.graphicsenv" value="sun.awt.X11GraphicsEnvironment"/>
    <property name="skip.installnpx" value="true"/>
    <property name="surefire.real.class.path" value="/home/runner/work/ozone/ozone/hadoop-ozone/integration-test/target/surefire/surefirebooter4636408379283025336.jar:/home/runner/.m2/repository/org/jacoco/org.jacoco.agent/0.8.5/org.jacoco.agent-0.8.5-runtime.jar"/>
    <property name="hadoop.log.dir" value="/home/runner/work/ozone/ozone/hadoop-ozone/integration-test/target/log"/>
    <property name="sun.boot.class.path" value="/usr/lib/jvm/adoptopenjdk-8-hotspot-amd64/jre/lib/resources.jar:/usr/lib/jvm/adoptopenjdk-8-hotspot-amd64/jre/lib/rt.jar:/usr/lib/jvm/adoptopenjdk-8-hotspot-amd64/jre/lib/sunrsasign.jar:/usr/lib/jvm/adoptopenjdk-8-hotspot-amd64/jre/lib/jsse.jar:/usr/lib/jvm/adoptopenjdk-8-hotspot-amd64/jre/lib/jce.jar:/usr/lib/jvm/adoptopenjdk-8-hotspot-amd64/jre/lib/charsets.jar:/usr/lib/jvm/adoptopenjdk-8-hotspot-amd64/jre/lib/jfr.jar:/usr/lib/jvm/adoptopenjdk-8-hotspot-amd64/jre/classes"/>
    <property name="sun.management.compiler" value="HotSpot 64-Bit Tiered Compilers"/>
    <property name="skip.npx" value="true"/>
    <property name="java.runtime.version" value="1.8.0_292-b10"/>
    <property name="java.net.preferIPv4Stack" value="true"/>
    <property name="user.name" value="runner"/>
    <property name="path.separator" value=":"/>
    <property name="java.security.egd" value="file:///dev/urandom"/>
    <property name="os.version" value="5.4.0-1064-azure"/>
    <property name="java.endorsed.dirs" value="/usr/lib/jvm/adoptopenjdk-8-hotspot-amd64/jre/lib/endorsed"/>
    <property name="java.runtime.name" value="OpenJDK Runtime Environment"/>
    <property name="file.encoding" value="UTF-8"/>
    <property name="java.vm.name" value="OpenJDK 64-Bit Server VM"/>
    <property name="test.build.webapps" value=""/>
    <property name="localRepository" value="/home/runner/.m2/repository"/>
    <property name="java.vendor.url.bug" value="https://github.com/AdoptOpenJDK/openjdk-support/issues"/>
    <property name="java.io.tmpdir" value="/tmp"/>
    <property name="require.test.libhadoop" value=""/>
    <property name="java.version" value="1.8.0_292"/>
    <property name="user.dir" value="/home/runner/work/ozone/ozone/hadoop-ozone/integration-test"/>
    <property name="os.arch" value="amd64"/>
    <property name="java.vm.specification.name" value="Java Virtual Machine Specification"/>
    <property name="test.build.classes" value="/home/runner/work/ozone/ozone/hadoop-ozone/integration-test/target/test-classes"/>
    <property name="java.awt.printerjob" value="sun.print.PSPrinterJob"/>
    <property name="sun.os.patch.level" value="unknown"/>
    <property name="hadoop.tmp.dir" value="/home/runner/work/ozone/ozone/hadoop-ozone/integration-test/target/tmp"/>
    <property name="java.library.path" value="/usr/java/packages/lib/amd64:/usr/lib64:/lib64:/lib:/usr/lib"/>
    <property name="java.vm.info" value="mixed mode"/>
    <property name="java.vendor" value="AdoptOpenJDK"/>
    <property name="java.vm.version" value="25.292-b10"/>
    <property name="java.ext.dirs" value="/usr/lib/jvm/adoptopenjdk-8-hotspot-amd64/jre/lib/ext:/usr/java/packages/lib/ext"/>
    <property name="sun.io.unicode.encoding" value="UnicodeLittle"/>
    <property name="java.class.version" value="52.0"/>
  </properties>
  <testcase name="test2DatanodesFailure" classname="org.apache.hadoop.ozone.client.rpc.TestBlockOutputStreamWithFailuresFlushDelay" time="84.278"/>
  <testcase name="testDatanodeFailureWithPreAllocation" classname="org.apache.hadoop.ozone.client.rpc.TestBlockOutputStreamWithFailuresFlushDelay" time="300.137">
    <error message="test timed out after 300 seconds" type="org.junit.runners.model.TestTimedOutException">org.junit.runners.model.TestTimedOutException: test timed out after 300 seconds
	at java.lang.Object.wait(Native Method)
	at java.util.concurrent.ForkJoinTask.externalAwaitDone(ForkJoinTask.java:334)
	at java.util.concurrent.ForkJoinTask.doInvoke(ForkJoinTask.java:405)
	at java.util.concurrent.ForkJoinTask.invoke(ForkJoinTask.java:734)
	at java.util.stream.ForEachOps$ForEachOp.evaluateParallel(ForEachOps.java:159)
	at java.util.stream.ForEachOps$ForEachOp$OfRef.evaluateParallel(ForEachOps.java:173)
	at java.util.stream.AbstractPipeline.evaluate(AbstractPipeline.java:233)
	at java.util.stream.ReferencePipeline.forEach(ReferencePipeline.java:485)
	at java.util.stream.ReferencePipeline$Head.forEach(ReferencePipeline.java:650)
	at org.apache.hadoop.ozone.MiniOzoneClusterImpl.stopDatanodes(MiniOzoneClusterImpl.java:529)
	at org.apache.hadoop.ozone.MiniOzoneClusterImpl.stop(MiniOzoneClusterImpl.java:470)
	at org.apache.hadoop.ozone.MiniOzoneClusterImpl.shutdown(MiniOzoneClusterImpl.java:457)
	at org.apache.hadoop.ozone.client.rpc.TestBlockOutputStreamWithFailuresFlushDelay.shutdown(TestBlockOutputStreamWithFailuresFlushDelay.java:160)
	at sun.reflect.NativeMethodAccessorImpl.invoke0(Native Method)
	at sun.reflect.NativeMethodAccessorImpl.invoke(NativeMethodAccessorImpl.java:62)
	at sun.reflect.DelegatingMethodAccessorImpl.invoke(DelegatingMethodAccessorImpl.java:43)
	at java.lang.reflect.Method.invoke(Method.java:498)
	at org.junit.runners.model.FrameworkMethod$1.runReflectiveCall(FrameworkMethod.java:59)
	at org.junit.internal.runners.model.ReflectiveCallable.run(ReflectiveCallable.java:12)
	at org.junit.runners.model.FrameworkMethod.invokeExplosively(FrameworkMethod.java:56)
	at org.junit.internal.runners.statements.RunAfters.invokeMethod(RunAfters.java:46)
	at org.junit.internal.runners.statements.RunAfters.evaluate(RunAfters.java:33)
	at org.junit.internal.runners.statements.FailOnTimeout$CallableStatement.call(FailOnTimeout.java:288)
	at org.junit.internal.runners.statements.FailOnTimeout$CallableStatement.call(FailOnTimeout.java:282)
	at java.util.concurrent.FutureTask.run(FutureTask.java:266)
	at java.lang.Thread.run(Thread.java:748)
</error>
    <system-out><![CDATA[2022-01-11 23:53:49,893 [Time-limited test] WARN  server.ServerUtils (ServerUtils.java:getScmDbDir(148)) - ozone.scm.db.dirs is not configured. We recommend adding this setting. Falling back to ozone.metadata.dirs instead.
2022-01-11 23:53:49,904 [Time-limited test] INFO  ha.SCMHANodeDetails (SCMHANodeDetails.java:loadSCMHAConfig(157)) - ServiceID for StorageContainerManager is null
2022-01-11 23:53:49,905 [Time-limited test] INFO  ha.SCMHANodeDetails (SCMHANodeDetails.java:loadSCMHAConfig(162)) - ozone.scm.default.service.id is not defined, falling back to ozone.scm.service.ids to find serviceID for StorageContainerManager if it is HA enabled cluster
2022-01-11 23:53:49,905 [Time-limited test] WARN  server.ServerUtils (ServerUtils.java:getScmDbDir(148)) - ozone.scm.db.dirs is not configured. We recommend adding this setting. Falling back to ozone.metadata.dirs instead.
2022-01-11 23:53:49,906 [Time-limited test] INFO  upgrade.AbstractLayoutVersionManager (AbstractLayoutVersionManager.java:init(79)) - Initializing Layout version manager with metadata layout = SCM_HA (version = 2), software layout = SCM_HA (version = 2)
2022-01-11 23:53:50,040 [Time-limited test] INFO  reflections.Reflections (Reflections.java:scan(232)) - Reflections took 133 ms to scan 7 urls, producing 119 keys and 279 values 
2022-01-11 23:53:50,069 [Time-limited test] WARN  utils.HAUtils (HAUtils.java:getMetaDir(342)) - ozone.scm.db.dirs is not configured. We recommend adding this setting. Falling back to ozone.metadata.dirs instead.
2022-01-11 23:53:50,074 [Time-limited test] WARN  db.DBStoreBuilder (DBStoreBuilder.java:applyDBDefinition(145)) - ozone.scm.db.dirs is not configured. We recommend adding this setting. Falling back to ozone.metadata.dirs instead.
2022-01-11 23:53:50,319 [Time-limited test] INFO  net.NodeSchemaLoader (NodeSchemaLoader.java:loadSchemaFromFile(129)) - Loading schema from [jar:file:/home/runner/.m2/repository/org/apache/ozone/hdds-common/1.3.0-SNAPSHOT/hdds-common-1.3.0-SNAPSHOT.jar!/network-topology-default.xml]
2022-01-11 23:53:50,319 [Time-limited test] INFO  net.NodeSchemaLoader (NodeSchemaLoader.java:loadSchema(176)) - Loading network topology layer schema file
2022-01-11 23:53:50,323 [Time-limited test] WARN  impl.MetricRegistriesImpl (MetricRegistriesImpl.java:addReporterRegistration(111)) - New reporters are added after registries were created. Some metrics will be missing from the reporter. Please add reporter before adding any new registry.
2022-01-11 23:53:50,323 [Time-limited test] WARN  impl.MetricRegistriesImpl (MetricRegistriesImpl.java:addReporterRegistration(111)) - New reporters are added after registries were created. Some metrics will be missing from the reporter. Please add reporter before adding any new registry.
2022-01-11 23:53:50,323 [Time-limited test] INFO  ha.SequenceIdGenerator (SequenceIdGenerator.java:upgradeToSequenceId(347)) - upgrade localId to 109611004723200000
2022-01-11 23:53:50,324 [Time-limited test] INFO  ha.SequenceIdGenerator (SequenceIdGenerator.java:upgradeToSequenceId(357)) - upgrade delTxnId to 0
2022-01-11 23:53:50,324 [Time-limited test] INFO  ha.SequenceIdGenerator (SequenceIdGenerator.java:upgradeToSequenceId(371)) - upgrade containerId to 0
2022-01-11 23:53:50,324 [Time-limited test] INFO  ha.SequenceIdGenerator (SequenceIdGenerator.java:<init>(218)) - Init the HA SequenceIdGenerator.
2022-01-11 23:53:50,324 [Time-limited test] WARN  server.ServerUtils (ServerUtils.java:sanitizeUserArgs(67)) - ozone.scm.dead.node.interval value = 10000 is smaller than min = 20000 based on the key value of ozone.scm.stale.node.interval, reset to the min value 20000.
2022-01-11 23:53:50,333 [Time-limited test] INFO  node.SCMNodeManager (SCMNodeManager.java:<init>(144)) - Entering startup safe mode.
2022-01-11 23:53:50,334 [Time-limited test] INFO  algorithms.ContainerPlacementPolicyFactory (ContainerPlacementPolicyFactory.java:getPolicy(60)) - Create container placement policy of type org.apache.hadoop.hdds.scm.container.placement.algorithms.SCMContainerPlacementRandom
2022-01-11 23:53:50,334 [Time-limited test] INFO  pipeline.PipelineStateManagerImpl (PipelineStateManagerImpl.java:initialize(78)) - No pipeline exists in current db
2022-01-11 23:53:50,334 [Time-limited test] INFO  algorithms.LeaderChoosePolicyFactory (LeaderChoosePolicyFactory.java:getPolicy(57)) - Create leader choose policy of type org.apache.hadoop.hdds.scm.pipeline.leader.choose.algorithms.MinLeaderCountChoosePolicy
2022-01-11 23:53:50,334 [Time-limited test] INFO  ha.SCMServiceManager (SCMServiceManager.java:register(43)) - Registering service BackgroundPipelineCreator.
2022-01-11 23:53:50,334 [Time-limited test] INFO  pipeline.BackgroundPipelineCreator (BackgroundPipelineCreator.java:start(130)) - Starting RatisPipelineUtilsThread.
2022-01-11 23:53:50,337 [Time-limited test] INFO  algorithms.PipelineChoosePolicyFactory (PipelineChoosePolicyFactory.java:createPipelineChoosePolicyFromClass(73)) - Create pipeline choose policy of type org.apache.hadoop.hdds.scm.pipeline.choose.algorithms.RandomPipelineChoosePolicy
2022-01-11 23:53:50,338 [Time-limited test] INFO  ha.SCMServiceManager (SCMServiceManager.java:register(43)) - Registering service SCMBlockDeletingService.
2022-01-11 23:53:50,338 [Time-limited test] INFO  ha.SCMServiceManager (SCMServiceManager.java:register(43)) - Registering service ReplicationManager.
2022-01-11 23:53:50,338 [Time-limited test] INFO  container.ReplicationManager (ReplicationManager.java:start(326)) - Starting Replication Monitor Thread.
2022-01-11 23:53:50,342 [Time-limited test] INFO  safemode.ContainerSafeModeRule (ContainerSafeModeRule.java:<init>(89)) - containers with one replica threshold count 0
2022-01-11 23:53:50,344 [Time-limited test] INFO  safemode.HealthyPipelineSafeModeRule (HealthyPipelineSafeModeRule.java:initializeRule(156)) - Total pipeline count is 0, healthy pipeline threshold count is 1
2022-01-11 23:53:50,344 [Time-limited test] INFO  safemode.OneReplicaPipelineSafeModeRule (OneReplicaPipelineSafeModeRule.java:initializeRule(180)) - Total pipeline count is 0, pipeline's with at least one datanode reported threshold count is 0
2022-01-11 23:53:50,355 [ReplicationMonitor] INFO  container.ReplicationManager (ReplicationManager.java:processAll(382)) - Replication Monitor Thread took 4 milliseconds for processing 0 containers.
2022-01-11 23:53:50,356 [Time-limited test] INFO  ipc.CallQueueManager (CallQueueManager.java:<init>(90)) - Using callQueue: class java.util.concurrent.LinkedBlockingQueue, queueCapacity: 2000, scheduler: class org.apache.hadoop.ipc.DefaultRpcScheduler, ipcBackoff: false.
2022-01-11 23:53:50,358 [Socket Reader #1 for port 0] INFO  ipc.Server (Server.java:run(1265)) - Starting Socket Reader #1 for port 0
2022-01-11 23:53:50,360 [Listener at 0.0.0.0/39943] INFO  ipc.CallQueueManager (CallQueueManager.java:<init>(90)) - Using callQueue: class java.util.concurrent.LinkedBlockingQueue, queueCapacity: 2000, scheduler: class org.apache.hadoop.ipc.DefaultRpcScheduler, ipcBackoff: false.
2022-01-11 23:53:50,361 [Socket Reader #1 for port 0] INFO  ipc.Server (Server.java:run(1265)) - Starting Socket Reader #1 for port 0
2022-01-11 23:53:50,362 [Listener at 0.0.0.0/33195] INFO  ipc.CallQueueManager (CallQueueManager.java:<init>(90)) - Using callQueue: class java.util.concurrent.LinkedBlockingQueue, queueCapacity: 2000, scheduler: class org.apache.hadoop.ipc.DefaultRpcScheduler, ipcBackoff: false.
2022-01-11 23:53:50,362 [Socket Reader #1 for port 0] INFO  ipc.Server (Server.java:run(1265)) - Starting Socket Reader #1 for port 0
2022-01-11 23:53:50,467 [Listener at 0.0.0.0/36089] INFO  algorithms.ContainerPlacementPolicyFactory (ContainerPlacementPolicyFactory.java:getPolicy(60)) - Create container placement policy of type org.apache.hadoop.hdds.scm.container.placement.algorithms.SCMContainerPlacementRandom
2022-01-11 23:53:50,471 [Listener at 0.0.0.0/36089] INFO  server.StorageContainerManager (StorageContainerManager.java:<init>(388)) - 
Container Balancer status:
Key                            Value
Running                        false
Container Balancer Configuration values:
Key                                                Value
Threshold                                          0.1
Max Datanodes to Involve per Iteration(ratio)      0.2
Max Size to Move per Iteration                     30GB
Max Size Entering Target per Iteration             26GB
Max Size Leaving Source per Iteration              26GB

2022-01-11 23:53:50,473 [Listener at 0.0.0.0/36089] WARN  events.EventQueue (EventQueue.java:fireEvent(194)) - No event handler registered for event TypedEvent{payloadType=SafeModeStatus, name='Safe mode status'}
2022-01-11 23:53:50,473 [Listener at 0.0.0.0/36089] INFO  ha.SCMContext (SCMContext.java:updateSafeModeStatus(211)) - Update SafeModeStatus from SafeModeStatus{safeModeStatus=true, preCheckPassed=false} to SafeModeStatus{safeModeStatus=true, preCheckPassed=false}.
2022-01-11 23:53:50,473 [Listener at 0.0.0.0/36089] INFO  server.StorageContainerManager (StorageContainerManager.java:start(1303)) - StorageContainerLocationProtocol RPC server is listening at /0.0.0.0:36089
2022-01-11 23:53:50,478 [Listener at 0.0.0.0/36089] WARN  impl.MetricsConfig (MetricsConfig.java:loadFirst(136)) - Cannot locate configuration: tried hadoop-metrics2-storagecontainermanager.properties,hadoop-metrics2.properties
2022-01-11 23:53:50,501 [Listener at 0.0.0.0/36089] INFO  impl.MetricsSystemImpl (MetricsSystemImpl.java:startTimer(378)) - Scheduled Metric snapshot period at 10 second(s).
2022-01-11 23:53:50,502 [Listener at 0.0.0.0/36089] INFO  impl.MetricsSystemImpl (MetricsSystemImpl.java:start(191)) - StorageContainerManager metrics system started
2022-01-11 23:53:50,545 [Listener at 0.0.0.0/36089] INFO  impl.MetricsSinkAdapter (MetricsSinkAdapter.java:start(204)) - Sink prometheus started
2022-01-11 23:53:50,560 [Listener at 0.0.0.0/36089] INFO  impl.MetricsSystemImpl (MetricsSystemImpl.java:registerSink(305)) - Registered sink prometheus
2022-01-11 23:53:50,611 [Listener at 0.0.0.0/36089] INFO  server.SCMClientProtocolServer (SCMClientProtocolServer.java:start(164)) - RPC server for Client  is listening at /0.0.0.0:36089
2022-01-11 23:53:50,611 [IPC Server Responder] INFO  ipc.Server (Server.java:run(1507)) - IPC Server Responder: starting
2022-01-11 23:53:50,611 [IPC Server listener on 0] INFO  ipc.Server (Server.java:run(1344)) - IPC Server listener on 0: starting
2022-01-11 23:53:50,636 [Listener at 0.0.0.0/36089] INFO  server.StorageContainerManager (StorageContainerManager.java:start(1318)) - ScmBlockLocationProtocol RPC server is listening at /0.0.0.0:33195
2022-01-11 23:53:50,636 [Listener at 0.0.0.0/36089] INFO  server.SCMBlockProtocolServer (SCMBlockProtocolServer.java:start(151)) - RPC server for Block Protocol is listening at /0.0.0.0:33195
2022-01-11 23:53:50,637 [IPC Server Responder] INFO  ipc.Server (Server.java:run(1507)) - IPC Server Responder: starting
2022-01-11 23:53:50,649 [IPC Server listener on 0] INFO  ipc.Server (Server.java:run(1344)) - IPC Server listener on 0: starting
2022-01-11 23:53:50,677 [Listener at 0.0.0.0/36089] INFO  server.SCMDatanodeProtocolServer (SCMDatanodeProtocolServer.java:start(181)) - ScmDatanodeProtocol RPC server for DataNodes is listening at /0.0.0.0:39943
2022-01-11 23:53:50,681 [IPC Server Responder] INFO  ipc.Server (Server.java:run(1507)) - IPC Server Responder: starting
2022-01-11 23:53:50,685 [IPC Server listener on 0] INFO  ipc.Server (Server.java:run(1344)) - IPC Server listener on 0: starting
2022-01-11 23:53:50,740 [Listener at 0.0.0.0/36089] INFO  http.BaseHttpServer (BaseHttpServer.java:newHttpServer2BuilderForOzone(209)) - Starting Web-server for scm at: http://0.0.0.0:0
2022-01-11 23:53:50,740 [Listener at 0.0.0.0/36089] INFO  http.BaseHttpServer (BaseHttpServer.java:<init>(107)) - Hadoop Security Enabled: false Ozone Security Enabled: false Ozone HTTP Security Enabled: false 
2022-01-11 23:53:50,742 [Listener at 0.0.0.0/36089] INFO  server.AuthenticationFilter (AuthenticationFilter.java:constructSecretProvider(240)) - Unable to initialize FileSignerSecretProvider, falling back to use random secrets.
2022-01-11 23:53:50,749 [org.apache.hadoop.util.JvmPauseMonitor$Monitor@f5b8258] INFO  util.JvmPauseMonitor (JvmPauseMonitor.java:run(188)) - Starting JVM pause monitor
2022-01-11 23:53:50,765 [Listener at 0.0.0.0/36089] WARN  http.HttpRequestLog (HttpRequestLog.java:getRequestLog(103)) - Jetty request log can only be enabled using Log4j
2022-01-11 23:53:50,766 [Listener at 0.0.0.0/36089] INFO  http.HttpServer2 (HttpServer2.java:addGlobalFilter(1030)) - Added global filter 'safety' (class=org.apache.hadoop.hdds.server.http.HttpServer2$QuotingInputFilter)
2022-01-11 23:53:50,767 [Listener at 0.0.0.0/36089] INFO  http.HttpServer2 (HttpServer2.java:addFilter(1006)) - Added filter static_user_filter (class=org.apache.hadoop.http.lib.StaticUserWebFilter$StaticUserFilter) to context scm
2022-01-11 23:53:50,767 [Listener at 0.0.0.0/36089] INFO  http.HttpServer2 (HttpServer2.java:addFilter(1014)) - Added filter static_user_filter (class=org.apache.hadoop.http.lib.StaticUserWebFilter$StaticUserFilter) to context static
2022-01-11 23:53:50,767 [Listener at 0.0.0.0/36089] INFO  http.HttpServer2 (HttpServer2.java:addFilter(1014)) - Added filter static_user_filter (class=org.apache.hadoop.http.lib.StaticUserWebFilter$StaticUserFilter) to context logs
2022-01-11 23:53:50,767 [Listener at 0.0.0.0/36089] INFO  http.HttpServer2 (HttpServer2.java:bindListener(1249)) - Jetty bound to port 34679
2022-01-11 23:53:50,767 [Listener at 0.0.0.0/36089] INFO  server.Server (Server.java:doStart(375)) - jetty-9.4.43.v20210629; built: 2021-06-30T11:07:22.254Z; git: 526006ecfa3af7f1a27ef3a288e2bef7ea9dd7e8; jvm 1.8.0_292-b10
2022-01-11 23:53:50,829 [Listener at 0.0.0.0/36089] INFO  server.session (DefaultSessionIdManager.java:doStart(334)) - DefaultSessionIdManager workerName=node0
2022-01-11 23:53:50,829 [Listener at 0.0.0.0/36089] INFO  server.session (DefaultSessionIdManager.java:doStart(339)) - No SessionScavenger set, using defaults
2022-01-11 23:53:50,830 [Listener at 0.0.0.0/36089] INFO  server.session (HouseKeeper.java:startScavenging(132)) - node0 Scavenging every 600000ms
2022-01-11 23:53:50,830 [Listener at 0.0.0.0/36089] INFO  handler.ContextHandler (ContextHandler.java:doStart(915)) - Started o.e.j.s.ServletContextHandler@200fed60{logs,/logs,file:///home/runner/work/ozone/ozone/hadoop-ozone/integration-test/target/log,AVAILABLE}
2022-01-11 23:53:50,831 [Listener at 0.0.0.0/36089] INFO  handler.ContextHandler (ContextHandler.java:doStart(915)) - Started o.e.j.s.ServletContextHandler@43b51d65{static,/static,file:///home/runner/work/ozone/ozone/hadoop-ozone/integration-test/target/test-classes/webapps/static,AVAILABLE}
2022-01-11 23:53:50,843 [Listener at 0.0.0.0/36089] INFO  handler.ContextHandler (ContextHandler.java:doStart(915)) - Started o.e.j.w.WebAppContext@458573ca{scm,/,file:///home/runner/work/ozone/ozone/hadoop-ozone/integration-test/target/test-classes/webapps/scm/,AVAILABLE}{file:/home/runner/work/ozone/ozone/hadoop-ozone/integration-test/target/test-classes/webapps/scm}
2022-01-11 23:53:50,862 [Listener at 0.0.0.0/36089] INFO  server.AbstractConnector (AbstractConnector.java:doStart(331)) - Started ServerConnector@2e9135d9{HTTP/1.1, (http/1.1)}{0.0.0.0:34679}
2022-01-11 23:53:50,862 [Listener at 0.0.0.0/36089] INFO  server.Server (Server.java:doStart(415)) - Started @86445ms
2022-01-11 23:53:50,862 [Listener at 0.0.0.0/36089] WARN  impl.MetricsSystemImpl (MetricsSystemImpl.java:register(279)) - Sink prometheus already exists!
2022-01-11 23:53:50,863 [Listener at 0.0.0.0/36089] INFO  http.BaseHttpServer (BaseHttpServer.java:updateConnectorAddress(329)) - HTTP server of scm listening at http://0.0.0.0:34679
2022-01-11 23:53:50,863 [Listener at 0.0.0.0/36089] WARN  server.ServerUtils (ServerUtils.java:getDBPath(225)) - ozone.om.db.dirs is not configured. We recommend adding this setting. Falling back to ozone.metadata.dirs instead.
2022-01-11 23:53:50,864 [Listener at 0.0.0.0/36089] INFO  ha.OMHANodeDetails (OMHANodeDetails.java:loadOMHAConfig(112)) - ozone.om.internal.service.id is not defined, falling back to ozone.om.service.ids to find serviceID for OzoneManager if it is HA enabled cluster
2022-01-11 23:53:50,865 [Listener at 0.0.0.0/36089] INFO  ha.OMHANodeDetails (OMHANodeDetails.java:loadOMHAConfig(218)) - Configuration does not have ozone.om.address set. Falling back to the default OM address /127.0.0.1:0
2022-01-11 23:53:50,865 [Listener at 0.0.0.0/36089] INFO  ha.OMHANodeDetails (OMHANodeDetails.java:getOMNodeDetailsForNonHA(246)) - OM Service ID is not set. Setting it to the default ID: omServiceIdDefault
2022-01-11 23:53:50,865 [Listener at 0.0.0.0/36089] INFO  ha.OMHANodeDetails (OMHANodeDetails.java:getOMNodeDetailsForNonHA(253)) - OM Node ID is not set. Setting it to the default ID: om1
2022-01-11 23:53:50,865 [Listener at 0.0.0.0/36089] WARN  server.ServerUtils (ServerUtils.java:getDBPath(225)) - ozone.om.db.dirs is not configured. We recommend adding this setting. Falling back to ozone.metadata.dirs instead.
2022-01-11 23:53:50,866 [Listener at 0.0.0.0/36089] INFO  upgrade.AbstractLayoutVersionManager (AbstractLayoutVersionManager.java:init(79)) - Initializing Layout version manager with metadata layout = INITIAL_VERSION (version = 0), software layout = INITIAL_VERSION (version = 0)
2022-01-11 23:53:51,020 [Listener at 0.0.0.0/36089] INFO  reflections.Reflections (Reflections.java:scan(232)) - Reflections took 154 ms to scan 2 urls, producing 133 keys and 345 values [using 2 cores]
2022-01-11 23:53:51,020 [Listener at 0.0.0.0/36089] INFO  upgrade.OMLayoutVersionManager (OMLayoutVersionManager.java:lambda$0(115)) - Skipping Upgrade Action MockOmUpgradeAction since it has been finalized.
2022-01-11 23:53:51,020 [Listener at 0.0.0.0/36089] WARN  server.ServerUtils (ServerUtils.java:getDBPath(225)) - ozone.om.db.dirs is not configured. We recommend adding this setting. Falling back to ozone.metadata.dirs instead.
2022-01-11 23:53:51,054 [Listener at 0.0.0.0/36089] WARN  server.ServerUtils (ServerUtils.java:getDBPath(225)) - ozone.om.db.dirs is not configured. We recommend adding this setting. Falling back to ozone.metadata.dirs instead.
2022-01-11 23:53:51,055 [Listener at 0.0.0.0/36089] INFO  codec.OmKeyInfoCodec (OmKeyInfoCodec.java:<init>(50)) - OmKeyInfoCodec ignorePipeline = true
2022-01-11 23:53:51,055 [Listener at 0.0.0.0/36089] INFO  codec.RepeatedOmKeyInfoCodec (RepeatedOmKeyInfoCodec.java:<init>(42)) - RepeatedOmKeyInfoCodec ignorePipeline = true
2022-01-11 23:53:51,444 [Listener at 0.0.0.0/36089] INFO  om.OzoneManager (OzoneManager.java:addS3GVolumeToDB(3728)) - Created Volume s3v With Owner runner required for S3Gateway operations.
2022-01-11 23:53:51,445 [Listener at 0.0.0.0/36089] WARN  server.ServerUtils (ServerUtils.java:getDefaultRatisDirectory(237)) - Storage directory for Ratis is not configured. It is a good idea to map this to an SSD disk. Falling back to ozone.metadata.dirs
2022-01-11 23:53:51,445 [Listener at 0.0.0.0/36089] WARN  utils.OzoneManagerRatisUtils (OzoneManagerRatisUtils.java:getOMRatisSnapshotDirectory(323)) - ozone.om.ratis.snapshot.dir is not configured. Falling back to ozone.metadata.dirs config
2022-01-11 23:53:51,446 [Listener at 0.0.0.0/36089] WARN  impl.MetricRegistriesImpl (MetricRegistriesImpl.java:addReporterRegistration(111)) - New reporters are added after registries were created. Some metrics will be missing from the reporter. Please add reporter before adding any new registry.
2022-01-11 23:53:51,446 [Listener at 0.0.0.0/36089] WARN  impl.MetricRegistriesImpl (MetricRegistriesImpl.java:addReporterRegistration(111)) - New reporters are added after registries were created. Some metrics will be missing from the reporter. Please add reporter before adding any new registry.
2022-01-11 23:53:51,446 [Listener at 0.0.0.0/36089] WARN  server.ServerUtils (ServerUtils.java:getDefaultRatisDirectory(237)) - Storage directory for Ratis is not configured. It is a good idea to map this to an SSD disk. Falling back to ozone.metadata.dirs
2022-01-11 23:53:51,447 [Listener at 0.0.0.0/36089] INFO  ratis.OzoneManagerRatisServer (OzoneManagerRatisServer.java:<init>(159)) - Instantiating OM Ratis server with groupID: omServiceIdDefault and peers: localhost:9872
2022-01-11 23:53:51,447 [Listener at 0.0.0.0/36089] INFO  ratis.OzoneManagerStateMachine (OzoneManagerStateMachine.java:loadSnapshotInfoFromDB(605)) - LastAppliedIndex is set from TransactionInfo from OM DB as (t:0, i:~)
2022-01-11 23:53:51,448 [Listener at 0.0.0.0/36089] INFO  server.RaftServer (ConfUtils.java:logGet(44)) - raft.rpc.type = GRPC (default)
2022-01-11 23:53:51,448 [Listener at 0.0.0.0/36089] INFO  grpc.GrpcFactory (GrpcFactory.java:checkPooledByteBufAllocatorUseCacheForAllThreads(48)) - PERFORMANCE WARNING: useCacheForAllThreads is true that may cause Netty to create a lot garbage objects and, as a result, trigger GC.
	It is recommended to disable useCacheForAllThreads by setting -Dorg.apache.ratis.thirdparty.io.netty.allocator.useCacheForAllThreads=false in command line.
2022-01-11 23:53:51,448 [Listener at 0.0.0.0/36089] INFO  grpc.GrpcConfigKeys (ConfUtils.java:logGet(44)) - raft.grpc.admin.port = -1 (default)
2022-01-11 23:53:51,448 [Listener at 0.0.0.0/36089] INFO  grpc.GrpcConfigKeys (ConfUtils.java:logGet(44)) - raft.grpc.server.port = 9872 (custom)
2022-01-11 23:53:51,448 [Listener at 0.0.0.0/36089] INFO  grpc.GrpcConfigKeys (ConfUtils.java:logGet(44)) - raft.grpc.client.port = -1 (default)
2022-01-11 23:53:51,448 [Listener at 0.0.0.0/36089] INFO  grpc.GrpcConfigKeys (ConfUtils.java:logGet(44)) - raft.grpc.server.port = 9872 (custom)
2022-01-11 23:53:51,448 [Listener at 0.0.0.0/36089] INFO  grpc.GrpcConfigKeys (ConfUtils.java:logGet(44)) - raft.grpc.server.port = 9872 (custom)
2022-01-11 23:53:51,448 [Listener at 0.0.0.0/36089] INFO  server.GrpcService (ConfUtils.java:logGet(44)) - raft.grpc.message.size.max = 33554432 (custom)
2022-01-11 23:53:51,448 [Listener at 0.0.0.0/36089] INFO  server.RaftServerConfigKeys (ConfUtils.java:logGet(44)) - raft.server.log.appender.buffer.byte-limit = 33554432 (custom)
2022-01-11 23:53:51,448 [Listener at 0.0.0.0/36089] INFO  server.GrpcService (ConfUtils.java:logGet(44)) - raft.grpc.flow.control.window = 1MB (=1048576) (default)
2022-01-11 23:53:51,449 [Listener at 0.0.0.0/36089] INFO  server.RaftServerConfigKeys (ConfUtils.java:logGet(44)) - raft.server.rpc.request.timeout = 3000ms (default)
2022-01-11 23:53:51,450 [Listener at 0.0.0.0/36089] INFO  impl.DataStreamServerImpl (ConfUtils.java:logGet(44)) - raft.datastream.type = DISABLED (default)
2022-01-11 23:53:51,450 [Listener at 0.0.0.0/36089] INFO  server.RaftServerConfigKeys (ConfUtils.java:logGet(44)) - raft.server.rpc.slowness.timeout = 120s (custom)
2022-01-11 23:53:51,450 [Listener at 0.0.0.0/36089] INFO  server.RaftServerConfigKeys (ConfUtils.java:logGet(44)) - raft.server.leaderelection.leader.step-down.wait-time = 10s (default)
2022-01-11 23:53:51,450 [Listener at 0.0.0.0/36089] INFO  server.RaftServerConfigKeys (ConfUtils.java:logGet(44)) - raft.server.storage.dir = [/home/runner/work/ozone/ozone/hadoop-ozone/integration-test/target/test-dir/MiniOzoneClusterImpl-84b3519b-a2d3-47e7-8c84-34506f72c9f7/ozone-meta/ratis] (custom)
2022-01-11 23:53:51,453 [Listener at 0.0.0.0/36089] INFO  server.RaftServer (RaftServerProxy.java:addNew(95)) - om1: addNew group-C5BA1605619E:[om1|rpc:localhost:9872|priority:0] returns group-C5BA1605619E:java.util.concurrent.CompletableFuture@643dbe06[Not completed]
2022-01-11 23:53:51,453 [Listener at 0.0.0.0/36089] INFO  om.OzoneManager (OzoneManager.java:initializeRatisServer(1834)) - OzoneManager Ratis server initialized at port 9872
2022-01-11 23:53:51,454 [Listener at 0.0.0.0/36089] INFO  ipc.CallQueueManager (CallQueueManager.java:<init>(90)) - Using callQueue: class java.util.concurrent.LinkedBlockingQueue, queueCapacity: 2000, scheduler: class org.apache.hadoop.ipc.DefaultRpcScheduler, ipcBackoff: false.
2022-01-11 23:53:51,457 [pool-279-thread-1] INFO  server.RaftServer$Division (RaftServerImpl.java:<init>(184)) - om1: new RaftServerImpl for group-C5BA1605619E:[om1|rpc:localhost:9872|priority:0] with OzoneManagerStateMachine:uninitialized
2022-01-11 23:53:51,457 [Socket Reader #1 for port 0] INFO  ipc.Server (Server.java:run(1265)) - Starting Socket Reader #1 for port 0
2022-01-11 23:53:51,464 [pool-279-thread-1] INFO  server.RaftServerConfigKeys (ConfUtils.java:logGet(44)) - raft.server.rpc.timeout.min = 1s (custom)
2022-01-11 23:53:51,464 [pool-279-thread-1] INFO  server.RaftServerConfigKeys (ConfUtils.java:logGet(44)) - raft.server.rpc.timeout.max = 1200ms (custom)
2022-01-11 23:53:51,464 [pool-279-thread-1] INFO  server.RaftServerConfigKeys (ConfUtils.java:logGet(44)) - raft.server.rpc.sleep.time = 25ms (default)
2022-01-11 23:53:51,464 [pool-279-thread-1] INFO  server.RaftServerConfigKeys (ConfUtils.java:logGet(44)) - raft.server.rpc.slowness.timeout = 120s (custom)
2022-01-11 23:53:51,464 [pool-279-thread-1] INFO  server.RaftServerConfigKeys (ConfUtils.java:logGet(44)) - raft.server.leaderelection.leader.step-down.wait-time = 10s (default)
2022-01-11 23:53:51,464 [pool-279-thread-1] INFO  server.RaftServerConfigKeys (ConfUtils.java:logGet(44)) - raft.server.sleep.deviation.threshold = 300ms (default)
2022-01-11 23:53:51,465 [pool-279-thread-1] INFO  server.RaftServerConfigKeys (ConfUtils.java:logGet(44)) - raft.server.log.appender.install.snapshot.enabled = false (custom)
2022-01-11 23:53:51,465 [pool-279-thread-1] INFO  server.RaftServer$Division (ServerState.java:<init>(105)) - om1@group-C5BA1605619E: ConfigurationManager, init=-1: [om1|rpc:localhost:9872|priority:0], old=null, confs=<EMPTY_MAP>
2022-01-11 23:53:51,465 [pool-279-thread-1] INFO  server.RaftServerConfigKeys (ConfUtils.java:logGet(44)) - raft.server.storage.dir = [/home/runner/work/ozone/ozone/hadoop-ozone/integration-test/target/test-dir/MiniOzoneClusterImpl-84b3519b-a2d3-47e7-8c84-34506f72c9f7/ozone-meta/ratis] (custom)
2022-01-11 23:53:51,465 [pool-279-thread-1] INFO  server.RaftServerConfigKeys (ConfUtils.java:logGet(44)) - raft.server.log.corruption.policy = EXCEPTION (default)
2022-01-11 23:53:51,465 [pool-279-thread-1] INFO  server.RaftServerConfigKeys (ConfUtils.java:logGet(44)) - raft.server.storage.free-space.min = 0MB (=0) (default)
2022-01-11 23:53:51,465 [pool-279-thread-1] INFO  storage.RaftStorageDirectory (RaftStorageDirectoryImpl.java:analyzeStorage(135)) - The storage directory /home/runner/work/ozone/ozone/hadoop-ozone/integration-test/target/test-dir/MiniOzoneClusterImpl-84b3519b-a2d3-47e7-8c84-34506f72c9f7/ozone-meta/ratis/bf265839-605b-3f16-9796-c5ba1605619e does not exist. Creating ...
2022-01-11 23:53:51,466 [pool-279-thread-1] INFO  storage.RaftStorageDirectory (RaftStorageDirectoryImpl.java:tryLock(230)) - Lock on /home/runner/work/ozone/ozone/hadoop-ozone/integration-test/target/test-dir/MiniOzoneClusterImpl-84b3519b-a2d3-47e7-8c84-34506f72c9f7/ozone-meta/ratis/bf265839-605b-3f16-9796-c5ba1605619e/in_use.lock acquired by nodename 350@fv-az59-280
2022-01-11 23:53:51,467 [pool-279-thread-1] INFO  storage.RaftStorage (RaftStorageImpl.java:format(89)) - Storage directory /home/runner/work/ozone/ozone/hadoop-ozone/integration-test/target/test-dir/MiniOzoneClusterImpl-84b3519b-a2d3-47e7-8c84-34506f72c9f7/ozone-meta/ratis/bf265839-605b-3f16-9796-c5ba1605619e has been successfully formatted.
2022-01-11 23:53:51,467 [pool-279-thread-1] INFO  server.RaftServerConfigKeys (ConfUtils.java:logGet(44)) - raft.server.notification.no-leader.timeout = 120s (custom)
2022-01-11 23:53:51,467 [pool-279-thread-1] INFO  server.RaftServerConfigKeys (ConfUtils.java:logGet(44)) - raft.server.log.use.memory = false (default)
2022-01-11 23:53:51,467 [pool-279-thread-1] INFO  server.RaftServerConfigKeys (ConfUtils.java:logGet(44)) - raft.server.log.purge.gap = 1000000 (custom)
2022-01-11 23:53:51,468 [pool-279-thread-1] INFO  server.RaftServerConfigKeys (ConfUtils.java:logGet(44)) - raft.server.log.appender.buffer.byte-limit = 33554432 (custom)
2022-01-11 23:53:51,468 [pool-279-thread-1] INFO  server.RaftServerConfigKeys (ConfUtils.java:logGet(44)) - raft.server.log.segment.size.max = 4194304 (custom)
2022-01-11 23:53:51,468 [pool-279-thread-1] INFO  server.RaftServerConfigKeys (ConfUtils.java:logGet(44)) - raft.server.log.segment.cache.num.max = 2 (custom)
2022-01-11 23:53:51,468 [pool-279-thread-1] INFO  server.RaftServerConfigKeys (ConfUtils.java:logGet(44)) - raft.server.log.segment.cache.size.max = 200MB (=209715200) (default)
2022-01-11 23:53:51,468 [pool-279-thread-1] INFO  segmented.SegmentedRaftLogWorker (SegmentedRaftLogWorker.java:<init>(182)) - new om1@group-C5BA1605619E-SegmentedRaftLogWorker for RaftStorageImpl:Storage Directory /home/runner/work/ozone/ozone/hadoop-ozone/integration-test/target/test-dir/MiniOzoneClusterImpl-84b3519b-a2d3-47e7-8c84-34506f72c9f7/ozone-meta/ratis/bf265839-605b-3f16-9796-c5ba1605619e
2022-01-11 23:53:51,468 [pool-279-thread-1] INFO  server.RaftServerConfigKeys (ConfUtils.java:logGet(44)) - raft.server.log.queue.byte-limit = 64MB (=67108864) (default)
2022-01-11 23:53:51,468 [pool-279-thread-1] INFO  server.RaftServerConfigKeys (ConfUtils.java:logGet(44)) - raft.server.log.queue.element-limit = 4096 (default)
2022-01-11 23:53:51,468 [pool-279-thread-1] INFO  server.RaftServerConfigKeys (ConfUtils.java:logGet(44)) - raft.server.log.segment.size.max = 4194304 (custom)
2022-01-11 23:53:51,468 [pool-279-thread-1] INFO  server.RaftServerConfigKeys (ConfUtils.java:logGet(44)) - raft.server.log.preallocated.size = 4194304 (custom)
2022-01-11 23:53:51,468 [pool-279-thread-1] INFO  server.RaftServerConfigKeys (ConfUtils.java:logGet(44)) - raft.server.log.force.sync.num = 128 (default)
2022-01-11 23:53:51,468 [pool-279-thread-1] INFO  server.RaftServerConfigKeys (ConfUtils.java:logGet(44)) - raft.server.log.statemachine.data.sync = true (default)
2022-01-11 23:53:51,468 [pool-279-thread-1] INFO  server.RaftServerConfigKeys (ConfUtils.java:logGet(44)) - raft.server.log.statemachine.data.sync.timeout = 10s (default)
2022-01-11 23:53:51,468 [pool-279-thread-1] INFO  server.RaftServerConfigKeys (ConfUtils.java:logGet(44)) - raft.server.log.statemachine.data.sync.timeout.retry = -1 (default)
2022-01-11 23:53:51,469 [pool-279-thread-1] INFO  server.RaftServerConfigKeys (ConfUtils.java:logGet(44)) - raft.server.log.write.buffer.size = 64KB (=65536) (default)
2022-01-11 23:53:51,469 [pool-279-thread-1] INFO  server.RaftServerConfigKeys (ConfUtils.java:logGet(44)) - raft.server.log.statemachine.data.caching.enabled = false (default)
2022-01-11 23:53:51,469 [pool-279-thread-1] INFO  segmented.SegmentedRaftLogWorker (SegmentedRaftLogWorker.java:lambda$new$0(133)) - om1@group-C5BA1605619E-SegmentedRaftLogWorker: flushIndex: setUnconditionally 0 -> -1
2022-01-11 23:53:51,469 [pool-279-thread-1] INFO  segmented.SegmentedRaftLogWorker (SegmentedRaftLogWorker.java:lambda$new$0(133)) - om1@group-C5BA1605619E-SegmentedRaftLogWorker: safeCacheEvictIndex: setUnconditionally 0 -> -1
2022-01-11 23:53:51,481 [pool-279-thread-1] INFO  server.RaftServerConfigKeys (ConfUtils.java:logGet(44)) - raft.server.snapshot.auto.trigger.enabled = true (custom)
2022-01-11 23:53:51,481 [pool-279-thread-1] INFO  server.RaftServerConfigKeys (ConfUtils.java:logGet(44)) - raft.server.snapshot.auto.trigger.threshold = 400000 (default)
2022-01-11 23:53:51,481 [pool-279-thread-1] INFO  server.RaftServerConfigKeys (ConfUtils.java:logGet(44)) - raft.server.snapshot.retention.file.num = -1 (default)
2022-01-11 23:53:51,481 [pool-279-thread-1] INFO  server.RaftServerConfigKeys (ConfUtils.java:logGet(44)) - raft.server.log.purge.upto.snapshot.index = true (custom)
2022-01-11 23:53:51,481 [pool-279-thread-1] INFO  server.RaftServerConfigKeys (ConfUtils.java:logGet(44)) - raft.server.retrycache.expirytime = 300s (custom)
2022-01-11 23:53:51,481 [pool-279-thread-1] INFO  server.RaftServerConfigKeys (ConfUtils.java:logGet(44)) - raft.server.retrycache.statistics.expirytime = 100μs (default)
2022-01-11 23:53:51,522 [Listener at 127.0.0.1/46043] INFO  impl.MetricsSystemImpl (MetricsSystemImpl.java:init(158)) - OzoneManager metrics system started (again)
2022-01-11 23:53:51,538 [Listener at 127.0.0.1/46043] INFO  om.OzoneManager (OzoneManager.java:start(1365)) - OzoneManager RPC server is listening at localhost/127.0.0.1:46043
2022-01-11 23:53:51,539 [Listener at 127.0.0.1/46043] INFO  ratis.OzoneManagerRatisServer (OzoneManagerRatisServer.java:start(554)) - Starting OzoneManagerRatisServer om1 at port 9872
2022-01-11 23:53:51,539 [Listener at 127.0.0.1/46043] INFO  server.RaftServer$Division (RaftServerImpl.java:start(301)) - om1@group-C5BA1605619E: start as a follower, conf=-1: [om1|rpc:localhost:9872|priority:0], old=null
2022-01-11 23:53:51,539 [Listener at 127.0.0.1/46043] INFO  server.RaftServer$Division (RaftServerImpl.java:setRole(290)) - om1@group-C5BA1605619E: changes role from      null to FOLLOWER at term 0 for startAsFollower
2022-01-11 23:53:51,539 [Listener at 127.0.0.1/46043] INFO  impl.RoleInfo (RoleInfo.java:updateAndGet(130)) - om1: start om1@group-C5BA1605619E-FollowerState
2022-01-11 23:53:51,539 [Listener at 127.0.0.1/46043] INFO  util.JmxRegister (JmxRegister.java:tryRegister(44)) - Successfully registered JMX Bean with object name Ratis:service=RaftServer,group=group-C5BA1605619E,id=om1
2022-01-11 23:53:51,540 [Listener at 127.0.0.1/46043] INFO  server.RaftServer (RaftServerProxy.java:lambda$start$5(374)) - om1: start RPC server
2022-01-11 23:53:51,541 [Listener at 127.0.0.1/46043] INFO  server.GrpcService (GrpcService.java:startImpl(253)) - om1: GrpcService started, listening on 9872
2022-01-11 23:53:51,542 [Listener at 127.0.0.1/46043] INFO  om.OzoneManager (OzoneManager.java:start(1381)) - Version File has different layout version (0) than OM DB (null). That is expected if this OM has never been finalized to a newer layout version.
2022-01-11 23:53:51,542 [org.apache.ratis.util.JvmPauseMonitor$$Lambda$538/836759902@4fa1a495] INFO  util.JvmPauseMonitor (JvmPauseMonitor.java:run(103)) - JvmPauseMonitor-om1: Started
2022-01-11 23:53:51,545 [Listener at 127.0.0.1/46043] INFO  http.BaseHttpServer (BaseHttpServer.java:newHttpServer2BuilderForOzone(209)) - Starting Web-server for ozoneManager at: http://0.0.0.0:0
2022-01-11 23:53:51,545 [Listener at 127.0.0.1/46043] INFO  http.BaseHttpServer (BaseHttpServer.java:<init>(107)) - Hadoop Security Enabled: false Ozone Security Enabled: false Ozone HTTP Security Enabled: false 
2022-01-11 23:53:51,561 [Listener at 127.0.0.1/46043] INFO  server.AuthenticationFilter (AuthenticationFilter.java:constructSecretProvider(240)) - Unable to initialize FileSignerSecretProvider, falling back to use random secrets.
2022-01-11 23:53:51,569 [Listener at 127.0.0.1/46043] WARN  http.HttpRequestLog (HttpRequestLog.java:getRequestLog(103)) - Jetty request log can only be enabled using Log4j
2022-01-11 23:53:51,570 [Listener at 127.0.0.1/46043] INFO  http.HttpServer2 (HttpServer2.java:addGlobalFilter(1030)) - Added global filter 'safety' (class=org.apache.hadoop.hdds.server.http.HttpServer2$QuotingInputFilter)
2022-01-11 23:53:51,570 [Listener at 127.0.0.1/46043] INFO  http.HttpServer2 (HttpServer2.java:addFilter(1006)) - Added filter static_user_filter (class=org.apache.hadoop.http.lib.StaticUserWebFilter$StaticUserFilter) to context ozoneManager
2022-01-11 23:53:51,570 [Listener at 127.0.0.1/46043] INFO  http.HttpServer2 (HttpServer2.java:addFilter(1014)) - Added filter static_user_filter (class=org.apache.hadoop.http.lib.StaticUserWebFilter$StaticUserFilter) to context logs
2022-01-11 23:53:51,570 [Listener at 127.0.0.1/46043] INFO  http.HttpServer2 (HttpServer2.java:addFilter(1014)) - Added filter static_user_filter (class=org.apache.hadoop.http.lib.StaticUserWebFilter$StaticUserFilter) to context static
2022-01-11 23:53:51,572 [Listener at 127.0.0.1/46043] INFO  http.HttpServer2 (HttpServer2.java:bindListener(1249)) - Jetty bound to port 46533
2022-01-11 23:53:51,572 [Listener at 127.0.0.1/46043] INFO  server.Server (Server.java:doStart(375)) - jetty-9.4.43.v20210629; built: 2021-06-30T11:07:22.254Z; git: 526006ecfa3af7f1a27ef3a288e2bef7ea9dd7e8; jvm 1.8.0_292-b10
2022-01-11 23:53:51,638 [Listener at 127.0.0.1/46043] INFO  server.session (DefaultSessionIdManager.java:doStart(334)) - DefaultSessionIdManager workerName=node0
2022-01-11 23:53:51,638 [Listener at 127.0.0.1/46043] INFO  server.session (DefaultSessionIdManager.java:doStart(339)) - No SessionScavenger set, using defaults
2022-01-11 23:53:51,638 [Listener at 127.0.0.1/46043] INFO  server.session (HouseKeeper.java:startScavenging(132)) - node0 Scavenging every 660000ms
2022-01-11 23:53:51,651 [Listener at 127.0.0.1/46043] INFO  handler.ContextHandler (ContextHandler.java:doStart(915)) - Started o.e.j.s.ServletContextHandler@603941b8{logs,/logs,file:///home/runner/work/ozone/ozone/hadoop-ozone/integration-test/target/log,AVAILABLE}
2022-01-11 23:53:51,651 [Listener at 127.0.0.1/46043] INFO  handler.ContextHandler (ContextHandler.java:doStart(915)) - Started o.e.j.s.ServletContextHandler@103be7cc{static,/static,file:///home/runner/work/ozone/ozone/hadoop-ozone/integration-test/target/test-classes/webapps/static,AVAILABLE}
2022-01-11 23:53:51,655 [Listener at 127.0.0.1/46043] INFO  handler.ContextHandler (ContextHandler.java:doStart(915)) - Started o.e.j.w.WebAppContext@388bafb1{ozoneManager,/,file:///home/runner/work/ozone/ozone/hadoop-ozone/integration-test/target/test-classes/webapps/ozoneManager/,AVAILABLE}{file:/home/runner/work/ozone/ozone/hadoop-ozone/integration-test/target/test-classes/webapps/ozoneManager}
2022-01-11 23:53:51,663 [Listener at 127.0.0.1/46043] INFO  server.AbstractConnector (AbstractConnector.java:doStart(331)) - Started ServerConnector@19bc6203{HTTP/1.1, (http/1.1)}{0.0.0.0:46533}
2022-01-11 23:53:51,663 [Listener at 127.0.0.1/46043] INFO  server.Server (Server.java:doStart(415)) - Started @87246ms
2022-01-11 23:53:51,663 [Listener at 127.0.0.1/46043] WARN  impl.MetricsSystemImpl (MetricsSystemImpl.java:register(279)) - Sink prometheus already exists!
2022-01-11 23:53:51,665 [Listener at 127.0.0.1/46043] INFO  http.BaseHttpServer (BaseHttpServer.java:updateConnectorAddress(329)) - HTTP server of ozoneManager listening at http://0.0.0.0:46533
2022-01-11 23:53:51,674 [IPC Server Responder] INFO  ipc.Server (Server.java:run(1507)) - IPC Server Responder: starting
2022-01-11 23:53:51,677 [IPC Server listener on 0] INFO  ipc.Server (Server.java:run(1344)) - IPC Server listener on 0: starting
2022-01-11 23:53:51,699 [Listener at 127.0.0.1/46043] INFO  om.OzoneManager (OzoneManager.java:startTrashEmptier(1792)) - Trash Interval set to 0. Files deleted will not move to trash
2022-01-11 23:53:51,731 [org.apache.hadoop.util.JvmPauseMonitor$Monitor@173cfbbb] INFO  util.JvmPauseMonitor (JvmPauseMonitor.java:run(188)) - Starting JVM pause monitor
2022-01-11 23:53:51,768 [Listener at 127.0.0.1/46043] WARN  impl.MetricRegistriesImpl (MetricRegistriesImpl.java:addReporterRegistration(111)) - New reporters are added after registries were created. Some metrics will be missing from the reporter. Please add reporter before adding any new registry.
2022-01-11 23:53:51,769 [Listener at 127.0.0.1/46043] WARN  impl.MetricRegistriesImpl (MetricRegistriesImpl.java:addReporterRegistration(111)) - New reporters are added after registries were created. Some metrics will be missing from the reporter. Please add reporter before adding any new registry.
2022-01-11 23:53:51,769 [Listener at 127.0.0.1/46043] INFO  impl.MetricsSystemImpl (MetricsSystemImpl.java:init(158)) - HddsDatanode metrics system started (again)
2022-01-11 23:53:51,805 [Listener at 127.0.0.1/46043] INFO  ozone.HddsDatanodeService (HddsDatanodeService.java:start(234)) - HddsDatanodeService host:fv-az59-280.csjynl4pkq3e1pkirw3ssqjfoh.cx.internal.cloudapp.net ip:10.1.0.37
2022-01-11 23:53:51,869 [Listener at 127.0.0.1/46043] INFO  upgrade.AbstractLayoutVersionManager (AbstractLayoutVersionManager.java:init(79)) - Initializing Layout version manager with metadata layout = SCM_HA (version = 2), software layout = SCM_HA (version = 2)
2022-01-11 23:53:52,060 [Listener at 127.0.0.1/46043] INFO  reflections.Reflections (Reflections.java:scan(232)) - Reflections took 183 ms to scan 7 urls, producing 119 keys and 279 values 
2022-01-11 23:53:52,062 [Listener at 127.0.0.1/46043] INFO  statemachine.DatanodeStateMachine (DatanodeStateMachine.java:getEndPointTaskThreadPoolSize(222)) - Datanode State Machine Task Thread Pool size 2
2022-01-11 23:53:52,063 [Listener at 127.0.0.1/46043] INFO  volume.HddsVolume (HddsVolume.java:<init>(120)) - Creating HddsVolume: /home/runner/work/ozone/ozone/hadoop-ozone/integration-test/target/test-dir/MiniOzoneClusterImpl-84b3519b-a2d3-47e7-8c84-34506f72c9f7/datanode-0/data-0/containers/hdds of storage type : DISK capacity : 9223372036854775807
2022-01-11 23:53:52,063 [Listener at 127.0.0.1/46043] INFO  volume.MutableVolumeSet (MutableVolumeSet.java:initializeVolumeSet(168)) - Added Volume : /home/runner/work/ozone/ozone/hadoop-ozone/integration-test/target/test-dir/MiniOzoneClusterImpl-84b3519b-a2d3-47e7-8c84-34506f72c9f7/datanode-0/data-0/containers/hdds to VolumeSet
2022-01-11 23:53:52,064 [Listener at 127.0.0.1/46043] INFO  volume.ThrottledAsyncChecker (ThrottledAsyncChecker.java:schedule(141)) - Scheduling a check for /home/runner/work/ozone/ozone/hadoop-ozone/integration-test/target/test-dir/MiniOzoneClusterImpl-84b3519b-a2d3-47e7-8c84-34506f72c9f7/datanode-0/data-0/containers/hdds
2022-01-11 23:53:52,064 [Listener at 127.0.0.1/46043] INFO  volume.StorageVolumeChecker (StorageVolumeChecker.java:checkAllVolumes(202)) - Scheduled health check for volume /home/runner/work/ozone/ozone/hadoop-ozone/integration-test/target/test-dir/MiniOzoneClusterImpl-84b3519b-a2d3-47e7-8c84-34506f72c9f7/datanode-0/data-0/containers/hdds
2022-01-11 23:53:52,082 [Listener at 127.0.0.1/46043] INFO  volume.MutableVolumeSet (MutableVolumeSet.java:initializeVolumeSet(168)) - Added Volume : /home/runner/work/ozone/ozone/hadoop-ozone/integration-test/target/test-dir/MiniOzoneClusterImpl-84b3519b-a2d3-47e7-8c84-34506f72c9f7/datanode-0/data/ratis to VolumeSet
2022-01-11 23:53:52,083 [Listener at 127.0.0.1/46043] INFO  volume.ThrottledAsyncChecker (ThrottledAsyncChecker.java:schedule(141)) - Scheduling a check for /home/runner/work/ozone/ozone/hadoop-ozone/integration-test/target/test-dir/MiniOzoneClusterImpl-84b3519b-a2d3-47e7-8c84-34506f72c9f7/datanode-0/data/ratis
2022-01-11 23:53:52,083 [Listener at 127.0.0.1/46043] INFO  volume.StorageVolumeChecker (StorageVolumeChecker.java:checkAllVolumes(202)) - Scheduled health check for volume /home/runner/work/ozone/ozone/hadoop-ozone/integration-test/target/test-dir/MiniOzoneClusterImpl-84b3519b-a2d3-47e7-8c84-34506f72c9f7/datanode-0/data/ratis
2022-01-11 23:53:52,130 [Thread-819] INFO  ozoneimpl.ContainerReader (ContainerReader.java:readVolume(172)) - Finish verifying containers on volume /home/runner/work/ozone/ozone/hadoop-ozone/integration-test/target/test-dir/MiniOzoneClusterImpl-84b3519b-a2d3-47e7-8c84-34506f72c9f7/datanode-0/data-0/containers/hdds
2022-01-11 23:53:52,131 [Listener at 127.0.0.1/46043] INFO  ozoneimpl.OzoneContainer (OzoneContainer.java:buildContainerSet(237)) - Build ContainerSet costs 0s
2022-01-11 23:53:52,140 [Listener at 127.0.0.1/46043] INFO  server.RaftServer (ConfUtils.java:logGet(44)) - raft.rpc.type = GRPC (default)
2022-01-11 23:53:52,141 [Listener at 127.0.0.1/46043] INFO  grpc.GrpcFactory (GrpcFactory.java:checkPooledByteBufAllocatorUseCacheForAllThreads(48)) - PERFORMANCE WARNING: useCacheForAllThreads is true that may cause Netty to create a lot garbage objects and, as a result, trigger GC.
	It is recommended to disable useCacheForAllThreads by setting -Dorg.apache.ratis.thirdparty.io.netty.allocator.useCacheForAllThreads=false in command line.
2022-01-11 23:53:52,141 [Listener at 127.0.0.1/46043] INFO  grpc.GrpcConfigKeys (ConfUtils.java:logGet(44)) - raft.grpc.admin.port = 0 (custom)
2022-01-11 23:53:52,141 [Listener at 127.0.0.1/46043] INFO  grpc.GrpcConfigKeys (ConfUtils.java:logGet(44)) - raft.grpc.client.port = 0 (custom)
2022-01-11 23:53:52,141 [Listener at 127.0.0.1/46043] INFO  grpc.GrpcConfigKeys (ConfUtils.java:logGet(44)) - raft.grpc.server.port = 0 (default)
2022-01-11 23:53:52,141 [Listener at 127.0.0.1/46043] INFO  server.GrpcService (ConfUtils.java:logGet(44)) - raft.grpc.message.size.max = 32MB (=33554432) (custom)
2022-01-11 23:53:52,141 [Listener at 127.0.0.1/46043] INFO  server.RaftServerConfigKeys (ConfUtils.java:logGet(44)) - raft.server.log.appender.buffer.byte-limit = 33554432 (custom)
2022-01-11 23:53:52,141 [Listener at 127.0.0.1/46043] INFO  server.GrpcService (ConfUtils.java:logGet(44)) - raft.grpc.flow.control.window = 5MB (=5242880) (custom)
2022-01-11 23:53:52,141 [Listener at 127.0.0.1/46043] INFO  server.RaftServerConfigKeys (ConfUtils.java:logGet(44)) - raft.server.rpc.request.timeout = 3000ms (default)
2022-01-11 23:53:52,148 [Listener at 127.0.0.1/46043] INFO  impl.DataStreamServerImpl (ConfUtils.java:logGet(44)) - raft.datastream.type = DISABLED (default)
2022-01-11 23:53:52,149 [Listener at 127.0.0.1/46043] INFO  server.RaftServerConfigKeys (ConfUtils.java:logGet(44)) - raft.server.rpc.slowness.timeout = 300000ms (custom)
2022-01-11 23:53:52,150 [Listener at 127.0.0.1/46043] INFO  server.RaftServerConfigKeys (ConfUtils.java:logGet(44)) - raft.server.leaderelection.leader.step-down.wait-time = 10s (default)
2022-01-11 23:53:52,153 [Listener at 127.0.0.1/46043] INFO  server.RaftServerConfigKeys (ConfUtils.java:logGet(44)) - raft.server.storage.dir = [/home/runner/work/ozone/ozone/hadoop-ozone/integration-test/target/test-dir/MiniOzoneClusterImpl-84b3519b-a2d3-47e7-8c84-34506f72c9f7/datanode-0/data/ratis] (custom)
2022-01-11 23:53:52,154 [Listener at 127.0.0.1/46043] INFO  server.XceiverServerGrpc (XceiverServerGrpc.java:<init>(132)) - GrpcServer channel type EpollServerSocketChannel
2022-01-11 23:53:52,189 [Listener at 127.0.0.1/46043] INFO  http.BaseHttpServer (BaseHttpServer.java:newHttpServer2BuilderForOzone(209)) - Starting Web-server for hddsDatanode at: http://0.0.0.0:0
2022-01-11 23:53:52,190 [Listener at 127.0.0.1/46043] INFO  http.BaseHttpServer (BaseHttpServer.java:<init>(107)) - Hadoop Security Enabled: false Ozone Security Enabled: false Ozone HTTP Security Enabled: false 
2022-01-11 23:53:52,191 [Listener at 127.0.0.1/46043] INFO  server.AuthenticationFilter (AuthenticationFilter.java:constructSecretProvider(240)) - Unable to initialize FileSignerSecretProvider, falling back to use random secrets.
2022-01-11 23:53:52,213 [Listener at 127.0.0.1/46043] WARN  http.HttpRequestLog (HttpRequestLog.java:getRequestLog(103)) - Jetty request log can only be enabled using Log4j
2022-01-11 23:53:52,213 [Listener at 127.0.0.1/46043] INFO  http.HttpServer2 (HttpServer2.java:addGlobalFilter(1030)) - Added global filter 'safety' (class=org.apache.hadoop.hdds.server.http.HttpServer2$QuotingInputFilter)
2022-01-11 23:53:52,214 [Listener at 127.0.0.1/46043] INFO  http.HttpServer2 (HttpServer2.java:addFilter(1006)) - Added filter static_user_filter (class=org.apache.hadoop.http.lib.StaticUserWebFilter$StaticUserFilter) to context hddsDatanode
2022-01-11 23:53:52,214 [Listener at 127.0.0.1/46043] INFO  http.HttpServer2 (HttpServer2.java:addFilter(1014)) - Added filter static_user_filter (class=org.apache.hadoop.http.lib.StaticUserWebFilter$StaticUserFilter) to context static
2022-01-11 23:53:52,214 [Listener at 127.0.0.1/46043] INFO  http.HttpServer2 (HttpServer2.java:addFilter(1014)) - Added filter static_user_filter (class=org.apache.hadoop.http.lib.StaticUserWebFilter$StaticUserFilter) to context logs
2022-01-11 23:53:52,215 [Listener at 127.0.0.1/46043] INFO  http.HttpServer2 (HttpServer2.java:bindListener(1249)) - Jetty bound to port 41329
2022-01-11 23:53:52,215 [Listener at 127.0.0.1/46043] INFO  server.Server (Server.java:doStart(375)) - jetty-9.4.43.v20210629; built: 2021-06-30T11:07:22.254Z; git: 526006ecfa3af7f1a27ef3a288e2bef7ea9dd7e8; jvm 1.8.0_292-b10
2022-01-11 23:53:52,242 [Listener at 127.0.0.1/46043] INFO  server.session (DefaultSessionIdManager.java:doStart(334)) - DefaultSessionIdManager workerName=node0
2022-01-11 23:53:52,242 [Listener at 127.0.0.1/46043] INFO  server.session (DefaultSessionIdManager.java:doStart(339)) - No SessionScavenger set, using defaults
2022-01-11 23:53:52,243 [Listener at 127.0.0.1/46043] INFO  server.session (HouseKeeper.java:startScavenging(132)) - node0 Scavenging every 660000ms
2022-01-11 23:53:52,244 [Listener at 127.0.0.1/46043] INFO  handler.ContextHandler (ContextHandler.java:doStart(915)) - Started o.e.j.s.ServletContextHandler@1c714c3e{logs,/logs,file:///home/runner/work/ozone/ozone/hadoop-ozone/integration-test/target/log,AVAILABLE}
2022-01-11 23:53:52,244 [Listener at 127.0.0.1/46043] INFO  handler.ContextHandler (ContextHandler.java:doStart(915)) - Started o.e.j.s.ServletContextHandler@1974fbd5{static,/static,jar:file:/home/runner/.m2/repository/org/apache/ozone/hdds-container-service/1.3.0-SNAPSHOT/hdds-container-service-1.3.0-SNAPSHOT.jar!/webapps/static,AVAILABLE}
2022-01-11 23:53:52,373 [Listener at 127.0.0.1/46043] INFO  handler.ContextHandler (ContextHandler.java:doStart(915)) - Started o.e.j.w.WebAppContext@42b02fec{hddsDatanode,/,file:///tmp/jetty-0_0_0_0-41329-hdds-container-service-1_3_0-SNAPSHOT_jar-_-any-5884280466054961753/webapp/,AVAILABLE}{jar:file:/home/runner/.m2/repository/org/apache/ozone/hdds-container-service/1.3.0-SNAPSHOT/hdds-container-service-1.3.0-SNAPSHOT.jar!/webapps/hddsDatanode}
2022-01-11 23:53:52,380 [Listener at 127.0.0.1/46043] INFO  server.AbstractConnector (AbstractConnector.java:doStart(331)) - Started ServerConnector@a875d64{HTTP/1.1, (http/1.1)}{0.0.0.0:41329}
2022-01-11 23:53:52,380 [Listener at 127.0.0.1/46043] INFO  server.Server (Server.java:doStart(415)) - Started @87963ms
2022-01-11 23:53:52,380 [Listener at 127.0.0.1/46043] WARN  impl.MetricsSystemImpl (MetricsSystemImpl.java:register(279)) - Sink prometheus already exists!
2022-01-11 23:53:52,381 [Listener at 127.0.0.1/46043] INFO  http.BaseHttpServer (BaseHttpServer.java:updateConnectorAddress(329)) - HTTP server of hddsDatanode listening at http://0.0.0.0:41329
2022-01-11 23:53:52,383 [Listener at 127.0.0.1/46043] WARN  impl.MetricRegistriesImpl (MetricRegistriesImpl.java:addReporterRegistration(111)) - New reporters are added after registries were created. Some metrics will be missing from the reporter. Please add reporter before adding any new registry.
2022-01-11 23:53:52,383 [Listener at 127.0.0.1/46043] WARN  impl.MetricRegistriesImpl (MetricRegistriesImpl.java:addReporterRegistration(111)) - New reporters are added after registries were created. Some metrics will be missing from the reporter. Please add reporter before adding any new registry.
2022-01-11 23:53:52,383 [Listener at 127.0.0.1/46043] INFO  impl.MetricsSystemImpl (MetricsSystemImpl.java:init(158)) - HddsDatanode metrics system started (again)
2022-01-11 23:53:52,390 [Datanode State Machine Daemon Thread] INFO  statemachine.DatanodeStateMachine (DatanodeStateMachine.java:lambda$startDaemon$0(470)) - Ozone container server started.
2022-01-11 23:53:52,414 [Listener at 127.0.0.1/46043] INFO  ozone.HddsDatanodeService (HddsDatanodeService.java:start(234)) - HddsDatanodeService host:fv-az59-280.csjynl4pkq3e1pkirw3ssqjfoh.cx.internal.cloudapp.net ip:10.1.0.37
2022-01-11 23:53:52,416 [org.apache.hadoop.util.JvmPauseMonitor$Monitor@5b7dde29] INFO  util.JvmPauseMonitor (JvmPauseMonitor.java:run(188)) - Starting JVM pause monitor
2022-01-11 23:53:52,434 [Datanode State Machine Task Thread - 0] INFO  datanode.InitDatanodeState (InitDatanodeState.java:persistContainerDatanodeDetails(145)) - DatanodeDetails is persisted to /home/runner/work/ozone/ozone/hadoop-ozone/integration-test/target/test-dir/MiniOzoneClusterImpl-84b3519b-a2d3-47e7-8c84-34506f72c9f7/datanode-0/meta/datanode.id
2022-01-11 23:53:52,466 [Listener at 127.0.0.1/46043] INFO  upgrade.AbstractLayoutVersionManager (AbstractLayoutVersionManager.java:init(79)) - Initializing Layout version manager with metadata layout = SCM_HA (version = 2), software layout = SCM_HA (version = 2)
2022-01-11 23:53:52,565 [Listener at 127.0.0.1/46043] INFO  reflections.Reflections (Reflections.java:scan(232)) - Reflections took 97 ms to scan 7 urls, producing 119 keys and 279 values 
2022-01-11 23:53:52,567 [Listener at 127.0.0.1/46043] INFO  statemachine.DatanodeStateMachine (DatanodeStateMachine.java:getEndPointTaskThreadPoolSize(222)) - Datanode State Machine Task Thread Pool size 2
2022-01-11 23:53:52,569 [Listener at 127.0.0.1/46043] INFO  volume.HddsVolume (HddsVolume.java:<init>(120)) - Creating HddsVolume: /home/runner/work/ozone/ozone/hadoop-ozone/integration-test/target/test-dir/MiniOzoneClusterImpl-84b3519b-a2d3-47e7-8c84-34506f72c9f7/datanode-1/data-0/containers/hdds of storage type : DISK capacity : 9223372036854775807
2022-01-11 23:53:52,569 [Listener at 127.0.0.1/46043] INFO  volume.MutableVolumeSet (MutableVolumeSet.java:initializeVolumeSet(168)) - Added Volume : /home/runner/work/ozone/ozone/hadoop-ozone/integration-test/target/test-dir/MiniOzoneClusterImpl-84b3519b-a2d3-47e7-8c84-34506f72c9f7/datanode-1/data-0/containers/hdds to VolumeSet
2022-01-11 23:53:52,569 [Listener at 127.0.0.1/46043] INFO  volume.ThrottledAsyncChecker (ThrottledAsyncChecker.java:schedule(141)) - Scheduling a check for /home/runner/work/ozone/ozone/hadoop-ozone/integration-test/target/test-dir/MiniOzoneClusterImpl-84b3519b-a2d3-47e7-8c84-34506f72c9f7/datanode-1/data-0/containers/hdds
2022-01-11 23:53:52,582 [Listener at 127.0.0.1/46043] INFO  volume.StorageVolumeChecker (StorageVolumeChecker.java:checkAllVolumes(202)) - Scheduled health check for volume /home/runner/work/ozone/ozone/hadoop-ozone/integration-test/target/test-dir/MiniOzoneClusterImpl-84b3519b-a2d3-47e7-8c84-34506f72c9f7/datanode-1/data-0/containers/hdds
2022-01-11 23:53:52,642 [Listener at 127.0.0.1/46043] INFO  volume.MutableVolumeSet (MutableVolumeSet.java:initializeVolumeSet(168)) - Added Volume : /home/runner/work/ozone/ozone/hadoop-ozone/integration-test/target/test-dir/MiniOzoneClusterImpl-84b3519b-a2d3-47e7-8c84-34506f72c9f7/datanode-1/data/ratis to VolumeSet
2022-01-11 23:53:52,642 [Listener at 127.0.0.1/46043] INFO  volume.ThrottledAsyncChecker (ThrottledAsyncChecker.java:schedule(141)) - Scheduling a check for /home/runner/work/ozone/ozone/hadoop-ozone/integration-test/target/test-dir/MiniOzoneClusterImpl-84b3519b-a2d3-47e7-8c84-34506f72c9f7/datanode-1/data/ratis
2022-01-11 23:53:52,642 [Listener at 127.0.0.1/46043] INFO  volume.StorageVolumeChecker (StorageVolumeChecker.java:checkAllVolumes(202)) - Scheduled health check for volume /home/runner/work/ozone/ozone/hadoop-ozone/integration-test/target/test-dir/MiniOzoneClusterImpl-84b3519b-a2d3-47e7-8c84-34506f72c9f7/datanode-1/data/ratis
2022-01-11 23:53:52,702 [om1@group-C5BA1605619E-FollowerState] INFO  impl.FollowerState (FollowerState.java:run(134)) - om1@group-C5BA1605619E-FollowerState: change to CANDIDATE, lastRpcElapsedTime:1163263875ns, electionTimeout:1162ms
2022-01-11 23:53:52,702 [om1@group-C5BA1605619E-FollowerState] INFO  impl.RoleInfo (RoleInfo.java:shutdownFollowerState(108)) - om1: shutdown om1@group-C5BA1605619E-FollowerState
2022-01-11 23:53:52,702 [om1@group-C5BA1605619E-FollowerState] INFO  server.RaftServer$Division (RaftServerImpl.java:setRole(290)) - om1@group-C5BA1605619E: changes role from  FOLLOWER to CANDIDATE at term 0 for changeToCandidate
2022-01-11 23:53:52,703 [om1@group-C5BA1605619E-FollowerState] INFO  server.RaftServerConfigKeys (ConfUtils.java:logGet(44)) - raft.server.leaderelection.pre-vote = false (custom)
2022-01-11 23:53:52,703 [om1@group-C5BA1605619E-FollowerState] INFO  impl.RoleInfo (RoleInfo.java:updateAndGet(130)) - om1: start om1@group-C5BA1605619E-LeaderElection38
2022-01-11 23:53:52,704 [Thread-831] INFO  ozoneimpl.ContainerReader (ContainerReader.java:readVolume(172)) - Finish verifying containers on volume /home/runner/work/ozone/ozone/hadoop-ozone/integration-test/target/test-dir/MiniOzoneClusterImpl-84b3519b-a2d3-47e7-8c84-34506f72c9f7/datanode-1/data-0/containers/hdds
2022-01-11 23:53:52,704 [Listener at 127.0.0.1/46043] INFO  ozoneimpl.OzoneContainer (OzoneContainer.java:buildContainerSet(237)) - Build ContainerSet costs 0s
2022-01-11 23:53:52,706 [Listener at 127.0.0.1/46043] INFO  server.RaftServer (ConfUtils.java:logGet(44)) - raft.rpc.type = GRPC (default)
2022-01-11 23:53:52,706 [Listener at 127.0.0.1/46043] INFO  grpc.GrpcFactory (GrpcFactory.java:checkPooledByteBufAllocatorUseCacheForAllThreads(48)) - PERFORMANCE WARNING: useCacheForAllThreads is true that may cause Netty to create a lot garbage objects and, as a result, trigger GC.
	It is recommended to disable useCacheForAllThreads by setting -Dorg.apache.ratis.thirdparty.io.netty.allocator.useCacheForAllThreads=false in command line.
2022-01-11 23:53:52,706 [Listener at 127.0.0.1/46043] INFO  grpc.GrpcConfigKeys (ConfUtils.java:logGet(44)) - raft.grpc.admin.port = 0 (custom)
2022-01-11 23:53:52,707 [Listener at 127.0.0.1/46043] INFO  grpc.GrpcConfigKeys (ConfUtils.java:logGet(44)) - raft.grpc.client.port = 0 (custom)
2022-01-11 23:53:52,707 [Listener at 127.0.0.1/46043] INFO  grpc.GrpcConfigKeys (ConfUtils.java:logGet(44)) - raft.grpc.server.port = 0 (default)
2022-01-11 23:53:52,707 [Listener at 127.0.0.1/46043] INFO  server.GrpcService (ConfUtils.java:logGet(44)) - raft.grpc.message.size.max = 32MB (=33554432) (custom)
2022-01-11 23:53:52,707 [Listener at 127.0.0.1/46043] INFO  server.RaftServerConfigKeys (ConfUtils.java:logGet(44)) - raft.server.log.appender.buffer.byte-limit = 33554432 (custom)
2022-01-11 23:53:52,707 [Listener at 127.0.0.1/46043] INFO  server.GrpcService (ConfUtils.java:logGet(44)) - raft.grpc.flow.control.window = 5MB (=5242880) (custom)
2022-01-11 23:53:52,707 [Listener at 127.0.0.1/46043] INFO  server.RaftServerConfigKeys (ConfUtils.java:logGet(44)) - raft.server.rpc.request.timeout = 3000ms (default)
2022-01-11 23:53:52,708 [Listener at 127.0.0.1/46043] INFO  impl.DataStreamServerImpl (ConfUtils.java:logGet(44)) - raft.datastream.type = DISABLED (default)
2022-01-11 23:53:52,708 [Listener at 127.0.0.1/46043] INFO  server.RaftServerConfigKeys (ConfUtils.java:logGet(44)) - raft.server.rpc.slowness.timeout = 300000ms (custom)
2022-01-11 23:53:52,708 [Listener at 127.0.0.1/46043] INFO  server.RaftServerConfigKeys (ConfUtils.java:logGet(44)) - raft.server.leaderelection.leader.step-down.wait-time = 10s (default)
2022-01-11 23:53:52,708 [Listener at 127.0.0.1/46043] INFO  server.RaftServerConfigKeys (ConfUtils.java:logGet(44)) - raft.server.storage.dir = [/home/runner/work/ozone/ozone/hadoop-ozone/integration-test/target/test-dir/MiniOzoneClusterImpl-84b3519b-a2d3-47e7-8c84-34506f72c9f7/datanode-1/data/ratis] (custom)
2022-01-11 23:53:52,718 [Listener at 127.0.0.1/46043] INFO  server.XceiverServerGrpc (XceiverServerGrpc.java:<init>(132)) - GrpcServer channel type EpollServerSocketChannel
2022-01-11 23:53:52,734 [om1@group-C5BA1605619E-LeaderElection38] INFO  impl.LeaderElection (LeaderElection.java:askForVotes(306)) - om1@group-C5BA1605619E-LeaderElection38 ELECTION round 0: submit vote requests at term 1 for -1: [om1|rpc:localhost:9872|priority:0], old=null
2022-01-11 23:53:52,735 [om1@group-C5BA1605619E-LeaderElection38] INFO  impl.LeaderElection (LeaderElection.java:askForVotes(308)) - om1@group-C5BA1605619E-LeaderElection38 ELECTION round 0: result PASSED (term=1)
2022-01-11 23:53:52,735 [om1@group-C5BA1605619E-LeaderElection38] INFO  impl.RoleInfo (RoleInfo.java:shutdownLeaderElection(121)) - om1: shutdown om1@group-C5BA1605619E-LeaderElection38
2022-01-11 23:53:52,735 [om1@group-C5BA1605619E-LeaderElection38] INFO  server.RaftServer$Division (RaftServerImpl.java:setRole(290)) - om1@group-C5BA1605619E: changes role from CANDIDATE to LEADER at term 1 for changeToLeader
2022-01-11 23:53:52,735 [om1@group-C5BA1605619E-LeaderElection38] INFO  server.RaftServer$Division (ServerState.java:setLeader(285)) - om1@group-C5BA1605619E: change Leader from null to om1 at term 1 for becomeLeader, leader elected after 1267ms
2022-01-11 23:53:52,735 [om1@group-C5BA1605619E-LeaderElection38] INFO  server.RaftServerConfigKeys (ConfUtils.java:logGet(44)) - raft.server.staging.catchup.gap = 1000 (default)
2022-01-11 23:53:52,735 [om1@group-C5BA1605619E-LeaderElection38] INFO  server.RaftServerConfigKeys (ConfUtils.java:logGet(44)) - raft.server.write.element-limit = 4096 (default)
2022-01-11 23:53:52,735 [om1@group-C5BA1605619E-LeaderElection38] INFO  server.RaftServerConfigKeys (ConfUtils.java:logGet(44)) - raft.server.write.byte-limit = 64MB (=67108864) (default)
2022-01-11 23:53:52,735 [om1@group-C5BA1605619E-LeaderElection38] INFO  server.RaftServerConfigKeys (ConfUtils.java:logGet(44)) - raft.server.watch.timeout = 10s (default)
2022-01-11 23:53:52,735 [om1@group-C5BA1605619E-LeaderElection38] INFO  server.RaftServerConfigKeys (ConfUtils.java:logGet(44)) - raft.server.watch.timeout.denomination = 1s (default)
2022-01-11 23:53:52,735 [om1@group-C5BA1605619E-LeaderElection38] INFO  server.RaftServerConfigKeys (ConfUtils.java:logGet(44)) - raft.server.watch.element-limit = 65536 (default)
2022-01-11 23:53:52,735 [om1@group-C5BA1605619E-LeaderElection38] INFO  server.RaftServerConfigKeys (ConfUtils.java:logGet(44)) - raft.server.write.element-limit = 4096 (default)
2022-01-11 23:53:52,736 [om1@group-C5BA1605619E-LeaderElection38] INFO  server.RaftServerConfigKeys (ConfUtils.java:logGet(44)) - raft.server.write.follower.gap.ratio.max = -1.0 (default)
2022-01-11 23:53:52,736 [om1@group-C5BA1605619E-LeaderElection38] INFO  impl.RoleInfo (RoleInfo.java:updateAndGet(130)) - om1: start om1@group-C5BA1605619E-LeaderStateImpl
2022-01-11 23:53:52,736 [om1@group-C5BA1605619E-LeaderElection38] INFO  segmented.SegmentedRaftLogWorker (SegmentedRaftLogWorker.java:startLogSegment(394)) - om1@group-C5BA1605619E-SegmentedRaftLogWorker: Starting segment from index:0
2022-01-11 23:53:52,746 [om1@group-C5BA1605619E-LeaderElection38] INFO  server.RaftServer$Division (ServerState.java:setRaftConf(387)) - om1@group-C5BA1605619E: set configuration 0: [om1|rpc:localhost:9872|admin:|client:|dataStream:|priority:0], old=null
2022-01-11 23:53:52,753 [om1@group-C5BA1605619E-SegmentedRaftLogWorker] INFO  segmented.SegmentedRaftLogWorker (SegmentedRaftLogWorker.java:execute(601)) - om1@group-C5BA1605619E-SegmentedRaftLogWorker: created new log segment /home/runner/work/ozone/ozone/hadoop-ozone/integration-test/target/test-dir/MiniOzoneClusterImpl-84b3519b-a2d3-47e7-8c84-34506f72c9f7/ozone-meta/ratis/bf265839-605b-3f16-9796-c5ba1605619e/current/log_inprogress_0
2022-01-11 23:53:52,773 [om1@group-C5BA1605619E-StateMachineUpdater] INFO  ratis.OzoneManagerStateMachine (OzoneManagerStateMachine.java:notifyConfigurationChanged(188)) - Received Configuration change notification from Ratis. New Peer list:
[id: "om1"
address: "localhost:9872"
]
2022-01-11 23:53:52,804 [Listener at 127.0.0.1/46043] INFO  http.BaseHttpServer (BaseHttpServer.java:newHttpServer2BuilderForOzone(209)) - Starting Web-server for hddsDatanode at: http://0.0.0.0:0
2022-01-11 23:53:52,809 [Listener at 127.0.0.1/46043] INFO  http.BaseHttpServer (BaseHttpServer.java:<init>(107)) - Hadoop Security Enabled: false Ozone Security Enabled: false Ozone HTTP Security Enabled: false 
2022-01-11 23:53:52,810 [Listener at 127.0.0.1/46043] INFO  server.AuthenticationFilter (AuthenticationFilter.java:constructSecretProvider(240)) - Unable to initialize FileSignerSecretProvider, falling back to use random secrets.
2022-01-11 23:53:52,814 [Listener at 127.0.0.1/46043] WARN  http.HttpRequestLog (HttpRequestLog.java:getRequestLog(103)) - Jetty request log can only be enabled using Log4j
2022-01-11 23:53:52,815 [Listener at 127.0.0.1/46043] INFO  http.HttpServer2 (HttpServer2.java:addGlobalFilter(1030)) - Added global filter 'safety' (class=org.apache.hadoop.hdds.server.http.HttpServer2$QuotingInputFilter)
2022-01-11 23:53:52,815 [Listener at 127.0.0.1/46043] INFO  http.HttpServer2 (HttpServer2.java:addFilter(1006)) - Added filter static_user_filter (class=org.apache.hadoop.http.lib.StaticUserWebFilter$StaticUserFilter) to context hddsDatanode
2022-01-11 23:53:52,816 [Listener at 127.0.0.1/46043] INFO  http.HttpServer2 (HttpServer2.java:addFilter(1014)) - Added filter static_user_filter (class=org.apache.hadoop.http.lib.StaticUserWebFilter$StaticUserFilter) to context static
2022-01-11 23:53:52,816 [Listener at 127.0.0.1/46043] INFO  http.HttpServer2 (HttpServer2.java:addFilter(1014)) - Added filter static_user_filter (class=org.apache.hadoop.http.lib.StaticUserWebFilter$StaticUserFilter) to context logs
2022-01-11 23:53:52,816 [Listener at 127.0.0.1/46043] INFO  http.HttpServer2 (HttpServer2.java:bindListener(1249)) - Jetty bound to port 32959
2022-01-11 23:53:52,816 [Listener at 127.0.0.1/46043] INFO  server.Server (Server.java:doStart(375)) - jetty-9.4.43.v20210629; built: 2021-06-30T11:07:22.254Z; git: 526006ecfa3af7f1a27ef3a288e2bef7ea9dd7e8; jvm 1.8.0_292-b10
2022-01-11 23:53:52,915 [Listener at 127.0.0.1/46043] INFO  server.session (DefaultSessionIdManager.java:doStart(334)) - DefaultSessionIdManager workerName=node0
2022-01-11 23:53:52,915 [Listener at 127.0.0.1/46043] INFO  server.session (DefaultSessionIdManager.java:doStart(339)) - No SessionScavenger set, using defaults
2022-01-11 23:53:52,915 [Listener at 127.0.0.1/46043] INFO  server.session (HouseKeeper.java:startScavenging(132)) - node0 Scavenging every 600000ms
2022-01-11 23:53:52,917 [Listener at 127.0.0.1/46043] INFO  handler.ContextHandler (ContextHandler.java:doStart(915)) - Started o.e.j.s.ServletContextHandler@59f8f903{logs,/logs,file:///home/runner/work/ozone/ozone/hadoop-ozone/integration-test/target/log,AVAILABLE}
2022-01-11 23:53:52,917 [Listener at 127.0.0.1/46043] INFO  handler.ContextHandler (ContextHandler.java:doStart(915)) - Started o.e.j.s.ServletContextHandler@6b3472d7{static,/static,jar:file:/home/runner/.m2/repository/org/apache/ozone/hdds-container-service/1.3.0-SNAPSHOT/hdds-container-service-1.3.0-SNAPSHOT.jar!/webapps/static,AVAILABLE}
2022-01-11 23:53:53,068 [Listener at 127.0.0.1/46043] INFO  handler.ContextHandler (ContextHandler.java:doStart(915)) - Started o.e.j.w.WebAppContext@33a844ff{hddsDatanode,/,file:///tmp/jetty-0_0_0_0-32959-hdds-container-service-1_3_0-SNAPSHOT_jar-_-any-4050945430519050217/webapp/,AVAILABLE}{jar:file:/home/runner/.m2/repository/org/apache/ozone/hdds-container-service/1.3.0-SNAPSHOT/hdds-container-service-1.3.0-SNAPSHOT.jar!/webapps/hddsDatanode}
2022-01-11 23:53:53,073 [Listener at 127.0.0.1/46043] INFO  server.AbstractConnector (AbstractConnector.java:doStart(331)) - Started ServerConnector@725d23ee{HTTP/1.1, (http/1.1)}{0.0.0.0:32959}
2022-01-11 23:53:53,077 [Listener at 127.0.0.1/46043] INFO  server.Server (Server.java:doStart(415)) - Started @88660ms
2022-01-11 23:53:53,077 [Listener at 127.0.0.1/46043] WARN  impl.MetricsSystemImpl (MetricsSystemImpl.java:register(279)) - Sink prometheus already exists!
2022-01-11 23:53:53,077 [Listener at 127.0.0.1/46043] INFO  http.BaseHttpServer (BaseHttpServer.java:updateConnectorAddress(329)) - HTTP server of hddsDatanode listening at http://0.0.0.0:32959
2022-01-11 23:53:53,080 [Listener at 127.0.0.1/46043] WARN  impl.MetricRegistriesImpl (MetricRegistriesImpl.java:addReporterRegistration(111)) - New reporters are added after registries were created. Some metrics will be missing from the reporter. Please add reporter before adding any new registry.
2022-01-11 23:53:53,080 [Listener at 127.0.0.1/46043] WARN  impl.MetricRegistriesImpl (MetricRegistriesImpl.java:addReporterRegistration(111)) - New reporters are added after registries were created. Some metrics will be missing from the reporter. Please add reporter before adding any new registry.
2022-01-11 23:53:53,080 [Listener at 127.0.0.1/46043] INFO  impl.MetricsSystemImpl (MetricsSystemImpl.java:init(158)) - HddsDatanode metrics system started (again)
2022-01-11 23:53:53,093 [Datanode State Machine Daemon Thread] INFO  statemachine.DatanodeStateMachine (DatanodeStateMachine.java:lambda$startDaemon$0(470)) - Ozone container server started.
2022-01-11 23:53:53,136 [Listener at 127.0.0.1/46043] INFO  ozone.HddsDatanodeService (HddsDatanodeService.java:start(234)) - HddsDatanodeService host:fv-az59-280.csjynl4pkq3e1pkirw3ssqjfoh.cx.internal.cloudapp.net ip:10.1.0.37
2022-01-11 23:53:53,183 [org.apache.hadoop.util.JvmPauseMonitor$Monitor@50ce0765] INFO  util.JvmPauseMonitor (JvmPauseMonitor.java:run(188)) - Starting JVM pause monitor
2022-01-11 23:53:53,197 [Listener at 127.0.0.1/46043] INFO  upgrade.AbstractLayoutVersionManager (AbstractLayoutVersionManager.java:init(79)) - Initializing Layout version manager with metadata layout = SCM_HA (version = 2), software layout = SCM_HA (version = 2)
2022-01-11 23:53:53,221 [Datanode State Machine Task Thread - 0] INFO  datanode.InitDatanodeState (InitDatanodeState.java:persistContainerDatanodeDetails(145)) - DatanodeDetails is persisted to /home/runner/work/ozone/ozone/hadoop-ozone/integration-test/target/test-dir/MiniOzoneClusterImpl-84b3519b-a2d3-47e7-8c84-34506f72c9f7/datanode-1/meta/datanode.id
2022-01-11 23:53:53,331 [Listener at 127.0.0.1/46043] INFO  reflections.Reflections (Reflections.java:scan(232)) - Reflections took 105 ms to scan 7 urls, producing 119 keys and 279 values 
2022-01-11 23:53:53,335 [Listener at 127.0.0.1/46043] INFO  statemachine.DatanodeStateMachine (DatanodeStateMachine.java:getEndPointTaskThreadPoolSize(222)) - Datanode State Machine Task Thread Pool size 2
2022-01-11 23:53:53,340 [Listener at 127.0.0.1/46043] INFO  volume.HddsVolume (HddsVolume.java:<init>(120)) - Creating HddsVolume: /home/runner/work/ozone/ozone/hadoop-ozone/integration-test/target/test-dir/MiniOzoneClusterImpl-84b3519b-a2d3-47e7-8c84-34506f72c9f7/datanode-2/data-0/containers/hdds of storage type : DISK capacity : 9223372036854775807
2022-01-11 23:53:53,340 [Listener at 127.0.0.1/46043] INFO  volume.MutableVolumeSet (MutableVolumeSet.java:initializeVolumeSet(168)) - Added Volume : /home/runner/work/ozone/ozone/hadoop-ozone/integration-test/target/test-dir/MiniOzoneClusterImpl-84b3519b-a2d3-47e7-8c84-34506f72c9f7/datanode-2/data-0/containers/hdds to VolumeSet
2022-01-11 23:53:53,340 [Listener at 127.0.0.1/46043] INFO  volume.ThrottledAsyncChecker (ThrottledAsyncChecker.java:schedule(141)) - Scheduling a check for /home/runner/work/ozone/ozone/hadoop-ozone/integration-test/target/test-dir/MiniOzoneClusterImpl-84b3519b-a2d3-47e7-8c84-34506f72c9f7/datanode-2/data-0/containers/hdds
2022-01-11 23:53:53,345 [Listener at 127.0.0.1/46043] INFO  volume.StorageVolumeChecker (StorageVolumeChecker.java:checkAllVolumes(202)) - Scheduled health check for volume /home/runner/work/ozone/ozone/hadoop-ozone/integration-test/target/test-dir/MiniOzoneClusterImpl-84b3519b-a2d3-47e7-8c84-34506f72c9f7/datanode-2/data-0/containers/hdds
2022-01-11 23:53:53,401 [Listener at 127.0.0.1/46043] INFO  volume.MutableVolumeSet (MutableVolumeSet.java:initializeVolumeSet(168)) - Added Volume : /home/runner/work/ozone/ozone/hadoop-ozone/integration-test/target/test-dir/MiniOzoneClusterImpl-84b3519b-a2d3-47e7-8c84-34506f72c9f7/datanode-2/data/ratis to VolumeSet
2022-01-11 23:53:53,402 [Listener at 127.0.0.1/46043] INFO  volume.ThrottledAsyncChecker (ThrottledAsyncChecker.java:schedule(141)) - Scheduling a check for /home/runner/work/ozone/ozone/hadoop-ozone/integration-test/target/test-dir/MiniOzoneClusterImpl-84b3519b-a2d3-47e7-8c84-34506f72c9f7/datanode-2/data/ratis
2022-01-11 23:53:53,402 [Listener at 127.0.0.1/46043] INFO  volume.StorageVolumeChecker (StorageVolumeChecker.java:checkAllVolumes(202)) - Scheduled health check for volume /home/runner/work/ozone/ozone/hadoop-ozone/integration-test/target/test-dir/MiniOzoneClusterImpl-84b3519b-a2d3-47e7-8c84-34506f72c9f7/datanode-2/data/ratis
2022-01-11 23:53:53,459 [Thread-845] INFO  ozoneimpl.ContainerReader (ContainerReader.java:readVolume(172)) - Finish verifying containers on volume /home/runner/work/ozone/ozone/hadoop-ozone/integration-test/target/test-dir/MiniOzoneClusterImpl-84b3519b-a2d3-47e7-8c84-34506f72c9f7/datanode-2/data-0/containers/hdds
2022-01-11 23:53:53,459 [Listener at 127.0.0.1/46043] INFO  ozoneimpl.OzoneContainer (OzoneContainer.java:buildContainerSet(237)) - Build ContainerSet costs 0s
2022-01-11 23:53:53,461 [Listener at 127.0.0.1/46043] INFO  server.RaftServer (ConfUtils.java:logGet(44)) - raft.rpc.type = GRPC (default)
2022-01-11 23:53:53,461 [Listener at 127.0.0.1/46043] INFO  grpc.GrpcFactory (GrpcFactory.java:checkPooledByteBufAllocatorUseCacheForAllThreads(48)) - PERFORMANCE WARNING: useCacheForAllThreads is true that may cause Netty to create a lot garbage objects and, as a result, trigger GC.
	It is recommended to disable useCacheForAllThreads by setting -Dorg.apache.ratis.thirdparty.io.netty.allocator.useCacheForAllThreads=false in command line.
2022-01-11 23:53:53,461 [Listener at 127.0.0.1/46043] INFO  grpc.GrpcConfigKeys (ConfUtils.java:logGet(44)) - raft.grpc.admin.port = 0 (custom)
2022-01-11 23:53:53,461 [Listener at 127.0.0.1/46043] INFO  grpc.GrpcConfigKeys (ConfUtils.java:logGet(44)) - raft.grpc.client.port = 0 (custom)
2022-01-11 23:53:53,462 [Listener at 127.0.0.1/46043] INFO  grpc.GrpcConfigKeys (ConfUtils.java:logGet(44)) - raft.grpc.server.port = 0 (default)
2022-01-11 23:53:53,462 [Listener at 127.0.0.1/46043] INFO  server.GrpcService (ConfUtils.java:logGet(44)) - raft.grpc.message.size.max = 32MB (=33554432) (custom)
2022-01-11 23:53:53,462 [Listener at 127.0.0.1/46043] INFO  server.RaftServerConfigKeys (ConfUtils.java:logGet(44)) - raft.server.log.appender.buffer.byte-limit = 33554432 (custom)
2022-01-11 23:53:53,462 [Listener at 127.0.0.1/46043] INFO  server.GrpcService (ConfUtils.java:logGet(44)) - raft.grpc.flow.control.window = 5MB (=5242880) (custom)
2022-01-11 23:53:53,462 [Listener at 127.0.0.1/46043] INFO  server.RaftServerConfigKeys (ConfUtils.java:logGet(44)) - raft.server.rpc.request.timeout = 3000ms (default)
2022-01-11 23:53:53,463 [Listener at 127.0.0.1/46043] INFO  impl.DataStreamServerImpl (ConfUtils.java:logGet(44)) - raft.datastream.type = DISABLED (default)
2022-01-11 23:53:53,463 [Listener at 127.0.0.1/46043] INFO  server.RaftServerConfigKeys (ConfUtils.java:logGet(44)) - raft.server.rpc.slowness.timeout = 300000ms (custom)
2022-01-11 23:53:53,463 [Listener at 127.0.0.1/46043] INFO  server.RaftServerConfigKeys (ConfUtils.java:logGet(44)) - raft.server.leaderelection.leader.step-down.wait-time = 10s (default)
2022-01-11 23:53:53,463 [Listener at 127.0.0.1/46043] INFO  server.RaftServerConfigKeys (ConfUtils.java:logGet(44)) - raft.server.storage.dir = [/home/runner/work/ozone/ozone/hadoop-ozone/integration-test/target/test-dir/MiniOzoneClusterImpl-84b3519b-a2d3-47e7-8c84-34506f72c9f7/datanode-2/data/ratis] (custom)
2022-01-11 23:53:53,464 [Listener at 127.0.0.1/46043] INFO  server.XceiverServerGrpc (XceiverServerGrpc.java:<init>(132)) - GrpcServer channel type EpollServerSocketChannel
2022-01-11 23:53:53,493 [Listener at 127.0.0.1/46043] INFO  http.BaseHttpServer (BaseHttpServer.java:newHttpServer2BuilderForOzone(209)) - Starting Web-server for hddsDatanode at: http://0.0.0.0:0
2022-01-11 23:53:53,493 [Listener at 127.0.0.1/46043] INFO  http.BaseHttpServer (BaseHttpServer.java:<init>(107)) - Hadoop Security Enabled: false Ozone Security Enabled: false Ozone HTTP Security Enabled: false 
2022-01-11 23:53:53,494 [Listener at 127.0.0.1/46043] INFO  server.AuthenticationFilter (AuthenticationFilter.java:constructSecretProvider(240)) - Unable to initialize FileSignerSecretProvider, falling back to use random secrets.
2022-01-11 23:53:53,511 [Listener at 127.0.0.1/46043] WARN  http.HttpRequestLog (HttpRequestLog.java:getRequestLog(103)) - Jetty request log can only be enabled using Log4j
2022-01-11 23:53:53,512 [Listener at 127.0.0.1/46043] INFO  http.HttpServer2 (HttpServer2.java:addGlobalFilter(1030)) - Added global filter 'safety' (class=org.apache.hadoop.hdds.server.http.HttpServer2$QuotingInputFilter)
2022-01-11 23:53:53,513 [Listener at 127.0.0.1/46043] INFO  http.HttpServer2 (HttpServer2.java:addFilter(1006)) - Added filter static_user_filter (class=org.apache.hadoop.http.lib.StaticUserWebFilter$StaticUserFilter) to context hddsDatanode
2022-01-11 23:53:53,513 [Listener at 127.0.0.1/46043] INFO  http.HttpServer2 (HttpServer2.java:addFilter(1014)) - Added filter static_user_filter (class=org.apache.hadoop.http.lib.StaticUserWebFilter$StaticUserFilter) to context static
2022-01-11 23:53:53,513 [Listener at 127.0.0.1/46043] INFO  http.HttpServer2 (HttpServer2.java:addFilter(1014)) - Added filter static_user_filter (class=org.apache.hadoop.http.lib.StaticUserWebFilter$StaticUserFilter) to context logs
2022-01-11 23:53:53,513 [Listener at 127.0.0.1/46043] INFO  http.HttpServer2 (HttpServer2.java:bindListener(1249)) - Jetty bound to port 44209
2022-01-11 23:53:53,514 [Listener at 127.0.0.1/46043] INFO  server.Server (Server.java:doStart(375)) - jetty-9.4.43.v20210629; built: 2021-06-30T11:07:22.254Z; git: 526006ecfa3af7f1a27ef3a288e2bef7ea9dd7e8; jvm 1.8.0_292-b10
2022-01-11 23:53:53,531 [Listener at 127.0.0.1/46043] INFO  server.session (DefaultSessionIdManager.java:doStart(334)) - DefaultSessionIdManager workerName=node0
2022-01-11 23:53:53,531 [Listener at 127.0.0.1/46043] INFO  server.session (DefaultSessionIdManager.java:doStart(339)) - No SessionScavenger set, using defaults
2022-01-11 23:53:53,532 [Listener at 127.0.0.1/46043] INFO  server.session (HouseKeeper.java:startScavenging(132)) - node0 Scavenging every 660000ms
2022-01-11 23:53:53,532 [Listener at 127.0.0.1/46043] INFO  handler.ContextHandler (ContextHandler.java:doStart(915)) - Started o.e.j.s.ServletContextHandler@69b2effd{logs,/logs,file:///home/runner/work/ozone/ozone/hadoop-ozone/integration-test/target/log,AVAILABLE}
2022-01-11 23:53:53,533 [Listener at 127.0.0.1/46043] INFO  handler.ContextHandler (ContextHandler.java:doStart(915)) - Started o.e.j.s.ServletContextHandler@341936e7{static,/static,jar:file:/home/runner/.m2/repository/org/apache/ozone/hdds-container-service/1.3.0-SNAPSHOT/hdds-container-service-1.3.0-SNAPSHOT.jar!/webapps/static,AVAILABLE}
2022-01-11 23:53:53,607 [Listener at 127.0.0.1/46043] INFO  handler.ContextHandler (ContextHandler.java:doStart(915)) - Started o.e.j.w.WebAppContext@41e0a5cb{hddsDatanode,/,file:///tmp/jetty-0_0_0_0-44209-hdds-container-service-1_3_0-SNAPSHOT_jar-_-any-1285088492429401851/webapp/,AVAILABLE}{jar:file:/home/runner/.m2/repository/org/apache/ozone/hdds-container-service/1.3.0-SNAPSHOT/hdds-container-service-1.3.0-SNAPSHOT.jar!/webapps/hddsDatanode}
2022-01-11 23:53:53,621 [Listener at 127.0.0.1/46043] INFO  server.AbstractConnector (AbstractConnector.java:doStart(331)) - Started ServerConnector@53a4b66c{HTTP/1.1, (http/1.1)}{0.0.0.0:44209}
2022-01-11 23:53:53,622 [Listener at 127.0.0.1/46043] INFO  server.Server (Server.java:doStart(415)) - Started @89205ms
2022-01-11 23:53:53,623 [Listener at 127.0.0.1/46043] WARN  impl.MetricsSystemImpl (MetricsSystemImpl.java:register(279)) - Sink prometheus already exists!
2022-01-11 23:53:53,626 [Listener at 127.0.0.1/46043] INFO  http.BaseHttpServer (BaseHttpServer.java:updateConnectorAddress(329)) - HTTP server of hddsDatanode listening at http://0.0.0.0:44209
2022-01-11 23:53:53,627 [Listener at 127.0.0.1/46043] WARN  impl.MetricRegistriesImpl (MetricRegistriesImpl.java:addReporterRegistration(111)) - New reporters are added after registries were created. Some metrics will be missing from the reporter. Please add reporter before adding any new registry.
2022-01-11 23:53:53,627 [Listener at 127.0.0.1/46043] WARN  impl.MetricRegistriesImpl (MetricRegistriesImpl.java:addReporterRegistration(111)) - New reporters are added after registries were created. Some metrics will be missing from the reporter. Please add reporter before adding any new registry.
2022-01-11 23:53:53,628 [Listener at 127.0.0.1/46043] INFO  impl.MetricsSystemImpl (MetricsSystemImpl.java:init(158)) - HddsDatanode metrics system started (again)
2022-01-11 23:53:53,639 [Datanode State Machine Daemon Thread] INFO  statemachine.DatanodeStateMachine (DatanodeStateMachine.java:lambda$startDaemon$0(470)) - Ozone container server started.
2022-01-11 23:53:53,657 [Listener at 127.0.0.1/46043] INFO  ozone.HddsDatanodeService (HddsDatanodeService.java:start(234)) - HddsDatanodeService host:fv-az59-280.csjynl4pkq3e1pkirw3ssqjfoh.cx.internal.cloudapp.net ip:10.1.0.37
2022-01-11 23:53:53,675 [org.apache.hadoop.util.JvmPauseMonitor$Monitor@5b2d036a] INFO  util.JvmPauseMonitor (JvmPauseMonitor.java:run(188)) - Starting JVM pause monitor
2022-01-11 23:53:53,689 [Datanode State Machine Task Thread - 0] INFO  datanode.InitDatanodeState (InitDatanodeState.java:persistContainerDatanodeDetails(145)) - DatanodeDetails is persisted to /home/runner/work/ozone/ozone/hadoop-ozone/integration-test/target/test-dir/MiniOzoneClusterImpl-84b3519b-a2d3-47e7-8c84-34506f72c9f7/datanode-2/meta/datanode.id
2022-01-11 23:53:53,711 [Listener at 127.0.0.1/46043] INFO  upgrade.AbstractLayoutVersionManager (AbstractLayoutVersionManager.java:init(79)) - Initializing Layout version manager with metadata layout = SCM_HA (version = 2), software layout = SCM_HA (version = 2)
2022-01-11 23:53:53,856 [Listener at 127.0.0.1/46043] INFO  reflections.Reflections (Reflections.java:scan(232)) - Reflections took 144 ms to scan 7 urls, producing 119 keys and 279 values 
2022-01-11 23:53:53,857 [Listener at 127.0.0.1/46043] INFO  statemachine.DatanodeStateMachine (DatanodeStateMachine.java:getEndPointTaskThreadPoolSize(222)) - Datanode State Machine Task Thread Pool size 2
2022-01-11 23:53:53,877 [Listener at 127.0.0.1/46043] INFO  volume.HddsVolume (HddsVolume.java:<init>(120)) - Creating HddsVolume: /home/runner/work/ozone/ozone/hadoop-ozone/integration-test/target/test-dir/MiniOzoneClusterImpl-84b3519b-a2d3-47e7-8c84-34506f72c9f7/datanode-3/data-0/containers/hdds of storage type : DISK capacity : 9223372036854775807
2022-01-11 23:53:53,877 [Listener at 127.0.0.1/46043] INFO  volume.MutableVolumeSet (MutableVolumeSet.java:initializeVolumeSet(168)) - Added Volume : /home/runner/work/ozone/ozone/hadoop-ozone/integration-test/target/test-dir/MiniOzoneClusterImpl-84b3519b-a2d3-47e7-8c84-34506f72c9f7/datanode-3/data-0/containers/hdds to VolumeSet
2022-01-11 23:53:53,878 [Listener at 127.0.0.1/46043] INFO  volume.ThrottledAsyncChecker (ThrottledAsyncChecker.java:schedule(141)) - Scheduling a check for /home/runner/work/ozone/ozone/hadoop-ozone/integration-test/target/test-dir/MiniOzoneClusterImpl-84b3519b-a2d3-47e7-8c84-34506f72c9f7/datanode-3/data-0/containers/hdds
2022-01-11 23:53:53,893 [Listener at 127.0.0.1/46043] INFO  volume.StorageVolumeChecker (StorageVolumeChecker.java:checkAllVolumes(202)) - Scheduled health check for volume /home/runner/work/ozone/ozone/hadoop-ozone/integration-test/target/test-dir/MiniOzoneClusterImpl-84b3519b-a2d3-47e7-8c84-34506f72c9f7/datanode-3/data-0/containers/hdds
2022-01-11 23:53:53,937 [Listener at 127.0.0.1/46043] INFO  volume.MutableVolumeSet (MutableVolumeSet.java:initializeVolumeSet(168)) - Added Volume : /home/runner/work/ozone/ozone/hadoop-ozone/integration-test/target/test-dir/MiniOzoneClusterImpl-84b3519b-a2d3-47e7-8c84-34506f72c9f7/datanode-3/data/ratis to VolumeSet
2022-01-11 23:53:53,937 [Listener at 127.0.0.1/46043] INFO  volume.ThrottledAsyncChecker (ThrottledAsyncChecker.java:schedule(141)) - Scheduling a check for /home/runner/work/ozone/ozone/hadoop-ozone/integration-test/target/test-dir/MiniOzoneClusterImpl-84b3519b-a2d3-47e7-8c84-34506f72c9f7/datanode-3/data/ratis
2022-01-11 23:53:53,938 [Listener at 127.0.0.1/46043] INFO  volume.StorageVolumeChecker (StorageVolumeChecker.java:checkAllVolumes(202)) - Scheduled health check for volume /home/runner/work/ozone/ozone/hadoop-ozone/integration-test/target/test-dir/MiniOzoneClusterImpl-84b3519b-a2d3-47e7-8c84-34506f72c9f7/datanode-3/data/ratis
2022-01-11 23:53:53,985 [Thread-857] INFO  ozoneimpl.ContainerReader (ContainerReader.java:readVolume(172)) - Finish verifying containers on volume /home/runner/work/ozone/ozone/hadoop-ozone/integration-test/target/test-dir/MiniOzoneClusterImpl-84b3519b-a2d3-47e7-8c84-34506f72c9f7/datanode-3/data-0/containers/hdds
2022-01-11 23:53:53,985 [Listener at 127.0.0.1/46043] INFO  ozoneimpl.OzoneContainer (OzoneContainer.java:buildContainerSet(237)) - Build ContainerSet costs 0s
2022-01-11 23:53:53,989 [Listener at 127.0.0.1/46043] INFO  server.RaftServer (ConfUtils.java:logGet(44)) - raft.rpc.type = GRPC (default)
2022-01-11 23:53:53,989 [Listener at 127.0.0.1/46043] INFO  grpc.GrpcFactory (GrpcFactory.java:checkPooledByteBufAllocatorUseCacheForAllThreads(48)) - PERFORMANCE WARNING: useCacheForAllThreads is true that may cause Netty to create a lot garbage objects and, as a result, trigger GC.
	It is recommended to disable useCacheForAllThreads by setting -Dorg.apache.ratis.thirdparty.io.netty.allocator.useCacheForAllThreads=false in command line.
2022-01-11 23:53:53,989 [Listener at 127.0.0.1/46043] INFO  grpc.GrpcConfigKeys (ConfUtils.java:logGet(44)) - raft.grpc.admin.port = 0 (custom)
2022-01-11 23:53:53,989 [Listener at 127.0.0.1/46043] INFO  grpc.GrpcConfigKeys (ConfUtils.java:logGet(44)) - raft.grpc.client.port = 0 (custom)
2022-01-11 23:53:53,990 [Listener at 127.0.0.1/46043] INFO  grpc.GrpcConfigKeys (ConfUtils.java:logGet(44)) - raft.grpc.server.port = 0 (default)
2022-01-11 23:53:53,990 [Listener at 127.0.0.1/46043] INFO  server.GrpcService (ConfUtils.java:logGet(44)) - raft.grpc.message.size.max = 32MB (=33554432) (custom)
2022-01-11 23:53:53,990 [Listener at 127.0.0.1/46043] INFO  server.RaftServerConfigKeys (ConfUtils.java:logGet(44)) - raft.server.log.appender.buffer.byte-limit = 33554432 (custom)
2022-01-11 23:53:53,990 [Listener at 127.0.0.1/46043] INFO  server.GrpcService (ConfUtils.java:logGet(44)) - raft.grpc.flow.control.window = 5MB (=5242880) (custom)
2022-01-11 23:53:53,995 [Listener at 127.0.0.1/46043] INFO  server.RaftServerConfigKeys (ConfUtils.java:logGet(44)) - raft.server.rpc.request.timeout = 3000ms (default)
2022-01-11 23:53:53,996 [Listener at 127.0.0.1/46043] INFO  impl.DataStreamServerImpl (ConfUtils.java:logGet(44)) - raft.datastream.type = DISABLED (default)
2022-01-11 23:53:53,996 [Listener at 127.0.0.1/46043] INFO  server.RaftServerConfigKeys (ConfUtils.java:logGet(44)) - raft.server.rpc.slowness.timeout = 300000ms (custom)
2022-01-11 23:53:53,996 [Listener at 127.0.0.1/46043] INFO  server.RaftServerConfigKeys (ConfUtils.java:logGet(44)) - raft.server.leaderelection.leader.step-down.wait-time = 10s (default)
2022-01-11 23:53:53,997 [Listener at 127.0.0.1/46043] INFO  server.RaftServerConfigKeys (ConfUtils.java:logGet(44)) - raft.server.storage.dir = [/home/runner/work/ozone/ozone/hadoop-ozone/integration-test/target/test-dir/MiniOzoneClusterImpl-84b3519b-a2d3-47e7-8c84-34506f72c9f7/datanode-3/data/ratis] (custom)
2022-01-11 23:53:53,998 [Listener at 127.0.0.1/46043] INFO  server.XceiverServerGrpc (XceiverServerGrpc.java:<init>(132)) - GrpcServer channel type EpollServerSocketChannel
2022-01-11 23:53:54,034 [Listener at 127.0.0.1/46043] INFO  http.BaseHttpServer (BaseHttpServer.java:newHttpServer2BuilderForOzone(209)) - Starting Web-server for hddsDatanode at: http://0.0.0.0:0
2022-01-11 23:53:54,034 [Listener at 127.0.0.1/46043] INFO  http.BaseHttpServer (BaseHttpServer.java:<init>(107)) - Hadoop Security Enabled: false Ozone Security Enabled: false Ozone HTTP Security Enabled: false 
2022-01-11 23:53:54,035 [Listener at 127.0.0.1/46043] INFO  server.AuthenticationFilter (AuthenticationFilter.java:constructSecretProvider(240)) - Unable to initialize FileSignerSecretProvider, falling back to use random secrets.
2022-01-11 23:53:54,035 [Listener at 127.0.0.1/46043] WARN  http.HttpRequestLog (HttpRequestLog.java:getRequestLog(103)) - Jetty request log can only be enabled using Log4j
2022-01-11 23:53:54,036 [Listener at 127.0.0.1/46043] INFO  http.HttpServer2 (HttpServer2.java:addGlobalFilter(1030)) - Added global filter 'safety' (class=org.apache.hadoop.hdds.server.http.HttpServer2$QuotingInputFilter)
2022-01-11 23:53:54,037 [Listener at 127.0.0.1/46043] INFO  http.HttpServer2 (HttpServer2.java:addFilter(1006)) - Added filter static_user_filter (class=org.apache.hadoop.http.lib.StaticUserWebFilter$StaticUserFilter) to context hddsDatanode
2022-01-11 23:53:54,037 [Listener at 127.0.0.1/46043] INFO  http.HttpServer2 (HttpServer2.java:addFilter(1014)) - Added filter static_user_filter (class=org.apache.hadoop.http.lib.StaticUserWebFilter$StaticUserFilter) to context logs
2022-01-11 23:53:54,037 [Listener at 127.0.0.1/46043] INFO  http.HttpServer2 (HttpServer2.java:addFilter(1014)) - Added filter static_user_filter (class=org.apache.hadoop.http.lib.StaticUserWebFilter$StaticUserFilter) to context static
2022-01-11 23:53:54,037 [Listener at 127.0.0.1/46043] INFO  http.HttpServer2 (HttpServer2.java:bindListener(1249)) - Jetty bound to port 35071
2022-01-11 23:53:54,038 [Listener at 127.0.0.1/46043] INFO  server.Server (Server.java:doStart(375)) - jetty-9.4.43.v20210629; built: 2021-06-30T11:07:22.254Z; git: 526006ecfa3af7f1a27ef3a288e2bef7ea9dd7e8; jvm 1.8.0_292-b10
2022-01-11 23:53:54,046 [Listener at 127.0.0.1/46043] INFO  server.session (DefaultSessionIdManager.java:doStart(334)) - DefaultSessionIdManager workerName=node0
2022-01-11 23:53:54,047 [Listener at 127.0.0.1/46043] INFO  server.session (DefaultSessionIdManager.java:doStart(339)) - No SessionScavenger set, using defaults
2022-01-11 23:53:54,047 [Listener at 127.0.0.1/46043] INFO  server.session (HouseKeeper.java:startScavenging(132)) - node0 Scavenging every 600000ms
2022-01-11 23:53:54,047 [Listener at 127.0.0.1/46043] INFO  handler.ContextHandler (ContextHandler.java:doStart(915)) - Started o.e.j.s.ServletContextHandler@3d374abb{logs,/logs,file:///home/runner/work/ozone/ozone/hadoop-ozone/integration-test/target/log,AVAILABLE}
2022-01-11 23:53:54,048 [Listener at 127.0.0.1/46043] INFO  handler.ContextHandler (ContextHandler.java:doStart(915)) - Started o.e.j.s.ServletContextHandler@c5e4ab3{static,/static,jar:file:/home/runner/.m2/repository/org/apache/ozone/hdds-container-service/1.3.0-SNAPSHOT/hdds-container-service-1.3.0-SNAPSHOT.jar!/webapps/static,AVAILABLE}
2022-01-11 23:53:54,174 [Listener at 127.0.0.1/46043] INFO  handler.ContextHandler (ContextHandler.java:doStart(915)) - Started o.e.j.w.WebAppContext@5d0ad4cb{hddsDatanode,/,file:///tmp/jetty-0_0_0_0-35071-hdds-container-service-1_3_0-SNAPSHOT_jar-_-any-7187359128187923757/webapp/,AVAILABLE}{jar:file:/home/runner/.m2/repository/org/apache/ozone/hdds-container-service/1.3.0-SNAPSHOT/hdds-container-service-1.3.0-SNAPSHOT.jar!/webapps/hddsDatanode}
2022-01-11 23:53:54,178 [Listener at 127.0.0.1/46043] INFO  server.AbstractConnector (AbstractConnector.java:doStart(331)) - Started ServerConnector@59c040da{HTTP/1.1, (http/1.1)}{0.0.0.0:35071}
2022-01-11 23:53:54,178 [Listener at 127.0.0.1/46043] INFO  server.Server (Server.java:doStart(415)) - Started @89761ms
2022-01-11 23:53:54,178 [Listener at 127.0.0.1/46043] WARN  impl.MetricsSystemImpl (MetricsSystemImpl.java:register(279)) - Sink prometheus already exists!
2022-01-11 23:53:54,179 [Listener at 127.0.0.1/46043] INFO  http.BaseHttpServer (BaseHttpServer.java:updateConnectorAddress(329)) - HTTP server of hddsDatanode listening at http://0.0.0.0:35071
2022-01-11 23:53:54,184 [Listener at 127.0.0.1/46043] WARN  impl.MetricRegistriesImpl (MetricRegistriesImpl.java:addReporterRegistration(111)) - New reporters are added after registries were created. Some metrics will be missing from the reporter. Please add reporter before adding any new registry.
2022-01-11 23:53:54,184 [Listener at 127.0.0.1/46043] WARN  impl.MetricRegistriesImpl (MetricRegistriesImpl.java:addReporterRegistration(111)) - New reporters are added after registries were created. Some metrics will be missing from the reporter. Please add reporter before adding any new registry.
2022-01-11 23:53:54,184 [Listener at 127.0.0.1/46043] INFO  impl.MetricsSystemImpl (MetricsSystemImpl.java:init(158)) - HddsDatanode metrics system started (again)
2022-01-11 23:53:54,196 [Listener at 127.0.0.1/46043] INFO  ozone.HddsDatanodeService (HddsDatanodeService.java:start(234)) - HddsDatanodeService host:fv-az59-280.csjynl4pkq3e1pkirw3ssqjfoh.cx.internal.cloudapp.net ip:10.1.0.37
2022-01-11 23:53:54,196 [Datanode State Machine Daemon Thread] INFO  statemachine.DatanodeStateMachine (DatanodeStateMachine.java:lambda$startDaemon$0(470)) - Ozone container server started.
2022-01-11 23:53:54,241 [Listener at 127.0.0.1/46043] INFO  upgrade.AbstractLayoutVersionManager (AbstractLayoutVersionManager.java:init(79)) - Initializing Layout version manager with metadata layout = SCM_HA (version = 2), software layout = SCM_HA (version = 2)
2022-01-11 23:53:54,269 [org.apache.hadoop.util.JvmPauseMonitor$Monitor@1960735] INFO  util.JvmPauseMonitor (JvmPauseMonitor.java:run(188)) - Starting JVM pause monitor
2022-01-11 23:53:54,294 [Datanode State Machine Task Thread - 0] INFO  datanode.InitDatanodeState (InitDatanodeState.java:persistContainerDatanodeDetails(145)) - DatanodeDetails is persisted to /home/runner/work/ozone/ozone/hadoop-ozone/integration-test/target/test-dir/MiniOzoneClusterImpl-84b3519b-a2d3-47e7-8c84-34506f72c9f7/datanode-3/meta/datanode.id
2022-01-11 23:53:54,337 [Listener at 127.0.0.1/46043] INFO  reflections.Reflections (Reflections.java:scan(232)) - Reflections took 95 ms to scan 7 urls, producing 119 keys and 279 values 
2022-01-11 23:53:54,346 [Listener at 127.0.0.1/46043] INFO  statemachine.DatanodeStateMachine (DatanodeStateMachine.java:getEndPointTaskThreadPoolSize(222)) - Datanode State Machine Task Thread Pool size 2
2022-01-11 23:53:54,362 [Listener at 127.0.0.1/46043] INFO  volume.HddsVolume (HddsVolume.java:<init>(120)) - Creating HddsVolume: /home/runner/work/ozone/ozone/hadoop-ozone/integration-test/target/test-dir/MiniOzoneClusterImpl-84b3519b-a2d3-47e7-8c84-34506f72c9f7/datanode-4/data-0/containers/hdds of storage type : DISK capacity : 9223372036854775807
2022-01-11 23:53:54,363 [Listener at 127.0.0.1/46043] INFO  volume.MutableVolumeSet (MutableVolumeSet.java:initializeVolumeSet(168)) - Added Volume : /home/runner/work/ozone/ozone/hadoop-ozone/integration-test/target/test-dir/MiniOzoneClusterImpl-84b3519b-a2d3-47e7-8c84-34506f72c9f7/datanode-4/data-0/containers/hdds to VolumeSet
2022-01-11 23:53:54,363 [Listener at 127.0.0.1/46043] INFO  volume.ThrottledAsyncChecker (ThrottledAsyncChecker.java:schedule(141)) - Scheduling a check for /home/runner/work/ozone/ozone/hadoop-ozone/integration-test/target/test-dir/MiniOzoneClusterImpl-84b3519b-a2d3-47e7-8c84-34506f72c9f7/datanode-4/data-0/containers/hdds
2022-01-11 23:53:54,364 [Listener at 127.0.0.1/46043] INFO  volume.StorageVolumeChecker (StorageVolumeChecker.java:checkAllVolumes(202)) - Scheduled health check for volume /home/runner/work/ozone/ozone/hadoop-ozone/integration-test/target/test-dir/MiniOzoneClusterImpl-84b3519b-a2d3-47e7-8c84-34506f72c9f7/datanode-4/data-0/containers/hdds
2022-01-11 23:53:54,394 [Listener at 127.0.0.1/46043] INFO  volume.MutableVolumeSet (MutableVolumeSet.java:initializeVolumeSet(168)) - Added Volume : /home/runner/work/ozone/ozone/hadoop-ozone/integration-test/target/test-dir/MiniOzoneClusterImpl-84b3519b-a2d3-47e7-8c84-34506f72c9f7/datanode-4/data/ratis to VolumeSet
2022-01-11 23:53:54,395 [Listener at 127.0.0.1/46043] INFO  volume.ThrottledAsyncChecker (ThrottledAsyncChecker.java:schedule(141)) - Scheduling a check for /home/runner/work/ozone/ozone/hadoop-ozone/integration-test/target/test-dir/MiniOzoneClusterImpl-84b3519b-a2d3-47e7-8c84-34506f72c9f7/datanode-4/data/ratis
2022-01-11 23:53:54,395 [Listener at 127.0.0.1/46043] INFO  volume.StorageVolumeChecker (StorageVolumeChecker.java:checkAllVolumes(202)) - Scheduled health check for volume /home/runner/work/ozone/ozone/hadoop-ozone/integration-test/target/test-dir/MiniOzoneClusterImpl-84b3519b-a2d3-47e7-8c84-34506f72c9f7/datanode-4/data/ratis
2022-01-11 23:53:54,452 [Thread-869] INFO  ozoneimpl.ContainerReader (ContainerReader.java:readVolume(172)) - Finish verifying containers on volume /home/runner/work/ozone/ozone/hadoop-ozone/integration-test/target/test-dir/MiniOzoneClusterImpl-84b3519b-a2d3-47e7-8c84-34506f72c9f7/datanode-4/data-0/containers/hdds
2022-01-11 23:53:54,452 [Listener at 127.0.0.1/46043] INFO  ozoneimpl.OzoneContainer (OzoneContainer.java:buildContainerSet(237)) - Build ContainerSet costs 0s
2022-01-11 23:53:54,454 [Listener at 127.0.0.1/46043] INFO  server.RaftServer (ConfUtils.java:logGet(44)) - raft.rpc.type = GRPC (default)
2022-01-11 23:53:54,456 [Listener at 127.0.0.1/46043] INFO  grpc.GrpcFactory (GrpcFactory.java:checkPooledByteBufAllocatorUseCacheForAllThreads(48)) - PERFORMANCE WARNING: useCacheForAllThreads is true that may cause Netty to create a lot garbage objects and, as a result, trigger GC.
	It is recommended to disable useCacheForAllThreads by setting -Dorg.apache.ratis.thirdparty.io.netty.allocator.useCacheForAllThreads=false in command line.
2022-01-11 23:53:54,456 [Listener at 127.0.0.1/46043] INFO  grpc.GrpcConfigKeys (ConfUtils.java:logGet(44)) - raft.grpc.admin.port = 0 (custom)
2022-01-11 23:53:54,456 [Listener at 127.0.0.1/46043] INFO  grpc.GrpcConfigKeys (ConfUtils.java:logGet(44)) - raft.grpc.client.port = 0 (custom)
2022-01-11 23:53:54,456 [Listener at 127.0.0.1/46043] INFO  grpc.GrpcConfigKeys (ConfUtils.java:logGet(44)) - raft.grpc.server.port = 0 (default)
2022-01-11 23:53:54,457 [Listener at 127.0.0.1/46043] INFO  server.GrpcService (ConfUtils.java:logGet(44)) - raft.grpc.message.size.max = 32MB (=33554432) (custom)
2022-01-11 23:53:54,457 [Listener at 127.0.0.1/46043] INFO  server.RaftServerConfigKeys (ConfUtils.java:logGet(44)) - raft.server.log.appender.buffer.byte-limit = 33554432 (custom)
2022-01-11 23:53:54,457 [Listener at 127.0.0.1/46043] INFO  server.GrpcService (ConfUtils.java:logGet(44)) - raft.grpc.flow.control.window = 5MB (=5242880) (custom)
2022-01-11 23:53:54,457 [Listener at 127.0.0.1/46043] INFO  server.RaftServerConfigKeys (ConfUtils.java:logGet(44)) - raft.server.rpc.request.timeout = 3000ms (default)
2022-01-11 23:53:54,481 [Listener at 127.0.0.1/46043] INFO  impl.DataStreamServerImpl (ConfUtils.java:logGet(44)) - raft.datastream.type = DISABLED (default)
2022-01-11 23:53:54,481 [Listener at 127.0.0.1/46043] INFO  server.RaftServerConfigKeys (ConfUtils.java:logGet(44)) - raft.server.rpc.slowness.timeout = 300000ms (custom)
2022-01-11 23:53:54,482 [Listener at 127.0.0.1/46043] INFO  server.RaftServerConfigKeys (ConfUtils.java:logGet(44)) - raft.server.leaderelection.leader.step-down.wait-time = 10s (default)
2022-01-11 23:53:54,482 [Listener at 127.0.0.1/46043] INFO  server.RaftServerConfigKeys (ConfUtils.java:logGet(44)) - raft.server.storage.dir = [/home/runner/work/ozone/ozone/hadoop-ozone/integration-test/target/test-dir/MiniOzoneClusterImpl-84b3519b-a2d3-47e7-8c84-34506f72c9f7/datanode-4/data/ratis] (custom)
2022-01-11 23:53:54,484 [Listener at 127.0.0.1/46043] INFO  server.XceiverServerGrpc (XceiverServerGrpc.java:<init>(132)) - GrpcServer channel type EpollServerSocketChannel
2022-01-11 23:53:54,488 [EndpointStateMachine task thread for /0.0.0.0:39943 - 0 ] INFO  ozoneimpl.OzoneContainer (OzoneContainer.java:start(315)) - Attempting to start container services.
2022-01-11 23:53:54,488 [EndpointStateMachine task thread for /0.0.0.0:39943 - 0 ] INFO  ozoneimpl.OzoneContainer (OzoneContainer.java:startContainerScrub(250)) - Background container scanner has been disabled.
2022-01-11 23:53:54,489 [EndpointStateMachine task thread for /0.0.0.0:39943 - 0 ] INFO  replication.ReplicationServer (ReplicationServer.java:start(111)) - ReplicationServer is started using port 34455
2022-01-11 23:53:54,494 [Listener at 127.0.0.1/46043] INFO  http.BaseHttpServer (BaseHttpServer.java:newHttpServer2BuilderForOzone(209)) - Starting Web-server for hddsDatanode at: http://0.0.0.0:0
2022-01-11 23:53:54,494 [Listener at 127.0.0.1/46043] INFO  http.BaseHttpServer (BaseHttpServer.java:<init>(107)) - Hadoop Security Enabled: false Ozone Security Enabled: false Ozone HTTP Security Enabled: false 
2022-01-11 23:53:54,495 [Listener at 127.0.0.1/46043] INFO  server.AuthenticationFilter (AuthenticationFilter.java:constructSecretProvider(240)) - Unable to initialize FileSignerSecretProvider, falling back to use random secrets.
2022-01-11 23:53:54,497 [EndpointStateMachine task thread for /0.0.0.0:39943 - 0 ] INFO  ratis.XceiverServerRatis (XceiverServerRatis.java:start(484)) - Starting XceiverServerRatis 8eedcce2-fa83-40f2-8f3f-8ae88d3f9c27
2022-01-11 23:53:54,517 [EndpointStateMachine task thread for /0.0.0.0:39943 - 0 ] INFO  server.RaftServer (RaftServerProxy.java:lambda$start$5(374)) - 8eedcce2-fa83-40f2-8f3f-8ae88d3f9c27: start RPC server
2022-01-11 23:53:54,531 [Listener at 127.0.0.1/46043] WARN  http.HttpRequestLog (HttpRequestLog.java:getRequestLog(103)) - Jetty request log can only be enabled using Log4j
2022-01-11 23:53:54,532 [Listener at 127.0.0.1/46043] INFO  http.HttpServer2 (HttpServer2.java:addGlobalFilter(1030)) - Added global filter 'safety' (class=org.apache.hadoop.hdds.server.http.HttpServer2$QuotingInputFilter)
2022-01-11 23:53:54,533 [Listener at 127.0.0.1/46043] INFO  http.HttpServer2 (HttpServer2.java:addFilter(1006)) - Added filter static_user_filter (class=org.apache.hadoop.http.lib.StaticUserWebFilter$StaticUserFilter) to context hddsDatanode
2022-01-11 23:53:54,533 [Listener at 127.0.0.1/46043] INFO  http.HttpServer2 (HttpServer2.java:addFilter(1014)) - Added filter static_user_filter (class=org.apache.hadoop.http.lib.StaticUserWebFilter$StaticUserFilter) to context logs
2022-01-11 23:53:54,533 [Listener at 127.0.0.1/46043] INFO  http.HttpServer2 (HttpServer2.java:addFilter(1014)) - Added filter static_user_filter (class=org.apache.hadoop.http.lib.StaticUserWebFilter$StaticUserFilter) to context static
2022-01-11 23:53:54,534 [Listener at 127.0.0.1/46043] INFO  http.HttpServer2 (HttpServer2.java:bindListener(1249)) - Jetty bound to port 46081
2022-01-11 23:53:54,534 [Listener at 127.0.0.1/46043] INFO  server.Server (Server.java:doStart(375)) - jetty-9.4.43.v20210629; built: 2021-06-30T11:07:22.254Z; git: 526006ecfa3af7f1a27ef3a288e2bef7ea9dd7e8; jvm 1.8.0_292-b10
2022-01-11 23:53:54,534 [EndpointStateMachine task thread for /0.0.0.0:39943 - 0 ] INFO  server.GrpcService (GrpcService.java:startImpl(253)) - 8eedcce2-fa83-40f2-8f3f-8ae88d3f9c27: GrpcService started, listening on 39561
2022-01-11 23:53:54,536 [Listener at 127.0.0.1/46043] INFO  server.session (DefaultSessionIdManager.java:doStart(334)) - DefaultSessionIdManager workerName=node0
2022-01-11 23:53:54,536 [Listener at 127.0.0.1/46043] INFO  server.session (DefaultSessionIdManager.java:doStart(339)) - No SessionScavenger set, using defaults
2022-01-11 23:53:54,536 [Listener at 127.0.0.1/46043] INFO  server.session (HouseKeeper.java:startScavenging(132)) - node0 Scavenging every 660000ms
2022-01-11 23:53:54,537 [Listener at 127.0.0.1/46043] INFO  handler.ContextHandler (ContextHandler.java:doStart(915)) - Started o.e.j.s.ServletContextHandler@deec15f{logs,/logs,file:///home/runner/work/ozone/ozone/hadoop-ozone/integration-test/target/log,AVAILABLE}
2022-01-11 23:53:54,538 [Listener at 127.0.0.1/46043] INFO  handler.ContextHandler (ContextHandler.java:doStart(915)) - Started o.e.j.s.ServletContextHandler@6ebe8f7a{static,/static,jar:file:/home/runner/.m2/repository/org/apache/ozone/hdds-container-service/1.3.0-SNAPSHOT/hdds-container-service-1.3.0-SNAPSHOT.jar!/webapps/static,AVAILABLE}
2022-01-11 23:53:54,567 [EndpointStateMachine task thread for /0.0.0.0:39943 - 0 ] INFO  ratis.XceiverServerRatis (XceiverServerRatis.java:getRealPort(505)) - XceiverServerRatis 8eedcce2-fa83-40f2-8f3f-8ae88d3f9c27 is started using port 39561 for RATIS
2022-01-11 23:53:54,567 [EndpointStateMachine task thread for /0.0.0.0:39943 - 0 ] INFO  ratis.XceiverServerRatis (XceiverServerRatis.java:getRealPort(505)) - XceiverServerRatis 8eedcce2-fa83-40f2-8f3f-8ae88d3f9c27 is started using port 39561 for RATIS_ADMIN
2022-01-11 23:53:54,567 [EndpointStateMachine task thread for /0.0.0.0:39943 - 0 ] INFO  ratis.XceiverServerRatis (XceiverServerRatis.java:getRealPort(505)) - XceiverServerRatis 8eedcce2-fa83-40f2-8f3f-8ae88d3f9c27 is started using port 39561 for RATIS_SERVER
2022-01-11 23:53:54,568 [org.apache.ratis.util.JvmPauseMonitor$$Lambda$538/836759902@1b9374d2] INFO  util.JvmPauseMonitor (JvmPauseMonitor.java:run(103)) - JvmPauseMonitor-8eedcce2-fa83-40f2-8f3f-8ae88d3f9c27: Started
2022-01-11 23:53:54,581 [EndpointStateMachine task thread for /0.0.0.0:39943 - 0 ] INFO  server.XceiverServerGrpc (XceiverServerGrpc.java:start(180)) - XceiverServerGrpc 8eedcce2-fa83-40f2-8f3f-8ae88d3f9c27 is started using port 43687
2022-01-11 23:53:54,693 [Listener at 127.0.0.1/46043] INFO  handler.ContextHandler (ContextHandler.java:doStart(915)) - Started o.e.j.w.WebAppContext@65e8a7d5{hddsDatanode,/,file:///tmp/jetty-0_0_0_0-46081-hdds-container-service-1_3_0-SNAPSHOT_jar-_-any-5746136878013005510/webapp/,AVAILABLE}{jar:file:/home/runner/.m2/repository/org/apache/ozone/hdds-container-service/1.3.0-SNAPSHOT/hdds-container-service-1.3.0-SNAPSHOT.jar!/webapps/hddsDatanode}
2022-01-11 23:53:54,704 [Listener at 127.0.0.1/46043] INFO  server.AbstractConnector (AbstractConnector.java:doStart(331)) - Started ServerConnector@166ab666{HTTP/1.1, (http/1.1)}{0.0.0.0:46081}
2022-01-11 23:53:54,705 [Listener at 127.0.0.1/46043] INFO  server.Server (Server.java:doStart(415)) - Started @90288ms
2022-01-11 23:53:54,705 [Listener at 127.0.0.1/46043] WARN  impl.MetricsSystemImpl (MetricsSystemImpl.java:register(279)) - Sink prometheus already exists!
2022-01-11 23:53:54,705 [Listener at 127.0.0.1/46043] INFO  http.BaseHttpServer (BaseHttpServer.java:updateConnectorAddress(329)) - HTTP server of hddsDatanode listening at http://0.0.0.0:46081
2022-01-11 23:53:54,721 [Listener at 127.0.0.1/46043] WARN  impl.MetricRegistriesImpl (MetricRegistriesImpl.java:addReporterRegistration(111)) - New reporters are added after registries were created. Some metrics will be missing from the reporter. Please add reporter before adding any new registry.
2022-01-11 23:53:54,721 [Listener at 127.0.0.1/46043] WARN  impl.MetricRegistriesImpl (MetricRegistriesImpl.java:addReporterRegistration(111)) - New reporters are added after registries were created. Some metrics will be missing from the reporter. Please add reporter before adding any new registry.
2022-01-11 23:53:54,721 [Listener at 127.0.0.1/46043] INFO  impl.MetricsSystemImpl (MetricsSystemImpl.java:init(158)) - HddsDatanode metrics system started (again)
2022-01-11 23:53:54,739 [Datanode State Machine Daemon Thread] INFO  statemachine.DatanodeStateMachine (DatanodeStateMachine.java:lambda$startDaemon$0(470)) - Ozone container server started.
2022-01-11 23:53:54,762 [Listener at 127.0.0.1/46043] INFO  ozone.HddsDatanodeService (HddsDatanodeService.java:start(234)) - HddsDatanodeService host:fv-az59-280.csjynl4pkq3e1pkirw3ssqjfoh.cx.internal.cloudapp.net ip:10.1.0.37
2022-01-11 23:53:54,785 [Listener at 127.0.0.1/46043] INFO  upgrade.AbstractLayoutVersionManager (AbstractLayoutVersionManager.java:init(79)) - Initializing Layout version manager with metadata layout = SCM_HA (version = 2), software layout = SCM_HA (version = 2)
2022-01-11 23:53:54,798 [org.apache.hadoop.util.JvmPauseMonitor$Monitor@158e5b6a] INFO  util.JvmPauseMonitor (JvmPauseMonitor.java:run(188)) - Starting JVM pause monitor
2022-01-11 23:53:54,833 [Datanode State Machine Task Thread - 0] INFO  datanode.InitDatanodeState (InitDatanodeState.java:persistContainerDatanodeDetails(145)) - DatanodeDetails is persisted to /home/runner/work/ozone/ozone/hadoop-ozone/integration-test/target/test-dir/MiniOzoneClusterImpl-84b3519b-a2d3-47e7-8c84-34506f72c9f7/datanode-4/meta/datanode.id
2022-01-11 23:53:54,928 [Listener at 127.0.0.1/46043] INFO  reflections.Reflections (Reflections.java:scan(232)) - Reflections took 136 ms to scan 7 urls, producing 119 keys and 279 values 
2022-01-11 23:53:54,949 [Listener at 127.0.0.1/46043] INFO  statemachine.DatanodeStateMachine (DatanodeStateMachine.java:getEndPointTaskThreadPoolSize(222)) - Datanode State Machine Task Thread Pool size 2
2022-01-11 23:53:54,962 [Listener at 127.0.0.1/46043] INFO  volume.HddsVolume (HddsVolume.java:<init>(120)) - Creating HddsVolume: /home/runner/work/ozone/ozone/hadoop-ozone/integration-test/target/test-dir/MiniOzoneClusterImpl-84b3519b-a2d3-47e7-8c84-34506f72c9f7/datanode-5/data-0/containers/hdds of storage type : DISK capacity : 9223372036854775807
2022-01-11 23:53:54,962 [Listener at 127.0.0.1/46043] INFO  volume.MutableVolumeSet (MutableVolumeSet.java:initializeVolumeSet(168)) - Added Volume : /home/runner/work/ozone/ozone/hadoop-ozone/integration-test/target/test-dir/MiniOzoneClusterImpl-84b3519b-a2d3-47e7-8c84-34506f72c9f7/datanode-5/data-0/containers/hdds to VolumeSet
2022-01-11 23:53:54,962 [Listener at 127.0.0.1/46043] INFO  volume.ThrottledAsyncChecker (ThrottledAsyncChecker.java:schedule(141)) - Scheduling a check for /home/runner/work/ozone/ozone/hadoop-ozone/integration-test/target/test-dir/MiniOzoneClusterImpl-84b3519b-a2d3-47e7-8c84-34506f72c9f7/datanode-5/data-0/containers/hdds
2022-01-11 23:53:54,973 [Listener at 127.0.0.1/46043] INFO  volume.StorageVolumeChecker (StorageVolumeChecker.java:checkAllVolumes(202)) - Scheduled health check for volume /home/runner/work/ozone/ozone/hadoop-ozone/integration-test/target/test-dir/MiniOzoneClusterImpl-84b3519b-a2d3-47e7-8c84-34506f72c9f7/datanode-5/data-0/containers/hdds
2022-01-11 23:53:55,016 [Listener at 127.0.0.1/46043] INFO  volume.MutableVolumeSet (MutableVolumeSet.java:initializeVolumeSet(168)) - Added Volume : /home/runner/work/ozone/ozone/hadoop-ozone/integration-test/target/test-dir/MiniOzoneClusterImpl-84b3519b-a2d3-47e7-8c84-34506f72c9f7/datanode-5/data/ratis to VolumeSet
2022-01-11 23:53:55,016 [Listener at 127.0.0.1/46043] INFO  volume.ThrottledAsyncChecker (ThrottledAsyncChecker.java:schedule(141)) - Scheduling a check for /home/runner/work/ozone/ozone/hadoop-ozone/integration-test/target/test-dir/MiniOzoneClusterImpl-84b3519b-a2d3-47e7-8c84-34506f72c9f7/datanode-5/data/ratis
2022-01-11 23:53:55,016 [Listener at 127.0.0.1/46043] INFO  volume.StorageVolumeChecker (StorageVolumeChecker.java:checkAllVolumes(202)) - Scheduled health check for volume /home/runner/work/ozone/ozone/hadoop-ozone/integration-test/target/test-dir/MiniOzoneClusterImpl-84b3519b-a2d3-47e7-8c84-34506f72c9f7/datanode-5/data/ratis
2022-01-11 23:53:55,030 [Thread-885] INFO  ozoneimpl.ContainerReader (ContainerReader.java:readVolume(172)) - Finish verifying containers on volume /home/runner/work/ozone/ozone/hadoop-ozone/integration-test/target/test-dir/MiniOzoneClusterImpl-84b3519b-a2d3-47e7-8c84-34506f72c9f7/datanode-5/data-0/containers/hdds
2022-01-11 23:53:55,031 [Listener at 127.0.0.1/46043] INFO  ozoneimpl.OzoneContainer (OzoneContainer.java:buildContainerSet(237)) - Build ContainerSet costs 0s
2022-01-11 23:53:55,032 [Listener at 127.0.0.1/46043] INFO  server.RaftServer (ConfUtils.java:logGet(44)) - raft.rpc.type = GRPC (default)
2022-01-11 23:53:55,037 [Listener at 127.0.0.1/46043] INFO  grpc.GrpcFactory (GrpcFactory.java:checkPooledByteBufAllocatorUseCacheForAllThreads(48)) - PERFORMANCE WARNING: useCacheForAllThreads is true that may cause Netty to create a lot garbage objects and, as a result, trigger GC.
	It is recommended to disable useCacheForAllThreads by setting -Dorg.apache.ratis.thirdparty.io.netty.allocator.useCacheForAllThreads=false in command line.
2022-01-11 23:53:55,037 [Listener at 127.0.0.1/46043] INFO  grpc.GrpcConfigKeys (ConfUtils.java:logGet(44)) - raft.grpc.admin.port = 0 (custom)
2022-01-11 23:53:55,038 [Listener at 127.0.0.1/46043] INFO  grpc.GrpcConfigKeys (ConfUtils.java:logGet(44)) - raft.grpc.client.port = 0 (custom)
2022-01-11 23:53:55,038 [Listener at 127.0.0.1/46043] INFO  grpc.GrpcConfigKeys (ConfUtils.java:logGet(44)) - raft.grpc.server.port = 0 (default)
2022-01-11 23:53:55,038 [Listener at 127.0.0.1/46043] INFO  server.GrpcService (ConfUtils.java:logGet(44)) - raft.grpc.message.size.max = 32MB (=33554432) (custom)
2022-01-11 23:53:55,038 [Listener at 127.0.0.1/46043] INFO  server.RaftServerConfigKeys (ConfUtils.java:logGet(44)) - raft.server.log.appender.buffer.byte-limit = 33554432 (custom)
2022-01-11 23:53:55,039 [Listener at 127.0.0.1/46043] INFO  server.GrpcService (ConfUtils.java:logGet(44)) - raft.grpc.flow.control.window = 5MB (=5242880) (custom)
2022-01-11 23:53:55,039 [Listener at 127.0.0.1/46043] INFO  server.RaftServerConfigKeys (ConfUtils.java:logGet(44)) - raft.server.rpc.request.timeout = 3000ms (default)
2022-01-11 23:53:55,040 [Listener at 127.0.0.1/46043] INFO  impl.DataStreamServerImpl (ConfUtils.java:logGet(44)) - raft.datastream.type = DISABLED (default)
2022-01-11 23:53:55,040 [Listener at 127.0.0.1/46043] INFO  server.RaftServerConfigKeys (ConfUtils.java:logGet(44)) - raft.server.rpc.slowness.timeout = 300000ms (custom)
2022-01-11 23:53:55,041 [Listener at 127.0.0.1/46043] INFO  server.RaftServerConfigKeys (ConfUtils.java:logGet(44)) - raft.server.leaderelection.leader.step-down.wait-time = 10s (default)
2022-01-11 23:53:55,041 [Listener at 127.0.0.1/46043] INFO  server.RaftServerConfigKeys (ConfUtils.java:logGet(44)) - raft.server.storage.dir = [/home/runner/work/ozone/ozone/hadoop-ozone/integration-test/target/test-dir/MiniOzoneClusterImpl-84b3519b-a2d3-47e7-8c84-34506f72c9f7/datanode-5/data/ratis] (custom)
2022-01-11 23:53:55,046 [Listener at 127.0.0.1/46043] INFO  server.XceiverServerGrpc (XceiverServerGrpc.java:<init>(132)) - GrpcServer channel type EpollServerSocketChannel
2022-01-11 23:53:55,075 [Listener at 127.0.0.1/46043] INFO  http.BaseHttpServer (BaseHttpServer.java:newHttpServer2BuilderForOzone(209)) - Starting Web-server for hddsDatanode at: http://0.0.0.0:0
2022-01-11 23:53:55,076 [Listener at 127.0.0.1/46043] INFO  http.BaseHttpServer (BaseHttpServer.java:<init>(107)) - Hadoop Security Enabled: false Ozone Security Enabled: false Ozone HTTP Security Enabled: false 
2022-01-11 23:53:55,077 [Listener at 127.0.0.1/46043] INFO  server.AuthenticationFilter (AuthenticationFilter.java:constructSecretProvider(240)) - Unable to initialize FileSignerSecretProvider, falling back to use random secrets.
2022-01-11 23:53:55,085 [Listener at 127.0.0.1/46043] WARN  http.HttpRequestLog (HttpRequestLog.java:getRequestLog(103)) - Jetty request log can only be enabled using Log4j
2022-01-11 23:53:55,086 [Listener at 127.0.0.1/46043] INFO  http.HttpServer2 (HttpServer2.java:addGlobalFilter(1030)) - Added global filter 'safety' (class=org.apache.hadoop.hdds.server.http.HttpServer2$QuotingInputFilter)
2022-01-11 23:53:55,087 [Listener at 127.0.0.1/46043] INFO  http.HttpServer2 (HttpServer2.java:addFilter(1006)) - Added filter static_user_filter (class=org.apache.hadoop.http.lib.StaticUserWebFilter$StaticUserFilter) to context hddsDatanode
2022-01-11 23:53:55,087 [Listener at 127.0.0.1/46043] INFO  http.HttpServer2 (HttpServer2.java:addFilter(1014)) - Added filter static_user_filter (class=org.apache.hadoop.http.lib.StaticUserWebFilter$StaticUserFilter) to context logs
2022-01-11 23:53:55,087 [Listener at 127.0.0.1/46043] INFO  http.HttpServer2 (HttpServer2.java:addFilter(1014)) - Added filter static_user_filter (class=org.apache.hadoop.http.lib.StaticUserWebFilter$StaticUserFilter) to context static
2022-01-11 23:53:55,087 [Listener at 127.0.0.1/46043] INFO  http.HttpServer2 (HttpServer2.java:bindListener(1249)) - Jetty bound to port 40597
2022-01-11 23:53:55,087 [Listener at 127.0.0.1/46043] INFO  server.Server (Server.java:doStart(375)) - jetty-9.4.43.v20210629; built: 2021-06-30T11:07:22.254Z; git: 526006ecfa3af7f1a27ef3a288e2bef7ea9dd7e8; jvm 1.8.0_292-b10
2022-01-11 23:53:55,124 [Listener at 127.0.0.1/46043] INFO  server.session (DefaultSessionIdManager.java:doStart(334)) - DefaultSessionIdManager workerName=node0
2022-01-11 23:53:55,124 [Listener at 127.0.0.1/46043] INFO  server.session (DefaultSessionIdManager.java:doStart(339)) - No SessionScavenger set, using defaults
2022-01-11 23:53:55,124 [Listener at 127.0.0.1/46043] INFO  server.session (HouseKeeper.java:startScavenging(132)) - node0 Scavenging every 660000ms
2022-01-11 23:53:55,129 [Listener at 127.0.0.1/46043] INFO  handler.ContextHandler (ContextHandler.java:doStart(915)) - Started o.e.j.s.ServletContextHandler@602fa859{logs,/logs,file:///home/runner/work/ozone/ozone/hadoop-ozone/integration-test/target/log,AVAILABLE}
2022-01-11 23:53:55,129 [Listener at 127.0.0.1/46043] INFO  handler.ContextHandler (ContextHandler.java:doStart(915)) - Started o.e.j.s.ServletContextHandler@44c50a73{static,/static,jar:file:/home/runner/.m2/repository/org/apache/ozone/hdds-container-service/1.3.0-SNAPSHOT/hdds-container-service-1.3.0-SNAPSHOT.jar!/webapps/static,AVAILABLE}
2022-01-11 23:53:55,210 [EndpointStateMachine task thread for /0.0.0.0:39943 - 0 ] INFO  ozoneimpl.OzoneContainer (OzoneContainer.java:start(315)) - Attempting to start container services.
2022-01-11 23:53:55,210 [EndpointStateMachine task thread for /0.0.0.0:39943 - 0 ] INFO  ozoneimpl.OzoneContainer (OzoneContainer.java:startContainerScrub(250)) - Background container scanner has been disabled.
2022-01-11 23:53:55,211 [EndpointStateMachine task thread for /0.0.0.0:39943 - 0 ] INFO  replication.ReplicationServer (ReplicationServer.java:start(111)) - ReplicationServer is started using port 39021
2022-01-11 23:53:55,212 [EndpointStateMachine task thread for /0.0.0.0:39943 - 0 ] INFO  ratis.XceiverServerRatis (XceiverServerRatis.java:start(484)) - Starting XceiverServerRatis 51615485-058d-42af-9c65-c0e811a06a5e
2022-01-11 23:53:55,212 [EndpointStateMachine task thread for /0.0.0.0:39943 - 0 ] INFO  server.RaftServer (RaftServerProxy.java:lambda$start$5(374)) - 51615485-058d-42af-9c65-c0e811a06a5e: start RPC server
2022-01-11 23:53:55,223 [EndpointStateMachine task thread for /0.0.0.0:39943 - 0 ] INFO  server.GrpcService (GrpcService.java:startImpl(253)) - 51615485-058d-42af-9c65-c0e811a06a5e: GrpcService started, listening on 46039
2022-01-11 23:53:55,241 [EndpointStateMachine task thread for /0.0.0.0:39943 - 0 ] INFO  ratis.XceiverServerRatis (XceiverServerRatis.java:getRealPort(505)) - XceiverServerRatis 51615485-058d-42af-9c65-c0e811a06a5e is started using port 46039 for RATIS
2022-01-11 23:53:55,242 [EndpointStateMachine task thread for /0.0.0.0:39943 - 0 ] INFO  ratis.XceiverServerRatis (XceiverServerRatis.java:getRealPort(505)) - XceiverServerRatis 51615485-058d-42af-9c65-c0e811a06a5e is started using port 46039 for RATIS_ADMIN
2022-01-11 23:53:55,242 [EndpointStateMachine task thread for /0.0.0.0:39943 - 0 ] INFO  ratis.XceiverServerRatis (XceiverServerRatis.java:getRealPort(505)) - XceiverServerRatis 51615485-058d-42af-9c65-c0e811a06a5e is started using port 46039 for RATIS_SERVER
2022-01-11 23:53:55,242 [org.apache.ratis.util.JvmPauseMonitor$$Lambda$538/836759902@36583829] INFO  util.JvmPauseMonitor (JvmPauseMonitor.java:run(103)) - JvmPauseMonitor-51615485-058d-42af-9c65-c0e811a06a5e: Started
2022-01-11 23:53:55,263 [EndpointStateMachine task thread for /0.0.0.0:39943 - 0 ] INFO  server.XceiverServerGrpc (XceiverServerGrpc.java:start(180)) - XceiverServerGrpc 51615485-058d-42af-9c65-c0e811a06a5e is started using port 40703
2022-01-11 23:53:55,355 [Listener at 127.0.0.1/46043] INFO  handler.ContextHandler (ContextHandler.java:doStart(915)) - Started o.e.j.w.WebAppContext@777c08b5{hddsDatanode,/,file:///tmp/jetty-0_0_0_0-40597-hdds-container-service-1_3_0-SNAPSHOT_jar-_-any-4918391125942257307/webapp/,AVAILABLE}{jar:file:/home/runner/.m2/repository/org/apache/ozone/hdds-container-service/1.3.0-SNAPSHOT/hdds-container-service-1.3.0-SNAPSHOT.jar!/webapps/hddsDatanode}
2022-01-11 23:53:55,365 [Listener at 127.0.0.1/46043] INFO  server.AbstractConnector (AbstractConnector.java:doStart(331)) - Started ServerConnector@57569d4a{HTTP/1.1, (http/1.1)}{0.0.0.0:40597}
2022-01-11 23:53:55,365 [Listener at 127.0.0.1/46043] INFO  server.Server (Server.java:doStart(415)) - Started @90948ms
2022-01-11 23:53:55,365 [Listener at 127.0.0.1/46043] WARN  impl.MetricsSystemImpl (MetricsSystemImpl.java:register(279)) - Sink prometheus already exists!
2022-01-11 23:53:55,377 [Listener at 127.0.0.1/46043] INFO  http.BaseHttpServer (BaseHttpServer.java:updateConnectorAddress(329)) - HTTP server of hddsDatanode listening at http://0.0.0.0:40597
2022-01-11 23:53:55,385 [Listener at 127.0.0.1/46043] WARN  impl.MetricRegistriesImpl (MetricRegistriesImpl.java:addReporterRegistration(111)) - New reporters are added after registries were created. Some metrics will be missing from the reporter. Please add reporter before adding any new registry.
2022-01-11 23:53:55,385 [Listener at 127.0.0.1/46043] WARN  impl.MetricRegistriesImpl (MetricRegistriesImpl.java:addReporterRegistration(111)) - New reporters are added after registries were created. Some metrics will be missing from the reporter. Please add reporter before adding any new registry.
2022-01-11 23:53:55,385 [Listener at 127.0.0.1/46043] INFO  impl.MetricsSystemImpl (MetricsSystemImpl.java:init(158)) - HddsDatanode metrics system started (again)
2022-01-11 23:53:55,389 [Datanode State Machine Daemon Thread] INFO  statemachine.DatanodeStateMachine (DatanodeStateMachine.java:lambda$startDaemon$0(470)) - Ozone container server started.
2022-01-11 23:53:55,461 [org.apache.hadoop.util.JvmPauseMonitor$Monitor@2b140ac] INFO  util.JvmPauseMonitor (JvmPauseMonitor.java:run(188)) - Starting JVM pause monitor
2022-01-11 23:53:55,470 [Datanode State Machine Task Thread - 0] INFO  datanode.InitDatanodeState (InitDatanodeState.java:persistContainerDatanodeDetails(145)) - DatanodeDetails is persisted to /home/runner/work/ozone/ozone/hadoop-ozone/integration-test/target/test-dir/MiniOzoneClusterImpl-84b3519b-a2d3-47e7-8c84-34506f72c9f7/datanode-5/meta/datanode.id
2022-01-11 23:53:55,472 [Listener at 127.0.0.1/46043] INFO  ozone.HddsDatanodeService (HddsDatanodeService.java:start(234)) - HddsDatanodeService host:fv-az59-280.csjynl4pkq3e1pkirw3ssqjfoh.cx.internal.cloudapp.net ip:10.1.0.37
2022-01-11 23:53:55,507 [Listener at 127.0.0.1/46043] INFO  upgrade.AbstractLayoutVersionManager (AbstractLayoutVersionManager.java:init(79)) - Initializing Layout version manager with metadata layout = SCM_HA (version = 2), software layout = SCM_HA (version = 2)
2022-01-11 23:53:55,601 [Listener at 127.0.0.1/46043] INFO  reflections.Reflections (Reflections.java:scan(232)) - Reflections took 93 ms to scan 7 urls, producing 119 keys and 279 values 
2022-01-11 23:53:55,608 [Listener at 127.0.0.1/46043] INFO  statemachine.DatanodeStateMachine (DatanodeStateMachine.java:getEndPointTaskThreadPoolSize(222)) - Datanode State Machine Task Thread Pool size 2
2022-01-11 23:53:55,611 [Listener at 127.0.0.1/46043] INFO  volume.HddsVolume (HddsVolume.java:<init>(120)) - Creating HddsVolume: /home/runner/work/ozone/ozone/hadoop-ozone/integration-test/target/test-dir/MiniOzoneClusterImpl-84b3519b-a2d3-47e7-8c84-34506f72c9f7/datanode-6/data-0/containers/hdds of storage type : DISK capacity : 9223372036854775807
2022-01-11 23:53:55,611 [Listener at 127.0.0.1/46043] INFO  volume.MutableVolumeSet (MutableVolumeSet.java:initializeVolumeSet(168)) - Added Volume : /home/runner/work/ozone/ozone/hadoop-ozone/integration-test/target/test-dir/MiniOzoneClusterImpl-84b3519b-a2d3-47e7-8c84-34506f72c9f7/datanode-6/data-0/containers/hdds to VolumeSet
2022-01-11 23:53:55,611 [Listener at 127.0.0.1/46043] INFO  volume.ThrottledAsyncChecker (ThrottledAsyncChecker.java:schedule(141)) - Scheduling a check for /home/runner/work/ozone/ozone/hadoop-ozone/integration-test/target/test-dir/MiniOzoneClusterImpl-84b3519b-a2d3-47e7-8c84-34506f72c9f7/datanode-6/data-0/containers/hdds
2022-01-11 23:53:55,611 [Listener at 127.0.0.1/46043] INFO  volume.StorageVolumeChecker (StorageVolumeChecker.java:checkAllVolumes(202)) - Scheduled health check for volume /home/runner/work/ozone/ozone/hadoop-ozone/integration-test/target/test-dir/MiniOzoneClusterImpl-84b3519b-a2d3-47e7-8c84-34506f72c9f7/datanode-6/data-0/containers/hdds
2022-01-11 23:53:55,625 [Listener at 127.0.0.1/46043] INFO  volume.MutableVolumeSet (MutableVolumeSet.java:initializeVolumeSet(168)) - Added Volume : /home/runner/work/ozone/ozone/hadoop-ozone/integration-test/target/test-dir/MiniOzoneClusterImpl-84b3519b-a2d3-47e7-8c84-34506f72c9f7/datanode-6/data/ratis to VolumeSet
2022-01-11 23:53:55,626 [Listener at 127.0.0.1/46043] INFO  volume.ThrottledAsyncChecker (ThrottledAsyncChecker.java:schedule(141)) - Scheduling a check for /home/runner/work/ozone/ozone/hadoop-ozone/integration-test/target/test-dir/MiniOzoneClusterImpl-84b3519b-a2d3-47e7-8c84-34506f72c9f7/datanode-6/data/ratis
2022-01-11 23:53:55,626 [Listener at 127.0.0.1/46043] INFO  volume.StorageVolumeChecker (StorageVolumeChecker.java:checkAllVolumes(202)) - Scheduled health check for volume /home/runner/work/ozone/ozone/hadoop-ozone/integration-test/target/test-dir/MiniOzoneClusterImpl-84b3519b-a2d3-47e7-8c84-34506f72c9f7/datanode-6/data/ratis
2022-01-11 23:53:55,699 [Thread-900] INFO  ozoneimpl.ContainerReader (ContainerReader.java:readVolume(172)) - Finish verifying containers on volume /home/runner/work/ozone/ozone/hadoop-ozone/integration-test/target/test-dir/MiniOzoneClusterImpl-84b3519b-a2d3-47e7-8c84-34506f72c9f7/datanode-6/data-0/containers/hdds
2022-01-11 23:53:55,699 [Listener at 127.0.0.1/46043] INFO  ozoneimpl.OzoneContainer (OzoneContainer.java:buildContainerSet(237)) - Build ContainerSet costs 0s
2022-01-11 23:53:55,702 [Listener at 127.0.0.1/46043] INFO  server.RaftServer (ConfUtils.java:logGet(44)) - raft.rpc.type = GRPC (default)
2022-01-11 23:53:55,703 [Listener at 127.0.0.1/46043] INFO  grpc.GrpcFactory (GrpcFactory.java:checkPooledByteBufAllocatorUseCacheForAllThreads(48)) - PERFORMANCE WARNING: useCacheForAllThreads is true that may cause Netty to create a lot garbage objects and, as a result, trigger GC.
	It is recommended to disable useCacheForAllThreads by setting -Dorg.apache.ratis.thirdparty.io.netty.allocator.useCacheForAllThreads=false in command line.
2022-01-11 23:53:55,703 [Listener at 127.0.0.1/46043] INFO  grpc.GrpcConfigKeys (ConfUtils.java:logGet(44)) - raft.grpc.admin.port = 0 (custom)
2022-01-11 23:53:55,703 [Listener at 127.0.0.1/46043] INFO  grpc.GrpcConfigKeys (ConfUtils.java:logGet(44)) - raft.grpc.client.port = 0 (custom)
2022-01-11 23:53:55,703 [Listener at 127.0.0.1/46043] INFO  grpc.GrpcConfigKeys (ConfUtils.java:logGet(44)) - raft.grpc.server.port = 0 (default)
2022-01-11 23:53:55,703 [Listener at 127.0.0.1/46043] INFO  server.GrpcService (ConfUtils.java:logGet(44)) - raft.grpc.message.size.max = 32MB (=33554432) (custom)
2022-01-11 23:53:55,703 [Listener at 127.0.0.1/46043] INFO  server.RaftServerConfigKeys (ConfUtils.java:logGet(44)) - raft.server.log.appender.buffer.byte-limit = 33554432 (custom)
2022-01-11 23:53:55,703 [Listener at 127.0.0.1/46043] INFO  server.GrpcService (ConfUtils.java:logGet(44)) - raft.grpc.flow.control.window = 5MB (=5242880) (custom)
2022-01-11 23:53:55,703 [Listener at 127.0.0.1/46043] INFO  server.RaftServerConfigKeys (ConfUtils.java:logGet(44)) - raft.server.rpc.request.timeout = 3000ms (default)
2022-01-11 23:53:55,705 [Listener at 127.0.0.1/46043] INFO  impl.DataStreamServerImpl (ConfUtils.java:logGet(44)) - raft.datastream.type = DISABLED (default)
2022-01-11 23:53:55,714 [Listener at 127.0.0.1/46043] INFO  server.RaftServerConfigKeys (ConfUtils.java:logGet(44)) - raft.server.rpc.slowness.timeout = 300000ms (custom)
2022-01-11 23:53:55,714 [Listener at 127.0.0.1/46043] INFO  server.RaftServerConfigKeys (ConfUtils.java:logGet(44)) - raft.server.leaderelection.leader.step-down.wait-time = 10s (default)
2022-01-11 23:53:55,729 [Listener at 127.0.0.1/46043] INFO  server.RaftServerConfigKeys (ConfUtils.java:logGet(44)) - raft.server.storage.dir = [/home/runner/work/ozone/ozone/hadoop-ozone/integration-test/target/test-dir/MiniOzoneClusterImpl-84b3519b-a2d3-47e7-8c84-34506f72c9f7/datanode-6/data/ratis] (custom)
2022-01-11 23:53:55,730 [Listener at 127.0.0.1/46043] INFO  server.XceiverServerGrpc (XceiverServerGrpc.java:<init>(132)) - GrpcServer channel type EpollServerSocketChannel
2022-01-11 23:53:55,741 [EndpointStateMachine task thread for /0.0.0.0:39943 - 0 ] INFO  ozoneimpl.OzoneContainer (OzoneContainer.java:start(315)) - Attempting to start container services.
2022-01-11 23:53:55,741 [EndpointStateMachine task thread for /0.0.0.0:39943 - 0 ] INFO  ozoneimpl.OzoneContainer (OzoneContainer.java:startContainerScrub(250)) - Background container scanner has been disabled.
2022-01-11 23:53:55,741 [Listener at 127.0.0.1/46043] INFO  http.BaseHttpServer (BaseHttpServer.java:newHttpServer2BuilderForOzone(209)) - Starting Web-server for hddsDatanode at: http://0.0.0.0:0
2022-01-11 23:53:55,742 [Listener at 127.0.0.1/46043] INFO  http.BaseHttpServer (BaseHttpServer.java:<init>(107)) - Hadoop Security Enabled: false Ozone Security Enabled: false Ozone HTTP Security Enabled: false 
2022-01-11 23:53:55,742 [EndpointStateMachine task thread for /0.0.0.0:39943 - 0 ] INFO  replication.ReplicationServer (ReplicationServer.java:start(111)) - ReplicationServer is started using port 46737
2022-01-11 23:53:55,757 [Listener at 127.0.0.1/46043] INFO  server.AuthenticationFilter (AuthenticationFilter.java:constructSecretProvider(240)) - Unable to initialize FileSignerSecretProvider, falling back to use random secrets.
2022-01-11 23:53:55,765 [Listener at 127.0.0.1/46043] WARN  http.HttpRequestLog (HttpRequestLog.java:getRequestLog(103)) - Jetty request log can only be enabled using Log4j
2022-01-11 23:53:55,773 [EndpointStateMachine task thread for /0.0.0.0:39943 - 0 ] INFO  ratis.XceiverServerRatis (XceiverServerRatis.java:start(484)) - Starting XceiverServerRatis c2004f48-6b55-488b-a4f3-a933c544d5d2
2022-01-11 23:53:55,773 [Listener at 127.0.0.1/46043] INFO  http.HttpServer2 (HttpServer2.java:addGlobalFilter(1030)) - Added global filter 'safety' (class=org.apache.hadoop.hdds.server.http.HttpServer2$QuotingInputFilter)
2022-01-11 23:53:55,774 [Listener at 127.0.0.1/46043] INFO  http.HttpServer2 (HttpServer2.java:addFilter(1006)) - Added filter static_user_filter (class=org.apache.hadoop.http.lib.StaticUserWebFilter$StaticUserFilter) to context hddsDatanode
2022-01-11 23:53:55,774 [Listener at 127.0.0.1/46043] INFO  http.HttpServer2 (HttpServer2.java:addFilter(1014)) - Added filter static_user_filter (class=org.apache.hadoop.http.lib.StaticUserWebFilter$StaticUserFilter) to context logs
2022-01-11 23:53:55,774 [Listener at 127.0.0.1/46043] INFO  http.HttpServer2 (HttpServer2.java:addFilter(1014)) - Added filter static_user_filter (class=org.apache.hadoop.http.lib.StaticUserWebFilter$StaticUserFilter) to context static
2022-01-11 23:53:55,774 [Listener at 127.0.0.1/46043] INFO  http.HttpServer2 (HttpServer2.java:bindListener(1249)) - Jetty bound to port 43621
2022-01-11 23:53:55,775 [Listener at 127.0.0.1/46043] INFO  server.Server (Server.java:doStart(375)) - jetty-9.4.43.v20210629; built: 2021-06-30T11:07:22.254Z; git: 526006ecfa3af7f1a27ef3a288e2bef7ea9dd7e8; jvm 1.8.0_292-b10
2022-01-11 23:53:55,778 [EndpointStateMachine task thread for /0.0.0.0:39943 - 0 ] INFO  server.RaftServer (RaftServerProxy.java:lambda$start$5(374)) - c2004f48-6b55-488b-a4f3-a933c544d5d2: start RPC server
2022-01-11 23:53:55,786 [EndpointStateMachine task thread for /0.0.0.0:39943 - 0 ] INFO  server.GrpcService (GrpcService.java:startImpl(253)) - c2004f48-6b55-488b-a4f3-a933c544d5d2: GrpcService started, listening on 33985
2022-01-11 23:53:55,809 [EndpointStateMachine task thread for /0.0.0.0:39943 - 0 ] INFO  ratis.XceiverServerRatis (XceiverServerRatis.java:getRealPort(505)) - XceiverServerRatis c2004f48-6b55-488b-a4f3-a933c544d5d2 is started using port 33985 for RATIS
2022-01-11 23:53:55,809 [EndpointStateMachine task thread for /0.0.0.0:39943 - 0 ] INFO  ratis.XceiverServerRatis (XceiverServerRatis.java:getRealPort(505)) - XceiverServerRatis c2004f48-6b55-488b-a4f3-a933c544d5d2 is started using port 33985 for RATIS_ADMIN
2022-01-11 23:53:55,809 [EndpointStateMachine task thread for /0.0.0.0:39943 - 0 ] INFO  ratis.XceiverServerRatis (XceiverServerRatis.java:getRealPort(505)) - XceiverServerRatis c2004f48-6b55-488b-a4f3-a933c544d5d2 is started using port 33985 for RATIS_SERVER
2022-01-11 23:53:55,810 [org.apache.ratis.util.JvmPauseMonitor$$Lambda$538/836759902@2617ed9e] INFO  util.JvmPauseMonitor (JvmPauseMonitor.java:run(103)) - JvmPauseMonitor-c2004f48-6b55-488b-a4f3-a933c544d5d2: Started
2022-01-11 23:53:55,813 [EndpointStateMachine task thread for /0.0.0.0:39943 - 0 ] INFO  server.XceiverServerGrpc (XceiverServerGrpc.java:start(180)) - XceiverServerGrpc c2004f48-6b55-488b-a4f3-a933c544d5d2 is started using port 41439
2022-01-11 23:53:55,823 [Listener at 127.0.0.1/46043] INFO  server.session (DefaultSessionIdManager.java:doStart(334)) - DefaultSessionIdManager workerName=node0
2022-01-11 23:53:55,823 [Listener at 127.0.0.1/46043] INFO  server.session (DefaultSessionIdManager.java:doStart(339)) - No SessionScavenger set, using defaults
2022-01-11 23:53:55,824 [Listener at 127.0.0.1/46043] INFO  server.session (HouseKeeper.java:startScavenging(132)) - node0 Scavenging every 660000ms
2022-01-11 23:53:55,825 [Listener at 127.0.0.1/46043] INFO  handler.ContextHandler (ContextHandler.java:doStart(915)) - Started o.e.j.s.ServletContextHandler@2b8f3bbe{logs,/logs,file:///home/runner/work/ozone/ozone/hadoop-ozone/integration-test/target/log,AVAILABLE}
2022-01-11 23:53:55,825 [Listener at 127.0.0.1/46043] INFO  handler.ContextHandler (ContextHandler.java:doStart(915)) - Started o.e.j.s.ServletContextHandler@2012b9d1{static,/static,jar:file:/home/runner/.m2/repository/org/apache/ozone/hdds-container-service/1.3.0-SNAPSHOT/hdds-container-service-1.3.0-SNAPSHOT.jar!/webapps/static,AVAILABLE}
2022-01-11 23:53:55,941 [Listener at 127.0.0.1/46043] INFO  handler.ContextHandler (ContextHandler.java:doStart(915)) - Started o.e.j.w.WebAppContext@13d20144{hddsDatanode,/,file:///tmp/jetty-0_0_0_0-43621-hdds-container-service-1_3_0-SNAPSHOT_jar-_-any-606377483643692068/webapp/,AVAILABLE}{jar:file:/home/runner/.m2/repository/org/apache/ozone/hdds-container-service/1.3.0-SNAPSHOT/hdds-container-service-1.3.0-SNAPSHOT.jar!/webapps/hddsDatanode}
2022-01-11 23:53:55,950 [Listener at 127.0.0.1/46043] INFO  server.AbstractConnector (AbstractConnector.java:doStart(331)) - Started ServerConnector@49deb1ed{HTTP/1.1, (http/1.1)}{0.0.0.0:43621}
2022-01-11 23:53:55,950 [Listener at 127.0.0.1/46043] INFO  server.Server (Server.java:doStart(415)) - Started @91533ms
2022-01-11 23:53:55,950 [Listener at 127.0.0.1/46043] WARN  impl.MetricsSystemImpl (MetricsSystemImpl.java:register(279)) - Sink prometheus already exists!
2022-01-11 23:53:55,951 [Listener at 127.0.0.1/46043] INFO  http.BaseHttpServer (BaseHttpServer.java:updateConnectorAddress(329)) - HTTP server of hddsDatanode listening at http://0.0.0.0:43621
2022-01-11 23:53:55,953 [Listener at 127.0.0.1/46043] INFO  ozone.MiniOzoneClusterImpl (MiniOzoneClusterImpl.java:lambda$waitForClusterToBeReady$0(235)) - Waiting for nodes to be ready. Got 0 of 7 DN Heartbeats.
2022-01-11 23:53:55,957 [Listener at 127.0.0.1/46043] INFO  ozone.MiniOzoneClusterImpl (MiniOzoneClusterImpl.java:lambda$waitForClusterToBeReady$0(238)) - Waiting for cluster to exit safe mode
2022-01-11 23:53:55,958 [Listener at 127.0.0.1/46043] INFO  ozone.MiniOzoneClusterImpl (MiniOzoneClusterImpl.java:lambda$waitForClusterToBeReady$0(240)) - SCM became leader
2022-01-11 23:53:55,967 [Datanode State Machine Daemon Thread] INFO  statemachine.DatanodeStateMachine (DatanodeStateMachine.java:lambda$startDaemon$0(470)) - Ozone container server started.
2022-01-11 23:53:55,993 [org.apache.hadoop.util.JvmPauseMonitor$Monitor@394fdeb0] INFO  util.JvmPauseMonitor (JvmPauseMonitor.java:run(188)) - Starting JVM pause monitor
2022-01-11 23:53:55,994 [Datanode State Machine Task Thread - 0] INFO  datanode.InitDatanodeState (InitDatanodeState.java:persistContainerDatanodeDetails(145)) - DatanodeDetails is persisted to /home/runner/work/ozone/ozone/hadoop-ozone/integration-test/target/test-dir/MiniOzoneClusterImpl-84b3519b-a2d3-47e7-8c84-34506f72c9f7/datanode-6/meta/datanode.id
2022-01-11 23:53:56,273 [EndpointStateMachine task thread for /0.0.0.0:39943 - 0 ] INFO  ozoneimpl.OzoneContainer (OzoneContainer.java:start(315)) - Attempting to start container services.
2022-01-11 23:53:56,274 [EndpointStateMachine task thread for /0.0.0.0:39943 - 0 ] INFO  ozoneimpl.OzoneContainer (OzoneContainer.java:startContainerScrub(250)) - Background container scanner has been disabled.
2022-01-11 23:53:56,275 [EndpointStateMachine task thread for /0.0.0.0:39943 - 0 ] INFO  replication.ReplicationServer (ReplicationServer.java:start(111)) - ReplicationServer is started using port 36525
2022-01-11 23:53:56,290 [EndpointStateMachine task thread for /0.0.0.0:39943 - 0 ] INFO  ratis.XceiverServerRatis (XceiverServerRatis.java:start(484)) - Starting XceiverServerRatis 77c66afc-fa73-4d89-b59d-9adc22a556cf
2022-01-11 23:53:56,323 [EndpointStateMachine task thread for /0.0.0.0:39943 - 0 ] INFO  server.RaftServer (RaftServerProxy.java:lambda$start$5(374)) - 77c66afc-fa73-4d89-b59d-9adc22a556cf: start RPC server
2022-01-11 23:53:56,324 [EndpointStateMachine task thread for /0.0.0.0:39943 - 0 ] INFO  server.GrpcService (GrpcService.java:startImpl(253)) - 77c66afc-fa73-4d89-b59d-9adc22a556cf: GrpcService started, listening on 40587
2022-01-11 23:53:56,329 [EndpointStateMachine task thread for /0.0.0.0:39943 - 0 ] INFO  ratis.XceiverServerRatis (XceiverServerRatis.java:getRealPort(505)) - XceiverServerRatis 77c66afc-fa73-4d89-b59d-9adc22a556cf is started using port 40587 for RATIS
2022-01-11 23:53:56,329 [EndpointStateMachine task thread for /0.0.0.0:39943 - 0 ] INFO  ratis.XceiverServerRatis (XceiverServerRatis.java:getRealPort(505)) - XceiverServerRatis 77c66afc-fa73-4d89-b59d-9adc22a556cf is started using port 40587 for RATIS_ADMIN
2022-01-11 23:53:56,329 [EndpointStateMachine task thread for /0.0.0.0:39943 - 0 ] INFO  ratis.XceiverServerRatis (XceiverServerRatis.java:getRealPort(505)) - XceiverServerRatis 77c66afc-fa73-4d89-b59d-9adc22a556cf is started using port 40587 for RATIS_SERVER
2022-01-11 23:53:56,329 [org.apache.ratis.util.JvmPauseMonitor$$Lambda$538/836759902@38907d77] INFO  util.JvmPauseMonitor (JvmPauseMonitor.java:run(103)) - JvmPauseMonitor-77c66afc-fa73-4d89-b59d-9adc22a556cf: Started
2022-01-11 23:53:56,330 [EndpointStateMachine task thread for /0.0.0.0:39943 - 0 ] INFO  server.XceiverServerGrpc (XceiverServerGrpc.java:start(180)) - XceiverServerGrpc 77c66afc-fa73-4d89-b59d-9adc22a556cf is started using port 44631
2022-01-11 23:53:56,403 [IPC Server handler 2 on default port 39943] INFO  net.NetworkTopologyImpl (NetworkTopologyImpl.java:add(112)) - Added a new node: /default-rack/8eedcce2-fa83-40f2-8f3f-8ae88d3f9c27
2022-01-11 23:53:56,404 [IPC Server handler 2 on default port 39943] INFO  node.SCMNodeManager (SCMNodeManager.java:register(389)) - Registered Data node : 8eedcce2-fa83-40f2-8f3f-8ae88d3f9c27{ip: 10.1.0.37, host: fv-az59-280.csjynl4pkq3e1pkirw3ssqjfoh.cx.internal.cloudapp.net, ports: [REPLICATION=34455, RATIS=39561, RATIS_ADMIN=39561, RATIS_SERVER=39561, STANDALONE=43687], networkLocation: /default-rack, certSerialId: null, persistedOpState: null, persistedOpStateExpiryEpochSec: 0}
2022-01-11 23:53:56,406 [EventQueue-NodeRegistrationContainerReportForDataNodeSafeModeRule] INFO  safemode.SCMSafeModeManager (DataNodeSafeModeRule.java:process(71)) - SCM in safe mode. 1 DataNodes registered, 3 required.
2022-01-11 23:53:56,406 [EventQueue-NodeRegistrationContainerReportForContainerSafeModeRule] INFO  safemode.SCMSafeModeManager (SCMSafeModeManager.java:validateSafeModeExitRules(204)) - ContainerSafeModeRule rule is successfully validated
2022-01-11 23:53:56,417 [EventQueue-PipelineReportForOneReplicaPipelineSafeModeRule] INFO  safemode.SCMSafeModeManager (SCMSafeModeManager.java:validateSafeModeExitRules(204)) - AtleastOneDatanodeReportedRule rule is successfully validated
2022-01-11 23:53:56,417 [EventQueue-NewNodeForNewNodeHandler] INFO  pipeline.BackgroundPipelineCreator (BackgroundPipelineCreator.java:notifyEventTriggered(285)) - trigger a one-shot run on RatisPipelineUtilsThread.
2022-01-11 23:53:56,418 [RatisPipelineUtilsThread - 0] INFO  pipeline.RatisPipelineProvider (RatisPipelineProvider.java:lambda$create$0(183)) - Sending CreatePipelineCommand for pipeline:PipelineID=f68214f8-198a-4fd3-b36f-47fac33cdf13 to datanode:8eedcce2-fa83-40f2-8f3f-8ae88d3f9c27
2022-01-11 23:53:56,421 [RatisPipelineUtilsThread - 0] INFO  pipeline.PipelineStateManagerImpl (PipelineStateManagerImpl.java:addPipeline(101)) - Created pipeline Pipeline[ Id: f68214f8-198a-4fd3-b36f-47fac33cdf13, Nodes: 8eedcce2-fa83-40f2-8f3f-8ae88d3f9c27{ip: 10.1.0.37, host: fv-az59-280.csjynl4pkq3e1pkirw3ssqjfoh.cx.internal.cloudapp.net, ports: [REPLICATION=34455, RATIS=39561, RATIS_ADMIN=39561, RATIS_SERVER=39561, STANDALONE=43687], networkLocation: /default-rack, certSerialId: null, persistedOpState: IN_SERVICE, persistedOpStateExpiryEpochSec: 0}, ReplicationConfig: RATIS/ONE, State:ALLOCATED, leaderId:, CreationTimestamp2022-01-11T23:53:56.418Z[Etc/UTC]].
2022-01-11 23:53:56,840 [EndpointStateMachine task thread for /0.0.0.0:39943 - 0 ] INFO  ozoneimpl.OzoneContainer (OzoneContainer.java:start(315)) - Attempting to start container services.
2022-01-11 23:53:56,841 [EndpointStateMachine task thread for /0.0.0.0:39943 - 0 ] INFO  ozoneimpl.OzoneContainer (OzoneContainer.java:startContainerScrub(250)) - Background container scanner has been disabled.
2022-01-11 23:53:56,849 [EndpointStateMachine task thread for /0.0.0.0:39943 - 0 ] INFO  replication.ReplicationServer (ReplicationServer.java:start(111)) - ReplicationServer is started using port 40569
2022-01-11 23:53:56,850 [EndpointStateMachine task thread for /0.0.0.0:39943 - 0 ] INFO  ratis.XceiverServerRatis (XceiverServerRatis.java:start(484)) - Starting XceiverServerRatis 757e1abf-caf6-4356-ad73-d786994982ad
2022-01-11 23:53:56,869 [EndpointStateMachine task thread for /0.0.0.0:39943 - 0 ] INFO  server.RaftServer (RaftServerProxy.java:lambda$start$5(374)) - 757e1abf-caf6-4356-ad73-d786994982ad: start RPC server
2022-01-11 23:53:56,869 [EndpointStateMachine task thread for /0.0.0.0:39943 - 0 ] INFO  server.GrpcService (GrpcService.java:startImpl(253)) - 757e1abf-caf6-4356-ad73-d786994982ad: GrpcService started, listening on 41749
2022-01-11 23:53:56,870 [EndpointStateMachine task thread for /0.0.0.0:39943 - 0 ] INFO  ratis.XceiverServerRatis (XceiverServerRatis.java:getRealPort(505)) - XceiverServerRatis 757e1abf-caf6-4356-ad73-d786994982ad is started using port 41749 for RATIS
2022-01-11 23:53:56,870 [EndpointStateMachine task thread for /0.0.0.0:39943 - 0 ] INFO  ratis.XceiverServerRatis (XceiverServerRatis.java:getRealPort(505)) - XceiverServerRatis 757e1abf-caf6-4356-ad73-d786994982ad is started using port 41749 for RATIS_ADMIN
2022-01-11 23:53:56,870 [EndpointStateMachine task thread for /0.0.0.0:39943 - 0 ] INFO  ratis.XceiverServerRatis (XceiverServerRatis.java:getRealPort(505)) - XceiverServerRatis 757e1abf-caf6-4356-ad73-d786994982ad is started using port 41749 for RATIS_SERVER
2022-01-11 23:53:56,870 [org.apache.ratis.util.JvmPauseMonitor$$Lambda$538/836759902@6f7b0b93] INFO  util.JvmPauseMonitor (JvmPauseMonitor.java:run(103)) - JvmPauseMonitor-757e1abf-caf6-4356-ad73-d786994982ad: Started
2022-01-11 23:53:56,881 [EndpointStateMachine task thread for /0.0.0.0:39943 - 0 ] INFO  server.XceiverServerGrpc (XceiverServerGrpc.java:start(180)) - XceiverServerGrpc 757e1abf-caf6-4356-ad73-d786994982ad is started using port 42593
2022-01-11 23:53:56,959 [Listener at 127.0.0.1/46043] INFO  ozone.MiniOzoneClusterImpl (MiniOzoneClusterImpl.java:lambda$waitForClusterToBeReady$0(235)) - Waiting for nodes to be ready. Got 1 of 7 DN Heartbeats.
2022-01-11 23:53:56,959 [Listener at 127.0.0.1/46043] INFO  ozone.MiniOzoneClusterImpl (MiniOzoneClusterImpl.java:lambda$waitForClusterToBeReady$0(238)) - Waiting for cluster to exit safe mode
2022-01-11 23:53:56,959 [Listener at 127.0.0.1/46043] INFO  ozone.MiniOzoneClusterImpl (MiniOzoneClusterImpl.java:lambda$waitForClusterToBeReady$0(240)) - SCM became leader
2022-01-11 23:53:57,185 [IPC Server handler 1 on default port 39943] INFO  net.NetworkTopologyImpl (NetworkTopologyImpl.java:add(112)) - Added a new node: /default-rack/51615485-058d-42af-9c65-c0e811a06a5e
2022-01-11 23:53:57,185 [IPC Server handler 1 on default port 39943] INFO  node.SCMNodeManager (SCMNodeManager.java:register(389)) - Registered Data node : 51615485-058d-42af-9c65-c0e811a06a5e{ip: 10.1.0.37, host: fv-az59-280.csjynl4pkq3e1pkirw3ssqjfoh.cx.internal.cloudapp.net, ports: [REPLICATION=39021, RATIS=46039, RATIS_ADMIN=46039, RATIS_SERVER=46039, STANDALONE=40703], networkLocation: /default-rack, certSerialId: null, persistedOpState: null, persistedOpStateExpiryEpochSec: 0}
2022-01-11 23:53:57,186 [EventQueue-NewNodeForNewNodeHandler] INFO  pipeline.BackgroundPipelineCreator (BackgroundPipelineCreator.java:notifyEventTriggered(285)) - trigger a one-shot run on RatisPipelineUtilsThread.
2022-01-11 23:53:57,190 [EventQueue-NodeRegistrationContainerReportForDataNodeSafeModeRule] INFO  safemode.SCMSafeModeManager (DataNodeSafeModeRule.java:process(71)) - SCM in safe mode. 2 DataNodes registered, 3 required.
2022-01-11 23:53:57,192 [RatisPipelineUtilsThread - 0] INFO  pipeline.RatisPipelineProvider (RatisPipelineProvider.java:lambda$create$0(183)) - Sending CreatePipelineCommand for pipeline:PipelineID=27cfee9d-5d3d-4551-a813-f0ed29085a06 to datanode:51615485-058d-42af-9c65-c0e811a06a5e
2022-01-11 23:53:57,192 [RatisPipelineUtilsThread - 0] INFO  pipeline.PipelineStateManagerImpl (PipelineStateManagerImpl.java:addPipeline(101)) - Created pipeline Pipeline[ Id: 27cfee9d-5d3d-4551-a813-f0ed29085a06, Nodes: 51615485-058d-42af-9c65-c0e811a06a5e{ip: 10.1.0.37, host: fv-az59-280.csjynl4pkq3e1pkirw3ssqjfoh.cx.internal.cloudapp.net, ports: [REPLICATION=39021, RATIS=46039, RATIS_ADMIN=46039, RATIS_SERVER=46039, STANDALONE=40703], networkLocation: /default-rack, certSerialId: null, persistedOpState: IN_SERVICE, persistedOpStateExpiryEpochSec: 0}, ReplicationConfig: RATIS/ONE, State:ALLOCATED, leaderId:, CreationTimestamp2022-01-11T23:53:57.191Z[Etc/UTC]].
2022-01-11 23:53:57,468 [EndpointStateMachine task thread for /0.0.0.0:39943 - 0 ] INFO  ozoneimpl.OzoneContainer (OzoneContainer.java:start(315)) - Attempting to start container services.
2022-01-11 23:53:57,470 [EndpointStateMachine task thread for /0.0.0.0:39943 - 0 ] INFO  ozoneimpl.OzoneContainer (OzoneContainer.java:startContainerScrub(250)) - Background container scanner has been disabled.
2022-01-11 23:53:57,472 [EndpointStateMachine task thread for /0.0.0.0:39943 - 0 ] INFO  replication.ReplicationServer (ReplicationServer.java:start(111)) - ReplicationServer is started using port 45151
2022-01-11 23:53:57,481 [EndpointStateMachine task thread for /0.0.0.0:39943 - 0 ] INFO  ratis.XceiverServerRatis (XceiverServerRatis.java:start(484)) - Starting XceiverServerRatis 2a1c9333-8641-498a-88f2-87bcecbe0d18
2022-01-11 23:53:57,487 [EndpointStateMachine task thread for /0.0.0.0:39943 - 0 ] INFO  server.RaftServer (RaftServerProxy.java:lambda$start$5(374)) - 2a1c9333-8641-498a-88f2-87bcecbe0d18: start RPC server
2022-01-11 23:53:57,489 [EndpointStateMachine task thread for /0.0.0.0:39943 - 0 ] INFO  server.GrpcService (GrpcService.java:startImpl(253)) - 2a1c9333-8641-498a-88f2-87bcecbe0d18: GrpcService started, listening on 38177
2022-01-11 23:53:57,490 [EndpointStateMachine task thread for /0.0.0.0:39943 - 0 ] INFO  ratis.XceiverServerRatis (XceiverServerRatis.java:getRealPort(505)) - XceiverServerRatis 2a1c9333-8641-498a-88f2-87bcecbe0d18 is started using port 38177 for RATIS
2022-01-11 23:53:57,490 [EndpointStateMachine task thread for /0.0.0.0:39943 - 0 ] INFO  ratis.XceiverServerRatis (XceiverServerRatis.java:getRealPort(505)) - XceiverServerRatis 2a1c9333-8641-498a-88f2-87bcecbe0d18 is started using port 38177 for RATIS_ADMIN
2022-01-11 23:53:57,490 [EndpointStateMachine task thread for /0.0.0.0:39943 - 0 ] INFO  ratis.XceiverServerRatis (XceiverServerRatis.java:getRealPort(505)) - XceiverServerRatis 2a1c9333-8641-498a-88f2-87bcecbe0d18 is started using port 38177 for RATIS_SERVER
2022-01-11 23:53:57,491 [org.apache.ratis.util.JvmPauseMonitor$$Lambda$538/836759902@15e433eb] INFO  util.JvmPauseMonitor (JvmPauseMonitor.java:run(103)) - JvmPauseMonitor-2a1c9333-8641-498a-88f2-87bcecbe0d18: Started
2022-01-11 23:53:57,491 [EndpointStateMachine task thread for /0.0.0.0:39943 - 0 ] INFO  server.XceiverServerGrpc (XceiverServerGrpc.java:start(180)) - XceiverServerGrpc 2a1c9333-8641-498a-88f2-87bcecbe0d18 is started using port 44313
2022-01-11 23:53:57,678 [IPC Server handler 4 on default port 39943] INFO  net.NetworkTopologyImpl (NetworkTopologyImpl.java:add(112)) - Added a new node: /default-rack/c2004f48-6b55-488b-a4f3-a933c544d5d2
2022-01-11 23:53:57,678 [IPC Server handler 4 on default port 39943] INFO  node.SCMNodeManager (SCMNodeManager.java:register(389)) - Registered Data node : c2004f48-6b55-488b-a4f3-a933c544d5d2{ip: 10.1.0.37, host: fv-az59-280.csjynl4pkq3e1pkirw3ssqjfoh.cx.internal.cloudapp.net, ports: [REPLICATION=46737, RATIS=33985, RATIS_ADMIN=33985, RATIS_SERVER=33985, STANDALONE=41439], networkLocation: /default-rack, certSerialId: null, persistedOpState: null, persistedOpStateExpiryEpochSec: 0}
2022-01-11 23:53:57,679 [EventQueue-NewNodeForNewNodeHandler] INFO  pipeline.BackgroundPipelineCreator (BackgroundPipelineCreator.java:notifyEventTriggered(285)) - trigger a one-shot run on RatisPipelineUtilsThread.
2022-01-11 23:53:57,682 [EventQueue-NodeRegistrationContainerReportForDataNodeSafeModeRule] INFO  safemode.SCMSafeModeManager (DataNodeSafeModeRule.java:process(71)) - SCM in safe mode. 3 DataNodes registered, 3 required.
2022-01-11 23:53:57,682 [EventQueue-NodeRegistrationContainerReportForDataNodeSafeModeRule] INFO  safemode.SCMSafeModeManager (SCMSafeModeManager.java:validateSafeModeExitRules(204)) - DataNodeSafeModeRule rule is successfully validated
2022-01-11 23:53:57,682 [EventQueue-NodeRegistrationContainerReportForDataNodeSafeModeRule] INFO  safemode.SCMSafeModeManager (SCMSafeModeManager.java:completePreCheck(233)) - All SCM safe mode pre check rules have passed
2022-01-11 23:53:57,682 [EventQueue-NodeRegistrationContainerReportForDataNodeSafeModeRule] WARN  events.EventQueue (EventQueue.java:fireEvent(194)) - No event handler registered for event TypedEvent{payloadType=SafeModeStatus, name='Safe mode status'}
2022-01-11 23:53:57,682 [EventQueue-NodeRegistrationContainerReportForDataNodeSafeModeRule] INFO  ha.SCMContext (SCMContext.java:updateSafeModeStatus(211)) - Update SafeModeStatus from SafeModeStatus{safeModeStatus=true, preCheckPassed=false} to SafeModeStatus{safeModeStatus=true, preCheckPassed=true}.
2022-01-11 23:53:57,682 [EventQueue-NodeRegistrationContainerReportForDataNodeSafeModeRule] INFO  pipeline.BackgroundPipelineCreator (BackgroundPipelineCreator.java:notifyEventTriggered(285)) - trigger a one-shot run on RatisPipelineUtilsThread.
2022-01-11 23:53:57,683 [RatisPipelineUtilsThread - 0] INFO  pipeline.RatisPipelineProvider (RatisPipelineProvider.java:lambda$create$0(183)) - Sending CreatePipelineCommand for pipeline:PipelineID=a7285e4a-4b3e-44a1-a5f9-1f4cd4c22526 to datanode:c2004f48-6b55-488b-a4f3-a933c544d5d2
2022-01-11 23:53:57,684 [RatisPipelineUtilsThread - 0] INFO  pipeline.PipelineStateManagerImpl (PipelineStateManagerImpl.java:addPipeline(101)) - Created pipeline Pipeline[ Id: a7285e4a-4b3e-44a1-a5f9-1f4cd4c22526, Nodes: c2004f48-6b55-488b-a4f3-a933c544d5d2{ip: 10.1.0.37, host: fv-az59-280.csjynl4pkq3e1pkirw3ssqjfoh.cx.internal.cloudapp.net, ports: [REPLICATION=46737, RATIS=33985, RATIS_ADMIN=33985, RATIS_SERVER=33985, STANDALONE=41439], networkLocation: /default-rack, certSerialId: null, persistedOpState: IN_SERVICE, persistedOpStateExpiryEpochSec: 0}, ReplicationConfig: RATIS/ONE, State:ALLOCATED, leaderId:, CreationTimestamp2022-01-11T23:53:57.683Z[Etc/UTC]].
2022-01-11 23:53:57,684 [RatisPipelineUtilsThread - 0] INFO  pipeline.RatisPipelineProvider (RatisPipelineProvider.java:lambda$create$0(183)) - Sending CreatePipelineCommand for pipeline:PipelineID=9f8526f1-ada7-46fb-8b6a-2a363a5cf540 to datanode:51615485-058d-42af-9c65-c0e811a06a5e
2022-01-11 23:53:57,684 [RatisPipelineUtilsThread - 0] INFO  pipeline.RatisPipelineProvider (RatisPipelineProvider.java:lambda$create$0(183)) - Sending CreatePipelineCommand for pipeline:PipelineID=9f8526f1-ada7-46fb-8b6a-2a363a5cf540 to datanode:8eedcce2-fa83-40f2-8f3f-8ae88d3f9c27
2022-01-11 23:53:57,684 [RatisPipelineUtilsThread - 0] INFO  pipeline.RatisPipelineProvider (RatisPipelineProvider.java:lambda$create$0(183)) - Sending CreatePipelineCommand for pipeline:PipelineID=9f8526f1-ada7-46fb-8b6a-2a363a5cf540 to datanode:c2004f48-6b55-488b-a4f3-a933c544d5d2
2022-01-11 23:53:57,685 [RatisPipelineUtilsThread - 0] INFO  pipeline.PipelineStateManagerImpl (PipelineStateManagerImpl.java:addPipeline(101)) - Created pipeline Pipeline[ Id: 9f8526f1-ada7-46fb-8b6a-2a363a5cf540, Nodes: 51615485-058d-42af-9c65-c0e811a06a5e{ip: 10.1.0.37, host: fv-az59-280.csjynl4pkq3e1pkirw3ssqjfoh.cx.internal.cloudapp.net, ports: [REPLICATION=39021, RATIS=46039, RATIS_ADMIN=46039, RATIS_SERVER=46039, STANDALONE=40703], networkLocation: /default-rack, certSerialId: null, persistedOpState: IN_SERVICE, persistedOpStateExpiryEpochSec: 0}8eedcce2-fa83-40f2-8f3f-8ae88d3f9c27{ip: 10.1.0.37, host: fv-az59-280.csjynl4pkq3e1pkirw3ssqjfoh.cx.internal.cloudapp.net, ports: [REPLICATION=34455, RATIS=39561, RATIS_ADMIN=39561, RATIS_SERVER=39561, STANDALONE=43687], networkLocation: /default-rack, certSerialId: null, persistedOpState: IN_SERVICE, persistedOpStateExpiryEpochSec: 0}c2004f48-6b55-488b-a4f3-a933c544d5d2{ip: 10.1.0.37, host: fv-az59-280.csjynl4pkq3e1pkirw3ssqjfoh.cx.internal.cloudapp.net, ports: [REPLICATION=46737, RATIS=33985, RATIS_ADMIN=33985, RATIS_SERVER=33985, STANDALONE=41439], networkLocation: /default-rack, certSerialId: null, persistedOpState: IN_SERVICE, persistedOpStateExpiryEpochSec: 0}, ReplicationConfig: RATIS/THREE, State:ALLOCATED, leaderId:, CreationTimestamp2022-01-11T23:53:57.684Z[Etc/UTC]].
2022-01-11 23:53:57,687 [RatisPipelineUtilsThread - 0] INFO  pipeline.RatisPipelineProvider (RatisPipelineProvider.java:lambda$create$0(183)) - Sending CreatePipelineCommand for pipeline:PipelineID=990fb063-1c16-4a81-9120-2b542484af5f to datanode:51615485-058d-42af-9c65-c0e811a06a5e
2022-01-11 23:53:57,690 [RatisPipelineUtilsThread - 0] INFO  pipeline.RatisPipelineProvider (RatisPipelineProvider.java:lambda$create$0(183)) - Sending CreatePipelineCommand for pipeline:PipelineID=990fb063-1c16-4a81-9120-2b542484af5f to datanode:8eedcce2-fa83-40f2-8f3f-8ae88d3f9c27
2022-01-11 23:53:57,690 [RatisPipelineUtilsThread - 0] INFO  pipeline.RatisPipelineProvider (RatisPipelineProvider.java:lambda$create$0(183)) - Sending CreatePipelineCommand for pipeline:PipelineID=990fb063-1c16-4a81-9120-2b542484af5f to datanode:c2004f48-6b55-488b-a4f3-a933c544d5d2
2022-01-11 23:53:57,690 [RatisPipelineUtilsThread - 0] INFO  pipeline.PipelineStateManagerImpl (PipelineStateManagerImpl.java:addPipeline(101)) - Created pipeline Pipeline[ Id: 990fb063-1c16-4a81-9120-2b542484af5f, Nodes: 51615485-058d-42af-9c65-c0e811a06a5e{ip: 10.1.0.37, host: fv-az59-280.csjynl4pkq3e1pkirw3ssqjfoh.cx.internal.cloudapp.net, ports: [REPLICATION=39021, RATIS=46039, RATIS_ADMIN=46039, RATIS_SERVER=46039, STANDALONE=40703], networkLocation: /default-rack, certSerialId: null, persistedOpState: IN_SERVICE, persistedOpStateExpiryEpochSec: 0}8eedcce2-fa83-40f2-8f3f-8ae88d3f9c27{ip: 10.1.0.37, host: fv-az59-280.csjynl4pkq3e1pkirw3ssqjfoh.cx.internal.cloudapp.net, ports: [REPLICATION=34455, RATIS=39561, RATIS_ADMIN=39561, RATIS_SERVER=39561, STANDALONE=43687], networkLocation: /default-rack, certSerialId: null, persistedOpState: IN_SERVICE, persistedOpStateExpiryEpochSec: 0}c2004f48-6b55-488b-a4f3-a933c544d5d2{ip: 10.1.0.37, host: fv-az59-280.csjynl4pkq3e1pkirw3ssqjfoh.cx.internal.cloudapp.net, ports: [REPLICATION=46737, RATIS=33985, RATIS_ADMIN=33985, RATIS_SERVER=33985, STANDALONE=41439], networkLocation: /default-rack, certSerialId: null, persistedOpState: IN_SERVICE, persistedOpStateExpiryEpochSec: 0}, ReplicationConfig: RATIS/THREE, State:ALLOCATED, leaderId:, CreationTimestamp2022-01-11T23:53:57.687Z[Etc/UTC]].
2022-01-11 23:53:57,691 [RatisPipelineUtilsThread - 0] INFO  pipeline.PipelineManagerImpl (PipelineManagerImpl.java:recordMetricsForPipeline(639)) - Pipeline: PipelineID=990fb063-1c16-4a81-9120-2b542484af5f contains same datanodes as previous pipelines: PipelineID=9f8526f1-ada7-46fb-8b6a-2a363a5cf540 nodeIds: 51615485-058d-42af-9c65-c0e811a06a5e, 8eedcce2-fa83-40f2-8f3f-8ae88d3f9c27, c2004f48-6b55-488b-a4f3-a933c544d5d2
2022-01-11 23:53:57,692 [RatisPipelineUtilsThread - 0] INFO  pipeline.RatisPipelineProvider (RatisPipelineProvider.java:lambda$create$0(183)) - Sending CreatePipelineCommand for pipeline:PipelineID=45053eb7-d090-43ed-ae9a-d0e897ec1444 to datanode:c2004f48-6b55-488b-a4f3-a933c544d5d2
2022-01-11 23:53:57,695 [RatisPipelineUtilsThread - 0] INFO  pipeline.RatisPipelineProvider (RatisPipelineProvider.java:lambda$create$0(183)) - Sending CreatePipelineCommand for pipeline:PipelineID=45053eb7-d090-43ed-ae9a-d0e897ec1444 to datanode:8eedcce2-fa83-40f2-8f3f-8ae88d3f9c27
2022-01-11 23:53:57,695 [RatisPipelineUtilsThread - 0] INFO  pipeline.RatisPipelineProvider (RatisPipelineProvider.java:lambda$create$0(183)) - Sending CreatePipelineCommand for pipeline:PipelineID=45053eb7-d090-43ed-ae9a-d0e897ec1444 to datanode:51615485-058d-42af-9c65-c0e811a06a5e
2022-01-11 23:53:57,695 [RatisPipelineUtilsThread - 0] INFO  pipeline.PipelineStateManagerImpl (PipelineStateManagerImpl.java:addPipeline(101)) - Created pipeline Pipeline[ Id: 45053eb7-d090-43ed-ae9a-d0e897ec1444, Nodes: c2004f48-6b55-488b-a4f3-a933c544d5d2{ip: 10.1.0.37, host: fv-az59-280.csjynl4pkq3e1pkirw3ssqjfoh.cx.internal.cloudapp.net, ports: [REPLICATION=46737, RATIS=33985, RATIS_ADMIN=33985, RATIS_SERVER=33985, STANDALONE=41439], networkLocation: /default-rack, certSerialId: null, persistedOpState: IN_SERVICE, persistedOpStateExpiryEpochSec: 0}8eedcce2-fa83-40f2-8f3f-8ae88d3f9c27{ip: 10.1.0.37, host: fv-az59-280.csjynl4pkq3e1pkirw3ssqjfoh.cx.internal.cloudapp.net, ports: [REPLICATION=34455, RATIS=39561, RATIS_ADMIN=39561, RATIS_SERVER=39561, STANDALONE=43687], networkLocation: /default-rack, certSerialId: null, persistedOpState: IN_SERVICE, persistedOpStateExpiryEpochSec: 0}51615485-058d-42af-9c65-c0e811a06a5e{ip: 10.1.0.37, host: fv-az59-280.csjynl4pkq3e1pkirw3ssqjfoh.cx.internal.cloudapp.net, ports: [REPLICATION=39021, RATIS=46039, RATIS_ADMIN=46039, RATIS_SERVER=46039, STANDALONE=40703], networkLocation: /default-rack, certSerialId: null, persistedOpState: IN_SERVICE, persistedOpStateExpiryEpochSec: 0}, ReplicationConfig: RATIS/THREE, State:ALLOCATED, leaderId:, CreationTimestamp2022-01-11T23:53:57.692Z[Etc/UTC]].
2022-01-11 23:53:57,696 [RatisPipelineUtilsThread - 0] INFO  pipeline.PipelineManagerImpl (PipelineManagerImpl.java:recordMetricsForPipeline(639)) - Pipeline: PipelineID=45053eb7-d090-43ed-ae9a-d0e897ec1444 contains same datanodes as previous pipelines: PipelineID=990fb063-1c16-4a81-9120-2b542484af5f nodeIds: c2004f48-6b55-488b-a4f3-a933c544d5d2, 8eedcce2-fa83-40f2-8f3f-8ae88d3f9c27, 51615485-058d-42af-9c65-c0e811a06a5e
2022-01-11 23:53:57,697 [RatisPipelineUtilsThread - 0] INFO  pipeline.PipelineManagerImpl (PipelineManagerImpl.java:recordMetricsForPipeline(639)) - Pipeline: PipelineID=45053eb7-d090-43ed-ae9a-d0e897ec1444 contains same datanodes as previous pipelines: PipelineID=9f8526f1-ada7-46fb-8b6a-2a363a5cf540 nodeIds: c2004f48-6b55-488b-a4f3-a933c544d5d2, 8eedcce2-fa83-40f2-8f3f-8ae88d3f9c27, 51615485-058d-42af-9c65-c0e811a06a5e
2022-01-11 23:53:57,959 [Listener at 127.0.0.1/46043] INFO  ozone.MiniOzoneClusterImpl (MiniOzoneClusterImpl.java:lambda$waitForClusterToBeReady$0(235)) - Waiting for nodes to be ready. Got 3 of 7 DN Heartbeats.
2022-01-11 23:53:57,959 [Listener at 127.0.0.1/46043] INFO  ozone.MiniOzoneClusterImpl (MiniOzoneClusterImpl.java:lambda$waitForClusterToBeReady$0(238)) - Waiting for cluster to exit safe mode
2022-01-11 23:53:57,959 [Listener at 127.0.0.1/46043] INFO  ozone.MiniOzoneClusterImpl (MiniOzoneClusterImpl.java:lambda$waitForClusterToBeReady$0(240)) - SCM became leader
2022-01-11 23:53:57,997 [EndpointStateMachine task thread for /0.0.0.0:39943 - 0 ] INFO  ozoneimpl.OzoneContainer (OzoneContainer.java:start(315)) - Attempting to start container services.
2022-01-11 23:53:57,997 [EndpointStateMachine task thread for /0.0.0.0:39943 - 0 ] INFO  ozoneimpl.OzoneContainer (OzoneContainer.java:startContainerScrub(250)) - Background container scanner has been disabled.
2022-01-11 23:53:57,998 [EndpointStateMachine task thread for /0.0.0.0:39943 - 0 ] INFO  replication.ReplicationServer (ReplicationServer.java:start(111)) - ReplicationServer is started using port 44445
2022-01-11 23:53:57,999 [EndpointStateMachine task thread for /0.0.0.0:39943 - 0 ] INFO  ratis.XceiverServerRatis (XceiverServerRatis.java:start(484)) - Starting XceiverServerRatis 6b666312-5236-4d63-85d6-3705eb3fb30b
2022-01-11 23:53:58,013 [EndpointStateMachine task thread for /0.0.0.0:39943 - 0 ] INFO  server.RaftServer (RaftServerProxy.java:lambda$start$5(374)) - 6b666312-5236-4d63-85d6-3705eb3fb30b: start RPC server
2022-01-11 23:53:58,020 [EndpointStateMachine task thread for /0.0.0.0:39943 - 0 ] INFO  server.GrpcService (GrpcService.java:startImpl(253)) - 6b666312-5236-4d63-85d6-3705eb3fb30b: GrpcService started, listening on 38271
2022-01-11 23:53:58,021 [EndpointStateMachine task thread for /0.0.0.0:39943 - 0 ] INFO  ratis.XceiverServerRatis (XceiverServerRatis.java:getRealPort(505)) - XceiverServerRatis 6b666312-5236-4d63-85d6-3705eb3fb30b is started using port 38271 for RATIS
2022-01-11 23:53:58,021 [EndpointStateMachine task thread for /0.0.0.0:39943 - 0 ] INFO  ratis.XceiverServerRatis (XceiverServerRatis.java:getRealPort(505)) - XceiverServerRatis 6b666312-5236-4d63-85d6-3705eb3fb30b is started using port 38271 for RATIS_ADMIN
2022-01-11 23:53:58,021 [EndpointStateMachine task thread for /0.0.0.0:39943 - 0 ] INFO  ratis.XceiverServerRatis (XceiverServerRatis.java:getRealPort(505)) - XceiverServerRatis 6b666312-5236-4d63-85d6-3705eb3fb30b is started using port 38271 for RATIS_SERVER
2022-01-11 23:53:58,022 [org.apache.ratis.util.JvmPauseMonitor$$Lambda$538/836759902@7a2c522f] INFO  util.JvmPauseMonitor (JvmPauseMonitor.java:run(103)) - JvmPauseMonitor-6b666312-5236-4d63-85d6-3705eb3fb30b: Started
2022-01-11 23:53:58,049 [EndpointStateMachine task thread for /0.0.0.0:39943 - 0 ] INFO  server.XceiverServerGrpc (XceiverServerGrpc.java:start(180)) - XceiverServerGrpc 6b666312-5236-4d63-85d6-3705eb3fb30b is started using port 39257
2022-01-11 23:53:58,266 [IPC Server handler 2 on default port 39943] INFO  net.NetworkTopologyImpl (NetworkTopologyImpl.java:add(112)) - Added a new node: /default-rack/77c66afc-fa73-4d89-b59d-9adc22a556cf
2022-01-11 23:53:58,266 [IPC Server handler 2 on default port 39943] INFO  node.SCMNodeManager (SCMNodeManager.java:register(389)) - Registered Data node : 77c66afc-fa73-4d89-b59d-9adc22a556cf{ip: 10.1.0.37, host: fv-az59-280.csjynl4pkq3e1pkirw3ssqjfoh.cx.internal.cloudapp.net, ports: [REPLICATION=36525, RATIS=40587, RATIS_ADMIN=40587, RATIS_SERVER=40587, STANDALONE=44631], networkLocation: /default-rack, certSerialId: null, persistedOpState: null, persistedOpStateExpiryEpochSec: 0}
2022-01-11 23:53:58,266 [EventQueue-NewNodeForNewNodeHandler] INFO  pipeline.BackgroundPipelineCreator (BackgroundPipelineCreator.java:notifyEventTriggered(285)) - trigger a one-shot run on RatisPipelineUtilsThread.
2022-01-11 23:53:58,267 [RatisPipelineUtilsThread - 0] INFO  pipeline.RatisPipelineProvider (RatisPipelineProvider.java:lambda$create$0(183)) - Sending CreatePipelineCommand for pipeline:PipelineID=954df24e-df25-4aba-a0f7-319779f41024 to datanode:77c66afc-fa73-4d89-b59d-9adc22a556cf
2022-01-11 23:53:58,268 [RatisPipelineUtilsThread - 0] INFO  pipeline.PipelineStateManagerImpl (PipelineStateManagerImpl.java:addPipeline(101)) - Created pipeline Pipeline[ Id: 954df24e-df25-4aba-a0f7-319779f41024, Nodes: 77c66afc-fa73-4d89-b59d-9adc22a556cf{ip: 10.1.0.37, host: fv-az59-280.csjynl4pkq3e1pkirw3ssqjfoh.cx.internal.cloudapp.net, ports: [REPLICATION=36525, RATIS=40587, RATIS_ADMIN=40587, RATIS_SERVER=40587, STANDALONE=44631], networkLocation: /default-rack, certSerialId: null, persistedOpState: IN_SERVICE, persistedOpStateExpiryEpochSec: 0}, ReplicationConfig: RATIS/ONE, State:ALLOCATED, leaderId:, CreationTimestamp2022-01-11T23:53:58.267Z[Etc/UTC]].
2022-01-11 23:53:58,799 [IPC Server handler 0 on default port 39943] INFO  net.NetworkTopologyImpl (NetworkTopologyImpl.java:add(112)) - Added a new node: /default-rack/757e1abf-caf6-4356-ad73-d786994982ad
2022-01-11 23:53:58,799 [IPC Server handler 0 on default port 39943] INFO  node.SCMNodeManager (SCMNodeManager.java:register(389)) - Registered Data node : 757e1abf-caf6-4356-ad73-d786994982ad{ip: 10.1.0.37, host: fv-az59-280.csjynl4pkq3e1pkirw3ssqjfoh.cx.internal.cloudapp.net, ports: [REPLICATION=40569, RATIS=41749, RATIS_ADMIN=41749, RATIS_SERVER=41749, STANDALONE=42593], networkLocation: /default-rack, certSerialId: null, persistedOpState: null, persistedOpStateExpiryEpochSec: 0}
2022-01-11 23:53:58,799 [EventQueue-NewNodeForNewNodeHandler] INFO  pipeline.BackgroundPipelineCreator (BackgroundPipelineCreator.java:notifyEventTriggered(285)) - trigger a one-shot run on RatisPipelineUtilsThread.
2022-01-11 23:53:58,800 [RatisPipelineUtilsThread - 0] INFO  pipeline.RatisPipelineProvider (RatisPipelineProvider.java:lambda$create$0(183)) - Sending CreatePipelineCommand for pipeline:PipelineID=8b00abd0-5014-4694-b328-85dfc7f102c7 to datanode:757e1abf-caf6-4356-ad73-d786994982ad
2022-01-11 23:53:58,800 [RatisPipelineUtilsThread - 0] INFO  pipeline.PipelineStateManagerImpl (PipelineStateManagerImpl.java:addPipeline(101)) - Created pipeline Pipeline[ Id: 8b00abd0-5014-4694-b328-85dfc7f102c7, Nodes: 757e1abf-caf6-4356-ad73-d786994982ad{ip: 10.1.0.37, host: fv-az59-280.csjynl4pkq3e1pkirw3ssqjfoh.cx.internal.cloudapp.net, ports: [REPLICATION=40569, RATIS=41749, RATIS_ADMIN=41749, RATIS_SERVER=41749, STANDALONE=42593], networkLocation: /default-rack, certSerialId: null, persistedOpState: IN_SERVICE, persistedOpStateExpiryEpochSec: 0}, ReplicationConfig: RATIS/ONE, State:ALLOCATED, leaderId:, CreationTimestamp2022-01-11T23:53:58.800Z[Etc/UTC]].
2022-01-11 23:53:58,960 [Listener at 127.0.0.1/46043] INFO  ozone.MiniOzoneClusterImpl (MiniOzoneClusterImpl.java:lambda$waitForClusterToBeReady$0(235)) - Waiting for nodes to be ready. Got 5 of 7 DN Heartbeats.
2022-01-11 23:53:58,960 [Listener at 127.0.0.1/46043] INFO  ozone.MiniOzoneClusterImpl (MiniOzoneClusterImpl.java:lambda$waitForClusterToBeReady$0(238)) - Waiting for cluster to exit safe mode
2022-01-11 23:53:58,960 [Listener at 127.0.0.1/46043] INFO  ozone.MiniOzoneClusterImpl (MiniOzoneClusterImpl.java:lambda$waitForClusterToBeReady$0(240)) - SCM became leader
2022-01-11 23:53:59,406 [Command processor thread] INFO  server.RaftServer (RaftServerProxy.java:addNew(95)) - 8eedcce2-fa83-40f2-8f3f-8ae88d3f9c27: addNew group-47FAC33CDF13:[8eedcce2-fa83-40f2-8f3f-8ae88d3f9c27|rpc:10.1.0.37:39561|priority:1] returns group-47FAC33CDF13:java.util.concurrent.CompletableFuture@619e9dfe[Not completed]
2022-01-11 23:53:59,433 [pool-292-thread-1] INFO  server.RaftServer$Division (RaftServerImpl.java:<init>(184)) - 8eedcce2-fa83-40f2-8f3f-8ae88d3f9c27: new RaftServerImpl for group-47FAC33CDF13:[8eedcce2-fa83-40f2-8f3f-8ae88d3f9c27|rpc:10.1.0.37:39561|priority:1] with ContainerStateMachine:uninitialized
2022-01-11 23:53:59,454 [pool-292-thread-1] INFO  server.RaftServerConfigKeys (ConfUtils.java:logGet(44)) - raft.server.rpc.timeout.min = 5s (custom)
2022-01-11 23:53:59,454 [pool-292-thread-1] INFO  server.RaftServerConfigKeys (ConfUtils.java:logGet(44)) - raft.server.rpc.timeout.max = 5200ms (custom)
2022-01-11 23:53:59,454 [pool-292-thread-1] INFO  server.RaftServerConfigKeys (ConfUtils.java:logGet(44)) - raft.server.rpc.sleep.time = 25ms (default)
2022-01-11 23:53:59,454 [pool-292-thread-1] INFO  server.RaftServerConfigKeys (ConfUtils.java:logGet(44)) - raft.server.rpc.slowness.timeout = 300000ms (custom)
2022-01-11 23:53:59,454 [pool-292-thread-1] INFO  server.RaftServerConfigKeys (ConfUtils.java:logGet(44)) - raft.server.leaderelection.leader.step-down.wait-time = 10s (default)
2022-01-11 23:53:59,454 [pool-292-thread-1] INFO  server.RaftServerConfigKeys (ConfUtils.java:logGet(44)) - raft.server.sleep.deviation.threshold = 300ms (default)
2022-01-11 23:53:59,454 [pool-292-thread-1] INFO  server.RaftServerConfigKeys (ConfUtils.java:logGet(44)) - raft.server.log.appender.install.snapshot.enabled = false (custom)
2022-01-11 23:53:59,454 [pool-292-thread-1] INFO  server.RaftServer$Division (ServerState.java:<init>(105)) - 8eedcce2-fa83-40f2-8f3f-8ae88d3f9c27@group-47FAC33CDF13: ConfigurationManager, init=-1: [8eedcce2-fa83-40f2-8f3f-8ae88d3f9c27|rpc:10.1.0.37:39561|priority:1], old=null, confs=<EMPTY_MAP>
2022-01-11 23:53:59,455 [pool-292-thread-1] INFO  server.RaftServerConfigKeys (ConfUtils.java:logGet(44)) - raft.server.storage.dir = [/home/runner/work/ozone/ozone/hadoop-ozone/integration-test/target/test-dir/MiniOzoneClusterImpl-84b3519b-a2d3-47e7-8c84-34506f72c9f7/datanode-0/data/ratis] (custom)
2022-01-11 23:53:59,455 [pool-292-thread-1] INFO  server.RaftServerConfigKeys (ConfUtils.java:logGet(44)) - raft.server.log.corruption.policy = EXCEPTION (default)
2022-01-11 23:53:59,455 [pool-292-thread-1] INFO  server.RaftServerConfigKeys (ConfUtils.java:logGet(44)) - raft.server.storage.free-space.min = 0MB (=0) (default)
2022-01-11 23:53:59,455 [pool-292-thread-1] INFO  storage.RaftStorageDirectory (RaftStorageDirectoryImpl.java:analyzeStorage(135)) - The storage directory /home/runner/work/ozone/ozone/hadoop-ozone/integration-test/target/test-dir/MiniOzoneClusterImpl-84b3519b-a2d3-47e7-8c84-34506f72c9f7/datanode-0/data/ratis/f68214f8-198a-4fd3-b36f-47fac33cdf13 does not exist. Creating ...
2022-01-11 23:53:59,461 [pool-292-thread-1] INFO  storage.RaftStorageDirectory (RaftStorageDirectoryImpl.java:tryLock(230)) - Lock on /home/runner/work/ozone/ozone/hadoop-ozone/integration-test/target/test-dir/MiniOzoneClusterImpl-84b3519b-a2d3-47e7-8c84-34506f72c9f7/datanode-0/data/ratis/f68214f8-198a-4fd3-b36f-47fac33cdf13/in_use.lock acquired by nodename 350@fv-az59-280
2022-01-11 23:53:59,462 [IPC Server handler 19 on default port 39943] INFO  net.NetworkTopologyImpl (NetworkTopologyImpl.java:add(112)) - Added a new node: /default-rack/2a1c9333-8641-498a-88f2-87bcecbe0d18
2022-01-11 23:53:59,462 [IPC Server handler 19 on default port 39943] INFO  node.SCMNodeManager (SCMNodeManager.java:register(389)) - Registered Data node : 2a1c9333-8641-498a-88f2-87bcecbe0d18{ip: 10.1.0.37, host: fv-az59-280.csjynl4pkq3e1pkirw3ssqjfoh.cx.internal.cloudapp.net, ports: [REPLICATION=45151, RATIS=38177, RATIS_ADMIN=38177, RATIS_SERVER=38177, STANDALONE=44313], networkLocation: /default-rack, certSerialId: null, persistedOpState: null, persistedOpStateExpiryEpochSec: 0}
2022-01-11 23:53:59,463 [EventQueue-NewNodeForNewNodeHandler] INFO  pipeline.BackgroundPipelineCreator (BackgroundPipelineCreator.java:notifyEventTriggered(285)) - trigger a one-shot run on RatisPipelineUtilsThread.
2022-01-11 23:53:59,463 [RatisPipelineUtilsThread - 0] INFO  pipeline.RatisPipelineProvider (RatisPipelineProvider.java:lambda$create$0(183)) - Sending CreatePipelineCommand for pipeline:PipelineID=a1978e2b-ad32-4a8c-80c7-a72ddd3acb6b to datanode:2a1c9333-8641-498a-88f2-87bcecbe0d18
2022-01-11 23:53:59,464 [RatisPipelineUtilsThread - 0] INFO  pipeline.PipelineStateManagerImpl (PipelineStateManagerImpl.java:addPipeline(101)) - Created pipeline Pipeline[ Id: a1978e2b-ad32-4a8c-80c7-a72ddd3acb6b, Nodes: 2a1c9333-8641-498a-88f2-87bcecbe0d18{ip: 10.1.0.37, host: fv-az59-280.csjynl4pkq3e1pkirw3ssqjfoh.cx.internal.cloudapp.net, ports: [REPLICATION=45151, RATIS=38177, RATIS_ADMIN=38177, RATIS_SERVER=38177, STANDALONE=44313], networkLocation: /default-rack, certSerialId: null, persistedOpState: IN_SERVICE, persistedOpStateExpiryEpochSec: 0}, ReplicationConfig: RATIS/ONE, State:ALLOCATED, leaderId:, CreationTimestamp2022-01-11T23:53:59.463Z[Etc/UTC]].
2022-01-11 23:53:59,464 [RatisPipelineUtilsThread - 0] INFO  pipeline.RatisPipelineProvider (RatisPipelineProvider.java:lambda$create$0(183)) - Sending CreatePipelineCommand for pipeline:PipelineID=9af18b33-0efc-4508-87fb-29c336287606 to datanode:77c66afc-fa73-4d89-b59d-9adc22a556cf
2022-01-11 23:53:59,464 [RatisPipelineUtilsThread - 0] INFO  pipeline.RatisPipelineProvider (RatisPipelineProvider.java:lambda$create$0(183)) - Sending CreatePipelineCommand for pipeline:PipelineID=9af18b33-0efc-4508-87fb-29c336287606 to datanode:2a1c9333-8641-498a-88f2-87bcecbe0d18
2022-01-11 23:53:59,464 [RatisPipelineUtilsThread - 0] INFO  pipeline.RatisPipelineProvider (RatisPipelineProvider.java:lambda$create$0(183)) - Sending CreatePipelineCommand for pipeline:PipelineID=9af18b33-0efc-4508-87fb-29c336287606 to datanode:757e1abf-caf6-4356-ad73-d786994982ad
2022-01-11 23:53:59,464 [RatisPipelineUtilsThread - 0] INFO  pipeline.PipelineStateManagerImpl (PipelineStateManagerImpl.java:addPipeline(101)) - Created pipeline Pipeline[ Id: 9af18b33-0efc-4508-87fb-29c336287606, Nodes: 77c66afc-fa73-4d89-b59d-9adc22a556cf{ip: 10.1.0.37, host: fv-az59-280.csjynl4pkq3e1pkirw3ssqjfoh.cx.internal.cloudapp.net, ports: [REPLICATION=36525, RATIS=40587, RATIS_ADMIN=40587, RATIS_SERVER=40587, STANDALONE=44631], networkLocation: /default-rack, certSerialId: null, persistedOpState: IN_SERVICE, persistedOpStateExpiryEpochSec: 0}2a1c9333-8641-498a-88f2-87bcecbe0d18{ip: 10.1.0.37, host: fv-az59-280.csjynl4pkq3e1pkirw3ssqjfoh.cx.internal.cloudapp.net, ports: [REPLICATION=45151, RATIS=38177, RATIS_ADMIN=38177, RATIS_SERVER=38177, STANDALONE=44313], networkLocation: /default-rack, certSerialId: null, persistedOpState: IN_SERVICE, persistedOpStateExpiryEpochSec: 0}757e1abf-caf6-4356-ad73-d786994982ad{ip: 10.1.0.37, host: fv-az59-280.csjynl4pkq3e1pkirw3ssqjfoh.cx.internal.cloudapp.net, ports: [REPLICATION=40569, RATIS=41749, RATIS_ADMIN=41749, RATIS_SERVER=41749, STANDALONE=42593], networkLocation: /default-rack, certSerialId: null, persistedOpState: IN_SERVICE, persistedOpStateExpiryEpochSec: 0}, ReplicationConfig: RATIS/THREE, State:ALLOCATED, leaderId:, CreationTimestamp2022-01-11T23:53:59.464Z[Etc/UTC]].
2022-01-11 23:53:59,465 [RatisPipelineUtilsThread - 0] INFO  pipeline.RatisPipelineProvider (RatisPipelineProvider.java:lambda$create$0(183)) - Sending CreatePipelineCommand for pipeline:PipelineID=1afd3704-aaf0-437f-bd8e-36ec4f650869 to datanode:77c66afc-fa73-4d89-b59d-9adc22a556cf
2022-01-11 23:53:59,465 [RatisPipelineUtilsThread - 0] INFO  pipeline.RatisPipelineProvider (RatisPipelineProvider.java:lambda$create$0(183)) - Sending CreatePipelineCommand for pipeline:PipelineID=1afd3704-aaf0-437f-bd8e-36ec4f650869 to datanode:2a1c9333-8641-498a-88f2-87bcecbe0d18
2022-01-11 23:53:59,465 [RatisPipelineUtilsThread - 0] INFO  pipeline.RatisPipelineProvider (RatisPipelineProvider.java:lambda$create$0(183)) - Sending CreatePipelineCommand for pipeline:PipelineID=1afd3704-aaf0-437f-bd8e-36ec4f650869 to datanode:757e1abf-caf6-4356-ad73-d786994982ad
2022-01-11 23:53:59,466 [RatisPipelineUtilsThread - 0] INFO  pipeline.PipelineStateManagerImpl (PipelineStateManagerImpl.java:addPipeline(101)) - Created pipeline Pipeline[ Id: 1afd3704-aaf0-437f-bd8e-36ec4f650869, Nodes: 77c66afc-fa73-4d89-b59d-9adc22a556cf{ip: 10.1.0.37, host: fv-az59-280.csjynl4pkq3e1pkirw3ssqjfoh.cx.internal.cloudapp.net, ports: [REPLICATION=36525, RATIS=40587, RATIS_ADMIN=40587, RATIS_SERVER=40587, STANDALONE=44631], networkLocation: /default-rack, certSerialId: null, persistedOpState: IN_SERVICE, persistedOpStateExpiryEpochSec: 0}2a1c9333-8641-498a-88f2-87bcecbe0d18{ip: 10.1.0.37, host: fv-az59-280.csjynl4pkq3e1pkirw3ssqjfoh.cx.internal.cloudapp.net, ports: [REPLICATION=45151, RATIS=38177, RATIS_ADMIN=38177, RATIS_SERVER=38177, STANDALONE=44313], networkLocation: /default-rack, certSerialId: null, persistedOpState: IN_SERVICE, persistedOpStateExpiryEpochSec: 0}757e1abf-caf6-4356-ad73-d786994982ad{ip: 10.1.0.37, host: fv-az59-280.csjynl4pkq3e1pkirw3ssqjfoh.cx.internal.cloudapp.net, ports: [REPLICATION=40569, RATIS=41749, RATIS_ADMIN=41749, RATIS_SERVER=41749, STANDALONE=42593], networkLocation: /default-rack, certSerialId: null, persistedOpState: IN_SERVICE, persistedOpStateExpiryEpochSec: 0}, ReplicationConfig: RATIS/THREE, State:ALLOCATED, leaderId:, CreationTimestamp2022-01-11T23:53:59.465Z[Etc/UTC]].
2022-01-11 23:53:59,466 [RatisPipelineUtilsThread - 0] INFO  pipeline.PipelineManagerImpl (PipelineManagerImpl.java:recordMetricsForPipeline(639)) - Pipeline: PipelineID=1afd3704-aaf0-437f-bd8e-36ec4f650869 contains same datanodes as previous pipelines: PipelineID=9af18b33-0efc-4508-87fb-29c336287606 nodeIds: 77c66afc-fa73-4d89-b59d-9adc22a556cf, 2a1c9333-8641-498a-88f2-87bcecbe0d18, 757e1abf-caf6-4356-ad73-d786994982ad
2022-01-11 23:53:59,466 [pool-292-thread-1] INFO  storage.RaftStorage (RaftStorageImpl.java:format(89)) - Storage directory /home/runner/work/ozone/ozone/hadoop-ozone/integration-test/target/test-dir/MiniOzoneClusterImpl-84b3519b-a2d3-47e7-8c84-34506f72c9f7/datanode-0/data/ratis/f68214f8-198a-4fd3-b36f-47fac33cdf13 has been successfully formatted.
2022-01-11 23:53:59,466 [RatisPipelineUtilsThread - 0] INFO  pipeline.RatisPipelineProvider (RatisPipelineProvider.java:lambda$create$0(183)) - Sending CreatePipelineCommand for pipeline:PipelineID=5564fd82-da03-4608-bf34-4b271dc99cf9 to datanode:2a1c9333-8641-498a-88f2-87bcecbe0d18
2022-01-11 23:53:59,467 [RatisPipelineUtilsThread - 0] INFO  pipeline.RatisPipelineProvider (RatisPipelineProvider.java:lambda$create$0(183)) - Sending CreatePipelineCommand for pipeline:PipelineID=5564fd82-da03-4608-bf34-4b271dc99cf9 to datanode:77c66afc-fa73-4d89-b59d-9adc22a556cf
2022-01-11 23:53:59,467 [RatisPipelineUtilsThread - 0] INFO  pipeline.RatisPipelineProvider (RatisPipelineProvider.java:lambda$create$0(183)) - Sending CreatePipelineCommand for pipeline:PipelineID=5564fd82-da03-4608-bf34-4b271dc99cf9 to datanode:757e1abf-caf6-4356-ad73-d786994982ad
2022-01-11 23:53:59,467 [RatisPipelineUtilsThread - 0] INFO  pipeline.PipelineStateManagerImpl (PipelineStateManagerImpl.java:addPipeline(101)) - Created pipeline Pipeline[ Id: 5564fd82-da03-4608-bf34-4b271dc99cf9, Nodes: 2a1c9333-8641-498a-88f2-87bcecbe0d18{ip: 10.1.0.37, host: fv-az59-280.csjynl4pkq3e1pkirw3ssqjfoh.cx.internal.cloudapp.net, ports: [REPLICATION=45151, RATIS=38177, RATIS_ADMIN=38177, RATIS_SERVER=38177, STANDALONE=44313], networkLocation: /default-rack, certSerialId: null, persistedOpState: IN_SERVICE, persistedOpStateExpiryEpochSec: 0}77c66afc-fa73-4d89-b59d-9adc22a556cf{ip: 10.1.0.37, host: fv-az59-280.csjynl4pkq3e1pkirw3ssqjfoh.cx.internal.cloudapp.net, ports: [REPLICATION=36525, RATIS=40587, RATIS_ADMIN=40587, RATIS_SERVER=40587, STANDALONE=44631], networkLocation: /default-rack, certSerialId: null, persistedOpState: IN_SERVICE, persistedOpStateExpiryEpochSec: 0}757e1abf-caf6-4356-ad73-d786994982ad{ip: 10.1.0.37, host: fv-az59-280.csjynl4pkq3e1pkirw3ssqjfoh.cx.internal.cloudapp.net, ports: [REPLICATION=40569, RATIS=41749, RATIS_ADMIN=41749, RATIS_SERVER=41749, STANDALONE=42593], networkLocation: /default-rack, certSerialId: null, persistedOpState: IN_SERVICE, persistedOpStateExpiryEpochSec: 0}, ReplicationConfig: RATIS/THREE, State:ALLOCATED, leaderId:, CreationTimestamp2022-01-11T23:53:59.466Z[Etc/UTC]].
2022-01-11 23:53:59,468 [RatisPipelineUtilsThread - 0] INFO  pipeline.PipelineManagerImpl (PipelineManagerImpl.java:recordMetricsForPipeline(639)) - Pipeline: PipelineID=5564fd82-da03-4608-bf34-4b271dc99cf9 contains same datanodes as previous pipelines: PipelineID=9af18b33-0efc-4508-87fb-29c336287606 nodeIds: 2a1c9333-8641-498a-88f2-87bcecbe0d18, 77c66afc-fa73-4d89-b59d-9adc22a556cf, 757e1abf-caf6-4356-ad73-d786994982ad
2022-01-11 23:53:59,468 [RatisPipelineUtilsThread - 0] INFO  pipeline.PipelineManagerImpl (PipelineManagerImpl.java:recordMetricsForPipeline(639)) - Pipeline: PipelineID=5564fd82-da03-4608-bf34-4b271dc99cf9 contains same datanodes as previous pipelines: PipelineID=1afd3704-aaf0-437f-bd8e-36ec4f650869 nodeIds: 2a1c9333-8641-498a-88f2-87bcecbe0d18, 77c66afc-fa73-4d89-b59d-9adc22a556cf, 757e1abf-caf6-4356-ad73-d786994982ad
2022-01-11 23:53:59,506 [pool-292-thread-1] INFO  ratis.ContainerStateMachine (ContainerStateMachine.java:loadSnapshot(231)) - group-47FAC33CDF13: The snapshot info is null. Setting the last applied indexto:(t:0, i:~)
2022-01-11 23:53:59,512 [pool-292-thread-1] INFO  server.RaftServerConfigKeys (ConfUtils.java:logGet(44)) - raft.server.notification.no-leader.timeout = 300000ms (custom)
2022-01-11 23:53:59,512 [pool-292-thread-1] INFO  server.RaftServerConfigKeys (ConfUtils.java:logGet(44)) - raft.server.log.use.memory = false (default)
2022-01-11 23:53:59,512 [pool-292-thread-1] INFO  server.RaftServerConfigKeys (ConfUtils.java:logGet(44)) - raft.server.log.purge.gap = 1000000 (custom)
2022-01-11 23:53:59,512 [pool-292-thread-1] INFO  server.RaftServerConfigKeys (ConfUtils.java:logGet(44)) - raft.server.log.appender.buffer.byte-limit = 33554432 (custom)
2022-01-11 23:53:59,512 [pool-292-thread-1] INFO  server.RaftServerConfigKeys (ConfUtils.java:logGet(44)) - raft.server.log.segment.size.max = 1048576 (custom)
2022-01-11 23:53:59,514 [pool-292-thread-1] INFO  server.RaftServerConfigKeys (ConfUtils.java:logGet(44)) - raft.server.log.segment.cache.num.max = 2 (custom)
2022-01-11 23:53:59,514 [pool-292-thread-1] INFO  server.RaftServerConfigKeys (ConfUtils.java:logGet(44)) - raft.server.log.segment.cache.size.max = 200MB (=209715200) (default)
2022-01-11 23:53:59,514 [pool-292-thread-1] INFO  segmented.SegmentedRaftLogWorker (SegmentedRaftLogWorker.java:<init>(182)) - new 8eedcce2-fa83-40f2-8f3f-8ae88d3f9c27@group-47FAC33CDF13-SegmentedRaftLogWorker for RaftStorageImpl:Storage Directory /home/runner/work/ozone/ozone/hadoop-ozone/integration-test/target/test-dir/MiniOzoneClusterImpl-84b3519b-a2d3-47e7-8c84-34506f72c9f7/datanode-0/data/ratis/f68214f8-198a-4fd3-b36f-47fac33cdf13
2022-01-11 23:53:59,514 [pool-292-thread-1] INFO  server.RaftServerConfigKeys (ConfUtils.java:logGet(44)) - raft.server.log.queue.byte-limit = 2147483647 (custom)
2022-01-11 23:53:59,514 [pool-292-thread-1] INFO  server.RaftServerConfigKeys (ConfUtils.java:logGet(44)) - raft.server.log.queue.element-limit = 1024 (custom)
2022-01-11 23:53:59,515 [pool-292-thread-1] INFO  server.RaftServerConfigKeys (ConfUtils.java:logGet(44)) - raft.server.log.segment.size.max = 1048576 (custom)
2022-01-11 23:53:59,515 [pool-292-thread-1] INFO  server.RaftServerConfigKeys (ConfUtils.java:logGet(44)) - raft.server.log.preallocated.size = 16384 (custom)
2022-01-11 23:53:59,515 [pool-292-thread-1] INFO  server.RaftServerConfigKeys (ConfUtils.java:logGet(44)) - raft.server.log.force.sync.num = 128 (default)
2022-01-11 23:53:59,515 [pool-292-thread-1] INFO  server.RaftServerConfigKeys (ConfUtils.java:logGet(44)) - raft.server.log.statemachine.data.sync = true (default)
2022-01-11 23:53:59,515 [pool-292-thread-1] INFO  server.RaftServerConfigKeys (ConfUtils.java:logGet(44)) - raft.server.log.statemachine.data.sync.timeout = 10s (default)
2022-01-11 23:53:59,515 [pool-292-thread-1] INFO  server.RaftServerConfigKeys (ConfUtils.java:logGet(44)) - raft.server.log.statemachine.data.sync.timeout.retry = -1 (default)
2022-01-11 23:53:59,518 [EventQueue-PipelineReportForPipelineReportHandler] INFO  pipeline.PipelineManagerImpl (PipelineManagerImpl.java:openPipeline(291)) - Pipeline Pipeline[ Id: f68214f8-198a-4fd3-b36f-47fac33cdf13, Nodes: 8eedcce2-fa83-40f2-8f3f-8ae88d3f9c27{ip: 10.1.0.37, host: fv-az59-280.csjynl4pkq3e1pkirw3ssqjfoh.cx.internal.cloudapp.net, ports: [REPLICATION=34455, RATIS=39561, RATIS_ADMIN=39561, RATIS_SERVER=39561, STANDALONE=43687], networkLocation: /default-rack, certSerialId: null, persistedOpState: IN_SERVICE, persistedOpStateExpiryEpochSec: 0}, ReplicationConfig: RATIS/ONE, State:ALLOCATED, leaderId:8eedcce2-fa83-40f2-8f3f-8ae88d3f9c27, CreationTimestamp2022-01-11T23:53:56.418Z[Etc/UTC]] moved to OPEN state
2022-01-11 23:53:59,523 [pool-292-thread-1] INFO  server.RaftServerConfigKeys (ConfUtils.java:logGet(44)) - raft.server.log.write.buffer.size = 1048576 (custom)
2022-01-11 23:53:59,524 [pool-292-thread-1] INFO  server.RaftServerConfigKeys (ConfUtils.java:logGet(44)) - raft.server.log.statemachine.data.caching.enabled = true (custom)
2022-01-11 23:53:59,545 [pool-292-thread-1] INFO  segmented.SegmentedRaftLogWorker (SegmentedRaftLogWorker.java:lambda$new$0(133)) - 8eedcce2-fa83-40f2-8f3f-8ae88d3f9c27@group-47FAC33CDF13-SegmentedRaftLogWorker: flushIndex: setUnconditionally 0 -> -1
2022-01-11 23:53:59,546 [pool-292-thread-1] INFO  segmented.SegmentedRaftLogWorker (SegmentedRaftLogWorker.java:lambda$new$0(133)) - 8eedcce2-fa83-40f2-8f3f-8ae88d3f9c27@group-47FAC33CDF13-SegmentedRaftLogWorker: safeCacheEvictIndex: setUnconditionally 0 -> -1
2022-01-11 23:53:59,546 [pool-292-thread-1] INFO  server.RaftServerConfigKeys (ConfUtils.java:logGet(44)) - raft.server.snapshot.auto.trigger.enabled = true (custom)
2022-01-11 23:53:59,546 [pool-292-thread-1] INFO  server.RaftServerConfigKeys (ConfUtils.java:logGet(44)) - raft.server.snapshot.auto.trigger.threshold = 10000 (custom)
2022-01-11 23:53:59,546 [pool-292-thread-1] INFO  server.RaftServerConfigKeys (ConfUtils.java:logGet(44)) - raft.server.snapshot.retention.file.num = 5 (custom)
2022-01-11 23:53:59,546 [pool-292-thread-1] INFO  server.RaftServerConfigKeys (ConfUtils.java:logGet(44)) - raft.server.log.purge.upto.snapshot.index = false (default)
2022-01-11 23:53:59,546 [pool-292-thread-1] INFO  server.RaftServerConfigKeys (ConfUtils.java:logGet(44)) - raft.server.retrycache.expirytime = 600000ms (custom)
2022-01-11 23:53:59,546 [pool-292-thread-1] INFO  server.RaftServerConfigKeys (ConfUtils.java:logGet(44)) - raft.server.retrycache.statistics.expirytime = 100μs (default)
2022-01-11 23:53:59,547 [pool-292-thread-1] INFO  server.RaftServer$Division (RaftServerImpl.java:start(301)) - 8eedcce2-fa83-40f2-8f3f-8ae88d3f9c27@group-47FAC33CDF13: start as a follower, conf=-1: [8eedcce2-fa83-40f2-8f3f-8ae88d3f9c27|rpc:10.1.0.37:39561|priority:1], old=null
2022-01-11 23:53:59,547 [pool-292-thread-1] INFO  server.RaftServer$Division (RaftServerImpl.java:setRole(290)) - 8eedcce2-fa83-40f2-8f3f-8ae88d3f9c27@group-47FAC33CDF13: changes role from      null to FOLLOWER at term 0 for startAsFollower
2022-01-11 23:53:59,547 [pool-292-thread-1] INFO  impl.RoleInfo (RoleInfo.java:updateAndGet(130)) - 8eedcce2-fa83-40f2-8f3f-8ae88d3f9c27: start 8eedcce2-fa83-40f2-8f3f-8ae88d3f9c27@group-47FAC33CDF13-FollowerState
2022-01-11 23:53:59,554 [pool-292-thread-1] INFO  util.JmxRegister (JmxRegister.java:tryRegister(44)) - Successfully registered JMX Bean with object name Ratis:service=RaftServer,group=group-47FAC33CDF13,id=8eedcce2-fa83-40f2-8f3f-8ae88d3f9c27
2022-01-11 23:53:59,557 [Command processor thread] INFO  ratis.XceiverServerRatis (XceiverServerRatis.java:addGroup(768)) - Created group PipelineID=f68214f8-198a-4fd3-b36f-47fac33cdf13
2022-01-11 23:53:59,557 [Command processor thread] INFO  commandhandler.CreatePipelineCommandHandler (CreatePipelineCommandHandler.java:handle(106)) - Created Pipeline RATIS ONE PipelineID=f68214f8-198a-4fd3-b36f-47fac33cdf13.
2022-01-11 23:53:59,557 [Command processor thread] INFO  server.RaftServer (RaftServerProxy.java:addNew(95)) - 8eedcce2-fa83-40f2-8f3f-8ae88d3f9c27: addNew group-2A363A5CF540:[8eedcce2-fa83-40f2-8f3f-8ae88d3f9c27|rpc:10.1.0.37:39561|priority:0, c2004f48-6b55-488b-a4f3-a933c544d5d2|rpc:10.1.0.37:33985|priority:1, 51615485-058d-42af-9c65-c0e811a06a5e|rpc:10.1.0.37:46039|priority:0] returns group-2A363A5CF540:java.util.concurrent.CompletableFuture@65a10515[Not completed]
2022-01-11 23:53:59,558 [pool-292-thread-1] INFO  server.RaftServer$Division (RaftServerImpl.java:<init>(184)) - 8eedcce2-fa83-40f2-8f3f-8ae88d3f9c27: new RaftServerImpl for group-2A363A5CF540:[8eedcce2-fa83-40f2-8f3f-8ae88d3f9c27|rpc:10.1.0.37:39561|priority:0, c2004f48-6b55-488b-a4f3-a933c544d5d2|rpc:10.1.0.37:33985|priority:1, 51615485-058d-42af-9c65-c0e811a06a5e|rpc:10.1.0.37:46039|priority:0] with ContainerStateMachine:uninitialized
2022-01-11 23:53:59,558 [pool-292-thread-1] INFO  server.RaftServerConfigKeys (ConfUtils.java:logGet(44)) - raft.server.rpc.timeout.min = 5s (custom)
2022-01-11 23:53:59,559 [pool-292-thread-1] INFO  server.RaftServerConfigKeys (ConfUtils.java:logGet(44)) - raft.server.rpc.timeout.max = 5200ms (custom)
2022-01-11 23:53:59,559 [pool-292-thread-1] INFO  server.RaftServerConfigKeys (ConfUtils.java:logGet(44)) - raft.server.rpc.sleep.time = 25ms (default)
2022-01-11 23:53:59,559 [pool-292-thread-1] INFO  server.RaftServerConfigKeys (ConfUtils.java:logGet(44)) - raft.server.rpc.slowness.timeout = 300000ms (custom)
2022-01-11 23:53:59,559 [pool-292-thread-1] INFO  server.RaftServerConfigKeys (ConfUtils.java:logGet(44)) - raft.server.leaderelection.leader.step-down.wait-time = 10s (default)
2022-01-11 23:53:59,559 [pool-292-thread-1] INFO  server.RaftServerConfigKeys (ConfUtils.java:logGet(44)) - raft.server.sleep.deviation.threshold = 300ms (default)
2022-01-11 23:53:59,559 [pool-292-thread-1] INFO  server.RaftServerConfigKeys (ConfUtils.java:logGet(44)) - raft.server.log.appender.install.snapshot.enabled = false (custom)
2022-01-11 23:53:59,559 [pool-292-thread-1] INFO  server.RaftServer$Division (ServerState.java:<init>(105)) - 8eedcce2-fa83-40f2-8f3f-8ae88d3f9c27@group-2A363A5CF540: ConfigurationManager, init=-1: [8eedcce2-fa83-40f2-8f3f-8ae88d3f9c27|rpc:10.1.0.37:39561|priority:0, c2004f48-6b55-488b-a4f3-a933c544d5d2|rpc:10.1.0.37:33985|priority:1, 51615485-058d-42af-9c65-c0e811a06a5e|rpc:10.1.0.37:46039|priority:0], old=null, confs=<EMPTY_MAP>
2022-01-11 23:53:59,559 [pool-292-thread-1] INFO  server.RaftServerConfigKeys (ConfUtils.java:logGet(44)) - raft.server.storage.dir = [/home/runner/work/ozone/ozone/hadoop-ozone/integration-test/target/test-dir/MiniOzoneClusterImpl-84b3519b-a2d3-47e7-8c84-34506f72c9f7/datanode-0/data/ratis] (custom)
2022-01-11 23:53:59,559 [pool-292-thread-1] INFO  server.RaftServerConfigKeys (ConfUtils.java:logGet(44)) - raft.server.log.corruption.policy = EXCEPTION (default)
2022-01-11 23:53:59,559 [pool-292-thread-1] INFO  server.RaftServerConfigKeys (ConfUtils.java:logGet(44)) - raft.server.storage.free-space.min = 0MB (=0) (default)
2022-01-11 23:53:59,559 [pool-292-thread-1] INFO  storage.RaftStorageDirectory (RaftStorageDirectoryImpl.java:analyzeStorage(135)) - The storage directory /home/runner/work/ozone/ozone/hadoop-ozone/integration-test/target/test-dir/MiniOzoneClusterImpl-84b3519b-a2d3-47e7-8c84-34506f72c9f7/datanode-0/data/ratis/9f8526f1-ada7-46fb-8b6a-2a363a5cf540 does not exist. Creating ...
2022-01-11 23:53:59,561 [pool-292-thread-1] INFO  storage.RaftStorageDirectory (RaftStorageDirectoryImpl.java:tryLock(230)) - Lock on /home/runner/work/ozone/ozone/hadoop-ozone/integration-test/target/test-dir/MiniOzoneClusterImpl-84b3519b-a2d3-47e7-8c84-34506f72c9f7/datanode-0/data/ratis/9f8526f1-ada7-46fb-8b6a-2a363a5cf540/in_use.lock acquired by nodename 350@fv-az59-280
2022-01-11 23:53:59,562 [pool-292-thread-1] INFO  storage.RaftStorage (RaftStorageImpl.java:format(89)) - Storage directory /home/runner/work/ozone/ozone/hadoop-ozone/integration-test/target/test-dir/MiniOzoneClusterImpl-84b3519b-a2d3-47e7-8c84-34506f72c9f7/datanode-0/data/ratis/9f8526f1-ada7-46fb-8b6a-2a363a5cf540 has been successfully formatted.
2022-01-11 23:53:59,562 [pool-292-thread-1] INFO  ratis.ContainerStateMachine (ContainerStateMachine.java:loadSnapshot(231)) - group-2A363A5CF540: The snapshot info is null. Setting the last applied indexto:(t:0, i:~)
2022-01-11 23:53:59,562 [pool-292-thread-1] INFO  server.RaftServerConfigKeys (ConfUtils.java:logGet(44)) - raft.server.notification.no-leader.timeout = 300000ms (custom)
2022-01-11 23:53:59,562 [pool-292-thread-1] INFO  server.RaftServerConfigKeys (ConfUtils.java:logGet(44)) - raft.server.log.use.memory = false (default)
2022-01-11 23:53:59,562 [pool-292-thread-1] INFO  server.RaftServerConfigKeys (ConfUtils.java:logGet(44)) - raft.server.log.purge.gap = 1000000 (custom)
2022-01-11 23:53:59,562 [pool-292-thread-1] INFO  server.RaftServerConfigKeys (ConfUtils.java:logGet(44)) - raft.server.log.appender.buffer.byte-limit = 33554432 (custom)
2022-01-11 23:53:59,562 [pool-292-thread-1] INFO  server.RaftServerConfigKeys (ConfUtils.java:logGet(44)) - raft.server.log.segment.size.max = 1048576 (custom)
2022-01-11 23:53:59,563 [pool-292-thread-1] INFO  server.RaftServerConfigKeys (ConfUtils.java:logGet(44)) - raft.server.log.segment.cache.num.max = 2 (custom)
2022-01-11 23:53:59,563 [pool-292-thread-1] INFO  server.RaftServerConfigKeys (ConfUtils.java:logGet(44)) - raft.server.log.segment.cache.size.max = 200MB (=209715200) (default)
2022-01-11 23:53:59,563 [pool-292-thread-1] INFO  segmented.SegmentedRaftLogWorker (SegmentedRaftLogWorker.java:<init>(182)) - new 8eedcce2-fa83-40f2-8f3f-8ae88d3f9c27@group-2A363A5CF540-SegmentedRaftLogWorker for RaftStorageImpl:Storage Directory /home/runner/work/ozone/ozone/hadoop-ozone/integration-test/target/test-dir/MiniOzoneClusterImpl-84b3519b-a2d3-47e7-8c84-34506f72c9f7/datanode-0/data/ratis/9f8526f1-ada7-46fb-8b6a-2a363a5cf540
2022-01-11 23:53:59,563 [pool-292-thread-1] INFO  server.RaftServerConfigKeys (ConfUtils.java:logGet(44)) - raft.server.log.queue.byte-limit = 2147483647 (custom)
2022-01-11 23:53:59,563 [pool-292-thread-1] INFO  server.RaftServerConfigKeys (ConfUtils.java:logGet(44)) - raft.server.log.queue.element-limit = 1024 (custom)
2022-01-11 23:53:59,563 [pool-292-thread-1] INFO  server.RaftServerConfigKeys (ConfUtils.java:logGet(44)) - raft.server.log.segment.size.max = 1048576 (custom)
2022-01-11 23:53:59,563 [pool-292-thread-1] INFO  server.RaftServerConfigKeys (ConfUtils.java:logGet(44)) - raft.server.log.preallocated.size = 16384 (custom)
2022-01-11 23:53:59,563 [pool-292-thread-1] INFO  server.RaftServerConfigKeys (ConfUtils.java:logGet(44)) - raft.server.log.force.sync.num = 128 (default)
2022-01-11 23:53:59,563 [pool-292-thread-1] INFO  server.RaftServerConfigKeys (ConfUtils.java:logGet(44)) - raft.server.log.statemachine.data.sync = true (default)
2022-01-11 23:53:59,563 [pool-292-thread-1] INFO  server.RaftServerConfigKeys (ConfUtils.java:logGet(44)) - raft.server.log.statemachine.data.sync.timeout = 10s (default)
2022-01-11 23:53:59,563 [pool-292-thread-1] INFO  server.RaftServerConfigKeys (ConfUtils.java:logGet(44)) - raft.server.log.statemachine.data.sync.timeout.retry = -1 (default)
2022-01-11 23:53:59,564 [pool-292-thread-1] INFO  server.RaftServerConfigKeys (ConfUtils.java:logGet(44)) - raft.server.log.write.buffer.size = 1048576 (custom)
2022-01-11 23:53:59,577 [EventQueue-OpenPipelineForHealthyPipelineSafeModeRule] INFO  safemode.SCMSafeModeManager (HealthyPipelineSafeModeRule.java:process(124)) - SCM in safe mode. Healthy pipelines reported count is 0, required healthy pipeline reported count is 1
2022-01-11 23:53:59,577 [EventQueue-OpenPipelineForHealthyPipelineSafeModeRule] INFO  safemode.SCMSafeModeManager (HealthyPipelineSafeModeRule.java:process(124)) - SCM in safe mode. Healthy pipelines reported count is 0, required healthy pipeline reported count is 1
2022-01-11 23:53:59,580 [pool-292-thread-1] INFO  server.RaftServerConfigKeys (ConfUtils.java:logGet(44)) - raft.server.log.statemachine.data.caching.enabled = true (custom)
2022-01-11 23:53:59,581 [pool-292-thread-1] INFO  segmented.SegmentedRaftLogWorker (SegmentedRaftLogWorker.java:lambda$new$0(133)) - 8eedcce2-fa83-40f2-8f3f-8ae88d3f9c27@group-2A363A5CF540-SegmentedRaftLogWorker: flushIndex: setUnconditionally 0 -> -1
2022-01-11 23:53:59,581 [pool-292-thread-1] INFO  segmented.SegmentedRaftLogWorker (SegmentedRaftLogWorker.java:lambda$new$0(133)) - 8eedcce2-fa83-40f2-8f3f-8ae88d3f9c27@group-2A363A5CF540-SegmentedRaftLogWorker: safeCacheEvictIndex: setUnconditionally 0 -> -1
2022-01-11 23:53:59,593 [pool-292-thread-1] INFO  server.RaftServerConfigKeys (ConfUtils.java:logGet(44)) - raft.server.snapshot.auto.trigger.enabled = true (custom)
2022-01-11 23:53:59,593 [pool-292-thread-1] INFO  server.RaftServerConfigKeys (ConfUtils.java:logGet(44)) - raft.server.snapshot.auto.trigger.threshold = 10000 (custom)
2022-01-11 23:53:59,593 [pool-292-thread-1] INFO  server.RaftServerConfigKeys (ConfUtils.java:logGet(44)) - raft.server.snapshot.retention.file.num = 5 (custom)
2022-01-11 23:53:59,593 [pool-292-thread-1] INFO  server.RaftServerConfigKeys (ConfUtils.java:logGet(44)) - raft.server.log.purge.upto.snapshot.index = false (default)
2022-01-11 23:53:59,593 [pool-292-thread-1] INFO  server.RaftServerConfigKeys (ConfUtils.java:logGet(44)) - raft.server.retrycache.expirytime = 600000ms (custom)
2022-01-11 23:53:59,594 [pool-292-thread-1] INFO  server.RaftServerConfigKeys (ConfUtils.java:logGet(44)) - raft.server.retrycache.statistics.expirytime = 100μs (default)
2022-01-11 23:53:59,595 [pool-292-thread-1] INFO  server.RaftServer$Division (RaftServerImpl.java:start(301)) - 8eedcce2-fa83-40f2-8f3f-8ae88d3f9c27@group-2A363A5CF540: start as a follower, conf=-1: [8eedcce2-fa83-40f2-8f3f-8ae88d3f9c27|rpc:10.1.0.37:39561|priority:0, c2004f48-6b55-488b-a4f3-a933c544d5d2|rpc:10.1.0.37:33985|priority:1, 51615485-058d-42af-9c65-c0e811a06a5e|rpc:10.1.0.37:46039|priority:0], old=null
2022-01-11 23:53:59,595 [pool-292-thread-1] INFO  server.RaftServer$Division (RaftServerImpl.java:setRole(290)) - 8eedcce2-fa83-40f2-8f3f-8ae88d3f9c27@group-2A363A5CF540: changes role from      null to FOLLOWER at term 0 for startAsFollower
2022-01-11 23:53:59,595 [pool-292-thread-1] INFO  impl.RoleInfo (RoleInfo.java:updateAndGet(130)) - 8eedcce2-fa83-40f2-8f3f-8ae88d3f9c27: start 8eedcce2-fa83-40f2-8f3f-8ae88d3f9c27@group-2A363A5CF540-FollowerState
2022-01-11 23:53:59,598 [pool-292-thread-1] INFO  util.JmxRegister (JmxRegister.java:tryRegister(44)) - Successfully registered JMX Bean with object name Ratis:service=RaftServer,group=group-2A363A5CF540,id=8eedcce2-fa83-40f2-8f3f-8ae88d3f9c27
2022-01-11 23:53:59,605 [Command processor thread] INFO  ratis.XceiverServerRatis (XceiverServerRatis.java:addGroup(768)) - Created group PipelineID=9f8526f1-ada7-46fb-8b6a-2a363a5cf540
2022-01-11 23:53:59,621 [grpc-default-executor-2] INFO  server.RaftServer (RaftServerProxy.java:addNew(95)) - 51615485-058d-42af-9c65-c0e811a06a5e: addNew group-2A363A5CF540:[8eedcce2-fa83-40f2-8f3f-8ae88d3f9c27|rpc:10.1.0.37:39561|dataStream:|priority:0, c2004f48-6b55-488b-a4f3-a933c544d5d2|rpc:10.1.0.37:33985|dataStream:|priority:1, 51615485-058d-42af-9c65-c0e811a06a5e|rpc:10.1.0.37:46039|dataStream:|priority:0] returns group-2A363A5CF540:java.util.concurrent.CompletableFuture@6f735aed[Not completed]
2022-01-11 23:53:59,628 [pool-313-thread-1] INFO  server.RaftServer$Division (RaftServerImpl.java:<init>(184)) - 51615485-058d-42af-9c65-c0e811a06a5e: new RaftServerImpl for group-2A363A5CF540:[8eedcce2-fa83-40f2-8f3f-8ae88d3f9c27|rpc:10.1.0.37:39561|dataStream:|priority:0, c2004f48-6b55-488b-a4f3-a933c544d5d2|rpc:10.1.0.37:33985|dataStream:|priority:1, 51615485-058d-42af-9c65-c0e811a06a5e|rpc:10.1.0.37:46039|dataStream:|priority:0] with ContainerStateMachine:uninitialized
2022-01-11 23:53:59,633 [pool-313-thread-1] INFO  server.RaftServerConfigKeys (ConfUtils.java:logGet(44)) - raft.server.rpc.timeout.min = 5s (custom)
2022-01-11 23:53:59,639 [pool-313-thread-1] INFO  server.RaftServerConfigKeys (ConfUtils.java:logGet(44)) - raft.server.rpc.timeout.max = 5200ms (custom)
2022-01-11 23:53:59,639 [pool-313-thread-1] INFO  server.RaftServerConfigKeys (ConfUtils.java:logGet(44)) - raft.server.rpc.sleep.time = 25ms (default)
2022-01-11 23:53:59,639 [pool-313-thread-1] INFO  server.RaftServerConfigKeys (ConfUtils.java:logGet(44)) - raft.server.rpc.slowness.timeout = 300000ms (custom)
2022-01-11 23:53:59,639 [pool-313-thread-1] INFO  server.RaftServerConfigKeys (ConfUtils.java:logGet(44)) - raft.server.leaderelection.leader.step-down.wait-time = 10s (default)
2022-01-11 23:53:59,639 [pool-313-thread-1] INFO  server.RaftServerConfigKeys (ConfUtils.java:logGet(44)) - raft.server.sleep.deviation.threshold = 300ms (default)
2022-01-11 23:53:59,639 [pool-313-thread-1] INFO  server.RaftServerConfigKeys (ConfUtils.java:logGet(44)) - raft.server.log.appender.install.snapshot.enabled = false (custom)
2022-01-11 23:53:59,639 [pool-313-thread-1] INFO  server.RaftServer$Division (ServerState.java:<init>(105)) - 51615485-058d-42af-9c65-c0e811a06a5e@group-2A363A5CF540: ConfigurationManager, init=-1: [8eedcce2-fa83-40f2-8f3f-8ae88d3f9c27|rpc:10.1.0.37:39561|dataStream:|priority:0, c2004f48-6b55-488b-a4f3-a933c544d5d2|rpc:10.1.0.37:33985|dataStream:|priority:1, 51615485-058d-42af-9c65-c0e811a06a5e|rpc:10.1.0.37:46039|dataStream:|priority:0], old=null, confs=<EMPTY_MAP>
2022-01-11 23:53:59,639 [pool-313-thread-1] INFO  server.RaftServerConfigKeys (ConfUtils.java:logGet(44)) - raft.server.storage.dir = [/home/runner/work/ozone/ozone/hadoop-ozone/integration-test/target/test-dir/MiniOzoneClusterImpl-84b3519b-a2d3-47e7-8c84-34506f72c9f7/datanode-1/data/ratis] (custom)
2022-01-11 23:53:59,639 [pool-313-thread-1] INFO  server.RaftServerConfigKeys (ConfUtils.java:logGet(44)) - raft.server.log.corruption.policy = EXCEPTION (default)
2022-01-11 23:53:59,639 [pool-313-thread-1] INFO  server.RaftServerConfigKeys (ConfUtils.java:logGet(44)) - raft.server.storage.free-space.min = 0MB (=0) (default)
2022-01-11 23:53:59,640 [pool-313-thread-1] INFO  storage.RaftStorageDirectory (RaftStorageDirectoryImpl.java:analyzeStorage(135)) - The storage directory /home/runner/work/ozone/ozone/hadoop-ozone/integration-test/target/test-dir/MiniOzoneClusterImpl-84b3519b-a2d3-47e7-8c84-34506f72c9f7/datanode-1/data/ratis/9f8526f1-ada7-46fb-8b6a-2a363a5cf540 does not exist. Creating ...
2022-01-11 23:53:59,643 [pool-313-thread-1] INFO  storage.RaftStorageDirectory (RaftStorageDirectoryImpl.java:tryLock(230)) - Lock on /home/runner/work/ozone/ozone/hadoop-ozone/integration-test/target/test-dir/MiniOzoneClusterImpl-84b3519b-a2d3-47e7-8c84-34506f72c9f7/datanode-1/data/ratis/9f8526f1-ada7-46fb-8b6a-2a363a5cf540/in_use.lock acquired by nodename 350@fv-az59-280
2022-01-11 23:53:59,649 [pool-313-thread-1] INFO  storage.RaftStorage (RaftStorageImpl.java:format(89)) - Storage directory /home/runner/work/ozone/ozone/hadoop-ozone/integration-test/target/test-dir/MiniOzoneClusterImpl-84b3519b-a2d3-47e7-8c84-34506f72c9f7/datanode-1/data/ratis/9f8526f1-ada7-46fb-8b6a-2a363a5cf540 has been successfully formatted.
2022-01-11 23:53:59,670 [pool-313-thread-1] INFO  ratis.ContainerStateMachine (ContainerStateMachine.java:loadSnapshot(231)) - group-2A363A5CF540: The snapshot info is null. Setting the last applied indexto:(t:0, i:~)
2022-01-11 23:53:59,670 [pool-313-thread-1] INFO  server.RaftServerConfigKeys (ConfUtils.java:logGet(44)) - raft.server.notification.no-leader.timeout = 300000ms (custom)
2022-01-11 23:53:59,670 [pool-313-thread-1] INFO  server.RaftServerConfigKeys (ConfUtils.java:logGet(44)) - raft.server.log.use.memory = false (default)
2022-01-11 23:53:59,670 [pool-313-thread-1] INFO  server.RaftServerConfigKeys (ConfUtils.java:logGet(44)) - raft.server.log.purge.gap = 1000000 (custom)
2022-01-11 23:53:59,670 [pool-313-thread-1] INFO  server.RaftServerConfigKeys (ConfUtils.java:logGet(44)) - raft.server.log.appender.buffer.byte-limit = 33554432 (custom)
2022-01-11 23:53:59,670 [pool-313-thread-1] INFO  server.RaftServerConfigKeys (ConfUtils.java:logGet(44)) - raft.server.log.segment.size.max = 1048576 (custom)
2022-01-11 23:53:59,671 [pool-313-thread-1] INFO  server.RaftServerConfigKeys (ConfUtils.java:logGet(44)) - raft.server.log.segment.cache.num.max = 2 (custom)
2022-01-11 23:53:59,671 [pool-313-thread-1] INFO  server.RaftServerConfigKeys (ConfUtils.java:logGet(44)) - raft.server.log.segment.cache.size.max = 200MB (=209715200) (default)
2022-01-11 23:53:59,671 [pool-313-thread-1] INFO  segmented.SegmentedRaftLogWorker (SegmentedRaftLogWorker.java:<init>(182)) - new 51615485-058d-42af-9c65-c0e811a06a5e@group-2A363A5CF540-SegmentedRaftLogWorker for RaftStorageImpl:Storage Directory /home/runner/work/ozone/ozone/hadoop-ozone/integration-test/target/test-dir/MiniOzoneClusterImpl-84b3519b-a2d3-47e7-8c84-34506f72c9f7/datanode-1/data/ratis/9f8526f1-ada7-46fb-8b6a-2a363a5cf540
2022-01-11 23:53:59,671 [pool-313-thread-1] INFO  server.RaftServerConfigKeys (ConfUtils.java:logGet(44)) - raft.server.log.queue.byte-limit = 2147483647 (custom)
2022-01-11 23:53:59,671 [pool-313-thread-1] INFO  server.RaftServerConfigKeys (ConfUtils.java:logGet(44)) - raft.server.log.queue.element-limit = 1024 (custom)
2022-01-11 23:53:59,671 [pool-313-thread-1] INFO  server.RaftServerConfigKeys (ConfUtils.java:logGet(44)) - raft.server.log.segment.size.max = 1048576 (custom)
2022-01-11 23:53:59,671 [pool-313-thread-1] INFO  server.RaftServerConfigKeys (ConfUtils.java:logGet(44)) - raft.server.log.preallocated.size = 16384 (custom)
2022-01-11 23:53:59,672 [pool-313-thread-1] INFO  server.RaftServerConfigKeys (ConfUtils.java:logGet(44)) - raft.server.log.force.sync.num = 128 (default)
2022-01-11 23:53:59,672 [pool-313-thread-1] INFO  server.RaftServerConfigKeys (ConfUtils.java:logGet(44)) - raft.server.log.statemachine.data.sync = true (default)
2022-01-11 23:53:59,672 [pool-313-thread-1] INFO  server.RaftServerConfigKeys (ConfUtils.java:logGet(44)) - raft.server.log.statemachine.data.sync.timeout = 10s (default)
2022-01-11 23:53:59,672 [pool-313-thread-1] INFO  server.RaftServerConfigKeys (ConfUtils.java:logGet(44)) - raft.server.log.statemachine.data.sync.timeout.retry = -1 (default)
2022-01-11 23:53:59,676 [pool-313-thread-1] INFO  server.RaftServerConfigKeys (ConfUtils.java:logGet(44)) - raft.server.log.write.buffer.size = 1048576 (custom)
2022-01-11 23:53:59,677 [pool-313-thread-1] INFO  server.RaftServerConfigKeys (ConfUtils.java:logGet(44)) - raft.server.log.statemachine.data.caching.enabled = true (custom)
2022-01-11 23:53:59,679 [pool-313-thread-1] INFO  segmented.SegmentedRaftLogWorker (SegmentedRaftLogWorker.java:lambda$new$0(133)) - 51615485-058d-42af-9c65-c0e811a06a5e@group-2A363A5CF540-SegmentedRaftLogWorker: flushIndex: setUnconditionally 0 -> -1
2022-01-11 23:53:59,679 [pool-313-thread-1] INFO  segmented.SegmentedRaftLogWorker (SegmentedRaftLogWorker.java:lambda$new$0(133)) - 51615485-058d-42af-9c65-c0e811a06a5e@group-2A363A5CF540-SegmentedRaftLogWorker: safeCacheEvictIndex: setUnconditionally 0 -> -1
2022-01-11 23:53:59,681 [pool-313-thread-1] INFO  server.RaftServerConfigKeys (ConfUtils.java:logGet(44)) - raft.server.snapshot.auto.trigger.enabled = true (custom)
2022-01-11 23:53:59,681 [pool-313-thread-1] INFO  server.RaftServerConfigKeys (ConfUtils.java:logGet(44)) - raft.server.snapshot.auto.trigger.threshold = 10000 (custom)
2022-01-11 23:53:59,681 [pool-313-thread-1] INFO  server.RaftServerConfigKeys (ConfUtils.java:logGet(44)) - raft.server.snapshot.retention.file.num = 5 (custom)
2022-01-11 23:53:59,681 [pool-313-thread-1] INFO  server.RaftServerConfigKeys (ConfUtils.java:logGet(44)) - raft.server.log.purge.upto.snapshot.index = false (default)
2022-01-11 23:53:59,681 [pool-313-thread-1] INFO  server.RaftServerConfigKeys (ConfUtils.java:logGet(44)) - raft.server.retrycache.expirytime = 600000ms (custom)
2022-01-11 23:53:59,681 [pool-313-thread-1] INFO  server.RaftServerConfigKeys (ConfUtils.java:logGet(44)) - raft.server.retrycache.statistics.expirytime = 100μs (default)
2022-01-11 23:53:59,682 [pool-313-thread-1] INFO  server.RaftServer$Division (RaftServerImpl.java:start(301)) - 51615485-058d-42af-9c65-c0e811a06a5e@group-2A363A5CF540: start as a follower, conf=-1: [8eedcce2-fa83-40f2-8f3f-8ae88d3f9c27|rpc:10.1.0.37:39561|dataStream:|priority:0, c2004f48-6b55-488b-a4f3-a933c544d5d2|rpc:10.1.0.37:33985|dataStream:|priority:1, 51615485-058d-42af-9c65-c0e811a06a5e|rpc:10.1.0.37:46039|dataStream:|priority:0], old=null
2022-01-11 23:53:59,682 [pool-313-thread-1] INFO  server.RaftServer$Division (RaftServerImpl.java:setRole(290)) - 51615485-058d-42af-9c65-c0e811a06a5e@group-2A363A5CF540: changes role from      null to FOLLOWER at term 0 for startAsFollower
2022-01-11 23:53:59,684 [pool-313-thread-1] INFO  impl.RoleInfo (RoleInfo.java:updateAndGet(130)) - 51615485-058d-42af-9c65-c0e811a06a5e: start 51615485-058d-42af-9c65-c0e811a06a5e@group-2A363A5CF540-FollowerState
2022-01-11 23:53:59,690 [pool-313-thread-1] INFO  util.JmxRegister (JmxRegister.java:tryRegister(44)) - Successfully registered JMX Bean with object name Ratis:service=RaftServer,group=group-2A363A5CF540,id=51615485-058d-42af-9c65-c0e811a06a5e
2022-01-11 23:53:59,737 [grpc-default-executor-2] INFO  server.RaftServer (RaftServerProxy.java:addNew(95)) - c2004f48-6b55-488b-a4f3-a933c544d5d2: addNew group-2A363A5CF540:[8eedcce2-fa83-40f2-8f3f-8ae88d3f9c27|rpc:10.1.0.37:39561|dataStream:|priority:0, c2004f48-6b55-488b-a4f3-a933c544d5d2|rpc:10.1.0.37:33985|dataStream:|priority:1, 51615485-058d-42af-9c65-c0e811a06a5e|rpc:10.1.0.37:46039|dataStream:|priority:0] returns group-2A363A5CF540:java.util.concurrent.CompletableFuture@1824ed54[Not completed]
2022-01-11 23:53:59,754 [pool-334-thread-1] INFO  server.RaftServer$Division (RaftServerImpl.java:<init>(184)) - c2004f48-6b55-488b-a4f3-a933c544d5d2: new RaftServerImpl for group-2A363A5CF540:[8eedcce2-fa83-40f2-8f3f-8ae88d3f9c27|rpc:10.1.0.37:39561|dataStream:|priority:0, c2004f48-6b55-488b-a4f3-a933c544d5d2|rpc:10.1.0.37:33985|dataStream:|priority:1, 51615485-058d-42af-9c65-c0e811a06a5e|rpc:10.1.0.37:46039|dataStream:|priority:0] with ContainerStateMachine:uninitialized
2022-01-11 23:53:59,754 [pool-334-thread-1] INFO  server.RaftServerConfigKeys (ConfUtils.java:logGet(44)) - raft.server.rpc.timeout.min = 5s (custom)
2022-01-11 23:53:59,754 [pool-334-thread-1] INFO  server.RaftServerConfigKeys (ConfUtils.java:logGet(44)) - raft.server.rpc.timeout.max = 5200ms (custom)
2022-01-11 23:53:59,754 [pool-334-thread-1] INFO  server.RaftServerConfigKeys (ConfUtils.java:logGet(44)) - raft.server.rpc.sleep.time = 25ms (default)
2022-01-11 23:53:59,754 [pool-334-thread-1] INFO  server.RaftServerConfigKeys (ConfUtils.java:logGet(44)) - raft.server.rpc.slowness.timeout = 300000ms (custom)
2022-01-11 23:53:59,754 [pool-334-thread-1] INFO  server.RaftServerConfigKeys (ConfUtils.java:logGet(44)) - raft.server.leaderelection.leader.step-down.wait-time = 10s (default)
2022-01-11 23:53:59,754 [pool-334-thread-1] INFO  server.RaftServerConfigKeys (ConfUtils.java:logGet(44)) - raft.server.sleep.deviation.threshold = 300ms (default)
2022-01-11 23:53:59,755 [pool-334-thread-1] INFO  server.RaftServerConfigKeys (ConfUtils.java:logGet(44)) - raft.server.log.appender.install.snapshot.enabled = false (custom)
2022-01-11 23:53:59,755 [pool-334-thread-1] INFO  server.RaftServer$Division (ServerState.java:<init>(105)) - c2004f48-6b55-488b-a4f3-a933c544d5d2@group-2A363A5CF540: ConfigurationManager, init=-1: [8eedcce2-fa83-40f2-8f3f-8ae88d3f9c27|rpc:10.1.0.37:39561|dataStream:|priority:0, c2004f48-6b55-488b-a4f3-a933c544d5d2|rpc:10.1.0.37:33985|dataStream:|priority:1, 51615485-058d-42af-9c65-c0e811a06a5e|rpc:10.1.0.37:46039|dataStream:|priority:0], old=null, confs=<EMPTY_MAP>
2022-01-11 23:53:59,757 [pool-334-thread-1] INFO  server.RaftServerConfigKeys (ConfUtils.java:logGet(44)) - raft.server.storage.dir = [/home/runner/work/ozone/ozone/hadoop-ozone/integration-test/target/test-dir/MiniOzoneClusterImpl-84b3519b-a2d3-47e7-8c84-34506f72c9f7/datanode-2/data/ratis] (custom)
2022-01-11 23:53:59,758 [pool-334-thread-1] INFO  server.RaftServerConfigKeys (ConfUtils.java:logGet(44)) - raft.server.log.corruption.policy = EXCEPTION (default)
2022-01-11 23:53:59,758 [pool-334-thread-1] INFO  server.RaftServerConfigKeys (ConfUtils.java:logGet(44)) - raft.server.storage.free-space.min = 0MB (=0) (default)
2022-01-11 23:53:59,758 [pool-334-thread-1] INFO  storage.RaftStorageDirectory (RaftStorageDirectoryImpl.java:analyzeStorage(135)) - The storage directory /home/runner/work/ozone/ozone/hadoop-ozone/integration-test/target/test-dir/MiniOzoneClusterImpl-84b3519b-a2d3-47e7-8c84-34506f72c9f7/datanode-2/data/ratis/9f8526f1-ada7-46fb-8b6a-2a363a5cf540 does not exist. Creating ...
2022-01-11 23:53:59,759 [pool-334-thread-1] INFO  storage.RaftStorageDirectory (RaftStorageDirectoryImpl.java:tryLock(230)) - Lock on /home/runner/work/ozone/ozone/hadoop-ozone/integration-test/target/test-dir/MiniOzoneClusterImpl-84b3519b-a2d3-47e7-8c84-34506f72c9f7/datanode-2/data/ratis/9f8526f1-ada7-46fb-8b6a-2a363a5cf540/in_use.lock acquired by nodename 350@fv-az59-280
2022-01-11 23:53:59,760 [pool-334-thread-1] INFO  storage.RaftStorage (RaftStorageImpl.java:format(89)) - Storage directory /home/runner/work/ozone/ozone/hadoop-ozone/integration-test/target/test-dir/MiniOzoneClusterImpl-84b3519b-a2d3-47e7-8c84-34506f72c9f7/datanode-2/data/ratis/9f8526f1-ada7-46fb-8b6a-2a363a5cf540 has been successfully formatted.
2022-01-11 23:53:59,767 [pool-334-thread-1] INFO  ratis.ContainerStateMachine (ContainerStateMachine.java:loadSnapshot(231)) - group-2A363A5CF540: The snapshot info is null. Setting the last applied indexto:(t:0, i:~)
2022-01-11 23:53:59,781 [pool-334-thread-1] INFO  server.RaftServerConfigKeys (ConfUtils.java:logGet(44)) - raft.server.notification.no-leader.timeout = 300000ms (custom)
2022-01-11 23:53:59,782 [pool-334-thread-1] INFO  server.RaftServerConfigKeys (ConfUtils.java:logGet(44)) - raft.server.log.use.memory = false (default)
2022-01-11 23:53:59,782 [pool-334-thread-1] INFO  server.RaftServerConfigKeys (ConfUtils.java:logGet(44)) - raft.server.log.purge.gap = 1000000 (custom)
2022-01-11 23:53:59,782 [pool-334-thread-1] INFO  server.RaftServerConfigKeys (ConfUtils.java:logGet(44)) - raft.server.log.appender.buffer.byte-limit = 33554432 (custom)
2022-01-11 23:53:59,782 [pool-334-thread-1] INFO  server.RaftServerConfigKeys (ConfUtils.java:logGet(44)) - raft.server.log.segment.size.max = 1048576 (custom)
2022-01-11 23:53:59,782 [pool-334-thread-1] INFO  server.RaftServerConfigKeys (ConfUtils.java:logGet(44)) - raft.server.log.segment.cache.num.max = 2 (custom)
2022-01-11 23:53:59,785 [pool-334-thread-1] INFO  server.RaftServerConfigKeys (ConfUtils.java:logGet(44)) - raft.server.log.segment.cache.size.max = 200MB (=209715200) (default)
2022-01-11 23:53:59,785 [pool-334-thread-1] INFO  segmented.SegmentedRaftLogWorker (SegmentedRaftLogWorker.java:<init>(182)) - new c2004f48-6b55-488b-a4f3-a933c544d5d2@group-2A363A5CF540-SegmentedRaftLogWorker for RaftStorageImpl:Storage Directory /home/runner/work/ozone/ozone/hadoop-ozone/integration-test/target/test-dir/MiniOzoneClusterImpl-84b3519b-a2d3-47e7-8c84-34506f72c9f7/datanode-2/data/ratis/9f8526f1-ada7-46fb-8b6a-2a363a5cf540
2022-01-11 23:53:59,785 [pool-334-thread-1] INFO  server.RaftServerConfigKeys (ConfUtils.java:logGet(44)) - raft.server.log.queue.byte-limit = 2147483647 (custom)
2022-01-11 23:53:59,789 [pool-334-thread-1] INFO  server.RaftServerConfigKeys (ConfUtils.java:logGet(44)) - raft.server.log.queue.element-limit = 1024 (custom)
2022-01-11 23:53:59,789 [pool-334-thread-1] INFO  server.RaftServerConfigKeys (ConfUtils.java:logGet(44)) - raft.server.log.segment.size.max = 1048576 (custom)
2022-01-11 23:53:59,789 [pool-334-thread-1] INFO  server.RaftServerConfigKeys (ConfUtils.java:logGet(44)) - raft.server.log.preallocated.size = 16384 (custom)
2022-01-11 23:53:59,789 [pool-334-thread-1] INFO  server.RaftServerConfigKeys (ConfUtils.java:logGet(44)) - raft.server.log.force.sync.num = 128 (default)
2022-01-11 23:53:59,789 [pool-334-thread-1] INFO  server.RaftServerConfigKeys (ConfUtils.java:logGet(44)) - raft.server.log.statemachine.data.sync = true (default)
2022-01-11 23:53:59,789 [pool-334-thread-1] INFO  server.RaftServerConfigKeys (ConfUtils.java:logGet(44)) - raft.server.log.statemachine.data.sync.timeout = 10s (default)
2022-01-11 23:53:59,789 [pool-334-thread-1] INFO  server.RaftServerConfigKeys (ConfUtils.java:logGet(44)) - raft.server.log.statemachine.data.sync.timeout.retry = -1 (default)
2022-01-11 23:53:59,790 [pool-334-thread-1] INFO  server.RaftServerConfigKeys (ConfUtils.java:logGet(44)) - raft.server.log.write.buffer.size = 1048576 (custom)
2022-01-11 23:53:59,793 [pool-334-thread-1] INFO  server.RaftServerConfigKeys (ConfUtils.java:logGet(44)) - raft.server.log.statemachine.data.caching.enabled = true (custom)
2022-01-11 23:53:59,793 [pool-334-thread-1] INFO  segmented.SegmentedRaftLogWorker (SegmentedRaftLogWorker.java:lambda$new$0(133)) - c2004f48-6b55-488b-a4f3-a933c544d5d2@group-2A363A5CF540-SegmentedRaftLogWorker: flushIndex: setUnconditionally 0 -> -1
2022-01-11 23:53:59,794 [pool-334-thread-1] INFO  segmented.SegmentedRaftLogWorker (SegmentedRaftLogWorker.java:lambda$new$0(133)) - c2004f48-6b55-488b-a4f3-a933c544d5d2@group-2A363A5CF540-SegmentedRaftLogWorker: safeCacheEvictIndex: setUnconditionally 0 -> -1
2022-01-11 23:53:59,813 [pool-334-thread-1] INFO  server.RaftServerConfigKeys (ConfUtils.java:logGet(44)) - raft.server.snapshot.auto.trigger.enabled = true (custom)
2022-01-11 23:53:59,813 [pool-334-thread-1] INFO  server.RaftServerConfigKeys (ConfUtils.java:logGet(44)) - raft.server.snapshot.auto.trigger.threshold = 10000 (custom)
2022-01-11 23:53:59,813 [pool-334-thread-1] INFO  server.RaftServerConfigKeys (ConfUtils.java:logGet(44)) - raft.server.snapshot.retention.file.num = 5 (custom)
2022-01-11 23:53:59,813 [pool-334-thread-1] INFO  server.RaftServerConfigKeys (ConfUtils.java:logGet(44)) - raft.server.log.purge.upto.snapshot.index = false (default)
2022-01-11 23:53:59,813 [pool-334-thread-1] INFO  server.RaftServerConfigKeys (ConfUtils.java:logGet(44)) - raft.server.retrycache.expirytime = 600000ms (custom)
2022-01-11 23:53:59,813 [pool-334-thread-1] INFO  server.RaftServerConfigKeys (ConfUtils.java:logGet(44)) - raft.server.retrycache.statistics.expirytime = 100μs (default)
2022-01-11 23:53:59,814 [pool-334-thread-1] INFO  server.RaftServer$Division (RaftServerImpl.java:start(301)) - c2004f48-6b55-488b-a4f3-a933c544d5d2@group-2A363A5CF540: start as a follower, conf=-1: [8eedcce2-fa83-40f2-8f3f-8ae88d3f9c27|rpc:10.1.0.37:39561|dataStream:|priority:0, c2004f48-6b55-488b-a4f3-a933c544d5d2|rpc:10.1.0.37:33985|dataStream:|priority:1, 51615485-058d-42af-9c65-c0e811a06a5e|rpc:10.1.0.37:46039|dataStream:|priority:0], old=null
2022-01-11 23:53:59,814 [pool-334-thread-1] INFO  server.RaftServer$Division (RaftServerImpl.java:setRole(290)) - c2004f48-6b55-488b-a4f3-a933c544d5d2@group-2A363A5CF540: changes role from      null to FOLLOWER at term 0 for startAsFollower
2022-01-11 23:53:59,815 [pool-334-thread-1] INFO  impl.RoleInfo (RoleInfo.java:updateAndGet(130)) - c2004f48-6b55-488b-a4f3-a933c544d5d2: start c2004f48-6b55-488b-a4f3-a933c544d5d2@group-2A363A5CF540-FollowerState
2022-01-11 23:53:59,821 [pool-334-thread-1] INFO  util.JmxRegister (JmxRegister.java:tryRegister(44)) - Successfully registered JMX Bean with object name Ratis:service=RaftServer,group=group-2A363A5CF540,id=c2004f48-6b55-488b-a4f3-a933c544d5d2
2022-01-11 23:53:59,875 [Command processor thread] INFO  commandhandler.CreatePipelineCommandHandler (CreatePipelineCommandHandler.java:handle(106)) - Created Pipeline RATIS THREE PipelineID=9f8526f1-ada7-46fb-8b6a-2a363a5cf540.
2022-01-11 23:53:59,875 [Command processor thread] INFO  server.RaftServer (RaftServerProxy.java:addNew(95)) - 8eedcce2-fa83-40f2-8f3f-8ae88d3f9c27: addNew group-2B542484AF5F:[8eedcce2-fa83-40f2-8f3f-8ae88d3f9c27|rpc:10.1.0.37:39561|priority:1, c2004f48-6b55-488b-a4f3-a933c544d5d2|rpc:10.1.0.37:33985|priority:0, 51615485-058d-42af-9c65-c0e811a06a5e|rpc:10.1.0.37:46039|priority:0] returns group-2B542484AF5F:java.util.concurrent.CompletableFuture@7d075d2a[Not completed]
2022-01-11 23:53:59,876 [pool-292-thread-1] INFO  server.RaftServer$Division (RaftServerImpl.java:<init>(184)) - 8eedcce2-fa83-40f2-8f3f-8ae88d3f9c27: new RaftServerImpl for group-2B542484AF5F:[8eedcce2-fa83-40f2-8f3f-8ae88d3f9c27|rpc:10.1.0.37:39561|priority:1, c2004f48-6b55-488b-a4f3-a933c544d5d2|rpc:10.1.0.37:33985|priority:0, 51615485-058d-42af-9c65-c0e811a06a5e|rpc:10.1.0.37:46039|priority:0] with ContainerStateMachine:uninitialized
2022-01-11 23:53:59,877 [pool-292-thread-1] INFO  server.RaftServerConfigKeys (ConfUtils.java:logGet(44)) - raft.server.rpc.timeout.min = 5s (custom)
2022-01-11 23:53:59,877 [pool-292-thread-1] INFO  server.RaftServerConfigKeys (ConfUtils.java:logGet(44)) - raft.server.rpc.timeout.max = 5200ms (custom)
2022-01-11 23:53:59,877 [pool-292-thread-1] INFO  server.RaftServerConfigKeys (ConfUtils.java:logGet(44)) - raft.server.rpc.sleep.time = 25ms (default)
2022-01-11 23:53:59,877 [pool-292-thread-1] INFO  server.RaftServerConfigKeys (ConfUtils.java:logGet(44)) - raft.server.rpc.slowness.timeout = 300000ms (custom)
2022-01-11 23:53:59,877 [pool-292-thread-1] INFO  server.RaftServerConfigKeys (ConfUtils.java:logGet(44)) - raft.server.leaderelection.leader.step-down.wait-time = 10s (default)
2022-01-11 23:53:59,877 [pool-292-thread-1] INFO  server.RaftServerConfigKeys (ConfUtils.java:logGet(44)) - raft.server.sleep.deviation.threshold = 300ms (default)
2022-01-11 23:53:59,877 [pool-292-thread-1] INFO  server.RaftServerConfigKeys (ConfUtils.java:logGet(44)) - raft.server.log.appender.install.snapshot.enabled = false (custom)
2022-01-11 23:53:59,877 [pool-292-thread-1] INFO  server.RaftServer$Division (ServerState.java:<init>(105)) - 8eedcce2-fa83-40f2-8f3f-8ae88d3f9c27@group-2B542484AF5F: ConfigurationManager, init=-1: [8eedcce2-fa83-40f2-8f3f-8ae88d3f9c27|rpc:10.1.0.37:39561|priority:1, c2004f48-6b55-488b-a4f3-a933c544d5d2|rpc:10.1.0.37:33985|priority:0, 51615485-058d-42af-9c65-c0e811a06a5e|rpc:10.1.0.37:46039|priority:0], old=null, confs=<EMPTY_MAP>
2022-01-11 23:53:59,877 [pool-292-thread-1] INFO  server.RaftServerConfigKeys (ConfUtils.java:logGet(44)) - raft.server.storage.dir = [/home/runner/work/ozone/ozone/hadoop-ozone/integration-test/target/test-dir/MiniOzoneClusterImpl-84b3519b-a2d3-47e7-8c84-34506f72c9f7/datanode-0/data/ratis] (custom)
2022-01-11 23:53:59,877 [pool-292-thread-1] INFO  server.RaftServerConfigKeys (ConfUtils.java:logGet(44)) - raft.server.log.corruption.policy = EXCEPTION (default)
2022-01-11 23:53:59,877 [pool-292-thread-1] INFO  server.RaftServerConfigKeys (ConfUtils.java:logGet(44)) - raft.server.storage.free-space.min = 0MB (=0) (default)
2022-01-11 23:53:59,877 [pool-292-thread-1] INFO  storage.RaftStorageDirectory (RaftStorageDirectoryImpl.java:analyzeStorage(135)) - The storage directory /home/runner/work/ozone/ozone/hadoop-ozone/integration-test/target/test-dir/MiniOzoneClusterImpl-84b3519b-a2d3-47e7-8c84-34506f72c9f7/datanode-0/data/ratis/990fb063-1c16-4a81-9120-2b542484af5f does not exist. Creating ...
2022-01-11 23:53:59,878 [pool-292-thread-1] INFO  storage.RaftStorageDirectory (RaftStorageDirectoryImpl.java:tryLock(230)) - Lock on /home/runner/work/ozone/ozone/hadoop-ozone/integration-test/target/test-dir/MiniOzoneClusterImpl-84b3519b-a2d3-47e7-8c84-34506f72c9f7/datanode-0/data/ratis/990fb063-1c16-4a81-9120-2b542484af5f/in_use.lock acquired by nodename 350@fv-az59-280
2022-01-11 23:53:59,882 [pool-292-thread-1] INFO  storage.RaftStorage (RaftStorageImpl.java:format(89)) - Storage directory /home/runner/work/ozone/ozone/hadoop-ozone/integration-test/target/test-dir/MiniOzoneClusterImpl-84b3519b-a2d3-47e7-8c84-34506f72c9f7/datanode-0/data/ratis/990fb063-1c16-4a81-9120-2b542484af5f has been successfully formatted.
2022-01-11 23:53:59,882 [pool-292-thread-1] INFO  ratis.ContainerStateMachine (ContainerStateMachine.java:loadSnapshot(231)) - group-2B542484AF5F: The snapshot info is null. Setting the last applied indexto:(t:0, i:~)
2022-01-11 23:53:59,884 [EventQueue-OpenPipelineForHealthyPipelineSafeModeRule] INFO  safemode.SCMSafeModeManager (HealthyPipelineSafeModeRule.java:process(124)) - SCM in safe mode. Healthy pipelines reported count is 0, required healthy pipeline reported count is 1
2022-01-11 23:53:59,885 [pool-292-thread-1] INFO  server.RaftServerConfigKeys (ConfUtils.java:logGet(44)) - raft.server.notification.no-leader.timeout = 300000ms (custom)
2022-01-11 23:53:59,885 [pool-292-thread-1] INFO  server.RaftServerConfigKeys (ConfUtils.java:logGet(44)) - raft.server.log.use.memory = false (default)
2022-01-11 23:53:59,885 [pool-292-thread-1] INFO  server.RaftServerConfigKeys (ConfUtils.java:logGet(44)) - raft.server.log.purge.gap = 1000000 (custom)
2022-01-11 23:53:59,885 [pool-292-thread-1] INFO  server.RaftServerConfigKeys (ConfUtils.java:logGet(44)) - raft.server.log.appender.buffer.byte-limit = 33554432 (custom)
2022-01-11 23:53:59,887 [pool-292-thread-1] INFO  server.RaftServerConfigKeys (ConfUtils.java:logGet(44)) - raft.server.log.segment.size.max = 1048576 (custom)
2022-01-11 23:53:59,888 [pool-292-thread-1] INFO  server.RaftServerConfigKeys (ConfUtils.java:logGet(44)) - raft.server.log.segment.cache.num.max = 2 (custom)
2022-01-11 23:53:59,888 [pool-292-thread-1] INFO  server.RaftServerConfigKeys (ConfUtils.java:logGet(44)) - raft.server.log.segment.cache.size.max = 200MB (=209715200) (default)
2022-01-11 23:53:59,888 [pool-292-thread-1] INFO  segmented.SegmentedRaftLogWorker (SegmentedRaftLogWorker.java:<init>(182)) - new 8eedcce2-fa83-40f2-8f3f-8ae88d3f9c27@group-2B542484AF5F-SegmentedRaftLogWorker for RaftStorageImpl:Storage Directory /home/runner/work/ozone/ozone/hadoop-ozone/integration-test/target/test-dir/MiniOzoneClusterImpl-84b3519b-a2d3-47e7-8c84-34506f72c9f7/datanode-0/data/ratis/990fb063-1c16-4a81-9120-2b542484af5f
2022-01-11 23:53:59,888 [pool-292-thread-1] INFO  server.RaftServerConfigKeys (ConfUtils.java:logGet(44)) - raft.server.log.queue.byte-limit = 2147483647 (custom)
2022-01-11 23:53:59,888 [pool-292-thread-1] INFO  server.RaftServerConfigKeys (ConfUtils.java:logGet(44)) - raft.server.log.queue.element-limit = 1024 (custom)
2022-01-11 23:53:59,889 [pool-292-thread-1] INFO  server.RaftServerConfigKeys (ConfUtils.java:logGet(44)) - raft.server.log.segment.size.max = 1048576 (custom)
2022-01-11 23:53:59,889 [pool-292-thread-1] INFO  server.RaftServerConfigKeys (ConfUtils.java:logGet(44)) - raft.server.log.preallocated.size = 16384 (custom)
2022-01-11 23:53:59,892 [pool-292-thread-1] INFO  server.RaftServerConfigKeys (ConfUtils.java:logGet(44)) - raft.server.log.force.sync.num = 128 (default)
2022-01-11 23:53:59,892 [pool-292-thread-1] INFO  server.RaftServerConfigKeys (ConfUtils.java:logGet(44)) - raft.server.log.statemachine.data.sync = true (default)
2022-01-11 23:53:59,893 [pool-292-thread-1] INFO  server.RaftServerConfigKeys (ConfUtils.java:logGet(44)) - raft.server.log.statemachine.data.sync.timeout = 10s (default)
2022-01-11 23:53:59,893 [pool-292-thread-1] INFO  server.RaftServerConfigKeys (ConfUtils.java:logGet(44)) - raft.server.log.statemachine.data.sync.timeout.retry = -1 (default)
2022-01-11 23:53:59,893 [pool-292-thread-1] INFO  server.RaftServerConfigKeys (ConfUtils.java:logGet(44)) - raft.server.log.write.buffer.size = 1048576 (custom)
2022-01-11 23:53:59,894 [pool-292-thread-1] INFO  server.RaftServerConfigKeys (ConfUtils.java:logGet(44)) - raft.server.log.statemachine.data.caching.enabled = true (custom)
2022-01-11 23:53:59,900 [pool-292-thread-1] INFO  segmented.SegmentedRaftLogWorker (SegmentedRaftLogWorker.java:lambda$new$0(133)) - 8eedcce2-fa83-40f2-8f3f-8ae88d3f9c27@group-2B542484AF5F-SegmentedRaftLogWorker: flushIndex: setUnconditionally 0 -> -1
2022-01-11 23:53:59,900 [pool-292-thread-1] INFO  segmented.SegmentedRaftLogWorker (SegmentedRaftLogWorker.java:lambda$new$0(133)) - 8eedcce2-fa83-40f2-8f3f-8ae88d3f9c27@group-2B542484AF5F-SegmentedRaftLogWorker: safeCacheEvictIndex: setUnconditionally 0 -> -1
2022-01-11 23:53:59,905 [pool-292-thread-1] INFO  server.RaftServerConfigKeys (ConfUtils.java:logGet(44)) - raft.server.snapshot.auto.trigger.enabled = true (custom)
2022-01-11 23:53:59,905 [pool-292-thread-1] INFO  server.RaftServerConfigKeys (ConfUtils.java:logGet(44)) - raft.server.snapshot.auto.trigger.threshold = 10000 (custom)
2022-01-11 23:53:59,905 [pool-292-thread-1] INFO  server.RaftServerConfigKeys (ConfUtils.java:logGet(44)) - raft.server.snapshot.retention.file.num = 5 (custom)
2022-01-11 23:53:59,905 [pool-292-thread-1] INFO  server.RaftServerConfigKeys (ConfUtils.java:logGet(44)) - raft.server.log.purge.upto.snapshot.index = false (default)
2022-01-11 23:53:59,905 [pool-292-thread-1] INFO  server.RaftServerConfigKeys (ConfUtils.java:logGet(44)) - raft.server.retrycache.expirytime = 600000ms (custom)
2022-01-11 23:53:59,905 [pool-292-thread-1] INFO  server.RaftServerConfigKeys (ConfUtils.java:logGet(44)) - raft.server.retrycache.statistics.expirytime = 100μs (default)
2022-01-11 23:53:59,906 [pool-292-thread-1] INFO  server.RaftServer$Division (RaftServerImpl.java:start(301)) - 8eedcce2-fa83-40f2-8f3f-8ae88d3f9c27@group-2B542484AF5F: start as a follower, conf=-1: [8eedcce2-fa83-40f2-8f3f-8ae88d3f9c27|rpc:10.1.0.37:39561|priority:1, c2004f48-6b55-488b-a4f3-a933c544d5d2|rpc:10.1.0.37:33985|priority:0, 51615485-058d-42af-9c65-c0e811a06a5e|rpc:10.1.0.37:46039|priority:0], old=null
2022-01-11 23:53:59,906 [pool-292-thread-1] INFO  server.RaftServer$Division (RaftServerImpl.java:setRole(290)) - 8eedcce2-fa83-40f2-8f3f-8ae88d3f9c27@group-2B542484AF5F: changes role from      null to FOLLOWER at term 0 for startAsFollower
2022-01-11 23:53:59,906 [pool-292-thread-1] INFO  impl.RoleInfo (RoleInfo.java:updateAndGet(130)) - 8eedcce2-fa83-40f2-8f3f-8ae88d3f9c27: start 8eedcce2-fa83-40f2-8f3f-8ae88d3f9c27@group-2B542484AF5F-FollowerState
2022-01-11 23:53:59,928 [pool-292-thread-1] INFO  util.JmxRegister (JmxRegister.java:tryRegister(44)) - Successfully registered JMX Bean with object name Ratis:service=RaftServer,group=group-2B542484AF5F,id=8eedcce2-fa83-40f2-8f3f-8ae88d3f9c27
2022-01-11 23:53:59,932 [Command processor thread] INFO  ratis.XceiverServerRatis (XceiverServerRatis.java:addGroup(768)) - Created group PipelineID=990fb063-1c16-4a81-9120-2b542484af5f
2022-01-11 23:53:59,939 [grpc-default-executor-2] INFO  server.RaftServer (RaftServerProxy.java:addNew(95)) - 51615485-058d-42af-9c65-c0e811a06a5e: addNew group-2B542484AF5F:[8eedcce2-fa83-40f2-8f3f-8ae88d3f9c27|rpc:10.1.0.37:39561|dataStream:|priority:1, c2004f48-6b55-488b-a4f3-a933c544d5d2|rpc:10.1.0.37:33985|dataStream:|priority:0, 51615485-058d-42af-9c65-c0e811a06a5e|rpc:10.1.0.37:46039|dataStream:|priority:0] returns group-2B542484AF5F:java.util.concurrent.CompletableFuture@14e73f7d[Not completed]
2022-01-11 23:53:59,940 [pool-313-thread-1] INFO  server.RaftServer$Division (RaftServerImpl.java:<init>(184)) - 51615485-058d-42af-9c65-c0e811a06a5e: new RaftServerImpl for group-2B542484AF5F:[8eedcce2-fa83-40f2-8f3f-8ae88d3f9c27|rpc:10.1.0.37:39561|dataStream:|priority:1, c2004f48-6b55-488b-a4f3-a933c544d5d2|rpc:10.1.0.37:33985|dataStream:|priority:0, 51615485-058d-42af-9c65-c0e811a06a5e|rpc:10.1.0.37:46039|dataStream:|priority:0] with ContainerStateMachine:uninitialized
2022-01-11 23:53:59,940 [pool-313-thread-1] INFO  server.RaftServerConfigKeys (ConfUtils.java:logGet(44)) - raft.server.rpc.timeout.min = 5s (custom)
2022-01-11 23:53:59,940 [pool-313-thread-1] INFO  server.RaftServerConfigKeys (ConfUtils.java:logGet(44)) - raft.server.rpc.timeout.max = 5200ms (custom)
2022-01-11 23:53:59,940 [pool-313-thread-1] INFO  server.RaftServerConfigKeys (ConfUtils.java:logGet(44)) - raft.server.rpc.sleep.time = 25ms (default)
2022-01-11 23:53:59,940 [pool-313-thread-1] INFO  server.RaftServerConfigKeys (ConfUtils.java:logGet(44)) - raft.server.rpc.slowness.timeout = 300000ms (custom)
2022-01-11 23:53:59,940 [pool-313-thread-1] INFO  server.RaftServerConfigKeys (ConfUtils.java:logGet(44)) - raft.server.leaderelection.leader.step-down.wait-time = 10s (default)
2022-01-11 23:53:59,940 [pool-313-thread-1] INFO  server.RaftServerConfigKeys (ConfUtils.java:logGet(44)) - raft.server.sleep.deviation.threshold = 300ms (default)
2022-01-11 23:53:59,940 [pool-313-thread-1] INFO  server.RaftServerConfigKeys (ConfUtils.java:logGet(44)) - raft.server.log.appender.install.snapshot.enabled = false (custom)
2022-01-11 23:53:59,940 [pool-313-thread-1] INFO  server.RaftServer$Division (ServerState.java:<init>(105)) - 51615485-058d-42af-9c65-c0e811a06a5e@group-2B542484AF5F: ConfigurationManager, init=-1: [8eedcce2-fa83-40f2-8f3f-8ae88d3f9c27|rpc:10.1.0.37:39561|dataStream:|priority:1, c2004f48-6b55-488b-a4f3-a933c544d5d2|rpc:10.1.0.37:33985|dataStream:|priority:0, 51615485-058d-42af-9c65-c0e811a06a5e|rpc:10.1.0.37:46039|dataStream:|priority:0], old=null, confs=<EMPTY_MAP>
2022-01-11 23:53:59,940 [pool-313-thread-1] INFO  server.RaftServerConfigKeys (ConfUtils.java:logGet(44)) - raft.server.storage.dir = [/home/runner/work/ozone/ozone/hadoop-ozone/integration-test/target/test-dir/MiniOzoneClusterImpl-84b3519b-a2d3-47e7-8c84-34506f72c9f7/datanode-1/data/ratis] (custom)
2022-01-11 23:53:59,940 [pool-313-thread-1] INFO  server.RaftServerConfigKeys (ConfUtils.java:logGet(44)) - raft.server.log.corruption.policy = EXCEPTION (default)
2022-01-11 23:53:59,940 [pool-313-thread-1] INFO  server.RaftServerConfigKeys (ConfUtils.java:logGet(44)) - raft.server.storage.free-space.min = 0MB (=0) (default)
2022-01-11 23:53:59,940 [pool-313-thread-1] INFO  storage.RaftStorageDirectory (RaftStorageDirectoryImpl.java:analyzeStorage(135)) - The storage directory /home/runner/work/ozone/ozone/hadoop-ozone/integration-test/target/test-dir/MiniOzoneClusterImpl-84b3519b-a2d3-47e7-8c84-34506f72c9f7/datanode-1/data/ratis/990fb063-1c16-4a81-9120-2b542484af5f does not exist. Creating ...
2022-01-11 23:53:59,942 [pool-313-thread-1] INFO  storage.RaftStorageDirectory (RaftStorageDirectoryImpl.java:tryLock(230)) - Lock on /home/runner/work/ozone/ozone/hadoop-ozone/integration-test/target/test-dir/MiniOzoneClusterImpl-84b3519b-a2d3-47e7-8c84-34506f72c9f7/datanode-1/data/ratis/990fb063-1c16-4a81-9120-2b542484af5f/in_use.lock acquired by nodename 350@fv-az59-280
2022-01-11 23:53:59,943 [pool-313-thread-1] INFO  storage.RaftStorage (RaftStorageImpl.java:format(89)) - Storage directory /home/runner/work/ozone/ozone/hadoop-ozone/integration-test/target/test-dir/MiniOzoneClusterImpl-84b3519b-a2d3-47e7-8c84-34506f72c9f7/datanode-1/data/ratis/990fb063-1c16-4a81-9120-2b542484af5f has been successfully formatted.
2022-01-11 23:53:59,943 [pool-313-thread-1] INFO  ratis.ContainerStateMachine (ContainerStateMachine.java:loadSnapshot(231)) - group-2B542484AF5F: The snapshot info is null. Setting the last applied indexto:(t:0, i:~)
2022-01-11 23:53:59,957 [pool-313-thread-1] INFO  server.RaftServerConfigKeys (ConfUtils.java:logGet(44)) - raft.server.notification.no-leader.timeout = 300000ms (custom)
2022-01-11 23:53:59,957 [pool-313-thread-1] INFO  server.RaftServerConfigKeys (ConfUtils.java:logGet(44)) - raft.server.log.use.memory = false (default)
2022-01-11 23:53:59,957 [pool-313-thread-1] INFO  server.RaftServerConfigKeys (ConfUtils.java:logGet(44)) - raft.server.log.purge.gap = 1000000 (custom)
2022-01-11 23:53:59,957 [pool-313-thread-1] INFO  server.RaftServerConfigKeys (ConfUtils.java:logGet(44)) - raft.server.log.appender.buffer.byte-limit = 33554432 (custom)
2022-01-11 23:53:59,957 [pool-313-thread-1] INFO  server.RaftServerConfigKeys (ConfUtils.java:logGet(44)) - raft.server.log.segment.size.max = 1048576 (custom)
2022-01-11 23:53:59,957 [pool-313-thread-1] INFO  server.RaftServerConfigKeys (ConfUtils.java:logGet(44)) - raft.server.log.segment.cache.num.max = 2 (custom)
2022-01-11 23:53:59,958 [pool-313-thread-1] INFO  server.RaftServerConfigKeys (ConfUtils.java:logGet(44)) - raft.server.log.segment.cache.size.max = 200MB (=209715200) (default)
2022-01-11 23:53:59,958 [pool-313-thread-1] INFO  segmented.SegmentedRaftLogWorker (SegmentedRaftLogWorker.java:<init>(182)) - new 51615485-058d-42af-9c65-c0e811a06a5e@group-2B542484AF5F-SegmentedRaftLogWorker for RaftStorageImpl:Storage Directory /home/runner/work/ozone/ozone/hadoop-ozone/integration-test/target/test-dir/MiniOzoneClusterImpl-84b3519b-a2d3-47e7-8c84-34506f72c9f7/datanode-1/data/ratis/990fb063-1c16-4a81-9120-2b542484af5f
2022-01-11 23:53:59,958 [pool-313-thread-1] INFO  server.RaftServerConfigKeys (ConfUtils.java:logGet(44)) - raft.server.log.queue.byte-limit = 2147483647 (custom)
2022-01-11 23:53:59,958 [pool-313-thread-1] INFO  server.RaftServerConfigKeys (ConfUtils.java:logGet(44)) - raft.server.log.queue.element-limit = 1024 (custom)
2022-01-11 23:53:59,958 [pool-313-thread-1] INFO  server.RaftServerConfigKeys (ConfUtils.java:logGet(44)) - raft.server.log.segment.size.max = 1048576 (custom)
2022-01-11 23:53:59,958 [pool-313-thread-1] INFO  server.RaftServerConfigKeys (ConfUtils.java:logGet(44)) - raft.server.log.preallocated.size = 16384 (custom)
2022-01-11 23:53:59,958 [pool-313-thread-1] INFO  server.RaftServerConfigKeys (ConfUtils.java:logGet(44)) - raft.server.log.force.sync.num = 128 (default)
2022-01-11 23:53:59,958 [pool-313-thread-1] INFO  server.RaftServerConfigKeys (ConfUtils.java:logGet(44)) - raft.server.log.statemachine.data.sync = true (default)
2022-01-11 23:53:59,958 [pool-313-thread-1] INFO  server.RaftServerConfigKeys (ConfUtils.java:logGet(44)) - raft.server.log.statemachine.data.sync.timeout = 10s (default)
2022-01-11 23:53:59,958 [pool-313-thread-1] INFO  server.RaftServerConfigKeys (ConfUtils.java:logGet(44)) - raft.server.log.statemachine.data.sync.timeout.retry = -1 (default)
2022-01-11 23:53:59,959 [pool-313-thread-1] INFO  server.RaftServerConfigKeys (ConfUtils.java:logGet(44)) - raft.server.log.write.buffer.size = 1048576 (custom)
2022-01-11 23:53:59,959 [pool-313-thread-1] INFO  server.RaftServerConfigKeys (ConfUtils.java:logGet(44)) - raft.server.log.statemachine.data.caching.enabled = true (custom)
2022-01-11 23:53:59,960 [pool-313-thread-1] INFO  segmented.SegmentedRaftLogWorker (SegmentedRaftLogWorker.java:lambda$new$0(133)) - 51615485-058d-42af-9c65-c0e811a06a5e@group-2B542484AF5F-SegmentedRaftLogWorker: flushIndex: setUnconditionally 0 -> -1
2022-01-11 23:53:59,960 [pool-313-thread-1] INFO  segmented.SegmentedRaftLogWorker (SegmentedRaftLogWorker.java:lambda$new$0(133)) - 51615485-058d-42af-9c65-c0e811a06a5e@group-2B542484AF5F-SegmentedRaftLogWorker: safeCacheEvictIndex: setUnconditionally 0 -> -1
2022-01-11 23:53:59,960 [Listener at 127.0.0.1/46043] INFO  ozone.MiniOzoneClusterImpl (MiniOzoneClusterImpl.java:lambda$waitForClusterToBeReady$0(235)) - Waiting for nodes to be ready. Got 6 of 7 DN Heartbeats.
2022-01-11 23:53:59,960 [Listener at 127.0.0.1/46043] INFO  ozone.MiniOzoneClusterImpl (MiniOzoneClusterImpl.java:lambda$waitForClusterToBeReady$0(238)) - Waiting for cluster to exit safe mode
2022-01-11 23:53:59,960 [Listener at 127.0.0.1/46043] INFO  ozone.MiniOzoneClusterImpl (MiniOzoneClusterImpl.java:lambda$waitForClusterToBeReady$0(240)) - SCM became leader
2022-01-11 23:53:59,990 [pool-313-thread-1] INFO  server.RaftServerConfigKeys (ConfUtils.java:logGet(44)) - raft.server.snapshot.auto.trigger.enabled = true (custom)
2022-01-11 23:53:59,990 [pool-313-thread-1] INFO  server.RaftServerConfigKeys (ConfUtils.java:logGet(44)) - raft.server.snapshot.auto.trigger.threshold = 10000 (custom)
2022-01-11 23:53:59,990 [pool-313-thread-1] INFO  server.RaftServerConfigKeys (ConfUtils.java:logGet(44)) - raft.server.snapshot.retention.file.num = 5 (custom)
2022-01-11 23:53:59,990 [pool-313-thread-1] INFO  server.RaftServerConfigKeys (ConfUtils.java:logGet(44)) - raft.server.log.purge.upto.snapshot.index = false (default)
2022-01-11 23:53:59,990 [pool-313-thread-1] INFO  server.RaftServerConfigKeys (ConfUtils.java:logGet(44)) - raft.server.retrycache.expirytime = 600000ms (custom)
2022-01-11 23:53:59,990 [pool-313-thread-1] INFO  server.RaftServerConfigKeys (ConfUtils.java:logGet(44)) - raft.server.retrycache.statistics.expirytime = 100μs (default)
2022-01-11 23:53:59,992 [pool-313-thread-1] INFO  server.RaftServer$Division (RaftServerImpl.java:start(301)) - 51615485-058d-42af-9c65-c0e811a06a5e@group-2B542484AF5F: start as a follower, conf=-1: [8eedcce2-fa83-40f2-8f3f-8ae88d3f9c27|rpc:10.1.0.37:39561|dataStream:|priority:1, c2004f48-6b55-488b-a4f3-a933c544d5d2|rpc:10.1.0.37:33985|dataStream:|priority:0, 51615485-058d-42af-9c65-c0e811a06a5e|rpc:10.1.0.37:46039|dataStream:|priority:0], old=null
2022-01-11 23:53:59,992 [pool-313-thread-1] INFO  server.RaftServer$Division (RaftServerImpl.java:setRole(290)) - 51615485-058d-42af-9c65-c0e811a06a5e@group-2B542484AF5F: changes role from      null to FOLLOWER at term 0 for startAsFollower
2022-01-11 23:53:59,992 [pool-313-thread-1] INFO  impl.RoleInfo (RoleInfo.java:updateAndGet(130)) - 51615485-058d-42af-9c65-c0e811a06a5e: start 51615485-058d-42af-9c65-c0e811a06a5e@group-2B542484AF5F-FollowerState
2022-01-11 23:53:59,994 [IPC Server handler 3 on default port 39943] INFO  net.NetworkTopologyImpl (NetworkTopologyImpl.java:add(112)) - Added a new node: /default-rack/6b666312-5236-4d63-85d6-3705eb3fb30b
2022-01-11 23:53:59,994 [IPC Server handler 3 on default port 39943] INFO  node.SCMNodeManager (SCMNodeManager.java:register(389)) - Registered Data node : 6b666312-5236-4d63-85d6-3705eb3fb30b{ip: 10.1.0.37, host: fv-az59-280.csjynl4pkq3e1pkirw3ssqjfoh.cx.internal.cloudapp.net, ports: [REPLICATION=44445, RATIS=38271, RATIS_ADMIN=38271, RATIS_SERVER=38271, STANDALONE=39257], networkLocation: /default-rack, certSerialId: null, persistedOpState: null, persistedOpStateExpiryEpochSec: 0}
2022-01-11 23:53:59,994 [EventQueue-NewNodeForNewNodeHandler] INFO  pipeline.BackgroundPipelineCreator (BackgroundPipelineCreator.java:notifyEventTriggered(285)) - trigger a one-shot run on RatisPipelineUtilsThread.
2022-01-11 23:53:59,995 [RatisPipelineUtilsThread - 0] INFO  pipeline.RatisPipelineProvider (RatisPipelineProvider.java:lambda$create$0(183)) - Sending CreatePipelineCommand for pipeline:PipelineID=94c2b8f9-d063-4842-963f-31887f02bc17 to datanode:6b666312-5236-4d63-85d6-3705eb3fb30b
2022-01-11 23:53:59,995 [RatisPipelineUtilsThread - 0] INFO  pipeline.PipelineStateManagerImpl (PipelineStateManagerImpl.java:addPipeline(101)) - Created pipeline Pipeline[ Id: 94c2b8f9-d063-4842-963f-31887f02bc17, Nodes: 6b666312-5236-4d63-85d6-3705eb3fb30b{ip: 10.1.0.37, host: fv-az59-280.csjynl4pkq3e1pkirw3ssqjfoh.cx.internal.cloudapp.net, ports: [REPLICATION=44445, RATIS=38271, RATIS_ADMIN=38271, RATIS_SERVER=38271, STANDALONE=39257], networkLocation: /default-rack, certSerialId: null, persistedOpState: IN_SERVICE, persistedOpStateExpiryEpochSec: 0}, ReplicationConfig: RATIS/ONE, State:ALLOCATED, leaderId:, CreationTimestamp2022-01-11T23:53:59.995Z[Etc/UTC]].
2022-01-11 23:54:00,005 [pool-313-thread-1] INFO  util.JmxRegister (JmxRegister.java:tryRegister(44)) - Successfully registered JMX Bean with object name Ratis:service=RaftServer,group=group-2B542484AF5F,id=51615485-058d-42af-9c65-c0e811a06a5e
2022-01-11 23:54:00,047 [grpc-default-executor-2] INFO  server.RaftServer (RaftServerProxy.java:addNew(95)) - c2004f48-6b55-488b-a4f3-a933c544d5d2: addNew group-2B542484AF5F:[8eedcce2-fa83-40f2-8f3f-8ae88d3f9c27|rpc:10.1.0.37:39561|dataStream:|priority:1, c2004f48-6b55-488b-a4f3-a933c544d5d2|rpc:10.1.0.37:33985|dataStream:|priority:0, 51615485-058d-42af-9c65-c0e811a06a5e|rpc:10.1.0.37:46039|dataStream:|priority:0] returns group-2B542484AF5F:java.util.concurrent.CompletableFuture@1dddd5b7[Not completed]
2022-01-11 23:54:00,048 [pool-334-thread-1] INFO  server.RaftServer$Division (RaftServerImpl.java:<init>(184)) - c2004f48-6b55-488b-a4f3-a933c544d5d2: new RaftServerImpl for group-2B542484AF5F:[8eedcce2-fa83-40f2-8f3f-8ae88d3f9c27|rpc:10.1.0.37:39561|dataStream:|priority:1, c2004f48-6b55-488b-a4f3-a933c544d5d2|rpc:10.1.0.37:33985|dataStream:|priority:0, 51615485-058d-42af-9c65-c0e811a06a5e|rpc:10.1.0.37:46039|dataStream:|priority:0] with ContainerStateMachine:uninitialized
2022-01-11 23:54:00,048 [pool-334-thread-1] INFO  server.RaftServerConfigKeys (ConfUtils.java:logGet(44)) - raft.server.rpc.timeout.min = 5s (custom)
2022-01-11 23:54:00,048 [pool-334-thread-1] INFO  server.RaftServerConfigKeys (ConfUtils.java:logGet(44)) - raft.server.rpc.timeout.max = 5200ms (custom)
2022-01-11 23:54:00,048 [pool-334-thread-1] INFO  server.RaftServerConfigKeys (ConfUtils.java:logGet(44)) - raft.server.rpc.sleep.time = 25ms (default)
2022-01-11 23:54:00,048 [pool-334-thread-1] INFO  server.RaftServerConfigKeys (ConfUtils.java:logGet(44)) - raft.server.rpc.slowness.timeout = 300000ms (custom)
2022-01-11 23:54:00,048 [pool-334-thread-1] INFO  server.RaftServerConfigKeys (ConfUtils.java:logGet(44)) - raft.server.leaderelection.leader.step-down.wait-time = 10s (default)
2022-01-11 23:54:00,048 [pool-334-thread-1] INFO  server.RaftServerConfigKeys (ConfUtils.java:logGet(44)) - raft.server.sleep.deviation.threshold = 300ms (default)
2022-01-11 23:54:00,048 [pool-334-thread-1] INFO  server.RaftServerConfigKeys (ConfUtils.java:logGet(44)) - raft.server.log.appender.install.snapshot.enabled = false (custom)
2022-01-11 23:54:00,048 [pool-334-thread-1] INFO  server.RaftServer$Division (ServerState.java:<init>(105)) - c2004f48-6b55-488b-a4f3-a933c544d5d2@group-2B542484AF5F: ConfigurationManager, init=-1: [8eedcce2-fa83-40f2-8f3f-8ae88d3f9c27|rpc:10.1.0.37:39561|dataStream:|priority:1, c2004f48-6b55-488b-a4f3-a933c544d5d2|rpc:10.1.0.37:33985|dataStream:|priority:0, 51615485-058d-42af-9c65-c0e811a06a5e|rpc:10.1.0.37:46039|dataStream:|priority:0], old=null, confs=<EMPTY_MAP>
2022-01-11 23:54:00,049 [pool-334-thread-1] INFO  server.RaftServerConfigKeys (ConfUtils.java:logGet(44)) - raft.server.storage.dir = [/home/runner/work/ozone/ozone/hadoop-ozone/integration-test/target/test-dir/MiniOzoneClusterImpl-84b3519b-a2d3-47e7-8c84-34506f72c9f7/datanode-2/data/ratis] (custom)
2022-01-11 23:54:00,049 [pool-334-thread-1] INFO  server.RaftServerConfigKeys (ConfUtils.java:logGet(44)) - raft.server.log.corruption.policy = EXCEPTION (default)
2022-01-11 23:54:00,049 [pool-334-thread-1] INFO  server.RaftServerConfigKeys (ConfUtils.java:logGet(44)) - raft.server.storage.free-space.min = 0MB (=0) (default)
2022-01-11 23:54:00,049 [pool-334-thread-1] INFO  storage.RaftStorageDirectory (RaftStorageDirectoryImpl.java:analyzeStorage(135)) - The storage directory /home/runner/work/ozone/ozone/hadoop-ozone/integration-test/target/test-dir/MiniOzoneClusterImpl-84b3519b-a2d3-47e7-8c84-34506f72c9f7/datanode-2/data/ratis/990fb063-1c16-4a81-9120-2b542484af5f does not exist. Creating ...
2022-01-11 23:54:00,057 [pool-334-thread-1] INFO  storage.RaftStorageDirectory (RaftStorageDirectoryImpl.java:tryLock(230)) - Lock on /home/runner/work/ozone/ozone/hadoop-ozone/integration-test/target/test-dir/MiniOzoneClusterImpl-84b3519b-a2d3-47e7-8c84-34506f72c9f7/datanode-2/data/ratis/990fb063-1c16-4a81-9120-2b542484af5f/in_use.lock acquired by nodename 350@fv-az59-280
2022-01-11 23:54:00,060 [pool-334-thread-1] INFO  storage.RaftStorage (RaftStorageImpl.java:format(89)) - Storage directory /home/runner/work/ozone/ozone/hadoop-ozone/integration-test/target/test-dir/MiniOzoneClusterImpl-84b3519b-a2d3-47e7-8c84-34506f72c9f7/datanode-2/data/ratis/990fb063-1c16-4a81-9120-2b542484af5f has been successfully formatted.
2022-01-11 23:54:00,060 [pool-334-thread-1] INFO  ratis.ContainerStateMachine (ContainerStateMachine.java:loadSnapshot(231)) - group-2B542484AF5F: The snapshot info is null. Setting the last applied indexto:(t:0, i:~)
2022-01-11 23:54:00,061 [pool-334-thread-1] INFO  server.RaftServerConfigKeys (ConfUtils.java:logGet(44)) - raft.server.notification.no-leader.timeout = 300000ms (custom)
2022-01-11 23:54:00,061 [pool-334-thread-1] INFO  server.RaftServerConfigKeys (ConfUtils.java:logGet(44)) - raft.server.log.use.memory = false (default)
2022-01-11 23:54:00,061 [pool-334-thread-1] INFO  server.RaftServerConfigKeys (ConfUtils.java:logGet(44)) - raft.server.log.purge.gap = 1000000 (custom)
2022-01-11 23:54:00,061 [pool-334-thread-1] INFO  server.RaftServerConfigKeys (ConfUtils.java:logGet(44)) - raft.server.log.appender.buffer.byte-limit = 33554432 (custom)
2022-01-11 23:54:00,061 [pool-334-thread-1] INFO  server.RaftServerConfigKeys (ConfUtils.java:logGet(44)) - raft.server.log.segment.size.max = 1048576 (custom)
2022-01-11 23:54:00,061 [pool-334-thread-1] INFO  server.RaftServerConfigKeys (ConfUtils.java:logGet(44)) - raft.server.log.segment.cache.num.max = 2 (custom)
2022-01-11 23:54:00,061 [pool-334-thread-1] INFO  server.RaftServerConfigKeys (ConfUtils.java:logGet(44)) - raft.server.log.segment.cache.size.max = 200MB (=209715200) (default)
2022-01-11 23:54:00,061 [pool-334-thread-1] INFO  segmented.SegmentedRaftLogWorker (SegmentedRaftLogWorker.java:<init>(182)) - new c2004f48-6b55-488b-a4f3-a933c544d5d2@group-2B542484AF5F-SegmentedRaftLogWorker for RaftStorageImpl:Storage Directory /home/runner/work/ozone/ozone/hadoop-ozone/integration-test/target/test-dir/MiniOzoneClusterImpl-84b3519b-a2d3-47e7-8c84-34506f72c9f7/datanode-2/data/ratis/990fb063-1c16-4a81-9120-2b542484af5f
2022-01-11 23:54:00,061 [pool-334-thread-1] INFO  server.RaftServerConfigKeys (ConfUtils.java:logGet(44)) - raft.server.log.queue.byte-limit = 2147483647 (custom)
2022-01-11 23:54:00,061 [pool-334-thread-1] INFO  server.RaftServerConfigKeys (ConfUtils.java:logGet(44)) - raft.server.log.queue.element-limit = 1024 (custom)
2022-01-11 23:54:00,062 [pool-334-thread-1] INFO  server.RaftServerConfigKeys (ConfUtils.java:logGet(44)) - raft.server.log.segment.size.max = 1048576 (custom)
2022-01-11 23:54:00,062 [pool-334-thread-1] INFO  server.RaftServerConfigKeys (ConfUtils.java:logGet(44)) - raft.server.log.preallocated.size = 16384 (custom)
2022-01-11 23:54:00,062 [pool-334-thread-1] INFO  server.RaftServerConfigKeys (ConfUtils.java:logGet(44)) - raft.server.log.force.sync.num = 128 (default)
2022-01-11 23:54:00,062 [pool-334-thread-1] INFO  server.RaftServerConfigKeys (ConfUtils.java:logGet(44)) - raft.server.log.statemachine.data.sync = true (default)
2022-01-11 23:54:00,062 [pool-334-thread-1] INFO  server.RaftServerConfigKeys (ConfUtils.java:logGet(44)) - raft.server.log.statemachine.data.sync.timeout = 10s (default)
2022-01-11 23:54:00,062 [pool-334-thread-1] INFO  server.RaftServerConfigKeys (ConfUtils.java:logGet(44)) - raft.server.log.statemachine.data.sync.timeout.retry = -1 (default)
2022-01-11 23:54:00,070 [pool-334-thread-1] INFO  server.RaftServerConfigKeys (ConfUtils.java:logGet(44)) - raft.server.log.write.buffer.size = 1048576 (custom)
2022-01-11 23:54:00,071 [pool-334-thread-1] INFO  server.RaftServerConfigKeys (ConfUtils.java:logGet(44)) - raft.server.log.statemachine.data.caching.enabled = true (custom)
2022-01-11 23:54:00,071 [pool-334-thread-1] INFO  segmented.SegmentedRaftLogWorker (SegmentedRaftLogWorker.java:lambda$new$0(133)) - c2004f48-6b55-488b-a4f3-a933c544d5d2@group-2B542484AF5F-SegmentedRaftLogWorker: flushIndex: setUnconditionally 0 -> -1
2022-01-11 23:54:00,072 [pool-334-thread-1] INFO  segmented.SegmentedRaftLogWorker (SegmentedRaftLogWorker.java:lambda$new$0(133)) - c2004f48-6b55-488b-a4f3-a933c544d5d2@group-2B542484AF5F-SegmentedRaftLogWorker: safeCacheEvictIndex: setUnconditionally 0 -> -1
2022-01-11 23:54:00,073 [pool-334-thread-1] INFO  server.RaftServerConfigKeys (ConfUtils.java:logGet(44)) - raft.server.snapshot.auto.trigger.enabled = true (custom)
2022-01-11 23:54:00,073 [pool-334-thread-1] INFO  server.RaftServerConfigKeys (ConfUtils.java:logGet(44)) - raft.server.snapshot.auto.trigger.threshold = 10000 (custom)
2022-01-11 23:54:00,073 [pool-334-thread-1] INFO  server.RaftServerConfigKeys (ConfUtils.java:logGet(44)) - raft.server.snapshot.retention.file.num = 5 (custom)
2022-01-11 23:54:00,073 [pool-334-thread-1] INFO  server.RaftServerConfigKeys (ConfUtils.java:logGet(44)) - raft.server.log.purge.upto.snapshot.index = false (default)
2022-01-11 23:54:00,073 [pool-334-thread-1] INFO  server.RaftServerConfigKeys (ConfUtils.java:logGet(44)) - raft.server.retrycache.expirytime = 600000ms (custom)
2022-01-11 23:54:00,073 [pool-334-thread-1] INFO  server.RaftServerConfigKeys (ConfUtils.java:logGet(44)) - raft.server.retrycache.statistics.expirytime = 100μs (default)
2022-01-11 23:54:00,074 [pool-334-thread-1] INFO  server.RaftServer$Division (RaftServerImpl.java:start(301)) - c2004f48-6b55-488b-a4f3-a933c544d5d2@group-2B542484AF5F: start as a follower, conf=-1: [8eedcce2-fa83-40f2-8f3f-8ae88d3f9c27|rpc:10.1.0.37:39561|dataStream:|priority:1, c2004f48-6b55-488b-a4f3-a933c544d5d2|rpc:10.1.0.37:33985|dataStream:|priority:0, 51615485-058d-42af-9c65-c0e811a06a5e|rpc:10.1.0.37:46039|dataStream:|priority:0], old=null
2022-01-11 23:54:00,074 [pool-334-thread-1] INFO  server.RaftServer$Division (RaftServerImpl.java:setRole(290)) - c2004f48-6b55-488b-a4f3-a933c544d5d2@group-2B542484AF5F: changes role from      null to FOLLOWER at term 0 for startAsFollower
2022-01-11 23:54:00,074 [pool-334-thread-1] INFO  impl.RoleInfo (RoleInfo.java:updateAndGet(130)) - c2004f48-6b55-488b-a4f3-a933c544d5d2: start c2004f48-6b55-488b-a4f3-a933c544d5d2@group-2B542484AF5F-FollowerState
2022-01-11 23:54:00,075 [pool-334-thread-1] INFO  util.JmxRegister (JmxRegister.java:tryRegister(44)) - Successfully registered JMX Bean with object name Ratis:service=RaftServer,group=group-2B542484AF5F,id=c2004f48-6b55-488b-a4f3-a933c544d5d2
2022-01-11 23:54:00,089 [Command processor thread] INFO  commandhandler.CreatePipelineCommandHandler (CreatePipelineCommandHandler.java:handle(106)) - Created Pipeline RATIS THREE PipelineID=990fb063-1c16-4a81-9120-2b542484af5f.
2022-01-11 23:54:00,089 [Command processor thread] INFO  server.RaftServer (RaftServerProxy.java:addNew(95)) - 8eedcce2-fa83-40f2-8f3f-8ae88d3f9c27: addNew group-D0E897EC1444:[8eedcce2-fa83-40f2-8f3f-8ae88d3f9c27|rpc:10.1.0.37:39561|priority:0, c2004f48-6b55-488b-a4f3-a933c544d5d2|rpc:10.1.0.37:33985|priority:0, 51615485-058d-42af-9c65-c0e811a06a5e|rpc:10.1.0.37:46039|priority:1] returns group-D0E897EC1444:java.util.concurrent.CompletableFuture@5b2d37a5[Not completed]
2022-01-11 23:54:00,106 [pool-292-thread-1] INFO  server.RaftServer$Division (RaftServerImpl.java:<init>(184)) - 8eedcce2-fa83-40f2-8f3f-8ae88d3f9c27: new RaftServerImpl for group-D0E897EC1444:[8eedcce2-fa83-40f2-8f3f-8ae88d3f9c27|rpc:10.1.0.37:39561|priority:0, c2004f48-6b55-488b-a4f3-a933c544d5d2|rpc:10.1.0.37:33985|priority:0, 51615485-058d-42af-9c65-c0e811a06a5e|rpc:10.1.0.37:46039|priority:1] with ContainerStateMachine:uninitialized
2022-01-11 23:54:00,106 [pool-292-thread-1] INFO  server.RaftServerConfigKeys (ConfUtils.java:logGet(44)) - raft.server.rpc.timeout.min = 5s (custom)
2022-01-11 23:54:00,106 [pool-292-thread-1] INFO  server.RaftServerConfigKeys (ConfUtils.java:logGet(44)) - raft.server.rpc.timeout.max = 5200ms (custom)
2022-01-11 23:54:00,106 [pool-292-thread-1] INFO  server.RaftServerConfigKeys (ConfUtils.java:logGet(44)) - raft.server.rpc.sleep.time = 25ms (default)
2022-01-11 23:54:00,106 [pool-292-thread-1] INFO  server.RaftServerConfigKeys (ConfUtils.java:logGet(44)) - raft.server.rpc.slowness.timeout = 300000ms (custom)
2022-01-11 23:54:00,106 [pool-292-thread-1] INFO  server.RaftServerConfigKeys (ConfUtils.java:logGet(44)) - raft.server.leaderelection.leader.step-down.wait-time = 10s (default)
2022-01-11 23:54:00,106 [pool-292-thread-1] INFO  server.RaftServerConfigKeys (ConfUtils.java:logGet(44)) - raft.server.sleep.deviation.threshold = 300ms (default)
2022-01-11 23:54:00,106 [pool-292-thread-1] INFO  server.RaftServerConfigKeys (ConfUtils.java:logGet(44)) - raft.server.log.appender.install.snapshot.enabled = false (custom)
2022-01-11 23:54:00,106 [pool-292-thread-1] INFO  server.RaftServer$Division (ServerState.java:<init>(105)) - 8eedcce2-fa83-40f2-8f3f-8ae88d3f9c27@group-D0E897EC1444: ConfigurationManager, init=-1: [8eedcce2-fa83-40f2-8f3f-8ae88d3f9c27|rpc:10.1.0.37:39561|priority:0, c2004f48-6b55-488b-a4f3-a933c544d5d2|rpc:10.1.0.37:33985|priority:0, 51615485-058d-42af-9c65-c0e811a06a5e|rpc:10.1.0.37:46039|priority:1], old=null, confs=<EMPTY_MAP>
2022-01-11 23:54:00,106 [pool-292-thread-1] INFO  server.RaftServerConfigKeys (ConfUtils.java:logGet(44)) - raft.server.storage.dir = [/home/runner/work/ozone/ozone/hadoop-ozone/integration-test/target/test-dir/MiniOzoneClusterImpl-84b3519b-a2d3-47e7-8c84-34506f72c9f7/datanode-0/data/ratis] (custom)
2022-01-11 23:54:00,107 [pool-292-thread-1] INFO  server.RaftServerConfigKeys (ConfUtils.java:logGet(44)) - raft.server.log.corruption.policy = EXCEPTION (default)
2022-01-11 23:54:00,107 [pool-292-thread-1] INFO  server.RaftServerConfigKeys (ConfUtils.java:logGet(44)) - raft.server.storage.free-space.min = 0MB (=0) (default)
2022-01-11 23:54:00,107 [pool-292-thread-1] INFO  storage.RaftStorageDirectory (RaftStorageDirectoryImpl.java:analyzeStorage(135)) - The storage directory /home/runner/work/ozone/ozone/hadoop-ozone/integration-test/target/test-dir/MiniOzoneClusterImpl-84b3519b-a2d3-47e7-8c84-34506f72c9f7/datanode-0/data/ratis/45053eb7-d090-43ed-ae9a-d0e897ec1444 does not exist. Creating ...
2022-01-11 23:54:00,108 [pool-292-thread-1] INFO  storage.RaftStorageDirectory (RaftStorageDirectoryImpl.java:tryLock(230)) - Lock on /home/runner/work/ozone/ozone/hadoop-ozone/integration-test/target/test-dir/MiniOzoneClusterImpl-84b3519b-a2d3-47e7-8c84-34506f72c9f7/datanode-0/data/ratis/45053eb7-d090-43ed-ae9a-d0e897ec1444/in_use.lock acquired by nodename 350@fv-az59-280
2022-01-11 23:54:00,109 [pool-292-thread-1] INFO  storage.RaftStorage (RaftStorageImpl.java:format(89)) - Storage directory /home/runner/work/ozone/ozone/hadoop-ozone/integration-test/target/test-dir/MiniOzoneClusterImpl-84b3519b-a2d3-47e7-8c84-34506f72c9f7/datanode-0/data/ratis/45053eb7-d090-43ed-ae9a-d0e897ec1444 has been successfully formatted.
2022-01-11 23:54:00,109 [pool-292-thread-1] INFO  ratis.ContainerStateMachine (ContainerStateMachine.java:loadSnapshot(231)) - group-D0E897EC1444: The snapshot info is null. Setting the last applied indexto:(t:0, i:~)
2022-01-11 23:54:00,109 [pool-292-thread-1] INFO  server.RaftServerConfigKeys (ConfUtils.java:logGet(44)) - raft.server.notification.no-leader.timeout = 300000ms (custom)
2022-01-11 23:54:00,109 [pool-292-thread-1] INFO  server.RaftServerConfigKeys (ConfUtils.java:logGet(44)) - raft.server.log.use.memory = false (default)
2022-01-11 23:54:00,110 [pool-292-thread-1] INFO  server.RaftServerConfigKeys (ConfUtils.java:logGet(44)) - raft.server.log.purge.gap = 1000000 (custom)
2022-01-11 23:54:00,110 [pool-292-thread-1] INFO  server.RaftServerConfigKeys (ConfUtils.java:logGet(44)) - raft.server.log.appender.buffer.byte-limit = 33554432 (custom)
2022-01-11 23:54:00,110 [pool-292-thread-1] INFO  server.RaftServerConfigKeys (ConfUtils.java:logGet(44)) - raft.server.log.segment.size.max = 1048576 (custom)
2022-01-11 23:54:00,110 [pool-292-thread-1] INFO  server.RaftServerConfigKeys (ConfUtils.java:logGet(44)) - raft.server.log.segment.cache.num.max = 2 (custom)
2022-01-11 23:54:00,110 [pool-292-thread-1] INFO  server.RaftServerConfigKeys (ConfUtils.java:logGet(44)) - raft.server.log.segment.cache.size.max = 200MB (=209715200) (default)
2022-01-11 23:54:00,110 [pool-292-thread-1] INFO  segmented.SegmentedRaftLogWorker (SegmentedRaftLogWorker.java:<init>(182)) - new 8eedcce2-fa83-40f2-8f3f-8ae88d3f9c27@group-D0E897EC1444-SegmentedRaftLogWorker for RaftStorageImpl:Storage Directory /home/runner/work/ozone/ozone/hadoop-ozone/integration-test/target/test-dir/MiniOzoneClusterImpl-84b3519b-a2d3-47e7-8c84-34506f72c9f7/datanode-0/data/ratis/45053eb7-d090-43ed-ae9a-d0e897ec1444
2022-01-11 23:54:00,110 [pool-292-thread-1] INFO  server.RaftServerConfigKeys (ConfUtils.java:logGet(44)) - raft.server.log.queue.byte-limit = 2147483647 (custom)
2022-01-11 23:54:00,110 [pool-292-thread-1] INFO  server.RaftServerConfigKeys (ConfUtils.java:logGet(44)) - raft.server.log.queue.element-limit = 1024 (custom)
2022-01-11 23:54:00,110 [pool-292-thread-1] INFO  server.RaftServerConfigKeys (ConfUtils.java:logGet(44)) - raft.server.log.segment.size.max = 1048576 (custom)
2022-01-11 23:54:00,110 [pool-292-thread-1] INFO  server.RaftServerConfigKeys (ConfUtils.java:logGet(44)) - raft.server.log.preallocated.size = 16384 (custom)
2022-01-11 23:54:00,110 [pool-292-thread-1] INFO  server.RaftServerConfigKeys (ConfUtils.java:logGet(44)) - raft.server.log.force.sync.num = 128 (default)
2022-01-11 23:54:00,110 [pool-292-thread-1] INFO  server.RaftServerConfigKeys (ConfUtils.java:logGet(44)) - raft.server.log.statemachine.data.sync = true (default)
2022-01-11 23:54:00,110 [pool-292-thread-1] INFO  server.RaftServerConfigKeys (ConfUtils.java:logGet(44)) - raft.server.log.statemachine.data.sync.timeout = 10s (default)
2022-01-11 23:54:00,111 [pool-292-thread-1] INFO  server.RaftServerConfigKeys (ConfUtils.java:logGet(44)) - raft.server.log.statemachine.data.sync.timeout.retry = -1 (default)
2022-01-11 23:54:00,111 [pool-292-thread-1] INFO  server.RaftServerConfigKeys (ConfUtils.java:logGet(44)) - raft.server.log.write.buffer.size = 1048576 (custom)
2022-01-11 23:54:00,112 [pool-292-thread-1] INFO  server.RaftServerConfigKeys (ConfUtils.java:logGet(44)) - raft.server.log.statemachine.data.caching.enabled = true (custom)
2022-01-11 23:54:00,112 [pool-292-thread-1] INFO  segmented.SegmentedRaftLogWorker (SegmentedRaftLogWorker.java:lambda$new$0(133)) - 8eedcce2-fa83-40f2-8f3f-8ae88d3f9c27@group-D0E897EC1444-SegmentedRaftLogWorker: flushIndex: setUnconditionally 0 -> -1
2022-01-11 23:54:00,112 [pool-292-thread-1] INFO  segmented.SegmentedRaftLogWorker (SegmentedRaftLogWorker.java:lambda$new$0(133)) - 8eedcce2-fa83-40f2-8f3f-8ae88d3f9c27@group-D0E897EC1444-SegmentedRaftLogWorker: safeCacheEvictIndex: setUnconditionally 0 -> -1
2022-01-11 23:54:00,115 [EventQueue-OpenPipelineForHealthyPipelineSafeModeRule] INFO  safemode.SCMSafeModeManager (HealthyPipelineSafeModeRule.java:process(124)) - SCM in safe mode. Healthy pipelines reported count is 0, required healthy pipeline reported count is 1
2022-01-11 23:54:00,123 [pool-292-thread-1] INFO  server.RaftServerConfigKeys (ConfUtils.java:logGet(44)) - raft.server.snapshot.auto.trigger.enabled = true (custom)
2022-01-11 23:54:00,124 [pool-292-thread-1] INFO  server.RaftServerConfigKeys (ConfUtils.java:logGet(44)) - raft.server.snapshot.auto.trigger.threshold = 10000 (custom)
2022-01-11 23:54:00,124 [pool-292-thread-1] INFO  server.RaftServerConfigKeys (ConfUtils.java:logGet(44)) - raft.server.snapshot.retention.file.num = 5 (custom)
2022-01-11 23:54:00,124 [pool-292-thread-1] INFO  server.RaftServerConfigKeys (ConfUtils.java:logGet(44)) - raft.server.log.purge.upto.snapshot.index = false (default)
2022-01-11 23:54:00,124 [pool-292-thread-1] INFO  server.RaftServerConfigKeys (ConfUtils.java:logGet(44)) - raft.server.retrycache.expirytime = 600000ms (custom)
2022-01-11 23:54:00,124 [pool-292-thread-1] INFO  server.RaftServerConfigKeys (ConfUtils.java:logGet(44)) - raft.server.retrycache.statistics.expirytime = 100μs (default)
2022-01-11 23:54:00,125 [pool-292-thread-1] INFO  server.RaftServer$Division (RaftServerImpl.java:start(301)) - 8eedcce2-fa83-40f2-8f3f-8ae88d3f9c27@group-D0E897EC1444: start as a follower, conf=-1: [8eedcce2-fa83-40f2-8f3f-8ae88d3f9c27|rpc:10.1.0.37:39561|priority:0, c2004f48-6b55-488b-a4f3-a933c544d5d2|rpc:10.1.0.37:33985|priority:0, 51615485-058d-42af-9c65-c0e811a06a5e|rpc:10.1.0.37:46039|priority:1], old=null
2022-01-11 23:54:00,125 [pool-292-thread-1] INFO  server.RaftServer$Division (RaftServerImpl.java:setRole(290)) - 8eedcce2-fa83-40f2-8f3f-8ae88d3f9c27@group-D0E897EC1444: changes role from      null to FOLLOWER at term 0 for startAsFollower
2022-01-11 23:54:00,125 [pool-292-thread-1] INFO  impl.RoleInfo (RoleInfo.java:updateAndGet(130)) - 8eedcce2-fa83-40f2-8f3f-8ae88d3f9c27: start 8eedcce2-fa83-40f2-8f3f-8ae88d3f9c27@group-D0E897EC1444-FollowerState
2022-01-11 23:54:00,126 [pool-292-thread-1] INFO  util.JmxRegister (JmxRegister.java:tryRegister(44)) - Successfully registered JMX Bean with object name Ratis:service=RaftServer,group=group-D0E897EC1444,id=8eedcce2-fa83-40f2-8f3f-8ae88d3f9c27
2022-01-11 23:54:00,126 [Command processor thread] INFO  ratis.XceiverServerRatis (XceiverServerRatis.java:addGroup(768)) - Created group PipelineID=45053eb7-d090-43ed-ae9a-d0e897ec1444
2022-01-11 23:54:00,140 [grpc-default-executor-2] INFO  server.RaftServer (RaftServerProxy.java:addNew(95)) - c2004f48-6b55-488b-a4f3-a933c544d5d2: addNew group-D0E897EC1444:[8eedcce2-fa83-40f2-8f3f-8ae88d3f9c27|rpc:10.1.0.37:39561|dataStream:|priority:0, c2004f48-6b55-488b-a4f3-a933c544d5d2|rpc:10.1.0.37:33985|dataStream:|priority:0, 51615485-058d-42af-9c65-c0e811a06a5e|rpc:10.1.0.37:46039|dataStream:|priority:1] returns group-D0E897EC1444:java.util.concurrent.CompletableFuture@30ec0da6[Not completed]
2022-01-11 23:54:00,141 [pool-334-thread-1] INFO  server.RaftServer$Division (RaftServerImpl.java:<init>(184)) - c2004f48-6b55-488b-a4f3-a933c544d5d2: new RaftServerImpl for group-D0E897EC1444:[8eedcce2-fa83-40f2-8f3f-8ae88d3f9c27|rpc:10.1.0.37:39561|dataStream:|priority:0, c2004f48-6b55-488b-a4f3-a933c544d5d2|rpc:10.1.0.37:33985|dataStream:|priority:0, 51615485-058d-42af-9c65-c0e811a06a5e|rpc:10.1.0.37:46039|dataStream:|priority:1] with ContainerStateMachine:uninitialized
2022-01-11 23:54:00,142 [pool-334-thread-1] INFO  server.RaftServerConfigKeys (ConfUtils.java:logGet(44)) - raft.server.rpc.timeout.min = 5s (custom)
2022-01-11 23:54:00,142 [pool-334-thread-1] INFO  server.RaftServerConfigKeys (ConfUtils.java:logGet(44)) - raft.server.rpc.timeout.max = 5200ms (custom)
2022-01-11 23:54:00,142 [pool-334-thread-1] INFO  server.RaftServerConfigKeys (ConfUtils.java:logGet(44)) - raft.server.rpc.sleep.time = 25ms (default)
2022-01-11 23:54:00,142 [pool-334-thread-1] INFO  server.RaftServerConfigKeys (ConfUtils.java:logGet(44)) - raft.server.rpc.slowness.timeout = 300000ms (custom)
2022-01-11 23:54:00,142 [pool-334-thread-1] INFO  server.RaftServerConfigKeys (ConfUtils.java:logGet(44)) - raft.server.leaderelection.leader.step-down.wait-time = 10s (default)
2022-01-11 23:54:00,142 [pool-334-thread-1] INFO  server.RaftServerConfigKeys (ConfUtils.java:logGet(44)) - raft.server.sleep.deviation.threshold = 300ms (default)
2022-01-11 23:54:00,142 [pool-334-thread-1] INFO  server.RaftServerConfigKeys (ConfUtils.java:logGet(44)) - raft.server.log.appender.install.snapshot.enabled = false (custom)
2022-01-11 23:54:00,142 [pool-334-thread-1] INFO  server.RaftServer$Division (ServerState.java:<init>(105)) - c2004f48-6b55-488b-a4f3-a933c544d5d2@group-D0E897EC1444: ConfigurationManager, init=-1: [8eedcce2-fa83-40f2-8f3f-8ae88d3f9c27|rpc:10.1.0.37:39561|dataStream:|priority:0, c2004f48-6b55-488b-a4f3-a933c544d5d2|rpc:10.1.0.37:33985|dataStream:|priority:0, 51615485-058d-42af-9c65-c0e811a06a5e|rpc:10.1.0.37:46039|dataStream:|priority:1], old=null, confs=<EMPTY_MAP>
2022-01-11 23:54:00,142 [pool-334-thread-1] INFO  server.RaftServerConfigKeys (ConfUtils.java:logGet(44)) - raft.server.storage.dir = [/home/runner/work/ozone/ozone/hadoop-ozone/integration-test/target/test-dir/MiniOzoneClusterImpl-84b3519b-a2d3-47e7-8c84-34506f72c9f7/datanode-2/data/ratis] (custom)
2022-01-11 23:54:00,142 [pool-334-thread-1] INFO  server.RaftServerConfigKeys (ConfUtils.java:logGet(44)) - raft.server.log.corruption.policy = EXCEPTION (default)
2022-01-11 23:54:00,142 [pool-334-thread-1] INFO  server.RaftServerConfigKeys (ConfUtils.java:logGet(44)) - raft.server.storage.free-space.min = 0MB (=0) (default)
2022-01-11 23:54:00,142 [pool-334-thread-1] INFO  storage.RaftStorageDirectory (RaftStorageDirectoryImpl.java:analyzeStorage(135)) - The storage directory /home/runner/work/ozone/ozone/hadoop-ozone/integration-test/target/test-dir/MiniOzoneClusterImpl-84b3519b-a2d3-47e7-8c84-34506f72c9f7/datanode-2/data/ratis/45053eb7-d090-43ed-ae9a-d0e897ec1444 does not exist. Creating ...
2022-01-11 23:54:00,148 [pool-334-thread-1] INFO  storage.RaftStorageDirectory (RaftStorageDirectoryImpl.java:tryLock(230)) - Lock on /home/runner/work/ozone/ozone/hadoop-ozone/integration-test/target/test-dir/MiniOzoneClusterImpl-84b3519b-a2d3-47e7-8c84-34506f72c9f7/datanode-2/data/ratis/45053eb7-d090-43ed-ae9a-d0e897ec1444/in_use.lock acquired by nodename 350@fv-az59-280
2022-01-11 23:54:00,153 [pool-334-thread-1] INFO  storage.RaftStorage (RaftStorageImpl.java:format(89)) - Storage directory /home/runner/work/ozone/ozone/hadoop-ozone/integration-test/target/test-dir/MiniOzoneClusterImpl-84b3519b-a2d3-47e7-8c84-34506f72c9f7/datanode-2/data/ratis/45053eb7-d090-43ed-ae9a-d0e897ec1444 has been successfully formatted.
2022-01-11 23:54:00,153 [pool-334-thread-1] INFO  ratis.ContainerStateMachine (ContainerStateMachine.java:loadSnapshot(231)) - group-D0E897EC1444: The snapshot info is null. Setting the last applied indexto:(t:0, i:~)
2022-01-11 23:54:00,153 [pool-334-thread-1] INFO  server.RaftServerConfigKeys (ConfUtils.java:logGet(44)) - raft.server.notification.no-leader.timeout = 300000ms (custom)
2022-01-11 23:54:00,153 [pool-334-thread-1] INFO  server.RaftServerConfigKeys (ConfUtils.java:logGet(44)) - raft.server.log.use.memory = false (default)
2022-01-11 23:54:00,154 [pool-334-thread-1] INFO  server.RaftServerConfigKeys (ConfUtils.java:logGet(44)) - raft.server.log.purge.gap = 1000000 (custom)
2022-01-11 23:54:00,154 [pool-334-thread-1] INFO  server.RaftServerConfigKeys (ConfUtils.java:logGet(44)) - raft.server.log.appender.buffer.byte-limit = 33554432 (custom)
2022-01-11 23:54:00,154 [pool-334-thread-1] INFO  server.RaftServerConfigKeys (ConfUtils.java:logGet(44)) - raft.server.log.segment.size.max = 1048576 (custom)
2022-01-11 23:54:00,154 [pool-334-thread-1] INFO  server.RaftServerConfigKeys (ConfUtils.java:logGet(44)) - raft.server.log.segment.cache.num.max = 2 (custom)
2022-01-11 23:54:00,154 [pool-334-thread-1] INFO  server.RaftServerConfigKeys (ConfUtils.java:logGet(44)) - raft.server.log.segment.cache.size.max = 200MB (=209715200) (default)
2022-01-11 23:54:00,154 [pool-334-thread-1] INFO  segmented.SegmentedRaftLogWorker (SegmentedRaftLogWorker.java:<init>(182)) - new c2004f48-6b55-488b-a4f3-a933c544d5d2@group-D0E897EC1444-SegmentedRaftLogWorker for RaftStorageImpl:Storage Directory /home/runner/work/ozone/ozone/hadoop-ozone/integration-test/target/test-dir/MiniOzoneClusterImpl-84b3519b-a2d3-47e7-8c84-34506f72c9f7/datanode-2/data/ratis/45053eb7-d090-43ed-ae9a-d0e897ec1444
2022-01-11 23:54:00,154 [pool-334-thread-1] INFO  server.RaftServerConfigKeys (ConfUtils.java:logGet(44)) - raft.server.log.queue.byte-limit = 2147483647 (custom)
2022-01-11 23:54:00,154 [pool-334-thread-1] INFO  server.RaftServerConfigKeys (ConfUtils.java:logGet(44)) - raft.server.log.queue.element-limit = 1024 (custom)
2022-01-11 23:54:00,154 [pool-334-thread-1] INFO  server.RaftServerConfigKeys (ConfUtils.java:logGet(44)) - raft.server.log.segment.size.max = 1048576 (custom)
2022-01-11 23:54:00,154 [pool-334-thread-1] INFO  server.RaftServerConfigKeys (ConfUtils.java:logGet(44)) - raft.server.log.preallocated.size = 16384 (custom)
2022-01-11 23:54:00,155 [pool-334-thread-1] INFO  server.RaftServerConfigKeys (ConfUtils.java:logGet(44)) - raft.server.log.force.sync.num = 128 (default)
2022-01-11 23:54:00,155 [pool-334-thread-1] INFO  server.RaftServerConfigKeys (ConfUtils.java:logGet(44)) - raft.server.log.statemachine.data.sync = true (default)
2022-01-11 23:54:00,155 [pool-334-thread-1] INFO  server.RaftServerConfigKeys (ConfUtils.java:logGet(44)) - raft.server.log.statemachine.data.sync.timeout = 10s (default)
2022-01-11 23:54:00,155 [pool-334-thread-1] INFO  server.RaftServerConfigKeys (ConfUtils.java:logGet(44)) - raft.server.log.statemachine.data.sync.timeout.retry = -1 (default)
2022-01-11 23:54:00,155 [pool-334-thread-1] INFO  server.RaftServerConfigKeys (ConfUtils.java:logGet(44)) - raft.server.log.write.buffer.size = 1048576 (custom)
2022-01-11 23:54:00,156 [pool-334-thread-1] INFO  server.RaftServerConfigKeys (ConfUtils.java:logGet(44)) - raft.server.log.statemachine.data.caching.enabled = true (custom)
2022-01-11 23:54:00,156 [pool-334-thread-1] INFO  segmented.SegmentedRaftLogWorker (SegmentedRaftLogWorker.java:lambda$new$0(133)) - c2004f48-6b55-488b-a4f3-a933c544d5d2@group-D0E897EC1444-SegmentedRaftLogWorker: flushIndex: setUnconditionally 0 -> -1
2022-01-11 23:54:00,156 [pool-334-thread-1] INFO  segmented.SegmentedRaftLogWorker (SegmentedRaftLogWorker.java:lambda$new$0(133)) - c2004f48-6b55-488b-a4f3-a933c544d5d2@group-D0E897EC1444-SegmentedRaftLogWorker: safeCacheEvictIndex: setUnconditionally 0 -> -1
2022-01-11 23:54:00,165 [pool-334-thread-1] INFO  server.RaftServerConfigKeys (ConfUtils.java:logGet(44)) - raft.server.snapshot.auto.trigger.enabled = true (custom)
2022-01-11 23:54:00,165 [pool-334-thread-1] INFO  server.RaftServerConfigKeys (ConfUtils.java:logGet(44)) - raft.server.snapshot.auto.trigger.threshold = 10000 (custom)
2022-01-11 23:54:00,165 [pool-334-thread-1] INFO  server.RaftServerConfigKeys (ConfUtils.java:logGet(44)) - raft.server.snapshot.retention.file.num = 5 (custom)
2022-01-11 23:54:00,165 [pool-334-thread-1] INFO  server.RaftServerConfigKeys (ConfUtils.java:logGet(44)) - raft.server.log.purge.upto.snapshot.index = false (default)
2022-01-11 23:54:00,165 [pool-334-thread-1] INFO  server.RaftServerConfigKeys (ConfUtils.java:logGet(44)) - raft.server.retrycache.expirytime = 600000ms (custom)
2022-01-11 23:54:00,165 [pool-334-thread-1] INFO  server.RaftServerConfigKeys (ConfUtils.java:logGet(44)) - raft.server.retrycache.statistics.expirytime = 100μs (default)
2022-01-11 23:54:00,166 [pool-334-thread-1] INFO  server.RaftServer$Division (RaftServerImpl.java:start(301)) - c2004f48-6b55-488b-a4f3-a933c544d5d2@group-D0E897EC1444: start as a follower, conf=-1: [8eedcce2-fa83-40f2-8f3f-8ae88d3f9c27|rpc:10.1.0.37:39561|dataStream:|priority:0, c2004f48-6b55-488b-a4f3-a933c544d5d2|rpc:10.1.0.37:33985|dataStream:|priority:0, 51615485-058d-42af-9c65-c0e811a06a5e|rpc:10.1.0.37:46039|dataStream:|priority:1], old=null
2022-01-11 23:54:00,166 [pool-334-thread-1] INFO  server.RaftServer$Division (RaftServerImpl.java:setRole(290)) - c2004f48-6b55-488b-a4f3-a933c544d5d2@group-D0E897EC1444: changes role from      null to FOLLOWER at term 0 for startAsFollower
2022-01-11 23:54:00,166 [pool-334-thread-1] INFO  impl.RoleInfo (RoleInfo.java:updateAndGet(130)) - c2004f48-6b55-488b-a4f3-a933c544d5d2: start c2004f48-6b55-488b-a4f3-a933c544d5d2@group-D0E897EC1444-FollowerState
2022-01-11 23:54:00,167 [pool-334-thread-1] INFO  util.JmxRegister (JmxRegister.java:tryRegister(44)) - Successfully registered JMX Bean with object name Ratis:service=RaftServer,group=group-D0E897EC1444,id=c2004f48-6b55-488b-a4f3-a933c544d5d2
2022-01-11 23:54:00,183 [Command processor thread] INFO  server.RaftServer (RaftServerProxy.java:addNew(95)) - 51615485-058d-42af-9c65-c0e811a06a5e: addNew group-F0ED29085A06:[51615485-058d-42af-9c65-c0e811a06a5e|rpc:10.1.0.37:46039|priority:1] returns group-F0ED29085A06:java.util.concurrent.CompletableFuture@4941d57a[Not completed]
2022-01-11 23:54:00,184 [pool-313-thread-1] INFO  server.RaftServer$Division (RaftServerImpl.java:<init>(184)) - 51615485-058d-42af-9c65-c0e811a06a5e: new RaftServerImpl for group-F0ED29085A06:[51615485-058d-42af-9c65-c0e811a06a5e|rpc:10.1.0.37:46039|priority:1] with ContainerStateMachine:uninitialized
2022-01-11 23:54:00,184 [pool-313-thread-1] INFO  server.RaftServerConfigKeys (ConfUtils.java:logGet(44)) - raft.server.rpc.timeout.min = 5s (custom)
2022-01-11 23:54:00,184 [pool-313-thread-1] INFO  server.RaftServerConfigKeys (ConfUtils.java:logGet(44)) - raft.server.rpc.timeout.max = 5200ms (custom)
2022-01-11 23:54:00,184 [pool-313-thread-1] INFO  server.RaftServerConfigKeys (ConfUtils.java:logGet(44)) - raft.server.rpc.sleep.time = 25ms (default)
2022-01-11 23:54:00,184 [pool-313-thread-1] INFO  server.RaftServerConfigKeys (ConfUtils.java:logGet(44)) - raft.server.rpc.slowness.timeout = 300000ms (custom)
2022-01-11 23:54:00,184 [pool-313-thread-1] INFO  server.RaftServerConfigKeys (ConfUtils.java:logGet(44)) - raft.server.leaderelection.leader.step-down.wait-time = 10s (default)
2022-01-11 23:54:00,184 [pool-313-thread-1] INFO  server.RaftServerConfigKeys (ConfUtils.java:logGet(44)) - raft.server.sleep.deviation.threshold = 300ms (default)
2022-01-11 23:54:00,184 [pool-313-thread-1] INFO  server.RaftServerConfigKeys (ConfUtils.java:logGet(44)) - raft.server.log.appender.install.snapshot.enabled = false (custom)
2022-01-11 23:54:00,184 [pool-313-thread-1] INFO  server.RaftServer$Division (ServerState.java:<init>(105)) - 51615485-058d-42af-9c65-c0e811a06a5e@group-F0ED29085A06: ConfigurationManager, init=-1: [51615485-058d-42af-9c65-c0e811a06a5e|rpc:10.1.0.37:46039|priority:1], old=null, confs=<EMPTY_MAP>
2022-01-11 23:54:00,184 [pool-313-thread-1] INFO  server.RaftServerConfigKeys (ConfUtils.java:logGet(44)) - raft.server.storage.dir = [/home/runner/work/ozone/ozone/hadoop-ozone/integration-test/target/test-dir/MiniOzoneClusterImpl-84b3519b-a2d3-47e7-8c84-34506f72c9f7/datanode-1/data/ratis] (custom)
2022-01-11 23:54:00,184 [pool-313-thread-1] INFO  server.RaftServerConfigKeys (ConfUtils.java:logGet(44)) - raft.server.log.corruption.policy = EXCEPTION (default)
2022-01-11 23:54:00,184 [pool-313-thread-1] INFO  server.RaftServerConfigKeys (ConfUtils.java:logGet(44)) - raft.server.storage.free-space.min = 0MB (=0) (default)
2022-01-11 23:54:00,185 [pool-313-thread-1] INFO  storage.RaftStorageDirectory (RaftStorageDirectoryImpl.java:analyzeStorage(135)) - The storage directory /home/runner/work/ozone/ozone/hadoop-ozone/integration-test/target/test-dir/MiniOzoneClusterImpl-84b3519b-a2d3-47e7-8c84-34506f72c9f7/datanode-1/data/ratis/27cfee9d-5d3d-4551-a813-f0ed29085a06 does not exist. Creating ...
2022-01-11 23:54:00,208 [pool-313-thread-1] INFO  storage.RaftStorageDirectory (RaftStorageDirectoryImpl.java:tryLock(230)) - Lock on /home/runner/work/ozone/ozone/hadoop-ozone/integration-test/target/test-dir/MiniOzoneClusterImpl-84b3519b-a2d3-47e7-8c84-34506f72c9f7/datanode-1/data/ratis/27cfee9d-5d3d-4551-a813-f0ed29085a06/in_use.lock acquired by nodename 350@fv-az59-280
2022-01-11 23:54:00,229 [pool-313-thread-1] INFO  storage.RaftStorage (RaftStorageImpl.java:format(89)) - Storage directory /home/runner/work/ozone/ozone/hadoop-ozone/integration-test/target/test-dir/MiniOzoneClusterImpl-84b3519b-a2d3-47e7-8c84-34506f72c9f7/datanode-1/data/ratis/27cfee9d-5d3d-4551-a813-f0ed29085a06 has been successfully formatted.
2022-01-11 23:54:00,229 [pool-313-thread-1] INFO  ratis.ContainerStateMachine (ContainerStateMachine.java:loadSnapshot(231)) - group-F0ED29085A06: The snapshot info is null. Setting the last applied indexto:(t:0, i:~)
2022-01-11 23:54:00,229 [pool-313-thread-1] INFO  server.RaftServerConfigKeys (ConfUtils.java:logGet(44)) - raft.server.notification.no-leader.timeout = 300000ms (custom)
2022-01-11 23:54:00,229 [pool-313-thread-1] INFO  server.RaftServerConfigKeys (ConfUtils.java:logGet(44)) - raft.server.log.use.memory = false (default)
2022-01-11 23:54:00,229 [pool-313-thread-1] INFO  server.RaftServerConfigKeys (ConfUtils.java:logGet(44)) - raft.server.log.purge.gap = 1000000 (custom)
2022-01-11 23:54:00,229 [pool-313-thread-1] INFO  server.RaftServerConfigKeys (ConfUtils.java:logGet(44)) - raft.server.log.appender.buffer.byte-limit = 33554432 (custom)
2022-01-11 23:54:00,230 [pool-313-thread-1] INFO  server.RaftServerConfigKeys (ConfUtils.java:logGet(44)) - raft.server.log.segment.size.max = 1048576 (custom)
2022-01-11 23:54:00,230 [pool-313-thread-1] INFO  server.RaftServerConfigKeys (ConfUtils.java:logGet(44)) - raft.server.log.segment.cache.num.max = 2 (custom)
2022-01-11 23:54:00,230 [pool-313-thread-1] INFO  server.RaftServerConfigKeys (ConfUtils.java:logGet(44)) - raft.server.log.segment.cache.size.max = 200MB (=209715200) (default)
2022-01-11 23:54:00,230 [pool-313-thread-1] INFO  segmented.SegmentedRaftLogWorker (SegmentedRaftLogWorker.java:<init>(182)) - new 51615485-058d-42af-9c65-c0e811a06a5e@group-F0ED29085A06-SegmentedRaftLogWorker for RaftStorageImpl:Storage Directory /home/runner/work/ozone/ozone/hadoop-ozone/integration-test/target/test-dir/MiniOzoneClusterImpl-84b3519b-a2d3-47e7-8c84-34506f72c9f7/datanode-1/data/ratis/27cfee9d-5d3d-4551-a813-f0ed29085a06
2022-01-11 23:54:00,230 [pool-313-thread-1] INFO  server.RaftServerConfigKeys (ConfUtils.java:logGet(44)) - raft.server.log.queue.byte-limit = 2147483647 (custom)
2022-01-11 23:54:00,230 [pool-313-thread-1] INFO  server.RaftServerConfigKeys (ConfUtils.java:logGet(44)) - raft.server.log.queue.element-limit = 1024 (custom)
2022-01-11 23:54:00,230 [pool-313-thread-1] INFO  server.RaftServerConfigKeys (ConfUtils.java:logGet(44)) - raft.server.log.segment.size.max = 1048576 (custom)
2022-01-11 23:54:00,230 [pool-313-thread-1] INFO  server.RaftServerConfigKeys (ConfUtils.java:logGet(44)) - raft.server.log.preallocated.size = 16384 (custom)
2022-01-11 23:54:00,230 [pool-313-thread-1] INFO  server.RaftServerConfigKeys (ConfUtils.java:logGet(44)) - raft.server.log.force.sync.num = 128 (default)
2022-01-11 23:54:00,230 [pool-313-thread-1] INFO  server.RaftServerConfigKeys (ConfUtils.java:logGet(44)) - raft.server.log.statemachine.data.sync = true (default)
2022-01-11 23:54:00,230 [pool-313-thread-1] INFO  server.RaftServerConfigKeys (ConfUtils.java:logGet(44)) - raft.server.log.statemachine.data.sync.timeout = 10s (default)
2022-01-11 23:54:00,230 [pool-313-thread-1] INFO  server.RaftServerConfigKeys (ConfUtils.java:logGet(44)) - raft.server.log.statemachine.data.sync.timeout.retry = -1 (default)
2022-01-11 23:54:00,231 [pool-313-thread-1] INFO  server.RaftServerConfigKeys (ConfUtils.java:logGet(44)) - raft.server.log.write.buffer.size = 1048576 (custom)
2022-01-11 23:54:00,232 [pool-313-thread-1] INFO  server.RaftServerConfigKeys (ConfUtils.java:logGet(44)) - raft.server.log.statemachine.data.caching.enabled = true (custom)
2022-01-11 23:54:00,232 [pool-313-thread-1] INFO  segmented.SegmentedRaftLogWorker (SegmentedRaftLogWorker.java:lambda$new$0(133)) - 51615485-058d-42af-9c65-c0e811a06a5e@group-F0ED29085A06-SegmentedRaftLogWorker: flushIndex: setUnconditionally 0 -> -1
2022-01-11 23:54:00,232 [pool-313-thread-1] INFO  segmented.SegmentedRaftLogWorker (SegmentedRaftLogWorker.java:lambda$new$0(133)) - 51615485-058d-42af-9c65-c0e811a06a5e@group-F0ED29085A06-SegmentedRaftLogWorker: safeCacheEvictIndex: setUnconditionally 0 -> -1
2022-01-11 23:54:00,235 [EventQueue-PipelineReportForPipelineReportHandler] INFO  pipeline.PipelineManagerImpl (PipelineManagerImpl.java:openPipeline(291)) - Pipeline Pipeline[ Id: 27cfee9d-5d3d-4551-a813-f0ed29085a06, Nodes: 51615485-058d-42af-9c65-c0e811a06a5e{ip: 10.1.0.37, host: fv-az59-280.csjynl4pkq3e1pkirw3ssqjfoh.cx.internal.cloudapp.net, ports: [REPLICATION=39021, RATIS=46039, RATIS_ADMIN=46039, RATIS_SERVER=46039, STANDALONE=40703], networkLocation: /default-rack, certSerialId: null, persistedOpState: IN_SERVICE, persistedOpStateExpiryEpochSec: 0}, ReplicationConfig: RATIS/ONE, State:ALLOCATED, leaderId:51615485-058d-42af-9c65-c0e811a06a5e, CreationTimestamp2022-01-11T23:53:57.191Z[Etc/UTC]] moved to OPEN state
2022-01-11 23:54:00,235 [EventQueue-OpenPipelineForHealthyPipelineSafeModeRule] INFO  safemode.SCMSafeModeManager (HealthyPipelineSafeModeRule.java:process(124)) - SCM in safe mode. Healthy pipelines reported count is 0, required healthy pipeline reported count is 1
2022-01-11 23:54:00,242 [pool-313-thread-1] INFO  server.RaftServerConfigKeys (ConfUtils.java:logGet(44)) - raft.server.snapshot.auto.trigger.enabled = true (custom)
2022-01-11 23:54:00,242 [pool-313-thread-1] INFO  server.RaftServerConfigKeys (ConfUtils.java:logGet(44)) - raft.server.snapshot.auto.trigger.threshold = 10000 (custom)
2022-01-11 23:54:00,242 [pool-313-thread-1] INFO  server.RaftServerConfigKeys (ConfUtils.java:logGet(44)) - raft.server.snapshot.retention.file.num = 5 (custom)
2022-01-11 23:54:00,242 [pool-313-thread-1] INFO  server.RaftServerConfigKeys (ConfUtils.java:logGet(44)) - raft.server.log.purge.upto.snapshot.index = false (default)
2022-01-11 23:54:00,242 [pool-313-thread-1] INFO  server.RaftServerConfigKeys (ConfUtils.java:logGet(44)) - raft.server.retrycache.expirytime = 600000ms (custom)
2022-01-11 23:54:00,242 [pool-313-thread-1] INFO  server.RaftServerConfigKeys (ConfUtils.java:logGet(44)) - raft.server.retrycache.statistics.expirytime = 100μs (default)
2022-01-11 23:54:00,243 [pool-313-thread-1] INFO  server.RaftServer$Division (RaftServerImpl.java:start(301)) - 51615485-058d-42af-9c65-c0e811a06a5e@group-F0ED29085A06: start as a follower, conf=-1: [51615485-058d-42af-9c65-c0e811a06a5e|rpc:10.1.0.37:46039|priority:1], old=null
2022-01-11 23:54:00,243 [pool-313-thread-1] INFO  server.RaftServer$Division (RaftServerImpl.java:setRole(290)) - 51615485-058d-42af-9c65-c0e811a06a5e@group-F0ED29085A06: changes role from      null to FOLLOWER at term 0 for startAsFollower
2022-01-11 23:54:00,243 [pool-313-thread-1] INFO  impl.RoleInfo (RoleInfo.java:updateAndGet(130)) - 51615485-058d-42af-9c65-c0e811a06a5e: start 51615485-058d-42af-9c65-c0e811a06a5e@group-F0ED29085A06-FollowerState
2022-01-11 23:54:00,250 [grpc-default-executor-2] INFO  server.RaftServer (RaftServerProxy.java:addNew(95)) - 51615485-058d-42af-9c65-c0e811a06a5e: addNew group-D0E897EC1444:[8eedcce2-fa83-40f2-8f3f-8ae88d3f9c27|rpc:10.1.0.37:39561|dataStream:|priority:0, c2004f48-6b55-488b-a4f3-a933c544d5d2|rpc:10.1.0.37:33985|dataStream:|priority:0, 51615485-058d-42af-9c65-c0e811a06a5e|rpc:10.1.0.37:46039|dataStream:|priority:1] returns group-D0E897EC1444:java.util.concurrent.CompletableFuture@70671dfd[Not completed]
2022-01-11 23:54:00,257 [pool-313-thread-1] INFO  util.JmxRegister (JmxRegister.java:tryRegister(44)) - Successfully registered JMX Bean with object name Ratis:service=RaftServer,group=group-F0ED29085A06,id=51615485-058d-42af-9c65-c0e811a06a5e
2022-01-11 23:54:00,259 [pool-313-thread-1] INFO  server.RaftServer$Division (RaftServerImpl.java:<init>(184)) - 51615485-058d-42af-9c65-c0e811a06a5e: new RaftServerImpl for group-D0E897EC1444:[8eedcce2-fa83-40f2-8f3f-8ae88d3f9c27|rpc:10.1.0.37:39561|dataStream:|priority:0, c2004f48-6b55-488b-a4f3-a933c544d5d2|rpc:10.1.0.37:33985|dataStream:|priority:0, 51615485-058d-42af-9c65-c0e811a06a5e|rpc:10.1.0.37:46039|dataStream:|priority:1] with ContainerStateMachine:uninitialized
2022-01-11 23:54:00,259 [pool-313-thread-1] INFO  server.RaftServerConfigKeys (ConfUtils.java:logGet(44)) - raft.server.rpc.timeout.min = 5s (custom)
2022-01-11 23:54:00,259 [pool-313-thread-1] INFO  server.RaftServerConfigKeys (ConfUtils.java:logGet(44)) - raft.server.rpc.timeout.max = 5200ms (custom)
2022-01-11 23:54:00,259 [pool-313-thread-1] INFO  server.RaftServerConfigKeys (ConfUtils.java:logGet(44)) - raft.server.rpc.sleep.time = 25ms (default)
2022-01-11 23:54:00,259 [pool-313-thread-1] INFO  server.RaftServerConfigKeys (ConfUtils.java:logGet(44)) - raft.server.rpc.slowness.timeout = 300000ms (custom)
2022-01-11 23:54:00,259 [pool-313-thread-1] INFO  server.RaftServerConfigKeys (ConfUtils.java:logGet(44)) - raft.server.leaderelection.leader.step-down.wait-time = 10s (default)
2022-01-11 23:54:00,259 [pool-313-thread-1] INFO  server.RaftServerConfigKeys (ConfUtils.java:logGet(44)) - raft.server.sleep.deviation.threshold = 300ms (default)
2022-01-11 23:54:00,259 [pool-313-thread-1] INFO  server.RaftServerConfigKeys (ConfUtils.java:logGet(44)) - raft.server.log.appender.install.snapshot.enabled = false (custom)
2022-01-11 23:54:00,259 [pool-313-thread-1] INFO  server.RaftServer$Division (ServerState.java:<init>(105)) - 51615485-058d-42af-9c65-c0e811a06a5e@group-D0E897EC1444: ConfigurationManager, init=-1: [8eedcce2-fa83-40f2-8f3f-8ae88d3f9c27|rpc:10.1.0.37:39561|dataStream:|priority:0, c2004f48-6b55-488b-a4f3-a933c544d5d2|rpc:10.1.0.37:33985|dataStream:|priority:0, 51615485-058d-42af-9c65-c0e811a06a5e|rpc:10.1.0.37:46039|dataStream:|priority:1], old=null, confs=<EMPTY_MAP>
2022-01-11 23:54:00,259 [pool-313-thread-1] INFO  server.RaftServerConfigKeys (ConfUtils.java:logGet(44)) - raft.server.storage.dir = [/home/runner/work/ozone/ozone/hadoop-ozone/integration-test/target/test-dir/MiniOzoneClusterImpl-84b3519b-a2d3-47e7-8c84-34506f72c9f7/datanode-1/data/ratis] (custom)
2022-01-11 23:54:00,259 [pool-313-thread-1] INFO  server.RaftServerConfigKeys (ConfUtils.java:logGet(44)) - raft.server.log.corruption.policy = EXCEPTION (default)
2022-01-11 23:54:00,259 [pool-313-thread-1] INFO  server.RaftServerConfigKeys (ConfUtils.java:logGet(44)) - raft.server.storage.free-space.min = 0MB (=0) (default)
2022-01-11 23:54:00,259 [pool-313-thread-1] INFO  storage.RaftStorageDirectory (RaftStorageDirectoryImpl.java:analyzeStorage(135)) - The storage directory /home/runner/work/ozone/ozone/hadoop-ozone/integration-test/target/test-dir/MiniOzoneClusterImpl-84b3519b-a2d3-47e7-8c84-34506f72c9f7/datanode-1/data/ratis/45053eb7-d090-43ed-ae9a-d0e897ec1444 does not exist. Creating ...
2022-01-11 23:54:00,260 [Command processor thread] INFO  ratis.XceiverServerRatis (XceiverServerRatis.java:addGroup(768)) - Created group PipelineID=27cfee9d-5d3d-4551-a813-f0ed29085a06
2022-01-11 23:54:00,260 [Command processor thread] INFO  commandhandler.CreatePipelineCommandHandler (CreatePipelineCommandHandler.java:handle(106)) - Created Pipeline RATIS ONE PipelineID=27cfee9d-5d3d-4551-a813-f0ed29085a06.
2022-01-11 23:54:00,265 [pool-313-thread-1] INFO  storage.RaftStorageDirectory (RaftStorageDirectoryImpl.java:tryLock(230)) - Lock on /home/runner/work/ozone/ozone/hadoop-ozone/integration-test/target/test-dir/MiniOzoneClusterImpl-84b3519b-a2d3-47e7-8c84-34506f72c9f7/datanode-1/data/ratis/45053eb7-d090-43ed-ae9a-d0e897ec1444/in_use.lock acquired by nodename 350@fv-az59-280
2022-01-11 23:54:00,267 [pool-313-thread-1] INFO  storage.RaftStorage (RaftStorageImpl.java:format(89)) - Storage directory /home/runner/work/ozone/ozone/hadoop-ozone/integration-test/target/test-dir/MiniOzoneClusterImpl-84b3519b-a2d3-47e7-8c84-34506f72c9f7/datanode-1/data/ratis/45053eb7-d090-43ed-ae9a-d0e897ec1444 has been successfully formatted.
2022-01-11 23:54:00,268 [pool-313-thread-1] INFO  ratis.ContainerStateMachine (ContainerStateMachine.java:loadSnapshot(231)) - group-D0E897EC1444: The snapshot info is null. Setting the last applied indexto:(t:0, i:~)
2022-01-11 23:54:00,268 [pool-313-thread-1] INFO  server.RaftServerConfigKeys (ConfUtils.java:logGet(44)) - raft.server.notification.no-leader.timeout = 300000ms (custom)
2022-01-11 23:54:00,268 [pool-313-thread-1] INFO  server.RaftServerConfigKeys (ConfUtils.java:logGet(44)) - raft.server.log.use.memory = false (default)
2022-01-11 23:54:00,268 [pool-313-thread-1] INFO  server.RaftServerConfigKeys (ConfUtils.java:logGet(44)) - raft.server.log.purge.gap = 1000000 (custom)
2022-01-11 23:54:00,268 [pool-313-thread-1] INFO  server.RaftServerConfigKeys (ConfUtils.java:logGet(44)) - raft.server.log.appender.buffer.byte-limit = 33554432 (custom)
2022-01-11 23:54:00,268 [pool-313-thread-1] INFO  server.RaftServerConfigKeys (ConfUtils.java:logGet(44)) - raft.server.log.segment.size.max = 1048576 (custom)
2022-01-11 23:54:00,269 [pool-313-thread-1] INFO  server.RaftServerConfigKeys (ConfUtils.java:logGet(44)) - raft.server.log.segment.cache.num.max = 2 (custom)
2022-01-11 23:54:00,269 [pool-313-thread-1] INFO  server.RaftServerConfigKeys (ConfUtils.java:logGet(44)) - raft.server.log.segment.cache.size.max = 200MB (=209715200) (default)
2022-01-11 23:54:00,269 [pool-313-thread-1] INFO  segmented.SegmentedRaftLogWorker (SegmentedRaftLogWorker.java:<init>(182)) - new 51615485-058d-42af-9c65-c0e811a06a5e@group-D0E897EC1444-SegmentedRaftLogWorker for RaftStorageImpl:Storage Directory /home/runner/work/ozone/ozone/hadoop-ozone/integration-test/target/test-dir/MiniOzoneClusterImpl-84b3519b-a2d3-47e7-8c84-34506f72c9f7/datanode-1/data/ratis/45053eb7-d090-43ed-ae9a-d0e897ec1444
2022-01-11 23:54:00,269 [pool-313-thread-1] INFO  server.RaftServerConfigKeys (ConfUtils.java:logGet(44)) - raft.server.log.queue.byte-limit = 2147483647 (custom)
2022-01-11 23:54:00,269 [pool-313-thread-1] INFO  server.RaftServerConfigKeys (ConfUtils.java:logGet(44)) - raft.server.log.queue.element-limit = 1024 (custom)
2022-01-11 23:54:00,269 [pool-313-thread-1] INFO  server.RaftServerConfigKeys (ConfUtils.java:logGet(44)) - raft.server.log.segment.size.max = 1048576 (custom)
2022-01-11 23:54:00,269 [pool-313-thread-1] INFO  server.RaftServerConfigKeys (ConfUtils.java:logGet(44)) - raft.server.log.preallocated.size = 16384 (custom)
2022-01-11 23:54:00,269 [pool-313-thread-1] INFO  server.RaftServerConfigKeys (ConfUtils.java:logGet(44)) - raft.server.log.force.sync.num = 128 (default)
2022-01-11 23:54:00,270 [pool-313-thread-1] INFO  server.RaftServerConfigKeys (ConfUtils.java:logGet(44)) - raft.server.log.statemachine.data.sync = true (default)
2022-01-11 23:54:00,270 [pool-313-thread-1] INFO  server.RaftServerConfigKeys (ConfUtils.java:logGet(44)) - raft.server.log.statemachine.data.sync.timeout = 10s (default)
2022-01-11 23:54:00,270 [EventQueue-OpenPipelineForHealthyPipelineSafeModeRule] INFO  safemode.SCMSafeModeManager (HealthyPipelineSafeModeRule.java:process(124)) - SCM in safe mode. Healthy pipelines reported count is 0, required healthy pipeline reported count is 1
2022-01-11 23:54:00,270 [pool-313-thread-1] INFO  server.RaftServerConfigKeys (ConfUtils.java:logGet(44)) - raft.server.log.statemachine.data.sync.timeout.retry = -1 (default)
2022-01-11 23:54:00,274 [pool-313-thread-1] INFO  server.RaftServerConfigKeys (ConfUtils.java:logGet(44)) - raft.server.log.write.buffer.size = 1048576 (custom)
2022-01-11 23:54:00,274 [pool-313-thread-1] INFO  server.RaftServerConfigKeys (ConfUtils.java:logGet(44)) - raft.server.log.statemachine.data.caching.enabled = true (custom)
2022-01-11 23:54:00,275 [pool-313-thread-1] INFO  segmented.SegmentedRaftLogWorker (SegmentedRaftLogWorker.java:lambda$new$0(133)) - 51615485-058d-42af-9c65-c0e811a06a5e@group-D0E897EC1444-SegmentedRaftLogWorker: flushIndex: setUnconditionally 0 -> -1
2022-01-11 23:54:00,275 [pool-313-thread-1] INFO  segmented.SegmentedRaftLogWorker (SegmentedRaftLogWorker.java:lambda$new$0(133)) - 51615485-058d-42af-9c65-c0e811a06a5e@group-D0E897EC1444-SegmentedRaftLogWorker: safeCacheEvictIndex: setUnconditionally 0 -> -1
2022-01-11 23:54:00,291 [pool-313-thread-1] INFO  server.RaftServerConfigKeys (ConfUtils.java:logGet(44)) - raft.server.snapshot.auto.trigger.enabled = true (custom)
2022-01-11 23:54:00,291 [pool-313-thread-1] INFO  server.RaftServerConfigKeys (ConfUtils.java:logGet(44)) - raft.server.snapshot.auto.trigger.threshold = 10000 (custom)
2022-01-11 23:54:00,291 [pool-313-thread-1] INFO  server.RaftServerConfigKeys (ConfUtils.java:logGet(44)) - raft.server.snapshot.retention.file.num = 5 (custom)
2022-01-11 23:54:00,291 [pool-313-thread-1] INFO  server.RaftServerConfigKeys (ConfUtils.java:logGet(44)) - raft.server.log.purge.upto.snapshot.index = false (default)
2022-01-11 23:54:00,291 [pool-313-thread-1] INFO  server.RaftServerConfigKeys (ConfUtils.java:logGet(44)) - raft.server.retrycache.expirytime = 600000ms (custom)
2022-01-11 23:54:00,291 [pool-313-thread-1] INFO  server.RaftServerConfigKeys (ConfUtils.java:logGet(44)) - raft.server.retrycache.statistics.expirytime = 100μs (default)
2022-01-11 23:54:00,292 [pool-313-thread-1] INFO  server.RaftServer$Division (RaftServerImpl.java:start(301)) - 51615485-058d-42af-9c65-c0e811a06a5e@group-D0E897EC1444: start as a follower, conf=-1: [8eedcce2-fa83-40f2-8f3f-8ae88d3f9c27|rpc:10.1.0.37:39561|dataStream:|priority:0, c2004f48-6b55-488b-a4f3-a933c544d5d2|rpc:10.1.0.37:33985|dataStream:|priority:0, 51615485-058d-42af-9c65-c0e811a06a5e|rpc:10.1.0.37:46039|dataStream:|priority:1], old=null
2022-01-11 23:54:00,292 [pool-313-thread-1] INFO  server.RaftServer$Division (RaftServerImpl.java:setRole(290)) - 51615485-058d-42af-9c65-c0e811a06a5e@group-D0E897EC1444: changes role from      null to FOLLOWER at term 0 for startAsFollower
2022-01-11 23:54:00,292 [pool-313-thread-1] INFO  impl.RoleInfo (RoleInfo.java:updateAndGet(130)) - 51615485-058d-42af-9c65-c0e811a06a5e: start 51615485-058d-42af-9c65-c0e811a06a5e@group-D0E897EC1444-FollowerState
2022-01-11 23:54:00,300 [pool-313-thread-1] INFO  util.JmxRegister (JmxRegister.java:tryRegister(44)) - Successfully registered JMX Bean with object name Ratis:service=RaftServer,group=group-D0E897EC1444,id=51615485-058d-42af-9c65-c0e811a06a5e
2022-01-11 23:54:00,335 [Command processor thread] INFO  commandhandler.CreatePipelineCommandHandler (CreatePipelineCommandHandler.java:handle(106)) - Created Pipeline RATIS THREE PipelineID=45053eb7-d090-43ed-ae9a-d0e897ec1444.
2022-01-11 23:54:00,675 [Command processor thread] INFO  server.RaftServer (RaftServerProxy.java:addNew(95)) - c2004f48-6b55-488b-a4f3-a933c544d5d2: addNew group-1F4CD4C22526:[c2004f48-6b55-488b-a4f3-a933c544d5d2|rpc:10.1.0.37:33985|priority:1] returns group-1F4CD4C22526:java.util.concurrent.CompletableFuture@7c004263[Not completed]
2022-01-11 23:54:00,676 [pool-334-thread-1] INFO  server.RaftServer$Division (RaftServerImpl.java:<init>(184)) - c2004f48-6b55-488b-a4f3-a933c544d5d2: new RaftServerImpl for group-1F4CD4C22526:[c2004f48-6b55-488b-a4f3-a933c544d5d2|rpc:10.1.0.37:33985|priority:1] with ContainerStateMachine:uninitialized
2022-01-11 23:54:00,676 [pool-334-thread-1] INFO  server.RaftServerConfigKeys (ConfUtils.java:logGet(44)) - raft.server.rpc.timeout.min = 5s (custom)
2022-01-11 23:54:00,676 [pool-334-thread-1] INFO  server.RaftServerConfigKeys (ConfUtils.java:logGet(44)) - raft.server.rpc.timeout.max = 5200ms (custom)
2022-01-11 23:54:00,676 [pool-334-thread-1] INFO  server.RaftServerConfigKeys (ConfUtils.java:logGet(44)) - raft.server.rpc.sleep.time = 25ms (default)
2022-01-11 23:54:00,676 [pool-334-thread-1] INFO  server.RaftServerConfigKeys (ConfUtils.java:logGet(44)) - raft.server.rpc.slowness.timeout = 300000ms (custom)
2022-01-11 23:54:00,676 [pool-334-thread-1] INFO  server.RaftServerConfigKeys (ConfUtils.java:logGet(44)) - raft.server.leaderelection.leader.step-down.wait-time = 10s (default)
2022-01-11 23:54:00,676 [pool-334-thread-1] INFO  server.RaftServerConfigKeys (ConfUtils.java:logGet(44)) - raft.server.sleep.deviation.threshold = 300ms (default)
2022-01-11 23:54:00,676 [pool-334-thread-1] INFO  server.RaftServerConfigKeys (ConfUtils.java:logGet(44)) - raft.server.log.appender.install.snapshot.enabled = false (custom)
2022-01-11 23:54:00,676 [pool-334-thread-1] INFO  server.RaftServer$Division (ServerState.java:<init>(105)) - c2004f48-6b55-488b-a4f3-a933c544d5d2@group-1F4CD4C22526: ConfigurationManager, init=-1: [c2004f48-6b55-488b-a4f3-a933c544d5d2|rpc:10.1.0.37:33985|priority:1], old=null, confs=<EMPTY_MAP>
2022-01-11 23:54:00,676 [pool-334-thread-1] INFO  server.RaftServerConfigKeys (ConfUtils.java:logGet(44)) - raft.server.storage.dir = [/home/runner/work/ozone/ozone/hadoop-ozone/integration-test/target/test-dir/MiniOzoneClusterImpl-84b3519b-a2d3-47e7-8c84-34506f72c9f7/datanode-2/data/ratis] (custom)
2022-01-11 23:54:00,676 [pool-334-thread-1] INFO  server.RaftServerConfigKeys (ConfUtils.java:logGet(44)) - raft.server.log.corruption.policy = EXCEPTION (default)
2022-01-11 23:54:00,677 [pool-334-thread-1] INFO  server.RaftServerConfigKeys (ConfUtils.java:logGet(44)) - raft.server.storage.free-space.min = 0MB (=0) (default)
2022-01-11 23:54:00,677 [pool-334-thread-1] INFO  storage.RaftStorageDirectory (RaftStorageDirectoryImpl.java:analyzeStorage(135)) - The storage directory /home/runner/work/ozone/ozone/hadoop-ozone/integration-test/target/test-dir/MiniOzoneClusterImpl-84b3519b-a2d3-47e7-8c84-34506f72c9f7/datanode-2/data/ratis/a7285e4a-4b3e-44a1-a5f9-1f4cd4c22526 does not exist. Creating ...
2022-01-11 23:54:00,679 [pool-334-thread-1] INFO  storage.RaftStorageDirectory (RaftStorageDirectoryImpl.java:tryLock(230)) - Lock on /home/runner/work/ozone/ozone/hadoop-ozone/integration-test/target/test-dir/MiniOzoneClusterImpl-84b3519b-a2d3-47e7-8c84-34506f72c9f7/datanode-2/data/ratis/a7285e4a-4b3e-44a1-a5f9-1f4cd4c22526/in_use.lock acquired by nodename 350@fv-az59-280
2022-01-11 23:54:00,683 [pool-334-thread-1] INFO  storage.RaftStorage (RaftStorageImpl.java:format(89)) - Storage directory /home/runner/work/ozone/ozone/hadoop-ozone/integration-test/target/test-dir/MiniOzoneClusterImpl-84b3519b-a2d3-47e7-8c84-34506f72c9f7/datanode-2/data/ratis/a7285e4a-4b3e-44a1-a5f9-1f4cd4c22526 has been successfully formatted.
2022-01-11 23:54:00,684 [pool-334-thread-1] INFO  ratis.ContainerStateMachine (ContainerStateMachine.java:loadSnapshot(231)) - group-1F4CD4C22526: The snapshot info is null. Setting the last applied indexto:(t:0, i:~)
2022-01-11 23:54:00,684 [pool-334-thread-1] INFO  server.RaftServerConfigKeys (ConfUtils.java:logGet(44)) - raft.server.notification.no-leader.timeout = 300000ms (custom)
2022-01-11 23:54:00,684 [pool-334-thread-1] INFO  server.RaftServerConfigKeys (ConfUtils.java:logGet(44)) - raft.server.log.use.memory = false (default)
2022-01-11 23:54:00,684 [pool-334-thread-1] INFO  server.RaftServerConfigKeys (ConfUtils.java:logGet(44)) - raft.server.log.purge.gap = 1000000 (custom)
2022-01-11 23:54:00,684 [pool-334-thread-1] INFO  server.RaftServerConfigKeys (ConfUtils.java:logGet(44)) - raft.server.log.appender.buffer.byte-limit = 33554432 (custom)
2022-01-11 23:54:00,684 [pool-334-thread-1] INFO  server.RaftServerConfigKeys (ConfUtils.java:logGet(44)) - raft.server.log.segment.size.max = 1048576 (custom)
2022-01-11 23:54:00,685 [pool-334-thread-1] INFO  server.RaftServerConfigKeys (ConfUtils.java:logGet(44)) - raft.server.log.segment.cache.num.max = 2 (custom)
2022-01-11 23:54:00,685 [pool-334-thread-1] INFO  server.RaftServerConfigKeys (ConfUtils.java:logGet(44)) - raft.server.log.segment.cache.size.max = 200MB (=209715200) (default)
2022-01-11 23:54:00,685 [pool-334-thread-1] INFO  segmented.SegmentedRaftLogWorker (SegmentedRaftLogWorker.java:<init>(182)) - new c2004f48-6b55-488b-a4f3-a933c544d5d2@group-1F4CD4C22526-SegmentedRaftLogWorker for RaftStorageImpl:Storage Directory /home/runner/work/ozone/ozone/hadoop-ozone/integration-test/target/test-dir/MiniOzoneClusterImpl-84b3519b-a2d3-47e7-8c84-34506f72c9f7/datanode-2/data/ratis/a7285e4a-4b3e-44a1-a5f9-1f4cd4c22526
2022-01-11 23:54:00,685 [pool-334-thread-1] INFO  server.RaftServerConfigKeys (ConfUtils.java:logGet(44)) - raft.server.log.queue.byte-limit = 2147483647 (custom)
2022-01-11 23:54:00,685 [pool-334-thread-1] INFO  server.RaftServerConfigKeys (ConfUtils.java:logGet(44)) - raft.server.log.queue.element-limit = 1024 (custom)
2022-01-11 23:54:00,686 [EventQueue-PipelineReportForPipelineReportHandler] INFO  pipeline.PipelineManagerImpl (PipelineManagerImpl.java:openPipeline(291)) - Pipeline Pipeline[ Id: a7285e4a-4b3e-44a1-a5f9-1f4cd4c22526, Nodes: c2004f48-6b55-488b-a4f3-a933c544d5d2{ip: 10.1.0.37, host: fv-az59-280.csjynl4pkq3e1pkirw3ssqjfoh.cx.internal.cloudapp.net, ports: [REPLICATION=46737, RATIS=33985, RATIS_ADMIN=33985, RATIS_SERVER=33985, STANDALONE=41439], networkLocation: /default-rack, certSerialId: null, persistedOpState: IN_SERVICE, persistedOpStateExpiryEpochSec: 0}, ReplicationConfig: RATIS/ONE, State:ALLOCATED, leaderId:c2004f48-6b55-488b-a4f3-a933c544d5d2, CreationTimestamp2022-01-11T23:53:57.683Z[Etc/UTC]] moved to OPEN state
2022-01-11 23:54:00,691 [EventQueue-OpenPipelineForHealthyPipelineSafeModeRule] INFO  safemode.SCMSafeModeManager (HealthyPipelineSafeModeRule.java:process(124)) - SCM in safe mode. Healthy pipelines reported count is 0, required healthy pipeline reported count is 1
2022-01-11 23:54:00,691 [pool-334-thread-1] INFO  server.RaftServerConfigKeys (ConfUtils.java:logGet(44)) - raft.server.log.segment.size.max = 1048576 (custom)
2022-01-11 23:54:00,691 [pool-334-thread-1] INFO  server.RaftServerConfigKeys (ConfUtils.java:logGet(44)) - raft.server.log.preallocated.size = 16384 (custom)
2022-01-11 23:54:00,691 [pool-334-thread-1] INFO  server.RaftServerConfigKeys (ConfUtils.java:logGet(44)) - raft.server.log.force.sync.num = 128 (default)
2022-01-11 23:54:00,691 [pool-334-thread-1] INFO  server.RaftServerConfigKeys (ConfUtils.java:logGet(44)) - raft.server.log.statemachine.data.sync = true (default)
2022-01-11 23:54:00,691 [pool-334-thread-1] INFO  server.RaftServerConfigKeys (ConfUtils.java:logGet(44)) - raft.server.log.statemachine.data.sync.timeout = 10s (default)
2022-01-11 23:54:00,691 [pool-334-thread-1] INFO  server.RaftServerConfigKeys (ConfUtils.java:logGet(44)) - raft.server.log.statemachine.data.sync.timeout.retry = -1 (default)
2022-01-11 23:54:00,692 [pool-334-thread-1] INFO  server.RaftServerConfigKeys (ConfUtils.java:logGet(44)) - raft.server.log.write.buffer.size = 1048576 (custom)
2022-01-11 23:54:00,701 [pool-334-thread-1] INFO  server.RaftServerConfigKeys (ConfUtils.java:logGet(44)) - raft.server.log.statemachine.data.caching.enabled = true (custom)
2022-01-11 23:54:00,705 [pool-334-thread-1] INFO  segmented.SegmentedRaftLogWorker (SegmentedRaftLogWorker.java:lambda$new$0(133)) - c2004f48-6b55-488b-a4f3-a933c544d5d2@group-1F4CD4C22526-SegmentedRaftLogWorker: flushIndex: setUnconditionally 0 -> -1
2022-01-11 23:54:00,709 [pool-334-thread-1] INFO  segmented.SegmentedRaftLogWorker (SegmentedRaftLogWorker.java:lambda$new$0(133)) - c2004f48-6b55-488b-a4f3-a933c544d5d2@group-1F4CD4C22526-SegmentedRaftLogWorker: safeCacheEvictIndex: setUnconditionally 0 -> -1
2022-01-11 23:54:00,717 [pool-334-thread-1] INFO  server.RaftServerConfigKeys (ConfUtils.java:logGet(44)) - raft.server.snapshot.auto.trigger.enabled = true (custom)
2022-01-11 23:54:00,717 [pool-334-thread-1] INFO  server.RaftServerConfigKeys (ConfUtils.java:logGet(44)) - raft.server.snapshot.auto.trigger.threshold = 10000 (custom)
2022-01-11 23:54:00,717 [pool-334-thread-1] INFO  server.RaftServerConfigKeys (ConfUtils.java:logGet(44)) - raft.server.snapshot.retention.file.num = 5 (custom)
2022-01-11 23:54:00,717 [pool-334-thread-1] INFO  server.RaftServerConfigKeys (ConfUtils.java:logGet(44)) - raft.server.log.purge.upto.snapshot.index = false (default)
2022-01-11 23:54:00,717 [pool-334-thread-1] INFO  server.RaftServerConfigKeys (ConfUtils.java:logGet(44)) - raft.server.retrycache.expirytime = 600000ms (custom)
2022-01-11 23:54:00,717 [pool-334-thread-1] INFO  server.RaftServerConfigKeys (ConfUtils.java:logGet(44)) - raft.server.retrycache.statistics.expirytime = 100μs (default)
2022-01-11 23:54:00,718 [pool-334-thread-1] INFO  server.RaftServer$Division (RaftServerImpl.java:start(301)) - c2004f48-6b55-488b-a4f3-a933c544d5d2@group-1F4CD4C22526: start as a follower, conf=-1: [c2004f48-6b55-488b-a4f3-a933c544d5d2|rpc:10.1.0.37:33985|priority:1], old=null
2022-01-11 23:54:00,718 [pool-334-thread-1] INFO  server.RaftServer$Division (RaftServerImpl.java:setRole(290)) - c2004f48-6b55-488b-a4f3-a933c544d5d2@group-1F4CD4C22526: changes role from      null to FOLLOWER at term 0 for startAsFollower
2022-01-11 23:54:00,718 [pool-334-thread-1] INFO  impl.RoleInfo (RoleInfo.java:updateAndGet(130)) - c2004f48-6b55-488b-a4f3-a933c544d5d2: start c2004f48-6b55-488b-a4f3-a933c544d5d2@group-1F4CD4C22526-FollowerState
2022-01-11 23:54:00,722 [pool-334-thread-1] INFO  util.JmxRegister (JmxRegister.java:tryRegister(44)) - Successfully registered JMX Bean with object name Ratis:service=RaftServer,group=group-1F4CD4C22526,id=c2004f48-6b55-488b-a4f3-a933c544d5d2
2022-01-11 23:54:00,723 [Command processor thread] INFO  ratis.XceiverServerRatis (XceiverServerRatis.java:addGroup(768)) - Created group PipelineID=a7285e4a-4b3e-44a1-a5f9-1f4cd4c22526
2022-01-11 23:54:00,723 [Command processor thread] INFO  commandhandler.CreatePipelineCommandHandler (CreatePipelineCommandHandler.java:handle(106)) - Created Pipeline RATIS ONE PipelineID=a7285e4a-4b3e-44a1-a5f9-1f4cd4c22526.
2022-01-11 23:54:00,961 [Listener at 127.0.0.1/46043] INFO  ozone.MiniOzoneClusterImpl (MiniOzoneClusterImpl.java:lambda$waitForClusterToBeReady$0(235)) - Nodes are ready. Got 7 of 7 DN Heartbeats.
2022-01-11 23:54:00,961 [Listener at 127.0.0.1/46043] INFO  ozone.MiniOzoneClusterImpl (MiniOzoneClusterImpl.java:lambda$waitForClusterToBeReady$0(238)) - Waiting for cluster to exit safe mode
2022-01-11 23:54:00,961 [Listener at 127.0.0.1/46043] INFO  ozone.MiniOzoneClusterImpl (MiniOzoneClusterImpl.java:lambda$waitForClusterToBeReady$0(240)) - SCM became leader
2022-01-11 23:54:01,267 [Command processor thread] INFO  server.RaftServer (RaftServerProxy.java:addNew(95)) - 77c66afc-fa73-4d89-b59d-9adc22a556cf: addNew group-319779F41024:[77c66afc-fa73-4d89-b59d-9adc22a556cf|rpc:10.1.0.37:40587|priority:1] returns group-319779F41024:java.util.concurrent.CompletableFuture@5eb0d2b2[Not completed]
2022-01-11 23:54:01,277 [pool-355-thread-1] INFO  server.RaftServer$Division (RaftServerImpl.java:<init>(184)) - 77c66afc-fa73-4d89-b59d-9adc22a556cf: new RaftServerImpl for group-319779F41024:[77c66afc-fa73-4d89-b59d-9adc22a556cf|rpc:10.1.0.37:40587|priority:1] with ContainerStateMachine:uninitialized
2022-01-11 23:54:01,277 [pool-355-thread-1] INFO  server.RaftServerConfigKeys (ConfUtils.java:logGet(44)) - raft.server.rpc.timeout.min = 5s (custom)
2022-01-11 23:54:01,277 [pool-355-thread-1] INFO  server.RaftServerConfigKeys (ConfUtils.java:logGet(44)) - raft.server.rpc.timeout.max = 5200ms (custom)
2022-01-11 23:54:01,277 [pool-355-thread-1] INFO  server.RaftServerConfigKeys (ConfUtils.java:logGet(44)) - raft.server.rpc.sleep.time = 25ms (default)
2022-01-11 23:54:01,277 [pool-355-thread-1] INFO  server.RaftServerConfigKeys (ConfUtils.java:logGet(44)) - raft.server.rpc.slowness.timeout = 300000ms (custom)
2022-01-11 23:54:01,277 [pool-355-thread-1] INFO  server.RaftServerConfigKeys (ConfUtils.java:logGet(44)) - raft.server.leaderelection.leader.step-down.wait-time = 10s (default)
2022-01-11 23:54:01,278 [pool-355-thread-1] INFO  server.RaftServerConfigKeys (ConfUtils.java:logGet(44)) - raft.server.sleep.deviation.threshold = 300ms (default)
2022-01-11 23:54:01,278 [pool-355-thread-1] INFO  server.RaftServerConfigKeys (ConfUtils.java:logGet(44)) - raft.server.log.appender.install.snapshot.enabled = false (custom)
2022-01-11 23:54:01,278 [pool-355-thread-1] INFO  server.RaftServer$Division (ServerState.java:<init>(105)) - 77c66afc-fa73-4d89-b59d-9adc22a556cf@group-319779F41024: ConfigurationManager, init=-1: [77c66afc-fa73-4d89-b59d-9adc22a556cf|rpc:10.1.0.37:40587|priority:1], old=null, confs=<EMPTY_MAP>
2022-01-11 23:54:01,278 [pool-355-thread-1] INFO  server.RaftServerConfigKeys (ConfUtils.java:logGet(44)) - raft.server.storage.dir = [/home/runner/work/ozone/ozone/hadoop-ozone/integration-test/target/test-dir/MiniOzoneClusterImpl-84b3519b-a2d3-47e7-8c84-34506f72c9f7/datanode-3/data/ratis] (custom)
2022-01-11 23:54:01,278 [pool-355-thread-1] INFO  server.RaftServerConfigKeys (ConfUtils.java:logGet(44)) - raft.server.log.corruption.policy = EXCEPTION (default)
2022-01-11 23:54:01,278 [pool-355-thread-1] INFO  server.RaftServerConfigKeys (ConfUtils.java:logGet(44)) - raft.server.storage.free-space.min = 0MB (=0) (default)
2022-01-11 23:54:01,278 [pool-355-thread-1] INFO  storage.RaftStorageDirectory (RaftStorageDirectoryImpl.java:analyzeStorage(135)) - The storage directory /home/runner/work/ozone/ozone/hadoop-ozone/integration-test/target/test-dir/MiniOzoneClusterImpl-84b3519b-a2d3-47e7-8c84-34506f72c9f7/datanode-3/data/ratis/954df24e-df25-4aba-a0f7-319779f41024 does not exist. Creating ...
2022-01-11 23:54:01,289 [pool-355-thread-1] INFO  storage.RaftStorageDirectory (RaftStorageDirectoryImpl.java:tryLock(230)) - Lock on /home/runner/work/ozone/ozone/hadoop-ozone/integration-test/target/test-dir/MiniOzoneClusterImpl-84b3519b-a2d3-47e7-8c84-34506f72c9f7/datanode-3/data/ratis/954df24e-df25-4aba-a0f7-319779f41024/in_use.lock acquired by nodename 350@fv-az59-280
2022-01-11 23:54:01,299 [pool-355-thread-1] INFO  storage.RaftStorage (RaftStorageImpl.java:format(89)) - Storage directory /home/runner/work/ozone/ozone/hadoop-ozone/integration-test/target/test-dir/MiniOzoneClusterImpl-84b3519b-a2d3-47e7-8c84-34506f72c9f7/datanode-3/data/ratis/954df24e-df25-4aba-a0f7-319779f41024 has been successfully formatted.
2022-01-11 23:54:01,309 [pool-355-thread-1] INFO  ratis.ContainerStateMachine (ContainerStateMachine.java:loadSnapshot(231)) - group-319779F41024: The snapshot info is null. Setting the last applied indexto:(t:0, i:~)
2022-01-11 23:54:01,309 [pool-355-thread-1] INFO  server.RaftServerConfigKeys (ConfUtils.java:logGet(44)) - raft.server.notification.no-leader.timeout = 300000ms (custom)
2022-01-11 23:54:01,309 [pool-355-thread-1] INFO  server.RaftServerConfigKeys (ConfUtils.java:logGet(44)) - raft.server.log.use.memory = false (default)
2022-01-11 23:54:01,309 [pool-355-thread-1] INFO  server.RaftServerConfigKeys (ConfUtils.java:logGet(44)) - raft.server.log.purge.gap = 1000000 (custom)
2022-01-11 23:54:01,309 [pool-355-thread-1] INFO  server.RaftServerConfigKeys (ConfUtils.java:logGet(44)) - raft.server.log.appender.buffer.byte-limit = 33554432 (custom)
2022-01-11 23:54:01,309 [pool-355-thread-1] INFO  server.RaftServerConfigKeys (ConfUtils.java:logGet(44)) - raft.server.log.segment.size.max = 1048576 (custom)
2022-01-11 23:54:01,310 [pool-355-thread-1] INFO  server.RaftServerConfigKeys (ConfUtils.java:logGet(44)) - raft.server.log.segment.cache.num.max = 2 (custom)
2022-01-11 23:54:01,310 [pool-355-thread-1] INFO  server.RaftServerConfigKeys (ConfUtils.java:logGet(44)) - raft.server.log.segment.cache.size.max = 200MB (=209715200) (default)
2022-01-11 23:54:01,310 [pool-355-thread-1] INFO  segmented.SegmentedRaftLogWorker (SegmentedRaftLogWorker.java:<init>(182)) - new 77c66afc-fa73-4d89-b59d-9adc22a556cf@group-319779F41024-SegmentedRaftLogWorker for RaftStorageImpl:Storage Directory /home/runner/work/ozone/ozone/hadoop-ozone/integration-test/target/test-dir/MiniOzoneClusterImpl-84b3519b-a2d3-47e7-8c84-34506f72c9f7/datanode-3/data/ratis/954df24e-df25-4aba-a0f7-319779f41024
2022-01-11 23:54:01,310 [pool-355-thread-1] INFO  server.RaftServerConfigKeys (ConfUtils.java:logGet(44)) - raft.server.log.queue.byte-limit = 2147483647 (custom)
2022-01-11 23:54:01,310 [pool-355-thread-1] INFO  server.RaftServerConfigKeys (ConfUtils.java:logGet(44)) - raft.server.log.queue.element-limit = 1024 (custom)
2022-01-11 23:54:01,310 [pool-355-thread-1] INFO  server.RaftServerConfigKeys (ConfUtils.java:logGet(44)) - raft.server.log.segment.size.max = 1048576 (custom)
2022-01-11 23:54:01,310 [pool-355-thread-1] INFO  server.RaftServerConfigKeys (ConfUtils.java:logGet(44)) - raft.server.log.preallocated.size = 16384 (custom)
2022-01-11 23:54:01,310 [pool-355-thread-1] INFO  server.RaftServerConfigKeys (ConfUtils.java:logGet(44)) - raft.server.log.force.sync.num = 128 (default)
2022-01-11 23:54:01,310 [pool-355-thread-1] INFO  server.RaftServerConfigKeys (ConfUtils.java:logGet(44)) - raft.server.log.statemachine.data.sync = true (default)
2022-01-11 23:54:01,310 [pool-355-thread-1] INFO  server.RaftServerConfigKeys (ConfUtils.java:logGet(44)) - raft.server.log.statemachine.data.sync.timeout = 10s (default)
2022-01-11 23:54:01,310 [pool-355-thread-1] INFO  server.RaftServerConfigKeys (ConfUtils.java:logGet(44)) - raft.server.log.statemachine.data.sync.timeout.retry = -1 (default)
2022-01-11 23:54:01,311 [pool-355-thread-1] INFO  server.RaftServerConfigKeys (ConfUtils.java:logGet(44)) - raft.server.log.write.buffer.size = 1048576 (custom)
2022-01-11 23:54:01,312 [pool-355-thread-1] INFO  server.RaftServerConfigKeys (ConfUtils.java:logGet(44)) - raft.server.log.statemachine.data.caching.enabled = true (custom)
2022-01-11 23:54:01,312 [pool-355-thread-1] INFO  segmented.SegmentedRaftLogWorker (SegmentedRaftLogWorker.java:lambda$new$0(133)) - 77c66afc-fa73-4d89-b59d-9adc22a556cf@group-319779F41024-SegmentedRaftLogWorker: flushIndex: setUnconditionally 0 -> -1
2022-01-11 23:54:01,312 [pool-355-thread-1] INFO  segmented.SegmentedRaftLogWorker (SegmentedRaftLogWorker.java:lambda$new$0(133)) - 77c66afc-fa73-4d89-b59d-9adc22a556cf@group-319779F41024-SegmentedRaftLogWorker: safeCacheEvictIndex: setUnconditionally 0 -> -1
2022-01-11 23:54:01,317 [pool-355-thread-1] INFO  server.RaftServerConfigKeys (ConfUtils.java:logGet(44)) - raft.server.snapshot.auto.trigger.enabled = true (custom)
2022-01-11 23:54:01,317 [pool-355-thread-1] INFO  server.RaftServerConfigKeys (ConfUtils.java:logGet(44)) - raft.server.snapshot.auto.trigger.threshold = 10000 (custom)
2022-01-11 23:54:01,317 [pool-355-thread-1] INFO  server.RaftServerConfigKeys (ConfUtils.java:logGet(44)) - raft.server.snapshot.retention.file.num = 5 (custom)
2022-01-11 23:54:01,317 [pool-355-thread-1] INFO  server.RaftServerConfigKeys (ConfUtils.java:logGet(44)) - raft.server.log.purge.upto.snapshot.index = false (default)
2022-01-11 23:54:01,317 [pool-355-thread-1] INFO  server.RaftServerConfigKeys (ConfUtils.java:logGet(44)) - raft.server.retrycache.expirytime = 600000ms (custom)
2022-01-11 23:54:01,317 [pool-355-thread-1] INFO  server.RaftServerConfigKeys (ConfUtils.java:logGet(44)) - raft.server.retrycache.statistics.expirytime = 100μs (default)
2022-01-11 23:54:01,317 [EventQueue-PipelineReportForPipelineReportHandler] INFO  pipeline.PipelineManagerImpl (PipelineManagerImpl.java:openPipeline(291)) - Pipeline Pipeline[ Id: 954df24e-df25-4aba-a0f7-319779f41024, Nodes: 77c66afc-fa73-4d89-b59d-9adc22a556cf{ip: 10.1.0.37, host: fv-az59-280.csjynl4pkq3e1pkirw3ssqjfoh.cx.internal.cloudapp.net, ports: [REPLICATION=36525, RATIS=40587, RATIS_ADMIN=40587, RATIS_SERVER=40587, STANDALONE=44631], networkLocation: /default-rack, certSerialId: null, persistedOpState: IN_SERVICE, persistedOpStateExpiryEpochSec: 0}, ReplicationConfig: RATIS/ONE, State:ALLOCATED, leaderId:77c66afc-fa73-4d89-b59d-9adc22a556cf, CreationTimestamp2022-01-11T23:53:58.267Z[Etc/UTC]] moved to OPEN state
2022-01-11 23:54:01,318 [EventQueue-OpenPipelineForHealthyPipelineSafeModeRule] INFO  safemode.SCMSafeModeManager (HealthyPipelineSafeModeRule.java:process(124)) - SCM in safe mode. Healthy pipelines reported count is 0, required healthy pipeline reported count is 1
2022-01-11 23:54:01,319 [pool-355-thread-1] INFO  server.RaftServer$Division (RaftServerImpl.java:start(301)) - 77c66afc-fa73-4d89-b59d-9adc22a556cf@group-319779F41024: start as a follower, conf=-1: [77c66afc-fa73-4d89-b59d-9adc22a556cf|rpc:10.1.0.37:40587|priority:1], old=null
2022-01-11 23:54:01,323 [pool-355-thread-1] INFO  server.RaftServer$Division (RaftServerImpl.java:setRole(290)) - 77c66afc-fa73-4d89-b59d-9adc22a556cf@group-319779F41024: changes role from      null to FOLLOWER at term 0 for startAsFollower
2022-01-11 23:54:01,323 [pool-355-thread-1] INFO  impl.RoleInfo (RoleInfo.java:updateAndGet(130)) - 77c66afc-fa73-4d89-b59d-9adc22a556cf: start 77c66afc-fa73-4d89-b59d-9adc22a556cf@group-319779F41024-FollowerState
2022-01-11 23:54:01,327 [pool-355-thread-1] INFO  util.JmxRegister (JmxRegister.java:tryRegister(44)) - Successfully registered JMX Bean with object name Ratis:service=RaftServer,group=group-319779F41024,id=77c66afc-fa73-4d89-b59d-9adc22a556cf
2022-01-11 23:54:01,345 [Command processor thread] INFO  ratis.XceiverServerRatis (XceiverServerRatis.java:addGroup(768)) - Created group PipelineID=954df24e-df25-4aba-a0f7-319779f41024
2022-01-11 23:54:01,345 [Command processor thread] INFO  commandhandler.CreatePipelineCommandHandler (CreatePipelineCommandHandler.java:handle(106)) - Created Pipeline RATIS ONE PipelineID=954df24e-df25-4aba-a0f7-319779f41024.
2022-01-11 23:54:01,345 [Command processor thread] INFO  server.RaftServer (RaftServerProxy.java:addNew(95)) - 77c66afc-fa73-4d89-b59d-9adc22a556cf: addNew group-29C336287606:[2a1c9333-8641-498a-88f2-87bcecbe0d18|rpc:10.1.0.37:38177|priority:0, 757e1abf-caf6-4356-ad73-d786994982ad|rpc:10.1.0.37:41749|priority:1, 77c66afc-fa73-4d89-b59d-9adc22a556cf|rpc:10.1.0.37:40587|priority:0] returns group-29C336287606:java.util.concurrent.CompletableFuture@5a8f5dbc[Not completed]
2022-01-11 23:54:01,346 [pool-355-thread-1] INFO  server.RaftServer$Division (RaftServerImpl.java:<init>(184)) - 77c66afc-fa73-4d89-b59d-9adc22a556cf: new RaftServerImpl for group-29C336287606:[2a1c9333-8641-498a-88f2-87bcecbe0d18|rpc:10.1.0.37:38177|priority:0, 757e1abf-caf6-4356-ad73-d786994982ad|rpc:10.1.0.37:41749|priority:1, 77c66afc-fa73-4d89-b59d-9adc22a556cf|rpc:10.1.0.37:40587|priority:0] with ContainerStateMachine:uninitialized
2022-01-11 23:54:01,346 [pool-355-thread-1] INFO  server.RaftServerConfigKeys (ConfUtils.java:logGet(44)) - raft.server.rpc.timeout.min = 5s (custom)
2022-01-11 23:54:01,346 [pool-355-thread-1] INFO  server.RaftServerConfigKeys (ConfUtils.java:logGet(44)) - raft.server.rpc.timeout.max = 5200ms (custom)
2022-01-11 23:54:01,346 [pool-355-thread-1] INFO  server.RaftServerConfigKeys (ConfUtils.java:logGet(44)) - raft.server.rpc.sleep.time = 25ms (default)
2022-01-11 23:54:01,346 [pool-355-thread-1] INFO  server.RaftServerConfigKeys (ConfUtils.java:logGet(44)) - raft.server.rpc.slowness.timeout = 300000ms (custom)
2022-01-11 23:54:01,346 [pool-355-thread-1] INFO  server.RaftServerConfigKeys (ConfUtils.java:logGet(44)) - raft.server.leaderelection.leader.step-down.wait-time = 10s (default)
2022-01-11 23:54:01,346 [pool-355-thread-1] INFO  server.RaftServerConfigKeys (ConfUtils.java:logGet(44)) - raft.server.sleep.deviation.threshold = 300ms (default)
2022-01-11 23:54:01,346 [pool-355-thread-1] INFO  server.RaftServerConfigKeys (ConfUtils.java:logGet(44)) - raft.server.log.appender.install.snapshot.enabled = false (custom)
2022-01-11 23:54:01,346 [pool-355-thread-1] INFO  server.RaftServer$Division (ServerState.java:<init>(105)) - 77c66afc-fa73-4d89-b59d-9adc22a556cf@group-29C336287606: ConfigurationManager, init=-1: [2a1c9333-8641-498a-88f2-87bcecbe0d18|rpc:10.1.0.37:38177|priority:0, 757e1abf-caf6-4356-ad73-d786994982ad|rpc:10.1.0.37:41749|priority:1, 77c66afc-fa73-4d89-b59d-9adc22a556cf|rpc:10.1.0.37:40587|priority:0], old=null, confs=<EMPTY_MAP>
2022-01-11 23:54:01,346 [pool-355-thread-1] INFO  server.RaftServerConfigKeys (ConfUtils.java:logGet(44)) - raft.server.storage.dir = [/home/runner/work/ozone/ozone/hadoop-ozone/integration-test/target/test-dir/MiniOzoneClusterImpl-84b3519b-a2d3-47e7-8c84-34506f72c9f7/datanode-3/data/ratis] (custom)
2022-01-11 23:54:01,346 [pool-355-thread-1] INFO  server.RaftServerConfigKeys (ConfUtils.java:logGet(44)) - raft.server.log.corruption.policy = EXCEPTION (default)
2022-01-11 23:54:01,346 [pool-355-thread-1] INFO  server.RaftServerConfigKeys (ConfUtils.java:logGet(44)) - raft.server.storage.free-space.min = 0MB (=0) (default)
2022-01-11 23:54:01,347 [pool-355-thread-1] INFO  storage.RaftStorageDirectory (RaftStorageDirectoryImpl.java:analyzeStorage(135)) - The storage directory /home/runner/work/ozone/ozone/hadoop-ozone/integration-test/target/test-dir/MiniOzoneClusterImpl-84b3519b-a2d3-47e7-8c84-34506f72c9f7/datanode-3/data/ratis/9af18b33-0efc-4508-87fb-29c336287606 does not exist. Creating ...
2022-01-11 23:54:01,348 [pool-355-thread-1] INFO  storage.RaftStorageDirectory (RaftStorageDirectoryImpl.java:tryLock(230)) - Lock on /home/runner/work/ozone/ozone/hadoop-ozone/integration-test/target/test-dir/MiniOzoneClusterImpl-84b3519b-a2d3-47e7-8c84-34506f72c9f7/datanode-3/data/ratis/9af18b33-0efc-4508-87fb-29c336287606/in_use.lock acquired by nodename 350@fv-az59-280
2022-01-11 23:54:01,349 [pool-355-thread-1] INFO  storage.RaftStorage (RaftStorageImpl.java:format(89)) - Storage directory /home/runner/work/ozone/ozone/hadoop-ozone/integration-test/target/test-dir/MiniOzoneClusterImpl-84b3519b-a2d3-47e7-8c84-34506f72c9f7/datanode-3/data/ratis/9af18b33-0efc-4508-87fb-29c336287606 has been successfully formatted.
2022-01-11 23:54:01,350 [pool-355-thread-1] INFO  ratis.ContainerStateMachine (ContainerStateMachine.java:loadSnapshot(231)) - group-29C336287606: The snapshot info is null. Setting the last applied indexto:(t:0, i:~)
2022-01-11 23:54:01,350 [pool-355-thread-1] INFO  server.RaftServerConfigKeys (ConfUtils.java:logGet(44)) - raft.server.notification.no-leader.timeout = 300000ms (custom)
2022-01-11 23:54:01,350 [pool-355-thread-1] INFO  server.RaftServerConfigKeys (ConfUtils.java:logGet(44)) - raft.server.log.use.memory = false (default)
2022-01-11 23:54:01,350 [pool-355-thread-1] INFO  server.RaftServerConfigKeys (ConfUtils.java:logGet(44)) - raft.server.log.purge.gap = 1000000 (custom)
2022-01-11 23:54:01,350 [pool-355-thread-1] INFO  server.RaftServerConfigKeys (ConfUtils.java:logGet(44)) - raft.server.log.appender.buffer.byte-limit = 33554432 (custom)
2022-01-11 23:54:01,350 [pool-355-thread-1] INFO  server.RaftServerConfigKeys (ConfUtils.java:logGet(44)) - raft.server.log.segment.size.max = 1048576 (custom)
2022-01-11 23:54:01,351 [EventQueue-OpenPipelineForHealthyPipelineSafeModeRule] INFO  safemode.SCMSafeModeManager (HealthyPipelineSafeModeRule.java:process(124)) - SCM in safe mode. Healthy pipelines reported count is 0, required healthy pipeline reported count is 1
2022-01-11 23:54:01,351 [pool-355-thread-1] INFO  server.RaftServerConfigKeys (ConfUtils.java:logGet(44)) - raft.server.log.segment.cache.num.max = 2 (custom)
2022-01-11 23:54:01,351 [pool-355-thread-1] INFO  server.RaftServerConfigKeys (ConfUtils.java:logGet(44)) - raft.server.log.segment.cache.size.max = 200MB (=209715200) (default)
2022-01-11 23:54:01,351 [pool-355-thread-1] INFO  segmented.SegmentedRaftLogWorker (SegmentedRaftLogWorker.java:<init>(182)) - new 77c66afc-fa73-4d89-b59d-9adc22a556cf@group-29C336287606-SegmentedRaftLogWorker for RaftStorageImpl:Storage Directory /home/runner/work/ozone/ozone/hadoop-ozone/integration-test/target/test-dir/MiniOzoneClusterImpl-84b3519b-a2d3-47e7-8c84-34506f72c9f7/datanode-3/data/ratis/9af18b33-0efc-4508-87fb-29c336287606
2022-01-11 23:54:01,351 [pool-355-thread-1] INFO  server.RaftServerConfigKeys (ConfUtils.java:logGet(44)) - raft.server.log.queue.byte-limit = 2147483647 (custom)
2022-01-11 23:54:01,351 [pool-355-thread-1] INFO  server.RaftServerConfigKeys (ConfUtils.java:logGet(44)) - raft.server.log.queue.element-limit = 1024 (custom)
2022-01-11 23:54:01,351 [pool-355-thread-1] INFO  server.RaftServerConfigKeys (ConfUtils.java:logGet(44)) - raft.server.log.segment.size.max = 1048576 (custom)
2022-01-11 23:54:01,351 [pool-355-thread-1] INFO  server.RaftServerConfigKeys (ConfUtils.java:logGet(44)) - raft.server.log.preallocated.size = 16384 (custom)
2022-01-11 23:54:01,351 [pool-355-thread-1] INFO  server.RaftServerConfigKeys (ConfUtils.java:logGet(44)) - raft.server.log.force.sync.num = 128 (default)
2022-01-11 23:54:01,352 [pool-355-thread-1] INFO  server.RaftServerConfigKeys (ConfUtils.java:logGet(44)) - raft.server.log.statemachine.data.sync = true (default)
2022-01-11 23:54:01,352 [pool-355-thread-1] INFO  server.RaftServerConfigKeys (ConfUtils.java:logGet(44)) - raft.server.log.statemachine.data.sync.timeout = 10s (default)
2022-01-11 23:54:01,352 [pool-355-thread-1] INFO  server.RaftServerConfigKeys (ConfUtils.java:logGet(44)) - raft.server.log.statemachine.data.sync.timeout.retry = -1 (default)
2022-01-11 23:54:01,352 [pool-355-thread-1] INFO  server.RaftServerConfigKeys (ConfUtils.java:logGet(44)) - raft.server.log.write.buffer.size = 1048576 (custom)
2022-01-11 23:54:01,357 [pool-355-thread-1] INFO  server.RaftServerConfigKeys (ConfUtils.java:logGet(44)) - raft.server.log.statemachine.data.caching.enabled = true (custom)
2022-01-11 23:54:01,361 [pool-355-thread-1] INFO  segmented.SegmentedRaftLogWorker (SegmentedRaftLogWorker.java:lambda$new$0(133)) - 77c66afc-fa73-4d89-b59d-9adc22a556cf@group-29C336287606-SegmentedRaftLogWorker: flushIndex: setUnconditionally 0 -> -1
2022-01-11 23:54:01,361 [pool-355-thread-1] INFO  segmented.SegmentedRaftLogWorker (SegmentedRaftLogWorker.java:lambda$new$0(133)) - 77c66afc-fa73-4d89-b59d-9adc22a556cf@group-29C336287606-SegmentedRaftLogWorker: safeCacheEvictIndex: setUnconditionally 0 -> -1
2022-01-11 23:54:01,373 [pool-355-thread-1] INFO  server.RaftServerConfigKeys (ConfUtils.java:logGet(44)) - raft.server.snapshot.auto.trigger.enabled = true (custom)
2022-01-11 23:54:01,373 [pool-355-thread-1] INFO  server.RaftServerConfigKeys (ConfUtils.java:logGet(44)) - raft.server.snapshot.auto.trigger.threshold = 10000 (custom)
2022-01-11 23:54:01,373 [pool-355-thread-1] INFO  server.RaftServerConfigKeys (ConfUtils.java:logGet(44)) - raft.server.snapshot.retention.file.num = 5 (custom)
2022-01-11 23:54:01,373 [pool-355-thread-1] INFO  server.RaftServerConfigKeys (ConfUtils.java:logGet(44)) - raft.server.log.purge.upto.snapshot.index = false (default)
2022-01-11 23:54:01,373 [pool-355-thread-1] INFO  server.RaftServerConfigKeys (ConfUtils.java:logGet(44)) - raft.server.retrycache.expirytime = 600000ms (custom)
2022-01-11 23:54:01,373 [pool-355-thread-1] INFO  server.RaftServerConfigKeys (ConfUtils.java:logGet(44)) - raft.server.retrycache.statistics.expirytime = 100μs (default)
2022-01-11 23:54:01,374 [pool-355-thread-1] INFO  server.RaftServer$Division (RaftServerImpl.java:start(301)) - 77c66afc-fa73-4d89-b59d-9adc22a556cf@group-29C336287606: start as a follower, conf=-1: [2a1c9333-8641-498a-88f2-87bcecbe0d18|rpc:10.1.0.37:38177|priority:0, 757e1abf-caf6-4356-ad73-d786994982ad|rpc:10.1.0.37:41749|priority:1, 77c66afc-fa73-4d89-b59d-9adc22a556cf|rpc:10.1.0.37:40587|priority:0], old=null
2022-01-11 23:54:01,374 [pool-355-thread-1] INFO  server.RaftServer$Division (RaftServerImpl.java:setRole(290)) - 77c66afc-fa73-4d89-b59d-9adc22a556cf@group-29C336287606: changes role from      null to FOLLOWER at term 0 for startAsFollower
2022-01-11 23:54:01,374 [pool-355-thread-1] INFO  impl.RoleInfo (RoleInfo.java:updateAndGet(130)) - 77c66afc-fa73-4d89-b59d-9adc22a556cf: start 77c66afc-fa73-4d89-b59d-9adc22a556cf@group-29C336287606-FollowerState
2022-01-11 23:54:01,393 [pool-355-thread-1] INFO  util.JmxRegister (JmxRegister.java:tryRegister(44)) - Successfully registered JMX Bean with object name Ratis:service=RaftServer,group=group-29C336287606,id=77c66afc-fa73-4d89-b59d-9adc22a556cf
2022-01-11 23:54:01,401 [Command processor thread] INFO  ratis.XceiverServerRatis (XceiverServerRatis.java:addGroup(768)) - Created group PipelineID=9af18b33-0efc-4508-87fb-29c336287606
2022-01-11 23:54:01,420 [grpc-default-executor-2] INFO  server.RaftServer (RaftServerProxy.java:addNew(95)) - 2a1c9333-8641-498a-88f2-87bcecbe0d18: addNew group-29C336287606:[2a1c9333-8641-498a-88f2-87bcecbe0d18|rpc:10.1.0.37:38177|dataStream:|priority:0, 757e1abf-caf6-4356-ad73-d786994982ad|rpc:10.1.0.37:41749|dataStream:|priority:1, 77c66afc-fa73-4d89-b59d-9adc22a556cf|rpc:10.1.0.37:40587|dataStream:|priority:0] returns group-29C336287606:java.util.concurrent.CompletableFuture@7d604c37[Not completed]
2022-01-11 23:54:01,422 [pool-397-thread-1] INFO  server.RaftServer$Division (RaftServerImpl.java:<init>(184)) - 2a1c9333-8641-498a-88f2-87bcecbe0d18: new RaftServerImpl for group-29C336287606:[2a1c9333-8641-498a-88f2-87bcecbe0d18|rpc:10.1.0.37:38177|dataStream:|priority:0, 757e1abf-caf6-4356-ad73-d786994982ad|rpc:10.1.0.37:41749|dataStream:|priority:1, 77c66afc-fa73-4d89-b59d-9adc22a556cf|rpc:10.1.0.37:40587|dataStream:|priority:0] with ContainerStateMachine:uninitialized
2022-01-11 23:54:01,422 [pool-397-thread-1] INFO  server.RaftServerConfigKeys (ConfUtils.java:logGet(44)) - raft.server.rpc.timeout.min = 5s (custom)
2022-01-11 23:54:01,422 [pool-397-thread-1] INFO  server.RaftServerConfigKeys (ConfUtils.java:logGet(44)) - raft.server.rpc.timeout.max = 5200ms (custom)
2022-01-11 23:54:01,422 [pool-397-thread-1] INFO  server.RaftServerConfigKeys (ConfUtils.java:logGet(44)) - raft.server.rpc.sleep.time = 25ms (default)
2022-01-11 23:54:01,422 [pool-397-thread-1] INFO  server.RaftServerConfigKeys (ConfUtils.java:logGet(44)) - raft.server.rpc.slowness.timeout = 300000ms (custom)
2022-01-11 23:54:01,422 [pool-397-thread-1] INFO  server.RaftServerConfigKeys (ConfUtils.java:logGet(44)) - raft.server.leaderelection.leader.step-down.wait-time = 10s (default)
2022-01-11 23:54:01,422 [pool-397-thread-1] INFO  server.RaftServerConfigKeys (ConfUtils.java:logGet(44)) - raft.server.sleep.deviation.threshold = 300ms (default)
2022-01-11 23:54:01,422 [pool-397-thread-1] INFO  server.RaftServerConfigKeys (ConfUtils.java:logGet(44)) - raft.server.log.appender.install.snapshot.enabled = false (custom)
2022-01-11 23:54:01,422 [pool-397-thread-1] INFO  server.RaftServer$Division (ServerState.java:<init>(105)) - 2a1c9333-8641-498a-88f2-87bcecbe0d18@group-29C336287606: ConfigurationManager, init=-1: [2a1c9333-8641-498a-88f2-87bcecbe0d18|rpc:10.1.0.37:38177|dataStream:|priority:0, 757e1abf-caf6-4356-ad73-d786994982ad|rpc:10.1.0.37:41749|dataStream:|priority:1, 77c66afc-fa73-4d89-b59d-9adc22a556cf|rpc:10.1.0.37:40587|dataStream:|priority:0], old=null, confs=<EMPTY_MAP>
2022-01-11 23:54:01,422 [pool-397-thread-1] INFO  server.RaftServerConfigKeys (ConfUtils.java:logGet(44)) - raft.server.storage.dir = [/home/runner/work/ozone/ozone/hadoop-ozone/integration-test/target/test-dir/MiniOzoneClusterImpl-84b3519b-a2d3-47e7-8c84-34506f72c9f7/datanode-5/data/ratis] (custom)
2022-01-11 23:54:01,422 [pool-397-thread-1] INFO  server.RaftServerConfigKeys (ConfUtils.java:logGet(44)) - raft.server.log.corruption.policy = EXCEPTION (default)
2022-01-11 23:54:01,422 [pool-397-thread-1] INFO  server.RaftServerConfigKeys (ConfUtils.java:logGet(44)) - raft.server.storage.free-space.min = 0MB (=0) (default)
2022-01-11 23:54:01,422 [pool-397-thread-1] INFO  storage.RaftStorageDirectory (RaftStorageDirectoryImpl.java:analyzeStorage(135)) - The storage directory /home/runner/work/ozone/ozone/hadoop-ozone/integration-test/target/test-dir/MiniOzoneClusterImpl-84b3519b-a2d3-47e7-8c84-34506f72c9f7/datanode-5/data/ratis/9af18b33-0efc-4508-87fb-29c336287606 does not exist. Creating ...
2022-01-11 23:54:01,424 [pool-397-thread-1] INFO  storage.RaftStorageDirectory (RaftStorageDirectoryImpl.java:tryLock(230)) - Lock on /home/runner/work/ozone/ozone/hadoop-ozone/integration-test/target/test-dir/MiniOzoneClusterImpl-84b3519b-a2d3-47e7-8c84-34506f72c9f7/datanode-5/data/ratis/9af18b33-0efc-4508-87fb-29c336287606/in_use.lock acquired by nodename 350@fv-az59-280
2022-01-11 23:54:01,425 [pool-397-thread-1] INFO  storage.RaftStorage (RaftStorageImpl.java:format(89)) - Storage directory /home/runner/work/ozone/ozone/hadoop-ozone/integration-test/target/test-dir/MiniOzoneClusterImpl-84b3519b-a2d3-47e7-8c84-34506f72c9f7/datanode-5/data/ratis/9af18b33-0efc-4508-87fb-29c336287606 has been successfully formatted.
2022-01-11 23:54:01,425 [pool-397-thread-1] INFO  ratis.ContainerStateMachine (ContainerStateMachine.java:loadSnapshot(231)) - group-29C336287606: The snapshot info is null. Setting the last applied indexto:(t:0, i:~)
2022-01-11 23:54:01,425 [pool-397-thread-1] INFO  server.RaftServerConfigKeys (ConfUtils.java:logGet(44)) - raft.server.notification.no-leader.timeout = 300000ms (custom)
2022-01-11 23:54:01,426 [pool-397-thread-1] INFO  server.RaftServerConfigKeys (ConfUtils.java:logGet(44)) - raft.server.log.use.memory = false (default)
2022-01-11 23:54:01,426 [pool-397-thread-1] INFO  server.RaftServerConfigKeys (ConfUtils.java:logGet(44)) - raft.server.log.purge.gap = 1000000 (custom)
2022-01-11 23:54:01,426 [pool-397-thread-1] INFO  server.RaftServerConfigKeys (ConfUtils.java:logGet(44)) - raft.server.log.appender.buffer.byte-limit = 33554432 (custom)
2022-01-11 23:54:01,426 [pool-397-thread-1] INFO  server.RaftServerConfigKeys (ConfUtils.java:logGet(44)) - raft.server.log.segment.size.max = 1048576 (custom)
2022-01-11 23:54:01,426 [pool-397-thread-1] INFO  server.RaftServerConfigKeys (ConfUtils.java:logGet(44)) - raft.server.log.segment.cache.num.max = 2 (custom)
2022-01-11 23:54:01,426 [pool-397-thread-1] INFO  server.RaftServerConfigKeys (ConfUtils.java:logGet(44)) - raft.server.log.segment.cache.size.max = 200MB (=209715200) (default)
2022-01-11 23:54:01,426 [pool-397-thread-1] INFO  segmented.SegmentedRaftLogWorker (SegmentedRaftLogWorker.java:<init>(182)) - new 2a1c9333-8641-498a-88f2-87bcecbe0d18@group-29C336287606-SegmentedRaftLogWorker for RaftStorageImpl:Storage Directory /home/runner/work/ozone/ozone/hadoop-ozone/integration-test/target/test-dir/MiniOzoneClusterImpl-84b3519b-a2d3-47e7-8c84-34506f72c9f7/datanode-5/data/ratis/9af18b33-0efc-4508-87fb-29c336287606
2022-01-11 23:54:01,426 [pool-397-thread-1] INFO  server.RaftServerConfigKeys (ConfUtils.java:logGet(44)) - raft.server.log.queue.byte-limit = 2147483647 (custom)
2022-01-11 23:54:01,426 [pool-397-thread-1] INFO  server.RaftServerConfigKeys (ConfUtils.java:logGet(44)) - raft.server.log.queue.element-limit = 1024 (custom)
2022-01-11 23:54:01,426 [pool-397-thread-1] INFO  server.RaftServerConfigKeys (ConfUtils.java:logGet(44)) - raft.server.log.segment.size.max = 1048576 (custom)
2022-01-11 23:54:01,426 [pool-397-thread-1] INFO  server.RaftServerConfigKeys (ConfUtils.java:logGet(44)) - raft.server.log.preallocated.size = 16384 (custom)
2022-01-11 23:54:01,426 [pool-397-thread-1] INFO  server.RaftServerConfigKeys (ConfUtils.java:logGet(44)) - raft.server.log.force.sync.num = 128 (default)
2022-01-11 23:54:01,426 [pool-397-thread-1] INFO  server.RaftServerConfigKeys (ConfUtils.java:logGet(44)) - raft.server.log.statemachine.data.sync = true (default)
2022-01-11 23:54:01,427 [pool-397-thread-1] INFO  server.RaftServerConfigKeys (ConfUtils.java:logGet(44)) - raft.server.log.statemachine.data.sync.timeout = 10s (default)
2022-01-11 23:54:01,427 [pool-397-thread-1] INFO  server.RaftServerConfigKeys (ConfUtils.java:logGet(44)) - raft.server.log.statemachine.data.sync.timeout.retry = -1 (default)
2022-01-11 23:54:01,427 [pool-397-thread-1] INFO  server.RaftServerConfigKeys (ConfUtils.java:logGet(44)) - raft.server.log.write.buffer.size = 1048576 (custom)
2022-01-11 23:54:01,428 [pool-397-thread-1] INFO  server.RaftServerConfigKeys (ConfUtils.java:logGet(44)) - raft.server.log.statemachine.data.caching.enabled = true (custom)
2022-01-11 23:54:01,428 [pool-397-thread-1] INFO  segmented.SegmentedRaftLogWorker (SegmentedRaftLogWorker.java:lambda$new$0(133)) - 2a1c9333-8641-498a-88f2-87bcecbe0d18@group-29C336287606-SegmentedRaftLogWorker: flushIndex: setUnconditionally 0 -> -1
2022-01-11 23:54:01,428 [pool-397-thread-1] INFO  segmented.SegmentedRaftLogWorker (SegmentedRaftLogWorker.java:lambda$new$0(133)) - 2a1c9333-8641-498a-88f2-87bcecbe0d18@group-29C336287606-SegmentedRaftLogWorker: safeCacheEvictIndex: setUnconditionally 0 -> -1
2022-01-11 23:54:01,437 [pool-397-thread-1] INFO  server.RaftServerConfigKeys (ConfUtils.java:logGet(44)) - raft.server.snapshot.auto.trigger.enabled = true (custom)
2022-01-11 23:54:01,437 [pool-397-thread-1] INFO  server.RaftServerConfigKeys (ConfUtils.java:logGet(44)) - raft.server.snapshot.auto.trigger.threshold = 10000 (custom)
2022-01-11 23:54:01,437 [pool-397-thread-1] INFO  server.RaftServerConfigKeys (ConfUtils.java:logGet(44)) - raft.server.snapshot.retention.file.num = 5 (custom)
2022-01-11 23:54:01,437 [pool-397-thread-1] INFO  server.RaftServerConfigKeys (ConfUtils.java:logGet(44)) - raft.server.log.purge.upto.snapshot.index = false (default)
2022-01-11 23:54:01,437 [pool-397-thread-1] INFO  server.RaftServerConfigKeys (ConfUtils.java:logGet(44)) - raft.server.retrycache.expirytime = 600000ms (custom)
2022-01-11 23:54:01,437 [pool-397-thread-1] INFO  server.RaftServerConfigKeys (ConfUtils.java:logGet(44)) - raft.server.retrycache.statistics.expirytime = 100μs (default)
2022-01-11 23:54:01,438 [pool-397-thread-1] INFO  server.RaftServer$Division (RaftServerImpl.java:start(301)) - 2a1c9333-8641-498a-88f2-87bcecbe0d18@group-29C336287606: start as a follower, conf=-1: [2a1c9333-8641-498a-88f2-87bcecbe0d18|rpc:10.1.0.37:38177|dataStream:|priority:0, 757e1abf-caf6-4356-ad73-d786994982ad|rpc:10.1.0.37:41749|dataStream:|priority:1, 77c66afc-fa73-4d89-b59d-9adc22a556cf|rpc:10.1.0.37:40587|dataStream:|priority:0], old=null
2022-01-11 23:54:01,438 [pool-397-thread-1] INFO  server.RaftServer$Division (RaftServerImpl.java:setRole(290)) - 2a1c9333-8641-498a-88f2-87bcecbe0d18@group-29C336287606: changes role from      null to FOLLOWER at term 0 for startAsFollower
2022-01-11 23:54:01,438 [pool-397-thread-1] INFO  impl.RoleInfo (RoleInfo.java:updateAndGet(130)) - 2a1c9333-8641-498a-88f2-87bcecbe0d18: start 2a1c9333-8641-498a-88f2-87bcecbe0d18@group-29C336287606-FollowerState
2022-01-11 23:54:01,439 [pool-397-thread-1] INFO  util.JmxRegister (JmxRegister.java:tryRegister(44)) - Successfully registered JMX Bean with object name Ratis:service=RaftServer,group=group-29C336287606,id=2a1c9333-8641-498a-88f2-87bcecbe0d18
2022-01-11 23:54:01,517 [grpc-default-executor-2] INFO  server.RaftServer (RaftServerProxy.java:addNew(95)) - 757e1abf-caf6-4356-ad73-d786994982ad: addNew group-29C336287606:[2a1c9333-8641-498a-88f2-87bcecbe0d18|rpc:10.1.0.37:38177|dataStream:|priority:0, 757e1abf-caf6-4356-ad73-d786994982ad|rpc:10.1.0.37:41749|dataStream:|priority:1, 77c66afc-fa73-4d89-b59d-9adc22a556cf|rpc:10.1.0.37:40587|dataStream:|priority:0] returns group-29C336287606:java.util.concurrent.CompletableFuture@4c89c3f7[Not completed]
2022-01-11 23:54:01,533 [pool-376-thread-1] INFO  server.RaftServer$Division (RaftServerImpl.java:<init>(184)) - 757e1abf-caf6-4356-ad73-d786994982ad: new RaftServerImpl for group-29C336287606:[2a1c9333-8641-498a-88f2-87bcecbe0d18|rpc:10.1.0.37:38177|dataStream:|priority:0, 757e1abf-caf6-4356-ad73-d786994982ad|rpc:10.1.0.37:41749|dataStream:|priority:1, 77c66afc-fa73-4d89-b59d-9adc22a556cf|rpc:10.1.0.37:40587|dataStream:|priority:0] with ContainerStateMachine:uninitialized
2022-01-11 23:54:01,534 [pool-376-thread-1] INFO  server.RaftServerConfigKeys (ConfUtils.java:logGet(44)) - raft.server.rpc.timeout.min = 5s (custom)
2022-01-11 23:54:01,534 [pool-376-thread-1] INFO  server.RaftServerConfigKeys (ConfUtils.java:logGet(44)) - raft.server.rpc.timeout.max = 5200ms (custom)
2022-01-11 23:54:01,534 [pool-376-thread-1] INFO  server.RaftServerConfigKeys (ConfUtils.java:logGet(44)) - raft.server.rpc.sleep.time = 25ms (default)
2022-01-11 23:54:01,534 [pool-376-thread-1] INFO  server.RaftServerConfigKeys (ConfUtils.java:logGet(44)) - raft.server.rpc.slowness.timeout = 300000ms (custom)
2022-01-11 23:54:01,534 [pool-376-thread-1] INFO  server.RaftServerConfigKeys (ConfUtils.java:logGet(44)) - raft.server.leaderelection.leader.step-down.wait-time = 10s (default)
2022-01-11 23:54:01,534 [pool-376-thread-1] INFO  server.RaftServerConfigKeys (ConfUtils.java:logGet(44)) - raft.server.sleep.deviation.threshold = 300ms (default)
2022-01-11 23:54:01,534 [pool-376-thread-1] INFO  server.RaftServerConfigKeys (ConfUtils.java:logGet(44)) - raft.server.log.appender.install.snapshot.enabled = false (custom)
2022-01-11 23:54:01,534 [pool-376-thread-1] INFO  server.RaftServer$Division (ServerState.java:<init>(105)) - 757e1abf-caf6-4356-ad73-d786994982ad@group-29C336287606: ConfigurationManager, init=-1: [2a1c9333-8641-498a-88f2-87bcecbe0d18|rpc:10.1.0.37:38177|dataStream:|priority:0, 757e1abf-caf6-4356-ad73-d786994982ad|rpc:10.1.0.37:41749|dataStream:|priority:1, 77c66afc-fa73-4d89-b59d-9adc22a556cf|rpc:10.1.0.37:40587|dataStream:|priority:0], old=null, confs=<EMPTY_MAP>
2022-01-11 23:54:01,534 [pool-376-thread-1] INFO  server.RaftServerConfigKeys (ConfUtils.java:logGet(44)) - raft.server.storage.dir = [/home/runner/work/ozone/ozone/hadoop-ozone/integration-test/target/test-dir/MiniOzoneClusterImpl-84b3519b-a2d3-47e7-8c84-34506f72c9f7/datanode-4/data/ratis] (custom)
2022-01-11 23:54:01,534 [pool-376-thread-1] INFO  server.RaftServerConfigKeys (ConfUtils.java:logGet(44)) - raft.server.log.corruption.policy = EXCEPTION (default)
2022-01-11 23:54:01,534 [pool-376-thread-1] INFO  server.RaftServerConfigKeys (ConfUtils.java:logGet(44)) - raft.server.storage.free-space.min = 0MB (=0) (default)
2022-01-11 23:54:01,534 [pool-376-thread-1] INFO  storage.RaftStorageDirectory (RaftStorageDirectoryImpl.java:analyzeStorage(135)) - The storage directory /home/runner/work/ozone/ozone/hadoop-ozone/integration-test/target/test-dir/MiniOzoneClusterImpl-84b3519b-a2d3-47e7-8c84-34506f72c9f7/datanode-4/data/ratis/9af18b33-0efc-4508-87fb-29c336287606 does not exist. Creating ...
2022-01-11 23:54:01,545 [pool-376-thread-1] INFO  storage.RaftStorageDirectory (RaftStorageDirectoryImpl.java:tryLock(230)) - Lock on /home/runner/work/ozone/ozone/hadoop-ozone/integration-test/target/test-dir/MiniOzoneClusterImpl-84b3519b-a2d3-47e7-8c84-34506f72c9f7/datanode-4/data/ratis/9af18b33-0efc-4508-87fb-29c336287606/in_use.lock acquired by nodename 350@fv-az59-280
2022-01-11 23:54:01,547 [pool-376-thread-1] INFO  storage.RaftStorage (RaftStorageImpl.java:format(89)) - Storage directory /home/runner/work/ozone/ozone/hadoop-ozone/integration-test/target/test-dir/MiniOzoneClusterImpl-84b3519b-a2d3-47e7-8c84-34506f72c9f7/datanode-4/data/ratis/9af18b33-0efc-4508-87fb-29c336287606 has been successfully formatted.
2022-01-11 23:54:01,554 [pool-376-thread-1] INFO  ratis.ContainerStateMachine (ContainerStateMachine.java:loadSnapshot(231)) - group-29C336287606: The snapshot info is null. Setting the last applied indexto:(t:0, i:~)
2022-01-11 23:54:01,554 [pool-376-thread-1] INFO  server.RaftServerConfigKeys (ConfUtils.java:logGet(44)) - raft.server.notification.no-leader.timeout = 300000ms (custom)
2022-01-11 23:54:01,554 [pool-376-thread-1] INFO  server.RaftServerConfigKeys (ConfUtils.java:logGet(44)) - raft.server.log.use.memory = false (default)
2022-01-11 23:54:01,554 [pool-376-thread-1] INFO  server.RaftServerConfigKeys (ConfUtils.java:logGet(44)) - raft.server.log.purge.gap = 1000000 (custom)
2022-01-11 23:54:01,554 [pool-376-thread-1] INFO  server.RaftServerConfigKeys (ConfUtils.java:logGet(44)) - raft.server.log.appender.buffer.byte-limit = 33554432 (custom)
2022-01-11 23:54:01,555 [pool-376-thread-1] INFO  server.RaftServerConfigKeys (ConfUtils.java:logGet(44)) - raft.server.log.segment.size.max = 1048576 (custom)
2022-01-11 23:54:01,555 [pool-376-thread-1] INFO  server.RaftServerConfigKeys (ConfUtils.java:logGet(44)) - raft.server.log.segment.cache.num.max = 2 (custom)
2022-01-11 23:54:01,555 [pool-376-thread-1] INFO  server.RaftServerConfigKeys (ConfUtils.java:logGet(44)) - raft.server.log.segment.cache.size.max = 200MB (=209715200) (default)
2022-01-11 23:54:01,555 [pool-376-thread-1] INFO  segmented.SegmentedRaftLogWorker (SegmentedRaftLogWorker.java:<init>(182)) - new 757e1abf-caf6-4356-ad73-d786994982ad@group-29C336287606-SegmentedRaftLogWorker for RaftStorageImpl:Storage Directory /home/runner/work/ozone/ozone/hadoop-ozone/integration-test/target/test-dir/MiniOzoneClusterImpl-84b3519b-a2d3-47e7-8c84-34506f72c9f7/datanode-4/data/ratis/9af18b33-0efc-4508-87fb-29c336287606
2022-01-11 23:54:01,555 [pool-376-thread-1] INFO  server.RaftServerConfigKeys (ConfUtils.java:logGet(44)) - raft.server.log.queue.byte-limit = 2147483647 (custom)
2022-01-11 23:54:01,555 [pool-376-thread-1] INFO  server.RaftServerConfigKeys (ConfUtils.java:logGet(44)) - raft.server.log.queue.element-limit = 1024 (custom)
2022-01-11 23:54:01,555 [pool-376-thread-1] INFO  server.RaftServerConfigKeys (ConfUtils.java:logGet(44)) - raft.server.log.segment.size.max = 1048576 (custom)
2022-01-11 23:54:01,555 [pool-376-thread-1] INFO  server.RaftServerConfigKeys (ConfUtils.java:logGet(44)) - raft.server.log.preallocated.size = 16384 (custom)
2022-01-11 23:54:01,555 [pool-376-thread-1] INFO  server.RaftServerConfigKeys (ConfUtils.java:logGet(44)) - raft.server.log.force.sync.num = 128 (default)
2022-01-11 23:54:01,555 [pool-376-thread-1] INFO  server.RaftServerConfigKeys (ConfUtils.java:logGet(44)) - raft.server.log.statemachine.data.sync = true (default)
2022-01-11 23:54:01,555 [pool-376-thread-1] INFO  server.RaftServerConfigKeys (ConfUtils.java:logGet(44)) - raft.server.log.statemachine.data.sync.timeout = 10s (default)
2022-01-11 23:54:01,555 [pool-376-thread-1] INFO  server.RaftServerConfigKeys (ConfUtils.java:logGet(44)) - raft.server.log.statemachine.data.sync.timeout.retry = -1 (default)
2022-01-11 23:54:01,556 [pool-376-thread-1] INFO  server.RaftServerConfigKeys (ConfUtils.java:logGet(44)) - raft.server.log.write.buffer.size = 1048576 (custom)
2022-01-11 23:54:01,557 [pool-376-thread-1] INFO  server.RaftServerConfigKeys (ConfUtils.java:logGet(44)) - raft.server.log.statemachine.data.caching.enabled = true (custom)
2022-01-11 23:54:01,557 [pool-376-thread-1] INFO  segmented.SegmentedRaftLogWorker (SegmentedRaftLogWorker.java:lambda$new$0(133)) - 757e1abf-caf6-4356-ad73-d786994982ad@group-29C336287606-SegmentedRaftLogWorker: flushIndex: setUnconditionally 0 -> -1
2022-01-11 23:54:01,557 [pool-376-thread-1] INFO  segmented.SegmentedRaftLogWorker (SegmentedRaftLogWorker.java:lambda$new$0(133)) - 757e1abf-caf6-4356-ad73-d786994982ad@group-29C336287606-SegmentedRaftLogWorker: safeCacheEvictIndex: setUnconditionally 0 -> -1
2022-01-11 23:54:01,558 [pool-376-thread-1] INFO  server.RaftServerConfigKeys (ConfUtils.java:logGet(44)) - raft.server.snapshot.auto.trigger.enabled = true (custom)
2022-01-11 23:54:01,558 [pool-376-thread-1] INFO  server.RaftServerConfigKeys (ConfUtils.java:logGet(44)) - raft.server.snapshot.auto.trigger.threshold = 10000 (custom)
2022-01-11 23:54:01,558 [pool-376-thread-1] INFO  server.RaftServerConfigKeys (ConfUtils.java:logGet(44)) - raft.server.snapshot.retention.file.num = 5 (custom)
2022-01-11 23:54:01,558 [pool-376-thread-1] INFO  server.RaftServerConfigKeys (ConfUtils.java:logGet(44)) - raft.server.log.purge.upto.snapshot.index = false (default)
2022-01-11 23:54:01,558 [pool-376-thread-1] INFO  server.RaftServerConfigKeys (ConfUtils.java:logGet(44)) - raft.server.retrycache.expirytime = 600000ms (custom)
2022-01-11 23:54:01,558 [pool-376-thread-1] INFO  server.RaftServerConfigKeys (ConfUtils.java:logGet(44)) - raft.server.retrycache.statistics.expirytime = 100μs (default)
2022-01-11 23:54:01,559 [pool-376-thread-1] INFO  server.RaftServer$Division (RaftServerImpl.java:start(301)) - 757e1abf-caf6-4356-ad73-d786994982ad@group-29C336287606: start as a follower, conf=-1: [2a1c9333-8641-498a-88f2-87bcecbe0d18|rpc:10.1.0.37:38177|dataStream:|priority:0, 757e1abf-caf6-4356-ad73-d786994982ad|rpc:10.1.0.37:41749|dataStream:|priority:1, 77c66afc-fa73-4d89-b59d-9adc22a556cf|rpc:10.1.0.37:40587|dataStream:|priority:0], old=null
2022-01-11 23:54:01,559 [pool-376-thread-1] INFO  server.RaftServer$Division (RaftServerImpl.java:setRole(290)) - 757e1abf-caf6-4356-ad73-d786994982ad@group-29C336287606: changes role from      null to FOLLOWER at term 0 for startAsFollower
2022-01-11 23:54:01,559 [pool-376-thread-1] INFO  impl.RoleInfo (RoleInfo.java:updateAndGet(130)) - 757e1abf-caf6-4356-ad73-d786994982ad: start 757e1abf-caf6-4356-ad73-d786994982ad@group-29C336287606-FollowerState
2022-01-11 23:54:01,560 [pool-376-thread-1] INFO  util.JmxRegister (JmxRegister.java:tryRegister(44)) - Successfully registered JMX Bean with object name Ratis:service=RaftServer,group=group-29C336287606,id=757e1abf-caf6-4356-ad73-d786994982ad
2022-01-11 23:54:01,589 [Command processor thread] INFO  commandhandler.CreatePipelineCommandHandler (CreatePipelineCommandHandler.java:handle(106)) - Created Pipeline RATIS THREE PipelineID=9af18b33-0efc-4508-87fb-29c336287606.
2022-01-11 23:54:01,590 [Command processor thread] INFO  server.RaftServer (RaftServerProxy.java:addNew(95)) - 77c66afc-fa73-4d89-b59d-9adc22a556cf: addNew group-36EC4F650869:[2a1c9333-8641-498a-88f2-87bcecbe0d18|rpc:10.1.0.37:38177|priority:0, 757e1abf-caf6-4356-ad73-d786994982ad|rpc:10.1.0.37:41749|priority:0, 77c66afc-fa73-4d89-b59d-9adc22a556cf|rpc:10.1.0.37:40587|priority:1] returns group-36EC4F650869:java.util.concurrent.CompletableFuture@6b027ae8[Not completed]
2022-01-11 23:54:01,590 [pool-355-thread-1] INFO  server.RaftServer$Division (RaftServerImpl.java:<init>(184)) - 77c66afc-fa73-4d89-b59d-9adc22a556cf: new RaftServerImpl for group-36EC4F650869:[2a1c9333-8641-498a-88f2-87bcecbe0d18|rpc:10.1.0.37:38177|priority:0, 757e1abf-caf6-4356-ad73-d786994982ad|rpc:10.1.0.37:41749|priority:0, 77c66afc-fa73-4d89-b59d-9adc22a556cf|rpc:10.1.0.37:40587|priority:1] with ContainerStateMachine:uninitialized
2022-01-11 23:54:01,591 [pool-355-thread-1] INFO  server.RaftServerConfigKeys (ConfUtils.java:logGet(44)) - raft.server.rpc.timeout.min = 5s (custom)
2022-01-11 23:54:01,591 [pool-355-thread-1] INFO  server.RaftServerConfigKeys (ConfUtils.java:logGet(44)) - raft.server.rpc.timeout.max = 5200ms (custom)
2022-01-11 23:54:01,591 [pool-355-thread-1] INFO  server.RaftServerConfigKeys (ConfUtils.java:logGet(44)) - raft.server.rpc.sleep.time = 25ms (default)
2022-01-11 23:54:01,591 [pool-355-thread-1] INFO  server.RaftServerConfigKeys (ConfUtils.java:logGet(44)) - raft.server.rpc.slowness.timeout = 300000ms (custom)
2022-01-11 23:54:01,591 [pool-355-thread-1] INFO  server.RaftServerConfigKeys (ConfUtils.java:logGet(44)) - raft.server.leaderelection.leader.step-down.wait-time = 10s (default)
2022-01-11 23:54:01,591 [pool-355-thread-1] INFO  server.RaftServerConfigKeys (ConfUtils.java:logGet(44)) - raft.server.sleep.deviation.threshold = 300ms (default)
2022-01-11 23:54:01,591 [pool-355-thread-1] INFO  server.RaftServerConfigKeys (ConfUtils.java:logGet(44)) - raft.server.log.appender.install.snapshot.enabled = false (custom)
2022-01-11 23:54:01,591 [pool-355-thread-1] INFO  server.RaftServer$Division (ServerState.java:<init>(105)) - 77c66afc-fa73-4d89-b59d-9adc22a556cf@group-36EC4F650869: ConfigurationManager, init=-1: [2a1c9333-8641-498a-88f2-87bcecbe0d18|rpc:10.1.0.37:38177|priority:0, 757e1abf-caf6-4356-ad73-d786994982ad|rpc:10.1.0.37:41749|priority:0, 77c66afc-fa73-4d89-b59d-9adc22a556cf|rpc:10.1.0.37:40587|priority:1], old=null, confs=<EMPTY_MAP>
2022-01-11 23:54:01,591 [pool-355-thread-1] INFO  server.RaftServerConfigKeys (ConfUtils.java:logGet(44)) - raft.server.storage.dir = [/home/runner/work/ozone/ozone/hadoop-ozone/integration-test/target/test-dir/MiniOzoneClusterImpl-84b3519b-a2d3-47e7-8c84-34506f72c9f7/datanode-3/data/ratis] (custom)
2022-01-11 23:54:01,591 [pool-355-thread-1] INFO  server.RaftServerConfigKeys (ConfUtils.java:logGet(44)) - raft.server.log.corruption.policy = EXCEPTION (default)
2022-01-11 23:54:01,591 [pool-355-thread-1] INFO  server.RaftServerConfigKeys (ConfUtils.java:logGet(44)) - raft.server.storage.free-space.min = 0MB (=0) (default)
2022-01-11 23:54:01,591 [pool-355-thread-1] INFO  storage.RaftStorageDirectory (RaftStorageDirectoryImpl.java:analyzeStorage(135)) - The storage directory /home/runner/work/ozone/ozone/hadoop-ozone/integration-test/target/test-dir/MiniOzoneClusterImpl-84b3519b-a2d3-47e7-8c84-34506f72c9f7/datanode-3/data/ratis/1afd3704-aaf0-437f-bd8e-36ec4f650869 does not exist. Creating ...
2022-01-11 23:54:01,592 [pool-355-thread-1] INFO  storage.RaftStorageDirectory (RaftStorageDirectoryImpl.java:tryLock(230)) - Lock on /home/runner/work/ozone/ozone/hadoop-ozone/integration-test/target/test-dir/MiniOzoneClusterImpl-84b3519b-a2d3-47e7-8c84-34506f72c9f7/datanode-3/data/ratis/1afd3704-aaf0-437f-bd8e-36ec4f650869/in_use.lock acquired by nodename 350@fv-az59-280
2022-01-11 23:54:01,596 [pool-355-thread-1] INFO  storage.RaftStorage (RaftStorageImpl.java:format(89)) - Storage directory /home/runner/work/ozone/ozone/hadoop-ozone/integration-test/target/test-dir/MiniOzoneClusterImpl-84b3519b-a2d3-47e7-8c84-34506f72c9f7/datanode-3/data/ratis/1afd3704-aaf0-437f-bd8e-36ec4f650869 has been successfully formatted.
2022-01-11 23:54:01,596 [pool-355-thread-1] INFO  ratis.ContainerStateMachine (ContainerStateMachine.java:loadSnapshot(231)) - group-36EC4F650869: The snapshot info is null. Setting the last applied indexto:(t:0, i:~)
2022-01-11 23:54:01,597 [pool-355-thread-1] INFO  server.RaftServerConfigKeys (ConfUtils.java:logGet(44)) - raft.server.notification.no-leader.timeout = 300000ms (custom)
2022-01-11 23:54:01,597 [pool-355-thread-1] INFO  server.RaftServerConfigKeys (ConfUtils.java:logGet(44)) - raft.server.log.use.memory = false (default)
2022-01-11 23:54:01,597 [pool-355-thread-1] INFO  server.RaftServerConfigKeys (ConfUtils.java:logGet(44)) - raft.server.log.purge.gap = 1000000 (custom)
2022-01-11 23:54:01,597 [pool-355-thread-1] INFO  server.RaftServerConfigKeys (ConfUtils.java:logGet(44)) - raft.server.log.appender.buffer.byte-limit = 33554432 (custom)
2022-01-11 23:54:01,598 [EventQueue-OpenPipelineForHealthyPipelineSafeModeRule] INFO  safemode.SCMSafeModeManager (HealthyPipelineSafeModeRule.java:process(124)) - SCM in safe mode. Healthy pipelines reported count is 0, required healthy pipeline reported count is 1
2022-01-11 23:54:01,598 [pool-355-thread-1] INFO  server.RaftServerConfigKeys (ConfUtils.java:logGet(44)) - raft.server.log.segment.size.max = 1048576 (custom)
2022-01-11 23:54:01,599 [pool-355-thread-1] INFO  server.RaftServerConfigKeys (ConfUtils.java:logGet(44)) - raft.server.log.segment.cache.num.max = 2 (custom)
2022-01-11 23:54:01,599 [pool-355-thread-1] INFO  server.RaftServerConfigKeys (ConfUtils.java:logGet(44)) - raft.server.log.segment.cache.size.max = 200MB (=209715200) (default)
2022-01-11 23:54:01,599 [pool-355-thread-1] INFO  segmented.SegmentedRaftLogWorker (SegmentedRaftLogWorker.java:<init>(182)) - new 77c66afc-fa73-4d89-b59d-9adc22a556cf@group-36EC4F650869-SegmentedRaftLogWorker for RaftStorageImpl:Storage Directory /home/runner/work/ozone/ozone/hadoop-ozone/integration-test/target/test-dir/MiniOzoneClusterImpl-84b3519b-a2d3-47e7-8c84-34506f72c9f7/datanode-3/data/ratis/1afd3704-aaf0-437f-bd8e-36ec4f650869
2022-01-11 23:54:01,599 [pool-355-thread-1] INFO  server.RaftServerConfigKeys (ConfUtils.java:logGet(44)) - raft.server.log.queue.byte-limit = 2147483647 (custom)
2022-01-11 23:54:01,599 [pool-355-thread-1] INFO  server.RaftServerConfigKeys (ConfUtils.java:logGet(44)) - raft.server.log.queue.element-limit = 1024 (custom)
2022-01-11 23:54:01,599 [pool-355-thread-1] INFO  server.RaftServerConfigKeys (ConfUtils.java:logGet(44)) - raft.server.log.segment.size.max = 1048576 (custom)
2022-01-11 23:54:01,599 [pool-355-thread-1] INFO  server.RaftServerConfigKeys (ConfUtils.java:logGet(44)) - raft.server.log.preallocated.size = 16384 (custom)
2022-01-11 23:54:01,599 [pool-355-thread-1] INFO  server.RaftServerConfigKeys (ConfUtils.java:logGet(44)) - raft.server.log.force.sync.num = 128 (default)
2022-01-11 23:54:01,599 [pool-355-thread-1] INFO  server.RaftServerConfigKeys (ConfUtils.java:logGet(44)) - raft.server.log.statemachine.data.sync = true (default)
2022-01-11 23:54:01,599 [pool-355-thread-1] INFO  server.RaftServerConfigKeys (ConfUtils.java:logGet(44)) - raft.server.log.statemachine.data.sync.timeout = 10s (default)
2022-01-11 23:54:01,599 [pool-355-thread-1] INFO  server.RaftServerConfigKeys (ConfUtils.java:logGet(44)) - raft.server.log.statemachine.data.sync.timeout.retry = -1 (default)
2022-01-11 23:54:01,600 [pool-355-thread-1] INFO  server.RaftServerConfigKeys (ConfUtils.java:logGet(44)) - raft.server.log.write.buffer.size = 1048576 (custom)
2022-01-11 23:54:01,601 [pool-355-thread-1] INFO  server.RaftServerConfigKeys (ConfUtils.java:logGet(44)) - raft.server.log.statemachine.data.caching.enabled = true (custom)
2022-01-11 23:54:01,613 [pool-355-thread-1] INFO  segmented.SegmentedRaftLogWorker (SegmentedRaftLogWorker.java:lambda$new$0(133)) - 77c66afc-fa73-4d89-b59d-9adc22a556cf@group-36EC4F650869-SegmentedRaftLogWorker: flushIndex: setUnconditionally 0 -> -1
2022-01-11 23:54:01,613 [pool-355-thread-1] INFO  segmented.SegmentedRaftLogWorker (SegmentedRaftLogWorker.java:lambda$new$0(133)) - 77c66afc-fa73-4d89-b59d-9adc22a556cf@group-36EC4F650869-SegmentedRaftLogWorker: safeCacheEvictIndex: setUnconditionally 0 -> -1
2022-01-11 23:54:01,617 [pool-355-thread-1] INFO  server.RaftServerConfigKeys (ConfUtils.java:logGet(44)) - raft.server.snapshot.auto.trigger.enabled = true (custom)
2022-01-11 23:54:01,617 [pool-355-thread-1] INFO  server.RaftServerConfigKeys (ConfUtils.java:logGet(44)) - raft.server.snapshot.auto.trigger.threshold = 10000 (custom)
2022-01-11 23:54:01,617 [pool-355-thread-1] INFO  server.RaftServerConfigKeys (ConfUtils.java:logGet(44)) - raft.server.snapshot.retention.file.num = 5 (custom)
2022-01-11 23:54:01,617 [pool-355-thread-1] INFO  server.RaftServerConfigKeys (ConfUtils.java:logGet(44)) - raft.server.log.purge.upto.snapshot.index = false (default)
2022-01-11 23:54:01,617 [pool-355-thread-1] INFO  server.RaftServerConfigKeys (ConfUtils.java:logGet(44)) - raft.server.retrycache.expirytime = 600000ms (custom)
2022-01-11 23:54:01,617 [pool-355-thread-1] INFO  server.RaftServerConfigKeys (ConfUtils.java:logGet(44)) - raft.server.retrycache.statistics.expirytime = 100μs (default)
2022-01-11 23:54:01,625 [pool-355-thread-1] INFO  server.RaftServer$Division (RaftServerImpl.java:start(301)) - 77c66afc-fa73-4d89-b59d-9adc22a556cf@group-36EC4F650869: start as a follower, conf=-1: [2a1c9333-8641-498a-88f2-87bcecbe0d18|rpc:10.1.0.37:38177|priority:0, 757e1abf-caf6-4356-ad73-d786994982ad|rpc:10.1.0.37:41749|priority:0, 77c66afc-fa73-4d89-b59d-9adc22a556cf|rpc:10.1.0.37:40587|priority:1], old=null
2022-01-11 23:54:01,625 [pool-355-thread-1] INFO  server.RaftServer$Division (RaftServerImpl.java:setRole(290)) - 77c66afc-fa73-4d89-b59d-9adc22a556cf@group-36EC4F650869: changes role from      null to FOLLOWER at term 0 for startAsFollower
2022-01-11 23:54:01,625 [pool-355-thread-1] INFO  impl.RoleInfo (RoleInfo.java:updateAndGet(130)) - 77c66afc-fa73-4d89-b59d-9adc22a556cf: start 77c66afc-fa73-4d89-b59d-9adc22a556cf@group-36EC4F650869-FollowerState
2022-01-11 23:54:01,628 [pool-355-thread-1] INFO  util.JmxRegister (JmxRegister.java:tryRegister(44)) - Successfully registered JMX Bean with object name Ratis:service=RaftServer,group=group-36EC4F650869,id=77c66afc-fa73-4d89-b59d-9adc22a556cf
2022-01-11 23:54:01,637 [Command processor thread] INFO  ratis.XceiverServerRatis (XceiverServerRatis.java:addGroup(768)) - Created group PipelineID=1afd3704-aaf0-437f-bd8e-36ec4f650869
2022-01-11 23:54:01,643 [grpc-default-executor-2] INFO  server.RaftServer (RaftServerProxy.java:addNew(95)) - 2a1c9333-8641-498a-88f2-87bcecbe0d18: addNew group-36EC4F650869:[2a1c9333-8641-498a-88f2-87bcecbe0d18|rpc:10.1.0.37:38177|dataStream:|priority:0, 757e1abf-caf6-4356-ad73-d786994982ad|rpc:10.1.0.37:41749|dataStream:|priority:0, 77c66afc-fa73-4d89-b59d-9adc22a556cf|rpc:10.1.0.37:40587|dataStream:|priority:1] returns group-36EC4F650869:java.util.concurrent.CompletableFuture@49b2adcc[Not completed]
2022-01-11 23:54:01,644 [pool-397-thread-1] INFO  server.RaftServer$Division (RaftServerImpl.java:<init>(184)) - 2a1c9333-8641-498a-88f2-87bcecbe0d18: new RaftServerImpl for group-36EC4F650869:[2a1c9333-8641-498a-88f2-87bcecbe0d18|rpc:10.1.0.37:38177|dataStream:|priority:0, 757e1abf-caf6-4356-ad73-d786994982ad|rpc:10.1.0.37:41749|dataStream:|priority:0, 77c66afc-fa73-4d89-b59d-9adc22a556cf|rpc:10.1.0.37:40587|dataStream:|priority:1] with ContainerStateMachine:uninitialized
2022-01-11 23:54:01,644 [pool-397-thread-1] INFO  server.RaftServerConfigKeys (ConfUtils.java:logGet(44)) - raft.server.rpc.timeout.min = 5s (custom)
2022-01-11 23:54:01,644 [pool-397-thread-1] INFO  server.RaftServerConfigKeys (ConfUtils.java:logGet(44)) - raft.server.rpc.timeout.max = 5200ms (custom)
2022-01-11 23:54:01,644 [pool-397-thread-1] INFO  server.RaftServerConfigKeys (ConfUtils.java:logGet(44)) - raft.server.rpc.sleep.time = 25ms (default)
2022-01-11 23:54:01,644 [pool-397-thread-1] INFO  server.RaftServerConfigKeys (ConfUtils.java:logGet(44)) - raft.server.rpc.slowness.timeout = 300000ms (custom)
2022-01-11 23:54:01,644 [pool-397-thread-1] INFO  server.RaftServerConfigKeys (ConfUtils.java:logGet(44)) - raft.server.leaderelection.leader.step-down.wait-time = 10s (default)
2022-01-11 23:54:01,644 [pool-397-thread-1] INFO  server.RaftServerConfigKeys (ConfUtils.java:logGet(44)) - raft.server.sleep.deviation.threshold = 300ms (default)
2022-01-11 23:54:01,645 [pool-397-thread-1] INFO  server.RaftServerConfigKeys (ConfUtils.java:logGet(44)) - raft.server.log.appender.install.snapshot.enabled = false (custom)
2022-01-11 23:54:01,645 [pool-397-thread-1] INFO  server.RaftServer$Division (ServerState.java:<init>(105)) - 2a1c9333-8641-498a-88f2-87bcecbe0d18@group-36EC4F650869: ConfigurationManager, init=-1: [2a1c9333-8641-498a-88f2-87bcecbe0d18|rpc:10.1.0.37:38177|dataStream:|priority:0, 757e1abf-caf6-4356-ad73-d786994982ad|rpc:10.1.0.37:41749|dataStream:|priority:0, 77c66afc-fa73-4d89-b59d-9adc22a556cf|rpc:10.1.0.37:40587|dataStream:|priority:1], old=null, confs=<EMPTY_MAP>
2022-01-11 23:54:01,645 [pool-397-thread-1] INFO  server.RaftServerConfigKeys (ConfUtils.java:logGet(44)) - raft.server.storage.dir = [/home/runner/work/ozone/ozone/hadoop-ozone/integration-test/target/test-dir/MiniOzoneClusterImpl-84b3519b-a2d3-47e7-8c84-34506f72c9f7/datanode-5/data/ratis] (custom)
2022-01-11 23:54:01,645 [pool-397-thread-1] INFO  server.RaftServerConfigKeys (ConfUtils.java:logGet(44)) - raft.server.log.corruption.policy = EXCEPTION (default)
2022-01-11 23:54:01,645 [pool-397-thread-1] INFO  server.RaftServerConfigKeys (ConfUtils.java:logGet(44)) - raft.server.storage.free-space.min = 0MB (=0) (default)
2022-01-11 23:54:01,645 [pool-397-thread-1] INFO  storage.RaftStorageDirectory (RaftStorageDirectoryImpl.java:analyzeStorage(135)) - The storage directory /home/runner/work/ozone/ozone/hadoop-ozone/integration-test/target/test-dir/MiniOzoneClusterImpl-84b3519b-a2d3-47e7-8c84-34506f72c9f7/datanode-5/data/ratis/1afd3704-aaf0-437f-bd8e-36ec4f650869 does not exist. Creating ...
2022-01-11 23:54:01,646 [pool-397-thread-1] INFO  storage.RaftStorageDirectory (RaftStorageDirectoryImpl.java:tryLock(230)) - Lock on /home/runner/work/ozone/ozone/hadoop-ozone/integration-test/target/test-dir/MiniOzoneClusterImpl-84b3519b-a2d3-47e7-8c84-34506f72c9f7/datanode-5/data/ratis/1afd3704-aaf0-437f-bd8e-36ec4f650869/in_use.lock acquired by nodename 350@fv-az59-280
2022-01-11 23:54:01,647 [pool-397-thread-1] INFO  storage.RaftStorage (RaftStorageImpl.java:format(89)) - Storage directory /home/runner/work/ozone/ozone/hadoop-ozone/integration-test/target/test-dir/MiniOzoneClusterImpl-84b3519b-a2d3-47e7-8c84-34506f72c9f7/datanode-5/data/ratis/1afd3704-aaf0-437f-bd8e-36ec4f650869 has been successfully formatted.
2022-01-11 23:54:01,648 [pool-397-thread-1] INFO  ratis.ContainerStateMachine (ContainerStateMachine.java:loadSnapshot(231)) - group-36EC4F650869: The snapshot info is null. Setting the last applied indexto:(t:0, i:~)
2022-01-11 23:54:01,651 [pool-397-thread-1] INFO  server.RaftServerConfigKeys (ConfUtils.java:logGet(44)) - raft.server.notification.no-leader.timeout = 300000ms (custom)
2022-01-11 23:54:01,651 [pool-397-thread-1] INFO  server.RaftServerConfigKeys (ConfUtils.java:logGet(44)) - raft.server.log.use.memory = false (default)
2022-01-11 23:54:01,651 [pool-397-thread-1] INFO  server.RaftServerConfigKeys (ConfUtils.java:logGet(44)) - raft.server.log.purge.gap = 1000000 (custom)
2022-01-11 23:54:01,651 [pool-397-thread-1] INFO  server.RaftServerConfigKeys (ConfUtils.java:logGet(44)) - raft.server.log.appender.buffer.byte-limit = 33554432 (custom)
2022-01-11 23:54:01,652 [pool-397-thread-1] INFO  server.RaftServerConfigKeys (ConfUtils.java:logGet(44)) - raft.server.log.segment.size.max = 1048576 (custom)
2022-01-11 23:54:01,652 [pool-397-thread-1] INFO  server.RaftServerConfigKeys (ConfUtils.java:logGet(44)) - raft.server.log.segment.cache.num.max = 2 (custom)
2022-01-11 23:54:01,652 [pool-397-thread-1] INFO  server.RaftServerConfigKeys (ConfUtils.java:logGet(44)) - raft.server.log.segment.cache.size.max = 200MB (=209715200) (default)
2022-01-11 23:54:01,652 [pool-397-thread-1] INFO  segmented.SegmentedRaftLogWorker (SegmentedRaftLogWorker.java:<init>(182)) - new 2a1c9333-8641-498a-88f2-87bcecbe0d18@group-36EC4F650869-SegmentedRaftLogWorker for RaftStorageImpl:Storage Directory /home/runner/work/ozone/ozone/hadoop-ozone/integration-test/target/test-dir/MiniOzoneClusterImpl-84b3519b-a2d3-47e7-8c84-34506f72c9f7/datanode-5/data/ratis/1afd3704-aaf0-437f-bd8e-36ec4f650869
2022-01-11 23:54:01,652 [pool-397-thread-1] INFO  server.RaftServerConfigKeys (ConfUtils.java:logGet(44)) - raft.server.log.queue.byte-limit = 2147483647 (custom)
2022-01-11 23:54:01,652 [pool-397-thread-1] INFO  server.RaftServerConfigKeys (ConfUtils.java:logGet(44)) - raft.server.log.queue.element-limit = 1024 (custom)
2022-01-11 23:54:01,652 [pool-397-thread-1] INFO  server.RaftServerConfigKeys (ConfUtils.java:logGet(44)) - raft.server.log.segment.size.max = 1048576 (custom)
2022-01-11 23:54:01,652 [pool-397-thread-1] INFO  server.RaftServerConfigKeys (ConfUtils.java:logGet(44)) - raft.server.log.preallocated.size = 16384 (custom)
2022-01-11 23:54:01,652 [pool-397-thread-1] INFO  server.RaftServerConfigKeys (ConfUtils.java:logGet(44)) - raft.server.log.force.sync.num = 128 (default)
2022-01-11 23:54:01,652 [pool-397-thread-1] INFO  server.RaftServerConfigKeys (ConfUtils.java:logGet(44)) - raft.server.log.statemachine.data.sync = true (default)
2022-01-11 23:54:01,652 [pool-397-thread-1] INFO  server.RaftServerConfigKeys (ConfUtils.java:logGet(44)) - raft.server.log.statemachine.data.sync.timeout = 10s (default)
2022-01-11 23:54:01,653 [pool-397-thread-1] INFO  server.RaftServerConfigKeys (ConfUtils.java:logGet(44)) - raft.server.log.statemachine.data.sync.timeout.retry = -1 (default)
2022-01-11 23:54:01,653 [pool-397-thread-1] INFO  server.RaftServerConfigKeys (ConfUtils.java:logGet(44)) - raft.server.log.write.buffer.size = 1048576 (custom)
2022-01-11 23:54:01,654 [pool-397-thread-1] INFO  server.RaftServerConfigKeys (ConfUtils.java:logGet(44)) - raft.server.log.statemachine.data.caching.enabled = true (custom)
2022-01-11 23:54:01,661 [pool-397-thread-1] INFO  segmented.SegmentedRaftLogWorker (SegmentedRaftLogWorker.java:lambda$new$0(133)) - 2a1c9333-8641-498a-88f2-87bcecbe0d18@group-36EC4F650869-SegmentedRaftLogWorker: flushIndex: setUnconditionally 0 -> -1
2022-01-11 23:54:01,661 [pool-397-thread-1] INFO  segmented.SegmentedRaftLogWorker (SegmentedRaftLogWorker.java:lambda$new$0(133)) - 2a1c9333-8641-498a-88f2-87bcecbe0d18@group-36EC4F650869-SegmentedRaftLogWorker: safeCacheEvictIndex: setUnconditionally 0 -> -1
2022-01-11 23:54:01,664 [pool-397-thread-1] INFO  server.RaftServerConfigKeys (ConfUtils.java:logGet(44)) - raft.server.snapshot.auto.trigger.enabled = true (custom)
2022-01-11 23:54:01,664 [pool-397-thread-1] INFO  server.RaftServerConfigKeys (ConfUtils.java:logGet(44)) - raft.server.snapshot.auto.trigger.threshold = 10000 (custom)
2022-01-11 23:54:01,664 [pool-397-thread-1] INFO  server.RaftServerConfigKeys (ConfUtils.java:logGet(44)) - raft.server.snapshot.retention.file.num = 5 (custom)
2022-01-11 23:54:01,664 [pool-397-thread-1] INFO  server.RaftServerConfigKeys (ConfUtils.java:logGet(44)) - raft.server.log.purge.upto.snapshot.index = false (default)
2022-01-11 23:54:01,664 [pool-397-thread-1] INFO  server.RaftServerConfigKeys (ConfUtils.java:logGet(44)) - raft.server.retrycache.expirytime = 600000ms (custom)
2022-01-11 23:54:01,664 [pool-397-thread-1] INFO  server.RaftServerConfigKeys (ConfUtils.java:logGet(44)) - raft.server.retrycache.statistics.expirytime = 100μs (default)
2022-01-11 23:54:01,666 [pool-397-thread-1] INFO  server.RaftServer$Division (RaftServerImpl.java:start(301)) - 2a1c9333-8641-498a-88f2-87bcecbe0d18@group-36EC4F650869: start as a follower, conf=-1: [2a1c9333-8641-498a-88f2-87bcecbe0d18|rpc:10.1.0.37:38177|dataStream:|priority:0, 757e1abf-caf6-4356-ad73-d786994982ad|rpc:10.1.0.37:41749|dataStream:|priority:0, 77c66afc-fa73-4d89-b59d-9adc22a556cf|rpc:10.1.0.37:40587|dataStream:|priority:1], old=null
2022-01-11 23:54:01,666 [pool-397-thread-1] INFO  server.RaftServer$Division (RaftServerImpl.java:setRole(290)) - 2a1c9333-8641-498a-88f2-87bcecbe0d18@group-36EC4F650869: changes role from      null to FOLLOWER at term 0 for startAsFollower
2022-01-11 23:54:01,666 [pool-397-thread-1] INFO  impl.RoleInfo (RoleInfo.java:updateAndGet(130)) - 2a1c9333-8641-498a-88f2-87bcecbe0d18: start 2a1c9333-8641-498a-88f2-87bcecbe0d18@group-36EC4F650869-FollowerState
2022-01-11 23:54:01,666 [pool-397-thread-1] INFO  util.JmxRegister (JmxRegister.java:tryRegister(44)) - Successfully registered JMX Bean with object name Ratis:service=RaftServer,group=group-36EC4F650869,id=2a1c9333-8641-498a-88f2-87bcecbe0d18
2022-01-11 23:54:01,693 [grpc-default-executor-2] INFO  server.RaftServer (RaftServerProxy.java:addNew(95)) - 757e1abf-caf6-4356-ad73-d786994982ad: addNew group-36EC4F650869:[2a1c9333-8641-498a-88f2-87bcecbe0d18|rpc:10.1.0.37:38177|dataStream:|priority:0, 757e1abf-caf6-4356-ad73-d786994982ad|rpc:10.1.0.37:41749|dataStream:|priority:0, 77c66afc-fa73-4d89-b59d-9adc22a556cf|rpc:10.1.0.37:40587|dataStream:|priority:1] returns group-36EC4F650869:java.util.concurrent.CompletableFuture@51379e23[Not completed]
2022-01-11 23:54:01,694 [pool-376-thread-1] INFO  server.RaftServer$Division (RaftServerImpl.java:<init>(184)) - 757e1abf-caf6-4356-ad73-d786994982ad: new RaftServerImpl for group-36EC4F650869:[2a1c9333-8641-498a-88f2-87bcecbe0d18|rpc:10.1.0.37:38177|dataStream:|priority:0, 757e1abf-caf6-4356-ad73-d786994982ad|rpc:10.1.0.37:41749|dataStream:|priority:0, 77c66afc-fa73-4d89-b59d-9adc22a556cf|rpc:10.1.0.37:40587|dataStream:|priority:1] with ContainerStateMachine:uninitialized
2022-01-11 23:54:01,694 [pool-376-thread-1] INFO  server.RaftServerConfigKeys (ConfUtils.java:logGet(44)) - raft.server.rpc.timeout.min = 5s (custom)
2022-01-11 23:54:01,694 [pool-376-thread-1] INFO  server.RaftServerConfigKeys (ConfUtils.java:logGet(44)) - raft.server.rpc.timeout.max = 5200ms (custom)
2022-01-11 23:54:01,694 [pool-376-thread-1] INFO  server.RaftServerConfigKeys (ConfUtils.java:logGet(44)) - raft.server.rpc.sleep.time = 25ms (default)
2022-01-11 23:54:01,694 [pool-376-thread-1] INFO  server.RaftServerConfigKeys (ConfUtils.java:logGet(44)) - raft.server.rpc.slowness.timeout = 300000ms (custom)
2022-01-11 23:54:01,694 [pool-376-thread-1] INFO  server.RaftServerConfigKeys (ConfUtils.java:logGet(44)) - raft.server.leaderelection.leader.step-down.wait-time = 10s (default)
2022-01-11 23:54:01,694 [pool-376-thread-1] INFO  server.RaftServerConfigKeys (ConfUtils.java:logGet(44)) - raft.server.sleep.deviation.threshold = 300ms (default)
2022-01-11 23:54:01,694 [pool-376-thread-1] INFO  server.RaftServerConfigKeys (ConfUtils.java:logGet(44)) - raft.server.log.appender.install.snapshot.enabled = false (custom)
2022-01-11 23:54:01,694 [pool-376-thread-1] INFO  server.RaftServer$Division (ServerState.java:<init>(105)) - 757e1abf-caf6-4356-ad73-d786994982ad@group-36EC4F650869: ConfigurationManager, init=-1: [2a1c9333-8641-498a-88f2-87bcecbe0d18|rpc:10.1.0.37:38177|dataStream:|priority:0, 757e1abf-caf6-4356-ad73-d786994982ad|rpc:10.1.0.37:41749|dataStream:|priority:0, 77c66afc-fa73-4d89-b59d-9adc22a556cf|rpc:10.1.0.37:40587|dataStream:|priority:1], old=null, confs=<EMPTY_MAP>
2022-01-11 23:54:01,694 [pool-376-thread-1] INFO  server.RaftServerConfigKeys (ConfUtils.java:logGet(44)) - raft.server.storage.dir = [/home/runner/work/ozone/ozone/hadoop-ozone/integration-test/target/test-dir/MiniOzoneClusterImpl-84b3519b-a2d3-47e7-8c84-34506f72c9f7/datanode-4/data/ratis] (custom)
2022-01-11 23:54:01,694 [pool-376-thread-1] INFO  server.RaftServerConfigKeys (ConfUtils.java:logGet(44)) - raft.server.log.corruption.policy = EXCEPTION (default)
2022-01-11 23:54:01,694 [pool-376-thread-1] INFO  server.RaftServerConfigKeys (ConfUtils.java:logGet(44)) - raft.server.storage.free-space.min = 0MB (=0) (default)
2022-01-11 23:54:01,695 [pool-376-thread-1] INFO  storage.RaftStorageDirectory (RaftStorageDirectoryImpl.java:analyzeStorage(135)) - The storage directory /home/runner/work/ozone/ozone/hadoop-ozone/integration-test/target/test-dir/MiniOzoneClusterImpl-84b3519b-a2d3-47e7-8c84-34506f72c9f7/datanode-4/data/ratis/1afd3704-aaf0-437f-bd8e-36ec4f650869 does not exist. Creating ...
2022-01-11 23:54:01,696 [pool-376-thread-1] INFO  storage.RaftStorageDirectory (RaftStorageDirectoryImpl.java:tryLock(230)) - Lock on /home/runner/work/ozone/ozone/hadoop-ozone/integration-test/target/test-dir/MiniOzoneClusterImpl-84b3519b-a2d3-47e7-8c84-34506f72c9f7/datanode-4/data/ratis/1afd3704-aaf0-437f-bd8e-36ec4f650869/in_use.lock acquired by nodename 350@fv-az59-280
2022-01-11 23:54:01,697 [pool-376-thread-1] INFO  storage.RaftStorage (RaftStorageImpl.java:format(89)) - Storage directory /home/runner/work/ozone/ozone/hadoop-ozone/integration-test/target/test-dir/MiniOzoneClusterImpl-84b3519b-a2d3-47e7-8c84-34506f72c9f7/datanode-4/data/ratis/1afd3704-aaf0-437f-bd8e-36ec4f650869 has been successfully formatted.
2022-01-11 23:54:01,697 [pool-376-thread-1] INFO  ratis.ContainerStateMachine (ContainerStateMachine.java:loadSnapshot(231)) - group-36EC4F650869: The snapshot info is null. Setting the last applied indexto:(t:0, i:~)
2022-01-11 23:54:01,697 [pool-376-thread-1] INFO  server.RaftServerConfigKeys (ConfUtils.java:logGet(44)) - raft.server.notification.no-leader.timeout = 300000ms (custom)
2022-01-11 23:54:01,697 [pool-376-thread-1] INFO  server.RaftServerConfigKeys (ConfUtils.java:logGet(44)) - raft.server.log.use.memory = false (default)
2022-01-11 23:54:01,697 [pool-376-thread-1] INFO  server.RaftServerConfigKeys (ConfUtils.java:logGet(44)) - raft.server.log.purge.gap = 1000000 (custom)
2022-01-11 23:54:01,697 [pool-376-thread-1] INFO  server.RaftServerConfigKeys (ConfUtils.java:logGet(44)) - raft.server.log.appender.buffer.byte-limit = 33554432 (custom)
2022-01-11 23:54:01,697 [pool-376-thread-1] INFO  server.RaftServerConfigKeys (ConfUtils.java:logGet(44)) - raft.server.log.segment.size.max = 1048576 (custom)
2022-01-11 23:54:01,698 [pool-376-thread-1] INFO  server.RaftServerConfigKeys (ConfUtils.java:logGet(44)) - raft.server.log.segment.cache.num.max = 2 (custom)
2022-01-11 23:54:01,698 [pool-376-thread-1] INFO  server.RaftServerConfigKeys (ConfUtils.java:logGet(44)) - raft.server.log.segment.cache.size.max = 200MB (=209715200) (default)
2022-01-11 23:54:01,698 [pool-376-thread-1] INFO  segmented.SegmentedRaftLogWorker (SegmentedRaftLogWorker.java:<init>(182)) - new 757e1abf-caf6-4356-ad73-d786994982ad@group-36EC4F650869-SegmentedRaftLogWorker for RaftStorageImpl:Storage Directory /home/runner/work/ozone/ozone/hadoop-ozone/integration-test/target/test-dir/MiniOzoneClusterImpl-84b3519b-a2d3-47e7-8c84-34506f72c9f7/datanode-4/data/ratis/1afd3704-aaf0-437f-bd8e-36ec4f650869
2022-01-11 23:54:01,698 [pool-376-thread-1] INFO  server.RaftServerConfigKeys (ConfUtils.java:logGet(44)) - raft.server.log.queue.byte-limit = 2147483647 (custom)
2022-01-11 23:54:01,698 [pool-376-thread-1] INFO  server.RaftServerConfigKeys (ConfUtils.java:logGet(44)) - raft.server.log.queue.element-limit = 1024 (custom)
2022-01-11 23:54:01,698 [pool-376-thread-1] INFO  server.RaftServerConfigKeys (ConfUtils.java:logGet(44)) - raft.server.log.segment.size.max = 1048576 (custom)
2022-01-11 23:54:01,698 [pool-376-thread-1] INFO  server.RaftServerConfigKeys (ConfUtils.java:logGet(44)) - raft.server.log.preallocated.size = 16384 (custom)
2022-01-11 23:54:01,698 [pool-376-thread-1] INFO  server.RaftServerConfigKeys (ConfUtils.java:logGet(44)) - raft.server.log.force.sync.num = 128 (default)
2022-01-11 23:54:01,698 [pool-376-thread-1] INFO  server.RaftServerConfigKeys (ConfUtils.java:logGet(44)) - raft.server.log.statemachine.data.sync = true (default)
2022-01-11 23:54:01,698 [pool-376-thread-1] INFO  server.RaftServerConfigKeys (ConfUtils.java:logGet(44)) - raft.server.log.statemachine.data.sync.timeout = 10s (default)
2022-01-11 23:54:01,698 [pool-376-thread-1] INFO  server.RaftServerConfigKeys (ConfUtils.java:logGet(44)) - raft.server.log.statemachine.data.sync.timeout.retry = -1 (default)
2022-01-11 23:54:01,699 [pool-376-thread-1] INFO  server.RaftServerConfigKeys (ConfUtils.java:logGet(44)) - raft.server.log.write.buffer.size = 1048576 (custom)
2022-01-11 23:54:01,700 [pool-376-thread-1] INFO  server.RaftServerConfigKeys (ConfUtils.java:logGet(44)) - raft.server.log.statemachine.data.caching.enabled = true (custom)
2022-01-11 23:54:01,700 [pool-376-thread-1] INFO  segmented.SegmentedRaftLogWorker (SegmentedRaftLogWorker.java:lambda$new$0(133)) - 757e1abf-caf6-4356-ad73-d786994982ad@group-36EC4F650869-SegmentedRaftLogWorker: flushIndex: setUnconditionally 0 -> -1
2022-01-11 23:54:01,700 [pool-376-thread-1] INFO  segmented.SegmentedRaftLogWorker (SegmentedRaftLogWorker.java:lambda$new$0(133)) - 757e1abf-caf6-4356-ad73-d786994982ad@group-36EC4F650869-SegmentedRaftLogWorker: safeCacheEvictIndex: setUnconditionally 0 -> -1
2022-01-11 23:54:01,705 [pool-376-thread-1] INFO  server.RaftServerConfigKeys (ConfUtils.java:logGet(44)) - raft.server.snapshot.auto.trigger.enabled = true (custom)
2022-01-11 23:54:01,705 [pool-376-thread-1] INFO  server.RaftServerConfigKeys (ConfUtils.java:logGet(44)) - raft.server.snapshot.auto.trigger.threshold = 10000 (custom)
2022-01-11 23:54:01,705 [pool-376-thread-1] INFO  server.RaftServerConfigKeys (ConfUtils.java:logGet(44)) - raft.server.snapshot.retention.file.num = 5 (custom)
2022-01-11 23:54:01,705 [pool-376-thread-1] INFO  server.RaftServerConfigKeys (ConfUtils.java:logGet(44)) - raft.server.log.purge.upto.snapshot.index = false (default)
2022-01-11 23:54:01,705 [pool-376-thread-1] INFO  server.RaftServerConfigKeys (ConfUtils.java:logGet(44)) - raft.server.retrycache.expirytime = 600000ms (custom)
2022-01-11 23:54:01,705 [pool-376-thread-1] INFO  server.RaftServerConfigKeys (ConfUtils.java:logGet(44)) - raft.server.retrycache.statistics.expirytime = 100μs (default)
2022-01-11 23:54:01,706 [pool-376-thread-1] INFO  server.RaftServer$Division (RaftServerImpl.java:start(301)) - 757e1abf-caf6-4356-ad73-d786994982ad@group-36EC4F650869: start as a follower, conf=-1: [2a1c9333-8641-498a-88f2-87bcecbe0d18|rpc:10.1.0.37:38177|dataStream:|priority:0, 757e1abf-caf6-4356-ad73-d786994982ad|rpc:10.1.0.37:41749|dataStream:|priority:0, 77c66afc-fa73-4d89-b59d-9adc22a556cf|rpc:10.1.0.37:40587|dataStream:|priority:1], old=null
2022-01-11 23:54:01,706 [pool-376-thread-1] INFO  server.RaftServer$Division (RaftServerImpl.java:setRole(290)) - 757e1abf-caf6-4356-ad73-d786994982ad@group-36EC4F650869: changes role from      null to FOLLOWER at term 0 for startAsFollower
2022-01-11 23:54:01,706 [pool-376-thread-1] INFO  impl.RoleInfo (RoleInfo.java:updateAndGet(130)) - 757e1abf-caf6-4356-ad73-d786994982ad: start 757e1abf-caf6-4356-ad73-d786994982ad@group-36EC4F650869-FollowerState
2022-01-11 23:54:01,716 [pool-376-thread-1] INFO  util.JmxRegister (JmxRegister.java:tryRegister(44)) - Successfully registered JMX Bean with object name Ratis:service=RaftServer,group=group-36EC4F650869,id=757e1abf-caf6-4356-ad73-d786994982ad
2022-01-11 23:54:01,749 [Command processor thread] INFO  commandhandler.CreatePipelineCommandHandler (CreatePipelineCommandHandler.java:handle(106)) - Created Pipeline RATIS THREE PipelineID=1afd3704-aaf0-437f-bd8e-36ec4f650869.
2022-01-11 23:54:01,750 [Command processor thread] INFO  server.RaftServer (RaftServerProxy.java:addNew(95)) - 77c66afc-fa73-4d89-b59d-9adc22a556cf: addNew group-4B271DC99CF9:[2a1c9333-8641-498a-88f2-87bcecbe0d18|rpc:10.1.0.37:38177|priority:1, 757e1abf-caf6-4356-ad73-d786994982ad|rpc:10.1.0.37:41749|priority:0, 77c66afc-fa73-4d89-b59d-9adc22a556cf|rpc:10.1.0.37:40587|priority:0] returns group-4B271DC99CF9:java.util.concurrent.CompletableFuture@5b8ddd5a[Not completed]
2022-01-11 23:54:01,751 [pool-355-thread-1] INFO  server.RaftServer$Division (RaftServerImpl.java:<init>(184)) - 77c66afc-fa73-4d89-b59d-9adc22a556cf: new RaftServerImpl for group-4B271DC99CF9:[2a1c9333-8641-498a-88f2-87bcecbe0d18|rpc:10.1.0.37:38177|priority:1, 757e1abf-caf6-4356-ad73-d786994982ad|rpc:10.1.0.37:41749|priority:0, 77c66afc-fa73-4d89-b59d-9adc22a556cf|rpc:10.1.0.37:40587|priority:0] with ContainerStateMachine:uninitialized
2022-01-11 23:54:01,751 [pool-355-thread-1] INFO  server.RaftServerConfigKeys (ConfUtils.java:logGet(44)) - raft.server.rpc.timeout.min = 5s (custom)
2022-01-11 23:54:01,751 [pool-355-thread-1] INFO  server.RaftServerConfigKeys (ConfUtils.java:logGet(44)) - raft.server.rpc.timeout.max = 5200ms (custom)
2022-01-11 23:54:01,751 [pool-355-thread-1] INFO  server.RaftServerConfigKeys (ConfUtils.java:logGet(44)) - raft.server.rpc.sleep.time = 25ms (default)
2022-01-11 23:54:01,751 [pool-355-thread-1] INFO  server.RaftServerConfigKeys (ConfUtils.java:logGet(44)) - raft.server.rpc.slowness.timeout = 300000ms (custom)
2022-01-11 23:54:01,751 [pool-355-thread-1] INFO  server.RaftServerConfigKeys (ConfUtils.java:logGet(44)) - raft.server.leaderelection.leader.step-down.wait-time = 10s (default)
2022-01-11 23:54:01,751 [pool-355-thread-1] INFO  server.RaftServerConfigKeys (ConfUtils.java:logGet(44)) - raft.server.sleep.deviation.threshold = 300ms (default)
2022-01-11 23:54:01,751 [pool-355-thread-1] INFO  server.RaftServerConfigKeys (ConfUtils.java:logGet(44)) - raft.server.log.appender.install.snapshot.enabled = false (custom)
2022-01-11 23:54:01,751 [pool-355-thread-1] INFO  server.RaftServer$Division (ServerState.java:<init>(105)) - 77c66afc-fa73-4d89-b59d-9adc22a556cf@group-4B271DC99CF9: ConfigurationManager, init=-1: [2a1c9333-8641-498a-88f2-87bcecbe0d18|rpc:10.1.0.37:38177|priority:1, 757e1abf-caf6-4356-ad73-d786994982ad|rpc:10.1.0.37:41749|priority:0, 77c66afc-fa73-4d89-b59d-9adc22a556cf|rpc:10.1.0.37:40587|priority:0], old=null, confs=<EMPTY_MAP>
2022-01-11 23:54:01,751 [pool-355-thread-1] INFO  server.RaftServerConfigKeys (ConfUtils.java:logGet(44)) - raft.server.storage.dir = [/home/runner/work/ozone/ozone/hadoop-ozone/integration-test/target/test-dir/MiniOzoneClusterImpl-84b3519b-a2d3-47e7-8c84-34506f72c9f7/datanode-3/data/ratis] (custom)
2022-01-11 23:54:01,751 [pool-355-thread-1] INFO  server.RaftServerConfigKeys (ConfUtils.java:logGet(44)) - raft.server.log.corruption.policy = EXCEPTION (default)
2022-01-11 23:54:01,751 [pool-355-thread-1] INFO  server.RaftServerConfigKeys (ConfUtils.java:logGet(44)) - raft.server.storage.free-space.min = 0MB (=0) (default)
2022-01-11 23:54:01,751 [pool-355-thread-1] INFO  storage.RaftStorageDirectory (RaftStorageDirectoryImpl.java:analyzeStorage(135)) - The storage directory /home/runner/work/ozone/ozone/hadoop-ozone/integration-test/target/test-dir/MiniOzoneClusterImpl-84b3519b-a2d3-47e7-8c84-34506f72c9f7/datanode-3/data/ratis/5564fd82-da03-4608-bf34-4b271dc99cf9 does not exist. Creating ...
2022-01-11 23:54:01,753 [pool-355-thread-1] INFO  storage.RaftStorageDirectory (RaftStorageDirectoryImpl.java:tryLock(230)) - Lock on /home/runner/work/ozone/ozone/hadoop-ozone/integration-test/target/test-dir/MiniOzoneClusterImpl-84b3519b-a2d3-47e7-8c84-34506f72c9f7/datanode-3/data/ratis/5564fd82-da03-4608-bf34-4b271dc99cf9/in_use.lock acquired by nodename 350@fv-az59-280
2022-01-11 23:54:01,757 [pool-355-thread-1] INFO  storage.RaftStorage (RaftStorageImpl.java:format(89)) - Storage directory /home/runner/work/ozone/ozone/hadoop-ozone/integration-test/target/test-dir/MiniOzoneClusterImpl-84b3519b-a2d3-47e7-8c84-34506f72c9f7/datanode-3/data/ratis/5564fd82-da03-4608-bf34-4b271dc99cf9 has been successfully formatted.
2022-01-11 23:54:01,757 [pool-355-thread-1] INFO  ratis.ContainerStateMachine (ContainerStateMachine.java:loadSnapshot(231)) - group-4B271DC99CF9: The snapshot info is null. Setting the last applied indexto:(t:0, i:~)
2022-01-11 23:54:01,758 [pool-355-thread-1] INFO  server.RaftServerConfigKeys (ConfUtils.java:logGet(44)) - raft.server.notification.no-leader.timeout = 300000ms (custom)
2022-01-11 23:54:01,758 [pool-355-thread-1] INFO  server.RaftServerConfigKeys (ConfUtils.java:logGet(44)) - raft.server.log.use.memory = false (default)
2022-01-11 23:54:01,758 [pool-355-thread-1] INFO  server.RaftServerConfigKeys (ConfUtils.java:logGet(44)) - raft.server.log.purge.gap = 1000000 (custom)
2022-01-11 23:54:01,758 [pool-355-thread-1] INFO  server.RaftServerConfigKeys (ConfUtils.java:logGet(44)) - raft.server.log.appender.buffer.byte-limit = 33554432 (custom)
2022-01-11 23:54:01,758 [pool-355-thread-1] INFO  server.RaftServerConfigKeys (ConfUtils.java:logGet(44)) - raft.server.log.segment.size.max = 1048576 (custom)
2022-01-11 23:54:01,759 [pool-355-thread-1] INFO  server.RaftServerConfigKeys (ConfUtils.java:logGet(44)) - raft.server.log.segment.cache.num.max = 2 (custom)
2022-01-11 23:54:01,759 [EventQueue-OpenPipelineForHealthyPipelineSafeModeRule] INFO  safemode.SCMSafeModeManager (HealthyPipelineSafeModeRule.java:process(124)) - SCM in safe mode. Healthy pipelines reported count is 0, required healthy pipeline reported count is 1
2022-01-11 23:54:01,760 [pool-355-thread-1] INFO  server.RaftServerConfigKeys (ConfUtils.java:logGet(44)) - raft.server.log.segment.cache.size.max = 200MB (=209715200) (default)
2022-01-11 23:54:01,761 [pool-355-thread-1] INFO  segmented.SegmentedRaftLogWorker (SegmentedRaftLogWorker.java:<init>(182)) - new 77c66afc-fa73-4d89-b59d-9adc22a556cf@group-4B271DC99CF9-SegmentedRaftLogWorker for RaftStorageImpl:Storage Directory /home/runner/work/ozone/ozone/hadoop-ozone/integration-test/target/test-dir/MiniOzoneClusterImpl-84b3519b-a2d3-47e7-8c84-34506f72c9f7/datanode-3/data/ratis/5564fd82-da03-4608-bf34-4b271dc99cf9
2022-01-11 23:54:01,761 [pool-355-thread-1] INFO  server.RaftServerConfigKeys (ConfUtils.java:logGet(44)) - raft.server.log.queue.byte-limit = 2147483647 (custom)
2022-01-11 23:54:01,761 [pool-355-thread-1] INFO  server.RaftServerConfigKeys (ConfUtils.java:logGet(44)) - raft.server.log.queue.element-limit = 1024 (custom)
2022-01-11 23:54:01,761 [pool-355-thread-1] INFO  server.RaftServerConfigKeys (ConfUtils.java:logGet(44)) - raft.server.log.segment.size.max = 1048576 (custom)
2022-01-11 23:54:01,761 [pool-355-thread-1] INFO  server.RaftServerConfigKeys (ConfUtils.java:logGet(44)) - raft.server.log.preallocated.size = 16384 (custom)
2022-01-11 23:54:01,761 [pool-355-thread-1] INFO  server.RaftServerConfigKeys (ConfUtils.java:logGet(44)) - raft.server.log.force.sync.num = 128 (default)
2022-01-11 23:54:01,761 [pool-355-thread-1] INFO  server.RaftServerConfigKeys (ConfUtils.java:logGet(44)) - raft.server.log.statemachine.data.sync = true (default)
2022-01-11 23:54:01,761 [pool-355-thread-1] INFO  server.RaftServerConfigKeys (ConfUtils.java:logGet(44)) - raft.server.log.statemachine.data.sync.timeout = 10s (default)
2022-01-11 23:54:01,761 [pool-355-thread-1] INFO  server.RaftServerConfigKeys (ConfUtils.java:logGet(44)) - raft.server.log.statemachine.data.sync.timeout.retry = -1 (default)
2022-01-11 23:54:01,762 [pool-355-thread-1] INFO  server.RaftServerConfigKeys (ConfUtils.java:logGet(44)) - raft.server.log.write.buffer.size = 1048576 (custom)
2022-01-11 23:54:01,763 [pool-355-thread-1] INFO  server.RaftServerConfigKeys (ConfUtils.java:logGet(44)) - raft.server.log.statemachine.data.caching.enabled = true (custom)
2022-01-11 23:54:01,769 [pool-355-thread-1] INFO  segmented.SegmentedRaftLogWorker (SegmentedRaftLogWorker.java:lambda$new$0(133)) - 77c66afc-fa73-4d89-b59d-9adc22a556cf@group-4B271DC99CF9-SegmentedRaftLogWorker: flushIndex: setUnconditionally 0 -> -1
2022-01-11 23:54:01,769 [pool-355-thread-1] INFO  segmented.SegmentedRaftLogWorker (SegmentedRaftLogWorker.java:lambda$new$0(133)) - 77c66afc-fa73-4d89-b59d-9adc22a556cf@group-4B271DC99CF9-SegmentedRaftLogWorker: safeCacheEvictIndex: setUnconditionally 0 -> -1
2022-01-11 23:54:01,773 [pool-355-thread-1] INFO  server.RaftServerConfigKeys (ConfUtils.java:logGet(44)) - raft.server.snapshot.auto.trigger.enabled = true (custom)
2022-01-11 23:54:01,773 [pool-355-thread-1] INFO  server.RaftServerConfigKeys (ConfUtils.java:logGet(44)) - raft.server.snapshot.auto.trigger.threshold = 10000 (custom)
2022-01-11 23:54:01,773 [pool-355-thread-1] INFO  server.RaftServerConfigKeys (ConfUtils.java:logGet(44)) - raft.server.snapshot.retention.file.num = 5 (custom)
2022-01-11 23:54:01,773 [pool-355-thread-1] INFO  server.RaftServerConfigKeys (ConfUtils.java:logGet(44)) - raft.server.log.purge.upto.snapshot.index = false (default)
2022-01-11 23:54:01,773 [pool-355-thread-1] INFO  server.RaftServerConfigKeys (ConfUtils.java:logGet(44)) - raft.server.retrycache.expirytime = 600000ms (custom)
2022-01-11 23:54:01,773 [pool-355-thread-1] INFO  server.RaftServerConfigKeys (ConfUtils.java:logGet(44)) - raft.server.retrycache.statistics.expirytime = 100μs (default)
2022-01-11 23:54:01,775 [pool-355-thread-1] INFO  server.RaftServer$Division (RaftServerImpl.java:start(301)) - 77c66afc-fa73-4d89-b59d-9adc22a556cf@group-4B271DC99CF9: start as a follower, conf=-1: [2a1c9333-8641-498a-88f2-87bcecbe0d18|rpc:10.1.0.37:38177|priority:1, 757e1abf-caf6-4356-ad73-d786994982ad|rpc:10.1.0.37:41749|priority:0, 77c66afc-fa73-4d89-b59d-9adc22a556cf|rpc:10.1.0.37:40587|priority:0], old=null
2022-01-11 23:54:01,775 [pool-355-thread-1] INFO  server.RaftServer$Division (RaftServerImpl.java:setRole(290)) - 77c66afc-fa73-4d89-b59d-9adc22a556cf@group-4B271DC99CF9: changes role from      null to FOLLOWER at term 0 for startAsFollower
2022-01-11 23:54:01,775 [pool-355-thread-1] INFO  impl.RoleInfo (RoleInfo.java:updateAndGet(130)) - 77c66afc-fa73-4d89-b59d-9adc22a556cf: start 77c66afc-fa73-4d89-b59d-9adc22a556cf@group-4B271DC99CF9-FollowerState
2022-01-11 23:54:01,797 [pool-355-thread-1] INFO  util.JmxRegister (JmxRegister.java:tryRegister(44)) - Successfully registered JMX Bean with object name Ratis:service=RaftServer,group=group-4B271DC99CF9,id=77c66afc-fa73-4d89-b59d-9adc22a556cf
2022-01-11 23:54:01,821 [pool-376-thread-1] INFO  server.RaftServer$Division (RaftServerImpl.java:<init>(184)) - 757e1abf-caf6-4356-ad73-d786994982ad: new RaftServerImpl for group-85DFC7F102C7:[757e1abf-caf6-4356-ad73-d786994982ad|rpc:10.1.0.37:41749|priority:1] with ContainerStateMachine:uninitialized
2022-01-11 23:54:01,833 [pool-376-thread-1] INFO  server.RaftServerConfigKeys (ConfUtils.java:logGet(44)) - raft.server.rpc.timeout.min = 5s (custom)
2022-01-11 23:54:01,833 [pool-376-thread-1] INFO  server.RaftServerConfigKeys (ConfUtils.java:logGet(44)) - raft.server.rpc.timeout.max = 5200ms (custom)
2022-01-11 23:54:01,833 [pool-376-thread-1] INFO  server.RaftServerConfigKeys (ConfUtils.java:logGet(44)) - raft.server.rpc.sleep.time = 25ms (default)
2022-01-11 23:54:01,833 [pool-376-thread-1] INFO  server.RaftServerConfigKeys (ConfUtils.java:logGet(44)) - raft.server.rpc.slowness.timeout = 300000ms (custom)
2022-01-11 23:54:01,833 [pool-376-thread-1] INFO  server.RaftServerConfigKeys (ConfUtils.java:logGet(44)) - raft.server.leaderelection.leader.step-down.wait-time = 10s (default)
2022-01-11 23:54:01,833 [pool-376-thread-1] INFO  server.RaftServerConfigKeys (ConfUtils.java:logGet(44)) - raft.server.sleep.deviation.threshold = 300ms (default)
2022-01-11 23:54:01,833 [pool-376-thread-1] INFO  server.RaftServerConfigKeys (ConfUtils.java:logGet(44)) - raft.server.log.appender.install.snapshot.enabled = false (custom)
2022-01-11 23:54:01,833 [pool-376-thread-1] INFO  server.RaftServer$Division (ServerState.java:<init>(105)) - 757e1abf-caf6-4356-ad73-d786994982ad@group-85DFC7F102C7: ConfigurationManager, init=-1: [757e1abf-caf6-4356-ad73-d786994982ad|rpc:10.1.0.37:41749|priority:1], old=null, confs=<EMPTY_MAP>
2022-01-11 23:54:01,833 [pool-376-thread-1] INFO  server.RaftServerConfigKeys (ConfUtils.java:logGet(44)) - raft.server.storage.dir = [/home/runner/work/ozone/ozone/hadoop-ozone/integration-test/target/test-dir/MiniOzoneClusterImpl-84b3519b-a2d3-47e7-8c84-34506f72c9f7/datanode-4/data/ratis] (custom)
2022-01-11 23:54:01,833 [pool-376-thread-1] INFO  server.RaftServerConfigKeys (ConfUtils.java:logGet(44)) - raft.server.log.corruption.policy = EXCEPTION (default)
2022-01-11 23:54:01,833 [pool-376-thread-1] INFO  server.RaftServerConfigKeys (ConfUtils.java:logGet(44)) - raft.server.storage.free-space.min = 0MB (=0) (default)
2022-01-11 23:54:01,833 [pool-376-thread-1] INFO  storage.RaftStorageDirectory (RaftStorageDirectoryImpl.java:analyzeStorage(135)) - The storage directory /home/runner/work/ozone/ozone/hadoop-ozone/integration-test/target/test-dir/MiniOzoneClusterImpl-84b3519b-a2d3-47e7-8c84-34506f72c9f7/datanode-4/data/ratis/8b00abd0-5014-4694-b328-85dfc7f102c7 does not exist. Creating ...
2022-01-11 23:54:01,798 [Command processor thread] INFO  server.RaftServer (RaftServerProxy.java:addNew(95)) - 757e1abf-caf6-4356-ad73-d786994982ad: addNew group-85DFC7F102C7:[757e1abf-caf6-4356-ad73-d786994982ad|rpc:10.1.0.37:41749|priority:1] returns group-85DFC7F102C7:java.util.concurrent.CompletableFuture@4b534fd0[Not completed]
2022-01-11 23:54:01,841 [pool-376-thread-1] INFO  storage.RaftStorageDirectory (RaftStorageDirectoryImpl.java:tryLock(230)) - Lock on /home/runner/work/ozone/ozone/hadoop-ozone/integration-test/target/test-dir/MiniOzoneClusterImpl-84b3519b-a2d3-47e7-8c84-34506f72c9f7/datanode-4/data/ratis/8b00abd0-5014-4694-b328-85dfc7f102c7/in_use.lock acquired by nodename 350@fv-az59-280
2022-01-11 23:54:01,849 [pool-376-thread-1] INFO  storage.RaftStorage (RaftStorageImpl.java:format(89)) - Storage directory /home/runner/work/ozone/ozone/hadoop-ozone/integration-test/target/test-dir/MiniOzoneClusterImpl-84b3519b-a2d3-47e7-8c84-34506f72c9f7/datanode-4/data/ratis/8b00abd0-5014-4694-b328-85dfc7f102c7 has been successfully formatted.
2022-01-11 23:54:01,849 [Command processor thread] INFO  ratis.XceiverServerRatis (XceiverServerRatis.java:addGroup(768)) - Created group PipelineID=5564fd82-da03-4608-bf34-4b271dc99cf9
2022-01-11 23:54:01,849 [pool-376-thread-1] INFO  ratis.ContainerStateMachine (ContainerStateMachine.java:loadSnapshot(231)) - group-85DFC7F102C7: The snapshot info is null. Setting the last applied indexto:(t:0, i:~)
2022-01-11 23:54:01,859 [pool-397-thread-1] INFO  server.RaftServer$Division (RaftServerImpl.java:<init>(184)) - 2a1c9333-8641-498a-88f2-87bcecbe0d18: new RaftServerImpl for group-4B271DC99CF9:[2a1c9333-8641-498a-88f2-87bcecbe0d18|rpc:10.1.0.37:38177|dataStream:|priority:1, 757e1abf-caf6-4356-ad73-d786994982ad|rpc:10.1.0.37:41749|dataStream:|priority:0, 77c66afc-fa73-4d89-b59d-9adc22a556cf|rpc:10.1.0.37:40587|dataStream:|priority:0] with ContainerStateMachine:uninitialized
2022-01-11 23:54:01,869 [pool-397-thread-1] INFO  server.RaftServerConfigKeys (ConfUtils.java:logGet(44)) - raft.server.rpc.timeout.min = 5s (custom)
2022-01-11 23:54:01,869 [pool-397-thread-1] INFO  server.RaftServerConfigKeys (ConfUtils.java:logGet(44)) - raft.server.rpc.timeout.max = 5200ms (custom)
2022-01-11 23:54:01,869 [pool-397-thread-1] INFO  server.RaftServerConfigKeys (ConfUtils.java:logGet(44)) - raft.server.rpc.sleep.time = 25ms (default)
2022-01-11 23:54:01,869 [pool-397-thread-1] INFO  server.RaftServerConfigKeys (ConfUtils.java:logGet(44)) - raft.server.rpc.slowness.timeout = 300000ms (custom)
2022-01-11 23:54:01,869 [pool-397-thread-1] INFO  server.RaftServerConfigKeys (ConfUtils.java:logGet(44)) - raft.server.leaderelection.leader.step-down.wait-time = 10s (default)
2022-01-11 23:54:01,869 [pool-397-thread-1] INFO  server.RaftServerConfigKeys (ConfUtils.java:logGet(44)) - raft.server.sleep.deviation.threshold = 300ms (default)
2022-01-11 23:54:01,869 [pool-397-thread-1] INFO  server.RaftServerConfigKeys (ConfUtils.java:logGet(44)) - raft.server.log.appender.install.snapshot.enabled = false (custom)
2022-01-11 23:54:01,869 [pool-397-thread-1] INFO  server.RaftServer$Division (ServerState.java:<init>(105)) - 2a1c9333-8641-498a-88f2-87bcecbe0d18@group-4B271DC99CF9: ConfigurationManager, init=-1: [2a1c9333-8641-498a-88f2-87bcecbe0d18|rpc:10.1.0.37:38177|dataStream:|priority:1, 757e1abf-caf6-4356-ad73-d786994982ad|rpc:10.1.0.37:41749|dataStream:|priority:0, 77c66afc-fa73-4d89-b59d-9adc22a556cf|rpc:10.1.0.37:40587|dataStream:|priority:0], old=null, confs=<EMPTY_MAP>
2022-01-11 23:54:01,869 [pool-397-thread-1] INFO  server.RaftServerConfigKeys (ConfUtils.java:logGet(44)) - raft.server.storage.dir = [/home/runner/work/ozone/ozone/hadoop-ozone/integration-test/target/test-dir/MiniOzoneClusterImpl-84b3519b-a2d3-47e7-8c84-34506f72c9f7/datanode-5/data/ratis] (custom)
2022-01-11 23:54:01,870 [pool-397-thread-1] INFO  server.RaftServerConfigKeys (ConfUtils.java:logGet(44)) - raft.server.log.corruption.policy = EXCEPTION (default)
2022-01-11 23:54:01,870 [pool-397-thread-1] INFO  server.RaftServerConfigKeys (ConfUtils.java:logGet(44)) - raft.server.storage.free-space.min = 0MB (=0) (default)
2022-01-11 23:54:01,870 [pool-397-thread-1] INFO  storage.RaftStorageDirectory (RaftStorageDirectoryImpl.java:analyzeStorage(135)) - The storage directory /home/runner/work/ozone/ozone/hadoop-ozone/integration-test/target/test-dir/MiniOzoneClusterImpl-84b3519b-a2d3-47e7-8c84-34506f72c9f7/datanode-5/data/ratis/5564fd82-da03-4608-bf34-4b271dc99cf9 does not exist. Creating ...
2022-01-11 23:54:01,858 [grpc-default-executor-2] INFO  server.RaftServer (RaftServerProxy.java:addNew(95)) - 2a1c9333-8641-498a-88f2-87bcecbe0d18: addNew group-4B271DC99CF9:[2a1c9333-8641-498a-88f2-87bcecbe0d18|rpc:10.1.0.37:38177|dataStream:|priority:1, 757e1abf-caf6-4356-ad73-d786994982ad|rpc:10.1.0.37:41749|dataStream:|priority:0, 77c66afc-fa73-4d89-b59d-9adc22a556cf|rpc:10.1.0.37:40587|dataStream:|priority:0] returns group-4B271DC99CF9:java.util.concurrent.CompletableFuture@d379504[Not completed]
2022-01-11 23:54:01,869 [pool-376-thread-1] INFO  server.RaftServerConfigKeys (ConfUtils.java:logGet(44)) - raft.server.notification.no-leader.timeout = 300000ms (custom)
2022-01-11 23:54:01,871 [pool-376-thread-1] INFO  server.RaftServerConfigKeys (ConfUtils.java:logGet(44)) - raft.server.log.use.memory = false (default)
2022-01-11 23:54:01,871 [pool-376-thread-1] INFO  server.RaftServerConfigKeys (ConfUtils.java:logGet(44)) - raft.server.log.purge.gap = 1000000 (custom)
2022-01-11 23:54:01,871 [pool-376-thread-1] INFO  server.RaftServerConfigKeys (ConfUtils.java:logGet(44)) - raft.server.log.appender.buffer.byte-limit = 33554432 (custom)
2022-01-11 23:54:01,871 [pool-376-thread-1] INFO  server.RaftServerConfigKeys (ConfUtils.java:logGet(44)) - raft.server.log.segment.size.max = 1048576 (custom)
2022-01-11 23:54:01,871 [pool-376-thread-1] INFO  server.RaftServerConfigKeys (ConfUtils.java:logGet(44)) - raft.server.log.segment.cache.num.max = 2 (custom)
2022-01-11 23:54:01,871 [pool-376-thread-1] INFO  server.RaftServerConfigKeys (ConfUtils.java:logGet(44)) - raft.server.log.segment.cache.size.max = 200MB (=209715200) (default)
2022-01-11 23:54:01,871 [pool-376-thread-1] INFO  segmented.SegmentedRaftLogWorker (SegmentedRaftLogWorker.java:<init>(182)) - new 757e1abf-caf6-4356-ad73-d786994982ad@group-85DFC7F102C7-SegmentedRaftLogWorker for RaftStorageImpl:Storage Directory /home/runner/work/ozone/ozone/hadoop-ozone/integration-test/target/test-dir/MiniOzoneClusterImpl-84b3519b-a2d3-47e7-8c84-34506f72c9f7/datanode-4/data/ratis/8b00abd0-5014-4694-b328-85dfc7f102c7
2022-01-11 23:54:01,871 [pool-376-thread-1] INFO  server.RaftServerConfigKeys (ConfUtils.java:logGet(44)) - raft.server.log.queue.byte-limit = 2147483647 (custom)
2022-01-11 23:54:01,871 [pool-376-thread-1] INFO  server.RaftServerConfigKeys (ConfUtils.java:logGet(44)) - raft.server.log.queue.element-limit = 1024 (custom)
2022-01-11 23:54:01,871 [pool-376-thread-1] INFO  server.RaftServerConfigKeys (ConfUtils.java:logGet(44)) - raft.server.log.segment.size.max = 1048576 (custom)
2022-01-11 23:54:01,871 [pool-376-thread-1] INFO  server.RaftServerConfigKeys (ConfUtils.java:logGet(44)) - raft.server.log.preallocated.size = 16384 (custom)
2022-01-11 23:54:01,871 [pool-376-thread-1] INFO  server.RaftServerConfigKeys (ConfUtils.java:logGet(44)) - raft.server.log.force.sync.num = 128 (default)
2022-01-11 23:54:01,872 [pool-376-thread-1] INFO  server.RaftServerConfigKeys (ConfUtils.java:logGet(44)) - raft.server.log.statemachine.data.sync = true (default)
2022-01-11 23:54:01,872 [pool-376-thread-1] INFO  server.RaftServerConfigKeys (ConfUtils.java:logGet(44)) - raft.server.log.statemachine.data.sync.timeout = 10s (default)
2022-01-11 23:54:01,872 [pool-376-thread-1] INFO  server.RaftServerConfigKeys (ConfUtils.java:logGet(44)) - raft.server.log.statemachine.data.sync.timeout.retry = -1 (default)
2022-01-11 23:54:01,872 [pool-376-thread-1] INFO  server.RaftServerConfigKeys (ConfUtils.java:logGet(44)) - raft.server.log.write.buffer.size = 1048576 (custom)
2022-01-11 23:54:01,885 [EventQueue-PipelineReportForPipelineReportHandler] INFO  pipeline.PipelineManagerImpl (PipelineManagerImpl.java:openPipeline(291)) - Pipeline Pipeline[ Id: 8b00abd0-5014-4694-b328-85dfc7f102c7, Nodes: 757e1abf-caf6-4356-ad73-d786994982ad{ip: 10.1.0.37, host: fv-az59-280.csjynl4pkq3e1pkirw3ssqjfoh.cx.internal.cloudapp.net, ports: [REPLICATION=40569, RATIS=41749, RATIS_ADMIN=41749, RATIS_SERVER=41749, STANDALONE=42593], networkLocation: /default-rack, certSerialId: null, persistedOpState: IN_SERVICE, persistedOpStateExpiryEpochSec: 0}, ReplicationConfig: RATIS/ONE, State:ALLOCATED, leaderId:757e1abf-caf6-4356-ad73-d786994982ad, CreationTimestamp2022-01-11T23:53:58.800Z[Etc/UTC]] moved to OPEN state
2022-01-11 23:54:01,886 [EventQueue-OpenPipelineForHealthyPipelineSafeModeRule] INFO  safemode.SCMSafeModeManager (HealthyPipelineSafeModeRule.java:process(124)) - SCM in safe mode. Healthy pipelines reported count is 0, required healthy pipeline reported count is 1
2022-01-11 23:54:01,886 [pool-397-thread-1] INFO  storage.RaftStorageDirectory (RaftStorageDirectoryImpl.java:tryLock(230)) - Lock on /home/runner/work/ozone/ozone/hadoop-ozone/integration-test/target/test-dir/MiniOzoneClusterImpl-84b3519b-a2d3-47e7-8c84-34506f72c9f7/datanode-5/data/ratis/5564fd82-da03-4608-bf34-4b271dc99cf9/in_use.lock acquired by nodename 350@fv-az59-280
2022-01-11 23:54:01,887 [pool-376-thread-1] INFO  server.RaftServerConfigKeys (ConfUtils.java:logGet(44)) - raft.server.log.statemachine.data.caching.enabled = true (custom)
2022-01-11 23:54:01,893 [pool-376-thread-1] INFO  segmented.SegmentedRaftLogWorker (SegmentedRaftLogWorker.java:lambda$new$0(133)) - 757e1abf-caf6-4356-ad73-d786994982ad@group-85DFC7F102C7-SegmentedRaftLogWorker: flushIndex: setUnconditionally 0 -> -1
2022-01-11 23:54:01,893 [pool-376-thread-1] INFO  segmented.SegmentedRaftLogWorker (SegmentedRaftLogWorker.java:lambda$new$0(133)) - 757e1abf-caf6-4356-ad73-d786994982ad@group-85DFC7F102C7-SegmentedRaftLogWorker: safeCacheEvictIndex: setUnconditionally 0 -> -1
2022-01-11 23:54:01,888 [pool-397-thread-1] INFO  storage.RaftStorage (RaftStorageImpl.java:format(89)) - Storage directory /home/runner/work/ozone/ozone/hadoop-ozone/integration-test/target/test-dir/MiniOzoneClusterImpl-84b3519b-a2d3-47e7-8c84-34506f72c9f7/datanode-5/data/ratis/5564fd82-da03-4608-bf34-4b271dc99cf9 has been successfully formatted.
2022-01-11 23:54:01,897 [pool-376-thread-1] INFO  server.RaftServerConfigKeys (ConfUtils.java:logGet(44)) - raft.server.snapshot.auto.trigger.enabled = true (custom)
2022-01-11 23:54:01,897 [pool-376-thread-1] INFO  server.RaftServerConfigKeys (ConfUtils.java:logGet(44)) - raft.server.snapshot.auto.trigger.threshold = 10000 (custom)
2022-01-11 23:54:01,898 [pool-376-thread-1] INFO  server.RaftServerConfigKeys (ConfUtils.java:logGet(44)) - raft.server.snapshot.retention.file.num = 5 (custom)
2022-01-11 23:54:01,898 [pool-376-thread-1] INFO  server.RaftServerConfigKeys (ConfUtils.java:logGet(44)) - raft.server.log.purge.upto.snapshot.index = false (default)
2022-01-11 23:54:01,898 [pool-376-thread-1] INFO  server.RaftServerConfigKeys (ConfUtils.java:logGet(44)) - raft.server.retrycache.expirytime = 600000ms (custom)
2022-01-11 23:54:01,898 [pool-376-thread-1] INFO  server.RaftServerConfigKeys (ConfUtils.java:logGet(44)) - raft.server.retrycache.statistics.expirytime = 100μs (default)
2022-01-11 23:54:01,899 [pool-376-thread-1] INFO  server.RaftServer$Division (RaftServerImpl.java:start(301)) - 757e1abf-caf6-4356-ad73-d786994982ad@group-85DFC7F102C7: start as a follower, conf=-1: [757e1abf-caf6-4356-ad73-d786994982ad|rpc:10.1.0.37:41749|priority:1], old=null
2022-01-11 23:54:01,897 [pool-397-thread-1] INFO  ratis.ContainerStateMachine (ContainerStateMachine.java:loadSnapshot(231)) - group-4B271DC99CF9: The snapshot info is null. Setting the last applied indexto:(t:0, i:~)
2022-01-11 23:54:01,899 [pool-397-thread-1] INFO  server.RaftServerConfigKeys (ConfUtils.java:logGet(44)) - raft.server.notification.no-leader.timeout = 300000ms (custom)
2022-01-11 23:54:01,900 [pool-397-thread-1] INFO  server.RaftServerConfigKeys (ConfUtils.java:logGet(44)) - raft.server.log.use.memory = false (default)
2022-01-11 23:54:01,900 [pool-397-thread-1] INFO  server.RaftServerConfigKeys (ConfUtils.java:logGet(44)) - raft.server.log.purge.gap = 1000000 (custom)
2022-01-11 23:54:01,900 [pool-397-thread-1] INFO  server.RaftServerConfigKeys (ConfUtils.java:logGet(44)) - raft.server.log.appender.buffer.byte-limit = 33554432 (custom)
2022-01-11 23:54:01,900 [pool-397-thread-1] INFO  server.RaftServerConfigKeys (ConfUtils.java:logGet(44)) - raft.server.log.segment.size.max = 1048576 (custom)
2022-01-11 23:54:01,900 [pool-397-thread-1] INFO  server.RaftServerConfigKeys (ConfUtils.java:logGet(44)) - raft.server.log.segment.cache.num.max = 2 (custom)
2022-01-11 23:54:01,900 [pool-397-thread-1] INFO  server.RaftServerConfigKeys (ConfUtils.java:logGet(44)) - raft.server.log.segment.cache.size.max = 200MB (=209715200) (default)
2022-01-11 23:54:01,900 [pool-397-thread-1] INFO  segmented.SegmentedRaftLogWorker (SegmentedRaftLogWorker.java:<init>(182)) - new 2a1c9333-8641-498a-88f2-87bcecbe0d18@group-4B271DC99CF9-SegmentedRaftLogWorker for RaftStorageImpl:Storage Directory /home/runner/work/ozone/ozone/hadoop-ozone/integration-test/target/test-dir/MiniOzoneClusterImpl-84b3519b-a2d3-47e7-8c84-34506f72c9f7/datanode-5/data/ratis/5564fd82-da03-4608-bf34-4b271dc99cf9
2022-01-11 23:54:01,901 [pool-397-thread-1] INFO  server.RaftServerConfigKeys (ConfUtils.java:logGet(44)) - raft.server.log.queue.byte-limit = 2147483647 (custom)
2022-01-11 23:54:01,901 [pool-397-thread-1] INFO  server.RaftServerConfigKeys (ConfUtils.java:logGet(44)) - raft.server.log.queue.element-limit = 1024 (custom)
2022-01-11 23:54:01,901 [pool-397-thread-1] INFO  server.RaftServerConfigKeys (ConfUtils.java:logGet(44)) - raft.server.log.segment.size.max = 1048576 (custom)
2022-01-11 23:54:01,901 [pool-397-thread-1] INFO  server.RaftServerConfigKeys (ConfUtils.java:logGet(44)) - raft.server.log.preallocated.size = 16384 (custom)
2022-01-11 23:54:01,901 [pool-397-thread-1] INFO  server.RaftServerConfigKeys (ConfUtils.java:logGet(44)) - raft.server.log.force.sync.num = 128 (default)
2022-01-11 23:54:01,901 [pool-397-thread-1] INFO  server.RaftServerConfigKeys (ConfUtils.java:logGet(44)) - raft.server.log.statemachine.data.sync = true (default)
2022-01-11 23:54:01,901 [pool-397-thread-1] INFO  server.RaftServerConfigKeys (ConfUtils.java:logGet(44)) - raft.server.log.statemachine.data.sync.timeout = 10s (default)
2022-01-11 23:54:01,901 [pool-397-thread-1] INFO  server.RaftServerConfigKeys (ConfUtils.java:logGet(44)) - raft.server.log.statemachine.data.sync.timeout.retry = -1 (default)
2022-01-11 23:54:01,902 [pool-397-thread-1] INFO  server.RaftServerConfigKeys (ConfUtils.java:logGet(44)) - raft.server.log.write.buffer.size = 1048576 (custom)
2022-01-11 23:54:01,902 [pool-397-thread-1] INFO  server.RaftServerConfigKeys (ConfUtils.java:logGet(44)) - raft.server.log.statemachine.data.caching.enabled = true (custom)
2022-01-11 23:54:01,902 [pool-397-thread-1] INFO  segmented.SegmentedRaftLogWorker (SegmentedRaftLogWorker.java:lambda$new$0(133)) - 2a1c9333-8641-498a-88f2-87bcecbe0d18@group-4B271DC99CF9-SegmentedRaftLogWorker: flushIndex: setUnconditionally 0 -> -1
2022-01-11 23:54:01,902 [pool-397-thread-1] INFO  segmented.SegmentedRaftLogWorker (SegmentedRaftLogWorker.java:lambda$new$0(133)) - 2a1c9333-8641-498a-88f2-87bcecbe0d18@group-4B271DC99CF9-SegmentedRaftLogWorker: safeCacheEvictIndex: setUnconditionally 0 -> -1
2022-01-11 23:54:01,902 [pool-376-thread-1] INFO  server.RaftServer$Division (RaftServerImpl.java:setRole(290)) - 757e1abf-caf6-4356-ad73-d786994982ad@group-85DFC7F102C7: changes role from      null to FOLLOWER at term 0 for startAsFollower
2022-01-11 23:54:01,907 [pool-397-thread-1] INFO  server.RaftServerConfigKeys (ConfUtils.java:logGet(44)) - raft.server.snapshot.auto.trigger.enabled = true (custom)
2022-01-11 23:54:01,907 [pool-397-thread-1] INFO  server.RaftServerConfigKeys (ConfUtils.java:logGet(44)) - raft.server.snapshot.auto.trigger.threshold = 10000 (custom)
2022-01-11 23:54:01,907 [pool-397-thread-1] INFO  server.RaftServerConfigKeys (ConfUtils.java:logGet(44)) - raft.server.snapshot.retention.file.num = 5 (custom)
2022-01-11 23:54:01,907 [pool-397-thread-1] INFO  server.RaftServerConfigKeys (ConfUtils.java:logGet(44)) - raft.server.log.purge.upto.snapshot.index = false (default)
2022-01-11 23:54:01,907 [pool-397-thread-1] INFO  server.RaftServerConfigKeys (ConfUtils.java:logGet(44)) - raft.server.retrycache.expirytime = 600000ms (custom)
2022-01-11 23:54:01,907 [pool-397-thread-1] INFO  server.RaftServerConfigKeys (ConfUtils.java:logGet(44)) - raft.server.retrycache.statistics.expirytime = 100μs (default)
2022-01-11 23:54:01,908 [pool-397-thread-1] INFO  server.RaftServer$Division (RaftServerImpl.java:start(301)) - 2a1c9333-8641-498a-88f2-87bcecbe0d18@group-4B271DC99CF9: start as a follower, conf=-1: [2a1c9333-8641-498a-88f2-87bcecbe0d18|rpc:10.1.0.37:38177|dataStream:|priority:1, 757e1abf-caf6-4356-ad73-d786994982ad|rpc:10.1.0.37:41749|dataStream:|priority:0, 77c66afc-fa73-4d89-b59d-9adc22a556cf|rpc:10.1.0.37:40587|dataStream:|priority:0], old=null
2022-01-11 23:54:01,908 [pool-397-thread-1] INFO  server.RaftServer$Division (RaftServerImpl.java:setRole(290)) - 2a1c9333-8641-498a-88f2-87bcecbe0d18@group-4B271DC99CF9: changes role from      null to FOLLOWER at term 0 for startAsFollower
2022-01-11 23:54:01,908 [pool-397-thread-1] INFO  impl.RoleInfo (RoleInfo.java:updateAndGet(130)) - 2a1c9333-8641-498a-88f2-87bcecbe0d18: start 2a1c9333-8641-498a-88f2-87bcecbe0d18@group-4B271DC99CF9-FollowerState
2022-01-11 23:54:01,918 [pool-397-thread-1] INFO  util.JmxRegister (JmxRegister.java:tryRegister(44)) - Successfully registered JMX Bean with object name Ratis:service=RaftServer,group=group-4B271DC99CF9,id=2a1c9333-8641-498a-88f2-87bcecbe0d18
2022-01-11 23:54:01,937 [pool-376-thread-1] INFO  impl.RoleInfo (RoleInfo.java:updateAndGet(130)) - 757e1abf-caf6-4356-ad73-d786994982ad: start 757e1abf-caf6-4356-ad73-d786994982ad@group-85DFC7F102C7-FollowerState
2022-01-11 23:54:01,937 [pool-376-thread-1] INFO  util.JmxRegister (JmxRegister.java:tryRegister(44)) - Successfully registered JMX Bean with object name Ratis:service=RaftServer,group=group-85DFC7F102C7,id=757e1abf-caf6-4356-ad73-d786994982ad
2022-01-11 23:54:01,941 [Command processor thread] INFO  ratis.XceiverServerRatis (XceiverServerRatis.java:addGroup(768)) - Created group PipelineID=8b00abd0-5014-4694-b328-85dfc7f102c7
2022-01-11 23:54:01,941 [Command processor thread] INFO  commandhandler.CreatePipelineCommandHandler (CreatePipelineCommandHandler.java:handle(106)) - Created Pipeline RATIS ONE PipelineID=8b00abd0-5014-4694-b328-85dfc7f102c7.
2022-01-11 23:54:01,941 [Command processor thread] INFO  server.RaftServer (RaftServerProxy.java:addNew(95)) - 757e1abf-caf6-4356-ad73-d786994982ad: addNew group-4B271DC99CF9:[2a1c9333-8641-498a-88f2-87bcecbe0d18|rpc:10.1.0.37:38177|priority:1, 757e1abf-caf6-4356-ad73-d786994982ad|rpc:10.1.0.37:41749|priority:0, 77c66afc-fa73-4d89-b59d-9adc22a556cf|rpc:10.1.0.37:40587|priority:0] returns group-4B271DC99CF9:java.util.concurrent.CompletableFuture@4594a8ca[Not completed]
2022-01-11 23:54:01,942 [pool-376-thread-1] INFO  server.RaftServer$Division (RaftServerImpl.java:<init>(184)) - 757e1abf-caf6-4356-ad73-d786994982ad: new RaftServerImpl for group-4B271DC99CF9:[2a1c9333-8641-498a-88f2-87bcecbe0d18|rpc:10.1.0.37:38177|priority:1, 757e1abf-caf6-4356-ad73-d786994982ad|rpc:10.1.0.37:41749|priority:0, 77c66afc-fa73-4d89-b59d-9adc22a556cf|rpc:10.1.0.37:40587|priority:0] with ContainerStateMachine:uninitialized
2022-01-11 23:54:01,942 [pool-376-thread-1] INFO  server.RaftServerConfigKeys (ConfUtils.java:logGet(44)) - raft.server.rpc.timeout.min = 5s (custom)
2022-01-11 23:54:01,942 [pool-376-thread-1] INFO  server.RaftServerConfigKeys (ConfUtils.java:logGet(44)) - raft.server.rpc.timeout.max = 5200ms (custom)
2022-01-11 23:54:01,942 [pool-376-thread-1] INFO  server.RaftServerConfigKeys (ConfUtils.java:logGet(44)) - raft.server.rpc.sleep.time = 25ms (default)
2022-01-11 23:54:01,942 [pool-376-thread-1] INFO  server.RaftServerConfigKeys (ConfUtils.java:logGet(44)) - raft.server.rpc.slowness.timeout = 300000ms (custom)
2022-01-11 23:54:01,942 [pool-376-thread-1] INFO  server.RaftServerConfigKeys (ConfUtils.java:logGet(44)) - raft.server.leaderelection.leader.step-down.wait-time = 10s (default)
2022-01-11 23:54:01,942 [pool-376-thread-1] INFO  server.RaftServerConfigKeys (ConfUtils.java:logGet(44)) - raft.server.sleep.deviation.threshold = 300ms (default)
2022-01-11 23:54:01,942 [pool-376-thread-1] INFO  server.RaftServerConfigKeys (ConfUtils.java:logGet(44)) - raft.server.log.appender.install.snapshot.enabled = false (custom)
2022-01-11 23:54:01,942 [pool-376-thread-1] INFO  server.RaftServer$Division (ServerState.java:<init>(105)) - 757e1abf-caf6-4356-ad73-d786994982ad@group-4B271DC99CF9: ConfigurationManager, init=-1: [2a1c9333-8641-498a-88f2-87bcecbe0d18|rpc:10.1.0.37:38177|priority:1, 757e1abf-caf6-4356-ad73-d786994982ad|rpc:10.1.0.37:41749|priority:0, 77c66afc-fa73-4d89-b59d-9adc22a556cf|rpc:10.1.0.37:40587|priority:0], old=null, confs=<EMPTY_MAP>
2022-01-11 23:54:01,942 [pool-376-thread-1] INFO  server.RaftServerConfigKeys (ConfUtils.java:logGet(44)) - raft.server.storage.dir = [/home/runner/work/ozone/ozone/hadoop-ozone/integration-test/target/test-dir/MiniOzoneClusterImpl-84b3519b-a2d3-47e7-8c84-34506f72c9f7/datanode-4/data/ratis] (custom)
2022-01-11 23:54:01,942 [pool-376-thread-1] INFO  server.RaftServerConfigKeys (ConfUtils.java:logGet(44)) - raft.server.log.corruption.policy = EXCEPTION (default)
2022-01-11 23:54:01,942 [pool-376-thread-1] INFO  server.RaftServerConfigKeys (ConfUtils.java:logGet(44)) - raft.server.storage.free-space.min = 0MB (=0) (default)
2022-01-11 23:54:01,942 [pool-376-thread-1] INFO  storage.RaftStorageDirectory (RaftStorageDirectoryImpl.java:analyzeStorage(135)) - The storage directory /home/runner/work/ozone/ozone/hadoop-ozone/integration-test/target/test-dir/MiniOzoneClusterImpl-84b3519b-a2d3-47e7-8c84-34506f72c9f7/datanode-4/data/ratis/5564fd82-da03-4608-bf34-4b271dc99cf9 does not exist. Creating ...
2022-01-11 23:54:01,945 [pool-376-thread-1] INFO  storage.RaftStorageDirectory (RaftStorageDirectoryImpl.java:tryLock(230)) - Lock on /home/runner/work/ozone/ozone/hadoop-ozone/integration-test/target/test-dir/MiniOzoneClusterImpl-84b3519b-a2d3-47e7-8c84-34506f72c9f7/datanode-4/data/ratis/5564fd82-da03-4608-bf34-4b271dc99cf9/in_use.lock acquired by nodename 350@fv-az59-280
2022-01-11 23:54:01,957 [pool-376-thread-1] INFO  storage.RaftStorage (RaftStorageImpl.java:format(89)) - Storage directory /home/runner/work/ozone/ozone/hadoop-ozone/integration-test/target/test-dir/MiniOzoneClusterImpl-84b3519b-a2d3-47e7-8c84-34506f72c9f7/datanode-4/data/ratis/5564fd82-da03-4608-bf34-4b271dc99cf9 has been successfully formatted.
2022-01-11 23:54:01,957 [pool-376-thread-1] INFO  ratis.ContainerStateMachine (ContainerStateMachine.java:loadSnapshot(231)) - group-4B271DC99CF9: The snapshot info is null. Setting the last applied indexto:(t:0, i:~)
2022-01-11 23:54:01,961 [pool-376-thread-1] INFO  server.RaftServerConfigKeys (ConfUtils.java:logGet(44)) - raft.server.notification.no-leader.timeout = 300000ms (custom)
2022-01-11 23:54:01,961 [pool-376-thread-1] INFO  server.RaftServerConfigKeys (ConfUtils.java:logGet(44)) - raft.server.log.use.memory = false (default)
2022-01-11 23:54:01,961 [pool-376-thread-1] INFO  server.RaftServerConfigKeys (ConfUtils.java:logGet(44)) - raft.server.log.purge.gap = 1000000 (custom)
2022-01-11 23:54:01,961 [pool-376-thread-1] INFO  server.RaftServerConfigKeys (ConfUtils.java:logGet(44)) - raft.server.log.appender.buffer.byte-limit = 33554432 (custom)
2022-01-11 23:54:01,961 [pool-376-thread-1] INFO  server.RaftServerConfigKeys (ConfUtils.java:logGet(44)) - raft.server.log.segment.size.max = 1048576 (custom)
2022-01-11 23:54:01,961 [pool-376-thread-1] INFO  server.RaftServerConfigKeys (ConfUtils.java:logGet(44)) - raft.server.log.segment.cache.num.max = 2 (custom)
2022-01-11 23:54:01,961 [pool-376-thread-1] INFO  server.RaftServerConfigKeys (ConfUtils.java:logGet(44)) - raft.server.log.segment.cache.size.max = 200MB (=209715200) (default)
2022-01-11 23:54:01,961 [pool-376-thread-1] INFO  segmented.SegmentedRaftLogWorker (SegmentedRaftLogWorker.java:<init>(182)) - new 757e1abf-caf6-4356-ad73-d786994982ad@group-4B271DC99CF9-SegmentedRaftLogWorker for RaftStorageImpl:Storage Directory /home/runner/work/ozone/ozone/hadoop-ozone/integration-test/target/test-dir/MiniOzoneClusterImpl-84b3519b-a2d3-47e7-8c84-34506f72c9f7/datanode-4/data/ratis/5564fd82-da03-4608-bf34-4b271dc99cf9
2022-01-11 23:54:01,961 [pool-376-thread-1] INFO  server.RaftServerConfigKeys (ConfUtils.java:logGet(44)) - raft.server.log.queue.byte-limit = 2147483647 (custom)
2022-01-11 23:54:01,961 [pool-376-thread-1] INFO  server.RaftServerConfigKeys (ConfUtils.java:logGet(44)) - raft.server.log.queue.element-limit = 1024 (custom)
2022-01-11 23:54:01,962 [pool-376-thread-1] INFO  server.RaftServerConfigKeys (ConfUtils.java:logGet(44)) - raft.server.log.segment.size.max = 1048576 (custom)
2022-01-11 23:54:01,962 [pool-376-thread-1] INFO  server.RaftServerConfigKeys (ConfUtils.java:logGet(44)) - raft.server.log.preallocated.size = 16384 (custom)
2022-01-11 23:54:01,962 [pool-376-thread-1] INFO  server.RaftServerConfigKeys (ConfUtils.java:logGet(44)) - raft.server.log.force.sync.num = 128 (default)
2022-01-11 23:54:01,962 [pool-376-thread-1] INFO  server.RaftServerConfigKeys (ConfUtils.java:logGet(44)) - raft.server.log.statemachine.data.sync = true (default)
2022-01-11 23:54:01,962 [pool-376-thread-1] INFO  server.RaftServerConfigKeys (ConfUtils.java:logGet(44)) - raft.server.log.statemachine.data.sync.timeout = 10s (default)
2022-01-11 23:54:01,962 [pool-376-thread-1] INFO  server.RaftServerConfigKeys (ConfUtils.java:logGet(44)) - raft.server.log.statemachine.data.sync.timeout.retry = -1 (default)
2022-01-11 23:54:01,962 [EventQueue-OpenPipelineForHealthyPipelineSafeModeRule] INFO  safemode.SCMSafeModeManager (HealthyPipelineSafeModeRule.java:process(124)) - SCM in safe mode. Healthy pipelines reported count is 0, required healthy pipeline reported count is 1
2022-01-11 23:54:01,962 [pool-376-thread-1] INFO  server.RaftServerConfigKeys (ConfUtils.java:logGet(44)) - raft.server.log.write.buffer.size = 1048576 (custom)
2022-01-11 23:54:01,963 [pool-376-thread-1] INFO  server.RaftServerConfigKeys (ConfUtils.java:logGet(44)) - raft.server.log.statemachine.data.caching.enabled = true (custom)
2022-01-11 23:54:01,963 [Listener at 127.0.0.1/46043] INFO  ozone.MiniOzoneClusterImpl (MiniOzoneClusterImpl.java:lambda$waitForClusterToBeReady$0(235)) - Nodes are ready. Got 7 of 7 DN Heartbeats.
2022-01-11 23:54:01,963 [Listener at 127.0.0.1/46043] INFO  ozone.MiniOzoneClusterImpl (MiniOzoneClusterImpl.java:lambda$waitForClusterToBeReady$0(238)) - Waiting for cluster to exit safe mode
2022-01-11 23:54:01,963 [Listener at 127.0.0.1/46043] INFO  ozone.MiniOzoneClusterImpl (MiniOzoneClusterImpl.java:lambda$waitForClusterToBeReady$0(240)) - SCM became leader
2022-01-11 23:54:02,008 [pool-376-thread-1] INFO  segmented.SegmentedRaftLogWorker (SegmentedRaftLogWorker.java:lambda$new$0(133)) - 757e1abf-caf6-4356-ad73-d786994982ad@group-4B271DC99CF9-SegmentedRaftLogWorker: flushIndex: setUnconditionally 0 -> -1
2022-01-11 23:54:02,008 [pool-376-thread-1] INFO  segmented.SegmentedRaftLogWorker (SegmentedRaftLogWorker.java:lambda$new$0(133)) - 757e1abf-caf6-4356-ad73-d786994982ad@group-4B271DC99CF9-SegmentedRaftLogWorker: safeCacheEvictIndex: setUnconditionally 0 -> -1
2022-01-11 23:54:02,049 [pool-376-thread-1] INFO  server.RaftServerConfigKeys (ConfUtils.java:logGet(44)) - raft.server.snapshot.auto.trigger.enabled = true (custom)
2022-01-11 23:54:02,049 [pool-376-thread-1] INFO  server.RaftServerConfigKeys (ConfUtils.java:logGet(44)) - raft.server.snapshot.auto.trigger.threshold = 10000 (custom)
2022-01-11 23:54:02,049 [pool-376-thread-1] INFO  server.RaftServerConfigKeys (ConfUtils.java:logGet(44)) - raft.server.snapshot.retention.file.num = 5 (custom)
2022-01-11 23:54:02,049 [pool-376-thread-1] INFO  server.RaftServerConfigKeys (ConfUtils.java:logGet(44)) - raft.server.log.purge.upto.snapshot.index = false (default)
2022-01-11 23:54:02,049 [pool-376-thread-1] INFO  server.RaftServerConfigKeys (ConfUtils.java:logGet(44)) - raft.server.retrycache.expirytime = 600000ms (custom)
2022-01-11 23:54:02,049 [pool-376-thread-1] INFO  server.RaftServerConfigKeys (ConfUtils.java:logGet(44)) - raft.server.retrycache.statistics.expirytime = 100μs (default)
2022-01-11 23:54:02,050 [pool-376-thread-1] INFO  server.RaftServer$Division (RaftServerImpl.java:start(301)) - 757e1abf-caf6-4356-ad73-d786994982ad@group-4B271DC99CF9: start as a follower, conf=-1: [2a1c9333-8641-498a-88f2-87bcecbe0d18|rpc:10.1.0.37:38177|priority:1, 757e1abf-caf6-4356-ad73-d786994982ad|rpc:10.1.0.37:41749|priority:0, 77c66afc-fa73-4d89-b59d-9adc22a556cf|rpc:10.1.0.37:40587|priority:0], old=null
2022-01-11 23:54:02,050 [pool-376-thread-1] INFO  server.RaftServer$Division (RaftServerImpl.java:setRole(290)) - 757e1abf-caf6-4356-ad73-d786994982ad@group-4B271DC99CF9: changes role from      null to FOLLOWER at term 0 for startAsFollower
2022-01-11 23:54:02,050 [pool-376-thread-1] INFO  impl.RoleInfo (RoleInfo.java:updateAndGet(130)) - 757e1abf-caf6-4356-ad73-d786994982ad: start 757e1abf-caf6-4356-ad73-d786994982ad@group-4B271DC99CF9-FollowerState
2022-01-11 23:54:02,053 [pool-376-thread-1] INFO  util.JmxRegister (JmxRegister.java:tryRegister(44)) - Successfully registered JMX Bean with object name Ratis:service=RaftServer,group=group-4B271DC99CF9,id=757e1abf-caf6-4356-ad73-d786994982ad
2022-01-11 23:54:02,053 [Command processor thread] INFO  ratis.XceiverServerRatis (XceiverServerRatis.java:addGroup(768)) - Created group PipelineID=5564fd82-da03-4608-bf34-4b271dc99cf9
2022-01-11 23:54:02,113 [Command processor thread] INFO  commandhandler.CreatePipelineCommandHandler (CreatePipelineCommandHandler.java:handle(106)) - Created Pipeline RATIS THREE PipelineID=5564fd82-da03-4608-bf34-4b271dc99cf9.
2022-01-11 23:54:02,214 [Command processor thread] INFO  commandhandler.CreatePipelineCommandHandler (CreatePipelineCommandHandler.java:handle(106)) - Created Pipeline RATIS THREE PipelineID=5564fd82-da03-4608-bf34-4b271dc99cf9.
2022-01-11 23:54:02,464 [Command processor thread] INFO  server.RaftServer (RaftServerProxy.java:addNew(95)) - 2a1c9333-8641-498a-88f2-87bcecbe0d18: addNew group-A72DDD3ACB6B:[2a1c9333-8641-498a-88f2-87bcecbe0d18|rpc:10.1.0.37:38177|priority:1] returns group-A72DDD3ACB6B:java.util.concurrent.CompletableFuture@54439352[Not completed]
2022-01-11 23:54:02,465 [pool-397-thread-1] INFO  server.RaftServer$Division (RaftServerImpl.java:<init>(184)) - 2a1c9333-8641-498a-88f2-87bcecbe0d18: new RaftServerImpl for group-A72DDD3ACB6B:[2a1c9333-8641-498a-88f2-87bcecbe0d18|rpc:10.1.0.37:38177|priority:1] with ContainerStateMachine:uninitialized
2022-01-11 23:54:02,465 [pool-397-thread-1] INFO  server.RaftServerConfigKeys (ConfUtils.java:logGet(44)) - raft.server.rpc.timeout.min = 5s (custom)
2022-01-11 23:54:02,465 [pool-397-thread-1] INFO  server.RaftServerConfigKeys (ConfUtils.java:logGet(44)) - raft.server.rpc.timeout.max = 5200ms (custom)
2022-01-11 23:54:02,465 [pool-397-thread-1] INFO  server.RaftServerConfigKeys (ConfUtils.java:logGet(44)) - raft.server.rpc.sleep.time = 25ms (default)
2022-01-11 23:54:02,465 [pool-397-thread-1] INFO  server.RaftServerConfigKeys (ConfUtils.java:logGet(44)) - raft.server.rpc.slowness.timeout = 300000ms (custom)
2022-01-11 23:54:02,465 [pool-397-thread-1] INFO  server.RaftServerConfigKeys (ConfUtils.java:logGet(44)) - raft.server.leaderelection.leader.step-down.wait-time = 10s (default)
2022-01-11 23:54:02,465 [pool-397-thread-1] INFO  server.RaftServerConfigKeys (ConfUtils.java:logGet(44)) - raft.server.sleep.deviation.threshold = 300ms (default)
2022-01-11 23:54:02,465 [pool-397-thread-1] INFO  server.RaftServerConfigKeys (ConfUtils.java:logGet(44)) - raft.server.log.appender.install.snapshot.enabled = false (custom)
2022-01-11 23:54:02,465 [pool-397-thread-1] INFO  server.RaftServer$Division (ServerState.java:<init>(105)) - 2a1c9333-8641-498a-88f2-87bcecbe0d18@group-A72DDD3ACB6B: ConfigurationManager, init=-1: [2a1c9333-8641-498a-88f2-87bcecbe0d18|rpc:10.1.0.37:38177|priority:1], old=null, confs=<EMPTY_MAP>
2022-01-11 23:54:02,465 [pool-397-thread-1] INFO  server.RaftServerConfigKeys (ConfUtils.java:logGet(44)) - raft.server.storage.dir = [/home/runner/work/ozone/ozone/hadoop-ozone/integration-test/target/test-dir/MiniOzoneClusterImpl-84b3519b-a2d3-47e7-8c84-34506f72c9f7/datanode-5/data/ratis] (custom)
2022-01-11 23:54:02,466 [pool-397-thread-1] INFO  server.RaftServerConfigKeys (ConfUtils.java:logGet(44)) - raft.server.log.corruption.policy = EXCEPTION (default)
2022-01-11 23:54:02,466 [pool-397-thread-1] INFO  server.RaftServerConfigKeys (ConfUtils.java:logGet(44)) - raft.server.storage.free-space.min = 0MB (=0) (default)
2022-01-11 23:54:02,466 [pool-397-thread-1] INFO  storage.RaftStorageDirectory (RaftStorageDirectoryImpl.java:analyzeStorage(135)) - The storage directory /home/runner/work/ozone/ozone/hadoop-ozone/integration-test/target/test-dir/MiniOzoneClusterImpl-84b3519b-a2d3-47e7-8c84-34506f72c9f7/datanode-5/data/ratis/a1978e2b-ad32-4a8c-80c7-a72ddd3acb6b does not exist. Creating ...
2022-01-11 23:54:02,469 [pool-397-thread-1] INFO  storage.RaftStorageDirectory (RaftStorageDirectoryImpl.java:tryLock(230)) - Lock on /home/runner/work/ozone/ozone/hadoop-ozone/integration-test/target/test-dir/MiniOzoneClusterImpl-84b3519b-a2d3-47e7-8c84-34506f72c9f7/datanode-5/data/ratis/a1978e2b-ad32-4a8c-80c7-a72ddd3acb6b/in_use.lock acquired by nodename 350@fv-az59-280
2022-01-11 23:54:02,475 [pool-397-thread-1] INFO  storage.RaftStorage (RaftStorageImpl.java:format(89)) - Storage directory /home/runner/work/ozone/ozone/hadoop-ozone/integration-test/target/test-dir/MiniOzoneClusterImpl-84b3519b-a2d3-47e7-8c84-34506f72c9f7/datanode-5/data/ratis/a1978e2b-ad32-4a8c-80c7-a72ddd3acb6b has been successfully formatted.
2022-01-11 23:54:02,475 [pool-397-thread-1] INFO  ratis.ContainerStateMachine (ContainerStateMachine.java:loadSnapshot(231)) - group-A72DDD3ACB6B: The snapshot info is null. Setting the last applied indexto:(t:0, i:~)
2022-01-11 23:54:02,476 [EventQueue-PipelineReportForPipelineReportHandler] INFO  pipeline.PipelineManagerImpl (PipelineManagerImpl.java:openPipeline(291)) - Pipeline Pipeline[ Id: a1978e2b-ad32-4a8c-80c7-a72ddd3acb6b, Nodes: 2a1c9333-8641-498a-88f2-87bcecbe0d18{ip: 10.1.0.37, host: fv-az59-280.csjynl4pkq3e1pkirw3ssqjfoh.cx.internal.cloudapp.net, ports: [REPLICATION=45151, RATIS=38177, RATIS_ADMIN=38177, RATIS_SERVER=38177, STANDALONE=44313], networkLocation: /default-rack, certSerialId: null, persistedOpState: IN_SERVICE, persistedOpStateExpiryEpochSec: 0}, ReplicationConfig: RATIS/ONE, State:ALLOCATED, leaderId:2a1c9333-8641-498a-88f2-87bcecbe0d18, CreationTimestamp2022-01-11T23:53:59.463Z[Etc/UTC]] moved to OPEN state
2022-01-11 23:54:02,478 [EventQueue-OpenPipelineForHealthyPipelineSafeModeRule] INFO  safemode.SCMSafeModeManager (HealthyPipelineSafeModeRule.java:process(124)) - SCM in safe mode. Healthy pipelines reported count is 0, required healthy pipeline reported count is 1
2022-01-11 23:54:02,478 [pool-397-thread-1] INFO  server.RaftServerConfigKeys (ConfUtils.java:logGet(44)) - raft.server.notification.no-leader.timeout = 300000ms (custom)
2022-01-11 23:54:02,478 [pool-397-thread-1] INFO  server.RaftServerConfigKeys (ConfUtils.java:logGet(44)) - raft.server.log.use.memory = false (default)
2022-01-11 23:54:02,479 [pool-397-thread-1] INFO  server.RaftServerConfigKeys (ConfUtils.java:logGet(44)) - raft.server.log.purge.gap = 1000000 (custom)
2022-01-11 23:54:02,479 [pool-397-thread-1] INFO  server.RaftServerConfigKeys (ConfUtils.java:logGet(44)) - raft.server.log.appender.buffer.byte-limit = 33554432 (custom)
2022-01-11 23:54:02,479 [pool-397-thread-1] INFO  server.RaftServerConfigKeys (ConfUtils.java:logGet(44)) - raft.server.log.segment.size.max = 1048576 (custom)
2022-01-11 23:54:02,479 [pool-397-thread-1] INFO  server.RaftServerConfigKeys (ConfUtils.java:logGet(44)) - raft.server.log.segment.cache.num.max = 2 (custom)
2022-01-11 23:54:02,479 [pool-397-thread-1] INFO  server.RaftServerConfigKeys (ConfUtils.java:logGet(44)) - raft.server.log.segment.cache.size.max = 200MB (=209715200) (default)
2022-01-11 23:54:02,479 [pool-397-thread-1] INFO  segmented.SegmentedRaftLogWorker (SegmentedRaftLogWorker.java:<init>(182)) - new 2a1c9333-8641-498a-88f2-87bcecbe0d18@group-A72DDD3ACB6B-SegmentedRaftLogWorker for RaftStorageImpl:Storage Directory /home/runner/work/ozone/ozone/hadoop-ozone/integration-test/target/test-dir/MiniOzoneClusterImpl-84b3519b-a2d3-47e7-8c84-34506f72c9f7/datanode-5/data/ratis/a1978e2b-ad32-4a8c-80c7-a72ddd3acb6b
2022-01-11 23:54:02,479 [pool-397-thread-1] INFO  server.RaftServerConfigKeys (ConfUtils.java:logGet(44)) - raft.server.log.queue.byte-limit = 2147483647 (custom)
2022-01-11 23:54:02,479 [pool-397-thread-1] INFO  server.RaftServerConfigKeys (ConfUtils.java:logGet(44)) - raft.server.log.queue.element-limit = 1024 (custom)
2022-01-11 23:54:02,479 [pool-397-thread-1] INFO  server.RaftServerConfigKeys (ConfUtils.java:logGet(44)) - raft.server.log.segment.size.max = 1048576 (custom)
2022-01-11 23:54:02,479 [pool-397-thread-1] INFO  server.RaftServerConfigKeys (ConfUtils.java:logGet(44)) - raft.server.log.preallocated.size = 16384 (custom)
2022-01-11 23:54:02,479 [pool-397-thread-1] INFO  server.RaftServerConfigKeys (ConfUtils.java:logGet(44)) - raft.server.log.force.sync.num = 128 (default)
2022-01-11 23:54:02,480 [pool-397-thread-1] INFO  server.RaftServerConfigKeys (ConfUtils.java:logGet(44)) - raft.server.log.statemachine.data.sync = true (default)
2022-01-11 23:54:02,480 [pool-397-thread-1] INFO  server.RaftServerConfigKeys (ConfUtils.java:logGet(44)) - raft.server.log.statemachine.data.sync.timeout = 10s (default)
2022-01-11 23:54:02,480 [pool-397-thread-1] INFO  server.RaftServerConfigKeys (ConfUtils.java:logGet(44)) - raft.server.log.statemachine.data.sync.timeout.retry = -1 (default)
2022-01-11 23:54:02,480 [pool-397-thread-1] INFO  server.RaftServerConfigKeys (ConfUtils.java:logGet(44)) - raft.server.log.write.buffer.size = 1048576 (custom)
2022-01-11 23:54:02,481 [pool-397-thread-1] INFO  server.RaftServerConfigKeys (ConfUtils.java:logGet(44)) - raft.server.log.statemachine.data.caching.enabled = true (custom)
2022-01-11 23:54:02,481 [pool-397-thread-1] INFO  segmented.SegmentedRaftLogWorker (SegmentedRaftLogWorker.java:lambda$new$0(133)) - 2a1c9333-8641-498a-88f2-87bcecbe0d18@group-A72DDD3ACB6B-SegmentedRaftLogWorker: flushIndex: setUnconditionally 0 -> -1
2022-01-11 23:54:02,481 [pool-397-thread-1] INFO  segmented.SegmentedRaftLogWorker (SegmentedRaftLogWorker.java:lambda$new$0(133)) - 2a1c9333-8641-498a-88f2-87bcecbe0d18@group-A72DDD3ACB6B-SegmentedRaftLogWorker: safeCacheEvictIndex: setUnconditionally 0 -> -1
2022-01-11 23:54:02,485 [pool-397-thread-1] INFO  server.RaftServerConfigKeys (ConfUtils.java:logGet(44)) - raft.server.snapshot.auto.trigger.enabled = true (custom)
2022-01-11 23:54:02,485 [pool-397-thread-1] INFO  server.RaftServerConfigKeys (ConfUtils.java:logGet(44)) - raft.server.snapshot.auto.trigger.threshold = 10000 (custom)
2022-01-11 23:54:02,485 [pool-397-thread-1] INFO  server.RaftServerConfigKeys (ConfUtils.java:logGet(44)) - raft.server.snapshot.retention.file.num = 5 (custom)
2022-01-11 23:54:02,485 [pool-397-thread-1] INFO  server.RaftServerConfigKeys (ConfUtils.java:logGet(44)) - raft.server.log.purge.upto.snapshot.index = false (default)
2022-01-11 23:54:02,485 [pool-397-thread-1] INFO  server.RaftServerConfigKeys (ConfUtils.java:logGet(44)) - raft.server.retrycache.expirytime = 600000ms (custom)
2022-01-11 23:54:02,485 [pool-397-thread-1] INFO  server.RaftServerConfigKeys (ConfUtils.java:logGet(44)) - raft.server.retrycache.statistics.expirytime = 100μs (default)
2022-01-11 23:54:02,487 [pool-397-thread-1] INFO  server.RaftServer$Division (RaftServerImpl.java:start(301)) - 2a1c9333-8641-498a-88f2-87bcecbe0d18@group-A72DDD3ACB6B: start as a follower, conf=-1: [2a1c9333-8641-498a-88f2-87bcecbe0d18|rpc:10.1.0.37:38177|priority:1], old=null
2022-01-11 23:54:02,487 [pool-397-thread-1] INFO  server.RaftServer$Division (RaftServerImpl.java:setRole(290)) - 2a1c9333-8641-498a-88f2-87bcecbe0d18@group-A72DDD3ACB6B: changes role from      null to FOLLOWER at term 0 for startAsFollower
2022-01-11 23:54:02,487 [pool-397-thread-1] INFO  impl.RoleInfo (RoleInfo.java:updateAndGet(130)) - 2a1c9333-8641-498a-88f2-87bcecbe0d18: start 2a1c9333-8641-498a-88f2-87bcecbe0d18@group-A72DDD3ACB6B-FollowerState
2022-01-11 23:54:02,501 [pool-397-thread-1] INFO  util.JmxRegister (JmxRegister.java:tryRegister(44)) - Successfully registered JMX Bean with object name Ratis:service=RaftServer,group=group-A72DDD3ACB6B,id=2a1c9333-8641-498a-88f2-87bcecbe0d18
2022-01-11 23:54:02,521 [Command processor thread] INFO  ratis.XceiverServerRatis (XceiverServerRatis.java:addGroup(768)) - Created group PipelineID=a1978e2b-ad32-4a8c-80c7-a72ddd3acb6b
2022-01-11 23:54:02,521 [Command processor thread] INFO  commandhandler.CreatePipelineCommandHandler (CreatePipelineCommandHandler.java:handle(106)) - Created Pipeline RATIS ONE PipelineID=a1978e2b-ad32-4a8c-80c7-a72ddd3acb6b.
2022-01-11 23:54:02,964 [Listener at 127.0.0.1/46043] INFO  ozone.MiniOzoneClusterImpl (MiniOzoneClusterImpl.java:lambda$waitForClusterToBeReady$0(235)) - Nodes are ready. Got 7 of 7 DN Heartbeats.
2022-01-11 23:54:02,964 [Listener at 127.0.0.1/46043] INFO  ozone.MiniOzoneClusterImpl (MiniOzoneClusterImpl.java:lambda$waitForClusterToBeReady$0(238)) - Waiting for cluster to exit safe mode
2022-01-11 23:54:02,964 [Listener at 127.0.0.1/46043] INFO  ozone.MiniOzoneClusterImpl (MiniOzoneClusterImpl.java:lambda$waitForClusterToBeReady$0(240)) - SCM became leader
2022-01-11 23:54:03,013 [Command processor thread] INFO  server.RaftServer (RaftServerProxy.java:addNew(95)) - 6b666312-5236-4d63-85d6-3705eb3fb30b: addNew group-31887F02BC17:[6b666312-5236-4d63-85d6-3705eb3fb30b|rpc:10.1.0.37:38271|priority:1] returns group-31887F02BC17:java.util.concurrent.CompletableFuture@7de28602[Not completed]
2022-01-11 23:54:03,014 [pool-418-thread-1] INFO  server.RaftServer$Division (RaftServerImpl.java:<init>(184)) - 6b666312-5236-4d63-85d6-3705eb3fb30b: new RaftServerImpl for group-31887F02BC17:[6b666312-5236-4d63-85d6-3705eb3fb30b|rpc:10.1.0.37:38271|priority:1] with ContainerStateMachine:uninitialized
2022-01-11 23:54:03,014 [pool-418-thread-1] INFO  server.RaftServerConfigKeys (ConfUtils.java:logGet(44)) - raft.server.rpc.timeout.min = 5s (custom)
2022-01-11 23:54:03,014 [pool-418-thread-1] INFO  server.RaftServerConfigKeys (ConfUtils.java:logGet(44)) - raft.server.rpc.timeout.max = 5200ms (custom)
2022-01-11 23:54:03,014 [pool-418-thread-1] INFO  server.RaftServerConfigKeys (ConfUtils.java:logGet(44)) - raft.server.rpc.sleep.time = 25ms (default)
2022-01-11 23:54:03,014 [pool-418-thread-1] INFO  server.RaftServerConfigKeys (ConfUtils.java:logGet(44)) - raft.server.rpc.slowness.timeout = 300000ms (custom)
2022-01-11 23:54:03,014 [pool-418-thread-1] INFO  server.RaftServerConfigKeys (ConfUtils.java:logGet(44)) - raft.server.leaderelection.leader.step-down.wait-time = 10s (default)
2022-01-11 23:54:03,014 [pool-418-thread-1] INFO  server.RaftServerConfigKeys (ConfUtils.java:logGet(44)) - raft.server.sleep.deviation.threshold = 300ms (default)
2022-01-11 23:54:03,014 [pool-418-thread-1] INFO  server.RaftServerConfigKeys (ConfUtils.java:logGet(44)) - raft.server.log.appender.install.snapshot.enabled = false (custom)
2022-01-11 23:54:03,014 [pool-418-thread-1] INFO  server.RaftServer$Division (ServerState.java:<init>(105)) - 6b666312-5236-4d63-85d6-3705eb3fb30b@group-31887F02BC17: ConfigurationManager, init=-1: [6b666312-5236-4d63-85d6-3705eb3fb30b|rpc:10.1.0.37:38271|priority:1], old=null, confs=<EMPTY_MAP>
2022-01-11 23:54:03,014 [pool-418-thread-1] INFO  server.RaftServerConfigKeys (ConfUtils.java:logGet(44)) - raft.server.storage.dir = [/home/runner/work/ozone/ozone/hadoop-ozone/integration-test/target/test-dir/MiniOzoneClusterImpl-84b3519b-a2d3-47e7-8c84-34506f72c9f7/datanode-6/data/ratis] (custom)
2022-01-11 23:54:03,015 [pool-418-thread-1] INFO  server.RaftServerConfigKeys (ConfUtils.java:logGet(44)) - raft.server.log.corruption.policy = EXCEPTION (default)
2022-01-11 23:54:03,015 [pool-418-thread-1] INFO  server.RaftServerConfigKeys (ConfUtils.java:logGet(44)) - raft.server.storage.free-space.min = 0MB (=0) (default)
2022-01-11 23:54:03,015 [pool-418-thread-1] INFO  storage.RaftStorageDirectory (RaftStorageDirectoryImpl.java:analyzeStorage(135)) - The storage directory /home/runner/work/ozone/ozone/hadoop-ozone/integration-test/target/test-dir/MiniOzoneClusterImpl-84b3519b-a2d3-47e7-8c84-34506f72c9f7/datanode-6/data/ratis/94c2b8f9-d063-4842-963f-31887f02bc17 does not exist. Creating ...
2022-01-11 23:54:03,020 [pool-418-thread-1] INFO  storage.RaftStorageDirectory (RaftStorageDirectoryImpl.java:tryLock(230)) - Lock on /home/runner/work/ozone/ozone/hadoop-ozone/integration-test/target/test-dir/MiniOzoneClusterImpl-84b3519b-a2d3-47e7-8c84-34506f72c9f7/datanode-6/data/ratis/94c2b8f9-d063-4842-963f-31887f02bc17/in_use.lock acquired by nodename 350@fv-az59-280
2022-01-11 23:54:03,023 [pool-418-thread-1] INFO  storage.RaftStorage (RaftStorageImpl.java:format(89)) - Storage directory /home/runner/work/ozone/ozone/hadoop-ozone/integration-test/target/test-dir/MiniOzoneClusterImpl-84b3519b-a2d3-47e7-8c84-34506f72c9f7/datanode-6/data/ratis/94c2b8f9-d063-4842-963f-31887f02bc17 has been successfully formatted.
2022-01-11 23:54:03,025 [pool-418-thread-1] INFO  ratis.ContainerStateMachine (ContainerStateMachine.java:loadSnapshot(231)) - group-31887F02BC17: The snapshot info is null. Setting the last applied indexto:(t:0, i:~)
2022-01-11 23:54:03,025 [pool-418-thread-1] INFO  server.RaftServerConfigKeys (ConfUtils.java:logGet(44)) - raft.server.notification.no-leader.timeout = 300000ms (custom)
2022-01-11 23:54:03,025 [pool-418-thread-1] INFO  server.RaftServerConfigKeys (ConfUtils.java:logGet(44)) - raft.server.log.use.memory = false (default)
2022-01-11 23:54:03,026 [EventQueue-PipelineReportForPipelineReportHandler] INFO  pipeline.PipelineManagerImpl (PipelineManagerImpl.java:openPipeline(291)) - Pipeline Pipeline[ Id: 94c2b8f9-d063-4842-963f-31887f02bc17, Nodes: 6b666312-5236-4d63-85d6-3705eb3fb30b{ip: 10.1.0.37, host: fv-az59-280.csjynl4pkq3e1pkirw3ssqjfoh.cx.internal.cloudapp.net, ports: [REPLICATION=44445, RATIS=38271, RATIS_ADMIN=38271, RATIS_SERVER=38271, STANDALONE=39257], networkLocation: /default-rack, certSerialId: null, persistedOpState: IN_SERVICE, persistedOpStateExpiryEpochSec: 0}, ReplicationConfig: RATIS/ONE, State:ALLOCATED, leaderId:6b666312-5236-4d63-85d6-3705eb3fb30b, CreationTimestamp2022-01-11T23:53:59.995Z[Etc/UTC]] moved to OPEN state
2022-01-11 23:54:03,027 [EventQueue-OpenPipelineForHealthyPipelineSafeModeRule] INFO  safemode.SCMSafeModeManager (HealthyPipelineSafeModeRule.java:process(124)) - SCM in safe mode. Healthy pipelines reported count is 0, required healthy pipeline reported count is 1
2022-01-11 23:54:03,029 [pool-418-thread-1] INFO  server.RaftServerConfigKeys (ConfUtils.java:logGet(44)) - raft.server.log.purge.gap = 1000000 (custom)
2022-01-11 23:54:03,029 [pool-418-thread-1] INFO  server.RaftServerConfigKeys (ConfUtils.java:logGet(44)) - raft.server.log.appender.buffer.byte-limit = 33554432 (custom)
2022-01-11 23:54:03,029 [pool-418-thread-1] INFO  server.RaftServerConfigKeys (ConfUtils.java:logGet(44)) - raft.server.log.segment.size.max = 1048576 (custom)
2022-01-11 23:54:03,030 [pool-418-thread-1] INFO  server.RaftServerConfigKeys (ConfUtils.java:logGet(44)) - raft.server.log.segment.cache.num.max = 2 (custom)
2022-01-11 23:54:03,037 [pool-418-thread-1] INFO  server.RaftServerConfigKeys (ConfUtils.java:logGet(44)) - raft.server.log.segment.cache.size.max = 200MB (=209715200) (default)
2022-01-11 23:54:03,037 [pool-418-thread-1] INFO  segmented.SegmentedRaftLogWorker (SegmentedRaftLogWorker.java:<init>(182)) - new 6b666312-5236-4d63-85d6-3705eb3fb30b@group-31887F02BC17-SegmentedRaftLogWorker for RaftStorageImpl:Storage Directory /home/runner/work/ozone/ozone/hadoop-ozone/integration-test/target/test-dir/MiniOzoneClusterImpl-84b3519b-a2d3-47e7-8c84-34506f72c9f7/datanode-6/data/ratis/94c2b8f9-d063-4842-963f-31887f02bc17
2022-01-11 23:54:03,037 [pool-418-thread-1] INFO  server.RaftServerConfigKeys (ConfUtils.java:logGet(44)) - raft.server.log.queue.byte-limit = 2147483647 (custom)
2022-01-11 23:54:03,037 [pool-418-thread-1] INFO  server.RaftServerConfigKeys (ConfUtils.java:logGet(44)) - raft.server.log.queue.element-limit = 1024 (custom)
2022-01-11 23:54:03,037 [pool-418-thread-1] INFO  server.RaftServerConfigKeys (ConfUtils.java:logGet(44)) - raft.server.log.segment.size.max = 1048576 (custom)
2022-01-11 23:54:03,037 [pool-418-thread-1] INFO  server.RaftServerConfigKeys (ConfUtils.java:logGet(44)) - raft.server.log.preallocated.size = 16384 (custom)
2022-01-11 23:54:03,037 [pool-418-thread-1] INFO  server.RaftServerConfigKeys (ConfUtils.java:logGet(44)) - raft.server.log.force.sync.num = 128 (default)
2022-01-11 23:54:03,037 [pool-418-thread-1] INFO  server.RaftServerConfigKeys (ConfUtils.java:logGet(44)) - raft.server.log.statemachine.data.sync = true (default)
2022-01-11 23:54:03,037 [pool-418-thread-1] INFO  server.RaftServerConfigKeys (ConfUtils.java:logGet(44)) - raft.server.log.statemachine.data.sync.timeout = 10s (default)
2022-01-11 23:54:03,041 [pool-418-thread-1] INFO  server.RaftServerConfigKeys (ConfUtils.java:logGet(44)) - raft.server.log.statemachine.data.sync.timeout.retry = -1 (default)
2022-01-11 23:54:03,041 [pool-418-thread-1] INFO  server.RaftServerConfigKeys (ConfUtils.java:logGet(44)) - raft.server.log.write.buffer.size = 1048576 (custom)
2022-01-11 23:54:03,042 [pool-418-thread-1] INFO  server.RaftServerConfigKeys (ConfUtils.java:logGet(44)) - raft.server.log.statemachine.data.caching.enabled = true (custom)
2022-01-11 23:54:03,042 [pool-418-thread-1] INFO  segmented.SegmentedRaftLogWorker (SegmentedRaftLogWorker.java:lambda$new$0(133)) - 6b666312-5236-4d63-85d6-3705eb3fb30b@group-31887F02BC17-SegmentedRaftLogWorker: flushIndex: setUnconditionally 0 -> -1
2022-01-11 23:54:03,042 [pool-418-thread-1] INFO  segmented.SegmentedRaftLogWorker (SegmentedRaftLogWorker.java:lambda$new$0(133)) - 6b666312-5236-4d63-85d6-3705eb3fb30b@group-31887F02BC17-SegmentedRaftLogWorker: safeCacheEvictIndex: setUnconditionally 0 -> -1
2022-01-11 23:54:03,056 [pool-418-thread-1] INFO  server.RaftServerConfigKeys (ConfUtils.java:logGet(44)) - raft.server.snapshot.auto.trigger.enabled = true (custom)
2022-01-11 23:54:03,056 [pool-418-thread-1] INFO  server.RaftServerConfigKeys (ConfUtils.java:logGet(44)) - raft.server.snapshot.auto.trigger.threshold = 10000 (custom)
2022-01-11 23:54:03,056 [pool-418-thread-1] INFO  server.RaftServerConfigKeys (ConfUtils.java:logGet(44)) - raft.server.snapshot.retention.file.num = 5 (custom)
2022-01-11 23:54:03,056 [pool-418-thread-1] INFO  server.RaftServerConfigKeys (ConfUtils.java:logGet(44)) - raft.server.log.purge.upto.snapshot.index = false (default)
2022-01-11 23:54:03,056 [pool-418-thread-1] INFO  server.RaftServerConfigKeys (ConfUtils.java:logGet(44)) - raft.server.retrycache.expirytime = 600000ms (custom)
2022-01-11 23:54:03,056 [pool-418-thread-1] INFO  server.RaftServerConfigKeys (ConfUtils.java:logGet(44)) - raft.server.retrycache.statistics.expirytime = 100μs (default)
2022-01-11 23:54:03,057 [pool-418-thread-1] INFO  server.RaftServer$Division (RaftServerImpl.java:start(301)) - 6b666312-5236-4d63-85d6-3705eb3fb30b@group-31887F02BC17: start as a follower, conf=-1: [6b666312-5236-4d63-85d6-3705eb3fb30b|rpc:10.1.0.37:38271|priority:1], old=null
2022-01-11 23:54:03,057 [pool-418-thread-1] INFO  server.RaftServer$Division (RaftServerImpl.java:setRole(290)) - 6b666312-5236-4d63-85d6-3705eb3fb30b@group-31887F02BC17: changes role from      null to FOLLOWER at term 0 for startAsFollower
2022-01-11 23:54:03,057 [pool-418-thread-1] INFO  impl.RoleInfo (RoleInfo.java:updateAndGet(130)) - 6b666312-5236-4d63-85d6-3705eb3fb30b: start 6b666312-5236-4d63-85d6-3705eb3fb30b@group-31887F02BC17-FollowerState
2022-01-11 23:54:03,058 [pool-418-thread-1] INFO  util.JmxRegister (JmxRegister.java:tryRegister(44)) - Successfully registered JMX Bean with object name Ratis:service=RaftServer,group=group-31887F02BC17,id=6b666312-5236-4d63-85d6-3705eb3fb30b
2022-01-11 23:54:03,058 [Command processor thread] INFO  ratis.XceiverServerRatis (XceiverServerRatis.java:addGroup(768)) - Created group PipelineID=94c2b8f9-d063-4842-963f-31887f02bc17
2022-01-11 23:54:03,058 [Command processor thread] INFO  commandhandler.CreatePipelineCommandHandler (CreatePipelineCommandHandler.java:handle(106)) - Created Pipeline RATIS ONE PipelineID=94c2b8f9-d063-4842-963f-31887f02bc17.
2022-01-11 23:54:03,964 [Listener at 127.0.0.1/46043] INFO  ozone.MiniOzoneClusterImpl (MiniOzoneClusterImpl.java:lambda$waitForClusterToBeReady$0(235)) - Nodes are ready. Got 7 of 7 DN Heartbeats.
2022-01-11 23:54:03,964 [Listener at 127.0.0.1/46043] INFO  ozone.MiniOzoneClusterImpl (MiniOzoneClusterImpl.java:lambda$waitForClusterToBeReady$0(238)) - Waiting for cluster to exit safe mode
2022-01-11 23:54:03,964 [Listener at 127.0.0.1/46043] INFO  ozone.MiniOzoneClusterImpl (MiniOzoneClusterImpl.java:lambda$waitForClusterToBeReady$0(240)) - SCM became leader
2022-01-11 23:54:04,633 [8eedcce2-fa83-40f2-8f3f-8ae88d3f9c27@group-2A363A5CF540-FollowerState] INFO  impl.FollowerState (FollowerState.java:run(134)) - 8eedcce2-fa83-40f2-8f3f-8ae88d3f9c27@group-2A363A5CF540-FollowerState: change to CANDIDATE, lastRpcElapsedTime:5038144719ns, electionTimeout:5035ms
2022-01-11 23:54:04,633 [8eedcce2-fa83-40f2-8f3f-8ae88d3f9c27@group-2A363A5CF540-FollowerState] INFO  impl.RoleInfo (RoleInfo.java:shutdownFollowerState(108)) - 8eedcce2-fa83-40f2-8f3f-8ae88d3f9c27: shutdown 8eedcce2-fa83-40f2-8f3f-8ae88d3f9c27@group-2A363A5CF540-FollowerState
2022-01-11 23:54:04,633 [8eedcce2-fa83-40f2-8f3f-8ae88d3f9c27@group-2A363A5CF540-FollowerState] INFO  server.RaftServer$Division (RaftServerImpl.java:setRole(290)) - 8eedcce2-fa83-40f2-8f3f-8ae88d3f9c27@group-2A363A5CF540: changes role from  FOLLOWER to CANDIDATE at term 0 for changeToCandidate
2022-01-11 23:54:04,635 [8eedcce2-fa83-40f2-8f3f-8ae88d3f9c27@group-2A363A5CF540-FollowerState] INFO  server.RaftServerConfigKeys (ConfUtils.java:logGet(44)) - raft.server.leaderelection.pre-vote = false (custom)
2022-01-11 23:54:04,635 [8eedcce2-fa83-40f2-8f3f-8ae88d3f9c27@group-2A363A5CF540-FollowerState] INFO  impl.RoleInfo (RoleInfo.java:updateAndGet(130)) - 8eedcce2-fa83-40f2-8f3f-8ae88d3f9c27: start 8eedcce2-fa83-40f2-8f3f-8ae88d3f9c27@group-2A363A5CF540-LeaderElection39
2022-01-11 23:54:04,648 [8eedcce2-fa83-40f2-8f3f-8ae88d3f9c27@group-2A363A5CF540-LeaderElection39] INFO  impl.LeaderElection (LeaderElection.java:askForVotes(306)) - 8eedcce2-fa83-40f2-8f3f-8ae88d3f9c27@group-2A363A5CF540-LeaderElection39 ELECTION round 0: submit vote requests at term 1 for -1: [8eedcce2-fa83-40f2-8f3f-8ae88d3f9c27|rpc:10.1.0.37:39561|priority:0, c2004f48-6b55-488b-a4f3-a933c544d5d2|rpc:10.1.0.37:33985|priority:1, 51615485-058d-42af-9c65-c0e811a06a5e|rpc:10.1.0.37:46039|priority:0], old=null
2022-01-11 23:54:04,660 [grpc-default-executor-2] INFO  server.RaftServer$Division (RaftServerImpl.java:requestVote(1046)) - c2004f48-6b55-488b-a4f3-a933c544d5d2@group-2A363A5CF540: receive requestVote(ELECTION, 8eedcce2-fa83-40f2-8f3f-8ae88d3f9c27, group-2A363A5CF540, 1, (t:0, i:0))
2022-01-11 23:54:04,660 [grpc-default-executor-2] INFO  impl.VoteContext (VoteContext.java:log(48)) - c2004f48-6b55-488b-a4f3-a933c544d5d2@group-2A363A5CF540-FOLLOWER: reject ELECTION from 8eedcce2-fa83-40f2-8f3f-8ae88d3f9c27: our priority 1 > candidate's priority 0
2022-01-11 23:54:04,660 [grpc-default-executor-2] INFO  server.RaftServer$Division (RaftServerImpl.java:setRole(290)) - c2004f48-6b55-488b-a4f3-a933c544d5d2@group-2A363A5CF540: changes role from  FOLLOWER to FOLLOWER at term 1 for candidate:8eedcce2-fa83-40f2-8f3f-8ae88d3f9c27
2022-01-11 23:54:04,660 [grpc-default-executor-2] INFO  impl.RoleInfo (RoleInfo.java:shutdownFollowerState(108)) - c2004f48-6b55-488b-a4f3-a933c544d5d2: shutdown c2004f48-6b55-488b-a4f3-a933c544d5d2@group-2A363A5CF540-FollowerState
2022-01-11 23:54:04,660 [grpc-default-executor-2] INFO  impl.RoleInfo (RoleInfo.java:updateAndGet(130)) - c2004f48-6b55-488b-a4f3-a933c544d5d2: start c2004f48-6b55-488b-a4f3-a933c544d5d2@group-2A363A5CF540-FollowerState
2022-01-11 23:54:04,661 [c2004f48-6b55-488b-a4f3-a933c544d5d2@group-2A363A5CF540-FollowerState] INFO  impl.FollowerState (FollowerState.java:run(143)) - c2004f48-6b55-488b-a4f3-a933c544d5d2@group-2A363A5CF540-FollowerState was interrupted: {}
java.lang.InterruptedException: sleep interrupted
	at java.lang.Thread.sleep(Native Method)
	at java.lang.Thread.sleep(Thread.java:340)
	at java.util.concurrent.TimeUnit.sleep(TimeUnit.java:386)
	at org.apache.ratis.util.TimeDuration.sleep(TimeDuration.java:324)
	at org.apache.ratis.util.TimeDuration.sleep(TimeDuration.java:309)
	at org.apache.ratis.server.impl.FollowerState.run(FollowerState.java:118)
2022-01-11 23:54:04,668 [grpc-default-executor-2] INFO  server.RaftServer$Division (RaftServerImpl.java:requestVote(1078)) - c2004f48-6b55-488b-a4f3-a933c544d5d2@group-2A363A5CF540 replies to ELECTION vote request: 8eedcce2-fa83-40f2-8f3f-8ae88d3f9c27<-c2004f48-6b55-488b-a4f3-a933c544d5d2#0:FAIL-t1. Peer's state: c2004f48-6b55-488b-a4f3-a933c544d5d2@group-2A363A5CF540:t1, leader=null, voted=null, raftlog=c2004f48-6b55-488b-a4f3-a933c544d5d2@group-2A363A5CF540-SegmentedRaftLog:OPENED:c-1, conf=-1: [8eedcce2-fa83-40f2-8f3f-8ae88d3f9c27|rpc:10.1.0.37:39561|dataStream:|priority:0, c2004f48-6b55-488b-a4f3-a933c544d5d2|rpc:10.1.0.37:33985|dataStream:|priority:1, 51615485-058d-42af-9c65-c0e811a06a5e|rpc:10.1.0.37:46039|dataStream:|priority:0], old=null
2022-01-11 23:54:04,675 [8eedcce2-fa83-40f2-8f3f-8ae88d3f9c27@group-2A363A5CF540-LeaderElection39] INFO  impl.LeaderElection (LeaderElection.java:logAndReturn(89)) - 8eedcce2-fa83-40f2-8f3f-8ae88d3f9c27@group-2A363A5CF540-LeaderElection39: ELECTION REJECTED received 1 response(s) and 0 exception(s):
2022-01-11 23:54:04,676 [8eedcce2-fa83-40f2-8f3f-8ae88d3f9c27@group-2A363A5CF540-LeaderElection39] INFO  impl.LeaderElection (LeaderElection.java:logAndReturn(93)) -   Response 0: 8eedcce2-fa83-40f2-8f3f-8ae88d3f9c27<-c2004f48-6b55-488b-a4f3-a933c544d5d2#0:FAIL-t1
2022-01-11 23:54:04,676 [8eedcce2-fa83-40f2-8f3f-8ae88d3f9c27@group-2A363A5CF540-LeaderElection39] INFO  impl.LeaderElection (LeaderElection.java:askForVotes(308)) - 8eedcce2-fa83-40f2-8f3f-8ae88d3f9c27@group-2A363A5CF540-LeaderElection39 ELECTION round 0: result REJECTED
2022-01-11 23:54:04,676 [8eedcce2-fa83-40f2-8f3f-8ae88d3f9c27@group-2A363A5CF540-LeaderElection39] INFO  server.RaftServer$Division (RaftServerImpl.java:setRole(290)) - 8eedcce2-fa83-40f2-8f3f-8ae88d3f9c27@group-2A363A5CF540: changes role from CANDIDATE to FOLLOWER at term 1 for REJECTED
2022-01-11 23:54:04,676 [8eedcce2-fa83-40f2-8f3f-8ae88d3f9c27@group-2A363A5CF540-LeaderElection39] INFO  impl.RoleInfo (RoleInfo.java:shutdownLeaderElection(121)) - 8eedcce2-fa83-40f2-8f3f-8ae88d3f9c27: shutdown 8eedcce2-fa83-40f2-8f3f-8ae88d3f9c27@group-2A363A5CF540-LeaderElection39
2022-01-11 23:54:04,676 [8eedcce2-fa83-40f2-8f3f-8ae88d3f9c27@group-2A363A5CF540-LeaderElection39] INFO  impl.RoleInfo (RoleInfo.java:updateAndGet(130)) - 8eedcce2-fa83-40f2-8f3f-8ae88d3f9c27: start 8eedcce2-fa83-40f2-8f3f-8ae88d3f9c27@group-2A363A5CF540-FollowerState
2022-01-11 23:54:04,683 [8eedcce2-fa83-40f2-8f3f-8ae88d3f9c27@group-47FAC33CDF13-FollowerState] INFO  impl.FollowerState (FollowerState.java:run(134)) - 8eedcce2-fa83-40f2-8f3f-8ae88d3f9c27@group-47FAC33CDF13-FollowerState: change to CANDIDATE, lastRpcElapsedTime:5135387194ns, electionTimeout:5126ms
2022-01-11 23:54:04,683 [8eedcce2-fa83-40f2-8f3f-8ae88d3f9c27@group-47FAC33CDF13-FollowerState] INFO  impl.RoleInfo (RoleInfo.java:shutdownFollowerState(108)) - 8eedcce2-fa83-40f2-8f3f-8ae88d3f9c27: shutdown 8eedcce2-fa83-40f2-8f3f-8ae88d3f9c27@group-47FAC33CDF13-FollowerState
2022-01-11 23:54:04,683 [8eedcce2-fa83-40f2-8f3f-8ae88d3f9c27@group-47FAC33CDF13-FollowerState] INFO  server.RaftServer$Division (RaftServerImpl.java:setRole(290)) - 8eedcce2-fa83-40f2-8f3f-8ae88d3f9c27@group-47FAC33CDF13: changes role from  FOLLOWER to CANDIDATE at term 0 for changeToCandidate
2022-01-11 23:54:04,683 [8eedcce2-fa83-40f2-8f3f-8ae88d3f9c27@group-47FAC33CDF13-FollowerState] INFO  server.RaftServerConfigKeys (ConfUtils.java:logGet(44)) - raft.server.leaderelection.pre-vote = false (custom)
2022-01-11 23:54:04,683 [8eedcce2-fa83-40f2-8f3f-8ae88d3f9c27@group-47FAC33CDF13-FollowerState] INFO  impl.RoleInfo (RoleInfo.java:updateAndGet(130)) - 8eedcce2-fa83-40f2-8f3f-8ae88d3f9c27: start 8eedcce2-fa83-40f2-8f3f-8ae88d3f9c27@group-47FAC33CDF13-LeaderElection40
2022-01-11 23:54:04,684 [grpc-default-executor-2] INFO  server.RaftServer$Division (RaftServerImpl.java:requestVote(1046)) - 51615485-058d-42af-9c65-c0e811a06a5e@group-2A363A5CF540: receive requestVote(ELECTION, 8eedcce2-fa83-40f2-8f3f-8ae88d3f9c27, group-2A363A5CF540, 1, (t:0, i:0))
2022-01-11 23:54:04,684 [grpc-default-executor-2] INFO  impl.VoteContext (VoteContext.java:log(48)) - 51615485-058d-42af-9c65-c0e811a06a5e@group-2A363A5CF540-FOLLOWER: accept ELECTION from 8eedcce2-fa83-40f2-8f3f-8ae88d3f9c27: our priority 0 <= candidate's priority 0
2022-01-11 23:54:04,684 [grpc-default-executor-2] INFO  server.RaftServer$Division (RaftServerImpl.java:setRole(290)) - 51615485-058d-42af-9c65-c0e811a06a5e@group-2A363A5CF540: changes role from  FOLLOWER to FOLLOWER at term 1 for candidate:8eedcce2-fa83-40f2-8f3f-8ae88d3f9c27
2022-01-11 23:54:04,684 [grpc-default-executor-2] INFO  impl.RoleInfo (RoleInfo.java:shutdownFollowerState(108)) - 51615485-058d-42af-9c65-c0e811a06a5e: shutdown 51615485-058d-42af-9c65-c0e811a06a5e@group-2A363A5CF540-FollowerState
2022-01-11 23:54:04,698 [51615485-058d-42af-9c65-c0e811a06a5e@group-2A363A5CF540-FollowerState] INFO  impl.FollowerState (FollowerState.java:run(143)) - 51615485-058d-42af-9c65-c0e811a06a5e@group-2A363A5CF540-FollowerState was interrupted: {}
java.lang.InterruptedException: sleep interrupted
	at java.lang.Thread.sleep(Native Method)
	at java.lang.Thread.sleep(Thread.java:340)
	at java.util.concurrent.TimeUnit.sleep(TimeUnit.java:386)
	at org.apache.ratis.util.TimeDuration.sleep(TimeDuration.java:324)
	at org.apache.ratis.util.TimeDuration.sleep(TimeDuration.java:309)
	at org.apache.ratis.server.impl.FollowerState.run(FollowerState.java:118)
2022-01-11 23:54:04,698 [grpc-default-executor-2] INFO  impl.RoleInfo (RoleInfo.java:updateAndGet(130)) - 51615485-058d-42af-9c65-c0e811a06a5e: start 51615485-058d-42af-9c65-c0e811a06a5e@group-2A363A5CF540-FollowerState
2022-01-11 23:54:04,701 [grpc-default-executor-2] INFO  server.RaftServer$Division (RaftServerImpl.java:requestVote(1078)) - 51615485-058d-42af-9c65-c0e811a06a5e@group-2A363A5CF540 replies to ELECTION vote request: 8eedcce2-fa83-40f2-8f3f-8ae88d3f9c27<-51615485-058d-42af-9c65-c0e811a06a5e#0:OK-t1. Peer's state: 51615485-058d-42af-9c65-c0e811a06a5e@group-2A363A5CF540:t1, leader=null, voted=8eedcce2-fa83-40f2-8f3f-8ae88d3f9c27, raftlog=51615485-058d-42af-9c65-c0e811a06a5e@group-2A363A5CF540-SegmentedRaftLog:OPENED:c-1, conf=-1: [8eedcce2-fa83-40f2-8f3f-8ae88d3f9c27|rpc:10.1.0.37:39561|dataStream:|priority:0, c2004f48-6b55-488b-a4f3-a933c544d5d2|rpc:10.1.0.37:33985|dataStream:|priority:1, 51615485-058d-42af-9c65-c0e811a06a5e|rpc:10.1.0.37:46039|dataStream:|priority:0], old=null
2022-01-11 23:54:04,738 [8eedcce2-fa83-40f2-8f3f-8ae88d3f9c27@group-47FAC33CDF13-LeaderElection40] INFO  impl.LeaderElection (LeaderElection.java:askForVotes(306)) - 8eedcce2-fa83-40f2-8f3f-8ae88d3f9c27@group-47FAC33CDF13-LeaderElection40 ELECTION round 0: submit vote requests at term 1 for -1: [8eedcce2-fa83-40f2-8f3f-8ae88d3f9c27|rpc:10.1.0.37:39561|priority:1], old=null
2022-01-11 23:54:04,738 [8eedcce2-fa83-40f2-8f3f-8ae88d3f9c27@group-47FAC33CDF13-LeaderElection40] INFO  impl.LeaderElection (LeaderElection.java:askForVotes(308)) - 8eedcce2-fa83-40f2-8f3f-8ae88d3f9c27@group-47FAC33CDF13-LeaderElection40 ELECTION round 0: result PASSED (term=1)
2022-01-11 23:54:04,738 [8eedcce2-fa83-40f2-8f3f-8ae88d3f9c27@group-47FAC33CDF13-LeaderElection40] INFO  impl.RoleInfo (RoleInfo.java:shutdownLeaderElection(121)) - 8eedcce2-fa83-40f2-8f3f-8ae88d3f9c27: shutdown 8eedcce2-fa83-40f2-8f3f-8ae88d3f9c27@group-47FAC33CDF13-LeaderElection40
2022-01-11 23:54:04,738 [8eedcce2-fa83-40f2-8f3f-8ae88d3f9c27@group-47FAC33CDF13-LeaderElection40] INFO  server.RaftServer$Division (RaftServerImpl.java:setRole(290)) - 8eedcce2-fa83-40f2-8f3f-8ae88d3f9c27@group-47FAC33CDF13: changes role from CANDIDATE to LEADER at term 1 for changeToLeader
2022-01-11 23:54:04,738 [8eedcce2-fa83-40f2-8f3f-8ae88d3f9c27@group-47FAC33CDF13-LeaderElection40] INFO  ratis.XceiverServerRatis (XceiverServerRatis.java:handleLeaderChangedNotification(866)) - Leader change notification received for group: group-47FAC33CDF13 with new leaderId: 8eedcce2-fa83-40f2-8f3f-8ae88d3f9c27
2022-01-11 23:54:04,738 [8eedcce2-fa83-40f2-8f3f-8ae88d3f9c27@group-47FAC33CDF13-LeaderElection40] INFO  server.RaftServer$Division (ServerState.java:setLeader(285)) - 8eedcce2-fa83-40f2-8f3f-8ae88d3f9c27@group-47FAC33CDF13: change Leader from null to 8eedcce2-fa83-40f2-8f3f-8ae88d3f9c27 at term 1 for becomeLeader, leader elected after 5226ms
2022-01-11 23:54:04,738 [8eedcce2-fa83-40f2-8f3f-8ae88d3f9c27@group-47FAC33CDF13-LeaderElection40] INFO  server.RaftServerConfigKeys (ConfUtils.java:logGet(44)) - raft.server.staging.catchup.gap = 1000 (default)
2022-01-11 23:54:04,739 [8eedcce2-fa83-40f2-8f3f-8ae88d3f9c27@group-47FAC33CDF13-LeaderElection40] INFO  server.RaftServerConfigKeys (ConfUtils.java:logGet(44)) - raft.server.write.element-limit = 1024 (custom)
2022-01-11 23:54:04,739 [8eedcce2-fa83-40f2-8f3f-8ae88d3f9c27@group-47FAC33CDF13-LeaderElection40] INFO  server.RaftServerConfigKeys (ConfUtils.java:logGet(44)) - raft.server.write.byte-limit = 1024 M (=1073741824) (custom)
2022-01-11 23:54:04,739 [8eedcce2-fa83-40f2-8f3f-8ae88d3f9c27@group-47FAC33CDF13-LeaderElection40] INFO  server.RaftServerConfigKeys (ConfUtils.java:logGet(44)) - raft.server.watch.timeout = 3000ms (custom)
2022-01-11 23:54:04,739 [8eedcce2-fa83-40f2-8f3f-8ae88d3f9c27@group-47FAC33CDF13-LeaderElection40] INFO  server.RaftServerConfigKeys (ConfUtils.java:logGet(44)) - raft.server.watch.timeout.denomination = 1s (default)
2022-01-11 23:54:04,739 [8eedcce2-fa83-40f2-8f3f-8ae88d3f9c27@group-47FAC33CDF13-LeaderElection40] INFO  server.RaftServerConfigKeys (ConfUtils.java:logGet(44)) - raft.server.watch.element-limit = 65536 (default)
2022-01-11 23:54:04,739 [8eedcce2-fa83-40f2-8f3f-8ae88d3f9c27@group-47FAC33CDF13-LeaderElection40] INFO  server.RaftServerConfigKeys (ConfUtils.java:logGet(44)) - raft.server.write.element-limit = 1024 (custom)
2022-01-11 23:54:04,739 [8eedcce2-fa83-40f2-8f3f-8ae88d3f9c27@group-47FAC33CDF13-LeaderElection40] INFO  server.RaftServerConfigKeys (ConfUtils.java:logGet(44)) - raft.server.write.follower.gap.ratio.max = -1.0 (default)
2022-01-11 23:54:04,739 [8eedcce2-fa83-40f2-8f3f-8ae88d3f9c27@group-47FAC33CDF13-LeaderElection40] INFO  impl.RoleInfo (RoleInfo.java:updateAndGet(130)) - 8eedcce2-fa83-40f2-8f3f-8ae88d3f9c27: start 8eedcce2-fa83-40f2-8f3f-8ae88d3f9c27@group-47FAC33CDF13-LeaderStateImpl
2022-01-11 23:54:04,739 [8eedcce2-fa83-40f2-8f3f-8ae88d3f9c27@group-47FAC33CDF13-LeaderElection40] INFO  segmented.SegmentedRaftLogWorker (SegmentedRaftLogWorker.java:startLogSegment(394)) - 8eedcce2-fa83-40f2-8f3f-8ae88d3f9c27@group-47FAC33CDF13-SegmentedRaftLogWorker: Starting segment from index:0
2022-01-11 23:54:04,745 [8eedcce2-fa83-40f2-8f3f-8ae88d3f9c27@group-47FAC33CDF13-SegmentedRaftLogWorker] INFO  segmented.SegmentedRaftLogWorker (SegmentedRaftLogWorker.java:execute(601)) - 8eedcce2-fa83-40f2-8f3f-8ae88d3f9c27@group-47FAC33CDF13-SegmentedRaftLogWorker: created new log segment /home/runner/work/ozone/ozone/hadoop-ozone/integration-test/target/test-dir/MiniOzoneClusterImpl-84b3519b-a2d3-47e7-8c84-34506f72c9f7/datanode-0/data/ratis/f68214f8-198a-4fd3-b36f-47fac33cdf13/current/log_inprogress_0
2022-01-11 23:54:04,746 [EventQueue-OpenPipelineForHealthyPipelineSafeModeRule] INFO  safemode.SCMSafeModeManager (HealthyPipelineSafeModeRule.java:process(124)) - SCM in safe mode. Healthy pipelines reported count is 0, required healthy pipeline reported count is 1
2022-01-11 23:54:04,754 [8eedcce2-fa83-40f2-8f3f-8ae88d3f9c27@group-47FAC33CDF13-LeaderElection40] INFO  server.RaftServer$Division (ServerState.java:setRaftConf(387)) - 8eedcce2-fa83-40f2-8f3f-8ae88d3f9c27@group-47FAC33CDF13: set configuration 0: [8eedcce2-fa83-40f2-8f3f-8ae88d3f9c27|rpc:10.1.0.37:39561|dataStream:|priority:1], old=null
2022-01-11 23:54:04,964 [Listener at 127.0.0.1/46043] INFO  ozone.MiniOzoneClusterImpl (MiniOzoneClusterImpl.java:lambda$waitForClusterToBeReady$0(235)) - Nodes are ready. Got 7 of 7 DN Heartbeats.
2022-01-11 23:54:04,965 [Listener at 127.0.0.1/46043] INFO  ozone.MiniOzoneClusterImpl (MiniOzoneClusterImpl.java:lambda$waitForClusterToBeReady$0(238)) - Waiting for cluster to exit safe mode
2022-01-11 23:54:04,965 [Listener at 127.0.0.1/46043] INFO  ozone.MiniOzoneClusterImpl (MiniOzoneClusterImpl.java:lambda$waitForClusterToBeReady$0(240)) - SCM became leader
2022-01-11 23:54:05,014 [8eedcce2-fa83-40f2-8f3f-8ae88d3f9c27@group-2B542484AF5F-FollowerState] INFO  impl.FollowerState (FollowerState.java:run(134)) - 8eedcce2-fa83-40f2-8f3f-8ae88d3f9c27@group-2B542484AF5F-FollowerState: change to CANDIDATE, lastRpcElapsedTime:5107686015ns, electionTimeout:5086ms
2022-01-11 23:54:05,014 [8eedcce2-fa83-40f2-8f3f-8ae88d3f9c27@group-2B542484AF5F-FollowerState] INFO  impl.RoleInfo (RoleInfo.java:shutdownFollowerState(108)) - 8eedcce2-fa83-40f2-8f3f-8ae88d3f9c27: shutdown 8eedcce2-fa83-40f2-8f3f-8ae88d3f9c27@group-2B542484AF5F-FollowerState
2022-01-11 23:54:05,014 [8eedcce2-fa83-40f2-8f3f-8ae88d3f9c27@group-2B542484AF5F-FollowerState] INFO  server.RaftServer$Division (RaftServerImpl.java:setRole(290)) - 8eedcce2-fa83-40f2-8f3f-8ae88d3f9c27@group-2B542484AF5F: changes role from  FOLLOWER to CANDIDATE at term 0 for changeToCandidate
2022-01-11 23:54:05,015 [8eedcce2-fa83-40f2-8f3f-8ae88d3f9c27@group-2B542484AF5F-FollowerState] INFO  server.RaftServerConfigKeys (ConfUtils.java:logGet(44)) - raft.server.leaderelection.pre-vote = false (custom)
2022-01-11 23:54:05,015 [8eedcce2-fa83-40f2-8f3f-8ae88d3f9c27@group-2B542484AF5F-FollowerState] INFO  impl.RoleInfo (RoleInfo.java:updateAndGet(130)) - 8eedcce2-fa83-40f2-8f3f-8ae88d3f9c27: start 8eedcce2-fa83-40f2-8f3f-8ae88d3f9c27@group-2B542484AF5F-LeaderElection41
2022-01-11 23:54:05,030 [8eedcce2-fa83-40f2-8f3f-8ae88d3f9c27@group-2B542484AF5F-LeaderElection41] INFO  impl.LeaderElection (LeaderElection.java:askForVotes(306)) - 8eedcce2-fa83-40f2-8f3f-8ae88d3f9c27@group-2B542484AF5F-LeaderElection41 ELECTION round 0: submit vote requests at term 1 for -1: [8eedcce2-fa83-40f2-8f3f-8ae88d3f9c27|rpc:10.1.0.37:39561|priority:1, c2004f48-6b55-488b-a4f3-a933c544d5d2|rpc:10.1.0.37:33985|priority:0, 51615485-058d-42af-9c65-c0e811a06a5e|rpc:10.1.0.37:46039|priority:0], old=null
2022-01-11 23:54:05,032 [grpc-default-executor-2] INFO  server.RaftServer$Division (RaftServerImpl.java:requestVote(1046)) - c2004f48-6b55-488b-a4f3-a933c544d5d2@group-2B542484AF5F: receive requestVote(ELECTION, 8eedcce2-fa83-40f2-8f3f-8ae88d3f9c27, group-2B542484AF5F, 1, (t:0, i:0))
2022-01-11 23:54:05,032 [grpc-default-executor-2] INFO  impl.VoteContext (VoteContext.java:log(48)) - c2004f48-6b55-488b-a4f3-a933c544d5d2@group-2B542484AF5F-FOLLOWER: accept ELECTION from 8eedcce2-fa83-40f2-8f3f-8ae88d3f9c27: our priority 0 <= candidate's priority 1
2022-01-11 23:54:05,032 [grpc-default-executor-2] INFO  server.RaftServer$Division (RaftServerImpl.java:setRole(290)) - c2004f48-6b55-488b-a4f3-a933c544d5d2@group-2B542484AF5F: changes role from  FOLLOWER to FOLLOWER at term 1 for candidate:8eedcce2-fa83-40f2-8f3f-8ae88d3f9c27
2022-01-11 23:54:05,032 [grpc-default-executor-2] INFO  impl.RoleInfo (RoleInfo.java:shutdownFollowerState(108)) - c2004f48-6b55-488b-a4f3-a933c544d5d2: shutdown c2004f48-6b55-488b-a4f3-a933c544d5d2@group-2B542484AF5F-FollowerState
2022-01-11 23:54:05,032 [grpc-default-executor-2] INFO  impl.RoleInfo (RoleInfo.java:updateAndGet(130)) - c2004f48-6b55-488b-a4f3-a933c544d5d2: start c2004f48-6b55-488b-a4f3-a933c544d5d2@group-2B542484AF5F-FollowerState
2022-01-11 23:54:05,032 [c2004f48-6b55-488b-a4f3-a933c544d5d2@group-2B542484AF5F-FollowerState] INFO  impl.FollowerState (FollowerState.java:run(143)) - c2004f48-6b55-488b-a4f3-a933c544d5d2@group-2B542484AF5F-FollowerState was interrupted: {}
java.lang.InterruptedException: sleep interrupted
	at java.lang.Thread.sleep(Native Method)
	at java.lang.Thread.sleep(Thread.java:340)
	at java.util.concurrent.TimeUnit.sleep(TimeUnit.java:386)
	at org.apache.ratis.util.TimeDuration.sleep(TimeDuration.java:324)
	at org.apache.ratis.util.TimeDuration.sleep(TimeDuration.java:309)
	at org.apache.ratis.server.impl.FollowerState.run(FollowerState.java:118)
2022-01-11 23:54:05,044 [grpc-default-executor-1] INFO  server.RaftServer$Division (RaftServerImpl.java:requestVote(1046)) - 51615485-058d-42af-9c65-c0e811a06a5e@group-2B542484AF5F: receive requestVote(ELECTION, 8eedcce2-fa83-40f2-8f3f-8ae88d3f9c27, group-2B542484AF5F, 1, (t:0, i:0))
2022-01-11 23:54:05,044 [grpc-default-executor-1] INFO  impl.VoteContext (VoteContext.java:log(48)) - 51615485-058d-42af-9c65-c0e811a06a5e@group-2B542484AF5F-FOLLOWER: accept ELECTION from 8eedcce2-fa83-40f2-8f3f-8ae88d3f9c27: our priority 0 <= candidate's priority 1
2022-01-11 23:54:05,044 [grpc-default-executor-1] INFO  server.RaftServer$Division (RaftServerImpl.java:setRole(290)) - 51615485-058d-42af-9c65-c0e811a06a5e@group-2B542484AF5F: changes role from  FOLLOWER to FOLLOWER at term 1 for candidate:8eedcce2-fa83-40f2-8f3f-8ae88d3f9c27
2022-01-11 23:54:05,044 [grpc-default-executor-1] INFO  impl.RoleInfo (RoleInfo.java:shutdownFollowerState(108)) - 51615485-058d-42af-9c65-c0e811a06a5e: shutdown 51615485-058d-42af-9c65-c0e811a06a5e@group-2B542484AF5F-FollowerState
2022-01-11 23:54:05,057 [grpc-default-executor-2] INFO  server.RaftServer$Division (RaftServerImpl.java:requestVote(1078)) - c2004f48-6b55-488b-a4f3-a933c544d5d2@group-2B542484AF5F replies to ELECTION vote request: 8eedcce2-fa83-40f2-8f3f-8ae88d3f9c27<-c2004f48-6b55-488b-a4f3-a933c544d5d2#0:OK-t1. Peer's state: c2004f48-6b55-488b-a4f3-a933c544d5d2@group-2B542484AF5F:t1, leader=null, voted=8eedcce2-fa83-40f2-8f3f-8ae88d3f9c27, raftlog=c2004f48-6b55-488b-a4f3-a933c544d5d2@group-2B542484AF5F-SegmentedRaftLog:OPENED:c-1, conf=-1: [8eedcce2-fa83-40f2-8f3f-8ae88d3f9c27|rpc:10.1.0.37:39561|dataStream:|priority:1, c2004f48-6b55-488b-a4f3-a933c544d5d2|rpc:10.1.0.37:33985|dataStream:|priority:0, 51615485-058d-42af-9c65-c0e811a06a5e|rpc:10.1.0.37:46039|dataStream:|priority:0], old=null
2022-01-11 23:54:05,058 [grpc-default-executor-1] INFO  impl.RoleInfo (RoleInfo.java:updateAndGet(130)) - 51615485-058d-42af-9c65-c0e811a06a5e: start 51615485-058d-42af-9c65-c0e811a06a5e@group-2B542484AF5F-FollowerState
2022-01-11 23:54:05,058 [51615485-058d-42af-9c65-c0e811a06a5e@group-2B542484AF5F-FollowerState] INFO  impl.FollowerState (FollowerState.java:run(143)) - 51615485-058d-42af-9c65-c0e811a06a5e@group-2B542484AF5F-FollowerState was interrupted: {}
java.lang.InterruptedException: sleep interrupted
	at java.lang.Thread.sleep(Native Method)
	at java.lang.Thread.sleep(Thread.java:340)
	at java.util.concurrent.TimeUnit.sleep(TimeUnit.java:386)
	at org.apache.ratis.util.TimeDuration.sleep(TimeDuration.java:324)
	at org.apache.ratis.util.TimeDuration.sleep(TimeDuration.java:309)
	at org.apache.ratis.server.impl.FollowerState.run(FollowerState.java:118)
2022-01-11 23:54:05,080 [8eedcce2-fa83-40f2-8f3f-8ae88d3f9c27@group-2B542484AF5F-LeaderElection41] INFO  impl.LeaderElection (LeaderElection.java:logAndReturn(89)) - 8eedcce2-fa83-40f2-8f3f-8ae88d3f9c27@group-2B542484AF5F-LeaderElection41: ELECTION PASSED received 1 response(s) and 0 exception(s):
2022-01-11 23:54:05,080 [8eedcce2-fa83-40f2-8f3f-8ae88d3f9c27@group-2B542484AF5F-LeaderElection41] INFO  impl.LeaderElection (LeaderElection.java:logAndReturn(93)) -   Response 0: 8eedcce2-fa83-40f2-8f3f-8ae88d3f9c27<-c2004f48-6b55-488b-a4f3-a933c544d5d2#0:OK-t1
2022-01-11 23:54:05,080 [8eedcce2-fa83-40f2-8f3f-8ae88d3f9c27@group-2B542484AF5F-LeaderElection41] INFO  impl.LeaderElection (LeaderElection.java:askForVotes(308)) - 8eedcce2-fa83-40f2-8f3f-8ae88d3f9c27@group-2B542484AF5F-LeaderElection41 ELECTION round 0: result PASSED
2022-01-11 23:54:05,080 [8eedcce2-fa83-40f2-8f3f-8ae88d3f9c27@group-2B542484AF5F-LeaderElection41] INFO  impl.RoleInfo (RoleInfo.java:shutdownLeaderElection(121)) - 8eedcce2-fa83-40f2-8f3f-8ae88d3f9c27: shutdown 8eedcce2-fa83-40f2-8f3f-8ae88d3f9c27@group-2B542484AF5F-LeaderElection41
2022-01-11 23:54:05,080 [8eedcce2-fa83-40f2-8f3f-8ae88d3f9c27@group-2B542484AF5F-LeaderElection41] INFO  server.RaftServer$Division (RaftServerImpl.java:setRole(290)) - 8eedcce2-fa83-40f2-8f3f-8ae88d3f9c27@group-2B542484AF5F: changes role from CANDIDATE to LEADER at term 1 for changeToLeader
2022-01-11 23:54:05,081 [8eedcce2-fa83-40f2-8f3f-8ae88d3f9c27@group-2B542484AF5F-LeaderElection41] INFO  ratis.XceiverServerRatis (XceiverServerRatis.java:handleLeaderChangedNotification(866)) - Leader change notification received for group: group-2B542484AF5F with new leaderId: 8eedcce2-fa83-40f2-8f3f-8ae88d3f9c27
2022-01-11 23:54:05,081 [8eedcce2-fa83-40f2-8f3f-8ae88d3f9c27@group-2B542484AF5F-LeaderElection41] INFO  server.RaftServer$Division (ServerState.java:setLeader(285)) - 8eedcce2-fa83-40f2-8f3f-8ae88d3f9c27@group-2B542484AF5F: change Leader from null to 8eedcce2-fa83-40f2-8f3f-8ae88d3f9c27 at term 1 for becomeLeader, leader elected after 5195ms
2022-01-11 23:54:05,081 [8eedcce2-fa83-40f2-8f3f-8ae88d3f9c27@group-2B542484AF5F-LeaderElection41] INFO  server.RaftServerConfigKeys (ConfUtils.java:logGet(44)) - raft.server.staging.catchup.gap = 1000 (default)
2022-01-11 23:54:05,081 [grpc-default-executor-1] INFO  server.RaftServer$Division (RaftServerImpl.java:requestVote(1078)) - 51615485-058d-42af-9c65-c0e811a06a5e@group-2B542484AF5F replies to ELECTION vote request: 8eedcce2-fa83-40f2-8f3f-8ae88d3f9c27<-51615485-058d-42af-9c65-c0e811a06a5e#0:OK-t1. Peer's state: 51615485-058d-42af-9c65-c0e811a06a5e@group-2B542484AF5F:t1, leader=null, voted=8eedcce2-fa83-40f2-8f3f-8ae88d3f9c27, raftlog=51615485-058d-42af-9c65-c0e811a06a5e@group-2B542484AF5F-SegmentedRaftLog:OPENED:c-1, conf=-1: [8eedcce2-fa83-40f2-8f3f-8ae88d3f9c27|rpc:10.1.0.37:39561|dataStream:|priority:1, c2004f48-6b55-488b-a4f3-a933c544d5d2|rpc:10.1.0.37:33985|dataStream:|priority:0, 51615485-058d-42af-9c65-c0e811a06a5e|rpc:10.1.0.37:46039|dataStream:|priority:0], old=null
2022-01-11 23:54:05,081 [8eedcce2-fa83-40f2-8f3f-8ae88d3f9c27@group-2B542484AF5F-LeaderElection41] INFO  server.RaftServerConfigKeys (ConfUtils.java:logGet(44)) - raft.server.write.element-limit = 1024 (custom)
2022-01-11 23:54:05,081 [8eedcce2-fa83-40f2-8f3f-8ae88d3f9c27@group-2B542484AF5F-LeaderElection41] INFO  server.RaftServerConfigKeys (ConfUtils.java:logGet(44)) - raft.server.write.byte-limit = 1024 M (=1073741824) (custom)
2022-01-11 23:54:05,082 [8eedcce2-fa83-40f2-8f3f-8ae88d3f9c27@group-2B542484AF5F-LeaderElection41] INFO  server.RaftServerConfigKeys (ConfUtils.java:logGet(44)) - raft.server.watch.timeout = 3000ms (custom)
2022-01-11 23:54:05,082 [8eedcce2-fa83-40f2-8f3f-8ae88d3f9c27@group-2B542484AF5F-LeaderElection41] INFO  server.RaftServerConfigKeys (ConfUtils.java:logGet(44)) - raft.server.watch.timeout.denomination = 1s (default)
2022-01-11 23:54:05,082 [8eedcce2-fa83-40f2-8f3f-8ae88d3f9c27@group-2B542484AF5F-LeaderElection41] INFO  server.RaftServerConfigKeys (ConfUtils.java:logGet(44)) - raft.server.watch.element-limit = 65536 (default)
2022-01-11 23:54:05,082 [8eedcce2-fa83-40f2-8f3f-8ae88d3f9c27@group-2B542484AF5F-LeaderElection41] INFO  server.RaftServerConfigKeys (ConfUtils.java:logGet(44)) - raft.server.write.element-limit = 1024 (custom)
2022-01-11 23:54:05,082 [8eedcce2-fa83-40f2-8f3f-8ae88d3f9c27@group-2B542484AF5F-LeaderElection41] INFO  server.RaftServerConfigKeys (ConfUtils.java:logGet(44)) - raft.server.write.follower.gap.ratio.max = -1.0 (default)
2022-01-11 23:54:05,082 [8eedcce2-fa83-40f2-8f3f-8ae88d3f9c27@group-2B542484AF5F-LeaderElection41] INFO  server.RaftServerConfigKeys (ConfUtils.java:logGet(44)) - raft.server.log.appender.snapshot.chunk.size.max = 16MB (=16777216) (default)
2022-01-11 23:54:05,082 [8eedcce2-fa83-40f2-8f3f-8ae88d3f9c27@group-2B542484AF5F-LeaderElection41] INFO  server.RaftServerConfigKeys (ConfUtils.java:logGet(44)) - raft.server.log.appender.buffer.byte-limit = 33554432 (custom)
2022-01-11 23:54:05,082 [8eedcce2-fa83-40f2-8f3f-8ae88d3f9c27@group-2B542484AF5F-LeaderElection41] INFO  server.RaftServerConfigKeys (ConfUtils.java:logGet(44)) - raft.server.log.appender.buffer.element-limit = 1 (custom)
2022-01-11 23:54:05,082 [8eedcce2-fa83-40f2-8f3f-8ae88d3f9c27@group-2B542484AF5F-LeaderElection41] INFO  grpc.GrpcConfigKeys (ConfUtils.java:logGet(44)) - raft.grpc.server.leader.outstanding.appends.max = 128 (default)
2022-01-11 23:54:05,082 [8eedcce2-fa83-40f2-8f3f-8ae88d3f9c27@group-2B542484AF5F-LeaderElection41] INFO  server.RaftServerConfigKeys (ConfUtils.java:logGet(44)) - raft.server.rpc.request.timeout = 3000ms (default)
2022-01-11 23:54:05,082 [8eedcce2-fa83-40f2-8f3f-8ae88d3f9c27@group-2B542484AF5F-LeaderElection41] INFO  server.RaftServerConfigKeys (ConfUtils.java:logGet(44)) - raft.server.log.appender.install.snapshot.enabled = false (custom)
2022-01-11 23:54:05,083 [8eedcce2-fa83-40f2-8f3f-8ae88d3f9c27@group-2B542484AF5F-LeaderElection41] INFO  server.RaftServerConfigKeys (ConfUtils.java:logGet(44)) - raft.server.log.appender.snapshot.chunk.size.max = 16MB (=16777216) (default)
2022-01-11 23:54:05,083 [8eedcce2-fa83-40f2-8f3f-8ae88d3f9c27@group-2B542484AF5F-LeaderElection41] INFO  server.RaftServerConfigKeys (ConfUtils.java:logGet(44)) - raft.server.log.appender.buffer.byte-limit = 33554432 (custom)
2022-01-11 23:54:05,083 [8eedcce2-fa83-40f2-8f3f-8ae88d3f9c27@group-2B542484AF5F-LeaderElection41] INFO  server.RaftServerConfigKeys (ConfUtils.java:logGet(44)) - raft.server.log.appender.buffer.element-limit = 1 (custom)
2022-01-11 23:54:05,083 [8eedcce2-fa83-40f2-8f3f-8ae88d3f9c27@group-2B542484AF5F-LeaderElection41] INFO  grpc.GrpcConfigKeys (ConfUtils.java:logGet(44)) - raft.grpc.server.leader.outstanding.appends.max = 128 (default)
2022-01-11 23:54:05,083 [8eedcce2-fa83-40f2-8f3f-8ae88d3f9c27@group-2B542484AF5F-LeaderElection41] INFO  server.RaftServerConfigKeys (ConfUtils.java:logGet(44)) - raft.server.rpc.request.timeout = 3000ms (default)
2022-01-11 23:54:05,083 [8eedcce2-fa83-40f2-8f3f-8ae88d3f9c27@group-2B542484AF5F-LeaderElection41] INFO  server.RaftServerConfigKeys (ConfUtils.java:logGet(44)) - raft.server.log.appender.install.snapshot.enabled = false (custom)
2022-01-11 23:54:05,084 [8eedcce2-fa83-40f2-8f3f-8ae88d3f9c27@group-2B542484AF5F-LeaderElection41] INFO  impl.RoleInfo (RoleInfo.java:updateAndGet(130)) - 8eedcce2-fa83-40f2-8f3f-8ae88d3f9c27: start 8eedcce2-fa83-40f2-8f3f-8ae88d3f9c27@group-2B542484AF5F-LeaderStateImpl
2022-01-11 23:54:05,084 [8eedcce2-fa83-40f2-8f3f-8ae88d3f9c27@group-2B542484AF5F-LeaderElection41] INFO  segmented.SegmentedRaftLogWorker (SegmentedRaftLogWorker.java:startLogSegment(394)) - 8eedcce2-fa83-40f2-8f3f-8ae88d3f9c27@group-2B542484AF5F-SegmentedRaftLogWorker: Starting segment from index:0
2022-01-11 23:54:05,087 [EventQueue-PipelineReportForPipelineReportHandler] INFO  pipeline.PipelineManagerImpl (PipelineManagerImpl.java:openPipeline(291)) - Pipeline Pipeline[ Id: 990fb063-1c16-4a81-9120-2b542484af5f, Nodes: 51615485-058d-42af-9c65-c0e811a06a5e{ip: 10.1.0.37, host: fv-az59-280.csjynl4pkq3e1pkirw3ssqjfoh.cx.internal.cloudapp.net, ports: [REPLICATION=39021, RATIS=46039, RATIS_ADMIN=46039, RATIS_SERVER=46039, STANDALONE=40703], networkLocation: /default-rack, certSerialId: null, persistedOpState: IN_SERVICE, persistedOpStateExpiryEpochSec: 0}8eedcce2-fa83-40f2-8f3f-8ae88d3f9c27{ip: 10.1.0.37, host: fv-az59-280.csjynl4pkq3e1pkirw3ssqjfoh.cx.internal.cloudapp.net, ports: [REPLICATION=34455, RATIS=39561, RATIS_ADMIN=39561, RATIS_SERVER=39561, STANDALONE=43687], networkLocation: /default-rack, certSerialId: null, persistedOpState: IN_SERVICE, persistedOpStateExpiryEpochSec: 0}c2004f48-6b55-488b-a4f3-a933c544d5d2{ip: 10.1.0.37, host: fv-az59-280.csjynl4pkq3e1pkirw3ssqjfoh.cx.internal.cloudapp.net, ports: [REPLICATION=46737, RATIS=33985, RATIS_ADMIN=33985, RATIS_SERVER=33985, STANDALONE=41439], networkLocation: /default-rack, certSerialId: null, persistedOpState: IN_SERVICE, persistedOpStateExpiryEpochSec: 0}, ReplicationConfig: RATIS/THREE, State:ALLOCATED, leaderId:8eedcce2-fa83-40f2-8f3f-8ae88d3f9c27, CreationTimestamp2022-01-11T23:53:57.687Z[Etc/UTC]] moved to OPEN state
2022-01-11 23:54:05,088 [EventQueue-OpenPipelineForHealthyPipelineSafeModeRule] INFO  safemode.SCMSafeModeManager (HealthyPipelineSafeModeRule.java:process(124)) - SCM in safe mode. Healthy pipelines reported count is 1, required healthy pipeline reported count is 1
2022-01-11 23:54:05,088 [EventQueue-OpenPipelineForHealthyPipelineSafeModeRule] INFO  safemode.SCMSafeModeManager (SCMSafeModeManager.java:validateSafeModeExitRules(204)) - HealthyPipelineSafeModeRule rule is successfully validated
2022-01-11 23:54:05,088 [EventQueue-OpenPipelineForHealthyPipelineSafeModeRule] INFO  safemode.SCMSafeModeManager (SCMSafeModeManager.java:validateSafeModeExitRules(219)) - ScmSafeModeManager, all rules are successfully validated
2022-01-11 23:54:05,088 [EventQueue-OpenPipelineForHealthyPipelineSafeModeRule] INFO  safemode.SCMSafeModeManager (SCMSafeModeManager.java:exitSafeMode(248)) - SCM exiting safe mode.
2022-01-11 23:54:05,088 [EventQueue-OpenPipelineForHealthyPipelineSafeModeRule] WARN  events.EventQueue (EventQueue.java:fireEvent(194)) - No event handler registered for event TypedEvent{payloadType=SafeModeStatus, name='Safe mode status'}
2022-01-11 23:54:05,088 [EventQueue-OpenPipelineForHealthyPipelineSafeModeRule] INFO  ha.SCMContext (SCMContext.java:updateSafeModeStatus(211)) - Update SafeModeStatus from SafeModeStatus{safeModeStatus=true, preCheckPassed=true} to SafeModeStatus{safeModeStatus=false, preCheckPassed=true}.
2022-01-11 23:54:05,088 [EventQueue-OpenPipelineForHealthyPipelineSafeModeRule] INFO  pipeline.BackgroundPipelineCreator (BackgroundPipelineCreator.java:notifyStatusChanged(264)) - Service BackgroundPipelineCreator transitions to RUNNING.
2022-01-11 23:54:05,088 [EventQueue-OpenPipelineForHealthyPipelineSafeModeRule] INFO  container.ReplicationManager (ReplicationManager.java:notifyStatusChanged(1802)) - Service ReplicationManager transitions to RUNNING.
2022-01-11 23:54:05,089 [8eedcce2-fa83-40f2-8f3f-8ae88d3f9c27@group-2B542484AF5F-SegmentedRaftLogWorker] INFO  segmented.SegmentedRaftLogWorker (SegmentedRaftLogWorker.java:execute(601)) - 8eedcce2-fa83-40f2-8f3f-8ae88d3f9c27@group-2B542484AF5F-SegmentedRaftLogWorker: created new log segment /home/runner/work/ozone/ozone/hadoop-ozone/integration-test/target/test-dir/MiniOzoneClusterImpl-84b3519b-a2d3-47e7-8c84-34506f72c9f7/datanode-0/data/ratis/990fb063-1c16-4a81-9120-2b542484af5f/current/log_inprogress_0
2022-01-11 23:54:05,129 [grpc-default-executor-2] INFO  ratis.XceiverServerRatis (XceiverServerRatis.java:handleLeaderChangedNotification(866)) - Leader change notification received for group: group-2B542484AF5F with new leaderId: 8eedcce2-fa83-40f2-8f3f-8ae88d3f9c27
2022-01-11 23:54:05,129 [grpc-default-executor-2] INFO  server.RaftServer$Division (ServerState.java:setLeader(285)) - 51615485-058d-42af-9c65-c0e811a06a5e@group-2B542484AF5F: change Leader from null to 8eedcce2-fa83-40f2-8f3f-8ae88d3f9c27 at term 1 for appendEntries, leader elected after 5171ms
2022-01-11 23:54:05,129 [8eedcce2-fa83-40f2-8f3f-8ae88d3f9c27@group-2B542484AF5F-LeaderElection41] INFO  server.RaftServer$Division (ServerState.java:setRaftConf(387)) - 8eedcce2-fa83-40f2-8f3f-8ae88d3f9c27@group-2B542484AF5F: set configuration 0: [8eedcce2-fa83-40f2-8f3f-8ae88d3f9c27|rpc:10.1.0.37:39561|dataStream:|priority:1, c2004f48-6b55-488b-a4f3-a933c544d5d2|rpc:10.1.0.37:33985|dataStream:|priority:0, 51615485-058d-42af-9c65-c0e811a06a5e|rpc:10.1.0.37:46039|dataStream:|priority:0], old=null
2022-01-11 23:54:05,154 [grpc-default-executor-1] INFO  ratis.XceiverServerRatis (XceiverServerRatis.java:handleLeaderChangedNotification(866)) - Leader change notification received for group: group-2B542484AF5F with new leaderId: 8eedcce2-fa83-40f2-8f3f-8ae88d3f9c27
2022-01-11 23:54:05,154 [grpc-default-executor-1] INFO  server.RaftServer$Division (ServerState.java:setLeader(285)) - c2004f48-6b55-488b-a4f3-a933c544d5d2@group-2B542484AF5F: change Leader from null to 8eedcce2-fa83-40f2-8f3f-8ae88d3f9c27 at term 1 for appendEntries, leader elected after 5093ms
2022-01-11 23:54:05,185 [grpc-default-executor-1] INFO  server.RaftServer$Division (ServerState.java:setRaftConf(387)) - c2004f48-6b55-488b-a4f3-a933c544d5d2@group-2B542484AF5F: set configuration 0: [8eedcce2-fa83-40f2-8f3f-8ae88d3f9c27|rpc:10.1.0.37:39561|dataStream:|priority:1, c2004f48-6b55-488b-a4f3-a933c544d5d2|rpc:10.1.0.37:33985|dataStream:|priority:0, 51615485-058d-42af-9c65-c0e811a06a5e|rpc:10.1.0.37:46039|dataStream:|priority:0], old=null
2022-01-11 23:54:05,205 [grpc-default-executor-1] INFO  segmented.SegmentedRaftLogWorker (SegmentedRaftLogWorker.java:startLogSegment(394)) - c2004f48-6b55-488b-a4f3-a933c544d5d2@group-2B542484AF5F-SegmentedRaftLogWorker: Starting segment from index:0
2022-01-11 23:54:05,209 [c2004f48-6b55-488b-a4f3-a933c544d5d2@group-2B542484AF5F-SegmentedRaftLogWorker] INFO  segmented.SegmentedRaftLogWorker (SegmentedRaftLogWorker.java:execute(601)) - c2004f48-6b55-488b-a4f3-a933c544d5d2@group-2B542484AF5F-SegmentedRaftLogWorker: created new log segment /home/runner/work/ozone/ozone/hadoop-ozone/integration-test/target/test-dir/MiniOzoneClusterImpl-84b3519b-a2d3-47e7-8c84-34506f72c9f7/datanode-2/data/ratis/990fb063-1c16-4a81-9120-2b542484af5f/current/log_inprogress_0
2022-01-11 23:54:05,211 [grpc-default-executor-2] INFO  server.RaftServer$Division (ServerState.java:setRaftConf(387)) - 51615485-058d-42af-9c65-c0e811a06a5e@group-2B542484AF5F: set configuration 0: [8eedcce2-fa83-40f2-8f3f-8ae88d3f9c27|rpc:10.1.0.37:39561|dataStream:|priority:1, c2004f48-6b55-488b-a4f3-a933c544d5d2|rpc:10.1.0.37:33985|dataStream:|priority:0, 51615485-058d-42af-9c65-c0e811a06a5e|rpc:10.1.0.37:46039|dataStream:|priority:0], old=null
2022-01-11 23:54:05,211 [grpc-default-executor-2] INFO  segmented.SegmentedRaftLogWorker (SegmentedRaftLogWorker.java:startLogSegment(394)) - 51615485-058d-42af-9c65-c0e811a06a5e@group-2B542484AF5F-SegmentedRaftLogWorker: Starting segment from index:0
2022-01-11 23:54:05,212 [51615485-058d-42af-9c65-c0e811a06a5e@group-2B542484AF5F-SegmentedRaftLogWorker] INFO  segmented.SegmentedRaftLogWorker (SegmentedRaftLogWorker.java:execute(601)) - 51615485-058d-42af-9c65-c0e811a06a5e@group-2B542484AF5F-SegmentedRaftLogWorker: created new log segment /home/runner/work/ozone/ozone/hadoop-ozone/integration-test/target/test-dir/MiniOzoneClusterImpl-84b3519b-a2d3-47e7-8c84-34506f72c9f7/datanode-1/data/ratis/990fb063-1c16-4a81-9120-2b542484af5f/current/log_inprogress_0
2022-01-11 23:54:05,231 [c2004f48-6b55-488b-a4f3-a933c544d5d2@group-D0E897EC1444-FollowerState] INFO  impl.FollowerState (FollowerState.java:run(134)) - c2004f48-6b55-488b-a4f3-a933c544d5d2@group-D0E897EC1444-FollowerState: change to CANDIDATE, lastRpcElapsedTime:5064251578ns, electionTimeout:5063ms
2022-01-11 23:54:05,231 [c2004f48-6b55-488b-a4f3-a933c544d5d2@group-D0E897EC1444-FollowerState] INFO  impl.RoleInfo (RoleInfo.java:shutdownFollowerState(108)) - c2004f48-6b55-488b-a4f3-a933c544d5d2: shutdown c2004f48-6b55-488b-a4f3-a933c544d5d2@group-D0E897EC1444-FollowerState
2022-01-11 23:54:05,231 [c2004f48-6b55-488b-a4f3-a933c544d5d2@group-D0E897EC1444-FollowerState] INFO  server.RaftServer$Division (RaftServerImpl.java:setRole(290)) - c2004f48-6b55-488b-a4f3-a933c544d5d2@group-D0E897EC1444: changes role from  FOLLOWER to CANDIDATE at term 0 for changeToCandidate
2022-01-11 23:54:05,247 [c2004f48-6b55-488b-a4f3-a933c544d5d2@group-D0E897EC1444-FollowerState] INFO  server.RaftServerConfigKeys (ConfUtils.java:logGet(44)) - raft.server.leaderelection.pre-vote = false (custom)
2022-01-11 23:54:05,247 [c2004f48-6b55-488b-a4f3-a933c544d5d2@group-D0E897EC1444-FollowerState] INFO  impl.RoleInfo (RoleInfo.java:updateAndGet(130)) - c2004f48-6b55-488b-a4f3-a933c544d5d2: start c2004f48-6b55-488b-a4f3-a933c544d5d2@group-D0E897EC1444-LeaderElection42
2022-01-11 23:54:05,257 [8eedcce2-fa83-40f2-8f3f-8ae88d3f9c27@group-D0E897EC1444-FollowerState] INFO  impl.FollowerState (FollowerState.java:run(134)) - 8eedcce2-fa83-40f2-8f3f-8ae88d3f9c27@group-D0E897EC1444-FollowerState: change to CANDIDATE, lastRpcElapsedTime:5131968557ns, electionTimeout:5131ms
2022-01-11 23:54:05,257 [8eedcce2-fa83-40f2-8f3f-8ae88d3f9c27@group-D0E897EC1444-FollowerState] INFO  impl.RoleInfo (RoleInfo.java:shutdownFollowerState(108)) - 8eedcce2-fa83-40f2-8f3f-8ae88d3f9c27: shutdown 8eedcce2-fa83-40f2-8f3f-8ae88d3f9c27@group-D0E897EC1444-FollowerState
2022-01-11 23:54:05,257 [8eedcce2-fa83-40f2-8f3f-8ae88d3f9c27@group-D0E897EC1444-FollowerState] INFO  server.RaftServer$Division (RaftServerImpl.java:setRole(290)) - 8eedcce2-fa83-40f2-8f3f-8ae88d3f9c27@group-D0E897EC1444: changes role from  FOLLOWER to CANDIDATE at term 0 for changeToCandidate
2022-01-11 23:54:05,257 [8eedcce2-fa83-40f2-8f3f-8ae88d3f9c27@group-D0E897EC1444-FollowerState] INFO  server.RaftServerConfigKeys (ConfUtils.java:logGet(44)) - raft.server.leaderelection.pre-vote = false (custom)
2022-01-11 23:54:05,257 [8eedcce2-fa83-40f2-8f3f-8ae88d3f9c27@group-D0E897EC1444-FollowerState] INFO  impl.RoleInfo (RoleInfo.java:updateAndGet(130)) - 8eedcce2-fa83-40f2-8f3f-8ae88d3f9c27: start 8eedcce2-fa83-40f2-8f3f-8ae88d3f9c27@group-D0E897EC1444-LeaderElection43
2022-01-11 23:54:05,277 [8eedcce2-fa83-40f2-8f3f-8ae88d3f9c27@group-D0E897EC1444-LeaderElection43] INFO  impl.LeaderElection (LeaderElection.java:askForVotes(306)) - 8eedcce2-fa83-40f2-8f3f-8ae88d3f9c27@group-D0E897EC1444-LeaderElection43 ELECTION round 0: submit vote requests at term 1 for -1: [8eedcce2-fa83-40f2-8f3f-8ae88d3f9c27|rpc:10.1.0.37:39561|priority:0, c2004f48-6b55-488b-a4f3-a933c544d5d2|rpc:10.1.0.37:33985|priority:0, 51615485-058d-42af-9c65-c0e811a06a5e|rpc:10.1.0.37:46039|priority:1], old=null
2022-01-11 23:54:05,289 [grpc-default-executor-1] INFO  server.RaftServer$Division (RaftServerImpl.java:requestVote(1046)) - c2004f48-6b55-488b-a4f3-a933c544d5d2@group-D0E897EC1444: receive requestVote(ELECTION, 8eedcce2-fa83-40f2-8f3f-8ae88d3f9c27, group-D0E897EC1444, 1, (t:0, i:0))
2022-01-11 23:54:05,304 [c2004f48-6b55-488b-a4f3-a933c544d5d2@group-D0E897EC1444-LeaderElection42] INFO  impl.LeaderElection (LeaderElection.java:askForVotes(306)) - c2004f48-6b55-488b-a4f3-a933c544d5d2@group-D0E897EC1444-LeaderElection42 ELECTION round 0: submit vote requests at term 1 for -1: [8eedcce2-fa83-40f2-8f3f-8ae88d3f9c27|rpc:10.1.0.37:39561|dataStream:|priority:0, c2004f48-6b55-488b-a4f3-a933c544d5d2|rpc:10.1.0.37:33985|dataStream:|priority:0, 51615485-058d-42af-9c65-c0e811a06a5e|rpc:10.1.0.37:46039|dataStream:|priority:1], old=null
2022-01-11 23:54:05,304 [grpc-default-executor-1] INFO  impl.VoteContext (VoteContext.java:log(48)) - c2004f48-6b55-488b-a4f3-a933c544d5d2@group-D0E897EC1444-CANDIDATE: reject ELECTION from 8eedcce2-fa83-40f2-8f3f-8ae88d3f9c27: already has voted for c2004f48-6b55-488b-a4f3-a933c544d5d2 at current term 1
2022-01-11 23:54:05,304 [grpc-default-executor-1] INFO  server.RaftServer$Division (RaftServerImpl.java:requestVote(1078)) - c2004f48-6b55-488b-a4f3-a933c544d5d2@group-D0E897EC1444 replies to ELECTION vote request: 8eedcce2-fa83-40f2-8f3f-8ae88d3f9c27<-c2004f48-6b55-488b-a4f3-a933c544d5d2#0:FAIL-t1. Peer's state: c2004f48-6b55-488b-a4f3-a933c544d5d2@group-D0E897EC1444:t1, leader=null, voted=c2004f48-6b55-488b-a4f3-a933c544d5d2, raftlog=c2004f48-6b55-488b-a4f3-a933c544d5d2@group-D0E897EC1444-SegmentedRaftLog:OPENED:c-1, conf=-1: [8eedcce2-fa83-40f2-8f3f-8ae88d3f9c27|rpc:10.1.0.37:39561|dataStream:|priority:0, c2004f48-6b55-488b-a4f3-a933c544d5d2|rpc:10.1.0.37:33985|dataStream:|priority:0, 51615485-058d-42af-9c65-c0e811a06a5e|rpc:10.1.0.37:46039|dataStream:|priority:1], old=null
2022-01-11 23:54:05,316 [51615485-058d-42af-9c65-c0e811a06a5e@group-F0ED29085A06-FollowerState] INFO  impl.FollowerState (FollowerState.java:run(134)) - 51615485-058d-42af-9c65-c0e811a06a5e@group-F0ED29085A06-FollowerState: change to CANDIDATE, lastRpcElapsedTime:5072450760ns, electionTimeout:5058ms
2022-01-11 23:54:05,316 [51615485-058d-42af-9c65-c0e811a06a5e@group-F0ED29085A06-FollowerState] INFO  impl.RoleInfo (RoleInfo.java:shutdownFollowerState(108)) - 51615485-058d-42af-9c65-c0e811a06a5e: shutdown 51615485-058d-42af-9c65-c0e811a06a5e@group-F0ED29085A06-FollowerState
2022-01-11 23:54:05,316 [51615485-058d-42af-9c65-c0e811a06a5e@group-F0ED29085A06-FollowerState] INFO  server.RaftServer$Division (RaftServerImpl.java:setRole(290)) - 51615485-058d-42af-9c65-c0e811a06a5e@group-F0ED29085A06: changes role from  FOLLOWER to CANDIDATE at term 0 for changeToCandidate
2022-01-11 23:54:05,320 [grpc-default-executor-1] INFO  server.RaftServer$Division (RaftServerImpl.java:requestVote(1046)) - 51615485-058d-42af-9c65-c0e811a06a5e@group-D0E897EC1444: receive requestVote(ELECTION, 8eedcce2-fa83-40f2-8f3f-8ae88d3f9c27, group-D0E897EC1444, 1, (t:0, i:0))
2022-01-11 23:54:05,320 [grpc-default-executor-1] INFO  impl.VoteContext (VoteContext.java:log(48)) - 51615485-058d-42af-9c65-c0e811a06a5e@group-D0E897EC1444-FOLLOWER: reject ELECTION from 8eedcce2-fa83-40f2-8f3f-8ae88d3f9c27: our priority 1 > candidate's priority 0
2022-01-11 23:54:05,320 [grpc-default-executor-1] INFO  server.RaftServer$Division (RaftServerImpl.java:setRole(290)) - 51615485-058d-42af-9c65-c0e811a06a5e@group-D0E897EC1444: changes role from  FOLLOWER to FOLLOWER at term 1 for candidate:8eedcce2-fa83-40f2-8f3f-8ae88d3f9c27
2022-01-11 23:54:05,320 [grpc-default-executor-1] INFO  impl.RoleInfo (RoleInfo.java:shutdownFollowerState(108)) - 51615485-058d-42af-9c65-c0e811a06a5e: shutdown 51615485-058d-42af-9c65-c0e811a06a5e@group-D0E897EC1444-FollowerState
2022-01-11 23:54:05,320 [grpc-default-executor-1] INFO  impl.RoleInfo (RoleInfo.java:updateAndGet(130)) - 51615485-058d-42af-9c65-c0e811a06a5e: start 51615485-058d-42af-9c65-c0e811a06a5e@group-D0E897EC1444-FollowerState
2022-01-11 23:54:05,328 [grpc-default-executor-2] INFO  server.RaftServer$Division (RaftServerImpl.java:requestVote(1046)) - 8eedcce2-fa83-40f2-8f3f-8ae88d3f9c27@group-D0E897EC1444: receive requestVote(ELECTION, c2004f48-6b55-488b-a4f3-a933c544d5d2, group-D0E897EC1444, 1, (t:0, i:0))
2022-01-11 23:54:05,328 [grpc-default-executor-2] INFO  impl.VoteContext (VoteContext.java:log(48)) - 8eedcce2-fa83-40f2-8f3f-8ae88d3f9c27@group-D0E897EC1444-CANDIDATE: reject ELECTION from c2004f48-6b55-488b-a4f3-a933c544d5d2: already has voted for 8eedcce2-fa83-40f2-8f3f-8ae88d3f9c27 at current term 1
2022-01-11 23:54:05,328 [grpc-default-executor-2] INFO  server.RaftServer$Division (RaftServerImpl.java:requestVote(1078)) - 8eedcce2-fa83-40f2-8f3f-8ae88d3f9c27@group-D0E897EC1444 replies to ELECTION vote request: c2004f48-6b55-488b-a4f3-a933c544d5d2<-8eedcce2-fa83-40f2-8f3f-8ae88d3f9c27#0:FAIL-t1. Peer's state: 8eedcce2-fa83-40f2-8f3f-8ae88d3f9c27@group-D0E897EC1444:t1, leader=null, voted=8eedcce2-fa83-40f2-8f3f-8ae88d3f9c27, raftlog=8eedcce2-fa83-40f2-8f3f-8ae88d3f9c27@group-D0E897EC1444-SegmentedRaftLog:OPENED:c-1, conf=-1: [8eedcce2-fa83-40f2-8f3f-8ae88d3f9c27|rpc:10.1.0.37:39561|priority:0, c2004f48-6b55-488b-a4f3-a933c544d5d2|rpc:10.1.0.37:33985|priority:0, 51615485-058d-42af-9c65-c0e811a06a5e|rpc:10.1.0.37:46039|priority:1], old=null
2022-01-11 23:54:05,335 [51615485-058d-42af-9c65-c0e811a06a5e@group-D0E897EC1444-FollowerState] INFO  impl.FollowerState (FollowerState.java:run(143)) - 51615485-058d-42af-9c65-c0e811a06a5e@group-D0E897EC1444-FollowerState was interrupted: {}
java.lang.InterruptedException: sleep interrupted
	at java.lang.Thread.sleep(Native Method)
	at java.lang.Thread.sleep(Thread.java:340)
	at java.util.concurrent.TimeUnit.sleep(TimeUnit.java:386)
	at org.apache.ratis.util.TimeDuration.sleep(TimeDuration.java:324)
	at org.apache.ratis.util.TimeDuration.sleep(TimeDuration.java:309)
	at org.apache.ratis.server.impl.FollowerState.run(FollowerState.java:118)
2022-01-11 23:54:05,348 [51615485-058d-42af-9c65-c0e811a06a5e@group-F0ED29085A06-FollowerState] INFO  server.RaftServerConfigKeys (ConfUtils.java:logGet(44)) - raft.server.leaderelection.pre-vote = false (custom)
2022-01-11 23:54:05,348 [51615485-058d-42af-9c65-c0e811a06a5e@group-F0ED29085A06-FollowerState] INFO  impl.RoleInfo (RoleInfo.java:updateAndGet(130)) - 51615485-058d-42af-9c65-c0e811a06a5e: start 51615485-058d-42af-9c65-c0e811a06a5e@group-F0ED29085A06-LeaderElection44
2022-01-11 23:54:05,351 [grpc-default-executor-2] INFO  server.RaftServer$Division (RaftServerImpl.java:requestVote(1046)) - 51615485-058d-42af-9c65-c0e811a06a5e@group-D0E897EC1444: receive requestVote(ELECTION, c2004f48-6b55-488b-a4f3-a933c544d5d2, group-D0E897EC1444, 1, (t:0, i:0))
2022-01-11 23:54:05,362 [grpc-default-executor-1] INFO  server.RaftServer$Division (RaftServerImpl.java:requestVote(1078)) - 51615485-058d-42af-9c65-c0e811a06a5e@group-D0E897EC1444 replies to ELECTION vote request: 8eedcce2-fa83-40f2-8f3f-8ae88d3f9c27<-51615485-058d-42af-9c65-c0e811a06a5e#0:FAIL-t1. Peer's state: 51615485-058d-42af-9c65-c0e811a06a5e@group-D0E897EC1444:t1, leader=null, voted=null, raftlog=51615485-058d-42af-9c65-c0e811a06a5e@group-D0E897EC1444-SegmentedRaftLog:OPENED:c-1, conf=-1: [8eedcce2-fa83-40f2-8f3f-8ae88d3f9c27|rpc:10.1.0.37:39561|dataStream:|priority:0, c2004f48-6b55-488b-a4f3-a933c544d5d2|rpc:10.1.0.37:33985|dataStream:|priority:0, 51615485-058d-42af-9c65-c0e811a06a5e|rpc:10.1.0.37:46039|dataStream:|priority:1], old=null
2022-01-11 23:54:05,362 [grpc-default-executor-2] INFO  impl.VoteContext (VoteContext.java:log(48)) - 51615485-058d-42af-9c65-c0e811a06a5e@group-D0E897EC1444-FOLLOWER: reject ELECTION from c2004f48-6b55-488b-a4f3-a933c544d5d2: our priority 1 > candidate's priority 0
2022-01-11 23:54:05,362 [grpc-default-executor-2] INFO  server.RaftServer$Division (RaftServerImpl.java:setRole(290)) - 51615485-058d-42af-9c65-c0e811a06a5e@group-D0E897EC1444: changes role from  FOLLOWER to FOLLOWER at term 1 for candidate:c2004f48-6b55-488b-a4f3-a933c544d5d2
2022-01-11 23:54:05,362 [grpc-default-executor-2] INFO  impl.RoleInfo (RoleInfo.java:shutdownFollowerState(108)) - 51615485-058d-42af-9c65-c0e811a06a5e: shutdown 51615485-058d-42af-9c65-c0e811a06a5e@group-D0E897EC1444-FollowerState
2022-01-11 23:54:05,362 [grpc-default-executor-2] INFO  impl.RoleInfo (RoleInfo.java:updateAndGet(130)) - 51615485-058d-42af-9c65-c0e811a06a5e: start 51615485-058d-42af-9c65-c0e811a06a5e@group-D0E897EC1444-FollowerState
2022-01-11 23:54:05,363 [51615485-058d-42af-9c65-c0e811a06a5e@group-D0E897EC1444-FollowerState] INFO  impl.FollowerState (FollowerState.java:run(143)) - 51615485-058d-42af-9c65-c0e811a06a5e@group-D0E897EC1444-FollowerState was interrupted: {}
java.lang.InterruptedException: sleep interrupted
	at java.lang.Thread.sleep(Native Method)
	at java.lang.Thread.sleep(Thread.java:340)
	at java.util.concurrent.TimeUnit.sleep(TimeUnit.java:386)
	at org.apache.ratis.util.TimeDuration.sleep(TimeDuration.java:324)
	at org.apache.ratis.util.TimeDuration.sleep(TimeDuration.java:309)
	at org.apache.ratis.server.impl.FollowerState.run(FollowerState.java:118)
2022-01-11 23:54:05,367 [grpc-default-executor-2] INFO  server.RaftServer$Division (RaftServerImpl.java:requestVote(1078)) - 51615485-058d-42af-9c65-c0e811a06a5e@group-D0E897EC1444 replies to ELECTION vote request: c2004f48-6b55-488b-a4f3-a933c544d5d2<-51615485-058d-42af-9c65-c0e811a06a5e#0:FAIL-t1. Peer's state: 51615485-058d-42af-9c65-c0e811a06a5e@group-D0E897EC1444:t1, leader=null, voted=null, raftlog=51615485-058d-42af-9c65-c0e811a06a5e@group-D0E897EC1444-SegmentedRaftLog:OPENED:c-1, conf=-1: [8eedcce2-fa83-40f2-8f3f-8ae88d3f9c27|rpc:10.1.0.37:39561|dataStream:|priority:0, c2004f48-6b55-488b-a4f3-a933c544d5d2|rpc:10.1.0.37:33985|dataStream:|priority:0, 51615485-058d-42af-9c65-c0e811a06a5e|rpc:10.1.0.37:46039|dataStream:|priority:1], old=null
2022-01-11 23:54:05,373 [8eedcce2-fa83-40f2-8f3f-8ae88d3f9c27@group-D0E897EC1444-LeaderElection43] INFO  impl.LeaderElection (LeaderElection.java:logAndReturn(89)) - 8eedcce2-fa83-40f2-8f3f-8ae88d3f9c27@group-D0E897EC1444-LeaderElection43: ELECTION REJECTED received 2 response(s) and 0 exception(s):
2022-01-11 23:54:05,373 [8eedcce2-fa83-40f2-8f3f-8ae88d3f9c27@group-D0E897EC1444-LeaderElection43] INFO  impl.LeaderElection (LeaderElection.java:logAndReturn(93)) -   Response 0: 8eedcce2-fa83-40f2-8f3f-8ae88d3f9c27<-c2004f48-6b55-488b-a4f3-a933c544d5d2#0:FAIL-t1
2022-01-11 23:54:05,374 [8eedcce2-fa83-40f2-8f3f-8ae88d3f9c27@group-D0E897EC1444-LeaderElection43] INFO  impl.LeaderElection (LeaderElection.java:logAndReturn(93)) -   Response 1: 8eedcce2-fa83-40f2-8f3f-8ae88d3f9c27<-51615485-058d-42af-9c65-c0e811a06a5e#0:FAIL-t1
2022-01-11 23:54:05,374 [8eedcce2-fa83-40f2-8f3f-8ae88d3f9c27@group-D0E897EC1444-LeaderElection43] INFO  impl.LeaderElection (LeaderElection.java:askForVotes(308)) - 8eedcce2-fa83-40f2-8f3f-8ae88d3f9c27@group-D0E897EC1444-LeaderElection43 ELECTION round 0: result REJECTED
2022-01-11 23:54:05,374 [8eedcce2-fa83-40f2-8f3f-8ae88d3f9c27@group-D0E897EC1444-LeaderElection43] INFO  server.RaftServer$Division (RaftServerImpl.java:setRole(290)) - 8eedcce2-fa83-40f2-8f3f-8ae88d3f9c27@group-D0E897EC1444: changes role from CANDIDATE to FOLLOWER at term 1 for REJECTED
2022-01-11 23:54:05,374 [8eedcce2-fa83-40f2-8f3f-8ae88d3f9c27@group-D0E897EC1444-LeaderElection43] INFO  impl.RoleInfo (RoleInfo.java:shutdownLeaderElection(121)) - 8eedcce2-fa83-40f2-8f3f-8ae88d3f9c27: shutdown 8eedcce2-fa83-40f2-8f3f-8ae88d3f9c27@group-D0E897EC1444-LeaderElection43
2022-01-11 23:54:05,374 [8eedcce2-fa83-40f2-8f3f-8ae88d3f9c27@group-D0E897EC1444-LeaderElection43] INFO  impl.RoleInfo (RoleInfo.java:updateAndGet(130)) - 8eedcce2-fa83-40f2-8f3f-8ae88d3f9c27: start 8eedcce2-fa83-40f2-8f3f-8ae88d3f9c27@group-D0E897EC1444-FollowerState
2022-01-11 23:54:05,374 [51615485-058d-42af-9c65-c0e811a06a5e@group-F0ED29085A06-LeaderElection44] INFO  impl.LeaderElection (LeaderElection.java:askForVotes(306)) - 51615485-058d-42af-9c65-c0e811a06a5e@group-F0ED29085A06-LeaderElection44 ELECTION round 0: submit vote requests at term 1 for -1: [51615485-058d-42af-9c65-c0e811a06a5e|rpc:10.1.0.37:46039|priority:1], old=null
2022-01-11 23:54:05,374 [51615485-058d-42af-9c65-c0e811a06a5e@group-F0ED29085A06-LeaderElection44] INFO  impl.LeaderElection (LeaderElection.java:askForVotes(308)) - 51615485-058d-42af-9c65-c0e811a06a5e@group-F0ED29085A06-LeaderElection44 ELECTION round 0: result PASSED (term=1)
2022-01-11 23:54:05,374 [51615485-058d-42af-9c65-c0e811a06a5e@group-F0ED29085A06-LeaderElection44] INFO  impl.RoleInfo (RoleInfo.java:shutdownLeaderElection(121)) - 51615485-058d-42af-9c65-c0e811a06a5e: shutdown 51615485-058d-42af-9c65-c0e811a06a5e@group-F0ED29085A06-LeaderElection44
2022-01-11 23:54:05,374 [51615485-058d-42af-9c65-c0e811a06a5e@group-F0ED29085A06-LeaderElection44] INFO  server.RaftServer$Division (RaftServerImpl.java:setRole(290)) - 51615485-058d-42af-9c65-c0e811a06a5e@group-F0ED29085A06: changes role from CANDIDATE to LEADER at term 1 for changeToLeader
2022-01-11 23:54:05,374 [51615485-058d-42af-9c65-c0e811a06a5e@group-F0ED29085A06-LeaderElection44] INFO  ratis.XceiverServerRatis (XceiverServerRatis.java:handleLeaderChangedNotification(866)) - Leader change notification received for group: group-F0ED29085A06 with new leaderId: 51615485-058d-42af-9c65-c0e811a06a5e
2022-01-11 23:54:05,375 [51615485-058d-42af-9c65-c0e811a06a5e@group-F0ED29085A06-LeaderElection44] INFO  server.RaftServer$Division (ServerState.java:setLeader(285)) - 51615485-058d-42af-9c65-c0e811a06a5e@group-F0ED29085A06: change Leader from null to 51615485-058d-42af-9c65-c0e811a06a5e at term 1 for becomeLeader, leader elected after 5145ms
2022-01-11 23:54:05,375 [51615485-058d-42af-9c65-c0e811a06a5e@group-F0ED29085A06-LeaderElection44] INFO  server.RaftServerConfigKeys (ConfUtils.java:logGet(44)) - raft.server.staging.catchup.gap = 1000 (default)
2022-01-11 23:54:05,375 [51615485-058d-42af-9c65-c0e811a06a5e@group-F0ED29085A06-LeaderElection44] INFO  server.RaftServerConfigKeys (ConfUtils.java:logGet(44)) - raft.server.write.element-limit = 1024 (custom)
2022-01-11 23:54:05,375 [51615485-058d-42af-9c65-c0e811a06a5e@group-F0ED29085A06-LeaderElection44] INFO  server.RaftServerConfigKeys (ConfUtils.java:logGet(44)) - raft.server.write.byte-limit = 1024 M (=1073741824) (custom)
2022-01-11 23:54:05,375 [51615485-058d-42af-9c65-c0e811a06a5e@group-F0ED29085A06-LeaderElection44] INFO  server.RaftServerConfigKeys (ConfUtils.java:logGet(44)) - raft.server.watch.timeout = 3000ms (custom)
2022-01-11 23:54:05,375 [51615485-058d-42af-9c65-c0e811a06a5e@group-F0ED29085A06-LeaderElection44] INFO  server.RaftServerConfigKeys (ConfUtils.java:logGet(44)) - raft.server.watch.timeout.denomination = 1s (default)
2022-01-11 23:54:05,375 [51615485-058d-42af-9c65-c0e811a06a5e@group-F0ED29085A06-LeaderElection44] INFO  server.RaftServerConfigKeys (ConfUtils.java:logGet(44)) - raft.server.watch.element-limit = 65536 (default)
2022-01-11 23:54:05,375 [51615485-058d-42af-9c65-c0e811a06a5e@group-F0ED29085A06-LeaderElection44] INFO  server.RaftServerConfigKeys (ConfUtils.java:logGet(44)) - raft.server.write.element-limit = 1024 (custom)
2022-01-11 23:54:05,375 [51615485-058d-42af-9c65-c0e811a06a5e@group-F0ED29085A06-LeaderElection44] INFO  server.RaftServerConfigKeys (ConfUtils.java:logGet(44)) - raft.server.write.follower.gap.ratio.max = -1.0 (default)
2022-01-11 23:54:05,376 [51615485-058d-42af-9c65-c0e811a06a5e@group-F0ED29085A06-LeaderElection44] INFO  impl.RoleInfo (RoleInfo.java:updateAndGet(130)) - 51615485-058d-42af-9c65-c0e811a06a5e: start 51615485-058d-42af-9c65-c0e811a06a5e@group-F0ED29085A06-LeaderStateImpl
2022-01-11 23:54:05,376 [51615485-058d-42af-9c65-c0e811a06a5e@group-F0ED29085A06-LeaderElection44] INFO  segmented.SegmentedRaftLogWorker (SegmentedRaftLogWorker.java:startLogSegment(394)) - 51615485-058d-42af-9c65-c0e811a06a5e@group-F0ED29085A06-SegmentedRaftLogWorker: Starting segment from index:0
2022-01-11 23:54:05,378 [51615485-058d-42af-9c65-c0e811a06a5e@group-F0ED29085A06-SegmentedRaftLogWorker] INFO  segmented.SegmentedRaftLogWorker (SegmentedRaftLogWorker.java:execute(601)) - 51615485-058d-42af-9c65-c0e811a06a5e@group-F0ED29085A06-SegmentedRaftLogWorker: created new log segment /home/runner/work/ozone/ozone/hadoop-ozone/integration-test/target/test-dir/MiniOzoneClusterImpl-84b3519b-a2d3-47e7-8c84-34506f72c9f7/datanode-1/data/ratis/27cfee9d-5d3d-4551-a813-f0ed29085a06/current/log_inprogress_0
2022-01-11 23:54:05,388 [51615485-058d-42af-9c65-c0e811a06a5e@group-F0ED29085A06-LeaderElection44] INFO  server.RaftServer$Division (ServerState.java:setRaftConf(387)) - 51615485-058d-42af-9c65-c0e811a06a5e@group-F0ED29085A06: set configuration 0: [51615485-058d-42af-9c65-c0e811a06a5e|rpc:10.1.0.37:46039|dataStream:|priority:1], old=null
2022-01-11 23:54:05,389 [c2004f48-6b55-488b-a4f3-a933c544d5d2@group-D0E897EC1444-LeaderElection42] INFO  impl.LeaderElection (LeaderElection.java:logAndReturn(89)) - c2004f48-6b55-488b-a4f3-a933c544d5d2@group-D0E897EC1444-LeaderElection42: ELECTION REJECTED received 2 response(s) and 0 exception(s):
2022-01-11 23:54:05,389 [c2004f48-6b55-488b-a4f3-a933c544d5d2@group-D0E897EC1444-LeaderElection42] INFO  impl.LeaderElection (LeaderElection.java:logAndReturn(93)) -   Response 0: c2004f48-6b55-488b-a4f3-a933c544d5d2<-8eedcce2-fa83-40f2-8f3f-8ae88d3f9c27#0:FAIL-t1
2022-01-11 23:54:05,389 [c2004f48-6b55-488b-a4f3-a933c544d5d2@group-D0E897EC1444-LeaderElection42] INFO  impl.LeaderElection (LeaderElection.java:logAndReturn(93)) -   Response 1: c2004f48-6b55-488b-a4f3-a933c544d5d2<-51615485-058d-42af-9c65-c0e811a06a5e#0:FAIL-t1
2022-01-11 23:54:05,389 [c2004f48-6b55-488b-a4f3-a933c544d5d2@group-D0E897EC1444-LeaderElection42] INFO  impl.LeaderElection (LeaderElection.java:askForVotes(308)) - c2004f48-6b55-488b-a4f3-a933c544d5d2@group-D0E897EC1444-LeaderElection42 ELECTION round 0: result REJECTED
2022-01-11 23:54:05,389 [c2004f48-6b55-488b-a4f3-a933c544d5d2@group-D0E897EC1444-LeaderElection42] INFO  server.RaftServer$Division (RaftServerImpl.java:setRole(290)) - c2004f48-6b55-488b-a4f3-a933c544d5d2@group-D0E897EC1444: changes role from CANDIDATE to FOLLOWER at term 1 for REJECTED
2022-01-11 23:54:05,389 [c2004f48-6b55-488b-a4f3-a933c544d5d2@group-D0E897EC1444-LeaderElection42] INFO  impl.RoleInfo (RoleInfo.java:shutdownLeaderElection(121)) - c2004f48-6b55-488b-a4f3-a933c544d5d2: shutdown c2004f48-6b55-488b-a4f3-a933c544d5d2@group-D0E897EC1444-LeaderElection42
2022-01-11 23:54:05,389 [c2004f48-6b55-488b-a4f3-a933c544d5d2@group-D0E897EC1444-LeaderElection42] INFO  impl.RoleInfo (RoleInfo.java:updateAndGet(130)) - c2004f48-6b55-488b-a4f3-a933c544d5d2: start c2004f48-6b55-488b-a4f3-a933c544d5d2@group-D0E897EC1444-FollowerState
2022-01-11 23:54:05,811 [c2004f48-6b55-488b-a4f3-a933c544d5d2@group-1F4CD4C22526-FollowerState] INFO  impl.FollowerState (FollowerState.java:run(134)) - c2004f48-6b55-488b-a4f3-a933c544d5d2@group-1F4CD4C22526-FollowerState: change to CANDIDATE, lastRpcElapsedTime:5092387958ns, electionTimeout:5088ms
2022-01-11 23:54:05,811 [c2004f48-6b55-488b-a4f3-a933c544d5d2@group-1F4CD4C22526-FollowerState] INFO  impl.RoleInfo (RoleInfo.java:shutdownFollowerState(108)) - c2004f48-6b55-488b-a4f3-a933c544d5d2: shutdown c2004f48-6b55-488b-a4f3-a933c544d5d2@group-1F4CD4C22526-FollowerState
2022-01-11 23:54:05,811 [c2004f48-6b55-488b-a4f3-a933c544d5d2@group-1F4CD4C22526-FollowerState] INFO  server.RaftServer$Division (RaftServerImpl.java:setRole(290)) - c2004f48-6b55-488b-a4f3-a933c544d5d2@group-1F4CD4C22526: changes role from  FOLLOWER to CANDIDATE at term 0 for changeToCandidate
2022-01-11 23:54:05,811 [c2004f48-6b55-488b-a4f3-a933c544d5d2@group-1F4CD4C22526-FollowerState] INFO  server.RaftServerConfigKeys (ConfUtils.java:logGet(44)) - raft.server.leaderelection.pre-vote = false (custom)
2022-01-11 23:54:05,811 [c2004f48-6b55-488b-a4f3-a933c544d5d2@group-1F4CD4C22526-FollowerState] INFO  impl.RoleInfo (RoleInfo.java:updateAndGet(130)) - c2004f48-6b55-488b-a4f3-a933c544d5d2: start c2004f48-6b55-488b-a4f3-a933c544d5d2@group-1F4CD4C22526-LeaderElection45
2022-01-11 23:54:05,827 [c2004f48-6b55-488b-a4f3-a933c544d5d2@group-1F4CD4C22526-LeaderElection45] INFO  impl.LeaderElection (LeaderElection.java:askForVotes(306)) - c2004f48-6b55-488b-a4f3-a933c544d5d2@group-1F4CD4C22526-LeaderElection45 ELECTION round 0: submit vote requests at term 1 for -1: [c2004f48-6b55-488b-a4f3-a933c544d5d2|rpc:10.1.0.37:33985|priority:1], old=null
2022-01-11 23:54:05,827 [c2004f48-6b55-488b-a4f3-a933c544d5d2@group-1F4CD4C22526-LeaderElection45] INFO  impl.LeaderElection (LeaderElection.java:askForVotes(308)) - c2004f48-6b55-488b-a4f3-a933c544d5d2@group-1F4CD4C22526-LeaderElection45 ELECTION round 0: result PASSED (term=1)
2022-01-11 23:54:05,827 [c2004f48-6b55-488b-a4f3-a933c544d5d2@group-1F4CD4C22526-LeaderElection45] INFO  impl.RoleInfo (RoleInfo.java:shutdownLeaderElection(121)) - c2004f48-6b55-488b-a4f3-a933c544d5d2: shutdown c2004f48-6b55-488b-a4f3-a933c544d5d2@group-1F4CD4C22526-LeaderElection45
2022-01-11 23:54:05,827 [c2004f48-6b55-488b-a4f3-a933c544d5d2@group-1F4CD4C22526-LeaderElection45] INFO  server.RaftServer$Division (RaftServerImpl.java:setRole(290)) - c2004f48-6b55-488b-a4f3-a933c544d5d2@group-1F4CD4C22526: changes role from CANDIDATE to LEADER at term 1 for changeToLeader
2022-01-11 23:54:05,827 [c2004f48-6b55-488b-a4f3-a933c544d5d2@group-1F4CD4C22526-LeaderElection45] INFO  ratis.XceiverServerRatis (XceiverServerRatis.java:handleLeaderChangedNotification(866)) - Leader change notification received for group: group-1F4CD4C22526 with new leaderId: c2004f48-6b55-488b-a4f3-a933c544d5d2
2022-01-11 23:54:05,831 [c2004f48-6b55-488b-a4f3-a933c544d5d2@group-1F4CD4C22526-LeaderElection45] INFO  server.RaftServer$Division (ServerState.java:setLeader(285)) - c2004f48-6b55-488b-a4f3-a933c544d5d2@group-1F4CD4C22526: change Leader from null to c2004f48-6b55-488b-a4f3-a933c544d5d2 at term 1 for becomeLeader, leader elected after 5143ms
2022-01-11 23:54:05,832 [c2004f48-6b55-488b-a4f3-a933c544d5d2@group-1F4CD4C22526-LeaderElection45] INFO  server.RaftServerConfigKeys (ConfUtils.java:logGet(44)) - raft.server.staging.catchup.gap = 1000 (default)
2022-01-11 23:54:05,832 [c2004f48-6b55-488b-a4f3-a933c544d5d2@group-1F4CD4C22526-LeaderElection45] INFO  server.RaftServerConfigKeys (ConfUtils.java:logGet(44)) - raft.server.write.element-limit = 1024 (custom)
2022-01-11 23:54:05,832 [c2004f48-6b55-488b-a4f3-a933c544d5d2@group-1F4CD4C22526-LeaderElection45] INFO  server.RaftServerConfigKeys (ConfUtils.java:logGet(44)) - raft.server.write.byte-limit = 1024 M (=1073741824) (custom)
2022-01-11 23:54:05,832 [c2004f48-6b55-488b-a4f3-a933c544d5d2@group-1F4CD4C22526-LeaderElection45] INFO  server.RaftServerConfigKeys (ConfUtils.java:logGet(44)) - raft.server.watch.timeout = 3000ms (custom)
2022-01-11 23:54:05,837 [c2004f48-6b55-488b-a4f3-a933c544d5d2@group-1F4CD4C22526-LeaderElection45] INFO  server.RaftServerConfigKeys (ConfUtils.java:logGet(44)) - raft.server.watch.timeout.denomination = 1s (default)
2022-01-11 23:54:05,837 [c2004f48-6b55-488b-a4f3-a933c544d5d2@group-1F4CD4C22526-LeaderElection45] INFO  server.RaftServerConfigKeys (ConfUtils.java:logGet(44)) - raft.server.watch.element-limit = 65536 (default)
2022-01-11 23:54:05,837 [c2004f48-6b55-488b-a4f3-a933c544d5d2@group-1F4CD4C22526-LeaderElection45] INFO  server.RaftServerConfigKeys (ConfUtils.java:logGet(44)) - raft.server.write.element-limit = 1024 (custom)
2022-01-11 23:54:05,837 [c2004f48-6b55-488b-a4f3-a933c544d5d2@group-1F4CD4C22526-LeaderElection45] INFO  server.RaftServerConfigKeys (ConfUtils.java:logGet(44)) - raft.server.write.follower.gap.ratio.max = -1.0 (default)
2022-01-11 23:54:05,837 [c2004f48-6b55-488b-a4f3-a933c544d5d2@group-1F4CD4C22526-LeaderElection45] INFO  impl.RoleInfo (RoleInfo.java:updateAndGet(130)) - c2004f48-6b55-488b-a4f3-a933c544d5d2: start c2004f48-6b55-488b-a4f3-a933c544d5d2@group-1F4CD4C22526-LeaderStateImpl
2022-01-11 23:54:05,837 [c2004f48-6b55-488b-a4f3-a933c544d5d2@group-1F4CD4C22526-LeaderElection45] INFO  segmented.SegmentedRaftLogWorker (SegmentedRaftLogWorker.java:startLogSegment(394)) - c2004f48-6b55-488b-a4f3-a933c544d5d2@group-1F4CD4C22526-SegmentedRaftLogWorker: Starting segment from index:0
2022-01-11 23:54:05,847 [c2004f48-6b55-488b-a4f3-a933c544d5d2@group-1F4CD4C22526-SegmentedRaftLogWorker] INFO  segmented.SegmentedRaftLogWorker (SegmentedRaftLogWorker.java:execute(601)) - c2004f48-6b55-488b-a4f3-a933c544d5d2@group-1F4CD4C22526-SegmentedRaftLogWorker: created new log segment /home/runner/work/ozone/ozone/hadoop-ozone/integration-test/target/test-dir/MiniOzoneClusterImpl-84b3519b-a2d3-47e7-8c84-34506f72c9f7/datanode-2/data/ratis/a7285e4a-4b3e-44a1-a5f9-1f4cd4c22526/current/log_inprogress_0
2022-01-11 23:54:05,849 [c2004f48-6b55-488b-a4f3-a933c544d5d2@group-1F4CD4C22526-LeaderElection45] INFO  server.RaftServer$Division (ServerState.java:setRaftConf(387)) - c2004f48-6b55-488b-a4f3-a933c544d5d2@group-1F4CD4C22526: set configuration 0: [c2004f48-6b55-488b-a4f3-a933c544d5d2|rpc:10.1.0.37:33985|dataStream:|priority:1], old=null
2022-01-11 23:54:05,965 [Listener at 127.0.0.1/46043] INFO  ozone.MiniOzoneClusterImpl (MiniOzoneClusterImpl.java:lambda$waitForClusterToBeReady$0(235)) - Nodes are ready. Got 7 of 7 DN Heartbeats.
2022-01-11 23:54:05,965 [Listener at 127.0.0.1/46043] INFO  ozone.MiniOzoneClusterImpl (MiniOzoneClusterImpl.java:lambda$waitForClusterToBeReady$0(238)) - Cluster exits safe mode
2022-01-11 23:54:05,965 [Listener at 127.0.0.1/46043] INFO  ozone.MiniOzoneClusterImpl (MiniOzoneClusterImpl.java:lambda$waitForClusterToBeReady$0(240)) - SCM became leader
2022-01-11 23:54:05,967 [Listener at 127.0.0.1/46043] INFO  rpc.RpcClient (RpcClient.java:createVolume(393)) - Creating Volume: testblockoutputstream, with runner as owner and space quota set to -1 bytes, counts quota set to -1
2022-01-11 23:54:06,009 [OM StateMachine ApplyTransaction Thread - 0] INFO  volume.OMVolumeCreateRequest (OMVolumeCreateRequest.java:validateAndUpdateCache(195)) - created volume:testblockoutputstream for user:runner
2022-01-11 23:54:06,021 [Listener at 127.0.0.1/46043] INFO  rpc.RpcClient (RpcClient.java:createBucket(556)) - Creating Bucket: testblockoutputstream/testblockoutputstream, with runner as owner and Versioning false and Storage Type set to DISK and Encryption set to false 
2022-01-11 23:54:06,062 [IPC Server handler 5 on default port 33195] INFO  ha.SequenceIdGenerator (SequenceIdGenerator.java:getNextId(127)) - Allocate a batch for containerId, change lastId from 0 to 1000.
2022-01-11 23:54:06,062 [IPC Server handler 5 on default port 33195] WARN  ha.SequenceIdGenerator (SequenceIdGenerator.java:allocateBatch(235)) - Failed to allocate a batch for localId, expected lastId is 0, actual lastId is 109611004723200000.
2022-01-11 23:54:06,062 [IPC Server handler 5 on default port 33195] INFO  ha.SequenceIdGenerator (SequenceIdGenerator.java:getNextId(127)) - Allocate a batch for localId, change lastId from 109611004723200000 to 109611004723201000.
2022-01-11 23:54:06,517 [77c66afc-fa73-4d89-b59d-9adc22a556cf@group-319779F41024-FollowerState] INFO  impl.FollowerState (FollowerState.java:run(134)) - 77c66afc-fa73-4d89-b59d-9adc22a556cf@group-319779F41024-FollowerState: change to CANDIDATE, lastRpcElapsedTime:5193135565ns, electionTimeout:5185ms
2022-01-11 23:54:06,517 [77c66afc-fa73-4d89-b59d-9adc22a556cf@group-319779F41024-FollowerState] INFO  impl.RoleInfo (RoleInfo.java:shutdownFollowerState(108)) - 77c66afc-fa73-4d89-b59d-9adc22a556cf: shutdown 77c66afc-fa73-4d89-b59d-9adc22a556cf@group-319779F41024-FollowerState
2022-01-11 23:54:06,517 [77c66afc-fa73-4d89-b59d-9adc22a556cf@group-319779F41024-FollowerState] INFO  server.RaftServer$Division (RaftServerImpl.java:setRole(290)) - 77c66afc-fa73-4d89-b59d-9adc22a556cf@group-319779F41024: changes role from  FOLLOWER to CANDIDATE at term 0 for changeToCandidate
2022-01-11 23:54:06,518 [77c66afc-fa73-4d89-b59d-9adc22a556cf@group-319779F41024-FollowerState] INFO  server.RaftServerConfigKeys (ConfUtils.java:logGet(44)) - raft.server.leaderelection.pre-vote = false (custom)
2022-01-11 23:54:06,518 [77c66afc-fa73-4d89-b59d-9adc22a556cf@group-319779F41024-FollowerState] INFO  impl.RoleInfo (RoleInfo.java:updateAndGet(130)) - 77c66afc-fa73-4d89-b59d-9adc22a556cf: start 77c66afc-fa73-4d89-b59d-9adc22a556cf@group-319779F41024-LeaderElection46
2022-01-11 23:54:06,530 [77c66afc-fa73-4d89-b59d-9adc22a556cf@group-319779F41024-LeaderElection46] INFO  impl.LeaderElection (LeaderElection.java:askForVotes(306)) - 77c66afc-fa73-4d89-b59d-9adc22a556cf@group-319779F41024-LeaderElection46 ELECTION round 0: submit vote requests at term 1 for -1: [77c66afc-fa73-4d89-b59d-9adc22a556cf|rpc:10.1.0.37:40587|priority:1], old=null
2022-01-11 23:54:06,530 [77c66afc-fa73-4d89-b59d-9adc22a556cf@group-319779F41024-LeaderElection46] INFO  impl.LeaderElection (LeaderElection.java:askForVotes(308)) - 77c66afc-fa73-4d89-b59d-9adc22a556cf@group-319779F41024-LeaderElection46 ELECTION round 0: result PASSED (term=1)
2022-01-11 23:54:06,530 [77c66afc-fa73-4d89-b59d-9adc22a556cf@group-319779F41024-LeaderElection46] INFO  impl.RoleInfo (RoleInfo.java:shutdownLeaderElection(121)) - 77c66afc-fa73-4d89-b59d-9adc22a556cf: shutdown 77c66afc-fa73-4d89-b59d-9adc22a556cf@group-319779F41024-LeaderElection46
2022-01-11 23:54:06,530 [77c66afc-fa73-4d89-b59d-9adc22a556cf@group-319779F41024-LeaderElection46] INFO  server.RaftServer$Division (RaftServerImpl.java:setRole(290)) - 77c66afc-fa73-4d89-b59d-9adc22a556cf@group-319779F41024: changes role from CANDIDATE to LEADER at term 1 for changeToLeader
2022-01-11 23:54:06,530 [77c66afc-fa73-4d89-b59d-9adc22a556cf@group-319779F41024-LeaderElection46] INFO  ratis.XceiverServerRatis (XceiverServerRatis.java:handleLeaderChangedNotification(866)) - Leader change notification received for group: group-319779F41024 with new leaderId: 77c66afc-fa73-4d89-b59d-9adc22a556cf
2022-01-11 23:54:06,531 [77c66afc-fa73-4d89-b59d-9adc22a556cf@group-319779F41024-LeaderElection46] INFO  server.RaftServer$Division (ServerState.java:setLeader(285)) - 77c66afc-fa73-4d89-b59d-9adc22a556cf@group-319779F41024: change Leader from null to 77c66afc-fa73-4d89-b59d-9adc22a556cf at term 1 for becomeLeader, leader elected after 5221ms
2022-01-11 23:54:06,531 [77c66afc-fa73-4d89-b59d-9adc22a556cf@group-319779F41024-LeaderElection46] INFO  server.RaftServerConfigKeys (ConfUtils.java:logGet(44)) - raft.server.staging.catchup.gap = 1000 (default)
2022-01-11 23:54:06,534 [77c66afc-fa73-4d89-b59d-9adc22a556cf@group-319779F41024-LeaderElection46] INFO  server.RaftServerConfigKeys (ConfUtils.java:logGet(44)) - raft.server.write.element-limit = 1024 (custom)
2022-01-11 23:54:06,534 [77c66afc-fa73-4d89-b59d-9adc22a556cf@group-319779F41024-LeaderElection46] INFO  server.RaftServerConfigKeys (ConfUtils.java:logGet(44)) - raft.server.write.byte-limit = 1024 M (=1073741824) (custom)
2022-01-11 23:54:06,535 [77c66afc-fa73-4d89-b59d-9adc22a556cf@group-319779F41024-LeaderElection46] INFO  server.RaftServerConfigKeys (ConfUtils.java:logGet(44)) - raft.server.watch.timeout = 3000ms (custom)
2022-01-11 23:54:06,535 [77c66afc-fa73-4d89-b59d-9adc22a556cf@group-319779F41024-LeaderElection46] INFO  server.RaftServerConfigKeys (ConfUtils.java:logGet(44)) - raft.server.watch.timeout.denomination = 1s (default)
2022-01-11 23:54:06,535 [77c66afc-fa73-4d89-b59d-9adc22a556cf@group-319779F41024-LeaderElection46] INFO  server.RaftServerConfigKeys (ConfUtils.java:logGet(44)) - raft.server.watch.element-limit = 65536 (default)
2022-01-11 23:54:06,535 [77c66afc-fa73-4d89-b59d-9adc22a556cf@group-319779F41024-LeaderElection46] INFO  server.RaftServerConfigKeys (ConfUtils.java:logGet(44)) - raft.server.write.element-limit = 1024 (custom)
2022-01-11 23:54:06,535 [77c66afc-fa73-4d89-b59d-9adc22a556cf@group-319779F41024-LeaderElection46] INFO  server.RaftServerConfigKeys (ConfUtils.java:logGet(44)) - raft.server.write.follower.gap.ratio.max = -1.0 (default)
2022-01-11 23:54:06,535 [77c66afc-fa73-4d89-b59d-9adc22a556cf@group-319779F41024-LeaderElection46] INFO  impl.RoleInfo (RoleInfo.java:updateAndGet(130)) - 77c66afc-fa73-4d89-b59d-9adc22a556cf: start 77c66afc-fa73-4d89-b59d-9adc22a556cf@group-319779F41024-LeaderStateImpl
2022-01-11 23:54:06,536 [77c66afc-fa73-4d89-b59d-9adc22a556cf@group-319779F41024-LeaderElection46] INFO  segmented.SegmentedRaftLogWorker (SegmentedRaftLogWorker.java:startLogSegment(394)) - 77c66afc-fa73-4d89-b59d-9adc22a556cf@group-319779F41024-SegmentedRaftLogWorker: Starting segment from index:0
2022-01-11 23:54:06,542 [77c66afc-fa73-4d89-b59d-9adc22a556cf@group-319779F41024-LeaderElection46] INFO  server.RaftServer$Division (ServerState.java:setRaftConf(387)) - 77c66afc-fa73-4d89-b59d-9adc22a556cf@group-319779F41024: set configuration 0: [77c66afc-fa73-4d89-b59d-9adc22a556cf|rpc:10.1.0.37:40587|dataStream:|priority:1], old=null
2022-01-11 23:54:06,555 [77c66afc-fa73-4d89-b59d-9adc22a556cf@group-319779F41024-SegmentedRaftLogWorker] INFO  segmented.SegmentedRaftLogWorker (SegmentedRaftLogWorker.java:execute(601)) - 77c66afc-fa73-4d89-b59d-9adc22a556cf@group-319779F41024-SegmentedRaftLogWorker: created new log segment /home/runner/work/ozone/ozone/hadoop-ozone/integration-test/target/test-dir/MiniOzoneClusterImpl-84b3519b-a2d3-47e7-8c84-34506f72c9f7/datanode-3/data/ratis/954df24e-df25-4aba-a0f7-319779f41024/current/log_inprogress_0
2022-01-11 23:54:06,577 [2a1c9333-8641-498a-88f2-87bcecbe0d18@group-29C336287606-FollowerState] INFO  impl.FollowerState (FollowerState.java:run(134)) - 2a1c9333-8641-498a-88f2-87bcecbe0d18@group-29C336287606-FollowerState: change to CANDIDATE, lastRpcElapsedTime:5138411216ns, electionTimeout:5135ms
2022-01-11 23:54:06,577 [2a1c9333-8641-498a-88f2-87bcecbe0d18@group-29C336287606-FollowerState] INFO  impl.RoleInfo (RoleInfo.java:shutdownFollowerState(108)) - 2a1c9333-8641-498a-88f2-87bcecbe0d18: shutdown 2a1c9333-8641-498a-88f2-87bcecbe0d18@group-29C336287606-FollowerState
2022-01-11 23:54:06,577 [2a1c9333-8641-498a-88f2-87bcecbe0d18@group-29C336287606-FollowerState] INFO  server.RaftServer$Division (RaftServerImpl.java:setRole(290)) - 2a1c9333-8641-498a-88f2-87bcecbe0d18@group-29C336287606: changes role from  FOLLOWER to CANDIDATE at term 0 for changeToCandidate
2022-01-11 23:54:06,578 [2a1c9333-8641-498a-88f2-87bcecbe0d18@group-29C336287606-FollowerState] INFO  server.RaftServerConfigKeys (ConfUtils.java:logGet(44)) - raft.server.leaderelection.pre-vote = false (custom)
2022-01-11 23:54:06,578 [2a1c9333-8641-498a-88f2-87bcecbe0d18@group-29C336287606-FollowerState] INFO  impl.RoleInfo (RoleInfo.java:updateAndGet(130)) - 2a1c9333-8641-498a-88f2-87bcecbe0d18: start 2a1c9333-8641-498a-88f2-87bcecbe0d18@group-29C336287606-LeaderElection47
2022-01-11 23:54:06,590 [77c66afc-fa73-4d89-b59d-9adc22a556cf@group-29C336287606-FollowerState] INFO  impl.FollowerState (FollowerState.java:run(134)) - 77c66afc-fa73-4d89-b59d-9adc22a556cf@group-29C336287606-FollowerState: change to CANDIDATE, lastRpcElapsedTime:5216270896ns, electionTimeout:5197ms
2022-01-11 23:54:06,591 [77c66afc-fa73-4d89-b59d-9adc22a556cf@group-29C336287606-FollowerState] INFO  impl.RoleInfo (RoleInfo.java:shutdownFollowerState(108)) - 77c66afc-fa73-4d89-b59d-9adc22a556cf: shutdown 77c66afc-fa73-4d89-b59d-9adc22a556cf@group-29C336287606-FollowerState
2022-01-11 23:54:06,591 [77c66afc-fa73-4d89-b59d-9adc22a556cf@group-29C336287606-FollowerState] INFO  server.RaftServer$Division (RaftServerImpl.java:setRole(290)) - 77c66afc-fa73-4d89-b59d-9adc22a556cf@group-29C336287606: changes role from  FOLLOWER to CANDIDATE at term 0 for changeToCandidate
2022-01-11 23:54:06,591 [77c66afc-fa73-4d89-b59d-9adc22a556cf@group-29C336287606-FollowerState] INFO  server.RaftServerConfigKeys (ConfUtils.java:logGet(44)) - raft.server.leaderelection.pre-vote = false (custom)
2022-01-11 23:54:06,591 [77c66afc-fa73-4d89-b59d-9adc22a556cf@group-29C336287606-FollowerState] INFO  impl.RoleInfo (RoleInfo.java:updateAndGet(130)) - 77c66afc-fa73-4d89-b59d-9adc22a556cf: start 77c66afc-fa73-4d89-b59d-9adc22a556cf@group-29C336287606-LeaderElection48
2022-01-11 23:54:06,605 [2a1c9333-8641-498a-88f2-87bcecbe0d18@group-29C336287606-LeaderElection47] INFO  impl.LeaderElection (LeaderElection.java:askForVotes(306)) - 2a1c9333-8641-498a-88f2-87bcecbe0d18@group-29C336287606-LeaderElection47 ELECTION round 0: submit vote requests at term 1 for -1: [2a1c9333-8641-498a-88f2-87bcecbe0d18|rpc:10.1.0.37:38177|dataStream:|priority:0, 757e1abf-caf6-4356-ad73-d786994982ad|rpc:10.1.0.37:41749|dataStream:|priority:1, 77c66afc-fa73-4d89-b59d-9adc22a556cf|rpc:10.1.0.37:40587|dataStream:|priority:0], old=null
2022-01-11 23:54:06,607 [77c66afc-fa73-4d89-b59d-9adc22a556cf@group-29C336287606-LeaderElection48] INFO  impl.LeaderElection (LeaderElection.java:askForVotes(306)) - 77c66afc-fa73-4d89-b59d-9adc22a556cf@group-29C336287606-LeaderElection48 ELECTION round 0: submit vote requests at term 1 for -1: [2a1c9333-8641-498a-88f2-87bcecbe0d18|rpc:10.1.0.37:38177|priority:0, 757e1abf-caf6-4356-ad73-d786994982ad|rpc:10.1.0.37:41749|priority:1, 77c66afc-fa73-4d89-b59d-9adc22a556cf|rpc:10.1.0.37:40587|priority:0], old=null
2022-01-11 23:54:06,618 [grpc-default-executor-2] INFO  server.RaftServer$Division (RaftServerImpl.java:requestVote(1046)) - 757e1abf-caf6-4356-ad73-d786994982ad@group-29C336287606: receive requestVote(ELECTION, 2a1c9333-8641-498a-88f2-87bcecbe0d18, group-29C336287606, 1, (t:0, i:0))
2022-01-11 23:54:06,618 [grpc-default-executor-2] INFO  impl.VoteContext (VoteContext.java:log(48)) - 757e1abf-caf6-4356-ad73-d786994982ad@group-29C336287606-FOLLOWER: reject ELECTION from 2a1c9333-8641-498a-88f2-87bcecbe0d18: our priority 1 > candidate's priority 0
2022-01-11 23:54:06,618 [grpc-default-executor-2] INFO  server.RaftServer$Division (RaftServerImpl.java:setRole(290)) - 757e1abf-caf6-4356-ad73-d786994982ad@group-29C336287606: changes role from  FOLLOWER to FOLLOWER at term 1 for candidate:2a1c9333-8641-498a-88f2-87bcecbe0d18
2022-01-11 23:54:06,618 [grpc-default-executor-2] INFO  impl.RoleInfo (RoleInfo.java:shutdownFollowerState(108)) - 757e1abf-caf6-4356-ad73-d786994982ad: shutdown 757e1abf-caf6-4356-ad73-d786994982ad@group-29C336287606-FollowerState
2022-01-11 23:54:06,631 [grpc-default-executor-1] INFO  server.RaftServer$Division (RaftServerImpl.java:requestVote(1046)) - 77c66afc-fa73-4d89-b59d-9adc22a556cf@group-29C336287606: receive requestVote(ELECTION, 2a1c9333-8641-498a-88f2-87bcecbe0d18, group-29C336287606, 1, (t:0, i:0))
2022-01-11 23:54:06,631 [grpc-default-executor-1] INFO  impl.VoteContext (VoteContext.java:log(48)) - 77c66afc-fa73-4d89-b59d-9adc22a556cf@group-29C336287606-CANDIDATE: reject ELECTION from 2a1c9333-8641-498a-88f2-87bcecbe0d18: already has voted for 77c66afc-fa73-4d89-b59d-9adc22a556cf at current term 1
2022-01-11 23:54:06,631 [grpc-default-executor-1] INFO  server.RaftServer$Division (RaftServerImpl.java:requestVote(1078)) - 77c66afc-fa73-4d89-b59d-9adc22a556cf@group-29C336287606 replies to ELECTION vote request: 2a1c9333-8641-498a-88f2-87bcecbe0d18<-77c66afc-fa73-4d89-b59d-9adc22a556cf#0:FAIL-t1. Peer's state: 77c66afc-fa73-4d89-b59d-9adc22a556cf@group-29C336287606:t1, leader=null, voted=77c66afc-fa73-4d89-b59d-9adc22a556cf, raftlog=77c66afc-fa73-4d89-b59d-9adc22a556cf@group-29C336287606-SegmentedRaftLog:OPENED:c-1, conf=-1: [2a1c9333-8641-498a-88f2-87bcecbe0d18|rpc:10.1.0.37:38177|priority:0, 757e1abf-caf6-4356-ad73-d786994982ad|rpc:10.1.0.37:41749|priority:1, 77c66afc-fa73-4d89-b59d-9adc22a556cf|rpc:10.1.0.37:40587|priority:0], old=null
2022-01-11 23:54:06,644 [757e1abf-caf6-4356-ad73-d786994982ad@group-29C336287606-FollowerState] INFO  impl.FollowerState (FollowerState.java:run(143)) - 757e1abf-caf6-4356-ad73-d786994982ad@group-29C336287606-FollowerState was interrupted: {}
java.lang.InterruptedException: sleep interrupted
	at java.lang.Thread.sleep(Native Method)
	at java.lang.Thread.sleep(Thread.java:340)
	at java.util.concurrent.TimeUnit.sleep(TimeUnit.java:386)
	at org.apache.ratis.util.TimeDuration.sleep(TimeDuration.java:324)
	at org.apache.ratis.util.TimeDuration.sleep(TimeDuration.java:309)
	at org.apache.ratis.server.impl.FollowerState.run(FollowerState.java:118)
2022-01-11 23:54:06,644 [grpc-default-executor-2] INFO  impl.RoleInfo (RoleInfo.java:updateAndGet(130)) - 757e1abf-caf6-4356-ad73-d786994982ad: start 757e1abf-caf6-4356-ad73-d786994982ad@group-29C336287606-FollowerState
2022-01-11 23:54:06,666 [grpc-default-executor-0] INFO  server.RaftServer$Division (RaftServerImpl.java:requestVote(1046)) - 2a1c9333-8641-498a-88f2-87bcecbe0d18@group-29C336287606: receive requestVote(ELECTION, 77c66afc-fa73-4d89-b59d-9adc22a556cf, group-29C336287606, 1, (t:0, i:0))
2022-01-11 23:54:06,666 [grpc-default-executor-0] INFO  impl.VoteContext (VoteContext.java:log(48)) - 2a1c9333-8641-498a-88f2-87bcecbe0d18@group-29C336287606-CANDIDATE: reject ELECTION from 77c66afc-fa73-4d89-b59d-9adc22a556cf: already has voted for 2a1c9333-8641-498a-88f2-87bcecbe0d18 at current term 1
2022-01-11 23:54:06,666 [grpc-default-executor-0] INFO  server.RaftServer$Division (RaftServerImpl.java:requestVote(1078)) - 2a1c9333-8641-498a-88f2-87bcecbe0d18@group-29C336287606 replies to ELECTION vote request: 77c66afc-fa73-4d89-b59d-9adc22a556cf<-2a1c9333-8641-498a-88f2-87bcecbe0d18#0:FAIL-t1. Peer's state: 2a1c9333-8641-498a-88f2-87bcecbe0d18@group-29C336287606:t1, leader=null, voted=2a1c9333-8641-498a-88f2-87bcecbe0d18, raftlog=2a1c9333-8641-498a-88f2-87bcecbe0d18@group-29C336287606-SegmentedRaftLog:OPENED:c-1, conf=-1: [2a1c9333-8641-498a-88f2-87bcecbe0d18|rpc:10.1.0.37:38177|dataStream:|priority:0, 757e1abf-caf6-4356-ad73-d786994982ad|rpc:10.1.0.37:41749|dataStream:|priority:1, 77c66afc-fa73-4d89-b59d-9adc22a556cf|rpc:10.1.0.37:40587|dataStream:|priority:0], old=null
2022-01-11 23:54:06,666 [grpc-default-executor-2] INFO  server.RaftServer$Division (RaftServerImpl.java:requestVote(1078)) - 757e1abf-caf6-4356-ad73-d786994982ad@group-29C336287606 replies to ELECTION vote request: 2a1c9333-8641-498a-88f2-87bcecbe0d18<-757e1abf-caf6-4356-ad73-d786994982ad#0:FAIL-t1. Peer's state: 757e1abf-caf6-4356-ad73-d786994982ad@group-29C336287606:t1, leader=null, voted=null, raftlog=757e1abf-caf6-4356-ad73-d786994982ad@group-29C336287606-SegmentedRaftLog:OPENED:c-1, conf=-1: [2a1c9333-8641-498a-88f2-87bcecbe0d18|rpc:10.1.0.37:38177|dataStream:|priority:0, 757e1abf-caf6-4356-ad73-d786994982ad|rpc:10.1.0.37:41749|dataStream:|priority:1, 77c66afc-fa73-4d89-b59d-9adc22a556cf|rpc:10.1.0.37:40587|dataStream:|priority:0], old=null
2022-01-11 23:54:06,667 [grpc-default-executor-2] INFO  server.RaftServer$Division (RaftServerImpl.java:requestVote(1046)) - 757e1abf-caf6-4356-ad73-d786994982ad@group-29C336287606: receive requestVote(ELECTION, 77c66afc-fa73-4d89-b59d-9adc22a556cf, group-29C336287606, 1, (t:0, i:0))
2022-01-11 23:54:06,667 [grpc-default-executor-2] INFO  impl.VoteContext (VoteContext.java:log(48)) - 757e1abf-caf6-4356-ad73-d786994982ad@group-29C336287606-FOLLOWER: reject ELECTION from 77c66afc-fa73-4d89-b59d-9adc22a556cf: our priority 1 > candidate's priority 0
2022-01-11 23:54:06,667 [grpc-default-executor-2] INFO  server.RaftServer$Division (RaftServerImpl.java:setRole(290)) - 757e1abf-caf6-4356-ad73-d786994982ad@group-29C336287606: changes role from  FOLLOWER to FOLLOWER at term 1 for candidate:77c66afc-fa73-4d89-b59d-9adc22a556cf
2022-01-11 23:54:06,667 [grpc-default-executor-2] INFO  impl.RoleInfo (RoleInfo.java:shutdownFollowerState(108)) - 757e1abf-caf6-4356-ad73-d786994982ad: shutdown 757e1abf-caf6-4356-ad73-d786994982ad@group-29C336287606-FollowerState
2022-01-11 23:54:06,668 [grpc-default-executor-2] INFO  impl.RoleInfo (RoleInfo.java:updateAndGet(130)) - 757e1abf-caf6-4356-ad73-d786994982ad: start 757e1abf-caf6-4356-ad73-d786994982ad@group-29C336287606-FollowerState
2022-01-11 23:54:06,670 [grpc-default-executor-2] INFO  server.RaftServer$Division (RaftServerImpl.java:requestVote(1078)) - 757e1abf-caf6-4356-ad73-d786994982ad@group-29C336287606 replies to ELECTION vote request: 77c66afc-fa73-4d89-b59d-9adc22a556cf<-757e1abf-caf6-4356-ad73-d786994982ad#0:FAIL-t1. Peer's state: 757e1abf-caf6-4356-ad73-d786994982ad@group-29C336287606:t1, leader=null, voted=null, raftlog=757e1abf-caf6-4356-ad73-d786994982ad@group-29C336287606-SegmentedRaftLog:OPENED:c-1, conf=-1: [2a1c9333-8641-498a-88f2-87bcecbe0d18|rpc:10.1.0.37:38177|dataStream:|priority:0, 757e1abf-caf6-4356-ad73-d786994982ad|rpc:10.1.0.37:41749|dataStream:|priority:1, 77c66afc-fa73-4d89-b59d-9adc22a556cf|rpc:10.1.0.37:40587|dataStream:|priority:0], old=null
2022-01-11 23:54:06,670 [2a1c9333-8641-498a-88f2-87bcecbe0d18@group-29C336287606-LeaderElection47] INFO  impl.LeaderElection (LeaderElection.java:logAndReturn(89)) - 2a1c9333-8641-498a-88f2-87bcecbe0d18@group-29C336287606-LeaderElection47: ELECTION REJECTED received 2 response(s) and 0 exception(s):
2022-01-11 23:54:06,670 [2a1c9333-8641-498a-88f2-87bcecbe0d18@group-29C336287606-LeaderElection47] INFO  impl.LeaderElection (LeaderElection.java:logAndReturn(93)) -   Response 0: 2a1c9333-8641-498a-88f2-87bcecbe0d18<-757e1abf-caf6-4356-ad73-d786994982ad#0:FAIL-t1
2022-01-11 23:54:06,670 [2a1c9333-8641-498a-88f2-87bcecbe0d18@group-29C336287606-LeaderElection47] INFO  impl.LeaderElection (LeaderElection.java:logAndReturn(93)) -   Response 1: 2a1c9333-8641-498a-88f2-87bcecbe0d18<-77c66afc-fa73-4d89-b59d-9adc22a556cf#0:FAIL-t1
2022-01-11 23:54:06,670 [2a1c9333-8641-498a-88f2-87bcecbe0d18@group-29C336287606-LeaderElection47] INFO  impl.LeaderElection (LeaderElection.java:askForVotes(308)) - 2a1c9333-8641-498a-88f2-87bcecbe0d18@group-29C336287606-LeaderElection47 ELECTION round 0: result REJECTED
2022-01-11 23:54:06,670 [2a1c9333-8641-498a-88f2-87bcecbe0d18@group-29C336287606-LeaderElection47] INFO  server.RaftServer$Division (RaftServerImpl.java:setRole(290)) - 2a1c9333-8641-498a-88f2-87bcecbe0d18@group-29C336287606: changes role from CANDIDATE to FOLLOWER at term 1 for REJECTED
2022-01-11 23:54:06,670 [2a1c9333-8641-498a-88f2-87bcecbe0d18@group-29C336287606-LeaderElection47] INFO  impl.RoleInfo (RoleInfo.java:shutdownLeaderElection(121)) - 2a1c9333-8641-498a-88f2-87bcecbe0d18: shutdown 2a1c9333-8641-498a-88f2-87bcecbe0d18@group-29C336287606-LeaderElection47
2022-01-11 23:54:06,670 [2a1c9333-8641-498a-88f2-87bcecbe0d18@group-29C336287606-LeaderElection47] INFO  impl.RoleInfo (RoleInfo.java:updateAndGet(130)) - 2a1c9333-8641-498a-88f2-87bcecbe0d18: start 2a1c9333-8641-498a-88f2-87bcecbe0d18@group-29C336287606-FollowerState
2022-01-11 23:54:06,685 [2a1c9333-8641-498a-88f2-87bcecbe0d18@group-36EC4F650869-FollowerState] INFO  impl.FollowerState (FollowerState.java:run(134)) - 2a1c9333-8641-498a-88f2-87bcecbe0d18@group-36EC4F650869-FollowerState: change to CANDIDATE, lastRpcElapsedTime:5018958317ns, electionTimeout:5018ms
2022-01-11 23:54:06,685 [2a1c9333-8641-498a-88f2-87bcecbe0d18@group-36EC4F650869-FollowerState] INFO  impl.RoleInfo (RoleInfo.java:shutdownFollowerState(108)) - 2a1c9333-8641-498a-88f2-87bcecbe0d18: shutdown 2a1c9333-8641-498a-88f2-87bcecbe0d18@group-36EC4F650869-FollowerState
2022-01-11 23:54:06,685 [2a1c9333-8641-498a-88f2-87bcecbe0d18@group-36EC4F650869-FollowerState] INFO  server.RaftServer$Division (RaftServerImpl.java:setRole(290)) - 2a1c9333-8641-498a-88f2-87bcecbe0d18@group-36EC4F650869: changes role from  FOLLOWER to CANDIDATE at term 0 for changeToCandidate
2022-01-11 23:54:06,685 [2a1c9333-8641-498a-88f2-87bcecbe0d18@group-36EC4F650869-FollowerState] INFO  server.RaftServerConfigKeys (ConfUtils.java:logGet(44)) - raft.server.leaderelection.pre-vote = false (custom)
2022-01-11 23:54:06,685 [2a1c9333-8641-498a-88f2-87bcecbe0d18@group-36EC4F650869-FollowerState] INFO  impl.RoleInfo (RoleInfo.java:updateAndGet(130)) - 2a1c9333-8641-498a-88f2-87bcecbe0d18: start 2a1c9333-8641-498a-88f2-87bcecbe0d18@group-36EC4F650869-LeaderElection49
2022-01-11 23:54:06,698 [2a1c9333-8641-498a-88f2-87bcecbe0d18@group-36EC4F650869-LeaderElection49] INFO  impl.LeaderElection (LeaderElection.java:askForVotes(306)) - 2a1c9333-8641-498a-88f2-87bcecbe0d18@group-36EC4F650869-LeaderElection49 ELECTION round 0: submit vote requests at term 1 for -1: [2a1c9333-8641-498a-88f2-87bcecbe0d18|rpc:10.1.0.37:38177|dataStream:|priority:0, 757e1abf-caf6-4356-ad73-d786994982ad|rpc:10.1.0.37:41749|dataStream:|priority:0, 77c66afc-fa73-4d89-b59d-9adc22a556cf|rpc:10.1.0.37:40587|dataStream:|priority:1], old=null
2022-01-11 23:54:06,699 [grpc-default-executor-2] INFO  server.RaftServer$Division (RaftServerImpl.java:requestVote(1046)) - 757e1abf-caf6-4356-ad73-d786994982ad@group-36EC4F650869: receive requestVote(ELECTION, 2a1c9333-8641-498a-88f2-87bcecbe0d18, group-36EC4F650869, 1, (t:0, i:0))
2022-01-11 23:54:06,700 [grpc-default-executor-2] INFO  impl.VoteContext (VoteContext.java:log(48)) - 757e1abf-caf6-4356-ad73-d786994982ad@group-36EC4F650869-FOLLOWER: accept ELECTION from 2a1c9333-8641-498a-88f2-87bcecbe0d18: our priority 0 <= candidate's priority 0
2022-01-11 23:54:06,700 [grpc-default-executor-2] INFO  server.RaftServer$Division (RaftServerImpl.java:setRole(290)) - 757e1abf-caf6-4356-ad73-d786994982ad@group-36EC4F650869: changes role from  FOLLOWER to FOLLOWER at term 1 for candidate:2a1c9333-8641-498a-88f2-87bcecbe0d18
2022-01-11 23:54:06,700 [grpc-default-executor-2] INFO  impl.RoleInfo (RoleInfo.java:shutdownFollowerState(108)) - 757e1abf-caf6-4356-ad73-d786994982ad: shutdown 757e1abf-caf6-4356-ad73-d786994982ad@group-36EC4F650869-FollowerState
2022-01-11 23:54:06,702 [77c66afc-fa73-4d89-b59d-9adc22a556cf@group-29C336287606-LeaderElection48] INFO  impl.LeaderElection (LeaderElection.java:logAndReturn(89)) - 77c66afc-fa73-4d89-b59d-9adc22a556cf@group-29C336287606-LeaderElection48: ELECTION REJECTED received 2 response(s) and 0 exception(s):
2022-01-11 23:54:06,702 [77c66afc-fa73-4d89-b59d-9adc22a556cf@group-29C336287606-LeaderElection48] INFO  impl.LeaderElection (LeaderElection.java:logAndReturn(93)) -   Response 0: 77c66afc-fa73-4d89-b59d-9adc22a556cf<-2a1c9333-8641-498a-88f2-87bcecbe0d18#0:FAIL-t1
2022-01-11 23:54:06,702 [77c66afc-fa73-4d89-b59d-9adc22a556cf@group-29C336287606-LeaderElection48] INFO  impl.LeaderElection (LeaderElection.java:logAndReturn(93)) -   Response 1: 77c66afc-fa73-4d89-b59d-9adc22a556cf<-757e1abf-caf6-4356-ad73-d786994982ad#0:FAIL-t1
2022-01-11 23:54:06,702 [77c66afc-fa73-4d89-b59d-9adc22a556cf@group-29C336287606-LeaderElection48] INFO  impl.LeaderElection (LeaderElection.java:askForVotes(308)) - 77c66afc-fa73-4d89-b59d-9adc22a556cf@group-29C336287606-LeaderElection48 ELECTION round 0: result REJECTED
2022-01-11 23:54:06,702 [77c66afc-fa73-4d89-b59d-9adc22a556cf@group-29C336287606-LeaderElection48] INFO  server.RaftServer$Division (RaftServerImpl.java:setRole(290)) - 77c66afc-fa73-4d89-b59d-9adc22a556cf@group-29C336287606: changes role from CANDIDATE to FOLLOWER at term 1 for REJECTED
2022-01-11 23:54:06,702 [77c66afc-fa73-4d89-b59d-9adc22a556cf@group-29C336287606-LeaderElection48] INFO  impl.RoleInfo (RoleInfo.java:shutdownLeaderElection(121)) - 77c66afc-fa73-4d89-b59d-9adc22a556cf: shutdown 77c66afc-fa73-4d89-b59d-9adc22a556cf@group-29C336287606-LeaderElection48
2022-01-11 23:54:06,702 [77c66afc-fa73-4d89-b59d-9adc22a556cf@group-29C336287606-LeaderElection48] INFO  impl.RoleInfo (RoleInfo.java:updateAndGet(130)) - 77c66afc-fa73-4d89-b59d-9adc22a556cf: start 77c66afc-fa73-4d89-b59d-9adc22a556cf@group-29C336287606-FollowerState
2022-01-11 23:54:06,703 [grpc-default-executor-2] INFO  impl.RoleInfo (RoleInfo.java:updateAndGet(130)) - 757e1abf-caf6-4356-ad73-d786994982ad: start 757e1abf-caf6-4356-ad73-d786994982ad@group-36EC4F650869-FollowerState
2022-01-11 23:54:06,703 [757e1abf-caf6-4356-ad73-d786994982ad@group-36EC4F650869-FollowerState] INFO  impl.FollowerState (FollowerState.java:run(143)) - 757e1abf-caf6-4356-ad73-d786994982ad@group-36EC4F650869-FollowerState was interrupted: {}
java.lang.InterruptedException: sleep interrupted
	at java.lang.Thread.sleep(Native Method)
	at java.lang.Thread.sleep(Thread.java:340)
	at java.util.concurrent.TimeUnit.sleep(TimeUnit.java:386)
	at org.apache.ratis.util.TimeDuration.sleep(TimeDuration.java:324)
	at org.apache.ratis.util.TimeDuration.sleep(TimeDuration.java:309)
	at org.apache.ratis.server.impl.FollowerState.run(FollowerState.java:118)
2022-01-11 23:54:06,709 [grpc-default-executor-1] INFO  server.RaftServer$Division (RaftServerImpl.java:requestVote(1046)) - 77c66afc-fa73-4d89-b59d-9adc22a556cf@group-36EC4F650869: receive requestVote(ELECTION, 2a1c9333-8641-498a-88f2-87bcecbe0d18, group-36EC4F650869, 1, (t:0, i:0))
2022-01-11 23:54:06,709 [grpc-default-executor-1] INFO  impl.VoteContext (VoteContext.java:log(48)) - 77c66afc-fa73-4d89-b59d-9adc22a556cf@group-36EC4F650869-FOLLOWER: reject ELECTION from 2a1c9333-8641-498a-88f2-87bcecbe0d18: our priority 1 > candidate's priority 0
2022-01-11 23:54:06,709 [grpc-default-executor-1] INFO  server.RaftServer$Division (RaftServerImpl.java:setRole(290)) - 77c66afc-fa73-4d89-b59d-9adc22a556cf@group-36EC4F650869: changes role from  FOLLOWER to FOLLOWER at term 1 for candidate:2a1c9333-8641-498a-88f2-87bcecbe0d18
2022-01-11 23:54:06,709 [grpc-default-executor-1] INFO  impl.RoleInfo (RoleInfo.java:shutdownFollowerState(108)) - 77c66afc-fa73-4d89-b59d-9adc22a556cf: shutdown 77c66afc-fa73-4d89-b59d-9adc22a556cf@group-36EC4F650869-FollowerState
2022-01-11 23:54:06,709 [grpc-default-executor-1] INFO  impl.RoleInfo (RoleInfo.java:updateAndGet(130)) - 77c66afc-fa73-4d89-b59d-9adc22a556cf: start 77c66afc-fa73-4d89-b59d-9adc22a556cf@group-36EC4F650869-FollowerState
2022-01-11 23:54:06,709 [77c66afc-fa73-4d89-b59d-9adc22a556cf@group-36EC4F650869-FollowerState] INFO  impl.FollowerState (FollowerState.java:run(143)) - 77c66afc-fa73-4d89-b59d-9adc22a556cf@group-36EC4F650869-FollowerState was interrupted: {}
java.lang.InterruptedException: sleep interrupted
	at java.lang.Thread.sleep(Native Method)
	at java.lang.Thread.sleep(Thread.java:340)
	at java.util.concurrent.TimeUnit.sleep(TimeUnit.java:386)
	at org.apache.ratis.util.TimeDuration.sleep(TimeDuration.java:324)
	at org.apache.ratis.util.TimeDuration.sleep(TimeDuration.java:309)
	at org.apache.ratis.server.impl.FollowerState.run(FollowerState.java:118)
2022-01-11 23:54:06,713 [grpc-default-executor-2] INFO  server.RaftServer$Division (RaftServerImpl.java:requestVote(1078)) - 757e1abf-caf6-4356-ad73-d786994982ad@group-36EC4F650869 replies to ELECTION vote request: 2a1c9333-8641-498a-88f2-87bcecbe0d18<-757e1abf-caf6-4356-ad73-d786994982ad#0:OK-t1. Peer's state: 757e1abf-caf6-4356-ad73-d786994982ad@group-36EC4F650869:t1, leader=null, voted=2a1c9333-8641-498a-88f2-87bcecbe0d18, raftlog=757e1abf-caf6-4356-ad73-d786994982ad@group-36EC4F650869-SegmentedRaftLog:OPENED:c-1, conf=-1: [2a1c9333-8641-498a-88f2-87bcecbe0d18|rpc:10.1.0.37:38177|dataStream:|priority:0, 757e1abf-caf6-4356-ad73-d786994982ad|rpc:10.1.0.37:41749|dataStream:|priority:0, 77c66afc-fa73-4d89-b59d-9adc22a556cf|rpc:10.1.0.37:40587|dataStream:|priority:1], old=null
2022-01-11 23:54:06,724 [grpc-default-executor-1] INFO  server.RaftServer$Division (RaftServerImpl.java:requestVote(1078)) - 77c66afc-fa73-4d89-b59d-9adc22a556cf@group-36EC4F650869 replies to ELECTION vote request: 2a1c9333-8641-498a-88f2-87bcecbe0d18<-77c66afc-fa73-4d89-b59d-9adc22a556cf#0:FAIL-t1. Peer's state: 77c66afc-fa73-4d89-b59d-9adc22a556cf@group-36EC4F650869:t1, leader=null, voted=null, raftlog=77c66afc-fa73-4d89-b59d-9adc22a556cf@group-36EC4F650869-SegmentedRaftLog:OPENED:c-1, conf=-1: [2a1c9333-8641-498a-88f2-87bcecbe0d18|rpc:10.1.0.37:38177|priority:0, 757e1abf-caf6-4356-ad73-d786994982ad|rpc:10.1.0.37:41749|priority:0, 77c66afc-fa73-4d89-b59d-9adc22a556cf|rpc:10.1.0.37:40587|priority:1], old=null
2022-01-11 23:54:06,726 [2a1c9333-8641-498a-88f2-87bcecbe0d18@group-36EC4F650869-LeaderElection49] INFO  impl.LeaderElection (LeaderElection.java:logAndReturn(89)) - 2a1c9333-8641-498a-88f2-87bcecbe0d18@group-36EC4F650869-LeaderElection49: ELECTION REJECTED received 2 response(s) and 0 exception(s):
2022-01-11 23:54:06,726 [2a1c9333-8641-498a-88f2-87bcecbe0d18@group-36EC4F650869-LeaderElection49] INFO  impl.LeaderElection (LeaderElection.java:logAndReturn(93)) -   Response 0: 2a1c9333-8641-498a-88f2-87bcecbe0d18<-757e1abf-caf6-4356-ad73-d786994982ad#0:OK-t1
2022-01-11 23:54:06,726 [2a1c9333-8641-498a-88f2-87bcecbe0d18@group-36EC4F650869-LeaderElection49] INFO  impl.LeaderElection (LeaderElection.java:logAndReturn(93)) -   Response 1: 2a1c9333-8641-498a-88f2-87bcecbe0d18<-77c66afc-fa73-4d89-b59d-9adc22a556cf#0:FAIL-t1
2022-01-11 23:54:06,726 [2a1c9333-8641-498a-88f2-87bcecbe0d18@group-36EC4F650869-LeaderElection49] INFO  impl.LeaderElection (LeaderElection.java:askForVotes(308)) - 2a1c9333-8641-498a-88f2-87bcecbe0d18@group-36EC4F650869-LeaderElection49 ELECTION round 0: result REJECTED
2022-01-11 23:54:06,726 [2a1c9333-8641-498a-88f2-87bcecbe0d18@group-36EC4F650869-LeaderElection49] INFO  server.RaftServer$Division (RaftServerImpl.java:setRole(290)) - 2a1c9333-8641-498a-88f2-87bcecbe0d18@group-36EC4F650869: changes role from CANDIDATE to FOLLOWER at term 1 for REJECTED
2022-01-11 23:54:06,726 [2a1c9333-8641-498a-88f2-87bcecbe0d18@group-36EC4F650869-LeaderElection49] INFO  impl.RoleInfo (RoleInfo.java:shutdownLeaderElection(121)) - 2a1c9333-8641-498a-88f2-87bcecbe0d18: shutdown 2a1c9333-8641-498a-88f2-87bcecbe0d18@group-36EC4F650869-LeaderElection49
2022-01-11 23:54:06,726 [2a1c9333-8641-498a-88f2-87bcecbe0d18@group-36EC4F650869-LeaderElection49] INFO  impl.RoleInfo (RoleInfo.java:updateAndGet(130)) - 2a1c9333-8641-498a-88f2-87bcecbe0d18: start 2a1c9333-8641-498a-88f2-87bcecbe0d18@group-36EC4F650869-FollowerState
2022-01-11 23:54:06,899 [77c66afc-fa73-4d89-b59d-9adc22a556cf@group-4B271DC99CF9-FollowerState] INFO  impl.FollowerState (FollowerState.java:run(134)) - 77c66afc-fa73-4d89-b59d-9adc22a556cf@group-4B271DC99CF9-FollowerState: change to CANDIDATE, lastRpcElapsedTime:5123866869ns, electionTimeout:5074ms
2022-01-11 23:54:06,899 [77c66afc-fa73-4d89-b59d-9adc22a556cf@group-4B271DC99CF9-FollowerState] INFO  impl.RoleInfo (RoleInfo.java:shutdownFollowerState(108)) - 77c66afc-fa73-4d89-b59d-9adc22a556cf: shutdown 77c66afc-fa73-4d89-b59d-9adc22a556cf@group-4B271DC99CF9-FollowerState
2022-01-11 23:54:06,899 [77c66afc-fa73-4d89-b59d-9adc22a556cf@group-4B271DC99CF9-FollowerState] INFO  server.RaftServer$Division (RaftServerImpl.java:setRole(290)) - 77c66afc-fa73-4d89-b59d-9adc22a556cf@group-4B271DC99CF9: changes role from  FOLLOWER to CANDIDATE at term 0 for changeToCandidate
2022-01-11 23:54:06,899 [77c66afc-fa73-4d89-b59d-9adc22a556cf@group-4B271DC99CF9-FollowerState] INFO  server.RaftServerConfigKeys (ConfUtils.java:logGet(44)) - raft.server.leaderelection.pre-vote = false (custom)
2022-01-11 23:54:06,899 [77c66afc-fa73-4d89-b59d-9adc22a556cf@group-4B271DC99CF9-FollowerState] INFO  impl.RoleInfo (RoleInfo.java:updateAndGet(130)) - 77c66afc-fa73-4d89-b59d-9adc22a556cf: start 77c66afc-fa73-4d89-b59d-9adc22a556cf@group-4B271DC99CF9-LeaderElection50
2022-01-11 23:54:06,929 [77c66afc-fa73-4d89-b59d-9adc22a556cf@group-4B271DC99CF9-LeaderElection50] INFO  impl.LeaderElection (LeaderElection.java:askForVotes(306)) - 77c66afc-fa73-4d89-b59d-9adc22a556cf@group-4B271DC99CF9-LeaderElection50 ELECTION round 0: submit vote requests at term 1 for -1: [2a1c9333-8641-498a-88f2-87bcecbe0d18|rpc:10.1.0.37:38177|priority:1, 757e1abf-caf6-4356-ad73-d786994982ad|rpc:10.1.0.37:41749|priority:0, 77c66afc-fa73-4d89-b59d-9adc22a556cf|rpc:10.1.0.37:40587|priority:0], old=null
2022-01-11 23:54:06,932 [grpc-default-executor-1] INFO  server.RaftServer$Division (RaftServerImpl.java:requestVote(1046)) - 2a1c9333-8641-498a-88f2-87bcecbe0d18@group-4B271DC99CF9: receive requestVote(ELECTION, 77c66afc-fa73-4d89-b59d-9adc22a556cf, group-4B271DC99CF9, 1, (t:0, i:0))
2022-01-11 23:54:06,932 [grpc-default-executor-1] INFO  impl.VoteContext (VoteContext.java:log(48)) - 2a1c9333-8641-498a-88f2-87bcecbe0d18@group-4B271DC99CF9-FOLLOWER: reject ELECTION from 77c66afc-fa73-4d89-b59d-9adc22a556cf: our priority 1 > candidate's priority 0
2022-01-11 23:54:06,932 [grpc-default-executor-1] INFO  server.RaftServer$Division (RaftServerImpl.java:setRole(290)) - 2a1c9333-8641-498a-88f2-87bcecbe0d18@group-4B271DC99CF9: changes role from  FOLLOWER to FOLLOWER at term 1 for candidate:77c66afc-fa73-4d89-b59d-9adc22a556cf
2022-01-11 23:54:06,932 [grpc-default-executor-1] INFO  impl.RoleInfo (RoleInfo.java:shutdownFollowerState(108)) - 2a1c9333-8641-498a-88f2-87bcecbe0d18: shutdown 2a1c9333-8641-498a-88f2-87bcecbe0d18@group-4B271DC99CF9-FollowerState
2022-01-11 23:54:06,934 [grpc-default-executor-1] INFO  impl.RoleInfo (RoleInfo.java:updateAndGet(130)) - 2a1c9333-8641-498a-88f2-87bcecbe0d18: start 2a1c9333-8641-498a-88f2-87bcecbe0d18@group-4B271DC99CF9-FollowerState
2022-01-11 23:54:06,934 [2a1c9333-8641-498a-88f2-87bcecbe0d18@group-4B271DC99CF9-FollowerState] INFO  impl.FollowerState (FollowerState.java:run(143)) - 2a1c9333-8641-498a-88f2-87bcecbe0d18@group-4B271DC99CF9-FollowerState was interrupted: {}
java.lang.InterruptedException: sleep interrupted
	at java.lang.Thread.sleep(Native Method)
	at java.lang.Thread.sleep(Thread.java:340)
	at java.util.concurrent.TimeUnit.sleep(TimeUnit.java:386)
	at org.apache.ratis.util.TimeDuration.sleep(TimeDuration.java:324)
	at org.apache.ratis.util.TimeDuration.sleep(TimeDuration.java:309)
	at org.apache.ratis.server.impl.FollowerState.run(FollowerState.java:118)
2022-01-11 23:54:06,936 [grpc-default-executor-2] INFO  server.RaftServer$Division (RaftServerImpl.java:requestVote(1046)) - 757e1abf-caf6-4356-ad73-d786994982ad@group-4B271DC99CF9: receive requestVote(ELECTION, 77c66afc-fa73-4d89-b59d-9adc22a556cf, group-4B271DC99CF9, 1, (t:0, i:0))
2022-01-11 23:54:06,937 [grpc-default-executor-2] INFO  impl.VoteContext (VoteContext.java:log(48)) - 757e1abf-caf6-4356-ad73-d786994982ad@group-4B271DC99CF9-FOLLOWER: accept ELECTION from 77c66afc-fa73-4d89-b59d-9adc22a556cf: our priority 0 <= candidate's priority 0
2022-01-11 23:54:06,937 [grpc-default-executor-2] INFO  server.RaftServer$Division (RaftServerImpl.java:setRole(290)) - 757e1abf-caf6-4356-ad73-d786994982ad@group-4B271DC99CF9: changes role from  FOLLOWER to FOLLOWER at term 1 for candidate:77c66afc-fa73-4d89-b59d-9adc22a556cf
2022-01-11 23:54:06,937 [grpc-default-executor-2] INFO  impl.RoleInfo (RoleInfo.java:shutdownFollowerState(108)) - 757e1abf-caf6-4356-ad73-d786994982ad: shutdown 757e1abf-caf6-4356-ad73-d786994982ad@group-4B271DC99CF9-FollowerState
2022-01-11 23:54:06,938 [grpc-default-executor-2] INFO  impl.RoleInfo (RoleInfo.java:updateAndGet(130)) - 757e1abf-caf6-4356-ad73-d786994982ad: start 757e1abf-caf6-4356-ad73-d786994982ad@group-4B271DC99CF9-FollowerState
2022-01-11 23:54:06,938 [757e1abf-caf6-4356-ad73-d786994982ad@group-4B271DC99CF9-FollowerState] INFO  impl.FollowerState (FollowerState.java:run(143)) - 757e1abf-caf6-4356-ad73-d786994982ad@group-4B271DC99CF9-FollowerState was interrupted: {}
java.lang.InterruptedException: sleep interrupted
	at java.lang.Thread.sleep(Native Method)
	at java.lang.Thread.sleep(Thread.java:340)
	at java.util.concurrent.TimeUnit.sleep(TimeUnit.java:386)
	at org.apache.ratis.util.TimeDuration.sleep(TimeDuration.java:324)
	at org.apache.ratis.util.TimeDuration.sleep(TimeDuration.java:309)
	at org.apache.ratis.server.impl.FollowerState.run(FollowerState.java:118)
2022-01-11 23:54:06,945 [grpc-default-executor-1] INFO  server.RaftServer$Division (RaftServerImpl.java:requestVote(1078)) - 2a1c9333-8641-498a-88f2-87bcecbe0d18@group-4B271DC99CF9 replies to ELECTION vote request: 77c66afc-fa73-4d89-b59d-9adc22a556cf<-2a1c9333-8641-498a-88f2-87bcecbe0d18#0:FAIL-t1. Peer's state: 2a1c9333-8641-498a-88f2-87bcecbe0d18@group-4B271DC99CF9:t1, leader=null, voted=null, raftlog=2a1c9333-8641-498a-88f2-87bcecbe0d18@group-4B271DC99CF9-SegmentedRaftLog:OPENED:c-1, conf=-1: [2a1c9333-8641-498a-88f2-87bcecbe0d18|rpc:10.1.0.37:38177|dataStream:|priority:1, 757e1abf-caf6-4356-ad73-d786994982ad|rpc:10.1.0.37:41749|dataStream:|priority:0, 77c66afc-fa73-4d89-b59d-9adc22a556cf|rpc:10.1.0.37:40587|dataStream:|priority:0], old=null
2022-01-11 23:54:06,960 [77c66afc-fa73-4d89-b59d-9adc22a556cf@group-4B271DC99CF9-LeaderElection50] INFO  impl.LeaderElection (LeaderElection.java:logAndReturn(89)) - 77c66afc-fa73-4d89-b59d-9adc22a556cf@group-4B271DC99CF9-LeaderElection50: ELECTION REJECTED received 1 response(s) and 0 exception(s):
2022-01-11 23:54:06,960 [77c66afc-fa73-4d89-b59d-9adc22a556cf@group-4B271DC99CF9-LeaderElection50] INFO  impl.LeaderElection (LeaderElection.java:logAndReturn(93)) -   Response 0: 77c66afc-fa73-4d89-b59d-9adc22a556cf<-2a1c9333-8641-498a-88f2-87bcecbe0d18#0:FAIL-t1
2022-01-11 23:54:06,960 [77c66afc-fa73-4d89-b59d-9adc22a556cf@group-4B271DC99CF9-LeaderElection50] INFO  impl.LeaderElection (LeaderElection.java:askForVotes(308)) - 77c66afc-fa73-4d89-b59d-9adc22a556cf@group-4B271DC99CF9-LeaderElection50 ELECTION round 0: result REJECTED
2022-01-11 23:54:06,961 [77c66afc-fa73-4d89-b59d-9adc22a556cf@group-4B271DC99CF9-LeaderElection50] INFO  server.RaftServer$Division (RaftServerImpl.java:setRole(290)) - 77c66afc-fa73-4d89-b59d-9adc22a556cf@group-4B271DC99CF9: changes role from CANDIDATE to FOLLOWER at term 1 for REJECTED
2022-01-11 23:54:06,961 [77c66afc-fa73-4d89-b59d-9adc22a556cf@group-4B271DC99CF9-LeaderElection50] INFO  impl.RoleInfo (RoleInfo.java:shutdownLeaderElection(121)) - 77c66afc-fa73-4d89-b59d-9adc22a556cf: shutdown 77c66afc-fa73-4d89-b59d-9adc22a556cf@group-4B271DC99CF9-LeaderElection50
2022-01-11 23:54:06,961 [77c66afc-fa73-4d89-b59d-9adc22a556cf@group-4B271DC99CF9-LeaderElection50] INFO  impl.RoleInfo (RoleInfo.java:updateAndGet(130)) - 77c66afc-fa73-4d89-b59d-9adc22a556cf: start 77c66afc-fa73-4d89-b59d-9adc22a556cf@group-4B271DC99CF9-FollowerState
2022-01-11 23:54:06,962 [grpc-default-executor-2] INFO  server.RaftServer$Division (RaftServerImpl.java:requestVote(1078)) - 757e1abf-caf6-4356-ad73-d786994982ad@group-4B271DC99CF9 replies to ELECTION vote request: 77c66afc-fa73-4d89-b59d-9adc22a556cf<-757e1abf-caf6-4356-ad73-d786994982ad#0:OK-t1. Peer's state: 757e1abf-caf6-4356-ad73-d786994982ad@group-4B271DC99CF9:t1, leader=null, voted=77c66afc-fa73-4d89-b59d-9adc22a556cf, raftlog=757e1abf-caf6-4356-ad73-d786994982ad@group-4B271DC99CF9-SegmentedRaftLog:OPENED:c-1, conf=-1: [2a1c9333-8641-498a-88f2-87bcecbe0d18|rpc:10.1.0.37:38177|priority:1, 757e1abf-caf6-4356-ad73-d786994982ad|rpc:10.1.0.37:41749|priority:0, 77c66afc-fa73-4d89-b59d-9adc22a556cf|rpc:10.1.0.37:40587|priority:0], old=null
2022-01-11 23:54:07,034 [757e1abf-caf6-4356-ad73-d786994982ad@group-85DFC7F102C7-FollowerState] INFO  impl.FollowerState (FollowerState.java:run(134)) - 757e1abf-caf6-4356-ad73-d786994982ad@group-85DFC7F102C7-FollowerState: change to CANDIDATE, lastRpcElapsedTime:5097515704ns, electionTimeout:5096ms
2022-01-11 23:54:07,034 [757e1abf-caf6-4356-ad73-d786994982ad@group-85DFC7F102C7-FollowerState] INFO  impl.RoleInfo (RoleInfo.java:shutdownFollowerState(108)) - 757e1abf-caf6-4356-ad73-d786994982ad: shutdown 757e1abf-caf6-4356-ad73-d786994982ad@group-85DFC7F102C7-FollowerState
2022-01-11 23:54:07,034 [757e1abf-caf6-4356-ad73-d786994982ad@group-85DFC7F102C7-FollowerState] INFO  server.RaftServer$Division (RaftServerImpl.java:setRole(290)) - 757e1abf-caf6-4356-ad73-d786994982ad@group-85DFC7F102C7: changes role from  FOLLOWER to CANDIDATE at term 0 for changeToCandidate
2022-01-11 23:54:07,036 [757e1abf-caf6-4356-ad73-d786994982ad@group-85DFC7F102C7-FollowerState] INFO  server.RaftServerConfigKeys (ConfUtils.java:logGet(44)) - raft.server.leaderelection.pre-vote = false (custom)
2022-01-11 23:54:07,036 [757e1abf-caf6-4356-ad73-d786994982ad@group-85DFC7F102C7-FollowerState] INFO  impl.RoleInfo (RoleInfo.java:updateAndGet(130)) - 757e1abf-caf6-4356-ad73-d786994982ad: start 757e1abf-caf6-4356-ad73-d786994982ad@group-85DFC7F102C7-LeaderElection51
2022-01-11 23:54:07,073 [757e1abf-caf6-4356-ad73-d786994982ad@group-85DFC7F102C7-LeaderElection51] INFO  impl.LeaderElection (LeaderElection.java:askForVotes(306)) - 757e1abf-caf6-4356-ad73-d786994982ad@group-85DFC7F102C7-LeaderElection51 ELECTION round 0: submit vote requests at term 1 for -1: [757e1abf-caf6-4356-ad73-d786994982ad|rpc:10.1.0.37:41749|priority:1], old=null
2022-01-11 23:54:07,073 [757e1abf-caf6-4356-ad73-d786994982ad@group-85DFC7F102C7-LeaderElection51] INFO  impl.LeaderElection (LeaderElection.java:askForVotes(308)) - 757e1abf-caf6-4356-ad73-d786994982ad@group-85DFC7F102C7-LeaderElection51 ELECTION round 0: result PASSED (term=1)
2022-01-11 23:54:07,073 [757e1abf-caf6-4356-ad73-d786994982ad@group-85DFC7F102C7-LeaderElection51] INFO  impl.RoleInfo (RoleInfo.java:shutdownLeaderElection(121)) - 757e1abf-caf6-4356-ad73-d786994982ad: shutdown 757e1abf-caf6-4356-ad73-d786994982ad@group-85DFC7F102C7-LeaderElection51
2022-01-11 23:54:07,073 [757e1abf-caf6-4356-ad73-d786994982ad@group-85DFC7F102C7-LeaderElection51] INFO  server.RaftServer$Division (RaftServerImpl.java:setRole(290)) - 757e1abf-caf6-4356-ad73-d786994982ad@group-85DFC7F102C7: changes role from CANDIDATE to LEADER at term 1 for changeToLeader
2022-01-11 23:54:07,073 [757e1abf-caf6-4356-ad73-d786994982ad@group-85DFC7F102C7-LeaderElection51] INFO  ratis.XceiverServerRatis (XceiverServerRatis.java:handleLeaderChangedNotification(866)) - Leader change notification received for group: group-85DFC7F102C7 with new leaderId: 757e1abf-caf6-4356-ad73-d786994982ad
2022-01-11 23:54:07,073 [757e1abf-caf6-4356-ad73-d786994982ad@group-85DFC7F102C7-LeaderElection51] INFO  server.RaftServer$Division (ServerState.java:setLeader(285)) - 757e1abf-caf6-4356-ad73-d786994982ad@group-85DFC7F102C7: change Leader from null to 757e1abf-caf6-4356-ad73-d786994982ad at term 1 for becomeLeader, leader elected after 5204ms
2022-01-11 23:54:07,074 [757e1abf-caf6-4356-ad73-d786994982ad@group-85DFC7F102C7-LeaderElection51] INFO  server.RaftServerConfigKeys (ConfUtils.java:logGet(44)) - raft.server.staging.catchup.gap = 1000 (default)
2022-01-11 23:54:07,074 [757e1abf-caf6-4356-ad73-d786994982ad@group-85DFC7F102C7-LeaderElection51] INFO  server.RaftServerConfigKeys (ConfUtils.java:logGet(44)) - raft.server.write.element-limit = 1024 (custom)
2022-01-11 23:54:07,074 [757e1abf-caf6-4356-ad73-d786994982ad@group-85DFC7F102C7-LeaderElection51] INFO  server.RaftServerConfigKeys (ConfUtils.java:logGet(44)) - raft.server.write.byte-limit = 1024 M (=1073741824) (custom)
2022-01-11 23:54:07,075 [757e1abf-caf6-4356-ad73-d786994982ad@group-85DFC7F102C7-LeaderElection51] INFO  server.RaftServerConfigKeys (ConfUtils.java:logGet(44)) - raft.server.watch.timeout = 3000ms (custom)
2022-01-11 23:54:07,075 [757e1abf-caf6-4356-ad73-d786994982ad@group-85DFC7F102C7-LeaderElection51] INFO  server.RaftServerConfigKeys (ConfUtils.java:logGet(44)) - raft.server.watch.timeout.denomination = 1s (default)
2022-01-11 23:54:07,075 [757e1abf-caf6-4356-ad73-d786994982ad@group-85DFC7F102C7-LeaderElection51] INFO  server.RaftServerConfigKeys (ConfUtils.java:logGet(44)) - raft.server.watch.element-limit = 65536 (default)
2022-01-11 23:54:07,075 [757e1abf-caf6-4356-ad73-d786994982ad@group-85DFC7F102C7-LeaderElection51] INFO  server.RaftServerConfigKeys (ConfUtils.java:logGet(44)) - raft.server.write.element-limit = 1024 (custom)
2022-01-11 23:54:07,075 [757e1abf-caf6-4356-ad73-d786994982ad@group-85DFC7F102C7-LeaderElection51] INFO  server.RaftServerConfigKeys (ConfUtils.java:logGet(44)) - raft.server.write.follower.gap.ratio.max = -1.0 (default)
2022-01-11 23:54:07,075 [757e1abf-caf6-4356-ad73-d786994982ad@group-85DFC7F102C7-LeaderElection51] INFO  impl.RoleInfo (RoleInfo.java:updateAndGet(130)) - 757e1abf-caf6-4356-ad73-d786994982ad: start 757e1abf-caf6-4356-ad73-d786994982ad@group-85DFC7F102C7-LeaderStateImpl
2022-01-11 23:54:07,076 [757e1abf-caf6-4356-ad73-d786994982ad@group-85DFC7F102C7-LeaderElection51] INFO  segmented.SegmentedRaftLogWorker (SegmentedRaftLogWorker.java:startLogSegment(394)) - 757e1abf-caf6-4356-ad73-d786994982ad@group-85DFC7F102C7-SegmentedRaftLogWorker: Starting segment from index:0
2022-01-11 23:54:07,077 [757e1abf-caf6-4356-ad73-d786994982ad@group-85DFC7F102C7-SegmentedRaftLogWorker] INFO  segmented.SegmentedRaftLogWorker (SegmentedRaftLogWorker.java:execute(601)) - 757e1abf-caf6-4356-ad73-d786994982ad@group-85DFC7F102C7-SegmentedRaftLogWorker: created new log segment /home/runner/work/ozone/ozone/hadoop-ozone/integration-test/target/test-dir/MiniOzoneClusterImpl-84b3519b-a2d3-47e7-8c84-34506f72c9f7/datanode-4/data/ratis/8b00abd0-5014-4694-b328-85dfc7f102c7/current/log_inprogress_0
2022-01-11 23:54:07,091 [757e1abf-caf6-4356-ad73-d786994982ad@group-85DFC7F102C7-LeaderElection51] INFO  server.RaftServer$Division (ServerState.java:setRaftConf(387)) - 757e1abf-caf6-4356-ad73-d786994982ad@group-85DFC7F102C7: set configuration 0: [757e1abf-caf6-4356-ad73-d786994982ad|rpc:10.1.0.37:41749|dataStream:|priority:1], old=null
2022-01-11 23:54:07,513 [2a1c9333-8641-498a-88f2-87bcecbe0d18@group-A72DDD3ACB6B-FollowerState] INFO  impl.FollowerState (FollowerState.java:run(134)) - 2a1c9333-8641-498a-88f2-87bcecbe0d18@group-A72DDD3ACB6B-FollowerState: change to CANDIDATE, lastRpcElapsedTime:5026317287ns, electionTimeout:5012ms
2022-01-11 23:54:07,514 [2a1c9333-8641-498a-88f2-87bcecbe0d18@group-A72DDD3ACB6B-FollowerState] INFO  impl.RoleInfo (RoleInfo.java:shutdownFollowerState(108)) - 2a1c9333-8641-498a-88f2-87bcecbe0d18: shutdown 2a1c9333-8641-498a-88f2-87bcecbe0d18@group-A72DDD3ACB6B-FollowerState
2022-01-11 23:54:07,514 [2a1c9333-8641-498a-88f2-87bcecbe0d18@group-A72DDD3ACB6B-FollowerState] INFO  server.RaftServer$Division (RaftServerImpl.java:setRole(290)) - 2a1c9333-8641-498a-88f2-87bcecbe0d18@group-A72DDD3ACB6B: changes role from  FOLLOWER to CANDIDATE at term 0 for changeToCandidate
2022-01-11 23:54:07,514 [2a1c9333-8641-498a-88f2-87bcecbe0d18@group-A72DDD3ACB6B-FollowerState] INFO  server.RaftServerConfigKeys (ConfUtils.java:logGet(44)) - raft.server.leaderelection.pre-vote = false (custom)
2022-01-11 23:54:07,514 [2a1c9333-8641-498a-88f2-87bcecbe0d18@group-A72DDD3ACB6B-FollowerState] INFO  impl.RoleInfo (RoleInfo.java:updateAndGet(130)) - 2a1c9333-8641-498a-88f2-87bcecbe0d18: start 2a1c9333-8641-498a-88f2-87bcecbe0d18@group-A72DDD3ACB6B-LeaderElection52
2022-01-11 23:54:07,535 [2a1c9333-8641-498a-88f2-87bcecbe0d18@group-A72DDD3ACB6B-LeaderElection52] INFO  impl.LeaderElection (LeaderElection.java:askForVotes(306)) - 2a1c9333-8641-498a-88f2-87bcecbe0d18@group-A72DDD3ACB6B-LeaderElection52 ELECTION round 0: submit vote requests at term 1 for -1: [2a1c9333-8641-498a-88f2-87bcecbe0d18|rpc:10.1.0.37:38177|priority:1], old=null
2022-01-11 23:54:07,536 [2a1c9333-8641-498a-88f2-87bcecbe0d18@group-A72DDD3ACB6B-LeaderElection52] INFO  impl.LeaderElection (LeaderElection.java:askForVotes(308)) - 2a1c9333-8641-498a-88f2-87bcecbe0d18@group-A72DDD3ACB6B-LeaderElection52 ELECTION round 0: result PASSED (term=1)
2022-01-11 23:54:07,536 [2a1c9333-8641-498a-88f2-87bcecbe0d18@group-A72DDD3ACB6B-LeaderElection52] INFO  impl.RoleInfo (RoleInfo.java:shutdownLeaderElection(121)) - 2a1c9333-8641-498a-88f2-87bcecbe0d18: shutdown 2a1c9333-8641-498a-88f2-87bcecbe0d18@group-A72DDD3ACB6B-LeaderElection52
2022-01-11 23:54:07,536 [2a1c9333-8641-498a-88f2-87bcecbe0d18@group-A72DDD3ACB6B-LeaderElection52] INFO  server.RaftServer$Division (RaftServerImpl.java:setRole(290)) - 2a1c9333-8641-498a-88f2-87bcecbe0d18@group-A72DDD3ACB6B: changes role from CANDIDATE to LEADER at term 1 for changeToLeader
2022-01-11 23:54:07,536 [2a1c9333-8641-498a-88f2-87bcecbe0d18@group-A72DDD3ACB6B-LeaderElection52] INFO  ratis.XceiverServerRatis (XceiverServerRatis.java:handleLeaderChangedNotification(866)) - Leader change notification received for group: group-A72DDD3ACB6B with new leaderId: 2a1c9333-8641-498a-88f2-87bcecbe0d18
2022-01-11 23:54:07,536 [2a1c9333-8641-498a-88f2-87bcecbe0d18@group-A72DDD3ACB6B-LeaderElection52] INFO  server.RaftServer$Division (ServerState.java:setLeader(285)) - 2a1c9333-8641-498a-88f2-87bcecbe0d18@group-A72DDD3ACB6B: change Leader from null to 2a1c9333-8641-498a-88f2-87bcecbe0d18 at term 1 for becomeLeader, leader elected after 5057ms
2022-01-11 23:54:07,536 [2a1c9333-8641-498a-88f2-87bcecbe0d18@group-A72DDD3ACB6B-LeaderElection52] INFO  server.RaftServerConfigKeys (ConfUtils.java:logGet(44)) - raft.server.staging.catchup.gap = 1000 (default)
2022-01-11 23:54:07,536 [2a1c9333-8641-498a-88f2-87bcecbe0d18@group-A72DDD3ACB6B-LeaderElection52] INFO  server.RaftServerConfigKeys (ConfUtils.java:logGet(44)) - raft.server.write.element-limit = 1024 (custom)
2022-01-11 23:54:07,536 [2a1c9333-8641-498a-88f2-87bcecbe0d18@group-A72DDD3ACB6B-LeaderElection52] INFO  server.RaftServerConfigKeys (ConfUtils.java:logGet(44)) - raft.server.write.byte-limit = 1024 M (=1073741824) (custom)
2022-01-11 23:54:07,536 [2a1c9333-8641-498a-88f2-87bcecbe0d18@group-A72DDD3ACB6B-LeaderElection52] INFO  server.RaftServerConfigKeys (ConfUtils.java:logGet(44)) - raft.server.watch.timeout = 3000ms (custom)
2022-01-11 23:54:07,536 [2a1c9333-8641-498a-88f2-87bcecbe0d18@group-A72DDD3ACB6B-LeaderElection52] INFO  server.RaftServerConfigKeys (ConfUtils.java:logGet(44)) - raft.server.watch.timeout.denomination = 1s (default)
2022-01-11 23:54:07,537 [2a1c9333-8641-498a-88f2-87bcecbe0d18@group-A72DDD3ACB6B-LeaderElection52] INFO  server.RaftServerConfigKeys (ConfUtils.java:logGet(44)) - raft.server.watch.element-limit = 65536 (default)
2022-01-11 23:54:07,537 [2a1c9333-8641-498a-88f2-87bcecbe0d18@group-A72DDD3ACB6B-LeaderElection52] INFO  server.RaftServerConfigKeys (ConfUtils.java:logGet(44)) - raft.server.write.element-limit = 1024 (custom)
2022-01-11 23:54:07,537 [2a1c9333-8641-498a-88f2-87bcecbe0d18@group-A72DDD3ACB6B-LeaderElection52] INFO  server.RaftServerConfigKeys (ConfUtils.java:logGet(44)) - raft.server.write.follower.gap.ratio.max = -1.0 (default)
2022-01-11 23:54:07,537 [2a1c9333-8641-498a-88f2-87bcecbe0d18@group-A72DDD3ACB6B-LeaderElection52] INFO  impl.RoleInfo (RoleInfo.java:updateAndGet(130)) - 2a1c9333-8641-498a-88f2-87bcecbe0d18: start 2a1c9333-8641-498a-88f2-87bcecbe0d18@group-A72DDD3ACB6B-LeaderStateImpl
2022-01-11 23:54:07,537 [2a1c9333-8641-498a-88f2-87bcecbe0d18@group-A72DDD3ACB6B-LeaderElection52] INFO  segmented.SegmentedRaftLogWorker (SegmentedRaftLogWorker.java:startLogSegment(394)) - 2a1c9333-8641-498a-88f2-87bcecbe0d18@group-A72DDD3ACB6B-SegmentedRaftLogWorker: Starting segment from index:0
2022-01-11 23:54:07,539 [2a1c9333-8641-498a-88f2-87bcecbe0d18@group-A72DDD3ACB6B-SegmentedRaftLogWorker] INFO  segmented.SegmentedRaftLogWorker (SegmentedRaftLogWorker.java:execute(601)) - 2a1c9333-8641-498a-88f2-87bcecbe0d18@group-A72DDD3ACB6B-SegmentedRaftLogWorker: created new log segment /home/runner/work/ozone/ozone/hadoop-ozone/integration-test/target/test-dir/MiniOzoneClusterImpl-84b3519b-a2d3-47e7-8c84-34506f72c9f7/datanode-5/data/ratis/a1978e2b-ad32-4a8c-80c7-a72ddd3acb6b/current/log_inprogress_0
2022-01-11 23:54:07,542 [2a1c9333-8641-498a-88f2-87bcecbe0d18@group-A72DDD3ACB6B-LeaderElection52] INFO  server.RaftServer$Division (ServerState.java:setRaftConf(387)) - 2a1c9333-8641-498a-88f2-87bcecbe0d18@group-A72DDD3ACB6B: set configuration 0: [2a1c9333-8641-498a-88f2-87bcecbe0d18|rpc:10.1.0.37:38177|dataStream:|priority:1], old=null
2022-01-11 23:54:08,182 [6b666312-5236-4d63-85d6-3705eb3fb30b@group-31887F02BC17-FollowerState] INFO  impl.FollowerState (FollowerState.java:run(134)) - 6b666312-5236-4d63-85d6-3705eb3fb30b@group-31887F02BC17-FollowerState: change to CANDIDATE, lastRpcElapsedTime:5124869972ns, electionTimeout:5124ms
2022-01-11 23:54:08,182 [6b666312-5236-4d63-85d6-3705eb3fb30b@group-31887F02BC17-FollowerState] INFO  impl.RoleInfo (RoleInfo.java:shutdownFollowerState(108)) - 6b666312-5236-4d63-85d6-3705eb3fb30b: shutdown 6b666312-5236-4d63-85d6-3705eb3fb30b@group-31887F02BC17-FollowerState
2022-01-11 23:54:08,183 [6b666312-5236-4d63-85d6-3705eb3fb30b@group-31887F02BC17-FollowerState] INFO  server.RaftServer$Division (RaftServerImpl.java:setRole(290)) - 6b666312-5236-4d63-85d6-3705eb3fb30b@group-31887F02BC17: changes role from  FOLLOWER to CANDIDATE at term 0 for changeToCandidate
2022-01-11 23:54:08,184 [6b666312-5236-4d63-85d6-3705eb3fb30b@group-31887F02BC17-FollowerState] INFO  server.RaftServerConfigKeys (ConfUtils.java:logGet(44)) - raft.server.leaderelection.pre-vote = false (custom)
2022-01-11 23:54:08,184 [6b666312-5236-4d63-85d6-3705eb3fb30b@group-31887F02BC17-FollowerState] INFO  impl.RoleInfo (RoleInfo.java:updateAndGet(130)) - 6b666312-5236-4d63-85d6-3705eb3fb30b: start 6b666312-5236-4d63-85d6-3705eb3fb30b@group-31887F02BC17-LeaderElection53
2022-01-11 23:54:08,198 [6b666312-5236-4d63-85d6-3705eb3fb30b@group-31887F02BC17-LeaderElection53] INFO  impl.LeaderElection (LeaderElection.java:askForVotes(306)) - 6b666312-5236-4d63-85d6-3705eb3fb30b@group-31887F02BC17-LeaderElection53 ELECTION round 0: submit vote requests at term 1 for -1: [6b666312-5236-4d63-85d6-3705eb3fb30b|rpc:10.1.0.37:38271|priority:1], old=null
2022-01-11 23:54:08,198 [6b666312-5236-4d63-85d6-3705eb3fb30b@group-31887F02BC17-LeaderElection53] INFO  impl.LeaderElection (LeaderElection.java:askForVotes(308)) - 6b666312-5236-4d63-85d6-3705eb3fb30b@group-31887F02BC17-LeaderElection53 ELECTION round 0: result PASSED (term=1)
2022-01-11 23:54:08,198 [6b666312-5236-4d63-85d6-3705eb3fb30b@group-31887F02BC17-LeaderElection53] INFO  impl.RoleInfo (RoleInfo.java:shutdownLeaderElection(121)) - 6b666312-5236-4d63-85d6-3705eb3fb30b: shutdown 6b666312-5236-4d63-85d6-3705eb3fb30b@group-31887F02BC17-LeaderElection53
2022-01-11 23:54:08,198 [6b666312-5236-4d63-85d6-3705eb3fb30b@group-31887F02BC17-LeaderElection53] INFO  server.RaftServer$Division (RaftServerImpl.java:setRole(290)) - 6b666312-5236-4d63-85d6-3705eb3fb30b@group-31887F02BC17: changes role from CANDIDATE to LEADER at term 1 for changeToLeader
2022-01-11 23:54:08,198 [6b666312-5236-4d63-85d6-3705eb3fb30b@group-31887F02BC17-LeaderElection53] INFO  ratis.XceiverServerRatis (XceiverServerRatis.java:handleLeaderChangedNotification(866)) - Leader change notification received for group: group-31887F02BC17 with new leaderId: 6b666312-5236-4d63-85d6-3705eb3fb30b
2022-01-11 23:54:08,199 [6b666312-5236-4d63-85d6-3705eb3fb30b@group-31887F02BC17-LeaderElection53] INFO  server.RaftServer$Division (ServerState.java:setLeader(285)) - 6b666312-5236-4d63-85d6-3705eb3fb30b@group-31887F02BC17: change Leader from null to 6b666312-5236-4d63-85d6-3705eb3fb30b at term 1 for becomeLeader, leader elected after 5172ms
2022-01-11 23:54:08,200 [6b666312-5236-4d63-85d6-3705eb3fb30b@group-31887F02BC17-LeaderElection53] INFO  server.RaftServerConfigKeys (ConfUtils.java:logGet(44)) - raft.server.staging.catchup.gap = 1000 (default)
2022-01-11 23:54:08,203 [6b666312-5236-4d63-85d6-3705eb3fb30b@group-31887F02BC17-LeaderElection53] INFO  server.RaftServerConfigKeys (ConfUtils.java:logGet(44)) - raft.server.write.element-limit = 1024 (custom)
2022-01-11 23:54:08,204 [6b666312-5236-4d63-85d6-3705eb3fb30b@group-31887F02BC17-LeaderElection53] INFO  server.RaftServerConfigKeys (ConfUtils.java:logGet(44)) - raft.server.write.byte-limit = 1024 M (=1073741824) (custom)
2022-01-11 23:54:08,205 [6b666312-5236-4d63-85d6-3705eb3fb30b@group-31887F02BC17-LeaderElection53] INFO  server.RaftServerConfigKeys (ConfUtils.java:logGet(44)) - raft.server.watch.timeout = 3000ms (custom)
2022-01-11 23:54:08,207 [6b666312-5236-4d63-85d6-3705eb3fb30b@group-31887F02BC17-LeaderElection53] INFO  server.RaftServerConfigKeys (ConfUtils.java:logGet(44)) - raft.server.watch.timeout.denomination = 1s (default)
2022-01-11 23:54:08,208 [6b666312-5236-4d63-85d6-3705eb3fb30b@group-31887F02BC17-LeaderElection53] INFO  server.RaftServerConfigKeys (ConfUtils.java:logGet(44)) - raft.server.watch.element-limit = 65536 (default)
2022-01-11 23:54:08,208 [6b666312-5236-4d63-85d6-3705eb3fb30b@group-31887F02BC17-LeaderElection53] INFO  server.RaftServerConfigKeys (ConfUtils.java:logGet(44)) - raft.server.write.element-limit = 1024 (custom)
2022-01-11 23:54:08,209 [6b666312-5236-4d63-85d6-3705eb3fb30b@group-31887F02BC17-LeaderElection53] INFO  server.RaftServerConfigKeys (ConfUtils.java:logGet(44)) - raft.server.write.follower.gap.ratio.max = -1.0 (default)
2022-01-11 23:54:08,211 [6b666312-5236-4d63-85d6-3705eb3fb30b@group-31887F02BC17-LeaderElection53] INFO  impl.RoleInfo (RoleInfo.java:updateAndGet(130)) - 6b666312-5236-4d63-85d6-3705eb3fb30b: start 6b666312-5236-4d63-85d6-3705eb3fb30b@group-31887F02BC17-LeaderStateImpl
2022-01-11 23:54:08,213 [6b666312-5236-4d63-85d6-3705eb3fb30b@group-31887F02BC17-LeaderElection53] INFO  segmented.SegmentedRaftLogWorker (SegmentedRaftLogWorker.java:startLogSegment(394)) - 6b666312-5236-4d63-85d6-3705eb3fb30b@group-31887F02BC17-SegmentedRaftLogWorker: Starting segment from index:0
2022-01-11 23:54:08,222 [6b666312-5236-4d63-85d6-3705eb3fb30b@group-31887F02BC17-LeaderElection53] INFO  server.RaftServer$Division (ServerState.java:setRaftConf(387)) - 6b666312-5236-4d63-85d6-3705eb3fb30b@group-31887F02BC17: set configuration 0: [6b666312-5236-4d63-85d6-3705eb3fb30b|rpc:10.1.0.37:38271|dataStream:|priority:1], old=null
2022-01-11 23:54:08,229 [6b666312-5236-4d63-85d6-3705eb3fb30b@group-31887F02BC17-SegmentedRaftLogWorker] INFO  segmented.SegmentedRaftLogWorker (SegmentedRaftLogWorker.java:execute(601)) - 6b666312-5236-4d63-85d6-3705eb3fb30b@group-31887F02BC17-SegmentedRaftLogWorker: created new log segment /home/runner/work/ozone/ozone/hadoop-ozone/integration-test/target/test-dir/MiniOzoneClusterImpl-84b3519b-a2d3-47e7-8c84-34506f72c9f7/datanode-6/data/ratis/94c2b8f9-d063-4842-963f-31887f02bc17/current/log_inprogress_0
2022-01-11 23:54:09,752 [51615485-058d-42af-9c65-c0e811a06a5e@group-2A363A5CF540-FollowerState] INFO  impl.FollowerState (FollowerState.java:run(134)) - 51615485-058d-42af-9c65-c0e811a06a5e@group-2A363A5CF540-FollowerState: change to CANDIDATE, lastRpcElapsedTime:5051046726ns, electionTimeout:5042ms
2022-01-11 23:54:09,752 [51615485-058d-42af-9c65-c0e811a06a5e@group-2A363A5CF540-FollowerState] INFO  impl.RoleInfo (RoleInfo.java:shutdownFollowerState(108)) - 51615485-058d-42af-9c65-c0e811a06a5e: shutdown 51615485-058d-42af-9c65-c0e811a06a5e@group-2A363A5CF540-FollowerState
2022-01-11 23:54:09,752 [51615485-058d-42af-9c65-c0e811a06a5e@group-2A363A5CF540-FollowerState] INFO  server.RaftServer$Division (RaftServerImpl.java:setRole(290)) - 51615485-058d-42af-9c65-c0e811a06a5e@group-2A363A5CF540: changes role from  FOLLOWER to CANDIDATE at term 1 for changeToCandidate
2022-01-11 23:54:09,752 [51615485-058d-42af-9c65-c0e811a06a5e@group-2A363A5CF540-FollowerState] INFO  server.RaftServerConfigKeys (ConfUtils.java:logGet(44)) - raft.server.leaderelection.pre-vote = false (custom)
2022-01-11 23:54:09,752 [51615485-058d-42af-9c65-c0e811a06a5e@group-2A363A5CF540-FollowerState] INFO  impl.RoleInfo (RoleInfo.java:updateAndGet(130)) - 51615485-058d-42af-9c65-c0e811a06a5e: start 51615485-058d-42af-9c65-c0e811a06a5e@group-2A363A5CF540-LeaderElection54
2022-01-11 23:54:09,767 [51615485-058d-42af-9c65-c0e811a06a5e@group-2A363A5CF540-LeaderElection54] INFO  impl.LeaderElection (LeaderElection.java:askForVotes(306)) - 51615485-058d-42af-9c65-c0e811a06a5e@group-2A363A5CF540-LeaderElection54 ELECTION round 0: submit vote requests at term 2 for -1: [8eedcce2-fa83-40f2-8f3f-8ae88d3f9c27|rpc:10.1.0.37:39561|dataStream:|priority:0, c2004f48-6b55-488b-a4f3-a933c544d5d2|rpc:10.1.0.37:33985|dataStream:|priority:1, 51615485-058d-42af-9c65-c0e811a06a5e|rpc:10.1.0.37:46039|dataStream:|priority:0], old=null
2022-01-11 23:54:09,786 [grpc-default-executor-1] INFO  server.RaftServer$Division (RaftServerImpl.java:requestVote(1046)) - 8eedcce2-fa83-40f2-8f3f-8ae88d3f9c27@group-2A363A5CF540: receive requestVote(ELECTION, 51615485-058d-42af-9c65-c0e811a06a5e, group-2A363A5CF540, 2, (t:0, i:0))
2022-01-11 23:54:09,786 [grpc-default-executor-1] INFO  impl.VoteContext (VoteContext.java:log(48)) - 8eedcce2-fa83-40f2-8f3f-8ae88d3f9c27@group-2A363A5CF540-FOLLOWER: accept ELECTION from 51615485-058d-42af-9c65-c0e811a06a5e: our priority 0 <= candidate's priority 0
2022-01-11 23:54:09,786 [grpc-default-executor-1] INFO  server.RaftServer$Division (RaftServerImpl.java:setRole(290)) - 8eedcce2-fa83-40f2-8f3f-8ae88d3f9c27@group-2A363A5CF540: changes role from  FOLLOWER to FOLLOWER at term 2 for candidate:51615485-058d-42af-9c65-c0e811a06a5e
2022-01-11 23:54:09,786 [grpc-default-executor-1] INFO  impl.RoleInfo (RoleInfo.java:shutdownFollowerState(108)) - 8eedcce2-fa83-40f2-8f3f-8ae88d3f9c27: shutdown 8eedcce2-fa83-40f2-8f3f-8ae88d3f9c27@group-2A363A5CF540-FollowerState
2022-01-11 23:54:09,786 [grpc-default-executor-1] INFO  impl.RoleInfo (RoleInfo.java:updateAndGet(130)) - 8eedcce2-fa83-40f2-8f3f-8ae88d3f9c27: start 8eedcce2-fa83-40f2-8f3f-8ae88d3f9c27@group-2A363A5CF540-FollowerState
2022-01-11 23:54:09,786 [8eedcce2-fa83-40f2-8f3f-8ae88d3f9c27@group-2A363A5CF540-FollowerState] INFO  impl.FollowerState (FollowerState.java:run(143)) - 8eedcce2-fa83-40f2-8f3f-8ae88d3f9c27@group-2A363A5CF540-FollowerState was interrupted: {}
java.lang.InterruptedException: sleep interrupted
	at java.lang.Thread.sleep(Native Method)
	at java.lang.Thread.sleep(Thread.java:340)
	at java.util.concurrent.TimeUnit.sleep(TimeUnit.java:386)
	at org.apache.ratis.util.TimeDuration.sleep(TimeDuration.java:324)
	at org.apache.ratis.util.TimeDuration.sleep(TimeDuration.java:309)
	at org.apache.ratis.server.impl.FollowerState.run(FollowerState.java:118)
2022-01-11 23:54:09,788 [grpc-default-executor-1] INFO  server.RaftServer$Division (RaftServerImpl.java:requestVote(1078)) - 8eedcce2-fa83-40f2-8f3f-8ae88d3f9c27@group-2A363A5CF540 replies to ELECTION vote request: 51615485-058d-42af-9c65-c0e811a06a5e<-8eedcce2-fa83-40f2-8f3f-8ae88d3f9c27#0:OK-t2. Peer's state: 8eedcce2-fa83-40f2-8f3f-8ae88d3f9c27@group-2A363A5CF540:t2, leader=null, voted=51615485-058d-42af-9c65-c0e811a06a5e, raftlog=8eedcce2-fa83-40f2-8f3f-8ae88d3f9c27@group-2A363A5CF540-SegmentedRaftLog:OPENED:c-1, conf=-1: [8eedcce2-fa83-40f2-8f3f-8ae88d3f9c27|rpc:10.1.0.37:39561|priority:0, c2004f48-6b55-488b-a4f3-a933c544d5d2|rpc:10.1.0.37:33985|priority:1, 51615485-058d-42af-9c65-c0e811a06a5e|rpc:10.1.0.37:46039|priority:0], old=null
2022-01-11 23:54:09,819 [grpc-default-executor-1] INFO  server.RaftServer$Division (RaftServerImpl.java:requestVote(1046)) - c2004f48-6b55-488b-a4f3-a933c544d5d2@group-2A363A5CF540: receive requestVote(ELECTION, 51615485-058d-42af-9c65-c0e811a06a5e, group-2A363A5CF540, 2, (t:0, i:0))
2022-01-11 23:54:09,819 [grpc-default-executor-1] INFO  impl.VoteContext (VoteContext.java:log(48)) - c2004f48-6b55-488b-a4f3-a933c544d5d2@group-2A363A5CF540-FOLLOWER: reject ELECTION from 51615485-058d-42af-9c65-c0e811a06a5e: our priority 1 > candidate's priority 0
2022-01-11 23:54:09,819 [grpc-default-executor-1] INFO  server.RaftServer$Division (RaftServerImpl.java:setRole(290)) - c2004f48-6b55-488b-a4f3-a933c544d5d2@group-2A363A5CF540: changes role from  FOLLOWER to FOLLOWER at term 2 for candidate:51615485-058d-42af-9c65-c0e811a06a5e
2022-01-11 23:54:09,819 [grpc-default-executor-1] INFO  impl.RoleInfo (RoleInfo.java:shutdownFollowerState(108)) - c2004f48-6b55-488b-a4f3-a933c544d5d2: shutdown c2004f48-6b55-488b-a4f3-a933c544d5d2@group-2A363A5CF540-FollowerState
2022-01-11 23:54:09,819 [grpc-default-executor-1] INFO  impl.RoleInfo (RoleInfo.java:updateAndGet(130)) - c2004f48-6b55-488b-a4f3-a933c544d5d2: start c2004f48-6b55-488b-a4f3-a933c544d5d2@group-2A363A5CF540-FollowerState
2022-01-11 23:54:09,824 [grpc-default-executor-1] INFO  server.RaftServer$Division (RaftServerImpl.java:requestVote(1078)) - c2004f48-6b55-488b-a4f3-a933c544d5d2@group-2A363A5CF540 replies to ELECTION vote request: 51615485-058d-42af-9c65-c0e811a06a5e<-c2004f48-6b55-488b-a4f3-a933c544d5d2#0:FAIL-t2. Peer's state: c2004f48-6b55-488b-a4f3-a933c544d5d2@group-2A363A5CF540:t2, leader=null, voted=null, raftlog=c2004f48-6b55-488b-a4f3-a933c544d5d2@group-2A363A5CF540-SegmentedRaftLog:OPENED:c-1, conf=-1: [8eedcce2-fa83-40f2-8f3f-8ae88d3f9c27|rpc:10.1.0.37:39561|dataStream:|priority:0, c2004f48-6b55-488b-a4f3-a933c544d5d2|rpc:10.1.0.37:33985|dataStream:|priority:1, 51615485-058d-42af-9c65-c0e811a06a5e|rpc:10.1.0.37:46039|dataStream:|priority:0], old=null
2022-01-11 23:54:09,824 [c2004f48-6b55-488b-a4f3-a933c544d5d2@group-2A363A5CF540-FollowerState] INFO  impl.FollowerState (FollowerState.java:run(134)) - c2004f48-6b55-488b-a4f3-a933c544d5d2@group-2A363A5CF540-FollowerState: change to CANDIDATE, lastRpcElapsedTime:5163759056ns, electionTimeout:5134ms
2022-01-11 23:54:09,824 [c2004f48-6b55-488b-a4f3-a933c544d5d2@group-2A363A5CF540-FollowerState] INFO  impl.RoleInfo (RoleInfo.java:shutdownFollowerState(108)) - c2004f48-6b55-488b-a4f3-a933c544d5d2: shutdown c2004f48-6b55-488b-a4f3-a933c544d5d2@group-2A363A5CF540-FollowerState
2022-01-11 23:54:09,824 [c2004f48-6b55-488b-a4f3-a933c544d5d2@group-2A363A5CF540-FollowerState] INFO  server.RaftServer$Division (RaftServerImpl.java:setRole(290)) - c2004f48-6b55-488b-a4f3-a933c544d5d2@group-2A363A5CF540: changes role from  FOLLOWER to CANDIDATE at term 2 for changeToCandidate
2022-01-11 23:54:09,825 [c2004f48-6b55-488b-a4f3-a933c544d5d2@group-2A363A5CF540-FollowerState] INFO  server.RaftServerConfigKeys (ConfUtils.java:logGet(44)) - raft.server.leaderelection.pre-vote = false (custom)
2022-01-11 23:54:09,825 [c2004f48-6b55-488b-a4f3-a933c544d5d2@group-2A363A5CF540-FollowerState] INFO  impl.RoleInfo (RoleInfo.java:updateAndGet(130)) - c2004f48-6b55-488b-a4f3-a933c544d5d2: start c2004f48-6b55-488b-a4f3-a933c544d5d2@group-2A363A5CF540-LeaderElection55
2022-01-11 23:54:09,832 [51615485-058d-42af-9c65-c0e811a06a5e@group-2A363A5CF540-LeaderElection54] INFO  impl.LeaderElection (LeaderElection.java:logAndReturn(89)) - 51615485-058d-42af-9c65-c0e811a06a5e@group-2A363A5CF540-LeaderElection54: ELECTION REJECTED received 2 response(s) and 0 exception(s):
2022-01-11 23:54:09,832 [51615485-058d-42af-9c65-c0e811a06a5e@group-2A363A5CF540-LeaderElection54] INFO  impl.LeaderElection (LeaderElection.java:logAndReturn(93)) -   Response 0: 51615485-058d-42af-9c65-c0e811a06a5e<-8eedcce2-fa83-40f2-8f3f-8ae88d3f9c27#0:OK-t2
2022-01-11 23:54:09,832 [51615485-058d-42af-9c65-c0e811a06a5e@group-2A363A5CF540-LeaderElection54] INFO  impl.LeaderElection (LeaderElection.java:logAndReturn(93)) -   Response 1: 51615485-058d-42af-9c65-c0e811a06a5e<-c2004f48-6b55-488b-a4f3-a933c544d5d2#0:FAIL-t2
2022-01-11 23:54:09,832 [51615485-058d-42af-9c65-c0e811a06a5e@group-2A363A5CF540-LeaderElection54] INFO  impl.LeaderElection (LeaderElection.java:askForVotes(308)) - 51615485-058d-42af-9c65-c0e811a06a5e@group-2A363A5CF540-LeaderElection54 ELECTION round 0: result REJECTED
2022-01-11 23:54:09,832 [51615485-058d-42af-9c65-c0e811a06a5e@group-2A363A5CF540-LeaderElection54] INFO  server.RaftServer$Division (RaftServerImpl.java:setRole(290)) - 51615485-058d-42af-9c65-c0e811a06a5e@group-2A363A5CF540: changes role from CANDIDATE to FOLLOWER at term 2 for REJECTED
2022-01-11 23:54:09,832 [51615485-058d-42af-9c65-c0e811a06a5e@group-2A363A5CF540-LeaderElection54] INFO  impl.RoleInfo (RoleInfo.java:shutdownLeaderElection(121)) - 51615485-058d-42af-9c65-c0e811a06a5e: shutdown 51615485-058d-42af-9c65-c0e811a06a5e@group-2A363A5CF540-LeaderElection54
2022-01-11 23:54:09,832 [51615485-058d-42af-9c65-c0e811a06a5e@group-2A363A5CF540-LeaderElection54] INFO  impl.RoleInfo (RoleInfo.java:updateAndGet(130)) - 51615485-058d-42af-9c65-c0e811a06a5e: start 51615485-058d-42af-9c65-c0e811a06a5e@group-2A363A5CF540-FollowerState
2022-01-11 23:54:09,856 [c2004f48-6b55-488b-a4f3-a933c544d5d2@group-2A363A5CF540-LeaderElection55] INFO  impl.LeaderElection (LeaderElection.java:askForVotes(306)) - c2004f48-6b55-488b-a4f3-a933c544d5d2@group-2A363A5CF540-LeaderElection55 ELECTION round 0: submit vote requests at term 3 for -1: [8eedcce2-fa83-40f2-8f3f-8ae88d3f9c27|rpc:10.1.0.37:39561|dataStream:|priority:0, c2004f48-6b55-488b-a4f3-a933c544d5d2|rpc:10.1.0.37:33985|dataStream:|priority:1, 51615485-058d-42af-9c65-c0e811a06a5e|rpc:10.1.0.37:46039|dataStream:|priority:0], old=null
2022-01-11 23:54:09,858 [grpc-default-executor-1] INFO  server.RaftServer$Division (RaftServerImpl.java:requestVote(1046)) - 8eedcce2-fa83-40f2-8f3f-8ae88d3f9c27@group-2A363A5CF540: receive requestVote(ELECTION, c2004f48-6b55-488b-a4f3-a933c544d5d2, group-2A363A5CF540, 3, (t:0, i:0))
2022-01-11 23:54:09,858 [grpc-default-executor-1] INFO  impl.VoteContext (VoteContext.java:log(48)) - 8eedcce2-fa83-40f2-8f3f-8ae88d3f9c27@group-2A363A5CF540-FOLLOWER: accept ELECTION from c2004f48-6b55-488b-a4f3-a933c544d5d2: our priority 0 <= candidate's priority 1
2022-01-11 23:54:09,858 [grpc-default-executor-1] INFO  server.RaftServer$Division (RaftServerImpl.java:setRole(290)) - 8eedcce2-fa83-40f2-8f3f-8ae88d3f9c27@group-2A363A5CF540: changes role from  FOLLOWER to FOLLOWER at term 3 for candidate:c2004f48-6b55-488b-a4f3-a933c544d5d2
2022-01-11 23:54:09,858 [grpc-default-executor-1] INFO  impl.RoleInfo (RoleInfo.java:shutdownFollowerState(108)) - 8eedcce2-fa83-40f2-8f3f-8ae88d3f9c27: shutdown 8eedcce2-fa83-40f2-8f3f-8ae88d3f9c27@group-2A363A5CF540-FollowerState
2022-01-11 23:54:09,876 [grpc-default-executor-1] INFO  impl.RoleInfo (RoleInfo.java:updateAndGet(130)) - 8eedcce2-fa83-40f2-8f3f-8ae88d3f9c27: start 8eedcce2-fa83-40f2-8f3f-8ae88d3f9c27@group-2A363A5CF540-FollowerState
2022-01-11 23:54:09,877 [grpc-default-executor-2] INFO  server.RaftServer$Division (RaftServerImpl.java:requestVote(1046)) - 51615485-058d-42af-9c65-c0e811a06a5e@group-2A363A5CF540: receive requestVote(ELECTION, c2004f48-6b55-488b-a4f3-a933c544d5d2, group-2A363A5CF540, 3, (t:0, i:0))
2022-01-11 23:54:09,877 [grpc-default-executor-2] INFO  impl.VoteContext (VoteContext.java:log(48)) - 51615485-058d-42af-9c65-c0e811a06a5e@group-2A363A5CF540-FOLLOWER: accept ELECTION from c2004f48-6b55-488b-a4f3-a933c544d5d2: our priority 0 <= candidate's priority 1
2022-01-11 23:54:09,877 [grpc-default-executor-2] INFO  server.RaftServer$Division (RaftServerImpl.java:setRole(290)) - 51615485-058d-42af-9c65-c0e811a06a5e@group-2A363A5CF540: changes role from  FOLLOWER to FOLLOWER at term 3 for candidate:c2004f48-6b55-488b-a4f3-a933c544d5d2
2022-01-11 23:54:09,877 [grpc-default-executor-2] INFO  impl.RoleInfo (RoleInfo.java:shutdownFollowerState(108)) - 51615485-058d-42af-9c65-c0e811a06a5e: shutdown 51615485-058d-42af-9c65-c0e811a06a5e@group-2A363A5CF540-FollowerState
2022-01-11 23:54:09,878 [grpc-default-executor-2] INFO  impl.RoleInfo (RoleInfo.java:updateAndGet(130)) - 51615485-058d-42af-9c65-c0e811a06a5e: start 51615485-058d-42af-9c65-c0e811a06a5e@group-2A363A5CF540-FollowerState
2022-01-11 23:54:09,878 [51615485-058d-42af-9c65-c0e811a06a5e@group-2A363A5CF540-FollowerState] INFO  impl.FollowerState (FollowerState.java:run(143)) - 51615485-058d-42af-9c65-c0e811a06a5e@group-2A363A5CF540-FollowerState was interrupted: {}
java.lang.InterruptedException: sleep interrupted
	at java.lang.Thread.sleep(Native Method)
	at java.lang.Thread.sleep(Thread.java:340)
	at java.util.concurrent.TimeUnit.sleep(TimeUnit.java:386)
	at org.apache.ratis.util.TimeDuration.sleep(TimeDuration.java:324)
	at org.apache.ratis.util.TimeDuration.sleep(TimeDuration.java:309)
	at org.apache.ratis.server.impl.FollowerState.run(FollowerState.java:118)
2022-01-11 23:54:09,879 [grpc-default-executor-1] INFO  server.RaftServer$Division (RaftServerImpl.java:requestVote(1078)) - 8eedcce2-fa83-40f2-8f3f-8ae88d3f9c27@group-2A363A5CF540 replies to ELECTION vote request: c2004f48-6b55-488b-a4f3-a933c544d5d2<-8eedcce2-fa83-40f2-8f3f-8ae88d3f9c27#0:OK-t3. Peer's state: 8eedcce2-fa83-40f2-8f3f-8ae88d3f9c27@group-2A363A5CF540:t3, leader=null, voted=c2004f48-6b55-488b-a4f3-a933c544d5d2, raftlog=8eedcce2-fa83-40f2-8f3f-8ae88d3f9c27@group-2A363A5CF540-SegmentedRaftLog:OPENED:c-1, conf=-1: [8eedcce2-fa83-40f2-8f3f-8ae88d3f9c27|rpc:10.1.0.37:39561|priority:0, c2004f48-6b55-488b-a4f3-a933c544d5d2|rpc:10.1.0.37:33985|priority:1, 51615485-058d-42af-9c65-c0e811a06a5e|rpc:10.1.0.37:46039|priority:0], old=null
2022-01-11 23:54:09,880 [c2004f48-6b55-488b-a4f3-a933c544d5d2@group-2A363A5CF540-LeaderElection55] INFO  impl.LeaderElection (LeaderElection.java:logAndReturn(89)) - c2004f48-6b55-488b-a4f3-a933c544d5d2@group-2A363A5CF540-LeaderElection55: ELECTION PASSED received 1 response(s) and 0 exception(s):
2022-01-11 23:54:09,880 [c2004f48-6b55-488b-a4f3-a933c544d5d2@group-2A363A5CF540-LeaderElection55] INFO  impl.LeaderElection (LeaderElection.java:logAndReturn(93)) -   Response 0: c2004f48-6b55-488b-a4f3-a933c544d5d2<-8eedcce2-fa83-40f2-8f3f-8ae88d3f9c27#0:OK-t3
2022-01-11 23:54:09,880 [c2004f48-6b55-488b-a4f3-a933c544d5d2@group-2A363A5CF540-LeaderElection55] INFO  impl.LeaderElection (LeaderElection.java:askForVotes(308)) - c2004f48-6b55-488b-a4f3-a933c544d5d2@group-2A363A5CF540-LeaderElection55 ELECTION round 0: result PASSED
2022-01-11 23:54:09,880 [c2004f48-6b55-488b-a4f3-a933c544d5d2@group-2A363A5CF540-LeaderElection55] INFO  impl.RoleInfo (RoleInfo.java:shutdownLeaderElection(121)) - c2004f48-6b55-488b-a4f3-a933c544d5d2: shutdown c2004f48-6b55-488b-a4f3-a933c544d5d2@group-2A363A5CF540-LeaderElection55
2022-01-11 23:54:09,880 [c2004f48-6b55-488b-a4f3-a933c544d5d2@group-2A363A5CF540-LeaderElection55] INFO  server.RaftServer$Division (RaftServerImpl.java:setRole(290)) - c2004f48-6b55-488b-a4f3-a933c544d5d2@group-2A363A5CF540: changes role from CANDIDATE to LEADER at term 3 for changeToLeader
2022-01-11 23:54:09,880 [c2004f48-6b55-488b-a4f3-a933c544d5d2@group-2A363A5CF540-LeaderElection55] INFO  ratis.XceiverServerRatis (XceiverServerRatis.java:handleLeaderChangedNotification(866)) - Leader change notification received for group: group-2A363A5CF540 with new leaderId: c2004f48-6b55-488b-a4f3-a933c544d5d2
2022-01-11 23:54:09,880 [c2004f48-6b55-488b-a4f3-a933c544d5d2@group-2A363A5CF540-LeaderElection55] INFO  server.RaftServer$Division (ServerState.java:setLeader(285)) - c2004f48-6b55-488b-a4f3-a933c544d5d2@group-2A363A5CF540: change Leader from null to c2004f48-6b55-488b-a4f3-a933c544d5d2 at term 3 for becomeLeader, leader elected after 10098ms
2022-01-11 23:54:09,880 [c2004f48-6b55-488b-a4f3-a933c544d5d2@group-2A363A5CF540-LeaderElection55] INFO  server.RaftServerConfigKeys (ConfUtils.java:logGet(44)) - raft.server.staging.catchup.gap = 1000 (default)
2022-01-11 23:54:09,881 [c2004f48-6b55-488b-a4f3-a933c544d5d2@group-2A363A5CF540-LeaderElection55] INFO  server.RaftServerConfigKeys (ConfUtils.java:logGet(44)) - raft.server.write.element-limit = 1024 (custom)
2022-01-11 23:54:09,881 [c2004f48-6b55-488b-a4f3-a933c544d5d2@group-2A363A5CF540-LeaderElection55] INFO  server.RaftServerConfigKeys (ConfUtils.java:logGet(44)) - raft.server.write.byte-limit = 1024 M (=1073741824) (custom)
2022-01-11 23:54:09,881 [c2004f48-6b55-488b-a4f3-a933c544d5d2@group-2A363A5CF540-LeaderElection55] INFO  server.RaftServerConfigKeys (ConfUtils.java:logGet(44)) - raft.server.watch.timeout = 3000ms (custom)
2022-01-11 23:54:09,881 [c2004f48-6b55-488b-a4f3-a933c544d5d2@group-2A363A5CF540-LeaderElection55] INFO  server.RaftServerConfigKeys (ConfUtils.java:logGet(44)) - raft.server.watch.timeout.denomination = 1s (default)
2022-01-11 23:54:09,881 [c2004f48-6b55-488b-a4f3-a933c544d5d2@group-2A363A5CF540-LeaderElection55] INFO  server.RaftServerConfigKeys (ConfUtils.java:logGet(44)) - raft.server.watch.element-limit = 65536 (default)
2022-01-11 23:54:09,881 [c2004f48-6b55-488b-a4f3-a933c544d5d2@group-2A363A5CF540-LeaderElection55] INFO  server.RaftServerConfigKeys (ConfUtils.java:logGet(44)) - raft.server.write.element-limit = 1024 (custom)
2022-01-11 23:54:09,881 [c2004f48-6b55-488b-a4f3-a933c544d5d2@group-2A363A5CF540-LeaderElection55] INFO  server.RaftServerConfigKeys (ConfUtils.java:logGet(44)) - raft.server.write.follower.gap.ratio.max = -1.0 (default)
2022-01-11 23:54:09,881 [c2004f48-6b55-488b-a4f3-a933c544d5d2@group-2A363A5CF540-LeaderElection55] INFO  server.RaftServerConfigKeys (ConfUtils.java:logGet(44)) - raft.server.log.appender.snapshot.chunk.size.max = 16MB (=16777216) (default)
2022-01-11 23:54:09,881 [c2004f48-6b55-488b-a4f3-a933c544d5d2@group-2A363A5CF540-LeaderElection55] INFO  server.RaftServerConfigKeys (ConfUtils.java:logGet(44)) - raft.server.log.appender.buffer.byte-limit = 33554432 (custom)
2022-01-11 23:54:09,882 [c2004f48-6b55-488b-a4f3-a933c544d5d2@group-2A363A5CF540-LeaderElection55] INFO  server.RaftServerConfigKeys (ConfUtils.java:logGet(44)) - raft.server.log.appender.buffer.element-limit = 1 (custom)
2022-01-11 23:54:09,882 [c2004f48-6b55-488b-a4f3-a933c544d5d2@group-2A363A5CF540-LeaderElection55] INFO  grpc.GrpcConfigKeys (ConfUtils.java:logGet(44)) - raft.grpc.server.leader.outstanding.appends.max = 128 (default)
2022-01-11 23:54:09,882 [c2004f48-6b55-488b-a4f3-a933c544d5d2@group-2A363A5CF540-LeaderElection55] INFO  server.RaftServerConfigKeys (ConfUtils.java:logGet(44)) - raft.server.rpc.request.timeout = 3000ms (default)
2022-01-11 23:54:09,882 [c2004f48-6b55-488b-a4f3-a933c544d5d2@group-2A363A5CF540-LeaderElection55] INFO  server.RaftServerConfigKeys (ConfUtils.java:logGet(44)) - raft.server.log.appender.install.snapshot.enabled = false (custom)
2022-01-11 23:54:09,883 [c2004f48-6b55-488b-a4f3-a933c544d5d2@group-2A363A5CF540-LeaderElection55] INFO  server.RaftServerConfigKeys (ConfUtils.java:logGet(44)) - raft.server.log.appender.snapshot.chunk.size.max = 16MB (=16777216) (default)
2022-01-11 23:54:09,883 [c2004f48-6b55-488b-a4f3-a933c544d5d2@group-2A363A5CF540-LeaderElection55] INFO  server.RaftServerConfigKeys (ConfUtils.java:logGet(44)) - raft.server.log.appender.buffer.byte-limit = 33554432 (custom)
2022-01-11 23:54:09,883 [c2004f48-6b55-488b-a4f3-a933c544d5d2@group-2A363A5CF540-LeaderElection55] INFO  server.RaftServerConfigKeys (ConfUtils.java:logGet(44)) - raft.server.log.appender.buffer.element-limit = 1 (custom)
2022-01-11 23:54:09,883 [c2004f48-6b55-488b-a4f3-a933c544d5d2@group-2A363A5CF540-LeaderElection55] INFO  grpc.GrpcConfigKeys (ConfUtils.java:logGet(44)) - raft.grpc.server.leader.outstanding.appends.max = 128 (default)
2022-01-11 23:54:09,883 [c2004f48-6b55-488b-a4f3-a933c544d5d2@group-2A363A5CF540-LeaderElection55] INFO  server.RaftServerConfigKeys (ConfUtils.java:logGet(44)) - raft.server.rpc.request.timeout = 3000ms (default)
2022-01-11 23:54:09,883 [c2004f48-6b55-488b-a4f3-a933c544d5d2@group-2A363A5CF540-LeaderElection55] INFO  server.RaftServerConfigKeys (ConfUtils.java:logGet(44)) - raft.server.log.appender.install.snapshot.enabled = false (custom)
2022-01-11 23:54:09,884 [grpc-default-executor-2] INFO  server.RaftServer$Division (RaftServerImpl.java:requestVote(1078)) - 51615485-058d-42af-9c65-c0e811a06a5e@group-2A363A5CF540 replies to ELECTION vote request: c2004f48-6b55-488b-a4f3-a933c544d5d2<-51615485-058d-42af-9c65-c0e811a06a5e#0:OK-t3. Peer's state: 51615485-058d-42af-9c65-c0e811a06a5e@group-2A363A5CF540:t3, leader=null, voted=c2004f48-6b55-488b-a4f3-a933c544d5d2, raftlog=51615485-058d-42af-9c65-c0e811a06a5e@group-2A363A5CF540-SegmentedRaftLog:OPENED:c-1, conf=-1: [8eedcce2-fa83-40f2-8f3f-8ae88d3f9c27|rpc:10.1.0.37:39561|dataStream:|priority:0, c2004f48-6b55-488b-a4f3-a933c544d5d2|rpc:10.1.0.37:33985|dataStream:|priority:1, 51615485-058d-42af-9c65-c0e811a06a5e|rpc:10.1.0.37:46039|dataStream:|priority:0], old=null
2022-01-11 23:54:09,885 [c2004f48-6b55-488b-a4f3-a933c544d5d2@group-2A363A5CF540-LeaderElection55] INFO  impl.RoleInfo (RoleInfo.java:updateAndGet(130)) - c2004f48-6b55-488b-a4f3-a933c544d5d2: start c2004f48-6b55-488b-a4f3-a933c544d5d2@group-2A363A5CF540-LeaderStateImpl
2022-01-11 23:54:09,886 [c2004f48-6b55-488b-a4f3-a933c544d5d2@group-2A363A5CF540-LeaderElection55] INFO  segmented.SegmentedRaftLogWorker (SegmentedRaftLogWorker.java:startLogSegment(394)) - c2004f48-6b55-488b-a4f3-a933c544d5d2@group-2A363A5CF540-SegmentedRaftLogWorker: Starting segment from index:0
2022-01-11 23:54:09,887 [c2004f48-6b55-488b-a4f3-a933c544d5d2@group-2A363A5CF540-SegmentedRaftLogWorker] INFO  segmented.SegmentedRaftLogWorker (SegmentedRaftLogWorker.java:execute(601)) - c2004f48-6b55-488b-a4f3-a933c544d5d2@group-2A363A5CF540-SegmentedRaftLogWorker: created new log segment /home/runner/work/ozone/ozone/hadoop-ozone/integration-test/target/test-dir/MiniOzoneClusterImpl-84b3519b-a2d3-47e7-8c84-34506f72c9f7/datanode-2/data/ratis/9f8526f1-ada7-46fb-8b6a-2a363a5cf540/current/log_inprogress_0
2022-01-11 23:54:09,895 [8eedcce2-fa83-40f2-8f3f-8ae88d3f9c27@group-2A363A5CF540-FollowerState] INFO  impl.FollowerState (FollowerState.java:run(143)) - 8eedcce2-fa83-40f2-8f3f-8ae88d3f9c27@group-2A363A5CF540-FollowerState was interrupted: {}
java.lang.InterruptedException: sleep interrupted
	at java.lang.Thread.sleep(Native Method)
	at java.lang.Thread.sleep(Thread.java:340)
	at java.util.concurrent.TimeUnit.sleep(TimeUnit.java:386)
	at org.apache.ratis.util.TimeDuration.sleep(TimeDuration.java:324)
	at org.apache.ratis.util.TimeDuration.sleep(TimeDuration.java:309)
	at org.apache.ratis.server.impl.FollowerState.run(FollowerState.java:118)
2022-01-11 23:54:09,895 [EventQueue-PipelineReportForPipelineReportHandler] INFO  pipeline.PipelineManagerImpl (PipelineManagerImpl.java:openPipeline(291)) - Pipeline Pipeline[ Id: 9f8526f1-ada7-46fb-8b6a-2a363a5cf540, Nodes: 51615485-058d-42af-9c65-c0e811a06a5e{ip: 10.1.0.37, host: fv-az59-280.csjynl4pkq3e1pkirw3ssqjfoh.cx.internal.cloudapp.net, ports: [REPLICATION=39021, RATIS=46039, RATIS_ADMIN=46039, RATIS_SERVER=46039, STANDALONE=40703], networkLocation: /default-rack, certSerialId: null, persistedOpState: IN_SERVICE, persistedOpStateExpiryEpochSec: 0}8eedcce2-fa83-40f2-8f3f-8ae88d3f9c27{ip: 10.1.0.37, host: fv-az59-280.csjynl4pkq3e1pkirw3ssqjfoh.cx.internal.cloudapp.net, ports: [REPLICATION=34455, RATIS=39561, RATIS_ADMIN=39561, RATIS_SERVER=39561, STANDALONE=43687], networkLocation: /default-rack, certSerialId: null, persistedOpState: IN_SERVICE, persistedOpStateExpiryEpochSec: 0}c2004f48-6b55-488b-a4f3-a933c544d5d2{ip: 10.1.0.37, host: fv-az59-280.csjynl4pkq3e1pkirw3ssqjfoh.cx.internal.cloudapp.net, ports: [REPLICATION=46737, RATIS=33985, RATIS_ADMIN=33985, RATIS_SERVER=33985, STANDALONE=41439], networkLocation: /default-rack, certSerialId: null, persistedOpState: IN_SERVICE, persistedOpStateExpiryEpochSec: 0}, ReplicationConfig: RATIS/THREE, State:ALLOCATED, leaderId:c2004f48-6b55-488b-a4f3-a933c544d5d2, CreationTimestamp2022-01-11T23:53:57.684Z[Etc/UTC]] moved to OPEN state
2022-01-11 23:54:09,903 [grpc-default-executor-1] INFO  ratis.XceiverServerRatis (XceiverServerRatis.java:handleLeaderChangedNotification(866)) - Leader change notification received for group: group-2A363A5CF540 with new leaderId: c2004f48-6b55-488b-a4f3-a933c544d5d2
2022-01-11 23:54:09,903 [grpc-default-executor-1] INFO  server.RaftServer$Division (ServerState.java:setLeader(285)) - 51615485-058d-42af-9c65-c0e811a06a5e@group-2A363A5CF540: change Leader from null to c2004f48-6b55-488b-a4f3-a933c544d5d2 at term 3 for appendEntries, leader elected after 10233ms
2022-01-11 23:54:09,908 [grpc-default-executor-0] INFO  ratis.XceiverServerRatis (XceiverServerRatis.java:handleLeaderChangedNotification(866)) - Leader change notification received for group: group-2A363A5CF540 with new leaderId: c2004f48-6b55-488b-a4f3-a933c544d5d2
2022-01-11 23:54:09,908 [grpc-default-executor-0] INFO  server.RaftServer$Division (ServerState.java:setLeader(285)) - 8eedcce2-fa83-40f2-8f3f-8ae88d3f9c27@group-2A363A5CF540: change Leader from null to c2004f48-6b55-488b-a4f3-a933c544d5d2 at term 3 for appendEntries, leader elected after 10345ms
2022-01-11 23:54:09,963 [c2004f48-6b55-488b-a4f3-a933c544d5d2@group-2A363A5CF540-LeaderElection55] INFO  server.RaftServer$Division (ServerState.java:setRaftConf(387)) - c2004f48-6b55-488b-a4f3-a933c544d5d2@group-2A363A5CF540: set configuration 0: [8eedcce2-fa83-40f2-8f3f-8ae88d3f9c27|rpc:10.1.0.37:39561|dataStream:|priority:0, c2004f48-6b55-488b-a4f3-a933c544d5d2|rpc:10.1.0.37:33985|dataStream:|priority:1, 51615485-058d-42af-9c65-c0e811a06a5e|rpc:10.1.0.37:46039|dataStream:|priority:0], old=null
2022-01-11 23:54:09,964 [grpc-default-executor-1] INFO  server.RaftServer$Division (ServerState.java:setRaftConf(387)) - 51615485-058d-42af-9c65-c0e811a06a5e@group-2A363A5CF540: set configuration 0: [8eedcce2-fa83-40f2-8f3f-8ae88d3f9c27|rpc:10.1.0.37:39561|dataStream:|priority:0, c2004f48-6b55-488b-a4f3-a933c544d5d2|rpc:10.1.0.37:33985|dataStream:|priority:1, 51615485-058d-42af-9c65-c0e811a06a5e|rpc:10.1.0.37:46039|dataStream:|priority:0], old=null
2022-01-11 23:54:09,965 [grpc-default-executor-1] INFO  segmented.SegmentedRaftLogWorker (SegmentedRaftLogWorker.java:startLogSegment(394)) - 51615485-058d-42af-9c65-c0e811a06a5e@group-2A363A5CF540-SegmentedRaftLogWorker: Starting segment from index:0
2022-01-11 23:54:09,970 [51615485-058d-42af-9c65-c0e811a06a5e@group-2A363A5CF540-SegmentedRaftLogWorker] INFO  segmented.SegmentedRaftLogWorker (SegmentedRaftLogWorker.java:execute(601)) - 51615485-058d-42af-9c65-c0e811a06a5e@group-2A363A5CF540-SegmentedRaftLogWorker: created new log segment /home/runner/work/ozone/ozone/hadoop-ozone/integration-test/target/test-dir/MiniOzoneClusterImpl-84b3519b-a2d3-47e7-8c84-34506f72c9f7/datanode-1/data/ratis/9f8526f1-ada7-46fb-8b6a-2a363a5cf540/current/log_inprogress_0
2022-01-11 23:54:09,986 [grpc-default-executor-1] INFO  server.RaftServer$Division (ServerState.java:setRaftConf(387)) - 8eedcce2-fa83-40f2-8f3f-8ae88d3f9c27@group-2A363A5CF540: set configuration 0: [8eedcce2-fa83-40f2-8f3f-8ae88d3f9c27|rpc:10.1.0.37:39561|dataStream:|priority:0, c2004f48-6b55-488b-a4f3-a933c544d5d2|rpc:10.1.0.37:33985|dataStream:|priority:1, 51615485-058d-42af-9c65-c0e811a06a5e|rpc:10.1.0.37:46039|dataStream:|priority:0], old=null
2022-01-11 23:54:09,986 [grpc-default-executor-1] INFO  segmented.SegmentedRaftLogWorker (SegmentedRaftLogWorker.java:startLogSegment(394)) - 8eedcce2-fa83-40f2-8f3f-8ae88d3f9c27@group-2A363A5CF540-SegmentedRaftLogWorker: Starting segment from index:0
2022-01-11 23:54:09,988 [8eedcce2-fa83-40f2-8f3f-8ae88d3f9c27@group-2A363A5CF540-SegmentedRaftLogWorker] INFO  segmented.SegmentedRaftLogWorker (SegmentedRaftLogWorker.java:execute(601)) - 8eedcce2-fa83-40f2-8f3f-8ae88d3f9c27@group-2A363A5CF540-SegmentedRaftLogWorker: created new log segment /home/runner/work/ozone/ozone/hadoop-ozone/integration-test/target/test-dir/MiniOzoneClusterImpl-84b3519b-a2d3-47e7-8c84-34506f72c9f7/datanode-0/data/ratis/9f8526f1-ada7-46fb-8b6a-2a363a5cf540/current/log_inprogress_0
2022-01-11 23:54:10,399 [8eedcce2-fa83-40f2-8f3f-8ae88d3f9c27@group-D0E897EC1444-FollowerState] INFO  impl.FollowerState (FollowerState.java:run(134)) - 8eedcce2-fa83-40f2-8f3f-8ae88d3f9c27@group-D0E897EC1444-FollowerState: change to CANDIDATE, lastRpcElapsedTime:5025122663ns, electionTimeout:5021ms
2022-01-11 23:54:10,399 [8eedcce2-fa83-40f2-8f3f-8ae88d3f9c27@group-D0E897EC1444-FollowerState] INFO  impl.RoleInfo (RoleInfo.java:shutdownFollowerState(108)) - 8eedcce2-fa83-40f2-8f3f-8ae88d3f9c27: shutdown 8eedcce2-fa83-40f2-8f3f-8ae88d3f9c27@group-D0E897EC1444-FollowerState
2022-01-11 23:54:10,399 [8eedcce2-fa83-40f2-8f3f-8ae88d3f9c27@group-D0E897EC1444-FollowerState] INFO  server.RaftServer$Division (RaftServerImpl.java:setRole(290)) - 8eedcce2-fa83-40f2-8f3f-8ae88d3f9c27@group-D0E897EC1444: changes role from  FOLLOWER to CANDIDATE at term 1 for changeToCandidate
2022-01-11 23:54:10,399 [8eedcce2-fa83-40f2-8f3f-8ae88d3f9c27@group-D0E897EC1444-FollowerState] INFO  server.RaftServerConfigKeys (ConfUtils.java:logGet(44)) - raft.server.leaderelection.pre-vote = false (custom)
2022-01-11 23:54:10,399 [8eedcce2-fa83-40f2-8f3f-8ae88d3f9c27@group-D0E897EC1444-FollowerState] INFO  impl.RoleInfo (RoleInfo.java:updateAndGet(130)) - 8eedcce2-fa83-40f2-8f3f-8ae88d3f9c27: start 8eedcce2-fa83-40f2-8f3f-8ae88d3f9c27@group-D0E897EC1444-LeaderElection56
2022-01-11 23:54:10,422 [8eedcce2-fa83-40f2-8f3f-8ae88d3f9c27@group-D0E897EC1444-LeaderElection56] INFO  impl.LeaderElection (LeaderElection.java:askForVotes(306)) - 8eedcce2-fa83-40f2-8f3f-8ae88d3f9c27@group-D0E897EC1444-LeaderElection56 ELECTION round 0: submit vote requests at term 2 for -1: [8eedcce2-fa83-40f2-8f3f-8ae88d3f9c27|rpc:10.1.0.37:39561|priority:0, c2004f48-6b55-488b-a4f3-a933c544d5d2|rpc:10.1.0.37:33985|priority:0, 51615485-058d-42af-9c65-c0e811a06a5e|rpc:10.1.0.37:46039|priority:1], old=null
2022-01-11 23:54:10,424 [grpc-default-executor-2] INFO  server.RaftServer$Division (RaftServerImpl.java:requestVote(1046)) - c2004f48-6b55-488b-a4f3-a933c544d5d2@group-D0E897EC1444: receive requestVote(ELECTION, 8eedcce2-fa83-40f2-8f3f-8ae88d3f9c27, group-D0E897EC1444, 2, (t:0, i:0))
2022-01-11 23:54:10,424 [grpc-default-executor-2] INFO  impl.VoteContext (VoteContext.java:log(48)) - c2004f48-6b55-488b-a4f3-a933c544d5d2@group-D0E897EC1444-FOLLOWER: accept ELECTION from 8eedcce2-fa83-40f2-8f3f-8ae88d3f9c27: our priority 0 <= candidate's priority 0
2022-01-11 23:54:10,424 [grpc-default-executor-2] INFO  server.RaftServer$Division (RaftServerImpl.java:setRole(290)) - c2004f48-6b55-488b-a4f3-a933c544d5d2@group-D0E897EC1444: changes role from  FOLLOWER to FOLLOWER at term 2 for candidate:8eedcce2-fa83-40f2-8f3f-8ae88d3f9c27
2022-01-11 23:54:10,424 [grpc-default-executor-2] INFO  impl.RoleInfo (RoleInfo.java:shutdownFollowerState(108)) - c2004f48-6b55-488b-a4f3-a933c544d5d2: shutdown c2004f48-6b55-488b-a4f3-a933c544d5d2@group-D0E897EC1444-FollowerState
2022-01-11 23:54:10,425 [grpc-default-executor-2] INFO  impl.RoleInfo (RoleInfo.java:updateAndGet(130)) - c2004f48-6b55-488b-a4f3-a933c544d5d2: start c2004f48-6b55-488b-a4f3-a933c544d5d2@group-D0E897EC1444-FollowerState
2022-01-11 23:54:10,425 [c2004f48-6b55-488b-a4f3-a933c544d5d2@group-D0E897EC1444-FollowerState] INFO  impl.FollowerState (FollowerState.java:run(143)) - c2004f48-6b55-488b-a4f3-a933c544d5d2@group-D0E897EC1444-FollowerState was interrupted: {}
java.lang.InterruptedException: sleep interrupted
	at java.lang.Thread.sleep(Native Method)
	at java.lang.Thread.sleep(Thread.java:340)
	at java.util.concurrent.TimeUnit.sleep(TimeUnit.java:386)
	at org.apache.ratis.util.TimeDuration.sleep(TimeDuration.java:324)
	at org.apache.ratis.util.TimeDuration.sleep(TimeDuration.java:309)
	at org.apache.ratis.server.impl.FollowerState.run(FollowerState.java:118)
2022-01-11 23:54:10,428 [grpc-default-executor-1] INFO  server.RaftServer$Division (RaftServerImpl.java:requestVote(1046)) - 51615485-058d-42af-9c65-c0e811a06a5e@group-D0E897EC1444: receive requestVote(ELECTION, 8eedcce2-fa83-40f2-8f3f-8ae88d3f9c27, group-D0E897EC1444, 2, (t:0, i:0))
2022-01-11 23:54:10,428 [grpc-default-executor-1] INFO  impl.VoteContext (VoteContext.java:log(48)) - 51615485-058d-42af-9c65-c0e811a06a5e@group-D0E897EC1444-FOLLOWER: reject ELECTION from 8eedcce2-fa83-40f2-8f3f-8ae88d3f9c27: our priority 1 > candidate's priority 0
2022-01-11 23:54:10,428 [grpc-default-executor-1] INFO  server.RaftServer$Division (RaftServerImpl.java:setRole(290)) - 51615485-058d-42af-9c65-c0e811a06a5e@group-D0E897EC1444: changes role from  FOLLOWER to FOLLOWER at term 2 for candidate:8eedcce2-fa83-40f2-8f3f-8ae88d3f9c27
2022-01-11 23:54:10,428 [grpc-default-executor-1] INFO  impl.RoleInfo (RoleInfo.java:shutdownFollowerState(108)) - 51615485-058d-42af-9c65-c0e811a06a5e: shutdown 51615485-058d-42af-9c65-c0e811a06a5e@group-D0E897EC1444-FollowerState
2022-01-11 23:54:10,429 [grpc-default-executor-1] INFO  impl.RoleInfo (RoleInfo.java:updateAndGet(130)) - 51615485-058d-42af-9c65-c0e811a06a5e: start 51615485-058d-42af-9c65-c0e811a06a5e@group-D0E897EC1444-FollowerState
2022-01-11 23:54:10,429 [51615485-058d-42af-9c65-c0e811a06a5e@group-D0E897EC1444-FollowerState] INFO  impl.FollowerState (FollowerState.java:run(143)) - 51615485-058d-42af-9c65-c0e811a06a5e@group-D0E897EC1444-FollowerState was interrupted: {}
java.lang.InterruptedException: sleep interrupted
	at java.lang.Thread.sleep(Native Method)
	at java.lang.Thread.sleep(Thread.java:340)
	at java.util.concurrent.TimeUnit.sleep(TimeUnit.java:386)
	at org.apache.ratis.util.TimeDuration.sleep(TimeDuration.java:324)
	at org.apache.ratis.util.TimeDuration.sleep(TimeDuration.java:309)
	at org.apache.ratis.server.impl.FollowerState.run(FollowerState.java:118)
2022-01-11 23:54:10,434 [grpc-default-executor-2] INFO  server.RaftServer$Division (RaftServerImpl.java:requestVote(1078)) - c2004f48-6b55-488b-a4f3-a933c544d5d2@group-D0E897EC1444 replies to ELECTION vote request: 8eedcce2-fa83-40f2-8f3f-8ae88d3f9c27<-c2004f48-6b55-488b-a4f3-a933c544d5d2#0:OK-t2. Peer's state: c2004f48-6b55-488b-a4f3-a933c544d5d2@group-D0E897EC1444:t2, leader=null, voted=8eedcce2-fa83-40f2-8f3f-8ae88d3f9c27, raftlog=c2004f48-6b55-488b-a4f3-a933c544d5d2@group-D0E897EC1444-SegmentedRaftLog:OPENED:c-1, conf=-1: [8eedcce2-fa83-40f2-8f3f-8ae88d3f9c27|rpc:10.1.0.37:39561|dataStream:|priority:0, c2004f48-6b55-488b-a4f3-a933c544d5d2|rpc:10.1.0.37:33985|dataStream:|priority:0, 51615485-058d-42af-9c65-c0e811a06a5e|rpc:10.1.0.37:46039|dataStream:|priority:1], old=null
2022-01-11 23:54:10,438 [grpc-default-executor-1] INFO  server.RaftServer$Division (RaftServerImpl.java:requestVote(1078)) - 51615485-058d-42af-9c65-c0e811a06a5e@group-D0E897EC1444 replies to ELECTION vote request: 8eedcce2-fa83-40f2-8f3f-8ae88d3f9c27<-51615485-058d-42af-9c65-c0e811a06a5e#0:FAIL-t2. Peer's state: 51615485-058d-42af-9c65-c0e811a06a5e@group-D0E897EC1444:t2, leader=null, voted=null, raftlog=51615485-058d-42af-9c65-c0e811a06a5e@group-D0E897EC1444-SegmentedRaftLog:OPENED:c-1, conf=-1: [8eedcce2-fa83-40f2-8f3f-8ae88d3f9c27|rpc:10.1.0.37:39561|dataStream:|priority:0, c2004f48-6b55-488b-a4f3-a933c544d5d2|rpc:10.1.0.37:33985|dataStream:|priority:0, 51615485-058d-42af-9c65-c0e811a06a5e|rpc:10.1.0.37:46039|dataStream:|priority:1], old=null
2022-01-11 23:54:10,441 [8eedcce2-fa83-40f2-8f3f-8ae88d3f9c27@group-D0E897EC1444-LeaderElection56] INFO  impl.LeaderElection (LeaderElection.java:logAndReturn(89)) - 8eedcce2-fa83-40f2-8f3f-8ae88d3f9c27@group-D0E897EC1444-LeaderElection56: ELECTION REJECTED received 2 response(s) and 0 exception(s):
2022-01-11 23:54:10,441 [8eedcce2-fa83-40f2-8f3f-8ae88d3f9c27@group-D0E897EC1444-LeaderElection56] INFO  impl.LeaderElection (LeaderElection.java:logAndReturn(93)) -   Response 0: 8eedcce2-fa83-40f2-8f3f-8ae88d3f9c27<-c2004f48-6b55-488b-a4f3-a933c544d5d2#0:OK-t2
2022-01-11 23:54:10,441 [8eedcce2-fa83-40f2-8f3f-8ae88d3f9c27@group-D0E897EC1444-LeaderElection56] INFO  impl.LeaderElection (LeaderElection.java:logAndReturn(93)) -   Response 1: 8eedcce2-fa83-40f2-8f3f-8ae88d3f9c27<-51615485-058d-42af-9c65-c0e811a06a5e#0:FAIL-t2
2022-01-11 23:54:10,441 [8eedcce2-fa83-40f2-8f3f-8ae88d3f9c27@group-D0E897EC1444-LeaderElection56] INFO  impl.LeaderElection (LeaderElection.java:askForVotes(308)) - 8eedcce2-fa83-40f2-8f3f-8ae88d3f9c27@group-D0E897EC1444-LeaderElection56 ELECTION round 0: result REJECTED
2022-01-11 23:54:10,441 [8eedcce2-fa83-40f2-8f3f-8ae88d3f9c27@group-D0E897EC1444-LeaderElection56] INFO  server.RaftServer$Division (RaftServerImpl.java:setRole(290)) - 8eedcce2-fa83-40f2-8f3f-8ae88d3f9c27@group-D0E897EC1444: changes role from CANDIDATE to FOLLOWER at term 2 for REJECTED
2022-01-11 23:54:10,441 [8eedcce2-fa83-40f2-8f3f-8ae88d3f9c27@group-D0E897EC1444-LeaderElection56] INFO  impl.RoleInfo (RoleInfo.java:shutdownLeaderElection(121)) - 8eedcce2-fa83-40f2-8f3f-8ae88d3f9c27: shutdown 8eedcce2-fa83-40f2-8f3f-8ae88d3f9c27@group-D0E897EC1444-LeaderElection56
2022-01-11 23:54:10,441 [8eedcce2-fa83-40f2-8f3f-8ae88d3f9c27@group-D0E897EC1444-LeaderElection56] INFO  impl.RoleInfo (RoleInfo.java:updateAndGet(130)) - 8eedcce2-fa83-40f2-8f3f-8ae88d3f9c27: start 8eedcce2-fa83-40f2-8f3f-8ae88d3f9c27@group-D0E897EC1444-FollowerState
2022-01-11 23:54:11,768 [2a1c9333-8641-498a-88f2-87bcecbe0d18@group-29C336287606-FollowerState] INFO  impl.FollowerState (FollowerState.java:run(134)) - 2a1c9333-8641-498a-88f2-87bcecbe0d18@group-29C336287606-FollowerState: change to CANDIDATE, lastRpcElapsedTime:5097799185ns, electionTimeout:5094ms
2022-01-11 23:54:11,768 [2a1c9333-8641-498a-88f2-87bcecbe0d18@group-29C336287606-FollowerState] INFO  impl.RoleInfo (RoleInfo.java:shutdownFollowerState(108)) - 2a1c9333-8641-498a-88f2-87bcecbe0d18: shutdown 2a1c9333-8641-498a-88f2-87bcecbe0d18@group-29C336287606-FollowerState
2022-01-11 23:54:11,768 [2a1c9333-8641-498a-88f2-87bcecbe0d18@group-29C336287606-FollowerState] INFO  server.RaftServer$Division (RaftServerImpl.java:setRole(290)) - 2a1c9333-8641-498a-88f2-87bcecbe0d18@group-29C336287606: changes role from  FOLLOWER to CANDIDATE at term 1 for changeToCandidate
2022-01-11 23:54:11,768 [2a1c9333-8641-498a-88f2-87bcecbe0d18@group-29C336287606-FollowerState] INFO  server.RaftServerConfigKeys (ConfUtils.java:logGet(44)) - raft.server.leaderelection.pre-vote = false (custom)
2022-01-11 23:54:11,768 [2a1c9333-8641-498a-88f2-87bcecbe0d18@group-29C336287606-FollowerState] INFO  impl.RoleInfo (RoleInfo.java:updateAndGet(130)) - 2a1c9333-8641-498a-88f2-87bcecbe0d18: start 2a1c9333-8641-498a-88f2-87bcecbe0d18@group-29C336287606-LeaderElection57
2022-01-11 23:54:11,771 [2a1c9333-8641-498a-88f2-87bcecbe0d18@group-29C336287606-LeaderElection57] INFO  impl.LeaderElection (LeaderElection.java:askForVotes(306)) - 2a1c9333-8641-498a-88f2-87bcecbe0d18@group-29C336287606-LeaderElection57 ELECTION round 0: submit vote requests at term 2 for -1: [2a1c9333-8641-498a-88f2-87bcecbe0d18|rpc:10.1.0.37:38177|dataStream:|priority:0, 757e1abf-caf6-4356-ad73-d786994982ad|rpc:10.1.0.37:41749|dataStream:|priority:1, 77c66afc-fa73-4d89-b59d-9adc22a556cf|rpc:10.1.0.37:40587|dataStream:|priority:0], old=null
2022-01-11 23:54:11,777 [grpc-default-executor-1] INFO  server.RaftServer$Division (RaftServerImpl.java:requestVote(1046)) - 757e1abf-caf6-4356-ad73-d786994982ad@group-29C336287606: receive requestVote(ELECTION, 2a1c9333-8641-498a-88f2-87bcecbe0d18, group-29C336287606, 2, (t:0, i:0))
2022-01-11 23:54:11,777 [grpc-default-executor-1] INFO  impl.VoteContext (VoteContext.java:log(48)) - 757e1abf-caf6-4356-ad73-d786994982ad@group-29C336287606-FOLLOWER: reject ELECTION from 2a1c9333-8641-498a-88f2-87bcecbe0d18: our priority 1 > candidate's priority 0
2022-01-11 23:54:11,777 [grpc-default-executor-1] INFO  server.RaftServer$Division (RaftServerImpl.java:setRole(290)) - 757e1abf-caf6-4356-ad73-d786994982ad@group-29C336287606: changes role from  FOLLOWER to FOLLOWER at term 2 for candidate:2a1c9333-8641-498a-88f2-87bcecbe0d18
2022-01-11 23:54:11,777 [grpc-default-executor-1] INFO  impl.RoleInfo (RoleInfo.java:shutdownFollowerState(108)) - 757e1abf-caf6-4356-ad73-d786994982ad: shutdown 757e1abf-caf6-4356-ad73-d786994982ad@group-29C336287606-FollowerState
2022-01-11 23:54:11,778 [grpc-default-executor-1] INFO  impl.RoleInfo (RoleInfo.java:updateAndGet(130)) - 757e1abf-caf6-4356-ad73-d786994982ad: start 757e1abf-caf6-4356-ad73-d786994982ad@group-29C336287606-FollowerState
2022-01-11 23:54:11,778 [757e1abf-caf6-4356-ad73-d786994982ad@group-29C336287606-FollowerState] INFO  impl.FollowerState (FollowerState.java:run(143)) - 757e1abf-caf6-4356-ad73-d786994982ad@group-29C336287606-FollowerState was interrupted: {}
java.lang.InterruptedException: sleep interrupted
	at java.lang.Thread.sleep(Native Method)
	at java.lang.Thread.sleep(Thread.java:340)
	at java.util.concurrent.TimeUnit.sleep(TimeUnit.java:386)
	at org.apache.ratis.util.TimeDuration.sleep(TimeDuration.java:324)
	at org.apache.ratis.util.TimeDuration.sleep(TimeDuration.java:309)
	at org.apache.ratis.server.impl.FollowerState.run(FollowerState.java:118)
2022-01-11 23:54:11,779 [grpc-default-executor-2] INFO  server.RaftServer$Division (RaftServerImpl.java:requestVote(1046)) - 77c66afc-fa73-4d89-b59d-9adc22a556cf@group-29C336287606: receive requestVote(ELECTION, 2a1c9333-8641-498a-88f2-87bcecbe0d18, group-29C336287606, 2, (t:0, i:0))
2022-01-11 23:54:11,779 [grpc-default-executor-2] INFO  impl.VoteContext (VoteContext.java:log(48)) - 77c66afc-fa73-4d89-b59d-9adc22a556cf@group-29C336287606-FOLLOWER: accept ELECTION from 2a1c9333-8641-498a-88f2-87bcecbe0d18: our priority 0 <= candidate's priority 0
2022-01-11 23:54:11,779 [grpc-default-executor-2] INFO  server.RaftServer$Division (RaftServerImpl.java:setRole(290)) - 77c66afc-fa73-4d89-b59d-9adc22a556cf@group-29C336287606: changes role from  FOLLOWER to FOLLOWER at term 2 for candidate:2a1c9333-8641-498a-88f2-87bcecbe0d18
2022-01-11 23:54:11,779 [grpc-default-executor-2] INFO  impl.RoleInfo (RoleInfo.java:shutdownFollowerState(108)) - 77c66afc-fa73-4d89-b59d-9adc22a556cf: shutdown 77c66afc-fa73-4d89-b59d-9adc22a556cf@group-29C336287606-FollowerState
2022-01-11 23:54:11,780 [grpc-default-executor-2] INFO  impl.RoleInfo (RoleInfo.java:updateAndGet(130)) - 77c66afc-fa73-4d89-b59d-9adc22a556cf: start 77c66afc-fa73-4d89-b59d-9adc22a556cf@group-29C336287606-FollowerState
2022-01-11 23:54:11,780 [77c66afc-fa73-4d89-b59d-9adc22a556cf@group-29C336287606-FollowerState] INFO  impl.FollowerState (FollowerState.java:run(143)) - 77c66afc-fa73-4d89-b59d-9adc22a556cf@group-29C336287606-FollowerState was interrupted: {}
java.lang.InterruptedException: sleep interrupted
	at java.lang.Thread.sleep(Native Method)
	at java.lang.Thread.sleep(Thread.java:340)
	at java.util.concurrent.TimeUnit.sleep(TimeUnit.java:386)
	at org.apache.ratis.util.TimeDuration.sleep(TimeDuration.java:324)
	at org.apache.ratis.util.TimeDuration.sleep(TimeDuration.java:309)
	at org.apache.ratis.server.impl.FollowerState.run(FollowerState.java:118)
2022-01-11 23:54:11,784 [77c66afc-fa73-4d89-b59d-9adc22a556cf@group-36EC4F650869-FollowerState] INFO  impl.FollowerState (FollowerState.java:run(134)) - 77c66afc-fa73-4d89-b59d-9adc22a556cf@group-36EC4F650869-FollowerState: change to CANDIDATE, lastRpcElapsedTime:5075008257ns, electionTimeout:5042ms
2022-01-11 23:54:11,785 [77c66afc-fa73-4d89-b59d-9adc22a556cf@group-36EC4F650869-FollowerState] INFO  impl.RoleInfo (RoleInfo.java:shutdownFollowerState(108)) - 77c66afc-fa73-4d89-b59d-9adc22a556cf: shutdown 77c66afc-fa73-4d89-b59d-9adc22a556cf@group-36EC4F650869-FollowerState
2022-01-11 23:54:11,785 [77c66afc-fa73-4d89-b59d-9adc22a556cf@group-36EC4F650869-FollowerState] INFO  server.RaftServer$Division (RaftServerImpl.java:setRole(290)) - 77c66afc-fa73-4d89-b59d-9adc22a556cf@group-36EC4F650869: changes role from  FOLLOWER to CANDIDATE at term 1 for changeToCandidate
2022-01-11 23:54:11,785 [grpc-default-executor-1] INFO  server.RaftServer$Division (RaftServerImpl.java:requestVote(1078)) - 757e1abf-caf6-4356-ad73-d786994982ad@group-29C336287606 replies to ELECTION vote request: 2a1c9333-8641-498a-88f2-87bcecbe0d18<-757e1abf-caf6-4356-ad73-d786994982ad#0:FAIL-t2. Peer's state: 757e1abf-caf6-4356-ad73-d786994982ad@group-29C336287606:t2, leader=null, voted=null, raftlog=757e1abf-caf6-4356-ad73-d786994982ad@group-29C336287606-SegmentedRaftLog:OPENED:c-1, conf=-1: [2a1c9333-8641-498a-88f2-87bcecbe0d18|rpc:10.1.0.37:38177|dataStream:|priority:0, 757e1abf-caf6-4356-ad73-d786994982ad|rpc:10.1.0.37:41749|dataStream:|priority:1, 77c66afc-fa73-4d89-b59d-9adc22a556cf|rpc:10.1.0.37:40587|dataStream:|priority:0], old=null
2022-01-11 23:54:11,791 [77c66afc-fa73-4d89-b59d-9adc22a556cf@group-36EC4F650869-FollowerState] INFO  server.RaftServerConfigKeys (ConfUtils.java:logGet(44)) - raft.server.leaderelection.pre-vote = false (custom)
2022-01-11 23:54:11,791 [77c66afc-fa73-4d89-b59d-9adc22a556cf@group-36EC4F650869-FollowerState] INFO  impl.RoleInfo (RoleInfo.java:updateAndGet(130)) - 77c66afc-fa73-4d89-b59d-9adc22a556cf: start 77c66afc-fa73-4d89-b59d-9adc22a556cf@group-36EC4F650869-LeaderElection58
2022-01-11 23:54:11,793 [grpc-default-executor-2] INFO  server.RaftServer$Division (RaftServerImpl.java:requestVote(1078)) - 77c66afc-fa73-4d89-b59d-9adc22a556cf@group-29C336287606 replies to ELECTION vote request: 2a1c9333-8641-498a-88f2-87bcecbe0d18<-77c66afc-fa73-4d89-b59d-9adc22a556cf#0:OK-t2. Peer's state: 77c66afc-fa73-4d89-b59d-9adc22a556cf@group-29C336287606:t2, leader=null, voted=2a1c9333-8641-498a-88f2-87bcecbe0d18, raftlog=77c66afc-fa73-4d89-b59d-9adc22a556cf@group-29C336287606-SegmentedRaftLog:OPENED:c-1, conf=-1: [2a1c9333-8641-498a-88f2-87bcecbe0d18|rpc:10.1.0.37:38177|priority:0, 757e1abf-caf6-4356-ad73-d786994982ad|rpc:10.1.0.37:41749|priority:1, 77c66afc-fa73-4d89-b59d-9adc22a556cf|rpc:10.1.0.37:40587|priority:0], old=null
2022-01-11 23:54:11,799 [2a1c9333-8641-498a-88f2-87bcecbe0d18@group-29C336287606-LeaderElection57] INFO  impl.LeaderElection (LeaderElection.java:logAndReturn(89)) - 2a1c9333-8641-498a-88f2-87bcecbe0d18@group-29C336287606-LeaderElection57: ELECTION REJECTED received 1 response(s) and 0 exception(s):
2022-01-11 23:54:11,799 [2a1c9333-8641-498a-88f2-87bcecbe0d18@group-29C336287606-LeaderElection57] INFO  impl.LeaderElection (LeaderElection.java:logAndReturn(93)) -   Response 0: 2a1c9333-8641-498a-88f2-87bcecbe0d18<-757e1abf-caf6-4356-ad73-d786994982ad#0:FAIL-t2
2022-01-11 23:54:11,799 [2a1c9333-8641-498a-88f2-87bcecbe0d18@group-29C336287606-LeaderElection57] INFO  impl.LeaderElection (LeaderElection.java:askForVotes(308)) - 2a1c9333-8641-498a-88f2-87bcecbe0d18@group-29C336287606-LeaderElection57 ELECTION round 0: result REJECTED
2022-01-11 23:54:11,799 [2a1c9333-8641-498a-88f2-87bcecbe0d18@group-29C336287606-LeaderElection57] INFO  server.RaftServer$Division (RaftServerImpl.java:setRole(290)) - 2a1c9333-8641-498a-88f2-87bcecbe0d18@group-29C336287606: changes role from CANDIDATE to FOLLOWER at term 2 for REJECTED
2022-01-11 23:54:11,799 [2a1c9333-8641-498a-88f2-87bcecbe0d18@group-29C336287606-LeaderElection57] INFO  impl.RoleInfo (RoleInfo.java:shutdownLeaderElection(121)) - 2a1c9333-8641-498a-88f2-87bcecbe0d18: shutdown 2a1c9333-8641-498a-88f2-87bcecbe0d18@group-29C336287606-LeaderElection57
2022-01-11 23:54:11,799 [2a1c9333-8641-498a-88f2-87bcecbe0d18@group-29C336287606-LeaderElection57] INFO  impl.RoleInfo (RoleInfo.java:updateAndGet(130)) - 2a1c9333-8641-498a-88f2-87bcecbe0d18: start 2a1c9333-8641-498a-88f2-87bcecbe0d18@group-29C336287606-FollowerState
2022-01-11 23:54:11,817 [77c66afc-fa73-4d89-b59d-9adc22a556cf@group-36EC4F650869-LeaderElection58] INFO  impl.LeaderElection (LeaderElection.java:askForVotes(306)) - 77c66afc-fa73-4d89-b59d-9adc22a556cf@group-36EC4F650869-LeaderElection58 ELECTION round 0: submit vote requests at term 2 for -1: [2a1c9333-8641-498a-88f2-87bcecbe0d18|rpc:10.1.0.37:38177|priority:0, 757e1abf-caf6-4356-ad73-d786994982ad|rpc:10.1.0.37:41749|priority:0, 77c66afc-fa73-4d89-b59d-9adc22a556cf|rpc:10.1.0.37:40587|priority:1], old=null
2022-01-11 23:54:11,820 [grpc-default-executor-2] INFO  server.RaftServer$Division (RaftServerImpl.java:requestVote(1046)) - 2a1c9333-8641-498a-88f2-87bcecbe0d18@group-36EC4F650869: receive requestVote(ELECTION, 77c66afc-fa73-4d89-b59d-9adc22a556cf, group-36EC4F650869, 2, (t:0, i:0))
2022-01-11 23:54:11,820 [grpc-default-executor-2] INFO  impl.VoteContext (VoteContext.java:log(48)) - 2a1c9333-8641-498a-88f2-87bcecbe0d18@group-36EC4F650869-FOLLOWER: accept ELECTION from 77c66afc-fa73-4d89-b59d-9adc22a556cf: our priority 0 <= candidate's priority 1
2022-01-11 23:54:11,820 [grpc-default-executor-2] INFO  server.RaftServer$Division (RaftServerImpl.java:setRole(290)) - 2a1c9333-8641-498a-88f2-87bcecbe0d18@group-36EC4F650869: changes role from  FOLLOWER to FOLLOWER at term 2 for candidate:77c66afc-fa73-4d89-b59d-9adc22a556cf
2022-01-11 23:54:11,820 [grpc-default-executor-2] INFO  impl.RoleInfo (RoleInfo.java:shutdownFollowerState(108)) - 2a1c9333-8641-498a-88f2-87bcecbe0d18: shutdown 2a1c9333-8641-498a-88f2-87bcecbe0d18@group-36EC4F650869-FollowerState
2022-01-11 23:54:11,827 [grpc-default-executor-2] INFO  impl.RoleInfo (RoleInfo.java:updateAndGet(130)) - 2a1c9333-8641-498a-88f2-87bcecbe0d18: start 2a1c9333-8641-498a-88f2-87bcecbe0d18@group-36EC4F650869-FollowerState
2022-01-11 23:54:11,827 [2a1c9333-8641-498a-88f2-87bcecbe0d18@group-36EC4F650869-FollowerState] INFO  impl.FollowerState (FollowerState.java:run(143)) - 2a1c9333-8641-498a-88f2-87bcecbe0d18@group-36EC4F650869-FollowerState was interrupted: {}
java.lang.InterruptedException: sleep interrupted
	at java.lang.Thread.sleep(Native Method)
	at java.lang.Thread.sleep(Thread.java:340)
	at java.util.concurrent.TimeUnit.sleep(TimeUnit.java:386)
	at org.apache.ratis.util.TimeDuration.sleep(TimeDuration.java:324)
	at org.apache.ratis.util.TimeDuration.sleep(TimeDuration.java:309)
	at org.apache.ratis.server.impl.FollowerState.run(FollowerState.java:118)
2022-01-11 23:54:11,831 [grpc-default-executor-1] INFO  server.RaftServer$Division (RaftServerImpl.java:requestVote(1046)) - 757e1abf-caf6-4356-ad73-d786994982ad@group-36EC4F650869: receive requestVote(ELECTION, 77c66afc-fa73-4d89-b59d-9adc22a556cf, group-36EC4F650869, 2, (t:0, i:0))
2022-01-11 23:54:11,844 [grpc-default-executor-1] INFO  impl.VoteContext (VoteContext.java:log(48)) - 757e1abf-caf6-4356-ad73-d786994982ad@group-36EC4F650869-FOLLOWER: accept ELECTION from 77c66afc-fa73-4d89-b59d-9adc22a556cf: our priority 0 <= candidate's priority 1
2022-01-11 23:54:11,844 [grpc-default-executor-1] INFO  server.RaftServer$Division (RaftServerImpl.java:setRole(290)) - 757e1abf-caf6-4356-ad73-d786994982ad@group-36EC4F650869: changes role from  FOLLOWER to FOLLOWER at term 2 for candidate:77c66afc-fa73-4d89-b59d-9adc22a556cf
2022-01-11 23:54:11,844 [grpc-default-executor-1] INFO  impl.RoleInfo (RoleInfo.java:shutdownFollowerState(108)) - 757e1abf-caf6-4356-ad73-d786994982ad: shutdown 757e1abf-caf6-4356-ad73-d786994982ad@group-36EC4F650869-FollowerState
2022-01-11 23:54:11,844 [grpc-default-executor-1] INFO  impl.RoleInfo (RoleInfo.java:updateAndGet(130)) - 757e1abf-caf6-4356-ad73-d786994982ad: start 757e1abf-caf6-4356-ad73-d786994982ad@group-36EC4F650869-FollowerState
2022-01-11 23:54:11,844 [757e1abf-caf6-4356-ad73-d786994982ad@group-36EC4F650869-FollowerState] INFO  impl.FollowerState (FollowerState.java:run(143)) - 757e1abf-caf6-4356-ad73-d786994982ad@group-36EC4F650869-FollowerState was interrupted: {}
java.lang.InterruptedException: sleep interrupted
	at java.lang.Thread.sleep(Native Method)
	at java.lang.Thread.sleep(Thread.java:340)
	at java.util.concurrent.TimeUnit.sleep(TimeUnit.java:386)
	at org.apache.ratis.util.TimeDuration.sleep(TimeDuration.java:324)
	at org.apache.ratis.util.TimeDuration.sleep(TimeDuration.java:309)
	at org.apache.ratis.server.impl.FollowerState.run(FollowerState.java:118)
2022-01-11 23:54:11,857 [grpc-default-executor-1] INFO  server.RaftServer$Division (RaftServerImpl.java:requestVote(1078)) - 757e1abf-caf6-4356-ad73-d786994982ad@group-36EC4F650869 replies to ELECTION vote request: 77c66afc-fa73-4d89-b59d-9adc22a556cf<-757e1abf-caf6-4356-ad73-d786994982ad#0:OK-t2. Peer's state: 757e1abf-caf6-4356-ad73-d786994982ad@group-36EC4F650869:t2, leader=null, voted=77c66afc-fa73-4d89-b59d-9adc22a556cf, raftlog=757e1abf-caf6-4356-ad73-d786994982ad@group-36EC4F650869-SegmentedRaftLog:OPENED:c-1, conf=-1: [2a1c9333-8641-498a-88f2-87bcecbe0d18|rpc:10.1.0.37:38177|dataStream:|priority:0, 757e1abf-caf6-4356-ad73-d786994982ad|rpc:10.1.0.37:41749|dataStream:|priority:0, 77c66afc-fa73-4d89-b59d-9adc22a556cf|rpc:10.1.0.37:40587|dataStream:|priority:1], old=null
2022-01-11 23:54:11,857 [77c66afc-fa73-4d89-b59d-9adc22a556cf@group-36EC4F650869-LeaderElection58] INFO  impl.LeaderElection (LeaderElection.java:logAndReturn(89)) - 77c66afc-fa73-4d89-b59d-9adc22a556cf@group-36EC4F650869-LeaderElection58: ELECTION PASSED received 1 response(s) and 0 exception(s):
2022-01-11 23:54:11,858 [77c66afc-fa73-4d89-b59d-9adc22a556cf@group-36EC4F650869-LeaderElection58] INFO  impl.LeaderElection (LeaderElection.java:logAndReturn(93)) -   Response 0: 77c66afc-fa73-4d89-b59d-9adc22a556cf<-757e1abf-caf6-4356-ad73-d786994982ad#0:OK-t2
2022-01-11 23:54:11,858 [grpc-default-executor-2] INFO  server.RaftServer$Division (RaftServerImpl.java:requestVote(1078)) - 2a1c9333-8641-498a-88f2-87bcecbe0d18@group-36EC4F650869 replies to ELECTION vote request: 77c66afc-fa73-4d89-b59d-9adc22a556cf<-2a1c9333-8641-498a-88f2-87bcecbe0d18#0:OK-t2. Peer's state: 2a1c9333-8641-498a-88f2-87bcecbe0d18@group-36EC4F650869:t2, leader=null, voted=77c66afc-fa73-4d89-b59d-9adc22a556cf, raftlog=2a1c9333-8641-498a-88f2-87bcecbe0d18@group-36EC4F650869-SegmentedRaftLog:OPENED:c-1, conf=-1: [2a1c9333-8641-498a-88f2-87bcecbe0d18|rpc:10.1.0.37:38177|dataStream:|priority:0, 757e1abf-caf6-4356-ad73-d786994982ad|rpc:10.1.0.37:41749|dataStream:|priority:0, 77c66afc-fa73-4d89-b59d-9adc22a556cf|rpc:10.1.0.37:40587|dataStream:|priority:1], old=null
2022-01-11 23:54:11,858 [77c66afc-fa73-4d89-b59d-9adc22a556cf@group-36EC4F650869-LeaderElection58] INFO  impl.LeaderElection (LeaderElection.java:askForVotes(308)) - 77c66afc-fa73-4d89-b59d-9adc22a556cf@group-36EC4F650869-LeaderElection58 ELECTION round 0: result PASSED
2022-01-11 23:54:11,858 [77c66afc-fa73-4d89-b59d-9adc22a556cf@group-36EC4F650869-LeaderElection58] INFO  impl.RoleInfo (RoleInfo.java:shutdownLeaderElection(121)) - 77c66afc-fa73-4d89-b59d-9adc22a556cf: shutdown 77c66afc-fa73-4d89-b59d-9adc22a556cf@group-36EC4F650869-LeaderElection58
2022-01-11 23:54:11,858 [77c66afc-fa73-4d89-b59d-9adc22a556cf@group-36EC4F650869-LeaderElection58] INFO  server.RaftServer$Division (RaftServerImpl.java:setRole(290)) - 77c66afc-fa73-4d89-b59d-9adc22a556cf@group-36EC4F650869: changes role from CANDIDATE to LEADER at term 2 for changeToLeader
2022-01-11 23:54:11,858 [77c66afc-fa73-4d89-b59d-9adc22a556cf@group-36EC4F650869-LeaderElection58] INFO  ratis.XceiverServerRatis (XceiverServerRatis.java:handleLeaderChangedNotification(866)) - Leader change notification received for group: group-36EC4F650869 with new leaderId: 77c66afc-fa73-4d89-b59d-9adc22a556cf
2022-01-11 23:54:11,858 [77c66afc-fa73-4d89-b59d-9adc22a556cf@group-36EC4F650869-LeaderElection58] INFO  server.RaftServer$Division (ServerState.java:setLeader(285)) - 77c66afc-fa73-4d89-b59d-9adc22a556cf@group-36EC4F650869: change Leader from null to 77c66afc-fa73-4d89-b59d-9adc22a556cf at term 2 for becomeLeader, leader elected after 10261ms
2022-01-11 23:54:11,858 [77c66afc-fa73-4d89-b59d-9adc22a556cf@group-36EC4F650869-LeaderElection58] INFO  server.RaftServerConfigKeys (ConfUtils.java:logGet(44)) - raft.server.staging.catchup.gap = 1000 (default)
2022-01-11 23:54:11,859 [77c66afc-fa73-4d89-b59d-9adc22a556cf@group-36EC4F650869-LeaderElection58] INFO  server.RaftServerConfigKeys (ConfUtils.java:logGet(44)) - raft.server.write.element-limit = 1024 (custom)
2022-01-11 23:54:11,859 [77c66afc-fa73-4d89-b59d-9adc22a556cf@group-36EC4F650869-LeaderElection58] INFO  server.RaftServerConfigKeys (ConfUtils.java:logGet(44)) - raft.server.write.byte-limit = 1024 M (=1073741824) (custom)
2022-01-11 23:54:11,859 [77c66afc-fa73-4d89-b59d-9adc22a556cf@group-36EC4F650869-LeaderElection58] INFO  server.RaftServerConfigKeys (ConfUtils.java:logGet(44)) - raft.server.watch.timeout = 3000ms (custom)
2022-01-11 23:54:11,859 [77c66afc-fa73-4d89-b59d-9adc22a556cf@group-36EC4F650869-LeaderElection58] INFO  server.RaftServerConfigKeys (ConfUtils.java:logGet(44)) - raft.server.watch.timeout.denomination = 1s (default)
2022-01-11 23:54:11,859 [77c66afc-fa73-4d89-b59d-9adc22a556cf@group-36EC4F650869-LeaderElection58] INFO  server.RaftServerConfigKeys (ConfUtils.java:logGet(44)) - raft.server.watch.element-limit = 65536 (default)
2022-01-11 23:54:11,859 [77c66afc-fa73-4d89-b59d-9adc22a556cf@group-36EC4F650869-LeaderElection58] INFO  server.RaftServerConfigKeys (ConfUtils.java:logGet(44)) - raft.server.write.element-limit = 1024 (custom)
2022-01-11 23:54:11,859 [77c66afc-fa73-4d89-b59d-9adc22a556cf@group-36EC4F650869-LeaderElection58] INFO  server.RaftServerConfigKeys (ConfUtils.java:logGet(44)) - raft.server.write.follower.gap.ratio.max = -1.0 (default)
2022-01-11 23:54:11,859 [77c66afc-fa73-4d89-b59d-9adc22a556cf@group-36EC4F650869-LeaderElection58] INFO  server.RaftServerConfigKeys (ConfUtils.java:logGet(44)) - raft.server.log.appender.snapshot.chunk.size.max = 16MB (=16777216) (default)
2022-01-11 23:54:11,859 [77c66afc-fa73-4d89-b59d-9adc22a556cf@group-36EC4F650869-LeaderElection58] INFO  server.RaftServerConfigKeys (ConfUtils.java:logGet(44)) - raft.server.log.appender.buffer.byte-limit = 33554432 (custom)
2022-01-11 23:54:11,859 [77c66afc-fa73-4d89-b59d-9adc22a556cf@group-36EC4F650869-LeaderElection58] INFO  server.RaftServerConfigKeys (ConfUtils.java:logGet(44)) - raft.server.log.appender.buffer.element-limit = 1 (custom)
2022-01-11 23:54:11,859 [77c66afc-fa73-4d89-b59d-9adc22a556cf@group-36EC4F650869-LeaderElection58] INFO  grpc.GrpcConfigKeys (ConfUtils.java:logGet(44)) - raft.grpc.server.leader.outstanding.appends.max = 128 (default)
2022-01-11 23:54:11,860 [77c66afc-fa73-4d89-b59d-9adc22a556cf@group-36EC4F650869-LeaderElection58] INFO  server.RaftServerConfigKeys (ConfUtils.java:logGet(44)) - raft.server.rpc.request.timeout = 3000ms (default)
2022-01-11 23:54:11,860 [77c66afc-fa73-4d89-b59d-9adc22a556cf@group-36EC4F650869-LeaderElection58] INFO  server.RaftServerConfigKeys (ConfUtils.java:logGet(44)) - raft.server.log.appender.install.snapshot.enabled = false (custom)
2022-01-11 23:54:11,860 [77c66afc-fa73-4d89-b59d-9adc22a556cf@group-36EC4F650869-LeaderElection58] INFO  server.RaftServerConfigKeys (ConfUtils.java:logGet(44)) - raft.server.log.appender.snapshot.chunk.size.max = 16MB (=16777216) (default)
2022-01-11 23:54:11,861 [77c66afc-fa73-4d89-b59d-9adc22a556cf@group-36EC4F650869-LeaderElection58] INFO  server.RaftServerConfigKeys (ConfUtils.java:logGet(44)) - raft.server.log.appender.buffer.byte-limit = 33554432 (custom)
2022-01-11 23:54:11,861 [77c66afc-fa73-4d89-b59d-9adc22a556cf@group-36EC4F650869-LeaderElection58] INFO  server.RaftServerConfigKeys (ConfUtils.java:logGet(44)) - raft.server.log.appender.buffer.element-limit = 1 (custom)
2022-01-11 23:54:11,861 [77c66afc-fa73-4d89-b59d-9adc22a556cf@group-36EC4F650869-LeaderElection58] INFO  grpc.GrpcConfigKeys (ConfUtils.java:logGet(44)) - raft.grpc.server.leader.outstanding.appends.max = 128 (default)
2022-01-11 23:54:11,863 [77c66afc-fa73-4d89-b59d-9adc22a556cf@group-36EC4F650869-LeaderElection58] INFO  server.RaftServerConfigKeys (ConfUtils.java:logGet(44)) - raft.server.rpc.request.timeout = 3000ms (default)
2022-01-11 23:54:11,863 [77c66afc-fa73-4d89-b59d-9adc22a556cf@group-36EC4F650869-LeaderElection58] INFO  server.RaftServerConfigKeys (ConfUtils.java:logGet(44)) - raft.server.log.appender.install.snapshot.enabled = false (custom)
2022-01-11 23:54:11,865 [77c66afc-fa73-4d89-b59d-9adc22a556cf@group-36EC4F650869-LeaderElection58] INFO  impl.RoleInfo (RoleInfo.java:updateAndGet(130)) - 77c66afc-fa73-4d89-b59d-9adc22a556cf: start 77c66afc-fa73-4d89-b59d-9adc22a556cf@group-36EC4F650869-LeaderStateImpl
2022-01-11 23:54:11,866 [77c66afc-fa73-4d89-b59d-9adc22a556cf@group-36EC4F650869-LeaderElection58] INFO  segmented.SegmentedRaftLogWorker (SegmentedRaftLogWorker.java:startLogSegment(394)) - 77c66afc-fa73-4d89-b59d-9adc22a556cf@group-36EC4F650869-SegmentedRaftLogWorker: Starting segment from index:0
2022-01-11 23:54:11,868 [77c66afc-fa73-4d89-b59d-9adc22a556cf@group-36EC4F650869-SegmentedRaftLogWorker] INFO  segmented.SegmentedRaftLogWorker (SegmentedRaftLogWorker.java:execute(601)) - 77c66afc-fa73-4d89-b59d-9adc22a556cf@group-36EC4F650869-SegmentedRaftLogWorker: created new log segment /home/runner/work/ozone/ozone/hadoop-ozone/integration-test/target/test-dir/MiniOzoneClusterImpl-84b3519b-a2d3-47e7-8c84-34506f72c9f7/datanode-3/data/ratis/1afd3704-aaf0-437f-bd8e-36ec4f650869/current/log_inprogress_0
2022-01-11 23:54:11,875 [grpc-default-executor-1] INFO  ratis.XceiverServerRatis (XceiverServerRatis.java:handleLeaderChangedNotification(866)) - Leader change notification received for group: group-36EC4F650869 with new leaderId: 77c66afc-fa73-4d89-b59d-9adc22a556cf
2022-01-11 23:54:11,875 [grpc-default-executor-1] INFO  server.RaftServer$Division (ServerState.java:setLeader(285)) - 2a1c9333-8641-498a-88f2-87bcecbe0d18@group-36EC4F650869: change Leader from null to 77c66afc-fa73-4d89-b59d-9adc22a556cf at term 2 for appendEntries, leader elected after 10223ms
2022-01-11 23:54:11,877 [EventQueue-PipelineReportForPipelineReportHandler] INFO  pipeline.PipelineManagerImpl (PipelineManagerImpl.java:openPipeline(291)) - Pipeline Pipeline[ Id: 1afd3704-aaf0-437f-bd8e-36ec4f650869, Nodes: 77c66afc-fa73-4d89-b59d-9adc22a556cf{ip: 10.1.0.37, host: fv-az59-280.csjynl4pkq3e1pkirw3ssqjfoh.cx.internal.cloudapp.net, ports: [REPLICATION=36525, RATIS=40587, RATIS_ADMIN=40587, RATIS_SERVER=40587, STANDALONE=44631], networkLocation: /default-rack, certSerialId: null, persistedOpState: IN_SERVICE, persistedOpStateExpiryEpochSec: 0}2a1c9333-8641-498a-88f2-87bcecbe0d18{ip: 10.1.0.37, host: fv-az59-280.csjynl4pkq3e1pkirw3ssqjfoh.cx.internal.cloudapp.net, ports: [REPLICATION=45151, RATIS=38177, RATIS_ADMIN=38177, RATIS_SERVER=38177, STANDALONE=44313], networkLocation: /default-rack, certSerialId: null, persistedOpState: IN_SERVICE, persistedOpStateExpiryEpochSec: 0}757e1abf-caf6-4356-ad73-d786994982ad{ip: 10.1.0.37, host: fv-az59-280.csjynl4pkq3e1pkirw3ssqjfoh.cx.internal.cloudapp.net, ports: [REPLICATION=40569, RATIS=41749, RATIS_ADMIN=41749, RATIS_SERVER=41749, STANDALONE=42593], networkLocation: /default-rack, certSerialId: null, persistedOpState: IN_SERVICE, persistedOpStateExpiryEpochSec: 0}, ReplicationConfig: RATIS/THREE, State:ALLOCATED, leaderId:77c66afc-fa73-4d89-b59d-9adc22a556cf, CreationTimestamp2022-01-11T23:53:59.465Z[Etc/UTC]] moved to OPEN state
2022-01-11 23:54:11,889 [77c66afc-fa73-4d89-b59d-9adc22a556cf@group-36EC4F650869-LeaderElection58] INFO  server.RaftServer$Division (ServerState.java:setRaftConf(387)) - 77c66afc-fa73-4d89-b59d-9adc22a556cf@group-36EC4F650869: set configuration 0: [2a1c9333-8641-498a-88f2-87bcecbe0d18|rpc:10.1.0.37:38177|dataStream:|priority:0, 757e1abf-caf6-4356-ad73-d786994982ad|rpc:10.1.0.37:41749|dataStream:|priority:0, 77c66afc-fa73-4d89-b59d-9adc22a556cf|rpc:10.1.0.37:40587|dataStream:|priority:1], old=null
2022-01-11 23:54:11,898 [grpc-default-executor-2] INFO  server.RaftServer$Division (ServerState.java:setRaftConf(387)) - 2a1c9333-8641-498a-88f2-87bcecbe0d18@group-36EC4F650869: set configuration 0: [2a1c9333-8641-498a-88f2-87bcecbe0d18|rpc:10.1.0.37:38177|dataStream:|priority:0, 757e1abf-caf6-4356-ad73-d786994982ad|rpc:10.1.0.37:41749|dataStream:|priority:0, 77c66afc-fa73-4d89-b59d-9adc22a556cf|rpc:10.1.0.37:40587|dataStream:|priority:1], old=null
2022-01-11 23:54:11,898 [grpc-default-executor-2] INFO  segmented.SegmentedRaftLogWorker (SegmentedRaftLogWorker.java:startLogSegment(394)) - 2a1c9333-8641-498a-88f2-87bcecbe0d18@group-36EC4F650869-SegmentedRaftLogWorker: Starting segment from index:0
2022-01-11 23:54:11,899 [2a1c9333-8641-498a-88f2-87bcecbe0d18@group-36EC4F650869-SegmentedRaftLogWorker] INFO  segmented.SegmentedRaftLogWorker (SegmentedRaftLogWorker.java:execute(601)) - 2a1c9333-8641-498a-88f2-87bcecbe0d18@group-36EC4F650869-SegmentedRaftLogWorker: created new log segment /home/runner/work/ozone/ozone/hadoop-ozone/integration-test/target/test-dir/MiniOzoneClusterImpl-84b3519b-a2d3-47e7-8c84-34506f72c9f7/datanode-5/data/ratis/1afd3704-aaf0-437f-bd8e-36ec4f650869/current/log_inprogress_0
2022-01-11 23:54:11,914 [grpc-default-executor-2] INFO  ratis.XceiverServerRatis (XceiverServerRatis.java:handleLeaderChangedNotification(866)) - Leader change notification received for group: group-36EC4F650869 with new leaderId: 77c66afc-fa73-4d89-b59d-9adc22a556cf
2022-01-11 23:54:11,914 [grpc-default-executor-2] INFO  server.RaftServer$Division (ServerState.java:setLeader(285)) - 757e1abf-caf6-4356-ad73-d786994982ad@group-36EC4F650869: change Leader from null to 77c66afc-fa73-4d89-b59d-9adc22a556cf at term 2 for appendEntries, leader elected after 10216ms
2022-01-11 23:54:11,936 [grpc-default-executor-2] INFO  server.RaftServer$Division (ServerState.java:setRaftConf(387)) - 757e1abf-caf6-4356-ad73-d786994982ad@group-36EC4F650869: set configuration 0: [2a1c9333-8641-498a-88f2-87bcecbe0d18|rpc:10.1.0.37:38177|dataStream:|priority:0, 757e1abf-caf6-4356-ad73-d786994982ad|rpc:10.1.0.37:41749|dataStream:|priority:0, 77c66afc-fa73-4d89-b59d-9adc22a556cf|rpc:10.1.0.37:40587|dataStream:|priority:1], old=null
2022-01-11 23:54:11,937 [grpc-default-executor-2] INFO  segmented.SegmentedRaftLogWorker (SegmentedRaftLogWorker.java:startLogSegment(394)) - 757e1abf-caf6-4356-ad73-d786994982ad@group-36EC4F650869-SegmentedRaftLogWorker: Starting segment from index:0
2022-01-11 23:54:11,941 [757e1abf-caf6-4356-ad73-d786994982ad@group-36EC4F650869-SegmentedRaftLogWorker] INFO  segmented.SegmentedRaftLogWorker (SegmentedRaftLogWorker.java:execute(601)) - 757e1abf-caf6-4356-ad73-d786994982ad@group-36EC4F650869-SegmentedRaftLogWorker: created new log segment /home/runner/work/ozone/ozone/hadoop-ozone/integration-test/target/test-dir/MiniOzoneClusterImpl-84b3519b-a2d3-47e7-8c84-34506f72c9f7/datanode-4/data/ratis/1afd3704-aaf0-437f-bd8e-36ec4f650869/current/log_inprogress_0
2022-01-11 23:54:11,981 [77c66afc-fa73-4d89-b59d-9adc22a556cf@group-4B271DC99CF9-FollowerState] INFO  impl.FollowerState (FollowerState.java:run(134)) - 77c66afc-fa73-4d89-b59d-9adc22a556cf@group-4B271DC99CF9-FollowerState: change to CANDIDATE, lastRpcElapsedTime:5020261707ns, electionTimeout:5008ms
2022-01-11 23:54:11,981 [77c66afc-fa73-4d89-b59d-9adc22a556cf@group-4B271DC99CF9-FollowerState] INFO  impl.RoleInfo (RoleInfo.java:shutdownFollowerState(108)) - 77c66afc-fa73-4d89-b59d-9adc22a556cf: shutdown 77c66afc-fa73-4d89-b59d-9adc22a556cf@group-4B271DC99CF9-FollowerState
2022-01-11 23:54:11,981 [77c66afc-fa73-4d89-b59d-9adc22a556cf@group-4B271DC99CF9-FollowerState] INFO  server.RaftServer$Division (RaftServerImpl.java:setRole(290)) - 77c66afc-fa73-4d89-b59d-9adc22a556cf@group-4B271DC99CF9: changes role from  FOLLOWER to CANDIDATE at term 1 for changeToCandidate
2022-01-11 23:54:11,981 [77c66afc-fa73-4d89-b59d-9adc22a556cf@group-4B271DC99CF9-FollowerState] INFO  server.RaftServerConfigKeys (ConfUtils.java:logGet(44)) - raft.server.leaderelection.pre-vote = false (custom)
2022-01-11 23:54:11,981 [77c66afc-fa73-4d89-b59d-9adc22a556cf@group-4B271DC99CF9-FollowerState] INFO  impl.RoleInfo (RoleInfo.java:updateAndGet(130)) - 77c66afc-fa73-4d89-b59d-9adc22a556cf: start 77c66afc-fa73-4d89-b59d-9adc22a556cf@group-4B271DC99CF9-LeaderElection59
2022-01-11 23:54:12,002 [77c66afc-fa73-4d89-b59d-9adc22a556cf@group-4B271DC99CF9-LeaderElection59] INFO  impl.LeaderElection (LeaderElection.java:askForVotes(306)) - 77c66afc-fa73-4d89-b59d-9adc22a556cf@group-4B271DC99CF9-LeaderElection59 ELECTION round 0: submit vote requests at term 2 for -1: [2a1c9333-8641-498a-88f2-87bcecbe0d18|rpc:10.1.0.37:38177|priority:1, 757e1abf-caf6-4356-ad73-d786994982ad|rpc:10.1.0.37:41749|priority:0, 77c66afc-fa73-4d89-b59d-9adc22a556cf|rpc:10.1.0.37:40587|priority:0], old=null
2022-01-11 23:54:12,014 [grpc-default-executor-2] INFO  server.RaftServer$Division (RaftServerImpl.java:requestVote(1046)) - 2a1c9333-8641-498a-88f2-87bcecbe0d18@group-4B271DC99CF9: receive requestVote(ELECTION, 77c66afc-fa73-4d89-b59d-9adc22a556cf, group-4B271DC99CF9, 2, (t:0, i:0))
2022-01-11 23:54:12,014 [grpc-default-executor-2] INFO  impl.VoteContext (VoteContext.java:log(48)) - 2a1c9333-8641-498a-88f2-87bcecbe0d18@group-4B271DC99CF9-FOLLOWER: reject ELECTION from 77c66afc-fa73-4d89-b59d-9adc22a556cf: our priority 1 > candidate's priority 0
2022-01-11 23:54:12,014 [grpc-default-executor-2] INFO  server.RaftServer$Division (RaftServerImpl.java:setRole(290)) - 2a1c9333-8641-498a-88f2-87bcecbe0d18@group-4B271DC99CF9: changes role from  FOLLOWER to FOLLOWER at term 2 for candidate:77c66afc-fa73-4d89-b59d-9adc22a556cf
2022-01-11 23:54:12,014 [grpc-default-executor-2] INFO  impl.RoleInfo (RoleInfo.java:shutdownFollowerState(108)) - 2a1c9333-8641-498a-88f2-87bcecbe0d18: shutdown 2a1c9333-8641-498a-88f2-87bcecbe0d18@group-4B271DC99CF9-FollowerState
2022-01-11 23:54:12,014 [grpc-default-executor-2] INFO  impl.RoleInfo (RoleInfo.java:updateAndGet(130)) - 2a1c9333-8641-498a-88f2-87bcecbe0d18: start 2a1c9333-8641-498a-88f2-87bcecbe0d18@group-4B271DC99CF9-FollowerState
2022-01-11 23:54:12,015 [2a1c9333-8641-498a-88f2-87bcecbe0d18@group-4B271DC99CF9-FollowerState] INFO  impl.FollowerState (FollowerState.java:run(143)) - 2a1c9333-8641-498a-88f2-87bcecbe0d18@group-4B271DC99CF9-FollowerState was interrupted: {}
java.lang.InterruptedException: sleep interrupted
	at java.lang.Thread.sleep(Native Method)
	at java.lang.Thread.sleep(Thread.java:340)
	at java.util.concurrent.TimeUnit.sleep(TimeUnit.java:386)
	at org.apache.ratis.util.TimeDuration.sleep(TimeDuration.java:324)
	at org.apache.ratis.util.TimeDuration.sleep(TimeDuration.java:309)
	at org.apache.ratis.server.impl.FollowerState.run(FollowerState.java:118)
2022-01-11 23:54:12,016 [grpc-default-executor-1] INFO  server.RaftServer$Division (RaftServerImpl.java:requestVote(1046)) - 757e1abf-caf6-4356-ad73-d786994982ad@group-4B271DC99CF9: receive requestVote(ELECTION, 77c66afc-fa73-4d89-b59d-9adc22a556cf, group-4B271DC99CF9, 2, (t:0, i:0))
2022-01-11 23:54:12,016 [grpc-default-executor-1] INFO  impl.VoteContext (VoteContext.java:log(48)) - 757e1abf-caf6-4356-ad73-d786994982ad@group-4B271DC99CF9-FOLLOWER: accept ELECTION from 77c66afc-fa73-4d89-b59d-9adc22a556cf: our priority 0 <= candidate's priority 0
2022-01-11 23:54:12,017 [grpc-default-executor-1] INFO  server.RaftServer$Division (RaftServerImpl.java:setRole(290)) - 757e1abf-caf6-4356-ad73-d786994982ad@group-4B271DC99CF9: changes role from  FOLLOWER to FOLLOWER at term 2 for candidate:77c66afc-fa73-4d89-b59d-9adc22a556cf
2022-01-11 23:54:12,017 [grpc-default-executor-1] INFO  impl.RoleInfo (RoleInfo.java:shutdownFollowerState(108)) - 757e1abf-caf6-4356-ad73-d786994982ad: shutdown 757e1abf-caf6-4356-ad73-d786994982ad@group-4B271DC99CF9-FollowerState
2022-01-11 23:54:12,017 [grpc-default-executor-1] INFO  impl.RoleInfo (RoleInfo.java:updateAndGet(130)) - 757e1abf-caf6-4356-ad73-d786994982ad: start 757e1abf-caf6-4356-ad73-d786994982ad@group-4B271DC99CF9-FollowerState
2022-01-11 23:54:12,017 [757e1abf-caf6-4356-ad73-d786994982ad@group-4B271DC99CF9-FollowerState] INFO  impl.FollowerState (FollowerState.java:run(143)) - 757e1abf-caf6-4356-ad73-d786994982ad@group-4B271DC99CF9-FollowerState was interrupted: {}
java.lang.InterruptedException: sleep interrupted
	at java.lang.Thread.sleep(Native Method)
	at java.lang.Thread.sleep(Thread.java:340)
	at java.util.concurrent.TimeUnit.sleep(TimeUnit.java:386)
	at org.apache.ratis.util.TimeDuration.sleep(TimeDuration.java:324)
	at org.apache.ratis.util.TimeDuration.sleep(TimeDuration.java:309)
	at org.apache.ratis.server.impl.FollowerState.run(FollowerState.java:118)
2022-01-11 23:54:12,017 [grpc-default-executor-2] INFO  server.RaftServer$Division (RaftServerImpl.java:requestVote(1078)) - 2a1c9333-8641-498a-88f2-87bcecbe0d18@group-4B271DC99CF9 replies to ELECTION vote request: 77c66afc-fa73-4d89-b59d-9adc22a556cf<-2a1c9333-8641-498a-88f2-87bcecbe0d18#0:FAIL-t2. Peer's state: 2a1c9333-8641-498a-88f2-87bcecbe0d18@group-4B271DC99CF9:t2, leader=null, voted=null, raftlog=2a1c9333-8641-498a-88f2-87bcecbe0d18@group-4B271DC99CF9-SegmentedRaftLog:OPENED:c-1, conf=-1: [2a1c9333-8641-498a-88f2-87bcecbe0d18|rpc:10.1.0.37:38177|dataStream:|priority:1, 757e1abf-caf6-4356-ad73-d786994982ad|rpc:10.1.0.37:41749|dataStream:|priority:0, 77c66afc-fa73-4d89-b59d-9adc22a556cf|rpc:10.1.0.37:40587|dataStream:|priority:0], old=null
2022-01-11 23:54:12,030 [77c66afc-fa73-4d89-b59d-9adc22a556cf@group-4B271DC99CF9-LeaderElection59] INFO  impl.LeaderElection (LeaderElection.java:logAndReturn(89)) - 77c66afc-fa73-4d89-b59d-9adc22a556cf@group-4B271DC99CF9-LeaderElection59: ELECTION REJECTED received 1 response(s) and 0 exception(s):
2022-01-11 23:54:12,030 [77c66afc-fa73-4d89-b59d-9adc22a556cf@group-4B271DC99CF9-LeaderElection59] INFO  impl.LeaderElection (LeaderElection.java:logAndReturn(93)) -   Response 0: 77c66afc-fa73-4d89-b59d-9adc22a556cf<-2a1c9333-8641-498a-88f2-87bcecbe0d18#0:FAIL-t2
2022-01-11 23:54:12,030 [77c66afc-fa73-4d89-b59d-9adc22a556cf@group-4B271DC99CF9-LeaderElection59] INFO  impl.LeaderElection (LeaderElection.java:askForVotes(308)) - 77c66afc-fa73-4d89-b59d-9adc22a556cf@group-4B271DC99CF9-LeaderElection59 ELECTION round 0: result REJECTED
2022-01-11 23:54:12,030 [77c66afc-fa73-4d89-b59d-9adc22a556cf@group-4B271DC99CF9-LeaderElection59] INFO  server.RaftServer$Division (RaftServerImpl.java:setRole(290)) - 77c66afc-fa73-4d89-b59d-9adc22a556cf@group-4B271DC99CF9: changes role from CANDIDATE to FOLLOWER at term 2 for REJECTED
2022-01-11 23:54:12,031 [77c66afc-fa73-4d89-b59d-9adc22a556cf@group-4B271DC99CF9-LeaderElection59] INFO  impl.RoleInfo (RoleInfo.java:shutdownLeaderElection(121)) - 77c66afc-fa73-4d89-b59d-9adc22a556cf: shutdown 77c66afc-fa73-4d89-b59d-9adc22a556cf@group-4B271DC99CF9-LeaderElection59
2022-01-11 23:54:12,031 [77c66afc-fa73-4d89-b59d-9adc22a556cf@group-4B271DC99CF9-LeaderElection59] INFO  impl.RoleInfo (RoleInfo.java:updateAndGet(130)) - 77c66afc-fa73-4d89-b59d-9adc22a556cf: start 77c66afc-fa73-4d89-b59d-9adc22a556cf@group-4B271DC99CF9-FollowerState
2022-01-11 23:54:12,031 [grpc-default-executor-1] INFO  server.RaftServer$Division (RaftServerImpl.java:requestVote(1078)) - 757e1abf-caf6-4356-ad73-d786994982ad@group-4B271DC99CF9 replies to ELECTION vote request: 77c66afc-fa73-4d89-b59d-9adc22a556cf<-757e1abf-caf6-4356-ad73-d786994982ad#0:OK-t2. Peer's state: 757e1abf-caf6-4356-ad73-d786994982ad@group-4B271DC99CF9:t2, leader=null, voted=77c66afc-fa73-4d89-b59d-9adc22a556cf, raftlog=757e1abf-caf6-4356-ad73-d786994982ad@group-4B271DC99CF9-SegmentedRaftLog:OPENED:c-1, conf=-1: [2a1c9333-8641-498a-88f2-87bcecbe0d18|rpc:10.1.0.37:38177|priority:1, 757e1abf-caf6-4356-ad73-d786994982ad|rpc:10.1.0.37:41749|priority:0, 77c66afc-fa73-4d89-b59d-9adc22a556cf|rpc:10.1.0.37:40587|priority:0], old=null
2022-01-11 23:54:15,494 [51615485-058d-42af-9c65-c0e811a06a5e@group-D0E897EC1444-FollowerState] INFO  impl.FollowerState (FollowerState.java:run(134)) - 51615485-058d-42af-9c65-c0e811a06a5e@group-D0E897EC1444-FollowerState: change to CANDIDATE, lastRpcElapsedTime:5065224242ns, electionTimeout:5061ms
2022-01-11 23:54:15,494 [51615485-058d-42af-9c65-c0e811a06a5e@group-D0E897EC1444-FollowerState] INFO  impl.RoleInfo (RoleInfo.java:shutdownFollowerState(108)) - 51615485-058d-42af-9c65-c0e811a06a5e: shutdown 51615485-058d-42af-9c65-c0e811a06a5e@group-D0E897EC1444-FollowerState
2022-01-11 23:54:15,494 [51615485-058d-42af-9c65-c0e811a06a5e@group-D0E897EC1444-FollowerState] INFO  server.RaftServer$Division (RaftServerImpl.java:setRole(290)) - 51615485-058d-42af-9c65-c0e811a06a5e@group-D0E897EC1444: changes role from  FOLLOWER to CANDIDATE at term 2 for changeToCandidate
2022-01-11 23:54:15,494 [51615485-058d-42af-9c65-c0e811a06a5e@group-D0E897EC1444-FollowerState] INFO  server.RaftServerConfigKeys (ConfUtils.java:logGet(44)) - raft.server.leaderelection.pre-vote = false (custom)
2022-01-11 23:54:15,494 [51615485-058d-42af-9c65-c0e811a06a5e@group-D0E897EC1444-FollowerState] INFO  impl.RoleInfo (RoleInfo.java:updateAndGet(130)) - 51615485-058d-42af-9c65-c0e811a06a5e: start 51615485-058d-42af-9c65-c0e811a06a5e@group-D0E897EC1444-LeaderElection60
2022-01-11 23:54:15,503 [51615485-058d-42af-9c65-c0e811a06a5e@group-D0E897EC1444-LeaderElection60] INFO  impl.LeaderElection (LeaderElection.java:askForVotes(306)) - 51615485-058d-42af-9c65-c0e811a06a5e@group-D0E897EC1444-LeaderElection60 ELECTION round 0: submit vote requests at term 3 for -1: [8eedcce2-fa83-40f2-8f3f-8ae88d3f9c27|rpc:10.1.0.37:39561|dataStream:|priority:0, c2004f48-6b55-488b-a4f3-a933c544d5d2|rpc:10.1.0.37:33985|dataStream:|priority:0, 51615485-058d-42af-9c65-c0e811a06a5e|rpc:10.1.0.37:46039|dataStream:|priority:1], old=null
2022-01-11 23:54:15,506 [grpc-default-executor-2] INFO  server.RaftServer$Division (RaftServerImpl.java:requestVote(1046)) - 8eedcce2-fa83-40f2-8f3f-8ae88d3f9c27@group-D0E897EC1444: receive requestVote(ELECTION, 51615485-058d-42af-9c65-c0e811a06a5e, group-D0E897EC1444, 3, (t:0, i:0))
2022-01-11 23:54:15,506 [grpc-default-executor-2] INFO  impl.VoteContext (VoteContext.java:log(48)) - 8eedcce2-fa83-40f2-8f3f-8ae88d3f9c27@group-D0E897EC1444-FOLLOWER: accept ELECTION from 51615485-058d-42af-9c65-c0e811a06a5e: our priority 0 <= candidate's priority 1
2022-01-11 23:54:15,506 [grpc-default-executor-2] INFO  server.RaftServer$Division (RaftServerImpl.java:setRole(290)) - 8eedcce2-fa83-40f2-8f3f-8ae88d3f9c27@group-D0E897EC1444: changes role from  FOLLOWER to FOLLOWER at term 3 for candidate:51615485-058d-42af-9c65-c0e811a06a5e
2022-01-11 23:54:15,507 [grpc-default-executor-2] INFO  impl.RoleInfo (RoleInfo.java:shutdownFollowerState(108)) - 8eedcce2-fa83-40f2-8f3f-8ae88d3f9c27: shutdown 8eedcce2-fa83-40f2-8f3f-8ae88d3f9c27@group-D0E897EC1444-FollowerState
2022-01-11 23:54:15,507 [grpc-default-executor-2] INFO  impl.RoleInfo (RoleInfo.java:updateAndGet(130)) - 8eedcce2-fa83-40f2-8f3f-8ae88d3f9c27: start 8eedcce2-fa83-40f2-8f3f-8ae88d3f9c27@group-D0E897EC1444-FollowerState
2022-01-11 23:54:15,507 [8eedcce2-fa83-40f2-8f3f-8ae88d3f9c27@group-D0E897EC1444-FollowerState] INFO  impl.FollowerState (FollowerState.java:run(143)) - 8eedcce2-fa83-40f2-8f3f-8ae88d3f9c27@group-D0E897EC1444-FollowerState was interrupted: {}
java.lang.InterruptedException: sleep interrupted
	at java.lang.Thread.sleep(Native Method)
	at java.lang.Thread.sleep(Thread.java:340)
	at java.util.concurrent.TimeUnit.sleep(TimeUnit.java:386)
	at org.apache.ratis.util.TimeDuration.sleep(TimeDuration.java:324)
	at org.apache.ratis.util.TimeDuration.sleep(TimeDuration.java:309)
	at org.apache.ratis.server.impl.FollowerState.run(FollowerState.java:118)
2022-01-11 23:54:15,508 [grpc-default-executor-1] INFO  server.RaftServer$Division (RaftServerImpl.java:requestVote(1046)) - c2004f48-6b55-488b-a4f3-a933c544d5d2@group-D0E897EC1444: receive requestVote(ELECTION, 51615485-058d-42af-9c65-c0e811a06a5e, group-D0E897EC1444, 3, (t:0, i:0))
2022-01-11 23:54:15,509 [grpc-default-executor-1] INFO  impl.VoteContext (VoteContext.java:log(48)) - c2004f48-6b55-488b-a4f3-a933c544d5d2@group-D0E897EC1444-FOLLOWER: accept ELECTION from 51615485-058d-42af-9c65-c0e811a06a5e: our priority 0 <= candidate's priority 1
2022-01-11 23:54:15,509 [grpc-default-executor-1] INFO  server.RaftServer$Division (RaftServerImpl.java:setRole(290)) - c2004f48-6b55-488b-a4f3-a933c544d5d2@group-D0E897EC1444: changes role from  FOLLOWER to FOLLOWER at term 3 for candidate:51615485-058d-42af-9c65-c0e811a06a5e
2022-01-11 23:54:15,509 [grpc-default-executor-1] INFO  impl.RoleInfo (RoleInfo.java:shutdownFollowerState(108)) - c2004f48-6b55-488b-a4f3-a933c544d5d2: shutdown c2004f48-6b55-488b-a4f3-a933c544d5d2@group-D0E897EC1444-FollowerState
2022-01-11 23:54:15,511 [grpc-default-executor-1] INFO  impl.RoleInfo (RoleInfo.java:updateAndGet(130)) - c2004f48-6b55-488b-a4f3-a933c544d5d2: start c2004f48-6b55-488b-a4f3-a933c544d5d2@group-D0E897EC1444-FollowerState
2022-01-11 23:54:15,512 [c2004f48-6b55-488b-a4f3-a933c544d5d2@group-D0E897EC1444-FollowerState] INFO  impl.FollowerState (FollowerState.java:run(143)) - c2004f48-6b55-488b-a4f3-a933c544d5d2@group-D0E897EC1444-FollowerState was interrupted: {}
java.lang.InterruptedException: sleep interrupted
	at java.lang.Thread.sleep(Native Method)
	at java.lang.Thread.sleep(Thread.java:340)
	at java.util.concurrent.TimeUnit.sleep(TimeUnit.java:386)
	at org.apache.ratis.util.TimeDuration.sleep(TimeDuration.java:324)
	at org.apache.ratis.util.TimeDuration.sleep(TimeDuration.java:309)
	at org.apache.ratis.server.impl.FollowerState.run(FollowerState.java:118)
2022-01-11 23:54:15,513 [grpc-default-executor-2] INFO  server.RaftServer$Division (RaftServerImpl.java:requestVote(1078)) - 8eedcce2-fa83-40f2-8f3f-8ae88d3f9c27@group-D0E897EC1444 replies to ELECTION vote request: 51615485-058d-42af-9c65-c0e811a06a5e<-8eedcce2-fa83-40f2-8f3f-8ae88d3f9c27#0:OK-t3. Peer's state: 8eedcce2-fa83-40f2-8f3f-8ae88d3f9c27@group-D0E897EC1444:t3, leader=null, voted=51615485-058d-42af-9c65-c0e811a06a5e, raftlog=8eedcce2-fa83-40f2-8f3f-8ae88d3f9c27@group-D0E897EC1444-SegmentedRaftLog:OPENED:c-1, conf=-1: [8eedcce2-fa83-40f2-8f3f-8ae88d3f9c27|rpc:10.1.0.37:39561|priority:0, c2004f48-6b55-488b-a4f3-a933c544d5d2|rpc:10.1.0.37:33985|priority:0, 51615485-058d-42af-9c65-c0e811a06a5e|rpc:10.1.0.37:46039|priority:1], old=null
2022-01-11 23:54:15,516 [51615485-058d-42af-9c65-c0e811a06a5e@group-D0E897EC1444-LeaderElection60] INFO  impl.LeaderElection (LeaderElection.java:logAndReturn(89)) - 51615485-058d-42af-9c65-c0e811a06a5e@group-D0E897EC1444-LeaderElection60: ELECTION PASSED received 1 response(s) and 0 exception(s):
2022-01-11 23:54:15,517 [grpc-default-executor-1] INFO  server.RaftServer$Division (RaftServerImpl.java:requestVote(1078)) - c2004f48-6b55-488b-a4f3-a933c544d5d2@group-D0E897EC1444 replies to ELECTION vote request: 51615485-058d-42af-9c65-c0e811a06a5e<-c2004f48-6b55-488b-a4f3-a933c544d5d2#0:OK-t3. Peer's state: c2004f48-6b55-488b-a4f3-a933c544d5d2@group-D0E897EC1444:t3, leader=null, voted=51615485-058d-42af-9c65-c0e811a06a5e, raftlog=c2004f48-6b55-488b-a4f3-a933c544d5d2@group-D0E897EC1444-SegmentedRaftLog:OPENED:c-1, conf=-1: [8eedcce2-fa83-40f2-8f3f-8ae88d3f9c27|rpc:10.1.0.37:39561|dataStream:|priority:0, c2004f48-6b55-488b-a4f3-a933c544d5d2|rpc:10.1.0.37:33985|dataStream:|priority:0, 51615485-058d-42af-9c65-c0e811a06a5e|rpc:10.1.0.37:46039|dataStream:|priority:1], old=null
2022-01-11 23:54:15,518 [51615485-058d-42af-9c65-c0e811a06a5e@group-D0E897EC1444-LeaderElection60] INFO  impl.LeaderElection (LeaderElection.java:logAndReturn(93)) -   Response 0: 51615485-058d-42af-9c65-c0e811a06a5e<-8eedcce2-fa83-40f2-8f3f-8ae88d3f9c27#0:OK-t3
2022-01-11 23:54:15,518 [51615485-058d-42af-9c65-c0e811a06a5e@group-D0E897EC1444-LeaderElection60] INFO  impl.LeaderElection (LeaderElection.java:askForVotes(308)) - 51615485-058d-42af-9c65-c0e811a06a5e@group-D0E897EC1444-LeaderElection60 ELECTION round 0: result PASSED
2022-01-11 23:54:15,518 [51615485-058d-42af-9c65-c0e811a06a5e@group-D0E897EC1444-LeaderElection60] INFO  impl.RoleInfo (RoleInfo.java:shutdownLeaderElection(121)) - 51615485-058d-42af-9c65-c0e811a06a5e: shutdown 51615485-058d-42af-9c65-c0e811a06a5e@group-D0E897EC1444-LeaderElection60
2022-01-11 23:54:15,518 [51615485-058d-42af-9c65-c0e811a06a5e@group-D0E897EC1444-LeaderElection60] INFO  server.RaftServer$Division (RaftServerImpl.java:setRole(290)) - 51615485-058d-42af-9c65-c0e811a06a5e@group-D0E897EC1444: changes role from CANDIDATE to LEADER at term 3 for changeToLeader
2022-01-11 23:54:15,518 [51615485-058d-42af-9c65-c0e811a06a5e@group-D0E897EC1444-LeaderElection60] INFO  ratis.XceiverServerRatis (XceiverServerRatis.java:handleLeaderChangedNotification(866)) - Leader change notification received for group: group-D0E897EC1444 with new leaderId: 51615485-058d-42af-9c65-c0e811a06a5e
2022-01-11 23:54:15,518 [51615485-058d-42af-9c65-c0e811a06a5e@group-D0E897EC1444-LeaderElection60] INFO  server.RaftServer$Division (ServerState.java:setLeader(285)) - 51615485-058d-42af-9c65-c0e811a06a5e@group-D0E897EC1444: change Leader from null to 51615485-058d-42af-9c65-c0e811a06a5e at term 3 for becomeLeader, leader elected after 15250ms
2022-01-11 23:54:15,518 [51615485-058d-42af-9c65-c0e811a06a5e@group-D0E897EC1444-LeaderElection60] INFO  server.RaftServerConfigKeys (ConfUtils.java:logGet(44)) - raft.server.staging.catchup.gap = 1000 (default)
2022-01-11 23:54:15,519 [51615485-058d-42af-9c65-c0e811a06a5e@group-D0E897EC1444-LeaderElection60] INFO  server.RaftServerConfigKeys (ConfUtils.java:logGet(44)) - raft.server.write.element-limit = 1024 (custom)
2022-01-11 23:54:15,519 [51615485-058d-42af-9c65-c0e811a06a5e@group-D0E897EC1444-LeaderElection60] INFO  server.RaftServerConfigKeys (ConfUtils.java:logGet(44)) - raft.server.write.byte-limit = 1024 M (=1073741824) (custom)
2022-01-11 23:54:15,519 [51615485-058d-42af-9c65-c0e811a06a5e@group-D0E897EC1444-LeaderElection60] INFO  server.RaftServerConfigKeys (ConfUtils.java:logGet(44)) - raft.server.watch.timeout = 3000ms (custom)
2022-01-11 23:54:15,519 [51615485-058d-42af-9c65-c0e811a06a5e@group-D0E897EC1444-LeaderElection60] INFO  server.RaftServerConfigKeys (ConfUtils.java:logGet(44)) - raft.server.watch.timeout.denomination = 1s (default)
2022-01-11 23:54:15,519 [51615485-058d-42af-9c65-c0e811a06a5e@group-D0E897EC1444-LeaderElection60] INFO  server.RaftServerConfigKeys (ConfUtils.java:logGet(44)) - raft.server.watch.element-limit = 65536 (default)
2022-01-11 23:54:15,519 [51615485-058d-42af-9c65-c0e811a06a5e@group-D0E897EC1444-LeaderElection60] INFO  server.RaftServerConfigKeys (ConfUtils.java:logGet(44)) - raft.server.write.element-limit = 1024 (custom)
2022-01-11 23:54:15,519 [51615485-058d-42af-9c65-c0e811a06a5e@group-D0E897EC1444-LeaderElection60] INFO  server.RaftServerConfigKeys (ConfUtils.java:logGet(44)) - raft.server.write.follower.gap.ratio.max = -1.0 (default)
2022-01-11 23:54:15,519 [51615485-058d-42af-9c65-c0e811a06a5e@group-D0E897EC1444-LeaderElection60] INFO  server.RaftServerConfigKeys (ConfUtils.java:logGet(44)) - raft.server.log.appender.snapshot.chunk.size.max = 16MB (=16777216) (default)
2022-01-11 23:54:15,520 [51615485-058d-42af-9c65-c0e811a06a5e@group-D0E897EC1444-LeaderElection60] INFO  server.RaftServerConfigKeys (ConfUtils.java:logGet(44)) - raft.server.log.appender.buffer.byte-limit = 33554432 (custom)
2022-01-11 23:54:15,520 [51615485-058d-42af-9c65-c0e811a06a5e@group-D0E897EC1444-LeaderElection60] INFO  server.RaftServerConfigKeys (ConfUtils.java:logGet(44)) - raft.server.log.appender.buffer.element-limit = 1 (custom)
2022-01-11 23:54:15,520 [51615485-058d-42af-9c65-c0e811a06a5e@group-D0E897EC1444-LeaderElection60] INFO  grpc.GrpcConfigKeys (ConfUtils.java:logGet(44)) - raft.grpc.server.leader.outstanding.appends.max = 128 (default)
2022-01-11 23:54:15,520 [51615485-058d-42af-9c65-c0e811a06a5e@group-D0E897EC1444-LeaderElection60] INFO  server.RaftServerConfigKeys (ConfUtils.java:logGet(44)) - raft.server.rpc.request.timeout = 3000ms (default)
2022-01-11 23:54:15,520 [51615485-058d-42af-9c65-c0e811a06a5e@group-D0E897EC1444-LeaderElection60] INFO  server.RaftServerConfigKeys (ConfUtils.java:logGet(44)) - raft.server.log.appender.install.snapshot.enabled = false (custom)
2022-01-11 23:54:15,521 [51615485-058d-42af-9c65-c0e811a06a5e@group-D0E897EC1444-LeaderElection60] INFO  server.RaftServerConfigKeys (ConfUtils.java:logGet(44)) - raft.server.log.appender.snapshot.chunk.size.max = 16MB (=16777216) (default)
2022-01-11 23:54:15,521 [51615485-058d-42af-9c65-c0e811a06a5e@group-D0E897EC1444-LeaderElection60] INFO  server.RaftServerConfigKeys (ConfUtils.java:logGet(44)) - raft.server.log.appender.buffer.byte-limit = 33554432 (custom)
2022-01-11 23:54:15,521 [51615485-058d-42af-9c65-c0e811a06a5e@group-D0E897EC1444-LeaderElection60] INFO  server.RaftServerConfigKeys (ConfUtils.java:logGet(44)) - raft.server.log.appender.buffer.element-limit = 1 (custom)
2022-01-11 23:54:15,521 [51615485-058d-42af-9c65-c0e811a06a5e@group-D0E897EC1444-LeaderElection60] INFO  grpc.GrpcConfigKeys (ConfUtils.java:logGet(44)) - raft.grpc.server.leader.outstanding.appends.max = 128 (default)
2022-01-11 23:54:15,521 [51615485-058d-42af-9c65-c0e811a06a5e@group-D0E897EC1444-LeaderElection60] INFO  server.RaftServerConfigKeys (ConfUtils.java:logGet(44)) - raft.server.rpc.request.timeout = 3000ms (default)
2022-01-11 23:54:15,521 [51615485-058d-42af-9c65-c0e811a06a5e@group-D0E897EC1444-LeaderElection60] INFO  server.RaftServerConfigKeys (ConfUtils.java:logGet(44)) - raft.server.log.appender.install.snapshot.enabled = false (custom)
2022-01-11 23:54:15,522 [51615485-058d-42af-9c65-c0e811a06a5e@group-D0E897EC1444-LeaderElection60] INFO  impl.RoleInfo (RoleInfo.java:updateAndGet(130)) - 51615485-058d-42af-9c65-c0e811a06a5e: start 51615485-058d-42af-9c65-c0e811a06a5e@group-D0E897EC1444-LeaderStateImpl
2022-01-11 23:54:15,522 [51615485-058d-42af-9c65-c0e811a06a5e@group-D0E897EC1444-LeaderElection60] INFO  segmented.SegmentedRaftLogWorker (SegmentedRaftLogWorker.java:startLogSegment(394)) - 51615485-058d-42af-9c65-c0e811a06a5e@group-D0E897EC1444-SegmentedRaftLogWorker: Starting segment from index:0
2022-01-11 23:54:15,524 [51615485-058d-42af-9c65-c0e811a06a5e@group-D0E897EC1444-SegmentedRaftLogWorker] INFO  segmented.SegmentedRaftLogWorker (SegmentedRaftLogWorker.java:execute(601)) - 51615485-058d-42af-9c65-c0e811a06a5e@group-D0E897EC1444-SegmentedRaftLogWorker: created new log segment /home/runner/work/ozone/ozone/hadoop-ozone/integration-test/target/test-dir/MiniOzoneClusterImpl-84b3519b-a2d3-47e7-8c84-34506f72c9f7/datanode-1/data/ratis/45053eb7-d090-43ed-ae9a-d0e897ec1444/current/log_inprogress_0
2022-01-11 23:54:15,525 [EventQueue-PipelineReportForPipelineReportHandler] INFO  pipeline.PipelineManagerImpl (PipelineManagerImpl.java:openPipeline(291)) - Pipeline Pipeline[ Id: 45053eb7-d090-43ed-ae9a-d0e897ec1444, Nodes: c2004f48-6b55-488b-a4f3-a933c544d5d2{ip: 10.1.0.37, host: fv-az59-280.csjynl4pkq3e1pkirw3ssqjfoh.cx.internal.cloudapp.net, ports: [REPLICATION=46737, RATIS=33985, RATIS_ADMIN=33985, RATIS_SERVER=33985, STANDALONE=41439], networkLocation: /default-rack, certSerialId: null, persistedOpState: IN_SERVICE, persistedOpStateExpiryEpochSec: 0}8eedcce2-fa83-40f2-8f3f-8ae88d3f9c27{ip: 10.1.0.37, host: fv-az59-280.csjynl4pkq3e1pkirw3ssqjfoh.cx.internal.cloudapp.net, ports: [REPLICATION=34455, RATIS=39561, RATIS_ADMIN=39561, RATIS_SERVER=39561, STANDALONE=43687], networkLocation: /default-rack, certSerialId: null, persistedOpState: IN_SERVICE, persistedOpStateExpiryEpochSec: 0}51615485-058d-42af-9c65-c0e811a06a5e{ip: 10.1.0.37, host: fv-az59-280.csjynl4pkq3e1pkirw3ssqjfoh.cx.internal.cloudapp.net, ports: [REPLICATION=39021, RATIS=46039, RATIS_ADMIN=46039, RATIS_SERVER=46039, STANDALONE=40703], networkLocation: /default-rack, certSerialId: null, persistedOpState: IN_SERVICE, persistedOpStateExpiryEpochSec: 0}, ReplicationConfig: RATIS/THREE, State:ALLOCATED, leaderId:51615485-058d-42af-9c65-c0e811a06a5e, CreationTimestamp2022-01-11T23:53:57.692Z[Etc/UTC]] moved to OPEN state
2022-01-11 23:54:15,548 [grpc-default-executor-2] INFO  ratis.XceiverServerRatis (XceiverServerRatis.java:handleLeaderChangedNotification(866)) - Leader change notification received for group: group-D0E897EC1444 with new leaderId: 51615485-058d-42af-9c65-c0e811a06a5e
2022-01-11 23:54:15,548 [grpc-default-executor-2] INFO  server.RaftServer$Division (ServerState.java:setLeader(285)) - c2004f48-6b55-488b-a4f3-a933c544d5d2@group-D0E897EC1444: change Leader from null to 51615485-058d-42af-9c65-c0e811a06a5e at term 3 for appendEntries, leader elected after 15394ms
2022-01-11 23:54:15,551 [grpc-default-executor-3] INFO  ratis.XceiverServerRatis (XceiverServerRatis.java:handleLeaderChangedNotification(866)) - Leader change notification received for group: group-D0E897EC1444 with new leaderId: 51615485-058d-42af-9c65-c0e811a06a5e
2022-01-11 23:54:15,551 [grpc-default-executor-3] INFO  server.RaftServer$Division (ServerState.java:setLeader(285)) - 8eedcce2-fa83-40f2-8f3f-8ae88d3f9c27@group-D0E897EC1444: change Leader from null to 51615485-058d-42af-9c65-c0e811a06a5e at term 3 for appendEntries, leader elected after 15441ms
2022-01-11 23:54:15,577 [51615485-058d-42af-9c65-c0e811a06a5e@group-D0E897EC1444-LeaderElection60] INFO  server.RaftServer$Division (ServerState.java:setRaftConf(387)) - 51615485-058d-42af-9c65-c0e811a06a5e@group-D0E897EC1444: set configuration 0: [8eedcce2-fa83-40f2-8f3f-8ae88d3f9c27|rpc:10.1.0.37:39561|dataStream:|priority:0, c2004f48-6b55-488b-a4f3-a933c544d5d2|rpc:10.1.0.37:33985|dataStream:|priority:0, 51615485-058d-42af-9c65-c0e811a06a5e|rpc:10.1.0.37:46039|dataStream:|priority:1], old=null
2022-01-11 23:54:15,578 [grpc-default-executor-2] INFO  server.RaftServer$Division (ServerState.java:setRaftConf(387)) - c2004f48-6b55-488b-a4f3-a933c544d5d2@group-D0E897EC1444: set configuration 0: [8eedcce2-fa83-40f2-8f3f-8ae88d3f9c27|rpc:10.1.0.37:39561|dataStream:|priority:0, c2004f48-6b55-488b-a4f3-a933c544d5d2|rpc:10.1.0.37:33985|dataStream:|priority:0, 51615485-058d-42af-9c65-c0e811a06a5e|rpc:10.1.0.37:46039|dataStream:|priority:1], old=null
2022-01-11 23:54:15,578 [grpc-default-executor-2] INFO  segmented.SegmentedRaftLogWorker (SegmentedRaftLogWorker.java:startLogSegment(394)) - c2004f48-6b55-488b-a4f3-a933c544d5d2@group-D0E897EC1444-SegmentedRaftLogWorker: Starting segment from index:0
2022-01-11 23:54:15,580 [c2004f48-6b55-488b-a4f3-a933c544d5d2@group-D0E897EC1444-SegmentedRaftLogWorker] INFO  segmented.SegmentedRaftLogWorker (SegmentedRaftLogWorker.java:execute(601)) - c2004f48-6b55-488b-a4f3-a933c544d5d2@group-D0E897EC1444-SegmentedRaftLogWorker: created new log segment /home/runner/work/ozone/ozone/hadoop-ozone/integration-test/target/test-dir/MiniOzoneClusterImpl-84b3519b-a2d3-47e7-8c84-34506f72c9f7/datanode-2/data/ratis/45053eb7-d090-43ed-ae9a-d0e897ec1444/current/log_inprogress_0
2022-01-11 23:54:15,584 [grpc-default-executor-3] INFO  server.RaftServer$Division (ServerState.java:setRaftConf(387)) - 8eedcce2-fa83-40f2-8f3f-8ae88d3f9c27@group-D0E897EC1444: set configuration 0: [8eedcce2-fa83-40f2-8f3f-8ae88d3f9c27|rpc:10.1.0.37:39561|dataStream:|priority:0, c2004f48-6b55-488b-a4f3-a933c544d5d2|rpc:10.1.0.37:33985|dataStream:|priority:0, 51615485-058d-42af-9c65-c0e811a06a5e|rpc:10.1.0.37:46039|dataStream:|priority:1], old=null
2022-01-11 23:54:15,584 [grpc-default-executor-3] INFO  segmented.SegmentedRaftLogWorker (SegmentedRaftLogWorker.java:startLogSegment(394)) - 8eedcce2-fa83-40f2-8f3f-8ae88d3f9c27@group-D0E897EC1444-SegmentedRaftLogWorker: Starting segment from index:0
2022-01-11 23:54:15,586 [8eedcce2-fa83-40f2-8f3f-8ae88d3f9c27@group-D0E897EC1444-SegmentedRaftLogWorker] INFO  segmented.SegmentedRaftLogWorker (SegmentedRaftLogWorker.java:execute(601)) - 8eedcce2-fa83-40f2-8f3f-8ae88d3f9c27@group-D0E897EC1444-SegmentedRaftLogWorker: created new log segment /home/runner/work/ozone/ozone/hadoop-ozone/integration-test/target/test-dir/MiniOzoneClusterImpl-84b3519b-a2d3-47e7-8c84-34506f72c9f7/datanode-0/data/ratis/45053eb7-d090-43ed-ae9a-d0e897ec1444/current/log_inprogress_0
2022-01-11 23:54:16,907 [757e1abf-caf6-4356-ad73-d786994982ad@group-29C336287606-FollowerState] INFO  impl.FollowerState (FollowerState.java:run(134)) - 757e1abf-caf6-4356-ad73-d786994982ad@group-29C336287606-FollowerState: change to CANDIDATE, lastRpcElapsedTime:5129593581ns, electionTimeout:5117ms
2022-01-11 23:54:16,908 [757e1abf-caf6-4356-ad73-d786994982ad@group-29C336287606-FollowerState] INFO  impl.RoleInfo (RoleInfo.java:shutdownFollowerState(108)) - 757e1abf-caf6-4356-ad73-d786994982ad: shutdown 757e1abf-caf6-4356-ad73-d786994982ad@group-29C336287606-FollowerState
2022-01-11 23:54:16,908 [757e1abf-caf6-4356-ad73-d786994982ad@group-29C336287606-FollowerState] INFO  server.RaftServer$Division (RaftServerImpl.java:setRole(290)) - 757e1abf-caf6-4356-ad73-d786994982ad@group-29C336287606: changes role from  FOLLOWER to CANDIDATE at term 2 for changeToCandidate
2022-01-11 23:54:16,908 [757e1abf-caf6-4356-ad73-d786994982ad@group-29C336287606-FollowerState] INFO  server.RaftServerConfigKeys (ConfUtils.java:logGet(44)) - raft.server.leaderelection.pre-vote = false (custom)
2022-01-11 23:54:16,908 [757e1abf-caf6-4356-ad73-d786994982ad@group-29C336287606-FollowerState] INFO  impl.RoleInfo (RoleInfo.java:updateAndGet(130)) - 757e1abf-caf6-4356-ad73-d786994982ad: start 757e1abf-caf6-4356-ad73-d786994982ad@group-29C336287606-LeaderElection61
2022-01-11 23:54:16,922 [757e1abf-caf6-4356-ad73-d786994982ad@group-29C336287606-LeaderElection61] INFO  impl.LeaderElection (LeaderElection.java:askForVotes(306)) - 757e1abf-caf6-4356-ad73-d786994982ad@group-29C336287606-LeaderElection61 ELECTION round 0: submit vote requests at term 3 for -1: [2a1c9333-8641-498a-88f2-87bcecbe0d18|rpc:10.1.0.37:38177|dataStream:|priority:0, 757e1abf-caf6-4356-ad73-d786994982ad|rpc:10.1.0.37:41749|dataStream:|priority:1, 77c66afc-fa73-4d89-b59d-9adc22a556cf|rpc:10.1.0.37:40587|dataStream:|priority:0], old=null
2022-01-11 23:54:16,957 [grpc-default-executor-3] INFO  server.RaftServer$Division (RaftServerImpl.java:requestVote(1046)) - 77c66afc-fa73-4d89-b59d-9adc22a556cf@group-29C336287606: receive requestVote(ELECTION, 757e1abf-caf6-4356-ad73-d786994982ad, group-29C336287606, 3, (t:0, i:0))
2022-01-11 23:54:16,958 [grpc-default-executor-3] INFO  impl.VoteContext (VoteContext.java:log(48)) - 77c66afc-fa73-4d89-b59d-9adc22a556cf@group-29C336287606-FOLLOWER: accept ELECTION from 757e1abf-caf6-4356-ad73-d786994982ad: our priority 0 <= candidate's priority 1
2022-01-11 23:54:16,958 [grpc-default-executor-3] INFO  server.RaftServer$Division (RaftServerImpl.java:setRole(290)) - 77c66afc-fa73-4d89-b59d-9adc22a556cf@group-29C336287606: changes role from  FOLLOWER to FOLLOWER at term 3 for candidate:757e1abf-caf6-4356-ad73-d786994982ad
2022-01-11 23:54:16,958 [grpc-default-executor-3] INFO  impl.RoleInfo (RoleInfo.java:shutdownFollowerState(108)) - 77c66afc-fa73-4d89-b59d-9adc22a556cf: shutdown 77c66afc-fa73-4d89-b59d-9adc22a556cf@group-29C336287606-FollowerState
2022-01-11 23:54:16,958 [grpc-default-executor-3] INFO  impl.RoleInfo (RoleInfo.java:updateAndGet(130)) - 77c66afc-fa73-4d89-b59d-9adc22a556cf: start 77c66afc-fa73-4d89-b59d-9adc22a556cf@group-29C336287606-FollowerState
2022-01-11 23:54:16,958 [77c66afc-fa73-4d89-b59d-9adc22a556cf@group-29C336287606-FollowerState] INFO  impl.FollowerState (FollowerState.java:run(143)) - 77c66afc-fa73-4d89-b59d-9adc22a556cf@group-29C336287606-FollowerState was interrupted: {}
java.lang.InterruptedException: sleep interrupted
	at java.lang.Thread.sleep(Native Method)
	at java.lang.Thread.sleep(Thread.java:340)
	at java.util.concurrent.TimeUnit.sleep(TimeUnit.java:386)
	at org.apache.ratis.util.TimeDuration.sleep(TimeDuration.java:324)
	at org.apache.ratis.util.TimeDuration.sleep(TimeDuration.java:309)
	at org.apache.ratis.server.impl.FollowerState.run(FollowerState.java:118)
2022-01-11 23:54:16,964 [grpc-default-executor-3] INFO  server.RaftServer$Division (RaftServerImpl.java:requestVote(1078)) - 77c66afc-fa73-4d89-b59d-9adc22a556cf@group-29C336287606 replies to ELECTION vote request: 757e1abf-caf6-4356-ad73-d786994982ad<-77c66afc-fa73-4d89-b59d-9adc22a556cf#0:OK-t3. Peer's state: 77c66afc-fa73-4d89-b59d-9adc22a556cf@group-29C336287606:t3, leader=null, voted=757e1abf-caf6-4356-ad73-d786994982ad, raftlog=77c66afc-fa73-4d89-b59d-9adc22a556cf@group-29C336287606-SegmentedRaftLog:OPENED:c-1, conf=-1: [2a1c9333-8641-498a-88f2-87bcecbe0d18|rpc:10.1.0.37:38177|priority:0, 757e1abf-caf6-4356-ad73-d786994982ad|rpc:10.1.0.37:41749|priority:1, 77c66afc-fa73-4d89-b59d-9adc22a556cf|rpc:10.1.0.37:40587|priority:0], old=null
2022-01-11 23:54:16,986 [757e1abf-caf6-4356-ad73-d786994982ad@group-29C336287606-LeaderElection61] INFO  impl.LeaderElection (LeaderElection.java:logAndReturn(89)) - 757e1abf-caf6-4356-ad73-d786994982ad@group-29C336287606-LeaderElection61: ELECTION PASSED received 1 response(s) and 0 exception(s):
2022-01-11 23:54:16,986 [757e1abf-caf6-4356-ad73-d786994982ad@group-29C336287606-LeaderElection61] INFO  impl.LeaderElection (LeaderElection.java:logAndReturn(93)) -   Response 0: 757e1abf-caf6-4356-ad73-d786994982ad<-77c66afc-fa73-4d89-b59d-9adc22a556cf#0:OK-t3
2022-01-11 23:54:16,986 [757e1abf-caf6-4356-ad73-d786994982ad@group-29C336287606-LeaderElection61] INFO  impl.LeaderElection (LeaderElection.java:askForVotes(308)) - 757e1abf-caf6-4356-ad73-d786994982ad@group-29C336287606-LeaderElection61 ELECTION round 0: result PASSED
2022-01-11 23:54:16,986 [757e1abf-caf6-4356-ad73-d786994982ad@group-29C336287606-LeaderElection61] INFO  impl.RoleInfo (RoleInfo.java:shutdownLeaderElection(121)) - 757e1abf-caf6-4356-ad73-d786994982ad: shutdown 757e1abf-caf6-4356-ad73-d786994982ad@group-29C336287606-LeaderElection61
2022-01-11 23:54:16,986 [757e1abf-caf6-4356-ad73-d786994982ad@group-29C336287606-LeaderElection61] INFO  server.RaftServer$Division (RaftServerImpl.java:setRole(290)) - 757e1abf-caf6-4356-ad73-d786994982ad@group-29C336287606: changes role from CANDIDATE to LEADER at term 3 for changeToLeader
2022-01-11 23:54:16,986 [757e1abf-caf6-4356-ad73-d786994982ad@group-29C336287606-LeaderElection61] INFO  ratis.XceiverServerRatis (XceiverServerRatis.java:handleLeaderChangedNotification(866)) - Leader change notification received for group: group-29C336287606 with new leaderId: 757e1abf-caf6-4356-ad73-d786994982ad
2022-01-11 23:54:16,987 [757e1abf-caf6-4356-ad73-d786994982ad@group-29C336287606-LeaderElection61] INFO  server.RaftServer$Division (ServerState.java:setLeader(285)) - 757e1abf-caf6-4356-ad73-d786994982ad@group-29C336287606: change Leader from null to 757e1abf-caf6-4356-ad73-d786994982ad at term 3 for becomeLeader, leader elected after 15432ms
2022-01-11 23:54:16,987 [757e1abf-caf6-4356-ad73-d786994982ad@group-29C336287606-LeaderElection61] INFO  server.RaftServerConfigKeys (ConfUtils.java:logGet(44)) - raft.server.staging.catchup.gap = 1000 (default)
2022-01-11 23:54:16,987 [757e1abf-caf6-4356-ad73-d786994982ad@group-29C336287606-LeaderElection61] INFO  server.RaftServerConfigKeys (ConfUtils.java:logGet(44)) - raft.server.write.element-limit = 1024 (custom)
2022-01-11 23:54:16,987 [757e1abf-caf6-4356-ad73-d786994982ad@group-29C336287606-LeaderElection61] INFO  server.RaftServerConfigKeys (ConfUtils.java:logGet(44)) - raft.server.write.byte-limit = 1024 M (=1073741824) (custom)
2022-01-11 23:54:16,987 [grpc-default-executor-2] INFO  server.RaftServer$Division (RaftServerImpl.java:requestVote(1046)) - 2a1c9333-8641-498a-88f2-87bcecbe0d18@group-29C336287606: receive requestVote(ELECTION, 757e1abf-caf6-4356-ad73-d786994982ad, group-29C336287606, 3, (t:0, i:0))
2022-01-11 23:54:16,987 [757e1abf-caf6-4356-ad73-d786994982ad@group-29C336287606-LeaderElection61] INFO  server.RaftServerConfigKeys (ConfUtils.java:logGet(44)) - raft.server.watch.timeout = 3000ms (custom)
2022-01-11 23:54:16,987 [757e1abf-caf6-4356-ad73-d786994982ad@group-29C336287606-LeaderElection61] INFO  server.RaftServerConfigKeys (ConfUtils.java:logGet(44)) - raft.server.watch.timeout.denomination = 1s (default)
2022-01-11 23:54:16,987 [757e1abf-caf6-4356-ad73-d786994982ad@group-29C336287606-LeaderElection61] INFO  server.RaftServerConfigKeys (ConfUtils.java:logGet(44)) - raft.server.watch.element-limit = 65536 (default)
2022-01-11 23:54:16,987 [grpc-default-executor-2] INFO  impl.VoteContext (VoteContext.java:log(48)) - 2a1c9333-8641-498a-88f2-87bcecbe0d18@group-29C336287606-FOLLOWER: accept ELECTION from 757e1abf-caf6-4356-ad73-d786994982ad: our priority 0 <= candidate's priority 1
2022-01-11 23:54:16,987 [grpc-default-executor-2] INFO  server.RaftServer$Division (RaftServerImpl.java:setRole(290)) - 2a1c9333-8641-498a-88f2-87bcecbe0d18@group-29C336287606: changes role from  FOLLOWER to FOLLOWER at term 3 for candidate:757e1abf-caf6-4356-ad73-d786994982ad
2022-01-11 23:54:16,987 [grpc-default-executor-2] INFO  impl.RoleInfo (RoleInfo.java:shutdownFollowerState(108)) - 2a1c9333-8641-498a-88f2-87bcecbe0d18: shutdown 2a1c9333-8641-498a-88f2-87bcecbe0d18@group-29C336287606-FollowerState
2022-01-11 23:54:16,987 [757e1abf-caf6-4356-ad73-d786994982ad@group-29C336287606-LeaderElection61] INFO  server.RaftServerConfigKeys (ConfUtils.java:logGet(44)) - raft.server.write.element-limit = 1024 (custom)
2022-01-11 23:54:16,988 [757e1abf-caf6-4356-ad73-d786994982ad@group-29C336287606-LeaderElection61] INFO  server.RaftServerConfigKeys (ConfUtils.java:logGet(44)) - raft.server.write.follower.gap.ratio.max = -1.0 (default)
2022-01-11 23:54:16,988 [757e1abf-caf6-4356-ad73-d786994982ad@group-29C336287606-LeaderElection61] INFO  server.RaftServerConfigKeys (ConfUtils.java:logGet(44)) - raft.server.log.appender.snapshot.chunk.size.max = 16MB (=16777216) (default)
2022-01-11 23:54:16,988 [757e1abf-caf6-4356-ad73-d786994982ad@group-29C336287606-LeaderElection61] INFO  server.RaftServerConfigKeys (ConfUtils.java:logGet(44)) - raft.server.log.appender.buffer.byte-limit = 33554432 (custom)
2022-01-11 23:54:16,988 [757e1abf-caf6-4356-ad73-d786994982ad@group-29C336287606-LeaderElection61] INFO  server.RaftServerConfigKeys (ConfUtils.java:logGet(44)) - raft.server.log.appender.buffer.element-limit = 1 (custom)
2022-01-11 23:54:16,988 [757e1abf-caf6-4356-ad73-d786994982ad@group-29C336287606-LeaderElection61] INFO  grpc.GrpcConfigKeys (ConfUtils.java:logGet(44)) - raft.grpc.server.leader.outstanding.appends.max = 128 (default)
2022-01-11 23:54:16,988 [757e1abf-caf6-4356-ad73-d786994982ad@group-29C336287606-LeaderElection61] INFO  server.RaftServerConfigKeys (ConfUtils.java:logGet(44)) - raft.server.rpc.request.timeout = 3000ms (default)
2022-01-11 23:54:16,988 [757e1abf-caf6-4356-ad73-d786994982ad@group-29C336287606-LeaderElection61] INFO  server.RaftServerConfigKeys (ConfUtils.java:logGet(44)) - raft.server.log.appender.install.snapshot.enabled = false (custom)
2022-01-11 23:54:16,989 [grpc-default-executor-2] INFO  impl.RoleInfo (RoleInfo.java:updateAndGet(130)) - 2a1c9333-8641-498a-88f2-87bcecbe0d18: start 2a1c9333-8641-498a-88f2-87bcecbe0d18@group-29C336287606-FollowerState
2022-01-11 23:54:16,989 [EventQueue-PipelineReportForPipelineReportHandler] INFO  pipeline.PipelineManagerImpl (PipelineManagerImpl.java:openPipeline(291)) - Pipeline Pipeline[ Id: 9af18b33-0efc-4508-87fb-29c336287606, Nodes: 77c66afc-fa73-4d89-b59d-9adc22a556cf{ip: 10.1.0.37, host: fv-az59-280.csjynl4pkq3e1pkirw3ssqjfoh.cx.internal.cloudapp.net, ports: [REPLICATION=36525, RATIS=40587, RATIS_ADMIN=40587, RATIS_SERVER=40587, STANDALONE=44631], networkLocation: /default-rack, certSerialId: null, persistedOpState: IN_SERVICE, persistedOpStateExpiryEpochSec: 0}2a1c9333-8641-498a-88f2-87bcecbe0d18{ip: 10.1.0.37, host: fv-az59-280.csjynl4pkq3e1pkirw3ssqjfoh.cx.internal.cloudapp.net, ports: [REPLICATION=45151, RATIS=38177, RATIS_ADMIN=38177, RATIS_SERVER=38177, STANDALONE=44313], networkLocation: /default-rack, certSerialId: null, persistedOpState: IN_SERVICE, persistedOpStateExpiryEpochSec: 0}757e1abf-caf6-4356-ad73-d786994982ad{ip: 10.1.0.37, host: fv-az59-280.csjynl4pkq3e1pkirw3ssqjfoh.cx.internal.cloudapp.net, ports: [REPLICATION=40569, RATIS=41749, RATIS_ADMIN=41749, RATIS_SERVER=41749, STANDALONE=42593], networkLocation: /default-rack, certSerialId: null, persistedOpState: IN_SERVICE, persistedOpStateExpiryEpochSec: 0}, ReplicationConfig: RATIS/THREE, State:ALLOCATED, leaderId:757e1abf-caf6-4356-ad73-d786994982ad, CreationTimestamp2022-01-11T23:53:59.464Z[Etc/UTC]] moved to OPEN state
2022-01-11 23:54:16,989 [2a1c9333-8641-498a-88f2-87bcecbe0d18@group-29C336287606-FollowerState] INFO  impl.FollowerState (FollowerState.java:run(143)) - 2a1c9333-8641-498a-88f2-87bcecbe0d18@group-29C336287606-FollowerState was interrupted: {}
java.lang.InterruptedException: sleep interrupted
	at java.lang.Thread.sleep(Native Method)
	at java.lang.Thread.sleep(Thread.java:340)
	at java.util.concurrent.TimeUnit.sleep(TimeUnit.java:386)
	at org.apache.ratis.util.TimeDuration.sleep(TimeDuration.java:324)
	at org.apache.ratis.util.TimeDuration.sleep(TimeDuration.java:309)
	at org.apache.ratis.server.impl.FollowerState.run(FollowerState.java:118)
2022-01-11 23:54:16,990 [757e1abf-caf6-4356-ad73-d786994982ad@group-29C336287606-LeaderElection61] INFO  server.RaftServerConfigKeys (ConfUtils.java:logGet(44)) - raft.server.log.appender.snapshot.chunk.size.max = 16MB (=16777216) (default)
2022-01-11 23:54:16,990 [757e1abf-caf6-4356-ad73-d786994982ad@group-29C336287606-LeaderElection61] INFO  server.RaftServerConfigKeys (ConfUtils.java:logGet(44)) - raft.server.log.appender.buffer.byte-limit = 33554432 (custom)
2022-01-11 23:54:16,990 [757e1abf-caf6-4356-ad73-d786994982ad@group-29C336287606-LeaderElection61] INFO  server.RaftServerConfigKeys (ConfUtils.java:logGet(44)) - raft.server.log.appender.buffer.element-limit = 1 (custom)
2022-01-11 23:54:16,993 [757e1abf-caf6-4356-ad73-d786994982ad@group-29C336287606-LeaderElection61] INFO  grpc.GrpcConfigKeys (ConfUtils.java:logGet(44)) - raft.grpc.server.leader.outstanding.appends.max = 128 (default)
2022-01-11 23:54:16,993 [757e1abf-caf6-4356-ad73-d786994982ad@group-29C336287606-LeaderElection61] INFO  server.RaftServerConfigKeys (ConfUtils.java:logGet(44)) - raft.server.rpc.request.timeout = 3000ms (default)
2022-01-11 23:54:16,993 [757e1abf-caf6-4356-ad73-d786994982ad@group-29C336287606-LeaderElection61] INFO  server.RaftServerConfigKeys (ConfUtils.java:logGet(44)) - raft.server.log.appender.install.snapshot.enabled = false (custom)
2022-01-11 23:54:16,995 [grpc-default-executor-2] INFO  server.RaftServer$Division (RaftServerImpl.java:requestVote(1078)) - 2a1c9333-8641-498a-88f2-87bcecbe0d18@group-29C336287606 replies to ELECTION vote request: 757e1abf-caf6-4356-ad73-d786994982ad<-2a1c9333-8641-498a-88f2-87bcecbe0d18#0:OK-t3. Peer's state: 2a1c9333-8641-498a-88f2-87bcecbe0d18@group-29C336287606:t3, leader=null, voted=757e1abf-caf6-4356-ad73-d786994982ad, raftlog=2a1c9333-8641-498a-88f2-87bcecbe0d18@group-29C336287606-SegmentedRaftLog:OPENED:c-1, conf=-1: [2a1c9333-8641-498a-88f2-87bcecbe0d18|rpc:10.1.0.37:38177|dataStream:|priority:0, 757e1abf-caf6-4356-ad73-d786994982ad|rpc:10.1.0.37:41749|dataStream:|priority:1, 77c66afc-fa73-4d89-b59d-9adc22a556cf|rpc:10.1.0.37:40587|dataStream:|priority:0], old=null
2022-01-11 23:54:17,009 [757e1abf-caf6-4356-ad73-d786994982ad@group-29C336287606-LeaderElection61] INFO  impl.RoleInfo (RoleInfo.java:updateAndGet(130)) - 757e1abf-caf6-4356-ad73-d786994982ad: start 757e1abf-caf6-4356-ad73-d786994982ad@group-29C336287606-LeaderStateImpl
2022-01-11 23:54:17,009 [757e1abf-caf6-4356-ad73-d786994982ad@group-29C336287606-LeaderElection61] INFO  segmented.SegmentedRaftLogWorker (SegmentedRaftLogWorker.java:startLogSegment(394)) - 757e1abf-caf6-4356-ad73-d786994982ad@group-29C336287606-SegmentedRaftLogWorker: Starting segment from index:0
2022-01-11 23:54:17,011 [757e1abf-caf6-4356-ad73-d786994982ad@group-29C336287606-SegmentedRaftLogWorker] INFO  segmented.SegmentedRaftLogWorker (SegmentedRaftLogWorker.java:execute(601)) - 757e1abf-caf6-4356-ad73-d786994982ad@group-29C336287606-SegmentedRaftLogWorker: created new log segment /home/runner/work/ozone/ozone/hadoop-ozone/integration-test/target/test-dir/MiniOzoneClusterImpl-84b3519b-a2d3-47e7-8c84-34506f72c9f7/datanode-4/data/ratis/9af18b33-0efc-4508-87fb-29c336287606/current/log_inprogress_0
2022-01-11 23:54:17,024 [grpc-default-executor-2] INFO  ratis.XceiverServerRatis (XceiverServerRatis.java:handleLeaderChangedNotification(866)) - Leader change notification received for group: group-29C336287606 with new leaderId: 757e1abf-caf6-4356-ad73-d786994982ad
2022-01-11 23:54:17,024 [grpc-default-executor-2] INFO  server.RaftServer$Division (ServerState.java:setLeader(285)) - 77c66afc-fa73-4d89-b59d-9adc22a556cf@group-29C336287606: change Leader from null to 757e1abf-caf6-4356-ad73-d786994982ad at term 3 for appendEntries, leader elected after 15674ms
2022-01-11 23:54:17,042 [757e1abf-caf6-4356-ad73-d786994982ad@group-29C336287606-LeaderElection61] INFO  server.RaftServer$Division (ServerState.java:setRaftConf(387)) - 757e1abf-caf6-4356-ad73-d786994982ad@group-29C336287606: set configuration 0: [2a1c9333-8641-498a-88f2-87bcecbe0d18|rpc:10.1.0.37:38177|dataStream:|priority:0, 757e1abf-caf6-4356-ad73-d786994982ad|rpc:10.1.0.37:41749|dataStream:|priority:1, 77c66afc-fa73-4d89-b59d-9adc22a556cf|rpc:10.1.0.37:40587|dataStream:|priority:0], old=null
2022-01-11 23:54:17,048 [77c66afc-fa73-4d89-b59d-9adc22a556cf@group-4B271DC99CF9-FollowerState] INFO  impl.FollowerState (FollowerState.java:run(134)) - 77c66afc-fa73-4d89-b59d-9adc22a556cf@group-4B271DC99CF9-FollowerState: change to CANDIDATE, lastRpcElapsedTime:5017034053ns, electionTimeout:5014ms
2022-01-11 23:54:17,048 [77c66afc-fa73-4d89-b59d-9adc22a556cf@group-4B271DC99CF9-FollowerState] INFO  impl.RoleInfo (RoleInfo.java:shutdownFollowerState(108)) - 77c66afc-fa73-4d89-b59d-9adc22a556cf: shutdown 77c66afc-fa73-4d89-b59d-9adc22a556cf@group-4B271DC99CF9-FollowerState
2022-01-11 23:54:17,048 [77c66afc-fa73-4d89-b59d-9adc22a556cf@group-4B271DC99CF9-FollowerState] INFO  server.RaftServer$Division (RaftServerImpl.java:setRole(290)) - 77c66afc-fa73-4d89-b59d-9adc22a556cf@group-4B271DC99CF9: changes role from  FOLLOWER to CANDIDATE at term 2 for changeToCandidate
2022-01-11 23:54:17,055 [77c66afc-fa73-4d89-b59d-9adc22a556cf@group-4B271DC99CF9-FollowerState] INFO  server.RaftServerConfigKeys (ConfUtils.java:logGet(44)) - raft.server.leaderelection.pre-vote = false (custom)
2022-01-11 23:54:17,055 [77c66afc-fa73-4d89-b59d-9adc22a556cf@group-4B271DC99CF9-FollowerState] INFO  impl.RoleInfo (RoleInfo.java:updateAndGet(130)) - 77c66afc-fa73-4d89-b59d-9adc22a556cf: start 77c66afc-fa73-4d89-b59d-9adc22a556cf@group-4B271DC99CF9-LeaderElection62
2022-01-11 23:54:17,056 [grpc-default-executor-2] INFO  server.RaftServer$Division (ServerState.java:setRaftConf(387)) - 77c66afc-fa73-4d89-b59d-9adc22a556cf@group-29C336287606: set configuration 0: [2a1c9333-8641-498a-88f2-87bcecbe0d18|rpc:10.1.0.37:38177|dataStream:|priority:0, 757e1abf-caf6-4356-ad73-d786994982ad|rpc:10.1.0.37:41749|dataStream:|priority:1, 77c66afc-fa73-4d89-b59d-9adc22a556cf|rpc:10.1.0.37:40587|dataStream:|priority:0], old=null
2022-01-11 23:54:17,056 [grpc-default-executor-1] INFO  ratis.XceiverServerRatis (XceiverServerRatis.java:handleLeaderChangedNotification(866)) - Leader change notification received for group: group-29C336287606 with new leaderId: 757e1abf-caf6-4356-ad73-d786994982ad
2022-01-11 23:54:17,056 [grpc-default-executor-1] INFO  server.RaftServer$Division (ServerState.java:setLeader(285)) - 2a1c9333-8641-498a-88f2-87bcecbe0d18@group-29C336287606: change Leader from null to 757e1abf-caf6-4356-ad73-d786994982ad at term 3 for appendEntries, leader elected after 15630ms
2022-01-11 23:54:17,056 [grpc-default-executor-2] INFO  segmented.SegmentedRaftLogWorker (SegmentedRaftLogWorker.java:startLogSegment(394)) - 77c66afc-fa73-4d89-b59d-9adc22a556cf@group-29C336287606-SegmentedRaftLogWorker: Starting segment from index:0
2022-01-11 23:54:17,062 [77c66afc-fa73-4d89-b59d-9adc22a556cf@group-29C336287606-SegmentedRaftLogWorker] INFO  segmented.SegmentedRaftLogWorker (SegmentedRaftLogWorker.java:execute(601)) - 77c66afc-fa73-4d89-b59d-9adc22a556cf@group-29C336287606-SegmentedRaftLogWorker: created new log segment /home/runner/work/ozone/ozone/hadoop-ozone/integration-test/target/test-dir/MiniOzoneClusterImpl-84b3519b-a2d3-47e7-8c84-34506f72c9f7/datanode-3/data/ratis/9af18b33-0efc-4508-87fb-29c336287606/current/log_inprogress_0
2022-01-11 23:54:17,073 [77c66afc-fa73-4d89-b59d-9adc22a556cf@group-4B271DC99CF9-LeaderElection62] INFO  impl.LeaderElection (LeaderElection.java:askForVotes(306)) - 77c66afc-fa73-4d89-b59d-9adc22a556cf@group-4B271DC99CF9-LeaderElection62 ELECTION round 0: submit vote requests at term 3 for -1: [2a1c9333-8641-498a-88f2-87bcecbe0d18|rpc:10.1.0.37:38177|priority:1, 757e1abf-caf6-4356-ad73-d786994982ad|rpc:10.1.0.37:41749|priority:0, 77c66afc-fa73-4d89-b59d-9adc22a556cf|rpc:10.1.0.37:40587|priority:0], old=null
2022-01-11 23:54:17,076 [grpc-default-executor-1] INFO  server.RaftServer$Division (ServerState.java:setRaftConf(387)) - 2a1c9333-8641-498a-88f2-87bcecbe0d18@group-29C336287606: set configuration 0: [2a1c9333-8641-498a-88f2-87bcecbe0d18|rpc:10.1.0.37:38177|dataStream:|priority:0, 757e1abf-caf6-4356-ad73-d786994982ad|rpc:10.1.0.37:41749|dataStream:|priority:1, 77c66afc-fa73-4d89-b59d-9adc22a556cf|rpc:10.1.0.37:40587|dataStream:|priority:0], old=null
2022-01-11 23:54:17,076 [grpc-default-executor-1] INFO  segmented.SegmentedRaftLogWorker (SegmentedRaftLogWorker.java:startLogSegment(394)) - 2a1c9333-8641-498a-88f2-87bcecbe0d18@group-29C336287606-SegmentedRaftLogWorker: Starting segment from index:0
2022-01-11 23:54:17,109 [grpc-default-executor-2] INFO  server.RaftServer$Division (RaftServerImpl.java:requestVote(1046)) - 2a1c9333-8641-498a-88f2-87bcecbe0d18@group-4B271DC99CF9: receive requestVote(ELECTION, 77c66afc-fa73-4d89-b59d-9adc22a556cf, group-4B271DC99CF9, 3, (t:0, i:0))
2022-01-11 23:54:17,109 [grpc-default-executor-2] INFO  impl.VoteContext (VoteContext.java:log(48)) - 2a1c9333-8641-498a-88f2-87bcecbe0d18@group-4B271DC99CF9-FOLLOWER: reject ELECTION from 77c66afc-fa73-4d89-b59d-9adc22a556cf: our priority 1 > candidate's priority 0
2022-01-11 23:54:17,109 [grpc-default-executor-2] INFO  server.RaftServer$Division (RaftServerImpl.java:setRole(290)) - 2a1c9333-8641-498a-88f2-87bcecbe0d18@group-4B271DC99CF9: changes role from  FOLLOWER to FOLLOWER at term 3 for candidate:77c66afc-fa73-4d89-b59d-9adc22a556cf
2022-01-11 23:54:17,109 [grpc-default-executor-2] INFO  impl.RoleInfo (RoleInfo.java:shutdownFollowerState(108)) - 2a1c9333-8641-498a-88f2-87bcecbe0d18: shutdown 2a1c9333-8641-498a-88f2-87bcecbe0d18@group-4B271DC99CF9-FollowerState
2022-01-11 23:54:17,110 [2a1c9333-8641-498a-88f2-87bcecbe0d18@group-4B271DC99CF9-FollowerState] INFO  impl.FollowerState (FollowerState.java:run(127)) - 2a1c9333-8641-498a-88f2-87bcecbe0d18@group-4B271DC99CF9-FollowerState: Stopping now (isRunning? false, isFollower? true)
2022-01-11 23:54:17,119 [grpc-default-executor-2] INFO  impl.RoleInfo (RoleInfo.java:updateAndGet(130)) - 2a1c9333-8641-498a-88f2-87bcecbe0d18: start 2a1c9333-8641-498a-88f2-87bcecbe0d18@group-4B271DC99CF9-FollowerState
2022-01-11 23:54:17,120 [2a1c9333-8641-498a-88f2-87bcecbe0d18@group-29C336287606-SegmentedRaftLogWorker] INFO  segmented.SegmentedRaftLogWorker (SegmentedRaftLogWorker.java:execute(601)) - 2a1c9333-8641-498a-88f2-87bcecbe0d18@group-29C336287606-SegmentedRaftLogWorker: created new log segment /home/runner/work/ozone/ozone/hadoop-ozone/integration-test/target/test-dir/MiniOzoneClusterImpl-84b3519b-a2d3-47e7-8c84-34506f72c9f7/datanode-5/data/ratis/9af18b33-0efc-4508-87fb-29c336287606/current/log_inprogress_0
2022-01-11 23:54:17,128 [grpc-default-executor-2] INFO  server.RaftServer$Division (RaftServerImpl.java:requestVote(1078)) - 2a1c9333-8641-498a-88f2-87bcecbe0d18@group-4B271DC99CF9 replies to ELECTION vote request: 77c66afc-fa73-4d89-b59d-9adc22a556cf<-2a1c9333-8641-498a-88f2-87bcecbe0d18#0:FAIL-t3. Peer's state: 2a1c9333-8641-498a-88f2-87bcecbe0d18@group-4B271DC99CF9:t3, leader=null, voted=null, raftlog=2a1c9333-8641-498a-88f2-87bcecbe0d18@group-4B271DC99CF9-SegmentedRaftLog:OPENED:c-1, conf=-1: [2a1c9333-8641-498a-88f2-87bcecbe0d18|rpc:10.1.0.37:38177|dataStream:|priority:1, 757e1abf-caf6-4356-ad73-d786994982ad|rpc:10.1.0.37:41749|dataStream:|priority:0, 77c66afc-fa73-4d89-b59d-9adc22a556cf|rpc:10.1.0.37:40587|dataStream:|priority:0], old=null
2022-01-11 23:54:17,130 [grpc-default-executor-1] INFO  server.RaftServer$Division (RaftServerImpl.java:requestVote(1046)) - 757e1abf-caf6-4356-ad73-d786994982ad@group-4B271DC99CF9: receive requestVote(ELECTION, 77c66afc-fa73-4d89-b59d-9adc22a556cf, group-4B271DC99CF9, 3, (t:0, i:0))
2022-01-11 23:54:17,130 [grpc-default-executor-1] INFO  impl.VoteContext (VoteContext.java:log(48)) - 757e1abf-caf6-4356-ad73-d786994982ad@group-4B271DC99CF9-FOLLOWER: accept ELECTION from 77c66afc-fa73-4d89-b59d-9adc22a556cf: our priority 0 <= candidate's priority 0
2022-01-11 23:54:17,130 [grpc-default-executor-1] INFO  server.RaftServer$Division (RaftServerImpl.java:setRole(290)) - 757e1abf-caf6-4356-ad73-d786994982ad@group-4B271DC99CF9: changes role from  FOLLOWER to FOLLOWER at term 3 for candidate:77c66afc-fa73-4d89-b59d-9adc22a556cf
2022-01-11 23:54:17,130 [grpc-default-executor-1] INFO  impl.RoleInfo (RoleInfo.java:shutdownFollowerState(108)) - 757e1abf-caf6-4356-ad73-d786994982ad: shutdown 757e1abf-caf6-4356-ad73-d786994982ad@group-4B271DC99CF9-FollowerState
2022-01-11 23:54:17,130 [grpc-default-executor-1] INFO  impl.RoleInfo (RoleInfo.java:updateAndGet(130)) - 757e1abf-caf6-4356-ad73-d786994982ad: start 757e1abf-caf6-4356-ad73-d786994982ad@group-4B271DC99CF9-FollowerState
2022-01-11 23:54:17,130 [757e1abf-caf6-4356-ad73-d786994982ad@group-4B271DC99CF9-FollowerState] INFO  impl.FollowerState (FollowerState.java:run(143)) - 757e1abf-caf6-4356-ad73-d786994982ad@group-4B271DC99CF9-FollowerState was interrupted: {}
java.lang.InterruptedException: sleep interrupted
	at java.lang.Thread.sleep(Native Method)
	at java.lang.Thread.sleep(Thread.java:340)
	at java.util.concurrent.TimeUnit.sleep(TimeUnit.java:386)
	at org.apache.ratis.util.TimeDuration.sleep(TimeDuration.java:324)
	at org.apache.ratis.util.TimeDuration.sleep(TimeDuration.java:309)
	at org.apache.ratis.server.impl.FollowerState.run(FollowerState.java:118)
2022-01-11 23:54:17,139 [grpc-default-executor-1] INFO  server.RaftServer$Division (RaftServerImpl.java:requestVote(1078)) - 757e1abf-caf6-4356-ad73-d786994982ad@group-4B271DC99CF9 replies to ELECTION vote request: 77c66afc-fa73-4d89-b59d-9adc22a556cf<-757e1abf-caf6-4356-ad73-d786994982ad#0:OK-t3. Peer's state: 757e1abf-caf6-4356-ad73-d786994982ad@group-4B271DC99CF9:t3, leader=null, voted=77c66afc-fa73-4d89-b59d-9adc22a556cf, raftlog=757e1abf-caf6-4356-ad73-d786994982ad@group-4B271DC99CF9-SegmentedRaftLog:OPENED:c-1, conf=-1: [2a1c9333-8641-498a-88f2-87bcecbe0d18|rpc:10.1.0.37:38177|priority:1, 757e1abf-caf6-4356-ad73-d786994982ad|rpc:10.1.0.37:41749|priority:0, 77c66afc-fa73-4d89-b59d-9adc22a556cf|rpc:10.1.0.37:40587|priority:0], old=null
2022-01-11 23:54:17,166 [77c66afc-fa73-4d89-b59d-9adc22a556cf@group-4B271DC99CF9-LeaderElection62] INFO  impl.LeaderElection (LeaderElection.java:logAndReturn(89)) - 77c66afc-fa73-4d89-b59d-9adc22a556cf@group-4B271DC99CF9-LeaderElection62: ELECTION REJECTED received 2 response(s) and 0 exception(s):
2022-01-11 23:54:17,166 [77c66afc-fa73-4d89-b59d-9adc22a556cf@group-4B271DC99CF9-LeaderElection62] INFO  impl.LeaderElection (LeaderElection.java:logAndReturn(93)) -   Response 0: 77c66afc-fa73-4d89-b59d-9adc22a556cf<-2a1c9333-8641-498a-88f2-87bcecbe0d18#0:FAIL-t3
2022-01-11 23:54:17,166 [77c66afc-fa73-4d89-b59d-9adc22a556cf@group-4B271DC99CF9-LeaderElection62] INFO  impl.LeaderElection (LeaderElection.java:logAndReturn(93)) -   Response 1: 77c66afc-fa73-4d89-b59d-9adc22a556cf<-757e1abf-caf6-4356-ad73-d786994982ad#0:OK-t3
2022-01-11 23:54:17,166 [77c66afc-fa73-4d89-b59d-9adc22a556cf@group-4B271DC99CF9-LeaderElection62] INFO  impl.LeaderElection (LeaderElection.java:askForVotes(308)) - 77c66afc-fa73-4d89-b59d-9adc22a556cf@group-4B271DC99CF9-LeaderElection62 ELECTION round 0: result REJECTED
2022-01-11 23:54:17,166 [77c66afc-fa73-4d89-b59d-9adc22a556cf@group-4B271DC99CF9-LeaderElection62] INFO  server.RaftServer$Division (RaftServerImpl.java:setRole(290)) - 77c66afc-fa73-4d89-b59d-9adc22a556cf@group-4B271DC99CF9: changes role from CANDIDATE to FOLLOWER at term 3 for REJECTED
2022-01-11 23:54:17,166 [77c66afc-fa73-4d89-b59d-9adc22a556cf@group-4B271DC99CF9-LeaderElection62] INFO  impl.RoleInfo (RoleInfo.java:shutdownLeaderElection(121)) - 77c66afc-fa73-4d89-b59d-9adc22a556cf: shutdown 77c66afc-fa73-4d89-b59d-9adc22a556cf@group-4B271DC99CF9-LeaderElection62
2022-01-11 23:54:17,166 [77c66afc-fa73-4d89-b59d-9adc22a556cf@group-4B271DC99CF9-LeaderElection62] INFO  impl.RoleInfo (RoleInfo.java:updateAndGet(130)) - 77c66afc-fa73-4d89-b59d-9adc22a556cf: start 77c66afc-fa73-4d89-b59d-9adc22a556cf@group-4B271DC99CF9-FollowerState
2022-01-11 23:54:20,931 [Listener at 127.0.0.1/46043] INFO  ozoneimpl.OzoneContainer (OzoneContainer.java:stop(336)) - Attempting to stop container services.
2022-01-11 23:54:20,931 [Listener at 127.0.0.1/46043] INFO  server.RaftServer (RaftServerProxy.java:lambda$close$6(391)) - 2a1c9333-8641-498a-88f2-87bcecbe0d18: close
2022-01-11 23:54:20,934 [Listener at 127.0.0.1/46043] INFO  server.RaftServer$Division (RaftServerImpl.java:lambda$close$4(412)) - 2a1c9333-8641-498a-88f2-87bcecbe0d18@group-29C336287606: shutdown
2022-01-11 23:54:20,934 [Listener at 127.0.0.1/46043] INFO  util.JmxRegister (JmxRegister.java:unregister(73)) - Successfully un-registered JMX Bean with object name Ratis:service=RaftServer,group=group-29C336287606,id=2a1c9333-8641-498a-88f2-87bcecbe0d18
2022-01-11 23:54:20,934 [Listener at 127.0.0.1/46043] INFO  impl.RoleInfo (RoleInfo.java:shutdownFollowerState(108)) - 2a1c9333-8641-498a-88f2-87bcecbe0d18: shutdown 2a1c9333-8641-498a-88f2-87bcecbe0d18@group-29C336287606-FollowerState
2022-01-11 23:54:20,935 [Listener at 127.0.0.1/46043] INFO  impl.StateMachineUpdater (StateMachineUpdater.java:stopAndJoin(149)) - 2a1c9333-8641-498a-88f2-87bcecbe0d18@group-29C336287606-StateMachineUpdater: set stopIndex = 0
2022-01-11 23:54:20,935 [2a1c9333-8641-498a-88f2-87bcecbe0d18@group-29C336287606-FollowerState] INFO  impl.FollowerState (FollowerState.java:run(143)) - 2a1c9333-8641-498a-88f2-87bcecbe0d18@group-29C336287606-FollowerState was interrupted: {}
java.lang.InterruptedException: sleep interrupted
	at java.lang.Thread.sleep(Native Method)
	at java.lang.Thread.sleep(Thread.java:340)
	at java.util.concurrent.TimeUnit.sleep(TimeUnit.java:386)
	at org.apache.ratis.util.TimeDuration.sleep(TimeDuration.java:324)
	at org.apache.ratis.util.TimeDuration.sleep(TimeDuration.java:309)
	at org.apache.ratis.server.impl.FollowerState.run(FollowerState.java:118)
2022-01-11 23:54:20,935 [2a1c9333-8641-498a-88f2-87bcecbe0d18@group-29C336287606-StateMachineUpdater] INFO  ratis.ContainerStateMachine (ContainerStateMachine.java:takeSnapshot(299)) - group-29C336287606: Taking a snapshot at:(t:3, i:0) file /home/runner/work/ozone/ozone/hadoop-ozone/integration-test/target/test-dir/MiniOzoneClusterImpl-84b3519b-a2d3-47e7-8c84-34506f72c9f7/datanode-5/data/ratis/9af18b33-0efc-4508-87fb-29c336287606/sm/snapshot.3_0
2022-01-11 23:54:20,936 [2a1c9333-8641-498a-88f2-87bcecbe0d18@group-29C336287606-StateMachineUpdater] INFO  ratis.ContainerStateMachine (ContainerStateMachine.java:takeSnapshot(310)) - group-29C336287606: Finished taking a snapshot at:(t:3, i:0) file:/home/runner/work/ozone/ozone/hadoop-ozone/integration-test/target/test-dir/MiniOzoneClusterImpl-84b3519b-a2d3-47e7-8c84-34506f72c9f7/datanode-5/data/ratis/9af18b33-0efc-4508-87fb-29c336287606/sm/snapshot.3_0 took: 1 ms
2022-01-11 23:54:20,936 [2a1c9333-8641-498a-88f2-87bcecbe0d18@group-29C336287606-StateMachineUpdater] INFO  impl.StateMachineUpdater (StateMachineUpdater.java:takeSnapshot(281)) - 2a1c9333-8641-498a-88f2-87bcecbe0d18@group-29C336287606-StateMachineUpdater: Took a snapshot at index 0
2022-01-11 23:54:20,937 [2a1c9333-8641-498a-88f2-87bcecbe0d18@group-29C336287606-StateMachineUpdater] INFO  impl.StateMachineUpdater (StateMachineUpdater.java:lambda$new$0(89)) - 2a1c9333-8641-498a-88f2-87bcecbe0d18@group-29C336287606-StateMachineUpdater: snapshotIndex: updateIncreasingly -1 -> 0
2022-01-11 23:54:20,939 [Listener at 127.0.0.1/46043] INFO  server.RaftServer$Division (ServerState.java:close(419)) - 2a1c9333-8641-498a-88f2-87bcecbe0d18@group-29C336287606: closes. applyIndex: 0
2022-01-11 23:54:20,939 [2a1c9333-8641-498a-88f2-87bcecbe0d18@group-29C336287606-SegmentedRaftLogWorker] INFO  segmented.SegmentedRaftLogWorker (SegmentedRaftLogWorker.java:run(327)) - 2a1c9333-8641-498a-88f2-87bcecbe0d18@group-29C336287606-SegmentedRaftLogWorker was interrupted, exiting. There are 0 tasks remaining in the queue.
2022-01-11 23:54:20,942 [Listener at 127.0.0.1/46043] INFO  segmented.SegmentedRaftLogWorker (SegmentedRaftLogWorker.java:close(237)) - 2a1c9333-8641-498a-88f2-87bcecbe0d18@group-29C336287606-SegmentedRaftLogWorker close()
2022-01-11 23:54:20,944 [Listener at 127.0.0.1/46043] INFO  server.RaftServer$Division (RaftServerImpl.java:lambda$close$4(412)) - 2a1c9333-8641-498a-88f2-87bcecbe0d18@group-36EC4F650869: shutdown
2022-01-11 23:54:20,944 [Listener at 127.0.0.1/46043] INFO  util.JmxRegister (JmxRegister.java:unregister(73)) - Successfully un-registered JMX Bean with object name Ratis:service=RaftServer,group=group-36EC4F650869,id=2a1c9333-8641-498a-88f2-87bcecbe0d18
2022-01-11 23:54:20,944 [Listener at 127.0.0.1/46043] INFO  impl.RoleInfo (RoleInfo.java:shutdownFollowerState(108)) - 2a1c9333-8641-498a-88f2-87bcecbe0d18: shutdown 2a1c9333-8641-498a-88f2-87bcecbe0d18@group-36EC4F650869-FollowerState
2022-01-11 23:54:20,944 [Listener at 127.0.0.1/46043] INFO  impl.StateMachineUpdater (StateMachineUpdater.java:stopAndJoin(149)) - 2a1c9333-8641-498a-88f2-87bcecbe0d18@group-36EC4F650869-StateMachineUpdater: set stopIndex = 0
2022-01-11 23:54:20,944 [2a1c9333-8641-498a-88f2-87bcecbe0d18@group-36EC4F650869-FollowerState] INFO  impl.FollowerState (FollowerState.java:run(143)) - 2a1c9333-8641-498a-88f2-87bcecbe0d18@group-36EC4F650869-FollowerState was interrupted: {}
java.lang.InterruptedException: sleep interrupted
	at java.lang.Thread.sleep(Native Method)
	at java.lang.Thread.sleep(Thread.java:340)
	at java.util.concurrent.TimeUnit.sleep(TimeUnit.java:386)
	at org.apache.ratis.util.TimeDuration.sleep(TimeDuration.java:324)
	at org.apache.ratis.util.TimeDuration.sleep(TimeDuration.java:309)
	at org.apache.ratis.server.impl.FollowerState.run(FollowerState.java:118)
2022-01-11 23:54:20,945 [2a1c9333-8641-498a-88f2-87bcecbe0d18@group-36EC4F650869-StateMachineUpdater] INFO  ratis.ContainerStateMachine (ContainerStateMachine.java:takeSnapshot(299)) - group-36EC4F650869: Taking a snapshot at:(t:2, i:0) file /home/runner/work/ozone/ozone/hadoop-ozone/integration-test/target/test-dir/MiniOzoneClusterImpl-84b3519b-a2d3-47e7-8c84-34506f72c9f7/datanode-5/data/ratis/1afd3704-aaf0-437f-bd8e-36ec4f650869/sm/snapshot.2_0
2022-01-11 23:54:20,946 [2a1c9333-8641-498a-88f2-87bcecbe0d18@group-36EC4F650869-StateMachineUpdater] INFO  ratis.ContainerStateMachine (ContainerStateMachine.java:takeSnapshot(310)) - group-36EC4F650869: Finished taking a snapshot at:(t:2, i:0) file:/home/runner/work/ozone/ozone/hadoop-ozone/integration-test/target/test-dir/MiniOzoneClusterImpl-84b3519b-a2d3-47e7-8c84-34506f72c9f7/datanode-5/data/ratis/1afd3704-aaf0-437f-bd8e-36ec4f650869/sm/snapshot.2_0 took: 1 ms
2022-01-11 23:54:20,946 [2a1c9333-8641-498a-88f2-87bcecbe0d18@group-36EC4F650869-StateMachineUpdater] INFO  impl.StateMachineUpdater (StateMachineUpdater.java:takeSnapshot(281)) - 2a1c9333-8641-498a-88f2-87bcecbe0d18@group-36EC4F650869-StateMachineUpdater: Took a snapshot at index 0
2022-01-11 23:54:20,946 [2a1c9333-8641-498a-88f2-87bcecbe0d18@group-36EC4F650869-StateMachineUpdater] INFO  impl.StateMachineUpdater (StateMachineUpdater.java:lambda$new$0(89)) - 2a1c9333-8641-498a-88f2-87bcecbe0d18@group-36EC4F650869-StateMachineUpdater: snapshotIndex: updateIncreasingly -1 -> 0
2022-01-11 23:54:20,946 [Listener at 127.0.0.1/46043] INFO  server.RaftServer$Division (ServerState.java:close(419)) - 2a1c9333-8641-498a-88f2-87bcecbe0d18@group-36EC4F650869: closes. applyIndex: 0
2022-01-11 23:54:20,946 [2a1c9333-8641-498a-88f2-87bcecbe0d18@group-36EC4F650869-SegmentedRaftLogWorker] INFO  segmented.SegmentedRaftLogWorker (SegmentedRaftLogWorker.java:run(327)) - 2a1c9333-8641-498a-88f2-87bcecbe0d18@group-36EC4F650869-SegmentedRaftLogWorker was interrupted, exiting. There are 0 tasks remaining in the queue.
2022-01-11 23:54:20,952 [Listener at 127.0.0.1/46043] INFO  segmented.SegmentedRaftLogWorker (SegmentedRaftLogWorker.java:close(237)) - 2a1c9333-8641-498a-88f2-87bcecbe0d18@group-36EC4F650869-SegmentedRaftLogWorker close()
2022-01-11 23:54:20,957 [ForkJoinPool.commonPool-worker-1] INFO  server.RaftServer$Division (RaftServerImpl.java:lambda$close$4(412)) - 2a1c9333-8641-498a-88f2-87bcecbe0d18@group-4B271DC99CF9: shutdown
2022-01-11 23:54:20,957 [Listener at 127.0.0.1/46043] INFO  server.RaftServer$Division (RaftServerImpl.java:lambda$close$4(412)) - 2a1c9333-8641-498a-88f2-87bcecbe0d18@group-A72DDD3ACB6B: shutdown
2022-01-11 23:54:20,957 [Listener at 127.0.0.1/46043] INFO  util.JmxRegister (JmxRegister.java:unregister(73)) - Successfully un-registered JMX Bean with object name Ratis:service=RaftServer,group=group-A72DDD3ACB6B,id=2a1c9333-8641-498a-88f2-87bcecbe0d18
2022-01-11 23:54:20,957 [Listener at 127.0.0.1/46043] INFO  impl.RoleInfo (RoleInfo.java:shutdownLeaderState(91)) - 2a1c9333-8641-498a-88f2-87bcecbe0d18: shutdown 2a1c9333-8641-498a-88f2-87bcecbe0d18@group-A72DDD3ACB6B-LeaderStateImpl
2022-01-11 23:54:20,957 [Listener at 127.0.0.1/46043] INFO  impl.PendingRequests (PendingRequests.java:sendNotLeaderResponses(282)) - 2a1c9333-8641-498a-88f2-87bcecbe0d18@group-A72DDD3ACB6B-PendingRequests: sendNotLeaderResponses
2022-01-11 23:54:20,957 [ForkJoinPool.commonPool-worker-1] INFO  util.JmxRegister (JmxRegister.java:unregister(73)) - Successfully un-registered JMX Bean with object name Ratis:service=RaftServer,group=group-4B271DC99CF9,id=2a1c9333-8641-498a-88f2-87bcecbe0d18
2022-01-11 23:54:20,957 [ForkJoinPool.commonPool-worker-1] INFO  impl.RoleInfo (RoleInfo.java:shutdownFollowerState(108)) - 2a1c9333-8641-498a-88f2-87bcecbe0d18: shutdown 2a1c9333-8641-498a-88f2-87bcecbe0d18@group-4B271DC99CF9-FollowerState
2022-01-11 23:54:20,957 [2a1c9333-8641-498a-88f2-87bcecbe0d18@group-4B271DC99CF9-FollowerState] INFO  impl.FollowerState (FollowerState.java:run(143)) - 2a1c9333-8641-498a-88f2-87bcecbe0d18@group-4B271DC99CF9-FollowerState was interrupted: {}
java.lang.InterruptedException: sleep interrupted
	at java.lang.Thread.sleep(Native Method)
	at java.lang.Thread.sleep(Thread.java:340)
	at java.util.concurrent.TimeUnit.sleep(TimeUnit.java:386)
	at org.apache.ratis.util.TimeDuration.sleep(TimeDuration.java:324)
	at org.apache.ratis.util.TimeDuration.sleep(TimeDuration.java:309)
	at org.apache.ratis.server.impl.FollowerState.run(FollowerState.java:118)
2022-01-11 23:54:20,958 [ForkJoinPool.commonPool-worker-1] INFO  impl.StateMachineUpdater (StateMachineUpdater.java:stopAndJoin(149)) - 2a1c9333-8641-498a-88f2-87bcecbe0d18@group-4B271DC99CF9-StateMachineUpdater: set stopIndex = -1
2022-01-11 23:54:20,958 [ForkJoinPool.commonPool-worker-1] INFO  server.RaftServer$Division (ServerState.java:close(419)) - 2a1c9333-8641-498a-88f2-87bcecbe0d18@group-4B271DC99CF9: closes. applyIndex: -1
2022-01-11 23:54:20,958 [2a1c9333-8641-498a-88f2-87bcecbe0d18@group-4B271DC99CF9-SegmentedRaftLogWorker] INFO  segmented.SegmentedRaftLogWorker (SegmentedRaftLogWorker.java:run(327)) - 2a1c9333-8641-498a-88f2-87bcecbe0d18@group-4B271DC99CF9-SegmentedRaftLogWorker was interrupted, exiting. There are 0 tasks remaining in the queue.
2022-01-11 23:54:20,958 [ForkJoinPool.commonPool-worker-1] INFO  segmented.SegmentedRaftLogWorker (SegmentedRaftLogWorker.java:close(237)) - 2a1c9333-8641-498a-88f2-87bcecbe0d18@group-4B271DC99CF9-SegmentedRaftLogWorker close()
2022-01-11 23:54:20,978 [Listener at 127.0.0.1/46043] INFO  impl.StateMachineUpdater (StateMachineUpdater.java:stopAndJoin(149)) - 2a1c9333-8641-498a-88f2-87bcecbe0d18@group-A72DDD3ACB6B-StateMachineUpdater: set stopIndex = 11
2022-01-11 23:54:20,979 [2a1c9333-8641-498a-88f2-87bcecbe0d18@group-A72DDD3ACB6B-StateMachineUpdater] INFO  ratis.ContainerStateMachine (ContainerStateMachine.java:takeSnapshot(299)) - group-A72DDD3ACB6B: Taking a snapshot at:(t:1, i:11) file /home/runner/work/ozone/ozone/hadoop-ozone/integration-test/target/test-dir/MiniOzoneClusterImpl-84b3519b-a2d3-47e7-8c84-34506f72c9f7/datanode-5/data/ratis/a1978e2b-ad32-4a8c-80c7-a72ddd3acb6b/sm/snapshot.1_11
2022-01-11 23:54:20,982 [2a1c9333-8641-498a-88f2-87bcecbe0d18@group-A72DDD3ACB6B-StateMachineUpdater] INFO  ratis.ContainerStateMachine (ContainerStateMachine.java:takeSnapshot(310)) - group-A72DDD3ACB6B: Finished taking a snapshot at:(t:1, i:11) file:/home/runner/work/ozone/ozone/hadoop-ozone/integration-test/target/test-dir/MiniOzoneClusterImpl-84b3519b-a2d3-47e7-8c84-34506f72c9f7/datanode-5/data/ratis/a1978e2b-ad32-4a8c-80c7-a72ddd3acb6b/sm/snapshot.1_11 took: 3 ms
2022-01-11 23:54:20,982 [2a1c9333-8641-498a-88f2-87bcecbe0d18@group-A72DDD3ACB6B-StateMachineUpdater] INFO  impl.StateMachineUpdater (StateMachineUpdater.java:takeSnapshot(281)) - 2a1c9333-8641-498a-88f2-87bcecbe0d18@group-A72DDD3ACB6B-StateMachineUpdater: Took a snapshot at index 11
2022-01-11 23:54:20,982 [2a1c9333-8641-498a-88f2-87bcecbe0d18@group-A72DDD3ACB6B-StateMachineUpdater] INFO  impl.StateMachineUpdater (StateMachineUpdater.java:lambda$new$0(89)) - 2a1c9333-8641-498a-88f2-87bcecbe0d18@group-A72DDD3ACB6B-StateMachineUpdater: snapshotIndex: updateIncreasingly -1 -> 11
2022-01-11 23:54:20,983 [Listener at 127.0.0.1/46043] INFO  server.RaftServer$Division (ServerState.java:close(419)) - 2a1c9333-8641-498a-88f2-87bcecbe0d18@group-A72DDD3ACB6B: closes. applyIndex: 11
2022-01-11 23:54:20,983 [2a1c9333-8641-498a-88f2-87bcecbe0d18@group-A72DDD3ACB6B-SegmentedRaftLogWorker] INFO  segmented.SegmentedRaftLogWorker (SegmentedRaftLogWorker.java:run(327)) - 2a1c9333-8641-498a-88f2-87bcecbe0d18@group-A72DDD3ACB6B-SegmentedRaftLogWorker was interrupted, exiting. There are 0 tasks remaining in the queue.
2022-01-11 23:54:20,989 [Listener at 127.0.0.1/46043] INFO  segmented.SegmentedRaftLogWorker (SegmentedRaftLogWorker.java:close(237)) - 2a1c9333-8641-498a-88f2-87bcecbe0d18@group-A72DDD3ACB6B-SegmentedRaftLogWorker close()
2022-01-11 23:54:20,990 [Listener at 127.0.0.1/46043] INFO  server.GrpcService (GrpcService.java:closeImpl(262)) - 2a1c9333-8641-498a-88f2-87bcecbe0d18: shutdown server with port 38177 now
2022-01-11 23:54:20,991 [grpc-default-executor-0] WARN  server.GrpcLogAppender (LogUtils.java:warn(122)) - 757e1abf-caf6-4356-ad73-d786994982ad@group-29C336287606->2a1c9333-8641-498a-88f2-87bcecbe0d18-AppendLogResponseHandler: Failed appendEntries: org.apache.ratis.thirdparty.io.grpc.StatusRuntimeException: CANCELLED: HTTP/2 error code: CANCEL
Received Rst Stream
2022-01-11 23:54:20,992 [grpc-default-executor-0] WARN  server.GrpcLogAppender (GrpcLogAppender.java:resetClient(110)) - 757e1abf-caf6-4356-ad73-d786994982ad@group-29C336287606->2a1c9333-8641-498a-88f2-87bcecbe0d18-GrpcLogAppender: Leader has not got in touch with Follower 757e1abf-caf6-4356-ad73-d786994982ad@group-29C336287606->2a1c9333-8641-498a-88f2-87bcecbe0d18(c0,m0,n1, attendVote=true, lastRpcSendTime=1324, lastRpcResponseTime=1311) yet, just keep nextIndex unchanged and retry.
2022-01-11 23:54:20,992 [grpc-default-executor-2] WARN  server.GrpcServerProtocolService (LogUtils.java:warn(122)) - 2a1c9333-8641-498a-88f2-87bcecbe0d18: installSnapshot onError, lastRequest: 757e1abf-caf6-4356-ad73-d786994982ad->2a1c9333-8641-498a-88f2-87bcecbe0d18#1-t3,previous=(t:0, i:0),leaderCommit=0,initializing? true,entries: size=1, first=(t:3, i:0), CONFIGURATIONENTRY: org.apache.ratis.thirdparty.io.grpc.StatusRuntimeException: CANCELLED: client cancelled
2022-01-11 23:54:20,993 [grpc-default-executor-3] WARN  server.GrpcServerProtocolService (LogUtils.java:warn(122)) - 2a1c9333-8641-498a-88f2-87bcecbe0d18: installSnapshot onError, lastRequest: 77c66afc-fa73-4d89-b59d-9adc22a556cf->2a1c9333-8641-498a-88f2-87bcecbe0d18#1-t2,previous=(t:0, i:0),leaderCommit=0,initializing? true,entries: size=1, first=(t:2, i:0), CONFIGURATIONENTRY: org.apache.ratis.thirdparty.io.grpc.StatusRuntimeException: CANCELLED: client cancelled
2022-01-11 23:54:21,006 [Listener at 127.0.0.1/46043] INFO  server.GrpcService (GrpcService.java:closeImpl(271)) - 2a1c9333-8641-498a-88f2-87bcecbe0d18: shutdown server with port 38177 successfully
2022-01-11 23:54:21,006 [org.apache.ratis.util.JvmPauseMonitor$$Lambda$538/836759902@15e433eb] INFO  util.JvmPauseMonitor (JvmPauseMonitor.java:run(109)) - JvmPauseMonitor-2a1c9333-8641-498a-88f2-87bcecbe0d18: Stopped
2022-01-11 23:54:21,011 [grpc-default-executor-5] WARN  server.GrpcLogAppender (LogUtils.java:warn(122)) - 77c66afc-fa73-4d89-b59d-9adc22a556cf@group-36EC4F650869->2a1c9333-8641-498a-88f2-87bcecbe0d18-AppendLogResponseHandler: Failed appendEntries: org.apache.ratis.thirdparty.io.grpc.StatusRuntimeException: CANCELLED: HTTP/2 error code: CANCEL
Received Rst Stream
2022-01-11 23:54:21,011 [grpc-default-executor-5] WARN  server.GrpcLogAppender (GrpcLogAppender.java:resetClient(110)) - 77c66afc-fa73-4d89-b59d-9adc22a556cf@group-36EC4F650869->2a1c9333-8641-498a-88f2-87bcecbe0d18-GrpcLogAppender: Leader has not got in touch with Follower 77c66afc-fa73-4d89-b59d-9adc22a556cf@group-36EC4F650869->2a1c9333-8641-498a-88f2-87bcecbe0d18(c0,m0,n1, attendVote=true, lastRpcSendTime=1582, lastRpcResponseTime=1566) yet, just keep nextIndex unchanged and retry.
2022-01-11 23:54:21,976 [grpc-default-executor-1] WARN  server.GrpcLogAppender (LogUtils.java:warn(122)) - 77c66afc-fa73-4d89-b59d-9adc22a556cf@group-36EC4F650869->2a1c9333-8641-498a-88f2-87bcecbe0d18-AppendLogResponseHandler: Failed appendEntries: org.apache.ratis.thirdparty.io.grpc.StatusRuntimeException: UNAVAILABLE: io exception
2022-01-11 23:54:21,977 [grpc-default-executor-1] WARN  server.GrpcLogAppender (GrpcLogAppender.java:resetClient(110)) - 77c66afc-fa73-4d89-b59d-9adc22a556cf@group-36EC4F650869->2a1c9333-8641-498a-88f2-87bcecbe0d18-GrpcLogAppender: Leader has not got in touch with Follower 77c66afc-fa73-4d89-b59d-9adc22a556cf@group-36EC4F650869->2a1c9333-8641-498a-88f2-87bcecbe0d18(c0,m0,n1, attendVote=true, lastRpcSendTime=1, lastRpcResponseTime=2532) yet, just keep nextIndex unchanged and retry.
2022-01-11 23:54:22,180 [757e1abf-caf6-4356-ad73-d786994982ad@group-4B271DC99CF9-FollowerState] INFO  impl.FollowerState (FollowerState.java:run(134)) - 757e1abf-caf6-4356-ad73-d786994982ad@group-4B271DC99CF9-FollowerState: change to CANDIDATE, lastRpcElapsedTime:5041132572ns, electionTimeout:5036ms
2022-01-11 23:54:22,180 [757e1abf-caf6-4356-ad73-d786994982ad@group-4B271DC99CF9-FollowerState] INFO  impl.RoleInfo (RoleInfo.java:shutdownFollowerState(108)) - 757e1abf-caf6-4356-ad73-d786994982ad: shutdown 757e1abf-caf6-4356-ad73-d786994982ad@group-4B271DC99CF9-FollowerState
2022-01-11 23:54:22,180 [757e1abf-caf6-4356-ad73-d786994982ad@group-4B271DC99CF9-FollowerState] INFO  server.RaftServer$Division (RaftServerImpl.java:setRole(290)) - 757e1abf-caf6-4356-ad73-d786994982ad@group-4B271DC99CF9: changes role from  FOLLOWER to CANDIDATE at term 3 for changeToCandidate
2022-01-11 23:54:22,180 [757e1abf-caf6-4356-ad73-d786994982ad@group-4B271DC99CF9-FollowerState] INFO  server.RaftServerConfigKeys (ConfUtils.java:logGet(44)) - raft.server.leaderelection.pre-vote = false (custom)
2022-01-11 23:54:22,181 [757e1abf-caf6-4356-ad73-d786994982ad@group-4B271DC99CF9-FollowerState] INFO  impl.RoleInfo (RoleInfo.java:updateAndGet(130)) - 757e1abf-caf6-4356-ad73-d786994982ad: start 757e1abf-caf6-4356-ad73-d786994982ad@group-4B271DC99CF9-LeaderElection63
2022-01-11 23:54:22,204 [grpc-default-executor-3] WARN  server.GrpcLogAppender (LogUtils.java:warn(122)) - 757e1abf-caf6-4356-ad73-d786994982ad@group-29C336287606->2a1c9333-8641-498a-88f2-87bcecbe0d18-AppendLogResponseHandler: Failed appendEntries: org.apache.ratis.thirdparty.io.grpc.StatusRuntimeException: UNAVAILABLE: io exception
2022-01-11 23:54:22,204 [grpc-default-executor-3] WARN  server.GrpcLogAppender (GrpcLogAppender.java:resetClient(110)) - 757e1abf-caf6-4356-ad73-d786994982ad@group-29C336287606->2a1c9333-8641-498a-88f2-87bcecbe0d18-GrpcLogAppender: Leader has not got in touch with Follower 757e1abf-caf6-4356-ad73-d786994982ad@group-29C336287606->2a1c9333-8641-498a-88f2-87bcecbe0d18(c0,m0,n1, attendVote=true, lastRpcSendTime=2, lastRpcResponseTime=2524) yet, just keep nextIndex unchanged and retry.
2022-01-11 23:54:22,217 [757e1abf-caf6-4356-ad73-d786994982ad@group-4B271DC99CF9-LeaderElection63] INFO  impl.LeaderElection (LeaderElection.java:askForVotes(306)) - 757e1abf-caf6-4356-ad73-d786994982ad@group-4B271DC99CF9-LeaderElection63 ELECTION round 0: submit vote requests at term 4 for -1: [2a1c9333-8641-498a-88f2-87bcecbe0d18|rpc:10.1.0.37:38177|priority:1, 757e1abf-caf6-4356-ad73-d786994982ad|rpc:10.1.0.37:41749|priority:0, 77c66afc-fa73-4d89-b59d-9adc22a556cf|rpc:10.1.0.37:40587|priority:0], old=null
2022-01-11 23:54:22,234 [757e1abf-caf6-4356-ad73-d786994982ad@group-4B271DC99CF9-LeaderElection63] INFO  impl.LeaderElection (LogUtils.java:infoOrTrace(137)) - 757e1abf-caf6-4356-ad73-d786994982ad@group-4B271DC99CF9-LeaderElection63 got exception when requesting votes: java.util.concurrent.ExecutionException: org.apache.ratis.thirdparty.io.grpc.StatusRuntimeException: UNAVAILABLE: io exception
2022-01-11 23:54:22,243 [77c66afc-fa73-4d89-b59d-9adc22a556cf@group-4B271DC99CF9-FollowerState] INFO  impl.FollowerState (FollowerState.java:run(134)) - 77c66afc-fa73-4d89-b59d-9adc22a556cf@group-4B271DC99CF9-FollowerState: change to CANDIDATE, lastRpcElapsedTime:5077151232ns, electionTimeout:5056ms
2022-01-11 23:54:22,243 [77c66afc-fa73-4d89-b59d-9adc22a556cf@group-4B271DC99CF9-FollowerState] INFO  impl.RoleInfo (RoleInfo.java:shutdownFollowerState(108)) - 77c66afc-fa73-4d89-b59d-9adc22a556cf: shutdown 77c66afc-fa73-4d89-b59d-9adc22a556cf@group-4B271DC99CF9-FollowerState
2022-01-11 23:54:22,243 [77c66afc-fa73-4d89-b59d-9adc22a556cf@group-4B271DC99CF9-FollowerState] INFO  server.RaftServer$Division (RaftServerImpl.java:setRole(290)) - 77c66afc-fa73-4d89-b59d-9adc22a556cf@group-4B271DC99CF9: changes role from  FOLLOWER to CANDIDATE at term 3 for changeToCandidate
2022-01-11 23:54:22,243 [77c66afc-fa73-4d89-b59d-9adc22a556cf@group-4B271DC99CF9-FollowerState] INFO  server.RaftServerConfigKeys (ConfUtils.java:logGet(44)) - raft.server.leaderelection.pre-vote = false (custom)
2022-01-11 23:54:22,244 [77c66afc-fa73-4d89-b59d-9adc22a556cf@group-4B271DC99CF9-FollowerState] INFO  impl.RoleInfo (RoleInfo.java:updateAndGet(130)) - 77c66afc-fa73-4d89-b59d-9adc22a556cf: start 77c66afc-fa73-4d89-b59d-9adc22a556cf@group-4B271DC99CF9-LeaderElection64
2022-01-11 23:54:22,247 [grpc-default-executor-1] INFO  server.RaftServer$Division (RaftServerImpl.java:requestVote(1046)) - 77c66afc-fa73-4d89-b59d-9adc22a556cf@group-4B271DC99CF9: receive requestVote(ELECTION, 757e1abf-caf6-4356-ad73-d786994982ad, group-4B271DC99CF9, 4, (t:0, i:0))
2022-01-11 23:54:22,264 [grpc-default-executor-1] INFO  impl.VoteContext (VoteContext.java:log(48)) - 77c66afc-fa73-4d89-b59d-9adc22a556cf@group-4B271DC99CF9-CANDIDATE: accept ELECTION from 757e1abf-caf6-4356-ad73-d786994982ad: our priority 0 <= candidate's priority 0
2022-01-11 23:54:22,264 [grpc-default-executor-1] INFO  server.RaftServer$Division (RaftServerImpl.java:setRole(290)) - 77c66afc-fa73-4d89-b59d-9adc22a556cf@group-4B271DC99CF9: changes role from CANDIDATE to FOLLOWER at term 4 for candidate:757e1abf-caf6-4356-ad73-d786994982ad
2022-01-11 23:54:22,264 [grpc-default-executor-1] INFO  impl.RoleInfo (RoleInfo.java:shutdownLeaderElection(121)) - 77c66afc-fa73-4d89-b59d-9adc22a556cf: shutdown 77c66afc-fa73-4d89-b59d-9adc22a556cf@group-4B271DC99CF9-LeaderElection64
2022-01-11 23:54:22,264 [grpc-default-executor-1] INFO  impl.RoleInfo (RoleInfo.java:updateAndGet(130)) - 77c66afc-fa73-4d89-b59d-9adc22a556cf: start 77c66afc-fa73-4d89-b59d-9adc22a556cf@group-4B271DC99CF9-FollowerState
2022-01-11 23:54:22,264 [77c66afc-fa73-4d89-b59d-9adc22a556cf@group-4B271DC99CF9-LeaderElection64] INFO  impl.LeaderElection (LeaderElection.java:run(230)) - 77c66afc-fa73-4d89-b59d-9adc22a556cf@group-4B271DC99CF9-LeaderElection64: skip running since this is already CLOSING
2022-01-11 23:54:22,266 [grpc-default-executor-1] INFO  server.RaftServer$Division (RaftServerImpl.java:requestVote(1078)) - 77c66afc-fa73-4d89-b59d-9adc22a556cf@group-4B271DC99CF9 replies to ELECTION vote request: 757e1abf-caf6-4356-ad73-d786994982ad<-77c66afc-fa73-4d89-b59d-9adc22a556cf#0:OK-t4. Peer's state: 77c66afc-fa73-4d89-b59d-9adc22a556cf@group-4B271DC99CF9:t4, leader=null, voted=757e1abf-caf6-4356-ad73-d786994982ad, raftlog=77c66afc-fa73-4d89-b59d-9adc22a556cf@group-4B271DC99CF9-SegmentedRaftLog:OPENED:c-1, conf=-1: [2a1c9333-8641-498a-88f2-87bcecbe0d18|rpc:10.1.0.37:38177|priority:1, 757e1abf-caf6-4356-ad73-d786994982ad|rpc:10.1.0.37:41749|priority:0, 77c66afc-fa73-4d89-b59d-9adc22a556cf|rpc:10.1.0.37:40587|priority:0], old=null
2022-01-11 23:54:22,270 [757e1abf-caf6-4356-ad73-d786994982ad@group-4B271DC99CF9-LeaderElection63] INFO  impl.LeaderElection (LeaderElection.java:logAndReturn(89)) - 757e1abf-caf6-4356-ad73-d786994982ad@group-4B271DC99CF9-LeaderElection63: ELECTION PASSED received 1 response(s) and 1 exception(s):
2022-01-11 23:54:22,270 [757e1abf-caf6-4356-ad73-d786994982ad@group-4B271DC99CF9-LeaderElection63] INFO  impl.LeaderElection (LeaderElection.java:logAndReturn(93)) -   Response 0: 757e1abf-caf6-4356-ad73-d786994982ad<-77c66afc-fa73-4d89-b59d-9adc22a556cf#0:OK-t4
2022-01-11 23:54:22,270 [757e1abf-caf6-4356-ad73-d786994982ad@group-4B271DC99CF9-LeaderElection63] INFO  impl.LeaderElection (LogUtils.java:infoOrTrace(137)) -   Exception 1: java.util.concurrent.ExecutionException: org.apache.ratis.thirdparty.io.grpc.StatusRuntimeException: UNAVAILABLE: io exception
2022-01-11 23:54:22,270 [757e1abf-caf6-4356-ad73-d786994982ad@group-4B271DC99CF9-LeaderElection63] INFO  impl.LeaderElection (LeaderElection.java:askForVotes(308)) - 757e1abf-caf6-4356-ad73-d786994982ad@group-4B271DC99CF9-LeaderElection63 ELECTION round 0: result PASSED
2022-01-11 23:54:22,270 [757e1abf-caf6-4356-ad73-d786994982ad@group-4B271DC99CF9-LeaderElection63] INFO  impl.RoleInfo (RoleInfo.java:shutdownLeaderElection(121)) - 757e1abf-caf6-4356-ad73-d786994982ad: shutdown 757e1abf-caf6-4356-ad73-d786994982ad@group-4B271DC99CF9-LeaderElection63
2022-01-11 23:54:22,270 [757e1abf-caf6-4356-ad73-d786994982ad@group-4B271DC99CF9-LeaderElection63] INFO  server.RaftServer$Division (RaftServerImpl.java:setRole(290)) - 757e1abf-caf6-4356-ad73-d786994982ad@group-4B271DC99CF9: changes role from CANDIDATE to LEADER at term 4 for changeToLeader
2022-01-11 23:54:22,270 [757e1abf-caf6-4356-ad73-d786994982ad@group-4B271DC99CF9-LeaderElection63] INFO  ratis.XceiverServerRatis (XceiverServerRatis.java:handleLeaderChangedNotification(866)) - Leader change notification received for group: group-4B271DC99CF9 with new leaderId: 757e1abf-caf6-4356-ad73-d786994982ad
2022-01-11 23:54:22,270 [757e1abf-caf6-4356-ad73-d786994982ad@group-4B271DC99CF9-LeaderElection63] INFO  server.RaftServer$Division (ServerState.java:setLeader(285)) - 757e1abf-caf6-4356-ad73-d786994982ad@group-4B271DC99CF9: change Leader from null to 757e1abf-caf6-4356-ad73-d786994982ad at term 4 for becomeLeader, leader elected after 20309ms
2022-01-11 23:54:22,270 [757e1abf-caf6-4356-ad73-d786994982ad@group-4B271DC99CF9-LeaderElection63] INFO  server.RaftServerConfigKeys (ConfUtils.java:logGet(44)) - raft.server.staging.catchup.gap = 1000 (default)
2022-01-11 23:54:22,271 [757e1abf-caf6-4356-ad73-d786994982ad@group-4B271DC99CF9-LeaderElection63] INFO  server.RaftServerConfigKeys (ConfUtils.java:logGet(44)) - raft.server.write.element-limit = 1024 (custom)
2022-01-11 23:54:22,271 [757e1abf-caf6-4356-ad73-d786994982ad@group-4B271DC99CF9-LeaderElection63] INFO  server.RaftServerConfigKeys (ConfUtils.java:logGet(44)) - raft.server.write.byte-limit = 1024 M (=1073741824) (custom)
2022-01-11 23:54:22,271 [757e1abf-caf6-4356-ad73-d786994982ad@group-4B271DC99CF9-LeaderElection63] INFO  server.RaftServerConfigKeys (ConfUtils.java:logGet(44)) - raft.server.watch.timeout = 3000ms (custom)
2022-01-11 23:54:22,271 [757e1abf-caf6-4356-ad73-d786994982ad@group-4B271DC99CF9-LeaderElection63] INFO  server.RaftServerConfigKeys (ConfUtils.java:logGet(44)) - raft.server.watch.timeout.denomination = 1s (default)
2022-01-11 23:54:22,271 [757e1abf-caf6-4356-ad73-d786994982ad@group-4B271DC99CF9-LeaderElection63] INFO  server.RaftServerConfigKeys (ConfUtils.java:logGet(44)) - raft.server.watch.element-limit = 65536 (default)
2022-01-11 23:54:22,271 [757e1abf-caf6-4356-ad73-d786994982ad@group-4B271DC99CF9-LeaderElection63] INFO  server.RaftServerConfigKeys (ConfUtils.java:logGet(44)) - raft.server.write.element-limit = 1024 (custom)
2022-01-11 23:54:22,271 [757e1abf-caf6-4356-ad73-d786994982ad@group-4B271DC99CF9-LeaderElection63] INFO  server.RaftServerConfigKeys (ConfUtils.java:logGet(44)) - raft.server.write.follower.gap.ratio.max = -1.0 (default)
2022-01-11 23:54:22,271 [757e1abf-caf6-4356-ad73-d786994982ad@group-4B271DC99CF9-LeaderElection63] INFO  server.RaftServerConfigKeys (ConfUtils.java:logGet(44)) - raft.server.log.appender.snapshot.chunk.size.max = 16MB (=16777216) (default)
2022-01-11 23:54:22,271 [757e1abf-caf6-4356-ad73-d786994982ad@group-4B271DC99CF9-LeaderElection63] INFO  server.RaftServerConfigKeys (ConfUtils.java:logGet(44)) - raft.server.log.appender.buffer.byte-limit = 33554432 (custom)
2022-01-11 23:54:22,271 [757e1abf-caf6-4356-ad73-d786994982ad@group-4B271DC99CF9-LeaderElection63] INFO  server.RaftServerConfigKeys (ConfUtils.java:logGet(44)) - raft.server.log.appender.buffer.element-limit = 1 (custom)
2022-01-11 23:54:22,272 [757e1abf-caf6-4356-ad73-d786994982ad@group-4B271DC99CF9-LeaderElection63] INFO  grpc.GrpcConfigKeys (ConfUtils.java:logGet(44)) - raft.grpc.server.leader.outstanding.appends.max = 128 (default)
2022-01-11 23:54:22,272 [757e1abf-caf6-4356-ad73-d786994982ad@group-4B271DC99CF9-LeaderElection63] INFO  server.RaftServerConfigKeys (ConfUtils.java:logGet(44)) - raft.server.rpc.request.timeout = 3000ms (default)
2022-01-11 23:54:22,272 [757e1abf-caf6-4356-ad73-d786994982ad@group-4B271DC99CF9-LeaderElection63] INFO  server.RaftServerConfigKeys (ConfUtils.java:logGet(44)) - raft.server.log.appender.install.snapshot.enabled = false (custom)
2022-01-11 23:54:22,272 [757e1abf-caf6-4356-ad73-d786994982ad@group-4B271DC99CF9-LeaderElection63] INFO  server.RaftServerConfigKeys (ConfUtils.java:logGet(44)) - raft.server.log.appender.snapshot.chunk.size.max = 16MB (=16777216) (default)
2022-01-11 23:54:22,272 [757e1abf-caf6-4356-ad73-d786994982ad@group-4B271DC99CF9-LeaderElection63] INFO  server.RaftServerConfigKeys (ConfUtils.java:logGet(44)) - raft.server.log.appender.buffer.byte-limit = 33554432 (custom)
2022-01-11 23:54:22,274 [EventQueue-PipelineReportForPipelineReportHandler] INFO  pipeline.PipelineManagerImpl (PipelineManagerImpl.java:openPipeline(291)) - Pipeline Pipeline[ Id: 5564fd82-da03-4608-bf34-4b271dc99cf9, Nodes: 2a1c9333-8641-498a-88f2-87bcecbe0d18{ip: 10.1.0.37, host: fv-az59-280.csjynl4pkq3e1pkirw3ssqjfoh.cx.internal.cloudapp.net, ports: [REPLICATION=45151, RATIS=38177, RATIS_ADMIN=38177, RATIS_SERVER=38177, STANDALONE=44313], networkLocation: /default-rack, certSerialId: null, persistedOpState: IN_SERVICE, persistedOpStateExpiryEpochSec: 0}77c66afc-fa73-4d89-b59d-9adc22a556cf{ip: 10.1.0.37, host: fv-az59-280.csjynl4pkq3e1pkirw3ssqjfoh.cx.internal.cloudapp.net, ports: [REPLICATION=36525, RATIS=40587, RATIS_ADMIN=40587, RATIS_SERVER=40587, STANDALONE=44631], networkLocation: /default-rack, certSerialId: null, persistedOpState: IN_SERVICE, persistedOpStateExpiryEpochSec: 0}757e1abf-caf6-4356-ad73-d786994982ad{ip: 10.1.0.37, host: fv-az59-280.csjynl4pkq3e1pkirw3ssqjfoh.cx.internal.cloudapp.net, ports: [REPLICATION=40569, RATIS=41749, RATIS_ADMIN=41749, RATIS_SERVER=41749, STANDALONE=42593], networkLocation: /default-rack, certSerialId: null, persistedOpState: IN_SERVICE, persistedOpStateExpiryEpochSec: 0}, ReplicationConfig: RATIS/THREE, State:ALLOCATED, leaderId:757e1abf-caf6-4356-ad73-d786994982ad, CreationTimestamp2022-01-11T23:53:59.466Z[Etc/UTC]] moved to OPEN state
2022-01-11 23:54:22,284 [757e1abf-caf6-4356-ad73-d786994982ad@group-4B271DC99CF9-LeaderElection63] INFO  server.RaftServerConfigKeys (ConfUtils.java:logGet(44)) - raft.server.log.appender.buffer.element-limit = 1 (custom)
2022-01-11 23:54:22,284 [757e1abf-caf6-4356-ad73-d786994982ad@group-4B271DC99CF9-LeaderElection63] INFO  grpc.GrpcConfigKeys (ConfUtils.java:logGet(44)) - raft.grpc.server.leader.outstanding.appends.max = 128 (default)
2022-01-11 23:54:22,286 [757e1abf-caf6-4356-ad73-d786994982ad@group-4B271DC99CF9-LeaderElection63] INFO  server.RaftServerConfigKeys (ConfUtils.java:logGet(44)) - raft.server.rpc.request.timeout = 3000ms (default)
2022-01-11 23:54:22,286 [757e1abf-caf6-4356-ad73-d786994982ad@group-4B271DC99CF9-LeaderElection63] INFO  server.RaftServerConfigKeys (ConfUtils.java:logGet(44)) - raft.server.log.appender.install.snapshot.enabled = false (custom)
2022-01-11 23:54:22,287 [757e1abf-caf6-4356-ad73-d786994982ad@group-4B271DC99CF9-LeaderElection63] INFO  impl.RoleInfo (RoleInfo.java:updateAndGet(130)) - 757e1abf-caf6-4356-ad73-d786994982ad: start 757e1abf-caf6-4356-ad73-d786994982ad@group-4B271DC99CF9-LeaderStateImpl
2022-01-11 23:54:22,290 [757e1abf-caf6-4356-ad73-d786994982ad@group-4B271DC99CF9-LeaderElection63] INFO  segmented.SegmentedRaftLogWorker (SegmentedRaftLogWorker.java:startLogSegment(394)) - 757e1abf-caf6-4356-ad73-d786994982ad@group-4B271DC99CF9-SegmentedRaftLogWorker: Starting segment from index:0
2022-01-11 23:54:22,291 [757e1abf-caf6-4356-ad73-d786994982ad@group-4B271DC99CF9-SegmentedRaftLogWorker] INFO  segmented.SegmentedRaftLogWorker (SegmentedRaftLogWorker.java:execute(601)) - 757e1abf-caf6-4356-ad73-d786994982ad@group-4B271DC99CF9-SegmentedRaftLogWorker: created new log segment /home/runner/work/ozone/ozone/hadoop-ozone/integration-test/target/test-dir/MiniOzoneClusterImpl-84b3519b-a2d3-47e7-8c84-34506f72c9f7/datanode-4/data/ratis/5564fd82-da03-4608-bf34-4b271dc99cf9/current/log_inprogress_0
2022-01-11 23:54:22,314 [grpc-default-executor-1] WARN  server.GrpcLogAppender (LogUtils.java:warn(122)) - 757e1abf-caf6-4356-ad73-d786994982ad@group-4B271DC99CF9->2a1c9333-8641-498a-88f2-87bcecbe0d18-AppendLogResponseHandler: Failed appendEntries: org.apache.ratis.thirdparty.io.grpc.StatusRuntimeException: UNAVAILABLE: io exception
2022-01-11 23:54:22,340 [757e1abf-caf6-4356-ad73-d786994982ad@group-4B271DC99CF9-LeaderElection63] INFO  server.RaftServer$Division (ServerState.java:setRaftConf(387)) - 757e1abf-caf6-4356-ad73-d786994982ad@group-4B271DC99CF9: set configuration 0: [2a1c9333-8641-498a-88f2-87bcecbe0d18|rpc:10.1.0.37:38177|dataStream:|priority:1, 757e1abf-caf6-4356-ad73-d786994982ad|rpc:10.1.0.37:41749|dataStream:|priority:0, 77c66afc-fa73-4d89-b59d-9adc22a556cf|rpc:10.1.0.37:40587|dataStream:|priority:0], old=null
2022-01-11 23:54:22,343 [grpc-default-executor-1] WARN  server.GrpcLogAppender (GrpcLogAppender.java:resetClient(110)) - 757e1abf-caf6-4356-ad73-d786994982ad@group-4B271DC99CF9->2a1c9333-8641-498a-88f2-87bcecbe0d18-GrpcLogAppender: Leader has not got in touch with Follower 757e1abf-caf6-4356-ad73-d786994982ad@group-4B271DC99CF9->2a1c9333-8641-498a-88f2-87bcecbe0d18(c-1,m0,n1, attendVote=true, lastRpcSendTime=0, lastRpcResponseTime=5271) yet, just keep nextIndex unchanged and retry.
2022-01-11 23:54:22,350 [grpc-default-executor-1] INFO  ratis.XceiverServerRatis (XceiverServerRatis.java:handleLeaderChangedNotification(866)) - Leader change notification received for group: group-4B271DC99CF9 with new leaderId: 757e1abf-caf6-4356-ad73-d786994982ad
2022-01-11 23:54:22,350 [grpc-default-executor-1] INFO  server.RaftServer$Division (ServerState.java:setLeader(285)) - 77c66afc-fa73-4d89-b59d-9adc22a556cf@group-4B271DC99CF9: change Leader from null to 757e1abf-caf6-4356-ad73-d786994982ad at term 4 for appendEntries, leader elected after 20591ms
2022-01-11 23:54:22,361 [grpc-default-executor-1] INFO  server.RaftServer$Division (ServerState.java:setRaftConf(387)) - 77c66afc-fa73-4d89-b59d-9adc22a556cf@group-4B271DC99CF9: set configuration 0: [2a1c9333-8641-498a-88f2-87bcecbe0d18|rpc:10.1.0.37:38177|dataStream:|priority:1, 757e1abf-caf6-4356-ad73-d786994982ad|rpc:10.1.0.37:41749|dataStream:|priority:0, 77c66afc-fa73-4d89-b59d-9adc22a556cf|rpc:10.1.0.37:40587|dataStream:|priority:0], old=null
2022-01-11 23:54:22,361 [grpc-default-executor-1] INFO  segmented.SegmentedRaftLogWorker (SegmentedRaftLogWorker.java:startLogSegment(394)) - 77c66afc-fa73-4d89-b59d-9adc22a556cf@group-4B271DC99CF9-SegmentedRaftLogWorker: Starting segment from index:0
2022-01-11 23:54:22,362 [77c66afc-fa73-4d89-b59d-9adc22a556cf@group-4B271DC99CF9-SegmentedRaftLogWorker] INFO  segmented.SegmentedRaftLogWorker (SegmentedRaftLogWorker.java:execute(601)) - 77c66afc-fa73-4d89-b59d-9adc22a556cf@group-4B271DC99CF9-SegmentedRaftLogWorker: created new log segment /home/runner/work/ozone/ozone/hadoop-ozone/integration-test/target/test-dir/MiniOzoneClusterImpl-84b3519b-a2d3-47e7-8c84-34506f72c9f7/datanode-3/data/ratis/5564fd82-da03-4608-bf34-4b271dc99cf9/current/log_inprogress_0
2022-01-11 23:54:23,035 [Listener at 127.0.0.1/46043] INFO  utils.BackgroundService (BackgroundService.java:shutdown(132)) - Shutting down service BlockDeletingService
2022-01-11 23:54:24,480 [grpc-default-executor-3] WARN  server.GrpcLogAppender (LogUtils.java:warn(122)) - 77c66afc-fa73-4d89-b59d-9adc22a556cf@group-36EC4F650869->2a1c9333-8641-498a-88f2-87bcecbe0d18-AppendLogResponseHandler: Failed appendEntries: org.apache.ratis.thirdparty.io.grpc.StatusRuntimeException: UNAVAILABLE: io exception
2022-01-11 23:54:24,481 [grpc-default-executor-3] WARN  server.GrpcLogAppender (GrpcLogAppender.java:resetClient(110)) - 77c66afc-fa73-4d89-b59d-9adc22a556cf@group-36EC4F650869->2a1c9333-8641-498a-88f2-87bcecbe0d18-GrpcLogAppender: Leader has not got in touch with Follower 77c66afc-fa73-4d89-b59d-9adc22a556cf@group-36EC4F650869->2a1c9333-8641-498a-88f2-87bcecbe0d18(c0,m0,n1, attendVote=true, lastRpcSendTime=0, lastRpcResponseTime=5036) yet, just keep nextIndex unchanged and retry.
2022-01-11 23:54:24,703 [grpc-default-executor-3] WARN  server.GrpcLogAppender (LogUtils.java:warn(122)) - 757e1abf-caf6-4356-ad73-d786994982ad@group-29C336287606->2a1c9333-8641-498a-88f2-87bcecbe0d18-AppendLogResponseHandler: Failed appendEntries: org.apache.ratis.thirdparty.io.grpc.StatusRuntimeException: UNAVAILABLE: io exception
2022-01-11 23:54:24,705 [grpc-default-executor-3] WARN  server.GrpcLogAppender (GrpcLogAppender.java:resetClient(110)) - 757e1abf-caf6-4356-ad73-d786994982ad@group-29C336287606->2a1c9333-8641-498a-88f2-87bcecbe0d18-GrpcLogAppender: Leader has not got in touch with Follower 757e1abf-caf6-4356-ad73-d786994982ad@group-29C336287606->2a1c9333-8641-498a-88f2-87bcecbe0d18(c0,m0,n1, attendVote=true, lastRpcSendTime=2503, lastRpcResponseTime=5025) yet, just keep nextIndex unchanged and retry.
2022-01-11 23:54:24,849 [grpc-default-executor-3] WARN  server.GrpcLogAppender (LogUtils.java:warn(122)) - 757e1abf-caf6-4356-ad73-d786994982ad@group-4B271DC99CF9->2a1c9333-8641-498a-88f2-87bcecbe0d18-AppendLogResponseHandler: Failed appendEntries: org.apache.ratis.thirdparty.io.grpc.StatusRuntimeException: UNAVAILABLE: io exception
2022-01-11 23:54:24,857 [grpc-default-executor-3] WARN  server.GrpcLogAppender (GrpcLogAppender.java:resetClient(110)) - 757e1abf-caf6-4356-ad73-d786994982ad@group-4B271DC99CF9->2a1c9333-8641-498a-88f2-87bcecbe0d18-GrpcLogAppender: Leader has not got in touch with Follower 757e1abf-caf6-4356-ad73-d786994982ad@group-4B271DC99CF9->2a1c9333-8641-498a-88f2-87bcecbe0d18(c-1,m0,n1, attendVote=true, lastRpcSendTime=2514, lastRpcResponseTime=7785) yet, just keep nextIndex unchanged and retry.
2022-01-11 23:54:25,793 [EventQueue-StaleNodeForStaleNodeHandler] INFO  node.StaleNodeHandler (StaleNodeHandler.java:onMessage(58)) - Datanode 2a1c9333-8641-498a-88f2-87bcecbe0d18{ip: 10.1.0.37, host: fv-az59-280.csjynl4pkq3e1pkirw3ssqjfoh.cx.internal.cloudapp.net, ports: [REPLICATION=45151, RATIS=38177, RATIS_ADMIN=38177, RATIS_SERVER=38177, STANDALONE=44313], networkLocation: /default-rack, certSerialId: null, persistedOpState: IN_SERVICE, persistedOpStateExpiryEpochSec: 0} moved to stale state. Finalizing its pipelines [PipelineID=9af18b33-0efc-4508-87fb-29c336287606, PipelineID=1afd3704-aaf0-437f-bd8e-36ec4f650869, PipelineID=a1978e2b-ad32-4a8c-80c7-a72ddd3acb6b, PipelineID=5564fd82-da03-4608-bf34-4b271dc99cf9]
2022-01-11 23:54:25,800 [EventQueue-StaleNodeForStaleNodeHandler] INFO  pipeline.PipelineManagerImpl (PipelineManagerImpl.java:closePipeline(365)) - Pipeline Pipeline[ Id: 9af18b33-0efc-4508-87fb-29c336287606, Nodes: 77c66afc-fa73-4d89-b59d-9adc22a556cf{ip: 10.1.0.37, host: fv-az59-280.csjynl4pkq3e1pkirw3ssqjfoh.cx.internal.cloudapp.net, ports: [REPLICATION=36525, RATIS=40587, RATIS_ADMIN=40587, RATIS_SERVER=40587, STANDALONE=44631], networkLocation: /default-rack, certSerialId: null, persistedOpState: IN_SERVICE, persistedOpStateExpiryEpochSec: 0}2a1c9333-8641-498a-88f2-87bcecbe0d18{ip: 10.1.0.37, host: fv-az59-280.csjynl4pkq3e1pkirw3ssqjfoh.cx.internal.cloudapp.net, ports: [REPLICATION=45151, RATIS=38177, RATIS_ADMIN=38177, RATIS_SERVER=38177, STANDALONE=44313], networkLocation: /default-rack, certSerialId: null, persistedOpState: IN_SERVICE, persistedOpStateExpiryEpochSec: 0}757e1abf-caf6-4356-ad73-d786994982ad{ip: 10.1.0.37, host: fv-az59-280.csjynl4pkq3e1pkirw3ssqjfoh.cx.internal.cloudapp.net, ports: [REPLICATION=40569, RATIS=41749, RATIS_ADMIN=41749, RATIS_SERVER=41749, STANDALONE=42593], networkLocation: /default-rack, certSerialId: null, persistedOpState: IN_SERVICE, persistedOpStateExpiryEpochSec: 0}, ReplicationConfig: RATIS/THREE, State:OPEN, leaderId:757e1abf-caf6-4356-ad73-d786994982ad, CreationTimestamp2022-01-11T23:53:59.464Z[Etc/UTC]] moved to CLOSED state
2022-01-11 23:54:25,805 [EventQueue-StaleNodeForStaleNodeHandler] INFO  pipeline.PipelineManagerImpl (PipelineManagerImpl.java:closePipeline(365)) - Pipeline Pipeline[ Id: 1afd3704-aaf0-437f-bd8e-36ec4f650869, Nodes: 77c66afc-fa73-4d89-b59d-9adc22a556cf{ip: 10.1.0.37, host: fv-az59-280.csjynl4pkq3e1pkirw3ssqjfoh.cx.internal.cloudapp.net, ports: [REPLICATION=36525, RATIS=40587, RATIS_ADMIN=40587, RATIS_SERVER=40587, STANDALONE=44631], networkLocation: /default-rack, certSerialId: null, persistedOpState: IN_SERVICE, persistedOpStateExpiryEpochSec: 0}2a1c9333-8641-498a-88f2-87bcecbe0d18{ip: 10.1.0.37, host: fv-az59-280.csjynl4pkq3e1pkirw3ssqjfoh.cx.internal.cloudapp.net, ports: [REPLICATION=45151, RATIS=38177, RATIS_ADMIN=38177, RATIS_SERVER=38177, STANDALONE=44313], networkLocation: /default-rack, certSerialId: null, persistedOpState: IN_SERVICE, persistedOpStateExpiryEpochSec: 0}757e1abf-caf6-4356-ad73-d786994982ad{ip: 10.1.0.37, host: fv-az59-280.csjynl4pkq3e1pkirw3ssqjfoh.cx.internal.cloudapp.net, ports: [REPLICATION=40569, RATIS=41749, RATIS_ADMIN=41749, RATIS_SERVER=41749, STANDALONE=42593], networkLocation: /default-rack, certSerialId: null, persistedOpState: IN_SERVICE, persistedOpStateExpiryEpochSec: 0}, ReplicationConfig: RATIS/THREE, State:OPEN, leaderId:77c66afc-fa73-4d89-b59d-9adc22a556cf, CreationTimestamp2022-01-11T23:53:59.465Z[Etc/UTC]] moved to CLOSED state
2022-01-11 23:54:25,817 [EventQueue-StaleNodeForStaleNodeHandler] INFO  pipeline.PipelineManagerImpl (PipelineManagerImpl.java:closeContainersForPipeline(344)) - Container #1 closed for pipeline=PipelineID=a1978e2b-ad32-4a8c-80c7-a72ddd3acb6b
2022-01-11 23:54:25,818 [EventQueue-StaleNodeForStaleNodeHandler] INFO  pipeline.PipelineManagerImpl (PipelineManagerImpl.java:closePipeline(365)) - Pipeline Pipeline[ Id: a1978e2b-ad32-4a8c-80c7-a72ddd3acb6b, Nodes: 2a1c9333-8641-498a-88f2-87bcecbe0d18{ip: 10.1.0.37, host: fv-az59-280.csjynl4pkq3e1pkirw3ssqjfoh.cx.internal.cloudapp.net, ports: [REPLICATION=45151, RATIS=38177, RATIS_ADMIN=38177, RATIS_SERVER=38177, STANDALONE=44313], networkLocation: /default-rack, certSerialId: null, persistedOpState: IN_SERVICE, persistedOpStateExpiryEpochSec: 0}, ReplicationConfig: RATIS/ONE, State:OPEN, leaderId:2a1c9333-8641-498a-88f2-87bcecbe0d18, CreationTimestamp2022-01-11T23:53:59.463Z[Etc/UTC]] moved to CLOSED state
2022-01-11 23:54:25,818 [EventQueue-StaleNodeForStaleNodeHandler] INFO  pipeline.PipelineManagerImpl (PipelineManagerImpl.java:closePipeline(365)) - Pipeline Pipeline[ Id: 5564fd82-da03-4608-bf34-4b271dc99cf9, Nodes: 2a1c9333-8641-498a-88f2-87bcecbe0d18{ip: 10.1.0.37, host: fv-az59-280.csjynl4pkq3e1pkirw3ssqjfoh.cx.internal.cloudapp.net, ports: [REPLICATION=45151, RATIS=38177, RATIS_ADMIN=38177, RATIS_SERVER=38177, STANDALONE=44313], networkLocation: /default-rack, certSerialId: null, persistedOpState: IN_SERVICE, persistedOpStateExpiryEpochSec: 0}77c66afc-fa73-4d89-b59d-9adc22a556cf{ip: 10.1.0.37, host: fv-az59-280.csjynl4pkq3e1pkirw3ssqjfoh.cx.internal.cloudapp.net, ports: [REPLICATION=36525, RATIS=40587, RATIS_ADMIN=40587, RATIS_SERVER=40587, STANDALONE=44631], networkLocation: /default-rack, certSerialId: null, persistedOpState: IN_SERVICE, persistedOpStateExpiryEpochSec: 0}757e1abf-caf6-4356-ad73-d786994982ad{ip: 10.1.0.37, host: fv-az59-280.csjynl4pkq3e1pkirw3ssqjfoh.cx.internal.cloudapp.net, ports: [REPLICATION=40569, RATIS=41749, RATIS_ADMIN=41749, RATIS_SERVER=41749, STANDALONE=42593], networkLocation: /default-rack, certSerialId: null, persistedOpState: IN_SERVICE, persistedOpStateExpiryEpochSec: 0}, ReplicationConfig: RATIS/THREE, State:OPEN, leaderId:757e1abf-caf6-4356-ad73-d786994982ad, CreationTimestamp2022-01-11T23:53:59.466Z[Etc/UTC]] moved to CLOSED state
2022-01-11 23:54:25,819 [EventQueue-CloseContainerForCloseContainerEventHandler] INFO  container.CloseContainerEventHandler (CloseContainerEventHandler.java:onMessage(69)) - Close container Event triggered for container : #1
2022-01-11 23:54:26,062 [Listener at 127.0.0.1/46043] INFO  statemachine.DatanodeStateMachine (DatanodeStateMachine.java:stopDaemon(529)) - Ozone container server stopped.
2022-01-11 23:54:26,063 [Listener at 127.0.0.1/46043] INFO  handler.ContextHandler (ContextHandler.java:doStop(1153)) - Stopped o.e.j.w.WebAppContext@777c08b5{hddsDatanode,/,null,STOPPED}{jar:file:/home/runner/.m2/repository/org/apache/ozone/hdds-container-service/1.3.0-SNAPSHOT/hdds-container-service-1.3.0-SNAPSHOT.jar!/webapps/hddsDatanode}
2022-01-11 23:54:26,065 [Listener at 127.0.0.1/46043] INFO  server.AbstractConnector (AbstractConnector.java:doStop(381)) - Stopped ServerConnector@57569d4a{HTTP/1.1, (http/1.1)}{0.0.0.0:0}
2022-01-11 23:54:26,065 [Listener at 127.0.0.1/46043] INFO  server.session (HouseKeeper.java:stopScavenging(149)) - node0 Stopped scavenging
2022-01-11 23:54:26,065 [Listener at 127.0.0.1/46043] INFO  handler.ContextHandler (ContextHandler.java:doStop(1153)) - Stopped o.e.j.s.ServletContextHandler@44c50a73{static,/static,jar:file:/home/runner/.m2/repository/org/apache/ozone/hdds-container-service/1.3.0-SNAPSHOT/hdds-container-service-1.3.0-SNAPSHOT.jar!/webapps/static,STOPPED}
2022-01-11 23:54:26,065 [Listener at 127.0.0.1/46043] INFO  handler.ContextHandler (ContextHandler.java:doStop(1153)) - Stopped o.e.j.s.ServletContextHandler@602fa859{logs,/logs,file:///home/runner/work/ozone/ozone/hadoop-ozone/integration-test/target/log,STOPPED}
2022-01-11 23:54:26,996 [grpc-default-executor-3] WARN  server.GrpcLogAppender (LogUtils.java:warn(122)) - 77c66afc-fa73-4d89-b59d-9adc22a556cf@group-36EC4F650869->2a1c9333-8641-498a-88f2-87bcecbe0d18-AppendLogResponseHandler: Failed appendEntries: org.apache.ratis.thirdparty.io.grpc.StatusRuntimeException: UNAVAILABLE: io exception
2022-01-11 23:54:26,996 [grpc-default-executor-3] WARN  server.GrpcLogAppender (GrpcLogAppender.java:resetClient(110)) - 77c66afc-fa73-4d89-b59d-9adc22a556cf@group-36EC4F650869->2a1c9333-8641-498a-88f2-87bcecbe0d18-GrpcLogAppender: Leader has not got in touch with Follower 77c66afc-fa73-4d89-b59d-9adc22a556cf@group-36EC4F650869->2a1c9333-8641-498a-88f2-87bcecbe0d18(c0,m0,n1, attendVote=true, lastRpcSendTime=2516, lastRpcResponseTime=7552) yet, just keep nextIndex unchanged and retry.
2022-01-11 23:54:27,217 [grpc-default-executor-3] WARN  server.GrpcLogAppender (LogUtils.java:warn(122)) - 757e1abf-caf6-4356-ad73-d786994982ad@group-29C336287606->2a1c9333-8641-498a-88f2-87bcecbe0d18-AppendLogResponseHandler: Failed appendEntries: org.apache.ratis.thirdparty.io.grpc.StatusRuntimeException: UNAVAILABLE: io exception
2022-01-11 23:54:27,217 [grpc-default-executor-3] WARN  server.GrpcLogAppender (GrpcLogAppender.java:resetClient(110)) - 757e1abf-caf6-4356-ad73-d786994982ad@group-29C336287606->2a1c9333-8641-498a-88f2-87bcecbe0d18-GrpcLogAppender: Leader has not got in touch with Follower 757e1abf-caf6-4356-ad73-d786994982ad@group-29C336287606->2a1c9333-8641-498a-88f2-87bcecbe0d18(c0,m0,n1, attendVote=true, lastRpcSendTime=0, lastRpcResponseTime=7537) yet, just keep nextIndex unchanged and retry.
2022-01-11 23:54:27,361 [grpc-default-executor-3] WARN  server.GrpcLogAppender (LogUtils.java:warn(122)) - 757e1abf-caf6-4356-ad73-d786994982ad@group-4B271DC99CF9->2a1c9333-8641-498a-88f2-87bcecbe0d18-AppendLogResponseHandler: Failed appendEntries: org.apache.ratis.thirdparty.io.grpc.StatusRuntimeException: UNAVAILABLE: io exception
2022-01-11 23:54:27,362 [grpc-default-executor-3] WARN  server.GrpcLogAppender (GrpcLogAppender.java:resetClient(110)) - 757e1abf-caf6-4356-ad73-d786994982ad@group-4B271DC99CF9->2a1c9333-8641-498a-88f2-87bcecbe0d18-GrpcLogAppender: Leader has not got in touch with Follower 757e1abf-caf6-4356-ad73-d786994982ad@group-4B271DC99CF9->2a1c9333-8641-498a-88f2-87bcecbe0d18(c-1,m0,n1, attendVote=true, lastRpcSendTime=0, lastRpcResponseTime=10290) yet, just keep nextIndex unchanged and retry.
2022-01-11 23:54:27,543 [757e1abf-caf6-4356-ad73-d786994982ad@group-4B271DC99CF9-LeaderStateImpl] INFO  server.RaftServer$Division (LeaderStateImpl.java:yieldLeaderToHigherPriorityPeer(930)) - 757e1abf-caf6-4356-ad73-d786994982ad@group-4B271DC99CF9-LeaderStateImpl send StartLeaderElectionRequest to follower:2a1c9333-8641-498a-88f2-87bcecbe0d18 on term:4 because follower's priority:1 is higher than leader's:0 and follower's lastEntry index:0 catch up with leader's:0
2022-01-11 23:54:29,519 [grpc-default-executor-1] WARN  server.GrpcLogAppender (LogUtils.java:warn(122)) - 77c66afc-fa73-4d89-b59d-9adc22a556cf@group-36EC4F650869->2a1c9333-8641-498a-88f2-87bcecbe0d18-AppendLogResponseHandler: Failed appendEntries: org.apache.ratis.thirdparty.io.grpc.StatusRuntimeException: UNAVAILABLE: io exception
2022-01-11 23:54:29,520 [grpc-default-executor-1] WARN  server.GrpcLogAppender (GrpcLogAppender.java:resetClient(110)) - 77c66afc-fa73-4d89-b59d-9adc22a556cf@group-36EC4F650869->2a1c9333-8641-498a-88f2-87bcecbe0d18-GrpcLogAppender: Leader has not got in touch with Follower 77c66afc-fa73-4d89-b59d-9adc22a556cf@group-36EC4F650869->2a1c9333-8641-498a-88f2-87bcecbe0d18(c0,m0,n1, attendVote=true, lastRpcSendTime=2523, lastRpcResponseTime=10075) yet, just keep nextIndex unchanged and retry.
2022-01-11 23:54:29,720 [grpc-default-executor-1] WARN  server.GrpcLogAppender (LogUtils.java:warn(122)) - 757e1abf-caf6-4356-ad73-d786994982ad@group-29C336287606->2a1c9333-8641-498a-88f2-87bcecbe0d18-AppendLogResponseHandler: Failed appendEntries: org.apache.ratis.thirdparty.io.grpc.StatusRuntimeException: UNAVAILABLE: io exception
2022-01-11 23:54:29,721 [grpc-default-executor-1] WARN  server.GrpcLogAppender (GrpcLogAppender.java:resetClient(110)) - 757e1abf-caf6-4356-ad73-d786994982ad@group-29C336287606->2a1c9333-8641-498a-88f2-87bcecbe0d18-GrpcLogAppender: Leader has not got in touch with Follower 757e1abf-caf6-4356-ad73-d786994982ad@group-29C336287606->2a1c9333-8641-498a-88f2-87bcecbe0d18(c0,m0,n1, attendVote=true, lastRpcSendTime=0, lastRpcResponseTime=10041) yet, just keep nextIndex unchanged and retry.
2022-01-11 23:54:29,881 [grpc-default-executor-1] WARN  server.GrpcLogAppender (LogUtils.java:warn(122)) - 757e1abf-caf6-4356-ad73-d786994982ad@group-4B271DC99CF9->2a1c9333-8641-498a-88f2-87bcecbe0d18-AppendLogResponseHandler: Failed appendEntries: org.apache.ratis.thirdparty.io.grpc.StatusRuntimeException: UNAVAILABLE: io exception
2022-01-11 23:54:29,881 [grpc-default-executor-1] WARN  server.GrpcLogAppender (GrpcLogAppender.java:resetClient(110)) - 757e1abf-caf6-4356-ad73-d786994982ad@group-4B271DC99CF9->2a1c9333-8641-498a-88f2-87bcecbe0d18-GrpcLogAppender: Leader has not got in touch with Follower 757e1abf-caf6-4356-ad73-d786994982ad@group-4B271DC99CF9->2a1c9333-8641-498a-88f2-87bcecbe0d18(c-1,m0,n1, attendVote=true, lastRpcSendTime=2520, lastRpcResponseTime=12810) yet, just keep nextIndex unchanged and retry.
2022-01-11 23:54:32,030 [grpc-default-executor-1] WARN  server.GrpcLogAppender (LogUtils.java:warn(122)) - 77c66afc-fa73-4d89-b59d-9adc22a556cf@group-36EC4F650869->2a1c9333-8641-498a-88f2-87bcecbe0d18-AppendLogResponseHandler: Failed appendEntries: org.apache.ratis.thirdparty.io.grpc.StatusRuntimeException: UNAVAILABLE: io exception
2022-01-11 23:54:32,030 [grpc-default-executor-1] WARN  server.GrpcLogAppender (GrpcLogAppender.java:resetClient(110)) - 77c66afc-fa73-4d89-b59d-9adc22a556cf@group-36EC4F650869->2a1c9333-8641-498a-88f2-87bcecbe0d18-GrpcLogAppender: Leader has not got in touch with Follower 77c66afc-fa73-4d89-b59d-9adc22a556cf@group-36EC4F650869->2a1c9333-8641-498a-88f2-87bcecbe0d18(c0,m0,n1, attendVote=true, lastRpcSendTime=2509, lastRpcResponseTime=12586) yet, just keep nextIndex unchanged and retry.
2022-01-11 23:54:32,238 [grpc-default-executor-1] WARN  server.GrpcLogAppender (LogUtils.java:warn(122)) - 757e1abf-caf6-4356-ad73-d786994982ad@group-29C336287606->2a1c9333-8641-498a-88f2-87bcecbe0d18-AppendLogResponseHandler: Failed appendEntries: org.apache.ratis.thirdparty.io.grpc.StatusRuntimeException: UNAVAILABLE: io exception
2022-01-11 23:54:32,239 [grpc-default-executor-1] WARN  server.GrpcLogAppender (GrpcLogAppender.java:resetClient(110)) - 757e1abf-caf6-4356-ad73-d786994982ad@group-29C336287606->2a1c9333-8641-498a-88f2-87bcecbe0d18-GrpcLogAppender: Leader has not got in touch with Follower 757e1abf-caf6-4356-ad73-d786994982ad@group-29C336287606->2a1c9333-8641-498a-88f2-87bcecbe0d18(c0,m0,n1, attendVote=true, lastRpcSendTime=2518, lastRpcResponseTime=12558) yet, just keep nextIndex unchanged and retry.
2022-01-11 23:54:32,384 [grpc-default-executor-1] WARN  server.GrpcLogAppender (LogUtils.java:warn(122)) - 757e1abf-caf6-4356-ad73-d786994982ad@group-4B271DC99CF9->2a1c9333-8641-498a-88f2-87bcecbe0d18-AppendLogResponseHandler: Failed appendEntries: org.apache.ratis.thirdparty.io.grpc.StatusRuntimeException: UNAVAILABLE: io exception
2022-01-11 23:54:32,393 [grpc-default-executor-1] WARN  server.GrpcLogAppender (GrpcLogAppender.java:resetClient(110)) - 757e1abf-caf6-4356-ad73-d786994982ad@group-4B271DC99CF9->2a1c9333-8641-498a-88f2-87bcecbe0d18-GrpcLogAppender: Leader has not got in touch with Follower 757e1abf-caf6-4356-ad73-d786994982ad@group-4B271DC99CF9->2a1c9333-8641-498a-88f2-87bcecbe0d18(c-1,m0,n1, attendVote=true, lastRpcSendTime=2510, lastRpcResponseTime=15321) yet, just keep nextIndex unchanged and retry.
2022-01-11 23:54:32,757 [757e1abf-caf6-4356-ad73-d786994982ad@group-4B271DC99CF9-LeaderStateImpl] INFO  server.RaftServer$Division (LeaderStateImpl.java:yieldLeaderToHigherPriorityPeer(930)) - 757e1abf-caf6-4356-ad73-d786994982ad@group-4B271DC99CF9-LeaderStateImpl send StartLeaderElectionRequest to follower:2a1c9333-8641-498a-88f2-87bcecbe0d18 on term:4 because follower's priority:1 is higher than leader's:0 and follower's lastEntry index:0 catch up with leader's:0
2022-01-11 23:54:34,541 [grpc-default-executor-1] WARN  server.GrpcLogAppender (LogUtils.java:warn(122)) - 77c66afc-fa73-4d89-b59d-9adc22a556cf@group-36EC4F650869->2a1c9333-8641-498a-88f2-87bcecbe0d18-AppendLogResponseHandler: Failed appendEntries: org.apache.ratis.thirdparty.io.grpc.StatusRuntimeException: UNAVAILABLE: io exception
2022-01-11 23:54:34,542 [grpc-default-executor-1] WARN  server.GrpcLogAppender (GrpcLogAppender.java:resetClient(110)) - 77c66afc-fa73-4d89-b59d-9adc22a556cf@group-36EC4F650869->2a1c9333-8641-498a-88f2-87bcecbe0d18-GrpcLogAppender: Leader has not got in touch with Follower 77c66afc-fa73-4d89-b59d-9adc22a556cf@group-36EC4F650869->2a1c9333-8641-498a-88f2-87bcecbe0d18(c0,m0,n1, attendVote=true, lastRpcSendTime=2508, lastRpcResponseTime=15097) yet, just keep nextIndex unchanged and retry.
2022-01-11 23:54:34,741 [grpc-default-executor-1] WARN  server.GrpcLogAppender (LogUtils.java:warn(122)) - 757e1abf-caf6-4356-ad73-d786994982ad@group-29C336287606->2a1c9333-8641-498a-88f2-87bcecbe0d18-AppendLogResponseHandler: Failed appendEntries: org.apache.ratis.thirdparty.io.grpc.StatusRuntimeException: UNAVAILABLE: io exception
2022-01-11 23:54:34,742 [grpc-default-executor-1] WARN  server.GrpcLogAppender (GrpcLogAppender.java:resetClient(110)) - 757e1abf-caf6-4356-ad73-d786994982ad@group-29C336287606->2a1c9333-8641-498a-88f2-87bcecbe0d18-GrpcLogAppender: Leader has not got in touch with Follower 757e1abf-caf6-4356-ad73-d786994982ad@group-29C336287606->2a1c9333-8641-498a-88f2-87bcecbe0d18(c0,m0,n1, attendVote=true, lastRpcSendTime=0, lastRpcResponseTime=15061) yet, just keep nextIndex unchanged and retry.
2022-01-11 23:54:34,899 [grpc-default-executor-1] WARN  server.GrpcLogAppender (LogUtils.java:warn(122)) - 757e1abf-caf6-4356-ad73-d786994982ad@group-4B271DC99CF9->2a1c9333-8641-498a-88f2-87bcecbe0d18-AppendLogResponseHandler: Failed appendEntries: org.apache.ratis.thirdparty.io.grpc.StatusRuntimeException: UNAVAILABLE: io exception
2022-01-11 23:54:34,900 [grpc-default-executor-1] WARN  server.GrpcLogAppender (GrpcLogAppender.java:resetClient(110)) - 757e1abf-caf6-4356-ad73-d786994982ad@group-4B271DC99CF9->2a1c9333-8641-498a-88f2-87bcecbe0d18-GrpcLogAppender: Leader has not got in touch with Follower 757e1abf-caf6-4356-ad73-d786994982ad@group-4B271DC99CF9->2a1c9333-8641-498a-88f2-87bcecbe0d18(c-1,m0,n1, attendVote=true, lastRpcSendTime=0, lastRpcResponseTime=17828) yet, just keep nextIndex unchanged and retry.
2022-01-11 23:54:35,793 [EventQueue-DeadNodeForDeadNodeHandler] INFO  node.DeadNodeHandler (DeadNodeHandler.java:onMessage(80)) - A dead datanode is detected. 2a1c9333-8641-498a-88f2-87bcecbe0d18{ip: 10.1.0.37, host: fv-az59-280.csjynl4pkq3e1pkirw3ssqjfoh.cx.internal.cloudapp.net, ports: [REPLICATION=45151, RATIS=38177, RATIS_ADMIN=38177, RATIS_SERVER=38177, STANDALONE=44313], networkLocation: /default-rack, certSerialId: null, persistedOpState: IN_SERVICE, persistedOpStateExpiryEpochSec: 0}
2022-01-11 23:54:35,794 [EventQueue-DeadNodeForDeadNodeHandler] INFO  pipeline.RatisPipelineProvider (RatisPipelineProvider.java:lambda$close$1(222)) - Send pipeline:PipelineID=9af18b33-0efc-4508-87fb-29c336287606 close command to datanode 77c66afc-fa73-4d89-b59d-9adc22a556cf
2022-01-11 23:54:35,794 [EventQueue-DeadNodeForDeadNodeHandler] INFO  pipeline.RatisPipelineProvider (RatisPipelineProvider.java:lambda$close$1(222)) - Send pipeline:PipelineID=9af18b33-0efc-4508-87fb-29c336287606 close command to datanode 2a1c9333-8641-498a-88f2-87bcecbe0d18
2022-01-11 23:54:35,795 [EventQueue-DeadNodeForDeadNodeHandler] INFO  pipeline.RatisPipelineProvider (RatisPipelineProvider.java:lambda$close$1(222)) - Send pipeline:PipelineID=9af18b33-0efc-4508-87fb-29c336287606 close command to datanode 757e1abf-caf6-4356-ad73-d786994982ad
2022-01-11 23:54:35,797 [EventQueue-DeadNodeForDeadNodeHandler] INFO  pipeline.PipelineStateManagerImpl (PipelineStateManagerImpl.java:removePipeline(223)) - Pipeline Pipeline[ Id: 9af18b33-0efc-4508-87fb-29c336287606, Nodes: 77c66afc-fa73-4d89-b59d-9adc22a556cf{ip: 10.1.0.37, host: fv-az59-280.csjynl4pkq3e1pkirw3ssqjfoh.cx.internal.cloudapp.net, ports: [REPLICATION=36525, RATIS=40587, RATIS_ADMIN=40587, RATIS_SERVER=40587, STANDALONE=44631], networkLocation: /default-rack, certSerialId: null, persistedOpState: IN_SERVICE, persistedOpStateExpiryEpochSec: 0}2a1c9333-8641-498a-88f2-87bcecbe0d18{ip: 10.1.0.37, host: fv-az59-280.csjynl4pkq3e1pkirw3ssqjfoh.cx.internal.cloudapp.net, ports: [REPLICATION=45151, RATIS=38177, RATIS_ADMIN=38177, RATIS_SERVER=38177, STANDALONE=44313], networkLocation: /default-rack, certSerialId: null, persistedOpState: IN_SERVICE, persistedOpStateExpiryEpochSec: 0}757e1abf-caf6-4356-ad73-d786994982ad{ip: 10.1.0.37, host: fv-az59-280.csjynl4pkq3e1pkirw3ssqjfoh.cx.internal.cloudapp.net, ports: [REPLICATION=40569, RATIS=41749, RATIS_ADMIN=41749, RATIS_SERVER=41749, STANDALONE=42593], networkLocation: /default-rack, certSerialId: null, persistedOpState: IN_SERVICE, persistedOpStateExpiryEpochSec: 0}, ReplicationConfig: RATIS/THREE, State:CLOSED, leaderId:757e1abf-caf6-4356-ad73-d786994982ad, CreationTimestamp2022-01-11T23:53:59.464Z[Etc/UTC]] removed.
2022-01-11 23:54:35,797 [EventQueue-DeadNodeForDeadNodeHandler] INFO  pipeline.RatisPipelineProvider (RatisPipelineProvider.java:lambda$close$1(222)) - Send pipeline:PipelineID=1afd3704-aaf0-437f-bd8e-36ec4f650869 close command to datanode 77c66afc-fa73-4d89-b59d-9adc22a556cf
2022-01-11 23:54:35,797 [EventQueue-DeadNodeForDeadNodeHandler] INFO  pipeline.RatisPipelineProvider (RatisPipelineProvider.java:lambda$close$1(222)) - Send pipeline:PipelineID=1afd3704-aaf0-437f-bd8e-36ec4f650869 close command to datanode 2a1c9333-8641-498a-88f2-87bcecbe0d18
2022-01-11 23:54:35,797 [EventQueue-DeadNodeForDeadNodeHandler] INFO  pipeline.RatisPipelineProvider (RatisPipelineProvider.java:lambda$close$1(222)) - Send pipeline:PipelineID=1afd3704-aaf0-437f-bd8e-36ec4f650869 close command to datanode 757e1abf-caf6-4356-ad73-d786994982ad
2022-01-11 23:54:35,798 [EventQueue-DeadNodeForDeadNodeHandler] INFO  pipeline.PipelineStateManagerImpl (PipelineStateManagerImpl.java:removePipeline(223)) - Pipeline Pipeline[ Id: 1afd3704-aaf0-437f-bd8e-36ec4f650869, Nodes: 77c66afc-fa73-4d89-b59d-9adc22a556cf{ip: 10.1.0.37, host: fv-az59-280.csjynl4pkq3e1pkirw3ssqjfoh.cx.internal.cloudapp.net, ports: [REPLICATION=36525, RATIS=40587, RATIS_ADMIN=40587, RATIS_SERVER=40587, STANDALONE=44631], networkLocation: /default-rack, certSerialId: null, persistedOpState: IN_SERVICE, persistedOpStateExpiryEpochSec: 0}2a1c9333-8641-498a-88f2-87bcecbe0d18{ip: 10.1.0.37, host: fv-az59-280.csjynl4pkq3e1pkirw3ssqjfoh.cx.internal.cloudapp.net, ports: [REPLICATION=45151, RATIS=38177, RATIS_ADMIN=38177, RATIS_SERVER=38177, STANDALONE=44313], networkLocation: /default-rack, certSerialId: null, persistedOpState: IN_SERVICE, persistedOpStateExpiryEpochSec: 0}757e1abf-caf6-4356-ad73-d786994982ad{ip: 10.1.0.37, host: fv-az59-280.csjynl4pkq3e1pkirw3ssqjfoh.cx.internal.cloudapp.net, ports: [REPLICATION=40569, RATIS=41749, RATIS_ADMIN=41749, RATIS_SERVER=41749, STANDALONE=42593], networkLocation: /default-rack, certSerialId: null, persistedOpState: IN_SERVICE, persistedOpStateExpiryEpochSec: 0}, ReplicationConfig: RATIS/THREE, State:CLOSED, leaderId:77c66afc-fa73-4d89-b59d-9adc22a556cf, CreationTimestamp2022-01-11T23:53:59.465Z[Etc/UTC]] removed.
2022-01-11 23:54:35,798 [EventQueue-DeadNodeForDeadNodeHandler] INFO  pipeline.RatisPipelineProvider (RatisPipelineProvider.java:lambda$close$1(222)) - Send pipeline:PipelineID=a1978e2b-ad32-4a8c-80c7-a72ddd3acb6b close command to datanode 2a1c9333-8641-498a-88f2-87bcecbe0d18
2022-01-11 23:54:35,798 [EventQueue-DeadNodeForDeadNodeHandler] INFO  pipeline.PipelineStateManagerImpl (PipelineStateManagerImpl.java:removePipeline(223)) - Pipeline Pipeline[ Id: a1978e2b-ad32-4a8c-80c7-a72ddd3acb6b, Nodes: 2a1c9333-8641-498a-88f2-87bcecbe0d18{ip: 10.1.0.37, host: fv-az59-280.csjynl4pkq3e1pkirw3ssqjfoh.cx.internal.cloudapp.net, ports: [REPLICATION=45151, RATIS=38177, RATIS_ADMIN=38177, RATIS_SERVER=38177, STANDALONE=44313], networkLocation: /default-rack, certSerialId: null, persistedOpState: IN_SERVICE, persistedOpStateExpiryEpochSec: 0}, ReplicationConfig: RATIS/ONE, State:CLOSED, leaderId:2a1c9333-8641-498a-88f2-87bcecbe0d18, CreationTimestamp2022-01-11T23:53:59.463Z[Etc/UTC]] removed.
2022-01-11 23:54:35,798 [EventQueue-DeadNodeForDeadNodeHandler] INFO  pipeline.RatisPipelineProvider (RatisPipelineProvider.java:lambda$close$1(222)) - Send pipeline:PipelineID=5564fd82-da03-4608-bf34-4b271dc99cf9 close command to datanode 2a1c9333-8641-498a-88f2-87bcecbe0d18
2022-01-11 23:54:35,798 [EventQueue-DeadNodeForDeadNodeHandler] INFO  pipeline.RatisPipelineProvider (RatisPipelineProvider.java:lambda$close$1(222)) - Send pipeline:PipelineID=5564fd82-da03-4608-bf34-4b271dc99cf9 close command to datanode 77c66afc-fa73-4d89-b59d-9adc22a556cf
2022-01-11 23:54:35,798 [EventQueue-DeadNodeForDeadNodeHandler] INFO  pipeline.RatisPipelineProvider (RatisPipelineProvider.java:lambda$close$1(222)) - Send pipeline:PipelineID=5564fd82-da03-4608-bf34-4b271dc99cf9 close command to datanode 757e1abf-caf6-4356-ad73-d786994982ad
2022-01-11 23:54:35,799 [EventQueue-DeadNodeForDeadNodeHandler] INFO  pipeline.PipelineStateManagerImpl (PipelineStateManagerImpl.java:removePipeline(223)) - Pipeline Pipeline[ Id: 5564fd82-da03-4608-bf34-4b271dc99cf9, Nodes: 2a1c9333-8641-498a-88f2-87bcecbe0d18{ip: 10.1.0.37, host: fv-az59-280.csjynl4pkq3e1pkirw3ssqjfoh.cx.internal.cloudapp.net, ports: [REPLICATION=45151, RATIS=38177, RATIS_ADMIN=38177, RATIS_SERVER=38177, STANDALONE=44313], networkLocation: /default-rack, certSerialId: null, persistedOpState: IN_SERVICE, persistedOpStateExpiryEpochSec: 0}77c66afc-fa73-4d89-b59d-9adc22a556cf{ip: 10.1.0.37, host: fv-az59-280.csjynl4pkq3e1pkirw3ssqjfoh.cx.internal.cloudapp.net, ports: [REPLICATION=36525, RATIS=40587, RATIS_ADMIN=40587, RATIS_SERVER=40587, STANDALONE=44631], networkLocation: /default-rack, certSerialId: null, persistedOpState: IN_SERVICE, persistedOpStateExpiryEpochSec: 0}757e1abf-caf6-4356-ad73-d786994982ad{ip: 10.1.0.37, host: fv-az59-280.csjynl4pkq3e1pkirw3ssqjfoh.cx.internal.cloudapp.net, ports: [REPLICATION=40569, RATIS=41749, RATIS_ADMIN=41749, RATIS_SERVER=41749, STANDALONE=42593], networkLocation: /default-rack, certSerialId: null, persistedOpState: IN_SERVICE, persistedOpStateExpiryEpochSec: 0}, ReplicationConfig: RATIS/THREE, State:CLOSED, leaderId:757e1abf-caf6-4356-ad73-d786994982ad, CreationTimestamp2022-01-11T23:53:59.466Z[Etc/UTC]] removed.
2022-01-11 23:54:35,799 [EventQueue-DeadNodeForDeadNodeHandler] INFO  net.NetworkTopologyImpl (NetworkTopologyImpl.java:remove(137)) - Removed a node: /default-rack/2a1c9333-8641-498a-88f2-87bcecbe0d18
2022-01-11 23:54:37,057 [grpc-default-executor-1] WARN  server.GrpcLogAppender (LogUtils.java:warn(122)) - 77c66afc-fa73-4d89-b59d-9adc22a556cf@group-36EC4F650869->2a1c9333-8641-498a-88f2-87bcecbe0d18-AppendLogResponseHandler: Failed appendEntries: org.apache.ratis.thirdparty.io.grpc.StatusRuntimeException: UNAVAILABLE: io exception
2022-01-11 23:54:37,059 [grpc-default-executor-1] WARN  server.GrpcLogAppender (GrpcLogAppender.java:resetClient(110)) - 77c66afc-fa73-4d89-b59d-9adc22a556cf@group-36EC4F650869->2a1c9333-8641-498a-88f2-87bcecbe0d18-GrpcLogAppender: Leader has not got in touch with Follower 77c66afc-fa73-4d89-b59d-9adc22a556cf@group-36EC4F650869->2a1c9333-8641-498a-88f2-87bcecbe0d18(c0,m0,n1, attendVote=true, lastRpcSendTime=2515, lastRpcResponseTime=17614) yet, just keep nextIndex unchanged and retry.
2022-01-11 23:54:37,251 [grpc-default-executor-1] WARN  server.GrpcLogAppender (LogUtils.java:warn(122)) - 757e1abf-caf6-4356-ad73-d786994982ad@group-29C336287606->2a1c9333-8641-498a-88f2-87bcecbe0d18-AppendLogResponseHandler: Failed appendEntries: org.apache.ratis.thirdparty.io.grpc.StatusRuntimeException: UNAVAILABLE: io exception
2022-01-11 23:54:37,252 [grpc-default-executor-1] WARN  server.GrpcLogAppender (GrpcLogAppender.java:resetClient(110)) - 757e1abf-caf6-4356-ad73-d786994982ad@group-29C336287606->2a1c9333-8641-498a-88f2-87bcecbe0d18-GrpcLogAppender: Leader has not got in touch with Follower 757e1abf-caf6-4356-ad73-d786994982ad@group-29C336287606->2a1c9333-8641-498a-88f2-87bcecbe0d18(c0,m0,n1, attendVote=true, lastRpcSendTime=0, lastRpcResponseTime=17572) yet, just keep nextIndex unchanged and retry.
2022-01-11 23:54:37,404 [grpc-default-executor-1] WARN  server.GrpcLogAppender (LogUtils.java:warn(122)) - 757e1abf-caf6-4356-ad73-d786994982ad@group-4B271DC99CF9->2a1c9333-8641-498a-88f2-87bcecbe0d18-AppendLogResponseHandler: Failed appendEntries: org.apache.ratis.thirdparty.io.grpc.StatusRuntimeException: UNAVAILABLE: io exception
2022-01-11 23:54:37,404 [grpc-default-executor-1] WARN  server.GrpcLogAppender (GrpcLogAppender.java:resetClient(110)) - 757e1abf-caf6-4356-ad73-d786994982ad@group-4B271DC99CF9->2a1c9333-8641-498a-88f2-87bcecbe0d18-GrpcLogAppender: Leader has not got in touch with Follower 757e1abf-caf6-4356-ad73-d786994982ad@group-4B271DC99CF9->2a1c9333-8641-498a-88f2-87bcecbe0d18(c-1,m0,n1, attendVote=true, lastRpcSendTime=2505, lastRpcResponseTime=20333) yet, just keep nextIndex unchanged and retry.
2022-01-11 23:54:37,883 [Command processor thread] INFO  server.RaftServer (RaftServerProxy.java:remove(106)) - 77c66afc-fa73-4d89-b59d-9adc22a556cf: remove  FOLLOWER 77c66afc-fa73-4d89-b59d-9adc22a556cf@group-29C336287606:t3, leader=757e1abf-caf6-4356-ad73-d786994982ad, voted=757e1abf-caf6-4356-ad73-d786994982ad, raftlog=77c66afc-fa73-4d89-b59d-9adc22a556cf@group-29C336287606-SegmentedRaftLog:OPENED:c0, conf=0: [2a1c9333-8641-498a-88f2-87bcecbe0d18|rpc:10.1.0.37:38177|dataStream:|priority:0, 757e1abf-caf6-4356-ad73-d786994982ad|rpc:10.1.0.37:41749|dataStream:|priority:1, 77c66afc-fa73-4d89-b59d-9adc22a556cf|rpc:10.1.0.37:40587|dataStream:|priority:0], old=null RUNNING
2022-01-11 23:54:37,883 [Command processor thread] INFO  server.RaftServer$Division (RaftServerImpl.java:lambda$close$4(412)) - 77c66afc-fa73-4d89-b59d-9adc22a556cf@group-29C336287606: shutdown
2022-01-11 23:54:37,883 [Command processor thread] INFO  util.JmxRegister (JmxRegister.java:unregister(73)) - Successfully un-registered JMX Bean with object name Ratis:service=RaftServer,group=group-29C336287606,id=77c66afc-fa73-4d89-b59d-9adc22a556cf
2022-01-11 23:54:37,883 [Command processor thread] INFO  impl.RoleInfo (RoleInfo.java:shutdownFollowerState(108)) - 77c66afc-fa73-4d89-b59d-9adc22a556cf: shutdown 77c66afc-fa73-4d89-b59d-9adc22a556cf@group-29C336287606-FollowerState
2022-01-11 23:54:37,883 [Command processor thread] INFO  impl.StateMachineUpdater (StateMachineUpdater.java:stopAndJoin(149)) - 77c66afc-fa73-4d89-b59d-9adc22a556cf@group-29C336287606-StateMachineUpdater: set stopIndex = 0
2022-01-11 23:54:37,883 [77c66afc-fa73-4d89-b59d-9adc22a556cf@group-29C336287606-FollowerState] INFO  impl.FollowerState (FollowerState.java:run(143)) - 77c66afc-fa73-4d89-b59d-9adc22a556cf@group-29C336287606-FollowerState was interrupted: {}
java.lang.InterruptedException: sleep interrupted
	at java.lang.Thread.sleep(Native Method)
	at java.lang.Thread.sleep(Thread.java:340)
	at java.util.concurrent.TimeUnit.sleep(TimeUnit.java:386)
	at org.apache.ratis.util.TimeDuration.sleep(TimeDuration.java:324)
	at org.apache.ratis.util.TimeDuration.sleep(TimeDuration.java:309)
	at org.apache.ratis.server.impl.FollowerState.run(FollowerState.java:118)
2022-01-11 23:54:37,884 [77c66afc-fa73-4d89-b59d-9adc22a556cf@group-29C336287606-StateMachineUpdater] INFO  ratis.ContainerStateMachine (ContainerStateMachine.java:takeSnapshot(299)) - group-29C336287606: Taking a snapshot at:(t:3, i:0) file /home/runner/work/ozone/ozone/hadoop-ozone/integration-test/target/test-dir/MiniOzoneClusterImpl-84b3519b-a2d3-47e7-8c84-34506f72c9f7/datanode-3/data/ratis/9af18b33-0efc-4508-87fb-29c336287606/sm/snapshot.3_0
2022-01-11 23:54:37,885 [77c66afc-fa73-4d89-b59d-9adc22a556cf@group-29C336287606-StateMachineUpdater] INFO  ratis.ContainerStateMachine (ContainerStateMachine.java:takeSnapshot(310)) - group-29C336287606: Finished taking a snapshot at:(t:3, i:0) file:/home/runner/work/ozone/ozone/hadoop-ozone/integration-test/target/test-dir/MiniOzoneClusterImpl-84b3519b-a2d3-47e7-8c84-34506f72c9f7/datanode-3/data/ratis/9af18b33-0efc-4508-87fb-29c336287606/sm/snapshot.3_0 took: 2 ms
2022-01-11 23:54:37,886 [77c66afc-fa73-4d89-b59d-9adc22a556cf@group-29C336287606-StateMachineUpdater] INFO  impl.StateMachineUpdater (StateMachineUpdater.java:takeSnapshot(281)) - 77c66afc-fa73-4d89-b59d-9adc22a556cf@group-29C336287606-StateMachineUpdater: Took a snapshot at index 0
2022-01-11 23:54:37,886 [77c66afc-fa73-4d89-b59d-9adc22a556cf@group-29C336287606-StateMachineUpdater] INFO  impl.StateMachineUpdater (StateMachineUpdater.java:lambda$new$0(89)) - 77c66afc-fa73-4d89-b59d-9adc22a556cf@group-29C336287606-StateMachineUpdater: snapshotIndex: updateIncreasingly -1 -> 0
2022-01-11 23:54:37,900 [Command processor thread] INFO  server.RaftServer$Division (ServerState.java:close(419)) - 77c66afc-fa73-4d89-b59d-9adc22a556cf@group-29C336287606: closes. applyIndex: 0
2022-01-11 23:54:37,913 [77c66afc-fa73-4d89-b59d-9adc22a556cf@group-29C336287606-SegmentedRaftLogWorker] INFO  segmented.SegmentedRaftLogWorker (SegmentedRaftLogWorker.java:run(327)) - 77c66afc-fa73-4d89-b59d-9adc22a556cf@group-29C336287606-SegmentedRaftLogWorker was interrupted, exiting. There are 0 tasks remaining in the queue.
2022-01-11 23:54:37,920 [Command processor thread] INFO  segmented.SegmentedRaftLogWorker (SegmentedRaftLogWorker.java:close(237)) - 77c66afc-fa73-4d89-b59d-9adc22a556cf@group-29C336287606-SegmentedRaftLogWorker close()
2022-01-11 23:54:37,967 [Command processor thread] INFO  server.RaftServer$Division (RaftServerImpl.java:groupRemove(382)) - 77c66afc-fa73-4d89-b59d-9adc22a556cf@group-29C336287606: Succeed to remove RaftStorageDirectory Storage Directory /home/runner/work/ozone/ozone/hadoop-ozone/integration-test/target/test-dir/MiniOzoneClusterImpl-84b3519b-a2d3-47e7-8c84-34506f72c9f7/datanode-3/data/ratis/9af18b33-0efc-4508-87fb-29c336287606
2022-01-11 23:54:37,967 [Command processor thread] INFO  commandhandler.ClosePipelineCommandHandler (ClosePipelineCommandHandler.java:handle(78)) - Close Pipeline PipelineID=9af18b33-0efc-4508-87fb-29c336287606 command on datanode 77c66afc-fa73-4d89-b59d-9adc22a556cf.
2022-01-11 23:54:37,968 [Command processor thread] INFO  server.RaftServer (RaftServerProxy.java:remove(106)) - 77c66afc-fa73-4d89-b59d-9adc22a556cf: remove    LEADER 77c66afc-fa73-4d89-b59d-9adc22a556cf@group-36EC4F650869:t2, leader=77c66afc-fa73-4d89-b59d-9adc22a556cf, voted=77c66afc-fa73-4d89-b59d-9adc22a556cf, raftlog=77c66afc-fa73-4d89-b59d-9adc22a556cf@group-36EC4F650869-SegmentedRaftLog:OPENED:c0, conf=0: [2a1c9333-8641-498a-88f2-87bcecbe0d18|rpc:10.1.0.37:38177|dataStream:|priority:0, 757e1abf-caf6-4356-ad73-d786994982ad|rpc:10.1.0.37:41749|dataStream:|priority:0, 77c66afc-fa73-4d89-b59d-9adc22a556cf|rpc:10.1.0.37:40587|dataStream:|priority:1], old=null RUNNING
2022-01-11 23:54:37,968 [Command processor thread] INFO  server.RaftServer$Division (RaftServerImpl.java:lambda$close$4(412)) - 77c66afc-fa73-4d89-b59d-9adc22a556cf@group-36EC4F650869: shutdown
2022-01-11 23:54:37,968 [Command processor thread] INFO  util.JmxRegister (JmxRegister.java:unregister(73)) - Successfully un-registered JMX Bean with object name Ratis:service=RaftServer,group=group-36EC4F650869,id=77c66afc-fa73-4d89-b59d-9adc22a556cf
2022-01-11 23:54:37,969 [Command processor thread] INFO  impl.RoleInfo (RoleInfo.java:shutdownLeaderState(91)) - 77c66afc-fa73-4d89-b59d-9adc22a556cf: shutdown 77c66afc-fa73-4d89-b59d-9adc22a556cf@group-36EC4F650869-LeaderStateImpl
2022-01-11 23:54:37,969 [Command processor thread] INFO  impl.PendingRequests (PendingRequests.java:sendNotLeaderResponses(282)) - 77c66afc-fa73-4d89-b59d-9adc22a556cf@group-36EC4F650869-PendingRequests: sendNotLeaderResponses
2022-01-11 23:54:37,969 [Command processor thread] INFO  impl.StateMachineUpdater (StateMachineUpdater.java:stopAndJoin(149)) - 77c66afc-fa73-4d89-b59d-9adc22a556cf@group-36EC4F650869-StateMachineUpdater: set stopIndex = 0
2022-01-11 23:54:37,970 [77c66afc-fa73-4d89-b59d-9adc22a556cf@group-36EC4F650869-StateMachineUpdater] INFO  ratis.ContainerStateMachine (ContainerStateMachine.java:takeSnapshot(299)) - group-36EC4F650869: Taking a snapshot at:(t:2, i:0) file /home/runner/work/ozone/ozone/hadoop-ozone/integration-test/target/test-dir/MiniOzoneClusterImpl-84b3519b-a2d3-47e7-8c84-34506f72c9f7/datanode-3/data/ratis/1afd3704-aaf0-437f-bd8e-36ec4f650869/sm/snapshot.2_0
2022-01-11 23:54:37,970 [77c66afc-fa73-4d89-b59d-9adc22a556cf@group-36EC4F650869->757e1abf-caf6-4356-ad73-d786994982ad-GrpcLogAppender-LogAppenderDaemon] WARN  server.GrpcLogAppender (GrpcLogAppender.java:mayWait(177)) - 77c66afc-fa73-4d89-b59d-9adc22a556cf@group-36EC4F650869->757e1abf-caf6-4356-ad73-d786994982ad-GrpcLogAppender: Wait interrupted by java.lang.InterruptedException
2022-01-11 23:54:37,970 [grpc-default-executor-1] INFO  server.GrpcServerProtocolService (GrpcServerProtocolService.java:onCompleted(140)) - 757e1abf-caf6-4356-ad73-d786994982ad: Completed APPEND_ENTRIES, lastRequest: 77c66afc-fa73-4d89-b59d-9adc22a556cf->757e1abf-caf6-4356-ad73-d786994982ad#1-t2,previous=(t:0, i:0),leaderCommit=0,initializing? true,entries: size=1, first=(t:2, i:0), CONFIGURATIONENTRY
2022-01-11 23:54:37,971 [77c66afc-fa73-4d89-b59d-9adc22a556cf@group-36EC4F650869-StateMachineUpdater] INFO  ratis.ContainerStateMachine (ContainerStateMachine.java:takeSnapshot(310)) - group-36EC4F650869: Finished taking a snapshot at:(t:2, i:0) file:/home/runner/work/ozone/ozone/hadoop-ozone/integration-test/target/test-dir/MiniOzoneClusterImpl-84b3519b-a2d3-47e7-8c84-34506f72c9f7/datanode-3/data/ratis/1afd3704-aaf0-437f-bd8e-36ec4f650869/sm/snapshot.2_0 took: 1 ms
2022-01-11 23:54:37,971 [77c66afc-fa73-4d89-b59d-9adc22a556cf@group-36EC4F650869-StateMachineUpdater] INFO  impl.StateMachineUpdater (StateMachineUpdater.java:takeSnapshot(281)) - 77c66afc-fa73-4d89-b59d-9adc22a556cf@group-36EC4F650869-StateMachineUpdater: Took a snapshot at index 0
2022-01-11 23:54:37,971 [77c66afc-fa73-4d89-b59d-9adc22a556cf@group-36EC4F650869-StateMachineUpdater] INFO  impl.StateMachineUpdater (StateMachineUpdater.java:lambda$new$0(89)) - 77c66afc-fa73-4d89-b59d-9adc22a556cf@group-36EC4F650869-StateMachineUpdater: snapshotIndex: updateIncreasingly -1 -> 0
2022-01-11 23:54:37,971 [grpc-default-executor-3] INFO  server.GrpcLogAppender (GrpcLogAppender.java:onCompleted(346)) - 77c66afc-fa73-4d89-b59d-9adc22a556cf@group-36EC4F650869->757e1abf-caf6-4356-ad73-d786994982ad-AppendLogResponseHandler: follower responses appendEntries COMPLETED
2022-01-11 23:54:37,971 [grpc-default-executor-3] INFO  leader.FollowerInfo (FollowerInfoImpl.java:lambda$new$0(47)) - 77c66afc-fa73-4d89-b59d-9adc22a556cf@group-36EC4F650869->757e1abf-caf6-4356-ad73-d786994982ad: nextIndex: updateUnconditionally 1 -> 0
2022-01-11 23:54:37,972 [Command processor thread] INFO  server.RaftServer$Division (ServerState.java:close(419)) - 77c66afc-fa73-4d89-b59d-9adc22a556cf@group-36EC4F650869: closes. applyIndex: 0
2022-01-11 23:54:37,972 [77c66afc-fa73-4d89-b59d-9adc22a556cf@group-36EC4F650869-SegmentedRaftLogWorker] INFO  segmented.SegmentedRaftLogWorker (SegmentedRaftLogWorker.java:run(327)) - 77c66afc-fa73-4d89-b59d-9adc22a556cf@group-36EC4F650869-SegmentedRaftLogWorker was interrupted, exiting. There are 0 tasks remaining in the queue.
2022-01-11 23:54:37,972 [Command processor thread] INFO  segmented.SegmentedRaftLogWorker (SegmentedRaftLogWorker.java:close(237)) - 77c66afc-fa73-4d89-b59d-9adc22a556cf@group-36EC4F650869-SegmentedRaftLogWorker close()
2022-01-11 23:54:37,990 [757e1abf-caf6-4356-ad73-d786994982ad@group-4B271DC99CF9-LeaderStateImpl] INFO  server.RaftServer$Division (LeaderStateImpl.java:yieldLeaderToHigherPriorityPeer(930)) - 757e1abf-caf6-4356-ad73-d786994982ad@group-4B271DC99CF9-LeaderStateImpl send StartLeaderElectionRequest to follower:2a1c9333-8641-498a-88f2-87bcecbe0d18 on term:4 because follower's priority:1 is higher than leader's:0 and follower's lastEntry index:0 catch up with leader's:0
2022-01-11 23:54:38,000 [Command processor thread] INFO  server.RaftServer$Division (RaftServerImpl.java:groupRemove(382)) - 77c66afc-fa73-4d89-b59d-9adc22a556cf@group-36EC4F650869: Succeed to remove RaftStorageDirectory Storage Directory /home/runner/work/ozone/ozone/hadoop-ozone/integration-test/target/test-dir/MiniOzoneClusterImpl-84b3519b-a2d3-47e7-8c84-34506f72c9f7/datanode-3/data/ratis/1afd3704-aaf0-437f-bd8e-36ec4f650869
2022-01-11 23:54:38,000 [Command processor thread] INFO  commandhandler.ClosePipelineCommandHandler (ClosePipelineCommandHandler.java:handle(78)) - Close Pipeline PipelineID=1afd3704-aaf0-437f-bd8e-36ec4f650869 command on datanode 77c66afc-fa73-4d89-b59d-9adc22a556cf.
2022-01-11 23:54:37,977 [77c66afc-fa73-4d89-b59d-9adc22a556cf@group-36EC4F650869->2a1c9333-8641-498a-88f2-87bcecbe0d18-GrpcLogAppender-LogAppenderDaemon] ERROR leader.LogAppenderDaemon (LogAppenderDaemon.java:run(86)) - 77c66afc-fa73-4d89-b59d-9adc22a556cf@group-36EC4F650869->2a1c9333-8641-498a-88f2-87bcecbe0d18-GrpcLogAppender-LogAppenderDaemon failed
java.lang.IllegalArgumentException: 77c66afc-fa73-4d89-b59d-9adc22a556cf@group-36EC4F650869-SegmentedRaftLog is expected to be opened but it is CLOSED
	at org.apache.ratis.util.OpenCloseState.assertOpen(OpenCloseState.java:63)
	at org.apache.ratis.server.raftlog.RaftLogBase.checkLogState(RaftLogBase.java:107)
	at org.apache.ratis.server.raftlog.segmented.SegmentedRaftLog.getLastEntryTermIndex(SegmentedRaftLog.java:339)
	at org.apache.ratis.server.raftlog.RaftLog.getNextIndex(RaftLog.java:83)
	at org.apache.ratis.server.leader.LogAppenderBase.newAppendEntriesRequest(LogAppenderBase.java:138)
	at org.apache.ratis.grpc.server.GrpcLogAppender.appendLog(GrpcLogAppender.java:213)
	at org.apache.ratis.grpc.server.GrpcLogAppender.run(GrpcLogAppender.java:147)
	at org.apache.ratis.server.leader.LogAppenderDaemon.run(LogAppenderDaemon.java:77)
	at java.lang.Thread.run(Thread.java:748)
Caused by: org.apache.ratis.util.OpenCloseState$CloseTrace: Close 77c66afc-fa73-4d89-b59d-9adc22a556cf@group-36EC4F650869-SegmentedRaftLog
	at org.apache.ratis.util.OpenCloseState.lambda$close$1(OpenCloseState.java:109)
	at java.util.concurrent.atomic.AtomicReference.getAndUpdate(AtomicReference.java:160)
	at org.apache.ratis.util.OpenCloseState.close(OpenCloseState.java:109)
	at org.apache.ratis.server.raftlog.RaftLogBase.close(RaftLogBase.java:356)
	at org.apache.ratis.server.raftlog.segmented.SegmentedRaftLog.close(SegmentedRaftLog.java:505)
	at org.apache.ratis.server.impl.ServerState.close(ServerState.java:421)
	at org.apache.ratis.server.impl.RaftServerImpl.lambda$close$4(RaftServerImpl.java:434)
	at org.apache.ratis.util.LifeCycle.lambda$checkStateAndClose$4(LifeCycle.java:299)
	at org.apache.ratis.util.LifeCycle.checkStateAndClose(LifeCycle.java:319)
	at org.apache.ratis.util.LifeCycle.checkStateAndClose(LifeCycle.java:297)
	at org.apache.ratis.server.impl.RaftServerImpl.close(RaftServerImpl.java:411)
	at org.apache.ratis.server.impl.RaftServerImpl.groupRemove(RaftServerImpl.java:376)
	at org.apache.ratis.server.impl.RaftServerProxy.lambda$groupRemoveAsync$14(RaftServerProxy.java:507)
	at java.util.concurrent.CompletableFuture.uniApply(CompletableFuture.java:616)
	at java.util.concurrent.CompletableFuture.uniApplyStage(CompletableFuture.java:628)
	at java.util.concurrent.CompletableFuture.thenApply(CompletableFuture.java:1996)
	at org.apache.ratis.server.impl.RaftServerProxy.groupRemoveAsync(RaftServerProxy.java:506)
	at org.apache.ratis.server.impl.RaftServerProxy.groupManagementAsync(RaftServerProxy.java:460)
	at org.apache.ratis.server.impl.RaftServerProxy.groupManagement(RaftServerProxy.java:440)
	at org.apache.hadoop.ozone.container.common.transport.server.ratis.XceiverServerRatis.removeGroup(XceiverServerRatis.java:784)
	at org.apache.hadoop.ozone.container.common.statemachine.commandhandler.ClosePipelineCommandHandler.handle(ClosePipelineCommandHandler.java:77)
	at org.apache.hadoop.ozone.container.common.statemachine.commandhandler.CommandDispatcher.handle(CommandDispatcher.java:99)
	at org.apache.hadoop.ozone.container.common.statemachine.DatanodeStateMachine.lambda$initCommandHandlerThread$2(DatanodeStateMachine.java:570)
	... 1 more
2022-01-11 23:54:38,006 [Command processor thread] INFO  server.RaftServer (RaftServerProxy.java:remove(106)) - 77c66afc-fa73-4d89-b59d-9adc22a556cf: remove  FOLLOWER 77c66afc-fa73-4d89-b59d-9adc22a556cf@group-4B271DC99CF9:t4, leader=757e1abf-caf6-4356-ad73-d786994982ad, voted=757e1abf-caf6-4356-ad73-d786994982ad, raftlog=77c66afc-fa73-4d89-b59d-9adc22a556cf@group-4B271DC99CF9-SegmentedRaftLog:OPENED:c0, conf=0: [2a1c9333-8641-498a-88f2-87bcecbe0d18|rpc:10.1.0.37:38177|dataStream:|priority:1, 757e1abf-caf6-4356-ad73-d786994982ad|rpc:10.1.0.37:41749|dataStream:|priority:0, 77c66afc-fa73-4d89-b59d-9adc22a556cf|rpc:10.1.0.37:40587|dataStream:|priority:0], old=null RUNNING
2022-01-11 23:54:38,010 [Command processor thread] INFO  server.RaftServer$Division (RaftServerImpl.java:lambda$close$4(412)) - 77c66afc-fa73-4d89-b59d-9adc22a556cf@group-4B271DC99CF9: shutdown
2022-01-11 23:54:38,010 [Command processor thread] INFO  util.JmxRegister (JmxRegister.java:unregister(73)) - Successfully un-registered JMX Bean with object name Ratis:service=RaftServer,group=group-4B271DC99CF9,id=77c66afc-fa73-4d89-b59d-9adc22a556cf
2022-01-11 23:54:38,010 [Command processor thread] INFO  impl.RoleInfo (RoleInfo.java:shutdownFollowerState(108)) - 77c66afc-fa73-4d89-b59d-9adc22a556cf: shutdown 77c66afc-fa73-4d89-b59d-9adc22a556cf@group-4B271DC99CF9-FollowerState
2022-01-11 23:54:38,010 [Command processor thread] INFO  impl.StateMachineUpdater (StateMachineUpdater.java:stopAndJoin(149)) - 77c66afc-fa73-4d89-b59d-9adc22a556cf@group-4B271DC99CF9-StateMachineUpdater: set stopIndex = 0
2022-01-11 23:54:38,010 [77c66afc-fa73-4d89-b59d-9adc22a556cf@group-4B271DC99CF9-FollowerState] INFO  impl.FollowerState (FollowerState.java:run(143)) - 77c66afc-fa73-4d89-b59d-9adc22a556cf@group-4B271DC99CF9-FollowerState was interrupted: {}
java.lang.InterruptedException: sleep interrupted
	at java.lang.Thread.sleep(Native Method)
	at java.lang.Thread.sleep(Thread.java:340)
	at java.util.concurrent.TimeUnit.sleep(TimeUnit.java:386)
	at org.apache.ratis.util.TimeDuration.sleep(TimeDuration.java:324)
	at org.apache.ratis.util.TimeDuration.sleep(TimeDuration.java:309)
	at org.apache.ratis.server.impl.FollowerState.run(FollowerState.java:118)
2022-01-11 23:54:38,011 [77c66afc-fa73-4d89-b59d-9adc22a556cf@group-4B271DC99CF9-StateMachineUpdater] INFO  ratis.ContainerStateMachine (ContainerStateMachine.java:takeSnapshot(299)) - group-4B271DC99CF9: Taking a snapshot at:(t:4, i:0) file /home/runner/work/ozone/ozone/hadoop-ozone/integration-test/target/test-dir/MiniOzoneClusterImpl-84b3519b-a2d3-47e7-8c84-34506f72c9f7/datanode-3/data/ratis/5564fd82-da03-4608-bf34-4b271dc99cf9/sm/snapshot.4_0
2022-01-11 23:54:38,011 [77c66afc-fa73-4d89-b59d-9adc22a556cf@group-4B271DC99CF9-StateMachineUpdater] INFO  ratis.ContainerStateMachine (ContainerStateMachine.java:takeSnapshot(310)) - group-4B271DC99CF9: Finished taking a snapshot at:(t:4, i:0) file:/home/runner/work/ozone/ozone/hadoop-ozone/integration-test/target/test-dir/MiniOzoneClusterImpl-84b3519b-a2d3-47e7-8c84-34506f72c9f7/datanode-3/data/ratis/5564fd82-da03-4608-bf34-4b271dc99cf9/sm/snapshot.4_0 took: 1 ms
2022-01-11 23:54:38,012 [77c66afc-fa73-4d89-b59d-9adc22a556cf@group-4B271DC99CF9-StateMachineUpdater] INFO  impl.StateMachineUpdater (StateMachineUpdater.java:takeSnapshot(281)) - 77c66afc-fa73-4d89-b59d-9adc22a556cf@group-4B271DC99CF9-StateMachineUpdater: Took a snapshot at index 0
2022-01-11 23:54:38,012 [77c66afc-fa73-4d89-b59d-9adc22a556cf@group-4B271DC99CF9-StateMachineUpdater] INFO  impl.StateMachineUpdater (StateMachineUpdater.java:lambda$new$0(89)) - 77c66afc-fa73-4d89-b59d-9adc22a556cf@group-4B271DC99CF9-StateMachineUpdater: snapshotIndex: updateIncreasingly -1 -> 0
2022-01-11 23:54:38,012 [Command processor thread] INFO  server.RaftServer$Division (ServerState.java:close(419)) - 77c66afc-fa73-4d89-b59d-9adc22a556cf@group-4B271DC99CF9: closes. applyIndex: 0
2022-01-11 23:54:38,012 [77c66afc-fa73-4d89-b59d-9adc22a556cf@group-4B271DC99CF9-SegmentedRaftLogWorker] INFO  segmented.SegmentedRaftLogWorker (SegmentedRaftLogWorker.java:run(327)) - 77c66afc-fa73-4d89-b59d-9adc22a556cf@group-4B271DC99CF9-SegmentedRaftLogWorker was interrupted, exiting. There are 0 tasks remaining in the queue.
2022-01-11 23:54:38,013 [Command processor thread] INFO  segmented.SegmentedRaftLogWorker (SegmentedRaftLogWorker.java:close(237)) - 77c66afc-fa73-4d89-b59d-9adc22a556cf@group-4B271DC99CF9-SegmentedRaftLogWorker close()
2022-01-11 23:54:38,015 [Command processor thread] INFO  server.RaftServer$Division (RaftServerImpl.java:groupRemove(382)) - 77c66afc-fa73-4d89-b59d-9adc22a556cf@group-4B271DC99CF9: Succeed to remove RaftStorageDirectory Storage Directory /home/runner/work/ozone/ozone/hadoop-ozone/integration-test/target/test-dir/MiniOzoneClusterImpl-84b3519b-a2d3-47e7-8c84-34506f72c9f7/datanode-3/data/ratis/5564fd82-da03-4608-bf34-4b271dc99cf9
2022-01-11 23:54:38,015 [Command processor thread] INFO  commandhandler.ClosePipelineCommandHandler (ClosePipelineCommandHandler.java:handle(78)) - Close Pipeline PipelineID=5564fd82-da03-4608-bf34-4b271dc99cf9 command on datanode 77c66afc-fa73-4d89-b59d-9adc22a556cf.
2022-01-11 23:54:38,282 [Command processor thread] INFO  server.RaftServer (RaftServerProxy.java:remove(106)) - 757e1abf-caf6-4356-ad73-d786994982ad: remove    LEADER 757e1abf-caf6-4356-ad73-d786994982ad@group-29C336287606:t3, leader=757e1abf-caf6-4356-ad73-d786994982ad, voted=757e1abf-caf6-4356-ad73-d786994982ad, raftlog=757e1abf-caf6-4356-ad73-d786994982ad@group-29C336287606-SegmentedRaftLog:OPENED:c0, conf=0: [2a1c9333-8641-498a-88f2-87bcecbe0d18|rpc:10.1.0.37:38177|dataStream:|priority:0, 757e1abf-caf6-4356-ad73-d786994982ad|rpc:10.1.0.37:41749|dataStream:|priority:1, 77c66afc-fa73-4d89-b59d-9adc22a556cf|rpc:10.1.0.37:40587|dataStream:|priority:0], old=null RUNNING
2022-01-11 23:54:38,282 [Command processor thread] INFO  server.RaftServer$Division (RaftServerImpl.java:lambda$close$4(412)) - 757e1abf-caf6-4356-ad73-d786994982ad@group-29C336287606: shutdown
2022-01-11 23:54:38,282 [Command processor thread] INFO  util.JmxRegister (JmxRegister.java:unregister(73)) - Successfully un-registered JMX Bean with object name Ratis:service=RaftServer,group=group-29C336287606,id=757e1abf-caf6-4356-ad73-d786994982ad
2022-01-11 23:54:38,282 [Command processor thread] INFO  impl.RoleInfo (RoleInfo.java:shutdownLeaderState(91)) - 757e1abf-caf6-4356-ad73-d786994982ad: shutdown 757e1abf-caf6-4356-ad73-d786994982ad@group-29C336287606-LeaderStateImpl
2022-01-11 23:54:38,283 [Command processor thread] INFO  impl.PendingRequests (PendingRequests.java:sendNotLeaderResponses(282)) - 757e1abf-caf6-4356-ad73-d786994982ad@group-29C336287606-PendingRequests: sendNotLeaderResponses
2022-01-11 23:54:38,283 [Command processor thread] INFO  impl.StateMachineUpdater (StateMachineUpdater.java:stopAndJoin(149)) - 757e1abf-caf6-4356-ad73-d786994982ad@group-29C336287606-StateMachineUpdater: set stopIndex = 0
2022-01-11 23:54:38,283 [757e1abf-caf6-4356-ad73-d786994982ad@group-29C336287606->77c66afc-fa73-4d89-b59d-9adc22a556cf-GrpcLogAppender-LogAppenderDaemon] WARN  server.GrpcLogAppender (GrpcLogAppender.java:mayWait(177)) - 757e1abf-caf6-4356-ad73-d786994982ad@group-29C336287606->77c66afc-fa73-4d89-b59d-9adc22a556cf-GrpcLogAppender: Wait interrupted by java.lang.InterruptedException
2022-01-11 23:54:38,284 [757e1abf-caf6-4356-ad73-d786994982ad@group-29C336287606-StateMachineUpdater] INFO  ratis.ContainerStateMachine (ContainerStateMachine.java:takeSnapshot(299)) - group-29C336287606: Taking a snapshot at:(t:3, i:0) file /home/runner/work/ozone/ozone/hadoop-ozone/integration-test/target/test-dir/MiniOzoneClusterImpl-84b3519b-a2d3-47e7-8c84-34506f72c9f7/datanode-4/data/ratis/9af18b33-0efc-4508-87fb-29c336287606/sm/snapshot.3_0
2022-01-11 23:54:38,285 [grpc-default-executor-5] INFO  server.GrpcServerProtocolService (GrpcServerProtocolService.java:onCompleted(140)) - 77c66afc-fa73-4d89-b59d-9adc22a556cf: Completed APPEND_ENTRIES, lastRequest: 757e1abf-caf6-4356-ad73-d786994982ad->77c66afc-fa73-4d89-b59d-9adc22a556cf#1-t3,previous=(t:0, i:0),leaderCommit=-1,initializing? true,entries: size=1, first=(t:3, i:0), CONFIGURATIONENTRY
2022-01-11 23:54:38,287 [grpc-default-executor-5] INFO  server.GrpcLogAppender (GrpcLogAppender.java:onCompleted(346)) - 757e1abf-caf6-4356-ad73-d786994982ad@group-29C336287606->77c66afc-fa73-4d89-b59d-9adc22a556cf-AppendLogResponseHandler: follower responses appendEntries COMPLETED
2022-01-11 23:54:38,287 [grpc-default-executor-5] INFO  leader.FollowerInfo (FollowerInfoImpl.java:lambda$new$0(47)) - 757e1abf-caf6-4356-ad73-d786994982ad@group-29C336287606->77c66afc-fa73-4d89-b59d-9adc22a556cf: nextIndex: updateUnconditionally 1 -> 0
2022-01-11 23:54:38,289 [757e1abf-caf6-4356-ad73-d786994982ad@group-29C336287606-StateMachineUpdater] INFO  ratis.ContainerStateMachine (ContainerStateMachine.java:takeSnapshot(310)) - group-29C336287606: Finished taking a snapshot at:(t:3, i:0) file:/home/runner/work/ozone/ozone/hadoop-ozone/integration-test/target/test-dir/MiniOzoneClusterImpl-84b3519b-a2d3-47e7-8c84-34506f72c9f7/datanode-4/data/ratis/9af18b33-0efc-4508-87fb-29c336287606/sm/snapshot.3_0 took: 6 ms
2022-01-11 23:54:38,290 [757e1abf-caf6-4356-ad73-d786994982ad@group-29C336287606-StateMachineUpdater] INFO  impl.StateMachineUpdater (StateMachineUpdater.java:takeSnapshot(281)) - 757e1abf-caf6-4356-ad73-d786994982ad@group-29C336287606-StateMachineUpdater: Took a snapshot at index 0
2022-01-11 23:54:38,290 [757e1abf-caf6-4356-ad73-d786994982ad@group-29C336287606-StateMachineUpdater] INFO  impl.StateMachineUpdater (StateMachineUpdater.java:lambda$new$0(89)) - 757e1abf-caf6-4356-ad73-d786994982ad@group-29C336287606-StateMachineUpdater: snapshotIndex: updateIncreasingly -1 -> 0
2022-01-11 23:54:38,293 [Command processor thread] INFO  server.RaftServer$Division (ServerState.java:close(419)) - 757e1abf-caf6-4356-ad73-d786994982ad@group-29C336287606: closes. applyIndex: 0
2022-01-11 23:54:38,293 [757e1abf-caf6-4356-ad73-d786994982ad@group-29C336287606-SegmentedRaftLogWorker] INFO  segmented.SegmentedRaftLogWorker (SegmentedRaftLogWorker.java:run(327)) - 757e1abf-caf6-4356-ad73-d786994982ad@group-29C336287606-SegmentedRaftLogWorker was interrupted, exiting. There are 0 tasks remaining in the queue.
2022-01-11 23:54:38,305 [Command processor thread] INFO  segmented.SegmentedRaftLogWorker (SegmentedRaftLogWorker.java:close(237)) - 757e1abf-caf6-4356-ad73-d786994982ad@group-29C336287606-SegmentedRaftLogWorker close()
2022-01-11 23:54:38,311 [Command processor thread] INFO  server.RaftServer$Division (RaftServerImpl.java:groupRemove(382)) - 757e1abf-caf6-4356-ad73-d786994982ad@group-29C336287606: Succeed to remove RaftStorageDirectory Storage Directory /home/runner/work/ozone/ozone/hadoop-ozone/integration-test/target/test-dir/MiniOzoneClusterImpl-84b3519b-a2d3-47e7-8c84-34506f72c9f7/datanode-4/data/ratis/9af18b33-0efc-4508-87fb-29c336287606
2022-01-11 23:54:38,311 [Command processor thread] INFO  commandhandler.ClosePipelineCommandHandler (ClosePipelineCommandHandler.java:handle(78)) - Close Pipeline PipelineID=9af18b33-0efc-4508-87fb-29c336287606 command on datanode 757e1abf-caf6-4356-ad73-d786994982ad.
2022-01-11 23:54:38,311 [Command processor thread] INFO  server.RaftServer (RaftServerProxy.java:remove(106)) - 757e1abf-caf6-4356-ad73-d786994982ad: remove  FOLLOWER 757e1abf-caf6-4356-ad73-d786994982ad@group-36EC4F650869:t2, leader=77c66afc-fa73-4d89-b59d-9adc22a556cf, voted=77c66afc-fa73-4d89-b59d-9adc22a556cf, raftlog=757e1abf-caf6-4356-ad73-d786994982ad@group-36EC4F650869-SegmentedRaftLog:OPENED:c0, conf=0: [2a1c9333-8641-498a-88f2-87bcecbe0d18|rpc:10.1.0.37:38177|dataStream:|priority:0, 757e1abf-caf6-4356-ad73-d786994982ad|rpc:10.1.0.37:41749|dataStream:|priority:0, 77c66afc-fa73-4d89-b59d-9adc22a556cf|rpc:10.1.0.37:40587|dataStream:|priority:1], old=null RUNNING
2022-01-11 23:54:38,311 [Command processor thread] INFO  server.RaftServer$Division (RaftServerImpl.java:lambda$close$4(412)) - 757e1abf-caf6-4356-ad73-d786994982ad@group-36EC4F650869: shutdown
2022-01-11 23:54:38,311 [Command processor thread] INFO  util.JmxRegister (JmxRegister.java:unregister(73)) - Successfully un-registered JMX Bean with object name Ratis:service=RaftServer,group=group-36EC4F650869,id=757e1abf-caf6-4356-ad73-d786994982ad
2022-01-11 23:54:38,311 [Command processor thread] INFO  impl.RoleInfo (RoleInfo.java:shutdownFollowerState(108)) - 757e1abf-caf6-4356-ad73-d786994982ad: shutdown 757e1abf-caf6-4356-ad73-d786994982ad@group-36EC4F650869-FollowerState
2022-01-11 23:54:38,311 [Command processor thread] INFO  impl.StateMachineUpdater (StateMachineUpdater.java:stopAndJoin(149)) - 757e1abf-caf6-4356-ad73-d786994982ad@group-36EC4F650869-StateMachineUpdater: set stopIndex = 0
2022-01-11 23:54:38,311 [757e1abf-caf6-4356-ad73-d786994982ad@group-36EC4F650869-FollowerState] INFO  impl.FollowerState (FollowerState.java:run(143)) - 757e1abf-caf6-4356-ad73-d786994982ad@group-36EC4F650869-FollowerState was interrupted: {}
java.lang.InterruptedException: sleep interrupted
	at java.lang.Thread.sleep(Native Method)
	at java.lang.Thread.sleep(Thread.java:340)
	at java.util.concurrent.TimeUnit.sleep(TimeUnit.java:386)
	at org.apache.ratis.util.TimeDuration.sleep(TimeDuration.java:324)
	at org.apache.ratis.util.TimeDuration.sleep(TimeDuration.java:309)
	at org.apache.ratis.server.impl.FollowerState.run(FollowerState.java:118)
2022-01-11 23:54:38,312 [757e1abf-caf6-4356-ad73-d786994982ad@group-36EC4F650869-StateMachineUpdater] INFO  ratis.ContainerStateMachine (ContainerStateMachine.java:takeSnapshot(299)) - group-36EC4F650869: Taking a snapshot at:(t:2, i:0) file /home/runner/work/ozone/ozone/hadoop-ozone/integration-test/target/test-dir/MiniOzoneClusterImpl-84b3519b-a2d3-47e7-8c84-34506f72c9f7/datanode-4/data/ratis/1afd3704-aaf0-437f-bd8e-36ec4f650869/sm/snapshot.2_0
2022-01-11 23:54:38,313 [757e1abf-caf6-4356-ad73-d786994982ad@group-36EC4F650869-StateMachineUpdater] INFO  ratis.ContainerStateMachine (ContainerStateMachine.java:takeSnapshot(310)) - group-36EC4F650869: Finished taking a snapshot at:(t:2, i:0) file:/home/runner/work/ozone/ozone/hadoop-ozone/integration-test/target/test-dir/MiniOzoneClusterImpl-84b3519b-a2d3-47e7-8c84-34506f72c9f7/datanode-4/data/ratis/1afd3704-aaf0-437f-bd8e-36ec4f650869/sm/snapshot.2_0 took: 1 ms
2022-01-11 23:54:38,313 [757e1abf-caf6-4356-ad73-d786994982ad@group-36EC4F650869-StateMachineUpdater] INFO  impl.StateMachineUpdater (StateMachineUpdater.java:takeSnapshot(281)) - 757e1abf-caf6-4356-ad73-d786994982ad@group-36EC4F650869-StateMachineUpdater: Took a snapshot at index 0
2022-01-11 23:54:38,313 [757e1abf-caf6-4356-ad73-d786994982ad@group-36EC4F650869-StateMachineUpdater] INFO  impl.StateMachineUpdater (StateMachineUpdater.java:lambda$new$0(89)) - 757e1abf-caf6-4356-ad73-d786994982ad@group-36EC4F650869-StateMachineUpdater: snapshotIndex: updateIncreasingly -1 -> 0
2022-01-11 23:54:38,313 [Command processor thread] INFO  server.RaftServer$Division (ServerState.java:close(419)) - 757e1abf-caf6-4356-ad73-d786994982ad@group-36EC4F650869: closes. applyIndex: 0
2022-01-11 23:54:38,313 [757e1abf-caf6-4356-ad73-d786994982ad@group-36EC4F650869-SegmentedRaftLogWorker] INFO  segmented.SegmentedRaftLogWorker (SegmentedRaftLogWorker.java:run(327)) - 757e1abf-caf6-4356-ad73-d786994982ad@group-36EC4F650869-SegmentedRaftLogWorker was interrupted, exiting. There are 0 tasks remaining in the queue.
2022-01-11 23:54:38,314 [Command processor thread] INFO  segmented.SegmentedRaftLogWorker (SegmentedRaftLogWorker.java:close(237)) - 757e1abf-caf6-4356-ad73-d786994982ad@group-36EC4F650869-SegmentedRaftLogWorker close()
2022-01-11 23:54:38,317 [Command processor thread] INFO  server.RaftServer$Division (RaftServerImpl.java:groupRemove(382)) - 757e1abf-caf6-4356-ad73-d786994982ad@group-36EC4F650869: Succeed to remove RaftStorageDirectory Storage Directory /home/runner/work/ozone/ozone/hadoop-ozone/integration-test/target/test-dir/MiniOzoneClusterImpl-84b3519b-a2d3-47e7-8c84-34506f72c9f7/datanode-4/data/ratis/1afd3704-aaf0-437f-bd8e-36ec4f650869
2022-01-11 23:54:38,317 [Command processor thread] INFO  commandhandler.ClosePipelineCommandHandler (ClosePipelineCommandHandler.java:handle(78)) - Close Pipeline PipelineID=1afd3704-aaf0-437f-bd8e-36ec4f650869 command on datanode 757e1abf-caf6-4356-ad73-d786994982ad.
2022-01-11 23:54:38,317 [Command processor thread] INFO  server.RaftServer (RaftServerProxy.java:remove(106)) - 757e1abf-caf6-4356-ad73-d786994982ad: remove    LEADER 757e1abf-caf6-4356-ad73-d786994982ad@group-4B271DC99CF9:t4, leader=757e1abf-caf6-4356-ad73-d786994982ad, voted=757e1abf-caf6-4356-ad73-d786994982ad, raftlog=757e1abf-caf6-4356-ad73-d786994982ad@group-4B271DC99CF9-SegmentedRaftLog:OPENED:c0, conf=0: [2a1c9333-8641-498a-88f2-87bcecbe0d18|rpc:10.1.0.37:38177|dataStream:|priority:1, 757e1abf-caf6-4356-ad73-d786994982ad|rpc:10.1.0.37:41749|dataStream:|priority:0, 77c66afc-fa73-4d89-b59d-9adc22a556cf|rpc:10.1.0.37:40587|dataStream:|priority:0], old=null RUNNING
2022-01-11 23:54:38,318 [Command processor thread] INFO  server.RaftServer$Division (RaftServerImpl.java:lambda$close$4(412)) - 757e1abf-caf6-4356-ad73-d786994982ad@group-4B271DC99CF9: shutdown
2022-01-11 23:54:38,318 [Command processor thread] INFO  util.JmxRegister (JmxRegister.java:unregister(73)) - Successfully un-registered JMX Bean with object name Ratis:service=RaftServer,group=group-4B271DC99CF9,id=757e1abf-caf6-4356-ad73-d786994982ad
2022-01-11 23:54:38,318 [Command processor thread] INFO  impl.RoleInfo (RoleInfo.java:shutdownLeaderState(91)) - 757e1abf-caf6-4356-ad73-d786994982ad: shutdown 757e1abf-caf6-4356-ad73-d786994982ad@group-4B271DC99CF9-LeaderStateImpl
2022-01-11 23:54:38,318 [757e1abf-caf6-4356-ad73-d786994982ad@group-4B271DC99CF9->77c66afc-fa73-4d89-b59d-9adc22a556cf-GrpcLogAppender-LogAppenderDaemon] WARN  server.GrpcLogAppender (GrpcLogAppender.java:mayWait(177)) - 757e1abf-caf6-4356-ad73-d786994982ad@group-4B271DC99CF9->77c66afc-fa73-4d89-b59d-9adc22a556cf-GrpcLogAppender: Wait interrupted by java.lang.InterruptedException
2022-01-11 23:54:38,318 [grpc-default-executor-5] INFO  server.GrpcServerProtocolService (GrpcServerProtocolService.java:onCompleted(140)) - 77c66afc-fa73-4d89-b59d-9adc22a556cf: Completed APPEND_ENTRIES, lastRequest: 757e1abf-caf6-4356-ad73-d786994982ad->77c66afc-fa73-4d89-b59d-9adc22a556cf#1-t4,previous=(t:0, i:0),leaderCommit=0,initializing? true,entries: size=1, first=(t:4, i:0), CONFIGURATIONENTRY
2022-01-11 23:54:38,321 [grpc-default-executor-1] INFO  server.GrpcLogAppender (GrpcLogAppender.java:onCompleted(346)) - 757e1abf-caf6-4356-ad73-d786994982ad@group-4B271DC99CF9->77c66afc-fa73-4d89-b59d-9adc22a556cf-AppendLogResponseHandler: follower responses appendEntries COMPLETED
2022-01-11 23:54:38,321 [grpc-default-executor-1] INFO  leader.FollowerInfo (FollowerInfoImpl.java:lambda$new$0(47)) - 757e1abf-caf6-4356-ad73-d786994982ad@group-4B271DC99CF9->77c66afc-fa73-4d89-b59d-9adc22a556cf: nextIndex: updateUnconditionally 1 -> 0
2022-01-11 23:54:38,335 [Command processor thread] INFO  impl.PendingRequests (PendingRequests.java:sendNotLeaderResponses(282)) - 757e1abf-caf6-4356-ad73-d786994982ad@group-4B271DC99CF9-PendingRequests: sendNotLeaderResponses
2022-01-11 23:54:38,336 [Command processor thread] INFO  impl.StateMachineUpdater (StateMachineUpdater.java:stopAndJoin(149)) - 757e1abf-caf6-4356-ad73-d786994982ad@group-4B271DC99CF9-StateMachineUpdater: set stopIndex = 0
2022-01-11 23:54:38,339 [757e1abf-caf6-4356-ad73-d786994982ad@group-4B271DC99CF9-StateMachineUpdater] INFO  ratis.ContainerStateMachine (ContainerStateMachine.java:takeSnapshot(299)) - group-4B271DC99CF9: Taking a snapshot at:(t:4, i:0) file /home/runner/work/ozone/ozone/hadoop-ozone/integration-test/target/test-dir/MiniOzoneClusterImpl-84b3519b-a2d3-47e7-8c84-34506f72c9f7/datanode-4/data/ratis/5564fd82-da03-4608-bf34-4b271dc99cf9/sm/snapshot.4_0
2022-01-11 23:54:38,340 [757e1abf-caf6-4356-ad73-d786994982ad@group-4B271DC99CF9-StateMachineUpdater] INFO  ratis.ContainerStateMachine (ContainerStateMachine.java:takeSnapshot(310)) - group-4B271DC99CF9: Finished taking a snapshot at:(t:4, i:0) file:/home/runner/work/ozone/ozone/hadoop-ozone/integration-test/target/test-dir/MiniOzoneClusterImpl-84b3519b-a2d3-47e7-8c84-34506f72c9f7/datanode-4/data/ratis/5564fd82-da03-4608-bf34-4b271dc99cf9/sm/snapshot.4_0 took: 1 ms
2022-01-11 23:54:38,340 [757e1abf-caf6-4356-ad73-d786994982ad@group-4B271DC99CF9-StateMachineUpdater] INFO  impl.StateMachineUpdater (StateMachineUpdater.java:takeSnapshot(281)) - 757e1abf-caf6-4356-ad73-d786994982ad@group-4B271DC99CF9-StateMachineUpdater: Took a snapshot at index 0
2022-01-11 23:54:38,340 [757e1abf-caf6-4356-ad73-d786994982ad@group-4B271DC99CF9-StateMachineUpdater] INFO  impl.StateMachineUpdater (StateMachineUpdater.java:lambda$new$0(89)) - 757e1abf-caf6-4356-ad73-d786994982ad@group-4B271DC99CF9-StateMachineUpdater: snapshotIndex: updateIncreasingly -1 -> 0
2022-01-11 23:54:38,341 [Command processor thread] INFO  server.RaftServer$Division (ServerState.java:close(419)) - 757e1abf-caf6-4356-ad73-d786994982ad@group-4B271DC99CF9: closes. applyIndex: 0
2022-01-11 23:54:38,343 [757e1abf-caf6-4356-ad73-d786994982ad@group-4B271DC99CF9-SegmentedRaftLogWorker] INFO  segmented.SegmentedRaftLogWorker (SegmentedRaftLogWorker.java:run(327)) - 757e1abf-caf6-4356-ad73-d786994982ad@group-4B271DC99CF9-SegmentedRaftLogWorker was interrupted, exiting. There are 0 tasks remaining in the queue.
2022-01-11 23:54:38,347 [Command processor thread] INFO  segmented.SegmentedRaftLogWorker (SegmentedRaftLogWorker.java:close(237)) - 757e1abf-caf6-4356-ad73-d786994982ad@group-4B271DC99CF9-SegmentedRaftLogWorker close()
2022-01-11 23:54:38,348 [Command processor thread] INFO  server.RaftServer$Division (RaftServerImpl.java:groupRemove(382)) - 757e1abf-caf6-4356-ad73-d786994982ad@group-4B271DC99CF9: Succeed to remove RaftStorageDirectory Storage Directory /home/runner/work/ozone/ozone/hadoop-ozone/integration-test/target/test-dir/MiniOzoneClusterImpl-84b3519b-a2d3-47e7-8c84-34506f72c9f7/datanode-4/data/ratis/5564fd82-da03-4608-bf34-4b271dc99cf9
2022-01-11 23:54:38,349 [Command processor thread] INFO  commandhandler.ClosePipelineCommandHandler (ClosePipelineCommandHandler.java:handle(78)) - Close Pipeline PipelineID=5564fd82-da03-4608-bf34-4b271dc99cf9 command on datanode 757e1abf-caf6-4356-ad73-d786994982ad.
2022-01-11 23:55:00,657 [Listener at 127.0.0.1/46043] WARN  io.KeyOutputStream (KeyOutputStream.java:handleException(310)) - Encountered exception java.io.IOException: Unexpected Storage Container Exception: java.util.concurrent.CompletionException: Failed to write chunk 109611004723200001_chunk_6 into block conID: 1 locID: 109611004723200001 bcsId: 10 on the pipeline Pipeline[ Id: a1978e2b-ad32-4a8c-80c7-a72ddd3acb6b, Nodes: 2a1c9333-8641-498a-88f2-87bcecbe0d18{ip: 10.1.0.37, host: fv-az59-280.csjynl4pkq3e1pkirw3ssqjfoh.cx.internal.cloudapp.net, ports: [REPLICATION=45151, RATIS=38177, RATIS_ADMIN=38177, RATIS_SERVER=38177, STANDALONE=44313], networkLocation: /default-rack, certSerialId: null, persistedOpState: IN_SERVICE, persistedOpStateExpiryEpochSec: 0}, ReplicationConfig: RATIS/ONE, State:OPEN, leaderId:2a1c9333-8641-498a-88f2-87bcecbe0d18, CreationTimestamp2022-01-11T23:53:59.463Z[Etc/UTC]]. The last committed block length is 500, uncommitted data length is 300 retry count 0
2022-01-11 23:55:01,136 [Listener at 127.0.0.1/46043] WARN  impl.MetricRegistriesImpl (MetricRegistriesImpl.java:addReporterRegistration(111)) - New reporters are added after registries were created. Some metrics will be missing from the reporter. Please add reporter before adding any new registry.
2022-01-11 23:55:01,137 [Listener at 127.0.0.1/46043] WARN  impl.MetricRegistriesImpl (MetricRegistriesImpl.java:addReporterRegistration(111)) - New reporters are added after registries were created. Some metrics will be missing from the reporter. Please add reporter before adding any new registry.
2022-01-11 23:55:01,137 [Listener at 127.0.0.1/46043] INFO  impl.MetricsSystemImpl (MetricsSystemImpl.java:init(158)) - HddsDatanode metrics system started (again)
2022-01-11 23:55:01,300 [Listener at 127.0.0.1/46043] INFO  ozone.HddsDatanodeService (HddsDatanodeService.java:start(234)) - HddsDatanodeService host:fv-az59-280.csjynl4pkq3e1pkirw3ssqjfoh.cx.internal.cloudapp.net ip:10.1.0.37
2022-01-11 23:55:01,364 [Listener at 127.0.0.1/46043] INFO  upgrade.AbstractLayoutVersionManager (AbstractLayoutVersionManager.java:init(79)) - Initializing Layout version manager with metadata layout = SCM_HA (version = 2), software layout = SCM_HA (version = 2)
2022-01-11 23:55:01,506 [Listener at 127.0.0.1/46043] INFO  reflections.Reflections (Reflections.java:scan(232)) - Reflections took 141 ms to scan 7 urls, producing 119 keys and 279 values 
2022-01-11 23:55:01,535 [Listener at 127.0.0.1/46043] INFO  statemachine.DatanodeStateMachine (DatanodeStateMachine.java:getEndPointTaskThreadPoolSize(222)) - Datanode State Machine Task Thread Pool size 2
2022-01-11 23:55:01,541 [Listener at 127.0.0.1/46043] INFO  volume.HddsVolume (HddsVolume.java:<init>(120)) - Creating HddsVolume: /home/runner/work/ozone/ozone/hadoop-ozone/integration-test/target/test-dir/MiniOzoneClusterImpl-84b3519b-a2d3-47e7-8c84-34506f72c9f7/datanode-5/data-0/containers/hdds of storage type : DISK capacity : 9223372036854775807
2022-01-11 23:55:01,542 [Listener at 127.0.0.1/46043] INFO  volume.MutableVolumeSet (MutableVolumeSet.java:initializeVolumeSet(168)) - Added Volume : /home/runner/work/ozone/ozone/hadoop-ozone/integration-test/target/test-dir/MiniOzoneClusterImpl-84b3519b-a2d3-47e7-8c84-34506f72c9f7/datanode-5/data-0/containers/hdds to VolumeSet
2022-01-11 23:55:01,542 [Listener at 127.0.0.1/46043] INFO  volume.ThrottledAsyncChecker (ThrottledAsyncChecker.java:schedule(141)) - Scheduling a check for /home/runner/work/ozone/ozone/hadoop-ozone/integration-test/target/test-dir/MiniOzoneClusterImpl-84b3519b-a2d3-47e7-8c84-34506f72c9f7/datanode-5/data-0/containers/hdds
2022-01-11 23:55:01,544 [Listener at 127.0.0.1/46043] INFO  volume.StorageVolumeChecker (StorageVolumeChecker.java:checkAllVolumes(202)) - Scheduled health check for volume /home/runner/work/ozone/ozone/hadoop-ozone/integration-test/target/test-dir/MiniOzoneClusterImpl-84b3519b-a2d3-47e7-8c84-34506f72c9f7/datanode-5/data-0/containers/hdds
2022-01-11 23:55:01,592 [Listener at 127.0.0.1/46043] INFO  volume.MutableVolumeSet (MutableVolumeSet.java:initializeVolumeSet(168)) - Added Volume : /home/runner/work/ozone/ozone/hadoop-ozone/integration-test/target/test-dir/MiniOzoneClusterImpl-84b3519b-a2d3-47e7-8c84-34506f72c9f7/datanode-5/data/ratis to VolumeSet
2022-01-11 23:55:01,592 [Listener at 127.0.0.1/46043] INFO  volume.ThrottledAsyncChecker (ThrottledAsyncChecker.java:schedule(141)) - Scheduling a check for /home/runner/work/ozone/ozone/hadoop-ozone/integration-test/target/test-dir/MiniOzoneClusterImpl-84b3519b-a2d3-47e7-8c84-34506f72c9f7/datanode-5/data/ratis
2022-01-11 23:55:01,593 [Listener at 127.0.0.1/46043] INFO  volume.StorageVolumeChecker (StorageVolumeChecker.java:checkAllVolumes(202)) - Scheduled health check for volume /home/runner/work/ozone/ozone/hadoop-ozone/integration-test/target/test-dir/MiniOzoneClusterImpl-84b3519b-a2d3-47e7-8c84-34506f72c9f7/datanode-5/data/ratis
2022-01-11 23:55:01,653 [Thread-1355] INFO  ozoneimpl.ContainerReader (ContainerReader.java:readVolume(142)) - Start to verify containers on volume /home/runner/work/ozone/ozone/hadoop-ozone/integration-test/target/test-dir/MiniOzoneClusterImpl-84b3519b-a2d3-47e7-8c84-34506f72c9f7/datanode-5/data-0/containers/hdds
2022-01-11 23:55:01,800 [Thread-1355] INFO  ozoneimpl.ContainerReader (ContainerReader.java:readVolume(172)) - Finish verifying containers on volume /home/runner/work/ozone/ozone/hadoop-ozone/integration-test/target/test-dir/MiniOzoneClusterImpl-84b3519b-a2d3-47e7-8c84-34506f72c9f7/datanode-5/data-0/containers/hdds
2022-01-11 23:55:01,800 [Listener at 127.0.0.1/46043] INFO  ozoneimpl.OzoneContainer (OzoneContainer.java:buildContainerSet(237)) - Build ContainerSet costs 0s
2022-01-11 23:55:01,803 [Listener at 127.0.0.1/46043] INFO  server.RaftServer (ConfUtils.java:logGet(44)) - raft.rpc.type = GRPC (default)
2022-01-11 23:55:01,803 [Listener at 127.0.0.1/46043] INFO  grpc.GrpcFactory (GrpcFactory.java:checkPooledByteBufAllocatorUseCacheForAllThreads(48)) - PERFORMANCE WARNING: useCacheForAllThreads is true that may cause Netty to create a lot garbage objects and, as a result, trigger GC.
	It is recommended to disable useCacheForAllThreads by setting -Dorg.apache.ratis.thirdparty.io.netty.allocator.useCacheForAllThreads=false in command line.
2022-01-11 23:55:01,803 [Listener at 127.0.0.1/46043] INFO  grpc.GrpcConfigKeys (ConfUtils.java:logGet(44)) - raft.grpc.admin.port = 38177 (custom)
2022-01-11 23:55:01,803 [Listener at 127.0.0.1/46043] INFO  grpc.GrpcConfigKeys (ConfUtils.java:logGet(44)) - raft.grpc.client.port = 38177 (custom)
2022-01-11 23:55:01,803 [Listener at 127.0.0.1/46043] INFO  grpc.GrpcConfigKeys (ConfUtils.java:logGet(44)) - raft.grpc.server.port = 38177 (custom)
2022-01-11 23:55:01,803 [Listener at 127.0.0.1/46043] INFO  server.GrpcService (ConfUtils.java:logGet(44)) - raft.grpc.message.size.max = 32MB (=33554432) (custom)
2022-01-11 23:55:01,803 [Listener at 127.0.0.1/46043] INFO  server.RaftServerConfigKeys (ConfUtils.java:logGet(44)) - raft.server.log.appender.buffer.byte-limit = 33554432 (custom)
2022-01-11 23:55:01,803 [Listener at 127.0.0.1/46043] INFO  server.GrpcService (ConfUtils.java:logGet(44)) - raft.grpc.flow.control.window = 5MB (=5242880) (custom)
2022-01-11 23:55:01,803 [Listener at 127.0.0.1/46043] INFO  server.RaftServerConfigKeys (ConfUtils.java:logGet(44)) - raft.server.rpc.request.timeout = 3000ms (default)
2022-01-11 23:55:01,804 [Listener at 127.0.0.1/46043] INFO  impl.DataStreamServerImpl (ConfUtils.java:logGet(44)) - raft.datastream.type = DISABLED (default)
2022-01-11 23:55:01,809 [Listener at 127.0.0.1/46043] INFO  server.RaftServerConfigKeys (ConfUtils.java:logGet(44)) - raft.server.rpc.slowness.timeout = 300000ms (custom)
2022-01-11 23:55:01,809 [Listener at 127.0.0.1/46043] INFO  server.RaftServerConfigKeys (ConfUtils.java:logGet(44)) - raft.server.leaderelection.leader.step-down.wait-time = 10s (default)
2022-01-11 23:55:01,809 [Listener at 127.0.0.1/46043] INFO  server.RaftServerConfigKeys (ConfUtils.java:logGet(44)) - raft.server.storage.dir = [/home/runner/work/ozone/ozone/hadoop-ozone/integration-test/target/test-dir/MiniOzoneClusterImpl-84b3519b-a2d3-47e7-8c84-34506f72c9f7/datanode-5/data/ratis] (custom)
2022-01-11 23:55:01,809 [Listener at 127.0.0.1/46043] INFO  server.RaftServer (RaftServerProxy.java:lambda$null$1(235)) - 2a1c9333-8641-498a-88f2-87bcecbe0d18: found a subdirectory /home/runner/work/ozone/ozone/hadoop-ozone/integration-test/target/test-dir/MiniOzoneClusterImpl-84b3519b-a2d3-47e7-8c84-34506f72c9f7/datanode-5/data/ratis/5564fd82-da03-4608-bf34-4b271dc99cf9
2022-01-11 23:55:01,814 [Listener at 127.0.0.1/46043] INFO  server.RaftServer (RaftServerProxy.java:addNew(95)) - 2a1c9333-8641-498a-88f2-87bcecbe0d18: addNew group-4B271DC99CF9:[] returns group-4B271DC99CF9:java.util.concurrent.CompletableFuture@754f050f[Not completed]
2022-01-11 23:55:01,814 [Listener at 127.0.0.1/46043] INFO  server.RaftServer (RaftServerProxy.java:lambda$null$1(235)) - 2a1c9333-8641-498a-88f2-87bcecbe0d18: found a subdirectory /home/runner/work/ozone/ozone/hadoop-ozone/integration-test/target/test-dir/MiniOzoneClusterImpl-84b3519b-a2d3-47e7-8c84-34506f72c9f7/datanode-5/data/ratis/1afd3704-aaf0-437f-bd8e-36ec4f650869
2022-01-11 23:55:01,814 [Listener at 127.0.0.1/46043] INFO  server.RaftServer (RaftServerProxy.java:addNew(95)) - 2a1c9333-8641-498a-88f2-87bcecbe0d18: addNew group-36EC4F650869:[] returns group-36EC4F650869:java.util.concurrent.CompletableFuture@5ef58115[Not completed]
2022-01-11 23:55:01,815 [Listener at 127.0.0.1/46043] INFO  server.RaftServer (RaftServerProxy.java:lambda$null$1(235)) - 2a1c9333-8641-498a-88f2-87bcecbe0d18: found a subdirectory /home/runner/work/ozone/ozone/hadoop-ozone/integration-test/target/test-dir/MiniOzoneClusterImpl-84b3519b-a2d3-47e7-8c84-34506f72c9f7/datanode-5/data/ratis/a1978e2b-ad32-4a8c-80c7-a72ddd3acb6b
2022-01-11 23:55:01,815 [Listener at 127.0.0.1/46043] INFO  server.RaftServer (RaftServerProxy.java:addNew(95)) - 2a1c9333-8641-498a-88f2-87bcecbe0d18: addNew group-A72DDD3ACB6B:[] returns group-A72DDD3ACB6B:java.util.concurrent.CompletableFuture@acf9164[Not completed]
2022-01-11 23:55:01,816 [Listener at 127.0.0.1/46043] INFO  server.RaftServer (RaftServerProxy.java:lambda$null$1(235)) - 2a1c9333-8641-498a-88f2-87bcecbe0d18: found a subdirectory /home/runner/work/ozone/ozone/hadoop-ozone/integration-test/target/test-dir/MiniOzoneClusterImpl-84b3519b-a2d3-47e7-8c84-34506f72c9f7/datanode-5/data/ratis/9af18b33-0efc-4508-87fb-29c336287606
2022-01-11 23:55:01,817 [Listener at 127.0.0.1/46043] INFO  server.RaftServer (RaftServerProxy.java:addNew(95)) - 2a1c9333-8641-498a-88f2-87bcecbe0d18: addNew group-29C336287606:[] returns group-29C336287606:java.util.concurrent.CompletableFuture@6021fa13[Not completed]
2022-01-11 23:55:01,818 [Listener at 127.0.0.1/46043] INFO  server.XceiverServerGrpc (XceiverServerGrpc.java:<init>(132)) - GrpcServer channel type EpollServerSocketChannel
2022-01-11 23:55:01,816 [pool-478-thread-1] INFO  server.RaftServer$Division (RaftServerImpl.java:<init>(184)) - 2a1c9333-8641-498a-88f2-87bcecbe0d18: new RaftServerImpl for group-4B271DC99CF9:[] with ContainerStateMachine:uninitialized
2022-01-11 23:55:01,851 [pool-478-thread-1] INFO  server.RaftServerConfigKeys (ConfUtils.java:logGet(44)) - raft.server.rpc.timeout.min = 5s (custom)
2022-01-11 23:55:01,851 [pool-478-thread-1] INFO  server.RaftServerConfigKeys (ConfUtils.java:logGet(44)) - raft.server.rpc.timeout.max = 5200ms (custom)
2022-01-11 23:55:01,851 [pool-478-thread-1] INFO  server.RaftServerConfigKeys (ConfUtils.java:logGet(44)) - raft.server.rpc.sleep.time = 25ms (default)
2022-01-11 23:55:01,851 [pool-478-thread-1] INFO  server.RaftServerConfigKeys (ConfUtils.java:logGet(44)) - raft.server.rpc.slowness.timeout = 300000ms (custom)
2022-01-11 23:55:01,852 [pool-478-thread-1] INFO  server.RaftServerConfigKeys (ConfUtils.java:logGet(44)) - raft.server.leaderelection.leader.step-down.wait-time = 10s (default)
2022-01-11 23:55:01,852 [pool-478-thread-1] INFO  server.RaftServerConfigKeys (ConfUtils.java:logGet(44)) - raft.server.sleep.deviation.threshold = 300ms (default)
2022-01-11 23:55:01,852 [pool-478-thread-1] INFO  server.RaftServerConfigKeys (ConfUtils.java:logGet(44)) - raft.server.log.appender.install.snapshot.enabled = false (custom)
2022-01-11 23:55:01,852 [pool-478-thread-1] INFO  server.RaftServer$Division (ServerState.java:<init>(105)) - 2a1c9333-8641-498a-88f2-87bcecbe0d18@group-4B271DC99CF9: ConfigurationManager, init=-1: [], old=null, confs=<EMPTY_MAP>
2022-01-11 23:55:01,852 [pool-478-thread-1] INFO  server.RaftServerConfigKeys (ConfUtils.java:logGet(44)) - raft.server.storage.dir = [/home/runner/work/ozone/ozone/hadoop-ozone/integration-test/target/test-dir/MiniOzoneClusterImpl-84b3519b-a2d3-47e7-8c84-34506f72c9f7/datanode-5/data/ratis] (custom)
2022-01-11 23:55:01,852 [pool-478-thread-1] INFO  server.RaftServerConfigKeys (ConfUtils.java:logGet(44)) - raft.server.log.corruption.policy = EXCEPTION (default)
2022-01-11 23:55:01,852 [pool-478-thread-1] INFO  server.RaftServerConfigKeys (ConfUtils.java:logGet(44)) - raft.server.storage.free-space.min = 0MB (=0) (default)
2022-01-11 23:55:01,853 [pool-478-thread-1] INFO  storage.RaftStorageDirectory (RaftStorageDirectoryImpl.java:tryLock(230)) - Lock on /home/runner/work/ozone/ozone/hadoop-ozone/integration-test/target/test-dir/MiniOzoneClusterImpl-84b3519b-a2d3-47e7-8c84-34506f72c9f7/datanode-5/data/ratis/5564fd82-da03-4608-bf34-4b271dc99cf9/in_use.lock acquired by nodename 350@fv-az59-280
2022-01-11 23:55:01,854 [pool-478-thread-1] INFO  storage.RaftStorage (RaftStorageImpl.java:analyzeAndRecoverStorage(110)) - Read RaftStorageMetadata{term=3, votedFor=} from /home/runner/work/ozone/ozone/hadoop-ozone/integration-test/target/test-dir/MiniOzoneClusterImpl-84b3519b-a2d3-47e7-8c84-34506f72c9f7/datanode-5/data/ratis/5564fd82-da03-4608-bf34-4b271dc99cf9/current/raft-meta
2022-01-11 23:55:01,858 [pool-478-thread-1] INFO  ratis.ContainerStateMachine (ContainerStateMachine.java:loadSnapshot(231)) - group-4B271DC99CF9: The snapshot info is null. Setting the last applied indexto:(t:0, i:~)
2022-01-11 23:55:01,858 [pool-478-thread-1] INFO  server.RaftServerConfigKeys (ConfUtils.java:logGet(44)) - raft.server.notification.no-leader.timeout = 300000ms (custom)
2022-01-11 23:55:01,858 [pool-478-thread-1] INFO  server.RaftServerConfigKeys (ConfUtils.java:logGet(44)) - raft.server.log.use.memory = false (default)
2022-01-11 23:55:01,858 [pool-478-thread-1] INFO  server.RaftServerConfigKeys (ConfUtils.java:logGet(44)) - raft.server.log.purge.gap = 1000000 (custom)
2022-01-11 23:55:01,858 [pool-478-thread-1] INFO  server.RaftServerConfigKeys (ConfUtils.java:logGet(44)) - raft.server.log.appender.buffer.byte-limit = 33554432 (custom)
2022-01-11 23:55:01,858 [pool-478-thread-1] INFO  server.RaftServerConfigKeys (ConfUtils.java:logGet(44)) - raft.server.log.segment.size.max = 1048576 (custom)
2022-01-11 23:55:01,859 [pool-478-thread-1] INFO  server.RaftServerConfigKeys (ConfUtils.java:logGet(44)) - raft.server.log.segment.cache.num.max = 2 (custom)
2022-01-11 23:55:01,859 [pool-478-thread-1] INFO  server.RaftServerConfigKeys (ConfUtils.java:logGet(44)) - raft.server.log.segment.cache.size.max = 200MB (=209715200) (default)
2022-01-11 23:55:01,859 [pool-478-thread-1] INFO  segmented.SegmentedRaftLogWorker (SegmentedRaftLogWorker.java:<init>(182)) - new 2a1c9333-8641-498a-88f2-87bcecbe0d18@group-4B271DC99CF9-SegmentedRaftLogWorker for RaftStorageImpl:Storage Directory /home/runner/work/ozone/ozone/hadoop-ozone/integration-test/target/test-dir/MiniOzoneClusterImpl-84b3519b-a2d3-47e7-8c84-34506f72c9f7/datanode-5/data/ratis/5564fd82-da03-4608-bf34-4b271dc99cf9
2022-01-11 23:55:01,859 [pool-478-thread-1] INFO  server.RaftServerConfigKeys (ConfUtils.java:logGet(44)) - raft.server.log.queue.byte-limit = 2147483647 (custom)
2022-01-11 23:55:01,859 [pool-478-thread-1] INFO  server.RaftServerConfigKeys (ConfUtils.java:logGet(44)) - raft.server.log.queue.element-limit = 1024 (custom)
2022-01-11 23:55:01,859 [pool-478-thread-1] INFO  server.RaftServerConfigKeys (ConfUtils.java:logGet(44)) - raft.server.log.segment.size.max = 1048576 (custom)
2022-01-11 23:55:01,859 [pool-478-thread-1] INFO  server.RaftServerConfigKeys (ConfUtils.java:logGet(44)) - raft.server.log.preallocated.size = 16384 (custom)
2022-01-11 23:55:01,859 [pool-478-thread-1] INFO  server.RaftServerConfigKeys (ConfUtils.java:logGet(44)) - raft.server.log.force.sync.num = 128 (default)
2022-01-11 23:55:01,859 [pool-478-thread-1] INFO  server.RaftServerConfigKeys (ConfUtils.java:logGet(44)) - raft.server.log.statemachine.data.sync = true (default)
2022-01-11 23:55:01,859 [pool-478-thread-1] INFO  server.RaftServerConfigKeys (ConfUtils.java:logGet(44)) - raft.server.log.statemachine.data.sync.timeout = 10s (default)
2022-01-11 23:55:01,859 [pool-478-thread-1] INFO  server.RaftServerConfigKeys (ConfUtils.java:logGet(44)) - raft.server.log.statemachine.data.sync.timeout.retry = -1 (default)
2022-01-11 23:55:01,860 [pool-478-thread-1] INFO  server.RaftServerConfigKeys (ConfUtils.java:logGet(44)) - raft.server.log.write.buffer.size = 1048576 (custom)
2022-01-11 23:55:01,861 [pool-478-thread-1] INFO  server.RaftServerConfigKeys (ConfUtils.java:logGet(44)) - raft.server.log.statemachine.data.caching.enabled = true (custom)
2022-01-11 23:55:01,861 [pool-478-thread-1] INFO  segmented.SegmentedRaftLogWorker (SegmentedRaftLogWorker.java:lambda$new$0(133)) - 2a1c9333-8641-498a-88f2-87bcecbe0d18@group-4B271DC99CF9-SegmentedRaftLogWorker: flushIndex: setUnconditionally 0 -> -1
2022-01-11 23:55:01,861 [pool-478-thread-1] INFO  segmented.SegmentedRaftLogWorker (SegmentedRaftLogWorker.java:lambda$new$0(133)) - 2a1c9333-8641-498a-88f2-87bcecbe0d18@group-4B271DC99CF9-SegmentedRaftLogWorker: safeCacheEvictIndex: setUnconditionally 0 -> -1
2022-01-11 23:55:01,861 [pool-478-thread-1] INFO  server.RaftServerConfigKeys (ConfUtils.java:logGet(44)) - raft.server.snapshot.auto.trigger.enabled = true (custom)
2022-01-11 23:55:01,861 [pool-478-thread-1] INFO  server.RaftServerConfigKeys (ConfUtils.java:logGet(44)) - raft.server.snapshot.auto.trigger.threshold = 10000 (custom)
2022-01-11 23:55:01,861 [pool-478-thread-1] INFO  server.RaftServerConfigKeys (ConfUtils.java:logGet(44)) - raft.server.snapshot.retention.file.num = 5 (custom)
2022-01-11 23:55:01,861 [pool-478-thread-1] INFO  server.RaftServerConfigKeys (ConfUtils.java:logGet(44)) - raft.server.log.purge.upto.snapshot.index = false (default)
2022-01-11 23:55:01,861 [pool-478-thread-1] INFO  server.RaftServerConfigKeys (ConfUtils.java:logGet(44)) - raft.server.retrycache.expirytime = 600000ms (custom)
2022-01-11 23:55:01,861 [pool-478-thread-1] INFO  server.RaftServerConfigKeys (ConfUtils.java:logGet(44)) - raft.server.retrycache.statistics.expirytime = 100μs (default)
2022-01-11 23:55:01,863 [pool-478-thread-1] INFO  server.RaftServer$Division (RaftServerImpl.java:<init>(184)) - 2a1c9333-8641-498a-88f2-87bcecbe0d18: new RaftServerImpl for group-36EC4F650869:[] with ContainerStateMachine:uninitialized
2022-01-11 23:55:01,863 [pool-478-thread-1] INFO  server.RaftServerConfigKeys (ConfUtils.java:logGet(44)) - raft.server.rpc.timeout.min = 5s (custom)
2022-01-11 23:55:01,863 [pool-478-thread-1] INFO  server.RaftServerConfigKeys (ConfUtils.java:logGet(44)) - raft.server.rpc.timeout.max = 5200ms (custom)
2022-01-11 23:55:01,863 [pool-478-thread-1] INFO  server.RaftServerConfigKeys (ConfUtils.java:logGet(44)) - raft.server.rpc.sleep.time = 25ms (default)
2022-01-11 23:55:01,863 [pool-478-thread-1] INFO  server.RaftServerConfigKeys (ConfUtils.java:logGet(44)) - raft.server.rpc.slowness.timeout = 300000ms (custom)
2022-01-11 23:55:01,863 [pool-478-thread-1] INFO  server.RaftServerConfigKeys (ConfUtils.java:logGet(44)) - raft.server.leaderelection.leader.step-down.wait-time = 10s (default)
2022-01-11 23:55:01,863 [pool-478-thread-1] INFO  server.RaftServerConfigKeys (ConfUtils.java:logGet(44)) - raft.server.sleep.deviation.threshold = 300ms (default)
2022-01-11 23:55:01,863 [pool-478-thread-1] INFO  server.RaftServerConfigKeys (ConfUtils.java:logGet(44)) - raft.server.log.appender.install.snapshot.enabled = false (custom)
2022-01-11 23:55:01,863 [pool-478-thread-1] INFO  server.RaftServer$Division (ServerState.java:<init>(105)) - 2a1c9333-8641-498a-88f2-87bcecbe0d18@group-36EC4F650869: ConfigurationManager, init=-1: [], old=null, confs=<EMPTY_MAP>
2022-01-11 23:55:01,863 [pool-478-thread-1] INFO  server.RaftServerConfigKeys (ConfUtils.java:logGet(44)) - raft.server.storage.dir = [/home/runner/work/ozone/ozone/hadoop-ozone/integration-test/target/test-dir/MiniOzoneClusterImpl-84b3519b-a2d3-47e7-8c84-34506f72c9f7/datanode-5/data/ratis] (custom)
2022-01-11 23:55:01,864 [pool-478-thread-1] INFO  server.RaftServerConfigKeys (ConfUtils.java:logGet(44)) - raft.server.log.corruption.policy = EXCEPTION (default)
2022-01-11 23:55:01,864 [pool-478-thread-1] INFO  server.RaftServerConfigKeys (ConfUtils.java:logGet(44)) - raft.server.storage.free-space.min = 0MB (=0) (default)
2022-01-11 23:55:01,879 [pool-478-thread-1] INFO  storage.RaftStorageDirectory (RaftStorageDirectoryImpl.java:tryLock(230)) - Lock on /home/runner/work/ozone/ozone/hadoop-ozone/integration-test/target/test-dir/MiniOzoneClusterImpl-84b3519b-a2d3-47e7-8c84-34506f72c9f7/datanode-5/data/ratis/1afd3704-aaf0-437f-bd8e-36ec4f650869/in_use.lock acquired by nodename 350@fv-az59-280
2022-01-11 23:55:01,879 [pool-478-thread-1] INFO  storage.RaftStorage (RaftStorageImpl.java:analyzeAndRecoverStorage(110)) - Read RaftStorageMetadata{term=2, votedFor=77c66afc-fa73-4d89-b59d-9adc22a556cf} from /home/runner/work/ozone/ozone/hadoop-ozone/integration-test/target/test-dir/MiniOzoneClusterImpl-84b3519b-a2d3-47e7-8c84-34506f72c9f7/datanode-5/data/ratis/1afd3704-aaf0-437f-bd8e-36ec4f650869/current/raft-meta
2022-01-11 23:55:01,881 [pool-478-thread-1] INFO  ratis.ContainerStateMachine (ContainerStateMachine.java:loadSnapshot(240)) - group-36EC4F650869: Setting the last applied index to (t:2, i:0)
2022-01-11 23:55:01,882 [Listener at 127.0.0.1/46043] INFO  http.BaseHttpServer (BaseHttpServer.java:newHttpServer2BuilderForOzone(209)) - Starting Web-server for hddsDatanode at: http://0.0.0.0:40597
2022-01-11 23:55:01,882 [Listener at 127.0.0.1/46043] INFO  http.BaseHttpServer (BaseHttpServer.java:<init>(107)) - Hadoop Security Enabled: false Ozone Security Enabled: false Ozone HTTP Security Enabled: false 
2022-01-11 23:55:01,883 [Listener at 127.0.0.1/46043] INFO  server.AuthenticationFilter (AuthenticationFilter.java:constructSecretProvider(240)) - Unable to initialize FileSignerSecretProvider, falling back to use random secrets.
2022-01-11 23:55:01,890 [pool-478-thread-1] INFO  server.RaftServer$Division (ServerState.java:setRaftConf(387)) - 2a1c9333-8641-498a-88f2-87bcecbe0d18@group-36EC4F650869: set configuration 0: [2a1c9333-8641-498a-88f2-87bcecbe0d18|rpc:10.1.0.37:38177|dataStream:|priority:0, 757e1abf-caf6-4356-ad73-d786994982ad|rpc:10.1.0.37:41749|dataStream:|priority:0, 77c66afc-fa73-4d89-b59d-9adc22a556cf|rpc:10.1.0.37:40587|dataStream:|priority:1], old=null
2022-01-11 23:55:01,899 [pool-478-thread-1] INFO  server.RaftServerConfigKeys (ConfUtils.java:logGet(44)) - raft.server.notification.no-leader.timeout = 300000ms (custom)
2022-01-11 23:55:01,899 [pool-478-thread-1] INFO  server.RaftServerConfigKeys (ConfUtils.java:logGet(44)) - raft.server.log.use.memory = false (default)
2022-01-11 23:55:01,899 [pool-478-thread-1] INFO  server.RaftServerConfigKeys (ConfUtils.java:logGet(44)) - raft.server.log.purge.gap = 1000000 (custom)
2022-01-11 23:55:01,900 [pool-478-thread-1] INFO  server.RaftServerConfigKeys (ConfUtils.java:logGet(44)) - raft.server.log.appender.buffer.byte-limit = 33554432 (custom)
2022-01-11 23:55:01,900 [pool-478-thread-1] INFO  server.RaftServerConfigKeys (ConfUtils.java:logGet(44)) - raft.server.log.segment.size.max = 1048576 (custom)
2022-01-11 23:55:01,900 [pool-478-thread-1] INFO  server.RaftServerConfigKeys (ConfUtils.java:logGet(44)) - raft.server.log.segment.cache.num.max = 2 (custom)
2022-01-11 23:55:01,901 [Listener at 127.0.0.1/46043] WARN  http.HttpRequestLog (HttpRequestLog.java:getRequestLog(103)) - Jetty request log can only be enabled using Log4j
2022-01-11 23:55:01,902 [pool-478-thread-1] INFO  server.RaftServerConfigKeys (ConfUtils.java:logGet(44)) - raft.server.log.segment.cache.size.max = 200MB (=209715200) (default)
2022-01-11 23:55:01,902 [pool-478-thread-1] INFO  segmented.SegmentedRaftLogWorker (SegmentedRaftLogWorker.java:<init>(182)) - new 2a1c9333-8641-498a-88f2-87bcecbe0d18@group-36EC4F650869-SegmentedRaftLogWorker for RaftStorageImpl:Storage Directory /home/runner/work/ozone/ozone/hadoop-ozone/integration-test/target/test-dir/MiniOzoneClusterImpl-84b3519b-a2d3-47e7-8c84-34506f72c9f7/datanode-5/data/ratis/1afd3704-aaf0-437f-bd8e-36ec4f650869
2022-01-11 23:55:01,902 [pool-478-thread-1] INFO  server.RaftServerConfigKeys (ConfUtils.java:logGet(44)) - raft.server.log.queue.byte-limit = 2147483647 (custom)
2022-01-11 23:55:01,902 [pool-478-thread-1] INFO  server.RaftServerConfigKeys (ConfUtils.java:logGet(44)) - raft.server.log.queue.element-limit = 1024 (custom)
2022-01-11 23:55:01,902 [pool-478-thread-1] INFO  server.RaftServerConfigKeys (ConfUtils.java:logGet(44)) - raft.server.log.segment.size.max = 1048576 (custom)
2022-01-11 23:55:01,902 [pool-478-thread-1] INFO  server.RaftServerConfigKeys (ConfUtils.java:logGet(44)) - raft.server.log.preallocated.size = 16384 (custom)
2022-01-11 23:55:01,902 [pool-478-thread-1] INFO  server.RaftServerConfigKeys (ConfUtils.java:logGet(44)) - raft.server.log.force.sync.num = 128 (default)
2022-01-11 23:55:01,902 [pool-478-thread-1] INFO  server.RaftServerConfigKeys (ConfUtils.java:logGet(44)) - raft.server.log.statemachine.data.sync = true (default)
2022-01-11 23:55:01,902 [pool-478-thread-1] INFO  server.RaftServerConfigKeys (ConfUtils.java:logGet(44)) - raft.server.log.statemachine.data.sync.timeout = 10s (default)
2022-01-11 23:55:01,902 [Listener at 127.0.0.1/46043] INFO  http.HttpServer2 (HttpServer2.java:addGlobalFilter(1030)) - Added global filter 'safety' (class=org.apache.hadoop.hdds.server.http.HttpServer2$QuotingInputFilter)
2022-01-11 23:55:01,903 [Listener at 127.0.0.1/46043] INFO  http.HttpServer2 (HttpServer2.java:addFilter(1006)) - Added filter static_user_filter (class=org.apache.hadoop.http.lib.StaticUserWebFilter$StaticUserFilter) to context hddsDatanode
2022-01-11 23:55:01,903 [Listener at 127.0.0.1/46043] INFO  http.HttpServer2 (HttpServer2.java:addFilter(1014)) - Added filter static_user_filter (class=org.apache.hadoop.http.lib.StaticUserWebFilter$StaticUserFilter) to context static
2022-01-11 23:55:01,903 [Listener at 127.0.0.1/46043] INFO  http.HttpServer2 (HttpServer2.java:addFilter(1014)) - Added filter static_user_filter (class=org.apache.hadoop.http.lib.StaticUserWebFilter$StaticUserFilter) to context logs
2022-01-11 23:55:01,904 [Listener at 127.0.0.1/46043] INFO  http.HttpServer2 (HttpServer2.java:bindListener(1249)) - Jetty bound to port 40597
2022-01-11 23:55:01,904 [Listener at 127.0.0.1/46043] INFO  server.Server (Server.java:doStart(375)) - jetty-9.4.43.v20210629; built: 2021-06-30T11:07:22.254Z; git: 526006ecfa3af7f1a27ef3a288e2bef7ea9dd7e8; jvm 1.8.0_292-b10
2022-01-11 23:55:01,904 [pool-478-thread-1] INFO  server.RaftServerConfigKeys (ConfUtils.java:logGet(44)) - raft.server.log.statemachine.data.sync.timeout.retry = -1 (default)
2022-01-11 23:55:01,920 [pool-478-thread-1] INFO  server.RaftServerConfigKeys (ConfUtils.java:logGet(44)) - raft.server.log.write.buffer.size = 1048576 (custom)
2022-01-11 23:55:01,920 [pool-478-thread-1] INFO  server.RaftServerConfigKeys (ConfUtils.java:logGet(44)) - raft.server.log.statemachine.data.caching.enabled = true (custom)
2022-01-11 23:55:01,955 [pool-478-thread-1] INFO  server.RaftServer$Division (ServerState.java:setRaftConf(387)) - 2a1c9333-8641-498a-88f2-87bcecbe0d18@group-36EC4F650869: set configuration 0: [2a1c9333-8641-498a-88f2-87bcecbe0d18|rpc:10.1.0.37:38177|dataStream:|priority:0, 757e1abf-caf6-4356-ad73-d786994982ad|rpc:10.1.0.37:41749|dataStream:|priority:0, 77c66afc-fa73-4d89-b59d-9adc22a556cf|rpc:10.1.0.37:40587|dataStream:|priority:1], old=null
2022-01-11 23:55:01,956 [Listener at 127.0.0.1/46043] INFO  server.session (DefaultSessionIdManager.java:doStart(334)) - DefaultSessionIdManager workerName=node0
2022-01-11 23:55:01,956 [Listener at 127.0.0.1/46043] INFO  server.session (DefaultSessionIdManager.java:doStart(339)) - No SessionScavenger set, using defaults
2022-01-11 23:55:01,956 [Listener at 127.0.0.1/46043] INFO  server.session (HouseKeeper.java:startScavenging(132)) - node0 Scavenging every 660000ms
2022-01-11 23:55:01,957 [Listener at 127.0.0.1/46043] INFO  handler.ContextHandler (ContextHandler.java:doStart(915)) - Started o.e.j.s.ServletContextHandler@55103b17{logs,/logs,file:///home/runner/work/ozone/ozone/hadoop-ozone/integration-test/target/log,AVAILABLE}
2022-01-11 23:55:01,957 [Listener at 127.0.0.1/46043] INFO  handler.ContextHandler (ContextHandler.java:doStart(915)) - Started o.e.j.s.ServletContextHandler@308c56ff{static,/static,jar:file:/home/runner/.m2/repository/org/apache/ozone/hdds-container-service/1.3.0-SNAPSHOT/hdds-container-service-1.3.0-SNAPSHOT.jar!/webapps/static,AVAILABLE}
2022-01-11 23:55:01,961 [pool-478-thread-1] INFO  segmented.LogSegment (LogSegment.java:loadSegment(173)) - Successfully read 1 entries from segment file /home/runner/work/ozone/ozone/hadoop-ozone/integration-test/target/test-dir/MiniOzoneClusterImpl-84b3519b-a2d3-47e7-8c84-34506f72c9f7/datanode-5/data/ratis/1afd3704-aaf0-437f-bd8e-36ec4f650869/current/log_inprogress_0
2022-01-11 23:55:01,962 [pool-478-thread-1] INFO  segmented.SegmentedRaftLogWorker (SegmentedRaftLogWorker.java:lambda$new$0(133)) - 2a1c9333-8641-498a-88f2-87bcecbe0d18@group-36EC4F650869-SegmentedRaftLogWorker: flushIndex: setUnconditionally 0 -> 0
2022-01-11 23:55:01,962 [pool-478-thread-1] INFO  segmented.SegmentedRaftLogWorker (SegmentedRaftLogWorker.java:lambda$new$0(133)) - 2a1c9333-8641-498a-88f2-87bcecbe0d18@group-36EC4F650869-SegmentedRaftLogWorker: safeCacheEvictIndex: setUnconditionally 0 -> -1
2022-01-11 23:55:01,962 [pool-478-thread-1] INFO  server.RaftServerConfigKeys (ConfUtils.java:logGet(44)) - raft.server.snapshot.auto.trigger.enabled = true (custom)
2022-01-11 23:55:01,962 [pool-478-thread-1] INFO  server.RaftServerConfigKeys (ConfUtils.java:logGet(44)) - raft.server.snapshot.auto.trigger.threshold = 10000 (custom)
2022-01-11 23:55:01,962 [pool-478-thread-1] INFO  server.RaftServerConfigKeys (ConfUtils.java:logGet(44)) - raft.server.snapshot.retention.file.num = 5 (custom)
2022-01-11 23:55:01,962 [pool-478-thread-1] INFO  server.RaftServerConfigKeys (ConfUtils.java:logGet(44)) - raft.server.log.purge.upto.snapshot.index = false (default)
2022-01-11 23:55:01,962 [pool-478-thread-1] INFO  server.RaftServerConfigKeys (ConfUtils.java:logGet(44)) - raft.server.retrycache.expirytime = 600000ms (custom)
2022-01-11 23:55:01,962 [pool-478-thread-1] INFO  server.RaftServerConfigKeys (ConfUtils.java:logGet(44)) - raft.server.retrycache.statistics.expirytime = 100μs (default)
2022-01-11 23:55:01,964 [pool-478-thread-1] INFO  server.RaftServer$Division (RaftServerImpl.java:<init>(184)) - 2a1c9333-8641-498a-88f2-87bcecbe0d18: new RaftServerImpl for group-A72DDD3ACB6B:[] with ContainerStateMachine:uninitialized
2022-01-11 23:55:01,964 [pool-478-thread-1] INFO  server.RaftServerConfigKeys (ConfUtils.java:logGet(44)) - raft.server.rpc.timeout.min = 5s (custom)
2022-01-11 23:55:01,964 [pool-478-thread-1] INFO  server.RaftServerConfigKeys (ConfUtils.java:logGet(44)) - raft.server.rpc.timeout.max = 5200ms (custom)
2022-01-11 23:55:01,964 [pool-478-thread-1] INFO  server.RaftServerConfigKeys (ConfUtils.java:logGet(44)) - raft.server.rpc.sleep.time = 25ms (default)
2022-01-11 23:55:01,964 [pool-478-thread-1] INFO  server.RaftServerConfigKeys (ConfUtils.java:logGet(44)) - raft.server.rpc.slowness.timeout = 300000ms (custom)
2022-01-11 23:55:01,964 [pool-478-thread-1] INFO  server.RaftServerConfigKeys (ConfUtils.java:logGet(44)) - raft.server.leaderelection.leader.step-down.wait-time = 10s (default)
2022-01-11 23:55:01,964 [pool-478-thread-1] INFO  server.RaftServerConfigKeys (ConfUtils.java:logGet(44)) - raft.server.sleep.deviation.threshold = 300ms (default)
2022-01-11 23:55:01,964 [pool-478-thread-1] INFO  server.RaftServerConfigKeys (ConfUtils.java:logGet(44)) - raft.server.log.appender.install.snapshot.enabled = false (custom)
2022-01-11 23:55:01,964 [pool-478-thread-1] INFO  server.RaftServer$Division (ServerState.java:<init>(105)) - 2a1c9333-8641-498a-88f2-87bcecbe0d18@group-A72DDD3ACB6B: ConfigurationManager, init=-1: [], old=null, confs=<EMPTY_MAP>
2022-01-11 23:55:01,965 [pool-478-thread-1] INFO  server.RaftServerConfigKeys (ConfUtils.java:logGet(44)) - raft.server.storage.dir = [/home/runner/work/ozone/ozone/hadoop-ozone/integration-test/target/test-dir/MiniOzoneClusterImpl-84b3519b-a2d3-47e7-8c84-34506f72c9f7/datanode-5/data/ratis] (custom)
2022-01-11 23:55:01,965 [pool-478-thread-1] INFO  server.RaftServerConfigKeys (ConfUtils.java:logGet(44)) - raft.server.log.corruption.policy = EXCEPTION (default)
2022-01-11 23:55:01,965 [pool-478-thread-1] INFO  server.RaftServerConfigKeys (ConfUtils.java:logGet(44)) - raft.server.storage.free-space.min = 0MB (=0) (default)
2022-01-11 23:55:01,966 [pool-478-thread-1] INFO  storage.RaftStorageDirectory (RaftStorageDirectoryImpl.java:tryLock(230)) - Lock on /home/runner/work/ozone/ozone/hadoop-ozone/integration-test/target/test-dir/MiniOzoneClusterImpl-84b3519b-a2d3-47e7-8c84-34506f72c9f7/datanode-5/data/ratis/a1978e2b-ad32-4a8c-80c7-a72ddd3acb6b/in_use.lock acquired by nodename 350@fv-az59-280
2022-01-11 23:55:01,966 [pool-478-thread-1] INFO  storage.RaftStorage (RaftStorageImpl.java:analyzeAndRecoverStorage(110)) - Read RaftStorageMetadata{term=1, votedFor=2a1c9333-8641-498a-88f2-87bcecbe0d18} from /home/runner/work/ozone/ozone/hadoop-ozone/integration-test/target/test-dir/MiniOzoneClusterImpl-84b3519b-a2d3-47e7-8c84-34506f72c9f7/datanode-5/data/ratis/a1978e2b-ad32-4a8c-80c7-a72ddd3acb6b/current/raft-meta
2022-01-11 23:55:01,966 [pool-478-thread-1] INFO  ratis.ContainerStateMachine (ContainerStateMachine.java:loadSnapshot(240)) - group-A72DDD3ACB6B: Setting the last applied index to (t:1, i:11)
2022-01-11 23:55:02,014 [pool-478-thread-1] INFO  server.RaftServer$Division (ServerState.java:setRaftConf(387)) - 2a1c9333-8641-498a-88f2-87bcecbe0d18@group-A72DDD3ACB6B: set configuration 0: [2a1c9333-8641-498a-88f2-87bcecbe0d18|rpc:10.1.0.37:38177|dataStream:|priority:1], old=null
2022-01-11 23:55:02,015 [pool-478-thread-1] INFO  server.RaftServerConfigKeys (ConfUtils.java:logGet(44)) - raft.server.notification.no-leader.timeout = 300000ms (custom)
2022-01-11 23:55:02,015 [pool-478-thread-1] INFO  server.RaftServerConfigKeys (ConfUtils.java:logGet(44)) - raft.server.log.use.memory = false (default)
2022-01-11 23:55:02,015 [pool-478-thread-1] INFO  server.RaftServerConfigKeys (ConfUtils.java:logGet(44)) - raft.server.log.purge.gap = 1000000 (custom)
2022-01-11 23:55:02,015 [pool-478-thread-1] INFO  server.RaftServerConfigKeys (ConfUtils.java:logGet(44)) - raft.server.log.appender.buffer.byte-limit = 33554432 (custom)
2022-01-11 23:55:02,015 [pool-478-thread-1] INFO  server.RaftServerConfigKeys (ConfUtils.java:logGet(44)) - raft.server.log.segment.size.max = 1048576 (custom)
2022-01-11 23:55:02,015 [pool-478-thread-1] INFO  server.RaftServerConfigKeys (ConfUtils.java:logGet(44)) - raft.server.log.segment.cache.num.max = 2 (custom)
2022-01-11 23:55:02,015 [pool-478-thread-1] INFO  server.RaftServerConfigKeys (ConfUtils.java:logGet(44)) - raft.server.log.segment.cache.size.max = 200MB (=209715200) (default)
2022-01-11 23:55:02,016 [pool-478-thread-1] INFO  segmented.SegmentedRaftLogWorker (SegmentedRaftLogWorker.java:<init>(182)) - new 2a1c9333-8641-498a-88f2-87bcecbe0d18@group-A72DDD3ACB6B-SegmentedRaftLogWorker for RaftStorageImpl:Storage Directory /home/runner/work/ozone/ozone/hadoop-ozone/integration-test/target/test-dir/MiniOzoneClusterImpl-84b3519b-a2d3-47e7-8c84-34506f72c9f7/datanode-5/data/ratis/a1978e2b-ad32-4a8c-80c7-a72ddd3acb6b
2022-01-11 23:55:02,016 [pool-478-thread-1] INFO  server.RaftServerConfigKeys (ConfUtils.java:logGet(44)) - raft.server.log.queue.byte-limit = 2147483647 (custom)
2022-01-11 23:55:02,016 [pool-478-thread-1] INFO  server.RaftServerConfigKeys (ConfUtils.java:logGet(44)) - raft.server.log.queue.element-limit = 1024 (custom)
2022-01-11 23:55:02,016 [pool-478-thread-1] INFO  server.RaftServerConfigKeys (ConfUtils.java:logGet(44)) - raft.server.log.segment.size.max = 1048576 (custom)
2022-01-11 23:55:02,016 [pool-478-thread-1] INFO  server.RaftServerConfigKeys (ConfUtils.java:logGet(44)) - raft.server.log.preallocated.size = 16384 (custom)
2022-01-11 23:55:02,016 [pool-478-thread-1] INFO  server.RaftServerConfigKeys (ConfUtils.java:logGet(44)) - raft.server.log.force.sync.num = 128 (default)
2022-01-11 23:55:02,016 [pool-478-thread-1] INFO  server.RaftServerConfigKeys (ConfUtils.java:logGet(44)) - raft.server.log.statemachine.data.sync = true (default)
2022-01-11 23:55:02,016 [pool-478-thread-1] INFO  server.RaftServerConfigKeys (ConfUtils.java:logGet(44)) - raft.server.log.statemachine.data.sync.timeout = 10s (default)
2022-01-11 23:55:02,016 [pool-478-thread-1] INFO  server.RaftServerConfigKeys (ConfUtils.java:logGet(44)) - raft.server.log.statemachine.data.sync.timeout.retry = -1 (default)
2022-01-11 23:55:02,025 [pool-478-thread-1] INFO  server.RaftServerConfigKeys (ConfUtils.java:logGet(44)) - raft.server.log.write.buffer.size = 1048576 (custom)
2022-01-11 23:55:02,026 [pool-478-thread-1] INFO  server.RaftServerConfigKeys (ConfUtils.java:logGet(44)) - raft.server.log.statemachine.data.caching.enabled = true (custom)
2022-01-11 23:55:02,040 [pool-478-thread-1] INFO  server.RaftServer$Division (ServerState.java:setRaftConf(387)) - 2a1c9333-8641-498a-88f2-87bcecbe0d18@group-A72DDD3ACB6B: set configuration 0: [2a1c9333-8641-498a-88f2-87bcecbe0d18|rpc:10.1.0.37:38177|dataStream:|priority:1], old=null
2022-01-11 23:55:02,044 [pool-478-thread-1] INFO  segmented.LogSegment (LogSegment.java:loadSegment(173)) - Successfully read 12 entries from segment file /home/runner/work/ozone/ozone/hadoop-ozone/integration-test/target/test-dir/MiniOzoneClusterImpl-84b3519b-a2d3-47e7-8c84-34506f72c9f7/datanode-5/data/ratis/a1978e2b-ad32-4a8c-80c7-a72ddd3acb6b/current/log_inprogress_0
2022-01-11 23:55:02,045 [pool-478-thread-1] INFO  segmented.SegmentedRaftLogWorker (SegmentedRaftLogWorker.java:lambda$new$0(133)) - 2a1c9333-8641-498a-88f2-87bcecbe0d18@group-A72DDD3ACB6B-SegmentedRaftLogWorker: flushIndex: setUnconditionally 0 -> 11
2022-01-11 23:55:02,045 [pool-478-thread-1] INFO  segmented.SegmentedRaftLogWorker (SegmentedRaftLogWorker.java:lambda$new$0(133)) - 2a1c9333-8641-498a-88f2-87bcecbe0d18@group-A72DDD3ACB6B-SegmentedRaftLogWorker: safeCacheEvictIndex: setUnconditionally 0 -> -1
2022-01-11 23:55:02,053 [pool-478-thread-1] INFO  raftlog.RaftLog (RaftLogBase.java:lambda$new$0(53)) - 2a1c9333-8641-498a-88f2-87bcecbe0d18@group-A72DDD3ACB6B-SegmentedRaftLog: commitIndex: updateToMax old=11, new=10, updated? false
2022-01-11 23:55:02,053 [pool-478-thread-1] INFO  server.RaftServerConfigKeys (ConfUtils.java:logGet(44)) - raft.server.snapshot.auto.trigger.enabled = true (custom)
2022-01-11 23:55:02,053 [pool-478-thread-1] INFO  server.RaftServerConfigKeys (ConfUtils.java:logGet(44)) - raft.server.snapshot.auto.trigger.threshold = 10000 (custom)
2022-01-11 23:55:02,053 [pool-478-thread-1] INFO  server.RaftServerConfigKeys (ConfUtils.java:logGet(44)) - raft.server.snapshot.retention.file.num = 5 (custom)
2022-01-11 23:55:02,053 [pool-478-thread-1] INFO  server.RaftServerConfigKeys (ConfUtils.java:logGet(44)) - raft.server.log.purge.upto.snapshot.index = false (default)
2022-01-11 23:55:02,053 [pool-478-thread-1] INFO  server.RaftServerConfigKeys (ConfUtils.java:logGet(44)) - raft.server.retrycache.expirytime = 600000ms (custom)
2022-01-11 23:55:02,053 [pool-478-thread-1] INFO  server.RaftServerConfigKeys (ConfUtils.java:logGet(44)) - raft.server.retrycache.statistics.expirytime = 100μs (default)
2022-01-11 23:55:02,055 [pool-478-thread-1] INFO  server.RaftServer$Division (RaftServerImpl.java:<init>(184)) - 2a1c9333-8641-498a-88f2-87bcecbe0d18: new RaftServerImpl for group-29C336287606:[] with ContainerStateMachine:uninitialized
2022-01-11 23:55:02,056 [pool-478-thread-1] INFO  server.RaftServerConfigKeys (ConfUtils.java:logGet(44)) - raft.server.rpc.timeout.min = 5s (custom)
2022-01-11 23:55:02,056 [pool-478-thread-1] INFO  server.RaftServerConfigKeys (ConfUtils.java:logGet(44)) - raft.server.rpc.timeout.max = 5200ms (custom)
2022-01-11 23:55:02,056 [pool-478-thread-1] INFO  server.RaftServerConfigKeys (ConfUtils.java:logGet(44)) - raft.server.rpc.sleep.time = 25ms (default)
2022-01-11 23:55:02,056 [pool-478-thread-1] INFO  server.RaftServerConfigKeys (ConfUtils.java:logGet(44)) - raft.server.rpc.slowness.timeout = 300000ms (custom)
2022-01-11 23:55:02,056 [pool-478-thread-1] INFO  server.RaftServerConfigKeys (ConfUtils.java:logGet(44)) - raft.server.leaderelection.leader.step-down.wait-time = 10s (default)
2022-01-11 23:55:02,056 [pool-478-thread-1] INFO  server.RaftServerConfigKeys (ConfUtils.java:logGet(44)) - raft.server.sleep.deviation.threshold = 300ms (default)
2022-01-11 23:55:02,056 [pool-478-thread-1] INFO  server.RaftServerConfigKeys (ConfUtils.java:logGet(44)) - raft.server.log.appender.install.snapshot.enabled = false (custom)
2022-01-11 23:55:02,056 [pool-478-thread-1] INFO  server.RaftServer$Division (ServerState.java:<init>(105)) - 2a1c9333-8641-498a-88f2-87bcecbe0d18@group-29C336287606: ConfigurationManager, init=-1: [], old=null, confs=<EMPTY_MAP>
2022-01-11 23:55:02,056 [pool-478-thread-1] INFO  server.RaftServerConfigKeys (ConfUtils.java:logGet(44)) - raft.server.storage.dir = [/home/runner/work/ozone/ozone/hadoop-ozone/integration-test/target/test-dir/MiniOzoneClusterImpl-84b3519b-a2d3-47e7-8c84-34506f72c9f7/datanode-5/data/ratis] (custom)
2022-01-11 23:55:02,056 [pool-478-thread-1] INFO  server.RaftServerConfigKeys (ConfUtils.java:logGet(44)) - raft.server.log.corruption.policy = EXCEPTION (default)
2022-01-11 23:55:02,056 [pool-478-thread-1] INFO  server.RaftServerConfigKeys (ConfUtils.java:logGet(44)) - raft.server.storage.free-space.min = 0MB (=0) (default)
2022-01-11 23:55:02,082 [pool-478-thread-1] INFO  storage.RaftStorageDirectory (RaftStorageDirectoryImpl.java:tryLock(230)) - Lock on /home/runner/work/ozone/ozone/hadoop-ozone/integration-test/target/test-dir/MiniOzoneClusterImpl-84b3519b-a2d3-47e7-8c84-34506f72c9f7/datanode-5/data/ratis/9af18b33-0efc-4508-87fb-29c336287606/in_use.lock acquired by nodename 350@fv-az59-280
2022-01-11 23:55:02,083 [pool-478-thread-1] INFO  storage.RaftStorage (RaftStorageImpl.java:analyzeAndRecoverStorage(110)) - Read RaftStorageMetadata{term=3, votedFor=757e1abf-caf6-4356-ad73-d786994982ad} from /home/runner/work/ozone/ozone/hadoop-ozone/integration-test/target/test-dir/MiniOzoneClusterImpl-84b3519b-a2d3-47e7-8c84-34506f72c9f7/datanode-5/data/ratis/9af18b33-0efc-4508-87fb-29c336287606/current/raft-meta
2022-01-11 23:55:02,083 [pool-478-thread-1] INFO  ratis.ContainerStateMachine (ContainerStateMachine.java:loadSnapshot(240)) - group-29C336287606: Setting the last applied index to (t:3, i:0)
2022-01-11 23:55:02,083 [pool-478-thread-1] INFO  server.RaftServer$Division (ServerState.java:setRaftConf(387)) - 2a1c9333-8641-498a-88f2-87bcecbe0d18@group-29C336287606: set configuration 0: [2a1c9333-8641-498a-88f2-87bcecbe0d18|rpc:10.1.0.37:38177|dataStream:|priority:0, 757e1abf-caf6-4356-ad73-d786994982ad|rpc:10.1.0.37:41749|dataStream:|priority:1, 77c66afc-fa73-4d89-b59d-9adc22a556cf|rpc:10.1.0.37:40587|dataStream:|priority:0], old=null
2022-01-11 23:55:02,083 [pool-478-thread-1] INFO  server.RaftServerConfigKeys (ConfUtils.java:logGet(44)) - raft.server.notification.no-leader.timeout = 300000ms (custom)
2022-01-11 23:55:02,083 [pool-478-thread-1] INFO  server.RaftServerConfigKeys (ConfUtils.java:logGet(44)) - raft.server.log.use.memory = false (default)
2022-01-11 23:55:02,083 [pool-478-thread-1] INFO  server.RaftServerConfigKeys (ConfUtils.java:logGet(44)) - raft.server.log.purge.gap = 1000000 (custom)
2022-01-11 23:55:02,083 [pool-478-thread-1] INFO  server.RaftServerConfigKeys (ConfUtils.java:logGet(44)) - raft.server.log.appender.buffer.byte-limit = 33554432 (custom)
2022-01-11 23:55:02,084 [pool-478-thread-1] INFO  server.RaftServerConfigKeys (ConfUtils.java:logGet(44)) - raft.server.log.segment.size.max = 1048576 (custom)
2022-01-11 23:55:02,084 [pool-478-thread-1] INFO  server.RaftServerConfigKeys (ConfUtils.java:logGet(44)) - raft.server.log.segment.cache.num.max = 2 (custom)
2022-01-11 23:55:02,084 [pool-478-thread-1] INFO  server.RaftServerConfigKeys (ConfUtils.java:logGet(44)) - raft.server.log.segment.cache.size.max = 200MB (=209715200) (default)
2022-01-11 23:55:02,084 [pool-478-thread-1] INFO  segmented.SegmentedRaftLogWorker (SegmentedRaftLogWorker.java:<init>(182)) - new 2a1c9333-8641-498a-88f2-87bcecbe0d18@group-29C336287606-SegmentedRaftLogWorker for RaftStorageImpl:Storage Directory /home/runner/work/ozone/ozone/hadoop-ozone/integration-test/target/test-dir/MiniOzoneClusterImpl-84b3519b-a2d3-47e7-8c84-34506f72c9f7/datanode-5/data/ratis/9af18b33-0efc-4508-87fb-29c336287606
2022-01-11 23:55:02,084 [pool-478-thread-1] INFO  server.RaftServerConfigKeys (ConfUtils.java:logGet(44)) - raft.server.log.queue.byte-limit = 2147483647 (custom)
2022-01-11 23:55:02,084 [pool-478-thread-1] INFO  server.RaftServerConfigKeys (ConfUtils.java:logGet(44)) - raft.server.log.queue.element-limit = 1024 (custom)
2022-01-11 23:55:02,084 [pool-478-thread-1] INFO  server.RaftServerConfigKeys (ConfUtils.java:logGet(44)) - raft.server.log.segment.size.max = 1048576 (custom)
2022-01-11 23:55:02,084 [pool-478-thread-1] INFO  server.RaftServerConfigKeys (ConfUtils.java:logGet(44)) - raft.server.log.preallocated.size = 16384 (custom)
2022-01-11 23:55:02,084 [pool-478-thread-1] INFO  server.RaftServerConfigKeys (ConfUtils.java:logGet(44)) - raft.server.log.force.sync.num = 128 (default)
2022-01-11 23:55:02,084 [pool-478-thread-1] INFO  server.RaftServerConfigKeys (ConfUtils.java:logGet(44)) - raft.server.log.statemachine.data.sync = true (default)
2022-01-11 23:55:02,084 [pool-478-thread-1] INFO  server.RaftServerConfigKeys (ConfUtils.java:logGet(44)) - raft.server.log.statemachine.data.sync.timeout = 10s (default)
2022-01-11 23:55:02,084 [pool-478-thread-1] INFO  server.RaftServerConfigKeys (ConfUtils.java:logGet(44)) - raft.server.log.statemachine.data.sync.timeout.retry = -1 (default)
2022-01-11 23:55:02,086 [pool-478-thread-1] INFO  server.RaftServerConfigKeys (ConfUtils.java:logGet(44)) - raft.server.log.write.buffer.size = 1048576 (custom)
2022-01-11 23:55:02,087 [pool-478-thread-1] INFO  server.RaftServerConfigKeys (ConfUtils.java:logGet(44)) - raft.server.log.statemachine.data.caching.enabled = true (custom)
2022-01-11 23:55:02,088 [pool-478-thread-1] INFO  server.RaftServer$Division (ServerState.java:setRaftConf(387)) - 2a1c9333-8641-498a-88f2-87bcecbe0d18@group-29C336287606: set configuration 0: [2a1c9333-8641-498a-88f2-87bcecbe0d18|rpc:10.1.0.37:38177|dataStream:|priority:0, 757e1abf-caf6-4356-ad73-d786994982ad|rpc:10.1.0.37:41749|dataStream:|priority:1, 77c66afc-fa73-4d89-b59d-9adc22a556cf|rpc:10.1.0.37:40587|dataStream:|priority:0], old=null
2022-01-11 23:55:02,088 [pool-478-thread-1] INFO  segmented.LogSegment (LogSegment.java:loadSegment(173)) - Successfully read 1 entries from segment file /home/runner/work/ozone/ozone/hadoop-ozone/integration-test/target/test-dir/MiniOzoneClusterImpl-84b3519b-a2d3-47e7-8c84-34506f72c9f7/datanode-5/data/ratis/9af18b33-0efc-4508-87fb-29c336287606/current/log_inprogress_0
2022-01-11 23:55:02,088 [pool-478-thread-1] INFO  segmented.SegmentedRaftLogWorker (SegmentedRaftLogWorker.java:lambda$new$0(133)) - 2a1c9333-8641-498a-88f2-87bcecbe0d18@group-29C336287606-SegmentedRaftLogWorker: flushIndex: setUnconditionally 0 -> 0
2022-01-11 23:55:02,088 [pool-478-thread-1] INFO  segmented.SegmentedRaftLogWorker (SegmentedRaftLogWorker.java:lambda$new$0(133)) - 2a1c9333-8641-498a-88f2-87bcecbe0d18@group-29C336287606-SegmentedRaftLogWorker: safeCacheEvictIndex: setUnconditionally 0 -> -1
2022-01-11 23:55:02,109 [pool-478-thread-1] INFO  server.RaftServerConfigKeys (ConfUtils.java:logGet(44)) - raft.server.snapshot.auto.trigger.enabled = true (custom)
2022-01-11 23:55:02,109 [pool-478-thread-1] INFO  server.RaftServerConfigKeys (ConfUtils.java:logGet(44)) - raft.server.snapshot.auto.trigger.threshold = 10000 (custom)
2022-01-11 23:55:02,109 [pool-478-thread-1] INFO  server.RaftServerConfigKeys (ConfUtils.java:logGet(44)) - raft.server.snapshot.retention.file.num = 5 (custom)
2022-01-11 23:55:02,109 [pool-478-thread-1] INFO  server.RaftServerConfigKeys (ConfUtils.java:logGet(44)) - raft.server.log.purge.upto.snapshot.index = false (default)
2022-01-11 23:55:02,109 [pool-478-thread-1] INFO  server.RaftServerConfigKeys (ConfUtils.java:logGet(44)) - raft.server.retrycache.expirytime = 600000ms (custom)
2022-01-11 23:55:02,109 [pool-478-thread-1] INFO  server.RaftServerConfigKeys (ConfUtils.java:logGet(44)) - raft.server.retrycache.statistics.expirytime = 100μs (default)
2022-01-11 23:55:02,142 [Listener at 127.0.0.1/46043] INFO  handler.ContextHandler (ContextHandler.java:doStart(915)) - Started o.e.j.w.WebAppContext@7f914cb4{hddsDatanode,/,file:///tmp/jetty-0_0_0_0-40597-hdds-container-service-1_3_0-SNAPSHOT_jar-_-any-2605816435339372918/webapp/,AVAILABLE}{jar:file:/home/runner/.m2/repository/org/apache/ozone/hdds-container-service/1.3.0-SNAPSHOT/hdds-container-service-1.3.0-SNAPSHOT.jar!/webapps/hddsDatanode}
2022-01-11 23:55:02,159 [Listener at 127.0.0.1/46043] INFO  server.AbstractConnector (AbstractConnector.java:doStart(331)) - Started ServerConnector@27d4e130{HTTP/1.1, (http/1.1)}{0.0.0.0:40597}
2022-01-11 23:55:02,159 [Listener at 127.0.0.1/46043] INFO  server.Server (Server.java:doStart(415)) - Started @157742ms
2022-01-11 23:55:02,160 [Listener at 127.0.0.1/46043] WARN  impl.MetricsSystemImpl (MetricsSystemImpl.java:register(279)) - Sink prometheus already exists!
2022-01-11 23:55:02,185 [Listener at 127.0.0.1/46043] INFO  http.BaseHttpServer (BaseHttpServer.java:updateConnectorAddress(329)) - HTTP server of hddsDatanode listening at http://0.0.0.0:40597
2022-01-11 23:55:02,189 [Listener at 127.0.0.1/46043] INFO  ozone.MiniOzoneClusterImpl (MiniOzoneClusterImpl.java:lambda$waitForClusterToBeReady$0(235)) - Waiting for nodes to be ready. Got 6 of 7 DN Heartbeats.
2022-01-11 23:55:02,189 [Listener at 127.0.0.1/46043] INFO  ozone.MiniOzoneClusterImpl (MiniOzoneClusterImpl.java:lambda$waitForClusterToBeReady$0(238)) - Cluster exits safe mode
2022-01-11 23:55:02,189 [Listener at 127.0.0.1/46043] INFO  ozone.MiniOzoneClusterImpl (MiniOzoneClusterImpl.java:lambda$waitForClusterToBeReady$0(240)) - SCM became leader
2022-01-11 23:55:02,189 [Datanode State Machine Daemon Thread] INFO  statemachine.DatanodeStateMachine (DatanodeStateMachine.java:lambda$startDaemon$0(470)) - Ozone container server started.
2022-01-11 23:55:02,245 [org.apache.hadoop.util.JvmPauseMonitor$Monitor@4025a754] INFO  util.JvmPauseMonitor (JvmPauseMonitor.java:run(188)) - Starting JVM pause monitor
2022-01-11 23:55:03,191 [Listener at 127.0.0.1/46043] INFO  ozone.MiniOzoneClusterImpl (MiniOzoneClusterImpl.java:lambda$waitForClusterToBeReady$0(235)) - Waiting for nodes to be ready. Got 6 of 7 DN Heartbeats.
2022-01-11 23:55:03,191 [Listener at 127.0.0.1/46043] INFO  ozone.MiniOzoneClusterImpl (MiniOzoneClusterImpl.java:lambda$waitForClusterToBeReady$0(238)) - Cluster exits safe mode
2022-01-11 23:55:03,191 [Listener at 127.0.0.1/46043] INFO  ozone.MiniOzoneClusterImpl (MiniOzoneClusterImpl.java:lambda$waitForClusterToBeReady$0(240)) - SCM became leader
2022-01-11 23:55:04,191 [Listener at 127.0.0.1/46043] INFO  ozone.MiniOzoneClusterImpl (MiniOzoneClusterImpl.java:lambda$waitForClusterToBeReady$0(235)) - Waiting for nodes to be ready. Got 6 of 7 DN Heartbeats.
2022-01-11 23:55:04,191 [Listener at 127.0.0.1/46043] INFO  ozone.MiniOzoneClusterImpl (MiniOzoneClusterImpl.java:lambda$waitForClusterToBeReady$0(238)) - Cluster exits safe mode
2022-01-11 23:55:04,192 [Listener at 127.0.0.1/46043] INFO  ozone.MiniOzoneClusterImpl (MiniOzoneClusterImpl.java:lambda$waitForClusterToBeReady$0(240)) - SCM became leader
2022-01-11 23:55:04,263 [EndpointStateMachine task thread for /0.0.0.0:39943 - 0 ] INFO  ozoneimpl.OzoneContainer (OzoneContainer.java:start(315)) - Attempting to start container services.
2022-01-11 23:55:04,264 [EndpointStateMachine task thread for /0.0.0.0:39943 - 0 ] INFO  ozoneimpl.OzoneContainer (OzoneContainer.java:startContainerScrub(250)) - Background container scanner has been disabled.
2022-01-11 23:55:04,264 [EndpointStateMachine task thread for /0.0.0.0:39943 - 0 ] INFO  replication.ReplicationServer (ReplicationServer.java:start(111)) - ReplicationServer is started using port 37507
2022-01-11 23:55:04,264 [EndpointStateMachine task thread for /0.0.0.0:39943 - 0 ] INFO  ratis.XceiverServerRatis (XceiverServerRatis.java:start(484)) - Starting XceiverServerRatis 2a1c9333-8641-498a-88f2-87bcecbe0d18
2022-01-11 23:55:04,265 [EndpointStateMachine task thread for /0.0.0.0:39943 - 0 ] INFO  server.RaftServer$Division (RaftServerImpl.java:start(301)) - 2a1c9333-8641-498a-88f2-87bcecbe0d18@group-A72DDD3ACB6B: start as a follower, conf=0: [2a1c9333-8641-498a-88f2-87bcecbe0d18|rpc:10.1.0.37:38177|dataStream:|priority:1], old=null
2022-01-11 23:55:04,265 [EndpointStateMachine task thread for /0.0.0.0:39943 - 0 ] INFO  server.RaftServer$Division (RaftServerImpl.java:setRole(290)) - 2a1c9333-8641-498a-88f2-87bcecbe0d18@group-A72DDD3ACB6B: changes role from      null to FOLLOWER at term 1 for startAsFollower
2022-01-11 23:55:04,265 [EndpointStateMachine task thread for /0.0.0.0:39943 - 0 ] INFO  impl.RoleInfo (RoleInfo.java:updateAndGet(130)) - 2a1c9333-8641-498a-88f2-87bcecbe0d18: start 2a1c9333-8641-498a-88f2-87bcecbe0d18@group-A72DDD3ACB6B-FollowerState
2022-01-11 23:55:04,266 [ForkJoinPool.commonPool-worker-0] INFO  server.RaftServer$Division (RaftServerImpl.java:start(301)) - 2a1c9333-8641-498a-88f2-87bcecbe0d18@group-36EC4F650869: start as a follower, conf=0: [2a1c9333-8641-498a-88f2-87bcecbe0d18|rpc:10.1.0.37:38177|dataStream:|priority:0, 757e1abf-caf6-4356-ad73-d786994982ad|rpc:10.1.0.37:41749|dataStream:|priority:0, 77c66afc-fa73-4d89-b59d-9adc22a556cf|rpc:10.1.0.37:40587|dataStream:|priority:1], old=null
2022-01-11 23:55:04,266 [ForkJoinPool.commonPool-worker-0] INFO  server.RaftServer$Division (RaftServerImpl.java:setRole(290)) - 2a1c9333-8641-498a-88f2-87bcecbe0d18@group-36EC4F650869: changes role from      null to FOLLOWER at term 2 for startAsFollower
2022-01-11 23:55:04,266 [EndpointStateMachine task thread for /0.0.0.0:39943 - 0 ] INFO  util.JmxRegister (JmxRegister.java:tryRegister(44)) - Successfully registered JMX Bean with object name Ratis:service=RaftServer,group=group-A72DDD3ACB6B,id=2a1c9333-8641-498a-88f2-87bcecbe0d18
2022-01-11 23:55:04,267 [EndpointStateMachine task thread for /0.0.0.0:39943 - 0 ] INFO  server.RaftServer$Division (RaftServerImpl.java:start(304)) - 2a1c9333-8641-498a-88f2-87bcecbe0d18@group-4B271DC99CF9: start with initializing state, conf=-1: [], old=null
2022-01-11 23:55:04,267 [EndpointStateMachine task thread for /0.0.0.0:39943 - 0 ] INFO  server.RaftServer$Division (RaftServerImpl.java:setRole(290)) - 2a1c9333-8641-498a-88f2-87bcecbe0d18@group-4B271DC99CF9: changes role from      null to FOLLOWER at term 3 for startInitializing
2022-01-11 23:55:04,267 [EndpointStateMachine task thread for /0.0.0.0:39943 - 0 ] INFO  util.JmxRegister (JmxRegister.java:tryRegister(44)) - Successfully registered JMX Bean with object name Ratis:service=RaftServer,group=group-4B271DC99CF9,id=2a1c9333-8641-498a-88f2-87bcecbe0d18
2022-01-11 23:55:04,268 [EndpointStateMachine task thread for /0.0.0.0:39943 - 0 ] INFO  server.RaftServer$Division (RaftServerImpl.java:start(301)) - 2a1c9333-8641-498a-88f2-87bcecbe0d18@group-29C336287606: start as a follower, conf=0: [2a1c9333-8641-498a-88f2-87bcecbe0d18|rpc:10.1.0.37:38177|dataStream:|priority:0, 757e1abf-caf6-4356-ad73-d786994982ad|rpc:10.1.0.37:41749|dataStream:|priority:1, 77c66afc-fa73-4d89-b59d-9adc22a556cf|rpc:10.1.0.37:40587|dataStream:|priority:0], old=null
2022-01-11 23:55:04,268 [EndpointStateMachine task thread for /0.0.0.0:39943 - 0 ] INFO  server.RaftServer$Division (RaftServerImpl.java:setRole(290)) - 2a1c9333-8641-498a-88f2-87bcecbe0d18@group-29C336287606: changes role from      null to FOLLOWER at term 3 for startAsFollower
2022-01-11 23:55:04,268 [EndpointStateMachine task thread for /0.0.0.0:39943 - 0 ] INFO  impl.RoleInfo (RoleInfo.java:updateAndGet(130)) - 2a1c9333-8641-498a-88f2-87bcecbe0d18: start 2a1c9333-8641-498a-88f2-87bcecbe0d18@group-29C336287606-FollowerState
2022-01-11 23:55:04,268 [EndpointStateMachine task thread for /0.0.0.0:39943 - 0 ] INFO  util.JmxRegister (JmxRegister.java:tryRegister(44)) - Successfully registered JMX Bean with object name Ratis:service=RaftServer,group=group-29C336287606,id=2a1c9333-8641-498a-88f2-87bcecbe0d18
2022-01-11 23:55:04,269 [ForkJoinPool.commonPool-worker-0] INFO  impl.RoleInfo (RoleInfo.java:updateAndGet(130)) - 2a1c9333-8641-498a-88f2-87bcecbe0d18: start 2a1c9333-8641-498a-88f2-87bcecbe0d18@group-36EC4F650869-FollowerState
2022-01-11 23:55:04,270 [ForkJoinPool.commonPool-worker-0] INFO  util.JmxRegister (JmxRegister.java:tryRegister(44)) - Successfully registered JMX Bean with object name Ratis:service=RaftServer,group=group-36EC4F650869,id=2a1c9333-8641-498a-88f2-87bcecbe0d18
2022-01-11 23:55:04,270 [EndpointStateMachine task thread for /0.0.0.0:39943 - 0 ] INFO  server.RaftServer (RaftServerProxy.java:lambda$start$5(374)) - 2a1c9333-8641-498a-88f2-87bcecbe0d18: start RPC server
2022-01-11 23:55:04,272 [EndpointStateMachine task thread for /0.0.0.0:39943 - 0 ] INFO  server.GrpcService (GrpcService.java:startImpl(253)) - 2a1c9333-8641-498a-88f2-87bcecbe0d18: GrpcService started, listening on 38177
2022-01-11 23:55:04,272 [EndpointStateMachine task thread for /0.0.0.0:39943 - 0 ] INFO  ratis.XceiverServerRatis (XceiverServerRatis.java:getRealPort(505)) - XceiverServerRatis 2a1c9333-8641-498a-88f2-87bcecbe0d18 is started using port 38177 for RATIS
2022-01-11 23:55:04,272 [EndpointStateMachine task thread for /0.0.0.0:39943 - 0 ] INFO  ratis.XceiverServerRatis (XceiverServerRatis.java:getRealPort(505)) - XceiverServerRatis 2a1c9333-8641-498a-88f2-87bcecbe0d18 is started using port 38177 for RATIS_ADMIN
2022-01-11 23:55:04,272 [EndpointStateMachine task thread for /0.0.0.0:39943 - 0 ] INFO  ratis.XceiverServerRatis (XceiverServerRatis.java:getRealPort(505)) - XceiverServerRatis 2a1c9333-8641-498a-88f2-87bcecbe0d18 is started using port 38177 for RATIS_SERVER
2022-01-11 23:55:04,272 [org.apache.ratis.util.JvmPauseMonitor$$Lambda$538/836759902@a05361a] INFO  util.JvmPauseMonitor (JvmPauseMonitor.java:run(103)) - JvmPauseMonitor-2a1c9333-8641-498a-88f2-87bcecbe0d18: Started
2022-01-11 23:55:05,192 [Listener at 127.0.0.1/46043] INFO  ozone.MiniOzoneClusterImpl (MiniOzoneClusterImpl.java:lambda$waitForClusterToBeReady$0(235)) - Waiting for nodes to be ready. Got 6 of 7 DN Heartbeats.
2022-01-11 23:55:05,192 [Listener at 127.0.0.1/46043] INFO  ozone.MiniOzoneClusterImpl (MiniOzoneClusterImpl.java:lambda$waitForClusterToBeReady$0(238)) - Cluster exits safe mode
2022-01-11 23:55:05,192 [Listener at 127.0.0.1/46043] INFO  ozone.MiniOzoneClusterImpl (MiniOzoneClusterImpl.java:lambda$waitForClusterToBeReady$0(240)) - SCM became leader
2022-01-11 23:55:06,192 [Listener at 127.0.0.1/46043] INFO  ozone.MiniOzoneClusterImpl (MiniOzoneClusterImpl.java:lambda$waitForClusterToBeReady$0(235)) - Waiting for nodes to be ready. Got 6 of 7 DN Heartbeats.
2022-01-11 23:55:06,192 [Listener at 127.0.0.1/46043] INFO  ozone.MiniOzoneClusterImpl (MiniOzoneClusterImpl.java:lambda$waitForClusterToBeReady$0(238)) - Cluster exits safe mode
2022-01-11 23:55:06,193 [Listener at 127.0.0.1/46043] INFO  ozone.MiniOzoneClusterImpl (MiniOzoneClusterImpl.java:lambda$waitForClusterToBeReady$0(240)) - SCM became leader
2022-01-11 23:55:06,260 [EventQueue-PipelineReportForPipelineReportHandler] INFO  pipeline.PipelineReportHandler (PipelineReportHandler.java:processPipelineReport(113)) - Reported pipeline PipelineID=9af18b33-0efc-4508-87fb-29c336287606 is not found
2022-01-11 23:55:06,260 [EventQueue-PipelineReportForPipelineReportHandler] INFO  pipeline.PipelineReportHandler (PipelineReportHandler.java:processPipelineReport(113)) - Reported pipeline PipelineID=1afd3704-aaf0-437f-bd8e-36ec4f650869 is not found
2022-01-11 23:55:06,260 [EventQueue-PipelineReportForPipelineReportHandler] INFO  pipeline.PipelineReportHandler (PipelineReportHandler.java:processPipelineReport(113)) - Reported pipeline PipelineID=a1978e2b-ad32-4a8c-80c7-a72ddd3acb6b is not found
2022-01-11 23:55:06,261 [EventQueue-PipelineReportForPipelineReportHandler] INFO  pipeline.PipelineReportHandler (PipelineReportHandler.java:processPipelineReport(113)) - Reported pipeline PipelineID=5564fd82-da03-4608-bf34-4b271dc99cf9 is not found
2022-01-11 23:55:07,193 [Listener at 127.0.0.1/46043] INFO  ozone.MiniOzoneClusterImpl (MiniOzoneClusterImpl.java:lambda$waitForClusterToBeReady$0(235)) - Waiting for nodes to be ready. Got 6 of 7 DN Heartbeats.
2022-01-11 23:55:07,193 [Listener at 127.0.0.1/46043] INFO  ozone.MiniOzoneClusterImpl (MiniOzoneClusterImpl.java:lambda$waitForClusterToBeReady$0(238)) - Cluster exits safe mode
2022-01-11 23:55:07,193 [Listener at 127.0.0.1/46043] INFO  ozone.MiniOzoneClusterImpl (MiniOzoneClusterImpl.java:lambda$waitForClusterToBeReady$0(240)) - SCM became leader
2022-01-11 23:55:08,193 [Listener at 127.0.0.1/46043] INFO  ozone.MiniOzoneClusterImpl (MiniOzoneClusterImpl.java:lambda$waitForClusterToBeReady$0(235)) - Waiting for nodes to be ready. Got 6 of 7 DN Heartbeats.
2022-01-11 23:55:08,193 [Listener at 127.0.0.1/46043] INFO  ozone.MiniOzoneClusterImpl (MiniOzoneClusterImpl.java:lambda$waitForClusterToBeReady$0(238)) - Cluster exits safe mode
2022-01-11 23:55:08,193 [Listener at 127.0.0.1/46043] INFO  ozone.MiniOzoneClusterImpl (MiniOzoneClusterImpl.java:lambda$waitForClusterToBeReady$0(240)) - SCM became leader
2022-01-11 23:55:08,324 [EventQueue-HealthyReadonlyNodeForHealthyReadOnlyNodeHandler] INFO  node.HealthyReadOnlyNodeHandler (HealthyReadOnlyNodeHandler.java:onMessage(58)) - Datanode 2a1c9333-8641-498a-88f2-87bcecbe0d18{ip: 10.1.0.37, host: fv-az59-280.csjynl4pkq3e1pkirw3ssqjfoh.cx.internal.cloudapp.net, ports: [REPLICATION=45151, RATIS=38177, RATIS_ADMIN=38177, RATIS_SERVER=38177, STANDALONE=44313], networkLocation: /default-rack, certSerialId: null, persistedOpState: IN_SERVICE, persistedOpStateExpiryEpochSec: 0} moved to HEALTHY READONLY state.
2022-01-11 23:55:08,325 [EventQueue-HealthyReadonlyNodeForHealthyReadOnlyNodeHandler] INFO  net.NetworkTopologyImpl (NetworkTopologyImpl.java:add(112)) - Added a new node: /default-rack/2a1c9333-8641-498a-88f2-87bcecbe0d18
2022-01-11 23:55:08,429 [EventQueue-HealthyReadonlyToHealthyNodeForReadOnlyHealthyToHealthyNodeHandler] INFO  node.ReadOnlyHealthyToHealthyNodeHandler (ReadOnlyHealthyToHealthyNodeHandler.java:onMessage(51)) - Datanode 2a1c9333-8641-498a-88f2-87bcecbe0d18{ip: 10.1.0.37, host: fv-az59-280.csjynl4pkq3e1pkirw3ssqjfoh.cx.internal.cloudapp.net, ports: [REPLICATION=45151, RATIS=38177, RATIS_ADMIN=38177, RATIS_SERVER=38177, STANDALONE=44313], networkLocation: /default-rack, certSerialId: null, persistedOpState: IN_SERVICE, persistedOpStateExpiryEpochSec: 0} moved to HEALTHY state.
2022-01-11 23:55:08,433 [EventQueue-HealthyReadonlyToHealthyNodeForReadOnlyHealthyToHealthyNodeHandler] INFO  pipeline.BackgroundPipelineCreator (BackgroundPipelineCreator.java:notifyEventTriggered(285)) - trigger a one-shot run on RatisPipelineUtilsThread.
2022-01-11 23:55:08,436 [RatisPipelineUtilsThread - 0] INFO  pipeline.RatisPipelineProvider (RatisPipelineProvider.java:lambda$create$0(183)) - Sending CreatePipelineCommand for pipeline:PipelineID=2fd6ff84-a058-46cb-bad8-193840ce15a7 to datanode:2a1c9333-8641-498a-88f2-87bcecbe0d18
2022-01-11 23:55:08,437 [RatisPipelineUtilsThread - 0] INFO  pipeline.PipelineStateManagerImpl (PipelineStateManagerImpl.java:addPipeline(101)) - Created pipeline Pipeline[ Id: 2fd6ff84-a058-46cb-bad8-193840ce15a7, Nodes: 2a1c9333-8641-498a-88f2-87bcecbe0d18{ip: 10.1.0.37, host: fv-az59-280.csjynl4pkq3e1pkirw3ssqjfoh.cx.internal.cloudapp.net, ports: [REPLICATION=45151, RATIS=38177, RATIS_ADMIN=38177, RATIS_SERVER=38177, STANDALONE=44313], networkLocation: /default-rack, certSerialId: null, persistedOpState: IN_SERVICE, persistedOpStateExpiryEpochSec: 0}, ReplicationConfig: RATIS/ONE, State:ALLOCATED, leaderId:, CreationTimestamp2022-01-11T23:55:08.436Z[Etc/UTC]].
2022-01-11 23:55:08,437 [RatisPipelineUtilsThread - 0] INFO  pipeline.RatisPipelineProvider (RatisPipelineProvider.java:lambda$create$0(183)) - Sending CreatePipelineCommand for pipeline:PipelineID=2b2875fe-7bf9-4d91-8670-b7eece8f9241 to datanode:77c66afc-fa73-4d89-b59d-9adc22a556cf
2022-01-11 23:55:08,437 [RatisPipelineUtilsThread - 0] INFO  pipeline.RatisPipelineProvider (RatisPipelineProvider.java:lambda$create$0(183)) - Sending CreatePipelineCommand for pipeline:PipelineID=2b2875fe-7bf9-4d91-8670-b7eece8f9241 to datanode:6b666312-5236-4d63-85d6-3705eb3fb30b
2022-01-11 23:55:08,437 [RatisPipelineUtilsThread - 0] INFO  pipeline.RatisPipelineProvider (RatisPipelineProvider.java:lambda$create$0(183)) - Sending CreatePipelineCommand for pipeline:PipelineID=2b2875fe-7bf9-4d91-8670-b7eece8f9241 to datanode:757e1abf-caf6-4356-ad73-d786994982ad
2022-01-11 23:55:08,438 [RatisPipelineUtilsThread - 0] INFO  pipeline.PipelineStateManagerImpl (PipelineStateManagerImpl.java:addPipeline(101)) - Created pipeline Pipeline[ Id: 2b2875fe-7bf9-4d91-8670-b7eece8f9241, Nodes: 77c66afc-fa73-4d89-b59d-9adc22a556cf{ip: 10.1.0.37, host: fv-az59-280.csjynl4pkq3e1pkirw3ssqjfoh.cx.internal.cloudapp.net, ports: [REPLICATION=36525, RATIS=40587, RATIS_ADMIN=40587, RATIS_SERVER=40587, STANDALONE=44631], networkLocation: /default-rack, certSerialId: null, persistedOpState: IN_SERVICE, persistedOpStateExpiryEpochSec: 0}6b666312-5236-4d63-85d6-3705eb3fb30b{ip: 10.1.0.37, host: fv-az59-280.csjynl4pkq3e1pkirw3ssqjfoh.cx.internal.cloudapp.net, ports: [REPLICATION=44445, RATIS=38271, RATIS_ADMIN=38271, RATIS_SERVER=38271, STANDALONE=39257], networkLocation: /default-rack, certSerialId: null, persistedOpState: IN_SERVICE, persistedOpStateExpiryEpochSec: 0}757e1abf-caf6-4356-ad73-d786994982ad{ip: 10.1.0.37, host: fv-az59-280.csjynl4pkq3e1pkirw3ssqjfoh.cx.internal.cloudapp.net, ports: [REPLICATION=40569, RATIS=41749, RATIS_ADMIN=41749, RATIS_SERVER=41749, STANDALONE=42593], networkLocation: /default-rack, certSerialId: null, persistedOpState: IN_SERVICE, persistedOpStateExpiryEpochSec: 0}, ReplicationConfig: RATIS/THREE, State:ALLOCATED, leaderId:, CreationTimestamp2022-01-11T23:55:08.437Z[Etc/UTC]].
2022-01-11 23:55:08,438 [RatisPipelineUtilsThread - 0] INFO  pipeline.RatisPipelineProvider (RatisPipelineProvider.java:lambda$create$0(183)) - Sending CreatePipelineCommand for pipeline:PipelineID=596ae104-db7c-476c-b93c-9d82fb37d1d1 to datanode:2a1c9333-8641-498a-88f2-87bcecbe0d18
2022-01-11 23:55:08,438 [RatisPipelineUtilsThread - 0] INFO  pipeline.RatisPipelineProvider (RatisPipelineProvider.java:lambda$create$0(183)) - Sending CreatePipelineCommand for pipeline:PipelineID=596ae104-db7c-476c-b93c-9d82fb37d1d1 to datanode:757e1abf-caf6-4356-ad73-d786994982ad
2022-01-11 23:55:08,438 [RatisPipelineUtilsThread - 0] INFO  pipeline.RatisPipelineProvider (RatisPipelineProvider.java:lambda$create$0(183)) - Sending CreatePipelineCommand for pipeline:PipelineID=596ae104-db7c-476c-b93c-9d82fb37d1d1 to datanode:77c66afc-fa73-4d89-b59d-9adc22a556cf
2022-01-11 23:55:08,439 [RatisPipelineUtilsThread - 0] INFO  pipeline.PipelineStateManagerImpl (PipelineStateManagerImpl.java:addPipeline(101)) - Created pipeline Pipeline[ Id: 596ae104-db7c-476c-b93c-9d82fb37d1d1, Nodes: 2a1c9333-8641-498a-88f2-87bcecbe0d18{ip: 10.1.0.37, host: fv-az59-280.csjynl4pkq3e1pkirw3ssqjfoh.cx.internal.cloudapp.net, ports: [REPLICATION=45151, RATIS=38177, RATIS_ADMIN=38177, RATIS_SERVER=38177, STANDALONE=44313], networkLocation: /default-rack, certSerialId: null, persistedOpState: IN_SERVICE, persistedOpStateExpiryEpochSec: 0}757e1abf-caf6-4356-ad73-d786994982ad{ip: 10.1.0.37, host: fv-az59-280.csjynl4pkq3e1pkirw3ssqjfoh.cx.internal.cloudapp.net, ports: [REPLICATION=40569, RATIS=41749, RATIS_ADMIN=41749, RATIS_SERVER=41749, STANDALONE=42593], networkLocation: /default-rack, certSerialId: null, persistedOpState: IN_SERVICE, persistedOpStateExpiryEpochSec: 0}77c66afc-fa73-4d89-b59d-9adc22a556cf{ip: 10.1.0.37, host: fv-az59-280.csjynl4pkq3e1pkirw3ssqjfoh.cx.internal.cloudapp.net, ports: [REPLICATION=36525, RATIS=40587, RATIS_ADMIN=40587, RATIS_SERVER=40587, STANDALONE=44631], networkLocation: /default-rack, certSerialId: null, persistedOpState: IN_SERVICE, persistedOpStateExpiryEpochSec: 0}, ReplicationConfig: RATIS/THREE, State:ALLOCATED, leaderId:, CreationTimestamp2022-01-11T23:55:08.438Z[Etc/UTC]].
2022-01-11 23:55:08,440 [RatisPipelineUtilsThread - 0] INFO  pipeline.RatisPipelineProvider (RatisPipelineProvider.java:lambda$create$0(183)) - Sending CreatePipelineCommand for pipeline:PipelineID=f3dab52c-f49d-4ac3-8007-1e23594ce36a to datanode:757e1abf-caf6-4356-ad73-d786994982ad
2022-01-11 23:55:08,442 [RatisPipelineUtilsThread - 0] INFO  pipeline.RatisPipelineProvider (RatisPipelineProvider.java:lambda$create$0(183)) - Sending CreatePipelineCommand for pipeline:PipelineID=f3dab52c-f49d-4ac3-8007-1e23594ce36a to datanode:2a1c9333-8641-498a-88f2-87bcecbe0d18
2022-01-11 23:55:08,442 [RatisPipelineUtilsThread - 0] INFO  pipeline.RatisPipelineProvider (RatisPipelineProvider.java:lambda$create$0(183)) - Sending CreatePipelineCommand for pipeline:PipelineID=f3dab52c-f49d-4ac3-8007-1e23594ce36a to datanode:6b666312-5236-4d63-85d6-3705eb3fb30b
2022-01-11 23:55:08,442 [RatisPipelineUtilsThread - 0] INFO  pipeline.PipelineStateManagerImpl (PipelineStateManagerImpl.java:addPipeline(101)) - Created pipeline Pipeline[ Id: f3dab52c-f49d-4ac3-8007-1e23594ce36a, Nodes: 757e1abf-caf6-4356-ad73-d786994982ad{ip: 10.1.0.37, host: fv-az59-280.csjynl4pkq3e1pkirw3ssqjfoh.cx.internal.cloudapp.net, ports: [REPLICATION=40569, RATIS=41749, RATIS_ADMIN=41749, RATIS_SERVER=41749, STANDALONE=42593], networkLocation: /default-rack, certSerialId: null, persistedOpState: IN_SERVICE, persistedOpStateExpiryEpochSec: 0}2a1c9333-8641-498a-88f2-87bcecbe0d18{ip: 10.1.0.37, host: fv-az59-280.csjynl4pkq3e1pkirw3ssqjfoh.cx.internal.cloudapp.net, ports: [REPLICATION=45151, RATIS=38177, RATIS_ADMIN=38177, RATIS_SERVER=38177, STANDALONE=44313], networkLocation: /default-rack, certSerialId: null, persistedOpState: IN_SERVICE, persistedOpStateExpiryEpochSec: 0}6b666312-5236-4d63-85d6-3705eb3fb30b{ip: 10.1.0.37, host: fv-az59-280.csjynl4pkq3e1pkirw3ssqjfoh.cx.internal.cloudapp.net, ports: [REPLICATION=44445, RATIS=38271, RATIS_ADMIN=38271, RATIS_SERVER=38271, STANDALONE=39257], networkLocation: /default-rack, certSerialId: null, persistedOpState: IN_SERVICE, persistedOpStateExpiryEpochSec: 0}, ReplicationConfig: RATIS/THREE, State:ALLOCATED, leaderId:, CreationTimestamp2022-01-11T23:55:08.440Z[Etc/UTC]].
2022-01-11 23:55:08,443 [RatisPipelineUtilsThread - 0] INFO  pipeline.RatisPipelineProvider (RatisPipelineProvider.java:lambda$create$0(183)) - Sending CreatePipelineCommand for pipeline:PipelineID=6cfe6a42-a277-473f-b133-f30f1a0b57ef to datanode:6b666312-5236-4d63-85d6-3705eb3fb30b
2022-01-11 23:55:08,443 [RatisPipelineUtilsThread - 0] INFO  pipeline.RatisPipelineProvider (RatisPipelineProvider.java:lambda$create$0(183)) - Sending CreatePipelineCommand for pipeline:PipelineID=6cfe6a42-a277-473f-b133-f30f1a0b57ef to datanode:2a1c9333-8641-498a-88f2-87bcecbe0d18
2022-01-11 23:55:08,443 [RatisPipelineUtilsThread - 0] INFO  pipeline.RatisPipelineProvider (RatisPipelineProvider.java:lambda$create$0(183)) - Sending CreatePipelineCommand for pipeline:PipelineID=6cfe6a42-a277-473f-b133-f30f1a0b57ef to datanode:77c66afc-fa73-4d89-b59d-9adc22a556cf
2022-01-11 23:55:08,443 [RatisPipelineUtilsThread - 0] INFO  pipeline.PipelineStateManagerImpl (PipelineStateManagerImpl.java:addPipeline(101)) - Created pipeline Pipeline[ Id: 6cfe6a42-a277-473f-b133-f30f1a0b57ef, Nodes: 6b666312-5236-4d63-85d6-3705eb3fb30b{ip: 10.1.0.37, host: fv-az59-280.csjynl4pkq3e1pkirw3ssqjfoh.cx.internal.cloudapp.net, ports: [REPLICATION=44445, RATIS=38271, RATIS_ADMIN=38271, RATIS_SERVER=38271, STANDALONE=39257], networkLocation: /default-rack, certSerialId: null, persistedOpState: IN_SERVICE, persistedOpStateExpiryEpochSec: 0}2a1c9333-8641-498a-88f2-87bcecbe0d18{ip: 10.1.0.37, host: fv-az59-280.csjynl4pkq3e1pkirw3ssqjfoh.cx.internal.cloudapp.net, ports: [REPLICATION=45151, RATIS=38177, RATIS_ADMIN=38177, RATIS_SERVER=38177, STANDALONE=44313], networkLocation: /default-rack, certSerialId: null, persistedOpState: IN_SERVICE, persistedOpStateExpiryEpochSec: 0}77c66afc-fa73-4d89-b59d-9adc22a556cf{ip: 10.1.0.37, host: fv-az59-280.csjynl4pkq3e1pkirw3ssqjfoh.cx.internal.cloudapp.net, ports: [REPLICATION=36525, RATIS=40587, RATIS_ADMIN=40587, RATIS_SERVER=40587, STANDALONE=44631], networkLocation: /default-rack, certSerialId: null, persistedOpState: IN_SERVICE, persistedOpStateExpiryEpochSec: 0}, ReplicationConfig: RATIS/THREE, State:ALLOCATED, leaderId:, CreationTimestamp2022-01-11T23:55:08.443Z[Etc/UTC]].
2022-01-11 23:55:09,194 [Listener at 127.0.0.1/46043] INFO  ozone.MiniOzoneClusterImpl (MiniOzoneClusterImpl.java:lambda$waitForClusterToBeReady$0(235)) - Nodes are ready. Got 7 of 7 DN Heartbeats.
2022-01-11 23:55:09,194 [Listener at 127.0.0.1/46043] INFO  ozone.MiniOzoneClusterImpl (MiniOzoneClusterImpl.java:lambda$waitForClusterToBeReady$0(238)) - Cluster exits safe mode
2022-01-11 23:55:09,194 [Listener at 127.0.0.1/46043] INFO  ozone.MiniOzoneClusterImpl (MiniOzoneClusterImpl.java:lambda$waitForClusterToBeReady$0(240)) - SCM became leader
2022-01-11 23:55:09,284 [Command processor thread] INFO  server.RaftServer (RaftServerProxy.java:remove(106)) - 2a1c9333-8641-498a-88f2-87bcecbe0d18: remove  FOLLOWER 2a1c9333-8641-498a-88f2-87bcecbe0d18@group-29C336287606:t3, leader=null, voted=757e1abf-caf6-4356-ad73-d786994982ad, raftlog=2a1c9333-8641-498a-88f2-87bcecbe0d18@group-29C336287606-SegmentedRaftLog:OPENED:c0, conf=0: [2a1c9333-8641-498a-88f2-87bcecbe0d18|rpc:10.1.0.37:38177|dataStream:|priority:0, 757e1abf-caf6-4356-ad73-d786994982ad|rpc:10.1.0.37:41749|dataStream:|priority:1, 77c66afc-fa73-4d89-b59d-9adc22a556cf|rpc:10.1.0.37:40587|dataStream:|priority:0], old=null RUNNING
2022-01-11 23:55:09,284 [Command processor thread] INFO  server.RaftServer$Division (RaftServerImpl.java:lambda$close$4(412)) - 2a1c9333-8641-498a-88f2-87bcecbe0d18@group-29C336287606: shutdown
2022-01-11 23:55:09,284 [Command processor thread] INFO  util.JmxRegister (JmxRegister.java:unregister(73)) - Successfully un-registered JMX Bean with object name Ratis:service=RaftServer,group=group-29C336287606,id=2a1c9333-8641-498a-88f2-87bcecbe0d18
2022-01-11 23:55:09,284 [Command processor thread] INFO  impl.RoleInfo (RoleInfo.java:shutdownFollowerState(108)) - 2a1c9333-8641-498a-88f2-87bcecbe0d18: shutdown 2a1c9333-8641-498a-88f2-87bcecbe0d18@group-29C336287606-FollowerState
2022-01-11 23:55:09,284 [Command processor thread] INFO  impl.StateMachineUpdater (StateMachineUpdater.java:stopAndJoin(149)) - 2a1c9333-8641-498a-88f2-87bcecbe0d18@group-29C336287606-StateMachineUpdater: set stopIndex = 0
2022-01-11 23:55:09,284 [Command processor thread] INFO  server.RaftServer$Division (ServerState.java:close(419)) - 2a1c9333-8641-498a-88f2-87bcecbe0d18@group-29C336287606: closes. applyIndex: 0
2022-01-11 23:55:09,284 [2a1c9333-8641-498a-88f2-87bcecbe0d18@group-29C336287606-SegmentedRaftLogWorker] INFO  segmented.SegmentedRaftLogWorker (SegmentedRaftLogWorker.java:run(327)) - 2a1c9333-8641-498a-88f2-87bcecbe0d18@group-29C336287606-SegmentedRaftLogWorker was interrupted, exiting. There are 0 tasks remaining in the queue.
2022-01-11 23:55:09,286 [Command processor thread] INFO  segmented.SegmentedRaftLogWorker (SegmentedRaftLogWorker.java:close(237)) - 2a1c9333-8641-498a-88f2-87bcecbe0d18@group-29C336287606-SegmentedRaftLogWorker close()
2022-01-11 23:55:09,308 [2a1c9333-8641-498a-88f2-87bcecbe0d18@group-29C336287606-FollowerState] INFO  impl.FollowerState (FollowerState.java:run(143)) - 2a1c9333-8641-498a-88f2-87bcecbe0d18@group-29C336287606-FollowerState was interrupted: {}
java.lang.InterruptedException: sleep interrupted
	at java.lang.Thread.sleep(Native Method)
	at java.lang.Thread.sleep(Thread.java:340)
	at java.util.concurrent.TimeUnit.sleep(TimeUnit.java:386)
	at org.apache.ratis.util.TimeDuration.sleep(TimeDuration.java:324)
	at org.apache.ratis.util.TimeDuration.sleep(TimeDuration.java:309)
	at org.apache.ratis.server.impl.FollowerState.run(FollowerState.java:118)
2022-01-11 23:55:09,312 [Command processor thread] INFO  server.RaftServer$Division (RaftServerImpl.java:groupRemove(382)) - 2a1c9333-8641-498a-88f2-87bcecbe0d18@group-29C336287606: Succeed to remove RaftStorageDirectory Storage Directory /home/runner/work/ozone/ozone/hadoop-ozone/integration-test/target/test-dir/MiniOzoneClusterImpl-84b3519b-a2d3-47e7-8c84-34506f72c9f7/datanode-5/data/ratis/9af18b33-0efc-4508-87fb-29c336287606
2022-01-11 23:55:09,312 [Command processor thread] INFO  commandhandler.ClosePipelineCommandHandler (ClosePipelineCommandHandler.java:handle(78)) - Close Pipeline PipelineID=9af18b33-0efc-4508-87fb-29c336287606 command on datanode 2a1c9333-8641-498a-88f2-87bcecbe0d18.
2022-01-11 23:55:09,312 [Command processor thread] INFO  server.RaftServer (RaftServerProxy.java:remove(106)) - 2a1c9333-8641-498a-88f2-87bcecbe0d18: remove  FOLLOWER 2a1c9333-8641-498a-88f2-87bcecbe0d18@group-36EC4F650869:t2, leader=null, voted=77c66afc-fa73-4d89-b59d-9adc22a556cf, raftlog=2a1c9333-8641-498a-88f2-87bcecbe0d18@group-36EC4F650869-SegmentedRaftLog:OPENED:c0, conf=0: [2a1c9333-8641-498a-88f2-87bcecbe0d18|rpc:10.1.0.37:38177|dataStream:|priority:0, 757e1abf-caf6-4356-ad73-d786994982ad|rpc:10.1.0.37:41749|dataStream:|priority:0, 77c66afc-fa73-4d89-b59d-9adc22a556cf|rpc:10.1.0.37:40587|dataStream:|priority:1], old=null RUNNING
2022-01-11 23:55:09,313 [Command processor thread] INFO  server.RaftServer$Division (RaftServerImpl.java:lambda$close$4(412)) - 2a1c9333-8641-498a-88f2-87bcecbe0d18@group-36EC4F650869: shutdown
2022-01-11 23:55:09,313 [Command processor thread] INFO  util.JmxRegister (JmxRegister.java:unregister(73)) - Successfully un-registered JMX Bean with object name Ratis:service=RaftServer,group=group-36EC4F650869,id=2a1c9333-8641-498a-88f2-87bcecbe0d18
2022-01-11 23:55:09,313 [Command processor thread] INFO  impl.RoleInfo (RoleInfo.java:shutdownFollowerState(108)) - 2a1c9333-8641-498a-88f2-87bcecbe0d18: shutdown 2a1c9333-8641-498a-88f2-87bcecbe0d18@group-36EC4F650869-FollowerState
2022-01-11 23:55:09,313 [Command processor thread] INFO  impl.StateMachineUpdater (StateMachineUpdater.java:stopAndJoin(149)) - 2a1c9333-8641-498a-88f2-87bcecbe0d18@group-36EC4F650869-StateMachineUpdater: set stopIndex = 0
2022-01-11 23:55:09,313 [2a1c9333-8641-498a-88f2-87bcecbe0d18@group-36EC4F650869-FollowerState] INFO  impl.FollowerState (FollowerState.java:run(143)) - 2a1c9333-8641-498a-88f2-87bcecbe0d18@group-36EC4F650869-FollowerState was interrupted: {}
java.lang.InterruptedException: sleep interrupted
	at java.lang.Thread.sleep(Native Method)
	at java.lang.Thread.sleep(Thread.java:340)
	at java.util.concurrent.TimeUnit.sleep(TimeUnit.java:386)
	at org.apache.ratis.util.TimeDuration.sleep(TimeDuration.java:324)
	at org.apache.ratis.util.TimeDuration.sleep(TimeDuration.java:309)
	at org.apache.ratis.server.impl.FollowerState.run(FollowerState.java:118)
2022-01-11 23:55:09,317 [Command processor thread] INFO  server.RaftServer$Division (ServerState.java:close(419)) - 2a1c9333-8641-498a-88f2-87bcecbe0d18@group-36EC4F650869: closes. applyIndex: 0
2022-01-11 23:55:09,317 [2a1c9333-8641-498a-88f2-87bcecbe0d18@group-36EC4F650869-SegmentedRaftLogWorker] INFO  segmented.SegmentedRaftLogWorker (SegmentedRaftLogWorker.java:run(327)) - 2a1c9333-8641-498a-88f2-87bcecbe0d18@group-36EC4F650869-SegmentedRaftLogWorker was interrupted, exiting. There are 0 tasks remaining in the queue.
2022-01-11 23:55:09,333 [Command processor thread] INFO  segmented.SegmentedRaftLogWorker (SegmentedRaftLogWorker.java:close(237)) - 2a1c9333-8641-498a-88f2-87bcecbe0d18@group-36EC4F650869-SegmentedRaftLogWorker close()
2022-01-11 23:55:09,335 [Command processor thread] INFO  server.RaftServer$Division (RaftServerImpl.java:groupRemove(382)) - 2a1c9333-8641-498a-88f2-87bcecbe0d18@group-36EC4F650869: Succeed to remove RaftStorageDirectory Storage Directory /home/runner/work/ozone/ozone/hadoop-ozone/integration-test/target/test-dir/MiniOzoneClusterImpl-84b3519b-a2d3-47e7-8c84-34506f72c9f7/datanode-5/data/ratis/1afd3704-aaf0-437f-bd8e-36ec4f650869
2022-01-11 23:55:09,335 [Command processor thread] INFO  commandhandler.ClosePipelineCommandHandler (ClosePipelineCommandHandler.java:handle(78)) - Close Pipeline PipelineID=1afd3704-aaf0-437f-bd8e-36ec4f650869 command on datanode 2a1c9333-8641-498a-88f2-87bcecbe0d18.
2022-01-11 23:55:09,335 [Command processor thread] INFO  server.RaftServer (RaftServerProxy.java:remove(106)) - 2a1c9333-8641-498a-88f2-87bcecbe0d18: remove  FOLLOWER 2a1c9333-8641-498a-88f2-87bcecbe0d18@group-A72DDD3ACB6B:t1, leader=null, voted=2a1c9333-8641-498a-88f2-87bcecbe0d18, raftlog=2a1c9333-8641-498a-88f2-87bcecbe0d18@group-A72DDD3ACB6B-SegmentedRaftLog:OPENED:c11, conf=0: [2a1c9333-8641-498a-88f2-87bcecbe0d18|rpc:10.1.0.37:38177|dataStream:|priority:1], old=null RUNNING
2022-01-11 23:55:09,335 [Command processor thread] INFO  server.RaftServer$Division (RaftServerImpl.java:lambda$close$4(412)) - 2a1c9333-8641-498a-88f2-87bcecbe0d18@group-A72DDD3ACB6B: shutdown
2022-01-11 23:55:09,335 [Command processor thread] INFO  util.JmxRegister (JmxRegister.java:unregister(73)) - Successfully un-registered JMX Bean with object name Ratis:service=RaftServer,group=group-A72DDD3ACB6B,id=2a1c9333-8641-498a-88f2-87bcecbe0d18
2022-01-11 23:55:09,335 [Command processor thread] INFO  impl.RoleInfo (RoleInfo.java:shutdownFollowerState(108)) - 2a1c9333-8641-498a-88f2-87bcecbe0d18: shutdown 2a1c9333-8641-498a-88f2-87bcecbe0d18@group-A72DDD3ACB6B-FollowerState
2022-01-11 23:55:09,335 [Command processor thread] INFO  impl.StateMachineUpdater (StateMachineUpdater.java:stopAndJoin(149)) - 2a1c9333-8641-498a-88f2-87bcecbe0d18@group-A72DDD3ACB6B-StateMachineUpdater: set stopIndex = 11
2022-01-11 23:55:09,336 [2a1c9333-8641-498a-88f2-87bcecbe0d18@group-A72DDD3ACB6B-FollowerState] INFO  impl.FollowerState (FollowerState.java:run(143)) - 2a1c9333-8641-498a-88f2-87bcecbe0d18@group-A72DDD3ACB6B-FollowerState was interrupted: {}
java.lang.InterruptedException: sleep interrupted
	at java.lang.Thread.sleep(Native Method)
	at java.lang.Thread.sleep(Thread.java:340)
	at java.util.concurrent.TimeUnit.sleep(TimeUnit.java:386)
	at org.apache.ratis.util.TimeDuration.sleep(TimeDuration.java:324)
	at org.apache.ratis.util.TimeDuration.sleep(TimeDuration.java:309)
	at org.apache.ratis.server.impl.FollowerState.run(FollowerState.java:118)
2022-01-11 23:55:09,336 [Command processor thread] INFO  server.RaftServer$Division (ServerState.java:close(419)) - 2a1c9333-8641-498a-88f2-87bcecbe0d18@group-A72DDD3ACB6B: closes. applyIndex: 11
2022-01-11 23:55:09,336 [2a1c9333-8641-498a-88f2-87bcecbe0d18@group-A72DDD3ACB6B-SegmentedRaftLogWorker] INFO  segmented.SegmentedRaftLogWorker (SegmentedRaftLogWorker.java:run(327)) - 2a1c9333-8641-498a-88f2-87bcecbe0d18@group-A72DDD3ACB6B-SegmentedRaftLogWorker was interrupted, exiting. There are 0 tasks remaining in the queue.
2022-01-11 23:55:09,337 [Command processor thread] INFO  segmented.SegmentedRaftLogWorker (SegmentedRaftLogWorker.java:close(237)) - 2a1c9333-8641-498a-88f2-87bcecbe0d18@group-A72DDD3ACB6B-SegmentedRaftLogWorker close()
2022-01-11 23:55:09,340 [Command processor thread] INFO  keyvalue.KeyValueContainer (KeyValueContainer.java:flushAndSyncDB(401)) - Container 1 is synced with bcsId 10.
2022-01-11 23:55:09,340 [Command processor thread] INFO  keyvalue.KeyValueContainer (KeyValueContainer.java:flushAndSyncDB(401)) - Container 1 is synced with bcsId 10.
2022-01-11 23:55:09,349 [EventQueue-IncrementalContainerReportForIncrementalContainerReportHandler] INFO  container.IncrementalContainerReportHandler (AbstractContainerReportHandler.java:updateContainerState(216)) - Moving container #1 to QUASI_CLOSED state, datanode 2a1c9333-8641-498a-88f2-87bcecbe0d18{ip: 10.1.0.37, host: fv-az59-280.csjynl4pkq3e1pkirw3ssqjfoh.cx.internal.cloudapp.net, ports: [REPLICATION=45151, RATIS=38177, RATIS_ADMIN=38177, RATIS_SERVER=38177, STANDALONE=44313], networkLocation: /default-rack, certSerialId: null, persistedOpState: IN_SERVICE, persistedOpStateExpiryEpochSec: 0} reported QUASI_CLOSED replica.
2022-01-11 23:55:09,350 [Command processor thread] INFO  server.RaftServer$Division (RaftServerImpl.java:groupRemove(382)) - 2a1c9333-8641-498a-88f2-87bcecbe0d18@group-A72DDD3ACB6B: Succeed to remove RaftStorageDirectory Storage Directory /home/runner/work/ozone/ozone/hadoop-ozone/integration-test/target/test-dir/MiniOzoneClusterImpl-84b3519b-a2d3-47e7-8c84-34506f72c9f7/datanode-5/data/ratis/a1978e2b-ad32-4a8c-80c7-a72ddd3acb6b
2022-01-11 23:55:09,350 [Command processor thread] INFO  commandhandler.ClosePipelineCommandHandler (ClosePipelineCommandHandler.java:handle(78)) - Close Pipeline PipelineID=a1978e2b-ad32-4a8c-80c7-a72ddd3acb6b command on datanode 2a1c9333-8641-498a-88f2-87bcecbe0d18.
2022-01-11 23:55:09,351 [Command processor thread] INFO  server.RaftServer (RaftServerProxy.java:remove(106)) - 2a1c9333-8641-498a-88f2-87bcecbe0d18: remove  FOLLOWER 2a1c9333-8641-498a-88f2-87bcecbe0d18@group-4B271DC99CF9:t3, leader=null, voted=, raftlog=2a1c9333-8641-498a-88f2-87bcecbe0d18@group-4B271DC99CF9-SegmentedRaftLog:OPENED:c-1, conf=-1: [], old=null STARTING
2022-01-11 23:55:09,351 [Command processor thread] INFO  server.RaftServer$Division (RaftServerImpl.java:lambda$close$4(412)) - 2a1c9333-8641-498a-88f2-87bcecbe0d18@group-4B271DC99CF9: shutdown
2022-01-11 23:55:09,351 [Command processor thread] INFO  util.JmxRegister (JmxRegister.java:unregister(73)) - Successfully un-registered JMX Bean with object name Ratis:service=RaftServer,group=group-4B271DC99CF9,id=2a1c9333-8641-498a-88f2-87bcecbe0d18
2022-01-11 23:55:09,351 [Command processor thread] INFO  impl.StateMachineUpdater (StateMachineUpdater.java:stopAndJoin(149)) - 2a1c9333-8641-498a-88f2-87bcecbe0d18@group-4B271DC99CF9-StateMachineUpdater: set stopIndex = -1
2022-01-11 23:55:09,351 [Command processor thread] INFO  server.RaftServer$Division (ServerState.java:close(419)) - 2a1c9333-8641-498a-88f2-87bcecbe0d18@group-4B271DC99CF9: closes. applyIndex: -1
2022-01-11 23:55:09,351 [2a1c9333-8641-498a-88f2-87bcecbe0d18@group-4B271DC99CF9-SegmentedRaftLogWorker] INFO  segmented.SegmentedRaftLogWorker (SegmentedRaftLogWorker.java:run(327)) - 2a1c9333-8641-498a-88f2-87bcecbe0d18@group-4B271DC99CF9-SegmentedRaftLogWorker was interrupted, exiting. There are 0 tasks remaining in the queue.
2022-01-11 23:55:09,351 [Command processor thread] INFO  segmented.SegmentedRaftLogWorker (SegmentedRaftLogWorker.java:close(237)) - 2a1c9333-8641-498a-88f2-87bcecbe0d18@group-4B271DC99CF9-SegmentedRaftLogWorker close()
2022-01-11 23:55:09,357 [Command processor thread] INFO  server.RaftServer$Division (RaftServerImpl.java:groupRemove(382)) - 2a1c9333-8641-498a-88f2-87bcecbe0d18@group-4B271DC99CF9: Succeed to remove RaftStorageDirectory Storage Directory /home/runner/work/ozone/ozone/hadoop-ozone/integration-test/target/test-dir/MiniOzoneClusterImpl-84b3519b-a2d3-47e7-8c84-34506f72c9f7/datanode-5/data/ratis/5564fd82-da03-4608-bf34-4b271dc99cf9
2022-01-11 23:55:09,379 [Command processor thread] INFO  commandhandler.ClosePipelineCommandHandler (ClosePipelineCommandHandler.java:handle(78)) - Close Pipeline PipelineID=5564fd82-da03-4608-bf34-4b271dc99cf9 command on datanode 2a1c9333-8641-498a-88f2-87bcecbe0d18.
2022-01-11 23:55:09,379 [Command processor thread] INFO  server.RaftServer (RaftServerProxy.java:addNew(95)) - 2a1c9333-8641-498a-88f2-87bcecbe0d18: addNew group-193840CE15A7:[2a1c9333-8641-498a-88f2-87bcecbe0d18|rpc:10.1.0.37:38177|priority:1] returns group-193840CE15A7:java.util.concurrent.CompletableFuture@56242df2[Not completed]
2022-01-11 23:55:09,380 [pool-478-thread-1] INFO  server.RaftServer$Division (RaftServerImpl.java:<init>(184)) - 2a1c9333-8641-498a-88f2-87bcecbe0d18: new RaftServerImpl for group-193840CE15A7:[2a1c9333-8641-498a-88f2-87bcecbe0d18|rpc:10.1.0.37:38177|priority:1] with ContainerStateMachine:uninitialized
2022-01-11 23:55:09,380 [pool-478-thread-1] INFO  server.RaftServerConfigKeys (ConfUtils.java:logGet(44)) - raft.server.rpc.timeout.min = 5s (custom)
2022-01-11 23:55:09,380 [pool-478-thread-1] INFO  server.RaftServerConfigKeys (ConfUtils.java:logGet(44)) - raft.server.rpc.timeout.max = 5200ms (custom)
2022-01-11 23:55:09,385 [pool-478-thread-1] INFO  server.RaftServerConfigKeys (ConfUtils.java:logGet(44)) - raft.server.rpc.sleep.time = 25ms (default)
2022-01-11 23:55:09,386 [pool-478-thread-1] INFO  server.RaftServerConfigKeys (ConfUtils.java:logGet(44)) - raft.server.rpc.slowness.timeout = 300000ms (custom)
2022-01-11 23:55:09,386 [pool-478-thread-1] INFO  server.RaftServerConfigKeys (ConfUtils.java:logGet(44)) - raft.server.leaderelection.leader.step-down.wait-time = 10s (default)
2022-01-11 23:55:09,386 [pool-478-thread-1] INFO  server.RaftServerConfigKeys (ConfUtils.java:logGet(44)) - raft.server.sleep.deviation.threshold = 300ms (default)
2022-01-11 23:55:09,386 [pool-478-thread-1] INFO  server.RaftServerConfigKeys (ConfUtils.java:logGet(44)) - raft.server.log.appender.install.snapshot.enabled = false (custom)
2022-01-11 23:55:09,386 [pool-478-thread-1] INFO  server.RaftServer$Division (ServerState.java:<init>(105)) - 2a1c9333-8641-498a-88f2-87bcecbe0d18@group-193840CE15A7: ConfigurationManager, init=-1: [2a1c9333-8641-498a-88f2-87bcecbe0d18|rpc:10.1.0.37:38177|priority:1], old=null, confs=<EMPTY_MAP>
2022-01-11 23:55:09,386 [pool-478-thread-1] INFO  server.RaftServerConfigKeys (ConfUtils.java:logGet(44)) - raft.server.storage.dir = [/home/runner/work/ozone/ozone/hadoop-ozone/integration-test/target/test-dir/MiniOzoneClusterImpl-84b3519b-a2d3-47e7-8c84-34506f72c9f7/datanode-5/data/ratis] (custom)
2022-01-11 23:55:09,386 [pool-478-thread-1] INFO  server.RaftServerConfigKeys (ConfUtils.java:logGet(44)) - raft.server.log.corruption.policy = EXCEPTION (default)
2022-01-11 23:55:09,386 [pool-478-thread-1] INFO  server.RaftServerConfigKeys (ConfUtils.java:logGet(44)) - raft.server.storage.free-space.min = 0MB (=0) (default)
2022-01-11 23:55:09,386 [pool-478-thread-1] INFO  storage.RaftStorageDirectory (RaftStorageDirectoryImpl.java:analyzeStorage(135)) - The storage directory /home/runner/work/ozone/ozone/hadoop-ozone/integration-test/target/test-dir/MiniOzoneClusterImpl-84b3519b-a2d3-47e7-8c84-34506f72c9f7/datanode-5/data/ratis/2fd6ff84-a058-46cb-bad8-193840ce15a7 does not exist. Creating ...
2022-01-11 23:55:09,387 [pool-478-thread-1] INFO  storage.RaftStorageDirectory (RaftStorageDirectoryImpl.java:tryLock(230)) - Lock on /home/runner/work/ozone/ozone/hadoop-ozone/integration-test/target/test-dir/MiniOzoneClusterImpl-84b3519b-a2d3-47e7-8c84-34506f72c9f7/datanode-5/data/ratis/2fd6ff84-a058-46cb-bad8-193840ce15a7/in_use.lock acquired by nodename 350@fv-az59-280
2022-01-11 23:55:09,388 [pool-478-thread-1] INFO  storage.RaftStorage (RaftStorageImpl.java:format(89)) - Storage directory /home/runner/work/ozone/ozone/hadoop-ozone/integration-test/target/test-dir/MiniOzoneClusterImpl-84b3519b-a2d3-47e7-8c84-34506f72c9f7/datanode-5/data/ratis/2fd6ff84-a058-46cb-bad8-193840ce15a7 has been successfully formatted.
2022-01-11 23:55:09,389 [pool-478-thread-1] INFO  ratis.ContainerStateMachine (ContainerStateMachine.java:loadSnapshot(231)) - group-193840CE15A7: The snapshot info is null. Setting the last applied indexto:(t:0, i:~)
2022-01-11 23:55:09,389 [pool-478-thread-1] INFO  server.RaftServerConfigKeys (ConfUtils.java:logGet(44)) - raft.server.notification.no-leader.timeout = 300000ms (custom)
2022-01-11 23:55:09,389 [pool-478-thread-1] INFO  server.RaftServerConfigKeys (ConfUtils.java:logGet(44)) - raft.server.log.use.memory = false (default)
2022-01-11 23:55:09,389 [pool-478-thread-1] INFO  server.RaftServerConfigKeys (ConfUtils.java:logGet(44)) - raft.server.log.purge.gap = 1000000 (custom)
2022-01-11 23:55:09,389 [pool-478-thread-1] INFO  server.RaftServerConfigKeys (ConfUtils.java:logGet(44)) - raft.server.log.appender.buffer.byte-limit = 33554432 (custom)
2022-01-11 23:55:09,389 [pool-478-thread-1] INFO  server.RaftServerConfigKeys (ConfUtils.java:logGet(44)) - raft.server.log.segment.size.max = 1048576 (custom)
2022-01-11 23:55:09,390 [EventQueue-PipelineReportForPipelineReportHandler] INFO  pipeline.PipelineManagerImpl (PipelineManagerImpl.java:openPipeline(291)) - Pipeline Pipeline[ Id: 2fd6ff84-a058-46cb-bad8-193840ce15a7, Nodes: 2a1c9333-8641-498a-88f2-87bcecbe0d18{ip: 10.1.0.37, host: fv-az59-280.csjynl4pkq3e1pkirw3ssqjfoh.cx.internal.cloudapp.net, ports: [REPLICATION=45151, RATIS=38177, RATIS_ADMIN=38177, RATIS_SERVER=38177, STANDALONE=44313], networkLocation: /default-rack, certSerialId: null, persistedOpState: IN_SERVICE, persistedOpStateExpiryEpochSec: 0}, ReplicationConfig: RATIS/ONE, State:ALLOCATED, leaderId:2a1c9333-8641-498a-88f2-87bcecbe0d18, CreationTimestamp2022-01-11T23:55:08.436Z[Etc/UTC]] moved to OPEN state
2022-01-11 23:55:09,391 [pool-478-thread-1] INFO  server.RaftServerConfigKeys (ConfUtils.java:logGet(44)) - raft.server.log.segment.cache.num.max = 2 (custom)
2022-01-11 23:55:09,391 [pool-478-thread-1] INFO  server.RaftServerConfigKeys (ConfUtils.java:logGet(44)) - raft.server.log.segment.cache.size.max = 200MB (=209715200) (default)
2022-01-11 23:55:09,391 [pool-478-thread-1] INFO  segmented.SegmentedRaftLogWorker (SegmentedRaftLogWorker.java:<init>(182)) - new 2a1c9333-8641-498a-88f2-87bcecbe0d18@group-193840CE15A7-SegmentedRaftLogWorker for RaftStorageImpl:Storage Directory /home/runner/work/ozone/ozone/hadoop-ozone/integration-test/target/test-dir/MiniOzoneClusterImpl-84b3519b-a2d3-47e7-8c84-34506f72c9f7/datanode-5/data/ratis/2fd6ff84-a058-46cb-bad8-193840ce15a7
2022-01-11 23:55:09,391 [pool-478-thread-1] INFO  server.RaftServerConfigKeys (ConfUtils.java:logGet(44)) - raft.server.log.queue.byte-limit = 2147483647 (custom)
2022-01-11 23:55:09,391 [pool-478-thread-1] INFO  server.RaftServerConfigKeys (ConfUtils.java:logGet(44)) - raft.server.log.queue.element-limit = 1024 (custom)
2022-01-11 23:55:09,391 [pool-478-thread-1] INFO  server.RaftServerConfigKeys (ConfUtils.java:logGet(44)) - raft.server.log.segment.size.max = 1048576 (custom)
2022-01-11 23:55:09,391 [pool-478-thread-1] INFO  server.RaftServerConfigKeys (ConfUtils.java:logGet(44)) - raft.server.log.preallocated.size = 16384 (custom)
2022-01-11 23:55:09,391 [pool-478-thread-1] INFO  server.RaftServerConfigKeys (ConfUtils.java:logGet(44)) - raft.server.log.force.sync.num = 128 (default)
2022-01-11 23:55:09,392 [pool-478-thread-1] INFO  server.RaftServerConfigKeys (ConfUtils.java:logGet(44)) - raft.server.log.statemachine.data.sync = true (default)
2022-01-11 23:55:09,392 [pool-478-thread-1] INFO  server.RaftServerConfigKeys (ConfUtils.java:logGet(44)) - raft.server.log.statemachine.data.sync.timeout = 10s (default)
2022-01-11 23:55:09,392 [pool-478-thread-1] INFO  server.RaftServerConfigKeys (ConfUtils.java:logGet(44)) - raft.server.log.statemachine.data.sync.timeout.retry = -1 (default)
2022-01-11 23:55:09,392 [pool-478-thread-1] INFO  server.RaftServerConfigKeys (ConfUtils.java:logGet(44)) - raft.server.log.write.buffer.size = 1048576 (custom)
2022-01-11 23:55:09,393 [pool-478-thread-1] INFO  server.RaftServerConfigKeys (ConfUtils.java:logGet(44)) - raft.server.log.statemachine.data.caching.enabled = true (custom)
2022-01-11 23:55:09,397 [pool-478-thread-1] INFO  segmented.SegmentedRaftLogWorker (SegmentedRaftLogWorker.java:lambda$new$0(133)) - 2a1c9333-8641-498a-88f2-87bcecbe0d18@group-193840CE15A7-SegmentedRaftLogWorker: flushIndex: setUnconditionally 0 -> -1
2022-01-11 23:55:09,397 [pool-478-thread-1] INFO  segmented.SegmentedRaftLogWorker (SegmentedRaftLogWorker.java:lambda$new$0(133)) - 2a1c9333-8641-498a-88f2-87bcecbe0d18@group-193840CE15A7-SegmentedRaftLogWorker: safeCacheEvictIndex: setUnconditionally 0 -> -1
2022-01-11 23:55:09,399 [pool-478-thread-1] INFO  server.RaftServerConfigKeys (ConfUtils.java:logGet(44)) - raft.server.snapshot.auto.trigger.enabled = true (custom)
2022-01-11 23:55:09,399 [pool-478-thread-1] INFO  server.RaftServerConfigKeys (ConfUtils.java:logGet(44)) - raft.server.snapshot.auto.trigger.threshold = 10000 (custom)
2022-01-11 23:55:09,399 [pool-478-thread-1] INFO  server.RaftServerConfigKeys (ConfUtils.java:logGet(44)) - raft.server.snapshot.retention.file.num = 5 (custom)
2022-01-11 23:55:09,399 [pool-478-thread-1] INFO  server.RaftServerConfigKeys (ConfUtils.java:logGet(44)) - raft.server.log.purge.upto.snapshot.index = false (default)
2022-01-11 23:55:09,400 [pool-478-thread-1] INFO  server.RaftServerConfigKeys (ConfUtils.java:logGet(44)) - raft.server.retrycache.expirytime = 600000ms (custom)
2022-01-11 23:55:09,400 [pool-478-thread-1] INFO  server.RaftServerConfigKeys (ConfUtils.java:logGet(44)) - raft.server.retrycache.statistics.expirytime = 100μs (default)
2022-01-11 23:55:09,405 [pool-478-thread-1] INFO  server.RaftServer$Division (RaftServerImpl.java:start(301)) - 2a1c9333-8641-498a-88f2-87bcecbe0d18@group-193840CE15A7: start as a follower, conf=-1: [2a1c9333-8641-498a-88f2-87bcecbe0d18|rpc:10.1.0.37:38177|priority:1], old=null
2022-01-11 23:55:09,405 [pool-478-thread-1] INFO  server.RaftServer$Division (RaftServerImpl.java:setRole(290)) - 2a1c9333-8641-498a-88f2-87bcecbe0d18@group-193840CE15A7: changes role from      null to FOLLOWER at term 0 for startAsFollower
2022-01-11 23:55:09,421 [pool-478-thread-1] INFO  impl.RoleInfo (RoleInfo.java:updateAndGet(130)) - 2a1c9333-8641-498a-88f2-87bcecbe0d18: start 2a1c9333-8641-498a-88f2-87bcecbe0d18@group-193840CE15A7-FollowerState
2022-01-11 23:55:09,427 [pool-478-thread-1] INFO  util.JmxRegister (JmxRegister.java:tryRegister(44)) - Successfully registered JMX Bean with object name Ratis:service=RaftServer,group=group-193840CE15A7,id=2a1c9333-8641-498a-88f2-87bcecbe0d18
2022-01-11 23:55:09,435 [Command processor thread] INFO  ratis.XceiverServerRatis (XceiverServerRatis.java:addGroup(768)) - Created group PipelineID=2fd6ff84-a058-46cb-bad8-193840ce15a7
2022-01-11 23:55:09,435 [Command processor thread] INFO  commandhandler.CreatePipelineCommandHandler (CreatePipelineCommandHandler.java:handle(106)) - Created Pipeline RATIS ONE PipelineID=2fd6ff84-a058-46cb-bad8-193840ce15a7.
2022-01-11 23:55:09,435 [Command processor thread] INFO  server.RaftServer (RaftServerProxy.java:addNew(95)) - 2a1c9333-8641-498a-88f2-87bcecbe0d18: addNew group-9D82FB37D1D1:[2a1c9333-8641-498a-88f2-87bcecbe0d18|rpc:10.1.0.37:38177|priority:0, 757e1abf-caf6-4356-ad73-d786994982ad|rpc:10.1.0.37:41749|priority:0, 77c66afc-fa73-4d89-b59d-9adc22a556cf|rpc:10.1.0.37:40587|priority:1] returns group-9D82FB37D1D1:java.util.concurrent.CompletableFuture@6c8e66a4[Not completed]
2022-01-11 23:55:09,436 [pool-478-thread-1] INFO  server.RaftServer$Division (RaftServerImpl.java:<init>(184)) - 2a1c9333-8641-498a-88f2-87bcecbe0d18: new RaftServerImpl for group-9D82FB37D1D1:[2a1c9333-8641-498a-88f2-87bcecbe0d18|rpc:10.1.0.37:38177|priority:0, 757e1abf-caf6-4356-ad73-d786994982ad|rpc:10.1.0.37:41749|priority:0, 77c66afc-fa73-4d89-b59d-9adc22a556cf|rpc:10.1.0.37:40587|priority:1] with ContainerStateMachine:uninitialized
2022-01-11 23:55:09,436 [pool-478-thread-1] INFO  server.RaftServerConfigKeys (ConfUtils.java:logGet(44)) - raft.server.rpc.timeout.min = 5s (custom)
2022-01-11 23:55:09,436 [pool-478-thread-1] INFO  server.RaftServerConfigKeys (ConfUtils.java:logGet(44)) - raft.server.rpc.timeout.max = 5200ms (custom)
2022-01-11 23:55:09,436 [pool-478-thread-1] INFO  server.RaftServerConfigKeys (ConfUtils.java:logGet(44)) - raft.server.rpc.sleep.time = 25ms (default)
2022-01-11 23:55:09,436 [pool-478-thread-1] INFO  server.RaftServerConfigKeys (ConfUtils.java:logGet(44)) - raft.server.rpc.slowness.timeout = 300000ms (custom)
2022-01-11 23:55:09,436 [pool-478-thread-1] INFO  server.RaftServerConfigKeys (ConfUtils.java:logGet(44)) - raft.server.leaderelection.leader.step-down.wait-time = 10s (default)
2022-01-11 23:55:09,436 [pool-478-thread-1] INFO  server.RaftServerConfigKeys (ConfUtils.java:logGet(44)) - raft.server.sleep.deviation.threshold = 300ms (default)
2022-01-11 23:55:09,436 [pool-478-thread-1] INFO  server.RaftServerConfigKeys (ConfUtils.java:logGet(44)) - raft.server.log.appender.install.snapshot.enabled = false (custom)
2022-01-11 23:55:09,436 [pool-478-thread-1] INFO  server.RaftServer$Division (ServerState.java:<init>(105)) - 2a1c9333-8641-498a-88f2-87bcecbe0d18@group-9D82FB37D1D1: ConfigurationManager, init=-1: [2a1c9333-8641-498a-88f2-87bcecbe0d18|rpc:10.1.0.37:38177|priority:0, 757e1abf-caf6-4356-ad73-d786994982ad|rpc:10.1.0.37:41749|priority:0, 77c66afc-fa73-4d89-b59d-9adc22a556cf|rpc:10.1.0.37:40587|priority:1], old=null, confs=<EMPTY_MAP>
2022-01-11 23:55:09,436 [pool-478-thread-1] INFO  server.RaftServerConfigKeys (ConfUtils.java:logGet(44)) - raft.server.storage.dir = [/home/runner/work/ozone/ozone/hadoop-ozone/integration-test/target/test-dir/MiniOzoneClusterImpl-84b3519b-a2d3-47e7-8c84-34506f72c9f7/datanode-5/data/ratis] (custom)
2022-01-11 23:55:09,436 [pool-478-thread-1] INFO  server.RaftServerConfigKeys (ConfUtils.java:logGet(44)) - raft.server.log.corruption.policy = EXCEPTION (default)
2022-01-11 23:55:09,436 [pool-478-thread-1] INFO  server.RaftServerConfigKeys (ConfUtils.java:logGet(44)) - raft.server.storage.free-space.min = 0MB (=0) (default)
2022-01-11 23:55:09,437 [pool-478-thread-1] INFO  storage.RaftStorageDirectory (RaftStorageDirectoryImpl.java:analyzeStorage(135)) - The storage directory /home/runner/work/ozone/ozone/hadoop-ozone/integration-test/target/test-dir/MiniOzoneClusterImpl-84b3519b-a2d3-47e7-8c84-34506f72c9f7/datanode-5/data/ratis/596ae104-db7c-476c-b93c-9d82fb37d1d1 does not exist. Creating ...
2022-01-11 23:55:09,441 [pool-478-thread-1] INFO  storage.RaftStorageDirectory (RaftStorageDirectoryImpl.java:tryLock(230)) - Lock on /home/runner/work/ozone/ozone/hadoop-ozone/integration-test/target/test-dir/MiniOzoneClusterImpl-84b3519b-a2d3-47e7-8c84-34506f72c9f7/datanode-5/data/ratis/596ae104-db7c-476c-b93c-9d82fb37d1d1/in_use.lock acquired by nodename 350@fv-az59-280
2022-01-11 23:55:09,443 [pool-478-thread-1] INFO  storage.RaftStorage (RaftStorageImpl.java:format(89)) - Storage directory /home/runner/work/ozone/ozone/hadoop-ozone/integration-test/target/test-dir/MiniOzoneClusterImpl-84b3519b-a2d3-47e7-8c84-34506f72c9f7/datanode-5/data/ratis/596ae104-db7c-476c-b93c-9d82fb37d1d1 has been successfully formatted.
2022-01-11 23:55:09,446 [pool-478-thread-1] INFO  ratis.ContainerStateMachine (ContainerStateMachine.java:loadSnapshot(231)) - group-9D82FB37D1D1: The snapshot info is null. Setting the last applied indexto:(t:0, i:~)
2022-01-11 23:55:09,446 [pool-478-thread-1] INFO  server.RaftServerConfigKeys (ConfUtils.java:logGet(44)) - raft.server.notification.no-leader.timeout = 300000ms (custom)
2022-01-11 23:55:09,446 [pool-478-thread-1] INFO  server.RaftServerConfigKeys (ConfUtils.java:logGet(44)) - raft.server.log.use.memory = false (default)
2022-01-11 23:55:09,446 [pool-478-thread-1] INFO  server.RaftServerConfigKeys (ConfUtils.java:logGet(44)) - raft.server.log.purge.gap = 1000000 (custom)
2022-01-11 23:55:09,447 [pool-478-thread-1] INFO  server.RaftServerConfigKeys (ConfUtils.java:logGet(44)) - raft.server.log.appender.buffer.byte-limit = 33554432 (custom)
2022-01-11 23:55:09,447 [pool-478-thread-1] INFO  server.RaftServerConfigKeys (ConfUtils.java:logGet(44)) - raft.server.log.segment.size.max = 1048576 (custom)
2022-01-11 23:55:09,447 [pool-478-thread-1] INFO  server.RaftServerConfigKeys (ConfUtils.java:logGet(44)) - raft.server.log.segment.cache.num.max = 2 (custom)
2022-01-11 23:55:09,448 [pool-478-thread-1] INFO  server.RaftServerConfigKeys (ConfUtils.java:logGet(44)) - raft.server.log.segment.cache.size.max = 200MB (=209715200) (default)
2022-01-11 23:55:09,448 [pool-478-thread-1] INFO  segmented.SegmentedRaftLogWorker (SegmentedRaftLogWorker.java:<init>(182)) - new 2a1c9333-8641-498a-88f2-87bcecbe0d18@group-9D82FB37D1D1-SegmentedRaftLogWorker for RaftStorageImpl:Storage Directory /home/runner/work/ozone/ozone/hadoop-ozone/integration-test/target/test-dir/MiniOzoneClusterImpl-84b3519b-a2d3-47e7-8c84-34506f72c9f7/datanode-5/data/ratis/596ae104-db7c-476c-b93c-9d82fb37d1d1
2022-01-11 23:55:09,448 [pool-478-thread-1] INFO  server.RaftServerConfigKeys (ConfUtils.java:logGet(44)) - raft.server.log.queue.byte-limit = 2147483647 (custom)
2022-01-11 23:55:09,448 [pool-478-thread-1] INFO  server.RaftServerConfigKeys (ConfUtils.java:logGet(44)) - raft.server.log.queue.element-limit = 1024 (custom)
2022-01-11 23:55:09,448 [pool-478-thread-1] INFO  server.RaftServerConfigKeys (ConfUtils.java:logGet(44)) - raft.server.log.segment.size.max = 1048576 (custom)
2022-01-11 23:55:09,448 [pool-478-thread-1] INFO  server.RaftServerConfigKeys (ConfUtils.java:logGet(44)) - raft.server.log.preallocated.size = 16384 (custom)
2022-01-11 23:55:09,448 [pool-478-thread-1] INFO  server.RaftServerConfigKeys (ConfUtils.java:logGet(44)) - raft.server.log.force.sync.num = 128 (default)
2022-01-11 23:55:09,448 [pool-478-thread-1] INFO  server.RaftServerConfigKeys (ConfUtils.java:logGet(44)) - raft.server.log.statemachine.data.sync = true (default)
2022-01-11 23:55:09,448 [pool-478-thread-1] INFO  server.RaftServerConfigKeys (ConfUtils.java:logGet(44)) - raft.server.log.statemachine.data.sync.timeout = 10s (default)
2022-01-11 23:55:09,448 [pool-478-thread-1] INFO  server.RaftServerConfigKeys (ConfUtils.java:logGet(44)) - raft.server.log.statemachine.data.sync.timeout.retry = -1 (default)
2022-01-11 23:55:09,449 [pool-478-thread-1] INFO  server.RaftServerConfigKeys (ConfUtils.java:logGet(44)) - raft.server.log.write.buffer.size = 1048576 (custom)
2022-01-11 23:55:09,449 [pool-478-thread-1] INFO  server.RaftServerConfigKeys (ConfUtils.java:logGet(44)) - raft.server.log.statemachine.data.caching.enabled = true (custom)
2022-01-11 23:55:09,450 [pool-478-thread-1] INFO  segmented.SegmentedRaftLogWorker (SegmentedRaftLogWorker.java:lambda$new$0(133)) - 2a1c9333-8641-498a-88f2-87bcecbe0d18@group-9D82FB37D1D1-SegmentedRaftLogWorker: flushIndex: setUnconditionally 0 -> -1
2022-01-11 23:55:09,450 [pool-478-thread-1] INFO  segmented.SegmentedRaftLogWorker (SegmentedRaftLogWorker.java:lambda$new$0(133)) - 2a1c9333-8641-498a-88f2-87bcecbe0d18@group-9D82FB37D1D1-SegmentedRaftLogWorker: safeCacheEvictIndex: setUnconditionally 0 -> -1
2022-01-11 23:55:09,450 [pool-478-thread-1] INFO  server.RaftServerConfigKeys (ConfUtils.java:logGet(44)) - raft.server.snapshot.auto.trigger.enabled = true (custom)
2022-01-11 23:55:09,450 [pool-478-thread-1] INFO  server.RaftServerConfigKeys (ConfUtils.java:logGet(44)) - raft.server.snapshot.auto.trigger.threshold = 10000 (custom)
2022-01-11 23:55:09,450 [pool-478-thread-1] INFO  server.RaftServerConfigKeys (ConfUtils.java:logGet(44)) - raft.server.snapshot.retention.file.num = 5 (custom)
2022-01-11 23:55:09,450 [pool-478-thread-1] INFO  server.RaftServerConfigKeys (ConfUtils.java:logGet(44)) - raft.server.log.purge.upto.snapshot.index = false (default)
2022-01-11 23:55:09,450 [pool-478-thread-1] INFO  server.RaftServerConfigKeys (ConfUtils.java:logGet(44)) - raft.server.retrycache.expirytime = 600000ms (custom)
2022-01-11 23:55:09,450 [pool-478-thread-1] INFO  server.RaftServerConfigKeys (ConfUtils.java:logGet(44)) - raft.server.retrycache.statistics.expirytime = 100μs (default)
2022-01-11 23:55:09,451 [pool-478-thread-1] INFO  server.RaftServer$Division (RaftServerImpl.java:start(301)) - 2a1c9333-8641-498a-88f2-87bcecbe0d18@group-9D82FB37D1D1: start as a follower, conf=-1: [2a1c9333-8641-498a-88f2-87bcecbe0d18|rpc:10.1.0.37:38177|priority:0, 757e1abf-caf6-4356-ad73-d786994982ad|rpc:10.1.0.37:41749|priority:0, 77c66afc-fa73-4d89-b59d-9adc22a556cf|rpc:10.1.0.37:40587|priority:1], old=null
2022-01-11 23:55:09,453 [pool-478-thread-1] INFO  server.RaftServer$Division (RaftServerImpl.java:setRole(290)) - 2a1c9333-8641-498a-88f2-87bcecbe0d18@group-9D82FB37D1D1: changes role from      null to FOLLOWER at term 0 for startAsFollower
2022-01-11 23:55:09,453 [pool-478-thread-1] INFO  impl.RoleInfo (RoleInfo.java:updateAndGet(130)) - 2a1c9333-8641-498a-88f2-87bcecbe0d18: start 2a1c9333-8641-498a-88f2-87bcecbe0d18@group-9D82FB37D1D1-FollowerState
2022-01-11 23:55:09,454 [pool-478-thread-1] INFO  util.JmxRegister (JmxRegister.java:tryRegister(44)) - Successfully registered JMX Bean with object name Ratis:service=RaftServer,group=group-9D82FB37D1D1,id=2a1c9333-8641-498a-88f2-87bcecbe0d18
2022-01-11 23:55:09,457 [Command processor thread] INFO  ratis.XceiverServerRatis (XceiverServerRatis.java:addGroup(768)) - Created group PipelineID=596ae104-db7c-476c-b93c-9d82fb37d1d1
2022-01-11 23:55:09,484 [grpc-default-executor-3] INFO  server.RaftServer (RaftServerProxy.java:addNew(95)) - 757e1abf-caf6-4356-ad73-d786994982ad: addNew group-9D82FB37D1D1:[2a1c9333-8641-498a-88f2-87bcecbe0d18|rpc:10.1.0.37:38177|dataStream:|priority:0, 757e1abf-caf6-4356-ad73-d786994982ad|rpc:10.1.0.37:41749|dataStream:|priority:0, 77c66afc-fa73-4d89-b59d-9adc22a556cf|rpc:10.1.0.37:40587|dataStream:|priority:1] returns group-9D82FB37D1D1:java.util.concurrent.CompletableFuture@781e4e33[Not completed]
2022-01-11 23:55:09,484 [pool-376-thread-1] INFO  server.RaftServer$Division (RaftServerImpl.java:<init>(184)) - 757e1abf-caf6-4356-ad73-d786994982ad: new RaftServerImpl for group-9D82FB37D1D1:[2a1c9333-8641-498a-88f2-87bcecbe0d18|rpc:10.1.0.37:38177|dataStream:|priority:0, 757e1abf-caf6-4356-ad73-d786994982ad|rpc:10.1.0.37:41749|dataStream:|priority:0, 77c66afc-fa73-4d89-b59d-9adc22a556cf|rpc:10.1.0.37:40587|dataStream:|priority:1] with ContainerStateMachine:uninitialized
2022-01-11 23:55:09,484 [pool-376-thread-1] INFO  server.RaftServerConfigKeys (ConfUtils.java:logGet(44)) - raft.server.rpc.timeout.min = 5s (custom)
2022-01-11 23:55:09,485 [pool-376-thread-1] INFO  server.RaftServerConfigKeys (ConfUtils.java:logGet(44)) - raft.server.rpc.timeout.max = 5200ms (custom)
2022-01-11 23:55:09,485 [pool-376-thread-1] INFO  server.RaftServerConfigKeys (ConfUtils.java:logGet(44)) - raft.server.rpc.sleep.time = 25ms (default)
2022-01-11 23:55:09,485 [pool-376-thread-1] INFO  server.RaftServerConfigKeys (ConfUtils.java:logGet(44)) - raft.server.rpc.slowness.timeout = 300000ms (custom)
2022-01-11 23:55:09,485 [pool-376-thread-1] INFO  server.RaftServerConfigKeys (ConfUtils.java:logGet(44)) - raft.server.leaderelection.leader.step-down.wait-time = 10s (default)
2022-01-11 23:55:09,485 [pool-376-thread-1] INFO  server.RaftServerConfigKeys (ConfUtils.java:logGet(44)) - raft.server.sleep.deviation.threshold = 300ms (default)
2022-01-11 23:55:09,485 [pool-376-thread-1] INFO  server.RaftServerConfigKeys (ConfUtils.java:logGet(44)) - raft.server.log.appender.install.snapshot.enabled = false (custom)
2022-01-11 23:55:09,485 [pool-376-thread-1] INFO  server.RaftServer$Division (ServerState.java:<init>(105)) - 757e1abf-caf6-4356-ad73-d786994982ad@group-9D82FB37D1D1: ConfigurationManager, init=-1: [2a1c9333-8641-498a-88f2-87bcecbe0d18|rpc:10.1.0.37:38177|dataStream:|priority:0, 757e1abf-caf6-4356-ad73-d786994982ad|rpc:10.1.0.37:41749|dataStream:|priority:0, 77c66afc-fa73-4d89-b59d-9adc22a556cf|rpc:10.1.0.37:40587|dataStream:|priority:1], old=null, confs=<EMPTY_MAP>
2022-01-11 23:55:09,485 [pool-376-thread-1] INFO  server.RaftServerConfigKeys (ConfUtils.java:logGet(44)) - raft.server.storage.dir = [/home/runner/work/ozone/ozone/hadoop-ozone/integration-test/target/test-dir/MiniOzoneClusterImpl-84b3519b-a2d3-47e7-8c84-34506f72c9f7/datanode-4/data/ratis] (custom)
2022-01-11 23:55:09,485 [pool-376-thread-1] INFO  server.RaftServerConfigKeys (ConfUtils.java:logGet(44)) - raft.server.log.corruption.policy = EXCEPTION (default)
2022-01-11 23:55:09,485 [pool-376-thread-1] INFO  server.RaftServerConfigKeys (ConfUtils.java:logGet(44)) - raft.server.storage.free-space.min = 0MB (=0) (default)
2022-01-11 23:55:09,485 [pool-376-thread-1] INFO  storage.RaftStorageDirectory (RaftStorageDirectoryImpl.java:analyzeStorage(135)) - The storage directory /home/runner/work/ozone/ozone/hadoop-ozone/integration-test/target/test-dir/MiniOzoneClusterImpl-84b3519b-a2d3-47e7-8c84-34506f72c9f7/datanode-4/data/ratis/596ae104-db7c-476c-b93c-9d82fb37d1d1 does not exist. Creating ...
2022-01-11 23:55:09,486 [pool-376-thread-1] INFO  storage.RaftStorageDirectory (RaftStorageDirectoryImpl.java:tryLock(230)) - Lock on /home/runner/work/ozone/ozone/hadoop-ozone/integration-test/target/test-dir/MiniOzoneClusterImpl-84b3519b-a2d3-47e7-8c84-34506f72c9f7/datanode-4/data/ratis/596ae104-db7c-476c-b93c-9d82fb37d1d1/in_use.lock acquired by nodename 350@fv-az59-280
2022-01-11 23:55:09,487 [pool-376-thread-1] INFO  storage.RaftStorage (RaftStorageImpl.java:format(89)) - Storage directory /home/runner/work/ozone/ozone/hadoop-ozone/integration-test/target/test-dir/MiniOzoneClusterImpl-84b3519b-a2d3-47e7-8c84-34506f72c9f7/datanode-4/data/ratis/596ae104-db7c-476c-b93c-9d82fb37d1d1 has been successfully formatted.
2022-01-11 23:55:09,488 [pool-376-thread-1] INFO  ratis.ContainerStateMachine (ContainerStateMachine.java:loadSnapshot(231)) - group-9D82FB37D1D1: The snapshot info is null. Setting the last applied indexto:(t:0, i:~)
2022-01-11 23:55:09,488 [pool-376-thread-1] INFO  server.RaftServerConfigKeys (ConfUtils.java:logGet(44)) - raft.server.notification.no-leader.timeout = 300000ms (custom)
2022-01-11 23:55:09,488 [pool-376-thread-1] INFO  server.RaftServerConfigKeys (ConfUtils.java:logGet(44)) - raft.server.log.use.memory = false (default)
2022-01-11 23:55:09,488 [pool-376-thread-1] INFO  server.RaftServerConfigKeys (ConfUtils.java:logGet(44)) - raft.server.log.purge.gap = 1000000 (custom)
2022-01-11 23:55:09,488 [pool-376-thread-1] INFO  server.RaftServerConfigKeys (ConfUtils.java:logGet(44)) - raft.server.log.appender.buffer.byte-limit = 33554432 (custom)
2022-01-11 23:55:09,488 [pool-376-thread-1] INFO  server.RaftServerConfigKeys (ConfUtils.java:logGet(44)) - raft.server.log.segment.size.max = 1048576 (custom)
2022-01-11 23:55:09,488 [pool-376-thread-1] INFO  server.RaftServerConfigKeys (ConfUtils.java:logGet(44)) - raft.server.log.segment.cache.num.max = 2 (custom)
2022-01-11 23:55:09,488 [pool-376-thread-1] INFO  server.RaftServerConfigKeys (ConfUtils.java:logGet(44)) - raft.server.log.segment.cache.size.max = 200MB (=209715200) (default)
2022-01-11 23:55:09,488 [pool-376-thread-1] INFO  segmented.SegmentedRaftLogWorker (SegmentedRaftLogWorker.java:<init>(182)) - new 757e1abf-caf6-4356-ad73-d786994982ad@group-9D82FB37D1D1-SegmentedRaftLogWorker for RaftStorageImpl:Storage Directory /home/runner/work/ozone/ozone/hadoop-ozone/integration-test/target/test-dir/MiniOzoneClusterImpl-84b3519b-a2d3-47e7-8c84-34506f72c9f7/datanode-4/data/ratis/596ae104-db7c-476c-b93c-9d82fb37d1d1
2022-01-11 23:55:09,489 [pool-376-thread-1] INFO  server.RaftServerConfigKeys (ConfUtils.java:logGet(44)) - raft.server.log.queue.byte-limit = 2147483647 (custom)
2022-01-11 23:55:09,489 [pool-376-thread-1] INFO  server.RaftServerConfigKeys (ConfUtils.java:logGet(44)) - raft.server.log.queue.element-limit = 1024 (custom)
2022-01-11 23:55:09,489 [pool-376-thread-1] INFO  server.RaftServerConfigKeys (ConfUtils.java:logGet(44)) - raft.server.log.segment.size.max = 1048576 (custom)
2022-01-11 23:55:09,489 [pool-376-thread-1] INFO  server.RaftServerConfigKeys (ConfUtils.java:logGet(44)) - raft.server.log.preallocated.size = 16384 (custom)
2022-01-11 23:55:09,489 [pool-376-thread-1] INFO  server.RaftServerConfigKeys (ConfUtils.java:logGet(44)) - raft.server.log.force.sync.num = 128 (default)
2022-01-11 23:55:09,489 [pool-376-thread-1] INFO  server.RaftServerConfigKeys (ConfUtils.java:logGet(44)) - raft.server.log.statemachine.data.sync = true (default)
2022-01-11 23:55:09,489 [pool-376-thread-1] INFO  server.RaftServerConfigKeys (ConfUtils.java:logGet(44)) - raft.server.log.statemachine.data.sync.timeout = 10s (default)
2022-01-11 23:55:09,489 [pool-376-thread-1] INFO  server.RaftServerConfigKeys (ConfUtils.java:logGet(44)) - raft.server.log.statemachine.data.sync.timeout.retry = -1 (default)
2022-01-11 23:55:09,490 [pool-376-thread-1] INFO  server.RaftServerConfigKeys (ConfUtils.java:logGet(44)) - raft.server.log.write.buffer.size = 1048576 (custom)
2022-01-11 23:55:09,490 [pool-376-thread-1] INFO  server.RaftServerConfigKeys (ConfUtils.java:logGet(44)) - raft.server.log.statemachine.data.caching.enabled = true (custom)
2022-01-11 23:55:09,490 [pool-376-thread-1] INFO  segmented.SegmentedRaftLogWorker (SegmentedRaftLogWorker.java:lambda$new$0(133)) - 757e1abf-caf6-4356-ad73-d786994982ad@group-9D82FB37D1D1-SegmentedRaftLogWorker: flushIndex: setUnconditionally 0 -> -1
2022-01-11 23:55:09,490 [pool-376-thread-1] INFO  segmented.SegmentedRaftLogWorker (SegmentedRaftLogWorker.java:lambda$new$0(133)) - 757e1abf-caf6-4356-ad73-d786994982ad@group-9D82FB37D1D1-SegmentedRaftLogWorker: safeCacheEvictIndex: setUnconditionally 0 -> -1
2022-01-11 23:55:09,503 [pool-376-thread-1] INFO  server.RaftServerConfigKeys (ConfUtils.java:logGet(44)) - raft.server.snapshot.auto.trigger.enabled = true (custom)
2022-01-11 23:55:09,503 [pool-376-thread-1] INFO  server.RaftServerConfigKeys (ConfUtils.java:logGet(44)) - raft.server.snapshot.auto.trigger.threshold = 10000 (custom)
2022-01-11 23:55:09,503 [pool-376-thread-1] INFO  server.RaftServerConfigKeys (ConfUtils.java:logGet(44)) - raft.server.snapshot.retention.file.num = 5 (custom)
2022-01-11 23:55:09,503 [pool-376-thread-1] INFO  server.RaftServerConfigKeys (ConfUtils.java:logGet(44)) - raft.server.log.purge.upto.snapshot.index = false (default)
2022-01-11 23:55:09,530 [pool-376-thread-1] INFO  server.RaftServerConfigKeys (ConfUtils.java:logGet(44)) - raft.server.retrycache.expirytime = 600000ms (custom)
2022-01-11 23:55:09,531 [pool-376-thread-1] INFO  server.RaftServerConfigKeys (ConfUtils.java:logGet(44)) - raft.server.retrycache.statistics.expirytime = 100μs (default)
2022-01-11 23:55:09,532 [pool-376-thread-1] INFO  server.RaftServer$Division (RaftServerImpl.java:start(301)) - 757e1abf-caf6-4356-ad73-d786994982ad@group-9D82FB37D1D1: start as a follower, conf=-1: [2a1c9333-8641-498a-88f2-87bcecbe0d18|rpc:10.1.0.37:38177|dataStream:|priority:0, 757e1abf-caf6-4356-ad73-d786994982ad|rpc:10.1.0.37:41749|dataStream:|priority:0, 77c66afc-fa73-4d89-b59d-9adc22a556cf|rpc:10.1.0.37:40587|dataStream:|priority:1], old=null
2022-01-11 23:55:09,532 [pool-376-thread-1] INFO  server.RaftServer$Division (RaftServerImpl.java:setRole(290)) - 757e1abf-caf6-4356-ad73-d786994982ad@group-9D82FB37D1D1: changes role from      null to FOLLOWER at term 0 for startAsFollower
2022-01-11 23:55:09,532 [pool-376-thread-1] INFO  impl.RoleInfo (RoleInfo.java:updateAndGet(130)) - 757e1abf-caf6-4356-ad73-d786994982ad: start 757e1abf-caf6-4356-ad73-d786994982ad@group-9D82FB37D1D1-FollowerState
2022-01-11 23:55:09,538 [pool-376-thread-1] INFO  util.JmxRegister (JmxRegister.java:tryRegister(44)) - Successfully registered JMX Bean with object name Ratis:service=RaftServer,group=group-9D82FB37D1D1,id=757e1abf-caf6-4356-ad73-d786994982ad
2022-01-11 23:55:09,625 [grpc-default-executor-1] INFO  server.RaftServer (RaftServerProxy.java:addNew(95)) - 77c66afc-fa73-4d89-b59d-9adc22a556cf: addNew group-9D82FB37D1D1:[2a1c9333-8641-498a-88f2-87bcecbe0d18|rpc:10.1.0.37:38177|dataStream:|priority:0, 757e1abf-caf6-4356-ad73-d786994982ad|rpc:10.1.0.37:41749|dataStream:|priority:0, 77c66afc-fa73-4d89-b59d-9adc22a556cf|rpc:10.1.0.37:40587|dataStream:|priority:1] returns group-9D82FB37D1D1:java.util.concurrent.CompletableFuture@196ac311[Not completed]
2022-01-11 23:55:09,626 [pool-355-thread-1] INFO  server.RaftServer$Division (RaftServerImpl.java:<init>(184)) - 77c66afc-fa73-4d89-b59d-9adc22a556cf: new RaftServerImpl for group-9D82FB37D1D1:[2a1c9333-8641-498a-88f2-87bcecbe0d18|rpc:10.1.0.37:38177|dataStream:|priority:0, 757e1abf-caf6-4356-ad73-d786994982ad|rpc:10.1.0.37:41749|dataStream:|priority:0, 77c66afc-fa73-4d89-b59d-9adc22a556cf|rpc:10.1.0.37:40587|dataStream:|priority:1] with ContainerStateMachine:uninitialized
2022-01-11 23:55:09,626 [pool-355-thread-1] INFO  server.RaftServerConfigKeys (ConfUtils.java:logGet(44)) - raft.server.rpc.timeout.min = 5s (custom)
2022-01-11 23:55:09,626 [pool-355-thread-1] INFO  server.RaftServerConfigKeys (ConfUtils.java:logGet(44)) - raft.server.rpc.timeout.max = 5200ms (custom)
2022-01-11 23:55:09,626 [pool-355-thread-1] INFO  server.RaftServerConfigKeys (ConfUtils.java:logGet(44)) - raft.server.rpc.sleep.time = 25ms (default)
2022-01-11 23:55:09,626 [pool-355-thread-1] INFO  server.RaftServerConfigKeys (ConfUtils.java:logGet(44)) - raft.server.rpc.slowness.timeout = 300000ms (custom)
2022-01-11 23:55:09,626 [pool-355-thread-1] INFO  server.RaftServerConfigKeys (ConfUtils.java:logGet(44)) - raft.server.leaderelection.leader.step-down.wait-time = 10s (default)
2022-01-11 23:55:09,626 [pool-355-thread-1] INFO  server.RaftServerConfigKeys (ConfUtils.java:logGet(44)) - raft.server.sleep.deviation.threshold = 300ms (default)
2022-01-11 23:55:09,626 [pool-355-thread-1] INFO  server.RaftServerConfigKeys (ConfUtils.java:logGet(44)) - raft.server.log.appender.install.snapshot.enabled = false (custom)
2022-01-11 23:55:09,626 [pool-355-thread-1] INFO  server.RaftServer$Division (ServerState.java:<init>(105)) - 77c66afc-fa73-4d89-b59d-9adc22a556cf@group-9D82FB37D1D1: ConfigurationManager, init=-1: [2a1c9333-8641-498a-88f2-87bcecbe0d18|rpc:10.1.0.37:38177|dataStream:|priority:0, 757e1abf-caf6-4356-ad73-d786994982ad|rpc:10.1.0.37:41749|dataStream:|priority:0, 77c66afc-fa73-4d89-b59d-9adc22a556cf|rpc:10.1.0.37:40587|dataStream:|priority:1], old=null, confs=<EMPTY_MAP>
2022-01-11 23:55:09,626 [pool-355-thread-1] INFO  server.RaftServerConfigKeys (ConfUtils.java:logGet(44)) - raft.server.storage.dir = [/home/runner/work/ozone/ozone/hadoop-ozone/integration-test/target/test-dir/MiniOzoneClusterImpl-84b3519b-a2d3-47e7-8c84-34506f72c9f7/datanode-3/data/ratis] (custom)
2022-01-11 23:55:09,626 [pool-355-thread-1] INFO  server.RaftServerConfigKeys (ConfUtils.java:logGet(44)) - raft.server.log.corruption.policy = EXCEPTION (default)
2022-01-11 23:55:09,627 [pool-355-thread-1] INFO  server.RaftServerConfigKeys (ConfUtils.java:logGet(44)) - raft.server.storage.free-space.min = 0MB (=0) (default)
2022-01-11 23:55:09,627 [pool-355-thread-1] INFO  storage.RaftStorageDirectory (RaftStorageDirectoryImpl.java:analyzeStorage(135)) - The storage directory /home/runner/work/ozone/ozone/hadoop-ozone/integration-test/target/test-dir/MiniOzoneClusterImpl-84b3519b-a2d3-47e7-8c84-34506f72c9f7/datanode-3/data/ratis/596ae104-db7c-476c-b93c-9d82fb37d1d1 does not exist. Creating ...
2022-01-11 23:55:09,628 [pool-355-thread-1] INFO  storage.RaftStorageDirectory (RaftStorageDirectoryImpl.java:tryLock(230)) - Lock on /home/runner/work/ozone/ozone/hadoop-ozone/integration-test/target/test-dir/MiniOzoneClusterImpl-84b3519b-a2d3-47e7-8c84-34506f72c9f7/datanode-3/data/ratis/596ae104-db7c-476c-b93c-9d82fb37d1d1/in_use.lock acquired by nodename 350@fv-az59-280
2022-01-11 23:55:09,629 [pool-355-thread-1] INFO  storage.RaftStorage (RaftStorageImpl.java:format(89)) - Storage directory /home/runner/work/ozone/ozone/hadoop-ozone/integration-test/target/test-dir/MiniOzoneClusterImpl-84b3519b-a2d3-47e7-8c84-34506f72c9f7/datanode-3/data/ratis/596ae104-db7c-476c-b93c-9d82fb37d1d1 has been successfully formatted.
2022-01-11 23:55:09,630 [pool-355-thread-1] INFO  ratis.ContainerStateMachine (ContainerStateMachine.java:loadSnapshot(231)) - group-9D82FB37D1D1: The snapshot info is null. Setting the last applied indexto:(t:0, i:~)
2022-01-11 23:55:09,630 [pool-355-thread-1] INFO  server.RaftServerConfigKeys (ConfUtils.java:logGet(44)) - raft.server.notification.no-leader.timeout = 300000ms (custom)
2022-01-11 23:55:09,630 [pool-355-thread-1] INFO  server.RaftServerConfigKeys (ConfUtils.java:logGet(44)) - raft.server.log.use.memory = false (default)
2022-01-11 23:55:09,630 [pool-355-thread-1] INFO  server.RaftServerConfigKeys (ConfUtils.java:logGet(44)) - raft.server.log.purge.gap = 1000000 (custom)
2022-01-11 23:55:09,630 [pool-355-thread-1] INFO  server.RaftServerConfigKeys (ConfUtils.java:logGet(44)) - raft.server.log.appender.buffer.byte-limit = 33554432 (custom)
2022-01-11 23:55:09,637 [pool-355-thread-1] INFO  server.RaftServerConfigKeys (ConfUtils.java:logGet(44)) - raft.server.log.segment.size.max = 1048576 (custom)
2022-01-11 23:55:09,638 [pool-355-thread-1] INFO  server.RaftServerConfigKeys (ConfUtils.java:logGet(44)) - raft.server.log.segment.cache.num.max = 2 (custom)
2022-01-11 23:55:09,638 [pool-355-thread-1] INFO  server.RaftServerConfigKeys (ConfUtils.java:logGet(44)) - raft.server.log.segment.cache.size.max = 200MB (=209715200) (default)
2022-01-11 23:55:09,638 [pool-355-thread-1] INFO  segmented.SegmentedRaftLogWorker (SegmentedRaftLogWorker.java:<init>(182)) - new 77c66afc-fa73-4d89-b59d-9adc22a556cf@group-9D82FB37D1D1-SegmentedRaftLogWorker for RaftStorageImpl:Storage Directory /home/runner/work/ozone/ozone/hadoop-ozone/integration-test/target/test-dir/MiniOzoneClusterImpl-84b3519b-a2d3-47e7-8c84-34506f72c9f7/datanode-3/data/ratis/596ae104-db7c-476c-b93c-9d82fb37d1d1
2022-01-11 23:55:09,638 [pool-355-thread-1] INFO  server.RaftServerConfigKeys (ConfUtils.java:logGet(44)) - raft.server.log.queue.byte-limit = 2147483647 (custom)
2022-01-11 23:55:09,638 [pool-355-thread-1] INFO  server.RaftServerConfigKeys (ConfUtils.java:logGet(44)) - raft.server.log.queue.element-limit = 1024 (custom)
2022-01-11 23:55:09,638 [pool-355-thread-1] INFO  server.RaftServerConfigKeys (ConfUtils.java:logGet(44)) - raft.server.log.segment.size.max = 1048576 (custom)
2022-01-11 23:55:09,638 [pool-355-thread-1] INFO  server.RaftServerConfigKeys (ConfUtils.java:logGet(44)) - raft.server.log.preallocated.size = 16384 (custom)
2022-01-11 23:55:09,639 [pool-355-thread-1] INFO  server.RaftServerConfigKeys (ConfUtils.java:logGet(44)) - raft.server.log.force.sync.num = 128 (default)
2022-01-11 23:55:09,639 [pool-355-thread-1] INFO  server.RaftServerConfigKeys (ConfUtils.java:logGet(44)) - raft.server.log.statemachine.data.sync = true (default)
2022-01-11 23:55:09,639 [pool-355-thread-1] INFO  server.RaftServerConfigKeys (ConfUtils.java:logGet(44)) - raft.server.log.statemachine.data.sync.timeout = 10s (default)
2022-01-11 23:55:09,639 [pool-355-thread-1] INFO  server.RaftServerConfigKeys (ConfUtils.java:logGet(44)) - raft.server.log.statemachine.data.sync.timeout.retry = -1 (default)
2022-01-11 23:55:09,639 [pool-355-thread-1] INFO  server.RaftServerConfigKeys (ConfUtils.java:logGet(44)) - raft.server.log.write.buffer.size = 1048576 (custom)
2022-01-11 23:55:09,640 [pool-355-thread-1] INFO  server.RaftServerConfigKeys (ConfUtils.java:logGet(44)) - raft.server.log.statemachine.data.caching.enabled = true (custom)
2022-01-11 23:55:09,640 [pool-355-thread-1] INFO  segmented.SegmentedRaftLogWorker (SegmentedRaftLogWorker.java:lambda$new$0(133)) - 77c66afc-fa73-4d89-b59d-9adc22a556cf@group-9D82FB37D1D1-SegmentedRaftLogWorker: flushIndex: setUnconditionally 0 -> -1
2022-01-11 23:55:09,640 [pool-355-thread-1] INFO  segmented.SegmentedRaftLogWorker (SegmentedRaftLogWorker.java:lambda$new$0(133)) - 77c66afc-fa73-4d89-b59d-9adc22a556cf@group-9D82FB37D1D1-SegmentedRaftLogWorker: safeCacheEvictIndex: setUnconditionally 0 -> -1
2022-01-11 23:55:09,662 [pool-355-thread-1] INFO  server.RaftServerConfigKeys (ConfUtils.java:logGet(44)) - raft.server.snapshot.auto.trigger.enabled = true (custom)
2022-01-11 23:55:09,663 [pool-355-thread-1] INFO  server.RaftServerConfigKeys (ConfUtils.java:logGet(44)) - raft.server.snapshot.auto.trigger.threshold = 10000 (custom)
2022-01-11 23:55:09,663 [pool-355-thread-1] INFO  server.RaftServerConfigKeys (ConfUtils.java:logGet(44)) - raft.server.snapshot.retention.file.num = 5 (custom)
2022-01-11 23:55:09,663 [pool-355-thread-1] INFO  server.RaftServerConfigKeys (ConfUtils.java:logGet(44)) - raft.server.log.purge.upto.snapshot.index = false (default)
2022-01-11 23:55:09,663 [pool-355-thread-1] INFO  server.RaftServerConfigKeys (ConfUtils.java:logGet(44)) - raft.server.retrycache.expirytime = 600000ms (custom)
2022-01-11 23:55:09,663 [pool-355-thread-1] INFO  server.RaftServerConfigKeys (ConfUtils.java:logGet(44)) - raft.server.retrycache.statistics.expirytime = 100μs (default)
2022-01-11 23:55:09,664 [pool-355-thread-1] INFO  server.RaftServer$Division (RaftServerImpl.java:start(301)) - 77c66afc-fa73-4d89-b59d-9adc22a556cf@group-9D82FB37D1D1: start as a follower, conf=-1: [2a1c9333-8641-498a-88f2-87bcecbe0d18|rpc:10.1.0.37:38177|dataStream:|priority:0, 757e1abf-caf6-4356-ad73-d786994982ad|rpc:10.1.0.37:41749|dataStream:|priority:0, 77c66afc-fa73-4d89-b59d-9adc22a556cf|rpc:10.1.0.37:40587|dataStream:|priority:1], old=null
2022-01-11 23:55:09,664 [pool-355-thread-1] INFO  server.RaftServer$Division (RaftServerImpl.java:setRole(290)) - 77c66afc-fa73-4d89-b59d-9adc22a556cf@group-9D82FB37D1D1: changes role from      null to FOLLOWER at term 0 for startAsFollower
2022-01-11 23:55:09,664 [pool-355-thread-1] INFO  impl.RoleInfo (RoleInfo.java:updateAndGet(130)) - 77c66afc-fa73-4d89-b59d-9adc22a556cf: start 77c66afc-fa73-4d89-b59d-9adc22a556cf@group-9D82FB37D1D1-FollowerState
2022-01-11 23:55:09,680 [pool-355-thread-1] INFO  util.JmxRegister (JmxRegister.java:tryRegister(44)) - Successfully registered JMX Bean with object name Ratis:service=RaftServer,group=group-9D82FB37D1D1,id=77c66afc-fa73-4d89-b59d-9adc22a556cf
2022-01-11 23:55:09,731 [Command processor thread] INFO  commandhandler.CreatePipelineCommandHandler (CreatePipelineCommandHandler.java:handle(106)) - Created Pipeline RATIS THREE PipelineID=596ae104-db7c-476c-b93c-9d82fb37d1d1.
2022-01-11 23:55:09,731 [Command processor thread] INFO  server.RaftServer (RaftServerProxy.java:addNew(95)) - 2a1c9333-8641-498a-88f2-87bcecbe0d18: addNew group-1E23594CE36A:[2a1c9333-8641-498a-88f2-87bcecbe0d18|rpc:10.1.0.37:38177|priority:0, 6b666312-5236-4d63-85d6-3705eb3fb30b|rpc:10.1.0.37:38271|priority:1, 757e1abf-caf6-4356-ad73-d786994982ad|rpc:10.1.0.37:41749|priority:0] returns group-1E23594CE36A:java.util.concurrent.CompletableFuture@b64c31b[Not completed]
2022-01-11 23:55:09,732 [pool-478-thread-1] INFO  server.RaftServer$Division (RaftServerImpl.java:<init>(184)) - 2a1c9333-8641-498a-88f2-87bcecbe0d18: new RaftServerImpl for group-1E23594CE36A:[2a1c9333-8641-498a-88f2-87bcecbe0d18|rpc:10.1.0.37:38177|priority:0, 6b666312-5236-4d63-85d6-3705eb3fb30b|rpc:10.1.0.37:38271|priority:1, 757e1abf-caf6-4356-ad73-d786994982ad|rpc:10.1.0.37:41749|priority:0] with ContainerStateMachine:uninitialized
2022-01-11 23:55:09,732 [pool-478-thread-1] INFO  server.RaftServerConfigKeys (ConfUtils.java:logGet(44)) - raft.server.rpc.timeout.min = 5s (custom)
2022-01-11 23:55:09,732 [pool-478-thread-1] INFO  server.RaftServerConfigKeys (ConfUtils.java:logGet(44)) - raft.server.rpc.timeout.max = 5200ms (custom)
2022-01-11 23:55:09,732 [pool-478-thread-1] INFO  server.RaftServerConfigKeys (ConfUtils.java:logGet(44)) - raft.server.rpc.sleep.time = 25ms (default)
2022-01-11 23:55:09,732 [pool-478-thread-1] INFO  server.RaftServerConfigKeys (ConfUtils.java:logGet(44)) - raft.server.rpc.slowness.timeout = 300000ms (custom)
2022-01-11 23:55:09,732 [pool-478-thread-1] INFO  server.RaftServerConfigKeys (ConfUtils.java:logGet(44)) - raft.server.leaderelection.leader.step-down.wait-time = 10s (default)
2022-01-11 23:55:09,733 [pool-478-thread-1] INFO  server.RaftServerConfigKeys (ConfUtils.java:logGet(44)) - raft.server.sleep.deviation.threshold = 300ms (default)
2022-01-11 23:55:09,733 [pool-478-thread-1] INFO  server.RaftServerConfigKeys (ConfUtils.java:logGet(44)) - raft.server.log.appender.install.snapshot.enabled = false (custom)
2022-01-11 23:55:09,733 [pool-478-thread-1] INFO  server.RaftServer$Division (ServerState.java:<init>(105)) - 2a1c9333-8641-498a-88f2-87bcecbe0d18@group-1E23594CE36A: ConfigurationManager, init=-1: [2a1c9333-8641-498a-88f2-87bcecbe0d18|rpc:10.1.0.37:38177|priority:0, 6b666312-5236-4d63-85d6-3705eb3fb30b|rpc:10.1.0.37:38271|priority:1, 757e1abf-caf6-4356-ad73-d786994982ad|rpc:10.1.0.37:41749|priority:0], old=null, confs=<EMPTY_MAP>
2022-01-11 23:55:09,733 [pool-478-thread-1] INFO  server.RaftServerConfigKeys (ConfUtils.java:logGet(44)) - raft.server.storage.dir = [/home/runner/work/ozone/ozone/hadoop-ozone/integration-test/target/test-dir/MiniOzoneClusterImpl-84b3519b-a2d3-47e7-8c84-34506f72c9f7/datanode-5/data/ratis] (custom)
2022-01-11 23:55:09,733 [pool-478-thread-1] INFO  server.RaftServerConfigKeys (ConfUtils.java:logGet(44)) - raft.server.log.corruption.policy = EXCEPTION (default)
2022-01-11 23:55:09,733 [pool-478-thread-1] INFO  server.RaftServerConfigKeys (ConfUtils.java:logGet(44)) - raft.server.storage.free-space.min = 0MB (=0) (default)
2022-01-11 23:55:09,733 [pool-478-thread-1] INFO  storage.RaftStorageDirectory (RaftStorageDirectoryImpl.java:analyzeStorage(135)) - The storage directory /home/runner/work/ozone/ozone/hadoop-ozone/integration-test/target/test-dir/MiniOzoneClusterImpl-84b3519b-a2d3-47e7-8c84-34506f72c9f7/datanode-5/data/ratis/f3dab52c-f49d-4ac3-8007-1e23594ce36a does not exist. Creating ...
2022-01-11 23:55:09,734 [pool-478-thread-1] INFO  storage.RaftStorageDirectory (RaftStorageDirectoryImpl.java:tryLock(230)) - Lock on /home/runner/work/ozone/ozone/hadoop-ozone/integration-test/target/test-dir/MiniOzoneClusterImpl-84b3519b-a2d3-47e7-8c84-34506f72c9f7/datanode-5/data/ratis/f3dab52c-f49d-4ac3-8007-1e23594ce36a/in_use.lock acquired by nodename 350@fv-az59-280
2022-01-11 23:55:09,739 [pool-478-thread-1] INFO  storage.RaftStorage (RaftStorageImpl.java:format(89)) - Storage directory /home/runner/work/ozone/ozone/hadoop-ozone/integration-test/target/test-dir/MiniOzoneClusterImpl-84b3519b-a2d3-47e7-8c84-34506f72c9f7/datanode-5/data/ratis/f3dab52c-f49d-4ac3-8007-1e23594ce36a has been successfully formatted.
2022-01-11 23:55:09,740 [pool-478-thread-1] INFO  ratis.ContainerStateMachine (ContainerStateMachine.java:loadSnapshot(231)) - group-1E23594CE36A: The snapshot info is null. Setting the last applied indexto:(t:0, i:~)
2022-01-11 23:55:09,743 [pool-478-thread-1] INFO  server.RaftServerConfigKeys (ConfUtils.java:logGet(44)) - raft.server.notification.no-leader.timeout = 300000ms (custom)
2022-01-11 23:55:09,743 [pool-478-thread-1] INFO  server.RaftServerConfigKeys (ConfUtils.java:logGet(44)) - raft.server.log.use.memory = false (default)
2022-01-11 23:55:09,743 [pool-478-thread-1] INFO  server.RaftServerConfigKeys (ConfUtils.java:logGet(44)) - raft.server.log.purge.gap = 1000000 (custom)
2022-01-11 23:55:09,743 [pool-478-thread-1] INFO  server.RaftServerConfigKeys (ConfUtils.java:logGet(44)) - raft.server.log.appender.buffer.byte-limit = 33554432 (custom)
2022-01-11 23:55:09,743 [pool-478-thread-1] INFO  server.RaftServerConfigKeys (ConfUtils.java:logGet(44)) - raft.server.log.segment.size.max = 1048576 (custom)
2022-01-11 23:55:09,744 [pool-478-thread-1] INFO  server.RaftServerConfigKeys (ConfUtils.java:logGet(44)) - raft.server.log.segment.cache.num.max = 2 (custom)
2022-01-11 23:55:09,744 [pool-478-thread-1] INFO  server.RaftServerConfigKeys (ConfUtils.java:logGet(44)) - raft.server.log.segment.cache.size.max = 200MB (=209715200) (default)
2022-01-11 23:55:09,744 [pool-478-thread-1] INFO  segmented.SegmentedRaftLogWorker (SegmentedRaftLogWorker.java:<init>(182)) - new 2a1c9333-8641-498a-88f2-87bcecbe0d18@group-1E23594CE36A-SegmentedRaftLogWorker for RaftStorageImpl:Storage Directory /home/runner/work/ozone/ozone/hadoop-ozone/integration-test/target/test-dir/MiniOzoneClusterImpl-84b3519b-a2d3-47e7-8c84-34506f72c9f7/datanode-5/data/ratis/f3dab52c-f49d-4ac3-8007-1e23594ce36a
2022-01-11 23:55:09,744 [pool-478-thread-1] INFO  server.RaftServerConfigKeys (ConfUtils.java:logGet(44)) - raft.server.log.queue.byte-limit = 2147483647 (custom)
2022-01-11 23:55:09,744 [pool-478-thread-1] INFO  server.RaftServerConfigKeys (ConfUtils.java:logGet(44)) - raft.server.log.queue.element-limit = 1024 (custom)
2022-01-11 23:55:09,744 [pool-478-thread-1] INFO  server.RaftServerConfigKeys (ConfUtils.java:logGet(44)) - raft.server.log.segment.size.max = 1048576 (custom)
2022-01-11 23:55:09,744 [pool-478-thread-1] INFO  server.RaftServerConfigKeys (ConfUtils.java:logGet(44)) - raft.server.log.preallocated.size = 16384 (custom)
2022-01-11 23:55:09,744 [pool-478-thread-1] INFO  server.RaftServerConfigKeys (ConfUtils.java:logGet(44)) - raft.server.log.force.sync.num = 128 (default)
2022-01-11 23:55:09,744 [pool-478-thread-1] INFO  server.RaftServerConfigKeys (ConfUtils.java:logGet(44)) - raft.server.log.statemachine.data.sync = true (default)
2022-01-11 23:55:09,744 [pool-478-thread-1] INFO  server.RaftServerConfigKeys (ConfUtils.java:logGet(44)) - raft.server.log.statemachine.data.sync.timeout = 10s (default)
2022-01-11 23:55:09,744 [pool-478-thread-1] INFO  server.RaftServerConfigKeys (ConfUtils.java:logGet(44)) - raft.server.log.statemachine.data.sync.timeout.retry = -1 (default)
2022-01-11 23:55:09,780 [pool-478-thread-1] INFO  server.RaftServerConfigKeys (ConfUtils.java:logGet(44)) - raft.server.log.write.buffer.size = 1048576 (custom)
2022-01-11 23:55:09,781 [pool-478-thread-1] INFO  server.RaftServerConfigKeys (ConfUtils.java:logGet(44)) - raft.server.log.statemachine.data.caching.enabled = true (custom)
2022-01-11 23:55:09,781 [pool-478-thread-1] INFO  segmented.SegmentedRaftLogWorker (SegmentedRaftLogWorker.java:lambda$new$0(133)) - 2a1c9333-8641-498a-88f2-87bcecbe0d18@group-1E23594CE36A-SegmentedRaftLogWorker: flushIndex: setUnconditionally 0 -> -1
2022-01-11 23:55:09,781 [pool-478-thread-1] INFO  segmented.SegmentedRaftLogWorker (SegmentedRaftLogWorker.java:lambda$new$0(133)) - 2a1c9333-8641-498a-88f2-87bcecbe0d18@group-1E23594CE36A-SegmentedRaftLogWorker: safeCacheEvictIndex: setUnconditionally 0 -> -1
2022-01-11 23:55:09,818 [pool-478-thread-1] INFO  server.RaftServerConfigKeys (ConfUtils.java:logGet(44)) - raft.server.snapshot.auto.trigger.enabled = true (custom)
2022-01-11 23:55:09,818 [pool-478-thread-1] INFO  server.RaftServerConfigKeys (ConfUtils.java:logGet(44)) - raft.server.snapshot.auto.trigger.threshold = 10000 (custom)
2022-01-11 23:55:09,818 [pool-478-thread-1] INFO  server.RaftServerConfigKeys (ConfUtils.java:logGet(44)) - raft.server.snapshot.retention.file.num = 5 (custom)
2022-01-11 23:55:09,818 [pool-478-thread-1] INFO  server.RaftServerConfigKeys (ConfUtils.java:logGet(44)) - raft.server.log.purge.upto.snapshot.index = false (default)
2022-01-11 23:55:09,818 [pool-478-thread-1] INFO  server.RaftServerConfigKeys (ConfUtils.java:logGet(44)) - raft.server.retrycache.expirytime = 600000ms (custom)
2022-01-11 23:55:09,818 [pool-478-thread-1] INFO  server.RaftServerConfigKeys (ConfUtils.java:logGet(44)) - raft.server.retrycache.statistics.expirytime = 100μs (default)
2022-01-11 23:55:09,819 [pool-478-thread-1] INFO  server.RaftServer$Division (RaftServerImpl.java:start(301)) - 2a1c9333-8641-498a-88f2-87bcecbe0d18@group-1E23594CE36A: start as a follower, conf=-1: [2a1c9333-8641-498a-88f2-87bcecbe0d18|rpc:10.1.0.37:38177|priority:0, 6b666312-5236-4d63-85d6-3705eb3fb30b|rpc:10.1.0.37:38271|priority:1, 757e1abf-caf6-4356-ad73-d786994982ad|rpc:10.1.0.37:41749|priority:0], old=null
2022-01-11 23:55:09,820 [pool-478-thread-1] INFO  server.RaftServer$Division (RaftServerImpl.java:setRole(290)) - 2a1c9333-8641-498a-88f2-87bcecbe0d18@group-1E23594CE36A: changes role from      null to FOLLOWER at term 0 for startAsFollower
2022-01-11 23:55:09,820 [pool-478-thread-1] INFO  impl.RoleInfo (RoleInfo.java:updateAndGet(130)) - 2a1c9333-8641-498a-88f2-87bcecbe0d18: start 2a1c9333-8641-498a-88f2-87bcecbe0d18@group-1E23594CE36A-FollowerState
2022-01-11 23:55:09,821 [pool-478-thread-1] INFO  util.JmxRegister (JmxRegister.java:tryRegister(44)) - Successfully registered JMX Bean with object name Ratis:service=RaftServer,group=group-1E23594CE36A,id=2a1c9333-8641-498a-88f2-87bcecbe0d18
2022-01-11 23:55:09,829 [Command processor thread] INFO  ratis.XceiverServerRatis (XceiverServerRatis.java:addGroup(768)) - Created group PipelineID=f3dab52c-f49d-4ac3-8007-1e23594ce36a
2022-01-11 23:55:09,834 [grpc-default-executor-3] INFO  server.RaftServer (RaftServerProxy.java:addNew(95)) - 757e1abf-caf6-4356-ad73-d786994982ad: addNew group-1E23594CE36A:[2a1c9333-8641-498a-88f2-87bcecbe0d18|rpc:10.1.0.37:38177|dataStream:|priority:0, 6b666312-5236-4d63-85d6-3705eb3fb30b|rpc:10.1.0.37:38271|dataStream:|priority:1, 757e1abf-caf6-4356-ad73-d786994982ad|rpc:10.1.0.37:41749|dataStream:|priority:0] returns group-1E23594CE36A:java.util.concurrent.CompletableFuture@57bed095[Not completed]
2022-01-11 23:55:09,835 [pool-376-thread-1] INFO  server.RaftServer$Division (RaftServerImpl.java:<init>(184)) - 757e1abf-caf6-4356-ad73-d786994982ad: new RaftServerImpl for group-1E23594CE36A:[2a1c9333-8641-498a-88f2-87bcecbe0d18|rpc:10.1.0.37:38177|dataStream:|priority:0, 6b666312-5236-4d63-85d6-3705eb3fb30b|rpc:10.1.0.37:38271|dataStream:|priority:1, 757e1abf-caf6-4356-ad73-d786994982ad|rpc:10.1.0.37:41749|dataStream:|priority:0] with ContainerStateMachine:uninitialized
2022-01-11 23:55:09,835 [pool-376-thread-1] INFO  server.RaftServerConfigKeys (ConfUtils.java:logGet(44)) - raft.server.rpc.timeout.min = 5s (custom)
2022-01-11 23:55:09,835 [pool-376-thread-1] INFO  server.RaftServerConfigKeys (ConfUtils.java:logGet(44)) - raft.server.rpc.timeout.max = 5200ms (custom)
2022-01-11 23:55:09,835 [pool-376-thread-1] INFO  server.RaftServerConfigKeys (ConfUtils.java:logGet(44)) - raft.server.rpc.sleep.time = 25ms (default)
2022-01-11 23:55:09,835 [pool-376-thread-1] INFO  server.RaftServerConfigKeys (ConfUtils.java:logGet(44)) - raft.server.rpc.slowness.timeout = 300000ms (custom)
2022-01-11 23:55:09,836 [pool-376-thread-1] INFO  server.RaftServerConfigKeys (ConfUtils.java:logGet(44)) - raft.server.leaderelection.leader.step-down.wait-time = 10s (default)
2022-01-11 23:55:09,836 [pool-376-thread-1] INFO  server.RaftServerConfigKeys (ConfUtils.java:logGet(44)) - raft.server.sleep.deviation.threshold = 300ms (default)
2022-01-11 23:55:09,836 [pool-376-thread-1] INFO  server.RaftServerConfigKeys (ConfUtils.java:logGet(44)) - raft.server.log.appender.install.snapshot.enabled = false (custom)
2022-01-11 23:55:09,836 [pool-376-thread-1] INFO  server.RaftServer$Division (ServerState.java:<init>(105)) - 757e1abf-caf6-4356-ad73-d786994982ad@group-1E23594CE36A: ConfigurationManager, init=-1: [2a1c9333-8641-498a-88f2-87bcecbe0d18|rpc:10.1.0.37:38177|dataStream:|priority:0, 6b666312-5236-4d63-85d6-3705eb3fb30b|rpc:10.1.0.37:38271|dataStream:|priority:1, 757e1abf-caf6-4356-ad73-d786994982ad|rpc:10.1.0.37:41749|dataStream:|priority:0], old=null, confs=<EMPTY_MAP>
2022-01-11 23:55:09,836 [pool-376-thread-1] INFO  server.RaftServerConfigKeys (ConfUtils.java:logGet(44)) - raft.server.storage.dir = [/home/runner/work/ozone/ozone/hadoop-ozone/integration-test/target/test-dir/MiniOzoneClusterImpl-84b3519b-a2d3-47e7-8c84-34506f72c9f7/datanode-4/data/ratis] (custom)
2022-01-11 23:55:09,836 [pool-376-thread-1] INFO  server.RaftServerConfigKeys (ConfUtils.java:logGet(44)) - raft.server.log.corruption.policy = EXCEPTION (default)
2022-01-11 23:55:09,836 [pool-376-thread-1] INFO  server.RaftServerConfigKeys (ConfUtils.java:logGet(44)) - raft.server.storage.free-space.min = 0MB (=0) (default)
2022-01-11 23:55:09,836 [pool-376-thread-1] INFO  storage.RaftStorageDirectory (RaftStorageDirectoryImpl.java:analyzeStorage(135)) - The storage directory /home/runner/work/ozone/ozone/hadoop-ozone/integration-test/target/test-dir/MiniOzoneClusterImpl-84b3519b-a2d3-47e7-8c84-34506f72c9f7/datanode-4/data/ratis/f3dab52c-f49d-4ac3-8007-1e23594ce36a does not exist. Creating ...
2022-01-11 23:55:09,837 [pool-376-thread-1] INFO  storage.RaftStorageDirectory (RaftStorageDirectoryImpl.java:tryLock(230)) - Lock on /home/runner/work/ozone/ozone/hadoop-ozone/integration-test/target/test-dir/MiniOzoneClusterImpl-84b3519b-a2d3-47e7-8c84-34506f72c9f7/datanode-4/data/ratis/f3dab52c-f49d-4ac3-8007-1e23594ce36a/in_use.lock acquired by nodename 350@fv-az59-280
2022-01-11 23:55:09,845 [pool-376-thread-1] INFO  storage.RaftStorage (RaftStorageImpl.java:format(89)) - Storage directory /home/runner/work/ozone/ozone/hadoop-ozone/integration-test/target/test-dir/MiniOzoneClusterImpl-84b3519b-a2d3-47e7-8c84-34506f72c9f7/datanode-4/data/ratis/f3dab52c-f49d-4ac3-8007-1e23594ce36a has been successfully formatted.
2022-01-11 23:55:09,865 [pool-376-thread-1] INFO  ratis.ContainerStateMachine (ContainerStateMachine.java:loadSnapshot(231)) - group-1E23594CE36A: The snapshot info is null. Setting the last applied indexto:(t:0, i:~)
2022-01-11 23:55:09,870 [pool-376-thread-1] INFO  server.RaftServerConfigKeys (ConfUtils.java:logGet(44)) - raft.server.notification.no-leader.timeout = 300000ms (custom)
2022-01-11 23:55:09,870 [pool-376-thread-1] INFO  server.RaftServerConfigKeys (ConfUtils.java:logGet(44)) - raft.server.log.use.memory = false (default)
2022-01-11 23:55:09,870 [pool-376-thread-1] INFO  server.RaftServerConfigKeys (ConfUtils.java:logGet(44)) - raft.server.log.purge.gap = 1000000 (custom)
2022-01-11 23:55:09,870 [pool-376-thread-1] INFO  server.RaftServerConfigKeys (ConfUtils.java:logGet(44)) - raft.server.log.appender.buffer.byte-limit = 33554432 (custom)
2022-01-11 23:55:09,870 [pool-376-thread-1] INFO  server.RaftServerConfigKeys (ConfUtils.java:logGet(44)) - raft.server.log.segment.size.max = 1048576 (custom)
2022-01-11 23:55:09,871 [pool-376-thread-1] INFO  server.RaftServerConfigKeys (ConfUtils.java:logGet(44)) - raft.server.log.segment.cache.num.max = 2 (custom)
2022-01-11 23:55:09,871 [pool-376-thread-1] INFO  server.RaftServerConfigKeys (ConfUtils.java:logGet(44)) - raft.server.log.segment.cache.size.max = 200MB (=209715200) (default)
2022-01-11 23:55:09,871 [pool-376-thread-1] INFO  segmented.SegmentedRaftLogWorker (SegmentedRaftLogWorker.java:<init>(182)) - new 757e1abf-caf6-4356-ad73-d786994982ad@group-1E23594CE36A-SegmentedRaftLogWorker for RaftStorageImpl:Storage Directory /home/runner/work/ozone/ozone/hadoop-ozone/integration-test/target/test-dir/MiniOzoneClusterImpl-84b3519b-a2d3-47e7-8c84-34506f72c9f7/datanode-4/data/ratis/f3dab52c-f49d-4ac3-8007-1e23594ce36a
2022-01-11 23:55:09,871 [pool-376-thread-1] INFO  server.RaftServerConfigKeys (ConfUtils.java:logGet(44)) - raft.server.log.queue.byte-limit = 2147483647 (custom)
2022-01-11 23:55:09,871 [pool-376-thread-1] INFO  server.RaftServerConfigKeys (ConfUtils.java:logGet(44)) - raft.server.log.queue.element-limit = 1024 (custom)
2022-01-11 23:55:09,871 [pool-376-thread-1] INFO  server.RaftServerConfigKeys (ConfUtils.java:logGet(44)) - raft.server.log.segment.size.max = 1048576 (custom)
2022-01-11 23:55:09,871 [pool-376-thread-1] INFO  server.RaftServerConfigKeys (ConfUtils.java:logGet(44)) - raft.server.log.preallocated.size = 16384 (custom)
2022-01-11 23:55:09,871 [pool-376-thread-1] INFO  server.RaftServerConfigKeys (ConfUtils.java:logGet(44)) - raft.server.log.force.sync.num = 128 (default)
2022-01-11 23:55:09,871 [pool-376-thread-1] INFO  server.RaftServerConfigKeys (ConfUtils.java:logGet(44)) - raft.server.log.statemachine.data.sync = true (default)
2022-01-11 23:55:09,871 [pool-376-thread-1] INFO  server.RaftServerConfigKeys (ConfUtils.java:logGet(44)) - raft.server.log.statemachine.data.sync.timeout = 10s (default)
2022-01-11 23:55:09,871 [pool-376-thread-1] INFO  server.RaftServerConfigKeys (ConfUtils.java:logGet(44)) - raft.server.log.statemachine.data.sync.timeout.retry = -1 (default)
2022-01-11 23:55:09,895 [pool-376-thread-1] INFO  server.RaftServerConfigKeys (ConfUtils.java:logGet(44)) - raft.server.log.write.buffer.size = 1048576 (custom)
2022-01-11 23:55:09,896 [pool-376-thread-1] INFO  server.RaftServerConfigKeys (ConfUtils.java:logGet(44)) - raft.server.log.statemachine.data.caching.enabled = true (custom)
2022-01-11 23:55:09,896 [pool-376-thread-1] INFO  segmented.SegmentedRaftLogWorker (SegmentedRaftLogWorker.java:lambda$new$0(133)) - 757e1abf-caf6-4356-ad73-d786994982ad@group-1E23594CE36A-SegmentedRaftLogWorker: flushIndex: setUnconditionally 0 -> -1
2022-01-11 23:55:09,896 [pool-376-thread-1] INFO  segmented.SegmentedRaftLogWorker (SegmentedRaftLogWorker.java:lambda$new$0(133)) - 757e1abf-caf6-4356-ad73-d786994982ad@group-1E23594CE36A-SegmentedRaftLogWorker: safeCacheEvictIndex: setUnconditionally 0 -> -1
2022-01-11 23:55:09,903 [Command processor thread] INFO  server.RaftServer (RaftServerProxy.java:addNew(95)) - 77c66afc-fa73-4d89-b59d-9adc22a556cf: addNew group-B7EECE8F9241:[6b666312-5236-4d63-85d6-3705eb3fb30b|rpc:10.1.0.37:38271|priority:0, 757e1abf-caf6-4356-ad73-d786994982ad|rpc:10.1.0.37:41749|priority:1, 77c66afc-fa73-4d89-b59d-9adc22a556cf|rpc:10.1.0.37:40587|priority:0] returns group-B7EECE8F9241:java.util.concurrent.CompletableFuture@2be3b382[Not completed]
2022-01-11 23:55:09,904 [pool-355-thread-1] INFO  server.RaftServer$Division (RaftServerImpl.java:<init>(184)) - 77c66afc-fa73-4d89-b59d-9adc22a556cf: new RaftServerImpl for group-B7EECE8F9241:[6b666312-5236-4d63-85d6-3705eb3fb30b|rpc:10.1.0.37:38271|priority:0, 757e1abf-caf6-4356-ad73-d786994982ad|rpc:10.1.0.37:41749|priority:1, 77c66afc-fa73-4d89-b59d-9adc22a556cf|rpc:10.1.0.37:40587|priority:0] with ContainerStateMachine:uninitialized
2022-01-11 23:55:09,904 [pool-355-thread-1] INFO  server.RaftServerConfigKeys (ConfUtils.java:logGet(44)) - raft.server.rpc.timeout.min = 5s (custom)
2022-01-11 23:55:09,904 [pool-355-thread-1] INFO  server.RaftServerConfigKeys (ConfUtils.java:logGet(44)) - raft.server.rpc.timeout.max = 5200ms (custom)
2022-01-11 23:55:09,904 [pool-355-thread-1] INFO  server.RaftServerConfigKeys (ConfUtils.java:logGet(44)) - raft.server.rpc.sleep.time = 25ms (default)
2022-01-11 23:55:09,904 [pool-355-thread-1] INFO  server.RaftServerConfigKeys (ConfUtils.java:logGet(44)) - raft.server.rpc.slowness.timeout = 300000ms (custom)
2022-01-11 23:55:09,904 [pool-355-thread-1] INFO  server.RaftServerConfigKeys (ConfUtils.java:logGet(44)) - raft.server.leaderelection.leader.step-down.wait-time = 10s (default)
2022-01-11 23:55:09,904 [pool-355-thread-1] INFO  server.RaftServerConfigKeys (ConfUtils.java:logGet(44)) - raft.server.sleep.deviation.threshold = 300ms (default)
2022-01-11 23:55:09,904 [pool-355-thread-1] INFO  server.RaftServerConfigKeys (ConfUtils.java:logGet(44)) - raft.server.log.appender.install.snapshot.enabled = false (custom)
2022-01-11 23:55:09,904 [pool-355-thread-1] INFO  server.RaftServer$Division (ServerState.java:<init>(105)) - 77c66afc-fa73-4d89-b59d-9adc22a556cf@group-B7EECE8F9241: ConfigurationManager, init=-1: [6b666312-5236-4d63-85d6-3705eb3fb30b|rpc:10.1.0.37:38271|priority:0, 757e1abf-caf6-4356-ad73-d786994982ad|rpc:10.1.0.37:41749|priority:1, 77c66afc-fa73-4d89-b59d-9adc22a556cf|rpc:10.1.0.37:40587|priority:0], old=null, confs=<EMPTY_MAP>
2022-01-11 23:55:09,904 [pool-355-thread-1] INFO  server.RaftServerConfigKeys (ConfUtils.java:logGet(44)) - raft.server.storage.dir = [/home/runner/work/ozone/ozone/hadoop-ozone/integration-test/target/test-dir/MiniOzoneClusterImpl-84b3519b-a2d3-47e7-8c84-34506f72c9f7/datanode-3/data/ratis] (custom)
2022-01-11 23:55:09,904 [pool-355-thread-1] INFO  server.RaftServerConfigKeys (ConfUtils.java:logGet(44)) - raft.server.log.corruption.policy = EXCEPTION (default)
2022-01-11 23:55:09,904 [pool-355-thread-1] INFO  server.RaftServerConfigKeys (ConfUtils.java:logGet(44)) - raft.server.storage.free-space.min = 0MB (=0) (default)
2022-01-11 23:55:09,905 [pool-355-thread-1] INFO  storage.RaftStorageDirectory (RaftStorageDirectoryImpl.java:analyzeStorage(135)) - The storage directory /home/runner/work/ozone/ozone/hadoop-ozone/integration-test/target/test-dir/MiniOzoneClusterImpl-84b3519b-a2d3-47e7-8c84-34506f72c9f7/datanode-3/data/ratis/2b2875fe-7bf9-4d91-8670-b7eece8f9241 does not exist. Creating ...
2022-01-11 23:55:09,905 [pool-355-thread-1] INFO  storage.RaftStorageDirectory (RaftStorageDirectoryImpl.java:tryLock(230)) - Lock on /home/runner/work/ozone/ozone/hadoop-ozone/integration-test/target/test-dir/MiniOzoneClusterImpl-84b3519b-a2d3-47e7-8c84-34506f72c9f7/datanode-3/data/ratis/2b2875fe-7bf9-4d91-8670-b7eece8f9241/in_use.lock acquired by nodename 350@fv-az59-280
2022-01-11 23:55:09,907 [pool-376-thread-1] INFO  server.RaftServerConfigKeys (ConfUtils.java:logGet(44)) - raft.server.snapshot.auto.trigger.enabled = true (custom)
2022-01-11 23:55:09,907 [pool-376-thread-1] INFO  server.RaftServerConfigKeys (ConfUtils.java:logGet(44)) - raft.server.snapshot.auto.trigger.threshold = 10000 (custom)
2022-01-11 23:55:09,907 [pool-376-thread-1] INFO  server.RaftServerConfigKeys (ConfUtils.java:logGet(44)) - raft.server.snapshot.retention.file.num = 5 (custom)
2022-01-11 23:55:09,907 [pool-376-thread-1] INFO  server.RaftServerConfigKeys (ConfUtils.java:logGet(44)) - raft.server.log.purge.upto.snapshot.index = false (default)
2022-01-11 23:55:09,907 [pool-376-thread-1] INFO  server.RaftServerConfigKeys (ConfUtils.java:logGet(44)) - raft.server.retrycache.expirytime = 600000ms (custom)
2022-01-11 23:55:09,907 [pool-376-thread-1] INFO  server.RaftServerConfigKeys (ConfUtils.java:logGet(44)) - raft.server.retrycache.statistics.expirytime = 100μs (default)
2022-01-11 23:55:09,908 [pool-376-thread-1] INFO  server.RaftServer$Division (RaftServerImpl.java:start(301)) - 757e1abf-caf6-4356-ad73-d786994982ad@group-1E23594CE36A: start as a follower, conf=-1: [2a1c9333-8641-498a-88f2-87bcecbe0d18|rpc:10.1.0.37:38177|dataStream:|priority:0, 6b666312-5236-4d63-85d6-3705eb3fb30b|rpc:10.1.0.37:38271|dataStream:|priority:1, 757e1abf-caf6-4356-ad73-d786994982ad|rpc:10.1.0.37:41749|dataStream:|priority:0], old=null
2022-01-11 23:55:09,908 [pool-376-thread-1] INFO  server.RaftServer$Division (RaftServerImpl.java:setRole(290)) - 757e1abf-caf6-4356-ad73-d786994982ad@group-1E23594CE36A: changes role from      null to FOLLOWER at term 0 for startAsFollower
2022-01-11 23:55:09,908 [pool-376-thread-1] INFO  impl.RoleInfo (RoleInfo.java:updateAndGet(130)) - 757e1abf-caf6-4356-ad73-d786994982ad: start 757e1abf-caf6-4356-ad73-d786994982ad@group-1E23594CE36A-FollowerState
2022-01-11 23:55:09,912 [pool-355-thread-1] INFO  storage.RaftStorage (RaftStorageImpl.java:format(89)) - Storage directory /home/runner/work/ozone/ozone/hadoop-ozone/integration-test/target/test-dir/MiniOzoneClusterImpl-84b3519b-a2d3-47e7-8c84-34506f72c9f7/datanode-3/data/ratis/2b2875fe-7bf9-4d91-8670-b7eece8f9241 has been successfully formatted.
2022-01-11 23:55:09,925 [pool-376-thread-1] INFO  util.JmxRegister (JmxRegister.java:tryRegister(44)) - Successfully registered JMX Bean with object name Ratis:service=RaftServer,group=group-1E23594CE36A,id=757e1abf-caf6-4356-ad73-d786994982ad
2022-01-11 23:55:09,943 [pool-355-thread-1] INFO  ratis.ContainerStateMachine (ContainerStateMachine.java:loadSnapshot(231)) - group-B7EECE8F9241: The snapshot info is null. Setting the last applied indexto:(t:0, i:~)
2022-01-11 23:55:09,943 [pool-355-thread-1] INFO  server.RaftServerConfigKeys (ConfUtils.java:logGet(44)) - raft.server.notification.no-leader.timeout = 300000ms (custom)
2022-01-11 23:55:09,943 [pool-355-thread-1] INFO  server.RaftServerConfigKeys (ConfUtils.java:logGet(44)) - raft.server.log.use.memory = false (default)
2022-01-11 23:55:09,943 [pool-355-thread-1] INFO  server.RaftServerConfigKeys (ConfUtils.java:logGet(44)) - raft.server.log.purge.gap = 1000000 (custom)
2022-01-11 23:55:09,943 [pool-355-thread-1] INFO  server.RaftServerConfigKeys (ConfUtils.java:logGet(44)) - raft.server.log.appender.buffer.byte-limit = 33554432 (custom)
2022-01-11 23:55:09,943 [pool-355-thread-1] INFO  server.RaftServerConfigKeys (ConfUtils.java:logGet(44)) - raft.server.log.segment.size.max = 1048576 (custom)
2022-01-11 23:55:09,943 [pool-355-thread-1] INFO  server.RaftServerConfigKeys (ConfUtils.java:logGet(44)) - raft.server.log.segment.cache.num.max = 2 (custom)
2022-01-11 23:55:09,943 [pool-355-thread-1] INFO  server.RaftServerConfigKeys (ConfUtils.java:logGet(44)) - raft.server.log.segment.cache.size.max = 200MB (=209715200) (default)
2022-01-11 23:55:09,943 [pool-355-thread-1] INFO  segmented.SegmentedRaftLogWorker (SegmentedRaftLogWorker.java:<init>(182)) - new 77c66afc-fa73-4d89-b59d-9adc22a556cf@group-B7EECE8F9241-SegmentedRaftLogWorker for RaftStorageImpl:Storage Directory /home/runner/work/ozone/ozone/hadoop-ozone/integration-test/target/test-dir/MiniOzoneClusterImpl-84b3519b-a2d3-47e7-8c84-34506f72c9f7/datanode-3/data/ratis/2b2875fe-7bf9-4d91-8670-b7eece8f9241
2022-01-11 23:55:09,943 [pool-355-thread-1] INFO  server.RaftServerConfigKeys (ConfUtils.java:logGet(44)) - raft.server.log.queue.byte-limit = 2147483647 (custom)
2022-01-11 23:55:09,944 [pool-355-thread-1] INFO  server.RaftServerConfigKeys (ConfUtils.java:logGet(44)) - raft.server.log.queue.element-limit = 1024 (custom)
2022-01-11 23:55:09,944 [pool-355-thread-1] INFO  server.RaftServerConfigKeys (ConfUtils.java:logGet(44)) - raft.server.log.segment.size.max = 1048576 (custom)
2022-01-11 23:55:09,944 [pool-355-thread-1] INFO  server.RaftServerConfigKeys (ConfUtils.java:logGet(44)) - raft.server.log.preallocated.size = 16384 (custom)
2022-01-11 23:55:09,944 [pool-355-thread-1] INFO  server.RaftServerConfigKeys (ConfUtils.java:logGet(44)) - raft.server.log.force.sync.num = 128 (default)
2022-01-11 23:55:09,944 [pool-355-thread-1] INFO  server.RaftServerConfigKeys (ConfUtils.java:logGet(44)) - raft.server.log.statemachine.data.sync = true (default)
2022-01-11 23:55:09,944 [pool-355-thread-1] INFO  server.RaftServerConfigKeys (ConfUtils.java:logGet(44)) - raft.server.log.statemachine.data.sync.timeout = 10s (default)
2022-01-11 23:55:09,944 [pool-355-thread-1] INFO  server.RaftServerConfigKeys (ConfUtils.java:logGet(44)) - raft.server.log.statemachine.data.sync.timeout.retry = -1 (default)
2022-01-11 23:55:09,945 [pool-355-thread-1] INFO  server.RaftServerConfigKeys (ConfUtils.java:logGet(44)) - raft.server.log.write.buffer.size = 1048576 (custom)
2022-01-11 23:55:09,946 [Listener at 127.0.0.1/46043] INFO  ozone.MiniOzoneClusterImpl (MiniOzoneClusterImpl.java:shutdown(453)) - Shutting down the Mini Ozone Cluster
2022-01-11 23:55:09,946 [Listener at 127.0.0.1/46043] INFO  ozone.MiniOzoneClusterImpl (MiniOzoneClusterImpl.java:stop(468)) - Stopping the Mini Ozone Cluster
2022-01-11 23:55:09,947 [Listener at 127.0.0.1/46043] INFO  ozone.MiniOzoneClusterImpl (MiniOzoneClusterImpl.java:stopOM(550)) - Stopping the OzoneManager
2022-01-11 23:55:09,947 [Listener at 127.0.0.1/46043] INFO  om.OzoneManager (OzoneManager.java:stop(1893)) - om1[localhost:0]: Stopping Ozone Manager
2022-01-11 23:55:09,947 [Listener at 127.0.0.1/46043] INFO  ipc.Server (Server.java:stop(3414)) - Stopping server on 46043
2022-01-11 23:55:09,961 [pool-355-thread-1] INFO  server.RaftServerConfigKeys (ConfUtils.java:logGet(44)) - raft.server.log.statemachine.data.caching.enabled = true (custom)
2022-01-11 23:55:09,961 [pool-355-thread-1] INFO  segmented.SegmentedRaftLogWorker (SegmentedRaftLogWorker.java:lambda$new$0(133)) - 77c66afc-fa73-4d89-b59d-9adc22a556cf@group-B7EECE8F9241-SegmentedRaftLogWorker: flushIndex: setUnconditionally 0 -> -1
2022-01-11 23:55:09,961 [pool-355-thread-1] INFO  segmented.SegmentedRaftLogWorker (SegmentedRaftLogWorker.java:lambda$new$0(133)) - 77c66afc-fa73-4d89-b59d-9adc22a556cf@group-B7EECE8F9241-SegmentedRaftLogWorker: safeCacheEvictIndex: setUnconditionally 0 -> -1
2022-01-11 23:55:09,963 [pool-355-thread-1] INFO  server.RaftServerConfigKeys (ConfUtils.java:logGet(44)) - raft.server.snapshot.auto.trigger.enabled = true (custom)
2022-01-11 23:55:09,963 [pool-355-thread-1] INFO  server.RaftServerConfigKeys (ConfUtils.java:logGet(44)) - raft.server.snapshot.auto.trigger.threshold = 10000 (custom)
2022-01-11 23:55:09,963 [pool-355-thread-1] INFO  server.RaftServerConfigKeys (ConfUtils.java:logGet(44)) - raft.server.snapshot.retention.file.num = 5 (custom)
2022-01-11 23:55:09,963 [pool-355-thread-1] INFO  server.RaftServerConfigKeys (ConfUtils.java:logGet(44)) - raft.server.log.purge.upto.snapshot.index = false (default)
2022-01-11 23:55:09,963 [pool-355-thread-1] INFO  server.RaftServerConfigKeys (ConfUtils.java:logGet(44)) - raft.server.retrycache.expirytime = 600000ms (custom)
2022-01-11 23:55:09,963 [pool-355-thread-1] INFO  server.RaftServerConfigKeys (ConfUtils.java:logGet(44)) - raft.server.retrycache.statistics.expirytime = 100μs (default)
2022-01-11 23:55:09,964 [pool-355-thread-1] INFO  server.RaftServer$Division (RaftServerImpl.java:start(301)) - 77c66afc-fa73-4d89-b59d-9adc22a556cf@group-B7EECE8F9241: start as a follower, conf=-1: [6b666312-5236-4d63-85d6-3705eb3fb30b|rpc:10.1.0.37:38271|priority:0, 757e1abf-caf6-4356-ad73-d786994982ad|rpc:10.1.0.37:41749|priority:1, 77c66afc-fa73-4d89-b59d-9adc22a556cf|rpc:10.1.0.37:40587|priority:0], old=null
2022-01-11 23:55:09,964 [pool-355-thread-1] INFO  server.RaftServer$Division (RaftServerImpl.java:setRole(290)) - 77c66afc-fa73-4d89-b59d-9adc22a556cf@group-B7EECE8F9241: changes role from      null to FOLLOWER at term 0 for startAsFollower
2022-01-11 23:55:09,964 [pool-355-thread-1] INFO  impl.RoleInfo (RoleInfo.java:updateAndGet(130)) - 77c66afc-fa73-4d89-b59d-9adc22a556cf: start 77c66afc-fa73-4d89-b59d-9adc22a556cf@group-B7EECE8F9241-FollowerState
2022-01-11 23:55:09,972 [pool-355-thread-1] INFO  util.JmxRegister (JmxRegister.java:tryRegister(44)) - Successfully registered JMX Bean with object name Ratis:service=RaftServer,group=group-B7EECE8F9241,id=77c66afc-fa73-4d89-b59d-9adc22a556cf
2022-01-11 23:55:09,981 [Command processor thread] INFO  ratis.XceiverServerRatis (XceiverServerRatis.java:addGroup(768)) - Created group PipelineID=2b2875fe-7bf9-4d91-8670-b7eece8f9241
2022-01-11 23:55:09,989 [IPC Server listener on 0] INFO  ipc.Server (Server.java:run(1376)) - Stopping IPC Server listener on 0
2022-01-11 23:55:10,011 [grpc-default-executor-3] INFO  server.RaftServer (RaftServerProxy.java:addNew(95)) - 6b666312-5236-4d63-85d6-3705eb3fb30b: addNew group-1E23594CE36A:[2a1c9333-8641-498a-88f2-87bcecbe0d18|rpc:10.1.0.37:38177|dataStream:|priority:0, 6b666312-5236-4d63-85d6-3705eb3fb30b|rpc:10.1.0.37:38271|dataStream:|priority:1, 757e1abf-caf6-4356-ad73-d786994982ad|rpc:10.1.0.37:41749|dataStream:|priority:0] returns group-1E23594CE36A:java.util.concurrent.CompletableFuture@2b83e73c[Not completed]
2022-01-11 23:55:10,012 [pool-418-thread-1] INFO  server.RaftServer$Division (RaftServerImpl.java:<init>(184)) - 6b666312-5236-4d63-85d6-3705eb3fb30b: new RaftServerImpl for group-1E23594CE36A:[2a1c9333-8641-498a-88f2-87bcecbe0d18|rpc:10.1.0.37:38177|dataStream:|priority:0, 6b666312-5236-4d63-85d6-3705eb3fb30b|rpc:10.1.0.37:38271|dataStream:|priority:1, 757e1abf-caf6-4356-ad73-d786994982ad|rpc:10.1.0.37:41749|dataStream:|priority:0] with ContainerStateMachine:uninitialized
2022-01-11 23:55:10,012 [pool-418-thread-1] INFO  server.RaftServerConfigKeys (ConfUtils.java:logGet(44)) - raft.server.rpc.timeout.min = 5s (custom)
2022-01-11 23:55:10,012 [pool-418-thread-1] INFO  server.RaftServerConfigKeys (ConfUtils.java:logGet(44)) - raft.server.rpc.timeout.max = 5200ms (custom)
2022-01-11 23:55:10,012 [pool-418-thread-1] INFO  server.RaftServerConfigKeys (ConfUtils.java:logGet(44)) - raft.server.rpc.sleep.time = 25ms (default)
2022-01-11 23:55:10,012 [pool-418-thread-1] INFO  server.RaftServerConfigKeys (ConfUtils.java:logGet(44)) - raft.server.rpc.slowness.timeout = 300000ms (custom)
2022-01-11 23:55:10,012 [pool-418-thread-1] INFO  server.RaftServerConfigKeys (ConfUtils.java:logGet(44)) - raft.server.leaderelection.leader.step-down.wait-time = 10s (default)
2022-01-11 23:55:10,012 [pool-418-thread-1] INFO  server.RaftServerConfigKeys (ConfUtils.java:logGet(44)) - raft.server.sleep.deviation.threshold = 300ms (default)
2022-01-11 23:55:10,012 [pool-418-thread-1] INFO  server.RaftServerConfigKeys (ConfUtils.java:logGet(44)) - raft.server.log.appender.install.snapshot.enabled = false (custom)
2022-01-11 23:55:10,012 [pool-418-thread-1] INFO  server.RaftServer$Division (ServerState.java:<init>(105)) - 6b666312-5236-4d63-85d6-3705eb3fb30b@group-1E23594CE36A: ConfigurationManager, init=-1: [2a1c9333-8641-498a-88f2-87bcecbe0d18|rpc:10.1.0.37:38177|dataStream:|priority:0, 6b666312-5236-4d63-85d6-3705eb3fb30b|rpc:10.1.0.37:38271|dataStream:|priority:1, 757e1abf-caf6-4356-ad73-d786994982ad|rpc:10.1.0.37:41749|dataStream:|priority:0], old=null, confs=<EMPTY_MAP>
2022-01-11 23:55:10,012 [pool-418-thread-1] INFO  server.RaftServerConfigKeys (ConfUtils.java:logGet(44)) - raft.server.storage.dir = [/home/runner/work/ozone/ozone/hadoop-ozone/integration-test/target/test-dir/MiniOzoneClusterImpl-84b3519b-a2d3-47e7-8c84-34506f72c9f7/datanode-6/data/ratis] (custom)
2022-01-11 23:55:10,013 [pool-418-thread-1] INFO  server.RaftServerConfigKeys (ConfUtils.java:logGet(44)) - raft.server.log.corruption.policy = EXCEPTION (default)
2022-01-11 23:55:10,013 [pool-418-thread-1] INFO  server.RaftServerConfigKeys (ConfUtils.java:logGet(44)) - raft.server.storage.free-space.min = 0MB (=0) (default)
2022-01-11 23:55:10,013 [pool-418-thread-1] INFO  storage.RaftStorageDirectory (RaftStorageDirectoryImpl.java:analyzeStorage(135)) - The storage directory /home/runner/work/ozone/ozone/hadoop-ozone/integration-test/target/test-dir/MiniOzoneClusterImpl-84b3519b-a2d3-47e7-8c84-34506f72c9f7/datanode-6/data/ratis/f3dab52c-f49d-4ac3-8007-1e23594ce36a does not exist. Creating ...
2022-01-11 23:55:10,013 [IPC Server Responder] INFO  ipc.Server (Server.java:run(1512)) - Stopping IPC Server Responder
2022-01-11 23:55:10,014 [Listener at 127.0.0.1/46043] INFO  server.RaftServer (RaftServerProxy.java:lambda$close$6(391)) - om1: close
2022-01-11 23:55:10,014 [Listener at 127.0.0.1/46043] INFO  server.RaftServer$Division (RaftServerImpl.java:lambda$close$4(412)) - om1@group-C5BA1605619E: shutdown
2022-01-11 23:55:10,014 [Listener at 127.0.0.1/46043] INFO  util.JmxRegister (JmxRegister.java:unregister(73)) - Successfully un-registered JMX Bean with object name Ratis:service=RaftServer,group=group-C5BA1605619E,id=om1
2022-01-11 23:55:10,014 [Listener at 127.0.0.1/46043] INFO  impl.RoleInfo (RoleInfo.java:shutdownLeaderState(91)) - om1: shutdown om1@group-C5BA1605619E-LeaderStateImpl
2022-01-11 23:55:10,014 [Listener at 127.0.0.1/46043] INFO  impl.PendingRequests (PendingRequests.java:sendNotLeaderResponses(282)) - om1@group-C5BA1605619E-PendingRequests: sendNotLeaderResponses
2022-01-11 23:55:10,015 [grpc-default-executor-3] INFO  server.RaftServer (RaftServerProxy.java:addNew(95)) - 6b666312-5236-4d63-85d6-3705eb3fb30b: addNew group-B7EECE8F9241:[6b666312-5236-4d63-85d6-3705eb3fb30b|rpc:10.1.0.37:38271|dataStream:|priority:0, 757e1abf-caf6-4356-ad73-d786994982ad|rpc:10.1.0.37:41749|dataStream:|priority:1, 77c66afc-fa73-4d89-b59d-9adc22a556cf|rpc:10.1.0.37:40587|dataStream:|priority:0] returns group-B7EECE8F9241:java.util.concurrent.CompletableFuture@5c4f2884[Not completed]
2022-01-11 23:55:10,015 [pool-418-thread-1] INFO  storage.RaftStorageDirectory (RaftStorageDirectoryImpl.java:tryLock(230)) - Lock on /home/runner/work/ozone/ozone/hadoop-ozone/integration-test/target/test-dir/MiniOzoneClusterImpl-84b3519b-a2d3-47e7-8c84-34506f72c9f7/datanode-6/data/ratis/f3dab52c-f49d-4ac3-8007-1e23594ce36a/in_use.lock acquired by nodename 350@fv-az59-280
2022-01-11 23:55:10,033 [Listener at 127.0.0.1/46043] INFO  impl.StateMachineUpdater (StateMachineUpdater.java:stopAndJoin(149)) - om1@group-C5BA1605619E-StateMachineUpdater: set stopIndex = 8
2022-01-11 23:55:10,033 [om1@group-C5BA1605619E-StateMachineUpdater] INFO  ratis.OzoneManagerStateMachine (OzoneManagerStateMachine.java:takeSnapshot(417)) - Current Snapshot Index (t:1, i:8)
2022-01-11 23:55:10,033 [om1@group-C5BA1605619E-StateMachineUpdater] INFO  impl.StateMachineUpdater (StateMachineUpdater.java:takeSnapshot(281)) - om1@group-C5BA1605619E-StateMachineUpdater: Took a snapshot at index 8
2022-01-11 23:55:10,033 [om1@group-C5BA1605619E-StateMachineUpdater] INFO  impl.StateMachineUpdater (StateMachineUpdater.java:lambda$new$0(89)) - om1@group-C5BA1605619E-StateMachineUpdater: snapshotIndex: updateIncreasingly -1 -> 8
2022-01-11 23:55:10,033 [om1@group-C5BA1605619E-StateMachineUpdater] INFO  ratis.OzoneManagerStateMachine (OzoneManagerStateMachine.java:close(471)) - StateMachine has shutdown. Shutdown OzoneManager if not already shutdown.
2022-01-11 23:55:10,034 [Listener at 127.0.0.1/46043] INFO  server.RaftServer$Division (ServerState.java:close(419)) - om1@group-C5BA1605619E: closes. applyIndex: 8
2022-01-11 23:55:10,037 [om1@group-C5BA1605619E-SegmentedRaftLogWorker] INFO  segmented.SegmentedRaftLogWorker (SegmentedRaftLogWorker.java:run(327)) - om1@group-C5BA1605619E-SegmentedRaftLogWorker was interrupted, exiting. There are 0 tasks remaining in the queue.
2022-01-11 23:55:10,037 [pool-418-thread-1] INFO  storage.RaftStorage (RaftStorageImpl.java:format(89)) - Storage directory /home/runner/work/ozone/ozone/hadoop-ozone/integration-test/target/test-dir/MiniOzoneClusterImpl-84b3519b-a2d3-47e7-8c84-34506f72c9f7/datanode-6/data/ratis/f3dab52c-f49d-4ac3-8007-1e23594ce36a has been successfully formatted.
2022-01-11 23:55:10,037 [pool-418-thread-1] INFO  ratis.ContainerStateMachine (ContainerStateMachine.java:loadSnapshot(231)) - group-1E23594CE36A: The snapshot info is null. Setting the last applied indexto:(t:0, i:~)
2022-01-11 23:55:10,037 [pool-418-thread-1] INFO  server.RaftServerConfigKeys (ConfUtils.java:logGet(44)) - raft.server.notification.no-leader.timeout = 300000ms (custom)
2022-01-11 23:55:10,037 [pool-418-thread-1] INFO  server.RaftServerConfigKeys (ConfUtils.java:logGet(44)) - raft.server.log.use.memory = false (default)
2022-01-11 23:55:10,037 [pool-418-thread-1] INFO  server.RaftServerConfigKeys (ConfUtils.java:logGet(44)) - raft.server.log.purge.gap = 1000000 (custom)
2022-01-11 23:55:10,037 [pool-418-thread-1] INFO  server.RaftServerConfigKeys (ConfUtils.java:logGet(44)) - raft.server.log.appender.buffer.byte-limit = 33554432 (custom)
2022-01-11 23:55:10,038 [pool-418-thread-1] INFO  server.RaftServerConfigKeys (ConfUtils.java:logGet(44)) - raft.server.log.segment.size.max = 1048576 (custom)
2022-01-11 23:55:10,038 [pool-418-thread-1] INFO  server.RaftServerConfigKeys (ConfUtils.java:logGet(44)) - raft.server.log.segment.cache.num.max = 2 (custom)
2022-01-11 23:55:10,038 [pool-418-thread-1] INFO  server.RaftServerConfigKeys (ConfUtils.java:logGet(44)) - raft.server.log.segment.cache.size.max = 200MB (=209715200) (default)
2022-01-11 23:55:10,038 [pool-418-thread-1] INFO  segmented.SegmentedRaftLogWorker (SegmentedRaftLogWorker.java:<init>(182)) - new 6b666312-5236-4d63-85d6-3705eb3fb30b@group-1E23594CE36A-SegmentedRaftLogWorker for RaftStorageImpl:Storage Directory /home/runner/work/ozone/ozone/hadoop-ozone/integration-test/target/test-dir/MiniOzoneClusterImpl-84b3519b-a2d3-47e7-8c84-34506f72c9f7/datanode-6/data/ratis/f3dab52c-f49d-4ac3-8007-1e23594ce36a
2022-01-11 23:55:10,038 [pool-418-thread-1] INFO  server.RaftServerConfigKeys (ConfUtils.java:logGet(44)) - raft.server.log.queue.byte-limit = 2147483647 (custom)
2022-01-11 23:55:10,038 [pool-418-thread-1] INFO  server.RaftServerConfigKeys (ConfUtils.java:logGet(44)) - raft.server.log.queue.element-limit = 1024 (custom)
2022-01-11 23:55:10,038 [pool-418-thread-1] INFO  server.RaftServerConfigKeys (ConfUtils.java:logGet(44)) - raft.server.log.segment.size.max = 1048576 (custom)
2022-01-11 23:55:10,038 [pool-418-thread-1] INFO  server.RaftServerConfigKeys (ConfUtils.java:logGet(44)) - raft.server.log.preallocated.size = 16384 (custom)
2022-01-11 23:55:10,038 [pool-418-thread-1] INFO  server.RaftServerConfigKeys (ConfUtils.java:logGet(44)) - raft.server.log.force.sync.num = 128 (default)
2022-01-11 23:55:10,038 [pool-418-thread-1] INFO  server.RaftServerConfigKeys (ConfUtils.java:logGet(44)) - raft.server.log.statemachine.data.sync = true (default)
2022-01-11 23:55:10,038 [pool-418-thread-1] INFO  server.RaftServerConfigKeys (ConfUtils.java:logGet(44)) - raft.server.log.statemachine.data.sync.timeout = 10s (default)
2022-01-11 23:55:10,038 [pool-418-thread-1] INFO  server.RaftServerConfigKeys (ConfUtils.java:logGet(44)) - raft.server.log.statemachine.data.sync.timeout.retry = -1 (default)
2022-01-11 23:55:10,039 [pool-418-thread-1] INFO  server.RaftServerConfigKeys (ConfUtils.java:logGet(44)) - raft.server.log.write.buffer.size = 1048576 (custom)
2022-01-11 23:55:10,039 [pool-418-thread-1] INFO  server.RaftServerConfigKeys (ConfUtils.java:logGet(44)) - raft.server.log.statemachine.data.caching.enabled = true (custom)
2022-01-11 23:55:10,039 [pool-418-thread-1] INFO  segmented.SegmentedRaftLogWorker (SegmentedRaftLogWorker.java:lambda$new$0(133)) - 6b666312-5236-4d63-85d6-3705eb3fb30b@group-1E23594CE36A-SegmentedRaftLogWorker: flushIndex: setUnconditionally 0 -> -1
2022-01-11 23:55:10,040 [pool-418-thread-1] INFO  segmented.SegmentedRaftLogWorker (SegmentedRaftLogWorker.java:lambda$new$0(133)) - 6b666312-5236-4d63-85d6-3705eb3fb30b@group-1E23594CE36A-SegmentedRaftLogWorker: safeCacheEvictIndex: setUnconditionally 0 -> -1
2022-01-11 23:55:10,054 [pool-418-thread-1] INFO  server.RaftServerConfigKeys (ConfUtils.java:logGet(44)) - raft.server.snapshot.auto.trigger.enabled = true (custom)
2022-01-11 23:55:10,054 [pool-418-thread-1] INFO  server.RaftServerConfigKeys (ConfUtils.java:logGet(44)) - raft.server.snapshot.auto.trigger.threshold = 10000 (custom)
2022-01-11 23:55:10,054 [pool-418-thread-1] INFO  server.RaftServerConfigKeys (ConfUtils.java:logGet(44)) - raft.server.snapshot.retention.file.num = 5 (custom)
2022-01-11 23:55:10,054 [pool-418-thread-1] INFO  server.RaftServerConfigKeys (ConfUtils.java:logGet(44)) - raft.server.log.purge.upto.snapshot.index = false (default)
2022-01-11 23:55:10,054 [pool-418-thread-1] INFO  server.RaftServerConfigKeys (ConfUtils.java:logGet(44)) - raft.server.retrycache.expirytime = 600000ms (custom)
2022-01-11 23:55:10,054 [pool-418-thread-1] INFO  server.RaftServerConfigKeys (ConfUtils.java:logGet(44)) - raft.server.retrycache.statistics.expirytime = 100μs (default)
2022-01-11 23:55:10,056 [pool-418-thread-1] INFO  server.RaftServer$Division (RaftServerImpl.java:<init>(184)) - 6b666312-5236-4d63-85d6-3705eb3fb30b: new RaftServerImpl for group-B7EECE8F9241:[6b666312-5236-4d63-85d6-3705eb3fb30b|rpc:10.1.0.37:38271|dataStream:|priority:0, 757e1abf-caf6-4356-ad73-d786994982ad|rpc:10.1.0.37:41749|dataStream:|priority:1, 77c66afc-fa73-4d89-b59d-9adc22a556cf|rpc:10.1.0.37:40587|dataStream:|priority:0] with ContainerStateMachine:uninitialized
2022-01-11 23:55:10,056 [pool-418-thread-1] INFO  server.RaftServerConfigKeys (ConfUtils.java:logGet(44)) - raft.server.rpc.timeout.min = 5s (custom)
2022-01-11 23:55:10,056 [pool-418-thread-1] INFO  server.RaftServerConfigKeys (ConfUtils.java:logGet(44)) - raft.server.rpc.timeout.max = 5200ms (custom)
2022-01-11 23:55:10,056 [pool-418-thread-1] INFO  server.RaftServerConfigKeys (ConfUtils.java:logGet(44)) - raft.server.rpc.sleep.time = 25ms (default)
2022-01-11 23:55:10,056 [pool-418-thread-1] INFO  server.RaftServerConfigKeys (ConfUtils.java:logGet(44)) - raft.server.rpc.slowness.timeout = 300000ms (custom)
2022-01-11 23:55:10,056 [pool-418-thread-1] INFO  server.RaftServerConfigKeys (ConfUtils.java:logGet(44)) - raft.server.leaderelection.leader.step-down.wait-time = 10s (default)
2022-01-11 23:55:10,056 [pool-418-thread-1] INFO  server.RaftServerConfigKeys (ConfUtils.java:logGet(44)) - raft.server.sleep.deviation.threshold = 300ms (default)
2022-01-11 23:55:10,056 [pool-418-thread-1] INFO  server.RaftServerConfigKeys (ConfUtils.java:logGet(44)) - raft.server.log.appender.install.snapshot.enabled = false (custom)
2022-01-11 23:55:10,056 [pool-418-thread-1] INFO  server.RaftServer$Division (ServerState.java:<init>(105)) - 6b666312-5236-4d63-85d6-3705eb3fb30b@group-B7EECE8F9241: ConfigurationManager, init=-1: [6b666312-5236-4d63-85d6-3705eb3fb30b|rpc:10.1.0.37:38271|dataStream:|priority:0, 757e1abf-caf6-4356-ad73-d786994982ad|rpc:10.1.0.37:41749|dataStream:|priority:1, 77c66afc-fa73-4d89-b59d-9adc22a556cf|rpc:10.1.0.37:40587|dataStream:|priority:0], old=null, confs=<EMPTY_MAP>
2022-01-11 23:55:10,056 [pool-418-thread-1] INFO  server.RaftServerConfigKeys (ConfUtils.java:logGet(44)) - raft.server.storage.dir = [/home/runner/work/ozone/ozone/hadoop-ozone/integration-test/target/test-dir/MiniOzoneClusterImpl-84b3519b-a2d3-47e7-8c84-34506f72c9f7/datanode-6/data/ratis] (custom)
2022-01-11 23:55:10,056 [pool-418-thread-1] INFO  server.RaftServerConfigKeys (ConfUtils.java:logGet(44)) - raft.server.log.corruption.policy = EXCEPTION (default)
2022-01-11 23:55:10,065 [pool-418-thread-1] INFO  server.RaftServerConfigKeys (ConfUtils.java:logGet(44)) - raft.server.storage.free-space.min = 0MB (=0) (default)
2022-01-11 23:55:10,065 [pool-418-thread-1] INFO  storage.RaftStorageDirectory (RaftStorageDirectoryImpl.java:analyzeStorage(135)) - The storage directory /home/runner/work/ozone/ozone/hadoop-ozone/integration-test/target/test-dir/MiniOzoneClusterImpl-84b3519b-a2d3-47e7-8c84-34506f72c9f7/datanode-6/data/ratis/2b2875fe-7bf9-4d91-8670-b7eece8f9241 does not exist. Creating ...
2022-01-11 23:55:10,066 [pool-418-thread-1] INFO  storage.RaftStorageDirectory (RaftStorageDirectoryImpl.java:tryLock(230)) - Lock on /home/runner/work/ozone/ozone/hadoop-ozone/integration-test/target/test-dir/MiniOzoneClusterImpl-84b3519b-a2d3-47e7-8c84-34506f72c9f7/datanode-6/data/ratis/2b2875fe-7bf9-4d91-8670-b7eece8f9241/in_use.lock acquired by nodename 350@fv-az59-280
2022-01-11 23:55:10,059 [Listener at 127.0.0.1/46043] INFO  segmented.SegmentedRaftLogWorker (SegmentedRaftLogWorker.java:close(237)) - om1@group-C5BA1605619E-SegmentedRaftLogWorker close()
2022-01-11 23:55:10,068 [Listener at 127.0.0.1/46043] INFO  server.GrpcService (GrpcService.java:closeImpl(262)) - om1: shutdown server with port 9872 now
2022-01-11 23:55:10,069 [Listener at 127.0.0.1/46043] INFO  server.GrpcService (GrpcService.java:closeImpl(271)) - om1: shutdown server with port 9872 successfully
2022-01-11 23:55:10,069 [org.apache.ratis.util.JvmPauseMonitor$$Lambda$538/836759902@4fa1a495] INFO  util.JvmPauseMonitor (JvmPauseMonitor.java:run(109)) - JvmPauseMonitor-om1: Stopped
2022-01-11 23:55:10,069 [Listener at 127.0.0.1/46043] INFO  ratis.OzoneManagerDoubleBuffer (OzoneManagerDoubleBuffer.java:stop(437)) - Stopping OMDoubleBuffer flush thread
2022-01-11 23:55:10,069 [OMDoubleBufferFlushThread] INFO  ratis.OzoneManagerDoubleBuffer (OzoneManagerDoubleBuffer.java:flushTransactions(356)) - OMDoubleBuffer flush thread OMDoubleBufferFlushThread is interrupted and will exit. OMDoubleBufferFlushThread
2022-01-11 23:55:10,069 [Listener at 127.0.0.1/46043] INFO  utils.BackgroundService (BackgroundService.java:shutdown(132)) - Shutting down service KeyDeletingService
2022-01-11 23:55:10,070 [Listener at 127.0.0.1/46043] INFO  utils.BackgroundService (BackgroundService.java:shutdown(132)) - Shutting down service DirectoryDeletingService
2022-01-11 23:55:10,070 [Listener at 127.0.0.1/46043] INFO  handler.ContextHandler (ContextHandler.java:doStop(1153)) - Stopped o.e.j.w.WebAppContext@388bafb1{ozoneManager,/,null,STOPPED}{file:/home/runner/work/ozone/ozone/hadoop-ozone/integration-test/target/test-classes/webapps/ozoneManager}
2022-01-11 23:55:10,071 [Listener at 127.0.0.1/46043] INFO  server.AbstractConnector (AbstractConnector.java:doStop(381)) - Stopped ServerConnector@19bc6203{HTTP/1.1, (http/1.1)}{0.0.0.0:0}
2022-01-11 23:55:10,071 [Listener at 127.0.0.1/46043] INFO  server.session (HouseKeeper.java:stopScavenging(149)) - node0 Stopped scavenging
2022-01-11 23:55:10,072 [Listener at 127.0.0.1/46043] INFO  handler.ContextHandler (ContextHandler.java:doStop(1153)) - Stopped o.e.j.s.ServletContextHandler@103be7cc{static,/static,file:///home/runner/work/ozone/ozone/hadoop-ozone/integration-test/target/test-classes/webapps/static,STOPPED}
2022-01-11 23:55:10,072 [Listener at 127.0.0.1/46043] INFO  handler.ContextHandler (ContextHandler.java:doStop(1153)) - Stopped o.e.j.s.ServletContextHandler@603941b8{logs,/logs,file:///home/runner/work/ozone/ozone/hadoop-ozone/integration-test/target/log,STOPPED}
2022-01-11 23:55:10,090 [pool-418-thread-1] INFO  storage.RaftStorage (RaftStorageImpl.java:format(89)) - Storage directory /home/runner/work/ozone/ozone/hadoop-ozone/integration-test/target/test-dir/MiniOzoneClusterImpl-84b3519b-a2d3-47e7-8c84-34506f72c9f7/datanode-6/data/ratis/2b2875fe-7bf9-4d91-8670-b7eece8f9241 has been successfully formatted.
2022-01-11 23:55:10,090 [pool-418-thread-1] INFO  ratis.ContainerStateMachine (ContainerStateMachine.java:loadSnapshot(231)) - group-B7EECE8F9241: The snapshot info is null. Setting the last applied indexto:(t:0, i:~)
2022-01-11 23:55:10,090 [pool-418-thread-1] INFO  server.RaftServerConfigKeys (ConfUtils.java:logGet(44)) - raft.server.notification.no-leader.timeout = 300000ms (custom)
2022-01-11 23:55:10,090 [pool-418-thread-1] INFO  server.RaftServerConfigKeys (ConfUtils.java:logGet(44)) - raft.server.log.use.memory = false (default)
2022-01-11 23:55:10,090 [pool-418-thread-1] INFO  server.RaftServerConfigKeys (ConfUtils.java:logGet(44)) - raft.server.log.purge.gap = 1000000 (custom)
2022-01-11 23:55:10,090 [pool-418-thread-1] INFO  server.RaftServerConfigKeys (ConfUtils.java:logGet(44)) - raft.server.log.appender.buffer.byte-limit = 33554432 (custom)
2022-01-11 23:55:10,091 [pool-418-thread-1] INFO  server.RaftServerConfigKeys (ConfUtils.java:logGet(44)) - raft.server.log.segment.size.max = 1048576 (custom)
2022-01-11 23:55:10,091 [pool-418-thread-1] INFO  server.RaftServerConfigKeys (ConfUtils.java:logGet(44)) - raft.server.log.segment.cache.num.max = 2 (custom)
2022-01-11 23:55:10,091 [pool-418-thread-1] INFO  server.RaftServerConfigKeys (ConfUtils.java:logGet(44)) - raft.server.log.segment.cache.size.max = 200MB (=209715200) (default)
2022-01-11 23:55:10,091 [pool-418-thread-1] INFO  segmented.SegmentedRaftLogWorker (SegmentedRaftLogWorker.java:<init>(182)) - new 6b666312-5236-4d63-85d6-3705eb3fb30b@group-B7EECE8F9241-SegmentedRaftLogWorker for RaftStorageImpl:Storage Directory /home/runner/work/ozone/ozone/hadoop-ozone/integration-test/target/test-dir/MiniOzoneClusterImpl-84b3519b-a2d3-47e7-8c84-34506f72c9f7/datanode-6/data/ratis/2b2875fe-7bf9-4d91-8670-b7eece8f9241
2022-01-11 23:55:10,091 [pool-418-thread-1] INFO  server.RaftServerConfigKeys (ConfUtils.java:logGet(44)) - raft.server.log.queue.byte-limit = 2147483647 (custom)
2022-01-11 23:55:10,091 [pool-418-thread-1] INFO  server.RaftServerConfigKeys (ConfUtils.java:logGet(44)) - raft.server.log.queue.element-limit = 1024 (custom)
2022-01-11 23:55:10,091 [pool-418-thread-1] INFO  server.RaftServerConfigKeys (ConfUtils.java:logGet(44)) - raft.server.log.segment.size.max = 1048576 (custom)
2022-01-11 23:55:10,091 [pool-418-thread-1] INFO  server.RaftServerConfigKeys (ConfUtils.java:logGet(44)) - raft.server.log.preallocated.size = 16384 (custom)
2022-01-11 23:55:10,091 [pool-418-thread-1] INFO  server.RaftServerConfigKeys (ConfUtils.java:logGet(44)) - raft.server.log.force.sync.num = 128 (default)
2022-01-11 23:55:10,091 [pool-418-thread-1] INFO  server.RaftServerConfigKeys (ConfUtils.java:logGet(44)) - raft.server.log.statemachine.data.sync = true (default)
2022-01-11 23:55:10,091 [pool-418-thread-1] INFO  server.RaftServerConfigKeys (ConfUtils.java:logGet(44)) - raft.server.log.statemachine.data.sync.timeout = 10s (default)
2022-01-11 23:55:10,091 [pool-418-thread-1] INFO  server.RaftServerConfigKeys (ConfUtils.java:logGet(44)) - raft.server.log.statemachine.data.sync.timeout.retry = -1 (default)
2022-01-11 23:55:10,092 [pool-418-thread-1] INFO  server.RaftServerConfigKeys (ConfUtils.java:logGet(44)) - raft.server.log.write.buffer.size = 1048576 (custom)
2022-01-11 23:55:10,092 [pool-418-thread-1] INFO  server.RaftServerConfigKeys (ConfUtils.java:logGet(44)) - raft.server.log.statemachine.data.caching.enabled = true (custom)
2022-01-11 23:55:10,092 [pool-418-thread-1] INFO  segmented.SegmentedRaftLogWorker (SegmentedRaftLogWorker.java:lambda$new$0(133)) - 6b666312-5236-4d63-85d6-3705eb3fb30b@group-B7EECE8F9241-SegmentedRaftLogWorker: flushIndex: setUnconditionally 0 -> -1
2022-01-11 23:55:10,093 [pool-418-thread-1] INFO  segmented.SegmentedRaftLogWorker (SegmentedRaftLogWorker.java:lambda$new$0(133)) - 6b666312-5236-4d63-85d6-3705eb3fb30b@group-B7EECE8F9241-SegmentedRaftLogWorker: safeCacheEvictIndex: setUnconditionally 0 -> -1
2022-01-11 23:55:10,110 [Listener at 127.0.0.1/46043] INFO  ozone.MiniOzoneClusterImpl (MiniOzoneClusterImpl.java:stopDatanodes(527)) - Stopping the HddsDatanodes
2022-01-11 23:55:10,123 [pool-418-thread-1] INFO  server.RaftServerConfigKeys (ConfUtils.java:logGet(44)) - raft.server.snapshot.auto.trigger.enabled = true (custom)
2022-01-11 23:55:10,124 [pool-418-thread-1] INFO  server.RaftServerConfigKeys (ConfUtils.java:logGet(44)) - raft.server.snapshot.auto.trigger.threshold = 10000 (custom)
2022-01-11 23:55:10,124 [pool-418-thread-1] INFO  server.RaftServerConfigKeys (ConfUtils.java:logGet(44)) - raft.server.snapshot.retention.file.num = 5 (custom)
2022-01-11 23:55:10,124 [pool-418-thread-1] INFO  server.RaftServerConfigKeys (ConfUtils.java:logGet(44)) - raft.server.log.purge.upto.snapshot.index = false (default)
2022-01-11 23:55:10,124 [pool-418-thread-1] INFO  server.RaftServerConfigKeys (ConfUtils.java:logGet(44)) - raft.server.retrycache.expirytime = 600000ms (custom)
2022-01-11 23:55:10,124 [pool-418-thread-1] INFO  server.RaftServerConfigKeys (ConfUtils.java:logGet(44)) - raft.server.retrycache.statistics.expirytime = 100μs (default)
2022-01-11 23:55:10,125 [pool-418-thread-1] INFO  server.RaftServer$Division (RaftServerImpl.java:start(301)) - 6b666312-5236-4d63-85d6-3705eb3fb30b@group-1E23594CE36A: start as a follower, conf=-1: [2a1c9333-8641-498a-88f2-87bcecbe0d18|rpc:10.1.0.37:38177|dataStream:|priority:0, 6b666312-5236-4d63-85d6-3705eb3fb30b|rpc:10.1.0.37:38271|dataStream:|priority:1, 757e1abf-caf6-4356-ad73-d786994982ad|rpc:10.1.0.37:41749|dataStream:|priority:0], old=null
2022-01-11 23:55:10,125 [pool-418-thread-1] INFO  server.RaftServer$Division (RaftServerImpl.java:setRole(290)) - 6b666312-5236-4d63-85d6-3705eb3fb30b@group-1E23594CE36A: changes role from      null to FOLLOWER at term 0 for startAsFollower
2022-01-11 23:55:10,125 [pool-418-thread-1] INFO  impl.RoleInfo (RoleInfo.java:updateAndGet(130)) - 6b666312-5236-4d63-85d6-3705eb3fb30b: start 6b666312-5236-4d63-85d6-3705eb3fb30b@group-1E23594CE36A-FollowerState
2022-01-11 23:55:10,133 [pool-418-thread-1] INFO  util.JmxRegister (JmxRegister.java:tryRegister(44)) - Successfully registered JMX Bean with object name Ratis:service=RaftServer,group=group-1E23594CE36A,id=6b666312-5236-4d63-85d6-3705eb3fb30b
2022-01-11 23:55:10,169 [pool-418-thread-1] INFO  server.RaftServer$Division (RaftServerImpl.java:start(301)) - 6b666312-5236-4d63-85d6-3705eb3fb30b@group-B7EECE8F9241: start as a follower, conf=-1: [6b666312-5236-4d63-85d6-3705eb3fb30b|rpc:10.1.0.37:38271|dataStream:|priority:0, 757e1abf-caf6-4356-ad73-d786994982ad|rpc:10.1.0.37:41749|dataStream:|priority:1, 77c66afc-fa73-4d89-b59d-9adc22a556cf|rpc:10.1.0.37:40587|dataStream:|priority:0], old=null
2022-01-11 23:55:10,169 [pool-418-thread-1] INFO  server.RaftServer$Division (RaftServerImpl.java:setRole(290)) - 6b666312-5236-4d63-85d6-3705eb3fb30b@group-B7EECE8F9241: changes role from      null to FOLLOWER at term 0 for startAsFollower
2022-01-11 23:55:10,169 [pool-418-thread-1] INFO  impl.RoleInfo (RoleInfo.java:updateAndGet(130)) - 6b666312-5236-4d63-85d6-3705eb3fb30b: start 6b666312-5236-4d63-85d6-3705eb3fb30b@group-B7EECE8F9241-FollowerState
2022-01-11 23:55:10,178 [pool-418-thread-1] INFO  util.JmxRegister (JmxRegister.java:tryRegister(44)) - Successfully registered JMX Bean with object name Ratis:service=RaftServer,group=group-B7EECE8F9241,id=6b666312-5236-4d63-85d6-3705eb3fb30b
2022-01-11 23:55:10,205 [Command processor thread] INFO  commandhandler.CreatePipelineCommandHandler (CreatePipelineCommandHandler.java:handle(106)) - Created Pipeline RATIS THREE PipelineID=f3dab52c-f49d-4ac3-8007-1e23594ce36a.
2022-01-11 23:55:10,205 [Command processor thread] INFO  server.RaftServer (RaftServerProxy.java:addNew(95)) - 2a1c9333-8641-498a-88f2-87bcecbe0d18: addNew group-F30F1A0B57EF:[6b666312-5236-4d63-85d6-3705eb3fb30b|rpc:10.1.0.37:38271|priority:0, 2a1c9333-8641-498a-88f2-87bcecbe0d18|rpc:10.1.0.37:38177|priority:1, 77c66afc-fa73-4d89-b59d-9adc22a556cf|rpc:10.1.0.37:40587|priority:0] returns group-F30F1A0B57EF:java.util.concurrent.CompletableFuture@735c66cb[Not completed]
2022-01-11 23:55:10,206 [pool-478-thread-1] INFO  server.RaftServer$Division (RaftServerImpl.java:<init>(184)) - 2a1c9333-8641-498a-88f2-87bcecbe0d18: new RaftServerImpl for group-F30F1A0B57EF:[6b666312-5236-4d63-85d6-3705eb3fb30b|rpc:10.1.0.37:38271|priority:0, 2a1c9333-8641-498a-88f2-87bcecbe0d18|rpc:10.1.0.37:38177|priority:1, 77c66afc-fa73-4d89-b59d-9adc22a556cf|rpc:10.1.0.37:40587|priority:0] with ContainerStateMachine:uninitialized
2022-01-11 23:55:10,206 [pool-478-thread-1] INFO  server.RaftServerConfigKeys (ConfUtils.java:logGet(44)) - raft.server.rpc.timeout.min = 5s (custom)
2022-01-11 23:55:10,206 [pool-478-thread-1] INFO  server.RaftServerConfigKeys (ConfUtils.java:logGet(44)) - raft.server.rpc.timeout.max = 5200ms (custom)
2022-01-11 23:55:10,206 [pool-478-thread-1] INFO  server.RaftServerConfigKeys (ConfUtils.java:logGet(44)) - raft.server.rpc.sleep.time = 25ms (default)
2022-01-11 23:55:10,206 [pool-478-thread-1] INFO  server.RaftServerConfigKeys (ConfUtils.java:logGet(44)) - raft.server.rpc.slowness.timeout = 300000ms (custom)
2022-01-11 23:55:10,206 [pool-478-thread-1] INFO  server.RaftServerConfigKeys (ConfUtils.java:logGet(44)) - raft.server.leaderelection.leader.step-down.wait-time = 10s (default)
2022-01-11 23:55:10,206 [pool-478-thread-1] INFO  server.RaftServerConfigKeys (ConfUtils.java:logGet(44)) - raft.server.sleep.deviation.threshold = 300ms (default)
2022-01-11 23:55:10,206 [pool-478-thread-1] INFO  server.RaftServerConfigKeys (ConfUtils.java:logGet(44)) - raft.server.log.appender.install.snapshot.enabled = false (custom)
2022-01-11 23:55:10,206 [pool-478-thread-1] INFO  server.RaftServer$Division (ServerState.java:<init>(105)) - 2a1c9333-8641-498a-88f2-87bcecbe0d18@group-F30F1A0B57EF: ConfigurationManager, init=-1: [6b666312-5236-4d63-85d6-3705eb3fb30b|rpc:10.1.0.37:38271|priority:0, 2a1c9333-8641-498a-88f2-87bcecbe0d18|rpc:10.1.0.37:38177|priority:1, 77c66afc-fa73-4d89-b59d-9adc22a556cf|rpc:10.1.0.37:40587|priority:0], old=null, confs=<EMPTY_MAP>
2022-01-11 23:55:10,206 [pool-478-thread-1] INFO  server.RaftServerConfigKeys (ConfUtils.java:logGet(44)) - raft.server.storage.dir = [/home/runner/work/ozone/ozone/hadoop-ozone/integration-test/target/test-dir/MiniOzoneClusterImpl-84b3519b-a2d3-47e7-8c84-34506f72c9f7/datanode-5/data/ratis] (custom)
2022-01-11 23:55:10,207 [pool-478-thread-1] INFO  server.RaftServerConfigKeys (ConfUtils.java:logGet(44)) - raft.server.log.corruption.policy = EXCEPTION (default)
2022-01-11 23:55:10,207 [pool-478-thread-1] INFO  server.RaftServerConfigKeys (ConfUtils.java:logGet(44)) - raft.server.storage.free-space.min = 0MB (=0) (default)
2022-01-11 23:55:10,207 [pool-478-thread-1] INFO  storage.RaftStorageDirectory (RaftStorageDirectoryImpl.java:analyzeStorage(135)) - The storage directory /home/runner/work/ozone/ozone/hadoop-ozone/integration-test/target/test-dir/MiniOzoneClusterImpl-84b3519b-a2d3-47e7-8c84-34506f72c9f7/datanode-5/data/ratis/6cfe6a42-a277-473f-b133-f30f1a0b57ef does not exist. Creating ...
2022-01-11 23:55:10,208 [pool-478-thread-1] INFO  storage.RaftStorageDirectory (RaftStorageDirectoryImpl.java:tryLock(230)) - Lock on /home/runner/work/ozone/ozone/hadoop-ozone/integration-test/target/test-dir/MiniOzoneClusterImpl-84b3519b-a2d3-47e7-8c84-34506f72c9f7/datanode-5/data/ratis/6cfe6a42-a277-473f-b133-f30f1a0b57ef/in_use.lock acquired by nodename 350@fv-az59-280
2022-01-11 23:55:10,209 [pool-478-thread-1] INFO  storage.RaftStorage (RaftStorageImpl.java:format(89)) - Storage directory /home/runner/work/ozone/ozone/hadoop-ozone/integration-test/target/test-dir/MiniOzoneClusterImpl-84b3519b-a2d3-47e7-8c84-34506f72c9f7/datanode-5/data/ratis/6cfe6a42-a277-473f-b133-f30f1a0b57ef has been successfully formatted.
2022-01-11 23:55:10,210 [pool-478-thread-1] INFO  ratis.ContainerStateMachine (ContainerStateMachine.java:loadSnapshot(231)) - group-F30F1A0B57EF: The snapshot info is null. Setting the last applied indexto:(t:0, i:~)
2022-01-11 23:55:10,210 [pool-478-thread-1] INFO  server.RaftServerConfigKeys (ConfUtils.java:logGet(44)) - raft.server.notification.no-leader.timeout = 300000ms (custom)
2022-01-11 23:55:10,210 [pool-478-thread-1] INFO  server.RaftServerConfigKeys (ConfUtils.java:logGet(44)) - raft.server.log.use.memory = false (default)
2022-01-11 23:55:10,210 [pool-478-thread-1] INFO  server.RaftServerConfigKeys (ConfUtils.java:logGet(44)) - raft.server.log.purge.gap = 1000000 (custom)
2022-01-11 23:55:10,210 [pool-478-thread-1] INFO  server.RaftServerConfigKeys (ConfUtils.java:logGet(44)) - raft.server.log.appender.buffer.byte-limit = 33554432 (custom)
2022-01-11 23:55:10,210 [pool-478-thread-1] INFO  server.RaftServerConfigKeys (ConfUtils.java:logGet(44)) - raft.server.log.segment.size.max = 1048576 (custom)
2022-01-11 23:55:10,211 [pool-478-thread-1] INFO  server.RaftServerConfigKeys (ConfUtils.java:logGet(44)) - raft.server.log.segment.cache.num.max = 2 (custom)
2022-01-11 23:55:10,211 [pool-478-thread-1] INFO  server.RaftServerConfigKeys (ConfUtils.java:logGet(44)) - raft.server.log.segment.cache.size.max = 200MB (=209715200) (default)
2022-01-11 23:55:10,211 [pool-478-thread-1] INFO  segmented.SegmentedRaftLogWorker (SegmentedRaftLogWorker.java:<init>(182)) - new 2a1c9333-8641-498a-88f2-87bcecbe0d18@group-F30F1A0B57EF-SegmentedRaftLogWorker for RaftStorageImpl:Storage Directory /home/runner/work/ozone/ozone/hadoop-ozone/integration-test/target/test-dir/MiniOzoneClusterImpl-84b3519b-a2d3-47e7-8c84-34506f72c9f7/datanode-5/data/ratis/6cfe6a42-a277-473f-b133-f30f1a0b57ef
2022-01-11 23:55:10,211 [pool-478-thread-1] INFO  server.RaftServerConfigKeys (ConfUtils.java:logGet(44)) - raft.server.log.queue.byte-limit = 2147483647 (custom)
2022-01-11 23:55:10,211 [pool-478-thread-1] INFO  server.RaftServerConfigKeys (ConfUtils.java:logGet(44)) - raft.server.log.queue.element-limit = 1024 (custom)
2022-01-11 23:55:10,211 [pool-478-thread-1] INFO  server.RaftServerConfigKeys (ConfUtils.java:logGet(44)) - raft.server.log.segment.size.max = 1048576 (custom)
2022-01-11 23:55:10,211 [pool-478-thread-1] INFO  server.RaftServerConfigKeys (ConfUtils.java:logGet(44)) - raft.server.log.preallocated.size = 16384 (custom)
2022-01-11 23:55:10,213 [pool-478-thread-1] INFO  server.RaftServerConfigKeys (ConfUtils.java:logGet(44)) - raft.server.log.force.sync.num = 128 (default)
2022-01-11 23:55:10,213 [pool-478-thread-1] INFO  server.RaftServerConfigKeys (ConfUtils.java:logGet(44)) - raft.server.log.statemachine.data.sync = true (default)
2022-01-11 23:55:10,213 [pool-478-thread-1] INFO  server.RaftServerConfigKeys (ConfUtils.java:logGet(44)) - raft.server.log.statemachine.data.sync.timeout = 10s (default)
2022-01-11 23:55:10,213 [pool-478-thread-1] INFO  server.RaftServerConfigKeys (ConfUtils.java:logGet(44)) - raft.server.log.statemachine.data.sync.timeout.retry = -1 (default)
2022-01-11 23:55:10,214 [pool-478-thread-1] INFO  server.RaftServerConfigKeys (ConfUtils.java:logGet(44)) - raft.server.log.write.buffer.size = 1048576 (custom)
2022-01-11 23:55:10,214 [pool-478-thread-1] INFO  server.RaftServerConfigKeys (ConfUtils.java:logGet(44)) - raft.server.log.statemachine.data.caching.enabled = true (custom)
2022-01-11 23:55:10,214 [pool-478-thread-1] INFO  segmented.SegmentedRaftLogWorker (SegmentedRaftLogWorker.java:lambda$new$0(133)) - 2a1c9333-8641-498a-88f2-87bcecbe0d18@group-F30F1A0B57EF-SegmentedRaftLogWorker: flushIndex: setUnconditionally 0 -> -1
2022-01-11 23:55:10,214 [pool-478-thread-1] INFO  segmented.SegmentedRaftLogWorker (SegmentedRaftLogWorker.java:lambda$new$0(133)) - 2a1c9333-8641-498a-88f2-87bcecbe0d18@group-F30F1A0B57EF-SegmentedRaftLogWorker: safeCacheEvictIndex: setUnconditionally 0 -> -1
2022-01-11 23:55:10,218 [pool-478-thread-1] INFO  server.RaftServerConfigKeys (ConfUtils.java:logGet(44)) - raft.server.snapshot.auto.trigger.enabled = true (custom)
2022-01-11 23:55:10,219 [pool-478-thread-1] INFO  server.RaftServerConfigKeys (ConfUtils.java:logGet(44)) - raft.server.snapshot.auto.trigger.threshold = 10000 (custom)
2022-01-11 23:55:10,219 [pool-478-thread-1] INFO  server.RaftServerConfigKeys (ConfUtils.java:logGet(44)) - raft.server.snapshot.retention.file.num = 5 (custom)
2022-01-11 23:55:10,219 [pool-478-thread-1] INFO  server.RaftServerConfigKeys (ConfUtils.java:logGet(44)) - raft.server.log.purge.upto.snapshot.index = false (default)
2022-01-11 23:55:10,219 [pool-478-thread-1] INFO  server.RaftServerConfigKeys (ConfUtils.java:logGet(44)) - raft.server.retrycache.expirytime = 600000ms (custom)
2022-01-11 23:55:10,219 [pool-478-thread-1] INFO  server.RaftServerConfigKeys (ConfUtils.java:logGet(44)) - raft.server.retrycache.statistics.expirytime = 100μs (default)
2022-01-11 23:55:10,220 [pool-478-thread-1] INFO  server.RaftServer$Division (RaftServerImpl.java:start(301)) - 2a1c9333-8641-498a-88f2-87bcecbe0d18@group-F30F1A0B57EF: start as a follower, conf=-1: [6b666312-5236-4d63-85d6-3705eb3fb30b|rpc:10.1.0.37:38271|priority:0, 2a1c9333-8641-498a-88f2-87bcecbe0d18|rpc:10.1.0.37:38177|priority:1, 77c66afc-fa73-4d89-b59d-9adc22a556cf|rpc:10.1.0.37:40587|priority:0], old=null
2022-01-11 23:55:10,220 [pool-478-thread-1] INFO  server.RaftServer$Division (RaftServerImpl.java:setRole(290)) - 2a1c9333-8641-498a-88f2-87bcecbe0d18@group-F30F1A0B57EF: changes role from      null to FOLLOWER at term 0 for startAsFollower
2022-01-11 23:55:10,220 [pool-478-thread-1] INFO  impl.RoleInfo (RoleInfo.java:updateAndGet(130)) - 2a1c9333-8641-498a-88f2-87bcecbe0d18: start 2a1c9333-8641-498a-88f2-87bcecbe0d18@group-F30F1A0B57EF-FollowerState
2022-01-11 23:55:10,236 [pool-376-thread-1] INFO  server.RaftServer$Division (RaftServerImpl.java:<init>(184)) - 757e1abf-caf6-4356-ad73-d786994982ad: new RaftServerImpl for group-B7EECE8F9241:[6b666312-5236-4d63-85d6-3705eb3fb30b|rpc:10.1.0.37:38271|dataStream:|priority:0, 757e1abf-caf6-4356-ad73-d786994982ad|rpc:10.1.0.37:41749|dataStream:|priority:1, 77c66afc-fa73-4d89-b59d-9adc22a556cf|rpc:10.1.0.37:40587|dataStream:|priority:0] with ContainerStateMachine:uninitialized
2022-01-11 23:55:10,242 [pool-376-thread-1] INFO  server.RaftServerConfigKeys (ConfUtils.java:logGet(44)) - raft.server.rpc.timeout.min = 5s (custom)
2022-01-11 23:55:10,242 [pool-376-thread-1] INFO  server.RaftServerConfigKeys (ConfUtils.java:logGet(44)) - raft.server.rpc.timeout.max = 5200ms (custom)
2022-01-11 23:55:10,242 [pool-376-thread-1] INFO  server.RaftServerConfigKeys (ConfUtils.java:logGet(44)) - raft.server.rpc.sleep.time = 25ms (default)
2022-01-11 23:55:10,242 [pool-376-thread-1] INFO  server.RaftServerConfigKeys (ConfUtils.java:logGet(44)) - raft.server.rpc.slowness.timeout = 300000ms (custom)
2022-01-11 23:55:10,243 [pool-376-thread-1] INFO  server.RaftServerConfigKeys (ConfUtils.java:logGet(44)) - raft.server.leaderelection.leader.step-down.wait-time = 10s (default)
2022-01-11 23:55:10,243 [pool-376-thread-1] INFO  server.RaftServerConfigKeys (ConfUtils.java:logGet(44)) - raft.server.sleep.deviation.threshold = 300ms (default)
2022-01-11 23:55:10,243 [pool-376-thread-1] INFO  server.RaftServerConfigKeys (ConfUtils.java:logGet(44)) - raft.server.log.appender.install.snapshot.enabled = false (custom)
2022-01-11 23:55:10,243 [pool-376-thread-1] INFO  server.RaftServer$Division (ServerState.java:<init>(105)) - 757e1abf-caf6-4356-ad73-d786994982ad@group-B7EECE8F9241: ConfigurationManager, init=-1: [6b666312-5236-4d63-85d6-3705eb3fb30b|rpc:10.1.0.37:38271|dataStream:|priority:0, 757e1abf-caf6-4356-ad73-d786994982ad|rpc:10.1.0.37:41749|dataStream:|priority:1, 77c66afc-fa73-4d89-b59d-9adc22a556cf|rpc:10.1.0.37:40587|dataStream:|priority:0], old=null, confs=<EMPTY_MAP>
2022-01-11 23:55:10,243 [pool-376-thread-1] INFO  server.RaftServerConfigKeys (ConfUtils.java:logGet(44)) - raft.server.storage.dir = [/home/runner/work/ozone/ozone/hadoop-ozone/integration-test/target/test-dir/MiniOzoneClusterImpl-84b3519b-a2d3-47e7-8c84-34506f72c9f7/datanode-4/data/ratis] (custom)
2022-01-11 23:55:10,243 [pool-376-thread-1] INFO  server.RaftServerConfigKeys (ConfUtils.java:logGet(44)) - raft.server.log.corruption.policy = EXCEPTION (default)
2022-01-11 23:55:10,243 [pool-376-thread-1] INFO  server.RaftServerConfigKeys (ConfUtils.java:logGet(44)) - raft.server.storage.free-space.min = 0MB (=0) (default)
2022-01-11 23:55:10,243 [pool-376-thread-1] INFO  storage.RaftStorageDirectory (RaftStorageDirectoryImpl.java:analyzeStorage(135)) - The storage directory /home/runner/work/ozone/ozone/hadoop-ozone/integration-test/target/test-dir/MiniOzoneClusterImpl-84b3519b-a2d3-47e7-8c84-34506f72c9f7/datanode-4/data/ratis/2b2875fe-7bf9-4d91-8670-b7eece8f9241 does not exist. Creating ...
2022-01-11 23:55:10,235 [grpc-default-executor-3] INFO  server.RaftServer (RaftServerProxy.java:addNew(95)) - 757e1abf-caf6-4356-ad73-d786994982ad: addNew group-B7EECE8F9241:[6b666312-5236-4d63-85d6-3705eb3fb30b|rpc:10.1.0.37:38271|dataStream:|priority:0, 757e1abf-caf6-4356-ad73-d786994982ad|rpc:10.1.0.37:41749|dataStream:|priority:1, 77c66afc-fa73-4d89-b59d-9adc22a556cf|rpc:10.1.0.37:40587|dataStream:|priority:0] returns group-B7EECE8F9241:java.util.concurrent.CompletableFuture@12bbc446[Not completed]
2022-01-11 23:55:10,231 [pool-418-thread-1] INFO  server.RaftServer$Division (RaftServerImpl.java:<init>(184)) - 6b666312-5236-4d63-85d6-3705eb3fb30b: new RaftServerImpl for group-F30F1A0B57EF:[6b666312-5236-4d63-85d6-3705eb3fb30b|rpc:10.1.0.37:38271|priority:0, 2a1c9333-8641-498a-88f2-87bcecbe0d18|rpc:10.1.0.37:38177|priority:1, 77c66afc-fa73-4d89-b59d-9adc22a556cf|rpc:10.1.0.37:40587|priority:0] with ContainerStateMachine:uninitialized
2022-01-11 23:55:10,244 [pool-418-thread-1] INFO  server.RaftServerConfigKeys (ConfUtils.java:logGet(44)) - raft.server.rpc.timeout.min = 5s (custom)
2022-01-11 23:55:10,244 [pool-418-thread-1] INFO  server.RaftServerConfigKeys (ConfUtils.java:logGet(44)) - raft.server.rpc.timeout.max = 5200ms (custom)
2022-01-11 23:55:10,244 [pool-418-thread-1] INFO  server.RaftServerConfigKeys (ConfUtils.java:logGet(44)) - raft.server.rpc.sleep.time = 25ms (default)
2022-01-11 23:55:10,244 [pool-418-thread-1] INFO  server.RaftServerConfigKeys (ConfUtils.java:logGet(44)) - raft.server.rpc.slowness.timeout = 300000ms (custom)
2022-01-11 23:55:10,230 [Command processor thread] INFO  server.RaftServer (RaftServerProxy.java:addNew(95)) - 6b666312-5236-4d63-85d6-3705eb3fb30b: addNew group-F30F1A0B57EF:[6b666312-5236-4d63-85d6-3705eb3fb30b|rpc:10.1.0.37:38271|priority:0, 2a1c9333-8641-498a-88f2-87bcecbe0d18|rpc:10.1.0.37:38177|priority:1, 77c66afc-fa73-4d89-b59d-9adc22a556cf|rpc:10.1.0.37:40587|priority:0] returns group-F30F1A0B57EF:java.util.concurrent.CompletableFuture@79dd1d66[Not completed]
2022-01-11 23:55:10,244 [pool-418-thread-1] INFO  server.RaftServerConfigKeys (ConfUtils.java:logGet(44)) - raft.server.leaderelection.leader.step-down.wait-time = 10s (default)
2022-01-11 23:55:10,244 [pool-418-thread-1] INFO  server.RaftServerConfigKeys (ConfUtils.java:logGet(44)) - raft.server.sleep.deviation.threshold = 300ms (default)
2022-01-11 23:55:10,244 [pool-418-thread-1] INFO  server.RaftServerConfigKeys (ConfUtils.java:logGet(44)) - raft.server.log.appender.install.snapshot.enabled = false (custom)
2022-01-11 23:55:10,244 [pool-418-thread-1] INFO  server.RaftServer$Division (ServerState.java:<init>(105)) - 6b666312-5236-4d63-85d6-3705eb3fb30b@group-F30F1A0B57EF: ConfigurationManager, init=-1: [6b666312-5236-4d63-85d6-3705eb3fb30b|rpc:10.1.0.37:38271|priority:0, 2a1c9333-8641-498a-88f2-87bcecbe0d18|rpc:10.1.0.37:38177|priority:1, 77c66afc-fa73-4d89-b59d-9adc22a556cf|rpc:10.1.0.37:40587|priority:0], old=null, confs=<EMPTY_MAP>
2022-01-11 23:55:10,244 [pool-418-thread-1] INFO  server.RaftServerConfigKeys (ConfUtils.java:logGet(44)) - raft.server.storage.dir = [/home/runner/work/ozone/ozone/hadoop-ozone/integration-test/target/test-dir/MiniOzoneClusterImpl-84b3519b-a2d3-47e7-8c84-34506f72c9f7/datanode-6/data/ratis] (custom)
2022-01-11 23:55:10,244 [pool-418-thread-1] INFO  server.RaftServerConfigKeys (ConfUtils.java:logGet(44)) - raft.server.log.corruption.policy = EXCEPTION (default)
2022-01-11 23:55:10,244 [pool-418-thread-1] INFO  server.RaftServerConfigKeys (ConfUtils.java:logGet(44)) - raft.server.storage.free-space.min = 0MB (=0) (default)
2022-01-11 23:55:10,244 [pool-418-thread-1] INFO  storage.RaftStorageDirectory (RaftStorageDirectoryImpl.java:analyzeStorage(135)) - The storage directory /home/runner/work/ozone/ozone/hadoop-ozone/integration-test/target/test-dir/MiniOzoneClusterImpl-84b3519b-a2d3-47e7-8c84-34506f72c9f7/datanode-6/data/ratis/6cfe6a42-a277-473f-b133-f30f1a0b57ef does not exist. Creating ...
2022-01-11 23:55:10,244 [pool-376-thread-1] INFO  storage.RaftStorageDirectory (RaftStorageDirectoryImpl.java:tryLock(230)) - Lock on /home/runner/work/ozone/ozone/hadoop-ozone/integration-test/target/test-dir/MiniOzoneClusterImpl-84b3519b-a2d3-47e7-8c84-34506f72c9f7/datanode-4/data/ratis/2b2875fe-7bf9-4d91-8670-b7eece8f9241/in_use.lock acquired by nodename 350@fv-az59-280
2022-01-11 23:55:10,245 [pool-376-thread-1] INFO  storage.RaftStorage (RaftStorageImpl.java:format(89)) - Storage directory /home/runner/work/ozone/ozone/hadoop-ozone/integration-test/target/test-dir/MiniOzoneClusterImpl-84b3519b-a2d3-47e7-8c84-34506f72c9f7/datanode-4/data/ratis/2b2875fe-7bf9-4d91-8670-b7eece8f9241 has been successfully formatted.
2022-01-11 23:55:10,246 [pool-418-thread-1] INFO  storage.RaftStorageDirectory (RaftStorageDirectoryImpl.java:tryLock(230)) - Lock on /home/runner/work/ozone/ozone/hadoop-ozone/integration-test/target/test-dir/MiniOzoneClusterImpl-84b3519b-a2d3-47e7-8c84-34506f72c9f7/datanode-6/data/ratis/6cfe6a42-a277-473f-b133-f30f1a0b57ef/in_use.lock acquired by nodename 350@fv-az59-280
2022-01-11 23:55:10,247 [pool-418-thread-1] INFO  storage.RaftStorage (RaftStorageImpl.java:format(89)) - Storage directory /home/runner/work/ozone/ozone/hadoop-ozone/integration-test/target/test-dir/MiniOzoneClusterImpl-84b3519b-a2d3-47e7-8c84-34506f72c9f7/datanode-6/data/ratis/6cfe6a42-a277-473f-b133-f30f1a0b57ef has been successfully formatted.
2022-01-11 23:55:10,259 [pool-478-thread-1] INFO  util.JmxRegister (JmxRegister.java:tryRegister(44)) - Successfully registered JMX Bean with object name Ratis:service=RaftServer,group=group-F30F1A0B57EF,id=2a1c9333-8641-498a-88f2-87bcecbe0d18
2022-01-11 23:55:10,278 [pool-418-thread-1] INFO  ratis.ContainerStateMachine (ContainerStateMachine.java:loadSnapshot(231)) - group-F30F1A0B57EF: The snapshot info is null. Setting the last applied indexto:(t:0, i:~)
2022-01-11 23:55:10,278 [Command processor thread] INFO  ratis.XceiverServerRatis (XceiverServerRatis.java:addGroup(768)) - Created group PipelineID=6cfe6a42-a277-473f-b133-f30f1a0b57ef
2022-01-11 23:55:10,282 [pool-418-thread-1] INFO  server.RaftServerConfigKeys (ConfUtils.java:logGet(44)) - raft.server.notification.no-leader.timeout = 300000ms (custom)
2022-01-11 23:55:10,282 [pool-418-thread-1] INFO  server.RaftServerConfigKeys (ConfUtils.java:logGet(44)) - raft.server.log.use.memory = false (default)
2022-01-11 23:55:10,282 [pool-418-thread-1] INFO  server.RaftServerConfigKeys (ConfUtils.java:logGet(44)) - raft.server.log.purge.gap = 1000000 (custom)
2022-01-11 23:55:10,282 [pool-418-thread-1] INFO  server.RaftServerConfigKeys (ConfUtils.java:logGet(44)) - raft.server.log.appender.buffer.byte-limit = 33554432 (custom)
2022-01-11 23:55:10,283 [pool-418-thread-1] INFO  server.RaftServerConfigKeys (ConfUtils.java:logGet(44)) - raft.server.log.segment.size.max = 1048576 (custom)
2022-01-11 23:55:10,283 [pool-418-thread-1] INFO  server.RaftServerConfigKeys (ConfUtils.java:logGet(44)) - raft.server.log.segment.cache.num.max = 2 (custom)
2022-01-11 23:55:10,283 [pool-418-thread-1] INFO  server.RaftServerConfigKeys (ConfUtils.java:logGet(44)) - raft.server.log.segment.cache.size.max = 200MB (=209715200) (default)
2022-01-11 23:55:10,283 [pool-418-thread-1] INFO  segmented.SegmentedRaftLogWorker (SegmentedRaftLogWorker.java:<init>(182)) - new 6b666312-5236-4d63-85d6-3705eb3fb30b@group-F30F1A0B57EF-SegmentedRaftLogWorker for RaftStorageImpl:Storage Directory /home/runner/work/ozone/ozone/hadoop-ozone/integration-test/target/test-dir/MiniOzoneClusterImpl-84b3519b-a2d3-47e7-8c84-34506f72c9f7/datanode-6/data/ratis/6cfe6a42-a277-473f-b133-f30f1a0b57ef
2022-01-11 23:55:10,283 [pool-418-thread-1] INFO  server.RaftServerConfigKeys (ConfUtils.java:logGet(44)) - raft.server.log.queue.byte-limit = 2147483647 (custom)
2022-01-11 23:55:10,283 [pool-418-thread-1] INFO  server.RaftServerConfigKeys (ConfUtils.java:logGet(44)) - raft.server.log.queue.element-limit = 1024 (custom)
2022-01-11 23:55:10,283 [pool-418-thread-1] INFO  server.RaftServerConfigKeys (ConfUtils.java:logGet(44)) - raft.server.log.segment.size.max = 1048576 (custom)
2022-01-11 23:55:10,283 [pool-418-thread-1] INFO  server.RaftServerConfigKeys (ConfUtils.java:logGet(44)) - raft.server.log.preallocated.size = 16384 (custom)
2022-01-11 23:55:10,283 [pool-418-thread-1] INFO  server.RaftServerConfigKeys (ConfUtils.java:logGet(44)) - raft.server.log.force.sync.num = 128 (default)
2022-01-11 23:55:10,283 [pool-418-thread-1] INFO  server.RaftServerConfigKeys (ConfUtils.java:logGet(44)) - raft.server.log.statemachine.data.sync = true (default)
2022-01-11 23:55:10,283 [pool-418-thread-1] INFO  server.RaftServerConfigKeys (ConfUtils.java:logGet(44)) - raft.server.log.statemachine.data.sync.timeout = 10s (default)
2022-01-11 23:55:10,283 [pool-418-thread-1] INFO  server.RaftServerConfigKeys (ConfUtils.java:logGet(44)) - raft.server.log.statemachine.data.sync.timeout.retry = -1 (default)
2022-01-11 23:55:10,293 [pool-376-thread-1] INFO  ratis.ContainerStateMachine (ContainerStateMachine.java:loadSnapshot(231)) - group-B7EECE8F9241: The snapshot info is null. Setting the last applied indexto:(t:0, i:~)
2022-01-11 23:55:10,293 [pool-376-thread-1] INFO  server.RaftServerConfigKeys (ConfUtils.java:logGet(44)) - raft.server.notification.no-leader.timeout = 300000ms (custom)
2022-01-11 23:55:10,293 [pool-376-thread-1] INFO  server.RaftServerConfigKeys (ConfUtils.java:logGet(44)) - raft.server.log.use.memory = false (default)
2022-01-11 23:55:10,293 [pool-376-thread-1] INFO  server.RaftServerConfigKeys (ConfUtils.java:logGet(44)) - raft.server.log.purge.gap = 1000000 (custom)
2022-01-11 23:55:10,293 [pool-376-thread-1] INFO  server.RaftServerConfigKeys (ConfUtils.java:logGet(44)) - raft.server.log.appender.buffer.byte-limit = 33554432 (custom)
2022-01-11 23:55:10,293 [pool-376-thread-1] INFO  server.RaftServerConfigKeys (ConfUtils.java:logGet(44)) - raft.server.log.segment.size.max = 1048576 (custom)
2022-01-11 23:55:10,294 [pool-376-thread-1] INFO  server.RaftServerConfigKeys (ConfUtils.java:logGet(44)) - raft.server.log.segment.cache.num.max = 2 (custom)
2022-01-11 23:55:10,294 [pool-376-thread-1] INFO  server.RaftServerConfigKeys (ConfUtils.java:logGet(44)) - raft.server.log.segment.cache.size.max = 200MB (=209715200) (default)
2022-01-11 23:55:10,294 [pool-376-thread-1] INFO  segmented.SegmentedRaftLogWorker (SegmentedRaftLogWorker.java:<init>(182)) - new 757e1abf-caf6-4356-ad73-d786994982ad@group-B7EECE8F9241-SegmentedRaftLogWorker for RaftStorageImpl:Storage Directory /home/runner/work/ozone/ozone/hadoop-ozone/integration-test/target/test-dir/MiniOzoneClusterImpl-84b3519b-a2d3-47e7-8c84-34506f72c9f7/datanode-4/data/ratis/2b2875fe-7bf9-4d91-8670-b7eece8f9241
2022-01-11 23:55:10,294 [pool-376-thread-1] INFO  server.RaftServerConfigKeys (ConfUtils.java:logGet(44)) - raft.server.log.queue.byte-limit = 2147483647 (custom)
2022-01-11 23:55:10,294 [pool-376-thread-1] INFO  server.RaftServerConfigKeys (ConfUtils.java:logGet(44)) - raft.server.log.queue.element-limit = 1024 (custom)
2022-01-11 23:55:10,294 [pool-376-thread-1] INFO  server.RaftServerConfigKeys (ConfUtils.java:logGet(44)) - raft.server.log.segment.size.max = 1048576 (custom)
2022-01-11 23:55:10,294 [pool-376-thread-1] INFO  server.RaftServerConfigKeys (ConfUtils.java:logGet(44)) - raft.server.log.preallocated.size = 16384 (custom)
2022-01-11 23:55:10,294 [pool-376-thread-1] INFO  server.RaftServerConfigKeys (ConfUtils.java:logGet(44)) - raft.server.log.force.sync.num = 128 (default)
2022-01-11 23:55:10,294 [pool-376-thread-1] INFO  server.RaftServerConfigKeys (ConfUtils.java:logGet(44)) - raft.server.log.statemachine.data.sync = true (default)
2022-01-11 23:55:10,294 [pool-376-thread-1] INFO  server.RaftServerConfigKeys (ConfUtils.java:logGet(44)) - raft.server.log.statemachine.data.sync.timeout = 10s (default)
2022-01-11 23:55:10,294 [pool-376-thread-1] INFO  server.RaftServerConfigKeys (ConfUtils.java:logGet(44)) - raft.server.log.statemachine.data.sync.timeout.retry = -1 (default)
2022-01-11 23:55:10,295 [pool-376-thread-1] INFO  server.RaftServerConfigKeys (ConfUtils.java:logGet(44)) - raft.server.log.write.buffer.size = 1048576 (custom)
2022-01-11 23:55:10,295 [pool-376-thread-1] INFO  server.RaftServerConfigKeys (ConfUtils.java:logGet(44)) - raft.server.log.statemachine.data.caching.enabled = true (custom)
2022-01-11 23:55:10,295 [pool-376-thread-1] INFO  segmented.SegmentedRaftLogWorker (SegmentedRaftLogWorker.java:lambda$new$0(133)) - 757e1abf-caf6-4356-ad73-d786994982ad@group-B7EECE8F9241-SegmentedRaftLogWorker: flushIndex: setUnconditionally 0 -> -1
2022-01-11 23:55:10,296 [pool-376-thread-1] INFO  segmented.SegmentedRaftLogWorker (SegmentedRaftLogWorker.java:lambda$new$0(133)) - 757e1abf-caf6-4356-ad73-d786994982ad@group-B7EECE8F9241-SegmentedRaftLogWorker: safeCacheEvictIndex: setUnconditionally 0 -> -1
2022-01-11 23:55:10,309 [pool-418-thread-1] INFO  server.RaftServerConfigKeys (ConfUtils.java:logGet(44)) - raft.server.log.write.buffer.size = 1048576 (custom)
2022-01-11 23:55:10,309 [pool-418-thread-1] INFO  server.RaftServerConfigKeys (ConfUtils.java:logGet(44)) - raft.server.log.statemachine.data.caching.enabled = true (custom)
2022-01-11 23:55:10,309 [pool-418-thread-1] INFO  segmented.SegmentedRaftLogWorker (SegmentedRaftLogWorker.java:lambda$new$0(133)) - 6b666312-5236-4d63-85d6-3705eb3fb30b@group-F30F1A0B57EF-SegmentedRaftLogWorker: flushIndex: setUnconditionally 0 -> -1
2022-01-11 23:55:10,309 [pool-418-thread-1] INFO  segmented.SegmentedRaftLogWorker (SegmentedRaftLogWorker.java:lambda$new$0(133)) - 6b666312-5236-4d63-85d6-3705eb3fb30b@group-F30F1A0B57EF-SegmentedRaftLogWorker: safeCacheEvictIndex: setUnconditionally 0 -> -1
2022-01-11 23:55:10,320 [pool-376-thread-1] INFO  server.RaftServerConfigKeys (ConfUtils.java:logGet(44)) - raft.server.snapshot.auto.trigger.enabled = true (custom)
2022-01-11 23:55:10,320 [pool-376-thread-1] INFO  server.RaftServerConfigKeys (ConfUtils.java:logGet(44)) - raft.server.snapshot.auto.trigger.threshold = 10000 (custom)
2022-01-11 23:55:10,320 [pool-376-thread-1] INFO  server.RaftServerConfigKeys (ConfUtils.java:logGet(44)) - raft.server.snapshot.retention.file.num = 5 (custom)
2022-01-11 23:55:10,320 [pool-376-thread-1] INFO  server.RaftServerConfigKeys (ConfUtils.java:logGet(44)) - raft.server.log.purge.upto.snapshot.index = false (default)
2022-01-11 23:55:10,320 [pool-376-thread-1] INFO  server.RaftServerConfigKeys (ConfUtils.java:logGet(44)) - raft.server.retrycache.expirytime = 600000ms (custom)
2022-01-11 23:55:10,320 [pool-376-thread-1] INFO  server.RaftServerConfigKeys (ConfUtils.java:logGet(44)) - raft.server.retrycache.statistics.expirytime = 100μs (default)
2022-01-11 23:55:10,321 [pool-376-thread-1] INFO  server.RaftServer$Division (RaftServerImpl.java:start(301)) - 757e1abf-caf6-4356-ad73-d786994982ad@group-B7EECE8F9241: start as a follower, conf=-1: [6b666312-5236-4d63-85d6-3705eb3fb30b|rpc:10.1.0.37:38271|dataStream:|priority:0, 757e1abf-caf6-4356-ad73-d786994982ad|rpc:10.1.0.37:41749|dataStream:|priority:1, 77c66afc-fa73-4d89-b59d-9adc22a556cf|rpc:10.1.0.37:40587|dataStream:|priority:0], old=null
2022-01-11 23:55:10,321 [pool-376-thread-1] INFO  server.RaftServer$Division (RaftServerImpl.java:setRole(290)) - 757e1abf-caf6-4356-ad73-d786994982ad@group-B7EECE8F9241: changes role from      null to FOLLOWER at term 0 for startAsFollower
2022-01-11 23:55:10,321 [pool-376-thread-1] INFO  impl.RoleInfo (RoleInfo.java:updateAndGet(130)) - 757e1abf-caf6-4356-ad73-d786994982ad: start 757e1abf-caf6-4356-ad73-d786994982ad@group-B7EECE8F9241-FollowerState
2022-01-11 23:55:10,337 [pool-376-thread-1] INFO  util.JmxRegister (JmxRegister.java:tryRegister(44)) - Successfully registered JMX Bean with object name Ratis:service=RaftServer,group=group-B7EECE8F9241,id=757e1abf-caf6-4356-ad73-d786994982ad
2022-01-11 23:55:10,385 [pool-418-thread-1] INFO  server.RaftServerConfigKeys (ConfUtils.java:logGet(44)) - raft.server.snapshot.auto.trigger.enabled = true (custom)
2022-01-11 23:55:10,385 [pool-418-thread-1] INFO  server.RaftServerConfigKeys (ConfUtils.java:logGet(44)) - raft.server.snapshot.auto.trigger.threshold = 10000 (custom)
2022-01-11 23:55:10,385 [pool-418-thread-1] INFO  server.RaftServerConfigKeys (ConfUtils.java:logGet(44)) - raft.server.snapshot.retention.file.num = 5 (custom)
2022-01-11 23:55:10,385 [pool-418-thread-1] INFO  server.RaftServerConfigKeys (ConfUtils.java:logGet(44)) - raft.server.log.purge.upto.snapshot.index = false (default)
2022-01-11 23:55:10,385 [pool-418-thread-1] INFO  server.RaftServerConfigKeys (ConfUtils.java:logGet(44)) - raft.server.retrycache.expirytime = 600000ms (custom)
2022-01-11 23:55:10,385 [pool-418-thread-1] INFO  server.RaftServerConfigKeys (ConfUtils.java:logGet(44)) - raft.server.retrycache.statistics.expirytime = 100μs (default)
2022-01-11 23:55:10,387 [pool-418-thread-1] INFO  server.RaftServer$Division (RaftServerImpl.java:start(301)) - 6b666312-5236-4d63-85d6-3705eb3fb30b@group-F30F1A0B57EF: start as a follower, conf=-1: [6b666312-5236-4d63-85d6-3705eb3fb30b|rpc:10.1.0.37:38271|priority:0, 2a1c9333-8641-498a-88f2-87bcecbe0d18|rpc:10.1.0.37:38177|priority:1, 77c66afc-fa73-4d89-b59d-9adc22a556cf|rpc:10.1.0.37:40587|priority:0], old=null
2022-01-11 23:55:10,387 [pool-418-thread-1] INFO  server.RaftServer$Division (RaftServerImpl.java:setRole(290)) - 6b666312-5236-4d63-85d6-3705eb3fb30b@group-F30F1A0B57EF: changes role from      null to FOLLOWER at term 0 for startAsFollower
2022-01-11 23:55:10,387 [pool-418-thread-1] INFO  impl.RoleInfo (RoleInfo.java:updateAndGet(130)) - 6b666312-5236-4d63-85d6-3705eb3fb30b: start 6b666312-5236-4d63-85d6-3705eb3fb30b@group-F30F1A0B57EF-FollowerState
2022-01-11 23:55:10,389 [pool-418-thread-1] INFO  util.JmxRegister (JmxRegister.java:tryRegister(44)) - Successfully registered JMX Bean with object name Ratis:service=RaftServer,group=group-F30F1A0B57EF,id=6b666312-5236-4d63-85d6-3705eb3fb30b
2022-01-11 23:55:10,390 [Command processor thread] INFO  ratis.XceiverServerRatis (XceiverServerRatis.java:addGroup(768)) - Created group PipelineID=6cfe6a42-a277-473f-b133-f30f1a0b57ef
2022-01-11 23:55:10,483 [grpc-default-executor-5] INFO  server.RaftServer (RaftServerProxy.java:addNew(95)) - 77c66afc-fa73-4d89-b59d-9adc22a556cf: addNew group-F30F1A0B57EF:[6b666312-5236-4d63-85d6-3705eb3fb30b|rpc:10.1.0.37:38271|dataStream:|priority:0, 2a1c9333-8641-498a-88f2-87bcecbe0d18|rpc:10.1.0.37:38177|dataStream:|priority:1, 77c66afc-fa73-4d89-b59d-9adc22a556cf|rpc:10.1.0.37:40587|dataStream:|priority:0] returns group-F30F1A0B57EF:java.util.concurrent.CompletableFuture@7205ec45[Not completed]
2022-01-11 23:55:10,483 [pool-355-thread-1] INFO  server.RaftServer$Division (RaftServerImpl.java:<init>(184)) - 77c66afc-fa73-4d89-b59d-9adc22a556cf: new RaftServerImpl for group-F30F1A0B57EF:[6b666312-5236-4d63-85d6-3705eb3fb30b|rpc:10.1.0.37:38271|dataStream:|priority:0, 2a1c9333-8641-498a-88f2-87bcecbe0d18|rpc:10.1.0.37:38177|dataStream:|priority:1, 77c66afc-fa73-4d89-b59d-9adc22a556cf|rpc:10.1.0.37:40587|dataStream:|priority:0] with ContainerStateMachine:uninitialized
2022-01-11 23:55:10,483 [pool-355-thread-1] INFO  server.RaftServerConfigKeys (ConfUtils.java:logGet(44)) - raft.server.rpc.timeout.min = 5s (custom)
2022-01-11 23:55:10,483 [pool-355-thread-1] INFO  server.RaftServerConfigKeys (ConfUtils.java:logGet(44)) - raft.server.rpc.timeout.max = 5200ms (custom)
2022-01-11 23:55:10,483 [pool-355-thread-1] INFO  server.RaftServerConfigKeys (ConfUtils.java:logGet(44)) - raft.server.rpc.sleep.time = 25ms (default)
2022-01-11 23:55:10,483 [pool-355-thread-1] INFO  server.RaftServerConfigKeys (ConfUtils.java:logGet(44)) - raft.server.rpc.slowness.timeout = 300000ms (custom)
2022-01-11 23:55:10,484 [pool-355-thread-1] INFO  server.RaftServerConfigKeys (ConfUtils.java:logGet(44)) - raft.server.leaderelection.leader.step-down.wait-time = 10s (default)
2022-01-11 23:55:10,484 [pool-355-thread-1] INFO  server.RaftServerConfigKeys (ConfUtils.java:logGet(44)) - raft.server.sleep.deviation.threshold = 300ms (default)
2022-01-11 23:55:10,484 [pool-355-thread-1] INFO  server.RaftServerConfigKeys (ConfUtils.java:logGet(44)) - raft.server.log.appender.install.snapshot.enabled = false (custom)
2022-01-11 23:55:10,484 [pool-355-thread-1] INFO  server.RaftServer$Division (ServerState.java:<init>(105)) - 77c66afc-fa73-4d89-b59d-9adc22a556cf@group-F30F1A0B57EF: ConfigurationManager, init=-1: [6b666312-5236-4d63-85d6-3705eb3fb30b|rpc:10.1.0.37:38271|dataStream:|priority:0, 2a1c9333-8641-498a-88f2-87bcecbe0d18|rpc:10.1.0.37:38177|dataStream:|priority:1, 77c66afc-fa73-4d89-b59d-9adc22a556cf|rpc:10.1.0.37:40587|dataStream:|priority:0], old=null, confs=<EMPTY_MAP>
2022-01-11 23:55:10,484 [pool-355-thread-1] INFO  server.RaftServerConfigKeys (ConfUtils.java:logGet(44)) - raft.server.storage.dir = [/home/runner/work/ozone/ozone/hadoop-ozone/integration-test/target/test-dir/MiniOzoneClusterImpl-84b3519b-a2d3-47e7-8c84-34506f72c9f7/datanode-3/data/ratis] (custom)
2022-01-11 23:55:10,484 [pool-355-thread-1] INFO  server.RaftServerConfigKeys (ConfUtils.java:logGet(44)) - raft.server.log.corruption.policy = EXCEPTION (default)
2022-01-11 23:55:10,484 [pool-355-thread-1] INFO  server.RaftServerConfigKeys (ConfUtils.java:logGet(44)) - raft.server.storage.free-space.min = 0MB (=0) (default)
2022-01-11 23:55:10,484 [pool-355-thread-1] INFO  storage.RaftStorageDirectory (RaftStorageDirectoryImpl.java:analyzeStorage(135)) - The storage directory /home/runner/work/ozone/ozone/hadoop-ozone/integration-test/target/test-dir/MiniOzoneClusterImpl-84b3519b-a2d3-47e7-8c84-34506f72c9f7/datanode-3/data/ratis/6cfe6a42-a277-473f-b133-f30f1a0b57ef does not exist. Creating ...
2022-01-11 23:55:10,485 [pool-355-thread-1] INFO  storage.RaftStorageDirectory (RaftStorageDirectoryImpl.java:tryLock(230)) - Lock on /home/runner/work/ozone/ozone/hadoop-ozone/integration-test/target/test-dir/MiniOzoneClusterImpl-84b3519b-a2d3-47e7-8c84-34506f72c9f7/datanode-3/data/ratis/6cfe6a42-a277-473f-b133-f30f1a0b57ef/in_use.lock acquired by nodename 350@fv-az59-280
2022-01-11 23:55:10,486 [pool-355-thread-1] INFO  storage.RaftStorage (RaftStorageImpl.java:format(89)) - Storage directory /home/runner/work/ozone/ozone/hadoop-ozone/integration-test/target/test-dir/MiniOzoneClusterImpl-84b3519b-a2d3-47e7-8c84-34506f72c9f7/datanode-3/data/ratis/6cfe6a42-a277-473f-b133-f30f1a0b57ef has been successfully formatted.
2022-01-11 23:55:10,486 [pool-355-thread-1] INFO  ratis.ContainerStateMachine (ContainerStateMachine.java:loadSnapshot(231)) - group-F30F1A0B57EF: The snapshot info is null. Setting the last applied indexto:(t:0, i:~)
2022-01-11 23:55:10,517 [pool-355-thread-1] INFO  server.RaftServerConfigKeys (ConfUtils.java:logGet(44)) - raft.server.notification.no-leader.timeout = 300000ms (custom)
2022-01-11 23:55:10,517 [pool-355-thread-1] INFO  server.RaftServerConfigKeys (ConfUtils.java:logGet(44)) - raft.server.log.use.memory = false (default)
2022-01-11 23:55:10,517 [pool-355-thread-1] INFO  server.RaftServerConfigKeys (ConfUtils.java:logGet(44)) - raft.server.log.purge.gap = 1000000 (custom)
2022-01-11 23:55:10,517 [pool-355-thread-1] INFO  server.RaftServerConfigKeys (ConfUtils.java:logGet(44)) - raft.server.log.appender.buffer.byte-limit = 33554432 (custom)
2022-01-11 23:55:10,517 [pool-355-thread-1] INFO  server.RaftServerConfigKeys (ConfUtils.java:logGet(44)) - raft.server.log.segment.size.max = 1048576 (custom)
2022-01-11 23:55:10,517 [pool-355-thread-1] INFO  server.RaftServerConfigKeys (ConfUtils.java:logGet(44)) - raft.server.log.segment.cache.num.max = 2 (custom)
2022-01-11 23:55:10,517 [pool-355-thread-1] INFO  server.RaftServerConfigKeys (ConfUtils.java:logGet(44)) - raft.server.log.segment.cache.size.max = 200MB (=209715200) (default)
2022-01-11 23:55:10,517 [pool-355-thread-1] INFO  segmented.SegmentedRaftLogWorker (SegmentedRaftLogWorker.java:<init>(182)) - new 77c66afc-fa73-4d89-b59d-9adc22a556cf@group-F30F1A0B57EF-SegmentedRaftLogWorker for RaftStorageImpl:Storage Directory /home/runner/work/ozone/ozone/hadoop-ozone/integration-test/target/test-dir/MiniOzoneClusterImpl-84b3519b-a2d3-47e7-8c84-34506f72c9f7/datanode-3/data/ratis/6cfe6a42-a277-473f-b133-f30f1a0b57ef
2022-01-11 23:55:10,517 [pool-355-thread-1] INFO  server.RaftServerConfigKeys (ConfUtils.java:logGet(44)) - raft.server.log.queue.byte-limit = 2147483647 (custom)
2022-01-11 23:55:10,517 [pool-355-thread-1] INFO  server.RaftServerConfigKeys (ConfUtils.java:logGet(44)) - raft.server.log.queue.element-limit = 1024 (custom)
2022-01-11 23:55:10,518 [pool-355-thread-1] INFO  server.RaftServerConfigKeys (ConfUtils.java:logGet(44)) - raft.server.log.segment.size.max = 1048576 (custom)
2022-01-11 23:55:10,518 [pool-355-thread-1] INFO  server.RaftServerConfigKeys (ConfUtils.java:logGet(44)) - raft.server.log.preallocated.size = 16384 (custom)
2022-01-11 23:55:10,518 [pool-355-thread-1] INFO  server.RaftServerConfigKeys (ConfUtils.java:logGet(44)) - raft.server.log.force.sync.num = 128 (default)
2022-01-11 23:55:10,518 [pool-355-thread-1] INFO  server.RaftServerConfigKeys (ConfUtils.java:logGet(44)) - raft.server.log.statemachine.data.sync = true (default)
2022-01-11 23:55:10,518 [pool-355-thread-1] INFO  server.RaftServerConfigKeys (ConfUtils.java:logGet(44)) - raft.server.log.statemachine.data.sync.timeout = 10s (default)
2022-01-11 23:55:10,518 [pool-355-thread-1] INFO  server.RaftServerConfigKeys (ConfUtils.java:logGet(44)) - raft.server.log.statemachine.data.sync.timeout.retry = -1 (default)
2022-01-11 23:55:10,518 [pool-355-thread-1] INFO  server.RaftServerConfigKeys (ConfUtils.java:logGet(44)) - raft.server.log.write.buffer.size = 1048576 (custom)
2022-01-11 23:55:10,519 [pool-355-thread-1] INFO  server.RaftServerConfigKeys (ConfUtils.java:logGet(44)) - raft.server.log.statemachine.data.caching.enabled = true (custom)
2022-01-11 23:55:10,519 [pool-355-thread-1] INFO  segmented.SegmentedRaftLogWorker (SegmentedRaftLogWorker.java:lambda$new$0(133)) - 77c66afc-fa73-4d89-b59d-9adc22a556cf@group-F30F1A0B57EF-SegmentedRaftLogWorker: flushIndex: setUnconditionally 0 -> -1
2022-01-11 23:55:10,519 [pool-355-thread-1] INFO  segmented.SegmentedRaftLogWorker (SegmentedRaftLogWorker.java:lambda$new$0(133)) - 77c66afc-fa73-4d89-b59d-9adc22a556cf@group-F30F1A0B57EF-SegmentedRaftLogWorker: safeCacheEvictIndex: setUnconditionally 0 -> -1
2022-01-11 23:55:10,535 [pool-355-thread-1] INFO  server.RaftServerConfigKeys (ConfUtils.java:logGet(44)) - raft.server.snapshot.auto.trigger.enabled = true (custom)
2022-01-11 23:55:10,535 [pool-355-thread-1] INFO  server.RaftServerConfigKeys (ConfUtils.java:logGet(44)) - raft.server.snapshot.auto.trigger.threshold = 10000 (custom)
2022-01-11 23:55:10,535 [pool-355-thread-1] INFO  server.RaftServerConfigKeys (ConfUtils.java:logGet(44)) - raft.server.snapshot.retention.file.num = 5 (custom)
2022-01-11 23:55:10,535 [pool-355-thread-1] INFO  server.RaftServerConfigKeys (ConfUtils.java:logGet(44)) - raft.server.log.purge.upto.snapshot.index = false (default)
2022-01-11 23:55:10,535 [pool-355-thread-1] INFO  server.RaftServerConfigKeys (ConfUtils.java:logGet(44)) - raft.server.retrycache.expirytime = 600000ms (custom)
2022-01-11 23:55:10,535 [pool-355-thread-1] INFO  server.RaftServerConfigKeys (ConfUtils.java:logGet(44)) - raft.server.retrycache.statistics.expirytime = 100μs (default)
2022-01-11 23:55:10,536 [pool-355-thread-1] INFO  server.RaftServer$Division (RaftServerImpl.java:start(301)) - 77c66afc-fa73-4d89-b59d-9adc22a556cf@group-F30F1A0B57EF: start as a follower, conf=-1: [6b666312-5236-4d63-85d6-3705eb3fb30b|rpc:10.1.0.37:38271|dataStream:|priority:0, 2a1c9333-8641-498a-88f2-87bcecbe0d18|rpc:10.1.0.37:38177|dataStream:|priority:1, 77c66afc-fa73-4d89-b59d-9adc22a556cf|rpc:10.1.0.37:40587|dataStream:|priority:0], old=null
2022-01-11 23:55:10,536 [pool-355-thread-1] INFO  server.RaftServer$Division (RaftServerImpl.java:setRole(290)) - 77c66afc-fa73-4d89-b59d-9adc22a556cf@group-F30F1A0B57EF: changes role from      null to FOLLOWER at term 0 for startAsFollower
2022-01-11 23:55:10,536 [pool-355-thread-1] INFO  impl.RoleInfo (RoleInfo.java:updateAndGet(130)) - 77c66afc-fa73-4d89-b59d-9adc22a556cf: start 77c66afc-fa73-4d89-b59d-9adc22a556cf@group-F30F1A0B57EF-FollowerState
2022-01-11 23:55:10,537 [pool-355-thread-1] INFO  util.JmxRegister (JmxRegister.java:tryRegister(44)) - Successfully registered JMX Bean with object name Ratis:service=RaftServer,group=group-F30F1A0B57EF,id=77c66afc-fa73-4d89-b59d-9adc22a556cf
2022-01-11 23:55:10,638 [Command processor thread] INFO  commandhandler.CreatePipelineCommandHandler (CreatePipelineCommandHandler.java:handle(106)) - Created Pipeline RATIS THREE PipelineID=6cfe6a42-a277-473f-b133-f30f1a0b57ef.
2022-01-11 23:55:10,642 [Command processor thread] INFO  commandhandler.CreatePipelineCommandHandler (CreatePipelineCommandHandler.java:handle(106)) - Created Pipeline RATIS THREE PipelineID=6cfe6a42-a277-473f-b133-f30f1a0b57ef.
2022-01-11 23:55:14,523 [2a1c9333-8641-498a-88f2-87bcecbe0d18@group-9D82FB37D1D1-FollowerState] INFO  impl.FollowerState (FollowerState.java:run(134)) - 2a1c9333-8641-498a-88f2-87bcecbe0d18@group-9D82FB37D1D1-FollowerState: change to CANDIDATE, lastRpcElapsedTime:5069898943ns, electionTimeout:5069ms
2022-01-11 23:55:14,523 [2a1c9333-8641-498a-88f2-87bcecbe0d18@group-9D82FB37D1D1-FollowerState] INFO  impl.RoleInfo (RoleInfo.java:shutdownFollowerState(108)) - 2a1c9333-8641-498a-88f2-87bcecbe0d18: shutdown 2a1c9333-8641-498a-88f2-87bcecbe0d18@group-9D82FB37D1D1-FollowerState
2022-01-11 23:55:14,524 [2a1c9333-8641-498a-88f2-87bcecbe0d18@group-9D82FB37D1D1-FollowerState] INFO  server.RaftServer$Division (RaftServerImpl.java:setRole(290)) - 2a1c9333-8641-498a-88f2-87bcecbe0d18@group-9D82FB37D1D1: changes role from  FOLLOWER to CANDIDATE at term 0 for changeToCandidate
2022-01-11 23:55:14,524 [2a1c9333-8641-498a-88f2-87bcecbe0d18@group-9D82FB37D1D1-FollowerState] INFO  server.RaftServerConfigKeys (ConfUtils.java:logGet(44)) - raft.server.leaderelection.pre-vote = false (custom)
2022-01-11 23:55:14,524 [2a1c9333-8641-498a-88f2-87bcecbe0d18@group-9D82FB37D1D1-FollowerState] INFO  impl.RoleInfo (RoleInfo.java:updateAndGet(130)) - 2a1c9333-8641-498a-88f2-87bcecbe0d18: start 2a1c9333-8641-498a-88f2-87bcecbe0d18@group-9D82FB37D1D1-LeaderElection65
2022-01-11 23:55:14,538 [2a1c9333-8641-498a-88f2-87bcecbe0d18@group-9D82FB37D1D1-LeaderElection65] INFO  impl.LeaderElection (LeaderElection.java:askForVotes(306)) - 2a1c9333-8641-498a-88f2-87bcecbe0d18@group-9D82FB37D1D1-LeaderElection65 ELECTION round 0: submit vote requests at term 1 for -1: [2a1c9333-8641-498a-88f2-87bcecbe0d18|rpc:10.1.0.37:38177|priority:0, 757e1abf-caf6-4356-ad73-d786994982ad|rpc:10.1.0.37:41749|priority:0, 77c66afc-fa73-4d89-b59d-9adc22a556cf|rpc:10.1.0.37:40587|priority:1], old=null
2022-01-11 23:55:14,556 [grpc-default-executor-5] INFO  server.RaftServer$Division (RaftServerImpl.java:requestVote(1046)) - 757e1abf-caf6-4356-ad73-d786994982ad@group-9D82FB37D1D1: receive requestVote(ELECTION, 2a1c9333-8641-498a-88f2-87bcecbe0d18, group-9D82FB37D1D1, 1, (t:0, i:0))
2022-01-11 23:55:14,558 [grpc-default-executor-5] INFO  impl.VoteContext (VoteContext.java:log(48)) - 757e1abf-caf6-4356-ad73-d786994982ad@group-9D82FB37D1D1-FOLLOWER: accept ELECTION from 2a1c9333-8641-498a-88f2-87bcecbe0d18: our priority 0 <= candidate's priority 0
2022-01-11 23:55:14,558 [grpc-default-executor-5] INFO  server.RaftServer$Division (RaftServerImpl.java:setRole(290)) - 757e1abf-caf6-4356-ad73-d786994982ad@group-9D82FB37D1D1: changes role from  FOLLOWER to FOLLOWER at term 1 for candidate:2a1c9333-8641-498a-88f2-87bcecbe0d18
2022-01-11 23:55:14,558 [grpc-default-executor-5] INFO  impl.RoleInfo (RoleInfo.java:shutdownFollowerState(108)) - 757e1abf-caf6-4356-ad73-d786994982ad: shutdown 757e1abf-caf6-4356-ad73-d786994982ad@group-9D82FB37D1D1-FollowerState
2022-01-11 23:55:14,558 [grpc-default-executor-5] INFO  impl.RoleInfo (RoleInfo.java:updateAndGet(130)) - 757e1abf-caf6-4356-ad73-d786994982ad: start 757e1abf-caf6-4356-ad73-d786994982ad@group-9D82FB37D1D1-FollowerState
2022-01-11 23:55:14,558 [757e1abf-caf6-4356-ad73-d786994982ad@group-9D82FB37D1D1-FollowerState] INFO  impl.FollowerState (FollowerState.java:run(143)) - 757e1abf-caf6-4356-ad73-d786994982ad@group-9D82FB37D1D1-FollowerState was interrupted: {}
java.lang.InterruptedException: sleep interrupted
	at java.lang.Thread.sleep(Native Method)
	at java.lang.Thread.sleep(Thread.java:340)
	at java.util.concurrent.TimeUnit.sleep(TimeUnit.java:386)
	at org.apache.ratis.util.TimeDuration.sleep(TimeDuration.java:324)
	at org.apache.ratis.util.TimeDuration.sleep(TimeDuration.java:309)
	at org.apache.ratis.server.impl.FollowerState.run(FollowerState.java:118)
2022-01-11 23:55:14,572 [grpc-default-executor-5] INFO  server.RaftServer$Division (RaftServerImpl.java:requestVote(1078)) - 757e1abf-caf6-4356-ad73-d786994982ad@group-9D82FB37D1D1 replies to ELECTION vote request: 2a1c9333-8641-498a-88f2-87bcecbe0d18<-757e1abf-caf6-4356-ad73-d786994982ad#0:OK-t1. Peer's state: 757e1abf-caf6-4356-ad73-d786994982ad@group-9D82FB37D1D1:t1, leader=null, voted=2a1c9333-8641-498a-88f2-87bcecbe0d18, raftlog=757e1abf-caf6-4356-ad73-d786994982ad@group-9D82FB37D1D1-SegmentedRaftLog:OPENED:c-1, conf=-1: [2a1c9333-8641-498a-88f2-87bcecbe0d18|rpc:10.1.0.37:38177|dataStream:|priority:0, 757e1abf-caf6-4356-ad73-d786994982ad|rpc:10.1.0.37:41749|dataStream:|priority:0, 77c66afc-fa73-4d89-b59d-9adc22a556cf|rpc:10.1.0.37:40587|dataStream:|priority:1], old=null
2022-01-11 23:55:14,576 [grpc-default-executor-5] INFO  server.RaftServer$Division (RaftServerImpl.java:requestVote(1046)) - 77c66afc-fa73-4d89-b59d-9adc22a556cf@group-9D82FB37D1D1: receive requestVote(ELECTION, 2a1c9333-8641-498a-88f2-87bcecbe0d18, group-9D82FB37D1D1, 1, (t:0, i:0))
2022-01-11 23:55:14,576 [grpc-default-executor-5] INFO  impl.VoteContext (VoteContext.java:log(48)) - 77c66afc-fa73-4d89-b59d-9adc22a556cf@group-9D82FB37D1D1-FOLLOWER: reject ELECTION from 2a1c9333-8641-498a-88f2-87bcecbe0d18: our priority 1 > candidate's priority 0
2022-01-11 23:55:14,576 [grpc-default-executor-5] INFO  server.RaftServer$Division (RaftServerImpl.java:setRole(290)) - 77c66afc-fa73-4d89-b59d-9adc22a556cf@group-9D82FB37D1D1: changes role from  FOLLOWER to FOLLOWER at term 1 for candidate:2a1c9333-8641-498a-88f2-87bcecbe0d18
2022-01-11 23:55:14,576 [grpc-default-executor-5] INFO  impl.RoleInfo (RoleInfo.java:shutdownFollowerState(108)) - 77c66afc-fa73-4d89-b59d-9adc22a556cf: shutdown 77c66afc-fa73-4d89-b59d-9adc22a556cf@group-9D82FB37D1D1-FollowerState
2022-01-11 23:55:14,576 [grpc-default-executor-5] INFO  impl.RoleInfo (RoleInfo.java:updateAndGet(130)) - 77c66afc-fa73-4d89-b59d-9adc22a556cf: start 77c66afc-fa73-4d89-b59d-9adc22a556cf@group-9D82FB37D1D1-FollowerState
2022-01-11 23:55:14,576 [77c66afc-fa73-4d89-b59d-9adc22a556cf@group-9D82FB37D1D1-FollowerState] INFO  impl.FollowerState (FollowerState.java:run(143)) - 77c66afc-fa73-4d89-b59d-9adc22a556cf@group-9D82FB37D1D1-FollowerState was interrupted: {}
java.lang.InterruptedException: sleep interrupted
	at java.lang.Thread.sleep(Native Method)
	at java.lang.Thread.sleep(Thread.java:340)
	at java.util.concurrent.TimeUnit.sleep(TimeUnit.java:386)
	at org.apache.ratis.util.TimeDuration.sleep(TimeDuration.java:324)
	at org.apache.ratis.util.TimeDuration.sleep(TimeDuration.java:309)
	at org.apache.ratis.server.impl.FollowerState.run(FollowerState.java:118)
2022-01-11 23:55:14,579 [grpc-default-executor-5] INFO  server.RaftServer$Division (RaftServerImpl.java:requestVote(1078)) - 77c66afc-fa73-4d89-b59d-9adc22a556cf@group-9D82FB37D1D1 replies to ELECTION vote request: 2a1c9333-8641-498a-88f2-87bcecbe0d18<-77c66afc-fa73-4d89-b59d-9adc22a556cf#0:FAIL-t1. Peer's state: 77c66afc-fa73-4d89-b59d-9adc22a556cf@group-9D82FB37D1D1:t1, leader=null, voted=null, raftlog=77c66afc-fa73-4d89-b59d-9adc22a556cf@group-9D82FB37D1D1-SegmentedRaftLog:OPENED:c-1, conf=-1: [2a1c9333-8641-498a-88f2-87bcecbe0d18|rpc:10.1.0.37:38177|dataStream:|priority:0, 757e1abf-caf6-4356-ad73-d786994982ad|rpc:10.1.0.37:41749|dataStream:|priority:0, 77c66afc-fa73-4d89-b59d-9adc22a556cf|rpc:10.1.0.37:40587|dataStream:|priority:1], old=null
2022-01-11 23:55:14,582 [2a1c9333-8641-498a-88f2-87bcecbe0d18@group-9D82FB37D1D1-LeaderElection65] INFO  impl.LeaderElection (LeaderElection.java:logAndReturn(89)) - 2a1c9333-8641-498a-88f2-87bcecbe0d18@group-9D82FB37D1D1-LeaderElection65: ELECTION REJECTED received 2 response(s) and 0 exception(s):
2022-01-11 23:55:14,582 [2a1c9333-8641-498a-88f2-87bcecbe0d18@group-9D82FB37D1D1-LeaderElection65] INFO  impl.LeaderElection (LeaderElection.java:logAndReturn(93)) -   Response 0: 2a1c9333-8641-498a-88f2-87bcecbe0d18<-757e1abf-caf6-4356-ad73-d786994982ad#0:OK-t1
2022-01-11 23:55:14,582 [2a1c9333-8641-498a-88f2-87bcecbe0d18@group-9D82FB37D1D1-LeaderElection65] INFO  impl.LeaderElection (LeaderElection.java:logAndReturn(93)) -   Response 1: 2a1c9333-8641-498a-88f2-87bcecbe0d18<-77c66afc-fa73-4d89-b59d-9adc22a556cf#0:FAIL-t1
2022-01-11 23:55:14,583 [2a1c9333-8641-498a-88f2-87bcecbe0d18@group-9D82FB37D1D1-LeaderElection65] INFO  impl.LeaderElection (LeaderElection.java:askForVotes(308)) - 2a1c9333-8641-498a-88f2-87bcecbe0d18@group-9D82FB37D1D1-LeaderElection65 ELECTION round 0: result REJECTED
2022-01-11 23:55:14,583 [2a1c9333-8641-498a-88f2-87bcecbe0d18@group-9D82FB37D1D1-LeaderElection65] INFO  server.RaftServer$Division (RaftServerImpl.java:setRole(290)) - 2a1c9333-8641-498a-88f2-87bcecbe0d18@group-9D82FB37D1D1: changes role from CANDIDATE to FOLLOWER at term 1 for REJECTED
2022-01-11 23:55:14,584 [2a1c9333-8641-498a-88f2-87bcecbe0d18@group-9D82FB37D1D1-LeaderElection65] INFO  impl.RoleInfo (RoleInfo.java:shutdownLeaderElection(121)) - 2a1c9333-8641-498a-88f2-87bcecbe0d18: shutdown 2a1c9333-8641-498a-88f2-87bcecbe0d18@group-9D82FB37D1D1-LeaderElection65
2022-01-11 23:55:14,584 [2a1c9333-8641-498a-88f2-87bcecbe0d18@group-9D82FB37D1D1-LeaderElection65] INFO  impl.RoleInfo (RoleInfo.java:updateAndGet(130)) - 2a1c9333-8641-498a-88f2-87bcecbe0d18: start 2a1c9333-8641-498a-88f2-87bcecbe0d18@group-9D82FB37D1D1-FollowerState
2022-01-11 23:55:14,610 [2a1c9333-8641-498a-88f2-87bcecbe0d18@group-193840CE15A7-FollowerState] INFO  impl.FollowerState (FollowerState.java:run(134)) - 2a1c9333-8641-498a-88f2-87bcecbe0d18@group-193840CE15A7-FollowerState: change to CANDIDATE, lastRpcElapsedTime:5189223132ns, electionTimeout:5183ms
2022-01-11 23:55:14,611 [2a1c9333-8641-498a-88f2-87bcecbe0d18@group-193840CE15A7-FollowerState] INFO  impl.RoleInfo (RoleInfo.java:shutdownFollowerState(108)) - 2a1c9333-8641-498a-88f2-87bcecbe0d18: shutdown 2a1c9333-8641-498a-88f2-87bcecbe0d18@group-193840CE15A7-FollowerState
2022-01-11 23:55:14,611 [2a1c9333-8641-498a-88f2-87bcecbe0d18@group-193840CE15A7-FollowerState] INFO  server.RaftServer$Division (RaftServerImpl.java:setRole(290)) - 2a1c9333-8641-498a-88f2-87bcecbe0d18@group-193840CE15A7: changes role from  FOLLOWER to CANDIDATE at term 0 for changeToCandidate
2022-01-11 23:55:14,611 [2a1c9333-8641-498a-88f2-87bcecbe0d18@group-193840CE15A7-FollowerState] INFO  server.RaftServerConfigKeys (ConfUtils.java:logGet(44)) - raft.server.leaderelection.pre-vote = false (custom)
2022-01-11 23:55:14,611 [2a1c9333-8641-498a-88f2-87bcecbe0d18@group-193840CE15A7-FollowerState] INFO  impl.RoleInfo (RoleInfo.java:updateAndGet(130)) - 2a1c9333-8641-498a-88f2-87bcecbe0d18: start 2a1c9333-8641-498a-88f2-87bcecbe0d18@group-193840CE15A7-LeaderElection66
2022-01-11 23:55:14,637 [2a1c9333-8641-498a-88f2-87bcecbe0d18@group-193840CE15A7-LeaderElection66] INFO  impl.LeaderElection (LeaderElection.java:askForVotes(306)) - 2a1c9333-8641-498a-88f2-87bcecbe0d18@group-193840CE15A7-LeaderElection66 ELECTION round 0: submit vote requests at term 1 for -1: [2a1c9333-8641-498a-88f2-87bcecbe0d18|rpc:10.1.0.37:38177|priority:1], old=null
2022-01-11 23:55:14,637 [2a1c9333-8641-498a-88f2-87bcecbe0d18@group-193840CE15A7-LeaderElection66] INFO  impl.LeaderElection (LeaderElection.java:askForVotes(308)) - 2a1c9333-8641-498a-88f2-87bcecbe0d18@group-193840CE15A7-LeaderElection66 ELECTION round 0: result PASSED (term=1)
2022-01-11 23:55:14,637 [2a1c9333-8641-498a-88f2-87bcecbe0d18@group-193840CE15A7-LeaderElection66] INFO  impl.RoleInfo (RoleInfo.java:shutdownLeaderElection(121)) - 2a1c9333-8641-498a-88f2-87bcecbe0d18: shutdown 2a1c9333-8641-498a-88f2-87bcecbe0d18@group-193840CE15A7-LeaderElection66
2022-01-11 23:55:14,637 [2a1c9333-8641-498a-88f2-87bcecbe0d18@group-193840CE15A7-LeaderElection66] INFO  server.RaftServer$Division (RaftServerImpl.java:setRole(290)) - 2a1c9333-8641-498a-88f2-87bcecbe0d18@group-193840CE15A7: changes role from CANDIDATE to LEADER at term 1 for changeToLeader
2022-01-11 23:55:14,637 [2a1c9333-8641-498a-88f2-87bcecbe0d18@group-193840CE15A7-LeaderElection66] INFO  ratis.XceiverServerRatis (XceiverServerRatis.java:handleLeaderChangedNotification(866)) - Leader change notification received for group: group-193840CE15A7 with new leaderId: 2a1c9333-8641-498a-88f2-87bcecbe0d18
2022-01-11 23:55:14,637 [2a1c9333-8641-498a-88f2-87bcecbe0d18@group-193840CE15A7-LeaderElection66] INFO  server.RaftServer$Division (ServerState.java:setLeader(285)) - 2a1c9333-8641-498a-88f2-87bcecbe0d18@group-193840CE15A7: change Leader from null to 2a1c9333-8641-498a-88f2-87bcecbe0d18 at term 1 for becomeLeader, leader elected after 5248ms
2022-01-11 23:55:14,637 [2a1c9333-8641-498a-88f2-87bcecbe0d18@group-193840CE15A7-LeaderElection66] INFO  server.RaftServerConfigKeys (ConfUtils.java:logGet(44)) - raft.server.staging.catchup.gap = 1000 (default)
2022-01-11 23:55:14,637 [2a1c9333-8641-498a-88f2-87bcecbe0d18@group-193840CE15A7-LeaderElection66] INFO  server.RaftServerConfigKeys (ConfUtils.java:logGet(44)) - raft.server.write.element-limit = 1024 (custom)
2022-01-11 23:55:14,638 [2a1c9333-8641-498a-88f2-87bcecbe0d18@group-193840CE15A7-LeaderElection66] INFO  server.RaftServerConfigKeys (ConfUtils.java:logGet(44)) - raft.server.write.byte-limit = 1024 M (=1073741824) (custom)
2022-01-11 23:55:14,639 [2a1c9333-8641-498a-88f2-87bcecbe0d18@group-193840CE15A7-LeaderElection66] INFO  server.RaftServerConfigKeys (ConfUtils.java:logGet(44)) - raft.server.watch.timeout = 3000ms (custom)
2022-01-11 23:55:14,639 [2a1c9333-8641-498a-88f2-87bcecbe0d18@group-193840CE15A7-LeaderElection66] INFO  server.RaftServerConfigKeys (ConfUtils.java:logGet(44)) - raft.server.watch.timeout.denomination = 1s (default)
2022-01-11 23:55:14,639 [2a1c9333-8641-498a-88f2-87bcecbe0d18@group-193840CE15A7-LeaderElection66] INFO  server.RaftServerConfigKeys (ConfUtils.java:logGet(44)) - raft.server.watch.element-limit = 65536 (default)
2022-01-11 23:55:14,639 [2a1c9333-8641-498a-88f2-87bcecbe0d18@group-193840CE15A7-LeaderElection66] INFO  server.RaftServerConfigKeys (ConfUtils.java:logGet(44)) - raft.server.write.element-limit = 1024 (custom)
2022-01-11 23:55:14,639 [2a1c9333-8641-498a-88f2-87bcecbe0d18@group-193840CE15A7-LeaderElection66] INFO  server.RaftServerConfigKeys (ConfUtils.java:logGet(44)) - raft.server.write.follower.gap.ratio.max = -1.0 (default)
2022-01-11 23:55:14,639 [2a1c9333-8641-498a-88f2-87bcecbe0d18@group-193840CE15A7-LeaderElection66] INFO  impl.RoleInfo (RoleInfo.java:updateAndGet(130)) - 2a1c9333-8641-498a-88f2-87bcecbe0d18: start 2a1c9333-8641-498a-88f2-87bcecbe0d18@group-193840CE15A7-LeaderStateImpl
2022-01-11 23:55:14,640 [2a1c9333-8641-498a-88f2-87bcecbe0d18@group-193840CE15A7-LeaderElection66] INFO  segmented.SegmentedRaftLogWorker (SegmentedRaftLogWorker.java:startLogSegment(394)) - 2a1c9333-8641-498a-88f2-87bcecbe0d18@group-193840CE15A7-SegmentedRaftLogWorker: Starting segment from index:0
2022-01-11 23:55:14,641 [2a1c9333-8641-498a-88f2-87bcecbe0d18@group-193840CE15A7-SegmentedRaftLogWorker] INFO  segmented.SegmentedRaftLogWorker (SegmentedRaftLogWorker.java:execute(601)) - 2a1c9333-8641-498a-88f2-87bcecbe0d18@group-193840CE15A7-SegmentedRaftLogWorker: created new log segment /home/runner/work/ozone/ozone/hadoop-ozone/integration-test/target/test-dir/MiniOzoneClusterImpl-84b3519b-a2d3-47e7-8c84-34506f72c9f7/datanode-5/data/ratis/2fd6ff84-a058-46cb-bad8-193840ce15a7/current/log_inprogress_0
2022-01-11 23:55:14,656 [2a1c9333-8641-498a-88f2-87bcecbe0d18@group-193840CE15A7-LeaderElection66] INFO  server.RaftServer$Division (ServerState.java:setRaftConf(387)) - 2a1c9333-8641-498a-88f2-87bcecbe0d18@group-193840CE15A7: set configuration 0: [2a1c9333-8641-498a-88f2-87bcecbe0d18|rpc:10.1.0.37:38177|dataStream:|priority:1], old=null
2022-01-11 23:55:14,974 [2a1c9333-8641-498a-88f2-87bcecbe0d18@group-1E23594CE36A-FollowerState] INFO  impl.FollowerState (FollowerState.java:run(134)) - 2a1c9333-8641-498a-88f2-87bcecbe0d18@group-1E23594CE36A-FollowerState: change to CANDIDATE, lastRpcElapsedTime:5154059380ns, electionTimeout:5152ms
2022-01-11 23:55:14,974 [2a1c9333-8641-498a-88f2-87bcecbe0d18@group-1E23594CE36A-FollowerState] INFO  impl.RoleInfo (RoleInfo.java:shutdownFollowerState(108)) - 2a1c9333-8641-498a-88f2-87bcecbe0d18: shutdown 2a1c9333-8641-498a-88f2-87bcecbe0d18@group-1E23594CE36A-FollowerState
2022-01-11 23:55:14,974 [2a1c9333-8641-498a-88f2-87bcecbe0d18@group-1E23594CE36A-FollowerState] INFO  server.RaftServer$Division (RaftServerImpl.java:setRole(290)) - 2a1c9333-8641-498a-88f2-87bcecbe0d18@group-1E23594CE36A: changes role from  FOLLOWER to CANDIDATE at term 0 for changeToCandidate
2022-01-11 23:55:14,974 [2a1c9333-8641-498a-88f2-87bcecbe0d18@group-1E23594CE36A-FollowerState] INFO  server.RaftServerConfigKeys (ConfUtils.java:logGet(44)) - raft.server.leaderelection.pre-vote = false (custom)
2022-01-11 23:55:14,974 [2a1c9333-8641-498a-88f2-87bcecbe0d18@group-1E23594CE36A-FollowerState] INFO  impl.RoleInfo (RoleInfo.java:updateAndGet(130)) - 2a1c9333-8641-498a-88f2-87bcecbe0d18: start 2a1c9333-8641-498a-88f2-87bcecbe0d18@group-1E23594CE36A-LeaderElection67
2022-01-11 23:55:14,983 [2a1c9333-8641-498a-88f2-87bcecbe0d18@group-1E23594CE36A-LeaderElection67] INFO  impl.LeaderElection (LeaderElection.java:askForVotes(306)) - 2a1c9333-8641-498a-88f2-87bcecbe0d18@group-1E23594CE36A-LeaderElection67 ELECTION round 0: submit vote requests at term 1 for -1: [2a1c9333-8641-498a-88f2-87bcecbe0d18|rpc:10.1.0.37:38177|priority:0, 6b666312-5236-4d63-85d6-3705eb3fb30b|rpc:10.1.0.37:38271|priority:1, 757e1abf-caf6-4356-ad73-d786994982ad|rpc:10.1.0.37:41749|priority:0], old=null
2022-01-11 23:55:15,000 [grpc-default-executor-5] INFO  server.RaftServer$Division (RaftServerImpl.java:requestVote(1046)) - 6b666312-5236-4d63-85d6-3705eb3fb30b@group-1E23594CE36A: receive requestVote(ELECTION, 2a1c9333-8641-498a-88f2-87bcecbe0d18, group-1E23594CE36A, 1, (t:0, i:0))
2022-01-11 23:55:15,000 [grpc-default-executor-5] INFO  impl.VoteContext (VoteContext.java:log(48)) - 6b666312-5236-4d63-85d6-3705eb3fb30b@group-1E23594CE36A-FOLLOWER: reject ELECTION from 2a1c9333-8641-498a-88f2-87bcecbe0d18: our priority 1 > candidate's priority 0
2022-01-11 23:55:15,000 [grpc-default-executor-5] INFO  server.RaftServer$Division (RaftServerImpl.java:setRole(290)) - 6b666312-5236-4d63-85d6-3705eb3fb30b@group-1E23594CE36A: changes role from  FOLLOWER to FOLLOWER at term 1 for candidate:2a1c9333-8641-498a-88f2-87bcecbe0d18
2022-01-11 23:55:15,000 [grpc-default-executor-5] INFO  impl.RoleInfo (RoleInfo.java:shutdownFollowerState(108)) - 6b666312-5236-4d63-85d6-3705eb3fb30b: shutdown 6b666312-5236-4d63-85d6-3705eb3fb30b@group-1E23594CE36A-FollowerState
2022-01-11 23:55:15,000 [6b666312-5236-4d63-85d6-3705eb3fb30b@group-1E23594CE36A-FollowerState] INFO  impl.FollowerState (FollowerState.java:run(143)) - 6b666312-5236-4d63-85d6-3705eb3fb30b@group-1E23594CE36A-FollowerState was interrupted: {}
java.lang.InterruptedException: sleep interrupted
	at java.lang.Thread.sleep(Native Method)
	at java.lang.Thread.sleep(Thread.java:340)
	at java.util.concurrent.TimeUnit.sleep(TimeUnit.java:386)
	at org.apache.ratis.util.TimeDuration.sleep(TimeDuration.java:324)
	at org.apache.ratis.util.TimeDuration.sleep(TimeDuration.java:309)
	at org.apache.ratis.server.impl.FollowerState.run(FollowerState.java:118)
2022-01-11 23:55:15,000 [grpc-default-executor-5] INFO  impl.RoleInfo (RoleInfo.java:updateAndGet(130)) - 6b666312-5236-4d63-85d6-3705eb3fb30b: start 6b666312-5236-4d63-85d6-3705eb3fb30b@group-1E23594CE36A-FollowerState
2022-01-11 23:55:15,003 [grpc-default-executor-5] INFO  server.RaftServer$Division (RaftServerImpl.java:requestVote(1078)) - 6b666312-5236-4d63-85d6-3705eb3fb30b@group-1E23594CE36A replies to ELECTION vote request: 2a1c9333-8641-498a-88f2-87bcecbe0d18<-6b666312-5236-4d63-85d6-3705eb3fb30b#0:FAIL-t1. Peer's state: 6b666312-5236-4d63-85d6-3705eb3fb30b@group-1E23594CE36A:t1, leader=null, voted=null, raftlog=6b666312-5236-4d63-85d6-3705eb3fb30b@group-1E23594CE36A-SegmentedRaftLog:OPENED:c-1, conf=-1: [2a1c9333-8641-498a-88f2-87bcecbe0d18|rpc:10.1.0.37:38177|dataStream:|priority:0, 6b666312-5236-4d63-85d6-3705eb3fb30b|rpc:10.1.0.37:38271|dataStream:|priority:1, 757e1abf-caf6-4356-ad73-d786994982ad|rpc:10.1.0.37:41749|dataStream:|priority:0], old=null
2022-01-11 23:55:15,004 [2a1c9333-8641-498a-88f2-87bcecbe0d18@group-1E23594CE36A-LeaderElection67] INFO  impl.LeaderElection (LeaderElection.java:logAndReturn(89)) - 2a1c9333-8641-498a-88f2-87bcecbe0d18@group-1E23594CE36A-LeaderElection67: ELECTION REJECTED received 1 response(s) and 0 exception(s):
2022-01-11 23:55:15,004 [2a1c9333-8641-498a-88f2-87bcecbe0d18@group-1E23594CE36A-LeaderElection67] INFO  impl.LeaderElection (LeaderElection.java:logAndReturn(93)) -   Response 0: 2a1c9333-8641-498a-88f2-87bcecbe0d18<-6b666312-5236-4d63-85d6-3705eb3fb30b#0:FAIL-t1
2022-01-11 23:55:15,004 [2a1c9333-8641-498a-88f2-87bcecbe0d18@group-1E23594CE36A-LeaderElection67] INFO  impl.LeaderElection (LeaderElection.java:askForVotes(308)) - 2a1c9333-8641-498a-88f2-87bcecbe0d18@group-1E23594CE36A-LeaderElection67 ELECTION round 0: result REJECTED
2022-01-11 23:55:15,004 [2a1c9333-8641-498a-88f2-87bcecbe0d18@group-1E23594CE36A-LeaderElection67] INFO  server.RaftServer$Division (RaftServerImpl.java:setRole(290)) - 2a1c9333-8641-498a-88f2-87bcecbe0d18@group-1E23594CE36A: changes role from CANDIDATE to FOLLOWER at term 1 for REJECTED
2022-01-11 23:55:15,005 [2a1c9333-8641-498a-88f2-87bcecbe0d18@group-1E23594CE36A-LeaderElection67] INFO  impl.RoleInfo (RoleInfo.java:shutdownLeaderElection(121)) - 2a1c9333-8641-498a-88f2-87bcecbe0d18: shutdown 2a1c9333-8641-498a-88f2-87bcecbe0d18@group-1E23594CE36A-LeaderElection67
2022-01-11 23:55:15,005 [2a1c9333-8641-498a-88f2-87bcecbe0d18@group-1E23594CE36A-LeaderElection67] INFO  impl.RoleInfo (RoleInfo.java:updateAndGet(130)) - 2a1c9333-8641-498a-88f2-87bcecbe0d18: start 2a1c9333-8641-498a-88f2-87bcecbe0d18@group-1E23594CE36A-FollowerState
2022-01-11 23:55:15,011 [grpc-default-executor-5] INFO  server.RaftServer$Division (RaftServerImpl.java:requestVote(1046)) - 757e1abf-caf6-4356-ad73-d786994982ad@group-1E23594CE36A: receive requestVote(ELECTION, 2a1c9333-8641-498a-88f2-87bcecbe0d18, group-1E23594CE36A, 1, (t:0, i:0))
2022-01-11 23:55:15,011 [grpc-default-executor-5] INFO  impl.VoteContext (VoteContext.java:log(48)) - 757e1abf-caf6-4356-ad73-d786994982ad@group-1E23594CE36A-FOLLOWER: accept ELECTION from 2a1c9333-8641-498a-88f2-87bcecbe0d18: our priority 0 <= candidate's priority 0
2022-01-11 23:55:15,011 [grpc-default-executor-5] INFO  server.RaftServer$Division (RaftServerImpl.java:setRole(290)) - 757e1abf-caf6-4356-ad73-d786994982ad@group-1E23594CE36A: changes role from  FOLLOWER to FOLLOWER at term 1 for candidate:2a1c9333-8641-498a-88f2-87bcecbe0d18
2022-01-11 23:55:15,011 [grpc-default-executor-5] INFO  impl.RoleInfo (RoleInfo.java:shutdownFollowerState(108)) - 757e1abf-caf6-4356-ad73-d786994982ad: shutdown 757e1abf-caf6-4356-ad73-d786994982ad@group-1E23594CE36A-FollowerState
2022-01-11 23:55:15,011 [grpc-default-executor-5] INFO  impl.RoleInfo (RoleInfo.java:updateAndGet(130)) - 757e1abf-caf6-4356-ad73-d786994982ad: start 757e1abf-caf6-4356-ad73-d786994982ad@group-1E23594CE36A-FollowerState
2022-01-11 23:55:15,011 [757e1abf-caf6-4356-ad73-d786994982ad@group-1E23594CE36A-FollowerState] INFO  impl.FollowerState (FollowerState.java:run(143)) - 757e1abf-caf6-4356-ad73-d786994982ad@group-1E23594CE36A-FollowerState was interrupted: {}
java.lang.InterruptedException: sleep interrupted
	at java.lang.Thread.sleep(Native Method)
	at java.lang.Thread.sleep(Thread.java:340)
	at java.util.concurrent.TimeUnit.sleep(TimeUnit.java:386)
	at org.apache.ratis.util.TimeDuration.sleep(TimeDuration.java:324)
	at org.apache.ratis.util.TimeDuration.sleep(TimeDuration.java:309)
	at org.apache.ratis.server.impl.FollowerState.run(FollowerState.java:118)
2022-01-11 23:55:15,016 [grpc-default-executor-5] INFO  server.RaftServer$Division (RaftServerImpl.java:requestVote(1078)) - 757e1abf-caf6-4356-ad73-d786994982ad@group-1E23594CE36A replies to ELECTION vote request: 2a1c9333-8641-498a-88f2-87bcecbe0d18<-757e1abf-caf6-4356-ad73-d786994982ad#0:OK-t1. Peer's state: 757e1abf-caf6-4356-ad73-d786994982ad@group-1E23594CE36A:t1, leader=null, voted=2a1c9333-8641-498a-88f2-87bcecbe0d18, raftlog=757e1abf-caf6-4356-ad73-d786994982ad@group-1E23594CE36A-SegmentedRaftLog:OPENED:c-1, conf=-1: [2a1c9333-8641-498a-88f2-87bcecbe0d18|rpc:10.1.0.37:38177|dataStream:|priority:0, 6b666312-5236-4d63-85d6-3705eb3fb30b|rpc:10.1.0.37:38271|dataStream:|priority:1, 757e1abf-caf6-4356-ad73-d786994982ad|rpc:10.1.0.37:41749|dataStream:|priority:0], old=null
2022-01-11 23:55:15,103 [77c66afc-fa73-4d89-b59d-9adc22a556cf@group-B7EECE8F9241-FollowerState] INFO  impl.FollowerState (FollowerState.java:run(134)) - 77c66afc-fa73-4d89-b59d-9adc22a556cf@group-B7EECE8F9241-FollowerState: change to CANDIDATE, lastRpcElapsedTime:5138533025ns, electionTimeout:5130ms
2022-01-11 23:55:15,103 [77c66afc-fa73-4d89-b59d-9adc22a556cf@group-B7EECE8F9241-FollowerState] INFO  impl.RoleInfo (RoleInfo.java:shutdownFollowerState(108)) - 77c66afc-fa73-4d89-b59d-9adc22a556cf: shutdown 77c66afc-fa73-4d89-b59d-9adc22a556cf@group-B7EECE8F9241-FollowerState
2022-01-11 23:55:15,103 [77c66afc-fa73-4d89-b59d-9adc22a556cf@group-B7EECE8F9241-FollowerState] INFO  server.RaftServer$Division (RaftServerImpl.java:setRole(290)) - 77c66afc-fa73-4d89-b59d-9adc22a556cf@group-B7EECE8F9241: changes role from  FOLLOWER to CANDIDATE at term 0 for changeToCandidate
2022-01-11 23:55:15,103 [77c66afc-fa73-4d89-b59d-9adc22a556cf@group-B7EECE8F9241-FollowerState] INFO  server.RaftServerConfigKeys (ConfUtils.java:logGet(44)) - raft.server.leaderelection.pre-vote = false (custom)
2022-01-11 23:55:15,103 [77c66afc-fa73-4d89-b59d-9adc22a556cf@group-B7EECE8F9241-FollowerState] INFO  impl.RoleInfo (RoleInfo.java:updateAndGet(130)) - 77c66afc-fa73-4d89-b59d-9adc22a556cf: start 77c66afc-fa73-4d89-b59d-9adc22a556cf@group-B7EECE8F9241-LeaderElection68
2022-01-11 23:55:15,110 [Listener at 127.0.0.1/46043] INFO  ozoneimpl.OzoneContainer (OzoneContainer.java:stop(336)) - Attempting to stop container services.
2022-01-11 23:55:15,111 [Listener at 127.0.0.1/46043] INFO  server.RaftServer (RaftServerProxy.java:lambda$close$6(391)) - 757e1abf-caf6-4356-ad73-d786994982ad: close
2022-01-11 23:55:15,111 [Listener at 127.0.0.1/46043] INFO  server.RaftServer$Division (RaftServerImpl.java:lambda$close$4(412)) - 757e1abf-caf6-4356-ad73-d786994982ad@group-9D82FB37D1D1: shutdown
2022-01-11 23:55:15,111 [Listener at 127.0.0.1/46043] INFO  util.JmxRegister (JmxRegister.java:unregister(73)) - Successfully un-registered JMX Bean with object name Ratis:service=RaftServer,group=group-9D82FB37D1D1,id=757e1abf-caf6-4356-ad73-d786994982ad
2022-01-11 23:55:15,111 [Listener at 127.0.0.1/46043] INFO  impl.RoleInfo (RoleInfo.java:shutdownFollowerState(108)) - 757e1abf-caf6-4356-ad73-d786994982ad: shutdown 757e1abf-caf6-4356-ad73-d786994982ad@group-9D82FB37D1D1-FollowerState
2022-01-11 23:55:15,111 [Listener at 127.0.0.1/46043] INFO  impl.StateMachineUpdater (StateMachineUpdater.java:stopAndJoin(149)) - 757e1abf-caf6-4356-ad73-d786994982ad@group-9D82FB37D1D1-StateMachineUpdater: set stopIndex = -1
2022-01-11 23:55:15,112 [757e1abf-caf6-4356-ad73-d786994982ad@group-9D82FB37D1D1-FollowerState] INFO  impl.FollowerState (FollowerState.java:run(143)) - 757e1abf-caf6-4356-ad73-d786994982ad@group-9D82FB37D1D1-FollowerState was interrupted: {}
java.lang.InterruptedException: sleep interrupted
	at java.lang.Thread.sleep(Native Method)
	at java.lang.Thread.sleep(Thread.java:340)
	at java.util.concurrent.TimeUnit.sleep(TimeUnit.java:386)
	at org.apache.ratis.util.TimeDuration.sleep(TimeDuration.java:324)
	at org.apache.ratis.util.TimeDuration.sleep(TimeDuration.java:309)
	at org.apache.ratis.server.impl.FollowerState.run(FollowerState.java:118)
2022-01-11 23:55:15,112 [Listener at 127.0.0.1/46043] INFO  server.RaftServer$Division (ServerState.java:close(419)) - 757e1abf-caf6-4356-ad73-d786994982ad@group-9D82FB37D1D1: closes. applyIndex: -1
2022-01-11 23:55:15,112 [757e1abf-caf6-4356-ad73-d786994982ad@group-9D82FB37D1D1-SegmentedRaftLogWorker] INFO  segmented.SegmentedRaftLogWorker (SegmentedRaftLogWorker.java:run(327)) - 757e1abf-caf6-4356-ad73-d786994982ad@group-9D82FB37D1D1-SegmentedRaftLogWorker was interrupted, exiting. There are 0 tasks remaining in the queue.
2022-01-11 23:55:15,112 [Listener at 127.0.0.1/46043] INFO  segmented.SegmentedRaftLogWorker (SegmentedRaftLogWorker.java:close(237)) - 757e1abf-caf6-4356-ad73-d786994982ad@group-9D82FB37D1D1-SegmentedRaftLogWorker close()
2022-01-11 23:55:15,114 [Listener at 127.0.0.1/46043] INFO  server.RaftServer$Division (RaftServerImpl.java:lambda$close$4(412)) - 757e1abf-caf6-4356-ad73-d786994982ad@group-85DFC7F102C7: shutdown
2022-01-11 23:55:15,115 [Listener at 127.0.0.1/46043] INFO  util.JmxRegister (JmxRegister.java:unregister(73)) - Successfully un-registered JMX Bean with object name Ratis:service=RaftServer,group=group-85DFC7F102C7,id=757e1abf-caf6-4356-ad73-d786994982ad
2022-01-11 23:55:15,115 [Listener at 127.0.0.1/46043] INFO  impl.RoleInfo (RoleInfo.java:shutdownLeaderState(91)) - 757e1abf-caf6-4356-ad73-d786994982ad: shutdown 757e1abf-caf6-4356-ad73-d786994982ad@group-85DFC7F102C7-LeaderStateImpl
2022-01-11 23:55:15,115 [Listener at 127.0.0.1/46043] INFO  impl.PendingRequests (PendingRequests.java:sendNotLeaderResponses(282)) - 757e1abf-caf6-4356-ad73-d786994982ad@group-85DFC7F102C7-PendingRequests: sendNotLeaderResponses
2022-01-11 23:55:15,116 [757e1abf-caf6-4356-ad73-d786994982ad@group-85DFC7F102C7-StateMachineUpdater] INFO  ratis.ContainerStateMachine (ContainerStateMachine.java:takeSnapshot(299)) - group-85DFC7F102C7: Taking a snapshot at:(t:1, i:0) file /home/runner/work/ozone/ozone/hadoop-ozone/integration-test/target/test-dir/MiniOzoneClusterImpl-84b3519b-a2d3-47e7-8c84-34506f72c9f7/datanode-4/data/ratis/8b00abd0-5014-4694-b328-85dfc7f102c7/sm/snapshot.1_0
2022-01-11 23:55:15,116 [Listener at 127.0.0.1/46043] INFO  impl.StateMachineUpdater (StateMachineUpdater.java:stopAndJoin(149)) - 757e1abf-caf6-4356-ad73-d786994982ad@group-85DFC7F102C7-StateMachineUpdater: set stopIndex = 0
2022-01-11 23:55:15,116 [757e1abf-caf6-4356-ad73-d786994982ad@group-85DFC7F102C7-StateMachineUpdater] INFO  ratis.ContainerStateMachine (ContainerStateMachine.java:takeSnapshot(310)) - group-85DFC7F102C7: Finished taking a snapshot at:(t:1, i:0) file:/home/runner/work/ozone/ozone/hadoop-ozone/integration-test/target/test-dir/MiniOzoneClusterImpl-84b3519b-a2d3-47e7-8c84-34506f72c9f7/datanode-4/data/ratis/8b00abd0-5014-4694-b328-85dfc7f102c7/sm/snapshot.1_0 took: 1 ms
2022-01-11 23:55:15,117 [757e1abf-caf6-4356-ad73-d786994982ad@group-85DFC7F102C7-StateMachineUpdater] INFO  impl.StateMachineUpdater (StateMachineUpdater.java:takeSnapshot(281)) - 757e1abf-caf6-4356-ad73-d786994982ad@group-85DFC7F102C7-StateMachineUpdater: Took a snapshot at index 0
2022-01-11 23:55:15,117 [757e1abf-caf6-4356-ad73-d786994982ad@group-85DFC7F102C7-StateMachineUpdater] INFO  impl.StateMachineUpdater (StateMachineUpdater.java:lambda$new$0(89)) - 757e1abf-caf6-4356-ad73-d786994982ad@group-85DFC7F102C7-StateMachineUpdater: snapshotIndex: updateIncreasingly -1 -> 0
2022-01-11 23:55:15,118 [77c66afc-fa73-4d89-b59d-9adc22a556cf@group-B7EECE8F9241-LeaderElection68] INFO  impl.LeaderElection (LeaderElection.java:askForVotes(306)) - 77c66afc-fa73-4d89-b59d-9adc22a556cf@group-B7EECE8F9241-LeaderElection68 ELECTION round 0: submit vote requests at term 1 for -1: [6b666312-5236-4d63-85d6-3705eb3fb30b|rpc:10.1.0.37:38271|priority:0, 757e1abf-caf6-4356-ad73-d786994982ad|rpc:10.1.0.37:41749|priority:1, 77c66afc-fa73-4d89-b59d-9adc22a556cf|rpc:10.1.0.37:40587|priority:0], old=null
2022-01-11 23:55:15,122 [Listener at 127.0.0.1/46043] INFO  server.RaftServer$Division (ServerState.java:close(419)) - 757e1abf-caf6-4356-ad73-d786994982ad@group-85DFC7F102C7: closes. applyIndex: 0
2022-01-11 23:55:15,129 [757e1abf-caf6-4356-ad73-d786994982ad@group-85DFC7F102C7-SegmentedRaftLogWorker] INFO  segmented.SegmentedRaftLogWorker (SegmentedRaftLogWorker.java:run(327)) - 757e1abf-caf6-4356-ad73-d786994982ad@group-85DFC7F102C7-SegmentedRaftLogWorker was interrupted, exiting. There are 0 tasks remaining in the queue.
2022-01-11 23:55:15,129 [Listener at 127.0.0.1/46043] INFO  segmented.SegmentedRaftLogWorker (SegmentedRaftLogWorker.java:close(237)) - 757e1abf-caf6-4356-ad73-d786994982ad@group-85DFC7F102C7-SegmentedRaftLogWorker close()
2022-01-11 23:55:15,133 [Listener at 127.0.0.1/46043] INFO  server.RaftServer$Division (RaftServerImpl.java:lambda$close$4(412)) - 757e1abf-caf6-4356-ad73-d786994982ad@group-1E23594CE36A: shutdown
2022-01-11 23:55:15,134 [Listener at 127.0.0.1/46043] INFO  util.JmxRegister (JmxRegister.java:unregister(73)) - Successfully un-registered JMX Bean with object name Ratis:service=RaftServer,group=group-1E23594CE36A,id=757e1abf-caf6-4356-ad73-d786994982ad
2022-01-11 23:55:15,134 [Listener at 127.0.0.1/46043] INFO  impl.RoleInfo (RoleInfo.java:shutdownFollowerState(108)) - 757e1abf-caf6-4356-ad73-d786994982ad: shutdown 757e1abf-caf6-4356-ad73-d786994982ad@group-1E23594CE36A-FollowerState
2022-01-11 23:55:15,134 [Listener at 127.0.0.1/46043] INFO  impl.StateMachineUpdater (StateMachineUpdater.java:stopAndJoin(149)) - 757e1abf-caf6-4356-ad73-d786994982ad@group-1E23594CE36A-StateMachineUpdater: set stopIndex = -1
2022-01-11 23:55:15,135 [Listener at 127.0.0.1/46043] INFO  server.RaftServer$Division (ServerState.java:close(419)) - 757e1abf-caf6-4356-ad73-d786994982ad@group-1E23594CE36A: closes. applyIndex: -1
2022-01-11 23:55:15,134 [757e1abf-caf6-4356-ad73-d786994982ad@group-1E23594CE36A-FollowerState] INFO  impl.FollowerState (FollowerState.java:run(143)) - 757e1abf-caf6-4356-ad73-d786994982ad@group-1E23594CE36A-FollowerState was interrupted: {}
java.lang.InterruptedException: sleep interrupted
	at java.lang.Thread.sleep(Native Method)
	at java.lang.Thread.sleep(Thread.java:340)
	at java.util.concurrent.TimeUnit.sleep(TimeUnit.java:386)
	at org.apache.ratis.util.TimeDuration.sleep(TimeDuration.java:324)
	at org.apache.ratis.util.TimeDuration.sleep(TimeDuration.java:309)
	at org.apache.ratis.server.impl.FollowerState.run(FollowerState.java:118)
2022-01-11 23:55:15,135 [757e1abf-caf6-4356-ad73-d786994982ad@group-1E23594CE36A-SegmentedRaftLogWorker] INFO  segmented.SegmentedRaftLogWorker (SegmentedRaftLogWorker.java:run(327)) - 757e1abf-caf6-4356-ad73-d786994982ad@group-1E23594CE36A-SegmentedRaftLogWorker was interrupted, exiting. There are 0 tasks remaining in the queue.
2022-01-11 23:55:15,137 [Listener at 127.0.0.1/46043] INFO  segmented.SegmentedRaftLogWorker (SegmentedRaftLogWorker.java:close(237)) - 757e1abf-caf6-4356-ad73-d786994982ad@group-1E23594CE36A-SegmentedRaftLogWorker close()
2022-01-11 23:55:15,152 [Listener at 127.0.0.1/46043] INFO  server.RaftServer$Division (RaftServerImpl.java:lambda$close$4(412)) - 757e1abf-caf6-4356-ad73-d786994982ad@group-B7EECE8F9241: shutdown
2022-01-11 23:55:15,153 [Listener at 127.0.0.1/46043] INFO  util.JmxRegister (JmxRegister.java:unregister(73)) - Successfully un-registered JMX Bean with object name Ratis:service=RaftServer,group=group-B7EECE8F9241,id=757e1abf-caf6-4356-ad73-d786994982ad
2022-01-11 23:55:15,153 [Listener at 127.0.0.1/46043] INFO  impl.RoleInfo (RoleInfo.java:shutdownFollowerState(108)) - 757e1abf-caf6-4356-ad73-d786994982ad: shutdown 757e1abf-caf6-4356-ad73-d786994982ad@group-B7EECE8F9241-FollowerState
2022-01-11 23:55:15,153 [Listener at 127.0.0.1/46043] INFO  impl.StateMachineUpdater (StateMachineUpdater.java:stopAndJoin(149)) - 757e1abf-caf6-4356-ad73-d786994982ad@group-B7EECE8F9241-StateMachineUpdater: set stopIndex = -1
2022-01-11 23:55:15,153 [757e1abf-caf6-4356-ad73-d786994982ad@group-B7EECE8F9241-FollowerState] INFO  impl.FollowerState (FollowerState.java:run(143)) - 757e1abf-caf6-4356-ad73-d786994982ad@group-B7EECE8F9241-FollowerState was interrupted: {}
java.lang.InterruptedException: sleep interrupted
	at java.lang.Thread.sleep(Native Method)
	at java.lang.Thread.sleep(Thread.java:340)
	at java.util.concurrent.TimeUnit.sleep(TimeUnit.java:386)
	at org.apache.ratis.util.TimeDuration.sleep(TimeDuration.java:324)
	at org.apache.ratis.util.TimeDuration.sleep(TimeDuration.java:309)
	at org.apache.ratis.server.impl.FollowerState.run(FollowerState.java:118)
2022-01-11 23:55:15,157 [Listener at 127.0.0.1/46043] INFO  server.RaftServer$Division (ServerState.java:close(419)) - 757e1abf-caf6-4356-ad73-d786994982ad@group-B7EECE8F9241: closes. applyIndex: -1
2022-01-11 23:55:15,157 [757e1abf-caf6-4356-ad73-d786994982ad@group-B7EECE8F9241-SegmentedRaftLogWorker] INFO  segmented.SegmentedRaftLogWorker (SegmentedRaftLogWorker.java:run(327)) - 757e1abf-caf6-4356-ad73-d786994982ad@group-B7EECE8F9241-SegmentedRaftLogWorker was interrupted, exiting. There are 0 tasks remaining in the queue.
2022-01-11 23:55:15,157 [ForkJoinPool.commonPool-worker-1] INFO  ozoneimpl.OzoneContainer (OzoneContainer.java:stop(336)) - Attempting to stop container services.
2022-01-11 23:55:15,158 [ForkJoinPool.commonPool-worker-1] INFO  server.RaftServer (RaftServerProxy.java:lambda$close$6(391)) - 51615485-058d-42af-9c65-c0e811a06a5e: close
2022-01-11 23:55:15,158 [ForkJoinPool.commonPool-worker-1] INFO  server.RaftServer$Division (RaftServerImpl.java:lambda$close$4(412)) - 51615485-058d-42af-9c65-c0e811a06a5e@group-2B542484AF5F: shutdown
2022-01-11 23:55:15,158 [ForkJoinPool.commonPool-worker-1] INFO  util.JmxRegister (JmxRegister.java:unregister(73)) - Successfully un-registered JMX Bean with object name Ratis:service=RaftServer,group=group-2B542484AF5F,id=51615485-058d-42af-9c65-c0e811a06a5e
2022-01-11 23:55:15,158 [ForkJoinPool.commonPool-worker-1] INFO  impl.RoleInfo (RoleInfo.java:shutdownFollowerState(108)) - 51615485-058d-42af-9c65-c0e811a06a5e: shutdown 51615485-058d-42af-9c65-c0e811a06a5e@group-2B542484AF5F-FollowerState
2022-01-11 23:55:15,158 [ForkJoinPool.commonPool-worker-1] INFO  impl.StateMachineUpdater (StateMachineUpdater.java:stopAndJoin(149)) - 51615485-058d-42af-9c65-c0e811a06a5e@group-2B542484AF5F-StateMachineUpdater: set stopIndex = 0
2022-01-11 23:55:15,158 [Listener at 127.0.0.1/46043] INFO  segmented.SegmentedRaftLogWorker (SegmentedRaftLogWorker.java:close(237)) - 757e1abf-caf6-4356-ad73-d786994982ad@group-B7EECE8F9241-SegmentedRaftLogWorker close()
2022-01-11 23:55:15,166 [Listener at 127.0.0.1/46043] INFO  server.GrpcService (GrpcService.java:closeImpl(262)) - 757e1abf-caf6-4356-ad73-d786994982ad: shutdown server with port 41749 now
2022-01-11 23:55:15,169 [Listener at 127.0.0.1/46043] INFO  server.GrpcService (GrpcService.java:closeImpl(271)) - 757e1abf-caf6-4356-ad73-d786994982ad: shutdown server with port 41749 successfully
2022-01-11 23:55:15,170 [org.apache.ratis.util.JvmPauseMonitor$$Lambda$538/836759902@6f7b0b93] INFO  util.JvmPauseMonitor (JvmPauseMonitor.java:run(109)) - JvmPauseMonitor-757e1abf-caf6-4356-ad73-d786994982ad: Stopped
2022-01-11 23:55:15,171 [77c66afc-fa73-4d89-b59d-9adc22a556cf@group-B7EECE8F9241-LeaderElection68] INFO  impl.LeaderElection (LogUtils.java:infoOrTrace(137)) - 77c66afc-fa73-4d89-b59d-9adc22a556cf@group-B7EECE8F9241-LeaderElection68 got exception when requesting votes: java.util.concurrent.ExecutionException: org.apache.ratis.thirdparty.io.grpc.StatusRuntimeException: UNAVAILABLE: io exception
2022-01-11 23:55:15,172 [51615485-058d-42af-9c65-c0e811a06a5e@group-2B542484AF5F-StateMachineUpdater] INFO  ratis.ContainerStateMachine (ContainerStateMachine.java:takeSnapshot(299)) - group-2B542484AF5F: Taking a snapshot at:(t:1, i:0) file /home/runner/work/ozone/ozone/hadoop-ozone/integration-test/target/test-dir/MiniOzoneClusterImpl-84b3519b-a2d3-47e7-8c84-34506f72c9f7/datanode-1/data/ratis/990fb063-1c16-4a81-9120-2b542484af5f/sm/snapshot.1_0
2022-01-11 23:55:15,172 [51615485-058d-42af-9c65-c0e811a06a5e@group-2B542484AF5F-FollowerState] INFO  impl.FollowerState (FollowerState.java:run(143)) - 51615485-058d-42af-9c65-c0e811a06a5e@group-2B542484AF5F-FollowerState was interrupted: {}
java.lang.InterruptedException: sleep interrupted
	at java.lang.Thread.sleep(Native Method)
	at java.lang.Thread.sleep(Thread.java:340)
	at java.util.concurrent.TimeUnit.sleep(TimeUnit.java:386)
	at org.apache.ratis.util.TimeDuration.sleep(TimeDuration.java:324)
	at org.apache.ratis.util.TimeDuration.sleep(TimeDuration.java:309)
	at org.apache.ratis.server.impl.FollowerState.run(FollowerState.java:118)
2022-01-11 23:55:15,173 [51615485-058d-42af-9c65-c0e811a06a5e@group-2B542484AF5F-StateMachineUpdater] INFO  ratis.ContainerStateMachine (ContainerStateMachine.java:takeSnapshot(310)) - group-2B542484AF5F: Finished taking a snapshot at:(t:1, i:0) file:/home/runner/work/ozone/ozone/hadoop-ozone/integration-test/target/test-dir/MiniOzoneClusterImpl-84b3519b-a2d3-47e7-8c84-34506f72c9f7/datanode-1/data/ratis/990fb063-1c16-4a81-9120-2b542484af5f/sm/snapshot.1_0 took: 1 ms
2022-01-11 23:55:15,173 [51615485-058d-42af-9c65-c0e811a06a5e@group-2B542484AF5F-StateMachineUpdater] INFO  impl.StateMachineUpdater (StateMachineUpdater.java:takeSnapshot(281)) - 51615485-058d-42af-9c65-c0e811a06a5e@group-2B542484AF5F-StateMachineUpdater: Took a snapshot at index 0
2022-01-11 23:55:15,173 [51615485-058d-42af-9c65-c0e811a06a5e@group-2B542484AF5F-StateMachineUpdater] INFO  impl.StateMachineUpdater (StateMachineUpdater.java:lambda$new$0(89)) - 51615485-058d-42af-9c65-c0e811a06a5e@group-2B542484AF5F-StateMachineUpdater: snapshotIndex: updateIncreasingly -1 -> 0
2022-01-11 23:55:15,173 [ForkJoinPool.commonPool-worker-1] INFO  server.RaftServer$Division (ServerState.java:close(419)) - 51615485-058d-42af-9c65-c0e811a06a5e@group-2B542484AF5F: closes. applyIndex: 0
2022-01-11 23:55:15,174 [51615485-058d-42af-9c65-c0e811a06a5e@group-2B542484AF5F-SegmentedRaftLogWorker] INFO  segmented.SegmentedRaftLogWorker (SegmentedRaftLogWorker.java:run(327)) - 51615485-058d-42af-9c65-c0e811a06a5e@group-2B542484AF5F-SegmentedRaftLogWorker was interrupted, exiting. There are 0 tasks remaining in the queue.
2022-01-11 23:55:15,174 [ForkJoinPool.commonPool-worker-1] INFO  segmented.SegmentedRaftLogWorker (SegmentedRaftLogWorker.java:close(237)) - 51615485-058d-42af-9c65-c0e811a06a5e@group-2B542484AF5F-SegmentedRaftLogWorker close()
2022-01-11 23:55:15,181 [ForkJoinPool.commonPool-worker-1] INFO  server.RaftServer$Division (RaftServerImpl.java:lambda$close$4(412)) - 51615485-058d-42af-9c65-c0e811a06a5e@group-D0E897EC1444: shutdown
2022-01-11 23:55:15,181 [ForkJoinPool.commonPool-worker-1] INFO  util.JmxRegister (JmxRegister.java:unregister(73)) - Successfully un-registered JMX Bean with object name Ratis:service=RaftServer,group=group-D0E897EC1444,id=51615485-058d-42af-9c65-c0e811a06a5e
2022-01-11 23:55:15,181 [ForkJoinPool.commonPool-worker-1] INFO  impl.RoleInfo (RoleInfo.java:shutdownLeaderState(91)) - 51615485-058d-42af-9c65-c0e811a06a5e: shutdown 51615485-058d-42af-9c65-c0e811a06a5e@group-D0E897EC1444-LeaderStateImpl
2022-01-11 23:55:15,181 [ForkJoinPool.commonPool-worker-1] INFO  impl.PendingRequests (PendingRequests.java:sendNotLeaderResponses(282)) - 51615485-058d-42af-9c65-c0e811a06a5e@group-D0E897EC1444-PendingRequests: sendNotLeaderResponses
2022-01-11 23:55:15,182 [ForkJoinPool.commonPool-worker-1] INFO  impl.StateMachineUpdater (StateMachineUpdater.java:stopAndJoin(149)) - 51615485-058d-42af-9c65-c0e811a06a5e@group-D0E897EC1444-StateMachineUpdater: set stopIndex = 0
2022-01-11 23:55:15,185 [51615485-058d-42af-9c65-c0e811a06a5e@group-D0E897EC1444->8eedcce2-fa83-40f2-8f3f-8ae88d3f9c27-GrpcLogAppender-LogAppenderDaemon] WARN  server.GrpcLogAppender (GrpcLogAppender.java:mayWait(177)) - 51615485-058d-42af-9c65-c0e811a06a5e@group-D0E897EC1444->8eedcce2-fa83-40f2-8f3f-8ae88d3f9c27-GrpcLogAppender: Wait interrupted by java.lang.InterruptedException
2022-01-11 23:55:15,185 [51615485-058d-42af-9c65-c0e811a06a5e@group-D0E897EC1444-StateMachineUpdater] INFO  ratis.ContainerStateMachine (ContainerStateMachine.java:takeSnapshot(299)) - group-D0E897EC1444: Taking a snapshot at:(t:3, i:0) file /home/runner/work/ozone/ozone/hadoop-ozone/integration-test/target/test-dir/MiniOzoneClusterImpl-84b3519b-a2d3-47e7-8c84-34506f72c9f7/datanode-1/data/ratis/45053eb7-d090-43ed-ae9a-d0e897ec1444/sm/snapshot.3_0
2022-01-11 23:55:15,186 [51615485-058d-42af-9c65-c0e811a06a5e@group-D0E897EC1444->c2004f48-6b55-488b-a4f3-a933c544d5d2-GrpcLogAppender-LogAppenderDaemon] WARN  server.GrpcLogAppender (GrpcLogAppender.java:mayWait(177)) - 51615485-058d-42af-9c65-c0e811a06a5e@group-D0E897EC1444->c2004f48-6b55-488b-a4f3-a933c544d5d2-GrpcLogAppender: Wait interrupted by java.lang.InterruptedException
2022-01-11 23:55:15,186 [grpc-default-executor-5] INFO  server.GrpcServerProtocolService (GrpcServerProtocolService.java:onCompleted(140)) - 8eedcce2-fa83-40f2-8f3f-8ae88d3f9c27: Completed APPEND_ENTRIES, lastRequest: 51615485-058d-42af-9c65-c0e811a06a5e->8eedcce2-fa83-40f2-8f3f-8ae88d3f9c27#1-t3,previous=(t:0, i:0),leaderCommit=-1,initializing? true,entries: size=1, first=(t:3, i:0), CONFIGURATIONENTRY
2022-01-11 23:55:15,189 [51615485-058d-42af-9c65-c0e811a06a5e@group-D0E897EC1444-StateMachineUpdater] INFO  ratis.ContainerStateMachine (ContainerStateMachine.java:takeSnapshot(310)) - group-D0E897EC1444: Finished taking a snapshot at:(t:3, i:0) file:/home/runner/work/ozone/ozone/hadoop-ozone/integration-test/target/test-dir/MiniOzoneClusterImpl-84b3519b-a2d3-47e7-8c84-34506f72c9f7/datanode-1/data/ratis/45053eb7-d090-43ed-ae9a-d0e897ec1444/sm/snapshot.3_0 took: 4 ms
2022-01-11 23:55:15,189 [51615485-058d-42af-9c65-c0e811a06a5e@group-D0E897EC1444-StateMachineUpdater] INFO  impl.StateMachineUpdater (StateMachineUpdater.java:takeSnapshot(281)) - 51615485-058d-42af-9c65-c0e811a06a5e@group-D0E897EC1444-StateMachineUpdater: Took a snapshot at index 0
2022-01-11 23:55:15,189 [51615485-058d-42af-9c65-c0e811a06a5e@group-D0E897EC1444-StateMachineUpdater] INFO  impl.StateMachineUpdater (StateMachineUpdater.java:lambda$new$0(89)) - 51615485-058d-42af-9c65-c0e811a06a5e@group-D0E897EC1444-StateMachineUpdater: snapshotIndex: updateIncreasingly -1 -> 0
2022-01-11 23:55:15,189 [grpc-default-executor-1] INFO  server.GrpcServerProtocolService (GrpcServerProtocolService.java:onCompleted(140)) - c2004f48-6b55-488b-a4f3-a933c544d5d2: Completed APPEND_ENTRIES, lastRequest: 51615485-058d-42af-9c65-c0e811a06a5e->c2004f48-6b55-488b-a4f3-a933c544d5d2#1-t3,previous=(t:0, i:0),leaderCommit=-1,initializing? true,entries: size=1, first=(t:3, i:0), CONFIGURATIONENTRY
2022-01-11 23:55:15,191 [grpc-default-executor-3] INFO  server.GrpcLogAppender (GrpcLogAppender.java:onCompleted(346)) - 51615485-058d-42af-9c65-c0e811a06a5e@group-D0E897EC1444->c2004f48-6b55-488b-a4f3-a933c544d5d2-AppendLogResponseHandler: follower responses appendEntries COMPLETED
2022-01-11 23:55:15,191 [grpc-default-executor-3] INFO  leader.FollowerInfo (FollowerInfoImpl.java:lambda$new$0(47)) - 51615485-058d-42af-9c65-c0e811a06a5e@group-D0E897EC1444->c2004f48-6b55-488b-a4f3-a933c544d5d2: nextIndex: updateUnconditionally 1 -> 0
2022-01-11 23:55:15,191 [grpc-default-executor-5] INFO  server.GrpcLogAppender (GrpcLogAppender.java:onCompleted(346)) - 51615485-058d-42af-9c65-c0e811a06a5e@group-D0E897EC1444->8eedcce2-fa83-40f2-8f3f-8ae88d3f9c27-AppendLogResponseHandler: follower responses appendEntries COMPLETED
2022-01-11 23:55:15,191 [grpc-default-executor-5] INFO  leader.FollowerInfo (FollowerInfoImpl.java:lambda$new$0(47)) - 51615485-058d-42af-9c65-c0e811a06a5e@group-D0E897EC1444->8eedcce2-fa83-40f2-8f3f-8ae88d3f9c27: nextIndex: updateUnconditionally 1 -> 0
2022-01-11 23:55:15,193 [ForkJoinPool.commonPool-worker-1] INFO  server.RaftServer$Division (ServerState.java:close(419)) - 51615485-058d-42af-9c65-c0e811a06a5e@group-D0E897EC1444: closes. applyIndex: 0
2022-01-11 23:55:15,193 [51615485-058d-42af-9c65-c0e811a06a5e@group-D0E897EC1444-SegmentedRaftLogWorker] INFO  segmented.SegmentedRaftLogWorker (SegmentedRaftLogWorker.java:run(327)) - 51615485-058d-42af-9c65-c0e811a06a5e@group-D0E897EC1444-SegmentedRaftLogWorker was interrupted, exiting. There are 0 tasks remaining in the queue.
2022-01-11 23:55:15,193 [ForkJoinPool.commonPool-worker-1] INFO  segmented.SegmentedRaftLogWorker (SegmentedRaftLogWorker.java:close(237)) - 51615485-058d-42af-9c65-c0e811a06a5e@group-D0E897EC1444-SegmentedRaftLogWorker close()
2022-01-11 23:55:15,193 [ForkJoinPool.commonPool-worker-1] INFO  server.RaftServer$Division (RaftServerImpl.java:lambda$close$4(412)) - 51615485-058d-42af-9c65-c0e811a06a5e@group-2A363A5CF540: shutdown
2022-01-11 23:55:15,193 [ForkJoinPool.commonPool-worker-1] INFO  util.JmxRegister (JmxRegister.java:unregister(73)) - Successfully un-registered JMX Bean with object name Ratis:service=RaftServer,group=group-2A363A5CF540,id=51615485-058d-42af-9c65-c0e811a06a5e
2022-01-11 23:55:15,193 [ForkJoinPool.commonPool-worker-1] INFO  impl.RoleInfo (RoleInfo.java:shutdownFollowerState(108)) - 51615485-058d-42af-9c65-c0e811a06a5e: shutdown 51615485-058d-42af-9c65-c0e811a06a5e@group-2A363A5CF540-FollowerState
2022-01-11 23:55:15,193 [ForkJoinPool.commonPool-worker-1] INFO  impl.StateMachineUpdater (StateMachineUpdater.java:stopAndJoin(149)) - 51615485-058d-42af-9c65-c0e811a06a5e@group-2A363A5CF540-StateMachineUpdater: set stopIndex = 0
2022-01-11 23:55:15,194 [51615485-058d-42af-9c65-c0e811a06a5e@group-2A363A5CF540-StateMachineUpdater] INFO  ratis.ContainerStateMachine (ContainerStateMachine.java:takeSnapshot(299)) - group-2A363A5CF540: Taking a snapshot at:(t:3, i:0) file /home/runner/work/ozone/ozone/hadoop-ozone/integration-test/target/test-dir/MiniOzoneClusterImpl-84b3519b-a2d3-47e7-8c84-34506f72c9f7/datanode-1/data/ratis/9f8526f1-ada7-46fb-8b6a-2a363a5cf540/sm/snapshot.3_0
2022-01-11 23:55:15,193 [51615485-058d-42af-9c65-c0e811a06a5e@group-2A363A5CF540-FollowerState] INFO  impl.FollowerState (FollowerState.java:run(143)) - 51615485-058d-42af-9c65-c0e811a06a5e@group-2A363A5CF540-FollowerState was interrupted: {}
java.lang.InterruptedException: sleep interrupted
	at java.lang.Thread.sleep(Native Method)
	at java.lang.Thread.sleep(Thread.java:340)
	at java.util.concurrent.TimeUnit.sleep(TimeUnit.java:386)
	at org.apache.ratis.util.TimeDuration.sleep(TimeDuration.java:324)
	at org.apache.ratis.util.TimeDuration.sleep(TimeDuration.java:309)
	at org.apache.ratis.server.impl.FollowerState.run(FollowerState.java:118)
2022-01-11 23:55:15,194 [51615485-058d-42af-9c65-c0e811a06a5e@group-2A363A5CF540-StateMachineUpdater] INFO  ratis.ContainerStateMachine (ContainerStateMachine.java:takeSnapshot(310)) - group-2A363A5CF540: Finished taking a snapshot at:(t:3, i:0) file:/home/runner/work/ozone/ozone/hadoop-ozone/integration-test/target/test-dir/MiniOzoneClusterImpl-84b3519b-a2d3-47e7-8c84-34506f72c9f7/datanode-1/data/ratis/9f8526f1-ada7-46fb-8b6a-2a363a5cf540/sm/snapshot.3_0 took: 1 ms
2022-01-11 23:55:15,195 [51615485-058d-42af-9c65-c0e811a06a5e@group-2A363A5CF540-StateMachineUpdater] INFO  impl.StateMachineUpdater (StateMachineUpdater.java:takeSnapshot(281)) - 51615485-058d-42af-9c65-c0e811a06a5e@group-2A363A5CF540-StateMachineUpdater: Took a snapshot at index 0
2022-01-11 23:55:15,195 [51615485-058d-42af-9c65-c0e811a06a5e@group-2A363A5CF540-StateMachineUpdater] INFO  impl.StateMachineUpdater (StateMachineUpdater.java:lambda$new$0(89)) - 51615485-058d-42af-9c65-c0e811a06a5e@group-2A363A5CF540-StateMachineUpdater: snapshotIndex: updateIncreasingly -1 -> 0
2022-01-11 23:55:15,195 [ForkJoinPool.commonPool-worker-1] INFO  server.RaftServer$Division (ServerState.java:close(419)) - 51615485-058d-42af-9c65-c0e811a06a5e@group-2A363A5CF540: closes. applyIndex: 0
2022-01-11 23:55:15,195 [51615485-058d-42af-9c65-c0e811a06a5e@group-2A363A5CF540-SegmentedRaftLogWorker] INFO  segmented.SegmentedRaftLogWorker (SegmentedRaftLogWorker.java:run(327)) - 51615485-058d-42af-9c65-c0e811a06a5e@group-2A363A5CF540-SegmentedRaftLogWorker was interrupted, exiting. There are 0 tasks remaining in the queue.
2022-01-11 23:55:15,197 [grpc-default-executor-5] INFO  server.RaftServer$Division (RaftServerImpl.java:requestVote(1046)) - 6b666312-5236-4d63-85d6-3705eb3fb30b@group-B7EECE8F9241: receive requestVote(ELECTION, 77c66afc-fa73-4d89-b59d-9adc22a556cf, group-B7EECE8F9241, 1, (t:0, i:0))
2022-01-11 23:55:15,197 [grpc-default-executor-5] INFO  impl.VoteContext (VoteContext.java:log(48)) - 6b666312-5236-4d63-85d6-3705eb3fb30b@group-B7EECE8F9241-FOLLOWER: accept ELECTION from 77c66afc-fa73-4d89-b59d-9adc22a556cf: our priority 0 <= candidate's priority 0
2022-01-11 23:55:15,197 [grpc-default-executor-5] INFO  server.RaftServer$Division (RaftServerImpl.java:setRole(290)) - 6b666312-5236-4d63-85d6-3705eb3fb30b@group-B7EECE8F9241: changes role from  FOLLOWER to FOLLOWER at term 1 for candidate:77c66afc-fa73-4d89-b59d-9adc22a556cf
2022-01-11 23:55:15,197 [grpc-default-executor-5] INFO  impl.RoleInfo (RoleInfo.java:shutdownFollowerState(108)) - 6b666312-5236-4d63-85d6-3705eb3fb30b: shutdown 6b666312-5236-4d63-85d6-3705eb3fb30b@group-B7EECE8F9241-FollowerState
2022-01-11 23:55:15,198 [grpc-default-executor-5] INFO  impl.RoleInfo (RoleInfo.java:updateAndGet(130)) - 6b666312-5236-4d63-85d6-3705eb3fb30b: start 6b666312-5236-4d63-85d6-3705eb3fb30b@group-B7EECE8F9241-FollowerState
2022-01-11 23:55:15,198 [6b666312-5236-4d63-85d6-3705eb3fb30b@group-B7EECE8F9241-FollowerState] INFO  impl.FollowerState (FollowerState.java:run(143)) - 6b666312-5236-4d63-85d6-3705eb3fb30b@group-B7EECE8F9241-FollowerState was interrupted: {}
java.lang.InterruptedException: sleep interrupted
	at java.lang.Thread.sleep(Native Method)
	at java.lang.Thread.sleep(Thread.java:340)
	at java.util.concurrent.TimeUnit.sleep(TimeUnit.java:386)
	at org.apache.ratis.util.TimeDuration.sleep(TimeDuration.java:324)
	at org.apache.ratis.util.TimeDuration.sleep(TimeDuration.java:309)
	at org.apache.ratis.server.impl.FollowerState.run(FollowerState.java:118)
2022-01-11 23:55:15,198 [ForkJoinPool.commonPool-worker-1] INFO  segmented.SegmentedRaftLogWorker (SegmentedRaftLogWorker.java:close(237)) - 51615485-058d-42af-9c65-c0e811a06a5e@group-2A363A5CF540-SegmentedRaftLogWorker close()
2022-01-11 23:55:15,198 [ForkJoinPool.commonPool-worker-1] INFO  server.RaftServer$Division (RaftServerImpl.java:lambda$close$4(412)) - 51615485-058d-42af-9c65-c0e811a06a5e@group-F0ED29085A06: shutdown
2022-01-11 23:55:15,198 [ForkJoinPool.commonPool-worker-1] INFO  util.JmxRegister (JmxRegister.java:unregister(73)) - Successfully un-registered JMX Bean with object name Ratis:service=RaftServer,group=group-F0ED29085A06,id=51615485-058d-42af-9c65-c0e811a06a5e
2022-01-11 23:55:15,198 [ForkJoinPool.commonPool-worker-1] INFO  impl.RoleInfo (RoleInfo.java:shutdownLeaderState(91)) - 51615485-058d-42af-9c65-c0e811a06a5e: shutdown 51615485-058d-42af-9c65-c0e811a06a5e@group-F0ED29085A06-LeaderStateImpl
2022-01-11 23:55:15,198 [ForkJoinPool.commonPool-worker-1] INFO  impl.PendingRequests (PendingRequests.java:sendNotLeaderResponses(282)) - 51615485-058d-42af-9c65-c0e811a06a5e@group-F0ED29085A06-PendingRequests: sendNotLeaderResponses
2022-01-11 23:55:15,199 [ForkJoinPool.commonPool-worker-1] INFO  impl.StateMachineUpdater (StateMachineUpdater.java:stopAndJoin(149)) - 51615485-058d-42af-9c65-c0e811a06a5e@group-F0ED29085A06-StateMachineUpdater: set stopIndex = 0
2022-01-11 23:55:15,199 [51615485-058d-42af-9c65-c0e811a06a5e@group-F0ED29085A06-StateMachineUpdater] INFO  ratis.ContainerStateMachine (ContainerStateMachine.java:takeSnapshot(299)) - group-F0ED29085A06: Taking a snapshot at:(t:1, i:0) file /home/runner/work/ozone/ozone/hadoop-ozone/integration-test/target/test-dir/MiniOzoneClusterImpl-84b3519b-a2d3-47e7-8c84-34506f72c9f7/datanode-1/data/ratis/27cfee9d-5d3d-4551-a813-f0ed29085a06/sm/snapshot.1_0
2022-01-11 23:55:15,201 [51615485-058d-42af-9c65-c0e811a06a5e@group-F0ED29085A06-StateMachineUpdater] INFO  ratis.ContainerStateMachine (ContainerStateMachine.java:takeSnapshot(310)) - group-F0ED29085A06: Finished taking a snapshot at:(t:1, i:0) file:/home/runner/work/ozone/ozone/hadoop-ozone/integration-test/target/test-dir/MiniOzoneClusterImpl-84b3519b-a2d3-47e7-8c84-34506f72c9f7/datanode-1/data/ratis/27cfee9d-5d3d-4551-a813-f0ed29085a06/sm/snapshot.1_0 took: 3 ms
2022-01-11 23:55:15,202 [51615485-058d-42af-9c65-c0e811a06a5e@group-F0ED29085A06-StateMachineUpdater] INFO  impl.StateMachineUpdater (StateMachineUpdater.java:takeSnapshot(281)) - 51615485-058d-42af-9c65-c0e811a06a5e@group-F0ED29085A06-StateMachineUpdater: Took a snapshot at index 0
2022-01-11 23:55:15,202 [51615485-058d-42af-9c65-c0e811a06a5e@group-F0ED29085A06-StateMachineUpdater] INFO  impl.StateMachineUpdater (StateMachineUpdater.java:lambda$new$0(89)) - 51615485-058d-42af-9c65-c0e811a06a5e@group-F0ED29085A06-StateMachineUpdater: snapshotIndex: updateIncreasingly -1 -> 0
2022-01-11 23:55:15,202 [ForkJoinPool.commonPool-worker-1] INFO  server.RaftServer$Division (ServerState.java:close(419)) - 51615485-058d-42af-9c65-c0e811a06a5e@group-F0ED29085A06: closes. applyIndex: 0
2022-01-11 23:55:15,207 [grpc-default-executor-5] INFO  server.RaftServer$Division (RaftServerImpl.java:requestVote(1078)) - 6b666312-5236-4d63-85d6-3705eb3fb30b@group-B7EECE8F9241 replies to ELECTION vote request: 77c66afc-fa73-4d89-b59d-9adc22a556cf<-6b666312-5236-4d63-85d6-3705eb3fb30b#0:OK-t1. Peer's state: 6b666312-5236-4d63-85d6-3705eb3fb30b@group-B7EECE8F9241:t1, leader=null, voted=77c66afc-fa73-4d89-b59d-9adc22a556cf, raftlog=6b666312-5236-4d63-85d6-3705eb3fb30b@group-B7EECE8F9241-SegmentedRaftLog:OPENED:c-1, conf=-1: [6b666312-5236-4d63-85d6-3705eb3fb30b|rpc:10.1.0.37:38271|dataStream:|priority:0, 757e1abf-caf6-4356-ad73-d786994982ad|rpc:10.1.0.37:41749|dataStream:|priority:1, 77c66afc-fa73-4d89-b59d-9adc22a556cf|rpc:10.1.0.37:40587|dataStream:|priority:0], old=null
2022-01-11 23:55:15,209 [77c66afc-fa73-4d89-b59d-9adc22a556cf@group-B7EECE8F9241-LeaderElection68] INFO  impl.LeaderElection (LeaderElection.java:logAndReturn(89)) - 77c66afc-fa73-4d89-b59d-9adc22a556cf@group-B7EECE8F9241-LeaderElection68: ELECTION PASSED received 1 response(s) and 1 exception(s):
2022-01-11 23:55:15,209 [51615485-058d-42af-9c65-c0e811a06a5e@group-F0ED29085A06-SegmentedRaftLogWorker] INFO  segmented.SegmentedRaftLogWorker (SegmentedRaftLogWorker.java:run(327)) - 51615485-058d-42af-9c65-c0e811a06a5e@group-F0ED29085A06-SegmentedRaftLogWorker was interrupted, exiting. There are 0 tasks remaining in the queue.
2022-01-11 23:55:15,209 [77c66afc-fa73-4d89-b59d-9adc22a556cf@group-B7EECE8F9241-LeaderElection68] INFO  impl.LeaderElection (LeaderElection.java:logAndReturn(93)) -   Response 0: 77c66afc-fa73-4d89-b59d-9adc22a556cf<-6b666312-5236-4d63-85d6-3705eb3fb30b#0:OK-t1
2022-01-11 23:55:15,209 [77c66afc-fa73-4d89-b59d-9adc22a556cf@group-B7EECE8F9241-LeaderElection68] INFO  impl.LeaderElection (LogUtils.java:infoOrTrace(137)) -   Exception 1: java.util.concurrent.ExecutionException: org.apache.ratis.thirdparty.io.grpc.StatusRuntimeException: UNAVAILABLE: io exception
2022-01-11 23:55:15,209 [ForkJoinPool.commonPool-worker-1] INFO  segmented.SegmentedRaftLogWorker (SegmentedRaftLogWorker.java:close(237)) - 51615485-058d-42af-9c65-c0e811a06a5e@group-F0ED29085A06-SegmentedRaftLogWorker close()
2022-01-11 23:55:15,209 [77c66afc-fa73-4d89-b59d-9adc22a556cf@group-B7EECE8F9241-LeaderElection68] INFO  impl.LeaderElection (LeaderElection.java:askForVotes(308)) - 77c66afc-fa73-4d89-b59d-9adc22a556cf@group-B7EECE8F9241-LeaderElection68 ELECTION round 0: result PASSED
2022-01-11 23:55:15,209 [77c66afc-fa73-4d89-b59d-9adc22a556cf@group-B7EECE8F9241-LeaderElection68] INFO  impl.RoleInfo (RoleInfo.java:shutdownLeaderElection(121)) - 77c66afc-fa73-4d89-b59d-9adc22a556cf: shutdown 77c66afc-fa73-4d89-b59d-9adc22a556cf@group-B7EECE8F9241-LeaderElection68
2022-01-11 23:55:15,209 [77c66afc-fa73-4d89-b59d-9adc22a556cf@group-B7EECE8F9241-LeaderElection68] INFO  server.RaftServer$Division (RaftServerImpl.java:setRole(290)) - 77c66afc-fa73-4d89-b59d-9adc22a556cf@group-B7EECE8F9241: changes role from CANDIDATE to LEADER at term 1 for changeToLeader
2022-01-11 23:55:15,209 [77c66afc-fa73-4d89-b59d-9adc22a556cf@group-B7EECE8F9241-LeaderElection68] INFO  ratis.XceiverServerRatis (XceiverServerRatis.java:handleLeaderChangedNotification(866)) - Leader change notification received for group: group-B7EECE8F9241 with new leaderId: 77c66afc-fa73-4d89-b59d-9adc22a556cf
2022-01-11 23:55:15,209 [77c66afc-fa73-4d89-b59d-9adc22a556cf@group-B7EECE8F9241-LeaderElection68] INFO  server.RaftServer$Division (ServerState.java:setLeader(285)) - 77c66afc-fa73-4d89-b59d-9adc22a556cf@group-B7EECE8F9241: change Leader from null to 77c66afc-fa73-4d89-b59d-9adc22a556cf at term 1 for becomeLeader, leader elected after 5266ms
2022-01-11 23:55:15,210 [77c66afc-fa73-4d89-b59d-9adc22a556cf@group-B7EECE8F9241-LeaderElection68] INFO  server.RaftServerConfigKeys (ConfUtils.java:logGet(44)) - raft.server.staging.catchup.gap = 1000 (default)
2022-01-11 23:55:15,210 [77c66afc-fa73-4d89-b59d-9adc22a556cf@group-B7EECE8F9241-LeaderElection68] INFO  server.RaftServerConfigKeys (ConfUtils.java:logGet(44)) - raft.server.write.element-limit = 1024 (custom)
2022-01-11 23:55:15,210 [77c66afc-fa73-4d89-b59d-9adc22a556cf@group-B7EECE8F9241-LeaderElection68] INFO  server.RaftServerConfigKeys (ConfUtils.java:logGet(44)) - raft.server.write.byte-limit = 1024 M (=1073741824) (custom)
2022-01-11 23:55:15,210 [77c66afc-fa73-4d89-b59d-9adc22a556cf@group-B7EECE8F9241-LeaderElection68] INFO  server.RaftServerConfigKeys (ConfUtils.java:logGet(44)) - raft.server.watch.timeout = 3000ms (custom)
2022-01-11 23:55:15,210 [77c66afc-fa73-4d89-b59d-9adc22a556cf@group-B7EECE8F9241-LeaderElection68] INFO  server.RaftServerConfigKeys (ConfUtils.java:logGet(44)) - raft.server.watch.timeout.denomination = 1s (default)
2022-01-11 23:55:15,210 [77c66afc-fa73-4d89-b59d-9adc22a556cf@group-B7EECE8F9241-LeaderElection68] INFO  server.RaftServerConfigKeys (ConfUtils.java:logGet(44)) - raft.server.watch.element-limit = 65536 (default)
2022-01-11 23:55:15,210 [77c66afc-fa73-4d89-b59d-9adc22a556cf@group-B7EECE8F9241-LeaderElection68] INFO  server.RaftServerConfigKeys (ConfUtils.java:logGet(44)) - raft.server.write.element-limit = 1024 (custom)
2022-01-11 23:55:15,210 [77c66afc-fa73-4d89-b59d-9adc22a556cf@group-B7EECE8F9241-LeaderElection68] INFO  server.RaftServerConfigKeys (ConfUtils.java:logGet(44)) - raft.server.write.follower.gap.ratio.max = -1.0 (default)
2022-01-11 23:55:15,210 [77c66afc-fa73-4d89-b59d-9adc22a556cf@group-B7EECE8F9241-LeaderElection68] INFO  server.RaftServerConfigKeys (ConfUtils.java:logGet(44)) - raft.server.log.appender.snapshot.chunk.size.max = 16MB (=16777216) (default)
2022-01-11 23:55:15,210 [77c66afc-fa73-4d89-b59d-9adc22a556cf@group-B7EECE8F9241-LeaderElection68] INFO  server.RaftServerConfigKeys (ConfUtils.java:logGet(44)) - raft.server.log.appender.buffer.byte-limit = 33554432 (custom)
2022-01-11 23:55:15,210 [77c66afc-fa73-4d89-b59d-9adc22a556cf@group-B7EECE8F9241-LeaderElection68] INFO  server.RaftServerConfigKeys (ConfUtils.java:logGet(44)) - raft.server.log.appender.buffer.element-limit = 1 (custom)
2022-01-11 23:55:15,210 [77c66afc-fa73-4d89-b59d-9adc22a556cf@group-B7EECE8F9241-LeaderElection68] INFO  grpc.GrpcConfigKeys (ConfUtils.java:logGet(44)) - raft.grpc.server.leader.outstanding.appends.max = 128 (default)
2022-01-11 23:55:15,211 [77c66afc-fa73-4d89-b59d-9adc22a556cf@group-B7EECE8F9241-LeaderElection68] INFO  server.RaftServerConfigKeys (ConfUtils.java:logGet(44)) - raft.server.rpc.request.timeout = 3000ms (default)
2022-01-11 23:55:15,211 [77c66afc-fa73-4d89-b59d-9adc22a556cf@group-B7EECE8F9241-LeaderElection68] INFO  server.RaftServerConfigKeys (ConfUtils.java:logGet(44)) - raft.server.log.appender.install.snapshot.enabled = false (custom)
2022-01-11 23:55:15,211 [77c66afc-fa73-4d89-b59d-9adc22a556cf@group-B7EECE8F9241-LeaderElection68] INFO  server.RaftServerConfigKeys (ConfUtils.java:logGet(44)) - raft.server.log.appender.snapshot.chunk.size.max = 16MB (=16777216) (default)
2022-01-11 23:55:15,212 [77c66afc-fa73-4d89-b59d-9adc22a556cf@group-B7EECE8F9241-LeaderElection68] INFO  server.RaftServerConfigKeys (ConfUtils.java:logGet(44)) - raft.server.log.appender.buffer.byte-limit = 33554432 (custom)
2022-01-11 23:55:15,212 [77c66afc-fa73-4d89-b59d-9adc22a556cf@group-B7EECE8F9241-LeaderElection68] INFO  server.RaftServerConfigKeys (ConfUtils.java:logGet(44)) - raft.server.log.appender.buffer.element-limit = 1 (custom)
2022-01-11 23:55:15,212 [77c66afc-fa73-4d89-b59d-9adc22a556cf@group-B7EECE8F9241-LeaderElection68] INFO  grpc.GrpcConfigKeys (ConfUtils.java:logGet(44)) - raft.grpc.server.leader.outstanding.appends.max = 128 (default)
2022-01-11 23:55:15,212 [77c66afc-fa73-4d89-b59d-9adc22a556cf@group-B7EECE8F9241-LeaderElection68] INFO  server.RaftServerConfigKeys (ConfUtils.java:logGet(44)) - raft.server.rpc.request.timeout = 3000ms (default)
2022-01-11 23:55:15,212 [77c66afc-fa73-4d89-b59d-9adc22a556cf@group-B7EECE8F9241-LeaderElection68] INFO  server.RaftServerConfigKeys (ConfUtils.java:logGet(44)) - raft.server.log.appender.install.snapshot.enabled = false (custom)
2022-01-11 23:55:15,213 [ForkJoinPool.commonPool-worker-1] INFO  server.GrpcService (GrpcService.java:closeImpl(262)) - 51615485-058d-42af-9c65-c0e811a06a5e: shutdown server with port 46039 now
2022-01-11 23:55:15,213 [77c66afc-fa73-4d89-b59d-9adc22a556cf@group-B7EECE8F9241-LeaderElection68] INFO  impl.RoleInfo (RoleInfo.java:updateAndGet(130)) - 77c66afc-fa73-4d89-b59d-9adc22a556cf: start 77c66afc-fa73-4d89-b59d-9adc22a556cf@group-B7EECE8F9241-LeaderStateImpl
2022-01-11 23:55:15,221 [grpc-default-executor-1] WARN  server.GrpcServerProtocolService (LogUtils.java:warn(122)) - 51615485-058d-42af-9c65-c0e811a06a5e: installSnapshot onError, lastRequest: 8eedcce2-fa83-40f2-8f3f-8ae88d3f9c27->51615485-058d-42af-9c65-c0e811a06a5e#1-t1,previous=(t:0, i:0),leaderCommit=0,initializing? true,entries: size=1, first=(t:1, i:0), CONFIGURATIONENTRY: org.apache.ratis.thirdparty.io.grpc.StatusRuntimeException: CANCELLED: client cancelled
2022-01-11 23:55:15,220 [grpc-default-executor-2] WARN  server.GrpcLogAppender (LogUtils.java:warn(122)) - 8eedcce2-fa83-40f2-8f3f-8ae88d3f9c27@group-2B542484AF5F->51615485-058d-42af-9c65-c0e811a06a5e-AppendLogResponseHandler: Failed appendEntries: org.apache.ratis.thirdparty.io.grpc.StatusRuntimeException: CANCELLED: HTTP/2 error code: CANCEL
Received Rst Stream
2022-01-11 23:55:15,234 [ForkJoinPool.commonPool-worker-1] INFO  server.GrpcService (GrpcService.java:closeImpl(271)) - 51615485-058d-42af-9c65-c0e811a06a5e: shutdown server with port 46039 successfully
2022-01-11 23:55:15,234 [org.apache.ratis.util.JvmPauseMonitor$$Lambda$538/836759902@36583829] INFO  util.JvmPauseMonitor (JvmPauseMonitor.java:run(109)) - JvmPauseMonitor-51615485-058d-42af-9c65-c0e811a06a5e: Stopped
2022-01-11 23:55:15,235 [grpc-default-executor-3] WARN  server.GrpcServerProtocolService (LogUtils.java:warn(122)) - 51615485-058d-42af-9c65-c0e811a06a5e: installSnapshot onError, lastRequest: c2004f48-6b55-488b-a4f3-a933c544d5d2->51615485-058d-42af-9c65-c0e811a06a5e#1-t3,previous=(t:0, i:0),leaderCommit=-1,initializing? true,entries: size=1, first=(t:3, i:0), CONFIGURATIONENTRY: org.apache.ratis.thirdparty.io.grpc.StatusRuntimeException: CANCELLED: client cancelled
2022-01-11 23:55:15,236 [grpc-default-executor-3] WARN  server.GrpcLogAppender (LogUtils.java:warn(122)) - c2004f48-6b55-488b-a4f3-a933c544d5d2@group-2A363A5CF540->51615485-058d-42af-9c65-c0e811a06a5e-AppendLogResponseHandler: Failed appendEntries: org.apache.ratis.thirdparty.io.grpc.StatusRuntimeException: CANCELLED: HTTP/2 error code: CANCEL
Received Rst Stream
2022-01-11 23:55:15,236 [77c66afc-fa73-4d89-b59d-9adc22a556cf@group-B7EECE8F9241-LeaderElection68] INFO  segmented.SegmentedRaftLogWorker (SegmentedRaftLogWorker.java:startLogSegment(394)) - 77c66afc-fa73-4d89-b59d-9adc22a556cf@group-B7EECE8F9241-SegmentedRaftLogWorker: Starting segment from index:0
2022-01-11 23:55:15,237 [grpc-default-executor-2] WARN  server.GrpcLogAppender (GrpcLogAppender.java:resetClient(110)) - 8eedcce2-fa83-40f2-8f3f-8ae88d3f9c27@group-2B542484AF5F->51615485-058d-42af-9c65-c0e811a06a5e-GrpcLogAppender: Leader has not got in touch with Follower 8eedcce2-fa83-40f2-8f3f-8ae88d3f9c27@group-2B542484AF5F->51615485-058d-42af-9c65-c0e811a06a5e(c0,m0,n1, attendVote=true, lastRpcSendTime=2015, lastRpcResponseTime=2004) yet, just keep nextIndex unchanged and retry.
2022-01-11 23:55:15,237 [grpc-default-executor-3] WARN  server.GrpcLogAppender (GrpcLogAppender.java:resetClient(110)) - c2004f48-6b55-488b-a4f3-a933c544d5d2@group-2A363A5CF540->51615485-058d-42af-9c65-c0e811a06a5e-GrpcLogAppender: Leader has not got in touch with Follower c2004f48-6b55-488b-a4f3-a933c544d5d2@group-2A363A5CF540->51615485-058d-42af-9c65-c0e811a06a5e(c0,m0,n1, attendVote=true, lastRpcSendTime=2395, lastRpcResponseTime=2393) yet, just keep nextIndex unchanged and retry.
2022-01-11 23:55:15,238 [77c66afc-fa73-4d89-b59d-9adc22a556cf@group-B7EECE8F9241-SegmentedRaftLogWorker] INFO  segmented.SegmentedRaftLogWorker (SegmentedRaftLogWorker.java:execute(601)) - 77c66afc-fa73-4d89-b59d-9adc22a556cf@group-B7EECE8F9241-SegmentedRaftLogWorker: created new log segment /home/runner/work/ozone/ozone/hadoop-ozone/integration-test/target/test-dir/MiniOzoneClusterImpl-84b3519b-a2d3-47e7-8c84-34506f72c9f7/datanode-3/data/ratis/2b2875fe-7bf9-4d91-8670-b7eece8f9241/current/log_inprogress_0
2022-01-11 23:55:15,264 [grpc-default-executor-3] WARN  server.GrpcLogAppender (LogUtils.java:warn(122)) - 77c66afc-fa73-4d89-b59d-9adc22a556cf@group-B7EECE8F9241->757e1abf-caf6-4356-ad73-d786994982ad-AppendLogResponseHandler: Failed appendEntries: org.apache.ratis.thirdparty.io.grpc.StatusRuntimeException: UNAVAILABLE: io exception
2022-01-11 23:55:15,265 [grpc-default-executor-3] WARN  server.GrpcLogAppender (GrpcLogAppender.java:resetClient(110)) - 77c66afc-fa73-4d89-b59d-9adc22a556cf@group-B7EECE8F9241->757e1abf-caf6-4356-ad73-d786994982ad-GrpcLogAppender: Leader has not got in touch with Follower 77c66afc-fa73-4d89-b59d-9adc22a556cf@group-B7EECE8F9241->757e1abf-caf6-4356-ad73-d786994982ad(c-1,m0,n0, attendVote=true, lastRpcSendTime=5254, lastRpcResponseTime=5254) yet, just keep nextIndex unchanged and retry.
2022-01-11 23:55:15,266 [grpc-default-executor-3] WARN  server.GrpcLogAppender (LogUtils.java:warn(122)) - 77c66afc-fa73-4d89-b59d-9adc22a556cf@group-B7EECE8F9241->757e1abf-caf6-4356-ad73-d786994982ad-AppendLogResponseHandler: Failed appendEntries: org.apache.ratis.thirdparty.io.grpc.StatusRuntimeException: UNAVAILABLE: io exception
2022-01-11 23:55:15,267 [grpc-default-executor-3] WARN  server.GrpcLogAppender (GrpcLogAppender.java:resetClient(110)) - 77c66afc-fa73-4d89-b59d-9adc22a556cf@group-B7EECE8F9241->757e1abf-caf6-4356-ad73-d786994982ad-GrpcLogAppender: Leader has not got in touch with Follower 77c66afc-fa73-4d89-b59d-9adc22a556cf@group-B7EECE8F9241->757e1abf-caf6-4356-ad73-d786994982ad(c-1,m0,n1, attendVote=true, lastRpcSendTime=1, lastRpcResponseTime=5256) yet, just keep nextIndex unchanged and retry.
2022-01-11 23:55:15,282 [77c66afc-fa73-4d89-b59d-9adc22a556cf@group-B7EECE8F9241-LeaderElection68] INFO  server.RaftServer$Division (ServerState.java:setRaftConf(387)) - 77c66afc-fa73-4d89-b59d-9adc22a556cf@group-B7EECE8F9241: set configuration 0: [6b666312-5236-4d63-85d6-3705eb3fb30b|rpc:10.1.0.37:38271|dataStream:|priority:0, 757e1abf-caf6-4356-ad73-d786994982ad|rpc:10.1.0.37:41749|dataStream:|priority:1, 77c66afc-fa73-4d89-b59d-9adc22a556cf|rpc:10.1.0.37:40587|dataStream:|priority:0], old=null
2022-01-11 23:55:15,310 [grpc-default-executor-2] INFO  ratis.XceiverServerRatis (XceiverServerRatis.java:handleLeaderChangedNotification(866)) - Leader change notification received for group: group-B7EECE8F9241 with new leaderId: 77c66afc-fa73-4d89-b59d-9adc22a556cf
2022-01-11 23:55:15,310 [grpc-default-executor-2] INFO  server.RaftServer$Division (ServerState.java:setLeader(285)) - 6b666312-5236-4d63-85d6-3705eb3fb30b@group-B7EECE8F9241: change Leader from null to 77c66afc-fa73-4d89-b59d-9adc22a556cf at term 1 for appendEntries, leader elected after 5219ms
2022-01-11 23:55:15,354 [grpc-default-executor-2] INFO  server.RaftServer$Division (ServerState.java:setRaftConf(387)) - 6b666312-5236-4d63-85d6-3705eb3fb30b@group-B7EECE8F9241: set configuration 0: [6b666312-5236-4d63-85d6-3705eb3fb30b|rpc:10.1.0.37:38271|dataStream:|priority:0, 757e1abf-caf6-4356-ad73-d786994982ad|rpc:10.1.0.37:41749|dataStream:|priority:1, 77c66afc-fa73-4d89-b59d-9adc22a556cf|rpc:10.1.0.37:40587|dataStream:|priority:0], old=null
2022-01-11 23:55:15,354 [grpc-default-executor-2] INFO  segmented.SegmentedRaftLogWorker (SegmentedRaftLogWorker.java:startLogSegment(394)) - 6b666312-5236-4d63-85d6-3705eb3fb30b@group-B7EECE8F9241-SegmentedRaftLogWorker: Starting segment from index:0
2022-01-11 23:55:15,355 [6b666312-5236-4d63-85d6-3705eb3fb30b@group-B7EECE8F9241-SegmentedRaftLogWorker] INFO  segmented.SegmentedRaftLogWorker (SegmentedRaftLogWorker.java:execute(601)) - 6b666312-5236-4d63-85d6-3705eb3fb30b@group-B7EECE8F9241-SegmentedRaftLogWorker: created new log segment /home/runner/work/ozone/ozone/hadoop-ozone/integration-test/target/test-dir/MiniOzoneClusterImpl-84b3519b-a2d3-47e7-8c84-34506f72c9f7/datanode-6/data/ratis/2b2875fe-7bf9-4d91-8670-b7eece8f9241/current/log_inprogress_0
2022-01-11 23:55:15,385 [grpc-default-executor-5] WARN  server.GrpcLogAppender (LogUtils.java:warn(122)) - c2004f48-6b55-488b-a4f3-a933c544d5d2@group-2A363A5CF540->51615485-058d-42af-9c65-c0e811a06a5e-AppendLogResponseHandler: Failed appendEntries: org.apache.ratis.thirdparty.io.grpc.StatusRuntimeException: UNAVAILABLE: io exception
2022-01-11 23:55:15,385 [grpc-default-executor-5] WARN  server.GrpcLogAppender (GrpcLogAppender.java:resetClient(110)) - c2004f48-6b55-488b-a4f3-a933c544d5d2@group-2A363A5CF540->51615485-058d-42af-9c65-c0e811a06a5e-GrpcLogAppender: Leader has not got in touch with Follower c2004f48-6b55-488b-a4f3-a933c544d5d2@group-2A363A5CF540->51615485-058d-42af-9c65-c0e811a06a5e(c0,m0,n1, attendVote=true, lastRpcSendTime=36, lastRpcResponseTime=2542) yet, just keep nextIndex unchanged and retry.
2022-01-11 23:55:15,407 [2a1c9333-8641-498a-88f2-87bcecbe0d18@group-F30F1A0B57EF-FollowerState] INFO  impl.FollowerState (FollowerState.java:run(134)) - 2a1c9333-8641-498a-88f2-87bcecbe0d18@group-F30F1A0B57EF-FollowerState: change to CANDIDATE, lastRpcElapsedTime:5187115309ns, electionTimeout:5146ms
2022-01-11 23:55:15,408 [2a1c9333-8641-498a-88f2-87bcecbe0d18@group-F30F1A0B57EF-FollowerState] INFO  impl.RoleInfo (RoleInfo.java:shutdownFollowerState(108)) - 2a1c9333-8641-498a-88f2-87bcecbe0d18: shutdown 2a1c9333-8641-498a-88f2-87bcecbe0d18@group-F30F1A0B57EF-FollowerState
2022-01-11 23:55:15,408 [2a1c9333-8641-498a-88f2-87bcecbe0d18@group-F30F1A0B57EF-FollowerState] INFO  server.RaftServer$Division (RaftServerImpl.java:setRole(290)) - 2a1c9333-8641-498a-88f2-87bcecbe0d18@group-F30F1A0B57EF: changes role from  FOLLOWER to CANDIDATE at term 0 for changeToCandidate
2022-01-11 23:55:15,408 [2a1c9333-8641-498a-88f2-87bcecbe0d18@group-F30F1A0B57EF-FollowerState] INFO  server.RaftServerConfigKeys (ConfUtils.java:logGet(44)) - raft.server.leaderelection.pre-vote = false (custom)
2022-01-11 23:55:15,408 [2a1c9333-8641-498a-88f2-87bcecbe0d18@group-F30F1A0B57EF-FollowerState] INFO  impl.RoleInfo (RoleInfo.java:updateAndGet(130)) - 2a1c9333-8641-498a-88f2-87bcecbe0d18: start 2a1c9333-8641-498a-88f2-87bcecbe0d18@group-F30F1A0B57EF-LeaderElection69
2022-01-11 23:55:15,432 [6b666312-5236-4d63-85d6-3705eb3fb30b@group-F30F1A0B57EF-FollowerState] INFO  impl.FollowerState (FollowerState.java:run(134)) - 6b666312-5236-4d63-85d6-3705eb3fb30b@group-F30F1A0B57EF-FollowerState: change to CANDIDATE, lastRpcElapsedTime:5045515297ns, electionTimeout:5043ms
2022-01-11 23:55:15,432 [6b666312-5236-4d63-85d6-3705eb3fb30b@group-F30F1A0B57EF-FollowerState] INFO  impl.RoleInfo (RoleInfo.java:shutdownFollowerState(108)) - 6b666312-5236-4d63-85d6-3705eb3fb30b: shutdown 6b666312-5236-4d63-85d6-3705eb3fb30b@group-F30F1A0B57EF-FollowerState
2022-01-11 23:55:15,432 [6b666312-5236-4d63-85d6-3705eb3fb30b@group-F30F1A0B57EF-FollowerState] INFO  server.RaftServer$Division (RaftServerImpl.java:setRole(290)) - 6b666312-5236-4d63-85d6-3705eb3fb30b@group-F30F1A0B57EF: changes role from  FOLLOWER to CANDIDATE at term 0 for changeToCandidate
2022-01-11 23:55:15,433 [6b666312-5236-4d63-85d6-3705eb3fb30b@group-F30F1A0B57EF-FollowerState] INFO  server.RaftServerConfigKeys (ConfUtils.java:logGet(44)) - raft.server.leaderelection.pre-vote = false (custom)
2022-01-11 23:55:15,433 [6b666312-5236-4d63-85d6-3705eb3fb30b@group-F30F1A0B57EF-FollowerState] INFO  impl.RoleInfo (RoleInfo.java:updateAndGet(130)) - 6b666312-5236-4d63-85d6-3705eb3fb30b: start 6b666312-5236-4d63-85d6-3705eb3fb30b@group-F30F1A0B57EF-LeaderElection70
2022-01-11 23:55:15,461 [2a1c9333-8641-498a-88f2-87bcecbe0d18@group-F30F1A0B57EF-LeaderElection69] INFO  impl.LeaderElection (LeaderElection.java:askForVotes(306)) - 2a1c9333-8641-498a-88f2-87bcecbe0d18@group-F30F1A0B57EF-LeaderElection69 ELECTION round 0: submit vote requests at term 1 for -1: [6b666312-5236-4d63-85d6-3705eb3fb30b|rpc:10.1.0.37:38271|priority:0, 2a1c9333-8641-498a-88f2-87bcecbe0d18|rpc:10.1.0.37:38177|priority:1, 77c66afc-fa73-4d89-b59d-9adc22a556cf|rpc:10.1.0.37:40587|priority:0], old=null
2022-01-11 23:55:15,466 [grpc-default-executor-2] INFO  server.RaftServer$Division (RaftServerImpl.java:requestVote(1046)) - 6b666312-5236-4d63-85d6-3705eb3fb30b@group-F30F1A0B57EF: receive requestVote(ELECTION, 2a1c9333-8641-498a-88f2-87bcecbe0d18, group-F30F1A0B57EF, 1, (t:0, i:0))
2022-01-11 23:55:15,470 [grpc-default-executor-5] INFO  server.RaftServer$Division (RaftServerImpl.java:requestVote(1046)) - 77c66afc-fa73-4d89-b59d-9adc22a556cf@group-F30F1A0B57EF: receive requestVote(ELECTION, 2a1c9333-8641-498a-88f2-87bcecbe0d18, group-F30F1A0B57EF, 1, (t:0, i:0))
2022-01-11 23:55:15,470 [grpc-default-executor-5] INFO  impl.VoteContext (VoteContext.java:log(48)) - 77c66afc-fa73-4d89-b59d-9adc22a556cf@group-F30F1A0B57EF-FOLLOWER: accept ELECTION from 2a1c9333-8641-498a-88f2-87bcecbe0d18: our priority 0 <= candidate's priority 1
2022-01-11 23:55:15,470 [grpc-default-executor-5] INFO  server.RaftServer$Division (RaftServerImpl.java:setRole(290)) - 77c66afc-fa73-4d89-b59d-9adc22a556cf@group-F30F1A0B57EF: changes role from  FOLLOWER to FOLLOWER at term 1 for candidate:2a1c9333-8641-498a-88f2-87bcecbe0d18
2022-01-11 23:55:15,470 [grpc-default-executor-5] INFO  impl.RoleInfo (RoleInfo.java:shutdownFollowerState(108)) - 77c66afc-fa73-4d89-b59d-9adc22a556cf: shutdown 77c66afc-fa73-4d89-b59d-9adc22a556cf@group-F30F1A0B57EF-FollowerState
2022-01-11 23:55:15,470 [grpc-default-executor-5] INFO  impl.RoleInfo (RoleInfo.java:updateAndGet(130)) - 77c66afc-fa73-4d89-b59d-9adc22a556cf: start 77c66afc-fa73-4d89-b59d-9adc22a556cf@group-F30F1A0B57EF-FollowerState
2022-01-11 23:55:15,482 [77c66afc-fa73-4d89-b59d-9adc22a556cf@group-F30F1A0B57EF-FollowerState] INFO  impl.FollowerState (FollowerState.java:run(143)) - 77c66afc-fa73-4d89-b59d-9adc22a556cf@group-F30F1A0B57EF-FollowerState was interrupted: {}
java.lang.InterruptedException: sleep interrupted
	at java.lang.Thread.sleep(Native Method)
	at java.lang.Thread.sleep(Thread.java:340)
	at java.util.concurrent.TimeUnit.sleep(TimeUnit.java:386)
	at org.apache.ratis.util.TimeDuration.sleep(TimeDuration.java:324)
	at org.apache.ratis.util.TimeDuration.sleep(TimeDuration.java:309)
	at org.apache.ratis.server.impl.FollowerState.run(FollowerState.java:118)
2022-01-11 23:55:15,482 [grpc-default-executor-5] INFO  server.RaftServer$Division (RaftServerImpl.java:requestVote(1078)) - 77c66afc-fa73-4d89-b59d-9adc22a556cf@group-F30F1A0B57EF replies to ELECTION vote request: 2a1c9333-8641-498a-88f2-87bcecbe0d18<-77c66afc-fa73-4d89-b59d-9adc22a556cf#0:OK-t1. Peer's state: 77c66afc-fa73-4d89-b59d-9adc22a556cf@group-F30F1A0B57EF:t1, leader=null, voted=2a1c9333-8641-498a-88f2-87bcecbe0d18, raftlog=77c66afc-fa73-4d89-b59d-9adc22a556cf@group-F30F1A0B57EF-SegmentedRaftLog:OPENED:c-1, conf=-1: [6b666312-5236-4d63-85d6-3705eb3fb30b|rpc:10.1.0.37:38271|dataStream:|priority:0, 2a1c9333-8641-498a-88f2-87bcecbe0d18|rpc:10.1.0.37:38177|dataStream:|priority:1, 77c66afc-fa73-4d89-b59d-9adc22a556cf|rpc:10.1.0.37:40587|dataStream:|priority:0], old=null
2022-01-11 23:55:15,483 [2a1c9333-8641-498a-88f2-87bcecbe0d18@group-F30F1A0B57EF-LeaderElection69] INFO  impl.LeaderElection (LeaderElection.java:logAndReturn(89)) - 2a1c9333-8641-498a-88f2-87bcecbe0d18@group-F30F1A0B57EF-LeaderElection69: ELECTION PASSED received 1 response(s) and 0 exception(s):
2022-01-11 23:55:15,483 [2a1c9333-8641-498a-88f2-87bcecbe0d18@group-F30F1A0B57EF-LeaderElection69] INFO  impl.LeaderElection (LeaderElection.java:logAndReturn(93)) -   Response 0: 2a1c9333-8641-498a-88f2-87bcecbe0d18<-77c66afc-fa73-4d89-b59d-9adc22a556cf#0:OK-t1
2022-01-11 23:55:15,483 [2a1c9333-8641-498a-88f2-87bcecbe0d18@group-F30F1A0B57EF-LeaderElection69] INFO  impl.LeaderElection (LeaderElection.java:askForVotes(308)) - 2a1c9333-8641-498a-88f2-87bcecbe0d18@group-F30F1A0B57EF-LeaderElection69 ELECTION round 0: result PASSED
2022-01-11 23:55:15,483 [2a1c9333-8641-498a-88f2-87bcecbe0d18@group-F30F1A0B57EF-LeaderElection69] INFO  impl.RoleInfo (RoleInfo.java:shutdownLeaderElection(121)) - 2a1c9333-8641-498a-88f2-87bcecbe0d18: shutdown 2a1c9333-8641-498a-88f2-87bcecbe0d18@group-F30F1A0B57EF-LeaderElection69
2022-01-11 23:55:15,483 [2a1c9333-8641-498a-88f2-87bcecbe0d18@group-F30F1A0B57EF-LeaderElection69] INFO  server.RaftServer$Division (RaftServerImpl.java:setRole(290)) - 2a1c9333-8641-498a-88f2-87bcecbe0d18@group-F30F1A0B57EF: changes role from CANDIDATE to LEADER at term 1 for changeToLeader
2022-01-11 23:55:15,483 [2a1c9333-8641-498a-88f2-87bcecbe0d18@group-F30F1A0B57EF-LeaderElection69] INFO  ratis.XceiverServerRatis (XceiverServerRatis.java:handleLeaderChangedNotification(866)) - Leader change notification received for group: group-F30F1A0B57EF with new leaderId: 2a1c9333-8641-498a-88f2-87bcecbe0d18
2022-01-11 23:55:15,484 [2a1c9333-8641-498a-88f2-87bcecbe0d18@group-F30F1A0B57EF-LeaderElection69] INFO  server.RaftServer$Division (ServerState.java:setLeader(285)) - 2a1c9333-8641-498a-88f2-87bcecbe0d18@group-F30F1A0B57EF: change Leader from null to 2a1c9333-8641-498a-88f2-87bcecbe0d18 at term 1 for becomeLeader, leader elected after 5273ms
2022-01-11 23:55:15,484 [2a1c9333-8641-498a-88f2-87bcecbe0d18@group-F30F1A0B57EF-LeaderElection69] INFO  server.RaftServerConfigKeys (ConfUtils.java:logGet(44)) - raft.server.staging.catchup.gap = 1000 (default)
2022-01-11 23:55:15,484 [2a1c9333-8641-498a-88f2-87bcecbe0d18@group-F30F1A0B57EF-LeaderElection69] INFO  server.RaftServerConfigKeys (ConfUtils.java:logGet(44)) - raft.server.write.element-limit = 1024 (custom)
2022-01-11 23:55:15,484 [2a1c9333-8641-498a-88f2-87bcecbe0d18@group-F30F1A0B57EF-LeaderElection69] INFO  server.RaftServerConfigKeys (ConfUtils.java:logGet(44)) - raft.server.write.byte-limit = 1024 M (=1073741824) (custom)
2022-01-11 23:55:15,486 [EventQueue-PipelineReportForPipelineReportHandler] INFO  pipeline.PipelineManagerImpl (PipelineManagerImpl.java:openPipeline(291)) - Pipeline Pipeline[ Id: 6cfe6a42-a277-473f-b133-f30f1a0b57ef, Nodes: 6b666312-5236-4d63-85d6-3705eb3fb30b{ip: 10.1.0.37, host: fv-az59-280.csjynl4pkq3e1pkirw3ssqjfoh.cx.internal.cloudapp.net, ports: [REPLICATION=44445, RATIS=38271, RATIS_ADMIN=38271, RATIS_SERVER=38271, STANDALONE=39257], networkLocation: /default-rack, certSerialId: null, persistedOpState: IN_SERVICE, persistedOpStateExpiryEpochSec: 0}2a1c9333-8641-498a-88f2-87bcecbe0d18{ip: 10.1.0.37, host: fv-az59-280.csjynl4pkq3e1pkirw3ssqjfoh.cx.internal.cloudapp.net, ports: [REPLICATION=45151, RATIS=38177, RATIS_ADMIN=38177, RATIS_SERVER=38177, STANDALONE=44313], networkLocation: /default-rack, certSerialId: null, persistedOpState: IN_SERVICE, persistedOpStateExpiryEpochSec: 0}77c66afc-fa73-4d89-b59d-9adc22a556cf{ip: 10.1.0.37, host: fv-az59-280.csjynl4pkq3e1pkirw3ssqjfoh.cx.internal.cloudapp.net, ports: [REPLICATION=36525, RATIS=40587, RATIS_ADMIN=40587, RATIS_SERVER=40587, STANDALONE=44631], networkLocation: /default-rack, certSerialId: null, persistedOpState: IN_SERVICE, persistedOpStateExpiryEpochSec: 0}, ReplicationConfig: RATIS/THREE, State:ALLOCATED, leaderId:2a1c9333-8641-498a-88f2-87bcecbe0d18, CreationTimestamp2022-01-11T23:55:08.443Z[Etc/UTC]] moved to OPEN state
2022-01-11 23:55:15,487 [2a1c9333-8641-498a-88f2-87bcecbe0d18@group-F30F1A0B57EF-LeaderElection69] INFO  server.RaftServerConfigKeys (ConfUtils.java:logGet(44)) - raft.server.watch.timeout = 3000ms (custom)
2022-01-11 23:55:15,487 [2a1c9333-8641-498a-88f2-87bcecbe0d18@group-F30F1A0B57EF-LeaderElection69] INFO  server.RaftServerConfigKeys (ConfUtils.java:logGet(44)) - raft.server.watch.timeout.denomination = 1s (default)
2022-01-11 23:55:15,487 [2a1c9333-8641-498a-88f2-87bcecbe0d18@group-F30F1A0B57EF-LeaderElection69] INFO  server.RaftServerConfigKeys (ConfUtils.java:logGet(44)) - raft.server.watch.element-limit = 65536 (default)
2022-01-11 23:55:15,487 [2a1c9333-8641-498a-88f2-87bcecbe0d18@group-F30F1A0B57EF-LeaderElection69] INFO  server.RaftServerConfigKeys (ConfUtils.java:logGet(44)) - raft.server.write.element-limit = 1024 (custom)
2022-01-11 23:55:15,487 [2a1c9333-8641-498a-88f2-87bcecbe0d18@group-F30F1A0B57EF-LeaderElection69] INFO  server.RaftServerConfigKeys (ConfUtils.java:logGet(44)) - raft.server.write.follower.gap.ratio.max = -1.0 (default)
2022-01-11 23:55:15,487 [2a1c9333-8641-498a-88f2-87bcecbe0d18@group-F30F1A0B57EF-LeaderElection69] INFO  server.RaftServerConfigKeys (ConfUtils.java:logGet(44)) - raft.server.log.appender.snapshot.chunk.size.max = 16MB (=16777216) (default)
2022-01-11 23:55:15,487 [2a1c9333-8641-498a-88f2-87bcecbe0d18@group-F30F1A0B57EF-LeaderElection69] INFO  server.RaftServerConfigKeys (ConfUtils.java:logGet(44)) - raft.server.log.appender.buffer.byte-limit = 33554432 (custom)
2022-01-11 23:55:15,487 [2a1c9333-8641-498a-88f2-87bcecbe0d18@group-F30F1A0B57EF-LeaderElection69] INFO  server.RaftServerConfigKeys (ConfUtils.java:logGet(44)) - raft.server.log.appender.buffer.element-limit = 1 (custom)
2022-01-11 23:55:15,487 [2a1c9333-8641-498a-88f2-87bcecbe0d18@group-F30F1A0B57EF-LeaderElection69] INFO  grpc.GrpcConfigKeys (ConfUtils.java:logGet(44)) - raft.grpc.server.leader.outstanding.appends.max = 128 (default)
2022-01-11 23:55:15,487 [2a1c9333-8641-498a-88f2-87bcecbe0d18@group-F30F1A0B57EF-LeaderElection69] INFO  server.RaftServerConfigKeys (ConfUtils.java:logGet(44)) - raft.server.rpc.request.timeout = 3000ms (default)
2022-01-11 23:55:15,487 [2a1c9333-8641-498a-88f2-87bcecbe0d18@group-F30F1A0B57EF-LeaderElection69] INFO  server.RaftServerConfigKeys (ConfUtils.java:logGet(44)) - raft.server.log.appender.install.snapshot.enabled = false (custom)
2022-01-11 23:55:15,488 [2a1c9333-8641-498a-88f2-87bcecbe0d18@group-F30F1A0B57EF-LeaderElection69] INFO  server.RaftServerConfigKeys (ConfUtils.java:logGet(44)) - raft.server.log.appender.snapshot.chunk.size.max = 16MB (=16777216) (default)
2022-01-11 23:55:15,488 [2a1c9333-8641-498a-88f2-87bcecbe0d18@group-F30F1A0B57EF-LeaderElection69] INFO  server.RaftServerConfigKeys (ConfUtils.java:logGet(44)) - raft.server.log.appender.buffer.byte-limit = 33554432 (custom)
2022-01-11 23:55:15,488 [2a1c9333-8641-498a-88f2-87bcecbe0d18@group-F30F1A0B57EF-LeaderElection69] INFO  server.RaftServerConfigKeys (ConfUtils.java:logGet(44)) - raft.server.log.appender.buffer.element-limit = 1 (custom)
2022-01-11 23:55:15,488 [2a1c9333-8641-498a-88f2-87bcecbe0d18@group-F30F1A0B57EF-LeaderElection69] INFO  grpc.GrpcConfigKeys (ConfUtils.java:logGet(44)) - raft.grpc.server.leader.outstanding.appends.max = 128 (default)
2022-01-11 23:55:15,488 [2a1c9333-8641-498a-88f2-87bcecbe0d18@group-F30F1A0B57EF-LeaderElection69] INFO  server.RaftServerConfigKeys (ConfUtils.java:logGet(44)) - raft.server.rpc.request.timeout = 3000ms (default)
2022-01-11 23:55:15,488 [2a1c9333-8641-498a-88f2-87bcecbe0d18@group-F30F1A0B57EF-LeaderElection69] INFO  server.RaftServerConfigKeys (ConfUtils.java:logGet(44)) - raft.server.log.appender.install.snapshot.enabled = false (custom)
2022-01-11 23:55:15,490 [2a1c9333-8641-498a-88f2-87bcecbe0d18@group-F30F1A0B57EF-LeaderElection69] INFO  impl.RoleInfo (RoleInfo.java:updateAndGet(130)) - 2a1c9333-8641-498a-88f2-87bcecbe0d18: start 2a1c9333-8641-498a-88f2-87bcecbe0d18@group-F30F1A0B57EF-LeaderStateImpl
2022-01-11 23:55:15,491 [2a1c9333-8641-498a-88f2-87bcecbe0d18@group-F30F1A0B57EF-LeaderElection69] INFO  segmented.SegmentedRaftLogWorker (SegmentedRaftLogWorker.java:startLogSegment(394)) - 2a1c9333-8641-498a-88f2-87bcecbe0d18@group-F30F1A0B57EF-SegmentedRaftLogWorker: Starting segment from index:0
2022-01-11 23:55:15,506 [2a1c9333-8641-498a-88f2-87bcecbe0d18@group-F30F1A0B57EF-SegmentedRaftLogWorker] INFO  segmented.SegmentedRaftLogWorker (SegmentedRaftLogWorker.java:execute(601)) - 2a1c9333-8641-498a-88f2-87bcecbe0d18@group-F30F1A0B57EF-SegmentedRaftLogWorker: created new log segment /home/runner/work/ozone/ozone/hadoop-ozone/integration-test/target/test-dir/MiniOzoneClusterImpl-84b3519b-a2d3-47e7-8c84-34506f72c9f7/datanode-5/data/ratis/6cfe6a42-a277-473f-b133-f30f1a0b57ef/current/log_inprogress_0
2022-01-11 23:55:15,536 [grpc-default-executor-2] INFO  impl.VoteContext (VoteContext.java:log(48)) - 6b666312-5236-4d63-85d6-3705eb3fb30b@group-F30F1A0B57EF-CANDIDATE: accept ELECTION from 2a1c9333-8641-498a-88f2-87bcecbe0d18: our priority 0 <= candidate's priority 1
2022-01-11 23:55:15,536 [grpc-default-executor-2] INFO  server.RaftServer$Division (RaftServerImpl.java:setRole(290)) - 6b666312-5236-4d63-85d6-3705eb3fb30b@group-F30F1A0B57EF: changes role from CANDIDATE to FOLLOWER at term 1 for candidate:2a1c9333-8641-498a-88f2-87bcecbe0d18
2022-01-11 23:55:15,536 [grpc-default-executor-2] INFO  impl.RoleInfo (RoleInfo.java:shutdownLeaderElection(121)) - 6b666312-5236-4d63-85d6-3705eb3fb30b: shutdown 6b666312-5236-4d63-85d6-3705eb3fb30b@group-F30F1A0B57EF-LeaderElection70
2022-01-11 23:55:15,536 [grpc-default-executor-2] INFO  impl.RoleInfo (RoleInfo.java:updateAndGet(130)) - 6b666312-5236-4d63-85d6-3705eb3fb30b: start 6b666312-5236-4d63-85d6-3705eb3fb30b@group-F30F1A0B57EF-FollowerState
2022-01-11 23:55:15,541 [grpc-default-executor-3] INFO  ratis.XceiverServerRatis (XceiverServerRatis.java:handleLeaderChangedNotification(866)) - Leader change notification received for group: group-F30F1A0B57EF with new leaderId: 2a1c9333-8641-498a-88f2-87bcecbe0d18
2022-01-11 23:55:15,541 [grpc-default-executor-3] INFO  server.RaftServer$Division (ServerState.java:setLeader(285)) - 77c66afc-fa73-4d89-b59d-9adc22a556cf@group-F30F1A0B57EF: change Leader from null to 2a1c9333-8641-498a-88f2-87bcecbe0d18 at term 1 for appendEntries, leader elected after 5023ms
2022-01-11 23:55:15,541 [2a1c9333-8641-498a-88f2-87bcecbe0d18@group-F30F1A0B57EF-LeaderElection69] INFO  server.RaftServer$Division (ServerState.java:setRaftConf(387)) - 2a1c9333-8641-498a-88f2-87bcecbe0d18@group-F30F1A0B57EF: set configuration 0: [6b666312-5236-4d63-85d6-3705eb3fb30b|rpc:10.1.0.37:38271|dataStream:|priority:0, 2a1c9333-8641-498a-88f2-87bcecbe0d18|rpc:10.1.0.37:38177|dataStream:|priority:1, 77c66afc-fa73-4d89-b59d-9adc22a556cf|rpc:10.1.0.37:40587|dataStream:|priority:0], old=null
2022-01-11 23:55:15,542 [grpc-default-executor-2] INFO  server.RaftServer$Division (RaftServerImpl.java:requestVote(1078)) - 6b666312-5236-4d63-85d6-3705eb3fb30b@group-F30F1A0B57EF replies to ELECTION vote request: 2a1c9333-8641-498a-88f2-87bcecbe0d18<-6b666312-5236-4d63-85d6-3705eb3fb30b#0:OK-t1. Peer's state: 6b666312-5236-4d63-85d6-3705eb3fb30b@group-F30F1A0B57EF:t1, leader=null, voted=2a1c9333-8641-498a-88f2-87bcecbe0d18, raftlog=6b666312-5236-4d63-85d6-3705eb3fb30b@group-F30F1A0B57EF-SegmentedRaftLog:OPENED:c-1, conf=-1: [6b666312-5236-4d63-85d6-3705eb3fb30b|rpc:10.1.0.37:38271|priority:0, 2a1c9333-8641-498a-88f2-87bcecbe0d18|rpc:10.1.0.37:38177|priority:1, 77c66afc-fa73-4d89-b59d-9adc22a556cf|rpc:10.1.0.37:40587|priority:0], old=null
2022-01-11 23:55:15,555 [grpc-default-executor-3] INFO  server.RaftServer$Division (ServerState.java:setRaftConf(387)) - 77c66afc-fa73-4d89-b59d-9adc22a556cf@group-F30F1A0B57EF: set configuration 0: [6b666312-5236-4d63-85d6-3705eb3fb30b|rpc:10.1.0.37:38271|dataStream:|priority:0, 2a1c9333-8641-498a-88f2-87bcecbe0d18|rpc:10.1.0.37:38177|dataStream:|priority:1, 77c66afc-fa73-4d89-b59d-9adc22a556cf|rpc:10.1.0.37:40587|dataStream:|priority:0], old=null
2022-01-11 23:55:15,556 [grpc-default-executor-3] INFO  segmented.SegmentedRaftLogWorker (SegmentedRaftLogWorker.java:startLogSegment(394)) - 77c66afc-fa73-4d89-b59d-9adc22a556cf@group-F30F1A0B57EF-SegmentedRaftLogWorker: Starting segment from index:0
2022-01-11 23:55:15,557 [77c66afc-fa73-4d89-b59d-9adc22a556cf@group-F30F1A0B57EF-SegmentedRaftLogWorker] INFO  segmented.SegmentedRaftLogWorker (SegmentedRaftLogWorker.java:execute(601)) - 77c66afc-fa73-4d89-b59d-9adc22a556cf@group-F30F1A0B57EF-SegmentedRaftLogWorker: created new log segment /home/runner/work/ozone/ozone/hadoop-ozone/integration-test/target/test-dir/MiniOzoneClusterImpl-84b3519b-a2d3-47e7-8c84-34506f72c9f7/datanode-3/data/ratis/6cfe6a42-a277-473f-b133-f30f1a0b57ef/current/log_inprogress_0
2022-01-11 23:55:15,594 [grpc-default-executor-1] INFO  ratis.XceiverServerRatis (XceiverServerRatis.java:handleLeaderChangedNotification(866)) - Leader change notification received for group: group-F30F1A0B57EF with new leaderId: 2a1c9333-8641-498a-88f2-87bcecbe0d18
2022-01-11 23:55:15,595 [grpc-default-executor-1] INFO  server.RaftServer$Division (ServerState.java:setLeader(285)) - 6b666312-5236-4d63-85d6-3705eb3fb30b@group-F30F1A0B57EF: change Leader from null to 2a1c9333-8641-498a-88f2-87bcecbe0d18 at term 1 for appendEntries, leader elected after 5312ms
2022-01-11 23:55:15,674 [grpc-default-executor-1] INFO  server.RaftServer$Division (ServerState.java:setRaftConf(387)) - 6b666312-5236-4d63-85d6-3705eb3fb30b@group-F30F1A0B57EF: set configuration 0: [6b666312-5236-4d63-85d6-3705eb3fb30b|rpc:10.1.0.37:38271|dataStream:|priority:0, 2a1c9333-8641-498a-88f2-87bcecbe0d18|rpc:10.1.0.37:38177|dataStream:|priority:1, 77c66afc-fa73-4d89-b59d-9adc22a556cf|rpc:10.1.0.37:40587|dataStream:|priority:0], old=null
2022-01-11 23:55:15,674 [grpc-default-executor-1] INFO  segmented.SegmentedRaftLogWorker (SegmentedRaftLogWorker.java:startLogSegment(394)) - 6b666312-5236-4d63-85d6-3705eb3fb30b@group-F30F1A0B57EF-SegmentedRaftLogWorker: Starting segment from index:0
2022-01-11 23:55:15,682 [6b666312-5236-4d63-85d6-3705eb3fb30b@group-F30F1A0B57EF-SegmentedRaftLogWorker] INFO  segmented.SegmentedRaftLogWorker (SegmentedRaftLogWorker.java:execute(601)) - 6b666312-5236-4d63-85d6-3705eb3fb30b@group-F30F1A0B57EF-SegmentedRaftLogWorker: created new log segment /home/runner/work/ozone/ozone/hadoop-ozone/integration-test/target/test-dir/MiniOzoneClusterImpl-84b3519b-a2d3-47e7-8c84-34506f72c9f7/datanode-6/data/ratis/6cfe6a42-a277-473f-b133-f30f1a0b57ef/current/log_inprogress_0
2022-01-11 23:55:15,745 [grpc-default-executor-5] WARN  server.GrpcLogAppender (LogUtils.java:warn(122)) - 8eedcce2-fa83-40f2-8f3f-8ae88d3f9c27@group-2B542484AF5F->51615485-058d-42af-9c65-c0e811a06a5e-AppendLogResponseHandler: Failed appendEntries: org.apache.ratis.thirdparty.io.grpc.StatusRuntimeException: UNAVAILABLE: io exception
2022-01-11 23:55:15,746 [grpc-default-executor-5] WARN  server.GrpcLogAppender (GrpcLogAppender.java:resetClient(110)) - 8eedcce2-fa83-40f2-8f3f-8ae88d3f9c27@group-2B542484AF5F->51615485-058d-42af-9c65-c0e811a06a5e-GrpcLogAppender: Leader has not got in touch with Follower 8eedcce2-fa83-40f2-8f3f-8ae88d3f9c27@group-2B542484AF5F->51615485-058d-42af-9c65-c0e811a06a5e(c0,m0,n1, attendVote=true, lastRpcSendTime=0, lastRpcResponseTime=2513) yet, just keep nextIndex unchanged and retry.
2022-01-11 23:55:17,236 [Listener at 127.0.0.1/46043] INFO  utils.BackgroundService (BackgroundService.java:shutdown(132)) - Shutting down service BlockDeletingService
2022-01-11 23:55:17,385 [ForkJoinPool.commonPool-worker-1] INFO  utils.BackgroundService (BackgroundService.java:shutdown(132)) - Shutting down service BlockDeletingService
2022-01-11 23:55:17,781 [grpc-default-executor-5] WARN  server.GrpcLogAppender (LogUtils.java:warn(122)) - 77c66afc-fa73-4d89-b59d-9adc22a556cf@group-B7EECE8F9241->757e1abf-caf6-4356-ad73-d786994982ad-AppendLogResponseHandler: Failed appendEntries: org.apache.ratis.thirdparty.io.grpc.StatusRuntimeException: UNAVAILABLE: io exception
2022-01-11 23:55:17,782 [grpc-default-executor-5] WARN  server.GrpcLogAppender (GrpcLogAppender.java:resetClient(110)) - 77c66afc-fa73-4d89-b59d-9adc22a556cf@group-B7EECE8F9241->757e1abf-caf6-4356-ad73-d786994982ad-GrpcLogAppender: Leader has not got in touch with Follower 77c66afc-fa73-4d89-b59d-9adc22a556cf@group-B7EECE8F9241->757e1abf-caf6-4356-ad73-d786994982ad(c-1,m0,n1, attendVote=true, lastRpcSendTime=2514, lastRpcResponseTime=7771) yet, just keep nextIndex unchanged and retry.
2022-01-11 23:55:17,860 [grpc-default-executor-5] WARN  server.GrpcLogAppender (LogUtils.java:warn(122)) - c2004f48-6b55-488b-a4f3-a933c544d5d2@group-2A363A5CF540->51615485-058d-42af-9c65-c0e811a06a5e-AppendLogResponseHandler: Failed appendEntries: org.apache.ratis.thirdparty.io.grpc.StatusRuntimeException: UNAVAILABLE: io exception
2022-01-11 23:55:17,861 [grpc-default-executor-5] WARN  server.GrpcLogAppender (GrpcLogAppender.java:resetClient(110)) - c2004f48-6b55-488b-a4f3-a933c544d5d2@group-2A363A5CF540->51615485-058d-42af-9c65-c0e811a06a5e-GrpcLogAppender: Leader has not got in touch with Follower c2004f48-6b55-488b-a4f3-a933c544d5d2@group-2A363A5CF540->51615485-058d-42af-9c65-c0e811a06a5e(c0,m0,n1, attendVote=true, lastRpcSendTime=0, lastRpcResponseTime=5017) yet, just keep nextIndex unchanged and retry.
2022-01-11 23:55:18,256 [grpc-default-executor-5] WARN  server.GrpcLogAppender (LogUtils.java:warn(122)) - 8eedcce2-fa83-40f2-8f3f-8ae88d3f9c27@group-2B542484AF5F->51615485-058d-42af-9c65-c0e811a06a5e-AppendLogResponseHandler: Failed appendEntries: org.apache.ratis.thirdparty.io.grpc.StatusRuntimeException: UNAVAILABLE: io exception
2022-01-11 23:55:18,257 [grpc-default-executor-5] WARN  server.GrpcLogAppender (GrpcLogAppender.java:resetClient(110)) - 8eedcce2-fa83-40f2-8f3f-8ae88d3f9c27@group-2B542484AF5F->51615485-058d-42af-9c65-c0e811a06a5e-GrpcLogAppender: Leader has not got in touch with Follower 8eedcce2-fa83-40f2-8f3f-8ae88d3f9c27@group-2B542484AF5F->51615485-058d-42af-9c65-c0e811a06a5e(c0,m0,n1, attendVote=true, lastRpcSendTime=2511, lastRpcResponseTime=5024) yet, just keep nextIndex unchanged and retry.
2022-01-11 23:55:19,576 [EventQueue-StaleNodeForStaleNodeHandler] INFO  node.StaleNodeHandler (StaleNodeHandler.java:onMessage(58)) - Datanode 51615485-058d-42af-9c65-c0e811a06a5e{ip: 10.1.0.37, host: fv-az59-280.csjynl4pkq3e1pkirw3ssqjfoh.cx.internal.cloudapp.net, ports: [REPLICATION=39021, RATIS=46039, RATIS_ADMIN=46039, RATIS_SERVER=46039, STANDALONE=40703], networkLocation: /default-rack, certSerialId: null, persistedOpState: IN_SERVICE, persistedOpStateExpiryEpochSec: 0} moved to stale state. Finalizing its pipelines [PipelineID=990fb063-1c16-4a81-9120-2b542484af5f, PipelineID=45053eb7-d090-43ed-ae9a-d0e897ec1444, PipelineID=9f8526f1-ada7-46fb-8b6a-2a363a5cf540, PipelineID=27cfee9d-5d3d-4551-a813-f0ed29085a06]
2022-01-11 23:55:19,576 [EventQueue-StaleNodeForStaleNodeHandler] INFO  pipeline.PipelineManagerImpl (PipelineManagerImpl.java:closePipeline(365)) - Pipeline Pipeline[ Id: 990fb063-1c16-4a81-9120-2b542484af5f, Nodes: 51615485-058d-42af-9c65-c0e811a06a5e{ip: 10.1.0.37, host: fv-az59-280.csjynl4pkq3e1pkirw3ssqjfoh.cx.internal.cloudapp.net, ports: [REPLICATION=39021, RATIS=46039, RATIS_ADMIN=46039, RATIS_SERVER=46039, STANDALONE=40703], networkLocation: /default-rack, certSerialId: null, persistedOpState: IN_SERVICE, persistedOpStateExpiryEpochSec: 0}8eedcce2-fa83-40f2-8f3f-8ae88d3f9c27{ip: 10.1.0.37, host: fv-az59-280.csjynl4pkq3e1pkirw3ssqjfoh.cx.internal.cloudapp.net, ports: [REPLICATION=34455, RATIS=39561, RATIS_ADMIN=39561, RATIS_SERVER=39561, STANDALONE=43687], networkLocation: /default-rack, certSerialId: null, persistedOpState: IN_SERVICE, persistedOpStateExpiryEpochSec: 0}c2004f48-6b55-488b-a4f3-a933c544d5d2{ip: 10.1.0.37, host: fv-az59-280.csjynl4pkq3e1pkirw3ssqjfoh.cx.internal.cloudapp.net, ports: [REPLICATION=46737, RATIS=33985, RATIS_ADMIN=33985, RATIS_SERVER=33985, STANDALONE=41439], networkLocation: /default-rack, certSerialId: null, persistedOpState: IN_SERVICE, persistedOpStateExpiryEpochSec: 0}, ReplicationConfig: RATIS/THREE, State:OPEN, leaderId:8eedcce2-fa83-40f2-8f3f-8ae88d3f9c27, CreationTimestamp2022-01-11T23:53:57.687Z[Etc/UTC]] moved to CLOSED state
2022-01-11 23:55:19,577 [EventQueue-StaleNodeForStaleNodeHandler] INFO  pipeline.PipelineManagerImpl (PipelineManagerImpl.java:closePipeline(365)) - Pipeline Pipeline[ Id: 45053eb7-d090-43ed-ae9a-d0e897ec1444, Nodes: c2004f48-6b55-488b-a4f3-a933c544d5d2{ip: 10.1.0.37, host: fv-az59-280.csjynl4pkq3e1pkirw3ssqjfoh.cx.internal.cloudapp.net, ports: [REPLICATION=46737, RATIS=33985, RATIS_ADMIN=33985, RATIS_SERVER=33985, STANDALONE=41439], networkLocation: /default-rack, certSerialId: null, persistedOpState: IN_SERVICE, persistedOpStateExpiryEpochSec: 0}8eedcce2-fa83-40f2-8f3f-8ae88d3f9c27{ip: 10.1.0.37, host: fv-az59-280.csjynl4pkq3e1pkirw3ssqjfoh.cx.internal.cloudapp.net, ports: [REPLICATION=34455, RATIS=39561, RATIS_ADMIN=39561, RATIS_SERVER=39561, STANDALONE=43687], networkLocation: /default-rack, certSerialId: null, persistedOpState: IN_SERVICE, persistedOpStateExpiryEpochSec: 0}51615485-058d-42af-9c65-c0e811a06a5e{ip: 10.1.0.37, host: fv-az59-280.csjynl4pkq3e1pkirw3ssqjfoh.cx.internal.cloudapp.net, ports: [REPLICATION=39021, RATIS=46039, RATIS_ADMIN=46039, RATIS_SERVER=46039, STANDALONE=40703], networkLocation: /default-rack, certSerialId: null, persistedOpState: IN_SERVICE, persistedOpStateExpiryEpochSec: 0}, ReplicationConfig: RATIS/THREE, State:OPEN, leaderId:51615485-058d-42af-9c65-c0e811a06a5e, CreationTimestamp2022-01-11T23:53:57.692Z[Etc/UTC]] moved to CLOSED state
2022-01-11 23:55:19,577 [EventQueue-StaleNodeForStaleNodeHandler] INFO  pipeline.PipelineManagerImpl (PipelineManagerImpl.java:closePipeline(365)) - Pipeline Pipeline[ Id: 9f8526f1-ada7-46fb-8b6a-2a363a5cf540, Nodes: 51615485-058d-42af-9c65-c0e811a06a5e{ip: 10.1.0.37, host: fv-az59-280.csjynl4pkq3e1pkirw3ssqjfoh.cx.internal.cloudapp.net, ports: [REPLICATION=39021, RATIS=46039, RATIS_ADMIN=46039, RATIS_SERVER=46039, STANDALONE=40703], networkLocation: /default-rack, certSerialId: null, persistedOpState: IN_SERVICE, persistedOpStateExpiryEpochSec: 0}8eedcce2-fa83-40f2-8f3f-8ae88d3f9c27{ip: 10.1.0.37, host: fv-az59-280.csjynl4pkq3e1pkirw3ssqjfoh.cx.internal.cloudapp.net, ports: [REPLICATION=34455, RATIS=39561, RATIS_ADMIN=39561, RATIS_SERVER=39561, STANDALONE=43687], networkLocation: /default-rack, certSerialId: null, persistedOpState: IN_SERVICE, persistedOpStateExpiryEpochSec: 0}c2004f48-6b55-488b-a4f3-a933c544d5d2{ip: 10.1.0.37, host: fv-az59-280.csjynl4pkq3e1pkirw3ssqjfoh.cx.internal.cloudapp.net, ports: [REPLICATION=46737, RATIS=33985, RATIS_ADMIN=33985, RATIS_SERVER=33985, STANDALONE=41439], networkLocation: /default-rack, certSerialId: null, persistedOpState: IN_SERVICE, persistedOpStateExpiryEpochSec: 0}, ReplicationConfig: RATIS/THREE, State:OPEN, leaderId:c2004f48-6b55-488b-a4f3-a933c544d5d2, CreationTimestamp2022-01-11T23:53:57.684Z[Etc/UTC]] moved to CLOSED state
2022-01-11 23:55:19,577 [EventQueue-StaleNodeForStaleNodeHandler] INFO  pipeline.PipelineManagerImpl (PipelineManagerImpl.java:closePipeline(365)) - Pipeline Pipeline[ Id: 27cfee9d-5d3d-4551-a813-f0ed29085a06, Nodes: 51615485-058d-42af-9c65-c0e811a06a5e{ip: 10.1.0.37, host: fv-az59-280.csjynl4pkq3e1pkirw3ssqjfoh.cx.internal.cloudapp.net, ports: [REPLICATION=39021, RATIS=46039, RATIS_ADMIN=46039, RATIS_SERVER=46039, STANDALONE=40703], networkLocation: /default-rack, certSerialId: null, persistedOpState: IN_SERVICE, persistedOpStateExpiryEpochSec: 0}, ReplicationConfig: RATIS/ONE, State:OPEN, leaderId:51615485-058d-42af-9c65-c0e811a06a5e, CreationTimestamp2022-01-11T23:53:57.191Z[Etc/UTC]] moved to CLOSED state
2022-01-11 23:55:19,694 [77c66afc-fa73-4d89-b59d-9adc22a556cf@group-9D82FB37D1D1-FollowerState] INFO  impl.FollowerState (FollowerState.java:run(134)) - 77c66afc-fa73-4d89-b59d-9adc22a556cf@group-9D82FB37D1D1-FollowerState: change to CANDIDATE, lastRpcElapsedTime:5118095403ns, electionTimeout:5112ms
2022-01-11 23:55:19,694 [77c66afc-fa73-4d89-b59d-9adc22a556cf@group-9D82FB37D1D1-FollowerState] INFO  impl.RoleInfo (RoleInfo.java:shutdownFollowerState(108)) - 77c66afc-fa73-4d89-b59d-9adc22a556cf: shutdown 77c66afc-fa73-4d89-b59d-9adc22a556cf@group-9D82FB37D1D1-FollowerState
2022-01-11 23:55:19,694 [77c66afc-fa73-4d89-b59d-9adc22a556cf@group-9D82FB37D1D1-FollowerState] INFO  server.RaftServer$Division (RaftServerImpl.java:setRole(290)) - 77c66afc-fa73-4d89-b59d-9adc22a556cf@group-9D82FB37D1D1: changes role from  FOLLOWER to CANDIDATE at term 1 for changeToCandidate
2022-01-11 23:55:19,694 [77c66afc-fa73-4d89-b59d-9adc22a556cf@group-9D82FB37D1D1-FollowerState] INFO  server.RaftServerConfigKeys (ConfUtils.java:logGet(44)) - raft.server.leaderelection.pre-vote = false (custom)
2022-01-11 23:55:19,694 [77c66afc-fa73-4d89-b59d-9adc22a556cf@group-9D82FB37D1D1-FollowerState] INFO  impl.RoleInfo (RoleInfo.java:updateAndGet(130)) - 77c66afc-fa73-4d89-b59d-9adc22a556cf: start 77c66afc-fa73-4d89-b59d-9adc22a556cf@group-9D82FB37D1D1-LeaderElection71
2022-01-11 23:55:19,701 [2a1c9333-8641-498a-88f2-87bcecbe0d18@group-9D82FB37D1D1-FollowerState] INFO  impl.FollowerState (FollowerState.java:run(134)) - 2a1c9333-8641-498a-88f2-87bcecbe0d18@group-9D82FB37D1D1-FollowerState: change to CANDIDATE, lastRpcElapsedTime:5116876192ns, electionTimeout:5110ms
2022-01-11 23:55:19,701 [2a1c9333-8641-498a-88f2-87bcecbe0d18@group-9D82FB37D1D1-FollowerState] INFO  impl.RoleInfo (RoleInfo.java:shutdownFollowerState(108)) - 2a1c9333-8641-498a-88f2-87bcecbe0d18: shutdown 2a1c9333-8641-498a-88f2-87bcecbe0d18@group-9D82FB37D1D1-FollowerState
2022-01-11 23:55:19,701 [2a1c9333-8641-498a-88f2-87bcecbe0d18@group-9D82FB37D1D1-FollowerState] INFO  server.RaftServer$Division (RaftServerImpl.java:setRole(290)) - 2a1c9333-8641-498a-88f2-87bcecbe0d18@group-9D82FB37D1D1: changes role from  FOLLOWER to CANDIDATE at term 1 for changeToCandidate
2022-01-11 23:55:19,701 [2a1c9333-8641-498a-88f2-87bcecbe0d18@group-9D82FB37D1D1-FollowerState] INFO  server.RaftServerConfigKeys (ConfUtils.java:logGet(44)) - raft.server.leaderelection.pre-vote = false (custom)
2022-01-11 23:55:19,701 [2a1c9333-8641-498a-88f2-87bcecbe0d18@group-9D82FB37D1D1-FollowerState] INFO  impl.RoleInfo (RoleInfo.java:updateAndGet(130)) - 2a1c9333-8641-498a-88f2-87bcecbe0d18: start 2a1c9333-8641-498a-88f2-87bcecbe0d18@group-9D82FB37D1D1-LeaderElection72
2022-01-11 23:55:19,706 [77c66afc-fa73-4d89-b59d-9adc22a556cf@group-9D82FB37D1D1-LeaderElection71] INFO  impl.LeaderElection (LeaderElection.java:askForVotes(306)) - 77c66afc-fa73-4d89-b59d-9adc22a556cf@group-9D82FB37D1D1-LeaderElection71 ELECTION round 0: submit vote requests at term 2 for -1: [2a1c9333-8641-498a-88f2-87bcecbe0d18|rpc:10.1.0.37:38177|dataStream:|priority:0, 757e1abf-caf6-4356-ad73-d786994982ad|rpc:10.1.0.37:41749|dataStream:|priority:0, 77c66afc-fa73-4d89-b59d-9adc22a556cf|rpc:10.1.0.37:40587|dataStream:|priority:1], old=null
2022-01-11 23:55:19,711 [2a1c9333-8641-498a-88f2-87bcecbe0d18@group-9D82FB37D1D1-LeaderElection72] INFO  impl.LeaderElection (LeaderElection.java:askForVotes(306)) - 2a1c9333-8641-498a-88f2-87bcecbe0d18@group-9D82FB37D1D1-LeaderElection72 ELECTION round 0: submit vote requests at term 2 for -1: [2a1c9333-8641-498a-88f2-87bcecbe0d18|rpc:10.1.0.37:38177|priority:0, 757e1abf-caf6-4356-ad73-d786994982ad|rpc:10.1.0.37:41749|priority:0, 77c66afc-fa73-4d89-b59d-9adc22a556cf|rpc:10.1.0.37:40587|priority:1], old=null
2022-01-11 23:55:19,728 [grpc-default-executor-1] INFO  server.RaftServer$Division (RaftServerImpl.java:requestVote(1046)) - 2a1c9333-8641-498a-88f2-87bcecbe0d18@group-9D82FB37D1D1: receive requestVote(ELECTION, 77c66afc-fa73-4d89-b59d-9adc22a556cf, group-9D82FB37D1D1, 2, (t:0, i:0))
2022-01-11 23:55:19,728 [grpc-default-executor-1] INFO  impl.VoteContext (VoteContext.java:log(48)) - 2a1c9333-8641-498a-88f2-87bcecbe0d18@group-9D82FB37D1D1-CANDIDATE: reject ELECTION from 77c66afc-fa73-4d89-b59d-9adc22a556cf: already has voted for 2a1c9333-8641-498a-88f2-87bcecbe0d18 at current term 2
2022-01-11 23:55:19,728 [grpc-default-executor-1] INFO  server.RaftServer$Division (RaftServerImpl.java:requestVote(1078)) - 2a1c9333-8641-498a-88f2-87bcecbe0d18@group-9D82FB37D1D1 replies to ELECTION vote request: 77c66afc-fa73-4d89-b59d-9adc22a556cf<-2a1c9333-8641-498a-88f2-87bcecbe0d18#0:FAIL-t2. Peer's state: 2a1c9333-8641-498a-88f2-87bcecbe0d18@group-9D82FB37D1D1:t2, leader=null, voted=2a1c9333-8641-498a-88f2-87bcecbe0d18, raftlog=2a1c9333-8641-498a-88f2-87bcecbe0d18@group-9D82FB37D1D1-SegmentedRaftLog:OPENED:c-1, conf=-1: [2a1c9333-8641-498a-88f2-87bcecbe0d18|rpc:10.1.0.37:38177|priority:0, 757e1abf-caf6-4356-ad73-d786994982ad|rpc:10.1.0.37:41749|priority:0, 77c66afc-fa73-4d89-b59d-9adc22a556cf|rpc:10.1.0.37:40587|priority:1], old=null
2022-01-11 23:55:19,751 [77c66afc-fa73-4d89-b59d-9adc22a556cf@group-9D82FB37D1D1-LeaderElection71] INFO  impl.LeaderElection (LogUtils.java:infoOrTrace(137)) - 77c66afc-fa73-4d89-b59d-9adc22a556cf@group-9D82FB37D1D1-LeaderElection71 got exception when requesting votes: java.util.concurrent.ExecutionException: org.apache.ratis.thirdparty.io.grpc.StatusRuntimeException: UNAVAILABLE: io exception
2022-01-11 23:55:19,753 [77c66afc-fa73-4d89-b59d-9adc22a556cf@group-9D82FB37D1D1-LeaderElection71] INFO  impl.LeaderElection (LeaderElection.java:logAndReturn(89)) - 77c66afc-fa73-4d89-b59d-9adc22a556cf@group-9D82FB37D1D1-LeaderElection71: ELECTION REJECTED received 1 response(s) and 1 exception(s):
2022-01-11 23:55:19,753 [77c66afc-fa73-4d89-b59d-9adc22a556cf@group-9D82FB37D1D1-LeaderElection71] INFO  impl.LeaderElection (LeaderElection.java:logAndReturn(93)) -   Response 0: 77c66afc-fa73-4d89-b59d-9adc22a556cf<-2a1c9333-8641-498a-88f2-87bcecbe0d18#0:FAIL-t2
2022-01-11 23:55:19,753 [77c66afc-fa73-4d89-b59d-9adc22a556cf@group-9D82FB37D1D1-LeaderElection71] INFO  impl.LeaderElection (LogUtils.java:infoOrTrace(137)) -   Exception 1: java.util.concurrent.ExecutionException: org.apache.ratis.thirdparty.io.grpc.StatusRuntimeException: UNAVAILABLE: io exception
2022-01-11 23:55:19,770 [2a1c9333-8641-498a-88f2-87bcecbe0d18@group-9D82FB37D1D1-LeaderElection72] INFO  impl.LeaderElection (LogUtils.java:infoOrTrace(137)) - 2a1c9333-8641-498a-88f2-87bcecbe0d18@group-9D82FB37D1D1-LeaderElection72 got exception when requesting votes: java.util.concurrent.ExecutionException: org.apache.ratis.thirdparty.io.grpc.StatusRuntimeException: UNAVAILABLE: io exception
2022-01-11 23:55:19,777 [77c66afc-fa73-4d89-b59d-9adc22a556cf@group-9D82FB37D1D1-LeaderElection71] INFO  impl.LeaderElection (LeaderElection.java:askForVotes(308)) - 77c66afc-fa73-4d89-b59d-9adc22a556cf@group-9D82FB37D1D1-LeaderElection71 ELECTION round 0: result REJECTED
2022-01-11 23:55:19,777 [77c66afc-fa73-4d89-b59d-9adc22a556cf@group-9D82FB37D1D1-LeaderElection71] INFO  server.RaftServer$Division (RaftServerImpl.java:setRole(290)) - 77c66afc-fa73-4d89-b59d-9adc22a556cf@group-9D82FB37D1D1: changes role from CANDIDATE to FOLLOWER at term 2 for REJECTED
2022-01-11 23:55:19,777 [77c66afc-fa73-4d89-b59d-9adc22a556cf@group-9D82FB37D1D1-LeaderElection71] INFO  impl.RoleInfo (RoleInfo.java:shutdownLeaderElection(121)) - 77c66afc-fa73-4d89-b59d-9adc22a556cf: shutdown 77c66afc-fa73-4d89-b59d-9adc22a556cf@group-9D82FB37D1D1-LeaderElection71
2022-01-11 23:55:19,777 [77c66afc-fa73-4d89-b59d-9adc22a556cf@group-9D82FB37D1D1-LeaderElection71] INFO  impl.RoleInfo (RoleInfo.java:updateAndGet(130)) - 77c66afc-fa73-4d89-b59d-9adc22a556cf: start 77c66afc-fa73-4d89-b59d-9adc22a556cf@group-9D82FB37D1D1-FollowerState
2022-01-11 23:55:19,793 [grpc-default-executor-1] INFO  server.RaftServer$Division (RaftServerImpl.java:requestVote(1046)) - 77c66afc-fa73-4d89-b59d-9adc22a556cf@group-9D82FB37D1D1: receive requestVote(ELECTION, 2a1c9333-8641-498a-88f2-87bcecbe0d18, group-9D82FB37D1D1, 2, (t:0, i:0))
2022-01-11 23:55:19,793 [grpc-default-executor-1] INFO  impl.VoteContext (VoteContext.java:log(48)) - 77c66afc-fa73-4d89-b59d-9adc22a556cf@group-9D82FB37D1D1-FOLLOWER: reject ELECTION from 2a1c9333-8641-498a-88f2-87bcecbe0d18: already has voted for 77c66afc-fa73-4d89-b59d-9adc22a556cf at current term 2
2022-01-11 23:55:19,793 [grpc-default-executor-1] INFO  server.RaftServer$Division (RaftServerImpl.java:requestVote(1078)) - 77c66afc-fa73-4d89-b59d-9adc22a556cf@group-9D82FB37D1D1 replies to ELECTION vote request: 2a1c9333-8641-498a-88f2-87bcecbe0d18<-77c66afc-fa73-4d89-b59d-9adc22a556cf#0:FAIL-t2. Peer's state: 77c66afc-fa73-4d89-b59d-9adc22a556cf@group-9D82FB37D1D1:t2, leader=null, voted=77c66afc-fa73-4d89-b59d-9adc22a556cf, raftlog=77c66afc-fa73-4d89-b59d-9adc22a556cf@group-9D82FB37D1D1-SegmentedRaftLog:OPENED:c-1, conf=-1: [2a1c9333-8641-498a-88f2-87bcecbe0d18|rpc:10.1.0.37:38177|dataStream:|priority:0, 757e1abf-caf6-4356-ad73-d786994982ad|rpc:10.1.0.37:41749|dataStream:|priority:0, 77c66afc-fa73-4d89-b59d-9adc22a556cf|rpc:10.1.0.37:40587|dataStream:|priority:1], old=null
2022-01-11 23:55:19,794 [2a1c9333-8641-498a-88f2-87bcecbe0d18@group-9D82FB37D1D1-LeaderElection72] INFO  impl.LeaderElection (LeaderElection.java:logAndReturn(89)) - 2a1c9333-8641-498a-88f2-87bcecbe0d18@group-9D82FB37D1D1-LeaderElection72: ELECTION REJECTED received 1 response(s) and 1 exception(s):
2022-01-11 23:55:19,794 [2a1c9333-8641-498a-88f2-87bcecbe0d18@group-9D82FB37D1D1-LeaderElection72] INFO  impl.LeaderElection (LeaderElection.java:logAndReturn(93)) -   Response 0: 2a1c9333-8641-498a-88f2-87bcecbe0d18<-77c66afc-fa73-4d89-b59d-9adc22a556cf#0:FAIL-t2
2022-01-11 23:55:19,794 [2a1c9333-8641-498a-88f2-87bcecbe0d18@group-9D82FB37D1D1-LeaderElection72] INFO  impl.LeaderElection (LogUtils.java:infoOrTrace(137)) -   Exception 1: java.util.concurrent.ExecutionException: org.apache.ratis.thirdparty.io.grpc.StatusRuntimeException: UNAVAILABLE: io exception
2022-01-11 23:55:19,794 [2a1c9333-8641-498a-88f2-87bcecbe0d18@group-9D82FB37D1D1-LeaderElection72] INFO  impl.LeaderElection (LeaderElection.java:askForVotes(308)) - 2a1c9333-8641-498a-88f2-87bcecbe0d18@group-9D82FB37D1D1-LeaderElection72 ELECTION round 0: result REJECTED
2022-01-11 23:55:19,794 [2a1c9333-8641-498a-88f2-87bcecbe0d18@group-9D82FB37D1D1-LeaderElection72] INFO  server.RaftServer$Division (RaftServerImpl.java:setRole(290)) - 2a1c9333-8641-498a-88f2-87bcecbe0d18@group-9D82FB37D1D1: changes role from CANDIDATE to FOLLOWER at term 2 for REJECTED
2022-01-11 23:55:19,794 [2a1c9333-8641-498a-88f2-87bcecbe0d18@group-9D82FB37D1D1-LeaderElection72] INFO  impl.RoleInfo (RoleInfo.java:shutdownLeaderElection(121)) - 2a1c9333-8641-498a-88f2-87bcecbe0d18: shutdown 2a1c9333-8641-498a-88f2-87bcecbe0d18@group-9D82FB37D1D1-LeaderElection72
2022-01-11 23:55:19,794 [2a1c9333-8641-498a-88f2-87bcecbe0d18@group-9D82FB37D1D1-LeaderElection72] INFO  impl.RoleInfo (RoleInfo.java:updateAndGet(130)) - 2a1c9333-8641-498a-88f2-87bcecbe0d18: start 2a1c9333-8641-498a-88f2-87bcecbe0d18@group-9D82FB37D1D1-FollowerState
2022-01-11 23:55:19,876 [EventQueue-StaleNodeForStaleNodeHandler] INFO  node.StaleNodeHandler (StaleNodeHandler.java:onMessage(58)) - Datanode 757e1abf-caf6-4356-ad73-d786994982ad{ip: 10.1.0.37, host: fv-az59-280.csjynl4pkq3e1pkirw3ssqjfoh.cx.internal.cloudapp.net, ports: [REPLICATION=40569, RATIS=41749, RATIS_ADMIN=41749, RATIS_SERVER=41749, STANDALONE=42593], networkLocation: /default-rack, certSerialId: null, persistedOpState: IN_SERVICE, persistedOpStateExpiryEpochSec: 0} moved to stale state. Finalizing its pipelines [PipelineID=8b00abd0-5014-4694-b328-85dfc7f102c7, PipelineID=596ae104-db7c-476c-b93c-9d82fb37d1d1, PipelineID=f3dab52c-f49d-4ac3-8007-1e23594ce36a, PipelineID=2b2875fe-7bf9-4d91-8670-b7eece8f9241]
2022-01-11 23:55:19,876 [EventQueue-StaleNodeForStaleNodeHandler] INFO  pipeline.PipelineManagerImpl (PipelineManagerImpl.java:closePipeline(365)) - Pipeline Pipeline[ Id: 8b00abd0-5014-4694-b328-85dfc7f102c7, Nodes: 757e1abf-caf6-4356-ad73-d786994982ad{ip: 10.1.0.37, host: fv-az59-280.csjynl4pkq3e1pkirw3ssqjfoh.cx.internal.cloudapp.net, ports: [REPLICATION=40569, RATIS=41749, RATIS_ADMIN=41749, RATIS_SERVER=41749, STANDALONE=42593], networkLocation: /default-rack, certSerialId: null, persistedOpState: IN_SERVICE, persistedOpStateExpiryEpochSec: 0}, ReplicationConfig: RATIS/ONE, State:OPEN, leaderId:757e1abf-caf6-4356-ad73-d786994982ad, CreationTimestamp2022-01-11T23:53:58.800Z[Etc/UTC]] moved to CLOSED state
2022-01-11 23:55:19,877 [EventQueue-StaleNodeForStaleNodeHandler] INFO  pipeline.PipelineManagerImpl (PipelineManagerImpl.java:closePipeline(365)) - Pipeline Pipeline[ Id: 596ae104-db7c-476c-b93c-9d82fb37d1d1, Nodes: 2a1c9333-8641-498a-88f2-87bcecbe0d18{ip: 10.1.0.37, host: fv-az59-280.csjynl4pkq3e1pkirw3ssqjfoh.cx.internal.cloudapp.net, ports: [REPLICATION=45151, RATIS=38177, RATIS_ADMIN=38177, RATIS_SERVER=38177, STANDALONE=44313], networkLocation: /default-rack, certSerialId: null, persistedOpState: IN_SERVICE, persistedOpStateExpiryEpochSec: 0}757e1abf-caf6-4356-ad73-d786994982ad{ip: 10.1.0.37, host: fv-az59-280.csjynl4pkq3e1pkirw3ssqjfoh.cx.internal.cloudapp.net, ports: [REPLICATION=40569, RATIS=41749, RATIS_ADMIN=41749, RATIS_SERVER=41749, STANDALONE=42593], networkLocation: /default-rack, certSerialId: null, persistedOpState: IN_SERVICE, persistedOpStateExpiryEpochSec: 0}77c66afc-fa73-4d89-b59d-9adc22a556cf{ip: 10.1.0.37, host: fv-az59-280.csjynl4pkq3e1pkirw3ssqjfoh.cx.internal.cloudapp.net, ports: [REPLICATION=36525, RATIS=40587, RATIS_ADMIN=40587, RATIS_SERVER=40587, STANDALONE=44631], networkLocation: /default-rack, certSerialId: null, persistedOpState: IN_SERVICE, persistedOpStateExpiryEpochSec: 0}, ReplicationConfig: RATIS/THREE, State:ALLOCATED, leaderId:, CreationTimestamp2022-01-11T23:55:08.438Z[Etc/UTC]] moved to CLOSED state
2022-01-11 23:55:19,877 [EventQueue-StaleNodeForStaleNodeHandler] INFO  pipeline.PipelineManagerImpl (PipelineManagerImpl.java:closePipeline(365)) - Pipeline Pipeline[ Id: f3dab52c-f49d-4ac3-8007-1e23594ce36a, Nodes: 757e1abf-caf6-4356-ad73-d786994982ad{ip: 10.1.0.37, host: fv-az59-280.csjynl4pkq3e1pkirw3ssqjfoh.cx.internal.cloudapp.net, ports: [REPLICATION=40569, RATIS=41749, RATIS_ADMIN=41749, RATIS_SERVER=41749, STANDALONE=42593], networkLocation: /default-rack, certSerialId: null, persistedOpState: IN_SERVICE, persistedOpStateExpiryEpochSec: 0}2a1c9333-8641-498a-88f2-87bcecbe0d18{ip: 10.1.0.37, host: fv-az59-280.csjynl4pkq3e1pkirw3ssqjfoh.cx.internal.cloudapp.net, ports: [REPLICATION=45151, RATIS=38177, RATIS_ADMIN=38177, RATIS_SERVER=38177, STANDALONE=44313], networkLocation: /default-rack, certSerialId: null, persistedOpState: IN_SERVICE, persistedOpStateExpiryEpochSec: 0}6b666312-5236-4d63-85d6-3705eb3fb30b{ip: 10.1.0.37, host: fv-az59-280.csjynl4pkq3e1pkirw3ssqjfoh.cx.internal.cloudapp.net, ports: [REPLICATION=44445, RATIS=38271, RATIS_ADMIN=38271, RATIS_SERVER=38271, STANDALONE=39257], networkLocation: /default-rack, certSerialId: null, persistedOpState: IN_SERVICE, persistedOpStateExpiryEpochSec: 0}, ReplicationConfig: RATIS/THREE, State:ALLOCATED, leaderId:, CreationTimestamp2022-01-11T23:55:08.440Z[Etc/UTC]] moved to CLOSED state
2022-01-11 23:55:19,877 [EventQueue-StaleNodeForStaleNodeHandler] INFO  pipeline.PipelineManagerImpl (PipelineManagerImpl.java:closePipeline(365)) - Pipeline Pipeline[ Id: 2b2875fe-7bf9-4d91-8670-b7eece8f9241, Nodes: 77c66afc-fa73-4d89-b59d-9adc22a556cf{ip: 10.1.0.37, host: fv-az59-280.csjynl4pkq3e1pkirw3ssqjfoh.cx.internal.cloudapp.net, ports: [REPLICATION=36525, RATIS=40587, RATIS_ADMIN=40587, RATIS_SERVER=40587, STANDALONE=44631], networkLocation: /default-rack, certSerialId: null, persistedOpState: IN_SERVICE, persistedOpStateExpiryEpochSec: 0}6b666312-5236-4d63-85d6-3705eb3fb30b{ip: 10.1.0.37, host: fv-az59-280.csjynl4pkq3e1pkirw3ssqjfoh.cx.internal.cloudapp.net, ports: [REPLICATION=44445, RATIS=38271, RATIS_ADMIN=38271, RATIS_SERVER=38271, STANDALONE=39257], networkLocation: /default-rack, certSerialId: null, persistedOpState: IN_SERVICE, persistedOpStateExpiryEpochSec: 0}757e1abf-caf6-4356-ad73-d786994982ad{ip: 10.1.0.37, host: fv-az59-280.csjynl4pkq3e1pkirw3ssqjfoh.cx.internal.cloudapp.net, ports: [REPLICATION=40569, RATIS=41749, RATIS_ADMIN=41749, RATIS_SERVER=41749, STANDALONE=42593], networkLocation: /default-rack, certSerialId: null, persistedOpState: IN_SERVICE, persistedOpStateExpiryEpochSec: 0}, ReplicationConfig: RATIS/THREE, State:ALLOCATED, leaderId:77c66afc-fa73-4d89-b59d-9adc22a556cf, CreationTimestamp2022-01-11T23:55:08.437Z[Etc/UTC]] moved to CLOSED state
2022-01-11 23:55:20,071 [6b666312-5236-4d63-85d6-3705eb3fb30b@group-1E23594CE36A-FollowerState] INFO  impl.FollowerState (FollowerState.java:run(134)) - 6b666312-5236-4d63-85d6-3705eb3fb30b@group-1E23594CE36A-FollowerState: change to CANDIDATE, lastRpcElapsedTime:5070788531ns, electionTimeout:5065ms
2022-01-11 23:55:20,071 [6b666312-5236-4d63-85d6-3705eb3fb30b@group-1E23594CE36A-FollowerState] INFO  impl.RoleInfo (RoleInfo.java:shutdownFollowerState(108)) - 6b666312-5236-4d63-85d6-3705eb3fb30b: shutdown 6b666312-5236-4d63-85d6-3705eb3fb30b@group-1E23594CE36A-FollowerState
2022-01-11 23:55:20,071 [6b666312-5236-4d63-85d6-3705eb3fb30b@group-1E23594CE36A-FollowerState] INFO  server.RaftServer$Division (RaftServerImpl.java:setRole(290)) - 6b666312-5236-4d63-85d6-3705eb3fb30b@group-1E23594CE36A: changes role from  FOLLOWER to CANDIDATE at term 1 for changeToCandidate
2022-01-11 23:55:20,071 [6b666312-5236-4d63-85d6-3705eb3fb30b@group-1E23594CE36A-FollowerState] INFO  server.RaftServerConfigKeys (ConfUtils.java:logGet(44)) - raft.server.leaderelection.pre-vote = false (custom)
2022-01-11 23:55:20,071 [6b666312-5236-4d63-85d6-3705eb3fb30b@group-1E23594CE36A-FollowerState] INFO  impl.RoleInfo (RoleInfo.java:updateAndGet(130)) - 6b666312-5236-4d63-85d6-3705eb3fb30b: start 6b666312-5236-4d63-85d6-3705eb3fb30b@group-1E23594CE36A-LeaderElection73
2022-01-11 23:55:20,105 [2a1c9333-8641-498a-88f2-87bcecbe0d18@group-1E23594CE36A-FollowerState] INFO  impl.FollowerState (FollowerState.java:run(134)) - 2a1c9333-8641-498a-88f2-87bcecbe0d18@group-1E23594CE36A-FollowerState: change to CANDIDATE, lastRpcElapsedTime:5100655828ns, electionTimeout:5100ms
2022-01-11 23:55:20,105 [2a1c9333-8641-498a-88f2-87bcecbe0d18@group-1E23594CE36A-FollowerState] INFO  impl.RoleInfo (RoleInfo.java:shutdownFollowerState(108)) - 2a1c9333-8641-498a-88f2-87bcecbe0d18: shutdown 2a1c9333-8641-498a-88f2-87bcecbe0d18@group-1E23594CE36A-FollowerState
2022-01-11 23:55:20,105 [2a1c9333-8641-498a-88f2-87bcecbe0d18@group-1E23594CE36A-FollowerState] INFO  server.RaftServer$Division (RaftServerImpl.java:setRole(290)) - 2a1c9333-8641-498a-88f2-87bcecbe0d18@group-1E23594CE36A: changes role from  FOLLOWER to CANDIDATE at term 1 for changeToCandidate
2022-01-11 23:55:20,106 [2a1c9333-8641-498a-88f2-87bcecbe0d18@group-1E23594CE36A-FollowerState] INFO  server.RaftServerConfigKeys (ConfUtils.java:logGet(44)) - raft.server.leaderelection.pre-vote = false (custom)
2022-01-11 23:55:20,106 [2a1c9333-8641-498a-88f2-87bcecbe0d18@group-1E23594CE36A-FollowerState] INFO  impl.RoleInfo (RoleInfo.java:updateAndGet(130)) - 2a1c9333-8641-498a-88f2-87bcecbe0d18: start 2a1c9333-8641-498a-88f2-87bcecbe0d18@group-1E23594CE36A-LeaderElection74
2022-01-11 23:55:20,120 [6b666312-5236-4d63-85d6-3705eb3fb30b@group-1E23594CE36A-LeaderElection73] INFO  impl.LeaderElection (LeaderElection.java:askForVotes(306)) - 6b666312-5236-4d63-85d6-3705eb3fb30b@group-1E23594CE36A-LeaderElection73 ELECTION round 0: submit vote requests at term 2 for -1: [2a1c9333-8641-498a-88f2-87bcecbe0d18|rpc:10.1.0.37:38177|dataStream:|priority:0, 6b666312-5236-4d63-85d6-3705eb3fb30b|rpc:10.1.0.37:38271|dataStream:|priority:1, 757e1abf-caf6-4356-ad73-d786994982ad|rpc:10.1.0.37:41749|dataStream:|priority:0], old=null
2022-01-11 23:55:20,127 [2a1c9333-8641-498a-88f2-87bcecbe0d18@group-1E23594CE36A-LeaderElection74] INFO  impl.LeaderElection (LeaderElection.java:askForVotes(306)) - 2a1c9333-8641-498a-88f2-87bcecbe0d18@group-1E23594CE36A-LeaderElection74 ELECTION round 0: submit vote requests at term 2 for -1: [2a1c9333-8641-498a-88f2-87bcecbe0d18|rpc:10.1.0.37:38177|priority:0, 6b666312-5236-4d63-85d6-3705eb3fb30b|rpc:10.1.0.37:38271|priority:1, 757e1abf-caf6-4356-ad73-d786994982ad|rpc:10.1.0.37:41749|priority:0], old=null
2022-01-11 23:55:20,173 [grpc-default-executor-1] INFO  server.RaftServer$Division (RaftServerImpl.java:requestVote(1046)) - 2a1c9333-8641-498a-88f2-87bcecbe0d18@group-1E23594CE36A: receive requestVote(ELECTION, 6b666312-5236-4d63-85d6-3705eb3fb30b, group-1E23594CE36A, 2, (t:0, i:0))
2022-01-11 23:55:20,174 [grpc-default-executor-1] INFO  impl.VoteContext (VoteContext.java:log(48)) - 2a1c9333-8641-498a-88f2-87bcecbe0d18@group-1E23594CE36A-CANDIDATE: reject ELECTION from 6b666312-5236-4d63-85d6-3705eb3fb30b: already has voted for 2a1c9333-8641-498a-88f2-87bcecbe0d18 at current term 2
2022-01-11 23:55:20,174 [grpc-default-executor-1] INFO  server.RaftServer$Division (RaftServerImpl.java:requestVote(1078)) - 2a1c9333-8641-498a-88f2-87bcecbe0d18@group-1E23594CE36A replies to ELECTION vote request: 6b666312-5236-4d63-85d6-3705eb3fb30b<-2a1c9333-8641-498a-88f2-87bcecbe0d18#0:FAIL-t2. Peer's state: 2a1c9333-8641-498a-88f2-87bcecbe0d18@group-1E23594CE36A:t2, leader=null, voted=2a1c9333-8641-498a-88f2-87bcecbe0d18, raftlog=2a1c9333-8641-498a-88f2-87bcecbe0d18@group-1E23594CE36A-SegmentedRaftLog:OPENED:c-1, conf=-1: [2a1c9333-8641-498a-88f2-87bcecbe0d18|rpc:10.1.0.37:38177|priority:0, 6b666312-5236-4d63-85d6-3705eb3fb30b|rpc:10.1.0.37:38271|priority:1, 757e1abf-caf6-4356-ad73-d786994982ad|rpc:10.1.0.37:41749|priority:0], old=null
2022-01-11 23:55:20,197 [6b666312-5236-4d63-85d6-3705eb3fb30b@group-1E23594CE36A-LeaderElection73] INFO  impl.LeaderElection (LogUtils.java:infoOrTrace(137)) - 6b666312-5236-4d63-85d6-3705eb3fb30b@group-1E23594CE36A-LeaderElection73 got exception when requesting votes: java.util.concurrent.ExecutionException: org.apache.ratis.thirdparty.io.grpc.StatusRuntimeException: UNAVAILABLE: io exception
2022-01-11 23:55:20,205 [6b666312-5236-4d63-85d6-3705eb3fb30b@group-1E23594CE36A-LeaderElection73] INFO  impl.LeaderElection (LeaderElection.java:logAndReturn(89)) - 6b666312-5236-4d63-85d6-3705eb3fb30b@group-1E23594CE36A-LeaderElection73: ELECTION REJECTED received 1 response(s) and 1 exception(s):
2022-01-11 23:55:20,205 [6b666312-5236-4d63-85d6-3705eb3fb30b@group-1E23594CE36A-LeaderElection73] INFO  impl.LeaderElection (LeaderElection.java:logAndReturn(93)) -   Response 0: 6b666312-5236-4d63-85d6-3705eb3fb30b<-2a1c9333-8641-498a-88f2-87bcecbe0d18#0:FAIL-t2
2022-01-11 23:55:20,205 [6b666312-5236-4d63-85d6-3705eb3fb30b@group-1E23594CE36A-LeaderElection73] INFO  impl.LeaderElection (LogUtils.java:infoOrTrace(137)) -   Exception 1: java.util.concurrent.ExecutionException: org.apache.ratis.thirdparty.io.grpc.StatusRuntimeException: UNAVAILABLE: io exception
2022-01-11 23:55:20,205 [6b666312-5236-4d63-85d6-3705eb3fb30b@group-1E23594CE36A-LeaderElection73] INFO  impl.LeaderElection (LeaderElection.java:askForVotes(308)) - 6b666312-5236-4d63-85d6-3705eb3fb30b@group-1E23594CE36A-LeaderElection73 ELECTION round 0: result REJECTED
2022-01-11 23:55:20,205 [6b666312-5236-4d63-85d6-3705eb3fb30b@group-1E23594CE36A-LeaderElection73] INFO  server.RaftServer$Division (RaftServerImpl.java:setRole(290)) - 6b666312-5236-4d63-85d6-3705eb3fb30b@group-1E23594CE36A: changes role from CANDIDATE to FOLLOWER at term 2 for REJECTED
2022-01-11 23:55:20,205 [6b666312-5236-4d63-85d6-3705eb3fb30b@group-1E23594CE36A-LeaderElection73] INFO  impl.RoleInfo (RoleInfo.java:shutdownLeaderElection(121)) - 6b666312-5236-4d63-85d6-3705eb3fb30b: shutdown 6b666312-5236-4d63-85d6-3705eb3fb30b@group-1E23594CE36A-LeaderElection73
2022-01-11 23:55:20,205 [6b666312-5236-4d63-85d6-3705eb3fb30b@group-1E23594CE36A-LeaderElection73] INFO  impl.RoleInfo (RoleInfo.java:updateAndGet(130)) - 6b666312-5236-4d63-85d6-3705eb3fb30b: start 6b666312-5236-4d63-85d6-3705eb3fb30b@group-1E23594CE36A-FollowerState
2022-01-11 23:55:20,229 [2a1c9333-8641-498a-88f2-87bcecbe0d18@group-1E23594CE36A-LeaderElection74] INFO  impl.LeaderElection (LogUtils.java:infoOrTrace(137)) - 2a1c9333-8641-498a-88f2-87bcecbe0d18@group-1E23594CE36A-LeaderElection74 got exception when requesting votes: java.util.concurrent.ExecutionException: org.apache.ratis.thirdparty.io.grpc.StatusRuntimeException: UNAVAILABLE: io exception
2022-01-11 23:55:20,233 [grpc-default-executor-1] INFO  server.RaftServer$Division (RaftServerImpl.java:requestVote(1046)) - 6b666312-5236-4d63-85d6-3705eb3fb30b@group-1E23594CE36A: receive requestVote(ELECTION, 2a1c9333-8641-498a-88f2-87bcecbe0d18, group-1E23594CE36A, 2, (t:0, i:0))
2022-01-11 23:55:20,233 [grpc-default-executor-1] INFO  impl.VoteContext (VoteContext.java:log(48)) - 6b666312-5236-4d63-85d6-3705eb3fb30b@group-1E23594CE36A-FOLLOWER: reject ELECTION from 2a1c9333-8641-498a-88f2-87bcecbe0d18: already has voted for 6b666312-5236-4d63-85d6-3705eb3fb30b at current term 2
2022-01-11 23:55:20,233 [grpc-default-executor-1] INFO  server.RaftServer$Division (RaftServerImpl.java:requestVote(1078)) - 6b666312-5236-4d63-85d6-3705eb3fb30b@group-1E23594CE36A replies to ELECTION vote request: 2a1c9333-8641-498a-88f2-87bcecbe0d18<-6b666312-5236-4d63-85d6-3705eb3fb30b#0:FAIL-t2. Peer's state: 6b666312-5236-4d63-85d6-3705eb3fb30b@group-1E23594CE36A:t2, leader=null, voted=6b666312-5236-4d63-85d6-3705eb3fb30b, raftlog=6b666312-5236-4d63-85d6-3705eb3fb30b@group-1E23594CE36A-SegmentedRaftLog:OPENED:c-1, conf=-1: [2a1c9333-8641-498a-88f2-87bcecbe0d18|rpc:10.1.0.37:38177|dataStream:|priority:0, 6b666312-5236-4d63-85d6-3705eb3fb30b|rpc:10.1.0.37:38271|dataStream:|priority:1, 757e1abf-caf6-4356-ad73-d786994982ad|rpc:10.1.0.37:41749|dataStream:|priority:0], old=null
2022-01-11 23:55:20,234 [2a1c9333-8641-498a-88f2-87bcecbe0d18@group-1E23594CE36A-LeaderElection74] INFO  impl.LeaderElection (LeaderElection.java:logAndReturn(89)) - 2a1c9333-8641-498a-88f2-87bcecbe0d18@group-1E23594CE36A-LeaderElection74: ELECTION REJECTED received 1 response(s) and 1 exception(s):
2022-01-11 23:55:20,234 [2a1c9333-8641-498a-88f2-87bcecbe0d18@group-1E23594CE36A-LeaderElection74] INFO  impl.LeaderElection (LeaderElection.java:logAndReturn(93)) -   Response 0: 2a1c9333-8641-498a-88f2-87bcecbe0d18<-6b666312-5236-4d63-85d6-3705eb3fb30b#0:FAIL-t2
2022-01-11 23:55:20,234 [2a1c9333-8641-498a-88f2-87bcecbe0d18@group-1E23594CE36A-LeaderElection74] INFO  impl.LeaderElection (LogUtils.java:infoOrTrace(137)) -   Exception 1: java.util.concurrent.ExecutionException: org.apache.ratis.thirdparty.io.grpc.StatusRuntimeException: UNAVAILABLE: io exception
2022-01-11 23:55:20,234 [2a1c9333-8641-498a-88f2-87bcecbe0d18@group-1E23594CE36A-LeaderElection74] INFO  impl.LeaderElection (LeaderElection.java:askForVotes(308)) - 2a1c9333-8641-498a-88f2-87bcecbe0d18@group-1E23594CE36A-LeaderElection74 ELECTION round 0: result REJECTED
2022-01-11 23:55:20,234 [2a1c9333-8641-498a-88f2-87bcecbe0d18@group-1E23594CE36A-LeaderElection74] INFO  server.RaftServer$Division (RaftServerImpl.java:setRole(290)) - 2a1c9333-8641-498a-88f2-87bcecbe0d18@group-1E23594CE36A: changes role from CANDIDATE to FOLLOWER at term 2 for REJECTED
2022-01-11 23:55:20,234 [2a1c9333-8641-498a-88f2-87bcecbe0d18@group-1E23594CE36A-LeaderElection74] INFO  impl.RoleInfo (RoleInfo.java:shutdownLeaderElection(121)) - 2a1c9333-8641-498a-88f2-87bcecbe0d18: shutdown 2a1c9333-8641-498a-88f2-87bcecbe0d18@group-1E23594CE36A-LeaderElection74
2022-01-11 23:55:20,234 [2a1c9333-8641-498a-88f2-87bcecbe0d18@group-1E23594CE36A-LeaderElection74] INFO  impl.RoleInfo (RoleInfo.java:updateAndGet(130)) - 2a1c9333-8641-498a-88f2-87bcecbe0d18: start 2a1c9333-8641-498a-88f2-87bcecbe0d18@group-1E23594CE36A-FollowerState
2022-01-11 23:55:20,304 [grpc-default-executor-1] WARN  server.GrpcLogAppender (LogUtils.java:warn(122)) - 77c66afc-fa73-4d89-b59d-9adc22a556cf@group-B7EECE8F9241->757e1abf-caf6-4356-ad73-d786994982ad-AppendLogResponseHandler: Failed appendEntries: org.apache.ratis.thirdparty.io.grpc.StatusRuntimeException: UNAVAILABLE: io exception
2022-01-11 23:55:20,305 [grpc-default-executor-1] WARN  server.GrpcLogAppender (GrpcLogAppender.java:resetClient(110)) - 77c66afc-fa73-4d89-b59d-9adc22a556cf@group-B7EECE8F9241->757e1abf-caf6-4356-ad73-d786994982ad-GrpcLogAppender: Leader has not got in touch with Follower 77c66afc-fa73-4d89-b59d-9adc22a556cf@group-B7EECE8F9241->757e1abf-caf6-4356-ad73-d786994982ad(c-1,m0,n1, attendVote=true, lastRpcSendTime=2523, lastRpcResponseTime=10294) yet, just keep nextIndex unchanged and retry.
2022-01-11 23:55:20,312 [Listener at 127.0.0.1/46043] INFO  statemachine.DatanodeStateMachine (DatanodeStateMachine.java:stopDaemon(529)) - Ozone container server stopped.
2022-01-11 23:55:20,313 [Listener at 127.0.0.1/46043] INFO  handler.ContextHandler (ContextHandler.java:doStop(1153)) - Stopped o.e.j.w.WebAppContext@65e8a7d5{hddsDatanode,/,null,STOPPED}{jar:file:/home/runner/.m2/repository/org/apache/ozone/hdds-container-service/1.3.0-SNAPSHOT/hdds-container-service-1.3.0-SNAPSHOT.jar!/webapps/hddsDatanode}
2022-01-11 23:55:20,314 [Listener at 127.0.0.1/46043] INFO  server.AbstractConnector (AbstractConnector.java:doStop(381)) - Stopped ServerConnector@166ab666{HTTP/1.1, (http/1.1)}{0.0.0.0:0}
2022-01-11 23:55:20,314 [Listener at 127.0.0.1/46043] INFO  server.session (HouseKeeper.java:stopScavenging(149)) - node0 Stopped scavenging
2022-01-11 23:55:20,314 [Listener at 127.0.0.1/46043] INFO  handler.ContextHandler (ContextHandler.java:doStop(1153)) - Stopped o.e.j.s.ServletContextHandler@6ebe8f7a{static,/static,jar:file:/home/runner/.m2/repository/org/apache/ozone/hdds-container-service/1.3.0-SNAPSHOT/hdds-container-service-1.3.0-SNAPSHOT.jar!/webapps/static,STOPPED}
2022-01-11 23:55:20,314 [Listener at 127.0.0.1/46043] INFO  handler.ContextHandler (ContextHandler.java:doStop(1153)) - Stopped o.e.j.s.ServletContextHandler@deec15f{logs,/logs,file:///home/runner/work/ozone/ozone/hadoop-ozone/integration-test/target/log,STOPPED}
2022-01-11 23:55:20,396 [grpc-default-executor-1] WARN  server.GrpcLogAppender (LogUtils.java:warn(122)) - c2004f48-6b55-488b-a4f3-a933c544d5d2@group-2A363A5CF540->51615485-058d-42af-9c65-c0e811a06a5e-AppendLogResponseHandler: Failed appendEntries: org.apache.ratis.thirdparty.io.grpc.StatusRuntimeException: UNAVAILABLE: io exception
2022-01-11 23:55:20,400 [grpc-default-executor-1] WARN  server.GrpcLogAppender (GrpcLogAppender.java:resetClient(110)) - c2004f48-6b55-488b-a4f3-a933c544d5d2@group-2A363A5CF540->51615485-058d-42af-9c65-c0e811a06a5e-GrpcLogAppender: Leader has not got in touch with Follower c2004f48-6b55-488b-a4f3-a933c544d5d2@group-2A363A5CF540->51615485-058d-42af-9c65-c0e811a06a5e(c0,m0,n1, attendVote=true, lastRpcSendTime=4, lastRpcResponseTime=7556) yet, just keep nextIndex unchanged and retry.
2022-01-11 23:55:20,425 [ForkJoinPool.commonPool-worker-1] INFO  statemachine.DatanodeStateMachine (DatanodeStateMachine.java:stopDaemon(529)) - Ozone container server stopped.
2022-01-11 23:55:20,455 [ForkJoinPool.commonPool-worker-1] INFO  handler.ContextHandler (ContextHandler.java:doStop(1153)) - Stopped o.e.j.w.WebAppContext@33a844ff{hddsDatanode,/,null,STOPPED}{jar:file:/home/runner/.m2/repository/org/apache/ozone/hdds-container-service/1.3.0-SNAPSHOT/hdds-container-service-1.3.0-SNAPSHOT.jar!/webapps/hddsDatanode}
2022-01-11 23:55:20,456 [ForkJoinPool.commonPool-worker-1] INFO  server.AbstractConnector (AbstractConnector.java:doStop(381)) - Stopped ServerConnector@725d23ee{HTTP/1.1, (http/1.1)}{0.0.0.0:0}
2022-01-11 23:55:20,456 [ForkJoinPool.commonPool-worker-1] INFO  server.session (HouseKeeper.java:stopScavenging(149)) - node0 Stopped scavenging
2022-01-11 23:55:20,457 [ForkJoinPool.commonPool-worker-1] INFO  handler.ContextHandler (ContextHandler.java:doStop(1153)) - Stopped o.e.j.s.ServletContextHandler@6b3472d7{static,/static,jar:file:/home/runner/.m2/repository/org/apache/ozone/hdds-container-service/1.3.0-SNAPSHOT/hdds-container-service-1.3.0-SNAPSHOT.jar!/webapps/static,STOPPED}
2022-01-11 23:55:20,458 [ForkJoinPool.commonPool-worker-1] INFO  handler.ContextHandler (ContextHandler.java:doStop(1153)) - Stopped o.e.j.s.ServletContextHandler@59f8f903{logs,/logs,file:///home/runner/work/ozone/ozone/hadoop-ozone/integration-test/target/log,STOPPED}
2022-01-11 23:55:20,482 [77c66afc-fa73-4d89-b59d-9adc22a556cf@group-B7EECE8F9241-LeaderStateImpl] INFO  server.RaftServer$Division (LeaderStateImpl.java:yieldLeaderToHigherPriorityPeer(930)) - 77c66afc-fa73-4d89-b59d-9adc22a556cf@group-B7EECE8F9241-LeaderStateImpl send StartLeaderElectionRequest to follower:757e1abf-caf6-4356-ad73-d786994982ad on term:1 because follower's priority:1 is higher than leader's:0 and follower's lastEntry index:0 catch up with leader's:0
2022-01-11 23:55:20,773 [grpc-default-executor-1] WARN  server.GrpcLogAppender (LogUtils.java:warn(122)) - 8eedcce2-fa83-40f2-8f3f-8ae88d3f9c27@group-2B542484AF5F->51615485-058d-42af-9c65-c0e811a06a5e-AppendLogResponseHandler: Failed appendEntries: org.apache.ratis.thirdparty.io.grpc.StatusRuntimeException: UNAVAILABLE: io exception
2022-01-11 23:55:20,774 [grpc-default-executor-1] WARN  server.GrpcLogAppender (GrpcLogAppender.java:resetClient(110)) - 8eedcce2-fa83-40f2-8f3f-8ae88d3f9c27@group-2B542484AF5F->51615485-058d-42af-9c65-c0e811a06a5e-GrpcLogAppender: Leader has not got in touch with Follower 8eedcce2-fa83-40f2-8f3f-8ae88d3f9c27@group-2B542484AF5F->51615485-058d-42af-9c65-c0e811a06a5e(c0,m0,n1, attendVote=true, lastRpcSendTime=2515, lastRpcResponseTime=7541) yet, just keep nextIndex unchanged and retry.
2022-01-11 23:55:21,924 [8eedcce2-fa83-40f2-8f3f-8ae88d3f9c27@group-D0E897EC1444-FollowerState] INFO  impl.FollowerState (FollowerState.java:run(134)) - 8eedcce2-fa83-40f2-8f3f-8ae88d3f9c27@group-D0E897EC1444-FollowerState: change to CANDIDATE, lastRpcElapsedTime:8573576335ns, electionTimeout:5032ms
2022-01-11 23:55:21,924 [8eedcce2-fa83-40f2-8f3f-8ae88d3f9c27@group-D0E897EC1444-FollowerState] INFO  impl.RoleInfo (RoleInfo.java:shutdownFollowerState(108)) - 8eedcce2-fa83-40f2-8f3f-8ae88d3f9c27: shutdown 8eedcce2-fa83-40f2-8f3f-8ae88d3f9c27@group-D0E897EC1444-FollowerState
2022-01-11 23:55:21,924 [8eedcce2-fa83-40f2-8f3f-8ae88d3f9c27@group-D0E897EC1444-FollowerState] INFO  server.RaftServer$Division (RaftServerImpl.java:setRole(290)) - 8eedcce2-fa83-40f2-8f3f-8ae88d3f9c27@group-D0E897EC1444: changes role from  FOLLOWER to CANDIDATE at term 3 for changeToCandidate
2022-01-11 23:55:21,925 [8eedcce2-fa83-40f2-8f3f-8ae88d3f9c27@group-D0E897EC1444-FollowerState] INFO  server.RaftServerConfigKeys (ConfUtils.java:logGet(44)) - raft.server.leaderelection.pre-vote = false (custom)
2022-01-11 23:55:21,925 [8eedcce2-fa83-40f2-8f3f-8ae88d3f9c27@group-D0E897EC1444-FollowerState] INFO  impl.RoleInfo (RoleInfo.java:updateAndGet(130)) - 8eedcce2-fa83-40f2-8f3f-8ae88d3f9c27: start 8eedcce2-fa83-40f2-8f3f-8ae88d3f9c27@group-D0E897EC1444-LeaderElection75
2022-01-11 23:55:21,941 [8eedcce2-fa83-40f2-8f3f-8ae88d3f9c27@group-D0E897EC1444-LeaderElection75] INFO  server.RaftServer$Division (ServerState.java:setLeader(285)) - 8eedcce2-fa83-40f2-8f3f-8ae88d3f9c27@group-D0E897EC1444: change Leader from 51615485-058d-42af-9c65-c0e811a06a5e to null at term 3 for ELECTION
2022-01-11 23:55:21,943 [8eedcce2-fa83-40f2-8f3f-8ae88d3f9c27@group-D0E897EC1444-LeaderElection75] INFO  impl.LeaderElection (LeaderElection.java:askForVotes(306)) - 8eedcce2-fa83-40f2-8f3f-8ae88d3f9c27@group-D0E897EC1444-LeaderElection75 ELECTION round 0: submit vote requests at term 4 for 0: [8eedcce2-fa83-40f2-8f3f-8ae88d3f9c27|rpc:10.1.0.37:39561|dataStream:|priority:0, c2004f48-6b55-488b-a4f3-a933c544d5d2|rpc:10.1.0.37:33985|dataStream:|priority:0, 51615485-058d-42af-9c65-c0e811a06a5e|rpc:10.1.0.37:46039|dataStream:|priority:1], old=null
2022-01-11 23:55:21,961 [grpc-default-executor-1] INFO  server.RaftServer$Division (RaftServerImpl.java:requestVote(1046)) - c2004f48-6b55-488b-a4f3-a933c544d5d2@group-D0E897EC1444: receive requestVote(ELECTION, 8eedcce2-fa83-40f2-8f3f-8ae88d3f9c27, group-D0E897EC1444, 4, (t:3, i:0))
2022-01-11 23:55:21,961 [grpc-default-executor-1] INFO  impl.VoteContext (VoteContext.java:log(48)) - c2004f48-6b55-488b-a4f3-a933c544d5d2@group-D0E897EC1444-FOLLOWER: accept ELECTION from 8eedcce2-fa83-40f2-8f3f-8ae88d3f9c27: our priority 0 <= candidate's priority 0
2022-01-11 23:55:21,961 [grpc-default-executor-1] INFO  server.RaftServer$Division (ServerState.java:setLeader(285)) - c2004f48-6b55-488b-a4f3-a933c544d5d2@group-D0E897EC1444: change Leader from 51615485-058d-42af-9c65-c0e811a06a5e to null at term 4 for updateCurrentTerm
2022-01-11 23:55:21,962 [grpc-default-executor-1] INFO  server.RaftServer$Division (RaftServerImpl.java:setRole(290)) - c2004f48-6b55-488b-a4f3-a933c544d5d2@group-D0E897EC1444: changes role from  FOLLOWER to FOLLOWER at term 4 for candidate:8eedcce2-fa83-40f2-8f3f-8ae88d3f9c27
2022-01-11 23:55:21,962 [grpc-default-executor-1] INFO  impl.RoleInfo (RoleInfo.java:shutdownFollowerState(108)) - c2004f48-6b55-488b-a4f3-a933c544d5d2: shutdown c2004f48-6b55-488b-a4f3-a933c544d5d2@group-D0E897EC1444-FollowerState
2022-01-11 23:55:21,969 [grpc-default-executor-1] INFO  impl.RoleInfo (RoleInfo.java:updateAndGet(130)) - c2004f48-6b55-488b-a4f3-a933c544d5d2: start c2004f48-6b55-488b-a4f3-a933c544d5d2@group-D0E897EC1444-FollowerState
2022-01-11 23:55:21,981 [8eedcce2-fa83-40f2-8f3f-8ae88d3f9c27@group-D0E897EC1444-LeaderElection75] INFO  impl.LeaderElection (LogUtils.java:infoOrTrace(137)) - 8eedcce2-fa83-40f2-8f3f-8ae88d3f9c27@group-D0E897EC1444-LeaderElection75 got exception when requesting votes: java.util.concurrent.ExecutionException: org.apache.ratis.thirdparty.io.grpc.StatusRuntimeException: UNAVAILABLE: io exception
2022-01-11 23:55:21,982 [c2004f48-6b55-488b-a4f3-a933c544d5d2@group-D0E897EC1444-FollowerState] INFO  impl.FollowerState (FollowerState.java:run(143)) - c2004f48-6b55-488b-a4f3-a933c544d5d2@group-D0E897EC1444-FollowerState was interrupted: {}
java.lang.InterruptedException: sleep interrupted
	at java.lang.Thread.sleep(Native Method)
	at java.lang.Thread.sleep(Thread.java:340)
	at java.util.concurrent.TimeUnit.sleep(TimeUnit.java:386)
	at org.apache.ratis.util.TimeDuration.sleep(TimeDuration.java:324)
	at org.apache.ratis.util.TimeDuration.sleep(TimeDuration.java:309)
	at org.apache.ratis.server.impl.FollowerState.run(FollowerState.java:118)
2022-01-11 23:55:21,982 [grpc-default-executor-1] INFO  server.RaftServer$Division (RaftServerImpl.java:requestVote(1078)) - c2004f48-6b55-488b-a4f3-a933c544d5d2@group-D0E897EC1444 replies to ELECTION vote request: 8eedcce2-fa83-40f2-8f3f-8ae88d3f9c27<-c2004f48-6b55-488b-a4f3-a933c544d5d2#0:OK-t4. Peer's state: c2004f48-6b55-488b-a4f3-a933c544d5d2@group-D0E897EC1444:t4, leader=null, voted=8eedcce2-fa83-40f2-8f3f-8ae88d3f9c27, raftlog=c2004f48-6b55-488b-a4f3-a933c544d5d2@group-D0E897EC1444-SegmentedRaftLog:OPENED:c0, conf=0: [8eedcce2-fa83-40f2-8f3f-8ae88d3f9c27|rpc:10.1.0.37:39561|dataStream:|priority:0, c2004f48-6b55-488b-a4f3-a933c544d5d2|rpc:10.1.0.37:33985|dataStream:|priority:0, 51615485-058d-42af-9c65-c0e811a06a5e|rpc:10.1.0.37:46039|dataStream:|priority:1], old=null
2022-01-11 23:55:21,989 [8eedcce2-fa83-40f2-8f3f-8ae88d3f9c27@group-D0E897EC1444-LeaderElection75] INFO  impl.LeaderElection (LeaderElection.java:logAndReturn(89)) - 8eedcce2-fa83-40f2-8f3f-8ae88d3f9c27@group-D0E897EC1444-LeaderElection75: ELECTION PASSED received 1 response(s) and 1 exception(s):
2022-01-11 23:55:21,989 [8eedcce2-fa83-40f2-8f3f-8ae88d3f9c27@group-D0E897EC1444-LeaderElection75] INFO  impl.LeaderElection (LeaderElection.java:logAndReturn(93)) -   Response 0: 8eedcce2-fa83-40f2-8f3f-8ae88d3f9c27<-c2004f48-6b55-488b-a4f3-a933c544d5d2#0:OK-t4
2022-01-11 23:55:21,989 [8eedcce2-fa83-40f2-8f3f-8ae88d3f9c27@group-D0E897EC1444-LeaderElection75] INFO  impl.LeaderElection (LogUtils.java:infoOrTrace(137)) -   Exception 1: java.util.concurrent.ExecutionException: org.apache.ratis.thirdparty.io.grpc.StatusRuntimeException: UNAVAILABLE: io exception
2022-01-11 23:55:21,989 [8eedcce2-fa83-40f2-8f3f-8ae88d3f9c27@group-D0E897EC1444-LeaderElection75] INFO  impl.LeaderElection (LeaderElection.java:askForVotes(308)) - 8eedcce2-fa83-40f2-8f3f-8ae88d3f9c27@group-D0E897EC1444-LeaderElection75 ELECTION round 0: result PASSED
2022-01-11 23:55:21,989 [8eedcce2-fa83-40f2-8f3f-8ae88d3f9c27@group-D0E897EC1444-LeaderElection75] INFO  impl.RoleInfo (RoleInfo.java:shutdownLeaderElection(121)) - 8eedcce2-fa83-40f2-8f3f-8ae88d3f9c27: shutdown 8eedcce2-fa83-40f2-8f3f-8ae88d3f9c27@group-D0E897EC1444-LeaderElection75
2022-01-11 23:55:21,989 [8eedcce2-fa83-40f2-8f3f-8ae88d3f9c27@group-D0E897EC1444-LeaderElection75] INFO  server.RaftServer$Division (RaftServerImpl.java:setRole(290)) - 8eedcce2-fa83-40f2-8f3f-8ae88d3f9c27@group-D0E897EC1444: changes role from CANDIDATE to LEADER at term 4 for changeToLeader
2022-01-11 23:55:21,989 [8eedcce2-fa83-40f2-8f3f-8ae88d3f9c27@group-D0E897EC1444-LeaderElection75] INFO  ratis.XceiverServerRatis (XceiverServerRatis.java:handleLeaderChangedNotification(866)) - Leader change notification received for group: group-D0E897EC1444 with new leaderId: 8eedcce2-fa83-40f2-8f3f-8ae88d3f9c27
2022-01-11 23:55:21,989 [8eedcce2-fa83-40f2-8f3f-8ae88d3f9c27@group-D0E897EC1444-LeaderElection75] INFO  server.RaftServer$Division (ServerState.java:setLeader(285)) - 8eedcce2-fa83-40f2-8f3f-8ae88d3f9c27@group-D0E897EC1444: change Leader from null to 8eedcce2-fa83-40f2-8f3f-8ae88d3f9c27 at term 4 for becomeLeader, leader elected after 48ms
2022-01-11 23:55:21,989 [8eedcce2-fa83-40f2-8f3f-8ae88d3f9c27@group-D0E897EC1444-LeaderElection75] INFO  server.RaftServerConfigKeys (ConfUtils.java:logGet(44)) - raft.server.staging.catchup.gap = 1000 (default)
2022-01-11 23:55:21,989 [8eedcce2-fa83-40f2-8f3f-8ae88d3f9c27@group-D0E897EC1444-LeaderElection75] INFO  server.RaftServerConfigKeys (ConfUtils.java:logGet(44)) - raft.server.write.element-limit = 1024 (custom)
2022-01-11 23:55:21,990 [8eedcce2-fa83-40f2-8f3f-8ae88d3f9c27@group-D0E897EC1444-LeaderElection75] INFO  server.RaftServerConfigKeys (ConfUtils.java:logGet(44)) - raft.server.write.byte-limit = 1024 M (=1073741824) (custom)
2022-01-11 23:55:21,990 [8eedcce2-fa83-40f2-8f3f-8ae88d3f9c27@group-D0E897EC1444-LeaderElection75] INFO  server.RaftServerConfigKeys (ConfUtils.java:logGet(44)) - raft.server.watch.timeout = 3000ms (custom)
2022-01-11 23:55:21,990 [8eedcce2-fa83-40f2-8f3f-8ae88d3f9c27@group-D0E897EC1444-LeaderElection75] INFO  server.RaftServerConfigKeys (ConfUtils.java:logGet(44)) - raft.server.watch.timeout.denomination = 1s (default)
2022-01-11 23:55:21,990 [8eedcce2-fa83-40f2-8f3f-8ae88d3f9c27@group-D0E897EC1444-LeaderElection75] INFO  server.RaftServerConfigKeys (ConfUtils.java:logGet(44)) - raft.server.watch.element-limit = 65536 (default)
2022-01-11 23:55:21,990 [8eedcce2-fa83-40f2-8f3f-8ae88d3f9c27@group-D0E897EC1444-LeaderElection75] INFO  server.RaftServerConfigKeys (ConfUtils.java:logGet(44)) - raft.server.write.element-limit = 1024 (custom)
2022-01-11 23:55:21,990 [8eedcce2-fa83-40f2-8f3f-8ae88d3f9c27@group-D0E897EC1444-LeaderElection75] INFO  server.RaftServerConfigKeys (ConfUtils.java:logGet(44)) - raft.server.write.follower.gap.ratio.max = -1.0 (default)
2022-01-11 23:55:21,990 [8eedcce2-fa83-40f2-8f3f-8ae88d3f9c27@group-D0E897EC1444-LeaderElection75] INFO  server.RaftServerConfigKeys (ConfUtils.java:logGet(44)) - raft.server.log.appender.snapshot.chunk.size.max = 16MB (=16777216) (default)
2022-01-11 23:55:21,990 [8eedcce2-fa83-40f2-8f3f-8ae88d3f9c27@group-D0E897EC1444-LeaderElection75] INFO  server.RaftServerConfigKeys (ConfUtils.java:logGet(44)) - raft.server.log.appender.buffer.byte-limit = 33554432 (custom)
2022-01-11 23:55:21,990 [8eedcce2-fa83-40f2-8f3f-8ae88d3f9c27@group-D0E897EC1444-LeaderElection75] INFO  server.RaftServerConfigKeys (ConfUtils.java:logGet(44)) - raft.server.log.appender.buffer.element-limit = 1 (custom)
2022-01-11 23:55:21,990 [8eedcce2-fa83-40f2-8f3f-8ae88d3f9c27@group-D0E897EC1444-LeaderElection75] INFO  grpc.GrpcConfigKeys (ConfUtils.java:logGet(44)) - raft.grpc.server.leader.outstanding.appends.max = 128 (default)
2022-01-11 23:55:21,990 [8eedcce2-fa83-40f2-8f3f-8ae88d3f9c27@group-D0E897EC1444-LeaderElection75] INFO  server.RaftServerConfigKeys (ConfUtils.java:logGet(44)) - raft.server.rpc.request.timeout = 3000ms (default)
2022-01-11 23:55:21,990 [8eedcce2-fa83-40f2-8f3f-8ae88d3f9c27@group-D0E897EC1444-LeaderElection75] INFO  server.RaftServerConfigKeys (ConfUtils.java:logGet(44)) - raft.server.log.appender.install.snapshot.enabled = false (custom)
2022-01-11 23:55:21,991 [8eedcce2-fa83-40f2-8f3f-8ae88d3f9c27@group-D0E897EC1444-LeaderElection75] INFO  server.RaftServerConfigKeys (ConfUtils.java:logGet(44)) - raft.server.log.appender.snapshot.chunk.size.max = 16MB (=16777216) (default)
2022-01-11 23:55:21,991 [8eedcce2-fa83-40f2-8f3f-8ae88d3f9c27@group-D0E897EC1444-LeaderElection75] INFO  server.RaftServerConfigKeys (ConfUtils.java:logGet(44)) - raft.server.log.appender.buffer.byte-limit = 33554432 (custom)
2022-01-11 23:55:21,991 [8eedcce2-fa83-40f2-8f3f-8ae88d3f9c27@group-D0E897EC1444-LeaderElection75] INFO  server.RaftServerConfigKeys (ConfUtils.java:logGet(44)) - raft.server.log.appender.buffer.element-limit = 1 (custom)
2022-01-11 23:55:21,991 [8eedcce2-fa83-40f2-8f3f-8ae88d3f9c27@group-D0E897EC1444-LeaderElection75] INFO  grpc.GrpcConfigKeys (ConfUtils.java:logGet(44)) - raft.grpc.server.leader.outstanding.appends.max = 128 (default)
2022-01-11 23:55:21,991 [8eedcce2-fa83-40f2-8f3f-8ae88d3f9c27@group-D0E897EC1444-LeaderElection75] INFO  server.RaftServerConfigKeys (ConfUtils.java:logGet(44)) - raft.server.rpc.request.timeout = 3000ms (default)
2022-01-11 23:55:21,992 [8eedcce2-fa83-40f2-8f3f-8ae88d3f9c27@group-D0E897EC1444-LeaderElection75] INFO  server.RaftServerConfigKeys (ConfUtils.java:logGet(44)) - raft.server.log.appender.install.snapshot.enabled = false (custom)
2022-01-11 23:55:21,992 [8eedcce2-fa83-40f2-8f3f-8ae88d3f9c27@group-D0E897EC1444-LeaderElection75] INFO  impl.RoleInfo (RoleInfo.java:updateAndGet(130)) - 8eedcce2-fa83-40f2-8f3f-8ae88d3f9c27: start 8eedcce2-fa83-40f2-8f3f-8ae88d3f9c27@group-D0E897EC1444-LeaderStateImpl
2022-01-11 23:55:21,992 [8eedcce2-fa83-40f2-8f3f-8ae88d3f9c27@group-D0E897EC1444-LeaderElection75] INFO  segmented.SegmentedRaftLogWorker (SegmentedRaftLogWorker.java:rollLogSegment(399)) - 8eedcce2-fa83-40f2-8f3f-8ae88d3f9c27@group-D0E897EC1444-SegmentedRaftLogWorker: Rolling segment log-0_0 to index:0
2022-01-11 23:55:21,997 [8eedcce2-fa83-40f2-8f3f-8ae88d3f9c27@group-D0E897EC1444-SegmentedRaftLogWorker] INFO  segmented.SegmentedRaftLogWorker (SegmentedRaftLogWorker.java:execute(558)) - 8eedcce2-fa83-40f2-8f3f-8ae88d3f9c27@group-D0E897EC1444-SegmentedRaftLogWorker: Rolled log segment from /home/runner/work/ozone/ozone/hadoop-ozone/integration-test/target/test-dir/MiniOzoneClusterImpl-84b3519b-a2d3-47e7-8c84-34506f72c9f7/datanode-0/data/ratis/45053eb7-d090-43ed-ae9a-d0e897ec1444/current/log_inprogress_0 to /home/runner/work/ozone/ozone/hadoop-ozone/integration-test/target/test-dir/MiniOzoneClusterImpl-84b3519b-a2d3-47e7-8c84-34506f72c9f7/datanode-0/data/ratis/45053eb7-d090-43ed-ae9a-d0e897ec1444/current/log_0-0
2022-01-11 23:55:22,007 [8eedcce2-fa83-40f2-8f3f-8ae88d3f9c27@group-D0E897EC1444-SegmentedRaftLogWorker] INFO  segmented.SegmentedRaftLogWorker (SegmentedRaftLogWorker.java:execute(601)) - 8eedcce2-fa83-40f2-8f3f-8ae88d3f9c27@group-D0E897EC1444-SegmentedRaftLogWorker: created new log segment /home/runner/work/ozone/ozone/hadoop-ozone/integration-test/target/test-dir/MiniOzoneClusterImpl-84b3519b-a2d3-47e7-8c84-34506f72c9f7/datanode-0/data/ratis/45053eb7-d090-43ed-ae9a-d0e897ec1444/current/log_inprogress_1
2022-01-11 23:55:22,031 [grpc-default-executor-1] WARN  server.GrpcLogAppender (LogUtils.java:warn(122)) - 8eedcce2-fa83-40f2-8f3f-8ae88d3f9c27@group-D0E897EC1444->51615485-058d-42af-9c65-c0e811a06a5e-AppendLogResponseHandler: Failed appendEntries: org.apache.ratis.thirdparty.io.grpc.StatusRuntimeException: UNAVAILABLE: io exception
2022-01-11 23:55:22,032 [grpc-default-executor-1] WARN  server.GrpcLogAppender (GrpcLogAppender.java:resetClient(110)) - 8eedcce2-fa83-40f2-8f3f-8ae88d3f9c27@group-D0E897EC1444->51615485-058d-42af-9c65-c0e811a06a5e-GrpcLogAppender: Leader has not got in touch with Follower 8eedcce2-fa83-40f2-8f3f-8ae88d3f9c27@group-D0E897EC1444->51615485-058d-42af-9c65-c0e811a06a5e(c-1,m0,n1, attendVote=true, lastRpcSendTime=5241, lastRpcResponseTime=5241) yet, just keep nextIndex unchanged and retry.
2022-01-11 23:55:22,033 [grpc-default-executor-1] WARN  server.GrpcLogAppender (LogUtils.java:warn(122)) - 8eedcce2-fa83-40f2-8f3f-8ae88d3f9c27@group-D0E897EC1444->51615485-058d-42af-9c65-c0e811a06a5e-AppendLogResponseHandler: Failed appendEntries: org.apache.ratis.thirdparty.io.grpc.StatusRuntimeException: UNAVAILABLE: io exception
2022-01-11 23:55:22,033 [grpc-default-executor-1] WARN  server.GrpcLogAppender (GrpcLogAppender.java:resetClient(110)) - 8eedcce2-fa83-40f2-8f3f-8ae88d3f9c27@group-D0E897EC1444->51615485-058d-42af-9c65-c0e811a06a5e-GrpcLogAppender: Leader has not got in touch with Follower 8eedcce2-fa83-40f2-8f3f-8ae88d3f9c27@group-D0E897EC1444->51615485-058d-42af-9c65-c0e811a06a5e(c-1,m0,n2, attendVote=true, lastRpcSendTime=0, lastRpcResponseTime=5243) yet, just keep nextIndex unchanged and retry.
2022-01-11 23:55:22,072 [8eedcce2-fa83-40f2-8f3f-8ae88d3f9c27@group-D0E897EC1444-LeaderElection75] INFO  server.RaftServer$Division (ServerState.java:setRaftConf(387)) - 8eedcce2-fa83-40f2-8f3f-8ae88d3f9c27@group-D0E897EC1444: set configuration 1: [8eedcce2-fa83-40f2-8f3f-8ae88d3f9c27|rpc:10.1.0.37:39561|dataStream:|priority:0, c2004f48-6b55-488b-a4f3-a933c544d5d2|rpc:10.1.0.37:33985|dataStream:|priority:0, 51615485-058d-42af-9c65-c0e811a06a5e|rpc:10.1.0.37:46039|dataStream:|priority:1], old=null
2022-01-11 23:55:22,109 [grpc-default-executor-5] INFO  ratis.XceiverServerRatis (XceiverServerRatis.java:handleLeaderChangedNotification(866)) - Leader change notification received for group: group-D0E897EC1444 with new leaderId: 8eedcce2-fa83-40f2-8f3f-8ae88d3f9c27
2022-01-11 23:55:22,109 [grpc-default-executor-5] INFO  server.RaftServer$Division (ServerState.java:setLeader(285)) - c2004f48-6b55-488b-a4f3-a933c544d5d2@group-D0E897EC1444: change Leader from null to 8eedcce2-fa83-40f2-8f3f-8ae88d3f9c27 at term 4 for appendEntries, leader elected after 147ms
2022-01-11 23:55:22,148 [grpc-default-executor-5] INFO  server.RaftServer$Division (ServerState.java:setRaftConf(387)) - c2004f48-6b55-488b-a4f3-a933c544d5d2@group-D0E897EC1444: set configuration 1: [8eedcce2-fa83-40f2-8f3f-8ae88d3f9c27|rpc:10.1.0.37:39561|dataStream:|priority:0, c2004f48-6b55-488b-a4f3-a933c544d5d2|rpc:10.1.0.37:33985|dataStream:|priority:0, 51615485-058d-42af-9c65-c0e811a06a5e|rpc:10.1.0.37:46039|dataStream:|priority:1], old=null
2022-01-11 23:55:22,148 [grpc-default-executor-5] INFO  segmented.SegmentedRaftLogWorker (SegmentedRaftLogWorker.java:rollLogSegment(399)) - c2004f48-6b55-488b-a4f3-a933c544d5d2@group-D0E897EC1444-SegmentedRaftLogWorker: Rolling segment log-0_0 to index:0
2022-01-11 23:55:22,148 [c2004f48-6b55-488b-a4f3-a933c544d5d2@group-D0E897EC1444-SegmentedRaftLogWorker] INFO  segmented.SegmentedRaftLogWorker (SegmentedRaftLogWorker.java:execute(558)) - c2004f48-6b55-488b-a4f3-a933c544d5d2@group-D0E897EC1444-SegmentedRaftLogWorker: Rolled log segment from /home/runner/work/ozone/ozone/hadoop-ozone/integration-test/target/test-dir/MiniOzoneClusterImpl-84b3519b-a2d3-47e7-8c84-34506f72c9f7/datanode-2/data/ratis/45053eb7-d090-43ed-ae9a-d0e897ec1444/current/log_inprogress_0 to /home/runner/work/ozone/ozone/hadoop-ozone/integration-test/target/test-dir/MiniOzoneClusterImpl-84b3519b-a2d3-47e7-8c84-34506f72c9f7/datanode-2/data/ratis/45053eb7-d090-43ed-ae9a-d0e897ec1444/current/log_0-0
2022-01-11 23:55:22,152 [c2004f48-6b55-488b-a4f3-a933c544d5d2@group-D0E897EC1444-SegmentedRaftLogWorker] INFO  segmented.SegmentedRaftLogWorker (SegmentedRaftLogWorker.java:execute(601)) - c2004f48-6b55-488b-a4f3-a933c544d5d2@group-D0E897EC1444-SegmentedRaftLogWorker: created new log segment /home/runner/work/ozone/ozone/hadoop-ozone/integration-test/target/test-dir/MiniOzoneClusterImpl-84b3519b-a2d3-47e7-8c84-34506f72c9f7/datanode-2/data/ratis/45053eb7-d090-43ed-ae9a-d0e897ec1444/current/log_inprogress_1
2022-01-11 23:55:22,197 [grpc-default-executor-5] WARN  server.GrpcLogAppender (LogUtils.java:warn(122)) - 8eedcce2-fa83-40f2-8f3f-8ae88d3f9c27@group-D0E897EC1444->51615485-058d-42af-9c65-c0e811a06a5e-AppendLogResponseHandler: Failed appendEntries: org.apache.ratis.thirdparty.io.grpc.StatusRuntimeException: UNAVAILABLE: io exception
2022-01-11 23:55:22,197 [grpc-default-executor-5] WARN  server.GrpcLogAppender (GrpcLogAppender.java:resetClient(110)) - 8eedcce2-fa83-40f2-8f3f-8ae88d3f9c27@group-D0E897EC1444->51615485-058d-42af-9c65-c0e811a06a5e-GrpcLogAppender: Leader has not got in touch with Follower 8eedcce2-fa83-40f2-8f3f-8ae88d3f9c27@group-D0E897EC1444->51615485-058d-42af-9c65-c0e811a06a5e(c-1,m0,n3, attendVote=true, lastRpcSendTime=162, lastRpcResponseTime=5407) yet, just keep nextIndex unchanged and retry.
2022-01-11 23:55:22,822 [grpc-default-executor-5] WARN  server.GrpcLogAppender (LogUtils.java:warn(122)) - 77c66afc-fa73-4d89-b59d-9adc22a556cf@group-B7EECE8F9241->757e1abf-caf6-4356-ad73-d786994982ad-AppendLogResponseHandler: Failed appendEntries: org.apache.ratis.thirdparty.io.grpc.StatusRuntimeException: UNAVAILABLE: io exception
2022-01-11 23:55:22,823 [grpc-default-executor-5] WARN  server.GrpcLogAppender (GrpcLogAppender.java:resetClient(110)) - 77c66afc-fa73-4d89-b59d-9adc22a556cf@group-B7EECE8F9241->757e1abf-caf6-4356-ad73-d786994982ad-GrpcLogAppender: Leader has not got in touch with Follower 77c66afc-fa73-4d89-b59d-9adc22a556cf@group-B7EECE8F9241->757e1abf-caf6-4356-ad73-d786994982ad(c-1,m0,n1, attendVote=true, lastRpcSendTime=2516, lastRpcResponseTime=12812) yet, just keep nextIndex unchanged and retry.
2022-01-11 23:55:22,902 [grpc-default-executor-5] WARN  server.GrpcLogAppender (LogUtils.java:warn(122)) - c2004f48-6b55-488b-a4f3-a933c544d5d2@group-2A363A5CF540->51615485-058d-42af-9c65-c0e811a06a5e-AppendLogResponseHandler: Failed appendEntries: org.apache.ratis.thirdparty.io.grpc.StatusRuntimeException: UNAVAILABLE: io exception
2022-01-11 23:55:22,902 [grpc-default-executor-5] WARN  server.GrpcLogAppender (GrpcLogAppender.java:resetClient(110)) - c2004f48-6b55-488b-a4f3-a933c544d5d2@group-2A363A5CF540->51615485-058d-42af-9c65-c0e811a06a5e-GrpcLogAppender: Leader has not got in touch with Follower c2004f48-6b55-488b-a4f3-a933c544d5d2@group-2A363A5CF540->51615485-058d-42af-9c65-c0e811a06a5e(c0,m0,n1, attendVote=true, lastRpcSendTime=2506, lastRpcResponseTime=10059) yet, just keep nextIndex unchanged and retry.
2022-01-11 23:55:23,294 [grpc-default-executor-5] WARN  server.GrpcLogAppender (LogUtils.java:warn(122)) - 8eedcce2-fa83-40f2-8f3f-8ae88d3f9c27@group-2B542484AF5F->51615485-058d-42af-9c65-c0e811a06a5e-AppendLogResponseHandler: Failed appendEntries: org.apache.ratis.thirdparty.io.grpc.StatusRuntimeException: UNAVAILABLE: io exception
2022-01-11 23:55:23,301 [grpc-default-executor-5] WARN  server.GrpcLogAppender (GrpcLogAppender.java:resetClient(110)) - 8eedcce2-fa83-40f2-8f3f-8ae88d3f9c27@group-2B542484AF5F->51615485-058d-42af-9c65-c0e811a06a5e-GrpcLogAppender: Leader has not got in touch with Follower 8eedcce2-fa83-40f2-8f3f-8ae88d3f9c27@group-2B542484AF5F->51615485-058d-42af-9c65-c0e811a06a5e(c0,m0,n1, attendVote=true, lastRpcSendTime=2525, lastRpcResponseTime=10068) yet, just keep nextIndex unchanged and retry.
2022-01-11 23:55:24,698 [grpc-default-executor-5] WARN  server.GrpcLogAppender (LogUtils.java:warn(122)) - 8eedcce2-fa83-40f2-8f3f-8ae88d3f9c27@group-D0E897EC1444->51615485-058d-42af-9c65-c0e811a06a5e-AppendLogResponseHandler: Failed appendEntries: org.apache.ratis.thirdparty.io.grpc.StatusRuntimeException: UNAVAILABLE: io exception
2022-01-11 23:55:24,699 [grpc-default-executor-5] WARN  server.GrpcLogAppender (GrpcLogAppender.java:resetClient(110)) - 8eedcce2-fa83-40f2-8f3f-8ae88d3f9c27@group-D0E897EC1444->51615485-058d-42af-9c65-c0e811a06a5e-GrpcLogAppender: Leader has not got in touch with Follower 8eedcce2-fa83-40f2-8f3f-8ae88d3f9c27@group-D0E897EC1444->51615485-058d-42af-9c65-c0e811a06a5e(c-1,m0,n3, attendVote=true, lastRpcSendTime=0, lastRpcResponseTime=7908) yet, just keep nextIndex unchanged and retry.
2022-01-11 23:55:24,849 [77c66afc-fa73-4d89-b59d-9adc22a556cf@group-9D82FB37D1D1-FollowerState] INFO  impl.FollowerState (FollowerState.java:run(134)) - 77c66afc-fa73-4d89-b59d-9adc22a556cf@group-9D82FB37D1D1-FollowerState: change to CANDIDATE, lastRpcElapsedTime:5072544529ns, electionTimeout:5054ms
2022-01-11 23:55:24,849 [77c66afc-fa73-4d89-b59d-9adc22a556cf@group-9D82FB37D1D1-FollowerState] INFO  impl.RoleInfo (RoleInfo.java:shutdownFollowerState(108)) - 77c66afc-fa73-4d89-b59d-9adc22a556cf: shutdown 77c66afc-fa73-4d89-b59d-9adc22a556cf@group-9D82FB37D1D1-FollowerState
2022-01-11 23:55:24,849 [77c66afc-fa73-4d89-b59d-9adc22a556cf@group-9D82FB37D1D1-FollowerState] INFO  server.RaftServer$Division (RaftServerImpl.java:setRole(290)) - 77c66afc-fa73-4d89-b59d-9adc22a556cf@group-9D82FB37D1D1: changes role from  FOLLOWER to CANDIDATE at term 2 for changeToCandidate
2022-01-11 23:55:24,850 [77c66afc-fa73-4d89-b59d-9adc22a556cf@group-9D82FB37D1D1-FollowerState] INFO  server.RaftServerConfigKeys (ConfUtils.java:logGet(44)) - raft.server.leaderelection.pre-vote = false (custom)
2022-01-11 23:55:24,850 [77c66afc-fa73-4d89-b59d-9adc22a556cf@group-9D82FB37D1D1-FollowerState] INFO  impl.RoleInfo (RoleInfo.java:updateAndGet(130)) - 77c66afc-fa73-4d89-b59d-9adc22a556cf: start 77c66afc-fa73-4d89-b59d-9adc22a556cf@group-9D82FB37D1D1-LeaderElection76
2022-01-11 23:55:24,855 [77c66afc-fa73-4d89-b59d-9adc22a556cf@group-9D82FB37D1D1-LeaderElection76] INFO  impl.LeaderElection (LeaderElection.java:askForVotes(306)) - 77c66afc-fa73-4d89-b59d-9adc22a556cf@group-9D82FB37D1D1-LeaderElection76 ELECTION round 0: submit vote requests at term 3 for -1: [2a1c9333-8641-498a-88f2-87bcecbe0d18|rpc:10.1.0.37:38177|dataStream:|priority:0, 757e1abf-caf6-4356-ad73-d786994982ad|rpc:10.1.0.37:41749|dataStream:|priority:0, 77c66afc-fa73-4d89-b59d-9adc22a556cf|rpc:10.1.0.37:40587|dataStream:|priority:1], old=null
2022-01-11 23:55:24,868 [grpc-default-executor-5] INFO  server.RaftServer$Division (RaftServerImpl.java:requestVote(1046)) - 2a1c9333-8641-498a-88f2-87bcecbe0d18@group-9D82FB37D1D1: receive requestVote(ELECTION, 77c66afc-fa73-4d89-b59d-9adc22a556cf, group-9D82FB37D1D1, 3, (t:0, i:0))
2022-01-11 23:55:24,868 [grpc-default-executor-5] INFO  impl.VoteContext (VoteContext.java:log(48)) - 2a1c9333-8641-498a-88f2-87bcecbe0d18@group-9D82FB37D1D1-FOLLOWER: accept ELECTION from 77c66afc-fa73-4d89-b59d-9adc22a556cf: our priority 0 <= candidate's priority 1
2022-01-11 23:55:24,868 [grpc-default-executor-5] INFO  server.RaftServer$Division (RaftServerImpl.java:setRole(290)) - 2a1c9333-8641-498a-88f2-87bcecbe0d18@group-9D82FB37D1D1: changes role from  FOLLOWER to FOLLOWER at term 3 for candidate:77c66afc-fa73-4d89-b59d-9adc22a556cf
2022-01-11 23:55:24,868 [grpc-default-executor-5] INFO  impl.RoleInfo (RoleInfo.java:shutdownFollowerState(108)) - 2a1c9333-8641-498a-88f2-87bcecbe0d18: shutdown 2a1c9333-8641-498a-88f2-87bcecbe0d18@group-9D82FB37D1D1-FollowerState
2022-01-11 23:55:24,873 [grpc-default-executor-5] INFO  impl.RoleInfo (RoleInfo.java:updateAndGet(130)) - 2a1c9333-8641-498a-88f2-87bcecbe0d18: start 2a1c9333-8641-498a-88f2-87bcecbe0d18@group-9D82FB37D1D1-FollowerState
2022-01-11 23:55:24,878 [77c66afc-fa73-4d89-b59d-9adc22a556cf@group-9D82FB37D1D1-LeaderElection76] INFO  impl.LeaderElection (LogUtils.java:infoOrTrace(137)) - 77c66afc-fa73-4d89-b59d-9adc22a556cf@group-9D82FB37D1D1-LeaderElection76 got exception when requesting votes: java.util.concurrent.ExecutionException: org.apache.ratis.thirdparty.io.grpc.StatusRuntimeException: UNAVAILABLE: io exception
2022-01-11 23:55:24,879 [2a1c9333-8641-498a-88f2-87bcecbe0d18@group-9D82FB37D1D1-FollowerState] INFO  impl.FollowerState (FollowerState.java:run(143)) - 2a1c9333-8641-498a-88f2-87bcecbe0d18@group-9D82FB37D1D1-FollowerState was interrupted: {}
java.lang.InterruptedException: sleep interrupted
	at java.lang.Thread.sleep(Native Method)
	at java.lang.Thread.sleep(Thread.java:340)
	at java.util.concurrent.TimeUnit.sleep(TimeUnit.java:386)
	at org.apache.ratis.util.TimeDuration.sleep(TimeDuration.java:324)
	at org.apache.ratis.util.TimeDuration.sleep(TimeDuration.java:309)
	at org.apache.ratis.server.impl.FollowerState.run(FollowerState.java:118)
2022-01-11 23:55:24,879 [grpc-default-executor-5] INFO  server.RaftServer$Division (RaftServerImpl.java:requestVote(1078)) - 2a1c9333-8641-498a-88f2-87bcecbe0d18@group-9D82FB37D1D1 replies to ELECTION vote request: 77c66afc-fa73-4d89-b59d-9adc22a556cf<-2a1c9333-8641-498a-88f2-87bcecbe0d18#0:OK-t3. Peer's state: 2a1c9333-8641-498a-88f2-87bcecbe0d18@group-9D82FB37D1D1:t3, leader=null, voted=77c66afc-fa73-4d89-b59d-9adc22a556cf, raftlog=2a1c9333-8641-498a-88f2-87bcecbe0d18@group-9D82FB37D1D1-SegmentedRaftLog:OPENED:c-1, conf=-1: [2a1c9333-8641-498a-88f2-87bcecbe0d18|rpc:10.1.0.37:38177|priority:0, 757e1abf-caf6-4356-ad73-d786994982ad|rpc:10.1.0.37:41749|priority:0, 77c66afc-fa73-4d89-b59d-9adc22a556cf|rpc:10.1.0.37:40587|priority:1], old=null
2022-01-11 23:55:24,884 [77c66afc-fa73-4d89-b59d-9adc22a556cf@group-9D82FB37D1D1-LeaderElection76] INFO  impl.LeaderElection (LeaderElection.java:logAndReturn(89)) - 77c66afc-fa73-4d89-b59d-9adc22a556cf@group-9D82FB37D1D1-LeaderElection76: ELECTION PASSED received 1 response(s) and 1 exception(s):
2022-01-11 23:55:24,884 [77c66afc-fa73-4d89-b59d-9adc22a556cf@group-9D82FB37D1D1-LeaderElection76] INFO  impl.LeaderElection (LeaderElection.java:logAndReturn(93)) -   Response 0: 77c66afc-fa73-4d89-b59d-9adc22a556cf<-2a1c9333-8641-498a-88f2-87bcecbe0d18#0:OK-t3
2022-01-11 23:55:24,884 [77c66afc-fa73-4d89-b59d-9adc22a556cf@group-9D82FB37D1D1-LeaderElection76] INFO  impl.LeaderElection (LogUtils.java:infoOrTrace(137)) -   Exception 1: java.util.concurrent.ExecutionException: org.apache.ratis.thirdparty.io.grpc.StatusRuntimeException: UNAVAILABLE: io exception
2022-01-11 23:55:24,884 [77c66afc-fa73-4d89-b59d-9adc22a556cf@group-9D82FB37D1D1-LeaderElection76] INFO  impl.LeaderElection (LeaderElection.java:askForVotes(308)) - 77c66afc-fa73-4d89-b59d-9adc22a556cf@group-9D82FB37D1D1-LeaderElection76 ELECTION round 0: result PASSED
2022-01-11 23:55:24,884 [77c66afc-fa73-4d89-b59d-9adc22a556cf@group-9D82FB37D1D1-LeaderElection76] INFO  impl.RoleInfo (RoleInfo.java:shutdownLeaderElection(121)) - 77c66afc-fa73-4d89-b59d-9adc22a556cf: shutdown 77c66afc-fa73-4d89-b59d-9adc22a556cf@group-9D82FB37D1D1-LeaderElection76
2022-01-11 23:55:24,884 [77c66afc-fa73-4d89-b59d-9adc22a556cf@group-9D82FB37D1D1-LeaderElection76] INFO  server.RaftServer$Division (RaftServerImpl.java:setRole(290)) - 77c66afc-fa73-4d89-b59d-9adc22a556cf@group-9D82FB37D1D1: changes role from CANDIDATE to LEADER at term 3 for changeToLeader
2022-01-11 23:55:24,884 [77c66afc-fa73-4d89-b59d-9adc22a556cf@group-9D82FB37D1D1-LeaderElection76] INFO  ratis.XceiverServerRatis (XceiverServerRatis.java:handleLeaderChangedNotification(866)) - Leader change notification received for group: group-9D82FB37D1D1 with new leaderId: 77c66afc-fa73-4d89-b59d-9adc22a556cf
2022-01-11 23:55:24,885 [77c66afc-fa73-4d89-b59d-9adc22a556cf@group-9D82FB37D1D1-LeaderElection76] INFO  server.RaftServer$Division (ServerState.java:setLeader(285)) - 77c66afc-fa73-4d89-b59d-9adc22a556cf@group-9D82FB37D1D1: change Leader from null to 77c66afc-fa73-4d89-b59d-9adc22a556cf at term 3 for becomeLeader, leader elected after 15254ms
2022-01-11 23:55:24,885 [77c66afc-fa73-4d89-b59d-9adc22a556cf@group-9D82FB37D1D1-LeaderElection76] INFO  server.RaftServerConfigKeys (ConfUtils.java:logGet(44)) - raft.server.staging.catchup.gap = 1000 (default)
2022-01-11 23:55:24,885 [77c66afc-fa73-4d89-b59d-9adc22a556cf@group-9D82FB37D1D1-LeaderElection76] INFO  server.RaftServerConfigKeys (ConfUtils.java:logGet(44)) - raft.server.write.element-limit = 1024 (custom)
2022-01-11 23:55:24,885 [77c66afc-fa73-4d89-b59d-9adc22a556cf@group-9D82FB37D1D1-LeaderElection76] INFO  server.RaftServerConfigKeys (ConfUtils.java:logGet(44)) - raft.server.write.byte-limit = 1024 M (=1073741824) (custom)
2022-01-11 23:55:24,885 [77c66afc-fa73-4d89-b59d-9adc22a556cf@group-9D82FB37D1D1-LeaderElection76] INFO  server.RaftServerConfigKeys (ConfUtils.java:logGet(44)) - raft.server.watch.timeout = 3000ms (custom)
2022-01-11 23:55:24,885 [77c66afc-fa73-4d89-b59d-9adc22a556cf@group-9D82FB37D1D1-LeaderElection76] INFO  server.RaftServerConfigKeys (ConfUtils.java:logGet(44)) - raft.server.watch.timeout.denomination = 1s (default)
2022-01-11 23:55:24,885 [77c66afc-fa73-4d89-b59d-9adc22a556cf@group-9D82FB37D1D1-LeaderElection76] INFO  server.RaftServerConfigKeys (ConfUtils.java:logGet(44)) - raft.server.watch.element-limit = 65536 (default)
2022-01-11 23:55:24,885 [77c66afc-fa73-4d89-b59d-9adc22a556cf@group-9D82FB37D1D1-LeaderElection76] INFO  server.RaftServerConfigKeys (ConfUtils.java:logGet(44)) - raft.server.write.element-limit = 1024 (custom)
2022-01-11 23:55:24,885 [77c66afc-fa73-4d89-b59d-9adc22a556cf@group-9D82FB37D1D1-LeaderElection76] INFO  server.RaftServerConfigKeys (ConfUtils.java:logGet(44)) - raft.server.write.follower.gap.ratio.max = -1.0 (default)
2022-01-11 23:55:24,885 [77c66afc-fa73-4d89-b59d-9adc22a556cf@group-9D82FB37D1D1-LeaderElection76] INFO  server.RaftServerConfigKeys (ConfUtils.java:logGet(44)) - raft.server.log.appender.snapshot.chunk.size.max = 16MB (=16777216) (default)
2022-01-11 23:55:24,886 [77c66afc-fa73-4d89-b59d-9adc22a556cf@group-9D82FB37D1D1-LeaderElection76] INFO  server.RaftServerConfigKeys (ConfUtils.java:logGet(44)) - raft.server.log.appender.buffer.byte-limit = 33554432 (custom)
2022-01-11 23:55:24,886 [77c66afc-fa73-4d89-b59d-9adc22a556cf@group-9D82FB37D1D1-LeaderElection76] INFO  server.RaftServerConfigKeys (ConfUtils.java:logGet(44)) - raft.server.log.appender.buffer.element-limit = 1 (custom)
2022-01-11 23:55:24,890 [77c66afc-fa73-4d89-b59d-9adc22a556cf@group-9D82FB37D1D1-LeaderElection76] INFO  grpc.GrpcConfigKeys (ConfUtils.java:logGet(44)) - raft.grpc.server.leader.outstanding.appends.max = 128 (default)
2022-01-11 23:55:24,890 [77c66afc-fa73-4d89-b59d-9adc22a556cf@group-9D82FB37D1D1-LeaderElection76] INFO  server.RaftServerConfigKeys (ConfUtils.java:logGet(44)) - raft.server.rpc.request.timeout = 3000ms (default)
2022-01-11 23:55:24,890 [77c66afc-fa73-4d89-b59d-9adc22a556cf@group-9D82FB37D1D1-LeaderElection76] INFO  server.RaftServerConfigKeys (ConfUtils.java:logGet(44)) - raft.server.log.appender.install.snapshot.enabled = false (custom)
2022-01-11 23:55:24,892 [77c66afc-fa73-4d89-b59d-9adc22a556cf@group-9D82FB37D1D1-LeaderElection76] INFO  server.RaftServerConfigKeys (ConfUtils.java:logGet(44)) - raft.server.log.appender.snapshot.chunk.size.max = 16MB (=16777216) (default)
2022-01-11 23:55:24,892 [77c66afc-fa73-4d89-b59d-9adc22a556cf@group-9D82FB37D1D1-LeaderElection76] INFO  server.RaftServerConfigKeys (ConfUtils.java:logGet(44)) - raft.server.log.appender.buffer.byte-limit = 33554432 (custom)
2022-01-11 23:55:24,892 [77c66afc-fa73-4d89-b59d-9adc22a556cf@group-9D82FB37D1D1-LeaderElection76] INFO  server.RaftServerConfigKeys (ConfUtils.java:logGet(44)) - raft.server.log.appender.buffer.element-limit = 1 (custom)
2022-01-11 23:55:24,892 [77c66afc-fa73-4d89-b59d-9adc22a556cf@group-9D82FB37D1D1-LeaderElection76] INFO  grpc.GrpcConfigKeys (ConfUtils.java:logGet(44)) - raft.grpc.server.leader.outstanding.appends.max = 128 (default)
2022-01-11 23:55:24,892 [77c66afc-fa73-4d89-b59d-9adc22a556cf@group-9D82FB37D1D1-LeaderElection76] INFO  server.RaftServerConfigKeys (ConfUtils.java:logGet(44)) - raft.server.rpc.request.timeout = 3000ms (default)
2022-01-11 23:55:24,892 [77c66afc-fa73-4d89-b59d-9adc22a556cf@group-9D82FB37D1D1-LeaderElection76] INFO  server.RaftServerConfigKeys (ConfUtils.java:logGet(44)) - raft.server.log.appender.install.snapshot.enabled = false (custom)
2022-01-11 23:55:24,894 [77c66afc-fa73-4d89-b59d-9adc22a556cf@group-9D82FB37D1D1-LeaderElection76] INFO  impl.RoleInfo (RoleInfo.java:updateAndGet(130)) - 77c66afc-fa73-4d89-b59d-9adc22a556cf: start 77c66afc-fa73-4d89-b59d-9adc22a556cf@group-9D82FB37D1D1-LeaderStateImpl
2022-01-11 23:55:24,894 [77c66afc-fa73-4d89-b59d-9adc22a556cf@group-9D82FB37D1D1-LeaderElection76] INFO  segmented.SegmentedRaftLogWorker (SegmentedRaftLogWorker.java:startLogSegment(394)) - 77c66afc-fa73-4d89-b59d-9adc22a556cf@group-9D82FB37D1D1-SegmentedRaftLogWorker: Starting segment from index:0
2022-01-11 23:55:24,901 [77c66afc-fa73-4d89-b59d-9adc22a556cf@group-9D82FB37D1D1-SegmentedRaftLogWorker] INFO  segmented.SegmentedRaftLogWorker (SegmentedRaftLogWorker.java:execute(601)) - 77c66afc-fa73-4d89-b59d-9adc22a556cf@group-9D82FB37D1D1-SegmentedRaftLogWorker: created new log segment /home/runner/work/ozone/ozone/hadoop-ozone/integration-test/target/test-dir/MiniOzoneClusterImpl-84b3519b-a2d3-47e7-8c84-34506f72c9f7/datanode-3/data/ratis/596ae104-db7c-476c-b93c-9d82fb37d1d1/current/log_inprogress_0
2022-01-11 23:55:24,953 [77c66afc-fa73-4d89-b59d-9adc22a556cf@group-9D82FB37D1D1-LeaderElection76] INFO  server.RaftServer$Division (ServerState.java:setRaftConf(387)) - 77c66afc-fa73-4d89-b59d-9adc22a556cf@group-9D82FB37D1D1: set configuration 0: [2a1c9333-8641-498a-88f2-87bcecbe0d18|rpc:10.1.0.37:38177|dataStream:|priority:0, 757e1abf-caf6-4356-ad73-d786994982ad|rpc:10.1.0.37:41749|dataStream:|priority:0, 77c66afc-fa73-4d89-b59d-9adc22a556cf|rpc:10.1.0.37:40587|dataStream:|priority:1], old=null
2022-01-11 23:55:24,971 [grpc-default-executor-5] WARN  server.GrpcLogAppender (LogUtils.java:warn(122)) - 77c66afc-fa73-4d89-b59d-9adc22a556cf@group-9D82FB37D1D1->757e1abf-caf6-4356-ad73-d786994982ad-AppendLogResponseHandler: Failed appendEntries: org.apache.ratis.thirdparty.io.grpc.StatusRuntimeException: UNAVAILABLE: io exception
2022-01-11 23:55:24,972 [grpc-default-executor-5] WARN  server.GrpcLogAppender (GrpcLogAppender.java:resetClient(110)) - 77c66afc-fa73-4d89-b59d-9adc22a556cf@group-9D82FB37D1D1->757e1abf-caf6-4356-ad73-d786994982ad-GrpcLogAppender: Leader has not got in touch with Follower 77c66afc-fa73-4d89-b59d-9adc22a556cf@group-9D82FB37D1D1->757e1abf-caf6-4356-ad73-d786994982ad(c-1,m0,n1, attendVote=true, lastRpcSendTime=0, lastRpcResponseTime=5287) yet, just keep nextIndex unchanged and retry.
2022-01-11 23:55:24,987 [grpc-default-executor-1] INFO  ratis.XceiverServerRatis (XceiverServerRatis.java:handleLeaderChangedNotification(866)) - Leader change notification received for group: group-9D82FB37D1D1 with new leaderId: 77c66afc-fa73-4d89-b59d-9adc22a556cf
2022-01-11 23:55:24,987 [grpc-default-executor-1] INFO  server.RaftServer$Division (ServerState.java:setLeader(285)) - 2a1c9333-8641-498a-88f2-87bcecbe0d18@group-9D82FB37D1D1: change Leader from null to 77c66afc-fa73-4d89-b59d-9adc22a556cf at term 3 for appendEntries, leader elected after 15540ms
2022-01-11 23:55:25,024 [grpc-default-executor-1] INFO  server.RaftServer$Division (ServerState.java:setRaftConf(387)) - 2a1c9333-8641-498a-88f2-87bcecbe0d18@group-9D82FB37D1D1: set configuration 0: [2a1c9333-8641-498a-88f2-87bcecbe0d18|rpc:10.1.0.37:38177|dataStream:|priority:0, 757e1abf-caf6-4356-ad73-d786994982ad|rpc:10.1.0.37:41749|dataStream:|priority:0, 77c66afc-fa73-4d89-b59d-9adc22a556cf|rpc:10.1.0.37:40587|dataStream:|priority:1], old=null
2022-01-11 23:55:25,024 [grpc-default-executor-1] INFO  segmented.SegmentedRaftLogWorker (SegmentedRaftLogWorker.java:startLogSegment(394)) - 2a1c9333-8641-498a-88f2-87bcecbe0d18@group-9D82FB37D1D1-SegmentedRaftLogWorker: Starting segment from index:0
2022-01-11 23:55:25,054 [2a1c9333-8641-498a-88f2-87bcecbe0d18@group-9D82FB37D1D1-SegmentedRaftLogWorker] INFO  segmented.SegmentedRaftLogWorker (SegmentedRaftLogWorker.java:execute(601)) - 2a1c9333-8641-498a-88f2-87bcecbe0d18@group-9D82FB37D1D1-SegmentedRaftLogWorker: created new log segment /home/runner/work/ozone/ozone/hadoop-ozone/integration-test/target/test-dir/MiniOzoneClusterImpl-84b3519b-a2d3-47e7-8c84-34506f72c9f7/datanode-5/data/ratis/596ae104-db7c-476c-b93c-9d82fb37d1d1/current/log_inprogress_0
2022-01-11 23:55:25,267 [2a1c9333-8641-498a-88f2-87bcecbe0d18@group-1E23594CE36A-FollowerState] INFO  impl.FollowerState (FollowerState.java:run(134)) - 2a1c9333-8641-498a-88f2-87bcecbe0d18@group-1E23594CE36A-FollowerState: change to CANDIDATE, lastRpcElapsedTime:5032529929ns, electionTimeout:5017ms
2022-01-11 23:55:25,267 [2a1c9333-8641-498a-88f2-87bcecbe0d18@group-1E23594CE36A-FollowerState] INFO  impl.RoleInfo (RoleInfo.java:shutdownFollowerState(108)) - 2a1c9333-8641-498a-88f2-87bcecbe0d18: shutdown 2a1c9333-8641-498a-88f2-87bcecbe0d18@group-1E23594CE36A-FollowerState
2022-01-11 23:55:25,267 [2a1c9333-8641-498a-88f2-87bcecbe0d18@group-1E23594CE36A-FollowerState] INFO  server.RaftServer$Division (RaftServerImpl.java:setRole(290)) - 2a1c9333-8641-498a-88f2-87bcecbe0d18@group-1E23594CE36A: changes role from  FOLLOWER to CANDIDATE at term 2 for changeToCandidate
2022-01-11 23:55:25,267 [2a1c9333-8641-498a-88f2-87bcecbe0d18@group-1E23594CE36A-FollowerState] INFO  server.RaftServerConfigKeys (ConfUtils.java:logGet(44)) - raft.server.leaderelection.pre-vote = false (custom)
2022-01-11 23:55:25,267 [2a1c9333-8641-498a-88f2-87bcecbe0d18@group-1E23594CE36A-FollowerState] INFO  impl.RoleInfo (RoleInfo.java:updateAndGet(130)) - 2a1c9333-8641-498a-88f2-87bcecbe0d18: start 2a1c9333-8641-498a-88f2-87bcecbe0d18@group-1E23594CE36A-LeaderElection77
2022-01-11 23:55:25,276 [2a1c9333-8641-498a-88f2-87bcecbe0d18@group-1E23594CE36A-LeaderElection77] INFO  impl.LeaderElection (LeaderElection.java:askForVotes(306)) - 2a1c9333-8641-498a-88f2-87bcecbe0d18@group-1E23594CE36A-LeaderElection77 ELECTION round 0: submit vote requests at term 3 for -1: [2a1c9333-8641-498a-88f2-87bcecbe0d18|rpc:10.1.0.37:38177|priority:0, 6b666312-5236-4d63-85d6-3705eb3fb30b|rpc:10.1.0.37:38271|priority:1, 757e1abf-caf6-4356-ad73-d786994982ad|rpc:10.1.0.37:41749|priority:0], old=null
2022-01-11 23:55:25,297 [grpc-default-executor-1] INFO  server.RaftServer$Division (RaftServerImpl.java:requestVote(1046)) - 6b666312-5236-4d63-85d6-3705eb3fb30b@group-1E23594CE36A: receive requestVote(ELECTION, 2a1c9333-8641-498a-88f2-87bcecbe0d18, group-1E23594CE36A, 3, (t:0, i:0))
2022-01-11 23:55:25,297 [grpc-default-executor-1] INFO  impl.VoteContext (VoteContext.java:log(48)) - 6b666312-5236-4d63-85d6-3705eb3fb30b@group-1E23594CE36A-FOLLOWER: reject ELECTION from 2a1c9333-8641-498a-88f2-87bcecbe0d18: our priority 1 > candidate's priority 0
2022-01-11 23:55:25,297 [grpc-default-executor-1] INFO  server.RaftServer$Division (RaftServerImpl.java:setRole(290)) - 6b666312-5236-4d63-85d6-3705eb3fb30b@group-1E23594CE36A: changes role from  FOLLOWER to FOLLOWER at term 3 for candidate:2a1c9333-8641-498a-88f2-87bcecbe0d18
2022-01-11 23:55:25,297 [grpc-default-executor-1] INFO  impl.RoleInfo (RoleInfo.java:shutdownFollowerState(108)) - 6b666312-5236-4d63-85d6-3705eb3fb30b: shutdown 6b666312-5236-4d63-85d6-3705eb3fb30b@group-1E23594CE36A-FollowerState
2022-01-11 23:55:25,301 [grpc-default-executor-1] INFO  impl.RoleInfo (RoleInfo.java:updateAndGet(130)) - 6b666312-5236-4d63-85d6-3705eb3fb30b: start 6b666312-5236-4d63-85d6-3705eb3fb30b@group-1E23594CE36A-FollowerState
2022-01-11 23:55:25,301 [6b666312-5236-4d63-85d6-3705eb3fb30b@group-1E23594CE36A-FollowerState] INFO  impl.FollowerState (FollowerState.java:run(143)) - 6b666312-5236-4d63-85d6-3705eb3fb30b@group-1E23594CE36A-FollowerState was interrupted: {}
java.lang.InterruptedException: sleep interrupted
	at java.lang.Thread.sleep(Native Method)
	at java.lang.Thread.sleep(Thread.java:340)
	at java.util.concurrent.TimeUnit.sleep(TimeUnit.java:386)
	at org.apache.ratis.util.TimeDuration.sleep(TimeDuration.java:324)
	at org.apache.ratis.util.TimeDuration.sleep(TimeDuration.java:309)
	at org.apache.ratis.server.impl.FollowerState.run(FollowerState.java:118)
2022-01-11 23:55:25,330 [Listener at 127.0.0.1/46043] INFO  ozoneimpl.OzoneContainer (OzoneContainer.java:stop(336)) - Attempting to stop container services.
2022-01-11 23:55:25,330 [Listener at 127.0.0.1/46043] INFO  server.RaftServer (RaftServerProxy.java:lambda$close$6(391)) - 8eedcce2-fa83-40f2-8f3f-8ae88d3f9c27: close
2022-01-11 23:55:25,331 [2a1c9333-8641-498a-88f2-87bcecbe0d18@group-1E23594CE36A-LeaderElection77] INFO  impl.LeaderElection (LogUtils.java:infoOrTrace(137)) - 2a1c9333-8641-498a-88f2-87bcecbe0d18@group-1E23594CE36A-LeaderElection77 got exception when requesting votes: java.util.concurrent.ExecutionException: org.apache.ratis.thirdparty.io.grpc.StatusRuntimeException: UNAVAILABLE: io exception
2022-01-11 23:55:25,331 [Listener at 127.0.0.1/46043] INFO  server.RaftServer$Division (RaftServerImpl.java:lambda$close$4(412)) - 8eedcce2-fa83-40f2-8f3f-8ae88d3f9c27@group-2B542484AF5F: shutdown
2022-01-11 23:55:25,331 [Listener at 127.0.0.1/46043] INFO  util.JmxRegister (JmxRegister.java:unregister(73)) - Successfully un-registered JMX Bean with object name Ratis:service=RaftServer,group=group-2B542484AF5F,id=8eedcce2-fa83-40f2-8f3f-8ae88d3f9c27
2022-01-11 23:55:25,331 [Listener at 127.0.0.1/46043] INFO  impl.RoleInfo (RoleInfo.java:shutdownLeaderState(91)) - 8eedcce2-fa83-40f2-8f3f-8ae88d3f9c27: shutdown 8eedcce2-fa83-40f2-8f3f-8ae88d3f9c27@group-2B542484AF5F-LeaderStateImpl
2022-01-11 23:55:25,331 [Listener at 127.0.0.1/46043] INFO  impl.PendingRequests (PendingRequests.java:sendNotLeaderResponses(282)) - 8eedcce2-fa83-40f2-8f3f-8ae88d3f9c27@group-2B542484AF5F-PendingRequests: sendNotLeaderResponses
2022-01-11 23:55:25,332 [Listener at 127.0.0.1/46043] INFO  impl.StateMachineUpdater (StateMachineUpdater.java:stopAndJoin(149)) - 8eedcce2-fa83-40f2-8f3f-8ae88d3f9c27@group-2B542484AF5F-StateMachineUpdater: set stopIndex = 0
2022-01-11 23:55:25,332 [grpc-default-executor-5] WARN  server.GrpcLogAppender (LogUtils.java:warn(122)) - 77c66afc-fa73-4d89-b59d-9adc22a556cf@group-B7EECE8F9241->757e1abf-caf6-4356-ad73-d786994982ad-AppendLogResponseHandler: Failed appendEntries: org.apache.ratis.thirdparty.io.grpc.StatusRuntimeException: UNAVAILABLE: io exception
2022-01-11 23:55:25,332 [grpc-default-executor-5] WARN  server.GrpcLogAppender (GrpcLogAppender.java:resetClient(110)) - 77c66afc-fa73-4d89-b59d-9adc22a556cf@group-B7EECE8F9241->757e1abf-caf6-4356-ad73-d786994982ad-GrpcLogAppender: Leader has not got in touch with Follower 77c66afc-fa73-4d89-b59d-9adc22a556cf@group-B7EECE8F9241->757e1abf-caf6-4356-ad73-d786994982ad(c-1,m0,n1, attendVote=true, lastRpcSendTime=1, lastRpcResponseTime=15322) yet, just keep nextIndex unchanged and retry.
2022-01-11 23:55:25,333 [8eedcce2-fa83-40f2-8f3f-8ae88d3f9c27@group-2B542484AF5F->c2004f48-6b55-488b-a4f3-a933c544d5d2-GrpcLogAppender-LogAppenderDaemon] WARN  server.GrpcLogAppender (GrpcLogAppender.java:mayWait(177)) - 8eedcce2-fa83-40f2-8f3f-8ae88d3f9c27@group-2B542484AF5F->c2004f48-6b55-488b-a4f3-a933c544d5d2-GrpcLogAppender: Wait interrupted by java.lang.InterruptedException
2022-01-11 23:55:25,333 [8eedcce2-fa83-40f2-8f3f-8ae88d3f9c27@group-2B542484AF5F-StateMachineUpdater] INFO  ratis.ContainerStateMachine (ContainerStateMachine.java:takeSnapshot(299)) - group-2B542484AF5F: Taking a snapshot at:(t:1, i:0) file /home/runner/work/ozone/ozone/hadoop-ozone/integration-test/target/test-dir/MiniOzoneClusterImpl-84b3519b-a2d3-47e7-8c84-34506f72c9f7/datanode-0/data/ratis/990fb063-1c16-4a81-9120-2b542484af5f/sm/snapshot.1_0
2022-01-11 23:55:25,333 [grpc-default-executor-2] INFO  server.GrpcServerProtocolService (GrpcServerProtocolService.java:onCompleted(140)) - c2004f48-6b55-488b-a4f3-a933c544d5d2: Completed APPEND_ENTRIES, lastRequest: 8eedcce2-fa83-40f2-8f3f-8ae88d3f9c27->c2004f48-6b55-488b-a4f3-a933c544d5d2#1-t1,previous=(t:0, i:0),leaderCommit=0,initializing? true,entries: size=1, first=(t:1, i:0), CONFIGURATIONENTRY
2022-01-11 23:55:25,334 [grpc-default-executor-1] INFO  server.RaftServer$Division (RaftServerImpl.java:requestVote(1078)) - 6b666312-5236-4d63-85d6-3705eb3fb30b@group-1E23594CE36A replies to ELECTION vote request: 2a1c9333-8641-498a-88f2-87bcecbe0d18<-6b666312-5236-4d63-85d6-3705eb3fb30b#0:FAIL-t3. Peer's state: 6b666312-5236-4d63-85d6-3705eb3fb30b@group-1E23594CE36A:t3, leader=null, voted=null, raftlog=6b666312-5236-4d63-85d6-3705eb3fb30b@group-1E23594CE36A-SegmentedRaftLog:OPENED:c-1, conf=-1: [2a1c9333-8641-498a-88f2-87bcecbe0d18|rpc:10.1.0.37:38177|dataStream:|priority:0, 6b666312-5236-4d63-85d6-3705eb3fb30b|rpc:10.1.0.37:38271|dataStream:|priority:1, 757e1abf-caf6-4356-ad73-d786994982ad|rpc:10.1.0.37:41749|dataStream:|priority:0], old=null
2022-01-11 23:55:25,334 [grpc-default-executor-2] INFO  server.GrpcLogAppender (GrpcLogAppender.java:onCompleted(346)) - 8eedcce2-fa83-40f2-8f3f-8ae88d3f9c27@group-2B542484AF5F->c2004f48-6b55-488b-a4f3-a933c544d5d2-AppendLogResponseHandler: follower responses appendEntries COMPLETED
2022-01-11 23:55:25,335 [grpc-default-executor-2] INFO  leader.FollowerInfo (FollowerInfoImpl.java:lambda$new$0(47)) - 8eedcce2-fa83-40f2-8f3f-8ae88d3f9c27@group-2B542484AF5F->c2004f48-6b55-488b-a4f3-a933c544d5d2: nextIndex: updateUnconditionally 1 -> 0
2022-01-11 23:55:25,335 [2a1c9333-8641-498a-88f2-87bcecbe0d18@group-1E23594CE36A-LeaderElection77] INFO  impl.LeaderElection (LeaderElection.java:logAndReturn(89)) - 2a1c9333-8641-498a-88f2-87bcecbe0d18@group-1E23594CE36A-LeaderElection77: ELECTION REJECTED received 1 response(s) and 1 exception(s):
2022-01-11 23:55:25,335 [2a1c9333-8641-498a-88f2-87bcecbe0d18@group-1E23594CE36A-LeaderElection77] INFO  impl.LeaderElection (LeaderElection.java:logAndReturn(93)) -   Response 0: 2a1c9333-8641-498a-88f2-87bcecbe0d18<-6b666312-5236-4d63-85d6-3705eb3fb30b#0:FAIL-t3
2022-01-11 23:55:25,335 [2a1c9333-8641-498a-88f2-87bcecbe0d18@group-1E23594CE36A-LeaderElection77] INFO  impl.LeaderElection (LogUtils.java:infoOrTrace(137)) -   Exception 1: java.util.concurrent.ExecutionException: org.apache.ratis.thirdparty.io.grpc.StatusRuntimeException: UNAVAILABLE: io exception
2022-01-11 23:55:25,335 [2a1c9333-8641-498a-88f2-87bcecbe0d18@group-1E23594CE36A-LeaderElection77] INFO  impl.LeaderElection (LeaderElection.java:askForVotes(308)) - 2a1c9333-8641-498a-88f2-87bcecbe0d18@group-1E23594CE36A-LeaderElection77 ELECTION round 0: result REJECTED
2022-01-11 23:55:25,335 [2a1c9333-8641-498a-88f2-87bcecbe0d18@group-1E23594CE36A-LeaderElection77] INFO  server.RaftServer$Division (RaftServerImpl.java:setRole(290)) - 2a1c9333-8641-498a-88f2-87bcecbe0d18@group-1E23594CE36A: changes role from CANDIDATE to FOLLOWER at term 3 for REJECTED
2022-01-11 23:55:25,335 [2a1c9333-8641-498a-88f2-87bcecbe0d18@group-1E23594CE36A-LeaderElection77] INFO  impl.RoleInfo (RoleInfo.java:shutdownLeaderElection(121)) - 2a1c9333-8641-498a-88f2-87bcecbe0d18: shutdown 2a1c9333-8641-498a-88f2-87bcecbe0d18@group-1E23594CE36A-LeaderElection77
2022-01-11 23:55:25,335 [2a1c9333-8641-498a-88f2-87bcecbe0d18@group-1E23594CE36A-LeaderElection77] INFO  impl.RoleInfo (RoleInfo.java:updateAndGet(130)) - 2a1c9333-8641-498a-88f2-87bcecbe0d18: start 2a1c9333-8641-498a-88f2-87bcecbe0d18@group-1E23594CE36A-FollowerState
2022-01-11 23:55:25,335 [8eedcce2-fa83-40f2-8f3f-8ae88d3f9c27@group-2B542484AF5F-StateMachineUpdater] INFO  ratis.ContainerStateMachine (ContainerStateMachine.java:takeSnapshot(310)) - group-2B542484AF5F: Finished taking a snapshot at:(t:1, i:0) file:/home/runner/work/ozone/ozone/hadoop-ozone/integration-test/target/test-dir/MiniOzoneClusterImpl-84b3519b-a2d3-47e7-8c84-34506f72c9f7/datanode-0/data/ratis/990fb063-1c16-4a81-9120-2b542484af5f/sm/snapshot.1_0 took: 2 ms
2022-01-11 23:55:25,335 [8eedcce2-fa83-40f2-8f3f-8ae88d3f9c27@group-2B542484AF5F-StateMachineUpdater] INFO  impl.StateMachineUpdater (StateMachineUpdater.java:takeSnapshot(281)) - 8eedcce2-fa83-40f2-8f3f-8ae88d3f9c27@group-2B542484AF5F-StateMachineUpdater: Took a snapshot at index 0
2022-01-11 23:55:25,336 [8eedcce2-fa83-40f2-8f3f-8ae88d3f9c27@group-2B542484AF5F-StateMachineUpdater] INFO  impl.StateMachineUpdater (StateMachineUpdater.java:lambda$new$0(89)) - 8eedcce2-fa83-40f2-8f3f-8ae88d3f9c27@group-2B542484AF5F-StateMachineUpdater: snapshotIndex: updateIncreasingly -1 -> 0
2022-01-11 23:55:25,337 [Listener at 127.0.0.1/46043] INFO  server.RaftServer$Division (ServerState.java:close(419)) - 8eedcce2-fa83-40f2-8f3f-8ae88d3f9c27@group-2B542484AF5F: closes. applyIndex: 0
2022-01-11 23:55:25,349 [8eedcce2-fa83-40f2-8f3f-8ae88d3f9c27@group-2B542484AF5F-SegmentedRaftLogWorker] INFO  segmented.SegmentedRaftLogWorker (SegmentedRaftLogWorker.java:run(327)) - 8eedcce2-fa83-40f2-8f3f-8ae88d3f9c27@group-2B542484AF5F-SegmentedRaftLogWorker was interrupted, exiting. There are 0 tasks remaining in the queue.
2022-01-11 23:55:25,349 [Listener at 127.0.0.1/46043] INFO  segmented.SegmentedRaftLogWorker (SegmentedRaftLogWorker.java:close(237)) - 8eedcce2-fa83-40f2-8f3f-8ae88d3f9c27@group-2B542484AF5F-SegmentedRaftLogWorker close()
2022-01-11 23:55:25,349 [Listener at 127.0.0.1/46043] INFO  server.RaftServer$Division (RaftServerImpl.java:lambda$close$4(412)) - 8eedcce2-fa83-40f2-8f3f-8ae88d3f9c27@group-D0E897EC1444: shutdown
2022-01-11 23:55:25,349 [Listener at 127.0.0.1/46043] INFO  util.JmxRegister (JmxRegister.java:unregister(73)) - Successfully un-registered JMX Bean with object name Ratis:service=RaftServer,group=group-D0E897EC1444,id=8eedcce2-fa83-40f2-8f3f-8ae88d3f9c27
2022-01-11 23:55:25,350 [Listener at 127.0.0.1/46043] INFO  impl.RoleInfo (RoleInfo.java:shutdownLeaderState(91)) - 8eedcce2-fa83-40f2-8f3f-8ae88d3f9c27: shutdown 8eedcce2-fa83-40f2-8f3f-8ae88d3f9c27@group-D0E897EC1444-LeaderStateImpl
2022-01-11 23:55:25,350 [Listener at 127.0.0.1/46043] INFO  impl.PendingRequests (PendingRequests.java:sendNotLeaderResponses(282)) - 8eedcce2-fa83-40f2-8f3f-8ae88d3f9c27@group-D0E897EC1444-PendingRequests: sendNotLeaderResponses
2022-01-11 23:55:25,354 [8eedcce2-fa83-40f2-8f3f-8ae88d3f9c27@group-D0E897EC1444->c2004f48-6b55-488b-a4f3-a933c544d5d2-GrpcLogAppender-LogAppenderDaemon] WARN  server.GrpcLogAppender (GrpcLogAppender.java:mayWait(177)) - 8eedcce2-fa83-40f2-8f3f-8ae88d3f9c27@group-D0E897EC1444->c2004f48-6b55-488b-a4f3-a933c544d5d2-GrpcLogAppender: Wait interrupted by java.lang.InterruptedException
2022-01-11 23:55:25,355 [grpc-default-executor-1] INFO  server.GrpcServerProtocolService (GrpcServerProtocolService.java:onCompleted(140)) - c2004f48-6b55-488b-a4f3-a933c544d5d2: Completed APPEND_ENTRIES, lastRequest: 8eedcce2-fa83-40f2-8f3f-8ae88d3f9c27->c2004f48-6b55-488b-a4f3-a933c544d5d2#2-t4,previous=(t:4, i:1),leaderCommit=1,initializing? true,entries: size=1, first=(t:4, i:2), METADATAENTRY(c:1)
2022-01-11 23:55:25,355 [Listener at 127.0.0.1/46043] INFO  impl.StateMachineUpdater (StateMachineUpdater.java:stopAndJoin(149)) - 8eedcce2-fa83-40f2-8f3f-8ae88d3f9c27@group-D0E897EC1444-StateMachineUpdater: set stopIndex = 2
2022-01-11 23:55:25,355 [8eedcce2-fa83-40f2-8f3f-8ae88d3f9c27@group-D0E897EC1444-StateMachineUpdater] INFO  ratis.ContainerStateMachine (ContainerStateMachine.java:takeSnapshot(299)) - group-D0E897EC1444: Taking a snapshot at:(t:4, i:2) file /home/runner/work/ozone/ozone/hadoop-ozone/integration-test/target/test-dir/MiniOzoneClusterImpl-84b3519b-a2d3-47e7-8c84-34506f72c9f7/datanode-0/data/ratis/45053eb7-d090-43ed-ae9a-d0e897ec1444/sm/snapshot.4_2
2022-01-11 23:55:25,355 [grpc-default-executor-2] INFO  server.GrpcLogAppender (GrpcLogAppender.java:onCompleted(346)) - 8eedcce2-fa83-40f2-8f3f-8ae88d3f9c27@group-D0E897EC1444->c2004f48-6b55-488b-a4f3-a933c544d5d2-AppendLogResponseHandler: follower responses appendEntries COMPLETED
2022-01-11 23:55:25,355 [grpc-default-executor-2] INFO  leader.FollowerInfo (FollowerInfoImpl.java:lambda$new$0(47)) - 8eedcce2-fa83-40f2-8f3f-8ae88d3f9c27@group-D0E897EC1444->c2004f48-6b55-488b-a4f3-a933c544d5d2: nextIndex: updateUnconditionally 3 -> 2
2022-01-11 23:55:25,361 [8eedcce2-fa83-40f2-8f3f-8ae88d3f9c27@group-D0E897EC1444-StateMachineUpdater] INFO  ratis.ContainerStateMachine (ContainerStateMachine.java:takeSnapshot(310)) - group-D0E897EC1444: Finished taking a snapshot at:(t:4, i:2) file:/home/runner/work/ozone/ozone/hadoop-ozone/integration-test/target/test-dir/MiniOzoneClusterImpl-84b3519b-a2d3-47e7-8c84-34506f72c9f7/datanode-0/data/ratis/45053eb7-d090-43ed-ae9a-d0e897ec1444/sm/snapshot.4_2 took: 6 ms
2022-01-11 23:55:25,361 [8eedcce2-fa83-40f2-8f3f-8ae88d3f9c27@group-D0E897EC1444-StateMachineUpdater] INFO  impl.StateMachineUpdater (StateMachineUpdater.java:takeSnapshot(281)) - 8eedcce2-fa83-40f2-8f3f-8ae88d3f9c27@group-D0E897EC1444-StateMachineUpdater: Took a snapshot at index 2
2022-01-11 23:55:25,361 [8eedcce2-fa83-40f2-8f3f-8ae88d3f9c27@group-D0E897EC1444-StateMachineUpdater] INFO  impl.StateMachineUpdater (StateMachineUpdater.java:lambda$new$0(89)) - 8eedcce2-fa83-40f2-8f3f-8ae88d3f9c27@group-D0E897EC1444-StateMachineUpdater: snapshotIndex: updateIncreasingly -1 -> 2
2022-01-11 23:55:25,361 [Listener at 127.0.0.1/46043] INFO  server.RaftServer$Division (ServerState.java:close(419)) - 8eedcce2-fa83-40f2-8f3f-8ae88d3f9c27@group-D0E897EC1444: closes. applyIndex: 2
2022-01-11 23:55:25,381 [8eedcce2-fa83-40f2-8f3f-8ae88d3f9c27@group-D0E897EC1444-SegmentedRaftLogWorker] INFO  segmented.SegmentedRaftLogWorker (SegmentedRaftLogWorker.java:run(327)) - 8eedcce2-fa83-40f2-8f3f-8ae88d3f9c27@group-D0E897EC1444-SegmentedRaftLogWorker was interrupted, exiting. There are 0 tasks remaining in the queue.
2022-01-11 23:55:25,385 [Listener at 127.0.0.1/46043] INFO  segmented.SegmentedRaftLogWorker (SegmentedRaftLogWorker.java:close(237)) - 8eedcce2-fa83-40f2-8f3f-8ae88d3f9c27@group-D0E897EC1444-SegmentedRaftLogWorker close()
2022-01-11 23:55:25,386 [Listener at 127.0.0.1/46043] INFO  server.RaftServer$Division (RaftServerImpl.java:lambda$close$4(412)) - 8eedcce2-fa83-40f2-8f3f-8ae88d3f9c27@group-2A363A5CF540: shutdown
2022-01-11 23:55:25,386 [Listener at 127.0.0.1/46043] INFO  util.JmxRegister (JmxRegister.java:unregister(73)) - Successfully un-registered JMX Bean with object name Ratis:service=RaftServer,group=group-2A363A5CF540,id=8eedcce2-fa83-40f2-8f3f-8ae88d3f9c27
2022-01-11 23:55:25,386 [Listener at 127.0.0.1/46043] INFO  impl.RoleInfo (RoleInfo.java:shutdownFollowerState(108)) - 8eedcce2-fa83-40f2-8f3f-8ae88d3f9c27: shutdown 8eedcce2-fa83-40f2-8f3f-8ae88d3f9c27@group-2A363A5CF540-FollowerState
2022-01-11 23:55:25,386 [Listener at 127.0.0.1/46043] INFO  impl.StateMachineUpdater (StateMachineUpdater.java:stopAndJoin(149)) - 8eedcce2-fa83-40f2-8f3f-8ae88d3f9c27@group-2A363A5CF540-StateMachineUpdater: set stopIndex = 0
2022-01-11 23:55:25,386 [8eedcce2-fa83-40f2-8f3f-8ae88d3f9c27@group-2A363A5CF540-StateMachineUpdater] INFO  ratis.ContainerStateMachine (ContainerStateMachine.java:takeSnapshot(299)) - group-2A363A5CF540: Taking a snapshot at:(t:3, i:0) file /home/runner/work/ozone/ozone/hadoop-ozone/integration-test/target/test-dir/MiniOzoneClusterImpl-84b3519b-a2d3-47e7-8c84-34506f72c9f7/datanode-0/data/ratis/9f8526f1-ada7-46fb-8b6a-2a363a5cf540/sm/snapshot.3_0
2022-01-11 23:55:25,386 [8eedcce2-fa83-40f2-8f3f-8ae88d3f9c27@group-2A363A5CF540-FollowerState] INFO  impl.FollowerState (FollowerState.java:run(143)) - 8eedcce2-fa83-40f2-8f3f-8ae88d3f9c27@group-2A363A5CF540-FollowerState was interrupted: {}
java.lang.InterruptedException: sleep interrupted
	at java.lang.Thread.sleep(Native Method)
	at java.lang.Thread.sleep(Thread.java:340)
	at java.util.concurrent.TimeUnit.sleep(TimeUnit.java:386)
	at org.apache.ratis.util.TimeDuration.sleep(TimeDuration.java:324)
	at org.apache.ratis.util.TimeDuration.sleep(TimeDuration.java:309)
	at org.apache.ratis.server.impl.FollowerState.run(FollowerState.java:118)
2022-01-11 23:55:25,387 [8eedcce2-fa83-40f2-8f3f-8ae88d3f9c27@group-2A363A5CF540-StateMachineUpdater] INFO  ratis.ContainerStateMachine (ContainerStateMachine.java:takeSnapshot(310)) - group-2A363A5CF540: Finished taking a snapshot at:(t:3, i:0) file:/home/runner/work/ozone/ozone/hadoop-ozone/integration-test/target/test-dir/MiniOzoneClusterImpl-84b3519b-a2d3-47e7-8c84-34506f72c9f7/datanode-0/data/ratis/9f8526f1-ada7-46fb-8b6a-2a363a5cf540/sm/snapshot.3_0 took: 1 ms
2022-01-11 23:55:25,387 [8eedcce2-fa83-40f2-8f3f-8ae88d3f9c27@group-2A363A5CF540-StateMachineUpdater] INFO  impl.StateMachineUpdater (StateMachineUpdater.java:takeSnapshot(281)) - 8eedcce2-fa83-40f2-8f3f-8ae88d3f9c27@group-2A363A5CF540-StateMachineUpdater: Took a snapshot at index 0
2022-01-11 23:55:25,387 [8eedcce2-fa83-40f2-8f3f-8ae88d3f9c27@group-2A363A5CF540-StateMachineUpdater] INFO  impl.StateMachineUpdater (StateMachineUpdater.java:lambda$new$0(89)) - 8eedcce2-fa83-40f2-8f3f-8ae88d3f9c27@group-2A363A5CF540-StateMachineUpdater: snapshotIndex: updateIncreasingly -1 -> 0
2022-01-11 23:55:25,387 [Listener at 127.0.0.1/46043] INFO  server.RaftServer$Division (ServerState.java:close(419)) - 8eedcce2-fa83-40f2-8f3f-8ae88d3f9c27@group-2A363A5CF540: closes. applyIndex: 0
2022-01-11 23:55:25,387 [8eedcce2-fa83-40f2-8f3f-8ae88d3f9c27@group-2A363A5CF540-SegmentedRaftLogWorker] INFO  segmented.SegmentedRaftLogWorker (SegmentedRaftLogWorker.java:run(327)) - 8eedcce2-fa83-40f2-8f3f-8ae88d3f9c27@group-2A363A5CF540-SegmentedRaftLogWorker was interrupted, exiting. There are 0 tasks remaining in the queue.
2022-01-11 23:55:25,388 [Listener at 127.0.0.1/46043] INFO  segmented.SegmentedRaftLogWorker (SegmentedRaftLogWorker.java:close(237)) - 8eedcce2-fa83-40f2-8f3f-8ae88d3f9c27@group-2A363A5CF540-SegmentedRaftLogWorker close()
2022-01-11 23:55:25,388 [Listener at 127.0.0.1/46043] INFO  server.RaftServer$Division (RaftServerImpl.java:lambda$close$4(412)) - 8eedcce2-fa83-40f2-8f3f-8ae88d3f9c27@group-47FAC33CDF13: shutdown
2022-01-11 23:55:25,388 [Listener at 127.0.0.1/46043] INFO  util.JmxRegister (JmxRegister.java:unregister(73)) - Successfully un-registered JMX Bean with object name Ratis:service=RaftServer,group=group-47FAC33CDF13,id=8eedcce2-fa83-40f2-8f3f-8ae88d3f9c27
2022-01-11 23:55:25,388 [Listener at 127.0.0.1/46043] INFO  impl.RoleInfo (RoleInfo.java:shutdownLeaderState(91)) - 8eedcce2-fa83-40f2-8f3f-8ae88d3f9c27: shutdown 8eedcce2-fa83-40f2-8f3f-8ae88d3f9c27@group-47FAC33CDF13-LeaderStateImpl
2022-01-11 23:55:25,388 [Listener at 127.0.0.1/46043] INFO  impl.PendingRequests (PendingRequests.java:sendNotLeaderResponses(282)) - 8eedcce2-fa83-40f2-8f3f-8ae88d3f9c27@group-47FAC33CDF13-PendingRequests: sendNotLeaderResponses
2022-01-11 23:55:25,389 [8eedcce2-fa83-40f2-8f3f-8ae88d3f9c27@group-47FAC33CDF13-StateMachineUpdater] INFO  ratis.ContainerStateMachine (ContainerStateMachine.java:takeSnapshot(299)) - group-47FAC33CDF13: Taking a snapshot at:(t:1, i:0) file /home/runner/work/ozone/ozone/hadoop-ozone/integration-test/target/test-dir/MiniOzoneClusterImpl-84b3519b-a2d3-47e7-8c84-34506f72c9f7/datanode-0/data/ratis/f68214f8-198a-4fd3-b36f-47fac33cdf13/sm/snapshot.1_0
2022-01-11 23:55:25,389 [Listener at 127.0.0.1/46043] INFO  impl.StateMachineUpdater (StateMachineUpdater.java:stopAndJoin(149)) - 8eedcce2-fa83-40f2-8f3f-8ae88d3f9c27@group-47FAC33CDF13-StateMachineUpdater: set stopIndex = 0
2022-01-11 23:55:25,390 [8eedcce2-fa83-40f2-8f3f-8ae88d3f9c27@group-47FAC33CDF13-StateMachineUpdater] INFO  ratis.ContainerStateMachine (ContainerStateMachine.java:takeSnapshot(310)) - group-47FAC33CDF13: Finished taking a snapshot at:(t:1, i:0) file:/home/runner/work/ozone/ozone/hadoop-ozone/integration-test/target/test-dir/MiniOzoneClusterImpl-84b3519b-a2d3-47e7-8c84-34506f72c9f7/datanode-0/data/ratis/f68214f8-198a-4fd3-b36f-47fac33cdf13/sm/snapshot.1_0 took: 1 ms
2022-01-11 23:55:25,390 [8eedcce2-fa83-40f2-8f3f-8ae88d3f9c27@group-47FAC33CDF13-StateMachineUpdater] INFO  impl.StateMachineUpdater (StateMachineUpdater.java:takeSnapshot(281)) - 8eedcce2-fa83-40f2-8f3f-8ae88d3f9c27@group-47FAC33CDF13-StateMachineUpdater: Took a snapshot at index 0
2022-01-11 23:55:25,390 [8eedcce2-fa83-40f2-8f3f-8ae88d3f9c27@group-47FAC33CDF13-StateMachineUpdater] INFO  impl.StateMachineUpdater (StateMachineUpdater.java:lambda$new$0(89)) - 8eedcce2-fa83-40f2-8f3f-8ae88d3f9c27@group-47FAC33CDF13-StateMachineUpdater: snapshotIndex: updateIncreasingly -1 -> 0
2022-01-11 23:55:25,390 [Listener at 127.0.0.1/46043] INFO  server.RaftServer$Division (ServerState.java:close(419)) - 8eedcce2-fa83-40f2-8f3f-8ae88d3f9c27@group-47FAC33CDF13: closes. applyIndex: 0
2022-01-11 23:55:25,390 [8eedcce2-fa83-40f2-8f3f-8ae88d3f9c27@group-47FAC33CDF13-SegmentedRaftLogWorker] INFO  segmented.SegmentedRaftLogWorker (SegmentedRaftLogWorker.java:run(327)) - 8eedcce2-fa83-40f2-8f3f-8ae88d3f9c27@group-47FAC33CDF13-SegmentedRaftLogWorker was interrupted, exiting. There are 0 tasks remaining in the queue.
2022-01-11 23:55:25,391 [Listener at 127.0.0.1/46043] INFO  segmented.SegmentedRaftLogWorker (SegmentedRaftLogWorker.java:close(237)) - 8eedcce2-fa83-40f2-8f3f-8ae88d3f9c27@group-47FAC33CDF13-SegmentedRaftLogWorker close()
2022-01-11 23:55:25,391 [Listener at 127.0.0.1/46043] INFO  server.GrpcService (GrpcService.java:closeImpl(262)) - 8eedcce2-fa83-40f2-8f3f-8ae88d3f9c27: shutdown server with port 39561 now
2022-01-11 23:55:25,393 [grpc-default-executor-2] WARN  server.GrpcServerProtocolService (LogUtils.java:warn(122)) - 8eedcce2-fa83-40f2-8f3f-8ae88d3f9c27: installSnapshot onError, lastRequest: c2004f48-6b55-488b-a4f3-a933c544d5d2->8eedcce2-fa83-40f2-8f3f-8ae88d3f9c27#1-t3,previous=(t:0, i:0),leaderCommit=-1,initializing? true,entries: size=1, first=(t:3, i:0), CONFIGURATIONENTRY: org.apache.ratis.thirdparty.io.grpc.StatusRuntimeException: CANCELLED: client cancelled
2022-01-11 23:55:25,394 [grpc-default-executor-1] WARN  server.GrpcLogAppender (LogUtils.java:warn(122)) - c2004f48-6b55-488b-a4f3-a933c544d5d2@group-2A363A5CF540->8eedcce2-fa83-40f2-8f3f-8ae88d3f9c27-AppendLogResponseHandler: Failed appendEntries: org.apache.ratis.thirdparty.io.grpc.StatusRuntimeException: CANCELLED: HTTP/2 error code: CANCEL
Received Rst Stream
2022-01-11 23:55:25,394 [grpc-default-executor-1] WARN  server.GrpcLogAppender (GrpcLogAppender.java:resetClient(110)) - c2004f48-6b55-488b-a4f3-a933c544d5d2@group-2A363A5CF540->8eedcce2-fa83-40f2-8f3f-8ae88d3f9c27-GrpcLogAppender: Leader has not got in touch with Follower c2004f48-6b55-488b-a4f3-a933c544d5d2@group-2A363A5CF540->8eedcce2-fa83-40f2-8f3f-8ae88d3f9c27(c0,m0,n1, attendVote=true, lastRpcSendTime=2331, lastRpcResponseTime=2318) yet, just keep nextIndex unchanged and retry.
2022-01-11 23:55:25,397 [Listener at 127.0.0.1/46043] INFO  server.GrpcService (GrpcService.java:closeImpl(271)) - 8eedcce2-fa83-40f2-8f3f-8ae88d3f9c27: shutdown server with port 39561 successfully
2022-01-11 23:55:25,397 [org.apache.ratis.util.JvmPauseMonitor$$Lambda$538/836759902@1b9374d2] INFO  util.JvmPauseMonitor (JvmPauseMonitor.java:run(109)) - JvmPauseMonitor-8eedcce2-fa83-40f2-8f3f-8ae88d3f9c27: Stopped
2022-01-11 23:55:25,411 [grpc-default-executor-1] WARN  server.GrpcLogAppender (LogUtils.java:warn(122)) - c2004f48-6b55-488b-a4f3-a933c544d5d2@group-2A363A5CF540->51615485-058d-42af-9c65-c0e811a06a5e-AppendLogResponseHandler: Failed appendEntries: org.apache.ratis.thirdparty.io.grpc.StatusRuntimeException: UNAVAILABLE: io exception
2022-01-11 23:55:25,412 [grpc-default-executor-1] WARN  server.GrpcLogAppender (GrpcLogAppender.java:resetClient(110)) - c2004f48-6b55-488b-a4f3-a933c544d5d2@group-2A363A5CF540->51615485-058d-42af-9c65-c0e811a06a5e-GrpcLogAppender: Leader has not got in touch with Follower c2004f48-6b55-488b-a4f3-a933c544d5d2@group-2A363A5CF540->51615485-058d-42af-9c65-c0e811a06a5e(c0,m0,n1, attendVote=true, lastRpcSendTime=2508, lastRpcResponseTime=12568) yet, just keep nextIndex unchanged and retry.
2022-01-11 23:55:25,481 [ForkJoinPool.commonPool-worker-1] INFO  ozoneimpl.OzoneContainer (OzoneContainer.java:stop(336)) - Attempting to stop container services.
2022-01-11 23:55:25,481 [ForkJoinPool.commonPool-worker-1] INFO  server.RaftServer (RaftServerProxy.java:lambda$close$6(391)) - c2004f48-6b55-488b-a4f3-a933c544d5d2: close
2022-01-11 23:55:25,481 [ForkJoinPool.commonPool-worker-1] INFO  server.RaftServer$Division (RaftServerImpl.java:lambda$close$4(412)) - c2004f48-6b55-488b-a4f3-a933c544d5d2@group-2B542484AF5F: shutdown
2022-01-11 23:55:25,482 [ForkJoinPool.commonPool-worker-1] INFO  util.JmxRegister (JmxRegister.java:unregister(73)) - Successfully un-registered JMX Bean with object name Ratis:service=RaftServer,group=group-2B542484AF5F,id=c2004f48-6b55-488b-a4f3-a933c544d5d2
2022-01-11 23:55:25,482 [ForkJoinPool.commonPool-worker-1] INFO  impl.RoleInfo (RoleInfo.java:shutdownFollowerState(108)) - c2004f48-6b55-488b-a4f3-a933c544d5d2: shutdown c2004f48-6b55-488b-a4f3-a933c544d5d2@group-2B542484AF5F-FollowerState
2022-01-11 23:55:25,482 [ForkJoinPool.commonPool-worker-1] INFO  impl.StateMachineUpdater (StateMachineUpdater.java:stopAndJoin(149)) - c2004f48-6b55-488b-a4f3-a933c544d5d2@group-2B542484AF5F-StateMachineUpdater: set stopIndex = 0
2022-01-11 23:55:25,482 [c2004f48-6b55-488b-a4f3-a933c544d5d2@group-2B542484AF5F-StateMachineUpdater] INFO  ratis.ContainerStateMachine (ContainerStateMachine.java:takeSnapshot(299)) - group-2B542484AF5F: Taking a snapshot at:(t:1, i:0) file /home/runner/work/ozone/ozone/hadoop-ozone/integration-test/target/test-dir/MiniOzoneClusterImpl-84b3519b-a2d3-47e7-8c84-34506f72c9f7/datanode-2/data/ratis/990fb063-1c16-4a81-9120-2b542484af5f/sm/snapshot.1_0
2022-01-11 23:55:25,483 [c2004f48-6b55-488b-a4f3-a933c544d5d2@group-2B542484AF5F-StateMachineUpdater] INFO  ratis.ContainerStateMachine (ContainerStateMachine.java:takeSnapshot(310)) - group-2B542484AF5F: Finished taking a snapshot at:(t:1, i:0) file:/home/runner/work/ozone/ozone/hadoop-ozone/integration-test/target/test-dir/MiniOzoneClusterImpl-84b3519b-a2d3-47e7-8c84-34506f72c9f7/datanode-2/data/ratis/990fb063-1c16-4a81-9120-2b542484af5f/sm/snapshot.1_0 took: 1 ms
2022-01-11 23:55:25,483 [c2004f48-6b55-488b-a4f3-a933c544d5d2@group-2B542484AF5F-StateMachineUpdater] INFO  impl.StateMachineUpdater (StateMachineUpdater.java:takeSnapshot(281)) - c2004f48-6b55-488b-a4f3-a933c544d5d2@group-2B542484AF5F-StateMachineUpdater: Took a snapshot at index 0
2022-01-11 23:55:25,483 [c2004f48-6b55-488b-a4f3-a933c544d5d2@group-2B542484AF5F-StateMachineUpdater] INFO  impl.StateMachineUpdater (StateMachineUpdater.java:lambda$new$0(89)) - c2004f48-6b55-488b-a4f3-a933c544d5d2@group-2B542484AF5F-StateMachineUpdater: snapshotIndex: updateIncreasingly -1 -> 0
2022-01-11 23:55:25,484 [ForkJoinPool.commonPool-worker-1] INFO  server.RaftServer$Division (ServerState.java:close(419)) - c2004f48-6b55-488b-a4f3-a933c544d5d2@group-2B542484AF5F: closes. applyIndex: 0
2022-01-11 23:55:25,484 [c2004f48-6b55-488b-a4f3-a933c544d5d2@group-2B542484AF5F-SegmentedRaftLogWorker] INFO  segmented.SegmentedRaftLogWorker (SegmentedRaftLogWorker.java:run(327)) - c2004f48-6b55-488b-a4f3-a933c544d5d2@group-2B542484AF5F-SegmentedRaftLogWorker was interrupted, exiting. There are 0 tasks remaining in the queue.
2022-01-11 23:55:25,484 [ForkJoinPool.commonPool-worker-1] INFO  segmented.SegmentedRaftLogWorker (SegmentedRaftLogWorker.java:close(237)) - c2004f48-6b55-488b-a4f3-a933c544d5d2@group-2B542484AF5F-SegmentedRaftLogWorker close()
2022-01-11 23:55:25,484 [ForkJoinPool.commonPool-worker-1] INFO  server.RaftServer$Division (RaftServerImpl.java:lambda$close$4(412)) - c2004f48-6b55-488b-a4f3-a933c544d5d2@group-D0E897EC1444: shutdown
2022-01-11 23:55:25,484 [ForkJoinPool.commonPool-worker-1] INFO  util.JmxRegister (JmxRegister.java:unregister(73)) - Successfully un-registered JMX Bean with object name Ratis:service=RaftServer,group=group-D0E897EC1444,id=c2004f48-6b55-488b-a4f3-a933c544d5d2
2022-01-11 23:55:25,484 [ForkJoinPool.commonPool-worker-1] INFO  impl.RoleInfo (RoleInfo.java:shutdownFollowerState(108)) - c2004f48-6b55-488b-a4f3-a933c544d5d2: shutdown c2004f48-6b55-488b-a4f3-a933c544d5d2@group-D0E897EC1444-FollowerState
2022-01-11 23:55:25,484 [ForkJoinPool.commonPool-worker-1] INFO  impl.StateMachineUpdater (StateMachineUpdater.java:stopAndJoin(149)) - c2004f48-6b55-488b-a4f3-a933c544d5d2@group-D0E897EC1444-StateMachineUpdater: set stopIndex = 2
2022-01-11 23:55:25,485 [c2004f48-6b55-488b-a4f3-a933c544d5d2@group-D0E897EC1444-StateMachineUpdater] INFO  ratis.ContainerStateMachine (ContainerStateMachine.java:takeSnapshot(299)) - group-D0E897EC1444: Taking a snapshot at:(t:4, i:2) file /home/runner/work/ozone/ozone/hadoop-ozone/integration-test/target/test-dir/MiniOzoneClusterImpl-84b3519b-a2d3-47e7-8c84-34506f72c9f7/datanode-2/data/ratis/45053eb7-d090-43ed-ae9a-d0e897ec1444/sm/snapshot.4_2
2022-01-11 23:55:25,485 [c2004f48-6b55-488b-a4f3-a933c544d5d2@group-D0E897EC1444-StateMachineUpdater] INFO  ratis.ContainerStateMachine (ContainerStateMachine.java:takeSnapshot(310)) - group-D0E897EC1444: Finished taking a snapshot at:(t:4, i:2) file:/home/runner/work/ozone/ozone/hadoop-ozone/integration-test/target/test-dir/MiniOzoneClusterImpl-84b3519b-a2d3-47e7-8c84-34506f72c9f7/datanode-2/data/ratis/45053eb7-d090-43ed-ae9a-d0e897ec1444/sm/snapshot.4_2 took: 1 ms
2022-01-11 23:55:25,486 [c2004f48-6b55-488b-a4f3-a933c544d5d2@group-D0E897EC1444-StateMachineUpdater] INFO  impl.StateMachineUpdater (StateMachineUpdater.java:takeSnapshot(281)) - c2004f48-6b55-488b-a4f3-a933c544d5d2@group-D0E897EC1444-StateMachineUpdater: Took a snapshot at index 2
2022-01-11 23:55:25,486 [c2004f48-6b55-488b-a4f3-a933c544d5d2@group-D0E897EC1444-StateMachineUpdater] INFO  impl.StateMachineUpdater (StateMachineUpdater.java:lambda$new$0(89)) - c2004f48-6b55-488b-a4f3-a933c544d5d2@group-D0E897EC1444-StateMachineUpdater: snapshotIndex: updateIncreasingly -1 -> 2
2022-01-11 23:55:25,486 [ForkJoinPool.commonPool-worker-1] INFO  server.RaftServer$Division (ServerState.java:close(419)) - c2004f48-6b55-488b-a4f3-a933c544d5d2@group-D0E897EC1444: closes. applyIndex: 2
2022-01-11 23:55:25,487 [c2004f48-6b55-488b-a4f3-a933c544d5d2@group-D0E897EC1444-SegmentedRaftLogWorker] INFO  segmented.SegmentedRaftLogWorker (SegmentedRaftLogWorker.java:run(327)) - c2004f48-6b55-488b-a4f3-a933c544d5d2@group-D0E897EC1444-SegmentedRaftLogWorker was interrupted, exiting. There are 0 tasks remaining in the queue.
2022-01-11 23:55:25,490 [ForkJoinPool.commonPool-worker-1] INFO  segmented.SegmentedRaftLogWorker (SegmentedRaftLogWorker.java:close(237)) - c2004f48-6b55-488b-a4f3-a933c544d5d2@group-D0E897EC1444-SegmentedRaftLogWorker close()
2022-01-11 23:55:25,490 [ForkJoinPool.commonPool-worker-1] INFO  server.RaftServer$Division (RaftServerImpl.java:lambda$close$4(412)) - c2004f48-6b55-488b-a4f3-a933c544d5d2@group-2A363A5CF540: shutdown
2022-01-11 23:55:25,490 [ForkJoinPool.commonPool-worker-1] INFO  util.JmxRegister (JmxRegister.java:unregister(73)) - Successfully un-registered JMX Bean with object name Ratis:service=RaftServer,group=group-2A363A5CF540,id=c2004f48-6b55-488b-a4f3-a933c544d5d2
2022-01-11 23:55:25,490 [ForkJoinPool.commonPool-worker-1] INFO  impl.RoleInfo (RoleInfo.java:shutdownLeaderState(91)) - c2004f48-6b55-488b-a4f3-a933c544d5d2: shutdown c2004f48-6b55-488b-a4f3-a933c544d5d2@group-2A363A5CF540-LeaderStateImpl
2022-01-11 23:55:25,490 [ForkJoinPool.commonPool-worker-1] INFO  impl.PendingRequests (PendingRequests.java:sendNotLeaderResponses(282)) - c2004f48-6b55-488b-a4f3-a933c544d5d2@group-2A363A5CF540-PendingRequests: sendNotLeaderResponses
2022-01-11 23:55:25,491 [ForkJoinPool.commonPool-worker-1] INFO  impl.StateMachineUpdater (StateMachineUpdater.java:stopAndJoin(149)) - c2004f48-6b55-488b-a4f3-a933c544d5d2@group-2A363A5CF540-StateMachineUpdater: set stopIndex = 0
2022-01-11 23:55:25,491 [c2004f48-6b55-488b-a4f3-a933c544d5d2@group-2A363A5CF540-StateMachineUpdater] INFO  ratis.ContainerStateMachine (ContainerStateMachine.java:takeSnapshot(299)) - group-2A363A5CF540: Taking a snapshot at:(t:3, i:0) file /home/runner/work/ozone/ozone/hadoop-ozone/integration-test/target/test-dir/MiniOzoneClusterImpl-84b3519b-a2d3-47e7-8c84-34506f72c9f7/datanode-2/data/ratis/9f8526f1-ada7-46fb-8b6a-2a363a5cf540/sm/snapshot.3_0
2022-01-11 23:55:25,491 [c2004f48-6b55-488b-a4f3-a933c544d5d2@group-2B542484AF5F-FollowerState] INFO  impl.FollowerState (FollowerState.java:run(143)) - c2004f48-6b55-488b-a4f3-a933c544d5d2@group-2B542484AF5F-FollowerState was interrupted: {}
java.lang.InterruptedException: sleep interrupted
	at java.lang.Thread.sleep(Native Method)
	at java.lang.Thread.sleep(Thread.java:340)
	at java.util.concurrent.TimeUnit.sleep(TimeUnit.java:386)
	at org.apache.ratis.util.TimeDuration.sleep(TimeDuration.java:324)
	at org.apache.ratis.util.TimeDuration.sleep(TimeDuration.java:309)
	at org.apache.ratis.server.impl.FollowerState.run(FollowerState.java:118)
2022-01-11 23:55:25,491 [c2004f48-6b55-488b-a4f3-a933c544d5d2@group-2A363A5CF540-StateMachineUpdater] INFO  ratis.ContainerStateMachine (ContainerStateMachine.java:takeSnapshot(310)) - group-2A363A5CF540: Finished taking a snapshot at:(t:3, i:0) file:/home/runner/work/ozone/ozone/hadoop-ozone/integration-test/target/test-dir/MiniOzoneClusterImpl-84b3519b-a2d3-47e7-8c84-34506f72c9f7/datanode-2/data/ratis/9f8526f1-ada7-46fb-8b6a-2a363a5cf540/sm/snapshot.3_0 took: 1 ms
2022-01-11 23:55:25,492 [c2004f48-6b55-488b-a4f3-a933c544d5d2@group-2A363A5CF540-StateMachineUpdater] INFO  impl.StateMachineUpdater (StateMachineUpdater.java:takeSnapshot(281)) - c2004f48-6b55-488b-a4f3-a933c544d5d2@group-2A363A5CF540-StateMachineUpdater: Took a snapshot at index 0
2022-01-11 23:55:25,492 [c2004f48-6b55-488b-a4f3-a933c544d5d2@group-2A363A5CF540-StateMachineUpdater] INFO  impl.StateMachineUpdater (StateMachineUpdater.java:lambda$new$0(89)) - c2004f48-6b55-488b-a4f3-a933c544d5d2@group-2A363A5CF540-StateMachineUpdater: snapshotIndex: updateIncreasingly -1 -> 0
2022-01-11 23:55:25,492 [ForkJoinPool.commonPool-worker-1] INFO  server.RaftServer$Division (ServerState.java:close(419)) - c2004f48-6b55-488b-a4f3-a933c544d5d2@group-2A363A5CF540: closes. applyIndex: 0
2022-01-11 23:55:25,507 [c2004f48-6b55-488b-a4f3-a933c544d5d2@group-D0E897EC1444-FollowerState] INFO  impl.FollowerState (FollowerState.java:run(143)) - c2004f48-6b55-488b-a4f3-a933c544d5d2@group-D0E897EC1444-FollowerState was interrupted: {}
java.lang.InterruptedException: sleep interrupted
	at java.lang.Thread.sleep(Native Method)
	at java.lang.Thread.sleep(Thread.java:340)
	at java.util.concurrent.TimeUnit.sleep(TimeUnit.java:386)
	at org.apache.ratis.util.TimeDuration.sleep(TimeDuration.java:324)
	at org.apache.ratis.util.TimeDuration.sleep(TimeDuration.java:309)
	at org.apache.ratis.server.impl.FollowerState.run(FollowerState.java:118)
2022-01-11 23:55:25,513 [c2004f48-6b55-488b-a4f3-a933c544d5d2@group-2A363A5CF540-SegmentedRaftLogWorker] INFO  segmented.SegmentedRaftLogWorker (SegmentedRaftLogWorker.java:run(327)) - c2004f48-6b55-488b-a4f3-a933c544d5d2@group-2A363A5CF540-SegmentedRaftLogWorker was interrupted, exiting. There are 0 tasks remaining in the queue.
2022-01-11 23:55:25,513 [ForkJoinPool.commonPool-worker-1] INFO  segmented.SegmentedRaftLogWorker (SegmentedRaftLogWorker.java:close(237)) - c2004f48-6b55-488b-a4f3-a933c544d5d2@group-2A363A5CF540-SegmentedRaftLogWorker close()
2022-01-11 23:55:25,514 [ForkJoinPool.commonPool-worker-1] INFO  server.RaftServer$Division (RaftServerImpl.java:lambda$close$4(412)) - c2004f48-6b55-488b-a4f3-a933c544d5d2@group-1F4CD4C22526: shutdown
2022-01-11 23:55:25,514 [ForkJoinPool.commonPool-worker-1] INFO  util.JmxRegister (JmxRegister.java:unregister(73)) - Successfully un-registered JMX Bean with object name Ratis:service=RaftServer,group=group-1F4CD4C22526,id=c2004f48-6b55-488b-a4f3-a933c544d5d2
2022-01-11 23:55:25,514 [ForkJoinPool.commonPool-worker-1] INFO  impl.RoleInfo (RoleInfo.java:shutdownLeaderState(91)) - c2004f48-6b55-488b-a4f3-a933c544d5d2: shutdown c2004f48-6b55-488b-a4f3-a933c544d5d2@group-1F4CD4C22526-LeaderStateImpl
2022-01-11 23:55:25,514 [ForkJoinPool.commonPool-worker-1] INFO  impl.PendingRequests (PendingRequests.java:sendNotLeaderResponses(282)) - c2004f48-6b55-488b-a4f3-a933c544d5d2@group-1F4CD4C22526-PendingRequests: sendNotLeaderResponses
2022-01-11 23:55:25,515 [ForkJoinPool.commonPool-worker-1] INFO  impl.StateMachineUpdater (StateMachineUpdater.java:stopAndJoin(149)) - c2004f48-6b55-488b-a4f3-a933c544d5d2@group-1F4CD4C22526-StateMachineUpdater: set stopIndex = 13
2022-01-11 23:55:25,515 [c2004f48-6b55-488b-a4f3-a933c544d5d2@group-1F4CD4C22526-StateMachineUpdater] INFO  ratis.ContainerStateMachine (ContainerStateMachine.java:takeSnapshot(299)) - group-1F4CD4C22526: Taking a snapshot at:(t:1, i:13) file /home/runner/work/ozone/ozone/hadoop-ozone/integration-test/target/test-dir/MiniOzoneClusterImpl-84b3519b-a2d3-47e7-8c84-34506f72c9f7/datanode-2/data/ratis/a7285e4a-4b3e-44a1-a5f9-1f4cd4c22526/sm/snapshot.1_13
2022-01-11 23:55:25,516 [c2004f48-6b55-488b-a4f3-a933c544d5d2@group-2A363A5CF540->51615485-058d-42af-9c65-c0e811a06a5e-GrpcLogAppender-LogAppenderDaemon] ERROR leader.LogAppenderDaemon (LogAppenderDaemon.java:run(86)) - c2004f48-6b55-488b-a4f3-a933c544d5d2@group-2A363A5CF540->51615485-058d-42af-9c65-c0e811a06a5e-GrpcLogAppender-LogAppenderDaemon failed
java.lang.IllegalArgumentException: c2004f48-6b55-488b-a4f3-a933c544d5d2@group-2A363A5CF540-SegmentedRaftLog is expected to be opened but it is CLOSED
	at org.apache.ratis.util.OpenCloseState.assertOpen(OpenCloseState.java:63)
	at org.apache.ratis.server.raftlog.RaftLogBase.checkLogState(RaftLogBase.java:107)
	at org.apache.ratis.server.raftlog.segmented.SegmentedRaftLog.getTermIndex(SegmentedRaftLog.java:322)
	at org.apache.ratis.server.leader.LogAppenderBase.getPrevious(LogAppenderBase.java:110)
	at org.apache.ratis.server.leader.LogAppenderBase.newAppendEntriesRequest(LogAppenderBase.java:128)
	at org.apache.ratis.grpc.server.GrpcLogAppender.appendLog(GrpcLogAppender.java:213)
	at org.apache.ratis.grpc.server.GrpcLogAppender.run(GrpcLogAppender.java:147)
	at org.apache.ratis.server.leader.LogAppenderDaemon.run(LogAppenderDaemon.java:77)
	at java.lang.Thread.run(Thread.java:748)
Caused by: org.apache.ratis.util.OpenCloseState$CloseTrace: Close c2004f48-6b55-488b-a4f3-a933c544d5d2@group-2A363A5CF540-SegmentedRaftLog
	at org.apache.ratis.util.OpenCloseState.lambda$close$1(OpenCloseState.java:109)
	at java.util.concurrent.atomic.AtomicReference.getAndUpdate(AtomicReference.java:160)
	at org.apache.ratis.util.OpenCloseState.close(OpenCloseState.java:109)
	at org.apache.ratis.server.raftlog.RaftLogBase.close(RaftLogBase.java:356)
	at org.apache.ratis.server.raftlog.segmented.SegmentedRaftLog.close(SegmentedRaftLog.java:505)
	at org.apache.ratis.server.impl.ServerState.close(ServerState.java:421)
	at org.apache.ratis.server.impl.RaftServerImpl.lambda$close$4(RaftServerImpl.java:434)
	at org.apache.ratis.util.LifeCycle.lambda$checkStateAndClose$4(LifeCycle.java:299)
	at org.apache.ratis.util.LifeCycle.checkStateAndClose(LifeCycle.java:319)
	at org.apache.ratis.util.LifeCycle.checkStateAndClose(LifeCycle.java:297)
	at org.apache.ratis.server.impl.RaftServerImpl.close(RaftServerImpl.java:411)
	at org.apache.ratis.server.impl.RaftServerProxy$ImplMap.close(RaftServerProxy.java:129)
	at org.apache.ratis.server.impl.RaftServerProxy$ImplMap.lambda$close$0(RaftServerProxy.java:117)
	at java.util.stream.ForEachOps$ForEachOp$OfRef.accept(ForEachOps.java:183)
	at java.util.concurrent.ConcurrentHashMap$EntrySpliterator.forEachRemaining(ConcurrentHashMap.java:3606)
	at java.util.stream.AbstractPipeline.copyInto(AbstractPipeline.java:482)
	at java.util.stream.ForEachOps$ForEachTask.compute(ForEachOps.java:290)
	at java.util.concurrent.CountedCompleter.exec(CountedCompleter.java:731)
	at java.util.concurrent.ForkJoinTask.doExec(ForkJoinTask.java:289)
	at java.util.concurrent.ForkJoinPool.helpComplete(ForkJoinPool.java:1870)
	at java.util.concurrent.ForkJoinPool.awaitJoin(ForkJoinPool.java:2045)
	at java.util.concurrent.ForkJoinTask.doInvoke(ForkJoinTask.java:404)
	at java.util.concurrent.ForkJoinTask.invoke(ForkJoinTask.java:734)
	at java.util.stream.ForEachOps$ForEachOp.evaluateParallel(ForEachOps.java:159)
	at java.util.stream.ForEachOps$ForEachOp$OfRef.evaluateParallel(ForEachOps.java:173)
	at java.util.stream.AbstractPipeline.evaluate(AbstractPipeline.java:233)
	at java.util.stream.ReferencePipeline.forEach(ReferencePipeline.java:485)
	at java.util.stream.ReferencePipeline$Head.forEach(ReferencePipeline.java:650)
	at org.apache.ratis.server.impl.RaftServerProxy$ImplMap.close(RaftServerProxy.java:117)
	at org.apache.ratis.server.impl.RaftServerProxy.lambda$close$6(RaftServerProxy.java:392)
	at org.apache.ratis.util.LifeCycle.lambda$checkStateAndClose$4(LifeCycle.java:299)
	at org.apache.ratis.util.LifeCycle.checkStateAndClose(LifeCycle.java:319)
	at org.apache.ratis.util.LifeCycle.checkStateAndClose(LifeCycle.java:297)
	at org.apache.ratis.server.impl.RaftServerProxy.close(RaftServerProxy.java:390)
	at org.apache.hadoop.ozone.container.common.transport.server.ratis.XceiverServerRatis.stop(XceiverServerRatis.java:516)
	at org.apache.hadoop.ozone.container.ozoneimpl.OzoneContainer.stop(OzoneContainer.java:339)
	at org.apache.hadoop.ozone.container.common.statemachine.DatanodeStateMachine.close(DatanodeStateMachine.java:383)
	at org.apache.hadoop.ozone.container.common.statemachine.DatanodeStateMachine.stopDaemon(DatanodeStateMachine.java:528)
	at org.apache.hadoop.ozone.HddsDatanodeService.stop(HddsDatanodeService.java:589)
	at org.apache.hadoop.ozone.MiniOzoneClusterImpl.stopDatanode(MiniOzoneClusterImpl.java:535)
	at java.util.stream.ForEachOps$ForEachOp$OfRef.accept(ForEachOps.java:183)
	at java.util.ArrayList$ArrayListSpliterator.forEachRemaining(ArrayList.java:1384)
	at java.util.stream.AbstractPipeline.copyInto(AbstractPipeline.java:482)
	at java.util.stream.ForEachOps$ForEachTask.compute(ForEachOps.java:290)
	at java.util.concurrent.CountedCompleter.exec(CountedCompleter.java:731)
	at java.util.concurrent.ForkJoinTask.doExec(ForkJoinTask.java:289)
	at java.util.concurrent.ForkJoinPool$WorkQueue.execLocalTasks(ForkJoinPool.java:1040)
	at java.util.concurrent.ForkJoinPool$WorkQueue.runTask(ForkJoinPool.java:1058)
	at java.util.concurrent.ForkJoinPool.runWorker(ForkJoinPool.java:1692)
	at java.util.concurrent.ForkJoinWorkerThread.run(ForkJoinWorkerThread.java:175)
2022-01-11 23:55:25,549 [c2004f48-6b55-488b-a4f3-a933c544d5d2@group-1F4CD4C22526-StateMachineUpdater] INFO  ratis.ContainerStateMachine (ContainerStateMachine.java:takeSnapshot(310)) - group-1F4CD4C22526: Finished taking a snapshot at:(t:1, i:13) file:/home/runner/work/ozone/ozone/hadoop-ozone/integration-test/target/test-dir/MiniOzoneClusterImpl-84b3519b-a2d3-47e7-8c84-34506f72c9f7/datanode-2/data/ratis/a7285e4a-4b3e-44a1-a5f9-1f4cd4c22526/sm/snapshot.1_13 took: 34 ms
2022-01-11 23:55:25,549 [c2004f48-6b55-488b-a4f3-a933c544d5d2@group-1F4CD4C22526-StateMachineUpdater] INFO  impl.StateMachineUpdater (StateMachineUpdater.java:takeSnapshot(281)) - c2004f48-6b55-488b-a4f3-a933c544d5d2@group-1F4CD4C22526-StateMachineUpdater: Took a snapshot at index 13
2022-01-11 23:55:25,549 [c2004f48-6b55-488b-a4f3-a933c544d5d2@group-1F4CD4C22526-StateMachineUpdater] INFO  impl.StateMachineUpdater (StateMachineUpdater.java:lambda$new$0(89)) - c2004f48-6b55-488b-a4f3-a933c544d5d2@group-1F4CD4C22526-StateMachineUpdater: snapshotIndex: updateIncreasingly -1 -> 13
2022-01-11 23:55:25,550 [ForkJoinPool.commonPool-worker-1] INFO  server.RaftServer$Division (ServerState.java:close(419)) - c2004f48-6b55-488b-a4f3-a933c544d5d2@group-1F4CD4C22526: closes. applyIndex: 13
2022-01-11 23:55:25,550 [c2004f48-6b55-488b-a4f3-a933c544d5d2@group-1F4CD4C22526-SegmentedRaftLogWorker] INFO  segmented.SegmentedRaftLogWorker (SegmentedRaftLogWorker.java:run(327)) - c2004f48-6b55-488b-a4f3-a933c544d5d2@group-1F4CD4C22526-SegmentedRaftLogWorker was interrupted, exiting. There are 0 tasks remaining in the queue.
2022-01-11 23:55:25,558 [ForkJoinPool.commonPool-worker-1] INFO  segmented.SegmentedRaftLogWorker (SegmentedRaftLogWorker.java:close(237)) - c2004f48-6b55-488b-a4f3-a933c544d5d2@group-1F4CD4C22526-SegmentedRaftLogWorker close()
2022-01-11 23:55:25,558 [ForkJoinPool.commonPool-worker-1] INFO  server.GrpcService (GrpcService.java:closeImpl(262)) - c2004f48-6b55-488b-a4f3-a933c544d5d2: shutdown server with port 33985 now
2022-01-11 23:55:25,565 [ForkJoinPool.commonPool-worker-1] INFO  server.GrpcService (GrpcService.java:closeImpl(271)) - c2004f48-6b55-488b-a4f3-a933c544d5d2: shutdown server with port 33985 successfully
2022-01-11 23:55:25,565 [org.apache.ratis.util.JvmPauseMonitor$$Lambda$538/836759902@2617ed9e] INFO  util.JvmPauseMonitor (JvmPauseMonitor.java:run(109)) - JvmPauseMonitor-c2004f48-6b55-488b-a4f3-a933c544d5d2: Stopped
2022-01-11 23:55:25,690 [77c66afc-fa73-4d89-b59d-9adc22a556cf@group-B7EECE8F9241-LeaderStateImpl] INFO  server.RaftServer$Division (LeaderStateImpl.java:yieldLeaderToHigherPriorityPeer(930)) - 77c66afc-fa73-4d89-b59d-9adc22a556cf@group-B7EECE8F9241-LeaderStateImpl send StartLeaderElectionRequest to follower:757e1abf-caf6-4356-ad73-d786994982ad on term:1 because follower's priority:1 is higher than leader's:0 and follower's lastEntry index:0 catch up with leader's:0
2022-01-11 23:55:27,565 [org.apache.ratis.util.JvmPauseMonitor$$Lambda$538/836759902@38907d77] WARN  util.JvmPauseMonitor (JvmPauseMonitor.java:detectPause(124)) - JvmPauseMonitor-77c66afc-fa73-4d89-b59d-9adc22a556cf: Detected pause in JVM or host machine (eg GC): pause of approximately 162732199ns.
GC pool 'PS MarkSweep' had collection(s): count=1 time=212ms
GC pool 'PS Scavenge' had collection(s): count=1 time=10ms
2022-01-11 23:55:27,576 [grpc-default-executor-2] WARN  server.GrpcLogAppender (LogUtils.java:warn(122)) - 77c66afc-fa73-4d89-b59d-9adc22a556cf@group-9D82FB37D1D1->757e1abf-caf6-4356-ad73-d786994982ad-AppendLogResponseHandler: Failed appendEntries: org.apache.ratis.thirdparty.io.grpc.StatusRuntimeException: UNAVAILABLE: io exception
2022-01-11 23:55:27,576 [grpc-default-executor-2] WARN  server.GrpcLogAppender (GrpcLogAppender.java:resetClient(110)) - 77c66afc-fa73-4d89-b59d-9adc22a556cf@group-9D82FB37D1D1->757e1abf-caf6-4356-ad73-d786994982ad-GrpcLogAppender: Leader has not got in touch with Follower 77c66afc-fa73-4d89-b59d-9adc22a556cf@group-9D82FB37D1D1->757e1abf-caf6-4356-ad73-d786994982ad(c-1,m0,n1, attendVote=true, lastRpcSendTime=3, lastRpcResponseTime=7891) yet, just keep nextIndex unchanged and retry.
2022-01-11 23:55:27,636 [Listener at 127.0.0.1/46043] INFO  utils.BackgroundService (BackgroundService.java:shutdown(132)) - Shutting down service BlockDeletingService
2022-01-11 23:55:27,718 [ForkJoinPool.commonPool-worker-1] INFO  utils.BackgroundService (BackgroundService.java:shutdown(132)) - Shutting down service BlockDeletingService
2022-01-11 23:55:27,839 [grpc-default-executor-2] WARN  server.GrpcLogAppender (LogUtils.java:warn(122)) - 77c66afc-fa73-4d89-b59d-9adc22a556cf@group-B7EECE8F9241->757e1abf-caf6-4356-ad73-d786994982ad-AppendLogResponseHandler: Failed appendEntries: org.apache.ratis.thirdparty.io.grpc.StatusRuntimeException: UNAVAILABLE: io exception
2022-01-11 23:55:27,840 [grpc-default-executor-2] WARN  server.GrpcLogAppender (GrpcLogAppender.java:resetClient(110)) - 77c66afc-fa73-4d89-b59d-9adc22a556cf@group-B7EECE8F9241->757e1abf-caf6-4356-ad73-d786994982ad-GrpcLogAppender: Leader has not got in touch with Follower 77c66afc-fa73-4d89-b59d-9adc22a556cf@group-B7EECE8F9241->757e1abf-caf6-4356-ad73-d786994982ad(c-1,m0,n1, attendVote=true, lastRpcSendTime=2509, lastRpcResponseTime=17829) yet, just keep nextIndex unchanged and retry.
2022-01-11 23:55:29,585 [EventQueue-DeadNodeForDeadNodeHandler] INFO  node.DeadNodeHandler (DeadNodeHandler.java:onMessage(80)) - A dead datanode is detected. 51615485-058d-42af-9c65-c0e811a06a5e{ip: 10.1.0.37, host: fv-az59-280.csjynl4pkq3e1pkirw3ssqjfoh.cx.internal.cloudapp.net, ports: [REPLICATION=39021, RATIS=46039, RATIS_ADMIN=46039, RATIS_SERVER=46039, STANDALONE=40703], networkLocation: /default-rack, certSerialId: null, persistedOpState: IN_SERVICE, persistedOpStateExpiryEpochSec: 0}
2022-01-11 23:55:29,585 [EventQueue-DeadNodeForDeadNodeHandler] INFO  pipeline.RatisPipelineProvider (RatisPipelineProvider.java:lambda$close$1(222)) - Send pipeline:PipelineID=990fb063-1c16-4a81-9120-2b542484af5f close command to datanode 51615485-058d-42af-9c65-c0e811a06a5e
2022-01-11 23:55:29,585 [EventQueue-DeadNodeForDeadNodeHandler] INFO  pipeline.RatisPipelineProvider (RatisPipelineProvider.java:lambda$close$1(222)) - Send pipeline:PipelineID=990fb063-1c16-4a81-9120-2b542484af5f close command to datanode 8eedcce2-fa83-40f2-8f3f-8ae88d3f9c27
2022-01-11 23:55:29,585 [EventQueue-DeadNodeForDeadNodeHandler] INFO  pipeline.RatisPipelineProvider (RatisPipelineProvider.java:lambda$close$1(222)) - Send pipeline:PipelineID=990fb063-1c16-4a81-9120-2b542484af5f close command to datanode c2004f48-6b55-488b-a4f3-a933c544d5d2
2022-01-11 23:55:29,585 [EventQueue-DeadNodeForDeadNodeHandler] INFO  pipeline.PipelineStateManagerImpl (PipelineStateManagerImpl.java:removePipeline(223)) - Pipeline Pipeline[ Id: 990fb063-1c16-4a81-9120-2b542484af5f, Nodes: 51615485-058d-42af-9c65-c0e811a06a5e{ip: 10.1.0.37, host: fv-az59-280.csjynl4pkq3e1pkirw3ssqjfoh.cx.internal.cloudapp.net, ports: [REPLICATION=39021, RATIS=46039, RATIS_ADMIN=46039, RATIS_SERVER=46039, STANDALONE=40703], networkLocation: /default-rack, certSerialId: null, persistedOpState: IN_SERVICE, persistedOpStateExpiryEpochSec: 0}8eedcce2-fa83-40f2-8f3f-8ae88d3f9c27{ip: 10.1.0.37, host: fv-az59-280.csjynl4pkq3e1pkirw3ssqjfoh.cx.internal.cloudapp.net, ports: [REPLICATION=34455, RATIS=39561, RATIS_ADMIN=39561, RATIS_SERVER=39561, STANDALONE=43687], networkLocation: /default-rack, certSerialId: null, persistedOpState: IN_SERVICE, persistedOpStateExpiryEpochSec: 0}c2004f48-6b55-488b-a4f3-a933c544d5d2{ip: 10.1.0.37, host: fv-az59-280.csjynl4pkq3e1pkirw3ssqjfoh.cx.internal.cloudapp.net, ports: [REPLICATION=46737, RATIS=33985, RATIS_ADMIN=33985, RATIS_SERVER=33985, STANDALONE=41439], networkLocation: /default-rack, certSerialId: null, persistedOpState: IN_SERVICE, persistedOpStateExpiryEpochSec: 0}, ReplicationConfig: RATIS/THREE, State:CLOSED, leaderId:8eedcce2-fa83-40f2-8f3f-8ae88d3f9c27, CreationTimestamp2022-01-11T23:53:57.687Z[Etc/UTC]] removed.
2022-01-11 23:55:29,586 [EventQueue-DeadNodeForDeadNodeHandler] INFO  pipeline.RatisPipelineProvider (RatisPipelineProvider.java:lambda$close$1(222)) - Send pipeline:PipelineID=45053eb7-d090-43ed-ae9a-d0e897ec1444 close command to datanode c2004f48-6b55-488b-a4f3-a933c544d5d2
2022-01-11 23:55:29,586 [EventQueue-DeadNodeForDeadNodeHandler] INFO  pipeline.RatisPipelineProvider (RatisPipelineProvider.java:lambda$close$1(222)) - Send pipeline:PipelineID=45053eb7-d090-43ed-ae9a-d0e897ec1444 close command to datanode 8eedcce2-fa83-40f2-8f3f-8ae88d3f9c27
2022-01-11 23:55:29,586 [EventQueue-DeadNodeForDeadNodeHandler] INFO  pipeline.RatisPipelineProvider (RatisPipelineProvider.java:lambda$close$1(222)) - Send pipeline:PipelineID=45053eb7-d090-43ed-ae9a-d0e897ec1444 close command to datanode 51615485-058d-42af-9c65-c0e811a06a5e
2022-01-11 23:55:29,586 [EventQueue-DeadNodeForDeadNodeHandler] INFO  pipeline.PipelineStateManagerImpl (PipelineStateManagerImpl.java:removePipeline(223)) - Pipeline Pipeline[ Id: 45053eb7-d090-43ed-ae9a-d0e897ec1444, Nodes: c2004f48-6b55-488b-a4f3-a933c544d5d2{ip: 10.1.0.37, host: fv-az59-280.csjynl4pkq3e1pkirw3ssqjfoh.cx.internal.cloudapp.net, ports: [REPLICATION=46737, RATIS=33985, RATIS_ADMIN=33985, RATIS_SERVER=33985, STANDALONE=41439], networkLocation: /default-rack, certSerialId: null, persistedOpState: IN_SERVICE, persistedOpStateExpiryEpochSec: 0}8eedcce2-fa83-40f2-8f3f-8ae88d3f9c27{ip: 10.1.0.37, host: fv-az59-280.csjynl4pkq3e1pkirw3ssqjfoh.cx.internal.cloudapp.net, ports: [REPLICATION=34455, RATIS=39561, RATIS_ADMIN=39561, RATIS_SERVER=39561, STANDALONE=43687], networkLocation: /default-rack, certSerialId: null, persistedOpState: IN_SERVICE, persistedOpStateExpiryEpochSec: 0}51615485-058d-42af-9c65-c0e811a06a5e{ip: 10.1.0.37, host: fv-az59-280.csjynl4pkq3e1pkirw3ssqjfoh.cx.internal.cloudapp.net, ports: [REPLICATION=39021, RATIS=46039, RATIS_ADMIN=46039, RATIS_SERVER=46039, STANDALONE=40703], networkLocation: /default-rack, certSerialId: null, persistedOpState: IN_SERVICE, persistedOpStateExpiryEpochSec: 0}, ReplicationConfig: RATIS/THREE, State:CLOSED, leaderId:51615485-058d-42af-9c65-c0e811a06a5e, CreationTimestamp2022-01-11T23:53:57.692Z[Etc/UTC]] removed.
2022-01-11 23:55:29,586 [EventQueue-DeadNodeForDeadNodeHandler] INFO  pipeline.RatisPipelineProvider (RatisPipelineProvider.java:lambda$close$1(222)) - Send pipeline:PipelineID=9f8526f1-ada7-46fb-8b6a-2a363a5cf540 close command to datanode 51615485-058d-42af-9c65-c0e811a06a5e
2022-01-11 23:55:29,586 [EventQueue-DeadNodeForDeadNodeHandler] INFO  pipeline.RatisPipelineProvider (RatisPipelineProvider.java:lambda$close$1(222)) - Send pipeline:PipelineID=9f8526f1-ada7-46fb-8b6a-2a363a5cf540 close command to datanode 8eedcce2-fa83-40f2-8f3f-8ae88d3f9c27
2022-01-11 23:55:29,586 [EventQueue-DeadNodeForDeadNodeHandler] INFO  pipeline.RatisPipelineProvider (RatisPipelineProvider.java:lambda$close$1(222)) - Send pipeline:PipelineID=9f8526f1-ada7-46fb-8b6a-2a363a5cf540 close command to datanode c2004f48-6b55-488b-a4f3-a933c544d5d2
2022-01-11 23:55:29,586 [EventQueue-DeadNodeForDeadNodeHandler] INFO  pipeline.PipelineStateManagerImpl (PipelineStateManagerImpl.java:removePipeline(223)) - Pipeline Pipeline[ Id: 9f8526f1-ada7-46fb-8b6a-2a363a5cf540, Nodes: 51615485-058d-42af-9c65-c0e811a06a5e{ip: 10.1.0.37, host: fv-az59-280.csjynl4pkq3e1pkirw3ssqjfoh.cx.internal.cloudapp.net, ports: [REPLICATION=39021, RATIS=46039, RATIS_ADMIN=46039, RATIS_SERVER=46039, STANDALONE=40703], networkLocation: /default-rack, certSerialId: null, persistedOpState: IN_SERVICE, persistedOpStateExpiryEpochSec: 0}8eedcce2-fa83-40f2-8f3f-8ae88d3f9c27{ip: 10.1.0.37, host: fv-az59-280.csjynl4pkq3e1pkirw3ssqjfoh.cx.internal.cloudapp.net, ports: [REPLICATION=34455, RATIS=39561, RATIS_ADMIN=39561, RATIS_SERVER=39561, STANDALONE=43687], networkLocation: /default-rack, certSerialId: null, persistedOpState: IN_SERVICE, persistedOpStateExpiryEpochSec: 0}c2004f48-6b55-488b-a4f3-a933c544d5d2{ip: 10.1.0.37, host: fv-az59-280.csjynl4pkq3e1pkirw3ssqjfoh.cx.internal.cloudapp.net, ports: [REPLICATION=46737, RATIS=33985, RATIS_ADMIN=33985, RATIS_SERVER=33985, STANDALONE=41439], networkLocation: /default-rack, certSerialId: null, persistedOpState: IN_SERVICE, persistedOpStateExpiryEpochSec: 0}, ReplicationConfig: RATIS/THREE, State:CLOSED, leaderId:c2004f48-6b55-488b-a4f3-a933c544d5d2, CreationTimestamp2022-01-11T23:53:57.684Z[Etc/UTC]] removed.
2022-01-11 23:55:29,586 [EventQueue-DeadNodeForDeadNodeHandler] INFO  pipeline.RatisPipelineProvider (RatisPipelineProvider.java:lambda$close$1(222)) - Send pipeline:PipelineID=27cfee9d-5d3d-4551-a813-f0ed29085a06 close command to datanode 51615485-058d-42af-9c65-c0e811a06a5e
2022-01-11 23:55:29,586 [EventQueue-DeadNodeForDeadNodeHandler] INFO  pipeline.PipelineStateManagerImpl (PipelineStateManagerImpl.java:removePipeline(223)) - Pipeline Pipeline[ Id: 27cfee9d-5d3d-4551-a813-f0ed29085a06, Nodes: 51615485-058d-42af-9c65-c0e811a06a5e{ip: 10.1.0.37, host: fv-az59-280.csjynl4pkq3e1pkirw3ssqjfoh.cx.internal.cloudapp.net, ports: [REPLICATION=39021, RATIS=46039, RATIS_ADMIN=46039, RATIS_SERVER=46039, STANDALONE=40703], networkLocation: /default-rack, certSerialId: null, persistedOpState: IN_SERVICE, persistedOpStateExpiryEpochSec: 0}, ReplicationConfig: RATIS/ONE, State:CLOSED, leaderId:51615485-058d-42af-9c65-c0e811a06a5e, CreationTimestamp2022-01-11T23:53:57.191Z[Etc/UTC]] removed.
2022-01-11 23:55:29,586 [EventQueue-DeadNodeForDeadNodeHandler] INFO  net.NetworkTopologyImpl (NetworkTopologyImpl.java:remove(137)) - Removed a node: /default-rack/51615485-058d-42af-9c65-c0e811a06a5e
2022-01-11 23:55:29,881 [EventQueue-DeadNodeForDeadNodeHandler] INFO  node.DeadNodeHandler (DeadNodeHandler.java:onMessage(80)) - A dead datanode is detected. 757e1abf-caf6-4356-ad73-d786994982ad{ip: 10.1.0.37, host: fv-az59-280.csjynl4pkq3e1pkirw3ssqjfoh.cx.internal.cloudapp.net, ports: [REPLICATION=40569, RATIS=41749, RATIS_ADMIN=41749, RATIS_SERVER=41749, STANDALONE=42593], networkLocation: /default-rack, certSerialId: null, persistedOpState: IN_SERVICE, persistedOpStateExpiryEpochSec: 0}
2022-01-11 23:55:29,882 [EventQueue-DeadNodeForDeadNodeHandler] INFO  pipeline.RatisPipelineProvider (RatisPipelineProvider.java:lambda$close$1(222)) - Send pipeline:PipelineID=8b00abd0-5014-4694-b328-85dfc7f102c7 close command to datanode 757e1abf-caf6-4356-ad73-d786994982ad
2022-01-11 23:55:29,882 [EventQueue-DeadNodeForDeadNodeHandler] INFO  pipeline.PipelineStateManagerImpl (PipelineStateManagerImpl.java:removePipeline(223)) - Pipeline Pipeline[ Id: 8b00abd0-5014-4694-b328-85dfc7f102c7, Nodes: 757e1abf-caf6-4356-ad73-d786994982ad{ip: 10.1.0.37, host: fv-az59-280.csjynl4pkq3e1pkirw3ssqjfoh.cx.internal.cloudapp.net, ports: [REPLICATION=40569, RATIS=41749, RATIS_ADMIN=41749, RATIS_SERVER=41749, STANDALONE=42593], networkLocation: /default-rack, certSerialId: null, persistedOpState: IN_SERVICE, persistedOpStateExpiryEpochSec: 0}, ReplicationConfig: RATIS/ONE, State:CLOSED, leaderId:757e1abf-caf6-4356-ad73-d786994982ad, CreationTimestamp2022-01-11T23:53:58.800Z[Etc/UTC]] removed.
2022-01-11 23:55:29,882 [EventQueue-DeadNodeForDeadNodeHandler] INFO  pipeline.RatisPipelineProvider (RatisPipelineProvider.java:lambda$close$1(222)) - Send pipeline:PipelineID=596ae104-db7c-476c-b93c-9d82fb37d1d1 close command to datanode 2a1c9333-8641-498a-88f2-87bcecbe0d18
2022-01-11 23:55:29,882 [EventQueue-DeadNodeForDeadNodeHandler] INFO  pipeline.RatisPipelineProvider (RatisPipelineProvider.java:lambda$close$1(222)) - Send pipeline:PipelineID=596ae104-db7c-476c-b93c-9d82fb37d1d1 close command to datanode 757e1abf-caf6-4356-ad73-d786994982ad
2022-01-11 23:55:29,882 [EventQueue-DeadNodeForDeadNodeHandler] INFO  pipeline.RatisPipelineProvider (RatisPipelineProvider.java:lambda$close$1(222)) - Send pipeline:PipelineID=596ae104-db7c-476c-b93c-9d82fb37d1d1 close command to datanode 77c66afc-fa73-4d89-b59d-9adc22a556cf
2022-01-11 23:55:29,882 [EventQueue-DeadNodeForDeadNodeHandler] INFO  pipeline.PipelineStateManagerImpl (PipelineStateManagerImpl.java:removePipeline(223)) - Pipeline Pipeline[ Id: 596ae104-db7c-476c-b93c-9d82fb37d1d1, Nodes: 2a1c9333-8641-498a-88f2-87bcecbe0d18{ip: 10.1.0.37, host: fv-az59-280.csjynl4pkq3e1pkirw3ssqjfoh.cx.internal.cloudapp.net, ports: [REPLICATION=45151, RATIS=38177, RATIS_ADMIN=38177, RATIS_SERVER=38177, STANDALONE=44313], networkLocation: /default-rack, certSerialId: null, persistedOpState: IN_SERVICE, persistedOpStateExpiryEpochSec: 0}757e1abf-caf6-4356-ad73-d786994982ad{ip: 10.1.0.37, host: fv-az59-280.csjynl4pkq3e1pkirw3ssqjfoh.cx.internal.cloudapp.net, ports: [REPLICATION=40569, RATIS=41749, RATIS_ADMIN=41749, RATIS_SERVER=41749, STANDALONE=42593], networkLocation: /default-rack, certSerialId: null, persistedOpState: IN_SERVICE, persistedOpStateExpiryEpochSec: 0}77c66afc-fa73-4d89-b59d-9adc22a556cf{ip: 10.1.0.37, host: fv-az59-280.csjynl4pkq3e1pkirw3ssqjfoh.cx.internal.cloudapp.net, ports: [REPLICATION=36525, RATIS=40587, RATIS_ADMIN=40587, RATIS_SERVER=40587, STANDALONE=44631], networkLocation: /default-rack, certSerialId: null, persistedOpState: IN_SERVICE, persistedOpStateExpiryEpochSec: 0}, ReplicationConfig: RATIS/THREE, State:CLOSED, leaderId:77c66afc-fa73-4d89-b59d-9adc22a556cf, CreationTimestamp2022-01-11T23:55:08.438Z[Etc/UTC]] removed.
2022-01-11 23:55:29,882 [EventQueue-DeadNodeForDeadNodeHandler] INFO  pipeline.RatisPipelineProvider (RatisPipelineProvider.java:lambda$close$1(222)) - Send pipeline:PipelineID=f3dab52c-f49d-4ac3-8007-1e23594ce36a close command to datanode 757e1abf-caf6-4356-ad73-d786994982ad
2022-01-11 23:55:29,882 [EventQueue-DeadNodeForDeadNodeHandler] INFO  pipeline.RatisPipelineProvider (RatisPipelineProvider.java:lambda$close$1(222)) - Send pipeline:PipelineID=f3dab52c-f49d-4ac3-8007-1e23594ce36a close command to datanode 2a1c9333-8641-498a-88f2-87bcecbe0d18
2022-01-11 23:55:29,883 [EventQueue-DeadNodeForDeadNodeHandler] INFO  pipeline.RatisPipelineProvider (RatisPipelineProvider.java:lambda$close$1(222)) - Send pipeline:PipelineID=f3dab52c-f49d-4ac3-8007-1e23594ce36a close command to datanode 6b666312-5236-4d63-85d6-3705eb3fb30b
2022-01-11 23:55:29,883 [EventQueue-DeadNodeForDeadNodeHandler] INFO  pipeline.PipelineStateManagerImpl (PipelineStateManagerImpl.java:removePipeline(223)) - Pipeline Pipeline[ Id: f3dab52c-f49d-4ac3-8007-1e23594ce36a, Nodes: 757e1abf-caf6-4356-ad73-d786994982ad{ip: 10.1.0.37, host: fv-az59-280.csjynl4pkq3e1pkirw3ssqjfoh.cx.internal.cloudapp.net, ports: [REPLICATION=40569, RATIS=41749, RATIS_ADMIN=41749, RATIS_SERVER=41749, STANDALONE=42593], networkLocation: /default-rack, certSerialId: null, persistedOpState: IN_SERVICE, persistedOpStateExpiryEpochSec: 0}2a1c9333-8641-498a-88f2-87bcecbe0d18{ip: 10.1.0.37, host: fv-az59-280.csjynl4pkq3e1pkirw3ssqjfoh.cx.internal.cloudapp.net, ports: [REPLICATION=45151, RATIS=38177, RATIS_ADMIN=38177, RATIS_SERVER=38177, STANDALONE=44313], networkLocation: /default-rack, certSerialId: null, persistedOpState: IN_SERVICE, persistedOpStateExpiryEpochSec: 0}6b666312-5236-4d63-85d6-3705eb3fb30b{ip: 10.1.0.37, host: fv-az59-280.csjynl4pkq3e1pkirw3ssqjfoh.cx.internal.cloudapp.net, ports: [REPLICATION=44445, RATIS=38271, RATIS_ADMIN=38271, RATIS_SERVER=38271, STANDALONE=39257], networkLocation: /default-rack, certSerialId: null, persistedOpState: IN_SERVICE, persistedOpStateExpiryEpochSec: 0}, ReplicationConfig: RATIS/THREE, State:CLOSED, leaderId:, CreationTimestamp2022-01-11T23:55:08.440Z[Etc/UTC]] removed.
2022-01-11 23:55:29,883 [EventQueue-DeadNodeForDeadNodeHandler] INFO  pipeline.RatisPipelineProvider (RatisPipelineProvider.java:lambda$close$1(222)) - Send pipeline:PipelineID=2b2875fe-7bf9-4d91-8670-b7eece8f9241 close command to datanode 77c66afc-fa73-4d89-b59d-9adc22a556cf
2022-01-11 23:55:29,883 [EventQueue-DeadNodeForDeadNodeHandler] INFO  pipeline.RatisPipelineProvider (RatisPipelineProvider.java:lambda$close$1(222)) - Send pipeline:PipelineID=2b2875fe-7bf9-4d91-8670-b7eece8f9241 close command to datanode 6b666312-5236-4d63-85d6-3705eb3fb30b
2022-01-11 23:55:29,883 [EventQueue-DeadNodeForDeadNodeHandler] INFO  pipeline.RatisPipelineProvider (RatisPipelineProvider.java:lambda$close$1(222)) - Send pipeline:PipelineID=2b2875fe-7bf9-4d91-8670-b7eece8f9241 close command to datanode 757e1abf-caf6-4356-ad73-d786994982ad
2022-01-11 23:55:29,883 [EventQueue-DeadNodeForDeadNodeHandler] INFO  pipeline.PipelineStateManagerImpl (PipelineStateManagerImpl.java:removePipeline(223)) - Pipeline Pipeline[ Id: 2b2875fe-7bf9-4d91-8670-b7eece8f9241, Nodes: 77c66afc-fa73-4d89-b59d-9adc22a556cf{ip: 10.1.0.37, host: fv-az59-280.csjynl4pkq3e1pkirw3ssqjfoh.cx.internal.cloudapp.net, ports: [REPLICATION=36525, RATIS=40587, RATIS_ADMIN=40587, RATIS_SERVER=40587, STANDALONE=44631], networkLocation: /default-rack, certSerialId: null, persistedOpState: IN_SERVICE, persistedOpStateExpiryEpochSec: 0}6b666312-5236-4d63-85d6-3705eb3fb30b{ip: 10.1.0.37, host: fv-az59-280.csjynl4pkq3e1pkirw3ssqjfoh.cx.internal.cloudapp.net, ports: [REPLICATION=44445, RATIS=38271, RATIS_ADMIN=38271, RATIS_SERVER=38271, STANDALONE=39257], networkLocation: /default-rack, certSerialId: null, persistedOpState: IN_SERVICE, persistedOpStateExpiryEpochSec: 0}757e1abf-caf6-4356-ad73-d786994982ad{ip: 10.1.0.37, host: fv-az59-280.csjynl4pkq3e1pkirw3ssqjfoh.cx.internal.cloudapp.net, ports: [REPLICATION=40569, RATIS=41749, RATIS_ADMIN=41749, RATIS_SERVER=41749, STANDALONE=42593], networkLocation: /default-rack, certSerialId: null, persistedOpState: IN_SERVICE, persistedOpStateExpiryEpochSec: 0}, ReplicationConfig: RATIS/THREE, State:CLOSED, leaderId:77c66afc-fa73-4d89-b59d-9adc22a556cf, CreationTimestamp2022-01-11T23:55:08.437Z[Etc/UTC]] removed.
2022-01-11 23:55:29,883 [EventQueue-DeadNodeForDeadNodeHandler] INFO  net.NetworkTopologyImpl (NetworkTopologyImpl.java:remove(137)) - Removed a node: /default-rack/757e1abf-caf6-4356-ad73-d786994982ad
2022-01-11 23:55:29,881 [EventQueue-StaleNodeForStaleNodeHandler] INFO  node.StaleNodeHandler (StaleNodeHandler.java:onMessage(58)) - Datanode c2004f48-6b55-488b-a4f3-a933c544d5d2{ip: 10.1.0.37, host: fv-az59-280.csjynl4pkq3e1pkirw3ssqjfoh.cx.internal.cloudapp.net, ports: [REPLICATION=46737, RATIS=33985, RATIS_ADMIN=33985, RATIS_SERVER=33985, STANDALONE=41439], networkLocation: /default-rack, certSerialId: null, persistedOpState: IN_SERVICE, persistedOpStateExpiryEpochSec: 0} moved to stale state. Finalizing its pipelines [PipelineID=a7285e4a-4b3e-44a1-a5f9-1f4cd4c22526]
2022-01-11 23:55:29,884 [EventQueue-StaleNodeForStaleNodeHandler] INFO  pipeline.PipelineManagerImpl (PipelineManagerImpl.java:closeContainersForPipeline(344)) - Container #2 closed for pipeline=PipelineID=a7285e4a-4b3e-44a1-a5f9-1f4cd4c22526
2022-01-11 23:55:29,884 [EventQueue-StaleNodeForStaleNodeHandler] INFO  pipeline.PipelineManagerImpl (PipelineManagerImpl.java:closePipeline(365)) - Pipeline Pipeline[ Id: a7285e4a-4b3e-44a1-a5f9-1f4cd4c22526, Nodes: c2004f48-6b55-488b-a4f3-a933c544d5d2{ip: 10.1.0.37, host: fv-az59-280.csjynl4pkq3e1pkirw3ssqjfoh.cx.internal.cloudapp.net, ports: [REPLICATION=46737, RATIS=33985, RATIS_ADMIN=33985, RATIS_SERVER=33985, STANDALONE=41439], networkLocation: /default-rack, certSerialId: null, persistedOpState: IN_SERVICE, persistedOpStateExpiryEpochSec: 0}, ReplicationConfig: RATIS/ONE, State:OPEN, leaderId:c2004f48-6b55-488b-a4f3-a933c544d5d2, CreationTimestamp2022-01-11T23:53:57.683Z[Etc/UTC]] moved to CLOSED state
2022-01-11 23:55:29,884 [EventQueue-CloseContainerForCloseContainerEventHandler] INFO  container.CloseContainerEventHandler (CloseContainerEventHandler.java:onMessage(69)) - Close container Event triggered for container : #2
2022-01-11 23:55:30,083 [grpc-default-executor-2] WARN  server.GrpcLogAppender (LogUtils.java:warn(122)) - 77c66afc-fa73-4d89-b59d-9adc22a556cf@group-9D82FB37D1D1->757e1abf-caf6-4356-ad73-d786994982ad-AppendLogResponseHandler: Failed appendEntries: org.apache.ratis.thirdparty.io.grpc.StatusRuntimeException: UNAVAILABLE: io exception
2022-01-11 23:55:30,085 [grpc-default-executor-2] WARN  server.GrpcLogAppender (GrpcLogAppender.java:resetClient(110)) - 77c66afc-fa73-4d89-b59d-9adc22a556cf@group-9D82FB37D1D1->757e1abf-caf6-4356-ad73-d786994982ad-GrpcLogAppender: Leader has not got in touch with Follower 77c66afc-fa73-4d89-b59d-9adc22a556cf@group-9D82FB37D1D1->757e1abf-caf6-4356-ad73-d786994982ad(c-1,m0,n1, attendVote=true, lastRpcSendTime=2512, lastRpcResponseTime=10399) yet, just keep nextIndex unchanged and retry.
2022-01-11 23:55:30,182 [EventQueue-StaleNodeForStaleNodeHandler] INFO  node.StaleNodeHandler (StaleNodeHandler.java:onMessage(58)) - Datanode 8eedcce2-fa83-40f2-8f3f-8ae88d3f9c27{ip: 10.1.0.37, host: fv-az59-280.csjynl4pkq3e1pkirw3ssqjfoh.cx.internal.cloudapp.net, ports: [REPLICATION=34455, RATIS=39561, RATIS_ADMIN=39561, RATIS_SERVER=39561, STANDALONE=43687], networkLocation: /default-rack, certSerialId: null, persistedOpState: IN_SERVICE, persistedOpStateExpiryEpochSec: 0} moved to stale state. Finalizing its pipelines [PipelineID=f68214f8-198a-4fd3-b36f-47fac33cdf13]
2022-01-11 23:55:30,182 [EventQueue-StaleNodeForStaleNodeHandler] INFO  pipeline.PipelineManagerImpl (PipelineManagerImpl.java:closePipeline(365)) - Pipeline Pipeline[ Id: f68214f8-198a-4fd3-b36f-47fac33cdf13, Nodes: 8eedcce2-fa83-40f2-8f3f-8ae88d3f9c27{ip: 10.1.0.37, host: fv-az59-280.csjynl4pkq3e1pkirw3ssqjfoh.cx.internal.cloudapp.net, ports: [REPLICATION=34455, RATIS=39561, RATIS_ADMIN=39561, RATIS_SERVER=39561, STANDALONE=43687], networkLocation: /default-rack, certSerialId: null, persistedOpState: IN_SERVICE, persistedOpStateExpiryEpochSec: 0}, ReplicationConfig: RATIS/ONE, State:OPEN, leaderId:8eedcce2-fa83-40f2-8f3f-8ae88d3f9c27, CreationTimestamp2022-01-11T23:53:56.418Z[Etc/UTC]] moved to CLOSED state
2022-01-11 23:55:30,348 [grpc-default-executor-2] WARN  server.GrpcLogAppender (LogUtils.java:warn(122)) - 77c66afc-fa73-4d89-b59d-9adc22a556cf@group-B7EECE8F9241->757e1abf-caf6-4356-ad73-d786994982ad-AppendLogResponseHandler: Failed appendEntries: org.apache.ratis.thirdparty.io.grpc.StatusRuntimeException: UNAVAILABLE: io exception
2022-01-11 23:55:30,350 [grpc-default-executor-2] WARN  server.GrpcLogAppender (GrpcLogAppender.java:resetClient(110)) - 77c66afc-fa73-4d89-b59d-9adc22a556cf@group-B7EECE8F9241->757e1abf-caf6-4356-ad73-d786994982ad-GrpcLogAppender: Leader has not got in touch with Follower 77c66afc-fa73-4d89-b59d-9adc22a556cf@group-B7EECE8F9241->757e1abf-caf6-4356-ad73-d786994982ad(c-1,m0,n1, attendVote=true, lastRpcSendTime=2508, lastRpcResponseTime=20339) yet, just keep nextIndex unchanged and retry.
2022-01-11 23:55:30,507 [6b666312-5236-4d63-85d6-3705eb3fb30b@group-1E23594CE36A-FollowerState] INFO  impl.FollowerState (FollowerState.java:run(134)) - 6b666312-5236-4d63-85d6-3705eb3fb30b@group-1E23594CE36A-FollowerState: change to CANDIDATE, lastRpcElapsedTime:5206825746ns, electionTimeout:5166ms
2022-01-11 23:55:30,508 [6b666312-5236-4d63-85d6-3705eb3fb30b@group-1E23594CE36A-FollowerState] INFO  impl.RoleInfo (RoleInfo.java:shutdownFollowerState(108)) - 6b666312-5236-4d63-85d6-3705eb3fb30b: shutdown 6b666312-5236-4d63-85d6-3705eb3fb30b@group-1E23594CE36A-FollowerState
2022-01-11 23:55:30,508 [6b666312-5236-4d63-85d6-3705eb3fb30b@group-1E23594CE36A-FollowerState] INFO  server.RaftServer$Division (RaftServerImpl.java:setRole(290)) - 6b666312-5236-4d63-85d6-3705eb3fb30b@group-1E23594CE36A: changes role from  FOLLOWER to CANDIDATE at term 3 for changeToCandidate
2022-01-11 23:55:30,530 [2a1c9333-8641-498a-88f2-87bcecbe0d18@group-1E23594CE36A-FollowerState] INFO  impl.FollowerState (FollowerState.java:run(134)) - 2a1c9333-8641-498a-88f2-87bcecbe0d18@group-1E23594CE36A-FollowerState: change to CANDIDATE, lastRpcElapsedTime:5195299930ns, electionTimeout:5140ms
2022-01-11 23:55:30,531 [2a1c9333-8641-498a-88f2-87bcecbe0d18@group-1E23594CE36A-FollowerState] INFO  impl.RoleInfo (RoleInfo.java:shutdownFollowerState(108)) - 2a1c9333-8641-498a-88f2-87bcecbe0d18: shutdown 2a1c9333-8641-498a-88f2-87bcecbe0d18@group-1E23594CE36A-FollowerState
2022-01-11 23:55:30,531 [2a1c9333-8641-498a-88f2-87bcecbe0d18@group-1E23594CE36A-FollowerState] INFO  server.RaftServer$Division (RaftServerImpl.java:setRole(290)) - 2a1c9333-8641-498a-88f2-87bcecbe0d18@group-1E23594CE36A: changes role from  FOLLOWER to CANDIDATE at term 3 for changeToCandidate
2022-01-11 23:55:30,531 [2a1c9333-8641-498a-88f2-87bcecbe0d18@group-1E23594CE36A-FollowerState] INFO  server.RaftServerConfigKeys (ConfUtils.java:logGet(44)) - raft.server.leaderelection.pre-vote = false (custom)
2022-01-11 23:55:30,531 [2a1c9333-8641-498a-88f2-87bcecbe0d18@group-1E23594CE36A-FollowerState] INFO  impl.RoleInfo (RoleInfo.java:updateAndGet(130)) - 2a1c9333-8641-498a-88f2-87bcecbe0d18: start 2a1c9333-8641-498a-88f2-87bcecbe0d18@group-1E23594CE36A-LeaderElection79
2022-01-11 23:55:30,531 [6b666312-5236-4d63-85d6-3705eb3fb30b@group-1E23594CE36A-FollowerState] INFO  server.RaftServerConfigKeys (ConfUtils.java:logGet(44)) - raft.server.leaderelection.pre-vote = false (custom)
2022-01-11 23:55:30,531 [6b666312-5236-4d63-85d6-3705eb3fb30b@group-1E23594CE36A-FollowerState] INFO  impl.RoleInfo (RoleInfo.java:updateAndGet(130)) - 6b666312-5236-4d63-85d6-3705eb3fb30b: start 6b666312-5236-4d63-85d6-3705eb3fb30b@group-1E23594CE36A-LeaderElection78
2022-01-11 23:55:30,542 [2a1c9333-8641-498a-88f2-87bcecbe0d18@group-1E23594CE36A-LeaderElection79] INFO  impl.LeaderElection (LeaderElection.java:askForVotes(306)) - 2a1c9333-8641-498a-88f2-87bcecbe0d18@group-1E23594CE36A-LeaderElection79 ELECTION round 0: submit vote requests at term 4 for -1: [2a1c9333-8641-498a-88f2-87bcecbe0d18|rpc:10.1.0.37:38177|priority:0, 6b666312-5236-4d63-85d6-3705eb3fb30b|rpc:10.1.0.37:38271|priority:1, 757e1abf-caf6-4356-ad73-d786994982ad|rpc:10.1.0.37:41749|priority:0], old=null
2022-01-11 23:55:30,547 [6b666312-5236-4d63-85d6-3705eb3fb30b@group-1E23594CE36A-LeaderElection78] INFO  impl.LeaderElection (LeaderElection.java:askForVotes(306)) - 6b666312-5236-4d63-85d6-3705eb3fb30b@group-1E23594CE36A-LeaderElection78 ELECTION round 0: submit vote requests at term 4 for -1: [2a1c9333-8641-498a-88f2-87bcecbe0d18|rpc:10.1.0.37:38177|dataStream:|priority:0, 6b666312-5236-4d63-85d6-3705eb3fb30b|rpc:10.1.0.37:38271|dataStream:|priority:1, 757e1abf-caf6-4356-ad73-d786994982ad|rpc:10.1.0.37:41749|dataStream:|priority:0], old=null
2022-01-11 23:55:30,551 [grpc-default-executor-2] INFO  server.RaftServer$Division (RaftServerImpl.java:requestVote(1046)) - 6b666312-5236-4d63-85d6-3705eb3fb30b@group-1E23594CE36A: receive requestVote(ELECTION, 2a1c9333-8641-498a-88f2-87bcecbe0d18, group-1E23594CE36A, 4, (t:0, i:0))
2022-01-11 23:55:30,551 [grpc-default-executor-2] INFO  impl.VoteContext (VoteContext.java:log(48)) - 6b666312-5236-4d63-85d6-3705eb3fb30b@group-1E23594CE36A-CANDIDATE: reject ELECTION from 2a1c9333-8641-498a-88f2-87bcecbe0d18: already has voted for 6b666312-5236-4d63-85d6-3705eb3fb30b at current term 4
2022-01-11 23:55:30,551 [grpc-default-executor-2] INFO  server.RaftServer$Division (RaftServerImpl.java:requestVote(1078)) - 6b666312-5236-4d63-85d6-3705eb3fb30b@group-1E23594CE36A replies to ELECTION vote request: 2a1c9333-8641-498a-88f2-87bcecbe0d18<-6b666312-5236-4d63-85d6-3705eb3fb30b#0:FAIL-t4. Peer's state: 6b666312-5236-4d63-85d6-3705eb3fb30b@group-1E23594CE36A:t4, leader=null, voted=6b666312-5236-4d63-85d6-3705eb3fb30b, raftlog=6b666312-5236-4d63-85d6-3705eb3fb30b@group-1E23594CE36A-SegmentedRaftLog:OPENED:c-1, conf=-1: [2a1c9333-8641-498a-88f2-87bcecbe0d18|rpc:10.1.0.37:38177|dataStream:|priority:0, 6b666312-5236-4d63-85d6-3705eb3fb30b|rpc:10.1.0.37:38271|dataStream:|priority:1, 757e1abf-caf6-4356-ad73-d786994982ad|rpc:10.1.0.37:41749|dataStream:|priority:0], old=null
2022-01-11 23:55:30,555 [grpc-default-executor-2] INFO  server.RaftServer$Division (RaftServerImpl.java:requestVote(1046)) - 2a1c9333-8641-498a-88f2-87bcecbe0d18@group-1E23594CE36A: receive requestVote(ELECTION, 6b666312-5236-4d63-85d6-3705eb3fb30b, group-1E23594CE36A, 4, (t:0, i:0))
2022-01-11 23:55:30,555 [grpc-default-executor-2] INFO  impl.VoteContext (VoteContext.java:log(48)) - 2a1c9333-8641-498a-88f2-87bcecbe0d18@group-1E23594CE36A-CANDIDATE: reject ELECTION from 6b666312-5236-4d63-85d6-3705eb3fb30b: already has voted for 2a1c9333-8641-498a-88f2-87bcecbe0d18 at current term 4
2022-01-11 23:55:30,555 [grpc-default-executor-2] INFO  server.RaftServer$Division (RaftServerImpl.java:requestVote(1078)) - 2a1c9333-8641-498a-88f2-87bcecbe0d18@group-1E23594CE36A replies to ELECTION vote request: 6b666312-5236-4d63-85d6-3705eb3fb30b<-2a1c9333-8641-498a-88f2-87bcecbe0d18#0:FAIL-t4. Peer's state: 2a1c9333-8641-498a-88f2-87bcecbe0d18@group-1E23594CE36A:t4, leader=null, voted=2a1c9333-8641-498a-88f2-87bcecbe0d18, raftlog=2a1c9333-8641-498a-88f2-87bcecbe0d18@group-1E23594CE36A-SegmentedRaftLog:OPENED:c-1, conf=-1: [2a1c9333-8641-498a-88f2-87bcecbe0d18|rpc:10.1.0.37:38177|priority:0, 6b666312-5236-4d63-85d6-3705eb3fb30b|rpc:10.1.0.37:38271|priority:1, 757e1abf-caf6-4356-ad73-d786994982ad|rpc:10.1.0.37:41749|priority:0], old=null
2022-01-11 23:55:30,567 [2a1c9333-8641-498a-88f2-87bcecbe0d18@group-1E23594CE36A-LeaderElection79] INFO  impl.LeaderElection (LeaderElection.java:logAndReturn(89)) - 2a1c9333-8641-498a-88f2-87bcecbe0d18@group-1E23594CE36A-LeaderElection79: ELECTION REJECTED received 1 response(s) and 0 exception(s):
2022-01-11 23:55:30,568 [2a1c9333-8641-498a-88f2-87bcecbe0d18@group-1E23594CE36A-LeaderElection79] INFO  impl.LeaderElection (LeaderElection.java:logAndReturn(93)) -   Response 0: 2a1c9333-8641-498a-88f2-87bcecbe0d18<-6b666312-5236-4d63-85d6-3705eb3fb30b#0:FAIL-t4
2022-01-11 23:55:30,568 [2a1c9333-8641-498a-88f2-87bcecbe0d18@group-1E23594CE36A-LeaderElection79] INFO  impl.LeaderElection (LeaderElection.java:askForVotes(308)) - 2a1c9333-8641-498a-88f2-87bcecbe0d18@group-1E23594CE36A-LeaderElection79 ELECTION round 0: result REJECTED
2022-01-11 23:55:30,568 [2a1c9333-8641-498a-88f2-87bcecbe0d18@group-1E23594CE36A-LeaderElection79] INFO  server.RaftServer$Division (RaftServerImpl.java:setRole(290)) - 2a1c9333-8641-498a-88f2-87bcecbe0d18@group-1E23594CE36A: changes role from CANDIDATE to FOLLOWER at term 4 for REJECTED
2022-01-11 23:55:30,568 [2a1c9333-8641-498a-88f2-87bcecbe0d18@group-1E23594CE36A-LeaderElection79] INFO  impl.RoleInfo (RoleInfo.java:shutdownLeaderElection(121)) - 2a1c9333-8641-498a-88f2-87bcecbe0d18: shutdown 2a1c9333-8641-498a-88f2-87bcecbe0d18@group-1E23594CE36A-LeaderElection79
2022-01-11 23:55:30,568 [2a1c9333-8641-498a-88f2-87bcecbe0d18@group-1E23594CE36A-LeaderElection79] INFO  impl.RoleInfo (RoleInfo.java:updateAndGet(130)) - 2a1c9333-8641-498a-88f2-87bcecbe0d18: start 2a1c9333-8641-498a-88f2-87bcecbe0d18@group-1E23594CE36A-FollowerState
2022-01-11 23:55:30,568 [6b666312-5236-4d63-85d6-3705eb3fb30b@group-1E23594CE36A-LeaderElection78] INFO  impl.LeaderElection (LogUtils.java:infoOrTrace(137)) - 6b666312-5236-4d63-85d6-3705eb3fb30b@group-1E23594CE36A-LeaderElection78 got exception when requesting votes: java.util.concurrent.ExecutionException: org.apache.ratis.thirdparty.io.grpc.StatusRuntimeException: UNAVAILABLE: io exception
2022-01-11 23:55:30,569 [6b666312-5236-4d63-85d6-3705eb3fb30b@group-1E23594CE36A-LeaderElection78] INFO  impl.LeaderElection (LeaderElection.java:logAndReturn(89)) - 6b666312-5236-4d63-85d6-3705eb3fb30b@group-1E23594CE36A-LeaderElection78: ELECTION REJECTED received 1 response(s) and 1 exception(s):
2022-01-11 23:55:30,569 [6b666312-5236-4d63-85d6-3705eb3fb30b@group-1E23594CE36A-LeaderElection78] INFO  impl.LeaderElection (LeaderElection.java:logAndReturn(93)) -   Response 0: 6b666312-5236-4d63-85d6-3705eb3fb30b<-2a1c9333-8641-498a-88f2-87bcecbe0d18#0:FAIL-t4
2022-01-11 23:55:30,569 [6b666312-5236-4d63-85d6-3705eb3fb30b@group-1E23594CE36A-LeaderElection78] INFO  impl.LeaderElection (LogUtils.java:infoOrTrace(137)) -   Exception 1: java.util.concurrent.ExecutionException: org.apache.ratis.thirdparty.io.grpc.StatusRuntimeException: UNAVAILABLE: io exception
2022-01-11 23:55:30,569 [6b666312-5236-4d63-85d6-3705eb3fb30b@group-1E23594CE36A-LeaderElection78] INFO  impl.LeaderElection (LeaderElection.java:askForVotes(308)) - 6b666312-5236-4d63-85d6-3705eb3fb30b@group-1E23594CE36A-LeaderElection78 ELECTION round 0: result REJECTED
2022-01-11 23:55:30,569 [6b666312-5236-4d63-85d6-3705eb3fb30b@group-1E23594CE36A-LeaderElection78] INFO  server.RaftServer$Division (RaftServerImpl.java:setRole(290)) - 6b666312-5236-4d63-85d6-3705eb3fb30b@group-1E23594CE36A: changes role from CANDIDATE to FOLLOWER at term 4 for REJECTED
2022-01-11 23:55:30,569 [6b666312-5236-4d63-85d6-3705eb3fb30b@group-1E23594CE36A-LeaderElection78] INFO  impl.RoleInfo (RoleInfo.java:shutdownLeaderElection(121)) - 6b666312-5236-4d63-85d6-3705eb3fb30b: shutdown 6b666312-5236-4d63-85d6-3705eb3fb30b@group-1E23594CE36A-LeaderElection78
2022-01-11 23:55:30,569 [6b666312-5236-4d63-85d6-3705eb3fb30b@group-1E23594CE36A-LeaderElection78] INFO  impl.RoleInfo (RoleInfo.java:updateAndGet(130)) - 6b666312-5236-4d63-85d6-3705eb3fb30b: start 6b666312-5236-4d63-85d6-3705eb3fb30b@group-1E23594CE36A-FollowerState
2022-01-11 23:55:30,697 [Listener at 127.0.0.1/46043] INFO  statemachine.DatanodeStateMachine (DatanodeStateMachine.java:stopDaemon(529)) - Ozone container server stopped.
2022-01-11 23:55:30,697 [Listener at 127.0.0.1/46043] INFO  handler.ContextHandler (ContextHandler.java:doStop(1153)) - Stopped o.e.j.w.WebAppContext@42b02fec{hddsDatanode,/,null,STOPPED}{jar:file:/home/runner/.m2/repository/org/apache/ozone/hdds-container-service/1.3.0-SNAPSHOT/hdds-container-service-1.3.0-SNAPSHOT.jar!/webapps/hddsDatanode}
2022-01-11 23:55:30,699 [Listener at 127.0.0.1/46043] INFO  server.AbstractConnector (AbstractConnector.java:doStop(381)) - Stopped ServerConnector@a875d64{HTTP/1.1, (http/1.1)}{0.0.0.0:0}
2022-01-11 23:55:30,700 [Listener at 127.0.0.1/46043] INFO  server.session (HouseKeeper.java:stopScavenging(149)) - node0 Stopped scavenging
2022-01-11 23:55:30,700 [Listener at 127.0.0.1/46043] INFO  handler.ContextHandler (ContextHandler.java:doStop(1153)) - Stopped o.e.j.s.ServletContextHandler@1974fbd5{static,/static,jar:file:/home/runner/.m2/repository/org/apache/ozone/hdds-container-service/1.3.0-SNAPSHOT/hdds-container-service-1.3.0-SNAPSHOT.jar!/webapps/static,STOPPED}
2022-01-11 23:55:30,700 [Listener at 127.0.0.1/46043] INFO  handler.ContextHandler (ContextHandler.java:doStop(1153)) - Stopped o.e.j.s.ServletContextHandler@1c714c3e{logs,/logs,file:///home/runner/work/ozone/ozone/hadoop-ozone/integration-test/target/log,STOPPED}
2022-01-11 23:55:30,741 [ForkJoinPool.commonPool-worker-1] INFO  statemachine.DatanodeStateMachine (DatanodeStateMachine.java:stopDaemon(529)) - Ozone container server stopped.
2022-01-11 23:55:30,789 [ForkJoinPool.commonPool-worker-1] INFO  handler.ContextHandler (ContextHandler.java:doStop(1153)) - Stopped o.e.j.w.WebAppContext@41e0a5cb{hddsDatanode,/,null,STOPPED}{jar:file:/home/runner/.m2/repository/org/apache/ozone/hdds-container-service/1.3.0-SNAPSHOT/hdds-container-service-1.3.0-SNAPSHOT.jar!/webapps/hddsDatanode}
2022-01-11 23:55:30,791 [ForkJoinPool.commonPool-worker-1] INFO  server.AbstractConnector (AbstractConnector.java:doStop(381)) - Stopped ServerConnector@53a4b66c{HTTP/1.1, (http/1.1)}{0.0.0.0:0}
2022-01-11 23:55:30,791 [ForkJoinPool.commonPool-worker-1] INFO  server.session (HouseKeeper.java:stopScavenging(149)) - node0 Stopped scavenging
2022-01-11 23:55:30,802 [ForkJoinPool.commonPool-worker-1] INFO  handler.ContextHandler (ContextHandler.java:doStop(1153)) - Stopped o.e.j.s.ServletContextHandler@341936e7{static,/static,jar:file:/home/runner/.m2/repository/org/apache/ozone/hdds-container-service/1.3.0-SNAPSHOT/hdds-container-service-1.3.0-SNAPSHOT.jar!/webapps/static,STOPPED}
2022-01-11 23:55:30,802 [ForkJoinPool.commonPool-worker-1] INFO  handler.ContextHandler (ContextHandler.java:doStop(1153)) - Stopped o.e.j.s.ServletContextHandler@69b2effd{logs,/logs,file:///home/runner/work/ozone/ozone/hadoop-ozone/integration-test/target/log,STOPPED}
2022-01-11 23:55:30,895 [77c66afc-fa73-4d89-b59d-9adc22a556cf@group-B7EECE8F9241-LeaderStateImpl] INFO  server.RaftServer$Division (LeaderStateImpl.java:yieldLeaderToHigherPriorityPeer(930)) - 77c66afc-fa73-4d89-b59d-9adc22a556cf@group-B7EECE8F9241-LeaderStateImpl send StartLeaderElectionRequest to follower:757e1abf-caf6-4356-ad73-d786994982ad on term:1 because follower's priority:1 is higher than leader's:0 and follower's lastEntry index:0 catch up with leader's:0
2022-01-11 23:55:31,565 [Command processor thread] INFO  server.RaftServer (RaftServerProxy.java:remove(106)) - 2a1c9333-8641-498a-88f2-87bcecbe0d18: remove  FOLLOWER 2a1c9333-8641-498a-88f2-87bcecbe0d18@group-9D82FB37D1D1:t3, leader=77c66afc-fa73-4d89-b59d-9adc22a556cf, voted=77c66afc-fa73-4d89-b59d-9adc22a556cf, raftlog=2a1c9333-8641-498a-88f2-87bcecbe0d18@group-9D82FB37D1D1-SegmentedRaftLog:OPENED:c0, conf=0: [2a1c9333-8641-498a-88f2-87bcecbe0d18|rpc:10.1.0.37:38177|dataStream:|priority:0, 757e1abf-caf6-4356-ad73-d786994982ad|rpc:10.1.0.37:41749|dataStream:|priority:0, 77c66afc-fa73-4d89-b59d-9adc22a556cf|rpc:10.1.0.37:40587|dataStream:|priority:1], old=null RUNNING
2022-01-11 23:55:31,565 [Command processor thread] INFO  server.RaftServer$Division (RaftServerImpl.java:lambda$close$4(412)) - 2a1c9333-8641-498a-88f2-87bcecbe0d18@group-9D82FB37D1D1: shutdown
2022-01-11 23:55:31,566 [Command processor thread] INFO  util.JmxRegister (JmxRegister.java:unregister(73)) - Successfully un-registered JMX Bean with object name Ratis:service=RaftServer,group=group-9D82FB37D1D1,id=2a1c9333-8641-498a-88f2-87bcecbe0d18
2022-01-11 23:55:31,566 [Command processor thread] INFO  impl.RoleInfo (RoleInfo.java:shutdownFollowerState(108)) - 2a1c9333-8641-498a-88f2-87bcecbe0d18: shutdown 2a1c9333-8641-498a-88f2-87bcecbe0d18@group-9D82FB37D1D1-FollowerState
2022-01-11 23:55:31,566 [Command processor thread] INFO  impl.StateMachineUpdater (StateMachineUpdater.java:stopAndJoin(149)) - 2a1c9333-8641-498a-88f2-87bcecbe0d18@group-9D82FB37D1D1-StateMachineUpdater: set stopIndex = 0
2022-01-11 23:55:31,566 [2a1c9333-8641-498a-88f2-87bcecbe0d18@group-9D82FB37D1D1-FollowerState] INFO  impl.FollowerState (FollowerState.java:run(143)) - 2a1c9333-8641-498a-88f2-87bcecbe0d18@group-9D82FB37D1D1-FollowerState was interrupted: {}
java.lang.InterruptedException: sleep interrupted
	at java.lang.Thread.sleep(Native Method)
	at java.lang.Thread.sleep(Thread.java:340)
	at java.util.concurrent.TimeUnit.sleep(TimeUnit.java:386)
	at org.apache.ratis.util.TimeDuration.sleep(TimeDuration.java:324)
	at org.apache.ratis.util.TimeDuration.sleep(TimeDuration.java:309)
	at org.apache.ratis.server.impl.FollowerState.run(FollowerState.java:118)
2022-01-11 23:55:31,569 [2a1c9333-8641-498a-88f2-87bcecbe0d18@group-9D82FB37D1D1-StateMachineUpdater] INFO  ratis.ContainerStateMachine (ContainerStateMachine.java:takeSnapshot(299)) - group-9D82FB37D1D1: Taking a snapshot at:(t:3, i:0) file /home/runner/work/ozone/ozone/hadoop-ozone/integration-test/target/test-dir/MiniOzoneClusterImpl-84b3519b-a2d3-47e7-8c84-34506f72c9f7/datanode-5/data/ratis/596ae104-db7c-476c-b93c-9d82fb37d1d1/sm/snapshot.3_0
2022-01-11 23:55:31,570 [2a1c9333-8641-498a-88f2-87bcecbe0d18@group-9D82FB37D1D1-StateMachineUpdater] INFO  ratis.ContainerStateMachine (ContainerStateMachine.java:takeSnapshot(310)) - group-9D82FB37D1D1: Finished taking a snapshot at:(t:3, i:0) file:/home/runner/work/ozone/ozone/hadoop-ozone/integration-test/target/test-dir/MiniOzoneClusterImpl-84b3519b-a2d3-47e7-8c84-34506f72c9f7/datanode-5/data/ratis/596ae104-db7c-476c-b93c-9d82fb37d1d1/sm/snapshot.3_0 took: 1 ms
2022-01-11 23:55:31,570 [2a1c9333-8641-498a-88f2-87bcecbe0d18@group-9D82FB37D1D1-StateMachineUpdater] INFO  impl.StateMachineUpdater (StateMachineUpdater.java:takeSnapshot(281)) - 2a1c9333-8641-498a-88f2-87bcecbe0d18@group-9D82FB37D1D1-StateMachineUpdater: Took a snapshot at index 0
2022-01-11 23:55:31,571 [2a1c9333-8641-498a-88f2-87bcecbe0d18@group-9D82FB37D1D1-StateMachineUpdater] INFO  impl.StateMachineUpdater (StateMachineUpdater.java:lambda$new$0(89)) - 2a1c9333-8641-498a-88f2-87bcecbe0d18@group-9D82FB37D1D1-StateMachineUpdater: snapshotIndex: updateIncreasingly -1 -> 0
2022-01-11 23:55:31,571 [Command processor thread] INFO  server.RaftServer$Division (ServerState.java:close(419)) - 2a1c9333-8641-498a-88f2-87bcecbe0d18@group-9D82FB37D1D1: closes. applyIndex: 0
2022-01-11 23:55:31,573 [2a1c9333-8641-498a-88f2-87bcecbe0d18@group-9D82FB37D1D1-SegmentedRaftLogWorker] INFO  segmented.SegmentedRaftLogWorker (SegmentedRaftLogWorker.java:run(327)) - 2a1c9333-8641-498a-88f2-87bcecbe0d18@group-9D82FB37D1D1-SegmentedRaftLogWorker was interrupted, exiting. There are 0 tasks remaining in the queue.
2022-01-11 23:55:31,574 [Command processor thread] INFO  segmented.SegmentedRaftLogWorker (SegmentedRaftLogWorker.java:close(237)) - 2a1c9333-8641-498a-88f2-87bcecbe0d18@group-9D82FB37D1D1-SegmentedRaftLogWorker close()
2022-01-11 23:55:31,582 [Command processor thread] INFO  server.RaftServer$Division (RaftServerImpl.java:groupRemove(382)) - 2a1c9333-8641-498a-88f2-87bcecbe0d18@group-9D82FB37D1D1: Succeed to remove RaftStorageDirectory Storage Directory /home/runner/work/ozone/ozone/hadoop-ozone/integration-test/target/test-dir/MiniOzoneClusterImpl-84b3519b-a2d3-47e7-8c84-34506f72c9f7/datanode-5/data/ratis/596ae104-db7c-476c-b93c-9d82fb37d1d1
2022-01-11 23:55:31,582 [Command processor thread] INFO  commandhandler.ClosePipelineCommandHandler (ClosePipelineCommandHandler.java:handle(78)) - Close Pipeline PipelineID=596ae104-db7c-476c-b93c-9d82fb37d1d1 command on datanode 2a1c9333-8641-498a-88f2-87bcecbe0d18.
2022-01-11 23:55:31,582 [Command processor thread] INFO  server.RaftServer (RaftServerProxy.java:remove(106)) - 2a1c9333-8641-498a-88f2-87bcecbe0d18: remove  FOLLOWER 2a1c9333-8641-498a-88f2-87bcecbe0d18@group-1E23594CE36A:t4, leader=null, voted=2a1c9333-8641-498a-88f2-87bcecbe0d18, raftlog=2a1c9333-8641-498a-88f2-87bcecbe0d18@group-1E23594CE36A-SegmentedRaftLog:OPENED:c-1, conf=-1: [2a1c9333-8641-498a-88f2-87bcecbe0d18|rpc:10.1.0.37:38177|priority:0, 6b666312-5236-4d63-85d6-3705eb3fb30b|rpc:10.1.0.37:38271|priority:1, 757e1abf-caf6-4356-ad73-d786994982ad|rpc:10.1.0.37:41749|priority:0], old=null RUNNING
2022-01-11 23:55:31,582 [Command processor thread] INFO  server.RaftServer$Division (RaftServerImpl.java:lambda$close$4(412)) - 2a1c9333-8641-498a-88f2-87bcecbe0d18@group-1E23594CE36A: shutdown
2022-01-11 23:55:31,582 [Command processor thread] INFO  util.JmxRegister (JmxRegister.java:unregister(73)) - Successfully un-registered JMX Bean with object name Ratis:service=RaftServer,group=group-1E23594CE36A,id=2a1c9333-8641-498a-88f2-87bcecbe0d18
2022-01-11 23:55:31,582 [Command processor thread] INFO  impl.RoleInfo (RoleInfo.java:shutdownFollowerState(108)) - 2a1c9333-8641-498a-88f2-87bcecbe0d18: shutdown 2a1c9333-8641-498a-88f2-87bcecbe0d18@group-1E23594CE36A-FollowerState
2022-01-11 23:55:31,582 [Command processor thread] INFO  impl.StateMachineUpdater (StateMachineUpdater.java:stopAndJoin(149)) - 2a1c9333-8641-498a-88f2-87bcecbe0d18@group-1E23594CE36A-StateMachineUpdater: set stopIndex = -1
2022-01-11 23:55:31,582 [2a1c9333-8641-498a-88f2-87bcecbe0d18@group-1E23594CE36A-FollowerState] INFO  impl.FollowerState (FollowerState.java:run(143)) - 2a1c9333-8641-498a-88f2-87bcecbe0d18@group-1E23594CE36A-FollowerState was interrupted: {}
java.lang.InterruptedException: sleep interrupted
	at java.lang.Thread.sleep(Native Method)
	at java.lang.Thread.sleep(Thread.java:340)
	at java.util.concurrent.TimeUnit.sleep(TimeUnit.java:386)
	at org.apache.ratis.util.TimeDuration.sleep(TimeDuration.java:324)
	at org.apache.ratis.util.TimeDuration.sleep(TimeDuration.java:309)
	at org.apache.ratis.server.impl.FollowerState.run(FollowerState.java:118)
2022-01-11 23:55:31,583 [Command processor thread] INFO  server.RaftServer$Division (ServerState.java:close(419)) - 2a1c9333-8641-498a-88f2-87bcecbe0d18@group-1E23594CE36A: closes. applyIndex: -1
2022-01-11 23:55:31,583 [2a1c9333-8641-498a-88f2-87bcecbe0d18@group-1E23594CE36A-SegmentedRaftLogWorker] INFO  segmented.SegmentedRaftLogWorker (SegmentedRaftLogWorker.java:run(327)) - 2a1c9333-8641-498a-88f2-87bcecbe0d18@group-1E23594CE36A-SegmentedRaftLogWorker was interrupted, exiting. There are 0 tasks remaining in the queue.
2022-01-11 23:55:31,583 [Command processor thread] INFO  segmented.SegmentedRaftLogWorker (SegmentedRaftLogWorker.java:close(237)) - 2a1c9333-8641-498a-88f2-87bcecbe0d18@group-1E23594CE36A-SegmentedRaftLogWorker close()
2022-01-11 23:55:31,584 [Command processor thread] INFO  server.RaftServer$Division (RaftServerImpl.java:groupRemove(382)) - 2a1c9333-8641-498a-88f2-87bcecbe0d18@group-1E23594CE36A: Succeed to remove RaftStorageDirectory Storage Directory /home/runner/work/ozone/ozone/hadoop-ozone/integration-test/target/test-dir/MiniOzoneClusterImpl-84b3519b-a2d3-47e7-8c84-34506f72c9f7/datanode-5/data/ratis/f3dab52c-f49d-4ac3-8007-1e23594ce36a
2022-01-11 23:55:31,584 [Command processor thread] INFO  commandhandler.ClosePipelineCommandHandler (ClosePipelineCommandHandler.java:handle(78)) - Close Pipeline PipelineID=f3dab52c-f49d-4ac3-8007-1e23594ce36a command on datanode 2a1c9333-8641-498a-88f2-87bcecbe0d18.
2022-01-11 23:55:32,602 [grpc-default-executor-2] WARN  server.GrpcLogAppender (LogUtils.java:warn(122)) - 77c66afc-fa73-4d89-b59d-9adc22a556cf@group-9D82FB37D1D1->757e1abf-caf6-4356-ad73-d786994982ad-AppendLogResponseHandler: Failed appendEntries: org.apache.ratis.thirdparty.io.grpc.StatusRuntimeException: UNAVAILABLE: io exception
2022-01-11 23:55:32,603 [grpc-default-executor-2] WARN  server.GrpcLogAppender (GrpcLogAppender.java:resetClient(110)) - 77c66afc-fa73-4d89-b59d-9adc22a556cf@group-9D82FB37D1D1->757e1abf-caf6-4356-ad73-d786994982ad-GrpcLogAppender: Leader has not got in touch with Follower 77c66afc-fa73-4d89-b59d-9adc22a556cf@group-9D82FB37D1D1->757e1abf-caf6-4356-ad73-d786994982ad(c-1,m0,n1, attendVote=true, lastRpcSendTime=2510, lastRpcResponseTime=12917) yet, just keep nextIndex unchanged and retry.
2022-01-11 23:55:32,858 [grpc-default-executor-2] WARN  server.GrpcLogAppender (LogUtils.java:warn(122)) - 77c66afc-fa73-4d89-b59d-9adc22a556cf@group-B7EECE8F9241->757e1abf-caf6-4356-ad73-d786994982ad-AppendLogResponseHandler: Failed appendEntries: org.apache.ratis.thirdparty.io.grpc.StatusRuntimeException: UNAVAILABLE: io exception
2022-01-11 23:55:32,860 [grpc-default-executor-2] WARN  server.GrpcLogAppender (GrpcLogAppender.java:resetClient(110)) - 77c66afc-fa73-4d89-b59d-9adc22a556cf@group-B7EECE8F9241->757e1abf-caf6-4356-ad73-d786994982ad-GrpcLogAppender: Leader has not got in touch with Follower 77c66afc-fa73-4d89-b59d-9adc22a556cf@group-B7EECE8F9241->757e1abf-caf6-4356-ad73-d786994982ad(c-1,m0,n1, attendVote=true, lastRpcSendTime=2509, lastRpcResponseTime=22849) yet, just keep nextIndex unchanged and retry.
2022-01-11 23:55:35,105 [grpc-default-executor-2] WARN  server.GrpcLogAppender (LogUtils.java:warn(122)) - 77c66afc-fa73-4d89-b59d-9adc22a556cf@group-9D82FB37D1D1->757e1abf-caf6-4356-ad73-d786994982ad-AppendLogResponseHandler: Failed appendEntries: org.apache.ratis.thirdparty.io.grpc.StatusRuntimeException: UNAVAILABLE: io exception
2022-01-11 23:55:35,106 [grpc-default-executor-2] WARN  server.GrpcLogAppender (GrpcLogAppender.java:resetClient(110)) - 77c66afc-fa73-4d89-b59d-9adc22a556cf@group-9D82FB37D1D1->757e1abf-caf6-4356-ad73-d786994982ad-GrpcLogAppender: Leader has not got in touch with Follower 77c66afc-fa73-4d89-b59d-9adc22a556cf@group-9D82FB37D1D1->757e1abf-caf6-4356-ad73-d786994982ad(c-1,m0,n1, attendVote=true, lastRpcSendTime=2501, lastRpcResponseTime=15420) yet, just keep nextIndex unchanged and retry.
2022-01-11 23:55:35,365 [grpc-default-executor-2] WARN  server.GrpcLogAppender (LogUtils.java:warn(122)) - 77c66afc-fa73-4d89-b59d-9adc22a556cf@group-B7EECE8F9241->757e1abf-caf6-4356-ad73-d786994982ad-AppendLogResponseHandler: Failed appendEntries: org.apache.ratis.thirdparty.io.grpc.StatusRuntimeException: UNAVAILABLE: io exception
2022-01-11 23:55:35,366 [grpc-default-executor-2] WARN  server.GrpcLogAppender (GrpcLogAppender.java:resetClient(110)) - 77c66afc-fa73-4d89-b59d-9adc22a556cf@group-B7EECE8F9241->757e1abf-caf6-4356-ad73-d786994982ad-GrpcLogAppender: Leader has not got in touch with Follower 77c66afc-fa73-4d89-b59d-9adc22a556cf@group-B7EECE8F9241->757e1abf-caf6-4356-ad73-d786994982ad(c-1,m0,n1, attendVote=true, lastRpcSendTime=2505, lastRpcResponseTime=25355) yet, just keep nextIndex unchanged and retry.
2022-01-11 23:55:35,605 [6b666312-5236-4d63-85d6-3705eb3fb30b@group-1E23594CE36A-FollowerState] INFO  impl.FollowerState (FollowerState.java:run(134)) - 6b666312-5236-4d63-85d6-3705eb3fb30b@group-1E23594CE36A-FollowerState: change to CANDIDATE, lastRpcElapsedTime:5036385429ns, electionTimeout:5031ms
2022-01-11 23:55:35,605 [6b666312-5236-4d63-85d6-3705eb3fb30b@group-1E23594CE36A-FollowerState] INFO  impl.RoleInfo (RoleInfo.java:shutdownFollowerState(108)) - 6b666312-5236-4d63-85d6-3705eb3fb30b: shutdown 6b666312-5236-4d63-85d6-3705eb3fb30b@group-1E23594CE36A-FollowerState
2022-01-11 23:55:35,605 [6b666312-5236-4d63-85d6-3705eb3fb30b@group-1E23594CE36A-FollowerState] INFO  server.RaftServer$Division (RaftServerImpl.java:setRole(290)) - 6b666312-5236-4d63-85d6-3705eb3fb30b@group-1E23594CE36A: changes role from  FOLLOWER to CANDIDATE at term 4 for changeToCandidate
2022-01-11 23:55:35,605 [6b666312-5236-4d63-85d6-3705eb3fb30b@group-1E23594CE36A-FollowerState] INFO  server.RaftServerConfigKeys (ConfUtils.java:logGet(44)) - raft.server.leaderelection.pre-vote = false (custom)
2022-01-11 23:55:35,605 [6b666312-5236-4d63-85d6-3705eb3fb30b@group-1E23594CE36A-FollowerState] INFO  impl.RoleInfo (RoleInfo.java:updateAndGet(130)) - 6b666312-5236-4d63-85d6-3705eb3fb30b: start 6b666312-5236-4d63-85d6-3705eb3fb30b@group-1E23594CE36A-LeaderElection80
2022-01-11 23:55:35,641 [6b666312-5236-4d63-85d6-3705eb3fb30b@group-1E23594CE36A-LeaderElection80] INFO  impl.LeaderElection (LeaderElection.java:askForVotes(306)) - 6b666312-5236-4d63-85d6-3705eb3fb30b@group-1E23594CE36A-LeaderElection80 ELECTION round 0: submit vote requests at term 5 for -1: [2a1c9333-8641-498a-88f2-87bcecbe0d18|rpc:10.1.0.37:38177|dataStream:|priority:0, 6b666312-5236-4d63-85d6-3705eb3fb30b|rpc:10.1.0.37:38271|dataStream:|priority:1, 757e1abf-caf6-4356-ad73-d786994982ad|rpc:10.1.0.37:41749|dataStream:|priority:0], old=null
2022-01-11 23:55:35,655 [grpc-default-executor-2] WARN  server.GrpcServerProtocolService (LogUtils.java:warn(124)) - 2a1c9333-8641-498a-88f2-87bcecbe0d18: Failed requestVote 6b666312-5236-4d63-85d6-3705eb3fb30b->2a1c9333-8641-498a-88f2-87bcecbe0d18#0
org.apache.ratis.protocol.exceptions.GroupMismatchException: 2a1c9333-8641-498a-88f2-87bcecbe0d18: group-1E23594CE36A not found.
	at org.apache.ratis.server.impl.RaftServerProxy$ImplMap.get(RaftServerProxy.java:147)
	at org.apache.ratis.server.impl.RaftServerProxy.getImplFuture(RaftServerProxy.java:339)
	at org.apache.ratis.server.impl.RaftServerProxy.getImpl(RaftServerProxy.java:348)
	at org.apache.ratis.server.impl.RaftServerProxy.getImpl(RaftServerProxy.java:343)
	at org.apache.ratis.server.impl.RaftServerProxy.requestVote(RaftServerProxy.java:548)
	at org.apache.ratis.grpc.server.GrpcServerProtocolService.requestVote(GrpcServerProtocolService.java:172)
	at org.apache.ratis.proto.grpc.RaftServerProtocolServiceGrpc$MethodHandlers.invoke(RaftServerProtocolServiceGrpc.java:394)
	at org.apache.ratis.thirdparty.io.grpc.stub.ServerCalls$UnaryServerCallHandler$UnaryServerCallListener.onHalfClose(ServerCalls.java:182)
	at org.apache.ratis.thirdparty.io.grpc.PartialForwardingServerCallListener.onHalfClose(PartialForwardingServerCallListener.java:35)
	at org.apache.ratis.thirdparty.io.grpc.ForwardingServerCallListener.onHalfClose(ForwardingServerCallListener.java:23)
	at org.apache.ratis.thirdparty.io.grpc.internal.ServerCallImpl$ServerStreamListenerImpl.halfClosed(ServerCallImpl.java:331)
	at org.apache.ratis.thirdparty.io.grpc.internal.ServerImpl$JumpToApplicationThreadServerStreamListener$1HalfClosed.runInContext(ServerImpl.java:814)
	at org.apache.ratis.thirdparty.io.grpc.internal.ContextRunnable.run(ContextRunnable.java:37)
	at org.apache.ratis.thirdparty.io.grpc.internal.SerializingExecutor.run(SerializingExecutor.java:123)
	at java.util.concurrent.ThreadPoolExecutor.runWorker(ThreadPoolExecutor.java:1149)
	at java.util.concurrent.ThreadPoolExecutor$Worker.run(ThreadPoolExecutor.java:624)
	at java.lang.Thread.run(Thread.java:748)
2022-01-11 23:55:35,669 [6b666312-5236-4d63-85d6-3705eb3fb30b@group-1E23594CE36A-LeaderElection80] INFO  impl.LeaderElection (LogUtils.java:infoOrTrace(137)) - 6b666312-5236-4d63-85d6-3705eb3fb30b@group-1E23594CE36A-LeaderElection80 got exception when requesting votes: java.util.concurrent.ExecutionException: org.apache.ratis.thirdparty.io.grpc.StatusRuntimeException: UNAVAILABLE: io exception
2022-01-11 23:55:35,674 [6b666312-5236-4d63-85d6-3705eb3fb30b@group-1E23594CE36A-LeaderElection80] INFO  impl.LeaderElection (LogUtils.java:infoOrTrace(137)) - 6b666312-5236-4d63-85d6-3705eb3fb30b@group-1E23594CE36A-LeaderElection80 got exception when requesting votes: java.util.concurrent.ExecutionException: org.apache.ratis.thirdparty.io.grpc.StatusRuntimeException: INTERNAL: 2a1c9333-8641-498a-88f2-87bcecbe0d18: group-1E23594CE36A not found.
2022-01-11 23:55:35,675 [6b666312-5236-4d63-85d6-3705eb3fb30b@group-1E23594CE36A-LeaderElection80] INFO  impl.LeaderElection (LeaderElection.java:logAndReturn(89)) - 6b666312-5236-4d63-85d6-3705eb3fb30b@group-1E23594CE36A-LeaderElection80: ELECTION REJECTED received 0 response(s) and 2 exception(s):
2022-01-11 23:55:35,675 [6b666312-5236-4d63-85d6-3705eb3fb30b@group-1E23594CE36A-LeaderElection80] INFO  impl.LeaderElection (LogUtils.java:infoOrTrace(137)) -   Exception 0: java.util.concurrent.ExecutionException: org.apache.ratis.thirdparty.io.grpc.StatusRuntimeException: UNAVAILABLE: io exception
2022-01-11 23:55:35,675 [6b666312-5236-4d63-85d6-3705eb3fb30b@group-1E23594CE36A-LeaderElection80] INFO  impl.LeaderElection (LogUtils.java:infoOrTrace(137)) -   Exception 1: java.util.concurrent.ExecutionException: org.apache.ratis.thirdparty.io.grpc.StatusRuntimeException: INTERNAL: 2a1c9333-8641-498a-88f2-87bcecbe0d18: group-1E23594CE36A not found.
2022-01-11 23:55:35,675 [6b666312-5236-4d63-85d6-3705eb3fb30b@group-1E23594CE36A-LeaderElection80] INFO  impl.LeaderElection (LeaderElection.java:askForVotes(308)) - 6b666312-5236-4d63-85d6-3705eb3fb30b@group-1E23594CE36A-LeaderElection80 ELECTION round 0: result REJECTED
2022-01-11 23:55:35,675 [6b666312-5236-4d63-85d6-3705eb3fb30b@group-1E23594CE36A-LeaderElection80] INFO  server.RaftServer$Division (RaftServerImpl.java:setRole(290)) - 6b666312-5236-4d63-85d6-3705eb3fb30b@group-1E23594CE36A: changes role from CANDIDATE to FOLLOWER at term 5 for REJECTED
2022-01-11 23:55:35,675 [6b666312-5236-4d63-85d6-3705eb3fb30b@group-1E23594CE36A-LeaderElection80] INFO  impl.RoleInfo (RoleInfo.java:shutdownLeaderElection(121)) - 6b666312-5236-4d63-85d6-3705eb3fb30b: shutdown 6b666312-5236-4d63-85d6-3705eb3fb30b@group-1E23594CE36A-LeaderElection80
2022-01-11 23:55:35,675 [6b666312-5236-4d63-85d6-3705eb3fb30b@group-1E23594CE36A-LeaderElection80] INFO  impl.RoleInfo (RoleInfo.java:updateAndGet(130)) - 6b666312-5236-4d63-85d6-3705eb3fb30b: start 6b666312-5236-4d63-85d6-3705eb3fb30b@group-1E23594CE36A-FollowerState
2022-01-11 23:55:35,702 [java.util.concurrent.ThreadPoolExecutor$Worker@de0690a[State = -1, empty queue]] WARN  server.GrpcLogAppender (GrpcLogAppender.java:timeoutAppendRequest(246)) - 77c66afc-fa73-4d89-b59d-9adc22a556cf@group-9D82FB37D1D1->2a1c9333-8641-498a-88f2-87bcecbe0d18-GrpcLogAppender: HEARTBEAT appendEntries Timeout, request=AppendEntriesRequest:cid=9,entriesCount=0,lastEntry=null
2022-01-11 23:55:35,710 [Listener at 127.0.0.1/46043] INFO  ozoneimpl.OzoneContainer (OzoneContainer.java:stop(336)) - Attempting to stop container services.
2022-01-11 23:55:35,711 [Listener at 127.0.0.1/46043] INFO  server.RaftServer (RaftServerProxy.java:lambda$close$6(391)) - 6b666312-5236-4d63-85d6-3705eb3fb30b: close
2022-01-11 23:55:35,711 [Listener at 127.0.0.1/46043] INFO  server.RaftServer$Division (RaftServerImpl.java:lambda$close$4(412)) - 6b666312-5236-4d63-85d6-3705eb3fb30b@group-31887F02BC17: shutdown
2022-01-11 23:55:35,717 [Listener at 127.0.0.1/46043] INFO  util.JmxRegister (JmxRegister.java:unregister(73)) - Successfully un-registered JMX Bean with object name Ratis:service=RaftServer,group=group-31887F02BC17,id=6b666312-5236-4d63-85d6-3705eb3fb30b
2022-01-11 23:55:35,717 [Listener at 127.0.0.1/46043] INFO  impl.RoleInfo (RoleInfo.java:shutdownLeaderState(91)) - 6b666312-5236-4d63-85d6-3705eb3fb30b: shutdown 6b666312-5236-4d63-85d6-3705eb3fb30b@group-31887F02BC17-LeaderStateImpl
2022-01-11 23:55:35,717 [Listener at 127.0.0.1/46043] INFO  impl.PendingRequests (PendingRequests.java:sendNotLeaderResponses(282)) - 6b666312-5236-4d63-85d6-3705eb3fb30b@group-31887F02BC17-PendingRequests: sendNotLeaderResponses
2022-01-11 23:55:35,718 [Listener at 127.0.0.1/46043] INFO  impl.StateMachineUpdater (StateMachineUpdater.java:stopAndJoin(149)) - 6b666312-5236-4d63-85d6-3705eb3fb30b@group-31887F02BC17-StateMachineUpdater: set stopIndex = 0
2022-01-11 23:55:35,718 [6b666312-5236-4d63-85d6-3705eb3fb30b@group-31887F02BC17-StateMachineUpdater] INFO  ratis.ContainerStateMachine (ContainerStateMachine.java:takeSnapshot(299)) - group-31887F02BC17: Taking a snapshot at:(t:1, i:0) file /home/runner/work/ozone/ozone/hadoop-ozone/integration-test/target/test-dir/MiniOzoneClusterImpl-84b3519b-a2d3-47e7-8c84-34506f72c9f7/datanode-6/data/ratis/94c2b8f9-d063-4842-963f-31887f02bc17/sm/snapshot.1_0
2022-01-11 23:55:35,719 [6b666312-5236-4d63-85d6-3705eb3fb30b@group-31887F02BC17-StateMachineUpdater] INFO  ratis.ContainerStateMachine (ContainerStateMachine.java:takeSnapshot(310)) - group-31887F02BC17: Finished taking a snapshot at:(t:1, i:0) file:/home/runner/work/ozone/ozone/hadoop-ozone/integration-test/target/test-dir/MiniOzoneClusterImpl-84b3519b-a2d3-47e7-8c84-34506f72c9f7/datanode-6/data/ratis/94c2b8f9-d063-4842-963f-31887f02bc17/sm/snapshot.1_0 took: 1 ms
2022-01-11 23:55:35,719 [6b666312-5236-4d63-85d6-3705eb3fb30b@group-31887F02BC17-StateMachineUpdater] INFO  impl.StateMachineUpdater (StateMachineUpdater.java:takeSnapshot(281)) - 6b666312-5236-4d63-85d6-3705eb3fb30b@group-31887F02BC17-StateMachineUpdater: Took a snapshot at index 0
2022-01-11 23:55:35,719 [6b666312-5236-4d63-85d6-3705eb3fb30b@group-31887F02BC17-StateMachineUpdater] INFO  impl.StateMachineUpdater (StateMachineUpdater.java:lambda$new$0(89)) - 6b666312-5236-4d63-85d6-3705eb3fb30b@group-31887F02BC17-StateMachineUpdater: snapshotIndex: updateIncreasingly -1 -> 0
2022-01-11 23:55:35,719 [Listener at 127.0.0.1/46043] INFO  server.RaftServer$Division (ServerState.java:close(419)) - 6b666312-5236-4d63-85d6-3705eb3fb30b@group-31887F02BC17: closes. applyIndex: 0
2022-01-11 23:55:35,720 [6b666312-5236-4d63-85d6-3705eb3fb30b@group-31887F02BC17-SegmentedRaftLogWorker] INFO  segmented.SegmentedRaftLogWorker (SegmentedRaftLogWorker.java:run(327)) - 6b666312-5236-4d63-85d6-3705eb3fb30b@group-31887F02BC17-SegmentedRaftLogWorker was interrupted, exiting. There are 0 tasks remaining in the queue.
2022-01-11 23:55:35,720 [Listener at 127.0.0.1/46043] INFO  segmented.SegmentedRaftLogWorker (SegmentedRaftLogWorker.java:close(237)) - 6b666312-5236-4d63-85d6-3705eb3fb30b@group-31887F02BC17-SegmentedRaftLogWorker close()
2022-01-11 23:55:35,720 [Listener at 127.0.0.1/46043] INFO  server.RaftServer$Division (RaftServerImpl.java:lambda$close$4(412)) - 6b666312-5236-4d63-85d6-3705eb3fb30b@group-1E23594CE36A: shutdown
2022-01-11 23:55:35,720 [Listener at 127.0.0.1/46043] INFO  util.JmxRegister (JmxRegister.java:unregister(73)) - Successfully un-registered JMX Bean with object name Ratis:service=RaftServer,group=group-1E23594CE36A,id=6b666312-5236-4d63-85d6-3705eb3fb30b
2022-01-11 23:55:35,721 [Listener at 127.0.0.1/46043] INFO  impl.RoleInfo (RoleInfo.java:shutdownFollowerState(108)) - 6b666312-5236-4d63-85d6-3705eb3fb30b: shutdown 6b666312-5236-4d63-85d6-3705eb3fb30b@group-1E23594CE36A-FollowerState
2022-01-11 23:55:35,721 [6b666312-5236-4d63-85d6-3705eb3fb30b@group-1E23594CE36A-FollowerState] INFO  impl.FollowerState (FollowerState.java:run(143)) - 6b666312-5236-4d63-85d6-3705eb3fb30b@group-1E23594CE36A-FollowerState was interrupted: {}
java.lang.InterruptedException: sleep interrupted
	at java.lang.Thread.sleep(Native Method)
	at java.lang.Thread.sleep(Thread.java:340)
	at java.util.concurrent.TimeUnit.sleep(TimeUnit.java:386)
	at org.apache.ratis.util.TimeDuration.sleep(TimeDuration.java:324)
	at org.apache.ratis.util.TimeDuration.sleep(TimeDuration.java:309)
	at org.apache.ratis.server.impl.FollowerState.run(FollowerState.java:118)
2022-01-11 23:55:35,721 [Listener at 127.0.0.1/46043] INFO  impl.StateMachineUpdater (StateMachineUpdater.java:stopAndJoin(149)) - 6b666312-5236-4d63-85d6-3705eb3fb30b@group-1E23594CE36A-StateMachineUpdater: set stopIndex = -1
2022-01-11 23:55:35,721 [Listener at 127.0.0.1/46043] INFO  server.RaftServer$Division (ServerState.java:close(419)) - 6b666312-5236-4d63-85d6-3705eb3fb30b@group-1E23594CE36A: closes. applyIndex: -1
2022-01-11 23:55:35,772 [6b666312-5236-4d63-85d6-3705eb3fb30b@group-1E23594CE36A-SegmentedRaftLogWorker] INFO  segmented.SegmentedRaftLogWorker (SegmentedRaftLogWorker.java:run(327)) - 6b666312-5236-4d63-85d6-3705eb3fb30b@group-1E23594CE36A-SegmentedRaftLogWorker was interrupted, exiting. There are 0 tasks remaining in the queue.
2022-01-11 23:55:35,772 [Listener at 127.0.0.1/46043] INFO  segmented.SegmentedRaftLogWorker (SegmentedRaftLogWorker.java:close(237)) - 6b666312-5236-4d63-85d6-3705eb3fb30b@group-1E23594CE36A-SegmentedRaftLogWorker close()
2022-01-11 23:55:35,773 [Listener at 127.0.0.1/46043] INFO  server.RaftServer$Division (RaftServerImpl.java:lambda$close$4(412)) - 6b666312-5236-4d63-85d6-3705eb3fb30b@group-F30F1A0B57EF: shutdown
2022-01-11 23:55:35,774 [Listener at 127.0.0.1/46043] INFO  util.JmxRegister (JmxRegister.java:unregister(73)) - Successfully un-registered JMX Bean with object name Ratis:service=RaftServer,group=group-F30F1A0B57EF,id=6b666312-5236-4d63-85d6-3705eb3fb30b
2022-01-11 23:55:35,774 [Listener at 127.0.0.1/46043] INFO  impl.RoleInfo (RoleInfo.java:shutdownFollowerState(108)) - 6b666312-5236-4d63-85d6-3705eb3fb30b: shutdown 6b666312-5236-4d63-85d6-3705eb3fb30b@group-F30F1A0B57EF-FollowerState
2022-01-11 23:55:35,774 [Listener at 127.0.0.1/46043] INFO  impl.StateMachineUpdater (StateMachineUpdater.java:stopAndJoin(149)) - 6b666312-5236-4d63-85d6-3705eb3fb30b@group-F30F1A0B57EF-StateMachineUpdater: set stopIndex = 0
2022-01-11 23:55:35,774 [6b666312-5236-4d63-85d6-3705eb3fb30b@group-F30F1A0B57EF-FollowerState] INFO  impl.FollowerState (FollowerState.java:run(143)) - 6b666312-5236-4d63-85d6-3705eb3fb30b@group-F30F1A0B57EF-FollowerState was interrupted: {}
java.lang.InterruptedException: sleep interrupted
	at java.lang.Thread.sleep(Native Method)
	at java.lang.Thread.sleep(Thread.java:340)
	at java.util.concurrent.TimeUnit.sleep(TimeUnit.java:386)
	at org.apache.ratis.util.TimeDuration.sleep(TimeDuration.java:324)
	at org.apache.ratis.util.TimeDuration.sleep(TimeDuration.java:309)
	at org.apache.ratis.server.impl.FollowerState.run(FollowerState.java:118)
2022-01-11 23:55:35,774 [6b666312-5236-4d63-85d6-3705eb3fb30b@group-F30F1A0B57EF-StateMachineUpdater] INFO  ratis.ContainerStateMachine (ContainerStateMachine.java:takeSnapshot(299)) - group-F30F1A0B57EF: Taking a snapshot at:(t:1, i:0) file /home/runner/work/ozone/ozone/hadoop-ozone/integration-test/target/test-dir/MiniOzoneClusterImpl-84b3519b-a2d3-47e7-8c84-34506f72c9f7/datanode-6/data/ratis/6cfe6a42-a277-473f-b133-f30f1a0b57ef/sm/snapshot.1_0
2022-01-11 23:55:35,777 [6b666312-5236-4d63-85d6-3705eb3fb30b@group-F30F1A0B57EF-StateMachineUpdater] INFO  ratis.ContainerStateMachine (ContainerStateMachine.java:takeSnapshot(310)) - group-F30F1A0B57EF: Finished taking a snapshot at:(t:1, i:0) file:/home/runner/work/ozone/ozone/hadoop-ozone/integration-test/target/test-dir/MiniOzoneClusterImpl-84b3519b-a2d3-47e7-8c84-34506f72c9f7/datanode-6/data/ratis/6cfe6a42-a277-473f-b133-f30f1a0b57ef/sm/snapshot.1_0 took: 2 ms
2022-01-11 23:55:35,777 [6b666312-5236-4d63-85d6-3705eb3fb30b@group-F30F1A0B57EF-StateMachineUpdater] INFO  impl.StateMachineUpdater (StateMachineUpdater.java:takeSnapshot(281)) - 6b666312-5236-4d63-85d6-3705eb3fb30b@group-F30F1A0B57EF-StateMachineUpdater: Took a snapshot at index 0
2022-01-11 23:55:35,777 [6b666312-5236-4d63-85d6-3705eb3fb30b@group-F30F1A0B57EF-StateMachineUpdater] INFO  impl.StateMachineUpdater (StateMachineUpdater.java:lambda$new$0(89)) - 6b666312-5236-4d63-85d6-3705eb3fb30b@group-F30F1A0B57EF-StateMachineUpdater: snapshotIndex: updateIncreasingly -1 -> 0
2022-01-11 23:55:35,778 [Listener at 127.0.0.1/46043] INFO  server.RaftServer$Division (ServerState.java:close(419)) - 6b666312-5236-4d63-85d6-3705eb3fb30b@group-F30F1A0B57EF: closes. applyIndex: 0
2022-01-11 23:55:35,778 [6b666312-5236-4d63-85d6-3705eb3fb30b@group-F30F1A0B57EF-SegmentedRaftLogWorker] INFO  segmented.SegmentedRaftLogWorker (SegmentedRaftLogWorker.java:run(327)) - 6b666312-5236-4d63-85d6-3705eb3fb30b@group-F30F1A0B57EF-SegmentedRaftLogWorker was interrupted, exiting. There are 0 tasks remaining in the queue.
2022-01-11 23:55:35,779 [Listener at 127.0.0.1/46043] INFO  segmented.SegmentedRaftLogWorker (SegmentedRaftLogWorker.java:close(237)) - 6b666312-5236-4d63-85d6-3705eb3fb30b@group-F30F1A0B57EF-SegmentedRaftLogWorker close()
2022-01-11 23:55:35,781 [Listener at 127.0.0.1/46043] INFO  server.RaftServer$Division (RaftServerImpl.java:lambda$close$4(412)) - 6b666312-5236-4d63-85d6-3705eb3fb30b@group-B7EECE8F9241: shutdown
2022-01-11 23:55:35,781 [Listener at 127.0.0.1/46043] INFO  util.JmxRegister (JmxRegister.java:unregister(73)) - Successfully un-registered JMX Bean with object name Ratis:service=RaftServer,group=group-B7EECE8F9241,id=6b666312-5236-4d63-85d6-3705eb3fb30b
2022-01-11 23:55:35,781 [Listener at 127.0.0.1/46043] INFO  impl.RoleInfo (RoleInfo.java:shutdownFollowerState(108)) - 6b666312-5236-4d63-85d6-3705eb3fb30b: shutdown 6b666312-5236-4d63-85d6-3705eb3fb30b@group-B7EECE8F9241-FollowerState
2022-01-11 23:55:35,781 [Listener at 127.0.0.1/46043] INFO  impl.StateMachineUpdater (StateMachineUpdater.java:stopAndJoin(149)) - 6b666312-5236-4d63-85d6-3705eb3fb30b@group-B7EECE8F9241-StateMachineUpdater: set stopIndex = 0
2022-01-11 23:55:35,782 [6b666312-5236-4d63-85d6-3705eb3fb30b@group-B7EECE8F9241-FollowerState] INFO  impl.FollowerState (FollowerState.java:run(143)) - 6b666312-5236-4d63-85d6-3705eb3fb30b@group-B7EECE8F9241-FollowerState was interrupted: {}
java.lang.InterruptedException: sleep interrupted
	at java.lang.Thread.sleep(Native Method)
	at java.lang.Thread.sleep(Thread.java:340)
	at java.util.concurrent.TimeUnit.sleep(TimeUnit.java:386)
	at org.apache.ratis.util.TimeDuration.sleep(TimeDuration.java:324)
	at org.apache.ratis.util.TimeDuration.sleep(TimeDuration.java:309)
	at org.apache.ratis.server.impl.FollowerState.run(FollowerState.java:118)
2022-01-11 23:55:35,782 [6b666312-5236-4d63-85d6-3705eb3fb30b@group-B7EECE8F9241-StateMachineUpdater] INFO  ratis.ContainerStateMachine (ContainerStateMachine.java:takeSnapshot(299)) - group-B7EECE8F9241: Taking a snapshot at:(t:1, i:0) file /home/runner/work/ozone/ozone/hadoop-ozone/integration-test/target/test-dir/MiniOzoneClusterImpl-84b3519b-a2d3-47e7-8c84-34506f72c9f7/datanode-6/data/ratis/2b2875fe-7bf9-4d91-8670-b7eece8f9241/sm/snapshot.1_0
2022-01-11 23:55:35,783 [6b666312-5236-4d63-85d6-3705eb3fb30b@group-B7EECE8F9241-StateMachineUpdater] INFO  ratis.ContainerStateMachine (ContainerStateMachine.java:takeSnapshot(310)) - group-B7EECE8F9241: Finished taking a snapshot at:(t:1, i:0) file:/home/runner/work/ozone/ozone/hadoop-ozone/integration-test/target/test-dir/MiniOzoneClusterImpl-84b3519b-a2d3-47e7-8c84-34506f72c9f7/datanode-6/data/ratis/2b2875fe-7bf9-4d91-8670-b7eece8f9241/sm/snapshot.1_0 took: 1 ms
2022-01-11 23:55:35,783 [6b666312-5236-4d63-85d6-3705eb3fb30b@group-B7EECE8F9241-StateMachineUpdater] INFO  impl.StateMachineUpdater (StateMachineUpdater.java:takeSnapshot(281)) - 6b666312-5236-4d63-85d6-3705eb3fb30b@group-B7EECE8F9241-StateMachineUpdater: Took a snapshot at index 0
2022-01-11 23:55:35,783 [6b666312-5236-4d63-85d6-3705eb3fb30b@group-B7EECE8F9241-StateMachineUpdater] INFO  impl.StateMachineUpdater (StateMachineUpdater.java:lambda$new$0(89)) - 6b666312-5236-4d63-85d6-3705eb3fb30b@group-B7EECE8F9241-StateMachineUpdater: snapshotIndex: updateIncreasingly -1 -> 0
2022-01-11 23:55:35,783 [Listener at 127.0.0.1/46043] INFO  server.RaftServer$Division (ServerState.java:close(419)) - 6b666312-5236-4d63-85d6-3705eb3fb30b@group-B7EECE8F9241: closes. applyIndex: 0
2022-01-11 23:55:35,784 [6b666312-5236-4d63-85d6-3705eb3fb30b@group-B7EECE8F9241-SegmentedRaftLogWorker] INFO  segmented.SegmentedRaftLogWorker (SegmentedRaftLogWorker.java:run(327)) - 6b666312-5236-4d63-85d6-3705eb3fb30b@group-B7EECE8F9241-SegmentedRaftLogWorker was interrupted, exiting. There are 0 tasks remaining in the queue.
2022-01-11 23:55:35,784 [Listener at 127.0.0.1/46043] INFO  segmented.SegmentedRaftLogWorker (SegmentedRaftLogWorker.java:close(237)) - 6b666312-5236-4d63-85d6-3705eb3fb30b@group-B7EECE8F9241-SegmentedRaftLogWorker close()
2022-01-11 23:55:35,784 [Listener at 127.0.0.1/46043] INFO  server.GrpcService (GrpcService.java:closeImpl(262)) - 6b666312-5236-4d63-85d6-3705eb3fb30b: shutdown server with port 38271 now
2022-01-11 23:55:35,785 [grpc-default-executor-1] WARN  server.GrpcServerProtocolService (LogUtils.java:warn(122)) - 6b666312-5236-4d63-85d6-3705eb3fb30b: installSnapshot onError, lastRequest: 77c66afc-fa73-4d89-b59d-9adc22a556cf->6b666312-5236-4d63-85d6-3705eb3fb30b#1-t1,previous=(t:0, i:0),leaderCommit=0,initializing? true,entries: size=1, first=(t:1, i:0), CONFIGURATIONENTRY: org.apache.ratis.thirdparty.io.grpc.StatusRuntimeException: CANCELLED: client cancelled
2022-01-11 23:55:35,785 [grpc-default-executor-3] WARN  server.GrpcServerProtocolService (LogUtils.java:warn(122)) - 6b666312-5236-4d63-85d6-3705eb3fb30b: installSnapshot onError, lastRequest: 2a1c9333-8641-498a-88f2-87bcecbe0d18->6b666312-5236-4d63-85d6-3705eb3fb30b#1-t1,previous=(t:0, i:0),leaderCommit=0,initializing? true,entries: size=1, first=(t:1, i:0), CONFIGURATIONENTRY: org.apache.ratis.thirdparty.io.grpc.StatusRuntimeException: CANCELLED: client cancelled
2022-01-11 23:55:35,857 [ForkJoinPool.commonPool-worker-1] INFO  ozoneimpl.OzoneContainer (OzoneContainer.java:stop(336)) - Attempting to stop container services.
2022-01-11 23:55:35,861 [grpc-default-executor-3] WARN  server.GrpcLogAppender (LogUtils.java:warn(122)) - 77c66afc-fa73-4d89-b59d-9adc22a556cf@group-B7EECE8F9241->6b666312-5236-4d63-85d6-3705eb3fb30b-AppendLogResponseHandler: Failed appendEntries: org.apache.ratis.thirdparty.io.grpc.StatusRuntimeException: CANCELLED: HTTP/2 error code: CANCEL
Received Rst Stream
2022-01-11 23:55:35,862 [grpc-default-executor-3] WARN  server.GrpcLogAppender (GrpcLogAppender.java:resetClient(110)) - 77c66afc-fa73-4d89-b59d-9adc22a556cf@group-B7EECE8F9241->6b666312-5236-4d63-85d6-3705eb3fb30b-GrpcLogAppender: Leader has not got in touch with Follower 77c66afc-fa73-4d89-b59d-9adc22a556cf@group-B7EECE8F9241->6b666312-5236-4d63-85d6-3705eb3fb30b(c0,m0,n1, attendVote=true, lastRpcSendTime=311, lastRpcResponseTime=288) yet, just keep nextIndex unchanged and retry.
2022-01-11 23:55:35,862 [grpc-default-executor-1] WARN  server.GrpcLogAppender (LogUtils.java:warn(122)) - 2a1c9333-8641-498a-88f2-87bcecbe0d18@group-F30F1A0B57EF->6b666312-5236-4d63-85d6-3705eb3fb30b-AppendLogResponseHandler: Failed appendEntries: org.apache.ratis.thirdparty.io.grpc.StatusRuntimeException: CANCELLED: HTTP/2 error code: CANCEL
Received Rst Stream
2022-01-11 23:55:35,862 [grpc-default-executor-1] WARN  server.GrpcLogAppender (GrpcLogAppender.java:resetClient(110)) - 2a1c9333-8641-498a-88f2-87bcecbe0d18@group-F30F1A0B57EF->6b666312-5236-4d63-85d6-3705eb3fb30b-GrpcLogAppender: Leader has not got in touch with Follower 2a1c9333-8641-498a-88f2-87bcecbe0d18@group-F30F1A0B57EF->6b666312-5236-4d63-85d6-3705eb3fb30b(c0,m0,n1, attendVote=true, lastRpcSendTime=2473, lastRpcResponseTime=2464) yet, just keep nextIndex unchanged and retry.
2022-01-11 23:55:35,921 [ForkJoinPool.commonPool-worker-1] INFO  server.RaftServer (RaftServerProxy.java:lambda$close$6(391)) - 77c66afc-fa73-4d89-b59d-9adc22a556cf: close
2022-01-11 23:55:35,921 [ForkJoinPool.commonPool-worker-1] INFO  server.RaftServer$Division (RaftServerImpl.java:lambda$close$4(412)) - 77c66afc-fa73-4d89-b59d-9adc22a556cf@group-9D82FB37D1D1: shutdown
2022-01-11 23:55:35,922 [ForkJoinPool.commonPool-worker-1] INFO  util.JmxRegister (JmxRegister.java:unregister(73)) - Successfully un-registered JMX Bean with object name Ratis:service=RaftServer,group=group-9D82FB37D1D1,id=77c66afc-fa73-4d89-b59d-9adc22a556cf
2022-01-11 23:55:35,922 [ForkJoinPool.commonPool-worker-1] INFO  impl.RoleInfo (RoleInfo.java:shutdownLeaderState(91)) - 77c66afc-fa73-4d89-b59d-9adc22a556cf: shutdown 77c66afc-fa73-4d89-b59d-9adc22a556cf@group-9D82FB37D1D1-LeaderStateImpl
2022-01-11 23:55:35,922 [ForkJoinPool.commonPool-worker-1] INFO  impl.PendingRequests (PendingRequests.java:sendNotLeaderResponses(282)) - 77c66afc-fa73-4d89-b59d-9adc22a556cf@group-9D82FB37D1D1-PendingRequests: sendNotLeaderResponses
2022-01-11 23:55:35,924 [ForkJoinPool.commonPool-worker-1] INFO  impl.StateMachineUpdater (StateMachineUpdater.java:stopAndJoin(149)) - 77c66afc-fa73-4d89-b59d-9adc22a556cf@group-9D82FB37D1D1-StateMachineUpdater: set stopIndex = 0
2022-01-11 23:55:35,925 [77c66afc-fa73-4d89-b59d-9adc22a556cf@group-9D82FB37D1D1-StateMachineUpdater] INFO  ratis.ContainerStateMachine (ContainerStateMachine.java:takeSnapshot(299)) - group-9D82FB37D1D1: Taking a snapshot at:(t:3, i:0) file /home/runner/work/ozone/ozone/hadoop-ozone/integration-test/target/test-dir/MiniOzoneClusterImpl-84b3519b-a2d3-47e7-8c84-34506f72c9f7/datanode-3/data/ratis/596ae104-db7c-476c-b93c-9d82fb37d1d1/sm/snapshot.3_0
2022-01-11 23:55:35,925 [77c66afc-fa73-4d89-b59d-9adc22a556cf@group-9D82FB37D1D1-StateMachineUpdater] INFO  ratis.ContainerStateMachine (ContainerStateMachine.java:takeSnapshot(310)) - group-9D82FB37D1D1: Finished taking a snapshot at:(t:3, i:0) file:/home/runner/work/ozone/ozone/hadoop-ozone/integration-test/target/test-dir/MiniOzoneClusterImpl-84b3519b-a2d3-47e7-8c84-34506f72c9f7/datanode-3/data/ratis/596ae104-db7c-476c-b93c-9d82fb37d1d1/sm/snapshot.3_0 took: 1 ms
2022-01-11 23:55:35,926 [77c66afc-fa73-4d89-b59d-9adc22a556cf@group-9D82FB37D1D1-StateMachineUpdater] INFO  impl.StateMachineUpdater (StateMachineUpdater.java:takeSnapshot(281)) - 77c66afc-fa73-4d89-b59d-9adc22a556cf@group-9D82FB37D1D1-StateMachineUpdater: Took a snapshot at index 0
2022-01-11 23:55:35,926 [77c66afc-fa73-4d89-b59d-9adc22a556cf@group-9D82FB37D1D1-StateMachineUpdater] INFO  impl.StateMachineUpdater (StateMachineUpdater.java:lambda$new$0(89)) - 77c66afc-fa73-4d89-b59d-9adc22a556cf@group-9D82FB37D1D1-StateMachineUpdater: snapshotIndex: updateIncreasingly -1 -> 0
2022-01-11 23:55:35,926 [ForkJoinPool.commonPool-worker-1] INFO  server.RaftServer$Division (ServerState.java:close(419)) - 77c66afc-fa73-4d89-b59d-9adc22a556cf@group-9D82FB37D1D1: closes. applyIndex: 0
2022-01-11 23:55:35,934 [Listener at 127.0.0.1/46043] INFO  server.GrpcService (GrpcService.java:closeImpl(271)) - 6b666312-5236-4d63-85d6-3705eb3fb30b: shutdown server with port 38271 successfully
2022-01-11 23:55:35,934 [org.apache.ratis.util.JvmPauseMonitor$$Lambda$538/836759902@7a2c522f] INFO  util.JvmPauseMonitor (JvmPauseMonitor.java:run(109)) - JvmPauseMonitor-6b666312-5236-4d63-85d6-3705eb3fb30b: Stopped
2022-01-11 23:55:35,934 [77c66afc-fa73-4d89-b59d-9adc22a556cf@group-9D82FB37D1D1-SegmentedRaftLogWorker] INFO  segmented.SegmentedRaftLogWorker (SegmentedRaftLogWorker.java:run(327)) - 77c66afc-fa73-4d89-b59d-9adc22a556cf@group-9D82FB37D1D1-SegmentedRaftLogWorker was interrupted, exiting. There are 0 tasks remaining in the queue.
2022-01-11 23:55:35,934 [ForkJoinPool.commonPool-worker-1] INFO  segmented.SegmentedRaftLogWorker (SegmentedRaftLogWorker.java:close(237)) - 77c66afc-fa73-4d89-b59d-9adc22a556cf@group-9D82FB37D1D1-SegmentedRaftLogWorker close()
2022-01-11 23:55:35,934 [ForkJoinPool.commonPool-worker-1] INFO  server.RaftServer$Division (RaftServerImpl.java:lambda$close$4(412)) - 77c66afc-fa73-4d89-b59d-9adc22a556cf@group-319779F41024: shutdown
2022-01-11 23:55:35,935 [ForkJoinPool.commonPool-worker-1] INFO  util.JmxRegister (JmxRegister.java:unregister(73)) - Successfully un-registered JMX Bean with object name Ratis:service=RaftServer,group=group-319779F41024,id=77c66afc-fa73-4d89-b59d-9adc22a556cf
2022-01-11 23:55:35,935 [ForkJoinPool.commonPool-worker-1] INFO  impl.RoleInfo (RoleInfo.java:shutdownLeaderState(91)) - 77c66afc-fa73-4d89-b59d-9adc22a556cf: shutdown 77c66afc-fa73-4d89-b59d-9adc22a556cf@group-319779F41024-LeaderStateImpl
2022-01-11 23:55:35,935 [grpc-default-executor-3] WARN  server.GrpcLogAppender (LogUtils.java:warn(122)) - 2a1c9333-8641-498a-88f2-87bcecbe0d18@group-F30F1A0B57EF->6b666312-5236-4d63-85d6-3705eb3fb30b-AppendLogResponseHandler: Failed appendEntries: org.apache.ratis.thirdparty.io.grpc.StatusRuntimeException: UNAVAILABLE: io exception
2022-01-11 23:55:35,935 [ForkJoinPool.commonPool-worker-1] INFO  impl.PendingRequests (PendingRequests.java:sendNotLeaderResponses(282)) - 77c66afc-fa73-4d89-b59d-9adc22a556cf@group-319779F41024-PendingRequests: sendNotLeaderResponses
2022-01-11 23:55:35,935 [grpc-default-executor-3] WARN  server.GrpcLogAppender (GrpcLogAppender.java:resetClient(110)) - 2a1c9333-8641-498a-88f2-87bcecbe0d18@group-F30F1A0B57EF->6b666312-5236-4d63-85d6-3705eb3fb30b-GrpcLogAppender: Leader has not got in touch with Follower 2a1c9333-8641-498a-88f2-87bcecbe0d18@group-F30F1A0B57EF->6b666312-5236-4d63-85d6-3705eb3fb30b(c0,m0,n1, attendVote=true, lastRpcSendTime=12, lastRpcResponseTime=2538) yet, just keep nextIndex unchanged and retry.
2022-01-11 23:55:35,935 [ForkJoinPool.commonPool-worker-1] INFO  impl.StateMachineUpdater (StateMachineUpdater.java:stopAndJoin(149)) - 77c66afc-fa73-4d89-b59d-9adc22a556cf@group-319779F41024-StateMachineUpdater: set stopIndex = 0
2022-01-11 23:55:35,936 [77c66afc-fa73-4d89-b59d-9adc22a556cf@group-319779F41024-StateMachineUpdater] INFO  ratis.ContainerStateMachine (ContainerStateMachine.java:takeSnapshot(299)) - group-319779F41024: Taking a snapshot at:(t:1, i:0) file /home/runner/work/ozone/ozone/hadoop-ozone/integration-test/target/test-dir/MiniOzoneClusterImpl-84b3519b-a2d3-47e7-8c84-34506f72c9f7/datanode-3/data/ratis/954df24e-df25-4aba-a0f7-319779f41024/sm/snapshot.1_0
2022-01-11 23:55:35,936 [77c66afc-fa73-4d89-b59d-9adc22a556cf@group-319779F41024-StateMachineUpdater] INFO  ratis.ContainerStateMachine (ContainerStateMachine.java:takeSnapshot(310)) - group-319779F41024: Finished taking a snapshot at:(t:1, i:0) file:/home/runner/work/ozone/ozone/hadoop-ozone/integration-test/target/test-dir/MiniOzoneClusterImpl-84b3519b-a2d3-47e7-8c84-34506f72c9f7/datanode-3/data/ratis/954df24e-df25-4aba-a0f7-319779f41024/sm/snapshot.1_0 took: 0 ms
2022-01-11 23:55:35,936 [77c66afc-fa73-4d89-b59d-9adc22a556cf@group-319779F41024-StateMachineUpdater] INFO  impl.StateMachineUpdater (StateMachineUpdater.java:takeSnapshot(281)) - 77c66afc-fa73-4d89-b59d-9adc22a556cf@group-319779F41024-StateMachineUpdater: Took a snapshot at index 0
2022-01-11 23:55:35,936 [77c66afc-fa73-4d89-b59d-9adc22a556cf@group-319779F41024-StateMachineUpdater] INFO  impl.StateMachineUpdater (StateMachineUpdater.java:lambda$new$0(89)) - 77c66afc-fa73-4d89-b59d-9adc22a556cf@group-319779F41024-StateMachineUpdater: snapshotIndex: updateIncreasingly -1 -> 0
2022-01-11 23:55:35,937 [ForkJoinPool.commonPool-worker-1] INFO  server.RaftServer$Division (ServerState.java:close(419)) - 77c66afc-fa73-4d89-b59d-9adc22a556cf@group-319779F41024: closes. applyIndex: 0
2022-01-11 23:55:35,937 [77c66afc-fa73-4d89-b59d-9adc22a556cf@group-319779F41024-SegmentedRaftLogWorker] INFO  segmented.SegmentedRaftLogWorker (SegmentedRaftLogWorker.java:run(327)) - 77c66afc-fa73-4d89-b59d-9adc22a556cf@group-319779F41024-SegmentedRaftLogWorker was interrupted, exiting. There are 0 tasks remaining in the queue.
2022-01-11 23:55:35,937 [ForkJoinPool.commonPool-worker-1] INFO  segmented.SegmentedRaftLogWorker (SegmentedRaftLogWorker.java:close(237)) - 77c66afc-fa73-4d89-b59d-9adc22a556cf@group-319779F41024-SegmentedRaftLogWorker close()
2022-01-11 23:55:35,938 [ForkJoinPool.commonPool-worker-1] INFO  server.RaftServer$Division (RaftServerImpl.java:lambda$close$4(412)) - 77c66afc-fa73-4d89-b59d-9adc22a556cf@group-F30F1A0B57EF: shutdown
2022-01-11 23:55:35,938 [ForkJoinPool.commonPool-worker-1] INFO  util.JmxRegister (JmxRegister.java:unregister(73)) - Successfully un-registered JMX Bean with object name Ratis:service=RaftServer,group=group-F30F1A0B57EF,id=77c66afc-fa73-4d89-b59d-9adc22a556cf
2022-01-11 23:55:35,938 [ForkJoinPool.commonPool-worker-1] INFO  impl.RoleInfo (RoleInfo.java:shutdownFollowerState(108)) - 77c66afc-fa73-4d89-b59d-9adc22a556cf: shutdown 77c66afc-fa73-4d89-b59d-9adc22a556cf@group-F30F1A0B57EF-FollowerState
2022-01-11 23:55:35,938 [77c66afc-fa73-4d89-b59d-9adc22a556cf@group-F30F1A0B57EF-FollowerState] INFO  impl.FollowerState (FollowerState.java:run(143)) - 77c66afc-fa73-4d89-b59d-9adc22a556cf@group-F30F1A0B57EF-FollowerState was interrupted: {}
java.lang.InterruptedException: sleep interrupted
	at java.lang.Thread.sleep(Native Method)
	at java.lang.Thread.sleep(Thread.java:340)
	at java.util.concurrent.TimeUnit.sleep(TimeUnit.java:386)
	at org.apache.ratis.util.TimeDuration.sleep(TimeDuration.java:324)
	at org.apache.ratis.util.TimeDuration.sleep(TimeDuration.java:309)
	at org.apache.ratis.server.impl.FollowerState.run(FollowerState.java:118)
2022-01-11 23:55:35,938 [77c66afc-fa73-4d89-b59d-9adc22a556cf@group-F30F1A0B57EF-StateMachineUpdater] INFO  ratis.ContainerStateMachine (ContainerStateMachine.java:takeSnapshot(299)) - group-F30F1A0B57EF: Taking a snapshot at:(t:1, i:0) file /home/runner/work/ozone/ozone/hadoop-ozone/integration-test/target/test-dir/MiniOzoneClusterImpl-84b3519b-a2d3-47e7-8c84-34506f72c9f7/datanode-3/data/ratis/6cfe6a42-a277-473f-b133-f30f1a0b57ef/sm/snapshot.1_0
2022-01-11 23:55:35,939 [ForkJoinPool.commonPool-worker-1] INFO  impl.StateMachineUpdater (StateMachineUpdater.java:stopAndJoin(149)) - 77c66afc-fa73-4d89-b59d-9adc22a556cf@group-F30F1A0B57EF-StateMachineUpdater: set stopIndex = 0
2022-01-11 23:55:35,939 [77c66afc-fa73-4d89-b59d-9adc22a556cf@group-F30F1A0B57EF-StateMachineUpdater] INFO  ratis.ContainerStateMachine (ContainerStateMachine.java:takeSnapshot(310)) - group-F30F1A0B57EF: Finished taking a snapshot at:(t:1, i:0) file:/home/runner/work/ozone/ozone/hadoop-ozone/integration-test/target/test-dir/MiniOzoneClusterImpl-84b3519b-a2d3-47e7-8c84-34506f72c9f7/datanode-3/data/ratis/6cfe6a42-a277-473f-b133-f30f1a0b57ef/sm/snapshot.1_0 took: 1 ms
2022-01-11 23:55:35,939 [77c66afc-fa73-4d89-b59d-9adc22a556cf@group-F30F1A0B57EF-StateMachineUpdater] INFO  impl.StateMachineUpdater (StateMachineUpdater.java:takeSnapshot(281)) - 77c66afc-fa73-4d89-b59d-9adc22a556cf@group-F30F1A0B57EF-StateMachineUpdater: Took a snapshot at index 0
2022-01-11 23:55:35,939 [77c66afc-fa73-4d89-b59d-9adc22a556cf@group-F30F1A0B57EF-StateMachineUpdater] INFO  impl.StateMachineUpdater (StateMachineUpdater.java:lambda$new$0(89)) - 77c66afc-fa73-4d89-b59d-9adc22a556cf@group-F30F1A0B57EF-StateMachineUpdater: snapshotIndex: updateIncreasingly -1 -> 0
2022-01-11 23:55:35,939 [ForkJoinPool.commonPool-worker-1] INFO  server.RaftServer$Division (ServerState.java:close(419)) - 77c66afc-fa73-4d89-b59d-9adc22a556cf@group-F30F1A0B57EF: closes. applyIndex: 0
2022-01-11 23:55:35,940 [77c66afc-fa73-4d89-b59d-9adc22a556cf@group-F30F1A0B57EF-SegmentedRaftLogWorker] INFO  segmented.SegmentedRaftLogWorker (SegmentedRaftLogWorker.java:run(327)) - 77c66afc-fa73-4d89-b59d-9adc22a556cf@group-F30F1A0B57EF-SegmentedRaftLogWorker was interrupted, exiting. There are 0 tasks remaining in the queue.
2022-01-11 23:55:35,940 [ForkJoinPool.commonPool-worker-1] INFO  segmented.SegmentedRaftLogWorker (SegmentedRaftLogWorker.java:close(237)) - 77c66afc-fa73-4d89-b59d-9adc22a556cf@group-F30F1A0B57EF-SegmentedRaftLogWorker close()
2022-01-11 23:55:35,940 [ForkJoinPool.commonPool-worker-1] INFO  server.RaftServer$Division (RaftServerImpl.java:lambda$close$4(412)) - 77c66afc-fa73-4d89-b59d-9adc22a556cf@group-B7EECE8F9241: shutdown
2022-01-11 23:55:35,940 [ForkJoinPool.commonPool-worker-1] INFO  util.JmxRegister (JmxRegister.java:unregister(73)) - Successfully un-registered JMX Bean with object name Ratis:service=RaftServer,group=group-B7EECE8F9241,id=77c66afc-fa73-4d89-b59d-9adc22a556cf
2022-01-11 23:55:35,940 [ForkJoinPool.commonPool-worker-1] INFO  impl.RoleInfo (RoleInfo.java:shutdownLeaderState(91)) - 77c66afc-fa73-4d89-b59d-9adc22a556cf: shutdown 77c66afc-fa73-4d89-b59d-9adc22a556cf@group-B7EECE8F9241-LeaderStateImpl
2022-01-11 23:55:35,940 [ForkJoinPool.commonPool-worker-1] INFO  impl.PendingRequests (PendingRequests.java:sendNotLeaderResponses(282)) - 77c66afc-fa73-4d89-b59d-9adc22a556cf@group-B7EECE8F9241-PendingRequests: sendNotLeaderResponses
2022-01-11 23:55:35,941 [77c66afc-fa73-4d89-b59d-9adc22a556cf@group-B7EECE8F9241-StateMachineUpdater] INFO  ratis.ContainerStateMachine (ContainerStateMachine.java:takeSnapshot(299)) - group-B7EECE8F9241: Taking a snapshot at:(t:1, i:0) file /home/runner/work/ozone/ozone/hadoop-ozone/integration-test/target/test-dir/MiniOzoneClusterImpl-84b3519b-a2d3-47e7-8c84-34506f72c9f7/datanode-3/data/ratis/2b2875fe-7bf9-4d91-8670-b7eece8f9241/sm/snapshot.1_0
2022-01-11 23:55:35,941 [ForkJoinPool.commonPool-worker-1] INFO  impl.StateMachineUpdater (StateMachineUpdater.java:stopAndJoin(149)) - 77c66afc-fa73-4d89-b59d-9adc22a556cf@group-B7EECE8F9241-StateMachineUpdater: set stopIndex = 0
2022-01-11 23:55:35,942 [77c66afc-fa73-4d89-b59d-9adc22a556cf@group-B7EECE8F9241-StateMachineUpdater] INFO  ratis.ContainerStateMachine (ContainerStateMachine.java:takeSnapshot(310)) - group-B7EECE8F9241: Finished taking a snapshot at:(t:1, i:0) file:/home/runner/work/ozone/ozone/hadoop-ozone/integration-test/target/test-dir/MiniOzoneClusterImpl-84b3519b-a2d3-47e7-8c84-34506f72c9f7/datanode-3/data/ratis/2b2875fe-7bf9-4d91-8670-b7eece8f9241/sm/snapshot.1_0 took: 1 ms
2022-01-11 23:55:35,942 [77c66afc-fa73-4d89-b59d-9adc22a556cf@group-B7EECE8F9241-StateMachineUpdater] INFO  impl.StateMachineUpdater (StateMachineUpdater.java:takeSnapshot(281)) - 77c66afc-fa73-4d89-b59d-9adc22a556cf@group-B7EECE8F9241-StateMachineUpdater: Took a snapshot at index 0
2022-01-11 23:55:35,942 [77c66afc-fa73-4d89-b59d-9adc22a556cf@group-B7EECE8F9241-StateMachineUpdater] INFO  impl.StateMachineUpdater (StateMachineUpdater.java:lambda$new$0(89)) - 77c66afc-fa73-4d89-b59d-9adc22a556cf@group-B7EECE8F9241-StateMachineUpdater: snapshotIndex: updateIncreasingly -1 -> 0
2022-01-11 23:55:35,942 [ForkJoinPool.commonPool-worker-1] INFO  server.RaftServer$Division (ServerState.java:close(419)) - 77c66afc-fa73-4d89-b59d-9adc22a556cf@group-B7EECE8F9241: closes. applyIndex: 0
2022-01-11 23:55:35,951 [77c66afc-fa73-4d89-b59d-9adc22a556cf@group-9D82FB37D1D1->2a1c9333-8641-498a-88f2-87bcecbe0d18-GrpcLogAppender-LogAppenderDaemon] WARN  server.GrpcLogAppender (GrpcLogAppender.java:mayWait(177)) - 77c66afc-fa73-4d89-b59d-9adc22a556cf@group-9D82FB37D1D1->2a1c9333-8641-498a-88f2-87bcecbe0d18-GrpcLogAppender: Wait interrupted by java.lang.InterruptedException
2022-01-11 23:55:35,952 [grpc-default-executor-3] INFO  server.GrpcServerProtocolService (GrpcServerProtocolService.java:onCompleted(140)) - 2a1c9333-8641-498a-88f2-87bcecbe0d18: Completed APPEND_ENTRIES, lastRequest: 77c66afc-fa73-4d89-b59d-9adc22a556cf->2a1c9333-8641-498a-88f2-87bcecbe0d18#1-t3,previous=(t:0, i:0),leaderCommit=0,initializing? true,entries: size=1, first=(t:3, i:0), CONFIGURATIONENTRY
2022-01-11 23:55:35,957 [grpc-default-executor-3] INFO  server.GrpcLogAppender (GrpcLogAppender.java:onCompleted(346)) - 77c66afc-fa73-4d89-b59d-9adc22a556cf@group-9D82FB37D1D1->2a1c9333-8641-498a-88f2-87bcecbe0d18-AppendLogResponseHandler: follower responses appendEntries COMPLETED
2022-01-11 23:55:35,957 [grpc-default-executor-3] INFO  leader.FollowerInfo (FollowerInfoImpl.java:lambda$new$0(47)) - 77c66afc-fa73-4d89-b59d-9adc22a556cf@group-9D82FB37D1D1->2a1c9333-8641-498a-88f2-87bcecbe0d18: nextIndex: updateUnconditionally 1 -> 0
2022-01-11 23:55:35,969 [77c66afc-fa73-4d89-b59d-9adc22a556cf@group-B7EECE8F9241-SegmentedRaftLogWorker] INFO  segmented.SegmentedRaftLogWorker (SegmentedRaftLogWorker.java:run(327)) - 77c66afc-fa73-4d89-b59d-9adc22a556cf@group-B7EECE8F9241-SegmentedRaftLogWorker was interrupted, exiting. There are 0 tasks remaining in the queue.
2022-01-11 23:55:35,972 [ForkJoinPool.commonPool-worker-1] INFO  segmented.SegmentedRaftLogWorker (SegmentedRaftLogWorker.java:close(237)) - 77c66afc-fa73-4d89-b59d-9adc22a556cf@group-B7EECE8F9241-SegmentedRaftLogWorker close()
2022-01-11 23:55:35,973 [ForkJoinPool.commonPool-worker-1] INFO  server.GrpcService (GrpcService.java:closeImpl(262)) - 77c66afc-fa73-4d89-b59d-9adc22a556cf: shutdown server with port 40587 now
2022-01-11 23:55:35,975 [grpc-default-executor-2] WARN  server.GrpcLogAppender (LogUtils.java:warn(122)) - 2a1c9333-8641-498a-88f2-87bcecbe0d18@group-F30F1A0B57EF->77c66afc-fa73-4d89-b59d-9adc22a556cf-AppendLogResponseHandler: Failed appendEntries: org.apache.ratis.thirdparty.io.grpc.StatusRuntimeException: CANCELLED: HTTP/2 error code: CANCEL
Received Rst Stream
2022-01-11 23:55:35,975 [grpc-default-executor-2] WARN  server.GrpcLogAppender (GrpcLogAppender.java:resetClient(110)) - 2a1c9333-8641-498a-88f2-87bcecbe0d18@group-F30F1A0B57EF->77c66afc-fa73-4d89-b59d-9adc22a556cf-GrpcLogAppender: Leader has not got in touch with Follower 2a1c9333-8641-498a-88f2-87bcecbe0d18@group-F30F1A0B57EF->77c66afc-fa73-4d89-b59d-9adc22a556cf(c0,m0,n1, attendVote=true, lastRpcSendTime=113, lastRpcResponseTime=2627) yet, just keep nextIndex unchanged and retry.
2022-01-11 23:55:35,976 [grpc-default-executor-1] WARN  server.GrpcServerProtocolService (LogUtils.java:warn(122)) - 77c66afc-fa73-4d89-b59d-9adc22a556cf: installSnapshot onError, lastRequest: 2a1c9333-8641-498a-88f2-87bcecbe0d18->77c66afc-fa73-4d89-b59d-9adc22a556cf#1-t1,previous=(t:0, i:0),leaderCommit=-1,initializing? true,entries: size=1, first=(t:1, i:0), CONFIGURATIONENTRY: org.apache.ratis.thirdparty.io.grpc.StatusRuntimeException: CANCELLED: client cancelled
2022-01-11 23:55:35,977 [ForkJoinPool.commonPool-worker-1] INFO  server.GrpcService (GrpcService.java:closeImpl(271)) - 77c66afc-fa73-4d89-b59d-9adc22a556cf: shutdown server with port 40587 successfully
2022-01-11 23:55:35,977 [org.apache.ratis.util.JvmPauseMonitor$$Lambda$538/836759902@38907d77] INFO  util.JvmPauseMonitor (JvmPauseMonitor.java:run(109)) - JvmPauseMonitor-77c66afc-fa73-4d89-b59d-9adc22a556cf: Stopped
2022-01-11 23:55:38,041 [Listener at 127.0.0.1/46043] INFO  utils.BackgroundService (BackgroundService.java:shutdown(132)) - Shutting down service BlockDeletingService
2022-01-11 23:55:38,095 [ForkJoinPool.commonPool-worker-1] INFO  utils.BackgroundService (BackgroundService.java:shutdown(132)) - Shutting down service BlockDeletingService
2022-01-11 23:55:38,364 [grpc-default-executor-1] WARN  server.GrpcLogAppender (LogUtils.java:warn(122)) - 2a1c9333-8641-498a-88f2-87bcecbe0d18@group-F30F1A0B57EF->77c66afc-fa73-4d89-b59d-9adc22a556cf-AppendLogResponseHandler: Failed appendEntries: org.apache.ratis.thirdparty.io.grpc.StatusRuntimeException: UNAVAILABLE: io exception
2022-01-11 23:55:38,364 [grpc-default-executor-1] WARN  server.GrpcLogAppender (GrpcLogAppender.java:resetClient(110)) - 2a1c9333-8641-498a-88f2-87bcecbe0d18@group-F30F1A0B57EF->77c66afc-fa73-4d89-b59d-9adc22a556cf-GrpcLogAppender: Leader has not got in touch with Follower 2a1c9333-8641-498a-88f2-87bcecbe0d18@group-F30F1A0B57EF->77c66afc-fa73-4d89-b59d-9adc22a556cf(c0,m0,n1, attendVote=true, lastRpcSendTime=2502, lastRpcResponseTime=5016) yet, just keep nextIndex unchanged and retry.
2022-01-11 23:55:38,445 [grpc-default-executor-1] WARN  server.GrpcLogAppender (LogUtils.java:warn(122)) - 2a1c9333-8641-498a-88f2-87bcecbe0d18@group-F30F1A0B57EF->6b666312-5236-4d63-85d6-3705eb3fb30b-AppendLogResponseHandler: Failed appendEntries: org.apache.ratis.thirdparty.io.grpc.StatusRuntimeException: UNAVAILABLE: io exception
2022-01-11 23:55:38,446 [grpc-default-executor-1] WARN  server.GrpcLogAppender (GrpcLogAppender.java:resetClient(110)) - 2a1c9333-8641-498a-88f2-87bcecbe0d18@group-F30F1A0B57EF->6b666312-5236-4d63-85d6-3705eb3fb30b-GrpcLogAppender: Leader has not got in touch with Follower 2a1c9333-8641-498a-88f2-87bcecbe0d18@group-F30F1A0B57EF->6b666312-5236-4d63-85d6-3705eb3fb30b(c0,m0,n1, attendVote=true, lastRpcSendTime=0, lastRpcResponseTime=5048) yet, just keep nextIndex unchanged and retry.
2022-01-11 23:55:39,870 [EventQueue-DeadNodeForDeadNodeHandler] INFO  node.DeadNodeHandler (DeadNodeHandler.java:onMessage(80)) - A dead datanode is detected. c2004f48-6b55-488b-a4f3-a933c544d5d2{ip: 10.1.0.37, host: fv-az59-280.csjynl4pkq3e1pkirw3ssqjfoh.cx.internal.cloudapp.net, ports: [REPLICATION=46737, RATIS=33985, RATIS_ADMIN=33985, RATIS_SERVER=33985, STANDALONE=41439], networkLocation: /default-rack, certSerialId: null, persistedOpState: IN_SERVICE, persistedOpStateExpiryEpochSec: 0}
2022-01-11 23:55:39,870 [EventQueue-DeadNodeForDeadNodeHandler] INFO  pipeline.RatisPipelineProvider (RatisPipelineProvider.java:lambda$close$1(222)) - Send pipeline:PipelineID=a7285e4a-4b3e-44a1-a5f9-1f4cd4c22526 close command to datanode c2004f48-6b55-488b-a4f3-a933c544d5d2
2022-01-11 23:55:39,871 [EventQueue-DeadNodeForDeadNodeHandler] INFO  pipeline.PipelineStateManagerImpl (PipelineStateManagerImpl.java:removePipeline(223)) - Pipeline Pipeline[ Id: a7285e4a-4b3e-44a1-a5f9-1f4cd4c22526, Nodes: c2004f48-6b55-488b-a4f3-a933c544d5d2{ip: 10.1.0.37, host: fv-az59-280.csjynl4pkq3e1pkirw3ssqjfoh.cx.internal.cloudapp.net, ports: [REPLICATION=46737, RATIS=33985, RATIS_ADMIN=33985, RATIS_SERVER=33985, STANDALONE=41439], networkLocation: /default-rack, certSerialId: null, persistedOpState: IN_SERVICE, persistedOpStateExpiryEpochSec: 0}, ReplicationConfig: RATIS/ONE, State:CLOSED, leaderId:c2004f48-6b55-488b-a4f3-a933c544d5d2, CreationTimestamp2022-01-11T23:53:57.683Z[Etc/UTC]] removed.
2022-01-11 23:55:39,871 [EventQueue-DeadNodeForDeadNodeHandler] INFO  net.NetworkTopologyImpl (NetworkTopologyImpl.java:remove(137)) - Removed a node: /default-rack/c2004f48-6b55-488b-a4f3-a933c544d5d2
2022-01-11 23:55:39,973 [EventQueue-StaleNodeForStaleNodeHandler] INFO  node.StaleNodeHandler (StaleNodeHandler.java:onMessage(58)) - Datanode 77c66afc-fa73-4d89-b59d-9adc22a556cf{ip: 10.1.0.37, host: fv-az59-280.csjynl4pkq3e1pkirw3ssqjfoh.cx.internal.cloudapp.net, ports: [REPLICATION=36525, RATIS=40587, RATIS_ADMIN=40587, RATIS_SERVER=40587, STANDALONE=44631], networkLocation: /default-rack, certSerialId: null, persistedOpState: IN_SERVICE, persistedOpStateExpiryEpochSec: 0} moved to stale state. Finalizing its pipelines [PipelineID=954df24e-df25-4aba-a0f7-319779f41024, PipelineID=6cfe6a42-a277-473f-b133-f30f1a0b57ef]
2022-01-11 23:55:39,973 [EventQueue-StaleNodeForStaleNodeHandler] INFO  pipeline.PipelineManagerImpl (PipelineManagerImpl.java:closePipeline(365)) - Pipeline Pipeline[ Id: 954df24e-df25-4aba-a0f7-319779f41024, Nodes: 77c66afc-fa73-4d89-b59d-9adc22a556cf{ip: 10.1.0.37, host: fv-az59-280.csjynl4pkq3e1pkirw3ssqjfoh.cx.internal.cloudapp.net, ports: [REPLICATION=36525, RATIS=40587, RATIS_ADMIN=40587, RATIS_SERVER=40587, STANDALONE=44631], networkLocation: /default-rack, certSerialId: null, persistedOpState: IN_SERVICE, persistedOpStateExpiryEpochSec: 0}, ReplicationConfig: RATIS/ONE, State:OPEN, leaderId:77c66afc-fa73-4d89-b59d-9adc22a556cf, CreationTimestamp2022-01-11T23:53:58.267Z[Etc/UTC]] moved to CLOSED state
2022-01-11 23:55:39,973 [EventQueue-StaleNodeForStaleNodeHandler] INFO  pipeline.PipelineManagerImpl (PipelineManagerImpl.java:closePipeline(365)) - Pipeline Pipeline[ Id: 6cfe6a42-a277-473f-b133-f30f1a0b57ef, Nodes: 6b666312-5236-4d63-85d6-3705eb3fb30b{ip: 10.1.0.37, host: fv-az59-280.csjynl4pkq3e1pkirw3ssqjfoh.cx.internal.cloudapp.net, ports: [REPLICATION=44445, RATIS=38271, RATIS_ADMIN=38271, RATIS_SERVER=38271, STANDALONE=39257], networkLocation: /default-rack, certSerialId: null, persistedOpState: IN_SERVICE, persistedOpStateExpiryEpochSec: 0}2a1c9333-8641-498a-88f2-87bcecbe0d18{ip: 10.1.0.37, host: fv-az59-280.csjynl4pkq3e1pkirw3ssqjfoh.cx.internal.cloudapp.net, ports: [REPLICATION=45151, RATIS=38177, RATIS_ADMIN=38177, RATIS_SERVER=38177, STANDALONE=44313], networkLocation: /default-rack, certSerialId: null, persistedOpState: IN_SERVICE, persistedOpStateExpiryEpochSec: 0}77c66afc-fa73-4d89-b59d-9adc22a556cf{ip: 10.1.0.37, host: fv-az59-280.csjynl4pkq3e1pkirw3ssqjfoh.cx.internal.cloudapp.net, ports: [REPLICATION=36525, RATIS=40587, RATIS_ADMIN=40587, RATIS_SERVER=40587, STANDALONE=44631], networkLocation: /default-rack, certSerialId: null, persistedOpState: IN_SERVICE, persistedOpStateExpiryEpochSec: 0}, ReplicationConfig: RATIS/THREE, State:OPEN, leaderId:2a1c9333-8641-498a-88f2-87bcecbe0d18, CreationTimestamp2022-01-11T23:55:08.443Z[Etc/UTC]] moved to CLOSED state
2022-01-11 23:55:40,271 [EventQueue-DeadNodeForDeadNodeHandler] INFO  node.DeadNodeHandler (DeadNodeHandler.java:onMessage(80)) - A dead datanode is detected. 8eedcce2-fa83-40f2-8f3f-8ae88d3f9c27{ip: 10.1.0.37, host: fv-az59-280.csjynl4pkq3e1pkirw3ssqjfoh.cx.internal.cloudapp.net, ports: [REPLICATION=34455, RATIS=39561, RATIS_ADMIN=39561, RATIS_SERVER=39561, STANDALONE=43687], networkLocation: /default-rack, certSerialId: null, persistedOpState: IN_SERVICE, persistedOpStateExpiryEpochSec: 0}
2022-01-11 23:55:40,271 [EventQueue-DeadNodeForDeadNodeHandler] INFO  pipeline.RatisPipelineProvider (RatisPipelineProvider.java:lambda$close$1(222)) - Send pipeline:PipelineID=f68214f8-198a-4fd3-b36f-47fac33cdf13 close command to datanode 8eedcce2-fa83-40f2-8f3f-8ae88d3f9c27
2022-01-11 23:55:40,271 [EventQueue-DeadNodeForDeadNodeHandler] INFO  pipeline.PipelineStateManagerImpl (PipelineStateManagerImpl.java:removePipeline(223)) - Pipeline Pipeline[ Id: f68214f8-198a-4fd3-b36f-47fac33cdf13, Nodes: 8eedcce2-fa83-40f2-8f3f-8ae88d3f9c27{ip: 10.1.0.37, host: fv-az59-280.csjynl4pkq3e1pkirw3ssqjfoh.cx.internal.cloudapp.net, ports: [REPLICATION=34455, RATIS=39561, RATIS_ADMIN=39561, RATIS_SERVER=39561, STANDALONE=43687], networkLocation: /default-rack, certSerialId: null, persistedOpState: IN_SERVICE, persistedOpStateExpiryEpochSec: 0}, ReplicationConfig: RATIS/ONE, State:CLOSED, leaderId:8eedcce2-fa83-40f2-8f3f-8ae88d3f9c27, CreationTimestamp2022-01-11T23:53:56.418Z[Etc/UTC]] removed.
2022-01-11 23:55:40,272 [EventQueue-DeadNodeForDeadNodeHandler] INFO  net.NetworkTopologyImpl (NetworkTopologyImpl.java:remove(137)) - Removed a node: /default-rack/8eedcce2-fa83-40f2-8f3f-8ae88d3f9c27
2022-01-11 23:55:40,373 [EventQueue-StaleNodeForStaleNodeHandler] INFO  node.StaleNodeHandler (StaleNodeHandler.java:onMessage(58)) - Datanode 6b666312-5236-4d63-85d6-3705eb3fb30b{ip: 10.1.0.37, host: fv-az59-280.csjynl4pkq3e1pkirw3ssqjfoh.cx.internal.cloudapp.net, ports: [REPLICATION=44445, RATIS=38271, RATIS_ADMIN=38271, RATIS_SERVER=38271, STANDALONE=39257], networkLocation: /default-rack, certSerialId: null, persistedOpState: IN_SERVICE, persistedOpStateExpiryEpochSec: 0} moved to stale state. Finalizing its pipelines [PipelineID=94c2b8f9-d063-4842-963f-31887f02bc17, PipelineID=6cfe6a42-a277-473f-b133-f30f1a0b57ef]
2022-01-11 23:55:40,374 [EventQueue-StaleNodeForStaleNodeHandler] INFO  pipeline.PipelineManagerImpl (PipelineManagerImpl.java:closePipeline(365)) - Pipeline Pipeline[ Id: 94c2b8f9-d063-4842-963f-31887f02bc17, Nodes: 6b666312-5236-4d63-85d6-3705eb3fb30b{ip: 10.1.0.37, host: fv-az59-280.csjynl4pkq3e1pkirw3ssqjfoh.cx.internal.cloudapp.net, ports: [REPLICATION=44445, RATIS=38271, RATIS_ADMIN=38271, RATIS_SERVER=38271, STANDALONE=39257], networkLocation: /default-rack, certSerialId: null, persistedOpState: IN_SERVICE, persistedOpStateExpiryEpochSec: 0}, ReplicationConfig: RATIS/ONE, State:OPEN, leaderId:6b666312-5236-4d63-85d6-3705eb3fb30b, CreationTimestamp2022-01-11T23:53:59.995Z[Etc/UTC]] moved to CLOSED state
2022-01-11 23:55:40,900 [grpc-default-executor-1] WARN  server.GrpcLogAppender (LogUtils.java:warn(122)) - 2a1c9333-8641-498a-88f2-87bcecbe0d18@group-F30F1A0B57EF->77c66afc-fa73-4d89-b59d-9adc22a556cf-AppendLogResponseHandler: Failed appendEntries: org.apache.ratis.thirdparty.io.grpc.StatusRuntimeException: UNAVAILABLE: io exception
2022-01-11 23:55:40,901 [grpc-default-executor-1] WARN  server.GrpcLogAppender (GrpcLogAppender.java:resetClient(110)) - 2a1c9333-8641-498a-88f2-87bcecbe0d18@group-F30F1A0B57EF->77c66afc-fa73-4d89-b59d-9adc22a556cf-GrpcLogAppender: Leader has not got in touch with Follower 2a1c9333-8641-498a-88f2-87bcecbe0d18@group-F30F1A0B57EF->77c66afc-fa73-4d89-b59d-9adc22a556cf(c0,m0,n1, attendVote=true, lastRpcSendTime=3, lastRpcResponseTime=7552) yet, just keep nextIndex unchanged and retry.
2022-01-11 23:55:40,957 [grpc-default-executor-1] WARN  server.GrpcLogAppender (LogUtils.java:warn(122)) - 2a1c9333-8641-498a-88f2-87bcecbe0d18@group-F30F1A0B57EF->6b666312-5236-4d63-85d6-3705eb3fb30b-AppendLogResponseHandler: Failed appendEntries: org.apache.ratis.thirdparty.io.grpc.StatusRuntimeException: UNAVAILABLE: io exception
2022-01-11 23:55:40,957 [grpc-default-executor-1] WARN  server.GrpcLogAppender (GrpcLogAppender.java:resetClient(110)) - 2a1c9333-8641-498a-88f2-87bcecbe0d18@group-F30F1A0B57EF->6b666312-5236-4d63-85d6-3705eb3fb30b-GrpcLogAppender: Leader has not got in touch with Follower 2a1c9333-8641-498a-88f2-87bcecbe0d18@group-F30F1A0B57EF->6b666312-5236-4d63-85d6-3705eb3fb30b(c0,m0,n1, attendVote=true, lastRpcSendTime=0, lastRpcResponseTime=7560) yet, just keep nextIndex unchanged and retry.
2022-01-11 23:55:41,177 [ForkJoinPool.commonPool-worker-1] INFO  statemachine.DatanodeStateMachine (DatanodeStateMachine.java:stopDaemon(529)) - Ozone container server stopped.
2022-01-11 23:55:41,178 [Listener at 127.0.0.1/46043] INFO  statemachine.DatanodeStateMachine (DatanodeStateMachine.java:stopDaemon(529)) - Ozone container server stopped.
2022-01-11 23:55:41,179 [Listener at 127.0.0.1/46043] INFO  handler.ContextHandler (ContextHandler.java:doStop(1153)) - Stopped o.e.j.w.WebAppContext@13d20144{hddsDatanode,/,null,STOPPED}{jar:file:/home/runner/.m2/repository/org/apache/ozone/hdds-container-service/1.3.0-SNAPSHOT/hdds-container-service-1.3.0-SNAPSHOT.jar!/webapps/hddsDatanode}
2022-01-11 23:55:41,182 [ForkJoinPool.commonPool-worker-1] INFO  handler.ContextHandler (ContextHandler.java:doStop(1153)) - Stopped o.e.j.w.WebAppContext@5d0ad4cb{hddsDatanode,/,null,STOPPED}{jar:file:/home/runner/.m2/repository/org/apache/ozone/hdds-container-service/1.3.0-SNAPSHOT/hdds-container-service-1.3.0-SNAPSHOT.jar!/webapps/hddsDatanode}
2022-01-11 23:55:41,217 [Listener at 127.0.0.1/46043] INFO  server.AbstractConnector (AbstractConnector.java:doStop(381)) - Stopped ServerConnector@49deb1ed{HTTP/1.1, (http/1.1)}{0.0.0.0:0}
2022-01-11 23:55:41,217 [Listener at 127.0.0.1/46043] INFO  server.session (HouseKeeper.java:stopScavenging(149)) - node0 Stopped scavenging
2022-01-11 23:55:41,217 [Listener at 127.0.0.1/46043] INFO  handler.ContextHandler (ContextHandler.java:doStop(1153)) - Stopped o.e.j.s.ServletContextHandler@2012b9d1{static,/static,jar:file:/home/runner/.m2/repository/org/apache/ozone/hdds-container-service/1.3.0-SNAPSHOT/hdds-container-service-1.3.0-SNAPSHOT.jar!/webapps/static,STOPPED}
2022-01-11 23:55:41,217 [Listener at 127.0.0.1/46043] INFO  handler.ContextHandler (ContextHandler.java:doStop(1153)) - Stopped o.e.j.s.ServletContextHandler@2b8f3bbe{logs,/logs,file:///home/runner/work/ozone/ozone/hadoop-ozone/integration-test/target/log,STOPPED}
2022-01-11 23:55:41,221 [ForkJoinPool.commonPool-worker-1] INFO  server.AbstractConnector (AbstractConnector.java:doStop(381)) - Stopped ServerConnector@59c040da{HTTP/1.1, (http/1.1)}{0.0.0.0:0}
2022-01-11 23:55:41,221 [ForkJoinPool.commonPool-worker-1] INFO  server.session (HouseKeeper.java:stopScavenging(149)) - node0 Stopped scavenging
2022-01-11 23:55:41,222 [ForkJoinPool.commonPool-worker-1] INFO  handler.ContextHandler (ContextHandler.java:doStop(1153)) - Stopped o.e.j.s.ServletContextHandler@c5e4ab3{static,/static,jar:file:/home/runner/.m2/repository/org/apache/ozone/hdds-container-service/1.3.0-SNAPSHOT/hdds-container-service-1.3.0-SNAPSHOT.jar!/webapps/static,STOPPED}
2022-01-11 23:55:41,223 [ForkJoinPool.commonPool-worker-1] INFO  handler.ContextHandler (ContextHandler.java:doStop(1153)) - Stopped o.e.j.s.ServletContextHandler@3d374abb{logs,/logs,file:///home/runner/work/ozone/ozone/hadoop-ozone/integration-test/target/log,STOPPED}
2022-01-11 23:55:41,543 [2a1c9333-8641-498a-88f2-87bcecbe0d18@group-F30F1A0B57EF-LeaderStateImpl] WARN  server.RaftServer$Division (LeaderStateImpl.java:checkLeadership(974)) - 2a1c9333-8641-498a-88f2-87bcecbe0d18@group-F30F1A0B57EF-LeaderStateImpl: Lost leadership on term: 1. Election timeout: 5200ms. In charge for: 26060ms. Conf: 0: [6b666312-5236-4d63-85d6-3705eb3fb30b|rpc:10.1.0.37:38271|dataStream:|priority:0, 2a1c9333-8641-498a-88f2-87bcecbe0d18|rpc:10.1.0.37:38177|dataStream:|priority:1, 77c66afc-fa73-4d89-b59d-9adc22a556cf|rpc:10.1.0.37:40587|dataStream:|priority:0], old=null
2022-01-11 23:55:41,544 [2a1c9333-8641-498a-88f2-87bcecbe0d18@group-F30F1A0B57EF-LeaderStateImpl] WARN  server.RaftServer$Division (LeaderStateImpl.java:lambda$checkLeadership$15(978)) - Follower 2a1c9333-8641-498a-88f2-87bcecbe0d18@group-F30F1A0B57EF->6b666312-5236-4d63-85d6-3705eb3fb30b(c0,m0,n1, attendVote=true, lastRpcSendTime=586, lastRpcResponseTime=8146)
2022-01-11 23:55:41,544 [2a1c9333-8641-498a-88f2-87bcecbe0d18@group-F30F1A0B57EF-LeaderStateImpl] WARN  server.RaftServer$Division (LeaderStateImpl.java:lambda$checkLeadership$15(978)) - Follower 2a1c9333-8641-498a-88f2-87bcecbe0d18@group-F30F1A0B57EF->77c66afc-fa73-4d89-b59d-9adc22a556cf(c0,m0,n1, attendVote=true, lastRpcSendTime=646, lastRpcResponseTime=8195)
2022-01-11 23:55:41,544 [2a1c9333-8641-498a-88f2-87bcecbe0d18@group-F30F1A0B57EF-LeaderStateImpl] INFO  server.RaftServer$Division (RaftServerImpl.java:setRole(290)) - 2a1c9333-8641-498a-88f2-87bcecbe0d18@group-F30F1A0B57EF: changes role from    LEADER to FOLLOWER at term 1 for StepDownReason:LOST_MAJORITY_HEARTBEATS
2022-01-11 23:55:41,544 [2a1c9333-8641-498a-88f2-87bcecbe0d18@group-F30F1A0B57EF-LeaderStateImpl] INFO  impl.RoleInfo (RoleInfo.java:shutdownLeaderState(91)) - 2a1c9333-8641-498a-88f2-87bcecbe0d18: shutdown 2a1c9333-8641-498a-88f2-87bcecbe0d18@group-F30F1A0B57EF-LeaderStateImpl
2022-01-11 23:55:41,544 [2a1c9333-8641-498a-88f2-87bcecbe0d18@group-F30F1A0B57EF-LeaderStateImpl] INFO  impl.PendingRequests (PendingRequests.java:sendNotLeaderResponses(282)) - 2a1c9333-8641-498a-88f2-87bcecbe0d18@group-F30F1A0B57EF-PendingRequests: sendNotLeaderResponses
2022-01-11 23:55:41,544 [2a1c9333-8641-498a-88f2-87bcecbe0d18@group-F30F1A0B57EF-LeaderStateImpl] INFO  impl.RoleInfo (RoleInfo.java:updateAndGet(130)) - 2a1c9333-8641-498a-88f2-87bcecbe0d18: start 2a1c9333-8641-498a-88f2-87bcecbe0d18@group-F30F1A0B57EF-FollowerState
2022-01-11 23:55:46,277 [Listener at 127.0.0.1/46043] INFO  ozoneimpl.OzoneContainer (OzoneContainer.java:stop(336)) - Attempting to stop container services.
2022-01-11 23:55:46,285 [Listener at 127.0.0.1/46043] INFO  server.RaftServer (RaftServerProxy.java:lambda$close$6(391)) - 2a1c9333-8641-498a-88f2-87bcecbe0d18: close
2022-01-11 23:55:46,285 [Listener at 127.0.0.1/46043] INFO  server.RaftServer$Division (RaftServerImpl.java:lambda$close$4(412)) - 2a1c9333-8641-498a-88f2-87bcecbe0d18@group-193840CE15A7: shutdown
2022-01-11 23:55:46,285 [Listener at 127.0.0.1/46043] INFO  util.JmxRegister (JmxRegister.java:unregister(73)) - Successfully un-registered JMX Bean with object name Ratis:service=RaftServer,group=group-193840CE15A7,id=2a1c9333-8641-498a-88f2-87bcecbe0d18
2022-01-11 23:55:46,286 [Listener at 127.0.0.1/46043] INFO  impl.RoleInfo (RoleInfo.java:shutdownLeaderState(91)) - 2a1c9333-8641-498a-88f2-87bcecbe0d18: shutdown 2a1c9333-8641-498a-88f2-87bcecbe0d18@group-193840CE15A7-LeaderStateImpl
2022-01-11 23:55:46,286 [Listener at 127.0.0.1/46043] INFO  impl.PendingRequests (PendingRequests.java:sendNotLeaderResponses(282)) - 2a1c9333-8641-498a-88f2-87bcecbe0d18@group-193840CE15A7-PendingRequests: sendNotLeaderResponses
2022-01-11 23:55:46,287 [2a1c9333-8641-498a-88f2-87bcecbe0d18@group-193840CE15A7-StateMachineUpdater] INFO  ratis.ContainerStateMachine (ContainerStateMachine.java:takeSnapshot(299)) - group-193840CE15A7: Taking a snapshot at:(t:1, i:0) file /home/runner/work/ozone/ozone/hadoop-ozone/integration-test/target/test-dir/MiniOzoneClusterImpl-84b3519b-a2d3-47e7-8c84-34506f72c9f7/datanode-5/data/ratis/2fd6ff84-a058-46cb-bad8-193840ce15a7/sm/snapshot.1_0
2022-01-11 23:55:46,287 [Listener at 127.0.0.1/46043] INFO  impl.StateMachineUpdater (StateMachineUpdater.java:stopAndJoin(149)) - 2a1c9333-8641-498a-88f2-87bcecbe0d18@group-193840CE15A7-StateMachineUpdater: set stopIndex = 0
2022-01-11 23:55:46,290 [2a1c9333-8641-498a-88f2-87bcecbe0d18@group-193840CE15A7-StateMachineUpdater] INFO  ratis.ContainerStateMachine (ContainerStateMachine.java:takeSnapshot(310)) - group-193840CE15A7: Finished taking a snapshot at:(t:1, i:0) file:/home/runner/work/ozone/ozone/hadoop-ozone/integration-test/target/test-dir/MiniOzoneClusterImpl-84b3519b-a2d3-47e7-8c84-34506f72c9f7/datanode-5/data/ratis/2fd6ff84-a058-46cb-bad8-193840ce15a7/sm/snapshot.1_0 took: 1 ms
2022-01-11 23:55:46,290 [2a1c9333-8641-498a-88f2-87bcecbe0d18@group-193840CE15A7-StateMachineUpdater] INFO  impl.StateMachineUpdater (StateMachineUpdater.java:takeSnapshot(281)) - 2a1c9333-8641-498a-88f2-87bcecbe0d18@group-193840CE15A7-StateMachineUpdater: Took a snapshot at index 0
2022-01-11 23:55:46,290 [2a1c9333-8641-498a-88f2-87bcecbe0d18@group-193840CE15A7-StateMachineUpdater] INFO  impl.StateMachineUpdater (StateMachineUpdater.java:lambda$new$0(89)) - 2a1c9333-8641-498a-88f2-87bcecbe0d18@group-193840CE15A7-StateMachineUpdater: snapshotIndex: updateIncreasingly -1 -> 0
2022-01-11 23:55:46,290 [Listener at 127.0.0.1/46043] INFO  server.RaftServer$Division (ServerState.java:close(419)) - 2a1c9333-8641-498a-88f2-87bcecbe0d18@group-193840CE15A7: closes. applyIndex: 0
2022-01-11 23:55:46,291 [2a1c9333-8641-498a-88f2-87bcecbe0d18@group-193840CE15A7-SegmentedRaftLogWorker] INFO  segmented.SegmentedRaftLogWorker (SegmentedRaftLogWorker.java:run(327)) - 2a1c9333-8641-498a-88f2-87bcecbe0d18@group-193840CE15A7-SegmentedRaftLogWorker was interrupted, exiting. There are 0 tasks remaining in the queue.
2022-01-11 23:55:46,331 [Listener at 127.0.0.1/46043] INFO  segmented.SegmentedRaftLogWorker (SegmentedRaftLogWorker.java:close(237)) - 2a1c9333-8641-498a-88f2-87bcecbe0d18@group-193840CE15A7-SegmentedRaftLogWorker close()
2022-01-11 23:55:46,331 [Listener at 127.0.0.1/46043] INFO  server.RaftServer$Division (RaftServerImpl.java:lambda$close$4(412)) - 2a1c9333-8641-498a-88f2-87bcecbe0d18@group-F30F1A0B57EF: shutdown
2022-01-11 23:55:46,331 [Listener at 127.0.0.1/46043] INFO  util.JmxRegister (JmxRegister.java:unregister(73)) - Successfully un-registered JMX Bean with object name Ratis:service=RaftServer,group=group-F30F1A0B57EF,id=2a1c9333-8641-498a-88f2-87bcecbe0d18
2022-01-11 23:55:46,331 [Listener at 127.0.0.1/46043] INFO  impl.RoleInfo (RoleInfo.java:shutdownFollowerState(108)) - 2a1c9333-8641-498a-88f2-87bcecbe0d18: shutdown 2a1c9333-8641-498a-88f2-87bcecbe0d18@group-F30F1A0B57EF-FollowerState
2022-01-11 23:55:46,332 [2a1c9333-8641-498a-88f2-87bcecbe0d18@group-F30F1A0B57EF-FollowerState] INFO  impl.FollowerState (FollowerState.java:run(143)) - 2a1c9333-8641-498a-88f2-87bcecbe0d18@group-F30F1A0B57EF-FollowerState was interrupted: {}
java.lang.InterruptedException: sleep interrupted
	at java.lang.Thread.sleep(Native Method)
	at java.lang.Thread.sleep(Thread.java:340)
	at java.util.concurrent.TimeUnit.sleep(TimeUnit.java:386)
	at org.apache.ratis.util.TimeDuration.sleep(TimeDuration.java:324)
	at org.apache.ratis.util.TimeDuration.sleep(TimeDuration.java:309)
	at org.apache.ratis.server.impl.FollowerState.run(FollowerState.java:118)
2022-01-11 23:55:46,341 [Listener at 127.0.0.1/46043] INFO  impl.StateMachineUpdater (StateMachineUpdater.java:stopAndJoin(149)) - 2a1c9333-8641-498a-88f2-87bcecbe0d18@group-F30F1A0B57EF-StateMachineUpdater: set stopIndex = 0
2022-01-11 23:55:46,346 [2a1c9333-8641-498a-88f2-87bcecbe0d18@group-F30F1A0B57EF-StateMachineUpdater] INFO  ratis.ContainerStateMachine (ContainerStateMachine.java:takeSnapshot(299)) - group-F30F1A0B57EF: Taking a snapshot at:(t:1, i:0) file /home/runner/work/ozone/ozone/hadoop-ozone/integration-test/target/test-dir/MiniOzoneClusterImpl-84b3519b-a2d3-47e7-8c84-34506f72c9f7/datanode-5/data/ratis/6cfe6a42-a277-473f-b133-f30f1a0b57ef/sm/snapshot.1_0
2022-01-11 23:55:46,349 [2a1c9333-8641-498a-88f2-87bcecbe0d18@group-F30F1A0B57EF-StateMachineUpdater] INFO  ratis.ContainerStateMachine (ContainerStateMachine.java:takeSnapshot(310)) - group-F30F1A0B57EF: Finished taking a snapshot at:(t:1, i:0) file:/home/runner/work/ozone/ozone/hadoop-ozone/integration-test/target/test-dir/MiniOzoneClusterImpl-84b3519b-a2d3-47e7-8c84-34506f72c9f7/datanode-5/data/ratis/6cfe6a42-a277-473f-b133-f30f1a0b57ef/sm/snapshot.1_0 took: 3 ms
2022-01-11 23:55:46,351 [2a1c9333-8641-498a-88f2-87bcecbe0d18@group-F30F1A0B57EF-StateMachineUpdater] INFO  impl.StateMachineUpdater (StateMachineUpdater.java:takeSnapshot(281)) - 2a1c9333-8641-498a-88f2-87bcecbe0d18@group-F30F1A0B57EF-StateMachineUpdater: Took a snapshot at index 0
2022-01-11 23:55:46,353 [2a1c9333-8641-498a-88f2-87bcecbe0d18@group-F30F1A0B57EF-StateMachineUpdater] INFO  impl.StateMachineUpdater (StateMachineUpdater.java:lambda$new$0(89)) - 2a1c9333-8641-498a-88f2-87bcecbe0d18@group-F30F1A0B57EF-StateMachineUpdater: snapshotIndex: updateIncreasingly -1 -> 0
2022-01-11 23:55:46,361 [Listener at 127.0.0.1/46043] INFO  server.RaftServer$Division (ServerState.java:close(419)) - 2a1c9333-8641-498a-88f2-87bcecbe0d18@group-F30F1A0B57EF: closes. applyIndex: 0
2022-01-11 23:55:46,361 [2a1c9333-8641-498a-88f2-87bcecbe0d18@group-F30F1A0B57EF-SegmentedRaftLogWorker] INFO  segmented.SegmentedRaftLogWorker (SegmentedRaftLogWorker.java:run(327)) - 2a1c9333-8641-498a-88f2-87bcecbe0d18@group-F30F1A0B57EF-SegmentedRaftLogWorker was interrupted, exiting. There are 0 tasks remaining in the queue.
2022-01-11 23:55:46,361 [Listener at 127.0.0.1/46043] INFO  segmented.SegmentedRaftLogWorker (SegmentedRaftLogWorker.java:close(237)) - 2a1c9333-8641-498a-88f2-87bcecbe0d18@group-F30F1A0B57EF-SegmentedRaftLogWorker close()
2022-01-11 23:55:46,362 [Listener at 127.0.0.1/46043] INFO  server.GrpcService (GrpcService.java:closeImpl(262)) - 2a1c9333-8641-498a-88f2-87bcecbe0d18: shutdown server with port 38177 now
2022-01-11 23:55:46,410 [Listener at 127.0.0.1/46043] INFO  server.GrpcService (GrpcService.java:closeImpl(271)) - 2a1c9333-8641-498a-88f2-87bcecbe0d18: shutdown server with port 38177 successfully
2022-01-11 23:55:46,410 [org.apache.ratis.util.JvmPauseMonitor$$Lambda$538/836759902@a05361a] INFO  util.JvmPauseMonitor (JvmPauseMonitor.java:run(109)) - JvmPauseMonitor-2a1c9333-8641-498a-88f2-87bcecbe0d18: Stopped
2022-01-11 23:55:48,477 [Listener at 127.0.0.1/46043] INFO  utils.BackgroundService (BackgroundService.java:shutdown(132)) - Shutting down service BlockDeletingService
2022-01-11 23:55:49,892 [EventQueue-DeadNodeForDeadNodeHandler] INFO  node.DeadNodeHandler (DeadNodeHandler.java:onMessage(80)) - A dead datanode is detected. 77c66afc-fa73-4d89-b59d-9adc22a556cf{ip: 10.1.0.37, host: fv-az59-280.csjynl4pkq3e1pkirw3ssqjfoh.cx.internal.cloudapp.net, ports: [REPLICATION=36525, RATIS=40587, RATIS_ADMIN=40587, RATIS_SERVER=40587, STANDALONE=44631], networkLocation: /default-rack, certSerialId: null, persistedOpState: IN_SERVICE, persistedOpStateExpiryEpochSec: 0}
2022-01-11 23:55:49,892 [EventQueue-DeadNodeForDeadNodeHandler] INFO  pipeline.RatisPipelineProvider (RatisPipelineProvider.java:lambda$close$1(222)) - Send pipeline:PipelineID=954df24e-df25-4aba-a0f7-319779f41024 close command to datanode 77c66afc-fa73-4d89-b59d-9adc22a556cf
2022-01-11 23:55:49,893 [EventQueue-DeadNodeForDeadNodeHandler] INFO  pipeline.PipelineStateManagerImpl (PipelineStateManagerImpl.java:removePipeline(223)) - Pipeline Pipeline[ Id: 954df24e-df25-4aba-a0f7-319779f41024, Nodes: 77c66afc-fa73-4d89-b59d-9adc22a556cf{ip: 10.1.0.37, host: fv-az59-280.csjynl4pkq3e1pkirw3ssqjfoh.cx.internal.cloudapp.net, ports: [REPLICATION=36525, RATIS=40587, RATIS_ADMIN=40587, RATIS_SERVER=40587, STANDALONE=44631], networkLocation: /default-rack, certSerialId: null, persistedOpState: IN_SERVICE, persistedOpStateExpiryEpochSec: 0}, ReplicationConfig: RATIS/ONE, State:CLOSED, leaderId:77c66afc-fa73-4d89-b59d-9adc22a556cf, CreationTimestamp2022-01-11T23:53:58.267Z[Etc/UTC]] removed.
2022-01-11 23:55:49,893 [EventQueue-DeadNodeForDeadNodeHandler] INFO  pipeline.RatisPipelineProvider (RatisPipelineProvider.java:lambda$close$1(222)) - Send pipeline:PipelineID=6cfe6a42-a277-473f-b133-f30f1a0b57ef close command to datanode 6b666312-5236-4d63-85d6-3705eb3fb30b
2022-01-11 23:55:49,893 [EventQueue-DeadNodeForDeadNodeHandler] INFO  pipeline.RatisPipelineProvider (RatisPipelineProvider.java:lambda$close$1(222)) - Send pipeline:PipelineID=6cfe6a42-a277-473f-b133-f30f1a0b57ef close command to datanode 2a1c9333-8641-498a-88f2-87bcecbe0d18
2022-01-11 23:55:49,893 [EventQueue-DeadNodeForDeadNodeHandler] INFO  pipeline.RatisPipelineProvider (RatisPipelineProvider.java:lambda$close$1(222)) - Send pipeline:PipelineID=6cfe6a42-a277-473f-b133-f30f1a0b57ef close command to datanode 77c66afc-fa73-4d89-b59d-9adc22a556cf
2022-01-11 23:55:49,893 [EventQueue-DeadNodeForDeadNodeHandler] INFO  pipeline.PipelineStateManagerImpl (PipelineStateManagerImpl.java:removePipeline(223)) - Pipeline Pipeline[ Id: 6cfe6a42-a277-473f-b133-f30f1a0b57ef, Nodes: 6b666312-5236-4d63-85d6-3705eb3fb30b{ip: 10.1.0.37, host: fv-az59-280.csjynl4pkq3e1pkirw3ssqjfoh.cx.internal.cloudapp.net, ports: [REPLICATION=44445, RATIS=38271, RATIS_ADMIN=38271, RATIS_SERVER=38271, STANDALONE=39257], networkLocation: /default-rack, certSerialId: null, persistedOpState: IN_SERVICE, persistedOpStateExpiryEpochSec: 0}2a1c9333-8641-498a-88f2-87bcecbe0d18{ip: 10.1.0.37, host: fv-az59-280.csjynl4pkq3e1pkirw3ssqjfoh.cx.internal.cloudapp.net, ports: [REPLICATION=45151, RATIS=38177, RATIS_ADMIN=38177, RATIS_SERVER=38177, STANDALONE=44313], networkLocation: /default-rack, certSerialId: null, persistedOpState: IN_SERVICE, persistedOpStateExpiryEpochSec: 0}77c66afc-fa73-4d89-b59d-9adc22a556cf{ip: 10.1.0.37, host: fv-az59-280.csjynl4pkq3e1pkirw3ssqjfoh.cx.internal.cloudapp.net, ports: [REPLICATION=36525, RATIS=40587, RATIS_ADMIN=40587, RATIS_SERVER=40587, STANDALONE=44631], networkLocation: /default-rack, certSerialId: null, persistedOpState: IN_SERVICE, persistedOpStateExpiryEpochSec: 0}, ReplicationConfig: RATIS/THREE, State:CLOSED, leaderId:2a1c9333-8641-498a-88f2-87bcecbe0d18, CreationTimestamp2022-01-11T23:55:08.443Z[Etc/UTC]] removed.
2022-01-11 23:55:49,893 [EventQueue-DeadNodeForDeadNodeHandler] INFO  net.NetworkTopologyImpl (NetworkTopologyImpl.java:remove(137)) - Removed a node: /default-rack/77c66afc-fa73-4d89-b59d-9adc22a556cf
2022-01-11 23:55:50,397 [EventQueue-DeadNodeForDeadNodeHandler] INFO  node.DeadNodeHandler (DeadNodeHandler.java:onMessage(80)) - A dead datanode is detected. 6b666312-5236-4d63-85d6-3705eb3fb30b{ip: 10.1.0.37, host: fv-az59-280.csjynl4pkq3e1pkirw3ssqjfoh.cx.internal.cloudapp.net, ports: [REPLICATION=44445, RATIS=38271, RATIS_ADMIN=38271, RATIS_SERVER=38271, STANDALONE=39257], networkLocation: /default-rack, certSerialId: null, persistedOpState: IN_SERVICE, persistedOpStateExpiryEpochSec: 0}
2022-01-11 23:55:50,397 [EventQueue-DeadNodeForDeadNodeHandler] INFO  pipeline.RatisPipelineProvider (RatisPipelineProvider.java:lambda$close$1(222)) - Send pipeline:PipelineID=94c2b8f9-d063-4842-963f-31887f02bc17 close command to datanode 6b666312-5236-4d63-85d6-3705eb3fb30b
2022-01-11 23:55:50,397 [EventQueue-DeadNodeForDeadNodeHandler] INFO  pipeline.PipelineStateManagerImpl (PipelineStateManagerImpl.java:removePipeline(223)) - Pipeline Pipeline[ Id: 94c2b8f9-d063-4842-963f-31887f02bc17, Nodes: 6b666312-5236-4d63-85d6-3705eb3fb30b{ip: 10.1.0.37, host: fv-az59-280.csjynl4pkq3e1pkirw3ssqjfoh.cx.internal.cloudapp.net, ports: [REPLICATION=44445, RATIS=38271, RATIS_ADMIN=38271, RATIS_SERVER=38271, STANDALONE=39257], networkLocation: /default-rack, certSerialId: null, persistedOpState: IN_SERVICE, persistedOpStateExpiryEpochSec: 0}, ReplicationConfig: RATIS/ONE, State:CLOSED, leaderId:6b666312-5236-4d63-85d6-3705eb3fb30b, CreationTimestamp2022-01-11T23:53:59.995Z[Etc/UTC]] removed.
2022-01-11 23:55:50,398 [EventQueue-DeadNodeForDeadNodeHandler] INFO  net.NetworkTopologyImpl (NetworkTopologyImpl.java:remove(137)) - Removed a node: /default-rack/6b666312-5236-4d63-85d6-3705eb3fb30b
2022-01-11 23:55:50,597 [EventQueue-StaleNodeForStaleNodeHandler] INFO  node.StaleNodeHandler (StaleNodeHandler.java:onMessage(58)) - Datanode 2a1c9333-8641-498a-88f2-87bcecbe0d18{ip: 10.1.0.37, host: fv-az59-280.csjynl4pkq3e1pkirw3ssqjfoh.cx.internal.cloudapp.net, ports: [REPLICATION=45151, RATIS=38177, RATIS_ADMIN=38177, RATIS_SERVER=38177, STANDALONE=44313], networkLocation: /default-rack, certSerialId: null, persistedOpState: IN_SERVICE, persistedOpStateExpiryEpochSec: 0} moved to stale state. Finalizing its pipelines [PipelineID=2fd6ff84-a058-46cb-bad8-193840ce15a7]
2022-01-11 23:55:50,598 [EventQueue-StaleNodeForStaleNodeHandler] INFO  pipeline.PipelineManagerImpl (PipelineManagerImpl.java:closePipeline(365)) - Pipeline Pipeline[ Id: 2fd6ff84-a058-46cb-bad8-193840ce15a7, Nodes: 2a1c9333-8641-498a-88f2-87bcecbe0d18{ip: 10.1.0.37, host: fv-az59-280.csjynl4pkq3e1pkirw3ssqjfoh.cx.internal.cloudapp.net, ports: [REPLICATION=45151, RATIS=38177, RATIS_ADMIN=38177, RATIS_SERVER=38177, STANDALONE=44313], networkLocation: /default-rack, certSerialId: null, persistedOpState: IN_SERVICE, persistedOpStateExpiryEpochSec: 0}, ReplicationConfig: RATIS/ONE, State:OPEN, leaderId:2a1c9333-8641-498a-88f2-87bcecbe0d18, CreationTimestamp2022-01-11T23:55:08.436Z[Etc/UTC]] moved to CLOSED state
2022-01-11 23:55:51,480 [Listener at 127.0.0.1/46043] INFO  statemachine.DatanodeStateMachine (DatanodeStateMachine.java:stopDaemon(529)) - Ozone container server stopped.
2022-01-11 23:55:51,483 [Listener at 127.0.0.1/46043] INFO  handler.ContextHandler (ContextHandler.java:doStop(1153)) - Stopped o.e.j.w.WebAppContext@7f914cb4{hddsDatanode,/,null,STOPPED}{jar:file:/home/runner/.m2/repository/org/apache/ozone/hdds-container-service/1.3.0-SNAPSHOT/hdds-container-service-1.3.0-SNAPSHOT.jar!/webapps/hddsDatanode}
2022-01-11 23:55:51,483 [Listener at 127.0.0.1/46043] INFO  server.AbstractConnector (AbstractConnector.java:doStop(381)) - Stopped ServerConnector@27d4e130{HTTP/1.1, (http/1.1)}{0.0.0.0:40597}
2022-01-11 23:55:51,484 [Listener at 127.0.0.1/46043] INFO  server.session (HouseKeeper.java:stopScavenging(149)) - node0 Stopped scavenging
2022-01-11 23:55:51,484 [Listener at 127.0.0.1/46043] INFO  handler.ContextHandler (ContextHandler.java:doStop(1153)) - Stopped o.e.j.s.ServletContextHandler@308c56ff{static,/static,jar:file:/home/runner/.m2/repository/org/apache/ozone/hdds-container-service/1.3.0-SNAPSHOT/hdds-container-service-1.3.0-SNAPSHOT.jar!/webapps/static,STOPPED}
2022-01-11 23:55:51,484 [Listener at 127.0.0.1/46043] INFO  handler.ContextHandler (ContextHandler.java:doStop(1153)) - Stopped o.e.j.s.ServletContextHandler@55103b17{logs,/logs,file:///home/runner/work/ozone/ozone/hadoop-ozone/integration-test/target/log,STOPPED}
2022-01-11 23:56:00,610 [EventQueue-DeadNodeForDeadNodeHandler] INFO  node.DeadNodeHandler (DeadNodeHandler.java:onMessage(80)) - A dead datanode is detected. 2a1c9333-8641-498a-88f2-87bcecbe0d18{ip: 10.1.0.37, host: fv-az59-280.csjynl4pkq3e1pkirw3ssqjfoh.cx.internal.cloudapp.net, ports: [REPLICATION=45151, RATIS=38177, RATIS_ADMIN=38177, RATIS_SERVER=38177, STANDALONE=44313], networkLocation: /default-rack, certSerialId: null, persistedOpState: IN_SERVICE, persistedOpStateExpiryEpochSec: 0}
2022-01-11 23:56:00,610 [EventQueue-DeadNodeForDeadNodeHandler] INFO  pipeline.RatisPipelineProvider (RatisPipelineProvider.java:lambda$close$1(222)) - Send pipeline:PipelineID=2fd6ff84-a058-46cb-bad8-193840ce15a7 close command to datanode 2a1c9333-8641-498a-88f2-87bcecbe0d18
2022-01-11 23:56:00,610 [EventQueue-DeadNodeForDeadNodeHandler] INFO  pipeline.PipelineStateManagerImpl (PipelineStateManagerImpl.java:removePipeline(223)) - Pipeline Pipeline[ Id: 2fd6ff84-a058-46cb-bad8-193840ce15a7, Nodes: 2a1c9333-8641-498a-88f2-87bcecbe0d18{ip: 10.1.0.37, host: fv-az59-280.csjynl4pkq3e1pkirw3ssqjfoh.cx.internal.cloudapp.net, ports: [REPLICATION=45151, RATIS=38177, RATIS_ADMIN=38177, RATIS_SERVER=38177, STANDALONE=44313], networkLocation: /default-rack, certSerialId: null, persistedOpState: IN_SERVICE, persistedOpStateExpiryEpochSec: 0}, ReplicationConfig: RATIS/ONE, State:CLOSED, leaderId:2a1c9333-8641-498a-88f2-87bcecbe0d18, CreationTimestamp2022-01-11T23:55:08.436Z[Etc/UTC]] removed.
2022-01-11 23:56:00,611 [EventQueue-DeadNodeForDeadNodeHandler] INFO  net.NetworkTopologyImpl (NetworkTopologyImpl.java:remove(137)) - Removed a node: /default-rack/2a1c9333-8641-498a-88f2-87bcecbe0d18
2022-01-11 23:57:08,444 [RatisPipelineUtilsThread - 0] ERROR scm.SCMCommonPlacementPolicy (SCMCommonPlacementPolicy.java:filterNodesWithSpace(171)) - Unable to find enough nodes that meet the space requirement of 1073741824 bytes for metadata and 5368709120 bytes for data in healthy node set. Required 3. Found 0.
]]></system-out>
    <system-err><![CDATA[Jan 11, 2022 11:55:35 PM org.apache.ratis.thirdparty.io.grpc.internal.ManagedChannelOrphanWrapper$ManagedChannelReference cleanQueue
SEVERE: *~*~*~ Channel ManagedChannelImpl{logId=318, target=10.1.0.37:42017} was not shutdown properly!!! ~*~*~*
    Make sure to call shutdown()/shutdownNow() and wait until awaitTermination() returns true.
java.lang.RuntimeException: ManagedChannel allocation site
	at org.apache.ratis.thirdparty.io.grpc.internal.ManagedChannelOrphanWrapper$ManagedChannelReference.<init>(ManagedChannelOrphanWrapper.java:93)
	at org.apache.ratis.thirdparty.io.grpc.internal.ManagedChannelOrphanWrapper.<init>(ManagedChannelOrphanWrapper.java:53)
	at org.apache.ratis.thirdparty.io.grpc.internal.ManagedChannelOrphanWrapper.<init>(ManagedChannelOrphanWrapper.java:44)
	at org.apache.ratis.thirdparty.io.grpc.internal.ManagedChannelImplBuilder.build(ManagedChannelImplBuilder.java:596)
	at org.apache.ratis.thirdparty.io.grpc.ForwardingChannelBuilder.build(ForwardingChannelBuilder.java:255)
	at org.apache.hadoop.hdds.scm.XceiverClientGrpc.connectToDatanode(XceiverClientGrpc.java:195)
	at org.apache.hadoop.hdds.scm.XceiverClientGrpc.connect(XceiverClientGrpc.java:144)
	at org.apache.hadoop.hdds.scm.XceiverClientManager$2.call(XceiverClientManager.java:237)
	at org.apache.hadoop.hdds.scm.XceiverClientManager$2.call(XceiverClientManager.java:221)
	at com.google.common.cache.LocalCache$LocalManualCache$1.load(LocalCache.java:4864)
	at com.google.common.cache.LocalCache$LoadingValueReference.loadFuture(LocalCache.java:3529)
	at com.google.common.cache.LocalCache$Segment.loadSync(LocalCache.java:2278)
	at com.google.common.cache.LocalCache$Segment.lockedGetOrLoad(LocalCache.java:2155)
	at com.google.common.cache.LocalCache$Segment.get(LocalCache.java:2045)
	at com.google.common.cache.LocalCache.get(LocalCache.java:3962)
	at com.google.common.cache.LocalCache$LocalManualCache.get(LocalCache.java:4859)
	at org.apache.hadoop.hdds.scm.XceiverClientManager.getClient(XceiverClientManager.java:221)
	at org.apache.hadoop.hdds.scm.XceiverClientManager.acquireClient(XceiverClientManager.java:165)
	at org.apache.hadoop.hdds.scm.XceiverClientManager.acquireClientForReadData(XceiverClientManager.java:154)
	at org.apache.hadoop.hdds.scm.storage.BlockInputStream.acquireClient(BlockInputStream.java:255)
	at org.apache.hadoop.hdds.scm.storage.BlockInputStream.getChunkInfos(BlockInputStream.java:229)
	at org.apache.hadoop.hdds.scm.storage.BlockInputStream.initialize(BlockInputStream.java:153)
	at org.apache.hadoop.hdds.scm.storage.BlockInputStream.readWithStrategy(BlockInputStream.java:314)
	at org.apache.hadoop.hdds.scm.storage.BlockInputStream.read(BlockInputStream.java:297)
	at org.apache.hadoop.hdds.scm.storage.ByteArrayReader.readFromBlock(ByteArrayReader.java:57)
	at org.apache.hadoop.ozone.client.io.KeyInputStream.readWithStrategy(KeyInputStream.java:262)
	at org.apache.hadoop.ozone.client.io.KeyInputStream.read(KeyInputStream.java:230)
	at org.apache.hadoop.ozone.client.io.OzoneInputStream.read(OzoneInputStream.java:56)
	at java.io.InputStream.read(InputStream.java:101)
	at org.apache.hadoop.ozone.container.TestHelper.validateData(TestHelper.java:146)
	at org.apache.hadoop.ozone.client.rpc.TestBlockOutputStreamWithFailuresFlushDelay.validateData(TestBlockOutputStreamWithFailuresFlushDelay.java:876)
	at org.apache.hadoop.ozone.client.rpc.TestBlockOutputStreamWithFailuresFlushDelay.test2DatanodesFailure(TestBlockOutputStreamWithFailuresFlushDelay.java:450)
	at sun.reflect.NativeMethodAccessorImpl.invoke0(Native Method)
	at sun.reflect.NativeMethodAccessorImpl.invoke(NativeMethodAccessorImpl.java:62)
	at sun.reflect.DelegatingMethodAccessorImpl.invoke(DelegatingMethodAccessorImpl.java:43)
	at java.lang.reflect.Method.invoke(Method.java:498)
	at org.junit.runners.model.FrameworkMethod$1.runReflectiveCall(FrameworkMethod.java:59)
	at org.junit.internal.runners.model.ReflectiveCallable.run(ReflectiveCallable.java:12)
	at org.junit.runners.model.FrameworkMethod.invokeExplosively(FrameworkMethod.java:56)
	at org.junit.internal.runners.statements.InvokeMethod.evaluate(InvokeMethod.java:17)
	at org.junit.internal.runners.statements.RunBefores.evaluate(RunBefores.java:26)
	at org.junit.internal.runners.statements.RunAfters.evaluate(RunAfters.java:27)
	at org.junit.internal.runners.statements.FailOnTimeout$CallableStatement.call(FailOnTimeout.java:288)
	at org.junit.internal.runners.statements.FailOnTimeout$CallableStatement.call(FailOnTimeout.java:282)
	at java.util.concurrent.FutureTask.run(FutureTask.java:266)
	at java.lang.Thread.run(Thread.java:748)

Jan 11, 2022 11:55:35 PM org.apache.ratis.thirdparty.io.grpc.internal.ManagedChannelOrphanWrapper$ManagedChannelReference cleanQueue
SEVERE: *~*~*~ Channel ManagedChannelImpl{logId=313, target=10.1.0.37:42985} was not shutdown properly!!! ~*~*~*
    Make sure to call shutdown()/shutdownNow() and wait until awaitTermination() returns true.
java.lang.RuntimeException: ManagedChannel allocation site
	at org.apache.ratis.thirdparty.io.grpc.internal.ManagedChannelOrphanWrapper$ManagedChannelReference.<init>(ManagedChannelOrphanWrapper.java:93)
	at org.apache.ratis.thirdparty.io.grpc.internal.ManagedChannelOrphanWrapper.<init>(ManagedChannelOrphanWrapper.java:53)
	at org.apache.ratis.thirdparty.io.grpc.internal.ManagedChannelOrphanWrapper.<init>(ManagedChannelOrphanWrapper.java:44)
	at org.apache.ratis.thirdparty.io.grpc.internal.ManagedChannelImplBuilder.build(ManagedChannelImplBuilder.java:596)
	at org.apache.ratis.thirdparty.io.grpc.ForwardingChannelBuilder.build(ForwardingChannelBuilder.java:255)
	at org.apache.ratis.grpc.client.GrpcClientProtocolClient.buildChannel(GrpcClientProtocolClient.java:159)
	at org.apache.ratis.grpc.client.GrpcClientProtocolClient.<init>(GrpcClientProtocolClient.java:111)
	at org.apache.ratis.grpc.client.GrpcClientRpc.lambda$new$0(GrpcClientRpc.java:57)
	at org.apache.ratis.util.PeerProxyMap$PeerAndProxy.lambda$getProxy$0(PeerProxyMap.java:63)
	at org.apache.ratis.util.LifeCycle.startAndTransition(LifeCycle.java:270)
	at org.apache.ratis.util.PeerProxyMap$PeerAndProxy.getProxy(PeerProxyMap.java:62)
	at org.apache.ratis.util.PeerProxyMap.getProxy(PeerProxyMap.java:114)
	at org.apache.ratis.grpc.client.GrpcClientRpc.sendRequestAsync(GrpcClientRpc.java:67)
	at org.apache.ratis.client.impl.OrderedAsync.sendRequest(OrderedAsync.java:236)
	at org.apache.ratis.client.impl.OrderedAsync.sendRequestWithRetry(OrderedAsync.java:189)
	at org.apache.ratis.util.SlidingWindow$Client.sendOrDelayRequest(SlidingWindow.java:280)
	at org.apache.ratis.util.SlidingWindow$Client.submitNewRequest(SlidingWindow.java:259)
	at org.apache.ratis.client.impl.OrderedAsync.send(OrderedAsync.java:170)
	at org.apache.ratis.client.impl.OrderedAsync.newInstance(OrderedAsync.java:118)
	at org.apache.ratis.client.impl.RaftClientImpl.lambda$new$0(RaftClientImpl.java:162)
	at org.apache.ratis.util.MemoizedSupplier.get(MemoizedSupplier.java:62)
	at org.apache.ratis.client.impl.RaftClientImpl.getOrderedAsync(RaftClientImpl.java:215)
	at org.apache.ratis.client.impl.AsyncImpl.send(AsyncImpl.java:41)
	at org.apache.ratis.client.impl.AsyncImpl.send(AsyncImpl.java:46)
	at org.apache.hadoop.hdds.scm.XceiverClientRatis.lambda$sendRequestAsync$3(XceiverClientRatis.java:225)
	at org.apache.hadoop.hdds.tracing.TracingUtil.executeInNewSpan(TracingUtil.java:159)
	at org.apache.hadoop.hdds.scm.XceiverClientRatis.sendRequestAsync(XceiverClientRatis.java:210)
	at org.apache.hadoop.hdds.scm.XceiverClientRatis.sendCommandAsync(XceiverClientRatis.java:306)
	at org.apache.hadoop.hdds.scm.storage.ContainerProtocolCalls.writeChunkAsync(ContainerProtocolCalls.java:300)
	at org.apache.hadoop.hdds.scm.storage.BlockOutputStream.writeChunkToContainer(BlockOutputStream.java:666)
	at org.apache.hadoop.hdds.scm.storage.BlockOutputStream.writeChunk(BlockOutputStream.java:506)
	at org.apache.hadoop.hdds.scm.storage.BlockOutputStream.writeOnRetry(BlockOutputStream.java:306)
	at org.apache.hadoop.ozone.client.io.BlockOutputStreamEntry.writeOnRetry(BlockOutputStreamEntry.java:123)
	at org.apache.hadoop.ozone.client.io.KeyOutputStream.writeToOutputStream(KeyOutputStream.java:253)
	at org.apache.hadoop.ozone.client.io.KeyOutputStream.handleWrite(KeyOutputStream.java:233)
	at org.apache.hadoop.ozone.client.io.KeyOutputStream.handleRetry(KeyOutputStream.java:415)
	at org.apache.hadoop.ozone.client.io.KeyOutputStream.handleException(KeyOutputStream.java:360)
	at org.apache.hadoop.ozone.client.io.KeyOutputStream.handleFlushOrClose(KeyOutputStream.java:471)
	at org.apache.hadoop.ozone.client.io.KeyOutputStream.handleWrite(KeyOutputStream.java:237)
	at org.apache.hadoop.ozone.client.io.KeyOutputStream.write(KeyOutputStream.java:213)
	at org.apache.hadoop.ozone.client.io.OzoneOutputStream.write(OzoneOutputStream.java:50)
	at java.io.OutputStream.write(OutputStream.java:75)
	at org.apache.hadoop.ozone.client.rpc.TestBlockOutputStreamWithFailuresFlushDelay.test2DatanodesFailure(TestBlockOutputStreamWithFailuresFlushDelay.java:416)
	at sun.reflect.NativeMethodAccessorImpl.invoke0(Native Method)
	at sun.reflect.NativeMethodAccessorImpl.invoke(NativeMethodAccessorImpl.java:62)
	at sun.reflect.DelegatingMethodAccessorImpl.invoke(DelegatingMethodAccessorImpl.java:43)
	at java.lang.reflect.Method.invoke(Method.java:498)
	at org.junit.runners.model.FrameworkMethod$1.runReflectiveCall(FrameworkMethod.java:59)
	at org.junit.internal.runners.model.ReflectiveCallable.run(ReflectiveCallable.java:12)
	at org.junit.runners.model.FrameworkMethod.invokeExplosively(FrameworkMethod.java:56)
	at org.junit.internal.runners.statements.InvokeMethod.evaluate(InvokeMethod.java:17)
	at org.junit.internal.runners.statements.RunBefores.evaluate(RunBefores.java:26)
	at org.junit.internal.runners.statements.RunAfters.evaluate(RunAfters.java:27)
	at org.junit.internal.runners.statements.FailOnTimeout$CallableStatement.call(FailOnTimeout.java:288)
	at org.junit.internal.runners.statements.FailOnTimeout$CallableStatement.call(FailOnTimeout.java:282)
	at java.util.concurrent.FutureTask.run(FutureTask.java:266)
	at java.lang.Thread.run(Thread.java:748)

Jan 11, 2022 11:55:35 PM org.apache.ratis.thirdparty.io.grpc.internal.ManagedChannelOrphanWrapper$ManagedChannelReference cleanQueue
SEVERE: *~*~*~ Channel ManagedChannelImpl{logId=308, target=10.1.0.37:35585} was not shutdown properly!!! ~*~*~*
    Make sure to call shutdown()/shutdownNow() and wait until awaitTermination() returns true.
java.lang.RuntimeException: ManagedChannel allocation site
	at org.apache.ratis.thirdparty.io.grpc.internal.ManagedChannelOrphanWrapper$ManagedChannelReference.<init>(ManagedChannelOrphanWrapper.java:93)
	at org.apache.ratis.thirdparty.io.grpc.internal.ManagedChannelOrphanWrapper.<init>(ManagedChannelOrphanWrapper.java:53)
	at org.apache.ratis.thirdparty.io.grpc.internal.ManagedChannelOrphanWrapper.<init>(ManagedChannelOrphanWrapper.java:44)
	at org.apache.ratis.thirdparty.io.grpc.internal.ManagedChannelImplBuilder.build(ManagedChannelImplBuilder.java:596)
	at org.apache.ratis.thirdparty.io.grpc.ForwardingChannelBuilder.build(ForwardingChannelBuilder.java:255)
	at org.apache.ratis.grpc.client.GrpcClientProtocolClient.buildChannel(GrpcClientProtocolClient.java:159)
	at org.apache.ratis.grpc.client.GrpcClientProtocolClient.<init>(GrpcClientProtocolClient.java:111)
	at org.apache.ratis.grpc.client.GrpcClientRpc.lambda$new$0(GrpcClientRpc.java:57)
	at org.apache.ratis.util.PeerProxyMap$PeerAndProxy.lambda$getProxy$0(PeerProxyMap.java:63)
	at org.apache.ratis.util.LifeCycle.startAndTransition(LifeCycle.java:270)
	at org.apache.ratis.util.PeerProxyMap$PeerAndProxy.getProxy(PeerProxyMap.java:62)
	at org.apache.ratis.util.PeerProxyMap.getProxy(PeerProxyMap.java:114)
	at org.apache.ratis.grpc.client.GrpcClientRpc.sendRequestAsync(GrpcClientRpc.java:67)
	at org.apache.ratis.client.impl.OrderedAsync.sendRequest(OrderedAsync.java:236)
	at org.apache.ratis.client.impl.OrderedAsync.sendRequestWithRetry(OrderedAsync.java:189)
	at org.apache.ratis.util.SlidingWindow$Client.sendOrDelayRequest(SlidingWindow.java:280)
	at org.apache.ratis.util.SlidingWindow$Client.retry(SlidingWindow.java:296)
	at org.apache.ratis.client.impl.OrderedAsync.lambda$scheduleWithTimeout$7(OrderedAsync.java:223)
	at org.apache.ratis.util.TimeoutScheduler.lambda$onTimeout$0(TimeoutScheduler.java:141)
	at org.apache.ratis.util.TimeoutScheduler.lambda$onTimeout$1(TimeoutScheduler.java:155)
	at org.apache.ratis.util.LogUtils.runAndLog(LogUtils.java:38)
	at org.apache.ratis.util.LogUtils$1.run(LogUtils.java:79)
	at java.util.concurrent.Executors$RunnableAdapter.call(Executors.java:511)
	at java.util.concurrent.FutureTask.run(FutureTask.java:266)
	at java.util.concurrent.ScheduledThreadPoolExecutor$ScheduledFutureTask.access$201(ScheduledThreadPoolExecutor.java:180)
	at java.util.concurrent.ScheduledThreadPoolExecutor$ScheduledFutureTask.run(ScheduledThreadPoolExecutor.java:293)
	at java.util.concurrent.ThreadPoolExecutor.runWorker(ThreadPoolExecutor.java:1149)
	at java.util.concurrent.ThreadPoolExecutor$Worker.run(ThreadPoolExecutor.java:624)
	at java.lang.Thread.run(Thread.java:748)

]]></system-err>
  </testcase>
  <testcase name="testDatanodeFailureWithSingleNodeRatis" classname="org.apache.hadoop.ozone.client.rpc.TestBlockOutputStreamWithFailuresFlushDelay" time="157.251"/>
  <testcase name="testWatchForCommitDatanodeFailure" classname="org.apache.hadoop.ozone.client.rpc.TestBlockOutputStreamWithFailuresFlushDelay" time="100.106"/>
  <testcase name="testContainerClose" classname="org.apache.hadoop.ozone.client.rpc.TestBlockOutputStreamWithFailuresFlushDelay" time="113.294"/>
</testsuite>