<?xml version="1.0" encoding="UTF-8"?>
<testsuite xmlns:xsi="http://www.w3.org/2001/XMLSchema-instance" xsi:noNamespaceSchemaLocation="https://maven.apache.org/surefire/maven-surefire-plugin/xsd/surefire-test-report.xsd" name="org.apache.hadoop.ozone.client.rpc.TestWatchForCommit" time="234.214" tests="4" errors="1" skipped="0" failures="0">
  <properties>
    <property name="awt.toolkit" value="sun.awt.X11.XToolkit"/>
    <property name="file.encoding.pkg" value="sun.io"/>
    <property name="java.specification.version" value="1.8"/>
    <property name="sun.cpu.isalist" value=""/>
    <property name="sun.jnu.encoding" value="UTF-8"/>
    <property name="java.class.path" value="/home/runner/work/ozone/ozone/mnt/ozone/hadoop-ozone/integration-test/target/test-classes:/home/runner/work/ozone/ozone/mnt/ozone/hadoop-ozone/integration-test/target/classes:/home/runner/.m2/repository/org/apache/ozone/ozone-common/1.2.0-SNAPSHOT/ozone-common-1.2.0-SNAPSHOT.jar:/home/runner/.m2/repository/org/apache/commons/commons-compress/1.20/commons-compress-1.20.jar:/home/runner/.m2/repository/org/apache/ozone/hdds-common/1.2.0-SNAPSHOT/hdds-common-1.2.0-SNAPSHOT.jar:/home/runner/.m2/repository/org/apache/ozone/hdds-client/1.2.0-SNAPSHOT/hdds-client-1.2.0-SNAPSHOT.jar:/home/runner/.m2/repository/org/apache/ozone/ozone-interface-client/1.2.0-SNAPSHOT/ozone-interface-client-1.2.0-SNAPSHOT.jar:/home/runner/.m2/repository/org/apache/ozone/hdds-server-framework/1.2.0-SNAPSHOT/hdds-server-framework-1.2.0-SNAPSHOT.jar:/home/runner/.m2/repository/org/apache/ozone/hdds-interface-server/1.2.0-SNAPSHOT/hdds-interface-server-1.2.0-SNAPSHOT.jar:/home/runner/.m2/repository/org/eclipse/jetty/jetty-servlet/9.4.35.v20201120/jetty-servlet-9.4.35.v20201120.jar:/home/runner/.m2/repository/org/eclipse/jetty/jetty-security/9.4.35.v20201120/jetty-security-9.4.35.v20201120.jar:/home/runner/.m2/repository/org/rocksdb/rocksdbjni/6.20.3/rocksdbjni-6.20.3.jar:/home/runner/.m2/repository/io/prometheus/simpleclient_dropwizard/0.7.0/simpleclient_dropwizard-0.7.0.jar:/home/runner/.m2/repository/io/prometheus/simpleclient/0.7.0/simpleclient-0.7.0.jar:/home/runner/.m2/repository/io/prometheus/simpleclient_common/0.7.0/simpleclient_common-0.7.0.jar:/home/runner/.m2/repository/com/fasterxml/jackson/datatype/jackson-datatype-jsr310/2.12.1/jackson-datatype-jsr310-2.12.1.jar:/home/runner/.m2/repository/org/apache/ozone/hdds-test-utils/1.2.0-SNAPSHOT/hdds-test-utils-1.2.0-SNAPSHOT.jar:/home/runner/.m2/repository/com/google/guava/guava/30.1.1-jre/guava-30.1.1-jre.jar:/home/runner/.m2/repository/com/google/guava/failureaccess/1.0.1/failureaccess-1.0.1.jar:/home/runner/.m2/repository/com/google/guava/listenablefuture/9999.0-empty-to-avoid-conflict-with-guava/listenablefuture-9999.0-empty-to-avoid-conflict-with-guava.jar:/home/runner/.m2/repository/com/google/code/findbugs/jsr305/3.0.0/jsr305-3.0.0.jar:/home/runner/.m2/repository/org/checkerframework/checker-qual/3.8.0/checker-qual-3.8.0.jar:/home/runner/.m2/repository/com/google/errorprone/error_prone_annotations/2.2.0/error_prone_annotations-2.2.0.jar:/home/runner/.m2/repository/com/google/j2objc/j2objc-annotations/1.3/j2objc-annotations-1.3.jar:/home/runner/.m2/repository/commons-io/commons-io/2.8.0/commons-io-2.8.0.jar:/home/runner/.m2/repository/commons-logging/commons-logging/1.2/commons-logging-1.2.jar:/home/runner/.m2/repository/log4j/log4j/1.2.17/log4j-1.2.17.jar:/home/runner/.m2/repository/org/slf4j/slf4j-api/1.7.30/slf4j-api-1.7.30.jar:/home/runner/.m2/repository/org/apache/ozone/hdds-server-scm/1.2.0-SNAPSHOT/hdds-server-scm-1.2.0-SNAPSHOT.jar:/home/runner/.m2/repository/org/apache/ozone/hdds-container-service/1.2.0-SNAPSHOT/hdds-container-service-1.2.0-SNAPSHOT.jar:/home/runner/.m2/repository/org/apache/ozone/hdds-hadoop-dependency-server/1.2.0-SNAPSHOT/hdds-hadoop-dependency-server-1.2.0-SNAPSHOT.jar:/home/runner/.m2/repository/org/apache/hadoop/hadoop-hdfs/3.3.1/hadoop-hdfs-3.3.1.jar:/home/runner/.m2/repository/io/dropwizard/metrics/metrics-core/3.2.4/metrics-core-3.2.4.jar:/home/runner/.m2/repository/org/apache/hadoop/hadoop-hdfs-client/3.3.1/hadoop-hdfs-client-3.3.1.jar:/home/runner/.m2/repository/org/bouncycastle/bcprov-jdk15on/1.67/bcprov-jdk15on-1.67.jar:/home/runner/.m2/repository/com/google/protobuf/protobuf-java/2.5.0/protobuf-java-2.5.0.jar:/home/runner/.m2/repository/org/apache/ozone/ozone-manager/1.2.0-SNAPSHOT/ozone-manager-1.2.0-SNAPSHOT.jar:/home/runner/.m2/repository/org/aspectj/aspectjrt/1.8.9/aspectjrt-1.8.9.jar:/home/runner/.m2/repository/org/aspectj/aspectjweaver/1.8.9/aspectjweaver-1.8.9.jar:/home/runner/.m2/repository/org/apache/ozone/hdds-interface-client/1.2.0-SNAPSHOT/hdds-interface-client-1.2.0-SNAPSHOT.jar:/home/runner/.m2/repository/org/apache/hadoop/thirdparty/hadoop-shaded-protobuf_3_7/1.1.1/hadoop-shaded-protobuf_3_7-1.1.1.jar:/home/runner/.m2/repository/org/apache/ratis/ratis-thirdparty-misc/0.7.0/ratis-thirdparty-misc-0.7.0.jar:/home/runner/.m2/repository/org/apache/ozone/ozone-interface-storage/1.2.0-SNAPSHOT/ozone-interface-storage-1.2.0-SNAPSHOT.jar:/home/runner/.m2/repository/org/reflections/reflections/0.9.11/reflections-0.9.11.jar:/home/runner/.m2/repository/org/apache/hadoop/hadoop-minikdc/3.3.1/hadoop-minikdc-3.3.1.jar:/home/runner/.m2/repository/org/apache/kerby/kerb-simplekdc/1.0.1/kerb-simplekdc-1.0.1.jar:/home/runner/.m2/repository/org/apache/kerby/kerb-client/1.0.1/kerb-client-1.0.1.jar:/home/runner/.m2/repository/org/apache/kerby/kerby-config/1.0.1/kerby-config-1.0.1.jar:/home/runner/.m2/repository/org/apache/kerby/kerb-common/1.0.1/kerb-common-1.0.1.jar:/home/runner/.m2/repository/org/apache/kerby/kerb-crypto/1.0.1/kerb-crypto-1.0.1.jar:/home/runner/.m2/repository/org/apache/kerby/kerb-util/1.0.1/kerb-util-1.0.1.jar:/home/runner/.m2/repository/org/apache/kerby/token-provider/1.0.1/token-provider-1.0.1.jar:/home/runner/.m2/repository/org/apache/kerby/kerb-admin/1.0.1/kerb-admin-1.0.1.jar:/home/runner/.m2/repository/org/apache/kerby/kerb-server/1.0.1/kerb-server-1.0.1.jar:/home/runner/.m2/repository/org/apache/kerby/kerb-identity/1.0.1/kerb-identity-1.0.1.jar:/home/runner/.m2/repository/org/apache/kerby/kerby-xdr/1.0.1/kerby-xdr-1.0.1.jar:/home/runner/.m2/repository/org/slf4j/slf4j-log4j12/1.7.30/slf4j-log4j12-1.7.30.jar:/home/runner/.m2/repository/org/apache/ozone/ozone-s3gateway/1.2.0-SNAPSHOT/ozone-s3gateway-1.2.0-SNAPSHOT.jar:/home/runner/.m2/repository/org/javassist/javassist/3.21.0-GA/javassist-3.21.0-GA.jar:/home/runner/.m2/repository/org/jboss/weld/servlet/weld-servlet/2.4.7.Final/weld-servlet-2.4.7.Final.jar:/home/runner/.m2/repository/org/glassfish/jersey/containers/jersey-container-servlet-core/2.33/jersey-container-servlet-core-2.33.jar:/home/runner/.m2/repository/org/glassfish/hk2/external/jakarta.inject/2.6.1/jakarta.inject-2.6.1.jar:/home/runner/.m2/repository/org/glassfish/jersey/core/jersey-common/2.33/jersey-common-2.33.jar:/home/runner/.m2/repository/jakarta/ws/rs/jakarta.ws.rs-api/2.1.6/jakarta.ws.rs-api-2.1.6.jar:/home/runner/.m2/repository/org/glassfish/jersey/ext/cdi/jersey-cdi1x/2.33/jersey-cdi1x-2.33.jar:/home/runner/.m2/repository/org/glassfish/jersey/inject/jersey-hk2/2.33/jersey-hk2-2.33.jar:/home/runner/.m2/repository/org/glassfish/hk2/hk2-locator/2.6.1/hk2-locator-2.6.1.jar:/home/runner/.m2/repository/org/glassfish/jersey/media/jersey-media-jaxb/2.33/jersey-media-jaxb-2.33.jar:/home/runner/.m2/repository/org/glassfish/hk2/osgi-resource-locator/1.0.3/osgi-resource-locator-1.0.3.jar:/home/runner/.m2/repository/org/glassfish/hk2/hk2-api/2.5.0/hk2-api-2.5.0.jar:/home/runner/.m2/repository/org/glassfish/hk2/hk2-utils/2.5.0/hk2-utils-2.5.0.jar:/home/runner/.m2/repository/org/glassfish/hk2/external/aopalliance-repackaged/2.5.0/aopalliance-repackaged-2.5.0.jar:/home/runner/.m2/repository/com/fasterxml/jackson/dataformat/jackson-dataformat-xml/2.12.1/jackson-dataformat-xml-2.12.1.jar:/home/runner/.m2/repository/com/fasterxml/jackson/core/jackson-core/2.12.1/jackson-core-2.12.1.jar:/home/runner/.m2/repository/com/fasterxml/jackson/module/jackson-module-jaxb-annotations/2.12.1/jackson-module-jaxb-annotations-2.12.1.jar:/home/runner/.m2/repository/jakarta/xml/bind/jakarta.xml.bind-api/2.3.2/jakarta.xml.bind-api-2.3.2.jar:/home/runner/.m2/repository/org/codehaus/woodstox/stax2-api/3.1.4/stax2-api-3.1.4.jar:/home/runner/.m2/repository/com/fasterxml/woodstox/woodstox-core/5.0.3/woodstox-core-5.0.3.jar:/home/runner/.m2/repository/javax/enterprise/cdi-api/1.2/cdi-api-1.2.jar:/home/runner/.m2/repository/javax/el/javax.el-api/3.0.0/javax.el-api-3.0.0.jar:/home/runner/.m2/repository/javax/interceptor/javax.interceptor-api/1.2/javax.interceptor-api-1.2.jar:/home/runner/.m2/repository/javax/inject/javax.inject/1/javax.inject-1.jar:/home/runner/.m2/repository/javax/xml/bind/jaxb-api/2.3.0/jaxb-api-2.3.0.jar:/home/runner/.m2/repository/org/glassfish/jaxb/jaxb-runtime/2.3.0.1/jaxb-runtime-2.3.0.1.jar:/home/runner/.m2/repository/org/glassfish/jaxb/jaxb-core/2.3.0.1/jaxb-core-2.3.0.1.jar:/home/runner/.m2/repository/org/glassfish/jaxb/txw2/2.3.0.1/txw2-2.3.0.1.jar:/home/runner/.m2/repository/com/sun/istack/istack-commons-runtime/3.0.5/istack-commons-runtime-3.0.5.jar:/home/runner/.m2/repository/org/jvnet/staxex/stax-ex/1.7.8/stax-ex-1.7.8.jar:/home/runner/.m2/repository/com/sun/xml/fastinfoset/FastInfoset/1.2.13/FastInfoset-1.2.13.jar:/home/runner/.m2/repository/javax/activation/activation/1.1.1/activation-1.1.1.jar:/home/runner/.m2/repository/org/apache/ozone/ozone-csi/1.2.0-SNAPSHOT/ozone-csi-1.2.0-SNAPSHOT.jar:/home/runner/.m2/repository/com/google/protobuf/protobuf-java-util/3.12.0/protobuf-java-util-3.12.0.jar:/home/runner/.m2/repository/com/google/code/gson/gson/2.2.4/gson-2.2.4.jar:/home/runner/.m2/repository/org/apache/ozone/hdds-config/1.2.0-SNAPSHOT/hdds-config-1.2.0-SNAPSHOT.jar:/home/runner/.m2/repository/io/grpc/grpc-netty/1.33.0/grpc-netty-1.33.0.jar:/home/runner/.m2/repository/io/grpc/grpc-core/1.33.0/grpc-core-1.33.0.jar:/home/runner/.m2/repository/com/google/android/annotations/4.1.1.4/annotations-4.1.1.4.jar:/home/runner/.m2/repository/io/netty/netty-codec-http2/4.1.63.Final/netty-codec-http2-4.1.63.Final.jar:/home/runner/.m2/repository/io/netty/netty-codec-http/4.1.63.Final/netty-codec-http-4.1.63.Final.jar:/home/runner/.m2/repository/io/netty/netty-handler-proxy/4.1.63.Final/netty-handler-proxy-4.1.63.Final.jar:/home/runner/.m2/repository/io/netty/netty-codec-socks/4.1.63.Final/netty-codec-socks-4.1.63.Final.jar:/home/runner/.m2/repository/io/perfmark/perfmark-api/0.19.0/perfmark-api-0.19.0.jar:/home/runner/.m2/repository/org/codehaus/mojo/animal-sniffer-annotations/1.18/animal-sniffer-annotations-1.18.jar:/home/runner/.m2/repository/io/netty/netty-transport-native-epoll/4.1.63.Final/netty-transport-native-epoll-4.1.63.Final.jar:/home/runner/.m2/repository/io/netty/netty-common/4.1.63.Final/netty-common-4.1.63.Final.jar:/home/runner/.m2/repository/io/netty/netty-buffer/4.1.63.Final/netty-buffer-4.1.63.Final.jar:/home/runner/.m2/repository/io/netty/netty-transport-native-unix-common/4.1.63.Final/netty-transport-native-unix-common-4.1.63.Final.jar:/home/runner/.m2/repository/io/grpc/grpc-protobuf/1.33.0/grpc-protobuf-1.33.0.jar:/home/runner/.m2/repository/io/grpc/grpc-api/1.33.0/grpc-api-1.33.0.jar:/home/runner/.m2/repository/io/grpc/grpc-context/1.33.0/grpc-context-1.33.0.jar:/home/runner/.m2/repository/com/google/api/grpc/proto-google-common-protos/1.17.0/proto-google-common-protos-1.17.0.jar:/home/runner/.m2/repository/io/grpc/grpc-protobuf-lite/1.33.0/grpc-protobuf-lite-1.33.0.jar:/home/runner/.m2/repository/io/grpc/grpc-stub/1.33.0/grpc-stub-1.33.0.jar:/home/runner/.m2/repository/org/apache/ozone/ozone-recon/1.2.0-SNAPSHOT/ozone-recon-1.2.0-SNAPSHOT.jar:/home/runner/.m2/repository/org/apache/ozone/ozone-reconcodegen/1.2.0-SNAPSHOT/ozone-reconcodegen-1.2.0-SNAPSHOT.jar:/home/runner/.m2/repository/com/google/inject/extensions/guice-multibindings/4.0/guice-multibindings-4.0.jar:/home/runner/.m2/repository/com/google/inject/guice/4.0/guice-4.0.jar:/home/runner/.m2/repository/aopalliance/aopalliance/1.0/aopalliance-1.0.jar:/home/runner/.m2/repository/com/google/inject/extensions/guice-assistedinject/4.0/guice-assistedinject-4.0.jar:/home/runner/.m2/repository/com/google/inject/extensions/guice-servlet/4.0/guice-servlet-4.0.jar:/home/runner/.m2/repository/org/glassfish/jersey/containers/jersey-container-servlet/2.33/jersey-container-servlet-2.33.jar:/home/runner/.m2/repository/org/glassfish/hk2/guice-bridge/2.5.0/guice-bridge-2.5.0.jar:/home/runner/.m2/repository/org/glassfish/jersey/core/jersey-server/2.33/jersey-server-2.33.jar:/home/runner/.m2/repository/org/glassfish/jersey/core/jersey-client/2.33/jersey-client-2.33.jar:/home/runner/.m2/repository/jakarta/annotation/jakarta.annotation-api/1.3.5/jakarta.annotation-api-1.3.5.jar:/home/runner/.m2/repository/jakarta/validation/jakarta.validation-api/2.0.2/jakarta.validation-api-2.0.2.jar:/home/runner/.m2/repository/org/glassfish/jersey/media/jersey-media-json-jackson/2.33/jersey-media-json-jackson-2.33.jar:/home/runner/.m2/repository/org/glassfish/jersey/ext/jersey-entity-filtering/2.33/jersey-entity-filtering-2.33.jar:/home/runner/.m2/repository/org/jooq/jooq/3.11.10/jooq-3.11.10.jar:/home/runner/.m2/repository/org/jooq/jooq-meta/3.11.10/jooq-meta-3.11.10.jar:/home/runner/.m2/repository/org/jooq/jooq-codegen/3.11.10/jooq-codegen-3.11.10.jar:/home/runner/.m2/repository/com/jolbox/bonecp/0.8.0.RELEASE/bonecp-0.8.0.RELEASE.jar:/home/runner/.m2/repository/org/apache/derby/derby/10.14.2.0/derby-10.14.2.0.jar:/home/runner/.m2/repository/org/xerial/sqlite-jdbc/3.25.2/sqlite-jdbc-3.25.2.jar:/home/runner/.m2/repository/org/springframework/spring-jdbc/5.2.11.RELEASE/spring-jdbc-5.2.11.RELEASE.jar:/home/runner/.m2/repository/org/springframework/spring-beans/5.2.11.RELEASE/spring-beans-5.2.11.RELEASE.jar:/home/runner/.m2/repository/org/springframework/spring-core/5.2.11.RELEASE/spring-core-5.2.11.RELEASE.jar:/home/runner/.m2/repository/org/springframework/spring-jcl/5.2.11.RELEASE/spring-jcl-5.2.11.RELEASE.jar:/home/runner/.m2/repository/org/springframework/spring-tx/5.2.11.RELEASE/spring-tx-5.2.11.RELEASE.jar:/home/runner/.m2/repository/org/apache/ozone/ozone-client/1.2.0-SNAPSHOT/ozone-client-1.2.0-SNAPSHOT.jar:/home/runner/.m2/repository/org/apache/ozone/ozone-filesystem/1.2.0-SNAPSHOT/ozone-filesystem-1.2.0-SNAPSHOT.jar:/home/runner/.m2/repository/org/apache/ozone/ozone-filesystem-common/1.2.0-SNAPSHOT/ozone-filesystem-common-1.2.0-SNAPSHOT.jar:/home/runner/.m2/repository/org/apache/ozone/ozone-tools/1.2.0-SNAPSHOT/ozone-tools-1.2.0-SNAPSHOT.jar:/home/runner/.m2/repository/org/apache/ratis/ratis-tools/2.1.0/ratis-tools-2.1.0.jar:/home/runner/.m2/repository/org/apache/ratis/ratis-proto/2.1.0/ratis-proto-2.1.0.jar:/home/runner/.m2/repository/org/apache/ratis/ratis-common/2.1.0/ratis-common-2.1.0.jar:/home/runner/.m2/repository/com/amazonaws/aws-java-sdk-core/1.11.901/aws-java-sdk-core-1.11.901.jar:/home/runner/.m2/repository/org/apache/httpcomponents/httpclient/4.5.13/httpclient-4.5.13.jar:/home/runner/.m2/repository/org/apache/httpcomponents/httpcore/4.4.13/httpcore-4.4.13.jar:/home/runner/.m2/repository/software/amazon/ion/ion-java/1.0.2/ion-java-1.0.2.jar:/home/runner/.m2/repository/com/fasterxml/jackson/dataformat/jackson-dataformat-cbor/2.12.1/jackson-dataformat-cbor-2.12.1.jar:/home/runner/.m2/repository/joda-time/joda-time/2.8.1/joda-time-2.8.1.jar:/home/runner/.m2/repository/com/amazonaws/aws-java-sdk-s3/1.11.901/aws-java-sdk-s3-1.11.901.jar:/home/runner/.m2/repository/com/amazonaws/aws-java-sdk-kms/1.11.901/aws-java-sdk-kms-1.11.901.jar:/home/runner/.m2/repository/com/amazonaws/jmespath-java/1.11.901/jmespath-java-1.11.901.jar:/home/runner/.m2/repository/org/kohsuke/metainf-services/metainf-services/1.8/metainf-services-1.8.jar:/home/runner/.m2/repository/org/apache/ozone/hdds-tools/1.2.0-SNAPSHOT/hdds-tools-1.2.0-SNAPSHOT.jar:/home/runner/.m2/repository/commons-cli/commons-cli/1.2/commons-cli-1.2.jar:/home/runner/.m2/repository/org/apache/commons/commons-lang3/3.7/commons-lang3-3.7.jar:/home/runner/.m2/repository/org/apache/ozone/ozone-manager/1.2.0-SNAPSHOT/ozone-manager-1.2.0-SNAPSHOT-tests.jar:/home/runner/.m2/repository/org/apache/ozone/hdds-common/1.2.0-SNAPSHOT/hdds-common-1.2.0-SNAPSHOT-tests.jar:/home/runner/.m2/repository/org/apache/ozone/hdds-hadoop-dependency-client/1.2.0-SNAPSHOT/hdds-hadoop-dependency-client-1.2.0-SNAPSHOT.jar:/home/runner/.m2/repository/info/picocli/picocli/4.4.0/picocli-4.4.0.jar:/home/runner/.m2/repository/com/fasterxml/jackson/core/jackson-annotations/2.12.1/jackson-annotations-2.12.1.jar:/home/runner/.m2/repository/javax/annotation/javax.annotation-api/1.2/javax.annotation-api-1.2.jar:/home/runner/.m2/repository/org/apache/ratis/ratis-server/2.1.0/ratis-server-2.1.0.jar:/home/runner/.m2/repository/org/apache/ratis/ratis-client/2.1.0/ratis-client-2.1.0.jar:/home/runner/.m2/repository/org/apache/ratis/ratis-server-api/2.1.0/ratis-server-api-2.1.0.jar:/home/runner/.m2/repository/org/apache/ratis/ratis-metrics/2.1.0/ratis-metrics-2.1.0.jar:/home/runner/.m2/repository/org/apache/ratis/ratis-netty/2.1.0/ratis-netty-2.1.0.jar:/home/runner/.m2/repository/org/apache/ratis/ratis-grpc/2.1.0/ratis-grpc-2.1.0.jar:/home/runner/.m2/repository/org/apache/logging/log4j/log4j-api/2.13.3/log4j-api-2.13.3.jar:/home/runner/.m2/repository/org/apache/logging/log4j/log4j-core/2.13.3/log4j-core-2.13.3.jar:/home/runner/.m2/repository/com/lmax/disruptor/3.4.2/disruptor-3.4.2.jar:/home/runner/.m2/repository/org/apache/commons/commons-pool2/2.6.0/commons-pool2-2.6.0.jar:/home/runner/.m2/repository/org/bouncycastle/bcpkix-jdk15on/1.67/bcpkix-jdk15on-1.67.jar:/home/runner/.m2/repository/commons-validator/commons-validator/1.6/commons-validator-1.6.jar:/home/runner/.m2/repository/commons-beanutils/commons-beanutils/1.9.4/commons-beanutils-1.9.4.jar:/home/runner/.m2/repository/commons-digester/commons-digester/1.8.1/commons-digester-1.8.1.jar:/home/runner/.m2/repository/commons-collections/commons-collections/3.2.2/commons-collections-3.2.2.jar:/home/runner/.m2/repository/io/jaegertracing/jaeger-client/1.6.0/jaeger-client-1.6.0.jar:/home/runner/.m2/repository/io/jaegertracing/jaeger-thrift/1.6.0/jaeger-thrift-1.6.0.jar:/home/runner/.m2/repository/org/apache/thrift/libthrift/0.14.1/libthrift-0.14.1.jar:/home/runner/.m2/repository/com/squareup/okhttp3/okhttp/4.9.0/okhttp-4.9.0.jar:/home/runner/.m2/repository/com/squareup/okio/okio/2.8.0/okio-2.8.0.jar:/home/runner/.m2/repository/io/jaegertracing/jaeger-core/1.6.0/jaeger-core-1.6.0.jar:/home/runner/.m2/repository/io/jaegertracing/jaeger-tracerresolver/1.6.0/jaeger-tracerresolver-1.6.0.jar:/home/runner/.m2/repository/io/opentracing/contrib/opentracing-tracerresolver/0.1.8/opentracing-tracerresolver-0.1.8.jar:/home/runner/.m2/repository/org/jetbrains/kotlin/kotlin-stdlib/1.4.31/kotlin-stdlib-1.4.31.jar:/home/runner/.m2/repository/org/jetbrains/kotlin/kotlin-stdlib-common/1.4.31/kotlin-stdlib-common-1.4.31.jar:/home/runner/.m2/repository/org/jetbrains/annotations/13.0/annotations-13.0.jar:/home/runner/.m2/repository/io/opentracing/opentracing-util/0.33.0/opentracing-util-0.33.0.jar:/home/runner/.m2/repository/io/opentracing/opentracing-api/0.33.0/opentracing-api-0.33.0.jar:/home/runner/.m2/repository/io/opentracing/opentracing-noop/0.33.0/opentracing-noop-0.33.0.jar:/home/runner/.m2/repository/org/yaml/snakeyaml/1.26/snakeyaml-1.26.jar:/home/runner/.m2/repository/org/apache/ozone/hdds-interface-admin/1.2.0-SNAPSHOT/hdds-interface-admin-1.2.0-SNAPSHOT.jar:/home/runner/.m2/repository/junit/junit/4.13.1/junit-4.13.1.jar:/home/runner/.m2/repository/org/hamcrest/hamcrest-core/1.3/hamcrest-core-1.3.jar:/home/runner/.m2/repository/org/junit/jupiter/junit-jupiter-api/5.7.0/junit-jupiter-api-5.7.0.jar:/home/runner/.m2/repository/org/apiguardian/apiguardian-api/1.1.0/apiguardian-api-1.1.0.jar:/home/runner/.m2/repository/org/opentest4j/opentest4j/1.2.0/opentest4j-1.2.0.jar:/home/runner/.m2/repository/org/junit/platform/junit-platform-commons/1.7.0/junit-platform-commons-1.7.0.jar:/home/runner/.m2/repository/org/junit/jupiter/junit-jupiter-engine/5.7.0/junit-jupiter-engine-5.7.0.jar:/home/runner/.m2/repository/org/junit/platform/junit-platform-engine/1.7.0/junit-platform-engine-1.7.0.jar:/home/runner/.m2/repository/org/junit/vintage/junit-vintage-engine/5.7.0/junit-vintage-engine-5.7.0.jar:/home/runner/.m2/repository/org/junit/platform/junit-platform-launcher/1.7.0/junit-platform-launcher-1.7.0.jar:/home/runner/.m2/repository/org/openjdk/jmh/jmh-core/1.19/jmh-core-1.19.jar:/home/runner/.m2/repository/net/sf/jopt-simple/jopt-simple/4.6/jopt-simple-4.6.jar:/home/runner/.m2/repository/org/apache/commons/commons-math3/3.1.1/commons-math3-3.1.1.jar:/home/runner/.m2/repository/org/openjdk/jmh/jmh-generator-annprocess/1.19/jmh-generator-annprocess-1.19.jar:/home/runner/.m2/repository/org/mockito/mockito-core/2.28.2/mockito-core-2.28.2.jar:/home/runner/.m2/repository/net/bytebuddy/byte-buddy/1.9.10/byte-buddy-1.9.10.jar:/home/runner/.m2/repository/net/bytebuddy/byte-buddy-agent/1.9.10/byte-buddy-agent-1.9.10.jar:/home/runner/.m2/repository/org/objenesis/objenesis/1.0/objenesis-1.0.jar:/home/runner/.m2/repository/org/apache/hadoop/hadoop-kms/3.3.1/hadoop-kms-3.3.1.jar:/home/runner/.m2/repository/org/apache/hadoop/hadoop-auth/3.3.1/hadoop-auth-3.3.1.jar:/home/runner/.m2/repository/com/nimbusds/nimbus-jose-jwt/7.9/nimbus-jose-jwt-7.9.jar:/home/runner/.m2/repository/com/github/stephenc/jcip/jcip-annotations/1.0-1/jcip-annotations-1.0-1.jar:/home/runner/.m2/repository/net/minidev/json-smart/2.3/json-smart-2.3.jar:/home/runner/.m2/repository/net/minidev/accessors-smart/1.2/accessors-smart-1.2.jar:/home/runner/.m2/repository/org/ow2/asm/asm/5.0.4/asm-5.0.4.jar:/home/runner/.m2/repository/org/apache/zookeeper/zookeeper/3.5.6/zookeeper-3.5.6.jar:/home/runner/.m2/repository/org/apache/zookeeper/zookeeper-jute/3.5.6/zookeeper-jute-3.5.6.jar:/home/runner/.m2/repository/org/apache/yetus/audience-annotations/0.5.0/audience-annotations-0.5.0.jar:/home/runner/.m2/repository/org/apache/curator/curator-framework/4.2.0/curator-framework-4.2.0.jar:/home/runner/.m2/repository/org/apache/hadoop/thirdparty/hadoop-shaded-guava/1.1.1/hadoop-shaded-guava-1.1.1.jar:/home/runner/.m2/repository/com/sun/jersey/jersey-core/1.19/jersey-core-1.19.jar:/home/runner/.m2/repository/javax/ws/rs/jsr311-api/1.1.1/jsr311-api-1.1.1.jar:/home/runner/.m2/repository/com/sun/jersey/jersey-server/1.19/jersey-server-1.19.jar:/home/runner/.m2/repository/javax/servlet/javax.servlet-api/3.1.0/javax.servlet-api-3.1.0.jar:/home/runner/.m2/repository/org/eclipse/jetty/jetty-server/9.4.35.v20201120/jetty-server-9.4.35.v20201120.jar:/home/runner/.m2/repository/org/eclipse/jetty/jetty-http/9.4.35.v20201120/jetty-http-9.4.35.v20201120.jar:/home/runner/.m2/repository/org/eclipse/jetty/jetty-io/9.4.35.v20201120/jetty-io-9.4.35.v20201120.jar:/home/runner/.m2/repository/org/eclipse/jetty/jetty-webapp/9.4.35.v20201120/jetty-webapp-9.4.35.v20201120.jar:/home/runner/.m2/repository/org/eclipse/jetty/jetty-xml/9.4.35.v20201120/jetty-xml-9.4.35.v20201120.jar:/home/runner/.m2/repository/org/apache/hadoop/hadoop-common/3.3.1/hadoop-common-3.3.1.jar:/home/runner/.m2/repository/commons-net/commons-net/3.6/commons-net-3.6.jar:/home/runner/.m2/repository/jakarta/activation/jakarta.activation-api/1.2.1/jakarta.activation-api-1.2.1.jar:/home/runner/.m2/repository/com/sun/jersey/jersey-servlet/1.19/jersey-servlet-1.19.jar:/home/runner/.m2/repository/com/sun/jersey/jersey-json/1.19/jersey-json-1.19.jar:/home/runner/.m2/repository/org/codehaus/jettison/jettison/1.1/jettison-1.1.jar:/home/runner/.m2/repository/com/sun/xml/bind/jaxb-impl/2.2.3-1/jaxb-impl-2.2.3-1.jar:/home/runner/.m2/repository/org/codehaus/jackson/jackson-jaxrs/1.9.2/jackson-jaxrs-1.9.2.jar:/home/runner/.m2/repository/org/codehaus/jackson/jackson-xc/1.9.2/jackson-xc-1.9.2.jar:/home/runner/.m2/repository/org/apache/commons/commons-configuration2/2.1.1/commons-configuration2-2.1.1.jar:/home/runner/.m2/repository/org/apache/commons/commons-text/1.4/commons-text-1.4.jar:/home/runner/.m2/repository/com/google/re2j/re2j/1.1/re2j-1.1.jar:/home/runner/.m2/repository/com/jcraft/jsch/0.1.54/jsch-0.1.54.jar:/home/runner/.m2/repository/org/apache/curator/curator-client/4.2.0/curator-client-4.2.0.jar:/home/runner/.m2/repository/org/apache/curator/curator-recipes/4.2.0/curator-recipes-4.2.0.jar:/home/runner/.m2/repository/org/apache/kerby/kerb-core/1.0.1/kerb-core-1.0.1.jar:/home/runner/.m2/repository/org/apache/kerby/kerby-pkix/1.0.1/kerby-pkix-1.0.1.jar:/home/runner/.m2/repository/org/apache/kerby/kerby-asn1/1.0.1/kerby-asn1-1.0.1.jar:/home/runner/.m2/repository/org/apache/kerby/kerby-util/1.0.1/kerby-util-1.0.1.jar:/home/runner/.m2/repository/dnsjava/dnsjava/2.1.7/dnsjava-2.1.7.jar:/home/runner/.m2/repository/org/xerial/snappy/snappy-java/1.1.8.2/snappy-java-1.1.8.2.jar:/home/runner/.m2/repository/org/slf4j/jul-to-slf4j/1.7.30/jul-to-slf4j-1.7.30.jar:/home/runner/.m2/repository/org/eclipse/jetty/jetty-util/9.4.35.v20201120/jetty-util-9.4.35.v20201120.jar:/home/runner/.m2/repository/com/fasterxml/jackson/core/jackson-databind/2.12.1/jackson-databind-2.12.1.jar:/home/runner/.m2/repository/org/apache/hadoop/hadoop-kms/3.3.1/hadoop-kms-3.3.1-tests.jar:/home/runner/.m2/repository/org/apache/ozone/hdds-server-scm/1.2.0-SNAPSHOT/hdds-server-scm-1.2.0-SNAPSHOT-tests.jar:/home/runner/.m2/repository/org/apache/ozone/hdds-container-service/1.2.0-SNAPSHOT/hdds-container-service-1.2.0-SNAPSHOT-tests.jar:/home/runner/.m2/repository/commons-codec/commons-codec/1.11/commons-codec-1.11.jar:/home/runner/.m2/repository/io/netty/netty-transport/4.1.63.Final/netty-transport-4.1.63.Final.jar:/home/runner/.m2/repository/io/netty/netty-resolver/4.1.63.Final/netty-resolver-4.1.63.Final.jar:/home/runner/.m2/repository/io/netty/netty-codec/4.1.63.Final/netty-codec-4.1.63.Final.jar:/home/runner/.m2/repository/io/netty/netty-handler/4.1.63.Final/netty-handler-4.1.63.Final.jar:/home/runner/.m2/repository/org/apache/ozone/hdds-hadoop-dependency-test/1.2.0-SNAPSHOT/hdds-hadoop-dependency-test-1.2.0-SNAPSHOT.jar:/home/runner/.m2/repository/org/apache/hadoop/hadoop-common/3.3.1/hadoop-common-3.3.1-tests.jar:/home/runner/.m2/repository/org/assertj/assertj-core/3.12.2/assertj-core-3.12.2.jar:/home/runner/.m2/repository/org/apache/hadoop/hadoop-hdfs/3.3.1/hadoop-hdfs-3.3.1-tests.jar:/home/runner/.m2/repository/org/eclipse/jetty/jetty-util-ajax/9.4.35.v20201120/jetty-util-ajax-9.4.35.v20201120.jar:/home/runner/.m2/repository/commons-daemon/commons-daemon/1.0.13/commons-daemon-1.0.13.jar:/home/runner/.m2/repository/io/netty/netty/3.10.6.Final/netty-3.10.6.Final.jar:/home/runner/.m2/repository/io/netty/netty-all/4.1.63.Final/netty-all-4.1.63.Final.jar:/home/runner/.m2/repository/org/apache/htrace/htrace-core4/4.1.0-incubating/htrace-core4-4.1.0-incubating.jar:/home/runner/.m2/repository/org/fusesource/leveldbjni/leveldbjni-all/1.8/leveldbjni-all-1.8.jar:/home/runner/.m2/repository/org/apache/hadoop/hadoop-distcp/3.3.1/hadoop-distcp-3.3.1.jar:/home/runner/.m2/repository/org/apache/hadoop/hadoop-mapreduce-client-jobclient/3.3.1/hadoop-mapreduce-client-jobclient-3.3.1.jar:/home/runner/.m2/repository/org/apache/hadoop/hadoop-mapreduce-client-common/3.3.1/hadoop-mapreduce-client-common-3.3.1.jar:/home/runner/.m2/repository/org/apache/hadoop/hadoop-yarn-common/3.3.1/hadoop-yarn-common-3.3.1.jar:/home/runner/.m2/repository/org/apache/hadoop/hadoop-yarn-api/3.3.1/hadoop-yarn-api-3.3.1.jar:/home/runner/.m2/repository/com/sun/jersey/jersey-client/1.19/jersey-client-1.19.jar:/home/runner/.m2/repository/com/sun/jersey/contribs/jersey-guice/1.19/jersey-guice-1.19.jar:/home/runner/.m2/repository/com/fasterxml/jackson/jaxrs/jackson-jaxrs-json-provider/2.12.1/jackson-jaxrs-json-provider-2.12.1.jar:/home/runner/.m2/repository/com/fasterxml/jackson/jaxrs/jackson-jaxrs-base/2.12.1/jackson-jaxrs-base-2.12.1.jar:/home/runner/.m2/repository/org/apache/hadoop/hadoop-yarn-client/3.3.1/hadoop-yarn-client-3.3.1.jar:/home/runner/.m2/repository/org/eclipse/jetty/websocket/websocket-client/9.4.40.v20210413/websocket-client-9.4.40.v20210413.jar:/home/runner/.m2/repository/org/eclipse/jetty/jetty-client/9.4.40.v20210413/jetty-client-9.4.40.v20210413.jar:/home/runner/.m2/repository/org/eclipse/jetty/websocket/websocket-common/9.4.40.v20210413/websocket-common-9.4.40.v20210413.jar:/home/runner/.m2/repository/org/eclipse/jetty/websocket/websocket-api/9.4.40.v20210413/websocket-api-9.4.40.v20210413.jar:/home/runner/.m2/repository/org/jline/jline/3.9.0/jline-3.9.0.jar:/home/runner/.m2/repository/org/apache/hadoop/hadoop-mapreduce-client-core/3.3.1/hadoop-mapreduce-client-core-3.3.1.jar:/home/runner/.m2/repository/org/apache/avro/avro/1.7.7/avro-1.7.7.jar:/home/runner/.m2/repository/org/codehaus/jackson/jackson-core-asl/1.9.13/jackson-core-asl-1.9.13.jar:/home/runner/.m2/repository/org/codehaus/jackson/jackson-mapper-asl/1.9.13/jackson-mapper-asl-1.9.13.jar:/home/runner/.m2/repository/com/thoughtworks/paranamer/paranamer/2.3/paranamer-2.3.jar:/home/runner/.m2/repository/org/apache/hadoop/hadoop-annotations/3.3.1/hadoop-annotations-3.3.1.jar:/usr/lib/jvm/adoptopenjdk-8-hotspot-amd64/jre/../lib/tools.jar:/home/runner/.m2/repository/org/apache/hadoop/hadoop-distcp/3.3.1/hadoop-distcp-3.3.1-tests.jar:"/>
    <property name="java.vm.vendor" value="AdoptOpenJDK"/>
    <property name="sun.arch.data.model" value="64"/>
    <property name="test.build.dir" value="/home/runner/work/ozone/ozone/mnt/ozone/hadoop-ozone/integration-test/target/test-dir"/>
    <property name="test.cache.data" value=""/>
    <property name="java.vendor.url" value="https://adoptopenjdk.net/"/>
    <property name="user.timezone" value=""/>
    <property name="java.vm.specification.version" value="1.8"/>
    <property name="os.name" value="Linux"/>
    <property name="test.build.data" value="/home/runner/work/ozone/ozone/mnt/ozone/hadoop-ozone/integration-test/target/test-dir"/>
    <property name="sun.java.launcher" value="SUN_STANDARD"/>
    <property name="sun.boot.library.path" value="/usr/lib/jvm/adoptopenjdk-8-hotspot-amd64/jre/lib/amd64"/>
    <property name="sun.java.command" value="/home/runner/work/ozone/ozone/mnt/ozone/hadoop-ozone/integration-test/target/surefire/surefirebooter8923362742836083281.jar /home/runner/work/ozone/ozone/mnt/ozone/hadoop-ozone/integration-test/target/surefire 2021-07-28T07-48-54_672-jvmRun1 surefire8546349564544185464tmp surefire_238150483203085402226tmp"/>
    <property name="surefire.test.class.path" value="/home/runner/work/ozone/ozone/mnt/ozone/hadoop-ozone/integration-test/target/test-classes:/home/runner/work/ozone/ozone/mnt/ozone/hadoop-ozone/integration-test/target/classes:/home/runner/.m2/repository/org/apache/ozone/ozone-common/1.2.0-SNAPSHOT/ozone-common-1.2.0-SNAPSHOT.jar:/home/runner/.m2/repository/org/apache/commons/commons-compress/1.20/commons-compress-1.20.jar:/home/runner/.m2/repository/org/apache/ozone/hdds-common/1.2.0-SNAPSHOT/hdds-common-1.2.0-SNAPSHOT.jar:/home/runner/.m2/repository/org/apache/ozone/hdds-client/1.2.0-SNAPSHOT/hdds-client-1.2.0-SNAPSHOT.jar:/home/runner/.m2/repository/org/apache/ozone/ozone-interface-client/1.2.0-SNAPSHOT/ozone-interface-client-1.2.0-SNAPSHOT.jar:/home/runner/.m2/repository/org/apache/ozone/hdds-server-framework/1.2.0-SNAPSHOT/hdds-server-framework-1.2.0-SNAPSHOT.jar:/home/runner/.m2/repository/org/apache/ozone/hdds-interface-server/1.2.0-SNAPSHOT/hdds-interface-server-1.2.0-SNAPSHOT.jar:/home/runner/.m2/repository/org/eclipse/jetty/jetty-servlet/9.4.35.v20201120/jetty-servlet-9.4.35.v20201120.jar:/home/runner/.m2/repository/org/eclipse/jetty/jetty-security/9.4.35.v20201120/jetty-security-9.4.35.v20201120.jar:/home/runner/.m2/repository/org/rocksdb/rocksdbjni/6.20.3/rocksdbjni-6.20.3.jar:/home/runner/.m2/repository/io/prometheus/simpleclient_dropwizard/0.7.0/simpleclient_dropwizard-0.7.0.jar:/home/runner/.m2/repository/io/prometheus/simpleclient/0.7.0/simpleclient-0.7.0.jar:/home/runner/.m2/repository/io/prometheus/simpleclient_common/0.7.0/simpleclient_common-0.7.0.jar:/home/runner/.m2/repository/com/fasterxml/jackson/datatype/jackson-datatype-jsr310/2.12.1/jackson-datatype-jsr310-2.12.1.jar:/home/runner/.m2/repository/org/apache/ozone/hdds-test-utils/1.2.0-SNAPSHOT/hdds-test-utils-1.2.0-SNAPSHOT.jar:/home/runner/.m2/repository/com/google/guava/guava/30.1.1-jre/guava-30.1.1-jre.jar:/home/runner/.m2/repository/com/google/guava/failureaccess/1.0.1/failureaccess-1.0.1.jar:/home/runner/.m2/repository/com/google/guava/listenablefuture/9999.0-empty-to-avoid-conflict-with-guava/listenablefuture-9999.0-empty-to-avoid-conflict-with-guava.jar:/home/runner/.m2/repository/com/google/code/findbugs/jsr305/3.0.0/jsr305-3.0.0.jar:/home/runner/.m2/repository/org/checkerframework/checker-qual/3.8.0/checker-qual-3.8.0.jar:/home/runner/.m2/repository/com/google/errorprone/error_prone_annotations/2.2.0/error_prone_annotations-2.2.0.jar:/home/runner/.m2/repository/com/google/j2objc/j2objc-annotations/1.3/j2objc-annotations-1.3.jar:/home/runner/.m2/repository/commons-io/commons-io/2.8.0/commons-io-2.8.0.jar:/home/runner/.m2/repository/commons-logging/commons-logging/1.2/commons-logging-1.2.jar:/home/runner/.m2/repository/log4j/log4j/1.2.17/log4j-1.2.17.jar:/home/runner/.m2/repository/org/slf4j/slf4j-api/1.7.30/slf4j-api-1.7.30.jar:/home/runner/.m2/repository/org/apache/ozone/hdds-server-scm/1.2.0-SNAPSHOT/hdds-server-scm-1.2.0-SNAPSHOT.jar:/home/runner/.m2/repository/org/apache/ozone/hdds-container-service/1.2.0-SNAPSHOT/hdds-container-service-1.2.0-SNAPSHOT.jar:/home/runner/.m2/repository/org/apache/ozone/hdds-hadoop-dependency-server/1.2.0-SNAPSHOT/hdds-hadoop-dependency-server-1.2.0-SNAPSHOT.jar:/home/runner/.m2/repository/org/apache/hadoop/hadoop-hdfs/3.3.1/hadoop-hdfs-3.3.1.jar:/home/runner/.m2/repository/io/dropwizard/metrics/metrics-core/3.2.4/metrics-core-3.2.4.jar:/home/runner/.m2/repository/org/apache/hadoop/hadoop-hdfs-client/3.3.1/hadoop-hdfs-client-3.3.1.jar:/home/runner/.m2/repository/org/bouncycastle/bcprov-jdk15on/1.67/bcprov-jdk15on-1.67.jar:/home/runner/.m2/repository/com/google/protobuf/protobuf-java/2.5.0/protobuf-java-2.5.0.jar:/home/runner/.m2/repository/org/apache/ozone/ozone-manager/1.2.0-SNAPSHOT/ozone-manager-1.2.0-SNAPSHOT.jar:/home/runner/.m2/repository/org/aspectj/aspectjrt/1.8.9/aspectjrt-1.8.9.jar:/home/runner/.m2/repository/org/aspectj/aspectjweaver/1.8.9/aspectjweaver-1.8.9.jar:/home/runner/.m2/repository/org/apache/ozone/hdds-interface-client/1.2.0-SNAPSHOT/hdds-interface-client-1.2.0-SNAPSHOT.jar:/home/runner/.m2/repository/org/apache/hadoop/thirdparty/hadoop-shaded-protobuf_3_7/1.1.1/hadoop-shaded-protobuf_3_7-1.1.1.jar:/home/runner/.m2/repository/org/apache/ratis/ratis-thirdparty-misc/0.7.0/ratis-thirdparty-misc-0.7.0.jar:/home/runner/.m2/repository/org/apache/ozone/ozone-interface-storage/1.2.0-SNAPSHOT/ozone-interface-storage-1.2.0-SNAPSHOT.jar:/home/runner/.m2/repository/org/reflections/reflections/0.9.11/reflections-0.9.11.jar:/home/runner/.m2/repository/org/apache/hadoop/hadoop-minikdc/3.3.1/hadoop-minikdc-3.3.1.jar:/home/runner/.m2/repository/org/apache/kerby/kerb-simplekdc/1.0.1/kerb-simplekdc-1.0.1.jar:/home/runner/.m2/repository/org/apache/kerby/kerb-client/1.0.1/kerb-client-1.0.1.jar:/home/runner/.m2/repository/org/apache/kerby/kerby-config/1.0.1/kerby-config-1.0.1.jar:/home/runner/.m2/repository/org/apache/kerby/kerb-common/1.0.1/kerb-common-1.0.1.jar:/home/runner/.m2/repository/org/apache/kerby/kerb-crypto/1.0.1/kerb-crypto-1.0.1.jar:/home/runner/.m2/repository/org/apache/kerby/kerb-util/1.0.1/kerb-util-1.0.1.jar:/home/runner/.m2/repository/org/apache/kerby/token-provider/1.0.1/token-provider-1.0.1.jar:/home/runner/.m2/repository/org/apache/kerby/kerb-admin/1.0.1/kerb-admin-1.0.1.jar:/home/runner/.m2/repository/org/apache/kerby/kerb-server/1.0.1/kerb-server-1.0.1.jar:/home/runner/.m2/repository/org/apache/kerby/kerb-identity/1.0.1/kerb-identity-1.0.1.jar:/home/runner/.m2/repository/org/apache/kerby/kerby-xdr/1.0.1/kerby-xdr-1.0.1.jar:/home/runner/.m2/repository/org/slf4j/slf4j-log4j12/1.7.30/slf4j-log4j12-1.7.30.jar:/home/runner/.m2/repository/org/apache/ozone/ozone-s3gateway/1.2.0-SNAPSHOT/ozone-s3gateway-1.2.0-SNAPSHOT.jar:/home/runner/.m2/repository/org/javassist/javassist/3.21.0-GA/javassist-3.21.0-GA.jar:/home/runner/.m2/repository/org/jboss/weld/servlet/weld-servlet/2.4.7.Final/weld-servlet-2.4.7.Final.jar:/home/runner/.m2/repository/org/glassfish/jersey/containers/jersey-container-servlet-core/2.33/jersey-container-servlet-core-2.33.jar:/home/runner/.m2/repository/org/glassfish/hk2/external/jakarta.inject/2.6.1/jakarta.inject-2.6.1.jar:/home/runner/.m2/repository/org/glassfish/jersey/core/jersey-common/2.33/jersey-common-2.33.jar:/home/runner/.m2/repository/jakarta/ws/rs/jakarta.ws.rs-api/2.1.6/jakarta.ws.rs-api-2.1.6.jar:/home/runner/.m2/repository/org/glassfish/jersey/ext/cdi/jersey-cdi1x/2.33/jersey-cdi1x-2.33.jar:/home/runner/.m2/repository/org/glassfish/jersey/inject/jersey-hk2/2.33/jersey-hk2-2.33.jar:/home/runner/.m2/repository/org/glassfish/hk2/hk2-locator/2.6.1/hk2-locator-2.6.1.jar:/home/runner/.m2/repository/org/glassfish/jersey/media/jersey-media-jaxb/2.33/jersey-media-jaxb-2.33.jar:/home/runner/.m2/repository/org/glassfish/hk2/osgi-resource-locator/1.0.3/osgi-resource-locator-1.0.3.jar:/home/runner/.m2/repository/org/glassfish/hk2/hk2-api/2.5.0/hk2-api-2.5.0.jar:/home/runner/.m2/repository/org/glassfish/hk2/hk2-utils/2.5.0/hk2-utils-2.5.0.jar:/home/runner/.m2/repository/org/glassfish/hk2/external/aopalliance-repackaged/2.5.0/aopalliance-repackaged-2.5.0.jar:/home/runner/.m2/repository/com/fasterxml/jackson/dataformat/jackson-dataformat-xml/2.12.1/jackson-dataformat-xml-2.12.1.jar:/home/runner/.m2/repository/com/fasterxml/jackson/core/jackson-core/2.12.1/jackson-core-2.12.1.jar:/home/runner/.m2/repository/com/fasterxml/jackson/module/jackson-module-jaxb-annotations/2.12.1/jackson-module-jaxb-annotations-2.12.1.jar:/home/runner/.m2/repository/jakarta/xml/bind/jakarta.xml.bind-api/2.3.2/jakarta.xml.bind-api-2.3.2.jar:/home/runner/.m2/repository/org/codehaus/woodstox/stax2-api/3.1.4/stax2-api-3.1.4.jar:/home/runner/.m2/repository/com/fasterxml/woodstox/woodstox-core/5.0.3/woodstox-core-5.0.3.jar:/home/runner/.m2/repository/javax/enterprise/cdi-api/1.2/cdi-api-1.2.jar:/home/runner/.m2/repository/javax/el/javax.el-api/3.0.0/javax.el-api-3.0.0.jar:/home/runner/.m2/repository/javax/interceptor/javax.interceptor-api/1.2/javax.interceptor-api-1.2.jar:/home/runner/.m2/repository/javax/inject/javax.inject/1/javax.inject-1.jar:/home/runner/.m2/repository/javax/xml/bind/jaxb-api/2.3.0/jaxb-api-2.3.0.jar:/home/runner/.m2/repository/org/glassfish/jaxb/jaxb-runtime/2.3.0.1/jaxb-runtime-2.3.0.1.jar:/home/runner/.m2/repository/org/glassfish/jaxb/jaxb-core/2.3.0.1/jaxb-core-2.3.0.1.jar:/home/runner/.m2/repository/org/glassfish/jaxb/txw2/2.3.0.1/txw2-2.3.0.1.jar:/home/runner/.m2/repository/com/sun/istack/istack-commons-runtime/3.0.5/istack-commons-runtime-3.0.5.jar:/home/runner/.m2/repository/org/jvnet/staxex/stax-ex/1.7.8/stax-ex-1.7.8.jar:/home/runner/.m2/repository/com/sun/xml/fastinfoset/FastInfoset/1.2.13/FastInfoset-1.2.13.jar:/home/runner/.m2/repository/javax/activation/activation/1.1.1/activation-1.1.1.jar:/home/runner/.m2/repository/org/apache/ozone/ozone-csi/1.2.0-SNAPSHOT/ozone-csi-1.2.0-SNAPSHOT.jar:/home/runner/.m2/repository/com/google/protobuf/protobuf-java-util/3.12.0/protobuf-java-util-3.12.0.jar:/home/runner/.m2/repository/com/google/code/gson/gson/2.2.4/gson-2.2.4.jar:/home/runner/.m2/repository/org/apache/ozone/hdds-config/1.2.0-SNAPSHOT/hdds-config-1.2.0-SNAPSHOT.jar:/home/runner/.m2/repository/io/grpc/grpc-netty/1.33.0/grpc-netty-1.33.0.jar:/home/runner/.m2/repository/io/grpc/grpc-core/1.33.0/grpc-core-1.33.0.jar:/home/runner/.m2/repository/com/google/android/annotations/4.1.1.4/annotations-4.1.1.4.jar:/home/runner/.m2/repository/io/netty/netty-codec-http2/4.1.63.Final/netty-codec-http2-4.1.63.Final.jar:/home/runner/.m2/repository/io/netty/netty-codec-http/4.1.63.Final/netty-codec-http-4.1.63.Final.jar:/home/runner/.m2/repository/io/netty/netty-handler-proxy/4.1.63.Final/netty-handler-proxy-4.1.63.Final.jar:/home/runner/.m2/repository/io/netty/netty-codec-socks/4.1.63.Final/netty-codec-socks-4.1.63.Final.jar:/home/runner/.m2/repository/io/perfmark/perfmark-api/0.19.0/perfmark-api-0.19.0.jar:/home/runner/.m2/repository/org/codehaus/mojo/animal-sniffer-annotations/1.18/animal-sniffer-annotations-1.18.jar:/home/runner/.m2/repository/io/netty/netty-transport-native-epoll/4.1.63.Final/netty-transport-native-epoll-4.1.63.Final.jar:/home/runner/.m2/repository/io/netty/netty-common/4.1.63.Final/netty-common-4.1.63.Final.jar:/home/runner/.m2/repository/io/netty/netty-buffer/4.1.63.Final/netty-buffer-4.1.63.Final.jar:/home/runner/.m2/repository/io/netty/netty-transport-native-unix-common/4.1.63.Final/netty-transport-native-unix-common-4.1.63.Final.jar:/home/runner/.m2/repository/io/grpc/grpc-protobuf/1.33.0/grpc-protobuf-1.33.0.jar:/home/runner/.m2/repository/io/grpc/grpc-api/1.33.0/grpc-api-1.33.0.jar:/home/runner/.m2/repository/io/grpc/grpc-context/1.33.0/grpc-context-1.33.0.jar:/home/runner/.m2/repository/com/google/api/grpc/proto-google-common-protos/1.17.0/proto-google-common-protos-1.17.0.jar:/home/runner/.m2/repository/io/grpc/grpc-protobuf-lite/1.33.0/grpc-protobuf-lite-1.33.0.jar:/home/runner/.m2/repository/io/grpc/grpc-stub/1.33.0/grpc-stub-1.33.0.jar:/home/runner/.m2/repository/org/apache/ozone/ozone-recon/1.2.0-SNAPSHOT/ozone-recon-1.2.0-SNAPSHOT.jar:/home/runner/.m2/repository/org/apache/ozone/ozone-reconcodegen/1.2.0-SNAPSHOT/ozone-reconcodegen-1.2.0-SNAPSHOT.jar:/home/runner/.m2/repository/com/google/inject/extensions/guice-multibindings/4.0/guice-multibindings-4.0.jar:/home/runner/.m2/repository/com/google/inject/guice/4.0/guice-4.0.jar:/home/runner/.m2/repository/aopalliance/aopalliance/1.0/aopalliance-1.0.jar:/home/runner/.m2/repository/com/google/inject/extensions/guice-assistedinject/4.0/guice-assistedinject-4.0.jar:/home/runner/.m2/repository/com/google/inject/extensions/guice-servlet/4.0/guice-servlet-4.0.jar:/home/runner/.m2/repository/org/glassfish/jersey/containers/jersey-container-servlet/2.33/jersey-container-servlet-2.33.jar:/home/runner/.m2/repository/org/glassfish/hk2/guice-bridge/2.5.0/guice-bridge-2.5.0.jar:/home/runner/.m2/repository/org/glassfish/jersey/core/jersey-server/2.33/jersey-server-2.33.jar:/home/runner/.m2/repository/org/glassfish/jersey/core/jersey-client/2.33/jersey-client-2.33.jar:/home/runner/.m2/repository/jakarta/annotation/jakarta.annotation-api/1.3.5/jakarta.annotation-api-1.3.5.jar:/home/runner/.m2/repository/jakarta/validation/jakarta.validation-api/2.0.2/jakarta.validation-api-2.0.2.jar:/home/runner/.m2/repository/org/glassfish/jersey/media/jersey-media-json-jackson/2.33/jersey-media-json-jackson-2.33.jar:/home/runner/.m2/repository/org/glassfish/jersey/ext/jersey-entity-filtering/2.33/jersey-entity-filtering-2.33.jar:/home/runner/.m2/repository/org/jooq/jooq/3.11.10/jooq-3.11.10.jar:/home/runner/.m2/repository/org/jooq/jooq-meta/3.11.10/jooq-meta-3.11.10.jar:/home/runner/.m2/repository/org/jooq/jooq-codegen/3.11.10/jooq-codegen-3.11.10.jar:/home/runner/.m2/repository/com/jolbox/bonecp/0.8.0.RELEASE/bonecp-0.8.0.RELEASE.jar:/home/runner/.m2/repository/org/apache/derby/derby/10.14.2.0/derby-10.14.2.0.jar:/home/runner/.m2/repository/org/xerial/sqlite-jdbc/3.25.2/sqlite-jdbc-3.25.2.jar:/home/runner/.m2/repository/org/springframework/spring-jdbc/5.2.11.RELEASE/spring-jdbc-5.2.11.RELEASE.jar:/home/runner/.m2/repository/org/springframework/spring-beans/5.2.11.RELEASE/spring-beans-5.2.11.RELEASE.jar:/home/runner/.m2/repository/org/springframework/spring-core/5.2.11.RELEASE/spring-core-5.2.11.RELEASE.jar:/home/runner/.m2/repository/org/springframework/spring-jcl/5.2.11.RELEASE/spring-jcl-5.2.11.RELEASE.jar:/home/runner/.m2/repository/org/springframework/spring-tx/5.2.11.RELEASE/spring-tx-5.2.11.RELEASE.jar:/home/runner/.m2/repository/org/apache/ozone/ozone-client/1.2.0-SNAPSHOT/ozone-client-1.2.0-SNAPSHOT.jar:/home/runner/.m2/repository/org/apache/ozone/ozone-filesystem/1.2.0-SNAPSHOT/ozone-filesystem-1.2.0-SNAPSHOT.jar:/home/runner/.m2/repository/org/apache/ozone/ozone-filesystem-common/1.2.0-SNAPSHOT/ozone-filesystem-common-1.2.0-SNAPSHOT.jar:/home/runner/.m2/repository/org/apache/ozone/ozone-tools/1.2.0-SNAPSHOT/ozone-tools-1.2.0-SNAPSHOT.jar:/home/runner/.m2/repository/org/apache/ratis/ratis-tools/2.1.0/ratis-tools-2.1.0.jar:/home/runner/.m2/repository/org/apache/ratis/ratis-proto/2.1.0/ratis-proto-2.1.0.jar:/home/runner/.m2/repository/org/apache/ratis/ratis-common/2.1.0/ratis-common-2.1.0.jar:/home/runner/.m2/repository/com/amazonaws/aws-java-sdk-core/1.11.901/aws-java-sdk-core-1.11.901.jar:/home/runner/.m2/repository/org/apache/httpcomponents/httpclient/4.5.13/httpclient-4.5.13.jar:/home/runner/.m2/repository/org/apache/httpcomponents/httpcore/4.4.13/httpcore-4.4.13.jar:/home/runner/.m2/repository/software/amazon/ion/ion-java/1.0.2/ion-java-1.0.2.jar:/home/runner/.m2/repository/com/fasterxml/jackson/dataformat/jackson-dataformat-cbor/2.12.1/jackson-dataformat-cbor-2.12.1.jar:/home/runner/.m2/repository/joda-time/joda-time/2.8.1/joda-time-2.8.1.jar:/home/runner/.m2/repository/com/amazonaws/aws-java-sdk-s3/1.11.901/aws-java-sdk-s3-1.11.901.jar:/home/runner/.m2/repository/com/amazonaws/aws-java-sdk-kms/1.11.901/aws-java-sdk-kms-1.11.901.jar:/home/runner/.m2/repository/com/amazonaws/jmespath-java/1.11.901/jmespath-java-1.11.901.jar:/home/runner/.m2/repository/org/kohsuke/metainf-services/metainf-services/1.8/metainf-services-1.8.jar:/home/runner/.m2/repository/org/apache/ozone/hdds-tools/1.2.0-SNAPSHOT/hdds-tools-1.2.0-SNAPSHOT.jar:/home/runner/.m2/repository/commons-cli/commons-cli/1.2/commons-cli-1.2.jar:/home/runner/.m2/repository/org/apache/commons/commons-lang3/3.7/commons-lang3-3.7.jar:/home/runner/.m2/repository/org/apache/ozone/ozone-manager/1.2.0-SNAPSHOT/ozone-manager-1.2.0-SNAPSHOT-tests.jar:/home/runner/.m2/repository/org/apache/ozone/hdds-common/1.2.0-SNAPSHOT/hdds-common-1.2.0-SNAPSHOT-tests.jar:/home/runner/.m2/repository/org/apache/ozone/hdds-hadoop-dependency-client/1.2.0-SNAPSHOT/hdds-hadoop-dependency-client-1.2.0-SNAPSHOT.jar:/home/runner/.m2/repository/info/picocli/picocli/4.4.0/picocli-4.4.0.jar:/home/runner/.m2/repository/com/fasterxml/jackson/core/jackson-annotations/2.12.1/jackson-annotations-2.12.1.jar:/home/runner/.m2/repository/javax/annotation/javax.annotation-api/1.2/javax.annotation-api-1.2.jar:/home/runner/.m2/repository/org/apache/ratis/ratis-server/2.1.0/ratis-server-2.1.0.jar:/home/runner/.m2/repository/org/apache/ratis/ratis-client/2.1.0/ratis-client-2.1.0.jar:/home/runner/.m2/repository/org/apache/ratis/ratis-server-api/2.1.0/ratis-server-api-2.1.0.jar:/home/runner/.m2/repository/org/apache/ratis/ratis-metrics/2.1.0/ratis-metrics-2.1.0.jar:/home/runner/.m2/repository/org/apache/ratis/ratis-netty/2.1.0/ratis-netty-2.1.0.jar:/home/runner/.m2/repository/org/apache/ratis/ratis-grpc/2.1.0/ratis-grpc-2.1.0.jar:/home/runner/.m2/repository/org/apache/logging/log4j/log4j-api/2.13.3/log4j-api-2.13.3.jar:/home/runner/.m2/repository/org/apache/logging/log4j/log4j-core/2.13.3/log4j-core-2.13.3.jar:/home/runner/.m2/repository/com/lmax/disruptor/3.4.2/disruptor-3.4.2.jar:/home/runner/.m2/repository/org/apache/commons/commons-pool2/2.6.0/commons-pool2-2.6.0.jar:/home/runner/.m2/repository/org/bouncycastle/bcpkix-jdk15on/1.67/bcpkix-jdk15on-1.67.jar:/home/runner/.m2/repository/commons-validator/commons-validator/1.6/commons-validator-1.6.jar:/home/runner/.m2/repository/commons-beanutils/commons-beanutils/1.9.4/commons-beanutils-1.9.4.jar:/home/runner/.m2/repository/commons-digester/commons-digester/1.8.1/commons-digester-1.8.1.jar:/home/runner/.m2/repository/commons-collections/commons-collections/3.2.2/commons-collections-3.2.2.jar:/home/runner/.m2/repository/io/jaegertracing/jaeger-client/1.6.0/jaeger-client-1.6.0.jar:/home/runner/.m2/repository/io/jaegertracing/jaeger-thrift/1.6.0/jaeger-thrift-1.6.0.jar:/home/runner/.m2/repository/org/apache/thrift/libthrift/0.14.1/libthrift-0.14.1.jar:/home/runner/.m2/repository/com/squareup/okhttp3/okhttp/4.9.0/okhttp-4.9.0.jar:/home/runner/.m2/repository/com/squareup/okio/okio/2.8.0/okio-2.8.0.jar:/home/runner/.m2/repository/io/jaegertracing/jaeger-core/1.6.0/jaeger-core-1.6.0.jar:/home/runner/.m2/repository/io/jaegertracing/jaeger-tracerresolver/1.6.0/jaeger-tracerresolver-1.6.0.jar:/home/runner/.m2/repository/io/opentracing/contrib/opentracing-tracerresolver/0.1.8/opentracing-tracerresolver-0.1.8.jar:/home/runner/.m2/repository/org/jetbrains/kotlin/kotlin-stdlib/1.4.31/kotlin-stdlib-1.4.31.jar:/home/runner/.m2/repository/org/jetbrains/kotlin/kotlin-stdlib-common/1.4.31/kotlin-stdlib-common-1.4.31.jar:/home/runner/.m2/repository/org/jetbrains/annotations/13.0/annotations-13.0.jar:/home/runner/.m2/repository/io/opentracing/opentracing-util/0.33.0/opentracing-util-0.33.0.jar:/home/runner/.m2/repository/io/opentracing/opentracing-api/0.33.0/opentracing-api-0.33.0.jar:/home/runner/.m2/repository/io/opentracing/opentracing-noop/0.33.0/opentracing-noop-0.33.0.jar:/home/runner/.m2/repository/org/yaml/snakeyaml/1.26/snakeyaml-1.26.jar:/home/runner/.m2/repository/org/apache/ozone/hdds-interface-admin/1.2.0-SNAPSHOT/hdds-interface-admin-1.2.0-SNAPSHOT.jar:/home/runner/.m2/repository/junit/junit/4.13.1/junit-4.13.1.jar:/home/runner/.m2/repository/org/hamcrest/hamcrest-core/1.3/hamcrest-core-1.3.jar:/home/runner/.m2/repository/org/junit/jupiter/junit-jupiter-api/5.7.0/junit-jupiter-api-5.7.0.jar:/home/runner/.m2/repository/org/apiguardian/apiguardian-api/1.1.0/apiguardian-api-1.1.0.jar:/home/runner/.m2/repository/org/opentest4j/opentest4j/1.2.0/opentest4j-1.2.0.jar:/home/runner/.m2/repository/org/junit/platform/junit-platform-commons/1.7.0/junit-platform-commons-1.7.0.jar:/home/runner/.m2/repository/org/junit/jupiter/junit-jupiter-engine/5.7.0/junit-jupiter-engine-5.7.0.jar:/home/runner/.m2/repository/org/junit/platform/junit-platform-engine/1.7.0/junit-platform-engine-1.7.0.jar:/home/runner/.m2/repository/org/junit/vintage/junit-vintage-engine/5.7.0/junit-vintage-engine-5.7.0.jar:/home/runner/.m2/repository/org/junit/platform/junit-platform-launcher/1.7.0/junit-platform-launcher-1.7.0.jar:/home/runner/.m2/repository/org/openjdk/jmh/jmh-core/1.19/jmh-core-1.19.jar:/home/runner/.m2/repository/net/sf/jopt-simple/jopt-simple/4.6/jopt-simple-4.6.jar:/home/runner/.m2/repository/org/apache/commons/commons-math3/3.1.1/commons-math3-3.1.1.jar:/home/runner/.m2/repository/org/openjdk/jmh/jmh-generator-annprocess/1.19/jmh-generator-annprocess-1.19.jar:/home/runner/.m2/repository/org/mockito/mockito-core/2.28.2/mockito-core-2.28.2.jar:/home/runner/.m2/repository/net/bytebuddy/byte-buddy/1.9.10/byte-buddy-1.9.10.jar:/home/runner/.m2/repository/net/bytebuddy/byte-buddy-agent/1.9.10/byte-buddy-agent-1.9.10.jar:/home/runner/.m2/repository/org/objenesis/objenesis/1.0/objenesis-1.0.jar:/home/runner/.m2/repository/org/apache/hadoop/hadoop-kms/3.3.1/hadoop-kms-3.3.1.jar:/home/runner/.m2/repository/org/apache/hadoop/hadoop-auth/3.3.1/hadoop-auth-3.3.1.jar:/home/runner/.m2/repository/com/nimbusds/nimbus-jose-jwt/7.9/nimbus-jose-jwt-7.9.jar:/home/runner/.m2/repository/com/github/stephenc/jcip/jcip-annotations/1.0-1/jcip-annotations-1.0-1.jar:/home/runner/.m2/repository/net/minidev/json-smart/2.3/json-smart-2.3.jar:/home/runner/.m2/repository/net/minidev/accessors-smart/1.2/accessors-smart-1.2.jar:/home/runner/.m2/repository/org/ow2/asm/asm/5.0.4/asm-5.0.4.jar:/home/runner/.m2/repository/org/apache/zookeeper/zookeeper/3.5.6/zookeeper-3.5.6.jar:/home/runner/.m2/repository/org/apache/zookeeper/zookeeper-jute/3.5.6/zookeeper-jute-3.5.6.jar:/home/runner/.m2/repository/org/apache/yetus/audience-annotations/0.5.0/audience-annotations-0.5.0.jar:/home/runner/.m2/repository/org/apache/curator/curator-framework/4.2.0/curator-framework-4.2.0.jar:/home/runner/.m2/repository/org/apache/hadoop/thirdparty/hadoop-shaded-guava/1.1.1/hadoop-shaded-guava-1.1.1.jar:/home/runner/.m2/repository/com/sun/jersey/jersey-core/1.19/jersey-core-1.19.jar:/home/runner/.m2/repository/javax/ws/rs/jsr311-api/1.1.1/jsr311-api-1.1.1.jar:/home/runner/.m2/repository/com/sun/jersey/jersey-server/1.19/jersey-server-1.19.jar:/home/runner/.m2/repository/javax/servlet/javax.servlet-api/3.1.0/javax.servlet-api-3.1.0.jar:/home/runner/.m2/repository/org/eclipse/jetty/jetty-server/9.4.35.v20201120/jetty-server-9.4.35.v20201120.jar:/home/runner/.m2/repository/org/eclipse/jetty/jetty-http/9.4.35.v20201120/jetty-http-9.4.35.v20201120.jar:/home/runner/.m2/repository/org/eclipse/jetty/jetty-io/9.4.35.v20201120/jetty-io-9.4.35.v20201120.jar:/home/runner/.m2/repository/org/eclipse/jetty/jetty-webapp/9.4.35.v20201120/jetty-webapp-9.4.35.v20201120.jar:/home/runner/.m2/repository/org/eclipse/jetty/jetty-xml/9.4.35.v20201120/jetty-xml-9.4.35.v20201120.jar:/home/runner/.m2/repository/org/apache/hadoop/hadoop-common/3.3.1/hadoop-common-3.3.1.jar:/home/runner/.m2/repository/commons-net/commons-net/3.6/commons-net-3.6.jar:/home/runner/.m2/repository/jakarta/activation/jakarta.activation-api/1.2.1/jakarta.activation-api-1.2.1.jar:/home/runner/.m2/repository/com/sun/jersey/jersey-servlet/1.19/jersey-servlet-1.19.jar:/home/runner/.m2/repository/com/sun/jersey/jersey-json/1.19/jersey-json-1.19.jar:/home/runner/.m2/repository/org/codehaus/jettison/jettison/1.1/jettison-1.1.jar:/home/runner/.m2/repository/com/sun/xml/bind/jaxb-impl/2.2.3-1/jaxb-impl-2.2.3-1.jar:/home/runner/.m2/repository/org/codehaus/jackson/jackson-jaxrs/1.9.2/jackson-jaxrs-1.9.2.jar:/home/runner/.m2/repository/org/codehaus/jackson/jackson-xc/1.9.2/jackson-xc-1.9.2.jar:/home/runner/.m2/repository/org/apache/commons/commons-configuration2/2.1.1/commons-configuration2-2.1.1.jar:/home/runner/.m2/repository/org/apache/commons/commons-text/1.4/commons-text-1.4.jar:/home/runner/.m2/repository/com/google/re2j/re2j/1.1/re2j-1.1.jar:/home/runner/.m2/repository/com/jcraft/jsch/0.1.54/jsch-0.1.54.jar:/home/runner/.m2/repository/org/apache/curator/curator-client/4.2.0/curator-client-4.2.0.jar:/home/runner/.m2/repository/org/apache/curator/curator-recipes/4.2.0/curator-recipes-4.2.0.jar:/home/runner/.m2/repository/org/apache/kerby/kerb-core/1.0.1/kerb-core-1.0.1.jar:/home/runner/.m2/repository/org/apache/kerby/kerby-pkix/1.0.1/kerby-pkix-1.0.1.jar:/home/runner/.m2/repository/org/apache/kerby/kerby-asn1/1.0.1/kerby-asn1-1.0.1.jar:/home/runner/.m2/repository/org/apache/kerby/kerby-util/1.0.1/kerby-util-1.0.1.jar:/home/runner/.m2/repository/dnsjava/dnsjava/2.1.7/dnsjava-2.1.7.jar:/home/runner/.m2/repository/org/xerial/snappy/snappy-java/1.1.8.2/snappy-java-1.1.8.2.jar:/home/runner/.m2/repository/org/slf4j/jul-to-slf4j/1.7.30/jul-to-slf4j-1.7.30.jar:/home/runner/.m2/repository/org/eclipse/jetty/jetty-util/9.4.35.v20201120/jetty-util-9.4.35.v20201120.jar:/home/runner/.m2/repository/com/fasterxml/jackson/core/jackson-databind/2.12.1/jackson-databind-2.12.1.jar:/home/runner/.m2/repository/org/apache/hadoop/hadoop-kms/3.3.1/hadoop-kms-3.3.1-tests.jar:/home/runner/.m2/repository/org/apache/ozone/hdds-server-scm/1.2.0-SNAPSHOT/hdds-server-scm-1.2.0-SNAPSHOT-tests.jar:/home/runner/.m2/repository/org/apache/ozone/hdds-container-service/1.2.0-SNAPSHOT/hdds-container-service-1.2.0-SNAPSHOT-tests.jar:/home/runner/.m2/repository/commons-codec/commons-codec/1.11/commons-codec-1.11.jar:/home/runner/.m2/repository/io/netty/netty-transport/4.1.63.Final/netty-transport-4.1.63.Final.jar:/home/runner/.m2/repository/io/netty/netty-resolver/4.1.63.Final/netty-resolver-4.1.63.Final.jar:/home/runner/.m2/repository/io/netty/netty-codec/4.1.63.Final/netty-codec-4.1.63.Final.jar:/home/runner/.m2/repository/io/netty/netty-handler/4.1.63.Final/netty-handler-4.1.63.Final.jar:/home/runner/.m2/repository/org/apache/ozone/hdds-hadoop-dependency-test/1.2.0-SNAPSHOT/hdds-hadoop-dependency-test-1.2.0-SNAPSHOT.jar:/home/runner/.m2/repository/org/apache/hadoop/hadoop-common/3.3.1/hadoop-common-3.3.1-tests.jar:/home/runner/.m2/repository/org/assertj/assertj-core/3.12.2/assertj-core-3.12.2.jar:/home/runner/.m2/repository/org/apache/hadoop/hadoop-hdfs/3.3.1/hadoop-hdfs-3.3.1-tests.jar:/home/runner/.m2/repository/org/eclipse/jetty/jetty-util-ajax/9.4.35.v20201120/jetty-util-ajax-9.4.35.v20201120.jar:/home/runner/.m2/repository/commons-daemon/commons-daemon/1.0.13/commons-daemon-1.0.13.jar:/home/runner/.m2/repository/io/netty/netty/3.10.6.Final/netty-3.10.6.Final.jar:/home/runner/.m2/repository/io/netty/netty-all/4.1.63.Final/netty-all-4.1.63.Final.jar:/home/runner/.m2/repository/org/apache/htrace/htrace-core4/4.1.0-incubating/htrace-core4-4.1.0-incubating.jar:/home/runner/.m2/repository/org/fusesource/leveldbjni/leveldbjni-all/1.8/leveldbjni-all-1.8.jar:/home/runner/.m2/repository/org/apache/hadoop/hadoop-distcp/3.3.1/hadoop-distcp-3.3.1.jar:/home/runner/.m2/repository/org/apache/hadoop/hadoop-mapreduce-client-jobclient/3.3.1/hadoop-mapreduce-client-jobclient-3.3.1.jar:/home/runner/.m2/repository/org/apache/hadoop/hadoop-mapreduce-client-common/3.3.1/hadoop-mapreduce-client-common-3.3.1.jar:/home/runner/.m2/repository/org/apache/hadoop/hadoop-yarn-common/3.3.1/hadoop-yarn-common-3.3.1.jar:/home/runner/.m2/repository/org/apache/hadoop/hadoop-yarn-api/3.3.1/hadoop-yarn-api-3.3.1.jar:/home/runner/.m2/repository/com/sun/jersey/jersey-client/1.19/jersey-client-1.19.jar:/home/runner/.m2/repository/com/sun/jersey/contribs/jersey-guice/1.19/jersey-guice-1.19.jar:/home/runner/.m2/repository/com/fasterxml/jackson/jaxrs/jackson-jaxrs-json-provider/2.12.1/jackson-jaxrs-json-provider-2.12.1.jar:/home/runner/.m2/repository/com/fasterxml/jackson/jaxrs/jackson-jaxrs-base/2.12.1/jackson-jaxrs-base-2.12.1.jar:/home/runner/.m2/repository/org/apache/hadoop/hadoop-yarn-client/3.3.1/hadoop-yarn-client-3.3.1.jar:/home/runner/.m2/repository/org/eclipse/jetty/websocket/websocket-client/9.4.40.v20210413/websocket-client-9.4.40.v20210413.jar:/home/runner/.m2/repository/org/eclipse/jetty/jetty-client/9.4.40.v20210413/jetty-client-9.4.40.v20210413.jar:/home/runner/.m2/repository/org/eclipse/jetty/websocket/websocket-common/9.4.40.v20210413/websocket-common-9.4.40.v20210413.jar:/home/runner/.m2/repository/org/eclipse/jetty/websocket/websocket-api/9.4.40.v20210413/websocket-api-9.4.40.v20210413.jar:/home/runner/.m2/repository/org/jline/jline/3.9.0/jline-3.9.0.jar:/home/runner/.m2/repository/org/apache/hadoop/hadoop-mapreduce-client-core/3.3.1/hadoop-mapreduce-client-core-3.3.1.jar:/home/runner/.m2/repository/org/apache/avro/avro/1.7.7/avro-1.7.7.jar:/home/runner/.m2/repository/org/codehaus/jackson/jackson-core-asl/1.9.13/jackson-core-asl-1.9.13.jar:/home/runner/.m2/repository/org/codehaus/jackson/jackson-mapper-asl/1.9.13/jackson-mapper-asl-1.9.13.jar:/home/runner/.m2/repository/com/thoughtworks/paranamer/paranamer/2.3/paranamer-2.3.jar:/home/runner/.m2/repository/org/apache/hadoop/hadoop-annotations/3.3.1/hadoop-annotations-3.3.1.jar:/usr/lib/jvm/adoptopenjdk-8-hotspot-amd64/jre/../lib/tools.jar:/home/runner/.m2/repository/org/apache/hadoop/hadoop-distcp/3.3.1/hadoop-distcp-3.3.1-tests.jar:"/>
    <property name="sun.cpu.endian" value="little"/>
    <property name="user.home" value="/home/runner"/>
    <property name="user.language" value="en"/>
    <property name="java.specification.vendor" value="Oracle Corporation"/>
    <property name="java.home" value="/usr/lib/jvm/adoptopenjdk-8-hotspot-amd64/jre"/>
    <property name="java.security.krb5.conf" value="/home/runner/work/ozone/ozone/mnt/ozone/hadoop-ozone/integration-test/target/test-classes/krb5.conf"/>
    <property name="basedir" value="/home/runner/work/ozone/ozone/mnt/ozone/hadoop-ozone/integration-test"/>
    <property name="file.separator" value="/"/>
    <property name="line.separator" value="&#10;"/>
    <property name="java.vm.specification.vendor" value="Oracle Corporation"/>
    <property name="java.specification.name" value="Java Platform API Specification"/>
    <property name="java.awt.graphicsenv" value="sun.awt.X11GraphicsEnvironment"/>
    <property name="skip.installnpx" value="true"/>
    <property name="surefire.real.class.path" value="/home/runner/work/ozone/ozone/mnt/ozone/hadoop-ozone/integration-test/target/surefire/surefirebooter8923362742836083281.jar:/home/runner/.m2/repository/org/jacoco/org.jacoco.agent/0.8.5/org.jacoco.agent-0.8.5-runtime.jar"/>
    <property name="hadoop.log.dir" value="/home/runner/work/ozone/ozone/mnt/ozone/hadoop-ozone/integration-test/target/log"/>
    <property name="sun.boot.class.path" value="/usr/lib/jvm/adoptopenjdk-8-hotspot-amd64/jre/lib/resources.jar:/usr/lib/jvm/adoptopenjdk-8-hotspot-amd64/jre/lib/rt.jar:/usr/lib/jvm/adoptopenjdk-8-hotspot-amd64/jre/lib/sunrsasign.jar:/usr/lib/jvm/adoptopenjdk-8-hotspot-amd64/jre/lib/jsse.jar:/usr/lib/jvm/adoptopenjdk-8-hotspot-amd64/jre/lib/jce.jar:/usr/lib/jvm/adoptopenjdk-8-hotspot-amd64/jre/lib/charsets.jar:/usr/lib/jvm/adoptopenjdk-8-hotspot-amd64/jre/lib/jfr.jar:/usr/lib/jvm/adoptopenjdk-8-hotspot-amd64/jre/classes"/>
    <property name="sun.management.compiler" value="HotSpot 64-Bit Tiered Compilers"/>
    <property name="skip.npx" value="true"/>
    <property name="java.runtime.version" value="1.8.0_292-b10"/>
    <property name="java.net.preferIPv4Stack" value="true"/>
    <property name="user.name" value="runner"/>
    <property name="path.separator" value=":"/>
    <property name="java.security.egd" value="file:///dev/urandom"/>
    <property name="os.version" value="5.4.0-1051-azure"/>
    <property name="java.endorsed.dirs" value="/usr/lib/jvm/adoptopenjdk-8-hotspot-amd64/jre/lib/endorsed"/>
    <property name="java.runtime.name" value="OpenJDK Runtime Environment"/>
    <property name="file.encoding" value="UTF-8"/>
    <property name="java.vm.name" value="OpenJDK 64-Bit Server VM"/>
    <property name="test.build.webapps" value=""/>
    <property name="localRepository" value="/home/runner/.m2/repository"/>
    <property name="java.vendor.url.bug" value="https://github.com/AdoptOpenJDK/openjdk-support/issues"/>
    <property name="java.io.tmpdir" value="/tmp"/>
    <property name="require.test.libhadoop" value=""/>
    <property name="java.version" value="1.8.0_292"/>
    <property name="user.dir" value="/home/runner/work/ozone/ozone/mnt/ozone/hadoop-ozone/integration-test"/>
    <property name="os.arch" value="amd64"/>
    <property name="java.vm.specification.name" value="Java Virtual Machine Specification"/>
    <property name="test.build.classes" value="/home/runner/work/ozone/ozone/mnt/ozone/hadoop-ozone/integration-test/target/test-classes"/>
    <property name="java.awt.printerjob" value="sun.print.PSPrinterJob"/>
    <property name="sun.os.patch.level" value="unknown"/>
    <property name="hadoop.tmp.dir" value="/home/runner/work/ozone/ozone/mnt/ozone/hadoop-ozone/integration-test/target/tmp"/>
    <property name="java.library.path" value="/usr/java/packages/lib/amd64:/usr/lib64:/lib64:/lib:/usr/lib"/>
    <property name="java.vm.info" value="mixed mode"/>
    <property name="java.vendor" value="AdoptOpenJDK"/>
    <property name="java.vm.version" value="25.292-b10"/>
    <property name="java.ext.dirs" value="/usr/lib/jvm/adoptopenjdk-8-hotspot-amd64/jre/lib/ext:/usr/java/packages/lib/ext"/>
    <property name="sun.io.unicode.encoding" value="UnicodeLittle"/>
    <property name="java.class.version" value="52.0"/>
  </properties>
  <testcase name="testWatchForCommitWithKeyWrite" classname="org.apache.hadoop.ozone.client.rpc.TestWatchForCommit" time="71.848"/>
  <testcase name="testWatchForCommitForRetryfailure" classname="org.apache.hadoop.ozone.client.rpc.TestWatchForCommit" time="69.667"/>
  <testcase name="testWatchForCommitForGroupMismatchException" classname="org.apache.hadoop.ozone.client.rpc.TestWatchForCommit" time="49.33">
    <error message="org.apache.ratis.protocol.exceptions.AlreadyClosedException: SlidingWindow$Client:client-485C442D98F3-&gt;RAFT is closed." type="java.util.concurrent.ExecutionException">java.util.concurrent.ExecutionException: org.apache.ratis.protocol.exceptions.AlreadyClosedException: SlidingWindow$Client:client-485C442D98F3->RAFT is closed.
	at java.util.concurrent.CompletableFuture.reportGet(CompletableFuture.java:357)
	at java.util.concurrent.CompletableFuture.get(CompletableFuture.java:1908)
	at org.apache.hadoop.ozone.client.rpc.TestWatchForCommit.testWatchForCommitForGroupMismatchException(TestWatchForCommit.java:353)
	at sun.reflect.NativeMethodAccessorImpl.invoke0(Native Method)
	at sun.reflect.NativeMethodAccessorImpl.invoke(NativeMethodAccessorImpl.java:62)
	at sun.reflect.DelegatingMethodAccessorImpl.invoke(DelegatingMethodAccessorImpl.java:43)
	at java.lang.reflect.Method.invoke(Method.java:498)
	at org.junit.runners.model.FrameworkMethod$1.runReflectiveCall(FrameworkMethod.java:59)
	at org.junit.internal.runners.model.ReflectiveCallable.run(ReflectiveCallable.java:12)
	at org.junit.runners.model.FrameworkMethod.invokeExplosively(FrameworkMethod.java:56)
	at org.junit.internal.runners.statements.InvokeMethod.evaluate(InvokeMethod.java:17)
	at org.junit.internal.runners.statements.RunBefores.evaluate(RunBefores.java:26)
	at org.junit.internal.runners.statements.RunAfters.evaluate(RunAfters.java:27)
	at org.junit.runners.ParentRunner$3.evaluate(ParentRunner.java:306)
	at org.junit.runners.BlockJUnit4ClassRunner$1.evaluate(BlockJUnit4ClassRunner.java:100)
	at org.junit.runners.ParentRunner.runLeaf(ParentRunner.java:366)
	at org.junit.runners.BlockJUnit4ClassRunner.runChild(BlockJUnit4ClassRunner.java:103)
	at org.junit.runners.BlockJUnit4ClassRunner.runChild(BlockJUnit4ClassRunner.java:63)
	at org.junit.runners.ParentRunner$4.run(ParentRunner.java:331)
	at org.junit.runners.ParentRunner$1.schedule(ParentRunner.java:79)
	at org.junit.runners.ParentRunner.runChildren(ParentRunner.java:329)
	at org.junit.runners.ParentRunner.access$100(ParentRunner.java:66)
	at org.junit.runners.ParentRunner$2.evaluate(ParentRunner.java:293)
	at org.junit.runners.ParentRunner$3.evaluate(ParentRunner.java:306)
	at org.junit.runners.ParentRunner.run(ParentRunner.java:413)
	at org.junit.runner.JUnitCore.run(JUnitCore.java:137)
	at org.junit.runner.JUnitCore.run(JUnitCore.java:115)
	at org.junit.vintage.engine.execution.RunnerExecutor.execute(RunnerExecutor.java:43)
	at java.util.stream.ForEachOps$ForEachOp$OfRef.accept(ForEachOps.java:183)
	at java.util.stream.ReferencePipeline$3$1.accept(ReferencePipeline.java:193)
	at java.util.Iterator.forEachRemaining(Iterator.java:116)
	at java.util.Spliterators$IteratorSpliterator.forEachRemaining(Spliterators.java:1801)
	at java.util.stream.AbstractPipeline.copyInto(AbstractPipeline.java:482)
	at java.util.stream.AbstractPipeline.wrapAndCopyInto(AbstractPipeline.java:472)
	at java.util.stream.ForEachOps$ForEachOp.evaluateSequential(ForEachOps.java:150)
	at java.util.stream.ForEachOps$ForEachOp$OfRef.evaluateSequential(ForEachOps.java:173)
	at java.util.stream.AbstractPipeline.evaluate(AbstractPipeline.java:234)
	at java.util.stream.ReferencePipeline.forEach(ReferencePipeline.java:485)
	at org.junit.vintage.engine.VintageTestEngine.executeAllChildren(VintageTestEngine.java:82)
	at org.junit.vintage.engine.VintageTestEngine.execute(VintageTestEngine.java:73)
	at org.junit.platform.launcher.core.EngineExecutionOrchestrator.execute(EngineExecutionOrchestrator.java:108)
	at org.junit.platform.launcher.core.EngineExecutionOrchestrator.execute(EngineExecutionOrchestrator.java:88)
	at org.junit.platform.launcher.core.EngineExecutionOrchestrator.lambda$execute$0(EngineExecutionOrchestrator.java:54)
	at org.junit.platform.launcher.core.EngineExecutionOrchestrator.withInterceptedStreams(EngineExecutionOrchestrator.java:67)
	at org.junit.platform.launcher.core.EngineExecutionOrchestrator.execute(EngineExecutionOrchestrator.java:52)
	at org.junit.platform.launcher.core.DefaultLauncher.execute(DefaultLauncher.java:96)
	at org.junit.platform.launcher.core.DefaultLauncher.execute(DefaultLauncher.java:75)
	at org.apache.maven.surefire.junitplatform.JUnitPlatformProvider.invokeAllTests(JUnitPlatformProvider.java:142)
	at org.apache.maven.surefire.junitplatform.JUnitPlatformProvider.invoke(JUnitPlatformProvider.java:113)
	at org.apache.maven.surefire.booter.ForkedBooter.invokeProviderInSameClassLoader(ForkedBooter.java:384)
	at org.apache.maven.surefire.booter.ForkedBooter.runSuitesInProcess(ForkedBooter.java:345)
	at org.apache.maven.surefire.booter.ForkedBooter.execute(ForkedBooter.java:126)
	at org.apache.maven.surefire.booter.ForkedBooter.main(ForkedBooter.java:418)
Caused by: org.apache.ratis.protocol.exceptions.AlreadyClosedException: SlidingWindow$Client:client-485C442D98F3->RAFT is closed.
	at org.apache.ratis.util.SlidingWindow$Client.alreadyClosed(SlidingWindow.java:378)
	at org.apache.ratis.util.SlidingWindow$Client.fail(SlidingWindow.java:366)
	at org.apache.ratis.client.impl.OrderedAsync.failAllAsyncRequests(OrderedAsync.java:148)
	at org.apache.ratis.client.impl.OrderedAsync.handleAsyncRetryFailure(OrderedAsync.java:152)
	at org.apache.ratis.client.impl.OrderedAsync.lambda$sendRequest$10(OrderedAsync.java:252)
	at java.util.concurrent.CompletableFuture.uniExceptionally(CompletableFuture.java:884)
	at java.util.concurrent.CompletableFuture$UniExceptionally.tryFire(CompletableFuture.java:866)
	at java.util.concurrent.CompletableFuture.postComplete(CompletableFuture.java:488)
	at java.util.concurrent.CompletableFuture.completeExceptionally(CompletableFuture.java:1990)
	at org.apache.ratis.grpc.client.GrpcClientProtocolClient$AsyncStreamObservers.completeReplyExceptionally(GrpcClientProtocolClient.java:388)
	at org.apache.ratis.grpc.client.GrpcClientProtocolClient$AsyncStreamObservers.access$000(GrpcClientProtocolClient.java:294)
	at org.apache.ratis.grpc.client.GrpcClientProtocolClient$AsyncStreamObservers$1.onNext(GrpcClientProtocolClient.java:308)
	at org.apache.ratis.grpc.client.GrpcClientProtocolClient$AsyncStreamObservers$1.onNext(GrpcClientProtocolClient.java:299)
	at org.apache.ratis.thirdparty.io.grpc.stub.ClientCalls$StreamObserverToCallListenerAdapter.onMessage(ClientCalls.java:465)
	at org.apache.ratis.thirdparty.io.grpc.ForwardingClientCallListener.onMessage(ForwardingClientCallListener.java:33)
	at org.apache.ratis.thirdparty.io.grpc.internal.DelayedClientCall$DelayedListener.onMessage(DelayedClientCall.java:447)
	at org.apache.ratis.thirdparty.io.grpc.internal.ClientCallImpl$ClientStreamListenerImpl$1MessagesAvailable.runInternal(ClientCallImpl.java:715)
	at org.apache.ratis.thirdparty.io.grpc.internal.ClientCallImpl$ClientStreamListenerImpl$1MessagesAvailable.runInContext(ClientCallImpl.java:700)
	at org.apache.ratis.thirdparty.io.grpc.internal.ContextRunnable.run(ContextRunnable.java:37)
	at org.apache.ratis.thirdparty.io.grpc.internal.SerializingExecutor.run(SerializingExecutor.java:123)
	at java.util.concurrent.ThreadPoolExecutor.runWorker(ThreadPoolExecutor.java:1149)
	at java.util.concurrent.ThreadPoolExecutor$Worker.run(ThreadPoolExecutor.java:624)
	at java.lang.Thread.run(Thread.java:748)
Caused by: org.apache.ratis.protocol.exceptions.RaftRetryFailureException: Failed RaftClientRequest:client-485C442D98F3->d20c9192-b22d-4378-befe-a66526543a88@group-82F261664D2A, cid=49, seq=1*, Watch(0), null for 4 attempts with RequestTypeDependentRetryPolicy{WRITE->org.apache.ratis.retry.ExceptionDependentRetry@623636a9, WATCH->org.apache.ratis.retry.ExceptionDependentRetry@672f1134}
	at org.apache.ratis.client.impl.RaftClientImpl.noMoreRetries(RaftClientImpl.java:254)
	... 20 more
Caused by: org.apache.ratis.protocol.exceptions.NotLeaderException: Server d20c9192-b22d-4378-befe-a66526543a88@group-82F261664D2A is not the leader
	at org.apache.ratis.client.impl.ClientProtoUtils.toRaftClientReply(ClientProtoUtils.java:368)
	at org.apache.ratis.grpc.client.GrpcClientProtocolClient$AsyncStreamObservers$1.onNext(GrpcClientProtocolClient.java:304)
	... 11 more
</error>
    <system-out><![CDATA[2021-07-28 08:36:56,126 [Listener at 127.0.0.1/35633] WARN  server.ServerUtils (ServerUtils.java:getScmDbDir(148)) - ozone.scm.db.dirs is not configured. We recommend adding this setting. Falling back to ozone.metadata.dirs instead.
2021-07-28 08:36:56,130 [Listener at 127.0.0.1/35633] INFO  ha.SCMHANodeDetails (SCMHANodeDetails.java:loadSCMHAConfig(157)) - ServiceID for StorageContainerManager is null
2021-07-28 08:36:56,131 [Listener at 127.0.0.1/35633] INFO  ha.SCMHANodeDetails (SCMHANodeDetails.java:loadSCMHAConfig(162)) - ozone.scm.default.service.id is not defined, falling back to ozone.scm.service.ids to find serviceID for StorageContainerManager if it is HA enabled cluster
2021-07-28 08:36:56,131 [Listener at 127.0.0.1/35633] WARN  server.ServerUtils (ServerUtils.java:getScmDbDir(148)) - ozone.scm.db.dirs is not configured. We recommend adding this setting. Falling back to ozone.metadata.dirs instead.
2021-07-28 08:36:56,131 [Listener at 127.0.0.1/35633] INFO  upgrade.AbstractLayoutVersionManager (AbstractLayoutVersionManager.java:init(70)) - Initializing Layout version manager with metadata layout = SCM_HA (version = 2), software layout = SCM_HA (version = 2)
2021-07-28 08:36:56,169 [Listener at 127.0.0.1/35633] INFO  reflections.Reflections (Reflections.java:scan(232)) - Reflections took 36 ms to scan 7 urls, producing 120 keys and 273 values 
2021-07-28 08:36:56,171 [Listener at 127.0.0.1/35633] WARN  utils.HAUtils (HAUtils.java:getMetaDir(342)) - ozone.scm.db.dirs is not configured. We recommend adding this setting. Falling back to ozone.metadata.dirs instead.
2021-07-28 08:36:56,171 [Listener at 127.0.0.1/35633] WARN  db.DBStoreBuilder (DBStoreBuilder.java:applyDBDefinition(145)) - ozone.scm.db.dirs is not configured. We recommend adding this setting. Falling back to ozone.metadata.dirs instead.
2021-07-28 08:36:56,258 [Listener at 127.0.0.1/35633] INFO  net.NodeSchemaLoader (NodeSchemaLoader.java:loadSchemaFromFile(129)) - Loading schema from [jar:file:/home/runner/.m2/repository/org/apache/ozone/hdds-common/1.2.0-SNAPSHOT/hdds-common-1.2.0-SNAPSHOT.jar!/network-topology-default.xml]
2021-07-28 08:36:56,258 [Listener at 127.0.0.1/35633] INFO  net.NodeSchemaLoader (NodeSchemaLoader.java:loadSchema(176)) - Loading network topology layer schema file
2021-07-28 08:36:56,261 [Listener at 127.0.0.1/35633] INFO  ha.SequenceIdGenerator (SequenceIdGenerator.java:upgradeToSequenceId(327)) - upgrade localId to 107544261427200000
2021-07-28 08:36:56,261 [Listener at 127.0.0.1/35633] INFO  ha.SequenceIdGenerator (SequenceIdGenerator.java:upgradeToSequenceId(337)) - upgrade delTxnId to 0
2021-07-28 08:36:56,261 [Listener at 127.0.0.1/35633] INFO  ha.SequenceIdGenerator (SequenceIdGenerator.java:upgradeToSequenceId(351)) - upgrade containerId to 0
2021-07-28 08:36:56,261 [Listener at 127.0.0.1/35633] INFO  ha.SequenceIdGenerator (SequenceIdGenerator.java:<init>(217)) - Init the HA SequenceIdGenerator.
2021-07-28 08:36:56,262 [Listener at 127.0.0.1/35633] INFO  node.SCMNodeManager (SCMNodeManager.java:<init>(141)) - Entering startup safe mode.
2021-07-28 08:36:56,262 [Listener at 127.0.0.1/35633] INFO  algorithms.ContainerPlacementPolicyFactory (ContainerPlacementPolicyFactory.java:getPolicy(60)) - Create container placement policy of type org.apache.hadoop.hdds.scm.container.placement.algorithms.SCMContainerPlacementRandom
2021-07-28 08:36:56,263 [Listener at 127.0.0.1/35633] INFO  pipeline.PipelineStateManager (PipelineStateManagerV2Impl.java:initialize(78)) - No pipeline exists in current db
2021-07-28 08:36:56,263 [Listener at 127.0.0.1/35633] INFO  algorithms.LeaderChoosePolicyFactory (LeaderChoosePolicyFactory.java:getPolicy(57)) - Create leader choose policy of type org.apache.hadoop.hdds.scm.pipeline.leader.choose.algorithms.MinLeaderCountChoosePolicy
2021-07-28 08:36:56,263 [Listener at 127.0.0.1/35633] INFO  ha.SCMServiceManager (SCMServiceManager.java:register(43)) - Registering service BackgroundPipelineCreator.
2021-07-28 08:36:56,263 [Listener at 127.0.0.1/35633] INFO  pipeline.BackgroundPipelineCreator (BackgroundPipelineCreatorV2.java:start(130)) - Starting RatisPipelineUtilsThread.
2021-07-28 08:36:56,264 [Listener at 127.0.0.1/35633] INFO  algorithms.PipelineChoosePolicyFactory (PipelineChoosePolicyFactory.java:createPipelineChoosePolicyFromClass(73)) - Create pipeline choose policy of type org.apache.hadoop.hdds.scm.pipeline.choose.algorithms.RandomPipelineChoosePolicy
2021-07-28 08:36:56,264 [Listener at 127.0.0.1/35633] INFO  ha.SCMServiceManager (SCMServiceManager.java:register(43)) - Registering service SCMBlockDeletingService.
2021-07-28 08:36:56,264 [Listener at 127.0.0.1/35633] INFO  ha.SCMServiceManager (SCMServiceManager.java:register(43)) - Registering service ReplicationManager.
2021-07-28 08:36:56,265 [Listener at 127.0.0.1/35633] INFO  container.ReplicationManager (ReplicationManager.java:start(286)) - Starting Replication Monitor Thread.
2021-07-28 08:36:56,265 [Listener at 127.0.0.1/35633] INFO  safemode.ContainerSafeModeRule (ContainerSafeModeRule.java:<init>(89)) - containers with one replica threshold count 0
2021-07-28 08:36:56,265 [Listener at 127.0.0.1/35633] INFO  safemode.HealthyPipelineSafeModeRule (HealthyPipelineSafeModeRule.java:initializeRule(156)) - Total pipeline count is 0, healthy pipeline threshold count is 1
2021-07-28 08:36:56,266 [Listener at 127.0.0.1/35633] INFO  safemode.OneReplicaPipelineSafeModeRule (OneReplicaPipelineSafeModeRule.java:initializeRule(180)) - Total pipeline count is 0, pipeline's with at least one datanode reported threshold count is 0
2021-07-28 08:36:56,269 [ReplicationMonitor] INFO  container.ReplicationManager (ReplicationManager.java:processAll(341)) - Replication Monitor Thread took 0 milliseconds for processing 0 containers.
2021-07-28 08:36:56,269 [Listener at 127.0.0.1/35633] INFO  ipc.CallQueueManager (CallQueueManager.java:<init>(90)) - Using callQueue: class java.util.concurrent.LinkedBlockingQueue, queueCapacity: 2000, scheduler: class org.apache.hadoop.ipc.DefaultRpcScheduler, ipcBackoff: false.
2021-07-28 08:36:56,270 [Socket Reader #1 for port 0] INFO  ipc.Server (Server.java:run(1265)) - Starting Socket Reader #1 for port 0
2021-07-28 08:36:56,271 [Listener at 0.0.0.0/40453] INFO  ipc.CallQueueManager (CallQueueManager.java:<init>(90)) - Using callQueue: class java.util.concurrent.LinkedBlockingQueue, queueCapacity: 2000, scheduler: class org.apache.hadoop.ipc.DefaultRpcScheduler, ipcBackoff: false.
2021-07-28 08:36:56,271 [Socket Reader #1 for port 0] INFO  ipc.Server (Server.java:run(1265)) - Starting Socket Reader #1 for port 0
2021-07-28 08:36:56,272 [Listener at 0.0.0.0/43745] INFO  ipc.CallQueueManager (CallQueueManager.java:<init>(90)) - Using callQueue: class java.util.concurrent.LinkedBlockingQueue, queueCapacity: 2000, scheduler: class org.apache.hadoop.ipc.DefaultRpcScheduler, ipcBackoff: false.
2021-07-28 08:36:56,273 [Socket Reader #1 for port 0] INFO  ipc.Server (Server.java:run(1265)) - Starting Socket Reader #1 for port 0
2021-07-28 08:36:56,296 [Listener at 0.0.0.0/41693] INFO  server.StorageContainerManager (StorageContainerManager.java:<init>(380)) - 
Container Balancer status:
Key                            Value
Running                        true
Container Balancer Configuration values:
Key                            Value
Threshold                      0.1
Max Datanodes to Balance       5
Max Size to Move               10737418240B

2021-07-28 08:36:56,296 [Listener at 0.0.0.0/41693] WARN  events.EventQueue (EventQueue.java:fireEvent(194)) - No event handler registered for event TypedEvent{payloadType=SafeModeStatus, name='Safe mode status'}
2021-07-28 08:36:56,296 [Listener at 0.0.0.0/41693] INFO  ha.SCMContext (SCMContext.java:updateSafeModeStatus(205)) - Update SafeModeStatus from SafeModeStatus{safeModeStatus=true, preCheckPassed=false} to SafeModeStatus{safeModeStatus=true, preCheckPassed=false}.
2021-07-28 08:36:56,296 [Listener at 0.0.0.0/41693] INFO  server.StorageContainerManager (StorageContainerManager.java:start(1245)) - StorageContainerLocationProtocol RPC server is listening at /0.0.0.0:41693
2021-07-28 08:36:56,298 [Listener at 0.0.0.0/41693] WARN  impl.MetricsConfig (MetricsConfig.java:loadFirst(136)) - Cannot locate configuration: tried hadoop-metrics2-storagecontainermanager.properties,hadoop-metrics2.properties
2021-07-28 08:36:56,298 [Listener at 0.0.0.0/41693] INFO  impl.MetricsSystemImpl (MetricsSystemImpl.java:startTimer(378)) - Scheduled Metric snapshot period at 10 second(s).
2021-07-28 08:36:56,298 [Listener at 0.0.0.0/41693] INFO  impl.MetricsSystemImpl (MetricsSystemImpl.java:start(191)) - StorageContainerManager metrics system started
2021-07-28 08:36:56,312 [Listener at 0.0.0.0/41693] INFO  impl.MetricsSinkAdapter (MetricsSinkAdapter.java:start(204)) - Sink prometheus started
2021-07-28 08:36:56,313 [Listener at 0.0.0.0/41693] INFO  impl.MetricsSystemImpl (MetricsSystemImpl.java:registerSink(305)) - Registered sink prometheus
2021-07-28 08:36:56,330 [Listener at 0.0.0.0/41693] INFO  server.SCMClientProtocolServer (SCMClientProtocolServer.java:start(165)) - RPC server for Client  is listening at /0.0.0.0:41693
2021-07-28 08:36:56,330 [IPC Server Responder] INFO  ipc.Server (Server.java:run(1507)) - IPC Server Responder: starting
2021-07-28 08:36:56,331 [IPC Server listener on 0] INFO  ipc.Server (Server.java:run(1344)) - IPC Server listener on 0: starting
2021-07-28 08:36:56,337 [Listener at 0.0.0.0/41693] INFO  server.StorageContainerManager (StorageContainerManager.java:start(1260)) - ScmBlockLocationProtocol RPC server is listening at /0.0.0.0:43745
2021-07-28 08:36:56,337 [Listener at 0.0.0.0/41693] INFO  server.SCMBlockProtocolServer (SCMBlockProtocolServer.java:start(151)) - RPC server for Block Protocol is listening at /0.0.0.0:43745
2021-07-28 08:36:56,338 [IPC Server Responder] INFO  ipc.Server (Server.java:run(1507)) - IPC Server Responder: starting
2021-07-28 08:36:56,338 [IPC Server listener on 0] INFO  ipc.Server (Server.java:run(1344)) - IPC Server listener on 0: starting
2021-07-28 08:36:56,341 [Listener at 0.0.0.0/41693] INFO  server.StorageContainerManager (StorageContainerManager.java:start(1266)) - ScmDatanodeProtocl RPC server is listening at /0.0.0.0:40453
2021-07-28 08:36:56,341 [Listener at 0.0.0.0/41693] INFO  server.SCMDatanodeProtocolServer (SCMDatanodeProtocolServer.java:start(181)) - RPC server for DataNodes is listening at /0.0.0.0:40453
2021-07-28 08:36:56,342 [IPC Server Responder] INFO  ipc.Server (Server.java:run(1507)) - IPC Server Responder: starting
2021-07-28 08:36:56,342 [IPC Server listener on 0] INFO  ipc.Server (Server.java:run(1344)) - IPC Server listener on 0: starting
2021-07-28 08:36:56,353 [Listener at 0.0.0.0/41693] INFO  http.BaseHttpServer (BaseHttpServer.java:newHttpServer2BuilderForOzone(209)) - Starting Web-server for scm at: http://0.0.0.0:0
2021-07-28 08:36:56,353 [Listener at 0.0.0.0/41693] INFO  http.BaseHttpServer (BaseHttpServer.java:<init>(107)) - Hadoop Security Enabled: false Ozone Security Enabled: false Ozone HTTP Security Enabled: false 
2021-07-28 08:36:56,354 [Listener at 0.0.0.0/41693] INFO  server.AuthenticationFilter (AuthenticationFilter.java:constructSecretProvider(240)) - Unable to initialize FileSignerSecretProvider, falling back to use random secrets.
2021-07-28 08:36:56,355 [Listener at 0.0.0.0/41693] WARN  http.HttpRequestLog (HttpRequestLog.java:getRequestLog(103)) - Jetty request log can only be enabled using Log4j
2021-07-28 08:36:56,356 [Listener at 0.0.0.0/41693] INFO  http.HttpServer2 (HttpServer2.java:addGlobalFilter(1020)) - Added global filter 'safety' (class=org.apache.hadoop.hdds.server.http.HttpServer2$QuotingInputFilter)
2021-07-28 08:36:56,356 [Listener at 0.0.0.0/41693] INFO  http.HttpServer2 (HttpServer2.java:addFilter(996)) - Added filter static_user_filter (class=org.apache.hadoop.http.lib.StaticUserWebFilter$StaticUserFilter) to context scm
2021-07-28 08:36:56,357 [Listener at 0.0.0.0/41693] INFO  http.HttpServer2 (HttpServer2.java:addFilter(1004)) - Added filter static_user_filter (class=org.apache.hadoop.http.lib.StaticUserWebFilter$StaticUserFilter) to context static
2021-07-28 08:36:56,357 [Listener at 0.0.0.0/41693] INFO  http.HttpServer2 (HttpServer2.java:addFilter(1004)) - Added filter static_user_filter (class=org.apache.hadoop.http.lib.StaticUserWebFilter$StaticUserFilter) to context logs
2021-07-28 08:36:56,357 [Listener at 0.0.0.0/41693] INFO  http.HttpServer2 (HttpServer2.java:bindListener(1239)) - Jetty bound to port 41513
2021-07-28 08:36:56,358 [Listener at 0.0.0.0/41693] INFO  server.Server (Server.java:doStart(375)) - jetty-9.4.35.v20201120; built: 2020-11-20T21:17:03.964Z; git: bdc54f03a5e0a7e280fab27f55c3c75ee8da89fb; jvm 1.8.0_292-b10
2021-07-28 08:36:56,359 [Listener at 0.0.0.0/41693] INFO  server.session (DefaultSessionIdManager.java:doStart(334)) - DefaultSessionIdManager workerName=node0
2021-07-28 08:36:56,360 [Listener at 0.0.0.0/41693] INFO  server.session (DefaultSessionIdManager.java:doStart(339)) - No SessionScavenger set, using defaults
2021-07-28 08:36:56,360 [Listener at 0.0.0.0/41693] INFO  server.session (HouseKeeper.java:startScavenging(132)) - node0 Scavenging every 660000ms
2021-07-28 08:36:56,361 [Listener at 0.0.0.0/41693] INFO  handler.ContextHandler (ContextHandler.java:doStart(916)) - Started o.e.j.s.ServletContextHandler@31dc6210{logs,/logs,file:///home/runner/work/ozone/ozone/mnt/ozone/hadoop-ozone/integration-test/target/log,AVAILABLE}
2021-07-28 08:36:56,361 [Listener at 0.0.0.0/41693] INFO  handler.ContextHandler (ContextHandler.java:doStart(916)) - Started o.e.j.s.ServletContextHandler@4fb68460{static,/static,file:///home/runner/work/ozone/ozone/mnt/ozone/hadoop-ozone/integration-test/target/test-classes/webapps/static,AVAILABLE}
2021-07-28 08:36:56,364 [Listener at 0.0.0.0/41693] INFO  handler.ContextHandler (ContextHandler.java:doStart(916)) - Started o.e.j.w.WebAppContext@44705f9{scm,/,file:///home/runner/work/ozone/ozone/mnt/ozone/hadoop-ozone/integration-test/target/test-classes/webapps/scm/,AVAILABLE}{file:/home/runner/work/ozone/ozone/mnt/ozone/hadoop-ozone/integration-test/target/test-classes/webapps/scm}
2021-07-28 08:36:56,364 [org.apache.hadoop.util.JvmPauseMonitor$Monitor@4aa4a5c7] INFO  util.JvmPauseMonitor (JvmPauseMonitor.java:run(188)) - Starting JVM pause monitor
2021-07-28 08:36:56,375 [Listener at 0.0.0.0/41693] INFO  server.AbstractConnector (AbstractConnector.java:doStart(331)) - Started ServerConnector@1179a963{HTTP/1.1, (http/1.1)}{0.0.0.0:41513}
2021-07-28 08:36:56,375 [Listener at 0.0.0.0/41693] INFO  server.Server (Server.java:doStart(415)) - Started @142909ms
2021-07-28 08:36:56,375 [Listener at 0.0.0.0/41693] WARN  impl.MetricsSystemImpl (MetricsSystemImpl.java:register(279)) - Sink prometheus already exists!
2021-07-28 08:36:56,376 [Listener at 0.0.0.0/41693] INFO  http.BaseHttpServer (BaseHttpServer.java:updateConnectorAddress(329)) - HTTP server of scm listening at http://0.0.0.0:41513
2021-07-28 08:36:56,376 [Listener at 0.0.0.0/41693] WARN  server.ServerUtils (ServerUtils.java:getDBPath(225)) - ozone.om.db.dirs is not configured. We recommend adding this setting. Falling back to ozone.metadata.dirs instead.
2021-07-28 08:36:56,377 [Listener at 0.0.0.0/41693] INFO  ha.OMHANodeDetails (OMHANodeDetails.java:loadOMHAConfig(112)) - ozone.om.internal.service.id is not defined, falling back to ozone.om.service.ids to find serviceID for OzoneManager if it is HA enabled cluster
2021-07-28 08:36:56,377 [Listener at 0.0.0.0/41693] INFO  ha.OMHANodeDetails (OMHANodeDetails.java:loadOMHAConfig(219)) - Configuration does not have ozone.om.address set. Falling back to the default OM address /127.0.0.1:0
2021-07-28 08:36:56,378 [Listener at 0.0.0.0/41693] INFO  ha.OMHANodeDetails (OMHANodeDetails.java:getOMNodeDetails(247)) - OM Service ID is not set. Setting it to the default ID: omServiceIdDefault
2021-07-28 08:36:56,378 [Listener at 0.0.0.0/41693] INFO  ha.OMHANodeDetails (OMHANodeDetails.java:getOMNodeDetails(254)) - OM Node ID is not set. Setting it to the default ID: om1
2021-07-28 08:36:56,378 [Listener at 0.0.0.0/41693] WARN  server.ServerUtils (ServerUtils.java:getDBPath(225)) - ozone.om.db.dirs is not configured. We recommend adding this setting. Falling back to ozone.metadata.dirs instead.
2021-07-28 08:36:56,378 [Listener at 0.0.0.0/41693] INFO  upgrade.AbstractLayoutVersionManager (AbstractLayoutVersionManager.java:init(70)) - Initializing Layout version manager with metadata layout = INITIAL_VERSION (version = 0), software layout = INITIAL_VERSION (version = 0)
2021-07-28 08:36:56,419 [Listener at 0.0.0.0/41693] INFO  reflections.Reflections (Reflections.java:scan(232)) - Reflections took 39 ms to scan 2 urls, producing 131 keys and 342 values [using 2 cores]
2021-07-28 08:36:56,419 [Listener at 0.0.0.0/41693] INFO  upgrade.OMLayoutVersionManager (OMLayoutVersionManager.java:lambda$0(116)) - Skipping Upgrade Action MockOmUpgradeAction since it has been finalized.
2021-07-28 08:36:56,419 [Listener at 0.0.0.0/41693] WARN  server.ServerUtils (ServerUtils.java:getDBPath(225)) - ozone.om.db.dirs is not configured. We recommend adding this setting. Falling back to ozone.metadata.dirs instead.
2021-07-28 08:36:56,425 [Listener at 0.0.0.0/41693] WARN  server.ServerUtils (ServerUtils.java:getDBPath(225)) - ozone.om.db.dirs is not configured. We recommend adding this setting. Falling back to ozone.metadata.dirs instead.
2021-07-28 08:36:56,426 [Listener at 0.0.0.0/41693] INFO  codec.OmKeyInfoCodec (OmKeyInfoCodec.java:<init>(51)) - OmKeyInfoCodec ignorePipeline = true
2021-07-28 08:36:56,426 [Listener at 0.0.0.0/41693] INFO  codec.RepeatedOmKeyInfoCodec (RepeatedOmKeyInfoCodec.java:<init>(42)) - RepeatedOmKeyInfoCodec ignorePipeline = true
2021-07-28 08:36:56,561 [Listener at 0.0.0.0/41693] INFO  om.OzoneManager (OzoneManager.java:addS3GVolumeToDB(4084)) - Created Volume s3v With Owner runner required for S3Gateway operations.
2021-07-28 08:36:56,562 [Listener at 0.0.0.0/41693] WARN  server.ServerUtils (ServerUtils.java:getDefaultRatisDirectory(237)) - Storage directory for Ratis is not configured. It is a good idea to map this to an SSD disk. Falling back to ozone.metadata.dirs
2021-07-28 08:36:56,562 [Listener at 0.0.0.0/41693] WARN  utils.OzoneManagerRatisUtils (OzoneManagerRatisUtils.java:getOMRatisSnapshotDirectory(391)) - ozone.om.ratis.snapshot.dir is not configured. Falling back to ozone.metadata.dirs config
2021-07-28 08:36:56,562 [Listener at 0.0.0.0/41693] WARN  impl.MetricRegistriesImpl (MetricRegistriesImpl.java:addReporterRegistration(111)) - New reporters are added after registries were created. Some metrics will be missing from the reporter. Please add reporter before adding any new registry.
2021-07-28 08:36:56,562 [Listener at 0.0.0.0/41693] WARN  impl.MetricRegistriesImpl (MetricRegistriesImpl.java:addReporterRegistration(111)) - New reporters are added after registries were created. Some metrics will be missing from the reporter. Please add reporter before adding any new registry.
2021-07-28 08:36:56,562 [Listener at 0.0.0.0/41693] WARN  server.ServerUtils (ServerUtils.java:getDefaultRatisDirectory(237)) - Storage directory for Ratis is not configured. It is a good idea to map this to an SSD disk. Falling back to ozone.metadata.dirs
2021-07-28 08:36:56,563 [Listener at 0.0.0.0/41693] INFO  ratis.OzoneManagerRatisServer (OzoneManagerRatisServer.java:<init>(158)) - Instantiating OM Ratis server with groupID: omServiceIdDefault and peers: localhost:9872
2021-07-28 08:36:56,563 [Listener at 0.0.0.0/41693] INFO  ratis.OzoneManagerStateMachine (OzoneManagerStateMachine.java:loadSnapshotInfoFromDB(605)) - LastAppliedIndex is set from TransactionInfo from OM DB as (t:0, i:~)
2021-07-28 08:36:56,565 [Listener at 0.0.0.0/41693] INFO  server.RaftServer (ConfUtils.java:logGet(44)) - raft.rpc.type = GRPC (default)
2021-07-28 08:36:56,565 [Listener at 0.0.0.0/41693] INFO  grpc.GrpcFactory (GrpcFactory.java:checkPooledByteBufAllocatorUseCacheForAllThreads(48)) - PERFORMANCE WARNING: useCacheForAllThreads is true that may cause Netty to create a lot garbage objects and, as a result, trigger GC.
	It is recommended to disable useCacheForAllThreads by setting -Dorg.apache.ratis.thirdparty.io.netty.allocator.useCacheForAllThreads=false in command line.
2021-07-28 08:36:56,565 [Listener at 0.0.0.0/41693] INFO  grpc.GrpcConfigKeys (ConfUtils.java:logGet(44)) - raft.grpc.admin.port = -1 (default)
2021-07-28 08:36:56,565 [Listener at 0.0.0.0/41693] INFO  grpc.GrpcConfigKeys (ConfUtils.java:logGet(44)) - raft.grpc.server.port = 9872 (custom)
2021-07-28 08:36:56,565 [Listener at 0.0.0.0/41693] INFO  grpc.GrpcConfigKeys (ConfUtils.java:logGet(44)) - raft.grpc.client.port = -1 (default)
2021-07-28 08:36:56,566 [Listener at 0.0.0.0/41693] INFO  grpc.GrpcConfigKeys (ConfUtils.java:logGet(44)) - raft.grpc.server.port = 9872 (custom)
2021-07-28 08:36:56,566 [Listener at 0.0.0.0/41693] INFO  grpc.GrpcConfigKeys (ConfUtils.java:logGet(44)) - raft.grpc.server.port = 9872 (custom)
2021-07-28 08:36:56,566 [Listener at 0.0.0.0/41693] INFO  server.GrpcService (ConfUtils.java:logGet(44)) - raft.grpc.message.size.max = 33554432 (custom)
2021-07-28 08:36:56,566 [Listener at 0.0.0.0/41693] INFO  server.RaftServerConfigKeys (ConfUtils.java:logGet(44)) - raft.server.log.appender.buffer.byte-limit = 33554432 (custom)
2021-07-28 08:36:56,566 [Listener at 0.0.0.0/41693] INFO  server.GrpcService (ConfUtils.java:logGet(44)) - raft.grpc.flow.control.window = 1MB (=1048576) (default)
2021-07-28 08:36:56,567 [Listener at 0.0.0.0/41693] INFO  server.RaftServerConfigKeys (ConfUtils.java:logGet(44)) - raft.server.rpc.request.timeout = 3000ms (default)
2021-07-28 08:36:56,569 [Listener at 0.0.0.0/41693] INFO  impl.DataStreamServerImpl (ConfUtils.java:logGet(44)) - raft.datastream.type = DISABLED (default)
2021-07-28 08:36:56,569 [Listener at 0.0.0.0/41693] INFO  server.RaftServerConfigKeys (ConfUtils.java:logGet(44)) - raft.server.rpc.slowness.timeout = 120s (custom)
2021-07-28 08:36:56,569 [Listener at 0.0.0.0/41693] INFO  server.RaftServerConfigKeys (ConfUtils.java:logGet(44)) - raft.server.leaderelection.leader.step-down.wait-time = 10s (default)
2021-07-28 08:36:56,569 [Listener at 0.0.0.0/41693] INFO  server.RaftServerConfigKeys (ConfUtils.java:logGet(44)) - raft.server.storage.dir = [/home/runner/work/ozone/ozone/mnt/ozone/hadoop-ozone/integration-test/target/test-dir/MiniOzoneClusterImpl-7b7c0b8f-b3d8-4fbb-9550-cea541527f6c/ozone-meta/ratis] (custom)
2021-07-28 08:36:56,570 [Listener at 0.0.0.0/41693] INFO  server.RaftServer (RaftServerProxy.java:addNew(95)) - om1: addNew group-C5BA1605619E:[om1|rpc:localhost:9872|priority:0] returns group-C5BA1605619E:java.util.concurrent.CompletableFuture@3df3a9f8[Not completed]
2021-07-28 08:36:56,570 [Listener at 0.0.0.0/41693] INFO  om.OzoneManager (OzoneManager.java:initializeRatisServer(1542)) - OzoneManager Ratis server initialized at port 9872
2021-07-28 08:36:56,571 [Listener at 0.0.0.0/41693] INFO  ipc.CallQueueManager (CallQueueManager.java:<init>(90)) - Using callQueue: class java.util.concurrent.LinkedBlockingQueue, queueCapacity: 2000, scheduler: class org.apache.hadoop.ipc.DefaultRpcScheduler, ipcBackoff: false.
2021-07-28 08:36:56,572 [pool-514-thread-1] INFO  server.RaftServer$Division (RaftServerImpl.java:<init>(181)) - om1: new RaftServerImpl for group-C5BA1605619E:[om1|rpc:localhost:9872|priority:0] with OzoneManagerStateMachine:uninitialized
2021-07-28 08:36:56,575 [pool-514-thread-1] INFO  server.RaftServerConfigKeys (ConfUtils.java:logGet(44)) - raft.server.rpc.timeout.min = 1s (custom)
2021-07-28 08:36:56,575 [pool-514-thread-1] INFO  server.RaftServerConfigKeys (ConfUtils.java:logGet(44)) - raft.server.rpc.timeout.max = 1200ms (custom)
2021-07-28 08:36:56,575 [pool-514-thread-1] INFO  server.RaftServerConfigKeys (ConfUtils.java:logGet(44)) - raft.server.rpc.sleep.time = 25ms (default)
2021-07-28 08:36:56,575 [pool-514-thread-1] INFO  server.RaftServerConfigKeys (ConfUtils.java:logGet(44)) - raft.server.rpc.slowness.timeout = 120s (custom)
2021-07-28 08:36:56,575 [pool-514-thread-1] INFO  server.RaftServerConfigKeys (ConfUtils.java:logGet(44)) - raft.server.leaderelection.leader.step-down.wait-time = 10s (default)
2021-07-28 08:36:56,575 [pool-514-thread-1] INFO  server.RaftServerConfigKeys (ConfUtils.java:logGet(44)) - raft.server.sleep.deviation.threshold = 300ms (default)
2021-07-28 08:36:56,575 [pool-514-thread-1] INFO  server.RaftServerConfigKeys (ConfUtils.java:logGet(44)) - raft.server.log.appender.install.snapshot.enabled = false (custom)
2021-07-28 08:36:56,575 [pool-514-thread-1] INFO  server.RaftServer$Division (ServerState.java:<init>(105)) - om1@group-C5BA1605619E: ConfigurationManager, init=-1: [om1|rpc:localhost:9872|priority:0], old=null, confs=<EMPTY_MAP>
2021-07-28 08:36:56,575 [pool-514-thread-1] INFO  server.RaftServerConfigKeys (ConfUtils.java:logGet(44)) - raft.server.storage.dir = [/home/runner/work/ozone/ozone/mnt/ozone/hadoop-ozone/integration-test/target/test-dir/MiniOzoneClusterImpl-7b7c0b8f-b3d8-4fbb-9550-cea541527f6c/ozone-meta/ratis] (custom)
2021-07-28 08:36:56,575 [pool-514-thread-1] INFO  server.RaftServerConfigKeys (ConfUtils.java:logGet(44)) - raft.server.log.corruption.policy = EXCEPTION (default)
2021-07-28 08:36:56,575 [pool-514-thread-1] INFO  server.RaftServerConfigKeys (ConfUtils.java:logGet(44)) - raft.server.storage.free-space.min = 0MB (=0) (default)
2021-07-28 08:36:56,575 [pool-514-thread-1] INFO  storage.RaftStorageDirectory (RaftStorageDirectoryImpl.java:analyzeStorage(135)) - The storage directory /home/runner/work/ozone/ozone/mnt/ozone/hadoop-ozone/integration-test/target/test-dir/MiniOzoneClusterImpl-7b7c0b8f-b3d8-4fbb-9550-cea541527f6c/ozone-meta/ratis/bf265839-605b-3f16-9796-c5ba1605619e does not exist. Creating ...
2021-07-28 08:36:56,576 [Socket Reader #1 for port 0] INFO  ipc.Server (Server.java:run(1265)) - Starting Socket Reader #1 for port 0
2021-07-28 08:36:56,577 [pool-514-thread-1] INFO  storage.RaftStorageDirectory (RaftStorageDirectoryImpl.java:tryLock(230)) - Lock on /home/runner/work/ozone/ozone/mnt/ozone/hadoop-ozone/integration-test/target/test-dir/MiniOzoneClusterImpl-7b7c0b8f-b3d8-4fbb-9550-cea541527f6c/ozone-meta/ratis/bf265839-605b-3f16-9796-c5ba1605619e/in_use.lock acquired by nodename 1859@fv-az122-844
2021-07-28 08:36:56,585 [pool-514-thread-1] INFO  storage.RaftStorage (RaftStorageImpl.java:format(89)) - Storage directory /home/runner/work/ozone/ozone/mnt/ozone/hadoop-ozone/integration-test/target/test-dir/MiniOzoneClusterImpl-7b7c0b8f-b3d8-4fbb-9550-cea541527f6c/ozone-meta/ratis/bf265839-605b-3f16-9796-c5ba1605619e has been successfully formatted.
2021-07-28 08:36:56,585 [pool-514-thread-1] INFO  server.RaftServerConfigKeys (ConfUtils.java:logGet(44)) - raft.server.notification.no-leader.timeout = 120s (custom)
2021-07-28 08:36:56,585 [pool-514-thread-1] INFO  server.RaftServerConfigKeys (ConfUtils.java:logGet(44)) - raft.server.log.use.memory = false (default)
2021-07-28 08:36:56,585 [pool-514-thread-1] INFO  server.RaftServerConfigKeys (ConfUtils.java:logGet(44)) - raft.server.log.purge.gap = 1000000 (custom)
2021-07-28 08:36:56,585 [pool-514-thread-1] INFO  server.RaftServerConfigKeys (ConfUtils.java:logGet(44)) - raft.server.log.appender.buffer.byte-limit = 33554432 (custom)
2021-07-28 08:36:56,586 [pool-514-thread-1] INFO  server.RaftServerConfigKeys (ConfUtils.java:logGet(44)) - raft.server.log.segment.size.max = 4194304 (custom)
2021-07-28 08:36:56,586 [pool-514-thread-1] INFO  server.RaftServerConfigKeys (ConfUtils.java:logGet(44)) - raft.server.log.segment.cache.num.max = 2 (custom)
2021-07-28 08:36:56,586 [pool-514-thread-1] INFO  server.RaftServerConfigKeys (ConfUtils.java:logGet(44)) - raft.server.log.segment.cache.size.max = 200MB (=209715200) (default)
2021-07-28 08:36:56,586 [pool-514-thread-1] INFO  segmented.SegmentedRaftLogWorker (SegmentedRaftLogWorker.java:<init>(182)) - new om1@group-C5BA1605619E-SegmentedRaftLogWorker for RaftStorageImpl:Storage Directory /home/runner/work/ozone/ozone/mnt/ozone/hadoop-ozone/integration-test/target/test-dir/MiniOzoneClusterImpl-7b7c0b8f-b3d8-4fbb-9550-cea541527f6c/ozone-meta/ratis/bf265839-605b-3f16-9796-c5ba1605619e
2021-07-28 08:36:56,586 [pool-514-thread-1] INFO  server.RaftServerConfigKeys (ConfUtils.java:logGet(44)) - raft.server.log.queue.byte-limit = 64MB (=67108864) (default)
2021-07-28 08:36:56,586 [pool-514-thread-1] INFO  server.RaftServerConfigKeys (ConfUtils.java:logGet(44)) - raft.server.log.queue.element-limit = 4096 (default)
2021-07-28 08:36:56,586 [pool-514-thread-1] INFO  server.RaftServerConfigKeys (ConfUtils.java:logGet(44)) - raft.server.log.segment.size.max = 4194304 (custom)
2021-07-28 08:36:56,586 [pool-514-thread-1] INFO  server.RaftServerConfigKeys (ConfUtils.java:logGet(44)) - raft.server.log.preallocated.size = 4194304 (custom)
2021-07-28 08:36:56,586 [pool-514-thread-1] INFO  server.RaftServerConfigKeys (ConfUtils.java:logGet(44)) - raft.server.log.force.sync.num = 128 (default)
2021-07-28 08:36:56,587 [pool-514-thread-1] INFO  server.RaftServerConfigKeys (ConfUtils.java:logGet(44)) - raft.server.log.statemachine.data.sync = true (default)
2021-07-28 08:36:56,587 [pool-514-thread-1] INFO  server.RaftServerConfigKeys (ConfUtils.java:logGet(44)) - raft.server.log.statemachine.data.sync.timeout = 10s (default)
2021-07-28 08:36:56,587 [pool-514-thread-1] INFO  server.RaftServerConfigKeys (ConfUtils.java:logGet(44)) - raft.server.log.statemachine.data.sync.timeout.retry = -1 (default)
2021-07-28 08:36:56,588 [pool-514-thread-1] INFO  server.RaftServerConfigKeys (ConfUtils.java:logGet(44)) - raft.server.log.write.buffer.size = 64KB (=65536) (default)
2021-07-28 08:36:56,588 [pool-514-thread-1] INFO  server.RaftServerConfigKeys (ConfUtils.java:logGet(44)) - raft.server.log.statemachine.data.caching.enabled = false (default)
2021-07-28 08:36:56,588 [pool-514-thread-1] INFO  segmented.SegmentedRaftLogWorker (SegmentedRaftLogWorker.java:lambda$new$0(133)) - om1@group-C5BA1605619E-SegmentedRaftLogWorker: flushIndex: setUnconditionally 0 -> -1
2021-07-28 08:36:56,588 [pool-514-thread-1] INFO  segmented.SegmentedRaftLogWorker (SegmentedRaftLogWorker.java:lambda$new$0(133)) - om1@group-C5BA1605619E-SegmentedRaftLogWorker: safeCacheEvictIndex: setUnconditionally 0 -> -1
2021-07-28 08:36:56,588 [pool-514-thread-1] INFO  server.RaftServerConfigKeys (ConfUtils.java:logGet(44)) - raft.server.snapshot.auto.trigger.enabled = true (custom)
2021-07-28 08:36:56,588 [pool-514-thread-1] INFO  server.RaftServerConfigKeys (ConfUtils.java:logGet(44)) - raft.server.snapshot.auto.trigger.threshold = 400000 (default)
2021-07-28 08:36:56,588 [pool-514-thread-1] INFO  server.RaftServerConfigKeys (ConfUtils.java:logGet(44)) - raft.server.snapshot.retention.file.num = -1 (default)
2021-07-28 08:36:56,588 [pool-514-thread-1] INFO  server.RaftServerConfigKeys (ConfUtils.java:logGet(44)) - raft.server.log.purge.upto.snapshot.index = true (custom)
2021-07-28 08:36:56,588 [pool-514-thread-1] INFO  server.RaftServerConfigKeys (ConfUtils.java:logGet(44)) - raft.server.retrycache.expirytime = 300s (custom)
2021-07-28 08:36:56,588 [pool-514-thread-1] INFO  server.RaftServerConfigKeys (ConfUtils.java:logGet(44)) - raft.server.retrycache.statistics.expirytime = 100μs (default)
2021-07-28 08:36:56,601 [Listener at 127.0.0.1/42363] INFO  om.OzoneManager (OzoneManager.java:initFSOLayout(4290)) - Configured ozone.om.metadata.layout=SIMPLE and disabled optimized OM FS operations
2021-07-28 08:36:56,602 [Listener at 127.0.0.1/42363] INFO  impl.MetricsSystemImpl (MetricsSystemImpl.java:init(158)) - OzoneManager metrics system started (again)
2021-07-28 08:36:56,616 [Listener at 127.0.0.1/42363] INFO  om.OzoneManager (OzoneManager.java:start(1239)) - OzoneManager RPC server is listening at localhost/127.0.0.1:42363
2021-07-28 08:36:56,616 [Listener at 127.0.0.1/42363] INFO  ratis.OzoneManagerRatisServer (OzoneManagerRatisServer.java:start(516)) - Starting OzoneManagerRatisServer om1 at port 9872
2021-07-28 08:36:56,616 [Listener at 127.0.0.1/42363] INFO  server.RaftServer$Division (RaftServerImpl.java:start(296)) - om1@group-C5BA1605619E: start as a follower, conf=-1: [om1|rpc:localhost:9872|priority:0], old=null
2021-07-28 08:36:56,616 [Listener at 127.0.0.1/42363] INFO  server.RaftServer$Division (RaftServerImpl.java:setRole(285)) - om1@group-C5BA1605619E: changes role from      null to FOLLOWER at term 0 for startAsFollower
2021-07-28 08:36:56,617 [Listener at 127.0.0.1/42363] INFO  impl.RoleInfo (RoleInfo.java:updateAndGet(130)) - om1: start om1@group-C5BA1605619E-FollowerState
2021-07-28 08:36:56,617 [Listener at 127.0.0.1/42363] INFO  util.JmxRegister (JmxRegister.java:tryRegister(44)) - Successfully registered JMX Bean with object name Ratis:service=RaftServer,group=group-C5BA1605619E,id=om1
2021-07-28 08:36:56,618 [Listener at 127.0.0.1/42363] INFO  server.RaftServer (RaftServerProxy.java:lambda$start$5(374)) - om1: start RPC server
2021-07-28 08:36:56,618 [Listener at 127.0.0.1/42363] INFO  server.GrpcService (GrpcService.java:startImpl(253)) - om1: GrpcService started, listening on 9872
2021-07-28 08:36:56,619 [Listener at 127.0.0.1/42363] INFO  om.OzoneManager (OzoneManager.java:start(1257)) - Version File has different layout version (0) than OM DB (null). That is expected if this OM has never been finalized to a newer layout version.
2021-07-28 08:36:56,619 [org.apache.ratis.util.JvmPauseMonitor$$Lambda$526/290161071@28fb4ee9] INFO  util.JvmPauseMonitor (JvmPauseMonitor.java:run(103)) - JvmPauseMonitor-om1: Started
2021-07-28 08:36:56,621 [Listener at 127.0.0.1/42363] INFO  http.BaseHttpServer (BaseHttpServer.java:newHttpServer2BuilderForOzone(209)) - Starting Web-server for ozoneManager at: http://0.0.0.0:0
2021-07-28 08:36:56,621 [Listener at 127.0.0.1/42363] INFO  http.BaseHttpServer (BaseHttpServer.java:<init>(107)) - Hadoop Security Enabled: false Ozone Security Enabled: false Ozone HTTP Security Enabled: false 
2021-07-28 08:36:56,622 [Listener at 127.0.0.1/42363] INFO  server.AuthenticationFilter (AuthenticationFilter.java:constructSecretProvider(240)) - Unable to initialize FileSignerSecretProvider, falling back to use random secrets.
2021-07-28 08:36:56,624 [Listener at 127.0.0.1/42363] WARN  http.HttpRequestLog (HttpRequestLog.java:getRequestLog(103)) - Jetty request log can only be enabled using Log4j
2021-07-28 08:36:56,625 [Listener at 127.0.0.1/42363] INFO  http.HttpServer2 (HttpServer2.java:addGlobalFilter(1020)) - Added global filter 'safety' (class=org.apache.hadoop.hdds.server.http.HttpServer2$QuotingInputFilter)
2021-07-28 08:36:56,625 [Listener at 127.0.0.1/42363] INFO  http.HttpServer2 (HttpServer2.java:addFilter(996)) - Added filter static_user_filter (class=org.apache.hadoop.http.lib.StaticUserWebFilter$StaticUserFilter) to context ozoneManager
2021-07-28 08:36:56,626 [Listener at 127.0.0.1/42363] INFO  http.HttpServer2 (HttpServer2.java:addFilter(1004)) - Added filter static_user_filter (class=org.apache.hadoop.http.lib.StaticUserWebFilter$StaticUserFilter) to context static
2021-07-28 08:36:56,626 [Listener at 127.0.0.1/42363] INFO  http.HttpServer2 (HttpServer2.java:addFilter(1004)) - Added filter static_user_filter (class=org.apache.hadoop.http.lib.StaticUserWebFilter$StaticUserFilter) to context logs
2021-07-28 08:36:56,626 [Listener at 127.0.0.1/42363] INFO  http.HttpServer2 (HttpServer2.java:bindListener(1239)) - Jetty bound to port 38051
2021-07-28 08:36:56,626 [Listener at 127.0.0.1/42363] INFO  server.Server (Server.java:doStart(375)) - jetty-9.4.35.v20201120; built: 2020-11-20T21:17:03.964Z; git: bdc54f03a5e0a7e280fab27f55c3c75ee8da89fb; jvm 1.8.0_292-b10
2021-07-28 08:36:56,627 [Listener at 127.0.0.1/42363] INFO  server.session (DefaultSessionIdManager.java:doStart(334)) - DefaultSessionIdManager workerName=node0
2021-07-28 08:36:56,628 [Listener at 127.0.0.1/42363] INFO  server.session (DefaultSessionIdManager.java:doStart(339)) - No SessionScavenger set, using defaults
2021-07-28 08:36:56,628 [Listener at 127.0.0.1/42363] INFO  server.session (HouseKeeper.java:startScavenging(132)) - node0 Scavenging every 660000ms
2021-07-28 08:36:56,628 [Listener at 127.0.0.1/42363] INFO  handler.ContextHandler (ContextHandler.java:doStart(916)) - Started o.e.j.s.ServletContextHandler@248984c1{logs,/logs,file:///home/runner/work/ozone/ozone/mnt/ozone/hadoop-ozone/integration-test/target/log,AVAILABLE}
2021-07-28 08:36:56,629 [Listener at 127.0.0.1/42363] INFO  handler.ContextHandler (ContextHandler.java:doStart(916)) - Started o.e.j.s.ServletContextHandler@222178f2{static,/static,file:///home/runner/work/ozone/ozone/mnt/ozone/hadoop-ozone/integration-test/target/test-classes/webapps/static,AVAILABLE}
2021-07-28 08:36:56,632 [Listener at 127.0.0.1/42363] INFO  handler.ContextHandler (ContextHandler.java:doStart(916)) - Started o.e.j.w.WebAppContext@289fda20{ozoneManager,/,file:///home/runner/work/ozone/ozone/mnt/ozone/hadoop-ozone/integration-test/target/test-classes/webapps/ozoneManager/,AVAILABLE}{file:/home/runner/work/ozone/ozone/mnt/ozone/hadoop-ozone/integration-test/target/test-classes/webapps/ozoneManager}
2021-07-28 08:36:56,635 [Listener at 127.0.0.1/42363] INFO  server.AbstractConnector (AbstractConnector.java:doStart(331)) - Started ServerConnector@7db2b057{HTTP/1.1, (http/1.1)}{0.0.0.0:38051}
2021-07-28 08:36:56,635 [Listener at 127.0.0.1/42363] INFO  server.Server (Server.java:doStart(415)) - Started @143169ms
2021-07-28 08:36:56,635 [Listener at 127.0.0.1/42363] WARN  impl.MetricsSystemImpl (MetricsSystemImpl.java:register(279)) - Sink prometheus already exists!
2021-07-28 08:36:56,636 [Listener at 127.0.0.1/42363] INFO  http.BaseHttpServer (BaseHttpServer.java:updateConnectorAddress(329)) - HTTP server of ozoneManager listening at http://0.0.0.0:38051
2021-07-28 08:36:56,637 [IPC Server Responder] INFO  ipc.Server (Server.java:run(1507)) - IPC Server Responder: starting
2021-07-28 08:36:56,641 [IPC Server listener on 0] INFO  ipc.Server (Server.java:run(1344)) - IPC Server listener on 0: starting
2021-07-28 08:36:56,647 [Listener at 127.0.0.1/42363] INFO  om.OzoneManager (OzoneManager.java:startTrashEmptier(1500)) - Trash Interval set to 0. Files deleted will not move to trash
2021-07-28 08:36:56,647 [org.apache.hadoop.util.JvmPauseMonitor$Monitor@2caceee0] INFO  util.JvmPauseMonitor (JvmPauseMonitor.java:run(188)) - Starting JVM pause monitor
2021-07-28 08:36:56,673 [Listener at 127.0.0.1/42363] WARN  impl.MetricRegistriesImpl (MetricRegistriesImpl.java:addReporterRegistration(111)) - New reporters are added after registries were created. Some metrics will be missing from the reporter. Please add reporter before adding any new registry.
2021-07-28 08:36:56,673 [Listener at 127.0.0.1/42363] WARN  impl.MetricRegistriesImpl (MetricRegistriesImpl.java:addReporterRegistration(111)) - New reporters are added after registries were created. Some metrics will be missing from the reporter. Please add reporter before adding any new registry.
2021-07-28 08:36:56,674 [Listener at 127.0.0.1/42363] INFO  impl.MetricsSystemImpl (MetricsSystemImpl.java:init(158)) - HddsDatanode metrics system started (again)
2021-07-28 08:36:56,688 [Listener at 127.0.0.1/42363] INFO  ozone.HddsDatanodeService (HddsDatanodeService.java:start(234)) - HddsDatanodeService host:fv-az122-844.zf1tlrj3kn4expqppa1j4mpycf.xx.internal.cloudapp.net ip:10.1.0.59
2021-07-28 08:36:56,716 [Listener at 127.0.0.1/42363] INFO  upgrade.AbstractLayoutVersionManager (AbstractLayoutVersionManager.java:init(70)) - Initializing Layout version manager with metadata layout = SCM_HA (version = 2), software layout = SCM_HA (version = 2)
2021-07-28 08:36:56,755 [Listener at 127.0.0.1/42363] INFO  reflections.Reflections (Reflections.java:scan(232)) - Reflections took 38 ms to scan 7 urls, producing 120 keys and 273 values 
2021-07-28 08:36:56,757 [Listener at 127.0.0.1/42363] INFO  volume.HddsVolume (HddsVolume.java:<init>(120)) - Creating HddsVolume: /home/runner/work/ozone/ozone/mnt/ozone/hadoop-ozone/integration-test/target/test-dir/MiniOzoneClusterImpl-7b7c0b8f-b3d8-4fbb-9550-cea541527f6c/datanode-0/data-0/containers/hdds of storage type : DISK capacity : 9223372036854775807
2021-07-28 08:36:56,758 [Listener at 127.0.0.1/42363] INFO  volume.MutableVolumeSet (MutableVolumeSet.java:initializeVolumeSet(181)) - Added Volume : /home/runner/work/ozone/ozone/mnt/ozone/hadoop-ozone/integration-test/target/test-dir/MiniOzoneClusterImpl-7b7c0b8f-b3d8-4fbb-9550-cea541527f6c/datanode-0/data-0/containers/hdds to VolumeSet
2021-07-28 08:36:56,758 [Listener at 127.0.0.1/42363] INFO  volume.ThrottledAsyncChecker (ThrottledAsyncChecker.java:schedule(141)) - Scheduling a check for /home/runner/work/ozone/ozone/mnt/ozone/hadoop-ozone/integration-test/target/test-dir/MiniOzoneClusterImpl-7b7c0b8f-b3d8-4fbb-9550-cea541527f6c/datanode-0/data-0/containers/hdds
2021-07-28 08:36:56,758 [Listener at 127.0.0.1/42363] INFO  volume.StorageVolumeChecker (StorageVolumeChecker.java:checkAllVolumes(202)) - Scheduled health check for volume /home/runner/work/ozone/ozone/mnt/ozone/hadoop-ozone/integration-test/target/test-dir/MiniOzoneClusterImpl-7b7c0b8f-b3d8-4fbb-9550-cea541527f6c/datanode-0/data-0/containers/hdds
2021-07-28 08:36:56,773 [Listener at 127.0.0.1/42363] INFO  volume.MutableVolumeSet (MutableVolumeSet.java:initializeVolumeSet(181)) - Added Volume : /home/runner/work/ozone/ozone/mnt/ozone/hadoop-ozone/integration-test/target/test-dir/MiniOzoneClusterImpl-7b7c0b8f-b3d8-4fbb-9550-cea541527f6c/datanode-0/data/ratis to VolumeSet
2021-07-28 08:36:56,774 [Listener at 127.0.0.1/42363] INFO  volume.ThrottledAsyncChecker (ThrottledAsyncChecker.java:schedule(141)) - Scheduling a check for /home/runner/work/ozone/ozone/mnt/ozone/hadoop-ozone/integration-test/target/test-dir/MiniOzoneClusterImpl-7b7c0b8f-b3d8-4fbb-9550-cea541527f6c/datanode-0/data/ratis
2021-07-28 08:36:56,774 [Listener at 127.0.0.1/42363] INFO  volume.StorageVolumeChecker (StorageVolumeChecker.java:checkAllVolumes(202)) - Scheduled health check for volume /home/runner/work/ozone/ozone/mnt/ozone/hadoop-ozone/integration-test/target/test-dir/MiniOzoneClusterImpl-7b7c0b8f-b3d8-4fbb-9550-cea541527f6c/datanode-0/data/ratis
2021-07-28 08:36:56,787 [Listener at 127.0.0.1/42363] INFO  ozoneimpl.ContainerReader (ContainerReader.java:<init>(98)) - Running in upgrade mode:true
2021-07-28 08:36:56,789 [Thread-1229] INFO  ozoneimpl.ContainerReader (ContainerReader.java:readVolume(142)) - Start to verify containers on volume /home/runner/work/ozone/ozone/mnt/ozone/hadoop-ozone/integration-test/target/test-dir/MiniOzoneClusterImpl-7b7c0b8f-b3d8-4fbb-9550-cea541527f6c/datanode-0/data-0/containers/hdds
2021-07-28 08:36:56,789 [Thread-1229] INFO  ozoneimpl.ContainerReader (ContainerReader.java:readVolume(174)) - Finish verifying containers on volume /home/runner/work/ozone/ozone/mnt/ozone/hadoop-ozone/integration-test/target/test-dir/MiniOzoneClusterImpl-7b7c0b8f-b3d8-4fbb-9550-cea541527f6c/datanode-0/data-0/containers/hdds
2021-07-28 08:36:56,789 [Listener at 127.0.0.1/42363] INFO  ozoneimpl.OzoneContainer (OzoneContainer.java:buildContainerSet(237)) - Build ContainerSet costs 0s
2021-07-28 08:36:56,790 [Listener at 127.0.0.1/42363] INFO  server.RaftServer (ConfUtils.java:logGet(44)) - raft.rpc.type = GRPC (default)
2021-07-28 08:36:56,790 [Listener at 127.0.0.1/42363] INFO  grpc.GrpcFactory (GrpcFactory.java:checkPooledByteBufAllocatorUseCacheForAllThreads(48)) - PERFORMANCE WARNING: useCacheForAllThreads is true that may cause Netty to create a lot garbage objects and, as a result, trigger GC.
	It is recommended to disable useCacheForAllThreads by setting -Dorg.apache.ratis.thirdparty.io.netty.allocator.useCacheForAllThreads=false in command line.
2021-07-28 08:36:56,791 [Listener at 127.0.0.1/42363] INFO  grpc.GrpcConfigKeys (ConfUtils.java:logGet(44)) - raft.grpc.admin.port = 0 (custom)
2021-07-28 08:36:56,791 [Listener at 127.0.0.1/42363] INFO  grpc.GrpcConfigKeys (ConfUtils.java:logGet(44)) - raft.grpc.client.port = 0 (custom)
2021-07-28 08:36:56,791 [Listener at 127.0.0.1/42363] INFO  grpc.GrpcConfigKeys (ConfUtils.java:logGet(44)) - raft.grpc.server.port = 0 (default)
2021-07-28 08:36:56,791 [Listener at 127.0.0.1/42363] INFO  server.GrpcService (ConfUtils.java:logGet(44)) - raft.grpc.message.size.max = 32MB (=33554432) (custom)
2021-07-28 08:36:56,791 [Listener at 127.0.0.1/42363] INFO  server.RaftServerConfigKeys (ConfUtils.java:logGet(44)) - raft.server.log.appender.buffer.byte-limit = 33554432 (custom)
2021-07-28 08:36:56,791 [Listener at 127.0.0.1/42363] INFO  server.GrpcService (ConfUtils.java:logGet(44)) - raft.grpc.flow.control.window = 5MB (=5242880) (custom)
2021-07-28 08:36:56,791 [Listener at 127.0.0.1/42363] INFO  server.RaftServerConfigKeys (ConfUtils.java:logGet(44)) - raft.server.rpc.request.timeout = 3000ms (default)
2021-07-28 08:36:56,793 [Listener at 127.0.0.1/42363] INFO  impl.DataStreamServerImpl (ConfUtils.java:logGet(44)) - raft.datastream.type = DISABLED (default)
2021-07-28 08:36:56,793 [Listener at 127.0.0.1/42363] INFO  server.RaftServerConfigKeys (ConfUtils.java:logGet(44)) - raft.server.rpc.slowness.timeout = 300000ms (custom)
2021-07-28 08:36:56,793 [Listener at 127.0.0.1/42363] INFO  server.RaftServerConfigKeys (ConfUtils.java:logGet(44)) - raft.server.leaderelection.leader.step-down.wait-time = 10s (default)
2021-07-28 08:36:56,793 [Listener at 127.0.0.1/42363] INFO  server.RaftServerConfigKeys (ConfUtils.java:logGet(44)) - raft.server.storage.dir = [/home/runner/work/ozone/ozone/mnt/ozone/hadoop-ozone/integration-test/target/test-dir/MiniOzoneClusterImpl-7b7c0b8f-b3d8-4fbb-9550-cea541527f6c/datanode-0/data/ratis] (custom)
2021-07-28 08:36:56,796 [Listener at 127.0.0.1/42363] INFO  http.BaseHttpServer (BaseHttpServer.java:newHttpServer2BuilderForOzone(209)) - Starting Web-server for hddsDatanode at: http://0.0.0.0:0
2021-07-28 08:36:56,796 [Listener at 127.0.0.1/42363] INFO  http.BaseHttpServer (BaseHttpServer.java:<init>(107)) - Hadoop Security Enabled: false Ozone Security Enabled: false Ozone HTTP Security Enabled: false 
2021-07-28 08:36:56,797 [Listener at 127.0.0.1/42363] INFO  server.AuthenticationFilter (AuthenticationFilter.java:constructSecretProvider(240)) - Unable to initialize FileSignerSecretProvider, falling back to use random secrets.
2021-07-28 08:36:56,797 [Listener at 127.0.0.1/42363] WARN  http.HttpRequestLog (HttpRequestLog.java:getRequestLog(103)) - Jetty request log can only be enabled using Log4j
2021-07-28 08:36:56,798 [Listener at 127.0.0.1/42363] INFO  http.HttpServer2 (HttpServer2.java:addGlobalFilter(1020)) - Added global filter 'safety' (class=org.apache.hadoop.hdds.server.http.HttpServer2$QuotingInputFilter)
2021-07-28 08:36:56,798 [Listener at 127.0.0.1/42363] INFO  http.HttpServer2 (HttpServer2.java:addFilter(996)) - Added filter static_user_filter (class=org.apache.hadoop.http.lib.StaticUserWebFilter$StaticUserFilter) to context hddsDatanode
2021-07-28 08:36:56,799 [Listener at 127.0.0.1/42363] INFO  http.HttpServer2 (HttpServer2.java:addFilter(1004)) - Added filter static_user_filter (class=org.apache.hadoop.http.lib.StaticUserWebFilter$StaticUserFilter) to context static
2021-07-28 08:36:56,799 [Listener at 127.0.0.1/42363] INFO  http.HttpServer2 (HttpServer2.java:addFilter(1004)) - Added filter static_user_filter (class=org.apache.hadoop.http.lib.StaticUserWebFilter$StaticUserFilter) to context logs
2021-07-28 08:36:56,799 [Listener at 127.0.0.1/42363] INFO  http.HttpServer2 (HttpServer2.java:bindListener(1239)) - Jetty bound to port 37045
2021-07-28 08:36:56,799 [Listener at 127.0.0.1/42363] INFO  server.Server (Server.java:doStart(375)) - jetty-9.4.35.v20201120; built: 2020-11-20T21:17:03.964Z; git: bdc54f03a5e0a7e280fab27f55c3c75ee8da89fb; jvm 1.8.0_292-b10
2021-07-28 08:36:56,801 [Listener at 127.0.0.1/42363] INFO  server.session (DefaultSessionIdManager.java:doStart(334)) - DefaultSessionIdManager workerName=node0
2021-07-28 08:36:56,801 [Listener at 127.0.0.1/42363] INFO  server.session (DefaultSessionIdManager.java:doStart(339)) - No SessionScavenger set, using defaults
2021-07-28 08:36:56,801 [Listener at 127.0.0.1/42363] INFO  server.session (HouseKeeper.java:startScavenging(132)) - node0 Scavenging every 600000ms
2021-07-28 08:36:56,802 [Listener at 127.0.0.1/42363] INFO  handler.ContextHandler (ContextHandler.java:doStart(916)) - Started o.e.j.s.ServletContextHandler@2d7a83d0{logs,/logs,file:///home/runner/work/ozone/ozone/mnt/ozone/hadoop-ozone/integration-test/target/log,AVAILABLE}
2021-07-28 08:36:56,802 [Listener at 127.0.0.1/42363] INFO  handler.ContextHandler (ContextHandler.java:doStart(916)) - Started o.e.j.s.ServletContextHandler@7bd12465{static,/static,jar:file:/home/runner/.m2/repository/org/apache/ozone/hdds-container-service/1.2.0-SNAPSHOT/hdds-container-service-1.2.0-SNAPSHOT.jar!/webapps/static,AVAILABLE}
2021-07-28 08:36:56,846 [Listener at 127.0.0.1/42363] INFO  handler.ContextHandler (ContextHandler.java:doStart(916)) - Started o.e.j.w.WebAppContext@10faa55c{hddsDatanode,/,file:///tmp/jetty-0_0_0_0-37045-hdds-container-service-1_2_0-SNAPSHOT_jar-_-any-4389932381608523693/webapp/,AVAILABLE}{jar:file:/home/runner/.m2/repository/org/apache/ozone/hdds-container-service/1.2.0-SNAPSHOT/hdds-container-service-1.2.0-SNAPSHOT.jar!/webapps/hddsDatanode}
2021-07-28 08:36:56,847 [Listener at 127.0.0.1/42363] INFO  server.AbstractConnector (AbstractConnector.java:doStart(331)) - Started ServerConnector@76f099c0{HTTP/1.1, (http/1.1)}{0.0.0.0:37045}
2021-07-28 08:36:56,847 [Listener at 127.0.0.1/42363] INFO  server.Server (Server.java:doStart(415)) - Started @143381ms
2021-07-28 08:36:56,848 [Listener at 127.0.0.1/42363] WARN  impl.MetricsSystemImpl (MetricsSystemImpl.java:register(279)) - Sink prometheus already exists!
2021-07-28 08:36:56,849 [Listener at 127.0.0.1/42363] INFO  http.BaseHttpServer (BaseHttpServer.java:updateConnectorAddress(329)) - HTTP server of hddsDatanode listening at http://0.0.0.0:37045
2021-07-28 08:36:56,851 [Listener at 127.0.0.1/42363] WARN  impl.MetricRegistriesImpl (MetricRegistriesImpl.java:addReporterRegistration(111)) - New reporters are added after registries were created. Some metrics will be missing from the reporter. Please add reporter before adding any new registry.
2021-07-28 08:36:56,852 [Listener at 127.0.0.1/42363] WARN  impl.MetricRegistriesImpl (MetricRegistriesImpl.java:addReporterRegistration(111)) - New reporters are added after registries were created. Some metrics will be missing from the reporter. Please add reporter before adding any new registry.
2021-07-28 08:36:56,852 [Listener at 127.0.0.1/42363] INFO  impl.MetricsSystemImpl (MetricsSystemImpl.java:init(158)) - HddsDatanode metrics system started (again)
2021-07-28 08:36:56,866 [Listener at 127.0.0.1/42363] INFO  ozone.HddsDatanodeService (HddsDatanodeService.java:start(234)) - HddsDatanodeService host:fv-az122-844.zf1tlrj3kn4expqppa1j4mpycf.xx.internal.cloudapp.net ip:10.1.0.59
2021-07-28 08:36:56,866 [org.apache.hadoop.util.JvmPauseMonitor$Monitor@451b2e25] INFO  util.JvmPauseMonitor (JvmPauseMonitor.java:run(188)) - Starting JVM pause monitor
2021-07-28 08:36:56,868 [Datanode State Machine Task Thread - 0] INFO  datanode.InitDatanodeState (InitDatanodeState.java:persistContainerDatanodeDetails(145)) - DatanodeDetails is persisted to /home/runner/work/ozone/ozone/mnt/ozone/hadoop-ozone/integration-test/target/test-dir/MiniOzoneClusterImpl-7b7c0b8f-b3d8-4fbb-9550-cea541527f6c/datanode-0/meta/datanode.id
2021-07-28 08:36:56,888 [Listener at 127.0.0.1/42363] INFO  upgrade.AbstractLayoutVersionManager (AbstractLayoutVersionManager.java:init(70)) - Initializing Layout version manager with metadata layout = SCM_HA (version = 2), software layout = SCM_HA (version = 2)
2021-07-28 08:36:56,926 [Listener at 127.0.0.1/42363] INFO  reflections.Reflections (Reflections.java:scan(232)) - Reflections took 37 ms to scan 7 urls, producing 120 keys and 273 values 
2021-07-28 08:36:56,930 [Listener at 127.0.0.1/42363] INFO  volume.HddsVolume (HddsVolume.java:<init>(120)) - Creating HddsVolume: /home/runner/work/ozone/ozone/mnt/ozone/hadoop-ozone/integration-test/target/test-dir/MiniOzoneClusterImpl-7b7c0b8f-b3d8-4fbb-9550-cea541527f6c/datanode-1/data-0/containers/hdds of storage type : DISK capacity : 9223372036854775807
2021-07-28 08:36:56,930 [Listener at 127.0.0.1/42363] INFO  volume.MutableVolumeSet (MutableVolumeSet.java:initializeVolumeSet(181)) - Added Volume : /home/runner/work/ozone/ozone/mnt/ozone/hadoop-ozone/integration-test/target/test-dir/MiniOzoneClusterImpl-7b7c0b8f-b3d8-4fbb-9550-cea541527f6c/datanode-1/data-0/containers/hdds to VolumeSet
2021-07-28 08:36:56,930 [Listener at 127.0.0.1/42363] INFO  volume.ThrottledAsyncChecker (ThrottledAsyncChecker.java:schedule(141)) - Scheduling a check for /home/runner/work/ozone/ozone/mnt/ozone/hadoop-ozone/integration-test/target/test-dir/MiniOzoneClusterImpl-7b7c0b8f-b3d8-4fbb-9550-cea541527f6c/datanode-1/data-0/containers/hdds
2021-07-28 08:36:56,931 [Listener at 127.0.0.1/42363] INFO  volume.StorageVolumeChecker (StorageVolumeChecker.java:checkAllVolumes(202)) - Scheduled health check for volume /home/runner/work/ozone/ozone/mnt/ozone/hadoop-ozone/integration-test/target/test-dir/MiniOzoneClusterImpl-7b7c0b8f-b3d8-4fbb-9550-cea541527f6c/datanode-1/data-0/containers/hdds
2021-07-28 08:36:56,945 [Listener at 127.0.0.1/42363] INFO  volume.MutableVolumeSet (MutableVolumeSet.java:initializeVolumeSet(181)) - Added Volume : /home/runner/work/ozone/ozone/mnt/ozone/hadoop-ozone/integration-test/target/test-dir/MiniOzoneClusterImpl-7b7c0b8f-b3d8-4fbb-9550-cea541527f6c/datanode-1/data/ratis to VolumeSet
2021-07-28 08:36:56,945 [Listener at 127.0.0.1/42363] INFO  volume.ThrottledAsyncChecker (ThrottledAsyncChecker.java:schedule(141)) - Scheduling a check for /home/runner/work/ozone/ozone/mnt/ozone/hadoop-ozone/integration-test/target/test-dir/MiniOzoneClusterImpl-7b7c0b8f-b3d8-4fbb-9550-cea541527f6c/datanode-1/data/ratis
2021-07-28 08:36:56,945 [Listener at 127.0.0.1/42363] INFO  volume.StorageVolumeChecker (StorageVolumeChecker.java:checkAllVolumes(202)) - Scheduled health check for volume /home/runner/work/ozone/ozone/mnt/ozone/hadoop-ozone/integration-test/target/test-dir/MiniOzoneClusterImpl-7b7c0b8f-b3d8-4fbb-9550-cea541527f6c/datanode-1/data/ratis
2021-07-28 08:36:56,958 [Listener at 127.0.0.1/42363] INFO  ozoneimpl.ContainerReader (ContainerReader.java:<init>(98)) - Running in upgrade mode:true
2021-07-28 08:36:56,959 [Thread-1240] INFO  ozoneimpl.ContainerReader (ContainerReader.java:readVolume(142)) - Start to verify containers on volume /home/runner/work/ozone/ozone/mnt/ozone/hadoop-ozone/integration-test/target/test-dir/MiniOzoneClusterImpl-7b7c0b8f-b3d8-4fbb-9550-cea541527f6c/datanode-1/data-0/containers/hdds
2021-07-28 08:36:56,959 [Thread-1240] INFO  ozoneimpl.ContainerReader (ContainerReader.java:readVolume(174)) - Finish verifying containers on volume /home/runner/work/ozone/ozone/mnt/ozone/hadoop-ozone/integration-test/target/test-dir/MiniOzoneClusterImpl-7b7c0b8f-b3d8-4fbb-9550-cea541527f6c/datanode-1/data-0/containers/hdds
2021-07-28 08:36:56,959 [Listener at 127.0.0.1/42363] INFO  ozoneimpl.OzoneContainer (OzoneContainer.java:buildContainerSet(237)) - Build ContainerSet costs 0s
2021-07-28 08:36:56,960 [Listener at 127.0.0.1/42363] INFO  server.RaftServer (ConfUtils.java:logGet(44)) - raft.rpc.type = GRPC (default)
2021-07-28 08:36:56,961 [Listener at 127.0.0.1/42363] INFO  grpc.GrpcFactory (GrpcFactory.java:checkPooledByteBufAllocatorUseCacheForAllThreads(48)) - PERFORMANCE WARNING: useCacheForAllThreads is true that may cause Netty to create a lot garbage objects and, as a result, trigger GC.
	It is recommended to disable useCacheForAllThreads by setting -Dorg.apache.ratis.thirdparty.io.netty.allocator.useCacheForAllThreads=false in command line.
2021-07-28 08:36:56,961 [Listener at 127.0.0.1/42363] INFO  grpc.GrpcConfigKeys (ConfUtils.java:logGet(44)) - raft.grpc.admin.port = 0 (custom)
2021-07-28 08:36:56,961 [Listener at 127.0.0.1/42363] INFO  grpc.GrpcConfigKeys (ConfUtils.java:logGet(44)) - raft.grpc.client.port = 0 (custom)
2021-07-28 08:36:56,961 [Listener at 127.0.0.1/42363] INFO  grpc.GrpcConfigKeys (ConfUtils.java:logGet(44)) - raft.grpc.server.port = 0 (default)
2021-07-28 08:36:56,961 [Listener at 127.0.0.1/42363] INFO  server.GrpcService (ConfUtils.java:logGet(44)) - raft.grpc.message.size.max = 32MB (=33554432) (custom)
2021-07-28 08:36:56,961 [Listener at 127.0.0.1/42363] INFO  server.RaftServerConfigKeys (ConfUtils.java:logGet(44)) - raft.server.log.appender.buffer.byte-limit = 33554432 (custom)
2021-07-28 08:36:56,962 [Listener at 127.0.0.1/42363] INFO  server.GrpcService (ConfUtils.java:logGet(44)) - raft.grpc.flow.control.window = 5MB (=5242880) (custom)
2021-07-28 08:36:56,962 [Listener at 127.0.0.1/42363] INFO  server.RaftServerConfigKeys (ConfUtils.java:logGet(44)) - raft.server.rpc.request.timeout = 3000ms (default)
2021-07-28 08:36:56,963 [Listener at 127.0.0.1/42363] INFO  impl.DataStreamServerImpl (ConfUtils.java:logGet(44)) - raft.datastream.type = DISABLED (default)
2021-07-28 08:36:56,963 [Listener at 127.0.0.1/42363] INFO  server.RaftServerConfigKeys (ConfUtils.java:logGet(44)) - raft.server.rpc.slowness.timeout = 300000ms (custom)
2021-07-28 08:36:56,963 [Listener at 127.0.0.1/42363] INFO  server.RaftServerConfigKeys (ConfUtils.java:logGet(44)) - raft.server.leaderelection.leader.step-down.wait-time = 10s (default)
2021-07-28 08:36:56,964 [Listener at 127.0.0.1/42363] INFO  server.RaftServerConfigKeys (ConfUtils.java:logGet(44)) - raft.server.storage.dir = [/home/runner/work/ozone/ozone/mnt/ozone/hadoop-ozone/integration-test/target/test-dir/MiniOzoneClusterImpl-7b7c0b8f-b3d8-4fbb-9550-cea541527f6c/datanode-1/data/ratis] (custom)
2021-07-28 08:36:56,967 [Listener at 127.0.0.1/42363] INFO  http.BaseHttpServer (BaseHttpServer.java:newHttpServer2BuilderForOzone(209)) - Starting Web-server for hddsDatanode at: http://0.0.0.0:0
2021-07-28 08:36:56,967 [Listener at 127.0.0.1/42363] INFO  http.BaseHttpServer (BaseHttpServer.java:<init>(107)) - Hadoop Security Enabled: false Ozone Security Enabled: false Ozone HTTP Security Enabled: false 
2021-07-28 08:36:56,968 [Listener at 127.0.0.1/42363] INFO  server.AuthenticationFilter (AuthenticationFilter.java:constructSecretProvider(240)) - Unable to initialize FileSignerSecretProvider, falling back to use random secrets.
2021-07-28 08:36:56,968 [Listener at 127.0.0.1/42363] WARN  http.HttpRequestLog (HttpRequestLog.java:getRequestLog(103)) - Jetty request log can only be enabled using Log4j
2021-07-28 08:36:56,969 [Listener at 127.0.0.1/42363] INFO  http.HttpServer2 (HttpServer2.java:addGlobalFilter(1020)) - Added global filter 'safety' (class=org.apache.hadoop.hdds.server.http.HttpServer2$QuotingInputFilter)
2021-07-28 08:36:56,969 [Listener at 127.0.0.1/42363] INFO  http.HttpServer2 (HttpServer2.java:addFilter(996)) - Added filter static_user_filter (class=org.apache.hadoop.http.lib.StaticUserWebFilter$StaticUserFilter) to context hddsDatanode
2021-07-28 08:36:56,969 [Listener at 127.0.0.1/42363] INFO  http.HttpServer2 (HttpServer2.java:addFilter(1004)) - Added filter static_user_filter (class=org.apache.hadoop.http.lib.StaticUserWebFilter$StaticUserFilter) to context static
2021-07-28 08:36:56,970 [Listener at 127.0.0.1/42363] INFO  http.HttpServer2 (HttpServer2.java:addFilter(1004)) - Added filter static_user_filter (class=org.apache.hadoop.http.lib.StaticUserWebFilter$StaticUserFilter) to context logs
2021-07-28 08:36:56,970 [Listener at 127.0.0.1/42363] INFO  http.HttpServer2 (HttpServer2.java:bindListener(1239)) - Jetty bound to port 42645
2021-07-28 08:36:56,970 [Listener at 127.0.0.1/42363] INFO  server.Server (Server.java:doStart(375)) - jetty-9.4.35.v20201120; built: 2020-11-20T21:17:03.964Z; git: bdc54f03a5e0a7e280fab27f55c3c75ee8da89fb; jvm 1.8.0_292-b10
2021-07-28 08:36:56,972 [Listener at 127.0.0.1/42363] INFO  server.session (DefaultSessionIdManager.java:doStart(334)) - DefaultSessionIdManager workerName=node0
2021-07-28 08:36:56,972 [Listener at 127.0.0.1/42363] INFO  server.session (DefaultSessionIdManager.java:doStart(339)) - No SessionScavenger set, using defaults
2021-07-28 08:36:56,972 [Listener at 127.0.0.1/42363] INFO  server.session (HouseKeeper.java:startScavenging(132)) - node0 Scavenging every 660000ms
2021-07-28 08:36:56,973 [Listener at 127.0.0.1/42363] INFO  handler.ContextHandler (ContextHandler.java:doStart(916)) - Started o.e.j.s.ServletContextHandler@45d952a1{logs,/logs,file:///home/runner/work/ozone/ozone/mnt/ozone/hadoop-ozone/integration-test/target/log,AVAILABLE}
2021-07-28 08:36:56,974 [Listener at 127.0.0.1/42363] INFO  handler.ContextHandler (ContextHandler.java:doStart(916)) - Started o.e.j.s.ServletContextHandler@4e14a84{static,/static,jar:file:/home/runner/.m2/repository/org/apache/ozone/hdds-container-service/1.2.0-SNAPSHOT/hdds-container-service-1.2.0-SNAPSHOT.jar!/webapps/static,AVAILABLE}
2021-07-28 08:36:57,018 [Listener at 127.0.0.1/42363] INFO  handler.ContextHandler (ContextHandler.java:doStart(916)) - Started o.e.j.w.WebAppContext@6170aaf0{hddsDatanode,/,file:///tmp/jetty-0_0_0_0-42645-hdds-container-service-1_2_0-SNAPSHOT_jar-_-any-9197514235733060011/webapp/,AVAILABLE}{jar:file:/home/runner/.m2/repository/org/apache/ozone/hdds-container-service/1.2.0-SNAPSHOT/hdds-container-service-1.2.0-SNAPSHOT.jar!/webapps/hddsDatanode}
2021-07-28 08:36:57,019 [Listener at 127.0.0.1/42363] INFO  server.AbstractConnector (AbstractConnector.java:doStart(331)) - Started ServerConnector@d12aecb{HTTP/1.1, (http/1.1)}{0.0.0.0:42645}
2021-07-28 08:36:57,019 [Listener at 127.0.0.1/42363] INFO  server.Server (Server.java:doStart(415)) - Started @143553ms
2021-07-28 08:36:57,019 [Listener at 127.0.0.1/42363] WARN  impl.MetricsSystemImpl (MetricsSystemImpl.java:register(279)) - Sink prometheus already exists!
2021-07-28 08:36:57,020 [Listener at 127.0.0.1/42363] INFO  http.BaseHttpServer (BaseHttpServer.java:updateConnectorAddress(329)) - HTTP server of hddsDatanode listening at http://0.0.0.0:42645
2021-07-28 08:36:57,023 [Listener at 127.0.0.1/42363] WARN  impl.MetricRegistriesImpl (MetricRegistriesImpl.java:addReporterRegistration(111)) - New reporters are added after registries were created. Some metrics will be missing from the reporter. Please add reporter before adding any new registry.
2021-07-28 08:36:57,023 [Listener at 127.0.0.1/42363] WARN  impl.MetricRegistriesImpl (MetricRegistriesImpl.java:addReporterRegistration(111)) - New reporters are added after registries were created. Some metrics will be missing from the reporter. Please add reporter before adding any new registry.
2021-07-28 08:36:57,023 [Listener at 127.0.0.1/42363] INFO  impl.MetricsSystemImpl (MetricsSystemImpl.java:init(158)) - HddsDatanode metrics system started (again)
2021-07-28 08:36:57,039 [Listener at 127.0.0.1/42363] INFO  ozone.HddsDatanodeService (HddsDatanodeService.java:start(234)) - HddsDatanodeService host:fv-az122-844.zf1tlrj3kn4expqppa1j4mpycf.xx.internal.cloudapp.net ip:10.1.0.59
2021-07-28 08:36:57,040 [org.apache.hadoop.util.JvmPauseMonitor$Monitor@30f8e2d] INFO  util.JvmPauseMonitor (JvmPauseMonitor.java:run(188)) - Starting JVM pause monitor
2021-07-28 08:36:57,042 [Datanode State Machine Task Thread - 0] INFO  datanode.InitDatanodeState (InitDatanodeState.java:persistContainerDatanodeDetails(145)) - DatanodeDetails is persisted to /home/runner/work/ozone/ozone/mnt/ozone/hadoop-ozone/integration-test/target/test-dir/MiniOzoneClusterImpl-7b7c0b8f-b3d8-4fbb-9550-cea541527f6c/datanode-1/meta/datanode.id
2021-07-28 08:36:57,060 [Listener at 127.0.0.1/42363] INFO  upgrade.AbstractLayoutVersionManager (AbstractLayoutVersionManager.java:init(70)) - Initializing Layout version manager with metadata layout = SCM_HA (version = 2), software layout = SCM_HA (version = 2)
2021-07-28 08:36:57,107 [Listener at 127.0.0.1/42363] INFO  reflections.Reflections (Reflections.java:scan(232)) - Reflections took 46 ms to scan 7 urls, producing 120 keys and 273 values 
2021-07-28 08:36:57,117 [Listener at 127.0.0.1/42363] INFO  volume.HddsVolume (HddsVolume.java:<init>(120)) - Creating HddsVolume: /home/runner/work/ozone/ozone/mnt/ozone/hadoop-ozone/integration-test/target/test-dir/MiniOzoneClusterImpl-7b7c0b8f-b3d8-4fbb-9550-cea541527f6c/datanode-2/data-0/containers/hdds of storage type : DISK capacity : 9223372036854775807
2021-07-28 08:36:57,117 [Listener at 127.0.0.1/42363] INFO  volume.MutableVolumeSet (MutableVolumeSet.java:initializeVolumeSet(181)) - Added Volume : /home/runner/work/ozone/ozone/mnt/ozone/hadoop-ozone/integration-test/target/test-dir/MiniOzoneClusterImpl-7b7c0b8f-b3d8-4fbb-9550-cea541527f6c/datanode-2/data-0/containers/hdds to VolumeSet
2021-07-28 08:36:57,118 [Listener at 127.0.0.1/42363] INFO  volume.ThrottledAsyncChecker (ThrottledAsyncChecker.java:schedule(141)) - Scheduling a check for /home/runner/work/ozone/ozone/mnt/ozone/hadoop-ozone/integration-test/target/test-dir/MiniOzoneClusterImpl-7b7c0b8f-b3d8-4fbb-9550-cea541527f6c/datanode-2/data-0/containers/hdds
2021-07-28 08:36:57,118 [Listener at 127.0.0.1/42363] INFO  volume.StorageVolumeChecker (StorageVolumeChecker.java:checkAllVolumes(202)) - Scheduled health check for volume /home/runner/work/ozone/ozone/mnt/ozone/hadoop-ozone/integration-test/target/test-dir/MiniOzoneClusterImpl-7b7c0b8f-b3d8-4fbb-9550-cea541527f6c/datanode-2/data-0/containers/hdds
2021-07-28 08:36:57,133 [Listener at 127.0.0.1/42363] INFO  volume.MutableVolumeSet (MutableVolumeSet.java:initializeVolumeSet(181)) - Added Volume : /home/runner/work/ozone/ozone/mnt/ozone/hadoop-ozone/integration-test/target/test-dir/MiniOzoneClusterImpl-7b7c0b8f-b3d8-4fbb-9550-cea541527f6c/datanode-2/data/ratis to VolumeSet
2021-07-28 08:36:57,133 [Listener at 127.0.0.1/42363] INFO  volume.ThrottledAsyncChecker (ThrottledAsyncChecker.java:schedule(141)) - Scheduling a check for /home/runner/work/ozone/ozone/mnt/ozone/hadoop-ozone/integration-test/target/test-dir/MiniOzoneClusterImpl-7b7c0b8f-b3d8-4fbb-9550-cea541527f6c/datanode-2/data/ratis
2021-07-28 08:36:57,134 [Listener at 127.0.0.1/42363] INFO  volume.StorageVolumeChecker (StorageVolumeChecker.java:checkAllVolumes(202)) - Scheduled health check for volume /home/runner/work/ozone/ozone/mnt/ozone/hadoop-ozone/integration-test/target/test-dir/MiniOzoneClusterImpl-7b7c0b8f-b3d8-4fbb-9550-cea541527f6c/datanode-2/data/ratis
2021-07-28 08:36:57,147 [Listener at 127.0.0.1/42363] INFO  ozoneimpl.ContainerReader (ContainerReader.java:<init>(98)) - Running in upgrade mode:true
2021-07-28 08:36:57,148 [Thread-1251] INFO  ozoneimpl.ContainerReader (ContainerReader.java:readVolume(142)) - Start to verify containers on volume /home/runner/work/ozone/ozone/mnt/ozone/hadoop-ozone/integration-test/target/test-dir/MiniOzoneClusterImpl-7b7c0b8f-b3d8-4fbb-9550-cea541527f6c/datanode-2/data-0/containers/hdds
2021-07-28 08:36:57,148 [Thread-1251] INFO  ozoneimpl.ContainerReader (ContainerReader.java:readVolume(174)) - Finish verifying containers on volume /home/runner/work/ozone/ozone/mnt/ozone/hadoop-ozone/integration-test/target/test-dir/MiniOzoneClusterImpl-7b7c0b8f-b3d8-4fbb-9550-cea541527f6c/datanode-2/data-0/containers/hdds
2021-07-28 08:36:57,148 [Listener at 127.0.0.1/42363] INFO  ozoneimpl.OzoneContainer (OzoneContainer.java:buildContainerSet(237)) - Build ContainerSet costs 0s
2021-07-28 08:36:57,150 [Listener at 127.0.0.1/42363] INFO  server.RaftServer (ConfUtils.java:logGet(44)) - raft.rpc.type = GRPC (default)
2021-07-28 08:36:57,150 [Listener at 127.0.0.1/42363] INFO  grpc.GrpcFactory (GrpcFactory.java:checkPooledByteBufAllocatorUseCacheForAllThreads(48)) - PERFORMANCE WARNING: useCacheForAllThreads is true that may cause Netty to create a lot garbage objects and, as a result, trigger GC.
	It is recommended to disable useCacheForAllThreads by setting -Dorg.apache.ratis.thirdparty.io.netty.allocator.useCacheForAllThreads=false in command line.
2021-07-28 08:36:57,150 [Listener at 127.0.0.1/42363] INFO  grpc.GrpcConfigKeys (ConfUtils.java:logGet(44)) - raft.grpc.admin.port = 0 (custom)
2021-07-28 08:36:57,151 [Listener at 127.0.0.1/42363] INFO  grpc.GrpcConfigKeys (ConfUtils.java:logGet(44)) - raft.grpc.client.port = 0 (custom)
2021-07-28 08:36:57,151 [Listener at 127.0.0.1/42363] INFO  grpc.GrpcConfigKeys (ConfUtils.java:logGet(44)) - raft.grpc.server.port = 0 (default)
2021-07-28 08:36:57,151 [Listener at 127.0.0.1/42363] INFO  server.GrpcService (ConfUtils.java:logGet(44)) - raft.grpc.message.size.max = 32MB (=33554432) (custom)
2021-07-28 08:36:57,151 [Listener at 127.0.0.1/42363] INFO  server.RaftServerConfigKeys (ConfUtils.java:logGet(44)) - raft.server.log.appender.buffer.byte-limit = 33554432 (custom)
2021-07-28 08:36:57,151 [Listener at 127.0.0.1/42363] INFO  server.GrpcService (ConfUtils.java:logGet(44)) - raft.grpc.flow.control.window = 5MB (=5242880) (custom)
2021-07-28 08:36:57,151 [Listener at 127.0.0.1/42363] INFO  server.RaftServerConfigKeys (ConfUtils.java:logGet(44)) - raft.server.rpc.request.timeout = 3000ms (default)
2021-07-28 08:36:57,159 [Listener at 127.0.0.1/42363] INFO  impl.DataStreamServerImpl (ConfUtils.java:logGet(44)) - raft.datastream.type = DISABLED (default)
2021-07-28 08:36:57,159 [Listener at 127.0.0.1/42363] INFO  server.RaftServerConfigKeys (ConfUtils.java:logGet(44)) - raft.server.rpc.slowness.timeout = 300000ms (custom)
2021-07-28 08:36:57,159 [Listener at 127.0.0.1/42363] INFO  server.RaftServerConfigKeys (ConfUtils.java:logGet(44)) - raft.server.leaderelection.leader.step-down.wait-time = 10s (default)
2021-07-28 08:36:57,159 [Listener at 127.0.0.1/42363] INFO  server.RaftServerConfigKeys (ConfUtils.java:logGet(44)) - raft.server.storage.dir = [/home/runner/work/ozone/ozone/mnt/ozone/hadoop-ozone/integration-test/target/test-dir/MiniOzoneClusterImpl-7b7c0b8f-b3d8-4fbb-9550-cea541527f6c/datanode-2/data/ratis] (custom)
2021-07-28 08:36:57,162 [Listener at 127.0.0.1/42363] INFO  http.BaseHttpServer (BaseHttpServer.java:newHttpServer2BuilderForOzone(209)) - Starting Web-server for hddsDatanode at: http://0.0.0.0:0
2021-07-28 08:36:57,162 [Listener at 127.0.0.1/42363] INFO  http.BaseHttpServer (BaseHttpServer.java:<init>(107)) - Hadoop Security Enabled: false Ozone Security Enabled: false Ozone HTTP Security Enabled: false 
2021-07-28 08:36:57,163 [Listener at 127.0.0.1/42363] INFO  server.AuthenticationFilter (AuthenticationFilter.java:constructSecretProvider(240)) - Unable to initialize FileSignerSecretProvider, falling back to use random secrets.
2021-07-28 08:36:57,164 [Listener at 127.0.0.1/42363] WARN  http.HttpRequestLog (HttpRequestLog.java:getRequestLog(103)) - Jetty request log can only be enabled using Log4j
2021-07-28 08:36:57,167 [Listener at 127.0.0.1/42363] INFO  http.HttpServer2 (HttpServer2.java:addGlobalFilter(1020)) - Added global filter 'safety' (class=org.apache.hadoop.hdds.server.http.HttpServer2$QuotingInputFilter)
2021-07-28 08:36:57,167 [Listener at 127.0.0.1/42363] INFO  http.HttpServer2 (HttpServer2.java:addFilter(996)) - Added filter static_user_filter (class=org.apache.hadoop.http.lib.StaticUserWebFilter$StaticUserFilter) to context hddsDatanode
2021-07-28 08:36:57,167 [Listener at 127.0.0.1/42363] INFO  http.HttpServer2 (HttpServer2.java:addFilter(1004)) - Added filter static_user_filter (class=org.apache.hadoop.http.lib.StaticUserWebFilter$StaticUserFilter) to context static
2021-07-28 08:36:57,167 [Listener at 127.0.0.1/42363] INFO  http.HttpServer2 (HttpServer2.java:addFilter(1004)) - Added filter static_user_filter (class=org.apache.hadoop.http.lib.StaticUserWebFilter$StaticUserFilter) to context logs
2021-07-28 08:36:57,168 [Listener at 127.0.0.1/42363] INFO  http.HttpServer2 (HttpServer2.java:bindListener(1239)) - Jetty bound to port 43019
2021-07-28 08:36:57,168 [Listener at 127.0.0.1/42363] INFO  server.Server (Server.java:doStart(375)) - jetty-9.4.35.v20201120; built: 2020-11-20T21:17:03.964Z; git: bdc54f03a5e0a7e280fab27f55c3c75ee8da89fb; jvm 1.8.0_292-b10
2021-07-28 08:36:57,170 [Listener at 127.0.0.1/42363] INFO  server.session (DefaultSessionIdManager.java:doStart(334)) - DefaultSessionIdManager workerName=node0
2021-07-28 08:36:57,170 [Listener at 127.0.0.1/42363] INFO  server.session (DefaultSessionIdManager.java:doStart(339)) - No SessionScavenger set, using defaults
2021-07-28 08:36:57,170 [Listener at 127.0.0.1/42363] INFO  server.session (HouseKeeper.java:startScavenging(132)) - node0 Scavenging every 660000ms
2021-07-28 08:36:57,172 [Listener at 127.0.0.1/42363] INFO  handler.ContextHandler (ContextHandler.java:doStart(916)) - Started o.e.j.s.ServletContextHandler@48b0123a{logs,/logs,file:///home/runner/work/ozone/ozone/mnt/ozone/hadoop-ozone/integration-test/target/log,AVAILABLE}
2021-07-28 08:36:57,172 [Listener at 127.0.0.1/42363] INFO  handler.ContextHandler (ContextHandler.java:doStart(916)) - Started o.e.j.s.ServletContextHandler@6f942437{static,/static,jar:file:/home/runner/.m2/repository/org/apache/ozone/hdds-container-service/1.2.0-SNAPSHOT/hdds-container-service-1.2.0-SNAPSHOT.jar!/webapps/static,AVAILABLE}
2021-07-28 08:36:57,216 [Listener at 127.0.0.1/42363] INFO  handler.ContextHandler (ContextHandler.java:doStart(916)) - Started o.e.j.w.WebAppContext@3ae58b76{hddsDatanode,/,file:///tmp/jetty-0_0_0_0-43019-hdds-container-service-1_2_0-SNAPSHOT_jar-_-any-8636876311436287336/webapp/,AVAILABLE}{jar:file:/home/runner/.m2/repository/org/apache/ozone/hdds-container-service/1.2.0-SNAPSHOT/hdds-container-service-1.2.0-SNAPSHOT.jar!/webapps/hddsDatanode}
2021-07-28 08:36:57,217 [Listener at 127.0.0.1/42363] INFO  server.AbstractConnector (AbstractConnector.java:doStart(331)) - Started ServerConnector@7792e75e{HTTP/1.1, (http/1.1)}{0.0.0.0:43019}
2021-07-28 08:36:57,218 [Listener at 127.0.0.1/42363] INFO  server.Server (Server.java:doStart(415)) - Started @143751ms
2021-07-28 08:36:57,218 [Listener at 127.0.0.1/42363] WARN  impl.MetricsSystemImpl (MetricsSystemImpl.java:register(279)) - Sink prometheus already exists!
2021-07-28 08:36:57,219 [Listener at 127.0.0.1/42363] INFO  http.BaseHttpServer (BaseHttpServer.java:updateConnectorAddress(329)) - HTTP server of hddsDatanode listening at http://0.0.0.0:43019
2021-07-28 08:36:57,222 [Listener at 127.0.0.1/42363] WARN  impl.MetricRegistriesImpl (MetricRegistriesImpl.java:addReporterRegistration(111)) - New reporters are added after registries were created. Some metrics will be missing from the reporter. Please add reporter before adding any new registry.
2021-07-28 08:36:57,223 [Listener at 127.0.0.1/42363] WARN  impl.MetricRegistriesImpl (MetricRegistriesImpl.java:addReporterRegistration(111)) - New reporters are added after registries were created. Some metrics will be missing from the reporter. Please add reporter before adding any new registry.
2021-07-28 08:36:57,223 [Listener at 127.0.0.1/42363] INFO  impl.MetricsSystemImpl (MetricsSystemImpl.java:init(158)) - HddsDatanode metrics system started (again)
2021-07-28 08:36:57,232 [org.apache.hadoop.util.JvmPauseMonitor$Monitor@497b4e16] INFO  util.JvmPauseMonitor (JvmPauseMonitor.java:run(188)) - Starting JVM pause monitor
2021-07-28 08:36:57,234 [Datanode State Machine Task Thread - 0] INFO  datanode.InitDatanodeState (InitDatanodeState.java:persistContainerDatanodeDetails(145)) - DatanodeDetails is persisted to /home/runner/work/ozone/ozone/mnt/ozone/hadoop-ozone/integration-test/target/test-dir/MiniOzoneClusterImpl-7b7c0b8f-b3d8-4fbb-9550-cea541527f6c/datanode-2/meta/datanode.id
2021-07-28 08:36:57,239 [Listener at 127.0.0.1/42363] INFO  ozone.HddsDatanodeService (HddsDatanodeService.java:start(234)) - HddsDatanodeService host:fv-az122-844.zf1tlrj3kn4expqppa1j4mpycf.xx.internal.cloudapp.net ip:10.1.0.59
2021-07-28 08:36:57,261 [Listener at 127.0.0.1/42363] INFO  upgrade.AbstractLayoutVersionManager (AbstractLayoutVersionManager.java:init(70)) - Initializing Layout version manager with metadata layout = SCM_HA (version = 2), software layout = SCM_HA (version = 2)
2021-07-28 08:36:57,327 [Listener at 127.0.0.1/42363] INFO  reflections.Reflections (Reflections.java:scan(232)) - Reflections took 64 ms to scan 7 urls, producing 120 keys and 273 values 
2021-07-28 08:36:57,336 [Listener at 127.0.0.1/42363] INFO  volume.HddsVolume (HddsVolume.java:<init>(120)) - Creating HddsVolume: /home/runner/work/ozone/ozone/mnt/ozone/hadoop-ozone/integration-test/target/test-dir/MiniOzoneClusterImpl-7b7c0b8f-b3d8-4fbb-9550-cea541527f6c/datanode-3/data-0/containers/hdds of storage type : DISK capacity : 9223372036854775807
2021-07-28 08:36:57,337 [Listener at 127.0.0.1/42363] INFO  volume.MutableVolumeSet (MutableVolumeSet.java:initializeVolumeSet(181)) - Added Volume : /home/runner/work/ozone/ozone/mnt/ozone/hadoop-ozone/integration-test/target/test-dir/MiniOzoneClusterImpl-7b7c0b8f-b3d8-4fbb-9550-cea541527f6c/datanode-3/data-0/containers/hdds to VolumeSet
2021-07-28 08:36:57,337 [Listener at 127.0.0.1/42363] INFO  volume.ThrottledAsyncChecker (ThrottledAsyncChecker.java:schedule(141)) - Scheduling a check for /home/runner/work/ozone/ozone/mnt/ozone/hadoop-ozone/integration-test/target/test-dir/MiniOzoneClusterImpl-7b7c0b8f-b3d8-4fbb-9550-cea541527f6c/datanode-3/data-0/containers/hdds
2021-07-28 08:36:57,337 [Listener at 127.0.0.1/42363] INFO  volume.StorageVolumeChecker (StorageVolumeChecker.java:checkAllVolumes(202)) - Scheduled health check for volume /home/runner/work/ozone/ozone/mnt/ozone/hadoop-ozone/integration-test/target/test-dir/MiniOzoneClusterImpl-7b7c0b8f-b3d8-4fbb-9550-cea541527f6c/datanode-3/data-0/containers/hdds
2021-07-28 08:36:57,351 [Listener at 127.0.0.1/42363] INFO  volume.MutableVolumeSet (MutableVolumeSet.java:initializeVolumeSet(181)) - Added Volume : /home/runner/work/ozone/ozone/mnt/ozone/hadoop-ozone/integration-test/target/test-dir/MiniOzoneClusterImpl-7b7c0b8f-b3d8-4fbb-9550-cea541527f6c/datanode-3/data/ratis to VolumeSet
2021-07-28 08:36:57,351 [Listener at 127.0.0.1/42363] INFO  volume.ThrottledAsyncChecker (ThrottledAsyncChecker.java:schedule(141)) - Scheduling a check for /home/runner/work/ozone/ozone/mnt/ozone/hadoop-ozone/integration-test/target/test-dir/MiniOzoneClusterImpl-7b7c0b8f-b3d8-4fbb-9550-cea541527f6c/datanode-3/data/ratis
2021-07-28 08:36:57,351 [Listener at 127.0.0.1/42363] INFO  volume.StorageVolumeChecker (StorageVolumeChecker.java:checkAllVolumes(202)) - Scheduled health check for volume /home/runner/work/ozone/ozone/mnt/ozone/hadoop-ozone/integration-test/target/test-dir/MiniOzoneClusterImpl-7b7c0b8f-b3d8-4fbb-9550-cea541527f6c/datanode-3/data/ratis
2021-07-28 08:36:57,364 [Listener at 127.0.0.1/42363] INFO  ozoneimpl.ContainerReader (ContainerReader.java:<init>(98)) - Running in upgrade mode:true
2021-07-28 08:36:57,364 [Thread-1262] INFO  ozoneimpl.ContainerReader (ContainerReader.java:readVolume(142)) - Start to verify containers on volume /home/runner/work/ozone/ozone/mnt/ozone/hadoop-ozone/integration-test/target/test-dir/MiniOzoneClusterImpl-7b7c0b8f-b3d8-4fbb-9550-cea541527f6c/datanode-3/data-0/containers/hdds
2021-07-28 08:36:57,364 [Thread-1262] INFO  ozoneimpl.ContainerReader (ContainerReader.java:readVolume(174)) - Finish verifying containers on volume /home/runner/work/ozone/ozone/mnt/ozone/hadoop-ozone/integration-test/target/test-dir/MiniOzoneClusterImpl-7b7c0b8f-b3d8-4fbb-9550-cea541527f6c/datanode-3/data-0/containers/hdds
2021-07-28 08:36:57,365 [Listener at 127.0.0.1/42363] INFO  ozoneimpl.OzoneContainer (OzoneContainer.java:buildContainerSet(237)) - Build ContainerSet costs 0s
2021-07-28 08:36:57,366 [Listener at 127.0.0.1/42363] INFO  server.RaftServer (ConfUtils.java:logGet(44)) - raft.rpc.type = GRPC (default)
2021-07-28 08:36:57,366 [Listener at 127.0.0.1/42363] INFO  grpc.GrpcFactory (GrpcFactory.java:checkPooledByteBufAllocatorUseCacheForAllThreads(48)) - PERFORMANCE WARNING: useCacheForAllThreads is true that may cause Netty to create a lot garbage objects and, as a result, trigger GC.
	It is recommended to disable useCacheForAllThreads by setting -Dorg.apache.ratis.thirdparty.io.netty.allocator.useCacheForAllThreads=false in command line.
2021-07-28 08:36:57,367 [Listener at 127.0.0.1/42363] INFO  grpc.GrpcConfigKeys (ConfUtils.java:logGet(44)) - raft.grpc.admin.port = 0 (custom)
2021-07-28 08:36:57,367 [Listener at 127.0.0.1/42363] INFO  grpc.GrpcConfigKeys (ConfUtils.java:logGet(44)) - raft.grpc.client.port = 0 (custom)
2021-07-28 08:36:57,367 [Listener at 127.0.0.1/42363] INFO  grpc.GrpcConfigKeys (ConfUtils.java:logGet(44)) - raft.grpc.server.port = 0 (default)
2021-07-28 08:36:57,367 [Listener at 127.0.0.1/42363] INFO  server.GrpcService (ConfUtils.java:logGet(44)) - raft.grpc.message.size.max = 32MB (=33554432) (custom)
2021-07-28 08:36:57,367 [Listener at 127.0.0.1/42363] INFO  server.RaftServerConfigKeys (ConfUtils.java:logGet(44)) - raft.server.log.appender.buffer.byte-limit = 33554432 (custom)
2021-07-28 08:36:57,367 [Listener at 127.0.0.1/42363] INFO  server.GrpcService (ConfUtils.java:logGet(44)) - raft.grpc.flow.control.window = 5MB (=5242880) (custom)
2021-07-28 08:36:57,368 [Listener at 127.0.0.1/42363] INFO  server.RaftServerConfigKeys (ConfUtils.java:logGet(44)) - raft.server.rpc.request.timeout = 3000ms (default)
2021-07-28 08:36:57,369 [Listener at 127.0.0.1/42363] INFO  impl.DataStreamServerImpl (ConfUtils.java:logGet(44)) - raft.datastream.type = DISABLED (default)
2021-07-28 08:36:57,369 [Listener at 127.0.0.1/42363] INFO  server.RaftServerConfigKeys (ConfUtils.java:logGet(44)) - raft.server.rpc.slowness.timeout = 300000ms (custom)
2021-07-28 08:36:57,369 [Listener at 127.0.0.1/42363] INFO  server.RaftServerConfigKeys (ConfUtils.java:logGet(44)) - raft.server.leaderelection.leader.step-down.wait-time = 10s (default)
2021-07-28 08:36:57,369 [Listener at 127.0.0.1/42363] INFO  server.RaftServerConfigKeys (ConfUtils.java:logGet(44)) - raft.server.storage.dir = [/home/runner/work/ozone/ozone/mnt/ozone/hadoop-ozone/integration-test/target/test-dir/MiniOzoneClusterImpl-7b7c0b8f-b3d8-4fbb-9550-cea541527f6c/datanode-3/data/ratis] (custom)
2021-07-28 08:36:57,372 [Listener at 127.0.0.1/42363] INFO  http.BaseHttpServer (BaseHttpServer.java:newHttpServer2BuilderForOzone(209)) - Starting Web-server for hddsDatanode at: http://0.0.0.0:0
2021-07-28 08:36:57,372 [Listener at 127.0.0.1/42363] INFO  http.BaseHttpServer (BaseHttpServer.java:<init>(107)) - Hadoop Security Enabled: false Ozone Security Enabled: false Ozone HTTP Security Enabled: false 
2021-07-28 08:36:57,373 [Listener at 127.0.0.1/42363] INFO  server.AuthenticationFilter (AuthenticationFilter.java:constructSecretProvider(240)) - Unable to initialize FileSignerSecretProvider, falling back to use random secrets.
2021-07-28 08:36:57,373 [Listener at 127.0.0.1/42363] WARN  http.HttpRequestLog (HttpRequestLog.java:getRequestLog(103)) - Jetty request log can only be enabled using Log4j
2021-07-28 08:36:57,374 [Listener at 127.0.0.1/42363] INFO  http.HttpServer2 (HttpServer2.java:addGlobalFilter(1020)) - Added global filter 'safety' (class=org.apache.hadoop.hdds.server.http.HttpServer2$QuotingInputFilter)
2021-07-28 08:36:57,375 [Listener at 127.0.0.1/42363] INFO  http.HttpServer2 (HttpServer2.java:addFilter(996)) - Added filter static_user_filter (class=org.apache.hadoop.http.lib.StaticUserWebFilter$StaticUserFilter) to context hddsDatanode
2021-07-28 08:36:57,375 [Listener at 127.0.0.1/42363] INFO  http.HttpServer2 (HttpServer2.java:addFilter(1004)) - Added filter static_user_filter (class=org.apache.hadoop.http.lib.StaticUserWebFilter$StaticUserFilter) to context logs
2021-07-28 08:36:57,375 [Listener at 127.0.0.1/42363] INFO  http.HttpServer2 (HttpServer2.java:addFilter(1004)) - Added filter static_user_filter (class=org.apache.hadoop.http.lib.StaticUserWebFilter$StaticUserFilter) to context static
2021-07-28 08:36:57,375 [Listener at 127.0.0.1/42363] INFO  http.HttpServer2 (HttpServer2.java:bindListener(1239)) - Jetty bound to port 33317
2021-07-28 08:36:57,375 [Listener at 127.0.0.1/42363] INFO  server.Server (Server.java:doStart(375)) - jetty-9.4.35.v20201120; built: 2020-11-20T21:17:03.964Z; git: bdc54f03a5e0a7e280fab27f55c3c75ee8da89fb; jvm 1.8.0_292-b10
2021-07-28 08:36:57,378 [Listener at 127.0.0.1/42363] INFO  server.session (DefaultSessionIdManager.java:doStart(334)) - DefaultSessionIdManager workerName=node0
2021-07-28 08:36:57,378 [Listener at 127.0.0.1/42363] INFO  server.session (DefaultSessionIdManager.java:doStart(339)) - No SessionScavenger set, using defaults
2021-07-28 08:36:57,379 [Listener at 127.0.0.1/42363] INFO  server.session (HouseKeeper.java:startScavenging(132)) - node0 Scavenging every 600000ms
2021-07-28 08:36:57,379 [Listener at 127.0.0.1/42363] INFO  handler.ContextHandler (ContextHandler.java:doStart(916)) - Started o.e.j.s.ServletContextHandler@8304ff0{logs,/logs,file:///home/runner/work/ozone/ozone/mnt/ozone/hadoop-ozone/integration-test/target/log,AVAILABLE}
2021-07-28 08:36:57,380 [Listener at 127.0.0.1/42363] INFO  handler.ContextHandler (ContextHandler.java:doStart(916)) - Started o.e.j.s.ServletContextHandler@62faf45f{static,/static,jar:file:/home/runner/.m2/repository/org/apache/ozone/hdds-container-service/1.2.0-SNAPSHOT/hdds-container-service-1.2.0-SNAPSHOT.jar!/webapps/static,AVAILABLE}
2021-07-28 08:36:57,424 [Listener at 127.0.0.1/42363] INFO  handler.ContextHandler (ContextHandler.java:doStart(916)) - Started o.e.j.w.WebAppContext@1ec94ffd{hddsDatanode,/,file:///tmp/jetty-0_0_0_0-33317-hdds-container-service-1_2_0-SNAPSHOT_jar-_-any-9114385925860081544/webapp/,AVAILABLE}{jar:file:/home/runner/.m2/repository/org/apache/ozone/hdds-container-service/1.2.0-SNAPSHOT/hdds-container-service-1.2.0-SNAPSHOT.jar!/webapps/hddsDatanode}
2021-07-28 08:36:57,425 [Listener at 127.0.0.1/42363] INFO  server.AbstractConnector (AbstractConnector.java:doStart(331)) - Started ServerConnector@3b577a6a{HTTP/1.1, (http/1.1)}{0.0.0.0:33317}
2021-07-28 08:36:57,425 [Listener at 127.0.0.1/42363] INFO  server.Server (Server.java:doStart(415)) - Started @143959ms
2021-07-28 08:36:57,426 [Listener at 127.0.0.1/42363] WARN  impl.MetricsSystemImpl (MetricsSystemImpl.java:register(279)) - Sink prometheus already exists!
2021-07-28 08:36:57,426 [Listener at 127.0.0.1/42363] INFO  http.BaseHttpServer (BaseHttpServer.java:updateConnectorAddress(329)) - HTTP server of hddsDatanode listening at http://0.0.0.0:33317
2021-07-28 08:36:57,429 [Listener at 127.0.0.1/42363] WARN  impl.MetricRegistriesImpl (MetricRegistriesImpl.java:addReporterRegistration(111)) - New reporters are added after registries were created. Some metrics will be missing from the reporter. Please add reporter before adding any new registry.
2021-07-28 08:36:57,429 [Listener at 127.0.0.1/42363] WARN  impl.MetricRegistriesImpl (MetricRegistriesImpl.java:addReporterRegistration(111)) - New reporters are added after registries were created. Some metrics will be missing from the reporter. Please add reporter before adding any new registry.
2021-07-28 08:36:57,429 [Listener at 127.0.0.1/42363] INFO  impl.MetricsSystemImpl (MetricsSystemImpl.java:init(158)) - HddsDatanode metrics system started (again)
2021-07-28 08:36:57,449 [Listener at 127.0.0.1/42363] INFO  ozone.HddsDatanodeService (HddsDatanodeService.java:start(234)) - HddsDatanodeService host:fv-az122-844.zf1tlrj3kn4expqppa1j4mpycf.xx.internal.cloudapp.net ip:10.1.0.59
2021-07-28 08:36:57,450 [org.apache.hadoop.util.JvmPauseMonitor$Monitor@28ee66e] INFO  util.JvmPauseMonitor (JvmPauseMonitor.java:run(188)) - Starting JVM pause monitor
2021-07-28 08:36:57,453 [Datanode State Machine Task Thread - 0] INFO  datanode.InitDatanodeState (InitDatanodeState.java:persistContainerDatanodeDetails(145)) - DatanodeDetails is persisted to /home/runner/work/ozone/ozone/mnt/ozone/hadoop-ozone/integration-test/target/test-dir/MiniOzoneClusterImpl-7b7c0b8f-b3d8-4fbb-9550-cea541527f6c/datanode-3/meta/datanode.id
2021-07-28 08:36:57,470 [Listener at 127.0.0.1/42363] INFO  upgrade.AbstractLayoutVersionManager (AbstractLayoutVersionManager.java:init(70)) - Initializing Layout version manager with metadata layout = SCM_HA (version = 2), software layout = SCM_HA (version = 2)
2021-07-28 08:36:57,509 [Listener at 127.0.0.1/42363] INFO  reflections.Reflections (Reflections.java:scan(232)) - Reflections took 38 ms to scan 7 urls, producing 120 keys and 273 values 
2021-07-28 08:36:57,512 [Listener at 127.0.0.1/42363] INFO  volume.HddsVolume (HddsVolume.java:<init>(120)) - Creating HddsVolume: /home/runner/work/ozone/ozone/mnt/ozone/hadoop-ozone/integration-test/target/test-dir/MiniOzoneClusterImpl-7b7c0b8f-b3d8-4fbb-9550-cea541527f6c/datanode-4/data-0/containers/hdds of storage type : DISK capacity : 9223372036854775807
2021-07-28 08:36:57,513 [Listener at 127.0.0.1/42363] INFO  volume.MutableVolumeSet (MutableVolumeSet.java:initializeVolumeSet(181)) - Added Volume : /home/runner/work/ozone/ozone/mnt/ozone/hadoop-ozone/integration-test/target/test-dir/MiniOzoneClusterImpl-7b7c0b8f-b3d8-4fbb-9550-cea541527f6c/datanode-4/data-0/containers/hdds to VolumeSet
2021-07-28 08:36:57,513 [Listener at 127.0.0.1/42363] INFO  volume.ThrottledAsyncChecker (ThrottledAsyncChecker.java:schedule(141)) - Scheduling a check for /home/runner/work/ozone/ozone/mnt/ozone/hadoop-ozone/integration-test/target/test-dir/MiniOzoneClusterImpl-7b7c0b8f-b3d8-4fbb-9550-cea541527f6c/datanode-4/data-0/containers/hdds
2021-07-28 08:36:57,513 [Listener at 127.0.0.1/42363] INFO  volume.StorageVolumeChecker (StorageVolumeChecker.java:checkAllVolumes(202)) - Scheduled health check for volume /home/runner/work/ozone/ozone/mnt/ozone/hadoop-ozone/integration-test/target/test-dir/MiniOzoneClusterImpl-7b7c0b8f-b3d8-4fbb-9550-cea541527f6c/datanode-4/data-0/containers/hdds
2021-07-28 08:36:57,528 [Listener at 127.0.0.1/42363] INFO  volume.MutableVolumeSet (MutableVolumeSet.java:initializeVolumeSet(181)) - Added Volume : /home/runner/work/ozone/ozone/mnt/ozone/hadoop-ozone/integration-test/target/test-dir/MiniOzoneClusterImpl-7b7c0b8f-b3d8-4fbb-9550-cea541527f6c/datanode-4/data/ratis to VolumeSet
2021-07-28 08:36:57,528 [Listener at 127.0.0.1/42363] INFO  volume.ThrottledAsyncChecker (ThrottledAsyncChecker.java:schedule(141)) - Scheduling a check for /home/runner/work/ozone/ozone/mnt/ozone/hadoop-ozone/integration-test/target/test-dir/MiniOzoneClusterImpl-7b7c0b8f-b3d8-4fbb-9550-cea541527f6c/datanode-4/data/ratis
2021-07-28 08:36:57,529 [Listener at 127.0.0.1/42363] INFO  volume.StorageVolumeChecker (StorageVolumeChecker.java:checkAllVolumes(202)) - Scheduled health check for volume /home/runner/work/ozone/ozone/mnt/ozone/hadoop-ozone/integration-test/target/test-dir/MiniOzoneClusterImpl-7b7c0b8f-b3d8-4fbb-9550-cea541527f6c/datanode-4/data/ratis
2021-07-28 08:36:57,541 [Listener at 127.0.0.1/42363] INFO  ozoneimpl.ContainerReader (ContainerReader.java:<init>(98)) - Running in upgrade mode:true
2021-07-28 08:36:57,541 [Thread-1273] INFO  ozoneimpl.ContainerReader (ContainerReader.java:readVolume(142)) - Start to verify containers on volume /home/runner/work/ozone/ozone/mnt/ozone/hadoop-ozone/integration-test/target/test-dir/MiniOzoneClusterImpl-7b7c0b8f-b3d8-4fbb-9550-cea541527f6c/datanode-4/data-0/containers/hdds
2021-07-28 08:36:57,541 [Thread-1273] INFO  ozoneimpl.ContainerReader (ContainerReader.java:readVolume(174)) - Finish verifying containers on volume /home/runner/work/ozone/ozone/mnt/ozone/hadoop-ozone/integration-test/target/test-dir/MiniOzoneClusterImpl-7b7c0b8f-b3d8-4fbb-9550-cea541527f6c/datanode-4/data-0/containers/hdds
2021-07-28 08:36:57,541 [Listener at 127.0.0.1/42363] INFO  ozoneimpl.OzoneContainer (OzoneContainer.java:buildContainerSet(237)) - Build ContainerSet costs 0s
2021-07-28 08:36:57,543 [Listener at 127.0.0.1/42363] INFO  server.RaftServer (ConfUtils.java:logGet(44)) - raft.rpc.type = GRPC (default)
2021-07-28 08:36:57,543 [Listener at 127.0.0.1/42363] INFO  grpc.GrpcFactory (GrpcFactory.java:checkPooledByteBufAllocatorUseCacheForAllThreads(48)) - PERFORMANCE WARNING: useCacheForAllThreads is true that may cause Netty to create a lot garbage objects and, as a result, trigger GC.
	It is recommended to disable useCacheForAllThreads by setting -Dorg.apache.ratis.thirdparty.io.netty.allocator.useCacheForAllThreads=false in command line.
2021-07-28 08:36:57,543 [Listener at 127.0.0.1/42363] INFO  grpc.GrpcConfigKeys (ConfUtils.java:logGet(44)) - raft.grpc.admin.port = 0 (custom)
2021-07-28 08:36:57,543 [Listener at 127.0.0.1/42363] INFO  grpc.GrpcConfigKeys (ConfUtils.java:logGet(44)) - raft.grpc.client.port = 0 (custom)
2021-07-28 08:36:57,544 [Listener at 127.0.0.1/42363] INFO  grpc.GrpcConfigKeys (ConfUtils.java:logGet(44)) - raft.grpc.server.port = 0 (default)
2021-07-28 08:36:57,544 [Listener at 127.0.0.1/42363] INFO  server.GrpcService (ConfUtils.java:logGet(44)) - raft.grpc.message.size.max = 32MB (=33554432) (custom)
2021-07-28 08:36:57,544 [Listener at 127.0.0.1/42363] INFO  server.RaftServerConfigKeys (ConfUtils.java:logGet(44)) - raft.server.log.appender.buffer.byte-limit = 33554432 (custom)
2021-07-28 08:36:57,544 [Listener at 127.0.0.1/42363] INFO  server.GrpcService (ConfUtils.java:logGet(44)) - raft.grpc.flow.control.window = 5MB (=5242880) (custom)
2021-07-28 08:36:57,544 [Listener at 127.0.0.1/42363] INFO  server.RaftServerConfigKeys (ConfUtils.java:logGet(44)) - raft.server.rpc.request.timeout = 3000ms (default)
2021-07-28 08:36:57,545 [Listener at 127.0.0.1/42363] INFO  impl.DataStreamServerImpl (ConfUtils.java:logGet(44)) - raft.datastream.type = DISABLED (default)
2021-07-28 08:36:57,545 [Listener at 127.0.0.1/42363] INFO  server.RaftServerConfigKeys (ConfUtils.java:logGet(44)) - raft.server.rpc.slowness.timeout = 300000ms (custom)
2021-07-28 08:36:57,545 [Listener at 127.0.0.1/42363] INFO  server.RaftServerConfigKeys (ConfUtils.java:logGet(44)) - raft.server.leaderelection.leader.step-down.wait-time = 10s (default)
2021-07-28 08:36:57,546 [Listener at 127.0.0.1/42363] INFO  server.RaftServerConfigKeys (ConfUtils.java:logGet(44)) - raft.server.storage.dir = [/home/runner/work/ozone/ozone/mnt/ozone/hadoop-ozone/integration-test/target/test-dir/MiniOzoneClusterImpl-7b7c0b8f-b3d8-4fbb-9550-cea541527f6c/datanode-4/data/ratis] (custom)
2021-07-28 08:36:57,548 [Listener at 127.0.0.1/42363] INFO  http.BaseHttpServer (BaseHttpServer.java:newHttpServer2BuilderForOzone(209)) - Starting Web-server for hddsDatanode at: http://0.0.0.0:0
2021-07-28 08:36:57,548 [Listener at 127.0.0.1/42363] INFO  http.BaseHttpServer (BaseHttpServer.java:<init>(107)) - Hadoop Security Enabled: false Ozone Security Enabled: false Ozone HTTP Security Enabled: false 
2021-07-28 08:36:57,549 [Listener at 127.0.0.1/42363] INFO  server.AuthenticationFilter (AuthenticationFilter.java:constructSecretProvider(240)) - Unable to initialize FileSignerSecretProvider, falling back to use random secrets.
2021-07-28 08:36:57,549 [Listener at 127.0.0.1/42363] WARN  http.HttpRequestLog (HttpRequestLog.java:getRequestLog(103)) - Jetty request log can only be enabled using Log4j
2021-07-28 08:36:57,550 [Listener at 127.0.0.1/42363] INFO  http.HttpServer2 (HttpServer2.java:addGlobalFilter(1020)) - Added global filter 'safety' (class=org.apache.hadoop.hdds.server.http.HttpServer2$QuotingInputFilter)
2021-07-28 08:36:57,551 [Listener at 127.0.0.1/42363] INFO  http.HttpServer2 (HttpServer2.java:addFilter(996)) - Added filter static_user_filter (class=org.apache.hadoop.http.lib.StaticUserWebFilter$StaticUserFilter) to context hddsDatanode
2021-07-28 08:36:57,551 [Listener at 127.0.0.1/42363] INFO  http.HttpServer2 (HttpServer2.java:addFilter(1004)) - Added filter static_user_filter (class=org.apache.hadoop.http.lib.StaticUserWebFilter$StaticUserFilter) to context static
2021-07-28 08:36:57,551 [Listener at 127.0.0.1/42363] INFO  http.HttpServer2 (HttpServer2.java:addFilter(1004)) - Added filter static_user_filter (class=org.apache.hadoop.http.lib.StaticUserWebFilter$StaticUserFilter) to context logs
2021-07-28 08:36:57,552 [Listener at 127.0.0.1/42363] INFO  http.HttpServer2 (HttpServer2.java:bindListener(1239)) - Jetty bound to port 40117
2021-07-28 08:36:57,552 [Listener at 127.0.0.1/42363] INFO  server.Server (Server.java:doStart(375)) - jetty-9.4.35.v20201120; built: 2020-11-20T21:17:03.964Z; git: bdc54f03a5e0a7e280fab27f55c3c75ee8da89fb; jvm 1.8.0_292-b10
2021-07-28 08:36:57,561 [Listener at 127.0.0.1/42363] INFO  server.session (DefaultSessionIdManager.java:doStart(334)) - DefaultSessionIdManager workerName=node0
2021-07-28 08:36:57,561 [Listener at 127.0.0.1/42363] INFO  server.session (DefaultSessionIdManager.java:doStart(339)) - No SessionScavenger set, using defaults
2021-07-28 08:36:57,561 [Listener at 127.0.0.1/42363] INFO  server.session (HouseKeeper.java:startScavenging(132)) - node0 Scavenging every 600000ms
2021-07-28 08:36:57,562 [Listener at 127.0.0.1/42363] INFO  handler.ContextHandler (ContextHandler.java:doStart(916)) - Started o.e.j.s.ServletContextHandler@e37fdd1{logs,/logs,file:///home/runner/work/ozone/ozone/mnt/ozone/hadoop-ozone/integration-test/target/log,AVAILABLE}
2021-07-28 08:36:57,562 [Listener at 127.0.0.1/42363] INFO  handler.ContextHandler (ContextHandler.java:doStart(916)) - Started o.e.j.s.ServletContextHandler@756d63dd{static,/static,jar:file:/home/runner/.m2/repository/org/apache/ozone/hdds-container-service/1.2.0-SNAPSHOT/hdds-container-service-1.2.0-SNAPSHOT.jar!/webapps/static,AVAILABLE}
2021-07-28 08:36:57,611 [Listener at 127.0.0.1/42363] INFO  handler.ContextHandler (ContextHandler.java:doStart(916)) - Started o.e.j.w.WebAppContext@6c2f8b38{hddsDatanode,/,file:///tmp/jetty-0_0_0_0-40117-hdds-container-service-1_2_0-SNAPSHOT_jar-_-any-6478201331232863715/webapp/,AVAILABLE}{jar:file:/home/runner/.m2/repository/org/apache/ozone/hdds-container-service/1.2.0-SNAPSHOT/hdds-container-service-1.2.0-SNAPSHOT.jar!/webapps/hddsDatanode}
2021-07-28 08:36:57,612 [Listener at 127.0.0.1/42363] INFO  server.AbstractConnector (AbstractConnector.java:doStart(331)) - Started ServerConnector@4105ebb4{HTTP/1.1, (http/1.1)}{0.0.0.0:40117}
2021-07-28 08:36:57,612 [Listener at 127.0.0.1/42363] INFO  server.Server (Server.java:doStart(415)) - Started @144146ms
2021-07-28 08:36:57,612 [Listener at 127.0.0.1/42363] WARN  impl.MetricsSystemImpl (MetricsSystemImpl.java:register(279)) - Sink prometheus already exists!
2021-07-28 08:36:57,613 [Listener at 127.0.0.1/42363] INFO  http.BaseHttpServer (BaseHttpServer.java:updateConnectorAddress(329)) - HTTP server of hddsDatanode listening at http://0.0.0.0:40117
2021-07-28 08:36:57,614 [Listener at 127.0.0.1/42363] WARN  impl.MetricRegistriesImpl (MetricRegistriesImpl.java:addReporterRegistration(111)) - New reporters are added after registries were created. Some metrics will be missing from the reporter. Please add reporter before adding any new registry.
2021-07-28 08:36:57,614 [Listener at 127.0.0.1/42363] WARN  impl.MetricRegistriesImpl (MetricRegistriesImpl.java:addReporterRegistration(111)) - New reporters are added after registries were created. Some metrics will be missing from the reporter. Please add reporter before adding any new registry.
2021-07-28 08:36:57,614 [Listener at 127.0.0.1/42363] INFO  impl.MetricsSystemImpl (MetricsSystemImpl.java:init(158)) - HddsDatanode metrics system started (again)
2021-07-28 08:36:57,629 [org.apache.hadoop.util.JvmPauseMonitor$Monitor@336af65] INFO  util.JvmPauseMonitor (JvmPauseMonitor.java:run(188)) - Starting JVM pause monitor
2021-07-28 08:36:57,630 [Datanode State Machine Task Thread - 0] INFO  datanode.InitDatanodeState (InitDatanodeState.java:persistContainerDatanodeDetails(145)) - DatanodeDetails is persisted to /home/runner/work/ozone/ozone/mnt/ozone/hadoop-ozone/integration-test/target/test-dir/MiniOzoneClusterImpl-7b7c0b8f-b3d8-4fbb-9550-cea541527f6c/datanode-4/meta/datanode.id
2021-07-28 08:36:57,633 [Listener at 127.0.0.1/42363] INFO  ozone.HddsDatanodeService (HddsDatanodeService.java:start(234)) - HddsDatanodeService host:fv-az122-844.zf1tlrj3kn4expqppa1j4mpycf.xx.internal.cloudapp.net ip:10.1.0.59
2021-07-28 08:36:57,653 [Listener at 127.0.0.1/42363] INFO  upgrade.AbstractLayoutVersionManager (AbstractLayoutVersionManager.java:init(70)) - Initializing Layout version manager with metadata layout = SCM_HA (version = 2), software layout = SCM_HA (version = 2)
2021-07-28 08:36:57,678 [om1@group-C5BA1605619E-FollowerState] INFO  impl.FollowerState (FollowerState.java:run(134)) - om1@group-C5BA1605619E-FollowerState: change to CANDIDATE, lastRpcElapsedTime:1061962801ns, electionTimeout:1060ms
2021-07-28 08:36:57,679 [om1@group-C5BA1605619E-FollowerState] INFO  impl.RoleInfo (RoleInfo.java:shutdownFollowerState(108)) - om1: shutdown om1@group-C5BA1605619E-FollowerState
2021-07-28 08:36:57,679 [om1@group-C5BA1605619E-FollowerState] INFO  server.RaftServer$Division (RaftServerImpl.java:setRole(285)) - om1@group-C5BA1605619E: changes role from  FOLLOWER to CANDIDATE at term 0 for changeToCandidate
2021-07-28 08:36:57,679 [om1@group-C5BA1605619E-FollowerState] INFO  server.RaftServerConfigKeys (ConfUtils.java:logGet(44)) - raft.server.leaderelection.pre-vote = false (custom)
2021-07-28 08:36:57,679 [om1@group-C5BA1605619E-FollowerState] INFO  impl.RoleInfo (RoleInfo.java:updateAndGet(130)) - om1: start om1@group-C5BA1605619E-LeaderElection59
2021-07-28 08:36:57,682 [om1@group-C5BA1605619E-LeaderElection59] INFO  impl.LeaderElection (LeaderElection.java:askForVotes(306)) - om1@group-C5BA1605619E-LeaderElection59 ELECTION round 0: submit vote requests at term 1 for -1: [om1|rpc:localhost:9872|priority:0], old=null
2021-07-28 08:36:57,682 [om1@group-C5BA1605619E-LeaderElection59] INFO  impl.LeaderElection (LeaderElection.java:askForVotes(308)) - om1@group-C5BA1605619E-LeaderElection59 ELECTION round 0: result PASSED (term=1)
2021-07-28 08:36:57,683 [om1@group-C5BA1605619E-LeaderElection59] INFO  impl.RoleInfo (RoleInfo.java:shutdownLeaderElection(121)) - om1: shutdown om1@group-C5BA1605619E-LeaderElection59
2021-07-28 08:36:57,683 [om1@group-C5BA1605619E-LeaderElection59] INFO  server.RaftServer$Division (RaftServerImpl.java:setRole(285)) - om1@group-C5BA1605619E: changes role from CANDIDATE to LEADER at term 1 for changeToLeader
2021-07-28 08:36:57,683 [om1@group-C5BA1605619E-LeaderElection59] INFO  server.RaftServer$Division (ServerState.java:setLeader(285)) - om1@group-C5BA1605619E: change Leader from null to om1 at term 1 for becomeLeader, leader elected after 1097ms
2021-07-28 08:36:57,683 [om1@group-C5BA1605619E-LeaderElection59] INFO  server.RaftServerConfigKeys (ConfUtils.java:logGet(44)) - raft.server.staging.catchup.gap = 1000 (default)
2021-07-28 08:36:57,683 [om1@group-C5BA1605619E-LeaderElection59] INFO  server.RaftServerConfigKeys (ConfUtils.java:logGet(44)) - raft.server.write.element-limit = 4096 (default)
2021-07-28 08:36:57,683 [om1@group-C5BA1605619E-LeaderElection59] INFO  server.RaftServerConfigKeys (ConfUtils.java:logGet(44)) - raft.server.write.byte-limit = 64MB (=67108864) (default)
2021-07-28 08:36:57,684 [om1@group-C5BA1605619E-LeaderElection59] INFO  server.RaftServerConfigKeys (ConfUtils.java:logGet(44)) - raft.server.watch.timeout = 10s (default)
2021-07-28 08:36:57,684 [om1@group-C5BA1605619E-LeaderElection59] INFO  server.RaftServerConfigKeys (ConfUtils.java:logGet(44)) - raft.server.watch.timeout.denomination = 1s (default)
2021-07-28 08:36:57,684 [om1@group-C5BA1605619E-LeaderElection59] INFO  server.RaftServerConfigKeys (ConfUtils.java:logGet(44)) - raft.server.watch.element-limit = 65536 (default)
2021-07-28 08:36:57,684 [om1@group-C5BA1605619E-LeaderElection59] INFO  impl.RoleInfo (RoleInfo.java:updateAndGet(130)) - om1: start om1@group-C5BA1605619E-LeaderStateImpl
2021-07-28 08:36:57,684 [om1@group-C5BA1605619E-LeaderElection59] INFO  segmented.SegmentedRaftLogWorker (SegmentedRaftLogWorker.java:startLogSegment(394)) - om1@group-C5BA1605619E-SegmentedRaftLogWorker: Starting segment from index:0
2021-07-28 08:36:57,690 [om1@group-C5BA1605619E-LeaderElection59] INFO  server.RaftServer$Division (ServerState.java:setRaftConf(387)) - om1@group-C5BA1605619E: set configuration 0: [om1|rpc:localhost:9872|admin:|client:|dataStream:|priority:0], old=null
2021-07-28 08:36:57,692 [om1@group-C5BA1605619E-SegmentedRaftLogWorker] INFO  segmented.SegmentedRaftLogWorker (SegmentedRaftLogWorker.java:execute(601)) - om1@group-C5BA1605619E-SegmentedRaftLogWorker: created new log segment /home/runner/work/ozone/ozone/mnt/ozone/hadoop-ozone/integration-test/target/test-dir/MiniOzoneClusterImpl-7b7c0b8f-b3d8-4fbb-9550-cea541527f6c/ozone-meta/ratis/bf265839-605b-3f16-9796-c5ba1605619e/current/log_inprogress_0
2021-07-28 08:36:57,695 [om1@group-C5BA1605619E-StateMachineUpdater] INFO  ratis.OzoneManagerStateMachine (OzoneManagerStateMachine.java:notifyConfigurationChanged(188)) - Received Configuration change notification from Ratis. New Peer list:
[id: "om1"
address: "localhost:9872"
]
2021-07-28 08:36:57,699 [Listener at 127.0.0.1/42363] INFO  reflections.Reflections (Reflections.java:scan(232)) - Reflections took 45 ms to scan 7 urls, producing 120 keys and 273 values 
2021-07-28 08:36:57,701 [Listener at 127.0.0.1/42363] INFO  volume.HddsVolume (HddsVolume.java:<init>(120)) - Creating HddsVolume: /home/runner/work/ozone/ozone/mnt/ozone/hadoop-ozone/integration-test/target/test-dir/MiniOzoneClusterImpl-7b7c0b8f-b3d8-4fbb-9550-cea541527f6c/datanode-5/data-0/containers/hdds of storage type : DISK capacity : 9223372036854775807
2021-07-28 08:36:57,702 [Listener at 127.0.0.1/42363] INFO  volume.MutableVolumeSet (MutableVolumeSet.java:initializeVolumeSet(181)) - Added Volume : /home/runner/work/ozone/ozone/mnt/ozone/hadoop-ozone/integration-test/target/test-dir/MiniOzoneClusterImpl-7b7c0b8f-b3d8-4fbb-9550-cea541527f6c/datanode-5/data-0/containers/hdds to VolumeSet
2021-07-28 08:36:57,702 [Listener at 127.0.0.1/42363] INFO  volume.ThrottledAsyncChecker (ThrottledAsyncChecker.java:schedule(141)) - Scheduling a check for /home/runner/work/ozone/ozone/mnt/ozone/hadoop-ozone/integration-test/target/test-dir/MiniOzoneClusterImpl-7b7c0b8f-b3d8-4fbb-9550-cea541527f6c/datanode-5/data-0/containers/hdds
2021-07-28 08:36:57,703 [Listener at 127.0.0.1/42363] INFO  volume.StorageVolumeChecker (StorageVolumeChecker.java:checkAllVolumes(202)) - Scheduled health check for volume /home/runner/work/ozone/ozone/mnt/ozone/hadoop-ozone/integration-test/target/test-dir/MiniOzoneClusterImpl-7b7c0b8f-b3d8-4fbb-9550-cea541527f6c/datanode-5/data-0/containers/hdds
2021-07-28 08:36:57,722 [Listener at 127.0.0.1/42363] INFO  volume.MutableVolumeSet (MutableVolumeSet.java:initializeVolumeSet(181)) - Added Volume : /home/runner/work/ozone/ozone/mnt/ozone/hadoop-ozone/integration-test/target/test-dir/MiniOzoneClusterImpl-7b7c0b8f-b3d8-4fbb-9550-cea541527f6c/datanode-5/data/ratis to VolumeSet
2021-07-28 08:36:57,722 [Listener at 127.0.0.1/42363] INFO  volume.ThrottledAsyncChecker (ThrottledAsyncChecker.java:schedule(141)) - Scheduling a check for /home/runner/work/ozone/ozone/mnt/ozone/hadoop-ozone/integration-test/target/test-dir/MiniOzoneClusterImpl-7b7c0b8f-b3d8-4fbb-9550-cea541527f6c/datanode-5/data/ratis
2021-07-28 08:36:57,722 [Listener at 127.0.0.1/42363] INFO  volume.StorageVolumeChecker (StorageVolumeChecker.java:checkAllVolumes(202)) - Scheduled health check for volume /home/runner/work/ozone/ozone/mnt/ozone/hadoop-ozone/integration-test/target/test-dir/MiniOzoneClusterImpl-7b7c0b8f-b3d8-4fbb-9550-cea541527f6c/datanode-5/data/ratis
2021-07-28 08:36:57,737 [Listener at 127.0.0.1/42363] INFO  ozoneimpl.ContainerReader (ContainerReader.java:<init>(98)) - Running in upgrade mode:true
2021-07-28 08:36:57,738 [Thread-1286] INFO  ozoneimpl.ContainerReader (ContainerReader.java:readVolume(142)) - Start to verify containers on volume /home/runner/work/ozone/ozone/mnt/ozone/hadoop-ozone/integration-test/target/test-dir/MiniOzoneClusterImpl-7b7c0b8f-b3d8-4fbb-9550-cea541527f6c/datanode-5/data-0/containers/hdds
2021-07-28 08:36:57,738 [Thread-1286] INFO  ozoneimpl.ContainerReader (ContainerReader.java:readVolume(174)) - Finish verifying containers on volume /home/runner/work/ozone/ozone/mnt/ozone/hadoop-ozone/integration-test/target/test-dir/MiniOzoneClusterImpl-7b7c0b8f-b3d8-4fbb-9550-cea541527f6c/datanode-5/data-0/containers/hdds
2021-07-28 08:36:57,738 [Listener at 127.0.0.1/42363] INFO  ozoneimpl.OzoneContainer (OzoneContainer.java:buildContainerSet(237)) - Build ContainerSet costs 0s
2021-07-28 08:36:57,740 [Listener at 127.0.0.1/42363] INFO  server.RaftServer (ConfUtils.java:logGet(44)) - raft.rpc.type = GRPC (default)
2021-07-28 08:36:57,740 [Listener at 127.0.0.1/42363] INFO  grpc.GrpcFactory (GrpcFactory.java:checkPooledByteBufAllocatorUseCacheForAllThreads(48)) - PERFORMANCE WARNING: useCacheForAllThreads is true that may cause Netty to create a lot garbage objects and, as a result, trigger GC.
	It is recommended to disable useCacheForAllThreads by setting -Dorg.apache.ratis.thirdparty.io.netty.allocator.useCacheForAllThreads=false in command line.
2021-07-28 08:36:57,740 [Listener at 127.0.0.1/42363] INFO  grpc.GrpcConfigKeys (ConfUtils.java:logGet(44)) - raft.grpc.admin.port = 0 (custom)
2021-07-28 08:36:57,741 [Listener at 127.0.0.1/42363] INFO  grpc.GrpcConfigKeys (ConfUtils.java:logGet(44)) - raft.grpc.client.port = 0 (custom)
2021-07-28 08:36:57,741 [Listener at 127.0.0.1/42363] INFO  grpc.GrpcConfigKeys (ConfUtils.java:logGet(44)) - raft.grpc.server.port = 0 (default)
2021-07-28 08:36:57,741 [Listener at 127.0.0.1/42363] INFO  server.GrpcService (ConfUtils.java:logGet(44)) - raft.grpc.message.size.max = 32MB (=33554432) (custom)
2021-07-28 08:36:57,741 [Listener at 127.0.0.1/42363] INFO  server.RaftServerConfigKeys (ConfUtils.java:logGet(44)) - raft.server.log.appender.buffer.byte-limit = 33554432 (custom)
2021-07-28 08:36:57,741 [Listener at 127.0.0.1/42363] INFO  server.GrpcService (ConfUtils.java:logGet(44)) - raft.grpc.flow.control.window = 5MB (=5242880) (custom)
2021-07-28 08:36:57,741 [Listener at 127.0.0.1/42363] INFO  server.RaftServerConfigKeys (ConfUtils.java:logGet(44)) - raft.server.rpc.request.timeout = 3000ms (default)
2021-07-28 08:36:57,742 [Listener at 127.0.0.1/42363] INFO  impl.DataStreamServerImpl (ConfUtils.java:logGet(44)) - raft.datastream.type = DISABLED (default)
2021-07-28 08:36:57,743 [Listener at 127.0.0.1/42363] INFO  server.RaftServerConfigKeys (ConfUtils.java:logGet(44)) - raft.server.rpc.slowness.timeout = 300000ms (custom)
2021-07-28 08:36:57,743 [Listener at 127.0.0.1/42363] INFO  server.RaftServerConfigKeys (ConfUtils.java:logGet(44)) - raft.server.leaderelection.leader.step-down.wait-time = 10s (default)
2021-07-28 08:36:57,743 [Listener at 127.0.0.1/42363] INFO  server.RaftServerConfigKeys (ConfUtils.java:logGet(44)) - raft.server.storage.dir = [/home/runner/work/ozone/ozone/mnt/ozone/hadoop-ozone/integration-test/target/test-dir/MiniOzoneClusterImpl-7b7c0b8f-b3d8-4fbb-9550-cea541527f6c/datanode-5/data/ratis] (custom)
2021-07-28 08:36:57,747 [Listener at 127.0.0.1/42363] INFO  http.BaseHttpServer (BaseHttpServer.java:newHttpServer2BuilderForOzone(209)) - Starting Web-server for hddsDatanode at: http://0.0.0.0:0
2021-07-28 08:36:57,747 [Listener at 127.0.0.1/42363] INFO  http.BaseHttpServer (BaseHttpServer.java:<init>(107)) - Hadoop Security Enabled: false Ozone Security Enabled: false Ozone HTTP Security Enabled: false 
2021-07-28 08:36:57,748 [Listener at 127.0.0.1/42363] INFO  server.AuthenticationFilter (AuthenticationFilter.java:constructSecretProvider(240)) - Unable to initialize FileSignerSecretProvider, falling back to use random secrets.
2021-07-28 08:36:57,752 [Listener at 127.0.0.1/42363] WARN  http.HttpRequestLog (HttpRequestLog.java:getRequestLog(103)) - Jetty request log can only be enabled using Log4j
2021-07-28 08:36:57,753 [Listener at 127.0.0.1/42363] INFO  http.HttpServer2 (HttpServer2.java:addGlobalFilter(1020)) - Added global filter 'safety' (class=org.apache.hadoop.hdds.server.http.HttpServer2$QuotingInputFilter)
2021-07-28 08:36:57,753 [Listener at 127.0.0.1/42363] INFO  http.HttpServer2 (HttpServer2.java:addFilter(996)) - Added filter static_user_filter (class=org.apache.hadoop.http.lib.StaticUserWebFilter$StaticUserFilter) to context hddsDatanode
2021-07-28 08:36:57,754 [Listener at 127.0.0.1/42363] INFO  http.HttpServer2 (HttpServer2.java:addFilter(1004)) - Added filter static_user_filter (class=org.apache.hadoop.http.lib.StaticUserWebFilter$StaticUserFilter) to context static
2021-07-28 08:36:57,754 [Listener at 127.0.0.1/42363] INFO  http.HttpServer2 (HttpServer2.java:addFilter(1004)) - Added filter static_user_filter (class=org.apache.hadoop.http.lib.StaticUserWebFilter$StaticUserFilter) to context logs
2021-07-28 08:36:57,754 [Listener at 127.0.0.1/42363] INFO  http.HttpServer2 (HttpServer2.java:bindListener(1239)) - Jetty bound to port 39411
2021-07-28 08:36:57,754 [Listener at 127.0.0.1/42363] INFO  server.Server (Server.java:doStart(375)) - jetty-9.4.35.v20201120; built: 2020-11-20T21:17:03.964Z; git: bdc54f03a5e0a7e280fab27f55c3c75ee8da89fb; jvm 1.8.0_292-b10
2021-07-28 08:36:57,759 [Listener at 127.0.0.1/42363] INFO  server.session (DefaultSessionIdManager.java:doStart(334)) - DefaultSessionIdManager workerName=node0
2021-07-28 08:36:57,759 [Listener at 127.0.0.1/42363] INFO  server.session (DefaultSessionIdManager.java:doStart(339)) - No SessionScavenger set, using defaults
2021-07-28 08:36:57,759 [Listener at 127.0.0.1/42363] INFO  server.session (HouseKeeper.java:startScavenging(132)) - node0 Scavenging every 600000ms
2021-07-28 08:36:57,760 [Listener at 127.0.0.1/42363] INFO  handler.ContextHandler (ContextHandler.java:doStart(916)) - Started o.e.j.s.ServletContextHandler@24fb4c85{logs,/logs,file:///home/runner/work/ozone/ozone/mnt/ozone/hadoop-ozone/integration-test/target/log,AVAILABLE}
2021-07-28 08:36:57,760 [Listener at 127.0.0.1/42363] INFO  handler.ContextHandler (ContextHandler.java:doStart(916)) - Started o.e.j.s.ServletContextHandler@52dbfddc{static,/static,jar:file:/home/runner/.m2/repository/org/apache/ozone/hdds-container-service/1.2.0-SNAPSHOT/hdds-container-service-1.2.0-SNAPSHOT.jar!/webapps/static,AVAILABLE}
2021-07-28 08:36:57,807 [Listener at 127.0.0.1/42363] INFO  handler.ContextHandler (ContextHandler.java:doStart(916)) - Started o.e.j.w.WebAppContext@45c8a5ff{hddsDatanode,/,file:///tmp/jetty-0_0_0_0-39411-hdds-container-service-1_2_0-SNAPSHOT_jar-_-any-1042116840187710325/webapp/,AVAILABLE}{jar:file:/home/runner/.m2/repository/org/apache/ozone/hdds-container-service/1.2.0-SNAPSHOT/hdds-container-service-1.2.0-SNAPSHOT.jar!/webapps/hddsDatanode}
2021-07-28 08:36:57,809 [Listener at 127.0.0.1/42363] INFO  server.AbstractConnector (AbstractConnector.java:doStart(331)) - Started ServerConnector@41a40eb9{HTTP/1.1, (http/1.1)}{0.0.0.0:39411}
2021-07-28 08:36:57,809 [Listener at 127.0.0.1/42363] INFO  server.Server (Server.java:doStart(415)) - Started @144343ms
2021-07-28 08:36:57,809 [Listener at 127.0.0.1/42363] WARN  impl.MetricsSystemImpl (MetricsSystemImpl.java:register(279)) - Sink prometheus already exists!
2021-07-28 08:36:57,810 [Listener at 127.0.0.1/42363] INFO  http.BaseHttpServer (BaseHttpServer.java:updateConnectorAddress(329)) - HTTP server of hddsDatanode listening at http://0.0.0.0:39411
2021-07-28 08:36:57,810 [Listener at 127.0.0.1/42363] WARN  impl.MetricRegistriesImpl (MetricRegistriesImpl.java:addReporterRegistration(111)) - New reporters are added after registries were created. Some metrics will be missing from the reporter. Please add reporter before adding any new registry.
2021-07-28 08:36:57,810 [Listener at 127.0.0.1/42363] WARN  impl.MetricRegistriesImpl (MetricRegistriesImpl.java:addReporterRegistration(111)) - New reporters are added after registries were created. Some metrics will be missing from the reporter. Please add reporter before adding any new registry.
2021-07-28 08:36:57,811 [Listener at 127.0.0.1/42363] INFO  impl.MetricsSystemImpl (MetricsSystemImpl.java:init(158)) - HddsDatanode metrics system started (again)
2021-07-28 08:36:57,825 [Datanode State Machine Task Thread - 0] INFO  datanode.InitDatanodeState (InitDatanodeState.java:persistContainerDatanodeDetails(145)) - DatanodeDetails is persisted to /home/runner/work/ozone/ozone/mnt/ozone/hadoop-ozone/integration-test/target/test-dir/MiniOzoneClusterImpl-7b7c0b8f-b3d8-4fbb-9550-cea541527f6c/datanode-5/meta/datanode.id
2021-07-28 08:36:57,825 [org.apache.hadoop.util.JvmPauseMonitor$Monitor@53d2ef97] INFO  util.JvmPauseMonitor (JvmPauseMonitor.java:run(188)) - Starting JVM pause monitor
2021-07-28 08:36:57,827 [Listener at 127.0.0.1/42363] INFO  ozone.HddsDatanodeService (HddsDatanodeService.java:start(234)) - HddsDatanodeService host:fv-az122-844.zf1tlrj3kn4expqppa1j4mpycf.xx.internal.cloudapp.net ip:10.1.0.59
2021-07-28 08:36:57,849 [Listener at 127.0.0.1/42363] INFO  upgrade.AbstractLayoutVersionManager (AbstractLayoutVersionManager.java:init(70)) - Initializing Layout version manager with metadata layout = SCM_HA (version = 2), software layout = SCM_HA (version = 2)
2021-07-28 08:36:57,888 [Listener at 127.0.0.1/42363] INFO  reflections.Reflections (Reflections.java:scan(232)) - Reflections took 38 ms to scan 7 urls, producing 120 keys and 273 values 
2021-07-28 08:36:57,892 [Listener at 127.0.0.1/42363] INFO  volume.HddsVolume (HddsVolume.java:<init>(120)) - Creating HddsVolume: /home/runner/work/ozone/ozone/mnt/ozone/hadoop-ozone/integration-test/target/test-dir/MiniOzoneClusterImpl-7b7c0b8f-b3d8-4fbb-9550-cea541527f6c/datanode-6/data-0/containers/hdds of storage type : DISK capacity : 9223372036854775807
2021-07-28 08:36:57,892 [Listener at 127.0.0.1/42363] INFO  volume.MutableVolumeSet (MutableVolumeSet.java:initializeVolumeSet(181)) - Added Volume : /home/runner/work/ozone/ozone/mnt/ozone/hadoop-ozone/integration-test/target/test-dir/MiniOzoneClusterImpl-7b7c0b8f-b3d8-4fbb-9550-cea541527f6c/datanode-6/data-0/containers/hdds to VolumeSet
2021-07-28 08:36:57,893 [Listener at 127.0.0.1/42363] INFO  volume.ThrottledAsyncChecker (ThrottledAsyncChecker.java:schedule(141)) - Scheduling a check for /home/runner/work/ozone/ozone/mnt/ozone/hadoop-ozone/integration-test/target/test-dir/MiniOzoneClusterImpl-7b7c0b8f-b3d8-4fbb-9550-cea541527f6c/datanode-6/data-0/containers/hdds
2021-07-28 08:36:57,893 [Listener at 127.0.0.1/42363] INFO  volume.StorageVolumeChecker (StorageVolumeChecker.java:checkAllVolumes(202)) - Scheduled health check for volume /home/runner/work/ozone/ozone/mnt/ozone/hadoop-ozone/integration-test/target/test-dir/MiniOzoneClusterImpl-7b7c0b8f-b3d8-4fbb-9550-cea541527f6c/datanode-6/data-0/containers/hdds
2021-07-28 08:36:57,907 [Listener at 127.0.0.1/42363] INFO  volume.MutableVolumeSet (MutableVolumeSet.java:initializeVolumeSet(181)) - Added Volume : /home/runner/work/ozone/ozone/mnt/ozone/hadoop-ozone/integration-test/target/test-dir/MiniOzoneClusterImpl-7b7c0b8f-b3d8-4fbb-9550-cea541527f6c/datanode-6/data/ratis to VolumeSet
2021-07-28 08:36:57,907 [Listener at 127.0.0.1/42363] INFO  volume.ThrottledAsyncChecker (ThrottledAsyncChecker.java:schedule(141)) - Scheduling a check for /home/runner/work/ozone/ozone/mnt/ozone/hadoop-ozone/integration-test/target/test-dir/MiniOzoneClusterImpl-7b7c0b8f-b3d8-4fbb-9550-cea541527f6c/datanode-6/data/ratis
2021-07-28 08:36:57,907 [Listener at 127.0.0.1/42363] INFO  volume.StorageVolumeChecker (StorageVolumeChecker.java:checkAllVolumes(202)) - Scheduled health check for volume /home/runner/work/ozone/ozone/mnt/ozone/hadoop-ozone/integration-test/target/test-dir/MiniOzoneClusterImpl-7b7c0b8f-b3d8-4fbb-9550-cea541527f6c/datanode-6/data/ratis
2021-07-28 08:36:57,920 [Listener at 127.0.0.1/42363] INFO  ozoneimpl.ContainerReader (ContainerReader.java:<init>(98)) - Running in upgrade mode:true
2021-07-28 08:36:57,920 [Thread-1297] INFO  ozoneimpl.ContainerReader (ContainerReader.java:readVolume(142)) - Start to verify containers on volume /home/runner/work/ozone/ozone/mnt/ozone/hadoop-ozone/integration-test/target/test-dir/MiniOzoneClusterImpl-7b7c0b8f-b3d8-4fbb-9550-cea541527f6c/datanode-6/data-0/containers/hdds
2021-07-28 08:36:57,920 [Thread-1297] INFO  ozoneimpl.ContainerReader (ContainerReader.java:readVolume(174)) - Finish verifying containers on volume /home/runner/work/ozone/ozone/mnt/ozone/hadoop-ozone/integration-test/target/test-dir/MiniOzoneClusterImpl-7b7c0b8f-b3d8-4fbb-9550-cea541527f6c/datanode-6/data-0/containers/hdds
2021-07-28 08:36:57,920 [Listener at 127.0.0.1/42363] INFO  ozoneimpl.OzoneContainer (OzoneContainer.java:buildContainerSet(237)) - Build ContainerSet costs 0s
2021-07-28 08:36:57,922 [Listener at 127.0.0.1/42363] INFO  server.RaftServer (ConfUtils.java:logGet(44)) - raft.rpc.type = GRPC (default)
2021-07-28 08:36:57,922 [Listener at 127.0.0.1/42363] INFO  grpc.GrpcFactory (GrpcFactory.java:checkPooledByteBufAllocatorUseCacheForAllThreads(48)) - PERFORMANCE WARNING: useCacheForAllThreads is true that may cause Netty to create a lot garbage objects and, as a result, trigger GC.
	It is recommended to disable useCacheForAllThreads by setting -Dorg.apache.ratis.thirdparty.io.netty.allocator.useCacheForAllThreads=false in command line.
2021-07-28 08:36:57,922 [Listener at 127.0.0.1/42363] INFO  grpc.GrpcConfigKeys (ConfUtils.java:logGet(44)) - raft.grpc.admin.port = 0 (custom)
2021-07-28 08:36:57,922 [Listener at 127.0.0.1/42363] INFO  grpc.GrpcConfigKeys (ConfUtils.java:logGet(44)) - raft.grpc.client.port = 0 (custom)
2021-07-28 08:36:57,922 [Listener at 127.0.0.1/42363] INFO  grpc.GrpcConfigKeys (ConfUtils.java:logGet(44)) - raft.grpc.server.port = 0 (default)
2021-07-28 08:36:57,923 [Listener at 127.0.0.1/42363] INFO  server.GrpcService (ConfUtils.java:logGet(44)) - raft.grpc.message.size.max = 32MB (=33554432) (custom)
2021-07-28 08:36:57,923 [Listener at 127.0.0.1/42363] INFO  server.RaftServerConfigKeys (ConfUtils.java:logGet(44)) - raft.server.log.appender.buffer.byte-limit = 33554432 (custom)
2021-07-28 08:36:57,923 [Listener at 127.0.0.1/42363] INFO  server.GrpcService (ConfUtils.java:logGet(44)) - raft.grpc.flow.control.window = 5MB (=5242880) (custom)
2021-07-28 08:36:57,923 [Listener at 127.0.0.1/42363] INFO  server.RaftServerConfigKeys (ConfUtils.java:logGet(44)) - raft.server.rpc.request.timeout = 3000ms (default)
2021-07-28 08:36:57,924 [Listener at 127.0.0.1/42363] INFO  impl.DataStreamServerImpl (ConfUtils.java:logGet(44)) - raft.datastream.type = DISABLED (default)
2021-07-28 08:36:57,924 [Listener at 127.0.0.1/42363] INFO  server.RaftServerConfigKeys (ConfUtils.java:logGet(44)) - raft.server.rpc.slowness.timeout = 300000ms (custom)
2021-07-28 08:36:57,924 [Listener at 127.0.0.1/42363] INFO  server.RaftServerConfigKeys (ConfUtils.java:logGet(44)) - raft.server.leaderelection.leader.step-down.wait-time = 10s (default)
2021-07-28 08:36:57,925 [Listener at 127.0.0.1/42363] INFO  server.RaftServerConfigKeys (ConfUtils.java:logGet(44)) - raft.server.storage.dir = [/home/runner/work/ozone/ozone/mnt/ozone/hadoop-ozone/integration-test/target/test-dir/MiniOzoneClusterImpl-7b7c0b8f-b3d8-4fbb-9550-cea541527f6c/datanode-6/data/ratis] (custom)
2021-07-28 08:36:57,927 [Listener at 127.0.0.1/42363] INFO  http.BaseHttpServer (BaseHttpServer.java:newHttpServer2BuilderForOzone(209)) - Starting Web-server for hddsDatanode at: http://0.0.0.0:0
2021-07-28 08:36:57,927 [Listener at 127.0.0.1/42363] INFO  http.BaseHttpServer (BaseHttpServer.java:<init>(107)) - Hadoop Security Enabled: false Ozone Security Enabled: false Ozone HTTP Security Enabled: false 
2021-07-28 08:36:57,928 [Listener at 127.0.0.1/42363] INFO  server.AuthenticationFilter (AuthenticationFilter.java:constructSecretProvider(240)) - Unable to initialize FileSignerSecretProvider, falling back to use random secrets.
2021-07-28 08:36:57,932 [Listener at 127.0.0.1/42363] WARN  http.HttpRequestLog (HttpRequestLog.java:getRequestLog(103)) - Jetty request log can only be enabled using Log4j
2021-07-28 08:36:57,933 [Listener at 127.0.0.1/42363] INFO  http.HttpServer2 (HttpServer2.java:addGlobalFilter(1020)) - Added global filter 'safety' (class=org.apache.hadoop.hdds.server.http.HttpServer2$QuotingInputFilter)
2021-07-28 08:36:57,934 [Listener at 127.0.0.1/42363] INFO  http.HttpServer2 (HttpServer2.java:addFilter(996)) - Added filter static_user_filter (class=org.apache.hadoop.http.lib.StaticUserWebFilter$StaticUserFilter) to context hddsDatanode
2021-07-28 08:36:57,934 [Listener at 127.0.0.1/42363] INFO  http.HttpServer2 (HttpServer2.java:addFilter(1004)) - Added filter static_user_filter (class=org.apache.hadoop.http.lib.StaticUserWebFilter$StaticUserFilter) to context static
2021-07-28 08:36:57,934 [Listener at 127.0.0.1/42363] INFO  http.HttpServer2 (HttpServer2.java:addFilter(1004)) - Added filter static_user_filter (class=org.apache.hadoop.http.lib.StaticUserWebFilter$StaticUserFilter) to context logs
2021-07-28 08:36:57,935 [Listener at 127.0.0.1/42363] INFO  http.HttpServer2 (HttpServer2.java:bindListener(1239)) - Jetty bound to port 35577
2021-07-28 08:36:57,935 [Listener at 127.0.0.1/42363] INFO  server.Server (Server.java:doStart(375)) - jetty-9.4.35.v20201120; built: 2020-11-20T21:17:03.964Z; git: bdc54f03a5e0a7e280fab27f55c3c75ee8da89fb; jvm 1.8.0_292-b10
2021-07-28 08:36:57,937 [Listener at 127.0.0.1/42363] INFO  server.session (DefaultSessionIdManager.java:doStart(334)) - DefaultSessionIdManager workerName=node0
2021-07-28 08:36:57,937 [Listener at 127.0.0.1/42363] INFO  server.session (DefaultSessionIdManager.java:doStart(339)) - No SessionScavenger set, using defaults
2021-07-28 08:36:57,938 [Listener at 127.0.0.1/42363] INFO  server.session (HouseKeeper.java:startScavenging(132)) - node0 Scavenging every 660000ms
2021-07-28 08:36:57,938 [Listener at 127.0.0.1/42363] INFO  handler.ContextHandler (ContextHandler.java:doStart(916)) - Started o.e.j.s.ServletContextHandler@128e9772{logs,/logs,file:///home/runner/work/ozone/ozone/mnt/ozone/hadoop-ozone/integration-test/target/log,AVAILABLE}
2021-07-28 08:36:57,939 [Listener at 127.0.0.1/42363] INFO  handler.ContextHandler (ContextHandler.java:doStart(916)) - Started o.e.j.s.ServletContextHandler@59501e6{static,/static,jar:file:/home/runner/.m2/repository/org/apache/ozone/hdds-container-service/1.2.0-SNAPSHOT/hdds-container-service-1.2.0-SNAPSHOT.jar!/webapps/static,AVAILABLE}
2021-07-28 08:36:57,985 [Listener at 127.0.0.1/42363] INFO  handler.ContextHandler (ContextHandler.java:doStart(916)) - Started o.e.j.w.WebAppContext@62163cf7{hddsDatanode,/,file:///tmp/jetty-0_0_0_0-35577-hdds-container-service-1_2_0-SNAPSHOT_jar-_-any-4817750350789752625/webapp/,AVAILABLE}{jar:file:/home/runner/.m2/repository/org/apache/ozone/hdds-container-service/1.2.0-SNAPSHOT/hdds-container-service-1.2.0-SNAPSHOT.jar!/webapps/hddsDatanode}
2021-07-28 08:36:57,987 [Listener at 127.0.0.1/42363] INFO  server.AbstractConnector (AbstractConnector.java:doStart(331)) - Started ServerConnector@ccbf3f{HTTP/1.1, (http/1.1)}{0.0.0.0:35577}
2021-07-28 08:36:57,987 [Listener at 127.0.0.1/42363] INFO  server.Server (Server.java:doStart(415)) - Started @144521ms
2021-07-28 08:36:57,987 [Listener at 127.0.0.1/42363] WARN  impl.MetricsSystemImpl (MetricsSystemImpl.java:register(279)) - Sink prometheus already exists!
2021-07-28 08:36:57,988 [Listener at 127.0.0.1/42363] INFO  http.BaseHttpServer (BaseHttpServer.java:updateConnectorAddress(329)) - HTTP server of hddsDatanode listening at http://0.0.0.0:35577
2021-07-28 08:36:57,994 [Listener at 127.0.0.1/42363] WARN  impl.MetricRegistriesImpl (MetricRegistriesImpl.java:addReporterRegistration(111)) - New reporters are added after registries were created. Some metrics will be missing from the reporter. Please add reporter before adding any new registry.
2021-07-28 08:36:57,994 [Listener at 127.0.0.1/42363] WARN  impl.MetricRegistriesImpl (MetricRegistriesImpl.java:addReporterRegistration(111)) - New reporters are added after registries were created. Some metrics will be missing from the reporter. Please add reporter before adding any new registry.
2021-07-28 08:36:57,994 [Listener at 127.0.0.1/42363] INFO  impl.MetricsSystemImpl (MetricsSystemImpl.java:init(158)) - HddsDatanode metrics system started (again)
2021-07-28 08:36:58,009 [Listener at 127.0.0.1/42363] INFO  ozone.HddsDatanodeService (HddsDatanodeService.java:start(234)) - HddsDatanodeService host:fv-az122-844.zf1tlrj3kn4expqppa1j4mpycf.xx.internal.cloudapp.net ip:10.1.0.59
2021-07-28 08:36:58,013 [org.apache.hadoop.util.JvmPauseMonitor$Monitor@43bb4e15] INFO  util.JvmPauseMonitor (JvmPauseMonitor.java:run(188)) - Starting JVM pause monitor
2021-07-28 08:36:58,014 [Datanode State Machine Task Thread - 0] INFO  datanode.InitDatanodeState (InitDatanodeState.java:persistContainerDatanodeDetails(145)) - DatanodeDetails is persisted to /home/runner/work/ozone/ozone/mnt/ozone/hadoop-ozone/integration-test/target/test-dir/MiniOzoneClusterImpl-7b7c0b8f-b3d8-4fbb-9550-cea541527f6c/datanode-6/meta/datanode.id
2021-07-28 08:36:58,028 [Listener at 127.0.0.1/42363] INFO  upgrade.AbstractLayoutVersionManager (AbstractLayoutVersionManager.java:init(70)) - Initializing Layout version manager with metadata layout = SCM_HA (version = 2), software layout = SCM_HA (version = 2)
2021-07-28 08:36:58,068 [Listener at 127.0.0.1/42363] INFO  reflections.Reflections (Reflections.java:scan(232)) - Reflections took 39 ms to scan 7 urls, producing 120 keys and 273 values 
2021-07-28 08:36:58,070 [Listener at 127.0.0.1/42363] INFO  volume.HddsVolume (HddsVolume.java:<init>(120)) - Creating HddsVolume: /home/runner/work/ozone/ozone/mnt/ozone/hadoop-ozone/integration-test/target/test-dir/MiniOzoneClusterImpl-7b7c0b8f-b3d8-4fbb-9550-cea541527f6c/datanode-7/data-0/containers/hdds of storage type : DISK capacity : 9223372036854775807
2021-07-28 08:36:58,070 [Listener at 127.0.0.1/42363] INFO  volume.MutableVolumeSet (MutableVolumeSet.java:initializeVolumeSet(181)) - Added Volume : /home/runner/work/ozone/ozone/mnt/ozone/hadoop-ozone/integration-test/target/test-dir/MiniOzoneClusterImpl-7b7c0b8f-b3d8-4fbb-9550-cea541527f6c/datanode-7/data-0/containers/hdds to VolumeSet
2021-07-28 08:36:58,070 [Listener at 127.0.0.1/42363] INFO  volume.ThrottledAsyncChecker (ThrottledAsyncChecker.java:schedule(141)) - Scheduling a check for /home/runner/work/ozone/ozone/mnt/ozone/hadoop-ozone/integration-test/target/test-dir/MiniOzoneClusterImpl-7b7c0b8f-b3d8-4fbb-9550-cea541527f6c/datanode-7/data-0/containers/hdds
2021-07-28 08:36:58,071 [Listener at 127.0.0.1/42363] INFO  volume.StorageVolumeChecker (StorageVolumeChecker.java:checkAllVolumes(202)) - Scheduled health check for volume /home/runner/work/ozone/ozone/mnt/ozone/hadoop-ozone/integration-test/target/test-dir/MiniOzoneClusterImpl-7b7c0b8f-b3d8-4fbb-9550-cea541527f6c/datanode-7/data-0/containers/hdds
2021-07-28 08:36:58,086 [Listener at 127.0.0.1/42363] INFO  volume.MutableVolumeSet (MutableVolumeSet.java:initializeVolumeSet(181)) - Added Volume : /home/runner/work/ozone/ozone/mnt/ozone/hadoop-ozone/integration-test/target/test-dir/MiniOzoneClusterImpl-7b7c0b8f-b3d8-4fbb-9550-cea541527f6c/datanode-7/data/ratis to VolumeSet
2021-07-28 08:36:58,086 [Listener at 127.0.0.1/42363] INFO  volume.ThrottledAsyncChecker (ThrottledAsyncChecker.java:schedule(141)) - Scheduling a check for /home/runner/work/ozone/ozone/mnt/ozone/hadoop-ozone/integration-test/target/test-dir/MiniOzoneClusterImpl-7b7c0b8f-b3d8-4fbb-9550-cea541527f6c/datanode-7/data/ratis
2021-07-28 08:36:58,087 [Listener at 127.0.0.1/42363] INFO  volume.StorageVolumeChecker (StorageVolumeChecker.java:checkAllVolumes(202)) - Scheduled health check for volume /home/runner/work/ozone/ozone/mnt/ozone/hadoop-ozone/integration-test/target/test-dir/MiniOzoneClusterImpl-7b7c0b8f-b3d8-4fbb-9550-cea541527f6c/datanode-7/data/ratis
2021-07-28 08:36:58,102 [Listener at 127.0.0.1/42363] INFO  ozoneimpl.ContainerReader (ContainerReader.java:<init>(98)) - Running in upgrade mode:true
2021-07-28 08:36:58,103 [Thread-1308] INFO  ozoneimpl.ContainerReader (ContainerReader.java:readVolume(142)) - Start to verify containers on volume /home/runner/work/ozone/ozone/mnt/ozone/hadoop-ozone/integration-test/target/test-dir/MiniOzoneClusterImpl-7b7c0b8f-b3d8-4fbb-9550-cea541527f6c/datanode-7/data-0/containers/hdds
2021-07-28 08:36:58,103 [Thread-1308] INFO  ozoneimpl.ContainerReader (ContainerReader.java:readVolume(174)) - Finish verifying containers on volume /home/runner/work/ozone/ozone/mnt/ozone/hadoop-ozone/integration-test/target/test-dir/MiniOzoneClusterImpl-7b7c0b8f-b3d8-4fbb-9550-cea541527f6c/datanode-7/data-0/containers/hdds
2021-07-28 08:36:58,103 [Listener at 127.0.0.1/42363] INFO  ozoneimpl.OzoneContainer (OzoneContainer.java:buildContainerSet(237)) - Build ContainerSet costs 0s
2021-07-28 08:36:58,105 [Listener at 127.0.0.1/42363] INFO  server.RaftServer (ConfUtils.java:logGet(44)) - raft.rpc.type = GRPC (default)
2021-07-28 08:36:58,106 [Listener at 127.0.0.1/42363] INFO  grpc.GrpcFactory (GrpcFactory.java:checkPooledByteBufAllocatorUseCacheForAllThreads(48)) - PERFORMANCE WARNING: useCacheForAllThreads is true that may cause Netty to create a lot garbage objects and, as a result, trigger GC.
	It is recommended to disable useCacheForAllThreads by setting -Dorg.apache.ratis.thirdparty.io.netty.allocator.useCacheForAllThreads=false in command line.
2021-07-28 08:36:58,106 [Listener at 127.0.0.1/42363] INFO  grpc.GrpcConfigKeys (ConfUtils.java:logGet(44)) - raft.grpc.admin.port = 0 (custom)
2021-07-28 08:36:58,106 [Listener at 127.0.0.1/42363] INFO  grpc.GrpcConfigKeys (ConfUtils.java:logGet(44)) - raft.grpc.client.port = 0 (custom)
2021-07-28 08:36:58,106 [Listener at 127.0.0.1/42363] INFO  grpc.GrpcConfigKeys (ConfUtils.java:logGet(44)) - raft.grpc.server.port = 0 (default)
2021-07-28 08:36:58,106 [Listener at 127.0.0.1/42363] INFO  server.GrpcService (ConfUtils.java:logGet(44)) - raft.grpc.message.size.max = 32MB (=33554432) (custom)
2021-07-28 08:36:58,107 [Listener at 127.0.0.1/42363] INFO  server.RaftServerConfigKeys (ConfUtils.java:logGet(44)) - raft.server.log.appender.buffer.byte-limit = 33554432 (custom)
2021-07-28 08:36:58,107 [Listener at 127.0.0.1/42363] INFO  server.GrpcService (ConfUtils.java:logGet(44)) - raft.grpc.flow.control.window = 5MB (=5242880) (custom)
2021-07-28 08:36:58,107 [Listener at 127.0.0.1/42363] INFO  server.RaftServerConfigKeys (ConfUtils.java:logGet(44)) - raft.server.rpc.request.timeout = 3000ms (default)
2021-07-28 08:36:58,108 [Listener at 127.0.0.1/42363] INFO  impl.DataStreamServerImpl (ConfUtils.java:logGet(44)) - raft.datastream.type = DISABLED (default)
2021-07-28 08:36:58,108 [Listener at 127.0.0.1/42363] INFO  server.RaftServerConfigKeys (ConfUtils.java:logGet(44)) - raft.server.rpc.slowness.timeout = 300000ms (custom)
2021-07-28 08:36:58,108 [Listener at 127.0.0.1/42363] INFO  server.RaftServerConfigKeys (ConfUtils.java:logGet(44)) - raft.server.leaderelection.leader.step-down.wait-time = 10s (default)
2021-07-28 08:36:58,109 [Listener at 127.0.0.1/42363] INFO  server.RaftServerConfigKeys (ConfUtils.java:logGet(44)) - raft.server.storage.dir = [/home/runner/work/ozone/ozone/mnt/ozone/hadoop-ozone/integration-test/target/test-dir/MiniOzoneClusterImpl-7b7c0b8f-b3d8-4fbb-9550-cea541527f6c/datanode-7/data/ratis] (custom)
2021-07-28 08:36:58,112 [Listener at 127.0.0.1/42363] INFO  http.BaseHttpServer (BaseHttpServer.java:newHttpServer2BuilderForOzone(209)) - Starting Web-server for hddsDatanode at: http://0.0.0.0:0
2021-07-28 08:36:58,112 [Listener at 127.0.0.1/42363] INFO  http.BaseHttpServer (BaseHttpServer.java:<init>(107)) - Hadoop Security Enabled: false Ozone Security Enabled: false Ozone HTTP Security Enabled: false 
2021-07-28 08:36:58,113 [Listener at 127.0.0.1/42363] INFO  server.AuthenticationFilter (AuthenticationFilter.java:constructSecretProvider(240)) - Unable to initialize FileSignerSecretProvider, falling back to use random secrets.
2021-07-28 08:36:58,114 [Listener at 127.0.0.1/42363] WARN  http.HttpRequestLog (HttpRequestLog.java:getRequestLog(103)) - Jetty request log can only be enabled using Log4j
2021-07-28 08:36:58,115 [Listener at 127.0.0.1/42363] INFO  http.HttpServer2 (HttpServer2.java:addGlobalFilter(1020)) - Added global filter 'safety' (class=org.apache.hadoop.hdds.server.http.HttpServer2$QuotingInputFilter)
2021-07-28 08:36:58,116 [Listener at 127.0.0.1/42363] INFO  http.HttpServer2 (HttpServer2.java:addFilter(996)) - Added filter static_user_filter (class=org.apache.hadoop.http.lib.StaticUserWebFilter$StaticUserFilter) to context hddsDatanode
2021-07-28 08:36:58,116 [Listener at 127.0.0.1/42363] INFO  http.HttpServer2 (HttpServer2.java:addFilter(1004)) - Added filter static_user_filter (class=org.apache.hadoop.http.lib.StaticUserWebFilter$StaticUserFilter) to context logs
2021-07-28 08:36:58,116 [Listener at 127.0.0.1/42363] INFO  http.HttpServer2 (HttpServer2.java:addFilter(1004)) - Added filter static_user_filter (class=org.apache.hadoop.http.lib.StaticUserWebFilter$StaticUserFilter) to context static
2021-07-28 08:36:58,117 [Listener at 127.0.0.1/42363] INFO  http.HttpServer2 (HttpServer2.java:bindListener(1239)) - Jetty bound to port 34913
2021-07-28 08:36:58,117 [Listener at 127.0.0.1/42363] INFO  server.Server (Server.java:doStart(375)) - jetty-9.4.35.v20201120; built: 2020-11-20T21:17:03.964Z; git: bdc54f03a5e0a7e280fab27f55c3c75ee8da89fb; jvm 1.8.0_292-b10
2021-07-28 08:36:58,122 [Listener at 127.0.0.1/42363] INFO  server.session (DefaultSessionIdManager.java:doStart(334)) - DefaultSessionIdManager workerName=node0
2021-07-28 08:36:58,122 [Listener at 127.0.0.1/42363] INFO  server.session (DefaultSessionIdManager.java:doStart(339)) - No SessionScavenger set, using defaults
2021-07-28 08:36:58,122 [Listener at 127.0.0.1/42363] INFO  server.session (HouseKeeper.java:startScavenging(132)) - node0 Scavenging every 660000ms
2021-07-28 08:36:58,125 [Listener at 127.0.0.1/42363] INFO  handler.ContextHandler (ContextHandler.java:doStart(916)) - Started o.e.j.s.ServletContextHandler@59362e10{logs,/logs,file:///home/runner/work/ozone/ozone/mnt/ozone/hadoop-ozone/integration-test/target/log,AVAILABLE}
2021-07-28 08:36:58,125 [Listener at 127.0.0.1/42363] INFO  handler.ContextHandler (ContextHandler.java:doStart(916)) - Started o.e.j.s.ServletContextHandler@5333d6ea{static,/static,jar:file:/home/runner/.m2/repository/org/apache/ozone/hdds-container-service/1.2.0-SNAPSHOT/hdds-container-service-1.2.0-SNAPSHOT.jar!/webapps/static,AVAILABLE}
2021-07-28 08:36:58,171 [Listener at 127.0.0.1/42363] INFO  handler.ContextHandler (ContextHandler.java:doStart(916)) - Started o.e.j.w.WebAppContext@41d47982{hddsDatanode,/,file:///tmp/jetty-0_0_0_0-34913-hdds-container-service-1_2_0-SNAPSHOT_jar-_-any-6712319188710905903/webapp/,AVAILABLE}{jar:file:/home/runner/.m2/repository/org/apache/ozone/hdds-container-service/1.2.0-SNAPSHOT/hdds-container-service-1.2.0-SNAPSHOT.jar!/webapps/hddsDatanode}
2021-07-28 08:36:58,176 [Listener at 127.0.0.1/42363] INFO  server.AbstractConnector (AbstractConnector.java:doStart(331)) - Started ServerConnector@22cb0c47{HTTP/1.1, (http/1.1)}{0.0.0.0:34913}
2021-07-28 08:36:58,176 [Listener at 127.0.0.1/42363] INFO  server.Server (Server.java:doStart(415)) - Started @144710ms
2021-07-28 08:36:58,176 [Listener at 127.0.0.1/42363] WARN  impl.MetricsSystemImpl (MetricsSystemImpl.java:register(279)) - Sink prometheus already exists!
2021-07-28 08:36:58,177 [Listener at 127.0.0.1/42363] INFO  http.BaseHttpServer (BaseHttpServer.java:updateConnectorAddress(329)) - HTTP server of hddsDatanode listening at http://0.0.0.0:34913
2021-07-28 08:36:58,178 [Listener at 127.0.0.1/42363] WARN  impl.MetricRegistriesImpl (MetricRegistriesImpl.java:addReporterRegistration(111)) - New reporters are added after registries were created. Some metrics will be missing from the reporter. Please add reporter before adding any new registry.
2021-07-28 08:36:58,178 [Listener at 127.0.0.1/42363] WARN  impl.MetricRegistriesImpl (MetricRegistriesImpl.java:addReporterRegistration(111)) - New reporters are added after registries were created. Some metrics will be missing from the reporter. Please add reporter before adding any new registry.
2021-07-28 08:36:58,178 [Listener at 127.0.0.1/42363] INFO  impl.MetricsSystemImpl (MetricsSystemImpl.java:init(158)) - HddsDatanode metrics system started (again)
2021-07-28 08:36:58,193 [org.apache.hadoop.util.JvmPauseMonitor$Monitor@dffeebf] INFO  util.JvmPauseMonitor (JvmPauseMonitor.java:run(188)) - Starting JVM pause monitor
2021-07-28 08:36:58,195 [Listener at 127.0.0.1/42363] INFO  ozone.HddsDatanodeService (HddsDatanodeService.java:start(234)) - HddsDatanodeService host:fv-az122-844.zf1tlrj3kn4expqppa1j4mpycf.xx.internal.cloudapp.net ip:10.1.0.59
2021-07-28 08:36:58,198 [Datanode State Machine Task Thread - 0] INFO  datanode.InitDatanodeState (InitDatanodeState.java:persistContainerDatanodeDetails(145)) - DatanodeDetails is persisted to /home/runner/work/ozone/ozone/mnt/ozone/hadoop-ozone/integration-test/target/test-dir/MiniOzoneClusterImpl-7b7c0b8f-b3d8-4fbb-9550-cea541527f6c/datanode-7/meta/datanode.id
2021-07-28 08:36:58,217 [Listener at 127.0.0.1/42363] INFO  upgrade.AbstractLayoutVersionManager (AbstractLayoutVersionManager.java:init(70)) - Initializing Layout version manager with metadata layout = SCM_HA (version = 2), software layout = SCM_HA (version = 2)
2021-07-28 08:36:58,257 [Listener at 127.0.0.1/42363] INFO  reflections.Reflections (Reflections.java:scan(232)) - Reflections took 38 ms to scan 7 urls, producing 120 keys and 273 values 
2021-07-28 08:36:58,260 [Listener at 127.0.0.1/42363] INFO  volume.HddsVolume (HddsVolume.java:<init>(120)) - Creating HddsVolume: /home/runner/work/ozone/ozone/mnt/ozone/hadoop-ozone/integration-test/target/test-dir/MiniOzoneClusterImpl-7b7c0b8f-b3d8-4fbb-9550-cea541527f6c/datanode-8/data-0/containers/hdds of storage type : DISK capacity : 9223372036854775807
2021-07-28 08:36:58,260 [Listener at 127.0.0.1/42363] INFO  volume.MutableVolumeSet (MutableVolumeSet.java:initializeVolumeSet(181)) - Added Volume : /home/runner/work/ozone/ozone/mnt/ozone/hadoop-ozone/integration-test/target/test-dir/MiniOzoneClusterImpl-7b7c0b8f-b3d8-4fbb-9550-cea541527f6c/datanode-8/data-0/containers/hdds to VolumeSet
2021-07-28 08:36:58,260 [Listener at 127.0.0.1/42363] INFO  volume.ThrottledAsyncChecker (ThrottledAsyncChecker.java:schedule(141)) - Scheduling a check for /home/runner/work/ozone/ozone/mnt/ozone/hadoop-ozone/integration-test/target/test-dir/MiniOzoneClusterImpl-7b7c0b8f-b3d8-4fbb-9550-cea541527f6c/datanode-8/data-0/containers/hdds
2021-07-28 08:36:58,260 [Listener at 127.0.0.1/42363] INFO  volume.StorageVolumeChecker (StorageVolumeChecker.java:checkAllVolumes(202)) - Scheduled health check for volume /home/runner/work/ozone/ozone/mnt/ozone/hadoop-ozone/integration-test/target/test-dir/MiniOzoneClusterImpl-7b7c0b8f-b3d8-4fbb-9550-cea541527f6c/datanode-8/data-0/containers/hdds
2021-07-28 08:36:58,277 [Listener at 127.0.0.1/42363] INFO  volume.MutableVolumeSet (MutableVolumeSet.java:initializeVolumeSet(181)) - Added Volume : /home/runner/work/ozone/ozone/mnt/ozone/hadoop-ozone/integration-test/target/test-dir/MiniOzoneClusterImpl-7b7c0b8f-b3d8-4fbb-9550-cea541527f6c/datanode-8/data/ratis to VolumeSet
2021-07-28 08:36:58,277 [Listener at 127.0.0.1/42363] INFO  volume.ThrottledAsyncChecker (ThrottledAsyncChecker.java:schedule(141)) - Scheduling a check for /home/runner/work/ozone/ozone/mnt/ozone/hadoop-ozone/integration-test/target/test-dir/MiniOzoneClusterImpl-7b7c0b8f-b3d8-4fbb-9550-cea541527f6c/datanode-8/data/ratis
2021-07-28 08:36:58,277 [Listener at 127.0.0.1/42363] INFO  volume.StorageVolumeChecker (StorageVolumeChecker.java:checkAllVolumes(202)) - Scheduled health check for volume /home/runner/work/ozone/ozone/mnt/ozone/hadoop-ozone/integration-test/target/test-dir/MiniOzoneClusterImpl-7b7c0b8f-b3d8-4fbb-9550-cea541527f6c/datanode-8/data/ratis
2021-07-28 08:36:58,291 [Listener at 127.0.0.1/42363] INFO  ozoneimpl.ContainerReader (ContainerReader.java:<init>(98)) - Running in upgrade mode:true
2021-07-28 08:36:58,292 [Thread-1319] INFO  ozoneimpl.ContainerReader (ContainerReader.java:readVolume(142)) - Start to verify containers on volume /home/runner/work/ozone/ozone/mnt/ozone/hadoop-ozone/integration-test/target/test-dir/MiniOzoneClusterImpl-7b7c0b8f-b3d8-4fbb-9550-cea541527f6c/datanode-8/data-0/containers/hdds
2021-07-28 08:36:58,292 [Thread-1319] INFO  ozoneimpl.ContainerReader (ContainerReader.java:readVolume(174)) - Finish verifying containers on volume /home/runner/work/ozone/ozone/mnt/ozone/hadoop-ozone/integration-test/target/test-dir/MiniOzoneClusterImpl-7b7c0b8f-b3d8-4fbb-9550-cea541527f6c/datanode-8/data-0/containers/hdds
2021-07-28 08:36:58,292 [Listener at 127.0.0.1/42363] INFO  ozoneimpl.OzoneContainer (OzoneContainer.java:buildContainerSet(237)) - Build ContainerSet costs 0s
2021-07-28 08:36:58,293 [Listener at 127.0.0.1/42363] INFO  server.RaftServer (ConfUtils.java:logGet(44)) - raft.rpc.type = GRPC (default)
2021-07-28 08:36:58,294 [Listener at 127.0.0.1/42363] INFO  grpc.GrpcFactory (GrpcFactory.java:checkPooledByteBufAllocatorUseCacheForAllThreads(48)) - PERFORMANCE WARNING: useCacheForAllThreads is true that may cause Netty to create a lot garbage objects and, as a result, trigger GC.
	It is recommended to disable useCacheForAllThreads by setting -Dorg.apache.ratis.thirdparty.io.netty.allocator.useCacheForAllThreads=false in command line.
2021-07-28 08:36:58,294 [Listener at 127.0.0.1/42363] INFO  grpc.GrpcConfigKeys (ConfUtils.java:logGet(44)) - raft.grpc.admin.port = 0 (custom)
2021-07-28 08:36:58,294 [Listener at 127.0.0.1/42363] INFO  grpc.GrpcConfigKeys (ConfUtils.java:logGet(44)) - raft.grpc.client.port = 0 (custom)
2021-07-28 08:36:58,294 [Listener at 127.0.0.1/42363] INFO  grpc.GrpcConfigKeys (ConfUtils.java:logGet(44)) - raft.grpc.server.port = 0 (default)
2021-07-28 08:36:58,294 [Listener at 127.0.0.1/42363] INFO  server.GrpcService (ConfUtils.java:logGet(44)) - raft.grpc.message.size.max = 32MB (=33554432) (custom)
2021-07-28 08:36:58,295 [Listener at 127.0.0.1/42363] INFO  server.RaftServerConfigKeys (ConfUtils.java:logGet(44)) - raft.server.log.appender.buffer.byte-limit = 33554432 (custom)
2021-07-28 08:36:58,295 [Listener at 127.0.0.1/42363] INFO  server.GrpcService (ConfUtils.java:logGet(44)) - raft.grpc.flow.control.window = 5MB (=5242880) (custom)
2021-07-28 08:36:58,295 [Listener at 127.0.0.1/42363] INFO  server.RaftServerConfigKeys (ConfUtils.java:logGet(44)) - raft.server.rpc.request.timeout = 3000ms (default)
2021-07-28 08:36:58,296 [Listener at 127.0.0.1/42363] INFO  impl.DataStreamServerImpl (ConfUtils.java:logGet(44)) - raft.datastream.type = DISABLED (default)
2021-07-28 08:36:58,296 [Listener at 127.0.0.1/42363] INFO  server.RaftServerConfigKeys (ConfUtils.java:logGet(44)) - raft.server.rpc.slowness.timeout = 300000ms (custom)
2021-07-28 08:36:58,297 [Listener at 127.0.0.1/42363] INFO  server.RaftServerConfigKeys (ConfUtils.java:logGet(44)) - raft.server.leaderelection.leader.step-down.wait-time = 10s (default)
2021-07-28 08:36:58,297 [Listener at 127.0.0.1/42363] INFO  server.RaftServerConfigKeys (ConfUtils.java:logGet(44)) - raft.server.storage.dir = [/home/runner/work/ozone/ozone/mnt/ozone/hadoop-ozone/integration-test/target/test-dir/MiniOzoneClusterImpl-7b7c0b8f-b3d8-4fbb-9550-cea541527f6c/datanode-8/data/ratis] (custom)
2021-07-28 08:36:58,300 [Listener at 127.0.0.1/42363] INFO  http.BaseHttpServer (BaseHttpServer.java:newHttpServer2BuilderForOzone(209)) - Starting Web-server for hddsDatanode at: http://0.0.0.0:0
2021-07-28 08:36:58,300 [Listener at 127.0.0.1/42363] INFO  http.BaseHttpServer (BaseHttpServer.java:<init>(107)) - Hadoop Security Enabled: false Ozone Security Enabled: false Ozone HTTP Security Enabled: false 
2021-07-28 08:36:58,301 [Listener at 127.0.0.1/42363] INFO  server.AuthenticationFilter (AuthenticationFilter.java:constructSecretProvider(240)) - Unable to initialize FileSignerSecretProvider, falling back to use random secrets.
2021-07-28 08:36:58,302 [Listener at 127.0.0.1/42363] WARN  http.HttpRequestLog (HttpRequestLog.java:getRequestLog(103)) - Jetty request log can only be enabled using Log4j
2021-07-28 08:36:58,302 [Listener at 127.0.0.1/42363] INFO  http.HttpServer2 (HttpServer2.java:addGlobalFilter(1020)) - Added global filter 'safety' (class=org.apache.hadoop.hdds.server.http.HttpServer2$QuotingInputFilter)
2021-07-28 08:36:58,303 [Listener at 127.0.0.1/42363] INFO  http.HttpServer2 (HttpServer2.java:addFilter(996)) - Added filter static_user_filter (class=org.apache.hadoop.http.lib.StaticUserWebFilter$StaticUserFilter) to context hddsDatanode
2021-07-28 08:36:58,303 [Listener at 127.0.0.1/42363] INFO  http.HttpServer2 (HttpServer2.java:addFilter(1004)) - Added filter static_user_filter (class=org.apache.hadoop.http.lib.StaticUserWebFilter$StaticUserFilter) to context static
2021-07-28 08:36:58,303 [Listener at 127.0.0.1/42363] INFO  http.HttpServer2 (HttpServer2.java:addFilter(1004)) - Added filter static_user_filter (class=org.apache.hadoop.http.lib.StaticUserWebFilter$StaticUserFilter) to context logs
2021-07-28 08:36:58,304 [Listener at 127.0.0.1/42363] INFO  http.HttpServer2 (HttpServer2.java:bindListener(1239)) - Jetty bound to port 46661
2021-07-28 08:36:58,304 [Listener at 127.0.0.1/42363] INFO  server.Server (Server.java:doStart(375)) - jetty-9.4.35.v20201120; built: 2020-11-20T21:17:03.964Z; git: bdc54f03a5e0a7e280fab27f55c3c75ee8da89fb; jvm 1.8.0_292-b10
2021-07-28 08:36:58,308 [Listener at 127.0.0.1/42363] INFO  server.session (DefaultSessionIdManager.java:doStart(334)) - DefaultSessionIdManager workerName=node0
2021-07-28 08:36:58,308 [Listener at 127.0.0.1/42363] INFO  server.session (DefaultSessionIdManager.java:doStart(339)) - No SessionScavenger set, using defaults
2021-07-28 08:36:58,308 [Listener at 127.0.0.1/42363] INFO  server.session (HouseKeeper.java:startScavenging(132)) - node0 Scavenging every 660000ms
2021-07-28 08:36:58,309 [Listener at 127.0.0.1/42363] INFO  handler.ContextHandler (ContextHandler.java:doStart(916)) - Started o.e.j.s.ServletContextHandler@44dcc583{logs,/logs,file:///home/runner/work/ozone/ozone/mnt/ozone/hadoop-ozone/integration-test/target/log,AVAILABLE}
2021-07-28 08:36:58,309 [Listener at 127.0.0.1/42363] INFO  handler.ContextHandler (ContextHandler.java:doStart(916)) - Started o.e.j.s.ServletContextHandler@54d12021{static,/static,jar:file:/home/runner/.m2/repository/org/apache/ozone/hdds-container-service/1.2.0-SNAPSHOT/hdds-container-service-1.2.0-SNAPSHOT.jar!/webapps/static,AVAILABLE}
2021-07-28 08:36:58,353 [Listener at 127.0.0.1/42363] INFO  handler.ContextHandler (ContextHandler.java:doStart(916)) - Started o.e.j.w.WebAppContext@3e6bbac6{hddsDatanode,/,file:///tmp/jetty-0_0_0_0-46661-hdds-container-service-1_2_0-SNAPSHOT_jar-_-any-9145858989677197711/webapp/,AVAILABLE}{jar:file:/home/runner/.m2/repository/org/apache/ozone/hdds-container-service/1.2.0-SNAPSHOT/hdds-container-service-1.2.0-SNAPSHOT.jar!/webapps/hddsDatanode}
2021-07-28 08:36:58,354 [Listener at 127.0.0.1/42363] INFO  server.AbstractConnector (AbstractConnector.java:doStart(331)) - Started ServerConnector@31d6da7f{HTTP/1.1, (http/1.1)}{0.0.0.0:46661}
2021-07-28 08:36:58,354 [Listener at 127.0.0.1/42363] INFO  server.Server (Server.java:doStart(415)) - Started @144888ms
2021-07-28 08:36:58,354 [Listener at 127.0.0.1/42363] WARN  impl.MetricsSystemImpl (MetricsSystemImpl.java:register(279)) - Sink prometheus already exists!
2021-07-28 08:36:58,355 [Listener at 127.0.0.1/42363] INFO  http.BaseHttpServer (BaseHttpServer.java:updateConnectorAddress(329)) - HTTP server of hddsDatanode listening at http://0.0.0.0:46661
2021-07-28 08:36:58,358 [Listener at 127.0.0.1/42363] INFO  ozone.MiniOzoneClusterImpl (MiniOzoneClusterImpl.java:lambda$waitForClusterToBeReady$0(235)) - Waiting for nodes to be ready. Got 0 of 9 DN Heartbeats.
2021-07-28 08:36:58,358 [Listener at 127.0.0.1/42363] INFO  ozone.MiniOzoneClusterImpl (MiniOzoneClusterImpl.java:lambda$waitForClusterToBeReady$0(238)) - Waiting for cluster to exit safe mode
2021-07-28 08:36:58,358 [Listener at 127.0.0.1/42363] INFO  ozone.MiniOzoneClusterImpl (MiniOzoneClusterImpl.java:lambda$waitForClusterToBeReady$0(240)) - SCM became leader
2021-07-28 08:36:58,361 [org.apache.hadoop.util.JvmPauseMonitor$Monitor@1344f77e] INFO  util.JvmPauseMonitor (JvmPauseMonitor.java:run(188)) - Starting JVM pause monitor
2021-07-28 08:36:58,364 [Datanode State Machine Task Thread - 0] INFO  datanode.InitDatanodeState (InitDatanodeState.java:persistContainerDatanodeDetails(145)) - DatanodeDetails is persisted to /home/runner/work/ozone/ozone/mnt/ozone/hadoop-ozone/integration-test/target/test-dir/MiniOzoneClusterImpl-7b7c0b8f-b3d8-4fbb-9550-cea541527f6c/datanode-8/meta/datanode.id
2021-07-28 08:36:58,874 [EndpointStateMachine task thread for /0.0.0.0:40453 - 0 ] INFO  ozoneimpl.OzoneContainer (OzoneContainer.java:start(305)) - Attempting to start container services.
2021-07-28 08:36:58,874 [EndpointStateMachine task thread for /0.0.0.0:40453 - 0 ] INFO  ozoneimpl.OzoneContainer (OzoneContainer.java:startContainerScrub(250)) - Background container scanner has been disabled.
2021-07-28 08:36:58,875 [EndpointStateMachine task thread for /0.0.0.0:40453 - 0 ] INFO  replication.ReplicationServer (ReplicationServer.java:start(106)) - ReplicationServer is started using port 36245
2021-07-28 08:36:58,876 [EndpointStateMachine task thread for /0.0.0.0:40453 - 0 ] INFO  ratis.XceiverServerRatis (XceiverServerRatis.java:start(478)) - Starting XceiverServerRatis d20c9192-b22d-4378-befe-a66526543a88
2021-07-28 08:36:58,876 [EndpointStateMachine task thread for /0.0.0.0:40453 - 0 ] INFO  server.RaftServer (RaftServerProxy.java:lambda$start$5(374)) - d20c9192-b22d-4378-befe-a66526543a88: start RPC server
2021-07-28 08:36:58,877 [EndpointStateMachine task thread for /0.0.0.0:40453 - 0 ] INFO  server.GrpcService (GrpcService.java:startImpl(253)) - d20c9192-b22d-4378-befe-a66526543a88: GrpcService started, listening on 35025
2021-07-28 08:36:58,877 [EndpointStateMachine task thread for /0.0.0.0:40453 - 0 ] INFO  ratis.XceiverServerRatis (XceiverServerRatis.java:getRealPort(499)) - XceiverServerRatis d20c9192-b22d-4378-befe-a66526543a88 is started using port 35025 for RATIS
2021-07-28 08:36:58,877 [EndpointStateMachine task thread for /0.0.0.0:40453 - 0 ] INFO  ratis.XceiverServerRatis (XceiverServerRatis.java:getRealPort(499)) - XceiverServerRatis d20c9192-b22d-4378-befe-a66526543a88 is started using port 35025 for RATIS_ADMIN
2021-07-28 08:36:58,877 [EndpointStateMachine task thread for /0.0.0.0:40453 - 0 ] INFO  ratis.XceiverServerRatis (XceiverServerRatis.java:getRealPort(499)) - XceiverServerRatis d20c9192-b22d-4378-befe-a66526543a88 is started using port 35025 for RATIS_SERVER
2021-07-28 08:36:58,877 [org.apache.ratis.util.JvmPauseMonitor$$Lambda$526/290161071@3b7b8dba] INFO  util.JvmPauseMonitor (JvmPauseMonitor.java:run(103)) - JvmPauseMonitor-d20c9192-b22d-4378-befe-a66526543a88: Started
2021-07-28 08:36:58,877 [EndpointStateMachine task thread for /0.0.0.0:40453 - 0 ] INFO  server.XceiverServerGrpc (XceiverServerGrpc.java:start(135)) - XceiverServerGrpc d20c9192-b22d-4378-befe-a66526543a88 is started using port 33695
2021-07-28 08:36:59,044 [EndpointStateMachine task thread for /0.0.0.0:40453 - 0 ] INFO  ozoneimpl.OzoneContainer (OzoneContainer.java:start(305)) - Attempting to start container services.
2021-07-28 08:36:59,044 [EndpointStateMachine task thread for /0.0.0.0:40453 - 0 ] INFO  ozoneimpl.OzoneContainer (OzoneContainer.java:startContainerScrub(250)) - Background container scanner has been disabled.
2021-07-28 08:36:59,047 [EndpointStateMachine task thread for /0.0.0.0:40453 - 0 ] INFO  replication.ReplicationServer (ReplicationServer.java:start(106)) - ReplicationServer is started using port 44421
2021-07-28 08:36:59,049 [EndpointStateMachine task thread for /0.0.0.0:40453 - 0 ] INFO  ratis.XceiverServerRatis (XceiverServerRatis.java:start(478)) - Starting XceiverServerRatis b7359b5d-2f96-41df-9094-9722a03cb7a4
2021-07-28 08:36:59,050 [EndpointStateMachine task thread for /0.0.0.0:40453 - 0 ] INFO  server.RaftServer (RaftServerProxy.java:lambda$start$5(374)) - b7359b5d-2f96-41df-9094-9722a03cb7a4: start RPC server
2021-07-28 08:36:59,050 [EndpointStateMachine task thread for /0.0.0.0:40453 - 0 ] INFO  server.GrpcService (GrpcService.java:startImpl(253)) - b7359b5d-2f96-41df-9094-9722a03cb7a4: GrpcService started, listening on 35585
2021-07-28 08:36:59,050 [EndpointStateMachine task thread for /0.0.0.0:40453 - 0 ] INFO  ratis.XceiverServerRatis (XceiverServerRatis.java:getRealPort(499)) - XceiverServerRatis b7359b5d-2f96-41df-9094-9722a03cb7a4 is started using port 35585 for RATIS
2021-07-28 08:36:59,050 [EndpointStateMachine task thread for /0.0.0.0:40453 - 0 ] INFO  ratis.XceiverServerRatis (XceiverServerRatis.java:getRealPort(499)) - XceiverServerRatis b7359b5d-2f96-41df-9094-9722a03cb7a4 is started using port 35585 for RATIS_ADMIN
2021-07-28 08:36:59,050 [EndpointStateMachine task thread for /0.0.0.0:40453 - 0 ] INFO  ratis.XceiverServerRatis (XceiverServerRatis.java:getRealPort(499)) - XceiverServerRatis b7359b5d-2f96-41df-9094-9722a03cb7a4 is started using port 35585 for RATIS_SERVER
2021-07-28 08:36:59,051 [org.apache.ratis.util.JvmPauseMonitor$$Lambda$526/290161071@70f7ea1c] INFO  util.JvmPauseMonitor (JvmPauseMonitor.java:run(103)) - JvmPauseMonitor-b7359b5d-2f96-41df-9094-9722a03cb7a4: Started
2021-07-28 08:36:59,051 [EndpointStateMachine task thread for /0.0.0.0:40453 - 0 ] INFO  server.XceiverServerGrpc (XceiverServerGrpc.java:start(135)) - XceiverServerGrpc b7359b5d-2f96-41df-9094-9722a03cb7a4 is started using port 43451
2021-07-28 08:36:59,235 [EndpointStateMachine task thread for /0.0.0.0:40453 - 0 ] INFO  ozoneimpl.OzoneContainer (OzoneContainer.java:start(305)) - Attempting to start container services.
2021-07-28 08:36:59,236 [EndpointStateMachine task thread for /0.0.0.0:40453 - 0 ] INFO  ozoneimpl.OzoneContainer (OzoneContainer.java:startContainerScrub(250)) - Background container scanner has been disabled.
2021-07-28 08:36:59,238 [EndpointStateMachine task thread for /0.0.0.0:40453 - 0 ] INFO  replication.ReplicationServer (ReplicationServer.java:start(106)) - ReplicationServer is started using port 42221
2021-07-28 08:36:59,238 [EndpointStateMachine task thread for /0.0.0.0:40453 - 0 ] INFO  ratis.XceiverServerRatis (XceiverServerRatis.java:start(478)) - Starting XceiverServerRatis 3eacac38-fa6c-439b-bf72-bbc3b8f2ba66
2021-07-28 08:36:59,239 [EndpointStateMachine task thread for /0.0.0.0:40453 - 0 ] INFO  server.RaftServer (RaftServerProxy.java:lambda$start$5(374)) - 3eacac38-fa6c-439b-bf72-bbc3b8f2ba66: start RPC server
2021-07-28 08:36:59,239 [EndpointStateMachine task thread for /0.0.0.0:40453 - 0 ] INFO  server.GrpcService (GrpcService.java:startImpl(253)) - 3eacac38-fa6c-439b-bf72-bbc3b8f2ba66: GrpcService started, listening on 37715
2021-07-28 08:36:59,239 [EndpointStateMachine task thread for /0.0.0.0:40453 - 0 ] INFO  ratis.XceiverServerRatis (XceiverServerRatis.java:getRealPort(499)) - XceiverServerRatis 3eacac38-fa6c-439b-bf72-bbc3b8f2ba66 is started using port 37715 for RATIS
2021-07-28 08:36:59,239 [org.apache.ratis.util.JvmPauseMonitor$$Lambda$526/290161071@250c3583] INFO  util.JvmPauseMonitor (JvmPauseMonitor.java:run(103)) - JvmPauseMonitor-3eacac38-fa6c-439b-bf72-bbc3b8f2ba66: Started
2021-07-28 08:36:59,240 [EndpointStateMachine task thread for /0.0.0.0:40453 - 0 ] INFO  ratis.XceiverServerRatis (XceiverServerRatis.java:getRealPort(499)) - XceiverServerRatis 3eacac38-fa6c-439b-bf72-bbc3b8f2ba66 is started using port 37715 for RATIS_ADMIN
2021-07-28 08:36:59,240 [EndpointStateMachine task thread for /0.0.0.0:40453 - 0 ] INFO  ratis.XceiverServerRatis (XceiverServerRatis.java:getRealPort(499)) - XceiverServerRatis 3eacac38-fa6c-439b-bf72-bbc3b8f2ba66 is started using port 37715 for RATIS_SERVER
2021-07-28 08:36:59,240 [EndpointStateMachine task thread for /0.0.0.0:40453 - 0 ] INFO  server.XceiverServerGrpc (XceiverServerGrpc.java:start(135)) - XceiverServerGrpc 3eacac38-fa6c-439b-bf72-bbc3b8f2ba66 is started using port 45931
2021-07-28 08:36:59,358 [Listener at 127.0.0.1/42363] INFO  ozone.MiniOzoneClusterImpl (MiniOzoneClusterImpl.java:lambda$waitForClusterToBeReady$0(235)) - Waiting for nodes to be ready. Got 0 of 9 DN Heartbeats.
2021-07-28 08:36:59,358 [Listener at 127.0.0.1/42363] INFO  ozone.MiniOzoneClusterImpl (MiniOzoneClusterImpl.java:lambda$waitForClusterToBeReady$0(238)) - Waiting for cluster to exit safe mode
2021-07-28 08:36:59,358 [Listener at 127.0.0.1/42363] INFO  ozone.MiniOzoneClusterImpl (MiniOzoneClusterImpl.java:lambda$waitForClusterToBeReady$0(240)) - SCM became leader
2021-07-28 08:36:59,454 [EndpointStateMachine task thread for /0.0.0.0:40453 - 0 ] INFO  ozoneimpl.OzoneContainer (OzoneContainer.java:start(305)) - Attempting to start container services.
2021-07-28 08:36:59,454 [EndpointStateMachine task thread for /0.0.0.0:40453 - 0 ] INFO  ozoneimpl.OzoneContainer (OzoneContainer.java:startContainerScrub(250)) - Background container scanner has been disabled.
2021-07-28 08:36:59,457 [EndpointStateMachine task thread for /0.0.0.0:40453 - 0 ] INFO  replication.ReplicationServer (ReplicationServer.java:start(106)) - ReplicationServer is started using port 35795
2021-07-28 08:36:59,457 [EndpointStateMachine task thread for /0.0.0.0:40453 - 0 ] INFO  ratis.XceiverServerRatis (XceiverServerRatis.java:start(478)) - Starting XceiverServerRatis a207c4d7-e778-4207-b497-059bef413d6b
2021-07-28 08:36:59,457 [EndpointStateMachine task thread for /0.0.0.0:40453 - 0 ] INFO  server.RaftServer (RaftServerProxy.java:lambda$start$5(374)) - a207c4d7-e778-4207-b497-059bef413d6b: start RPC server
2021-07-28 08:36:59,460 [EndpointStateMachine task thread for /0.0.0.0:40453 - 0 ] INFO  server.GrpcService (GrpcService.java:startImpl(253)) - a207c4d7-e778-4207-b497-059bef413d6b: GrpcService started, listening on 37517
2021-07-28 08:36:59,460 [EndpointStateMachine task thread for /0.0.0.0:40453 - 0 ] INFO  ratis.XceiverServerRatis (XceiverServerRatis.java:getRealPort(499)) - XceiverServerRatis a207c4d7-e778-4207-b497-059bef413d6b is started using port 37517 for RATIS
2021-07-28 08:36:59,460 [EndpointStateMachine task thread for /0.0.0.0:40453 - 0 ] INFO  ratis.XceiverServerRatis (XceiverServerRatis.java:getRealPort(499)) - XceiverServerRatis a207c4d7-e778-4207-b497-059bef413d6b is started using port 37517 for RATIS_ADMIN
2021-07-28 08:36:59,460 [org.apache.ratis.util.JvmPauseMonitor$$Lambda$526/290161071@5ac247ad] INFO  util.JvmPauseMonitor (JvmPauseMonitor.java:run(103)) - JvmPauseMonitor-a207c4d7-e778-4207-b497-059bef413d6b: Started
2021-07-28 08:36:59,460 [EndpointStateMachine task thread for /0.0.0.0:40453 - 0 ] INFO  ratis.XceiverServerRatis (XceiverServerRatis.java:getRealPort(499)) - XceiverServerRatis a207c4d7-e778-4207-b497-059bef413d6b is started using port 37517 for RATIS_SERVER
2021-07-28 08:36:59,461 [EndpointStateMachine task thread for /0.0.0.0:40453 - 0 ] INFO  server.XceiverServerGrpc (XceiverServerGrpc.java:start(135)) - XceiverServerGrpc a207c4d7-e778-4207-b497-059bef413d6b is started using port 38225
2021-07-28 08:36:59,631 [EndpointStateMachine task thread for /0.0.0.0:40453 - 0 ] INFO  ozoneimpl.OzoneContainer (OzoneContainer.java:start(305)) - Attempting to start container services.
2021-07-28 08:36:59,631 [EndpointStateMachine task thread for /0.0.0.0:40453 - 0 ] INFO  ozoneimpl.OzoneContainer (OzoneContainer.java:startContainerScrub(250)) - Background container scanner has been disabled.
2021-07-28 08:36:59,632 [EndpointStateMachine task thread for /0.0.0.0:40453 - 0 ] INFO  replication.ReplicationServer (ReplicationServer.java:start(106)) - ReplicationServer is started using port 44039
2021-07-28 08:36:59,632 [EndpointStateMachine task thread for /0.0.0.0:40453 - 0 ] INFO  ratis.XceiverServerRatis (XceiverServerRatis.java:start(478)) - Starting XceiverServerRatis 6a7d5deb-ea30-475f-9337-bf1860e839e5
2021-07-28 08:36:59,634 [EndpointStateMachine task thread for /0.0.0.0:40453 - 0 ] INFO  server.RaftServer (RaftServerProxy.java:lambda$start$5(374)) - 6a7d5deb-ea30-475f-9337-bf1860e839e5: start RPC server
2021-07-28 08:36:59,636 [EndpointStateMachine task thread for /0.0.0.0:40453 - 0 ] INFO  server.GrpcService (GrpcService.java:startImpl(253)) - 6a7d5deb-ea30-475f-9337-bf1860e839e5: GrpcService started, listening on 35389
2021-07-28 08:36:59,637 [EndpointStateMachine task thread for /0.0.0.0:40453 - 0 ] INFO  ratis.XceiverServerRatis (XceiverServerRatis.java:getRealPort(499)) - XceiverServerRatis 6a7d5deb-ea30-475f-9337-bf1860e839e5 is started using port 35389 for RATIS
2021-07-28 08:36:59,637 [org.apache.ratis.util.JvmPauseMonitor$$Lambda$526/290161071@31957871] INFO  util.JvmPauseMonitor (JvmPauseMonitor.java:run(103)) - JvmPauseMonitor-6a7d5deb-ea30-475f-9337-bf1860e839e5: Started
2021-07-28 08:36:59,637 [EndpointStateMachine task thread for /0.0.0.0:40453 - 0 ] INFO  ratis.XceiverServerRatis (XceiverServerRatis.java:getRealPort(499)) - XceiverServerRatis 6a7d5deb-ea30-475f-9337-bf1860e839e5 is started using port 35389 for RATIS_ADMIN
2021-07-28 08:36:59,637 [EndpointStateMachine task thread for /0.0.0.0:40453 - 0 ] INFO  ratis.XceiverServerRatis (XceiverServerRatis.java:getRealPort(499)) - XceiverServerRatis 6a7d5deb-ea30-475f-9337-bf1860e839e5 is started using port 35389 for RATIS_SERVER
2021-07-28 08:36:59,637 [EndpointStateMachine task thread for /0.0.0.0:40453 - 0 ] INFO  server.XceiverServerGrpc (XceiverServerGrpc.java:start(135)) - XceiverServerGrpc 6a7d5deb-ea30-475f-9337-bf1860e839e5 is started using port 35877
2021-07-28 08:36:59,826 [EndpointStateMachine task thread for /0.0.0.0:40453 - 0 ] INFO  ozoneimpl.OzoneContainer (OzoneContainer.java:start(305)) - Attempting to start container services.
2021-07-28 08:36:59,826 [EndpointStateMachine task thread for /0.0.0.0:40453 - 0 ] INFO  ozoneimpl.OzoneContainer (OzoneContainer.java:startContainerScrub(250)) - Background container scanner has been disabled.
2021-07-28 08:36:59,827 [EndpointStateMachine task thread for /0.0.0.0:40453 - 0 ] INFO  replication.ReplicationServer (ReplicationServer.java:start(106)) - ReplicationServer is started using port 43367
2021-07-28 08:36:59,827 [EndpointStateMachine task thread for /0.0.0.0:40453 - 0 ] INFO  ratis.XceiverServerRatis (XceiverServerRatis.java:start(478)) - Starting XceiverServerRatis 5cf1d98d-61cd-4f7c-aaf3-95502ed3bd06
2021-07-28 08:36:59,837 [EndpointStateMachine task thread for /0.0.0.0:40453 - 0 ] INFO  server.RaftServer (RaftServerProxy.java:lambda$start$5(374)) - 5cf1d98d-61cd-4f7c-aaf3-95502ed3bd06: start RPC server
2021-07-28 08:36:59,837 [EndpointStateMachine task thread for /0.0.0.0:40453 - 0 ] INFO  server.GrpcService (GrpcService.java:startImpl(253)) - 5cf1d98d-61cd-4f7c-aaf3-95502ed3bd06: GrpcService started, listening on 41113
2021-07-28 08:36:59,837 [EndpointStateMachine task thread for /0.0.0.0:40453 - 0 ] INFO  ratis.XceiverServerRatis (XceiverServerRatis.java:getRealPort(499)) - XceiverServerRatis 5cf1d98d-61cd-4f7c-aaf3-95502ed3bd06 is started using port 41113 for RATIS
2021-07-28 08:36:59,837 [EndpointStateMachine task thread for /0.0.0.0:40453 - 0 ] INFO  ratis.XceiverServerRatis (XceiverServerRatis.java:getRealPort(499)) - XceiverServerRatis 5cf1d98d-61cd-4f7c-aaf3-95502ed3bd06 is started using port 41113 for RATIS_ADMIN
2021-07-28 08:36:59,837 [EndpointStateMachine task thread for /0.0.0.0:40453 - 0 ] INFO  ratis.XceiverServerRatis (XceiverServerRatis.java:getRealPort(499)) - XceiverServerRatis 5cf1d98d-61cd-4f7c-aaf3-95502ed3bd06 is started using port 41113 for RATIS_SERVER
2021-07-28 08:36:59,838 [EndpointStateMachine task thread for /0.0.0.0:40453 - 0 ] INFO  server.XceiverServerGrpc (XceiverServerGrpc.java:start(135)) - XceiverServerGrpc 5cf1d98d-61cd-4f7c-aaf3-95502ed3bd06 is started using port 43799
2021-07-28 08:36:59,840 [org.apache.ratis.util.JvmPauseMonitor$$Lambda$526/290161071@612175fb] INFO  util.JvmPauseMonitor (JvmPauseMonitor.java:run(103)) - JvmPauseMonitor-5cf1d98d-61cd-4f7c-aaf3-95502ed3bd06: Started
2021-07-28 08:37:00,015 [EndpointStateMachine task thread for /0.0.0.0:40453 - 0 ] INFO  ozoneimpl.OzoneContainer (OzoneContainer.java:start(305)) - Attempting to start container services.
2021-07-28 08:37:00,015 [EndpointStateMachine task thread for /0.0.0.0:40453 - 0 ] INFO  ozoneimpl.OzoneContainer (OzoneContainer.java:startContainerScrub(250)) - Background container scanner has been disabled.
2021-07-28 08:37:00,016 [EndpointStateMachine task thread for /0.0.0.0:40453 - 0 ] INFO  replication.ReplicationServer (ReplicationServer.java:start(106)) - ReplicationServer is started using port 38475
2021-07-28 08:37:00,016 [EndpointStateMachine task thread for /0.0.0.0:40453 - 0 ] INFO  ratis.XceiverServerRatis (XceiverServerRatis.java:start(478)) - Starting XceiverServerRatis 954c2539-c430-4abc-b152-2157e37527ee
2021-07-28 08:37:00,017 [EndpointStateMachine task thread for /0.0.0.0:40453 - 0 ] INFO  server.RaftServer (RaftServerProxy.java:lambda$start$5(374)) - 954c2539-c430-4abc-b152-2157e37527ee: start RPC server
2021-07-28 08:37:00,021 [EndpointStateMachine task thread for /0.0.0.0:40453 - 0 ] INFO  server.GrpcService (GrpcService.java:startImpl(253)) - 954c2539-c430-4abc-b152-2157e37527ee: GrpcService started, listening on 36295
2021-07-28 08:37:00,021 [EndpointStateMachine task thread for /0.0.0.0:40453 - 0 ] INFO  ratis.XceiverServerRatis (XceiverServerRatis.java:getRealPort(499)) - XceiverServerRatis 954c2539-c430-4abc-b152-2157e37527ee is started using port 36295 for RATIS
2021-07-28 08:37:00,021 [EndpointStateMachine task thread for /0.0.0.0:40453 - 0 ] INFO  ratis.XceiverServerRatis (XceiverServerRatis.java:getRealPort(499)) - XceiverServerRatis 954c2539-c430-4abc-b152-2157e37527ee is started using port 36295 for RATIS_ADMIN
2021-07-28 08:37:00,021 [org.apache.ratis.util.JvmPauseMonitor$$Lambda$526/290161071@6e1ef3e8] INFO  util.JvmPauseMonitor (JvmPauseMonitor.java:run(103)) - JvmPauseMonitor-954c2539-c430-4abc-b152-2157e37527ee: Started
2021-07-28 08:37:00,021 [EndpointStateMachine task thread for /0.0.0.0:40453 - 0 ] INFO  ratis.XceiverServerRatis (XceiverServerRatis.java:getRealPort(499)) - XceiverServerRatis 954c2539-c430-4abc-b152-2157e37527ee is started using port 36295 for RATIS_SERVER
2021-07-28 08:37:00,022 [EndpointStateMachine task thread for /0.0.0.0:40453 - 0 ] INFO  server.XceiverServerGrpc (XceiverServerGrpc.java:start(135)) - XceiverServerGrpc 954c2539-c430-4abc-b152-2157e37527ee is started using port 33707
2021-07-28 08:37:00,195 [EndpointStateMachine task thread for /0.0.0.0:40453 - 0 ] INFO  ozoneimpl.OzoneContainer (OzoneContainer.java:start(305)) - Attempting to start container services.
2021-07-28 08:37:00,195 [EndpointStateMachine task thread for /0.0.0.0:40453 - 0 ] INFO  ozoneimpl.OzoneContainer (OzoneContainer.java:startContainerScrub(250)) - Background container scanner has been disabled.
2021-07-28 08:37:00,196 [EndpointStateMachine task thread for /0.0.0.0:40453 - 0 ] INFO  replication.ReplicationServer (ReplicationServer.java:start(106)) - ReplicationServer is started using port 36317
2021-07-28 08:37:00,196 [EndpointStateMachine task thread for /0.0.0.0:40453 - 0 ] INFO  ratis.XceiverServerRatis (XceiverServerRatis.java:start(478)) - Starting XceiverServerRatis 5adaab23-8dc1-4fdb-be6f-dc28f4219fad
2021-07-28 08:37:00,196 [EndpointStateMachine task thread for /0.0.0.0:40453 - 0 ] INFO  server.RaftServer (RaftServerProxy.java:lambda$start$5(374)) - 5adaab23-8dc1-4fdb-be6f-dc28f4219fad: start RPC server
2021-07-28 08:37:00,197 [EndpointStateMachine task thread for /0.0.0.0:40453 - 0 ] INFO  server.GrpcService (GrpcService.java:startImpl(253)) - 5adaab23-8dc1-4fdb-be6f-dc28f4219fad: GrpcService started, listening on 40175
2021-07-28 08:37:00,197 [EndpointStateMachine task thread for /0.0.0.0:40453 - 0 ] INFO  ratis.XceiverServerRatis (XceiverServerRatis.java:getRealPort(499)) - XceiverServerRatis 5adaab23-8dc1-4fdb-be6f-dc28f4219fad is started using port 40175 for RATIS
2021-07-28 08:37:00,197 [EndpointStateMachine task thread for /0.0.0.0:40453 - 0 ] INFO  ratis.XceiverServerRatis (XceiverServerRatis.java:getRealPort(499)) - XceiverServerRatis 5adaab23-8dc1-4fdb-be6f-dc28f4219fad is started using port 40175 for RATIS_ADMIN
2021-07-28 08:37:00,197 [org.apache.ratis.util.JvmPauseMonitor$$Lambda$526/290161071@2dacfc96] INFO  util.JvmPauseMonitor (JvmPauseMonitor.java:run(103)) - JvmPauseMonitor-5adaab23-8dc1-4fdb-be6f-dc28f4219fad: Started
2021-07-28 08:37:00,197 [EndpointStateMachine task thread for /0.0.0.0:40453 - 0 ] INFO  ratis.XceiverServerRatis (XceiverServerRatis.java:getRealPort(499)) - XceiverServerRatis 5adaab23-8dc1-4fdb-be6f-dc28f4219fad is started using port 40175 for RATIS_SERVER
2021-07-28 08:37:00,198 [EndpointStateMachine task thread for /0.0.0.0:40453 - 0 ] INFO  server.XceiverServerGrpc (XceiverServerGrpc.java:start(135)) - XceiverServerGrpc 5adaab23-8dc1-4fdb-be6f-dc28f4219fad is started using port 39983
2021-07-28 08:37:00,359 [Listener at 127.0.0.1/42363] INFO  ozone.MiniOzoneClusterImpl (MiniOzoneClusterImpl.java:lambda$waitForClusterToBeReady$0(235)) - Waiting for nodes to be ready. Got 0 of 9 DN Heartbeats.
2021-07-28 08:37:00,359 [Listener at 127.0.0.1/42363] INFO  ozone.MiniOzoneClusterImpl (MiniOzoneClusterImpl.java:lambda$waitForClusterToBeReady$0(238)) - Waiting for cluster to exit safe mode
2021-07-28 08:37:00,359 [Listener at 127.0.0.1/42363] INFO  ozone.MiniOzoneClusterImpl (MiniOzoneClusterImpl.java:lambda$waitForClusterToBeReady$0(240)) - SCM became leader
2021-07-28 08:37:00,364 [EndpointStateMachine task thread for /0.0.0.0:40453 - 0 ] INFO  ozoneimpl.OzoneContainer (OzoneContainer.java:start(305)) - Attempting to start container services.
2021-07-28 08:37:00,364 [EndpointStateMachine task thread for /0.0.0.0:40453 - 0 ] INFO  ozoneimpl.OzoneContainer (OzoneContainer.java:startContainerScrub(250)) - Background container scanner has been disabled.
2021-07-28 08:37:00,365 [EndpointStateMachine task thread for /0.0.0.0:40453 - 0 ] INFO  replication.ReplicationServer (ReplicationServer.java:start(106)) - ReplicationServer is started using port 36745
2021-07-28 08:37:00,365 [EndpointStateMachine task thread for /0.0.0.0:40453 - 0 ] INFO  ratis.XceiverServerRatis (XceiverServerRatis.java:start(478)) - Starting XceiverServerRatis 81ffaf6e-1a0b-4e8d-b763-a17fba998bf8
2021-07-28 08:37:00,365 [EndpointStateMachine task thread for /0.0.0.0:40453 - 0 ] INFO  server.RaftServer (RaftServerProxy.java:lambda$start$5(374)) - 81ffaf6e-1a0b-4e8d-b763-a17fba998bf8: start RPC server
2021-07-28 08:37:00,366 [EndpointStateMachine task thread for /0.0.0.0:40453 - 0 ] INFO  server.GrpcService (GrpcService.java:startImpl(253)) - 81ffaf6e-1a0b-4e8d-b763-a17fba998bf8: GrpcService started, listening on 40745
2021-07-28 08:37:00,366 [EndpointStateMachine task thread for /0.0.0.0:40453 - 0 ] INFO  ratis.XceiverServerRatis (XceiverServerRatis.java:getRealPort(499)) - XceiverServerRatis 81ffaf6e-1a0b-4e8d-b763-a17fba998bf8 is started using port 40745 for RATIS
2021-07-28 08:37:00,366 [org.apache.ratis.util.JvmPauseMonitor$$Lambda$526/290161071@b6391a7] INFO  util.JvmPauseMonitor (JvmPauseMonitor.java:run(103)) - JvmPauseMonitor-81ffaf6e-1a0b-4e8d-b763-a17fba998bf8: Started
2021-07-28 08:37:00,366 [EndpointStateMachine task thread for /0.0.0.0:40453 - 0 ] INFO  ratis.XceiverServerRatis (XceiverServerRatis.java:getRealPort(499)) - XceiverServerRatis 81ffaf6e-1a0b-4e8d-b763-a17fba998bf8 is started using port 40745 for RATIS_ADMIN
2021-07-28 08:37:00,367 [EndpointStateMachine task thread for /0.0.0.0:40453 - 0 ] INFO  ratis.XceiverServerRatis (XceiverServerRatis.java:getRealPort(499)) - XceiverServerRatis 81ffaf6e-1a0b-4e8d-b763-a17fba998bf8 is started using port 40745 for RATIS_SERVER
2021-07-28 08:37:00,369 [EndpointStateMachine task thread for /0.0.0.0:40453 - 0 ] INFO  server.XceiverServerGrpc (XceiverServerGrpc.java:start(135)) - XceiverServerGrpc 81ffaf6e-1a0b-4e8d-b763-a17fba998bf8 is started using port 36593
2021-07-28 08:37:00,868 [IPC Server handler 3 on default port 40453] INFO  net.NetworkTopologyImpl (NetworkTopologyImpl.java:add(112)) - Added a new node: /default-rack/d20c9192-b22d-4378-befe-a66526543a88
2021-07-28 08:37:00,868 [IPC Server handler 3 on default port 40453] INFO  node.SCMNodeManager (SCMNodeManager.java:register(386)) - Registered Data node : d20c9192-b22d-4378-befe-a66526543a88{ip: 10.1.0.59, host: fv-az122-844.zf1tlrj3kn4expqppa1j4mpycf.xx.internal.cloudapp.net, ports: [REPLICATION=36245, RATIS=35025, RATIS_ADMIN=35025, RATIS_SERVER=35025, STANDALONE=33695], networkLocation: /default-rack, certSerialId: null, persistedOpState: null, persistedOpStateExpiryEpochSec: 0}
2021-07-28 08:37:00,874 [EventQueue-NewNodeForNewNodeHandler] INFO  pipeline.BackgroundPipelineCreator (BackgroundPipelineCreatorV2.java:notifyEventTriggered(285)) - trigger a one-shot run on RatisPipelineUtilsThread.
2021-07-28 08:37:00,875 [EventQueue-NodeRegistrationContainerReportForDataNodeSafeModeRule] INFO  safemode.SCMSafeModeManager (DataNodeSafeModeRule.java:process(71)) - SCM in safe mode. 1 DataNodes registered, 3 required.
2021-07-28 08:37:00,875 [RatisPipelineUtilsThread - 0] INFO  pipeline.RatisPipelineProvider (RatisPipelineProvider.java:lambda$create$0(183)) - Sending CreatePipelineCommand for pipeline:PipelineID=dcd2ae9b-6982-4286-8bb9-94746ef94367 to datanode:d20c9192-b22d-4378-befe-a66526543a88
2021-07-28 08:37:00,875 [EventQueue-NodeRegistrationContainerReportForContainerSafeModeRule] INFO  safemode.SCMSafeModeManager (SCMSafeModeManager.java:validateSafeModeExitRules(204)) - ContainerSafeModeRule rule is successfully validated
2021-07-28 08:37:00,875 [RatisPipelineUtilsThread - 0] INFO  pipeline.PipelineStateManager (PipelineStateManagerV2Impl.java:addPipeline(101)) - Created pipeline Pipeline[ Id: dcd2ae9b-6982-4286-8bb9-94746ef94367, Nodes: d20c9192-b22d-4378-befe-a66526543a88{ip: 10.1.0.59, host: fv-az122-844.zf1tlrj3kn4expqppa1j4mpycf.xx.internal.cloudapp.net, ports: [REPLICATION=36245, RATIS=35025, RATIS_ADMIN=35025, RATIS_SERVER=35025, STANDALONE=33695], networkLocation: /default-rack, certSerialId: null, persistedOpState: IN_SERVICE, persistedOpStateExpiryEpochSec: 0}, ReplicationConfig: RATIS/ONE, State:ALLOCATED, leaderId:, CreationTimestamp2021-07-28T08:37:00.875Z[Etc/UTC]].
2021-07-28 08:37:00,877 [EventQueue-PipelineReportForOneReplicaPipelineSafeModeRule] INFO  safemode.SCMSafeModeManager (SCMSafeModeManager.java:validateSafeModeExitRules(204)) - AtleastOneDatanodeReportedRule rule is successfully validated
2021-07-28 08:37:01,041 [IPC Server handler 4 on default port 40453] INFO  net.NetworkTopologyImpl (NetworkTopologyImpl.java:add(112)) - Added a new node: /default-rack/b7359b5d-2f96-41df-9094-9722a03cb7a4
2021-07-28 08:37:01,041 [IPC Server handler 4 on default port 40453] INFO  node.SCMNodeManager (SCMNodeManager.java:register(386)) - Registered Data node : b7359b5d-2f96-41df-9094-9722a03cb7a4{ip: 10.1.0.59, host: fv-az122-844.zf1tlrj3kn4expqppa1j4mpycf.xx.internal.cloudapp.net, ports: [REPLICATION=44421, RATIS=35585, RATIS_ADMIN=35585, RATIS_SERVER=35585, STANDALONE=43451], networkLocation: /default-rack, certSerialId: null, persistedOpState: null, persistedOpStateExpiryEpochSec: 0}
2021-07-28 08:37:01,041 [EventQueue-NewNodeForNewNodeHandler] INFO  pipeline.BackgroundPipelineCreator (BackgroundPipelineCreatorV2.java:notifyEventTriggered(285)) - trigger a one-shot run on RatisPipelineUtilsThread.
2021-07-28 08:37:01,042 [EventQueue-NodeRegistrationContainerReportForDataNodeSafeModeRule] INFO  safemode.SCMSafeModeManager (DataNodeSafeModeRule.java:process(71)) - SCM in safe mode. 2 DataNodes registered, 3 required.
2021-07-28 08:37:01,042 [RatisPipelineUtilsThread - 0] INFO  pipeline.RatisPipelineProvider (RatisPipelineProvider.java:lambda$create$0(183)) - Sending CreatePipelineCommand for pipeline:PipelineID=d6f15e4c-ef5a-45c8-8650-a6c134be56dc to datanode:b7359b5d-2f96-41df-9094-9722a03cb7a4
2021-07-28 08:37:01,042 [RatisPipelineUtilsThread - 0] INFO  pipeline.PipelineStateManager (PipelineStateManagerV2Impl.java:addPipeline(101)) - Created pipeline Pipeline[ Id: d6f15e4c-ef5a-45c8-8650-a6c134be56dc, Nodes: b7359b5d-2f96-41df-9094-9722a03cb7a4{ip: 10.1.0.59, host: fv-az122-844.zf1tlrj3kn4expqppa1j4mpycf.xx.internal.cloudapp.net, ports: [REPLICATION=44421, RATIS=35585, RATIS_ADMIN=35585, RATIS_SERVER=35585, STANDALONE=43451], networkLocation: /default-rack, certSerialId: null, persistedOpState: IN_SERVICE, persistedOpStateExpiryEpochSec: 0}, ReplicationConfig: RATIS/ONE, State:ALLOCATED, leaderId:, CreationTimestamp2021-07-28T08:37:01.042Z[Etc/UTC]].
2021-07-28 08:37:01,234 [IPC Server handler 10 on default port 40453] INFO  net.NetworkTopologyImpl (NetworkTopologyImpl.java:add(112)) - Added a new node: /default-rack/3eacac38-fa6c-439b-bf72-bbc3b8f2ba66
2021-07-28 08:37:01,234 [IPC Server handler 10 on default port 40453] INFO  node.SCMNodeManager (SCMNodeManager.java:register(386)) - Registered Data node : 3eacac38-fa6c-439b-bf72-bbc3b8f2ba66{ip: 10.1.0.59, host: fv-az122-844.zf1tlrj3kn4expqppa1j4mpycf.xx.internal.cloudapp.net, ports: [REPLICATION=42221, RATIS=37715, RATIS_ADMIN=37715, RATIS_SERVER=37715, STANDALONE=45931], networkLocation: /default-rack, certSerialId: null, persistedOpState: null, persistedOpStateExpiryEpochSec: 0}
2021-07-28 08:37:01,234 [EventQueue-NewNodeForNewNodeHandler] INFO  pipeline.BackgroundPipelineCreator (BackgroundPipelineCreatorV2.java:notifyEventTriggered(285)) - trigger a one-shot run on RatisPipelineUtilsThread.
2021-07-28 08:37:01,235 [EventQueue-NodeRegistrationContainerReportForDataNodeSafeModeRule] INFO  safemode.SCMSafeModeManager (DataNodeSafeModeRule.java:process(71)) - SCM in safe mode. 3 DataNodes registered, 3 required.
2021-07-28 08:37:01,235 [RatisPipelineUtilsThread - 0] INFO  pipeline.RatisPipelineProvider (RatisPipelineProvider.java:lambda$create$0(183)) - Sending CreatePipelineCommand for pipeline:PipelineID=6d21bc2b-cdf0-4599-ba63-76acb98916c2 to datanode:3eacac38-fa6c-439b-bf72-bbc3b8f2ba66
2021-07-28 08:37:01,235 [RatisPipelineUtilsThread - 0] INFO  pipeline.PipelineStateManager (PipelineStateManagerV2Impl.java:addPipeline(101)) - Created pipeline Pipeline[ Id: 6d21bc2b-cdf0-4599-ba63-76acb98916c2, Nodes: 3eacac38-fa6c-439b-bf72-bbc3b8f2ba66{ip: 10.1.0.59, host: fv-az122-844.zf1tlrj3kn4expqppa1j4mpycf.xx.internal.cloudapp.net, ports: [REPLICATION=42221, RATIS=37715, RATIS_ADMIN=37715, RATIS_SERVER=37715, STANDALONE=45931], networkLocation: /default-rack, certSerialId: null, persistedOpState: IN_SERVICE, persistedOpStateExpiryEpochSec: 0}, ReplicationConfig: RATIS/ONE, State:ALLOCATED, leaderId:, CreationTimestamp2021-07-28T08:37:01.235Z[Etc/UTC]].
2021-07-28 08:37:01,235 [EventQueue-NodeRegistrationContainerReportForDataNodeSafeModeRule] INFO  safemode.SCMSafeModeManager (SCMSafeModeManager.java:validateSafeModeExitRules(204)) - DataNodeSafeModeRule rule is successfully validated
2021-07-28 08:37:01,236 [EventQueue-NodeRegistrationContainerReportForDataNodeSafeModeRule] INFO  safemode.SCMSafeModeManager (SCMSafeModeManager.java:completePreCheck(233)) - All SCM safe mode pre check rules have passed
2021-07-28 08:37:01,236 [EventQueue-NodeRegistrationContainerReportForDataNodeSafeModeRule] WARN  events.EventQueue (EventQueue.java:fireEvent(194)) - No event handler registered for event TypedEvent{payloadType=SafeModeStatus, name='Safe mode status'}
2021-07-28 08:37:01,236 [EventQueue-NodeRegistrationContainerReportForDataNodeSafeModeRule] INFO  ha.SCMContext (SCMContext.java:updateSafeModeStatus(205)) - Update SafeModeStatus from SafeModeStatus{safeModeStatus=true, preCheckPassed=false} to SafeModeStatus{safeModeStatus=true, preCheckPassed=true}.
2021-07-28 08:37:01,236 [EventQueue-NodeRegistrationContainerReportForDataNodeSafeModeRule] INFO  pipeline.BackgroundPipelineCreator (BackgroundPipelineCreatorV2.java:notifyEventTriggered(285)) - trigger a one-shot run on RatisPipelineUtilsThread.
2021-07-28 08:37:01,237 [RatisPipelineUtilsThread - 0] INFO  pipeline.RatisPipelineProvider (RatisPipelineProvider.java:lambda$create$0(183)) - Sending CreatePipelineCommand for pipeline:PipelineID=e97822f2-aa76-4768-94e3-82f261664d2a to datanode:b7359b5d-2f96-41df-9094-9722a03cb7a4
2021-07-28 08:37:01,237 [RatisPipelineUtilsThread - 0] INFO  pipeline.RatisPipelineProvider (RatisPipelineProvider.java:lambda$create$0(183)) - Sending CreatePipelineCommand for pipeline:PipelineID=e97822f2-aa76-4768-94e3-82f261664d2a to datanode:d20c9192-b22d-4378-befe-a66526543a88
2021-07-28 08:37:01,237 [RatisPipelineUtilsThread - 0] INFO  pipeline.RatisPipelineProvider (RatisPipelineProvider.java:lambda$create$0(183)) - Sending CreatePipelineCommand for pipeline:PipelineID=e97822f2-aa76-4768-94e3-82f261664d2a to datanode:3eacac38-fa6c-439b-bf72-bbc3b8f2ba66
2021-07-28 08:37:01,237 [RatisPipelineUtilsThread - 0] INFO  pipeline.PipelineStateManager (PipelineStateManagerV2Impl.java:addPipeline(101)) - Created pipeline Pipeline[ Id: e97822f2-aa76-4768-94e3-82f261664d2a, Nodes: b7359b5d-2f96-41df-9094-9722a03cb7a4{ip: 10.1.0.59, host: fv-az122-844.zf1tlrj3kn4expqppa1j4mpycf.xx.internal.cloudapp.net, ports: [REPLICATION=44421, RATIS=35585, RATIS_ADMIN=35585, RATIS_SERVER=35585, STANDALONE=43451], networkLocation: /default-rack, certSerialId: null, persistedOpState: IN_SERVICE, persistedOpStateExpiryEpochSec: 0}d20c9192-b22d-4378-befe-a66526543a88{ip: 10.1.0.59, host: fv-az122-844.zf1tlrj3kn4expqppa1j4mpycf.xx.internal.cloudapp.net, ports: [REPLICATION=36245, RATIS=35025, RATIS_ADMIN=35025, RATIS_SERVER=35025, STANDALONE=33695], networkLocation: /default-rack, certSerialId: null, persistedOpState: IN_SERVICE, persistedOpStateExpiryEpochSec: 0}3eacac38-fa6c-439b-bf72-bbc3b8f2ba66{ip: 10.1.0.59, host: fv-az122-844.zf1tlrj3kn4expqppa1j4mpycf.xx.internal.cloudapp.net, ports: [REPLICATION=42221, RATIS=37715, RATIS_ADMIN=37715, RATIS_SERVER=37715, STANDALONE=45931], networkLocation: /default-rack, certSerialId: null, persistedOpState: IN_SERVICE, persistedOpStateExpiryEpochSec: 0}, ReplicationConfig: RATIS/THREE, State:ALLOCATED, leaderId:, CreationTimestamp2021-07-28T08:37:01.237Z[Etc/UTC]].
2021-07-28 08:37:01,359 [Listener at 127.0.0.1/42363] INFO  ozone.MiniOzoneClusterImpl (MiniOzoneClusterImpl.java:lambda$waitForClusterToBeReady$0(235)) - Waiting for nodes to be ready. Got 3 of 9 DN Heartbeats.
2021-07-28 08:37:01,360 [Listener at 127.0.0.1/42363] INFO  ozone.MiniOzoneClusterImpl (MiniOzoneClusterImpl.java:lambda$waitForClusterToBeReady$0(238)) - Waiting for cluster to exit safe mode
2021-07-28 08:37:01,360 [Listener at 127.0.0.1/42363] INFO  ozone.MiniOzoneClusterImpl (MiniOzoneClusterImpl.java:lambda$waitForClusterToBeReady$0(240)) - SCM became leader
2021-07-28 08:37:01,452 [IPC Server handler 1 on default port 40453] INFO  net.NetworkTopologyImpl (NetworkTopologyImpl.java:add(112)) - Added a new node: /default-rack/a207c4d7-e778-4207-b497-059bef413d6b
2021-07-28 08:37:01,452 [IPC Server handler 1 on default port 40453] INFO  node.SCMNodeManager (SCMNodeManager.java:register(386)) - Registered Data node : a207c4d7-e778-4207-b497-059bef413d6b{ip: 10.1.0.59, host: fv-az122-844.zf1tlrj3kn4expqppa1j4mpycf.xx.internal.cloudapp.net, ports: [REPLICATION=35795, RATIS=37517, RATIS_ADMIN=37517, RATIS_SERVER=37517, STANDALONE=38225], networkLocation: /default-rack, certSerialId: null, persistedOpState: null, persistedOpStateExpiryEpochSec: 0}
2021-07-28 08:37:01,453 [EventQueue-NewNodeForNewNodeHandler] INFO  pipeline.BackgroundPipelineCreator (BackgroundPipelineCreatorV2.java:notifyEventTriggered(285)) - trigger a one-shot run on RatisPipelineUtilsThread.
2021-07-28 08:37:01,453 [RatisPipelineUtilsThread - 0] INFO  pipeline.RatisPipelineProvider (RatisPipelineProvider.java:lambda$create$0(183)) - Sending CreatePipelineCommand for pipeline:PipelineID=401132e7-97ea-4585-b7a3-b1b94ac013ea to datanode:a207c4d7-e778-4207-b497-059bef413d6b
2021-07-28 08:37:01,454 [RatisPipelineUtilsThread - 0] INFO  pipeline.PipelineStateManager (PipelineStateManagerV2Impl.java:addPipeline(101)) - Created pipeline Pipeline[ Id: 401132e7-97ea-4585-b7a3-b1b94ac013ea, Nodes: a207c4d7-e778-4207-b497-059bef413d6b{ip: 10.1.0.59, host: fv-az122-844.zf1tlrj3kn4expqppa1j4mpycf.xx.internal.cloudapp.net, ports: [REPLICATION=35795, RATIS=37517, RATIS_ADMIN=37517, RATIS_SERVER=37517, STANDALONE=38225], networkLocation: /default-rack, certSerialId: null, persistedOpState: IN_SERVICE, persistedOpStateExpiryEpochSec: 0}, ReplicationConfig: RATIS/ONE, State:ALLOCATED, leaderId:, CreationTimestamp2021-07-28T08:37:01.453Z[Etc/UTC]].
2021-07-28 08:37:01,629 [IPC Server handler 2 on default port 40453] INFO  net.NetworkTopologyImpl (NetworkTopologyImpl.java:add(112)) - Added a new node: /default-rack/6a7d5deb-ea30-475f-9337-bf1860e839e5
2021-07-28 08:37:01,629 [IPC Server handler 2 on default port 40453] INFO  node.SCMNodeManager (SCMNodeManager.java:register(386)) - Registered Data node : 6a7d5deb-ea30-475f-9337-bf1860e839e5{ip: 10.1.0.59, host: fv-az122-844.zf1tlrj3kn4expqppa1j4mpycf.xx.internal.cloudapp.net, ports: [REPLICATION=44039, RATIS=35389, RATIS_ADMIN=35389, RATIS_SERVER=35389, STANDALONE=35877], networkLocation: /default-rack, certSerialId: null, persistedOpState: null, persistedOpStateExpiryEpochSec: 0}
2021-07-28 08:37:01,629 [EventQueue-NewNodeForNewNodeHandler] INFO  pipeline.BackgroundPipelineCreator (BackgroundPipelineCreatorV2.java:notifyEventTriggered(285)) - trigger a one-shot run on RatisPipelineUtilsThread.
2021-07-28 08:37:01,631 [RatisPipelineUtilsThread - 0] INFO  pipeline.RatisPipelineProvider (RatisPipelineProvider.java:lambda$create$0(183)) - Sending CreatePipelineCommand for pipeline:PipelineID=66d91f13-69f7-44ce-acd2-573c9320ba89 to datanode:6a7d5deb-ea30-475f-9337-bf1860e839e5
2021-07-28 08:37:01,631 [RatisPipelineUtilsThread - 0] INFO  pipeline.PipelineStateManager (PipelineStateManagerV2Impl.java:addPipeline(101)) - Created pipeline Pipeline[ Id: 66d91f13-69f7-44ce-acd2-573c9320ba89, Nodes: 6a7d5deb-ea30-475f-9337-bf1860e839e5{ip: 10.1.0.59, host: fv-az122-844.zf1tlrj3kn4expqppa1j4mpycf.xx.internal.cloudapp.net, ports: [REPLICATION=44039, RATIS=35389, RATIS_ADMIN=35389, RATIS_SERVER=35389, STANDALONE=35877], networkLocation: /default-rack, certSerialId: null, persistedOpState: IN_SERVICE, persistedOpStateExpiryEpochSec: 0}, ReplicationConfig: RATIS/ONE, State:ALLOCATED, leaderId:, CreationTimestamp2021-07-28T08:37:01.631Z[Etc/UTC]].
2021-07-28 08:37:01,825 [IPC Server handler 3 on default port 40453] INFO  net.NetworkTopologyImpl (NetworkTopologyImpl.java:add(112)) - Added a new node: /default-rack/5cf1d98d-61cd-4f7c-aaf3-95502ed3bd06
2021-07-28 08:37:01,825 [IPC Server handler 3 on default port 40453] INFO  node.SCMNodeManager (SCMNodeManager.java:register(386)) - Registered Data node : 5cf1d98d-61cd-4f7c-aaf3-95502ed3bd06{ip: 10.1.0.59, host: fv-az122-844.zf1tlrj3kn4expqppa1j4mpycf.xx.internal.cloudapp.net, ports: [REPLICATION=43367, RATIS=41113, RATIS_ADMIN=41113, RATIS_SERVER=41113, STANDALONE=43799], networkLocation: /default-rack, certSerialId: null, persistedOpState: null, persistedOpStateExpiryEpochSec: 0}
2021-07-28 08:37:01,825 [EventQueue-NewNodeForNewNodeHandler] INFO  pipeline.BackgroundPipelineCreator (BackgroundPipelineCreatorV2.java:notifyEventTriggered(285)) - trigger a one-shot run on RatisPipelineUtilsThread.
2021-07-28 08:37:01,826 [RatisPipelineUtilsThread - 0] INFO  pipeline.RatisPipelineProvider (RatisPipelineProvider.java:lambda$create$0(183)) - Sending CreatePipelineCommand for pipeline:PipelineID=94bc9abb-7272-403a-ab5d-1e774c15f362 to datanode:5cf1d98d-61cd-4f7c-aaf3-95502ed3bd06
2021-07-28 08:37:01,826 [RatisPipelineUtilsThread - 0] INFO  pipeline.PipelineStateManager (PipelineStateManagerV2Impl.java:addPipeline(101)) - Created pipeline Pipeline[ Id: 94bc9abb-7272-403a-ab5d-1e774c15f362, Nodes: 5cf1d98d-61cd-4f7c-aaf3-95502ed3bd06{ip: 10.1.0.59, host: fv-az122-844.zf1tlrj3kn4expqppa1j4mpycf.xx.internal.cloudapp.net, ports: [REPLICATION=43367, RATIS=41113, RATIS_ADMIN=41113, RATIS_SERVER=41113, STANDALONE=43799], networkLocation: /default-rack, certSerialId: null, persistedOpState: IN_SERVICE, persistedOpStateExpiryEpochSec: 0}, ReplicationConfig: RATIS/ONE, State:ALLOCATED, leaderId:, CreationTimestamp2021-07-28T08:37:01.826Z[Etc/UTC]].
2021-07-28 08:37:01,827 [RatisPipelineUtilsThread - 0] INFO  pipeline.RatisPipelineProvider (RatisPipelineProvider.java:lambda$create$0(183)) - Sending CreatePipelineCommand for pipeline:PipelineID=c77a0f1c-f150-4c9f-a45c-1fd284f46611 to datanode:5cf1d98d-61cd-4f7c-aaf3-95502ed3bd06
2021-07-28 08:37:01,827 [RatisPipelineUtilsThread - 0] INFO  pipeline.RatisPipelineProvider (RatisPipelineProvider.java:lambda$create$0(183)) - Sending CreatePipelineCommand for pipeline:PipelineID=c77a0f1c-f150-4c9f-a45c-1fd284f46611 to datanode:6a7d5deb-ea30-475f-9337-bf1860e839e5
2021-07-28 08:37:01,827 [RatisPipelineUtilsThread - 0] INFO  pipeline.RatisPipelineProvider (RatisPipelineProvider.java:lambda$create$0(183)) - Sending CreatePipelineCommand for pipeline:PipelineID=c77a0f1c-f150-4c9f-a45c-1fd284f46611 to datanode:a207c4d7-e778-4207-b497-059bef413d6b
2021-07-28 08:37:01,827 [RatisPipelineUtilsThread - 0] INFO  pipeline.PipelineStateManager (PipelineStateManagerV2Impl.java:addPipeline(101)) - Created pipeline Pipeline[ Id: c77a0f1c-f150-4c9f-a45c-1fd284f46611, Nodes: 5cf1d98d-61cd-4f7c-aaf3-95502ed3bd06{ip: 10.1.0.59, host: fv-az122-844.zf1tlrj3kn4expqppa1j4mpycf.xx.internal.cloudapp.net, ports: [REPLICATION=43367, RATIS=41113, RATIS_ADMIN=41113, RATIS_SERVER=41113, STANDALONE=43799], networkLocation: /default-rack, certSerialId: null, persistedOpState: IN_SERVICE, persistedOpStateExpiryEpochSec: 0}6a7d5deb-ea30-475f-9337-bf1860e839e5{ip: 10.1.0.59, host: fv-az122-844.zf1tlrj3kn4expqppa1j4mpycf.xx.internal.cloudapp.net, ports: [REPLICATION=44039, RATIS=35389, RATIS_ADMIN=35389, RATIS_SERVER=35389, STANDALONE=35877], networkLocation: /default-rack, certSerialId: null, persistedOpState: IN_SERVICE, persistedOpStateExpiryEpochSec: 0}a207c4d7-e778-4207-b497-059bef413d6b{ip: 10.1.0.59, host: fv-az122-844.zf1tlrj3kn4expqppa1j4mpycf.xx.internal.cloudapp.net, ports: [REPLICATION=35795, RATIS=37517, RATIS_ADMIN=37517, RATIS_SERVER=37517, STANDALONE=38225], networkLocation: /default-rack, certSerialId: null, persistedOpState: IN_SERVICE, persistedOpStateExpiryEpochSec: 0}, ReplicationConfig: RATIS/THREE, State:ALLOCATED, leaderId:, CreationTimestamp2021-07-28T08:37:01.827Z[Etc/UTC]].
2021-07-28 08:37:02,014 [IPC Server handler 4 on default port 40453] INFO  net.NetworkTopologyImpl (NetworkTopologyImpl.java:add(112)) - Added a new node: /default-rack/954c2539-c430-4abc-b152-2157e37527ee
2021-07-28 08:37:02,014 [IPC Server handler 4 on default port 40453] INFO  node.SCMNodeManager (SCMNodeManager.java:register(386)) - Registered Data node : 954c2539-c430-4abc-b152-2157e37527ee{ip: 10.1.0.59, host: fv-az122-844.zf1tlrj3kn4expqppa1j4mpycf.xx.internal.cloudapp.net, ports: [REPLICATION=38475, RATIS=36295, RATIS_ADMIN=36295, RATIS_SERVER=36295, STANDALONE=33707], networkLocation: /default-rack, certSerialId: null, persistedOpState: null, persistedOpStateExpiryEpochSec: 0}
2021-07-28 08:37:02,014 [EventQueue-NewNodeForNewNodeHandler] INFO  pipeline.BackgroundPipelineCreator (BackgroundPipelineCreatorV2.java:notifyEventTriggered(285)) - trigger a one-shot run on RatisPipelineUtilsThread.
2021-07-28 08:37:02,015 [RatisPipelineUtilsThread - 0] INFO  pipeline.RatisPipelineProvider (RatisPipelineProvider.java:lambda$create$0(183)) - Sending CreatePipelineCommand for pipeline:PipelineID=a78b0723-9a9c-4ecf-8d5c-6183a439e866 to datanode:954c2539-c430-4abc-b152-2157e37527ee
2021-07-28 08:37:02,015 [RatisPipelineUtilsThread - 0] INFO  pipeline.PipelineStateManager (PipelineStateManagerV2Impl.java:addPipeline(101)) - Created pipeline Pipeline[ Id: a78b0723-9a9c-4ecf-8d5c-6183a439e866, Nodes: 954c2539-c430-4abc-b152-2157e37527ee{ip: 10.1.0.59, host: fv-az122-844.zf1tlrj3kn4expqppa1j4mpycf.xx.internal.cloudapp.net, ports: [REPLICATION=38475, RATIS=36295, RATIS_ADMIN=36295, RATIS_SERVER=36295, STANDALONE=33707], networkLocation: /default-rack, certSerialId: null, persistedOpState: IN_SERVICE, persistedOpStateExpiryEpochSec: 0}, ReplicationConfig: RATIS/ONE, State:ALLOCATED, leaderId:, CreationTimestamp2021-07-28T08:37:02.015Z[Etc/UTC]].
2021-07-28 08:37:02,193 [IPC Server handler 10 on default port 40453] INFO  net.NetworkTopologyImpl (NetworkTopologyImpl.java:add(112)) - Added a new node: /default-rack/5adaab23-8dc1-4fdb-be6f-dc28f4219fad
2021-07-28 08:37:02,194 [IPC Server handler 10 on default port 40453] INFO  node.SCMNodeManager (SCMNodeManager.java:register(386)) - Registered Data node : 5adaab23-8dc1-4fdb-be6f-dc28f4219fad{ip: 10.1.0.59, host: fv-az122-844.zf1tlrj3kn4expqppa1j4mpycf.xx.internal.cloudapp.net, ports: [REPLICATION=36317, RATIS=40175, RATIS_ADMIN=40175, RATIS_SERVER=40175, STANDALONE=39983], networkLocation: /default-rack, certSerialId: null, persistedOpState: null, persistedOpStateExpiryEpochSec: 0}
2021-07-28 08:37:02,194 [EventQueue-NewNodeForNewNodeHandler] INFO  pipeline.BackgroundPipelineCreator (BackgroundPipelineCreatorV2.java:notifyEventTriggered(285)) - trigger a one-shot run on RatisPipelineUtilsThread.
2021-07-28 08:37:02,196 [RatisPipelineUtilsThread - 0] INFO  pipeline.RatisPipelineProvider (RatisPipelineProvider.java:lambda$create$0(183)) - Sending CreatePipelineCommand for pipeline:PipelineID=3d6b4bd0-f281-462f-9dad-87309ccaf353 to datanode:5adaab23-8dc1-4fdb-be6f-dc28f4219fad
2021-07-28 08:37:02,197 [RatisPipelineUtilsThread - 0] INFO  pipeline.PipelineStateManager (PipelineStateManagerV2Impl.java:addPipeline(101)) - Created pipeline Pipeline[ Id: 3d6b4bd0-f281-462f-9dad-87309ccaf353, Nodes: 5adaab23-8dc1-4fdb-be6f-dc28f4219fad{ip: 10.1.0.59, host: fv-az122-844.zf1tlrj3kn4expqppa1j4mpycf.xx.internal.cloudapp.net, ports: [REPLICATION=36317, RATIS=40175, RATIS_ADMIN=40175, RATIS_SERVER=40175, STANDALONE=39983], networkLocation: /default-rack, certSerialId: null, persistedOpState: IN_SERVICE, persistedOpStateExpiryEpochSec: 0}, ReplicationConfig: RATIS/ONE, State:ALLOCATED, leaderId:, CreationTimestamp2021-07-28T08:37:02.196Z[Etc/UTC]].
2021-07-28 08:37:02,360 [Listener at 127.0.0.1/42363] INFO  ozone.MiniOzoneClusterImpl (MiniOzoneClusterImpl.java:lambda$waitForClusterToBeReady$0(235)) - Waiting for nodes to be ready. Got 8 of 9 DN Heartbeats.
2021-07-28 08:37:02,360 [Listener at 127.0.0.1/42363] INFO  ozone.MiniOzoneClusterImpl (MiniOzoneClusterImpl.java:lambda$waitForClusterToBeReady$0(238)) - Waiting for cluster to exit safe mode
2021-07-28 08:37:02,360 [Listener at 127.0.0.1/42363] INFO  ozone.MiniOzoneClusterImpl (MiniOzoneClusterImpl.java:lambda$waitForClusterToBeReady$0(240)) - SCM became leader
2021-07-28 08:37:02,362 [IPC Server handler 0 on default port 40453] INFO  net.NetworkTopologyImpl (NetworkTopologyImpl.java:add(112)) - Added a new node: /default-rack/81ffaf6e-1a0b-4e8d-b763-a17fba998bf8
2021-07-28 08:37:02,362 [IPC Server handler 0 on default port 40453] INFO  node.SCMNodeManager (SCMNodeManager.java:register(386)) - Registered Data node : 81ffaf6e-1a0b-4e8d-b763-a17fba998bf8{ip: 10.1.0.59, host: fv-az122-844.zf1tlrj3kn4expqppa1j4mpycf.xx.internal.cloudapp.net, ports: [REPLICATION=36745, RATIS=40745, RATIS_ADMIN=40745, RATIS_SERVER=40745, STANDALONE=36593], networkLocation: /default-rack, certSerialId: null, persistedOpState: null, persistedOpStateExpiryEpochSec: 0}
2021-07-28 08:37:02,362 [EventQueue-NewNodeForNewNodeHandler] INFO  pipeline.BackgroundPipelineCreator (BackgroundPipelineCreatorV2.java:notifyEventTriggered(285)) - trigger a one-shot run on RatisPipelineUtilsThread.
2021-07-28 08:37:02,362 [RatisPipelineUtilsThread - 0] INFO  pipeline.RatisPipelineProvider (RatisPipelineProvider.java:lambda$create$0(183)) - Sending CreatePipelineCommand for pipeline:PipelineID=a0d9895a-15d5-4a5d-8c53-1b179147a28d to datanode:81ffaf6e-1a0b-4e8d-b763-a17fba998bf8
2021-07-28 08:37:02,363 [RatisPipelineUtilsThread - 0] INFO  pipeline.PipelineStateManager (PipelineStateManagerV2Impl.java:addPipeline(101)) - Created pipeline Pipeline[ Id: a0d9895a-15d5-4a5d-8c53-1b179147a28d, Nodes: 81ffaf6e-1a0b-4e8d-b763-a17fba998bf8{ip: 10.1.0.59, host: fv-az122-844.zf1tlrj3kn4expqppa1j4mpycf.xx.internal.cloudapp.net, ports: [REPLICATION=36745, RATIS=40745, RATIS_ADMIN=40745, RATIS_SERVER=40745, STANDALONE=36593], networkLocation: /default-rack, certSerialId: null, persistedOpState: IN_SERVICE, persistedOpStateExpiryEpochSec: 0}, ReplicationConfig: RATIS/ONE, State:ALLOCATED, leaderId:, CreationTimestamp2021-07-28T08:37:02.362Z[Etc/UTC]].
2021-07-28 08:37:02,363 [RatisPipelineUtilsThread - 0] INFO  pipeline.RatisPipelineProvider (RatisPipelineProvider.java:lambda$create$0(183)) - Sending CreatePipelineCommand for pipeline:PipelineID=0397c355-0ce0-4aba-bbd8-d95e40a13d84 to datanode:81ffaf6e-1a0b-4e8d-b763-a17fba998bf8
2021-07-28 08:37:02,364 [RatisPipelineUtilsThread - 0] INFO  pipeline.RatisPipelineProvider (RatisPipelineProvider.java:lambda$create$0(183)) - Sending CreatePipelineCommand for pipeline:PipelineID=0397c355-0ce0-4aba-bbd8-d95e40a13d84 to datanode:954c2539-c430-4abc-b152-2157e37527ee
2021-07-28 08:37:02,364 [RatisPipelineUtilsThread - 0] INFO  pipeline.RatisPipelineProvider (RatisPipelineProvider.java:lambda$create$0(183)) - Sending CreatePipelineCommand for pipeline:PipelineID=0397c355-0ce0-4aba-bbd8-d95e40a13d84 to datanode:5adaab23-8dc1-4fdb-be6f-dc28f4219fad
2021-07-28 08:37:02,364 [RatisPipelineUtilsThread - 0] INFO  pipeline.PipelineStateManager (PipelineStateManagerV2Impl.java:addPipeline(101)) - Created pipeline Pipeline[ Id: 0397c355-0ce0-4aba-bbd8-d95e40a13d84, Nodes: 81ffaf6e-1a0b-4e8d-b763-a17fba998bf8{ip: 10.1.0.59, host: fv-az122-844.zf1tlrj3kn4expqppa1j4mpycf.xx.internal.cloudapp.net, ports: [REPLICATION=36745, RATIS=40745, RATIS_ADMIN=40745, RATIS_SERVER=40745, STANDALONE=36593], networkLocation: /default-rack, certSerialId: null, persistedOpState: IN_SERVICE, persistedOpStateExpiryEpochSec: 0}954c2539-c430-4abc-b152-2157e37527ee{ip: 10.1.0.59, host: fv-az122-844.zf1tlrj3kn4expqppa1j4mpycf.xx.internal.cloudapp.net, ports: [REPLICATION=38475, RATIS=36295, RATIS_ADMIN=36295, RATIS_SERVER=36295, STANDALONE=33707], networkLocation: /default-rack, certSerialId: null, persistedOpState: IN_SERVICE, persistedOpStateExpiryEpochSec: 0}5adaab23-8dc1-4fdb-be6f-dc28f4219fad{ip: 10.1.0.59, host: fv-az122-844.zf1tlrj3kn4expqppa1j4mpycf.xx.internal.cloudapp.net, ports: [REPLICATION=36317, RATIS=40175, RATIS_ADMIN=40175, RATIS_SERVER=40175, STANDALONE=39983], networkLocation: /default-rack, certSerialId: null, persistedOpState: IN_SERVICE, persistedOpStateExpiryEpochSec: 0}, ReplicationConfig: RATIS/THREE, State:ALLOCATED, leaderId:, CreationTimestamp2021-07-28T08:37:02.363Z[Etc/UTC]].
2021-07-28 08:37:03,361 [Listener at 127.0.0.1/42363] INFO  ozone.MiniOzoneClusterImpl (MiniOzoneClusterImpl.java:lambda$waitForClusterToBeReady$0(235)) - Nodes are ready. Got 9 of 9 DN Heartbeats.
2021-07-28 08:37:03,361 [Listener at 127.0.0.1/42363] INFO  ozone.MiniOzoneClusterImpl (MiniOzoneClusterImpl.java:lambda$waitForClusterToBeReady$0(238)) - Waiting for cluster to exit safe mode
2021-07-28 08:37:03,361 [Listener at 127.0.0.1/42363] INFO  ozone.MiniOzoneClusterImpl (MiniOzoneClusterImpl.java:lambda$waitForClusterToBeReady$0(240)) - SCM became leader
2021-07-28 08:37:03,867 [Command processor thread] INFO  server.RaftServer (RaftServerProxy.java:addNew(95)) - d20c9192-b22d-4378-befe-a66526543a88: addNew group-94746EF94367:[d20c9192-b22d-4378-befe-a66526543a88|rpc:10.1.0.59:35025|priority:1] returns group-94746EF94367:java.util.concurrent.CompletableFuture@6dad7480[Not completed]
2021-07-28 08:37:03,869 [pool-527-thread-1] INFO  server.RaftServer$Division (RaftServerImpl.java:<init>(181)) - d20c9192-b22d-4378-befe-a66526543a88: new RaftServerImpl for group-94746EF94367:[d20c9192-b22d-4378-befe-a66526543a88|rpc:10.1.0.59:35025|priority:1] with ContainerStateMachine:uninitialized
2021-07-28 08:37:03,869 [pool-527-thread-1] INFO  server.RaftServerConfigKeys (ConfUtils.java:logGet(44)) - raft.server.rpc.timeout.min = 5s (custom)
2021-07-28 08:37:03,869 [pool-527-thread-1] INFO  server.RaftServerConfigKeys (ConfUtils.java:logGet(44)) - raft.server.rpc.timeout.max = 5200ms (custom)
2021-07-28 08:37:03,869 [pool-527-thread-1] INFO  server.RaftServerConfigKeys (ConfUtils.java:logGet(44)) - raft.server.rpc.sleep.time = 25ms (default)
2021-07-28 08:37:03,869 [pool-527-thread-1] INFO  server.RaftServerConfigKeys (ConfUtils.java:logGet(44)) - raft.server.rpc.slowness.timeout = 300000ms (custom)
2021-07-28 08:37:03,869 [pool-527-thread-1] INFO  server.RaftServerConfigKeys (ConfUtils.java:logGet(44)) - raft.server.leaderelection.leader.step-down.wait-time = 10s (default)
2021-07-28 08:37:03,869 [pool-527-thread-1] INFO  server.RaftServerConfigKeys (ConfUtils.java:logGet(44)) - raft.server.sleep.deviation.threshold = 300ms (default)
2021-07-28 08:37:03,869 [pool-527-thread-1] INFO  server.RaftServerConfigKeys (ConfUtils.java:logGet(44)) - raft.server.log.appender.install.snapshot.enabled = false (custom)
2021-07-28 08:37:03,869 [pool-527-thread-1] INFO  server.RaftServer$Division (ServerState.java:<init>(105)) - d20c9192-b22d-4378-befe-a66526543a88@group-94746EF94367: ConfigurationManager, init=-1: [d20c9192-b22d-4378-befe-a66526543a88|rpc:10.1.0.59:35025|priority:1], old=null, confs=<EMPTY_MAP>
2021-07-28 08:37:03,869 [pool-527-thread-1] INFO  server.RaftServerConfigKeys (ConfUtils.java:logGet(44)) - raft.server.storage.dir = [/home/runner/work/ozone/ozone/mnt/ozone/hadoop-ozone/integration-test/target/test-dir/MiniOzoneClusterImpl-7b7c0b8f-b3d8-4fbb-9550-cea541527f6c/datanode-0/data/ratis] (custom)
2021-07-28 08:37:03,870 [pool-527-thread-1] INFO  server.RaftServerConfigKeys (ConfUtils.java:logGet(44)) - raft.server.log.corruption.policy = EXCEPTION (default)
2021-07-28 08:37:03,870 [pool-527-thread-1] INFO  server.RaftServerConfigKeys (ConfUtils.java:logGet(44)) - raft.server.storage.free-space.min = 0MB (=0) (default)
2021-07-28 08:37:03,870 [pool-527-thread-1] INFO  storage.RaftStorageDirectory (RaftStorageDirectoryImpl.java:analyzeStorage(135)) - The storage directory /home/runner/work/ozone/ozone/mnt/ozone/hadoop-ozone/integration-test/target/test-dir/MiniOzoneClusterImpl-7b7c0b8f-b3d8-4fbb-9550-cea541527f6c/datanode-0/data/ratis/dcd2ae9b-6982-4286-8bb9-94746ef94367 does not exist. Creating ...
2021-07-28 08:37:03,871 [pool-527-thread-1] INFO  storage.RaftStorageDirectory (RaftStorageDirectoryImpl.java:tryLock(230)) - Lock on /home/runner/work/ozone/ozone/mnt/ozone/hadoop-ozone/integration-test/target/test-dir/MiniOzoneClusterImpl-7b7c0b8f-b3d8-4fbb-9550-cea541527f6c/datanode-0/data/ratis/dcd2ae9b-6982-4286-8bb9-94746ef94367/in_use.lock acquired by nodename 1859@fv-az122-844
2021-07-28 08:37:03,873 [pool-527-thread-1] INFO  storage.RaftStorage (RaftStorageImpl.java:format(89)) - Storage directory /home/runner/work/ozone/ozone/mnt/ozone/hadoop-ozone/integration-test/target/test-dir/MiniOzoneClusterImpl-7b7c0b8f-b3d8-4fbb-9550-cea541527f6c/datanode-0/data/ratis/dcd2ae9b-6982-4286-8bb9-94746ef94367 has been successfully formatted.
2021-07-28 08:37:03,874 [pool-527-thread-1] INFO  ratis.ContainerStateMachine (ContainerStateMachine.java:loadSnapshot(223)) - group-94746EF94367: The snapshot info is null. Setting the last applied indexto:(t:0, i:~)
2021-07-28 08:37:03,874 [pool-527-thread-1] INFO  server.RaftServerConfigKeys (ConfUtils.java:logGet(44)) - raft.server.notification.no-leader.timeout = 300000ms (custom)
2021-07-28 08:37:03,874 [pool-527-thread-1] INFO  server.RaftServerConfigKeys (ConfUtils.java:logGet(44)) - raft.server.log.use.memory = false (default)
2021-07-28 08:37:03,875 [pool-527-thread-1] INFO  server.RaftServerConfigKeys (ConfUtils.java:logGet(44)) - raft.server.log.purge.gap = 1000000 (custom)
2021-07-28 08:37:03,875 [pool-527-thread-1] INFO  server.RaftServerConfigKeys (ConfUtils.java:logGet(44)) - raft.server.log.appender.buffer.byte-limit = 33554432 (custom)
2021-07-28 08:37:03,875 [pool-527-thread-1] INFO  server.RaftServerConfigKeys (ConfUtils.java:logGet(44)) - raft.server.log.segment.size.max = 1048576 (custom)
2021-07-28 08:37:03,875 [EventQueue-PipelineReportForPipelineReportHandler] INFO  pipeline.PipelineManagerV2Impl (PipelineManagerV2Impl.java:openPipeline(283)) - Pipeline Pipeline[ Id: dcd2ae9b-6982-4286-8bb9-94746ef94367, Nodes: d20c9192-b22d-4378-befe-a66526543a88{ip: 10.1.0.59, host: fv-az122-844.zf1tlrj3kn4expqppa1j4mpycf.xx.internal.cloudapp.net, ports: [REPLICATION=36245, RATIS=35025, RATIS_ADMIN=35025, RATIS_SERVER=35025, STANDALONE=33695], networkLocation: /default-rack, certSerialId: null, persistedOpState: IN_SERVICE, persistedOpStateExpiryEpochSec: 0}, ReplicationConfig: RATIS/ONE, State:ALLOCATED, leaderId:d20c9192-b22d-4378-befe-a66526543a88, CreationTimestamp2021-07-28T08:37:00.875Z[Etc/UTC]] moved to OPEN state
2021-07-28 08:37:03,875 [pool-527-thread-1] INFO  server.RaftServerConfigKeys (ConfUtils.java:logGet(44)) - raft.server.log.segment.cache.num.max = 2 (custom)
2021-07-28 08:37:03,876 [pool-527-thread-1] INFO  server.RaftServerConfigKeys (ConfUtils.java:logGet(44)) - raft.server.log.segment.cache.size.max = 200MB (=209715200) (default)
2021-07-28 08:37:03,876 [pool-527-thread-1] INFO  segmented.SegmentedRaftLogWorker (SegmentedRaftLogWorker.java:<init>(182)) - new d20c9192-b22d-4378-befe-a66526543a88@group-94746EF94367-SegmentedRaftLogWorker for RaftStorageImpl:Storage Directory /home/runner/work/ozone/ozone/mnt/ozone/hadoop-ozone/integration-test/target/test-dir/MiniOzoneClusterImpl-7b7c0b8f-b3d8-4fbb-9550-cea541527f6c/datanode-0/data/ratis/dcd2ae9b-6982-4286-8bb9-94746ef94367
2021-07-28 08:37:03,876 [pool-527-thread-1] INFO  server.RaftServerConfigKeys (ConfUtils.java:logGet(44)) - raft.server.log.queue.byte-limit = 2147483647 (custom)
2021-07-28 08:37:03,876 [pool-527-thread-1] INFO  server.RaftServerConfigKeys (ConfUtils.java:logGet(44)) - raft.server.log.queue.element-limit = 1024 (custom)
2021-07-28 08:37:03,876 [pool-527-thread-1] INFO  server.RaftServerConfigKeys (ConfUtils.java:logGet(44)) - raft.server.log.segment.size.max = 1048576 (custom)
2021-07-28 08:37:03,876 [pool-527-thread-1] INFO  server.RaftServerConfigKeys (ConfUtils.java:logGet(44)) - raft.server.log.preallocated.size = 16384 (custom)
2021-07-28 08:37:03,876 [pool-527-thread-1] INFO  server.RaftServerConfigKeys (ConfUtils.java:logGet(44)) - raft.server.log.force.sync.num = 128 (default)
2021-07-28 08:37:03,876 [pool-527-thread-1] INFO  server.RaftServerConfigKeys (ConfUtils.java:logGet(44)) - raft.server.log.statemachine.data.sync = true (default)
2021-07-28 08:37:03,877 [pool-527-thread-1] INFO  server.RaftServerConfigKeys (ConfUtils.java:logGet(44)) - raft.server.log.statemachine.data.sync.timeout = 10s (default)
2021-07-28 08:37:03,878 [EventQueue-OpenPipelineForHealthyPipelineSafeModeRule] INFO  safemode.SCMSafeModeManager (HealthyPipelineSafeModeRule.java:process(124)) - SCM in safe mode. Healthy pipelines reported count is 0, required healthy pipeline reported count is 1
2021-07-28 08:37:03,881 [pool-527-thread-1] INFO  server.RaftServerConfigKeys (ConfUtils.java:logGet(44)) - raft.server.log.statemachine.data.sync.timeout.retry = -1 (default)
2021-07-28 08:37:03,883 [pool-527-thread-1] INFO  server.RaftServerConfigKeys (ConfUtils.java:logGet(44)) - raft.server.log.write.buffer.size = 1048576 (custom)
2021-07-28 08:37:03,884 [pool-527-thread-1] INFO  server.RaftServerConfigKeys (ConfUtils.java:logGet(44)) - raft.server.log.statemachine.data.caching.enabled = true (custom)
2021-07-28 08:37:03,884 [pool-527-thread-1] INFO  segmented.SegmentedRaftLogWorker (SegmentedRaftLogWorker.java:lambda$new$0(133)) - d20c9192-b22d-4378-befe-a66526543a88@group-94746EF94367-SegmentedRaftLogWorker: flushIndex: setUnconditionally 0 -> -1
2021-07-28 08:37:03,884 [pool-527-thread-1] INFO  segmented.SegmentedRaftLogWorker (SegmentedRaftLogWorker.java:lambda$new$0(133)) - d20c9192-b22d-4378-befe-a66526543a88@group-94746EF94367-SegmentedRaftLogWorker: safeCacheEvictIndex: setUnconditionally 0 -> -1
2021-07-28 08:37:03,885 [pool-527-thread-1] INFO  server.RaftServerConfigKeys (ConfUtils.java:logGet(44)) - raft.server.snapshot.auto.trigger.enabled = true (custom)
2021-07-28 08:37:03,885 [pool-527-thread-1] INFO  server.RaftServerConfigKeys (ConfUtils.java:logGet(44)) - raft.server.snapshot.auto.trigger.threshold = 10000 (custom)
2021-07-28 08:37:03,885 [pool-527-thread-1] INFO  server.RaftServerConfigKeys (ConfUtils.java:logGet(44)) - raft.server.snapshot.retention.file.num = 5 (custom)
2021-07-28 08:37:03,885 [pool-527-thread-1] INFO  server.RaftServerConfigKeys (ConfUtils.java:logGet(44)) - raft.server.log.purge.upto.snapshot.index = false (default)
2021-07-28 08:37:03,885 [pool-527-thread-1] INFO  server.RaftServerConfigKeys (ConfUtils.java:logGet(44)) - raft.server.retrycache.expirytime = 600000ms (custom)
2021-07-28 08:37:03,885 [pool-527-thread-1] INFO  server.RaftServerConfigKeys (ConfUtils.java:logGet(44)) - raft.server.retrycache.statistics.expirytime = 100μs (default)
2021-07-28 08:37:03,888 [pool-527-thread-1] INFO  server.RaftServer$Division (RaftServerImpl.java:start(296)) - d20c9192-b22d-4378-befe-a66526543a88@group-94746EF94367: start as a follower, conf=-1: [d20c9192-b22d-4378-befe-a66526543a88|rpc:10.1.0.59:35025|priority:1], old=null
2021-07-28 08:37:03,889 [pool-527-thread-1] INFO  server.RaftServer$Division (RaftServerImpl.java:setRole(285)) - d20c9192-b22d-4378-befe-a66526543a88@group-94746EF94367: changes role from      null to FOLLOWER at term 0 for startAsFollower
2021-07-28 08:37:03,889 [pool-527-thread-1] INFO  impl.RoleInfo (RoleInfo.java:updateAndGet(130)) - d20c9192-b22d-4378-befe-a66526543a88: start d20c9192-b22d-4378-befe-a66526543a88@group-94746EF94367-FollowerState
2021-07-28 08:37:03,889 [pool-527-thread-1] INFO  util.JmxRegister (JmxRegister.java:tryRegister(44)) - Successfully registered JMX Bean with object name Ratis:service=RaftServer,group=group-94746EF94367,id=d20c9192-b22d-4378-befe-a66526543a88
2021-07-28 08:37:03,890 [Command processor thread] INFO  ratis.XceiverServerRatis (XceiverServerRatis.java:addGroup(759)) - Created group PipelineID=dcd2ae9b-6982-4286-8bb9-94746ef94367
2021-07-28 08:37:03,890 [Command processor thread] INFO  commandhandler.CreatePipelineCommandHandler (CreatePipelineCommandHandler.java:handle(106)) - Created Pipeline RATIS ONE PipelineID=dcd2ae9b-6982-4286-8bb9-94746ef94367.
2021-07-28 08:37:03,890 [Command processor thread] INFO  server.RaftServer (RaftServerProxy.java:addNew(95)) - d20c9192-b22d-4378-befe-a66526543a88: addNew group-82F261664D2A:[b7359b5d-2f96-41df-9094-9722a03cb7a4|rpc:10.1.0.59:35585|priority:0, d20c9192-b22d-4378-befe-a66526543a88|rpc:10.1.0.59:35025|priority:0, 3eacac38-fa6c-439b-bf72-bbc3b8f2ba66|rpc:10.1.0.59:37715|priority:1] returns group-82F261664D2A:java.util.concurrent.CompletableFuture@6992eded[Not completed]
2021-07-28 08:37:03,891 [pool-527-thread-1] INFO  server.RaftServer$Division (RaftServerImpl.java:<init>(181)) - d20c9192-b22d-4378-befe-a66526543a88: new RaftServerImpl for group-82F261664D2A:[b7359b5d-2f96-41df-9094-9722a03cb7a4|rpc:10.1.0.59:35585|priority:0, d20c9192-b22d-4378-befe-a66526543a88|rpc:10.1.0.59:35025|priority:0, 3eacac38-fa6c-439b-bf72-bbc3b8f2ba66|rpc:10.1.0.59:37715|priority:1] with ContainerStateMachine:uninitialized
2021-07-28 08:37:03,891 [pool-527-thread-1] INFO  server.RaftServerConfigKeys (ConfUtils.java:logGet(44)) - raft.server.rpc.timeout.min = 5s (custom)
2021-07-28 08:37:03,891 [pool-527-thread-1] INFO  server.RaftServerConfigKeys (ConfUtils.java:logGet(44)) - raft.server.rpc.timeout.max = 5200ms (custom)
2021-07-28 08:37:03,891 [pool-527-thread-1] INFO  server.RaftServerConfigKeys (ConfUtils.java:logGet(44)) - raft.server.rpc.sleep.time = 25ms (default)
2021-07-28 08:37:03,891 [pool-527-thread-1] INFO  server.RaftServerConfigKeys (ConfUtils.java:logGet(44)) - raft.server.rpc.slowness.timeout = 300000ms (custom)
2021-07-28 08:37:03,891 [pool-527-thread-1] INFO  server.RaftServerConfigKeys (ConfUtils.java:logGet(44)) - raft.server.leaderelection.leader.step-down.wait-time = 10s (default)
2021-07-28 08:37:03,891 [pool-527-thread-1] INFO  server.RaftServerConfigKeys (ConfUtils.java:logGet(44)) - raft.server.sleep.deviation.threshold = 300ms (default)
2021-07-28 08:37:03,891 [pool-527-thread-1] INFO  server.RaftServerConfigKeys (ConfUtils.java:logGet(44)) - raft.server.log.appender.install.snapshot.enabled = false (custom)
2021-07-28 08:37:03,891 [pool-527-thread-1] INFO  server.RaftServer$Division (ServerState.java:<init>(105)) - d20c9192-b22d-4378-befe-a66526543a88@group-82F261664D2A: ConfigurationManager, init=-1: [b7359b5d-2f96-41df-9094-9722a03cb7a4|rpc:10.1.0.59:35585|priority:0, d20c9192-b22d-4378-befe-a66526543a88|rpc:10.1.0.59:35025|priority:0, 3eacac38-fa6c-439b-bf72-bbc3b8f2ba66|rpc:10.1.0.59:37715|priority:1], old=null, confs=<EMPTY_MAP>
2021-07-28 08:37:03,891 [pool-527-thread-1] INFO  server.RaftServerConfigKeys (ConfUtils.java:logGet(44)) - raft.server.storage.dir = [/home/runner/work/ozone/ozone/mnt/ozone/hadoop-ozone/integration-test/target/test-dir/MiniOzoneClusterImpl-7b7c0b8f-b3d8-4fbb-9550-cea541527f6c/datanode-0/data/ratis] (custom)
2021-07-28 08:37:03,891 [pool-527-thread-1] INFO  server.RaftServerConfigKeys (ConfUtils.java:logGet(44)) - raft.server.log.corruption.policy = EXCEPTION (default)
2021-07-28 08:37:03,891 [pool-527-thread-1] INFO  server.RaftServerConfigKeys (ConfUtils.java:logGet(44)) - raft.server.storage.free-space.min = 0MB (=0) (default)
2021-07-28 08:37:03,892 [pool-527-thread-1] INFO  storage.RaftStorageDirectory (RaftStorageDirectoryImpl.java:analyzeStorage(135)) - The storage directory /home/runner/work/ozone/ozone/mnt/ozone/hadoop-ozone/integration-test/target/test-dir/MiniOzoneClusterImpl-7b7c0b8f-b3d8-4fbb-9550-cea541527f6c/datanode-0/data/ratis/e97822f2-aa76-4768-94e3-82f261664d2a does not exist. Creating ...
2021-07-28 08:37:03,893 [pool-527-thread-1] INFO  storage.RaftStorageDirectory (RaftStorageDirectoryImpl.java:tryLock(230)) - Lock on /home/runner/work/ozone/ozone/mnt/ozone/hadoop-ozone/integration-test/target/test-dir/MiniOzoneClusterImpl-7b7c0b8f-b3d8-4fbb-9550-cea541527f6c/datanode-0/data/ratis/e97822f2-aa76-4768-94e3-82f261664d2a/in_use.lock acquired by nodename 1859@fv-az122-844
2021-07-28 08:37:03,894 [pool-527-thread-1] INFO  storage.RaftStorage (RaftStorageImpl.java:format(89)) - Storage directory /home/runner/work/ozone/ozone/mnt/ozone/hadoop-ozone/integration-test/target/test-dir/MiniOzoneClusterImpl-7b7c0b8f-b3d8-4fbb-9550-cea541527f6c/datanode-0/data/ratis/e97822f2-aa76-4768-94e3-82f261664d2a has been successfully formatted.
2021-07-28 08:37:03,894 [pool-527-thread-1] INFO  ratis.ContainerStateMachine (ContainerStateMachine.java:loadSnapshot(223)) - group-82F261664D2A: The snapshot info is null. Setting the last applied indexto:(t:0, i:~)
2021-07-28 08:37:03,894 [Datanode State Machine Thread - 0] WARN  statemachine.StateContext (StateContext.java:execute(621)) - No available thread in pool for past 1 seconds.
2021-07-28 08:37:03,894 [pool-527-thread-1] INFO  server.RaftServerConfigKeys (ConfUtils.java:logGet(44)) - raft.server.notification.no-leader.timeout = 300000ms (custom)
2021-07-28 08:37:03,894 [pool-527-thread-1] INFO  server.RaftServerConfigKeys (ConfUtils.java:logGet(44)) - raft.server.log.use.memory = false (default)
2021-07-28 08:37:03,895 [pool-527-thread-1] INFO  server.RaftServerConfigKeys (ConfUtils.java:logGet(44)) - raft.server.log.purge.gap = 1000000 (custom)
2021-07-28 08:37:03,895 [pool-527-thread-1] INFO  server.RaftServerConfigKeys (ConfUtils.java:logGet(44)) - raft.server.log.appender.buffer.byte-limit = 33554432 (custom)
2021-07-28 08:37:03,895 [pool-527-thread-1] INFO  server.RaftServerConfigKeys (ConfUtils.java:logGet(44)) - raft.server.log.segment.size.max = 1048576 (custom)
2021-07-28 08:37:03,895 [EventQueue-OpenPipelineForHealthyPipelineSafeModeRule] INFO  safemode.SCMSafeModeManager (HealthyPipelineSafeModeRule.java:process(124)) - SCM in safe mode. Healthy pipelines reported count is 0, required healthy pipeline reported count is 1
2021-07-28 08:37:03,895 [pool-527-thread-1] INFO  server.RaftServerConfigKeys (ConfUtils.java:logGet(44)) - raft.server.log.segment.cache.num.max = 2 (custom)
2021-07-28 08:37:03,896 [pool-527-thread-1] INFO  server.RaftServerConfigKeys (ConfUtils.java:logGet(44)) - raft.server.log.segment.cache.size.max = 200MB (=209715200) (default)
2021-07-28 08:37:03,896 [pool-527-thread-1] INFO  segmented.SegmentedRaftLogWorker (SegmentedRaftLogWorker.java:<init>(182)) - new d20c9192-b22d-4378-befe-a66526543a88@group-82F261664D2A-SegmentedRaftLogWorker for RaftStorageImpl:Storage Directory /home/runner/work/ozone/ozone/mnt/ozone/hadoop-ozone/integration-test/target/test-dir/MiniOzoneClusterImpl-7b7c0b8f-b3d8-4fbb-9550-cea541527f6c/datanode-0/data/ratis/e97822f2-aa76-4768-94e3-82f261664d2a
2021-07-28 08:37:03,896 [pool-527-thread-1] INFO  server.RaftServerConfigKeys (ConfUtils.java:logGet(44)) - raft.server.log.queue.byte-limit = 2147483647 (custom)
2021-07-28 08:37:03,896 [pool-527-thread-1] INFO  server.RaftServerConfigKeys (ConfUtils.java:logGet(44)) - raft.server.log.queue.element-limit = 1024 (custom)
2021-07-28 08:37:03,896 [pool-527-thread-1] INFO  server.RaftServerConfigKeys (ConfUtils.java:logGet(44)) - raft.server.log.segment.size.max = 1048576 (custom)
2021-07-28 08:37:03,896 [pool-527-thread-1] INFO  server.RaftServerConfigKeys (ConfUtils.java:logGet(44)) - raft.server.log.preallocated.size = 16384 (custom)
2021-07-28 08:37:03,896 [pool-527-thread-1] INFO  server.RaftServerConfigKeys (ConfUtils.java:logGet(44)) - raft.server.log.force.sync.num = 128 (default)
2021-07-28 08:37:03,896 [pool-527-thread-1] INFO  server.RaftServerConfigKeys (ConfUtils.java:logGet(44)) - raft.server.log.statemachine.data.sync = true (default)
2021-07-28 08:37:03,896 [pool-527-thread-1] INFO  server.RaftServerConfigKeys (ConfUtils.java:logGet(44)) - raft.server.log.statemachine.data.sync.timeout = 10s (default)
2021-07-28 08:37:03,896 [pool-527-thread-1] INFO  server.RaftServerConfigKeys (ConfUtils.java:logGet(44)) - raft.server.log.statemachine.data.sync.timeout.retry = -1 (default)
2021-07-28 08:37:03,898 [pool-527-thread-1] INFO  server.RaftServerConfigKeys (ConfUtils.java:logGet(44)) - raft.server.log.write.buffer.size = 1048576 (custom)
2021-07-28 08:37:03,898 [pool-527-thread-1] INFO  server.RaftServerConfigKeys (ConfUtils.java:logGet(44)) - raft.server.log.statemachine.data.caching.enabled = true (custom)
2021-07-28 08:37:03,898 [pool-527-thread-1] INFO  segmented.SegmentedRaftLogWorker (SegmentedRaftLogWorker.java:lambda$new$0(133)) - d20c9192-b22d-4378-befe-a66526543a88@group-82F261664D2A-SegmentedRaftLogWorker: flushIndex: setUnconditionally 0 -> -1
2021-07-28 08:37:03,898 [pool-527-thread-1] INFO  segmented.SegmentedRaftLogWorker (SegmentedRaftLogWorker.java:lambda$new$0(133)) - d20c9192-b22d-4378-befe-a66526543a88@group-82F261664D2A-SegmentedRaftLogWorker: safeCacheEvictIndex: setUnconditionally 0 -> -1
2021-07-28 08:37:03,898 [pool-527-thread-1] INFO  server.RaftServerConfigKeys (ConfUtils.java:logGet(44)) - raft.server.snapshot.auto.trigger.enabled = true (custom)
2021-07-28 08:37:03,898 [pool-527-thread-1] INFO  server.RaftServerConfigKeys (ConfUtils.java:logGet(44)) - raft.server.snapshot.auto.trigger.threshold = 10000 (custom)
2021-07-28 08:37:03,898 [pool-527-thread-1] INFO  server.RaftServerConfigKeys (ConfUtils.java:logGet(44)) - raft.server.snapshot.retention.file.num = 5 (custom)
2021-07-28 08:37:03,898 [pool-527-thread-1] INFO  server.RaftServerConfigKeys (ConfUtils.java:logGet(44)) - raft.server.log.purge.upto.snapshot.index = false (default)
2021-07-28 08:37:03,899 [pool-527-thread-1] INFO  server.RaftServerConfigKeys (ConfUtils.java:logGet(44)) - raft.server.retrycache.expirytime = 600000ms (custom)
2021-07-28 08:37:03,899 [pool-527-thread-1] INFO  server.RaftServerConfigKeys (ConfUtils.java:logGet(44)) - raft.server.retrycache.statistics.expirytime = 100μs (default)
2021-07-28 08:37:03,900 [pool-527-thread-1] INFO  server.RaftServer$Division (RaftServerImpl.java:start(296)) - d20c9192-b22d-4378-befe-a66526543a88@group-82F261664D2A: start as a follower, conf=-1: [b7359b5d-2f96-41df-9094-9722a03cb7a4|rpc:10.1.0.59:35585|priority:0, d20c9192-b22d-4378-befe-a66526543a88|rpc:10.1.0.59:35025|priority:0, 3eacac38-fa6c-439b-bf72-bbc3b8f2ba66|rpc:10.1.0.59:37715|priority:1], old=null
2021-07-28 08:37:03,900 [pool-527-thread-1] INFO  server.RaftServer$Division (RaftServerImpl.java:setRole(285)) - d20c9192-b22d-4378-befe-a66526543a88@group-82F261664D2A: changes role from      null to FOLLOWER at term 0 for startAsFollower
2021-07-28 08:37:03,901 [pool-527-thread-1] INFO  impl.RoleInfo (RoleInfo.java:updateAndGet(130)) - d20c9192-b22d-4378-befe-a66526543a88: start d20c9192-b22d-4378-befe-a66526543a88@group-82F261664D2A-FollowerState
2021-07-28 08:37:03,901 [pool-527-thread-1] INFO  util.JmxRegister (JmxRegister.java:tryRegister(44)) - Successfully registered JMX Bean with object name Ratis:service=RaftServer,group=group-82F261664D2A,id=d20c9192-b22d-4378-befe-a66526543a88
2021-07-28 08:37:03,902 [Command processor thread] INFO  ratis.XceiverServerRatis (XceiverServerRatis.java:addGroup(759)) - Created group PipelineID=e97822f2-aa76-4768-94e3-82f261664d2a
2021-07-28 08:37:03,929 [grpc-default-executor-0] INFO  server.RaftServer (RaftServerProxy.java:addNew(95)) - b7359b5d-2f96-41df-9094-9722a03cb7a4: addNew group-82F261664D2A:[b7359b5d-2f96-41df-9094-9722a03cb7a4|rpc:10.1.0.59:35585|dataStream:|priority:0, d20c9192-b22d-4378-befe-a66526543a88|rpc:10.1.0.59:35025|dataStream:|priority:0, 3eacac38-fa6c-439b-bf72-bbc3b8f2ba66|rpc:10.1.0.59:37715|dataStream:|priority:1] returns group-82F261664D2A:java.util.concurrent.CompletableFuture@60525be0[Not completed]
2021-07-28 08:37:03,930 [pool-545-thread-1] INFO  server.RaftServer$Division (RaftServerImpl.java:<init>(181)) - b7359b5d-2f96-41df-9094-9722a03cb7a4: new RaftServerImpl for group-82F261664D2A:[b7359b5d-2f96-41df-9094-9722a03cb7a4|rpc:10.1.0.59:35585|dataStream:|priority:0, d20c9192-b22d-4378-befe-a66526543a88|rpc:10.1.0.59:35025|dataStream:|priority:0, 3eacac38-fa6c-439b-bf72-bbc3b8f2ba66|rpc:10.1.0.59:37715|dataStream:|priority:1] with ContainerStateMachine:uninitialized
2021-07-28 08:37:03,930 [pool-545-thread-1] INFO  server.RaftServerConfigKeys (ConfUtils.java:logGet(44)) - raft.server.rpc.timeout.min = 5s (custom)
2021-07-28 08:37:03,930 [pool-545-thread-1] INFO  server.RaftServerConfigKeys (ConfUtils.java:logGet(44)) - raft.server.rpc.timeout.max = 5200ms (custom)
2021-07-28 08:37:03,930 [pool-545-thread-1] INFO  server.RaftServerConfigKeys (ConfUtils.java:logGet(44)) - raft.server.rpc.sleep.time = 25ms (default)
2021-07-28 08:37:03,930 [pool-545-thread-1] INFO  server.RaftServerConfigKeys (ConfUtils.java:logGet(44)) - raft.server.rpc.slowness.timeout = 300000ms (custom)
2021-07-28 08:37:03,930 [pool-545-thread-1] INFO  server.RaftServerConfigKeys (ConfUtils.java:logGet(44)) - raft.server.leaderelection.leader.step-down.wait-time = 10s (default)
2021-07-28 08:37:03,930 [pool-545-thread-1] INFO  server.RaftServerConfigKeys (ConfUtils.java:logGet(44)) - raft.server.sleep.deviation.threshold = 300ms (default)
2021-07-28 08:37:03,930 [pool-545-thread-1] INFO  server.RaftServerConfigKeys (ConfUtils.java:logGet(44)) - raft.server.log.appender.install.snapshot.enabled = false (custom)
2021-07-28 08:37:03,930 [pool-545-thread-1] INFO  server.RaftServer$Division (ServerState.java:<init>(105)) - b7359b5d-2f96-41df-9094-9722a03cb7a4@group-82F261664D2A: ConfigurationManager, init=-1: [b7359b5d-2f96-41df-9094-9722a03cb7a4|rpc:10.1.0.59:35585|dataStream:|priority:0, d20c9192-b22d-4378-befe-a66526543a88|rpc:10.1.0.59:35025|dataStream:|priority:0, 3eacac38-fa6c-439b-bf72-bbc3b8f2ba66|rpc:10.1.0.59:37715|dataStream:|priority:1], old=null, confs=<EMPTY_MAP>
2021-07-28 08:37:03,931 [pool-545-thread-1] INFO  server.RaftServerConfigKeys (ConfUtils.java:logGet(44)) - raft.server.storage.dir = [/home/runner/work/ozone/ozone/mnt/ozone/hadoop-ozone/integration-test/target/test-dir/MiniOzoneClusterImpl-7b7c0b8f-b3d8-4fbb-9550-cea541527f6c/datanode-1/data/ratis] (custom)
2021-07-28 08:37:03,935 [pool-545-thread-1] INFO  server.RaftServerConfigKeys (ConfUtils.java:logGet(44)) - raft.server.log.corruption.policy = EXCEPTION (default)
2021-07-28 08:37:03,935 [pool-545-thread-1] INFO  server.RaftServerConfigKeys (ConfUtils.java:logGet(44)) - raft.server.storage.free-space.min = 0MB (=0) (default)
2021-07-28 08:37:03,935 [pool-545-thread-1] INFO  storage.RaftStorageDirectory (RaftStorageDirectoryImpl.java:analyzeStorage(135)) - The storage directory /home/runner/work/ozone/ozone/mnt/ozone/hadoop-ozone/integration-test/target/test-dir/MiniOzoneClusterImpl-7b7c0b8f-b3d8-4fbb-9550-cea541527f6c/datanode-1/data/ratis/e97822f2-aa76-4768-94e3-82f261664d2a does not exist. Creating ...
2021-07-28 08:37:03,936 [pool-545-thread-1] INFO  storage.RaftStorageDirectory (RaftStorageDirectoryImpl.java:tryLock(230)) - Lock on /home/runner/work/ozone/ozone/mnt/ozone/hadoop-ozone/integration-test/target/test-dir/MiniOzoneClusterImpl-7b7c0b8f-b3d8-4fbb-9550-cea541527f6c/datanode-1/data/ratis/e97822f2-aa76-4768-94e3-82f261664d2a/in_use.lock acquired by nodename 1859@fv-az122-844
2021-07-28 08:37:03,937 [pool-545-thread-1] INFO  storage.RaftStorage (RaftStorageImpl.java:format(89)) - Storage directory /home/runner/work/ozone/ozone/mnt/ozone/hadoop-ozone/integration-test/target/test-dir/MiniOzoneClusterImpl-7b7c0b8f-b3d8-4fbb-9550-cea541527f6c/datanode-1/data/ratis/e97822f2-aa76-4768-94e3-82f261664d2a has been successfully formatted.
2021-07-28 08:37:03,941 [Datanode State Machine Thread - 0] WARN  statemachine.StateContext (StateContext.java:execute(621)) - No available thread in pool for past 1 seconds.
2021-07-28 08:37:03,942 [pool-545-thread-1] INFO  ratis.ContainerStateMachine (ContainerStateMachine.java:loadSnapshot(223)) - group-82F261664D2A: The snapshot info is null. Setting the last applied indexto:(t:0, i:~)
2021-07-28 08:37:03,942 [pool-545-thread-1] INFO  server.RaftServerConfigKeys (ConfUtils.java:logGet(44)) - raft.server.notification.no-leader.timeout = 300000ms (custom)
2021-07-28 08:37:03,942 [pool-545-thread-1] INFO  server.RaftServerConfigKeys (ConfUtils.java:logGet(44)) - raft.server.log.use.memory = false (default)
2021-07-28 08:37:03,942 [pool-545-thread-1] INFO  server.RaftServerConfigKeys (ConfUtils.java:logGet(44)) - raft.server.log.purge.gap = 1000000 (custom)
2021-07-28 08:37:03,943 [pool-545-thread-1] INFO  server.RaftServerConfigKeys (ConfUtils.java:logGet(44)) - raft.server.log.appender.buffer.byte-limit = 33554432 (custom)
2021-07-28 08:37:03,943 [pool-545-thread-1] INFO  server.RaftServerConfigKeys (ConfUtils.java:logGet(44)) - raft.server.log.segment.size.max = 1048576 (custom)
2021-07-28 08:37:03,944 [pool-545-thread-1] INFO  server.RaftServerConfigKeys (ConfUtils.java:logGet(44)) - raft.server.log.segment.cache.num.max = 2 (custom)
2021-07-28 08:37:03,944 [pool-545-thread-1] INFO  server.RaftServerConfigKeys (ConfUtils.java:logGet(44)) - raft.server.log.segment.cache.size.max = 200MB (=209715200) (default)
2021-07-28 08:37:03,944 [pool-545-thread-1] INFO  segmented.SegmentedRaftLogWorker (SegmentedRaftLogWorker.java:<init>(182)) - new b7359b5d-2f96-41df-9094-9722a03cb7a4@group-82F261664D2A-SegmentedRaftLogWorker for RaftStorageImpl:Storage Directory /home/runner/work/ozone/ozone/mnt/ozone/hadoop-ozone/integration-test/target/test-dir/MiniOzoneClusterImpl-7b7c0b8f-b3d8-4fbb-9550-cea541527f6c/datanode-1/data/ratis/e97822f2-aa76-4768-94e3-82f261664d2a
2021-07-28 08:37:03,944 [pool-545-thread-1] INFO  server.RaftServerConfigKeys (ConfUtils.java:logGet(44)) - raft.server.log.queue.byte-limit = 2147483647 (custom)
2021-07-28 08:37:03,944 [pool-545-thread-1] INFO  server.RaftServerConfigKeys (ConfUtils.java:logGet(44)) - raft.server.log.queue.element-limit = 1024 (custom)
2021-07-28 08:37:03,944 [pool-545-thread-1] INFO  server.RaftServerConfigKeys (ConfUtils.java:logGet(44)) - raft.server.log.segment.size.max = 1048576 (custom)
2021-07-28 08:37:03,944 [pool-545-thread-1] INFO  server.RaftServerConfigKeys (ConfUtils.java:logGet(44)) - raft.server.log.preallocated.size = 16384 (custom)
2021-07-28 08:37:03,944 [pool-545-thread-1] INFO  server.RaftServerConfigKeys (ConfUtils.java:logGet(44)) - raft.server.log.force.sync.num = 128 (default)
2021-07-28 08:37:03,944 [pool-545-thread-1] INFO  server.RaftServerConfigKeys (ConfUtils.java:logGet(44)) - raft.server.log.statemachine.data.sync = true (default)
2021-07-28 08:37:03,944 [pool-545-thread-1] INFO  server.RaftServerConfigKeys (ConfUtils.java:logGet(44)) - raft.server.log.statemachine.data.sync.timeout = 10s (default)
2021-07-28 08:37:03,944 [pool-545-thread-1] INFO  server.RaftServerConfigKeys (ConfUtils.java:logGet(44)) - raft.server.log.statemachine.data.sync.timeout.retry = -1 (default)
2021-07-28 08:37:03,946 [pool-545-thread-1] INFO  server.RaftServerConfigKeys (ConfUtils.java:logGet(44)) - raft.server.log.write.buffer.size = 1048576 (custom)
2021-07-28 08:37:03,946 [pool-545-thread-1] INFO  server.RaftServerConfigKeys (ConfUtils.java:logGet(44)) - raft.server.log.statemachine.data.caching.enabled = true (custom)
2021-07-28 08:37:03,947 [pool-545-thread-1] INFO  segmented.SegmentedRaftLogWorker (SegmentedRaftLogWorker.java:lambda$new$0(133)) - b7359b5d-2f96-41df-9094-9722a03cb7a4@group-82F261664D2A-SegmentedRaftLogWorker: flushIndex: setUnconditionally 0 -> -1
2021-07-28 08:37:03,947 [pool-545-thread-1] INFO  segmented.SegmentedRaftLogWorker (SegmentedRaftLogWorker.java:lambda$new$0(133)) - b7359b5d-2f96-41df-9094-9722a03cb7a4@group-82F261664D2A-SegmentedRaftLogWorker: safeCacheEvictIndex: setUnconditionally 0 -> -1
2021-07-28 08:37:03,947 [pool-545-thread-1] INFO  server.RaftServerConfigKeys (ConfUtils.java:logGet(44)) - raft.server.snapshot.auto.trigger.enabled = true (custom)
2021-07-28 08:37:03,947 [pool-545-thread-1] INFO  server.RaftServerConfigKeys (ConfUtils.java:logGet(44)) - raft.server.snapshot.auto.trigger.threshold = 10000 (custom)
2021-07-28 08:37:03,947 [pool-545-thread-1] INFO  server.RaftServerConfigKeys (ConfUtils.java:logGet(44)) - raft.server.snapshot.retention.file.num = 5 (custom)
2021-07-28 08:37:03,947 [pool-545-thread-1] INFO  server.RaftServerConfigKeys (ConfUtils.java:logGet(44)) - raft.server.log.purge.upto.snapshot.index = false (default)
2021-07-28 08:37:03,947 [pool-545-thread-1] INFO  server.RaftServerConfigKeys (ConfUtils.java:logGet(44)) - raft.server.retrycache.expirytime = 600000ms (custom)
2021-07-28 08:37:03,947 [pool-545-thread-1] INFO  server.RaftServerConfigKeys (ConfUtils.java:logGet(44)) - raft.server.retrycache.statistics.expirytime = 100μs (default)
2021-07-28 08:37:03,949 [pool-545-thread-1] INFO  server.RaftServer$Division (RaftServerImpl.java:start(296)) - b7359b5d-2f96-41df-9094-9722a03cb7a4@group-82F261664D2A: start as a follower, conf=-1: [b7359b5d-2f96-41df-9094-9722a03cb7a4|rpc:10.1.0.59:35585|dataStream:|priority:0, d20c9192-b22d-4378-befe-a66526543a88|rpc:10.1.0.59:35025|dataStream:|priority:0, 3eacac38-fa6c-439b-bf72-bbc3b8f2ba66|rpc:10.1.0.59:37715|dataStream:|priority:1], old=null
2021-07-28 08:37:03,949 [pool-545-thread-1] INFO  server.RaftServer$Division (RaftServerImpl.java:setRole(285)) - b7359b5d-2f96-41df-9094-9722a03cb7a4@group-82F261664D2A: changes role from      null to FOLLOWER at term 0 for startAsFollower
2021-07-28 08:37:03,949 [pool-545-thread-1] INFO  impl.RoleInfo (RoleInfo.java:updateAndGet(130)) - b7359b5d-2f96-41df-9094-9722a03cb7a4: start b7359b5d-2f96-41df-9094-9722a03cb7a4@group-82F261664D2A-FollowerState
2021-07-28 08:37:03,950 [pool-545-thread-1] INFO  util.JmxRegister (JmxRegister.java:tryRegister(44)) - Successfully registered JMX Bean with object name Ratis:service=RaftServer,group=group-82F261664D2A,id=b7359b5d-2f96-41df-9094-9722a03cb7a4
2021-07-28 08:37:03,963 [grpc-default-executor-0] INFO  server.RaftServer (RaftServerProxy.java:addNew(95)) - 3eacac38-fa6c-439b-bf72-bbc3b8f2ba66: addNew group-82F261664D2A:[b7359b5d-2f96-41df-9094-9722a03cb7a4|rpc:10.1.0.59:35585|dataStream:|priority:0, d20c9192-b22d-4378-befe-a66526543a88|rpc:10.1.0.59:35025|dataStream:|priority:0, 3eacac38-fa6c-439b-bf72-bbc3b8f2ba66|rpc:10.1.0.59:37715|dataStream:|priority:1] returns group-82F261664D2A:java.util.concurrent.CompletableFuture@687c1210[Not completed]
2021-07-28 08:37:03,964 [pool-563-thread-1] INFO  server.RaftServer$Division (RaftServerImpl.java:<init>(181)) - 3eacac38-fa6c-439b-bf72-bbc3b8f2ba66: new RaftServerImpl for group-82F261664D2A:[b7359b5d-2f96-41df-9094-9722a03cb7a4|rpc:10.1.0.59:35585|dataStream:|priority:0, d20c9192-b22d-4378-befe-a66526543a88|rpc:10.1.0.59:35025|dataStream:|priority:0, 3eacac38-fa6c-439b-bf72-bbc3b8f2ba66|rpc:10.1.0.59:37715|dataStream:|priority:1] with ContainerStateMachine:uninitialized
2021-07-28 08:37:03,964 [pool-563-thread-1] INFO  server.RaftServerConfigKeys (ConfUtils.java:logGet(44)) - raft.server.rpc.timeout.min = 5s (custom)
2021-07-28 08:37:03,964 [pool-563-thread-1] INFO  server.RaftServerConfigKeys (ConfUtils.java:logGet(44)) - raft.server.rpc.timeout.max = 5200ms (custom)
2021-07-28 08:37:03,964 [pool-563-thread-1] INFO  server.RaftServerConfigKeys (ConfUtils.java:logGet(44)) - raft.server.rpc.sleep.time = 25ms (default)
2021-07-28 08:37:03,964 [pool-563-thread-1] INFO  server.RaftServerConfigKeys (ConfUtils.java:logGet(44)) - raft.server.rpc.slowness.timeout = 300000ms (custom)
2021-07-28 08:37:03,965 [pool-563-thread-1] INFO  server.RaftServerConfigKeys (ConfUtils.java:logGet(44)) - raft.server.leaderelection.leader.step-down.wait-time = 10s (default)
2021-07-28 08:37:03,965 [pool-563-thread-1] INFO  server.RaftServerConfigKeys (ConfUtils.java:logGet(44)) - raft.server.sleep.deviation.threshold = 300ms (default)
2021-07-28 08:37:03,965 [pool-563-thread-1] INFO  server.RaftServerConfigKeys (ConfUtils.java:logGet(44)) - raft.server.log.appender.install.snapshot.enabled = false (custom)
2021-07-28 08:37:03,965 [pool-563-thread-1] INFO  server.RaftServer$Division (ServerState.java:<init>(105)) - 3eacac38-fa6c-439b-bf72-bbc3b8f2ba66@group-82F261664D2A: ConfigurationManager, init=-1: [b7359b5d-2f96-41df-9094-9722a03cb7a4|rpc:10.1.0.59:35585|dataStream:|priority:0, d20c9192-b22d-4378-befe-a66526543a88|rpc:10.1.0.59:35025|dataStream:|priority:0, 3eacac38-fa6c-439b-bf72-bbc3b8f2ba66|rpc:10.1.0.59:37715|dataStream:|priority:1], old=null, confs=<EMPTY_MAP>
2021-07-28 08:37:03,965 [pool-563-thread-1] INFO  server.RaftServerConfigKeys (ConfUtils.java:logGet(44)) - raft.server.storage.dir = [/home/runner/work/ozone/ozone/mnt/ozone/hadoop-ozone/integration-test/target/test-dir/MiniOzoneClusterImpl-7b7c0b8f-b3d8-4fbb-9550-cea541527f6c/datanode-2/data/ratis] (custom)
2021-07-28 08:37:03,965 [pool-563-thread-1] INFO  server.RaftServerConfigKeys (ConfUtils.java:logGet(44)) - raft.server.log.corruption.policy = EXCEPTION (default)
2021-07-28 08:37:03,967 [pool-563-thread-1] INFO  server.RaftServerConfigKeys (ConfUtils.java:logGet(44)) - raft.server.storage.free-space.min = 0MB (=0) (default)
2021-07-28 08:37:03,969 [pool-563-thread-1] INFO  storage.RaftStorageDirectory (RaftStorageDirectoryImpl.java:analyzeStorage(135)) - The storage directory /home/runner/work/ozone/ozone/mnt/ozone/hadoop-ozone/integration-test/target/test-dir/MiniOzoneClusterImpl-7b7c0b8f-b3d8-4fbb-9550-cea541527f6c/datanode-2/data/ratis/e97822f2-aa76-4768-94e3-82f261664d2a does not exist. Creating ...
2021-07-28 08:37:03,971 [pool-563-thread-1] INFO  storage.RaftStorageDirectory (RaftStorageDirectoryImpl.java:tryLock(230)) - Lock on /home/runner/work/ozone/ozone/mnt/ozone/hadoop-ozone/integration-test/target/test-dir/MiniOzoneClusterImpl-7b7c0b8f-b3d8-4fbb-9550-cea541527f6c/datanode-2/data/ratis/e97822f2-aa76-4768-94e3-82f261664d2a/in_use.lock acquired by nodename 1859@fv-az122-844
2021-07-28 08:37:03,972 [pool-563-thread-1] INFO  storage.RaftStorage (RaftStorageImpl.java:format(89)) - Storage directory /home/runner/work/ozone/ozone/mnt/ozone/hadoop-ozone/integration-test/target/test-dir/MiniOzoneClusterImpl-7b7c0b8f-b3d8-4fbb-9550-cea541527f6c/datanode-2/data/ratis/e97822f2-aa76-4768-94e3-82f261664d2a has been successfully formatted.
2021-07-28 08:37:03,975 [pool-563-thread-1] INFO  ratis.ContainerStateMachine (ContainerStateMachine.java:loadSnapshot(223)) - group-82F261664D2A: The snapshot info is null. Setting the last applied indexto:(t:0, i:~)
2021-07-28 08:37:03,976 [pool-563-thread-1] INFO  server.RaftServerConfigKeys (ConfUtils.java:logGet(44)) - raft.server.notification.no-leader.timeout = 300000ms (custom)
2021-07-28 08:37:03,976 [pool-563-thread-1] INFO  server.RaftServerConfigKeys (ConfUtils.java:logGet(44)) - raft.server.log.use.memory = false (default)
2021-07-28 08:37:03,976 [pool-563-thread-1] INFO  server.RaftServerConfigKeys (ConfUtils.java:logGet(44)) - raft.server.log.purge.gap = 1000000 (custom)
2021-07-28 08:37:03,976 [pool-563-thread-1] INFO  server.RaftServerConfigKeys (ConfUtils.java:logGet(44)) - raft.server.log.appender.buffer.byte-limit = 33554432 (custom)
2021-07-28 08:37:03,976 [pool-563-thread-1] INFO  server.RaftServerConfigKeys (ConfUtils.java:logGet(44)) - raft.server.log.segment.size.max = 1048576 (custom)
2021-07-28 08:37:03,977 [pool-563-thread-1] INFO  server.RaftServerConfigKeys (ConfUtils.java:logGet(44)) - raft.server.log.segment.cache.num.max = 2 (custom)
2021-07-28 08:37:03,977 [pool-563-thread-1] INFO  server.RaftServerConfigKeys (ConfUtils.java:logGet(44)) - raft.server.log.segment.cache.size.max = 200MB (=209715200) (default)
2021-07-28 08:37:03,977 [pool-563-thread-1] INFO  segmented.SegmentedRaftLogWorker (SegmentedRaftLogWorker.java:<init>(182)) - new 3eacac38-fa6c-439b-bf72-bbc3b8f2ba66@group-82F261664D2A-SegmentedRaftLogWorker for RaftStorageImpl:Storage Directory /home/runner/work/ozone/ozone/mnt/ozone/hadoop-ozone/integration-test/target/test-dir/MiniOzoneClusterImpl-7b7c0b8f-b3d8-4fbb-9550-cea541527f6c/datanode-2/data/ratis/e97822f2-aa76-4768-94e3-82f261664d2a
2021-07-28 08:37:03,977 [pool-563-thread-1] INFO  server.RaftServerConfigKeys (ConfUtils.java:logGet(44)) - raft.server.log.queue.byte-limit = 2147483647 (custom)
2021-07-28 08:37:03,977 [pool-563-thread-1] INFO  server.RaftServerConfigKeys (ConfUtils.java:logGet(44)) - raft.server.log.queue.element-limit = 1024 (custom)
2021-07-28 08:37:03,977 [pool-563-thread-1] INFO  server.RaftServerConfigKeys (ConfUtils.java:logGet(44)) - raft.server.log.segment.size.max = 1048576 (custom)
2021-07-28 08:37:03,977 [pool-563-thread-1] INFO  server.RaftServerConfigKeys (ConfUtils.java:logGet(44)) - raft.server.log.preallocated.size = 16384 (custom)
2021-07-28 08:37:03,977 [pool-563-thread-1] INFO  server.RaftServerConfigKeys (ConfUtils.java:logGet(44)) - raft.server.log.force.sync.num = 128 (default)
2021-07-28 08:37:03,977 [pool-563-thread-1] INFO  server.RaftServerConfigKeys (ConfUtils.java:logGet(44)) - raft.server.log.statemachine.data.sync = true (default)
2021-07-28 08:37:03,977 [pool-563-thread-1] INFO  server.RaftServerConfigKeys (ConfUtils.java:logGet(44)) - raft.server.log.statemachine.data.sync.timeout = 10s (default)
2021-07-28 08:37:03,977 [pool-563-thread-1] INFO  server.RaftServerConfigKeys (ConfUtils.java:logGet(44)) - raft.server.log.statemachine.data.sync.timeout.retry = -1 (default)
2021-07-28 08:37:03,979 [pool-563-thread-1] INFO  server.RaftServerConfigKeys (ConfUtils.java:logGet(44)) - raft.server.log.write.buffer.size = 1048576 (custom)
2021-07-28 08:37:03,980 [pool-563-thread-1] INFO  server.RaftServerConfigKeys (ConfUtils.java:logGet(44)) - raft.server.log.statemachine.data.caching.enabled = true (custom)
2021-07-28 08:37:03,980 [pool-563-thread-1] INFO  segmented.SegmentedRaftLogWorker (SegmentedRaftLogWorker.java:lambda$new$0(133)) - 3eacac38-fa6c-439b-bf72-bbc3b8f2ba66@group-82F261664D2A-SegmentedRaftLogWorker: flushIndex: setUnconditionally 0 -> -1
2021-07-28 08:37:03,980 [pool-563-thread-1] INFO  segmented.SegmentedRaftLogWorker (SegmentedRaftLogWorker.java:lambda$new$0(133)) - 3eacac38-fa6c-439b-bf72-bbc3b8f2ba66@group-82F261664D2A-SegmentedRaftLogWorker: safeCacheEvictIndex: setUnconditionally 0 -> -1
2021-07-28 08:37:03,980 [pool-563-thread-1] INFO  server.RaftServerConfigKeys (ConfUtils.java:logGet(44)) - raft.server.snapshot.auto.trigger.enabled = true (custom)
2021-07-28 08:37:03,980 [pool-563-thread-1] INFO  server.RaftServerConfigKeys (ConfUtils.java:logGet(44)) - raft.server.snapshot.auto.trigger.threshold = 10000 (custom)
2021-07-28 08:37:03,980 [pool-563-thread-1] INFO  server.RaftServerConfigKeys (ConfUtils.java:logGet(44)) - raft.server.snapshot.retention.file.num = 5 (custom)
2021-07-28 08:37:03,980 [pool-563-thread-1] INFO  server.RaftServerConfigKeys (ConfUtils.java:logGet(44)) - raft.server.log.purge.upto.snapshot.index = false (default)
2021-07-28 08:37:03,980 [pool-563-thread-1] INFO  server.RaftServerConfigKeys (ConfUtils.java:logGet(44)) - raft.server.retrycache.expirytime = 600000ms (custom)
2021-07-28 08:37:03,981 [pool-563-thread-1] INFO  server.RaftServerConfigKeys (ConfUtils.java:logGet(44)) - raft.server.retrycache.statistics.expirytime = 100μs (default)
2021-07-28 08:37:03,982 [pool-563-thread-1] INFO  server.RaftServer$Division (RaftServerImpl.java:start(296)) - 3eacac38-fa6c-439b-bf72-bbc3b8f2ba66@group-82F261664D2A: start as a follower, conf=-1: [b7359b5d-2f96-41df-9094-9722a03cb7a4|rpc:10.1.0.59:35585|dataStream:|priority:0, d20c9192-b22d-4378-befe-a66526543a88|rpc:10.1.0.59:35025|dataStream:|priority:0, 3eacac38-fa6c-439b-bf72-bbc3b8f2ba66|rpc:10.1.0.59:37715|dataStream:|priority:1], old=null
2021-07-28 08:37:03,983 [pool-563-thread-1] INFO  server.RaftServer$Division (RaftServerImpl.java:setRole(285)) - 3eacac38-fa6c-439b-bf72-bbc3b8f2ba66@group-82F261664D2A: changes role from      null to FOLLOWER at term 0 for startAsFollower
2021-07-28 08:37:03,983 [pool-563-thread-1] INFO  impl.RoleInfo (RoleInfo.java:updateAndGet(130)) - 3eacac38-fa6c-439b-bf72-bbc3b8f2ba66: start 3eacac38-fa6c-439b-bf72-bbc3b8f2ba66@group-82F261664D2A-FollowerState
2021-07-28 08:37:03,984 [pool-563-thread-1] INFO  util.JmxRegister (JmxRegister.java:tryRegister(44)) - Successfully registered JMX Bean with object name Ratis:service=RaftServer,group=group-82F261664D2A,id=3eacac38-fa6c-439b-bf72-bbc3b8f2ba66
2021-07-28 08:37:03,989 [Command processor thread] INFO  commandhandler.CreatePipelineCommandHandler (CreatePipelineCommandHandler.java:handle(106)) - Created Pipeline RATIS THREE PipelineID=e97822f2-aa76-4768-94e3-82f261664d2a.
2021-07-28 08:37:04,040 [Command processor thread] INFO  server.RaftServer (RaftServerProxy.java:addNew(95)) - b7359b5d-2f96-41df-9094-9722a03cb7a4: addNew group-A6C134BE56DC:[b7359b5d-2f96-41df-9094-9722a03cb7a4|rpc:10.1.0.59:35585|priority:1] returns group-A6C134BE56DC:java.util.concurrent.CompletableFuture@26ac1d54[Not completed]
2021-07-28 08:37:04,040 [pool-545-thread-1] INFO  server.RaftServer$Division (RaftServerImpl.java:<init>(181)) - b7359b5d-2f96-41df-9094-9722a03cb7a4: new RaftServerImpl for group-A6C134BE56DC:[b7359b5d-2f96-41df-9094-9722a03cb7a4|rpc:10.1.0.59:35585|priority:1] with ContainerStateMachine:uninitialized
2021-07-28 08:37:04,040 [pool-545-thread-1] INFO  server.RaftServerConfigKeys (ConfUtils.java:logGet(44)) - raft.server.rpc.timeout.min = 5s (custom)
2021-07-28 08:37:04,040 [pool-545-thread-1] INFO  server.RaftServerConfigKeys (ConfUtils.java:logGet(44)) - raft.server.rpc.timeout.max = 5200ms (custom)
2021-07-28 08:37:04,040 [pool-545-thread-1] INFO  server.RaftServerConfigKeys (ConfUtils.java:logGet(44)) - raft.server.rpc.sleep.time = 25ms (default)
2021-07-28 08:37:04,041 [pool-545-thread-1] INFO  server.RaftServerConfigKeys (ConfUtils.java:logGet(44)) - raft.server.rpc.slowness.timeout = 300000ms (custom)
2021-07-28 08:37:04,041 [pool-545-thread-1] INFO  server.RaftServerConfigKeys (ConfUtils.java:logGet(44)) - raft.server.leaderelection.leader.step-down.wait-time = 10s (default)
2021-07-28 08:37:04,041 [pool-545-thread-1] INFO  server.RaftServerConfigKeys (ConfUtils.java:logGet(44)) - raft.server.sleep.deviation.threshold = 300ms (default)
2021-07-28 08:37:04,041 [pool-545-thread-1] INFO  server.RaftServerConfigKeys (ConfUtils.java:logGet(44)) - raft.server.log.appender.install.snapshot.enabled = false (custom)
2021-07-28 08:37:04,041 [pool-545-thread-1] INFO  server.RaftServer$Division (ServerState.java:<init>(105)) - b7359b5d-2f96-41df-9094-9722a03cb7a4@group-A6C134BE56DC: ConfigurationManager, init=-1: [b7359b5d-2f96-41df-9094-9722a03cb7a4|rpc:10.1.0.59:35585|priority:1], old=null, confs=<EMPTY_MAP>
2021-07-28 08:37:04,041 [pool-545-thread-1] INFO  server.RaftServerConfigKeys (ConfUtils.java:logGet(44)) - raft.server.storage.dir = [/home/runner/work/ozone/ozone/mnt/ozone/hadoop-ozone/integration-test/target/test-dir/MiniOzoneClusterImpl-7b7c0b8f-b3d8-4fbb-9550-cea541527f6c/datanode-1/data/ratis] (custom)
2021-07-28 08:37:04,041 [pool-545-thread-1] INFO  server.RaftServerConfigKeys (ConfUtils.java:logGet(44)) - raft.server.log.corruption.policy = EXCEPTION (default)
2021-07-28 08:37:04,041 [pool-545-thread-1] INFO  server.RaftServerConfigKeys (ConfUtils.java:logGet(44)) - raft.server.storage.free-space.min = 0MB (=0) (default)
2021-07-28 08:37:04,041 [pool-545-thread-1] INFO  storage.RaftStorageDirectory (RaftStorageDirectoryImpl.java:analyzeStorage(135)) - The storage directory /home/runner/work/ozone/ozone/mnt/ozone/hadoop-ozone/integration-test/target/test-dir/MiniOzoneClusterImpl-7b7c0b8f-b3d8-4fbb-9550-cea541527f6c/datanode-1/data/ratis/d6f15e4c-ef5a-45c8-8650-a6c134be56dc does not exist. Creating ...
2021-07-28 08:37:04,042 [pool-545-thread-1] INFO  storage.RaftStorageDirectory (RaftStorageDirectoryImpl.java:tryLock(230)) - Lock on /home/runner/work/ozone/ozone/mnt/ozone/hadoop-ozone/integration-test/target/test-dir/MiniOzoneClusterImpl-7b7c0b8f-b3d8-4fbb-9550-cea541527f6c/datanode-1/data/ratis/d6f15e4c-ef5a-45c8-8650-a6c134be56dc/in_use.lock acquired by nodename 1859@fv-az122-844
2021-07-28 08:37:04,045 [pool-545-thread-1] INFO  storage.RaftStorage (RaftStorageImpl.java:format(89)) - Storage directory /home/runner/work/ozone/ozone/mnt/ozone/hadoop-ozone/integration-test/target/test-dir/MiniOzoneClusterImpl-7b7c0b8f-b3d8-4fbb-9550-cea541527f6c/datanode-1/data/ratis/d6f15e4c-ef5a-45c8-8650-a6c134be56dc has been successfully formatted.
2021-07-28 08:37:04,045 [Datanode State Machine Thread - 0] WARN  statemachine.StateContext (StateContext.java:execute(621)) - No available thread in pool for past 1 seconds.
2021-07-28 08:37:04,046 [pool-545-thread-1] INFO  ratis.ContainerStateMachine (ContainerStateMachine.java:loadSnapshot(223)) - group-A6C134BE56DC: The snapshot info is null. Setting the last applied indexto:(t:0, i:~)
2021-07-28 08:37:04,046 [pool-545-thread-1] INFO  server.RaftServerConfigKeys (ConfUtils.java:logGet(44)) - raft.server.notification.no-leader.timeout = 300000ms (custom)
2021-07-28 08:37:04,046 [pool-545-thread-1] INFO  server.RaftServerConfigKeys (ConfUtils.java:logGet(44)) - raft.server.log.use.memory = false (default)
2021-07-28 08:37:04,046 [EventQueue-PipelineReportForPipelineReportHandler] INFO  pipeline.PipelineManagerV2Impl (PipelineManagerV2Impl.java:openPipeline(283)) - Pipeline Pipeline[ Id: d6f15e4c-ef5a-45c8-8650-a6c134be56dc, Nodes: b7359b5d-2f96-41df-9094-9722a03cb7a4{ip: 10.1.0.59, host: fv-az122-844.zf1tlrj3kn4expqppa1j4mpycf.xx.internal.cloudapp.net, ports: [REPLICATION=44421, RATIS=35585, RATIS_ADMIN=35585, RATIS_SERVER=35585, STANDALONE=43451], networkLocation: /default-rack, certSerialId: null, persistedOpState: IN_SERVICE, persistedOpStateExpiryEpochSec: 0}, ReplicationConfig: RATIS/ONE, State:ALLOCATED, leaderId:b7359b5d-2f96-41df-9094-9722a03cb7a4, CreationTimestamp2021-07-28T08:37:01.042Z[Etc/UTC]] moved to OPEN state
2021-07-28 08:37:04,047 [EventQueue-OpenPipelineForHealthyPipelineSafeModeRule] INFO  safemode.SCMSafeModeManager (HealthyPipelineSafeModeRule.java:process(124)) - SCM in safe mode. Healthy pipelines reported count is 0, required healthy pipeline reported count is 1
2021-07-28 08:37:04,047 [pool-545-thread-1] INFO  server.RaftServerConfigKeys (ConfUtils.java:logGet(44)) - raft.server.log.purge.gap = 1000000 (custom)
2021-07-28 08:37:04,047 [pool-545-thread-1] INFO  server.RaftServerConfigKeys (ConfUtils.java:logGet(44)) - raft.server.log.appender.buffer.byte-limit = 33554432 (custom)
2021-07-28 08:37:04,047 [pool-545-thread-1] INFO  server.RaftServerConfigKeys (ConfUtils.java:logGet(44)) - raft.server.log.segment.size.max = 1048576 (custom)
2021-07-28 08:37:04,048 [pool-545-thread-1] INFO  server.RaftServerConfigKeys (ConfUtils.java:logGet(44)) - raft.server.log.segment.cache.num.max = 2 (custom)
2021-07-28 08:37:04,048 [pool-545-thread-1] INFO  server.RaftServerConfigKeys (ConfUtils.java:logGet(44)) - raft.server.log.segment.cache.size.max = 200MB (=209715200) (default)
2021-07-28 08:37:04,048 [pool-545-thread-1] INFO  segmented.SegmentedRaftLogWorker (SegmentedRaftLogWorker.java:<init>(182)) - new b7359b5d-2f96-41df-9094-9722a03cb7a4@group-A6C134BE56DC-SegmentedRaftLogWorker for RaftStorageImpl:Storage Directory /home/runner/work/ozone/ozone/mnt/ozone/hadoop-ozone/integration-test/target/test-dir/MiniOzoneClusterImpl-7b7c0b8f-b3d8-4fbb-9550-cea541527f6c/datanode-1/data/ratis/d6f15e4c-ef5a-45c8-8650-a6c134be56dc
2021-07-28 08:37:04,048 [pool-545-thread-1] INFO  server.RaftServerConfigKeys (ConfUtils.java:logGet(44)) - raft.server.log.queue.byte-limit = 2147483647 (custom)
2021-07-28 08:37:04,048 [pool-545-thread-1] INFO  server.RaftServerConfigKeys (ConfUtils.java:logGet(44)) - raft.server.log.queue.element-limit = 1024 (custom)
2021-07-28 08:37:04,048 [pool-545-thread-1] INFO  server.RaftServerConfigKeys (ConfUtils.java:logGet(44)) - raft.server.log.segment.size.max = 1048576 (custom)
2021-07-28 08:37:04,048 [pool-545-thread-1] INFO  server.RaftServerConfigKeys (ConfUtils.java:logGet(44)) - raft.server.log.preallocated.size = 16384 (custom)
2021-07-28 08:37:04,048 [pool-545-thread-1] INFO  server.RaftServerConfigKeys (ConfUtils.java:logGet(44)) - raft.server.log.force.sync.num = 128 (default)
2021-07-28 08:37:04,048 [pool-545-thread-1] INFO  server.RaftServerConfigKeys (ConfUtils.java:logGet(44)) - raft.server.log.statemachine.data.sync = true (default)
2021-07-28 08:37:04,049 [pool-545-thread-1] INFO  server.RaftServerConfigKeys (ConfUtils.java:logGet(44)) - raft.server.log.statemachine.data.sync.timeout = 10s (default)
2021-07-28 08:37:04,049 [pool-545-thread-1] INFO  server.RaftServerConfigKeys (ConfUtils.java:logGet(44)) - raft.server.log.statemachine.data.sync.timeout.retry = -1 (default)
2021-07-28 08:37:04,050 [pool-545-thread-1] INFO  server.RaftServerConfigKeys (ConfUtils.java:logGet(44)) - raft.server.log.write.buffer.size = 1048576 (custom)
2021-07-28 08:37:04,050 [pool-545-thread-1] INFO  server.RaftServerConfigKeys (ConfUtils.java:logGet(44)) - raft.server.log.statemachine.data.caching.enabled = true (custom)
2021-07-28 08:37:04,051 [pool-545-thread-1] INFO  segmented.SegmentedRaftLogWorker (SegmentedRaftLogWorker.java:lambda$new$0(133)) - b7359b5d-2f96-41df-9094-9722a03cb7a4@group-A6C134BE56DC-SegmentedRaftLogWorker: flushIndex: setUnconditionally 0 -> -1
2021-07-28 08:37:04,051 [pool-545-thread-1] INFO  segmented.SegmentedRaftLogWorker (SegmentedRaftLogWorker.java:lambda$new$0(133)) - b7359b5d-2f96-41df-9094-9722a03cb7a4@group-A6C134BE56DC-SegmentedRaftLogWorker: safeCacheEvictIndex: setUnconditionally 0 -> -1
2021-07-28 08:37:04,051 [pool-545-thread-1] INFO  server.RaftServerConfigKeys (ConfUtils.java:logGet(44)) - raft.server.snapshot.auto.trigger.enabled = true (custom)
2021-07-28 08:37:04,051 [pool-545-thread-1] INFO  server.RaftServerConfigKeys (ConfUtils.java:logGet(44)) - raft.server.snapshot.auto.trigger.threshold = 10000 (custom)
2021-07-28 08:37:04,051 [pool-545-thread-1] INFO  server.RaftServerConfigKeys (ConfUtils.java:logGet(44)) - raft.server.snapshot.retention.file.num = 5 (custom)
2021-07-28 08:37:04,051 [pool-545-thread-1] INFO  server.RaftServerConfigKeys (ConfUtils.java:logGet(44)) - raft.server.log.purge.upto.snapshot.index = false (default)
2021-07-28 08:37:04,051 [pool-545-thread-1] INFO  server.RaftServerConfigKeys (ConfUtils.java:logGet(44)) - raft.server.retrycache.expirytime = 600000ms (custom)
2021-07-28 08:37:04,051 [pool-545-thread-1] INFO  server.RaftServerConfigKeys (ConfUtils.java:logGet(44)) - raft.server.retrycache.statistics.expirytime = 100μs (default)
2021-07-28 08:37:04,053 [pool-545-thread-1] INFO  server.RaftServer$Division (RaftServerImpl.java:start(296)) - b7359b5d-2f96-41df-9094-9722a03cb7a4@group-A6C134BE56DC: start as a follower, conf=-1: [b7359b5d-2f96-41df-9094-9722a03cb7a4|rpc:10.1.0.59:35585|priority:1], old=null
2021-07-28 08:37:04,053 [pool-545-thread-1] INFO  server.RaftServer$Division (RaftServerImpl.java:setRole(285)) - b7359b5d-2f96-41df-9094-9722a03cb7a4@group-A6C134BE56DC: changes role from      null to FOLLOWER at term 0 for startAsFollower
2021-07-28 08:37:04,053 [pool-545-thread-1] INFO  impl.RoleInfo (RoleInfo.java:updateAndGet(130)) - b7359b5d-2f96-41df-9094-9722a03cb7a4: start b7359b5d-2f96-41df-9094-9722a03cb7a4@group-A6C134BE56DC-FollowerState
2021-07-28 08:37:04,053 [pool-545-thread-1] INFO  util.JmxRegister (JmxRegister.java:tryRegister(44)) - Successfully registered JMX Bean with object name Ratis:service=RaftServer,group=group-A6C134BE56DC,id=b7359b5d-2f96-41df-9094-9722a03cb7a4
2021-07-28 08:37:04,054 [Command processor thread] INFO  ratis.XceiverServerRatis (XceiverServerRatis.java:addGroup(759)) - Created group PipelineID=d6f15e4c-ef5a-45c8-8650-a6c134be56dc
2021-07-28 08:37:04,055 [Command processor thread] INFO  commandhandler.CreatePipelineCommandHandler (CreatePipelineCommandHandler.java:handle(106)) - Created Pipeline RATIS ONE PipelineID=d6f15e4c-ef5a-45c8-8650-a6c134be56dc.
2021-07-28 08:37:04,232 [Command processor thread] INFO  server.RaftServer (RaftServerProxy.java:addNew(95)) - 3eacac38-fa6c-439b-bf72-bbc3b8f2ba66: addNew group-76ACB98916C2:[3eacac38-fa6c-439b-bf72-bbc3b8f2ba66|rpc:10.1.0.59:37715|priority:1] returns group-76ACB98916C2:java.util.concurrent.CompletableFuture@1cc95a0d[Not completed]
2021-07-28 08:37:04,233 [pool-563-thread-1] INFO  server.RaftServer$Division (RaftServerImpl.java:<init>(181)) - 3eacac38-fa6c-439b-bf72-bbc3b8f2ba66: new RaftServerImpl for group-76ACB98916C2:[3eacac38-fa6c-439b-bf72-bbc3b8f2ba66|rpc:10.1.0.59:37715|priority:1] with ContainerStateMachine:uninitialized
2021-07-28 08:37:04,233 [pool-563-thread-1] INFO  server.RaftServerConfigKeys (ConfUtils.java:logGet(44)) - raft.server.rpc.timeout.min = 5s (custom)
2021-07-28 08:37:04,233 [pool-563-thread-1] INFO  server.RaftServerConfigKeys (ConfUtils.java:logGet(44)) - raft.server.rpc.timeout.max = 5200ms (custom)
2021-07-28 08:37:04,233 [pool-563-thread-1] INFO  server.RaftServerConfigKeys (ConfUtils.java:logGet(44)) - raft.server.rpc.sleep.time = 25ms (default)
2021-07-28 08:37:04,233 [pool-563-thread-1] INFO  server.RaftServerConfigKeys (ConfUtils.java:logGet(44)) - raft.server.rpc.slowness.timeout = 300000ms (custom)
2021-07-28 08:37:04,233 [pool-563-thread-1] INFO  server.RaftServerConfigKeys (ConfUtils.java:logGet(44)) - raft.server.leaderelection.leader.step-down.wait-time = 10s (default)
2021-07-28 08:37:04,234 [pool-563-thread-1] INFO  server.RaftServerConfigKeys (ConfUtils.java:logGet(44)) - raft.server.sleep.deviation.threshold = 300ms (default)
2021-07-28 08:37:04,234 [pool-563-thread-1] INFO  server.RaftServerConfigKeys (ConfUtils.java:logGet(44)) - raft.server.log.appender.install.snapshot.enabled = false (custom)
2021-07-28 08:37:04,234 [pool-563-thread-1] INFO  server.RaftServer$Division (ServerState.java:<init>(105)) - 3eacac38-fa6c-439b-bf72-bbc3b8f2ba66@group-76ACB98916C2: ConfigurationManager, init=-1: [3eacac38-fa6c-439b-bf72-bbc3b8f2ba66|rpc:10.1.0.59:37715|priority:1], old=null, confs=<EMPTY_MAP>
2021-07-28 08:37:04,234 [pool-563-thread-1] INFO  server.RaftServerConfigKeys (ConfUtils.java:logGet(44)) - raft.server.storage.dir = [/home/runner/work/ozone/ozone/mnt/ozone/hadoop-ozone/integration-test/target/test-dir/MiniOzoneClusterImpl-7b7c0b8f-b3d8-4fbb-9550-cea541527f6c/datanode-2/data/ratis] (custom)
2021-07-28 08:37:04,234 [pool-563-thread-1] INFO  server.RaftServerConfigKeys (ConfUtils.java:logGet(44)) - raft.server.log.corruption.policy = EXCEPTION (default)
2021-07-28 08:37:04,234 [pool-563-thread-1] INFO  server.RaftServerConfigKeys (ConfUtils.java:logGet(44)) - raft.server.storage.free-space.min = 0MB (=0) (default)
2021-07-28 08:37:04,234 [pool-563-thread-1] INFO  storage.RaftStorageDirectory (RaftStorageDirectoryImpl.java:analyzeStorage(135)) - The storage directory /home/runner/work/ozone/ozone/mnt/ozone/hadoop-ozone/integration-test/target/test-dir/MiniOzoneClusterImpl-7b7c0b8f-b3d8-4fbb-9550-cea541527f6c/datanode-2/data/ratis/6d21bc2b-cdf0-4599-ba63-76acb98916c2 does not exist. Creating ...
2021-07-28 08:37:04,235 [pool-563-thread-1] INFO  storage.RaftStorageDirectory (RaftStorageDirectoryImpl.java:tryLock(230)) - Lock on /home/runner/work/ozone/ozone/mnt/ozone/hadoop-ozone/integration-test/target/test-dir/MiniOzoneClusterImpl-7b7c0b8f-b3d8-4fbb-9550-cea541527f6c/datanode-2/data/ratis/6d21bc2b-cdf0-4599-ba63-76acb98916c2/in_use.lock acquired by nodename 1859@fv-az122-844
2021-07-28 08:37:04,237 [pool-563-thread-1] INFO  storage.RaftStorage (RaftStorageImpl.java:format(89)) - Storage directory /home/runner/work/ozone/ozone/mnt/ozone/hadoop-ozone/integration-test/target/test-dir/MiniOzoneClusterImpl-7b7c0b8f-b3d8-4fbb-9550-cea541527f6c/datanode-2/data/ratis/6d21bc2b-cdf0-4599-ba63-76acb98916c2 has been successfully formatted.
2021-07-28 08:37:04,237 [pool-563-thread-1] INFO  ratis.ContainerStateMachine (ContainerStateMachine.java:loadSnapshot(223)) - group-76ACB98916C2: The snapshot info is null. Setting the last applied indexto:(t:0, i:~)
2021-07-28 08:37:04,237 [pool-563-thread-1] INFO  server.RaftServerConfigKeys (ConfUtils.java:logGet(44)) - raft.server.notification.no-leader.timeout = 300000ms (custom)
2021-07-28 08:37:04,237 [pool-563-thread-1] INFO  server.RaftServerConfigKeys (ConfUtils.java:logGet(44)) - raft.server.log.use.memory = false (default)
2021-07-28 08:37:04,238 [pool-563-thread-1] INFO  server.RaftServerConfigKeys (ConfUtils.java:logGet(44)) - raft.server.log.purge.gap = 1000000 (custom)
2021-07-28 08:37:04,238 [pool-563-thread-1] INFO  server.RaftServerConfigKeys (ConfUtils.java:logGet(44)) - raft.server.log.appender.buffer.byte-limit = 33554432 (custom)
2021-07-28 08:37:04,239 [pool-563-thread-1] INFO  server.RaftServerConfigKeys (ConfUtils.java:logGet(44)) - raft.server.log.segment.size.max = 1048576 (custom)
2021-07-28 08:37:04,238 [EventQueue-PipelineReportForPipelineReportHandler] INFO  pipeline.PipelineManagerV2Impl (PipelineManagerV2Impl.java:openPipeline(283)) - Pipeline Pipeline[ Id: 6d21bc2b-cdf0-4599-ba63-76acb98916c2, Nodes: 3eacac38-fa6c-439b-bf72-bbc3b8f2ba66{ip: 10.1.0.59, host: fv-az122-844.zf1tlrj3kn4expqppa1j4mpycf.xx.internal.cloudapp.net, ports: [REPLICATION=42221, RATIS=37715, RATIS_ADMIN=37715, RATIS_SERVER=37715, STANDALONE=45931], networkLocation: /default-rack, certSerialId: null, persistedOpState: IN_SERVICE, persistedOpStateExpiryEpochSec: 0}, ReplicationConfig: RATIS/ONE, State:ALLOCATED, leaderId:3eacac38-fa6c-439b-bf72-bbc3b8f2ba66, CreationTimestamp2021-07-28T08:37:01.235Z[Etc/UTC]] moved to OPEN state
2021-07-28 08:37:04,239 [pool-563-thread-1] INFO  server.RaftServerConfigKeys (ConfUtils.java:logGet(44)) - raft.server.log.segment.cache.num.max = 2 (custom)
2021-07-28 08:37:04,239 [EventQueue-OpenPipelineForHealthyPipelineSafeModeRule] INFO  safemode.SCMSafeModeManager (HealthyPipelineSafeModeRule.java:process(124)) - SCM in safe mode. Healthy pipelines reported count is 0, required healthy pipeline reported count is 1
2021-07-28 08:37:04,239 [pool-563-thread-1] INFO  server.RaftServerConfigKeys (ConfUtils.java:logGet(44)) - raft.server.log.segment.cache.size.max = 200MB (=209715200) (default)
2021-07-28 08:37:04,239 [pool-563-thread-1] INFO  segmented.SegmentedRaftLogWorker (SegmentedRaftLogWorker.java:<init>(182)) - new 3eacac38-fa6c-439b-bf72-bbc3b8f2ba66@group-76ACB98916C2-SegmentedRaftLogWorker for RaftStorageImpl:Storage Directory /home/runner/work/ozone/ozone/mnt/ozone/hadoop-ozone/integration-test/target/test-dir/MiniOzoneClusterImpl-7b7c0b8f-b3d8-4fbb-9550-cea541527f6c/datanode-2/data/ratis/6d21bc2b-cdf0-4599-ba63-76acb98916c2
2021-07-28 08:37:04,239 [pool-563-thread-1] INFO  server.RaftServerConfigKeys (ConfUtils.java:logGet(44)) - raft.server.log.queue.byte-limit = 2147483647 (custom)
2021-07-28 08:37:04,239 [pool-563-thread-1] INFO  server.RaftServerConfigKeys (ConfUtils.java:logGet(44)) - raft.server.log.queue.element-limit = 1024 (custom)
2021-07-28 08:37:04,239 [pool-563-thread-1] INFO  server.RaftServerConfigKeys (ConfUtils.java:logGet(44)) - raft.server.log.segment.size.max = 1048576 (custom)
2021-07-28 08:37:04,240 [pool-563-thread-1] INFO  server.RaftServerConfigKeys (ConfUtils.java:logGet(44)) - raft.server.log.preallocated.size = 16384 (custom)
2021-07-28 08:37:04,240 [pool-563-thread-1] INFO  server.RaftServerConfigKeys (ConfUtils.java:logGet(44)) - raft.server.log.force.sync.num = 128 (default)
2021-07-28 08:37:04,240 [pool-563-thread-1] INFO  server.RaftServerConfigKeys (ConfUtils.java:logGet(44)) - raft.server.log.statemachine.data.sync = true (default)
2021-07-28 08:37:04,240 [pool-563-thread-1] INFO  server.RaftServerConfigKeys (ConfUtils.java:logGet(44)) - raft.server.log.statemachine.data.sync.timeout = 10s (default)
2021-07-28 08:37:04,240 [pool-563-thread-1] INFO  server.RaftServerConfigKeys (ConfUtils.java:logGet(44)) - raft.server.log.statemachine.data.sync.timeout.retry = -1 (default)
2021-07-28 08:37:04,241 [pool-563-thread-1] INFO  server.RaftServerConfigKeys (ConfUtils.java:logGet(44)) - raft.server.log.write.buffer.size = 1048576 (custom)
2021-07-28 08:37:04,242 [pool-563-thread-1] INFO  server.RaftServerConfigKeys (ConfUtils.java:logGet(44)) - raft.server.log.statemachine.data.caching.enabled = true (custom)
2021-07-28 08:37:04,242 [pool-563-thread-1] INFO  segmented.SegmentedRaftLogWorker (SegmentedRaftLogWorker.java:lambda$new$0(133)) - 3eacac38-fa6c-439b-bf72-bbc3b8f2ba66@group-76ACB98916C2-SegmentedRaftLogWorker: flushIndex: setUnconditionally 0 -> -1
2021-07-28 08:37:04,242 [pool-563-thread-1] INFO  segmented.SegmentedRaftLogWorker (SegmentedRaftLogWorker.java:lambda$new$0(133)) - 3eacac38-fa6c-439b-bf72-bbc3b8f2ba66@group-76ACB98916C2-SegmentedRaftLogWorker: safeCacheEvictIndex: setUnconditionally 0 -> -1
2021-07-28 08:37:04,242 [pool-563-thread-1] INFO  server.RaftServerConfigKeys (ConfUtils.java:logGet(44)) - raft.server.snapshot.auto.trigger.enabled = true (custom)
2021-07-28 08:37:04,242 [pool-563-thread-1] INFO  server.RaftServerConfigKeys (ConfUtils.java:logGet(44)) - raft.server.snapshot.auto.trigger.threshold = 10000 (custom)
2021-07-28 08:37:04,243 [pool-563-thread-1] INFO  server.RaftServerConfigKeys (ConfUtils.java:logGet(44)) - raft.server.snapshot.retention.file.num = 5 (custom)
2021-07-28 08:37:04,243 [pool-563-thread-1] INFO  server.RaftServerConfigKeys (ConfUtils.java:logGet(44)) - raft.server.log.purge.upto.snapshot.index = false (default)
2021-07-28 08:37:04,243 [pool-563-thread-1] INFO  server.RaftServerConfigKeys (ConfUtils.java:logGet(44)) - raft.server.retrycache.expirytime = 600000ms (custom)
2021-07-28 08:37:04,243 [pool-563-thread-1] INFO  server.RaftServerConfigKeys (ConfUtils.java:logGet(44)) - raft.server.retrycache.statistics.expirytime = 100μs (default)
2021-07-28 08:37:04,245 [pool-563-thread-1] INFO  server.RaftServer$Division (RaftServerImpl.java:start(296)) - 3eacac38-fa6c-439b-bf72-bbc3b8f2ba66@group-76ACB98916C2: start as a follower, conf=-1: [3eacac38-fa6c-439b-bf72-bbc3b8f2ba66|rpc:10.1.0.59:37715|priority:1], old=null
2021-07-28 08:37:04,245 [pool-563-thread-1] INFO  server.RaftServer$Division (RaftServerImpl.java:setRole(285)) - 3eacac38-fa6c-439b-bf72-bbc3b8f2ba66@group-76ACB98916C2: changes role from      null to FOLLOWER at term 0 for startAsFollower
2021-07-28 08:37:04,245 [pool-563-thread-1] INFO  impl.RoleInfo (RoleInfo.java:updateAndGet(130)) - 3eacac38-fa6c-439b-bf72-bbc3b8f2ba66: start 3eacac38-fa6c-439b-bf72-bbc3b8f2ba66@group-76ACB98916C2-FollowerState
2021-07-28 08:37:04,245 [pool-563-thread-1] INFO  util.JmxRegister (JmxRegister.java:tryRegister(44)) - Successfully registered JMX Bean with object name Ratis:service=RaftServer,group=group-76ACB98916C2,id=3eacac38-fa6c-439b-bf72-bbc3b8f2ba66
2021-07-28 08:37:04,246 [Command processor thread] INFO  ratis.XceiverServerRatis (XceiverServerRatis.java:addGroup(759)) - Created group PipelineID=6d21bc2b-cdf0-4599-ba63-76acb98916c2
2021-07-28 08:37:04,246 [Command processor thread] INFO  commandhandler.CreatePipelineCommandHandler (CreatePipelineCommandHandler.java:handle(106)) - Created Pipeline RATIS ONE PipelineID=6d21bc2b-cdf0-4599-ba63-76acb98916c2.
2021-07-28 08:37:04,361 [Listener at 127.0.0.1/42363] INFO  ozone.MiniOzoneClusterImpl (MiniOzoneClusterImpl.java:lambda$waitForClusterToBeReady$0(235)) - Nodes are ready. Got 9 of 9 DN Heartbeats.
2021-07-28 08:37:04,362 [Listener at 127.0.0.1/42363] INFO  ozone.MiniOzoneClusterImpl (MiniOzoneClusterImpl.java:lambda$waitForClusterToBeReady$0(238)) - Waiting for cluster to exit safe mode
2021-07-28 08:37:04,362 [Listener at 127.0.0.1/42363] INFO  ozone.MiniOzoneClusterImpl (MiniOzoneClusterImpl.java:lambda$waitForClusterToBeReady$0(240)) - SCM became leader
2021-07-28 08:37:04,451 [Command processor thread] INFO  server.RaftServer (RaftServerProxy.java:addNew(95)) - a207c4d7-e778-4207-b497-059bef413d6b: addNew group-B1B94AC013EA:[a207c4d7-e778-4207-b497-059bef413d6b|rpc:10.1.0.59:37517|priority:1] returns group-B1B94AC013EA:java.util.concurrent.CompletableFuture@706a7d8[Not completed]
2021-07-28 08:37:04,452 [pool-581-thread-1] INFO  server.RaftServer$Division (RaftServerImpl.java:<init>(181)) - a207c4d7-e778-4207-b497-059bef413d6b: new RaftServerImpl for group-B1B94AC013EA:[a207c4d7-e778-4207-b497-059bef413d6b|rpc:10.1.0.59:37517|priority:1] with ContainerStateMachine:uninitialized
2021-07-28 08:37:04,452 [pool-581-thread-1] INFO  server.RaftServerConfigKeys (ConfUtils.java:logGet(44)) - raft.server.rpc.timeout.min = 5s (custom)
2021-07-28 08:37:04,452 [pool-581-thread-1] INFO  server.RaftServerConfigKeys (ConfUtils.java:logGet(44)) - raft.server.rpc.timeout.max = 5200ms (custom)
2021-07-28 08:37:04,452 [pool-581-thread-1] INFO  server.RaftServerConfigKeys (ConfUtils.java:logGet(44)) - raft.server.rpc.sleep.time = 25ms (default)
2021-07-28 08:37:04,452 [pool-581-thread-1] INFO  server.RaftServerConfigKeys (ConfUtils.java:logGet(44)) - raft.server.rpc.slowness.timeout = 300000ms (custom)
2021-07-28 08:37:04,452 [pool-581-thread-1] INFO  server.RaftServerConfigKeys (ConfUtils.java:logGet(44)) - raft.server.leaderelection.leader.step-down.wait-time = 10s (default)
2021-07-28 08:37:04,452 [pool-581-thread-1] INFO  server.RaftServerConfigKeys (ConfUtils.java:logGet(44)) - raft.server.sleep.deviation.threshold = 300ms (default)
2021-07-28 08:37:04,452 [pool-581-thread-1] INFO  server.RaftServerConfigKeys (ConfUtils.java:logGet(44)) - raft.server.log.appender.install.snapshot.enabled = false (custom)
2021-07-28 08:37:04,452 [pool-581-thread-1] INFO  server.RaftServer$Division (ServerState.java:<init>(105)) - a207c4d7-e778-4207-b497-059bef413d6b@group-B1B94AC013EA: ConfigurationManager, init=-1: [a207c4d7-e778-4207-b497-059bef413d6b|rpc:10.1.0.59:37517|priority:1], old=null, confs=<EMPTY_MAP>
2021-07-28 08:37:04,452 [pool-581-thread-1] INFO  server.RaftServerConfigKeys (ConfUtils.java:logGet(44)) - raft.server.storage.dir = [/home/runner/work/ozone/ozone/mnt/ozone/hadoop-ozone/integration-test/target/test-dir/MiniOzoneClusterImpl-7b7c0b8f-b3d8-4fbb-9550-cea541527f6c/datanode-3/data/ratis] (custom)
2021-07-28 08:37:04,453 [pool-581-thread-1] INFO  server.RaftServerConfigKeys (ConfUtils.java:logGet(44)) - raft.server.log.corruption.policy = EXCEPTION (default)
2021-07-28 08:37:04,453 [pool-581-thread-1] INFO  server.RaftServerConfigKeys (ConfUtils.java:logGet(44)) - raft.server.storage.free-space.min = 0MB (=0) (default)
2021-07-28 08:37:04,453 [pool-581-thread-1] INFO  storage.RaftStorageDirectory (RaftStorageDirectoryImpl.java:analyzeStorage(135)) - The storage directory /home/runner/work/ozone/ozone/mnt/ozone/hadoop-ozone/integration-test/target/test-dir/MiniOzoneClusterImpl-7b7c0b8f-b3d8-4fbb-9550-cea541527f6c/datanode-3/data/ratis/401132e7-97ea-4585-b7a3-b1b94ac013ea does not exist. Creating ...
2021-07-28 08:37:04,454 [pool-581-thread-1] INFO  storage.RaftStorageDirectory (RaftStorageDirectoryImpl.java:tryLock(230)) - Lock on /home/runner/work/ozone/ozone/mnt/ozone/hadoop-ozone/integration-test/target/test-dir/MiniOzoneClusterImpl-7b7c0b8f-b3d8-4fbb-9550-cea541527f6c/datanode-3/data/ratis/401132e7-97ea-4585-b7a3-b1b94ac013ea/in_use.lock acquired by nodename 1859@fv-az122-844
2021-07-28 08:37:04,455 [pool-581-thread-1] INFO  storage.RaftStorage (RaftStorageImpl.java:format(89)) - Storage directory /home/runner/work/ozone/ozone/mnt/ozone/hadoop-ozone/integration-test/target/test-dir/MiniOzoneClusterImpl-7b7c0b8f-b3d8-4fbb-9550-cea541527f6c/datanode-3/data/ratis/401132e7-97ea-4585-b7a3-b1b94ac013ea has been successfully formatted.
2021-07-28 08:37:04,457 [pool-581-thread-1] INFO  ratis.ContainerStateMachine (ContainerStateMachine.java:loadSnapshot(223)) - group-B1B94AC013EA: The snapshot info is null. Setting the last applied indexto:(t:0, i:~)
2021-07-28 08:37:04,457 [Datanode State Machine Thread - 0] WARN  statemachine.StateContext (StateContext.java:execute(621)) - No available thread in pool for past 1 seconds.
2021-07-28 08:37:04,457 [pool-581-thread-1] INFO  server.RaftServerConfigKeys (ConfUtils.java:logGet(44)) - raft.server.notification.no-leader.timeout = 300000ms (custom)
2021-07-28 08:37:04,457 [pool-581-thread-1] INFO  server.RaftServerConfigKeys (ConfUtils.java:logGet(44)) - raft.server.log.use.memory = false (default)
2021-07-28 08:37:04,458 [EventQueue-PipelineReportForPipelineReportHandler] INFO  pipeline.PipelineManagerV2Impl (PipelineManagerV2Impl.java:openPipeline(283)) - Pipeline Pipeline[ Id: 401132e7-97ea-4585-b7a3-b1b94ac013ea, Nodes: a207c4d7-e778-4207-b497-059bef413d6b{ip: 10.1.0.59, host: fv-az122-844.zf1tlrj3kn4expqppa1j4mpycf.xx.internal.cloudapp.net, ports: [REPLICATION=35795, RATIS=37517, RATIS_ADMIN=37517, RATIS_SERVER=37517, STANDALONE=38225], networkLocation: /default-rack, certSerialId: null, persistedOpState: IN_SERVICE, persistedOpStateExpiryEpochSec: 0}, ReplicationConfig: RATIS/ONE, State:ALLOCATED, leaderId:a207c4d7-e778-4207-b497-059bef413d6b, CreationTimestamp2021-07-28T08:37:01.453Z[Etc/UTC]] moved to OPEN state
2021-07-28 08:37:04,458 [EventQueue-OpenPipelineForHealthyPipelineSafeModeRule] INFO  safemode.SCMSafeModeManager (HealthyPipelineSafeModeRule.java:process(124)) - SCM in safe mode. Healthy pipelines reported count is 0, required healthy pipeline reported count is 1
2021-07-28 08:37:04,460 [pool-581-thread-1] INFO  server.RaftServerConfigKeys (ConfUtils.java:logGet(44)) - raft.server.log.purge.gap = 1000000 (custom)
2021-07-28 08:37:04,461 [pool-581-thread-1] INFO  server.RaftServerConfigKeys (ConfUtils.java:logGet(44)) - raft.server.log.appender.buffer.byte-limit = 33554432 (custom)
2021-07-28 08:37:04,461 [pool-581-thread-1] INFO  server.RaftServerConfigKeys (ConfUtils.java:logGet(44)) - raft.server.log.segment.size.max = 1048576 (custom)
2021-07-28 08:37:04,462 [pool-581-thread-1] INFO  server.RaftServerConfigKeys (ConfUtils.java:logGet(44)) - raft.server.log.segment.cache.num.max = 2 (custom)
2021-07-28 08:37:04,462 [pool-581-thread-1] INFO  server.RaftServerConfigKeys (ConfUtils.java:logGet(44)) - raft.server.log.segment.cache.size.max = 200MB (=209715200) (default)
2021-07-28 08:37:04,462 [pool-581-thread-1] INFO  segmented.SegmentedRaftLogWorker (SegmentedRaftLogWorker.java:<init>(182)) - new a207c4d7-e778-4207-b497-059bef413d6b@group-B1B94AC013EA-SegmentedRaftLogWorker for RaftStorageImpl:Storage Directory /home/runner/work/ozone/ozone/mnt/ozone/hadoop-ozone/integration-test/target/test-dir/MiniOzoneClusterImpl-7b7c0b8f-b3d8-4fbb-9550-cea541527f6c/datanode-3/data/ratis/401132e7-97ea-4585-b7a3-b1b94ac013ea
2021-07-28 08:37:04,462 [pool-581-thread-1] INFO  server.RaftServerConfigKeys (ConfUtils.java:logGet(44)) - raft.server.log.queue.byte-limit = 2147483647 (custom)
2021-07-28 08:37:04,463 [pool-581-thread-1] INFO  server.RaftServerConfigKeys (ConfUtils.java:logGet(44)) - raft.server.log.queue.element-limit = 1024 (custom)
2021-07-28 08:37:04,463 [pool-581-thread-1] INFO  server.RaftServerConfigKeys (ConfUtils.java:logGet(44)) - raft.server.log.segment.size.max = 1048576 (custom)
2021-07-28 08:37:04,463 [pool-581-thread-1] INFO  server.RaftServerConfigKeys (ConfUtils.java:logGet(44)) - raft.server.log.preallocated.size = 16384 (custom)
2021-07-28 08:37:04,463 [pool-581-thread-1] INFO  server.RaftServerConfigKeys (ConfUtils.java:logGet(44)) - raft.server.log.force.sync.num = 128 (default)
2021-07-28 08:37:04,463 [pool-581-thread-1] INFO  server.RaftServerConfigKeys (ConfUtils.java:logGet(44)) - raft.server.log.statemachine.data.sync = true (default)
2021-07-28 08:37:04,463 [pool-581-thread-1] INFO  server.RaftServerConfigKeys (ConfUtils.java:logGet(44)) - raft.server.log.statemachine.data.sync.timeout = 10s (default)
2021-07-28 08:37:04,463 [pool-581-thread-1] INFO  server.RaftServerConfigKeys (ConfUtils.java:logGet(44)) - raft.server.log.statemachine.data.sync.timeout.retry = -1 (default)
2021-07-28 08:37:04,464 [pool-581-thread-1] INFO  server.RaftServerConfigKeys (ConfUtils.java:logGet(44)) - raft.server.log.write.buffer.size = 1048576 (custom)
2021-07-28 08:37:04,465 [pool-581-thread-1] INFO  server.RaftServerConfigKeys (ConfUtils.java:logGet(44)) - raft.server.log.statemachine.data.caching.enabled = true (custom)
2021-07-28 08:37:04,465 [pool-581-thread-1] INFO  segmented.SegmentedRaftLogWorker (SegmentedRaftLogWorker.java:lambda$new$0(133)) - a207c4d7-e778-4207-b497-059bef413d6b@group-B1B94AC013EA-SegmentedRaftLogWorker: flushIndex: setUnconditionally 0 -> -1
2021-07-28 08:37:04,465 [pool-581-thread-1] INFO  segmented.SegmentedRaftLogWorker (SegmentedRaftLogWorker.java:lambda$new$0(133)) - a207c4d7-e778-4207-b497-059bef413d6b@group-B1B94AC013EA-SegmentedRaftLogWorker: safeCacheEvictIndex: setUnconditionally 0 -> -1
2021-07-28 08:37:04,466 [pool-581-thread-1] INFO  server.RaftServerConfigKeys (ConfUtils.java:logGet(44)) - raft.server.snapshot.auto.trigger.enabled = true (custom)
2021-07-28 08:37:04,466 [pool-581-thread-1] INFO  server.RaftServerConfigKeys (ConfUtils.java:logGet(44)) - raft.server.snapshot.auto.trigger.threshold = 10000 (custom)
2021-07-28 08:37:04,466 [pool-581-thread-1] INFO  server.RaftServerConfigKeys (ConfUtils.java:logGet(44)) - raft.server.snapshot.retention.file.num = 5 (custom)
2021-07-28 08:37:04,466 [pool-581-thread-1] INFO  server.RaftServerConfigKeys (ConfUtils.java:logGet(44)) - raft.server.log.purge.upto.snapshot.index = false (default)
2021-07-28 08:37:04,466 [pool-581-thread-1] INFO  server.RaftServerConfigKeys (ConfUtils.java:logGet(44)) - raft.server.retrycache.expirytime = 600000ms (custom)
2021-07-28 08:37:04,466 [pool-581-thread-1] INFO  server.RaftServerConfigKeys (ConfUtils.java:logGet(44)) - raft.server.retrycache.statistics.expirytime = 100μs (default)
2021-07-28 08:37:04,467 [pool-581-thread-1] INFO  server.RaftServer$Division (RaftServerImpl.java:start(296)) - a207c4d7-e778-4207-b497-059bef413d6b@group-B1B94AC013EA: start as a follower, conf=-1: [a207c4d7-e778-4207-b497-059bef413d6b|rpc:10.1.0.59:37517|priority:1], old=null
2021-07-28 08:37:04,467 [pool-581-thread-1] INFO  server.RaftServer$Division (RaftServerImpl.java:setRole(285)) - a207c4d7-e778-4207-b497-059bef413d6b@group-B1B94AC013EA: changes role from      null to FOLLOWER at term 0 for startAsFollower
2021-07-28 08:37:04,468 [pool-581-thread-1] INFO  impl.RoleInfo (RoleInfo.java:updateAndGet(130)) - a207c4d7-e778-4207-b497-059bef413d6b: start a207c4d7-e778-4207-b497-059bef413d6b@group-B1B94AC013EA-FollowerState
2021-07-28 08:37:04,468 [pool-581-thread-1] INFO  util.JmxRegister (JmxRegister.java:tryRegister(44)) - Successfully registered JMX Bean with object name Ratis:service=RaftServer,group=group-B1B94AC013EA,id=a207c4d7-e778-4207-b497-059bef413d6b
2021-07-28 08:37:04,469 [Command processor thread] INFO  ratis.XceiverServerRatis (XceiverServerRatis.java:addGroup(759)) - Created group PipelineID=401132e7-97ea-4585-b7a3-b1b94ac013ea
2021-07-28 08:37:04,469 [Command processor thread] INFO  commandhandler.CreatePipelineCommandHandler (CreatePipelineCommandHandler.java:handle(106)) - Created Pipeline RATIS ONE PipelineID=401132e7-97ea-4585-b7a3-b1b94ac013ea.
2021-07-28 08:37:04,469 [Command processor thread] INFO  server.RaftServer (RaftServerProxy.java:addNew(95)) - a207c4d7-e778-4207-b497-059bef413d6b: addNew group-1FD284F46611:[a207c4d7-e778-4207-b497-059bef413d6b|rpc:10.1.0.59:37517|priority:1, 5cf1d98d-61cd-4f7c-aaf3-95502ed3bd06|rpc:10.1.0.59:41113|priority:0, 6a7d5deb-ea30-475f-9337-bf1860e839e5|rpc:10.1.0.59:35389|priority:0] returns group-1FD284F46611:java.util.concurrent.CompletableFuture@33923e0[Not completed]
2021-07-28 08:37:04,470 [pool-581-thread-1] INFO  server.RaftServer$Division (RaftServerImpl.java:<init>(181)) - a207c4d7-e778-4207-b497-059bef413d6b: new RaftServerImpl for group-1FD284F46611:[a207c4d7-e778-4207-b497-059bef413d6b|rpc:10.1.0.59:37517|priority:1, 5cf1d98d-61cd-4f7c-aaf3-95502ed3bd06|rpc:10.1.0.59:41113|priority:0, 6a7d5deb-ea30-475f-9337-bf1860e839e5|rpc:10.1.0.59:35389|priority:0] with ContainerStateMachine:uninitialized
2021-07-28 08:37:04,470 [pool-581-thread-1] INFO  server.RaftServerConfigKeys (ConfUtils.java:logGet(44)) - raft.server.rpc.timeout.min = 5s (custom)
2021-07-28 08:37:04,470 [pool-581-thread-1] INFO  server.RaftServerConfigKeys (ConfUtils.java:logGet(44)) - raft.server.rpc.timeout.max = 5200ms (custom)
2021-07-28 08:37:04,470 [pool-581-thread-1] INFO  server.RaftServerConfigKeys (ConfUtils.java:logGet(44)) - raft.server.rpc.sleep.time = 25ms (default)
2021-07-28 08:37:04,470 [pool-581-thread-1] INFO  server.RaftServerConfigKeys (ConfUtils.java:logGet(44)) - raft.server.rpc.slowness.timeout = 300000ms (custom)
2021-07-28 08:37:04,470 [pool-581-thread-1] INFO  server.RaftServerConfigKeys (ConfUtils.java:logGet(44)) - raft.server.leaderelection.leader.step-down.wait-time = 10s (default)
2021-07-28 08:37:04,470 [pool-581-thread-1] INFO  server.RaftServerConfigKeys (ConfUtils.java:logGet(44)) - raft.server.sleep.deviation.threshold = 300ms (default)
2021-07-28 08:37:04,471 [pool-581-thread-1] INFO  server.RaftServerConfigKeys (ConfUtils.java:logGet(44)) - raft.server.log.appender.install.snapshot.enabled = false (custom)
2021-07-28 08:37:04,471 [pool-581-thread-1] INFO  server.RaftServer$Division (ServerState.java:<init>(105)) - a207c4d7-e778-4207-b497-059bef413d6b@group-1FD284F46611: ConfigurationManager, init=-1: [a207c4d7-e778-4207-b497-059bef413d6b|rpc:10.1.0.59:37517|priority:1, 5cf1d98d-61cd-4f7c-aaf3-95502ed3bd06|rpc:10.1.0.59:41113|priority:0, 6a7d5deb-ea30-475f-9337-bf1860e839e5|rpc:10.1.0.59:35389|priority:0], old=null, confs=<EMPTY_MAP>
2021-07-28 08:37:04,471 [pool-581-thread-1] INFO  server.RaftServerConfigKeys (ConfUtils.java:logGet(44)) - raft.server.storage.dir = [/home/runner/work/ozone/ozone/mnt/ozone/hadoop-ozone/integration-test/target/test-dir/MiniOzoneClusterImpl-7b7c0b8f-b3d8-4fbb-9550-cea541527f6c/datanode-3/data/ratis] (custom)
2021-07-28 08:37:04,471 [pool-581-thread-1] INFO  server.RaftServerConfigKeys (ConfUtils.java:logGet(44)) - raft.server.log.corruption.policy = EXCEPTION (default)
2021-07-28 08:37:04,471 [pool-581-thread-1] INFO  server.RaftServerConfigKeys (ConfUtils.java:logGet(44)) - raft.server.storage.free-space.min = 0MB (=0) (default)
2021-07-28 08:37:04,471 [pool-581-thread-1] INFO  storage.RaftStorageDirectory (RaftStorageDirectoryImpl.java:analyzeStorage(135)) - The storage directory /home/runner/work/ozone/ozone/mnt/ozone/hadoop-ozone/integration-test/target/test-dir/MiniOzoneClusterImpl-7b7c0b8f-b3d8-4fbb-9550-cea541527f6c/datanode-3/data/ratis/c77a0f1c-f150-4c9f-a45c-1fd284f46611 does not exist. Creating ...
2021-07-28 08:37:04,472 [pool-581-thread-1] INFO  storage.RaftStorageDirectory (RaftStorageDirectoryImpl.java:tryLock(230)) - Lock on /home/runner/work/ozone/ozone/mnt/ozone/hadoop-ozone/integration-test/target/test-dir/MiniOzoneClusterImpl-7b7c0b8f-b3d8-4fbb-9550-cea541527f6c/datanode-3/data/ratis/c77a0f1c-f150-4c9f-a45c-1fd284f46611/in_use.lock acquired by nodename 1859@fv-az122-844
2021-07-28 08:37:04,474 [pool-581-thread-1] INFO  storage.RaftStorage (RaftStorageImpl.java:format(89)) - Storage directory /home/runner/work/ozone/ozone/mnt/ozone/hadoop-ozone/integration-test/target/test-dir/MiniOzoneClusterImpl-7b7c0b8f-b3d8-4fbb-9550-cea541527f6c/datanode-3/data/ratis/c77a0f1c-f150-4c9f-a45c-1fd284f46611 has been successfully formatted.
2021-07-28 08:37:04,474 [pool-581-thread-1] INFO  ratis.ContainerStateMachine (ContainerStateMachine.java:loadSnapshot(223)) - group-1FD284F46611: The snapshot info is null. Setting the last applied indexto:(t:0, i:~)
2021-07-28 08:37:04,474 [pool-581-thread-1] INFO  server.RaftServerConfigKeys (ConfUtils.java:logGet(44)) - raft.server.notification.no-leader.timeout = 300000ms (custom)
2021-07-28 08:37:04,474 [pool-581-thread-1] INFO  server.RaftServerConfigKeys (ConfUtils.java:logGet(44)) - raft.server.log.use.memory = false (default)
2021-07-28 08:37:04,475 [pool-581-thread-1] INFO  server.RaftServerConfigKeys (ConfUtils.java:logGet(44)) - raft.server.log.purge.gap = 1000000 (custom)
2021-07-28 08:37:04,475 [pool-581-thread-1] INFO  server.RaftServerConfigKeys (ConfUtils.java:logGet(44)) - raft.server.log.appender.buffer.byte-limit = 33554432 (custom)
2021-07-28 08:37:04,475 [pool-581-thread-1] INFO  server.RaftServerConfigKeys (ConfUtils.java:logGet(44)) - raft.server.log.segment.size.max = 1048576 (custom)
2021-07-28 08:37:04,475 [EventQueue-OpenPipelineForHealthyPipelineSafeModeRule] INFO  safemode.SCMSafeModeManager (HealthyPipelineSafeModeRule.java:process(124)) - SCM in safe mode. Healthy pipelines reported count is 0, required healthy pipeline reported count is 1
2021-07-28 08:37:04,476 [pool-581-thread-1] INFO  server.RaftServerConfigKeys (ConfUtils.java:logGet(44)) - raft.server.log.segment.cache.num.max = 2 (custom)
2021-07-28 08:37:04,476 [pool-581-thread-1] INFO  server.RaftServerConfigKeys (ConfUtils.java:logGet(44)) - raft.server.log.segment.cache.size.max = 200MB (=209715200) (default)
2021-07-28 08:37:04,476 [pool-581-thread-1] INFO  segmented.SegmentedRaftLogWorker (SegmentedRaftLogWorker.java:<init>(182)) - new a207c4d7-e778-4207-b497-059bef413d6b@group-1FD284F46611-SegmentedRaftLogWorker for RaftStorageImpl:Storage Directory /home/runner/work/ozone/ozone/mnt/ozone/hadoop-ozone/integration-test/target/test-dir/MiniOzoneClusterImpl-7b7c0b8f-b3d8-4fbb-9550-cea541527f6c/datanode-3/data/ratis/c77a0f1c-f150-4c9f-a45c-1fd284f46611
2021-07-28 08:37:04,476 [pool-581-thread-1] INFO  server.RaftServerConfigKeys (ConfUtils.java:logGet(44)) - raft.server.log.queue.byte-limit = 2147483647 (custom)
2021-07-28 08:37:04,476 [pool-581-thread-1] INFO  server.RaftServerConfigKeys (ConfUtils.java:logGet(44)) - raft.server.log.queue.element-limit = 1024 (custom)
2021-07-28 08:37:04,476 [pool-581-thread-1] INFO  server.RaftServerConfigKeys (ConfUtils.java:logGet(44)) - raft.server.log.segment.size.max = 1048576 (custom)
2021-07-28 08:37:04,476 [pool-581-thread-1] INFO  server.RaftServerConfigKeys (ConfUtils.java:logGet(44)) - raft.server.log.preallocated.size = 16384 (custom)
2021-07-28 08:37:04,476 [pool-581-thread-1] INFO  server.RaftServerConfigKeys (ConfUtils.java:logGet(44)) - raft.server.log.force.sync.num = 128 (default)
2021-07-28 08:37:04,476 [pool-581-thread-1] INFO  server.RaftServerConfigKeys (ConfUtils.java:logGet(44)) - raft.server.log.statemachine.data.sync = true (default)
2021-07-28 08:37:04,476 [pool-581-thread-1] INFO  server.RaftServerConfigKeys (ConfUtils.java:logGet(44)) - raft.server.log.statemachine.data.sync.timeout = 10s (default)
2021-07-28 08:37:04,476 [pool-581-thread-1] INFO  server.RaftServerConfigKeys (ConfUtils.java:logGet(44)) - raft.server.log.statemachine.data.sync.timeout.retry = -1 (default)
2021-07-28 08:37:04,478 [pool-581-thread-1] INFO  server.RaftServerConfigKeys (ConfUtils.java:logGet(44)) - raft.server.log.write.buffer.size = 1048576 (custom)
2021-07-28 08:37:04,478 [pool-581-thread-1] INFO  server.RaftServerConfigKeys (ConfUtils.java:logGet(44)) - raft.server.log.statemachine.data.caching.enabled = true (custom)
2021-07-28 08:37:04,478 [pool-581-thread-1] INFO  segmented.SegmentedRaftLogWorker (SegmentedRaftLogWorker.java:lambda$new$0(133)) - a207c4d7-e778-4207-b497-059bef413d6b@group-1FD284F46611-SegmentedRaftLogWorker: flushIndex: setUnconditionally 0 -> -1
2021-07-28 08:37:04,478 [pool-581-thread-1] INFO  segmented.SegmentedRaftLogWorker (SegmentedRaftLogWorker.java:lambda$new$0(133)) - a207c4d7-e778-4207-b497-059bef413d6b@group-1FD284F46611-SegmentedRaftLogWorker: safeCacheEvictIndex: setUnconditionally 0 -> -1
2021-07-28 08:37:04,481 [pool-581-thread-1] INFO  server.RaftServerConfigKeys (ConfUtils.java:logGet(44)) - raft.server.snapshot.auto.trigger.enabled = true (custom)
2021-07-28 08:37:04,481 [pool-581-thread-1] INFO  server.RaftServerConfigKeys (ConfUtils.java:logGet(44)) - raft.server.snapshot.auto.trigger.threshold = 10000 (custom)
2021-07-28 08:37:04,481 [pool-581-thread-1] INFO  server.RaftServerConfigKeys (ConfUtils.java:logGet(44)) - raft.server.snapshot.retention.file.num = 5 (custom)
2021-07-28 08:37:04,481 [pool-581-thread-1] INFO  server.RaftServerConfigKeys (ConfUtils.java:logGet(44)) - raft.server.log.purge.upto.snapshot.index = false (default)
2021-07-28 08:37:04,481 [pool-581-thread-1] INFO  server.RaftServerConfigKeys (ConfUtils.java:logGet(44)) - raft.server.retrycache.expirytime = 600000ms (custom)
2021-07-28 08:37:04,481 [pool-581-thread-1] INFO  server.RaftServerConfigKeys (ConfUtils.java:logGet(44)) - raft.server.retrycache.statistics.expirytime = 100μs (default)
2021-07-28 08:37:04,483 [pool-581-thread-1] INFO  server.RaftServer$Division (RaftServerImpl.java:start(296)) - a207c4d7-e778-4207-b497-059bef413d6b@group-1FD284F46611: start as a follower, conf=-1: [a207c4d7-e778-4207-b497-059bef413d6b|rpc:10.1.0.59:37517|priority:1, 5cf1d98d-61cd-4f7c-aaf3-95502ed3bd06|rpc:10.1.0.59:41113|priority:0, 6a7d5deb-ea30-475f-9337-bf1860e839e5|rpc:10.1.0.59:35389|priority:0], old=null
2021-07-28 08:37:04,483 [pool-581-thread-1] INFO  server.RaftServer$Division (RaftServerImpl.java:setRole(285)) - a207c4d7-e778-4207-b497-059bef413d6b@group-1FD284F46611: changes role from      null to FOLLOWER at term 0 for startAsFollower
2021-07-28 08:37:04,483 [pool-581-thread-1] INFO  impl.RoleInfo (RoleInfo.java:updateAndGet(130)) - a207c4d7-e778-4207-b497-059bef413d6b: start a207c4d7-e778-4207-b497-059bef413d6b@group-1FD284F46611-FollowerState
2021-07-28 08:37:04,483 [pool-581-thread-1] INFO  util.JmxRegister (JmxRegister.java:tryRegister(44)) - Successfully registered JMX Bean with object name Ratis:service=RaftServer,group=group-1FD284F46611,id=a207c4d7-e778-4207-b497-059bef413d6b
2021-07-28 08:37:04,484 [Command processor thread] INFO  ratis.XceiverServerRatis (XceiverServerRatis.java:addGroup(759)) - Created group PipelineID=c77a0f1c-f150-4c9f-a45c-1fd284f46611
2021-07-28 08:37:04,492 [grpc-default-executor-0] INFO  server.RaftServer (RaftServerProxy.java:addNew(95)) - 5cf1d98d-61cd-4f7c-aaf3-95502ed3bd06: addNew group-1FD284F46611:[a207c4d7-e778-4207-b497-059bef413d6b|rpc:10.1.0.59:37517|dataStream:|priority:1, 5cf1d98d-61cd-4f7c-aaf3-95502ed3bd06|rpc:10.1.0.59:41113|dataStream:|priority:0, 6a7d5deb-ea30-475f-9337-bf1860e839e5|rpc:10.1.0.59:35389|dataStream:|priority:0] returns group-1FD284F46611:java.util.concurrent.CompletableFuture@439790ec[Not completed]
2021-07-28 08:37:04,493 [pool-617-thread-1] INFO  server.RaftServer$Division (RaftServerImpl.java:<init>(181)) - 5cf1d98d-61cd-4f7c-aaf3-95502ed3bd06: new RaftServerImpl for group-1FD284F46611:[a207c4d7-e778-4207-b497-059bef413d6b|rpc:10.1.0.59:37517|dataStream:|priority:1, 5cf1d98d-61cd-4f7c-aaf3-95502ed3bd06|rpc:10.1.0.59:41113|dataStream:|priority:0, 6a7d5deb-ea30-475f-9337-bf1860e839e5|rpc:10.1.0.59:35389|dataStream:|priority:0] with ContainerStateMachine:uninitialized
2021-07-28 08:37:04,493 [pool-617-thread-1] INFO  server.RaftServerConfigKeys (ConfUtils.java:logGet(44)) - raft.server.rpc.timeout.min = 5s (custom)
2021-07-28 08:37:04,494 [pool-617-thread-1] INFO  server.RaftServerConfigKeys (ConfUtils.java:logGet(44)) - raft.server.rpc.timeout.max = 5200ms (custom)
2021-07-28 08:37:04,494 [pool-617-thread-1] INFO  server.RaftServerConfigKeys (ConfUtils.java:logGet(44)) - raft.server.rpc.sleep.time = 25ms (default)
2021-07-28 08:37:04,494 [pool-617-thread-1] INFO  server.RaftServerConfigKeys (ConfUtils.java:logGet(44)) - raft.server.rpc.slowness.timeout = 300000ms (custom)
2021-07-28 08:37:04,494 [pool-617-thread-1] INFO  server.RaftServerConfigKeys (ConfUtils.java:logGet(44)) - raft.server.leaderelection.leader.step-down.wait-time = 10s (default)
2021-07-28 08:37:04,494 [pool-617-thread-1] INFO  server.RaftServerConfigKeys (ConfUtils.java:logGet(44)) - raft.server.sleep.deviation.threshold = 300ms (default)
2021-07-28 08:37:04,494 [pool-617-thread-1] INFO  server.RaftServerConfigKeys (ConfUtils.java:logGet(44)) - raft.server.log.appender.install.snapshot.enabled = false (custom)
2021-07-28 08:37:04,494 [pool-617-thread-1] INFO  server.RaftServer$Division (ServerState.java:<init>(105)) - 5cf1d98d-61cd-4f7c-aaf3-95502ed3bd06@group-1FD284F46611: ConfigurationManager, init=-1: [a207c4d7-e778-4207-b497-059bef413d6b|rpc:10.1.0.59:37517|dataStream:|priority:1, 5cf1d98d-61cd-4f7c-aaf3-95502ed3bd06|rpc:10.1.0.59:41113|dataStream:|priority:0, 6a7d5deb-ea30-475f-9337-bf1860e839e5|rpc:10.1.0.59:35389|dataStream:|priority:0], old=null, confs=<EMPTY_MAP>
2021-07-28 08:37:04,495 [pool-617-thread-1] INFO  server.RaftServerConfigKeys (ConfUtils.java:logGet(44)) - raft.server.storage.dir = [/home/runner/work/ozone/ozone/mnt/ozone/hadoop-ozone/integration-test/target/test-dir/MiniOzoneClusterImpl-7b7c0b8f-b3d8-4fbb-9550-cea541527f6c/datanode-5/data/ratis] (custom)
2021-07-28 08:37:04,495 [pool-617-thread-1] INFO  server.RaftServerConfigKeys (ConfUtils.java:logGet(44)) - raft.server.log.corruption.policy = EXCEPTION (default)
2021-07-28 08:37:04,495 [pool-617-thread-1] INFO  server.RaftServerConfigKeys (ConfUtils.java:logGet(44)) - raft.server.storage.free-space.min = 0MB (=0) (default)
2021-07-28 08:37:04,495 [pool-617-thread-1] INFO  storage.RaftStorageDirectory (RaftStorageDirectoryImpl.java:analyzeStorage(135)) - The storage directory /home/runner/work/ozone/ozone/mnt/ozone/hadoop-ozone/integration-test/target/test-dir/MiniOzoneClusterImpl-7b7c0b8f-b3d8-4fbb-9550-cea541527f6c/datanode-5/data/ratis/c77a0f1c-f150-4c9f-a45c-1fd284f46611 does not exist. Creating ...
2021-07-28 08:37:04,497 [pool-617-thread-1] INFO  storage.RaftStorageDirectory (RaftStorageDirectoryImpl.java:tryLock(230)) - Lock on /home/runner/work/ozone/ozone/mnt/ozone/hadoop-ozone/integration-test/target/test-dir/MiniOzoneClusterImpl-7b7c0b8f-b3d8-4fbb-9550-cea541527f6c/datanode-5/data/ratis/c77a0f1c-f150-4c9f-a45c-1fd284f46611/in_use.lock acquired by nodename 1859@fv-az122-844
2021-07-28 08:37:04,498 [pool-617-thread-1] INFO  storage.RaftStorage (RaftStorageImpl.java:format(89)) - Storage directory /home/runner/work/ozone/ozone/mnt/ozone/hadoop-ozone/integration-test/target/test-dir/MiniOzoneClusterImpl-7b7c0b8f-b3d8-4fbb-9550-cea541527f6c/datanode-5/data/ratis/c77a0f1c-f150-4c9f-a45c-1fd284f46611 has been successfully formatted.
2021-07-28 08:37:04,499 [Datanode State Machine Thread - 0] WARN  statemachine.StateContext (StateContext.java:execute(621)) - No available thread in pool for past 1 seconds.
2021-07-28 08:37:04,499 [pool-617-thread-1] INFO  ratis.ContainerStateMachine (ContainerStateMachine.java:loadSnapshot(223)) - group-1FD284F46611: The snapshot info is null. Setting the last applied indexto:(t:0, i:~)
2021-07-28 08:37:04,499 [pool-617-thread-1] INFO  server.RaftServerConfigKeys (ConfUtils.java:logGet(44)) - raft.server.notification.no-leader.timeout = 300000ms (custom)
2021-07-28 08:37:04,499 [pool-617-thread-1] INFO  server.RaftServerConfigKeys (ConfUtils.java:logGet(44)) - raft.server.log.use.memory = false (default)
2021-07-28 08:37:04,499 [pool-617-thread-1] INFO  server.RaftServerConfigKeys (ConfUtils.java:logGet(44)) - raft.server.log.purge.gap = 1000000 (custom)
2021-07-28 08:37:04,499 [pool-617-thread-1] INFO  server.RaftServerConfigKeys (ConfUtils.java:logGet(44)) - raft.server.log.appender.buffer.byte-limit = 33554432 (custom)
2021-07-28 08:37:04,500 [pool-617-thread-1] INFO  server.RaftServerConfigKeys (ConfUtils.java:logGet(44)) - raft.server.log.segment.size.max = 1048576 (custom)
2021-07-28 08:37:04,500 [pool-617-thread-1] INFO  server.RaftServerConfigKeys (ConfUtils.java:logGet(44)) - raft.server.log.segment.cache.num.max = 2 (custom)
2021-07-28 08:37:04,500 [pool-617-thread-1] INFO  server.RaftServerConfigKeys (ConfUtils.java:logGet(44)) - raft.server.log.segment.cache.size.max = 200MB (=209715200) (default)
2021-07-28 08:37:04,500 [pool-617-thread-1] INFO  segmented.SegmentedRaftLogWorker (SegmentedRaftLogWorker.java:<init>(182)) - new 5cf1d98d-61cd-4f7c-aaf3-95502ed3bd06@group-1FD284F46611-SegmentedRaftLogWorker for RaftStorageImpl:Storage Directory /home/runner/work/ozone/ozone/mnt/ozone/hadoop-ozone/integration-test/target/test-dir/MiniOzoneClusterImpl-7b7c0b8f-b3d8-4fbb-9550-cea541527f6c/datanode-5/data/ratis/c77a0f1c-f150-4c9f-a45c-1fd284f46611
2021-07-28 08:37:04,500 [pool-617-thread-1] INFO  server.RaftServerConfigKeys (ConfUtils.java:logGet(44)) - raft.server.log.queue.byte-limit = 2147483647 (custom)
2021-07-28 08:37:04,500 [pool-617-thread-1] INFO  server.RaftServerConfigKeys (ConfUtils.java:logGet(44)) - raft.server.log.queue.element-limit = 1024 (custom)
2021-07-28 08:37:04,501 [pool-617-thread-1] INFO  server.RaftServerConfigKeys (ConfUtils.java:logGet(44)) - raft.server.log.segment.size.max = 1048576 (custom)
2021-07-28 08:37:04,501 [pool-617-thread-1] INFO  server.RaftServerConfigKeys (ConfUtils.java:logGet(44)) - raft.server.log.preallocated.size = 16384 (custom)
2021-07-28 08:37:04,501 [pool-617-thread-1] INFO  server.RaftServerConfigKeys (ConfUtils.java:logGet(44)) - raft.server.log.force.sync.num = 128 (default)
2021-07-28 08:37:04,501 [pool-617-thread-1] INFO  server.RaftServerConfigKeys (ConfUtils.java:logGet(44)) - raft.server.log.statemachine.data.sync = true (default)
2021-07-28 08:37:04,501 [pool-617-thread-1] INFO  server.RaftServerConfigKeys (ConfUtils.java:logGet(44)) - raft.server.log.statemachine.data.sync.timeout = 10s (default)
2021-07-28 08:37:04,501 [pool-617-thread-1] INFO  server.RaftServerConfigKeys (ConfUtils.java:logGet(44)) - raft.server.log.statemachine.data.sync.timeout.retry = -1 (default)
2021-07-28 08:37:04,502 [pool-617-thread-1] INFO  server.RaftServerConfigKeys (ConfUtils.java:logGet(44)) - raft.server.log.write.buffer.size = 1048576 (custom)
2021-07-28 08:37:04,503 [pool-617-thread-1] INFO  server.RaftServerConfigKeys (ConfUtils.java:logGet(44)) - raft.server.log.statemachine.data.caching.enabled = true (custom)
2021-07-28 08:37:04,504 [pool-617-thread-1] INFO  segmented.SegmentedRaftLogWorker (SegmentedRaftLogWorker.java:lambda$new$0(133)) - 5cf1d98d-61cd-4f7c-aaf3-95502ed3bd06@group-1FD284F46611-SegmentedRaftLogWorker: flushIndex: setUnconditionally 0 -> -1
2021-07-28 08:37:04,504 [pool-617-thread-1] INFO  segmented.SegmentedRaftLogWorker (SegmentedRaftLogWorker.java:lambda$new$0(133)) - 5cf1d98d-61cd-4f7c-aaf3-95502ed3bd06@group-1FD284F46611-SegmentedRaftLogWorker: safeCacheEvictIndex: setUnconditionally 0 -> -1
2021-07-28 08:37:04,504 [pool-617-thread-1] INFO  server.RaftServerConfigKeys (ConfUtils.java:logGet(44)) - raft.server.snapshot.auto.trigger.enabled = true (custom)
2021-07-28 08:37:04,504 [pool-617-thread-1] INFO  server.RaftServerConfigKeys (ConfUtils.java:logGet(44)) - raft.server.snapshot.auto.trigger.threshold = 10000 (custom)
2021-07-28 08:37:04,504 [pool-617-thread-1] INFO  server.RaftServerConfigKeys (ConfUtils.java:logGet(44)) - raft.server.snapshot.retention.file.num = 5 (custom)
2021-07-28 08:37:04,505 [pool-617-thread-1] INFO  server.RaftServerConfigKeys (ConfUtils.java:logGet(44)) - raft.server.log.purge.upto.snapshot.index = false (default)
2021-07-28 08:37:04,505 [pool-617-thread-1] INFO  server.RaftServerConfigKeys (ConfUtils.java:logGet(44)) - raft.server.retrycache.expirytime = 600000ms (custom)
2021-07-28 08:37:04,505 [pool-617-thread-1] INFO  server.RaftServerConfigKeys (ConfUtils.java:logGet(44)) - raft.server.retrycache.statistics.expirytime = 100μs (default)
2021-07-28 08:37:04,506 [pool-617-thread-1] INFO  server.RaftServer$Division (RaftServerImpl.java:start(296)) - 5cf1d98d-61cd-4f7c-aaf3-95502ed3bd06@group-1FD284F46611: start as a follower, conf=-1: [a207c4d7-e778-4207-b497-059bef413d6b|rpc:10.1.0.59:37517|dataStream:|priority:1, 5cf1d98d-61cd-4f7c-aaf3-95502ed3bd06|rpc:10.1.0.59:41113|dataStream:|priority:0, 6a7d5deb-ea30-475f-9337-bf1860e839e5|rpc:10.1.0.59:35389|dataStream:|priority:0], old=null
2021-07-28 08:37:04,506 [pool-617-thread-1] INFO  server.RaftServer$Division (RaftServerImpl.java:setRole(285)) - 5cf1d98d-61cd-4f7c-aaf3-95502ed3bd06@group-1FD284F46611: changes role from      null to FOLLOWER at term 0 for startAsFollower
2021-07-28 08:37:04,506 [pool-617-thread-1] INFO  impl.RoleInfo (RoleInfo.java:updateAndGet(130)) - 5cf1d98d-61cd-4f7c-aaf3-95502ed3bd06: start 5cf1d98d-61cd-4f7c-aaf3-95502ed3bd06@group-1FD284F46611-FollowerState
2021-07-28 08:37:04,507 [pool-617-thread-1] INFO  util.JmxRegister (JmxRegister.java:tryRegister(44)) - Successfully registered JMX Bean with object name Ratis:service=RaftServer,group=group-1FD284F46611,id=5cf1d98d-61cd-4f7c-aaf3-95502ed3bd06
2021-07-28 08:37:04,528 [grpc-default-executor-0] INFO  server.RaftServer (RaftServerProxy.java:addNew(95)) - 6a7d5deb-ea30-475f-9337-bf1860e839e5: addNew group-1FD284F46611:[a207c4d7-e778-4207-b497-059bef413d6b|rpc:10.1.0.59:37517|dataStream:|priority:1, 5cf1d98d-61cd-4f7c-aaf3-95502ed3bd06|rpc:10.1.0.59:41113|dataStream:|priority:0, 6a7d5deb-ea30-475f-9337-bf1860e839e5|rpc:10.1.0.59:35389|dataStream:|priority:0] returns group-1FD284F46611:java.util.concurrent.CompletableFuture@158e27d3[Not completed]
2021-07-28 08:37:04,529 [pool-599-thread-1] INFO  server.RaftServer$Division (RaftServerImpl.java:<init>(181)) - 6a7d5deb-ea30-475f-9337-bf1860e839e5: new RaftServerImpl for group-1FD284F46611:[a207c4d7-e778-4207-b497-059bef413d6b|rpc:10.1.0.59:37517|dataStream:|priority:1, 5cf1d98d-61cd-4f7c-aaf3-95502ed3bd06|rpc:10.1.0.59:41113|dataStream:|priority:0, 6a7d5deb-ea30-475f-9337-bf1860e839e5|rpc:10.1.0.59:35389|dataStream:|priority:0] with ContainerStateMachine:uninitialized
2021-07-28 08:37:04,529 [pool-599-thread-1] INFO  server.RaftServerConfigKeys (ConfUtils.java:logGet(44)) - raft.server.rpc.timeout.min = 5s (custom)
2021-07-28 08:37:04,530 [pool-599-thread-1] INFO  server.RaftServerConfigKeys (ConfUtils.java:logGet(44)) - raft.server.rpc.timeout.max = 5200ms (custom)
2021-07-28 08:37:04,530 [pool-599-thread-1] INFO  server.RaftServerConfigKeys (ConfUtils.java:logGet(44)) - raft.server.rpc.sleep.time = 25ms (default)
2021-07-28 08:37:04,530 [pool-599-thread-1] INFO  server.RaftServerConfigKeys (ConfUtils.java:logGet(44)) - raft.server.rpc.slowness.timeout = 300000ms (custom)
2021-07-28 08:37:04,530 [pool-599-thread-1] INFO  server.RaftServerConfigKeys (ConfUtils.java:logGet(44)) - raft.server.leaderelection.leader.step-down.wait-time = 10s (default)
2021-07-28 08:37:04,530 [pool-599-thread-1] INFO  server.RaftServerConfigKeys (ConfUtils.java:logGet(44)) - raft.server.sleep.deviation.threshold = 300ms (default)
2021-07-28 08:37:04,530 [pool-599-thread-1] INFO  server.RaftServerConfigKeys (ConfUtils.java:logGet(44)) - raft.server.log.appender.install.snapshot.enabled = false (custom)
2021-07-28 08:37:04,530 [pool-599-thread-1] INFO  server.RaftServer$Division (ServerState.java:<init>(105)) - 6a7d5deb-ea30-475f-9337-bf1860e839e5@group-1FD284F46611: ConfigurationManager, init=-1: [a207c4d7-e778-4207-b497-059bef413d6b|rpc:10.1.0.59:37517|dataStream:|priority:1, 5cf1d98d-61cd-4f7c-aaf3-95502ed3bd06|rpc:10.1.0.59:41113|dataStream:|priority:0, 6a7d5deb-ea30-475f-9337-bf1860e839e5|rpc:10.1.0.59:35389|dataStream:|priority:0], old=null, confs=<EMPTY_MAP>
2021-07-28 08:37:04,530 [pool-599-thread-1] INFO  server.RaftServerConfigKeys (ConfUtils.java:logGet(44)) - raft.server.storage.dir = [/home/runner/work/ozone/ozone/mnt/ozone/hadoop-ozone/integration-test/target/test-dir/MiniOzoneClusterImpl-7b7c0b8f-b3d8-4fbb-9550-cea541527f6c/datanode-4/data/ratis] (custom)
2021-07-28 08:37:04,530 [pool-599-thread-1] INFO  server.RaftServerConfigKeys (ConfUtils.java:logGet(44)) - raft.server.log.corruption.policy = EXCEPTION (default)
2021-07-28 08:37:04,531 [pool-599-thread-1] INFO  server.RaftServerConfigKeys (ConfUtils.java:logGet(44)) - raft.server.storage.free-space.min = 0MB (=0) (default)
2021-07-28 08:37:04,531 [pool-599-thread-1] INFO  storage.RaftStorageDirectory (RaftStorageDirectoryImpl.java:analyzeStorage(135)) - The storage directory /home/runner/work/ozone/ozone/mnt/ozone/hadoop-ozone/integration-test/target/test-dir/MiniOzoneClusterImpl-7b7c0b8f-b3d8-4fbb-9550-cea541527f6c/datanode-4/data/ratis/c77a0f1c-f150-4c9f-a45c-1fd284f46611 does not exist. Creating ...
2021-07-28 08:37:04,534 [pool-599-thread-1] INFO  storage.RaftStorageDirectory (RaftStorageDirectoryImpl.java:tryLock(230)) - Lock on /home/runner/work/ozone/ozone/mnt/ozone/hadoop-ozone/integration-test/target/test-dir/MiniOzoneClusterImpl-7b7c0b8f-b3d8-4fbb-9550-cea541527f6c/datanode-4/data/ratis/c77a0f1c-f150-4c9f-a45c-1fd284f46611/in_use.lock acquired by nodename 1859@fv-az122-844
2021-07-28 08:37:04,535 [pool-599-thread-1] INFO  storage.RaftStorage (RaftStorageImpl.java:format(89)) - Storage directory /home/runner/work/ozone/ozone/mnt/ozone/hadoop-ozone/integration-test/target/test-dir/MiniOzoneClusterImpl-7b7c0b8f-b3d8-4fbb-9550-cea541527f6c/datanode-4/data/ratis/c77a0f1c-f150-4c9f-a45c-1fd284f46611 has been successfully formatted.
2021-07-28 08:37:04,536 [Datanode State Machine Thread - 0] WARN  statemachine.StateContext (StateContext.java:execute(621)) - No available thread in pool for past 1 seconds.
2021-07-28 08:37:04,537 [pool-599-thread-1] INFO  ratis.ContainerStateMachine (ContainerStateMachine.java:loadSnapshot(223)) - group-1FD284F46611: The snapshot info is null. Setting the last applied indexto:(t:0, i:~)
2021-07-28 08:37:04,537 [pool-599-thread-1] INFO  server.RaftServerConfigKeys (ConfUtils.java:logGet(44)) - raft.server.notification.no-leader.timeout = 300000ms (custom)
2021-07-28 08:37:04,538 [pool-599-thread-1] INFO  server.RaftServerConfigKeys (ConfUtils.java:logGet(44)) - raft.server.log.use.memory = false (default)
2021-07-28 08:37:04,538 [pool-599-thread-1] INFO  server.RaftServerConfigKeys (ConfUtils.java:logGet(44)) - raft.server.log.purge.gap = 1000000 (custom)
2021-07-28 08:37:04,538 [pool-599-thread-1] INFO  server.RaftServerConfigKeys (ConfUtils.java:logGet(44)) - raft.server.log.appender.buffer.byte-limit = 33554432 (custom)
2021-07-28 08:37:04,538 [pool-599-thread-1] INFO  server.RaftServerConfigKeys (ConfUtils.java:logGet(44)) - raft.server.log.segment.size.max = 1048576 (custom)
2021-07-28 08:37:04,539 [pool-599-thread-1] INFO  server.RaftServerConfigKeys (ConfUtils.java:logGet(44)) - raft.server.log.segment.cache.num.max = 2 (custom)
2021-07-28 08:37:04,539 [pool-599-thread-1] INFO  server.RaftServerConfigKeys (ConfUtils.java:logGet(44)) - raft.server.log.segment.cache.size.max = 200MB (=209715200) (default)
2021-07-28 08:37:04,539 [pool-599-thread-1] INFO  segmented.SegmentedRaftLogWorker (SegmentedRaftLogWorker.java:<init>(182)) - new 6a7d5deb-ea30-475f-9337-bf1860e839e5@group-1FD284F46611-SegmentedRaftLogWorker for RaftStorageImpl:Storage Directory /home/runner/work/ozone/ozone/mnt/ozone/hadoop-ozone/integration-test/target/test-dir/MiniOzoneClusterImpl-7b7c0b8f-b3d8-4fbb-9550-cea541527f6c/datanode-4/data/ratis/c77a0f1c-f150-4c9f-a45c-1fd284f46611
2021-07-28 08:37:04,539 [pool-599-thread-1] INFO  server.RaftServerConfigKeys (ConfUtils.java:logGet(44)) - raft.server.log.queue.byte-limit = 2147483647 (custom)
2021-07-28 08:37:04,539 [pool-599-thread-1] INFO  server.RaftServerConfigKeys (ConfUtils.java:logGet(44)) - raft.server.log.queue.element-limit = 1024 (custom)
2021-07-28 08:37:04,539 [pool-599-thread-1] INFO  server.RaftServerConfigKeys (ConfUtils.java:logGet(44)) - raft.server.log.segment.size.max = 1048576 (custom)
2021-07-28 08:37:04,539 [pool-599-thread-1] INFO  server.RaftServerConfigKeys (ConfUtils.java:logGet(44)) - raft.server.log.preallocated.size = 16384 (custom)
2021-07-28 08:37:04,539 [pool-599-thread-1] INFO  server.RaftServerConfigKeys (ConfUtils.java:logGet(44)) - raft.server.log.force.sync.num = 128 (default)
2021-07-28 08:37:04,539 [pool-599-thread-1] INFO  server.RaftServerConfigKeys (ConfUtils.java:logGet(44)) - raft.server.log.statemachine.data.sync = true (default)
2021-07-28 08:37:04,539 [pool-599-thread-1] INFO  server.RaftServerConfigKeys (ConfUtils.java:logGet(44)) - raft.server.log.statemachine.data.sync.timeout = 10s (default)
2021-07-28 08:37:04,539 [pool-599-thread-1] INFO  server.RaftServerConfigKeys (ConfUtils.java:logGet(44)) - raft.server.log.statemachine.data.sync.timeout.retry = -1 (default)
2021-07-28 08:37:04,541 [pool-599-thread-1] INFO  server.RaftServerConfigKeys (ConfUtils.java:logGet(44)) - raft.server.log.write.buffer.size = 1048576 (custom)
2021-07-28 08:37:04,542 [pool-599-thread-1] INFO  server.RaftServerConfigKeys (ConfUtils.java:logGet(44)) - raft.server.log.statemachine.data.caching.enabled = true (custom)
2021-07-28 08:37:04,542 [pool-599-thread-1] INFO  segmented.SegmentedRaftLogWorker (SegmentedRaftLogWorker.java:lambda$new$0(133)) - 6a7d5deb-ea30-475f-9337-bf1860e839e5@group-1FD284F46611-SegmentedRaftLogWorker: flushIndex: setUnconditionally 0 -> -1
2021-07-28 08:37:04,542 [pool-599-thread-1] INFO  segmented.SegmentedRaftLogWorker (SegmentedRaftLogWorker.java:lambda$new$0(133)) - 6a7d5deb-ea30-475f-9337-bf1860e839e5@group-1FD284F46611-SegmentedRaftLogWorker: safeCacheEvictIndex: setUnconditionally 0 -> -1
2021-07-28 08:37:04,542 [pool-599-thread-1] INFO  server.RaftServerConfigKeys (ConfUtils.java:logGet(44)) - raft.server.snapshot.auto.trigger.enabled = true (custom)
2021-07-28 08:37:04,542 [pool-599-thread-1] INFO  server.RaftServerConfigKeys (ConfUtils.java:logGet(44)) - raft.server.snapshot.auto.trigger.threshold = 10000 (custom)
2021-07-28 08:37:04,542 [pool-599-thread-1] INFO  server.RaftServerConfigKeys (ConfUtils.java:logGet(44)) - raft.server.snapshot.retention.file.num = 5 (custom)
2021-07-28 08:37:04,542 [pool-599-thread-1] INFO  server.RaftServerConfigKeys (ConfUtils.java:logGet(44)) - raft.server.log.purge.upto.snapshot.index = false (default)
2021-07-28 08:37:04,542 [pool-599-thread-1] INFO  server.RaftServerConfigKeys (ConfUtils.java:logGet(44)) - raft.server.retrycache.expirytime = 600000ms (custom)
2021-07-28 08:37:04,542 [pool-599-thread-1] INFO  server.RaftServerConfigKeys (ConfUtils.java:logGet(44)) - raft.server.retrycache.statistics.expirytime = 100μs (default)
2021-07-28 08:37:04,544 [pool-599-thread-1] INFO  server.RaftServer$Division (RaftServerImpl.java:start(296)) - 6a7d5deb-ea30-475f-9337-bf1860e839e5@group-1FD284F46611: start as a follower, conf=-1: [a207c4d7-e778-4207-b497-059bef413d6b|rpc:10.1.0.59:37517|dataStream:|priority:1, 5cf1d98d-61cd-4f7c-aaf3-95502ed3bd06|rpc:10.1.0.59:41113|dataStream:|priority:0, 6a7d5deb-ea30-475f-9337-bf1860e839e5|rpc:10.1.0.59:35389|dataStream:|priority:0], old=null
2021-07-28 08:37:04,544 [pool-599-thread-1] INFO  server.RaftServer$Division (RaftServerImpl.java:setRole(285)) - 6a7d5deb-ea30-475f-9337-bf1860e839e5@group-1FD284F46611: changes role from      null to FOLLOWER at term 0 for startAsFollower
2021-07-28 08:37:04,544 [pool-599-thread-1] INFO  impl.RoleInfo (RoleInfo.java:updateAndGet(130)) - 6a7d5deb-ea30-475f-9337-bf1860e839e5: start 6a7d5deb-ea30-475f-9337-bf1860e839e5@group-1FD284F46611-FollowerState
2021-07-28 08:37:04,549 [pool-599-thread-1] INFO  util.JmxRegister (JmxRegister.java:tryRegister(44)) - Successfully registered JMX Bean with object name Ratis:service=RaftServer,group=group-1FD284F46611,id=6a7d5deb-ea30-475f-9337-bf1860e839e5
2021-07-28 08:37:04,553 [Command processor thread] INFO  commandhandler.CreatePipelineCommandHandler (CreatePipelineCommandHandler.java:handle(106)) - Created Pipeline RATIS THREE PipelineID=c77a0f1c-f150-4c9f-a45c-1fd284f46611.
2021-07-28 08:37:04,628 [Command processor thread] INFO  server.RaftServer (RaftServerProxy.java:addNew(95)) - 6a7d5deb-ea30-475f-9337-bf1860e839e5: addNew group-573C9320BA89:[6a7d5deb-ea30-475f-9337-bf1860e839e5|rpc:10.1.0.59:35389|priority:1] returns group-573C9320BA89:java.util.concurrent.CompletableFuture@347832de[Not completed]
2021-07-28 08:37:04,629 [pool-599-thread-1] INFO  server.RaftServer$Division (RaftServerImpl.java:<init>(181)) - 6a7d5deb-ea30-475f-9337-bf1860e839e5: new RaftServerImpl for group-573C9320BA89:[6a7d5deb-ea30-475f-9337-bf1860e839e5|rpc:10.1.0.59:35389|priority:1] with ContainerStateMachine:uninitialized
2021-07-28 08:37:04,629 [pool-599-thread-1] INFO  server.RaftServerConfigKeys (ConfUtils.java:logGet(44)) - raft.server.rpc.timeout.min = 5s (custom)
2021-07-28 08:37:04,629 [pool-599-thread-1] INFO  server.RaftServerConfigKeys (ConfUtils.java:logGet(44)) - raft.server.rpc.timeout.max = 5200ms (custom)
2021-07-28 08:37:04,630 [pool-599-thread-1] INFO  server.RaftServerConfigKeys (ConfUtils.java:logGet(44)) - raft.server.rpc.sleep.time = 25ms (default)
2021-07-28 08:37:04,630 [pool-599-thread-1] INFO  server.RaftServerConfigKeys (ConfUtils.java:logGet(44)) - raft.server.rpc.slowness.timeout = 300000ms (custom)
2021-07-28 08:37:04,630 [pool-599-thread-1] INFO  server.RaftServerConfigKeys (ConfUtils.java:logGet(44)) - raft.server.leaderelection.leader.step-down.wait-time = 10s (default)
2021-07-28 08:37:04,630 [pool-599-thread-1] INFO  server.RaftServerConfigKeys (ConfUtils.java:logGet(44)) - raft.server.sleep.deviation.threshold = 300ms (default)
2021-07-28 08:37:04,630 [pool-599-thread-1] INFO  server.RaftServerConfigKeys (ConfUtils.java:logGet(44)) - raft.server.log.appender.install.snapshot.enabled = false (custom)
2021-07-28 08:37:04,630 [pool-599-thread-1] INFO  server.RaftServer$Division (ServerState.java:<init>(105)) - 6a7d5deb-ea30-475f-9337-bf1860e839e5@group-573C9320BA89: ConfigurationManager, init=-1: [6a7d5deb-ea30-475f-9337-bf1860e839e5|rpc:10.1.0.59:35389|priority:1], old=null, confs=<EMPTY_MAP>
2021-07-28 08:37:04,630 [pool-599-thread-1] INFO  server.RaftServerConfigKeys (ConfUtils.java:logGet(44)) - raft.server.storage.dir = [/home/runner/work/ozone/ozone/mnt/ozone/hadoop-ozone/integration-test/target/test-dir/MiniOzoneClusterImpl-7b7c0b8f-b3d8-4fbb-9550-cea541527f6c/datanode-4/data/ratis] (custom)
2021-07-28 08:37:04,630 [pool-599-thread-1] INFO  server.RaftServerConfigKeys (ConfUtils.java:logGet(44)) - raft.server.log.corruption.policy = EXCEPTION (default)
2021-07-28 08:37:04,630 [pool-599-thread-1] INFO  server.RaftServerConfigKeys (ConfUtils.java:logGet(44)) - raft.server.storage.free-space.min = 0MB (=0) (default)
2021-07-28 08:37:04,630 [pool-599-thread-1] INFO  storage.RaftStorageDirectory (RaftStorageDirectoryImpl.java:analyzeStorage(135)) - The storage directory /home/runner/work/ozone/ozone/mnt/ozone/hadoop-ozone/integration-test/target/test-dir/MiniOzoneClusterImpl-7b7c0b8f-b3d8-4fbb-9550-cea541527f6c/datanode-4/data/ratis/66d91f13-69f7-44ce-acd2-573c9320ba89 does not exist. Creating ...
2021-07-28 08:37:04,631 [pool-599-thread-1] INFO  storage.RaftStorageDirectory (RaftStorageDirectoryImpl.java:tryLock(230)) - Lock on /home/runner/work/ozone/ozone/mnt/ozone/hadoop-ozone/integration-test/target/test-dir/MiniOzoneClusterImpl-7b7c0b8f-b3d8-4fbb-9550-cea541527f6c/datanode-4/data/ratis/66d91f13-69f7-44ce-acd2-573c9320ba89/in_use.lock acquired by nodename 1859@fv-az122-844
2021-07-28 08:37:04,633 [pool-599-thread-1] INFO  storage.RaftStorage (RaftStorageImpl.java:format(89)) - Storage directory /home/runner/work/ozone/ozone/mnt/ozone/hadoop-ozone/integration-test/target/test-dir/MiniOzoneClusterImpl-7b7c0b8f-b3d8-4fbb-9550-cea541527f6c/datanode-4/data/ratis/66d91f13-69f7-44ce-acd2-573c9320ba89 has been successfully formatted.
2021-07-28 08:37:04,633 [Datanode State Machine Thread - 0] WARN  statemachine.StateContext (StateContext.java:execute(621)) - No available thread in pool for past 1 seconds.
2021-07-28 08:37:04,634 [pool-599-thread-1] INFO  ratis.ContainerStateMachine (ContainerStateMachine.java:loadSnapshot(223)) - group-573C9320BA89: The snapshot info is null. Setting the last applied indexto:(t:0, i:~)
2021-07-28 08:37:04,634 [pool-599-thread-1] INFO  server.RaftServerConfigKeys (ConfUtils.java:logGet(44)) - raft.server.notification.no-leader.timeout = 300000ms (custom)
2021-07-28 08:37:04,634 [EventQueue-PipelineReportForPipelineReportHandler] INFO  pipeline.PipelineManagerV2Impl (PipelineManagerV2Impl.java:openPipeline(283)) - Pipeline Pipeline[ Id: 66d91f13-69f7-44ce-acd2-573c9320ba89, Nodes: 6a7d5deb-ea30-475f-9337-bf1860e839e5{ip: 10.1.0.59, host: fv-az122-844.zf1tlrj3kn4expqppa1j4mpycf.xx.internal.cloudapp.net, ports: [REPLICATION=44039, RATIS=35389, RATIS_ADMIN=35389, RATIS_SERVER=35389, STANDALONE=35877], networkLocation: /default-rack, certSerialId: null, persistedOpState: IN_SERVICE, persistedOpStateExpiryEpochSec: 0}, ReplicationConfig: RATIS/ONE, State:ALLOCATED, leaderId:6a7d5deb-ea30-475f-9337-bf1860e839e5, CreationTimestamp2021-07-28T08:37:01.631Z[Etc/UTC]] moved to OPEN state
2021-07-28 08:37:04,635 [EventQueue-OpenPipelineForHealthyPipelineSafeModeRule] INFO  safemode.SCMSafeModeManager (HealthyPipelineSafeModeRule.java:process(124)) - SCM in safe mode. Healthy pipelines reported count is 0, required healthy pipeline reported count is 1
2021-07-28 08:37:04,635 [pool-599-thread-1] INFO  server.RaftServerConfigKeys (ConfUtils.java:logGet(44)) - raft.server.log.use.memory = false (default)
2021-07-28 08:37:04,635 [pool-599-thread-1] INFO  server.RaftServerConfigKeys (ConfUtils.java:logGet(44)) - raft.server.log.purge.gap = 1000000 (custom)
2021-07-28 08:37:04,635 [pool-599-thread-1] INFO  server.RaftServerConfigKeys (ConfUtils.java:logGet(44)) - raft.server.log.appender.buffer.byte-limit = 33554432 (custom)
2021-07-28 08:37:04,635 [pool-599-thread-1] INFO  server.RaftServerConfigKeys (ConfUtils.java:logGet(44)) - raft.server.log.segment.size.max = 1048576 (custom)
2021-07-28 08:37:04,636 [pool-599-thread-1] INFO  server.RaftServerConfigKeys (ConfUtils.java:logGet(44)) - raft.server.log.segment.cache.num.max = 2 (custom)
2021-07-28 08:37:04,636 [pool-599-thread-1] INFO  server.RaftServerConfigKeys (ConfUtils.java:logGet(44)) - raft.server.log.segment.cache.size.max = 200MB (=209715200) (default)
2021-07-28 08:37:04,636 [pool-599-thread-1] INFO  segmented.SegmentedRaftLogWorker (SegmentedRaftLogWorker.java:<init>(182)) - new 6a7d5deb-ea30-475f-9337-bf1860e839e5@group-573C9320BA89-SegmentedRaftLogWorker for RaftStorageImpl:Storage Directory /home/runner/work/ozone/ozone/mnt/ozone/hadoop-ozone/integration-test/target/test-dir/MiniOzoneClusterImpl-7b7c0b8f-b3d8-4fbb-9550-cea541527f6c/datanode-4/data/ratis/66d91f13-69f7-44ce-acd2-573c9320ba89
2021-07-28 08:37:04,636 [pool-599-thread-1] INFO  server.RaftServerConfigKeys (ConfUtils.java:logGet(44)) - raft.server.log.queue.byte-limit = 2147483647 (custom)
2021-07-28 08:37:04,636 [pool-599-thread-1] INFO  server.RaftServerConfigKeys (ConfUtils.java:logGet(44)) - raft.server.log.queue.element-limit = 1024 (custom)
2021-07-28 08:37:04,637 [pool-599-thread-1] INFO  server.RaftServerConfigKeys (ConfUtils.java:logGet(44)) - raft.server.log.segment.size.max = 1048576 (custom)
2021-07-28 08:37:04,637 [pool-599-thread-1] INFO  server.RaftServerConfigKeys (ConfUtils.java:logGet(44)) - raft.server.log.preallocated.size = 16384 (custom)
2021-07-28 08:37:04,637 [pool-599-thread-1] INFO  server.RaftServerConfigKeys (ConfUtils.java:logGet(44)) - raft.server.log.force.sync.num = 128 (default)
2021-07-28 08:37:04,637 [pool-599-thread-1] INFO  server.RaftServerConfigKeys (ConfUtils.java:logGet(44)) - raft.server.log.statemachine.data.sync = true (default)
2021-07-28 08:37:04,637 [pool-599-thread-1] INFO  server.RaftServerConfigKeys (ConfUtils.java:logGet(44)) - raft.server.log.statemachine.data.sync.timeout = 10s (default)
2021-07-28 08:37:04,637 [pool-599-thread-1] INFO  server.RaftServerConfigKeys (ConfUtils.java:logGet(44)) - raft.server.log.statemachine.data.sync.timeout.retry = -1 (default)
2021-07-28 08:37:04,638 [pool-599-thread-1] INFO  server.RaftServerConfigKeys (ConfUtils.java:logGet(44)) - raft.server.log.write.buffer.size = 1048576 (custom)
2021-07-28 08:37:04,640 [pool-599-thread-1] INFO  server.RaftServerConfigKeys (ConfUtils.java:logGet(44)) - raft.server.log.statemachine.data.caching.enabled = true (custom)
2021-07-28 08:37:04,640 [pool-599-thread-1] INFO  segmented.SegmentedRaftLogWorker (SegmentedRaftLogWorker.java:lambda$new$0(133)) - 6a7d5deb-ea30-475f-9337-bf1860e839e5@group-573C9320BA89-SegmentedRaftLogWorker: flushIndex: setUnconditionally 0 -> -1
2021-07-28 08:37:04,640 [pool-599-thread-1] INFO  segmented.SegmentedRaftLogWorker (SegmentedRaftLogWorker.java:lambda$new$0(133)) - 6a7d5deb-ea30-475f-9337-bf1860e839e5@group-573C9320BA89-SegmentedRaftLogWorker: safeCacheEvictIndex: setUnconditionally 0 -> -1
2021-07-28 08:37:04,641 [pool-599-thread-1] INFO  server.RaftServerConfigKeys (ConfUtils.java:logGet(44)) - raft.server.snapshot.auto.trigger.enabled = true (custom)
2021-07-28 08:37:04,641 [pool-599-thread-1] INFO  server.RaftServerConfigKeys (ConfUtils.java:logGet(44)) - raft.server.snapshot.auto.trigger.threshold = 10000 (custom)
2021-07-28 08:37:04,641 [pool-599-thread-1] INFO  server.RaftServerConfigKeys (ConfUtils.java:logGet(44)) - raft.server.snapshot.retention.file.num = 5 (custom)
2021-07-28 08:37:04,641 [pool-599-thread-1] INFO  server.RaftServerConfigKeys (ConfUtils.java:logGet(44)) - raft.server.log.purge.upto.snapshot.index = false (default)
2021-07-28 08:37:04,641 [pool-599-thread-1] INFO  server.RaftServerConfigKeys (ConfUtils.java:logGet(44)) - raft.server.retrycache.expirytime = 600000ms (custom)
2021-07-28 08:37:04,641 [pool-599-thread-1] INFO  server.RaftServerConfigKeys (ConfUtils.java:logGet(44)) - raft.server.retrycache.statistics.expirytime = 100μs (default)
2021-07-28 08:37:04,643 [pool-599-thread-1] INFO  server.RaftServer$Division (RaftServerImpl.java:start(296)) - 6a7d5deb-ea30-475f-9337-bf1860e839e5@group-573C9320BA89: start as a follower, conf=-1: [6a7d5deb-ea30-475f-9337-bf1860e839e5|rpc:10.1.0.59:35389|priority:1], old=null
2021-07-28 08:37:04,643 [pool-599-thread-1] INFO  server.RaftServer$Division (RaftServerImpl.java:setRole(285)) - 6a7d5deb-ea30-475f-9337-bf1860e839e5@group-573C9320BA89: changes role from      null to FOLLOWER at term 0 for startAsFollower
2021-07-28 08:37:04,643 [pool-599-thread-1] INFO  impl.RoleInfo (RoleInfo.java:updateAndGet(130)) - 6a7d5deb-ea30-475f-9337-bf1860e839e5: start 6a7d5deb-ea30-475f-9337-bf1860e839e5@group-573C9320BA89-FollowerState
2021-07-28 08:37:04,644 [pool-599-thread-1] INFO  util.JmxRegister (JmxRegister.java:tryRegister(44)) - Successfully registered JMX Bean with object name Ratis:service=RaftServer,group=group-573C9320BA89,id=6a7d5deb-ea30-475f-9337-bf1860e839e5
2021-07-28 08:37:04,644 [Command processor thread] INFO  ratis.XceiverServerRatis (XceiverServerRatis.java:addGroup(759)) - Created group PipelineID=66d91f13-69f7-44ce-acd2-573c9320ba89
2021-07-28 08:37:04,645 [Command processor thread] INFO  commandhandler.CreatePipelineCommandHandler (CreatePipelineCommandHandler.java:handle(106)) - Created Pipeline RATIS ONE PipelineID=66d91f13-69f7-44ce-acd2-573c9320ba89.
2021-07-28 08:37:04,824 [Command processor thread] INFO  server.RaftServer (RaftServerProxy.java:addNew(95)) - 5cf1d98d-61cd-4f7c-aaf3-95502ed3bd06: addNew group-1E774C15F362:[5cf1d98d-61cd-4f7c-aaf3-95502ed3bd06|rpc:10.1.0.59:41113|priority:1] returns group-1E774C15F362:java.util.concurrent.CompletableFuture@1f566fe5[Not completed]
2021-07-28 08:37:04,825 [pool-617-thread-1] INFO  server.RaftServer$Division (RaftServerImpl.java:<init>(181)) - 5cf1d98d-61cd-4f7c-aaf3-95502ed3bd06: new RaftServerImpl for group-1E774C15F362:[5cf1d98d-61cd-4f7c-aaf3-95502ed3bd06|rpc:10.1.0.59:41113|priority:1] with ContainerStateMachine:uninitialized
2021-07-28 08:37:04,825 [pool-617-thread-1] INFO  server.RaftServerConfigKeys (ConfUtils.java:logGet(44)) - raft.server.rpc.timeout.min = 5s (custom)
2021-07-28 08:37:04,825 [pool-617-thread-1] INFO  server.RaftServerConfigKeys (ConfUtils.java:logGet(44)) - raft.server.rpc.timeout.max = 5200ms (custom)
2021-07-28 08:37:04,825 [pool-617-thread-1] INFO  server.RaftServerConfigKeys (ConfUtils.java:logGet(44)) - raft.server.rpc.sleep.time = 25ms (default)
2021-07-28 08:37:04,825 [pool-617-thread-1] INFO  server.RaftServerConfigKeys (ConfUtils.java:logGet(44)) - raft.server.rpc.slowness.timeout = 300000ms (custom)
2021-07-28 08:37:04,825 [pool-617-thread-1] INFO  server.RaftServerConfigKeys (ConfUtils.java:logGet(44)) - raft.server.leaderelection.leader.step-down.wait-time = 10s (default)
2021-07-28 08:37:04,825 [pool-617-thread-1] INFO  server.RaftServerConfigKeys (ConfUtils.java:logGet(44)) - raft.server.sleep.deviation.threshold = 300ms (default)
2021-07-28 08:37:04,825 [pool-617-thread-1] INFO  server.RaftServerConfigKeys (ConfUtils.java:logGet(44)) - raft.server.log.appender.install.snapshot.enabled = false (custom)
2021-07-28 08:37:04,825 [pool-617-thread-1] INFO  server.RaftServer$Division (ServerState.java:<init>(105)) - 5cf1d98d-61cd-4f7c-aaf3-95502ed3bd06@group-1E774C15F362: ConfigurationManager, init=-1: [5cf1d98d-61cd-4f7c-aaf3-95502ed3bd06|rpc:10.1.0.59:41113|priority:1], old=null, confs=<EMPTY_MAP>
2021-07-28 08:37:04,825 [pool-617-thread-1] INFO  server.RaftServerConfigKeys (ConfUtils.java:logGet(44)) - raft.server.storage.dir = [/home/runner/work/ozone/ozone/mnt/ozone/hadoop-ozone/integration-test/target/test-dir/MiniOzoneClusterImpl-7b7c0b8f-b3d8-4fbb-9550-cea541527f6c/datanode-5/data/ratis] (custom)
2021-07-28 08:37:04,826 [pool-617-thread-1] INFO  server.RaftServerConfigKeys (ConfUtils.java:logGet(44)) - raft.server.log.corruption.policy = EXCEPTION (default)
2021-07-28 08:37:04,826 [pool-617-thread-1] INFO  server.RaftServerConfigKeys (ConfUtils.java:logGet(44)) - raft.server.storage.free-space.min = 0MB (=0) (default)
2021-07-28 08:37:04,826 [pool-617-thread-1] INFO  storage.RaftStorageDirectory (RaftStorageDirectoryImpl.java:analyzeStorage(135)) - The storage directory /home/runner/work/ozone/ozone/mnt/ozone/hadoop-ozone/integration-test/target/test-dir/MiniOzoneClusterImpl-7b7c0b8f-b3d8-4fbb-9550-cea541527f6c/datanode-5/data/ratis/94bc9abb-7272-403a-ab5d-1e774c15f362 does not exist. Creating ...
2021-07-28 08:37:04,827 [pool-617-thread-1] INFO  storage.RaftStorageDirectory (RaftStorageDirectoryImpl.java:tryLock(230)) - Lock on /home/runner/work/ozone/ozone/mnt/ozone/hadoop-ozone/integration-test/target/test-dir/MiniOzoneClusterImpl-7b7c0b8f-b3d8-4fbb-9550-cea541527f6c/datanode-5/data/ratis/94bc9abb-7272-403a-ab5d-1e774c15f362/in_use.lock acquired by nodename 1859@fv-az122-844
2021-07-28 08:37:04,828 [pool-617-thread-1] INFO  storage.RaftStorage (RaftStorageImpl.java:format(89)) - Storage directory /home/runner/work/ozone/ozone/mnt/ozone/hadoop-ozone/integration-test/target/test-dir/MiniOzoneClusterImpl-7b7c0b8f-b3d8-4fbb-9550-cea541527f6c/datanode-5/data/ratis/94bc9abb-7272-403a-ab5d-1e774c15f362 has been successfully formatted.
2021-07-28 08:37:04,829 [pool-617-thread-1] INFO  ratis.ContainerStateMachine (ContainerStateMachine.java:loadSnapshot(223)) - group-1E774C15F362: The snapshot info is null. Setting the last applied indexto:(t:0, i:~)
2021-07-28 08:37:04,829 [Datanode State Machine Thread - 0] WARN  statemachine.StateContext (StateContext.java:execute(621)) - No available thread in pool for past 1 seconds.
2021-07-28 08:37:04,829 [pool-617-thread-1] INFO  server.RaftServerConfigKeys (ConfUtils.java:logGet(44)) - raft.server.notification.no-leader.timeout = 300000ms (custom)
2021-07-28 08:37:04,829 [pool-617-thread-1] INFO  server.RaftServerConfigKeys (ConfUtils.java:logGet(44)) - raft.server.log.use.memory = false (default)
2021-07-28 08:37:04,829 [pool-617-thread-1] INFO  server.RaftServerConfigKeys (ConfUtils.java:logGet(44)) - raft.server.log.purge.gap = 1000000 (custom)
2021-07-28 08:37:04,829 [pool-617-thread-1] INFO  server.RaftServerConfigKeys (ConfUtils.java:logGet(44)) - raft.server.log.appender.buffer.byte-limit = 33554432 (custom)
2021-07-28 08:37:04,829 [pool-617-thread-1] INFO  server.RaftServerConfigKeys (ConfUtils.java:logGet(44)) - raft.server.log.segment.size.max = 1048576 (custom)
2021-07-28 08:37:04,830 [EventQueue-PipelineReportForPipelineReportHandler] INFO  pipeline.PipelineManagerV2Impl (PipelineManagerV2Impl.java:openPipeline(283)) - Pipeline Pipeline[ Id: 94bc9abb-7272-403a-ab5d-1e774c15f362, Nodes: 5cf1d98d-61cd-4f7c-aaf3-95502ed3bd06{ip: 10.1.0.59, host: fv-az122-844.zf1tlrj3kn4expqppa1j4mpycf.xx.internal.cloudapp.net, ports: [REPLICATION=43367, RATIS=41113, RATIS_ADMIN=41113, RATIS_SERVER=41113, STANDALONE=43799], networkLocation: /default-rack, certSerialId: null, persistedOpState: IN_SERVICE, persistedOpStateExpiryEpochSec: 0}, ReplicationConfig: RATIS/ONE, State:ALLOCATED, leaderId:5cf1d98d-61cd-4f7c-aaf3-95502ed3bd06, CreationTimestamp2021-07-28T08:37:01.826Z[Etc/UTC]] moved to OPEN state
2021-07-28 08:37:04,830 [pool-617-thread-1] INFO  server.RaftServerConfigKeys (ConfUtils.java:logGet(44)) - raft.server.log.segment.cache.num.max = 2 (custom)
2021-07-28 08:37:04,830 [pool-617-thread-1] INFO  server.RaftServerConfigKeys (ConfUtils.java:logGet(44)) - raft.server.log.segment.cache.size.max = 200MB (=209715200) (default)
2021-07-28 08:37:04,830 [pool-617-thread-1] INFO  segmented.SegmentedRaftLogWorker (SegmentedRaftLogWorker.java:<init>(182)) - new 5cf1d98d-61cd-4f7c-aaf3-95502ed3bd06@group-1E774C15F362-SegmentedRaftLogWorker for RaftStorageImpl:Storage Directory /home/runner/work/ozone/ozone/mnt/ozone/hadoop-ozone/integration-test/target/test-dir/MiniOzoneClusterImpl-7b7c0b8f-b3d8-4fbb-9550-cea541527f6c/datanode-5/data/ratis/94bc9abb-7272-403a-ab5d-1e774c15f362
2021-07-28 08:37:04,830 [EventQueue-OpenPipelineForHealthyPipelineSafeModeRule] INFO  safemode.SCMSafeModeManager (HealthyPipelineSafeModeRule.java:process(124)) - SCM in safe mode. Healthy pipelines reported count is 0, required healthy pipeline reported count is 1
2021-07-28 08:37:04,830 [pool-617-thread-1] INFO  server.RaftServerConfigKeys (ConfUtils.java:logGet(44)) - raft.server.log.queue.byte-limit = 2147483647 (custom)
2021-07-28 08:37:04,830 [pool-617-thread-1] INFO  server.RaftServerConfigKeys (ConfUtils.java:logGet(44)) - raft.server.log.queue.element-limit = 1024 (custom)
2021-07-28 08:37:04,830 [pool-617-thread-1] INFO  server.RaftServerConfigKeys (ConfUtils.java:logGet(44)) - raft.server.log.segment.size.max = 1048576 (custom)
2021-07-28 08:37:04,831 [pool-617-thread-1] INFO  server.RaftServerConfigKeys (ConfUtils.java:logGet(44)) - raft.server.log.preallocated.size = 16384 (custom)
2021-07-28 08:37:04,831 [pool-617-thread-1] INFO  server.RaftServerConfigKeys (ConfUtils.java:logGet(44)) - raft.server.log.force.sync.num = 128 (default)
2021-07-28 08:37:04,831 [pool-617-thread-1] INFO  server.RaftServerConfigKeys (ConfUtils.java:logGet(44)) - raft.server.log.statemachine.data.sync = true (default)
2021-07-28 08:37:04,831 [pool-617-thread-1] INFO  server.RaftServerConfigKeys (ConfUtils.java:logGet(44)) - raft.server.log.statemachine.data.sync.timeout = 10s (default)
2021-07-28 08:37:04,831 [pool-617-thread-1] INFO  server.RaftServerConfigKeys (ConfUtils.java:logGet(44)) - raft.server.log.statemachine.data.sync.timeout.retry = -1 (default)
2021-07-28 08:37:04,832 [pool-617-thread-1] INFO  server.RaftServerConfigKeys (ConfUtils.java:logGet(44)) - raft.server.log.write.buffer.size = 1048576 (custom)
2021-07-28 08:37:04,833 [pool-617-thread-1] INFO  server.RaftServerConfigKeys (ConfUtils.java:logGet(44)) - raft.server.log.statemachine.data.caching.enabled = true (custom)
2021-07-28 08:37:04,833 [pool-617-thread-1] INFO  segmented.SegmentedRaftLogWorker (SegmentedRaftLogWorker.java:lambda$new$0(133)) - 5cf1d98d-61cd-4f7c-aaf3-95502ed3bd06@group-1E774C15F362-SegmentedRaftLogWorker: flushIndex: setUnconditionally 0 -> -1
2021-07-28 08:37:04,833 [pool-617-thread-1] INFO  segmented.SegmentedRaftLogWorker (SegmentedRaftLogWorker.java:lambda$new$0(133)) - 5cf1d98d-61cd-4f7c-aaf3-95502ed3bd06@group-1E774C15F362-SegmentedRaftLogWorker: safeCacheEvictIndex: setUnconditionally 0 -> -1
2021-07-28 08:37:04,836 [pool-617-thread-1] INFO  server.RaftServerConfigKeys (ConfUtils.java:logGet(44)) - raft.server.snapshot.auto.trigger.enabled = true (custom)
2021-07-28 08:37:04,837 [pool-617-thread-1] INFO  server.RaftServerConfigKeys (ConfUtils.java:logGet(44)) - raft.server.snapshot.auto.trigger.threshold = 10000 (custom)
2021-07-28 08:37:04,837 [pool-617-thread-1] INFO  server.RaftServerConfigKeys (ConfUtils.java:logGet(44)) - raft.server.snapshot.retention.file.num = 5 (custom)
2021-07-28 08:37:04,837 [pool-617-thread-1] INFO  server.RaftServerConfigKeys (ConfUtils.java:logGet(44)) - raft.server.log.purge.upto.snapshot.index = false (default)
2021-07-28 08:37:04,837 [pool-617-thread-1] INFO  server.RaftServerConfigKeys (ConfUtils.java:logGet(44)) - raft.server.retrycache.expirytime = 600000ms (custom)
2021-07-28 08:37:04,837 [pool-617-thread-1] INFO  server.RaftServerConfigKeys (ConfUtils.java:logGet(44)) - raft.server.retrycache.statistics.expirytime = 100μs (default)
2021-07-28 08:37:04,839 [pool-617-thread-1] INFO  server.RaftServer$Division (RaftServerImpl.java:start(296)) - 5cf1d98d-61cd-4f7c-aaf3-95502ed3bd06@group-1E774C15F362: start as a follower, conf=-1: [5cf1d98d-61cd-4f7c-aaf3-95502ed3bd06|rpc:10.1.0.59:41113|priority:1], old=null
2021-07-28 08:37:04,839 [pool-617-thread-1] INFO  server.RaftServer$Division (RaftServerImpl.java:setRole(285)) - 5cf1d98d-61cd-4f7c-aaf3-95502ed3bd06@group-1E774C15F362: changes role from      null to FOLLOWER at term 0 for startAsFollower
2021-07-28 08:37:04,839 [pool-617-thread-1] INFO  impl.RoleInfo (RoleInfo.java:updateAndGet(130)) - 5cf1d98d-61cd-4f7c-aaf3-95502ed3bd06: start 5cf1d98d-61cd-4f7c-aaf3-95502ed3bd06@group-1E774C15F362-FollowerState
2021-07-28 08:37:04,839 [pool-617-thread-1] INFO  util.JmxRegister (JmxRegister.java:tryRegister(44)) - Successfully registered JMX Bean with object name Ratis:service=RaftServer,group=group-1E774C15F362,id=5cf1d98d-61cd-4f7c-aaf3-95502ed3bd06
2021-07-28 08:37:04,840 [Command processor thread] INFO  ratis.XceiverServerRatis (XceiverServerRatis.java:addGroup(759)) - Created group PipelineID=94bc9abb-7272-403a-ab5d-1e774c15f362
2021-07-28 08:37:04,840 [Command processor thread] INFO  commandhandler.CreatePipelineCommandHandler (CreatePipelineCommandHandler.java:handle(106)) - Created Pipeline RATIS ONE PipelineID=94bc9abb-7272-403a-ab5d-1e774c15f362.
2021-07-28 08:37:05,013 [Command processor thread] INFO  server.RaftServer (RaftServerProxy.java:addNew(95)) - 954c2539-c430-4abc-b152-2157e37527ee: addNew group-6183A439E866:[954c2539-c430-4abc-b152-2157e37527ee|rpc:10.1.0.59:36295|priority:1] returns group-6183A439E866:java.util.concurrent.CompletableFuture@406d199e[Not completed]
2021-07-28 08:37:05,014 [pool-635-thread-1] INFO  server.RaftServer$Division (RaftServerImpl.java:<init>(181)) - 954c2539-c430-4abc-b152-2157e37527ee: new RaftServerImpl for group-6183A439E866:[954c2539-c430-4abc-b152-2157e37527ee|rpc:10.1.0.59:36295|priority:1] with ContainerStateMachine:uninitialized
2021-07-28 08:37:05,014 [pool-635-thread-1] INFO  server.RaftServerConfigKeys (ConfUtils.java:logGet(44)) - raft.server.rpc.timeout.min = 5s (custom)
2021-07-28 08:37:05,015 [pool-635-thread-1] INFO  server.RaftServerConfigKeys (ConfUtils.java:logGet(44)) - raft.server.rpc.timeout.max = 5200ms (custom)
2021-07-28 08:37:05,015 [pool-635-thread-1] INFO  server.RaftServerConfigKeys (ConfUtils.java:logGet(44)) - raft.server.rpc.sleep.time = 25ms (default)
2021-07-28 08:37:05,015 [pool-635-thread-1] INFO  server.RaftServerConfigKeys (ConfUtils.java:logGet(44)) - raft.server.rpc.slowness.timeout = 300000ms (custom)
2021-07-28 08:37:05,015 [pool-635-thread-1] INFO  server.RaftServerConfigKeys (ConfUtils.java:logGet(44)) - raft.server.leaderelection.leader.step-down.wait-time = 10s (default)
2021-07-28 08:37:05,015 [pool-635-thread-1] INFO  server.RaftServerConfigKeys (ConfUtils.java:logGet(44)) - raft.server.sleep.deviation.threshold = 300ms (default)
2021-07-28 08:37:05,015 [pool-635-thread-1] INFO  server.RaftServerConfigKeys (ConfUtils.java:logGet(44)) - raft.server.log.appender.install.snapshot.enabled = false (custom)
2021-07-28 08:37:05,015 [pool-635-thread-1] INFO  server.RaftServer$Division (ServerState.java:<init>(105)) - 954c2539-c430-4abc-b152-2157e37527ee@group-6183A439E866: ConfigurationManager, init=-1: [954c2539-c430-4abc-b152-2157e37527ee|rpc:10.1.0.59:36295|priority:1], old=null, confs=<EMPTY_MAP>
2021-07-28 08:37:05,015 [pool-635-thread-1] INFO  server.RaftServerConfigKeys (ConfUtils.java:logGet(44)) - raft.server.storage.dir = [/home/runner/work/ozone/ozone/mnt/ozone/hadoop-ozone/integration-test/target/test-dir/MiniOzoneClusterImpl-7b7c0b8f-b3d8-4fbb-9550-cea541527f6c/datanode-6/data/ratis] (custom)
2021-07-28 08:37:05,015 [pool-635-thread-1] INFO  server.RaftServerConfigKeys (ConfUtils.java:logGet(44)) - raft.server.log.corruption.policy = EXCEPTION (default)
2021-07-28 08:37:05,015 [pool-635-thread-1] INFO  server.RaftServerConfigKeys (ConfUtils.java:logGet(44)) - raft.server.storage.free-space.min = 0MB (=0) (default)
2021-07-28 08:37:05,015 [pool-635-thread-1] INFO  storage.RaftStorageDirectory (RaftStorageDirectoryImpl.java:analyzeStorage(135)) - The storage directory /home/runner/work/ozone/ozone/mnt/ozone/hadoop-ozone/integration-test/target/test-dir/MiniOzoneClusterImpl-7b7c0b8f-b3d8-4fbb-9550-cea541527f6c/datanode-6/data/ratis/a78b0723-9a9c-4ecf-8d5c-6183a439e866 does not exist. Creating ...
2021-07-28 08:37:05,017 [pool-635-thread-1] INFO  storage.RaftStorageDirectory (RaftStorageDirectoryImpl.java:tryLock(230)) - Lock on /home/runner/work/ozone/ozone/mnt/ozone/hadoop-ozone/integration-test/target/test-dir/MiniOzoneClusterImpl-7b7c0b8f-b3d8-4fbb-9550-cea541527f6c/datanode-6/data/ratis/a78b0723-9a9c-4ecf-8d5c-6183a439e866/in_use.lock acquired by nodename 1859@fv-az122-844
2021-07-28 08:37:05,018 [pool-635-thread-1] INFO  storage.RaftStorage (RaftStorageImpl.java:format(89)) - Storage directory /home/runner/work/ozone/ozone/mnt/ozone/hadoop-ozone/integration-test/target/test-dir/MiniOzoneClusterImpl-7b7c0b8f-b3d8-4fbb-9550-cea541527f6c/datanode-6/data/ratis/a78b0723-9a9c-4ecf-8d5c-6183a439e866 has been successfully formatted.
2021-07-28 08:37:05,021 [pool-635-thread-1] INFO  ratis.ContainerStateMachine (ContainerStateMachine.java:loadSnapshot(223)) - group-6183A439E866: The snapshot info is null. Setting the last applied indexto:(t:0, i:~)
2021-07-28 08:37:05,021 [pool-635-thread-1] INFO  server.RaftServerConfigKeys (ConfUtils.java:logGet(44)) - raft.server.notification.no-leader.timeout = 300000ms (custom)
2021-07-28 08:37:05,021 [pool-635-thread-1] INFO  server.RaftServerConfigKeys (ConfUtils.java:logGet(44)) - raft.server.log.use.memory = false (default)
2021-07-28 08:37:05,021 [pool-635-thread-1] INFO  server.RaftServerConfigKeys (ConfUtils.java:logGet(44)) - raft.server.log.purge.gap = 1000000 (custom)
2021-07-28 08:37:05,021 [pool-635-thread-1] INFO  server.RaftServerConfigKeys (ConfUtils.java:logGet(44)) - raft.server.log.appender.buffer.byte-limit = 33554432 (custom)
2021-07-28 08:37:05,021 [pool-635-thread-1] INFO  server.RaftServerConfigKeys (ConfUtils.java:logGet(44)) - raft.server.log.segment.size.max = 1048576 (custom)
2021-07-28 08:37:05,022 [EventQueue-PipelineReportForPipelineReportHandler] INFO  pipeline.PipelineManagerV2Impl (PipelineManagerV2Impl.java:openPipeline(283)) - Pipeline Pipeline[ Id: a78b0723-9a9c-4ecf-8d5c-6183a439e866, Nodes: 954c2539-c430-4abc-b152-2157e37527ee{ip: 10.1.0.59, host: fv-az122-844.zf1tlrj3kn4expqppa1j4mpycf.xx.internal.cloudapp.net, ports: [REPLICATION=38475, RATIS=36295, RATIS_ADMIN=36295, RATIS_SERVER=36295, STANDALONE=33707], networkLocation: /default-rack, certSerialId: null, persistedOpState: IN_SERVICE, persistedOpStateExpiryEpochSec: 0}, ReplicationConfig: RATIS/ONE, State:ALLOCATED, leaderId:954c2539-c430-4abc-b152-2157e37527ee, CreationTimestamp2021-07-28T08:37:02.015Z[Etc/UTC]] moved to OPEN state
2021-07-28 08:37:05,022 [pool-635-thread-1] INFO  server.RaftServerConfigKeys (ConfUtils.java:logGet(44)) - raft.server.log.segment.cache.num.max = 2 (custom)
2021-07-28 08:37:05,022 [pool-635-thread-1] INFO  server.RaftServerConfigKeys (ConfUtils.java:logGet(44)) - raft.server.log.segment.cache.size.max = 200MB (=209715200) (default)
2021-07-28 08:37:05,022 [pool-635-thread-1] INFO  segmented.SegmentedRaftLogWorker (SegmentedRaftLogWorker.java:<init>(182)) - new 954c2539-c430-4abc-b152-2157e37527ee@group-6183A439E866-SegmentedRaftLogWorker for RaftStorageImpl:Storage Directory /home/runner/work/ozone/ozone/mnt/ozone/hadoop-ozone/integration-test/target/test-dir/MiniOzoneClusterImpl-7b7c0b8f-b3d8-4fbb-9550-cea541527f6c/datanode-6/data/ratis/a78b0723-9a9c-4ecf-8d5c-6183a439e866
2021-07-28 08:37:05,022 [EventQueue-OpenPipelineForHealthyPipelineSafeModeRule] INFO  safemode.SCMSafeModeManager (HealthyPipelineSafeModeRule.java:process(124)) - SCM in safe mode. Healthy pipelines reported count is 0, required healthy pipeline reported count is 1
2021-07-28 08:37:05,022 [pool-635-thread-1] INFO  server.RaftServerConfigKeys (ConfUtils.java:logGet(44)) - raft.server.log.queue.byte-limit = 2147483647 (custom)
2021-07-28 08:37:05,023 [pool-635-thread-1] INFO  server.RaftServerConfigKeys (ConfUtils.java:logGet(44)) - raft.server.log.queue.element-limit = 1024 (custom)
2021-07-28 08:37:05,023 [pool-635-thread-1] INFO  server.RaftServerConfigKeys (ConfUtils.java:logGet(44)) - raft.server.log.segment.size.max = 1048576 (custom)
2021-07-28 08:37:05,023 [pool-635-thread-1] INFO  server.RaftServerConfigKeys (ConfUtils.java:logGet(44)) - raft.server.log.preallocated.size = 16384 (custom)
2021-07-28 08:37:05,023 [pool-635-thread-1] INFO  server.RaftServerConfigKeys (ConfUtils.java:logGet(44)) - raft.server.log.force.sync.num = 128 (default)
2021-07-28 08:37:05,023 [pool-635-thread-1] INFO  server.RaftServerConfigKeys (ConfUtils.java:logGet(44)) - raft.server.log.statemachine.data.sync = true (default)
2021-07-28 08:37:05,024 [pool-635-thread-1] INFO  server.RaftServerConfigKeys (ConfUtils.java:logGet(44)) - raft.server.log.statemachine.data.sync.timeout = 10s (default)
2021-07-28 08:37:05,024 [pool-635-thread-1] INFO  server.RaftServerConfigKeys (ConfUtils.java:logGet(44)) - raft.server.log.statemachine.data.sync.timeout.retry = -1 (default)
2021-07-28 08:37:05,025 [pool-635-thread-1] INFO  server.RaftServerConfigKeys (ConfUtils.java:logGet(44)) - raft.server.log.write.buffer.size = 1048576 (custom)
2021-07-28 08:37:05,026 [pool-635-thread-1] INFO  server.RaftServerConfigKeys (ConfUtils.java:logGet(44)) - raft.server.log.statemachine.data.caching.enabled = true (custom)
2021-07-28 08:37:05,026 [pool-635-thread-1] INFO  segmented.SegmentedRaftLogWorker (SegmentedRaftLogWorker.java:lambda$new$0(133)) - 954c2539-c430-4abc-b152-2157e37527ee@group-6183A439E866-SegmentedRaftLogWorker: flushIndex: setUnconditionally 0 -> -1
2021-07-28 08:37:05,026 [pool-635-thread-1] INFO  segmented.SegmentedRaftLogWorker (SegmentedRaftLogWorker.java:lambda$new$0(133)) - 954c2539-c430-4abc-b152-2157e37527ee@group-6183A439E866-SegmentedRaftLogWorker: safeCacheEvictIndex: setUnconditionally 0 -> -1
2021-07-28 08:37:05,026 [pool-635-thread-1] INFO  server.RaftServerConfigKeys (ConfUtils.java:logGet(44)) - raft.server.snapshot.auto.trigger.enabled = true (custom)
2021-07-28 08:37:05,026 [pool-635-thread-1] INFO  server.RaftServerConfigKeys (ConfUtils.java:logGet(44)) - raft.server.snapshot.auto.trigger.threshold = 10000 (custom)
2021-07-28 08:37:05,026 [pool-635-thread-1] INFO  server.RaftServerConfigKeys (ConfUtils.java:logGet(44)) - raft.server.snapshot.retention.file.num = 5 (custom)
2021-07-28 08:37:05,026 [pool-635-thread-1] INFO  server.RaftServerConfigKeys (ConfUtils.java:logGet(44)) - raft.server.log.purge.upto.snapshot.index = false (default)
2021-07-28 08:37:05,026 [pool-635-thread-1] INFO  server.RaftServerConfigKeys (ConfUtils.java:logGet(44)) - raft.server.retrycache.expirytime = 600000ms (custom)
2021-07-28 08:37:05,026 [pool-635-thread-1] INFO  server.RaftServerConfigKeys (ConfUtils.java:logGet(44)) - raft.server.retrycache.statistics.expirytime = 100μs (default)
2021-07-28 08:37:05,028 [pool-635-thread-1] INFO  server.RaftServer$Division (RaftServerImpl.java:start(296)) - 954c2539-c430-4abc-b152-2157e37527ee@group-6183A439E866: start as a follower, conf=-1: [954c2539-c430-4abc-b152-2157e37527ee|rpc:10.1.0.59:36295|priority:1], old=null
2021-07-28 08:37:05,028 [pool-635-thread-1] INFO  server.RaftServer$Division (RaftServerImpl.java:setRole(285)) - 954c2539-c430-4abc-b152-2157e37527ee@group-6183A439E866: changes role from      null to FOLLOWER at term 0 for startAsFollower
2021-07-28 08:37:05,028 [pool-635-thread-1] INFO  impl.RoleInfo (RoleInfo.java:updateAndGet(130)) - 954c2539-c430-4abc-b152-2157e37527ee: start 954c2539-c430-4abc-b152-2157e37527ee@group-6183A439E866-FollowerState
2021-07-28 08:37:05,029 [pool-635-thread-1] INFO  util.JmxRegister (JmxRegister.java:tryRegister(44)) - Successfully registered JMX Bean with object name Ratis:service=RaftServer,group=group-6183A439E866,id=954c2539-c430-4abc-b152-2157e37527ee
2021-07-28 08:37:05,030 [Command processor thread] INFO  ratis.XceiverServerRatis (XceiverServerRatis.java:addGroup(759)) - Created group PipelineID=a78b0723-9a9c-4ecf-8d5c-6183a439e866
2021-07-28 08:37:05,030 [Command processor thread] INFO  commandhandler.CreatePipelineCommandHandler (CreatePipelineCommandHandler.java:handle(106)) - Created Pipeline RATIS ONE PipelineID=a78b0723-9a9c-4ecf-8d5c-6183a439e866.
2021-07-28 08:37:05,030 [Command processor thread] INFO  server.RaftServer (RaftServerProxy.java:addNew(95)) - 954c2539-c430-4abc-b152-2157e37527ee: addNew group-D95E40A13D84:[954c2539-c430-4abc-b152-2157e37527ee|rpc:10.1.0.59:36295|priority:1, 5adaab23-8dc1-4fdb-be6f-dc28f4219fad|rpc:10.1.0.59:40175|priority:0, 81ffaf6e-1a0b-4e8d-b763-a17fba998bf8|rpc:10.1.0.59:40745|priority:0] returns group-D95E40A13D84:java.util.concurrent.CompletableFuture@4452854b[Not completed]
2021-07-28 08:37:05,031 [pool-635-thread-1] INFO  server.RaftServer$Division (RaftServerImpl.java:<init>(181)) - 954c2539-c430-4abc-b152-2157e37527ee: new RaftServerImpl for group-D95E40A13D84:[954c2539-c430-4abc-b152-2157e37527ee|rpc:10.1.0.59:36295|priority:1, 5adaab23-8dc1-4fdb-be6f-dc28f4219fad|rpc:10.1.0.59:40175|priority:0, 81ffaf6e-1a0b-4e8d-b763-a17fba998bf8|rpc:10.1.0.59:40745|priority:0] with ContainerStateMachine:uninitialized
2021-07-28 08:37:05,031 [pool-635-thread-1] INFO  server.RaftServerConfigKeys (ConfUtils.java:logGet(44)) - raft.server.rpc.timeout.min = 5s (custom)
2021-07-28 08:37:05,031 [pool-635-thread-1] INFO  server.RaftServerConfigKeys (ConfUtils.java:logGet(44)) - raft.server.rpc.timeout.max = 5200ms (custom)
2021-07-28 08:37:05,031 [pool-635-thread-1] INFO  server.RaftServerConfigKeys (ConfUtils.java:logGet(44)) - raft.server.rpc.sleep.time = 25ms (default)
2021-07-28 08:37:05,031 [pool-635-thread-1] INFO  server.RaftServerConfigKeys (ConfUtils.java:logGet(44)) - raft.server.rpc.slowness.timeout = 300000ms (custom)
2021-07-28 08:37:05,031 [pool-635-thread-1] INFO  server.RaftServerConfigKeys (ConfUtils.java:logGet(44)) - raft.server.leaderelection.leader.step-down.wait-time = 10s (default)
2021-07-28 08:37:05,031 [pool-635-thread-1] INFO  server.RaftServerConfigKeys (ConfUtils.java:logGet(44)) - raft.server.sleep.deviation.threshold = 300ms (default)
2021-07-28 08:37:05,031 [pool-635-thread-1] INFO  server.RaftServerConfigKeys (ConfUtils.java:logGet(44)) - raft.server.log.appender.install.snapshot.enabled = false (custom)
2021-07-28 08:37:05,031 [pool-635-thread-1] INFO  server.RaftServer$Division (ServerState.java:<init>(105)) - 954c2539-c430-4abc-b152-2157e37527ee@group-D95E40A13D84: ConfigurationManager, init=-1: [954c2539-c430-4abc-b152-2157e37527ee|rpc:10.1.0.59:36295|priority:1, 5adaab23-8dc1-4fdb-be6f-dc28f4219fad|rpc:10.1.0.59:40175|priority:0, 81ffaf6e-1a0b-4e8d-b763-a17fba998bf8|rpc:10.1.0.59:40745|priority:0], old=null, confs=<EMPTY_MAP>
2021-07-28 08:37:05,031 [pool-635-thread-1] INFO  server.RaftServerConfigKeys (ConfUtils.java:logGet(44)) - raft.server.storage.dir = [/home/runner/work/ozone/ozone/mnt/ozone/hadoop-ozone/integration-test/target/test-dir/MiniOzoneClusterImpl-7b7c0b8f-b3d8-4fbb-9550-cea541527f6c/datanode-6/data/ratis] (custom)
2021-07-28 08:37:05,031 [pool-635-thread-1] INFO  server.RaftServerConfigKeys (ConfUtils.java:logGet(44)) - raft.server.log.corruption.policy = EXCEPTION (default)
2021-07-28 08:37:05,031 [pool-635-thread-1] INFO  server.RaftServerConfigKeys (ConfUtils.java:logGet(44)) - raft.server.storage.free-space.min = 0MB (=0) (default)
2021-07-28 08:37:05,031 [pool-635-thread-1] INFO  storage.RaftStorageDirectory (RaftStorageDirectoryImpl.java:analyzeStorage(135)) - The storage directory /home/runner/work/ozone/ozone/mnt/ozone/hadoop-ozone/integration-test/target/test-dir/MiniOzoneClusterImpl-7b7c0b8f-b3d8-4fbb-9550-cea541527f6c/datanode-6/data/ratis/0397c355-0ce0-4aba-bbd8-d95e40a13d84 does not exist. Creating ...
2021-07-28 08:37:05,032 [pool-635-thread-1] INFO  storage.RaftStorageDirectory (RaftStorageDirectoryImpl.java:tryLock(230)) - Lock on /home/runner/work/ozone/ozone/mnt/ozone/hadoop-ozone/integration-test/target/test-dir/MiniOzoneClusterImpl-7b7c0b8f-b3d8-4fbb-9550-cea541527f6c/datanode-6/data/ratis/0397c355-0ce0-4aba-bbd8-d95e40a13d84/in_use.lock acquired by nodename 1859@fv-az122-844
2021-07-28 08:37:05,034 [pool-635-thread-1] INFO  storage.RaftStorage (RaftStorageImpl.java:format(89)) - Storage directory /home/runner/work/ozone/ozone/mnt/ozone/hadoop-ozone/integration-test/target/test-dir/MiniOzoneClusterImpl-7b7c0b8f-b3d8-4fbb-9550-cea541527f6c/datanode-6/data/ratis/0397c355-0ce0-4aba-bbd8-d95e40a13d84 has been successfully formatted.
2021-07-28 08:37:05,034 [pool-635-thread-1] INFO  ratis.ContainerStateMachine (ContainerStateMachine.java:loadSnapshot(223)) - group-D95E40A13D84: The snapshot info is null. Setting the last applied indexto:(t:0, i:~)
2021-07-28 08:37:05,034 [Datanode State Machine Thread - 0] WARN  statemachine.StateContext (StateContext.java:execute(621)) - No available thread in pool for past 1 seconds.
2021-07-28 08:37:05,034 [pool-635-thread-1] INFO  server.RaftServerConfigKeys (ConfUtils.java:logGet(44)) - raft.server.notification.no-leader.timeout = 300000ms (custom)
2021-07-28 08:37:05,034 [pool-635-thread-1] INFO  server.RaftServerConfigKeys (ConfUtils.java:logGet(44)) - raft.server.log.use.memory = false (default)
2021-07-28 08:37:05,034 [pool-635-thread-1] INFO  server.RaftServerConfigKeys (ConfUtils.java:logGet(44)) - raft.server.log.purge.gap = 1000000 (custom)
2021-07-28 08:37:05,034 [pool-635-thread-1] INFO  server.RaftServerConfigKeys (ConfUtils.java:logGet(44)) - raft.server.log.appender.buffer.byte-limit = 33554432 (custom)
2021-07-28 08:37:05,035 [pool-635-thread-1] INFO  server.RaftServerConfigKeys (ConfUtils.java:logGet(44)) - raft.server.log.segment.size.max = 1048576 (custom)
2021-07-28 08:37:05,035 [EventQueue-OpenPipelineForHealthyPipelineSafeModeRule] INFO  safemode.SCMSafeModeManager (HealthyPipelineSafeModeRule.java:process(124)) - SCM in safe mode. Healthy pipelines reported count is 0, required healthy pipeline reported count is 1
2021-07-28 08:37:05,035 [pool-635-thread-1] INFO  server.RaftServerConfigKeys (ConfUtils.java:logGet(44)) - raft.server.log.segment.cache.num.max = 2 (custom)
2021-07-28 08:37:05,035 [pool-635-thread-1] INFO  server.RaftServerConfigKeys (ConfUtils.java:logGet(44)) - raft.server.log.segment.cache.size.max = 200MB (=209715200) (default)
2021-07-28 08:37:05,035 [pool-635-thread-1] INFO  segmented.SegmentedRaftLogWorker (SegmentedRaftLogWorker.java:<init>(182)) - new 954c2539-c430-4abc-b152-2157e37527ee@group-D95E40A13D84-SegmentedRaftLogWorker for RaftStorageImpl:Storage Directory /home/runner/work/ozone/ozone/mnt/ozone/hadoop-ozone/integration-test/target/test-dir/MiniOzoneClusterImpl-7b7c0b8f-b3d8-4fbb-9550-cea541527f6c/datanode-6/data/ratis/0397c355-0ce0-4aba-bbd8-d95e40a13d84
2021-07-28 08:37:05,035 [pool-635-thread-1] INFO  server.RaftServerConfigKeys (ConfUtils.java:logGet(44)) - raft.server.log.queue.byte-limit = 2147483647 (custom)
2021-07-28 08:37:05,035 [pool-635-thread-1] INFO  server.RaftServerConfigKeys (ConfUtils.java:logGet(44)) - raft.server.log.queue.element-limit = 1024 (custom)
2021-07-28 08:37:05,035 [pool-635-thread-1] INFO  server.RaftServerConfigKeys (ConfUtils.java:logGet(44)) - raft.server.log.segment.size.max = 1048576 (custom)
2021-07-28 08:37:05,035 [pool-635-thread-1] INFO  server.RaftServerConfigKeys (ConfUtils.java:logGet(44)) - raft.server.log.preallocated.size = 16384 (custom)
2021-07-28 08:37:05,036 [pool-635-thread-1] INFO  server.RaftServerConfigKeys (ConfUtils.java:logGet(44)) - raft.server.log.force.sync.num = 128 (default)
2021-07-28 08:37:05,036 [pool-635-thread-1] INFO  server.RaftServerConfigKeys (ConfUtils.java:logGet(44)) - raft.server.log.statemachine.data.sync = true (default)
2021-07-28 08:37:05,036 [pool-635-thread-1] INFO  server.RaftServerConfigKeys (ConfUtils.java:logGet(44)) - raft.server.log.statemachine.data.sync.timeout = 10s (default)
2021-07-28 08:37:05,036 [pool-635-thread-1] INFO  server.RaftServerConfigKeys (ConfUtils.java:logGet(44)) - raft.server.log.statemachine.data.sync.timeout.retry = -1 (default)
2021-07-28 08:37:05,037 [pool-635-thread-1] INFO  server.RaftServerConfigKeys (ConfUtils.java:logGet(44)) - raft.server.log.write.buffer.size = 1048576 (custom)
2021-07-28 08:37:05,038 [pool-635-thread-1] INFO  server.RaftServerConfigKeys (ConfUtils.java:logGet(44)) - raft.server.log.statemachine.data.caching.enabled = true (custom)
2021-07-28 08:37:05,038 [pool-635-thread-1] INFO  segmented.SegmentedRaftLogWorker (SegmentedRaftLogWorker.java:lambda$new$0(133)) - 954c2539-c430-4abc-b152-2157e37527ee@group-D95E40A13D84-SegmentedRaftLogWorker: flushIndex: setUnconditionally 0 -> -1
2021-07-28 08:37:05,038 [pool-635-thread-1] INFO  segmented.SegmentedRaftLogWorker (SegmentedRaftLogWorker.java:lambda$new$0(133)) - 954c2539-c430-4abc-b152-2157e37527ee@group-D95E40A13D84-SegmentedRaftLogWorker: safeCacheEvictIndex: setUnconditionally 0 -> -1
2021-07-28 08:37:05,038 [pool-635-thread-1] INFO  server.RaftServerConfigKeys (ConfUtils.java:logGet(44)) - raft.server.snapshot.auto.trigger.enabled = true (custom)
2021-07-28 08:37:05,038 [pool-635-thread-1] INFO  server.RaftServerConfigKeys (ConfUtils.java:logGet(44)) - raft.server.snapshot.auto.trigger.threshold = 10000 (custom)
2021-07-28 08:37:05,038 [pool-635-thread-1] INFO  server.RaftServerConfigKeys (ConfUtils.java:logGet(44)) - raft.server.snapshot.retention.file.num = 5 (custom)
2021-07-28 08:37:05,038 [pool-635-thread-1] INFO  server.RaftServerConfigKeys (ConfUtils.java:logGet(44)) - raft.server.log.purge.upto.snapshot.index = false (default)
2021-07-28 08:37:05,038 [pool-635-thread-1] INFO  server.RaftServerConfigKeys (ConfUtils.java:logGet(44)) - raft.server.retrycache.expirytime = 600000ms (custom)
2021-07-28 08:37:05,038 [pool-635-thread-1] INFO  server.RaftServerConfigKeys (ConfUtils.java:logGet(44)) - raft.server.retrycache.statistics.expirytime = 100μs (default)
2021-07-28 08:37:05,040 [pool-635-thread-1] INFO  server.RaftServer$Division (RaftServerImpl.java:start(296)) - 954c2539-c430-4abc-b152-2157e37527ee@group-D95E40A13D84: start as a follower, conf=-1: [954c2539-c430-4abc-b152-2157e37527ee|rpc:10.1.0.59:36295|priority:1, 5adaab23-8dc1-4fdb-be6f-dc28f4219fad|rpc:10.1.0.59:40175|priority:0, 81ffaf6e-1a0b-4e8d-b763-a17fba998bf8|rpc:10.1.0.59:40745|priority:0], old=null
2021-07-28 08:37:05,040 [pool-635-thread-1] INFO  server.RaftServer$Division (RaftServerImpl.java:setRole(285)) - 954c2539-c430-4abc-b152-2157e37527ee@group-D95E40A13D84: changes role from      null to FOLLOWER at term 0 for startAsFollower
2021-07-28 08:37:05,040 [pool-635-thread-1] INFO  impl.RoleInfo (RoleInfo.java:updateAndGet(130)) - 954c2539-c430-4abc-b152-2157e37527ee: start 954c2539-c430-4abc-b152-2157e37527ee@group-D95E40A13D84-FollowerState
2021-07-28 08:37:05,042 [pool-635-thread-1] INFO  util.JmxRegister (JmxRegister.java:tryRegister(44)) - Successfully registered JMX Bean with object name Ratis:service=RaftServer,group=group-D95E40A13D84,id=954c2539-c430-4abc-b152-2157e37527ee
2021-07-28 08:37:05,042 [Command processor thread] INFO  ratis.XceiverServerRatis (XceiverServerRatis.java:addGroup(759)) - Created group PipelineID=0397c355-0ce0-4aba-bbd8-d95e40a13d84
2021-07-28 08:37:05,050 [grpc-default-executor-0] INFO  server.RaftServer (RaftServerProxy.java:addNew(95)) - 81ffaf6e-1a0b-4e8d-b763-a17fba998bf8: addNew group-D95E40A13D84:[954c2539-c430-4abc-b152-2157e37527ee|rpc:10.1.0.59:36295|dataStream:|priority:1, 5adaab23-8dc1-4fdb-be6f-dc28f4219fad|rpc:10.1.0.59:40175|dataStream:|priority:0, 81ffaf6e-1a0b-4e8d-b763-a17fba998bf8|rpc:10.1.0.59:40745|dataStream:|priority:0] returns group-D95E40A13D84:java.util.concurrent.CompletableFuture@4ba77c0e[Not completed]
2021-07-28 08:37:05,051 [pool-671-thread-1] INFO  server.RaftServer$Division (RaftServerImpl.java:<init>(181)) - 81ffaf6e-1a0b-4e8d-b763-a17fba998bf8: new RaftServerImpl for group-D95E40A13D84:[954c2539-c430-4abc-b152-2157e37527ee|rpc:10.1.0.59:36295|dataStream:|priority:1, 5adaab23-8dc1-4fdb-be6f-dc28f4219fad|rpc:10.1.0.59:40175|dataStream:|priority:0, 81ffaf6e-1a0b-4e8d-b763-a17fba998bf8|rpc:10.1.0.59:40745|dataStream:|priority:0] with ContainerStateMachine:uninitialized
2021-07-28 08:37:05,052 [pool-671-thread-1] INFO  server.RaftServerConfigKeys (ConfUtils.java:logGet(44)) - raft.server.rpc.timeout.min = 5s (custom)
2021-07-28 08:37:05,052 [pool-671-thread-1] INFO  server.RaftServerConfigKeys (ConfUtils.java:logGet(44)) - raft.server.rpc.timeout.max = 5200ms (custom)
2021-07-28 08:37:05,052 [pool-671-thread-1] INFO  server.RaftServerConfigKeys (ConfUtils.java:logGet(44)) - raft.server.rpc.sleep.time = 25ms (default)
2021-07-28 08:37:05,052 [pool-671-thread-1] INFO  server.RaftServerConfigKeys (ConfUtils.java:logGet(44)) - raft.server.rpc.slowness.timeout = 300000ms (custom)
2021-07-28 08:37:05,052 [pool-671-thread-1] INFO  server.RaftServerConfigKeys (ConfUtils.java:logGet(44)) - raft.server.leaderelection.leader.step-down.wait-time = 10s (default)
2021-07-28 08:37:05,052 [pool-671-thread-1] INFO  server.RaftServerConfigKeys (ConfUtils.java:logGet(44)) - raft.server.sleep.deviation.threshold = 300ms (default)
2021-07-28 08:37:05,052 [pool-671-thread-1] INFO  server.RaftServerConfigKeys (ConfUtils.java:logGet(44)) - raft.server.log.appender.install.snapshot.enabled = false (custom)
2021-07-28 08:37:05,052 [pool-671-thread-1] INFO  server.RaftServer$Division (ServerState.java:<init>(105)) - 81ffaf6e-1a0b-4e8d-b763-a17fba998bf8@group-D95E40A13D84: ConfigurationManager, init=-1: [954c2539-c430-4abc-b152-2157e37527ee|rpc:10.1.0.59:36295|dataStream:|priority:1, 5adaab23-8dc1-4fdb-be6f-dc28f4219fad|rpc:10.1.0.59:40175|dataStream:|priority:0, 81ffaf6e-1a0b-4e8d-b763-a17fba998bf8|rpc:10.1.0.59:40745|dataStream:|priority:0], old=null, confs=<EMPTY_MAP>
2021-07-28 08:37:05,052 [pool-671-thread-1] INFO  server.RaftServerConfigKeys (ConfUtils.java:logGet(44)) - raft.server.storage.dir = [/home/runner/work/ozone/ozone/mnt/ozone/hadoop-ozone/integration-test/target/test-dir/MiniOzoneClusterImpl-7b7c0b8f-b3d8-4fbb-9550-cea541527f6c/datanode-8/data/ratis] (custom)
2021-07-28 08:37:05,052 [pool-671-thread-1] INFO  server.RaftServerConfigKeys (ConfUtils.java:logGet(44)) - raft.server.log.corruption.policy = EXCEPTION (default)
2021-07-28 08:37:05,053 [pool-671-thread-1] INFO  server.RaftServerConfigKeys (ConfUtils.java:logGet(44)) - raft.server.storage.free-space.min = 0MB (=0) (default)
2021-07-28 08:37:05,053 [pool-671-thread-1] INFO  storage.RaftStorageDirectory (RaftStorageDirectoryImpl.java:analyzeStorage(135)) - The storage directory /home/runner/work/ozone/ozone/mnt/ozone/hadoop-ozone/integration-test/target/test-dir/MiniOzoneClusterImpl-7b7c0b8f-b3d8-4fbb-9550-cea541527f6c/datanode-8/data/ratis/0397c355-0ce0-4aba-bbd8-d95e40a13d84 does not exist. Creating ...
2021-07-28 08:37:05,054 [pool-671-thread-1] INFO  storage.RaftStorageDirectory (RaftStorageDirectoryImpl.java:tryLock(230)) - Lock on /home/runner/work/ozone/ozone/mnt/ozone/hadoop-ozone/integration-test/target/test-dir/MiniOzoneClusterImpl-7b7c0b8f-b3d8-4fbb-9550-cea541527f6c/datanode-8/data/ratis/0397c355-0ce0-4aba-bbd8-d95e40a13d84/in_use.lock acquired by nodename 1859@fv-az122-844
2021-07-28 08:37:05,055 [pool-671-thread-1] INFO  storage.RaftStorage (RaftStorageImpl.java:format(89)) - Storage directory /home/runner/work/ozone/ozone/mnt/ozone/hadoop-ozone/integration-test/target/test-dir/MiniOzoneClusterImpl-7b7c0b8f-b3d8-4fbb-9550-cea541527f6c/datanode-8/data/ratis/0397c355-0ce0-4aba-bbd8-d95e40a13d84 has been successfully formatted.
2021-07-28 08:37:05,056 [pool-671-thread-1] INFO  ratis.ContainerStateMachine (ContainerStateMachine.java:loadSnapshot(223)) - group-D95E40A13D84: The snapshot info is null. Setting the last applied indexto:(t:0, i:~)
2021-07-28 08:37:05,056 [Datanode State Machine Thread - 0] WARN  statemachine.StateContext (StateContext.java:execute(621)) - No available thread in pool for past 1 seconds.
2021-07-28 08:37:05,056 [pool-671-thread-1] INFO  server.RaftServerConfigKeys (ConfUtils.java:logGet(44)) - raft.server.notification.no-leader.timeout = 300000ms (custom)
2021-07-28 08:37:05,057 [pool-671-thread-1] INFO  server.RaftServerConfigKeys (ConfUtils.java:logGet(44)) - raft.server.log.use.memory = false (default)
2021-07-28 08:37:05,061 [pool-671-thread-1] INFO  server.RaftServerConfigKeys (ConfUtils.java:logGet(44)) - raft.server.log.purge.gap = 1000000 (custom)
2021-07-28 08:37:05,061 [pool-671-thread-1] INFO  server.RaftServerConfigKeys (ConfUtils.java:logGet(44)) - raft.server.log.appender.buffer.byte-limit = 33554432 (custom)
2021-07-28 08:37:05,061 [pool-671-thread-1] INFO  server.RaftServerConfigKeys (ConfUtils.java:logGet(44)) - raft.server.log.segment.size.max = 1048576 (custom)
2021-07-28 08:37:05,062 [pool-671-thread-1] INFO  server.RaftServerConfigKeys (ConfUtils.java:logGet(44)) - raft.server.log.segment.cache.num.max = 2 (custom)
2021-07-28 08:37:05,062 [pool-671-thread-1] INFO  server.RaftServerConfigKeys (ConfUtils.java:logGet(44)) - raft.server.log.segment.cache.size.max = 200MB (=209715200) (default)
2021-07-28 08:37:05,062 [pool-671-thread-1] INFO  segmented.SegmentedRaftLogWorker (SegmentedRaftLogWorker.java:<init>(182)) - new 81ffaf6e-1a0b-4e8d-b763-a17fba998bf8@group-D95E40A13D84-SegmentedRaftLogWorker for RaftStorageImpl:Storage Directory /home/runner/work/ozone/ozone/mnt/ozone/hadoop-ozone/integration-test/target/test-dir/MiniOzoneClusterImpl-7b7c0b8f-b3d8-4fbb-9550-cea541527f6c/datanode-8/data/ratis/0397c355-0ce0-4aba-bbd8-d95e40a13d84
2021-07-28 08:37:05,062 [pool-671-thread-1] INFO  server.RaftServerConfigKeys (ConfUtils.java:logGet(44)) - raft.server.log.queue.byte-limit = 2147483647 (custom)
2021-07-28 08:37:05,062 [pool-671-thread-1] INFO  server.RaftServerConfigKeys (ConfUtils.java:logGet(44)) - raft.server.log.queue.element-limit = 1024 (custom)
2021-07-28 08:37:05,062 [pool-671-thread-1] INFO  server.RaftServerConfigKeys (ConfUtils.java:logGet(44)) - raft.server.log.segment.size.max = 1048576 (custom)
2021-07-28 08:37:05,062 [pool-671-thread-1] INFO  server.RaftServerConfigKeys (ConfUtils.java:logGet(44)) - raft.server.log.preallocated.size = 16384 (custom)
2021-07-28 08:37:05,063 [pool-671-thread-1] INFO  server.RaftServerConfigKeys (ConfUtils.java:logGet(44)) - raft.server.log.force.sync.num = 128 (default)
2021-07-28 08:37:05,063 [pool-671-thread-1] INFO  server.RaftServerConfigKeys (ConfUtils.java:logGet(44)) - raft.server.log.statemachine.data.sync = true (default)
2021-07-28 08:37:05,063 [pool-671-thread-1] INFO  server.RaftServerConfigKeys (ConfUtils.java:logGet(44)) - raft.server.log.statemachine.data.sync.timeout = 10s (default)
2021-07-28 08:37:05,063 [pool-671-thread-1] INFO  server.RaftServerConfigKeys (ConfUtils.java:logGet(44)) - raft.server.log.statemachine.data.sync.timeout.retry = -1 (default)
2021-07-28 08:37:05,064 [pool-671-thread-1] INFO  server.RaftServerConfigKeys (ConfUtils.java:logGet(44)) - raft.server.log.write.buffer.size = 1048576 (custom)
2021-07-28 08:37:05,065 [pool-671-thread-1] INFO  server.RaftServerConfigKeys (ConfUtils.java:logGet(44)) - raft.server.log.statemachine.data.caching.enabled = true (custom)
2021-07-28 08:37:05,065 [pool-671-thread-1] INFO  segmented.SegmentedRaftLogWorker (SegmentedRaftLogWorker.java:lambda$new$0(133)) - 81ffaf6e-1a0b-4e8d-b763-a17fba998bf8@group-D95E40A13D84-SegmentedRaftLogWorker: flushIndex: setUnconditionally 0 -> -1
2021-07-28 08:37:05,065 [pool-671-thread-1] INFO  segmented.SegmentedRaftLogWorker (SegmentedRaftLogWorker.java:lambda$new$0(133)) - 81ffaf6e-1a0b-4e8d-b763-a17fba998bf8@group-D95E40A13D84-SegmentedRaftLogWorker: safeCacheEvictIndex: setUnconditionally 0 -> -1
2021-07-28 08:37:05,065 [pool-671-thread-1] INFO  server.RaftServerConfigKeys (ConfUtils.java:logGet(44)) - raft.server.snapshot.auto.trigger.enabled = true (custom)
2021-07-28 08:37:05,066 [pool-671-thread-1] INFO  server.RaftServerConfigKeys (ConfUtils.java:logGet(44)) - raft.server.snapshot.auto.trigger.threshold = 10000 (custom)
2021-07-28 08:37:05,066 [pool-671-thread-1] INFO  server.RaftServerConfigKeys (ConfUtils.java:logGet(44)) - raft.server.snapshot.retention.file.num = 5 (custom)
2021-07-28 08:37:05,066 [pool-671-thread-1] INFO  server.RaftServerConfigKeys (ConfUtils.java:logGet(44)) - raft.server.log.purge.upto.snapshot.index = false (default)
2021-07-28 08:37:05,066 [pool-671-thread-1] INFO  server.RaftServerConfigKeys (ConfUtils.java:logGet(44)) - raft.server.retrycache.expirytime = 600000ms (custom)
2021-07-28 08:37:05,066 [pool-671-thread-1] INFO  server.RaftServerConfigKeys (ConfUtils.java:logGet(44)) - raft.server.retrycache.statistics.expirytime = 100μs (default)
2021-07-28 08:37:05,068 [pool-671-thread-1] INFO  server.RaftServer$Division (RaftServerImpl.java:start(296)) - 81ffaf6e-1a0b-4e8d-b763-a17fba998bf8@group-D95E40A13D84: start as a follower, conf=-1: [954c2539-c430-4abc-b152-2157e37527ee|rpc:10.1.0.59:36295|dataStream:|priority:1, 5adaab23-8dc1-4fdb-be6f-dc28f4219fad|rpc:10.1.0.59:40175|dataStream:|priority:0, 81ffaf6e-1a0b-4e8d-b763-a17fba998bf8|rpc:10.1.0.59:40745|dataStream:|priority:0], old=null
2021-07-28 08:37:05,068 [pool-671-thread-1] INFO  server.RaftServer$Division (RaftServerImpl.java:setRole(285)) - 81ffaf6e-1a0b-4e8d-b763-a17fba998bf8@group-D95E40A13D84: changes role from      null to FOLLOWER at term 0 for startAsFollower
2021-07-28 08:37:05,068 [pool-671-thread-1] INFO  impl.RoleInfo (RoleInfo.java:updateAndGet(130)) - 81ffaf6e-1a0b-4e8d-b763-a17fba998bf8: start 81ffaf6e-1a0b-4e8d-b763-a17fba998bf8@group-D95E40A13D84-FollowerState
2021-07-28 08:37:05,068 [pool-671-thread-1] INFO  util.JmxRegister (JmxRegister.java:tryRegister(44)) - Successfully registered JMX Bean with object name Ratis:service=RaftServer,group=group-D95E40A13D84,id=81ffaf6e-1a0b-4e8d-b763-a17fba998bf8
2021-07-28 08:37:05,081 [grpc-default-executor-0] INFO  server.RaftServer (RaftServerProxy.java:addNew(95)) - 5adaab23-8dc1-4fdb-be6f-dc28f4219fad: addNew group-D95E40A13D84:[954c2539-c430-4abc-b152-2157e37527ee|rpc:10.1.0.59:36295|dataStream:|priority:1, 5adaab23-8dc1-4fdb-be6f-dc28f4219fad|rpc:10.1.0.59:40175|dataStream:|priority:0, 81ffaf6e-1a0b-4e8d-b763-a17fba998bf8|rpc:10.1.0.59:40745|dataStream:|priority:0] returns group-D95E40A13D84:java.util.concurrent.CompletableFuture@6a2d1413[Not completed]
2021-07-28 08:37:05,081 [pool-653-thread-1] INFO  server.RaftServer$Division (RaftServerImpl.java:<init>(181)) - 5adaab23-8dc1-4fdb-be6f-dc28f4219fad: new RaftServerImpl for group-D95E40A13D84:[954c2539-c430-4abc-b152-2157e37527ee|rpc:10.1.0.59:36295|dataStream:|priority:1, 5adaab23-8dc1-4fdb-be6f-dc28f4219fad|rpc:10.1.0.59:40175|dataStream:|priority:0, 81ffaf6e-1a0b-4e8d-b763-a17fba998bf8|rpc:10.1.0.59:40745|dataStream:|priority:0] with ContainerStateMachine:uninitialized
2021-07-28 08:37:05,081 [pool-653-thread-1] INFO  server.RaftServerConfigKeys (ConfUtils.java:logGet(44)) - raft.server.rpc.timeout.min = 5s (custom)
2021-07-28 08:37:05,081 [pool-653-thread-1] INFO  server.RaftServerConfigKeys (ConfUtils.java:logGet(44)) - raft.server.rpc.timeout.max = 5200ms (custom)
2021-07-28 08:37:05,081 [pool-653-thread-1] INFO  server.RaftServerConfigKeys (ConfUtils.java:logGet(44)) - raft.server.rpc.sleep.time = 25ms (default)
2021-07-28 08:37:05,082 [pool-653-thread-1] INFO  server.RaftServerConfigKeys (ConfUtils.java:logGet(44)) - raft.server.rpc.slowness.timeout = 300000ms (custom)
2021-07-28 08:37:05,082 [pool-653-thread-1] INFO  server.RaftServerConfigKeys (ConfUtils.java:logGet(44)) - raft.server.leaderelection.leader.step-down.wait-time = 10s (default)
2021-07-28 08:37:05,082 [pool-653-thread-1] INFO  server.RaftServerConfigKeys (ConfUtils.java:logGet(44)) - raft.server.sleep.deviation.threshold = 300ms (default)
2021-07-28 08:37:05,082 [pool-653-thread-1] INFO  server.RaftServerConfigKeys (ConfUtils.java:logGet(44)) - raft.server.log.appender.install.snapshot.enabled = false (custom)
2021-07-28 08:37:05,082 [pool-653-thread-1] INFO  server.RaftServer$Division (ServerState.java:<init>(105)) - 5adaab23-8dc1-4fdb-be6f-dc28f4219fad@group-D95E40A13D84: ConfigurationManager, init=-1: [954c2539-c430-4abc-b152-2157e37527ee|rpc:10.1.0.59:36295|dataStream:|priority:1, 5adaab23-8dc1-4fdb-be6f-dc28f4219fad|rpc:10.1.0.59:40175|dataStream:|priority:0, 81ffaf6e-1a0b-4e8d-b763-a17fba998bf8|rpc:10.1.0.59:40745|dataStream:|priority:0], old=null, confs=<EMPTY_MAP>
2021-07-28 08:37:05,082 [pool-653-thread-1] INFO  server.RaftServerConfigKeys (ConfUtils.java:logGet(44)) - raft.server.storage.dir = [/home/runner/work/ozone/ozone/mnt/ozone/hadoop-ozone/integration-test/target/test-dir/MiniOzoneClusterImpl-7b7c0b8f-b3d8-4fbb-9550-cea541527f6c/datanode-7/data/ratis] (custom)
2021-07-28 08:37:05,082 [pool-653-thread-1] INFO  server.RaftServerConfigKeys (ConfUtils.java:logGet(44)) - raft.server.log.corruption.policy = EXCEPTION (default)
2021-07-28 08:37:05,082 [pool-653-thread-1] INFO  server.RaftServerConfigKeys (ConfUtils.java:logGet(44)) - raft.server.storage.free-space.min = 0MB (=0) (default)
2021-07-28 08:37:05,083 [pool-653-thread-1] INFO  storage.RaftStorageDirectory (RaftStorageDirectoryImpl.java:analyzeStorage(135)) - The storage directory /home/runner/work/ozone/ozone/mnt/ozone/hadoop-ozone/integration-test/target/test-dir/MiniOzoneClusterImpl-7b7c0b8f-b3d8-4fbb-9550-cea541527f6c/datanode-7/data/ratis/0397c355-0ce0-4aba-bbd8-d95e40a13d84 does not exist. Creating ...
2021-07-28 08:37:05,084 [pool-653-thread-1] INFO  storage.RaftStorageDirectory (RaftStorageDirectoryImpl.java:tryLock(230)) - Lock on /home/runner/work/ozone/ozone/mnt/ozone/hadoop-ozone/integration-test/target/test-dir/MiniOzoneClusterImpl-7b7c0b8f-b3d8-4fbb-9550-cea541527f6c/datanode-7/data/ratis/0397c355-0ce0-4aba-bbd8-d95e40a13d84/in_use.lock acquired by nodename 1859@fv-az122-844
2021-07-28 08:37:05,086 [pool-653-thread-1] INFO  storage.RaftStorage (RaftStorageImpl.java:format(89)) - Storage directory /home/runner/work/ozone/ozone/mnt/ozone/hadoop-ozone/integration-test/target/test-dir/MiniOzoneClusterImpl-7b7c0b8f-b3d8-4fbb-9550-cea541527f6c/datanode-7/data/ratis/0397c355-0ce0-4aba-bbd8-d95e40a13d84 has been successfully formatted.
2021-07-28 08:37:05,087 [pool-653-thread-1] INFO  ratis.ContainerStateMachine (ContainerStateMachine.java:loadSnapshot(223)) - group-D95E40A13D84: The snapshot info is null. Setting the last applied indexto:(t:0, i:~)
2021-07-28 08:37:05,087 [Datanode State Machine Thread - 0] WARN  statemachine.StateContext (StateContext.java:execute(621)) - No available thread in pool for past 1 seconds.
2021-07-28 08:37:05,087 [pool-653-thread-1] INFO  server.RaftServerConfigKeys (ConfUtils.java:logGet(44)) - raft.server.notification.no-leader.timeout = 300000ms (custom)
2021-07-28 08:37:05,088 [pool-653-thread-1] INFO  server.RaftServerConfigKeys (ConfUtils.java:logGet(44)) - raft.server.log.use.memory = false (default)
2021-07-28 08:37:05,088 [pool-653-thread-1] INFO  server.RaftServerConfigKeys (ConfUtils.java:logGet(44)) - raft.server.log.purge.gap = 1000000 (custom)
2021-07-28 08:37:05,088 [pool-653-thread-1] INFO  server.RaftServerConfigKeys (ConfUtils.java:logGet(44)) - raft.server.log.appender.buffer.byte-limit = 33554432 (custom)
2021-07-28 08:37:05,088 [pool-653-thread-1] INFO  server.RaftServerConfigKeys (ConfUtils.java:logGet(44)) - raft.server.log.segment.size.max = 1048576 (custom)
2021-07-28 08:37:05,089 [pool-653-thread-1] INFO  server.RaftServerConfigKeys (ConfUtils.java:logGet(44)) - raft.server.log.segment.cache.num.max = 2 (custom)
2021-07-28 08:37:05,089 [pool-653-thread-1] INFO  server.RaftServerConfigKeys (ConfUtils.java:logGet(44)) - raft.server.log.segment.cache.size.max = 200MB (=209715200) (default)
2021-07-28 08:37:05,089 [pool-653-thread-1] INFO  segmented.SegmentedRaftLogWorker (SegmentedRaftLogWorker.java:<init>(182)) - new 5adaab23-8dc1-4fdb-be6f-dc28f4219fad@group-D95E40A13D84-SegmentedRaftLogWorker for RaftStorageImpl:Storage Directory /home/runner/work/ozone/ozone/mnt/ozone/hadoop-ozone/integration-test/target/test-dir/MiniOzoneClusterImpl-7b7c0b8f-b3d8-4fbb-9550-cea541527f6c/datanode-7/data/ratis/0397c355-0ce0-4aba-bbd8-d95e40a13d84
2021-07-28 08:37:05,089 [pool-653-thread-1] INFO  server.RaftServerConfigKeys (ConfUtils.java:logGet(44)) - raft.server.log.queue.byte-limit = 2147483647 (custom)
2021-07-28 08:37:05,089 [pool-653-thread-1] INFO  server.RaftServerConfigKeys (ConfUtils.java:logGet(44)) - raft.server.log.queue.element-limit = 1024 (custom)
2021-07-28 08:37:05,089 [pool-653-thread-1] INFO  server.RaftServerConfigKeys (ConfUtils.java:logGet(44)) - raft.server.log.segment.size.max = 1048576 (custom)
2021-07-28 08:37:05,089 [pool-653-thread-1] INFO  server.RaftServerConfigKeys (ConfUtils.java:logGet(44)) - raft.server.log.preallocated.size = 16384 (custom)
2021-07-28 08:37:05,090 [pool-653-thread-1] INFO  server.RaftServerConfigKeys (ConfUtils.java:logGet(44)) - raft.server.log.force.sync.num = 128 (default)
2021-07-28 08:37:05,090 [pool-653-thread-1] INFO  server.RaftServerConfigKeys (ConfUtils.java:logGet(44)) - raft.server.log.statemachine.data.sync = true (default)
2021-07-28 08:37:05,090 [pool-653-thread-1] INFO  server.RaftServerConfigKeys (ConfUtils.java:logGet(44)) - raft.server.log.statemachine.data.sync.timeout = 10s (default)
2021-07-28 08:37:05,090 [pool-653-thread-1] INFO  server.RaftServerConfigKeys (ConfUtils.java:logGet(44)) - raft.server.log.statemachine.data.sync.timeout.retry = -1 (default)
2021-07-28 08:37:05,091 [pool-653-thread-1] INFO  server.RaftServerConfigKeys (ConfUtils.java:logGet(44)) - raft.server.log.write.buffer.size = 1048576 (custom)
2021-07-28 08:37:05,092 [pool-653-thread-1] INFO  server.RaftServerConfigKeys (ConfUtils.java:logGet(44)) - raft.server.log.statemachine.data.caching.enabled = true (custom)
2021-07-28 08:37:05,092 [pool-653-thread-1] INFO  segmented.SegmentedRaftLogWorker (SegmentedRaftLogWorker.java:lambda$new$0(133)) - 5adaab23-8dc1-4fdb-be6f-dc28f4219fad@group-D95E40A13D84-SegmentedRaftLogWorker: flushIndex: setUnconditionally 0 -> -1
2021-07-28 08:37:05,092 [pool-653-thread-1] INFO  segmented.SegmentedRaftLogWorker (SegmentedRaftLogWorker.java:lambda$new$0(133)) - 5adaab23-8dc1-4fdb-be6f-dc28f4219fad@group-D95E40A13D84-SegmentedRaftLogWorker: safeCacheEvictIndex: setUnconditionally 0 -> -1
2021-07-28 08:37:05,092 [pool-653-thread-1] INFO  server.RaftServerConfigKeys (ConfUtils.java:logGet(44)) - raft.server.snapshot.auto.trigger.enabled = true (custom)
2021-07-28 08:37:05,092 [pool-653-thread-1] INFO  server.RaftServerConfigKeys (ConfUtils.java:logGet(44)) - raft.server.snapshot.auto.trigger.threshold = 10000 (custom)
2021-07-28 08:37:05,092 [pool-653-thread-1] INFO  server.RaftServerConfigKeys (ConfUtils.java:logGet(44)) - raft.server.snapshot.retention.file.num = 5 (custom)
2021-07-28 08:37:05,092 [pool-653-thread-1] INFO  server.RaftServerConfigKeys (ConfUtils.java:logGet(44)) - raft.server.log.purge.upto.snapshot.index = false (default)
2021-07-28 08:37:05,093 [pool-653-thread-1] INFO  server.RaftServerConfigKeys (ConfUtils.java:logGet(44)) - raft.server.retrycache.expirytime = 600000ms (custom)
2021-07-28 08:37:05,093 [pool-653-thread-1] INFO  server.RaftServerConfigKeys (ConfUtils.java:logGet(44)) - raft.server.retrycache.statistics.expirytime = 100μs (default)
2021-07-28 08:37:05,097 [pool-653-thread-1] INFO  server.RaftServer$Division (RaftServerImpl.java:start(296)) - 5adaab23-8dc1-4fdb-be6f-dc28f4219fad@group-D95E40A13D84: start as a follower, conf=-1: [954c2539-c430-4abc-b152-2157e37527ee|rpc:10.1.0.59:36295|dataStream:|priority:1, 5adaab23-8dc1-4fdb-be6f-dc28f4219fad|rpc:10.1.0.59:40175|dataStream:|priority:0, 81ffaf6e-1a0b-4e8d-b763-a17fba998bf8|rpc:10.1.0.59:40745|dataStream:|priority:0], old=null
2021-07-28 08:37:05,098 [pool-653-thread-1] INFO  server.RaftServer$Division (RaftServerImpl.java:setRole(285)) - 5adaab23-8dc1-4fdb-be6f-dc28f4219fad@group-D95E40A13D84: changes role from      null to FOLLOWER at term 0 for startAsFollower
2021-07-28 08:37:05,098 [pool-653-thread-1] INFO  impl.RoleInfo (RoleInfo.java:updateAndGet(130)) - 5adaab23-8dc1-4fdb-be6f-dc28f4219fad: start 5adaab23-8dc1-4fdb-be6f-dc28f4219fad@group-D95E40A13D84-FollowerState
2021-07-28 08:37:05,098 [pool-653-thread-1] INFO  util.JmxRegister (JmxRegister.java:tryRegister(44)) - Successfully registered JMX Bean with object name Ratis:service=RaftServer,group=group-D95E40A13D84,id=5adaab23-8dc1-4fdb-be6f-dc28f4219fad
2021-07-28 08:37:05,102 [Command processor thread] INFO  commandhandler.CreatePipelineCommandHandler (CreatePipelineCommandHandler.java:handle(106)) - Created Pipeline RATIS THREE PipelineID=0397c355-0ce0-4aba-bbd8-d95e40a13d84.
2021-07-28 08:37:05,192 [Command processor thread] INFO  server.RaftServer (RaftServerProxy.java:addNew(95)) - 5adaab23-8dc1-4fdb-be6f-dc28f4219fad: addNew group-87309CCAF353:[5adaab23-8dc1-4fdb-be6f-dc28f4219fad|rpc:10.1.0.59:40175|priority:1] returns group-87309CCAF353:java.util.concurrent.CompletableFuture@1e6d04a7[Not completed]
2021-07-28 08:37:05,193 [pool-653-thread-1] INFO  server.RaftServer$Division (RaftServerImpl.java:<init>(181)) - 5adaab23-8dc1-4fdb-be6f-dc28f4219fad: new RaftServerImpl for group-87309CCAF353:[5adaab23-8dc1-4fdb-be6f-dc28f4219fad|rpc:10.1.0.59:40175|priority:1] with ContainerStateMachine:uninitialized
2021-07-28 08:37:05,193 [pool-653-thread-1] INFO  server.RaftServerConfigKeys (ConfUtils.java:logGet(44)) - raft.server.rpc.timeout.min = 5s (custom)
2021-07-28 08:37:05,193 [pool-653-thread-1] INFO  server.RaftServerConfigKeys (ConfUtils.java:logGet(44)) - raft.server.rpc.timeout.max = 5200ms (custom)
2021-07-28 08:37:05,193 [pool-653-thread-1] INFO  server.RaftServerConfigKeys (ConfUtils.java:logGet(44)) - raft.server.rpc.sleep.time = 25ms (default)
2021-07-28 08:37:05,193 [pool-653-thread-1] INFO  server.RaftServerConfigKeys (ConfUtils.java:logGet(44)) - raft.server.rpc.slowness.timeout = 300000ms (custom)
2021-07-28 08:37:05,193 [pool-653-thread-1] INFO  server.RaftServerConfigKeys (ConfUtils.java:logGet(44)) - raft.server.leaderelection.leader.step-down.wait-time = 10s (default)
2021-07-28 08:37:05,193 [pool-653-thread-1] INFO  server.RaftServerConfigKeys (ConfUtils.java:logGet(44)) - raft.server.sleep.deviation.threshold = 300ms (default)
2021-07-28 08:37:05,193 [pool-653-thread-1] INFO  server.RaftServerConfigKeys (ConfUtils.java:logGet(44)) - raft.server.log.appender.install.snapshot.enabled = false (custom)
2021-07-28 08:37:05,194 [pool-653-thread-1] INFO  server.RaftServer$Division (ServerState.java:<init>(105)) - 5adaab23-8dc1-4fdb-be6f-dc28f4219fad@group-87309CCAF353: ConfigurationManager, init=-1: [5adaab23-8dc1-4fdb-be6f-dc28f4219fad|rpc:10.1.0.59:40175|priority:1], old=null, confs=<EMPTY_MAP>
2021-07-28 08:37:05,194 [pool-653-thread-1] INFO  server.RaftServerConfigKeys (ConfUtils.java:logGet(44)) - raft.server.storage.dir = [/home/runner/work/ozone/ozone/mnt/ozone/hadoop-ozone/integration-test/target/test-dir/MiniOzoneClusterImpl-7b7c0b8f-b3d8-4fbb-9550-cea541527f6c/datanode-7/data/ratis] (custom)
2021-07-28 08:37:05,194 [pool-653-thread-1] INFO  server.RaftServerConfigKeys (ConfUtils.java:logGet(44)) - raft.server.log.corruption.policy = EXCEPTION (default)
2021-07-28 08:37:05,194 [pool-653-thread-1] INFO  server.RaftServerConfigKeys (ConfUtils.java:logGet(44)) - raft.server.storage.free-space.min = 0MB (=0) (default)
2021-07-28 08:37:05,194 [pool-653-thread-1] INFO  storage.RaftStorageDirectory (RaftStorageDirectoryImpl.java:analyzeStorage(135)) - The storage directory /home/runner/work/ozone/ozone/mnt/ozone/hadoop-ozone/integration-test/target/test-dir/MiniOzoneClusterImpl-7b7c0b8f-b3d8-4fbb-9550-cea541527f6c/datanode-7/data/ratis/3d6b4bd0-f281-462f-9dad-87309ccaf353 does not exist. Creating ...
2021-07-28 08:37:05,195 [pool-653-thread-1] INFO  storage.RaftStorageDirectory (RaftStorageDirectoryImpl.java:tryLock(230)) - Lock on /home/runner/work/ozone/ozone/mnt/ozone/hadoop-ozone/integration-test/target/test-dir/MiniOzoneClusterImpl-7b7c0b8f-b3d8-4fbb-9550-cea541527f6c/datanode-7/data/ratis/3d6b4bd0-f281-462f-9dad-87309ccaf353/in_use.lock acquired by nodename 1859@fv-az122-844
2021-07-28 08:37:05,196 [pool-653-thread-1] INFO  storage.RaftStorage (RaftStorageImpl.java:format(89)) - Storage directory /home/runner/work/ozone/ozone/mnt/ozone/hadoop-ozone/integration-test/target/test-dir/MiniOzoneClusterImpl-7b7c0b8f-b3d8-4fbb-9550-cea541527f6c/datanode-7/data/ratis/3d6b4bd0-f281-462f-9dad-87309ccaf353 has been successfully formatted.
2021-07-28 08:37:05,197 [pool-653-thread-1] INFO  ratis.ContainerStateMachine (ContainerStateMachine.java:loadSnapshot(223)) - group-87309CCAF353: The snapshot info is null. Setting the last applied indexto:(t:0, i:~)
2021-07-28 08:37:05,198 [EventQueue-PipelineReportForPipelineReportHandler] INFO  pipeline.PipelineManagerV2Impl (PipelineManagerV2Impl.java:openPipeline(283)) - Pipeline Pipeline[ Id: 3d6b4bd0-f281-462f-9dad-87309ccaf353, Nodes: 5adaab23-8dc1-4fdb-be6f-dc28f4219fad{ip: 10.1.0.59, host: fv-az122-844.zf1tlrj3kn4expqppa1j4mpycf.xx.internal.cloudapp.net, ports: [REPLICATION=36317, RATIS=40175, RATIS_ADMIN=40175, RATIS_SERVER=40175, STANDALONE=39983], networkLocation: /default-rack, certSerialId: null, persistedOpState: IN_SERVICE, persistedOpStateExpiryEpochSec: 0}, ReplicationConfig: RATIS/ONE, State:ALLOCATED, leaderId:5adaab23-8dc1-4fdb-be6f-dc28f4219fad, CreationTimestamp2021-07-28T08:37:02.196Z[Etc/UTC]] moved to OPEN state
2021-07-28 08:37:05,198 [EventQueue-OpenPipelineForHealthyPipelineSafeModeRule] INFO  safemode.SCMSafeModeManager (HealthyPipelineSafeModeRule.java:process(124)) - SCM in safe mode. Healthy pipelines reported count is 0, required healthy pipeline reported count is 1
2021-07-28 08:37:05,198 [pool-653-thread-1] INFO  server.RaftServerConfigKeys (ConfUtils.java:logGet(44)) - raft.server.notification.no-leader.timeout = 300000ms (custom)
2021-07-28 08:37:05,198 [pool-653-thread-1] INFO  server.RaftServerConfigKeys (ConfUtils.java:logGet(44)) - raft.server.log.use.memory = false (default)
2021-07-28 08:37:05,198 [pool-653-thread-1] INFO  server.RaftServerConfigKeys (ConfUtils.java:logGet(44)) - raft.server.log.purge.gap = 1000000 (custom)
2021-07-28 08:37:05,198 [pool-653-thread-1] INFO  server.RaftServerConfigKeys (ConfUtils.java:logGet(44)) - raft.server.log.appender.buffer.byte-limit = 33554432 (custom)
2021-07-28 08:37:05,199 [pool-653-thread-1] INFO  server.RaftServerConfigKeys (ConfUtils.java:logGet(44)) - raft.server.log.segment.size.max = 1048576 (custom)
2021-07-28 08:37:05,199 [pool-653-thread-1] INFO  server.RaftServerConfigKeys (ConfUtils.java:logGet(44)) - raft.server.log.segment.cache.num.max = 2 (custom)
2021-07-28 08:37:05,200 [pool-653-thread-1] INFO  server.RaftServerConfigKeys (ConfUtils.java:logGet(44)) - raft.server.log.segment.cache.size.max = 200MB (=209715200) (default)
2021-07-28 08:37:05,200 [pool-653-thread-1] INFO  segmented.SegmentedRaftLogWorker (SegmentedRaftLogWorker.java:<init>(182)) - new 5adaab23-8dc1-4fdb-be6f-dc28f4219fad@group-87309CCAF353-SegmentedRaftLogWorker for RaftStorageImpl:Storage Directory /home/runner/work/ozone/ozone/mnt/ozone/hadoop-ozone/integration-test/target/test-dir/MiniOzoneClusterImpl-7b7c0b8f-b3d8-4fbb-9550-cea541527f6c/datanode-7/data/ratis/3d6b4bd0-f281-462f-9dad-87309ccaf353
2021-07-28 08:37:05,200 [pool-653-thread-1] INFO  server.RaftServerConfigKeys (ConfUtils.java:logGet(44)) - raft.server.log.queue.byte-limit = 2147483647 (custom)
2021-07-28 08:37:05,200 [pool-653-thread-1] INFO  server.RaftServerConfigKeys (ConfUtils.java:logGet(44)) - raft.server.log.queue.element-limit = 1024 (custom)
2021-07-28 08:37:05,200 [pool-653-thread-1] INFO  server.RaftServerConfigKeys (ConfUtils.java:logGet(44)) - raft.server.log.segment.size.max = 1048576 (custom)
2021-07-28 08:37:05,200 [pool-653-thread-1] INFO  server.RaftServerConfigKeys (ConfUtils.java:logGet(44)) - raft.server.log.preallocated.size = 16384 (custom)
2021-07-28 08:37:05,200 [pool-653-thread-1] INFO  server.RaftServerConfigKeys (ConfUtils.java:logGet(44)) - raft.server.log.force.sync.num = 128 (default)
2021-07-28 08:37:05,200 [pool-653-thread-1] INFO  server.RaftServerConfigKeys (ConfUtils.java:logGet(44)) - raft.server.log.statemachine.data.sync = true (default)
2021-07-28 08:37:05,200 [pool-653-thread-1] INFO  server.RaftServerConfigKeys (ConfUtils.java:logGet(44)) - raft.server.log.statemachine.data.sync.timeout = 10s (default)
2021-07-28 08:37:05,200 [pool-653-thread-1] INFO  server.RaftServerConfigKeys (ConfUtils.java:logGet(44)) - raft.server.log.statemachine.data.sync.timeout.retry = -1 (default)
2021-07-28 08:37:05,201 [pool-653-thread-1] INFO  server.RaftServerConfigKeys (ConfUtils.java:logGet(44)) - raft.server.log.write.buffer.size = 1048576 (custom)
2021-07-28 08:37:05,202 [pool-653-thread-1] INFO  server.RaftServerConfigKeys (ConfUtils.java:logGet(44)) - raft.server.log.statemachine.data.caching.enabled = true (custom)
2021-07-28 08:37:05,202 [pool-653-thread-1] INFO  segmented.SegmentedRaftLogWorker (SegmentedRaftLogWorker.java:lambda$new$0(133)) - 5adaab23-8dc1-4fdb-be6f-dc28f4219fad@group-87309CCAF353-SegmentedRaftLogWorker: flushIndex: setUnconditionally 0 -> -1
2021-07-28 08:37:05,203 [pool-653-thread-1] INFO  segmented.SegmentedRaftLogWorker (SegmentedRaftLogWorker.java:lambda$new$0(133)) - 5adaab23-8dc1-4fdb-be6f-dc28f4219fad@group-87309CCAF353-SegmentedRaftLogWorker: safeCacheEvictIndex: setUnconditionally 0 -> -1
2021-07-28 08:37:05,203 [pool-653-thread-1] INFO  server.RaftServerConfigKeys (ConfUtils.java:logGet(44)) - raft.server.snapshot.auto.trigger.enabled = true (custom)
2021-07-28 08:37:05,203 [pool-653-thread-1] INFO  server.RaftServerConfigKeys (ConfUtils.java:logGet(44)) - raft.server.snapshot.auto.trigger.threshold = 10000 (custom)
2021-07-28 08:37:05,203 [pool-653-thread-1] INFO  server.RaftServerConfigKeys (ConfUtils.java:logGet(44)) - raft.server.snapshot.retention.file.num = 5 (custom)
2021-07-28 08:37:05,203 [pool-653-thread-1] INFO  server.RaftServerConfigKeys (ConfUtils.java:logGet(44)) - raft.server.log.purge.upto.snapshot.index = false (default)
2021-07-28 08:37:05,203 [pool-653-thread-1] INFO  server.RaftServerConfigKeys (ConfUtils.java:logGet(44)) - raft.server.retrycache.expirytime = 600000ms (custom)
2021-07-28 08:37:05,203 [pool-653-thread-1] INFO  server.RaftServerConfigKeys (ConfUtils.java:logGet(44)) - raft.server.retrycache.statistics.expirytime = 100μs (default)
2021-07-28 08:37:05,205 [pool-653-thread-1] INFO  server.RaftServer$Division (RaftServerImpl.java:start(296)) - 5adaab23-8dc1-4fdb-be6f-dc28f4219fad@group-87309CCAF353: start as a follower, conf=-1: [5adaab23-8dc1-4fdb-be6f-dc28f4219fad|rpc:10.1.0.59:40175|priority:1], old=null
2021-07-28 08:37:05,205 [pool-653-thread-1] INFO  server.RaftServer$Division (RaftServerImpl.java:setRole(285)) - 5adaab23-8dc1-4fdb-be6f-dc28f4219fad@group-87309CCAF353: changes role from      null to FOLLOWER at term 0 for startAsFollower
2021-07-28 08:37:05,205 [pool-653-thread-1] INFO  impl.RoleInfo (RoleInfo.java:updateAndGet(130)) - 5adaab23-8dc1-4fdb-be6f-dc28f4219fad: start 5adaab23-8dc1-4fdb-be6f-dc28f4219fad@group-87309CCAF353-FollowerState
2021-07-28 08:37:05,209 [pool-653-thread-1] INFO  util.JmxRegister (JmxRegister.java:tryRegister(44)) - Successfully registered JMX Bean with object name Ratis:service=RaftServer,group=group-87309CCAF353,id=5adaab23-8dc1-4fdb-be6f-dc28f4219fad
2021-07-28 08:37:05,210 [Command processor thread] INFO  ratis.XceiverServerRatis (XceiverServerRatis.java:addGroup(759)) - Created group PipelineID=3d6b4bd0-f281-462f-9dad-87309ccaf353
2021-07-28 08:37:05,210 [Command processor thread] INFO  commandhandler.CreatePipelineCommandHandler (CreatePipelineCommandHandler.java:handle(106)) - Created Pipeline RATIS ONE PipelineID=3d6b4bd0-f281-462f-9dad-87309ccaf353.
2021-07-28 08:37:05,361 [Command processor thread] INFO  server.RaftServer (RaftServerProxy.java:addNew(95)) - 81ffaf6e-1a0b-4e8d-b763-a17fba998bf8: addNew group-1B179147A28D:[81ffaf6e-1a0b-4e8d-b763-a17fba998bf8|rpc:10.1.0.59:40745|priority:1] returns group-1B179147A28D:java.util.concurrent.CompletableFuture@4a28e1bc[Not completed]
2021-07-28 08:37:05,362 [pool-671-thread-1] INFO  server.RaftServer$Division (RaftServerImpl.java:<init>(181)) - 81ffaf6e-1a0b-4e8d-b763-a17fba998bf8: new RaftServerImpl for group-1B179147A28D:[81ffaf6e-1a0b-4e8d-b763-a17fba998bf8|rpc:10.1.0.59:40745|priority:1] with ContainerStateMachine:uninitialized
2021-07-28 08:37:05,362 [pool-671-thread-1] INFO  server.RaftServerConfigKeys (ConfUtils.java:logGet(44)) - raft.server.rpc.timeout.min = 5s (custom)
2021-07-28 08:37:05,362 [pool-671-thread-1] INFO  server.RaftServerConfigKeys (ConfUtils.java:logGet(44)) - raft.server.rpc.timeout.max = 5200ms (custom)
2021-07-28 08:37:05,362 [Listener at 127.0.0.1/42363] INFO  ozone.MiniOzoneClusterImpl (MiniOzoneClusterImpl.java:lambda$waitForClusterToBeReady$0(235)) - Nodes are ready. Got 9 of 9 DN Heartbeats.
2021-07-28 08:37:05,362 [Listener at 127.0.0.1/42363] INFO  ozone.MiniOzoneClusterImpl (MiniOzoneClusterImpl.java:lambda$waitForClusterToBeReady$0(238)) - Waiting for cluster to exit safe mode
2021-07-28 08:37:05,362 [Listener at 127.0.0.1/42363] INFO  ozone.MiniOzoneClusterImpl (MiniOzoneClusterImpl.java:lambda$waitForClusterToBeReady$0(240)) - SCM became leader
2021-07-28 08:37:05,362 [pool-671-thread-1] INFO  server.RaftServerConfigKeys (ConfUtils.java:logGet(44)) - raft.server.rpc.sleep.time = 25ms (default)
2021-07-28 08:37:05,363 [pool-671-thread-1] INFO  server.RaftServerConfigKeys (ConfUtils.java:logGet(44)) - raft.server.rpc.slowness.timeout = 300000ms (custom)
2021-07-28 08:37:05,363 [pool-671-thread-1] INFO  server.RaftServerConfigKeys (ConfUtils.java:logGet(44)) - raft.server.leaderelection.leader.step-down.wait-time = 10s (default)
2021-07-28 08:37:05,363 [pool-671-thread-1] INFO  server.RaftServerConfigKeys (ConfUtils.java:logGet(44)) - raft.server.sleep.deviation.threshold = 300ms (default)
2021-07-28 08:37:05,363 [pool-671-thread-1] INFO  server.RaftServerConfigKeys (ConfUtils.java:logGet(44)) - raft.server.log.appender.install.snapshot.enabled = false (custom)
2021-07-28 08:37:05,363 [pool-671-thread-1] INFO  server.RaftServer$Division (ServerState.java:<init>(105)) - 81ffaf6e-1a0b-4e8d-b763-a17fba998bf8@group-1B179147A28D: ConfigurationManager, init=-1: [81ffaf6e-1a0b-4e8d-b763-a17fba998bf8|rpc:10.1.0.59:40745|priority:1], old=null, confs=<EMPTY_MAP>
2021-07-28 08:37:05,363 [pool-671-thread-1] INFO  server.RaftServerConfigKeys (ConfUtils.java:logGet(44)) - raft.server.storage.dir = [/home/runner/work/ozone/ozone/mnt/ozone/hadoop-ozone/integration-test/target/test-dir/MiniOzoneClusterImpl-7b7c0b8f-b3d8-4fbb-9550-cea541527f6c/datanode-8/data/ratis] (custom)
2021-07-28 08:37:05,363 [pool-671-thread-1] INFO  server.RaftServerConfigKeys (ConfUtils.java:logGet(44)) - raft.server.log.corruption.policy = EXCEPTION (default)
2021-07-28 08:37:05,363 [pool-671-thread-1] INFO  server.RaftServerConfigKeys (ConfUtils.java:logGet(44)) - raft.server.storage.free-space.min = 0MB (=0) (default)
2021-07-28 08:37:05,363 [pool-671-thread-1] INFO  storage.RaftStorageDirectory (RaftStorageDirectoryImpl.java:analyzeStorage(135)) - The storage directory /home/runner/work/ozone/ozone/mnt/ozone/hadoop-ozone/integration-test/target/test-dir/MiniOzoneClusterImpl-7b7c0b8f-b3d8-4fbb-9550-cea541527f6c/datanode-8/data/ratis/a0d9895a-15d5-4a5d-8c53-1b179147a28d does not exist. Creating ...
2021-07-28 08:37:05,365 [pool-671-thread-1] INFO  storage.RaftStorageDirectory (RaftStorageDirectoryImpl.java:tryLock(230)) - Lock on /home/runner/work/ozone/ozone/mnt/ozone/hadoop-ozone/integration-test/target/test-dir/MiniOzoneClusterImpl-7b7c0b8f-b3d8-4fbb-9550-cea541527f6c/datanode-8/data/ratis/a0d9895a-15d5-4a5d-8c53-1b179147a28d/in_use.lock acquired by nodename 1859@fv-az122-844
2021-07-28 08:37:05,370 [pool-671-thread-1] INFO  storage.RaftStorage (RaftStorageImpl.java:format(89)) - Storage directory /home/runner/work/ozone/ozone/mnt/ozone/hadoop-ozone/integration-test/target/test-dir/MiniOzoneClusterImpl-7b7c0b8f-b3d8-4fbb-9550-cea541527f6c/datanode-8/data/ratis/a0d9895a-15d5-4a5d-8c53-1b179147a28d has been successfully formatted.
2021-07-28 08:37:05,370 [pool-671-thread-1] INFO  ratis.ContainerStateMachine (ContainerStateMachine.java:loadSnapshot(223)) - group-1B179147A28D: The snapshot info is null. Setting the last applied indexto:(t:0, i:~)
2021-07-28 08:37:05,370 [Datanode State Machine Thread - 0] WARN  statemachine.StateContext (StateContext.java:execute(621)) - No available thread in pool for past 1 seconds.
2021-07-28 08:37:05,371 [pool-671-thread-1] INFO  server.RaftServerConfigKeys (ConfUtils.java:logGet(44)) - raft.server.notification.no-leader.timeout = 300000ms (custom)
2021-07-28 08:37:05,371 [pool-671-thread-1] INFO  server.RaftServerConfigKeys (ConfUtils.java:logGet(44)) - raft.server.log.use.memory = false (default)
2021-07-28 08:37:05,371 [pool-671-thread-1] INFO  server.RaftServerConfigKeys (ConfUtils.java:logGet(44)) - raft.server.log.purge.gap = 1000000 (custom)
2021-07-28 08:37:05,371 [pool-671-thread-1] INFO  server.RaftServerConfigKeys (ConfUtils.java:logGet(44)) - raft.server.log.appender.buffer.byte-limit = 33554432 (custom)
2021-07-28 08:37:05,371 [pool-671-thread-1] INFO  server.RaftServerConfigKeys (ConfUtils.java:logGet(44)) - raft.server.log.segment.size.max = 1048576 (custom)
2021-07-28 08:37:05,371 [EventQueue-PipelineReportForPipelineReportHandler] INFO  pipeline.PipelineManagerV2Impl (PipelineManagerV2Impl.java:openPipeline(283)) - Pipeline Pipeline[ Id: a0d9895a-15d5-4a5d-8c53-1b179147a28d, Nodes: 81ffaf6e-1a0b-4e8d-b763-a17fba998bf8{ip: 10.1.0.59, host: fv-az122-844.zf1tlrj3kn4expqppa1j4mpycf.xx.internal.cloudapp.net, ports: [REPLICATION=36745, RATIS=40745, RATIS_ADMIN=40745, RATIS_SERVER=40745, STANDALONE=36593], networkLocation: /default-rack, certSerialId: null, persistedOpState: IN_SERVICE, persistedOpStateExpiryEpochSec: 0}, ReplicationConfig: RATIS/ONE, State:ALLOCATED, leaderId:81ffaf6e-1a0b-4e8d-b763-a17fba998bf8, CreationTimestamp2021-07-28T08:37:02.362Z[Etc/UTC]] moved to OPEN state
2021-07-28 08:37:05,372 [EventQueue-OpenPipelineForHealthyPipelineSafeModeRule] INFO  safemode.SCMSafeModeManager (HealthyPipelineSafeModeRule.java:process(124)) - SCM in safe mode. Healthy pipelines reported count is 0, required healthy pipeline reported count is 1
2021-07-28 08:37:05,372 [pool-671-thread-1] INFO  server.RaftServerConfigKeys (ConfUtils.java:logGet(44)) - raft.server.log.segment.cache.num.max = 2 (custom)
2021-07-28 08:37:05,372 [pool-671-thread-1] INFO  server.RaftServerConfigKeys (ConfUtils.java:logGet(44)) - raft.server.log.segment.cache.size.max = 200MB (=209715200) (default)
2021-07-28 08:37:05,372 [pool-671-thread-1] INFO  segmented.SegmentedRaftLogWorker (SegmentedRaftLogWorker.java:<init>(182)) - new 81ffaf6e-1a0b-4e8d-b763-a17fba998bf8@group-1B179147A28D-SegmentedRaftLogWorker for RaftStorageImpl:Storage Directory /home/runner/work/ozone/ozone/mnt/ozone/hadoop-ozone/integration-test/target/test-dir/MiniOzoneClusterImpl-7b7c0b8f-b3d8-4fbb-9550-cea541527f6c/datanode-8/data/ratis/a0d9895a-15d5-4a5d-8c53-1b179147a28d
2021-07-28 08:37:05,373 [pool-671-thread-1] INFO  server.RaftServerConfigKeys (ConfUtils.java:logGet(44)) - raft.server.log.queue.byte-limit = 2147483647 (custom)
2021-07-28 08:37:05,373 [pool-671-thread-1] INFO  server.RaftServerConfigKeys (ConfUtils.java:logGet(44)) - raft.server.log.queue.element-limit = 1024 (custom)
2021-07-28 08:37:05,373 [pool-671-thread-1] INFO  server.RaftServerConfigKeys (ConfUtils.java:logGet(44)) - raft.server.log.segment.size.max = 1048576 (custom)
2021-07-28 08:37:05,373 [pool-671-thread-1] INFO  server.RaftServerConfigKeys (ConfUtils.java:logGet(44)) - raft.server.log.preallocated.size = 16384 (custom)
2021-07-28 08:37:05,373 [pool-671-thread-1] INFO  server.RaftServerConfigKeys (ConfUtils.java:logGet(44)) - raft.server.log.force.sync.num = 128 (default)
2021-07-28 08:37:05,373 [pool-671-thread-1] INFO  server.RaftServerConfigKeys (ConfUtils.java:logGet(44)) - raft.server.log.statemachine.data.sync = true (default)
2021-07-28 08:37:05,373 [pool-671-thread-1] INFO  server.RaftServerConfigKeys (ConfUtils.java:logGet(44)) - raft.server.log.statemachine.data.sync.timeout = 10s (default)
2021-07-28 08:37:05,373 [pool-671-thread-1] INFO  server.RaftServerConfigKeys (ConfUtils.java:logGet(44)) - raft.server.log.statemachine.data.sync.timeout.retry = -1 (default)
2021-07-28 08:37:05,374 [pool-671-thread-1] INFO  server.RaftServerConfigKeys (ConfUtils.java:logGet(44)) - raft.server.log.write.buffer.size = 1048576 (custom)
2021-07-28 08:37:05,375 [pool-671-thread-1] INFO  server.RaftServerConfigKeys (ConfUtils.java:logGet(44)) - raft.server.log.statemachine.data.caching.enabled = true (custom)
2021-07-28 08:37:05,375 [pool-671-thread-1] INFO  segmented.SegmentedRaftLogWorker (SegmentedRaftLogWorker.java:lambda$new$0(133)) - 81ffaf6e-1a0b-4e8d-b763-a17fba998bf8@group-1B179147A28D-SegmentedRaftLogWorker: flushIndex: setUnconditionally 0 -> -1
2021-07-28 08:37:05,375 [pool-671-thread-1] INFO  segmented.SegmentedRaftLogWorker (SegmentedRaftLogWorker.java:lambda$new$0(133)) - 81ffaf6e-1a0b-4e8d-b763-a17fba998bf8@group-1B179147A28D-SegmentedRaftLogWorker: safeCacheEvictIndex: setUnconditionally 0 -> -1
2021-07-28 08:37:05,376 [pool-671-thread-1] INFO  server.RaftServerConfigKeys (ConfUtils.java:logGet(44)) - raft.server.snapshot.auto.trigger.enabled = true (custom)
2021-07-28 08:37:05,376 [pool-671-thread-1] INFO  server.RaftServerConfigKeys (ConfUtils.java:logGet(44)) - raft.server.snapshot.auto.trigger.threshold = 10000 (custom)
2021-07-28 08:37:05,376 [pool-671-thread-1] INFO  server.RaftServerConfigKeys (ConfUtils.java:logGet(44)) - raft.server.snapshot.retention.file.num = 5 (custom)
2021-07-28 08:37:05,376 [pool-671-thread-1] INFO  server.RaftServerConfigKeys (ConfUtils.java:logGet(44)) - raft.server.log.purge.upto.snapshot.index = false (default)
2021-07-28 08:37:05,376 [pool-671-thread-1] INFO  server.RaftServerConfigKeys (ConfUtils.java:logGet(44)) - raft.server.retrycache.expirytime = 600000ms (custom)
2021-07-28 08:37:05,376 [pool-671-thread-1] INFO  server.RaftServerConfigKeys (ConfUtils.java:logGet(44)) - raft.server.retrycache.statistics.expirytime = 100μs (default)
2021-07-28 08:37:05,378 [pool-671-thread-1] INFO  server.RaftServer$Division (RaftServerImpl.java:start(296)) - 81ffaf6e-1a0b-4e8d-b763-a17fba998bf8@group-1B179147A28D: start as a follower, conf=-1: [81ffaf6e-1a0b-4e8d-b763-a17fba998bf8|rpc:10.1.0.59:40745|priority:1], old=null
2021-07-28 08:37:05,378 [pool-671-thread-1] INFO  server.RaftServer$Division (RaftServerImpl.java:setRole(285)) - 81ffaf6e-1a0b-4e8d-b763-a17fba998bf8@group-1B179147A28D: changes role from      null to FOLLOWER at term 0 for startAsFollower
2021-07-28 08:37:05,378 [pool-671-thread-1] INFO  impl.RoleInfo (RoleInfo.java:updateAndGet(130)) - 81ffaf6e-1a0b-4e8d-b763-a17fba998bf8: start 81ffaf6e-1a0b-4e8d-b763-a17fba998bf8@group-1B179147A28D-FollowerState
2021-07-28 08:37:05,378 [pool-671-thread-1] INFO  util.JmxRegister (JmxRegister.java:tryRegister(44)) - Successfully registered JMX Bean with object name Ratis:service=RaftServer,group=group-1B179147A28D,id=81ffaf6e-1a0b-4e8d-b763-a17fba998bf8
2021-07-28 08:37:05,379 [Command processor thread] INFO  ratis.XceiverServerRatis (XceiverServerRatis.java:addGroup(759)) - Created group PipelineID=a0d9895a-15d5-4a5d-8c53-1b179147a28d
2021-07-28 08:37:05,379 [Command processor thread] INFO  commandhandler.CreatePipelineCommandHandler (CreatePipelineCommandHandler.java:handle(106)) - Created Pipeline RATIS ONE PipelineID=a0d9895a-15d5-4a5d-8c53-1b179147a28d.
2021-07-28 08:37:06,363 [Listener at 127.0.0.1/42363] INFO  ozone.MiniOzoneClusterImpl (MiniOzoneClusterImpl.java:lambda$waitForClusterToBeReady$0(235)) - Nodes are ready. Got 9 of 9 DN Heartbeats.
2021-07-28 08:37:06,363 [Listener at 127.0.0.1/42363] INFO  ozone.MiniOzoneClusterImpl (MiniOzoneClusterImpl.java:lambda$waitForClusterToBeReady$0(238)) - Waiting for cluster to exit safe mode
2021-07-28 08:37:06,363 [Listener at 127.0.0.1/42363] INFO  ozone.MiniOzoneClusterImpl (MiniOzoneClusterImpl.java:lambda$waitForClusterToBeReady$0(240)) - SCM became leader
2021-07-28 08:37:07,363 [Listener at 127.0.0.1/42363] INFO  ozone.MiniOzoneClusterImpl (MiniOzoneClusterImpl.java:lambda$waitForClusterToBeReady$0(235)) - Nodes are ready. Got 9 of 9 DN Heartbeats.
2021-07-28 08:37:07,364 [Listener at 127.0.0.1/42363] INFO  ozone.MiniOzoneClusterImpl (MiniOzoneClusterImpl.java:lambda$waitForClusterToBeReady$0(238)) - Waiting for cluster to exit safe mode
2021-07-28 08:37:07,364 [Listener at 127.0.0.1/42363] INFO  ozone.MiniOzoneClusterImpl (MiniOzoneClusterImpl.java:lambda$waitForClusterToBeReady$0(240)) - SCM became leader
2021-07-28 08:37:08,364 [Listener at 127.0.0.1/42363] INFO  ozone.MiniOzoneClusterImpl (MiniOzoneClusterImpl.java:lambda$waitForClusterToBeReady$0(235)) - Nodes are ready. Got 9 of 9 DN Heartbeats.
2021-07-28 08:37:08,364 [Listener at 127.0.0.1/42363] INFO  ozone.MiniOzoneClusterImpl (MiniOzoneClusterImpl.java:lambda$waitForClusterToBeReady$0(238)) - Waiting for cluster to exit safe mode
2021-07-28 08:37:08,364 [Listener at 127.0.0.1/42363] INFO  ozone.MiniOzoneClusterImpl (MiniOzoneClusterImpl.java:lambda$waitForClusterToBeReady$0(240)) - SCM became leader
2021-07-28 08:37:08,972 [d20c9192-b22d-4378-befe-a66526543a88@group-94746EF94367-FollowerState] INFO  impl.FollowerState (FollowerState.java:run(134)) - d20c9192-b22d-4378-befe-a66526543a88@group-94746EF94367-FollowerState: change to CANDIDATE, lastRpcElapsedTime:5083400853ns, electionTimeout:5083ms
2021-07-28 08:37:08,972 [d20c9192-b22d-4378-befe-a66526543a88@group-94746EF94367-FollowerState] INFO  impl.RoleInfo (RoleInfo.java:shutdownFollowerState(108)) - d20c9192-b22d-4378-befe-a66526543a88: shutdown d20c9192-b22d-4378-befe-a66526543a88@group-94746EF94367-FollowerState
2021-07-28 08:37:08,972 [d20c9192-b22d-4378-befe-a66526543a88@group-94746EF94367-FollowerState] INFO  server.RaftServer$Division (RaftServerImpl.java:setRole(285)) - d20c9192-b22d-4378-befe-a66526543a88@group-94746EF94367: changes role from  FOLLOWER to CANDIDATE at term 0 for changeToCandidate
2021-07-28 08:37:08,974 [d20c9192-b22d-4378-befe-a66526543a88@group-94746EF94367-FollowerState] INFO  server.RaftServerConfigKeys (ConfUtils.java:logGet(44)) - raft.server.leaderelection.pre-vote = false (custom)
2021-07-28 08:37:08,974 [d20c9192-b22d-4378-befe-a66526543a88@group-94746EF94367-FollowerState] INFO  impl.RoleInfo (RoleInfo.java:updateAndGet(130)) - d20c9192-b22d-4378-befe-a66526543a88: start d20c9192-b22d-4378-befe-a66526543a88@group-94746EF94367-LeaderElection60
2021-07-28 08:37:08,977 [d20c9192-b22d-4378-befe-a66526543a88@group-94746EF94367-LeaderElection60] INFO  impl.LeaderElection (LeaderElection.java:askForVotes(306)) - d20c9192-b22d-4378-befe-a66526543a88@group-94746EF94367-LeaderElection60 ELECTION round 0: submit vote requests at term 1 for -1: [d20c9192-b22d-4378-befe-a66526543a88|rpc:10.1.0.59:35025|priority:1], old=null
2021-07-28 08:37:08,977 [d20c9192-b22d-4378-befe-a66526543a88@group-94746EF94367-LeaderElection60] INFO  impl.LeaderElection (LeaderElection.java:askForVotes(308)) - d20c9192-b22d-4378-befe-a66526543a88@group-94746EF94367-LeaderElection60 ELECTION round 0: result PASSED (term=1)
2021-07-28 08:37:08,977 [d20c9192-b22d-4378-befe-a66526543a88@group-94746EF94367-LeaderElection60] INFO  impl.RoleInfo (RoleInfo.java:shutdownLeaderElection(121)) - d20c9192-b22d-4378-befe-a66526543a88: shutdown d20c9192-b22d-4378-befe-a66526543a88@group-94746EF94367-LeaderElection60
2021-07-28 08:37:08,977 [d20c9192-b22d-4378-befe-a66526543a88@group-94746EF94367-LeaderElection60] INFO  server.RaftServer$Division (RaftServerImpl.java:setRole(285)) - d20c9192-b22d-4378-befe-a66526543a88@group-94746EF94367: changes role from CANDIDATE to LEADER at term 1 for changeToLeader
2021-07-28 08:37:08,977 [d20c9192-b22d-4378-befe-a66526543a88@group-94746EF94367-LeaderElection60] INFO  ratis.XceiverServerRatis (XceiverServerRatis.java:handleLeaderChangedNotification(857)) - Leader change notification received for group: group-94746EF94367 with new leaderId: d20c9192-b22d-4378-befe-a66526543a88
2021-07-28 08:37:08,977 [d20c9192-b22d-4378-befe-a66526543a88@group-94746EF94367-LeaderElection60] INFO  server.RaftServer$Division (ServerState.java:setLeader(285)) - d20c9192-b22d-4378-befe-a66526543a88@group-94746EF94367: change Leader from null to d20c9192-b22d-4378-befe-a66526543a88 at term 1 for becomeLeader, leader elected after 5102ms
2021-07-28 08:37:08,977 [d20c9192-b22d-4378-befe-a66526543a88@group-94746EF94367-LeaderElection60] INFO  server.RaftServerConfigKeys (ConfUtils.java:logGet(44)) - raft.server.staging.catchup.gap = 1000 (default)
2021-07-28 08:37:08,978 [d20c9192-b22d-4378-befe-a66526543a88@group-94746EF94367-LeaderElection60] INFO  server.RaftServerConfigKeys (ConfUtils.java:logGet(44)) - raft.server.write.element-limit = 1024 (custom)
2021-07-28 08:37:08,978 [d20c9192-b22d-4378-befe-a66526543a88@group-94746EF94367-LeaderElection60] INFO  server.RaftServerConfigKeys (ConfUtils.java:logGet(44)) - raft.server.write.byte-limit = 1073741824 (custom)
2021-07-28 08:37:08,978 [d20c9192-b22d-4378-befe-a66526543a88@group-94746EF94367-LeaderElection60] INFO  server.RaftServerConfigKeys (ConfUtils.java:logGet(44)) - raft.server.watch.timeout = 3000ms (custom)
2021-07-28 08:37:08,978 [d20c9192-b22d-4378-befe-a66526543a88@group-94746EF94367-LeaderElection60] INFO  server.RaftServerConfigKeys (ConfUtils.java:logGet(44)) - raft.server.watch.timeout.denomination = 1s (default)
2021-07-28 08:37:08,978 [d20c9192-b22d-4378-befe-a66526543a88@group-94746EF94367-LeaderElection60] INFO  server.RaftServerConfigKeys (ConfUtils.java:logGet(44)) - raft.server.watch.element-limit = 65536 (default)
2021-07-28 08:37:08,978 [d20c9192-b22d-4378-befe-a66526543a88@group-94746EF94367-LeaderElection60] INFO  impl.RoleInfo (RoleInfo.java:updateAndGet(130)) - d20c9192-b22d-4378-befe-a66526543a88: start d20c9192-b22d-4378-befe-a66526543a88@group-94746EF94367-LeaderStateImpl
2021-07-28 08:37:08,979 [d20c9192-b22d-4378-befe-a66526543a88@group-94746EF94367-LeaderElection60] INFO  segmented.SegmentedRaftLogWorker (SegmentedRaftLogWorker.java:startLogSegment(394)) - d20c9192-b22d-4378-befe-a66526543a88@group-94746EF94367-SegmentedRaftLogWorker: Starting segment from index:0
2021-07-28 08:37:08,980 [EventQueue-OpenPipelineForHealthyPipelineSafeModeRule] INFO  safemode.SCMSafeModeManager (HealthyPipelineSafeModeRule.java:process(124)) - SCM in safe mode. Healthy pipelines reported count is 0, required healthy pipeline reported count is 1
2021-07-28 08:37:08,981 [d20c9192-b22d-4378-befe-a66526543a88@group-94746EF94367-SegmentedRaftLogWorker] INFO  segmented.SegmentedRaftLogWorker (SegmentedRaftLogWorker.java:execute(601)) - d20c9192-b22d-4378-befe-a66526543a88@group-94746EF94367-SegmentedRaftLogWorker: created new log segment /home/runner/work/ozone/ozone/mnt/ozone/hadoop-ozone/integration-test/target/test-dir/MiniOzoneClusterImpl-7b7c0b8f-b3d8-4fbb-9550-cea541527f6c/datanode-0/data/ratis/dcd2ae9b-6982-4286-8bb9-94746ef94367/current/log_inprogress_0
2021-07-28 08:37:08,983 [d20c9192-b22d-4378-befe-a66526543a88@group-94746EF94367-LeaderElection60] INFO  server.RaftServer$Division (ServerState.java:setRaftConf(387)) - d20c9192-b22d-4378-befe-a66526543a88@group-94746EF94367: set configuration 0: [d20c9192-b22d-4378-befe-a66526543a88|rpc:10.1.0.59:35025|dataStream:|priority:1], old=null
2021-07-28 08:37:09,036 [3eacac38-fa6c-439b-bf72-bbc3b8f2ba66@group-82F261664D2A-FollowerState] INFO  impl.FollowerState (FollowerState.java:run(134)) - 3eacac38-fa6c-439b-bf72-bbc3b8f2ba66@group-82F261664D2A-FollowerState: change to CANDIDATE, lastRpcElapsedTime:5052988878ns, electionTimeout:5051ms
2021-07-28 08:37:09,036 [3eacac38-fa6c-439b-bf72-bbc3b8f2ba66@group-82F261664D2A-FollowerState] INFO  impl.RoleInfo (RoleInfo.java:shutdownFollowerState(108)) - 3eacac38-fa6c-439b-bf72-bbc3b8f2ba66: shutdown 3eacac38-fa6c-439b-bf72-bbc3b8f2ba66@group-82F261664D2A-FollowerState
2021-07-28 08:37:09,036 [3eacac38-fa6c-439b-bf72-bbc3b8f2ba66@group-82F261664D2A-FollowerState] INFO  server.RaftServer$Division (RaftServerImpl.java:setRole(285)) - 3eacac38-fa6c-439b-bf72-bbc3b8f2ba66@group-82F261664D2A: changes role from  FOLLOWER to CANDIDATE at term 0 for changeToCandidate
2021-07-28 08:37:09,037 [3eacac38-fa6c-439b-bf72-bbc3b8f2ba66@group-82F261664D2A-FollowerState] INFO  server.RaftServerConfigKeys (ConfUtils.java:logGet(44)) - raft.server.leaderelection.pre-vote = false (custom)
2021-07-28 08:37:09,037 [3eacac38-fa6c-439b-bf72-bbc3b8f2ba66@group-82F261664D2A-FollowerState] INFO  impl.RoleInfo (RoleInfo.java:updateAndGet(130)) - 3eacac38-fa6c-439b-bf72-bbc3b8f2ba66: start 3eacac38-fa6c-439b-bf72-bbc3b8f2ba66@group-82F261664D2A-LeaderElection61
2021-07-28 08:37:09,039 [3eacac38-fa6c-439b-bf72-bbc3b8f2ba66@group-82F261664D2A-LeaderElection61] INFO  impl.LeaderElection (LeaderElection.java:askForVotes(306)) - 3eacac38-fa6c-439b-bf72-bbc3b8f2ba66@group-82F261664D2A-LeaderElection61 ELECTION round 0: submit vote requests at term 1 for -1: [b7359b5d-2f96-41df-9094-9722a03cb7a4|rpc:10.1.0.59:35585|dataStream:|priority:0, d20c9192-b22d-4378-befe-a66526543a88|rpc:10.1.0.59:35025|dataStream:|priority:0, 3eacac38-fa6c-439b-bf72-bbc3b8f2ba66|rpc:10.1.0.59:37715|dataStream:|priority:1], old=null
2021-07-28 08:37:09,051 [grpc-default-executor-1] INFO  server.RaftServer$Division (RaftServerImpl.java:requestVote(1043)) - b7359b5d-2f96-41df-9094-9722a03cb7a4@group-82F261664D2A: receive requestVote(ELECTION, 3eacac38-fa6c-439b-bf72-bbc3b8f2ba66, group-82F261664D2A, 1, (t:0, i:0))
2021-07-28 08:37:09,051 [grpc-default-executor-1] INFO  impl.VoteContext (VoteContext.java:log(48)) - b7359b5d-2f96-41df-9094-9722a03cb7a4@group-82F261664D2A-FOLLOWER: accept ELECTION from 3eacac38-fa6c-439b-bf72-bbc3b8f2ba66: our priority 0 <= candidate's priority 1
2021-07-28 08:37:09,051 [grpc-default-executor-1] INFO  server.RaftServer$Division (RaftServerImpl.java:setRole(285)) - b7359b5d-2f96-41df-9094-9722a03cb7a4@group-82F261664D2A: changes role from  FOLLOWER to FOLLOWER at term 1 for candidate:3eacac38-fa6c-439b-bf72-bbc3b8f2ba66
2021-07-28 08:37:09,051 [grpc-default-executor-1] INFO  impl.RoleInfo (RoleInfo.java:shutdownFollowerState(108)) - b7359b5d-2f96-41df-9094-9722a03cb7a4: shutdown b7359b5d-2f96-41df-9094-9722a03cb7a4@group-82F261664D2A-FollowerState
2021-07-28 08:37:09,051 [grpc-default-executor-1] INFO  impl.RoleInfo (RoleInfo.java:updateAndGet(130)) - b7359b5d-2f96-41df-9094-9722a03cb7a4: start b7359b5d-2f96-41df-9094-9722a03cb7a4@group-82F261664D2A-FollowerState
2021-07-28 08:37:09,051 [b7359b5d-2f96-41df-9094-9722a03cb7a4@group-82F261664D2A-FollowerState] INFO  impl.FollowerState (FollowerState.java:run(143)) - b7359b5d-2f96-41df-9094-9722a03cb7a4@group-82F261664D2A-FollowerState was interrupted: {}
java.lang.InterruptedException: sleep interrupted
	at java.lang.Thread.sleep(Native Method)
	at java.lang.Thread.sleep(Thread.java:340)
	at java.util.concurrent.TimeUnit.sleep(TimeUnit.java:386)
	at org.apache.ratis.util.TimeDuration.sleep(TimeDuration.java:324)
	at org.apache.ratis.util.TimeDuration.sleep(TimeDuration.java:309)
	at org.apache.ratis.server.impl.FollowerState.run(FollowerState.java:118)
2021-07-28 08:37:09,061 [grpc-default-executor-1] INFO  server.RaftServer$Division (RaftServerImpl.java:requestVote(1075)) - b7359b5d-2f96-41df-9094-9722a03cb7a4@group-82F261664D2A replies to ELECTION vote request: 3eacac38-fa6c-439b-bf72-bbc3b8f2ba66<-b7359b5d-2f96-41df-9094-9722a03cb7a4#0:OK-t1. Peer's state: b7359b5d-2f96-41df-9094-9722a03cb7a4@group-82F261664D2A:t1, leader=null, voted=3eacac38-fa6c-439b-bf72-bbc3b8f2ba66, raftlog=b7359b5d-2f96-41df-9094-9722a03cb7a4@group-82F261664D2A-SegmentedRaftLog:OPENED:c-1,f-1,i0, conf=-1: [b7359b5d-2f96-41df-9094-9722a03cb7a4|rpc:10.1.0.59:35585|dataStream:|priority:0, d20c9192-b22d-4378-befe-a66526543a88|rpc:10.1.0.59:35025|dataStream:|priority:0, 3eacac38-fa6c-439b-bf72-bbc3b8f2ba66|rpc:10.1.0.59:37715|dataStream:|priority:1], old=null
2021-07-28 08:37:09,063 [grpc-default-executor-1] INFO  server.RaftServer$Division (RaftServerImpl.java:requestVote(1043)) - d20c9192-b22d-4378-befe-a66526543a88@group-82F261664D2A: receive requestVote(ELECTION, 3eacac38-fa6c-439b-bf72-bbc3b8f2ba66, group-82F261664D2A, 1, (t:0, i:0))
2021-07-28 08:37:09,063 [grpc-default-executor-1] INFO  impl.VoteContext (VoteContext.java:log(48)) - d20c9192-b22d-4378-befe-a66526543a88@group-82F261664D2A-FOLLOWER: accept ELECTION from 3eacac38-fa6c-439b-bf72-bbc3b8f2ba66: our priority 0 <= candidate's priority 1
2021-07-28 08:37:09,064 [grpc-default-executor-1] INFO  server.RaftServer$Division (RaftServerImpl.java:setRole(285)) - d20c9192-b22d-4378-befe-a66526543a88@group-82F261664D2A: changes role from  FOLLOWER to FOLLOWER at term 1 for candidate:3eacac38-fa6c-439b-bf72-bbc3b8f2ba66
2021-07-28 08:37:09,064 [grpc-default-executor-1] INFO  impl.RoleInfo (RoleInfo.java:shutdownFollowerState(108)) - d20c9192-b22d-4378-befe-a66526543a88: shutdown d20c9192-b22d-4378-befe-a66526543a88@group-82F261664D2A-FollowerState
2021-07-28 08:37:09,064 [grpc-default-executor-1] INFO  impl.RoleInfo (RoleInfo.java:updateAndGet(130)) - d20c9192-b22d-4378-befe-a66526543a88: start d20c9192-b22d-4378-befe-a66526543a88@group-82F261664D2A-FollowerState
2021-07-28 08:37:09,063 [3eacac38-fa6c-439b-bf72-bbc3b8f2ba66@group-82F261664D2A-LeaderElection61] INFO  impl.LeaderElection (LeaderElection.java:logAndReturn(89)) - 3eacac38-fa6c-439b-bf72-bbc3b8f2ba66@group-82F261664D2A-LeaderElection61: ELECTION PASSED received 1 response(s) and 0 exception(s):
2021-07-28 08:37:09,064 [3eacac38-fa6c-439b-bf72-bbc3b8f2ba66@group-82F261664D2A-LeaderElection61] INFO  impl.LeaderElection (LeaderElection.java:logAndReturn(93)) -   Response 0: 3eacac38-fa6c-439b-bf72-bbc3b8f2ba66<-b7359b5d-2f96-41df-9094-9722a03cb7a4#0:OK-t1
2021-07-28 08:37:09,065 [3eacac38-fa6c-439b-bf72-bbc3b8f2ba66@group-82F261664D2A-LeaderElection61] INFO  impl.LeaderElection (LeaderElection.java:askForVotes(308)) - 3eacac38-fa6c-439b-bf72-bbc3b8f2ba66@group-82F261664D2A-LeaderElection61 ELECTION round 0: result PASSED
2021-07-28 08:37:09,065 [3eacac38-fa6c-439b-bf72-bbc3b8f2ba66@group-82F261664D2A-LeaderElection61] INFO  impl.RoleInfo (RoleInfo.java:shutdownLeaderElection(121)) - 3eacac38-fa6c-439b-bf72-bbc3b8f2ba66: shutdown 3eacac38-fa6c-439b-bf72-bbc3b8f2ba66@group-82F261664D2A-LeaderElection61
2021-07-28 08:37:09,065 [3eacac38-fa6c-439b-bf72-bbc3b8f2ba66@group-82F261664D2A-LeaderElection61] INFO  server.RaftServer$Division (RaftServerImpl.java:setRole(285)) - 3eacac38-fa6c-439b-bf72-bbc3b8f2ba66@group-82F261664D2A: changes role from CANDIDATE to LEADER at term 1 for changeToLeader
2021-07-28 08:37:09,065 [3eacac38-fa6c-439b-bf72-bbc3b8f2ba66@group-82F261664D2A-LeaderElection61] INFO  ratis.XceiverServerRatis (XceiverServerRatis.java:handleLeaderChangedNotification(857)) - Leader change notification received for group: group-82F261664D2A with new leaderId: 3eacac38-fa6c-439b-bf72-bbc3b8f2ba66
2021-07-28 08:37:09,065 [3eacac38-fa6c-439b-bf72-bbc3b8f2ba66@group-82F261664D2A-LeaderElection61] INFO  server.RaftServer$Division (ServerState.java:setLeader(285)) - 3eacac38-fa6c-439b-bf72-bbc3b8f2ba66@group-82F261664D2A: change Leader from null to 3eacac38-fa6c-439b-bf72-bbc3b8f2ba66 at term 1 for becomeLeader, leader elected after 5089ms
2021-07-28 08:37:09,066 [3eacac38-fa6c-439b-bf72-bbc3b8f2ba66@group-82F261664D2A-LeaderElection61] INFO  server.RaftServerConfigKeys (ConfUtils.java:logGet(44)) - raft.server.staging.catchup.gap = 1000 (default)
2021-07-28 08:37:09,066 [Datanode State Machine Thread - 0] WARN  statemachine.StateContext (StateContext.java:execute(621)) - No available thread in pool for past 1 seconds.
2021-07-28 08:37:09,066 [3eacac38-fa6c-439b-bf72-bbc3b8f2ba66@group-82F261664D2A-LeaderElection61] INFO  server.RaftServerConfigKeys (ConfUtils.java:logGet(44)) - raft.server.write.element-limit = 1024 (custom)
2021-07-28 08:37:09,066 [3eacac38-fa6c-439b-bf72-bbc3b8f2ba66@group-82F261664D2A-LeaderElection61] INFO  server.RaftServerConfigKeys (ConfUtils.java:logGet(44)) - raft.server.write.byte-limit = 1073741824 (custom)
2021-07-28 08:37:09,066 [3eacac38-fa6c-439b-bf72-bbc3b8f2ba66@group-82F261664D2A-LeaderElection61] INFO  server.RaftServerConfigKeys (ConfUtils.java:logGet(44)) - raft.server.watch.timeout = 3000ms (custom)
2021-07-28 08:37:09,066 [3eacac38-fa6c-439b-bf72-bbc3b8f2ba66@group-82F261664D2A-LeaderElection61] INFO  server.RaftServerConfigKeys (ConfUtils.java:logGet(44)) - raft.server.watch.timeout.denomination = 1s (default)
2021-07-28 08:37:09,067 [3eacac38-fa6c-439b-bf72-bbc3b8f2ba66@group-82F261664D2A-LeaderElection61] INFO  server.RaftServerConfigKeys (ConfUtils.java:logGet(44)) - raft.server.watch.element-limit = 65536 (default)
2021-07-28 08:37:09,067 [3eacac38-fa6c-439b-bf72-bbc3b8f2ba66@group-82F261664D2A-LeaderElection61] INFO  server.RaftServerConfigKeys (ConfUtils.java:logGet(44)) - raft.server.log.appender.snapshot.chunk.size.max = 16MB (=16777216) (default)
2021-07-28 08:37:09,067 [3eacac38-fa6c-439b-bf72-bbc3b8f2ba66@group-82F261664D2A-LeaderElection61] INFO  server.RaftServerConfigKeys (ConfUtils.java:logGet(44)) - raft.server.log.appender.buffer.byte-limit = 33554432 (custom)
2021-07-28 08:37:09,067 [3eacac38-fa6c-439b-bf72-bbc3b8f2ba66@group-82F261664D2A-LeaderElection61] INFO  server.RaftServerConfigKeys (ConfUtils.java:logGet(44)) - raft.server.log.appender.buffer.element-limit = 1 (custom)
2021-07-28 08:37:09,067 [3eacac38-fa6c-439b-bf72-bbc3b8f2ba66@group-82F261664D2A-LeaderElection61] INFO  grpc.GrpcConfigKeys (ConfUtils.java:logGet(44)) - raft.grpc.server.leader.outstanding.appends.max = 128 (default)
2021-07-28 08:37:09,067 [EventQueue-PipelineReportForPipelineReportHandler] INFO  pipeline.PipelineManagerV2Impl (PipelineManagerV2Impl.java:openPipeline(283)) - Pipeline Pipeline[ Id: e97822f2-aa76-4768-94e3-82f261664d2a, Nodes: b7359b5d-2f96-41df-9094-9722a03cb7a4{ip: 10.1.0.59, host: fv-az122-844.zf1tlrj3kn4expqppa1j4mpycf.xx.internal.cloudapp.net, ports: [REPLICATION=44421, RATIS=35585, RATIS_ADMIN=35585, RATIS_SERVER=35585, STANDALONE=43451], networkLocation: /default-rack, certSerialId: null, persistedOpState: IN_SERVICE, persistedOpStateExpiryEpochSec: 0}d20c9192-b22d-4378-befe-a66526543a88{ip: 10.1.0.59, host: fv-az122-844.zf1tlrj3kn4expqppa1j4mpycf.xx.internal.cloudapp.net, ports: [REPLICATION=36245, RATIS=35025, RATIS_ADMIN=35025, RATIS_SERVER=35025, STANDALONE=33695], networkLocation: /default-rack, certSerialId: null, persistedOpState: IN_SERVICE, persistedOpStateExpiryEpochSec: 0}3eacac38-fa6c-439b-bf72-bbc3b8f2ba66{ip: 10.1.0.59, host: fv-az122-844.zf1tlrj3kn4expqppa1j4mpycf.xx.internal.cloudapp.net, ports: [REPLICATION=42221, RATIS=37715, RATIS_ADMIN=37715, RATIS_SERVER=37715, STANDALONE=45931], networkLocation: /default-rack, certSerialId: null, persistedOpState: IN_SERVICE, persistedOpStateExpiryEpochSec: 0}, ReplicationConfig: RATIS/THREE, State:ALLOCATED, leaderId:3eacac38-fa6c-439b-bf72-bbc3b8f2ba66, CreationTimestamp2021-07-28T08:37:01.237Z[Etc/UTC]] moved to OPEN state
2021-07-28 08:37:09,067 [EventQueue-OpenPipelineForHealthyPipelineSafeModeRule] INFO  safemode.SCMSafeModeManager (HealthyPipelineSafeModeRule.java:process(124)) - SCM in safe mode. Healthy pipelines reported count is 0, required healthy pipeline reported count is 1
2021-07-28 08:37:09,067 [3eacac38-fa6c-439b-bf72-bbc3b8f2ba66@group-82F261664D2A-LeaderElection61] INFO  server.RaftServerConfigKeys (ConfUtils.java:logGet(44)) - raft.server.rpc.request.timeout = 3000ms (default)
2021-07-28 08:37:09,067 [3eacac38-fa6c-439b-bf72-bbc3b8f2ba66@group-82F261664D2A-LeaderElection61] INFO  server.RaftServerConfigKeys (ConfUtils.java:logGet(44)) - raft.server.log.appender.install.snapshot.enabled = false (custom)
2021-07-28 08:37:09,067 [EventQueue-OpenPipelineForHealthyPipelineSafeModeRule] INFO  safemode.SCMSafeModeManager (HealthyPipelineSafeModeRule.java:process(124)) - SCM in safe mode. Healthy pipelines reported count is 1, required healthy pipeline reported count is 1
2021-07-28 08:37:09,068 [EventQueue-OpenPipelineForHealthyPipelineSafeModeRule] INFO  safemode.SCMSafeModeManager (SCMSafeModeManager.java:validateSafeModeExitRules(204)) - HealthyPipelineSafeModeRule rule is successfully validated
2021-07-28 08:37:09,068 [EventQueue-OpenPipelineForHealthyPipelineSafeModeRule] INFO  safemode.SCMSafeModeManager (SCMSafeModeManager.java:validateSafeModeExitRules(219)) - ScmSafeModeManager, all rules are successfully validated
2021-07-28 08:37:09,068 [EventQueue-OpenPipelineForHealthyPipelineSafeModeRule] INFO  safemode.SCMSafeModeManager (SCMSafeModeManager.java:exitSafeMode(248)) - SCM exiting safe mode.
2021-07-28 08:37:09,068 [EventQueue-OpenPipelineForHealthyPipelineSafeModeRule] WARN  events.EventQueue (EventQueue.java:fireEvent(194)) - No event handler registered for event TypedEvent{payloadType=SafeModeStatus, name='Safe mode status'}
2021-07-28 08:37:09,068 [EventQueue-OpenPipelineForHealthyPipelineSafeModeRule] INFO  ha.SCMContext (SCMContext.java:updateSafeModeStatus(205)) - Update SafeModeStatus from SafeModeStatus{safeModeStatus=true, preCheckPassed=true} to SafeModeStatus{safeModeStatus=false, preCheckPassed=true}.
2021-07-28 08:37:09,068 [EventQueue-OpenPipelineForHealthyPipelineSafeModeRule] INFO  pipeline.BackgroundPipelineCreator (BackgroundPipelineCreatorV2.java:notifyStatusChanged(264)) - Service BackgroundPipelineCreator transitions to RUNNING.
2021-07-28 08:37:09,068 [EventQueue-OpenPipelineForHealthyPipelineSafeModeRule] INFO  container.ReplicationManager (ReplicationManager.java:notifyStatusChanged(1686)) - Service ReplicationManager transitions to RUNNING.
2021-07-28 08:37:09,069 [3eacac38-fa6c-439b-bf72-bbc3b8f2ba66@group-82F261664D2A-LeaderElection61] INFO  server.RaftServerConfigKeys (ConfUtils.java:logGet(44)) - raft.server.log.appender.snapshot.chunk.size.max = 16MB (=16777216) (default)
2021-07-28 08:37:09,069 [3eacac38-fa6c-439b-bf72-bbc3b8f2ba66@group-82F261664D2A-LeaderElection61] INFO  server.RaftServerConfigKeys (ConfUtils.java:logGet(44)) - raft.server.log.appender.buffer.byte-limit = 33554432 (custom)
2021-07-28 08:37:09,069 [3eacac38-fa6c-439b-bf72-bbc3b8f2ba66@group-82F261664D2A-LeaderElection61] INFO  server.RaftServerConfigKeys (ConfUtils.java:logGet(44)) - raft.server.log.appender.buffer.element-limit = 1 (custom)
2021-07-28 08:37:09,069 [3eacac38-fa6c-439b-bf72-bbc3b8f2ba66@group-82F261664D2A-LeaderElection61] INFO  grpc.GrpcConfigKeys (ConfUtils.java:logGet(44)) - raft.grpc.server.leader.outstanding.appends.max = 128 (default)
2021-07-28 08:37:09,069 [3eacac38-fa6c-439b-bf72-bbc3b8f2ba66@group-82F261664D2A-LeaderElection61] INFO  server.RaftServerConfigKeys (ConfUtils.java:logGet(44)) - raft.server.rpc.request.timeout = 3000ms (default)
2021-07-28 08:37:09,069 [3eacac38-fa6c-439b-bf72-bbc3b8f2ba66@group-82F261664D2A-LeaderElection61] INFO  server.RaftServerConfigKeys (ConfUtils.java:logGet(44)) - raft.server.log.appender.install.snapshot.enabled = false (custom)
2021-07-28 08:37:09,070 [3eacac38-fa6c-439b-bf72-bbc3b8f2ba66@group-82F261664D2A-LeaderElection61] INFO  impl.RoleInfo (RoleInfo.java:updateAndGet(130)) - 3eacac38-fa6c-439b-bf72-bbc3b8f2ba66: start 3eacac38-fa6c-439b-bf72-bbc3b8f2ba66@group-82F261664D2A-LeaderStateImpl
2021-07-28 08:37:09,070 [3eacac38-fa6c-439b-bf72-bbc3b8f2ba66@group-82F261664D2A-LeaderElection61] INFO  segmented.SegmentedRaftLogWorker (SegmentedRaftLogWorker.java:startLogSegment(394)) - 3eacac38-fa6c-439b-bf72-bbc3b8f2ba66@group-82F261664D2A-SegmentedRaftLogWorker: Starting segment from index:0
2021-07-28 08:37:09,071 [grpc-default-executor-1] INFO  server.RaftServer$Division (RaftServerImpl.java:requestVote(1075)) - d20c9192-b22d-4378-befe-a66526543a88@group-82F261664D2A replies to ELECTION vote request: 3eacac38-fa6c-439b-bf72-bbc3b8f2ba66<-d20c9192-b22d-4378-befe-a66526543a88#0:OK-t1. Peer's state: d20c9192-b22d-4378-befe-a66526543a88@group-82F261664D2A:t1, leader=null, voted=3eacac38-fa6c-439b-bf72-bbc3b8f2ba66, raftlog=d20c9192-b22d-4378-befe-a66526543a88@group-82F261664D2A-SegmentedRaftLog:OPENED:c-1,f-1,i0, conf=-1: [b7359b5d-2f96-41df-9094-9722a03cb7a4|rpc:10.1.0.59:35585|priority:0, d20c9192-b22d-4378-befe-a66526543a88|rpc:10.1.0.59:35025|priority:0, 3eacac38-fa6c-439b-bf72-bbc3b8f2ba66|rpc:10.1.0.59:37715|priority:1], old=null
2021-07-28 08:37:09,071 [d20c9192-b22d-4378-befe-a66526543a88@group-82F261664D2A-FollowerState] INFO  impl.FollowerState (FollowerState.java:run(134)) - d20c9192-b22d-4378-befe-a66526543a88@group-82F261664D2A-FollowerState: change to CANDIDATE, lastRpcElapsedTime:5170511966ns, electionTimeout:5162ms
2021-07-28 08:37:09,071 [d20c9192-b22d-4378-befe-a66526543a88@group-82F261664D2A-FollowerState] INFO  impl.RoleInfo (RoleInfo.java:shutdownFollowerState(108)) - d20c9192-b22d-4378-befe-a66526543a88: shutdown d20c9192-b22d-4378-befe-a66526543a88@group-82F261664D2A-FollowerState
2021-07-28 08:37:09,072 [3eacac38-fa6c-439b-bf72-bbc3b8f2ba66@group-82F261664D2A-SegmentedRaftLogWorker] INFO  segmented.SegmentedRaftLogWorker (SegmentedRaftLogWorker.java:execute(601)) - 3eacac38-fa6c-439b-bf72-bbc3b8f2ba66@group-82F261664D2A-SegmentedRaftLogWorker: created new log segment /home/runner/work/ozone/ozone/mnt/ozone/hadoop-ozone/integration-test/target/test-dir/MiniOzoneClusterImpl-7b7c0b8f-b3d8-4fbb-9550-cea541527f6c/datanode-2/data/ratis/e97822f2-aa76-4768-94e3-82f261664d2a/current/log_inprogress_0
2021-07-28 08:37:09,072 [d20c9192-b22d-4378-befe-a66526543a88@group-82F261664D2A-FollowerState] INFO  server.RaftServer$Division (RaftServerImpl.java:setRole(285)) - d20c9192-b22d-4378-befe-a66526543a88@group-82F261664D2A: changes role from  FOLLOWER to CANDIDATE at term 1 for changeToCandidate
2021-07-28 08:37:09,073 [d20c9192-b22d-4378-befe-a66526543a88@group-82F261664D2A-FollowerState] INFO  server.RaftServerConfigKeys (ConfUtils.java:logGet(44)) - raft.server.leaderelection.pre-vote = false (custom)
2021-07-28 08:37:09,073 [d20c9192-b22d-4378-befe-a66526543a88@group-82F261664D2A-FollowerState] INFO  impl.RoleInfo (RoleInfo.java:updateAndGet(130)) - d20c9192-b22d-4378-befe-a66526543a88: start d20c9192-b22d-4378-befe-a66526543a88@group-82F261664D2A-LeaderElection62
2021-07-28 08:37:09,073 [d20c9192-b22d-4378-befe-a66526543a88@group-82F261664D2A-FollowerState] INFO  impl.FollowerState (FollowerState.java:run(143)) - d20c9192-b22d-4378-befe-a66526543a88@group-82F261664D2A-FollowerState was interrupted: {}
java.lang.InterruptedException: sleep interrupted
	at java.lang.Thread.sleep(Native Method)
	at java.lang.Thread.sleep(Thread.java:340)
	at java.util.concurrent.TimeUnit.sleep(TimeUnit.java:386)
	at org.apache.ratis.util.TimeDuration.sleep(TimeDuration.java:324)
	at org.apache.ratis.util.TimeDuration.sleep(TimeDuration.java:309)
	at org.apache.ratis.server.impl.FollowerState.run(FollowerState.java:118)
2021-07-28 08:37:09,077 [3eacac38-fa6c-439b-bf72-bbc3b8f2ba66@group-82F261664D2A-LeaderElection61] INFO  server.RaftServer$Division (ServerState.java:setRaftConf(387)) - 3eacac38-fa6c-439b-bf72-bbc3b8f2ba66@group-82F261664D2A: set configuration 0: [b7359b5d-2f96-41df-9094-9722a03cb7a4|rpc:10.1.0.59:35585|dataStream:|priority:0, d20c9192-b22d-4378-befe-a66526543a88|rpc:10.1.0.59:35025|dataStream:|priority:0, 3eacac38-fa6c-439b-bf72-bbc3b8f2ba66|rpc:10.1.0.59:37715|dataStream:|priority:1], old=null
2021-07-28 08:37:09,084 [d20c9192-b22d-4378-befe-a66526543a88@group-82F261664D2A-LeaderElection62] INFO  impl.LeaderElection (LeaderElection.java:askForVotes(306)) - d20c9192-b22d-4378-befe-a66526543a88@group-82F261664D2A-LeaderElection62 ELECTION round 0: submit vote requests at term 2 for -1: [b7359b5d-2f96-41df-9094-9722a03cb7a4|rpc:10.1.0.59:35585|priority:0, d20c9192-b22d-4378-befe-a66526543a88|rpc:10.1.0.59:35025|priority:0, 3eacac38-fa6c-439b-bf72-bbc3b8f2ba66|rpc:10.1.0.59:37715|priority:1], old=null
2021-07-28 08:37:09,087 [grpc-default-executor-1] INFO  ratis.XceiverServerRatis (XceiverServerRatis.java:handleLeaderChangedNotification(857)) - Leader change notification received for group: group-82F261664D2A with new leaderId: 3eacac38-fa6c-439b-bf72-bbc3b8f2ba66
2021-07-28 08:37:09,088 [grpc-default-executor-1] INFO  server.RaftServer$Division (ServerState.java:setLeader(285)) - b7359b5d-2f96-41df-9094-9722a03cb7a4@group-82F261664D2A: change Leader from null to 3eacac38-fa6c-439b-bf72-bbc3b8f2ba66 at term 1 for appendEntries, leader elected after 5145ms
2021-07-28 08:37:09,090 [3eacac38-fa6c-439b-bf72-bbc3b8f2ba66@group-82F261664D2A-LeaderStateImpl] INFO  server.RaftServer$Division (ServerState.java:setLeader(285)) - 3eacac38-fa6c-439b-bf72-bbc3b8f2ba66@group-82F261664D2A: change Leader from 3eacac38-fa6c-439b-bf72-bbc3b8f2ba66 to null at term 2 for updateCurrentTerm
2021-07-28 08:37:09,090 [3eacac38-fa6c-439b-bf72-bbc3b8f2ba66@group-82F261664D2A-LeaderStateImpl] INFO  server.RaftServer$Division (RaftServerImpl.java:setRole(285)) - 3eacac38-fa6c-439b-bf72-bbc3b8f2ba66@group-82F261664D2A: changes role from    LEADER to FOLLOWER at term 2 for StepDownReason:HIGHER_TERM
2021-07-28 08:37:09,090 [3eacac38-fa6c-439b-bf72-bbc3b8f2ba66@group-82F261664D2A-LeaderStateImpl] INFO  impl.RoleInfo (RoleInfo.java:shutdownLeaderState(91)) - 3eacac38-fa6c-439b-bf72-bbc3b8f2ba66: shutdown 3eacac38-fa6c-439b-bf72-bbc3b8f2ba66@group-82F261664D2A-LeaderStateImpl
2021-07-28 08:37:09,091 [3eacac38-fa6c-439b-bf72-bbc3b8f2ba66@group-82F261664D2A->b7359b5d-2f96-41df-9094-9722a03cb7a4-GrpcLogAppender-LogAppenderDaemon] WARN  server.GrpcLogAppender (GrpcLogAppender.java:mayWait(175)) - 3eacac38-fa6c-439b-bf72-bbc3b8f2ba66@group-82F261664D2A->b7359b5d-2f96-41df-9094-9722a03cb7a4-GrpcLogAppender: Wait interrupted by java.lang.InterruptedException
2021-07-28 08:37:09,091 [3eacac38-fa6c-439b-bf72-bbc3b8f2ba66@group-82F261664D2A-LeaderStateImpl] INFO  impl.PendingRequests (PendingRequests.java:sendNotLeaderResponses(249)) - 3eacac38-fa6c-439b-bf72-bbc3b8f2ba66@group-82F261664D2A-PendingRequests: sendNotLeaderResponses
2021-07-28 08:37:09,091 [3eacac38-fa6c-439b-bf72-bbc3b8f2ba66@group-82F261664D2A->d20c9192-b22d-4378-befe-a66526543a88-GrpcLogAppender-LogAppenderDaemon] WARN  server.GrpcLogAppender (GrpcLogAppender.java:mayWait(175)) - 3eacac38-fa6c-439b-bf72-bbc3b8f2ba66@group-82F261664D2A->d20c9192-b22d-4378-befe-a66526543a88-GrpcLogAppender: Wait interrupted by java.lang.InterruptedException
2021-07-28 08:37:09,097 [grpc-default-executor-1] INFO  server.RaftServer$Division (ServerState.java:setRaftConf(387)) - b7359b5d-2f96-41df-9094-9722a03cb7a4@group-82F261664D2A: set configuration 0: [b7359b5d-2f96-41df-9094-9722a03cb7a4|rpc:10.1.0.59:35585|dataStream:|priority:0, d20c9192-b22d-4378-befe-a66526543a88|rpc:10.1.0.59:35025|dataStream:|priority:0, 3eacac38-fa6c-439b-bf72-bbc3b8f2ba66|rpc:10.1.0.59:37715|dataStream:|priority:1], old=null
2021-07-28 08:37:09,098 [grpc-default-executor-1] INFO  segmented.SegmentedRaftLogWorker (SegmentedRaftLogWorker.java:startLogSegment(394)) - b7359b5d-2f96-41df-9094-9722a03cb7a4@group-82F261664D2A-SegmentedRaftLogWorker: Starting segment from index:0
2021-07-28 08:37:09,098 [grpc-default-executor-1] INFO  server.GrpcServerProtocolService (GrpcServerProtocolService.java:onCompleted(140)) - b7359b5d-2f96-41df-9094-9722a03cb7a4: Completed APPEND_ENTRIES, lastRequest: 3eacac38-fa6c-439b-bf72-bbc3b8f2ba66->b7359b5d-2f96-41df-9094-9722a03cb7a4#1-t1,previous=(t:0, i:0),leaderCommit=0,initializing? true,entries: size=1, first=(t:1, i:0), CONFIGURATIONENTRY
2021-07-28 08:37:09,097 [3eacac38-fa6c-439b-bf72-bbc3b8f2ba66@group-82F261664D2A-LeaderStateImpl] INFO  impl.RoleInfo (RoleInfo.java:updateAndGet(130)) - 3eacac38-fa6c-439b-bf72-bbc3b8f2ba66: start 3eacac38-fa6c-439b-bf72-bbc3b8f2ba66@group-82F261664D2A-FollowerState
2021-07-28 08:37:09,098 [grpc-default-executor-4] INFO  server.GrpcServerProtocolService (GrpcServerProtocolService.java:onCompleted(140)) - d20c9192-b22d-4378-befe-a66526543a88: Completed APPEND_ENTRIES, lastRequest: 3eacac38-fa6c-439b-bf72-bbc3b8f2ba66->d20c9192-b22d-4378-befe-a66526543a88#1-t1,previous=(t:0, i:0),leaderCommit=0,initializing? true,entries: size=1, first=(t:1, i:0), CONFIGURATIONENTRY
2021-07-28 08:37:09,100 [b7359b5d-2f96-41df-9094-9722a03cb7a4@group-82F261664D2A-SegmentedRaftLogWorker] INFO  segmented.SegmentedRaftLogWorker (SegmentedRaftLogWorker.java:execute(601)) - b7359b5d-2f96-41df-9094-9722a03cb7a4@group-82F261664D2A-SegmentedRaftLogWorker: created new log segment /home/runner/work/ozone/ozone/mnt/ozone/hadoop-ozone/integration-test/target/test-dir/MiniOzoneClusterImpl-7b7c0b8f-b3d8-4fbb-9550-cea541527f6c/datanode-1/data/ratis/e97822f2-aa76-4768-94e3-82f261664d2a/current/log_inprogress_0
2021-07-28 08:37:09,103 [grpc-default-executor-1] INFO  server.GrpcLogAppender (GrpcLogAppender.java:onCompleted(344)) - 3eacac38-fa6c-439b-bf72-bbc3b8f2ba66@group-82F261664D2A->b7359b5d-2f96-41df-9094-9722a03cb7a4-AppendLogResponseHandler: follower responses appendEntries COMPLETED
2021-07-28 08:37:09,103 [grpc-default-executor-1] INFO  leader.FollowerInfo (FollowerInfoImpl.java:lambda$new$0(46)) - 3eacac38-fa6c-439b-bf72-bbc3b8f2ba66@group-82F261664D2A->b7359b5d-2f96-41df-9094-9722a03cb7a4: nextIndex: updateUnconditionally 1 -> 0
2021-07-28 08:37:09,103 [grpc-default-executor-1] INFO  server.GrpcLogAppender (GrpcLogAppender.java:onCompleted(344)) - 3eacac38-fa6c-439b-bf72-bbc3b8f2ba66@group-82F261664D2A->d20c9192-b22d-4378-befe-a66526543a88-AppendLogResponseHandler: follower responses appendEntries COMPLETED
2021-07-28 08:37:09,103 [grpc-default-executor-1] INFO  leader.FollowerInfo (FollowerInfoImpl.java:lambda$new$0(46)) - 3eacac38-fa6c-439b-bf72-bbc3b8f2ba66@group-82F261664D2A->d20c9192-b22d-4378-befe-a66526543a88: nextIndex: updateUnconditionally 1 -> 0
2021-07-28 08:37:09,110 [grpc-default-executor-1] INFO  server.RaftServer$Division (RaftServerImpl.java:requestVote(1043)) - b7359b5d-2f96-41df-9094-9722a03cb7a4@group-82F261664D2A: receive requestVote(ELECTION, d20c9192-b22d-4378-befe-a66526543a88, group-82F261664D2A, 2, (t:0, i:0))
2021-07-28 08:37:09,111 [grpc-default-executor-1] INFO  impl.VoteContext (VoteContext.java:log(48)) - b7359b5d-2f96-41df-9094-9722a03cb7a4@group-82F261664D2A-FOLLOWER: reject ELECTION from d20c9192-b22d-4378-befe-a66526543a88: our last entry (t:1, i:0) > candidate's last entry (t:0, i:0)
2021-07-28 08:37:09,111 [grpc-default-executor-1] INFO  server.RaftServer$Division (ServerState.java:setLeader(285)) - b7359b5d-2f96-41df-9094-9722a03cb7a4@group-82F261664D2A: change Leader from 3eacac38-fa6c-439b-bf72-bbc3b8f2ba66 to null at term 2 for updateCurrentTerm
2021-07-28 08:37:09,111 [grpc-default-executor-1] INFO  server.RaftServer$Division (RaftServerImpl.java:setRole(285)) - b7359b5d-2f96-41df-9094-9722a03cb7a4@group-82F261664D2A: changes role from  FOLLOWER to FOLLOWER at term 2 for candidate:d20c9192-b22d-4378-befe-a66526543a88
2021-07-28 08:37:09,111 [grpc-default-executor-1] INFO  impl.RoleInfo (RoleInfo.java:shutdownFollowerState(108)) - b7359b5d-2f96-41df-9094-9722a03cb7a4: shutdown b7359b5d-2f96-41df-9094-9722a03cb7a4@group-82F261664D2A-FollowerState
2021-07-28 08:37:09,111 [grpc-default-executor-1] INFO  impl.RoleInfo (RoleInfo.java:updateAndGet(130)) - b7359b5d-2f96-41df-9094-9722a03cb7a4: start b7359b5d-2f96-41df-9094-9722a03cb7a4@group-82F261664D2A-FollowerState
2021-07-28 08:37:09,111 [b7359b5d-2f96-41df-9094-9722a03cb7a4@group-82F261664D2A-FollowerState] INFO  impl.FollowerState (FollowerState.java:run(143)) - b7359b5d-2f96-41df-9094-9722a03cb7a4@group-82F261664D2A-FollowerState was interrupted: {}
java.lang.InterruptedException: sleep interrupted
	at java.lang.Thread.sleep(Native Method)
	at java.lang.Thread.sleep(Thread.java:340)
	at java.util.concurrent.TimeUnit.sleep(TimeUnit.java:386)
	at org.apache.ratis.util.TimeDuration.sleep(TimeDuration.java:324)
	at org.apache.ratis.util.TimeDuration.sleep(TimeDuration.java:309)
	at org.apache.ratis.server.impl.FollowerState.run(FollowerState.java:118)
2021-07-28 08:37:09,113 [grpc-default-executor-1] INFO  server.RaftServer$Division (RaftServerImpl.java:requestVote(1075)) - b7359b5d-2f96-41df-9094-9722a03cb7a4@group-82F261664D2A replies to ELECTION vote request: d20c9192-b22d-4378-befe-a66526543a88<-b7359b5d-2f96-41df-9094-9722a03cb7a4#0:FAIL-t2. Peer's state: b7359b5d-2f96-41df-9094-9722a03cb7a4@group-82F261664D2A:t2, leader=null, voted=null, raftlog=b7359b5d-2f96-41df-9094-9722a03cb7a4@group-82F261664D2A-SegmentedRaftLog:OPENED:c0,f0,i0, conf=0: [b7359b5d-2f96-41df-9094-9722a03cb7a4|rpc:10.1.0.59:35585|dataStream:|priority:0, d20c9192-b22d-4378-befe-a66526543a88|rpc:10.1.0.59:35025|dataStream:|priority:0, 3eacac38-fa6c-439b-bf72-bbc3b8f2ba66|rpc:10.1.0.59:37715|dataStream:|priority:1], old=null
2021-07-28 08:37:09,117 [grpc-default-executor-1] INFO  server.RaftServer$Division (RaftServerImpl.java:requestVote(1043)) - 3eacac38-fa6c-439b-bf72-bbc3b8f2ba66@group-82F261664D2A: receive requestVote(ELECTION, d20c9192-b22d-4378-befe-a66526543a88, group-82F261664D2A, 2, (t:0, i:0))
2021-07-28 08:37:09,117 [grpc-default-executor-1] INFO  impl.VoteContext (VoteContext.java:log(48)) - 3eacac38-fa6c-439b-bf72-bbc3b8f2ba66@group-82F261664D2A-FOLLOWER: reject ELECTION from d20c9192-b22d-4378-befe-a66526543a88: our last entry (t:1, i:0) > candidate's last entry (t:0, i:0)
2021-07-28 08:37:09,117 [grpc-default-executor-1] INFO  server.RaftServer$Division (RaftServerImpl.java:setRole(285)) - 3eacac38-fa6c-439b-bf72-bbc3b8f2ba66@group-82F261664D2A: changes role from  FOLLOWER to FOLLOWER at term 2 for candidate:d20c9192-b22d-4378-befe-a66526543a88
2021-07-28 08:37:09,117 [grpc-default-executor-1] INFO  impl.RoleInfo (RoleInfo.java:shutdownFollowerState(108)) - 3eacac38-fa6c-439b-bf72-bbc3b8f2ba66: shutdown 3eacac38-fa6c-439b-bf72-bbc3b8f2ba66@group-82F261664D2A-FollowerState
2021-07-28 08:37:09,117 [grpc-default-executor-1] INFO  impl.RoleInfo (RoleInfo.java:updateAndGet(130)) - 3eacac38-fa6c-439b-bf72-bbc3b8f2ba66: start 3eacac38-fa6c-439b-bf72-bbc3b8f2ba66@group-82F261664D2A-FollowerState
2021-07-28 08:37:09,120 [3eacac38-fa6c-439b-bf72-bbc3b8f2ba66@group-82F261664D2A-FollowerState] INFO  impl.FollowerState (FollowerState.java:run(143)) - 3eacac38-fa6c-439b-bf72-bbc3b8f2ba66@group-82F261664D2A-FollowerState was interrupted: {}
java.lang.InterruptedException: sleep interrupted
	at java.lang.Thread.sleep(Native Method)
	at java.lang.Thread.sleep(Thread.java:340)
	at java.util.concurrent.TimeUnit.sleep(TimeUnit.java:386)
	at org.apache.ratis.util.TimeDuration.sleep(TimeDuration.java:324)
	at org.apache.ratis.util.TimeDuration.sleep(TimeDuration.java:309)
	at org.apache.ratis.server.impl.FollowerState.run(FollowerState.java:118)
2021-07-28 08:37:09,121 [grpc-default-executor-1] INFO  server.RaftServer$Division (RaftServerImpl.java:requestVote(1075)) - 3eacac38-fa6c-439b-bf72-bbc3b8f2ba66@group-82F261664D2A replies to ELECTION vote request: d20c9192-b22d-4378-befe-a66526543a88<-3eacac38-fa6c-439b-bf72-bbc3b8f2ba66#0:FAIL-t2. Peer's state: 3eacac38-fa6c-439b-bf72-bbc3b8f2ba66@group-82F261664D2A:t2, leader=null, voted=null, raftlog=3eacac38-fa6c-439b-bf72-bbc3b8f2ba66@group-82F261664D2A-SegmentedRaftLog:OPENED:c0,f0,i0, conf=0: [b7359b5d-2f96-41df-9094-9722a03cb7a4|rpc:10.1.0.59:35585|dataStream:|priority:0, d20c9192-b22d-4378-befe-a66526543a88|rpc:10.1.0.59:35025|dataStream:|priority:0, 3eacac38-fa6c-439b-bf72-bbc3b8f2ba66|rpc:10.1.0.59:37715|dataStream:|priority:1], old=null
2021-07-28 08:37:09,122 [d20c9192-b22d-4378-befe-a66526543a88@group-82F261664D2A-LeaderElection62] INFO  impl.LeaderElection (LeaderElection.java:logAndReturn(89)) - d20c9192-b22d-4378-befe-a66526543a88@group-82F261664D2A-LeaderElection62: ELECTION REJECTED received 2 response(s) and 0 exception(s):
2021-07-28 08:37:09,122 [d20c9192-b22d-4378-befe-a66526543a88@group-82F261664D2A-LeaderElection62] INFO  impl.LeaderElection (LeaderElection.java:logAndReturn(93)) -   Response 0: d20c9192-b22d-4378-befe-a66526543a88<-b7359b5d-2f96-41df-9094-9722a03cb7a4#0:FAIL-t2
2021-07-28 08:37:09,123 [d20c9192-b22d-4378-befe-a66526543a88@group-82F261664D2A-LeaderElection62] INFO  impl.LeaderElection (LeaderElection.java:logAndReturn(93)) -   Response 1: d20c9192-b22d-4378-befe-a66526543a88<-3eacac38-fa6c-439b-bf72-bbc3b8f2ba66#0:FAIL-t2
2021-07-28 08:37:09,123 [d20c9192-b22d-4378-befe-a66526543a88@group-82F261664D2A-LeaderElection62] INFO  impl.LeaderElection (LeaderElection.java:askForVotes(308)) - d20c9192-b22d-4378-befe-a66526543a88@group-82F261664D2A-LeaderElection62 ELECTION round 0: result REJECTED
2021-07-28 08:37:09,123 [d20c9192-b22d-4378-befe-a66526543a88@group-82F261664D2A-LeaderElection62] INFO  server.RaftServer$Division (RaftServerImpl.java:setRole(285)) - d20c9192-b22d-4378-befe-a66526543a88@group-82F261664D2A: changes role from CANDIDATE to FOLLOWER at term 2 for REJECTED
2021-07-28 08:37:09,123 [d20c9192-b22d-4378-befe-a66526543a88@group-82F261664D2A-LeaderElection62] INFO  impl.RoleInfo (RoleInfo.java:shutdownLeaderElection(121)) - d20c9192-b22d-4378-befe-a66526543a88: shutdown d20c9192-b22d-4378-befe-a66526543a88@group-82F261664D2A-LeaderElection62
2021-07-28 08:37:09,123 [d20c9192-b22d-4378-befe-a66526543a88@group-82F261664D2A-LeaderElection62] INFO  impl.RoleInfo (RoleInfo.java:updateAndGet(130)) - d20c9192-b22d-4378-befe-a66526543a88: start d20c9192-b22d-4378-befe-a66526543a88@group-82F261664D2A-FollowerState
2021-07-28 08:37:09,213 [b7359b5d-2f96-41df-9094-9722a03cb7a4@group-A6C134BE56DC-FollowerState] INFO  impl.FollowerState (FollowerState.java:run(134)) - b7359b5d-2f96-41df-9094-9722a03cb7a4@group-A6C134BE56DC-FollowerState: change to CANDIDATE, lastRpcElapsedTime:5160182241ns, electionTimeout:5159ms
2021-07-28 08:37:09,214 [b7359b5d-2f96-41df-9094-9722a03cb7a4@group-A6C134BE56DC-FollowerState] INFO  impl.RoleInfo (RoleInfo.java:shutdownFollowerState(108)) - b7359b5d-2f96-41df-9094-9722a03cb7a4: shutdown b7359b5d-2f96-41df-9094-9722a03cb7a4@group-A6C134BE56DC-FollowerState
2021-07-28 08:37:09,214 [b7359b5d-2f96-41df-9094-9722a03cb7a4@group-A6C134BE56DC-FollowerState] INFO  server.RaftServer$Division (RaftServerImpl.java:setRole(285)) - b7359b5d-2f96-41df-9094-9722a03cb7a4@group-A6C134BE56DC: changes role from  FOLLOWER to CANDIDATE at term 0 for changeToCandidate
2021-07-28 08:37:09,215 [b7359b5d-2f96-41df-9094-9722a03cb7a4@group-A6C134BE56DC-FollowerState] INFO  server.RaftServerConfigKeys (ConfUtils.java:logGet(44)) - raft.server.leaderelection.pre-vote = false (custom)
2021-07-28 08:37:09,215 [b7359b5d-2f96-41df-9094-9722a03cb7a4@group-A6C134BE56DC-FollowerState] INFO  impl.RoleInfo (RoleInfo.java:updateAndGet(130)) - b7359b5d-2f96-41df-9094-9722a03cb7a4: start b7359b5d-2f96-41df-9094-9722a03cb7a4@group-A6C134BE56DC-LeaderElection63
2021-07-28 08:37:09,218 [b7359b5d-2f96-41df-9094-9722a03cb7a4@group-A6C134BE56DC-LeaderElection63] INFO  impl.LeaderElection (LeaderElection.java:askForVotes(306)) - b7359b5d-2f96-41df-9094-9722a03cb7a4@group-A6C134BE56DC-LeaderElection63 ELECTION round 0: submit vote requests at term 1 for -1: [b7359b5d-2f96-41df-9094-9722a03cb7a4|rpc:10.1.0.59:35585|priority:1], old=null
2021-07-28 08:37:09,218 [b7359b5d-2f96-41df-9094-9722a03cb7a4@group-A6C134BE56DC-LeaderElection63] INFO  impl.LeaderElection (LeaderElection.java:askForVotes(308)) - b7359b5d-2f96-41df-9094-9722a03cb7a4@group-A6C134BE56DC-LeaderElection63 ELECTION round 0: result PASSED (term=1)
2021-07-28 08:37:09,218 [b7359b5d-2f96-41df-9094-9722a03cb7a4@group-A6C134BE56DC-LeaderElection63] INFO  impl.RoleInfo (RoleInfo.java:shutdownLeaderElection(121)) - b7359b5d-2f96-41df-9094-9722a03cb7a4: shutdown b7359b5d-2f96-41df-9094-9722a03cb7a4@group-A6C134BE56DC-LeaderElection63
2021-07-28 08:37:09,218 [b7359b5d-2f96-41df-9094-9722a03cb7a4@group-A6C134BE56DC-LeaderElection63] INFO  server.RaftServer$Division (RaftServerImpl.java:setRole(285)) - b7359b5d-2f96-41df-9094-9722a03cb7a4@group-A6C134BE56DC: changes role from CANDIDATE to LEADER at term 1 for changeToLeader
2021-07-28 08:37:09,218 [b7359b5d-2f96-41df-9094-9722a03cb7a4@group-A6C134BE56DC-LeaderElection63] INFO  ratis.XceiverServerRatis (XceiverServerRatis.java:handleLeaderChangedNotification(857)) - Leader change notification received for group: group-A6C134BE56DC with new leaderId: b7359b5d-2f96-41df-9094-9722a03cb7a4
2021-07-28 08:37:09,218 [b7359b5d-2f96-41df-9094-9722a03cb7a4@group-A6C134BE56DC-LeaderElection63] INFO  server.RaftServer$Division (ServerState.java:setLeader(285)) - b7359b5d-2f96-41df-9094-9722a03cb7a4@group-A6C134BE56DC: change Leader from null to b7359b5d-2f96-41df-9094-9722a03cb7a4 at term 1 for becomeLeader, leader elected after 5172ms
2021-07-28 08:37:09,218 [b7359b5d-2f96-41df-9094-9722a03cb7a4@group-A6C134BE56DC-LeaderElection63] INFO  server.RaftServerConfigKeys (ConfUtils.java:logGet(44)) - raft.server.staging.catchup.gap = 1000 (default)
2021-07-28 08:37:09,219 [b7359b5d-2f96-41df-9094-9722a03cb7a4@group-A6C134BE56DC-LeaderElection63] INFO  server.RaftServerConfigKeys (ConfUtils.java:logGet(44)) - raft.server.write.element-limit = 1024 (custom)
2021-07-28 08:37:09,219 [b7359b5d-2f96-41df-9094-9722a03cb7a4@group-A6C134BE56DC-LeaderElection63] INFO  server.RaftServerConfigKeys (ConfUtils.java:logGet(44)) - raft.server.write.byte-limit = 1073741824 (custom)
2021-07-28 08:37:09,219 [b7359b5d-2f96-41df-9094-9722a03cb7a4@group-A6C134BE56DC-LeaderElection63] INFO  server.RaftServerConfigKeys (ConfUtils.java:logGet(44)) - raft.server.watch.timeout = 3000ms (custom)
2021-07-28 08:37:09,219 [b7359b5d-2f96-41df-9094-9722a03cb7a4@group-A6C134BE56DC-LeaderElection63] INFO  server.RaftServerConfigKeys (ConfUtils.java:logGet(44)) - raft.server.watch.timeout.denomination = 1s (default)
2021-07-28 08:37:09,219 [b7359b5d-2f96-41df-9094-9722a03cb7a4@group-A6C134BE56DC-LeaderElection63] INFO  server.RaftServerConfigKeys (ConfUtils.java:logGet(44)) - raft.server.watch.element-limit = 65536 (default)
2021-07-28 08:37:09,219 [b7359b5d-2f96-41df-9094-9722a03cb7a4@group-A6C134BE56DC-LeaderElection63] INFO  impl.RoleInfo (RoleInfo.java:updateAndGet(130)) - b7359b5d-2f96-41df-9094-9722a03cb7a4: start b7359b5d-2f96-41df-9094-9722a03cb7a4@group-A6C134BE56DC-LeaderStateImpl
2021-07-28 08:37:09,220 [b7359b5d-2f96-41df-9094-9722a03cb7a4@group-A6C134BE56DC-LeaderElection63] INFO  segmented.SegmentedRaftLogWorker (SegmentedRaftLogWorker.java:startLogSegment(394)) - b7359b5d-2f96-41df-9094-9722a03cb7a4@group-A6C134BE56DC-SegmentedRaftLogWorker: Starting segment from index:0
2021-07-28 08:37:09,221 [b7359b5d-2f96-41df-9094-9722a03cb7a4@group-A6C134BE56DC-SegmentedRaftLogWorker] INFO  segmented.SegmentedRaftLogWorker (SegmentedRaftLogWorker.java:execute(601)) - b7359b5d-2f96-41df-9094-9722a03cb7a4@group-A6C134BE56DC-SegmentedRaftLogWorker: created new log segment /home/runner/work/ozone/ozone/mnt/ozone/hadoop-ozone/integration-test/target/test-dir/MiniOzoneClusterImpl-7b7c0b8f-b3d8-4fbb-9550-cea541527f6c/datanode-1/data/ratis/d6f15e4c-ef5a-45c8-8650-a6c134be56dc/current/log_inprogress_0
2021-07-28 08:37:09,222 [b7359b5d-2f96-41df-9094-9722a03cb7a4@group-A6C134BE56DC-LeaderElection63] INFO  server.RaftServer$Division (ServerState.java:setRaftConf(387)) - b7359b5d-2f96-41df-9094-9722a03cb7a4@group-A6C134BE56DC: set configuration 0: [b7359b5d-2f96-41df-9094-9722a03cb7a4|rpc:10.1.0.59:35585|dataStream:|priority:1], old=null
2021-07-28 08:37:09,289 [3eacac38-fa6c-439b-bf72-bbc3b8f2ba66@group-76ACB98916C2-FollowerState] INFO  impl.FollowerState (FollowerState.java:run(134)) - 3eacac38-fa6c-439b-bf72-bbc3b8f2ba66@group-76ACB98916C2-FollowerState: change to CANDIDATE, lastRpcElapsedTime:5044257357ns, electionTimeout:5043ms
2021-07-28 08:37:09,289 [3eacac38-fa6c-439b-bf72-bbc3b8f2ba66@group-76ACB98916C2-FollowerState] INFO  impl.RoleInfo (RoleInfo.java:shutdownFollowerState(108)) - 3eacac38-fa6c-439b-bf72-bbc3b8f2ba66: shutdown 3eacac38-fa6c-439b-bf72-bbc3b8f2ba66@group-76ACB98916C2-FollowerState
2021-07-28 08:37:09,289 [3eacac38-fa6c-439b-bf72-bbc3b8f2ba66@group-76ACB98916C2-FollowerState] INFO  server.RaftServer$Division (RaftServerImpl.java:setRole(285)) - 3eacac38-fa6c-439b-bf72-bbc3b8f2ba66@group-76ACB98916C2: changes role from  FOLLOWER to CANDIDATE at term 0 for changeToCandidate
2021-07-28 08:37:09,289 [3eacac38-fa6c-439b-bf72-bbc3b8f2ba66@group-76ACB98916C2-FollowerState] INFO  server.RaftServerConfigKeys (ConfUtils.java:logGet(44)) - raft.server.leaderelection.pre-vote = false (custom)
2021-07-28 08:37:09,290 [3eacac38-fa6c-439b-bf72-bbc3b8f2ba66@group-76ACB98916C2-FollowerState] INFO  impl.RoleInfo (RoleInfo.java:updateAndGet(130)) - 3eacac38-fa6c-439b-bf72-bbc3b8f2ba66: start 3eacac38-fa6c-439b-bf72-bbc3b8f2ba66@group-76ACB98916C2-LeaderElection64
2021-07-28 08:37:09,293 [3eacac38-fa6c-439b-bf72-bbc3b8f2ba66@group-76ACB98916C2-LeaderElection64] INFO  impl.LeaderElection (LeaderElection.java:askForVotes(306)) - 3eacac38-fa6c-439b-bf72-bbc3b8f2ba66@group-76ACB98916C2-LeaderElection64 ELECTION round 0: submit vote requests at term 1 for -1: [3eacac38-fa6c-439b-bf72-bbc3b8f2ba66|rpc:10.1.0.59:37715|priority:1], old=null
2021-07-28 08:37:09,293 [3eacac38-fa6c-439b-bf72-bbc3b8f2ba66@group-76ACB98916C2-LeaderElection64] INFO  impl.LeaderElection (LeaderElection.java:askForVotes(308)) - 3eacac38-fa6c-439b-bf72-bbc3b8f2ba66@group-76ACB98916C2-LeaderElection64 ELECTION round 0: result PASSED (term=1)
2021-07-28 08:37:09,293 [3eacac38-fa6c-439b-bf72-bbc3b8f2ba66@group-76ACB98916C2-LeaderElection64] INFO  impl.RoleInfo (RoleInfo.java:shutdownLeaderElection(121)) - 3eacac38-fa6c-439b-bf72-bbc3b8f2ba66: shutdown 3eacac38-fa6c-439b-bf72-bbc3b8f2ba66@group-76ACB98916C2-LeaderElection64
2021-07-28 08:37:09,293 [3eacac38-fa6c-439b-bf72-bbc3b8f2ba66@group-76ACB98916C2-LeaderElection64] INFO  server.RaftServer$Division (RaftServerImpl.java:setRole(285)) - 3eacac38-fa6c-439b-bf72-bbc3b8f2ba66@group-76ACB98916C2: changes role from CANDIDATE to LEADER at term 1 for changeToLeader
2021-07-28 08:37:09,293 [3eacac38-fa6c-439b-bf72-bbc3b8f2ba66@group-76ACB98916C2-LeaderElection64] INFO  ratis.XceiverServerRatis (XceiverServerRatis.java:handleLeaderChangedNotification(857)) - Leader change notification received for group: group-76ACB98916C2 with new leaderId: 3eacac38-fa6c-439b-bf72-bbc3b8f2ba66
2021-07-28 08:37:09,293 [Datanode State Machine Thread - 0] WARN  statemachine.StateContext (StateContext.java:execute(621)) - No available thread in pool for past 1 seconds.
2021-07-28 08:37:09,293 [3eacac38-fa6c-439b-bf72-bbc3b8f2ba66@group-76ACB98916C2-LeaderElection64] INFO  server.RaftServer$Division (ServerState.java:setLeader(285)) - 3eacac38-fa6c-439b-bf72-bbc3b8f2ba66@group-76ACB98916C2: change Leader from null to 3eacac38-fa6c-439b-bf72-bbc3b8f2ba66 at term 1 for becomeLeader, leader elected after 5055ms
2021-07-28 08:37:09,293 [3eacac38-fa6c-439b-bf72-bbc3b8f2ba66@group-76ACB98916C2-LeaderElection64] INFO  server.RaftServerConfigKeys (ConfUtils.java:logGet(44)) - raft.server.staging.catchup.gap = 1000 (default)
2021-07-28 08:37:09,294 [3eacac38-fa6c-439b-bf72-bbc3b8f2ba66@group-76ACB98916C2-LeaderElection64] INFO  server.RaftServerConfigKeys (ConfUtils.java:logGet(44)) - raft.server.write.element-limit = 1024 (custom)
2021-07-28 08:37:09,294 [3eacac38-fa6c-439b-bf72-bbc3b8f2ba66@group-76ACB98916C2-LeaderElection64] INFO  server.RaftServerConfigKeys (ConfUtils.java:logGet(44)) - raft.server.write.byte-limit = 1073741824 (custom)
2021-07-28 08:37:09,294 [3eacac38-fa6c-439b-bf72-bbc3b8f2ba66@group-76ACB98916C2-LeaderElection64] INFO  server.RaftServerConfigKeys (ConfUtils.java:logGet(44)) - raft.server.watch.timeout = 3000ms (custom)
2021-07-28 08:37:09,294 [3eacac38-fa6c-439b-bf72-bbc3b8f2ba66@group-76ACB98916C2-LeaderElection64] INFO  server.RaftServerConfigKeys (ConfUtils.java:logGet(44)) - raft.server.watch.timeout.denomination = 1s (default)
2021-07-28 08:37:09,294 [3eacac38-fa6c-439b-bf72-bbc3b8f2ba66@group-76ACB98916C2-LeaderElection64] INFO  server.RaftServerConfigKeys (ConfUtils.java:logGet(44)) - raft.server.watch.element-limit = 65536 (default)
2021-07-28 08:37:09,294 [3eacac38-fa6c-439b-bf72-bbc3b8f2ba66@group-76ACB98916C2-LeaderElection64] INFO  impl.RoleInfo (RoleInfo.java:updateAndGet(130)) - 3eacac38-fa6c-439b-bf72-bbc3b8f2ba66: start 3eacac38-fa6c-439b-bf72-bbc3b8f2ba66@group-76ACB98916C2-LeaderStateImpl
2021-07-28 08:37:09,295 [3eacac38-fa6c-439b-bf72-bbc3b8f2ba66@group-76ACB98916C2-LeaderElection64] INFO  segmented.SegmentedRaftLogWorker (SegmentedRaftLogWorker.java:startLogSegment(394)) - 3eacac38-fa6c-439b-bf72-bbc3b8f2ba66@group-76ACB98916C2-SegmentedRaftLogWorker: Starting segment from index:0
2021-07-28 08:37:09,301 [3eacac38-fa6c-439b-bf72-bbc3b8f2ba66@group-76ACB98916C2-LeaderElection64] INFO  server.RaftServer$Division (ServerState.java:setRaftConf(387)) - 3eacac38-fa6c-439b-bf72-bbc3b8f2ba66@group-76ACB98916C2: set configuration 0: [3eacac38-fa6c-439b-bf72-bbc3b8f2ba66|rpc:10.1.0.59:37715|dataStream:|priority:1], old=null
2021-07-28 08:37:09,302 [3eacac38-fa6c-439b-bf72-bbc3b8f2ba66@group-76ACB98916C2-SegmentedRaftLogWorker] INFO  segmented.SegmentedRaftLogWorker (SegmentedRaftLogWorker.java:execute(601)) - 3eacac38-fa6c-439b-bf72-bbc3b8f2ba66@group-76ACB98916C2-SegmentedRaftLogWorker: created new log segment /home/runner/work/ozone/ozone/mnt/ozone/hadoop-ozone/integration-test/target/test-dir/MiniOzoneClusterImpl-7b7c0b8f-b3d8-4fbb-9550-cea541527f6c/datanode-2/data/ratis/6d21bc2b-cdf0-4599-ba63-76acb98916c2/current/log_inprogress_0
2021-07-28 08:37:09,365 [Listener at 127.0.0.1/42363] INFO  ozone.MiniOzoneClusterImpl (MiniOzoneClusterImpl.java:lambda$waitForClusterToBeReady$0(235)) - Nodes are ready. Got 9 of 9 DN Heartbeats.
2021-07-28 08:37:09,365 [Listener at 127.0.0.1/42363] INFO  ozone.MiniOzoneClusterImpl (MiniOzoneClusterImpl.java:lambda$waitForClusterToBeReady$0(238)) - Cluster exits safe mode
2021-07-28 08:37:09,365 [Listener at 127.0.0.1/42363] INFO  ozone.MiniOzoneClusterImpl (MiniOzoneClusterImpl.java:lambda$waitForClusterToBeReady$0(240)) - SCM became leader
2021-07-28 08:37:09,372 [Listener at 127.0.0.1/42363] INFO  rpc.RpcClient (RpcClient.java:createVolume(341)) - Creating Volume: watchforcommithandlingtest, with runner as owner and space quota set to -1 bytes, counts quota set to -1
2021-07-28 08:37:09,378 [OM StateMachine ApplyTransaction Thread - 0] INFO  volume.OMVolumeCreateRequest (OMVolumeCreateRequest.java:validateAndUpdateCache(195)) - created volume:watchforcommithandlingtest for user:runner
2021-07-28 08:37:09,390 [Listener at 127.0.0.1/42363] INFO  rpc.RpcClient (RpcClient.java:createBucket(500)) - Creating Bucket: watchforcommithandlingtest/watchforcommithandlingtest, with Versioning false and Storage Type set to DISK and Encryption set to false 
2021-07-28 08:37:09,400 [Listener at 127.0.0.1/42363] INFO  ozone.MiniOzoneClusterImpl (MiniOzoneClusterImpl.java:getStorageContainerLocationClient(346)) - Creating StorageContainerLocationProtocol RPC client with address /0.0.0.0:41693
2021-07-28 08:37:09,406 [IPC Server handler 16 on default port 41693] INFO  ha.SequenceIdGenerator (SequenceIdGenerator.java:getNextId(127)) - Allocate a batch for containerId, change lastId from 0 to 1000.
2021-07-28 08:37:09,514 [a207c4d7-e778-4207-b497-059bef413d6b@group-B1B94AC013EA-FollowerState] INFO  impl.FollowerState (FollowerState.java:run(134)) - a207c4d7-e778-4207-b497-059bef413d6b@group-B1B94AC013EA-FollowerState: change to CANDIDATE, lastRpcElapsedTime:5046432962ns, electionTimeout:5046ms
2021-07-28 08:37:09,514 [a207c4d7-e778-4207-b497-059bef413d6b@group-B1B94AC013EA-FollowerState] INFO  impl.RoleInfo (RoleInfo.java:shutdownFollowerState(108)) - a207c4d7-e778-4207-b497-059bef413d6b: shutdown a207c4d7-e778-4207-b497-059bef413d6b@group-B1B94AC013EA-FollowerState
2021-07-28 08:37:09,514 [a207c4d7-e778-4207-b497-059bef413d6b@group-B1B94AC013EA-FollowerState] INFO  server.RaftServer$Division (RaftServerImpl.java:setRole(285)) - a207c4d7-e778-4207-b497-059bef413d6b@group-B1B94AC013EA: changes role from  FOLLOWER to CANDIDATE at term 0 for changeToCandidate
2021-07-28 08:37:09,516 [a207c4d7-e778-4207-b497-059bef413d6b@group-B1B94AC013EA-FollowerState] INFO  server.RaftServerConfigKeys (ConfUtils.java:logGet(44)) - raft.server.leaderelection.pre-vote = false (custom)
2021-07-28 08:37:09,516 [a207c4d7-e778-4207-b497-059bef413d6b@group-B1B94AC013EA-FollowerState] INFO  impl.RoleInfo (RoleInfo.java:updateAndGet(130)) - a207c4d7-e778-4207-b497-059bef413d6b: start a207c4d7-e778-4207-b497-059bef413d6b@group-B1B94AC013EA-LeaderElection65
2021-07-28 08:37:09,519 [a207c4d7-e778-4207-b497-059bef413d6b@group-B1B94AC013EA-LeaderElection65] INFO  impl.LeaderElection (LeaderElection.java:askForVotes(306)) - a207c4d7-e778-4207-b497-059bef413d6b@group-B1B94AC013EA-LeaderElection65 ELECTION round 0: submit vote requests at term 1 for -1: [a207c4d7-e778-4207-b497-059bef413d6b|rpc:10.1.0.59:37517|priority:1], old=null
2021-07-28 08:37:09,519 [a207c4d7-e778-4207-b497-059bef413d6b@group-B1B94AC013EA-LeaderElection65] INFO  impl.LeaderElection (LeaderElection.java:askForVotes(308)) - a207c4d7-e778-4207-b497-059bef413d6b@group-B1B94AC013EA-LeaderElection65 ELECTION round 0: result PASSED (term=1)
2021-07-28 08:37:09,519 [a207c4d7-e778-4207-b497-059bef413d6b@group-B1B94AC013EA-LeaderElection65] INFO  impl.RoleInfo (RoleInfo.java:shutdownLeaderElection(121)) - a207c4d7-e778-4207-b497-059bef413d6b: shutdown a207c4d7-e778-4207-b497-059bef413d6b@group-B1B94AC013EA-LeaderElection65
2021-07-28 08:37:09,519 [a207c4d7-e778-4207-b497-059bef413d6b@group-B1B94AC013EA-LeaderElection65] INFO  server.RaftServer$Division (RaftServerImpl.java:setRole(285)) - a207c4d7-e778-4207-b497-059bef413d6b@group-B1B94AC013EA: changes role from CANDIDATE to LEADER at term 1 for changeToLeader
2021-07-28 08:37:09,519 [a207c4d7-e778-4207-b497-059bef413d6b@group-B1B94AC013EA-LeaderElection65] INFO  ratis.XceiverServerRatis (XceiverServerRatis.java:handleLeaderChangedNotification(857)) - Leader change notification received for group: group-B1B94AC013EA with new leaderId: a207c4d7-e778-4207-b497-059bef413d6b
2021-07-28 08:37:09,519 [a207c4d7-e778-4207-b497-059bef413d6b@group-B1B94AC013EA-LeaderElection65] INFO  server.RaftServer$Division (ServerState.java:setLeader(285)) - a207c4d7-e778-4207-b497-059bef413d6b@group-B1B94AC013EA: change Leader from null to a207c4d7-e778-4207-b497-059bef413d6b at term 1 for becomeLeader, leader elected after 5061ms
2021-07-28 08:37:09,519 [a207c4d7-e778-4207-b497-059bef413d6b@group-B1B94AC013EA-LeaderElection65] INFO  server.RaftServerConfigKeys (ConfUtils.java:logGet(44)) - raft.server.staging.catchup.gap = 1000 (default)
2021-07-28 08:37:09,520 [a207c4d7-e778-4207-b497-059bef413d6b@group-B1B94AC013EA-LeaderElection65] INFO  server.RaftServerConfigKeys (ConfUtils.java:logGet(44)) - raft.server.write.element-limit = 1024 (custom)
2021-07-28 08:37:09,520 [a207c4d7-e778-4207-b497-059bef413d6b@group-B1B94AC013EA-LeaderElection65] INFO  server.RaftServerConfigKeys (ConfUtils.java:logGet(44)) - raft.server.write.byte-limit = 1073741824 (custom)
2021-07-28 08:37:09,521 [a207c4d7-e778-4207-b497-059bef413d6b@group-B1B94AC013EA-LeaderElection65] INFO  server.RaftServerConfigKeys (ConfUtils.java:logGet(44)) - raft.server.watch.timeout = 3000ms (custom)
2021-07-28 08:37:09,521 [a207c4d7-e778-4207-b497-059bef413d6b@group-B1B94AC013EA-LeaderElection65] INFO  server.RaftServerConfigKeys (ConfUtils.java:logGet(44)) - raft.server.watch.timeout.denomination = 1s (default)
2021-07-28 08:37:09,521 [a207c4d7-e778-4207-b497-059bef413d6b@group-B1B94AC013EA-LeaderElection65] INFO  server.RaftServerConfigKeys (ConfUtils.java:logGet(44)) - raft.server.watch.element-limit = 65536 (default)
2021-07-28 08:37:09,521 [a207c4d7-e778-4207-b497-059bef413d6b@group-B1B94AC013EA-LeaderElection65] INFO  impl.RoleInfo (RoleInfo.java:updateAndGet(130)) - a207c4d7-e778-4207-b497-059bef413d6b: start a207c4d7-e778-4207-b497-059bef413d6b@group-B1B94AC013EA-LeaderStateImpl
2021-07-28 08:37:09,521 [a207c4d7-e778-4207-b497-059bef413d6b@group-B1B94AC013EA-LeaderElection65] INFO  segmented.SegmentedRaftLogWorker (SegmentedRaftLogWorker.java:startLogSegment(394)) - a207c4d7-e778-4207-b497-059bef413d6b@group-B1B94AC013EA-SegmentedRaftLogWorker: Starting segment from index:0
2021-07-28 08:37:09,523 [a207c4d7-e778-4207-b497-059bef413d6b@group-B1B94AC013EA-SegmentedRaftLogWorker] INFO  segmented.SegmentedRaftLogWorker (SegmentedRaftLogWorker.java:execute(601)) - a207c4d7-e778-4207-b497-059bef413d6b@group-B1B94AC013EA-SegmentedRaftLogWorker: created new log segment /home/runner/work/ozone/ozone/mnt/ozone/hadoop-ozone/integration-test/target/test-dir/MiniOzoneClusterImpl-7b7c0b8f-b3d8-4fbb-9550-cea541527f6c/datanode-3/data/ratis/401132e7-97ea-4585-b7a3-b1b94ac013ea/current/log_inprogress_0
2021-07-28 08:37:09,523 [a207c4d7-e778-4207-b497-059bef413d6b@group-B1B94AC013EA-LeaderElection65] INFO  server.RaftServer$Division (ServerState.java:setRaftConf(387)) - a207c4d7-e778-4207-b497-059bef413d6b@group-B1B94AC013EA: set configuration 0: [a207c4d7-e778-4207-b497-059bef413d6b|rpc:10.1.0.59:37517|dataStream:|priority:1], old=null
2021-07-28 08:37:09,547 [a207c4d7-e778-4207-b497-059bef413d6b@group-1FD284F46611-FollowerState] INFO  impl.FollowerState (FollowerState.java:run(134)) - a207c4d7-e778-4207-b497-059bef413d6b@group-1FD284F46611-FollowerState: change to CANDIDATE, lastRpcElapsedTime:5064344406ns, electionTimeout:5064ms
2021-07-28 08:37:09,548 [a207c4d7-e778-4207-b497-059bef413d6b@group-1FD284F46611-FollowerState] INFO  impl.RoleInfo (RoleInfo.java:shutdownFollowerState(108)) - a207c4d7-e778-4207-b497-059bef413d6b: shutdown a207c4d7-e778-4207-b497-059bef413d6b@group-1FD284F46611-FollowerState
2021-07-28 08:37:09,548 [a207c4d7-e778-4207-b497-059bef413d6b@group-1FD284F46611-FollowerState] INFO  server.RaftServer$Division (RaftServerImpl.java:setRole(285)) - a207c4d7-e778-4207-b497-059bef413d6b@group-1FD284F46611: changes role from  FOLLOWER to CANDIDATE at term 0 for changeToCandidate
2021-07-28 08:37:09,548 [a207c4d7-e778-4207-b497-059bef413d6b@group-1FD284F46611-FollowerState] INFO  server.RaftServerConfigKeys (ConfUtils.java:logGet(44)) - raft.server.leaderelection.pre-vote = false (custom)
2021-07-28 08:37:09,548 [a207c4d7-e778-4207-b497-059bef413d6b@group-1FD284F46611-FollowerState] INFO  impl.RoleInfo (RoleInfo.java:updateAndGet(130)) - a207c4d7-e778-4207-b497-059bef413d6b: start a207c4d7-e778-4207-b497-059bef413d6b@group-1FD284F46611-LeaderElection66
2021-07-28 08:37:09,551 [a207c4d7-e778-4207-b497-059bef413d6b@group-1FD284F46611-LeaderElection66] INFO  impl.LeaderElection (LeaderElection.java:askForVotes(306)) - a207c4d7-e778-4207-b497-059bef413d6b@group-1FD284F46611-LeaderElection66 ELECTION round 0: submit vote requests at term 1 for -1: [a207c4d7-e778-4207-b497-059bef413d6b|rpc:10.1.0.59:37517|priority:1, 5cf1d98d-61cd-4f7c-aaf3-95502ed3bd06|rpc:10.1.0.59:41113|priority:0, 6a7d5deb-ea30-475f-9337-bf1860e839e5|rpc:10.1.0.59:35389|priority:0], old=null
2021-07-28 08:37:09,557 [grpc-default-executor-1] INFO  server.RaftServer$Division (RaftServerImpl.java:requestVote(1043)) - 5cf1d98d-61cd-4f7c-aaf3-95502ed3bd06@group-1FD284F46611: receive requestVote(ELECTION, a207c4d7-e778-4207-b497-059bef413d6b, group-1FD284F46611, 1, (t:0, i:0))
2021-07-28 08:37:09,557 [grpc-default-executor-1] INFO  impl.VoteContext (VoteContext.java:log(48)) - 5cf1d98d-61cd-4f7c-aaf3-95502ed3bd06@group-1FD284F46611-FOLLOWER: accept ELECTION from a207c4d7-e778-4207-b497-059bef413d6b: our priority 0 <= candidate's priority 1
2021-07-28 08:37:09,557 [grpc-default-executor-1] INFO  server.RaftServer$Division (RaftServerImpl.java:setRole(285)) - 5cf1d98d-61cd-4f7c-aaf3-95502ed3bd06@group-1FD284F46611: changes role from  FOLLOWER to FOLLOWER at term 1 for candidate:a207c4d7-e778-4207-b497-059bef413d6b
2021-07-28 08:37:09,557 [grpc-default-executor-1] INFO  impl.RoleInfo (RoleInfo.java:shutdownFollowerState(108)) - 5cf1d98d-61cd-4f7c-aaf3-95502ed3bd06: shutdown 5cf1d98d-61cd-4f7c-aaf3-95502ed3bd06@group-1FD284F46611-FollowerState
2021-07-28 08:37:09,557 [grpc-default-executor-1] INFO  impl.RoleInfo (RoleInfo.java:updateAndGet(130)) - 5cf1d98d-61cd-4f7c-aaf3-95502ed3bd06: start 5cf1d98d-61cd-4f7c-aaf3-95502ed3bd06@group-1FD284F46611-FollowerState
2021-07-28 08:37:09,557 [5cf1d98d-61cd-4f7c-aaf3-95502ed3bd06@group-1FD284F46611-FollowerState] INFO  impl.FollowerState (FollowerState.java:run(143)) - 5cf1d98d-61cd-4f7c-aaf3-95502ed3bd06@group-1FD284F46611-FollowerState was interrupted: {}
java.lang.InterruptedException: sleep interrupted
	at java.lang.Thread.sleep(Native Method)
	at java.lang.Thread.sleep(Thread.java:340)
	at java.util.concurrent.TimeUnit.sleep(TimeUnit.java:386)
	at org.apache.ratis.util.TimeDuration.sleep(TimeDuration.java:324)
	at org.apache.ratis.util.TimeDuration.sleep(TimeDuration.java:309)
	at org.apache.ratis.server.impl.FollowerState.run(FollowerState.java:118)
2021-07-28 08:37:09,560 [grpc-default-executor-1] INFO  server.RaftServer$Division (RaftServerImpl.java:requestVote(1075)) - 5cf1d98d-61cd-4f7c-aaf3-95502ed3bd06@group-1FD284F46611 replies to ELECTION vote request: a207c4d7-e778-4207-b497-059bef413d6b<-5cf1d98d-61cd-4f7c-aaf3-95502ed3bd06#0:OK-t1. Peer's state: 5cf1d98d-61cd-4f7c-aaf3-95502ed3bd06@group-1FD284F46611:t1, leader=null, voted=a207c4d7-e778-4207-b497-059bef413d6b, raftlog=5cf1d98d-61cd-4f7c-aaf3-95502ed3bd06@group-1FD284F46611-SegmentedRaftLog:OPENED:c-1,f-1,i0, conf=-1: [a207c4d7-e778-4207-b497-059bef413d6b|rpc:10.1.0.59:37517|dataStream:|priority:1, 5cf1d98d-61cd-4f7c-aaf3-95502ed3bd06|rpc:10.1.0.59:41113|dataStream:|priority:0, 6a7d5deb-ea30-475f-9337-bf1860e839e5|rpc:10.1.0.59:35389|dataStream:|priority:0], old=null
2021-07-28 08:37:09,562 [a207c4d7-e778-4207-b497-059bef413d6b@group-1FD284F46611-LeaderElection66] INFO  impl.LeaderElection (LeaderElection.java:logAndReturn(89)) - a207c4d7-e778-4207-b497-059bef413d6b@group-1FD284F46611-LeaderElection66: ELECTION PASSED received 1 response(s) and 0 exception(s):
2021-07-28 08:37:09,562 [a207c4d7-e778-4207-b497-059bef413d6b@group-1FD284F46611-LeaderElection66] INFO  impl.LeaderElection (LeaderElection.java:logAndReturn(93)) -   Response 0: a207c4d7-e778-4207-b497-059bef413d6b<-5cf1d98d-61cd-4f7c-aaf3-95502ed3bd06#0:OK-t1
2021-07-28 08:37:09,562 [a207c4d7-e778-4207-b497-059bef413d6b@group-1FD284F46611-LeaderElection66] INFO  impl.LeaderElection (LeaderElection.java:askForVotes(308)) - a207c4d7-e778-4207-b497-059bef413d6b@group-1FD284F46611-LeaderElection66 ELECTION round 0: result PASSED
2021-07-28 08:37:09,562 [a207c4d7-e778-4207-b497-059bef413d6b@group-1FD284F46611-LeaderElection66] INFO  impl.RoleInfo (RoleInfo.java:shutdownLeaderElection(121)) - a207c4d7-e778-4207-b497-059bef413d6b: shutdown a207c4d7-e778-4207-b497-059bef413d6b@group-1FD284F46611-LeaderElection66
2021-07-28 08:37:09,563 [grpc-default-executor-1] INFO  server.RaftServer$Division (RaftServerImpl.java:requestVote(1043)) - 6a7d5deb-ea30-475f-9337-bf1860e839e5@group-1FD284F46611: receive requestVote(ELECTION, a207c4d7-e778-4207-b497-059bef413d6b, group-1FD284F46611, 1, (t:0, i:0))
2021-07-28 08:37:09,563 [grpc-default-executor-1] INFO  impl.VoteContext (VoteContext.java:log(48)) - 6a7d5deb-ea30-475f-9337-bf1860e839e5@group-1FD284F46611-FOLLOWER: accept ELECTION from a207c4d7-e778-4207-b497-059bef413d6b: our priority 0 <= candidate's priority 1
2021-07-28 08:37:09,563 [a207c4d7-e778-4207-b497-059bef413d6b@group-1FD284F46611-LeaderElection66] INFO  server.RaftServer$Division (RaftServerImpl.java:setRole(285)) - a207c4d7-e778-4207-b497-059bef413d6b@group-1FD284F46611: changes role from CANDIDATE to LEADER at term 1 for changeToLeader
2021-07-28 08:37:09,563 [grpc-default-executor-1] INFO  server.RaftServer$Division (RaftServerImpl.java:setRole(285)) - 6a7d5deb-ea30-475f-9337-bf1860e839e5@group-1FD284F46611: changes role from  FOLLOWER to FOLLOWER at term 1 for candidate:a207c4d7-e778-4207-b497-059bef413d6b
2021-07-28 08:37:09,563 [grpc-default-executor-1] INFO  impl.RoleInfo (RoleInfo.java:shutdownFollowerState(108)) - 6a7d5deb-ea30-475f-9337-bf1860e839e5: shutdown 6a7d5deb-ea30-475f-9337-bf1860e839e5@group-1FD284F46611-FollowerState
2021-07-28 08:37:09,563 [grpc-default-executor-1] INFO  impl.RoleInfo (RoleInfo.java:updateAndGet(130)) - 6a7d5deb-ea30-475f-9337-bf1860e839e5: start 6a7d5deb-ea30-475f-9337-bf1860e839e5@group-1FD284F46611-FollowerState
2021-07-28 08:37:09,563 [a207c4d7-e778-4207-b497-059bef413d6b@group-1FD284F46611-LeaderElection66] INFO  ratis.XceiverServerRatis (XceiverServerRatis.java:handleLeaderChangedNotification(857)) - Leader change notification received for group: group-1FD284F46611 with new leaderId: a207c4d7-e778-4207-b497-059bef413d6b
2021-07-28 08:37:09,563 [6a7d5deb-ea30-475f-9337-bf1860e839e5@group-1FD284F46611-FollowerState] INFO  impl.FollowerState (FollowerState.java:run(143)) - 6a7d5deb-ea30-475f-9337-bf1860e839e5@group-1FD284F46611-FollowerState was interrupted: {}
java.lang.InterruptedException: sleep interrupted
	at java.lang.Thread.sleep(Native Method)
	at java.lang.Thread.sleep(Thread.java:340)
	at java.util.concurrent.TimeUnit.sleep(TimeUnit.java:386)
	at org.apache.ratis.util.TimeDuration.sleep(TimeDuration.java:324)
	at org.apache.ratis.util.TimeDuration.sleep(TimeDuration.java:309)
	at org.apache.ratis.server.impl.FollowerState.run(FollowerState.java:118)
2021-07-28 08:37:09,564 [a207c4d7-e778-4207-b497-059bef413d6b@group-1FD284F46611-LeaderElection66] INFO  server.RaftServer$Division (ServerState.java:setLeader(285)) - a207c4d7-e778-4207-b497-059bef413d6b@group-1FD284F46611: change Leader from null to a207c4d7-e778-4207-b497-059bef413d6b at term 1 for becomeLeader, leader elected after 5088ms
2021-07-28 08:37:09,564 [a207c4d7-e778-4207-b497-059bef413d6b@group-1FD284F46611-LeaderElection66] INFO  server.RaftServerConfigKeys (ConfUtils.java:logGet(44)) - raft.server.staging.catchup.gap = 1000 (default)
2021-07-28 08:37:09,564 [EventQueue-PipelineReportForPipelineReportHandler] INFO  pipeline.PipelineManagerV2Impl (PipelineManagerV2Impl.java:openPipeline(283)) - Pipeline Pipeline[ Id: c77a0f1c-f150-4c9f-a45c-1fd284f46611, Nodes: 5cf1d98d-61cd-4f7c-aaf3-95502ed3bd06{ip: 10.1.0.59, host: fv-az122-844.zf1tlrj3kn4expqppa1j4mpycf.xx.internal.cloudapp.net, ports: [REPLICATION=43367, RATIS=41113, RATIS_ADMIN=41113, RATIS_SERVER=41113, STANDALONE=43799], networkLocation: /default-rack, certSerialId: null, persistedOpState: IN_SERVICE, persistedOpStateExpiryEpochSec: 0}6a7d5deb-ea30-475f-9337-bf1860e839e5{ip: 10.1.0.59, host: fv-az122-844.zf1tlrj3kn4expqppa1j4mpycf.xx.internal.cloudapp.net, ports: [REPLICATION=44039, RATIS=35389, RATIS_ADMIN=35389, RATIS_SERVER=35389, STANDALONE=35877], networkLocation: /default-rack, certSerialId: null, persistedOpState: IN_SERVICE, persistedOpStateExpiryEpochSec: 0}a207c4d7-e778-4207-b497-059bef413d6b{ip: 10.1.0.59, host: fv-az122-844.zf1tlrj3kn4expqppa1j4mpycf.xx.internal.cloudapp.net, ports: [REPLICATION=35795, RATIS=37517, RATIS_ADMIN=37517, RATIS_SERVER=37517, STANDALONE=38225], networkLocation: /default-rack, certSerialId: null, persistedOpState: IN_SERVICE, persistedOpStateExpiryEpochSec: 0}, ReplicationConfig: RATIS/THREE, State:ALLOCATED, leaderId:a207c4d7-e778-4207-b497-059bef413d6b, CreationTimestamp2021-07-28T08:37:01.827Z[Etc/UTC]] moved to OPEN state
2021-07-28 08:37:09,565 [a207c4d7-e778-4207-b497-059bef413d6b@group-1FD284F46611-LeaderElection66] INFO  server.RaftServerConfigKeys (ConfUtils.java:logGet(44)) - raft.server.write.element-limit = 1024 (custom)
2021-07-28 08:37:09,565 [grpc-default-executor-1] INFO  server.RaftServer$Division (RaftServerImpl.java:requestVote(1075)) - 6a7d5deb-ea30-475f-9337-bf1860e839e5@group-1FD284F46611 replies to ELECTION vote request: a207c4d7-e778-4207-b497-059bef413d6b<-6a7d5deb-ea30-475f-9337-bf1860e839e5#0:OK-t1. Peer's state: 6a7d5deb-ea30-475f-9337-bf1860e839e5@group-1FD284F46611:t1, leader=null, voted=a207c4d7-e778-4207-b497-059bef413d6b, raftlog=6a7d5deb-ea30-475f-9337-bf1860e839e5@group-1FD284F46611-SegmentedRaftLog:OPENED:c-1,f-1,i0, conf=-1: [a207c4d7-e778-4207-b497-059bef413d6b|rpc:10.1.0.59:37517|dataStream:|priority:1, 5cf1d98d-61cd-4f7c-aaf3-95502ed3bd06|rpc:10.1.0.59:41113|dataStream:|priority:0, 6a7d5deb-ea30-475f-9337-bf1860e839e5|rpc:10.1.0.59:35389|dataStream:|priority:0], old=null
2021-07-28 08:37:09,565 [a207c4d7-e778-4207-b497-059bef413d6b@group-1FD284F46611-LeaderElection66] INFO  server.RaftServerConfigKeys (ConfUtils.java:logGet(44)) - raft.server.write.byte-limit = 1073741824 (custom)
2021-07-28 08:37:09,567 [a207c4d7-e778-4207-b497-059bef413d6b@group-1FD284F46611-LeaderElection66] INFO  server.RaftServerConfigKeys (ConfUtils.java:logGet(44)) - raft.server.watch.timeout = 3000ms (custom)
2021-07-28 08:37:09,567 [a207c4d7-e778-4207-b497-059bef413d6b@group-1FD284F46611-LeaderElection66] INFO  server.RaftServerConfigKeys (ConfUtils.java:logGet(44)) - raft.server.watch.timeout.denomination = 1s (default)
2021-07-28 08:37:09,567 [a207c4d7-e778-4207-b497-059bef413d6b@group-1FD284F46611-LeaderElection66] INFO  server.RaftServerConfigKeys (ConfUtils.java:logGet(44)) - raft.server.watch.element-limit = 65536 (default)
2021-07-28 08:37:09,568 [a207c4d7-e778-4207-b497-059bef413d6b@group-1FD284F46611-LeaderElection66] INFO  server.RaftServerConfigKeys (ConfUtils.java:logGet(44)) - raft.server.log.appender.snapshot.chunk.size.max = 16MB (=16777216) (default)
2021-07-28 08:37:09,568 [a207c4d7-e778-4207-b497-059bef413d6b@group-1FD284F46611-LeaderElection66] INFO  server.RaftServerConfigKeys (ConfUtils.java:logGet(44)) - raft.server.log.appender.buffer.byte-limit = 33554432 (custom)
2021-07-28 08:37:09,568 [a207c4d7-e778-4207-b497-059bef413d6b@group-1FD284F46611-LeaderElection66] INFO  server.RaftServerConfigKeys (ConfUtils.java:logGet(44)) - raft.server.log.appender.buffer.element-limit = 1 (custom)
2021-07-28 08:37:09,568 [a207c4d7-e778-4207-b497-059bef413d6b@group-1FD284F46611-LeaderElection66] INFO  grpc.GrpcConfigKeys (ConfUtils.java:logGet(44)) - raft.grpc.server.leader.outstanding.appends.max = 128 (default)
2021-07-28 08:37:09,568 [a207c4d7-e778-4207-b497-059bef413d6b@group-1FD284F46611-LeaderElection66] INFO  server.RaftServerConfigKeys (ConfUtils.java:logGet(44)) - raft.server.rpc.request.timeout = 3000ms (default)
2021-07-28 08:37:09,568 [a207c4d7-e778-4207-b497-059bef413d6b@group-1FD284F46611-LeaderElection66] INFO  server.RaftServerConfigKeys (ConfUtils.java:logGet(44)) - raft.server.log.appender.install.snapshot.enabled = false (custom)
2021-07-28 08:37:09,570 [a207c4d7-e778-4207-b497-059bef413d6b@group-1FD284F46611-LeaderElection66] INFO  server.RaftServerConfigKeys (ConfUtils.java:logGet(44)) - raft.server.log.appender.snapshot.chunk.size.max = 16MB (=16777216) (default)
2021-07-28 08:37:09,570 [a207c4d7-e778-4207-b497-059bef413d6b@group-1FD284F46611-LeaderElection66] INFO  server.RaftServerConfigKeys (ConfUtils.java:logGet(44)) - raft.server.log.appender.buffer.byte-limit = 33554432 (custom)
2021-07-28 08:37:09,570 [a207c4d7-e778-4207-b497-059bef413d6b@group-1FD284F46611-LeaderElection66] INFO  server.RaftServerConfigKeys (ConfUtils.java:logGet(44)) - raft.server.log.appender.buffer.element-limit = 1 (custom)
2021-07-28 08:37:09,570 [a207c4d7-e778-4207-b497-059bef413d6b@group-1FD284F46611-LeaderElection66] INFO  grpc.GrpcConfigKeys (ConfUtils.java:logGet(44)) - raft.grpc.server.leader.outstanding.appends.max = 128 (default)
2021-07-28 08:37:09,570 [a207c4d7-e778-4207-b497-059bef413d6b@group-1FD284F46611-LeaderElection66] INFO  server.RaftServerConfigKeys (ConfUtils.java:logGet(44)) - raft.server.rpc.request.timeout = 3000ms (default)
2021-07-28 08:37:09,570 [a207c4d7-e778-4207-b497-059bef413d6b@group-1FD284F46611-LeaderElection66] INFO  server.RaftServerConfigKeys (ConfUtils.java:logGet(44)) - raft.server.log.appender.install.snapshot.enabled = false (custom)
2021-07-28 08:37:09,572 [a207c4d7-e778-4207-b497-059bef413d6b@group-1FD284F46611-LeaderElection66] INFO  impl.RoleInfo (RoleInfo.java:updateAndGet(130)) - a207c4d7-e778-4207-b497-059bef413d6b: start a207c4d7-e778-4207-b497-059bef413d6b@group-1FD284F46611-LeaderStateImpl
2021-07-28 08:37:09,572 [a207c4d7-e778-4207-b497-059bef413d6b@group-1FD284F46611-LeaderElection66] INFO  segmented.SegmentedRaftLogWorker (SegmentedRaftLogWorker.java:startLogSegment(394)) - a207c4d7-e778-4207-b497-059bef413d6b@group-1FD284F46611-SegmentedRaftLogWorker: Starting segment from index:0
2021-07-28 08:37:09,574 [a207c4d7-e778-4207-b497-059bef413d6b@group-1FD284F46611-SegmentedRaftLogWorker] INFO  segmented.SegmentedRaftLogWorker (SegmentedRaftLogWorker.java:execute(601)) - a207c4d7-e778-4207-b497-059bef413d6b@group-1FD284F46611-SegmentedRaftLogWorker: created new log segment /home/runner/work/ozone/ozone/mnt/ozone/hadoop-ozone/integration-test/target/test-dir/MiniOzoneClusterImpl-7b7c0b8f-b3d8-4fbb-9550-cea541527f6c/datanode-3/data/ratis/c77a0f1c-f150-4c9f-a45c-1fd284f46611/current/log_inprogress_0
2021-07-28 08:37:09,575 [a207c4d7-e778-4207-b497-059bef413d6b@group-1FD284F46611-LeaderElection66] INFO  server.RaftServer$Division (ServerState.java:setRaftConf(387)) - a207c4d7-e778-4207-b497-059bef413d6b@group-1FD284F46611: set configuration 0: [a207c4d7-e778-4207-b497-059bef413d6b|rpc:10.1.0.59:37517|dataStream:|priority:1, 5cf1d98d-61cd-4f7c-aaf3-95502ed3bd06|rpc:10.1.0.59:41113|dataStream:|priority:0, 6a7d5deb-ea30-475f-9337-bf1860e839e5|rpc:10.1.0.59:35389|dataStream:|priority:0], old=null
2021-07-28 08:37:09,581 [grpc-default-executor-4] INFO  ratis.XceiverServerRatis (XceiverServerRatis.java:handleLeaderChangedNotification(857)) - Leader change notification received for group: group-1FD284F46611 with new leaderId: a207c4d7-e778-4207-b497-059bef413d6b
2021-07-28 08:37:09,582 [grpc-default-executor-4] INFO  server.RaftServer$Division (ServerState.java:setLeader(285)) - 6a7d5deb-ea30-475f-9337-bf1860e839e5@group-1FD284F46611: change Leader from null to a207c4d7-e778-4207-b497-059bef413d6b at term 1 for appendEntries, leader elected after 5044ms
2021-07-28 08:37:09,588 [grpc-default-executor-0] INFO  ratis.XceiverServerRatis (XceiverServerRatis.java:handleLeaderChangedNotification(857)) - Leader change notification received for group: group-1FD284F46611 with new leaderId: a207c4d7-e778-4207-b497-059bef413d6b
2021-07-28 08:37:09,588 [grpc-default-executor-0] INFO  server.RaftServer$Division (ServerState.java:setLeader(285)) - 5cf1d98d-61cd-4f7c-aaf3-95502ed3bd06@group-1FD284F46611: change Leader from null to a207c4d7-e778-4207-b497-059bef413d6b at term 1 for appendEntries, leader elected after 5088ms
2021-07-28 08:37:09,594 [grpc-default-executor-0] INFO  server.RaftServer$Division (ServerState.java:setRaftConf(387)) - 5cf1d98d-61cd-4f7c-aaf3-95502ed3bd06@group-1FD284F46611: set configuration 0: [a207c4d7-e778-4207-b497-059bef413d6b|rpc:10.1.0.59:37517|dataStream:|priority:1, 5cf1d98d-61cd-4f7c-aaf3-95502ed3bd06|rpc:10.1.0.59:41113|dataStream:|priority:0, 6a7d5deb-ea30-475f-9337-bf1860e839e5|rpc:10.1.0.59:35389|dataStream:|priority:0], old=null
2021-07-28 08:37:09,595 [grpc-default-executor-0] INFO  segmented.SegmentedRaftLogWorker (SegmentedRaftLogWorker.java:startLogSegment(394)) - 5cf1d98d-61cd-4f7c-aaf3-95502ed3bd06@group-1FD284F46611-SegmentedRaftLogWorker: Starting segment from index:0
2021-07-28 08:37:09,597 [5cf1d98d-61cd-4f7c-aaf3-95502ed3bd06@group-1FD284F46611-SegmentedRaftLogWorker] INFO  segmented.SegmentedRaftLogWorker (SegmentedRaftLogWorker.java:execute(601)) - 5cf1d98d-61cd-4f7c-aaf3-95502ed3bd06@group-1FD284F46611-SegmentedRaftLogWorker: created new log segment /home/runner/work/ozone/ozone/mnt/ozone/hadoop-ozone/integration-test/target/test-dir/MiniOzoneClusterImpl-7b7c0b8f-b3d8-4fbb-9550-cea541527f6c/datanode-5/data/ratis/c77a0f1c-f150-4c9f-a45c-1fd284f46611/current/log_inprogress_0
2021-07-28 08:37:09,599 [grpc-default-executor-0] INFO  server.RaftServer$Division (ServerState.java:setRaftConf(387)) - 6a7d5deb-ea30-475f-9337-bf1860e839e5@group-1FD284F46611: set configuration 0: [a207c4d7-e778-4207-b497-059bef413d6b|rpc:10.1.0.59:37517|dataStream:|priority:1, 5cf1d98d-61cd-4f7c-aaf3-95502ed3bd06|rpc:10.1.0.59:41113|dataStream:|priority:0, 6a7d5deb-ea30-475f-9337-bf1860e839e5|rpc:10.1.0.59:35389|dataStream:|priority:0], old=null
2021-07-28 08:37:09,600 [grpc-default-executor-0] INFO  segmented.SegmentedRaftLogWorker (SegmentedRaftLogWorker.java:startLogSegment(394)) - 6a7d5deb-ea30-475f-9337-bf1860e839e5@group-1FD284F46611-SegmentedRaftLogWorker: Starting segment from index:0
2021-07-28 08:37:09,602 [6a7d5deb-ea30-475f-9337-bf1860e839e5@group-1FD284F46611-SegmentedRaftLogWorker] INFO  segmented.SegmentedRaftLogWorker (SegmentedRaftLogWorker.java:execute(601)) - 6a7d5deb-ea30-475f-9337-bf1860e839e5@group-1FD284F46611-SegmentedRaftLogWorker: created new log segment /home/runner/work/ozone/ozone/mnt/ozone/hadoop-ozone/integration-test/target/test-dir/MiniOzoneClusterImpl-7b7c0b8f-b3d8-4fbb-9550-cea541527f6c/datanode-4/data/ratis/c77a0f1c-f150-4c9f-a45c-1fd284f46611/current/log_inprogress_0
2021-07-28 08:37:09,675 [6a7d5deb-ea30-475f-9337-bf1860e839e5@group-573C9320BA89-FollowerState] INFO  impl.FollowerState (FollowerState.java:run(134)) - 6a7d5deb-ea30-475f-9337-bf1860e839e5@group-573C9320BA89-FollowerState: change to CANDIDATE, lastRpcElapsedTime:5031485025ns, electionTimeout:5031ms
2021-07-28 08:37:09,675 [6a7d5deb-ea30-475f-9337-bf1860e839e5@group-573C9320BA89-FollowerState] INFO  impl.RoleInfo (RoleInfo.java:shutdownFollowerState(108)) - 6a7d5deb-ea30-475f-9337-bf1860e839e5: shutdown 6a7d5deb-ea30-475f-9337-bf1860e839e5@group-573C9320BA89-FollowerState
2021-07-28 08:37:09,675 [6a7d5deb-ea30-475f-9337-bf1860e839e5@group-573C9320BA89-FollowerState] INFO  server.RaftServer$Division (RaftServerImpl.java:setRole(285)) - 6a7d5deb-ea30-475f-9337-bf1860e839e5@group-573C9320BA89: changes role from  FOLLOWER to CANDIDATE at term 0 for changeToCandidate
2021-07-28 08:37:09,676 [6a7d5deb-ea30-475f-9337-bf1860e839e5@group-573C9320BA89-FollowerState] INFO  server.RaftServerConfigKeys (ConfUtils.java:logGet(44)) - raft.server.leaderelection.pre-vote = false (custom)
2021-07-28 08:37:09,676 [6a7d5deb-ea30-475f-9337-bf1860e839e5@group-573C9320BA89-FollowerState] INFO  impl.RoleInfo (RoleInfo.java:updateAndGet(130)) - 6a7d5deb-ea30-475f-9337-bf1860e839e5: start 6a7d5deb-ea30-475f-9337-bf1860e839e5@group-573C9320BA89-LeaderElection67
2021-07-28 08:37:09,679 [6a7d5deb-ea30-475f-9337-bf1860e839e5@group-573C9320BA89-LeaderElection67] INFO  impl.LeaderElection (LeaderElection.java:askForVotes(306)) - 6a7d5deb-ea30-475f-9337-bf1860e839e5@group-573C9320BA89-LeaderElection67 ELECTION round 0: submit vote requests at term 1 for -1: [6a7d5deb-ea30-475f-9337-bf1860e839e5|rpc:10.1.0.59:35389|priority:1], old=null
2021-07-28 08:37:09,679 [6a7d5deb-ea30-475f-9337-bf1860e839e5@group-573C9320BA89-LeaderElection67] INFO  impl.LeaderElection (LeaderElection.java:askForVotes(308)) - 6a7d5deb-ea30-475f-9337-bf1860e839e5@group-573C9320BA89-LeaderElection67 ELECTION round 0: result PASSED (term=1)
2021-07-28 08:37:09,679 [6a7d5deb-ea30-475f-9337-bf1860e839e5@group-573C9320BA89-LeaderElection67] INFO  impl.RoleInfo (RoleInfo.java:shutdownLeaderElection(121)) - 6a7d5deb-ea30-475f-9337-bf1860e839e5: shutdown 6a7d5deb-ea30-475f-9337-bf1860e839e5@group-573C9320BA89-LeaderElection67
2021-07-28 08:37:09,679 [6a7d5deb-ea30-475f-9337-bf1860e839e5@group-573C9320BA89-LeaderElection67] INFO  server.RaftServer$Division (RaftServerImpl.java:setRole(285)) - 6a7d5deb-ea30-475f-9337-bf1860e839e5@group-573C9320BA89: changes role from CANDIDATE to LEADER at term 1 for changeToLeader
2021-07-28 08:37:09,679 [6a7d5deb-ea30-475f-9337-bf1860e839e5@group-573C9320BA89-LeaderElection67] INFO  ratis.XceiverServerRatis (XceiverServerRatis.java:handleLeaderChangedNotification(857)) - Leader change notification received for group: group-573C9320BA89 with new leaderId: 6a7d5deb-ea30-475f-9337-bf1860e839e5
2021-07-28 08:37:09,680 [6a7d5deb-ea30-475f-9337-bf1860e839e5@group-573C9320BA89-LeaderElection67] INFO  server.RaftServer$Division (ServerState.java:setLeader(285)) - 6a7d5deb-ea30-475f-9337-bf1860e839e5@group-573C9320BA89: change Leader from null to 6a7d5deb-ea30-475f-9337-bf1860e839e5 at term 1 for becomeLeader, leader elected after 5045ms
2021-07-28 08:37:09,680 [Datanode State Machine Thread - 0] WARN  statemachine.StateContext (StateContext.java:execute(621)) - No available thread in pool for past 1 seconds.
2021-07-28 08:37:09,680 [6a7d5deb-ea30-475f-9337-bf1860e839e5@group-573C9320BA89-LeaderElection67] INFO  server.RaftServerConfigKeys (ConfUtils.java:logGet(44)) - raft.server.staging.catchup.gap = 1000 (default)
2021-07-28 08:37:09,680 [6a7d5deb-ea30-475f-9337-bf1860e839e5@group-573C9320BA89-LeaderElection67] INFO  server.RaftServerConfigKeys (ConfUtils.java:logGet(44)) - raft.server.write.element-limit = 1024 (custom)
2021-07-28 08:37:09,680 [6a7d5deb-ea30-475f-9337-bf1860e839e5@group-573C9320BA89-LeaderElection67] INFO  server.RaftServerConfigKeys (ConfUtils.java:logGet(44)) - raft.server.write.byte-limit = 1073741824 (custom)
2021-07-28 08:37:09,681 [6a7d5deb-ea30-475f-9337-bf1860e839e5@group-573C9320BA89-LeaderElection67] INFO  server.RaftServerConfigKeys (ConfUtils.java:logGet(44)) - raft.server.watch.timeout = 3000ms (custom)
2021-07-28 08:37:09,681 [6a7d5deb-ea30-475f-9337-bf1860e839e5@group-573C9320BA89-LeaderElection67] INFO  server.RaftServerConfigKeys (ConfUtils.java:logGet(44)) - raft.server.watch.timeout.denomination = 1s (default)
2021-07-28 08:37:09,681 [6a7d5deb-ea30-475f-9337-bf1860e839e5@group-573C9320BA89-LeaderElection67] INFO  server.RaftServerConfigKeys (ConfUtils.java:logGet(44)) - raft.server.watch.element-limit = 65536 (default)
2021-07-28 08:37:09,681 [6a7d5deb-ea30-475f-9337-bf1860e839e5@group-573C9320BA89-LeaderElection67] INFO  impl.RoleInfo (RoleInfo.java:updateAndGet(130)) - 6a7d5deb-ea30-475f-9337-bf1860e839e5: start 6a7d5deb-ea30-475f-9337-bf1860e839e5@group-573C9320BA89-LeaderStateImpl
2021-07-28 08:37:09,682 [6a7d5deb-ea30-475f-9337-bf1860e839e5@group-573C9320BA89-LeaderElection67] INFO  segmented.SegmentedRaftLogWorker (SegmentedRaftLogWorker.java:startLogSegment(394)) - 6a7d5deb-ea30-475f-9337-bf1860e839e5@group-573C9320BA89-SegmentedRaftLogWorker: Starting segment from index:0
2021-07-28 08:37:09,683 [6a7d5deb-ea30-475f-9337-bf1860e839e5@group-573C9320BA89-SegmentedRaftLogWorker] INFO  segmented.SegmentedRaftLogWorker (SegmentedRaftLogWorker.java:execute(601)) - 6a7d5deb-ea30-475f-9337-bf1860e839e5@group-573C9320BA89-SegmentedRaftLogWorker: created new log segment /home/runner/work/ozone/ozone/mnt/ozone/hadoop-ozone/integration-test/target/test-dir/MiniOzoneClusterImpl-7b7c0b8f-b3d8-4fbb-9550-cea541527f6c/datanode-4/data/ratis/66d91f13-69f7-44ce-acd2-573c9320ba89/current/log_inprogress_0
2021-07-28 08:37:09,684 [6a7d5deb-ea30-475f-9337-bf1860e839e5@group-573C9320BA89-LeaderElection67] INFO  server.RaftServer$Division (ServerState.java:setRaftConf(387)) - 6a7d5deb-ea30-475f-9337-bf1860e839e5@group-573C9320BA89: set configuration 0: [6a7d5deb-ea30-475f-9337-bf1860e839e5|rpc:10.1.0.59:35389|dataStream:|priority:1], old=null
2021-07-28 08:37:09,999 [5cf1d98d-61cd-4f7c-aaf3-95502ed3bd06@group-1E774C15F362-FollowerState] INFO  impl.FollowerState (FollowerState.java:run(134)) - 5cf1d98d-61cd-4f7c-aaf3-95502ed3bd06@group-1E774C15F362-FollowerState: change to CANDIDATE, lastRpcElapsedTime:5160338241ns, electionTimeout:5160ms
2021-07-28 08:37:09,999 [5cf1d98d-61cd-4f7c-aaf3-95502ed3bd06@group-1E774C15F362-FollowerState] INFO  impl.RoleInfo (RoleInfo.java:shutdownFollowerState(108)) - 5cf1d98d-61cd-4f7c-aaf3-95502ed3bd06: shutdown 5cf1d98d-61cd-4f7c-aaf3-95502ed3bd06@group-1E774C15F362-FollowerState
2021-07-28 08:37:10,000 [5cf1d98d-61cd-4f7c-aaf3-95502ed3bd06@group-1E774C15F362-FollowerState] INFO  server.RaftServer$Division (RaftServerImpl.java:setRole(285)) - 5cf1d98d-61cd-4f7c-aaf3-95502ed3bd06@group-1E774C15F362: changes role from  FOLLOWER to CANDIDATE at term 0 for changeToCandidate
2021-07-28 08:37:10,001 [5cf1d98d-61cd-4f7c-aaf3-95502ed3bd06@group-1E774C15F362-FollowerState] INFO  server.RaftServerConfigKeys (ConfUtils.java:logGet(44)) - raft.server.leaderelection.pre-vote = false (custom)
2021-07-28 08:37:10,001 [5cf1d98d-61cd-4f7c-aaf3-95502ed3bd06@group-1E774C15F362-FollowerState] INFO  impl.RoleInfo (RoleInfo.java:updateAndGet(130)) - 5cf1d98d-61cd-4f7c-aaf3-95502ed3bd06: start 5cf1d98d-61cd-4f7c-aaf3-95502ed3bd06@group-1E774C15F362-LeaderElection68
2021-07-28 08:37:10,003 [5cf1d98d-61cd-4f7c-aaf3-95502ed3bd06@group-1E774C15F362-LeaderElection68] INFO  impl.LeaderElection (LeaderElection.java:askForVotes(306)) - 5cf1d98d-61cd-4f7c-aaf3-95502ed3bd06@group-1E774C15F362-LeaderElection68 ELECTION round 0: submit vote requests at term 1 for -1: [5cf1d98d-61cd-4f7c-aaf3-95502ed3bd06|rpc:10.1.0.59:41113|priority:1], old=null
2021-07-28 08:37:10,003 [5cf1d98d-61cd-4f7c-aaf3-95502ed3bd06@group-1E774C15F362-LeaderElection68] INFO  impl.LeaderElection (LeaderElection.java:askForVotes(308)) - 5cf1d98d-61cd-4f7c-aaf3-95502ed3bd06@group-1E774C15F362-LeaderElection68 ELECTION round 0: result PASSED (term=1)
2021-07-28 08:37:10,003 [5cf1d98d-61cd-4f7c-aaf3-95502ed3bd06@group-1E774C15F362-LeaderElection68] INFO  impl.RoleInfo (RoleInfo.java:shutdownLeaderElection(121)) - 5cf1d98d-61cd-4f7c-aaf3-95502ed3bd06: shutdown 5cf1d98d-61cd-4f7c-aaf3-95502ed3bd06@group-1E774C15F362-LeaderElection68
2021-07-28 08:37:10,003 [5cf1d98d-61cd-4f7c-aaf3-95502ed3bd06@group-1E774C15F362-LeaderElection68] INFO  server.RaftServer$Division (RaftServerImpl.java:setRole(285)) - 5cf1d98d-61cd-4f7c-aaf3-95502ed3bd06@group-1E774C15F362: changes role from CANDIDATE to LEADER at term 1 for changeToLeader
2021-07-28 08:37:10,004 [5cf1d98d-61cd-4f7c-aaf3-95502ed3bd06@group-1E774C15F362-LeaderElection68] INFO  ratis.XceiverServerRatis (XceiverServerRatis.java:handleLeaderChangedNotification(857)) - Leader change notification received for group: group-1E774C15F362 with new leaderId: 5cf1d98d-61cd-4f7c-aaf3-95502ed3bd06
2021-07-28 08:37:10,004 [5cf1d98d-61cd-4f7c-aaf3-95502ed3bd06@group-1E774C15F362-LeaderElection68] INFO  server.RaftServer$Division (ServerState.java:setLeader(285)) - 5cf1d98d-61cd-4f7c-aaf3-95502ed3bd06@group-1E774C15F362: change Leader from null to 5cf1d98d-61cd-4f7c-aaf3-95502ed3bd06 at term 1 for becomeLeader, leader elected after 5174ms
2021-07-28 08:37:10,004 [5cf1d98d-61cd-4f7c-aaf3-95502ed3bd06@group-1E774C15F362-LeaderElection68] INFO  server.RaftServerConfigKeys (ConfUtils.java:logGet(44)) - raft.server.staging.catchup.gap = 1000 (default)
2021-07-28 08:37:10,005 [5cf1d98d-61cd-4f7c-aaf3-95502ed3bd06@group-1E774C15F362-LeaderElection68] INFO  server.RaftServerConfigKeys (ConfUtils.java:logGet(44)) - raft.server.write.element-limit = 1024 (custom)
2021-07-28 08:37:10,005 [5cf1d98d-61cd-4f7c-aaf3-95502ed3bd06@group-1E774C15F362-LeaderElection68] INFO  server.RaftServerConfigKeys (ConfUtils.java:logGet(44)) - raft.server.write.byte-limit = 1073741824 (custom)
2021-07-28 08:37:10,005 [5cf1d98d-61cd-4f7c-aaf3-95502ed3bd06@group-1E774C15F362-LeaderElection68] INFO  server.RaftServerConfigKeys (ConfUtils.java:logGet(44)) - raft.server.watch.timeout = 3000ms (custom)
2021-07-28 08:37:10,005 [5cf1d98d-61cd-4f7c-aaf3-95502ed3bd06@group-1E774C15F362-LeaderElection68] INFO  server.RaftServerConfigKeys (ConfUtils.java:logGet(44)) - raft.server.watch.timeout.denomination = 1s (default)
2021-07-28 08:37:10,005 [5cf1d98d-61cd-4f7c-aaf3-95502ed3bd06@group-1E774C15F362-LeaderElection68] INFO  server.RaftServerConfigKeys (ConfUtils.java:logGet(44)) - raft.server.watch.element-limit = 65536 (default)
2021-07-28 08:37:10,005 [5cf1d98d-61cd-4f7c-aaf3-95502ed3bd06@group-1E774C15F362-LeaderElection68] INFO  impl.RoleInfo (RoleInfo.java:updateAndGet(130)) - 5cf1d98d-61cd-4f7c-aaf3-95502ed3bd06: start 5cf1d98d-61cd-4f7c-aaf3-95502ed3bd06@group-1E774C15F362-LeaderStateImpl
2021-07-28 08:37:10,006 [5cf1d98d-61cd-4f7c-aaf3-95502ed3bd06@group-1E774C15F362-LeaderElection68] INFO  segmented.SegmentedRaftLogWorker (SegmentedRaftLogWorker.java:startLogSegment(394)) - 5cf1d98d-61cd-4f7c-aaf3-95502ed3bd06@group-1E774C15F362-SegmentedRaftLogWorker: Starting segment from index:0
2021-07-28 08:37:10,007 [5cf1d98d-61cd-4f7c-aaf3-95502ed3bd06@group-1E774C15F362-LeaderElection68] INFO  server.RaftServer$Division (ServerState.java:setRaftConf(387)) - 5cf1d98d-61cd-4f7c-aaf3-95502ed3bd06@group-1E774C15F362: set configuration 0: [5cf1d98d-61cd-4f7c-aaf3-95502ed3bd06|rpc:10.1.0.59:41113|dataStream:|priority:1], old=null
2021-07-28 08:37:10,008 [5cf1d98d-61cd-4f7c-aaf3-95502ed3bd06@group-1E774C15F362-SegmentedRaftLogWorker] INFO  segmented.SegmentedRaftLogWorker (SegmentedRaftLogWorker.java:execute(601)) - 5cf1d98d-61cd-4f7c-aaf3-95502ed3bd06@group-1E774C15F362-SegmentedRaftLogWorker: created new log segment /home/runner/work/ozone/ozone/mnt/ozone/hadoop-ozone/integration-test/target/test-dir/MiniOzoneClusterImpl-7b7c0b8f-b3d8-4fbb-9550-cea541527f6c/datanode-5/data/ratis/94bc9abb-7272-403a-ab5d-1e774c15f362/current/log_inprogress_0
2021-07-28 08:37:10,068 [954c2539-c430-4abc-b152-2157e37527ee@group-6183A439E866-FollowerState] INFO  impl.FollowerState (FollowerState.java:run(134)) - 954c2539-c430-4abc-b152-2157e37527ee@group-6183A439E866-FollowerState: change to CANDIDATE, lastRpcElapsedTime:5040093846ns, electionTimeout:5038ms
2021-07-28 08:37:10,069 [954c2539-c430-4abc-b152-2157e37527ee@group-6183A439E866-FollowerState] INFO  impl.RoleInfo (RoleInfo.java:shutdownFollowerState(108)) - 954c2539-c430-4abc-b152-2157e37527ee: shutdown 954c2539-c430-4abc-b152-2157e37527ee@group-6183A439E866-FollowerState
2021-07-28 08:37:10,069 [954c2539-c430-4abc-b152-2157e37527ee@group-6183A439E866-FollowerState] INFO  server.RaftServer$Division (RaftServerImpl.java:setRole(285)) - 954c2539-c430-4abc-b152-2157e37527ee@group-6183A439E866: changes role from  FOLLOWER to CANDIDATE at term 0 for changeToCandidate
2021-07-28 08:37:10,070 [954c2539-c430-4abc-b152-2157e37527ee@group-6183A439E866-FollowerState] INFO  server.RaftServerConfigKeys (ConfUtils.java:logGet(44)) - raft.server.leaderelection.pre-vote = false (custom)
2021-07-28 08:37:10,070 [954c2539-c430-4abc-b152-2157e37527ee@group-6183A439E866-FollowerState] INFO  impl.RoleInfo (RoleInfo.java:updateAndGet(130)) - 954c2539-c430-4abc-b152-2157e37527ee: start 954c2539-c430-4abc-b152-2157e37527ee@group-6183A439E866-LeaderElection69
2021-07-28 08:37:10,073 [954c2539-c430-4abc-b152-2157e37527ee@group-6183A439E866-LeaderElection69] INFO  impl.LeaderElection (LeaderElection.java:askForVotes(306)) - 954c2539-c430-4abc-b152-2157e37527ee@group-6183A439E866-LeaderElection69 ELECTION round 0: submit vote requests at term 1 for -1: [954c2539-c430-4abc-b152-2157e37527ee|rpc:10.1.0.59:36295|priority:1], old=null
2021-07-28 08:37:10,073 [954c2539-c430-4abc-b152-2157e37527ee@group-6183A439E866-LeaderElection69] INFO  impl.LeaderElection (LeaderElection.java:askForVotes(308)) - 954c2539-c430-4abc-b152-2157e37527ee@group-6183A439E866-LeaderElection69 ELECTION round 0: result PASSED (term=1)
2021-07-28 08:37:10,073 [954c2539-c430-4abc-b152-2157e37527ee@group-6183A439E866-LeaderElection69] INFO  impl.RoleInfo (RoleInfo.java:shutdownLeaderElection(121)) - 954c2539-c430-4abc-b152-2157e37527ee: shutdown 954c2539-c430-4abc-b152-2157e37527ee@group-6183A439E866-LeaderElection69
2021-07-28 08:37:10,073 [954c2539-c430-4abc-b152-2157e37527ee@group-6183A439E866-LeaderElection69] INFO  server.RaftServer$Division (RaftServerImpl.java:setRole(285)) - 954c2539-c430-4abc-b152-2157e37527ee@group-6183A439E866: changes role from CANDIDATE to LEADER at term 1 for changeToLeader
2021-07-28 08:37:10,073 [954c2539-c430-4abc-b152-2157e37527ee@group-6183A439E866-LeaderElection69] INFO  ratis.XceiverServerRatis (XceiverServerRatis.java:handleLeaderChangedNotification(857)) - Leader change notification received for group: group-6183A439E866 with new leaderId: 954c2539-c430-4abc-b152-2157e37527ee
2021-07-28 08:37:10,073 [954c2539-c430-4abc-b152-2157e37527ee@group-6183A439E866-LeaderElection69] INFO  server.RaftServer$Division (ServerState.java:setLeader(285)) - 954c2539-c430-4abc-b152-2157e37527ee@group-6183A439E866: change Leader from null to 954c2539-c430-4abc-b152-2157e37527ee at term 1 for becomeLeader, leader elected after 5052ms
2021-07-28 08:37:10,073 [954c2539-c430-4abc-b152-2157e37527ee@group-6183A439E866-LeaderElection69] INFO  server.RaftServerConfigKeys (ConfUtils.java:logGet(44)) - raft.server.staging.catchup.gap = 1000 (default)
2021-07-28 08:37:10,073 [954c2539-c430-4abc-b152-2157e37527ee@group-6183A439E866-LeaderElection69] INFO  server.RaftServerConfigKeys (ConfUtils.java:logGet(44)) - raft.server.write.element-limit = 1024 (custom)
2021-07-28 08:37:10,074 [954c2539-c430-4abc-b152-2157e37527ee@group-6183A439E866-LeaderElection69] INFO  server.RaftServerConfigKeys (ConfUtils.java:logGet(44)) - raft.server.write.byte-limit = 1073741824 (custom)
2021-07-28 08:37:10,074 [954c2539-c430-4abc-b152-2157e37527ee@group-6183A439E866-LeaderElection69] INFO  server.RaftServerConfigKeys (ConfUtils.java:logGet(44)) - raft.server.watch.timeout = 3000ms (custom)
2021-07-28 08:37:10,075 [954c2539-c430-4abc-b152-2157e37527ee@group-6183A439E866-LeaderElection69] INFO  server.RaftServerConfigKeys (ConfUtils.java:logGet(44)) - raft.server.watch.timeout.denomination = 1s (default)
2021-07-28 08:37:10,075 [954c2539-c430-4abc-b152-2157e37527ee@group-6183A439E866-LeaderElection69] INFO  server.RaftServerConfigKeys (ConfUtils.java:logGet(44)) - raft.server.watch.element-limit = 65536 (default)
2021-07-28 08:37:10,075 [954c2539-c430-4abc-b152-2157e37527ee@group-6183A439E866-LeaderElection69] INFO  impl.RoleInfo (RoleInfo.java:updateAndGet(130)) - 954c2539-c430-4abc-b152-2157e37527ee: start 954c2539-c430-4abc-b152-2157e37527ee@group-6183A439E866-LeaderStateImpl
2021-07-28 08:37:10,075 [954c2539-c430-4abc-b152-2157e37527ee@group-6183A439E866-LeaderElection69] INFO  segmented.SegmentedRaftLogWorker (SegmentedRaftLogWorker.java:startLogSegment(394)) - 954c2539-c430-4abc-b152-2157e37527ee@group-6183A439E866-SegmentedRaftLogWorker: Starting segment from index:0
2021-07-28 08:37:10,078 [954c2539-c430-4abc-b152-2157e37527ee@group-6183A439E866-SegmentedRaftLogWorker] INFO  segmented.SegmentedRaftLogWorker (SegmentedRaftLogWorker.java:execute(601)) - 954c2539-c430-4abc-b152-2157e37527ee@group-6183A439E866-SegmentedRaftLogWorker: created new log segment /home/runner/work/ozone/ozone/mnt/ozone/hadoop-ozone/integration-test/target/test-dir/MiniOzoneClusterImpl-7b7c0b8f-b3d8-4fbb-9550-cea541527f6c/datanode-6/data/ratis/a78b0723-9a9c-4ecf-8d5c-6183a439e866/current/log_inprogress_0
2021-07-28 08:37:10,078 [954c2539-c430-4abc-b152-2157e37527ee@group-6183A439E866-LeaderElection69] INFO  server.RaftServer$Division (ServerState.java:setRaftConf(387)) - 954c2539-c430-4abc-b152-2157e37527ee@group-6183A439E866: set configuration 0: [954c2539-c430-4abc-b152-2157e37527ee|rpc:10.1.0.59:36295|dataStream:|priority:1], old=null
2021-07-28 08:37:10,143 [81ffaf6e-1a0b-4e8d-b763-a17fba998bf8@group-D95E40A13D84-FollowerState] INFO  impl.FollowerState (FollowerState.java:run(134)) - 81ffaf6e-1a0b-4e8d-b763-a17fba998bf8@group-D95E40A13D84-FollowerState: change to CANDIDATE, lastRpcElapsedTime:5075401633ns, electionTimeout:5075ms
2021-07-28 08:37:10,143 [81ffaf6e-1a0b-4e8d-b763-a17fba998bf8@group-D95E40A13D84-FollowerState] INFO  impl.RoleInfo (RoleInfo.java:shutdownFollowerState(108)) - 81ffaf6e-1a0b-4e8d-b763-a17fba998bf8: shutdown 81ffaf6e-1a0b-4e8d-b763-a17fba998bf8@group-D95E40A13D84-FollowerState
2021-07-28 08:37:10,144 [81ffaf6e-1a0b-4e8d-b763-a17fba998bf8@group-D95E40A13D84-FollowerState] INFO  server.RaftServer$Division (RaftServerImpl.java:setRole(285)) - 81ffaf6e-1a0b-4e8d-b763-a17fba998bf8@group-D95E40A13D84: changes role from  FOLLOWER to CANDIDATE at term 0 for changeToCandidate
2021-07-28 08:37:10,144 [81ffaf6e-1a0b-4e8d-b763-a17fba998bf8@group-D95E40A13D84-FollowerState] INFO  server.RaftServerConfigKeys (ConfUtils.java:logGet(44)) - raft.server.leaderelection.pre-vote = false (custom)
2021-07-28 08:37:10,144 [81ffaf6e-1a0b-4e8d-b763-a17fba998bf8@group-D95E40A13D84-FollowerState] INFO  impl.RoleInfo (RoleInfo.java:updateAndGet(130)) - 81ffaf6e-1a0b-4e8d-b763-a17fba998bf8: start 81ffaf6e-1a0b-4e8d-b763-a17fba998bf8@group-D95E40A13D84-LeaderElection70
2021-07-28 08:37:10,147 [81ffaf6e-1a0b-4e8d-b763-a17fba998bf8@group-D95E40A13D84-LeaderElection70] INFO  impl.LeaderElection (LeaderElection.java:askForVotes(306)) - 81ffaf6e-1a0b-4e8d-b763-a17fba998bf8@group-D95E40A13D84-LeaderElection70 ELECTION round 0: submit vote requests at term 1 for -1: [954c2539-c430-4abc-b152-2157e37527ee|rpc:10.1.0.59:36295|dataStream:|priority:1, 5adaab23-8dc1-4fdb-be6f-dc28f4219fad|rpc:10.1.0.59:40175|dataStream:|priority:0, 81ffaf6e-1a0b-4e8d-b763-a17fba998bf8|rpc:10.1.0.59:40745|dataStream:|priority:0], old=null
2021-07-28 08:37:10,157 [grpc-default-executor-0] INFO  server.RaftServer$Division (RaftServerImpl.java:requestVote(1043)) - 954c2539-c430-4abc-b152-2157e37527ee@group-D95E40A13D84: receive requestVote(ELECTION, 81ffaf6e-1a0b-4e8d-b763-a17fba998bf8, group-D95E40A13D84, 1, (t:0, i:0))
2021-07-28 08:37:10,157 [grpc-default-executor-0] INFO  impl.VoteContext (VoteContext.java:log(48)) - 954c2539-c430-4abc-b152-2157e37527ee@group-D95E40A13D84-FOLLOWER: reject ELECTION from 81ffaf6e-1a0b-4e8d-b763-a17fba998bf8: our priority 1 > candidate's priority 0
2021-07-28 08:37:10,157 [grpc-default-executor-0] INFO  server.RaftServer$Division (RaftServerImpl.java:setRole(285)) - 954c2539-c430-4abc-b152-2157e37527ee@group-D95E40A13D84: changes role from  FOLLOWER to FOLLOWER at term 1 for candidate:81ffaf6e-1a0b-4e8d-b763-a17fba998bf8
2021-07-28 08:37:10,157 [grpc-default-executor-0] INFO  impl.RoleInfo (RoleInfo.java:shutdownFollowerState(108)) - 954c2539-c430-4abc-b152-2157e37527ee: shutdown 954c2539-c430-4abc-b152-2157e37527ee@group-D95E40A13D84-FollowerState
2021-07-28 08:37:10,159 [grpc-default-executor-0] INFO  impl.RoleInfo (RoleInfo.java:updateAndGet(130)) - 954c2539-c430-4abc-b152-2157e37527ee: start 954c2539-c430-4abc-b152-2157e37527ee@group-D95E40A13D84-FollowerState
2021-07-28 08:37:10,159 [954c2539-c430-4abc-b152-2157e37527ee@group-D95E40A13D84-FollowerState] INFO  impl.FollowerState (FollowerState.java:run(143)) - 954c2539-c430-4abc-b152-2157e37527ee@group-D95E40A13D84-FollowerState was interrupted: {}
java.lang.InterruptedException: sleep interrupted
	at java.lang.Thread.sleep(Native Method)
	at java.lang.Thread.sleep(Thread.java:340)
	at java.util.concurrent.TimeUnit.sleep(TimeUnit.java:386)
	at org.apache.ratis.util.TimeDuration.sleep(TimeDuration.java:324)
	at org.apache.ratis.util.TimeDuration.sleep(TimeDuration.java:309)
	at org.apache.ratis.server.impl.FollowerState.run(FollowerState.java:118)
2021-07-28 08:37:10,162 [grpc-default-executor-1] INFO  server.RaftServer$Division (RaftServerImpl.java:requestVote(1043)) - 5adaab23-8dc1-4fdb-be6f-dc28f4219fad@group-D95E40A13D84: receive requestVote(ELECTION, 81ffaf6e-1a0b-4e8d-b763-a17fba998bf8, group-D95E40A13D84, 1, (t:0, i:0))
2021-07-28 08:37:10,162 [grpc-default-executor-1] INFO  impl.VoteContext (VoteContext.java:log(48)) - 5adaab23-8dc1-4fdb-be6f-dc28f4219fad@group-D95E40A13D84-FOLLOWER: accept ELECTION from 81ffaf6e-1a0b-4e8d-b763-a17fba998bf8: our priority 0 <= candidate's priority 0
2021-07-28 08:37:10,162 [grpc-default-executor-1] INFO  server.RaftServer$Division (RaftServerImpl.java:setRole(285)) - 5adaab23-8dc1-4fdb-be6f-dc28f4219fad@group-D95E40A13D84: changes role from  FOLLOWER to FOLLOWER at term 1 for candidate:81ffaf6e-1a0b-4e8d-b763-a17fba998bf8
2021-07-28 08:37:10,162 [grpc-default-executor-1] INFO  impl.RoleInfo (RoleInfo.java:shutdownFollowerState(108)) - 5adaab23-8dc1-4fdb-be6f-dc28f4219fad: shutdown 5adaab23-8dc1-4fdb-be6f-dc28f4219fad@group-D95E40A13D84-FollowerState
2021-07-28 08:37:10,162 [grpc-default-executor-1] INFO  impl.RoleInfo (RoleInfo.java:updateAndGet(130)) - 5adaab23-8dc1-4fdb-be6f-dc28f4219fad: start 5adaab23-8dc1-4fdb-be6f-dc28f4219fad@group-D95E40A13D84-FollowerState
2021-07-28 08:37:10,162 [5adaab23-8dc1-4fdb-be6f-dc28f4219fad@group-D95E40A13D84-FollowerState] INFO  impl.FollowerState (FollowerState.java:run(143)) - 5adaab23-8dc1-4fdb-be6f-dc28f4219fad@group-D95E40A13D84-FollowerState was interrupted: {}
java.lang.InterruptedException: sleep interrupted
	at java.lang.Thread.sleep(Native Method)
	at java.lang.Thread.sleep(Thread.java:340)
	at java.util.concurrent.TimeUnit.sleep(TimeUnit.java:386)
	at org.apache.ratis.util.TimeDuration.sleep(TimeDuration.java:324)
	at org.apache.ratis.util.TimeDuration.sleep(TimeDuration.java:309)
	at org.apache.ratis.server.impl.FollowerState.run(FollowerState.java:118)
2021-07-28 08:37:10,164 [grpc-default-executor-0] INFO  server.RaftServer$Division (RaftServerImpl.java:requestVote(1075)) - 954c2539-c430-4abc-b152-2157e37527ee@group-D95E40A13D84 replies to ELECTION vote request: 81ffaf6e-1a0b-4e8d-b763-a17fba998bf8<-954c2539-c430-4abc-b152-2157e37527ee#0:FAIL-t1. Peer's state: 954c2539-c430-4abc-b152-2157e37527ee@group-D95E40A13D84:t1, leader=null, voted=null, raftlog=954c2539-c430-4abc-b152-2157e37527ee@group-D95E40A13D84-SegmentedRaftLog:OPENED:c-1,f-1,i0, conf=-1: [954c2539-c430-4abc-b152-2157e37527ee|rpc:10.1.0.59:36295|priority:1, 5adaab23-8dc1-4fdb-be6f-dc28f4219fad|rpc:10.1.0.59:40175|priority:0, 81ffaf6e-1a0b-4e8d-b763-a17fba998bf8|rpc:10.1.0.59:40745|priority:0], old=null
2021-07-28 08:37:10,164 [grpc-default-executor-1] INFO  server.RaftServer$Division (RaftServerImpl.java:requestVote(1075)) - 5adaab23-8dc1-4fdb-be6f-dc28f4219fad@group-D95E40A13D84 replies to ELECTION vote request: 81ffaf6e-1a0b-4e8d-b763-a17fba998bf8<-5adaab23-8dc1-4fdb-be6f-dc28f4219fad#0:OK-t1. Peer's state: 5adaab23-8dc1-4fdb-be6f-dc28f4219fad@group-D95E40A13D84:t1, leader=null, voted=81ffaf6e-1a0b-4e8d-b763-a17fba998bf8, raftlog=5adaab23-8dc1-4fdb-be6f-dc28f4219fad@group-D95E40A13D84-SegmentedRaftLog:OPENED:c-1,f-1,i0, conf=-1: [954c2539-c430-4abc-b152-2157e37527ee|rpc:10.1.0.59:36295|dataStream:|priority:1, 5adaab23-8dc1-4fdb-be6f-dc28f4219fad|rpc:10.1.0.59:40175|dataStream:|priority:0, 81ffaf6e-1a0b-4e8d-b763-a17fba998bf8|rpc:10.1.0.59:40745|dataStream:|priority:0], old=null
2021-07-28 08:37:10,166 [81ffaf6e-1a0b-4e8d-b763-a17fba998bf8@group-D95E40A13D84-LeaderElection70] INFO  impl.LeaderElection (LeaderElection.java:logAndReturn(89)) - 81ffaf6e-1a0b-4e8d-b763-a17fba998bf8@group-D95E40A13D84-LeaderElection70: ELECTION REJECTED received 2 response(s) and 0 exception(s):
2021-07-28 08:37:10,166 [81ffaf6e-1a0b-4e8d-b763-a17fba998bf8@group-D95E40A13D84-LeaderElection70] INFO  impl.LeaderElection (LeaderElection.java:logAndReturn(93)) -   Response 0: 81ffaf6e-1a0b-4e8d-b763-a17fba998bf8<-954c2539-c430-4abc-b152-2157e37527ee#0:FAIL-t1
2021-07-28 08:37:10,166 [81ffaf6e-1a0b-4e8d-b763-a17fba998bf8@group-D95E40A13D84-LeaderElection70] INFO  impl.LeaderElection (LeaderElection.java:logAndReturn(93)) -   Response 1: 81ffaf6e-1a0b-4e8d-b763-a17fba998bf8<-5adaab23-8dc1-4fdb-be6f-dc28f4219fad#0:OK-t1
2021-07-28 08:37:10,166 [81ffaf6e-1a0b-4e8d-b763-a17fba998bf8@group-D95E40A13D84-LeaderElection70] INFO  impl.LeaderElection (LeaderElection.java:askForVotes(308)) - 81ffaf6e-1a0b-4e8d-b763-a17fba998bf8@group-D95E40A13D84-LeaderElection70 ELECTION round 0: result REJECTED
2021-07-28 08:37:10,166 [81ffaf6e-1a0b-4e8d-b763-a17fba998bf8@group-D95E40A13D84-LeaderElection70] INFO  server.RaftServer$Division (RaftServerImpl.java:setRole(285)) - 81ffaf6e-1a0b-4e8d-b763-a17fba998bf8@group-D95E40A13D84: changes role from CANDIDATE to FOLLOWER at term 1 for REJECTED
2021-07-28 08:37:10,166 [81ffaf6e-1a0b-4e8d-b763-a17fba998bf8@group-D95E40A13D84-LeaderElection70] INFO  impl.RoleInfo (RoleInfo.java:shutdownLeaderElection(121)) - 81ffaf6e-1a0b-4e8d-b763-a17fba998bf8: shutdown 81ffaf6e-1a0b-4e8d-b763-a17fba998bf8@group-D95E40A13D84-LeaderElection70
2021-07-28 08:37:10,166 [81ffaf6e-1a0b-4e8d-b763-a17fba998bf8@group-D95E40A13D84-LeaderElection70] INFO  impl.RoleInfo (RoleInfo.java:updateAndGet(130)) - 81ffaf6e-1a0b-4e8d-b763-a17fba998bf8: start 81ffaf6e-1a0b-4e8d-b763-a17fba998bf8@group-D95E40A13D84-FollowerState
2021-07-28 08:37:10,206 [5adaab23-8dc1-4fdb-be6f-dc28f4219fad@group-87309CCAF353-FollowerState] INFO  impl.FollowerState (FollowerState.java:run(134)) - 5adaab23-8dc1-4fdb-be6f-dc28f4219fad@group-87309CCAF353-FollowerState: change to CANDIDATE, lastRpcElapsedTime:5000393949ns, electionTimeout:5000ms
2021-07-28 08:37:10,206 [5adaab23-8dc1-4fdb-be6f-dc28f4219fad@group-87309CCAF353-FollowerState] INFO  impl.RoleInfo (RoleInfo.java:shutdownFollowerState(108)) - 5adaab23-8dc1-4fdb-be6f-dc28f4219fad: shutdown 5adaab23-8dc1-4fdb-be6f-dc28f4219fad@group-87309CCAF353-FollowerState
2021-07-28 08:37:10,206 [5adaab23-8dc1-4fdb-be6f-dc28f4219fad@group-87309CCAF353-FollowerState] INFO  server.RaftServer$Division (RaftServerImpl.java:setRole(285)) - 5adaab23-8dc1-4fdb-be6f-dc28f4219fad@group-87309CCAF353: changes role from  FOLLOWER to CANDIDATE at term 0 for changeToCandidate
2021-07-28 08:37:10,207 [5adaab23-8dc1-4fdb-be6f-dc28f4219fad@group-87309CCAF353-FollowerState] INFO  server.RaftServerConfigKeys (ConfUtils.java:logGet(44)) - raft.server.leaderelection.pre-vote = false (custom)
2021-07-28 08:37:10,207 [5adaab23-8dc1-4fdb-be6f-dc28f4219fad@group-87309CCAF353-FollowerState] INFO  impl.RoleInfo (RoleInfo.java:updateAndGet(130)) - 5adaab23-8dc1-4fdb-be6f-dc28f4219fad: start 5adaab23-8dc1-4fdb-be6f-dc28f4219fad@group-87309CCAF353-LeaderElection71
2021-07-28 08:37:10,210 [5adaab23-8dc1-4fdb-be6f-dc28f4219fad@group-87309CCAF353-LeaderElection71] INFO  impl.LeaderElection (LeaderElection.java:askForVotes(306)) - 5adaab23-8dc1-4fdb-be6f-dc28f4219fad@group-87309CCAF353-LeaderElection71 ELECTION round 0: submit vote requests at term 1 for -1: [5adaab23-8dc1-4fdb-be6f-dc28f4219fad|rpc:10.1.0.59:40175|priority:1], old=null
2021-07-28 08:37:10,210 [5adaab23-8dc1-4fdb-be6f-dc28f4219fad@group-87309CCAF353-LeaderElection71] INFO  impl.LeaderElection (LeaderElection.java:askForVotes(308)) - 5adaab23-8dc1-4fdb-be6f-dc28f4219fad@group-87309CCAF353-LeaderElection71 ELECTION round 0: result PASSED (term=1)
2021-07-28 08:37:10,210 [5adaab23-8dc1-4fdb-be6f-dc28f4219fad@group-87309CCAF353-LeaderElection71] INFO  impl.RoleInfo (RoleInfo.java:shutdownLeaderElection(121)) - 5adaab23-8dc1-4fdb-be6f-dc28f4219fad: shutdown 5adaab23-8dc1-4fdb-be6f-dc28f4219fad@group-87309CCAF353-LeaderElection71
2021-07-28 08:37:10,210 [5adaab23-8dc1-4fdb-be6f-dc28f4219fad@group-87309CCAF353-LeaderElection71] INFO  server.RaftServer$Division (RaftServerImpl.java:setRole(285)) - 5adaab23-8dc1-4fdb-be6f-dc28f4219fad@group-87309CCAF353: changes role from CANDIDATE to LEADER at term 1 for changeToLeader
2021-07-28 08:37:10,210 [5adaab23-8dc1-4fdb-be6f-dc28f4219fad@group-87309CCAF353-LeaderElection71] INFO  ratis.XceiverServerRatis (XceiverServerRatis.java:handleLeaderChangedNotification(857)) - Leader change notification received for group: group-87309CCAF353 with new leaderId: 5adaab23-8dc1-4fdb-be6f-dc28f4219fad
2021-07-28 08:37:10,211 [Datanode State Machine Thread - 0] WARN  statemachine.StateContext (StateContext.java:execute(621)) - No available thread in pool for past 1 seconds.
2021-07-28 08:37:10,211 [5adaab23-8dc1-4fdb-be6f-dc28f4219fad@group-87309CCAF353-LeaderElection71] INFO  server.RaftServer$Division (ServerState.java:setLeader(285)) - 5adaab23-8dc1-4fdb-be6f-dc28f4219fad@group-87309CCAF353: change Leader from null to 5adaab23-8dc1-4fdb-be6f-dc28f4219fad at term 1 for becomeLeader, leader elected after 5012ms
2021-07-28 08:37:10,211 [5adaab23-8dc1-4fdb-be6f-dc28f4219fad@group-87309CCAF353-LeaderElection71] INFO  server.RaftServerConfigKeys (ConfUtils.java:logGet(44)) - raft.server.staging.catchup.gap = 1000 (default)
2021-07-28 08:37:10,211 [5adaab23-8dc1-4fdb-be6f-dc28f4219fad@group-87309CCAF353-LeaderElection71] INFO  server.RaftServerConfigKeys (ConfUtils.java:logGet(44)) - raft.server.write.element-limit = 1024 (custom)
2021-07-28 08:37:10,212 [5adaab23-8dc1-4fdb-be6f-dc28f4219fad@group-87309CCAF353-LeaderElection71] INFO  server.RaftServerConfigKeys (ConfUtils.java:logGet(44)) - raft.server.write.byte-limit = 1073741824 (custom)
2021-07-28 08:37:10,212 [5adaab23-8dc1-4fdb-be6f-dc28f4219fad@group-87309CCAF353-LeaderElection71] INFO  server.RaftServerConfigKeys (ConfUtils.java:logGet(44)) - raft.server.watch.timeout = 3000ms (custom)
2021-07-28 08:37:10,212 [5adaab23-8dc1-4fdb-be6f-dc28f4219fad@group-87309CCAF353-LeaderElection71] INFO  server.RaftServerConfigKeys (ConfUtils.java:logGet(44)) - raft.server.watch.timeout.denomination = 1s (default)
2021-07-28 08:37:10,212 [5adaab23-8dc1-4fdb-be6f-dc28f4219fad@group-87309CCAF353-LeaderElection71] INFO  server.RaftServerConfigKeys (ConfUtils.java:logGet(44)) - raft.server.watch.element-limit = 65536 (default)
2021-07-28 08:37:10,212 [5adaab23-8dc1-4fdb-be6f-dc28f4219fad@group-87309CCAF353-LeaderElection71] INFO  impl.RoleInfo (RoleInfo.java:updateAndGet(130)) - 5adaab23-8dc1-4fdb-be6f-dc28f4219fad: start 5adaab23-8dc1-4fdb-be6f-dc28f4219fad@group-87309CCAF353-LeaderStateImpl
2021-07-28 08:37:10,213 [5adaab23-8dc1-4fdb-be6f-dc28f4219fad@group-87309CCAF353-LeaderElection71] INFO  segmented.SegmentedRaftLogWorker (SegmentedRaftLogWorker.java:startLogSegment(394)) - 5adaab23-8dc1-4fdb-be6f-dc28f4219fad@group-87309CCAF353-SegmentedRaftLogWorker: Starting segment from index:0
2021-07-28 08:37:10,217 [5adaab23-8dc1-4fdb-be6f-dc28f4219fad@group-87309CCAF353-LeaderElection71] INFO  server.RaftServer$Division (ServerState.java:setRaftConf(387)) - 5adaab23-8dc1-4fdb-be6f-dc28f4219fad@group-87309CCAF353: set configuration 0: [5adaab23-8dc1-4fdb-be6f-dc28f4219fad|rpc:10.1.0.59:40175|dataStream:|priority:1], old=null
2021-07-28 08:37:10,218 [5adaab23-8dc1-4fdb-be6f-dc28f4219fad@group-87309CCAF353-SegmentedRaftLogWorker] INFO  segmented.SegmentedRaftLogWorker (SegmentedRaftLogWorker.java:execute(601)) - 5adaab23-8dc1-4fdb-be6f-dc28f4219fad@group-87309CCAF353-SegmentedRaftLogWorker: created new log segment /home/runner/work/ozone/ozone/mnt/ozone/hadoop-ozone/integration-test/target/test-dir/MiniOzoneClusterImpl-7b7c0b8f-b3d8-4fbb-9550-cea541527f6c/datanode-7/data/ratis/3d6b4bd0-f281-462f-9dad-87309ccaf353/current/log_inprogress_0
2021-07-28 08:37:10,439 [81ffaf6e-1a0b-4e8d-b763-a17fba998bf8@group-1B179147A28D-FollowerState] INFO  impl.FollowerState (FollowerState.java:run(134)) - 81ffaf6e-1a0b-4e8d-b763-a17fba998bf8@group-1B179147A28D-FollowerState: change to CANDIDATE, lastRpcElapsedTime:5061411799ns, electionTimeout:5061ms
2021-07-28 08:37:10,440 [81ffaf6e-1a0b-4e8d-b763-a17fba998bf8@group-1B179147A28D-FollowerState] INFO  impl.RoleInfo (RoleInfo.java:shutdownFollowerState(108)) - 81ffaf6e-1a0b-4e8d-b763-a17fba998bf8: shutdown 81ffaf6e-1a0b-4e8d-b763-a17fba998bf8@group-1B179147A28D-FollowerState
2021-07-28 08:37:10,440 [81ffaf6e-1a0b-4e8d-b763-a17fba998bf8@group-1B179147A28D-FollowerState] INFO  server.RaftServer$Division (RaftServerImpl.java:setRole(285)) - 81ffaf6e-1a0b-4e8d-b763-a17fba998bf8@group-1B179147A28D: changes role from  FOLLOWER to CANDIDATE at term 0 for changeToCandidate
2021-07-28 08:37:10,440 [81ffaf6e-1a0b-4e8d-b763-a17fba998bf8@group-1B179147A28D-FollowerState] INFO  server.RaftServerConfigKeys (ConfUtils.java:logGet(44)) - raft.server.leaderelection.pre-vote = false (custom)
2021-07-28 08:37:10,440 [81ffaf6e-1a0b-4e8d-b763-a17fba998bf8@group-1B179147A28D-FollowerState] INFO  impl.RoleInfo (RoleInfo.java:updateAndGet(130)) - 81ffaf6e-1a0b-4e8d-b763-a17fba998bf8: start 81ffaf6e-1a0b-4e8d-b763-a17fba998bf8@group-1B179147A28D-LeaderElection72
2021-07-28 08:37:10,444 [81ffaf6e-1a0b-4e8d-b763-a17fba998bf8@group-1B179147A28D-LeaderElection72] INFO  impl.LeaderElection (LeaderElection.java:askForVotes(306)) - 81ffaf6e-1a0b-4e8d-b763-a17fba998bf8@group-1B179147A28D-LeaderElection72 ELECTION round 0: submit vote requests at term 1 for -1: [81ffaf6e-1a0b-4e8d-b763-a17fba998bf8|rpc:10.1.0.59:40745|priority:1], old=null
2021-07-28 08:37:10,444 [81ffaf6e-1a0b-4e8d-b763-a17fba998bf8@group-1B179147A28D-LeaderElection72] INFO  impl.LeaderElection (LeaderElection.java:askForVotes(308)) - 81ffaf6e-1a0b-4e8d-b763-a17fba998bf8@group-1B179147A28D-LeaderElection72 ELECTION round 0: result PASSED (term=1)
2021-07-28 08:37:10,444 [81ffaf6e-1a0b-4e8d-b763-a17fba998bf8@group-1B179147A28D-LeaderElection72] INFO  impl.RoleInfo (RoleInfo.java:shutdownLeaderElection(121)) - 81ffaf6e-1a0b-4e8d-b763-a17fba998bf8: shutdown 81ffaf6e-1a0b-4e8d-b763-a17fba998bf8@group-1B179147A28D-LeaderElection72
2021-07-28 08:37:10,444 [81ffaf6e-1a0b-4e8d-b763-a17fba998bf8@group-1B179147A28D-LeaderElection72] INFO  server.RaftServer$Division (RaftServerImpl.java:setRole(285)) - 81ffaf6e-1a0b-4e8d-b763-a17fba998bf8@group-1B179147A28D: changes role from CANDIDATE to LEADER at term 1 for changeToLeader
2021-07-28 08:37:10,444 [81ffaf6e-1a0b-4e8d-b763-a17fba998bf8@group-1B179147A28D-LeaderElection72] INFO  ratis.XceiverServerRatis (XceiverServerRatis.java:handleLeaderChangedNotification(857)) - Leader change notification received for group: group-1B179147A28D with new leaderId: 81ffaf6e-1a0b-4e8d-b763-a17fba998bf8
2021-07-28 08:37:10,444 [81ffaf6e-1a0b-4e8d-b763-a17fba998bf8@group-1B179147A28D-LeaderElection72] INFO  server.RaftServer$Division (ServerState.java:setLeader(285)) - 81ffaf6e-1a0b-4e8d-b763-a17fba998bf8@group-1B179147A28D: change Leader from null to 81ffaf6e-1a0b-4e8d-b763-a17fba998bf8 at term 1 for becomeLeader, leader elected after 5073ms
2021-07-28 08:37:10,444 [81ffaf6e-1a0b-4e8d-b763-a17fba998bf8@group-1B179147A28D-LeaderElection72] INFO  server.RaftServerConfigKeys (ConfUtils.java:logGet(44)) - raft.server.staging.catchup.gap = 1000 (default)
2021-07-28 08:37:10,445 [81ffaf6e-1a0b-4e8d-b763-a17fba998bf8@group-1B179147A28D-LeaderElection72] INFO  server.RaftServerConfigKeys (ConfUtils.java:logGet(44)) - raft.server.write.element-limit = 1024 (custom)
2021-07-28 08:37:10,445 [81ffaf6e-1a0b-4e8d-b763-a17fba998bf8@group-1B179147A28D-LeaderElection72] INFO  server.RaftServerConfigKeys (ConfUtils.java:logGet(44)) - raft.server.write.byte-limit = 1073741824 (custom)
2021-07-28 08:37:10,445 [81ffaf6e-1a0b-4e8d-b763-a17fba998bf8@group-1B179147A28D-LeaderElection72] INFO  server.RaftServerConfigKeys (ConfUtils.java:logGet(44)) - raft.server.watch.timeout = 3000ms (custom)
2021-07-28 08:37:10,445 [81ffaf6e-1a0b-4e8d-b763-a17fba998bf8@group-1B179147A28D-LeaderElection72] INFO  server.RaftServerConfigKeys (ConfUtils.java:logGet(44)) - raft.server.watch.timeout.denomination = 1s (default)
2021-07-28 08:37:10,445 [81ffaf6e-1a0b-4e8d-b763-a17fba998bf8@group-1B179147A28D-LeaderElection72] INFO  server.RaftServerConfigKeys (ConfUtils.java:logGet(44)) - raft.server.watch.element-limit = 65536 (default)
2021-07-28 08:37:10,445 [81ffaf6e-1a0b-4e8d-b763-a17fba998bf8@group-1B179147A28D-LeaderElection72] INFO  impl.RoleInfo (RoleInfo.java:updateAndGet(130)) - 81ffaf6e-1a0b-4e8d-b763-a17fba998bf8: start 81ffaf6e-1a0b-4e8d-b763-a17fba998bf8@group-1B179147A28D-LeaderStateImpl
2021-07-28 08:37:10,446 [81ffaf6e-1a0b-4e8d-b763-a17fba998bf8@group-1B179147A28D-LeaderElection72] INFO  segmented.SegmentedRaftLogWorker (SegmentedRaftLogWorker.java:startLogSegment(394)) - 81ffaf6e-1a0b-4e8d-b763-a17fba998bf8@group-1B179147A28D-SegmentedRaftLogWorker: Starting segment from index:0
2021-07-28 08:37:10,448 [81ffaf6e-1a0b-4e8d-b763-a17fba998bf8@group-1B179147A28D-SegmentedRaftLogWorker] INFO  segmented.SegmentedRaftLogWorker (SegmentedRaftLogWorker.java:execute(601)) - 81ffaf6e-1a0b-4e8d-b763-a17fba998bf8@group-1B179147A28D-SegmentedRaftLogWorker: created new log segment /home/runner/work/ozone/ozone/mnt/ozone/hadoop-ozone/integration-test/target/test-dir/MiniOzoneClusterImpl-7b7c0b8f-b3d8-4fbb-9550-cea541527f6c/datanode-8/data/ratis/a0d9895a-15d5-4a5d-8c53-1b179147a28d/current/log_inprogress_0
2021-07-28 08:37:10,449 [81ffaf6e-1a0b-4e8d-b763-a17fba998bf8@group-1B179147A28D-LeaderElection72] INFO  server.RaftServer$Division (ServerState.java:setRaftConf(387)) - 81ffaf6e-1a0b-4e8d-b763-a17fba998bf8@group-1B179147A28D: set configuration 0: [81ffaf6e-1a0b-4e8d-b763-a17fba998bf8|rpc:10.1.0.59:40745|dataStream:|priority:1], old=null
2021-07-28 08:37:14,181 [b7359b5d-2f96-41df-9094-9722a03cb7a4@group-82F261664D2A-FollowerState] INFO  impl.FollowerState (FollowerState.java:run(134)) - b7359b5d-2f96-41df-9094-9722a03cb7a4@group-82F261664D2A-FollowerState: change to CANDIDATE, lastRpcElapsedTime:5070619821ns, electionTimeout:5070ms
2021-07-28 08:37:14,182 [b7359b5d-2f96-41df-9094-9722a03cb7a4@group-82F261664D2A-FollowerState] INFO  impl.RoleInfo (RoleInfo.java:shutdownFollowerState(108)) - b7359b5d-2f96-41df-9094-9722a03cb7a4: shutdown b7359b5d-2f96-41df-9094-9722a03cb7a4@group-82F261664D2A-FollowerState
2021-07-28 08:37:14,182 [b7359b5d-2f96-41df-9094-9722a03cb7a4@group-82F261664D2A-FollowerState] INFO  server.RaftServer$Division (RaftServerImpl.java:setRole(285)) - b7359b5d-2f96-41df-9094-9722a03cb7a4@group-82F261664D2A: changes role from  FOLLOWER to CANDIDATE at term 2 for changeToCandidate
2021-07-28 08:37:14,182 [b7359b5d-2f96-41df-9094-9722a03cb7a4@group-82F261664D2A-FollowerState] INFO  server.RaftServerConfigKeys (ConfUtils.java:logGet(44)) - raft.server.leaderelection.pre-vote = false (custom)
2021-07-28 08:37:14,182 [b7359b5d-2f96-41df-9094-9722a03cb7a4@group-82F261664D2A-FollowerState] INFO  impl.RoleInfo (RoleInfo.java:updateAndGet(130)) - b7359b5d-2f96-41df-9094-9722a03cb7a4: start b7359b5d-2f96-41df-9094-9722a03cb7a4@group-82F261664D2A-LeaderElection73
2021-07-28 08:37:14,184 [b7359b5d-2f96-41df-9094-9722a03cb7a4@group-82F261664D2A-LeaderElection73] INFO  impl.LeaderElection (LeaderElection.java:askForVotes(306)) - b7359b5d-2f96-41df-9094-9722a03cb7a4@group-82F261664D2A-LeaderElection73 ELECTION round 0: submit vote requests at term 3 for 0: [b7359b5d-2f96-41df-9094-9722a03cb7a4|rpc:10.1.0.59:35585|dataStream:|priority:0, d20c9192-b22d-4378-befe-a66526543a88|rpc:10.1.0.59:35025|dataStream:|priority:0, 3eacac38-fa6c-439b-bf72-bbc3b8f2ba66|rpc:10.1.0.59:37715|dataStream:|priority:1], old=null
2021-07-28 08:37:14,194 [grpc-default-executor-4] INFO  server.RaftServer$Division (RaftServerImpl.java:requestVote(1043)) - 3eacac38-fa6c-439b-bf72-bbc3b8f2ba66@group-82F261664D2A: receive requestVote(ELECTION, b7359b5d-2f96-41df-9094-9722a03cb7a4, group-82F261664D2A, 3, (t:1, i:0))
2021-07-28 08:37:14,194 [grpc-default-executor-4] INFO  impl.VoteContext (VoteContext.java:log(48)) - 3eacac38-fa6c-439b-bf72-bbc3b8f2ba66@group-82F261664D2A-FOLLOWER: reject ELECTION from b7359b5d-2f96-41df-9094-9722a03cb7a4: our priority 1 > candidate's priority 0
2021-07-28 08:37:14,194 [grpc-default-executor-4] INFO  server.RaftServer$Division (RaftServerImpl.java:setRole(285)) - 3eacac38-fa6c-439b-bf72-bbc3b8f2ba66@group-82F261664D2A: changes role from  FOLLOWER to FOLLOWER at term 3 for candidate:b7359b5d-2f96-41df-9094-9722a03cb7a4
2021-07-28 08:37:14,194 [grpc-default-executor-4] INFO  impl.RoleInfo (RoleInfo.java:shutdownFollowerState(108)) - 3eacac38-fa6c-439b-bf72-bbc3b8f2ba66: shutdown 3eacac38-fa6c-439b-bf72-bbc3b8f2ba66@group-82F261664D2A-FollowerState
2021-07-28 08:37:14,194 [grpc-default-executor-4] INFO  impl.RoleInfo (RoleInfo.java:updateAndGet(130)) - 3eacac38-fa6c-439b-bf72-bbc3b8f2ba66: start 3eacac38-fa6c-439b-bf72-bbc3b8f2ba66@group-82F261664D2A-FollowerState
2021-07-28 08:37:14,195 [3eacac38-fa6c-439b-bf72-bbc3b8f2ba66@group-82F261664D2A-FollowerState] INFO  impl.FollowerState (FollowerState.java:run(143)) - 3eacac38-fa6c-439b-bf72-bbc3b8f2ba66@group-82F261664D2A-FollowerState was interrupted: {}
java.lang.InterruptedException: sleep interrupted
	at java.lang.Thread.sleep(Native Method)
	at java.lang.Thread.sleep(Thread.java:340)
	at java.util.concurrent.TimeUnit.sleep(TimeUnit.java:386)
	at org.apache.ratis.util.TimeDuration.sleep(TimeDuration.java:324)
	at org.apache.ratis.util.TimeDuration.sleep(TimeDuration.java:309)
	at org.apache.ratis.server.impl.FollowerState.run(FollowerState.java:118)
2021-07-28 08:37:14,201 [grpc-default-executor-4] INFO  server.RaftServer$Division (RaftServerImpl.java:requestVote(1075)) - 3eacac38-fa6c-439b-bf72-bbc3b8f2ba66@group-82F261664D2A replies to ELECTION vote request: b7359b5d-2f96-41df-9094-9722a03cb7a4<-3eacac38-fa6c-439b-bf72-bbc3b8f2ba66#0:FAIL-t3. Peer's state: 3eacac38-fa6c-439b-bf72-bbc3b8f2ba66@group-82F261664D2A:t3, leader=null, voted=null, raftlog=3eacac38-fa6c-439b-bf72-bbc3b8f2ba66@group-82F261664D2A-SegmentedRaftLog:OPENED:c0,f0,i0, conf=0: [b7359b5d-2f96-41df-9094-9722a03cb7a4|rpc:10.1.0.59:35585|dataStream:|priority:0, d20c9192-b22d-4378-befe-a66526543a88|rpc:10.1.0.59:35025|dataStream:|priority:0, 3eacac38-fa6c-439b-bf72-bbc3b8f2ba66|rpc:10.1.0.59:37715|dataStream:|priority:1], old=null
2021-07-28 08:37:14,202 [b7359b5d-2f96-41df-9094-9722a03cb7a4@group-82F261664D2A-LeaderElection73] INFO  impl.LeaderElection (LeaderElection.java:logAndReturn(89)) - b7359b5d-2f96-41df-9094-9722a03cb7a4@group-82F261664D2A-LeaderElection73: ELECTION REJECTED received 1 response(s) and 0 exception(s):
2021-07-28 08:37:14,202 [b7359b5d-2f96-41df-9094-9722a03cb7a4@group-82F261664D2A-LeaderElection73] INFO  impl.LeaderElection (LeaderElection.java:logAndReturn(93)) -   Response 0: b7359b5d-2f96-41df-9094-9722a03cb7a4<-3eacac38-fa6c-439b-bf72-bbc3b8f2ba66#0:FAIL-t3
2021-07-28 08:37:14,202 [b7359b5d-2f96-41df-9094-9722a03cb7a4@group-82F261664D2A-LeaderElection73] INFO  impl.LeaderElection (LeaderElection.java:askForVotes(308)) - b7359b5d-2f96-41df-9094-9722a03cb7a4@group-82F261664D2A-LeaderElection73 ELECTION round 0: result REJECTED
2021-07-28 08:37:14,202 [b7359b5d-2f96-41df-9094-9722a03cb7a4@group-82F261664D2A-LeaderElection73] INFO  server.RaftServer$Division (RaftServerImpl.java:setRole(285)) - b7359b5d-2f96-41df-9094-9722a03cb7a4@group-82F261664D2A: changes role from CANDIDATE to FOLLOWER at term 3 for REJECTED
2021-07-28 08:37:14,202 [b7359b5d-2f96-41df-9094-9722a03cb7a4@group-82F261664D2A-LeaderElection73] INFO  impl.RoleInfo (RoleInfo.java:shutdownLeaderElection(121)) - b7359b5d-2f96-41df-9094-9722a03cb7a4: shutdown b7359b5d-2f96-41df-9094-9722a03cb7a4@group-82F261664D2A-LeaderElection73
2021-07-28 08:37:14,202 [b7359b5d-2f96-41df-9094-9722a03cb7a4@group-82F261664D2A-LeaderElection73] INFO  impl.RoleInfo (RoleInfo.java:updateAndGet(130)) - b7359b5d-2f96-41df-9094-9722a03cb7a4: start b7359b5d-2f96-41df-9094-9722a03cb7a4@group-82F261664D2A-FollowerState
2021-07-28 08:37:14,206 [grpc-default-executor-4] INFO  server.RaftServer$Division (RaftServerImpl.java:requestVote(1043)) - d20c9192-b22d-4378-befe-a66526543a88@group-82F261664D2A: receive requestVote(ELECTION, b7359b5d-2f96-41df-9094-9722a03cb7a4, group-82F261664D2A, 3, (t:1, i:0))
2021-07-28 08:37:14,207 [grpc-default-executor-4] INFO  impl.VoteContext (VoteContext.java:log(48)) - d20c9192-b22d-4378-befe-a66526543a88@group-82F261664D2A-FOLLOWER: accept ELECTION from b7359b5d-2f96-41df-9094-9722a03cb7a4: our last entry null < candidate's last entry (t:1, i:0)
2021-07-28 08:37:14,207 [grpc-default-executor-4] INFO  server.RaftServer$Division (RaftServerImpl.java:setRole(285)) - d20c9192-b22d-4378-befe-a66526543a88@group-82F261664D2A: changes role from  FOLLOWER to FOLLOWER at term 3 for candidate:b7359b5d-2f96-41df-9094-9722a03cb7a4
2021-07-28 08:37:14,207 [grpc-default-executor-4] INFO  impl.RoleInfo (RoleInfo.java:shutdownFollowerState(108)) - d20c9192-b22d-4378-befe-a66526543a88: shutdown d20c9192-b22d-4378-befe-a66526543a88@group-82F261664D2A-FollowerState
2021-07-28 08:37:14,207 [grpc-default-executor-4] INFO  impl.RoleInfo (RoleInfo.java:updateAndGet(130)) - d20c9192-b22d-4378-befe-a66526543a88: start d20c9192-b22d-4378-befe-a66526543a88@group-82F261664D2A-FollowerState
2021-07-28 08:37:14,207 [d20c9192-b22d-4378-befe-a66526543a88@group-82F261664D2A-FollowerState] INFO  impl.FollowerState (FollowerState.java:run(143)) - d20c9192-b22d-4378-befe-a66526543a88@group-82F261664D2A-FollowerState was interrupted: {}
java.lang.InterruptedException: sleep interrupted
	at java.lang.Thread.sleep(Native Method)
	at java.lang.Thread.sleep(Thread.java:340)
	at java.util.concurrent.TimeUnit.sleep(TimeUnit.java:386)
	at org.apache.ratis.util.TimeDuration.sleep(TimeDuration.java:324)
	at org.apache.ratis.util.TimeDuration.sleep(TimeDuration.java:309)
	at org.apache.ratis.server.impl.FollowerState.run(FollowerState.java:118)
2021-07-28 08:37:14,208 [grpc-default-executor-4] INFO  server.RaftServer$Division (RaftServerImpl.java:requestVote(1075)) - d20c9192-b22d-4378-befe-a66526543a88@group-82F261664D2A replies to ELECTION vote request: b7359b5d-2f96-41df-9094-9722a03cb7a4<-d20c9192-b22d-4378-befe-a66526543a88#0:OK-t3. Peer's state: d20c9192-b22d-4378-befe-a66526543a88@group-82F261664D2A:t3, leader=null, voted=b7359b5d-2f96-41df-9094-9722a03cb7a4, raftlog=d20c9192-b22d-4378-befe-a66526543a88@group-82F261664D2A-SegmentedRaftLog:OPENED:c-1,f-1,i0, conf=-1: [b7359b5d-2f96-41df-9094-9722a03cb7a4|rpc:10.1.0.59:35585|priority:0, d20c9192-b22d-4378-befe-a66526543a88|rpc:10.1.0.59:35025|priority:0, 3eacac38-fa6c-439b-bf72-bbc3b8f2ba66|rpc:10.1.0.59:37715|priority:1], old=null
2021-07-28 08:37:15,180 [5adaab23-8dc1-4fdb-be6f-dc28f4219fad@group-D95E40A13D84-FollowerState] INFO  impl.FollowerState (FollowerState.java:run(134)) - 5adaab23-8dc1-4fdb-be6f-dc28f4219fad@group-D95E40A13D84-FollowerState: change to CANDIDATE, lastRpcElapsedTime:5015826987ns, electionTimeout:5015ms
2021-07-28 08:37:15,180 [5adaab23-8dc1-4fdb-be6f-dc28f4219fad@group-D95E40A13D84-FollowerState] INFO  impl.RoleInfo (RoleInfo.java:shutdownFollowerState(108)) - 5adaab23-8dc1-4fdb-be6f-dc28f4219fad: shutdown 5adaab23-8dc1-4fdb-be6f-dc28f4219fad@group-D95E40A13D84-FollowerState
2021-07-28 08:37:15,180 [5adaab23-8dc1-4fdb-be6f-dc28f4219fad@group-D95E40A13D84-FollowerState] INFO  server.RaftServer$Division (RaftServerImpl.java:setRole(285)) - 5adaab23-8dc1-4fdb-be6f-dc28f4219fad@group-D95E40A13D84: changes role from  FOLLOWER to CANDIDATE at term 1 for changeToCandidate
2021-07-28 08:37:15,180 [5adaab23-8dc1-4fdb-be6f-dc28f4219fad@group-D95E40A13D84-FollowerState] INFO  server.RaftServerConfigKeys (ConfUtils.java:logGet(44)) - raft.server.leaderelection.pre-vote = false (custom)
2021-07-28 08:37:15,180 [5adaab23-8dc1-4fdb-be6f-dc28f4219fad@group-D95E40A13D84-FollowerState] INFO  impl.RoleInfo (RoleInfo.java:updateAndGet(130)) - 5adaab23-8dc1-4fdb-be6f-dc28f4219fad: start 5adaab23-8dc1-4fdb-be6f-dc28f4219fad@group-D95E40A13D84-LeaderElection74
2021-07-28 08:37:15,183 [5adaab23-8dc1-4fdb-be6f-dc28f4219fad@group-D95E40A13D84-LeaderElection74] INFO  impl.LeaderElection (LeaderElection.java:askForVotes(306)) - 5adaab23-8dc1-4fdb-be6f-dc28f4219fad@group-D95E40A13D84-LeaderElection74 ELECTION round 0: submit vote requests at term 2 for -1: [954c2539-c430-4abc-b152-2157e37527ee|rpc:10.1.0.59:36295|dataStream:|priority:1, 5adaab23-8dc1-4fdb-be6f-dc28f4219fad|rpc:10.1.0.59:40175|dataStream:|priority:0, 81ffaf6e-1a0b-4e8d-b763-a17fba998bf8|rpc:10.1.0.59:40745|dataStream:|priority:0], old=null
2021-07-28 08:37:15,191 [grpc-default-executor-4] INFO  server.RaftServer$Division (RaftServerImpl.java:requestVote(1043)) - 81ffaf6e-1a0b-4e8d-b763-a17fba998bf8@group-D95E40A13D84: receive requestVote(ELECTION, 5adaab23-8dc1-4fdb-be6f-dc28f4219fad, group-D95E40A13D84, 2, (t:0, i:0))
2021-07-28 08:37:15,191 [grpc-default-executor-4] INFO  impl.VoteContext (VoteContext.java:log(48)) - 81ffaf6e-1a0b-4e8d-b763-a17fba998bf8@group-D95E40A13D84-FOLLOWER: accept ELECTION from 5adaab23-8dc1-4fdb-be6f-dc28f4219fad: our priority 0 <= candidate's priority 0
2021-07-28 08:37:15,191 [grpc-default-executor-4] INFO  server.RaftServer$Division (RaftServerImpl.java:setRole(285)) - 81ffaf6e-1a0b-4e8d-b763-a17fba998bf8@group-D95E40A13D84: changes role from  FOLLOWER to FOLLOWER at term 2 for candidate:5adaab23-8dc1-4fdb-be6f-dc28f4219fad
2021-07-28 08:37:15,191 [grpc-default-executor-4] INFO  impl.RoleInfo (RoleInfo.java:shutdownFollowerState(108)) - 81ffaf6e-1a0b-4e8d-b763-a17fba998bf8: shutdown 81ffaf6e-1a0b-4e8d-b763-a17fba998bf8@group-D95E40A13D84-FollowerState
2021-07-28 08:37:15,191 [grpc-default-executor-4] INFO  impl.RoleInfo (RoleInfo.java:updateAndGet(130)) - 81ffaf6e-1a0b-4e8d-b763-a17fba998bf8: start 81ffaf6e-1a0b-4e8d-b763-a17fba998bf8@group-D95E40A13D84-FollowerState
2021-07-28 08:37:15,191 [81ffaf6e-1a0b-4e8d-b763-a17fba998bf8@group-D95E40A13D84-FollowerState] INFO  impl.FollowerState (FollowerState.java:run(143)) - 81ffaf6e-1a0b-4e8d-b763-a17fba998bf8@group-D95E40A13D84-FollowerState was interrupted: {}
java.lang.InterruptedException: sleep interrupted
	at java.lang.Thread.sleep(Native Method)
	at java.lang.Thread.sleep(Thread.java:340)
	at java.util.concurrent.TimeUnit.sleep(TimeUnit.java:386)
	at org.apache.ratis.util.TimeDuration.sleep(TimeDuration.java:324)
	at org.apache.ratis.util.TimeDuration.sleep(TimeDuration.java:309)
	at org.apache.ratis.server.impl.FollowerState.run(FollowerState.java:118)
2021-07-28 08:37:15,197 [grpc-default-executor-1] INFO  server.RaftServer$Division (RaftServerImpl.java:requestVote(1043)) - 954c2539-c430-4abc-b152-2157e37527ee@group-D95E40A13D84: receive requestVote(ELECTION, 5adaab23-8dc1-4fdb-be6f-dc28f4219fad, group-D95E40A13D84, 2, (t:0, i:0))
2021-07-28 08:37:15,197 [grpc-default-executor-4] INFO  server.RaftServer$Division (RaftServerImpl.java:requestVote(1075)) - 81ffaf6e-1a0b-4e8d-b763-a17fba998bf8@group-D95E40A13D84 replies to ELECTION vote request: 5adaab23-8dc1-4fdb-be6f-dc28f4219fad<-81ffaf6e-1a0b-4e8d-b763-a17fba998bf8#0:OK-t2. Peer's state: 81ffaf6e-1a0b-4e8d-b763-a17fba998bf8@group-D95E40A13D84:t2, leader=null, voted=5adaab23-8dc1-4fdb-be6f-dc28f4219fad, raftlog=81ffaf6e-1a0b-4e8d-b763-a17fba998bf8@group-D95E40A13D84-SegmentedRaftLog:OPENED:c-1,f-1,i0, conf=-1: [954c2539-c430-4abc-b152-2157e37527ee|rpc:10.1.0.59:36295|dataStream:|priority:1, 5adaab23-8dc1-4fdb-be6f-dc28f4219fad|rpc:10.1.0.59:40175|dataStream:|priority:0, 81ffaf6e-1a0b-4e8d-b763-a17fba998bf8|rpc:10.1.0.59:40745|dataStream:|priority:0], old=null
2021-07-28 08:37:15,198 [grpc-default-executor-1] INFO  impl.VoteContext (VoteContext.java:log(48)) - 954c2539-c430-4abc-b152-2157e37527ee@group-D95E40A13D84-FOLLOWER: reject ELECTION from 5adaab23-8dc1-4fdb-be6f-dc28f4219fad: our priority 1 > candidate's priority 0
2021-07-28 08:37:15,199 [grpc-default-executor-1] INFO  server.RaftServer$Division (RaftServerImpl.java:setRole(285)) - 954c2539-c430-4abc-b152-2157e37527ee@group-D95E40A13D84: changes role from  FOLLOWER to FOLLOWER at term 2 for candidate:5adaab23-8dc1-4fdb-be6f-dc28f4219fad
2021-07-28 08:37:15,199 [grpc-default-executor-1] INFO  impl.RoleInfo (RoleInfo.java:shutdownFollowerState(108)) - 954c2539-c430-4abc-b152-2157e37527ee: shutdown 954c2539-c430-4abc-b152-2157e37527ee@group-D95E40A13D84-FollowerState
2021-07-28 08:37:15,199 [grpc-default-executor-1] INFO  impl.RoleInfo (RoleInfo.java:updateAndGet(130)) - 954c2539-c430-4abc-b152-2157e37527ee: start 954c2539-c430-4abc-b152-2157e37527ee@group-D95E40A13D84-FollowerState
2021-07-28 08:37:15,199 [954c2539-c430-4abc-b152-2157e37527ee@group-D95E40A13D84-FollowerState] INFO  impl.FollowerState (FollowerState.java:run(143)) - 954c2539-c430-4abc-b152-2157e37527ee@group-D95E40A13D84-FollowerState was interrupted: {}
java.lang.InterruptedException: sleep interrupted
	at java.lang.Thread.sleep(Native Method)
	at java.lang.Thread.sleep(Thread.java:340)
	at java.util.concurrent.TimeUnit.sleep(TimeUnit.java:386)
	at org.apache.ratis.util.TimeDuration.sleep(TimeDuration.java:324)
	at org.apache.ratis.util.TimeDuration.sleep(TimeDuration.java:309)
	at org.apache.ratis.server.impl.FollowerState.run(FollowerState.java:118)
2021-07-28 08:37:15,200 [grpc-default-executor-1] INFO  server.RaftServer$Division (RaftServerImpl.java:requestVote(1075)) - 954c2539-c430-4abc-b152-2157e37527ee@group-D95E40A13D84 replies to ELECTION vote request: 5adaab23-8dc1-4fdb-be6f-dc28f4219fad<-954c2539-c430-4abc-b152-2157e37527ee#0:FAIL-t2. Peer's state: 954c2539-c430-4abc-b152-2157e37527ee@group-D95E40A13D84:t2, leader=null, voted=null, raftlog=954c2539-c430-4abc-b152-2157e37527ee@group-D95E40A13D84-SegmentedRaftLog:OPENED:c-1,f-1,i0, conf=-1: [954c2539-c430-4abc-b152-2157e37527ee|rpc:10.1.0.59:36295|priority:1, 5adaab23-8dc1-4fdb-be6f-dc28f4219fad|rpc:10.1.0.59:40175|priority:0, 81ffaf6e-1a0b-4e8d-b763-a17fba998bf8|rpc:10.1.0.59:40745|priority:0], old=null
2021-07-28 08:37:15,203 [5adaab23-8dc1-4fdb-be6f-dc28f4219fad@group-D95E40A13D84-LeaderElection74] INFO  impl.LeaderElection (LeaderElection.java:logAndReturn(89)) - 5adaab23-8dc1-4fdb-be6f-dc28f4219fad@group-D95E40A13D84-LeaderElection74: ELECTION REJECTED received 2 response(s) and 0 exception(s):
2021-07-28 08:37:15,203 [5adaab23-8dc1-4fdb-be6f-dc28f4219fad@group-D95E40A13D84-LeaderElection74] INFO  impl.LeaderElection (LeaderElection.java:logAndReturn(93)) -   Response 0: 5adaab23-8dc1-4fdb-be6f-dc28f4219fad<-954c2539-c430-4abc-b152-2157e37527ee#0:FAIL-t2
2021-07-28 08:37:15,203 [5adaab23-8dc1-4fdb-be6f-dc28f4219fad@group-D95E40A13D84-LeaderElection74] INFO  impl.LeaderElection (LeaderElection.java:logAndReturn(93)) -   Response 1: 5adaab23-8dc1-4fdb-be6f-dc28f4219fad<-81ffaf6e-1a0b-4e8d-b763-a17fba998bf8#0:OK-t2
2021-07-28 08:37:15,203 [5adaab23-8dc1-4fdb-be6f-dc28f4219fad@group-D95E40A13D84-LeaderElection74] INFO  impl.LeaderElection (LeaderElection.java:askForVotes(308)) - 5adaab23-8dc1-4fdb-be6f-dc28f4219fad@group-D95E40A13D84-LeaderElection74 ELECTION round 0: result REJECTED
2021-07-28 08:37:15,203 [5adaab23-8dc1-4fdb-be6f-dc28f4219fad@group-D95E40A13D84-LeaderElection74] INFO  server.RaftServer$Division (RaftServerImpl.java:setRole(285)) - 5adaab23-8dc1-4fdb-be6f-dc28f4219fad@group-D95E40A13D84: changes role from CANDIDATE to FOLLOWER at term 2 for REJECTED
2021-07-28 08:37:15,203 [5adaab23-8dc1-4fdb-be6f-dc28f4219fad@group-D95E40A13D84-LeaderElection74] INFO  impl.RoleInfo (RoleInfo.java:shutdownLeaderElection(121)) - 5adaab23-8dc1-4fdb-be6f-dc28f4219fad: shutdown 5adaab23-8dc1-4fdb-be6f-dc28f4219fad@group-D95E40A13D84-LeaderElection74
2021-07-28 08:37:15,203 [5adaab23-8dc1-4fdb-be6f-dc28f4219fad@group-D95E40A13D84-LeaderElection74] INFO  impl.RoleInfo (RoleInfo.java:updateAndGet(130)) - 5adaab23-8dc1-4fdb-be6f-dc28f4219fad: start 5adaab23-8dc1-4fdb-be6f-dc28f4219fad@group-D95E40A13D84-FollowerState
2021-07-28 08:37:19,349 [b7359b5d-2f96-41df-9094-9722a03cb7a4@group-82F261664D2A-FollowerState] INFO  impl.FollowerState (FollowerState.java:run(134)) - b7359b5d-2f96-41df-9094-9722a03cb7a4@group-82F261664D2A-FollowerState: change to CANDIDATE, lastRpcElapsedTime:5147003208ns, electionTimeout:5141ms
2021-07-28 08:37:19,349 [b7359b5d-2f96-41df-9094-9722a03cb7a4@group-82F261664D2A-FollowerState] INFO  impl.RoleInfo (RoleInfo.java:shutdownFollowerState(108)) - b7359b5d-2f96-41df-9094-9722a03cb7a4: shutdown b7359b5d-2f96-41df-9094-9722a03cb7a4@group-82F261664D2A-FollowerState
2021-07-28 08:37:19,349 [b7359b5d-2f96-41df-9094-9722a03cb7a4@group-82F261664D2A-FollowerState] INFO  server.RaftServer$Division (RaftServerImpl.java:setRole(285)) - b7359b5d-2f96-41df-9094-9722a03cb7a4@group-82F261664D2A: changes role from  FOLLOWER to CANDIDATE at term 3 for changeToCandidate
2021-07-28 08:37:19,350 [b7359b5d-2f96-41df-9094-9722a03cb7a4@group-82F261664D2A-FollowerState] INFO  server.RaftServerConfigKeys (ConfUtils.java:logGet(44)) - raft.server.leaderelection.pre-vote = false (custom)
2021-07-28 08:37:19,350 [b7359b5d-2f96-41df-9094-9722a03cb7a4@group-82F261664D2A-FollowerState] INFO  impl.RoleInfo (RoleInfo.java:updateAndGet(130)) - b7359b5d-2f96-41df-9094-9722a03cb7a4: start b7359b5d-2f96-41df-9094-9722a03cb7a4@group-82F261664D2A-LeaderElection75
2021-07-28 08:37:19,352 [b7359b5d-2f96-41df-9094-9722a03cb7a4@group-82F261664D2A-LeaderElection75] INFO  impl.LeaderElection (LeaderElection.java:askForVotes(306)) - b7359b5d-2f96-41df-9094-9722a03cb7a4@group-82F261664D2A-LeaderElection75 ELECTION round 0: submit vote requests at term 4 for 0: [b7359b5d-2f96-41df-9094-9722a03cb7a4|rpc:10.1.0.59:35585|dataStream:|priority:0, d20c9192-b22d-4378-befe-a66526543a88|rpc:10.1.0.59:35025|dataStream:|priority:0, 3eacac38-fa6c-439b-bf72-bbc3b8f2ba66|rpc:10.1.0.59:37715|dataStream:|priority:1], old=null
2021-07-28 08:37:19,356 [grpc-default-executor-4] INFO  server.RaftServer$Division (RaftServerImpl.java:requestVote(1043)) - 3eacac38-fa6c-439b-bf72-bbc3b8f2ba66@group-82F261664D2A: receive requestVote(ELECTION, b7359b5d-2f96-41df-9094-9722a03cb7a4, group-82F261664D2A, 4, (t:1, i:0))
2021-07-28 08:37:19,356 [grpc-default-executor-4] INFO  impl.VoteContext (VoteContext.java:log(48)) - 3eacac38-fa6c-439b-bf72-bbc3b8f2ba66@group-82F261664D2A-FOLLOWER: reject ELECTION from b7359b5d-2f96-41df-9094-9722a03cb7a4: our priority 1 > candidate's priority 0
2021-07-28 08:37:19,357 [grpc-default-executor-4] INFO  server.RaftServer$Division (RaftServerImpl.java:setRole(285)) - 3eacac38-fa6c-439b-bf72-bbc3b8f2ba66@group-82F261664D2A: changes role from  FOLLOWER to FOLLOWER at term 4 for candidate:b7359b5d-2f96-41df-9094-9722a03cb7a4
2021-07-28 08:37:19,357 [grpc-default-executor-4] INFO  impl.RoleInfo (RoleInfo.java:shutdownFollowerState(108)) - 3eacac38-fa6c-439b-bf72-bbc3b8f2ba66: shutdown 3eacac38-fa6c-439b-bf72-bbc3b8f2ba66@group-82F261664D2A-FollowerState
2021-07-28 08:37:19,357 [grpc-default-executor-4] INFO  impl.RoleInfo (RoleInfo.java:updateAndGet(130)) - 3eacac38-fa6c-439b-bf72-bbc3b8f2ba66: start 3eacac38-fa6c-439b-bf72-bbc3b8f2ba66@group-82F261664D2A-FollowerState
2021-07-28 08:37:19,357 [3eacac38-fa6c-439b-bf72-bbc3b8f2ba66@group-82F261664D2A-FollowerState] INFO  impl.FollowerState (FollowerState.java:run(143)) - 3eacac38-fa6c-439b-bf72-bbc3b8f2ba66@group-82F261664D2A-FollowerState was interrupted: {}
java.lang.InterruptedException: sleep interrupted
	at java.lang.Thread.sleep(Native Method)
	at java.lang.Thread.sleep(Thread.java:340)
	at java.util.concurrent.TimeUnit.sleep(TimeUnit.java:386)
	at org.apache.ratis.util.TimeDuration.sleep(TimeDuration.java:324)
	at org.apache.ratis.util.TimeDuration.sleep(TimeDuration.java:309)
	at org.apache.ratis.server.impl.FollowerState.run(FollowerState.java:118)
2021-07-28 08:37:19,356 [grpc-default-executor-0] INFO  server.RaftServer$Division (RaftServerImpl.java:requestVote(1043)) - d20c9192-b22d-4378-befe-a66526543a88@group-82F261664D2A: receive requestVote(ELECTION, b7359b5d-2f96-41df-9094-9722a03cb7a4, group-82F261664D2A, 4, (t:1, i:0))
2021-07-28 08:37:19,357 [grpc-default-executor-0] INFO  impl.VoteContext (VoteContext.java:log(48)) - d20c9192-b22d-4378-befe-a66526543a88@group-82F261664D2A-FOLLOWER: accept ELECTION from b7359b5d-2f96-41df-9094-9722a03cb7a4: our last entry null < candidate's last entry (t:1, i:0)
2021-07-28 08:37:19,357 [grpc-default-executor-0] INFO  server.RaftServer$Division (RaftServerImpl.java:setRole(285)) - d20c9192-b22d-4378-befe-a66526543a88@group-82F261664D2A: changes role from  FOLLOWER to FOLLOWER at term 4 for candidate:b7359b5d-2f96-41df-9094-9722a03cb7a4
2021-07-28 08:37:19,357 [grpc-default-executor-0] INFO  impl.RoleInfo (RoleInfo.java:shutdownFollowerState(108)) - d20c9192-b22d-4378-befe-a66526543a88: shutdown d20c9192-b22d-4378-befe-a66526543a88@group-82F261664D2A-FollowerState
2021-07-28 08:37:19,358 [grpc-default-executor-0] INFO  impl.RoleInfo (RoleInfo.java:updateAndGet(130)) - d20c9192-b22d-4378-befe-a66526543a88: start d20c9192-b22d-4378-befe-a66526543a88@group-82F261664D2A-FollowerState
2021-07-28 08:37:19,358 [d20c9192-b22d-4378-befe-a66526543a88@group-82F261664D2A-FollowerState] INFO  impl.FollowerState (FollowerState.java:run(143)) - d20c9192-b22d-4378-befe-a66526543a88@group-82F261664D2A-FollowerState was interrupted: {}
java.lang.InterruptedException: sleep interrupted
	at java.lang.Thread.sleep(Native Method)
	at java.lang.Thread.sleep(Thread.java:340)
	at java.util.concurrent.TimeUnit.sleep(TimeUnit.java:386)
	at org.apache.ratis.util.TimeDuration.sleep(TimeDuration.java:324)
	at org.apache.ratis.util.TimeDuration.sleep(TimeDuration.java:309)
	at org.apache.ratis.server.impl.FollowerState.run(FollowerState.java:118)
2021-07-28 08:37:19,359 [grpc-default-executor-4] INFO  server.RaftServer$Division (RaftServerImpl.java:requestVote(1075)) - 3eacac38-fa6c-439b-bf72-bbc3b8f2ba66@group-82F261664D2A replies to ELECTION vote request: b7359b5d-2f96-41df-9094-9722a03cb7a4<-3eacac38-fa6c-439b-bf72-bbc3b8f2ba66#0:FAIL-t4. Peer's state: 3eacac38-fa6c-439b-bf72-bbc3b8f2ba66@group-82F261664D2A:t4, leader=null, voted=null, raftlog=3eacac38-fa6c-439b-bf72-bbc3b8f2ba66@group-82F261664D2A-SegmentedRaftLog:OPENED:c0,f0,i0, conf=0: [b7359b5d-2f96-41df-9094-9722a03cb7a4|rpc:10.1.0.59:35585|dataStream:|priority:0, d20c9192-b22d-4378-befe-a66526543a88|rpc:10.1.0.59:35025|dataStream:|priority:0, 3eacac38-fa6c-439b-bf72-bbc3b8f2ba66|rpc:10.1.0.59:37715|dataStream:|priority:1], old=null
2021-07-28 08:37:19,360 [grpc-default-executor-0] INFO  server.RaftServer$Division (RaftServerImpl.java:requestVote(1075)) - d20c9192-b22d-4378-befe-a66526543a88@group-82F261664D2A replies to ELECTION vote request: b7359b5d-2f96-41df-9094-9722a03cb7a4<-d20c9192-b22d-4378-befe-a66526543a88#0:OK-t4. Peer's state: d20c9192-b22d-4378-befe-a66526543a88@group-82F261664D2A:t4, leader=null, voted=b7359b5d-2f96-41df-9094-9722a03cb7a4, raftlog=d20c9192-b22d-4378-befe-a66526543a88@group-82F261664D2A-SegmentedRaftLog:OPENED:c-1,f-1,i0, conf=-1: [b7359b5d-2f96-41df-9094-9722a03cb7a4|rpc:10.1.0.59:35585|priority:0, d20c9192-b22d-4378-befe-a66526543a88|rpc:10.1.0.59:35025|priority:0, 3eacac38-fa6c-439b-bf72-bbc3b8f2ba66|rpc:10.1.0.59:37715|priority:1], old=null
2021-07-28 08:37:19,360 [b7359b5d-2f96-41df-9094-9722a03cb7a4@group-82F261664D2A-LeaderElection75] INFO  impl.LeaderElection (LeaderElection.java:logAndReturn(89)) - b7359b5d-2f96-41df-9094-9722a03cb7a4@group-82F261664D2A-LeaderElection75: ELECTION REJECTED received 1 response(s) and 0 exception(s):
2021-07-28 08:37:19,360 [b7359b5d-2f96-41df-9094-9722a03cb7a4@group-82F261664D2A-LeaderElection75] INFO  impl.LeaderElection (LeaderElection.java:logAndReturn(93)) -   Response 0: b7359b5d-2f96-41df-9094-9722a03cb7a4<-3eacac38-fa6c-439b-bf72-bbc3b8f2ba66#0:FAIL-t4
2021-07-28 08:37:19,360 [b7359b5d-2f96-41df-9094-9722a03cb7a4@group-82F261664D2A-LeaderElection75] INFO  impl.LeaderElection (LeaderElection.java:askForVotes(308)) - b7359b5d-2f96-41df-9094-9722a03cb7a4@group-82F261664D2A-LeaderElection75 ELECTION round 0: result REJECTED
2021-07-28 08:37:19,360 [b7359b5d-2f96-41df-9094-9722a03cb7a4@group-82F261664D2A-LeaderElection75] INFO  server.RaftServer$Division (RaftServerImpl.java:setRole(285)) - b7359b5d-2f96-41df-9094-9722a03cb7a4@group-82F261664D2A: changes role from CANDIDATE to FOLLOWER at term 4 for REJECTED
2021-07-28 08:37:19,360 [b7359b5d-2f96-41df-9094-9722a03cb7a4@group-82F261664D2A-LeaderElection75] INFO  impl.RoleInfo (RoleInfo.java:shutdownLeaderElection(121)) - b7359b5d-2f96-41df-9094-9722a03cb7a4: shutdown b7359b5d-2f96-41df-9094-9722a03cb7a4@group-82F261664D2A-LeaderElection75
2021-07-28 08:37:19,360 [b7359b5d-2f96-41df-9094-9722a03cb7a4@group-82F261664D2A-LeaderElection75] INFO  impl.RoleInfo (RoleInfo.java:updateAndGet(130)) - b7359b5d-2f96-41df-9094-9722a03cb7a4: start b7359b5d-2f96-41df-9094-9722a03cb7a4@group-82F261664D2A-FollowerState
2021-07-28 08:37:19,956 [Listener at 127.0.0.1/42363] INFO  ozone.MiniOzoneClusterImpl (MiniOzoneClusterImpl.java:shutdown(453)) - Shutting down the Mini Ozone Cluster
2021-07-28 08:37:19,957 [Listener at 127.0.0.1/42363] INFO  ozone.MiniOzoneClusterImpl (MiniOzoneClusterImpl.java:stop(468)) - Stopping the Mini Ozone Cluster
2021-07-28 08:37:19,957 [Listener at 127.0.0.1/42363] INFO  ozone.MiniOzoneClusterImpl (MiniOzoneClusterImpl.java:stopOM(550)) - Stopping the OzoneManager
2021-07-28 08:37:19,957 [Listener at 127.0.0.1/42363] INFO  om.OzoneManager (OzoneManager.java:stop(1601)) - Stopping Ozone Manager
2021-07-28 08:37:19,957 [Listener at 127.0.0.1/42363] INFO  ipc.Server (Server.java:stop(3414)) - Stopping server on 42363
2021-07-28 08:37:19,962 [IPC Server listener on 0] INFO  ipc.Server (Server.java:run(1376)) - Stopping IPC Server listener on 0
2021-07-28 08:37:19,962 [IPC Server Responder] INFO  ipc.Server (Server.java:run(1512)) - Stopping IPC Server Responder
2021-07-28 08:37:19,962 [Listener at 127.0.0.1/42363] INFO  server.RaftServer (RaftServerProxy.java:lambda$close$6(391)) - om1: close
2021-07-28 08:37:19,962 [Listener at 127.0.0.1/42363] INFO  server.RaftServer$Division (RaftServerImpl.java:lambda$close$4(407)) - om1@group-C5BA1605619E: shutdown
2021-07-28 08:37:19,963 [Listener at 127.0.0.1/42363] INFO  util.JmxRegister (JmxRegister.java:unregister(73)) - Successfully un-registered JMX Bean with object name Ratis:service=RaftServer,group=group-C5BA1605619E,id=om1
2021-07-28 08:37:19,963 [Listener at 127.0.0.1/42363] INFO  impl.RoleInfo (RoleInfo.java:shutdownLeaderState(91)) - om1: shutdown om1@group-C5BA1605619E-LeaderStateImpl
2021-07-28 08:37:19,963 [Listener at 127.0.0.1/42363] INFO  impl.PendingRequests (PendingRequests.java:sendNotLeaderResponses(249)) - om1@group-C5BA1605619E-PendingRequests: sendNotLeaderResponses
2021-07-28 08:37:19,966 [Listener at 127.0.0.1/42363] INFO  impl.StateMachineUpdater (StateMachineUpdater.java:stopAndJoin(149)) - om1@group-C5BA1605619E-StateMachineUpdater: set stopIndex = 4
2021-07-28 08:37:19,966 [om1@group-C5BA1605619E-StateMachineUpdater] INFO  ratis.OzoneManagerStateMachine (OzoneManagerStateMachine.java:takeSnapshot(417)) - Current Snapshot Index (t:1, i:4)
2021-07-28 08:37:19,967 [om1@group-C5BA1605619E-StateMachineUpdater] INFO  impl.StateMachineUpdater (StateMachineUpdater.java:takeSnapshot(281)) - om1@group-C5BA1605619E-StateMachineUpdater: Took a snapshot at index 4
2021-07-28 08:37:19,967 [om1@group-C5BA1605619E-StateMachineUpdater] INFO  impl.StateMachineUpdater (StateMachineUpdater.java:lambda$new$0(89)) - om1@group-C5BA1605619E-StateMachineUpdater: snapshotIndex: updateIncreasingly -1 -> 4
2021-07-28 08:37:19,967 [om1@group-C5BA1605619E-StateMachineUpdater] INFO  ratis.OzoneManagerStateMachine (OzoneManagerStateMachine.java:close(471)) - StateMachine has shutdown. Shutdown OzoneManager if not already shutdown.
2021-07-28 08:37:19,967 [Listener at 127.0.0.1/42363] INFO  server.RaftServer$Division (ServerState.java:close(419)) - om1@group-C5BA1605619E: closes. applyIndex: 4
2021-07-28 08:37:19,967 [om1@group-C5BA1605619E-SegmentedRaftLogWorker] INFO  segmented.SegmentedRaftLogWorker (SegmentedRaftLogWorker.java:run(327)) - om1@group-C5BA1605619E-SegmentedRaftLogWorker was interrupted, exiting. There are 0 tasks remaining in the queue.
2021-07-28 08:37:19,973 [Listener at 127.0.0.1/42363] INFO  segmented.SegmentedRaftLogWorker (SegmentedRaftLogWorker.java:close(237)) - om1@group-C5BA1605619E-SegmentedRaftLogWorker close()
2021-07-28 08:37:19,974 [Listener at 127.0.0.1/42363] INFO  server.GrpcService (GrpcService.java:closeImpl(262)) - om1: shutdown server with port 9872 now
2021-07-28 08:37:19,977 [Listener at 127.0.0.1/42363] INFO  server.GrpcService (GrpcService.java:closeImpl(271)) - om1: shutdown server with port 9872 successfully
2021-07-28 08:37:19,977 [org.apache.ratis.util.JvmPauseMonitor$$Lambda$526/290161071@28fb4ee9] INFO  util.JvmPauseMonitor (JvmPauseMonitor.java:run(109)) - JvmPauseMonitor-om1: Stopped
2021-07-28 08:37:19,977 [Listener at 127.0.0.1/42363] INFO  ratis.OzoneManagerDoubleBuffer (OzoneManagerDoubleBuffer.java:stop(437)) - Stopping OMDoubleBuffer flush thread
2021-07-28 08:37:19,977 [OMDoubleBufferFlushThread] INFO  ratis.OzoneManagerDoubleBuffer (OzoneManagerDoubleBuffer.java:flushTransactions(356)) - OMDoubleBuffer flush thread OMDoubleBufferFlushThread is interrupted and will exit. OMDoubleBufferFlushThread
2021-07-28 08:37:19,978 [Listener at 127.0.0.1/42363] INFO  utils.BackgroundService (BackgroundService.java:shutdown(132)) - Shutting down service KeyDeletingService
2021-07-28 08:37:19,978 [Listener at 127.0.0.1/42363] INFO  handler.ContextHandler (ContextHandler.java:doStop(1154)) - Stopped o.e.j.w.WebAppContext@289fda20{ozoneManager,/,null,STOPPED}{file:/home/runner/work/ozone/ozone/mnt/ozone/hadoop-ozone/integration-test/target/test-classes/webapps/ozoneManager}
2021-07-28 08:37:19,979 [Listener at 127.0.0.1/42363] INFO  server.AbstractConnector (AbstractConnector.java:doStop(381)) - Stopped ServerConnector@7db2b057{HTTP/1.1, (http/1.1)}{0.0.0.0:0}
2021-07-28 08:37:19,979 [Listener at 127.0.0.1/42363] INFO  server.session (HouseKeeper.java:stopScavenging(149)) - node0 Stopped scavenging
2021-07-28 08:37:19,979 [Listener at 127.0.0.1/42363] INFO  handler.ContextHandler (ContextHandler.java:doStop(1154)) - Stopped o.e.j.s.ServletContextHandler@222178f2{static,/static,file:///home/runner/work/ozone/ozone/mnt/ozone/hadoop-ozone/integration-test/target/test-classes/webapps/static,STOPPED}
2021-07-28 08:37:19,979 [Listener at 127.0.0.1/42363] INFO  handler.ContextHandler (ContextHandler.java:doStop(1154)) - Stopped o.e.j.s.ServletContextHandler@248984c1{logs,/logs,file:///home/runner/work/ozone/ozone/mnt/ozone/hadoop-ozone/integration-test/target/log,STOPPED}
2021-07-28 08:37:19,981 [Listener at 127.0.0.1/42363] INFO  ozone.MiniOzoneClusterImpl (MiniOzoneClusterImpl.java:stopDatanodes(527)) - Stopping the HddsDatanodes
2021-07-28 08:37:20,234 [5adaab23-8dc1-4fdb-be6f-dc28f4219fad@group-D95E40A13D84-FollowerState] INFO  impl.FollowerState (FollowerState.java:run(134)) - 5adaab23-8dc1-4fdb-be6f-dc28f4219fad@group-D95E40A13D84-FollowerState: change to CANDIDATE, lastRpcElapsedTime:5031267324ns, electionTimeout:5031ms
2021-07-28 08:37:20,234 [5adaab23-8dc1-4fdb-be6f-dc28f4219fad@group-D95E40A13D84-FollowerState] INFO  impl.RoleInfo (RoleInfo.java:shutdownFollowerState(108)) - 5adaab23-8dc1-4fdb-be6f-dc28f4219fad: shutdown 5adaab23-8dc1-4fdb-be6f-dc28f4219fad@group-D95E40A13D84-FollowerState
2021-07-28 08:37:20,235 [5adaab23-8dc1-4fdb-be6f-dc28f4219fad@group-D95E40A13D84-FollowerState] INFO  server.RaftServer$Division (RaftServerImpl.java:setRole(285)) - 5adaab23-8dc1-4fdb-be6f-dc28f4219fad@group-D95E40A13D84: changes role from  FOLLOWER to CANDIDATE at term 2 for changeToCandidate
2021-07-28 08:37:20,235 [5adaab23-8dc1-4fdb-be6f-dc28f4219fad@group-D95E40A13D84-FollowerState] INFO  server.RaftServerConfigKeys (ConfUtils.java:logGet(44)) - raft.server.leaderelection.pre-vote = false (custom)
2021-07-28 08:37:20,235 [5adaab23-8dc1-4fdb-be6f-dc28f4219fad@group-D95E40A13D84-FollowerState] INFO  impl.RoleInfo (RoleInfo.java:updateAndGet(130)) - 5adaab23-8dc1-4fdb-be6f-dc28f4219fad: start 5adaab23-8dc1-4fdb-be6f-dc28f4219fad@group-D95E40A13D84-LeaderElection76
2021-07-28 08:37:20,237 [5adaab23-8dc1-4fdb-be6f-dc28f4219fad@group-D95E40A13D84-LeaderElection76] INFO  impl.LeaderElection (LeaderElection.java:askForVotes(306)) - 5adaab23-8dc1-4fdb-be6f-dc28f4219fad@group-D95E40A13D84-LeaderElection76 ELECTION round 0: submit vote requests at term 3 for -1: [954c2539-c430-4abc-b152-2157e37527ee|rpc:10.1.0.59:36295|dataStream:|priority:1, 5adaab23-8dc1-4fdb-be6f-dc28f4219fad|rpc:10.1.0.59:40175|dataStream:|priority:0, 81ffaf6e-1a0b-4e8d-b763-a17fba998bf8|rpc:10.1.0.59:40745|dataStream:|priority:0], old=null
2021-07-28 08:37:20,239 [grpc-default-executor-1] INFO  server.RaftServer$Division (RaftServerImpl.java:requestVote(1043)) - 954c2539-c430-4abc-b152-2157e37527ee@group-D95E40A13D84: receive requestVote(ELECTION, 5adaab23-8dc1-4fdb-be6f-dc28f4219fad, group-D95E40A13D84, 3, (t:0, i:0))
2021-07-28 08:37:20,240 [grpc-default-executor-1] INFO  impl.VoteContext (VoteContext.java:log(48)) - 954c2539-c430-4abc-b152-2157e37527ee@group-D95E40A13D84-FOLLOWER: reject ELECTION from 5adaab23-8dc1-4fdb-be6f-dc28f4219fad: our priority 1 > candidate's priority 0
2021-07-28 08:37:20,240 [grpc-default-executor-1] INFO  server.RaftServer$Division (RaftServerImpl.java:setRole(285)) - 954c2539-c430-4abc-b152-2157e37527ee@group-D95E40A13D84: changes role from  FOLLOWER to FOLLOWER at term 3 for candidate:5adaab23-8dc1-4fdb-be6f-dc28f4219fad
2021-07-28 08:37:20,240 [grpc-default-executor-1] INFO  impl.RoleInfo (RoleInfo.java:shutdownFollowerState(108)) - 954c2539-c430-4abc-b152-2157e37527ee: shutdown 954c2539-c430-4abc-b152-2157e37527ee@group-D95E40A13D84-FollowerState
2021-07-28 08:37:20,240 [grpc-default-executor-1] INFO  impl.RoleInfo (RoleInfo.java:updateAndGet(130)) - 954c2539-c430-4abc-b152-2157e37527ee: start 954c2539-c430-4abc-b152-2157e37527ee@group-D95E40A13D84-FollowerState
2021-07-28 08:37:20,240 [954c2539-c430-4abc-b152-2157e37527ee@group-D95E40A13D84-FollowerState] INFO  impl.FollowerState (FollowerState.java:run(143)) - 954c2539-c430-4abc-b152-2157e37527ee@group-D95E40A13D84-FollowerState was interrupted: {}
java.lang.InterruptedException: sleep interrupted
	at java.lang.Thread.sleep(Native Method)
	at java.lang.Thread.sleep(Thread.java:340)
	at java.util.concurrent.TimeUnit.sleep(TimeUnit.java:386)
	at org.apache.ratis.util.TimeDuration.sleep(TimeDuration.java:324)
	at org.apache.ratis.util.TimeDuration.sleep(TimeDuration.java:309)
	at org.apache.ratis.server.impl.FollowerState.run(FollowerState.java:118)
2021-07-28 08:37:20,240 [grpc-default-executor-4] INFO  server.RaftServer$Division (RaftServerImpl.java:requestVote(1043)) - 81ffaf6e-1a0b-4e8d-b763-a17fba998bf8@group-D95E40A13D84: receive requestVote(ELECTION, 5adaab23-8dc1-4fdb-be6f-dc28f4219fad, group-D95E40A13D84, 3, (t:0, i:0))
2021-07-28 08:37:20,240 [grpc-default-executor-4] INFO  impl.VoteContext (VoteContext.java:log(48)) - 81ffaf6e-1a0b-4e8d-b763-a17fba998bf8@group-D95E40A13D84-FOLLOWER: accept ELECTION from 5adaab23-8dc1-4fdb-be6f-dc28f4219fad: our priority 0 <= candidate's priority 0
2021-07-28 08:37:20,240 [grpc-default-executor-4] INFO  server.RaftServer$Division (RaftServerImpl.java:setRole(285)) - 81ffaf6e-1a0b-4e8d-b763-a17fba998bf8@group-D95E40A13D84: changes role from  FOLLOWER to FOLLOWER at term 3 for candidate:5adaab23-8dc1-4fdb-be6f-dc28f4219fad
2021-07-28 08:37:20,240 [grpc-default-executor-4] INFO  impl.RoleInfo (RoleInfo.java:shutdownFollowerState(108)) - 81ffaf6e-1a0b-4e8d-b763-a17fba998bf8: shutdown 81ffaf6e-1a0b-4e8d-b763-a17fba998bf8@group-D95E40A13D84-FollowerState
2021-07-28 08:37:20,240 [grpc-default-executor-4] INFO  impl.RoleInfo (RoleInfo.java:updateAndGet(130)) - 81ffaf6e-1a0b-4e8d-b763-a17fba998bf8: start 81ffaf6e-1a0b-4e8d-b763-a17fba998bf8@group-D95E40A13D84-FollowerState
2021-07-28 08:37:20,240 [81ffaf6e-1a0b-4e8d-b763-a17fba998bf8@group-D95E40A13D84-FollowerState] INFO  impl.FollowerState (FollowerState.java:run(143)) - 81ffaf6e-1a0b-4e8d-b763-a17fba998bf8@group-D95E40A13D84-FollowerState was interrupted: {}
java.lang.InterruptedException: sleep interrupted
	at java.lang.Thread.sleep(Native Method)
	at java.lang.Thread.sleep(Thread.java:340)
	at java.util.concurrent.TimeUnit.sleep(TimeUnit.java:386)
	at org.apache.ratis.util.TimeDuration.sleep(TimeDuration.java:324)
	at org.apache.ratis.util.TimeDuration.sleep(TimeDuration.java:309)
	at org.apache.ratis.server.impl.FollowerState.run(FollowerState.java:118)
2021-07-28 08:37:20,242 [grpc-default-executor-4] INFO  server.RaftServer$Division (RaftServerImpl.java:requestVote(1075)) - 81ffaf6e-1a0b-4e8d-b763-a17fba998bf8@group-D95E40A13D84 replies to ELECTION vote request: 5adaab23-8dc1-4fdb-be6f-dc28f4219fad<-81ffaf6e-1a0b-4e8d-b763-a17fba998bf8#0:OK-t3. Peer's state: 81ffaf6e-1a0b-4e8d-b763-a17fba998bf8@group-D95E40A13D84:t3, leader=null, voted=5adaab23-8dc1-4fdb-be6f-dc28f4219fad, raftlog=81ffaf6e-1a0b-4e8d-b763-a17fba998bf8@group-D95E40A13D84-SegmentedRaftLog:OPENED:c-1,f-1,i0, conf=-1: [954c2539-c430-4abc-b152-2157e37527ee|rpc:10.1.0.59:36295|dataStream:|priority:1, 5adaab23-8dc1-4fdb-be6f-dc28f4219fad|rpc:10.1.0.59:40175|dataStream:|priority:0, 81ffaf6e-1a0b-4e8d-b763-a17fba998bf8|rpc:10.1.0.59:40745|dataStream:|priority:0], old=null
2021-07-28 08:37:20,242 [grpc-default-executor-1] INFO  server.RaftServer$Division (RaftServerImpl.java:requestVote(1075)) - 954c2539-c430-4abc-b152-2157e37527ee@group-D95E40A13D84 replies to ELECTION vote request: 5adaab23-8dc1-4fdb-be6f-dc28f4219fad<-954c2539-c430-4abc-b152-2157e37527ee#0:FAIL-t3. Peer's state: 954c2539-c430-4abc-b152-2157e37527ee@group-D95E40A13D84:t3, leader=null, voted=null, raftlog=954c2539-c430-4abc-b152-2157e37527ee@group-D95E40A13D84-SegmentedRaftLog:OPENED:c-1,f-1,i0, conf=-1: [954c2539-c430-4abc-b152-2157e37527ee|rpc:10.1.0.59:36295|priority:1, 5adaab23-8dc1-4fdb-be6f-dc28f4219fad|rpc:10.1.0.59:40175|priority:0, 81ffaf6e-1a0b-4e8d-b763-a17fba998bf8|rpc:10.1.0.59:40745|priority:0], old=null
2021-07-28 08:37:20,245 [5adaab23-8dc1-4fdb-be6f-dc28f4219fad@group-D95E40A13D84-LeaderElection76] INFO  impl.LeaderElection (LeaderElection.java:logAndReturn(89)) - 5adaab23-8dc1-4fdb-be6f-dc28f4219fad@group-D95E40A13D84-LeaderElection76: ELECTION REJECTED received 2 response(s) and 0 exception(s):
2021-07-28 08:37:20,245 [5adaab23-8dc1-4fdb-be6f-dc28f4219fad@group-D95E40A13D84-LeaderElection76] INFO  impl.LeaderElection (LeaderElection.java:logAndReturn(93)) -   Response 0: 5adaab23-8dc1-4fdb-be6f-dc28f4219fad<-954c2539-c430-4abc-b152-2157e37527ee#0:FAIL-t3
2021-07-28 08:37:20,245 [5adaab23-8dc1-4fdb-be6f-dc28f4219fad@group-D95E40A13D84-LeaderElection76] INFO  impl.LeaderElection (LeaderElection.java:logAndReturn(93)) -   Response 1: 5adaab23-8dc1-4fdb-be6f-dc28f4219fad<-81ffaf6e-1a0b-4e8d-b763-a17fba998bf8#0:OK-t3
2021-07-28 08:37:20,245 [5adaab23-8dc1-4fdb-be6f-dc28f4219fad@group-D95E40A13D84-LeaderElection76] INFO  impl.LeaderElection (LeaderElection.java:askForVotes(308)) - 5adaab23-8dc1-4fdb-be6f-dc28f4219fad@group-D95E40A13D84-LeaderElection76 ELECTION round 0: result REJECTED
2021-07-28 08:37:20,245 [5adaab23-8dc1-4fdb-be6f-dc28f4219fad@group-D95E40A13D84-LeaderElection76] INFO  server.RaftServer$Division (RaftServerImpl.java:setRole(285)) - 5adaab23-8dc1-4fdb-be6f-dc28f4219fad@group-D95E40A13D84: changes role from CANDIDATE to FOLLOWER at term 3 for REJECTED
2021-07-28 08:37:20,245 [5adaab23-8dc1-4fdb-be6f-dc28f4219fad@group-D95E40A13D84-LeaderElection76] INFO  impl.RoleInfo (RoleInfo.java:shutdownLeaderElection(121)) - 5adaab23-8dc1-4fdb-be6f-dc28f4219fad: shutdown 5adaab23-8dc1-4fdb-be6f-dc28f4219fad@group-D95E40A13D84-LeaderElection76
2021-07-28 08:37:20,245 [5adaab23-8dc1-4fdb-be6f-dc28f4219fad@group-D95E40A13D84-LeaderElection76] INFO  impl.RoleInfo (RoleInfo.java:updateAndGet(130)) - 5adaab23-8dc1-4fdb-be6f-dc28f4219fad: start 5adaab23-8dc1-4fdb-be6f-dc28f4219fad@group-D95E40A13D84-FollowerState
2021-07-28 08:37:20,294 [Datanode State Machine Thread - 0] INFO  statemachine.DatanodeStateMachine (DatanodeStateMachine.java:lambda$startDaemon$0(456)) - Ozone container server started.
2021-07-28 08:37:20,680 [Datanode State Machine Thread - 0] INFO  statemachine.DatanodeStateMachine (DatanodeStateMachine.java:lambda$startDaemon$0(456)) - Ozone container server started.
2021-07-28 08:37:24,454 [3eacac38-fa6c-439b-bf72-bbc3b8f2ba66@group-82F261664D2A-FollowerState] INFO  impl.FollowerState (FollowerState.java:run(134)) - 3eacac38-fa6c-439b-bf72-bbc3b8f2ba66@group-82F261664D2A-FollowerState: change to CANDIDATE, lastRpcElapsedTime:5097441186ns, electionTimeout:5096ms
2021-07-28 08:37:24,454 [3eacac38-fa6c-439b-bf72-bbc3b8f2ba66@group-82F261664D2A-FollowerState] INFO  impl.RoleInfo (RoleInfo.java:shutdownFollowerState(108)) - 3eacac38-fa6c-439b-bf72-bbc3b8f2ba66: shutdown 3eacac38-fa6c-439b-bf72-bbc3b8f2ba66@group-82F261664D2A-FollowerState
2021-07-28 08:37:24,454 [3eacac38-fa6c-439b-bf72-bbc3b8f2ba66@group-82F261664D2A-FollowerState] INFO  server.RaftServer$Division (RaftServerImpl.java:setRole(285)) - 3eacac38-fa6c-439b-bf72-bbc3b8f2ba66@group-82F261664D2A: changes role from  FOLLOWER to CANDIDATE at term 4 for changeToCandidate
2021-07-28 08:37:24,454 [3eacac38-fa6c-439b-bf72-bbc3b8f2ba66@group-82F261664D2A-FollowerState] INFO  server.RaftServerConfigKeys (ConfUtils.java:logGet(44)) - raft.server.leaderelection.pre-vote = false (custom)
2021-07-28 08:37:24,455 [3eacac38-fa6c-439b-bf72-bbc3b8f2ba66@group-82F261664D2A-FollowerState] INFO  impl.RoleInfo (RoleInfo.java:updateAndGet(130)) - 3eacac38-fa6c-439b-bf72-bbc3b8f2ba66: start 3eacac38-fa6c-439b-bf72-bbc3b8f2ba66@group-82F261664D2A-LeaderElection77
2021-07-28 08:37:24,457 [3eacac38-fa6c-439b-bf72-bbc3b8f2ba66@group-82F261664D2A-LeaderElection77] INFO  impl.LeaderElection (LeaderElection.java:askForVotes(306)) - 3eacac38-fa6c-439b-bf72-bbc3b8f2ba66@group-82F261664D2A-LeaderElection77 ELECTION round 0: submit vote requests at term 5 for 0: [b7359b5d-2f96-41df-9094-9722a03cb7a4|rpc:10.1.0.59:35585|dataStream:|priority:0, d20c9192-b22d-4378-befe-a66526543a88|rpc:10.1.0.59:35025|dataStream:|priority:0, 3eacac38-fa6c-439b-bf72-bbc3b8f2ba66|rpc:10.1.0.59:37715|dataStream:|priority:1], old=null
2021-07-28 08:37:24,460 [grpc-default-executor-1] INFO  server.RaftServer$Division (RaftServerImpl.java:requestVote(1043)) - b7359b5d-2f96-41df-9094-9722a03cb7a4@group-82F261664D2A: receive requestVote(ELECTION, 3eacac38-fa6c-439b-bf72-bbc3b8f2ba66, group-82F261664D2A, 5, (t:1, i:0))
2021-07-28 08:37:24,460 [grpc-default-executor-1] INFO  impl.VoteContext (VoteContext.java:log(48)) - b7359b5d-2f96-41df-9094-9722a03cb7a4@group-82F261664D2A-FOLLOWER: accept ELECTION from 3eacac38-fa6c-439b-bf72-bbc3b8f2ba66: our priority 0 <= candidate's priority 1
2021-07-28 08:37:24,460 [grpc-default-executor-1] INFO  server.RaftServer$Division (RaftServerImpl.java:setRole(285)) - b7359b5d-2f96-41df-9094-9722a03cb7a4@group-82F261664D2A: changes role from  FOLLOWER to FOLLOWER at term 5 for candidate:3eacac38-fa6c-439b-bf72-bbc3b8f2ba66
2021-07-28 08:37:24,461 [grpc-default-executor-1] INFO  impl.RoleInfo (RoleInfo.java:shutdownFollowerState(108)) - b7359b5d-2f96-41df-9094-9722a03cb7a4: shutdown b7359b5d-2f96-41df-9094-9722a03cb7a4@group-82F261664D2A-FollowerState
2021-07-28 08:37:24,461 [grpc-default-executor-1] INFO  impl.RoleInfo (RoleInfo.java:updateAndGet(130)) - b7359b5d-2f96-41df-9094-9722a03cb7a4: start b7359b5d-2f96-41df-9094-9722a03cb7a4@group-82F261664D2A-FollowerState
2021-07-28 08:37:24,461 [b7359b5d-2f96-41df-9094-9722a03cb7a4@group-82F261664D2A-FollowerState] INFO  impl.FollowerState (FollowerState.java:run(143)) - b7359b5d-2f96-41df-9094-9722a03cb7a4@group-82F261664D2A-FollowerState was interrupted: {}
java.lang.InterruptedException: sleep interrupted
	at java.lang.Thread.sleep(Native Method)
	at java.lang.Thread.sleep(Thread.java:340)
	at java.util.concurrent.TimeUnit.sleep(TimeUnit.java:386)
	at org.apache.ratis.util.TimeDuration.sleep(TimeDuration.java:324)
	at org.apache.ratis.util.TimeDuration.sleep(TimeDuration.java:309)
	at org.apache.ratis.server.impl.FollowerState.run(FollowerState.java:118)
2021-07-28 08:37:24,469 [grpc-default-executor-4] INFO  server.RaftServer$Division (RaftServerImpl.java:requestVote(1043)) - d20c9192-b22d-4378-befe-a66526543a88@group-82F261664D2A: receive requestVote(ELECTION, 3eacac38-fa6c-439b-bf72-bbc3b8f2ba66, group-82F261664D2A, 5, (t:1, i:0))
2021-07-28 08:37:24,469 [grpc-default-executor-4] INFO  impl.VoteContext (VoteContext.java:log(48)) - d20c9192-b22d-4378-befe-a66526543a88@group-82F261664D2A-FOLLOWER: accept ELECTION from 3eacac38-fa6c-439b-bf72-bbc3b8f2ba66: our last entry null < candidate's last entry (t:1, i:0)
2021-07-28 08:37:24,469 [grpc-default-executor-4] INFO  server.RaftServer$Division (RaftServerImpl.java:setRole(285)) - d20c9192-b22d-4378-befe-a66526543a88@group-82F261664D2A: changes role from  FOLLOWER to FOLLOWER at term 5 for candidate:3eacac38-fa6c-439b-bf72-bbc3b8f2ba66
2021-07-28 08:37:24,469 [grpc-default-executor-4] INFO  impl.RoleInfo (RoleInfo.java:shutdownFollowerState(108)) - d20c9192-b22d-4378-befe-a66526543a88: shutdown d20c9192-b22d-4378-befe-a66526543a88@group-82F261664D2A-FollowerState
2021-07-28 08:37:24,469 [grpc-default-executor-4] INFO  impl.RoleInfo (RoleInfo.java:updateAndGet(130)) - d20c9192-b22d-4378-befe-a66526543a88: start d20c9192-b22d-4378-befe-a66526543a88@group-82F261664D2A-FollowerState
2021-07-28 08:37:24,469 [d20c9192-b22d-4378-befe-a66526543a88@group-82F261664D2A-FollowerState] INFO  impl.FollowerState (FollowerState.java:run(143)) - d20c9192-b22d-4378-befe-a66526543a88@group-82F261664D2A-FollowerState was interrupted: {}
java.lang.InterruptedException: sleep interrupted
	at java.lang.Thread.sleep(Native Method)
	at java.lang.Thread.sleep(Thread.java:340)
	at java.util.concurrent.TimeUnit.sleep(TimeUnit.java:386)
	at org.apache.ratis.util.TimeDuration.sleep(TimeDuration.java:324)
	at org.apache.ratis.util.TimeDuration.sleep(TimeDuration.java:309)
	at org.apache.ratis.server.impl.FollowerState.run(FollowerState.java:118)
2021-07-28 08:37:24,470 [grpc-default-executor-1] INFO  server.RaftServer$Division (RaftServerImpl.java:requestVote(1075)) - b7359b5d-2f96-41df-9094-9722a03cb7a4@group-82F261664D2A replies to ELECTION vote request: 3eacac38-fa6c-439b-bf72-bbc3b8f2ba66<-b7359b5d-2f96-41df-9094-9722a03cb7a4#0:OK-t5. Peer's state: b7359b5d-2f96-41df-9094-9722a03cb7a4@group-82F261664D2A:t5, leader=null, voted=3eacac38-fa6c-439b-bf72-bbc3b8f2ba66, raftlog=b7359b5d-2f96-41df-9094-9722a03cb7a4@group-82F261664D2A-SegmentedRaftLog:OPENED:c0,f0,i0, conf=0: [b7359b5d-2f96-41df-9094-9722a03cb7a4|rpc:10.1.0.59:35585|dataStream:|priority:0, d20c9192-b22d-4378-befe-a66526543a88|rpc:10.1.0.59:35025|dataStream:|priority:0, 3eacac38-fa6c-439b-bf72-bbc3b8f2ba66|rpc:10.1.0.59:37715|dataStream:|priority:1], old=null
2021-07-28 08:37:24,471 [grpc-default-executor-4] INFO  server.RaftServer$Division (RaftServerImpl.java:requestVote(1075)) - d20c9192-b22d-4378-befe-a66526543a88@group-82F261664D2A replies to ELECTION vote request: 3eacac38-fa6c-439b-bf72-bbc3b8f2ba66<-d20c9192-b22d-4378-befe-a66526543a88#0:OK-t5. Peer's state: d20c9192-b22d-4378-befe-a66526543a88@group-82F261664D2A:t5, leader=null, voted=3eacac38-fa6c-439b-bf72-bbc3b8f2ba66, raftlog=d20c9192-b22d-4378-befe-a66526543a88@group-82F261664D2A-SegmentedRaftLog:OPENED:c-1,f-1,i0, conf=-1: [b7359b5d-2f96-41df-9094-9722a03cb7a4|rpc:10.1.0.59:35585|priority:0, d20c9192-b22d-4378-befe-a66526543a88|rpc:10.1.0.59:35025|priority:0, 3eacac38-fa6c-439b-bf72-bbc3b8f2ba66|rpc:10.1.0.59:37715|priority:1], old=null
2021-07-28 08:37:24,471 [3eacac38-fa6c-439b-bf72-bbc3b8f2ba66@group-82F261664D2A-LeaderElection77] INFO  impl.LeaderElection (LeaderElection.java:logAndReturn(89)) - 3eacac38-fa6c-439b-bf72-bbc3b8f2ba66@group-82F261664D2A-LeaderElection77: ELECTION PASSED received 1 response(s) and 0 exception(s):
2021-07-28 08:37:24,471 [3eacac38-fa6c-439b-bf72-bbc3b8f2ba66@group-82F261664D2A-LeaderElection77] INFO  impl.LeaderElection (LeaderElection.java:logAndReturn(93)) -   Response 0: 3eacac38-fa6c-439b-bf72-bbc3b8f2ba66<-b7359b5d-2f96-41df-9094-9722a03cb7a4#0:OK-t5
2021-07-28 08:37:24,471 [3eacac38-fa6c-439b-bf72-bbc3b8f2ba66@group-82F261664D2A-LeaderElection77] INFO  impl.LeaderElection (LeaderElection.java:askForVotes(308)) - 3eacac38-fa6c-439b-bf72-bbc3b8f2ba66@group-82F261664D2A-LeaderElection77 ELECTION round 0: result PASSED
2021-07-28 08:37:24,471 [3eacac38-fa6c-439b-bf72-bbc3b8f2ba66@group-82F261664D2A-LeaderElection77] INFO  impl.RoleInfo (RoleInfo.java:shutdownLeaderElection(121)) - 3eacac38-fa6c-439b-bf72-bbc3b8f2ba66: shutdown 3eacac38-fa6c-439b-bf72-bbc3b8f2ba66@group-82F261664D2A-LeaderElection77
2021-07-28 08:37:24,471 [3eacac38-fa6c-439b-bf72-bbc3b8f2ba66@group-82F261664D2A-LeaderElection77] INFO  server.RaftServer$Division (RaftServerImpl.java:setRole(285)) - 3eacac38-fa6c-439b-bf72-bbc3b8f2ba66@group-82F261664D2A: changes role from CANDIDATE to LEADER at term 5 for changeToLeader
2021-07-28 08:37:24,471 [3eacac38-fa6c-439b-bf72-bbc3b8f2ba66@group-82F261664D2A-LeaderElection77] INFO  ratis.XceiverServerRatis (XceiverServerRatis.java:handleLeaderChangedNotification(857)) - Leader change notification received for group: group-82F261664D2A with new leaderId: 3eacac38-fa6c-439b-bf72-bbc3b8f2ba66
2021-07-28 08:37:24,471 [3eacac38-fa6c-439b-bf72-bbc3b8f2ba66@group-82F261664D2A-LeaderElection77] INFO  server.RaftServer$Division (ServerState.java:setLeader(285)) - 3eacac38-fa6c-439b-bf72-bbc3b8f2ba66@group-82F261664D2A: change Leader from null to 3eacac38-fa6c-439b-bf72-bbc3b8f2ba66 at term 5 for becomeLeader, leader elected after 15381ms
2021-07-28 08:37:24,472 [3eacac38-fa6c-439b-bf72-bbc3b8f2ba66@group-82F261664D2A-LeaderElection77] INFO  server.RaftServerConfigKeys (ConfUtils.java:logGet(44)) - raft.server.staging.catchup.gap = 1000 (default)
2021-07-28 08:37:24,472 [3eacac38-fa6c-439b-bf72-bbc3b8f2ba66@group-82F261664D2A-LeaderElection77] INFO  server.RaftServerConfigKeys (ConfUtils.java:logGet(44)) - raft.server.write.element-limit = 1024 (custom)
2021-07-28 08:37:24,472 [3eacac38-fa6c-439b-bf72-bbc3b8f2ba66@group-82F261664D2A-LeaderElection77] INFO  server.RaftServerConfigKeys (ConfUtils.java:logGet(44)) - raft.server.write.byte-limit = 1073741824 (custom)
2021-07-28 08:37:24,472 [3eacac38-fa6c-439b-bf72-bbc3b8f2ba66@group-82F261664D2A-LeaderElection77] INFO  server.RaftServerConfigKeys (ConfUtils.java:logGet(44)) - raft.server.watch.timeout = 3000ms (custom)
2021-07-28 08:37:24,473 [3eacac38-fa6c-439b-bf72-bbc3b8f2ba66@group-82F261664D2A-LeaderElection77] INFO  server.RaftServerConfigKeys (ConfUtils.java:logGet(44)) - raft.server.watch.timeout.denomination = 1s (default)
2021-07-28 08:37:24,473 [3eacac38-fa6c-439b-bf72-bbc3b8f2ba66@group-82F261664D2A-LeaderElection77] INFO  server.RaftServerConfigKeys (ConfUtils.java:logGet(44)) - raft.server.watch.element-limit = 65536 (default)
2021-07-28 08:37:24,473 [3eacac38-fa6c-439b-bf72-bbc3b8f2ba66@group-82F261664D2A-LeaderElection77] INFO  server.RaftServerConfigKeys (ConfUtils.java:logGet(44)) - raft.server.log.appender.snapshot.chunk.size.max = 16MB (=16777216) (default)
2021-07-28 08:37:24,473 [3eacac38-fa6c-439b-bf72-bbc3b8f2ba66@group-82F261664D2A-LeaderElection77] INFO  server.RaftServerConfigKeys (ConfUtils.java:logGet(44)) - raft.server.log.appender.buffer.byte-limit = 33554432 (custom)
2021-07-28 08:37:24,473 [3eacac38-fa6c-439b-bf72-bbc3b8f2ba66@group-82F261664D2A-LeaderElection77] INFO  server.RaftServerConfigKeys (ConfUtils.java:logGet(44)) - raft.server.log.appender.buffer.element-limit = 1 (custom)
2021-07-28 08:37:24,473 [3eacac38-fa6c-439b-bf72-bbc3b8f2ba66@group-82F261664D2A-LeaderElection77] INFO  grpc.GrpcConfigKeys (ConfUtils.java:logGet(44)) - raft.grpc.server.leader.outstanding.appends.max = 128 (default)
2021-07-28 08:37:24,473 [3eacac38-fa6c-439b-bf72-bbc3b8f2ba66@group-82F261664D2A-LeaderElection77] INFO  server.RaftServerConfigKeys (ConfUtils.java:logGet(44)) - raft.server.rpc.request.timeout = 3000ms (default)
2021-07-28 08:37:24,473 [3eacac38-fa6c-439b-bf72-bbc3b8f2ba66@group-82F261664D2A-LeaderElection77] INFO  server.RaftServerConfigKeys (ConfUtils.java:logGet(44)) - raft.server.log.appender.install.snapshot.enabled = false (custom)
2021-07-28 08:37:24,475 [3eacac38-fa6c-439b-bf72-bbc3b8f2ba66@group-82F261664D2A-LeaderElection77] INFO  server.RaftServerConfigKeys (ConfUtils.java:logGet(44)) - raft.server.log.appender.snapshot.chunk.size.max = 16MB (=16777216) (default)
2021-07-28 08:37:24,475 [3eacac38-fa6c-439b-bf72-bbc3b8f2ba66@group-82F261664D2A-LeaderElection77] INFO  server.RaftServerConfigKeys (ConfUtils.java:logGet(44)) - raft.server.log.appender.buffer.byte-limit = 33554432 (custom)
2021-07-28 08:37:24,476 [3eacac38-fa6c-439b-bf72-bbc3b8f2ba66@group-82F261664D2A-LeaderElection77] INFO  server.RaftServerConfigKeys (ConfUtils.java:logGet(44)) - raft.server.log.appender.buffer.element-limit = 1 (custom)
2021-07-28 08:37:24,476 [3eacac38-fa6c-439b-bf72-bbc3b8f2ba66@group-82F261664D2A-LeaderElection77] INFO  grpc.GrpcConfigKeys (ConfUtils.java:logGet(44)) - raft.grpc.server.leader.outstanding.appends.max = 128 (default)
2021-07-28 08:37:24,476 [3eacac38-fa6c-439b-bf72-bbc3b8f2ba66@group-82F261664D2A-LeaderElection77] INFO  server.RaftServerConfigKeys (ConfUtils.java:logGet(44)) - raft.server.rpc.request.timeout = 3000ms (default)
2021-07-28 08:37:24,476 [3eacac38-fa6c-439b-bf72-bbc3b8f2ba66@group-82F261664D2A-LeaderElection77] INFO  server.RaftServerConfigKeys (ConfUtils.java:logGet(44)) - raft.server.log.appender.install.snapshot.enabled = false (custom)
2021-07-28 08:37:24,477 [3eacac38-fa6c-439b-bf72-bbc3b8f2ba66@group-82F261664D2A-LeaderElection77] INFO  impl.RoleInfo (RoleInfo.java:updateAndGet(130)) - 3eacac38-fa6c-439b-bf72-bbc3b8f2ba66: start 3eacac38-fa6c-439b-bf72-bbc3b8f2ba66@group-82F261664D2A-LeaderStateImpl
2021-07-28 08:37:24,477 [3eacac38-fa6c-439b-bf72-bbc3b8f2ba66@group-82F261664D2A-LeaderElection77] INFO  segmented.SegmentedRaftLogWorker (SegmentedRaftLogWorker.java:rollLogSegment(399)) - 3eacac38-fa6c-439b-bf72-bbc3b8f2ba66@group-82F261664D2A-SegmentedRaftLogWorker: Rolling segment log-0_0 to index:0
2021-07-28 08:37:24,478 [3eacac38-fa6c-439b-bf72-bbc3b8f2ba66@group-82F261664D2A-SegmentedRaftLogWorker] INFO  segmented.SegmentedRaftLogWorker (SegmentedRaftLogWorker.java:execute(558)) - 3eacac38-fa6c-439b-bf72-bbc3b8f2ba66@group-82F261664D2A-SegmentedRaftLogWorker: Rolled log segment from /home/runner/work/ozone/ozone/mnt/ozone/hadoop-ozone/integration-test/target/test-dir/MiniOzoneClusterImpl-7b7c0b8f-b3d8-4fbb-9550-cea541527f6c/datanode-2/data/ratis/e97822f2-aa76-4768-94e3-82f261664d2a/current/log_inprogress_0 to /home/runner/work/ozone/ozone/mnt/ozone/hadoop-ozone/integration-test/target/test-dir/MiniOzoneClusterImpl-7b7c0b8f-b3d8-4fbb-9550-cea541527f6c/datanode-2/data/ratis/e97822f2-aa76-4768-94e3-82f261664d2a/current/log_0-0
2021-07-28 08:37:24,480 [grpc-default-executor-4] INFO  ratis.XceiverServerRatis (XceiverServerRatis.java:handleLeaderChangedNotification(857)) - Leader change notification received for group: group-82F261664D2A with new leaderId: 3eacac38-fa6c-439b-bf72-bbc3b8f2ba66
2021-07-28 08:37:24,480 [grpc-default-executor-4] INFO  server.RaftServer$Division (ServerState.java:setLeader(285)) - b7359b5d-2f96-41df-9094-9722a03cb7a4@group-82F261664D2A: change Leader from null to 3eacac38-fa6c-439b-bf72-bbc3b8f2ba66 at term 5 for appendEntries, leader elected after 15368ms
2021-07-28 08:37:24,480 [3eacac38-fa6c-439b-bf72-bbc3b8f2ba66@group-82F261664D2A-SegmentedRaftLogWorker] INFO  segmented.SegmentedRaftLogWorker (SegmentedRaftLogWorker.java:execute(601)) - 3eacac38-fa6c-439b-bf72-bbc3b8f2ba66@group-82F261664D2A-SegmentedRaftLogWorker: created new log segment /home/runner/work/ozone/ozone/mnt/ozone/hadoop-ozone/integration-test/target/test-dir/MiniOzoneClusterImpl-7b7c0b8f-b3d8-4fbb-9550-cea541527f6c/datanode-2/data/ratis/e97822f2-aa76-4768-94e3-82f261664d2a/current/log_inprogress_1
2021-07-28 08:37:24,481 [3eacac38-fa6c-439b-bf72-bbc3b8f2ba66@group-82F261664D2A-LeaderElection77] INFO  server.RaftServer$Division (ServerState.java:setRaftConf(387)) - 3eacac38-fa6c-439b-bf72-bbc3b8f2ba66@group-82F261664D2A: set configuration 1: [b7359b5d-2f96-41df-9094-9722a03cb7a4|rpc:10.1.0.59:35585|dataStream:|priority:0, d20c9192-b22d-4378-befe-a66526543a88|rpc:10.1.0.59:35025|dataStream:|priority:0, 3eacac38-fa6c-439b-bf72-bbc3b8f2ba66|rpc:10.1.0.59:37715|dataStream:|priority:1], old=null
2021-07-28 08:37:24,488 [grpc-default-executor-4] INFO  server.RaftServer$Division (ServerState.java:setRaftConf(387)) - b7359b5d-2f96-41df-9094-9722a03cb7a4@group-82F261664D2A: set configuration 1: [b7359b5d-2f96-41df-9094-9722a03cb7a4|rpc:10.1.0.59:35585|dataStream:|priority:0, d20c9192-b22d-4378-befe-a66526543a88|rpc:10.1.0.59:35025|dataStream:|priority:0, 3eacac38-fa6c-439b-bf72-bbc3b8f2ba66|rpc:10.1.0.59:37715|dataStream:|priority:1], old=null
2021-07-28 08:37:24,488 [grpc-default-executor-4] INFO  segmented.SegmentedRaftLogWorker (SegmentedRaftLogWorker.java:rollLogSegment(399)) - b7359b5d-2f96-41df-9094-9722a03cb7a4@group-82F261664D2A-SegmentedRaftLogWorker: Rolling segment log-0_0 to index:0
2021-07-28 08:37:24,489 [b7359b5d-2f96-41df-9094-9722a03cb7a4@group-82F261664D2A-SegmentedRaftLogWorker] INFO  segmented.SegmentedRaftLogWorker (SegmentedRaftLogWorker.java:execute(558)) - b7359b5d-2f96-41df-9094-9722a03cb7a4@group-82F261664D2A-SegmentedRaftLogWorker: Rolled log segment from /home/runner/work/ozone/ozone/mnt/ozone/hadoop-ozone/integration-test/target/test-dir/MiniOzoneClusterImpl-7b7c0b8f-b3d8-4fbb-9550-cea541527f6c/datanode-1/data/ratis/e97822f2-aa76-4768-94e3-82f261664d2a/current/log_inprogress_0 to /home/runner/work/ozone/ozone/mnt/ozone/hadoop-ozone/integration-test/target/test-dir/MiniOzoneClusterImpl-7b7c0b8f-b3d8-4fbb-9550-cea541527f6c/datanode-1/data/ratis/e97822f2-aa76-4768-94e3-82f261664d2a/current/log_0-0
2021-07-28 08:37:24,490 [grpc-default-executor-4] INFO  ratis.XceiverServerRatis (XceiverServerRatis.java:handleLeaderChangedNotification(857)) - Leader change notification received for group: group-82F261664D2A with new leaderId: 3eacac38-fa6c-439b-bf72-bbc3b8f2ba66
2021-07-28 08:37:24,490 [grpc-default-executor-4] INFO  server.RaftServer$Division (ServerState.java:setLeader(285)) - d20c9192-b22d-4378-befe-a66526543a88@group-82F261664D2A: change Leader from null to 3eacac38-fa6c-439b-bf72-bbc3b8f2ba66 at term 5 for appendEntries, leader elected after 20595ms
2021-07-28 08:37:24,490 [grpc-default-executor-4] INFO  server.RaftServer$Division (RaftServerImpl.java:checkInconsistentAppendEntries(1319)) - d20c9192-b22d-4378-befe-a66526543a88@group-82F261664D2A: Failed appendEntries as previous log entry ((t:1, i:0)) is not found
2021-07-28 08:37:24,490 [grpc-default-executor-4] INFO  server.RaftServer$Division (RaftServerImpl.java:checkInconsistentAppendEntries(1285)) - d20c9192-b22d-4378-befe-a66526543a88@group-82F261664D2A: inconsistency entries. Reply:3eacac38-fa6c-439b-bf72-bbc3b8f2ba66<-d20c9192-b22d-4378-befe-a66526543a88#0:FAIL-t5,INCONSISTENCY,nextIndex=0,followerCommit=-1
2021-07-28 08:37:24,490 [b7359b5d-2f96-41df-9094-9722a03cb7a4@group-82F261664D2A-SegmentedRaftLogWorker] INFO  segmented.SegmentedRaftLogWorker (SegmentedRaftLogWorker.java:execute(601)) - b7359b5d-2f96-41df-9094-9722a03cb7a4@group-82F261664D2A-SegmentedRaftLogWorker: created new log segment /home/runner/work/ozone/ozone/mnt/ozone/hadoop-ozone/integration-test/target/test-dir/MiniOzoneClusterImpl-7b7c0b8f-b3d8-4fbb-9550-cea541527f6c/datanode-1/data/ratis/e97822f2-aa76-4768-94e3-82f261664d2a/current/log_inprogress_1
2021-07-28 08:37:24,492 [grpc-default-executor-1] INFO  server.RaftServer$Division (RaftServerImpl.java:checkInconsistentAppendEntries(1319)) - d20c9192-b22d-4378-befe-a66526543a88@group-82F261664D2A: Failed appendEntries as previous log entry ((t:1, i:0)) is not found
2021-07-28 08:37:24,492 [grpc-default-executor-1] INFO  server.RaftServer$Division (RaftServerImpl.java:checkInconsistentAppendEntries(1285)) - d20c9192-b22d-4378-befe-a66526543a88@group-82F261664D2A: inconsistency entries. Reply:3eacac38-fa6c-439b-bf72-bbc3b8f2ba66<-d20c9192-b22d-4378-befe-a66526543a88#1:FAIL-t5,INCONSISTENCY,nextIndex=0,followerCommit=-1
2021-07-28 08:37:24,492 [grpc-default-executor-4] INFO  leader.FollowerInfo (FollowerInfoImpl.java:lambda$new$0(46)) - 3eacac38-fa6c-439b-bf72-bbc3b8f2ba66@group-82F261664D2A->d20c9192-b22d-4378-befe-a66526543a88: nextIndex: updateUnconditionally 2 -> 0
2021-07-28 08:37:24,495 [grpc-default-executor-0] INFO  leader.FollowerInfo (FollowerInfoImpl.java:lambda$new$0(46)) - 3eacac38-fa6c-439b-bf72-bbc3b8f2ba66@group-82F261664D2A->d20c9192-b22d-4378-befe-a66526543a88: nextIndex: updateUnconditionally 2 -> 0
2021-07-28 08:37:24,496 [grpc-default-executor-1] INFO  server.RaftServer$Division (ServerState.java:setRaftConf(387)) - d20c9192-b22d-4378-befe-a66526543a88@group-82F261664D2A: set configuration 0: [b7359b5d-2f96-41df-9094-9722a03cb7a4|rpc:10.1.0.59:35585|dataStream:|priority:0, d20c9192-b22d-4378-befe-a66526543a88|rpc:10.1.0.59:35025|dataStream:|priority:0, 3eacac38-fa6c-439b-bf72-bbc3b8f2ba66|rpc:10.1.0.59:37715|dataStream:|priority:1], old=null
2021-07-28 08:37:24,496 [grpc-default-executor-1] INFO  segmented.SegmentedRaftLogWorker (SegmentedRaftLogWorker.java:startLogSegment(394)) - d20c9192-b22d-4378-befe-a66526543a88@group-82F261664D2A-SegmentedRaftLogWorker: Starting segment from index:0
2021-07-28 08:37:24,497 [grpc-default-executor-1] INFO  server.RaftServer$Division (ServerState.java:setRaftConf(387)) - d20c9192-b22d-4378-befe-a66526543a88@group-82F261664D2A: set configuration 1: [b7359b5d-2f96-41df-9094-9722a03cb7a4|rpc:10.1.0.59:35585|dataStream:|priority:0, d20c9192-b22d-4378-befe-a66526543a88|rpc:10.1.0.59:35025|dataStream:|priority:0, 3eacac38-fa6c-439b-bf72-bbc3b8f2ba66|rpc:10.1.0.59:37715|dataStream:|priority:1], old=null
2021-07-28 08:37:24,497 [grpc-default-executor-1] INFO  segmented.SegmentedRaftLogWorker (SegmentedRaftLogWorker.java:rollLogSegment(399)) - d20c9192-b22d-4378-befe-a66526543a88@group-82F261664D2A-SegmentedRaftLogWorker: Rolling segment log-0_0 to index:0
2021-07-28 08:37:24,497 [d20c9192-b22d-4378-befe-a66526543a88@group-82F261664D2A-SegmentedRaftLogWorker] INFO  segmented.SegmentedRaftLogWorker (SegmentedRaftLogWorker.java:execute(601)) - d20c9192-b22d-4378-befe-a66526543a88@group-82F261664D2A-SegmentedRaftLogWorker: created new log segment /home/runner/work/ozone/ozone/mnt/ozone/hadoop-ozone/integration-test/target/test-dir/MiniOzoneClusterImpl-7b7c0b8f-b3d8-4fbb-9550-cea541527f6c/datanode-0/data/ratis/e97822f2-aa76-4768-94e3-82f261664d2a/current/log_inprogress_0
2021-07-28 08:37:24,498 [grpc-default-executor-1] INFO  server.RaftServer$Division (ServerState.java:setRaftConf(387)) - d20c9192-b22d-4378-befe-a66526543a88@group-82F261664D2A: set configuration 0: [b7359b5d-2f96-41df-9094-9722a03cb7a4|rpc:10.1.0.59:35585|dataStream:|priority:0, d20c9192-b22d-4378-befe-a66526543a88|rpc:10.1.0.59:35025|dataStream:|priority:0, 3eacac38-fa6c-439b-bf72-bbc3b8f2ba66|rpc:10.1.0.59:37715|dataStream:|priority:1], old=null
2021-07-28 08:37:24,500 [grpc-default-executor-1] INFO  server.RaftServer$Division (ServerState.java:setRaftConf(387)) - d20c9192-b22d-4378-befe-a66526543a88@group-82F261664D2A: set configuration 1: [b7359b5d-2f96-41df-9094-9722a03cb7a4|rpc:10.1.0.59:35585|dataStream:|priority:0, d20c9192-b22d-4378-befe-a66526543a88|rpc:10.1.0.59:35025|dataStream:|priority:0, 3eacac38-fa6c-439b-bf72-bbc3b8f2ba66|rpc:10.1.0.59:37715|dataStream:|priority:1], old=null
2021-07-28 08:37:24,501 [d20c9192-b22d-4378-befe-a66526543a88@group-82F261664D2A-SegmentedRaftLogWorker] INFO  segmented.SegmentedRaftLogWorker (SegmentedRaftLogWorker.java:execute(558)) - d20c9192-b22d-4378-befe-a66526543a88@group-82F261664D2A-SegmentedRaftLogWorker: Rolled log segment from /home/runner/work/ozone/ozone/mnt/ozone/hadoop-ozone/integration-test/target/test-dir/MiniOzoneClusterImpl-7b7c0b8f-b3d8-4fbb-9550-cea541527f6c/datanode-0/data/ratis/e97822f2-aa76-4768-94e3-82f261664d2a/current/log_inprogress_0 to /home/runner/work/ozone/ozone/mnt/ozone/hadoop-ozone/integration-test/target/test-dir/MiniOzoneClusterImpl-7b7c0b8f-b3d8-4fbb-9550-cea541527f6c/datanode-0/data/ratis/e97822f2-aa76-4768-94e3-82f261664d2a/current/log_0-0
2021-07-28 08:37:24,503 [d20c9192-b22d-4378-befe-a66526543a88@group-82F261664D2A-SegmentedRaftLogWorker] INFO  segmented.SegmentedRaftLogWorker (SegmentedRaftLogWorker.java:execute(601)) - d20c9192-b22d-4378-befe-a66526543a88@group-82F261664D2A-SegmentedRaftLogWorker: created new log segment /home/runner/work/ozone/ozone/mnt/ozone/hadoop-ozone/integration-test/target/test-dir/MiniOzoneClusterImpl-7b7c0b8f-b3d8-4fbb-9550-cea541527f6c/datanode-0/data/ratis/e97822f2-aa76-4768-94e3-82f261664d2a/current/log_inprogress_1
2021-07-28 08:37:24,983 [Listener at 127.0.0.1/42363] INFO  ozoneimpl.OzoneContainer (OzoneContainer.java:stop(326)) - Attempting to stop container services.
2021-07-28 08:37:24,984 [ForkJoinPool.commonPool-worker-0] INFO  ozoneimpl.OzoneContainer (OzoneContainer.java:stop(326)) - Attempting to stop container services.
2021-07-28 08:37:24,984 [ForkJoinPool.commonPool-worker-0] INFO  server.RaftServer (RaftServerProxy.java:lambda$close$6(391)) - 3eacac38-fa6c-439b-bf72-bbc3b8f2ba66: close
2021-07-28 08:37:24,984 [Listener at 127.0.0.1/42363] INFO  server.RaftServer (RaftServerProxy.java:lambda$close$6(391)) - 6a7d5deb-ea30-475f-9337-bf1860e839e5: close
2021-07-28 08:37:24,985 [Listener at 127.0.0.1/42363] INFO  server.RaftServer$Division (RaftServerImpl.java:lambda$close$4(407)) - 6a7d5deb-ea30-475f-9337-bf1860e839e5@group-1FD284F46611: shutdown
2021-07-28 08:37:24,985 [Listener at 127.0.0.1/42363] INFO  util.JmxRegister (JmxRegister.java:unregister(73)) - Successfully un-registered JMX Bean with object name Ratis:service=RaftServer,group=group-1FD284F46611,id=6a7d5deb-ea30-475f-9337-bf1860e839e5
2021-07-28 08:37:24,985 [Listener at 127.0.0.1/42363] INFO  impl.RoleInfo (RoleInfo.java:shutdownFollowerState(108)) - 6a7d5deb-ea30-475f-9337-bf1860e839e5: shutdown 6a7d5deb-ea30-475f-9337-bf1860e839e5@group-1FD284F46611-FollowerState
2021-07-28 08:37:24,985 [Listener at 127.0.0.1/42363] INFO  impl.StateMachineUpdater (StateMachineUpdater.java:stopAndJoin(149)) - 6a7d5deb-ea30-475f-9337-bf1860e839e5@group-1FD284F46611-StateMachineUpdater: set stopIndex = 0
2021-07-28 08:37:24,985 [6a7d5deb-ea30-475f-9337-bf1860e839e5@group-1FD284F46611-FollowerState] INFO  impl.FollowerState (FollowerState.java:run(143)) - 6a7d5deb-ea30-475f-9337-bf1860e839e5@group-1FD284F46611-FollowerState was interrupted: {}
java.lang.InterruptedException: sleep interrupted
	at java.lang.Thread.sleep(Native Method)
	at java.lang.Thread.sleep(Thread.java:340)
	at java.util.concurrent.TimeUnit.sleep(TimeUnit.java:386)
	at org.apache.ratis.util.TimeDuration.sleep(TimeDuration.java:324)
	at org.apache.ratis.util.TimeDuration.sleep(TimeDuration.java:309)
	at org.apache.ratis.server.impl.FollowerState.run(FollowerState.java:118)
2021-07-28 08:37:24,986 [6a7d5deb-ea30-475f-9337-bf1860e839e5@group-1FD284F46611-StateMachineUpdater] INFO  ratis.ContainerStateMachine (ContainerStateMachine.java:takeSnapshot(291)) - group-1FD284F46611: Taking a snapshot at:(t:1, i:0) file /home/runner/work/ozone/ozone/mnt/ozone/hadoop-ozone/integration-test/target/test-dir/MiniOzoneClusterImpl-7b7c0b8f-b3d8-4fbb-9550-cea541527f6c/datanode-4/data/ratis/c77a0f1c-f150-4c9f-a45c-1fd284f46611/sm/snapshot.1_0
2021-07-28 08:37:24,984 [ForkJoinPool.commonPool-worker-0] INFO  server.RaftServer$Division (RaftServerImpl.java:lambda$close$4(407)) - 3eacac38-fa6c-439b-bf72-bbc3b8f2ba66@group-76ACB98916C2: shutdown
2021-07-28 08:37:24,986 [ForkJoinPool.commonPool-worker-0] INFO  util.JmxRegister (JmxRegister.java:unregister(73)) - Successfully un-registered JMX Bean with object name Ratis:service=RaftServer,group=group-76ACB98916C2,id=3eacac38-fa6c-439b-bf72-bbc3b8f2ba66
2021-07-28 08:37:24,986 [ForkJoinPool.commonPool-worker-0] INFO  impl.RoleInfo (RoleInfo.java:shutdownLeaderState(91)) - 3eacac38-fa6c-439b-bf72-bbc3b8f2ba66: shutdown 3eacac38-fa6c-439b-bf72-bbc3b8f2ba66@group-76ACB98916C2-LeaderStateImpl
2021-07-28 08:37:24,986 [ForkJoinPool.commonPool-worker-0] INFO  impl.PendingRequests (PendingRequests.java:sendNotLeaderResponses(249)) - 3eacac38-fa6c-439b-bf72-bbc3b8f2ba66@group-76ACB98916C2-PendingRequests: sendNotLeaderResponses
2021-07-28 08:37:24,987 [ForkJoinPool.commonPool-worker-0] INFO  impl.StateMachineUpdater (StateMachineUpdater.java:stopAndJoin(149)) - 3eacac38-fa6c-439b-bf72-bbc3b8f2ba66@group-76ACB98916C2-StateMachineUpdater: set stopIndex = 0
2021-07-28 08:37:24,987 [6a7d5deb-ea30-475f-9337-bf1860e839e5@group-1FD284F46611-StateMachineUpdater] INFO  ratis.ContainerStateMachine (ContainerStateMachine.java:takeSnapshot(302)) - group-1FD284F46611: Finished taking a snapshot at:(t:1, i:0) file:/home/runner/work/ozone/ozone/mnt/ozone/hadoop-ozone/integration-test/target/test-dir/MiniOzoneClusterImpl-7b7c0b8f-b3d8-4fbb-9550-cea541527f6c/datanode-4/data/ratis/c77a0f1c-f150-4c9f-a45c-1fd284f46611/sm/snapshot.1_0 took: 1 ms
2021-07-28 08:37:24,987 [3eacac38-fa6c-439b-bf72-bbc3b8f2ba66@group-76ACB98916C2-StateMachineUpdater] INFO  ratis.ContainerStateMachine (ContainerStateMachine.java:takeSnapshot(291)) - group-76ACB98916C2: Taking a snapshot at:(t:1, i:0) file /home/runner/work/ozone/ozone/mnt/ozone/hadoop-ozone/integration-test/target/test-dir/MiniOzoneClusterImpl-7b7c0b8f-b3d8-4fbb-9550-cea541527f6c/datanode-2/data/ratis/6d21bc2b-cdf0-4599-ba63-76acb98916c2/sm/snapshot.1_0
2021-07-28 08:37:24,987 [6a7d5deb-ea30-475f-9337-bf1860e839e5@group-1FD284F46611-StateMachineUpdater] INFO  impl.StateMachineUpdater (StateMachineUpdater.java:takeSnapshot(281)) - 6a7d5deb-ea30-475f-9337-bf1860e839e5@group-1FD284F46611-StateMachineUpdater: Took a snapshot at index 0
2021-07-28 08:37:24,988 [6a7d5deb-ea30-475f-9337-bf1860e839e5@group-1FD284F46611-StateMachineUpdater] INFO  impl.StateMachineUpdater (StateMachineUpdater.java:lambda$new$0(89)) - 6a7d5deb-ea30-475f-9337-bf1860e839e5@group-1FD284F46611-StateMachineUpdater: snapshotIndex: updateIncreasingly -1 -> 0
2021-07-28 08:37:24,988 [Listener at 127.0.0.1/42363] INFO  server.RaftServer$Division (ServerState.java:close(419)) - 6a7d5deb-ea30-475f-9337-bf1860e839e5@group-1FD284F46611: closes. applyIndex: 0
2021-07-28 08:37:24,988 [3eacac38-fa6c-439b-bf72-bbc3b8f2ba66@group-76ACB98916C2-StateMachineUpdater] INFO  ratis.ContainerStateMachine (ContainerStateMachine.java:takeSnapshot(302)) - group-76ACB98916C2: Finished taking a snapshot at:(t:1, i:0) file:/home/runner/work/ozone/ozone/mnt/ozone/hadoop-ozone/integration-test/target/test-dir/MiniOzoneClusterImpl-7b7c0b8f-b3d8-4fbb-9550-cea541527f6c/datanode-2/data/ratis/6d21bc2b-cdf0-4599-ba63-76acb98916c2/sm/snapshot.1_0 took: 1 ms
2021-07-28 08:37:24,988 [6a7d5deb-ea30-475f-9337-bf1860e839e5@group-1FD284F46611-SegmentedRaftLogWorker] INFO  segmented.SegmentedRaftLogWorker (SegmentedRaftLogWorker.java:run(327)) - 6a7d5deb-ea30-475f-9337-bf1860e839e5@group-1FD284F46611-SegmentedRaftLogWorker was interrupted, exiting. There are 0 tasks remaining in the queue.
2021-07-28 08:37:24,988 [3eacac38-fa6c-439b-bf72-bbc3b8f2ba66@group-76ACB98916C2-StateMachineUpdater] INFO  impl.StateMachineUpdater (StateMachineUpdater.java:takeSnapshot(281)) - 3eacac38-fa6c-439b-bf72-bbc3b8f2ba66@group-76ACB98916C2-StateMachineUpdater: Took a snapshot at index 0
2021-07-28 08:37:24,990 [3eacac38-fa6c-439b-bf72-bbc3b8f2ba66@group-76ACB98916C2-StateMachineUpdater] INFO  impl.StateMachineUpdater (StateMachineUpdater.java:lambda$new$0(89)) - 3eacac38-fa6c-439b-bf72-bbc3b8f2ba66@group-76ACB98916C2-StateMachineUpdater: snapshotIndex: updateIncreasingly -1 -> 0
2021-07-28 08:37:24,990 [Listener at 127.0.0.1/42363] INFO  segmented.SegmentedRaftLogWorker (SegmentedRaftLogWorker.java:close(237)) - 6a7d5deb-ea30-475f-9337-bf1860e839e5@group-1FD284F46611-SegmentedRaftLogWorker close()
2021-07-28 08:37:24,990 [ForkJoinPool.commonPool-worker-0] INFO  server.RaftServer$Division (ServerState.java:close(419)) - 3eacac38-fa6c-439b-bf72-bbc3b8f2ba66@group-76ACB98916C2: closes. applyIndex: 0
2021-07-28 08:37:24,991 [3eacac38-fa6c-439b-bf72-bbc3b8f2ba66@group-76ACB98916C2-SegmentedRaftLogWorker] INFO  segmented.SegmentedRaftLogWorker (SegmentedRaftLogWorker.java:run(327)) - 3eacac38-fa6c-439b-bf72-bbc3b8f2ba66@group-76ACB98916C2-SegmentedRaftLogWorker was interrupted, exiting. There are 0 tasks remaining in the queue.
2021-07-28 08:37:24,991 [ForkJoinPool.commonPool-worker-0] INFO  segmented.SegmentedRaftLogWorker (SegmentedRaftLogWorker.java:close(237)) - 3eacac38-fa6c-439b-bf72-bbc3b8f2ba66@group-76ACB98916C2-SegmentedRaftLogWorker close()
2021-07-28 08:37:24,991 [Listener at 127.0.0.1/42363] INFO  server.RaftServer$Division (RaftServerImpl.java:lambda$close$4(407)) - 6a7d5deb-ea30-475f-9337-bf1860e839e5@group-573C9320BA89: shutdown
2021-07-28 08:37:24,993 [ForkJoinPool.commonPool-worker-0] INFO  server.RaftServer$Division (RaftServerImpl.java:lambda$close$4(407)) - 3eacac38-fa6c-439b-bf72-bbc3b8f2ba66@group-82F261664D2A: shutdown
2021-07-28 08:37:24,993 [Listener at 127.0.0.1/42363] INFO  util.JmxRegister (JmxRegister.java:unregister(73)) - Successfully un-registered JMX Bean with object name Ratis:service=RaftServer,group=group-573C9320BA89,id=6a7d5deb-ea30-475f-9337-bf1860e839e5
2021-07-28 08:37:24,993 [Listener at 127.0.0.1/42363] INFO  impl.RoleInfo (RoleInfo.java:shutdownLeaderState(91)) - 6a7d5deb-ea30-475f-9337-bf1860e839e5: shutdown 6a7d5deb-ea30-475f-9337-bf1860e839e5@group-573C9320BA89-LeaderStateImpl
2021-07-28 08:37:24,993 [ForkJoinPool.commonPool-worker-0] INFO  util.JmxRegister (JmxRegister.java:unregister(73)) - Successfully un-registered JMX Bean with object name Ratis:service=RaftServer,group=group-82F261664D2A,id=3eacac38-fa6c-439b-bf72-bbc3b8f2ba66
2021-07-28 08:37:24,993 [ForkJoinPool.commonPool-worker-0] INFO  impl.RoleInfo (RoleInfo.java:shutdownLeaderState(91)) - 3eacac38-fa6c-439b-bf72-bbc3b8f2ba66: shutdown 3eacac38-fa6c-439b-bf72-bbc3b8f2ba66@group-82F261664D2A-LeaderStateImpl
2021-07-28 08:37:24,994 [3eacac38-fa6c-439b-bf72-bbc3b8f2ba66@group-82F261664D2A->b7359b5d-2f96-41df-9094-9722a03cb7a4-GrpcLogAppender-LogAppenderDaemon] WARN  server.GrpcLogAppender (GrpcLogAppender.java:mayWait(175)) - 3eacac38-fa6c-439b-bf72-bbc3b8f2ba66@group-82F261664D2A->b7359b5d-2f96-41df-9094-9722a03cb7a4-GrpcLogAppender: Wait interrupted by java.lang.InterruptedException
2021-07-28 08:37:24,994 [Listener at 127.0.0.1/42363] INFO  impl.PendingRequests (PendingRequests.java:sendNotLeaderResponses(249)) - 6a7d5deb-ea30-475f-9337-bf1860e839e5@group-573C9320BA89-PendingRequests: sendNotLeaderResponses
2021-07-28 08:37:24,996 [Listener at 127.0.0.1/42363] INFO  impl.StateMachineUpdater (StateMachineUpdater.java:stopAndJoin(149)) - 6a7d5deb-ea30-475f-9337-bf1860e839e5@group-573C9320BA89-StateMachineUpdater: set stopIndex = 0
2021-07-28 08:37:24,994 [ForkJoinPool.commonPool-worker-0] INFO  impl.PendingRequests (PendingRequests.java:sendNotLeaderResponses(249)) - 3eacac38-fa6c-439b-bf72-bbc3b8f2ba66@group-82F261664D2A-PendingRequests: sendNotLeaderResponses
2021-07-28 08:37:24,996 [6a7d5deb-ea30-475f-9337-bf1860e839e5@group-573C9320BA89-StateMachineUpdater] INFO  ratis.ContainerStateMachine (ContainerStateMachine.java:takeSnapshot(291)) - group-573C9320BA89: Taking a snapshot at:(t:1, i:0) file /home/runner/work/ozone/ozone/mnt/ozone/hadoop-ozone/integration-test/target/test-dir/MiniOzoneClusterImpl-7b7c0b8f-b3d8-4fbb-9550-cea541527f6c/datanode-4/data/ratis/66d91f13-69f7-44ce-acd2-573c9320ba89/sm/snapshot.1_0
2021-07-28 08:37:24,994 [grpc-default-executor-0] INFO  server.GrpcServerProtocolService (GrpcServerProtocolService.java:onCompleted(140)) - b7359b5d-2f96-41df-9094-9722a03cb7a4: Completed APPEND_ENTRIES, lastRequest: 3eacac38-fa6c-439b-bf72-bbc3b8f2ba66->b7359b5d-2f96-41df-9094-9722a03cb7a4#2-t5,previous=(t:5, i:1),leaderCommit=1,initializing? true,entries: size=1, first=(t:5, i:2), METADATAENTRY(c:1)
2021-07-28 08:37:24,994 [3eacac38-fa6c-439b-bf72-bbc3b8f2ba66@group-82F261664D2A->d20c9192-b22d-4378-befe-a66526543a88-GrpcLogAppender-LogAppenderDaemon] WARN  server.GrpcLogAppender (GrpcLogAppender.java:mayWait(175)) - 3eacac38-fa6c-439b-bf72-bbc3b8f2ba66@group-82F261664D2A->d20c9192-b22d-4378-befe-a66526543a88-GrpcLogAppender: Wait interrupted by java.lang.InterruptedException
2021-07-28 08:37:24,997 [6a7d5deb-ea30-475f-9337-bf1860e839e5@group-573C9320BA89-StateMachineUpdater] INFO  ratis.ContainerStateMachine (ContainerStateMachine.java:takeSnapshot(302)) - group-573C9320BA89: Finished taking a snapshot at:(t:1, i:0) file:/home/runner/work/ozone/ozone/mnt/ozone/hadoop-ozone/integration-test/target/test-dir/MiniOzoneClusterImpl-7b7c0b8f-b3d8-4fbb-9550-cea541527f6c/datanode-4/data/ratis/66d91f13-69f7-44ce-acd2-573c9320ba89/sm/snapshot.1_0 took: 0 ms
2021-07-28 08:37:24,997 [6a7d5deb-ea30-475f-9337-bf1860e839e5@group-573C9320BA89-StateMachineUpdater] INFO  impl.StateMachineUpdater (StateMachineUpdater.java:takeSnapshot(281)) - 6a7d5deb-ea30-475f-9337-bf1860e839e5@group-573C9320BA89-StateMachineUpdater: Took a snapshot at index 0
2021-07-28 08:37:24,997 [6a7d5deb-ea30-475f-9337-bf1860e839e5@group-573C9320BA89-StateMachineUpdater] INFO  impl.StateMachineUpdater (StateMachineUpdater.java:lambda$new$0(89)) - 6a7d5deb-ea30-475f-9337-bf1860e839e5@group-573C9320BA89-StateMachineUpdater: snapshotIndex: updateIncreasingly -1 -> 0
2021-07-28 08:37:24,997 [grpc-default-executor-1] INFO  server.GrpcLogAppender (GrpcLogAppender.java:onCompleted(344)) - 3eacac38-fa6c-439b-bf72-bbc3b8f2ba66@group-82F261664D2A->b7359b5d-2f96-41df-9094-9722a03cb7a4-AppendLogResponseHandler: follower responses appendEntries COMPLETED
2021-07-28 08:37:24,997 [grpc-default-executor-1] INFO  leader.FollowerInfo (FollowerInfoImpl.java:lambda$new$0(46)) - 3eacac38-fa6c-439b-bf72-bbc3b8f2ba66@group-82F261664D2A->b7359b5d-2f96-41df-9094-9722a03cb7a4: nextIndex: updateUnconditionally 3 -> 2
2021-07-28 08:37:24,997 [grpc-default-executor-4] INFO  server.GrpcServerProtocolService (GrpcServerProtocolService.java:onCompleted(140)) - d20c9192-b22d-4378-befe-a66526543a88: Completed APPEND_ENTRIES, lastRequest: 3eacac38-fa6c-439b-bf72-bbc3b8f2ba66->d20c9192-b22d-4378-befe-a66526543a88#6-t5,previous=(t:5, i:1),leaderCommit=1,initializing? true,entries: size=1, first=(t:5, i:2), METADATAENTRY(c:1)
2021-07-28 08:37:24,998 [Listener at 127.0.0.1/42363] INFO  server.RaftServer$Division (ServerState.java:close(419)) - 6a7d5deb-ea30-475f-9337-bf1860e839e5@group-573C9320BA89: closes. applyIndex: 0
2021-07-28 08:37:24,999 [grpc-default-executor-1] INFO  server.GrpcLogAppender (GrpcLogAppender.java:onCompleted(344)) - 3eacac38-fa6c-439b-bf72-bbc3b8f2ba66@group-82F261664D2A->d20c9192-b22d-4378-befe-a66526543a88-AppendLogResponseHandler: follower responses appendEntries COMPLETED
2021-07-28 08:37:24,999 [grpc-default-executor-1] INFO  leader.FollowerInfo (FollowerInfoImpl.java:lambda$new$0(46)) - 3eacac38-fa6c-439b-bf72-bbc3b8f2ba66@group-82F261664D2A->d20c9192-b22d-4378-befe-a66526543a88: nextIndex: updateUnconditionally 3 -> 2
2021-07-28 08:37:24,999 [6a7d5deb-ea30-475f-9337-bf1860e839e5@group-573C9320BA89-SegmentedRaftLogWorker] INFO  segmented.SegmentedRaftLogWorker (SegmentedRaftLogWorker.java:run(327)) - 6a7d5deb-ea30-475f-9337-bf1860e839e5@group-573C9320BA89-SegmentedRaftLogWorker was interrupted, exiting. There are 0 tasks remaining in the queue.
2021-07-28 08:37:25,000 [Listener at 127.0.0.1/42363] INFO  segmented.SegmentedRaftLogWorker (SegmentedRaftLogWorker.java:close(237)) - 6a7d5deb-ea30-475f-9337-bf1860e839e5@group-573C9320BA89-SegmentedRaftLogWorker close()
2021-07-28 08:37:25,001 [ForkJoinPool.commonPool-worker-0] INFO  impl.StateMachineUpdater (StateMachineUpdater.java:stopAndJoin(149)) - 3eacac38-fa6c-439b-bf72-bbc3b8f2ba66@group-82F261664D2A-StateMachineUpdater: set stopIndex = 2
2021-07-28 08:37:25,002 [3eacac38-fa6c-439b-bf72-bbc3b8f2ba66@group-82F261664D2A-StateMachineUpdater] INFO  ratis.ContainerStateMachine (ContainerStateMachine.java:takeSnapshot(291)) - group-82F261664D2A: Taking a snapshot at:(t:5, i:2) file /home/runner/work/ozone/ozone/mnt/ozone/hadoop-ozone/integration-test/target/test-dir/MiniOzoneClusterImpl-7b7c0b8f-b3d8-4fbb-9550-cea541527f6c/datanode-2/data/ratis/e97822f2-aa76-4768-94e3-82f261664d2a/sm/snapshot.5_2
2021-07-28 08:37:25,003 [3eacac38-fa6c-439b-bf72-bbc3b8f2ba66@group-82F261664D2A-StateMachineUpdater] INFO  ratis.ContainerStateMachine (ContainerStateMachine.java:takeSnapshot(302)) - group-82F261664D2A: Finished taking a snapshot at:(t:5, i:2) file:/home/runner/work/ozone/ozone/mnt/ozone/hadoop-ozone/integration-test/target/test-dir/MiniOzoneClusterImpl-7b7c0b8f-b3d8-4fbb-9550-cea541527f6c/datanode-2/data/ratis/e97822f2-aa76-4768-94e3-82f261664d2a/sm/snapshot.5_2 took: 1 ms
2021-07-28 08:37:25,003 [3eacac38-fa6c-439b-bf72-bbc3b8f2ba66@group-82F261664D2A-StateMachineUpdater] INFO  impl.StateMachineUpdater (StateMachineUpdater.java:takeSnapshot(281)) - 3eacac38-fa6c-439b-bf72-bbc3b8f2ba66@group-82F261664D2A-StateMachineUpdater: Took a snapshot at index 2
2021-07-28 08:37:25,003 [3eacac38-fa6c-439b-bf72-bbc3b8f2ba66@group-82F261664D2A-StateMachineUpdater] INFO  impl.StateMachineUpdater (StateMachineUpdater.java:lambda$new$0(89)) - 3eacac38-fa6c-439b-bf72-bbc3b8f2ba66@group-82F261664D2A-StateMachineUpdater: snapshotIndex: updateIncreasingly -1 -> 2
2021-07-28 08:37:25,003 [ForkJoinPool.commonPool-worker-0] INFO  server.RaftServer$Division (ServerState.java:close(419)) - 3eacac38-fa6c-439b-bf72-bbc3b8f2ba66@group-82F261664D2A: closes. applyIndex: 2
2021-07-28 08:37:25,003 [3eacac38-fa6c-439b-bf72-bbc3b8f2ba66@group-82F261664D2A-SegmentedRaftLogWorker] INFO  segmented.SegmentedRaftLogWorker (SegmentedRaftLogWorker.java:run(327)) - 3eacac38-fa6c-439b-bf72-bbc3b8f2ba66@group-82F261664D2A-SegmentedRaftLogWorker was interrupted, exiting. There are 0 tasks remaining in the queue.
2021-07-28 08:37:25,004 [ForkJoinPool.commonPool-worker-0] INFO  segmented.SegmentedRaftLogWorker (SegmentedRaftLogWorker.java:close(237)) - 3eacac38-fa6c-439b-bf72-bbc3b8f2ba66@group-82F261664D2A-SegmentedRaftLogWorker close()
2021-07-28 08:37:25,004 [Listener at 127.0.0.1/42363] INFO  server.GrpcService (GrpcService.java:closeImpl(262)) - 6a7d5deb-ea30-475f-9337-bf1860e839e5: shutdown server with port 35389 now
2021-07-28 08:37:25,005 [ForkJoinPool.commonPool-worker-0] INFO  server.GrpcService (GrpcService.java:closeImpl(262)) - 3eacac38-fa6c-439b-bf72-bbc3b8f2ba66: shutdown server with port 37715 now
2021-07-28 08:37:25,008 [Listener at 127.0.0.1/42363] INFO  server.GrpcService (GrpcService.java:closeImpl(271)) - 6a7d5deb-ea30-475f-9337-bf1860e839e5: shutdown server with port 35389 successfully
2021-07-28 08:37:25,008 [grpc-default-executor-0] WARN  server.GrpcServerProtocolService (LogUtils.java:warn(122)) - 6a7d5deb-ea30-475f-9337-bf1860e839e5: installSnapshot onError, lastRequest: a207c4d7-e778-4207-b497-059bef413d6b->6a7d5deb-ea30-475f-9337-bf1860e839e5#1-t1,previous=(t:0, i:0),leaderCommit=0,initializing? true,entries: size=1, first=(t:1, i:0), CONFIGURATIONENTRY: org.apache.ratis.thirdparty.io.grpc.StatusRuntimeException: CANCELLED: client cancelled
2021-07-28 08:37:25,009 [grpc-default-executor-1] WARN  server.GrpcLogAppender (LogUtils.java:warn(122)) - a207c4d7-e778-4207-b497-059bef413d6b@group-1FD284F46611->6a7d5deb-ea30-475f-9337-bf1860e839e5-AppendLogResponseHandler: Failed appendEntries: org.apache.ratis.thirdparty.io.grpc.StatusRuntimeException: CANCELLED: HTTP/2 error code: CANCEL
Received Rst Stream
2021-07-28 08:37:25,009 [grpc-default-executor-1] WARN  server.GrpcLogAppender (GrpcLogAppender.java:resetClient(111)) - a207c4d7-e778-4207-b497-059bef413d6b@group-1FD284F46611->6a7d5deb-ea30-475f-9337-bf1860e839e5-GrpcLogAppender: Leader has not got in touch with Follower a207c4d7-e778-4207-b497-059bef413d6b@group-1FD284F46611->6a7d5deb-ea30-475f-9337-bf1860e839e5(c0,m0,n1, attendVote=true, lastRpcSendTime=389, lastRpcResponseTime=388) yet, just keep nextIndex unchanged and retry.
2021-07-28 08:37:25,009 [org.apache.ratis.util.JvmPauseMonitor$$Lambda$526/290161071@31957871] INFO  util.JvmPauseMonitor (JvmPauseMonitor.java:run(109)) - JvmPauseMonitor-6a7d5deb-ea30-475f-9337-bf1860e839e5: Stopped
2021-07-28 08:37:25,033 [ForkJoinPool.commonPool-worker-0] INFO  server.GrpcService (GrpcService.java:closeImpl(271)) - 3eacac38-fa6c-439b-bf72-bbc3b8f2ba66: shutdown server with port 37715 successfully
2021-07-28 08:37:25,033 [org.apache.ratis.util.JvmPauseMonitor$$Lambda$526/290161071@250c3583] INFO  util.JvmPauseMonitor (JvmPauseMonitor.java:run(109)) - JvmPauseMonitor-3eacac38-fa6c-439b-bf72-bbc3b8f2ba66: Stopped
2021-07-28 08:37:25,034 [Listener at 127.0.0.1/42363] INFO  utils.BackgroundService (BackgroundService.java:shutdown(132)) - Shutting down service BlockDeletingService
2021-07-28 08:37:25,037 [ForkJoinPool.commonPool-worker-0] INFO  utils.BackgroundService (BackgroundService.java:shutdown(132)) - Shutting down service BlockDeletingService
2021-07-28 08:37:25,043 [ForkJoinPool.commonPool-worker-0] INFO  statemachine.DatanodeStateMachine (DatanodeStateMachine.java:stopDaemon(514)) - Ozone container server stopped.
2021-07-28 08:37:25,046 [ForkJoinPool.commonPool-worker-0] INFO  handler.ContextHandler (ContextHandler.java:doStop(1154)) - Stopped o.e.j.w.WebAppContext@3ae58b76{hddsDatanode,/,null,STOPPED}{jar:file:/home/runner/.m2/repository/org/apache/ozone/hdds-container-service/1.2.0-SNAPSHOT/hdds-container-service-1.2.0-SNAPSHOT.jar!/webapps/hddsDatanode}
2021-07-28 08:37:25,046 [ForkJoinPool.commonPool-worker-0] INFO  server.AbstractConnector (AbstractConnector.java:doStop(381)) - Stopped ServerConnector@7792e75e{HTTP/1.1, (http/1.1)}{0.0.0.0:0}
2021-07-28 08:37:25,046 [ForkJoinPool.commonPool-worker-0] INFO  server.session (HouseKeeper.java:stopScavenging(149)) - node0 Stopped scavenging
2021-07-28 08:37:25,047 [ForkJoinPool.commonPool-worker-0] INFO  handler.ContextHandler (ContextHandler.java:doStop(1154)) - Stopped o.e.j.s.ServletContextHandler@6f942437{static,/static,jar:file:/home/runner/.m2/repository/org/apache/ozone/hdds-container-service/1.2.0-SNAPSHOT/hdds-container-service-1.2.0-SNAPSHOT.jar!/webapps/static,STOPPED}
2021-07-28 08:37:25,048 [Listener at 127.0.0.1/42363] INFO  statemachine.DatanodeStateMachine (DatanodeStateMachine.java:stopDaemon(514)) - Ozone container server stopped.
2021-07-28 08:37:25,049 [Listener at 127.0.0.1/42363] INFO  handler.ContextHandler (ContextHandler.java:doStop(1154)) - Stopped o.e.j.w.WebAppContext@6c2f8b38{hddsDatanode,/,null,STOPPED}{jar:file:/home/runner/.m2/repository/org/apache/ozone/hdds-container-service/1.2.0-SNAPSHOT/hdds-container-service-1.2.0-SNAPSHOT.jar!/webapps/hddsDatanode}
2021-07-28 08:37:25,049 [ForkJoinPool.commonPool-worker-0] INFO  handler.ContextHandler (ContextHandler.java:doStop(1154)) - Stopped o.e.j.s.ServletContextHandler@48b0123a{logs,/logs,file:///home/runner/work/ozone/ozone/mnt/ozone/hadoop-ozone/integration-test/target/log,STOPPED}
2021-07-28 08:37:25,050 [Listener at 127.0.0.1/42363] INFO  server.AbstractConnector (AbstractConnector.java:doStop(381)) - Stopped ServerConnector@4105ebb4{HTTP/1.1, (http/1.1)}{0.0.0.0:0}
2021-07-28 08:37:25,050 [Listener at 127.0.0.1/42363] INFO  server.session (HouseKeeper.java:stopScavenging(149)) - node0 Stopped scavenging
2021-07-28 08:37:25,050 [Listener at 127.0.0.1/42363] INFO  handler.ContextHandler (ContextHandler.java:doStop(1154)) - Stopped o.e.j.s.ServletContextHandler@756d63dd{static,/static,jar:file:/home/runner/.m2/repository/org/apache/ozone/hdds-container-service/1.2.0-SNAPSHOT/hdds-container-service-1.2.0-SNAPSHOT.jar!/webapps/static,STOPPED}
2021-07-28 08:37:25,050 [Listener at 127.0.0.1/42363] INFO  handler.ContextHandler (ContextHandler.java:doStop(1154)) - Stopped o.e.j.s.ServletContextHandler@e37fdd1{logs,/logs,file:///home/runner/work/ozone/ozone/mnt/ozone/hadoop-ozone/integration-test/target/log,STOPPED}
2021-07-28 08:37:25,285 [5adaab23-8dc1-4fdb-be6f-dc28f4219fad@group-D95E40A13D84-FollowerState] INFO  impl.FollowerState (FollowerState.java:run(134)) - 5adaab23-8dc1-4fdb-be6f-dc28f4219fad@group-D95E40A13D84-FollowerState: change to CANDIDATE, lastRpcElapsedTime:5039416545ns, electionTimeout:5039ms
2021-07-28 08:37:25,285 [5adaab23-8dc1-4fdb-be6f-dc28f4219fad@group-D95E40A13D84-FollowerState] INFO  impl.RoleInfo (RoleInfo.java:shutdownFollowerState(108)) - 5adaab23-8dc1-4fdb-be6f-dc28f4219fad: shutdown 5adaab23-8dc1-4fdb-be6f-dc28f4219fad@group-D95E40A13D84-FollowerState
2021-07-28 08:37:25,285 [5adaab23-8dc1-4fdb-be6f-dc28f4219fad@group-D95E40A13D84-FollowerState] INFO  server.RaftServer$Division (RaftServerImpl.java:setRole(285)) - 5adaab23-8dc1-4fdb-be6f-dc28f4219fad@group-D95E40A13D84: changes role from  FOLLOWER to CANDIDATE at term 3 for changeToCandidate
2021-07-28 08:37:25,285 [5adaab23-8dc1-4fdb-be6f-dc28f4219fad@group-D95E40A13D84-FollowerState] INFO  server.RaftServerConfigKeys (ConfUtils.java:logGet(44)) - raft.server.leaderelection.pre-vote = false (custom)
2021-07-28 08:37:25,285 [5adaab23-8dc1-4fdb-be6f-dc28f4219fad@group-D95E40A13D84-FollowerState] INFO  impl.RoleInfo (RoleInfo.java:updateAndGet(130)) - 5adaab23-8dc1-4fdb-be6f-dc28f4219fad: start 5adaab23-8dc1-4fdb-be6f-dc28f4219fad@group-D95E40A13D84-LeaderElection78
2021-07-28 08:37:25,288 [5adaab23-8dc1-4fdb-be6f-dc28f4219fad@group-D95E40A13D84-LeaderElection78] INFO  impl.LeaderElection (LeaderElection.java:askForVotes(306)) - 5adaab23-8dc1-4fdb-be6f-dc28f4219fad@group-D95E40A13D84-LeaderElection78 ELECTION round 0: submit vote requests at term 4 for -1: [954c2539-c430-4abc-b152-2157e37527ee|rpc:10.1.0.59:36295|dataStream:|priority:1, 5adaab23-8dc1-4fdb-be6f-dc28f4219fad|rpc:10.1.0.59:40175|dataStream:|priority:0, 81ffaf6e-1a0b-4e8d-b763-a17fba998bf8|rpc:10.1.0.59:40745|dataStream:|priority:0], old=null
2021-07-28 08:37:25,291 [grpc-default-executor-0] INFO  server.RaftServer$Division (RaftServerImpl.java:requestVote(1043)) - 954c2539-c430-4abc-b152-2157e37527ee@group-D95E40A13D84: receive requestVote(ELECTION, 5adaab23-8dc1-4fdb-be6f-dc28f4219fad, group-D95E40A13D84, 4, (t:0, i:0))
2021-07-28 08:37:25,291 [grpc-default-executor-0] INFO  impl.VoteContext (VoteContext.java:log(48)) - 954c2539-c430-4abc-b152-2157e37527ee@group-D95E40A13D84-FOLLOWER: reject ELECTION from 5adaab23-8dc1-4fdb-be6f-dc28f4219fad: our priority 1 > candidate's priority 0
2021-07-28 08:37:25,291 [grpc-default-executor-0] INFO  server.RaftServer$Division (RaftServerImpl.java:setRole(285)) - 954c2539-c430-4abc-b152-2157e37527ee@group-D95E40A13D84: changes role from  FOLLOWER to FOLLOWER at term 4 for candidate:5adaab23-8dc1-4fdb-be6f-dc28f4219fad
2021-07-28 08:37:25,291 [grpc-default-executor-0] INFO  impl.RoleInfo (RoleInfo.java:shutdownFollowerState(108)) - 954c2539-c430-4abc-b152-2157e37527ee: shutdown 954c2539-c430-4abc-b152-2157e37527ee@group-D95E40A13D84-FollowerState
2021-07-28 08:37:25,292 [grpc-default-executor-0] INFO  impl.RoleInfo (RoleInfo.java:updateAndGet(130)) - 954c2539-c430-4abc-b152-2157e37527ee: start 954c2539-c430-4abc-b152-2157e37527ee@group-D95E40A13D84-FollowerState
2021-07-28 08:37:25,292 [954c2539-c430-4abc-b152-2157e37527ee@group-D95E40A13D84-FollowerState] INFO  impl.FollowerState (FollowerState.java:run(143)) - 954c2539-c430-4abc-b152-2157e37527ee@group-D95E40A13D84-FollowerState was interrupted: {}
java.lang.InterruptedException: sleep interrupted
	at java.lang.Thread.sleep(Native Method)
	at java.lang.Thread.sleep(Thread.java:340)
	at java.util.concurrent.TimeUnit.sleep(TimeUnit.java:386)
	at org.apache.ratis.util.TimeDuration.sleep(TimeDuration.java:324)
	at org.apache.ratis.util.TimeDuration.sleep(TimeDuration.java:309)
	at org.apache.ratis.server.impl.FollowerState.run(FollowerState.java:118)
2021-07-28 08:37:25,293 [grpc-default-executor-1] INFO  server.RaftServer$Division (RaftServerImpl.java:requestVote(1043)) - 81ffaf6e-1a0b-4e8d-b763-a17fba998bf8@group-D95E40A13D84: receive requestVote(ELECTION, 5adaab23-8dc1-4fdb-be6f-dc28f4219fad, group-D95E40A13D84, 4, (t:0, i:0))
2021-07-28 08:37:25,293 [grpc-default-executor-1] INFO  impl.VoteContext (VoteContext.java:log(48)) - 81ffaf6e-1a0b-4e8d-b763-a17fba998bf8@group-D95E40A13D84-FOLLOWER: accept ELECTION from 5adaab23-8dc1-4fdb-be6f-dc28f4219fad: our priority 0 <= candidate's priority 0
2021-07-28 08:37:25,293 [grpc-default-executor-1] INFO  server.RaftServer$Division (RaftServerImpl.java:setRole(285)) - 81ffaf6e-1a0b-4e8d-b763-a17fba998bf8@group-D95E40A13D84: changes role from  FOLLOWER to FOLLOWER at term 4 for candidate:5adaab23-8dc1-4fdb-be6f-dc28f4219fad
2021-07-28 08:37:25,293 [grpc-default-executor-1] INFO  impl.RoleInfo (RoleInfo.java:shutdownFollowerState(108)) - 81ffaf6e-1a0b-4e8d-b763-a17fba998bf8: shutdown 81ffaf6e-1a0b-4e8d-b763-a17fba998bf8@group-D95E40A13D84-FollowerState
2021-07-28 08:37:25,297 [grpc-default-executor-1] INFO  impl.RoleInfo (RoleInfo.java:updateAndGet(130)) - 81ffaf6e-1a0b-4e8d-b763-a17fba998bf8: start 81ffaf6e-1a0b-4e8d-b763-a17fba998bf8@group-D95E40A13D84-FollowerState
2021-07-28 08:37:25,297 [81ffaf6e-1a0b-4e8d-b763-a17fba998bf8@group-D95E40A13D84-FollowerState] INFO  impl.FollowerState (FollowerState.java:run(143)) - 81ffaf6e-1a0b-4e8d-b763-a17fba998bf8@group-D95E40A13D84-FollowerState was interrupted: {}
java.lang.InterruptedException: sleep interrupted
	at java.lang.Thread.sleep(Native Method)
	at java.lang.Thread.sleep(Thread.java:340)
	at java.util.concurrent.TimeUnit.sleep(TimeUnit.java:386)
	at org.apache.ratis.util.TimeDuration.sleep(TimeDuration.java:324)
	at org.apache.ratis.util.TimeDuration.sleep(TimeDuration.java:309)
	at org.apache.ratis.server.impl.FollowerState.run(FollowerState.java:118)
2021-07-28 08:37:25,299 [grpc-default-executor-0] INFO  server.RaftServer$Division (RaftServerImpl.java:requestVote(1075)) - 954c2539-c430-4abc-b152-2157e37527ee@group-D95E40A13D84 replies to ELECTION vote request: 5adaab23-8dc1-4fdb-be6f-dc28f4219fad<-954c2539-c430-4abc-b152-2157e37527ee#0:FAIL-t4. Peer's state: 954c2539-c430-4abc-b152-2157e37527ee@group-D95E40A13D84:t4, leader=null, voted=null, raftlog=954c2539-c430-4abc-b152-2157e37527ee@group-D95E40A13D84-SegmentedRaftLog:OPENED:c-1,f-1,i0, conf=-1: [954c2539-c430-4abc-b152-2157e37527ee|rpc:10.1.0.59:36295|priority:1, 5adaab23-8dc1-4fdb-be6f-dc28f4219fad|rpc:10.1.0.59:40175|priority:0, 81ffaf6e-1a0b-4e8d-b763-a17fba998bf8|rpc:10.1.0.59:40745|priority:0], old=null
2021-07-28 08:37:25,300 [5adaab23-8dc1-4fdb-be6f-dc28f4219fad@group-D95E40A13D84-LeaderElection78] INFO  impl.LeaderElection (LeaderElection.java:logAndReturn(89)) - 5adaab23-8dc1-4fdb-be6f-dc28f4219fad@group-D95E40A13D84-LeaderElection78: ELECTION REJECTED received 1 response(s) and 0 exception(s):
2021-07-28 08:37:25,300 [5adaab23-8dc1-4fdb-be6f-dc28f4219fad@group-D95E40A13D84-LeaderElection78] INFO  impl.LeaderElection (LeaderElection.java:logAndReturn(93)) -   Response 0: 5adaab23-8dc1-4fdb-be6f-dc28f4219fad<-954c2539-c430-4abc-b152-2157e37527ee#0:FAIL-t4
2021-07-28 08:37:25,300 [5adaab23-8dc1-4fdb-be6f-dc28f4219fad@group-D95E40A13D84-LeaderElection78] INFO  impl.LeaderElection (LeaderElection.java:askForVotes(308)) - 5adaab23-8dc1-4fdb-be6f-dc28f4219fad@group-D95E40A13D84-LeaderElection78 ELECTION round 0: result REJECTED
2021-07-28 08:37:25,300 [5adaab23-8dc1-4fdb-be6f-dc28f4219fad@group-D95E40A13D84-LeaderElection78] INFO  server.RaftServer$Division (RaftServerImpl.java:setRole(285)) - 5adaab23-8dc1-4fdb-be6f-dc28f4219fad@group-D95E40A13D84: changes role from CANDIDATE to FOLLOWER at term 4 for REJECTED
2021-07-28 08:37:25,300 [5adaab23-8dc1-4fdb-be6f-dc28f4219fad@group-D95E40A13D84-LeaderElection78] INFO  impl.RoleInfo (RoleInfo.java:shutdownLeaderElection(121)) - 5adaab23-8dc1-4fdb-be6f-dc28f4219fad: shutdown 5adaab23-8dc1-4fdb-be6f-dc28f4219fad@group-D95E40A13D84-LeaderElection78
2021-07-28 08:37:25,300 [5adaab23-8dc1-4fdb-be6f-dc28f4219fad@group-D95E40A13D84-LeaderElection78] INFO  impl.RoleInfo (RoleInfo.java:updateAndGet(130)) - 5adaab23-8dc1-4fdb-be6f-dc28f4219fad: start 5adaab23-8dc1-4fdb-be6f-dc28f4219fad@group-D95E40A13D84-FollowerState
2021-07-28 08:37:25,301 [grpc-default-executor-1] INFO  server.RaftServer$Division (RaftServerImpl.java:requestVote(1075)) - 81ffaf6e-1a0b-4e8d-b763-a17fba998bf8@group-D95E40A13D84 replies to ELECTION vote request: 5adaab23-8dc1-4fdb-be6f-dc28f4219fad<-81ffaf6e-1a0b-4e8d-b763-a17fba998bf8#0:OK-t4. Peer's state: 81ffaf6e-1a0b-4e8d-b763-a17fba998bf8@group-D95E40A13D84:t4, leader=null, voted=5adaab23-8dc1-4fdb-be6f-dc28f4219fad, raftlog=81ffaf6e-1a0b-4e8d-b763-a17fba998bf8@group-D95E40A13D84-SegmentedRaftLog:OPENED:c-1,f-1,i0, conf=-1: [954c2539-c430-4abc-b152-2157e37527ee|rpc:10.1.0.59:36295|dataStream:|priority:1, 5adaab23-8dc1-4fdb-be6f-dc28f4219fad|rpc:10.1.0.59:40175|dataStream:|priority:0, 81ffaf6e-1a0b-4e8d-b763-a17fba998bf8|rpc:10.1.0.59:40745|dataStream:|priority:0], old=null
2021-07-28 08:37:25,567 [Datanode State Machine Thread - 0] INFO  statemachine.DatanodeStateMachine (DatanodeStateMachine.java:lambda$startDaemon$0(456)) - Ozone container server started.
2021-07-28 08:37:26,005 [Datanode State Machine Thread - 0] INFO  statemachine.DatanodeStateMachine (DatanodeStateMachine.java:lambda$startDaemon$0(456)) - Ozone container server started.
2021-07-28 08:37:27,123 [grpc-default-executor-0] WARN  server.GrpcLogAppender (LogUtils.java:warn(122)) - a207c4d7-e778-4207-b497-059bef413d6b@group-1FD284F46611->6a7d5deb-ea30-475f-9337-bf1860e839e5-AppendLogResponseHandler: Failed appendEntries: org.apache.ratis.thirdparty.io.grpc.StatusRuntimeException: UNAVAILABLE: io exception
2021-07-28 08:37:27,124 [grpc-default-executor-0] WARN  server.GrpcLogAppender (GrpcLogAppender.java:resetClient(111)) - a207c4d7-e778-4207-b497-059bef413d6b@group-1FD284F46611->6a7d5deb-ea30-475f-9337-bf1860e839e5-GrpcLogAppender: Leader has not got in touch with Follower a207c4d7-e778-4207-b497-059bef413d6b@group-1FD284F46611->6a7d5deb-ea30-475f-9337-bf1860e839e5(c0,m0,n1, attendVote=true, lastRpcSendTime=1, lastRpcResponseTime=2503) yet, just keep nextIndex unchanged and retry.
2021-07-28 08:37:29,623 [grpc-default-executor-0] WARN  server.GrpcLogAppender (LogUtils.java:warn(122)) - a207c4d7-e778-4207-b497-059bef413d6b@group-1FD284F46611->6a7d5deb-ea30-475f-9337-bf1860e839e5-AppendLogResponseHandler: Failed appendEntries: org.apache.ratis.thirdparty.io.grpc.StatusRuntimeException: UNAVAILABLE: io exception
2021-07-28 08:37:29,624 [grpc-default-executor-0] WARN  server.GrpcLogAppender (GrpcLogAppender.java:resetClient(111)) - a207c4d7-e778-4207-b497-059bef413d6b@group-1FD284F46611->6a7d5deb-ea30-475f-9337-bf1860e839e5-GrpcLogAppender: Leader has not got in touch with Follower a207c4d7-e778-4207-b497-059bef413d6b@group-1FD284F46611->6a7d5deb-ea30-475f-9337-bf1860e839e5(c0,m0,n1, attendVote=true, lastRpcSendTime=0, lastRpcResponseTime=5002) yet, just keep nextIndex unchanged and retry.
2021-07-28 08:37:30,052 [ForkJoinPool.commonPool-worker-0] INFO  ozoneimpl.OzoneContainer (OzoneContainer.java:stop(326)) - Attempting to stop container services.
2021-07-28 08:37:30,053 [Listener at 127.0.0.1/42363] INFO  ozoneimpl.OzoneContainer (OzoneContainer.java:stop(326)) - Attempting to stop container services.
2021-07-28 08:37:30,053 [Listener at 127.0.0.1/42363] INFO  server.RaftServer (RaftServerProxy.java:lambda$close$6(391)) - 5cf1d98d-61cd-4f7c-aaf3-95502ed3bd06: close
2021-07-28 08:37:30,054 [Listener at 127.0.0.1/42363] INFO  server.RaftServer$Division (RaftServerImpl.java:lambda$close$4(407)) - 5cf1d98d-61cd-4f7c-aaf3-95502ed3bd06@group-1FD284F46611: shutdown
2021-07-28 08:37:30,054 [Listener at 127.0.0.1/42363] INFO  util.JmxRegister (JmxRegister.java:unregister(73)) - Successfully un-registered JMX Bean with object name Ratis:service=RaftServer,group=group-1FD284F46611,id=5cf1d98d-61cd-4f7c-aaf3-95502ed3bd06
2021-07-28 08:37:30,054 [Listener at 127.0.0.1/42363] INFO  impl.RoleInfo (RoleInfo.java:shutdownFollowerState(108)) - 5cf1d98d-61cd-4f7c-aaf3-95502ed3bd06: shutdown 5cf1d98d-61cd-4f7c-aaf3-95502ed3bd06@group-1FD284F46611-FollowerState
2021-07-28 08:37:30,054 [Listener at 127.0.0.1/42363] INFO  impl.StateMachineUpdater (StateMachineUpdater.java:stopAndJoin(149)) - 5cf1d98d-61cd-4f7c-aaf3-95502ed3bd06@group-1FD284F46611-StateMachineUpdater: set stopIndex = 0
2021-07-28 08:37:30,055 [5cf1d98d-61cd-4f7c-aaf3-95502ed3bd06@group-1FD284F46611-StateMachineUpdater] INFO  ratis.ContainerStateMachine (ContainerStateMachine.java:takeSnapshot(291)) - group-1FD284F46611: Taking a snapshot at:(t:1, i:0) file /home/runner/work/ozone/ozone/mnt/ozone/hadoop-ozone/integration-test/target/test-dir/MiniOzoneClusterImpl-7b7c0b8f-b3d8-4fbb-9550-cea541527f6c/datanode-5/data/ratis/c77a0f1c-f150-4c9f-a45c-1fd284f46611/sm/snapshot.1_0
2021-07-28 08:37:30,055 [5cf1d98d-61cd-4f7c-aaf3-95502ed3bd06@group-1FD284F46611-FollowerState] INFO  impl.FollowerState (FollowerState.java:run(143)) - 5cf1d98d-61cd-4f7c-aaf3-95502ed3bd06@group-1FD284F46611-FollowerState was interrupted: {}
java.lang.InterruptedException: sleep interrupted
	at java.lang.Thread.sleep(Native Method)
	at java.lang.Thread.sleep(Thread.java:340)
	at java.util.concurrent.TimeUnit.sleep(TimeUnit.java:386)
	at org.apache.ratis.util.TimeDuration.sleep(TimeDuration.java:324)
	at org.apache.ratis.util.TimeDuration.sleep(TimeDuration.java:309)
	at org.apache.ratis.server.impl.FollowerState.run(FollowerState.java:118)
2021-07-28 08:37:30,055 [5cf1d98d-61cd-4f7c-aaf3-95502ed3bd06@group-1FD284F46611-StateMachineUpdater] INFO  ratis.ContainerStateMachine (ContainerStateMachine.java:takeSnapshot(302)) - group-1FD284F46611: Finished taking a snapshot at:(t:1, i:0) file:/home/runner/work/ozone/ozone/mnt/ozone/hadoop-ozone/integration-test/target/test-dir/MiniOzoneClusterImpl-7b7c0b8f-b3d8-4fbb-9550-cea541527f6c/datanode-5/data/ratis/c77a0f1c-f150-4c9f-a45c-1fd284f46611/sm/snapshot.1_0 took: 1 ms
2021-07-28 08:37:30,056 [5cf1d98d-61cd-4f7c-aaf3-95502ed3bd06@group-1FD284F46611-StateMachineUpdater] INFO  impl.StateMachineUpdater (StateMachineUpdater.java:takeSnapshot(281)) - 5cf1d98d-61cd-4f7c-aaf3-95502ed3bd06@group-1FD284F46611-StateMachineUpdater: Took a snapshot at index 0
2021-07-28 08:37:30,056 [5cf1d98d-61cd-4f7c-aaf3-95502ed3bd06@group-1FD284F46611-StateMachineUpdater] INFO  impl.StateMachineUpdater (StateMachineUpdater.java:lambda$new$0(89)) - 5cf1d98d-61cd-4f7c-aaf3-95502ed3bd06@group-1FD284F46611-StateMachineUpdater: snapshotIndex: updateIncreasingly -1 -> 0
2021-07-28 08:37:30,056 [Listener at 127.0.0.1/42363] INFO  server.RaftServer$Division (ServerState.java:close(419)) - 5cf1d98d-61cd-4f7c-aaf3-95502ed3bd06@group-1FD284F46611: closes. applyIndex: 0
2021-07-28 08:37:30,056 [5cf1d98d-61cd-4f7c-aaf3-95502ed3bd06@group-1FD284F46611-SegmentedRaftLogWorker] INFO  segmented.SegmentedRaftLogWorker (SegmentedRaftLogWorker.java:run(327)) - 5cf1d98d-61cd-4f7c-aaf3-95502ed3bd06@group-1FD284F46611-SegmentedRaftLogWorker was interrupted, exiting. There are 0 tasks remaining in the queue.
2021-07-28 08:37:30,058 [Listener at 127.0.0.1/42363] INFO  segmented.SegmentedRaftLogWorker (SegmentedRaftLogWorker.java:close(237)) - 5cf1d98d-61cd-4f7c-aaf3-95502ed3bd06@group-1FD284F46611-SegmentedRaftLogWorker close()
2021-07-28 08:37:30,058 [ForkJoinPool.commonPool-worker-0] INFO  server.RaftServer (RaftServerProxy.java:lambda$close$6(391)) - a207c4d7-e778-4207-b497-059bef413d6b: close
2021-07-28 08:37:30,058 [ForkJoinPool.commonPool-worker-0] INFO  server.RaftServer$Division (RaftServerImpl.java:lambda$close$4(407)) - a207c4d7-e778-4207-b497-059bef413d6b@group-1FD284F46611: shutdown
2021-07-28 08:37:30,058 [ForkJoinPool.commonPool-worker-0] INFO  util.JmxRegister (JmxRegister.java:unregister(73)) - Successfully un-registered JMX Bean with object name Ratis:service=RaftServer,group=group-1FD284F46611,id=a207c4d7-e778-4207-b497-059bef413d6b
2021-07-28 08:37:30,058 [ForkJoinPool.commonPool-worker-0] INFO  impl.RoleInfo (RoleInfo.java:shutdownLeaderState(91)) - a207c4d7-e778-4207-b497-059bef413d6b: shutdown a207c4d7-e778-4207-b497-059bef413d6b@group-1FD284F46611-LeaderStateImpl
2021-07-28 08:37:30,058 [ForkJoinPool.commonPool-worker-0] INFO  impl.PendingRequests (PendingRequests.java:sendNotLeaderResponses(249)) - a207c4d7-e778-4207-b497-059bef413d6b@group-1FD284F46611-PendingRequests: sendNotLeaderResponses
2021-07-28 08:37:30,058 [a207c4d7-e778-4207-b497-059bef413d6b@group-1FD284F46611->5cf1d98d-61cd-4f7c-aaf3-95502ed3bd06-GrpcLogAppender-LogAppenderDaemon] WARN  server.GrpcLogAppender (GrpcLogAppender.java:mayWait(175)) - a207c4d7-e778-4207-b497-059bef413d6b@group-1FD284F46611->5cf1d98d-61cd-4f7c-aaf3-95502ed3bd06-GrpcLogAppender: Wait interrupted by java.lang.InterruptedException
2021-07-28 08:37:30,059 [ForkJoinPool.commonPool-worker-0] INFO  impl.StateMachineUpdater (StateMachineUpdater.java:stopAndJoin(149)) - a207c4d7-e778-4207-b497-059bef413d6b@group-1FD284F46611-StateMachineUpdater: set stopIndex = 0
2021-07-28 08:37:30,059 [a207c4d7-e778-4207-b497-059bef413d6b@group-1FD284F46611-StateMachineUpdater] INFO  ratis.ContainerStateMachine (ContainerStateMachine.java:takeSnapshot(291)) - group-1FD284F46611: Taking a snapshot at:(t:1, i:0) file /home/runner/work/ozone/ozone/mnt/ozone/hadoop-ozone/integration-test/target/test-dir/MiniOzoneClusterImpl-7b7c0b8f-b3d8-4fbb-9550-cea541527f6c/datanode-3/data/ratis/c77a0f1c-f150-4c9f-a45c-1fd284f46611/sm/snapshot.1_0
2021-07-28 08:37:30,060 [grpc-default-executor-0] INFO  server.GrpcServerProtocolService (GrpcServerProtocolService.java:onCompleted(140)) - 5cf1d98d-61cd-4f7c-aaf3-95502ed3bd06: Completed APPEND_ENTRIES, lastRequest: a207c4d7-e778-4207-b497-059bef413d6b->5cf1d98d-61cd-4f7c-aaf3-95502ed3bd06#1-t1,previous=(t:0, i:0),leaderCommit=0,initializing? true,entries: size=1, first=(t:1, i:0), CONFIGURATIONENTRY
2021-07-28 08:37:30,061 [a207c4d7-e778-4207-b497-059bef413d6b@group-1FD284F46611-StateMachineUpdater] INFO  ratis.ContainerStateMachine (ContainerStateMachine.java:takeSnapshot(302)) - group-1FD284F46611: Finished taking a snapshot at:(t:1, i:0) file:/home/runner/work/ozone/ozone/mnt/ozone/hadoop-ozone/integration-test/target/test-dir/MiniOzoneClusterImpl-7b7c0b8f-b3d8-4fbb-9550-cea541527f6c/datanode-3/data/ratis/c77a0f1c-f150-4c9f-a45c-1fd284f46611/sm/snapshot.1_0 took: 1 ms
2021-07-28 08:37:30,061 [a207c4d7-e778-4207-b497-059bef413d6b@group-1FD284F46611-StateMachineUpdater] INFO  impl.StateMachineUpdater (StateMachineUpdater.java:takeSnapshot(281)) - a207c4d7-e778-4207-b497-059bef413d6b@group-1FD284F46611-StateMachineUpdater: Took a snapshot at index 0
2021-07-28 08:37:30,061 [a207c4d7-e778-4207-b497-059bef413d6b@group-1FD284F46611-StateMachineUpdater] INFO  impl.StateMachineUpdater (StateMachineUpdater.java:lambda$new$0(89)) - a207c4d7-e778-4207-b497-059bef413d6b@group-1FD284F46611-StateMachineUpdater: snapshotIndex: updateIncreasingly -1 -> 0
2021-07-28 08:37:30,064 [grpc-default-executor-1] INFO  server.GrpcLogAppender (GrpcLogAppender.java:onCompleted(344)) - a207c4d7-e778-4207-b497-059bef413d6b@group-1FD284F46611->5cf1d98d-61cd-4f7c-aaf3-95502ed3bd06-AppendLogResponseHandler: follower responses appendEntries COMPLETED
2021-07-28 08:37:30,064 [ForkJoinPool.commonPool-worker-0] INFO  server.RaftServer$Division (ServerState.java:close(419)) - a207c4d7-e778-4207-b497-059bef413d6b@group-1FD284F46611: closes. applyIndex: 0
2021-07-28 08:37:30,064 [a207c4d7-e778-4207-b497-059bef413d6b@group-1FD284F46611-SegmentedRaftLogWorker] INFO  segmented.SegmentedRaftLogWorker (SegmentedRaftLogWorker.java:run(327)) - a207c4d7-e778-4207-b497-059bef413d6b@group-1FD284F46611-SegmentedRaftLogWorker was interrupted, exiting. There are 0 tasks remaining in the queue.
2021-07-28 08:37:30,064 [grpc-default-executor-1] INFO  leader.FollowerInfo (FollowerInfoImpl.java:lambda$new$0(46)) - a207c4d7-e778-4207-b497-059bef413d6b@group-1FD284F46611->5cf1d98d-61cd-4f7c-aaf3-95502ed3bd06: nextIndex: updateUnconditionally 1 -> 0
2021-07-28 08:37:30,066 [Listener at 127.0.0.1/42363] INFO  server.RaftServer$Division (RaftServerImpl.java:lambda$close$4(407)) - 5cf1d98d-61cd-4f7c-aaf3-95502ed3bd06@group-1E774C15F362: shutdown
2021-07-28 08:37:30,066 [Listener at 127.0.0.1/42363] INFO  util.JmxRegister (JmxRegister.java:unregister(73)) - Successfully un-registered JMX Bean with object name Ratis:service=RaftServer,group=group-1E774C15F362,id=5cf1d98d-61cd-4f7c-aaf3-95502ed3bd06
2021-07-28 08:37:30,066 [Listener at 127.0.0.1/42363] INFO  impl.RoleInfo (RoleInfo.java:shutdownLeaderState(91)) - 5cf1d98d-61cd-4f7c-aaf3-95502ed3bd06: shutdown 5cf1d98d-61cd-4f7c-aaf3-95502ed3bd06@group-1E774C15F362-LeaderStateImpl
2021-07-28 08:37:30,066 [Listener at 127.0.0.1/42363] INFO  impl.PendingRequests (PendingRequests.java:sendNotLeaderResponses(249)) - 5cf1d98d-61cd-4f7c-aaf3-95502ed3bd06@group-1E774C15F362-PendingRequests: sendNotLeaderResponses
2021-07-28 08:37:30,067 [ForkJoinPool.commonPool-worker-0] INFO  segmented.SegmentedRaftLogWorker (SegmentedRaftLogWorker.java:close(237)) - a207c4d7-e778-4207-b497-059bef413d6b@group-1FD284F46611-SegmentedRaftLogWorker close()
2021-07-28 08:37:30,069 [ForkJoinPool.commonPool-worker-0] INFO  server.RaftServer$Division (RaftServerImpl.java:lambda$close$4(407)) - a207c4d7-e778-4207-b497-059bef413d6b@group-B1B94AC013EA: shutdown
2021-07-28 08:37:30,069 [ForkJoinPool.commonPool-worker-0] INFO  util.JmxRegister (JmxRegister.java:unregister(73)) - Successfully un-registered JMX Bean with object name Ratis:service=RaftServer,group=group-B1B94AC013EA,id=a207c4d7-e778-4207-b497-059bef413d6b
2021-07-28 08:37:30,069 [ForkJoinPool.commonPool-worker-0] INFO  impl.RoleInfo (RoleInfo.java:shutdownLeaderState(91)) - a207c4d7-e778-4207-b497-059bef413d6b: shutdown a207c4d7-e778-4207-b497-059bef413d6b@group-B1B94AC013EA-LeaderStateImpl
2021-07-28 08:37:30,069 [ForkJoinPool.commonPool-worker-0] INFO  impl.PendingRequests (PendingRequests.java:sendNotLeaderResponses(249)) - a207c4d7-e778-4207-b497-059bef413d6b@group-B1B94AC013EA-PendingRequests: sendNotLeaderResponses
2021-07-28 08:37:30,070 [ForkJoinPool.commonPool-worker-0] INFO  impl.StateMachineUpdater (StateMachineUpdater.java:stopAndJoin(149)) - a207c4d7-e778-4207-b497-059bef413d6b@group-B1B94AC013EA-StateMachineUpdater: set stopIndex = 0
2021-07-28 08:37:30,070 [Listener at 127.0.0.1/42363] INFO  impl.StateMachineUpdater (StateMachineUpdater.java:stopAndJoin(149)) - 5cf1d98d-61cd-4f7c-aaf3-95502ed3bd06@group-1E774C15F362-StateMachineUpdater: set stopIndex = 0
2021-07-28 08:37:30,071 [5cf1d98d-61cd-4f7c-aaf3-95502ed3bd06@group-1E774C15F362-StateMachineUpdater] INFO  ratis.ContainerStateMachine (ContainerStateMachine.java:takeSnapshot(291)) - group-1E774C15F362: Taking a snapshot at:(t:1, i:0) file /home/runner/work/ozone/ozone/mnt/ozone/hadoop-ozone/integration-test/target/test-dir/MiniOzoneClusterImpl-7b7c0b8f-b3d8-4fbb-9550-cea541527f6c/datanode-5/data/ratis/94bc9abb-7272-403a-ab5d-1e774c15f362/sm/snapshot.1_0
2021-07-28 08:37:30,071 [a207c4d7-e778-4207-b497-059bef413d6b@group-B1B94AC013EA-StateMachineUpdater] INFO  ratis.ContainerStateMachine (ContainerStateMachine.java:takeSnapshot(291)) - group-B1B94AC013EA: Taking a snapshot at:(t:1, i:0) file /home/runner/work/ozone/ozone/mnt/ozone/hadoop-ozone/integration-test/target/test-dir/MiniOzoneClusterImpl-7b7c0b8f-b3d8-4fbb-9550-cea541527f6c/datanode-3/data/ratis/401132e7-97ea-4585-b7a3-b1b94ac013ea/sm/snapshot.1_0
2021-07-28 08:37:30,071 [5cf1d98d-61cd-4f7c-aaf3-95502ed3bd06@group-1E774C15F362-StateMachineUpdater] INFO  ratis.ContainerStateMachine (ContainerStateMachine.java:takeSnapshot(302)) - group-1E774C15F362: Finished taking a snapshot at:(t:1, i:0) file:/home/runner/work/ozone/ozone/mnt/ozone/hadoop-ozone/integration-test/target/test-dir/MiniOzoneClusterImpl-7b7c0b8f-b3d8-4fbb-9550-cea541527f6c/datanode-5/data/ratis/94bc9abb-7272-403a-ab5d-1e774c15f362/sm/snapshot.1_0 took: 1 ms
2021-07-28 08:37:30,072 [5cf1d98d-61cd-4f7c-aaf3-95502ed3bd06@group-1E774C15F362-StateMachineUpdater] INFO  impl.StateMachineUpdater (StateMachineUpdater.java:takeSnapshot(281)) - 5cf1d98d-61cd-4f7c-aaf3-95502ed3bd06@group-1E774C15F362-StateMachineUpdater: Took a snapshot at index 0
2021-07-28 08:37:30,072 [5cf1d98d-61cd-4f7c-aaf3-95502ed3bd06@group-1E774C15F362-StateMachineUpdater] INFO  impl.StateMachineUpdater (StateMachineUpdater.java:lambda$new$0(89)) - 5cf1d98d-61cd-4f7c-aaf3-95502ed3bd06@group-1E774C15F362-StateMachineUpdater: snapshotIndex: updateIncreasingly -1 -> 0
2021-07-28 08:37:30,072 [Listener at 127.0.0.1/42363] INFO  server.RaftServer$Division (ServerState.java:close(419)) - 5cf1d98d-61cd-4f7c-aaf3-95502ed3bd06@group-1E774C15F362: closes. applyIndex: 0
2021-07-28 08:37:30,072 [5cf1d98d-61cd-4f7c-aaf3-95502ed3bd06@group-1E774C15F362-SegmentedRaftLogWorker] INFO  segmented.SegmentedRaftLogWorker (SegmentedRaftLogWorker.java:run(327)) - 5cf1d98d-61cd-4f7c-aaf3-95502ed3bd06@group-1E774C15F362-SegmentedRaftLogWorker was interrupted, exiting. There are 0 tasks remaining in the queue.
2021-07-28 08:37:30,073 [a207c4d7-e778-4207-b497-059bef413d6b@group-B1B94AC013EA-StateMachineUpdater] INFO  ratis.ContainerStateMachine (ContainerStateMachine.java:takeSnapshot(302)) - group-B1B94AC013EA: Finished taking a snapshot at:(t:1, i:0) file:/home/runner/work/ozone/ozone/mnt/ozone/hadoop-ozone/integration-test/target/test-dir/MiniOzoneClusterImpl-7b7c0b8f-b3d8-4fbb-9550-cea541527f6c/datanode-3/data/ratis/401132e7-97ea-4585-b7a3-b1b94ac013ea/sm/snapshot.1_0 took: 3 ms
2021-07-28 08:37:30,073 [Listener at 127.0.0.1/42363] INFO  segmented.SegmentedRaftLogWorker (SegmentedRaftLogWorker.java:close(237)) - 5cf1d98d-61cd-4f7c-aaf3-95502ed3bd06@group-1E774C15F362-SegmentedRaftLogWorker close()
2021-07-28 08:37:30,073 [a207c4d7-e778-4207-b497-059bef413d6b@group-B1B94AC013EA-StateMachineUpdater] INFO  impl.StateMachineUpdater (StateMachineUpdater.java:takeSnapshot(281)) - a207c4d7-e778-4207-b497-059bef413d6b@group-B1B94AC013EA-StateMachineUpdater: Took a snapshot at index 0
2021-07-28 08:37:30,073 [a207c4d7-e778-4207-b497-059bef413d6b@group-B1B94AC013EA-StateMachineUpdater] INFO  impl.StateMachineUpdater (StateMachineUpdater.java:lambda$new$0(89)) - a207c4d7-e778-4207-b497-059bef413d6b@group-B1B94AC013EA-StateMachineUpdater: snapshotIndex: updateIncreasingly -1 -> 0
2021-07-28 08:37:30,074 [ForkJoinPool.commonPool-worker-0] INFO  server.RaftServer$Division (ServerState.java:close(419)) - a207c4d7-e778-4207-b497-059bef413d6b@group-B1B94AC013EA: closes. applyIndex: 0
2021-07-28 08:37:30,074 [a207c4d7-e778-4207-b497-059bef413d6b@group-B1B94AC013EA-SegmentedRaftLogWorker] INFO  segmented.SegmentedRaftLogWorker (SegmentedRaftLogWorker.java:run(327)) - a207c4d7-e778-4207-b497-059bef413d6b@group-B1B94AC013EA-SegmentedRaftLogWorker was interrupted, exiting. There are 0 tasks remaining in the queue.
2021-07-28 08:37:30,075 [ForkJoinPool.commonPool-worker-0] INFO  segmented.SegmentedRaftLogWorker (SegmentedRaftLogWorker.java:close(237)) - a207c4d7-e778-4207-b497-059bef413d6b@group-B1B94AC013EA-SegmentedRaftLogWorker close()
2021-07-28 08:37:30,077 [Listener at 127.0.0.1/42363] INFO  server.GrpcService (GrpcService.java:closeImpl(262)) - 5cf1d98d-61cd-4f7c-aaf3-95502ed3bd06: shutdown server with port 41113 now
2021-07-28 08:37:30,078 [ForkJoinPool.commonPool-worker-0] INFO  server.GrpcService (GrpcService.java:closeImpl(262)) - a207c4d7-e778-4207-b497-059bef413d6b: shutdown server with port 37517 now
2021-07-28 08:37:30,080 [Listener at 127.0.0.1/42363] INFO  server.GrpcService (GrpcService.java:closeImpl(271)) - 5cf1d98d-61cd-4f7c-aaf3-95502ed3bd06: shutdown server with port 41113 successfully
2021-07-28 08:37:30,080 [org.apache.ratis.util.JvmPauseMonitor$$Lambda$526/290161071@612175fb] INFO  util.JvmPauseMonitor (JvmPauseMonitor.java:run(109)) - JvmPauseMonitor-5cf1d98d-61cd-4f7c-aaf3-95502ed3bd06: Stopped
2021-07-28 08:37:30,081 [Listener at 127.0.0.1/42363] INFO  utils.BackgroundService (BackgroundService.java:shutdown(132)) - Shutting down service BlockDeletingService
2021-07-28 08:37:30,086 [Listener at 127.0.0.1/42363] INFO  statemachine.DatanodeStateMachine (DatanodeStateMachine.java:stopDaemon(514)) - Ozone container server stopped.
2021-07-28 08:37:30,086 [Listener at 127.0.0.1/42363] INFO  handler.ContextHandler (ContextHandler.java:doStop(1154)) - Stopped o.e.j.w.WebAppContext@45c8a5ff{hddsDatanode,/,null,STOPPED}{jar:file:/home/runner/.m2/repository/org/apache/ozone/hdds-container-service/1.2.0-SNAPSHOT/hdds-container-service-1.2.0-SNAPSHOT.jar!/webapps/hddsDatanode}
2021-07-28 08:37:30,088 [Listener at 127.0.0.1/42363] INFO  server.AbstractConnector (AbstractConnector.java:doStop(381)) - Stopped ServerConnector@41a40eb9{HTTP/1.1, (http/1.1)}{0.0.0.0:0}
2021-07-28 08:37:30,088 [Listener at 127.0.0.1/42363] INFO  server.session (HouseKeeper.java:stopScavenging(149)) - node0 Stopped scavenging
2021-07-28 08:37:30,088 [Listener at 127.0.0.1/42363] INFO  handler.ContextHandler (ContextHandler.java:doStop(1154)) - Stopped o.e.j.s.ServletContextHandler@52dbfddc{static,/static,jar:file:/home/runner/.m2/repository/org/apache/ozone/hdds-container-service/1.2.0-SNAPSHOT/hdds-container-service-1.2.0-SNAPSHOT.jar!/webapps/static,STOPPED}
2021-07-28 08:37:30,088 [Listener at 127.0.0.1/42363] INFO  handler.ContextHandler (ContextHandler.java:doStop(1154)) - Stopped o.e.j.s.ServletContextHandler@24fb4c85{logs,/logs,file:///home/runner/work/ozone/ozone/mnt/ozone/hadoop-ozone/integration-test/target/log,STOPPED}
2021-07-28 08:37:30,089 [ForkJoinPool.commonPool-worker-0] INFO  server.GrpcService (GrpcService.java:closeImpl(271)) - a207c4d7-e778-4207-b497-059bef413d6b: shutdown server with port 37517 successfully
2021-07-28 08:37:30,089 [org.apache.ratis.util.JvmPauseMonitor$$Lambda$526/290161071@5ac247ad] INFO  util.JvmPauseMonitor (JvmPauseMonitor.java:run(109)) - JvmPauseMonitor-a207c4d7-e778-4207-b497-059bef413d6b: Stopped
2021-07-28 08:37:30,093 [ForkJoinPool.commonPool-worker-0] INFO  utils.BackgroundService (BackgroundService.java:shutdown(132)) - Shutting down service BlockDeletingService
2021-07-28 08:37:30,093 [ForkJoinPool.commonPool-worker-0] INFO  statemachine.DatanodeStateMachine (DatanodeStateMachine.java:stopDaemon(514)) - Ozone container server stopped.
2021-07-28 08:37:30,095 [ForkJoinPool.commonPool-worker-0] INFO  handler.ContextHandler (ContextHandler.java:doStop(1154)) - Stopped o.e.j.w.WebAppContext@1ec94ffd{hddsDatanode,/,null,STOPPED}{jar:file:/home/runner/.m2/repository/org/apache/ozone/hdds-container-service/1.2.0-SNAPSHOT/hdds-container-service-1.2.0-SNAPSHOT.jar!/webapps/hddsDatanode}
2021-07-28 08:37:30,096 [ForkJoinPool.commonPool-worker-0] INFO  server.AbstractConnector (AbstractConnector.java:doStop(381)) - Stopped ServerConnector@3b577a6a{HTTP/1.1, (http/1.1)}{0.0.0.0:0}
2021-07-28 08:37:30,096 [ForkJoinPool.commonPool-worker-0] INFO  server.session (HouseKeeper.java:stopScavenging(149)) - node0 Stopped scavenging
2021-07-28 08:37:30,096 [ForkJoinPool.commonPool-worker-0] INFO  handler.ContextHandler (ContextHandler.java:doStop(1154)) - Stopped o.e.j.s.ServletContextHandler@62faf45f{static,/static,jar:file:/home/runner/.m2/repository/org/apache/ozone/hdds-container-service/1.2.0-SNAPSHOT/hdds-container-service-1.2.0-SNAPSHOT.jar!/webapps/static,STOPPED}
2021-07-28 08:37:30,097 [ForkJoinPool.commonPool-worker-0] INFO  handler.ContextHandler (ContextHandler.java:doStop(1154)) - Stopped o.e.j.s.ServletContextHandler@8304ff0{logs,/logs,file:///home/runner/work/ozone/ozone/mnt/ozone/hadoop-ozone/integration-test/target/log,STOPPED}
2021-07-28 08:37:30,216 [Datanode State Machine Thread - 0] INFO  statemachine.DatanodeStateMachine (DatanodeStateMachine.java:lambda$startDaemon$0(456)) - Ozone container server started.
2021-07-28 08:37:30,411 [5adaab23-8dc1-4fdb-be6f-dc28f4219fad@group-D95E40A13D84-FollowerState] INFO  impl.FollowerState (FollowerState.java:run(134)) - 5adaab23-8dc1-4fdb-be6f-dc28f4219fad@group-D95E40A13D84-FollowerState: change to CANDIDATE, lastRpcElapsedTime:5110631320ns, electionTimeout:5110ms
2021-07-28 08:37:30,411 [5adaab23-8dc1-4fdb-be6f-dc28f4219fad@group-D95E40A13D84-FollowerState] INFO  impl.RoleInfo (RoleInfo.java:shutdownFollowerState(108)) - 5adaab23-8dc1-4fdb-be6f-dc28f4219fad: shutdown 5adaab23-8dc1-4fdb-be6f-dc28f4219fad@group-D95E40A13D84-FollowerState
2021-07-28 08:37:30,411 [5adaab23-8dc1-4fdb-be6f-dc28f4219fad@group-D95E40A13D84-FollowerState] INFO  server.RaftServer$Division (RaftServerImpl.java:setRole(285)) - 5adaab23-8dc1-4fdb-be6f-dc28f4219fad@group-D95E40A13D84: changes role from  FOLLOWER to CANDIDATE at term 4 for changeToCandidate
2021-07-28 08:37:30,411 [5adaab23-8dc1-4fdb-be6f-dc28f4219fad@group-D95E40A13D84-FollowerState] INFO  server.RaftServerConfigKeys (ConfUtils.java:logGet(44)) - raft.server.leaderelection.pre-vote = false (custom)
2021-07-28 08:37:30,411 [5adaab23-8dc1-4fdb-be6f-dc28f4219fad@group-D95E40A13D84-FollowerState] INFO  impl.RoleInfo (RoleInfo.java:updateAndGet(130)) - 5adaab23-8dc1-4fdb-be6f-dc28f4219fad: start 5adaab23-8dc1-4fdb-be6f-dc28f4219fad@group-D95E40A13D84-LeaderElection79
2021-07-28 08:37:30,414 [5adaab23-8dc1-4fdb-be6f-dc28f4219fad@group-D95E40A13D84-LeaderElection79] INFO  impl.LeaderElection (LeaderElection.java:askForVotes(306)) - 5adaab23-8dc1-4fdb-be6f-dc28f4219fad@group-D95E40A13D84-LeaderElection79 ELECTION round 0: submit vote requests at term 5 for -1: [954c2539-c430-4abc-b152-2157e37527ee|rpc:10.1.0.59:36295|dataStream:|priority:1, 5adaab23-8dc1-4fdb-be6f-dc28f4219fad|rpc:10.1.0.59:40175|dataStream:|priority:0, 81ffaf6e-1a0b-4e8d-b763-a17fba998bf8|rpc:10.1.0.59:40745|dataStream:|priority:0], old=null
2021-07-28 08:37:30,417 [grpc-default-executor-1] INFO  server.RaftServer$Division (RaftServerImpl.java:requestVote(1043)) - 954c2539-c430-4abc-b152-2157e37527ee@group-D95E40A13D84: receive requestVote(ELECTION, 5adaab23-8dc1-4fdb-be6f-dc28f4219fad, group-D95E40A13D84, 5, (t:0, i:0))
2021-07-28 08:37:30,417 [grpc-default-executor-1] INFO  impl.VoteContext (VoteContext.java:log(48)) - 954c2539-c430-4abc-b152-2157e37527ee@group-D95E40A13D84-FOLLOWER: reject ELECTION from 5adaab23-8dc1-4fdb-be6f-dc28f4219fad: our priority 1 > candidate's priority 0
2021-07-28 08:37:30,417 [grpc-default-executor-1] INFO  server.RaftServer$Division (RaftServerImpl.java:setRole(285)) - 954c2539-c430-4abc-b152-2157e37527ee@group-D95E40A13D84: changes role from  FOLLOWER to FOLLOWER at term 5 for candidate:5adaab23-8dc1-4fdb-be6f-dc28f4219fad
2021-07-28 08:37:30,417 [grpc-default-executor-1] INFO  impl.RoleInfo (RoleInfo.java:shutdownFollowerState(108)) - 954c2539-c430-4abc-b152-2157e37527ee: shutdown 954c2539-c430-4abc-b152-2157e37527ee@group-D95E40A13D84-FollowerState
2021-07-28 08:37:30,417 [grpc-default-executor-1] INFO  impl.RoleInfo (RoleInfo.java:updateAndGet(130)) - 954c2539-c430-4abc-b152-2157e37527ee: start 954c2539-c430-4abc-b152-2157e37527ee@group-D95E40A13D84-FollowerState
2021-07-28 08:37:30,417 [954c2539-c430-4abc-b152-2157e37527ee@group-D95E40A13D84-FollowerState] INFO  impl.FollowerState (FollowerState.java:run(143)) - 954c2539-c430-4abc-b152-2157e37527ee@group-D95E40A13D84-FollowerState was interrupted: {}
java.lang.InterruptedException: sleep interrupted
	at java.lang.Thread.sleep(Native Method)
	at java.lang.Thread.sleep(Thread.java:340)
	at java.util.concurrent.TimeUnit.sleep(TimeUnit.java:386)
	at org.apache.ratis.util.TimeDuration.sleep(TimeDuration.java:324)
	at org.apache.ratis.util.TimeDuration.sleep(TimeDuration.java:309)
	at org.apache.ratis.server.impl.FollowerState.run(FollowerState.java:118)
2021-07-28 08:37:30,419 [grpc-default-executor-1] INFO  server.RaftServer$Division (RaftServerImpl.java:requestVote(1075)) - 954c2539-c430-4abc-b152-2157e37527ee@group-D95E40A13D84 replies to ELECTION vote request: 5adaab23-8dc1-4fdb-be6f-dc28f4219fad<-954c2539-c430-4abc-b152-2157e37527ee#0:FAIL-t5. Peer's state: 954c2539-c430-4abc-b152-2157e37527ee@group-D95E40A13D84:t5, leader=null, voted=null, raftlog=954c2539-c430-4abc-b152-2157e37527ee@group-D95E40A13D84-SegmentedRaftLog:OPENED:c-1,f-1,i0, conf=-1: [954c2539-c430-4abc-b152-2157e37527ee|rpc:10.1.0.59:36295|priority:1, 5adaab23-8dc1-4fdb-be6f-dc28f4219fad|rpc:10.1.0.59:40175|priority:0, 81ffaf6e-1a0b-4e8d-b763-a17fba998bf8|rpc:10.1.0.59:40745|priority:0], old=null
2021-07-28 08:37:30,420 [5adaab23-8dc1-4fdb-be6f-dc28f4219fad@group-D95E40A13D84-LeaderElection79] INFO  impl.LeaderElection (LeaderElection.java:logAndReturn(89)) - 5adaab23-8dc1-4fdb-be6f-dc28f4219fad@group-D95E40A13D84-LeaderElection79: ELECTION REJECTED received 1 response(s) and 0 exception(s):
2021-07-28 08:37:30,420 [5adaab23-8dc1-4fdb-be6f-dc28f4219fad@group-D95E40A13D84-LeaderElection79] INFO  impl.LeaderElection (LeaderElection.java:logAndReturn(93)) -   Response 0: 5adaab23-8dc1-4fdb-be6f-dc28f4219fad<-954c2539-c430-4abc-b152-2157e37527ee#0:FAIL-t5
2021-07-28 08:37:30,420 [5adaab23-8dc1-4fdb-be6f-dc28f4219fad@group-D95E40A13D84-LeaderElection79] INFO  impl.LeaderElection (LeaderElection.java:askForVotes(308)) - 5adaab23-8dc1-4fdb-be6f-dc28f4219fad@group-D95E40A13D84-LeaderElection79 ELECTION round 0: result REJECTED
2021-07-28 08:37:30,420 [5adaab23-8dc1-4fdb-be6f-dc28f4219fad@group-D95E40A13D84-LeaderElection79] INFO  server.RaftServer$Division (RaftServerImpl.java:setRole(285)) - 5adaab23-8dc1-4fdb-be6f-dc28f4219fad@group-D95E40A13D84: changes role from CANDIDATE to FOLLOWER at term 5 for REJECTED
2021-07-28 08:37:30,420 [5adaab23-8dc1-4fdb-be6f-dc28f4219fad@group-D95E40A13D84-LeaderElection79] INFO  impl.RoleInfo (RoleInfo.java:shutdownLeaderElection(121)) - 5adaab23-8dc1-4fdb-be6f-dc28f4219fad: shutdown 5adaab23-8dc1-4fdb-be6f-dc28f4219fad@group-D95E40A13D84-LeaderElection79
2021-07-28 08:37:30,420 [5adaab23-8dc1-4fdb-be6f-dc28f4219fad@group-D95E40A13D84-LeaderElection79] INFO  impl.RoleInfo (RoleInfo.java:updateAndGet(130)) - 5adaab23-8dc1-4fdb-be6f-dc28f4219fad: start 5adaab23-8dc1-4fdb-be6f-dc28f4219fad@group-D95E40A13D84-FollowerState
2021-07-28 08:37:30,423 [grpc-default-executor-1] INFO  server.RaftServer$Division (RaftServerImpl.java:requestVote(1043)) - 81ffaf6e-1a0b-4e8d-b763-a17fba998bf8@group-D95E40A13D84: receive requestVote(ELECTION, 5adaab23-8dc1-4fdb-be6f-dc28f4219fad, group-D95E40A13D84, 5, (t:0, i:0))
2021-07-28 08:37:30,423 [grpc-default-executor-1] INFO  impl.VoteContext (VoteContext.java:log(48)) - 81ffaf6e-1a0b-4e8d-b763-a17fba998bf8@group-D95E40A13D84-FOLLOWER: accept ELECTION from 5adaab23-8dc1-4fdb-be6f-dc28f4219fad: our priority 0 <= candidate's priority 0
2021-07-28 08:37:30,424 [grpc-default-executor-1] INFO  server.RaftServer$Division (RaftServerImpl.java:setRole(285)) - 81ffaf6e-1a0b-4e8d-b763-a17fba998bf8@group-D95E40A13D84: changes role from  FOLLOWER to FOLLOWER at term 5 for candidate:5adaab23-8dc1-4fdb-be6f-dc28f4219fad
2021-07-28 08:37:30,424 [grpc-default-executor-1] INFO  impl.RoleInfo (RoleInfo.java:shutdownFollowerState(108)) - 81ffaf6e-1a0b-4e8d-b763-a17fba998bf8: shutdown 81ffaf6e-1a0b-4e8d-b763-a17fba998bf8@group-D95E40A13D84-FollowerState
2021-07-28 08:37:30,424 [grpc-default-executor-1] INFO  impl.RoleInfo (RoleInfo.java:updateAndGet(130)) - 81ffaf6e-1a0b-4e8d-b763-a17fba998bf8: start 81ffaf6e-1a0b-4e8d-b763-a17fba998bf8@group-D95E40A13D84-FollowerState
2021-07-28 08:37:30,424 [81ffaf6e-1a0b-4e8d-b763-a17fba998bf8@group-D95E40A13D84-FollowerState] INFO  impl.FollowerState (FollowerState.java:run(143)) - 81ffaf6e-1a0b-4e8d-b763-a17fba998bf8@group-D95E40A13D84-FollowerState was interrupted: {}
java.lang.InterruptedException: sleep interrupted
	at java.lang.Thread.sleep(Native Method)
	at java.lang.Thread.sleep(Thread.java:340)
	at java.util.concurrent.TimeUnit.sleep(TimeUnit.java:386)
	at org.apache.ratis.util.TimeDuration.sleep(TimeDuration.java:324)
	at org.apache.ratis.util.TimeDuration.sleep(TimeDuration.java:309)
	at org.apache.ratis.server.impl.FollowerState.run(FollowerState.java:118)
2021-07-28 08:37:30,426 [grpc-default-executor-1] INFO  server.RaftServer$Division (RaftServerImpl.java:requestVote(1075)) - 81ffaf6e-1a0b-4e8d-b763-a17fba998bf8@group-D95E40A13D84 replies to ELECTION vote request: 5adaab23-8dc1-4fdb-be6f-dc28f4219fad<-81ffaf6e-1a0b-4e8d-b763-a17fba998bf8#0:OK-t5. Peer's state: 81ffaf6e-1a0b-4e8d-b763-a17fba998bf8@group-D95E40A13D84:t5, leader=null, voted=5adaab23-8dc1-4fdb-be6f-dc28f4219fad, raftlog=81ffaf6e-1a0b-4e8d-b763-a17fba998bf8@group-D95E40A13D84-SegmentedRaftLog:OPENED:c-1,f-1,i0, conf=-1: [954c2539-c430-4abc-b152-2157e37527ee|rpc:10.1.0.59:36295|dataStream:|priority:1, 5adaab23-8dc1-4fdb-be6f-dc28f4219fad|rpc:10.1.0.59:40175|dataStream:|priority:0, 81ffaf6e-1a0b-4e8d-b763-a17fba998bf8|rpc:10.1.0.59:40745|dataStream:|priority:0], old=null
2021-07-28 08:37:30,980 [Datanode State Machine Thread - 0] INFO  statemachine.DatanodeStateMachine (DatanodeStateMachine.java:lambda$startDaemon$0(456)) - Ozone container server started.
2021-07-28 08:37:34,578 [d20c9192-b22d-4378-befe-a66526543a88@group-82F261664D2A-FollowerState] INFO  impl.FollowerState (FollowerState.java:run(134)) - d20c9192-b22d-4378-befe-a66526543a88@group-82F261664D2A-FollowerState: change to CANDIDATE, lastRpcElapsedTime:10071919573ns, electionTimeout:5100ms
2021-07-28 08:37:34,578 [d20c9192-b22d-4378-befe-a66526543a88@group-82F261664D2A-FollowerState] INFO  impl.RoleInfo (RoleInfo.java:shutdownFollowerState(108)) - d20c9192-b22d-4378-befe-a66526543a88: shutdown d20c9192-b22d-4378-befe-a66526543a88@group-82F261664D2A-FollowerState
2021-07-28 08:37:34,578 [d20c9192-b22d-4378-befe-a66526543a88@group-82F261664D2A-FollowerState] INFO  server.RaftServer$Division (RaftServerImpl.java:setRole(285)) - d20c9192-b22d-4378-befe-a66526543a88@group-82F261664D2A: changes role from  FOLLOWER to CANDIDATE at term 5 for changeToCandidate
2021-07-28 08:37:34,578 [d20c9192-b22d-4378-befe-a66526543a88@group-82F261664D2A-FollowerState] INFO  server.RaftServerConfigKeys (ConfUtils.java:logGet(44)) - raft.server.leaderelection.pre-vote = false (custom)
2021-07-28 08:37:34,578 [d20c9192-b22d-4378-befe-a66526543a88@group-82F261664D2A-FollowerState] INFO  impl.RoleInfo (RoleInfo.java:updateAndGet(130)) - d20c9192-b22d-4378-befe-a66526543a88: start d20c9192-b22d-4378-befe-a66526543a88@group-82F261664D2A-LeaderElection80
2021-07-28 08:37:34,578 [d20c9192-b22d-4378-befe-a66526543a88@group-82F261664D2A-LeaderElection80] INFO  server.RaftServer$Division (ServerState.java:setLeader(285)) - d20c9192-b22d-4378-befe-a66526543a88@group-82F261664D2A: change Leader from 3eacac38-fa6c-439b-bf72-bbc3b8f2ba66 to null at term 5 for ELECTION
2021-07-28 08:37:34,580 [d20c9192-b22d-4378-befe-a66526543a88@group-82F261664D2A-LeaderElection80] INFO  impl.LeaderElection (LeaderElection.java:askForVotes(306)) - d20c9192-b22d-4378-befe-a66526543a88@group-82F261664D2A-LeaderElection80 ELECTION round 0: submit vote requests at term 6 for 1: [b7359b5d-2f96-41df-9094-9722a03cb7a4|rpc:10.1.0.59:35585|dataStream:|priority:0, d20c9192-b22d-4378-befe-a66526543a88|rpc:10.1.0.59:35025|dataStream:|priority:0, 3eacac38-fa6c-439b-bf72-bbc3b8f2ba66|rpc:10.1.0.59:37715|dataStream:|priority:1], old=null
2021-07-28 08:37:34,584 [grpc-default-executor-1] INFO  server.RaftServer$Division (RaftServerImpl.java:requestVote(1043)) - b7359b5d-2f96-41df-9094-9722a03cb7a4@group-82F261664D2A: receive requestVote(ELECTION, d20c9192-b22d-4378-befe-a66526543a88, group-82F261664D2A, 6, (t:5, i:2))
2021-07-28 08:37:34,585 [grpc-default-executor-1] INFO  impl.VoteContext (VoteContext.java:log(48)) - b7359b5d-2f96-41df-9094-9722a03cb7a4@group-82F261664D2A-FOLLOWER: accept ELECTION from d20c9192-b22d-4378-befe-a66526543a88: our priority 0 <= candidate's priority 0
2021-07-28 08:37:34,585 [grpc-default-executor-1] INFO  server.RaftServer$Division (ServerState.java:setLeader(285)) - b7359b5d-2f96-41df-9094-9722a03cb7a4@group-82F261664D2A: change Leader from 3eacac38-fa6c-439b-bf72-bbc3b8f2ba66 to null at term 6 for updateCurrentTerm
2021-07-28 08:37:34,585 [d20c9192-b22d-4378-befe-a66526543a88@group-82F261664D2A-LeaderElection80] INFO  impl.LeaderElection (LogUtils.java:infoOrTrace(137)) - d20c9192-b22d-4378-befe-a66526543a88@group-82F261664D2A-LeaderElection80 got exception when requesting votes: java.util.concurrent.ExecutionException: org.apache.ratis.thirdparty.io.grpc.StatusRuntimeException: UNAVAILABLE: io exception
2021-07-28 08:37:34,585 [grpc-default-executor-1] INFO  server.RaftServer$Division (RaftServerImpl.java:setRole(285)) - b7359b5d-2f96-41df-9094-9722a03cb7a4@group-82F261664D2A: changes role from  FOLLOWER to FOLLOWER at term 6 for candidate:d20c9192-b22d-4378-befe-a66526543a88
2021-07-28 08:37:34,585 [grpc-default-executor-1] INFO  impl.RoleInfo (RoleInfo.java:shutdownFollowerState(108)) - b7359b5d-2f96-41df-9094-9722a03cb7a4: shutdown b7359b5d-2f96-41df-9094-9722a03cb7a4@group-82F261664D2A-FollowerState
2021-07-28 08:37:34,585 [grpc-default-executor-1] INFO  impl.RoleInfo (RoleInfo.java:updateAndGet(130)) - b7359b5d-2f96-41df-9094-9722a03cb7a4: start b7359b5d-2f96-41df-9094-9722a03cb7a4@group-82F261664D2A-FollowerState
2021-07-28 08:37:34,585 [b7359b5d-2f96-41df-9094-9722a03cb7a4@group-82F261664D2A-FollowerState] INFO  impl.FollowerState (FollowerState.java:run(143)) - b7359b5d-2f96-41df-9094-9722a03cb7a4@group-82F261664D2A-FollowerState was interrupted: {}
java.lang.InterruptedException: sleep interrupted
	at java.lang.Thread.sleep(Native Method)
	at java.lang.Thread.sleep(Thread.java:340)
	at java.util.concurrent.TimeUnit.sleep(TimeUnit.java:386)
	at org.apache.ratis.util.TimeDuration.sleep(TimeDuration.java:324)
	at org.apache.ratis.util.TimeDuration.sleep(TimeDuration.java:309)
	at org.apache.ratis.server.impl.FollowerState.run(FollowerState.java:118)
2021-07-28 08:37:34,587 [grpc-default-executor-1] INFO  server.RaftServer$Division (RaftServerImpl.java:requestVote(1075)) - b7359b5d-2f96-41df-9094-9722a03cb7a4@group-82F261664D2A replies to ELECTION vote request: d20c9192-b22d-4378-befe-a66526543a88<-b7359b5d-2f96-41df-9094-9722a03cb7a4#0:OK-t6. Peer's state: b7359b5d-2f96-41df-9094-9722a03cb7a4@group-82F261664D2A:t6, leader=null, voted=d20c9192-b22d-4378-befe-a66526543a88, raftlog=b7359b5d-2f96-41df-9094-9722a03cb7a4@group-82F261664D2A-SegmentedRaftLog:OPENED:c1,f2,i2, conf=1: [b7359b5d-2f96-41df-9094-9722a03cb7a4|rpc:10.1.0.59:35585|dataStream:|priority:0, d20c9192-b22d-4378-befe-a66526543a88|rpc:10.1.0.59:35025|dataStream:|priority:0, 3eacac38-fa6c-439b-bf72-bbc3b8f2ba66|rpc:10.1.0.59:37715|dataStream:|priority:1], old=null
2021-07-28 08:37:34,587 [d20c9192-b22d-4378-befe-a66526543a88@group-82F261664D2A-LeaderElection80] INFO  impl.LeaderElection (LeaderElection.java:logAndReturn(89)) - d20c9192-b22d-4378-befe-a66526543a88@group-82F261664D2A-LeaderElection80: ELECTION PASSED received 1 response(s) and 1 exception(s):
2021-07-28 08:37:34,588 [d20c9192-b22d-4378-befe-a66526543a88@group-82F261664D2A-LeaderElection80] INFO  impl.LeaderElection (LeaderElection.java:logAndReturn(93)) -   Response 0: d20c9192-b22d-4378-befe-a66526543a88<-b7359b5d-2f96-41df-9094-9722a03cb7a4#0:OK-t6
2021-07-28 08:37:34,588 [d20c9192-b22d-4378-befe-a66526543a88@group-82F261664D2A-LeaderElection80] INFO  impl.LeaderElection (LogUtils.java:infoOrTrace(137)) -   Exception 1: java.util.concurrent.ExecutionException: org.apache.ratis.thirdparty.io.grpc.StatusRuntimeException: UNAVAILABLE: io exception
2021-07-28 08:37:34,588 [d20c9192-b22d-4378-befe-a66526543a88@group-82F261664D2A-LeaderElection80] INFO  impl.LeaderElection (LeaderElection.java:askForVotes(308)) - d20c9192-b22d-4378-befe-a66526543a88@group-82F261664D2A-LeaderElection80 ELECTION round 0: result PASSED
2021-07-28 08:37:34,588 [d20c9192-b22d-4378-befe-a66526543a88@group-82F261664D2A-LeaderElection80] INFO  impl.RoleInfo (RoleInfo.java:shutdownLeaderElection(121)) - d20c9192-b22d-4378-befe-a66526543a88: shutdown d20c9192-b22d-4378-befe-a66526543a88@group-82F261664D2A-LeaderElection80
2021-07-28 08:37:34,588 [d20c9192-b22d-4378-befe-a66526543a88@group-82F261664D2A-LeaderElection80] INFO  server.RaftServer$Division (RaftServerImpl.java:setRole(285)) - d20c9192-b22d-4378-befe-a66526543a88@group-82F261664D2A: changes role from CANDIDATE to LEADER at term 6 for changeToLeader
2021-07-28 08:37:34,588 [d20c9192-b22d-4378-befe-a66526543a88@group-82F261664D2A-LeaderElection80] INFO  ratis.XceiverServerRatis (XceiverServerRatis.java:handleLeaderChangedNotification(857)) - Leader change notification received for group: group-82F261664D2A with new leaderId: d20c9192-b22d-4378-befe-a66526543a88
2021-07-28 08:37:34,588 [d20c9192-b22d-4378-befe-a66526543a88@group-82F261664D2A-LeaderElection80] INFO  server.RaftServer$Division (ServerState.java:setLeader(285)) - d20c9192-b22d-4378-befe-a66526543a88@group-82F261664D2A: change Leader from null to d20c9192-b22d-4378-befe-a66526543a88 at term 6 for becomeLeader, leader elected after 9ms
2021-07-28 08:37:34,588 [d20c9192-b22d-4378-befe-a66526543a88@group-82F261664D2A-LeaderElection80] INFO  server.RaftServerConfigKeys (ConfUtils.java:logGet(44)) - raft.server.staging.catchup.gap = 1000 (default)
2021-07-28 08:37:34,588 [d20c9192-b22d-4378-befe-a66526543a88@group-82F261664D2A-LeaderElection80] INFO  server.RaftServerConfigKeys (ConfUtils.java:logGet(44)) - raft.server.write.element-limit = 1024 (custom)
2021-07-28 08:37:34,588 [d20c9192-b22d-4378-befe-a66526543a88@group-82F261664D2A-LeaderElection80] INFO  server.RaftServerConfigKeys (ConfUtils.java:logGet(44)) - raft.server.write.byte-limit = 1073741824 (custom)
2021-07-28 08:37:34,589 [d20c9192-b22d-4378-befe-a66526543a88@group-82F261664D2A-LeaderElection80] INFO  server.RaftServerConfigKeys (ConfUtils.java:logGet(44)) - raft.server.watch.timeout = 3000ms (custom)
2021-07-28 08:37:34,589 [d20c9192-b22d-4378-befe-a66526543a88@group-82F261664D2A-LeaderElection80] INFO  server.RaftServerConfigKeys (ConfUtils.java:logGet(44)) - raft.server.watch.timeout.denomination = 1s (default)
2021-07-28 08:37:34,589 [d20c9192-b22d-4378-befe-a66526543a88@group-82F261664D2A-LeaderElection80] INFO  server.RaftServerConfigKeys (ConfUtils.java:logGet(44)) - raft.server.watch.element-limit = 65536 (default)
2021-07-28 08:37:34,589 [d20c9192-b22d-4378-befe-a66526543a88@group-82F261664D2A-LeaderElection80] INFO  server.RaftServerConfigKeys (ConfUtils.java:logGet(44)) - raft.server.log.appender.snapshot.chunk.size.max = 16MB (=16777216) (default)
2021-07-28 08:37:34,589 [d20c9192-b22d-4378-befe-a66526543a88@group-82F261664D2A-LeaderElection80] INFO  server.RaftServerConfigKeys (ConfUtils.java:logGet(44)) - raft.server.log.appender.buffer.byte-limit = 33554432 (custom)
2021-07-28 08:37:34,589 [d20c9192-b22d-4378-befe-a66526543a88@group-82F261664D2A-LeaderElection80] INFO  server.RaftServerConfigKeys (ConfUtils.java:logGet(44)) - raft.server.log.appender.buffer.element-limit = 1 (custom)
2021-07-28 08:37:34,589 [d20c9192-b22d-4378-befe-a66526543a88@group-82F261664D2A-LeaderElection80] INFO  grpc.GrpcConfigKeys (ConfUtils.java:logGet(44)) - raft.grpc.server.leader.outstanding.appends.max = 128 (default)
2021-07-28 08:37:34,589 [d20c9192-b22d-4378-befe-a66526543a88@group-82F261664D2A-LeaderElection80] INFO  server.RaftServerConfigKeys (ConfUtils.java:logGet(44)) - raft.server.rpc.request.timeout = 3000ms (default)
2021-07-28 08:37:34,589 [d20c9192-b22d-4378-befe-a66526543a88@group-82F261664D2A-LeaderElection80] INFO  server.RaftServerConfigKeys (ConfUtils.java:logGet(44)) - raft.server.log.appender.install.snapshot.enabled = false (custom)
2021-07-28 08:37:34,590 [d20c9192-b22d-4378-befe-a66526543a88@group-82F261664D2A-LeaderElection80] INFO  server.RaftServerConfigKeys (ConfUtils.java:logGet(44)) - raft.server.log.appender.snapshot.chunk.size.max = 16MB (=16777216) (default)
2021-07-28 08:37:34,591 [d20c9192-b22d-4378-befe-a66526543a88@group-82F261664D2A-LeaderElection80] INFO  server.RaftServerConfigKeys (ConfUtils.java:logGet(44)) - raft.server.log.appender.buffer.byte-limit = 33554432 (custom)
2021-07-28 08:37:34,591 [d20c9192-b22d-4378-befe-a66526543a88@group-82F261664D2A-LeaderElection80] INFO  server.RaftServerConfigKeys (ConfUtils.java:logGet(44)) - raft.server.log.appender.buffer.element-limit = 1 (custom)
2021-07-28 08:37:34,591 [d20c9192-b22d-4378-befe-a66526543a88@group-82F261664D2A-LeaderElection80] INFO  grpc.GrpcConfigKeys (ConfUtils.java:logGet(44)) - raft.grpc.server.leader.outstanding.appends.max = 128 (default)
2021-07-28 08:37:34,591 [d20c9192-b22d-4378-befe-a66526543a88@group-82F261664D2A-LeaderElection80] INFO  server.RaftServerConfigKeys (ConfUtils.java:logGet(44)) - raft.server.rpc.request.timeout = 3000ms (default)
2021-07-28 08:37:34,591 [d20c9192-b22d-4378-befe-a66526543a88@group-82F261664D2A-LeaderElection80] INFO  server.RaftServerConfigKeys (ConfUtils.java:logGet(44)) - raft.server.log.appender.install.snapshot.enabled = false (custom)
2021-07-28 08:37:34,592 [d20c9192-b22d-4378-befe-a66526543a88@group-82F261664D2A-LeaderElection80] INFO  impl.RoleInfo (RoleInfo.java:updateAndGet(130)) - d20c9192-b22d-4378-befe-a66526543a88: start d20c9192-b22d-4378-befe-a66526543a88@group-82F261664D2A-LeaderStateImpl
2021-07-28 08:37:34,592 [d20c9192-b22d-4378-befe-a66526543a88@group-82F261664D2A-LeaderElection80] INFO  segmented.SegmentedRaftLogWorker (SegmentedRaftLogWorker.java:rollLogSegment(399)) - d20c9192-b22d-4378-befe-a66526543a88@group-82F261664D2A-SegmentedRaftLogWorker: Rolling segment log-1_2 to index:2
2021-07-28 08:37:34,593 [d20c9192-b22d-4378-befe-a66526543a88@group-82F261664D2A-SegmentedRaftLogWorker] INFO  segmented.SegmentedRaftLogWorker (SegmentedRaftLogWorker.java:execute(558)) - d20c9192-b22d-4378-befe-a66526543a88@group-82F261664D2A-SegmentedRaftLogWorker: Rolled log segment from /home/runner/work/ozone/ozone/mnt/ozone/hadoop-ozone/integration-test/target/test-dir/MiniOzoneClusterImpl-7b7c0b8f-b3d8-4fbb-9550-cea541527f6c/datanode-0/data/ratis/e97822f2-aa76-4768-94e3-82f261664d2a/current/log_inprogress_1 to /home/runner/work/ozone/ozone/mnt/ozone/hadoop-ozone/integration-test/target/test-dir/MiniOzoneClusterImpl-7b7c0b8f-b3d8-4fbb-9550-cea541527f6c/datanode-0/data/ratis/e97822f2-aa76-4768-94e3-82f261664d2a/current/log_1-2
2021-07-28 08:37:34,593 [d20c9192-b22d-4378-befe-a66526543a88@group-82F261664D2A-LeaderElection80] INFO  server.RaftServer$Division (ServerState.java:setRaftConf(387)) - d20c9192-b22d-4378-befe-a66526543a88@group-82F261664D2A: set configuration 3: [b7359b5d-2f96-41df-9094-9722a03cb7a4|rpc:10.1.0.59:35585|dataStream:|priority:0, d20c9192-b22d-4378-befe-a66526543a88|rpc:10.1.0.59:35025|dataStream:|priority:0, 3eacac38-fa6c-439b-bf72-bbc3b8f2ba66|rpc:10.1.0.59:37715|dataStream:|priority:1], old=null
2021-07-28 08:37:34,595 [d20c9192-b22d-4378-befe-a66526543a88@group-82F261664D2A-SegmentedRaftLogWorker] INFO  segmented.SegmentedRaftLogWorker (SegmentedRaftLogWorker.java:execute(601)) - d20c9192-b22d-4378-befe-a66526543a88@group-82F261664D2A-SegmentedRaftLogWorker: created new log segment /home/runner/work/ozone/ozone/mnt/ozone/hadoop-ozone/integration-test/target/test-dir/MiniOzoneClusterImpl-7b7c0b8f-b3d8-4fbb-9550-cea541527f6c/datanode-0/data/ratis/e97822f2-aa76-4768-94e3-82f261664d2a/current/log_inprogress_3
2021-07-28 08:37:34,596 [grpc-default-executor-0] INFO  ratis.XceiverServerRatis (XceiverServerRatis.java:handleLeaderChangedNotification(857)) - Leader change notification received for group: group-82F261664D2A with new leaderId: d20c9192-b22d-4378-befe-a66526543a88
2021-07-28 08:37:34,596 [grpc-default-executor-0] INFO  server.RaftServer$Division (ServerState.java:setLeader(285)) - b7359b5d-2f96-41df-9094-9722a03cb7a4@group-82F261664D2A: change Leader from null to d20c9192-b22d-4378-befe-a66526543a88 at term 6 for appendEntries, leader elected after 11ms
2021-07-28 08:37:34,597 [grpc-default-executor-0] INFO  server.RaftServer$Division (ServerState.java:setRaftConf(387)) - b7359b5d-2f96-41df-9094-9722a03cb7a4@group-82F261664D2A: set configuration 3: [b7359b5d-2f96-41df-9094-9722a03cb7a4|rpc:10.1.0.59:35585|dataStream:|priority:0, d20c9192-b22d-4378-befe-a66526543a88|rpc:10.1.0.59:35025|dataStream:|priority:0, 3eacac38-fa6c-439b-bf72-bbc3b8f2ba66|rpc:10.1.0.59:37715|dataStream:|priority:1], old=null
2021-07-28 08:37:34,597 [grpc-default-executor-0] INFO  segmented.SegmentedRaftLogWorker (SegmentedRaftLogWorker.java:rollLogSegment(399)) - b7359b5d-2f96-41df-9094-9722a03cb7a4@group-82F261664D2A-SegmentedRaftLogWorker: Rolling segment log-1_2 to index:2
2021-07-28 08:37:34,597 [grpc-default-executor-1] WARN  server.GrpcLogAppender (LogUtils.java:warn(122)) - d20c9192-b22d-4378-befe-a66526543a88@group-82F261664D2A->3eacac38-fa6c-439b-bf72-bbc3b8f2ba66-AppendLogResponseHandler: Failed appendEntries: org.apache.ratis.thirdparty.io.grpc.StatusRuntimeException: UNAVAILABLE: io exception
2021-07-28 08:37:34,598 [b7359b5d-2f96-41df-9094-9722a03cb7a4@group-82F261664D2A-SegmentedRaftLogWorker] INFO  segmented.SegmentedRaftLogWorker (SegmentedRaftLogWorker.java:execute(558)) - b7359b5d-2f96-41df-9094-9722a03cb7a4@group-82F261664D2A-SegmentedRaftLogWorker: Rolled log segment from /home/runner/work/ozone/ozone/mnt/ozone/hadoop-ozone/integration-test/target/test-dir/MiniOzoneClusterImpl-7b7c0b8f-b3d8-4fbb-9550-cea541527f6c/datanode-1/data/ratis/e97822f2-aa76-4768-94e3-82f261664d2a/current/log_inprogress_1 to /home/runner/work/ozone/ozone/mnt/ozone/hadoop-ozone/integration-test/target/test-dir/MiniOzoneClusterImpl-7b7c0b8f-b3d8-4fbb-9550-cea541527f6c/datanode-1/data/ratis/e97822f2-aa76-4768-94e3-82f261664d2a/current/log_1-2
2021-07-28 08:37:34,599 [grpc-default-executor-1] WARN  server.GrpcLogAppender (GrpcLogAppender.java:resetClient(111)) - d20c9192-b22d-4378-befe-a66526543a88@group-82F261664D2A->3eacac38-fa6c-439b-bf72-bbc3b8f2ba66-GrpcLogAppender: Leader has not got in touch with Follower d20c9192-b22d-4378-befe-a66526543a88@group-82F261664D2A->3eacac38-fa6c-439b-bf72-bbc3b8f2ba66(c-1,m0,n3, attendVote=true, lastRpcSendTime=5209, lastRpcResponseTime=5209) yet, just keep nextIndex unchanged and retry.
2021-07-28 08:37:34,599 [grpc-default-executor-1] WARN  server.GrpcLogAppender (LogUtils.java:warn(122)) - d20c9192-b22d-4378-befe-a66526543a88@group-82F261664D2A->3eacac38-fa6c-439b-bf72-bbc3b8f2ba66-AppendLogResponseHandler: Failed appendEntries: org.apache.ratis.thirdparty.io.grpc.StatusRuntimeException: UNAVAILABLE: io exception
2021-07-28 08:37:34,600 [b7359b5d-2f96-41df-9094-9722a03cb7a4@group-82F261664D2A-SegmentedRaftLogWorker] INFO  segmented.SegmentedRaftLogWorker (SegmentedRaftLogWorker.java:execute(601)) - b7359b5d-2f96-41df-9094-9722a03cb7a4@group-82F261664D2A-SegmentedRaftLogWorker: created new log segment /home/runner/work/ozone/ozone/mnt/ozone/hadoop-ozone/integration-test/target/test-dir/MiniOzoneClusterImpl-7b7c0b8f-b3d8-4fbb-9550-cea541527f6c/datanode-1/data/ratis/e97822f2-aa76-4768-94e3-82f261664d2a/current/log_inprogress_3
2021-07-28 08:37:34,604 [grpc-default-executor-1] WARN  server.GrpcLogAppender (GrpcLogAppender.java:resetClient(111)) - d20c9192-b22d-4378-befe-a66526543a88@group-82F261664D2A->3eacac38-fa6c-439b-bf72-bbc3b8f2ba66-GrpcLogAppender: Leader has not got in touch with Follower d20c9192-b22d-4378-befe-a66526543a88@group-82F261664D2A->3eacac38-fa6c-439b-bf72-bbc3b8f2ba66(c-1,m0,n4, attendVote=true, lastRpcSendTime=2, lastRpcResponseTime=5214) yet, just keep nextIndex unchanged and retry.
2021-07-28 08:37:34,610 [grpc-default-executor-1] WARN  server.GrpcLogAppender (LogUtils.java:warn(122)) - d20c9192-b22d-4378-befe-a66526543a88@group-82F261664D2A->3eacac38-fa6c-439b-bf72-bbc3b8f2ba66-AppendLogResponseHandler: Failed appendEntries: org.apache.ratis.thirdparty.io.grpc.StatusRuntimeException: UNAVAILABLE: io exception
2021-07-28 08:37:34,610 [grpc-default-executor-1] WARN  server.GrpcLogAppender (GrpcLogAppender.java:resetClient(111)) - d20c9192-b22d-4378-befe-a66526543a88@group-82F261664D2A->3eacac38-fa6c-439b-bf72-bbc3b8f2ba66-GrpcLogAppender: Leader has not got in touch with Follower d20c9192-b22d-4378-befe-a66526543a88@group-82F261664D2A->3eacac38-fa6c-439b-bf72-bbc3b8f2ba66(c-1,m0,n5, attendVote=true, lastRpcSendTime=0, lastRpcResponseTime=5221) yet, just keep nextIndex unchanged and retry.
2021-07-28 08:37:35,091 [Listener at 127.0.0.1/42363] INFO  ozoneimpl.OzoneContainer (OzoneContainer.java:stop(326)) - Attempting to stop container services.
2021-07-28 08:37:35,092 [Listener at 127.0.0.1/42363] INFO  server.RaftServer (RaftServerProxy.java:lambda$close$6(391)) - 5adaab23-8dc1-4fdb-be6f-dc28f4219fad: close
2021-07-28 08:37:35,092 [Listener at 127.0.0.1/42363] INFO  server.RaftServer$Division (RaftServerImpl.java:lambda$close$4(407)) - 5adaab23-8dc1-4fdb-be6f-dc28f4219fad@group-87309CCAF353: shutdown
2021-07-28 08:37:35,093 [Listener at 127.0.0.1/42363] INFO  util.JmxRegister (JmxRegister.java:unregister(73)) - Successfully un-registered JMX Bean with object name Ratis:service=RaftServer,group=group-87309CCAF353,id=5adaab23-8dc1-4fdb-be6f-dc28f4219fad
2021-07-28 08:37:35,093 [Listener at 127.0.0.1/42363] INFO  impl.RoleInfo (RoleInfo.java:shutdownLeaderState(91)) - 5adaab23-8dc1-4fdb-be6f-dc28f4219fad: shutdown 5adaab23-8dc1-4fdb-be6f-dc28f4219fad@group-87309CCAF353-LeaderStateImpl
2021-07-28 08:37:35,093 [Listener at 127.0.0.1/42363] INFO  impl.PendingRequests (PendingRequests.java:sendNotLeaderResponses(249)) - 5adaab23-8dc1-4fdb-be6f-dc28f4219fad@group-87309CCAF353-PendingRequests: sendNotLeaderResponses
2021-07-28 08:37:35,094 [5adaab23-8dc1-4fdb-be6f-dc28f4219fad@group-87309CCAF353-StateMachineUpdater] INFO  ratis.ContainerStateMachine (ContainerStateMachine.java:takeSnapshot(291)) - group-87309CCAF353: Taking a snapshot at:(t:1, i:0) file /home/runner/work/ozone/ozone/mnt/ozone/hadoop-ozone/integration-test/target/test-dir/MiniOzoneClusterImpl-7b7c0b8f-b3d8-4fbb-9550-cea541527f6c/datanode-7/data/ratis/3d6b4bd0-f281-462f-9dad-87309ccaf353/sm/snapshot.1_0
2021-07-28 08:37:35,095 [Listener at 127.0.0.1/42363] INFO  impl.StateMachineUpdater (StateMachineUpdater.java:stopAndJoin(149)) - 5adaab23-8dc1-4fdb-be6f-dc28f4219fad@group-87309CCAF353-StateMachineUpdater: set stopIndex = 0
2021-07-28 08:37:35,095 [5adaab23-8dc1-4fdb-be6f-dc28f4219fad@group-87309CCAF353-StateMachineUpdater] INFO  ratis.ContainerStateMachine (ContainerStateMachine.java:takeSnapshot(302)) - group-87309CCAF353: Finished taking a snapshot at:(t:1, i:0) file:/home/runner/work/ozone/ozone/mnt/ozone/hadoop-ozone/integration-test/target/test-dir/MiniOzoneClusterImpl-7b7c0b8f-b3d8-4fbb-9550-cea541527f6c/datanode-7/data/ratis/3d6b4bd0-f281-462f-9dad-87309ccaf353/sm/snapshot.1_0 took: 1 ms
2021-07-28 08:37:35,096 [5adaab23-8dc1-4fdb-be6f-dc28f4219fad@group-87309CCAF353-StateMachineUpdater] INFO  impl.StateMachineUpdater (StateMachineUpdater.java:takeSnapshot(281)) - 5adaab23-8dc1-4fdb-be6f-dc28f4219fad@group-87309CCAF353-StateMachineUpdater: Took a snapshot at index 0
2021-07-28 08:37:35,096 [5adaab23-8dc1-4fdb-be6f-dc28f4219fad@group-87309CCAF353-StateMachineUpdater] INFO  impl.StateMachineUpdater (StateMachineUpdater.java:lambda$new$0(89)) - 5adaab23-8dc1-4fdb-be6f-dc28f4219fad@group-87309CCAF353-StateMachineUpdater: snapshotIndex: updateIncreasingly -1 -> 0
2021-07-28 08:37:35,096 [Listener at 127.0.0.1/42363] INFO  server.RaftServer$Division (ServerState.java:close(419)) - 5adaab23-8dc1-4fdb-be6f-dc28f4219fad@group-87309CCAF353: closes. applyIndex: 0
2021-07-28 08:37:35,096 [5adaab23-8dc1-4fdb-be6f-dc28f4219fad@group-87309CCAF353-SegmentedRaftLogWorker] INFO  segmented.SegmentedRaftLogWorker (SegmentedRaftLogWorker.java:run(327)) - 5adaab23-8dc1-4fdb-be6f-dc28f4219fad@group-87309CCAF353-SegmentedRaftLogWorker was interrupted, exiting. There are 0 tasks remaining in the queue.
2021-07-28 08:37:35,097 [Listener at 127.0.0.1/42363] INFO  segmented.SegmentedRaftLogWorker (SegmentedRaftLogWorker.java:close(237)) - 5adaab23-8dc1-4fdb-be6f-dc28f4219fad@group-87309CCAF353-SegmentedRaftLogWorker close()
2021-07-28 08:37:35,100 [Listener at 127.0.0.1/42363] INFO  server.RaftServer$Division (RaftServerImpl.java:lambda$close$4(407)) - 5adaab23-8dc1-4fdb-be6f-dc28f4219fad@group-D95E40A13D84: shutdown
2021-07-28 08:37:35,101 [Listener at 127.0.0.1/42363] INFO  util.JmxRegister (JmxRegister.java:unregister(73)) - Successfully un-registered JMX Bean with object name Ratis:service=RaftServer,group=group-D95E40A13D84,id=5adaab23-8dc1-4fdb-be6f-dc28f4219fad
2021-07-28 08:37:35,101 [ForkJoinPool.commonPool-worker-0] INFO  ozoneimpl.OzoneContainer (OzoneContainer.java:stop(326)) - Attempting to stop container services.
2021-07-28 08:37:35,101 [Listener at 127.0.0.1/42363] INFO  impl.RoleInfo (RoleInfo.java:shutdownFollowerState(108)) - 5adaab23-8dc1-4fdb-be6f-dc28f4219fad: shutdown 5adaab23-8dc1-4fdb-be6f-dc28f4219fad@group-D95E40A13D84-FollowerState
2021-07-28 08:37:35,101 [ForkJoinPool.commonPool-worker-0] INFO  server.RaftServer (RaftServerProxy.java:lambda$close$6(391)) - d20c9192-b22d-4378-befe-a66526543a88: close
2021-07-28 08:37:35,102 [ForkJoinPool.commonPool-worker-0] INFO  server.RaftServer$Division (RaftServerImpl.java:lambda$close$4(407)) - d20c9192-b22d-4378-befe-a66526543a88@group-82F261664D2A: shutdown
2021-07-28 08:37:35,102 [ForkJoinPool.commonPool-worker-0] INFO  util.JmxRegister (JmxRegister.java:unregister(73)) - Successfully un-registered JMX Bean with object name Ratis:service=RaftServer,group=group-82F261664D2A,id=d20c9192-b22d-4378-befe-a66526543a88
2021-07-28 08:37:35,102 [ForkJoinPool.commonPool-worker-0] INFO  impl.RoleInfo (RoleInfo.java:shutdownLeaderState(91)) - d20c9192-b22d-4378-befe-a66526543a88: shutdown d20c9192-b22d-4378-befe-a66526543a88@group-82F261664D2A-LeaderStateImpl
2021-07-28 08:37:35,102 [ForkJoinPool.commonPool-worker-0] INFO  impl.PendingRequests (PendingRequests.java:sendNotLeaderResponses(249)) - d20c9192-b22d-4378-befe-a66526543a88@group-82F261664D2A-PendingRequests: sendNotLeaderResponses
2021-07-28 08:37:35,102 [d20c9192-b22d-4378-befe-a66526543a88@group-82F261664D2A->b7359b5d-2f96-41df-9094-9722a03cb7a4-GrpcLogAppender-LogAppenderDaemon] WARN  server.GrpcLogAppender (GrpcLogAppender.java:mayWait(175)) - d20c9192-b22d-4378-befe-a66526543a88@group-82F261664D2A->b7359b5d-2f96-41df-9094-9722a03cb7a4-GrpcLogAppender: Wait interrupted by java.lang.InterruptedException
2021-07-28 08:37:35,103 [grpc-default-executor-1] INFO  server.GrpcServerProtocolService (GrpcServerProtocolService.java:onCompleted(140)) - b7359b5d-2f96-41df-9094-9722a03cb7a4: Completed APPEND_ENTRIES, lastRequest: d20c9192-b22d-4378-befe-a66526543a88->b7359b5d-2f96-41df-9094-9722a03cb7a4#2-t6,previous=(t:6, i:3),leaderCommit=3,initializing? true,entries: size=1, first=(t:6, i:4), METADATAENTRY(c:3)
2021-07-28 08:37:35,104 [ForkJoinPool.commonPool-worker-0] INFO  impl.StateMachineUpdater (StateMachineUpdater.java:stopAndJoin(149)) - d20c9192-b22d-4378-befe-a66526543a88@group-82F261664D2A-StateMachineUpdater: set stopIndex = 4
2021-07-28 08:37:35,104 [5adaab23-8dc1-4fdb-be6f-dc28f4219fad@group-D95E40A13D84-FollowerState] INFO  impl.FollowerState (FollowerState.java:run(143)) - 5adaab23-8dc1-4fdb-be6f-dc28f4219fad@group-D95E40A13D84-FollowerState was interrupted: {}
java.lang.InterruptedException: sleep interrupted
	at java.lang.Thread.sleep(Native Method)
	at java.lang.Thread.sleep(Thread.java:340)
	at java.util.concurrent.TimeUnit.sleep(TimeUnit.java:386)
	at org.apache.ratis.util.TimeDuration.sleep(TimeDuration.java:324)
	at org.apache.ratis.util.TimeDuration.sleep(TimeDuration.java:309)
	at org.apache.ratis.server.impl.FollowerState.run(FollowerState.java:118)
2021-07-28 08:37:35,104 [d20c9192-b22d-4378-befe-a66526543a88@group-82F261664D2A-StateMachineUpdater] INFO  ratis.ContainerStateMachine (ContainerStateMachine.java:takeSnapshot(291)) - group-82F261664D2A: Taking a snapshot at:(t:6, i:4) file /home/runner/work/ozone/ozone/mnt/ozone/hadoop-ozone/integration-test/target/test-dir/MiniOzoneClusterImpl-7b7c0b8f-b3d8-4fbb-9550-cea541527f6c/datanode-0/data/ratis/e97822f2-aa76-4768-94e3-82f261664d2a/sm/snapshot.6_4
2021-07-28 08:37:35,104 [Listener at 127.0.0.1/42363] INFO  impl.StateMachineUpdater (StateMachineUpdater.java:stopAndJoin(149)) - 5adaab23-8dc1-4fdb-be6f-dc28f4219fad@group-D95E40A13D84-StateMachineUpdater: set stopIndex = -1
2021-07-28 08:37:35,105 [Listener at 127.0.0.1/42363] INFO  server.RaftServer$Division (ServerState.java:close(419)) - 5adaab23-8dc1-4fdb-be6f-dc28f4219fad@group-D95E40A13D84: closes. applyIndex: -1
2021-07-28 08:37:35,105 [d20c9192-b22d-4378-befe-a66526543a88@group-82F261664D2A-StateMachineUpdater] INFO  ratis.ContainerStateMachine (ContainerStateMachine.java:takeSnapshot(302)) - group-82F261664D2A: Finished taking a snapshot at:(t:6, i:4) file:/home/runner/work/ozone/ozone/mnt/ozone/hadoop-ozone/integration-test/target/test-dir/MiniOzoneClusterImpl-7b7c0b8f-b3d8-4fbb-9550-cea541527f6c/datanode-0/data/ratis/e97822f2-aa76-4768-94e3-82f261664d2a/sm/snapshot.6_4 took: 1 ms
2021-07-28 08:37:35,105 [5adaab23-8dc1-4fdb-be6f-dc28f4219fad@group-D95E40A13D84-SegmentedRaftLogWorker] INFO  segmented.SegmentedRaftLogWorker (SegmentedRaftLogWorker.java:run(327)) - 5adaab23-8dc1-4fdb-be6f-dc28f4219fad@group-D95E40A13D84-SegmentedRaftLogWorker was interrupted, exiting. There are 0 tasks remaining in the queue.
2021-07-28 08:37:35,105 [d20c9192-b22d-4378-befe-a66526543a88@group-82F261664D2A-StateMachineUpdater] INFO  impl.StateMachineUpdater (StateMachineUpdater.java:takeSnapshot(281)) - d20c9192-b22d-4378-befe-a66526543a88@group-82F261664D2A-StateMachineUpdater: Took a snapshot at index 4
2021-07-28 08:37:35,105 [d20c9192-b22d-4378-befe-a66526543a88@group-82F261664D2A-StateMachineUpdater] INFO  impl.StateMachineUpdater (StateMachineUpdater.java:lambda$new$0(89)) - d20c9192-b22d-4378-befe-a66526543a88@group-82F261664D2A-StateMachineUpdater: snapshotIndex: updateIncreasingly -1 -> 4
2021-07-28 08:37:35,105 [Listener at 127.0.0.1/42363] INFO  segmented.SegmentedRaftLogWorker (SegmentedRaftLogWorker.java:close(237)) - 5adaab23-8dc1-4fdb-be6f-dc28f4219fad@group-D95E40A13D84-SegmentedRaftLogWorker close()
2021-07-28 08:37:35,106 [ForkJoinPool.commonPool-worker-0] INFO  server.RaftServer$Division (ServerState.java:close(419)) - d20c9192-b22d-4378-befe-a66526543a88@group-82F261664D2A: closes. applyIndex: 4
2021-07-28 08:37:35,106 [Listener at 127.0.0.1/42363] INFO  server.GrpcService (GrpcService.java:closeImpl(262)) - 5adaab23-8dc1-4fdb-be6f-dc28f4219fad: shutdown server with port 40175 now
2021-07-28 08:37:35,106 [d20c9192-b22d-4378-befe-a66526543a88@group-82F261664D2A-SegmentedRaftLogWorker] INFO  segmented.SegmentedRaftLogWorker (SegmentedRaftLogWorker.java:run(327)) - d20c9192-b22d-4378-befe-a66526543a88@group-82F261664D2A-SegmentedRaftLogWorker was interrupted, exiting. There are 0 tasks remaining in the queue.
2021-07-28 08:37:35,113 [ForkJoinPool.commonPool-worker-0] INFO  segmented.SegmentedRaftLogWorker (SegmentedRaftLogWorker.java:close(237)) - d20c9192-b22d-4378-befe-a66526543a88@group-82F261664D2A-SegmentedRaftLogWorker close()
2021-07-28 08:37:35,113 [grpc-default-executor-1] INFO  server.GrpcLogAppender (GrpcLogAppender.java:onCompleted(344)) - d20c9192-b22d-4378-befe-a66526543a88@group-82F261664D2A->b7359b5d-2f96-41df-9094-9722a03cb7a4-AppendLogResponseHandler: follower responses appendEntries COMPLETED
2021-07-28 08:37:35,113 [grpc-default-executor-1] INFO  leader.FollowerInfo (FollowerInfoImpl.java:lambda$new$0(46)) - d20c9192-b22d-4378-befe-a66526543a88@group-82F261664D2A->b7359b5d-2f96-41df-9094-9722a03cb7a4: nextIndex: updateUnconditionally 5 -> 4
2021-07-28 08:37:35,115 [ForkJoinPool.commonPool-worker-0] INFO  server.RaftServer$Division (RaftServerImpl.java:lambda$close$4(407)) - d20c9192-b22d-4378-befe-a66526543a88@group-94746EF94367: shutdown
2021-07-28 08:37:35,115 [ForkJoinPool.commonPool-worker-0] INFO  util.JmxRegister (JmxRegister.java:unregister(73)) - Successfully un-registered JMX Bean with object name Ratis:service=RaftServer,group=group-94746EF94367,id=d20c9192-b22d-4378-befe-a66526543a88
2021-07-28 08:37:35,115 [ForkJoinPool.commonPool-worker-0] INFO  impl.RoleInfo (RoleInfo.java:shutdownLeaderState(91)) - d20c9192-b22d-4378-befe-a66526543a88: shutdown d20c9192-b22d-4378-befe-a66526543a88@group-94746EF94367-LeaderStateImpl
2021-07-28 08:37:35,115 [ForkJoinPool.commonPool-worker-0] INFO  impl.PendingRequests (PendingRequests.java:sendNotLeaderResponses(249)) - d20c9192-b22d-4378-befe-a66526543a88@group-94746EF94367-PendingRequests: sendNotLeaderResponses
2021-07-28 08:37:35,116 [ForkJoinPool.commonPool-worker-0] INFO  impl.StateMachineUpdater (StateMachineUpdater.java:stopAndJoin(149)) - d20c9192-b22d-4378-befe-a66526543a88@group-94746EF94367-StateMachineUpdater: set stopIndex = 0
2021-07-28 08:37:35,118 [d20c9192-b22d-4378-befe-a66526543a88@group-94746EF94367-StateMachineUpdater] INFO  ratis.ContainerStateMachine (ContainerStateMachine.java:takeSnapshot(291)) - group-94746EF94367: Taking a snapshot at:(t:1, i:0) file /home/runner/work/ozone/ozone/mnt/ozone/hadoop-ozone/integration-test/target/test-dir/MiniOzoneClusterImpl-7b7c0b8f-b3d8-4fbb-9550-cea541527f6c/datanode-0/data/ratis/dcd2ae9b-6982-4286-8bb9-94746ef94367/sm/snapshot.1_0
2021-07-28 08:37:35,119 [d20c9192-b22d-4378-befe-a66526543a88@group-94746EF94367-StateMachineUpdater] INFO  ratis.ContainerStateMachine (ContainerStateMachine.java:takeSnapshot(302)) - group-94746EF94367: Finished taking a snapshot at:(t:1, i:0) file:/home/runner/work/ozone/ozone/mnt/ozone/hadoop-ozone/integration-test/target/test-dir/MiniOzoneClusterImpl-7b7c0b8f-b3d8-4fbb-9550-cea541527f6c/datanode-0/data/ratis/dcd2ae9b-6982-4286-8bb9-94746ef94367/sm/snapshot.1_0 took: 1 ms
2021-07-28 08:37:35,119 [d20c9192-b22d-4378-befe-a66526543a88@group-94746EF94367-StateMachineUpdater] INFO  impl.StateMachineUpdater (StateMachineUpdater.java:takeSnapshot(281)) - d20c9192-b22d-4378-befe-a66526543a88@group-94746EF94367-StateMachineUpdater: Took a snapshot at index 0
2021-07-28 08:37:35,119 [d20c9192-b22d-4378-befe-a66526543a88@group-94746EF94367-StateMachineUpdater] INFO  impl.StateMachineUpdater (StateMachineUpdater.java:lambda$new$0(89)) - d20c9192-b22d-4378-befe-a66526543a88@group-94746EF94367-StateMachineUpdater: snapshotIndex: updateIncreasingly -1 -> 0
2021-07-28 08:37:35,119 [ForkJoinPool.commonPool-worker-0] INFO  server.RaftServer$Division (ServerState.java:close(419)) - d20c9192-b22d-4378-befe-a66526543a88@group-94746EF94367: closes. applyIndex: 0
2021-07-28 08:37:35,120 [d20c9192-b22d-4378-befe-a66526543a88@group-94746EF94367-SegmentedRaftLogWorker] INFO  segmented.SegmentedRaftLogWorker (SegmentedRaftLogWorker.java:run(327)) - d20c9192-b22d-4378-befe-a66526543a88@group-94746EF94367-SegmentedRaftLogWorker was interrupted, exiting. There are 0 tasks remaining in the queue.
2021-07-28 08:37:35,120 [ForkJoinPool.commonPool-worker-0] INFO  segmented.SegmentedRaftLogWorker (SegmentedRaftLogWorker.java:close(237)) - d20c9192-b22d-4378-befe-a66526543a88@group-94746EF94367-SegmentedRaftLogWorker close()
2021-07-28 08:37:35,119 [Listener at 127.0.0.1/42363] INFO  server.GrpcService (GrpcService.java:closeImpl(271)) - 5adaab23-8dc1-4fdb-be6f-dc28f4219fad: shutdown server with port 40175 successfully
2021-07-28 08:37:35,120 [ForkJoinPool.commonPool-worker-0] INFO  server.GrpcService (GrpcService.java:closeImpl(262)) - d20c9192-b22d-4378-befe-a66526543a88: shutdown server with port 35025 now
2021-07-28 08:37:35,123 [org.apache.ratis.util.JvmPauseMonitor$$Lambda$526/290161071@2dacfc96] INFO  util.JvmPauseMonitor (JvmPauseMonitor.java:run(109)) - JvmPauseMonitor-5adaab23-8dc1-4fdb-be6f-dc28f4219fad: Stopped
2021-07-28 08:37:35,126 [Listener at 127.0.0.1/42363] INFO  utils.BackgroundService (BackgroundService.java:shutdown(132)) - Shutting down service BlockDeletingService
2021-07-28 08:37:35,129 [ForkJoinPool.commonPool-worker-0] INFO  server.GrpcService (GrpcService.java:closeImpl(271)) - d20c9192-b22d-4378-befe-a66526543a88: shutdown server with port 35025 successfully
2021-07-28 08:37:35,129 [org.apache.ratis.util.JvmPauseMonitor$$Lambda$526/290161071@3b7b8dba] INFO  util.JvmPauseMonitor (JvmPauseMonitor.java:run(109)) - JvmPauseMonitor-d20c9192-b22d-4378-befe-a66526543a88: Stopped
2021-07-28 08:37:35,133 [ForkJoinPool.commonPool-worker-0] INFO  utils.BackgroundService (BackgroundService.java:shutdown(132)) - Shutting down service BlockDeletingService
2021-07-28 08:37:35,133 [Listener at 127.0.0.1/42363] INFO  statemachine.DatanodeStateMachine (DatanodeStateMachine.java:stopDaemon(514)) - Ozone container server stopped.
2021-07-28 08:37:35,133 [ForkJoinPool.commonPool-worker-0] INFO  statemachine.DatanodeStateMachine (DatanodeStateMachine.java:stopDaemon(514)) - Ozone container server stopped.
2021-07-28 08:37:35,135 [ForkJoinPool.commonPool-worker-0] INFO  handler.ContextHandler (ContextHandler.java:doStop(1154)) - Stopped o.e.j.w.WebAppContext@10faa55c{hddsDatanode,/,null,STOPPED}{jar:file:/home/runner/.m2/repository/org/apache/ozone/hdds-container-service/1.2.0-SNAPSHOT/hdds-container-service-1.2.0-SNAPSHOT.jar!/webapps/hddsDatanode}
2021-07-28 08:37:35,136 [Listener at 127.0.0.1/42363] INFO  handler.ContextHandler (ContextHandler.java:doStop(1154)) - Stopped o.e.j.w.WebAppContext@41d47982{hddsDatanode,/,null,STOPPED}{jar:file:/home/runner/.m2/repository/org/apache/ozone/hdds-container-service/1.2.0-SNAPSHOT/hdds-container-service-1.2.0-SNAPSHOT.jar!/webapps/hddsDatanode}
2021-07-28 08:37:35,136 [ForkJoinPool.commonPool-worker-0] INFO  server.AbstractConnector (AbstractConnector.java:doStop(381)) - Stopped ServerConnector@76f099c0{HTTP/1.1, (http/1.1)}{0.0.0.0:0}
2021-07-28 08:37:35,140 [ForkJoinPool.commonPool-worker-0] INFO  server.session (HouseKeeper.java:stopScavenging(149)) - node0 Stopped scavenging
2021-07-28 08:37:35,142 [ForkJoinPool.commonPool-worker-0] INFO  handler.ContextHandler (ContextHandler.java:doStop(1154)) - Stopped o.e.j.s.ServletContextHandler@7bd12465{static,/static,jar:file:/home/runner/.m2/repository/org/apache/ozone/hdds-container-service/1.2.0-SNAPSHOT/hdds-container-service-1.2.0-SNAPSHOT.jar!/webapps/static,STOPPED}
2021-07-28 08:37:35,142 [ForkJoinPool.commonPool-worker-0] INFO  handler.ContextHandler (ContextHandler.java:doStop(1154)) - Stopped o.e.j.s.ServletContextHandler@2d7a83d0{logs,/logs,file:///home/runner/work/ozone/ozone/mnt/ozone/hadoop-ozone/integration-test/target/log,STOPPED}
2021-07-28 08:37:35,142 [Listener at 127.0.0.1/42363] INFO  server.AbstractConnector (AbstractConnector.java:doStop(381)) - Stopped ServerConnector@22cb0c47{HTTP/1.1, (http/1.1)}{0.0.0.0:0}
2021-07-28 08:37:35,144 [Listener at 127.0.0.1/42363] INFO  server.session (HouseKeeper.java:stopScavenging(149)) - node0 Stopped scavenging
2021-07-28 08:37:35,144 [Listener at 127.0.0.1/42363] INFO  handler.ContextHandler (ContextHandler.java:doStop(1154)) - Stopped o.e.j.s.ServletContextHandler@5333d6ea{static,/static,jar:file:/home/runner/.m2/repository/org/apache/ozone/hdds-container-service/1.2.0-SNAPSHOT/hdds-container-service-1.2.0-SNAPSHOT.jar!/webapps/static,STOPPED}
2021-07-28 08:37:35,144 [Listener at 127.0.0.1/42363] INFO  handler.ContextHandler (ContextHandler.java:doStop(1154)) - Stopped o.e.j.s.ServletContextHandler@59362e10{logs,/logs,file:///home/runner/work/ozone/ozone/mnt/ozone/hadoop-ozone/integration-test/target/log,STOPPED}
2021-07-28 08:37:35,225 [Datanode State Machine Thread - 0] INFO  statemachine.DatanodeStateMachine (DatanodeStateMachine.java:lambda$startDaemon$0(456)) - Ozone container server started.
2021-07-28 08:37:35,448 [Datanode State Machine Thread - 0] INFO  statemachine.DatanodeStateMachine (DatanodeStateMachine.java:lambda$startDaemon$0(456)) - Ozone container server started.
2021-07-28 08:37:35,495 [954c2539-c430-4abc-b152-2157e37527ee@group-D95E40A13D84-FollowerState] INFO  impl.FollowerState (FollowerState.java:run(134)) - 954c2539-c430-4abc-b152-2157e37527ee@group-D95E40A13D84-FollowerState: change to CANDIDATE, lastRpcElapsedTime:5077804139ns, electionTimeout:5077ms
2021-07-28 08:37:35,495 [954c2539-c430-4abc-b152-2157e37527ee@group-D95E40A13D84-FollowerState] INFO  impl.RoleInfo (RoleInfo.java:shutdownFollowerState(108)) - 954c2539-c430-4abc-b152-2157e37527ee: shutdown 954c2539-c430-4abc-b152-2157e37527ee@group-D95E40A13D84-FollowerState
2021-07-28 08:37:35,495 [954c2539-c430-4abc-b152-2157e37527ee@group-D95E40A13D84-FollowerState] INFO  server.RaftServer$Division (RaftServerImpl.java:setRole(285)) - 954c2539-c430-4abc-b152-2157e37527ee@group-D95E40A13D84: changes role from  FOLLOWER to CANDIDATE at term 5 for changeToCandidate
2021-07-28 08:37:35,496 [954c2539-c430-4abc-b152-2157e37527ee@group-D95E40A13D84-FollowerState] INFO  server.RaftServerConfigKeys (ConfUtils.java:logGet(44)) - raft.server.leaderelection.pre-vote = false (custom)
2021-07-28 08:37:35,496 [954c2539-c430-4abc-b152-2157e37527ee@group-D95E40A13D84-FollowerState] INFO  impl.RoleInfo (RoleInfo.java:updateAndGet(130)) - 954c2539-c430-4abc-b152-2157e37527ee: start 954c2539-c430-4abc-b152-2157e37527ee@group-D95E40A13D84-LeaderElection81
2021-07-28 08:37:35,498 [954c2539-c430-4abc-b152-2157e37527ee@group-D95E40A13D84-LeaderElection81] INFO  impl.LeaderElection (LeaderElection.java:askForVotes(306)) - 954c2539-c430-4abc-b152-2157e37527ee@group-D95E40A13D84-LeaderElection81 ELECTION round 0: submit vote requests at term 6 for -1: [954c2539-c430-4abc-b152-2157e37527ee|rpc:10.1.0.59:36295|priority:1, 5adaab23-8dc1-4fdb-be6f-dc28f4219fad|rpc:10.1.0.59:40175|priority:0, 81ffaf6e-1a0b-4e8d-b763-a17fba998bf8|rpc:10.1.0.59:40745|priority:0], old=null
2021-07-28 08:37:35,503 [954c2539-c430-4abc-b152-2157e37527ee@group-D95E40A13D84-LeaderElection81] INFO  impl.LeaderElection (LogUtils.java:infoOrTrace(137)) - 954c2539-c430-4abc-b152-2157e37527ee@group-D95E40A13D84-LeaderElection81 got exception when requesting votes: java.util.concurrent.ExecutionException: org.apache.ratis.thirdparty.io.grpc.StatusRuntimeException: UNAVAILABLE: io exception
2021-07-28 08:37:35,506 [grpc-default-executor-1] INFO  server.RaftServer$Division (RaftServerImpl.java:requestVote(1043)) - 81ffaf6e-1a0b-4e8d-b763-a17fba998bf8@group-D95E40A13D84: receive requestVote(ELECTION, 954c2539-c430-4abc-b152-2157e37527ee, group-D95E40A13D84, 6, (t:0, i:0))
2021-07-28 08:37:35,506 [grpc-default-executor-1] INFO  impl.VoteContext (VoteContext.java:log(48)) - 81ffaf6e-1a0b-4e8d-b763-a17fba998bf8@group-D95E40A13D84-FOLLOWER: accept ELECTION from 954c2539-c430-4abc-b152-2157e37527ee: our priority 0 <= candidate's priority 1
2021-07-28 08:37:35,506 [grpc-default-executor-1] INFO  server.RaftServer$Division (RaftServerImpl.java:setRole(285)) - 81ffaf6e-1a0b-4e8d-b763-a17fba998bf8@group-D95E40A13D84: changes role from  FOLLOWER to FOLLOWER at term 6 for candidate:954c2539-c430-4abc-b152-2157e37527ee
2021-07-28 08:37:35,507 [grpc-default-executor-1] INFO  impl.RoleInfo (RoleInfo.java:shutdownFollowerState(108)) - 81ffaf6e-1a0b-4e8d-b763-a17fba998bf8: shutdown 81ffaf6e-1a0b-4e8d-b763-a17fba998bf8@group-D95E40A13D84-FollowerState
2021-07-28 08:37:35,507 [grpc-default-executor-1] INFO  impl.RoleInfo (RoleInfo.java:updateAndGet(130)) - 81ffaf6e-1a0b-4e8d-b763-a17fba998bf8: start 81ffaf6e-1a0b-4e8d-b763-a17fba998bf8@group-D95E40A13D84-FollowerState
2021-07-28 08:37:35,507 [81ffaf6e-1a0b-4e8d-b763-a17fba998bf8@group-D95E40A13D84-FollowerState] INFO  impl.FollowerState (FollowerState.java:run(143)) - 81ffaf6e-1a0b-4e8d-b763-a17fba998bf8@group-D95E40A13D84-FollowerState was interrupted: {}
java.lang.InterruptedException: sleep interrupted
	at java.lang.Thread.sleep(Native Method)
	at java.lang.Thread.sleep(Thread.java:340)
	at java.util.concurrent.TimeUnit.sleep(TimeUnit.java:386)
	at org.apache.ratis.util.TimeDuration.sleep(TimeDuration.java:324)
	at org.apache.ratis.util.TimeDuration.sleep(TimeDuration.java:309)
	at org.apache.ratis.server.impl.FollowerState.run(FollowerState.java:118)
2021-07-28 08:37:35,508 [grpc-default-executor-1] INFO  server.RaftServer$Division (RaftServerImpl.java:requestVote(1075)) - 81ffaf6e-1a0b-4e8d-b763-a17fba998bf8@group-D95E40A13D84 replies to ELECTION vote request: 954c2539-c430-4abc-b152-2157e37527ee<-81ffaf6e-1a0b-4e8d-b763-a17fba998bf8#0:OK-t6. Peer's state: 81ffaf6e-1a0b-4e8d-b763-a17fba998bf8@group-D95E40A13D84:t6, leader=null, voted=954c2539-c430-4abc-b152-2157e37527ee, raftlog=81ffaf6e-1a0b-4e8d-b763-a17fba998bf8@group-D95E40A13D84-SegmentedRaftLog:OPENED:c-1,f-1,i0, conf=-1: [954c2539-c430-4abc-b152-2157e37527ee|rpc:10.1.0.59:36295|dataStream:|priority:1, 5adaab23-8dc1-4fdb-be6f-dc28f4219fad|rpc:10.1.0.59:40175|dataStream:|priority:0, 81ffaf6e-1a0b-4e8d-b763-a17fba998bf8|rpc:10.1.0.59:40745|dataStream:|priority:0], old=null
2021-07-28 08:37:35,510 [954c2539-c430-4abc-b152-2157e37527ee@group-D95E40A13D84-LeaderElection81] INFO  impl.LeaderElection (LeaderElection.java:logAndReturn(89)) - 954c2539-c430-4abc-b152-2157e37527ee@group-D95E40A13D84-LeaderElection81: ELECTION PASSED received 1 response(s) and 1 exception(s):
2021-07-28 08:37:35,510 [954c2539-c430-4abc-b152-2157e37527ee@group-D95E40A13D84-LeaderElection81] INFO  impl.LeaderElection (LeaderElection.java:logAndReturn(93)) -   Response 0: 954c2539-c430-4abc-b152-2157e37527ee<-81ffaf6e-1a0b-4e8d-b763-a17fba998bf8#0:OK-t6
2021-07-28 08:37:35,510 [954c2539-c430-4abc-b152-2157e37527ee@group-D95E40A13D84-LeaderElection81] INFO  impl.LeaderElection (LogUtils.java:infoOrTrace(137)) -   Exception 1: java.util.concurrent.ExecutionException: org.apache.ratis.thirdparty.io.grpc.StatusRuntimeException: UNAVAILABLE: io exception
2021-07-28 08:37:35,510 [954c2539-c430-4abc-b152-2157e37527ee@group-D95E40A13D84-LeaderElection81] INFO  impl.LeaderElection (LeaderElection.java:askForVotes(308)) - 954c2539-c430-4abc-b152-2157e37527ee@group-D95E40A13D84-LeaderElection81 ELECTION round 0: result PASSED
2021-07-28 08:37:35,510 [954c2539-c430-4abc-b152-2157e37527ee@group-D95E40A13D84-LeaderElection81] INFO  impl.RoleInfo (RoleInfo.java:shutdownLeaderElection(121)) - 954c2539-c430-4abc-b152-2157e37527ee: shutdown 954c2539-c430-4abc-b152-2157e37527ee@group-D95E40A13D84-LeaderElection81
2021-07-28 08:37:35,510 [954c2539-c430-4abc-b152-2157e37527ee@group-D95E40A13D84-LeaderElection81] INFO  server.RaftServer$Division (RaftServerImpl.java:setRole(285)) - 954c2539-c430-4abc-b152-2157e37527ee@group-D95E40A13D84: changes role from CANDIDATE to LEADER at term 6 for changeToLeader
2021-07-28 08:37:35,510 [954c2539-c430-4abc-b152-2157e37527ee@group-D95E40A13D84-LeaderElection81] INFO  ratis.XceiverServerRatis (XceiverServerRatis.java:handleLeaderChangedNotification(857)) - Leader change notification received for group: group-D95E40A13D84 with new leaderId: 954c2539-c430-4abc-b152-2157e37527ee
2021-07-28 08:37:35,510 [954c2539-c430-4abc-b152-2157e37527ee@group-D95E40A13D84-LeaderElection81] INFO  server.RaftServer$Division (ServerState.java:setLeader(285)) - 954c2539-c430-4abc-b152-2157e37527ee@group-D95E40A13D84: change Leader from null to 954c2539-c430-4abc-b152-2157e37527ee at term 6 for becomeLeader, leader elected after 30476ms
2021-07-28 08:37:35,510 [954c2539-c430-4abc-b152-2157e37527ee@group-D95E40A13D84-LeaderElection81] INFO  server.RaftServerConfigKeys (ConfUtils.java:logGet(44)) - raft.server.staging.catchup.gap = 1000 (default)
2021-07-28 08:37:35,510 [Datanode State Machine Thread - 0] WARN  statemachine.StateContext (StateContext.java:execute(621)) - No available thread in pool for past 1 seconds.
2021-07-28 08:37:35,511 [954c2539-c430-4abc-b152-2157e37527ee@group-D95E40A13D84-LeaderElection81] INFO  server.RaftServerConfigKeys (ConfUtils.java:logGet(44)) - raft.server.write.element-limit = 1024 (custom)
2021-07-28 08:37:35,511 [954c2539-c430-4abc-b152-2157e37527ee@group-D95E40A13D84-LeaderElection81] INFO  server.RaftServerConfigKeys (ConfUtils.java:logGet(44)) - raft.server.write.byte-limit = 1073741824 (custom)
2021-07-28 08:37:35,511 [954c2539-c430-4abc-b152-2157e37527ee@group-D95E40A13D84-LeaderElection81] INFO  server.RaftServerConfigKeys (ConfUtils.java:logGet(44)) - raft.server.watch.timeout = 3000ms (custom)
2021-07-28 08:37:35,511 [954c2539-c430-4abc-b152-2157e37527ee@group-D95E40A13D84-LeaderElection81] INFO  server.RaftServerConfigKeys (ConfUtils.java:logGet(44)) - raft.server.watch.timeout.denomination = 1s (default)
2021-07-28 08:37:35,511 [954c2539-c430-4abc-b152-2157e37527ee@group-D95E40A13D84-LeaderElection81] INFO  server.RaftServerConfigKeys (ConfUtils.java:logGet(44)) - raft.server.watch.element-limit = 65536 (default)
2021-07-28 08:37:35,511 [954c2539-c430-4abc-b152-2157e37527ee@group-D95E40A13D84-LeaderElection81] INFO  server.RaftServerConfigKeys (ConfUtils.java:logGet(44)) - raft.server.log.appender.snapshot.chunk.size.max = 16MB (=16777216) (default)
2021-07-28 08:37:35,511 [954c2539-c430-4abc-b152-2157e37527ee@group-D95E40A13D84-LeaderElection81] INFO  server.RaftServerConfigKeys (ConfUtils.java:logGet(44)) - raft.server.log.appender.buffer.byte-limit = 33554432 (custom)
2021-07-28 08:37:35,511 [954c2539-c430-4abc-b152-2157e37527ee@group-D95E40A13D84-LeaderElection81] INFO  server.RaftServerConfigKeys (ConfUtils.java:logGet(44)) - raft.server.log.appender.buffer.element-limit = 1 (custom)
2021-07-28 08:37:35,512 [954c2539-c430-4abc-b152-2157e37527ee@group-D95E40A13D84-LeaderElection81] INFO  grpc.GrpcConfigKeys (ConfUtils.java:logGet(44)) - raft.grpc.server.leader.outstanding.appends.max = 128 (default)
2021-07-28 08:37:35,512 [954c2539-c430-4abc-b152-2157e37527ee@group-D95E40A13D84-LeaderElection81] INFO  server.RaftServerConfigKeys (ConfUtils.java:logGet(44)) - raft.server.rpc.request.timeout = 3000ms (default)
2021-07-28 08:37:35,512 [954c2539-c430-4abc-b152-2157e37527ee@group-D95E40A13D84-LeaderElection81] INFO  server.RaftServerConfigKeys (ConfUtils.java:logGet(44)) - raft.server.log.appender.install.snapshot.enabled = false (custom)
2021-07-28 08:37:35,513 [EventQueue-PipelineReportForPipelineReportHandler] INFO  pipeline.PipelineManagerV2Impl (PipelineManagerV2Impl.java:openPipeline(283)) - Pipeline Pipeline[ Id: 0397c355-0ce0-4aba-bbd8-d95e40a13d84, Nodes: 81ffaf6e-1a0b-4e8d-b763-a17fba998bf8{ip: 10.1.0.59, host: fv-az122-844.zf1tlrj3kn4expqppa1j4mpycf.xx.internal.cloudapp.net, ports: [REPLICATION=36745, RATIS=40745, RATIS_ADMIN=40745, RATIS_SERVER=40745, STANDALONE=36593], networkLocation: /default-rack, certSerialId: null, persistedOpState: IN_SERVICE, persistedOpStateExpiryEpochSec: 0}954c2539-c430-4abc-b152-2157e37527ee{ip: 10.1.0.59, host: fv-az122-844.zf1tlrj3kn4expqppa1j4mpycf.xx.internal.cloudapp.net, ports: [REPLICATION=38475, RATIS=36295, RATIS_ADMIN=36295, RATIS_SERVER=36295, STANDALONE=33707], networkLocation: /default-rack, certSerialId: null, persistedOpState: IN_SERVICE, persistedOpStateExpiryEpochSec: 0}5adaab23-8dc1-4fdb-be6f-dc28f4219fad{ip: 10.1.0.59, host: fv-az122-844.zf1tlrj3kn4expqppa1j4mpycf.xx.internal.cloudapp.net, ports: [REPLICATION=36317, RATIS=40175, RATIS_ADMIN=40175, RATIS_SERVER=40175, STANDALONE=39983], networkLocation: /default-rack, certSerialId: null, persistedOpState: IN_SERVICE, persistedOpStateExpiryEpochSec: 0}, ReplicationConfig: RATIS/THREE, State:ALLOCATED, leaderId:954c2539-c430-4abc-b152-2157e37527ee, CreationTimestamp2021-07-28T08:37:02.363Z[Etc/UTC]] moved to OPEN state
2021-07-28 08:37:35,514 [954c2539-c430-4abc-b152-2157e37527ee@group-D95E40A13D84-LeaderElection81] INFO  server.RaftServerConfigKeys (ConfUtils.java:logGet(44)) - raft.server.log.appender.snapshot.chunk.size.max = 16MB (=16777216) (default)
2021-07-28 08:37:35,514 [954c2539-c430-4abc-b152-2157e37527ee@group-D95E40A13D84-LeaderElection81] INFO  server.RaftServerConfigKeys (ConfUtils.java:logGet(44)) - raft.server.log.appender.buffer.byte-limit = 33554432 (custom)
2021-07-28 08:37:35,515 [954c2539-c430-4abc-b152-2157e37527ee@group-D95E40A13D84-LeaderElection81] INFO  server.RaftServerConfigKeys (ConfUtils.java:logGet(44)) - raft.server.log.appender.buffer.element-limit = 1 (custom)
2021-07-28 08:37:35,515 [954c2539-c430-4abc-b152-2157e37527ee@group-D95E40A13D84-LeaderElection81] INFO  grpc.GrpcConfigKeys (ConfUtils.java:logGet(44)) - raft.grpc.server.leader.outstanding.appends.max = 128 (default)
2021-07-28 08:37:35,515 [954c2539-c430-4abc-b152-2157e37527ee@group-D95E40A13D84-LeaderElection81] INFO  server.RaftServerConfigKeys (ConfUtils.java:logGet(44)) - raft.server.rpc.request.timeout = 3000ms (default)
2021-07-28 08:37:35,515 [954c2539-c430-4abc-b152-2157e37527ee@group-D95E40A13D84-LeaderElection81] INFO  server.RaftServerConfigKeys (ConfUtils.java:logGet(44)) - raft.server.log.appender.install.snapshot.enabled = false (custom)
2021-07-28 08:37:35,517 [954c2539-c430-4abc-b152-2157e37527ee@group-D95E40A13D84-LeaderElection81] INFO  impl.RoleInfo (RoleInfo.java:updateAndGet(130)) - 954c2539-c430-4abc-b152-2157e37527ee: start 954c2539-c430-4abc-b152-2157e37527ee@group-D95E40A13D84-LeaderStateImpl
2021-07-28 08:37:35,517 [954c2539-c430-4abc-b152-2157e37527ee@group-D95E40A13D84-LeaderElection81] INFO  segmented.SegmentedRaftLogWorker (SegmentedRaftLogWorker.java:startLogSegment(394)) - 954c2539-c430-4abc-b152-2157e37527ee@group-D95E40A13D84-SegmentedRaftLogWorker: Starting segment from index:0
2021-07-28 08:37:35,518 [954c2539-c430-4abc-b152-2157e37527ee@group-D95E40A13D84-SegmentedRaftLogWorker] INFO  segmented.SegmentedRaftLogWorker (SegmentedRaftLogWorker.java:execute(601)) - 954c2539-c430-4abc-b152-2157e37527ee@group-D95E40A13D84-SegmentedRaftLogWorker: created new log segment /home/runner/work/ozone/ozone/mnt/ozone/hadoop-ozone/integration-test/target/test-dir/MiniOzoneClusterImpl-7b7c0b8f-b3d8-4fbb-9550-cea541527f6c/datanode-6/data/ratis/0397c355-0ce0-4aba-bbd8-d95e40a13d84/current/log_inprogress_0
2021-07-28 08:37:35,529 [954c2539-c430-4abc-b152-2157e37527ee@group-D95E40A13D84-LeaderElection81] INFO  server.RaftServer$Division (ServerState.java:setRaftConf(387)) - 954c2539-c430-4abc-b152-2157e37527ee@group-D95E40A13D84: set configuration 0: [954c2539-c430-4abc-b152-2157e37527ee|rpc:10.1.0.59:36295|dataStream:|priority:1, 5adaab23-8dc1-4fdb-be6f-dc28f4219fad|rpc:10.1.0.59:40175|dataStream:|priority:0, 81ffaf6e-1a0b-4e8d-b763-a17fba998bf8|rpc:10.1.0.59:40745|dataStream:|priority:0], old=null
2021-07-28 08:37:35,532 [grpc-default-executor-1] WARN  server.GrpcLogAppender (LogUtils.java:warn(122)) - 954c2539-c430-4abc-b152-2157e37527ee@group-D95E40A13D84->5adaab23-8dc1-4fdb-be6f-dc28f4219fad-AppendLogResponseHandler: Failed appendEntries: org.apache.ratis.thirdparty.io.grpc.StatusRuntimeException: UNAVAILABLE: io exception
2021-07-28 08:37:35,536 [grpc-default-executor-4] INFO  ratis.XceiverServerRatis (XceiverServerRatis.java:handleLeaderChangedNotification(857)) - Leader change notification received for group: group-D95E40A13D84 with new leaderId: 954c2539-c430-4abc-b152-2157e37527ee
2021-07-28 08:37:35,536 [grpc-default-executor-4] INFO  server.RaftServer$Division (ServerState.java:setLeader(285)) - 81ffaf6e-1a0b-4e8d-b763-a17fba998bf8@group-D95E40A13D84: change Leader from null to 954c2539-c430-4abc-b152-2157e37527ee at term 6 for appendEntries, leader elected after 30479ms
2021-07-28 08:37:35,537 [grpc-default-executor-1] WARN  server.GrpcLogAppender (GrpcLogAppender.java:resetClient(111)) - 954c2539-c430-4abc-b152-2157e37527ee@group-D95E40A13D84->5adaab23-8dc1-4fdb-be6f-dc28f4219fad-GrpcLogAppender: Leader has not got in touch with Follower 954c2539-c430-4abc-b152-2157e37527ee@group-D95E40A13D84->5adaab23-8dc1-4fdb-be6f-dc28f4219fad(c-1,m0,n1, attendVote=true, lastRpcSendTime=5, lastRpcResponseTime=5225) yet, just keep nextIndex unchanged and retry.
2021-07-28 08:37:35,544 [grpc-default-executor-4] INFO  server.RaftServer$Division (ServerState.java:setRaftConf(387)) - 81ffaf6e-1a0b-4e8d-b763-a17fba998bf8@group-D95E40A13D84: set configuration 0: [954c2539-c430-4abc-b152-2157e37527ee|rpc:10.1.0.59:36295|dataStream:|priority:1, 5adaab23-8dc1-4fdb-be6f-dc28f4219fad|rpc:10.1.0.59:40175|dataStream:|priority:0, 81ffaf6e-1a0b-4e8d-b763-a17fba998bf8|rpc:10.1.0.59:40745|dataStream:|priority:0], old=null
2021-07-28 08:37:35,545 [grpc-default-executor-4] INFO  segmented.SegmentedRaftLogWorker (SegmentedRaftLogWorker.java:startLogSegment(394)) - 81ffaf6e-1a0b-4e8d-b763-a17fba998bf8@group-D95E40A13D84-SegmentedRaftLogWorker: Starting segment from index:0
2021-07-28 08:37:35,548 [81ffaf6e-1a0b-4e8d-b763-a17fba998bf8@group-D95E40A13D84-SegmentedRaftLogWorker] INFO  segmented.SegmentedRaftLogWorker (SegmentedRaftLogWorker.java:execute(601)) - 81ffaf6e-1a0b-4e8d-b763-a17fba998bf8@group-D95E40A13D84-SegmentedRaftLogWorker: created new log segment /home/runner/work/ozone/ozone/mnt/ozone/hadoop-ozone/integration-test/target/test-dir/MiniOzoneClusterImpl-7b7c0b8f-b3d8-4fbb-9550-cea541527f6c/datanode-8/data/ratis/0397c355-0ce0-4aba-bbd8-d95e40a13d84/current/log_inprogress_0
2021-07-28 08:37:38,038 [grpc-default-executor-1] WARN  server.GrpcLogAppender (LogUtils.java:warn(122)) - 954c2539-c430-4abc-b152-2157e37527ee@group-D95E40A13D84->5adaab23-8dc1-4fdb-be6f-dc28f4219fad-AppendLogResponseHandler: Failed appendEntries: org.apache.ratis.thirdparty.io.grpc.StatusRuntimeException: UNAVAILABLE: io exception
2021-07-28 08:37:38,039 [grpc-default-executor-1] WARN  server.GrpcLogAppender (GrpcLogAppender.java:resetClient(111)) - 954c2539-c430-4abc-b152-2157e37527ee@group-D95E40A13D84->5adaab23-8dc1-4fdb-be6f-dc28f4219fad-GrpcLogAppender: Leader has not got in touch with Follower 954c2539-c430-4abc-b152-2157e37527ee@group-D95E40A13D84->5adaab23-8dc1-4fdb-be6f-dc28f4219fad(c-1,m0,n1, attendVote=true, lastRpcSendTime=0, lastRpcResponseTime=7727) yet, just keep nextIndex unchanged and retry.
2021-07-28 08:37:40,145 [ForkJoinPool.commonPool-worker-0] INFO  ozoneimpl.OzoneContainer (OzoneContainer.java:stop(326)) - Attempting to stop container services.
2021-07-28 08:37:40,146 [ForkJoinPool.commonPool-worker-0] INFO  server.RaftServer (RaftServerProxy.java:lambda$close$6(391)) - b7359b5d-2f96-41df-9094-9722a03cb7a4: close
2021-07-28 08:37:40,146 [ForkJoinPool.commonPool-worker-0] INFO  server.RaftServer$Division (RaftServerImpl.java:lambda$close$4(407)) - b7359b5d-2f96-41df-9094-9722a03cb7a4@group-82F261664D2A: shutdown
2021-07-28 08:37:40,146 [ForkJoinPool.commonPool-worker-0] INFO  util.JmxRegister (JmxRegister.java:unregister(73)) - Successfully un-registered JMX Bean with object name Ratis:service=RaftServer,group=group-82F261664D2A,id=b7359b5d-2f96-41df-9094-9722a03cb7a4
2021-07-28 08:37:40,146 [ForkJoinPool.commonPool-worker-0] INFO  impl.RoleInfo (RoleInfo.java:shutdownFollowerState(108)) - b7359b5d-2f96-41df-9094-9722a03cb7a4: shutdown b7359b5d-2f96-41df-9094-9722a03cb7a4@group-82F261664D2A-FollowerState
2021-07-28 08:37:40,147 [ForkJoinPool.commonPool-worker-0] INFO  impl.StateMachineUpdater (StateMachineUpdater.java:stopAndJoin(149)) - b7359b5d-2f96-41df-9094-9722a03cb7a4@group-82F261664D2A-StateMachineUpdater: set stopIndex = 3
2021-07-28 08:37:40,147 [b7359b5d-2f96-41df-9094-9722a03cb7a4@group-82F261664D2A-StateMachineUpdater] INFO  ratis.ContainerStateMachine (ContainerStateMachine.java:takeSnapshot(291)) - group-82F261664D2A: Taking a snapshot at:(t:6, i:3) file /home/runner/work/ozone/ozone/mnt/ozone/hadoop-ozone/integration-test/target/test-dir/MiniOzoneClusterImpl-7b7c0b8f-b3d8-4fbb-9550-cea541527f6c/datanode-1/data/ratis/e97822f2-aa76-4768-94e3-82f261664d2a/sm/snapshot.6_3
2021-07-28 08:37:40,147 [b7359b5d-2f96-41df-9094-9722a03cb7a4@group-82F261664D2A-FollowerState] INFO  impl.FollowerState (FollowerState.java:run(143)) - b7359b5d-2f96-41df-9094-9722a03cb7a4@group-82F261664D2A-FollowerState was interrupted: {}
java.lang.InterruptedException: sleep interrupted
	at java.lang.Thread.sleep(Native Method)
	at java.lang.Thread.sleep(Thread.java:340)
	at java.util.concurrent.TimeUnit.sleep(TimeUnit.java:386)
	at org.apache.ratis.util.TimeDuration.sleep(TimeDuration.java:324)
	at org.apache.ratis.util.TimeDuration.sleep(TimeDuration.java:309)
	at org.apache.ratis.server.impl.FollowerState.run(FollowerState.java:118)
2021-07-28 08:37:40,148 [b7359b5d-2f96-41df-9094-9722a03cb7a4@group-82F261664D2A-StateMachineUpdater] INFO  ratis.ContainerStateMachine (ContainerStateMachine.java:takeSnapshot(302)) - group-82F261664D2A: Finished taking a snapshot at:(t:6, i:3) file:/home/runner/work/ozone/ozone/mnt/ozone/hadoop-ozone/integration-test/target/test-dir/MiniOzoneClusterImpl-7b7c0b8f-b3d8-4fbb-9550-cea541527f6c/datanode-1/data/ratis/e97822f2-aa76-4768-94e3-82f261664d2a/sm/snapshot.6_3 took: 1 ms
2021-07-28 08:37:40,148 [Listener at 127.0.0.1/42363] INFO  ozoneimpl.OzoneContainer (OzoneContainer.java:stop(326)) - Attempting to stop container services.
2021-07-28 08:37:40,149 [Listener at 127.0.0.1/42363] INFO  server.RaftServer (RaftServerProxy.java:lambda$close$6(391)) - 81ffaf6e-1a0b-4e8d-b763-a17fba998bf8: close
2021-07-28 08:37:40,149 [Listener at 127.0.0.1/42363] INFO  server.RaftServer$Division (RaftServerImpl.java:lambda$close$4(407)) - 81ffaf6e-1a0b-4e8d-b763-a17fba998bf8@group-1B179147A28D: shutdown
2021-07-28 08:37:40,149 [Listener at 127.0.0.1/42363] INFO  util.JmxRegister (JmxRegister.java:unregister(73)) - Successfully un-registered JMX Bean with object name Ratis:service=RaftServer,group=group-1B179147A28D,id=81ffaf6e-1a0b-4e8d-b763-a17fba998bf8
2021-07-28 08:37:40,149 [Listener at 127.0.0.1/42363] INFO  impl.RoleInfo (RoleInfo.java:shutdownLeaderState(91)) - 81ffaf6e-1a0b-4e8d-b763-a17fba998bf8: shutdown 81ffaf6e-1a0b-4e8d-b763-a17fba998bf8@group-1B179147A28D-LeaderStateImpl
2021-07-28 08:37:40,150 [Listener at 127.0.0.1/42363] INFO  impl.PendingRequests (PendingRequests.java:sendNotLeaderResponses(249)) - 81ffaf6e-1a0b-4e8d-b763-a17fba998bf8@group-1B179147A28D-PendingRequests: sendNotLeaderResponses
2021-07-28 08:37:40,151 [b7359b5d-2f96-41df-9094-9722a03cb7a4@group-82F261664D2A-StateMachineUpdater] INFO  impl.StateMachineUpdater (StateMachineUpdater.java:takeSnapshot(281)) - b7359b5d-2f96-41df-9094-9722a03cb7a4@group-82F261664D2A-StateMachineUpdater: Took a snapshot at index 3
2021-07-28 08:37:40,151 [b7359b5d-2f96-41df-9094-9722a03cb7a4@group-82F261664D2A-StateMachineUpdater] INFO  impl.StateMachineUpdater (StateMachineUpdater.java:lambda$new$0(89)) - b7359b5d-2f96-41df-9094-9722a03cb7a4@group-82F261664D2A-StateMachineUpdater: snapshotIndex: updateIncreasingly -1 -> 3
2021-07-28 08:37:40,152 [ForkJoinPool.commonPool-worker-0] INFO  server.RaftServer$Division (ServerState.java:close(419)) - b7359b5d-2f96-41df-9094-9722a03cb7a4@group-82F261664D2A: closes. applyIndex: 3
2021-07-28 08:37:40,153 [b7359b5d-2f96-41df-9094-9722a03cb7a4@group-82F261664D2A-SegmentedRaftLogWorker] INFO  segmented.SegmentedRaftLogWorker (SegmentedRaftLogWorker.java:run(327)) - b7359b5d-2f96-41df-9094-9722a03cb7a4@group-82F261664D2A-SegmentedRaftLogWorker was interrupted, exiting. There are 0 tasks remaining in the queue.
2021-07-28 08:37:40,153 [ForkJoinPool.commonPool-worker-0] INFO  segmented.SegmentedRaftLogWorker (SegmentedRaftLogWorker.java:close(237)) - b7359b5d-2f96-41df-9094-9722a03cb7a4@group-82F261664D2A-SegmentedRaftLogWorker close()
2021-07-28 08:37:40,154 [ForkJoinPool.commonPool-worker-0] INFO  server.RaftServer$Division (RaftServerImpl.java:lambda$close$4(407)) - b7359b5d-2f96-41df-9094-9722a03cb7a4@group-A6C134BE56DC: shutdown
2021-07-28 08:37:40,154 [81ffaf6e-1a0b-4e8d-b763-a17fba998bf8@group-1B179147A28D-StateMachineUpdater] INFO  ratis.ContainerStateMachine (ContainerStateMachine.java:takeSnapshot(291)) - group-1B179147A28D: Taking a snapshot at:(t:1, i:0) file /home/runner/work/ozone/ozone/mnt/ozone/hadoop-ozone/integration-test/target/test-dir/MiniOzoneClusterImpl-7b7c0b8f-b3d8-4fbb-9550-cea541527f6c/datanode-8/data/ratis/a0d9895a-15d5-4a5d-8c53-1b179147a28d/sm/snapshot.1_0
2021-07-28 08:37:40,154 [ForkJoinPool.commonPool-worker-0] INFO  util.JmxRegister (JmxRegister.java:unregister(73)) - Successfully un-registered JMX Bean with object name Ratis:service=RaftServer,group=group-A6C134BE56DC,id=b7359b5d-2f96-41df-9094-9722a03cb7a4
2021-07-28 08:37:40,155 [ForkJoinPool.commonPool-worker-0] INFO  impl.RoleInfo (RoleInfo.java:shutdownLeaderState(91)) - b7359b5d-2f96-41df-9094-9722a03cb7a4: shutdown b7359b5d-2f96-41df-9094-9722a03cb7a4@group-A6C134BE56DC-LeaderStateImpl
2021-07-28 08:37:40,155 [ForkJoinPool.commonPool-worker-0] INFO  impl.PendingRequests (PendingRequests.java:sendNotLeaderResponses(249)) - b7359b5d-2f96-41df-9094-9722a03cb7a4@group-A6C134BE56DC-PendingRequests: sendNotLeaderResponses
2021-07-28 08:37:40,155 [81ffaf6e-1a0b-4e8d-b763-a17fba998bf8@group-1B179147A28D-StateMachineUpdater] INFO  ratis.ContainerStateMachine (ContainerStateMachine.java:takeSnapshot(302)) - group-1B179147A28D: Finished taking a snapshot at:(t:1, i:0) file:/home/runner/work/ozone/ozone/mnt/ozone/hadoop-ozone/integration-test/target/test-dir/MiniOzoneClusterImpl-7b7c0b8f-b3d8-4fbb-9550-cea541527f6c/datanode-8/data/ratis/a0d9895a-15d5-4a5d-8c53-1b179147a28d/sm/snapshot.1_0 took: 1 ms
2021-07-28 08:37:40,155 [Listener at 127.0.0.1/42363] INFO  impl.StateMachineUpdater (StateMachineUpdater.java:stopAndJoin(149)) - 81ffaf6e-1a0b-4e8d-b763-a17fba998bf8@group-1B179147A28D-StateMachineUpdater: set stopIndex = 0
2021-07-28 08:37:40,156 [ForkJoinPool.commonPool-worker-0] INFO  impl.StateMachineUpdater (StateMachineUpdater.java:stopAndJoin(149)) - b7359b5d-2f96-41df-9094-9722a03cb7a4@group-A6C134BE56DC-StateMachineUpdater: set stopIndex = 0
2021-07-28 08:37:40,155 [81ffaf6e-1a0b-4e8d-b763-a17fba998bf8@group-1B179147A28D-StateMachineUpdater] INFO  impl.StateMachineUpdater (StateMachineUpdater.java:takeSnapshot(281)) - 81ffaf6e-1a0b-4e8d-b763-a17fba998bf8@group-1B179147A28D-StateMachineUpdater: Took a snapshot at index 0
2021-07-28 08:37:40,156 [81ffaf6e-1a0b-4e8d-b763-a17fba998bf8@group-1B179147A28D-StateMachineUpdater] INFO  impl.StateMachineUpdater (StateMachineUpdater.java:lambda$new$0(89)) - 81ffaf6e-1a0b-4e8d-b763-a17fba998bf8@group-1B179147A28D-StateMachineUpdater: snapshotIndex: updateIncreasingly -1 -> 0
2021-07-28 08:37:40,156 [b7359b5d-2f96-41df-9094-9722a03cb7a4@group-A6C134BE56DC-StateMachineUpdater] INFO  ratis.ContainerStateMachine (ContainerStateMachine.java:takeSnapshot(291)) - group-A6C134BE56DC: Taking a snapshot at:(t:1, i:0) file /home/runner/work/ozone/ozone/mnt/ozone/hadoop-ozone/integration-test/target/test-dir/MiniOzoneClusterImpl-7b7c0b8f-b3d8-4fbb-9550-cea541527f6c/datanode-1/data/ratis/d6f15e4c-ef5a-45c8-8650-a6c134be56dc/sm/snapshot.1_0
2021-07-28 08:37:40,156 [Listener at 127.0.0.1/42363] INFO  server.RaftServer$Division (ServerState.java:close(419)) - 81ffaf6e-1a0b-4e8d-b763-a17fba998bf8@group-1B179147A28D: closes. applyIndex: 0
2021-07-28 08:37:40,157 [81ffaf6e-1a0b-4e8d-b763-a17fba998bf8@group-1B179147A28D-SegmentedRaftLogWorker] INFO  segmented.SegmentedRaftLogWorker (SegmentedRaftLogWorker.java:run(327)) - 81ffaf6e-1a0b-4e8d-b763-a17fba998bf8@group-1B179147A28D-SegmentedRaftLogWorker was interrupted, exiting. There are 0 tasks remaining in the queue.
2021-07-28 08:37:40,157 [b7359b5d-2f96-41df-9094-9722a03cb7a4@group-A6C134BE56DC-StateMachineUpdater] INFO  ratis.ContainerStateMachine (ContainerStateMachine.java:takeSnapshot(302)) - group-A6C134BE56DC: Finished taking a snapshot at:(t:1, i:0) file:/home/runner/work/ozone/ozone/mnt/ozone/hadoop-ozone/integration-test/target/test-dir/MiniOzoneClusterImpl-7b7c0b8f-b3d8-4fbb-9550-cea541527f6c/datanode-1/data/ratis/d6f15e4c-ef5a-45c8-8650-a6c134be56dc/sm/snapshot.1_0 took: 1 ms
2021-07-28 08:37:40,157 [b7359b5d-2f96-41df-9094-9722a03cb7a4@group-A6C134BE56DC-StateMachineUpdater] INFO  impl.StateMachineUpdater (StateMachineUpdater.java:takeSnapshot(281)) - b7359b5d-2f96-41df-9094-9722a03cb7a4@group-A6C134BE56DC-StateMachineUpdater: Took a snapshot at index 0
2021-07-28 08:37:40,157 [b7359b5d-2f96-41df-9094-9722a03cb7a4@group-A6C134BE56DC-StateMachineUpdater] INFO  impl.StateMachineUpdater (StateMachineUpdater.java:lambda$new$0(89)) - b7359b5d-2f96-41df-9094-9722a03cb7a4@group-A6C134BE56DC-StateMachineUpdater: snapshotIndex: updateIncreasingly -1 -> 0
2021-07-28 08:37:40,158 [Listener at 127.0.0.1/42363] INFO  segmented.SegmentedRaftLogWorker (SegmentedRaftLogWorker.java:close(237)) - 81ffaf6e-1a0b-4e8d-b763-a17fba998bf8@group-1B179147A28D-SegmentedRaftLogWorker close()
2021-07-28 08:37:40,158 [ForkJoinPool.commonPool-worker-0] INFO  server.RaftServer$Division (ServerState.java:close(419)) - b7359b5d-2f96-41df-9094-9722a03cb7a4@group-A6C134BE56DC: closes. applyIndex: 0
2021-07-28 08:37:40,161 [Listener at 127.0.0.1/42363] INFO  server.RaftServer$Division (RaftServerImpl.java:lambda$close$4(407)) - 81ffaf6e-1a0b-4e8d-b763-a17fba998bf8@group-D95E40A13D84: shutdown
2021-07-28 08:37:40,161 [b7359b5d-2f96-41df-9094-9722a03cb7a4@group-A6C134BE56DC-SegmentedRaftLogWorker] INFO  segmented.SegmentedRaftLogWorker (SegmentedRaftLogWorker.java:run(327)) - b7359b5d-2f96-41df-9094-9722a03cb7a4@group-A6C134BE56DC-SegmentedRaftLogWorker was interrupted, exiting. There are 0 tasks remaining in the queue.
2021-07-28 08:37:40,164 [ForkJoinPool.commonPool-worker-0] INFO  segmented.SegmentedRaftLogWorker (SegmentedRaftLogWorker.java:close(237)) - b7359b5d-2f96-41df-9094-9722a03cb7a4@group-A6C134BE56DC-SegmentedRaftLogWorker close()
2021-07-28 08:37:40,161 [Listener at 127.0.0.1/42363] INFO  util.JmxRegister (JmxRegister.java:unregister(73)) - Successfully un-registered JMX Bean with object name Ratis:service=RaftServer,group=group-D95E40A13D84,id=81ffaf6e-1a0b-4e8d-b763-a17fba998bf8
2021-07-28 08:37:40,165 [Listener at 127.0.0.1/42363] INFO  impl.RoleInfo (RoleInfo.java:shutdownFollowerState(108)) - 81ffaf6e-1a0b-4e8d-b763-a17fba998bf8: shutdown 81ffaf6e-1a0b-4e8d-b763-a17fba998bf8@group-D95E40A13D84-FollowerState
2021-07-28 08:37:40,165 [81ffaf6e-1a0b-4e8d-b763-a17fba998bf8@group-D95E40A13D84-FollowerState] INFO  impl.FollowerState (FollowerState.java:run(143)) - 81ffaf6e-1a0b-4e8d-b763-a17fba998bf8@group-D95E40A13D84-FollowerState was interrupted: {}
java.lang.InterruptedException: sleep interrupted
	at java.lang.Thread.sleep(Native Method)
	at java.lang.Thread.sleep(Thread.java:340)
	at java.util.concurrent.TimeUnit.sleep(TimeUnit.java:386)
	at org.apache.ratis.util.TimeDuration.sleep(TimeDuration.java:324)
	at org.apache.ratis.util.TimeDuration.sleep(TimeDuration.java:309)
	at org.apache.ratis.server.impl.FollowerState.run(FollowerState.java:118)
2021-07-28 08:37:40,166 [81ffaf6e-1a0b-4e8d-b763-a17fba998bf8@group-D95E40A13D84-StateMachineUpdater] INFO  ratis.ContainerStateMachine (ContainerStateMachine.java:takeSnapshot(291)) - group-D95E40A13D84: Taking a snapshot at:(t:6, i:0) file /home/runner/work/ozone/ozone/mnt/ozone/hadoop-ozone/integration-test/target/test-dir/MiniOzoneClusterImpl-7b7c0b8f-b3d8-4fbb-9550-cea541527f6c/datanode-8/data/ratis/0397c355-0ce0-4aba-bbd8-d95e40a13d84/sm/snapshot.6_0
2021-07-28 08:37:40,165 [ForkJoinPool.commonPool-worker-0] INFO  server.GrpcService (GrpcService.java:closeImpl(262)) - b7359b5d-2f96-41df-9094-9722a03cb7a4: shutdown server with port 35585 now
2021-07-28 08:37:40,166 [81ffaf6e-1a0b-4e8d-b763-a17fba998bf8@group-D95E40A13D84-StateMachineUpdater] INFO  ratis.ContainerStateMachine (ContainerStateMachine.java:takeSnapshot(302)) - group-D95E40A13D84: Finished taking a snapshot at:(t:6, i:0) file:/home/runner/work/ozone/ozone/mnt/ozone/hadoop-ozone/integration-test/target/test-dir/MiniOzoneClusterImpl-7b7c0b8f-b3d8-4fbb-9550-cea541527f6c/datanode-8/data/ratis/0397c355-0ce0-4aba-bbd8-d95e40a13d84/sm/snapshot.6_0 took: 1 ms
2021-07-28 08:37:40,167 [81ffaf6e-1a0b-4e8d-b763-a17fba998bf8@group-D95E40A13D84-StateMachineUpdater] INFO  impl.StateMachineUpdater (StateMachineUpdater.java:takeSnapshot(281)) - 81ffaf6e-1a0b-4e8d-b763-a17fba998bf8@group-D95E40A13D84-StateMachineUpdater: Took a snapshot at index 0
2021-07-28 08:37:40,167 [81ffaf6e-1a0b-4e8d-b763-a17fba998bf8@group-D95E40A13D84-StateMachineUpdater] INFO  impl.StateMachineUpdater (StateMachineUpdater.java:lambda$new$0(89)) - 81ffaf6e-1a0b-4e8d-b763-a17fba998bf8@group-D95E40A13D84-StateMachineUpdater: snapshotIndex: updateIncreasingly -1 -> 0
2021-07-28 08:37:40,166 [Listener at 127.0.0.1/42363] INFO  impl.StateMachineUpdater (StateMachineUpdater.java:stopAndJoin(149)) - 81ffaf6e-1a0b-4e8d-b763-a17fba998bf8@group-D95E40A13D84-StateMachineUpdater: set stopIndex = 0
2021-07-28 08:37:40,168 [Listener at 127.0.0.1/42363] INFO  server.RaftServer$Division (ServerState.java:close(419)) - 81ffaf6e-1a0b-4e8d-b763-a17fba998bf8@group-D95E40A13D84: closes. applyIndex: 0
2021-07-28 08:37:40,169 [81ffaf6e-1a0b-4e8d-b763-a17fba998bf8@group-D95E40A13D84-SegmentedRaftLogWorker] INFO  segmented.SegmentedRaftLogWorker (SegmentedRaftLogWorker.java:run(327)) - 81ffaf6e-1a0b-4e8d-b763-a17fba998bf8@group-D95E40A13D84-SegmentedRaftLogWorker was interrupted, exiting. There are 0 tasks remaining in the queue.
2021-07-28 08:37:40,171 [Listener at 127.0.0.1/42363] INFO  segmented.SegmentedRaftLogWorker (SegmentedRaftLogWorker.java:close(237)) - 81ffaf6e-1a0b-4e8d-b763-a17fba998bf8@group-D95E40A13D84-SegmentedRaftLogWorker close()
2021-07-28 08:37:40,177 [Listener at 127.0.0.1/42363] INFO  server.GrpcService (GrpcService.java:closeImpl(262)) - 81ffaf6e-1a0b-4e8d-b763-a17fba998bf8: shutdown server with port 40745 now
2021-07-28 08:37:40,178 [grpc-default-executor-4] WARN  server.GrpcServerProtocolService (LogUtils.java:warn(122)) - 81ffaf6e-1a0b-4e8d-b763-a17fba998bf8: installSnapshot onError, lastRequest: 954c2539-c430-4abc-b152-2157e37527ee->81ffaf6e-1a0b-4e8d-b763-a17fba998bf8#1-t6,previous=(t:0, i:0),leaderCommit=0,initializing? true,entries: size=1, first=(t:6, i:0), CONFIGURATIONENTRY: org.apache.ratis.thirdparty.io.grpc.StatusRuntimeException: CANCELLED: client cancelled
2021-07-28 08:37:40,180 [ForkJoinPool.commonPool-worker-0] INFO  server.GrpcService (GrpcService.java:closeImpl(271)) - b7359b5d-2f96-41df-9094-9722a03cb7a4: shutdown server with port 35585 successfully
2021-07-28 08:37:40,181 [grpc-default-executor-4] WARN  server.GrpcLogAppender (LogUtils.java:warn(122)) - 954c2539-c430-4abc-b152-2157e37527ee@group-D95E40A13D84->81ffaf6e-1a0b-4e8d-b763-a17fba998bf8-AppendLogResponseHandler: Failed appendEntries: org.apache.ratis.thirdparty.io.grpc.StatusRuntimeException: CANCELLED: HTTP/2 error code: CANCEL
Received Rst Stream
2021-07-28 08:37:40,181 [grpc-default-executor-4] WARN  server.GrpcLogAppender (GrpcLogAppender.java:resetClient(111)) - 954c2539-c430-4abc-b152-2157e37527ee@group-D95E40A13D84->81ffaf6e-1a0b-4e8d-b763-a17fba998bf8-GrpcLogAppender: Leader has not got in touch with Follower 954c2539-c430-4abc-b152-2157e37527ee@group-D95E40A13D84->81ffaf6e-1a0b-4e8d-b763-a17fba998bf8(c0,m0,n1, attendVote=true, lastRpcSendTime=2122, lastRpcResponseTime=2120) yet, just keep nextIndex unchanged and retry.
2021-07-28 08:37:40,181 [org.apache.ratis.util.JvmPauseMonitor$$Lambda$526/290161071@70f7ea1c] INFO  util.JvmPauseMonitor (JvmPauseMonitor.java:run(109)) - JvmPauseMonitor-b7359b5d-2f96-41df-9094-9722a03cb7a4: Stopped
2021-07-28 08:37:40,187 [Listener at 127.0.0.1/42363] INFO  server.GrpcService (GrpcService.java:closeImpl(271)) - 81ffaf6e-1a0b-4e8d-b763-a17fba998bf8: shutdown server with port 40745 successfully
2021-07-28 08:37:40,187 [org.apache.ratis.util.JvmPauseMonitor$$Lambda$526/290161071@b6391a7] INFO  util.JvmPauseMonitor (JvmPauseMonitor.java:run(109)) - JvmPauseMonitor-81ffaf6e-1a0b-4e8d-b763-a17fba998bf8: Stopped
2021-07-28 08:37:40,189 [ForkJoinPool.commonPool-worker-0] INFO  utils.BackgroundService (BackgroundService.java:shutdown(132)) - Shutting down service BlockDeletingService
2021-07-28 08:37:40,190 [ForkJoinPool.commonPool-worker-0] INFO  statemachine.DatanodeStateMachine (DatanodeStateMachine.java:stopDaemon(514)) - Ozone container server stopped.
2021-07-28 08:37:40,190 [Listener at 127.0.0.1/42363] INFO  utils.BackgroundService (BackgroundService.java:shutdown(132)) - Shutting down service BlockDeletingService
2021-07-28 08:37:40,194 [Listener at 127.0.0.1/42363] INFO  statemachine.DatanodeStateMachine (DatanodeStateMachine.java:stopDaemon(514)) - Ozone container server stopped.
2021-07-28 08:37:40,195 [Listener at 127.0.0.1/42363] INFO  handler.ContextHandler (ContextHandler.java:doStop(1154)) - Stopped o.e.j.w.WebAppContext@3e6bbac6{hddsDatanode,/,null,STOPPED}{jar:file:/home/runner/.m2/repository/org/apache/ozone/hdds-container-service/1.2.0-SNAPSHOT/hdds-container-service-1.2.0-SNAPSHOT.jar!/webapps/hddsDatanode}
2021-07-28 08:37:40,217 [ForkJoinPool.commonPool-worker-0] INFO  handler.ContextHandler (ContextHandler.java:doStop(1154)) - Stopped o.e.j.w.WebAppContext@6170aaf0{hddsDatanode,/,null,STOPPED}{jar:file:/home/runner/.m2/repository/org/apache/ozone/hdds-container-service/1.2.0-SNAPSHOT/hdds-container-service-1.2.0-SNAPSHOT.jar!/webapps/hddsDatanode}
2021-07-28 08:37:40,220 [Listener at 127.0.0.1/42363] INFO  server.AbstractConnector (AbstractConnector.java:doStop(381)) - Stopped ServerConnector@31d6da7f{HTTP/1.1, (http/1.1)}{0.0.0.0:0}
2021-07-28 08:37:40,220 [Listener at 127.0.0.1/42363] INFO  server.session (HouseKeeper.java:stopScavenging(149)) - node0 Stopped scavenging
2021-07-28 08:37:40,220 [Listener at 127.0.0.1/42363] INFO  handler.ContextHandler (ContextHandler.java:doStop(1154)) - Stopped o.e.j.s.ServletContextHandler@54d12021{static,/static,jar:file:/home/runner/.m2/repository/org/apache/ozone/hdds-container-service/1.2.0-SNAPSHOT/hdds-container-service-1.2.0-SNAPSHOT.jar!/webapps/static,STOPPED}
2021-07-28 08:37:40,221 [ForkJoinPool.commonPool-worker-0] INFO  server.AbstractConnector (AbstractConnector.java:doStop(381)) - Stopped ServerConnector@d12aecb{HTTP/1.1, (http/1.1)}{0.0.0.0:0}
2021-07-28 08:37:40,221 [ForkJoinPool.commonPool-worker-0] INFO  server.session (HouseKeeper.java:stopScavenging(149)) - node0 Stopped scavenging
2021-07-28 08:37:40,221 [Listener at 127.0.0.1/42363] INFO  handler.ContextHandler (ContextHandler.java:doStop(1154)) - Stopped o.e.j.s.ServletContextHandler@44dcc583{logs,/logs,file:///home/runner/work/ozone/ozone/mnt/ozone/hadoop-ozone/integration-test/target/log,STOPPED}
2021-07-28 08:37:40,231 [ForkJoinPool.commonPool-worker-0] INFO  handler.ContextHandler (ContextHandler.java:doStop(1154)) - Stopped o.e.j.s.ServletContextHandler@4e14a84{static,/static,jar:file:/home/runner/.m2/repository/org/apache/ozone/hdds-container-service/1.2.0-SNAPSHOT/hdds-container-service-1.2.0-SNAPSHOT.jar!/webapps/static,STOPPED}
2021-07-28 08:37:40,241 [ForkJoinPool.commonPool-worker-0] INFO  handler.ContextHandler (ContextHandler.java:doStop(1154)) - Stopped o.e.j.s.ServletContextHandler@45d952a1{logs,/logs,file:///home/runner/work/ozone/ozone/mnt/ozone/hadoop-ozone/integration-test/target/log,STOPPED}
2021-07-28 08:37:40,511 [Datanode State Machine Thread - 0] INFO  statemachine.DatanodeStateMachine (DatanodeStateMachine.java:lambda$startDaemon$0(456)) - Ozone container server started.
2021-07-28 08:37:40,541 [grpc-default-executor-4] WARN  server.GrpcLogAppender (LogUtils.java:warn(122)) - 954c2539-c430-4abc-b152-2157e37527ee@group-D95E40A13D84->5adaab23-8dc1-4fdb-be6f-dc28f4219fad-AppendLogResponseHandler: Failed appendEntries: org.apache.ratis.thirdparty.io.grpc.StatusRuntimeException: UNAVAILABLE: io exception
2021-07-28 08:37:40,541 [grpc-default-executor-4] WARN  server.GrpcLogAppender (GrpcLogAppender.java:resetClient(111)) - 954c2539-c430-4abc-b152-2157e37527ee@group-D95E40A13D84->5adaab23-8dc1-4fdb-be6f-dc28f4219fad-GrpcLogAppender: Leader has not got in touch with Follower 954c2539-c430-4abc-b152-2157e37527ee@group-D95E40A13D84->5adaab23-8dc1-4fdb-be6f-dc28f4219fad(c-1,m0,n1, attendVote=true, lastRpcSendTime=0, lastRpcResponseTime=10230) yet, just keep nextIndex unchanged and retry.
2021-07-28 08:37:40,563 [grpc-default-executor-1] WARN  server.GrpcLogAppender (LogUtils.java:warn(122)) - 954c2539-c430-4abc-b152-2157e37527ee@group-D95E40A13D84->81ffaf6e-1a0b-4e8d-b763-a17fba998bf8-AppendLogResponseHandler: Failed appendEntries: org.apache.ratis.thirdparty.io.grpc.StatusRuntimeException: UNAVAILABLE: io exception
2021-07-28 08:37:40,563 [grpc-default-executor-1] WARN  server.GrpcLogAppender (GrpcLogAppender.java:resetClient(111)) - 954c2539-c430-4abc-b152-2157e37527ee@group-D95E40A13D84->81ffaf6e-1a0b-4e8d-b763-a17fba998bf8-GrpcLogAppender: Leader has not got in touch with Follower 954c2539-c430-4abc-b152-2157e37527ee@group-D95E40A13D84->81ffaf6e-1a0b-4e8d-b763-a17fba998bf8(c0,m0,n1, attendVote=true, lastRpcSendTime=2, lastRpcResponseTime=2503) yet, just keep nextIndex unchanged and retry.
2021-07-28 08:37:43,041 [grpc-default-executor-1] WARN  server.GrpcLogAppender (LogUtils.java:warn(122)) - 954c2539-c430-4abc-b152-2157e37527ee@group-D95E40A13D84->5adaab23-8dc1-4fdb-be6f-dc28f4219fad-AppendLogResponseHandler: Failed appendEntries: org.apache.ratis.thirdparty.io.grpc.StatusRuntimeException: UNAVAILABLE: io exception
2021-07-28 08:37:43,044 [grpc-default-executor-1] WARN  server.GrpcLogAppender (GrpcLogAppender.java:resetClient(111)) - 954c2539-c430-4abc-b152-2157e37527ee@group-D95E40A13D84->5adaab23-8dc1-4fdb-be6f-dc28f4219fad-GrpcLogAppender: Leader has not got in touch with Follower 954c2539-c430-4abc-b152-2157e37527ee@group-D95E40A13D84->5adaab23-8dc1-4fdb-be6f-dc28f4219fad(c-1,m0,n1, attendVote=true, lastRpcSendTime=0, lastRpcResponseTime=12732) yet, just keep nextIndex unchanged and retry.
2021-07-28 08:37:43,061 [grpc-default-executor-1] WARN  server.GrpcLogAppender (LogUtils.java:warn(122)) - 954c2539-c430-4abc-b152-2157e37527ee@group-D95E40A13D84->81ffaf6e-1a0b-4e8d-b763-a17fba998bf8-AppendLogResponseHandler: Failed appendEntries: org.apache.ratis.thirdparty.io.grpc.StatusRuntimeException: UNAVAILABLE: io exception
2021-07-28 08:37:43,061 [grpc-default-executor-1] WARN  server.GrpcLogAppender (GrpcLogAppender.java:resetClient(111)) - 954c2539-c430-4abc-b152-2157e37527ee@group-D95E40A13D84->81ffaf6e-1a0b-4e8d-b763-a17fba998bf8-GrpcLogAppender: Leader has not got in touch with Follower 954c2539-c430-4abc-b152-2157e37527ee@group-D95E40A13D84->81ffaf6e-1a0b-4e8d-b763-a17fba998bf8(c0,m0,n1, attendVote=true, lastRpcSendTime=2500, lastRpcResponseTime=5001) yet, just keep nextIndex unchanged and retry.
2021-07-28 08:37:45,243 [Listener at 127.0.0.1/42363] INFO  ozoneimpl.OzoneContainer (OzoneContainer.java:stop(326)) - Attempting to stop container services.
2021-07-28 08:37:45,244 [Listener at 127.0.0.1/42363] INFO  server.RaftServer (RaftServerProxy.java:lambda$close$6(391)) - 954c2539-c430-4abc-b152-2157e37527ee: close
2021-07-28 08:37:45,252 [Listener at 127.0.0.1/42363] INFO  server.RaftServer$Division (RaftServerImpl.java:lambda$close$4(407)) - 954c2539-c430-4abc-b152-2157e37527ee@group-6183A439E866: shutdown
2021-07-28 08:37:45,253 [Listener at 127.0.0.1/42363] INFO  util.JmxRegister (JmxRegister.java:unregister(73)) - Successfully un-registered JMX Bean with object name Ratis:service=RaftServer,group=group-6183A439E866,id=954c2539-c430-4abc-b152-2157e37527ee
2021-07-28 08:37:45,253 [Listener at 127.0.0.1/42363] INFO  impl.RoleInfo (RoleInfo.java:shutdownLeaderState(91)) - 954c2539-c430-4abc-b152-2157e37527ee: shutdown 954c2539-c430-4abc-b152-2157e37527ee@group-6183A439E866-LeaderStateImpl
2021-07-28 08:37:45,253 [Listener at 127.0.0.1/42363] INFO  impl.PendingRequests (PendingRequests.java:sendNotLeaderResponses(249)) - 954c2539-c430-4abc-b152-2157e37527ee@group-6183A439E866-PendingRequests: sendNotLeaderResponses
2021-07-28 08:37:45,254 [Listener at 127.0.0.1/42363] INFO  impl.StateMachineUpdater (StateMachineUpdater.java:stopAndJoin(149)) - 954c2539-c430-4abc-b152-2157e37527ee@group-6183A439E866-StateMachineUpdater: set stopIndex = 0
2021-07-28 08:37:45,255 [954c2539-c430-4abc-b152-2157e37527ee@group-6183A439E866-StateMachineUpdater] INFO  ratis.ContainerStateMachine (ContainerStateMachine.java:takeSnapshot(291)) - group-6183A439E866: Taking a snapshot at:(t:1, i:0) file /home/runner/work/ozone/ozone/mnt/ozone/hadoop-ozone/integration-test/target/test-dir/MiniOzoneClusterImpl-7b7c0b8f-b3d8-4fbb-9550-cea541527f6c/datanode-6/data/ratis/a78b0723-9a9c-4ecf-8d5c-6183a439e866/sm/snapshot.1_0
2021-07-28 08:37:45,255 [954c2539-c430-4abc-b152-2157e37527ee@group-6183A439E866-StateMachineUpdater] INFO  ratis.ContainerStateMachine (ContainerStateMachine.java:takeSnapshot(302)) - group-6183A439E866: Finished taking a snapshot at:(t:1, i:0) file:/home/runner/work/ozone/ozone/mnt/ozone/hadoop-ozone/integration-test/target/test-dir/MiniOzoneClusterImpl-7b7c0b8f-b3d8-4fbb-9550-cea541527f6c/datanode-6/data/ratis/a78b0723-9a9c-4ecf-8d5c-6183a439e866/sm/snapshot.1_0 took: 1 ms
2021-07-28 08:37:45,256 [954c2539-c430-4abc-b152-2157e37527ee@group-6183A439E866-StateMachineUpdater] INFO  impl.StateMachineUpdater (StateMachineUpdater.java:takeSnapshot(281)) - 954c2539-c430-4abc-b152-2157e37527ee@group-6183A439E866-StateMachineUpdater: Took a snapshot at index 0
2021-07-28 08:37:45,256 [954c2539-c430-4abc-b152-2157e37527ee@group-6183A439E866-StateMachineUpdater] INFO  impl.StateMachineUpdater (StateMachineUpdater.java:lambda$new$0(89)) - 954c2539-c430-4abc-b152-2157e37527ee@group-6183A439E866-StateMachineUpdater: snapshotIndex: updateIncreasingly -1 -> 0
2021-07-28 08:37:45,256 [Listener at 127.0.0.1/42363] INFO  server.RaftServer$Division (ServerState.java:close(419)) - 954c2539-c430-4abc-b152-2157e37527ee@group-6183A439E866: closes. applyIndex: 0
2021-07-28 08:37:45,256 [954c2539-c430-4abc-b152-2157e37527ee@group-6183A439E866-SegmentedRaftLogWorker] INFO  segmented.SegmentedRaftLogWorker (SegmentedRaftLogWorker.java:run(327)) - 954c2539-c430-4abc-b152-2157e37527ee@group-6183A439E866-SegmentedRaftLogWorker was interrupted, exiting. There are 0 tasks remaining in the queue.
2021-07-28 08:37:45,256 [Listener at 127.0.0.1/42363] INFO  segmented.SegmentedRaftLogWorker (SegmentedRaftLogWorker.java:close(237)) - 954c2539-c430-4abc-b152-2157e37527ee@group-6183A439E866-SegmentedRaftLogWorker close()
2021-07-28 08:37:45,261 [Listener at 127.0.0.1/42363] INFO  server.RaftServer$Division (RaftServerImpl.java:lambda$close$4(407)) - 954c2539-c430-4abc-b152-2157e37527ee@group-D95E40A13D84: shutdown
2021-07-28 08:37:45,262 [Listener at 127.0.0.1/42363] INFO  util.JmxRegister (JmxRegister.java:unregister(73)) - Successfully un-registered JMX Bean with object name Ratis:service=RaftServer,group=group-D95E40A13D84,id=954c2539-c430-4abc-b152-2157e37527ee
2021-07-28 08:37:45,262 [Listener at 127.0.0.1/42363] INFO  impl.RoleInfo (RoleInfo.java:shutdownLeaderState(91)) - 954c2539-c430-4abc-b152-2157e37527ee: shutdown 954c2539-c430-4abc-b152-2157e37527ee@group-D95E40A13D84-LeaderStateImpl
2021-07-28 08:37:45,262 [Listener at 127.0.0.1/42363] INFO  impl.PendingRequests (PendingRequests.java:sendNotLeaderResponses(249)) - 954c2539-c430-4abc-b152-2157e37527ee@group-D95E40A13D84-PendingRequests: sendNotLeaderResponses
2021-07-28 08:37:45,263 [Listener at 127.0.0.1/42363] INFO  impl.StateMachineUpdater (StateMachineUpdater.java:stopAndJoin(149)) - 954c2539-c430-4abc-b152-2157e37527ee@group-D95E40A13D84-StateMachineUpdater: set stopIndex = 0
2021-07-28 08:37:45,263 [954c2539-c430-4abc-b152-2157e37527ee@group-D95E40A13D84-StateMachineUpdater] INFO  ratis.ContainerStateMachine (ContainerStateMachine.java:takeSnapshot(291)) - group-D95E40A13D84: Taking a snapshot at:(t:6, i:0) file /home/runner/work/ozone/ozone/mnt/ozone/hadoop-ozone/integration-test/target/test-dir/MiniOzoneClusterImpl-7b7c0b8f-b3d8-4fbb-9550-cea541527f6c/datanode-6/data/ratis/0397c355-0ce0-4aba-bbd8-d95e40a13d84/sm/snapshot.6_0
2021-07-28 08:37:45,264 [954c2539-c430-4abc-b152-2157e37527ee@group-D95E40A13D84-StateMachineUpdater] INFO  ratis.ContainerStateMachine (ContainerStateMachine.java:takeSnapshot(302)) - group-D95E40A13D84: Finished taking a snapshot at:(t:6, i:0) file:/home/runner/work/ozone/ozone/mnt/ozone/hadoop-ozone/integration-test/target/test-dir/MiniOzoneClusterImpl-7b7c0b8f-b3d8-4fbb-9550-cea541527f6c/datanode-6/data/ratis/0397c355-0ce0-4aba-bbd8-d95e40a13d84/sm/snapshot.6_0 took: 1 ms
2021-07-28 08:37:45,264 [954c2539-c430-4abc-b152-2157e37527ee@group-D95E40A13D84-StateMachineUpdater] INFO  impl.StateMachineUpdater (StateMachineUpdater.java:takeSnapshot(281)) - 954c2539-c430-4abc-b152-2157e37527ee@group-D95E40A13D84-StateMachineUpdater: Took a snapshot at index 0
2021-07-28 08:37:45,264 [954c2539-c430-4abc-b152-2157e37527ee@group-D95E40A13D84-StateMachineUpdater] INFO  impl.StateMachineUpdater (StateMachineUpdater.java:lambda$new$0(89)) - 954c2539-c430-4abc-b152-2157e37527ee@group-D95E40A13D84-StateMachineUpdater: snapshotIndex: updateIncreasingly -1 -> 0
2021-07-28 08:37:45,265 [Listener at 127.0.0.1/42363] INFO  server.RaftServer$Division (ServerState.java:close(419)) - 954c2539-c430-4abc-b152-2157e37527ee@group-D95E40A13D84: closes. applyIndex: 0
2021-07-28 08:37:45,265 [954c2539-c430-4abc-b152-2157e37527ee@group-D95E40A13D84-SegmentedRaftLogWorker] INFO  segmented.SegmentedRaftLogWorker (SegmentedRaftLogWorker.java:run(327)) - 954c2539-c430-4abc-b152-2157e37527ee@group-D95E40A13D84-SegmentedRaftLogWorker was interrupted, exiting. There are 0 tasks remaining in the queue.
2021-07-28 08:37:45,265 [Listener at 127.0.0.1/42363] INFO  segmented.SegmentedRaftLogWorker (SegmentedRaftLogWorker.java:close(237)) - 954c2539-c430-4abc-b152-2157e37527ee@group-D95E40A13D84-SegmentedRaftLogWorker close()
2021-07-28 08:37:45,266 [Listener at 127.0.0.1/42363] INFO  server.GrpcService (GrpcService.java:closeImpl(262)) - 954c2539-c430-4abc-b152-2157e37527ee: shutdown server with port 36295 now
2021-07-28 08:37:45,268 [Listener at 127.0.0.1/42363] INFO  server.GrpcService (GrpcService.java:closeImpl(271)) - 954c2539-c430-4abc-b152-2157e37527ee: shutdown server with port 36295 successfully
2021-07-28 08:37:45,269 [org.apache.ratis.util.JvmPauseMonitor$$Lambda$526/290161071@6e1ef3e8] INFO  util.JvmPauseMonitor (JvmPauseMonitor.java:run(109)) - JvmPauseMonitor-954c2539-c430-4abc-b152-2157e37527ee: Stopped
2021-07-28 08:37:45,269 [Listener at 127.0.0.1/42363] INFO  utils.BackgroundService (BackgroundService.java:shutdown(132)) - Shutting down service BlockDeletingService
2021-07-28 08:37:45,270 [Listener at 127.0.0.1/42363] INFO  statemachine.DatanodeStateMachine (DatanodeStateMachine.java:stopDaemon(514)) - Ozone container server stopped.
2021-07-28 08:37:45,270 [Listener at 127.0.0.1/42363] INFO  handler.ContextHandler (ContextHandler.java:doStop(1154)) - Stopped o.e.j.w.WebAppContext@62163cf7{hddsDatanode,/,null,STOPPED}{jar:file:/home/runner/.m2/repository/org/apache/ozone/hdds-container-service/1.2.0-SNAPSHOT/hdds-container-service-1.2.0-SNAPSHOT.jar!/webapps/hddsDatanode}
2021-07-28 08:37:45,271 [Listener at 127.0.0.1/42363] INFO  server.AbstractConnector (AbstractConnector.java:doStop(381)) - Stopped ServerConnector@ccbf3f{HTTP/1.1, (http/1.1)}{0.0.0.0:0}
2021-07-28 08:37:45,272 [Listener at 127.0.0.1/42363] INFO  server.session (HouseKeeper.java:stopScavenging(149)) - node0 Stopped scavenging
2021-07-28 08:37:45,272 [Listener at 127.0.0.1/42363] INFO  handler.ContextHandler (ContextHandler.java:doStop(1154)) - Stopped o.e.j.s.ServletContextHandler@59501e6{static,/static,jar:file:/home/runner/.m2/repository/org/apache/ozone/hdds-container-service/1.2.0-SNAPSHOT/hdds-container-service-1.2.0-SNAPSHOT.jar!/webapps/static,STOPPED}
2021-07-28 08:37:45,272 [Listener at 127.0.0.1/42363] INFO  handler.ContextHandler (ContextHandler.java:doStop(1154)) - Stopped o.e.j.s.ServletContextHandler@128e9772{logs,/logs,file:///home/runner/work/ozone/ozone/mnt/ozone/hadoop-ozone/integration-test/target/log,STOPPED}
2021-07-28 08:37:45,274 [Listener at 127.0.0.1/42363] INFO  ozone.MiniOzoneClusterImpl (MiniOzoneClusterImpl.java:stopSCM(542)) - Stopping the StorageContainerManager
2021-07-28 08:37:45,274 [Listener at 127.0.0.1/42363] INFO  server.StorageContainerManager (StorageContainerManager.java:stop(1337)) - Stopping Replication Manager Service.
2021-07-28 08:37:45,274 [Listener at 127.0.0.1/42363] INFO  container.ReplicationManager (ReplicationManager.java:stop(317)) - Stopping Replication Monitor Thread.
2021-07-28 08:37:45,274 [Listener at 127.0.0.1/42363] INFO  server.StorageContainerManager (StorageContainerManager.java:stop(1344)) - Stopping the Datanode Admin Monitor.
2021-07-28 08:37:45,274 [Listener at 127.0.0.1/42363] INFO  server.StorageContainerManager (StorageContainerManager.java:stop(1351)) - Stopping Lease Manager of the command watchers
2021-07-28 08:37:45,275 [Listener at 127.0.0.1/42363] INFO  server.StorageContainerManager (StorageContainerManager.java:stop(1358)) - Stopping datanode service RPC server
2021-07-28 08:37:45,275 [Listener at 127.0.0.1/42363] INFO  server.SCMDatanodeProtocolServer (SCMDatanodeProtocolServer.java:stop(389)) - Stopping the RPC server for DataNodes
2021-07-28 08:37:45,275 [Listener at 127.0.0.1/42363] INFO  ipc.Server (Server.java:stop(3414)) - Stopping server on 40453
2021-07-28 08:37:45,276 [IPC Server listener on 0] INFO  ipc.Server (Server.java:run(1376)) - Stopping IPC Server listener on 0
2021-07-28 08:37:45,285 [IPC Server Responder] INFO  ipc.Server (Server.java:run(1512)) - Stopping IPC Server Responder
2021-07-28 08:37:45,373 [SCM Heartbeat Processing Thread - 0] WARN  node.NodeStateManager (NodeStateManager.java:scheduleNextHealthCheck(799)) - Current Thread is interrupted, shutting down HB processing thread for Node Manager.
2021-07-28 08:37:45,373 [Listener at 127.0.0.1/42363] INFO  server.StorageContainerManager (StorageContainerManager.java:stop(1366)) - Stopping block service RPC server
2021-07-28 08:37:45,374 [Listener at 127.0.0.1/42363] INFO  server.SCMBlockProtocolServer (SCMBlockProtocolServer.java:stop(160)) - Stopping the RPC server for Block Protocol
2021-07-28 08:37:45,374 [Listener at 127.0.0.1/42363] INFO  ipc.Server (Server.java:stop(3414)) - Stopping server on 43745
2021-07-28 08:37:45,375 [IPC Server listener on 0] INFO  ipc.Server (Server.java:run(1376)) - Stopping IPC Server listener on 0
2021-07-28 08:37:45,376 [IPC Server Responder] INFO  ipc.Server (Server.java:run(1512)) - Stopping IPC Server Responder
2021-07-28 08:37:45,376 [Listener at 127.0.0.1/42363] INFO  server.StorageContainerManager (StorageContainerManager.java:stop(1373)) - Stopping the StorageContainerLocationProtocol RPC server
2021-07-28 08:37:45,377 [Listener at 127.0.0.1/42363] INFO  server.SCMClientProtocolServer (SCMClientProtocolServer.java:stop(174)) - Stopping the RPC server for Client Protocol
2021-07-28 08:37:45,377 [Listener at 127.0.0.1/42363] INFO  ipc.Server (Server.java:stop(3414)) - Stopping server on 41693
2021-07-28 08:37:45,378 [Listener at 127.0.0.1/42363] INFO  server.StorageContainerManager (StorageContainerManager.java:stop(1380)) - Stopping Storage Container Manager HTTP server.
2021-07-28 08:37:45,379 [IPC Server listener on 0] INFO  ipc.Server (Server.java:run(1376)) - Stopping IPC Server listener on 0
2021-07-28 08:37:45,379 [Listener at 127.0.0.1/42363] INFO  handler.ContextHandler (ContextHandler.java:doStop(1154)) - Stopped o.e.j.w.WebAppContext@44705f9{scm,/,null,STOPPED}{file:/home/runner/work/ozone/ozone/mnt/ozone/hadoop-ozone/integration-test/target/test-classes/webapps/scm}
2021-07-28 08:37:45,378 [IPC Server Responder] INFO  ipc.Server (Server.java:run(1512)) - Stopping IPC Server Responder
2021-07-28 08:37:45,380 [Listener at 127.0.0.1/42363] INFO  server.AbstractConnector (AbstractConnector.java:doStop(381)) - Stopped ServerConnector@1179a963{HTTP/1.1, (http/1.1)}{0.0.0.0:0}
2021-07-28 08:37:45,381 [Listener at 127.0.0.1/42363] INFO  server.session (HouseKeeper.java:stopScavenging(149)) - node0 Stopped scavenging
2021-07-28 08:37:45,381 [Listener at 127.0.0.1/42363] INFO  handler.ContextHandler (ContextHandler.java:doStop(1154)) - Stopped o.e.j.s.ServletContextHandler@4fb68460{static,/static,file:///home/runner/work/ozone/ozone/mnt/ozone/hadoop-ozone/integration-test/target/test-classes/webapps/static,STOPPED}
2021-07-28 08:37:45,381 [Listener at 127.0.0.1/42363] INFO  handler.ContextHandler (ContextHandler.java:doStop(1154)) - Stopped o.e.j.s.ServletContextHandler@31dc6210{logs,/logs,file:///home/runner/work/ozone/ozone/mnt/ozone/hadoop-ozone/integration-test/target/log,STOPPED}
2021-07-28 08:37:45,382 [Listener at 127.0.0.1/42363] INFO  server.StorageContainerManager (StorageContainerManager.java:stop(1391)) - Stopping Block Manager Service.
2021-07-28 08:37:45,382 [Listener at 127.0.0.1/42363] INFO  utils.BackgroundService (BackgroundService.java:shutdown(132)) - Shutting down service SCMBlockDeletingService
2021-07-28 08:37:45,382 [Listener at 127.0.0.1/42363] INFO  utils.BackgroundService (BackgroundService.java:shutdown(132)) - Shutting down service SCMBlockDeletingService
2021-07-28 08:37:45,382 [Listener at 127.0.0.1/42363] INFO  server.StorageContainerManager (StorageContainerManager.java:stop(1418)) - Stopping SCM Event Queue.
2021-07-28 08:37:45,384 [Listener at 127.0.0.1/42363] INFO  server.StorageContainerManager (StorageContainerManager.java:stop(1429)) - Stopping SCM HA services.
2021-07-28 08:37:45,384 [Listener at 127.0.0.1/42363] INFO  pipeline.BackgroundPipelineCreator (BackgroundPipelineCreatorV2.java:stop(158)) - Stopping RatisPipelineUtilsThread.
2021-07-28 08:37:45,384 [Listener at 127.0.0.1/42363] INFO  server.StorageContainerManager (StorageContainerManager.java:stop(1439)) - Stopping SCM MetadataStore.
2021-07-28 08:37:45,386 [Listener at 127.0.0.1/42363] INFO  impl.MetricsSystemImpl (MetricsSystemImpl.java:stop(210)) - Stopping HddsDatanode metrics system...
2021-07-28 08:37:45,406 [prometheus] INFO  impl.MetricsSinkAdapter (MetricsSinkAdapter.java:publishMetricsFromQueue(141)) - prometheus thread interrupted.
2021-07-28 08:37:45,406 [Listener at 127.0.0.1/42363] INFO  impl.MetricsSystemImpl (MetricsSystemImpl.java:stop(216)) - HddsDatanode metrics system stopped.
]]></system-out>
    <system-err><![CDATA[Jul 28, 2021 8:37:03 AM org.apache.ratis.thirdparty.io.grpc.internal.ManagedChannelOrphanWrapper$ManagedChannelReference cleanQueue
SEVERE: *~*~*~ Channel ManagedChannelImpl{logId=485, target=10.1.0.59:45761} was not shutdown properly!!! ~*~*~*
    Make sure to call shutdown()/shutdownNow() and wait until awaitTermination() returns true.
java.lang.RuntimeException: ManagedChannel allocation site
	at org.apache.ratis.thirdparty.io.grpc.internal.ManagedChannelOrphanWrapper$ManagedChannelReference.<init>(ManagedChannelOrphanWrapper.java:93)
	at org.apache.ratis.thirdparty.io.grpc.internal.ManagedChannelOrphanWrapper.<init>(ManagedChannelOrphanWrapper.java:53)
	at org.apache.ratis.thirdparty.io.grpc.internal.ManagedChannelOrphanWrapper.<init>(ManagedChannelOrphanWrapper.java:44)
	at org.apache.ratis.thirdparty.io.grpc.internal.ManagedChannelImplBuilder.build(ManagedChannelImplBuilder.java:596)
	at org.apache.ratis.thirdparty.io.grpc.ForwardingChannelBuilder.build(ForwardingChannelBuilder.java:255)
	at org.apache.ratis.grpc.client.GrpcClientProtocolClient.buildChannel(GrpcClientProtocolClient.java:159)
	at org.apache.ratis.grpc.client.GrpcClientProtocolClient.<init>(GrpcClientProtocolClient.java:110)
	at org.apache.ratis.grpc.client.GrpcClientRpc.lambda$new$0(GrpcClientRpc.java:57)
	at org.apache.ratis.util.PeerProxyMap$PeerAndProxy.lambda$getProxy$0(PeerProxyMap.java:63)
	at org.apache.ratis.util.LifeCycle.startAndTransition(LifeCycle.java:270)
	at org.apache.ratis.util.PeerProxyMap$PeerAndProxy.getProxy(PeerProxyMap.java:62)
	at org.apache.ratis.util.PeerProxyMap.getProxy(PeerProxyMap.java:114)
	at org.apache.ratis.grpc.client.GrpcClientRpc.sendRequestAsyncUnordered(GrpcClientRpc.java:79)
	at org.apache.ratis.client.impl.UnorderedAsync.sendRequestWithRetry(UnorderedAsync.java:77)
	at org.apache.ratis.client.impl.UnorderedAsync.lambda$null$2(UnorderedAsync.java:125)
	at org.apache.ratis.util.TimeoutScheduler.lambda$onTimeout$0(TimeoutScheduler.java:141)
	at org.apache.ratis.util.TimeoutScheduler.lambda$onTimeout$1(TimeoutScheduler.java:155)
	at org.apache.ratis.util.LogUtils.runAndLog(LogUtils.java:38)
	at org.apache.ratis.util.LogUtils$1.run(LogUtils.java:79)
	at java.util.concurrent.Executors$RunnableAdapter.call(Executors.java:511)
	at java.util.concurrent.FutureTask.run(FutureTask.java:266)
	at java.util.concurrent.ScheduledThreadPoolExecutor$ScheduledFutureTask.access$201(ScheduledThreadPoolExecutor.java:180)
	at java.util.concurrent.ScheduledThreadPoolExecutor$ScheduledFutureTask.run(ScheduledThreadPoolExecutor.java:293)
	at java.util.concurrent.ThreadPoolExecutor.runWorker(ThreadPoolExecutor.java:1149)
	at java.util.concurrent.ThreadPoolExecutor$Worker.run(ThreadPoolExecutor.java:624)
	at java.lang.Thread.run(Thread.java:748)

Jul 28, 2021 8:37:40 AM org.apache.ratis.thirdparty.io.grpc.internal.ManagedChannelOrphanWrapper$ManagedChannelReference cleanQueue
SEVERE: *~*~*~ Channel ManagedChannelImpl{logId=700, target=10.1.0.59:35025} was not shutdown properly!!! ~*~*~*
    Make sure to call shutdown()/shutdownNow() and wait until awaitTermination() returns true.
java.lang.RuntimeException: ManagedChannel allocation site
	at org.apache.ratis.thirdparty.io.grpc.internal.ManagedChannelOrphanWrapper$ManagedChannelReference.<init>(ManagedChannelOrphanWrapper.java:93)
	at org.apache.ratis.thirdparty.io.grpc.internal.ManagedChannelOrphanWrapper.<init>(ManagedChannelOrphanWrapper.java:53)
	at org.apache.ratis.thirdparty.io.grpc.internal.ManagedChannelOrphanWrapper.<init>(ManagedChannelOrphanWrapper.java:44)
	at org.apache.ratis.thirdparty.io.grpc.internal.ManagedChannelImplBuilder.build(ManagedChannelImplBuilder.java:596)
	at org.apache.ratis.thirdparty.io.grpc.ForwardingChannelBuilder.build(ForwardingChannelBuilder.java:255)
	at org.apache.ratis.grpc.client.GrpcClientProtocolClient.buildChannel(GrpcClientProtocolClient.java:159)
	at org.apache.ratis.grpc.client.GrpcClientProtocolClient.<init>(GrpcClientProtocolClient.java:110)
	at org.apache.ratis.grpc.client.GrpcClientRpc.lambda$new$0(GrpcClientRpc.java:57)
	at org.apache.ratis.util.PeerProxyMap$PeerAndProxy.lambda$getProxy$0(PeerProxyMap.java:63)
	at org.apache.ratis.util.LifeCycle.startAndTransition(LifeCycle.java:270)
	at org.apache.ratis.util.PeerProxyMap$PeerAndProxy.getProxy(PeerProxyMap.java:62)
	at org.apache.ratis.util.PeerProxyMap.getProxy(PeerProxyMap.java:114)
	at org.apache.ratis.grpc.client.GrpcClientRpc.sendRequestAsync(GrpcClientRpc.java:67)
	at org.apache.ratis.client.impl.OrderedAsync.sendRequest(OrderedAsync.java:235)
	at org.apache.ratis.client.impl.OrderedAsync.sendRequestWithRetry(OrderedAsync.java:189)
	at org.apache.ratis.util.SlidingWindow$Client.sendOrDelayRequest(SlidingWindow.java:280)
	at org.apache.ratis.util.SlidingWindow$Client.retry(SlidingWindow.java:296)
	at org.apache.ratis.client.impl.OrderedAsync.lambda$scheduleWithTimeout$7(OrderedAsync.java:222)
	at org.apache.ratis.util.TimeoutScheduler.lambda$onTimeout$0(TimeoutScheduler.java:141)
	at org.apache.ratis.util.TimeoutScheduler.lambda$onTimeout$1(TimeoutScheduler.java:155)
	at org.apache.ratis.util.LogUtils.runAndLog(LogUtils.java:38)
	at org.apache.ratis.util.LogUtils$1.run(LogUtils.java:79)
	at java.util.concurrent.Executors$RunnableAdapter.call(Executors.java:511)
	at java.util.concurrent.FutureTask.run(FutureTask.java:266)
	at java.util.concurrent.ScheduledThreadPoolExecutor$ScheduledFutureTask.access$201(ScheduledThreadPoolExecutor.java:180)
	at java.util.concurrent.ScheduledThreadPoolExecutor$ScheduledFutureTask.run(ScheduledThreadPoolExecutor.java:293)
	at java.util.concurrent.ThreadPoolExecutor.runWorker(ThreadPoolExecutor.java:1149)
	at java.util.concurrent.ThreadPoolExecutor$Worker.run(ThreadPoolExecutor.java:624)
	at java.lang.Thread.run(Thread.java:748)

]]></system-err>
  </testcase>
  <testcase name="test2WayCommitForTimeoutException" classname="org.apache.hadoop.ozone.client.rpc.TestWatchForCommit" time="43.358"/>
</testsuite>