<?xml version="1.0" encoding="UTF-8"?>
<testsuite xmlns:xsi="http://www.w3.org/2001/XMLSchema-instance" xsi:noNamespaceSchemaLocation="https://maven.apache.org/surefire/maven-surefire-plugin/xsd/surefire-test-report.xsd" name="org.apache.hadoop.ozone.client.rpc.TestCloseContainerHandlingByClient" time="85.965" tests="7" errors="1" skipped="0" failures="0">
  <properties>
    <property name="awt.toolkit" value="sun.awt.X11.XToolkit"/>
    <property name="file.encoding.pkg" value="sun.io"/>
    <property name="java.specification.version" value="1.8"/>
    <property name="sun.cpu.isalist" value=""/>
    <property name="sun.jnu.encoding" value="UTF-8"/>
    <property name="java.class.path" value="/home/runner/work/ozone/ozone/mnt/ozone/hadoop-ozone/integration-test/target/test-classes:/home/runner/work/ozone/ozone/mnt/ozone/hadoop-ozone/integration-test/target/classes:/home/runner/.m2/repository/org/apache/ozone/ozone-common/1.2.0-SNAPSHOT/ozone-common-1.2.0-SNAPSHOT.jar:/home/runner/.m2/repository/org/apache/commons/commons-compress/1.20/commons-compress-1.20.jar:/home/runner/.m2/repository/org/apache/ozone/hdds-common/1.2.0-SNAPSHOT/hdds-common-1.2.0-SNAPSHOT.jar:/home/runner/.m2/repository/org/apache/ozone/hdds-client/1.2.0-SNAPSHOT/hdds-client-1.2.0-SNAPSHOT.jar:/home/runner/.m2/repository/org/apache/ozone/ozone-interface-client/1.2.0-SNAPSHOT/ozone-interface-client-1.2.0-SNAPSHOT.jar:/home/runner/.m2/repository/org/apache/ozone/hdds-server-framework/1.2.0-SNAPSHOT/hdds-server-framework-1.2.0-SNAPSHOT.jar:/home/runner/.m2/repository/org/apache/ozone/hdds-interface-server/1.2.0-SNAPSHOT/hdds-interface-server-1.2.0-SNAPSHOT.jar:/home/runner/.m2/repository/org/eclipse/jetty/jetty-servlet/9.4.35.v20201120/jetty-servlet-9.4.35.v20201120.jar:/home/runner/.m2/repository/org/eclipse/jetty/jetty-security/9.4.35.v20201120/jetty-security-9.4.35.v20201120.jar:/home/runner/.m2/repository/org/rocksdb/rocksdbjni/6.20.3/rocksdbjni-6.20.3.jar:/home/runner/.m2/repository/io/prometheus/simpleclient_dropwizard/0.7.0/simpleclient_dropwizard-0.7.0.jar:/home/runner/.m2/repository/io/prometheus/simpleclient/0.7.0/simpleclient-0.7.0.jar:/home/runner/.m2/repository/io/prometheus/simpleclient_common/0.7.0/simpleclient_common-0.7.0.jar:/home/runner/.m2/repository/com/fasterxml/jackson/datatype/jackson-datatype-jsr310/2.12.1/jackson-datatype-jsr310-2.12.1.jar:/home/runner/.m2/repository/org/apache/ozone/hdds-test-utils/1.2.0-SNAPSHOT/hdds-test-utils-1.2.0-SNAPSHOT.jar:/home/runner/.m2/repository/com/google/guava/guava/30.1.1-jre/guava-30.1.1-jre.jar:/home/runner/.m2/repository/com/google/guava/failureaccess/1.0.1/failureaccess-1.0.1.jar:/home/runner/.m2/repository/com/google/guava/listenablefuture/9999.0-empty-to-avoid-conflict-with-guava/listenablefuture-9999.0-empty-to-avoid-conflict-with-guava.jar:/home/runner/.m2/repository/com/google/code/findbugs/jsr305/3.0.0/jsr305-3.0.0.jar:/home/runner/.m2/repository/org/checkerframework/checker-qual/3.8.0/checker-qual-3.8.0.jar:/home/runner/.m2/repository/com/google/errorprone/error_prone_annotations/2.2.0/error_prone_annotations-2.2.0.jar:/home/runner/.m2/repository/com/google/j2objc/j2objc-annotations/1.3/j2objc-annotations-1.3.jar:/home/runner/.m2/repository/commons-io/commons-io/2.8.0/commons-io-2.8.0.jar:/home/runner/.m2/repository/commons-logging/commons-logging/1.2/commons-logging-1.2.jar:/home/runner/.m2/repository/log4j/log4j/1.2.17/log4j-1.2.17.jar:/home/runner/.m2/repository/org/slf4j/slf4j-api/1.7.30/slf4j-api-1.7.30.jar:/home/runner/.m2/repository/org/apache/ozone/hdds-server-scm/1.2.0-SNAPSHOT/hdds-server-scm-1.2.0-SNAPSHOT.jar:/home/runner/.m2/repository/org/apache/ozone/hdds-container-service/1.2.0-SNAPSHOT/hdds-container-service-1.2.0-SNAPSHOT.jar:/home/runner/.m2/repository/org/apache/ozone/hdds-hadoop-dependency-server/1.2.0-SNAPSHOT/hdds-hadoop-dependency-server-1.2.0-SNAPSHOT.jar:/home/runner/.m2/repository/org/apache/hadoop/hadoop-hdfs/3.3.1/hadoop-hdfs-3.3.1.jar:/home/runner/.m2/repository/io/dropwizard/metrics/metrics-core/3.2.4/metrics-core-3.2.4.jar:/home/runner/.m2/repository/org/apache/hadoop/hadoop-hdfs-client/3.3.1/hadoop-hdfs-client-3.3.1.jar:/home/runner/.m2/repository/org/bouncycastle/bcprov-jdk15on/1.67/bcprov-jdk15on-1.67.jar:/home/runner/.m2/repository/com/google/protobuf/protobuf-java/2.5.0/protobuf-java-2.5.0.jar:/home/runner/.m2/repository/org/apache/ozone/ozone-manager/1.2.0-SNAPSHOT/ozone-manager-1.2.0-SNAPSHOT.jar:/home/runner/.m2/repository/org/aspectj/aspectjrt/1.8.9/aspectjrt-1.8.9.jar:/home/runner/.m2/repository/org/aspectj/aspectjweaver/1.8.9/aspectjweaver-1.8.9.jar:/home/runner/.m2/repository/org/apache/ozone/hdds-interface-client/1.2.0-SNAPSHOT/hdds-interface-client-1.2.0-SNAPSHOT.jar:/home/runner/.m2/repository/org/apache/hadoop/thirdparty/hadoop-shaded-protobuf_3_7/1.1.1/hadoop-shaded-protobuf_3_7-1.1.1.jar:/home/runner/.m2/repository/org/apache/ratis/ratis-thirdparty-misc/0.7.0/ratis-thirdparty-misc-0.7.0.jar:/home/runner/.m2/repository/org/apache/ozone/ozone-interface-storage/1.2.0-SNAPSHOT/ozone-interface-storage-1.2.0-SNAPSHOT.jar:/home/runner/.m2/repository/org/reflections/reflections/0.9.11/reflections-0.9.11.jar:/home/runner/.m2/repository/org/apache/hadoop/hadoop-minikdc/3.3.1/hadoop-minikdc-3.3.1.jar:/home/runner/.m2/repository/org/apache/kerby/kerb-simplekdc/1.0.1/kerb-simplekdc-1.0.1.jar:/home/runner/.m2/repository/org/apache/kerby/kerb-client/1.0.1/kerb-client-1.0.1.jar:/home/runner/.m2/repository/org/apache/kerby/kerby-config/1.0.1/kerby-config-1.0.1.jar:/home/runner/.m2/repository/org/apache/kerby/kerb-common/1.0.1/kerb-common-1.0.1.jar:/home/runner/.m2/repository/org/apache/kerby/kerb-crypto/1.0.1/kerb-crypto-1.0.1.jar:/home/runner/.m2/repository/org/apache/kerby/kerb-util/1.0.1/kerb-util-1.0.1.jar:/home/runner/.m2/repository/org/apache/kerby/token-provider/1.0.1/token-provider-1.0.1.jar:/home/runner/.m2/repository/org/apache/kerby/kerb-admin/1.0.1/kerb-admin-1.0.1.jar:/home/runner/.m2/repository/org/apache/kerby/kerb-server/1.0.1/kerb-server-1.0.1.jar:/home/runner/.m2/repository/org/apache/kerby/kerb-identity/1.0.1/kerb-identity-1.0.1.jar:/home/runner/.m2/repository/org/apache/kerby/kerby-xdr/1.0.1/kerby-xdr-1.0.1.jar:/home/runner/.m2/repository/org/slf4j/slf4j-log4j12/1.7.30/slf4j-log4j12-1.7.30.jar:/home/runner/.m2/repository/org/apache/ozone/ozone-s3gateway/1.2.0-SNAPSHOT/ozone-s3gateway-1.2.0-SNAPSHOT.jar:/home/runner/.m2/repository/org/javassist/javassist/3.21.0-GA/javassist-3.21.0-GA.jar:/home/runner/.m2/repository/org/jboss/weld/servlet/weld-servlet/2.4.7.Final/weld-servlet-2.4.7.Final.jar:/home/runner/.m2/repository/org/glassfish/jersey/containers/jersey-container-servlet-core/2.33/jersey-container-servlet-core-2.33.jar:/home/runner/.m2/repository/org/glassfish/hk2/external/jakarta.inject/2.6.1/jakarta.inject-2.6.1.jar:/home/runner/.m2/repository/org/glassfish/jersey/core/jersey-common/2.33/jersey-common-2.33.jar:/home/runner/.m2/repository/jakarta/ws/rs/jakarta.ws.rs-api/2.1.6/jakarta.ws.rs-api-2.1.6.jar:/home/runner/.m2/repository/org/glassfish/jersey/ext/cdi/jersey-cdi1x/2.33/jersey-cdi1x-2.33.jar:/home/runner/.m2/repository/org/glassfish/jersey/inject/jersey-hk2/2.33/jersey-hk2-2.33.jar:/home/runner/.m2/repository/org/glassfish/hk2/hk2-locator/2.6.1/hk2-locator-2.6.1.jar:/home/runner/.m2/repository/org/glassfish/jersey/media/jersey-media-jaxb/2.33/jersey-media-jaxb-2.33.jar:/home/runner/.m2/repository/org/glassfish/hk2/osgi-resource-locator/1.0.3/osgi-resource-locator-1.0.3.jar:/home/runner/.m2/repository/org/glassfish/hk2/hk2-api/2.5.0/hk2-api-2.5.0.jar:/home/runner/.m2/repository/org/glassfish/hk2/hk2-utils/2.5.0/hk2-utils-2.5.0.jar:/home/runner/.m2/repository/org/glassfish/hk2/external/aopalliance-repackaged/2.5.0/aopalliance-repackaged-2.5.0.jar:/home/runner/.m2/repository/com/fasterxml/jackson/dataformat/jackson-dataformat-xml/2.12.1/jackson-dataformat-xml-2.12.1.jar:/home/runner/.m2/repository/com/fasterxml/jackson/core/jackson-core/2.12.1/jackson-core-2.12.1.jar:/home/runner/.m2/repository/com/fasterxml/jackson/module/jackson-module-jaxb-annotations/2.12.1/jackson-module-jaxb-annotations-2.12.1.jar:/home/runner/.m2/repository/jakarta/xml/bind/jakarta.xml.bind-api/2.3.2/jakarta.xml.bind-api-2.3.2.jar:/home/runner/.m2/repository/org/codehaus/woodstox/stax2-api/3.1.4/stax2-api-3.1.4.jar:/home/runner/.m2/repository/com/fasterxml/woodstox/woodstox-core/5.0.3/woodstox-core-5.0.3.jar:/home/runner/.m2/repository/javax/enterprise/cdi-api/1.2/cdi-api-1.2.jar:/home/runner/.m2/repository/javax/el/javax.el-api/3.0.0/javax.el-api-3.0.0.jar:/home/runner/.m2/repository/javax/interceptor/javax.interceptor-api/1.2/javax.interceptor-api-1.2.jar:/home/runner/.m2/repository/javax/inject/javax.inject/1/javax.inject-1.jar:/home/runner/.m2/repository/javax/xml/bind/jaxb-api/2.3.0/jaxb-api-2.3.0.jar:/home/runner/.m2/repository/org/glassfish/jaxb/jaxb-runtime/2.3.0.1/jaxb-runtime-2.3.0.1.jar:/home/runner/.m2/repository/org/glassfish/jaxb/jaxb-core/2.3.0.1/jaxb-core-2.3.0.1.jar:/home/runner/.m2/repository/org/glassfish/jaxb/txw2/2.3.0.1/txw2-2.3.0.1.jar:/home/runner/.m2/repository/com/sun/istack/istack-commons-runtime/3.0.5/istack-commons-runtime-3.0.5.jar:/home/runner/.m2/repository/org/jvnet/staxex/stax-ex/1.7.8/stax-ex-1.7.8.jar:/home/runner/.m2/repository/com/sun/xml/fastinfoset/FastInfoset/1.2.13/FastInfoset-1.2.13.jar:/home/runner/.m2/repository/javax/activation/activation/1.1.1/activation-1.1.1.jar:/home/runner/.m2/repository/org/apache/ozone/ozone-csi/1.2.0-SNAPSHOT/ozone-csi-1.2.0-SNAPSHOT.jar:/home/runner/.m2/repository/com/google/protobuf/protobuf-java-util/3.12.0/protobuf-java-util-3.12.0.jar:/home/runner/.m2/repository/com/google/code/gson/gson/2.2.4/gson-2.2.4.jar:/home/runner/.m2/repository/org/apache/ozone/hdds-config/1.2.0-SNAPSHOT/hdds-config-1.2.0-SNAPSHOT.jar:/home/runner/.m2/repository/io/grpc/grpc-netty/1.33.0/grpc-netty-1.33.0.jar:/home/runner/.m2/repository/io/grpc/grpc-core/1.33.0/grpc-core-1.33.0.jar:/home/runner/.m2/repository/com/google/android/annotations/4.1.1.4/annotations-4.1.1.4.jar:/home/runner/.m2/repository/io/netty/netty-codec-http2/4.1.63.Final/netty-codec-http2-4.1.63.Final.jar:/home/runner/.m2/repository/io/netty/netty-codec-http/4.1.63.Final/netty-codec-http-4.1.63.Final.jar:/home/runner/.m2/repository/io/netty/netty-handler-proxy/4.1.63.Final/netty-handler-proxy-4.1.63.Final.jar:/home/runner/.m2/repository/io/netty/netty-codec-socks/4.1.63.Final/netty-codec-socks-4.1.63.Final.jar:/home/runner/.m2/repository/io/perfmark/perfmark-api/0.19.0/perfmark-api-0.19.0.jar:/home/runner/.m2/repository/org/codehaus/mojo/animal-sniffer-annotations/1.18/animal-sniffer-annotations-1.18.jar:/home/runner/.m2/repository/io/netty/netty-transport-native-epoll/4.1.63.Final/netty-transport-native-epoll-4.1.63.Final.jar:/home/runner/.m2/repository/io/netty/netty-common/4.1.63.Final/netty-common-4.1.63.Final.jar:/home/runner/.m2/repository/io/netty/netty-buffer/4.1.63.Final/netty-buffer-4.1.63.Final.jar:/home/runner/.m2/repository/io/netty/netty-transport-native-unix-common/4.1.63.Final/netty-transport-native-unix-common-4.1.63.Final.jar:/home/runner/.m2/repository/io/grpc/grpc-protobuf/1.33.0/grpc-protobuf-1.33.0.jar:/home/runner/.m2/repository/io/grpc/grpc-api/1.33.0/grpc-api-1.33.0.jar:/home/runner/.m2/repository/io/grpc/grpc-context/1.33.0/grpc-context-1.33.0.jar:/home/runner/.m2/repository/com/google/api/grpc/proto-google-common-protos/1.17.0/proto-google-common-protos-1.17.0.jar:/home/runner/.m2/repository/io/grpc/grpc-protobuf-lite/1.33.0/grpc-protobuf-lite-1.33.0.jar:/home/runner/.m2/repository/io/grpc/grpc-stub/1.33.0/grpc-stub-1.33.0.jar:/home/runner/.m2/repository/org/apache/ozone/ozone-recon/1.2.0-SNAPSHOT/ozone-recon-1.2.0-SNAPSHOT.jar:/home/runner/.m2/repository/org/apache/ozone/ozone-reconcodegen/1.2.0-SNAPSHOT/ozone-reconcodegen-1.2.0-SNAPSHOT.jar:/home/runner/.m2/repository/com/google/inject/extensions/guice-multibindings/4.0/guice-multibindings-4.0.jar:/home/runner/.m2/repository/com/google/inject/guice/4.0/guice-4.0.jar:/home/runner/.m2/repository/aopalliance/aopalliance/1.0/aopalliance-1.0.jar:/home/runner/.m2/repository/com/google/inject/extensions/guice-assistedinject/4.0/guice-assistedinject-4.0.jar:/home/runner/.m2/repository/com/google/inject/extensions/guice-servlet/4.0/guice-servlet-4.0.jar:/home/runner/.m2/repository/org/glassfish/jersey/containers/jersey-container-servlet/2.33/jersey-container-servlet-2.33.jar:/home/runner/.m2/repository/org/glassfish/hk2/guice-bridge/2.5.0/guice-bridge-2.5.0.jar:/home/runner/.m2/repository/org/glassfish/jersey/core/jersey-server/2.33/jersey-server-2.33.jar:/home/runner/.m2/repository/org/glassfish/jersey/core/jersey-client/2.33/jersey-client-2.33.jar:/home/runner/.m2/repository/jakarta/annotation/jakarta.annotation-api/1.3.5/jakarta.annotation-api-1.3.5.jar:/home/runner/.m2/repository/jakarta/validation/jakarta.validation-api/2.0.2/jakarta.validation-api-2.0.2.jar:/home/runner/.m2/repository/org/glassfish/jersey/media/jersey-media-json-jackson/2.33/jersey-media-json-jackson-2.33.jar:/home/runner/.m2/repository/org/glassfish/jersey/ext/jersey-entity-filtering/2.33/jersey-entity-filtering-2.33.jar:/home/runner/.m2/repository/org/jooq/jooq/3.11.10/jooq-3.11.10.jar:/home/runner/.m2/repository/org/jooq/jooq-meta/3.11.10/jooq-meta-3.11.10.jar:/home/runner/.m2/repository/org/jooq/jooq-codegen/3.11.10/jooq-codegen-3.11.10.jar:/home/runner/.m2/repository/com/jolbox/bonecp/0.8.0.RELEASE/bonecp-0.8.0.RELEASE.jar:/home/runner/.m2/repository/org/apache/derby/derby/10.14.2.0/derby-10.14.2.0.jar:/home/runner/.m2/repository/org/xerial/sqlite-jdbc/3.25.2/sqlite-jdbc-3.25.2.jar:/home/runner/.m2/repository/org/springframework/spring-jdbc/5.2.11.RELEASE/spring-jdbc-5.2.11.RELEASE.jar:/home/runner/.m2/repository/org/springframework/spring-beans/5.2.11.RELEASE/spring-beans-5.2.11.RELEASE.jar:/home/runner/.m2/repository/org/springframework/spring-core/5.2.11.RELEASE/spring-core-5.2.11.RELEASE.jar:/home/runner/.m2/repository/org/springframework/spring-jcl/5.2.11.RELEASE/spring-jcl-5.2.11.RELEASE.jar:/home/runner/.m2/repository/org/springframework/spring-tx/5.2.11.RELEASE/spring-tx-5.2.11.RELEASE.jar:/home/runner/.m2/repository/org/apache/ozone/ozone-client/1.2.0-SNAPSHOT/ozone-client-1.2.0-SNAPSHOT.jar:/home/runner/.m2/repository/org/apache/ozone/ozone-filesystem/1.2.0-SNAPSHOT/ozone-filesystem-1.2.0-SNAPSHOT.jar:/home/runner/.m2/repository/org/apache/ozone/ozone-filesystem-common/1.2.0-SNAPSHOT/ozone-filesystem-common-1.2.0-SNAPSHOT.jar:/home/runner/.m2/repository/org/apache/ozone/ozone-tools/1.2.0-SNAPSHOT/ozone-tools-1.2.0-SNAPSHOT.jar:/home/runner/.m2/repository/org/apache/ratis/ratis-tools/2.1.0/ratis-tools-2.1.0.jar:/home/runner/.m2/repository/org/apache/ratis/ratis-proto/2.1.0/ratis-proto-2.1.0.jar:/home/runner/.m2/repository/org/apache/ratis/ratis-common/2.1.0/ratis-common-2.1.0.jar:/home/runner/.m2/repository/com/amazonaws/aws-java-sdk-core/1.11.901/aws-java-sdk-core-1.11.901.jar:/home/runner/.m2/repository/org/apache/httpcomponents/httpclient/4.5.13/httpclient-4.5.13.jar:/home/runner/.m2/repository/org/apache/httpcomponents/httpcore/4.4.13/httpcore-4.4.13.jar:/home/runner/.m2/repository/software/amazon/ion/ion-java/1.0.2/ion-java-1.0.2.jar:/home/runner/.m2/repository/com/fasterxml/jackson/dataformat/jackson-dataformat-cbor/2.12.1/jackson-dataformat-cbor-2.12.1.jar:/home/runner/.m2/repository/joda-time/joda-time/2.8.1/joda-time-2.8.1.jar:/home/runner/.m2/repository/com/amazonaws/aws-java-sdk-s3/1.11.901/aws-java-sdk-s3-1.11.901.jar:/home/runner/.m2/repository/com/amazonaws/aws-java-sdk-kms/1.11.901/aws-java-sdk-kms-1.11.901.jar:/home/runner/.m2/repository/com/amazonaws/jmespath-java/1.11.901/jmespath-java-1.11.901.jar:/home/runner/.m2/repository/org/kohsuke/metainf-services/metainf-services/1.8/metainf-services-1.8.jar:/home/runner/.m2/repository/org/apache/ozone/hdds-tools/1.2.0-SNAPSHOT/hdds-tools-1.2.0-SNAPSHOT.jar:/home/runner/.m2/repository/commons-cli/commons-cli/1.2/commons-cli-1.2.jar:/home/runner/.m2/repository/org/apache/commons/commons-lang3/3.7/commons-lang3-3.7.jar:/home/runner/.m2/repository/org/apache/ozone/ozone-manager/1.2.0-SNAPSHOT/ozone-manager-1.2.0-SNAPSHOT-tests.jar:/home/runner/.m2/repository/org/apache/ozone/hdds-common/1.2.0-SNAPSHOT/hdds-common-1.2.0-SNAPSHOT-tests.jar:/home/runner/.m2/repository/org/apache/ozone/hdds-hadoop-dependency-client/1.2.0-SNAPSHOT/hdds-hadoop-dependency-client-1.2.0-SNAPSHOT.jar:/home/runner/.m2/repository/info/picocli/picocli/4.4.0/picocli-4.4.0.jar:/home/runner/.m2/repository/com/fasterxml/jackson/core/jackson-annotations/2.12.1/jackson-annotations-2.12.1.jar:/home/runner/.m2/repository/javax/annotation/javax.annotation-api/1.2/javax.annotation-api-1.2.jar:/home/runner/.m2/repository/org/apache/ratis/ratis-server/2.1.0/ratis-server-2.1.0.jar:/home/runner/.m2/repository/org/apache/ratis/ratis-client/2.1.0/ratis-client-2.1.0.jar:/home/runner/.m2/repository/org/apache/ratis/ratis-server-api/2.1.0/ratis-server-api-2.1.0.jar:/home/runner/.m2/repository/org/apache/ratis/ratis-metrics/2.1.0/ratis-metrics-2.1.0.jar:/home/runner/.m2/repository/org/apache/ratis/ratis-netty/2.1.0/ratis-netty-2.1.0.jar:/home/runner/.m2/repository/org/apache/ratis/ratis-grpc/2.1.0/ratis-grpc-2.1.0.jar:/home/runner/.m2/repository/org/apache/logging/log4j/log4j-api/2.13.3/log4j-api-2.13.3.jar:/home/runner/.m2/repository/org/apache/logging/log4j/log4j-core/2.13.3/log4j-core-2.13.3.jar:/home/runner/.m2/repository/com/lmax/disruptor/3.4.2/disruptor-3.4.2.jar:/home/runner/.m2/repository/org/apache/commons/commons-pool2/2.6.0/commons-pool2-2.6.0.jar:/home/runner/.m2/repository/org/bouncycastle/bcpkix-jdk15on/1.67/bcpkix-jdk15on-1.67.jar:/home/runner/.m2/repository/commons-validator/commons-validator/1.6/commons-validator-1.6.jar:/home/runner/.m2/repository/commons-beanutils/commons-beanutils/1.9.4/commons-beanutils-1.9.4.jar:/home/runner/.m2/repository/commons-digester/commons-digester/1.8.1/commons-digester-1.8.1.jar:/home/runner/.m2/repository/commons-collections/commons-collections/3.2.2/commons-collections-3.2.2.jar:/home/runner/.m2/repository/io/jaegertracing/jaeger-client/1.6.0/jaeger-client-1.6.0.jar:/home/runner/.m2/repository/io/jaegertracing/jaeger-thrift/1.6.0/jaeger-thrift-1.6.0.jar:/home/runner/.m2/repository/org/apache/thrift/libthrift/0.14.1/libthrift-0.14.1.jar:/home/runner/.m2/repository/com/squareup/okhttp3/okhttp/4.9.0/okhttp-4.9.0.jar:/home/runner/.m2/repository/com/squareup/okio/okio/2.8.0/okio-2.8.0.jar:/home/runner/.m2/repository/io/jaegertracing/jaeger-core/1.6.0/jaeger-core-1.6.0.jar:/home/runner/.m2/repository/io/jaegertracing/jaeger-tracerresolver/1.6.0/jaeger-tracerresolver-1.6.0.jar:/home/runner/.m2/repository/io/opentracing/contrib/opentracing-tracerresolver/0.1.8/opentracing-tracerresolver-0.1.8.jar:/home/runner/.m2/repository/org/jetbrains/kotlin/kotlin-stdlib/1.4.31/kotlin-stdlib-1.4.31.jar:/home/runner/.m2/repository/org/jetbrains/kotlin/kotlin-stdlib-common/1.4.31/kotlin-stdlib-common-1.4.31.jar:/home/runner/.m2/repository/org/jetbrains/annotations/13.0/annotations-13.0.jar:/home/runner/.m2/repository/io/opentracing/opentracing-util/0.33.0/opentracing-util-0.33.0.jar:/home/runner/.m2/repository/io/opentracing/opentracing-api/0.33.0/opentracing-api-0.33.0.jar:/home/runner/.m2/repository/io/opentracing/opentracing-noop/0.33.0/opentracing-noop-0.33.0.jar:/home/runner/.m2/repository/org/yaml/snakeyaml/1.26/snakeyaml-1.26.jar:/home/runner/.m2/repository/org/apache/ozone/hdds-interface-admin/1.2.0-SNAPSHOT/hdds-interface-admin-1.2.0-SNAPSHOT.jar:/home/runner/.m2/repository/junit/junit/4.13.1/junit-4.13.1.jar:/home/runner/.m2/repository/org/hamcrest/hamcrest-core/1.3/hamcrest-core-1.3.jar:/home/runner/.m2/repository/org/junit/jupiter/junit-jupiter-api/5.7.0/junit-jupiter-api-5.7.0.jar:/home/runner/.m2/repository/org/apiguardian/apiguardian-api/1.1.0/apiguardian-api-1.1.0.jar:/home/runner/.m2/repository/org/opentest4j/opentest4j/1.2.0/opentest4j-1.2.0.jar:/home/runner/.m2/repository/org/junit/platform/junit-platform-commons/1.7.0/junit-platform-commons-1.7.0.jar:/home/runner/.m2/repository/org/junit/jupiter/junit-jupiter-engine/5.7.0/junit-jupiter-engine-5.7.0.jar:/home/runner/.m2/repository/org/junit/platform/junit-platform-engine/1.7.0/junit-platform-engine-1.7.0.jar:/home/runner/.m2/repository/org/junit/vintage/junit-vintage-engine/5.7.0/junit-vintage-engine-5.7.0.jar:/home/runner/.m2/repository/org/junit/platform/junit-platform-launcher/1.7.0/junit-platform-launcher-1.7.0.jar:/home/runner/.m2/repository/org/openjdk/jmh/jmh-core/1.19/jmh-core-1.19.jar:/home/runner/.m2/repository/net/sf/jopt-simple/jopt-simple/4.6/jopt-simple-4.6.jar:/home/runner/.m2/repository/org/apache/commons/commons-math3/3.1.1/commons-math3-3.1.1.jar:/home/runner/.m2/repository/org/openjdk/jmh/jmh-generator-annprocess/1.19/jmh-generator-annprocess-1.19.jar:/home/runner/.m2/repository/org/mockito/mockito-core/2.28.2/mockito-core-2.28.2.jar:/home/runner/.m2/repository/net/bytebuddy/byte-buddy/1.9.10/byte-buddy-1.9.10.jar:/home/runner/.m2/repository/net/bytebuddy/byte-buddy-agent/1.9.10/byte-buddy-agent-1.9.10.jar:/home/runner/.m2/repository/org/objenesis/objenesis/1.0/objenesis-1.0.jar:/home/runner/.m2/repository/org/apache/hadoop/hadoop-kms/3.3.1/hadoop-kms-3.3.1.jar:/home/runner/.m2/repository/org/apache/hadoop/hadoop-auth/3.3.1/hadoop-auth-3.3.1.jar:/home/runner/.m2/repository/com/nimbusds/nimbus-jose-jwt/7.9/nimbus-jose-jwt-7.9.jar:/home/runner/.m2/repository/com/github/stephenc/jcip/jcip-annotations/1.0-1/jcip-annotations-1.0-1.jar:/home/runner/.m2/repository/net/minidev/json-smart/2.3/json-smart-2.3.jar:/home/runner/.m2/repository/net/minidev/accessors-smart/1.2/accessors-smart-1.2.jar:/home/runner/.m2/repository/org/ow2/asm/asm/5.0.4/asm-5.0.4.jar:/home/runner/.m2/repository/org/apache/zookeeper/zookeeper/3.5.6/zookeeper-3.5.6.jar:/home/runner/.m2/repository/org/apache/zookeeper/zookeeper-jute/3.5.6/zookeeper-jute-3.5.6.jar:/home/runner/.m2/repository/org/apache/yetus/audience-annotations/0.5.0/audience-annotations-0.5.0.jar:/home/runner/.m2/repository/org/apache/curator/curator-framework/4.2.0/curator-framework-4.2.0.jar:/home/runner/.m2/repository/org/apache/hadoop/thirdparty/hadoop-shaded-guava/1.1.1/hadoop-shaded-guava-1.1.1.jar:/home/runner/.m2/repository/com/sun/jersey/jersey-core/1.19/jersey-core-1.19.jar:/home/runner/.m2/repository/javax/ws/rs/jsr311-api/1.1.1/jsr311-api-1.1.1.jar:/home/runner/.m2/repository/com/sun/jersey/jersey-server/1.19/jersey-server-1.19.jar:/home/runner/.m2/repository/javax/servlet/javax.servlet-api/3.1.0/javax.servlet-api-3.1.0.jar:/home/runner/.m2/repository/org/eclipse/jetty/jetty-server/9.4.35.v20201120/jetty-server-9.4.35.v20201120.jar:/home/runner/.m2/repository/org/eclipse/jetty/jetty-http/9.4.35.v20201120/jetty-http-9.4.35.v20201120.jar:/home/runner/.m2/repository/org/eclipse/jetty/jetty-io/9.4.35.v20201120/jetty-io-9.4.35.v20201120.jar:/home/runner/.m2/repository/org/eclipse/jetty/jetty-webapp/9.4.35.v20201120/jetty-webapp-9.4.35.v20201120.jar:/home/runner/.m2/repository/org/eclipse/jetty/jetty-xml/9.4.35.v20201120/jetty-xml-9.4.35.v20201120.jar:/home/runner/.m2/repository/org/apache/hadoop/hadoop-common/3.3.1/hadoop-common-3.3.1.jar:/home/runner/.m2/repository/commons-net/commons-net/3.6/commons-net-3.6.jar:/home/runner/.m2/repository/jakarta/activation/jakarta.activation-api/1.2.1/jakarta.activation-api-1.2.1.jar:/home/runner/.m2/repository/com/sun/jersey/jersey-servlet/1.19/jersey-servlet-1.19.jar:/home/runner/.m2/repository/com/sun/jersey/jersey-json/1.19/jersey-json-1.19.jar:/home/runner/.m2/repository/org/codehaus/jettison/jettison/1.1/jettison-1.1.jar:/home/runner/.m2/repository/com/sun/xml/bind/jaxb-impl/2.2.3-1/jaxb-impl-2.2.3-1.jar:/home/runner/.m2/repository/org/codehaus/jackson/jackson-jaxrs/1.9.2/jackson-jaxrs-1.9.2.jar:/home/runner/.m2/repository/org/codehaus/jackson/jackson-xc/1.9.2/jackson-xc-1.9.2.jar:/home/runner/.m2/repository/org/apache/commons/commons-configuration2/2.1.1/commons-configuration2-2.1.1.jar:/home/runner/.m2/repository/org/apache/commons/commons-text/1.4/commons-text-1.4.jar:/home/runner/.m2/repository/com/google/re2j/re2j/1.1/re2j-1.1.jar:/home/runner/.m2/repository/com/jcraft/jsch/0.1.54/jsch-0.1.54.jar:/home/runner/.m2/repository/org/apache/curator/curator-client/4.2.0/curator-client-4.2.0.jar:/home/runner/.m2/repository/org/apache/curator/curator-recipes/4.2.0/curator-recipes-4.2.0.jar:/home/runner/.m2/repository/org/apache/kerby/kerb-core/1.0.1/kerb-core-1.0.1.jar:/home/runner/.m2/repository/org/apache/kerby/kerby-pkix/1.0.1/kerby-pkix-1.0.1.jar:/home/runner/.m2/repository/org/apache/kerby/kerby-asn1/1.0.1/kerby-asn1-1.0.1.jar:/home/runner/.m2/repository/org/apache/kerby/kerby-util/1.0.1/kerby-util-1.0.1.jar:/home/runner/.m2/repository/dnsjava/dnsjava/2.1.7/dnsjava-2.1.7.jar:/home/runner/.m2/repository/org/xerial/snappy/snappy-java/1.1.8.2/snappy-java-1.1.8.2.jar:/home/runner/.m2/repository/org/slf4j/jul-to-slf4j/1.7.30/jul-to-slf4j-1.7.30.jar:/home/runner/.m2/repository/org/eclipse/jetty/jetty-util/9.4.35.v20201120/jetty-util-9.4.35.v20201120.jar:/home/runner/.m2/repository/com/fasterxml/jackson/core/jackson-databind/2.12.1/jackson-databind-2.12.1.jar:/home/runner/.m2/repository/org/apache/hadoop/hadoop-kms/3.3.1/hadoop-kms-3.3.1-tests.jar:/home/runner/.m2/repository/org/apache/ozone/hdds-server-scm/1.2.0-SNAPSHOT/hdds-server-scm-1.2.0-SNAPSHOT-tests.jar:/home/runner/.m2/repository/org/apache/ozone/hdds-container-service/1.2.0-SNAPSHOT/hdds-container-service-1.2.0-SNAPSHOT-tests.jar:/home/runner/.m2/repository/commons-codec/commons-codec/1.11/commons-codec-1.11.jar:/home/runner/.m2/repository/io/netty/netty-transport/4.1.63.Final/netty-transport-4.1.63.Final.jar:/home/runner/.m2/repository/io/netty/netty-resolver/4.1.63.Final/netty-resolver-4.1.63.Final.jar:/home/runner/.m2/repository/io/netty/netty-codec/4.1.63.Final/netty-codec-4.1.63.Final.jar:/home/runner/.m2/repository/io/netty/netty-handler/4.1.63.Final/netty-handler-4.1.63.Final.jar:/home/runner/.m2/repository/org/apache/ozone/hdds-hadoop-dependency-test/1.2.0-SNAPSHOT/hdds-hadoop-dependency-test-1.2.0-SNAPSHOT.jar:/home/runner/.m2/repository/org/apache/hadoop/hadoop-common/3.3.1/hadoop-common-3.3.1-tests.jar:/home/runner/.m2/repository/org/assertj/assertj-core/3.12.2/assertj-core-3.12.2.jar:/home/runner/.m2/repository/org/apache/hadoop/hadoop-hdfs/3.3.1/hadoop-hdfs-3.3.1-tests.jar:/home/runner/.m2/repository/org/eclipse/jetty/jetty-util-ajax/9.4.35.v20201120/jetty-util-ajax-9.4.35.v20201120.jar:/home/runner/.m2/repository/commons-daemon/commons-daemon/1.0.13/commons-daemon-1.0.13.jar:/home/runner/.m2/repository/io/netty/netty/3.10.6.Final/netty-3.10.6.Final.jar:/home/runner/.m2/repository/io/netty/netty-all/4.1.63.Final/netty-all-4.1.63.Final.jar:/home/runner/.m2/repository/org/apache/htrace/htrace-core4/4.1.0-incubating/htrace-core4-4.1.0-incubating.jar:/home/runner/.m2/repository/org/fusesource/leveldbjni/leveldbjni-all/1.8/leveldbjni-all-1.8.jar:/home/runner/.m2/repository/org/apache/hadoop/hadoop-distcp/3.3.1/hadoop-distcp-3.3.1.jar:/home/runner/.m2/repository/org/apache/hadoop/hadoop-mapreduce-client-jobclient/3.3.1/hadoop-mapreduce-client-jobclient-3.3.1.jar:/home/runner/.m2/repository/org/apache/hadoop/hadoop-mapreduce-client-common/3.3.1/hadoop-mapreduce-client-common-3.3.1.jar:/home/runner/.m2/repository/org/apache/hadoop/hadoop-yarn-common/3.3.1/hadoop-yarn-common-3.3.1.jar:/home/runner/.m2/repository/org/apache/hadoop/hadoop-yarn-api/3.3.1/hadoop-yarn-api-3.3.1.jar:/home/runner/.m2/repository/com/sun/jersey/jersey-client/1.19/jersey-client-1.19.jar:/home/runner/.m2/repository/com/sun/jersey/contribs/jersey-guice/1.19/jersey-guice-1.19.jar:/home/runner/.m2/repository/com/fasterxml/jackson/jaxrs/jackson-jaxrs-json-provider/2.12.1/jackson-jaxrs-json-provider-2.12.1.jar:/home/runner/.m2/repository/com/fasterxml/jackson/jaxrs/jackson-jaxrs-base/2.12.1/jackson-jaxrs-base-2.12.1.jar:/home/runner/.m2/repository/org/apache/hadoop/hadoop-yarn-client/3.3.1/hadoop-yarn-client-3.3.1.jar:/home/runner/.m2/repository/org/eclipse/jetty/websocket/websocket-client/9.4.40.v20210413/websocket-client-9.4.40.v20210413.jar:/home/runner/.m2/repository/org/eclipse/jetty/jetty-client/9.4.40.v20210413/jetty-client-9.4.40.v20210413.jar:/home/runner/.m2/repository/org/eclipse/jetty/websocket/websocket-common/9.4.40.v20210413/websocket-common-9.4.40.v20210413.jar:/home/runner/.m2/repository/org/eclipse/jetty/websocket/websocket-api/9.4.40.v20210413/websocket-api-9.4.40.v20210413.jar:/home/runner/.m2/repository/org/jline/jline/3.9.0/jline-3.9.0.jar:/home/runner/.m2/repository/org/apache/hadoop/hadoop-mapreduce-client-core/3.3.1/hadoop-mapreduce-client-core-3.3.1.jar:/home/runner/.m2/repository/org/apache/avro/avro/1.7.7/avro-1.7.7.jar:/home/runner/.m2/repository/org/codehaus/jackson/jackson-core-asl/1.9.13/jackson-core-asl-1.9.13.jar:/home/runner/.m2/repository/org/codehaus/jackson/jackson-mapper-asl/1.9.13/jackson-mapper-asl-1.9.13.jar:/home/runner/.m2/repository/com/thoughtworks/paranamer/paranamer/2.3/paranamer-2.3.jar:/home/runner/.m2/repository/org/apache/hadoop/hadoop-annotations/3.3.1/hadoop-annotations-3.3.1.jar:/usr/lib/jvm/adoptopenjdk-8-hotspot-amd64/jre/../lib/tools.jar:/home/runner/.m2/repository/org/apache/hadoop/hadoop-distcp/3.3.1/hadoop-distcp-3.3.1-tests.jar:"/>
    <property name="java.vm.vendor" value="AdoptOpenJDK"/>
    <property name="sun.arch.data.model" value="64"/>
    <property name="test.build.dir" value="/home/runner/work/ozone/ozone/mnt/ozone/hadoop-ozone/integration-test/target/test-dir"/>
    <property name="test.cache.data" value=""/>
    <property name="java.vendor.url" value="https://adoptopenjdk.net/"/>
    <property name="user.timezone" value=""/>
    <property name="java.vm.specification.version" value="1.8"/>
    <property name="os.name" value="Linux"/>
    <property name="test.build.data" value="/home/runner/work/ozone/ozone/mnt/ozone/hadoop-ozone/integration-test/target/test-dir"/>
    <property name="sun.java.launcher" value="SUN_STANDARD"/>
    <property name="sun.boot.library.path" value="/usr/lib/jvm/adoptopenjdk-8-hotspot-amd64/jre/lib/amd64"/>
    <property name="sun.java.command" value="/home/runner/work/ozone/ozone/mnt/ozone/hadoop-ozone/integration-test/target/surefire/surefirebooter6911389396370564370.jar /home/runner/work/ozone/ozone/mnt/ozone/hadoop-ozone/integration-test/target/surefire 2021-07-28T07-48-54_672-jvmRun1 surefire5911766358341300514tmp surefire_41822457186893277172tmp"/>
    <property name="surefire.test.class.path" value="/home/runner/work/ozone/ozone/mnt/ozone/hadoop-ozone/integration-test/target/test-classes:/home/runner/work/ozone/ozone/mnt/ozone/hadoop-ozone/integration-test/target/classes:/home/runner/.m2/repository/org/apache/ozone/ozone-common/1.2.0-SNAPSHOT/ozone-common-1.2.0-SNAPSHOT.jar:/home/runner/.m2/repository/org/apache/commons/commons-compress/1.20/commons-compress-1.20.jar:/home/runner/.m2/repository/org/apache/ozone/hdds-common/1.2.0-SNAPSHOT/hdds-common-1.2.0-SNAPSHOT.jar:/home/runner/.m2/repository/org/apache/ozone/hdds-client/1.2.0-SNAPSHOT/hdds-client-1.2.0-SNAPSHOT.jar:/home/runner/.m2/repository/org/apache/ozone/ozone-interface-client/1.2.0-SNAPSHOT/ozone-interface-client-1.2.0-SNAPSHOT.jar:/home/runner/.m2/repository/org/apache/ozone/hdds-server-framework/1.2.0-SNAPSHOT/hdds-server-framework-1.2.0-SNAPSHOT.jar:/home/runner/.m2/repository/org/apache/ozone/hdds-interface-server/1.2.0-SNAPSHOT/hdds-interface-server-1.2.0-SNAPSHOT.jar:/home/runner/.m2/repository/org/eclipse/jetty/jetty-servlet/9.4.35.v20201120/jetty-servlet-9.4.35.v20201120.jar:/home/runner/.m2/repository/org/eclipse/jetty/jetty-security/9.4.35.v20201120/jetty-security-9.4.35.v20201120.jar:/home/runner/.m2/repository/org/rocksdb/rocksdbjni/6.20.3/rocksdbjni-6.20.3.jar:/home/runner/.m2/repository/io/prometheus/simpleclient_dropwizard/0.7.0/simpleclient_dropwizard-0.7.0.jar:/home/runner/.m2/repository/io/prometheus/simpleclient/0.7.0/simpleclient-0.7.0.jar:/home/runner/.m2/repository/io/prometheus/simpleclient_common/0.7.0/simpleclient_common-0.7.0.jar:/home/runner/.m2/repository/com/fasterxml/jackson/datatype/jackson-datatype-jsr310/2.12.1/jackson-datatype-jsr310-2.12.1.jar:/home/runner/.m2/repository/org/apache/ozone/hdds-test-utils/1.2.0-SNAPSHOT/hdds-test-utils-1.2.0-SNAPSHOT.jar:/home/runner/.m2/repository/com/google/guava/guava/30.1.1-jre/guava-30.1.1-jre.jar:/home/runner/.m2/repository/com/google/guava/failureaccess/1.0.1/failureaccess-1.0.1.jar:/home/runner/.m2/repository/com/google/guava/listenablefuture/9999.0-empty-to-avoid-conflict-with-guava/listenablefuture-9999.0-empty-to-avoid-conflict-with-guava.jar:/home/runner/.m2/repository/com/google/code/findbugs/jsr305/3.0.0/jsr305-3.0.0.jar:/home/runner/.m2/repository/org/checkerframework/checker-qual/3.8.0/checker-qual-3.8.0.jar:/home/runner/.m2/repository/com/google/errorprone/error_prone_annotations/2.2.0/error_prone_annotations-2.2.0.jar:/home/runner/.m2/repository/com/google/j2objc/j2objc-annotations/1.3/j2objc-annotations-1.3.jar:/home/runner/.m2/repository/commons-io/commons-io/2.8.0/commons-io-2.8.0.jar:/home/runner/.m2/repository/commons-logging/commons-logging/1.2/commons-logging-1.2.jar:/home/runner/.m2/repository/log4j/log4j/1.2.17/log4j-1.2.17.jar:/home/runner/.m2/repository/org/slf4j/slf4j-api/1.7.30/slf4j-api-1.7.30.jar:/home/runner/.m2/repository/org/apache/ozone/hdds-server-scm/1.2.0-SNAPSHOT/hdds-server-scm-1.2.0-SNAPSHOT.jar:/home/runner/.m2/repository/org/apache/ozone/hdds-container-service/1.2.0-SNAPSHOT/hdds-container-service-1.2.0-SNAPSHOT.jar:/home/runner/.m2/repository/org/apache/ozone/hdds-hadoop-dependency-server/1.2.0-SNAPSHOT/hdds-hadoop-dependency-server-1.2.0-SNAPSHOT.jar:/home/runner/.m2/repository/org/apache/hadoop/hadoop-hdfs/3.3.1/hadoop-hdfs-3.3.1.jar:/home/runner/.m2/repository/io/dropwizard/metrics/metrics-core/3.2.4/metrics-core-3.2.4.jar:/home/runner/.m2/repository/org/apache/hadoop/hadoop-hdfs-client/3.3.1/hadoop-hdfs-client-3.3.1.jar:/home/runner/.m2/repository/org/bouncycastle/bcprov-jdk15on/1.67/bcprov-jdk15on-1.67.jar:/home/runner/.m2/repository/com/google/protobuf/protobuf-java/2.5.0/protobuf-java-2.5.0.jar:/home/runner/.m2/repository/org/apache/ozone/ozone-manager/1.2.0-SNAPSHOT/ozone-manager-1.2.0-SNAPSHOT.jar:/home/runner/.m2/repository/org/aspectj/aspectjrt/1.8.9/aspectjrt-1.8.9.jar:/home/runner/.m2/repository/org/aspectj/aspectjweaver/1.8.9/aspectjweaver-1.8.9.jar:/home/runner/.m2/repository/org/apache/ozone/hdds-interface-client/1.2.0-SNAPSHOT/hdds-interface-client-1.2.0-SNAPSHOT.jar:/home/runner/.m2/repository/org/apache/hadoop/thirdparty/hadoop-shaded-protobuf_3_7/1.1.1/hadoop-shaded-protobuf_3_7-1.1.1.jar:/home/runner/.m2/repository/org/apache/ratis/ratis-thirdparty-misc/0.7.0/ratis-thirdparty-misc-0.7.0.jar:/home/runner/.m2/repository/org/apache/ozone/ozone-interface-storage/1.2.0-SNAPSHOT/ozone-interface-storage-1.2.0-SNAPSHOT.jar:/home/runner/.m2/repository/org/reflections/reflections/0.9.11/reflections-0.9.11.jar:/home/runner/.m2/repository/org/apache/hadoop/hadoop-minikdc/3.3.1/hadoop-minikdc-3.3.1.jar:/home/runner/.m2/repository/org/apache/kerby/kerb-simplekdc/1.0.1/kerb-simplekdc-1.0.1.jar:/home/runner/.m2/repository/org/apache/kerby/kerb-client/1.0.1/kerb-client-1.0.1.jar:/home/runner/.m2/repository/org/apache/kerby/kerby-config/1.0.1/kerby-config-1.0.1.jar:/home/runner/.m2/repository/org/apache/kerby/kerb-common/1.0.1/kerb-common-1.0.1.jar:/home/runner/.m2/repository/org/apache/kerby/kerb-crypto/1.0.1/kerb-crypto-1.0.1.jar:/home/runner/.m2/repository/org/apache/kerby/kerb-util/1.0.1/kerb-util-1.0.1.jar:/home/runner/.m2/repository/org/apache/kerby/token-provider/1.0.1/token-provider-1.0.1.jar:/home/runner/.m2/repository/org/apache/kerby/kerb-admin/1.0.1/kerb-admin-1.0.1.jar:/home/runner/.m2/repository/org/apache/kerby/kerb-server/1.0.1/kerb-server-1.0.1.jar:/home/runner/.m2/repository/org/apache/kerby/kerb-identity/1.0.1/kerb-identity-1.0.1.jar:/home/runner/.m2/repository/org/apache/kerby/kerby-xdr/1.0.1/kerby-xdr-1.0.1.jar:/home/runner/.m2/repository/org/slf4j/slf4j-log4j12/1.7.30/slf4j-log4j12-1.7.30.jar:/home/runner/.m2/repository/org/apache/ozone/ozone-s3gateway/1.2.0-SNAPSHOT/ozone-s3gateway-1.2.0-SNAPSHOT.jar:/home/runner/.m2/repository/org/javassist/javassist/3.21.0-GA/javassist-3.21.0-GA.jar:/home/runner/.m2/repository/org/jboss/weld/servlet/weld-servlet/2.4.7.Final/weld-servlet-2.4.7.Final.jar:/home/runner/.m2/repository/org/glassfish/jersey/containers/jersey-container-servlet-core/2.33/jersey-container-servlet-core-2.33.jar:/home/runner/.m2/repository/org/glassfish/hk2/external/jakarta.inject/2.6.1/jakarta.inject-2.6.1.jar:/home/runner/.m2/repository/org/glassfish/jersey/core/jersey-common/2.33/jersey-common-2.33.jar:/home/runner/.m2/repository/jakarta/ws/rs/jakarta.ws.rs-api/2.1.6/jakarta.ws.rs-api-2.1.6.jar:/home/runner/.m2/repository/org/glassfish/jersey/ext/cdi/jersey-cdi1x/2.33/jersey-cdi1x-2.33.jar:/home/runner/.m2/repository/org/glassfish/jersey/inject/jersey-hk2/2.33/jersey-hk2-2.33.jar:/home/runner/.m2/repository/org/glassfish/hk2/hk2-locator/2.6.1/hk2-locator-2.6.1.jar:/home/runner/.m2/repository/org/glassfish/jersey/media/jersey-media-jaxb/2.33/jersey-media-jaxb-2.33.jar:/home/runner/.m2/repository/org/glassfish/hk2/osgi-resource-locator/1.0.3/osgi-resource-locator-1.0.3.jar:/home/runner/.m2/repository/org/glassfish/hk2/hk2-api/2.5.0/hk2-api-2.5.0.jar:/home/runner/.m2/repository/org/glassfish/hk2/hk2-utils/2.5.0/hk2-utils-2.5.0.jar:/home/runner/.m2/repository/org/glassfish/hk2/external/aopalliance-repackaged/2.5.0/aopalliance-repackaged-2.5.0.jar:/home/runner/.m2/repository/com/fasterxml/jackson/dataformat/jackson-dataformat-xml/2.12.1/jackson-dataformat-xml-2.12.1.jar:/home/runner/.m2/repository/com/fasterxml/jackson/core/jackson-core/2.12.1/jackson-core-2.12.1.jar:/home/runner/.m2/repository/com/fasterxml/jackson/module/jackson-module-jaxb-annotations/2.12.1/jackson-module-jaxb-annotations-2.12.1.jar:/home/runner/.m2/repository/jakarta/xml/bind/jakarta.xml.bind-api/2.3.2/jakarta.xml.bind-api-2.3.2.jar:/home/runner/.m2/repository/org/codehaus/woodstox/stax2-api/3.1.4/stax2-api-3.1.4.jar:/home/runner/.m2/repository/com/fasterxml/woodstox/woodstox-core/5.0.3/woodstox-core-5.0.3.jar:/home/runner/.m2/repository/javax/enterprise/cdi-api/1.2/cdi-api-1.2.jar:/home/runner/.m2/repository/javax/el/javax.el-api/3.0.0/javax.el-api-3.0.0.jar:/home/runner/.m2/repository/javax/interceptor/javax.interceptor-api/1.2/javax.interceptor-api-1.2.jar:/home/runner/.m2/repository/javax/inject/javax.inject/1/javax.inject-1.jar:/home/runner/.m2/repository/javax/xml/bind/jaxb-api/2.3.0/jaxb-api-2.3.0.jar:/home/runner/.m2/repository/org/glassfish/jaxb/jaxb-runtime/2.3.0.1/jaxb-runtime-2.3.0.1.jar:/home/runner/.m2/repository/org/glassfish/jaxb/jaxb-core/2.3.0.1/jaxb-core-2.3.0.1.jar:/home/runner/.m2/repository/org/glassfish/jaxb/txw2/2.3.0.1/txw2-2.3.0.1.jar:/home/runner/.m2/repository/com/sun/istack/istack-commons-runtime/3.0.5/istack-commons-runtime-3.0.5.jar:/home/runner/.m2/repository/org/jvnet/staxex/stax-ex/1.7.8/stax-ex-1.7.8.jar:/home/runner/.m2/repository/com/sun/xml/fastinfoset/FastInfoset/1.2.13/FastInfoset-1.2.13.jar:/home/runner/.m2/repository/javax/activation/activation/1.1.1/activation-1.1.1.jar:/home/runner/.m2/repository/org/apache/ozone/ozone-csi/1.2.0-SNAPSHOT/ozone-csi-1.2.0-SNAPSHOT.jar:/home/runner/.m2/repository/com/google/protobuf/protobuf-java-util/3.12.0/protobuf-java-util-3.12.0.jar:/home/runner/.m2/repository/com/google/code/gson/gson/2.2.4/gson-2.2.4.jar:/home/runner/.m2/repository/org/apache/ozone/hdds-config/1.2.0-SNAPSHOT/hdds-config-1.2.0-SNAPSHOT.jar:/home/runner/.m2/repository/io/grpc/grpc-netty/1.33.0/grpc-netty-1.33.0.jar:/home/runner/.m2/repository/io/grpc/grpc-core/1.33.0/grpc-core-1.33.0.jar:/home/runner/.m2/repository/com/google/android/annotations/4.1.1.4/annotations-4.1.1.4.jar:/home/runner/.m2/repository/io/netty/netty-codec-http2/4.1.63.Final/netty-codec-http2-4.1.63.Final.jar:/home/runner/.m2/repository/io/netty/netty-codec-http/4.1.63.Final/netty-codec-http-4.1.63.Final.jar:/home/runner/.m2/repository/io/netty/netty-handler-proxy/4.1.63.Final/netty-handler-proxy-4.1.63.Final.jar:/home/runner/.m2/repository/io/netty/netty-codec-socks/4.1.63.Final/netty-codec-socks-4.1.63.Final.jar:/home/runner/.m2/repository/io/perfmark/perfmark-api/0.19.0/perfmark-api-0.19.0.jar:/home/runner/.m2/repository/org/codehaus/mojo/animal-sniffer-annotations/1.18/animal-sniffer-annotations-1.18.jar:/home/runner/.m2/repository/io/netty/netty-transport-native-epoll/4.1.63.Final/netty-transport-native-epoll-4.1.63.Final.jar:/home/runner/.m2/repository/io/netty/netty-common/4.1.63.Final/netty-common-4.1.63.Final.jar:/home/runner/.m2/repository/io/netty/netty-buffer/4.1.63.Final/netty-buffer-4.1.63.Final.jar:/home/runner/.m2/repository/io/netty/netty-transport-native-unix-common/4.1.63.Final/netty-transport-native-unix-common-4.1.63.Final.jar:/home/runner/.m2/repository/io/grpc/grpc-protobuf/1.33.0/grpc-protobuf-1.33.0.jar:/home/runner/.m2/repository/io/grpc/grpc-api/1.33.0/grpc-api-1.33.0.jar:/home/runner/.m2/repository/io/grpc/grpc-context/1.33.0/grpc-context-1.33.0.jar:/home/runner/.m2/repository/com/google/api/grpc/proto-google-common-protos/1.17.0/proto-google-common-protos-1.17.0.jar:/home/runner/.m2/repository/io/grpc/grpc-protobuf-lite/1.33.0/grpc-protobuf-lite-1.33.0.jar:/home/runner/.m2/repository/io/grpc/grpc-stub/1.33.0/grpc-stub-1.33.0.jar:/home/runner/.m2/repository/org/apache/ozone/ozone-recon/1.2.0-SNAPSHOT/ozone-recon-1.2.0-SNAPSHOT.jar:/home/runner/.m2/repository/org/apache/ozone/ozone-reconcodegen/1.2.0-SNAPSHOT/ozone-reconcodegen-1.2.0-SNAPSHOT.jar:/home/runner/.m2/repository/com/google/inject/extensions/guice-multibindings/4.0/guice-multibindings-4.0.jar:/home/runner/.m2/repository/com/google/inject/guice/4.0/guice-4.0.jar:/home/runner/.m2/repository/aopalliance/aopalliance/1.0/aopalliance-1.0.jar:/home/runner/.m2/repository/com/google/inject/extensions/guice-assistedinject/4.0/guice-assistedinject-4.0.jar:/home/runner/.m2/repository/com/google/inject/extensions/guice-servlet/4.0/guice-servlet-4.0.jar:/home/runner/.m2/repository/org/glassfish/jersey/containers/jersey-container-servlet/2.33/jersey-container-servlet-2.33.jar:/home/runner/.m2/repository/org/glassfish/hk2/guice-bridge/2.5.0/guice-bridge-2.5.0.jar:/home/runner/.m2/repository/org/glassfish/jersey/core/jersey-server/2.33/jersey-server-2.33.jar:/home/runner/.m2/repository/org/glassfish/jersey/core/jersey-client/2.33/jersey-client-2.33.jar:/home/runner/.m2/repository/jakarta/annotation/jakarta.annotation-api/1.3.5/jakarta.annotation-api-1.3.5.jar:/home/runner/.m2/repository/jakarta/validation/jakarta.validation-api/2.0.2/jakarta.validation-api-2.0.2.jar:/home/runner/.m2/repository/org/glassfish/jersey/media/jersey-media-json-jackson/2.33/jersey-media-json-jackson-2.33.jar:/home/runner/.m2/repository/org/glassfish/jersey/ext/jersey-entity-filtering/2.33/jersey-entity-filtering-2.33.jar:/home/runner/.m2/repository/org/jooq/jooq/3.11.10/jooq-3.11.10.jar:/home/runner/.m2/repository/org/jooq/jooq-meta/3.11.10/jooq-meta-3.11.10.jar:/home/runner/.m2/repository/org/jooq/jooq-codegen/3.11.10/jooq-codegen-3.11.10.jar:/home/runner/.m2/repository/com/jolbox/bonecp/0.8.0.RELEASE/bonecp-0.8.0.RELEASE.jar:/home/runner/.m2/repository/org/apache/derby/derby/10.14.2.0/derby-10.14.2.0.jar:/home/runner/.m2/repository/org/xerial/sqlite-jdbc/3.25.2/sqlite-jdbc-3.25.2.jar:/home/runner/.m2/repository/org/springframework/spring-jdbc/5.2.11.RELEASE/spring-jdbc-5.2.11.RELEASE.jar:/home/runner/.m2/repository/org/springframework/spring-beans/5.2.11.RELEASE/spring-beans-5.2.11.RELEASE.jar:/home/runner/.m2/repository/org/springframework/spring-core/5.2.11.RELEASE/spring-core-5.2.11.RELEASE.jar:/home/runner/.m2/repository/org/springframework/spring-jcl/5.2.11.RELEASE/spring-jcl-5.2.11.RELEASE.jar:/home/runner/.m2/repository/org/springframework/spring-tx/5.2.11.RELEASE/spring-tx-5.2.11.RELEASE.jar:/home/runner/.m2/repository/org/apache/ozone/ozone-client/1.2.0-SNAPSHOT/ozone-client-1.2.0-SNAPSHOT.jar:/home/runner/.m2/repository/org/apache/ozone/ozone-filesystem/1.2.0-SNAPSHOT/ozone-filesystem-1.2.0-SNAPSHOT.jar:/home/runner/.m2/repository/org/apache/ozone/ozone-filesystem-common/1.2.0-SNAPSHOT/ozone-filesystem-common-1.2.0-SNAPSHOT.jar:/home/runner/.m2/repository/org/apache/ozone/ozone-tools/1.2.0-SNAPSHOT/ozone-tools-1.2.0-SNAPSHOT.jar:/home/runner/.m2/repository/org/apache/ratis/ratis-tools/2.1.0/ratis-tools-2.1.0.jar:/home/runner/.m2/repository/org/apache/ratis/ratis-proto/2.1.0/ratis-proto-2.1.0.jar:/home/runner/.m2/repository/org/apache/ratis/ratis-common/2.1.0/ratis-common-2.1.0.jar:/home/runner/.m2/repository/com/amazonaws/aws-java-sdk-core/1.11.901/aws-java-sdk-core-1.11.901.jar:/home/runner/.m2/repository/org/apache/httpcomponents/httpclient/4.5.13/httpclient-4.5.13.jar:/home/runner/.m2/repository/org/apache/httpcomponents/httpcore/4.4.13/httpcore-4.4.13.jar:/home/runner/.m2/repository/software/amazon/ion/ion-java/1.0.2/ion-java-1.0.2.jar:/home/runner/.m2/repository/com/fasterxml/jackson/dataformat/jackson-dataformat-cbor/2.12.1/jackson-dataformat-cbor-2.12.1.jar:/home/runner/.m2/repository/joda-time/joda-time/2.8.1/joda-time-2.8.1.jar:/home/runner/.m2/repository/com/amazonaws/aws-java-sdk-s3/1.11.901/aws-java-sdk-s3-1.11.901.jar:/home/runner/.m2/repository/com/amazonaws/aws-java-sdk-kms/1.11.901/aws-java-sdk-kms-1.11.901.jar:/home/runner/.m2/repository/com/amazonaws/jmespath-java/1.11.901/jmespath-java-1.11.901.jar:/home/runner/.m2/repository/org/kohsuke/metainf-services/metainf-services/1.8/metainf-services-1.8.jar:/home/runner/.m2/repository/org/apache/ozone/hdds-tools/1.2.0-SNAPSHOT/hdds-tools-1.2.0-SNAPSHOT.jar:/home/runner/.m2/repository/commons-cli/commons-cli/1.2/commons-cli-1.2.jar:/home/runner/.m2/repository/org/apache/commons/commons-lang3/3.7/commons-lang3-3.7.jar:/home/runner/.m2/repository/org/apache/ozone/ozone-manager/1.2.0-SNAPSHOT/ozone-manager-1.2.0-SNAPSHOT-tests.jar:/home/runner/.m2/repository/org/apache/ozone/hdds-common/1.2.0-SNAPSHOT/hdds-common-1.2.0-SNAPSHOT-tests.jar:/home/runner/.m2/repository/org/apache/ozone/hdds-hadoop-dependency-client/1.2.0-SNAPSHOT/hdds-hadoop-dependency-client-1.2.0-SNAPSHOT.jar:/home/runner/.m2/repository/info/picocli/picocli/4.4.0/picocli-4.4.0.jar:/home/runner/.m2/repository/com/fasterxml/jackson/core/jackson-annotations/2.12.1/jackson-annotations-2.12.1.jar:/home/runner/.m2/repository/javax/annotation/javax.annotation-api/1.2/javax.annotation-api-1.2.jar:/home/runner/.m2/repository/org/apache/ratis/ratis-server/2.1.0/ratis-server-2.1.0.jar:/home/runner/.m2/repository/org/apache/ratis/ratis-client/2.1.0/ratis-client-2.1.0.jar:/home/runner/.m2/repository/org/apache/ratis/ratis-server-api/2.1.0/ratis-server-api-2.1.0.jar:/home/runner/.m2/repository/org/apache/ratis/ratis-metrics/2.1.0/ratis-metrics-2.1.0.jar:/home/runner/.m2/repository/org/apache/ratis/ratis-netty/2.1.0/ratis-netty-2.1.0.jar:/home/runner/.m2/repository/org/apache/ratis/ratis-grpc/2.1.0/ratis-grpc-2.1.0.jar:/home/runner/.m2/repository/org/apache/logging/log4j/log4j-api/2.13.3/log4j-api-2.13.3.jar:/home/runner/.m2/repository/org/apache/logging/log4j/log4j-core/2.13.3/log4j-core-2.13.3.jar:/home/runner/.m2/repository/com/lmax/disruptor/3.4.2/disruptor-3.4.2.jar:/home/runner/.m2/repository/org/apache/commons/commons-pool2/2.6.0/commons-pool2-2.6.0.jar:/home/runner/.m2/repository/org/bouncycastle/bcpkix-jdk15on/1.67/bcpkix-jdk15on-1.67.jar:/home/runner/.m2/repository/commons-validator/commons-validator/1.6/commons-validator-1.6.jar:/home/runner/.m2/repository/commons-beanutils/commons-beanutils/1.9.4/commons-beanutils-1.9.4.jar:/home/runner/.m2/repository/commons-digester/commons-digester/1.8.1/commons-digester-1.8.1.jar:/home/runner/.m2/repository/commons-collections/commons-collections/3.2.2/commons-collections-3.2.2.jar:/home/runner/.m2/repository/io/jaegertracing/jaeger-client/1.6.0/jaeger-client-1.6.0.jar:/home/runner/.m2/repository/io/jaegertracing/jaeger-thrift/1.6.0/jaeger-thrift-1.6.0.jar:/home/runner/.m2/repository/org/apache/thrift/libthrift/0.14.1/libthrift-0.14.1.jar:/home/runner/.m2/repository/com/squareup/okhttp3/okhttp/4.9.0/okhttp-4.9.0.jar:/home/runner/.m2/repository/com/squareup/okio/okio/2.8.0/okio-2.8.0.jar:/home/runner/.m2/repository/io/jaegertracing/jaeger-core/1.6.0/jaeger-core-1.6.0.jar:/home/runner/.m2/repository/io/jaegertracing/jaeger-tracerresolver/1.6.0/jaeger-tracerresolver-1.6.0.jar:/home/runner/.m2/repository/io/opentracing/contrib/opentracing-tracerresolver/0.1.8/opentracing-tracerresolver-0.1.8.jar:/home/runner/.m2/repository/org/jetbrains/kotlin/kotlin-stdlib/1.4.31/kotlin-stdlib-1.4.31.jar:/home/runner/.m2/repository/org/jetbrains/kotlin/kotlin-stdlib-common/1.4.31/kotlin-stdlib-common-1.4.31.jar:/home/runner/.m2/repository/org/jetbrains/annotations/13.0/annotations-13.0.jar:/home/runner/.m2/repository/io/opentracing/opentracing-util/0.33.0/opentracing-util-0.33.0.jar:/home/runner/.m2/repository/io/opentracing/opentracing-api/0.33.0/opentracing-api-0.33.0.jar:/home/runner/.m2/repository/io/opentracing/opentracing-noop/0.33.0/opentracing-noop-0.33.0.jar:/home/runner/.m2/repository/org/yaml/snakeyaml/1.26/snakeyaml-1.26.jar:/home/runner/.m2/repository/org/apache/ozone/hdds-interface-admin/1.2.0-SNAPSHOT/hdds-interface-admin-1.2.0-SNAPSHOT.jar:/home/runner/.m2/repository/junit/junit/4.13.1/junit-4.13.1.jar:/home/runner/.m2/repository/org/hamcrest/hamcrest-core/1.3/hamcrest-core-1.3.jar:/home/runner/.m2/repository/org/junit/jupiter/junit-jupiter-api/5.7.0/junit-jupiter-api-5.7.0.jar:/home/runner/.m2/repository/org/apiguardian/apiguardian-api/1.1.0/apiguardian-api-1.1.0.jar:/home/runner/.m2/repository/org/opentest4j/opentest4j/1.2.0/opentest4j-1.2.0.jar:/home/runner/.m2/repository/org/junit/platform/junit-platform-commons/1.7.0/junit-platform-commons-1.7.0.jar:/home/runner/.m2/repository/org/junit/jupiter/junit-jupiter-engine/5.7.0/junit-jupiter-engine-5.7.0.jar:/home/runner/.m2/repository/org/junit/platform/junit-platform-engine/1.7.0/junit-platform-engine-1.7.0.jar:/home/runner/.m2/repository/org/junit/vintage/junit-vintage-engine/5.7.0/junit-vintage-engine-5.7.0.jar:/home/runner/.m2/repository/org/junit/platform/junit-platform-launcher/1.7.0/junit-platform-launcher-1.7.0.jar:/home/runner/.m2/repository/org/openjdk/jmh/jmh-core/1.19/jmh-core-1.19.jar:/home/runner/.m2/repository/net/sf/jopt-simple/jopt-simple/4.6/jopt-simple-4.6.jar:/home/runner/.m2/repository/org/apache/commons/commons-math3/3.1.1/commons-math3-3.1.1.jar:/home/runner/.m2/repository/org/openjdk/jmh/jmh-generator-annprocess/1.19/jmh-generator-annprocess-1.19.jar:/home/runner/.m2/repository/org/mockito/mockito-core/2.28.2/mockito-core-2.28.2.jar:/home/runner/.m2/repository/net/bytebuddy/byte-buddy/1.9.10/byte-buddy-1.9.10.jar:/home/runner/.m2/repository/net/bytebuddy/byte-buddy-agent/1.9.10/byte-buddy-agent-1.9.10.jar:/home/runner/.m2/repository/org/objenesis/objenesis/1.0/objenesis-1.0.jar:/home/runner/.m2/repository/org/apache/hadoop/hadoop-kms/3.3.1/hadoop-kms-3.3.1.jar:/home/runner/.m2/repository/org/apache/hadoop/hadoop-auth/3.3.1/hadoop-auth-3.3.1.jar:/home/runner/.m2/repository/com/nimbusds/nimbus-jose-jwt/7.9/nimbus-jose-jwt-7.9.jar:/home/runner/.m2/repository/com/github/stephenc/jcip/jcip-annotations/1.0-1/jcip-annotations-1.0-1.jar:/home/runner/.m2/repository/net/minidev/json-smart/2.3/json-smart-2.3.jar:/home/runner/.m2/repository/net/minidev/accessors-smart/1.2/accessors-smart-1.2.jar:/home/runner/.m2/repository/org/ow2/asm/asm/5.0.4/asm-5.0.4.jar:/home/runner/.m2/repository/org/apache/zookeeper/zookeeper/3.5.6/zookeeper-3.5.6.jar:/home/runner/.m2/repository/org/apache/zookeeper/zookeeper-jute/3.5.6/zookeeper-jute-3.5.6.jar:/home/runner/.m2/repository/org/apache/yetus/audience-annotations/0.5.0/audience-annotations-0.5.0.jar:/home/runner/.m2/repository/org/apache/curator/curator-framework/4.2.0/curator-framework-4.2.0.jar:/home/runner/.m2/repository/org/apache/hadoop/thirdparty/hadoop-shaded-guava/1.1.1/hadoop-shaded-guava-1.1.1.jar:/home/runner/.m2/repository/com/sun/jersey/jersey-core/1.19/jersey-core-1.19.jar:/home/runner/.m2/repository/javax/ws/rs/jsr311-api/1.1.1/jsr311-api-1.1.1.jar:/home/runner/.m2/repository/com/sun/jersey/jersey-server/1.19/jersey-server-1.19.jar:/home/runner/.m2/repository/javax/servlet/javax.servlet-api/3.1.0/javax.servlet-api-3.1.0.jar:/home/runner/.m2/repository/org/eclipse/jetty/jetty-server/9.4.35.v20201120/jetty-server-9.4.35.v20201120.jar:/home/runner/.m2/repository/org/eclipse/jetty/jetty-http/9.4.35.v20201120/jetty-http-9.4.35.v20201120.jar:/home/runner/.m2/repository/org/eclipse/jetty/jetty-io/9.4.35.v20201120/jetty-io-9.4.35.v20201120.jar:/home/runner/.m2/repository/org/eclipse/jetty/jetty-webapp/9.4.35.v20201120/jetty-webapp-9.4.35.v20201120.jar:/home/runner/.m2/repository/org/eclipse/jetty/jetty-xml/9.4.35.v20201120/jetty-xml-9.4.35.v20201120.jar:/home/runner/.m2/repository/org/apache/hadoop/hadoop-common/3.3.1/hadoop-common-3.3.1.jar:/home/runner/.m2/repository/commons-net/commons-net/3.6/commons-net-3.6.jar:/home/runner/.m2/repository/jakarta/activation/jakarta.activation-api/1.2.1/jakarta.activation-api-1.2.1.jar:/home/runner/.m2/repository/com/sun/jersey/jersey-servlet/1.19/jersey-servlet-1.19.jar:/home/runner/.m2/repository/com/sun/jersey/jersey-json/1.19/jersey-json-1.19.jar:/home/runner/.m2/repository/org/codehaus/jettison/jettison/1.1/jettison-1.1.jar:/home/runner/.m2/repository/com/sun/xml/bind/jaxb-impl/2.2.3-1/jaxb-impl-2.2.3-1.jar:/home/runner/.m2/repository/org/codehaus/jackson/jackson-jaxrs/1.9.2/jackson-jaxrs-1.9.2.jar:/home/runner/.m2/repository/org/codehaus/jackson/jackson-xc/1.9.2/jackson-xc-1.9.2.jar:/home/runner/.m2/repository/org/apache/commons/commons-configuration2/2.1.1/commons-configuration2-2.1.1.jar:/home/runner/.m2/repository/org/apache/commons/commons-text/1.4/commons-text-1.4.jar:/home/runner/.m2/repository/com/google/re2j/re2j/1.1/re2j-1.1.jar:/home/runner/.m2/repository/com/jcraft/jsch/0.1.54/jsch-0.1.54.jar:/home/runner/.m2/repository/org/apache/curator/curator-client/4.2.0/curator-client-4.2.0.jar:/home/runner/.m2/repository/org/apache/curator/curator-recipes/4.2.0/curator-recipes-4.2.0.jar:/home/runner/.m2/repository/org/apache/kerby/kerb-core/1.0.1/kerb-core-1.0.1.jar:/home/runner/.m2/repository/org/apache/kerby/kerby-pkix/1.0.1/kerby-pkix-1.0.1.jar:/home/runner/.m2/repository/org/apache/kerby/kerby-asn1/1.0.1/kerby-asn1-1.0.1.jar:/home/runner/.m2/repository/org/apache/kerby/kerby-util/1.0.1/kerby-util-1.0.1.jar:/home/runner/.m2/repository/dnsjava/dnsjava/2.1.7/dnsjava-2.1.7.jar:/home/runner/.m2/repository/org/xerial/snappy/snappy-java/1.1.8.2/snappy-java-1.1.8.2.jar:/home/runner/.m2/repository/org/slf4j/jul-to-slf4j/1.7.30/jul-to-slf4j-1.7.30.jar:/home/runner/.m2/repository/org/eclipse/jetty/jetty-util/9.4.35.v20201120/jetty-util-9.4.35.v20201120.jar:/home/runner/.m2/repository/com/fasterxml/jackson/core/jackson-databind/2.12.1/jackson-databind-2.12.1.jar:/home/runner/.m2/repository/org/apache/hadoop/hadoop-kms/3.3.1/hadoop-kms-3.3.1-tests.jar:/home/runner/.m2/repository/org/apache/ozone/hdds-server-scm/1.2.0-SNAPSHOT/hdds-server-scm-1.2.0-SNAPSHOT-tests.jar:/home/runner/.m2/repository/org/apache/ozone/hdds-container-service/1.2.0-SNAPSHOT/hdds-container-service-1.2.0-SNAPSHOT-tests.jar:/home/runner/.m2/repository/commons-codec/commons-codec/1.11/commons-codec-1.11.jar:/home/runner/.m2/repository/io/netty/netty-transport/4.1.63.Final/netty-transport-4.1.63.Final.jar:/home/runner/.m2/repository/io/netty/netty-resolver/4.1.63.Final/netty-resolver-4.1.63.Final.jar:/home/runner/.m2/repository/io/netty/netty-codec/4.1.63.Final/netty-codec-4.1.63.Final.jar:/home/runner/.m2/repository/io/netty/netty-handler/4.1.63.Final/netty-handler-4.1.63.Final.jar:/home/runner/.m2/repository/org/apache/ozone/hdds-hadoop-dependency-test/1.2.0-SNAPSHOT/hdds-hadoop-dependency-test-1.2.0-SNAPSHOT.jar:/home/runner/.m2/repository/org/apache/hadoop/hadoop-common/3.3.1/hadoop-common-3.3.1-tests.jar:/home/runner/.m2/repository/org/assertj/assertj-core/3.12.2/assertj-core-3.12.2.jar:/home/runner/.m2/repository/org/apache/hadoop/hadoop-hdfs/3.3.1/hadoop-hdfs-3.3.1-tests.jar:/home/runner/.m2/repository/org/eclipse/jetty/jetty-util-ajax/9.4.35.v20201120/jetty-util-ajax-9.4.35.v20201120.jar:/home/runner/.m2/repository/commons-daemon/commons-daemon/1.0.13/commons-daemon-1.0.13.jar:/home/runner/.m2/repository/io/netty/netty/3.10.6.Final/netty-3.10.6.Final.jar:/home/runner/.m2/repository/io/netty/netty-all/4.1.63.Final/netty-all-4.1.63.Final.jar:/home/runner/.m2/repository/org/apache/htrace/htrace-core4/4.1.0-incubating/htrace-core4-4.1.0-incubating.jar:/home/runner/.m2/repository/org/fusesource/leveldbjni/leveldbjni-all/1.8/leveldbjni-all-1.8.jar:/home/runner/.m2/repository/org/apache/hadoop/hadoop-distcp/3.3.1/hadoop-distcp-3.3.1.jar:/home/runner/.m2/repository/org/apache/hadoop/hadoop-mapreduce-client-jobclient/3.3.1/hadoop-mapreduce-client-jobclient-3.3.1.jar:/home/runner/.m2/repository/org/apache/hadoop/hadoop-mapreduce-client-common/3.3.1/hadoop-mapreduce-client-common-3.3.1.jar:/home/runner/.m2/repository/org/apache/hadoop/hadoop-yarn-common/3.3.1/hadoop-yarn-common-3.3.1.jar:/home/runner/.m2/repository/org/apache/hadoop/hadoop-yarn-api/3.3.1/hadoop-yarn-api-3.3.1.jar:/home/runner/.m2/repository/com/sun/jersey/jersey-client/1.19/jersey-client-1.19.jar:/home/runner/.m2/repository/com/sun/jersey/contribs/jersey-guice/1.19/jersey-guice-1.19.jar:/home/runner/.m2/repository/com/fasterxml/jackson/jaxrs/jackson-jaxrs-json-provider/2.12.1/jackson-jaxrs-json-provider-2.12.1.jar:/home/runner/.m2/repository/com/fasterxml/jackson/jaxrs/jackson-jaxrs-base/2.12.1/jackson-jaxrs-base-2.12.1.jar:/home/runner/.m2/repository/org/apache/hadoop/hadoop-yarn-client/3.3.1/hadoop-yarn-client-3.3.1.jar:/home/runner/.m2/repository/org/eclipse/jetty/websocket/websocket-client/9.4.40.v20210413/websocket-client-9.4.40.v20210413.jar:/home/runner/.m2/repository/org/eclipse/jetty/jetty-client/9.4.40.v20210413/jetty-client-9.4.40.v20210413.jar:/home/runner/.m2/repository/org/eclipse/jetty/websocket/websocket-common/9.4.40.v20210413/websocket-common-9.4.40.v20210413.jar:/home/runner/.m2/repository/org/eclipse/jetty/websocket/websocket-api/9.4.40.v20210413/websocket-api-9.4.40.v20210413.jar:/home/runner/.m2/repository/org/jline/jline/3.9.0/jline-3.9.0.jar:/home/runner/.m2/repository/org/apache/hadoop/hadoop-mapreduce-client-core/3.3.1/hadoop-mapreduce-client-core-3.3.1.jar:/home/runner/.m2/repository/org/apache/avro/avro/1.7.7/avro-1.7.7.jar:/home/runner/.m2/repository/org/codehaus/jackson/jackson-core-asl/1.9.13/jackson-core-asl-1.9.13.jar:/home/runner/.m2/repository/org/codehaus/jackson/jackson-mapper-asl/1.9.13/jackson-mapper-asl-1.9.13.jar:/home/runner/.m2/repository/com/thoughtworks/paranamer/paranamer/2.3/paranamer-2.3.jar:/home/runner/.m2/repository/org/apache/hadoop/hadoop-annotations/3.3.1/hadoop-annotations-3.3.1.jar:/usr/lib/jvm/adoptopenjdk-8-hotspot-amd64/jre/../lib/tools.jar:/home/runner/.m2/repository/org/apache/hadoop/hadoop-distcp/3.3.1/hadoop-distcp-3.3.1-tests.jar:"/>
    <property name="sun.cpu.endian" value="little"/>
    <property name="user.home" value="/home/runner"/>
    <property name="user.language" value="en"/>
    <property name="java.specification.vendor" value="Oracle Corporation"/>
    <property name="java.home" value="/usr/lib/jvm/adoptopenjdk-8-hotspot-amd64/jre"/>
    <property name="java.security.krb5.conf" value="/home/runner/work/ozone/ozone/mnt/ozone/hadoop-ozone/integration-test/target/test-classes/krb5.conf"/>
    <property name="basedir" value="/home/runner/work/ozone/ozone/mnt/ozone/hadoop-ozone/integration-test"/>
    <property name="file.separator" value="/"/>
    <property name="line.separator" value="&#10;"/>
    <property name="java.vm.specification.vendor" value="Oracle Corporation"/>
    <property name="java.specification.name" value="Java Platform API Specification"/>
    <property name="java.awt.graphicsenv" value="sun.awt.X11GraphicsEnvironment"/>
    <property name="skip.installnpx" value="true"/>
    <property name="surefire.real.class.path" value="/home/runner/work/ozone/ozone/mnt/ozone/hadoop-ozone/integration-test/target/surefire/surefirebooter6911389396370564370.jar:/home/runner/.m2/repository/org/jacoco/org.jacoco.agent/0.8.5/org.jacoco.agent-0.8.5-runtime.jar"/>
    <property name="hadoop.log.dir" value="/home/runner/work/ozone/ozone/mnt/ozone/hadoop-ozone/integration-test/target/log"/>
    <property name="sun.boot.class.path" value="/usr/lib/jvm/adoptopenjdk-8-hotspot-amd64/jre/lib/resources.jar:/usr/lib/jvm/adoptopenjdk-8-hotspot-amd64/jre/lib/rt.jar:/usr/lib/jvm/adoptopenjdk-8-hotspot-amd64/jre/lib/sunrsasign.jar:/usr/lib/jvm/adoptopenjdk-8-hotspot-amd64/jre/lib/jsse.jar:/usr/lib/jvm/adoptopenjdk-8-hotspot-amd64/jre/lib/jce.jar:/usr/lib/jvm/adoptopenjdk-8-hotspot-amd64/jre/lib/charsets.jar:/usr/lib/jvm/adoptopenjdk-8-hotspot-amd64/jre/lib/jfr.jar:/usr/lib/jvm/adoptopenjdk-8-hotspot-amd64/jre/classes"/>
    <property name="sun.management.compiler" value="HotSpot 64-Bit Tiered Compilers"/>
    <property name="skip.npx" value="true"/>
    <property name="java.runtime.version" value="1.8.0_292-b10"/>
    <property name="java.net.preferIPv4Stack" value="true"/>
    <property name="user.name" value="runner"/>
    <property name="path.separator" value=":"/>
    <property name="java.security.egd" value="file:///dev/urandom"/>
    <property name="os.version" value="5.4.0-1051-azure"/>
    <property name="java.endorsed.dirs" value="/usr/lib/jvm/adoptopenjdk-8-hotspot-amd64/jre/lib/endorsed"/>
    <property name="java.runtime.name" value="OpenJDK Runtime Environment"/>
    <property name="file.encoding" value="UTF-8"/>
    <property name="java.vm.name" value="OpenJDK 64-Bit Server VM"/>
    <property name="test.build.webapps" value=""/>
    <property name="localRepository" value="/home/runner/.m2/repository"/>
    <property name="java.vendor.url.bug" value="https://github.com/AdoptOpenJDK/openjdk-support/issues"/>
    <property name="java.io.tmpdir" value="/tmp"/>
    <property name="require.test.libhadoop" value=""/>
    <property name="java.version" value="1.8.0_292"/>
    <property name="user.dir" value="/home/runner/work/ozone/ozone/mnt/ozone/hadoop-ozone/integration-test"/>
    <property name="os.arch" value="amd64"/>
    <property name="java.vm.specification.name" value="Java Virtual Machine Specification"/>
    <property name="test.build.classes" value="/home/runner/work/ozone/ozone/mnt/ozone/hadoop-ozone/integration-test/target/test-classes"/>
    <property name="java.awt.printerjob" value="sun.print.PSPrinterJob"/>
    <property name="sun.os.patch.level" value="unknown"/>
    <property name="hadoop.tmp.dir" value="/home/runner/work/ozone/ozone/mnt/ozone/hadoop-ozone/integration-test/target/tmp"/>
    <property name="java.library.path" value="/usr/java/packages/lib/amd64:/usr/lib64:/lib64:/lib:/usr/lib"/>
    <property name="java.vm.info" value="mixed mode"/>
    <property name="java.vendor" value="AdoptOpenJDK"/>
    <property name="java.vm.version" value="25.292-b10"/>
    <property name="java.ext.dirs" value="/usr/lib/jvm/adoptopenjdk-8-hotspot-amd64/jre/lib/ext:/usr/java/packages/lib/ext"/>
    <property name="sun.io.unicode.encoding" value="UnicodeLittle"/>
    <property name="java.class.version" value="52.0"/>
  </properties>
  <testcase name="testBlockWriteViaRatis" classname="org.apache.hadoop.ozone.client.rpc.TestCloseContainerHandlingByClient" time="3.392"/>
  <testcase name="testBlockWritesWithFlushAndClose" classname="org.apache.hadoop.ozone.client.rpc.TestCloseContainerHandlingByClient" time="2.86"/>
  <testcase name="testBlockWritesCloseConsistency" classname="org.apache.hadoop.ozone.client.rpc.TestCloseContainerHandlingByClient" time="1.743"/>
  <testcase name="testMultiBlockWrites" classname="org.apache.hadoop.ozone.client.rpc.TestCloseContainerHandlingByClient" time="1.565"/>
  <testcase name="testBlockWrites" classname="org.apache.hadoop.ozone.client.rpc.TestCloseContainerHandlingByClient" time="2.64"/>
  <testcase name="testMultiBlockWrites2" classname="org.apache.hadoop.ozone.client.rpc.TestCloseContainerHandlingByClient" time="3.649"/>
  <testcase name="testMultiBlockWrites3" classname="org.apache.hadoop.ozone.client.rpc.TestCloseContainerHandlingByClient" time="25.463">
    <error message="java.io.IOException: java.io.IOException: INTERNAL_ERROR org.apache.hadoop.ozone.om.exceptions.OMException: Allocated 0 blocks. Requested 1 blocks" type="java.io.IOException">java.io.IOException: java.io.IOException: java.io.IOException: INTERNAL_ERROR org.apache.hadoop.ozone.om.exceptions.OMException: Allocated 0 blocks. Requested 1 blocks
	at org.apache.hadoop.ozone.client.io.KeyOutputStream.handleWrite(KeyOutputStream.java:250)
	at org.apache.hadoop.ozone.client.io.KeyOutputStream.write(KeyOutputStream.java:220)
	at org.apache.hadoop.ozone.client.io.OzoneOutputStream.write(OzoneOutputStream.java:50)
	at java.io.OutputStream.write(OutputStream.java:75)
	at org.apache.hadoop.ozone.client.rpc.TestCloseContainerHandlingByClient.testMultiBlockWrites3(TestCloseContainerHandlingByClient.java:330)
	at sun.reflect.NativeMethodAccessorImpl.invoke0(Native Method)
	at sun.reflect.NativeMethodAccessorImpl.invoke(NativeMethodAccessorImpl.java:62)
	at sun.reflect.DelegatingMethodAccessorImpl.invoke(DelegatingMethodAccessorImpl.java:43)
	at java.lang.reflect.Method.invoke(Method.java:498)
	at org.junit.runners.model.FrameworkMethod$1.runReflectiveCall(FrameworkMethod.java:59)
	at org.junit.internal.runners.model.ReflectiveCallable.run(ReflectiveCallable.java:12)
	at org.junit.runners.model.FrameworkMethod.invokeExplosively(FrameworkMethod.java:56)
	at org.junit.internal.runners.statements.InvokeMethod.evaluate(InvokeMethod.java:17)
	at org.junit.internal.runners.statements.FailOnTimeout$CallableStatement.call(FailOnTimeout.java:288)
	at org.junit.internal.runners.statements.FailOnTimeout$CallableStatement.call(FailOnTimeout.java:282)
	at java.util.concurrent.FutureTask.run(FutureTask.java:266)
	at java.lang.Thread.run(Thread.java:748)
Caused by: java.io.IOException: java.io.IOException: INTERNAL_ERROR org.apache.hadoop.ozone.om.exceptions.OMException: Allocated 0 blocks. Requested 1 blocks
	at org.apache.hadoop.ozone.client.io.KeyOutputStream.handleWrite(KeyOutputStream.java:250)
	at org.apache.hadoop.ozone.client.io.KeyOutputStream.handleRetry(KeyOutputStream.java:423)
	at org.apache.hadoop.ozone.client.io.KeyOutputStream.handleException(KeyOutputStream.java:368)
	at org.apache.hadoop.ozone.client.io.KeyOutputStream.writeToOutputStream(KeyOutputStream.java:282)
	at org.apache.hadoop.ozone.client.io.KeyOutputStream.handleWrite(KeyOutputStream.java:240)
	... 16 more
Caused by: java.io.IOException: INTERNAL_ERROR org.apache.hadoop.ozone.om.exceptions.OMException: Allocated 0 blocks. Requested 1 blocks
	at org.apache.hadoop.ozone.client.io.KeyOutputStream.handleWrite(KeyOutputStream.java:250)
	at org.apache.hadoop.ozone.client.io.KeyOutputStream.handleRetry(KeyOutputStream.java:423)
	at org.apache.hadoop.ozone.client.io.KeyOutputStream.handleException(KeyOutputStream.java:368)
	at org.apache.hadoop.ozone.client.io.KeyOutputStream.writeToOutputStream(KeyOutputStream.java:282)
	at org.apache.hadoop.ozone.client.io.KeyOutputStream.handleWrite(KeyOutputStream.java:240)
	... 20 more
Caused by: INTERNAL_ERROR org.apache.hadoop.ozone.om.exceptions.OMException: Allocated 0 blocks. Requested 1 blocks
	at org.apache.hadoop.ozone.om.protocolPB.OzoneManagerProtocolClientSideTranslatorPB.handleError(OzoneManagerProtocolClientSideTranslatorPB.java:613)
	at org.apache.hadoop.ozone.om.protocolPB.OzoneManagerProtocolClientSideTranslatorPB.allocateBlock(OzoneManagerProtocolClientSideTranslatorPB.java:643)
	at org.apache.hadoop.ozone.client.io.BlockOutputStreamEntryPool.allocateNewBlock(BlockOutputStreamEntryPool.java:243)
	at org.apache.hadoop.ozone.client.io.BlockOutputStreamEntryPool.allocateBlockIfNeeded(BlockOutputStreamEntryPool.java:289)
	at org.apache.hadoop.ozone.client.io.KeyOutputStream.handleWrite(KeyOutputStream.java:229)
	... 24 more
</error>
    <system-out><![CDATA[2021-07-28 07:53:18,190 [Datanode State Machine Thread - 0] WARN  statemachine.StateContext (StateContext.java:execute(621)) - No available thread in pool for past 1 seconds.
2021-07-28 07:53:18,202 [Datanode State Machine Thread - 0] WARN  statemachine.StateContext (StateContext.java:execute(621)) - No available thread in pool for past 1 seconds.
2021-07-28 07:53:18,229 [Datanode State Machine Thread - 0] WARN  statemachine.StateContext (StateContext.java:execute(621)) - No available thread in pool for past 1 seconds.
2021-07-28 07:53:20,914 [Datanode State Machine Thread - 0] WARN  statemachine.StateContext (StateContext.java:execute(621)) - No available thread in pool for past 1 seconds.
2021-07-28 07:53:20,924 [Datanode State Machine Thread - 0] WARN  statemachine.StateContext (StateContext.java:execute(621)) - No available thread in pool for past 1 seconds.
2021-07-28 07:53:21,132 [Datanode State Machine Thread - 0] WARN  statemachine.StateContext (StateContext.java:execute(621)) - No available thread in pool for past 1 seconds.
2021-07-28 07:53:21,139 [Datanode State Machine Thread - 0] WARN  statemachine.StateContext (StateContext.java:execute(621)) - No available thread in pool for past 1 seconds.
2021-07-28 07:53:21,256 [EventQueue-CloseContainerForCloseContainerEventHandler] INFO  container.CloseContainerEventHandler (CloseContainerEventHandler.java:onMessage(69)) - Close container Event triggered for container : #14
2021-07-28 07:53:21,256 [EventQueue-CloseContainerForCloseContainerEventHandler] INFO  container.CloseContainerEventHandler (CloseContainerEventHandler.java:onMessage(69)) - Close container Event triggered for container : #14
2021-07-28 07:53:21,256 [EventQueue-CloseContainerForCloseContainerEventHandler] INFO  container.CloseContainerEventHandler (CloseContainerEventHandler.java:onMessage(69)) - Close container Event triggered for container : #14
2021-07-28 07:53:21,256 [EventQueue-CloseContainerForCloseContainerEventHandler] INFO  container.CloseContainerEventHandler (CloseContainerEventHandler.java:onMessage(69)) - Close container Event triggered for container : #15
2021-07-28 07:53:21,257 [EventQueue-CloseContainerForCloseContainerEventHandler] INFO  container.CloseContainerEventHandler (CloseContainerEventHandler.java:onMessage(69)) - Close container Event triggered for container : #15
2021-07-28 07:53:21,257 [EventQueue-CloseContainerForCloseContainerEventHandler] INFO  container.CloseContainerEventHandler (CloseContainerEventHandler.java:onMessage(69)) - Close container Event triggered for container : #15
2021-07-28 07:53:21,257 [EventQueue-CloseContainerForCloseContainerEventHandler] INFO  container.CloseContainerEventHandler (CloseContainerEventHandler.java:onMessage(69)) - Close container Event triggered for container : #16
2021-07-28 07:53:21,257 [EventQueue-CloseContainerForCloseContainerEventHandler] INFO  container.CloseContainerEventHandler (CloseContainerEventHandler.java:onMessage(69)) - Close container Event triggered for container : #16
2021-07-28 07:53:21,257 [EventQueue-CloseContainerForCloseContainerEventHandler] INFO  container.CloseContainerEventHandler (CloseContainerEventHandler.java:onMessage(69)) - Close container Event triggered for container : #16
2021-07-28 07:53:21,257 [EventQueue-CloseContainerForCloseContainerEventHandler] INFO  container.CloseContainerEventHandler (CloseContainerEventHandler.java:onMessage(69)) - Close container Event triggered for container : #7
2021-07-28 07:53:21,257 [EventQueue-CloseContainerForCloseContainerEventHandler] INFO  container.CloseContainerEventHandler (CloseContainerEventHandler.java:onMessage(69)) - Close container Event triggered for container : #7
2021-07-28 07:53:21,257 [EventQueue-CloseContainerForCloseContainerEventHandler] INFO  container.CloseContainerEventHandler (CloseContainerEventHandler.java:onMessage(69)) - Close container Event triggered for container : #7
2021-07-28 07:53:22,194 [Datanode State Machine Thread - 0] WARN  statemachine.StateContext (StateContext.java:execute(621)) - No available thread in pool for past 1 seconds.
2021-07-28 07:53:22,204 [pool-176-thread-6] INFO  keyvalue.KeyValueContainer (KeyValueContainer.java:flushAndSyncDB(397)) - Container 14 is synced with bcsId 131.
2021-07-28 07:53:22,204 [pool-176-thread-6] INFO  keyvalue.KeyValueContainer (KeyValueContainer.java:flushAndSyncDB(397)) - Container 14 is synced with bcsId 131.
2021-07-28 07:53:22,206 [Datanode State Machine Thread - 0] WARN  statemachine.StateContext (StateContext.java:execute(621)) - No available thread in pool for past 1 seconds.
2021-07-28 07:53:22,207 [pool-176-thread-6] INFO  keyvalue.KeyValueContainer (KeyValueContainer.java:close(334)) - Container 14 is closed with bcsId 131.
2021-07-28 07:53:22,208 [pool-178-thread-7] INFO  keyvalue.KeyValueContainer (KeyValueContainer.java:flushAndSyncDB(397)) - Container 14 is synced with bcsId 131.
2021-07-28 07:53:22,208 [pool-178-thread-7] INFO  keyvalue.KeyValueContainer (KeyValueContainer.java:flushAndSyncDB(397)) - Container 14 is synced with bcsId 131.
2021-07-28 07:53:22,209 [Datanode State Machine Thread - 0] WARN  statemachine.StateContext (StateContext.java:execute(621)) - No available thread in pool for past 1 seconds.
2021-07-28 07:53:22,210 [EventQueue-IncrementalContainerReportForIncrementalContainerReportHandler] INFO  container.IncrementalContainerReportHandler (AbstractContainerReportHandler.java:updateContainerState(223)) - Moving container #14 to CLOSED state, datanode dd361100-9f3c-478f-b3d4-80faf4b7e98f{ip: 10.1.0.59, host: fv-az122-844.zf1tlrj3kn4expqppa1j4mpycf.xx.internal.cloudapp.net, ports: [REPLICATION=41241, RATIS=36511, RATIS_ADMIN=36511, RATIS_SERVER=36511, STANDALONE=46543], networkLocation: /default-rack, certSerialId: null, persistedOpState: IN_SERVICE, persistedOpStateExpiryEpochSec: 0} reported CLOSED replica.
2021-07-28 07:53:22,211 [Datanode State Machine Thread - 0] WARN  statemachine.StateContext (StateContext.java:execute(621)) - No available thread in pool for past 1 seconds.
2021-07-28 07:53:22,211 [pool-178-thread-7] INFO  keyvalue.KeyValueContainer (KeyValueContainer.java:close(334)) - Container 14 is closed with bcsId 131.
2021-07-28 07:53:22,212 [Datanode State Machine Thread - 0] WARN  statemachine.StateContext (StateContext.java:execute(621)) - No available thread in pool for past 1 seconds.
2021-07-28 07:53:22,213 [pool-177-thread-5] INFO  keyvalue.KeyValueContainer (KeyValueContainer.java:flushAndSyncDB(397)) - Container 14 is synced with bcsId 131.
2021-07-28 07:53:22,213 [pool-177-thread-5] INFO  keyvalue.KeyValueContainer (KeyValueContainer.java:flushAndSyncDB(397)) - Container 14 is synced with bcsId 131.
2021-07-28 07:53:22,216 [Datanode State Machine Thread - 0] WARN  statemachine.StateContext (StateContext.java:execute(621)) - No available thread in pool for past 1 seconds.
2021-07-28 07:53:22,218 [pool-177-thread-5] INFO  keyvalue.KeyValueContainer (KeyValueContainer.java:close(334)) - Container 14 is closed with bcsId 131.
2021-07-28 07:53:22,222 [Datanode State Machine Thread - 0] WARN  statemachine.StateContext (StateContext.java:execute(621)) - No available thread in pool for past 1 seconds.
2021-07-28 07:53:22,227 [pool-176-thread-5] INFO  keyvalue.KeyValueContainer (KeyValueContainer.java:flushAndSyncDB(397)) - Container 15 is synced with bcsId 147.
2021-07-28 07:53:22,227 [pool-176-thread-5] INFO  keyvalue.KeyValueContainer (KeyValueContainer.java:flushAndSyncDB(397)) - Container 15 is synced with bcsId 147.
2021-07-28 07:53:22,229 [pool-176-thread-5] INFO  keyvalue.KeyValueContainer (KeyValueContainer.java:close(334)) - Container 15 is closed with bcsId 147.
2021-07-28 07:53:22,230 [Datanode State Machine Thread - 0] WARN  statemachine.StateContext (StateContext.java:execute(621)) - No available thread in pool for past 1 seconds.
2021-07-28 07:53:22,230 [EventQueue-IncrementalContainerReportForIncrementalContainerReportHandler] INFO  container.IncrementalContainerReportHandler (AbstractContainerReportHandler.java:updateContainerState(223)) - Moving container #15 to CLOSED state, datanode dd361100-9f3c-478f-b3d4-80faf4b7e98f{ip: 10.1.0.59, host: fv-az122-844.zf1tlrj3kn4expqppa1j4mpycf.xx.internal.cloudapp.net, ports: [REPLICATION=41241, RATIS=36511, RATIS_ADMIN=36511, RATIS_SERVER=36511, STANDALONE=46543], networkLocation: /default-rack, certSerialId: null, persistedOpState: IN_SERVICE, persistedOpStateExpiryEpochSec: 0} reported CLOSED replica.
2021-07-28 07:53:22,231 [pool-178-thread-8] INFO  keyvalue.KeyValueContainer (KeyValueContainer.java:flushAndSyncDB(397)) - Container 15 is synced with bcsId 147.
2021-07-28 07:53:22,231 [pool-178-thread-8] INFO  keyvalue.KeyValueContainer (KeyValueContainer.java:flushAndSyncDB(397)) - Container 15 is synced with bcsId 147.
2021-07-28 07:53:22,233 [Datanode State Machine Thread - 0] WARN  statemachine.StateContext (StateContext.java:execute(621)) - No available thread in pool for past 1 seconds.
2021-07-28 07:53:22,236 [pool-178-thread-8] INFO  keyvalue.KeyValueContainer (KeyValueContainer.java:close(334)) - Container 15 is closed with bcsId 147.
2021-07-28 07:53:22,236 [Datanode State Machine Thread - 0] WARN  statemachine.StateContext (StateContext.java:execute(621)) - No available thread in pool for past 1 seconds.
2021-07-28 07:53:22,237 [Datanode State Machine Thread - 0] WARN  statemachine.StateContext (StateContext.java:execute(621)) - No available thread in pool for past 1 seconds.
2021-07-28 07:53:22,239 [pool-177-thread-8] INFO  keyvalue.KeyValueContainer (KeyValueContainer.java:flushAndSyncDB(397)) - Container 15 is synced with bcsId 147.
2021-07-28 07:53:22,239 [pool-177-thread-8] INFO  keyvalue.KeyValueContainer (KeyValueContainer.java:flushAndSyncDB(397)) - Container 15 is synced with bcsId 147.
2021-07-28 07:53:22,241 [pool-176-thread-7] INFO  keyvalue.KeyValueContainer (KeyValueContainer.java:flushAndSyncDB(397)) - Container 7 is synced with bcsId 150.
2021-07-28 07:53:22,241 [pool-176-thread-7] INFO  keyvalue.KeyValueContainer (KeyValueContainer.java:flushAndSyncDB(397)) - Container 7 is synced with bcsId 150.
2021-07-28 07:53:22,243 [pool-177-thread-8] INFO  keyvalue.KeyValueContainer (KeyValueContainer.java:close(334)) - Container 15 is closed with bcsId 147.
2021-07-28 07:53:22,243 [pool-176-thread-7] INFO  keyvalue.KeyValueContainer (KeyValueContainer.java:close(334)) - Container 7 is closed with bcsId 150.
2021-07-28 07:53:22,245 [Datanode State Machine Thread - 0] WARN  statemachine.StateContext (StateContext.java:execute(621)) - No available thread in pool for past 1 seconds.
2021-07-28 07:53:22,245 [Datanode State Machine Thread - 0] WARN  statemachine.StateContext (StateContext.java:execute(621)) - No available thread in pool for past 1 seconds.
2021-07-28 07:53:22,246 [Datanode State Machine Thread - 0] WARN  statemachine.StateContext (StateContext.java:execute(621)) - No available thread in pool for past 1 seconds.
2021-07-28 07:53:22,247 [EventQueue-IncrementalContainerReportForIncrementalContainerReportHandler] INFO  container.IncrementalContainerReportHandler (AbstractContainerReportHandler.java:updateContainerState(223)) - Moving container #7 to CLOSED state, datanode dd361100-9f3c-478f-b3d4-80faf4b7e98f{ip: 10.1.0.59, host: fv-az122-844.zf1tlrj3kn4expqppa1j4mpycf.xx.internal.cloudapp.net, ports: [REPLICATION=41241, RATIS=36511, RATIS_ADMIN=36511, RATIS_SERVER=36511, STANDALONE=46543], networkLocation: /default-rack, certSerialId: null, persistedOpState: IN_SERVICE, persistedOpStateExpiryEpochSec: 0} reported CLOSED replica.
2021-07-28 07:53:22,249 [pool-177-thread-7] INFO  keyvalue.KeyValueContainer (KeyValueContainer.java:flushAndSyncDB(397)) - Container 7 is synced with bcsId 150.
2021-07-28 07:53:22,249 [pool-177-thread-7] INFO  keyvalue.KeyValueContainer (KeyValueContainer.java:flushAndSyncDB(397)) - Container 7 is synced with bcsId 150.
2021-07-28 07:53:22,252 [pool-178-thread-4] INFO  keyvalue.KeyValueContainer (KeyValueContainer.java:flushAndSyncDB(397)) - Container 7 is synced with bcsId 150.
2021-07-28 07:53:22,252 [pool-177-thread-7] INFO  keyvalue.KeyValueContainer (KeyValueContainer.java:close(334)) - Container 7 is closed with bcsId 150.
2021-07-28 07:53:22,252 [pool-178-thread-4] INFO  keyvalue.KeyValueContainer (KeyValueContainer.java:flushAndSyncDB(397)) - Container 7 is synced with bcsId 150.
2021-07-28 07:53:22,252 [Datanode State Machine Thread - 0] WARN  statemachine.StateContext (StateContext.java:execute(621)) - No available thread in pool for past 1 seconds.
2021-07-28 07:53:22,255 [pool-178-thread-4] INFO  keyvalue.KeyValueContainer (KeyValueContainer.java:close(334)) - Container 7 is closed with bcsId 150.
2021-07-28 07:53:22,547 [Datanode State Machine Thread - 0] WARN  statemachine.StateContext (StateContext.java:execute(621)) - No available thread in pool for past 1 seconds.
2021-07-28 07:53:22,548 [Datanode State Machine Thread - 0] WARN  statemachine.StateContext (StateContext.java:execute(621)) - No available thread in pool for past 1 seconds.
2021-07-28 07:53:22,550 [Datanode State Machine Thread - 0] WARN  statemachine.StateContext (StateContext.java:execute(621)) - No available thread in pool for past 1 seconds.
2021-07-28 07:53:22,556 [pool-173-thread-7] INFO  keyvalue.KeyValueContainer (KeyValueContainer.java:flushAndSyncDB(397)) - Container 16 is synced with bcsId 81.
2021-07-28 07:53:22,557 [pool-173-thread-7] INFO  keyvalue.KeyValueContainer (KeyValueContainer.java:flushAndSyncDB(397)) - Container 16 is synced with bcsId 81.
2021-07-28 07:53:22,558 [pool-173-thread-7] INFO  keyvalue.KeyValueContainer (KeyValueContainer.java:close(334)) - Container 16 is closed with bcsId 81.
2021-07-28 07:53:22,561 [EventQueue-IncrementalContainerReportForIncrementalContainerReportHandler] INFO  container.IncrementalContainerReportHandler (AbstractContainerReportHandler.java:updateContainerState(223)) - Moving container #16 to CLOSED state, datanode 467b1147-9af8-4a8a-b385-ab64be7d3190{ip: 10.1.0.59, host: fv-az122-844.zf1tlrj3kn4expqppa1j4mpycf.xx.internal.cloudapp.net, ports: [REPLICATION=43141, RATIS=44751, RATIS_ADMIN=44751, RATIS_SERVER=44751, STANDALONE=43177], networkLocation: /default-rack, certSerialId: null, persistedOpState: IN_SERVICE, persistedOpStateExpiryEpochSec: 0} reported CLOSED replica.
2021-07-28 07:53:22,566 [pool-170-thread-6] INFO  keyvalue.KeyValueContainer (KeyValueContainer.java:flushAndSyncDB(397)) - Container 16 is synced with bcsId 81.
2021-07-28 07:53:22,566 [pool-170-thread-6] INFO  keyvalue.KeyValueContainer (KeyValueContainer.java:flushAndSyncDB(397)) - Container 16 is synced with bcsId 81.
2021-07-28 07:53:22,568 [pool-170-thread-6] INFO  keyvalue.KeyValueContainer (KeyValueContainer.java:close(334)) - Container 16 is closed with bcsId 81.
2021-07-28 07:53:22,569 [pool-172-thread-7] INFO  keyvalue.KeyValueContainer (KeyValueContainer.java:flushAndSyncDB(397)) - Container 16 is synced with bcsId 81.
2021-07-28 07:53:22,569 [pool-172-thread-7] INFO  keyvalue.KeyValueContainer (KeyValueContainer.java:flushAndSyncDB(397)) - Container 16 is synced with bcsId 81.
2021-07-28 07:53:22,571 [pool-172-thread-7] INFO  keyvalue.KeyValueContainer (KeyValueContainer.java:close(334)) - Container 16 is closed with bcsId 81.
2021-07-28 07:53:22,571 [Datanode State Machine Thread - 0] WARN  statemachine.StateContext (StateContext.java:execute(621)) - No available thread in pool for past 1 seconds.
07:53:22.758 [grpc-default-executor-3] ERROR DNAudit - user=null | ip=null | op=WRITE_CHUNK {blockData=conID: 7 locID: 107544261427200020 bcsId: 150} | ret=FAILURE
org.apache.hadoop.hdds.scm.container.common.helpers.ContainerNotOpenException: Container 7 in CLOSED state
	at org.apache.hadoop.ozone.container.common.impl.HddsDispatcher.validateContainerCommand(HddsDispatcher.java:480) ~[hdds-container-service-1.2.0-SNAPSHOT.jar:?]
	at org.apache.hadoop.ozone.container.common.transport.server.ratis.ContainerStateMachine.startTransaction(ContainerStateMachine.java:317) ~[hdds-container-service-1.2.0-SNAPSHOT.jar:?]
	at org.apache.ratis.server.impl.RaftServerImpl.submitClientRequestAsync(RaftServerImpl.java:794) ~[ratis-server-2.1.0.jar:2.1.0]
	at org.apache.ratis.server.impl.RaftServerProxy.lambda$submitClientRequestAsync$9(RaftServerProxy.java:417) ~[ratis-server-2.1.0.jar:2.1.0]
	at org.apache.ratis.server.impl.RaftServerProxy.lambda$null$7(RaftServerProxy.java:412) ~[ratis-server-2.1.0.jar:2.1.0]
	at org.apache.ratis.util.JavaUtils.callAsUnchecked(JavaUtils.java:115) ~[ratis-common-2.1.0.jar:2.1.0]
	at org.apache.ratis.server.impl.RaftServerProxy.lambda$submitRequest$8(RaftServerProxy.java:412) ~[ratis-server-2.1.0.jar:2.1.0]
	at java.util.concurrent.CompletableFuture.uniComposeStage(CompletableFuture.java:995) ~[?:1.8.0_292]
	at java.util.concurrent.CompletableFuture.thenCompose(CompletableFuture.java:2137) ~[?:1.8.0_292]
	at org.apache.ratis.server.impl.RaftServerProxy.submitRequest(RaftServerProxy.java:411) ~[ratis-server-2.1.0.jar:2.1.0]
	at org.apache.ratis.server.impl.RaftServerProxy.submitClientRequestAsync(RaftServerProxy.java:417) ~[ratis-server-2.1.0.jar:2.1.0]
	at org.apache.ratis.grpc.client.GrpcClientProtocolService$RequestStreamObserver.processClientRequest(GrpcClientProtocolService.java:222) ~[ratis-grpc-2.1.0.jar:2.1.0]
	at org.apache.ratis.grpc.client.GrpcClientProtocolService$OrderedRequestStreamObserver.processClientRequest(GrpcClientProtocolService.java:328) ~[ratis-grpc-2.1.0.jar:2.1.0]
	at org.apache.ratis.util.SlidingWindow$Server.processRequestsFromHead(SlidingWindow.java:431) [ratis-common-2.1.0.jar:2.1.0]
	at org.apache.ratis.util.SlidingWindow$Server.receivedRequest(SlidingWindow.java:423) [ratis-common-2.1.0.jar:2.1.0]
	at org.apache.ratis.grpc.client.GrpcClientProtocolService$OrderedRequestStreamObserver.processClientRequest(GrpcClientProtocolService.java:352) [ratis-grpc-2.1.0.jar:2.1.0]
	at org.apache.ratis.grpc.client.GrpcClientProtocolService$RequestStreamObserver.onNext(GrpcClientProtocolService.java:242) [ratis-grpc-2.1.0.jar:2.1.0]
	at org.apache.ratis.grpc.client.GrpcClientProtocolService$RequestStreamObserver.onNext(GrpcClientProtocolService.java:165) [ratis-grpc-2.1.0.jar:2.1.0]
	at org.apache.ratis.thirdparty.io.grpc.stub.ServerCalls$StreamingServerCallHandler$StreamingServerCallListener.onMessage(ServerCalls.java:255) [ratis-thirdparty-misc-0.7.0.jar:0.7.0]
	at org.apache.ratis.thirdparty.io.grpc.ForwardingServerCallListener.onMessage(ForwardingServerCallListener.java:33) [ratis-thirdparty-misc-0.7.0.jar:0.7.0]
	at org.apache.ratis.thirdparty.io.grpc.internal.ServerCallImpl$ServerStreamListenerImpl.messagesAvailableInternal(ServerCallImpl.java:309) [ratis-thirdparty-misc-0.7.0.jar:0.7.0]
	at org.apache.ratis.thirdparty.io.grpc.internal.ServerCallImpl$ServerStreamListenerImpl.messagesAvailable(ServerCallImpl.java:292) [ratis-thirdparty-misc-0.7.0.jar:0.7.0]
	at org.apache.ratis.thirdparty.io.grpc.internal.ServerImpl$JumpToApplicationThreadServerStreamListener$1MessagesAvailable.runInContext(ServerImpl.java:782) [ratis-thirdparty-misc-0.7.0.jar:0.7.0]
	at org.apache.ratis.thirdparty.io.grpc.internal.ContextRunnable.run(ContextRunnable.java:37) [ratis-thirdparty-misc-0.7.0.jar:0.7.0]
	at org.apache.ratis.thirdparty.io.grpc.internal.SerializingExecutor.run(SerializingExecutor.java:123) [ratis-thirdparty-misc-0.7.0.jar:0.7.0]
	at java.util.concurrent.ThreadPoolExecutor.runWorker(ThreadPoolExecutor.java:1149) [?:1.8.0_292]
	at java.util.concurrent.ThreadPoolExecutor$Worker.run(ThreadPoolExecutor.java:624) [?:1.8.0_292]
	at java.lang.Thread.run(Thread.java:748) [?:1.8.0_292]
07:53:22.760 [grpc-default-executor-3] ERROR DNAudit - user=null | ip=null | op=PUT_BLOCK {blockData=[blockId=conID: 7 locID: 107544261427200020 bcsId: 0, size=2097152]} | ret=FAILURE
org.apache.hadoop.hdds.scm.container.common.helpers.ContainerNotOpenException: Container 7 in CLOSED state
	at org.apache.hadoop.ozone.container.common.impl.HddsDispatcher.validateContainerCommand(HddsDispatcher.java:480) ~[hdds-container-service-1.2.0-SNAPSHOT.jar:?]
	at org.apache.hadoop.ozone.container.common.transport.server.ratis.ContainerStateMachine.startTransaction(ContainerStateMachine.java:317) ~[hdds-container-service-1.2.0-SNAPSHOT.jar:?]
	at org.apache.ratis.server.impl.RaftServerImpl.submitClientRequestAsync(RaftServerImpl.java:794) ~[ratis-server-2.1.0.jar:2.1.0]
	at org.apache.ratis.server.impl.RaftServerProxy.lambda$submitClientRequestAsync$9(RaftServerProxy.java:417) ~[ratis-server-2.1.0.jar:2.1.0]
	at org.apache.ratis.server.impl.RaftServerProxy.lambda$null$7(RaftServerProxy.java:412) ~[ratis-server-2.1.0.jar:2.1.0]
	at org.apache.ratis.util.JavaUtils.callAsUnchecked(JavaUtils.java:115) ~[ratis-common-2.1.0.jar:2.1.0]
	at org.apache.ratis.server.impl.RaftServerProxy.lambda$submitRequest$8(RaftServerProxy.java:412) ~[ratis-server-2.1.0.jar:2.1.0]
	at java.util.concurrent.CompletableFuture.uniComposeStage(CompletableFuture.java:995) ~[?:1.8.0_292]
	at java.util.concurrent.CompletableFuture.thenCompose(CompletableFuture.java:2137) ~[?:1.8.0_292]
	at org.apache.ratis.server.impl.RaftServerProxy.submitRequest(RaftServerProxy.java:411) ~[ratis-server-2.1.0.jar:2.1.0]
	at org.apache.ratis.server.impl.RaftServerProxy.submitClientRequestAsync(RaftServerProxy.java:417) ~[ratis-server-2.1.0.jar:2.1.0]
	at org.apache.ratis.grpc.client.GrpcClientProtocolService$RequestStreamObserver.processClientRequest(GrpcClientProtocolService.java:222) ~[ratis-grpc-2.1.0.jar:2.1.0]
	at org.apache.ratis.grpc.client.GrpcClientProtocolService$OrderedRequestStreamObserver.processClientRequest(GrpcClientProtocolService.java:328) ~[ratis-grpc-2.1.0.jar:2.1.0]
	at org.apache.ratis.util.SlidingWindow$Server.processRequestsFromHead(SlidingWindow.java:431) [ratis-common-2.1.0.jar:2.1.0]
	at org.apache.ratis.util.SlidingWindow$Server.receivedRequest(SlidingWindow.java:423) [ratis-common-2.1.0.jar:2.1.0]
	at org.apache.ratis.grpc.client.GrpcClientProtocolService$OrderedRequestStreamObserver.processClientRequest(GrpcClientProtocolService.java:352) [ratis-grpc-2.1.0.jar:2.1.0]
	at org.apache.ratis.grpc.client.GrpcClientProtocolService$RequestStreamObserver.onNext(GrpcClientProtocolService.java:242) [ratis-grpc-2.1.0.jar:2.1.0]
	at org.apache.ratis.grpc.client.GrpcClientProtocolService$RequestStreamObserver.onNext(GrpcClientProtocolService.java:165) [ratis-grpc-2.1.0.jar:2.1.0]
	at org.apache.ratis.thirdparty.io.grpc.stub.ServerCalls$StreamingServerCallHandler$StreamingServerCallListener.onMessage(ServerCalls.java:255) [ratis-thirdparty-misc-0.7.0.jar:0.7.0]
	at org.apache.ratis.thirdparty.io.grpc.ForwardingServerCallListener.onMessage(ForwardingServerCallListener.java:33) [ratis-thirdparty-misc-0.7.0.jar:0.7.0]
	at org.apache.ratis.thirdparty.io.grpc.internal.ServerCallImpl$ServerStreamListenerImpl.messagesAvailableInternal(ServerCallImpl.java:309) [ratis-thirdparty-misc-0.7.0.jar:0.7.0]
	at org.apache.ratis.thirdparty.io.grpc.internal.ServerCallImpl$ServerStreamListenerImpl.messagesAvailable(ServerCallImpl.java:292) [ratis-thirdparty-misc-0.7.0.jar:0.7.0]
	at org.apache.ratis.thirdparty.io.grpc.internal.ServerImpl$JumpToApplicationThreadServerStreamListener$1MessagesAvailable.runInContext(ServerImpl.java:782) [ratis-thirdparty-misc-0.7.0.jar:0.7.0]
	at org.apache.ratis.thirdparty.io.grpc.internal.ContextRunnable.run(ContextRunnable.java:37) [ratis-thirdparty-misc-0.7.0.jar:0.7.0]
	at org.apache.ratis.thirdparty.io.grpc.internal.SerializingExecutor.run(SerializingExecutor.java:123) [ratis-thirdparty-misc-0.7.0.jar:0.7.0]
	at java.util.concurrent.ThreadPoolExecutor.runWorker(ThreadPoolExecutor.java:1149) [?:1.8.0_292]
	at java.util.concurrent.ThreadPoolExecutor$Worker.run(ThreadPoolExecutor.java:624) [?:1.8.0_292]
	at java.lang.Thread.run(Thread.java:748) [?:1.8.0_292]
2021-07-28 07:53:22,835 [Datanode State Machine Thread - 0] WARN  statemachine.StateContext (StateContext.java:execute(621)) - No available thread in pool for past 1 seconds.
2021-07-28 07:53:22,844 [Datanode State Machine Thread - 0] WARN  statemachine.StateContext (StateContext.java:execute(621)) - No available thread in pool for past 1 seconds.
2021-07-28 07:53:22,891 [pool-178-thread-2] INFO  keyvalue.KeyValueHandler (ContainerUtils.java:logAndReturnError(89)) - Operation: PutBlock , Trace ID:  , Message: Put Key failed , Result: IO_EXCEPTION , StorageContainerException Occurred.
org.apache.hadoop.hdds.scm.container.common.helpers.StorageContainerException: Put Key failed
	at org.apache.hadoop.ozone.container.keyvalue.KeyValueHandler.handlePutBlock(KeyValueHandler.java:449)
	at org.apache.hadoop.ozone.container.keyvalue.KeyValueHandler.dispatchRequest(KeyValueHandler.java:194)
	at org.apache.hadoop.ozone.container.keyvalue.KeyValueHandler.handle(KeyValueHandler.java:170)
	at org.apache.hadoop.ozone.container.common.impl.HddsDispatcher.dispatchRequest(HddsDispatcher.java:307)
	at org.apache.hadoop.ozone.container.common.impl.HddsDispatcher.lambda$dispatch$0(HddsDispatcher.java:169)
	at org.apache.hadoop.hdds.server.OzoneProtocolMessageDispatcher.processRequest(OzoneProtocolMessageDispatcher.java:87)
	at org.apache.hadoop.ozone.container.common.impl.HddsDispatcher.dispatch(HddsDispatcher.java:168)
	at org.apache.hadoop.ozone.container.common.transport.server.ratis.ContainerStateMachine.dispatchCommand(ContainerStateMachine.java:398)
	at org.apache.hadoop.ozone.container.common.transport.server.ratis.ContainerStateMachine.runCommand(ContainerStateMachine.java:408)
	at org.apache.hadoop.ozone.container.common.transport.server.ratis.ContainerStateMachine.lambda$submitTask$6(ContainerStateMachine.java:722)
	at org.apache.ratis.util.TaskQueue.lambda$submit$0(TaskQueue.java:110)
	at org.apache.ratis.util.LogUtils.runAndLog(LogUtils.java:38)
	at org.apache.ratis.util.LogUtils$1.run(LogUtils.java:79)
	at java.util.concurrent.Executors$RunnableAdapter.call(Executors.java:511)
	at java.util.concurrent.FutureTask.run(FutureTask.java:266)
	at java.util.concurrent.ThreadPoolExecutor.runWorker(ThreadPoolExecutor.java:1149)
	at java.util.concurrent.ThreadPoolExecutor$Worker.run(ThreadPoolExecutor.java:624)
	at java.lang.Thread.run(Thread.java:748)
Caused by: java.io.IOException: Unable to write the batch.
	at org.apache.hadoop.hdds.utils.db.RDBBatchOperation.commit(RDBBatchOperation.java:48)
	at org.apache.hadoop.hdds.utils.db.RDBStore.commitBatchOperation(RDBStore.java:278)
	at org.apache.hadoop.ozone.container.keyvalue.impl.BlockManagerImpl.persistPutBlock(BlockManagerImpl.java:173)
	at org.apache.hadoop.ozone.container.keyvalue.impl.BlockManagerImpl.putBlock(BlockManagerImpl.java:106)
	at org.apache.hadoop.ozone.container.keyvalue.KeyValueHandler.handlePutBlock(KeyValueHandler.java:440)
	... 17 more
Caused by: org.rocksdb.RocksDBException: While appending to file: /home/runner/work/ozone/ozone/mnt/ozone/hadoop-ozone/integration-test/target/test-dir/MiniOzoneClusterImpl-a96259f6-ef4b-4787-b080-b71d8b5540dd/datanode-4/data-0/containers/hdds/a96259f6-ef4b-4787-b080-b71d8b5540dd/current/containerDir0/17/metadata/17-dn-container.db/000005.log: No space left on device
	at org.rocksdb.RocksDB.write0(Native Method)
	at org.rocksdb.RocksDB.write(RocksDB.java:1784)
	at org.apache.hadoop.hdds.utils.db.RDBBatchOperation.commit(RDBBatchOperation.java:46)
	... 21 more
2021-07-28 07:53:22,896 [pool-178-thread-2] ERROR ratis.ContainerStateMachine (ContainerStateMachine.java:lambda$applyTransaction$7(768)) - gid group-704619699BB1 : ApplyTransaction failed. cmd PutBlock logIndex 160 exception {}
org.yaml.snakeyaml.error.YAMLException: java.io.IOException: No space left on device
	at org.yaml.snakeyaml.Yaml.dumpAll(Yaml.java:280)
	at org.yaml.snakeyaml.Yaml.dump(Yaml.java:256)
	at org.apache.hadoop.ozone.container.common.impl.ContainerDataYaml.createContainerFile(ContainerDataYaml.java:96)
	at org.apache.hadoop.ozone.container.keyvalue.KeyValueContainer.writeToContainerFile(KeyValueContainer.java:220)
	at org.apache.hadoop.ozone.container.keyvalue.KeyValueContainer.updateContainerFile(KeyValueContainer.java:255)
	at org.apache.hadoop.ozone.container.keyvalue.KeyValueContainer.updateContainerData(KeyValueContainer.java:366)
	at org.apache.hadoop.ozone.container.keyvalue.KeyValueContainer.markContainerUnhealthy(KeyValueContainer.java:297)
	at org.apache.hadoop.ozone.container.keyvalue.KeyValueHandler.markContainerUnhealthy(KeyValueHandler.java:947)
	at org.apache.hadoop.ozone.container.common.impl.HddsDispatcher.dispatchRequest(HddsDispatcher.java:350)
	at org.apache.hadoop.ozone.container.common.impl.HddsDispatcher.lambda$dispatch$0(HddsDispatcher.java:169)
	at org.apache.hadoop.hdds.server.OzoneProtocolMessageDispatcher.processRequest(OzoneProtocolMessageDispatcher.java:87)
	at org.apache.hadoop.ozone.container.common.impl.HddsDispatcher.dispatch(HddsDispatcher.java:168)
	at org.apache.hadoop.ozone.container.common.transport.server.ratis.ContainerStateMachine.dispatchCommand(ContainerStateMachine.java:398)
	at org.apache.hadoop.ozone.container.common.transport.server.ratis.ContainerStateMachine.runCommand(ContainerStateMachine.java:408)
	at org.apache.hadoop.ozone.container.common.transport.server.ratis.ContainerStateMachine.lambda$submitTask$6(ContainerStateMachine.java:722)
	at org.apache.ratis.util.TaskQueue.lambda$submit$0(TaskQueue.java:110)
	at org.apache.ratis.util.LogUtils.runAndLog(LogUtils.java:38)
	at org.apache.ratis.util.LogUtils$1.run(LogUtils.java:79)
	at java.util.concurrent.Executors$RunnableAdapter.call(Executors.java:511)
	at java.util.concurrent.FutureTask.run(FutureTask.java:266)
	at java.util.concurrent.ThreadPoolExecutor.runWorker(ThreadPoolExecutor.java:1149)
	at java.util.concurrent.ThreadPoolExecutor$Worker.run(ThreadPoolExecutor.java:624)
	at java.lang.Thread.run(Thread.java:748)
Caused by: java.io.IOException: No space left on device
	at java.io.FileOutputStream.writeBytes(Native Method)
	at java.io.FileOutputStream.write(FileOutputStream.java:326)
	at sun.nio.cs.StreamEncoder.writeBytes(StreamEncoder.java:221)
	at sun.nio.cs.StreamEncoder.implFlushBuffer(StreamEncoder.java:291)
	at sun.nio.cs.StreamEncoder.implFlush(StreamEncoder.java:295)
	at sun.nio.cs.StreamEncoder.flush(StreamEncoder.java:141)
	at java.io.OutputStreamWriter.flush(OutputStreamWriter.java:229)
	at org.yaml.snakeyaml.emitter.Emitter.flushStream(Emitter.java:1078)
	at org.yaml.snakeyaml.emitter.Emitter$ExpectDocumentEnd.expect(Emitter.java:368)
	at org.yaml.snakeyaml.emitter.Emitter.emit(Emitter.java:220)
	at org.yaml.snakeyaml.serializer.Serializer.serialize(Serializer.java:115)
	at org.yaml.snakeyaml.Yaml.dumpAll(Yaml.java:276)
	... 22 more
2021-07-28 07:53:22,898 [EventQueue-IncrementalContainerReportForIncrementalContainerReportHandler] WARN  container.IncrementalContainerReportHandler (AbstractContainerReportHandler.java:updateContainerState(190)) - Container #17 is in OPEN state, but the datanode f19dbdd6-282f-4efe-908f-d2dc7f79f7bd{ip: 10.1.0.59, host: fv-az122-844.zf1tlrj3kn4expqppa1j4mpycf.xx.internal.cloudapp.net, ports: [REPLICATION=33441, RATIS=35597, RATIS_ADMIN=35597, RATIS_SERVER=35597, STANDALONE=45331], networkLocation: /default-rack, certSerialId: null, persistedOpState: IN_SERVICE, persistedOpStateExpiryEpochSec: 0} reports an UNHEALTHY replica.
2021-07-28 07:53:22,900 [pool-178-thread-2] ERROR ratis.ContainerStateMachine (ContainerStateMachine.java:lambda$applyTransaction$9(832)) - gid group-704619699BB1 : ApplyTransaction failed. cmd PutBlock logIndex 160 exception {}
java.util.concurrent.CompletionException: org.yaml.snakeyaml.error.YAMLException: java.io.IOException: No space left on device
	at java.util.concurrent.CompletableFuture.encodeThrowable(CompletableFuture.java:292)
	at java.util.concurrent.CompletableFuture.completeThrowable(CompletableFuture.java:308)
	at java.util.concurrent.CompletableFuture.uniApply(CompletableFuture.java:607)
	at java.util.concurrent.CompletableFuture$UniApply.tryFire(CompletableFuture.java:591)
	at java.util.concurrent.CompletableFuture.postComplete(CompletableFuture.java:488)
	at java.util.concurrent.CompletableFuture.completeExceptionally(CompletableFuture.java:1990)
	at org.apache.ratis.util.TaskQueue.lambda$submit$0(TaskQueue.java:112)
	at org.apache.ratis.util.LogUtils.runAndLog(LogUtils.java:38)
	at org.apache.ratis.util.LogUtils$1.run(LogUtils.java:79)
	at java.util.concurrent.Executors$RunnableAdapter.call(Executors.java:511)
	at java.util.concurrent.FutureTask.run(FutureTask.java:266)
	at java.util.concurrent.ThreadPoolExecutor.runWorker(ThreadPoolExecutor.java:1149)
	at java.util.concurrent.ThreadPoolExecutor$Worker.run(ThreadPoolExecutor.java:624)
	at java.lang.Thread.run(Thread.java:748)
Caused by: org.yaml.snakeyaml.error.YAMLException: java.io.IOException: No space left on device
	at org.yaml.snakeyaml.Yaml.dumpAll(Yaml.java:280)
	at org.yaml.snakeyaml.Yaml.dump(Yaml.java:256)
	at org.apache.hadoop.ozone.container.common.impl.ContainerDataYaml.createContainerFile(ContainerDataYaml.java:96)
	at org.apache.hadoop.ozone.container.keyvalue.KeyValueContainer.writeToContainerFile(KeyValueContainer.java:220)
	at org.apache.hadoop.ozone.container.keyvalue.KeyValueContainer.updateContainerFile(KeyValueContainer.java:255)
	at org.apache.hadoop.ozone.container.keyvalue.KeyValueContainer.updateContainerData(KeyValueContainer.java:366)
	at org.apache.hadoop.ozone.container.keyvalue.KeyValueContainer.markContainerUnhealthy(KeyValueContainer.java:297)
	at org.apache.hadoop.ozone.container.keyvalue.KeyValueHandler.markContainerUnhealthy(KeyValueHandler.java:947)
	at org.apache.hadoop.ozone.container.common.impl.HddsDispatcher.dispatchRequest(HddsDispatcher.java:350)
	at org.apache.hadoop.ozone.container.common.impl.HddsDispatcher.lambda$dispatch$0(HddsDispatcher.java:169)
	at org.apache.hadoop.hdds.server.OzoneProtocolMessageDispatcher.processRequest(OzoneProtocolMessageDispatcher.java:87)
	at org.apache.hadoop.ozone.container.common.impl.HddsDispatcher.dispatch(HddsDispatcher.java:168)
	at org.apache.hadoop.ozone.container.common.transport.server.ratis.ContainerStateMachine.dispatchCommand(ContainerStateMachine.java:398)
	at org.apache.hadoop.ozone.container.common.transport.server.ratis.ContainerStateMachine.runCommand(ContainerStateMachine.java:408)
	at org.apache.hadoop.ozone.container.common.transport.server.ratis.ContainerStateMachine.lambda$submitTask$6(ContainerStateMachine.java:722)
	at org.apache.ratis.util.TaskQueue.lambda$submit$0(TaskQueue.java:110)
	... 7 more
Caused by: java.io.IOException: No space left on device
	at java.io.FileOutputStream.writeBytes(Native Method)
	at java.io.FileOutputStream.write(FileOutputStream.java:326)
	at sun.nio.cs.StreamEncoder.writeBytes(StreamEncoder.java:221)
	at sun.nio.cs.StreamEncoder.implFlushBuffer(StreamEncoder.java:291)
	at sun.nio.cs.StreamEncoder.implFlush(StreamEncoder.java:295)
	at sun.nio.cs.StreamEncoder.flush(StreamEncoder.java:141)
	at java.io.OutputStreamWriter.flush(OutputStreamWriter.java:229)
	at org.yaml.snakeyaml.emitter.Emitter.flushStream(Emitter.java:1078)
	at org.yaml.snakeyaml.emitter.Emitter$ExpectDocumentEnd.expect(Emitter.java:368)
	at org.yaml.snakeyaml.emitter.Emitter.emit(Emitter.java:220)
	at org.yaml.snakeyaml.serializer.Serializer.serialize(Serializer.java:115)
	at org.yaml.snakeyaml.Yaml.dumpAll(Yaml.java:276)
	... 22 more
2021-07-28 07:53:22,909 [pool-178-thread-9] INFO  keyvalue.KeyValueHandler (ContainerUtils.java:logAndReturnError(89)) - Operation: WriteChunk , Trace ID:  , Message: Requested operation not allowed as ContainerState is UNHEALTHY , Result: CONTAINER_UNHEALTHY , StorageContainerException Occurred.
org.apache.hadoop.hdds.scm.container.common.helpers.StorageContainerException: Requested operation not allowed as ContainerState is UNHEALTHY
	at org.apache.hadoop.ozone.container.keyvalue.KeyValueHandler.checkContainerOpen(KeyValueHandler.java:894)
	at org.apache.hadoop.ozone.container.keyvalue.KeyValueHandler.handleWriteChunk(KeyValueHandler.java:683)
	at org.apache.hadoop.ozone.container.keyvalue.KeyValueHandler.dispatchRequest(KeyValueHandler.java:206)
	at org.apache.hadoop.ozone.container.keyvalue.KeyValueHandler.handle(KeyValueHandler.java:170)
	at org.apache.hadoop.ozone.container.common.impl.HddsDispatcher.dispatchRequest(HddsDispatcher.java:307)
	at org.apache.hadoop.ozone.container.common.impl.HddsDispatcher.lambda$dispatch$0(HddsDispatcher.java:169)
	at org.apache.hadoop.hdds.server.OzoneProtocolMessageDispatcher.processRequest(OzoneProtocolMessageDispatcher.java:87)
	at org.apache.hadoop.ozone.container.common.impl.HddsDispatcher.dispatch(HddsDispatcher.java:168)
	at org.apache.hadoop.ozone.container.common.transport.server.ratis.ContainerStateMachine.dispatchCommand(ContainerStateMachine.java:398)
	at org.apache.hadoop.ozone.container.common.transport.server.ratis.ContainerStateMachine.runCommand(ContainerStateMachine.java:408)
	at org.apache.hadoop.ozone.container.common.transport.server.ratis.ContainerStateMachine.lambda$submitTask$6(ContainerStateMachine.java:722)
	at org.apache.ratis.util.TaskQueue.lambda$submit$0(TaskQueue.java:110)
	at org.apache.ratis.util.LogUtils.runAndLog(LogUtils.java:38)
	at org.apache.ratis.util.LogUtils$1.run(LogUtils.java:79)
	at java.util.concurrent.Executors$RunnableAdapter.call(Executors.java:511)
	at java.util.concurrent.FutureTask.run(FutureTask.java:266)
	at java.util.concurrent.ThreadPoolExecutor.runWorker(ThreadPoolExecutor.java:1149)
	at java.util.concurrent.ThreadPoolExecutor$Worker.run(ThreadPoolExecutor.java:624)
	at java.lang.Thread.run(Thread.java:748)
07:53:22.910 [pool-178-thread-9] ERROR DNAudit - user=null | ip=null | op=WRITE_CHUNK {blockData=conID: 17 locID: 107544261427200021 bcsId: 0} | ret=FAILURE
java.lang.Exception: Requested operation not allowed as ContainerState is UNHEALTHY
	at org.apache.hadoop.ozone.container.common.impl.HddsDispatcher.dispatchRequest(HddsDispatcher.java:368) ~[hdds-container-service-1.2.0-SNAPSHOT.jar:?]
	at org.apache.hadoop.ozone.container.common.impl.HddsDispatcher.lambda$dispatch$0(HddsDispatcher.java:169) ~[hdds-container-service-1.2.0-SNAPSHOT.jar:?]
	at org.apache.hadoop.hdds.server.OzoneProtocolMessageDispatcher.processRequest(OzoneProtocolMessageDispatcher.java:87) ~[hdds-server-framework-1.2.0-SNAPSHOT.jar:?]
	at org.apache.hadoop.ozone.container.common.impl.HddsDispatcher.dispatch(HddsDispatcher.java:168) ~[hdds-container-service-1.2.0-SNAPSHOT.jar:?]
	at org.apache.hadoop.ozone.container.common.transport.server.ratis.ContainerStateMachine.dispatchCommand(ContainerStateMachine.java:398) ~[hdds-container-service-1.2.0-SNAPSHOT.jar:?]
	at org.apache.hadoop.ozone.container.common.transport.server.ratis.ContainerStateMachine.runCommand(ContainerStateMachine.java:408) ~[hdds-container-service-1.2.0-SNAPSHOT.jar:?]
	at org.apache.hadoop.ozone.container.common.transport.server.ratis.ContainerStateMachine.lambda$submitTask$6(ContainerStateMachine.java:722) ~[hdds-container-service-1.2.0-SNAPSHOT.jar:?]
	at org.apache.ratis.util.TaskQueue.lambda$submit$0(TaskQueue.java:110) ~[ratis-common-2.1.0.jar:2.1.0]
	at org.apache.ratis.util.LogUtils.runAndLog(LogUtils.java:38) [ratis-common-2.1.0.jar:2.1.0]
	at org.apache.ratis.util.LogUtils$1.run(LogUtils.java:79) [ratis-common-2.1.0.jar:2.1.0]
	at java.util.concurrent.Executors$RunnableAdapter.call(Executors.java:511) [?:1.8.0_292]
	at java.util.concurrent.FutureTask.run(FutureTask.java:266) [?:1.8.0_292]
	at java.util.concurrent.ThreadPoolExecutor.runWorker(ThreadPoolExecutor.java:1149) [?:1.8.0_292]
	at java.util.concurrent.ThreadPoolExecutor$Worker.run(ThreadPoolExecutor.java:624) [?:1.8.0_292]
	at java.lang.Thread.run(Thread.java:748) [?:1.8.0_292]
2021-07-28 07:53:22,910 [pool-178-thread-9] ERROR ratis.ContainerStateMachine (ContainerStateMachine.java:lambda$applyTransaction$8(794)) - gid group-704619699BB1 : ApplyTransaction failed. cmd WriteChunk logIndex 161 msg : Requested operation not allowed as ContainerState is UNHEALTHY Container Result: CONTAINER_UNHEALTHY
2021-07-28 07:53:22,921 [ChunkWriter-2-0] INFO  keyvalue.KeyValueHandler (ContainerUtils.java:logAndReturnError(89)) - Operation: WriteChunk , Trace ID:  , Message: Requested operation not allowed as ContainerState is UNHEALTHY , Result: CONTAINER_UNHEALTHY , StorageContainerException Occurred.
org.apache.hadoop.hdds.scm.container.common.helpers.StorageContainerException: Requested operation not allowed as ContainerState is UNHEALTHY
	at org.apache.hadoop.ozone.container.keyvalue.KeyValueHandler.checkContainerOpen(KeyValueHandler.java:894)
	at org.apache.hadoop.ozone.container.keyvalue.KeyValueHandler.handleWriteChunk(KeyValueHandler.java:683)
	at org.apache.hadoop.ozone.container.keyvalue.KeyValueHandler.dispatchRequest(KeyValueHandler.java:206)
	at org.apache.hadoop.ozone.container.keyvalue.KeyValueHandler.handle(KeyValueHandler.java:170)
	at org.apache.hadoop.ozone.container.common.impl.HddsDispatcher.dispatchRequest(HddsDispatcher.java:307)
	at org.apache.hadoop.ozone.container.common.impl.HddsDispatcher.lambda$dispatch$0(HddsDispatcher.java:169)
	at org.apache.hadoop.hdds.server.OzoneProtocolMessageDispatcher.processRequest(OzoneProtocolMessageDispatcher.java:87)
	at org.apache.hadoop.ozone.container.common.impl.HddsDispatcher.dispatch(HddsDispatcher.java:168)
	at org.apache.hadoop.ozone.container.common.transport.server.ratis.ContainerStateMachine.dispatchCommand(ContainerStateMachine.java:398)
	at org.apache.hadoop.ozone.container.common.transport.server.ratis.ContainerStateMachine.runCommand(ContainerStateMachine.java:408)
	at org.apache.hadoop.ozone.container.common.transport.server.ratis.ContainerStateMachine.lambda$handleWriteChunk$1(ContainerStateMachine.java:439)
	at java.util.concurrent.CompletableFuture$AsyncSupply.run(CompletableFuture.java:1604)
	at java.util.concurrent.ThreadPoolExecutor.runWorker(ThreadPoolExecutor.java:1149)
	at java.util.concurrent.ThreadPoolExecutor$Worker.run(ThreadPoolExecutor.java:624)
	at java.lang.Thread.run(Thread.java:748)
07:53:22.922 [ChunkWriter-2-0] ERROR DNAudit - user=null | ip=null | op=WRITE_CHUNK {blockData=conID: 17 locID: 107544261427200021 bcsId: 162} | ret=FAILURE
java.lang.Exception: Requested operation not allowed as ContainerState is UNHEALTHY
	at org.apache.hadoop.ozone.container.common.impl.HddsDispatcher.dispatchRequest(HddsDispatcher.java:368) ~[hdds-container-service-1.2.0-SNAPSHOT.jar:?]
	at org.apache.hadoop.ozone.container.common.impl.HddsDispatcher.lambda$dispatch$0(HddsDispatcher.java:169) ~[hdds-container-service-1.2.0-SNAPSHOT.jar:?]
	at org.apache.hadoop.hdds.server.OzoneProtocolMessageDispatcher.processRequest(OzoneProtocolMessageDispatcher.java:87) ~[hdds-server-framework-1.2.0-SNAPSHOT.jar:?]
	at org.apache.hadoop.ozone.container.common.impl.HddsDispatcher.dispatch(HddsDispatcher.java:168) ~[hdds-container-service-1.2.0-SNAPSHOT.jar:?]
	at org.apache.hadoop.ozone.container.common.transport.server.ratis.ContainerStateMachine.dispatchCommand(ContainerStateMachine.java:398) ~[hdds-container-service-1.2.0-SNAPSHOT.jar:?]
	at org.apache.hadoop.ozone.container.common.transport.server.ratis.ContainerStateMachine.runCommand(ContainerStateMachine.java:408) ~[hdds-container-service-1.2.0-SNAPSHOT.jar:?]
	at org.apache.hadoop.ozone.container.common.transport.server.ratis.ContainerStateMachine.lambda$handleWriteChunk$1(ContainerStateMachine.java:439) ~[hdds-container-service-1.2.0-SNAPSHOT.jar:?]
	at java.util.concurrent.CompletableFuture$AsyncSupply.run(CompletableFuture.java:1604) [?:1.8.0_292]
	at java.util.concurrent.ThreadPoolExecutor.runWorker(ThreadPoolExecutor.java:1149) [?:1.8.0_292]
	at java.util.concurrent.ThreadPoolExecutor$Worker.run(ThreadPoolExecutor.java:624) [?:1.8.0_292]
	at java.lang.Thread.run(Thread.java:748) [?:1.8.0_292]
2021-07-28 07:53:22,922 [ChunkWriter-2-0] ERROR ratis.ContainerStateMachine (ContainerStateMachine.java:lambda$handleWriteChunk$2(467)) - group-704619699BB1: writeChunk writeStateMachineData failed: blockIdcontainerID: 17
localID: 107544261427200021
blockCommitSequenceId: 162
 logIndex 166 chunkName 107544261427200021_chunk_3 Error message: Requested operation not allowed as ContainerState is UNHEALTHY Container Result: CONTAINER_UNHEALTHY
2021-07-28 07:53:22,926 [ChunkWriter-2-0] INFO  keyvalue.KeyValueHandler (ContainerUtils.java:logAndReturnError(89)) - Operation: WriteChunk , Trace ID:  , Message: java.io.IOException: No space left on device , Result: IO_EXCEPTION , StorageContainerException Occurred.
org.apache.hadoop.hdds.scm.container.common.helpers.StorageContainerException: java.io.IOException: No space left on device
	at org.apache.hadoop.ozone.container.keyvalue.helpers.ChunkUtils.wrapInStorageContainerException(ChunkUtils.java:357)
	at org.apache.hadoop.ozone.container.keyvalue.helpers.ChunkUtils.writeData(ChunkUtils.java:128)
	at org.apache.hadoop.ozone.container.keyvalue.helpers.ChunkUtils.writeData(ChunkUtils.java:112)
	at org.apache.hadoop.ozone.container.keyvalue.impl.FilePerBlockStrategy.writeChunk(FilePerBlockStrategy.java:138)
	at org.apache.hadoop.ozone.container.keyvalue.impl.ChunkManagerDispatcher.writeChunk(ChunkManagerDispatcher.java:74)
	at org.apache.hadoop.ozone.container.keyvalue.KeyValueHandler.handleWriteChunk(KeyValueHandler.java:703)
	at org.apache.hadoop.ozone.container.keyvalue.KeyValueHandler.dispatchRequest(KeyValueHandler.java:206)
	at org.apache.hadoop.ozone.container.keyvalue.KeyValueHandler.handle(KeyValueHandler.java:170)
	at org.apache.hadoop.ozone.container.common.impl.HddsDispatcher.dispatchRequest(HddsDispatcher.java:307)
	at org.apache.hadoop.ozone.container.common.impl.HddsDispatcher.lambda$dispatch$0(HddsDispatcher.java:169)
	at org.apache.hadoop.hdds.server.OzoneProtocolMessageDispatcher.processRequest(OzoneProtocolMessageDispatcher.java:87)
	at org.apache.hadoop.ozone.container.common.impl.HddsDispatcher.dispatch(HddsDispatcher.java:168)
	at org.apache.hadoop.ozone.container.common.transport.server.ratis.ContainerStateMachine.dispatchCommand(ContainerStateMachine.java:398)
	at org.apache.hadoop.ozone.container.common.transport.server.ratis.ContainerStateMachine.runCommand(ContainerStateMachine.java:408)
	at org.apache.hadoop.ozone.container.common.transport.server.ratis.ContainerStateMachine.lambda$handleWriteChunk$1(ContainerStateMachine.java:439)
	at java.util.concurrent.CompletableFuture$AsyncSupply.run(CompletableFuture.java:1604)
	at java.util.concurrent.ThreadPoolExecutor.runWorker(ThreadPoolExecutor.java:1149)
	at java.util.concurrent.ThreadPoolExecutor$Worker.run(ThreadPoolExecutor.java:624)
	at java.lang.Thread.run(Thread.java:748)
Caused by: java.io.IOException: No space left on device
	at sun.nio.ch.FileDispatcherImpl.writev0(Native Method)
	at sun.nio.ch.FileDispatcherImpl.writev(FileDispatcherImpl.java:72)
	at sun.nio.ch.IOUtil.write(IOUtil.java:148)
	at sun.nio.ch.FileChannelImpl.write(FileChannelImpl.java:239)
	at java.nio.channels.FileChannel.write(FileChannel.java:414)
	at org.apache.hadoop.ozone.common.ChunkBufferImplWithByteBufferList.writeTo(ChunkBufferImplWithByteBufferList.java:213)
	at org.apache.hadoop.ozone.container.keyvalue.helpers.ChunkUtils.writeDataToChannel(ChunkUtils.java:168)
	at org.apache.hadoop.ozone.container.keyvalue.helpers.ChunkUtils.lambda$writeData$1(ChunkUtils.java:113)
	at org.apache.hadoop.ozone.container.keyvalue.helpers.ChunkUtils.writeData(ChunkUtils.java:125)
	... 17 more
2021-07-28 07:53:22,928 [ChunkWriter-2-0] INFO  keyvalue.KeyValueHandler (ContainerUtils.java:logAndReturnError(89)) - Operation: WriteChunk , Trace ID:  , Message: java.io.IOException: No space left on device , Result: IO_EXCEPTION , StorageContainerException Occurred.
org.apache.hadoop.hdds.scm.container.common.helpers.StorageContainerException: java.io.IOException: No space left on device
	at org.apache.hadoop.ozone.container.keyvalue.helpers.ChunkUtils.wrapInStorageContainerException(ChunkUtils.java:357)
	at org.apache.hadoop.ozone.container.keyvalue.helpers.ChunkUtils.writeData(ChunkUtils.java:128)
	at org.apache.hadoop.ozone.container.keyvalue.helpers.ChunkUtils.writeData(ChunkUtils.java:112)
	at org.apache.hadoop.ozone.container.keyvalue.impl.FilePerBlockStrategy.writeChunk(FilePerBlockStrategy.java:138)
	at org.apache.hadoop.ozone.container.keyvalue.impl.ChunkManagerDispatcher.writeChunk(ChunkManagerDispatcher.java:74)
	at org.apache.hadoop.ozone.container.keyvalue.KeyValueHandler.handleWriteChunk(KeyValueHandler.java:703)
	at org.apache.hadoop.ozone.container.keyvalue.KeyValueHandler.dispatchRequest(KeyValueHandler.java:206)
	at org.apache.hadoop.ozone.container.keyvalue.KeyValueHandler.handle(KeyValueHandler.java:170)
	at org.apache.hadoop.ozone.container.common.impl.HddsDispatcher.dispatchRequest(HddsDispatcher.java:307)
	at org.apache.hadoop.ozone.container.common.impl.HddsDispatcher.lambda$dispatch$0(HddsDispatcher.java:169)
	at org.apache.hadoop.hdds.server.OzoneProtocolMessageDispatcher.processRequest(OzoneProtocolMessageDispatcher.java:87)
	at org.apache.hadoop.ozone.container.common.impl.HddsDispatcher.dispatch(HddsDispatcher.java:168)
	at org.apache.hadoop.ozone.container.common.transport.server.ratis.ContainerStateMachine.dispatchCommand(ContainerStateMachine.java:398)
	at org.apache.hadoop.ozone.container.common.transport.server.ratis.ContainerStateMachine.runCommand(ContainerStateMachine.java:408)
	at org.apache.hadoop.ozone.container.common.transport.server.ratis.ContainerStateMachine.lambda$handleWriteChunk$1(ContainerStateMachine.java:439)
	at java.util.concurrent.CompletableFuture$AsyncSupply.run(CompletableFuture.java:1604)
	at java.util.concurrent.ThreadPoolExecutor.runWorker(ThreadPoolExecutor.java:1149)
	at java.util.concurrent.ThreadPoolExecutor$Worker.run(ThreadPoolExecutor.java:624)
	at java.lang.Thread.run(Thread.java:748)
Caused by: java.io.IOException: No space left on device
	at sun.nio.ch.FileDispatcherImpl.writev0(Native Method)
	at sun.nio.ch.FileDispatcherImpl.writev(FileDispatcherImpl.java:72)
	at sun.nio.ch.IOUtil.write(IOUtil.java:148)
	at sun.nio.ch.FileChannelImpl.write(FileChannelImpl.java:239)
	at java.nio.channels.FileChannel.write(FileChannel.java:414)
	at org.apache.hadoop.ozone.common.ChunkBufferImplWithByteBufferList.writeTo(ChunkBufferImplWithByteBufferList.java:213)
	at org.apache.hadoop.ozone.container.keyvalue.helpers.ChunkUtils.writeDataToChannel(ChunkUtils.java:168)
	at org.apache.hadoop.ozone.container.keyvalue.helpers.ChunkUtils.lambda$writeData$1(ChunkUtils.java:113)
	at org.apache.hadoop.ozone.container.keyvalue.helpers.ChunkUtils.writeData(ChunkUtils.java:125)
	... 17 more
2021-07-28 07:53:22,930 [ChunkWriter-2-0] ERROR ratis.ContainerStateMachine (ContainerStateMachine.java:lambda$handleWriteChunk$1(441)) - group-704619699BB1: writeChunk writeStateMachineData failed: blockIdcontainerID: 17
localID: 107544261427200021
blockCommitSequenceId: 162
 logIndex 166 chunkName 107544261427200021_chunk_3
org.yaml.snakeyaml.error.YAMLException: java.io.IOException: No space left on device
	at org.yaml.snakeyaml.Yaml.dumpAll(Yaml.java:280)
	at org.yaml.snakeyaml.Yaml.dump(Yaml.java:256)
	at org.apache.hadoop.ozone.container.common.impl.ContainerDataYaml.createContainerFile(ContainerDataYaml.java:96)
	at org.apache.hadoop.ozone.container.keyvalue.KeyValueContainer.writeToContainerFile(KeyValueContainer.java:220)
	at org.apache.hadoop.ozone.container.keyvalue.KeyValueContainer.updateContainerFile(KeyValueContainer.java:255)
	at org.apache.hadoop.ozone.container.keyvalue.KeyValueContainer.updateContainerData(KeyValueContainer.java:366)
	at org.apache.hadoop.ozone.container.keyvalue.KeyValueContainer.markContainerUnhealthy(KeyValueContainer.java:297)
	at org.apache.hadoop.ozone.container.keyvalue.KeyValueHandler.markContainerUnhealthy(KeyValueHandler.java:947)
	at org.apache.hadoop.ozone.container.common.impl.HddsDispatcher.dispatchRequest(HddsDispatcher.java:350)
	at org.apache.hadoop.ozone.container.common.impl.HddsDispatcher.lambda$dispatch$0(HddsDispatcher.java:169)
	at org.apache.hadoop.hdds.server.OzoneProtocolMessageDispatcher.processRequest(OzoneProtocolMessageDispatcher.java:87)
	at org.apache.hadoop.ozone.container.common.impl.HddsDispatcher.dispatch(HddsDispatcher.java:168)
	at org.apache.hadoop.ozone.container.common.transport.server.ratis.ContainerStateMachine.dispatchCommand(ContainerStateMachine.java:398)
	at org.apache.hadoop.ozone.container.common.transport.server.ratis.ContainerStateMachine.runCommand(ContainerStateMachine.java:408)
	at org.apache.hadoop.ozone.container.common.transport.server.ratis.ContainerStateMachine.lambda$handleWriteChunk$1(ContainerStateMachine.java:439)
	at java.util.concurrent.CompletableFuture$AsyncSupply.run(CompletableFuture.java:1604)
	at java.util.concurrent.ThreadPoolExecutor.runWorker(ThreadPoolExecutor.java:1149)
	at java.util.concurrent.ThreadPoolExecutor$Worker.run(ThreadPoolExecutor.java:624)
	at java.lang.Thread.run(Thread.java:748)
Caused by: java.io.IOException: No space left on device
	at java.io.FileOutputStream.writeBytes(Native Method)
	at java.io.FileOutputStream.write(FileOutputStream.java:326)
	at sun.nio.cs.StreamEncoder.writeBytes(StreamEncoder.java:221)
	at sun.nio.cs.StreamEncoder.implFlushBuffer(StreamEncoder.java:291)
	at sun.nio.cs.StreamEncoder.implFlush(StreamEncoder.java:295)
	at sun.nio.cs.StreamEncoder.flush(StreamEncoder.java:141)
	at java.io.OutputStreamWriter.flush(OutputStreamWriter.java:229)
	at org.yaml.snakeyaml.emitter.Emitter.flushStream(Emitter.java:1078)
	at org.yaml.snakeyaml.emitter.Emitter$ExpectDocumentEnd.expect(Emitter.java:368)
	at org.yaml.snakeyaml.emitter.Emitter.emit(Emitter.java:220)
	at org.yaml.snakeyaml.serializer.Serializer.serialize(Serializer.java:115)
	at org.yaml.snakeyaml.Yaml.dumpAll(Yaml.java:276)
	... 18 more
2021-07-28 07:53:22,930 [Datanode State Machine Thread - 0] WARN  statemachine.StateContext (StateContext.java:execute(621)) - No available thread in pool for past 1 seconds.
2021-07-28 07:53:22,931 [EventQueue-IncrementalContainerReportForIncrementalContainerReportHandler] WARN  container.IncrementalContainerReportHandler (AbstractContainerReportHandler.java:updateContainerState(190)) - Container #17 is in OPEN state, but the datanode 25b0f249-d916-4833-bae0-35455e7aeb58{ip: 10.1.0.59, host: fv-az122-844.zf1tlrj3kn4expqppa1j4mpycf.xx.internal.cloudapp.net, ports: [REPLICATION=33781, RATIS=35379, RATIS_ADMIN=35379, RATIS_SERVER=35379, STANDALONE=38033], networkLocation: /default-rack, certSerialId: null, persistedOpState: IN_SERVICE, persistedOpStateExpiryEpochSec: 0} reports an UNHEALTHY replica.
2021-07-28 07:53:22,932 [ChunkWriter-2-0] ERROR ratis.ContainerStateMachine (ContainerStateMachine.java:lambda$handleWriteChunk$1(441)) - group-704619699BB1: writeChunk writeStateMachineData failed: blockIdcontainerID: 17
localID: 107544261427200021
blockCommitSequenceId: 162
 logIndex 166 chunkName 107544261427200021_chunk_3
org.yaml.snakeyaml.error.YAMLException: java.io.IOException: No space left on device
	at org.yaml.snakeyaml.Yaml.dumpAll(Yaml.java:280)
	at org.yaml.snakeyaml.Yaml.dump(Yaml.java:256)
	at org.apache.hadoop.ozone.container.common.impl.ContainerDataYaml.createContainerFile(ContainerDataYaml.java:96)
	at org.apache.hadoop.ozone.container.keyvalue.KeyValueContainer.writeToContainerFile(KeyValueContainer.java:220)
	at org.apache.hadoop.ozone.container.keyvalue.KeyValueContainer.updateContainerFile(KeyValueContainer.java:255)
	at org.apache.hadoop.ozone.container.keyvalue.KeyValueContainer.updateContainerData(KeyValueContainer.java:366)
	at org.apache.hadoop.ozone.container.keyvalue.KeyValueContainer.markContainerUnhealthy(KeyValueContainer.java:297)
	at org.apache.hadoop.ozone.container.keyvalue.KeyValueHandler.markContainerUnhealthy(KeyValueHandler.java:947)
	at org.apache.hadoop.ozone.container.common.impl.HddsDispatcher.dispatchRequest(HddsDispatcher.java:350)
	at org.apache.hadoop.ozone.container.common.impl.HddsDispatcher.lambda$dispatch$0(HddsDispatcher.java:169)
	at org.apache.hadoop.hdds.server.OzoneProtocolMessageDispatcher.processRequest(OzoneProtocolMessageDispatcher.java:87)
	at org.apache.hadoop.ozone.container.common.impl.HddsDispatcher.dispatch(HddsDispatcher.java:168)
	at org.apache.hadoop.ozone.container.common.transport.server.ratis.ContainerStateMachine.dispatchCommand(ContainerStateMachine.java:398)
	at org.apache.hadoop.ozone.container.common.transport.server.ratis.ContainerStateMachine.runCommand(ContainerStateMachine.java:408)
	at org.apache.hadoop.ozone.container.common.transport.server.ratis.ContainerStateMachine.lambda$handleWriteChunk$1(ContainerStateMachine.java:439)
	at java.util.concurrent.CompletableFuture$AsyncSupply.run(CompletableFuture.java:1604)
	at java.util.concurrent.ThreadPoolExecutor.runWorker(ThreadPoolExecutor.java:1149)
	at java.util.concurrent.ThreadPoolExecutor$Worker.run(ThreadPoolExecutor.java:624)
	at java.lang.Thread.run(Thread.java:748)
Caused by: java.io.IOException: No space left on device
	at java.io.FileOutputStream.writeBytes(Native Method)
	at java.io.FileOutputStream.write(FileOutputStream.java:326)
	at sun.nio.cs.StreamEncoder.writeBytes(StreamEncoder.java:221)
	at sun.nio.cs.StreamEncoder.implFlushBuffer(StreamEncoder.java:291)
	at sun.nio.cs.StreamEncoder.implFlush(StreamEncoder.java:295)
	at sun.nio.cs.StreamEncoder.flush(StreamEncoder.java:141)
	at java.io.OutputStreamWriter.flush(OutputStreamWriter.java:229)
	at org.yaml.snakeyaml.emitter.Emitter.flushStream(Emitter.java:1078)
	at org.yaml.snakeyaml.emitter.Emitter$ExpectDocumentEnd.expect(Emitter.java:368)
	at org.yaml.snakeyaml.emitter.Emitter.emit(Emitter.java:220)
	at org.yaml.snakeyaml.serializer.Serializer.serialize(Serializer.java:115)
	at org.yaml.snakeyaml.Yaml.dumpAll(Yaml.java:276)
	... 18 more
2021-07-28 07:53:22,933 [EventQueue-IncrementalContainerReportForIncrementalContainerReportHandler] WARN  container.IncrementalContainerReportHandler (AbstractContainerReportHandler.java:updateContainerState(190)) - Container #17 is in OPEN state, but the datanode dd361100-9f3c-478f-b3d4-80faf4b7e98f{ip: 10.1.0.59, host: fv-az122-844.zf1tlrj3kn4expqppa1j4mpycf.xx.internal.cloudapp.net, ports: [REPLICATION=41241, RATIS=36511, RATIS_ADMIN=36511, RATIS_SERVER=36511, STANDALONE=46543], networkLocation: /default-rack, certSerialId: null, persistedOpState: IN_SERVICE, persistedOpStateExpiryEpochSec: 0} reports an UNHEALTHY replica.
2021-07-28 07:53:22,932 [Datanode State Machine Thread - 0] WARN  statemachine.StateContext (StateContext.java:execute(621)) - No available thread in pool for past 1 seconds.
2021-07-28 07:53:22,943 [f19dbdd6-282f-4efe-908f-d2dc7f79f7bd@group-704619699BB1-SegmentedRaftLogWorker] ERROR ratis.XceiverServerRatis (XceiverServerRatis.java:triggerPipelineClose(672)) - pipeline Action CLOSE on pipeline PipelineID=764d9e30-3faa-4cd3-ac6a-704619699bb1.Reason : Requested operation not allowed as ContainerState is UNHEALTHY
2021-07-28 07:53:22,943 [Datanode State Machine Thread - 0] WARN  statemachine.StateContext (StateContext.java:execute(621)) - No available thread in pool for past 1 seconds.
2021-07-28 07:53:22,943 [Datanode State Machine Thread - 0] WARN  statemachine.StateContext (StateContext.java:execute(621)) - No available thread in pool for past 1 seconds.
2021-07-28 07:53:22,943 [dd361100-9f3c-478f-b3d4-80faf4b7e98f@group-704619699BB1-SegmentedRaftLogWorker] ERROR ratis.XceiverServerRatis (XceiverServerRatis.java:triggerPipelineClose(672)) - pipeline Action CLOSE on pipeline PipelineID=764d9e30-3faa-4cd3-ac6a-704619699bb1.Reason : org.yaml.snakeyaml.error.YAMLException: java.io.IOException: No space left on device
2021-07-28 07:53:22,954 [pool-178-thread-9] ERROR ratis.XceiverServerRatis (XceiverServerRatis.java:triggerPipelineClose(672)) - pipeline Action CLOSE on pipeline PipelineID=764d9e30-3faa-4cd3-ac6a-704619699bb1.Reason : Ratis Transaction failure in datanode f19dbdd6-282f-4efe-908f-d2dc7f79f7bd with role FOLLOWER .Triggering pipeline close action.
2021-07-28 07:53:22,955 [pool-178-thread-9] INFO  keyvalue.KeyValueHandler (ContainerUtils.java:logAndReturnError(89)) - Operation: PutBlock , Trace ID:  , Message: Requested operation not allowed as ContainerState is UNHEALTHY , Result: CONTAINER_UNHEALTHY , StorageContainerException Occurred.
org.apache.hadoop.hdds.scm.container.common.helpers.StorageContainerException: Requested operation not allowed as ContainerState is UNHEALTHY
	at org.apache.hadoop.ozone.container.keyvalue.KeyValueHandler.checkContainerOpen(KeyValueHandler.java:894)
	at org.apache.hadoop.ozone.container.keyvalue.KeyValueHandler.handlePutBlock(KeyValueHandler.java:425)
	at org.apache.hadoop.ozone.container.keyvalue.KeyValueHandler.dispatchRequest(KeyValueHandler.java:194)
	at org.apache.hadoop.ozone.container.keyvalue.KeyValueHandler.handle(KeyValueHandler.java:170)
	at org.apache.hadoop.ozone.container.common.impl.HddsDispatcher.dispatchRequest(HddsDispatcher.java:307)
	at org.apache.hadoop.ozone.container.common.impl.HddsDispatcher.lambda$dispatch$0(HddsDispatcher.java:169)
	at org.apache.hadoop.hdds.server.OzoneProtocolMessageDispatcher.processRequest(OzoneProtocolMessageDispatcher.java:87)
	at org.apache.hadoop.ozone.container.common.impl.HddsDispatcher.dispatch(HddsDispatcher.java:168)
	at org.apache.hadoop.ozone.container.common.transport.server.ratis.ContainerStateMachine.dispatchCommand(ContainerStateMachine.java:398)
	at org.apache.hadoop.ozone.container.common.transport.server.ratis.ContainerStateMachine.runCommand(ContainerStateMachine.java:408)
	at org.apache.hadoop.ozone.container.common.transport.server.ratis.ContainerStateMachine.lambda$submitTask$6(ContainerStateMachine.java:722)
	at org.apache.ratis.util.TaskQueue.lambda$submit$0(TaskQueue.java:110)
	at org.apache.ratis.util.LogUtils.runAndLog(LogUtils.java:38)
	at org.apache.ratis.util.LogUtils$1.run(LogUtils.java:79)
	at java.util.concurrent.Executors$RunnableAdapter.call(Executors.java:511)
	at java.util.concurrent.FutureTask.run(FutureTask.java:266)
	at java.util.concurrent.ThreadPoolExecutor.runWorker(ThreadPoolExecutor.java:1149)
	at java.util.concurrent.ThreadPoolExecutor$Worker.run(ThreadPoolExecutor.java:624)
	at java.lang.Thread.run(Thread.java:748)
07:53:22.955 [pool-178-thread-9] ERROR DNAudit - user=null | ip=null | op=PUT_BLOCK {blockData=[blockId=conID: 17 locID: 107544261427200021 bcsId: 0, size=2097152]} | ret=FAILURE
java.lang.Exception: Requested operation not allowed as ContainerState is UNHEALTHY
	at org.apache.hadoop.ozone.container.common.impl.HddsDispatcher.dispatchRequest(HddsDispatcher.java:368) ~[hdds-container-service-1.2.0-SNAPSHOT.jar:?]
	at org.apache.hadoop.ozone.container.common.impl.HddsDispatcher.lambda$dispatch$0(HddsDispatcher.java:169) ~[hdds-container-service-1.2.0-SNAPSHOT.jar:?]
	at org.apache.hadoop.hdds.server.OzoneProtocolMessageDispatcher.processRequest(OzoneProtocolMessageDispatcher.java:87) ~[hdds-server-framework-1.2.0-SNAPSHOT.jar:?]
	at org.apache.hadoop.ozone.container.common.impl.HddsDispatcher.dispatch(HddsDispatcher.java:168) ~[hdds-container-service-1.2.0-SNAPSHOT.jar:?]
	at org.apache.hadoop.ozone.container.common.transport.server.ratis.ContainerStateMachine.dispatchCommand(ContainerStateMachine.java:398) ~[hdds-container-service-1.2.0-SNAPSHOT.jar:?]
	at org.apache.hadoop.ozone.container.common.transport.server.ratis.ContainerStateMachine.runCommand(ContainerStateMachine.java:408) ~[hdds-container-service-1.2.0-SNAPSHOT.jar:?]
	at org.apache.hadoop.ozone.container.common.transport.server.ratis.ContainerStateMachine.lambda$submitTask$6(ContainerStateMachine.java:722) ~[hdds-container-service-1.2.0-SNAPSHOT.jar:?]
	at org.apache.ratis.util.TaskQueue.lambda$submit$0(TaskQueue.java:110) ~[ratis-common-2.1.0.jar:2.1.0]
	at org.apache.ratis.util.LogUtils.runAndLog(LogUtils.java:38) [ratis-common-2.1.0.jar:2.1.0]
	at org.apache.ratis.util.LogUtils$1.run(LogUtils.java:79) [ratis-common-2.1.0.jar:2.1.0]
	at java.util.concurrent.Executors$RunnableAdapter.call(Executors.java:511) [?:1.8.0_292]
	at java.util.concurrent.FutureTask.run(FutureTask.java:266) [?:1.8.0_292]
	at java.util.concurrent.ThreadPoolExecutor.runWorker(ThreadPoolExecutor.java:1149) [?:1.8.0_292]
	at java.util.concurrent.ThreadPoolExecutor$Worker.run(ThreadPoolExecutor.java:624) [?:1.8.0_292]
	at java.lang.Thread.run(Thread.java:748) [?:1.8.0_292]
2021-07-28 07:53:22,955 [pool-178-thread-9] ERROR ratis.ContainerStateMachine (ContainerStateMachine.java:lambda$applyTransaction$8(794)) - gid group-704619699BB1 : ApplyTransaction failed. cmd PutBlock logIndex 162 msg : Requested operation not allowed as ContainerState is UNHEALTHY Container Result: CONTAINER_UNHEALTHY
2021-07-28 07:53:22,961 [25b0f249-d916-4833-bae0-35455e7aeb58@group-704619699BB1-SegmentedRaftLogWorker] ERROR ratis.XceiverServerRatis (XceiverServerRatis.java:triggerPipelineClose(672)) - pipeline Action CLOSE on pipeline PipelineID=764d9e30-3faa-4cd3-ac6a-704619699bb1.Reason : org.yaml.snakeyaml.error.YAMLException: java.io.IOException: No space left on device
2021-07-28 07:53:22,962 [EventQueue-PipelineActionsForPipelineActionHandler] INFO  pipeline.PipelineActionHandler (PipelineActionHandler.java:processPipelineAction(82)) - Received pipeline action CLOSE for PipelineID=764d9e30-3faa-4cd3-ac6a-704619699bb1 from datanode dd361100-9f3c-478f-b3d4-80faf4b7e98f. Reason : org.yaml.snakeyaml.error.YAMLException: java.io.IOException: No space left on device
2021-07-28 07:53:22,964 [EventQueue-PipelineActionsForPipelineActionHandler] INFO  pipeline.PipelineManagerV2Impl (PipelineManagerV2Impl.java:closePipeline(343)) - Pipeline Pipeline[ Id: 764d9e30-3faa-4cd3-ac6a-704619699bb1, Nodes: dd361100-9f3c-478f-b3d4-80faf4b7e98f{ip: 10.1.0.59, host: fv-az122-844.zf1tlrj3kn4expqppa1j4mpycf.xx.internal.cloudapp.net, ports: [REPLICATION=41241, RATIS=36511, RATIS_ADMIN=36511, RATIS_SERVER=36511, STANDALONE=46543], networkLocation: /default-rack, certSerialId: null, persistedOpState: IN_SERVICE, persistedOpStateExpiryEpochSec: 0}25b0f249-d916-4833-bae0-35455e7aeb58{ip: 10.1.0.59, host: fv-az122-844.zf1tlrj3kn4expqppa1j4mpycf.xx.internal.cloudapp.net, ports: [REPLICATION=33781, RATIS=35379, RATIS_ADMIN=35379, RATIS_SERVER=35379, STANDALONE=38033], networkLocation: /default-rack, certSerialId: null, persistedOpState: IN_SERVICE, persistedOpStateExpiryEpochSec: 0}f19dbdd6-282f-4efe-908f-d2dc7f79f7bd{ip: 10.1.0.59, host: fv-az122-844.zf1tlrj3kn4expqppa1j4mpycf.xx.internal.cloudapp.net, ports: [REPLICATION=33441, RATIS=35597, RATIS_ADMIN=35597, RATIS_SERVER=35597, STANDALONE=45331], networkLocation: /default-rack, certSerialId: null, persistedOpState: IN_SERVICE, persistedOpStateExpiryEpochSec: 0}, ReplicationConfig: RATIS/THREE, State:OPEN, leaderId:dd361100-9f3c-478f-b3d4-80faf4b7e98f, CreationTimestamp2021-07-28T07:52:49.202Z[Etc/UTC]] moved to CLOSED state
2021-07-28 07:53:22,964 [EventQueue-CloseContainerForCloseContainerEventHandler] INFO  container.CloseContainerEventHandler (CloseContainerEventHandler.java:onMessage(69)) - Close container Event triggered for container : #17
2021-07-28 07:53:22,966 [EventQueue-PipelineActionsForPipelineActionHandler] INFO  pipeline.RatisPipelineProvider (RatisPipelineProvider.java:lambda$close$1(222)) - Send pipeline:PipelineID=764d9e30-3faa-4cd3-ac6a-704619699bb1 close command to datanode dd361100-9f3c-478f-b3d4-80faf4b7e98f
2021-07-28 07:53:22,966 [EventQueue-PipelineActionsForPipelineActionHandler] INFO  pipeline.RatisPipelineProvider (RatisPipelineProvider.java:lambda$close$1(222)) - Send pipeline:PipelineID=764d9e30-3faa-4cd3-ac6a-704619699bb1 close command to datanode 25b0f249-d916-4833-bae0-35455e7aeb58
2021-07-28 07:53:22,967 [EventQueue-CloseContainerForCloseContainerEventHandler] INFO  container.CloseContainerEventHandler (CloseContainerEventHandler.java:onMessage(69)) - Close container Event triggered for container : #17
2021-07-28 07:53:22,969 [EventQueue-PipelineActionsForPipelineActionHandler] INFO  pipeline.RatisPipelineProvider (RatisPipelineProvider.java:lambda$close$1(222)) - Send pipeline:PipelineID=764d9e30-3faa-4cd3-ac6a-704619699bb1 close command to datanode f19dbdd6-282f-4efe-908f-d2dc7f79f7bd
2021-07-28 07:53:22,970 [EventQueue-PipelineActionsForPipelineActionHandler] INFO  pipeline.PipelineStateManager (PipelineStateManagerV2Impl.java:removePipeline(211)) - Pipeline Pipeline[ Id: 764d9e30-3faa-4cd3-ac6a-704619699bb1, Nodes: dd361100-9f3c-478f-b3d4-80faf4b7e98f{ip: 10.1.0.59, host: fv-az122-844.zf1tlrj3kn4expqppa1j4mpycf.xx.internal.cloudapp.net, ports: [REPLICATION=41241, RATIS=36511, RATIS_ADMIN=36511, RATIS_SERVER=36511, STANDALONE=46543], networkLocation: /default-rack, certSerialId: null, persistedOpState: IN_SERVICE, persistedOpStateExpiryEpochSec: 0}25b0f249-d916-4833-bae0-35455e7aeb58{ip: 10.1.0.59, host: fv-az122-844.zf1tlrj3kn4expqppa1j4mpycf.xx.internal.cloudapp.net, ports: [REPLICATION=33781, RATIS=35379, RATIS_ADMIN=35379, RATIS_SERVER=35379, STANDALONE=38033], networkLocation: /default-rack, certSerialId: null, persistedOpState: IN_SERVICE, persistedOpStateExpiryEpochSec: 0}f19dbdd6-282f-4efe-908f-d2dc7f79f7bd{ip: 10.1.0.59, host: fv-az122-844.zf1tlrj3kn4expqppa1j4mpycf.xx.internal.cloudapp.net, ports: [REPLICATION=33441, RATIS=35597, RATIS_ADMIN=35597, RATIS_SERVER=35597, STANDALONE=45331], networkLocation: /default-rack, certSerialId: null, persistedOpState: IN_SERVICE, persistedOpStateExpiryEpochSec: 0}, ReplicationConfig: RATIS/THREE, State:CLOSED, leaderId:dd361100-9f3c-478f-b3d4-80faf4b7e98f, CreationTimestamp2021-07-28T07:52:49.202Z[Etc/UTC]] removed.
2021-07-28 07:53:22,970 [EventQueue-PipelineActionsForPipelineActionHandler] INFO  pipeline.PipelineActionHandler (PipelineActionHandler.java:processPipelineAction(82)) - Received pipeline action CLOSE for PipelineID=764d9e30-3faa-4cd3-ac6a-704619699bb1 from datanode 25b0f249-d916-4833-bae0-35455e7aeb58. Reason : org.yaml.snakeyaml.error.YAMLException: java.io.IOException: No space left on device
2021-07-28 07:53:22,970 [EventQueue-PipelineActionsForPipelineActionHandler] WARN  pipeline.PipelineActionHandler (PipelineActionHandler.java:processPipelineAction(93)) - Pipeline action CLOSE received for unknown pipeline PipelineID=764d9e30-3faa-4cd3-ac6a-704619699bb1, firing close pipeline event.
2021-07-28 07:53:22,970 [EventQueue-PipelineActionsForPipelineActionHandler] INFO  pipeline.PipelineActionHandler (PipelineActionHandler.java:processPipelineAction(82)) - Received pipeline action CLOSE for PipelineID=764d9e30-3faa-4cd3-ac6a-704619699bb1 from datanode f19dbdd6-282f-4efe-908f-d2dc7f79f7bd. Reason : Requested operation not allowed as ContainerState is UNHEALTHY
2021-07-28 07:53:22,970 [EventQueue-PipelineActionsForPipelineActionHandler] WARN  pipeline.PipelineActionHandler (PipelineActionHandler.java:processPipelineAction(93)) - Pipeline action CLOSE received for unknown pipeline PipelineID=764d9e30-3faa-4cd3-ac6a-704619699bb1, firing close pipeline event.
2021-07-28 07:53:22,973 [pool-178-thread-9] ERROR ratis.XceiverServerRatis (XceiverServerRatis.java:triggerPipelineClose(672)) - pipeline Action CLOSE on pipeline PipelineID=764d9e30-3faa-4cd3-ac6a-704619699bb1.Reason : Ratis Transaction failure in datanode f19dbdd6-282f-4efe-908f-d2dc7f79f7bd with role FOLLOWER .Triggering pipeline close action.
2021-07-28 07:53:22,977 [EventQueue-CloseContainerForCloseContainerEventHandler] INFO  container.CloseContainerEventHandler (CloseContainerEventHandler.java:onMessage(69)) - Close container Event triggered for container : #17
2021-07-28 07:53:22,978 [EventQueue-PipelineActionsForPipelineActionHandler] INFO  pipeline.PipelineActionHandler (PipelineActionHandler.java:processPipelineAction(82)) - Received pipeline action CLOSE for PipelineID=764d9e30-3faa-4cd3-ac6a-704619699bb1 from datanode f19dbdd6-282f-4efe-908f-d2dc7f79f7bd. Reason : Ratis Transaction failure in datanode f19dbdd6-282f-4efe-908f-d2dc7f79f7bd with role FOLLOWER .Triggering pipeline close action.
2021-07-28 07:53:22,978 [EventQueue-PipelineActionsForPipelineActionHandler] WARN  pipeline.PipelineActionHandler (PipelineActionHandler.java:processPipelineAction(93)) - Pipeline action CLOSE received for unknown pipeline PipelineID=764d9e30-3faa-4cd3-ac6a-704619699bb1, firing close pipeline event.
2021-07-28 07:53:22,995 [f19dbdd6-282f-4efe-908f-d2dc7f79f7bd@group-704619699BB1-SegmentedRaftLogWorker] ERROR ratis.XceiverServerRatis (XceiverServerRatis.java:triggerPipelineClose(672)) - pipeline Action CLOSE on pipeline PipelineID=764d9e30-3faa-4cd3-ac6a-704619699bb1.Reason : Log already failed at index 166 for task WriteLog:166: (t:2, i:166), STATEMACHINELOGENTRY, cmdType: WriteChunk traceID: "" containerID: 17 datanodeUuid: "dd361100-9f3c-478f-b3d4-80faf4b7e98f" pipelineID: "764d9e30-3faa-4cd3-ac6a-704619699bb1" writeChunk { blockID { containerID: 17 localID: 107544261427200021 blockCommitSequenceId: 162 } chunkData { chunkName: "107544261427200021_chunk_3" offset: 2097152 len: 1048576 checksumData { type: NONE bytesPerChecksum: 1048576 } } }, container path=/home/runner/work/ozone/ozone/mnt/ozone/hadoop-ozone/integration-test/target/test-dir/MiniOzoneClusterImpl-a96259f6-ef4b-4787-b080-b71d8b5540dd/datanode-4/data-0/containers/hdds/a96259f6-ef4b-4787-b080-b71d8b5540dd/current/containerDir0/17
2021-07-28 07:53:22,997 [Datanode State Machine Thread - 0] WARN  statemachine.StateContext (StateContext.java:execute(621)) - No available thread in pool for past 1 seconds.
2021-07-28 07:53:22,999 [EventQueue-PipelineActionsForPipelineActionHandler] INFO  pipeline.PipelineActionHandler (PipelineActionHandler.java:processPipelineAction(82)) - Received pipeline action CLOSE for PipelineID=764d9e30-3faa-4cd3-ac6a-704619699bb1 from datanode f19dbdd6-282f-4efe-908f-d2dc7f79f7bd. Reason : Log already failed at index 166 for task WriteLog:166: (t:2, i:166), STATEMACHINELOGENTRY, cmdType: WriteChunk traceID: "" containerID: 17 datanodeUuid: "dd361100-9f3c-478f-b3d4-80faf4b7e98f" pipelineID: "764d9e30-3faa-4cd3-ac6a-704619699bb1" writeChunk { blockID { containerID: 17 localID: 107544261427200021 blockCommitSequenceId: 162 } chunkData { chunkName: "107544261427200021_chunk_3" offset: 2097152 len: 1048576 checksumData { type: NONE bytesPerChecksum: 1048576 } } }, container path=/home/runner/work/ozone/ozone/mnt/ozone/hadoop-ozone/integration-test/target/test-dir/MiniOzoneClusterImpl-a96259f6-ef4b-4787-b080-b71d8b5540dd/datanode-4/data-0/containers/hdds/a96259f6-ef4b-4787-b080-b71d8b5540dd/current/containerDir0/17
2021-07-28 07:53:22,999 [EventQueue-PipelineActionsForPipelineActionHandler] WARN  pipeline.PipelineActionHandler (PipelineActionHandler.java:processPipelineAction(93)) - Pipeline action CLOSE received for unknown pipeline PipelineID=764d9e30-3faa-4cd3-ac6a-704619699bb1, firing close pipeline event.
2021-07-28 07:53:23,001 [25b0f249-d916-4833-bae0-35455e7aeb58@group-704619699BB1-SegmentedRaftLogWorker] ERROR ratis.XceiverServerRatis (XceiverServerRatis.java:triggerPipelineClose(672)) - pipeline Action CLOSE on pipeline PipelineID=764d9e30-3faa-4cd3-ac6a-704619699bb1.Reason : Log already failed at index 166 for task WriteLog:166: (t:2, i:166), STATEMACHINELOGENTRY, cmdType: WriteChunk traceID: "" containerID: 17 datanodeUuid: "dd361100-9f3c-478f-b3d4-80faf4b7e98f" pipelineID: "764d9e30-3faa-4cd3-ac6a-704619699bb1" writeChunk { blockID { containerID: 17 localID: 107544261427200021 blockCommitSequenceId: 162 } chunkData { chunkName: "107544261427200021_chunk_3" offset: 2097152 len: 1048576 checksumData { type: NONE bytesPerChecksum: 1048576 } } }, container path=/home/runner/work/ozone/ozone/mnt/ozone/hadoop-ozone/integration-test/target/test-dir/MiniOzoneClusterImpl-a96259f6-ef4b-4787-b080-b71d8b5540dd/datanode-5/data-0/containers/hdds/a96259f6-ef4b-4787-b080-b71d8b5540dd/current/containerDir0/17
2021-07-28 07:53:23,001 [Datanode State Machine Thread - 0] WARN  statemachine.StateContext (StateContext.java:execute(621)) - No available thread in pool for past 1 seconds.
2021-07-28 07:53:23,002 [EventQueue-PipelineActionsForPipelineActionHandler] INFO  pipeline.PipelineActionHandler (PipelineActionHandler.java:processPipelineAction(82)) - Received pipeline action CLOSE for PipelineID=764d9e30-3faa-4cd3-ac6a-704619699bb1 from datanode 25b0f249-d916-4833-bae0-35455e7aeb58. Reason : Log already failed at index 166 for task WriteLog:166: (t:2, i:166), STATEMACHINELOGENTRY, cmdType: WriteChunk traceID: "" containerID: 17 datanodeUuid: "dd361100-9f3c-478f-b3d4-80faf4b7e98f" pipelineID: "764d9e30-3faa-4cd3-ac6a-704619699bb1" writeChunk { blockID { containerID: 17 localID: 107544261427200021 blockCommitSequenceId: 162 } chunkData { chunkName: "107544261427200021_chunk_3" offset: 2097152 len: 1048576 checksumData { type: NONE bytesPerChecksum: 1048576 } } }, container path=/home/runner/work/ozone/ozone/mnt/ozone/hadoop-ozone/integration-test/target/test-dir/MiniOzoneClusterImpl-a96259f6-ef4b-4787-b080-b71d8b5540dd/datanode-5/data-0/containers/hdds/a96259f6-ef4b-4787-b080-b71d8b5540dd/current/containerDir0/17
2021-07-28 07:53:23,002 [EventQueue-PipelineActionsForPipelineActionHandler] WARN  pipeline.PipelineActionHandler (PipelineActionHandler.java:processPipelineAction(93)) - Pipeline action CLOSE received for unknown pipeline PipelineID=764d9e30-3faa-4cd3-ac6a-704619699bb1, firing close pipeline event.
2021-07-28 07:53:23,005 [Datanode State Machine Thread - 0] WARN  statemachine.StateContext (StateContext.java:execute(621)) - No available thread in pool for past 1 seconds.
2021-07-28 07:53:23,005 [dd361100-9f3c-478f-b3d4-80faf4b7e98f@group-704619699BB1-SegmentedRaftLogWorker] ERROR ratis.XceiverServerRatis (XceiverServerRatis.java:triggerPipelineClose(672)) - pipeline Action CLOSE on pipeline PipelineID=764d9e30-3faa-4cd3-ac6a-704619699bb1.Reason : Log already failed at index 166 for task WriteLog:166: (t:2, i:166), STATEMACHINELOGENTRY, cmdType: WriteChunk traceID: "" containerID: 17 datanodeUuid: "dd361100-9f3c-478f-b3d4-80faf4b7e98f" pipelineID: "764d9e30-3faa-4cd3-ac6a-704619699bb1" writeChunk { blockID { containerID: 17 localID: 107544261427200021 blockCommitSequenceId: 162 } chunkData { chunkName: "107544261427200021_chunk_3" offset: 2097152 len: 1048576 checksumData { type: NONE bytesPerChecksum: 1048576 } } }, container path=/home/runner/work/ozone/ozone/mnt/ozone/hadoop-ozone/integration-test/target/test-dir/MiniOzoneClusterImpl-a96259f6-ef4b-4787-b080-b71d8b5540dd/datanode-3/data-0/containers/hdds/a96259f6-ef4b-4787-b080-b71d8b5540dd/current/containerDir0/17
2021-07-28 07:53:23,006 [EventQueue-PipelineActionsForPipelineActionHandler] INFO  pipeline.PipelineActionHandler (PipelineActionHandler.java:processPipelineAction(82)) - Received pipeline action CLOSE for PipelineID=764d9e30-3faa-4cd3-ac6a-704619699bb1 from datanode dd361100-9f3c-478f-b3d4-80faf4b7e98f. Reason : Log already failed at index 166 for task WriteLog:166: (t:2, i:166), STATEMACHINELOGENTRY, cmdType: WriteChunk traceID: "" containerID: 17 datanodeUuid: "dd361100-9f3c-478f-b3d4-80faf4b7e98f" pipelineID: "764d9e30-3faa-4cd3-ac6a-704619699bb1" writeChunk { blockID { containerID: 17 localID: 107544261427200021 blockCommitSequenceId: 162 } chunkData { chunkName: "107544261427200021_chunk_3" offset: 2097152 len: 1048576 checksumData { type: NONE bytesPerChecksum: 1048576 } } }, container path=/home/runner/work/ozone/ozone/mnt/ozone/hadoop-ozone/integration-test/target/test-dir/MiniOzoneClusterImpl-a96259f6-ef4b-4787-b080-b71d8b5540dd/datanode-3/data-0/containers/hdds/a96259f6-ef4b-4787-b080-b71d8b5540dd/current/containerDir0/17
2021-07-28 07:53:23,006 [EventQueue-PipelineActionsForPipelineActionHandler] WARN  pipeline.PipelineActionHandler (PipelineActionHandler.java:processPipelineAction(93)) - Pipeline action CLOSE received for unknown pipeline PipelineID=764d9e30-3faa-4cd3-ac6a-704619699bb1, firing close pipeline event.
2021-07-28 07:53:24,212 [Command processor thread] INFO  server.RaftServer (RaftServerProxy.java:remove(106)) - f19dbdd6-282f-4efe-908f-d2dc7f79f7bd: remove  FOLLOWER f19dbdd6-282f-4efe-908f-d2dc7f79f7bd@group-704619699BB1:t2, leader=dd361100-9f3c-478f-b3d4-80faf4b7e98f, voted=dd361100-9f3c-478f-b3d4-80faf4b7e98f, raftlog=f19dbdd6-282f-4efe-908f-d2dc7f79f7bd@group-704619699BB1-SegmentedRaftLog:OPENED:c163,f165,i167, conf=0: [25b0f249-d916-4833-bae0-35455e7aeb58|rpc:10.1.0.59:35379|dataStream:|priority:0, dd361100-9f3c-478f-b3d4-80faf4b7e98f|rpc:10.1.0.59:36511|dataStream:|priority:1, f19dbdd6-282f-4efe-908f-d2dc7f79f7bd|rpc:10.1.0.59:35597|dataStream:|priority:0], old=null RUNNING
2021-07-28 07:53:24,214 [Command processor thread] INFO  server.RaftServer$Division (RaftServerImpl.java:lambda$close$4(407)) - f19dbdd6-282f-4efe-908f-d2dc7f79f7bd@group-704619699BB1: shutdown
2021-07-28 07:53:24,215 [Command processor thread] INFO  util.JmxRegister (JmxRegister.java:unregister(73)) - Successfully un-registered JMX Bean with object name Ratis:service=RaftServer,group=group-704619699BB1,id=f19dbdd6-282f-4efe-908f-d2dc7f79f7bd
2021-07-28 07:53:24,215 [Command processor thread] INFO  impl.RoleInfo (RoleInfo.java:shutdownFollowerState(108)) - f19dbdd6-282f-4efe-908f-d2dc7f79f7bd: shutdown f19dbdd6-282f-4efe-908f-d2dc7f79f7bd@group-704619699BB1-FollowerState
2021-07-28 07:53:24,215 [f19dbdd6-282f-4efe-908f-d2dc7f79f7bd@group-704619699BB1-FollowerState] INFO  impl.FollowerState (FollowerState.java:run(143)) - f19dbdd6-282f-4efe-908f-d2dc7f79f7bd@group-704619699BB1-FollowerState was interrupted: {}
java.lang.InterruptedException: sleep interrupted
	at java.lang.Thread.sleep(Native Method)
	at java.lang.Thread.sleep(Thread.java:340)
	at java.util.concurrent.TimeUnit.sleep(TimeUnit.java:386)
	at org.apache.ratis.util.TimeDuration.sleep(TimeDuration.java:324)
	at org.apache.ratis.util.TimeDuration.sleep(TimeDuration.java:309)
	at org.apache.ratis.server.impl.FollowerState.run(FollowerState.java:118)
2021-07-28 07:53:24,215 [f19dbdd6-282f-4efe-908f-d2dc7f79f7bd@group-704619699BB1-StateMachineUpdater] ERROR ratis.ContainerStateMachine (ContainerStateMachine.java:takeSnapshot(285)) - Failed to take snapshot  for group-704619699BB1 as the stateMachine is unhealthy. The last applied index is at (t:2, i:159)
2021-07-28 07:53:24,215 [f19dbdd6-282f-4efe-908f-d2dc7f79f7bd@group-704619699BB1-StateMachineUpdater] ERROR impl.StateMachineUpdater (StateMachineUpdater.java:takeSnapshot(276)) - f19dbdd6-282f-4efe-908f-d2dc7f79f7bd@group-704619699BB1-StateMachineUpdater: Failed to take snapshot
org.apache.ratis.protocol.exceptions.StateMachineException: Failed to take snapshot  for group-704619699BB1 as the stateMachine is unhealthy. The last applied index is at (t:2, i:159)
	at org.apache.hadoop.ozone.container.common.transport.server.ratis.ContainerStateMachine.takeSnapshot(ContainerStateMachine.java:284)
	at org.apache.ratis.server.impl.StateMachineUpdater.takeSnapshot(StateMachineUpdater.java:265)
	at org.apache.ratis.server.impl.StateMachineUpdater.checkAndTakeSnapshot(StateMachineUpdater.java:257)
	at org.apache.ratis.server.impl.StateMachineUpdater.run(StateMachineUpdater.java:180)
	at java.lang.Thread.run(Thread.java:748)
2021-07-28 07:53:24,215 [f19dbdd6-282f-4efe-908f-d2dc7f79f7bd@group-704619699BB1-StateMachineUpdater] ERROR ratis.ContainerStateMachine (ContainerStateMachine.java:takeSnapshot(285)) - Failed to take snapshot  for group-704619699BB1 as the stateMachine is unhealthy. The last applied index is at (t:2, i:159)
2021-07-28 07:53:24,216 [f19dbdd6-282f-4efe-908f-d2dc7f79f7bd@group-704619699BB1-StateMachineUpdater] ERROR impl.StateMachineUpdater (StateMachineUpdater.java:takeSnapshot(276)) - f19dbdd6-282f-4efe-908f-d2dc7f79f7bd@group-704619699BB1-StateMachineUpdater: Failed to take snapshot
org.apache.ratis.protocol.exceptions.StateMachineException: Failed to take snapshot  for group-704619699BB1 as the stateMachine is unhealthy. The last applied index is at (t:2, i:159)
	at org.apache.hadoop.ozone.container.common.transport.server.ratis.ContainerStateMachine.takeSnapshot(ContainerStateMachine.java:284)
	at org.apache.ratis.server.impl.StateMachineUpdater.takeSnapshot(StateMachineUpdater.java:265)
	at org.apache.ratis.server.impl.StateMachineUpdater.checkAndTakeSnapshot(StateMachineUpdater.java:257)
	at org.apache.ratis.server.impl.StateMachineUpdater.run(StateMachineUpdater.java:183)
	at java.lang.Thread.run(Thread.java:748)
2021-07-28 07:53:24,216 [Command processor thread] INFO  impl.StateMachineUpdater (StateMachineUpdater.java:stopAndJoin(149)) - f19dbdd6-282f-4efe-908f-d2dc7f79f7bd@group-704619699BB1-StateMachineUpdater: set stopIndex = 163
2021-07-28 07:53:24,221 [Command processor thread] INFO  server.RaftServer$Division (ServerState.java:close(419)) - f19dbdd6-282f-4efe-908f-d2dc7f79f7bd@group-704619699BB1: closes. applyIndex: 159
2021-07-28 07:53:24,222 [f19dbdd6-282f-4efe-908f-d2dc7f79f7bd@group-704619699BB1-SegmentedRaftLogWorker] INFO  segmented.SegmentedRaftLogWorker (SegmentedRaftLogWorker.java:run(327)) - f19dbdd6-282f-4efe-908f-d2dc7f79f7bd@group-704619699BB1-SegmentedRaftLogWorker was interrupted, exiting. There are 0 tasks remaining in the queue.
2021-07-28 07:53:24,223 [Command processor thread] INFO  segmented.SegmentedRaftLogWorker (SegmentedRaftLogWorker.java:close(237)) - f19dbdd6-282f-4efe-908f-d2dc7f79f7bd@group-704619699BB1-SegmentedRaftLogWorker close()
2021-07-28 07:53:24,226 [Command processor thread] INFO  server.RaftServer$Division (RaftServerImpl.java:groupRemove(377)) - f19dbdd6-282f-4efe-908f-d2dc7f79f7bd@group-704619699BB1: Succeed to remove RaftStorageDirectory Storage Directory /home/runner/work/ozone/ozone/mnt/ozone/hadoop-ozone/integration-test/target/test-dir/MiniOzoneClusterImpl-a96259f6-ef4b-4787-b080-b71d8b5540dd/datanode-4/data/ratis/764d9e30-3faa-4cd3-ac6a-704619699bb1
2021-07-28 07:53:24,227 [Command processor thread] INFO  commandhandler.ClosePipelineCommandHandler (ClosePipelineCommandHandler.java:handle(75)) - Close Pipeline PipelineID=764d9e30-3faa-4cd3-ac6a-704619699bb1 command on datanode f19dbdd6-282f-4efe-908f-d2dc7f79f7bd.
2021-07-28 07:53:24,227 [Command processor thread] WARN  server.RaftServer (RaftServerProxy.java:remove(101)) - f19dbdd6-282f-4efe-908f-d2dc7f79f7bd: does not contain group: group-704619699BB1
2021-07-28 07:53:24,228 [Command processor thread] ERROR commandhandler.ClosePipelineCommandHandler (ClosePipelineCommandHandler.java:handle(78)) - Can't close pipeline PipelineID=764d9e30-3faa-4cd3-ac6a-704619699bb1
java.io.IOException: f19dbdd6-282f-4efe-908f-d2dc7f79f7bd: Group group-704619699BB1 not found.
	at org.apache.hadoop.ozone.container.common.transport.server.ratis.XceiverServerRatis.removeGroup(XceiverServerRatis.java:777)
	at org.apache.hadoop.ozone.container.common.statemachine.commandhandler.ClosePipelineCommandHandler.handle(ClosePipelineCommandHandler.java:74)
	at org.apache.hadoop.ozone.container.common.statemachine.commandhandler.CommandDispatcher.handle(CommandDispatcher.java:99)
	at org.apache.hadoop.ozone.container.common.statemachine.DatanodeStateMachine.lambda$initCommandHandlerThread$2(DatanodeStateMachine.java:551)
	at java.lang.Thread.run(Thread.java:748)
Caused by: org.apache.ratis.protocol.exceptions.GroupMismatchException: f19dbdd6-282f-4efe-908f-d2dc7f79f7bd: Group group-704619699BB1 not found.
	at org.apache.ratis.server.impl.RaftServerProxy.groupRemoveAsync(RaftServerProxy.java:504)
	at org.apache.ratis.server.impl.RaftServerProxy.groupManagementAsync(RaftServerProxy.java:460)
	at org.apache.ratis.server.impl.RaftServerProxy.groupManagement(RaftServerProxy.java:440)
	at org.apache.hadoop.ozone.container.common.transport.server.ratis.XceiverServerRatis.removeGroup(XceiverServerRatis.java:775)
	... 4 more
2021-07-28 07:53:24,228 [Command processor thread] WARN  server.RaftServer (RaftServerProxy.java:remove(101)) - f19dbdd6-282f-4efe-908f-d2dc7f79f7bd: does not contain group: group-704619699BB1
2021-07-28 07:53:24,228 [Command processor thread] ERROR commandhandler.ClosePipelineCommandHandler (ClosePipelineCommandHandler.java:handle(78)) - Can't close pipeline PipelineID=764d9e30-3faa-4cd3-ac6a-704619699bb1
java.io.IOException: f19dbdd6-282f-4efe-908f-d2dc7f79f7bd: Group group-704619699BB1 not found.
	at org.apache.hadoop.ozone.container.common.transport.server.ratis.XceiverServerRatis.removeGroup(XceiverServerRatis.java:777)
	at org.apache.hadoop.ozone.container.common.statemachine.commandhandler.ClosePipelineCommandHandler.handle(ClosePipelineCommandHandler.java:74)
	at org.apache.hadoop.ozone.container.common.statemachine.commandhandler.CommandDispatcher.handle(CommandDispatcher.java:99)
	at org.apache.hadoop.ozone.container.common.statemachine.DatanodeStateMachine.lambda$initCommandHandlerThread$2(DatanodeStateMachine.java:551)
	at java.lang.Thread.run(Thread.java:748)
Caused by: org.apache.ratis.protocol.exceptions.GroupMismatchException: f19dbdd6-282f-4efe-908f-d2dc7f79f7bd: Group group-704619699BB1 not found.
	at org.apache.ratis.server.impl.RaftServerProxy.groupRemoveAsync(RaftServerProxy.java:504)
	at org.apache.ratis.server.impl.RaftServerProxy.groupManagementAsync(RaftServerProxy.java:460)
	at org.apache.ratis.server.impl.RaftServerProxy.groupManagement(RaftServerProxy.java:440)
	at org.apache.hadoop.ozone.container.common.transport.server.ratis.XceiverServerRatis.removeGroup(XceiverServerRatis.java:775)
	... 4 more
2021-07-28 07:53:24,228 [Command processor thread] WARN  server.RaftServer (RaftServerProxy.java:remove(101)) - f19dbdd6-282f-4efe-908f-d2dc7f79f7bd: does not contain group: group-704619699BB1
2021-07-28 07:53:24,228 [Command processor thread] ERROR commandhandler.ClosePipelineCommandHandler (ClosePipelineCommandHandler.java:handle(78)) - Can't close pipeline PipelineID=764d9e30-3faa-4cd3-ac6a-704619699bb1
java.io.IOException: f19dbdd6-282f-4efe-908f-d2dc7f79f7bd: Group group-704619699BB1 not found.
	at org.apache.hadoop.ozone.container.common.transport.server.ratis.XceiverServerRatis.removeGroup(XceiverServerRatis.java:777)
	at org.apache.hadoop.ozone.container.common.statemachine.commandhandler.ClosePipelineCommandHandler.handle(ClosePipelineCommandHandler.java:74)
	at org.apache.hadoop.ozone.container.common.statemachine.commandhandler.CommandDispatcher.handle(CommandDispatcher.java:99)
	at org.apache.hadoop.ozone.container.common.statemachine.DatanodeStateMachine.lambda$initCommandHandlerThread$2(DatanodeStateMachine.java:551)
	at java.lang.Thread.run(Thread.java:748)
Caused by: org.apache.ratis.protocol.exceptions.GroupMismatchException: f19dbdd6-282f-4efe-908f-d2dc7f79f7bd: Group group-704619699BB1 not found.
	at org.apache.ratis.server.impl.RaftServerProxy.groupRemoveAsync(RaftServerProxy.java:504)
	at org.apache.ratis.server.impl.RaftServerProxy.groupManagementAsync(RaftServerProxy.java:460)
	at org.apache.ratis.server.impl.RaftServerProxy.groupManagement(RaftServerProxy.java:440)
	at org.apache.hadoop.ozone.container.common.transport.server.ratis.XceiverServerRatis.removeGroup(XceiverServerRatis.java:775)
	... 4 more
2021-07-28 07:53:24,238 [Command processor thread] INFO  server.RaftServer (RaftServerProxy.java:remove(106)) - 25b0f249-d916-4833-bae0-35455e7aeb58: remove  FOLLOWER 25b0f249-d916-4833-bae0-35455e7aeb58@group-704619699BB1:t2, leader=dd361100-9f3c-478f-b3d4-80faf4b7e98f, voted=dd361100-9f3c-478f-b3d4-80faf4b7e98f, raftlog=25b0f249-d916-4833-bae0-35455e7aeb58@group-704619699BB1-SegmentedRaftLog:OPENED:c163,f165,i167, conf=0: [25b0f249-d916-4833-bae0-35455e7aeb58|rpc:10.1.0.59:35379|dataStream:|priority:0, dd361100-9f3c-478f-b3d4-80faf4b7e98f|rpc:10.1.0.59:36511|dataStream:|priority:1, f19dbdd6-282f-4efe-908f-d2dc7f79f7bd|rpc:10.1.0.59:35597|dataStream:|priority:0], old=null RUNNING
2021-07-28 07:53:24,238 [Command processor thread] INFO  server.RaftServer$Division (RaftServerImpl.java:lambda$close$4(407)) - 25b0f249-d916-4833-bae0-35455e7aeb58@group-704619699BB1: shutdown
2021-07-28 07:53:24,238 [Command processor thread] INFO  util.JmxRegister (JmxRegister.java:unregister(73)) - Successfully un-registered JMX Bean with object name Ratis:service=RaftServer,group=group-704619699BB1,id=25b0f249-d916-4833-bae0-35455e7aeb58
2021-07-28 07:53:24,238 [Command processor thread] INFO  impl.RoleInfo (RoleInfo.java:shutdownFollowerState(108)) - 25b0f249-d916-4833-bae0-35455e7aeb58: shutdown 25b0f249-d916-4833-bae0-35455e7aeb58@group-704619699BB1-FollowerState
2021-07-28 07:53:24,238 [Command processor thread] INFO  impl.StateMachineUpdater (StateMachineUpdater.java:stopAndJoin(149)) - 25b0f249-d916-4833-bae0-35455e7aeb58@group-704619699BB1-StateMachineUpdater: set stopIndex = 163
2021-07-28 07:53:24,238 [25b0f249-d916-4833-bae0-35455e7aeb58@group-704619699BB1-FollowerState] INFO  impl.FollowerState (FollowerState.java:run(143)) - 25b0f249-d916-4833-bae0-35455e7aeb58@group-704619699BB1-FollowerState was interrupted: {}
java.lang.InterruptedException: sleep interrupted
	at java.lang.Thread.sleep(Native Method)
	at java.lang.Thread.sleep(Thread.java:340)
	at java.util.concurrent.TimeUnit.sleep(TimeUnit.java:386)
	at org.apache.ratis.util.TimeDuration.sleep(TimeDuration.java:324)
	at org.apache.ratis.util.TimeDuration.sleep(TimeDuration.java:309)
	at org.apache.ratis.server.impl.FollowerState.run(FollowerState.java:118)
2021-07-28 07:53:24,238 [25b0f249-d916-4833-bae0-35455e7aeb58@group-704619699BB1-StateMachineUpdater] ERROR ratis.ContainerStateMachine (ContainerStateMachine.java:takeSnapshot(285)) - Failed to take snapshot  for group-704619699BB1 as the stateMachine is unhealthy. The last applied index is at (t:2, i:163)
2021-07-28 07:53:24,238 [25b0f249-d916-4833-bae0-35455e7aeb58@group-704619699BB1-StateMachineUpdater] ERROR impl.StateMachineUpdater (StateMachineUpdater.java:takeSnapshot(276)) - 25b0f249-d916-4833-bae0-35455e7aeb58@group-704619699BB1-StateMachineUpdater: Failed to take snapshot
org.apache.ratis.protocol.exceptions.StateMachineException: Failed to take snapshot  for group-704619699BB1 as the stateMachine is unhealthy. The last applied index is at (t:2, i:163)
	at org.apache.hadoop.ozone.container.common.transport.server.ratis.ContainerStateMachine.takeSnapshot(ContainerStateMachine.java:284)
	at org.apache.ratis.server.impl.StateMachineUpdater.takeSnapshot(StateMachineUpdater.java:265)
	at org.apache.ratis.server.impl.StateMachineUpdater.checkAndTakeSnapshot(StateMachineUpdater.java:257)
	at org.apache.ratis.server.impl.StateMachineUpdater.run(StateMachineUpdater.java:180)
	at java.lang.Thread.run(Thread.java:748)
2021-07-28 07:53:24,238 [25b0f249-d916-4833-bae0-35455e7aeb58@group-704619699BB1-StateMachineUpdater] ERROR ratis.ContainerStateMachine (ContainerStateMachine.java:takeSnapshot(285)) - Failed to take snapshot  for group-704619699BB1 as the stateMachine is unhealthy. The last applied index is at (t:2, i:163)
2021-07-28 07:53:24,239 [25b0f249-d916-4833-bae0-35455e7aeb58@group-704619699BB1-StateMachineUpdater] ERROR impl.StateMachineUpdater (StateMachineUpdater.java:takeSnapshot(276)) - 25b0f249-d916-4833-bae0-35455e7aeb58@group-704619699BB1-StateMachineUpdater: Failed to take snapshot
org.apache.ratis.protocol.exceptions.StateMachineException: Failed to take snapshot  for group-704619699BB1 as the stateMachine is unhealthy. The last applied index is at (t:2, i:163)
	at org.apache.hadoop.ozone.container.common.transport.server.ratis.ContainerStateMachine.takeSnapshot(ContainerStateMachine.java:284)
	at org.apache.ratis.server.impl.StateMachineUpdater.takeSnapshot(StateMachineUpdater.java:265)
	at org.apache.ratis.server.impl.StateMachineUpdater.checkAndTakeSnapshot(StateMachineUpdater.java:257)
	at org.apache.ratis.server.impl.StateMachineUpdater.run(StateMachineUpdater.java:183)
	at java.lang.Thread.run(Thread.java:748)
2021-07-28 07:53:24,240 [Command processor thread] INFO  server.RaftServer$Division (ServerState.java:close(419)) - 25b0f249-d916-4833-bae0-35455e7aeb58@group-704619699BB1: closes. applyIndex: 163
2021-07-28 07:53:24,240 [25b0f249-d916-4833-bae0-35455e7aeb58@group-704619699BB1-SegmentedRaftLogWorker] INFO  segmented.SegmentedRaftLogWorker (SegmentedRaftLogWorker.java:run(327)) - 25b0f249-d916-4833-bae0-35455e7aeb58@group-704619699BB1-SegmentedRaftLogWorker was interrupted, exiting. There are 0 tasks remaining in the queue.
2021-07-28 07:53:24,240 [Command processor thread] INFO  segmented.SegmentedRaftLogWorker (SegmentedRaftLogWorker.java:close(237)) - 25b0f249-d916-4833-bae0-35455e7aeb58@group-704619699BB1-SegmentedRaftLogWorker close()
2021-07-28 07:53:24,243 [Command processor thread] INFO  server.RaftServer$Division (RaftServerImpl.java:groupRemove(377)) - 25b0f249-d916-4833-bae0-35455e7aeb58@group-704619699BB1: Succeed to remove RaftStorageDirectory Storage Directory /home/runner/work/ozone/ozone/mnt/ozone/hadoop-ozone/integration-test/target/test-dir/MiniOzoneClusterImpl-a96259f6-ef4b-4787-b080-b71d8b5540dd/datanode-5/data/ratis/764d9e30-3faa-4cd3-ac6a-704619699bb1
2021-07-28 07:53:24,243 [Command processor thread] INFO  commandhandler.ClosePipelineCommandHandler (ClosePipelineCommandHandler.java:handle(75)) - Close Pipeline PipelineID=764d9e30-3faa-4cd3-ac6a-704619699bb1 command on datanode 25b0f249-d916-4833-bae0-35455e7aeb58.
2021-07-28 07:53:24,244 [Command processor thread] WARN  server.RaftServer (RaftServerProxy.java:remove(101)) - 25b0f249-d916-4833-bae0-35455e7aeb58: does not contain group: group-704619699BB1
2021-07-28 07:53:24,244 [Command processor thread] ERROR commandhandler.ClosePipelineCommandHandler (ClosePipelineCommandHandler.java:handle(78)) - Can't close pipeline PipelineID=764d9e30-3faa-4cd3-ac6a-704619699bb1
java.io.IOException: 25b0f249-d916-4833-bae0-35455e7aeb58: Group group-704619699BB1 not found.
	at org.apache.hadoop.ozone.container.common.transport.server.ratis.XceiverServerRatis.removeGroup(XceiverServerRatis.java:777)
	at org.apache.hadoop.ozone.container.common.statemachine.commandhandler.ClosePipelineCommandHandler.handle(ClosePipelineCommandHandler.java:74)
	at org.apache.hadoop.ozone.container.common.statemachine.commandhandler.CommandDispatcher.handle(CommandDispatcher.java:99)
	at org.apache.hadoop.ozone.container.common.statemachine.DatanodeStateMachine.lambda$initCommandHandlerThread$2(DatanodeStateMachine.java:551)
	at java.lang.Thread.run(Thread.java:748)
Caused by: org.apache.ratis.protocol.exceptions.GroupMismatchException: 25b0f249-d916-4833-bae0-35455e7aeb58: Group group-704619699BB1 not found.
	at org.apache.ratis.server.impl.RaftServerProxy.groupRemoveAsync(RaftServerProxy.java:504)
	at org.apache.ratis.server.impl.RaftServerProxy.groupManagementAsync(RaftServerProxy.java:460)
	at org.apache.ratis.server.impl.RaftServerProxy.groupManagement(RaftServerProxy.java:440)
	at org.apache.hadoop.ozone.container.common.transport.server.ratis.XceiverServerRatis.removeGroup(XceiverServerRatis.java:775)
	... 4 more
2021-07-28 07:53:24,244 [Command processor thread] WARN  server.RaftServer (RaftServerProxy.java:remove(101)) - 25b0f249-d916-4833-bae0-35455e7aeb58: does not contain group: group-704619699BB1
2021-07-28 07:53:24,244 [Command processor thread] ERROR commandhandler.ClosePipelineCommandHandler (ClosePipelineCommandHandler.java:handle(78)) - Can't close pipeline PipelineID=764d9e30-3faa-4cd3-ac6a-704619699bb1
java.io.IOException: 25b0f249-d916-4833-bae0-35455e7aeb58: Group group-704619699BB1 not found.
	at org.apache.hadoop.ozone.container.common.transport.server.ratis.XceiverServerRatis.removeGroup(XceiverServerRatis.java:777)
	at org.apache.hadoop.ozone.container.common.statemachine.commandhandler.ClosePipelineCommandHandler.handle(ClosePipelineCommandHandler.java:74)
	at org.apache.hadoop.ozone.container.common.statemachine.commandhandler.CommandDispatcher.handle(CommandDispatcher.java:99)
	at org.apache.hadoop.ozone.container.common.statemachine.DatanodeStateMachine.lambda$initCommandHandlerThread$2(DatanodeStateMachine.java:551)
	at java.lang.Thread.run(Thread.java:748)
Caused by: org.apache.ratis.protocol.exceptions.GroupMismatchException: 25b0f249-d916-4833-bae0-35455e7aeb58: Group group-704619699BB1 not found.
	at org.apache.ratis.server.impl.RaftServerProxy.groupRemoveAsync(RaftServerProxy.java:504)
	at org.apache.ratis.server.impl.RaftServerProxy.groupManagementAsync(RaftServerProxy.java:460)
	at org.apache.ratis.server.impl.RaftServerProxy.groupManagement(RaftServerProxy.java:440)
	at org.apache.hadoop.ozone.container.common.transport.server.ratis.XceiverServerRatis.removeGroup(XceiverServerRatis.java:775)
	... 4 more
2021-07-28 07:53:24,246 [Command processor thread] INFO  server.RaftServer (RaftServerProxy.java:remove(106)) - dd361100-9f3c-478f-b3d4-80faf4b7e98f: remove    LEADER dd361100-9f3c-478f-b3d4-80faf4b7e98f@group-704619699BB1:t2, leader=dd361100-9f3c-478f-b3d4-80faf4b7e98f, voted=dd361100-9f3c-478f-b3d4-80faf4b7e98f, raftlog=dd361100-9f3c-478f-b3d4-80faf4b7e98f@group-704619699BB1-SegmentedRaftLog:OPENED:c165,f165,i167, conf=0: [25b0f249-d916-4833-bae0-35455e7aeb58|rpc:10.1.0.59:35379|dataStream:|priority:0, dd361100-9f3c-478f-b3d4-80faf4b7e98f|rpc:10.1.0.59:36511|dataStream:|priority:1, f19dbdd6-282f-4efe-908f-d2dc7f79f7bd|rpc:10.1.0.59:35597|dataStream:|priority:0], old=null RUNNING
2021-07-28 07:53:24,246 [Command processor thread] INFO  server.RaftServer$Division (RaftServerImpl.java:lambda$close$4(407)) - dd361100-9f3c-478f-b3d4-80faf4b7e98f@group-704619699BB1: shutdown
2021-07-28 07:53:24,246 [Command processor thread] INFO  util.JmxRegister (JmxRegister.java:unregister(73)) - Successfully un-registered JMX Bean with object name Ratis:service=RaftServer,group=group-704619699BB1,id=dd361100-9f3c-478f-b3d4-80faf4b7e98f
2021-07-28 07:53:24,246 [Command processor thread] INFO  impl.RoleInfo (RoleInfo.java:shutdownLeaderState(91)) - dd361100-9f3c-478f-b3d4-80faf4b7e98f: shutdown dd361100-9f3c-478f-b3d4-80faf4b7e98f@group-704619699BB1-LeaderStateImpl
2021-07-28 07:53:24,246 [Command processor thread] INFO  impl.PendingRequests (PendingRequests.java:sendNotLeaderResponses(249)) - dd361100-9f3c-478f-b3d4-80faf4b7e98f@group-704619699BB1-PendingRequests: sendNotLeaderResponses
2021-07-28 07:53:24,246 [dd361100-9f3c-478f-b3d4-80faf4b7e98f@group-704619699BB1->25b0f249-d916-4833-bae0-35455e7aeb58-GrpcLogAppender-LogAppenderDaemon] WARN  server.GrpcLogAppender (GrpcLogAppender.java:mayWait(175)) - dd361100-9f3c-478f-b3d4-80faf4b7e98f@group-704619699BB1->25b0f249-d916-4833-bae0-35455e7aeb58-GrpcLogAppender: Wait interrupted by java.lang.InterruptedException
2021-07-28 07:53:24,248 [grpc-default-executor-3] INFO  server.GrpcServerProtocolService (GrpcServerProtocolService.java:onCompleted(140)) - 25b0f249-d916-4833-bae0-35455e7aeb58: Completed APPEND_ENTRIES, lastRequest: dd361100-9f3c-478f-b3d4-80faf4b7e98f->25b0f249-d916-4833-bae0-35455e7aeb58#1990-t2,previous=(t:2, i:166),leaderCommit=165,initializing? true,entries: size=1, first=(t:2, i:167), STATEMACHINELOGENTRY, 161@client-86F2C00EC6E5
2021-07-28 07:53:24,248 [dd361100-9f3c-478f-b3d4-80faf4b7e98f@group-704619699BB1->f19dbdd6-282f-4efe-908f-d2dc7f79f7bd-GrpcLogAppender-LogAppenderDaemon] WARN  server.GrpcLogAppender (GrpcLogAppender.java:mayWait(175)) - dd361100-9f3c-478f-b3d4-80faf4b7e98f@group-704619699BB1->f19dbdd6-282f-4efe-908f-d2dc7f79f7bd-GrpcLogAppender: Wait interrupted by java.lang.InterruptedException
2021-07-28 07:53:24,250 [grpc-default-executor-1] INFO  server.GrpcLogAppender (GrpcLogAppender.java:onCompleted(344)) - dd361100-9f3c-478f-b3d4-80faf4b7e98f@group-704619699BB1->25b0f249-d916-4833-bae0-35455e7aeb58-AppendLogResponseHandler: follower responses appendEntries COMPLETED
2021-07-28 07:53:24,263 [Command processor thread] INFO  impl.StateMachineUpdater (StateMachineUpdater.java:stopAndJoin(149)) - dd361100-9f3c-478f-b3d4-80faf4b7e98f@group-704619699BB1-StateMachineUpdater: set stopIndex = 165
2021-07-28 07:53:24,263 [grpc-default-executor-1] INFO  leader.FollowerInfo (FollowerInfoImpl.java:lambda$new$0(46)) - dd361100-9f3c-478f-b3d4-80faf4b7e98f@group-704619699BB1->25b0f249-d916-4833-bae0-35455e7aeb58: nextIndex: updateUnconditionally 168 -> 166
2021-07-28 07:53:24,264 [dd361100-9f3c-478f-b3d4-80faf4b7e98f@group-704619699BB1-StateMachineUpdater] ERROR ratis.ContainerStateMachine (ContainerStateMachine.java:takeSnapshot(285)) - Failed to take snapshot  for group-704619699BB1 as the stateMachine is unhealthy. The last applied index is at (t:2, i:165)
2021-07-28 07:53:24,264 [dd361100-9f3c-478f-b3d4-80faf4b7e98f@group-704619699BB1-StateMachineUpdater] ERROR impl.StateMachineUpdater (StateMachineUpdater.java:takeSnapshot(276)) - dd361100-9f3c-478f-b3d4-80faf4b7e98f@group-704619699BB1-StateMachineUpdater: Failed to take snapshot
org.apache.ratis.protocol.exceptions.StateMachineException: Failed to take snapshot  for group-704619699BB1 as the stateMachine is unhealthy. The last applied index is at (t:2, i:165)
	at org.apache.hadoop.ozone.container.common.transport.server.ratis.ContainerStateMachine.takeSnapshot(ContainerStateMachine.java:284)
	at org.apache.ratis.server.impl.StateMachineUpdater.takeSnapshot(StateMachineUpdater.java:265)
	at org.apache.ratis.server.impl.StateMachineUpdater.checkAndTakeSnapshot(StateMachineUpdater.java:257)
	at org.apache.ratis.server.impl.StateMachineUpdater.run(StateMachineUpdater.java:180)
	at java.lang.Thread.run(Thread.java:748)
2021-07-28 07:53:24,265 [dd361100-9f3c-478f-b3d4-80faf4b7e98f@group-704619699BB1-StateMachineUpdater] ERROR ratis.ContainerStateMachine (ContainerStateMachine.java:takeSnapshot(285)) - Failed to take snapshot  for group-704619699BB1 as the stateMachine is unhealthy. The last applied index is at (t:2, i:165)
2021-07-28 07:53:24,265 [dd361100-9f3c-478f-b3d4-80faf4b7e98f@group-704619699BB1-StateMachineUpdater] ERROR impl.StateMachineUpdater (StateMachineUpdater.java:takeSnapshot(276)) - dd361100-9f3c-478f-b3d4-80faf4b7e98f@group-704619699BB1-StateMachineUpdater: Failed to take snapshot
org.apache.ratis.protocol.exceptions.StateMachineException: Failed to take snapshot  for group-704619699BB1 as the stateMachine is unhealthy. The last applied index is at (t:2, i:165)
	at org.apache.hadoop.ozone.container.common.transport.server.ratis.ContainerStateMachine.takeSnapshot(ContainerStateMachine.java:284)
	at org.apache.ratis.server.impl.StateMachineUpdater.takeSnapshot(StateMachineUpdater.java:265)
	at org.apache.ratis.server.impl.StateMachineUpdater.checkAndTakeSnapshot(StateMachineUpdater.java:257)
	at org.apache.ratis.server.impl.StateMachineUpdater.run(StateMachineUpdater.java:183)
	at java.lang.Thread.run(Thread.java:748)
2021-07-28 07:53:24,267 [Command processor thread] INFO  server.RaftServer$Division (ServerState.java:close(419)) - dd361100-9f3c-478f-b3d4-80faf4b7e98f@group-704619699BB1: closes. applyIndex: 165
2021-07-28 07:53:24,267 [dd361100-9f3c-478f-b3d4-80faf4b7e98f@group-704619699BB1-SegmentedRaftLogWorker] INFO  segmented.SegmentedRaftLogWorker (SegmentedRaftLogWorker.java:run(327)) - dd361100-9f3c-478f-b3d4-80faf4b7e98f@group-704619699BB1-SegmentedRaftLogWorker was interrupted, exiting. There are 0 tasks remaining in the queue.
2021-07-28 07:53:24,267 [Command processor thread] INFO  segmented.SegmentedRaftLogWorker (SegmentedRaftLogWorker.java:close(237)) - dd361100-9f3c-478f-b3d4-80faf4b7e98f@group-704619699BB1-SegmentedRaftLogWorker close()
2021-07-28 07:53:24,265 [grpc-default-executor-0] INFO  server.GrpcServerProtocolService (GrpcServerProtocolService.java:onCompleted(140)) - f19dbdd6-282f-4efe-908f-d2dc7f79f7bd: Completed APPEND_ENTRIES, lastRequest: dd361100-9f3c-478f-b3d4-80faf4b7e98f->f19dbdd6-282f-4efe-908f-d2dc7f79f7bd#1988-t2,previous=(t:2, i:166),leaderCommit=165,initializing? true,entries: size=1, first=(t:2, i:167), STATEMACHINELOGENTRY, 161@client-86F2C00EC6E5
2021-07-28 07:53:24,269 [grpc-default-executor-2] INFO  server.GrpcLogAppender (GrpcLogAppender.java:onCompleted(344)) - dd361100-9f3c-478f-b3d4-80faf4b7e98f@group-704619699BB1->f19dbdd6-282f-4efe-908f-d2dc7f79f7bd-AppendLogResponseHandler: follower responses appendEntries COMPLETED
2021-07-28 07:53:24,269 [Command processor thread] INFO  server.RaftServer$Division (RaftServerImpl.java:groupRemove(377)) - dd361100-9f3c-478f-b3d4-80faf4b7e98f@group-704619699BB1: Succeed to remove RaftStorageDirectory Storage Directory /home/runner/work/ozone/ozone/mnt/ozone/hadoop-ozone/integration-test/target/test-dir/MiniOzoneClusterImpl-a96259f6-ef4b-4787-b080-b71d8b5540dd/datanode-3/data/ratis/764d9e30-3faa-4cd3-ac6a-704619699bb1
2021-07-28 07:53:24,270 [Command processor thread] INFO  commandhandler.ClosePipelineCommandHandler (ClosePipelineCommandHandler.java:handle(75)) - Close Pipeline PipelineID=764d9e30-3faa-4cd3-ac6a-704619699bb1 command on datanode dd361100-9f3c-478f-b3d4-80faf4b7e98f.
2021-07-28 07:53:24,270 [Command processor thread] WARN  server.RaftServer (RaftServerProxy.java:remove(101)) - dd361100-9f3c-478f-b3d4-80faf4b7e98f: does not contain group: group-704619699BB1
2021-07-28 07:53:24,270 [Command processor thread] ERROR commandhandler.ClosePipelineCommandHandler (ClosePipelineCommandHandler.java:handle(78)) - Can't close pipeline PipelineID=764d9e30-3faa-4cd3-ac6a-704619699bb1
java.io.IOException: dd361100-9f3c-478f-b3d4-80faf4b7e98f: Group group-704619699BB1 not found.
	at org.apache.hadoop.ozone.container.common.transport.server.ratis.XceiverServerRatis.removeGroup(XceiverServerRatis.java:777)
	at org.apache.hadoop.ozone.container.common.statemachine.commandhandler.ClosePipelineCommandHandler.handle(ClosePipelineCommandHandler.java:74)
	at org.apache.hadoop.ozone.container.common.statemachine.commandhandler.CommandDispatcher.handle(CommandDispatcher.java:99)
	at org.apache.hadoop.ozone.container.common.statemachine.DatanodeStateMachine.lambda$initCommandHandlerThread$2(DatanodeStateMachine.java:551)
	at java.lang.Thread.run(Thread.java:748)
Caused by: org.apache.ratis.protocol.exceptions.GroupMismatchException: dd361100-9f3c-478f-b3d4-80faf4b7e98f: Group group-704619699BB1 not found.
	at org.apache.ratis.server.impl.RaftServerProxy.groupRemoveAsync(RaftServerProxy.java:504)
	at org.apache.ratis.server.impl.RaftServerProxy.groupManagementAsync(RaftServerProxy.java:460)
	at org.apache.ratis.server.impl.RaftServerProxy.groupManagement(RaftServerProxy.java:440)
	at org.apache.hadoop.ozone.container.common.transport.server.ratis.XceiverServerRatis.removeGroup(XceiverServerRatis.java:775)
	... 4 more
2021-07-28 07:53:24,269 [grpc-default-executor-2] INFO  leader.FollowerInfo (FollowerInfoImpl.java:lambda$new$0(46)) - dd361100-9f3c-478f-b3d4-80faf4b7e98f@group-704619699BB1->f19dbdd6-282f-4efe-908f-d2dc7f79f7bd: nextIndex: updateUnconditionally 168 -> 166
2021-07-28 07:53:28,517 [Time-limited test] WARN  io.KeyOutputStream (KeyOutputStream.java:handleException(318)) - Encountered exception java.io.IOException: Unexpected Storage Container Exception: java.util.concurrent.CompletionException: Failed to write chunk 107544261427200021_chunk_3 into block conID: 17 locID: 107544261427200021 bcsId: 162 on the pipeline Pipeline[ Id: 764d9e30-3faa-4cd3-ac6a-704619699bb1, Nodes: dd361100-9f3c-478f-b3d4-80faf4b7e98f{ip: 10.1.0.59, host: fv-az122-844.zf1tlrj3kn4expqppa1j4mpycf.xx.internal.cloudapp.net, ports: [REPLICATION=41241, RATIS=36511, RATIS_ADMIN=36511, RATIS_SERVER=36511, STANDALONE=46543], networkLocation: /default-rack, certSerialId: null, persistedOpState: IN_SERVICE, persistedOpStateExpiryEpochSec: 0}25b0f249-d916-4833-bae0-35455e7aeb58{ip: 10.1.0.59, host: fv-az122-844.zf1tlrj3kn4expqppa1j4mpycf.xx.internal.cloudapp.net, ports: [REPLICATION=33781, RATIS=35379, RATIS_ADMIN=35379, RATIS_SERVER=35379, STANDALONE=38033], networkLocation: /default-rack, certSerialId: null, persistedOpState: IN_SERVICE, persistedOpStateExpiryEpochSec: 0}f19dbdd6-282f-4efe-908f-d2dc7f79f7bd{ip: 10.1.0.59, host: fv-az122-844.zf1tlrj3kn4expqppa1j4mpycf.xx.internal.cloudapp.net, ports: [REPLICATION=33441, RATIS=35597, RATIS_ADMIN=35597, RATIS_SERVER=35597, STANDALONE=45331], networkLocation: /default-rack, certSerialId: null, persistedOpState: IN_SERVICE, persistedOpStateExpiryEpochSec: 0}, ReplicationConfig: RATIS/THREE, State:OPEN, leaderId:dd361100-9f3c-478f-b3d4-80faf4b7e98f, CreationTimestamp2021-07-28T07:52:49.202Z[Etc/UTC]]. The last committed block length is 1048576, uncommitted data length is 2097152 retry count 0
2021-07-28 07:53:28,533 [ChunkWriter-0-0] INFO  keyvalue.KeyValueHandler (ContainerUtils.java:logAndReturnError(89)) - Operation: CreateContainer , Trace ID:  , Message: Container creation failed. Failed init RocksDB, db path : /home/runner/work/ozone/ozone/mnt/ozone/hadoop-ozone/integration-test/target/test-dir/MiniOzoneClusterImpl-a96259f6-ef4b-4787-b080-b71d8b5540dd/datanode-2/data-0/containers/hdds/a96259f6-ef4b-4787-b080-b71d8b5540dd/current/containerDir0/18/metadata/18-dn-container.db, exception :org.rocksdb.RocksDBException While appending to file: /home/runner/work/ozone/ozone/mnt/ozone/hadoop-ozone/integration-test/target/test-dir/MiniOzoneClusterImpl-a96259f6-ef4b-4787-b080-b71d8b5540dd/datanode-2/data-0/containers/hdds/a96259f6-ef4b-4787-b080-b71d8b5540dd/current/containerDir0/18/metadata/18-dn-container.db/000000.dbtmp: No space left on device; status : IOError(NoSpace); message : While appending to file: /home/runner/work/ozone/ozone/mnt/ozone/hadoop-ozone/integration-test/target/test-dir/MiniOzoneClusterImpl-a96259f6-ef4b-4787-b080-b71d8b5540dd/datanode-2/data-0/containers/hdds/a96259f6-ef4b-4787-b080-b71d8b5540dd/current/containerDir0/18/metadata/18-dn-container.db/000000.dbtmp: No space left on device , Result: CONTAINER_INTERNAL_ERROR , StorageContainerException Occurred.
org.apache.hadoop.hdds.scm.container.common.helpers.StorageContainerException: Container creation failed. Failed init RocksDB, db path : /home/runner/work/ozone/ozone/mnt/ozone/hadoop-ozone/integration-test/target/test-dir/MiniOzoneClusterImpl-a96259f6-ef4b-4787-b080-b71d8b5540dd/datanode-2/data-0/containers/hdds/a96259f6-ef4b-4787-b080-b71d8b5540dd/current/containerDir0/18/metadata/18-dn-container.db, exception :org.rocksdb.RocksDBException While appending to file: /home/runner/work/ozone/ozone/mnt/ozone/hadoop-ozone/integration-test/target/test-dir/MiniOzoneClusterImpl-a96259f6-ef4b-4787-b080-b71d8b5540dd/datanode-2/data-0/containers/hdds/a96259f6-ef4b-4787-b080-b71d8b5540dd/current/containerDir0/18/metadata/18-dn-container.db/000000.dbtmp: No space left on device; status : IOError(NoSpace); message : While appending to file: /home/runner/work/ozone/ozone/mnt/ozone/hadoop-ozone/integration-test/target/test-dir/MiniOzoneClusterImpl-a96259f6-ef4b-4787-b080-b71d8b5540dd/datanode-2/data-0/containers/hdds/a96259f6-ef4b-4787-b080-b71d8b5540dd/current/containerDir0/18/metadata/18-dn-container.db/000000.dbtmp: No space left on device
	at org.apache.hadoop.ozone.container.keyvalue.KeyValueContainer.create(KeyValueContainer.java:171)
	at org.apache.hadoop.ozone.container.keyvalue.KeyValueHandler.handleCreateContainer(KeyValueHandler.java:265)
	at org.apache.hadoop.ozone.container.keyvalue.KeyValueHandler.dispatchRequest(KeyValueHandler.java:182)
	at org.apache.hadoop.ozone.container.keyvalue.KeyValueHandler.handle(KeyValueHandler.java:170)
	at org.apache.hadoop.ozone.container.common.impl.HddsDispatcher.createContainer(HddsDispatcher.java:423)
	at org.apache.hadoop.ozone.container.common.impl.HddsDispatcher.dispatchRequest(HddsDispatcher.java:258)
	at org.apache.hadoop.ozone.container.common.impl.HddsDispatcher.lambda$dispatch$0(HddsDispatcher.java:169)
	at org.apache.hadoop.hdds.server.OzoneProtocolMessageDispatcher.processRequest(OzoneProtocolMessageDispatcher.java:87)
	at org.apache.hadoop.ozone.container.common.impl.HddsDispatcher.dispatch(HddsDispatcher.java:168)
	at org.apache.hadoop.ozone.container.common.transport.server.ratis.ContainerStateMachine.dispatchCommand(ContainerStateMachine.java:398)
	at org.apache.hadoop.ozone.container.common.transport.server.ratis.ContainerStateMachine.runCommand(ContainerStateMachine.java:408)
	at org.apache.hadoop.ozone.container.common.transport.server.ratis.ContainerStateMachine.lambda$handleWriteChunk$1(ContainerStateMachine.java:439)
	at java.util.concurrent.CompletableFuture$AsyncSupply.run(CompletableFuture.java:1604)
	at java.util.concurrent.ThreadPoolExecutor.runWorker(ThreadPoolExecutor.java:1149)
	at java.util.concurrent.ThreadPoolExecutor$Worker.run(ThreadPoolExecutor.java:624)
	at java.lang.Thread.run(Thread.java:748)
Caused by: java.io.IOException: Failed init RocksDB, db path : /home/runner/work/ozone/ozone/mnt/ozone/hadoop-ozone/integration-test/target/test-dir/MiniOzoneClusterImpl-a96259f6-ef4b-4787-b080-b71d8b5540dd/datanode-2/data-0/containers/hdds/a96259f6-ef4b-4787-b080-b71d8b5540dd/current/containerDir0/18/metadata/18-dn-container.db, exception :org.rocksdb.RocksDBException While appending to file: /home/runner/work/ozone/ozone/mnt/ozone/hadoop-ozone/integration-test/target/test-dir/MiniOzoneClusterImpl-a96259f6-ef4b-4787-b080-b71d8b5540dd/datanode-2/data-0/containers/hdds/a96259f6-ef4b-4787-b080-b71d8b5540dd/current/containerDir0/18/metadata/18-dn-container.db/000000.dbtmp: No space left on device; status : IOError(NoSpace); message : While appending to file: /home/runner/work/ozone/ozone/mnt/ozone/hadoop-ozone/integration-test/target/test-dir/MiniOzoneClusterImpl-a96259f6-ef4b-4787-b080-b71d8b5540dd/datanode-2/data-0/containers/hdds/a96259f6-ef4b-4787-b080-b71d8b5540dd/current/containerDir0/18/metadata/18-dn-container.db/000000.dbtmp: No space left on device
	at org.apache.hadoop.hdds.utils.HddsServerUtil.toIOException(HddsServerUtil.java:564)
	at org.apache.hadoop.hdds.utils.db.RDBStore.<init>(RDBStore.java:164)
	at org.apache.hadoop.hdds.utils.db.DBStoreBuilder.build(DBStoreBuilder.java:191)
	at org.apache.hadoop.ozone.container.metadata.AbstractDatanodeStore.start(AbstractDatanodeStore.java:118)
	at org.apache.hadoop.ozone.container.metadata.AbstractDatanodeStore.<init>(AbstractDatanodeStore.java:93)
	at org.apache.hadoop.ozone.container.metadata.DatanodeStoreSchemaTwoImpl.<init>(DatanodeStoreSchemaTwoImpl.java:48)
	at org.apache.hadoop.ozone.container.keyvalue.helpers.KeyValueContainerUtil.createContainerMetaData(KeyValueContainerUtil.java:112)
	at org.apache.hadoop.ozone.container.keyvalue.KeyValueContainer.create(KeyValueContainer.java:139)
	... 15 more
Caused by: org.rocksdb.RocksDBException: While appending to file: /home/runner/work/ozone/ozone/mnt/ozone/hadoop-ozone/integration-test/target/test-dir/MiniOzoneClusterImpl-a96259f6-ef4b-4787-b080-b71d8b5540dd/datanode-2/data-0/containers/hdds/a96259f6-ef4b-4787-b080-b71d8b5540dd/current/containerDir0/18/metadata/18-dn-container.db/000000.dbtmp: No space left on device
	at org.rocksdb.RocksDB.open(Native Method)
	at org.rocksdb.RocksDB.open(RocksDB.java:306)
	at org.apache.hadoop.hdds.utils.db.RDBStore.<init>(RDBStore.java:119)
	... 21 more
07:53:28.541 [ChunkWriter-0-0] ERROR DNAudit - user=null | ip=null | op=WRITE_CHUNK {blockData=conID: 18 locID: 107544261427200022 bcsId: 0} | ret=FAILURE
org.apache.hadoop.hdds.scm.container.common.helpers.StorageContainerException: ContainerID 18 creation failed
	at org.apache.hadoop.ozone.container.common.impl.HddsDispatcher.dispatchRequest(HddsDispatcher.java:262) ~[hdds-container-service-1.2.0-SNAPSHOT.jar:?]
	at org.apache.hadoop.ozone.container.common.impl.HddsDispatcher.lambda$dispatch$0(HddsDispatcher.java:169) ~[hdds-container-service-1.2.0-SNAPSHOT.jar:?]
	at org.apache.hadoop.hdds.server.OzoneProtocolMessageDispatcher.processRequest(OzoneProtocolMessageDispatcher.java:87) ~[hdds-server-framework-1.2.0-SNAPSHOT.jar:?]
	at org.apache.hadoop.ozone.container.common.impl.HddsDispatcher.dispatch(HddsDispatcher.java:168) ~[hdds-container-service-1.2.0-SNAPSHOT.jar:?]
	at org.apache.hadoop.ozone.container.common.transport.server.ratis.ContainerStateMachine.dispatchCommand(ContainerStateMachine.java:398) ~[hdds-container-service-1.2.0-SNAPSHOT.jar:?]
	at org.apache.hadoop.ozone.container.common.transport.server.ratis.ContainerStateMachine.runCommand(ContainerStateMachine.java:408) ~[hdds-container-service-1.2.0-SNAPSHOT.jar:?]
	at org.apache.hadoop.ozone.container.common.transport.server.ratis.ContainerStateMachine.lambda$handleWriteChunk$1(ContainerStateMachine.java:439) ~[hdds-container-service-1.2.0-SNAPSHOT.jar:?]
	at java.util.concurrent.CompletableFuture$AsyncSupply.run(CompletableFuture.java:1604) [?:1.8.0_292]
	at java.util.concurrent.ThreadPoolExecutor.runWorker(ThreadPoolExecutor.java:1149) [?:1.8.0_292]
	at java.util.concurrent.ThreadPoolExecutor$Worker.run(ThreadPoolExecutor.java:624) [?:1.8.0_292]
	at java.lang.Thread.run(Thread.java:748) [?:1.8.0_292]
2021-07-28 07:53:28,540 [ChunkWriter-0-0] INFO  keyvalue.KeyValueHandler (ContainerUtils.java:logAndReturnError(89)) - Operation: CreateContainer , Trace ID:  , Message: Container creation failed. Failed init RocksDB, db path : /home/runner/work/ozone/ozone/mnt/ozone/hadoop-ozone/integration-test/target/test-dir/MiniOzoneClusterImpl-a96259f6-ef4b-4787-b080-b71d8b5540dd/datanode-1/data-0/containers/hdds/a96259f6-ef4b-4787-b080-b71d8b5540dd/current/containerDir0/18/metadata/18-dn-container.db, exception :org.rocksdb.RocksDBException While appending to file: /home/runner/work/ozone/ozone/mnt/ozone/hadoop-ozone/integration-test/target/test-dir/MiniOzoneClusterImpl-a96259f6-ef4b-4787-b080-b71d8b5540dd/datanode-1/data-0/containers/hdds/a96259f6-ef4b-4787-b080-b71d8b5540dd/current/containerDir0/18/metadata/18-dn-container.db/000000.dbtmp: No space left on device; status : IOError(NoSpace); message : While appending to file: /home/runner/work/ozone/ozone/mnt/ozone/hadoop-ozone/integration-test/target/test-dir/MiniOzoneClusterImpl-a96259f6-ef4b-4787-b080-b71d8b5540dd/datanode-1/data-0/containers/hdds/a96259f6-ef4b-4787-b080-b71d8b5540dd/current/containerDir0/18/metadata/18-dn-container.db/000000.dbtmp: No space left on device , Result: CONTAINER_INTERNAL_ERROR , StorageContainerException Occurred.
org.apache.hadoop.hdds.scm.container.common.helpers.StorageContainerException: Container creation failed. Failed init RocksDB, db path : /home/runner/work/ozone/ozone/mnt/ozone/hadoop-ozone/integration-test/target/test-dir/MiniOzoneClusterImpl-a96259f6-ef4b-4787-b080-b71d8b5540dd/datanode-1/data-0/containers/hdds/a96259f6-ef4b-4787-b080-b71d8b5540dd/current/containerDir0/18/metadata/18-dn-container.db, exception :org.rocksdb.RocksDBException While appending to file: /home/runner/work/ozone/ozone/mnt/ozone/hadoop-ozone/integration-test/target/test-dir/MiniOzoneClusterImpl-a96259f6-ef4b-4787-b080-b71d8b5540dd/datanode-1/data-0/containers/hdds/a96259f6-ef4b-4787-b080-b71d8b5540dd/current/containerDir0/18/metadata/18-dn-container.db/000000.dbtmp: No space left on device; status : IOError(NoSpace); message : While appending to file: /home/runner/work/ozone/ozone/mnt/ozone/hadoop-ozone/integration-test/target/test-dir/MiniOzoneClusterImpl-a96259f6-ef4b-4787-b080-b71d8b5540dd/datanode-1/data-0/containers/hdds/a96259f6-ef4b-4787-b080-b71d8b5540dd/current/containerDir0/18/metadata/18-dn-container.db/000000.dbtmp: No space left on device
	at org.apache.hadoop.ozone.container.keyvalue.KeyValueContainer.create(KeyValueContainer.java:171)
	at org.apache.hadoop.ozone.container.keyvalue.KeyValueHandler.handleCreateContainer(KeyValueHandler.java:265)
	at org.apache.hadoop.ozone.container.keyvalue.KeyValueHandler.dispatchRequest(KeyValueHandler.java:182)
	at org.apache.hadoop.ozone.container.keyvalue.KeyValueHandler.handle(KeyValueHandler.java:170)
	at org.apache.hadoop.ozone.container.common.impl.HddsDispatcher.createContainer(HddsDispatcher.java:423)
	at org.apache.hadoop.ozone.container.common.impl.HddsDispatcher.dispatchRequest(HddsDispatcher.java:258)
	at org.apache.hadoop.ozone.container.common.impl.HddsDispatcher.lambda$dispatch$0(HddsDispatcher.java:169)
	at org.apache.hadoop.hdds.server.OzoneProtocolMessageDispatcher.processRequest(OzoneProtocolMessageDispatcher.java:87)
	at org.apache.hadoop.ozone.container.common.impl.HddsDispatcher.dispatch(HddsDispatcher.java:168)
	at org.apache.hadoop.ozone.container.common.transport.server.ratis.ContainerStateMachine.dispatchCommand(ContainerStateMachine.java:398)
	at org.apache.hadoop.ozone.container.common.transport.server.ratis.ContainerStateMachine.runCommand(ContainerStateMachine.java:408)
	at org.apache.hadoop.ozone.container.common.transport.server.ratis.ContainerStateMachine.lambda$handleWriteChunk$1(ContainerStateMachine.java:439)
	at java.util.concurrent.CompletableFuture$AsyncSupply.run(CompletableFuture.java:1604)
	at java.util.concurrent.ThreadPoolExecutor.runWorker(ThreadPoolExecutor.java:1149)
	at java.util.concurrent.ThreadPoolExecutor$Worker.run(ThreadPoolExecutor.java:624)
	at java.lang.Thread.run(Thread.java:748)
Caused by: java.io.IOException: Failed init RocksDB, db path : /home/runner/work/ozone/ozone/mnt/ozone/hadoop-ozone/integration-test/target/test-dir/MiniOzoneClusterImpl-a96259f6-ef4b-4787-b080-b71d8b5540dd/datanode-1/data-0/containers/hdds/a96259f6-ef4b-4787-b080-b71d8b5540dd/current/containerDir0/18/metadata/18-dn-container.db, exception :org.rocksdb.RocksDBException While appending to file: /home/runner/work/ozone/ozone/mnt/ozone/hadoop-ozone/integration-test/target/test-dir/MiniOzoneClusterImpl-a96259f6-ef4b-4787-b080-b71d8b5540dd/datanode-1/data-0/containers/hdds/a96259f6-ef4b-4787-b080-b71d8b5540dd/current/containerDir0/18/metadata/18-dn-container.db/000000.dbtmp: No space left on device; status : IOError(NoSpace); message : While appending to file: /home/runner/work/ozone/ozone/mnt/ozone/hadoop-ozone/integration-test/target/test-dir/MiniOzoneClusterImpl-a96259f6-ef4b-4787-b080-b71d8b5540dd/datanode-1/data-0/containers/hdds/a96259f6-ef4b-4787-b080-b71d8b5540dd/current/containerDir0/18/metadata/18-dn-container.db/000000.dbtmp: No space left on device
	at org.apache.hadoop.hdds.utils.HddsServerUtil.toIOException(HddsServerUtil.java:564)
	at org.apache.hadoop.hdds.utils.db.RDBStore.<init>(RDBStore.java:164)
	at org.apache.hadoop.hdds.utils.db.DBStoreBuilder.build(DBStoreBuilder.java:191)
	at org.apache.hadoop.ozone.container.metadata.AbstractDatanodeStore.start(AbstractDatanodeStore.java:118)
	at org.apache.hadoop.ozone.container.metadata.AbstractDatanodeStore.<init>(AbstractDatanodeStore.java:93)
	at org.apache.hadoop.ozone.container.metadata.DatanodeStoreSchemaTwoImpl.<init>(DatanodeStoreSchemaTwoImpl.java:48)
	at org.apache.hadoop.ozone.container.keyvalue.helpers.KeyValueContainerUtil.createContainerMetaData(KeyValueContainerUtil.java:112)
	at org.apache.hadoop.ozone.container.keyvalue.KeyValueContainer.create(KeyValueContainer.java:139)
	... 15 more
Caused by: org.rocksdb.RocksDBException: While appending to file: /home/runner/work/ozone/ozone/mnt/ozone/hadoop-ozone/integration-test/target/test-dir/MiniOzoneClusterImpl-a96259f6-ef4b-4787-b080-b71d8b5540dd/datanode-1/data-0/containers/hdds/a96259f6-ef4b-4787-b080-b71d8b5540dd/current/containerDir0/18/metadata/18-dn-container.db/000000.dbtmp: No space left on device
	at org.rocksdb.RocksDB.open(Native Method)
	at org.rocksdb.RocksDB.open(RocksDB.java:306)
	at org.apache.hadoop.hdds.utils.db.RDBStore.<init>(RDBStore.java:119)
	... 21 more
07:53:28.543 [ChunkWriter-0-0] ERROR DNAudit - user=null | ip=null | op=WRITE_CHUNK {blockData=conID: 18 locID: 107544261427200022 bcsId: 0} | ret=FAILURE
org.apache.hadoop.hdds.scm.container.common.helpers.StorageContainerException: ContainerID 18 creation failed
	at org.apache.hadoop.ozone.container.common.impl.HddsDispatcher.dispatchRequest(HddsDispatcher.java:262) ~[hdds-container-service-1.2.0-SNAPSHOT.jar:?]
	at org.apache.hadoop.ozone.container.common.impl.HddsDispatcher.lambda$dispatch$0(HddsDispatcher.java:169) ~[hdds-container-service-1.2.0-SNAPSHOT.jar:?]
	at org.apache.hadoop.hdds.server.OzoneProtocolMessageDispatcher.processRequest(OzoneProtocolMessageDispatcher.java:87) ~[hdds-server-framework-1.2.0-SNAPSHOT.jar:?]
	at org.apache.hadoop.ozone.container.common.impl.HddsDispatcher.dispatch(HddsDispatcher.java:168) ~[hdds-container-service-1.2.0-SNAPSHOT.jar:?]
	at org.apache.hadoop.ozone.container.common.transport.server.ratis.ContainerStateMachine.dispatchCommand(ContainerStateMachine.java:398) ~[hdds-container-service-1.2.0-SNAPSHOT.jar:?]
	at org.apache.hadoop.ozone.container.common.transport.server.ratis.ContainerStateMachine.runCommand(ContainerStateMachine.java:408) ~[hdds-container-service-1.2.0-SNAPSHOT.jar:?]
	at org.apache.hadoop.ozone.container.common.transport.server.ratis.ContainerStateMachine.lambda$handleWriteChunk$1(ContainerStateMachine.java:439) ~[hdds-container-service-1.2.0-SNAPSHOT.jar:?]
	at java.util.concurrent.CompletableFuture$AsyncSupply.run(CompletableFuture.java:1604) [?:1.8.0_292]
	at java.util.concurrent.ThreadPoolExecutor.runWorker(ThreadPoolExecutor.java:1149) [?:1.8.0_292]
	at java.util.concurrent.ThreadPoolExecutor$Worker.run(ThreadPoolExecutor.java:624) [?:1.8.0_292]
	at java.lang.Thread.run(Thread.java:748) [?:1.8.0_292]
2021-07-28 07:53:28,543 [ChunkWriter-0-0] INFO  keyvalue.KeyValueHandler (ContainerUtils.java:logAndReturnError(89)) - Operation: CreateContainer , Trace ID:  , Message: Container creation failed. Failed init RocksDB, db path : /home/runner/work/ozone/ozone/mnt/ozone/hadoop-ozone/integration-test/target/test-dir/MiniOzoneClusterImpl-a96259f6-ef4b-4787-b080-b71d8b5540dd/datanode-0/data-0/containers/hdds/a96259f6-ef4b-4787-b080-b71d8b5540dd/current/containerDir0/18/metadata/18-dn-container.db, exception :org.rocksdb.RocksDBException While appending to file: /home/runner/work/ozone/ozone/mnt/ozone/hadoop-ozone/integration-test/target/test-dir/MiniOzoneClusterImpl-a96259f6-ef4b-4787-b080-b71d8b5540dd/datanode-0/data-0/containers/hdds/a96259f6-ef4b-4787-b080-b71d8b5540dd/current/containerDir0/18/metadata/18-dn-container.db/000000.dbtmp: No space left on device; status : IOError(NoSpace); message : While appending to file: /home/runner/work/ozone/ozone/mnt/ozone/hadoop-ozone/integration-test/target/test-dir/MiniOzoneClusterImpl-a96259f6-ef4b-4787-b080-b71d8b5540dd/datanode-0/data-0/containers/hdds/a96259f6-ef4b-4787-b080-b71d8b5540dd/current/containerDir0/18/metadata/18-dn-container.db/000000.dbtmp: No space left on device , Result: CONTAINER_INTERNAL_ERROR , StorageContainerException Occurred.
org.apache.hadoop.hdds.scm.container.common.helpers.StorageContainerException: Container creation failed. Failed init RocksDB, db path : /home/runner/work/ozone/ozone/mnt/ozone/hadoop-ozone/integration-test/target/test-dir/MiniOzoneClusterImpl-a96259f6-ef4b-4787-b080-b71d8b5540dd/datanode-0/data-0/containers/hdds/a96259f6-ef4b-4787-b080-b71d8b5540dd/current/containerDir0/18/metadata/18-dn-container.db, exception :org.rocksdb.RocksDBException While appending to file: /home/runner/work/ozone/ozone/mnt/ozone/hadoop-ozone/integration-test/target/test-dir/MiniOzoneClusterImpl-a96259f6-ef4b-4787-b080-b71d8b5540dd/datanode-0/data-0/containers/hdds/a96259f6-ef4b-4787-b080-b71d8b5540dd/current/containerDir0/18/metadata/18-dn-container.db/000000.dbtmp: No space left on device; status : IOError(NoSpace); message : While appending to file: /home/runner/work/ozone/ozone/mnt/ozone/hadoop-ozone/integration-test/target/test-dir/MiniOzoneClusterImpl-a96259f6-ef4b-4787-b080-b71d8b5540dd/datanode-0/data-0/containers/hdds/a96259f6-ef4b-4787-b080-b71d8b5540dd/current/containerDir0/18/metadata/18-dn-container.db/000000.dbtmp: No space left on device
	at org.apache.hadoop.ozone.container.keyvalue.KeyValueContainer.create(KeyValueContainer.java:171)
	at org.apache.hadoop.ozone.container.keyvalue.KeyValueHandler.handleCreateContainer(KeyValueHandler.java:265)
	at org.apache.hadoop.ozone.container.keyvalue.KeyValueHandler.dispatchRequest(KeyValueHandler.java:182)
	at org.apache.hadoop.ozone.container.keyvalue.KeyValueHandler.handle(KeyValueHandler.java:170)
	at org.apache.hadoop.ozone.container.common.impl.HddsDispatcher.createContainer(HddsDispatcher.java:423)
	at org.apache.hadoop.ozone.container.common.impl.HddsDispatcher.dispatchRequest(HddsDispatcher.java:258)
	at org.apache.hadoop.ozone.container.common.impl.HddsDispatcher.lambda$dispatch$0(HddsDispatcher.java:169)
	at org.apache.hadoop.hdds.server.OzoneProtocolMessageDispatcher.processRequest(OzoneProtocolMessageDispatcher.java:87)
	at org.apache.hadoop.ozone.container.common.impl.HddsDispatcher.dispatch(HddsDispatcher.java:168)
	at org.apache.hadoop.ozone.container.common.transport.server.ratis.ContainerStateMachine.dispatchCommand(ContainerStateMachine.java:398)
	at org.apache.hadoop.ozone.container.common.transport.server.ratis.ContainerStateMachine.runCommand(ContainerStateMachine.java:408)
	at org.apache.hadoop.ozone.container.common.transport.server.ratis.ContainerStateMachine.lambda$handleWriteChunk$1(ContainerStateMachine.java:439)
	at java.util.concurrent.CompletableFuture$AsyncSupply.run(CompletableFuture.java:1604)
	at java.util.concurrent.ThreadPoolExecutor.runWorker(ThreadPoolExecutor.java:1149)
	at java.util.concurrent.ThreadPoolExecutor$Worker.run(ThreadPoolExecutor.java:624)
	at java.lang.Thread.run(Thread.java:748)
Caused by: java.io.IOException: Failed init RocksDB, db path : /home/runner/work/ozone/ozone/mnt/ozone/hadoop-ozone/integration-test/target/test-dir/MiniOzoneClusterImpl-a96259f6-ef4b-4787-b080-b71d8b5540dd/datanode-0/data-0/containers/hdds/a96259f6-ef4b-4787-b080-b71d8b5540dd/current/containerDir0/18/metadata/18-dn-container.db, exception :org.rocksdb.RocksDBException While appending to file: /home/runner/work/ozone/ozone/mnt/ozone/hadoop-ozone/integration-test/target/test-dir/MiniOzoneClusterImpl-a96259f6-ef4b-4787-b080-b71d8b5540dd/datanode-0/data-0/containers/hdds/a96259f6-ef4b-4787-b080-b71d8b5540dd/current/containerDir0/18/metadata/18-dn-container.db/000000.dbtmp: No space left on device; status : IOError(NoSpace); message : While appending to file: /home/runner/work/ozone/ozone/mnt/ozone/hadoop-ozone/integration-test/target/test-dir/MiniOzoneClusterImpl-a96259f6-ef4b-4787-b080-b71d8b5540dd/datanode-0/data-0/containers/hdds/a96259f6-ef4b-4787-b080-b71d8b5540dd/current/containerDir0/18/metadata/18-dn-container.db/000000.dbtmp: No space left on device
	at org.apache.hadoop.hdds.utils.HddsServerUtil.toIOException(HddsServerUtil.java:564)
	at org.apache.hadoop.hdds.utils.db.RDBStore.<init>(RDBStore.java:164)
	at org.apache.hadoop.hdds.utils.db.DBStoreBuilder.build(DBStoreBuilder.java:191)
	at org.apache.hadoop.ozone.container.metadata.AbstractDatanodeStore.start(AbstractDatanodeStore.java:118)
	at org.apache.hadoop.ozone.container.metadata.AbstractDatanodeStore.<init>(AbstractDatanodeStore.java:93)
	at org.apache.hadoop.ozone.container.metadata.DatanodeStoreSchemaTwoImpl.<init>(DatanodeStoreSchemaTwoImpl.java:48)
	at org.apache.hadoop.ozone.container.keyvalue.helpers.KeyValueContainerUtil.createContainerMetaData(KeyValueContainerUtil.java:112)
	at org.apache.hadoop.ozone.container.keyvalue.KeyValueContainer.create(KeyValueContainer.java:139)
	... 15 more
Caused by: org.rocksdb.RocksDBException: While appending to file: /home/runner/work/ozone/ozone/mnt/ozone/hadoop-ozone/integration-test/target/test-dir/MiniOzoneClusterImpl-a96259f6-ef4b-4787-b080-b71d8b5540dd/datanode-0/data-0/containers/hdds/a96259f6-ef4b-4787-b080-b71d8b5540dd/current/containerDir0/18/metadata/18-dn-container.db/000000.dbtmp: No space left on device
	at org.rocksdb.RocksDB.open(Native Method)
	at org.rocksdb.RocksDB.open(RocksDB.java:306)
	at org.apache.hadoop.hdds.utils.db.RDBStore.<init>(RDBStore.java:119)
	... 21 more
2021-07-28 07:53:28,542 [ChunkWriter-0-0] INFO  impl.HddsDispatcher (ContainerUtils.java:logAndReturnError(89)) - Operation: WriteChunk , Trace ID:  , Message: ContainerID 18 creation failed , Result: CONTAINER_INTERNAL_ERROR , StorageContainerException Occurred.
org.apache.hadoop.hdds.scm.container.common.helpers.StorageContainerException: ContainerID 18 creation failed
	at org.apache.hadoop.ozone.container.common.impl.HddsDispatcher.dispatchRequest(HddsDispatcher.java:262)
	at org.apache.hadoop.ozone.container.common.impl.HddsDispatcher.lambda$dispatch$0(HddsDispatcher.java:169)
	at org.apache.hadoop.hdds.server.OzoneProtocolMessageDispatcher.processRequest(OzoneProtocolMessageDispatcher.java:87)
	at org.apache.hadoop.ozone.container.common.impl.HddsDispatcher.dispatch(HddsDispatcher.java:168)
	at org.apache.hadoop.ozone.container.common.transport.server.ratis.ContainerStateMachine.dispatchCommand(ContainerStateMachine.java:398)
	at org.apache.hadoop.ozone.container.common.transport.server.ratis.ContainerStateMachine.runCommand(ContainerStateMachine.java:408)
	at org.apache.hadoop.ozone.container.common.transport.server.ratis.ContainerStateMachine.lambda$handleWriteChunk$1(ContainerStateMachine.java:439)
	at java.util.concurrent.CompletableFuture$AsyncSupply.run(CompletableFuture.java:1604)
	at java.util.concurrent.ThreadPoolExecutor.runWorker(ThreadPoolExecutor.java:1149)
	at java.util.concurrent.ThreadPoolExecutor$Worker.run(ThreadPoolExecutor.java:624)
	at java.lang.Thread.run(Thread.java:748)
07:53:28.550 [ChunkWriter-0-0] ERROR DNAudit - user=null | ip=null | op=WRITE_CHUNK {blockData=conID: 18 locID: 107544261427200022 bcsId: 0} | ret=FAILURE
org.apache.hadoop.hdds.scm.container.common.helpers.StorageContainerException: ContainerID 18 creation failed
	at org.apache.hadoop.ozone.container.common.impl.HddsDispatcher.dispatchRequest(HddsDispatcher.java:262) ~[hdds-container-service-1.2.0-SNAPSHOT.jar:?]
	at org.apache.hadoop.ozone.container.common.impl.HddsDispatcher.lambda$dispatch$0(HddsDispatcher.java:169) ~[hdds-container-service-1.2.0-SNAPSHOT.jar:?]
	at org.apache.hadoop.hdds.server.OzoneProtocolMessageDispatcher.processRequest(OzoneProtocolMessageDispatcher.java:87) ~[hdds-server-framework-1.2.0-SNAPSHOT.jar:?]
	at org.apache.hadoop.ozone.container.common.impl.HddsDispatcher.dispatch(HddsDispatcher.java:168) ~[hdds-container-service-1.2.0-SNAPSHOT.jar:?]
	at org.apache.hadoop.ozone.container.common.transport.server.ratis.ContainerStateMachine.dispatchCommand(ContainerStateMachine.java:398) ~[hdds-container-service-1.2.0-SNAPSHOT.jar:?]
	at org.apache.hadoop.ozone.container.common.transport.server.ratis.ContainerStateMachine.runCommand(ContainerStateMachine.java:408) ~[hdds-container-service-1.2.0-SNAPSHOT.jar:?]
	at org.apache.hadoop.ozone.container.common.transport.server.ratis.ContainerStateMachine.lambda$handleWriteChunk$1(ContainerStateMachine.java:439) ~[hdds-container-service-1.2.0-SNAPSHOT.jar:?]
	at java.util.concurrent.CompletableFuture$AsyncSupply.run(CompletableFuture.java:1604) [?:1.8.0_292]
	at java.util.concurrent.ThreadPoolExecutor.runWorker(ThreadPoolExecutor.java:1149) [?:1.8.0_292]
	at java.util.concurrent.ThreadPoolExecutor$Worker.run(ThreadPoolExecutor.java:624) [?:1.8.0_292]
	at java.lang.Thread.run(Thread.java:748) [?:1.8.0_292]
2021-07-28 07:53:28,550 [ChunkWriter-0-0] INFO  impl.HddsDispatcher (ContainerUtils.java:logAndReturnError(89)) - Operation: WriteChunk , Trace ID:  , Message: ContainerID 18 creation failed , Result: CONTAINER_INTERNAL_ERROR , StorageContainerException Occurred.
org.apache.hadoop.hdds.scm.container.common.helpers.StorageContainerException: ContainerID 18 creation failed
	at org.apache.hadoop.ozone.container.common.impl.HddsDispatcher.dispatchRequest(HddsDispatcher.java:262)
	at org.apache.hadoop.ozone.container.common.impl.HddsDispatcher.lambda$dispatch$0(HddsDispatcher.java:169)
	at org.apache.hadoop.hdds.server.OzoneProtocolMessageDispatcher.processRequest(OzoneProtocolMessageDispatcher.java:87)
	at org.apache.hadoop.ozone.container.common.impl.HddsDispatcher.dispatch(HddsDispatcher.java:168)
	at org.apache.hadoop.ozone.container.common.transport.server.ratis.ContainerStateMachine.dispatchCommand(ContainerStateMachine.java:398)
	at org.apache.hadoop.ozone.container.common.transport.server.ratis.ContainerStateMachine.runCommand(ContainerStateMachine.java:408)
	at org.apache.hadoop.ozone.container.common.transport.server.ratis.ContainerStateMachine.lambda$handleWriteChunk$1(ContainerStateMachine.java:439)
	at java.util.concurrent.CompletableFuture$AsyncSupply.run(CompletableFuture.java:1604)
	at java.util.concurrent.ThreadPoolExecutor.runWorker(ThreadPoolExecutor.java:1149)
	at java.util.concurrent.ThreadPoolExecutor$Worker.run(ThreadPoolExecutor.java:624)
	at java.lang.Thread.run(Thread.java:748)
2021-07-28 07:53:28,550 [ChunkWriter-0-0] ERROR ratis.ContainerStateMachine (ContainerStateMachine.java:lambda$handleWriteChunk$2(467)) - group-5534220F2E08: writeChunk writeStateMachineData failed: blockIdcontainerID: 18
localID: 107544261427200022
blockCommitSequenceId: 0
 logIndex 85 chunkName 107544261427200022_chunk_1 Error message: ContainerID 18 creation failed Container Result: CONTAINER_INTERNAL_ERROR
2021-07-28 07:53:28,551 [ChunkWriter-0-0] ERROR ratis.ContainerStateMachine (ContainerStateMachine.java:lambda$handleWriteChunk$2(467)) - group-5534220F2E08: writeChunk writeStateMachineData failed: blockIdcontainerID: 18
localID: 107544261427200022
blockCommitSequenceId: 0
 logIndex 85 chunkName 107544261427200022_chunk_1 Error message: ContainerID 18 creation failed Container Result: CONTAINER_INTERNAL_ERROR
2021-07-28 07:53:28,543 [ChunkWriter-0-0] INFO  impl.HddsDispatcher (ContainerUtils.java:logAndReturnError(89)) - Operation: WriteChunk , Trace ID:  , Message: ContainerID 18 creation failed , Result: CONTAINER_INTERNAL_ERROR , StorageContainerException Occurred.
org.apache.hadoop.hdds.scm.container.common.helpers.StorageContainerException: ContainerID 18 creation failed
	at org.apache.hadoop.ozone.container.common.impl.HddsDispatcher.dispatchRequest(HddsDispatcher.java:262)
	at org.apache.hadoop.ozone.container.common.impl.HddsDispatcher.lambda$dispatch$0(HddsDispatcher.java:169)
	at org.apache.hadoop.hdds.server.OzoneProtocolMessageDispatcher.processRequest(OzoneProtocolMessageDispatcher.java:87)
	at org.apache.hadoop.ozone.container.common.impl.HddsDispatcher.dispatch(HddsDispatcher.java:168)
	at org.apache.hadoop.ozone.container.common.transport.server.ratis.ContainerStateMachine.dispatchCommand(ContainerStateMachine.java:398)
	at org.apache.hadoop.ozone.container.common.transport.server.ratis.ContainerStateMachine.runCommand(ContainerStateMachine.java:408)
	at org.apache.hadoop.ozone.container.common.transport.server.ratis.ContainerStateMachine.lambda$handleWriteChunk$1(ContainerStateMachine.java:439)
	at java.util.concurrent.CompletableFuture$AsyncSupply.run(CompletableFuture.java:1604)
	at java.util.concurrent.ThreadPoolExecutor.runWorker(ThreadPoolExecutor.java:1149)
	at java.util.concurrent.ThreadPoolExecutor$Worker.run(ThreadPoolExecutor.java:624)
	at java.lang.Thread.run(Thread.java:748)
2021-07-28 07:53:28,557 [467b1147-9af8-4a8a-b385-ab64be7d3190@group-5534220F2E08-SegmentedRaftLogWorker] ERROR ratis.XceiverServerRatis (XceiverServerRatis.java:triggerPipelineClose(672)) - pipeline Action CLOSE on pipeline PipelineID=b0d954c6-bd2b-459d-977f-5534220f2e08.Reason : ContainerID 18 creation failed
2021-07-28 07:53:28,557 [ChunkWriter-0-0] ERROR ratis.ContainerStateMachine (ContainerStateMachine.java:lambda$handleWriteChunk$2(467)) - group-5534220F2E08: writeChunk writeStateMachineData failed: blockIdcontainerID: 18
localID: 107544261427200022
blockCommitSequenceId: 0
 logIndex 85 chunkName 107544261427200022_chunk_1 Error message: ContainerID 18 creation failed Container Result: CONTAINER_INTERNAL_ERROR
2021-07-28 07:53:28,554 [ChunkWriter-0-0] INFO  keyvalue.KeyValueHandler (ContainerUtils.java:logAndReturnError(89)) - Operation: CreateContainer , Trace ID:  , Message: Container creation failed. Failed init RocksDB, db path : /home/runner/work/ozone/ozone/mnt/ozone/hadoop-ozone/integration-test/target/test-dir/MiniOzoneClusterImpl-a96259f6-ef4b-4787-b080-b71d8b5540dd/datanode-0/data-0/containers/hdds/a96259f6-ef4b-4787-b080-b71d8b5540dd/current/containerDir0/18/metadata/18-dn-container.db, exception :org.rocksdb.RocksDBException While mkdir if missing: /home/runner/work/ozone/ozone/mnt/ozone/hadoop-ozone/integration-test/target/test-dir/MiniOzoneClusterImpl-a96259f6-ef4b-4787-b080-b71d8b5540dd/datanode-0/data-0/containers/hdds/a96259f6-ef4b-4787-b080-b71d8b5540dd/current/containerDir0/18/metadata/18-dn-container.db: No space left on device; status : IOError(NoSpace); message : While mkdir if missing: /home/runner/work/ozone/ozone/mnt/ozone/hadoop-ozone/integration-test/target/test-dir/MiniOzoneClusterImpl-a96259f6-ef4b-4787-b080-b71d8b5540dd/datanode-0/data-0/containers/hdds/a96259f6-ef4b-4787-b080-b71d8b5540dd/current/containerDir0/18/metadata/18-dn-container.db: No space left on device , Result: CONTAINER_INTERNAL_ERROR , StorageContainerException Occurred.
org.apache.hadoop.hdds.scm.container.common.helpers.StorageContainerException: Container creation failed. Failed init RocksDB, db path : /home/runner/work/ozone/ozone/mnt/ozone/hadoop-ozone/integration-test/target/test-dir/MiniOzoneClusterImpl-a96259f6-ef4b-4787-b080-b71d8b5540dd/datanode-0/data-0/containers/hdds/a96259f6-ef4b-4787-b080-b71d8b5540dd/current/containerDir0/18/metadata/18-dn-container.db, exception :org.rocksdb.RocksDBException While mkdir if missing: /home/runner/work/ozone/ozone/mnt/ozone/hadoop-ozone/integration-test/target/test-dir/MiniOzoneClusterImpl-a96259f6-ef4b-4787-b080-b71d8b5540dd/datanode-0/data-0/containers/hdds/a96259f6-ef4b-4787-b080-b71d8b5540dd/current/containerDir0/18/metadata/18-dn-container.db: No space left on device; status : IOError(NoSpace); message : While mkdir if missing: /home/runner/work/ozone/ozone/mnt/ozone/hadoop-ozone/integration-test/target/test-dir/MiniOzoneClusterImpl-a96259f6-ef4b-4787-b080-b71d8b5540dd/datanode-0/data-0/containers/hdds/a96259f6-ef4b-4787-b080-b71d8b5540dd/current/containerDir0/18/metadata/18-dn-container.db: No space left on device
	at org.apache.hadoop.ozone.container.keyvalue.KeyValueContainer.create(KeyValueContainer.java:171)
	at org.apache.hadoop.ozone.container.keyvalue.KeyValueHandler.handleCreateContainer(KeyValueHandler.java:265)
	at org.apache.hadoop.ozone.container.keyvalue.KeyValueHandler.dispatchRequest(KeyValueHandler.java:182)
	at org.apache.hadoop.ozone.container.keyvalue.KeyValueHandler.handle(KeyValueHandler.java:170)
	at org.apache.hadoop.ozone.container.common.impl.HddsDispatcher.createContainer(HddsDispatcher.java:423)
	at org.apache.hadoop.ozone.container.common.impl.HddsDispatcher.dispatchRequest(HddsDispatcher.java:258)
	at org.apache.hadoop.ozone.container.common.impl.HddsDispatcher.lambda$dispatch$0(HddsDispatcher.java:169)
	at org.apache.hadoop.hdds.server.OzoneProtocolMessageDispatcher.processRequest(OzoneProtocolMessageDispatcher.java:87)
	at org.apache.hadoop.ozone.container.common.impl.HddsDispatcher.dispatch(HddsDispatcher.java:168)
	at org.apache.hadoop.ozone.container.common.transport.server.ratis.ContainerStateMachine.dispatchCommand(ContainerStateMachine.java:398)
	at org.apache.hadoop.ozone.container.common.transport.server.ratis.ContainerStateMachine.runCommand(ContainerStateMachine.java:408)
	at org.apache.hadoop.ozone.container.common.transport.server.ratis.ContainerStateMachine.lambda$handleWriteChunk$1(ContainerStateMachine.java:439)
	at java.util.concurrent.CompletableFuture$AsyncSupply.run(CompletableFuture.java:1604)
	at java.util.concurrent.ThreadPoolExecutor.runWorker(ThreadPoolExecutor.java:1149)
	at java.util.concurrent.ThreadPoolExecutor$Worker.run(ThreadPoolExecutor.java:624)
	at java.lang.Thread.run(Thread.java:748)
Caused by: java.io.IOException: Failed init RocksDB, db path : /home/runner/work/ozone/ozone/mnt/ozone/hadoop-ozone/integration-test/target/test-dir/MiniOzoneClusterImpl-a96259f6-ef4b-4787-b080-b71d8b5540dd/datanode-0/data-0/containers/hdds/a96259f6-ef4b-4787-b080-b71d8b5540dd/current/containerDir0/18/metadata/18-dn-container.db, exception :org.rocksdb.RocksDBException While mkdir if missing: /home/runner/work/ozone/ozone/mnt/ozone/hadoop-ozone/integration-test/target/test-dir/MiniOzoneClusterImpl-a96259f6-ef4b-4787-b080-b71d8b5540dd/datanode-0/data-0/containers/hdds/a96259f6-ef4b-4787-b080-b71d8b5540dd/current/containerDir0/18/metadata/18-dn-container.db: No space left on device; status : IOError(NoSpace); message : While mkdir if missing: /home/runner/work/ozone/ozone/mnt/ozone/hadoop-ozone/integration-test/target/test-dir/MiniOzoneClusterImpl-a96259f6-ef4b-4787-b080-b71d8b5540dd/datanode-0/data-0/containers/hdds/a96259f6-ef4b-4787-b080-b71d8b5540dd/current/containerDir0/18/metadata/18-dn-container.db: No space left on device
	at org.apache.hadoop.hdds.utils.HddsServerUtil.toIOException(HddsServerUtil.java:564)
	at org.apache.hadoop.hdds.utils.db.RDBStore.<init>(RDBStore.java:164)
	at org.apache.hadoop.hdds.utils.db.DBStoreBuilder.build(DBStoreBuilder.java:191)
	at org.apache.hadoop.ozone.container.metadata.AbstractDatanodeStore.start(AbstractDatanodeStore.java:118)
	at org.apache.hadoop.ozone.container.metadata.AbstractDatanodeStore.<init>(AbstractDatanodeStore.java:93)
	at org.apache.hadoop.ozone.container.metadata.DatanodeStoreSchemaTwoImpl.<init>(DatanodeStoreSchemaTwoImpl.java:48)
	at org.apache.hadoop.ozone.container.keyvalue.helpers.KeyValueContainerUtil.createContainerMetaData(KeyValueContainerUtil.java:112)
	at org.apache.hadoop.ozone.container.keyvalue.KeyValueContainer.create(KeyValueContainer.java:139)
	... 15 more
Caused by: org.rocksdb.RocksDBException: While mkdir if missing: /home/runner/work/ozone/ozone/mnt/ozone/hadoop-ozone/integration-test/target/test-dir/MiniOzoneClusterImpl-a96259f6-ef4b-4787-b080-b71d8b5540dd/datanode-0/data-0/containers/hdds/a96259f6-ef4b-4787-b080-b71d8b5540dd/current/containerDir0/18/metadata/18-dn-container.db: No space left on device
	at org.rocksdb.RocksDB.open(Native Method)
	at org.rocksdb.RocksDB.open(RocksDB.java:306)
	at org.apache.hadoop.hdds.utils.db.RDBStore.<init>(RDBStore.java:119)
	... 21 more
07:53:28.557 [ChunkWriter-0-0] ERROR DNAudit - user=null | ip=null | op=WRITE_CHUNK {blockData=conID: 18 locID: 107544261427200022 bcsId: 0} | ret=FAILURE
org.apache.hadoop.hdds.scm.container.common.helpers.StorageContainerException: ContainerID 18 creation failed
	at org.apache.hadoop.ozone.container.common.impl.HddsDispatcher.dispatchRequest(HddsDispatcher.java:262) ~[hdds-container-service-1.2.0-SNAPSHOT.jar:?]
	at org.apache.hadoop.ozone.container.common.impl.HddsDispatcher.lambda$dispatch$0(HddsDispatcher.java:169) ~[hdds-container-service-1.2.0-SNAPSHOT.jar:?]
	at org.apache.hadoop.hdds.server.OzoneProtocolMessageDispatcher.processRequest(OzoneProtocolMessageDispatcher.java:87) ~[hdds-server-framework-1.2.0-SNAPSHOT.jar:?]
	at org.apache.hadoop.ozone.container.common.impl.HddsDispatcher.dispatch(HddsDispatcher.java:168) ~[hdds-container-service-1.2.0-SNAPSHOT.jar:?]
	at org.apache.hadoop.ozone.container.common.transport.server.ratis.ContainerStateMachine.dispatchCommand(ContainerStateMachine.java:398) ~[hdds-container-service-1.2.0-SNAPSHOT.jar:?]
	at org.apache.hadoop.ozone.container.common.transport.server.ratis.ContainerStateMachine.runCommand(ContainerStateMachine.java:408) ~[hdds-container-service-1.2.0-SNAPSHOT.jar:?]
	at org.apache.hadoop.ozone.container.common.transport.server.ratis.ContainerStateMachine.lambda$handleWriteChunk$1(ContainerStateMachine.java:439) ~[hdds-container-service-1.2.0-SNAPSHOT.jar:?]
	at java.util.concurrent.CompletableFuture$AsyncSupply.run(CompletableFuture.java:1604) [?:1.8.0_292]
	at java.util.concurrent.ThreadPoolExecutor.runWorker(ThreadPoolExecutor.java:1149) [?:1.8.0_292]
	at java.util.concurrent.ThreadPoolExecutor$Worker.run(ThreadPoolExecutor.java:624) [?:1.8.0_292]
	at java.lang.Thread.run(Thread.java:748) [?:1.8.0_292]
2021-07-28 07:53:28,558 [Datanode State Machine Thread - 0] WARN  statemachine.StateContext (StateContext.java:execute(621)) - No available thread in pool for past 1 seconds.
2021-07-28 07:53:28,558 [Datanode State Machine Thread - 0] WARN  statemachine.StateContext (StateContext.java:execute(621)) - No available thread in pool for past 1 seconds.
2021-07-28 07:53:28,559 [ChunkWriter-0-0] ERROR helpers.KeyValueContainerUtil (KeyValueContainerUtil.java:createContainerMetaData(90)) - Unable to create directory for metadata storage. Path: /home/runner/work/ozone/ozone/mnt/ozone/hadoop-ozone/integration-test/target/test-dir/MiniOzoneClusterImpl-a96259f6-ef4b-4787-b080-b71d8b5540dd/datanode-1/data-0/containers/hdds/a96259f6-ef4b-4787-b080-b71d8b5540dd/current/containerDir0/18/metadata
2021-07-28 07:53:28,557 [fb2badcd-980e-47d5-8637-c5d5f1096a93@group-5534220F2E08-SegmentedRaftLogWorker] ERROR ratis.XceiverServerRatis (XceiverServerRatis.java:triggerPipelineClose(672)) - pipeline Action CLOSE on pipeline PipelineID=b0d954c6-bd2b-459d-977f-5534220f2e08.Reason : ContainerID 18 creation failed
2021-07-28 07:53:28,560 [ChunkWriter-0-0] INFO  keyvalue.KeyValueHandler (ContainerUtils.java:logAndReturnError(89)) - Operation: CreateContainer , Trace ID:  , Message: Container creation failed. Unable to create directory for metadata storage. Path: /home/runner/work/ozone/ozone/mnt/ozone/hadoop-ozone/integration-test/target/test-dir/MiniOzoneClusterImpl-a96259f6-ef4b-4787-b080-b71d8b5540dd/datanode-1/data-0/containers/hdds/a96259f6-ef4b-4787-b080-b71d8b5540dd/current/containerDir0/18/metadata , Result: CONTAINER_INTERNAL_ERROR , StorageContainerException Occurred.
org.apache.hadoop.hdds.scm.container.common.helpers.StorageContainerException: Container creation failed. Unable to create directory for metadata storage. Path: /home/runner/work/ozone/ozone/mnt/ozone/hadoop-ozone/integration-test/target/test-dir/MiniOzoneClusterImpl-a96259f6-ef4b-4787-b080-b71d8b5540dd/datanode-1/data-0/containers/hdds/a96259f6-ef4b-4787-b080-b71d8b5540dd/current/containerDir0/18/metadata
	at org.apache.hadoop.ozone.container.keyvalue.KeyValueContainer.create(KeyValueContainer.java:171)
	at org.apache.hadoop.ozone.container.keyvalue.KeyValueHandler.handleCreateContainer(KeyValueHandler.java:265)
	at org.apache.hadoop.ozone.container.keyvalue.KeyValueHandler.dispatchRequest(KeyValueHandler.java:182)
	at org.apache.hadoop.ozone.container.keyvalue.KeyValueHandler.handle(KeyValueHandler.java:170)
	at org.apache.hadoop.ozone.container.common.impl.HddsDispatcher.createContainer(HddsDispatcher.java:423)
	at org.apache.hadoop.ozone.container.common.impl.HddsDispatcher.dispatchRequest(HddsDispatcher.java:258)
	at org.apache.hadoop.ozone.container.common.impl.HddsDispatcher.lambda$dispatch$0(HddsDispatcher.java:169)
	at org.apache.hadoop.hdds.server.OzoneProtocolMessageDispatcher.processRequest(OzoneProtocolMessageDispatcher.java:87)
	at org.apache.hadoop.ozone.container.common.impl.HddsDispatcher.dispatch(HddsDispatcher.java:168)
	at org.apache.hadoop.ozone.container.common.transport.server.ratis.ContainerStateMachine.dispatchCommand(ContainerStateMachine.java:398)
	at org.apache.hadoop.ozone.container.common.transport.server.ratis.ContainerStateMachine.runCommand(ContainerStateMachine.java:408)
	at org.apache.hadoop.ozone.container.common.transport.server.ratis.ContainerStateMachine.lambda$handleWriteChunk$1(ContainerStateMachine.java:439)
	at java.util.concurrent.CompletableFuture$AsyncSupply.run(CompletableFuture.java:1604)
	at java.util.concurrent.ThreadPoolExecutor.runWorker(ThreadPoolExecutor.java:1149)
	at java.util.concurrent.ThreadPoolExecutor$Worker.run(ThreadPoolExecutor.java:624)
	at java.lang.Thread.run(Thread.java:748)
Caused by: java.io.IOException: Unable to create directory for metadata storage. Path: /home/runner/work/ozone/ozone/mnt/ozone/hadoop-ozone/integration-test/target/test-dir/MiniOzoneClusterImpl-a96259f6-ef4b-4787-b080-b71d8b5540dd/datanode-1/data-0/containers/hdds/a96259f6-ef4b-4787-b080-b71d8b5540dd/current/containerDir0/18/metadata
	at org.apache.hadoop.ozone.container.keyvalue.helpers.KeyValueContainerUtil.createContainerMetaData(KeyValueContainerUtil.java:92)
	at org.apache.hadoop.ozone.container.keyvalue.KeyValueContainer.create(KeyValueContainer.java:139)
	... 15 more
2021-07-28 07:53:28,557 [467b1147-9af8-4a8a-b385-ab64be7d3190@group-5534220F2E08-SegmentedRaftLogWorker] ERROR ratis.XceiverServerRatis (XceiverServerRatis.java:triggerPipelineClose(672)) - pipeline Action CLOSE on pipeline PipelineID=b0d954c6-bd2b-459d-977f-5534220f2e08.Reason : Log already failed at index 85 for task WriteLog:85: (t:2, i:85), STATEMACHINELOGENTRY, cmdType: WriteChunk traceID: "" containerID: 18 datanodeUuid: "a674a599-5d53-42a4-bc46-5fa1ee6b6120" pipelineID: "b0d954c6-bd2b-459d-977f-5534220f2e08" writeChunk { blockID { containerID: 18 localID: 107544261427200022 blockCommitSequenceId: 0 } chunkData { chunkName: "107544261427200022_chunk_1" offset: 0 len: 1048576 checksumData { type: NONE bytesPerChecksum: 1048576 } } }, container path=nonexistent
07:53:28.571 [ChunkWriter-0-0] ERROR DNAudit - user=null | ip=null | op=WRITE_CHUNK {blockData=conID: 18 locID: 107544261427200022 bcsId: 0} | ret=FAILURE
org.apache.hadoop.hdds.scm.container.common.helpers.StorageContainerException: ContainerID 18 creation failed
	at org.apache.hadoop.ozone.container.common.impl.HddsDispatcher.dispatchRequest(HddsDispatcher.java:262) ~[hdds-container-service-1.2.0-SNAPSHOT.jar:?]
	at org.apache.hadoop.ozone.container.common.impl.HddsDispatcher.lambda$dispatch$0(HddsDispatcher.java:169) ~[hdds-container-service-1.2.0-SNAPSHOT.jar:?]
	at org.apache.hadoop.hdds.server.OzoneProtocolMessageDispatcher.processRequest(OzoneProtocolMessageDispatcher.java:87) ~[hdds-server-framework-1.2.0-SNAPSHOT.jar:?]
	at org.apache.hadoop.ozone.container.common.impl.HddsDispatcher.dispatch(HddsDispatcher.java:168) ~[hdds-container-service-1.2.0-SNAPSHOT.jar:?]
	at org.apache.hadoop.ozone.container.common.transport.server.ratis.ContainerStateMachine.dispatchCommand(ContainerStateMachine.java:398) ~[hdds-container-service-1.2.0-SNAPSHOT.jar:?]
	at org.apache.hadoop.ozone.container.common.transport.server.ratis.ContainerStateMachine.runCommand(ContainerStateMachine.java:408) ~[hdds-container-service-1.2.0-SNAPSHOT.jar:?]
	at org.apache.hadoop.ozone.container.common.transport.server.ratis.ContainerStateMachine.lambda$handleWriteChunk$1(ContainerStateMachine.java:439) ~[hdds-container-service-1.2.0-SNAPSHOT.jar:?]
	at java.util.concurrent.CompletableFuture$AsyncSupply.run(CompletableFuture.java:1604) [?:1.8.0_292]
	at java.util.concurrent.ThreadPoolExecutor.runWorker(ThreadPoolExecutor.java:1149) [?:1.8.0_292]
	at java.util.concurrent.ThreadPoolExecutor$Worker.run(ThreadPoolExecutor.java:624) [?:1.8.0_292]
	at java.lang.Thread.run(Thread.java:748) [?:1.8.0_292]
2021-07-28 07:53:28,571 [467b1147-9af8-4a8a-b385-ab64be7d3190@group-5534220F2E08-SegmentedRaftLogWorker] ERROR ratis.XceiverServerRatis (XceiverServerRatis.java:triggerPipelineClose(672)) - pipeline Action CLOSE on pipeline PipelineID=b0d954c6-bd2b-459d-977f-5534220f2e08.Reason : Log already failed at index 85 for task WriteLog:85: (t:2, i:85), STATEMACHINELOGENTRY, cmdType: WriteChunk traceID: "" containerID: 18 datanodeUuid: "a674a599-5d53-42a4-bc46-5fa1ee6b6120" pipelineID: "b0d954c6-bd2b-459d-977f-5534220f2e08" writeChunk { blockID { containerID: 18 localID: 107544261427200022 blockCommitSequenceId: 0 } chunkData { chunkName: "107544261427200022_chunk_1" offset: 0 len: 1048576 checksumData { type: NONE bytesPerChecksum: 1048576 } } }, container path=nonexistent
2021-07-28 07:53:28,571 [467b1147-9af8-4a8a-b385-ab64be7d3190@group-5534220F2E08-SegmentedRaftLogWorker] ERROR ratis.XceiverServerRatis (XceiverServerRatis.java:triggerPipelineClose(672)) - pipeline Action CLOSE on pipeline PipelineID=b0d954c6-bd2b-459d-977f-5534220f2e08.Reason : Log already failed at index 85 for task WriteLog:85: (t:2, i:85), STATEMACHINELOGENTRY, cmdType: WriteChunk traceID: "" containerID: 18 datanodeUuid: "a674a599-5d53-42a4-bc46-5fa1ee6b6120" pipelineID: "b0d954c6-bd2b-459d-977f-5534220f2e08" writeChunk { blockID { containerID: 18 localID: 107544261427200022 blockCommitSequenceId: 0 } chunkData { chunkName: "107544261427200022_chunk_1" offset: 0 len: 1048576 checksumData { type: NONE bytesPerChecksum: 1048576 } } }, container path=nonexistent
2021-07-28 07:53:28,571 [Datanode State Machine Thread - 0] WARN  statemachine.StateContext (StateContext.java:execute(621)) - No available thread in pool for past 1 seconds.
2021-07-28 07:53:28,571 [a674a599-5d53-42a4-bc46-5fa1ee6b6120@group-5534220F2E08-SegmentedRaftLogWorker] ERROR ratis.XceiverServerRatis (XceiverServerRatis.java:triggerPipelineClose(672)) - pipeline Action CLOSE on pipeline PipelineID=b0d954c6-bd2b-459d-977f-5534220f2e08.Reason : ContainerID 18 creation failed
2021-07-28 07:53:28,566 [ChunkWriter-0-0] INFO  keyvalue.KeyValueHandler (ContainerUtils.java:logAndReturnError(89)) - Operation: CreateContainer , Trace ID:  , Message: Container creation failed. Failed init RocksDB, db path : /home/runner/work/ozone/ozone/mnt/ozone/hadoop-ozone/integration-test/target/test-dir/MiniOzoneClusterImpl-a96259f6-ef4b-4787-b080-b71d8b5540dd/datanode-2/data-0/containers/hdds/a96259f6-ef4b-4787-b080-b71d8b5540dd/current/containerDir0/18/metadata/18-dn-container.db, exception :org.rocksdb.RocksDBException While appending to file: /home/runner/work/ozone/ozone/mnt/ozone/hadoop-ozone/integration-test/target/test-dir/MiniOzoneClusterImpl-a96259f6-ef4b-4787-b080-b71d8b5540dd/datanode-2/data-0/containers/hdds/a96259f6-ef4b-4787-b080-b71d8b5540dd/current/containerDir0/18/metadata/18-dn-container.db/MANIFEST-000004: No space left on device; status : IOError(NoSpace); message : While appending to file: /home/runner/work/ozone/ozone/mnt/ozone/hadoop-ozone/integration-test/target/test-dir/MiniOzoneClusterImpl-a96259f6-ef4b-4787-b080-b71d8b5540dd/datanode-2/data-0/containers/hdds/a96259f6-ef4b-4787-b080-b71d8b5540dd/current/containerDir0/18/metadata/18-dn-container.db/MANIFEST-000004: No space left on device , Result: CONTAINER_INTERNAL_ERROR , StorageContainerException Occurred.
org.apache.hadoop.hdds.scm.container.common.helpers.StorageContainerException: Container creation failed. Failed init RocksDB, db path : /home/runner/work/ozone/ozone/mnt/ozone/hadoop-ozone/integration-test/target/test-dir/MiniOzoneClusterImpl-a96259f6-ef4b-4787-b080-b71d8b5540dd/datanode-2/data-0/containers/hdds/a96259f6-ef4b-4787-b080-b71d8b5540dd/current/containerDir0/18/metadata/18-dn-container.db, exception :org.rocksdb.RocksDBException While appending to file: /home/runner/work/ozone/ozone/mnt/ozone/hadoop-ozone/integration-test/target/test-dir/MiniOzoneClusterImpl-a96259f6-ef4b-4787-b080-b71d8b5540dd/datanode-2/data-0/containers/hdds/a96259f6-ef4b-4787-b080-b71d8b5540dd/current/containerDir0/18/metadata/18-dn-container.db/MANIFEST-000004: No space left on device; status : IOError(NoSpace); message : While appending to file: /home/runner/work/ozone/ozone/mnt/ozone/hadoop-ozone/integration-test/target/test-dir/MiniOzoneClusterImpl-a96259f6-ef4b-4787-b080-b71d8b5540dd/datanode-2/data-0/containers/hdds/a96259f6-ef4b-4787-b080-b71d8b5540dd/current/containerDir0/18/metadata/18-dn-container.db/MANIFEST-000004: No space left on device
	at org.apache.hadoop.ozone.container.keyvalue.KeyValueContainer.create(KeyValueContainer.java:171)
	at org.apache.hadoop.ozone.container.keyvalue.KeyValueHandler.handleCreateContainer(KeyValueHandler.java:265)
	at org.apache.hadoop.ozone.container.keyvalue.KeyValueHandler.dispatchRequest(KeyValueHandler.java:182)
	at org.apache.hadoop.ozone.container.keyvalue.KeyValueHandler.handle(KeyValueHandler.java:170)
	at org.apache.hadoop.ozone.container.common.impl.HddsDispatcher.createContainer(HddsDispatcher.java:423)
	at org.apache.hadoop.ozone.container.common.impl.HddsDispatcher.dispatchRequest(HddsDispatcher.java:258)
	at org.apache.hadoop.ozone.container.common.impl.HddsDispatcher.lambda$dispatch$0(HddsDispatcher.java:169)
	at org.apache.hadoop.hdds.server.OzoneProtocolMessageDispatcher.processRequest(OzoneProtocolMessageDispatcher.java:87)
	at org.apache.hadoop.ozone.container.common.impl.HddsDispatcher.dispatch(HddsDispatcher.java:168)
	at org.apache.hadoop.ozone.container.common.transport.server.ratis.ContainerStateMachine.dispatchCommand(ContainerStateMachine.java:398)
	at org.apache.hadoop.ozone.container.common.transport.server.ratis.ContainerStateMachine.runCommand(ContainerStateMachine.java:408)
	at org.apache.hadoop.ozone.container.common.transport.server.ratis.ContainerStateMachine.lambda$handleWriteChunk$1(ContainerStateMachine.java:439)
	at java.util.concurrent.CompletableFuture$AsyncSupply.run(CompletableFuture.java:1604)
	at java.util.concurrent.ThreadPoolExecutor.runWorker(ThreadPoolExecutor.java:1149)
	at java.util.concurrent.ThreadPoolExecutor$Worker.run(ThreadPoolExecutor.java:624)
	at java.lang.Thread.run(Thread.java:748)
Caused by: java.io.IOException: Failed init RocksDB, db path : /home/runner/work/ozone/ozone/mnt/ozone/hadoop-ozone/integration-test/target/test-dir/MiniOzoneClusterImpl-a96259f6-ef4b-4787-b080-b71d8b5540dd/datanode-2/data-0/containers/hdds/a96259f6-ef4b-4787-b080-b71d8b5540dd/current/containerDir0/18/metadata/18-dn-container.db, exception :org.rocksdb.RocksDBException While appending to file: /home/runner/work/ozone/ozone/mnt/ozone/hadoop-ozone/integration-test/target/test-dir/MiniOzoneClusterImpl-a96259f6-ef4b-4787-b080-b71d8b5540dd/datanode-2/data-0/containers/hdds/a96259f6-ef4b-4787-b080-b71d8b5540dd/current/containerDir0/18/metadata/18-dn-container.db/MANIFEST-000004: No space left on device; status : IOError(NoSpace); message : While appending to file: /home/runner/work/ozone/ozone/mnt/ozone/hadoop-ozone/integration-test/target/test-dir/MiniOzoneClusterImpl-a96259f6-ef4b-4787-b080-b71d8b5540dd/datanode-2/data-0/containers/hdds/a96259f6-ef4b-4787-b080-b71d8b5540dd/current/containerDir0/18/metadata/18-dn-container.db/MANIFEST-000004: No space left on device
	at org.apache.hadoop.hdds.utils.HddsServerUtil.toIOException(HddsServerUtil.java:564)
	at org.apache.hadoop.hdds.utils.db.RDBStore.<init>(RDBStore.java:164)
	at org.apache.hadoop.hdds.utils.db.DBStoreBuilder.build(DBStoreBuilder.java:191)
	at org.apache.hadoop.ozone.container.metadata.AbstractDatanodeStore.start(AbstractDatanodeStore.java:118)
	at org.apache.hadoop.ozone.container.metadata.AbstractDatanodeStore.<init>(AbstractDatanodeStore.java:93)
	at org.apache.hadoop.ozone.container.metadata.DatanodeStoreSchemaTwoImpl.<init>(DatanodeStoreSchemaTwoImpl.java:48)
	at org.apache.hadoop.ozone.container.keyvalue.helpers.KeyValueContainerUtil.createContainerMetaData(KeyValueContainerUtil.java:112)
	at org.apache.hadoop.ozone.container.keyvalue.KeyValueContainer.create(KeyValueContainer.java:139)
	... 15 more
Caused by: org.rocksdb.RocksDBException: While appending to file: /home/runner/work/ozone/ozone/mnt/ozone/hadoop-ozone/integration-test/target/test-dir/MiniOzoneClusterImpl-a96259f6-ef4b-4787-b080-b71d8b5540dd/datanode-2/data-0/containers/hdds/a96259f6-ef4b-4787-b080-b71d8b5540dd/current/containerDir0/18/metadata/18-dn-container.db/MANIFEST-000004: No space left on device
	at org.rocksdb.RocksDB.open(Native Method)
	at org.rocksdb.RocksDB.open(RocksDB.java:306)
	at org.apache.hadoop.hdds.utils.db.RDBStore.<init>(RDBStore.java:119)
	... 21 more
07:53:28.572 [ChunkWriter-0-0] ERROR DNAudit - user=null | ip=null | op=WRITE_CHUNK {blockData=conID: 18 locID: 107544261427200022 bcsId: 0} | ret=FAILURE
org.apache.hadoop.hdds.scm.container.common.helpers.StorageContainerException: ContainerID 18 creation failed
	at org.apache.hadoop.ozone.container.common.impl.HddsDispatcher.dispatchRequest(HddsDispatcher.java:262) ~[hdds-container-service-1.2.0-SNAPSHOT.jar:?]
	at org.apache.hadoop.ozone.container.common.impl.HddsDispatcher.lambda$dispatch$0(HddsDispatcher.java:169) ~[hdds-container-service-1.2.0-SNAPSHOT.jar:?]
	at org.apache.hadoop.hdds.server.OzoneProtocolMessageDispatcher.processRequest(OzoneProtocolMessageDispatcher.java:87) ~[hdds-server-framework-1.2.0-SNAPSHOT.jar:?]
	at org.apache.hadoop.ozone.container.common.impl.HddsDispatcher.dispatch(HddsDispatcher.java:168) ~[hdds-container-service-1.2.0-SNAPSHOT.jar:?]
	at org.apache.hadoop.ozone.container.common.transport.server.ratis.ContainerStateMachine.dispatchCommand(ContainerStateMachine.java:398) ~[hdds-container-service-1.2.0-SNAPSHOT.jar:?]
	at org.apache.hadoop.ozone.container.common.transport.server.ratis.ContainerStateMachine.runCommand(ContainerStateMachine.java:408) ~[hdds-container-service-1.2.0-SNAPSHOT.jar:?]
	at org.apache.hadoop.ozone.container.common.transport.server.ratis.ContainerStateMachine.lambda$handleWriteChunk$1(ContainerStateMachine.java:439) ~[hdds-container-service-1.2.0-SNAPSHOT.jar:?]
	at java.util.concurrent.CompletableFuture$AsyncSupply.run(CompletableFuture.java:1604) [?:1.8.0_292]
	at java.util.concurrent.ThreadPoolExecutor.runWorker(ThreadPoolExecutor.java:1149) [?:1.8.0_292]
	at java.util.concurrent.ThreadPoolExecutor$Worker.run(ThreadPoolExecutor.java:624) [?:1.8.0_292]
	at java.lang.Thread.run(Thread.java:748) [?:1.8.0_292]
2021-07-28 07:53:28,572 [ChunkWriter-0-0] INFO  impl.HddsDispatcher (ContainerUtils.java:logAndReturnError(89)) - Operation: WriteChunk , Trace ID:  , Message: ContainerID 18 creation failed , Result: CONTAINER_INTERNAL_ERROR , StorageContainerException Occurred.
org.apache.hadoop.hdds.scm.container.common.helpers.StorageContainerException: ContainerID 18 creation failed
	at org.apache.hadoop.ozone.container.common.impl.HddsDispatcher.dispatchRequest(HddsDispatcher.java:262)
	at org.apache.hadoop.ozone.container.common.impl.HddsDispatcher.lambda$dispatch$0(HddsDispatcher.java:169)
	at org.apache.hadoop.hdds.server.OzoneProtocolMessageDispatcher.processRequest(OzoneProtocolMessageDispatcher.java:87)
	at org.apache.hadoop.ozone.container.common.impl.HddsDispatcher.dispatch(HddsDispatcher.java:168)
	at org.apache.hadoop.ozone.container.common.transport.server.ratis.ContainerStateMachine.dispatchCommand(ContainerStateMachine.java:398)
	at org.apache.hadoop.ozone.container.common.transport.server.ratis.ContainerStateMachine.runCommand(ContainerStateMachine.java:408)
	at org.apache.hadoop.ozone.container.common.transport.server.ratis.ContainerStateMachine.lambda$handleWriteChunk$1(ContainerStateMachine.java:439)
	at java.util.concurrent.CompletableFuture$AsyncSupply.run(CompletableFuture.java:1604)
	at java.util.concurrent.ThreadPoolExecutor.runWorker(ThreadPoolExecutor.java:1149)
	at java.util.concurrent.ThreadPoolExecutor$Worker.run(ThreadPoolExecutor.java:624)
	at java.lang.Thread.run(Thread.java:748)
2021-07-28 07:53:28,572 [ChunkWriter-0-0] ERROR ratis.ContainerStateMachine (ContainerStateMachine.java:lambda$handleWriteChunk$2(467)) - group-5534220F2E08: writeChunk writeStateMachineData failed: blockIdcontainerID: 18
localID: 107544261427200022
blockCommitSequenceId: 0
 logIndex 87 chunkName 107544261427200022_chunk_2 Error message: ContainerID 18 creation failed Container Result: CONTAINER_INTERNAL_ERROR
2021-07-28 07:53:28,565 [Datanode State Machine Thread - 0] WARN  statemachine.StateContext (StateContext.java:execute(621)) - No available thread in pool for past 1 seconds.
2021-07-28 07:53:28,565 [fb2badcd-980e-47d5-8637-c5d5f1096a93@group-5534220F2E08-SegmentedRaftLogWorker] ERROR ratis.XceiverServerRatis (XceiverServerRatis.java:triggerPipelineClose(672)) - pipeline Action CLOSE on pipeline PipelineID=b0d954c6-bd2b-459d-977f-5534220f2e08.Reason : Log already failed at index 85 for task WriteLog:85: (t:2, i:85), STATEMACHINELOGENTRY, cmdType: WriteChunk traceID: "" containerID: 18 datanodeUuid: "a674a599-5d53-42a4-bc46-5fa1ee6b6120" pipelineID: "b0d954c6-bd2b-459d-977f-5534220f2e08" writeChunk { blockID { containerID: 18 localID: 107544261427200022 blockCommitSequenceId: 0 } chunkData { chunkName: "107544261427200022_chunk_1" offset: 0 len: 1048576 checksumData { type: NONE bytesPerChecksum: 1048576 } } }, container path=nonexistent
2021-07-28 07:53:28,559 [EventQueue-PipelineActionsForPipelineActionHandler] INFO  pipeline.PipelineActionHandler (PipelineActionHandler.java:processPipelineAction(82)) - Received pipeline action CLOSE for PipelineID=b0d954c6-bd2b-459d-977f-5534220f2e08 from datanode 467b1147-9af8-4a8a-b385-ab64be7d3190. Reason : ContainerID 18 creation failed
2021-07-28 07:53:28,573 [EventQueue-PipelineActionsForPipelineActionHandler] INFO  pipeline.PipelineManagerV2Impl (PipelineManagerV2Impl.java:closePipeline(343)) - Pipeline Pipeline[ Id: b0d954c6-bd2b-459d-977f-5534220f2e08, Nodes: a674a599-5d53-42a4-bc46-5fa1ee6b6120{ip: 10.1.0.59, host: fv-az122-844.zf1tlrj3kn4expqppa1j4mpycf.xx.internal.cloudapp.net, ports: [REPLICATION=40055, RATIS=36049, RATIS_ADMIN=36049, RATIS_SERVER=36049, STANDALONE=36837], networkLocation: /default-rack, certSerialId: null, persistedOpState: IN_SERVICE, persistedOpStateExpiryEpochSec: 0}fb2badcd-980e-47d5-8637-c5d5f1096a93{ip: 10.1.0.59, host: fv-az122-844.zf1tlrj3kn4expqppa1j4mpycf.xx.internal.cloudapp.net, ports: [REPLICATION=41901, RATIS=43275, RATIS_ADMIN=43275, RATIS_SERVER=43275, STANDALONE=46155], networkLocation: /default-rack, certSerialId: null, persistedOpState: IN_SERVICE, persistedOpStateExpiryEpochSec: 0}467b1147-9af8-4a8a-b385-ab64be7d3190{ip: 10.1.0.59, host: fv-az122-844.zf1tlrj3kn4expqppa1j4mpycf.xx.internal.cloudapp.net, ports: [REPLICATION=43141, RATIS=44751, RATIS_ADMIN=44751, RATIS_SERVER=44751, STANDALONE=43177], networkLocation: /default-rack, certSerialId: null, persistedOpState: IN_SERVICE, persistedOpStateExpiryEpochSec: 0}, ReplicationConfig: RATIS/THREE, State:OPEN, leaderId:467b1147-9af8-4a8a-b385-ab64be7d3190, CreationTimestamp2021-07-28T07:52:48.440Z[Etc/UTC]] moved to CLOSED state
2021-07-28 07:53:28,573 [EventQueue-PipelineActionsForPipelineActionHandler] INFO  pipeline.RatisPipelineProvider (RatisPipelineProvider.java:lambda$close$1(222)) - Send pipeline:PipelineID=b0d954c6-bd2b-459d-977f-5534220f2e08 close command to datanode a674a599-5d53-42a4-bc46-5fa1ee6b6120
2021-07-28 07:53:28,573 [EventQueue-PipelineActionsForPipelineActionHandler] INFO  pipeline.RatisPipelineProvider (RatisPipelineProvider.java:lambda$close$1(222)) - Send pipeline:PipelineID=b0d954c6-bd2b-459d-977f-5534220f2e08 close command to datanode fb2badcd-980e-47d5-8637-c5d5f1096a93
2021-07-28 07:53:28,573 [EventQueue-PipelineActionsForPipelineActionHandler] INFO  pipeline.RatisPipelineProvider (RatisPipelineProvider.java:lambda$close$1(222)) - Send pipeline:PipelineID=b0d954c6-bd2b-459d-977f-5534220f2e08 close command to datanode 467b1147-9af8-4a8a-b385-ab64be7d3190
2021-07-28 07:53:28,573 [EventQueue-PipelineActionsForPipelineActionHandler] INFO  pipeline.PipelineStateManager (PipelineStateManagerV2Impl.java:removePipeline(211)) - Pipeline Pipeline[ Id: b0d954c6-bd2b-459d-977f-5534220f2e08, Nodes: a674a599-5d53-42a4-bc46-5fa1ee6b6120{ip: 10.1.0.59, host: fv-az122-844.zf1tlrj3kn4expqppa1j4mpycf.xx.internal.cloudapp.net, ports: [REPLICATION=40055, RATIS=36049, RATIS_ADMIN=36049, RATIS_SERVER=36049, STANDALONE=36837], networkLocation: /default-rack, certSerialId: null, persistedOpState: IN_SERVICE, persistedOpStateExpiryEpochSec: 0}fb2badcd-980e-47d5-8637-c5d5f1096a93{ip: 10.1.0.59, host: fv-az122-844.zf1tlrj3kn4expqppa1j4mpycf.xx.internal.cloudapp.net, ports: [REPLICATION=41901, RATIS=43275, RATIS_ADMIN=43275, RATIS_SERVER=43275, STANDALONE=46155], networkLocation: /default-rack, certSerialId: null, persistedOpState: IN_SERVICE, persistedOpStateExpiryEpochSec: 0}467b1147-9af8-4a8a-b385-ab64be7d3190{ip: 10.1.0.59, host: fv-az122-844.zf1tlrj3kn4expqppa1j4mpycf.xx.internal.cloudapp.net, ports: [REPLICATION=43141, RATIS=44751, RATIS_ADMIN=44751, RATIS_SERVER=44751, STANDALONE=43177], networkLocation: /default-rack, certSerialId: null, persistedOpState: IN_SERVICE, persistedOpStateExpiryEpochSec: 0}, ReplicationConfig: RATIS/THREE, State:CLOSED, leaderId:467b1147-9af8-4a8a-b385-ab64be7d3190, CreationTimestamp2021-07-28T07:52:48.440Z[Etc/UTC]] removed.
2021-07-28 07:53:28,573 [EventQueue-PipelineActionsForPipelineActionHandler] INFO  pipeline.PipelineActionHandler (PipelineActionHandler.java:processPipelineAction(82)) - Received pipeline action CLOSE for PipelineID=b0d954c6-bd2b-459d-977f-5534220f2e08 from datanode fb2badcd-980e-47d5-8637-c5d5f1096a93. Reason : ContainerID 18 creation failed
2021-07-28 07:53:28,574 [EventQueue-PipelineActionsForPipelineActionHandler] WARN  pipeline.PipelineActionHandler (PipelineActionHandler.java:processPipelineAction(93)) - Pipeline action CLOSE received for unknown pipeline PipelineID=b0d954c6-bd2b-459d-977f-5534220f2e08, firing close pipeline event.
2021-07-28 07:53:28,558 [ChunkWriter-0-0] INFO  impl.HddsDispatcher (ContainerUtils.java:logAndReturnError(89)) - Operation: WriteChunk , Trace ID:  , Message: ContainerID 18 creation failed , Result: CONTAINER_INTERNAL_ERROR , StorageContainerException Occurred.
org.apache.hadoop.hdds.scm.container.common.helpers.StorageContainerException: ContainerID 18 creation failed
	at org.apache.hadoop.ozone.container.common.impl.HddsDispatcher.dispatchRequest(HddsDispatcher.java:262)
	at org.apache.hadoop.ozone.container.common.impl.HddsDispatcher.lambda$dispatch$0(HddsDispatcher.java:169)
	at org.apache.hadoop.hdds.server.OzoneProtocolMessageDispatcher.processRequest(OzoneProtocolMessageDispatcher.java:87)
	at org.apache.hadoop.ozone.container.common.impl.HddsDispatcher.dispatch(HddsDispatcher.java:168)
	at org.apache.hadoop.ozone.container.common.transport.server.ratis.ContainerStateMachine.dispatchCommand(ContainerStateMachine.java:398)
	at org.apache.hadoop.ozone.container.common.transport.server.ratis.ContainerStateMachine.runCommand(ContainerStateMachine.java:408)
	at org.apache.hadoop.ozone.container.common.transport.server.ratis.ContainerStateMachine.lambda$handleWriteChunk$1(ContainerStateMachine.java:439)
	at java.util.concurrent.CompletableFuture$AsyncSupply.run(CompletableFuture.java:1604)
	at java.util.concurrent.ThreadPoolExecutor.runWorker(ThreadPoolExecutor.java:1149)
	at java.util.concurrent.ThreadPoolExecutor$Worker.run(ThreadPoolExecutor.java:624)
	at java.lang.Thread.run(Thread.java:748)
2021-07-28 07:53:28,574 [ChunkWriter-0-0] ERROR ratis.ContainerStateMachine (ContainerStateMachine.java:lambda$handleWriteChunk$2(467)) - group-5534220F2E08: writeChunk writeStateMachineData failed: blockIdcontainerID: 18
localID: 107544261427200022
blockCommitSequenceId: 0
 logIndex 87 chunkName 107544261427200022_chunk_2 Error message: ContainerID 18 creation failed Container Result: CONTAINER_INTERNAL_ERROR
2021-07-28 07:53:28,574 [EventQueue-CloseContainerForCloseContainerEventHandler] INFO  container.CloseContainerEventHandler (CloseContainerEventHandler.java:onMessage(69)) - Close container Event triggered for container : #9
2021-07-28 07:53:28,571 [Datanode State Machine Thread - 0] WARN  statemachine.StateContext (StateContext.java:execute(621)) - No available thread in pool for past 1 seconds.
2021-07-28 07:53:28,571 [ChunkWriter-0-0] INFO  impl.HddsDispatcher (ContainerUtils.java:logAndReturnError(89)) - Operation: WriteChunk , Trace ID:  , Message: ContainerID 18 creation failed , Result: CONTAINER_INTERNAL_ERROR , StorageContainerException Occurred.
org.apache.hadoop.hdds.scm.container.common.helpers.StorageContainerException: ContainerID 18 creation failed
	at org.apache.hadoop.ozone.container.common.impl.HddsDispatcher.dispatchRequest(HddsDispatcher.java:262)
	at org.apache.hadoop.ozone.container.common.impl.HddsDispatcher.lambda$dispatch$0(HddsDispatcher.java:169)
	at org.apache.hadoop.hdds.server.OzoneProtocolMessageDispatcher.processRequest(OzoneProtocolMessageDispatcher.java:87)
	at org.apache.hadoop.ozone.container.common.impl.HddsDispatcher.dispatch(HddsDispatcher.java:168)
	at org.apache.hadoop.ozone.container.common.transport.server.ratis.ContainerStateMachine.dispatchCommand(ContainerStateMachine.java:398)
	at org.apache.hadoop.ozone.container.common.transport.server.ratis.ContainerStateMachine.runCommand(ContainerStateMachine.java:408)
	at org.apache.hadoop.ozone.container.common.transport.server.ratis.ContainerStateMachine.lambda$handleWriteChunk$1(ContainerStateMachine.java:439)
	at java.util.concurrent.CompletableFuture$AsyncSupply.run(CompletableFuture.java:1604)
	at java.util.concurrent.ThreadPoolExecutor.runWorker(ThreadPoolExecutor.java:1149)
	at java.util.concurrent.ThreadPoolExecutor$Worker.run(ThreadPoolExecutor.java:624)
	at java.lang.Thread.run(Thread.java:748)
2021-07-28 07:53:28,585 [fb2badcd-980e-47d5-8637-c5d5f1096a93@group-5534220F2E08-SegmentedRaftLogWorker] ERROR ratis.XceiverServerRatis (XceiverServerRatis.java:triggerPipelineClose(672)) - pipeline Action CLOSE on pipeline PipelineID=b0d954c6-bd2b-459d-977f-5534220f2e08.Reason : Log already failed at index 85 for task WriteLog:85: (t:2, i:85), STATEMACHINELOGENTRY, cmdType: WriteChunk traceID: "" containerID: 18 datanodeUuid: "a674a599-5d53-42a4-bc46-5fa1ee6b6120" pipelineID: "b0d954c6-bd2b-459d-977f-5534220f2e08" writeChunk { blockID { containerID: 18 localID: 107544261427200022 blockCommitSequenceId: 0 } chunkData { chunkName: "107544261427200022_chunk_1" offset: 0 len: 1048576 checksumData { type: NONE bytesPerChecksum: 1048576 } } }, container path=nonexistent
2021-07-28 07:53:28,577 [EventQueue-PipelineActionsForPipelineActionHandler] INFO  pipeline.PipelineActionHandler (PipelineActionHandler.java:processPipelineAction(82)) - Received pipeline action CLOSE for PipelineID=b0d954c6-bd2b-459d-977f-5534220f2e08 from datanode fb2badcd-980e-47d5-8637-c5d5f1096a93. Reason : Log already failed at index 85 for task WriteLog:85: (t:2, i:85), STATEMACHINELOGENTRY, cmdType: WriteChunk traceID: "" containerID: 18 datanodeUuid: "a674a599-5d53-42a4-bc46-5fa1ee6b6120" pipelineID: "b0d954c6-bd2b-459d-977f-5534220f2e08" writeChunk { blockID { containerID: 18 localID: 107544261427200022 blockCommitSequenceId: 0 } chunkData { chunkName: "107544261427200022_chunk_1" offset: 0 len: 1048576 checksumData { type: NONE bytesPerChecksum: 1048576 } } }, container path=nonexistent
2021-07-28 07:53:28,586 [fb2badcd-980e-47d5-8637-c5d5f1096a93@group-5534220F2E08-SegmentedRaftLogWorker] ERROR ratis.XceiverServerRatis (XceiverServerRatis.java:triggerPipelineClose(672)) - pipeline Action CLOSE on pipeline PipelineID=b0d954c6-bd2b-459d-977f-5534220f2e08.Reason : Log already failed at index 85 for task WriteLog:85: (t:2, i:85), STATEMACHINELOGENTRY, cmdType: WriteChunk traceID: "" containerID: 18 datanodeUuid: "a674a599-5d53-42a4-bc46-5fa1ee6b6120" pipelineID: "b0d954c6-bd2b-459d-977f-5534220f2e08" writeChunk { blockID { containerID: 18 localID: 107544261427200022 blockCommitSequenceId: 0 } chunkData { chunkName: "107544261427200022_chunk_1" offset: 0 len: 1048576 checksumData { type: NONE bytesPerChecksum: 1048576 } } }, container path=nonexistent
2021-07-28 07:53:28,586 [Datanode State Machine Thread - 0] WARN  statemachine.StateContext (StateContext.java:execute(621)) - No available thread in pool for past 1 seconds.
2021-07-28 07:53:28,575 [Datanode State Machine Thread - 0] WARN  statemachine.StateContext (StateContext.java:execute(621)) - No available thread in pool for past 1 seconds.
2021-07-28 07:53:28,575 [a674a599-5d53-42a4-bc46-5fa1ee6b6120@group-5534220F2E08-SegmentedRaftLogWorker] ERROR ratis.XceiverServerRatis (XceiverServerRatis.java:triggerPipelineClose(672)) - pipeline Action CLOSE on pipeline PipelineID=b0d954c6-bd2b-459d-977f-5534220f2e08.Reason : Log already failed at index 85 for task WriteLog:85: (t:2, i:85), STATEMACHINELOGENTRY, cmdType: WriteChunk traceID: "" containerID: 18 datanodeUuid: "a674a599-5d53-42a4-bc46-5fa1ee6b6120" pipelineID: "b0d954c6-bd2b-459d-977f-5534220f2e08" writeChunk { blockID { containerID: 18 localID: 107544261427200022 blockCommitSequenceId: 0 } chunkData { chunkName: "107544261427200022_chunk_1" offset: 0 len: 1048576 checksumData { type: NONE bytesPerChecksum: 1048576 } } }, container path=nonexistent
2021-07-28 07:53:28,575 [EventQueue-CloseContainerForCloseContainerEventHandler] INFO  pipeline.PipelineStateManager (PipelineStateManagerV2Impl.java:removeContainerFromPipeline(237)) - Pipeline PipelineID=b0d954c6-bd2b-459d-977f-5534220f2e08 is not found in the pipeline2ContainerMap. Pipeline may have been closed already.
2021-07-28 07:53:28,587 [EventQueue-CloseContainerForCloseContainerEventHandler] INFO  container.CloseContainerEventHandler (CloseContainerEventHandler.java:onMessage(69)) - Close container Event triggered for container : #13
2021-07-28 07:53:28,587 [EventQueue-CloseContainerForCloseContainerEventHandler] INFO  pipeline.PipelineStateManager (PipelineStateManagerV2Impl.java:removeContainerFromPipeline(237)) - Pipeline PipelineID=b0d954c6-bd2b-459d-977f-5534220f2e08 is not found in the pipeline2ContainerMap. Pipeline may have been closed already.
2021-07-28 07:53:28,585 [ChunkWriter-0-0] ERROR ratis.ContainerStateMachine (ContainerStateMachine.java:lambda$handleWriteChunk$2(467)) - group-5534220F2E08: writeChunk writeStateMachineData failed: blockIdcontainerID: 18
localID: 107544261427200022
blockCommitSequenceId: 0
 logIndex 87 chunkName 107544261427200022_chunk_2 Error message: ContainerID 18 creation failed Container Result: CONTAINER_INTERNAL_ERROR
2021-07-28 07:53:28,587 [EventQueue-PipelineActionsForPipelineActionHandler] WARN  pipeline.PipelineActionHandler (PipelineActionHandler.java:processPipelineAction(93)) - Pipeline action CLOSE received for unknown pipeline PipelineID=b0d954c6-bd2b-459d-977f-5534220f2e08, firing close pipeline event.
2021-07-28 07:53:28,587 [EventQueue-PipelineActionsForPipelineActionHandler] INFO  pipeline.PipelineActionHandler (PipelineActionHandler.java:processPipelineAction(82)) - Received pipeline action CLOSE for PipelineID=b0d954c6-bd2b-459d-977f-5534220f2e08 from datanode 467b1147-9af8-4a8a-b385-ab64be7d3190. Reason : Log already failed at index 85 for task WriteLog:85: (t:2, i:85), STATEMACHINELOGENTRY, cmdType: WriteChunk traceID: "" containerID: 18 datanodeUuid: "a674a599-5d53-42a4-bc46-5fa1ee6b6120" pipelineID: "b0d954c6-bd2b-459d-977f-5534220f2e08" writeChunk { blockID { containerID: 18 localID: 107544261427200022 blockCommitSequenceId: 0 } chunkData { chunkName: "107544261427200022_chunk_1" offset: 0 len: 1048576 checksumData { type: NONE bytesPerChecksum: 1048576 } } }, container path=nonexistent
2021-07-28 07:53:28,587 [EventQueue-PipelineActionsForPipelineActionHandler] WARN  pipeline.PipelineActionHandler (PipelineActionHandler.java:processPipelineAction(93)) - Pipeline action CLOSE received for unknown pipeline PipelineID=b0d954c6-bd2b-459d-977f-5534220f2e08, firing close pipeline event.
2021-07-28 07:53:28,587 [EventQueue-PipelineActionsForPipelineActionHandler] INFO  pipeline.PipelineActionHandler (PipelineActionHandler.java:processPipelineAction(82)) - Received pipeline action CLOSE for PipelineID=b0d954c6-bd2b-459d-977f-5534220f2e08 from datanode a674a599-5d53-42a4-bc46-5fa1ee6b6120. Reason : ContainerID 18 creation failed
2021-07-28 07:53:28,588 [EventQueue-PipelineActionsForPipelineActionHandler] WARN  pipeline.PipelineActionHandler (PipelineActionHandler.java:processPipelineAction(93)) - Pipeline action CLOSE received for unknown pipeline PipelineID=b0d954c6-bd2b-459d-977f-5534220f2e08, firing close pipeline event.
2021-07-28 07:53:28,588 [EventQueue-PipelineActionsForPipelineActionHandler] INFO  pipeline.PipelineActionHandler (PipelineActionHandler.java:processPipelineAction(82)) - Received pipeline action CLOSE for PipelineID=b0d954c6-bd2b-459d-977f-5534220f2e08 from datanode a674a599-5d53-42a4-bc46-5fa1ee6b6120. Reason : Log already failed at index 85 for task WriteLog:85: (t:2, i:85), STATEMACHINELOGENTRY, cmdType: WriteChunk traceID: "" containerID: 18 datanodeUuid: "a674a599-5d53-42a4-bc46-5fa1ee6b6120" pipelineID: "b0d954c6-bd2b-459d-977f-5534220f2e08" writeChunk { blockID { containerID: 18 localID: 107544261427200022 blockCommitSequenceId: 0 } chunkData { chunkName: "107544261427200022_chunk_1" offset: 0 len: 1048576 checksumData { type: NONE bytesPerChecksum: 1048576 } } }, container path=nonexistent
2021-07-28 07:53:28,588 [EventQueue-PipelineActionsForPipelineActionHandler] WARN  pipeline.PipelineActionHandler (PipelineActionHandler.java:processPipelineAction(93)) - Pipeline action CLOSE received for unknown pipeline PipelineID=b0d954c6-bd2b-459d-977f-5534220f2e08, firing close pipeline event.
2021-07-28 07:53:28,588 [EventQueue-CloseContainerForCloseContainerEventHandler] INFO  container.CloseContainerEventHandler (CloseContainerEventHandler.java:onMessage(69)) - Close container Event triggered for container : #18
2021-07-28 07:53:28,588 [EventQueue-CloseContainerForCloseContainerEventHandler] INFO  pipeline.PipelineStateManager (PipelineStateManagerV2Impl.java:removeContainerFromPipeline(237)) - Pipeline PipelineID=b0d954c6-bd2b-459d-977f-5534220f2e08 is not found in the pipeline2ContainerMap. Pipeline may have been closed already.
2021-07-28 07:53:28,589 [EventQueue-PipelineActionsForPipelineActionHandler] INFO  pipeline.PipelineActionHandler (PipelineActionHandler.java:processPipelineAction(82)) - Received pipeline action CLOSE for PipelineID=b0d954c6-bd2b-459d-977f-5534220f2e08 from datanode fb2badcd-980e-47d5-8637-c5d5f1096a93. Reason : Log already failed at index 85 for task WriteLog:85: (t:2, i:85), STATEMACHINELOGENTRY, cmdType: WriteChunk traceID: "" containerID: 18 datanodeUuid: "a674a599-5d53-42a4-bc46-5fa1ee6b6120" pipelineID: "b0d954c6-bd2b-459d-977f-5534220f2e08" writeChunk { blockID { containerID: 18 localID: 107544261427200022 blockCommitSequenceId: 0 } chunkData { chunkName: "107544261427200022_chunk_1" offset: 0 len: 1048576 checksumData { type: NONE bytesPerChecksum: 1048576 } } }, container path=nonexistent
2021-07-28 07:53:28,589 [EventQueue-PipelineActionsForPipelineActionHandler] WARN  pipeline.PipelineActionHandler (PipelineActionHandler.java:processPipelineAction(93)) - Pipeline action CLOSE received for unknown pipeline PipelineID=b0d954c6-bd2b-459d-977f-5534220f2e08, firing close pipeline event.
2021-07-28 07:53:28,593 [a674a599-5d53-42a4-bc46-5fa1ee6b6120@group-5534220F2E08-SegmentedRaftLogWorker] ERROR ratis.XceiverServerRatis (XceiverServerRatis.java:triggerPipelineClose(672)) - pipeline Action CLOSE on pipeline PipelineID=b0d954c6-bd2b-459d-977f-5534220f2e08.Reason : Log already failed at index 85 for task WriteLog:85: (t:2, i:85), STATEMACHINELOGENTRY, cmdType: WriteChunk traceID: "" containerID: 18 datanodeUuid: "a674a599-5d53-42a4-bc46-5fa1ee6b6120" pipelineID: "b0d954c6-bd2b-459d-977f-5534220f2e08" writeChunk { blockID { containerID: 18 localID: 107544261427200022 blockCommitSequenceId: 0 } chunkData { chunkName: "107544261427200022_chunk_1" offset: 0 len: 1048576 checksumData { type: NONE bytesPerChecksum: 1048576 } } }, container path=nonexistent
2021-07-28 07:53:28,593 [Datanode State Machine Thread - 0] WARN  statemachine.StateContext (StateContext.java:execute(621)) - No available thread in pool for past 1 seconds.
2021-07-28 07:53:28,594 [a674a599-5d53-42a4-bc46-5fa1ee6b6120@group-5534220F2E08-SegmentedRaftLogWorker] ERROR ratis.XceiverServerRatis (XceiverServerRatis.java:triggerPipelineClose(672)) - pipeline Action CLOSE on pipeline PipelineID=b0d954c6-bd2b-459d-977f-5534220f2e08.Reason : Log already failed at index 85 for task WriteLog:85: (t:2, i:85), STATEMACHINELOGENTRY, cmdType: WriteChunk traceID: "" containerID: 18 datanodeUuid: "a674a599-5d53-42a4-bc46-5fa1ee6b6120" pipelineID: "b0d954c6-bd2b-459d-977f-5534220f2e08" writeChunk { blockID { containerID: 18 localID: 107544261427200022 blockCommitSequenceId: 0 } chunkData { chunkName: "107544261427200022_chunk_1" offset: 0 len: 1048576 checksumData { type: NONE bytesPerChecksum: 1048576 } } }, container path=nonexistent
2021-07-28 07:53:28,594 [Datanode State Machine Thread - 0] WARN  statemachine.StateContext (StateContext.java:execute(621)) - No available thread in pool for past 1 seconds.
2021-07-28 07:53:28,595 [EventQueue-PipelineActionsForPipelineActionHandler] INFO  pipeline.PipelineActionHandler (PipelineActionHandler.java:processPipelineAction(82)) - Received pipeline action CLOSE for PipelineID=b0d954c6-bd2b-459d-977f-5534220f2e08 from datanode a674a599-5d53-42a4-bc46-5fa1ee6b6120. Reason : Log already failed at index 85 for task WriteLog:85: (t:2, i:85), STATEMACHINELOGENTRY, cmdType: WriteChunk traceID: "" containerID: 18 datanodeUuid: "a674a599-5d53-42a4-bc46-5fa1ee6b6120" pipelineID: "b0d954c6-bd2b-459d-977f-5534220f2e08" writeChunk { blockID { containerID: 18 localID: 107544261427200022 blockCommitSequenceId: 0 } chunkData { chunkName: "107544261427200022_chunk_1" offset: 0 len: 1048576 checksumData { type: NONE bytesPerChecksum: 1048576 } } }, container path=nonexistent
2021-07-28 07:53:28,595 [EventQueue-PipelineActionsForPipelineActionHandler] WARN  pipeline.PipelineActionHandler (PipelineActionHandler.java:processPipelineAction(93)) - Pipeline action CLOSE received for unknown pipeline PipelineID=b0d954c6-bd2b-459d-977f-5534220f2e08, firing close pipeline event.
2021-07-28 07:53:28,595 [EventQueue-PipelineActionsForPipelineActionHandler] INFO  pipeline.PipelineActionHandler (PipelineActionHandler.java:processPipelineAction(82)) - Received pipeline action CLOSE for PipelineID=b0d954c6-bd2b-459d-977f-5534220f2e08 from datanode a674a599-5d53-42a4-bc46-5fa1ee6b6120. Reason : Log already failed at index 85 for task WriteLog:85: (t:2, i:85), STATEMACHINELOGENTRY, cmdType: WriteChunk traceID: "" containerID: 18 datanodeUuid: "a674a599-5d53-42a4-bc46-5fa1ee6b6120" pipelineID: "b0d954c6-bd2b-459d-977f-5534220f2e08" writeChunk { blockID { containerID: 18 localID: 107544261427200022 blockCommitSequenceId: 0 } chunkData { chunkName: "107544261427200022_chunk_1" offset: 0 len: 1048576 checksumData { type: NONE bytesPerChecksum: 1048576 } } }, container path=nonexistent
2021-07-28 07:53:28,595 [EventQueue-PipelineActionsForPipelineActionHandler] WARN  pipeline.PipelineActionHandler (PipelineActionHandler.java:processPipelineAction(93)) - Pipeline action CLOSE received for unknown pipeline PipelineID=b0d954c6-bd2b-459d-977f-5534220f2e08, firing close pipeline event.
2021-07-28 07:53:29,562 [Command processor thread] INFO  server.RaftServer (RaftServerProxy.java:remove(106)) - 467b1147-9af8-4a8a-b385-ab64be7d3190: remove    LEADER 467b1147-9af8-4a8a-b385-ab64be7d3190@group-5534220F2E08:t2, leader=467b1147-9af8-4a8a-b385-ab64be7d3190, voted=467b1147-9af8-4a8a-b385-ab64be7d3190, raftlog=467b1147-9af8-4a8a-b385-ab64be7d3190@group-5534220F2E08-SegmentedRaftLog:OPENED:c84,f84,i88, conf=0: [a674a599-5d53-42a4-bc46-5fa1ee6b6120|rpc:10.1.0.59:36049|dataStream:|priority:0, 467b1147-9af8-4a8a-b385-ab64be7d3190|rpc:10.1.0.59:44751|dataStream:|priority:1, fb2badcd-980e-47d5-8637-c5d5f1096a93|rpc:10.1.0.59:43275|dataStream:|priority:0], old=null RUNNING
2021-07-28 07:53:29,562 [Command processor thread] INFO  server.RaftServer$Division (RaftServerImpl.java:lambda$close$4(407)) - 467b1147-9af8-4a8a-b385-ab64be7d3190@group-5534220F2E08: shutdown
2021-07-28 07:53:29,562 [Command processor thread] INFO  util.JmxRegister (JmxRegister.java:unregister(73)) - Successfully un-registered JMX Bean with object name Ratis:service=RaftServer,group=group-5534220F2E08,id=467b1147-9af8-4a8a-b385-ab64be7d3190
2021-07-28 07:53:29,562 [Command processor thread] INFO  impl.RoleInfo (RoleInfo.java:shutdownLeaderState(91)) - 467b1147-9af8-4a8a-b385-ab64be7d3190: shutdown 467b1147-9af8-4a8a-b385-ab64be7d3190@group-5534220F2E08-LeaderStateImpl
2021-07-28 07:53:29,562 [Command processor thread] INFO  impl.PendingRequests (PendingRequests.java:sendNotLeaderResponses(249)) - 467b1147-9af8-4a8a-b385-ab64be7d3190@group-5534220F2E08-PendingRequests: sendNotLeaderResponses
2021-07-28 07:53:29,563 [467b1147-9af8-4a8a-b385-ab64be7d3190@group-5534220F2E08->a674a599-5d53-42a4-bc46-5fa1ee6b6120-GrpcLogAppender-LogAppenderDaemon] WARN  server.GrpcLogAppender (GrpcLogAppender.java:mayWait(175)) - 467b1147-9af8-4a8a-b385-ab64be7d3190@group-5534220F2E08->a674a599-5d53-42a4-bc46-5fa1ee6b6120-GrpcLogAppender: Wait interrupted by java.lang.InterruptedException
2021-07-28 07:53:29,564 [grpc-default-executor-2] INFO  server.GrpcServerProtocolService (GrpcServerProtocolService.java:onCompleted(140)) - a674a599-5d53-42a4-bc46-5fa1ee6b6120: Completed APPEND_ENTRIES, lastRequest: 467b1147-9af8-4a8a-b385-ab64be7d3190->a674a599-5d53-42a4-bc46-5fa1ee6b6120#2103-t2,previous=(t:2, i:87),leaderCommit=84,initializing? true,entries: size=1, first=(t:2, i:88), STATEMACHINELOGENTRY, 165@client-E765D667B351
2021-07-28 07:53:29,566 [grpc-default-executor-4] INFO  server.GrpcLogAppender (GrpcLogAppender.java:onCompleted(344)) - 467b1147-9af8-4a8a-b385-ab64be7d3190@group-5534220F2E08->a674a599-5d53-42a4-bc46-5fa1ee6b6120-AppendLogResponseHandler: follower responses appendEntries COMPLETED
2021-07-28 07:53:29,566 [grpc-default-executor-4] INFO  leader.FollowerInfo (FollowerInfoImpl.java:lambda$new$0(46)) - 467b1147-9af8-4a8a-b385-ab64be7d3190@group-5534220F2E08->a674a599-5d53-42a4-bc46-5fa1ee6b6120: nextIndex: updateUnconditionally 89 -> 85
2021-07-28 07:53:29,571 [467b1147-9af8-4a8a-b385-ab64be7d3190@group-5534220F2E08->fb2badcd-980e-47d5-8637-c5d5f1096a93-GrpcLogAppender-LogAppenderDaemon] WARN  server.GrpcLogAppender (GrpcLogAppender.java:mayWait(175)) - 467b1147-9af8-4a8a-b385-ab64be7d3190@group-5534220F2E08->fb2badcd-980e-47d5-8637-c5d5f1096a93-GrpcLogAppender: Wait interrupted by java.lang.InterruptedException
2021-07-28 07:53:29,572 [grpc-default-executor-4] INFO  server.GrpcServerProtocolService (GrpcServerProtocolService.java:onCompleted(140)) - fb2badcd-980e-47d5-8637-c5d5f1096a93: Completed APPEND_ENTRIES, lastRequest: 467b1147-9af8-4a8a-b385-ab64be7d3190->fb2badcd-980e-47d5-8637-c5d5f1096a93#2104-t2,previous=(t:2, i:87),leaderCommit=84,initializing? true,entries: size=1, first=(t:2, i:88), STATEMACHINELOGENTRY, 165@client-E765D667B351
2021-07-28 07:53:29,572 [grpc-default-executor-3] INFO  server.GrpcLogAppender (GrpcLogAppender.java:onCompleted(344)) - 467b1147-9af8-4a8a-b385-ab64be7d3190@group-5534220F2E08->fb2badcd-980e-47d5-8637-c5d5f1096a93-AppendLogResponseHandler: follower responses appendEntries COMPLETED
2021-07-28 07:53:29,572 [grpc-default-executor-3] INFO  leader.FollowerInfo (FollowerInfoImpl.java:lambda$new$0(46)) - 467b1147-9af8-4a8a-b385-ab64be7d3190@group-5534220F2E08->fb2badcd-980e-47d5-8637-c5d5f1096a93: nextIndex: updateUnconditionally 89 -> 85
2021-07-28 07:53:29,574 [Command processor thread] INFO  impl.StateMachineUpdater (StateMachineUpdater.java:stopAndJoin(149)) - 467b1147-9af8-4a8a-b385-ab64be7d3190@group-5534220F2E08-StateMachineUpdater: set stopIndex = 84
2021-07-28 07:53:29,574 [467b1147-9af8-4a8a-b385-ab64be7d3190@group-5534220F2E08-StateMachineUpdater] ERROR ratis.ContainerStateMachine (ContainerStateMachine.java:takeSnapshot(285)) - Failed to take snapshot  for group-5534220F2E08 as the stateMachine is unhealthy. The last applied index is at (t:2, i:84)
2021-07-28 07:53:29,574 [467b1147-9af8-4a8a-b385-ab64be7d3190@group-5534220F2E08-StateMachineUpdater] ERROR impl.StateMachineUpdater (StateMachineUpdater.java:takeSnapshot(276)) - 467b1147-9af8-4a8a-b385-ab64be7d3190@group-5534220F2E08-StateMachineUpdater: Failed to take snapshot
org.apache.ratis.protocol.exceptions.StateMachineException: Failed to take snapshot  for group-5534220F2E08 as the stateMachine is unhealthy. The last applied index is at (t:2, i:84)
	at org.apache.hadoop.ozone.container.common.transport.server.ratis.ContainerStateMachine.takeSnapshot(ContainerStateMachine.java:284)
	at org.apache.ratis.server.impl.StateMachineUpdater.takeSnapshot(StateMachineUpdater.java:265)
	at org.apache.ratis.server.impl.StateMachineUpdater.checkAndTakeSnapshot(StateMachineUpdater.java:257)
	at org.apache.ratis.server.impl.StateMachineUpdater.run(StateMachineUpdater.java:180)
	at java.lang.Thread.run(Thread.java:748)
2021-07-28 07:53:29,575 [467b1147-9af8-4a8a-b385-ab64be7d3190@group-5534220F2E08-StateMachineUpdater] ERROR ratis.ContainerStateMachine (ContainerStateMachine.java:takeSnapshot(285)) - Failed to take snapshot  for group-5534220F2E08 as the stateMachine is unhealthy. The last applied index is at (t:2, i:84)
2021-07-28 07:53:29,575 [467b1147-9af8-4a8a-b385-ab64be7d3190@group-5534220F2E08-StateMachineUpdater] ERROR impl.StateMachineUpdater (StateMachineUpdater.java:takeSnapshot(276)) - 467b1147-9af8-4a8a-b385-ab64be7d3190@group-5534220F2E08-StateMachineUpdater: Failed to take snapshot
org.apache.ratis.protocol.exceptions.StateMachineException: Failed to take snapshot  for group-5534220F2E08 as the stateMachine is unhealthy. The last applied index is at (t:2, i:84)
	at org.apache.hadoop.ozone.container.common.transport.server.ratis.ContainerStateMachine.takeSnapshot(ContainerStateMachine.java:284)
	at org.apache.ratis.server.impl.StateMachineUpdater.takeSnapshot(StateMachineUpdater.java:265)
	at org.apache.ratis.server.impl.StateMachineUpdater.checkAndTakeSnapshot(StateMachineUpdater.java:257)
	at org.apache.ratis.server.impl.StateMachineUpdater.run(StateMachineUpdater.java:183)
	at java.lang.Thread.run(Thread.java:748)
2021-07-28 07:53:29,576 [Command processor thread] INFO  server.RaftServer (RaftServerProxy.java:remove(106)) - a674a599-5d53-42a4-bc46-5fa1ee6b6120: remove  FOLLOWER a674a599-5d53-42a4-bc46-5fa1ee6b6120@group-5534220F2E08:t2, leader=467b1147-9af8-4a8a-b385-ab64be7d3190, voted=467b1147-9af8-4a8a-b385-ab64be7d3190, raftlog=a674a599-5d53-42a4-bc46-5fa1ee6b6120@group-5534220F2E08-SegmentedRaftLog:OPENED:c84,f84,i88, conf=0: [a674a599-5d53-42a4-bc46-5fa1ee6b6120|rpc:10.1.0.59:36049|dataStream:|priority:0, 467b1147-9af8-4a8a-b385-ab64be7d3190|rpc:10.1.0.59:44751|dataStream:|priority:1, fb2badcd-980e-47d5-8637-c5d5f1096a93|rpc:10.1.0.59:43275|dataStream:|priority:0], old=null RUNNING
2021-07-28 07:53:29,576 [Command processor thread] INFO  server.RaftServer (RaftServerProxy.java:remove(106)) - fb2badcd-980e-47d5-8637-c5d5f1096a93: remove  FOLLOWER fb2badcd-980e-47d5-8637-c5d5f1096a93@group-5534220F2E08:t2, leader=467b1147-9af8-4a8a-b385-ab64be7d3190, voted=467b1147-9af8-4a8a-b385-ab64be7d3190, raftlog=fb2badcd-980e-47d5-8637-c5d5f1096a93@group-5534220F2E08-SegmentedRaftLog:OPENED:c84,f84,i88, conf=0: [a674a599-5d53-42a4-bc46-5fa1ee6b6120|rpc:10.1.0.59:36049|dataStream:|priority:0, 467b1147-9af8-4a8a-b385-ab64be7d3190|rpc:10.1.0.59:44751|dataStream:|priority:1, fb2badcd-980e-47d5-8637-c5d5f1096a93|rpc:10.1.0.59:43275|dataStream:|priority:0], old=null RUNNING
2021-07-28 07:53:29,576 [Command processor thread] INFO  server.RaftServer$Division (RaftServerImpl.java:lambda$close$4(407)) - a674a599-5d53-42a4-bc46-5fa1ee6b6120@group-5534220F2E08: shutdown
2021-07-28 07:53:29,576 [Command processor thread] INFO  util.JmxRegister (JmxRegister.java:unregister(73)) - Successfully un-registered JMX Bean with object name Ratis:service=RaftServer,group=group-5534220F2E08,id=a674a599-5d53-42a4-bc46-5fa1ee6b6120
2021-07-28 07:53:29,577 [Command processor thread] INFO  impl.RoleInfo (RoleInfo.java:shutdownFollowerState(108)) - a674a599-5d53-42a4-bc46-5fa1ee6b6120: shutdown a674a599-5d53-42a4-bc46-5fa1ee6b6120@group-5534220F2E08-FollowerState
2021-07-28 07:53:29,577 [Command processor thread] INFO  impl.StateMachineUpdater (StateMachineUpdater.java:stopAndJoin(149)) - a674a599-5d53-42a4-bc46-5fa1ee6b6120@group-5534220F2E08-StateMachineUpdater: set stopIndex = 84
2021-07-28 07:53:29,577 [a674a599-5d53-42a4-bc46-5fa1ee6b6120@group-5534220F2E08-FollowerState] INFO  impl.FollowerState (FollowerState.java:run(143)) - a674a599-5d53-42a4-bc46-5fa1ee6b6120@group-5534220F2E08-FollowerState was interrupted: {}
java.lang.InterruptedException: sleep interrupted
	at java.lang.Thread.sleep(Native Method)
	at java.lang.Thread.sleep(Thread.java:340)
	at java.util.concurrent.TimeUnit.sleep(TimeUnit.java:386)
	at org.apache.ratis.util.TimeDuration.sleep(TimeDuration.java:324)
	at org.apache.ratis.util.TimeDuration.sleep(TimeDuration.java:309)
	at org.apache.ratis.server.impl.FollowerState.run(FollowerState.java:118)
2021-07-28 07:53:29,576 [Command processor thread] INFO  server.RaftServer$Division (RaftServerImpl.java:lambda$close$4(407)) - fb2badcd-980e-47d5-8637-c5d5f1096a93@group-5534220F2E08: shutdown
2021-07-28 07:53:29,579 [Command processor thread] INFO  util.JmxRegister (JmxRegister.java:unregister(73)) - Successfully un-registered JMX Bean with object name Ratis:service=RaftServer,group=group-5534220F2E08,id=fb2badcd-980e-47d5-8637-c5d5f1096a93
2021-07-28 07:53:29,579 [Command processor thread] INFO  impl.RoleInfo (RoleInfo.java:shutdownFollowerState(108)) - fb2badcd-980e-47d5-8637-c5d5f1096a93: shutdown fb2badcd-980e-47d5-8637-c5d5f1096a93@group-5534220F2E08-FollowerState
2021-07-28 07:53:29,579 [Command processor thread] INFO  impl.StateMachineUpdater (StateMachineUpdater.java:stopAndJoin(149)) - fb2badcd-980e-47d5-8637-c5d5f1096a93@group-5534220F2E08-StateMachineUpdater: set stopIndex = 84
2021-07-28 07:53:29,579 [fb2badcd-980e-47d5-8637-c5d5f1096a93@group-5534220F2E08-StateMachineUpdater] ERROR ratis.ContainerStateMachine (ContainerStateMachine.java:takeSnapshot(285)) - Failed to take snapshot  for group-5534220F2E08 as the stateMachine is unhealthy. The last applied index is at (t:2, i:84)
2021-07-28 07:53:29,579 [fb2badcd-980e-47d5-8637-c5d5f1096a93@group-5534220F2E08-StateMachineUpdater] ERROR impl.StateMachineUpdater (StateMachineUpdater.java:takeSnapshot(276)) - fb2badcd-980e-47d5-8637-c5d5f1096a93@group-5534220F2E08-StateMachineUpdater: Failed to take snapshot
org.apache.ratis.protocol.exceptions.StateMachineException: Failed to take snapshot  for group-5534220F2E08 as the stateMachine is unhealthy. The last applied index is at (t:2, i:84)
	at org.apache.hadoop.ozone.container.common.transport.server.ratis.ContainerStateMachine.takeSnapshot(ContainerStateMachine.java:284)
	at org.apache.ratis.server.impl.StateMachineUpdater.takeSnapshot(StateMachineUpdater.java:265)
	at org.apache.ratis.server.impl.StateMachineUpdater.checkAndTakeSnapshot(StateMachineUpdater.java:257)
	at org.apache.ratis.server.impl.StateMachineUpdater.run(StateMachineUpdater.java:180)
	at java.lang.Thread.run(Thread.java:748)
2021-07-28 07:53:29,580 [fb2badcd-980e-47d5-8637-c5d5f1096a93@group-5534220F2E08-StateMachineUpdater] ERROR ratis.ContainerStateMachine (ContainerStateMachine.java:takeSnapshot(285)) - Failed to take snapshot  for group-5534220F2E08 as the stateMachine is unhealthy. The last applied index is at (t:2, i:84)
2021-07-28 07:53:29,580 [fb2badcd-980e-47d5-8637-c5d5f1096a93@group-5534220F2E08-StateMachineUpdater] ERROR impl.StateMachineUpdater (StateMachineUpdater.java:takeSnapshot(276)) - fb2badcd-980e-47d5-8637-c5d5f1096a93@group-5534220F2E08-StateMachineUpdater: Failed to take snapshot
org.apache.ratis.protocol.exceptions.StateMachineException: Failed to take snapshot  for group-5534220F2E08 as the stateMachine is unhealthy. The last applied index is at (t:2, i:84)
	at org.apache.hadoop.ozone.container.common.transport.server.ratis.ContainerStateMachine.takeSnapshot(ContainerStateMachine.java:284)
	at org.apache.ratis.server.impl.StateMachineUpdater.takeSnapshot(StateMachineUpdater.java:265)
	at org.apache.ratis.server.impl.StateMachineUpdater.checkAndTakeSnapshot(StateMachineUpdater.java:257)
	at org.apache.ratis.server.impl.StateMachineUpdater.run(StateMachineUpdater.java:183)
	at java.lang.Thread.run(Thread.java:748)
2021-07-28 07:53:29,577 [a674a599-5d53-42a4-bc46-5fa1ee6b6120@group-5534220F2E08-StateMachineUpdater] ERROR ratis.ContainerStateMachine (ContainerStateMachine.java:takeSnapshot(285)) - Failed to take snapshot  for group-5534220F2E08 as the stateMachine is unhealthy. The last applied index is at (t:2, i:84)
2021-07-28 07:53:29,579 [fb2badcd-980e-47d5-8637-c5d5f1096a93@group-5534220F2E08-FollowerState] INFO  impl.FollowerState (FollowerState.java:run(143)) - fb2badcd-980e-47d5-8637-c5d5f1096a93@group-5534220F2E08-FollowerState was interrupted: {}
java.lang.InterruptedException: sleep interrupted
	at java.lang.Thread.sleep(Native Method)
	at java.lang.Thread.sleep(Thread.java:340)
	at java.util.concurrent.TimeUnit.sleep(TimeUnit.java:386)
	at org.apache.ratis.util.TimeDuration.sleep(TimeDuration.java:324)
	at org.apache.ratis.util.TimeDuration.sleep(TimeDuration.java:309)
	at org.apache.ratis.server.impl.FollowerState.run(FollowerState.java:118)
2021-07-28 07:53:29,581 [a674a599-5d53-42a4-bc46-5fa1ee6b6120@group-5534220F2E08-StateMachineUpdater] ERROR impl.StateMachineUpdater (StateMachineUpdater.java:takeSnapshot(276)) - a674a599-5d53-42a4-bc46-5fa1ee6b6120@group-5534220F2E08-StateMachineUpdater: Failed to take snapshot
org.apache.ratis.protocol.exceptions.StateMachineException: Failed to take snapshot  for group-5534220F2E08 as the stateMachine is unhealthy. The last applied index is at (t:2, i:84)
	at org.apache.hadoop.ozone.container.common.transport.server.ratis.ContainerStateMachine.takeSnapshot(ContainerStateMachine.java:284)
	at org.apache.ratis.server.impl.StateMachineUpdater.takeSnapshot(StateMachineUpdater.java:265)
	at org.apache.ratis.server.impl.StateMachineUpdater.checkAndTakeSnapshot(StateMachineUpdater.java:257)
	at org.apache.ratis.server.impl.StateMachineUpdater.run(StateMachineUpdater.java:180)
	at java.lang.Thread.run(Thread.java:748)
2021-07-28 07:53:29,582 [a674a599-5d53-42a4-bc46-5fa1ee6b6120@group-5534220F2E08-StateMachineUpdater] ERROR ratis.ContainerStateMachine (ContainerStateMachine.java:takeSnapshot(285)) - Failed to take snapshot  for group-5534220F2E08 as the stateMachine is unhealthy. The last applied index is at (t:2, i:84)
2021-07-28 07:53:29,582 [a674a599-5d53-42a4-bc46-5fa1ee6b6120@group-5534220F2E08-StateMachineUpdater] ERROR impl.StateMachineUpdater (StateMachineUpdater.java:takeSnapshot(276)) - a674a599-5d53-42a4-bc46-5fa1ee6b6120@group-5534220F2E08-StateMachineUpdater: Failed to take snapshot
org.apache.ratis.protocol.exceptions.StateMachineException: Failed to take snapshot  for group-5534220F2E08 as the stateMachine is unhealthy. The last applied index is at (t:2, i:84)
	at org.apache.hadoop.ozone.container.common.transport.server.ratis.ContainerStateMachine.takeSnapshot(ContainerStateMachine.java:284)
	at org.apache.ratis.server.impl.StateMachineUpdater.takeSnapshot(StateMachineUpdater.java:265)
	at org.apache.ratis.server.impl.StateMachineUpdater.checkAndTakeSnapshot(StateMachineUpdater.java:257)
	at org.apache.ratis.server.impl.StateMachineUpdater.run(StateMachineUpdater.java:183)
	at java.lang.Thread.run(Thread.java:748)
2021-07-28 07:53:29,584 [Command processor thread] INFO  server.RaftServer$Division (ServerState.java:close(419)) - a674a599-5d53-42a4-bc46-5fa1ee6b6120@group-5534220F2E08: closes. applyIndex: 84
2021-07-28 07:53:29,584 [a674a599-5d53-42a4-bc46-5fa1ee6b6120@group-5534220F2E08-SegmentedRaftLogWorker] INFO  segmented.SegmentedRaftLogWorker (SegmentedRaftLogWorker.java:run(327)) - a674a599-5d53-42a4-bc46-5fa1ee6b6120@group-5534220F2E08-SegmentedRaftLogWorker was interrupted, exiting. There are 0 tasks remaining in the queue.
2021-07-28 07:53:29,585 [Command processor thread] INFO  server.RaftServer$Division (ServerState.java:close(419)) - fb2badcd-980e-47d5-8637-c5d5f1096a93@group-5534220F2E08: closes. applyIndex: 84
2021-07-28 07:53:29,585 [fb2badcd-980e-47d5-8637-c5d5f1096a93@group-5534220F2E08-SegmentedRaftLogWorker] INFO  segmented.SegmentedRaftLogWorker (SegmentedRaftLogWorker.java:run(327)) - fb2badcd-980e-47d5-8637-c5d5f1096a93@group-5534220F2E08-SegmentedRaftLogWorker was interrupted, exiting. There are 0 tasks remaining in the queue.
2021-07-28 07:53:29,585 [Command processor thread] INFO  segmented.SegmentedRaftLogWorker (SegmentedRaftLogWorker.java:close(237)) - a674a599-5d53-42a4-bc46-5fa1ee6b6120@group-5534220F2E08-SegmentedRaftLogWorker close()
2021-07-28 07:53:29,585 [Command processor thread] INFO  server.RaftServer$Division (ServerState.java:close(419)) - 467b1147-9af8-4a8a-b385-ab64be7d3190@group-5534220F2E08: closes. applyIndex: 84
2021-07-28 07:53:29,585 [467b1147-9af8-4a8a-b385-ab64be7d3190@group-5534220F2E08-SegmentedRaftLogWorker] INFO  segmented.SegmentedRaftLogWorker (SegmentedRaftLogWorker.java:run(327)) - 467b1147-9af8-4a8a-b385-ab64be7d3190@group-5534220F2E08-SegmentedRaftLogWorker was interrupted, exiting. There are 0 tasks remaining in the queue.
2021-07-28 07:53:29,585 [Command processor thread] INFO  segmented.SegmentedRaftLogWorker (SegmentedRaftLogWorker.java:close(237)) - fb2badcd-980e-47d5-8637-c5d5f1096a93@group-5534220F2E08-SegmentedRaftLogWorker close()
2021-07-28 07:53:29,588 [Command processor thread] INFO  segmented.SegmentedRaftLogWorker (SegmentedRaftLogWorker.java:close(237)) - 467b1147-9af8-4a8a-b385-ab64be7d3190@group-5534220F2E08-SegmentedRaftLogWorker close()
2021-07-28 07:53:29,596 [Datanode State Machine Thread - 0] WARN  statemachine.StateContext (StateContext.java:execute(621)) - No available thread in pool for past 1 seconds.
2021-07-28 07:53:29,598 [Datanode State Machine Thread - 0] WARN  statemachine.StateContext (StateContext.java:execute(621)) - No available thread in pool for past 1 seconds.
2021-07-28 07:53:29,599 [Command processor thread] INFO  keyvalue.KeyValueContainer (KeyValueContainer.java:flushAndSyncDB(397)) - Container 9 is synced with bcsId 35.
2021-07-28 07:53:29,600 [Command processor thread] INFO  keyvalue.KeyValueContainer (KeyValueContainer.java:flushAndSyncDB(397)) - Container 9 is synced with bcsId 35.
2021-07-28 07:53:29,601 [Command processor thread] INFO  keyvalue.KeyValueContainer (KeyValueContainer.java:flushAndSyncDB(397)) - Container 9 is synced with bcsId 35.
2021-07-28 07:53:29,601 [Command processor thread] INFO  keyvalue.KeyValueContainer (KeyValueContainer.java:flushAndSyncDB(397)) - Container 9 is synced with bcsId 35.
2021-07-28 07:53:29,603 [Command processor thread] INFO  keyvalue.KeyValueContainer (KeyValueContainer.java:flushAndSyncDB(397)) - Container 9 is synced with bcsId 35.
2021-07-28 07:53:29,601 [Command processor thread] INFO  keyvalue.KeyValueContainer (KeyValueContainer.java:flushAndSyncDB(397)) - Container 9 is synced with bcsId 35.
2021-07-28 07:53:29,606 [Datanode State Machine Thread - 0] WARN  statemachine.StateContext (StateContext.java:execute(621)) - No available thread in pool for past 1 seconds.
2021-07-28 07:53:29,607 [EventQueue-IncrementalContainerReportForIncrementalContainerReportHandler] INFO  container.IncrementalContainerReportHandler (AbstractContainerReportHandler.java:updateContainerState(216)) - Moving container #9 to QUASI_CLOSED state, datanode 467b1147-9af8-4a8a-b385-ab64be7d3190{ip: 10.1.0.59, host: fv-az122-844.zf1tlrj3kn4expqppa1j4mpycf.xx.internal.cloudapp.net, ports: [REPLICATION=43141, RATIS=44751, RATIS_ADMIN=44751, RATIS_SERVER=44751, STANDALONE=43177], networkLocation: /default-rack, certSerialId: null, persistedOpState: IN_SERVICE, persistedOpStateExpiryEpochSec: 0} reported QUASI_CLOSED replica.
2021-07-28 07:53:29,613 [Datanode State Machine Thread - 0] WARN  statemachine.StateContext (StateContext.java:execute(621)) - No available thread in pool for past 1 seconds.
2021-07-28 07:53:29,615 [Command processor thread] INFO  keyvalue.KeyValueContainer (KeyValueContainer.java:flushAndSyncDB(397)) - Container 13 is synced with bcsId 64.
2021-07-28 07:53:29,615 [Command processor thread] INFO  keyvalue.KeyValueContainer (KeyValueContainer.java:flushAndSyncDB(397)) - Container 13 is synced with bcsId 64.
2021-07-28 07:53:29,619 [Command processor thread] INFO  keyvalue.KeyValueContainer (KeyValueContainer.java:flushAndSyncDB(397)) - Container 13 is synced with bcsId 64.
2021-07-28 07:53:29,619 [Command processor thread] INFO  keyvalue.KeyValueContainer (KeyValueContainer.java:flushAndSyncDB(397)) - Container 13 is synced with bcsId 64.
2021-07-28 07:53:29,620 [Datanode State Machine Thread - 0] WARN  statemachine.StateContext (StateContext.java:execute(621)) - No available thread in pool for past 1 seconds.
2021-07-28 07:53:29,621 [EventQueue-IncrementalContainerReportForIncrementalContainerReportHandler] INFO  container.IncrementalContainerReportHandler (AbstractContainerReportHandler.java:updateContainerState(216)) - Moving container #13 to QUASI_CLOSED state, datanode 467b1147-9af8-4a8a-b385-ab64be7d3190{ip: 10.1.0.59, host: fv-az122-844.zf1tlrj3kn4expqppa1j4mpycf.xx.internal.cloudapp.net, ports: [REPLICATION=43141, RATIS=44751, RATIS_ADMIN=44751, RATIS_SERVER=44751, STANDALONE=43177], networkLocation: /default-rack, certSerialId: null, persistedOpState: IN_SERVICE, persistedOpStateExpiryEpochSec: 0} reported QUASI_CLOSED replica.
2021-07-28 07:53:29,623 [Datanode State Machine Thread - 0] WARN  statemachine.StateContext (StateContext.java:execute(621)) - No available thread in pool for past 1 seconds.
2021-07-28 07:53:29,624 [Command processor thread] INFO  server.RaftServer$Division (RaftServerImpl.java:groupRemove(377)) - 467b1147-9af8-4a8a-b385-ab64be7d3190@group-5534220F2E08: Succeed to remove RaftStorageDirectory Storage Directory /home/runner/work/ozone/ozone/mnt/ozone/hadoop-ozone/integration-test/target/test-dir/MiniOzoneClusterImpl-a96259f6-ef4b-4787-b080-b71d8b5540dd/datanode-2/data/ratis/b0d954c6-bd2b-459d-977f-5534220f2e08
2021-07-28 07:53:29,624 [Command processor thread] INFO  commandhandler.ClosePipelineCommandHandler (ClosePipelineCommandHandler.java:handle(75)) - Close Pipeline PipelineID=b0d954c6-bd2b-459d-977f-5534220f2e08 command on datanode 467b1147-9af8-4a8a-b385-ab64be7d3190.
2021-07-28 07:53:29,625 [Command processor thread] INFO  keyvalue.KeyValueContainer (KeyValueContainer.java:flushAndSyncDB(397)) - Container 13 is synced with bcsId 64.
2021-07-28 07:53:29,625 [Command processor thread] INFO  keyvalue.KeyValueContainer (KeyValueContainer.java:flushAndSyncDB(397)) - Container 13 is synced with bcsId 64.
2021-07-28 07:53:29,626 [Command processor thread] INFO  server.RaftServer$Division (RaftServerImpl.java:groupRemove(377)) - a674a599-5d53-42a4-bc46-5fa1ee6b6120@group-5534220F2E08: Succeed to remove RaftStorageDirectory Storage Directory /home/runner/work/ozone/ozone/mnt/ozone/hadoop-ozone/integration-test/target/test-dir/MiniOzoneClusterImpl-a96259f6-ef4b-4787-b080-b71d8b5540dd/datanode-1/data/ratis/b0d954c6-bd2b-459d-977f-5534220f2e08
2021-07-28 07:53:29,626 [Command processor thread] INFO  commandhandler.ClosePipelineCommandHandler (ClosePipelineCommandHandler.java:handle(75)) - Close Pipeline PipelineID=b0d954c6-bd2b-459d-977f-5534220f2e08 command on datanode a674a599-5d53-42a4-bc46-5fa1ee6b6120.
2021-07-28 07:53:29,626 [Command processor thread] WARN  server.RaftServer (RaftServerProxy.java:remove(101)) - 467b1147-9af8-4a8a-b385-ab64be7d3190: does not contain group: group-5534220F2E08
2021-07-28 07:53:29,627 [Command processor thread] ERROR commandhandler.ClosePipelineCommandHandler (ClosePipelineCommandHandler.java:handle(78)) - Can't close pipeline PipelineID=b0d954c6-bd2b-459d-977f-5534220f2e08
java.io.IOException: 467b1147-9af8-4a8a-b385-ab64be7d3190: Group group-5534220F2E08 not found.
	at org.apache.hadoop.ozone.container.common.transport.server.ratis.XceiverServerRatis.removeGroup(XceiverServerRatis.java:777)
	at org.apache.hadoop.ozone.container.common.statemachine.commandhandler.ClosePipelineCommandHandler.handle(ClosePipelineCommandHandler.java:74)
	at org.apache.hadoop.ozone.container.common.statemachine.commandhandler.CommandDispatcher.handle(CommandDispatcher.java:99)
	at org.apache.hadoop.ozone.container.common.statemachine.DatanodeStateMachine.lambda$initCommandHandlerThread$2(DatanodeStateMachine.java:551)
	at java.lang.Thread.run(Thread.java:748)
Caused by: org.apache.ratis.protocol.exceptions.GroupMismatchException: 467b1147-9af8-4a8a-b385-ab64be7d3190: Group group-5534220F2E08 not found.
	at org.apache.ratis.server.impl.RaftServerProxy.groupRemoveAsync(RaftServerProxy.java:504)
	at org.apache.ratis.server.impl.RaftServerProxy.groupManagementAsync(RaftServerProxy.java:460)
	at org.apache.ratis.server.impl.RaftServerProxy.groupManagement(RaftServerProxy.java:440)
	at org.apache.hadoop.ozone.container.common.transport.server.ratis.XceiverServerRatis.removeGroup(XceiverServerRatis.java:775)
	... 4 more
2021-07-28 07:53:29,627 [Command processor thread] WARN  server.RaftServer (RaftServerProxy.java:remove(101)) - a674a599-5d53-42a4-bc46-5fa1ee6b6120: does not contain group: group-5534220F2E08
2021-07-28 07:53:29,627 [Command processor thread] ERROR commandhandler.ClosePipelineCommandHandler (ClosePipelineCommandHandler.java:handle(78)) - Can't close pipeline PipelineID=b0d954c6-bd2b-459d-977f-5534220f2e08
java.io.IOException: a674a599-5d53-42a4-bc46-5fa1ee6b6120: Group group-5534220F2E08 not found.
	at org.apache.hadoop.ozone.container.common.transport.server.ratis.XceiverServerRatis.removeGroup(XceiverServerRatis.java:777)
	at org.apache.hadoop.ozone.container.common.statemachine.commandhandler.ClosePipelineCommandHandler.handle(ClosePipelineCommandHandler.java:74)
	at org.apache.hadoop.ozone.container.common.statemachine.commandhandler.CommandDispatcher.handle(CommandDispatcher.java:99)
	at org.apache.hadoop.ozone.container.common.statemachine.DatanodeStateMachine.lambda$initCommandHandlerThread$2(DatanodeStateMachine.java:551)
	at java.lang.Thread.run(Thread.java:748)
Caused by: org.apache.ratis.protocol.exceptions.GroupMismatchException: a674a599-5d53-42a4-bc46-5fa1ee6b6120: Group group-5534220F2E08 not found.
	at org.apache.ratis.server.impl.RaftServerProxy.groupRemoveAsync(RaftServerProxy.java:504)
	at org.apache.ratis.server.impl.RaftServerProxy.groupManagementAsync(RaftServerProxy.java:460)
	at org.apache.ratis.server.impl.RaftServerProxy.groupManagement(RaftServerProxy.java:440)
	at org.apache.hadoop.ozone.container.common.transport.server.ratis.XceiverServerRatis.removeGroup(XceiverServerRatis.java:775)
	... 4 more
2021-07-28 07:53:29,627 [Command processor thread] WARN  server.RaftServer (RaftServerProxy.java:remove(101)) - a674a599-5d53-42a4-bc46-5fa1ee6b6120: does not contain group: group-5534220F2E08
2021-07-28 07:53:29,629 [Command processor thread] ERROR commandhandler.ClosePipelineCommandHandler (ClosePipelineCommandHandler.java:handle(78)) - Can't close pipeline PipelineID=b0d954c6-bd2b-459d-977f-5534220f2e08
java.io.IOException: a674a599-5d53-42a4-bc46-5fa1ee6b6120: Group group-5534220F2E08 not found.
	at org.apache.hadoop.ozone.container.common.transport.server.ratis.XceiverServerRatis.removeGroup(XceiverServerRatis.java:777)
	at org.apache.hadoop.ozone.container.common.statemachine.commandhandler.ClosePipelineCommandHandler.handle(ClosePipelineCommandHandler.java:74)
	at org.apache.hadoop.ozone.container.common.statemachine.commandhandler.CommandDispatcher.handle(CommandDispatcher.java:99)
	at org.apache.hadoop.ozone.container.common.statemachine.DatanodeStateMachine.lambda$initCommandHandlerThread$2(DatanodeStateMachine.java:551)
	at java.lang.Thread.run(Thread.java:748)
Caused by: org.apache.ratis.protocol.exceptions.GroupMismatchException: a674a599-5d53-42a4-bc46-5fa1ee6b6120: Group group-5534220F2E08 not found.
	at org.apache.ratis.server.impl.RaftServerProxy.groupRemoveAsync(RaftServerProxy.java:504)
	at org.apache.ratis.server.impl.RaftServerProxy.groupManagementAsync(RaftServerProxy.java:460)
	at org.apache.ratis.server.impl.RaftServerProxy.groupManagement(RaftServerProxy.java:440)
	at org.apache.hadoop.ozone.container.common.transport.server.ratis.XceiverServerRatis.removeGroup(XceiverServerRatis.java:775)
	... 4 more
2021-07-28 07:53:29,630 [Command processor thread] WARN  server.RaftServer (RaftServerProxy.java:remove(101)) - a674a599-5d53-42a4-bc46-5fa1ee6b6120: does not contain group: group-5534220F2E08
2021-07-28 07:53:29,630 [Command processor thread] ERROR commandhandler.ClosePipelineCommandHandler (ClosePipelineCommandHandler.java:handle(78)) - Can't close pipeline PipelineID=b0d954c6-bd2b-459d-977f-5534220f2e08
java.io.IOException: a674a599-5d53-42a4-bc46-5fa1ee6b6120: Group group-5534220F2E08 not found.
	at org.apache.hadoop.ozone.container.common.transport.server.ratis.XceiverServerRatis.removeGroup(XceiverServerRatis.java:777)
	at org.apache.hadoop.ozone.container.common.statemachine.commandhandler.ClosePipelineCommandHandler.handle(ClosePipelineCommandHandler.java:74)
	at org.apache.hadoop.ozone.container.common.statemachine.commandhandler.CommandDispatcher.handle(CommandDispatcher.java:99)
	at org.apache.hadoop.ozone.container.common.statemachine.DatanodeStateMachine.lambda$initCommandHandlerThread$2(DatanodeStateMachine.java:551)
	at java.lang.Thread.run(Thread.java:748)
Caused by: org.apache.ratis.protocol.exceptions.GroupMismatchException: a674a599-5d53-42a4-bc46-5fa1ee6b6120: Group group-5534220F2E08 not found.
	at org.apache.ratis.server.impl.RaftServerProxy.groupRemoveAsync(RaftServerProxy.java:504)
	at org.apache.ratis.server.impl.RaftServerProxy.groupManagementAsync(RaftServerProxy.java:460)
	at org.apache.ratis.server.impl.RaftServerProxy.groupManagement(RaftServerProxy.java:440)
	at org.apache.hadoop.ozone.container.common.transport.server.ratis.XceiverServerRatis.removeGroup(XceiverServerRatis.java:775)
	... 4 more
2021-07-28 07:53:29,630 [Command processor thread] WARN  server.RaftServer (RaftServerProxy.java:remove(101)) - a674a599-5d53-42a4-bc46-5fa1ee6b6120: does not contain group: group-5534220F2E08
2021-07-28 07:53:29,632 [Command processor thread] ERROR commandhandler.ClosePipelineCommandHandler (ClosePipelineCommandHandler.java:handle(78)) - Can't close pipeline PipelineID=b0d954c6-bd2b-459d-977f-5534220f2e08
java.io.IOException: a674a599-5d53-42a4-bc46-5fa1ee6b6120: Group group-5534220F2E08 not found.
	at org.apache.hadoop.ozone.container.common.transport.server.ratis.XceiverServerRatis.removeGroup(XceiverServerRatis.java:777)
	at org.apache.hadoop.ozone.container.common.statemachine.commandhandler.ClosePipelineCommandHandler.handle(ClosePipelineCommandHandler.java:74)
	at org.apache.hadoop.ozone.container.common.statemachine.commandhandler.CommandDispatcher.handle(CommandDispatcher.java:99)
	at org.apache.hadoop.ozone.container.common.statemachine.DatanodeStateMachine.lambda$initCommandHandlerThread$2(DatanodeStateMachine.java:551)
	at java.lang.Thread.run(Thread.java:748)
Caused by: org.apache.ratis.protocol.exceptions.GroupMismatchException: a674a599-5d53-42a4-bc46-5fa1ee6b6120: Group group-5534220F2E08 not found.
	at org.apache.ratis.server.impl.RaftServerProxy.groupRemoveAsync(RaftServerProxy.java:504)
	at org.apache.ratis.server.impl.RaftServerProxy.groupManagementAsync(RaftServerProxy.java:460)
	at org.apache.ratis.server.impl.RaftServerProxy.groupManagement(RaftServerProxy.java:440)
	at org.apache.hadoop.ozone.container.common.transport.server.ratis.XceiverServerRatis.removeGroup(XceiverServerRatis.java:775)
	... 4 more
2021-07-28 07:53:29,629 [Command processor thread] INFO  server.RaftServer$Division (RaftServerImpl.java:groupRemove(377)) - fb2badcd-980e-47d5-8637-c5d5f1096a93@group-5534220F2E08: Succeed to remove RaftStorageDirectory Storage Directory /home/runner/work/ozone/ozone/mnt/ozone/hadoop-ozone/integration-test/target/test-dir/MiniOzoneClusterImpl-a96259f6-ef4b-4787-b080-b71d8b5540dd/datanode-0/data/ratis/b0d954c6-bd2b-459d-977f-5534220f2e08
2021-07-28 07:53:29,633 [Command processor thread] INFO  commandhandler.ClosePipelineCommandHandler (ClosePipelineCommandHandler.java:handle(75)) - Close Pipeline PipelineID=b0d954c6-bd2b-459d-977f-5534220f2e08 command on datanode fb2badcd-980e-47d5-8637-c5d5f1096a93.
2021-07-28 07:53:29,633 [Command processor thread] WARN  server.RaftServer (RaftServerProxy.java:remove(101)) - fb2badcd-980e-47d5-8637-c5d5f1096a93: does not contain group: group-5534220F2E08
2021-07-28 07:53:29,633 [Command processor thread] ERROR commandhandler.ClosePipelineCommandHandler (ClosePipelineCommandHandler.java:handle(78)) - Can't close pipeline PipelineID=b0d954c6-bd2b-459d-977f-5534220f2e08
java.io.IOException: fb2badcd-980e-47d5-8637-c5d5f1096a93: Group group-5534220F2E08 not found.
	at org.apache.hadoop.ozone.container.common.transport.server.ratis.XceiverServerRatis.removeGroup(XceiverServerRatis.java:777)
	at org.apache.hadoop.ozone.container.common.statemachine.commandhandler.ClosePipelineCommandHandler.handle(ClosePipelineCommandHandler.java:74)
	at org.apache.hadoop.ozone.container.common.statemachine.commandhandler.CommandDispatcher.handle(CommandDispatcher.java:99)
	at org.apache.hadoop.ozone.container.common.statemachine.DatanodeStateMachine.lambda$initCommandHandlerThread$2(DatanodeStateMachine.java:551)
	at java.lang.Thread.run(Thread.java:748)
Caused by: org.apache.ratis.protocol.exceptions.GroupMismatchException: fb2badcd-980e-47d5-8637-c5d5f1096a93: Group group-5534220F2E08 not found.
	at org.apache.ratis.server.impl.RaftServerProxy.groupRemoveAsync(RaftServerProxy.java:504)
	at org.apache.ratis.server.impl.RaftServerProxy.groupManagementAsync(RaftServerProxy.java:460)
	at org.apache.ratis.server.impl.RaftServerProxy.groupManagement(RaftServerProxy.java:440)
	at org.apache.hadoop.ozone.container.common.transport.server.ratis.XceiverServerRatis.removeGroup(XceiverServerRatis.java:775)
	... 4 more
2021-07-28 07:53:29,633 [Command processor thread] WARN  server.RaftServer (RaftServerProxy.java:remove(101)) - fb2badcd-980e-47d5-8637-c5d5f1096a93: does not contain group: group-5534220F2E08
2021-07-28 07:53:29,634 [Command processor thread] ERROR commandhandler.ClosePipelineCommandHandler (ClosePipelineCommandHandler.java:handle(78)) - Can't close pipeline PipelineID=b0d954c6-bd2b-459d-977f-5534220f2e08
java.io.IOException: fb2badcd-980e-47d5-8637-c5d5f1096a93: Group group-5534220F2E08 not found.
	at org.apache.hadoop.ozone.container.common.transport.server.ratis.XceiverServerRatis.removeGroup(XceiverServerRatis.java:777)
	at org.apache.hadoop.ozone.container.common.statemachine.commandhandler.ClosePipelineCommandHandler.handle(ClosePipelineCommandHandler.java:74)
	at org.apache.hadoop.ozone.container.common.statemachine.commandhandler.CommandDispatcher.handle(CommandDispatcher.java:99)
	at org.apache.hadoop.ozone.container.common.statemachine.DatanodeStateMachine.lambda$initCommandHandlerThread$2(DatanodeStateMachine.java:551)
	at java.lang.Thread.run(Thread.java:748)
Caused by: org.apache.ratis.protocol.exceptions.GroupMismatchException: fb2badcd-980e-47d5-8637-c5d5f1096a93: Group group-5534220F2E08 not found.
	at org.apache.ratis.server.impl.RaftServerProxy.groupRemoveAsync(RaftServerProxy.java:504)
	at org.apache.ratis.server.impl.RaftServerProxy.groupManagementAsync(RaftServerProxy.java:460)
	at org.apache.ratis.server.impl.RaftServerProxy.groupManagement(RaftServerProxy.java:440)
	at org.apache.hadoop.ozone.container.common.transport.server.ratis.XceiverServerRatis.removeGroup(XceiverServerRatis.java:775)
	... 4 more
2021-07-28 07:53:29,634 [Command processor thread] WARN  server.RaftServer (RaftServerProxy.java:remove(101)) - fb2badcd-980e-47d5-8637-c5d5f1096a93: does not contain group: group-5534220F2E08
2021-07-28 07:53:29,634 [Command processor thread] ERROR commandhandler.ClosePipelineCommandHandler (ClosePipelineCommandHandler.java:handle(78)) - Can't close pipeline PipelineID=b0d954c6-bd2b-459d-977f-5534220f2e08
java.io.IOException: fb2badcd-980e-47d5-8637-c5d5f1096a93: Group group-5534220F2E08 not found.
	at org.apache.hadoop.ozone.container.common.transport.server.ratis.XceiverServerRatis.removeGroup(XceiverServerRatis.java:777)
	at org.apache.hadoop.ozone.container.common.statemachine.commandhandler.ClosePipelineCommandHandler.handle(ClosePipelineCommandHandler.java:74)
	at org.apache.hadoop.ozone.container.common.statemachine.commandhandler.CommandDispatcher.handle(CommandDispatcher.java:99)
	at org.apache.hadoop.ozone.container.common.statemachine.DatanodeStateMachine.lambda$initCommandHandlerThread$2(DatanodeStateMachine.java:551)
	at java.lang.Thread.run(Thread.java:748)
Caused by: org.apache.ratis.protocol.exceptions.GroupMismatchException: fb2badcd-980e-47d5-8637-c5d5f1096a93: Group group-5534220F2E08 not found.
	at org.apache.ratis.server.impl.RaftServerProxy.groupRemoveAsync(RaftServerProxy.java:504)
	at org.apache.ratis.server.impl.RaftServerProxy.groupManagementAsync(RaftServerProxy.java:460)
	at org.apache.ratis.server.impl.RaftServerProxy.groupManagement(RaftServerProxy.java:440)
	at org.apache.hadoop.ozone.container.common.transport.server.ratis.XceiverServerRatis.removeGroup(XceiverServerRatis.java:775)
	... 4 more
2021-07-28 07:53:36,774 [Time-limited test] WARN  io.KeyOutputStream (KeyOutputStream.java:handleException(318)) - Encountered exception java.io.IOException: Unexpected Storage Container Exception: java.util.concurrent.CompletionException: Failed to write chunk 107544261427200022_chunk_1 into block conID: 18 locID: 107544261427200022 bcsId: 0 on the pipeline Pipeline[ Id: b0d954c6-bd2b-459d-977f-5534220f2e08, Nodes: a674a599-5d53-42a4-bc46-5fa1ee6b6120{ip: 10.1.0.59, host: fv-az122-844.zf1tlrj3kn4expqppa1j4mpycf.xx.internal.cloudapp.net, ports: [REPLICATION=40055, RATIS=36049, RATIS_ADMIN=36049, RATIS_SERVER=36049, STANDALONE=36837], networkLocation: /default-rack, certSerialId: null, persistedOpState: IN_SERVICE, persistedOpStateExpiryEpochSec: 0}fb2badcd-980e-47d5-8637-c5d5f1096a93{ip: 10.1.0.59, host: fv-az122-844.zf1tlrj3kn4expqppa1j4mpycf.xx.internal.cloudapp.net, ports: [REPLICATION=41901, RATIS=43275, RATIS_ADMIN=43275, RATIS_SERVER=43275, STANDALONE=46155], networkLocation: /default-rack, certSerialId: null, persistedOpState: IN_SERVICE, persistedOpStateExpiryEpochSec: 0}467b1147-9af8-4a8a-b385-ab64be7d3190{ip: 10.1.0.59, host: fv-az122-844.zf1tlrj3kn4expqppa1j4mpycf.xx.internal.cloudapp.net, ports: [REPLICATION=43141, RATIS=44751, RATIS_ADMIN=44751, RATIS_SERVER=44751, STANDALONE=43177], networkLocation: /default-rack, certSerialId: null, persistedOpState: IN_SERVICE, persistedOpStateExpiryEpochSec: 0}, ReplicationConfig: RATIS/THREE, State:OPEN, leaderId:467b1147-9af8-4a8a-b385-ab64be7d3190, CreationTimestamp2021-07-28T07:52:48.440Z[Etc/UTC]]. The last committed block length is 0, uncommitted data length is 2097152 retry count 1
2021-07-28 07:53:36,779 [IPC Server handler 6 on default port 44325] INFO  pipeline.RatisPipelineProvider (RatisPipelineProvider.java:lambda$create$0(183)) - Sending CreatePipelineCommand for pipeline:PipelineID=ea5821a1-dec0-4bdd-bc7b-1aad04900cf6 to datanode:467b1147-9af8-4a8a-b385-ab64be7d3190
2021-07-28 07:53:36,779 [IPC Server handler 6 on default port 44325] INFO  pipeline.RatisPipelineProvider (RatisPipelineProvider.java:lambda$create$0(183)) - Sending CreatePipelineCommand for pipeline:PipelineID=ea5821a1-dec0-4bdd-bc7b-1aad04900cf6 to datanode:fb2badcd-980e-47d5-8637-c5d5f1096a93
2021-07-28 07:53:36,779 [IPC Server handler 6 on default port 44325] INFO  pipeline.RatisPipelineProvider (RatisPipelineProvider.java:lambda$create$0(183)) - Sending CreatePipelineCommand for pipeline:PipelineID=ea5821a1-dec0-4bdd-bc7b-1aad04900cf6 to datanode:f19dbdd6-282f-4efe-908f-d2dc7f79f7bd
2021-07-28 07:53:36,779 [IPC Server handler 6 on default port 44325] INFO  pipeline.PipelineStateManager (PipelineStateManagerV2Impl.java:addPipeline(101)) - Created pipeline Pipeline[ Id: ea5821a1-dec0-4bdd-bc7b-1aad04900cf6, Nodes: 467b1147-9af8-4a8a-b385-ab64be7d3190{ip: 10.1.0.59, host: fv-az122-844.zf1tlrj3kn4expqppa1j4mpycf.xx.internal.cloudapp.net, ports: [REPLICATION=43141, RATIS=44751, RATIS_ADMIN=44751, RATIS_SERVER=44751, STANDALONE=43177], networkLocation: /default-rack, certSerialId: null, persistedOpState: IN_SERVICE, persistedOpStateExpiryEpochSec: 0}fb2badcd-980e-47d5-8637-c5d5f1096a93{ip: 10.1.0.59, host: fv-az122-844.zf1tlrj3kn4expqppa1j4mpycf.xx.internal.cloudapp.net, ports: [REPLICATION=41901, RATIS=43275, RATIS_ADMIN=43275, RATIS_SERVER=43275, STANDALONE=46155], networkLocation: /default-rack, certSerialId: null, persistedOpState: IN_SERVICE, persistedOpStateExpiryEpochSec: 0}f19dbdd6-282f-4efe-908f-d2dc7f79f7bd{ip: 10.1.0.59, host: fv-az122-844.zf1tlrj3kn4expqppa1j4mpycf.xx.internal.cloudapp.net, ports: [REPLICATION=33441, RATIS=35597, RATIS_ADMIN=35597, RATIS_SERVER=35597, STANDALONE=45331], networkLocation: /default-rack, certSerialId: null, persistedOpState: IN_SERVICE, persistedOpStateExpiryEpochSec: 0}, ReplicationConfig: RATIS/THREE, State:ALLOCATED, leaderId:, CreationTimestamp2021-07-28T07:53:36.779Z[Etc/UTC]].
2021-07-28 07:53:37,999 [Command processor thread] INFO  server.RaftServer (RaftServerProxy.java:addNew(95)) - f19dbdd6-282f-4efe-908f-d2dc7f79f7bd: addNew group-1AAD04900CF6:[467b1147-9af8-4a8a-b385-ab64be7d3190|rpc:10.1.0.59:44751|priority:1, f19dbdd6-282f-4efe-908f-d2dc7f79f7bd|rpc:10.1.0.59:35597|priority:0, fb2badcd-980e-47d5-8637-c5d5f1096a93|rpc:10.1.0.59:43275|priority:0] returns group-1AAD04900CF6:java.util.concurrent.CompletableFuture@65facc76[Not completed]
2021-07-28 07:53:38,000 [pool-126-thread-1] INFO  server.RaftServer$Division (RaftServerImpl.java:<init>(181)) - f19dbdd6-282f-4efe-908f-d2dc7f79f7bd: new RaftServerImpl for group-1AAD04900CF6:[467b1147-9af8-4a8a-b385-ab64be7d3190|rpc:10.1.0.59:44751|priority:1, f19dbdd6-282f-4efe-908f-d2dc7f79f7bd|rpc:10.1.0.59:35597|priority:0, fb2badcd-980e-47d5-8637-c5d5f1096a93|rpc:10.1.0.59:43275|priority:0] with ContainerStateMachine:uninitialized
2021-07-28 07:53:38,000 [pool-126-thread-1] INFO  server.RaftServerConfigKeys (ConfUtils.java:logGet(44)) - raft.server.rpc.timeout.min = 5s (custom)
2021-07-28 07:53:38,000 [pool-126-thread-1] INFO  server.RaftServerConfigKeys (ConfUtils.java:logGet(44)) - raft.server.rpc.timeout.max = 5200ms (custom)
2021-07-28 07:53:38,000 [pool-126-thread-1] INFO  server.RaftServerConfigKeys (ConfUtils.java:logGet(44)) - raft.server.rpc.sleep.time = 25ms (default)
2021-07-28 07:53:38,000 [pool-126-thread-1] INFO  server.RaftServerConfigKeys (ConfUtils.java:logGet(44)) - raft.server.rpc.slowness.timeout = 300s (custom)
2021-07-28 07:53:38,001 [pool-126-thread-1] INFO  server.RaftServerConfigKeys (ConfUtils.java:logGet(44)) - raft.server.leaderelection.leader.step-down.wait-time = 10s (default)
2021-07-28 07:53:38,001 [pool-126-thread-1] INFO  server.RaftServerConfigKeys (ConfUtils.java:logGet(44)) - raft.server.sleep.deviation.threshold = 300ms (default)
2021-07-28 07:53:38,001 [pool-126-thread-1] INFO  server.RaftServerConfigKeys (ConfUtils.java:logGet(44)) - raft.server.log.appender.install.snapshot.enabled = false (custom)
2021-07-28 07:53:38,001 [pool-126-thread-1] INFO  server.RaftServer$Division (ServerState.java:<init>(105)) - f19dbdd6-282f-4efe-908f-d2dc7f79f7bd@group-1AAD04900CF6: ConfigurationManager, init=-1: [467b1147-9af8-4a8a-b385-ab64be7d3190|rpc:10.1.0.59:44751|priority:1, f19dbdd6-282f-4efe-908f-d2dc7f79f7bd|rpc:10.1.0.59:35597|priority:0, fb2badcd-980e-47d5-8637-c5d5f1096a93|rpc:10.1.0.59:43275|priority:0], old=null, confs=<EMPTY_MAP>
2021-07-28 07:53:38,001 [pool-126-thread-1] INFO  server.RaftServerConfigKeys (ConfUtils.java:logGet(44)) - raft.server.storage.dir = [/home/runner/work/ozone/ozone/mnt/ozone/hadoop-ozone/integration-test/target/test-dir/MiniOzoneClusterImpl-a96259f6-ef4b-4787-b080-b71d8b5540dd/datanode-4/data/ratis] (custom)
2021-07-28 07:53:38,001 [pool-126-thread-1] INFO  server.RaftServerConfigKeys (ConfUtils.java:logGet(44)) - raft.server.log.corruption.policy = EXCEPTION (default)
2021-07-28 07:53:38,001 [pool-126-thread-1] INFO  server.RaftServerConfigKeys (ConfUtils.java:logGet(44)) - raft.server.storage.free-space.min = 0MB (=0) (default)
2021-07-28 07:53:38,002 [pool-126-thread-1] INFO  storage.RaftStorageDirectory (RaftStorageDirectoryImpl.java:analyzeStorage(135)) - The storage directory /home/runner/work/ozone/ozone/mnt/ozone/hadoop-ozone/integration-test/target/test-dir/MiniOzoneClusterImpl-a96259f6-ef4b-4787-b080-b71d8b5540dd/datanode-4/data/ratis/ea5821a1-dec0-4bdd-bc7b-1aad04900cf6 does not exist. Creating ...
2021-07-28 07:53:38,003 [pool-126-thread-1] INFO  storage.RaftStorageDirectory (RaftStorageDirectoryImpl.java:tryLock(230)) - Lock on /home/runner/work/ozone/ozone/mnt/ozone/hadoop-ozone/integration-test/target/test-dir/MiniOzoneClusterImpl-a96259f6-ef4b-4787-b080-b71d8b5540dd/datanode-4/data/ratis/ea5821a1-dec0-4bdd-bc7b-1aad04900cf6/in_use.lock acquired by nodename 7227@fv-az122-844
2021-07-28 07:53:38,005 [pool-126-thread-1] INFO  storage.RaftStorage (RaftStorageImpl.java:format(89)) - Storage directory /home/runner/work/ozone/ozone/mnt/ozone/hadoop-ozone/integration-test/target/test-dir/MiniOzoneClusterImpl-a96259f6-ef4b-4787-b080-b71d8b5540dd/datanode-4/data/ratis/ea5821a1-dec0-4bdd-bc7b-1aad04900cf6 has been successfully formatted.
2021-07-28 07:53:38,005 [pool-126-thread-1] INFO  ratis.ContainerStateMachine (ContainerStateMachine.java:loadSnapshot(223)) - group-1AAD04900CF6: The snapshot info is null. Setting the last applied indexto:(t:0, i:~)
2021-07-28 07:53:38,005 [pool-126-thread-1] INFO  server.RaftServerConfigKeys (ConfUtils.java:logGet(44)) - raft.server.notification.no-leader.timeout = 300s (custom)
2021-07-28 07:53:38,005 [pool-126-thread-1] INFO  server.RaftServerConfigKeys (ConfUtils.java:logGet(44)) - raft.server.log.use.memory = false (default)
2021-07-28 07:53:38,005 [pool-126-thread-1] INFO  server.RaftServerConfigKeys (ConfUtils.java:logGet(44)) - raft.server.log.purge.gap = 1000000 (custom)
2021-07-28 07:53:38,006 [pool-126-thread-1] INFO  server.RaftServerConfigKeys (ConfUtils.java:logGet(44)) - raft.server.log.appender.buffer.byte-limit = 33554432 (custom)
2021-07-28 07:53:38,006 [pool-126-thread-1] INFO  server.RaftServerConfigKeys (ConfUtils.java:logGet(44)) - raft.server.log.segment.size.max = 1048576 (custom)
2021-07-28 07:53:38,006 [pool-126-thread-1] INFO  server.RaftServerConfigKeys (ConfUtils.java:logGet(44)) - raft.server.log.segment.cache.num.max = 2 (custom)
2021-07-28 07:53:38,006 [pool-126-thread-1] INFO  server.RaftServerConfigKeys (ConfUtils.java:logGet(44)) - raft.server.log.segment.cache.size.max = 200MB (=209715200) (default)
2021-07-28 07:53:38,007 [pool-126-thread-1] INFO  segmented.SegmentedRaftLogWorker (SegmentedRaftLogWorker.java:<init>(182)) - new f19dbdd6-282f-4efe-908f-d2dc7f79f7bd@group-1AAD04900CF6-SegmentedRaftLogWorker for RaftStorageImpl:Storage Directory /home/runner/work/ozone/ozone/mnt/ozone/hadoop-ozone/integration-test/target/test-dir/MiniOzoneClusterImpl-a96259f6-ef4b-4787-b080-b71d8b5540dd/datanode-4/data/ratis/ea5821a1-dec0-4bdd-bc7b-1aad04900cf6
2021-07-28 07:53:38,007 [pool-126-thread-1] INFO  server.RaftServerConfigKeys (ConfUtils.java:logGet(44)) - raft.server.log.queue.byte-limit = 2147483647 (custom)
2021-07-28 07:53:38,007 [pool-126-thread-1] INFO  server.RaftServerConfigKeys (ConfUtils.java:logGet(44)) - raft.server.log.queue.element-limit = 1024 (custom)
2021-07-28 07:53:38,007 [pool-126-thread-1] INFO  server.RaftServerConfigKeys (ConfUtils.java:logGet(44)) - raft.server.log.segment.size.max = 1048576 (custom)
2021-07-28 07:53:38,007 [pool-126-thread-1] INFO  server.RaftServerConfigKeys (ConfUtils.java:logGet(44)) - raft.server.log.preallocated.size = 16384 (custom)
2021-07-28 07:53:38,007 [pool-126-thread-1] INFO  server.RaftServerConfigKeys (ConfUtils.java:logGet(44)) - raft.server.log.force.sync.num = 128 (default)
2021-07-28 07:53:38,007 [pool-126-thread-1] INFO  server.RaftServerConfigKeys (ConfUtils.java:logGet(44)) - raft.server.log.statemachine.data.sync = true (default)
2021-07-28 07:53:38,007 [pool-126-thread-1] INFO  server.RaftServerConfigKeys (ConfUtils.java:logGet(44)) - raft.server.log.statemachine.data.sync.timeout = 10s (default)
2021-07-28 07:53:38,007 [pool-126-thread-1] INFO  server.RaftServerConfigKeys (ConfUtils.java:logGet(44)) - raft.server.log.statemachine.data.sync.timeout.retry = -1 (default)
2021-07-28 07:53:38,009 [pool-126-thread-1] INFO  server.RaftServerConfigKeys (ConfUtils.java:logGet(44)) - raft.server.log.write.buffer.size = 1048576 (custom)
2021-07-28 07:53:38,005 [Datanode State Machine Thread - 0] WARN  statemachine.StateContext (StateContext.java:execute(621)) - No available thread in pool for past 1 seconds.
2021-07-28 07:53:38,011 [pool-126-thread-1] INFO  server.RaftServerConfigKeys (ConfUtils.java:logGet(44)) - raft.server.log.statemachine.data.caching.enabled = true (custom)
2021-07-28 07:53:38,011 [pool-126-thread-1] INFO  segmented.SegmentedRaftLogWorker (SegmentedRaftLogWorker.java:lambda$new$0(133)) - f19dbdd6-282f-4efe-908f-d2dc7f79f7bd@group-1AAD04900CF6-SegmentedRaftLogWorker: flushIndex: setUnconditionally 0 -> -1
2021-07-28 07:53:38,011 [pool-126-thread-1] INFO  segmented.SegmentedRaftLogWorker (SegmentedRaftLogWorker.java:lambda$new$0(133)) - f19dbdd6-282f-4efe-908f-d2dc7f79f7bd@group-1AAD04900CF6-SegmentedRaftLogWorker: safeCacheEvictIndex: setUnconditionally 0 -> -1
2021-07-28 07:53:38,011 [pool-126-thread-1] INFO  server.RaftServerConfigKeys (ConfUtils.java:logGet(44)) - raft.server.snapshot.auto.trigger.enabled = true (custom)
2021-07-28 07:53:38,011 [pool-126-thread-1] INFO  server.RaftServerConfigKeys (ConfUtils.java:logGet(44)) - raft.server.snapshot.auto.trigger.threshold = 10000 (custom)
2021-07-28 07:53:38,011 [pool-126-thread-1] INFO  server.RaftServerConfigKeys (ConfUtils.java:logGet(44)) - raft.server.snapshot.retention.file.num = 5 (custom)
2021-07-28 07:53:38,012 [pool-126-thread-1] INFO  server.RaftServerConfigKeys (ConfUtils.java:logGet(44)) - raft.server.log.purge.upto.snapshot.index = false (default)
2021-07-28 07:53:38,012 [pool-126-thread-1] INFO  server.RaftServerConfigKeys (ConfUtils.java:logGet(44)) - raft.server.retrycache.expirytime = 600000ms (custom)
2021-07-28 07:53:38,012 [pool-126-thread-1] INFO  server.RaftServerConfigKeys (ConfUtils.java:logGet(44)) - raft.server.retrycache.statistics.expirytime = 100μs (default)
2021-07-28 07:53:38,013 [pool-126-thread-1] INFO  server.RaftServer$Division (RaftServerImpl.java:start(296)) - f19dbdd6-282f-4efe-908f-d2dc7f79f7bd@group-1AAD04900CF6: start as a follower, conf=-1: [467b1147-9af8-4a8a-b385-ab64be7d3190|rpc:10.1.0.59:44751|priority:1, f19dbdd6-282f-4efe-908f-d2dc7f79f7bd|rpc:10.1.0.59:35597|priority:0, fb2badcd-980e-47d5-8637-c5d5f1096a93|rpc:10.1.0.59:43275|priority:0], old=null
2021-07-28 07:53:38,013 [pool-126-thread-1] INFO  server.RaftServer$Division (RaftServerImpl.java:setRole(285)) - f19dbdd6-282f-4efe-908f-d2dc7f79f7bd@group-1AAD04900CF6: changes role from      null to FOLLOWER at term 0 for startAsFollower
2021-07-28 07:53:38,013 [pool-126-thread-1] INFO  impl.RoleInfo (RoleInfo.java:updateAndGet(130)) - f19dbdd6-282f-4efe-908f-d2dc7f79f7bd: start f19dbdd6-282f-4efe-908f-d2dc7f79f7bd@group-1AAD04900CF6-FollowerState
2021-07-28 07:53:38,017 [pool-126-thread-1] INFO  util.JmxRegister (JmxRegister.java:tryRegister(44)) - Successfully registered JMX Bean with object name Ratis:service=RaftServer,group=group-1AAD04900CF6,id=f19dbdd6-282f-4efe-908f-d2dc7f79f7bd
2021-07-28 07:53:38,017 [Command processor thread] INFO  ratis.XceiverServerRatis (XceiverServerRatis.java:addGroup(759)) - Created group PipelineID=ea5821a1-dec0-4bdd-bc7b-1aad04900cf6
2021-07-28 07:53:38,026 [grpc-default-executor-3] INFO  server.RaftServer (RaftServerProxy.java:addNew(95)) - 467b1147-9af8-4a8a-b385-ab64be7d3190: addNew group-1AAD04900CF6:[467b1147-9af8-4a8a-b385-ab64be7d3190|rpc:10.1.0.59:44751|dataStream:|priority:1, f19dbdd6-282f-4efe-908f-d2dc7f79f7bd|rpc:10.1.0.59:35597|dataStream:|priority:0, fb2badcd-980e-47d5-8637-c5d5f1096a93|rpc:10.1.0.59:43275|dataStream:|priority:0] returns group-1AAD04900CF6:java.util.concurrent.CompletableFuture@49d61446[Not completed]
2021-07-28 07:53:38,027 [pool-90-thread-1] INFO  server.RaftServer$Division (RaftServerImpl.java:<init>(181)) - 467b1147-9af8-4a8a-b385-ab64be7d3190: new RaftServerImpl for group-1AAD04900CF6:[467b1147-9af8-4a8a-b385-ab64be7d3190|rpc:10.1.0.59:44751|dataStream:|priority:1, f19dbdd6-282f-4efe-908f-d2dc7f79f7bd|rpc:10.1.0.59:35597|dataStream:|priority:0, fb2badcd-980e-47d5-8637-c5d5f1096a93|rpc:10.1.0.59:43275|dataStream:|priority:0] with ContainerStateMachine:uninitialized
2021-07-28 07:53:38,027 [pool-90-thread-1] INFO  server.RaftServerConfigKeys (ConfUtils.java:logGet(44)) - raft.server.rpc.timeout.min = 5s (custom)
2021-07-28 07:53:38,027 [pool-90-thread-1] INFO  server.RaftServerConfigKeys (ConfUtils.java:logGet(44)) - raft.server.rpc.timeout.max = 5200ms (custom)
2021-07-28 07:53:38,027 [pool-90-thread-1] INFO  server.RaftServerConfigKeys (ConfUtils.java:logGet(44)) - raft.server.rpc.sleep.time = 25ms (default)
2021-07-28 07:53:38,027 [pool-90-thread-1] INFO  server.RaftServerConfigKeys (ConfUtils.java:logGet(44)) - raft.server.rpc.slowness.timeout = 300s (custom)
2021-07-28 07:53:38,027 [pool-90-thread-1] INFO  server.RaftServerConfigKeys (ConfUtils.java:logGet(44)) - raft.server.leaderelection.leader.step-down.wait-time = 10s (default)
2021-07-28 07:53:38,027 [pool-90-thread-1] INFO  server.RaftServerConfigKeys (ConfUtils.java:logGet(44)) - raft.server.sleep.deviation.threshold = 300ms (default)
2021-07-28 07:53:38,027 [pool-90-thread-1] INFO  server.RaftServerConfigKeys (ConfUtils.java:logGet(44)) - raft.server.log.appender.install.snapshot.enabled = false (custom)
2021-07-28 07:53:38,027 [pool-90-thread-1] INFO  server.RaftServer$Division (ServerState.java:<init>(105)) - 467b1147-9af8-4a8a-b385-ab64be7d3190@group-1AAD04900CF6: ConfigurationManager, init=-1: [467b1147-9af8-4a8a-b385-ab64be7d3190|rpc:10.1.0.59:44751|dataStream:|priority:1, f19dbdd6-282f-4efe-908f-d2dc7f79f7bd|rpc:10.1.0.59:35597|dataStream:|priority:0, fb2badcd-980e-47d5-8637-c5d5f1096a93|rpc:10.1.0.59:43275|dataStream:|priority:0], old=null, confs=<EMPTY_MAP>
2021-07-28 07:53:38,027 [pool-90-thread-1] INFO  server.RaftServerConfigKeys (ConfUtils.java:logGet(44)) - raft.server.storage.dir = [/home/runner/work/ozone/ozone/mnt/ozone/hadoop-ozone/integration-test/target/test-dir/MiniOzoneClusterImpl-a96259f6-ef4b-4787-b080-b71d8b5540dd/datanode-2/data/ratis] (custom)
2021-07-28 07:53:38,028 [pool-90-thread-1] INFO  server.RaftServerConfigKeys (ConfUtils.java:logGet(44)) - raft.server.log.corruption.policy = EXCEPTION (default)
2021-07-28 07:53:38,028 [pool-90-thread-1] INFO  server.RaftServerConfigKeys (ConfUtils.java:logGet(44)) - raft.server.storage.free-space.min = 0MB (=0) (default)
2021-07-28 07:53:38,028 [pool-90-thread-1] INFO  storage.RaftStorageDirectory (RaftStorageDirectoryImpl.java:analyzeStorage(135)) - The storage directory /home/runner/work/ozone/ozone/mnt/ozone/hadoop-ozone/integration-test/target/test-dir/MiniOzoneClusterImpl-a96259f6-ef4b-4787-b080-b71d8b5540dd/datanode-2/data/ratis/ea5821a1-dec0-4bdd-bc7b-1aad04900cf6 does not exist. Creating ...
2021-07-28 07:53:38,029 [pool-90-thread-1] INFO  storage.RaftStorageDirectory (RaftStorageDirectoryImpl.java:tryLock(230)) - Lock on /home/runner/work/ozone/ozone/mnt/ozone/hadoop-ozone/integration-test/target/test-dir/MiniOzoneClusterImpl-a96259f6-ef4b-4787-b080-b71d8b5540dd/datanode-2/data/ratis/ea5821a1-dec0-4bdd-bc7b-1aad04900cf6/in_use.lock acquired by nodename 7227@fv-az122-844
2021-07-28 07:53:38,030 [pool-90-thread-1] INFO  storage.RaftStorage (RaftStorageImpl.java:format(89)) - Storage directory /home/runner/work/ozone/ozone/mnt/ozone/hadoop-ozone/integration-test/target/test-dir/MiniOzoneClusterImpl-a96259f6-ef4b-4787-b080-b71d8b5540dd/datanode-2/data/ratis/ea5821a1-dec0-4bdd-bc7b-1aad04900cf6 has been successfully formatted.
2021-07-28 07:53:38,031 [pool-90-thread-1] INFO  ratis.ContainerStateMachine (ContainerStateMachine.java:loadSnapshot(223)) - group-1AAD04900CF6: The snapshot info is null. Setting the last applied indexto:(t:0, i:~)
2021-07-28 07:53:38,031 [pool-90-thread-1] INFO  server.RaftServerConfigKeys (ConfUtils.java:logGet(44)) - raft.server.notification.no-leader.timeout = 300s (custom)
2021-07-28 07:53:38,031 [pool-90-thread-1] INFO  server.RaftServerConfigKeys (ConfUtils.java:logGet(44)) - raft.server.log.use.memory = false (default)
2021-07-28 07:53:38,031 [pool-90-thread-1] INFO  server.RaftServerConfigKeys (ConfUtils.java:logGet(44)) - raft.server.log.purge.gap = 1000000 (custom)
2021-07-28 07:53:38,031 [pool-90-thread-1] INFO  server.RaftServerConfigKeys (ConfUtils.java:logGet(44)) - raft.server.log.appender.buffer.byte-limit = 33554432 (custom)
2021-07-28 07:53:38,031 [pool-90-thread-1] INFO  server.RaftServerConfigKeys (ConfUtils.java:logGet(44)) - raft.server.log.segment.size.max = 1048576 (custom)
2021-07-28 07:53:38,032 [pool-90-thread-1] INFO  server.RaftServerConfigKeys (ConfUtils.java:logGet(44)) - raft.server.log.segment.cache.num.max = 2 (custom)
2021-07-28 07:53:38,032 [pool-90-thread-1] INFO  server.RaftServerConfigKeys (ConfUtils.java:logGet(44)) - raft.server.log.segment.cache.size.max = 200MB (=209715200) (default)
2021-07-28 07:53:38,032 [pool-90-thread-1] INFO  segmented.SegmentedRaftLogWorker (SegmentedRaftLogWorker.java:<init>(182)) - new 467b1147-9af8-4a8a-b385-ab64be7d3190@group-1AAD04900CF6-SegmentedRaftLogWorker for RaftStorageImpl:Storage Directory /home/runner/work/ozone/ozone/mnt/ozone/hadoop-ozone/integration-test/target/test-dir/MiniOzoneClusterImpl-a96259f6-ef4b-4787-b080-b71d8b5540dd/datanode-2/data/ratis/ea5821a1-dec0-4bdd-bc7b-1aad04900cf6
2021-07-28 07:53:38,032 [pool-90-thread-1] INFO  server.RaftServerConfigKeys (ConfUtils.java:logGet(44)) - raft.server.log.queue.byte-limit = 2147483647 (custom)
2021-07-28 07:53:38,032 [pool-90-thread-1] INFO  server.RaftServerConfigKeys (ConfUtils.java:logGet(44)) - raft.server.log.queue.element-limit = 1024 (custom)
2021-07-28 07:53:38,032 [pool-90-thread-1] INFO  server.RaftServerConfigKeys (ConfUtils.java:logGet(44)) - raft.server.log.segment.size.max = 1048576 (custom)
2021-07-28 07:53:38,032 [pool-90-thread-1] INFO  server.RaftServerConfigKeys (ConfUtils.java:logGet(44)) - raft.server.log.preallocated.size = 16384 (custom)
2021-07-28 07:53:38,032 [pool-90-thread-1] INFO  server.RaftServerConfigKeys (ConfUtils.java:logGet(44)) - raft.server.log.force.sync.num = 128 (default)
2021-07-28 07:53:38,032 [pool-90-thread-1] INFO  server.RaftServerConfigKeys (ConfUtils.java:logGet(44)) - raft.server.log.statemachine.data.sync = true (default)
2021-07-28 07:53:38,033 [pool-90-thread-1] INFO  server.RaftServerConfigKeys (ConfUtils.java:logGet(44)) - raft.server.log.statemachine.data.sync.timeout = 10s (default)
2021-07-28 07:53:38,033 [pool-90-thread-1] INFO  server.RaftServerConfigKeys (ConfUtils.java:logGet(44)) - raft.server.log.statemachine.data.sync.timeout.retry = -1 (default)
2021-07-28 07:53:38,033 [pool-90-thread-1] INFO  server.RaftServerConfigKeys (ConfUtils.java:logGet(44)) - raft.server.log.write.buffer.size = 1048576 (custom)
2021-07-28 07:53:38,034 [pool-90-thread-1] INFO  server.RaftServerConfigKeys (ConfUtils.java:logGet(44)) - raft.server.log.statemachine.data.caching.enabled = true (custom)
2021-07-28 07:53:38,034 [pool-90-thread-1] INFO  segmented.SegmentedRaftLogWorker (SegmentedRaftLogWorker.java:lambda$new$0(133)) - 467b1147-9af8-4a8a-b385-ab64be7d3190@group-1AAD04900CF6-SegmentedRaftLogWorker: flushIndex: setUnconditionally 0 -> -1
2021-07-28 07:53:38,034 [pool-90-thread-1] INFO  segmented.SegmentedRaftLogWorker (SegmentedRaftLogWorker.java:lambda$new$0(133)) - 467b1147-9af8-4a8a-b385-ab64be7d3190@group-1AAD04900CF6-SegmentedRaftLogWorker: safeCacheEvictIndex: setUnconditionally 0 -> -1
2021-07-28 07:53:38,036 [pool-90-thread-1] INFO  server.RaftServerConfigKeys (ConfUtils.java:logGet(44)) - raft.server.snapshot.auto.trigger.enabled = true (custom)
2021-07-28 07:53:38,036 [pool-90-thread-1] INFO  server.RaftServerConfigKeys (ConfUtils.java:logGet(44)) - raft.server.snapshot.auto.trigger.threshold = 10000 (custom)
2021-07-28 07:53:38,036 [pool-90-thread-1] INFO  server.RaftServerConfigKeys (ConfUtils.java:logGet(44)) - raft.server.snapshot.retention.file.num = 5 (custom)
2021-07-28 07:53:38,036 [pool-90-thread-1] INFO  server.RaftServerConfigKeys (ConfUtils.java:logGet(44)) - raft.server.log.purge.upto.snapshot.index = false (default)
2021-07-28 07:53:38,036 [pool-90-thread-1] INFO  server.RaftServerConfigKeys (ConfUtils.java:logGet(44)) - raft.server.retrycache.expirytime = 600000ms (custom)
2021-07-28 07:53:38,036 [pool-90-thread-1] INFO  server.RaftServerConfigKeys (ConfUtils.java:logGet(44)) - raft.server.retrycache.statistics.expirytime = 100μs (default)
2021-07-28 07:53:38,038 [pool-90-thread-1] INFO  server.RaftServer$Division (RaftServerImpl.java:start(296)) - 467b1147-9af8-4a8a-b385-ab64be7d3190@group-1AAD04900CF6: start as a follower, conf=-1: [467b1147-9af8-4a8a-b385-ab64be7d3190|rpc:10.1.0.59:44751|dataStream:|priority:1, f19dbdd6-282f-4efe-908f-d2dc7f79f7bd|rpc:10.1.0.59:35597|dataStream:|priority:0, fb2badcd-980e-47d5-8637-c5d5f1096a93|rpc:10.1.0.59:43275|dataStream:|priority:0], old=null
2021-07-28 07:53:38,038 [pool-90-thread-1] INFO  server.RaftServer$Division (RaftServerImpl.java:setRole(285)) - 467b1147-9af8-4a8a-b385-ab64be7d3190@group-1AAD04900CF6: changes role from      null to FOLLOWER at term 0 for startAsFollower
2021-07-28 07:53:38,038 [pool-90-thread-1] INFO  impl.RoleInfo (RoleInfo.java:updateAndGet(130)) - 467b1147-9af8-4a8a-b385-ab64be7d3190: start 467b1147-9af8-4a8a-b385-ab64be7d3190@group-1AAD04900CF6-FollowerState
2021-07-28 07:53:38,038 [pool-90-thread-1] INFO  util.JmxRegister (JmxRegister.java:tryRegister(44)) - Successfully registered JMX Bean with object name Ratis:service=RaftServer,group=group-1AAD04900CF6,id=467b1147-9af8-4a8a-b385-ab64be7d3190
2021-07-28 07:53:38,049 [grpc-default-executor-3] INFO  server.RaftServer (RaftServerProxy.java:addNew(95)) - fb2badcd-980e-47d5-8637-c5d5f1096a93: addNew group-1AAD04900CF6:[467b1147-9af8-4a8a-b385-ab64be7d3190|rpc:10.1.0.59:44751|dataStream:|priority:1, f19dbdd6-282f-4efe-908f-d2dc7f79f7bd|rpc:10.1.0.59:35597|dataStream:|priority:0, fb2badcd-980e-47d5-8637-c5d5f1096a93|rpc:10.1.0.59:43275|dataStream:|priority:0] returns group-1AAD04900CF6:java.util.concurrent.CompletableFuture@209aaa5[Not completed]
2021-07-28 07:53:38,052 [pool-54-thread-1] INFO  server.RaftServer$Division (RaftServerImpl.java:<init>(181)) - fb2badcd-980e-47d5-8637-c5d5f1096a93: new RaftServerImpl for group-1AAD04900CF6:[467b1147-9af8-4a8a-b385-ab64be7d3190|rpc:10.1.0.59:44751|dataStream:|priority:1, f19dbdd6-282f-4efe-908f-d2dc7f79f7bd|rpc:10.1.0.59:35597|dataStream:|priority:0, fb2badcd-980e-47d5-8637-c5d5f1096a93|rpc:10.1.0.59:43275|dataStream:|priority:0] with ContainerStateMachine:uninitialized
2021-07-28 07:53:38,052 [pool-54-thread-1] INFO  server.RaftServerConfigKeys (ConfUtils.java:logGet(44)) - raft.server.rpc.timeout.min = 5s (custom)
2021-07-28 07:53:38,052 [pool-54-thread-1] INFO  server.RaftServerConfigKeys (ConfUtils.java:logGet(44)) - raft.server.rpc.timeout.max = 5200ms (custom)
2021-07-28 07:53:38,052 [pool-54-thread-1] INFO  server.RaftServerConfigKeys (ConfUtils.java:logGet(44)) - raft.server.rpc.sleep.time = 25ms (default)
2021-07-28 07:53:38,052 [pool-54-thread-1] INFO  server.RaftServerConfigKeys (ConfUtils.java:logGet(44)) - raft.server.rpc.slowness.timeout = 300s (custom)
2021-07-28 07:53:38,052 [pool-54-thread-1] INFO  server.RaftServerConfigKeys (ConfUtils.java:logGet(44)) - raft.server.leaderelection.leader.step-down.wait-time = 10s (default)
2021-07-28 07:53:38,052 [pool-54-thread-1] INFO  server.RaftServerConfigKeys (ConfUtils.java:logGet(44)) - raft.server.sleep.deviation.threshold = 300ms (default)
2021-07-28 07:53:38,052 [pool-54-thread-1] INFO  server.RaftServerConfigKeys (ConfUtils.java:logGet(44)) - raft.server.log.appender.install.snapshot.enabled = false (custom)
2021-07-28 07:53:38,052 [pool-54-thread-1] INFO  server.RaftServer$Division (ServerState.java:<init>(105)) - fb2badcd-980e-47d5-8637-c5d5f1096a93@group-1AAD04900CF6: ConfigurationManager, init=-1: [467b1147-9af8-4a8a-b385-ab64be7d3190|rpc:10.1.0.59:44751|dataStream:|priority:1, f19dbdd6-282f-4efe-908f-d2dc7f79f7bd|rpc:10.1.0.59:35597|dataStream:|priority:0, fb2badcd-980e-47d5-8637-c5d5f1096a93|rpc:10.1.0.59:43275|dataStream:|priority:0], old=null, confs=<EMPTY_MAP>
2021-07-28 07:53:38,052 [pool-54-thread-1] INFO  server.RaftServerConfigKeys (ConfUtils.java:logGet(44)) - raft.server.storage.dir = [/home/runner/work/ozone/ozone/mnt/ozone/hadoop-ozone/integration-test/target/test-dir/MiniOzoneClusterImpl-a96259f6-ef4b-4787-b080-b71d8b5540dd/datanode-0/data/ratis] (custom)
2021-07-28 07:53:38,053 [pool-54-thread-1] INFO  server.RaftServerConfigKeys (ConfUtils.java:logGet(44)) - raft.server.log.corruption.policy = EXCEPTION (default)
2021-07-28 07:53:38,053 [pool-54-thread-1] INFO  server.RaftServerConfigKeys (ConfUtils.java:logGet(44)) - raft.server.storage.free-space.min = 0MB (=0) (default)
2021-07-28 07:53:38,053 [pool-54-thread-1] INFO  storage.RaftStorageDirectory (RaftStorageDirectoryImpl.java:analyzeStorage(135)) - The storage directory /home/runner/work/ozone/ozone/mnt/ozone/hadoop-ozone/integration-test/target/test-dir/MiniOzoneClusterImpl-a96259f6-ef4b-4787-b080-b71d8b5540dd/datanode-0/data/ratis/ea5821a1-dec0-4bdd-bc7b-1aad04900cf6 does not exist. Creating ...
2021-07-28 07:53:38,054 [pool-54-thread-1] INFO  storage.RaftStorageDirectory (RaftStorageDirectoryImpl.java:tryLock(230)) - Lock on /home/runner/work/ozone/ozone/mnt/ozone/hadoop-ozone/integration-test/target/test-dir/MiniOzoneClusterImpl-a96259f6-ef4b-4787-b080-b71d8b5540dd/datanode-0/data/ratis/ea5821a1-dec0-4bdd-bc7b-1aad04900cf6/in_use.lock acquired by nodename 7227@fv-az122-844
2021-07-28 07:53:38,055 [pool-54-thread-1] INFO  storage.RaftStorage (RaftStorageImpl.java:format(89)) - Storage directory /home/runner/work/ozone/ozone/mnt/ozone/hadoop-ozone/integration-test/target/test-dir/MiniOzoneClusterImpl-a96259f6-ef4b-4787-b080-b71d8b5540dd/datanode-0/data/ratis/ea5821a1-dec0-4bdd-bc7b-1aad04900cf6 has been successfully formatted.
2021-07-28 07:53:38,055 [pool-54-thread-1] INFO  ratis.ContainerStateMachine (ContainerStateMachine.java:loadSnapshot(223)) - group-1AAD04900CF6: The snapshot info is null. Setting the last applied indexto:(t:0, i:~)
2021-07-28 07:53:38,056 [pool-54-thread-1] INFO  server.RaftServerConfigKeys (ConfUtils.java:logGet(44)) - raft.server.notification.no-leader.timeout = 300s (custom)
2021-07-28 07:53:38,056 [pool-54-thread-1] INFO  server.RaftServerConfigKeys (ConfUtils.java:logGet(44)) - raft.server.log.use.memory = false (default)
2021-07-28 07:53:38,056 [pool-54-thread-1] INFO  server.RaftServerConfigKeys (ConfUtils.java:logGet(44)) - raft.server.log.purge.gap = 1000000 (custom)
2021-07-28 07:53:38,056 [pool-54-thread-1] INFO  server.RaftServerConfigKeys (ConfUtils.java:logGet(44)) - raft.server.log.appender.buffer.byte-limit = 33554432 (custom)
2021-07-28 07:53:38,056 [pool-54-thread-1] INFO  server.RaftServerConfigKeys (ConfUtils.java:logGet(44)) - raft.server.log.segment.size.max = 1048576 (custom)
2021-07-28 07:53:38,057 [pool-54-thread-1] INFO  server.RaftServerConfigKeys (ConfUtils.java:logGet(44)) - raft.server.log.segment.cache.num.max = 2 (custom)
2021-07-28 07:53:38,057 [pool-54-thread-1] INFO  server.RaftServerConfigKeys (ConfUtils.java:logGet(44)) - raft.server.log.segment.cache.size.max = 200MB (=209715200) (default)
2021-07-28 07:53:38,057 [pool-54-thread-1] INFO  segmented.SegmentedRaftLogWorker (SegmentedRaftLogWorker.java:<init>(182)) - new fb2badcd-980e-47d5-8637-c5d5f1096a93@group-1AAD04900CF6-SegmentedRaftLogWorker for RaftStorageImpl:Storage Directory /home/runner/work/ozone/ozone/mnt/ozone/hadoop-ozone/integration-test/target/test-dir/MiniOzoneClusterImpl-a96259f6-ef4b-4787-b080-b71d8b5540dd/datanode-0/data/ratis/ea5821a1-dec0-4bdd-bc7b-1aad04900cf6
2021-07-28 07:53:38,057 [pool-54-thread-1] INFO  server.RaftServerConfigKeys (ConfUtils.java:logGet(44)) - raft.server.log.queue.byte-limit = 2147483647 (custom)
2021-07-28 07:53:38,057 [pool-54-thread-1] INFO  server.RaftServerConfigKeys (ConfUtils.java:logGet(44)) - raft.server.log.queue.element-limit = 1024 (custom)
2021-07-28 07:53:38,057 [pool-54-thread-1] INFO  server.RaftServerConfigKeys (ConfUtils.java:logGet(44)) - raft.server.log.segment.size.max = 1048576 (custom)
2021-07-28 07:53:38,057 [pool-54-thread-1] INFO  server.RaftServerConfigKeys (ConfUtils.java:logGet(44)) - raft.server.log.preallocated.size = 16384 (custom)
2021-07-28 07:53:38,057 [pool-54-thread-1] INFO  server.RaftServerConfigKeys (ConfUtils.java:logGet(44)) - raft.server.log.force.sync.num = 128 (default)
2021-07-28 07:53:38,057 [pool-54-thread-1] INFO  server.RaftServerConfigKeys (ConfUtils.java:logGet(44)) - raft.server.log.statemachine.data.sync = true (default)
2021-07-28 07:53:38,057 [pool-54-thread-1] INFO  server.RaftServerConfigKeys (ConfUtils.java:logGet(44)) - raft.server.log.statemachine.data.sync.timeout = 10s (default)
2021-07-28 07:53:38,057 [pool-54-thread-1] INFO  server.RaftServerConfigKeys (ConfUtils.java:logGet(44)) - raft.server.log.statemachine.data.sync.timeout.retry = -1 (default)
2021-07-28 07:53:38,058 [pool-54-thread-1] INFO  server.RaftServerConfigKeys (ConfUtils.java:logGet(44)) - raft.server.log.write.buffer.size = 1048576 (custom)
2021-07-28 07:53:38,059 [pool-54-thread-1] INFO  server.RaftServerConfigKeys (ConfUtils.java:logGet(44)) - raft.server.log.statemachine.data.caching.enabled = true (custom)
2021-07-28 07:53:38,059 [pool-54-thread-1] INFO  segmented.SegmentedRaftLogWorker (SegmentedRaftLogWorker.java:lambda$new$0(133)) - fb2badcd-980e-47d5-8637-c5d5f1096a93@group-1AAD04900CF6-SegmentedRaftLogWorker: flushIndex: setUnconditionally 0 -> -1
2021-07-28 07:53:38,059 [pool-54-thread-1] INFO  segmented.SegmentedRaftLogWorker (SegmentedRaftLogWorker.java:lambda$new$0(133)) - fb2badcd-980e-47d5-8637-c5d5f1096a93@group-1AAD04900CF6-SegmentedRaftLogWorker: safeCacheEvictIndex: setUnconditionally 0 -> -1
2021-07-28 07:53:38,060 [pool-54-thread-1] INFO  server.RaftServerConfigKeys (ConfUtils.java:logGet(44)) - raft.server.snapshot.auto.trigger.enabled = true (custom)
2021-07-28 07:53:38,061 [pool-54-thread-1] INFO  server.RaftServerConfigKeys (ConfUtils.java:logGet(44)) - raft.server.snapshot.auto.trigger.threshold = 10000 (custom)
2021-07-28 07:53:38,061 [pool-54-thread-1] INFO  server.RaftServerConfigKeys (ConfUtils.java:logGet(44)) - raft.server.snapshot.retention.file.num = 5 (custom)
2021-07-28 07:53:38,061 [pool-54-thread-1] INFO  server.RaftServerConfigKeys (ConfUtils.java:logGet(44)) - raft.server.log.purge.upto.snapshot.index = false (default)
2021-07-28 07:53:38,061 [pool-54-thread-1] INFO  server.RaftServerConfigKeys (ConfUtils.java:logGet(44)) - raft.server.retrycache.expirytime = 600000ms (custom)
2021-07-28 07:53:38,061 [pool-54-thread-1] INFO  server.RaftServerConfigKeys (ConfUtils.java:logGet(44)) - raft.server.retrycache.statistics.expirytime = 100μs (default)
2021-07-28 07:53:38,062 [pool-54-thread-1] INFO  server.RaftServer$Division (RaftServerImpl.java:start(296)) - fb2badcd-980e-47d5-8637-c5d5f1096a93@group-1AAD04900CF6: start as a follower, conf=-1: [467b1147-9af8-4a8a-b385-ab64be7d3190|rpc:10.1.0.59:44751|dataStream:|priority:1, f19dbdd6-282f-4efe-908f-d2dc7f79f7bd|rpc:10.1.0.59:35597|dataStream:|priority:0, fb2badcd-980e-47d5-8637-c5d5f1096a93|rpc:10.1.0.59:43275|dataStream:|priority:0], old=null
2021-07-28 07:53:38,062 [pool-54-thread-1] INFO  server.RaftServer$Division (RaftServerImpl.java:setRole(285)) - fb2badcd-980e-47d5-8637-c5d5f1096a93@group-1AAD04900CF6: changes role from      null to FOLLOWER at term 0 for startAsFollower
2021-07-28 07:53:38,062 [pool-54-thread-1] INFO  impl.RoleInfo (RoleInfo.java:updateAndGet(130)) - fb2badcd-980e-47d5-8637-c5d5f1096a93: start fb2badcd-980e-47d5-8637-c5d5f1096a93@group-1AAD04900CF6-FollowerState
2021-07-28 07:53:38,069 [pool-54-thread-1] INFO  util.JmxRegister (JmxRegister.java:tryRegister(44)) - Successfully registered JMX Bean with object name Ratis:service=RaftServer,group=group-1AAD04900CF6,id=fb2badcd-980e-47d5-8637-c5d5f1096a93
2021-07-28 07:53:38,075 [Command processor thread] INFO  commandhandler.CreatePipelineCommandHandler (CreatePipelineCommandHandler.java:handle(106)) - Created Pipeline RATIS THREE PipelineID=ea5821a1-dec0-4bdd-bc7b-1aad04900cf6.
2021-07-28 07:53:43,039 [467b1147-9af8-4a8a-b385-ab64be7d3190@group-1AAD04900CF6-FollowerState] INFO  impl.FollowerState (FollowerState.java:run(134)) - 467b1147-9af8-4a8a-b385-ab64be7d3190@group-1AAD04900CF6-FollowerState: change to CANDIDATE, lastRpcElapsedTime:5001046025ns, electionTimeout:5000ms
2021-07-28 07:53:43,039 [467b1147-9af8-4a8a-b385-ab64be7d3190@group-1AAD04900CF6-FollowerState] INFO  impl.RoleInfo (RoleInfo.java:shutdownFollowerState(108)) - 467b1147-9af8-4a8a-b385-ab64be7d3190: shutdown 467b1147-9af8-4a8a-b385-ab64be7d3190@group-1AAD04900CF6-FollowerState
2021-07-28 07:53:43,039 [467b1147-9af8-4a8a-b385-ab64be7d3190@group-1AAD04900CF6-FollowerState] INFO  server.RaftServer$Division (RaftServerImpl.java:setRole(285)) - 467b1147-9af8-4a8a-b385-ab64be7d3190@group-1AAD04900CF6: changes role from  FOLLOWER to CANDIDATE at term 0 for changeToCandidate
2021-07-28 07:53:43,039 [467b1147-9af8-4a8a-b385-ab64be7d3190@group-1AAD04900CF6-FollowerState] INFO  server.RaftServerConfigKeys (ConfUtils.java:logGet(44)) - raft.server.leaderelection.pre-vote = false (custom)
2021-07-28 07:53:43,039 [467b1147-9af8-4a8a-b385-ab64be7d3190@group-1AAD04900CF6-FollowerState] INFO  impl.RoleInfo (RoleInfo.java:updateAndGet(130)) - 467b1147-9af8-4a8a-b385-ab64be7d3190: start 467b1147-9af8-4a8a-b385-ab64be7d3190@group-1AAD04900CF6-LeaderElection14
2021-07-28 07:53:43,087 [fb2badcd-980e-47d5-8637-c5d5f1096a93@group-1AAD04900CF6-FollowerState] INFO  impl.FollowerState (FollowerState.java:run(134)) - fb2badcd-980e-47d5-8637-c5d5f1096a93@group-1AAD04900CF6-FollowerState: change to CANDIDATE, lastRpcElapsedTime:5025039891ns, electionTimeout:5018ms
2021-07-28 07:53:43,087 [fb2badcd-980e-47d5-8637-c5d5f1096a93@group-1AAD04900CF6-FollowerState] INFO  impl.RoleInfo (RoleInfo.java:shutdownFollowerState(108)) - fb2badcd-980e-47d5-8637-c5d5f1096a93: shutdown fb2badcd-980e-47d5-8637-c5d5f1096a93@group-1AAD04900CF6-FollowerState
2021-07-28 07:53:43,087 [fb2badcd-980e-47d5-8637-c5d5f1096a93@group-1AAD04900CF6-FollowerState] INFO  server.RaftServer$Division (RaftServerImpl.java:setRole(285)) - fb2badcd-980e-47d5-8637-c5d5f1096a93@group-1AAD04900CF6: changes role from  FOLLOWER to CANDIDATE at term 0 for changeToCandidate
2021-07-28 07:53:43,087 [fb2badcd-980e-47d5-8637-c5d5f1096a93@group-1AAD04900CF6-FollowerState] INFO  server.RaftServerConfigKeys (ConfUtils.java:logGet(44)) - raft.server.leaderelection.pre-vote = false (custom)
2021-07-28 07:53:43,087 [fb2badcd-980e-47d5-8637-c5d5f1096a93@group-1AAD04900CF6-FollowerState] INFO  impl.RoleInfo (RoleInfo.java:updateAndGet(130)) - fb2badcd-980e-47d5-8637-c5d5f1096a93: start fb2badcd-980e-47d5-8637-c5d5f1096a93@group-1AAD04900CF6-LeaderElection15
2021-07-28 07:53:43,177 [467b1147-9af8-4a8a-b385-ab64be7d3190@group-1AAD04900CF6-LeaderElection14] INFO  impl.LeaderElection (LeaderElection.java:askForVotes(306)) - 467b1147-9af8-4a8a-b385-ab64be7d3190@group-1AAD04900CF6-LeaderElection14 ELECTION round 0: submit vote requests at term 1 for -1: [467b1147-9af8-4a8a-b385-ab64be7d3190|rpc:10.1.0.59:44751|dataStream:|priority:1, f19dbdd6-282f-4efe-908f-d2dc7f79f7bd|rpc:10.1.0.59:35597|dataStream:|priority:0, fb2badcd-980e-47d5-8637-c5d5f1096a93|rpc:10.1.0.59:43275|dataStream:|priority:0], old=null
2021-07-28 07:53:43,180 [grpc-default-executor-3] INFO  server.RaftServer$Division (RaftServerImpl.java:requestVote(1043)) - fb2badcd-980e-47d5-8637-c5d5f1096a93@group-1AAD04900CF6: receive requestVote(ELECTION, 467b1147-9af8-4a8a-b385-ab64be7d3190, group-1AAD04900CF6, 1, (t:0, i:0))
2021-07-28 07:53:43,184 [grpc-default-executor-2] INFO  server.RaftServer$Division (RaftServerImpl.java:requestVote(1043)) - f19dbdd6-282f-4efe-908f-d2dc7f79f7bd@group-1AAD04900CF6: receive requestVote(ELECTION, 467b1147-9af8-4a8a-b385-ab64be7d3190, group-1AAD04900CF6, 1, (t:0, i:0))
2021-07-28 07:53:43,184 [grpc-default-executor-2] INFO  impl.VoteContext (VoteContext.java:log(48)) - f19dbdd6-282f-4efe-908f-d2dc7f79f7bd@group-1AAD04900CF6-FOLLOWER: accept ELECTION from 467b1147-9af8-4a8a-b385-ab64be7d3190: our priority 0 <= candidate's priority 1
2021-07-28 07:53:43,184 [grpc-default-executor-2] INFO  server.RaftServer$Division (RaftServerImpl.java:setRole(285)) - f19dbdd6-282f-4efe-908f-d2dc7f79f7bd@group-1AAD04900CF6: changes role from  FOLLOWER to FOLLOWER at term 1 for candidate:467b1147-9af8-4a8a-b385-ab64be7d3190
2021-07-28 07:53:43,184 [grpc-default-executor-2] INFO  impl.RoleInfo (RoleInfo.java:shutdownFollowerState(108)) - f19dbdd6-282f-4efe-908f-d2dc7f79f7bd: shutdown f19dbdd6-282f-4efe-908f-d2dc7f79f7bd@group-1AAD04900CF6-FollowerState
2021-07-28 07:53:43,185 [grpc-default-executor-2] INFO  impl.RoleInfo (RoleInfo.java:updateAndGet(130)) - f19dbdd6-282f-4efe-908f-d2dc7f79f7bd: start f19dbdd6-282f-4efe-908f-d2dc7f79f7bd@group-1AAD04900CF6-FollowerState
2021-07-28 07:53:43,185 [f19dbdd6-282f-4efe-908f-d2dc7f79f7bd@group-1AAD04900CF6-FollowerState] INFO  impl.FollowerState (FollowerState.java:run(143)) - f19dbdd6-282f-4efe-908f-d2dc7f79f7bd@group-1AAD04900CF6-FollowerState was interrupted: {}
java.lang.InterruptedException: sleep interrupted
	at java.lang.Thread.sleep(Native Method)
	at java.lang.Thread.sleep(Thread.java:340)
	at java.util.concurrent.TimeUnit.sleep(TimeUnit.java:386)
	at org.apache.ratis.util.TimeDuration.sleep(TimeDuration.java:324)
	at org.apache.ratis.util.TimeDuration.sleep(TimeDuration.java:309)
	at org.apache.ratis.server.impl.FollowerState.run(FollowerState.java:118)
2021-07-28 07:53:43,218 [fb2badcd-980e-47d5-8637-c5d5f1096a93@group-1AAD04900CF6-LeaderElection15] INFO  impl.LeaderElection (LeaderElection.java:askForVotes(306)) - fb2badcd-980e-47d5-8637-c5d5f1096a93@group-1AAD04900CF6-LeaderElection15 ELECTION round 0: submit vote requests at term 1 for -1: [467b1147-9af8-4a8a-b385-ab64be7d3190|rpc:10.1.0.59:44751|dataStream:|priority:1, f19dbdd6-282f-4efe-908f-d2dc7f79f7bd|rpc:10.1.0.59:35597|dataStream:|priority:0, fb2badcd-980e-47d5-8637-c5d5f1096a93|rpc:10.1.0.59:43275|dataStream:|priority:0], old=null
2021-07-28 07:53:43,218 [grpc-default-executor-3] INFO  impl.VoteContext (VoteContext.java:log(48)) - fb2badcd-980e-47d5-8637-c5d5f1096a93@group-1AAD04900CF6-CANDIDATE: reject ELECTION from 467b1147-9af8-4a8a-b385-ab64be7d3190: already has voted for fb2badcd-980e-47d5-8637-c5d5f1096a93 at current term 1
2021-07-28 07:53:43,218 [grpc-default-executor-3] INFO  server.RaftServer$Division (RaftServerImpl.java:requestVote(1075)) - fb2badcd-980e-47d5-8637-c5d5f1096a93@group-1AAD04900CF6 replies to ELECTION vote request: 467b1147-9af8-4a8a-b385-ab64be7d3190<-fb2badcd-980e-47d5-8637-c5d5f1096a93#0:FAIL-t1. Peer's state: fb2badcd-980e-47d5-8637-c5d5f1096a93@group-1AAD04900CF6:t1, leader=null, voted=fb2badcd-980e-47d5-8637-c5d5f1096a93, raftlog=fb2badcd-980e-47d5-8637-c5d5f1096a93@group-1AAD04900CF6-SegmentedRaftLog:OPENED:c-1,f-1,i0, conf=-1: [467b1147-9af8-4a8a-b385-ab64be7d3190|rpc:10.1.0.59:44751|dataStream:|priority:1, f19dbdd6-282f-4efe-908f-d2dc7f79f7bd|rpc:10.1.0.59:35597|dataStream:|priority:0, fb2badcd-980e-47d5-8637-c5d5f1096a93|rpc:10.1.0.59:43275|dataStream:|priority:0], old=null
2021-07-28 07:53:43,221 [grpc-default-executor-3] INFO  server.RaftServer$Division (RaftServerImpl.java:requestVote(1043)) - 467b1147-9af8-4a8a-b385-ab64be7d3190@group-1AAD04900CF6: receive requestVote(ELECTION, fb2badcd-980e-47d5-8637-c5d5f1096a93, group-1AAD04900CF6, 1, (t:0, i:0))
2021-07-28 07:53:43,221 [grpc-default-executor-3] INFO  impl.VoteContext (VoteContext.java:log(48)) - 467b1147-9af8-4a8a-b385-ab64be7d3190@group-1AAD04900CF6-CANDIDATE: reject ELECTION from fb2badcd-980e-47d5-8637-c5d5f1096a93: already has voted for 467b1147-9af8-4a8a-b385-ab64be7d3190 at current term 1
2021-07-28 07:53:43,221 [grpc-default-executor-3] INFO  server.RaftServer$Division (RaftServerImpl.java:requestVote(1075)) - 467b1147-9af8-4a8a-b385-ab64be7d3190@group-1AAD04900CF6 replies to ELECTION vote request: fb2badcd-980e-47d5-8637-c5d5f1096a93<-467b1147-9af8-4a8a-b385-ab64be7d3190#0:FAIL-t1. Peer's state: 467b1147-9af8-4a8a-b385-ab64be7d3190@group-1AAD04900CF6:t1, leader=null, voted=467b1147-9af8-4a8a-b385-ab64be7d3190, raftlog=467b1147-9af8-4a8a-b385-ab64be7d3190@group-1AAD04900CF6-SegmentedRaftLog:OPENED:c-1,f-1,i0, conf=-1: [467b1147-9af8-4a8a-b385-ab64be7d3190|rpc:10.1.0.59:44751|dataStream:|priority:1, f19dbdd6-282f-4efe-908f-d2dc7f79f7bd|rpc:10.1.0.59:35597|dataStream:|priority:0, fb2badcd-980e-47d5-8637-c5d5f1096a93|rpc:10.1.0.59:43275|dataStream:|priority:0], old=null
2021-07-28 07:53:43,222 [fb2badcd-980e-47d5-8637-c5d5f1096a93@group-1AAD04900CF6-LeaderElection15] INFO  impl.LeaderElection (LeaderElection.java:logAndReturn(89)) - fb2badcd-980e-47d5-8637-c5d5f1096a93@group-1AAD04900CF6-LeaderElection15: ELECTION REJECTED received 1 response(s) and 0 exception(s):
2021-07-28 07:53:43,222 [fb2badcd-980e-47d5-8637-c5d5f1096a93@group-1AAD04900CF6-LeaderElection15] INFO  impl.LeaderElection (LeaderElection.java:logAndReturn(93)) -   Response 0: fb2badcd-980e-47d5-8637-c5d5f1096a93<-467b1147-9af8-4a8a-b385-ab64be7d3190#0:FAIL-t1
2021-07-28 07:53:43,222 [fb2badcd-980e-47d5-8637-c5d5f1096a93@group-1AAD04900CF6-LeaderElection15] INFO  impl.LeaderElection (LeaderElection.java:askForVotes(308)) - fb2badcd-980e-47d5-8637-c5d5f1096a93@group-1AAD04900CF6-LeaderElection15 ELECTION round 0: result REJECTED
2021-07-28 07:53:43,222 [fb2badcd-980e-47d5-8637-c5d5f1096a93@group-1AAD04900CF6-LeaderElection15] INFO  server.RaftServer$Division (RaftServerImpl.java:setRole(285)) - fb2badcd-980e-47d5-8637-c5d5f1096a93@group-1AAD04900CF6: changes role from CANDIDATE to FOLLOWER at term 1 for REJECTED
2021-07-28 07:53:43,222 [fb2badcd-980e-47d5-8637-c5d5f1096a93@group-1AAD04900CF6-LeaderElection15] INFO  impl.RoleInfo (RoleInfo.java:shutdownLeaderElection(121)) - fb2badcd-980e-47d5-8637-c5d5f1096a93: shutdown fb2badcd-980e-47d5-8637-c5d5f1096a93@group-1AAD04900CF6-LeaderElection15
2021-07-28 07:53:43,222 [fb2badcd-980e-47d5-8637-c5d5f1096a93@group-1AAD04900CF6-LeaderElection15] INFO  impl.RoleInfo (RoleInfo.java:updateAndGet(130)) - fb2badcd-980e-47d5-8637-c5d5f1096a93: start fb2badcd-980e-47d5-8637-c5d5f1096a93@group-1AAD04900CF6-FollowerState
2021-07-28 07:53:43,226 [grpc-default-executor-3] INFO  server.RaftServer$Division (RaftServerImpl.java:requestVote(1043)) - f19dbdd6-282f-4efe-908f-d2dc7f79f7bd@group-1AAD04900CF6: receive requestVote(ELECTION, fb2badcd-980e-47d5-8637-c5d5f1096a93, group-1AAD04900CF6, 1, (t:0, i:0))
2021-07-28 07:53:43,280 [grpc-default-executor-2] INFO  server.RaftServer$Division (RaftServerImpl.java:requestVote(1075)) - f19dbdd6-282f-4efe-908f-d2dc7f79f7bd@group-1AAD04900CF6 replies to ELECTION vote request: 467b1147-9af8-4a8a-b385-ab64be7d3190<-f19dbdd6-282f-4efe-908f-d2dc7f79f7bd#0:OK-t1. Peer's state: f19dbdd6-282f-4efe-908f-d2dc7f79f7bd@group-1AAD04900CF6:t1, leader=null, voted=467b1147-9af8-4a8a-b385-ab64be7d3190, raftlog=f19dbdd6-282f-4efe-908f-d2dc7f79f7bd@group-1AAD04900CF6-SegmentedRaftLog:OPENED:c-1,f-1,i0, conf=-1: [467b1147-9af8-4a8a-b385-ab64be7d3190|rpc:10.1.0.59:44751|priority:1, f19dbdd6-282f-4efe-908f-d2dc7f79f7bd|rpc:10.1.0.59:35597|priority:0, fb2badcd-980e-47d5-8637-c5d5f1096a93|rpc:10.1.0.59:43275|priority:0], old=null
2021-07-28 07:53:43,280 [grpc-default-executor-3] INFO  impl.VoteContext (VoteContext.java:log(48)) - f19dbdd6-282f-4efe-908f-d2dc7f79f7bd@group-1AAD04900CF6-FOLLOWER: reject ELECTION from fb2badcd-980e-47d5-8637-c5d5f1096a93: already has voted for 467b1147-9af8-4a8a-b385-ab64be7d3190 at current term 1
2021-07-28 07:53:43,280 [grpc-default-executor-3] INFO  server.RaftServer$Division (RaftServerImpl.java:requestVote(1075)) - f19dbdd6-282f-4efe-908f-d2dc7f79f7bd@group-1AAD04900CF6 replies to ELECTION vote request: fb2badcd-980e-47d5-8637-c5d5f1096a93<-f19dbdd6-282f-4efe-908f-d2dc7f79f7bd#0:FAIL-t1. Peer's state: f19dbdd6-282f-4efe-908f-d2dc7f79f7bd@group-1AAD04900CF6:t1, leader=null, voted=467b1147-9af8-4a8a-b385-ab64be7d3190, raftlog=f19dbdd6-282f-4efe-908f-d2dc7f79f7bd@group-1AAD04900CF6-SegmentedRaftLog:OPENED:c-1,f-1,i0, conf=-1: [467b1147-9af8-4a8a-b385-ab64be7d3190|rpc:10.1.0.59:44751|priority:1, f19dbdd6-282f-4efe-908f-d2dc7f79f7bd|rpc:10.1.0.59:35597|priority:0, fb2badcd-980e-47d5-8637-c5d5f1096a93|rpc:10.1.0.59:43275|priority:0], old=null
2021-07-28 07:53:43,282 [467b1147-9af8-4a8a-b385-ab64be7d3190@group-1AAD04900CF6-LeaderElection14] INFO  impl.LeaderElection (LeaderElection.java:logAndReturn(89)) - 467b1147-9af8-4a8a-b385-ab64be7d3190@group-1AAD04900CF6-LeaderElection14: ELECTION PASSED received 2 response(s) and 0 exception(s):
2021-07-28 07:53:43,282 [467b1147-9af8-4a8a-b385-ab64be7d3190@group-1AAD04900CF6-LeaderElection14] INFO  impl.LeaderElection (LeaderElection.java:logAndReturn(93)) -   Response 0: 467b1147-9af8-4a8a-b385-ab64be7d3190<-f19dbdd6-282f-4efe-908f-d2dc7f79f7bd#0:OK-t1
2021-07-28 07:53:43,282 [467b1147-9af8-4a8a-b385-ab64be7d3190@group-1AAD04900CF6-LeaderElection14] INFO  impl.LeaderElection (LeaderElection.java:logAndReturn(93)) -   Response 1: 467b1147-9af8-4a8a-b385-ab64be7d3190<-fb2badcd-980e-47d5-8637-c5d5f1096a93#0:FAIL-t1
2021-07-28 07:53:43,282 [467b1147-9af8-4a8a-b385-ab64be7d3190@group-1AAD04900CF6-LeaderElection14] INFO  impl.LeaderElection (LeaderElection.java:askForVotes(308)) - 467b1147-9af8-4a8a-b385-ab64be7d3190@group-1AAD04900CF6-LeaderElection14 ELECTION round 0: result PASSED
2021-07-28 07:53:43,282 [467b1147-9af8-4a8a-b385-ab64be7d3190@group-1AAD04900CF6-LeaderElection14] INFO  impl.RoleInfo (RoleInfo.java:shutdownLeaderElection(121)) - 467b1147-9af8-4a8a-b385-ab64be7d3190: shutdown 467b1147-9af8-4a8a-b385-ab64be7d3190@group-1AAD04900CF6-LeaderElection14
2021-07-28 07:53:43,282 [467b1147-9af8-4a8a-b385-ab64be7d3190@group-1AAD04900CF6-LeaderElection14] INFO  server.RaftServer$Division (RaftServerImpl.java:setRole(285)) - 467b1147-9af8-4a8a-b385-ab64be7d3190@group-1AAD04900CF6: changes role from CANDIDATE to LEADER at term 1 for changeToLeader
2021-07-28 07:53:43,282 [467b1147-9af8-4a8a-b385-ab64be7d3190@group-1AAD04900CF6-LeaderElection14] INFO  ratis.XceiverServerRatis (XceiverServerRatis.java:handleLeaderChangedNotification(857)) - Leader change notification received for group: group-1AAD04900CF6 with new leaderId: 467b1147-9af8-4a8a-b385-ab64be7d3190
2021-07-28 07:53:43,283 [Datanode State Machine Thread - 0] WARN  statemachine.StateContext (StateContext.java:execute(621)) - No available thread in pool for past 1 seconds.
2021-07-28 07:53:43,284 [467b1147-9af8-4a8a-b385-ab64be7d3190@group-1AAD04900CF6-LeaderElection14] INFO  server.RaftServer$Division (ServerState.java:setLeader(285)) - 467b1147-9af8-4a8a-b385-ab64be7d3190@group-1AAD04900CF6: change Leader from null to 467b1147-9af8-4a8a-b385-ab64be7d3190 at term 1 for becomeLeader, leader elected after 5251ms
2021-07-28 07:53:43,284 [467b1147-9af8-4a8a-b385-ab64be7d3190@group-1AAD04900CF6-LeaderElection14] INFO  server.RaftServerConfigKeys (ConfUtils.java:logGet(44)) - raft.server.staging.catchup.gap = 1000 (default)
2021-07-28 07:53:43,284 [467b1147-9af8-4a8a-b385-ab64be7d3190@group-1AAD04900CF6-LeaderElection14] INFO  server.RaftServerConfigKeys (ConfUtils.java:logGet(44)) - raft.server.write.element-limit = 1024 (custom)
2021-07-28 07:53:43,284 [467b1147-9af8-4a8a-b385-ab64be7d3190@group-1AAD04900CF6-LeaderElection14] INFO  server.RaftServerConfigKeys (ConfUtils.java:logGet(44)) - raft.server.write.byte-limit = 1073741824 (custom)
2021-07-28 07:53:43,285 [467b1147-9af8-4a8a-b385-ab64be7d3190@group-1AAD04900CF6-LeaderElection14] INFO  server.RaftServerConfigKeys (ConfUtils.java:logGet(44)) - raft.server.watch.timeout = 180s (custom)
2021-07-28 07:53:43,285 [467b1147-9af8-4a8a-b385-ab64be7d3190@group-1AAD04900CF6-LeaderElection14] INFO  server.RaftServerConfigKeys (ConfUtils.java:logGet(44)) - raft.server.watch.timeout.denomination = 1s (default)
2021-07-28 07:53:43,285 [467b1147-9af8-4a8a-b385-ab64be7d3190@group-1AAD04900CF6-LeaderElection14] INFO  server.RaftServerConfigKeys (ConfUtils.java:logGet(44)) - raft.server.watch.element-limit = 65536 (default)
2021-07-28 07:53:43,285 [467b1147-9af8-4a8a-b385-ab64be7d3190@group-1AAD04900CF6-LeaderElection14] INFO  server.RaftServerConfigKeys (ConfUtils.java:logGet(44)) - raft.server.log.appender.snapshot.chunk.size.max = 16MB (=16777216) (default)
2021-07-28 07:53:43,285 [467b1147-9af8-4a8a-b385-ab64be7d3190@group-1AAD04900CF6-LeaderElection14] INFO  server.RaftServerConfigKeys (ConfUtils.java:logGet(44)) - raft.server.log.appender.buffer.byte-limit = 33554432 (custom)
2021-07-28 07:53:43,285 [467b1147-9af8-4a8a-b385-ab64be7d3190@group-1AAD04900CF6-LeaderElection14] INFO  server.RaftServerConfigKeys (ConfUtils.java:logGet(44)) - raft.server.log.appender.buffer.element-limit = 1 (custom)
2021-07-28 07:53:43,285 [467b1147-9af8-4a8a-b385-ab64be7d3190@group-1AAD04900CF6-LeaderElection14] INFO  grpc.GrpcConfigKeys (ConfUtils.java:logGet(44)) - raft.grpc.server.leader.outstanding.appends.max = 128 (default)
2021-07-28 07:53:43,286 [467b1147-9af8-4a8a-b385-ab64be7d3190@group-1AAD04900CF6-LeaderElection14] INFO  server.RaftServerConfigKeys (ConfUtils.java:logGet(44)) - raft.server.rpc.request.timeout = 60s (custom)
2021-07-28 07:53:43,286 [467b1147-9af8-4a8a-b385-ab64be7d3190@group-1AAD04900CF6-LeaderElection14] INFO  server.RaftServerConfigKeys (ConfUtils.java:logGet(44)) - raft.server.log.appender.install.snapshot.enabled = false (custom)
2021-07-28 07:53:43,287 [467b1147-9af8-4a8a-b385-ab64be7d3190@group-1AAD04900CF6-LeaderElection14] INFO  server.RaftServerConfigKeys (ConfUtils.java:logGet(44)) - raft.server.log.appender.snapshot.chunk.size.max = 16MB (=16777216) (default)
2021-07-28 07:53:43,287 [467b1147-9af8-4a8a-b385-ab64be7d3190@group-1AAD04900CF6-LeaderElection14] INFO  server.RaftServerConfigKeys (ConfUtils.java:logGet(44)) - raft.server.log.appender.buffer.byte-limit = 33554432 (custom)
2021-07-28 07:53:43,287 [467b1147-9af8-4a8a-b385-ab64be7d3190@group-1AAD04900CF6-LeaderElection14] INFO  server.RaftServerConfigKeys (ConfUtils.java:logGet(44)) - raft.server.log.appender.buffer.element-limit = 1 (custom)
2021-07-28 07:53:43,287 [467b1147-9af8-4a8a-b385-ab64be7d3190@group-1AAD04900CF6-LeaderElection14] INFO  grpc.GrpcConfigKeys (ConfUtils.java:logGet(44)) - raft.grpc.server.leader.outstanding.appends.max = 128 (default)
2021-07-28 07:53:43,287 [467b1147-9af8-4a8a-b385-ab64be7d3190@group-1AAD04900CF6-LeaderElection14] INFO  server.RaftServerConfigKeys (ConfUtils.java:logGet(44)) - raft.server.rpc.request.timeout = 60s (custom)
2021-07-28 07:53:43,287 [467b1147-9af8-4a8a-b385-ab64be7d3190@group-1AAD04900CF6-LeaderElection14] INFO  server.RaftServerConfigKeys (ConfUtils.java:logGet(44)) - raft.server.log.appender.install.snapshot.enabled = false (custom)
2021-07-28 07:53:43,288 [467b1147-9af8-4a8a-b385-ab64be7d3190@group-1AAD04900CF6-LeaderElection14] INFO  impl.RoleInfo (RoleInfo.java:updateAndGet(130)) - 467b1147-9af8-4a8a-b385-ab64be7d3190: start 467b1147-9af8-4a8a-b385-ab64be7d3190@group-1AAD04900CF6-LeaderStateImpl
2021-07-28 07:53:43,288 [467b1147-9af8-4a8a-b385-ab64be7d3190@group-1AAD04900CF6-LeaderElection14] INFO  segmented.SegmentedRaftLogWorker (SegmentedRaftLogWorker.java:startLogSegment(394)) - 467b1147-9af8-4a8a-b385-ab64be7d3190@group-1AAD04900CF6-SegmentedRaftLogWorker: Starting segment from index:0
2021-07-28 07:53:43,289 [EventQueue-PipelineReportForPipelineReportHandler] INFO  pipeline.PipelineManagerV2Impl (PipelineManagerV2Impl.java:openPipeline(283)) - Pipeline Pipeline[ Id: ea5821a1-dec0-4bdd-bc7b-1aad04900cf6, Nodes: 467b1147-9af8-4a8a-b385-ab64be7d3190{ip: 10.1.0.59, host: fv-az122-844.zf1tlrj3kn4expqppa1j4mpycf.xx.internal.cloudapp.net, ports: [REPLICATION=43141, RATIS=44751, RATIS_ADMIN=44751, RATIS_SERVER=44751, STANDALONE=43177], networkLocation: /default-rack, certSerialId: null, persistedOpState: IN_SERVICE, persistedOpStateExpiryEpochSec: 0}fb2badcd-980e-47d5-8637-c5d5f1096a93{ip: 10.1.0.59, host: fv-az122-844.zf1tlrj3kn4expqppa1j4mpycf.xx.internal.cloudapp.net, ports: [REPLICATION=41901, RATIS=43275, RATIS_ADMIN=43275, RATIS_SERVER=43275, STANDALONE=46155], networkLocation: /default-rack, certSerialId: null, persistedOpState: IN_SERVICE, persistedOpStateExpiryEpochSec: 0}f19dbdd6-282f-4efe-908f-d2dc7f79f7bd{ip: 10.1.0.59, host: fv-az122-844.zf1tlrj3kn4expqppa1j4mpycf.xx.internal.cloudapp.net, ports: [REPLICATION=33441, RATIS=35597, RATIS_ADMIN=35597, RATIS_SERVER=35597, STANDALONE=45331], networkLocation: /default-rack, certSerialId: null, persistedOpState: IN_SERVICE, persistedOpStateExpiryEpochSec: 0}, ReplicationConfig: RATIS/THREE, State:ALLOCATED, leaderId:467b1147-9af8-4a8a-b385-ab64be7d3190, CreationTimestamp2021-07-28T07:53:36.779Z[Etc/UTC]] moved to OPEN state
2021-07-28 07:53:43,295 [467b1147-9af8-4a8a-b385-ab64be7d3190@group-1AAD04900CF6-SegmentedRaftLogWorker] INFO  segmented.SegmentedRaftLogWorker (SegmentedRaftLogWorker.java:execute(601)) - 467b1147-9af8-4a8a-b385-ab64be7d3190@group-1AAD04900CF6-SegmentedRaftLogWorker: created new log segment /home/runner/work/ozone/ozone/mnt/ozone/hadoop-ozone/integration-test/target/test-dir/MiniOzoneClusterImpl-a96259f6-ef4b-4787-b080-b71d8b5540dd/datanode-2/data/ratis/ea5821a1-dec0-4bdd-bc7b-1aad04900cf6/current/log_inprogress_0
2021-07-28 07:53:43,321 [467b1147-9af8-4a8a-b385-ab64be7d3190@group-1AAD04900CF6-LeaderElection14] INFO  server.RaftServer$Division (ServerState.java:setRaftConf(387)) - 467b1147-9af8-4a8a-b385-ab64be7d3190@group-1AAD04900CF6: set configuration 0: [467b1147-9af8-4a8a-b385-ab64be7d3190|rpc:10.1.0.59:44751|dataStream:|priority:1, f19dbdd6-282f-4efe-908f-d2dc7f79f7bd|rpc:10.1.0.59:35597|dataStream:|priority:0, fb2badcd-980e-47d5-8637-c5d5f1096a93|rpc:10.1.0.59:43275|dataStream:|priority:0], old=null
2021-07-28 07:53:43,322 [grpc-default-executor-3] INFO  ratis.XceiverServerRatis (XceiverServerRatis.java:handleLeaderChangedNotification(857)) - Leader change notification received for group: group-1AAD04900CF6 with new leaderId: 467b1147-9af8-4a8a-b385-ab64be7d3190
2021-07-28 07:53:43,322 [grpc-default-executor-3] INFO  server.RaftServer$Division (ServerState.java:setLeader(285)) - f19dbdd6-282f-4efe-908f-d2dc7f79f7bd@group-1AAD04900CF6: change Leader from null to 467b1147-9af8-4a8a-b385-ab64be7d3190 at term 1 for appendEntries, leader elected after 5316ms
2021-07-28 07:53:43,322 [467b1147-9af8-4a8a-b385-ab64be7d3190@group-1AAD04900CF6-StateMachineUpdater] ERROR storage.RaftStorage (RaftStorageImpl.java:writeRaftConfiguration(141)) - Failed writing configuration to file:/home/runner/work/ozone/ozone/mnt/ozone/hadoop-ozone/integration-test/target/test-dir/MiniOzoneClusterImpl-a96259f6-ef4b-4787-b080-b71d8b5540dd/datanode-2/data/ratis/ea5821a1-dec0-4bdd-bc7b-1aad04900cf6/current/raft-meta.conf
java.io.IOException: No space left on device
	at java.io.FileOutputStream.writeBytes(Native Method)
	at java.io.FileOutputStream.write(FileOutputStream.java:326)
	at org.apache.ratis.thirdparty.com.google.protobuf.CodedOutputStream$OutputStreamEncoder.doFlush(CodedOutputStream.java:3062)
	at org.apache.ratis.thirdparty.com.google.protobuf.CodedOutputStream$OutputStreamEncoder.flush(CodedOutputStream.java:2974)
	at org.apache.ratis.thirdparty.com.google.protobuf.AbstractMessageLite.writeTo(AbstractMessageLite.java:84)
	at org.apache.ratis.server.storage.RaftStorageImpl.writeRaftConfiguration(RaftStorageImpl.java:139)
	at org.apache.ratis.server.impl.ServerState.writeRaftConfiguration(ServerState.java:188)
	at org.apache.ratis.server.impl.RaftServerImpl.applyLogToStateMachine(RaftServerImpl.java:1675)
	at org.apache.ratis.server.impl.StateMachineUpdater.applyLog(StateMachineUpdater.java:234)
	at org.apache.ratis.server.impl.StateMachineUpdater.run(StateMachineUpdater.java:179)
	at java.lang.Thread.run(Thread.java:748)
2021-07-28 07:53:43,323 [grpc-default-executor-2] INFO  ratis.XceiverServerRatis (XceiverServerRatis.java:handleLeaderChangedNotification(857)) - Leader change notification received for group: group-1AAD04900CF6 with new leaderId: 467b1147-9af8-4a8a-b385-ab64be7d3190
2021-07-28 07:53:43,323 [grpc-default-executor-2] INFO  server.RaftServer$Division (ServerState.java:setLeader(285)) - fb2badcd-980e-47d5-8637-c5d5f1096a93@group-1AAD04900CF6: change Leader from null to 467b1147-9af8-4a8a-b385-ab64be7d3190 at term 1 for appendEntries, leader elected after 5267ms
2021-07-28 07:53:43,329 [grpc-default-executor-2] INFO  server.RaftServer$Division (ServerState.java:setRaftConf(387)) - fb2badcd-980e-47d5-8637-c5d5f1096a93@group-1AAD04900CF6: set configuration 0: [467b1147-9af8-4a8a-b385-ab64be7d3190|rpc:10.1.0.59:44751|dataStream:|priority:1, f19dbdd6-282f-4efe-908f-d2dc7f79f7bd|rpc:10.1.0.59:35597|dataStream:|priority:0, fb2badcd-980e-47d5-8637-c5d5f1096a93|rpc:10.1.0.59:43275|dataStream:|priority:0], old=null
2021-07-28 07:53:43,330 [grpc-default-executor-2] INFO  segmented.SegmentedRaftLogWorker (SegmentedRaftLogWorker.java:startLogSegment(394)) - fb2badcd-980e-47d5-8637-c5d5f1096a93@group-1AAD04900CF6-SegmentedRaftLogWorker: Starting segment from index:0
2021-07-28 07:53:43,332 [fb2badcd-980e-47d5-8637-c5d5f1096a93@group-1AAD04900CF6-SegmentedRaftLogWorker] ERROR ratis.XceiverServerRatis (XceiverServerRatis.java:triggerPipelineClose(672)) - pipeline Action CLOSE on pipeline PipelineID=ea5821a1-dec0-4bdd-bc7b-1aad04900cf6.Reason : Log already failed at index 0 for task StartLogSegment:0
2021-07-28 07:53:43,332 [grpc-default-executor-2] INFO  server.RaftServer$Division (ServerState.java:setRaftConf(387)) - f19dbdd6-282f-4efe-908f-d2dc7f79f7bd@group-1AAD04900CF6: set configuration 0: [467b1147-9af8-4a8a-b385-ab64be7d3190|rpc:10.1.0.59:44751|dataStream:|priority:1, f19dbdd6-282f-4efe-908f-d2dc7f79f7bd|rpc:10.1.0.59:35597|dataStream:|priority:0, fb2badcd-980e-47d5-8637-c5d5f1096a93|rpc:10.1.0.59:43275|dataStream:|priority:0], old=null
2021-07-28 07:53:43,333 [Datanode State Machine Thread - 0] WARN  statemachine.StateContext (StateContext.java:execute(621)) - No available thread in pool for past 1 seconds.
2021-07-28 07:53:43,333 [grpc-default-executor-2] INFO  segmented.SegmentedRaftLogWorker (SegmentedRaftLogWorker.java:startLogSegment(394)) - f19dbdd6-282f-4efe-908f-d2dc7f79f7bd@group-1AAD04900CF6-SegmentedRaftLogWorker: Starting segment from index:0
2021-07-28 07:53:43,334 [f19dbdd6-282f-4efe-908f-d2dc7f79f7bd@group-1AAD04900CF6-SegmentedRaftLogWorker] ERROR ratis.XceiverServerRatis (XceiverServerRatis.java:triggerPipelineClose(672)) - pipeline Action CLOSE on pipeline PipelineID=ea5821a1-dec0-4bdd-bc7b-1aad04900cf6.Reason : Log already failed at index 0 for task StartLogSegment:0
2021-07-28 07:53:43,337 [Datanode State Machine Thread - 0] WARN  statemachine.StateContext (StateContext.java:execute(621)) - No available thread in pool for past 1 seconds.
2021-07-28 07:53:43,342 [EventQueue-PipelineActionsForPipelineActionHandler] INFO  pipeline.PipelineActionHandler (PipelineActionHandler.java:processPipelineAction(82)) - Received pipeline action CLOSE for PipelineID=ea5821a1-dec0-4bdd-bc7b-1aad04900cf6 from datanode fb2badcd-980e-47d5-8637-c5d5f1096a93. Reason : Log already failed at index 0 for task StartLogSegment:0
2021-07-28 07:53:43,343 [EventQueue-PipelineActionsForPipelineActionHandler] INFO  pipeline.PipelineManagerV2Impl (PipelineManagerV2Impl.java:closePipeline(343)) - Pipeline Pipeline[ Id: ea5821a1-dec0-4bdd-bc7b-1aad04900cf6, Nodes: 467b1147-9af8-4a8a-b385-ab64be7d3190{ip: 10.1.0.59, host: fv-az122-844.zf1tlrj3kn4expqppa1j4mpycf.xx.internal.cloudapp.net, ports: [REPLICATION=43141, RATIS=44751, RATIS_ADMIN=44751, RATIS_SERVER=44751, STANDALONE=43177], networkLocation: /default-rack, certSerialId: null, persistedOpState: IN_SERVICE, persistedOpStateExpiryEpochSec: 0}fb2badcd-980e-47d5-8637-c5d5f1096a93{ip: 10.1.0.59, host: fv-az122-844.zf1tlrj3kn4expqppa1j4mpycf.xx.internal.cloudapp.net, ports: [REPLICATION=41901, RATIS=43275, RATIS_ADMIN=43275, RATIS_SERVER=43275, STANDALONE=46155], networkLocation: /default-rack, certSerialId: null, persistedOpState: IN_SERVICE, persistedOpStateExpiryEpochSec: 0}f19dbdd6-282f-4efe-908f-d2dc7f79f7bd{ip: 10.1.0.59, host: fv-az122-844.zf1tlrj3kn4expqppa1j4mpycf.xx.internal.cloudapp.net, ports: [REPLICATION=33441, RATIS=35597, RATIS_ADMIN=35597, RATIS_SERVER=35597, STANDALONE=45331], networkLocation: /default-rack, certSerialId: null, persistedOpState: IN_SERVICE, persistedOpStateExpiryEpochSec: 0}, ReplicationConfig: RATIS/THREE, State:OPEN, leaderId:467b1147-9af8-4a8a-b385-ab64be7d3190, CreationTimestamp2021-07-28T07:53:36.779Z[Etc/UTC]] moved to CLOSED state
2021-07-28 07:53:43,343 [EventQueue-PipelineActionsForPipelineActionHandler] INFO  pipeline.RatisPipelineProvider (RatisPipelineProvider.java:lambda$close$1(222)) - Send pipeline:PipelineID=ea5821a1-dec0-4bdd-bc7b-1aad04900cf6 close command to datanode 467b1147-9af8-4a8a-b385-ab64be7d3190
2021-07-28 07:53:43,343 [EventQueue-PipelineActionsForPipelineActionHandler] INFO  pipeline.RatisPipelineProvider (RatisPipelineProvider.java:lambda$close$1(222)) - Send pipeline:PipelineID=ea5821a1-dec0-4bdd-bc7b-1aad04900cf6 close command to datanode fb2badcd-980e-47d5-8637-c5d5f1096a93
2021-07-28 07:53:43,343 [EventQueue-PipelineActionsForPipelineActionHandler] INFO  pipeline.RatisPipelineProvider (RatisPipelineProvider.java:lambda$close$1(222)) - Send pipeline:PipelineID=ea5821a1-dec0-4bdd-bc7b-1aad04900cf6 close command to datanode f19dbdd6-282f-4efe-908f-d2dc7f79f7bd
2021-07-28 07:53:43,343 [EventQueue-PipelineActionsForPipelineActionHandler] INFO  pipeline.PipelineStateManager (PipelineStateManagerV2Impl.java:removePipeline(211)) - Pipeline Pipeline[ Id: ea5821a1-dec0-4bdd-bc7b-1aad04900cf6, Nodes: 467b1147-9af8-4a8a-b385-ab64be7d3190{ip: 10.1.0.59, host: fv-az122-844.zf1tlrj3kn4expqppa1j4mpycf.xx.internal.cloudapp.net, ports: [REPLICATION=43141, RATIS=44751, RATIS_ADMIN=44751, RATIS_SERVER=44751, STANDALONE=43177], networkLocation: /default-rack, certSerialId: null, persistedOpState: IN_SERVICE, persistedOpStateExpiryEpochSec: 0}fb2badcd-980e-47d5-8637-c5d5f1096a93{ip: 10.1.0.59, host: fv-az122-844.zf1tlrj3kn4expqppa1j4mpycf.xx.internal.cloudapp.net, ports: [REPLICATION=41901, RATIS=43275, RATIS_ADMIN=43275, RATIS_SERVER=43275, STANDALONE=46155], networkLocation: /default-rack, certSerialId: null, persistedOpState: IN_SERVICE, persistedOpStateExpiryEpochSec: 0}f19dbdd6-282f-4efe-908f-d2dc7f79f7bd{ip: 10.1.0.59, host: fv-az122-844.zf1tlrj3kn4expqppa1j4mpycf.xx.internal.cloudapp.net, ports: [REPLICATION=33441, RATIS=35597, RATIS_ADMIN=35597, RATIS_SERVER=35597, STANDALONE=45331], networkLocation: /default-rack, certSerialId: null, persistedOpState: IN_SERVICE, persistedOpStateExpiryEpochSec: 0}, ReplicationConfig: RATIS/THREE, State:CLOSED, leaderId:467b1147-9af8-4a8a-b385-ab64be7d3190, CreationTimestamp2021-07-28T07:53:36.779Z[Etc/UTC]] removed.
2021-07-28 07:53:43,343 [EventQueue-PipelineActionsForPipelineActionHandler] INFO  pipeline.PipelineActionHandler (PipelineActionHandler.java:processPipelineAction(82)) - Received pipeline action CLOSE for PipelineID=ea5821a1-dec0-4bdd-bc7b-1aad04900cf6 from datanode f19dbdd6-282f-4efe-908f-d2dc7f79f7bd. Reason : Log already failed at index 0 for task StartLogSegment:0
2021-07-28 07:53:43,343 [EventQueue-PipelineActionsForPipelineActionHandler] WARN  pipeline.PipelineActionHandler (PipelineActionHandler.java:processPipelineAction(93)) - Pipeline action CLOSE received for unknown pipeline PipelineID=ea5821a1-dec0-4bdd-bc7b-1aad04900cf6, firing close pipeline event.
2021-07-28 07:53:43,393 [IPC Server handler 6 on default port 44325] WARN  pipeline.WritableRatisContainerProvider (WritableRatisContainerProvider.java:getContainer(107)) - Pipeline creation failed for repConfig RATIS/THREE Datanodes may be used up.
org.apache.hadoop.hdds.scm.pipeline.PipelineNotFoundException: Pipeline PipelineID=ea5821a1-dec0-4bdd-bc7b-1aad04900cf6 cannot be found
	at org.apache.hadoop.hdds.scm.pipeline.PipelineManagerV2Impl.waitPipelineReady(PipelineManagerV2Impl.java:481)
	at org.apache.hadoop.hdds.scm.pipeline.WritableRatisContainerProvider.getContainer(WritableRatisContainerProvider.java:105)
	at org.apache.hadoop.hdds.scm.pipeline.WritableContainerFactory.getContainer(WritableContainerFactory.java:52)
	at org.apache.hadoop.hdds.scm.block.BlockManagerImpl.allocateBlock(BlockManagerImpl.java:179)
	at org.apache.hadoop.hdds.scm.server.SCMBlockProtocolServer.allocateBlock(SCMBlockProtocolServer.java:194)
	at org.apache.hadoop.hdds.scm.protocol.ScmBlockLocationProtocolServerSideTranslatorPB.allocateScmBlock(ScmBlockLocationProtocolServerSideTranslatorPB.java:180)
	at org.apache.hadoop.hdds.scm.protocol.ScmBlockLocationProtocolServerSideTranslatorPB.processMessage(ScmBlockLocationProtocolServerSideTranslatorPB.java:130)
	at org.apache.hadoop.hdds.server.OzoneProtocolMessageDispatcher.processRequest(OzoneProtocolMessageDispatcher.java:87)
	at org.apache.hadoop.hdds.scm.protocol.ScmBlockLocationProtocolServerSideTranslatorPB.send(ScmBlockLocationProtocolServerSideTranslatorPB.java:112)
	at org.apache.hadoop.hdds.protocol.proto.ScmBlockLocationProtocolProtos$ScmBlockLocationProtocolService$2.callBlockingMethod(ScmBlockLocationProtocolProtos.java:13937)
	at org.apache.hadoop.ipc.ProtobufRpcEngine$Server.processCall(ProtobufRpcEngine.java:466)
	at org.apache.hadoop.ipc.ProtobufRpcEngine2$Server$ProtoBufRpcInvoker.call(ProtobufRpcEngine2.java:574)
	at org.apache.hadoop.ipc.ProtobufRpcEngine2$Server$ProtoBufRpcInvoker.call(ProtobufRpcEngine2.java:552)
	at org.apache.hadoop.ipc.RPC$Server.call(RPC.java:1093)
	at org.apache.hadoop.ipc.Server$RpcCall.run(Server.java:1035)
	at org.apache.hadoop.ipc.Server$RpcCall.run(Server.java:963)
	at java.security.AccessController.doPrivileged(Native Method)
	at javax.security.auth.Subject.doAs(Subject.java:422)
	at org.apache.hadoop.security.UserGroupInformation.doAs(UserGroupInformation.java:1878)
	at org.apache.hadoop.ipc.Server$Handler.run(Server.java:2966)
2021-07-28 07:53:43,394 [IPC Server handler 6 on default port 44325] ERROR pipeline.WritableRatisContainerProvider (WritableRatisContainerProvider.java:getContainer(152)) - Unable to allocate a block for the size: 4194304, repConfig: RATIS/THREE
2021-07-28 07:53:43,394 [IPC Server handler 6 on default port 44325] ERROR block.BlockManagerImpl (BlockManagerImpl.java:allocateBlock(187)) - Unable to allocate a block for the size: 4194304, replicationConfig: RATIS/THREE
]]></system-out>
  </testcase>
</testsuite>