<?xml version="1.0" encoding="UTF-8"?>
<testsuite xmlns:xsi="http://www.w3.org/2001/XMLSchema-instance" xsi:noNamespaceSchemaLocation="https://maven.apache.org/surefire/maven-surefire-plugin/xsd/surefire-test-report-3.0.xsd" version="3.0" name="org.apache.hadoop.ozone.om.TestObjectStoreWithFSO" time="47.353" tests="9" errors="0" skipped="0" failures="1">
  <properties>
    <property name="awt.toolkit" value="sun.awt.X11.XToolkit"/>
    <property name="file.encoding.pkg" value="sun.io"/>
    <property name="java.specification.version" value="1.8"/>
    <property name="sun.cpu.isalist" value=""/>
    <property name="sun.jnu.encoding" value="UTF-8"/>
    <property name="java.class.path" value="/home/runner/work/ozone/ozone/hadoop-ozone/integration-test/target/test-classes:/home/runner/work/ozone/ozone/hadoop-ozone/integration-test/target/classes:/home/runner/.m2/repository/org/apache/ozone/ozone-common/1.3.0-SNAPSHOT/ozone-common-1.3.0-SNAPSHOT.jar:/home/runner/.m2/repository/io/grpc/grpc-netty/1.48.1/grpc-netty-1.48.1.jar:/home/runner/.m2/repository/io/grpc/grpc-core/1.48.1/grpc-core-1.48.1.jar:/home/runner/.m2/repository/com/google/android/annotations/4.1.1.4/annotations-4.1.1.4.jar:/home/runner/.m2/repository/org/codehaus/mojo/animal-sniffer-annotations/1.21/animal-sniffer-annotations-1.21.jar:/home/runner/.m2/repository/com/google/errorprone/error_prone_annotations/2.2.0/error_prone_annotations-2.2.0.jar:/home/runner/.m2/repository/io/perfmark/perfmark-api/0.25.0/perfmark-api-0.25.0.jar:/home/runner/.m2/repository/io/netty/netty-codec-http2/4.1.79.Final/netty-codec-http2-4.1.79.Final.jar:/home/runner/.m2/repository/io/netty/netty-common/4.1.79.Final/netty-common-4.1.79.Final.jar:/home/runner/.m2/repository/io/netty/netty-buffer/4.1.79.Final/netty-buffer-4.1.79.Final.jar:/home/runner/.m2/repository/io/netty/netty-codec-http/4.1.79.Final/netty-codec-http-4.1.79.Final.jar:/home/runner/.m2/repository/io/netty/netty-handler-proxy/4.1.79.Final/netty-handler-proxy-4.1.79.Final.jar:/home/runner/.m2/repository/io/netty/netty-codec-socks/4.1.79.Final/netty-codec-socks-4.1.79.Final.jar:/home/runner/.m2/repository/io/netty/netty-tcnative-boringssl-static/2.0.53.Final/netty-tcnative-boringssl-static-2.0.53.Final.jar:/home/runner/.m2/repository/io/netty/netty-tcnative-classes/2.0.53.Final/netty-tcnative-classes-2.0.53.Final.jar:/home/runner/.m2/repository/io/netty/netty-tcnative-boringssl-static/2.0.53.Final/netty-tcnative-boringssl-static-2.0.53.Final-linux-x86_64.jar:/home/runner/.m2/repository/io/netty/netty-tcnative-boringssl-static/2.0.53.Final/netty-tcnative-boringssl-static-2.0.53.Final-linux-aarch_64.jar:/home/runner/.m2/repository/io/netty/netty-tcnative-boringssl-static/2.0.53.Final/netty-tcnative-boringssl-static-2.0.53.Final-osx-x86_64.jar:/home/runner/.m2/repository/io/netty/netty-tcnative-boringssl-static/2.0.53.Final/netty-tcnative-boringssl-static-2.0.53.Final-osx-aarch_64.jar:/home/runner/.m2/repository/io/netty/netty-tcnative-boringssl-static/2.0.53.Final/netty-tcnative-boringssl-static-2.0.53.Final-windows-x86_64.jar:/home/runner/.m2/repository/org/apache/commons/commons-compress/1.21/commons-compress-1.21.jar:/home/runner/.m2/repository/org/apache/ozone/hdds-common/1.3.0-SNAPSHOT/hdds-common-1.3.0-SNAPSHOT.jar:/home/runner/.m2/repository/org/apache/ozone/hdds-client/1.3.0-SNAPSHOT/hdds-client-1.3.0-SNAPSHOT.jar:/home/runner/.m2/repository/org/apache/ozone/ozone-interface-client/1.3.0-SNAPSHOT/ozone-interface-client-1.3.0-SNAPSHOT.jar:/home/runner/.m2/repository/org/apache/ozone/hdds-test-utils/1.3.0-SNAPSHOT/hdds-test-utils-1.3.0-SNAPSHOT.jar:/home/runner/.m2/repository/com/google/guava/guava/31.1-jre/guava-31.1-jre.jar:/home/runner/.m2/repository/com/google/guava/failureaccess/1.0.1/failureaccess-1.0.1.jar:/home/runner/.m2/repository/com/google/guava/listenablefuture/9999.0-empty-to-avoid-conflict-with-guava/listenablefuture-9999.0-empty-to-avoid-conflict-with-guava.jar:/home/runner/.m2/repository/com/google/code/findbugs/jsr305/3.0.0/jsr305-3.0.0.jar:/home/runner/.m2/repository/org/checkerframework/checker-qual/3.12.0/checker-qual-3.12.0.jar:/home/runner/.m2/repository/com/google/j2objc/j2objc-annotations/1.3/j2objc-annotations-1.3.jar:/home/runner/.m2/repository/commons-io/commons-io/2.11.0/commons-io-2.11.0.jar:/home/runner/.m2/repository/commons-logging/commons-logging/1.2/commons-logging-1.2.jar:/home/runner/.m2/repository/log4j/log4j/1.2.17/log4j-1.2.17.jar:/home/runner/.m2/repository/org/slf4j/slf4j-api/1.7.30/slf4j-api-1.7.30.jar:/home/runner/.m2/repository/org/apache/ozone/hdds-server-scm/1.3.0-SNAPSHOT/hdds-server-scm-1.3.0-SNAPSHOT.jar:/home/runner/.m2/repository/org/apache/ozone/hdds-container-service/1.3.0-SNAPSHOT/hdds-container-service-1.3.0-SNAPSHOT.jar:/home/runner/.m2/repository/org/apache/ozone/hdds-hadoop-dependency-server/1.3.0-SNAPSHOT/hdds-hadoop-dependency-server-1.3.0-SNAPSHOT.jar:/home/runner/.m2/repository/org/apache/hadoop/hadoop-hdfs/3.3.1/hadoop-hdfs-3.3.1.jar:/home/runner/.m2/repository/org/apache/ozone/hdds-server-framework/1.3.0-SNAPSHOT/hdds-server-framework-1.3.0-SNAPSHOT.jar:/home/runner/.m2/repository/org/apache/ozone/hdds-interface-server/1.3.0-SNAPSHOT/hdds-interface-server-1.3.0-SNAPSHOT.jar:/home/runner/.m2/repository/org/apache/logging/log4j/log4j-core/2.17.1/log4j-core-2.17.1.jar:/home/runner/.m2/repository/com/lmax/disruptor/3.4.2/disruptor-3.4.2.jar:/home/runner/.m2/repository/org/eclipse/jetty/jetty-servlet/9.4.43.v20210629/jetty-servlet-9.4.43.v20210629.jar:/home/runner/.m2/repository/org/eclipse/jetty/jetty-security/9.4.43.v20210629/jetty-security-9.4.43.v20210629.jar:/home/runner/.m2/repository/org/rocksdb/rocksdbjni/7.4.5/rocksdbjni-7.4.5.jar:/home/runner/.m2/repository/io/prometheus/simpleclient_dropwizard/0.7.0/simpleclient_dropwizard-0.7.0.jar:/home/runner/.m2/repository/io/prometheus/simpleclient/0.7.0/simpleclient-0.7.0.jar:/home/runner/.m2/repository/io/prometheus/simpleclient_common/0.7.0/simpleclient_common-0.7.0.jar:/home/runner/.m2/repository/io/dropwizard/metrics/metrics-core/3.2.4/metrics-core-3.2.4.jar:/home/runner/.m2/repository/org/apache/hadoop/hadoop-hdfs-client/3.3.1/hadoop-hdfs-client-3.3.1.jar:/home/runner/.m2/repository/org/bouncycastle/bcprov-jdk15on/1.67/bcprov-jdk15on-1.67.jar:/home/runner/.m2/repository/com/google/protobuf/protobuf-java/2.5.0/protobuf-java-2.5.0.jar:/home/runner/.m2/repository/org/apache/ozone/ozone-manager/1.3.0-SNAPSHOT/ozone-manager-1.3.0-SNAPSHOT.jar:/home/runner/.m2/repository/org/aspectj/aspectjrt/1.9.7/aspectjrt-1.9.7.jar:/home/runner/.m2/repository/org/aspectj/aspectjweaver/1.9.7/aspectjweaver-1.9.7.jar:/home/runner/.m2/repository/org/apache/ozone/hdds-interface-client/1.3.0-SNAPSHOT/hdds-interface-client-1.3.0-SNAPSHOT.jar:/home/runner/.m2/repository/org/apache/hadoop/thirdparty/hadoop-shaded-protobuf_3_7/1.1.1/hadoop-shaded-protobuf_3_7-1.1.1.jar:/home/runner/.m2/repository/org/apache/ozone/ozone-interface-storage/1.3.0-SNAPSHOT/ozone-interface-storage-1.3.0-SNAPSHOT.jar:/home/runner/.m2/repository/org/reflections/reflections/0.9.11/reflections-0.9.11.jar:/home/runner/.m2/repository/com/sun/jersey/jersey-client/1.19/jersey-client-1.19.jar:/home/runner/.m2/repository/org/apache/ranger/ranger-intg/2.3.0/ranger-intg-2.3.0.jar:/home/runner/.m2/repository/org/apache/ranger/ranger-plugins-common/2.3.0/ranger-plugins-common-2.3.0.jar:/home/runner/.m2/repository/commons-lang/commons-lang/2.6/commons-lang-2.6.jar:/home/runner/.m2/repository/org/codehaus/jackson/jackson-jaxrs/1.9.13/jackson-jaxrs-1.9.13.jar:/home/runner/.m2/repository/org/apache/ranger/ranger-plugins-cred/2.3.0/ranger-plugins-cred-2.3.0.jar:/home/runner/.m2/repository/org/apache/ranger/ranger-plugins-audit/2.3.0/ranger-plugins-audit-2.3.0.jar:/home/runner/.m2/repository/org/eclipse/jetty/jetty-client/9.4.31.v20200723/jetty-client-9.4.31.v20200723.jar:/home/runner/.m2/repository/org/apache/httpcomponents/httpmime/4.5.6/httpmime-4.5.6.jar:/home/runner/.m2/repository/org/apache/httpcomponents/httpcore-nio/4.4.6/httpcore-nio-4.4.6.jar:/home/runner/.m2/repository/org/apache/httpcomponents/httpasyncclient/4.1.3/httpasyncclient-4.1.3.jar:/home/runner/.m2/repository/com/carrotsearch/hppc/0.8.0/hppc-0.8.0.jar:/home/runner/.m2/repository/org/apache/orc/orc-core/1.5.8/orc-core-1.5.8.jar:/home/runner/.m2/repository/net/java/dev/jna/jna/5.2.0/jna-5.2.0.jar:/home/runner/.m2/repository/net/java/dev/jna/jna-platform/5.2.0/jna-platform-5.2.0.jar:/home/runner/.m2/repository/com/kstruct/gethostname4j/0.0.2/gethostname4j-0.0.2.jar:/home/runner/.m2/repository/org/apache/ranger/ranger-plugin-classloader/2.3.0/ranger-plugin-classloader-2.3.0.jar:/home/runner/.m2/repository/org/apache/hadoop/hadoop-minikdc/3.3.1/hadoop-minikdc-3.3.1.jar:/home/runner/.m2/repository/org/apache/kerby/kerb-simplekdc/1.0.1/kerb-simplekdc-1.0.1.jar:/home/runner/.m2/repository/org/apache/kerby/kerb-client/1.0.1/kerb-client-1.0.1.jar:/home/runner/.m2/repository/org/apache/kerby/kerby-config/1.0.1/kerby-config-1.0.1.jar:/home/runner/.m2/repository/org/apache/kerby/kerb-common/1.0.1/kerb-common-1.0.1.jar:/home/runner/.m2/repository/org/apache/kerby/kerb-crypto/1.0.1/kerb-crypto-1.0.1.jar:/home/runner/.m2/repository/org/apache/kerby/kerb-util/1.0.1/kerb-util-1.0.1.jar:/home/runner/.m2/repository/org/apache/kerby/token-provider/1.0.1/token-provider-1.0.1.jar:/home/runner/.m2/repository/org/apache/kerby/kerb-admin/1.0.1/kerb-admin-1.0.1.jar:/home/runner/.m2/repository/org/apache/kerby/kerb-server/1.0.1/kerb-server-1.0.1.jar:/home/runner/.m2/repository/org/apache/kerby/kerb-identity/1.0.1/kerb-identity-1.0.1.jar:/home/runner/.m2/repository/org/apache/kerby/kerby-xdr/1.0.1/kerby-xdr-1.0.1.jar:/home/runner/.m2/repository/org/slf4j/slf4j-log4j12/1.7.30/slf4j-log4j12-1.7.30.jar:/home/runner/.m2/repository/org/apache/ozone/ozone-s3gateway/1.3.0-SNAPSHOT/ozone-s3gateway-1.3.0-SNAPSHOT.jar:/home/runner/.m2/repository/org/javassist/javassist/3.21.0-GA/javassist-3.21.0-GA.jar:/home/runner/.m2/repository/org/jboss/weld/servlet/weld-servlet/2.4.7.Final/weld-servlet-2.4.7.Final.jar:/home/runner/.m2/repository/org/glassfish/jersey/containers/jersey-container-servlet-core/2.33/jersey-container-servlet-core-2.33.jar:/home/runner/.m2/repository/org/glassfish/hk2/external/jakarta.inject/2.6.1/jakarta.inject-2.6.1.jar:/home/runner/.m2/repository/org/glassfish/jersey/core/jersey-common/2.33/jersey-common-2.33.jar:/home/runner/.m2/repository/jakarta/ws/rs/jakarta.ws.rs-api/2.1.6/jakarta.ws.rs-api-2.1.6.jar:/home/runner/.m2/repository/org/glassfish/jersey/ext/cdi/jersey-cdi1x/2.33/jersey-cdi1x-2.33.jar:/home/runner/.m2/repository/org/glassfish/jersey/inject/jersey-hk2/2.33/jersey-hk2-2.33.jar:/home/runner/.m2/repository/org/glassfish/hk2/hk2-locator/2.6.1/hk2-locator-2.6.1.jar:/home/runner/.m2/repository/org/glassfish/jersey/media/jersey-media-jaxb/2.33/jersey-media-jaxb-2.33.jar:/home/runner/.m2/repository/org/glassfish/hk2/osgi-resource-locator/1.0.3/osgi-resource-locator-1.0.3.jar:/home/runner/.m2/repository/org/glassfish/hk2/hk2-api/2.5.0/hk2-api-2.5.0.jar:/home/runner/.m2/repository/org/glassfish/hk2/hk2-utils/2.5.0/hk2-utils-2.5.0.jar:/home/runner/.m2/repository/org/glassfish/hk2/external/aopalliance-repackaged/2.5.0/aopalliance-repackaged-2.5.0.jar:/home/runner/.m2/repository/com/fasterxml/jackson/dataformat/jackson-dataformat-xml/2.13.2/jackson-dataformat-xml-2.13.2.jar:/home/runner/.m2/repository/com/fasterxml/jackson/core/jackson-core/2.13.2/jackson-core-2.13.2.jar:/home/runner/.m2/repository/org/codehaus/woodstox/stax2-api/3.1.4/stax2-api-3.1.4.jar:/home/runner/.m2/repository/com/fasterxml/woodstox/woodstox-core/5.0.3/woodstox-core-5.0.3.jar:/home/runner/.m2/repository/com/fasterxml/jackson/module/jackson-module-jaxb-annotations/2.13.2/jackson-module-jaxb-annotations-2.13.2.jar:/home/runner/.m2/repository/jakarta/xml/bind/jakarta.xml.bind-api/2.3.3/jakarta.xml.bind-api-2.3.3.jar:/home/runner/.m2/repository/jakarta/activation/jakarta.activation-api/1.2.1/jakarta.activation-api-1.2.1.jar:/home/runner/.m2/repository/javax/enterprise/cdi-api/1.2/cdi-api-1.2.jar:/home/runner/.m2/repository/javax/el/javax.el-api/3.0.0/javax.el-api-3.0.0.jar:/home/runner/.m2/repository/javax/interceptor/javax.interceptor-api/1.2/javax.interceptor-api-1.2.jar:/home/runner/.m2/repository/javax/inject/javax.inject/1/javax.inject-1.jar:/home/runner/.m2/repository/javax/xml/bind/jaxb-api/2.3.0/jaxb-api-2.3.0.jar:/home/runner/.m2/repository/org/glassfish/jaxb/jaxb-runtime/2.3.0.1/jaxb-runtime-2.3.0.1.jar:/home/runner/.m2/repository/org/glassfish/jaxb/jaxb-core/2.3.0.1/jaxb-core-2.3.0.1.jar:/home/runner/.m2/repository/org/glassfish/jaxb/txw2/2.3.0.1/txw2-2.3.0.1.jar:/home/runner/.m2/repository/com/sun/istack/istack-commons-runtime/3.0.5/istack-commons-runtime-3.0.5.jar:/home/runner/.m2/repository/org/jvnet/staxex/stax-ex/1.7.8/stax-ex-1.7.8.jar:/home/runner/.m2/repository/com/sun/xml/fastinfoset/FastInfoset/1.2.13/FastInfoset-1.2.13.jar:/home/runner/.m2/repository/javax/activation/activation/1.1.1/activation-1.1.1.jar:/home/runner/.m2/repository/io/grpc/grpc-protobuf/1.48.1/grpc-protobuf-1.48.1.jar:/home/runner/.m2/repository/io/grpc/grpc-api/1.48.1/grpc-api-1.48.1.jar:/home/runner/.m2/repository/io/grpc/grpc-context/1.48.1/grpc-context-1.48.1.jar:/home/runner/.m2/repository/com/google/api/grpc/proto-google-common-protos/2.9.0/proto-google-common-protos-2.9.0.jar:/home/runner/.m2/repository/io/grpc/grpc-protobuf-lite/1.48.1/grpc-protobuf-lite-1.48.1.jar:/home/runner/.m2/repository/io/grpc/grpc-stub/1.48.1/grpc-stub-1.48.1.jar:/home/runner/.m2/repository/io/netty/netty-transport/4.1.79.Final/netty-transport-4.1.79.Final.jar:/home/runner/.m2/repository/io/netty/netty-resolver/4.1.79.Final/netty-resolver-4.1.79.Final.jar:/home/runner/.m2/repository/org/apache/ozone/ozone-csi/1.3.0-SNAPSHOT/ozone-csi-1.3.0-SNAPSHOT.jar:/home/runner/.m2/repository/com/google/protobuf/protobuf-java-util/3.19.2/protobuf-java-util-3.19.2.jar:/home/runner/.m2/repository/com/google/code/gson/gson/2.9.0/gson-2.9.0.jar:/home/runner/.m2/repository/org/apache/ozone/hdds-config/1.3.0-SNAPSHOT/hdds-config-1.3.0-SNAPSHOT.jar:/home/runner/.m2/repository/io/netty/netty-transport-native-epoll/4.1.79.Final/netty-transport-native-epoll-4.1.79.Final-linux-x86_64.jar:/home/runner/.m2/repository/io/netty/netty-transport-classes-epoll/4.1.79.Final/netty-transport-classes-epoll-4.1.79.Final.jar:/home/runner/.m2/repository/io/netty/netty-transport-native-unix-common/4.1.79.Final/netty-transport-native-unix-common-4.1.79.Final.jar:/home/runner/.m2/repository/org/apache/ozone/ozone-recon/1.3.0-SNAPSHOT/ozone-recon-1.3.0-SNAPSHOT.jar:/home/runner/.m2/repository/org/apache/ozone/ozone-reconcodegen/1.3.0-SNAPSHOT/ozone-reconcodegen-1.3.0-SNAPSHOT.jar:/home/runner/.m2/repository/com/google/inject/extensions/guice-multibindings/4.0/guice-multibindings-4.0.jar:/home/runner/.m2/repository/com/google/inject/guice/4.0/guice-4.0.jar:/home/runner/.m2/repository/aopalliance/aopalliance/1.0/aopalliance-1.0.jar:/home/runner/.m2/repository/com/google/inject/extensions/guice-assistedinject/4.0/guice-assistedinject-4.0.jar:/home/runner/.m2/repository/com/google/inject/extensions/guice-servlet/4.0/guice-servlet-4.0.jar:/home/runner/.m2/repository/org/glassfish/jersey/containers/jersey-container-servlet/2.33/jersey-container-servlet-2.33.jar:/home/runner/.m2/repository/org/glassfish/hk2/guice-bridge/2.5.0/guice-bridge-2.5.0.jar:/home/runner/.m2/repository/org/glassfish/jersey/core/jersey-server/2.33/jersey-server-2.33.jar:/home/runner/.m2/repository/org/glassfish/jersey/core/jersey-client/2.33/jersey-client-2.33.jar:/home/runner/.m2/repository/jakarta/annotation/jakarta.annotation-api/1.3.5/jakarta.annotation-api-1.3.5.jar:/home/runner/.m2/repository/jakarta/validation/jakarta.validation-api/2.0.2/jakarta.validation-api-2.0.2.jar:/home/runner/.m2/repository/org/glassfish/jersey/media/jersey-media-json-jackson/2.33/jersey-media-json-jackson-2.33.jar:/home/runner/.m2/repository/org/glassfish/jersey/ext/jersey-entity-filtering/2.33/jersey-entity-filtering-2.33.jar:/home/runner/.m2/repository/org/jooq/jooq/3.11.10/jooq-3.11.10.jar:/home/runner/.m2/repository/org/jooq/jooq-meta/3.11.10/jooq-meta-3.11.10.jar:/home/runner/.m2/repository/org/jooq/jooq-codegen/3.11.10/jooq-codegen-3.11.10.jar:/home/runner/.m2/repository/com/jolbox/bonecp/0.8.0.RELEASE/bonecp-0.8.0.RELEASE.jar:/home/runner/.m2/repository/org/apache/derby/derby/10.14.2.0/derby-10.14.2.0.jar:/home/runner/.m2/repository/org/xerial/sqlite-jdbc/3.25.2/sqlite-jdbc-3.25.2.jar:/home/runner/.m2/repository/org/springframework/spring-jdbc/5.2.20.RELEASE/spring-jdbc-5.2.20.RELEASE.jar:/home/runner/.m2/repository/org/springframework/spring-beans/5.2.20.RELEASE/spring-beans-5.2.20.RELEASE.jar:/home/runner/.m2/repository/org/springframework/spring-core/5.2.20.RELEASE/spring-core-5.2.20.RELEASE.jar:/home/runner/.m2/repository/org/springframework/spring-jcl/5.2.20.RELEASE/spring-jcl-5.2.20.RELEASE.jar:/home/runner/.m2/repository/org/springframework/spring-tx/5.2.20.RELEASE/spring-tx-5.2.20.RELEASE.jar:/home/runner/.m2/repository/org/apache/ozone/ozone-client/1.3.0-SNAPSHOT/ozone-client-1.3.0-SNAPSHOT.jar:/home/runner/.m2/repository/org/apache/ozone/hdds-erasurecode/1.3.0-SNAPSHOT/hdds-erasurecode-1.3.0-SNAPSHOT.jar:/home/runner/.m2/repository/com/github/spotbugs/spotbugs-annotations/3.1.12/spotbugs-annotations-3.1.12.jar:/home/runner/.m2/repository/org/apache/ozone/ozone-filesystem/1.3.0-SNAPSHOT/ozone-filesystem-1.3.0-SNAPSHOT.jar:/home/runner/.m2/repository/org/apache/ozone/ozone-filesystem-common/1.3.0-SNAPSHOT/ozone-filesystem-common-1.3.0-SNAPSHOT.jar:/home/runner/.m2/repository/org/apache/ozone/ozone-tools/1.3.0-SNAPSHOT/ozone-tools-1.3.0-SNAPSHOT.jar:/home/runner/.m2/repository/org/apache/ratis/ratis-tools/2.3.0/ratis-tools-2.3.0.jar:/home/runner/.m2/repository/com/amazonaws/aws-java-sdk-core/1.12.261/aws-java-sdk-core-1.12.261.jar:/home/runner/.m2/repository/org/apache/httpcomponents/httpclient/4.5.13/httpclient-4.5.13.jar:/home/runner/.m2/repository/org/apache/httpcomponents/httpcore/4.4.13/httpcore-4.4.13.jar:/home/runner/.m2/repository/software/amazon/ion/ion-java/1.0.2/ion-java-1.0.2.jar:/home/runner/.m2/repository/com/fasterxml/jackson/dataformat/jackson-dataformat-cbor/2.13.2/jackson-dataformat-cbor-2.13.2.jar:/home/runner/.m2/repository/joda-time/joda-time/2.8.1/joda-time-2.8.1.jar:/home/runner/.m2/repository/com/amazonaws/aws-java-sdk-s3/1.12.261/aws-java-sdk-s3-1.12.261.jar:/home/runner/.m2/repository/com/amazonaws/aws-java-sdk-kms/1.12.261/aws-java-sdk-kms-1.12.261.jar:/home/runner/.m2/repository/com/amazonaws/jmespath-java/1.12.261/jmespath-java-1.12.261.jar:/home/runner/.m2/repository/org/kohsuke/metainf-services/metainf-services/1.8/metainf-services-1.8.jar:/home/runner/.m2/repository/org/apache/ozone/hdds-tools/1.3.0-SNAPSHOT/hdds-tools-1.3.0-SNAPSHOT.jar:/home/runner/.m2/repository/commons-cli/commons-cli/1.2/commons-cli-1.2.jar:/home/runner/.m2/repository/org/apache/commons/commons-lang3/3.7/commons-lang3-3.7.jar:/home/runner/.m2/repository/org/apache/ozone/ozone-manager/1.3.0-SNAPSHOT/ozone-manager-1.3.0-SNAPSHOT-tests.jar:/home/runner/.m2/repository/org/apache/ozone/hdds-common/1.3.0-SNAPSHOT/hdds-common-1.3.0-SNAPSHOT-tests.jar:/home/runner/.m2/repository/org/apache/ozone/hdds-hadoop-dependency-client/1.3.0-SNAPSHOT/hdds-hadoop-dependency-client-1.3.0-SNAPSHOT.jar:/home/runner/.m2/repository/info/picocli/picocli/4.6.1/picocli-4.6.1.jar:/home/runner/.m2/repository/com/fasterxml/jackson/core/jackson-annotations/2.13.2/jackson-annotations-2.13.2.jar:/home/runner/.m2/repository/com/fasterxml/jackson/datatype/jackson-datatype-jsr310/2.13.2/jackson-datatype-jsr310-2.13.2.jar:/home/runner/.m2/repository/org/apache/ozone/hdds-annotation-processing/1.3.0-SNAPSHOT/hdds-annotation-processing-1.3.0-SNAPSHOT.jar:/home/runner/.m2/repository/javax/annotation/javax.annotation-api/1.2/javax.annotation-api-1.2.jar:/home/runner/.m2/repository/org/apache/ratis/ratis-server/2.3.0/ratis-server-2.3.0.jar:/home/runner/.m2/repository/org/apache/ratis/ratis-client/2.3.0/ratis-client-2.3.0.jar:/home/runner/.m2/repository/org/apache/ratis/ratis-server-api/2.3.0/ratis-server-api-2.3.0.jar:/home/runner/.m2/repository/org/apache/ratis/ratis-metrics/2.3.0/ratis-metrics-2.3.0.jar:/home/runner/.m2/repository/org/apache/ratis/ratis-netty/2.3.0/ratis-netty-2.3.0.jar:/home/runner/.m2/repository/org/apache/ratis/ratis-grpc/2.3.0/ratis-grpc-2.3.0.jar:/home/runner/.m2/repository/org/apache/logging/log4j/log4j-api/2.17.1/log4j-api-2.17.1.jar:/home/runner/.m2/repository/org/apache/commons/commons-pool2/2.6.0/commons-pool2-2.6.0.jar:/home/runner/.m2/repository/org/bouncycastle/bcpkix-jdk15on/1.67/bcpkix-jdk15on-1.67.jar:/home/runner/.m2/repository/commons-validator/commons-validator/1.6/commons-validator-1.6.jar:/home/runner/.m2/repository/commons-beanutils/commons-beanutils/1.9.4/commons-beanutils-1.9.4.jar:/home/runner/.m2/repository/commons-digester/commons-digester/1.8.1/commons-digester-1.8.1.jar:/home/runner/.m2/repository/commons-collections/commons-collections/3.2.2/commons-collections-3.2.2.jar:/home/runner/.m2/repository/io/jaegertracing/jaeger-client/1.6.0/jaeger-client-1.6.0.jar:/home/runner/.m2/repository/io/jaegertracing/jaeger-thrift/1.6.0/jaeger-thrift-1.6.0.jar:/home/runner/.m2/repository/org/apache/thrift/libthrift/0.14.1/libthrift-0.14.1.jar:/home/runner/.m2/repository/com/squareup/okhttp3/okhttp/4.9.0/okhttp-4.9.0.jar:/home/runner/.m2/repository/com/squareup/okio/okio/2.8.0/okio-2.8.0.jar:/home/runner/.m2/repository/io/jaegertracing/jaeger-core/1.6.0/jaeger-core-1.6.0.jar:/home/runner/.m2/repository/io/jaegertracing/jaeger-tracerresolver/1.6.0/jaeger-tracerresolver-1.6.0.jar:/home/runner/.m2/repository/io/opentracing/contrib/opentracing-tracerresolver/0.1.8/opentracing-tracerresolver-0.1.8.jar:/home/runner/.m2/repository/org/jetbrains/kotlin/kotlin-stdlib/1.6.21/kotlin-stdlib-1.6.21.jar:/home/runner/.m2/repository/org/jetbrains/kotlin/kotlin-stdlib-common/1.6.21/kotlin-stdlib-common-1.6.21.jar:/home/runner/.m2/repository/org/jetbrains/annotations/13.0/annotations-13.0.jar:/home/runner/.m2/repository/io/opentracing/opentracing-util/0.33.0/opentracing-util-0.33.0.jar:/home/runner/.m2/repository/io/opentracing/opentracing-api/0.33.0/opentracing-api-0.33.0.jar:/home/runner/.m2/repository/io/opentracing/opentracing-noop/0.33.0/opentracing-noop-0.33.0.jar:/home/runner/.m2/repository/org/yaml/snakeyaml/1.26/snakeyaml-1.26.jar:/home/runner/.m2/repository/org/apache/ozone/hdds-interface-admin/1.3.0-SNAPSHOT/hdds-interface-admin-1.3.0-SNAPSHOT.jar:/home/runner/.m2/repository/junit/junit/4.13.1/junit-4.13.1.jar:/home/runner/.m2/repository/org/hamcrest/hamcrest-core/1.3/hamcrest-core-1.3.jar:/home/runner/.m2/repository/org/junit/jupiter/junit-jupiter-api/5.8.2/junit-jupiter-api-5.8.2.jar:/home/runner/.m2/repository/org/opentest4j/opentest4j/1.2.0/opentest4j-1.2.0.jar:/home/runner/.m2/repository/org/junit/platform/junit-platform-commons/1.8.2/junit-platform-commons-1.8.2.jar:/home/runner/.m2/repository/org/apiguardian/apiguardian-api/1.1.2/apiguardian-api-1.1.2.jar:/home/runner/.m2/repository/org/junit/jupiter/junit-jupiter-params/5.8.2/junit-jupiter-params-5.8.2.jar:/home/runner/.m2/repository/org/junit/jupiter/junit-jupiter-migrationsupport/5.8.2/junit-jupiter-migrationsupport-5.8.2.jar:/home/runner/.m2/repository/org/junit/jupiter/junit-jupiter-engine/5.8.2/junit-jupiter-engine-5.8.2.jar:/home/runner/.m2/repository/org/junit/platform/junit-platform-engine/1.8.2/junit-platform-engine-1.8.2.jar:/home/runner/.m2/repository/org/junit/vintage/junit-vintage-engine/5.8.2/junit-vintage-engine-5.8.2.jar:/home/runner/.m2/repository/org/junit/platform/junit-platform-launcher/1.8.2/junit-platform-launcher-1.8.2.jar:/home/runner/.m2/repository/org/mockito/mockito-core/2.28.2/mockito-core-2.28.2.jar:/home/runner/.m2/repository/net/bytebuddy/byte-buddy/1.9.10/byte-buddy-1.9.10.jar:/home/runner/.m2/repository/net/bytebuddy/byte-buddy-agent/1.9.10/byte-buddy-agent-1.9.10.jar:/home/runner/.m2/repository/org/objenesis/objenesis/1.0/objenesis-1.0.jar:/home/runner/.m2/repository/org/apache/hadoop/hadoop-kms/3.3.1/hadoop-kms-3.3.1.jar:/home/runner/.m2/repository/org/apache/hadoop/hadoop-auth/3.3.1/hadoop-auth-3.3.1.jar:/home/runner/.m2/repository/com/nimbusds/nimbus-jose-jwt/7.9/nimbus-jose-jwt-7.9.jar:/home/runner/.m2/repository/com/github/stephenc/jcip/jcip-annotations/1.0-1/jcip-annotations-1.0-1.jar:/home/runner/.m2/repository/net/minidev/json-smart/2.4.7/json-smart-2.4.7.jar:/home/runner/.m2/repository/net/minidev/accessors-smart/2.4.7/accessors-smart-2.4.7.jar:/home/runner/.m2/repository/org/ow2/asm/asm/5.0.4/asm-5.0.4.jar:/home/runner/.m2/repository/org/apache/zookeeper/zookeeper/3.5.6/zookeeper-3.5.6.jar:/home/runner/.m2/repository/org/apache/zookeeper/zookeeper-jute/3.5.6/zookeeper-jute-3.5.6.jar:/home/runner/.m2/repository/org/apache/yetus/audience-annotations/0.5.0/audience-annotations-0.5.0.jar:/home/runner/.m2/repository/org/apache/curator/curator-framework/4.2.0/curator-framework-4.2.0.jar:/home/runner/.m2/repository/org/apache/hadoop/thirdparty/hadoop-shaded-guava/1.1.1/hadoop-shaded-guava-1.1.1.jar:/home/runner/.m2/repository/com/sun/jersey/jersey-core/1.19/jersey-core-1.19.jar:/home/runner/.m2/repository/javax/ws/rs/jsr311-api/1.1.1/jsr311-api-1.1.1.jar:/home/runner/.m2/repository/com/sun/jersey/jersey-server/1.19/jersey-server-1.19.jar:/home/runner/.m2/repository/javax/servlet/javax.servlet-api/3.1.0/javax.servlet-api-3.1.0.jar:/home/runner/.m2/repository/org/eclipse/jetty/jetty-server/9.4.43.v20210629/jetty-server-9.4.43.v20210629.jar:/home/runner/.m2/repository/org/eclipse/jetty/jetty-http/9.4.43.v20210629/jetty-http-9.4.43.v20210629.jar:/home/runner/.m2/repository/org/eclipse/jetty/jetty-io/9.4.43.v20210629/jetty-io-9.4.43.v20210629.jar:/home/runner/.m2/repository/org/eclipse/jetty/jetty-webapp/9.4.43.v20210629/jetty-webapp-9.4.43.v20210629.jar:/home/runner/.m2/repository/org/eclipse/jetty/jetty-xml/9.4.43.v20210629/jetty-xml-9.4.43.v20210629.jar:/home/runner/.m2/repository/org/apache/hadoop/hadoop-common/3.3.1/hadoop-common-3.3.1.jar:/home/runner/.m2/repository/org/apache/commons/commons-math3/3.1.1/commons-math3-3.1.1.jar:/home/runner/.m2/repository/commons-net/commons-net/3.6/commons-net-3.6.jar:/home/runner/.m2/repository/com/sun/jersey/jersey-servlet/1.19/jersey-servlet-1.19.jar:/home/runner/.m2/repository/com/sun/jersey/jersey-json/1.19/jersey-json-1.19.jar:/home/runner/.m2/repository/org/codehaus/jettison/jettison/1.1/jettison-1.1.jar:/home/runner/.m2/repository/com/sun/xml/bind/jaxb-impl/2.2.3-1/jaxb-impl-2.2.3-1.jar:/home/runner/.m2/repository/org/codehaus/jackson/jackson-xc/1.9.2/jackson-xc-1.9.2.jar:/home/runner/.m2/repository/org/apache/commons/commons-configuration2/2.1.1/commons-configuration2-2.1.1.jar:/home/runner/.m2/repository/org/apache/commons/commons-text/1.4/commons-text-1.4.jar:/home/runner/.m2/repository/com/google/re2j/re2j/1.1/re2j-1.1.jar:/home/runner/.m2/repository/com/jcraft/jsch/0.1.54/jsch-0.1.54.jar:/home/runner/.m2/repository/org/apache/curator/curator-client/4.2.0/curator-client-4.2.0.jar:/home/runner/.m2/repository/org/apache/curator/curator-recipes/4.2.0/curator-recipes-4.2.0.jar:/home/runner/.m2/repository/org/apache/kerby/kerb-core/1.0.1/kerb-core-1.0.1.jar:/home/runner/.m2/repository/org/apache/kerby/kerby-pkix/1.0.1/kerby-pkix-1.0.1.jar:/home/runner/.m2/repository/org/apache/kerby/kerby-asn1/1.0.1/kerby-asn1-1.0.1.jar:/home/runner/.m2/repository/org/apache/kerby/kerby-util/1.0.1/kerby-util-1.0.1.jar:/home/runner/.m2/repository/dnsjava/dnsjava/2.1.7/dnsjava-2.1.7.jar:/home/runner/.m2/repository/org/xerial/snappy/snappy-java/1.1.8.2/snappy-java-1.1.8.2.jar:/home/runner/.m2/repository/org/slf4j/jul-to-slf4j/1.7.30/jul-to-slf4j-1.7.30.jar:/home/runner/.m2/repository/org/eclipse/jetty/jetty-util/9.4.43.v20210629/jetty-util-9.4.43.v20210629.jar:/home/runner/.m2/repository/com/fasterxml/jackson/core/jackson-databind/2.13.2.2/jackson-databind-2.13.2.2.jar:/home/runner/.m2/repository/org/apache/hadoop/hadoop-kms/3.3.1/hadoop-kms-3.3.1-tests.jar:/home/runner/.m2/repository/org/apache/ozone/hdds-server-scm/1.3.0-SNAPSHOT/hdds-server-scm-1.3.0-SNAPSHOT-tests.jar:/home/runner/.m2/repository/org/apache/ozone/hdds-container-service/1.3.0-SNAPSHOT/hdds-container-service-1.3.0-SNAPSHOT-tests.jar:/home/runner/.m2/repository/commons-codec/commons-codec/1.11/commons-codec-1.11.jar:/home/runner/.m2/repository/io/netty/netty-codec/4.1.79.Final/netty-codec-4.1.79.Final.jar:/home/runner/.m2/repository/io/netty/netty-handler/4.1.79.Final/netty-handler-4.1.79.Final.jar:/home/runner/.m2/repository/org/apache/ozone/hdds-hadoop-dependency-test/1.3.0-SNAPSHOT/hdds-hadoop-dependency-test-1.3.0-SNAPSHOT.jar:/home/runner/.m2/repository/org/apache/hadoop/hadoop-common/3.3.1/hadoop-common-3.3.1-tests.jar:/home/runner/.m2/repository/org/assertj/assertj-core/3.12.2/assertj-core-3.12.2.jar:/home/runner/.m2/repository/org/apache/hadoop/hadoop-hdfs/3.3.1/hadoop-hdfs-3.3.1-tests.jar:/home/runner/.m2/repository/org/eclipse/jetty/jetty-util-ajax/9.4.43.v20210629/jetty-util-ajax-9.4.43.v20210629.jar:/home/runner/.m2/repository/commons-daemon/commons-daemon/1.0.13/commons-daemon-1.0.13.jar:/home/runner/.m2/repository/io/netty/netty/3.10.6.Final/netty-3.10.6.Final.jar:/home/runner/.m2/repository/io/netty/netty-all/4.1.79.Final/netty-all-4.1.79.Final.jar:/home/runner/.m2/repository/io/netty/netty-codec-dns/4.1.79.Final/netty-codec-dns-4.1.79.Final.jar:/home/runner/.m2/repository/io/netty/netty-codec-haproxy/4.1.79.Final/netty-codec-haproxy-4.1.79.Final.jar:/home/runner/.m2/repository/io/netty/netty-codec-memcache/4.1.79.Final/netty-codec-memcache-4.1.79.Final.jar:/home/runner/.m2/repository/io/netty/netty-codec-mqtt/4.1.79.Final/netty-codec-mqtt-4.1.79.Final.jar:/home/runner/.m2/repository/io/netty/netty-codec-redis/4.1.79.Final/netty-codec-redis-4.1.79.Final.jar:/home/runner/.m2/repository/io/netty/netty-codec-smtp/4.1.79.Final/netty-codec-smtp-4.1.79.Final.jar:/home/runner/.m2/repository/io/netty/netty-codec-stomp/4.1.79.Final/netty-codec-stomp-4.1.79.Final.jar:/home/runner/.m2/repository/io/netty/netty-codec-xml/4.1.79.Final/netty-codec-xml-4.1.79.Final.jar:/home/runner/.m2/repository/io/netty/netty-resolver-dns/4.1.79.Final/netty-resolver-dns-4.1.79.Final.jar:/home/runner/.m2/repository/io/netty/netty-transport-rxtx/4.1.79.Final/netty-transport-rxtx-4.1.79.Final.jar:/home/runner/.m2/repository/io/netty/netty-transport-sctp/4.1.79.Final/netty-transport-sctp-4.1.79.Final.jar:/home/runner/.m2/repository/io/netty/netty-transport-udt/4.1.79.Final/netty-transport-udt-4.1.79.Final.jar:/home/runner/.m2/repository/io/netty/netty-transport-classes-kqueue/4.1.79.Final/netty-transport-classes-kqueue-4.1.79.Final.jar:/home/runner/.m2/repository/io/netty/netty-resolver-dns-classes-macos/4.1.79.Final/netty-resolver-dns-classes-macos-4.1.79.Final.jar:/home/runner/.m2/repository/io/netty/netty-transport-native-epoll/4.1.79.Final/netty-transport-native-epoll-4.1.79.Final-linux-aarch_64.jar:/home/runner/.m2/repository/io/netty/netty-transport-native-kqueue/4.1.79.Final/netty-transport-native-kqueue-4.1.79.Final-osx-x86_64.jar:/home/runner/.m2/repository/io/netty/netty-transport-native-kqueue/4.1.79.Final/netty-transport-native-kqueue-4.1.79.Final-osx-aarch_64.jar:/home/runner/.m2/repository/io/netty/netty-resolver-dns-native-macos/4.1.79.Final/netty-resolver-dns-native-macos-4.1.79.Final-osx-x86_64.jar:/home/runner/.m2/repository/io/netty/netty-resolver-dns-native-macos/4.1.79.Final/netty-resolver-dns-native-macos-4.1.79.Final-osx-aarch_64.jar:/home/runner/.m2/repository/org/apache/htrace/htrace-core4/4.1.0-incubating/htrace-core4-4.1.0-incubating.jar:/home/runner/.m2/repository/org/fusesource/leveldbjni/leveldbjni-all/1.8/leveldbjni-all-1.8.jar:/home/runner/.m2/repository/org/apache/hadoop/hadoop-distcp/3.3.1/hadoop-distcp-3.3.1.jar:/home/runner/.m2/repository/org/apache/hadoop/hadoop-mapreduce-client-jobclient/3.3.1/hadoop-mapreduce-client-jobclient-3.3.1.jar:/home/runner/.m2/repository/org/apache/hadoop/hadoop-mapreduce-client-common/3.3.1/hadoop-mapreduce-client-common-3.3.1.jar:/home/runner/.m2/repository/org/apache/hadoop/hadoop-yarn-common/3.3.1/hadoop-yarn-common-3.3.1.jar:/home/runner/.m2/repository/org/apache/hadoop/hadoop-yarn-api/3.3.1/hadoop-yarn-api-3.3.1.jar:/home/runner/.m2/repository/com/sun/jersey/contribs/jersey-guice/1.19/jersey-guice-1.19.jar:/home/runner/.m2/repository/com/fasterxml/jackson/jaxrs/jackson-jaxrs-json-provider/2.13.2/jackson-jaxrs-json-provider-2.13.2.jar:/home/runner/.m2/repository/com/fasterxml/jackson/jaxrs/jackson-jaxrs-base/2.13.2/jackson-jaxrs-base-2.13.2.jar:/home/runner/.m2/repository/org/apache/hadoop/hadoop-yarn-client/3.3.1/hadoop-yarn-client-3.3.1.jar:/home/runner/.m2/repository/org/eclipse/jetty/websocket/websocket-client/9.4.40.v20210413/websocket-client-9.4.40.v20210413.jar:/home/runner/.m2/repository/org/eclipse/jetty/websocket/websocket-common/9.4.40.v20210413/websocket-common-9.4.40.v20210413.jar:/home/runner/.m2/repository/org/eclipse/jetty/websocket/websocket-api/9.4.40.v20210413/websocket-api-9.4.40.v20210413.jar:/home/runner/.m2/repository/org/jline/jline/3.9.0/jline-3.9.0.jar:/home/runner/.m2/repository/org/apache/hadoop/hadoop-mapreduce-client-core/3.3.1/hadoop-mapreduce-client-core-3.3.1.jar:/home/runner/.m2/repository/org/apache/avro/avro/1.7.7/avro-1.7.7.jar:/home/runner/.m2/repository/org/codehaus/jackson/jackson-core-asl/1.9.13/jackson-core-asl-1.9.13.jar:/home/runner/.m2/repository/org/codehaus/jackson/jackson-mapper-asl/1.9.13/jackson-mapper-asl-1.9.13.jar:/home/runner/.m2/repository/com/thoughtworks/paranamer/paranamer/2.3/paranamer-2.3.jar:/home/runner/.m2/repository/org/apache/hadoop/hadoop-annotations/3.3.1/hadoop-annotations-3.3.1.jar:/opt/hostedtoolcache/jdk/8.0.345/x64/jre/../lib/tools.jar:/home/runner/.m2/repository/org/apache/hadoop/hadoop-distcp/3.3.1/hadoop-distcp-3.3.1-tests.jar:/home/runner/.m2/repository/org/apache/ratis/ratis-common/2.3.0/ratis-common-2.3.0.jar:/home/runner/.m2/repository/org/apache/ratis/ratis-thirdparty-misc/1.0.0/ratis-thirdparty-misc-1.0.0.jar:/home/runner/.m2/repository/org/apache/ratis/ratis-proto/2.3.0/ratis-proto-2.3.0.jar:"/>
    <property name="java.vm.vendor" value="Azul Systems, Inc."/>
    <property name="sun.arch.data.model" value="64"/>
    <property name="test.build.dir" value="/home/runner/work/ozone/ozone/hadoop-ozone/integration-test/target/test-dir"/>
    <property name="test.cache.data" value=""/>
    <property name="java.vendor.url" value="http://www.azul.com/"/>
    <property name="user.timezone" value="Etc/UTC"/>
    <property name="java.vm.specification.version" value="1.8"/>
    <property name="os.name" value="Linux"/>
    <property name="test.build.data" value="/home/runner/work/ozone/ozone/hadoop-ozone/integration-test/target/test-dir"/>
    <property name="sun.java.launcher" value="SUN_STANDARD"/>
    <property name="sun.boot.library.path" value="/opt/hostedtoolcache/jdk/8.0.345/x64/jre/lib/amd64"/>
    <property name="sun.java.command" value="/home/runner/work/ozone/ozone/hadoop-ozone/integration-test/target/surefire/surefirebooter7359039793446434248.jar /home/runner/work/ozone/ozone/hadoop-ozone/integration-test/target/surefire 2022-08-26T07-17-00_841-jvmRun1 surefire99001379360673073tmp surefire_333375728379541219507tmp"/>
    <property name="surefire.test.class.path" value="/home/runner/work/ozone/ozone/hadoop-ozone/integration-test/target/test-classes:/home/runner/work/ozone/ozone/hadoop-ozone/integration-test/target/classes:/home/runner/.m2/repository/org/apache/ozone/ozone-common/1.3.0-SNAPSHOT/ozone-common-1.3.0-SNAPSHOT.jar:/home/runner/.m2/repository/io/grpc/grpc-netty/1.48.1/grpc-netty-1.48.1.jar:/home/runner/.m2/repository/io/grpc/grpc-core/1.48.1/grpc-core-1.48.1.jar:/home/runner/.m2/repository/com/google/android/annotations/4.1.1.4/annotations-4.1.1.4.jar:/home/runner/.m2/repository/org/codehaus/mojo/animal-sniffer-annotations/1.21/animal-sniffer-annotations-1.21.jar:/home/runner/.m2/repository/com/google/errorprone/error_prone_annotations/2.2.0/error_prone_annotations-2.2.0.jar:/home/runner/.m2/repository/io/perfmark/perfmark-api/0.25.0/perfmark-api-0.25.0.jar:/home/runner/.m2/repository/io/netty/netty-codec-http2/4.1.79.Final/netty-codec-http2-4.1.79.Final.jar:/home/runner/.m2/repository/io/netty/netty-common/4.1.79.Final/netty-common-4.1.79.Final.jar:/home/runner/.m2/repository/io/netty/netty-buffer/4.1.79.Final/netty-buffer-4.1.79.Final.jar:/home/runner/.m2/repository/io/netty/netty-codec-http/4.1.79.Final/netty-codec-http-4.1.79.Final.jar:/home/runner/.m2/repository/io/netty/netty-handler-proxy/4.1.79.Final/netty-handler-proxy-4.1.79.Final.jar:/home/runner/.m2/repository/io/netty/netty-codec-socks/4.1.79.Final/netty-codec-socks-4.1.79.Final.jar:/home/runner/.m2/repository/io/netty/netty-tcnative-boringssl-static/2.0.53.Final/netty-tcnative-boringssl-static-2.0.53.Final.jar:/home/runner/.m2/repository/io/netty/netty-tcnative-classes/2.0.53.Final/netty-tcnative-classes-2.0.53.Final.jar:/home/runner/.m2/repository/io/netty/netty-tcnative-boringssl-static/2.0.53.Final/netty-tcnative-boringssl-static-2.0.53.Final-linux-x86_64.jar:/home/runner/.m2/repository/io/netty/netty-tcnative-boringssl-static/2.0.53.Final/netty-tcnative-boringssl-static-2.0.53.Final-linux-aarch_64.jar:/home/runner/.m2/repository/io/netty/netty-tcnative-boringssl-static/2.0.53.Final/netty-tcnative-boringssl-static-2.0.53.Final-osx-x86_64.jar:/home/runner/.m2/repository/io/netty/netty-tcnative-boringssl-static/2.0.53.Final/netty-tcnative-boringssl-static-2.0.53.Final-osx-aarch_64.jar:/home/runner/.m2/repository/io/netty/netty-tcnative-boringssl-static/2.0.53.Final/netty-tcnative-boringssl-static-2.0.53.Final-windows-x86_64.jar:/home/runner/.m2/repository/org/apache/commons/commons-compress/1.21/commons-compress-1.21.jar:/home/runner/.m2/repository/org/apache/ozone/hdds-common/1.3.0-SNAPSHOT/hdds-common-1.3.0-SNAPSHOT.jar:/home/runner/.m2/repository/org/apache/ozone/hdds-client/1.3.0-SNAPSHOT/hdds-client-1.3.0-SNAPSHOT.jar:/home/runner/.m2/repository/org/apache/ozone/ozone-interface-client/1.3.0-SNAPSHOT/ozone-interface-client-1.3.0-SNAPSHOT.jar:/home/runner/.m2/repository/org/apache/ozone/hdds-test-utils/1.3.0-SNAPSHOT/hdds-test-utils-1.3.0-SNAPSHOT.jar:/home/runner/.m2/repository/com/google/guava/guava/31.1-jre/guava-31.1-jre.jar:/home/runner/.m2/repository/com/google/guava/failureaccess/1.0.1/failureaccess-1.0.1.jar:/home/runner/.m2/repository/com/google/guava/listenablefuture/9999.0-empty-to-avoid-conflict-with-guava/listenablefuture-9999.0-empty-to-avoid-conflict-with-guava.jar:/home/runner/.m2/repository/com/google/code/findbugs/jsr305/3.0.0/jsr305-3.0.0.jar:/home/runner/.m2/repository/org/checkerframework/checker-qual/3.12.0/checker-qual-3.12.0.jar:/home/runner/.m2/repository/com/google/j2objc/j2objc-annotations/1.3/j2objc-annotations-1.3.jar:/home/runner/.m2/repository/commons-io/commons-io/2.11.0/commons-io-2.11.0.jar:/home/runner/.m2/repository/commons-logging/commons-logging/1.2/commons-logging-1.2.jar:/home/runner/.m2/repository/log4j/log4j/1.2.17/log4j-1.2.17.jar:/home/runner/.m2/repository/org/slf4j/slf4j-api/1.7.30/slf4j-api-1.7.30.jar:/home/runner/.m2/repository/org/apache/ozone/hdds-server-scm/1.3.0-SNAPSHOT/hdds-server-scm-1.3.0-SNAPSHOT.jar:/home/runner/.m2/repository/org/apache/ozone/hdds-container-service/1.3.0-SNAPSHOT/hdds-container-service-1.3.0-SNAPSHOT.jar:/home/runner/.m2/repository/org/apache/ozone/hdds-hadoop-dependency-server/1.3.0-SNAPSHOT/hdds-hadoop-dependency-server-1.3.0-SNAPSHOT.jar:/home/runner/.m2/repository/org/apache/hadoop/hadoop-hdfs/3.3.1/hadoop-hdfs-3.3.1.jar:/home/runner/.m2/repository/org/apache/ozone/hdds-server-framework/1.3.0-SNAPSHOT/hdds-server-framework-1.3.0-SNAPSHOT.jar:/home/runner/.m2/repository/org/apache/ozone/hdds-interface-server/1.3.0-SNAPSHOT/hdds-interface-server-1.3.0-SNAPSHOT.jar:/home/runner/.m2/repository/org/apache/logging/log4j/log4j-core/2.17.1/log4j-core-2.17.1.jar:/home/runner/.m2/repository/com/lmax/disruptor/3.4.2/disruptor-3.4.2.jar:/home/runner/.m2/repository/org/eclipse/jetty/jetty-servlet/9.4.43.v20210629/jetty-servlet-9.4.43.v20210629.jar:/home/runner/.m2/repository/org/eclipse/jetty/jetty-security/9.4.43.v20210629/jetty-security-9.4.43.v20210629.jar:/home/runner/.m2/repository/org/rocksdb/rocksdbjni/7.4.5/rocksdbjni-7.4.5.jar:/home/runner/.m2/repository/io/prometheus/simpleclient_dropwizard/0.7.0/simpleclient_dropwizard-0.7.0.jar:/home/runner/.m2/repository/io/prometheus/simpleclient/0.7.0/simpleclient-0.7.0.jar:/home/runner/.m2/repository/io/prometheus/simpleclient_common/0.7.0/simpleclient_common-0.7.0.jar:/home/runner/.m2/repository/io/dropwizard/metrics/metrics-core/3.2.4/metrics-core-3.2.4.jar:/home/runner/.m2/repository/org/apache/hadoop/hadoop-hdfs-client/3.3.1/hadoop-hdfs-client-3.3.1.jar:/home/runner/.m2/repository/org/bouncycastle/bcprov-jdk15on/1.67/bcprov-jdk15on-1.67.jar:/home/runner/.m2/repository/com/google/protobuf/protobuf-java/2.5.0/protobuf-java-2.5.0.jar:/home/runner/.m2/repository/org/apache/ozone/ozone-manager/1.3.0-SNAPSHOT/ozone-manager-1.3.0-SNAPSHOT.jar:/home/runner/.m2/repository/org/aspectj/aspectjrt/1.9.7/aspectjrt-1.9.7.jar:/home/runner/.m2/repository/org/aspectj/aspectjweaver/1.9.7/aspectjweaver-1.9.7.jar:/home/runner/.m2/repository/org/apache/ozone/hdds-interface-client/1.3.0-SNAPSHOT/hdds-interface-client-1.3.0-SNAPSHOT.jar:/home/runner/.m2/repository/org/apache/hadoop/thirdparty/hadoop-shaded-protobuf_3_7/1.1.1/hadoop-shaded-protobuf_3_7-1.1.1.jar:/home/runner/.m2/repository/org/apache/ozone/ozone-interface-storage/1.3.0-SNAPSHOT/ozone-interface-storage-1.3.0-SNAPSHOT.jar:/home/runner/.m2/repository/org/reflections/reflections/0.9.11/reflections-0.9.11.jar:/home/runner/.m2/repository/com/sun/jersey/jersey-client/1.19/jersey-client-1.19.jar:/home/runner/.m2/repository/org/apache/ranger/ranger-intg/2.3.0/ranger-intg-2.3.0.jar:/home/runner/.m2/repository/org/apache/ranger/ranger-plugins-common/2.3.0/ranger-plugins-common-2.3.0.jar:/home/runner/.m2/repository/commons-lang/commons-lang/2.6/commons-lang-2.6.jar:/home/runner/.m2/repository/org/codehaus/jackson/jackson-jaxrs/1.9.13/jackson-jaxrs-1.9.13.jar:/home/runner/.m2/repository/org/apache/ranger/ranger-plugins-cred/2.3.0/ranger-plugins-cred-2.3.0.jar:/home/runner/.m2/repository/org/apache/ranger/ranger-plugins-audit/2.3.0/ranger-plugins-audit-2.3.0.jar:/home/runner/.m2/repository/org/eclipse/jetty/jetty-client/9.4.31.v20200723/jetty-client-9.4.31.v20200723.jar:/home/runner/.m2/repository/org/apache/httpcomponents/httpmime/4.5.6/httpmime-4.5.6.jar:/home/runner/.m2/repository/org/apache/httpcomponents/httpcore-nio/4.4.6/httpcore-nio-4.4.6.jar:/home/runner/.m2/repository/org/apache/httpcomponents/httpasyncclient/4.1.3/httpasyncclient-4.1.3.jar:/home/runner/.m2/repository/com/carrotsearch/hppc/0.8.0/hppc-0.8.0.jar:/home/runner/.m2/repository/org/apache/orc/orc-core/1.5.8/orc-core-1.5.8.jar:/home/runner/.m2/repository/net/java/dev/jna/jna/5.2.0/jna-5.2.0.jar:/home/runner/.m2/repository/net/java/dev/jna/jna-platform/5.2.0/jna-platform-5.2.0.jar:/home/runner/.m2/repository/com/kstruct/gethostname4j/0.0.2/gethostname4j-0.0.2.jar:/home/runner/.m2/repository/org/apache/ranger/ranger-plugin-classloader/2.3.0/ranger-plugin-classloader-2.3.0.jar:/home/runner/.m2/repository/org/apache/hadoop/hadoop-minikdc/3.3.1/hadoop-minikdc-3.3.1.jar:/home/runner/.m2/repository/org/apache/kerby/kerb-simplekdc/1.0.1/kerb-simplekdc-1.0.1.jar:/home/runner/.m2/repository/org/apache/kerby/kerb-client/1.0.1/kerb-client-1.0.1.jar:/home/runner/.m2/repository/org/apache/kerby/kerby-config/1.0.1/kerby-config-1.0.1.jar:/home/runner/.m2/repository/org/apache/kerby/kerb-common/1.0.1/kerb-common-1.0.1.jar:/home/runner/.m2/repository/org/apache/kerby/kerb-crypto/1.0.1/kerb-crypto-1.0.1.jar:/home/runner/.m2/repository/org/apache/kerby/kerb-util/1.0.1/kerb-util-1.0.1.jar:/home/runner/.m2/repository/org/apache/kerby/token-provider/1.0.1/token-provider-1.0.1.jar:/home/runner/.m2/repository/org/apache/kerby/kerb-admin/1.0.1/kerb-admin-1.0.1.jar:/home/runner/.m2/repository/org/apache/kerby/kerb-server/1.0.1/kerb-server-1.0.1.jar:/home/runner/.m2/repository/org/apache/kerby/kerb-identity/1.0.1/kerb-identity-1.0.1.jar:/home/runner/.m2/repository/org/apache/kerby/kerby-xdr/1.0.1/kerby-xdr-1.0.1.jar:/home/runner/.m2/repository/org/slf4j/slf4j-log4j12/1.7.30/slf4j-log4j12-1.7.30.jar:/home/runner/.m2/repository/org/apache/ozone/ozone-s3gateway/1.3.0-SNAPSHOT/ozone-s3gateway-1.3.0-SNAPSHOT.jar:/home/runner/.m2/repository/org/javassist/javassist/3.21.0-GA/javassist-3.21.0-GA.jar:/home/runner/.m2/repository/org/jboss/weld/servlet/weld-servlet/2.4.7.Final/weld-servlet-2.4.7.Final.jar:/home/runner/.m2/repository/org/glassfish/jersey/containers/jersey-container-servlet-core/2.33/jersey-container-servlet-core-2.33.jar:/home/runner/.m2/repository/org/glassfish/hk2/external/jakarta.inject/2.6.1/jakarta.inject-2.6.1.jar:/home/runner/.m2/repository/org/glassfish/jersey/core/jersey-common/2.33/jersey-common-2.33.jar:/home/runner/.m2/repository/jakarta/ws/rs/jakarta.ws.rs-api/2.1.6/jakarta.ws.rs-api-2.1.6.jar:/home/runner/.m2/repository/org/glassfish/jersey/ext/cdi/jersey-cdi1x/2.33/jersey-cdi1x-2.33.jar:/home/runner/.m2/repository/org/glassfish/jersey/inject/jersey-hk2/2.33/jersey-hk2-2.33.jar:/home/runner/.m2/repository/org/glassfish/hk2/hk2-locator/2.6.1/hk2-locator-2.6.1.jar:/home/runner/.m2/repository/org/glassfish/jersey/media/jersey-media-jaxb/2.33/jersey-media-jaxb-2.33.jar:/home/runner/.m2/repository/org/glassfish/hk2/osgi-resource-locator/1.0.3/osgi-resource-locator-1.0.3.jar:/home/runner/.m2/repository/org/glassfish/hk2/hk2-api/2.5.0/hk2-api-2.5.0.jar:/home/runner/.m2/repository/org/glassfish/hk2/hk2-utils/2.5.0/hk2-utils-2.5.0.jar:/home/runner/.m2/repository/org/glassfish/hk2/external/aopalliance-repackaged/2.5.0/aopalliance-repackaged-2.5.0.jar:/home/runner/.m2/repository/com/fasterxml/jackson/dataformat/jackson-dataformat-xml/2.13.2/jackson-dataformat-xml-2.13.2.jar:/home/runner/.m2/repository/com/fasterxml/jackson/core/jackson-core/2.13.2/jackson-core-2.13.2.jar:/home/runner/.m2/repository/org/codehaus/woodstox/stax2-api/3.1.4/stax2-api-3.1.4.jar:/home/runner/.m2/repository/com/fasterxml/woodstox/woodstox-core/5.0.3/woodstox-core-5.0.3.jar:/home/runner/.m2/repository/com/fasterxml/jackson/module/jackson-module-jaxb-annotations/2.13.2/jackson-module-jaxb-annotations-2.13.2.jar:/home/runner/.m2/repository/jakarta/xml/bind/jakarta.xml.bind-api/2.3.3/jakarta.xml.bind-api-2.3.3.jar:/home/runner/.m2/repository/jakarta/activation/jakarta.activation-api/1.2.1/jakarta.activation-api-1.2.1.jar:/home/runner/.m2/repository/javax/enterprise/cdi-api/1.2/cdi-api-1.2.jar:/home/runner/.m2/repository/javax/el/javax.el-api/3.0.0/javax.el-api-3.0.0.jar:/home/runner/.m2/repository/javax/interceptor/javax.interceptor-api/1.2/javax.interceptor-api-1.2.jar:/home/runner/.m2/repository/javax/inject/javax.inject/1/javax.inject-1.jar:/home/runner/.m2/repository/javax/xml/bind/jaxb-api/2.3.0/jaxb-api-2.3.0.jar:/home/runner/.m2/repository/org/glassfish/jaxb/jaxb-runtime/2.3.0.1/jaxb-runtime-2.3.0.1.jar:/home/runner/.m2/repository/org/glassfish/jaxb/jaxb-core/2.3.0.1/jaxb-core-2.3.0.1.jar:/home/runner/.m2/repository/org/glassfish/jaxb/txw2/2.3.0.1/txw2-2.3.0.1.jar:/home/runner/.m2/repository/com/sun/istack/istack-commons-runtime/3.0.5/istack-commons-runtime-3.0.5.jar:/home/runner/.m2/repository/org/jvnet/staxex/stax-ex/1.7.8/stax-ex-1.7.8.jar:/home/runner/.m2/repository/com/sun/xml/fastinfoset/FastInfoset/1.2.13/FastInfoset-1.2.13.jar:/home/runner/.m2/repository/javax/activation/activation/1.1.1/activation-1.1.1.jar:/home/runner/.m2/repository/io/grpc/grpc-protobuf/1.48.1/grpc-protobuf-1.48.1.jar:/home/runner/.m2/repository/io/grpc/grpc-api/1.48.1/grpc-api-1.48.1.jar:/home/runner/.m2/repository/io/grpc/grpc-context/1.48.1/grpc-context-1.48.1.jar:/home/runner/.m2/repository/com/google/api/grpc/proto-google-common-protos/2.9.0/proto-google-common-protos-2.9.0.jar:/home/runner/.m2/repository/io/grpc/grpc-protobuf-lite/1.48.1/grpc-protobuf-lite-1.48.1.jar:/home/runner/.m2/repository/io/grpc/grpc-stub/1.48.1/grpc-stub-1.48.1.jar:/home/runner/.m2/repository/io/netty/netty-transport/4.1.79.Final/netty-transport-4.1.79.Final.jar:/home/runner/.m2/repository/io/netty/netty-resolver/4.1.79.Final/netty-resolver-4.1.79.Final.jar:/home/runner/.m2/repository/org/apache/ozone/ozone-csi/1.3.0-SNAPSHOT/ozone-csi-1.3.0-SNAPSHOT.jar:/home/runner/.m2/repository/com/google/protobuf/protobuf-java-util/3.19.2/protobuf-java-util-3.19.2.jar:/home/runner/.m2/repository/com/google/code/gson/gson/2.9.0/gson-2.9.0.jar:/home/runner/.m2/repository/org/apache/ozone/hdds-config/1.3.0-SNAPSHOT/hdds-config-1.3.0-SNAPSHOT.jar:/home/runner/.m2/repository/io/netty/netty-transport-native-epoll/4.1.79.Final/netty-transport-native-epoll-4.1.79.Final-linux-x86_64.jar:/home/runner/.m2/repository/io/netty/netty-transport-classes-epoll/4.1.79.Final/netty-transport-classes-epoll-4.1.79.Final.jar:/home/runner/.m2/repository/io/netty/netty-transport-native-unix-common/4.1.79.Final/netty-transport-native-unix-common-4.1.79.Final.jar:/home/runner/.m2/repository/org/apache/ozone/ozone-recon/1.3.0-SNAPSHOT/ozone-recon-1.3.0-SNAPSHOT.jar:/home/runner/.m2/repository/org/apache/ozone/ozone-reconcodegen/1.3.0-SNAPSHOT/ozone-reconcodegen-1.3.0-SNAPSHOT.jar:/home/runner/.m2/repository/com/google/inject/extensions/guice-multibindings/4.0/guice-multibindings-4.0.jar:/home/runner/.m2/repository/com/google/inject/guice/4.0/guice-4.0.jar:/home/runner/.m2/repository/aopalliance/aopalliance/1.0/aopalliance-1.0.jar:/home/runner/.m2/repository/com/google/inject/extensions/guice-assistedinject/4.0/guice-assistedinject-4.0.jar:/home/runner/.m2/repository/com/google/inject/extensions/guice-servlet/4.0/guice-servlet-4.0.jar:/home/runner/.m2/repository/org/glassfish/jersey/containers/jersey-container-servlet/2.33/jersey-container-servlet-2.33.jar:/home/runner/.m2/repository/org/glassfish/hk2/guice-bridge/2.5.0/guice-bridge-2.5.0.jar:/home/runner/.m2/repository/org/glassfish/jersey/core/jersey-server/2.33/jersey-server-2.33.jar:/home/runner/.m2/repository/org/glassfish/jersey/core/jersey-client/2.33/jersey-client-2.33.jar:/home/runner/.m2/repository/jakarta/annotation/jakarta.annotation-api/1.3.5/jakarta.annotation-api-1.3.5.jar:/home/runner/.m2/repository/jakarta/validation/jakarta.validation-api/2.0.2/jakarta.validation-api-2.0.2.jar:/home/runner/.m2/repository/org/glassfish/jersey/media/jersey-media-json-jackson/2.33/jersey-media-json-jackson-2.33.jar:/home/runner/.m2/repository/org/glassfish/jersey/ext/jersey-entity-filtering/2.33/jersey-entity-filtering-2.33.jar:/home/runner/.m2/repository/org/jooq/jooq/3.11.10/jooq-3.11.10.jar:/home/runner/.m2/repository/org/jooq/jooq-meta/3.11.10/jooq-meta-3.11.10.jar:/home/runner/.m2/repository/org/jooq/jooq-codegen/3.11.10/jooq-codegen-3.11.10.jar:/home/runner/.m2/repository/com/jolbox/bonecp/0.8.0.RELEASE/bonecp-0.8.0.RELEASE.jar:/home/runner/.m2/repository/org/apache/derby/derby/10.14.2.0/derby-10.14.2.0.jar:/home/runner/.m2/repository/org/xerial/sqlite-jdbc/3.25.2/sqlite-jdbc-3.25.2.jar:/home/runner/.m2/repository/org/springframework/spring-jdbc/5.2.20.RELEASE/spring-jdbc-5.2.20.RELEASE.jar:/home/runner/.m2/repository/org/springframework/spring-beans/5.2.20.RELEASE/spring-beans-5.2.20.RELEASE.jar:/home/runner/.m2/repository/org/springframework/spring-core/5.2.20.RELEASE/spring-core-5.2.20.RELEASE.jar:/home/runner/.m2/repository/org/springframework/spring-jcl/5.2.20.RELEASE/spring-jcl-5.2.20.RELEASE.jar:/home/runner/.m2/repository/org/springframework/spring-tx/5.2.20.RELEASE/spring-tx-5.2.20.RELEASE.jar:/home/runner/.m2/repository/org/apache/ozone/ozone-client/1.3.0-SNAPSHOT/ozone-client-1.3.0-SNAPSHOT.jar:/home/runner/.m2/repository/org/apache/ozone/hdds-erasurecode/1.3.0-SNAPSHOT/hdds-erasurecode-1.3.0-SNAPSHOT.jar:/home/runner/.m2/repository/com/github/spotbugs/spotbugs-annotations/3.1.12/spotbugs-annotations-3.1.12.jar:/home/runner/.m2/repository/org/apache/ozone/ozone-filesystem/1.3.0-SNAPSHOT/ozone-filesystem-1.3.0-SNAPSHOT.jar:/home/runner/.m2/repository/org/apache/ozone/ozone-filesystem-common/1.3.0-SNAPSHOT/ozone-filesystem-common-1.3.0-SNAPSHOT.jar:/home/runner/.m2/repository/org/apache/ozone/ozone-tools/1.3.0-SNAPSHOT/ozone-tools-1.3.0-SNAPSHOT.jar:/home/runner/.m2/repository/org/apache/ratis/ratis-tools/2.3.0/ratis-tools-2.3.0.jar:/home/runner/.m2/repository/com/amazonaws/aws-java-sdk-core/1.12.261/aws-java-sdk-core-1.12.261.jar:/home/runner/.m2/repository/org/apache/httpcomponents/httpclient/4.5.13/httpclient-4.5.13.jar:/home/runner/.m2/repository/org/apache/httpcomponents/httpcore/4.4.13/httpcore-4.4.13.jar:/home/runner/.m2/repository/software/amazon/ion/ion-java/1.0.2/ion-java-1.0.2.jar:/home/runner/.m2/repository/com/fasterxml/jackson/dataformat/jackson-dataformat-cbor/2.13.2/jackson-dataformat-cbor-2.13.2.jar:/home/runner/.m2/repository/joda-time/joda-time/2.8.1/joda-time-2.8.1.jar:/home/runner/.m2/repository/com/amazonaws/aws-java-sdk-s3/1.12.261/aws-java-sdk-s3-1.12.261.jar:/home/runner/.m2/repository/com/amazonaws/aws-java-sdk-kms/1.12.261/aws-java-sdk-kms-1.12.261.jar:/home/runner/.m2/repository/com/amazonaws/jmespath-java/1.12.261/jmespath-java-1.12.261.jar:/home/runner/.m2/repository/org/kohsuke/metainf-services/metainf-services/1.8/metainf-services-1.8.jar:/home/runner/.m2/repository/org/apache/ozone/hdds-tools/1.3.0-SNAPSHOT/hdds-tools-1.3.0-SNAPSHOT.jar:/home/runner/.m2/repository/commons-cli/commons-cli/1.2/commons-cli-1.2.jar:/home/runner/.m2/repository/org/apache/commons/commons-lang3/3.7/commons-lang3-3.7.jar:/home/runner/.m2/repository/org/apache/ozone/ozone-manager/1.3.0-SNAPSHOT/ozone-manager-1.3.0-SNAPSHOT-tests.jar:/home/runner/.m2/repository/org/apache/ozone/hdds-common/1.3.0-SNAPSHOT/hdds-common-1.3.0-SNAPSHOT-tests.jar:/home/runner/.m2/repository/org/apache/ozone/hdds-hadoop-dependency-client/1.3.0-SNAPSHOT/hdds-hadoop-dependency-client-1.3.0-SNAPSHOT.jar:/home/runner/.m2/repository/info/picocli/picocli/4.6.1/picocli-4.6.1.jar:/home/runner/.m2/repository/com/fasterxml/jackson/core/jackson-annotations/2.13.2/jackson-annotations-2.13.2.jar:/home/runner/.m2/repository/com/fasterxml/jackson/datatype/jackson-datatype-jsr310/2.13.2/jackson-datatype-jsr310-2.13.2.jar:/home/runner/.m2/repository/org/apache/ozone/hdds-annotation-processing/1.3.0-SNAPSHOT/hdds-annotation-processing-1.3.0-SNAPSHOT.jar:/home/runner/.m2/repository/javax/annotation/javax.annotation-api/1.2/javax.annotation-api-1.2.jar:/home/runner/.m2/repository/org/apache/ratis/ratis-server/2.3.0/ratis-server-2.3.0.jar:/home/runner/.m2/repository/org/apache/ratis/ratis-client/2.3.0/ratis-client-2.3.0.jar:/home/runner/.m2/repository/org/apache/ratis/ratis-server-api/2.3.0/ratis-server-api-2.3.0.jar:/home/runner/.m2/repository/org/apache/ratis/ratis-metrics/2.3.0/ratis-metrics-2.3.0.jar:/home/runner/.m2/repository/org/apache/ratis/ratis-netty/2.3.0/ratis-netty-2.3.0.jar:/home/runner/.m2/repository/org/apache/ratis/ratis-grpc/2.3.0/ratis-grpc-2.3.0.jar:/home/runner/.m2/repository/org/apache/logging/log4j/log4j-api/2.17.1/log4j-api-2.17.1.jar:/home/runner/.m2/repository/org/apache/commons/commons-pool2/2.6.0/commons-pool2-2.6.0.jar:/home/runner/.m2/repository/org/bouncycastle/bcpkix-jdk15on/1.67/bcpkix-jdk15on-1.67.jar:/home/runner/.m2/repository/commons-validator/commons-validator/1.6/commons-validator-1.6.jar:/home/runner/.m2/repository/commons-beanutils/commons-beanutils/1.9.4/commons-beanutils-1.9.4.jar:/home/runner/.m2/repository/commons-digester/commons-digester/1.8.1/commons-digester-1.8.1.jar:/home/runner/.m2/repository/commons-collections/commons-collections/3.2.2/commons-collections-3.2.2.jar:/home/runner/.m2/repository/io/jaegertracing/jaeger-client/1.6.0/jaeger-client-1.6.0.jar:/home/runner/.m2/repository/io/jaegertracing/jaeger-thrift/1.6.0/jaeger-thrift-1.6.0.jar:/home/runner/.m2/repository/org/apache/thrift/libthrift/0.14.1/libthrift-0.14.1.jar:/home/runner/.m2/repository/com/squareup/okhttp3/okhttp/4.9.0/okhttp-4.9.0.jar:/home/runner/.m2/repository/com/squareup/okio/okio/2.8.0/okio-2.8.0.jar:/home/runner/.m2/repository/io/jaegertracing/jaeger-core/1.6.0/jaeger-core-1.6.0.jar:/home/runner/.m2/repository/io/jaegertracing/jaeger-tracerresolver/1.6.0/jaeger-tracerresolver-1.6.0.jar:/home/runner/.m2/repository/io/opentracing/contrib/opentracing-tracerresolver/0.1.8/opentracing-tracerresolver-0.1.8.jar:/home/runner/.m2/repository/org/jetbrains/kotlin/kotlin-stdlib/1.6.21/kotlin-stdlib-1.6.21.jar:/home/runner/.m2/repository/org/jetbrains/kotlin/kotlin-stdlib-common/1.6.21/kotlin-stdlib-common-1.6.21.jar:/home/runner/.m2/repository/org/jetbrains/annotations/13.0/annotations-13.0.jar:/home/runner/.m2/repository/io/opentracing/opentracing-util/0.33.0/opentracing-util-0.33.0.jar:/home/runner/.m2/repository/io/opentracing/opentracing-api/0.33.0/opentracing-api-0.33.0.jar:/home/runner/.m2/repository/io/opentracing/opentracing-noop/0.33.0/opentracing-noop-0.33.0.jar:/home/runner/.m2/repository/org/yaml/snakeyaml/1.26/snakeyaml-1.26.jar:/home/runner/.m2/repository/org/apache/ozone/hdds-interface-admin/1.3.0-SNAPSHOT/hdds-interface-admin-1.3.0-SNAPSHOT.jar:/home/runner/.m2/repository/junit/junit/4.13.1/junit-4.13.1.jar:/home/runner/.m2/repository/org/hamcrest/hamcrest-core/1.3/hamcrest-core-1.3.jar:/home/runner/.m2/repository/org/junit/jupiter/junit-jupiter-api/5.8.2/junit-jupiter-api-5.8.2.jar:/home/runner/.m2/repository/org/opentest4j/opentest4j/1.2.0/opentest4j-1.2.0.jar:/home/runner/.m2/repository/org/junit/platform/junit-platform-commons/1.8.2/junit-platform-commons-1.8.2.jar:/home/runner/.m2/repository/org/apiguardian/apiguardian-api/1.1.2/apiguardian-api-1.1.2.jar:/home/runner/.m2/repository/org/junit/jupiter/junit-jupiter-params/5.8.2/junit-jupiter-params-5.8.2.jar:/home/runner/.m2/repository/org/junit/jupiter/junit-jupiter-migrationsupport/5.8.2/junit-jupiter-migrationsupport-5.8.2.jar:/home/runner/.m2/repository/org/junit/jupiter/junit-jupiter-engine/5.8.2/junit-jupiter-engine-5.8.2.jar:/home/runner/.m2/repository/org/junit/platform/junit-platform-engine/1.8.2/junit-platform-engine-1.8.2.jar:/home/runner/.m2/repository/org/junit/vintage/junit-vintage-engine/5.8.2/junit-vintage-engine-5.8.2.jar:/home/runner/.m2/repository/org/junit/platform/junit-platform-launcher/1.8.2/junit-platform-launcher-1.8.2.jar:/home/runner/.m2/repository/org/mockito/mockito-core/2.28.2/mockito-core-2.28.2.jar:/home/runner/.m2/repository/net/bytebuddy/byte-buddy/1.9.10/byte-buddy-1.9.10.jar:/home/runner/.m2/repository/net/bytebuddy/byte-buddy-agent/1.9.10/byte-buddy-agent-1.9.10.jar:/home/runner/.m2/repository/org/objenesis/objenesis/1.0/objenesis-1.0.jar:/home/runner/.m2/repository/org/apache/hadoop/hadoop-kms/3.3.1/hadoop-kms-3.3.1.jar:/home/runner/.m2/repository/org/apache/hadoop/hadoop-auth/3.3.1/hadoop-auth-3.3.1.jar:/home/runner/.m2/repository/com/nimbusds/nimbus-jose-jwt/7.9/nimbus-jose-jwt-7.9.jar:/home/runner/.m2/repository/com/github/stephenc/jcip/jcip-annotations/1.0-1/jcip-annotations-1.0-1.jar:/home/runner/.m2/repository/net/minidev/json-smart/2.4.7/json-smart-2.4.7.jar:/home/runner/.m2/repository/net/minidev/accessors-smart/2.4.7/accessors-smart-2.4.7.jar:/home/runner/.m2/repository/org/ow2/asm/asm/5.0.4/asm-5.0.4.jar:/home/runner/.m2/repository/org/apache/zookeeper/zookeeper/3.5.6/zookeeper-3.5.6.jar:/home/runner/.m2/repository/org/apache/zookeeper/zookeeper-jute/3.5.6/zookeeper-jute-3.5.6.jar:/home/runner/.m2/repository/org/apache/yetus/audience-annotations/0.5.0/audience-annotations-0.5.0.jar:/home/runner/.m2/repository/org/apache/curator/curator-framework/4.2.0/curator-framework-4.2.0.jar:/home/runner/.m2/repository/org/apache/hadoop/thirdparty/hadoop-shaded-guava/1.1.1/hadoop-shaded-guava-1.1.1.jar:/home/runner/.m2/repository/com/sun/jersey/jersey-core/1.19/jersey-core-1.19.jar:/home/runner/.m2/repository/javax/ws/rs/jsr311-api/1.1.1/jsr311-api-1.1.1.jar:/home/runner/.m2/repository/com/sun/jersey/jersey-server/1.19/jersey-server-1.19.jar:/home/runner/.m2/repository/javax/servlet/javax.servlet-api/3.1.0/javax.servlet-api-3.1.0.jar:/home/runner/.m2/repository/org/eclipse/jetty/jetty-server/9.4.43.v20210629/jetty-server-9.4.43.v20210629.jar:/home/runner/.m2/repository/org/eclipse/jetty/jetty-http/9.4.43.v20210629/jetty-http-9.4.43.v20210629.jar:/home/runner/.m2/repository/org/eclipse/jetty/jetty-io/9.4.43.v20210629/jetty-io-9.4.43.v20210629.jar:/home/runner/.m2/repository/org/eclipse/jetty/jetty-webapp/9.4.43.v20210629/jetty-webapp-9.4.43.v20210629.jar:/home/runner/.m2/repository/org/eclipse/jetty/jetty-xml/9.4.43.v20210629/jetty-xml-9.4.43.v20210629.jar:/home/runner/.m2/repository/org/apache/hadoop/hadoop-common/3.3.1/hadoop-common-3.3.1.jar:/home/runner/.m2/repository/org/apache/commons/commons-math3/3.1.1/commons-math3-3.1.1.jar:/home/runner/.m2/repository/commons-net/commons-net/3.6/commons-net-3.6.jar:/home/runner/.m2/repository/com/sun/jersey/jersey-servlet/1.19/jersey-servlet-1.19.jar:/home/runner/.m2/repository/com/sun/jersey/jersey-json/1.19/jersey-json-1.19.jar:/home/runner/.m2/repository/org/codehaus/jettison/jettison/1.1/jettison-1.1.jar:/home/runner/.m2/repository/com/sun/xml/bind/jaxb-impl/2.2.3-1/jaxb-impl-2.2.3-1.jar:/home/runner/.m2/repository/org/codehaus/jackson/jackson-xc/1.9.2/jackson-xc-1.9.2.jar:/home/runner/.m2/repository/org/apache/commons/commons-configuration2/2.1.1/commons-configuration2-2.1.1.jar:/home/runner/.m2/repository/org/apache/commons/commons-text/1.4/commons-text-1.4.jar:/home/runner/.m2/repository/com/google/re2j/re2j/1.1/re2j-1.1.jar:/home/runner/.m2/repository/com/jcraft/jsch/0.1.54/jsch-0.1.54.jar:/home/runner/.m2/repository/org/apache/curator/curator-client/4.2.0/curator-client-4.2.0.jar:/home/runner/.m2/repository/org/apache/curator/curator-recipes/4.2.0/curator-recipes-4.2.0.jar:/home/runner/.m2/repository/org/apache/kerby/kerb-core/1.0.1/kerb-core-1.0.1.jar:/home/runner/.m2/repository/org/apache/kerby/kerby-pkix/1.0.1/kerby-pkix-1.0.1.jar:/home/runner/.m2/repository/org/apache/kerby/kerby-asn1/1.0.1/kerby-asn1-1.0.1.jar:/home/runner/.m2/repository/org/apache/kerby/kerby-util/1.0.1/kerby-util-1.0.1.jar:/home/runner/.m2/repository/dnsjava/dnsjava/2.1.7/dnsjava-2.1.7.jar:/home/runner/.m2/repository/org/xerial/snappy/snappy-java/1.1.8.2/snappy-java-1.1.8.2.jar:/home/runner/.m2/repository/org/slf4j/jul-to-slf4j/1.7.30/jul-to-slf4j-1.7.30.jar:/home/runner/.m2/repository/org/eclipse/jetty/jetty-util/9.4.43.v20210629/jetty-util-9.4.43.v20210629.jar:/home/runner/.m2/repository/com/fasterxml/jackson/core/jackson-databind/2.13.2.2/jackson-databind-2.13.2.2.jar:/home/runner/.m2/repository/org/apache/hadoop/hadoop-kms/3.3.1/hadoop-kms-3.3.1-tests.jar:/home/runner/.m2/repository/org/apache/ozone/hdds-server-scm/1.3.0-SNAPSHOT/hdds-server-scm-1.3.0-SNAPSHOT-tests.jar:/home/runner/.m2/repository/org/apache/ozone/hdds-container-service/1.3.0-SNAPSHOT/hdds-container-service-1.3.0-SNAPSHOT-tests.jar:/home/runner/.m2/repository/commons-codec/commons-codec/1.11/commons-codec-1.11.jar:/home/runner/.m2/repository/io/netty/netty-codec/4.1.79.Final/netty-codec-4.1.79.Final.jar:/home/runner/.m2/repository/io/netty/netty-handler/4.1.79.Final/netty-handler-4.1.79.Final.jar:/home/runner/.m2/repository/org/apache/ozone/hdds-hadoop-dependency-test/1.3.0-SNAPSHOT/hdds-hadoop-dependency-test-1.3.0-SNAPSHOT.jar:/home/runner/.m2/repository/org/apache/hadoop/hadoop-common/3.3.1/hadoop-common-3.3.1-tests.jar:/home/runner/.m2/repository/org/assertj/assertj-core/3.12.2/assertj-core-3.12.2.jar:/home/runner/.m2/repository/org/apache/hadoop/hadoop-hdfs/3.3.1/hadoop-hdfs-3.3.1-tests.jar:/home/runner/.m2/repository/org/eclipse/jetty/jetty-util-ajax/9.4.43.v20210629/jetty-util-ajax-9.4.43.v20210629.jar:/home/runner/.m2/repository/commons-daemon/commons-daemon/1.0.13/commons-daemon-1.0.13.jar:/home/runner/.m2/repository/io/netty/netty/3.10.6.Final/netty-3.10.6.Final.jar:/home/runner/.m2/repository/io/netty/netty-all/4.1.79.Final/netty-all-4.1.79.Final.jar:/home/runner/.m2/repository/io/netty/netty-codec-dns/4.1.79.Final/netty-codec-dns-4.1.79.Final.jar:/home/runner/.m2/repository/io/netty/netty-codec-haproxy/4.1.79.Final/netty-codec-haproxy-4.1.79.Final.jar:/home/runner/.m2/repository/io/netty/netty-codec-memcache/4.1.79.Final/netty-codec-memcache-4.1.79.Final.jar:/home/runner/.m2/repository/io/netty/netty-codec-mqtt/4.1.79.Final/netty-codec-mqtt-4.1.79.Final.jar:/home/runner/.m2/repository/io/netty/netty-codec-redis/4.1.79.Final/netty-codec-redis-4.1.79.Final.jar:/home/runner/.m2/repository/io/netty/netty-codec-smtp/4.1.79.Final/netty-codec-smtp-4.1.79.Final.jar:/home/runner/.m2/repository/io/netty/netty-codec-stomp/4.1.79.Final/netty-codec-stomp-4.1.79.Final.jar:/home/runner/.m2/repository/io/netty/netty-codec-xml/4.1.79.Final/netty-codec-xml-4.1.79.Final.jar:/home/runner/.m2/repository/io/netty/netty-resolver-dns/4.1.79.Final/netty-resolver-dns-4.1.79.Final.jar:/home/runner/.m2/repository/io/netty/netty-transport-rxtx/4.1.79.Final/netty-transport-rxtx-4.1.79.Final.jar:/home/runner/.m2/repository/io/netty/netty-transport-sctp/4.1.79.Final/netty-transport-sctp-4.1.79.Final.jar:/home/runner/.m2/repository/io/netty/netty-transport-udt/4.1.79.Final/netty-transport-udt-4.1.79.Final.jar:/home/runner/.m2/repository/io/netty/netty-transport-classes-kqueue/4.1.79.Final/netty-transport-classes-kqueue-4.1.79.Final.jar:/home/runner/.m2/repository/io/netty/netty-resolver-dns-classes-macos/4.1.79.Final/netty-resolver-dns-classes-macos-4.1.79.Final.jar:/home/runner/.m2/repository/io/netty/netty-transport-native-epoll/4.1.79.Final/netty-transport-native-epoll-4.1.79.Final-linux-aarch_64.jar:/home/runner/.m2/repository/io/netty/netty-transport-native-kqueue/4.1.79.Final/netty-transport-native-kqueue-4.1.79.Final-osx-x86_64.jar:/home/runner/.m2/repository/io/netty/netty-transport-native-kqueue/4.1.79.Final/netty-transport-native-kqueue-4.1.79.Final-osx-aarch_64.jar:/home/runner/.m2/repository/io/netty/netty-resolver-dns-native-macos/4.1.79.Final/netty-resolver-dns-native-macos-4.1.79.Final-osx-x86_64.jar:/home/runner/.m2/repository/io/netty/netty-resolver-dns-native-macos/4.1.79.Final/netty-resolver-dns-native-macos-4.1.79.Final-osx-aarch_64.jar:/home/runner/.m2/repository/org/apache/htrace/htrace-core4/4.1.0-incubating/htrace-core4-4.1.0-incubating.jar:/home/runner/.m2/repository/org/fusesource/leveldbjni/leveldbjni-all/1.8/leveldbjni-all-1.8.jar:/home/runner/.m2/repository/org/apache/hadoop/hadoop-distcp/3.3.1/hadoop-distcp-3.3.1.jar:/home/runner/.m2/repository/org/apache/hadoop/hadoop-mapreduce-client-jobclient/3.3.1/hadoop-mapreduce-client-jobclient-3.3.1.jar:/home/runner/.m2/repository/org/apache/hadoop/hadoop-mapreduce-client-common/3.3.1/hadoop-mapreduce-client-common-3.3.1.jar:/home/runner/.m2/repository/org/apache/hadoop/hadoop-yarn-common/3.3.1/hadoop-yarn-common-3.3.1.jar:/home/runner/.m2/repository/org/apache/hadoop/hadoop-yarn-api/3.3.1/hadoop-yarn-api-3.3.1.jar:/home/runner/.m2/repository/com/sun/jersey/contribs/jersey-guice/1.19/jersey-guice-1.19.jar:/home/runner/.m2/repository/com/fasterxml/jackson/jaxrs/jackson-jaxrs-json-provider/2.13.2/jackson-jaxrs-json-provider-2.13.2.jar:/home/runner/.m2/repository/com/fasterxml/jackson/jaxrs/jackson-jaxrs-base/2.13.2/jackson-jaxrs-base-2.13.2.jar:/home/runner/.m2/repository/org/apache/hadoop/hadoop-yarn-client/3.3.1/hadoop-yarn-client-3.3.1.jar:/home/runner/.m2/repository/org/eclipse/jetty/websocket/websocket-client/9.4.40.v20210413/websocket-client-9.4.40.v20210413.jar:/home/runner/.m2/repository/org/eclipse/jetty/websocket/websocket-common/9.4.40.v20210413/websocket-common-9.4.40.v20210413.jar:/home/runner/.m2/repository/org/eclipse/jetty/websocket/websocket-api/9.4.40.v20210413/websocket-api-9.4.40.v20210413.jar:/home/runner/.m2/repository/org/jline/jline/3.9.0/jline-3.9.0.jar:/home/runner/.m2/repository/org/apache/hadoop/hadoop-mapreduce-client-core/3.3.1/hadoop-mapreduce-client-core-3.3.1.jar:/home/runner/.m2/repository/org/apache/avro/avro/1.7.7/avro-1.7.7.jar:/home/runner/.m2/repository/org/codehaus/jackson/jackson-core-asl/1.9.13/jackson-core-asl-1.9.13.jar:/home/runner/.m2/repository/org/codehaus/jackson/jackson-mapper-asl/1.9.13/jackson-mapper-asl-1.9.13.jar:/home/runner/.m2/repository/com/thoughtworks/paranamer/paranamer/2.3/paranamer-2.3.jar:/home/runner/.m2/repository/org/apache/hadoop/hadoop-annotations/3.3.1/hadoop-annotations-3.3.1.jar:/opt/hostedtoolcache/jdk/8.0.345/x64/jre/../lib/tools.jar:/home/runner/.m2/repository/org/apache/hadoop/hadoop-distcp/3.3.1/hadoop-distcp-3.3.1-tests.jar:/home/runner/.m2/repository/org/apache/ratis/ratis-common/2.3.0/ratis-common-2.3.0.jar:/home/runner/.m2/repository/org/apache/ratis/ratis-thirdparty-misc/1.0.0/ratis-thirdparty-misc-1.0.0.jar:/home/runner/.m2/repository/org/apache/ratis/ratis-proto/2.3.0/ratis-proto-2.3.0.jar:"/>
    <property name="sun.cpu.endian" value="little"/>
    <property name="user.home" value="/home/runner"/>
    <property name="user.language" value="en"/>
    <property name="java.specification.vendor" value="Oracle Corporation"/>
    <property name="java.home" value="/opt/hostedtoolcache/jdk/8.0.345/x64/jre"/>
    <property name="java.security.krb5.conf" value="/home/runner/work/ozone/ozone/hadoop-ozone/integration-test/target/test-classes/krb5.conf"/>
    <property name="basedir" value="/home/runner/work/ozone/ozone/hadoop-ozone/integration-test"/>
    <property name="file.separator" value="/"/>
    <property name="line.separator" value="&#10;"/>
    <property name="jdk.vendor.version" value="Zulu 8.64.0.19-CA-linux64"/>
    <property name="java.vm.specification.vendor" value="Oracle Corporation"/>
    <property name="java.specification.name" value="Java Platform API Specification"/>
    <property name="java.awt.graphicsenv" value="sun.awt.X11GraphicsEnvironment"/>
    <property name="skip.installnpx" value="true"/>
    <property name="surefire.real.class.path" value="/home/runner/work/ozone/ozone/hadoop-ozone/integration-test/target/surefire/surefirebooter7359039793446434248.jar:/home/runner/.m2/repository/org/jacoco/org.jacoco.agent/0.8.5/org.jacoco.agent-0.8.5-runtime.jar"/>
    <property name="hadoop.log.dir" value="/home/runner/work/ozone/ozone/hadoop-ozone/integration-test/target/log"/>
    <property name="sun.boot.class.path" value="/opt/hostedtoolcache/jdk/8.0.345/x64/jre/lib/resources.jar:/opt/hostedtoolcache/jdk/8.0.345/x64/jre/lib/rt.jar:/opt/hostedtoolcache/jdk/8.0.345/x64/jre/lib/sunrsasign.jar:/opt/hostedtoolcache/jdk/8.0.345/x64/jre/lib/jsse.jar:/opt/hostedtoolcache/jdk/8.0.345/x64/jre/lib/jce.jar:/opt/hostedtoolcache/jdk/8.0.345/x64/jre/lib/charsets.jar:/opt/hostedtoolcache/jdk/8.0.345/x64/jre/lib/jfr.jar:/opt/hostedtoolcache/jdk/8.0.345/x64/jre/lib/cat.jar:/opt/hostedtoolcache/jdk/8.0.345/x64/jre/classes"/>
    <property name="sun.management.compiler" value="HotSpot 64-Bit Tiered Compilers"/>
    <property name="skip.npx" value="true"/>
    <property name="java.runtime.version" value="1.8.0_345-b01"/>
    <property name="java.net.preferIPv4Stack" value="true"/>
    <property name="user.name" value="runner"/>
    <property name="path.separator" value=":"/>
    <property name="java.security.egd" value="file:///dev/urandom"/>
    <property name="os.version" value="5.15.0-1017-azure"/>
    <property name="java.endorsed.dirs" value="/opt/hostedtoolcache/jdk/8.0.345/x64/jre/lib/endorsed"/>
    <property name="java.runtime.name" value="OpenJDK Runtime Environment"/>
    <property name="file.encoding" value="UTF-8"/>
    <property name="java.vm.name" value="OpenJDK 64-Bit Server VM"/>
    <property name="test.build.webapps" value=""/>
    <property name="localRepository" value="/home/runner/.m2/repository"/>
    <property name="jetty.git.hash" value="526006ecfa3af7f1a27ef3a288e2bef7ea9dd7e8"/>
    <property name="java.vendor.url.bug" value="http://www.azul.com/support/"/>
    <property name="java.io.tmpdir" value="/tmp"/>
    <property name="require.test.libhadoop" value=""/>
    <property name="java.version" value="1.8.0_345"/>
    <property name="user.dir" value="/home/runner/work/ozone/ozone/hadoop-ozone/integration-test"/>
    <property name="os.arch" value="amd64"/>
    <property name="java.vm.specification.name" value="Java Virtual Machine Specification"/>
    <property name="test.build.classes" value="/home/runner/work/ozone/ozone/hadoop-ozone/integration-test/target/test-classes"/>
    <property name="java.awt.printerjob" value="sun.print.PSPrinterJob"/>
    <property name="sun.os.patch.level" value="unknown"/>
    <property name="hadoop.tmp.dir" value="/home/runner/work/ozone/ozone/hadoop-ozone/integration-test/target/tmp"/>
    <property name="java.library.path" value="/usr/java/packages/lib/amd64:/usr/lib64:/lib64:/lib:/usr/lib"/>
    <property name="java.vm.info" value="mixed mode"/>
    <property name="java.vendor" value="Azul Systems, Inc."/>
    <property name="java.vm.version" value="25.345-b01"/>
    <property name="java.ext.dirs" value="/opt/hostedtoolcache/jdk/8.0.345/x64/jre/lib/ext:/usr/java/packages/lib/ext"/>
    <property name="sun.io.unicode.encoding" value="UnicodeLittle"/>
    <property name="java.class.version" value="52.0"/>
  </properties>
  <testcase name="testRenameKey" classname="org.apache.hadoop.ozone.om.TestObjectStoreWithFSO" time="0.91">
    <failure type="java.lang.AssertionError"><![CDATA[java.lang.AssertionError: Delete root failed! expected:<0> but was:<1>
	at org.junit.Assert.fail(Assert.java:89)
	at org.junit.Assert.failNotEquals(Assert.java:835)
	at org.junit.Assert.assertEquals(Assert.java:647)
	at org.apache.hadoop.ozone.om.TestObjectStoreWithFSO.deleteRootDir(TestObjectStoreWithFSO.java:152)
	at org.apache.hadoop.ozone.om.TestObjectStoreWithFSO.tearDown(TestObjectStoreWithFSO.java:130)
	at sun.reflect.NativeMethodAccessorImpl.invoke0(Native Method)
	at sun.reflect.NativeMethodAccessorImpl.invoke(NativeMethodAccessorImpl.java:62)
	at sun.reflect.DelegatingMethodAccessorImpl.invoke(DelegatingMethodAccessorImpl.java:43)
	at java.lang.reflect.Method.invoke(Method.java:498)
	at org.junit.runners.model.FrameworkMethod$1.runReflectiveCall(FrameworkMethod.java:59)
	at org.junit.internal.runners.model.ReflectiveCallable.run(ReflectiveCallable.java:12)
	at org.junit.runners.model.FrameworkMethod.invokeExplosively(FrameworkMethod.java:56)
	at org.junit.internal.runners.statements.RunAfters.invokeMethod(RunAfters.java:46)
	at org.junit.internal.runners.statements.RunAfters.evaluate(RunAfters.java:33)
	at org.junit.internal.runners.statements.FailOnTimeout$CallableStatement.call(FailOnTimeout.java:288)
	at org.junit.internal.runners.statements.FailOnTimeout$CallableStatement.call(FailOnTimeout.java:282)
	at java.util.concurrent.FutureTask.run(FutureTask.java:266)
	at java.lang.Thread.run(Thread.java:750)
]]></failure>
    <system-out><![CDATA[2022-08-26 07:48:11,287 [main] WARN  server.ServerUtils (ServerUtils.java:getScmDbDir(148)) - ozone.scm.db.dirs is not configured. We recommend adding this setting. Falling back to ozone.metadata.dirs instead.
2022-08-26 07:48:11,425 [main] WARN  server.ServerUtils (ServerUtils.java:getScmDbDir(148)) - ozone.scm.db.dirs is not configured. We recommend adding this setting. Falling back to ozone.metadata.dirs instead.
2022-08-26 07:48:11,430 [main] INFO  ha.SCMHANodeDetails (SCMHANodeDetails.java:loadSCMHAConfig(209)) - ServiceID for StorageContainerManager is null
2022-08-26 07:48:11,442 [main] WARN  ha.SCMHANodeDetails (SCMHANodeDetails.java:validateSCMHAConfig(182)) - Invalid config ozone.scm.ratis.enable. The config was not specified, but the default value true conflicts with the expected config value false. Falling back to the expected value. Current State of SCM: SCM is running in Non-HA without Ratis Ratis SCM -> Non Ratis SCM or Non HA SCM -> HA SCM is not supported
2022-08-26 07:48:11,443 [main] INFO  ha.SCMHANodeDetails (SCMHANodeDetails.java:loadSCMHAConfig(214)) - ozone.scm.default.service.id is not defined, falling back to ozone.scm.service.ids to find serviceID for StorageContainerManager if it is HA enabled cluster
2022-08-26 07:48:11,972 [main] WARN  utils.HAUtils (HAUtils.java:getMetaDir(342)) - ozone.scm.db.dirs is not configured. We recommend adding this setting. Falling back to ozone.metadata.dirs instead.
2022-08-26 07:48:12,113 [main] WARN  db.DBStoreBuilder (DBStoreBuilder.java:applyDBDefinition(143)) - ozone.scm.db.dirs is not configured. We recommend adding this setting. Falling back to ozone.metadata.dirs instead.
2022-08-26 07:48:12,374 [main] INFO  net.NodeSchemaLoader (NodeSchemaLoader.java:loadSchemaFromFile(129)) - Loading schema from [jar:file:/home/runner/.m2/repository/org/apache/ozone/hdds-common/1.3.0-SNAPSHOT/hdds-common-1.3.0-SNAPSHOT.jar!/network-topology-default.xml]
2022-08-26 07:48:12,376 [main] INFO  net.NodeSchemaLoader (NodeSchemaLoader.java:loadSchema(176)) - Loading network topology layer schema file
2022-08-26 07:48:12,420 [main] INFO  metrics.MetricRegistries (MetricRegistriesLoader.java:load(64)) - Loaded MetricRegistries class org.apache.ratis.metrics.impl.MetricRegistriesImpl
2022-08-26 07:48:12,426 [main] INFO  upgrade.AbstractLayoutVersionManager (AbstractLayoutVersionManager.java:init(83)) - Initializing Layout version manager with metadata layout = DATANODE_SCHEMA_V3 (version = 4), software layout = DATANODE_SCHEMA_V3 (version = 4)
2022-08-26 07:48:12,640 [main] INFO  reflections.Reflections (Reflections.java:scan(232)) - Reflections took 145 ms to scan 7 urls, producing 133 keys and 322 values 
2022-08-26 07:48:12,757 [main] INFO  ha.SequenceIdGenerator (SequenceIdGenerator.java:upgradeToSequenceId(349)) - upgrade localId to 109611004723200000
2022-08-26 07:48:12,758 [main] INFO  ha.SequenceIdGenerator (SequenceIdGenerator.java:upgradeToSequenceId(359)) - upgrade delTxnId to 0
2022-08-26 07:48:12,762 [main] INFO  ha.SequenceIdGenerator (SequenceIdGenerator.java:upgradeToSequenceId(376)) - upgrade containerId to 0
2022-08-26 07:48:12,765 [main] INFO  ha.SequenceIdGenerator (SequenceIdGenerator.java:<init>(220)) - Init the HA SequenceIdGenerator.
2022-08-26 07:48:12,809 [main] WARN  server.ServerUtils (ServerUtils.java:sanitizeUserArgs(73)) - ozone.scm.stale.node.interval value = 300000 is larger than max = 100000 based on the key value of ozone.scm.heartbeat.thread.interval, reset to the max value 100000.
2022-08-26 07:48:12,810 [main] WARN  server.ServerUtils (ServerUtils.java:sanitizeUserArgs(73)) - ozone.scm.stale.node.interval value = 300000 is larger than max = 100000 based on the key value of ozone.scm.heartbeat.thread.interval, reset to the max value 100000.
2022-08-26 07:48:12,816 [main] INFO  node.SCMNodeManager (SCMNodeManager.java:<init>(149)) - Entering startup safe mode.
2022-08-26 07:48:12,894 [main] INFO  algorithms.ContainerPlacementPolicyFactory (ContainerPlacementPolicyFactory.java:getPolicyInternal(86)) - Create container placement policy of type org.apache.hadoop.hdds.scm.container.placement.algorithms.SCMContainerPlacementRandom
2022-08-26 07:48:12,896 [main] INFO  algorithms.ContainerPlacementPolicyFactory (ContainerPlacementPolicyFactory.java:getPolicyInternal(86)) - Create container placement policy of type org.apache.hadoop.hdds.scm.container.placement.algorithms.SCMContainerPlacementRackScatter
2022-08-26 07:48:12,916 [main] INFO  pipeline.PipelineStateManagerImpl (PipelineStateManagerImpl.java:initialize(78)) - No pipeline exists in current db
2022-08-26 07:48:12,952 [main] INFO  algorithms.LeaderChoosePolicyFactory (LeaderChoosePolicyFactory.java:getPolicy(57)) - Create leader choose policy of type org.apache.hadoop.hdds.scm.pipeline.leader.choose.algorithms.MinLeaderCountChoosePolicy
2022-08-26 07:48:12,953 [main] INFO  algorithms.ContainerPlacementPolicyFactory (ContainerPlacementPolicyFactory.java:getPolicyInternal(86)) - Create container placement policy of type org.apache.hadoop.hdds.scm.container.placement.algorithms.SCMContainerPlacementRackScatter
2022-08-26 07:48:12,963 [main] INFO  ha.SCMServiceManager (SCMServiceManager.java:register(42)) - Registering service BackgroundPipelineCreator.
2022-08-26 07:48:12,963 [main] INFO  pipeline.BackgroundPipelineCreator (BackgroundPipelineCreator.java:start(124)) - Starting RatisPipelineUtilsThread.
2022-08-26 07:48:12,968 [main] INFO  BackgroundPipelineScrubber (BackgroundSCMService.java:start(68)) - Starting BackgroundPipelineScrubber Service.
2022-08-26 07:48:12,969 [main] INFO  ha.SCMServiceManager (SCMServiceManager.java:register(42)) - Registering service BackgroundPipelineScrubber.
2022-08-26 07:48:12,978 [main] INFO  ExpiredContainerReplicaOpScrubber (BackgroundSCMService.java:start(68)) - Starting ExpiredContainerReplicaOpScrubber Service.
2022-08-26 07:48:12,979 [main] INFO  ha.SCMServiceManager (SCMServiceManager.java:register(42)) - Registering service ExpiredContainerReplicaOpScrubber.
2022-08-26 07:48:13,011 [main] INFO  algorithms.PipelineChoosePolicyFactory (PipelineChoosePolicyFactory.java:createPipelineChoosePolicyFromClass(73)) - Create pipeline choose policy of type org.apache.hadoop.hdds.scm.pipeline.choose.algorithms.RandomPipelineChoosePolicy
2022-08-26 07:48:13,035 [main] INFO  ha.SCMServiceManager (SCMServiceManager.java:register(42)) - Registering service SCMBlockDeletingService.
2022-08-26 07:48:13,080 [main] INFO  replication.ReplicationManager (ReplicationManager.java:start(206)) - Starting Replication Monitor Thread.
2022-08-26 07:48:13,096 [main] INFO  UnderReplicatedQueueThread (BackgroundSCMService.java:start(68)) - Starting UnderReplicatedQueueThread Service.
2022-08-26 07:48:13,097 [ReplicationMonitor] INFO  replication.ReplicationManager (ReplicationManager.java:processAll(255)) - Replication Manager is not ready to run until 3000ms after safemode exit
2022-08-26 07:48:13,097 [main] INFO  ha.SCMServiceManager (SCMServiceManager.java:register(42)) - Registering service UnderReplicatedQueueThread.
2022-08-26 07:48:13,098 [main] INFO  OverReplicatedQueueThread (BackgroundSCMService.java:start(68)) - Starting OverReplicatedQueueThread Service.
2022-08-26 07:48:13,099 [main] INFO  ha.SCMServiceManager (SCMServiceManager.java:register(42)) - Registering service OverReplicatedQueueThread.
2022-08-26 07:48:13,099 [main] INFO  ha.SCMServiceManager (SCMServiceManager.java:register(42)) - Registering service ReplicationManager.
2022-08-26 07:48:13,111 [main] INFO  safemode.ContainerSafeModeRule (ContainerSafeModeRule.java:<init>(89)) - containers with one replica threshold count 0
2022-08-26 07:48:13,116 [main] INFO  safemode.HealthyPipelineSafeModeRule (HealthyPipelineSafeModeRule.java:initializeRule(169)) - Total pipeline count is 0, healthy pipeline threshold count is 1
2022-08-26 07:48:13,118 [main] INFO  safemode.OneReplicaPipelineSafeModeRule (OneReplicaPipelineSafeModeRule.java:initializeRule(180)) - Total pipeline count is 0, pipeline's with at least one datanode reported threshold count is 0
2022-08-26 07:48:13,429 [main] INFO  audit.AuditLogger (AuditLogger.java:refreshDebugCmdSet(126)) - Refresh DebugCmdSet for SCMAudit to [].
2022-08-26 07:48:13,462 [main] INFO  ipc.CallQueueManager (CallQueueManager.java:<init>(90)) - Using callQueue: class java.util.concurrent.LinkedBlockingQueue, queueCapacity: 2000, scheduler: class org.apache.hadoop.ipc.DefaultRpcScheduler, ipcBackoff: false.
2022-08-26 07:48:13,503 [Socket Reader #1 for port 0] INFO  ipc.Server (Server.java:run(1265)) - Starting Socket Reader #1 for port 0
2022-08-26 07:48:13,567 [Listener at 0.0.0.0/44943] INFO  audit.AuditLogger (AuditLogger.java:refreshDebugCmdSet(126)) - Refresh DebugCmdSet for SCMAudit to [].
2022-08-26 07:48:13,574 [Listener at 0.0.0.0/44943] INFO  ipc.CallQueueManager (CallQueueManager.java:<init>(90)) - Using callQueue: class java.util.concurrent.LinkedBlockingQueue, queueCapacity: 2000, scheduler: class org.apache.hadoop.ipc.DefaultRpcScheduler, ipcBackoff: false.
2022-08-26 07:48:13,578 [Socket Reader #1 for port 0] INFO  ipc.Server (Server.java:run(1265)) - Starting Socket Reader #1 for port 0
2022-08-26 07:48:13,617 [Listener at 0.0.0.0/33017] INFO  audit.AuditLogger (AuditLogger.java:refreshDebugCmdSet(126)) - Refresh DebugCmdSet for SCMAudit to [].
2022-08-26 07:48:13,631 [Listener at 0.0.0.0/33017] INFO  ipc.CallQueueManager (CallQueueManager.java:<init>(90)) - Using callQueue: class java.util.concurrent.LinkedBlockingQueue, queueCapacity: 2000, scheduler: class org.apache.hadoop.ipc.DefaultRpcScheduler, ipcBackoff: false.
2022-08-26 07:48:13,633 [Socket Reader #1 for port 0] INFO  ipc.Server (Server.java:run(1265)) - Starting Socket Reader #1 for port 0
2022-08-26 07:48:13,707 [Listener at 0.0.0.0/43351] INFO  ha.SCMServiceManager (SCMServiceManager.java:register(42)) - Registering service ContainerBalancer.
2022-08-26 07:48:13,708 [Listener at 0.0.0.0/43351] INFO  server.StorageContainerManager (StorageContainerManager.java:<init>(412)) - 
Container Balancer status:
Key                            Value
Running                        false
Container Balancer Configuration values:
Key                                                Value
Threshold                                          10
Max Datanodes to Involve per Iteration(percent)    20
Max Size to Move per Iteration                     500GB
Max Size Entering Target per Iteration             26GB
Max Size Leaving Source per Iteration              26GB

2022-08-26 07:48:13,710 [Listener at 0.0.0.0/43351] WARN  events.EventQueue (EventQueue.java:fireEvent(216)) - No event handler registered for event TypedEvent{payloadType=SafeModeStatus, name='Safe mode status'}
2022-08-26 07:48:13,711 [Listener at 0.0.0.0/43351] INFO  ha.SCMContext (SCMContext.java:updateSafeModeStatus(228)) - Update SafeModeStatus from SafeModeStatus{safeModeStatus=true, preCheckPassed=false} to SafeModeStatus{safeModeStatus=true, preCheckPassed=false}.
2022-08-26 07:48:13,715 [Listener at 0.0.0.0/43351] INFO  server.StorageContainerManager (StorageContainerManager.java:start(1466)) - StorageContainerLocationProtocol RPC server is listening at /0.0.0.0:43351
2022-08-26 07:48:13,802 [Listener at 0.0.0.0/43351] WARN  impl.MetricsConfig (MetricsConfig.java:loadFirst(136)) - Cannot locate configuration: tried hadoop-metrics2-storagecontainermanager.properties,hadoop-metrics2.properties
2022-08-26 07:48:13,891 [Listener at 0.0.0.0/43351] INFO  impl.MetricsSystemImpl (MetricsSystemImpl.java:startTimer(378)) - Scheduled Metric snapshot period at 10 second(s).
2022-08-26 07:48:13,892 [Listener at 0.0.0.0/43351] INFO  impl.MetricsSystemImpl (MetricsSystemImpl.java:start(191)) - StorageContainerManager metrics system started
2022-08-26 07:48:14,148 [Listener at 0.0.0.0/43351] INFO  server.SCMClientProtocolServer (SCMClientProtocolServer.java:start(170)) - RPC server for Client  is listening at /0.0.0.0:43351
2022-08-26 07:48:14,150 [IPC Server Responder] INFO  ipc.Server (Server.java:run(1507)) - IPC Server Responder: starting
2022-08-26 07:48:14,158 [IPC Server listener on 0] INFO  ipc.Server (Server.java:run(1344)) - IPC Server listener on 0: starting
2022-08-26 07:48:14,162 [Listener at 0.0.0.0/43351] INFO  server.StorageContainerManager (StorageContainerManager.java:start(1481)) - ScmBlockLocationProtocol RPC server is listening at /0.0.0.0:33017
2022-08-26 07:48:14,163 [Listener at 0.0.0.0/43351] INFO  server.SCMBlockProtocolServer (SCMBlockProtocolServer.java:start(152)) - RPC server for Block Protocol is listening at /0.0.0.0:33017
2022-08-26 07:48:14,163 [IPC Server Responder] INFO  ipc.Server (Server.java:run(1507)) - IPC Server Responder: starting
2022-08-26 07:48:14,163 [IPC Server listener on 0] INFO  ipc.Server (Server.java:run(1344)) - IPC Server listener on 0: starting
2022-08-26 07:48:14,166 [Listener at 0.0.0.0/43351] INFO  server.SCMDatanodeProtocolServer (SCMDatanodeProtocolServer.java:start(186)) - ScmDatanodeProtocol RPC server for DataNodes is listening at /0.0.0.0:44943
2022-08-26 07:48:14,167 [IPC Server Responder] INFO  ipc.Server (Server.java:run(1507)) - IPC Server Responder: starting
2022-08-26 07:48:14,167 [IPC Server listener on 0] INFO  ipc.Server (Server.java:run(1344)) - IPC Server listener on 0: starting
2022-08-26 07:48:14,191 [org.apache.hadoop.util.JvmPauseMonitor$Monitor@13ae87a6] INFO  util.JvmPauseMonitor (JvmPauseMonitor.java:run(188)) - Starting JVM pause monitor
2022-08-26 07:48:14,197 [Listener at 0.0.0.0/43351] INFO  http.BaseHttpServer (BaseHttpServer.java:newHttpServer2BuilderForOzone(213)) - Starting Web-server for scm at: http://0.0.0.0:0
2022-08-26 07:48:14,197 [Listener at 0.0.0.0/43351] INFO  http.BaseHttpServer (BaseHttpServer.java:<init>(108)) - Hadoop Security Enabled: false Ozone Security Enabled: false Ozone HTTP Security Enabled: false 
2022-08-26 07:48:14,226 [Listener at 0.0.0.0/43351] INFO  util.log (Log.java:initialized(170)) - Logging initialized @4365ms to org.eclipse.jetty.util.log.Slf4jLog
2022-08-26 07:48:14,343 [Listener at 0.0.0.0/43351] INFO  server.AuthenticationFilter (AuthenticationFilter.java:constructSecretProvider(240)) - Unable to initialize FileSignerSecretProvider, falling back to use random secrets.
2022-08-26 07:48:14,350 [Listener at 0.0.0.0/43351] WARN  http.HttpRequestLog (HttpRequestLog.java:getRequestLog(103)) - Jetty request log can only be enabled using Log4j
2022-08-26 07:48:14,359 [Listener at 0.0.0.0/43351] INFO  http.HttpServer2 (HttpServer2.java:addGlobalFilter(1029)) - Added global filter 'safety' (class=org.apache.hadoop.hdds.server.http.HttpServer2$QuotingInputFilter)
2022-08-26 07:48:14,363 [Listener at 0.0.0.0/43351] INFO  http.HttpServer2 (HttpServer2.java:addFilter(1005)) - Added filter static_user_filter (class=org.apache.hadoop.http.lib.StaticUserWebFilter$StaticUserFilter) to context scm
2022-08-26 07:48:14,363 [Listener at 0.0.0.0/43351] INFO  http.HttpServer2 (HttpServer2.java:addFilter(1013)) - Added filter static_user_filter (class=org.apache.hadoop.http.lib.StaticUserWebFilter$StaticUserFilter) to context logs
2022-08-26 07:48:14,363 [Listener at 0.0.0.0/43351] INFO  http.HttpServer2 (HttpServer2.java:addFilter(1013)) - Added filter static_user_filter (class=org.apache.hadoop.http.lib.StaticUserWebFilter$StaticUserFilter) to context static
2022-08-26 07:48:14,408 [Listener at 0.0.0.0/43351] INFO  http.HttpServer2 (HttpServer2.java:bindListener(1248)) - Jetty bound to port 40925
2022-08-26 07:48:14,411 [Listener at 0.0.0.0/43351] INFO  server.Server (Server.java:doStart(375)) - jetty-9.4.43.v20210629; built: 2021-06-30T11:07:22.254Z; git: 526006ecfa3af7f1a27ef3a288e2bef7ea9dd7e8; jvm 1.8.0_345-b01
2022-08-26 07:48:14,443 [Listener at 0.0.0.0/43351] INFO  server.session (DefaultSessionIdManager.java:doStart(334)) - DefaultSessionIdManager workerName=node0
2022-08-26 07:48:14,443 [Listener at 0.0.0.0/43351] INFO  server.session (DefaultSessionIdManager.java:doStart(339)) - No SessionScavenger set, using defaults
2022-08-26 07:48:14,445 [Listener at 0.0.0.0/43351] INFO  server.session (HouseKeeper.java:startScavenging(132)) - node0 Scavenging every 660000ms
2022-08-26 07:48:14,460 [Listener at 0.0.0.0/43351] INFO  handler.ContextHandler (ContextHandler.java:doStart(915)) - Started o.e.j.s.ServletContextHandler@5243d730{logs,/logs,file:///home/runner/work/ozone/ozone/hadoop-ozone/integration-test/target/log,AVAILABLE}
2022-08-26 07:48:14,461 [Listener at 0.0.0.0/43351] INFO  handler.ContextHandler (ContextHandler.java:doStart(915)) - Started o.e.j.s.ServletContextHandler@64d1f549{static,/static,file:///home/runner/work/ozone/ozone/hadoop-ozone/integration-test/target/test-classes/webapps/static,AVAILABLE}
2022-08-26 07:48:14,514 [Listener at 0.0.0.0/43351] INFO  handler.ContextHandler (ContextHandler.java:doStart(915)) - Started o.e.j.w.WebAppContext@256c6f7a{scm,/,file:///home/runner/work/ozone/ozone/hadoop-ozone/integration-test/target/test-classes/webapps/scm/,AVAILABLE}{file:/home/runner/work/ozone/ozone/hadoop-ozone/integration-test/target/test-classes/webapps/scm}
2022-08-26 07:48:14,526 [Listener at 0.0.0.0/43351] INFO  server.AbstractConnector (AbstractConnector.java:doStart(331)) - Started ServerConnector@feab3ae{HTTP/1.1, (http/1.1)}{0.0.0.0:40925}
2022-08-26 07:48:14,527 [Listener at 0.0.0.0/43351] INFO  server.Server (Server.java:doStart(415)) - Started @4665ms
2022-08-26 07:48:14,530 [Listener at 0.0.0.0/43351] INFO  impl.MetricsSinkAdapter (MetricsSinkAdapter.java:start(204)) - Sink prometheus started
2022-08-26 07:48:14,530 [Listener at 0.0.0.0/43351] INFO  impl.MetricsSystemImpl (MetricsSystemImpl.java:registerSink(305)) - Registered sink prometheus
2022-08-26 07:48:14,532 [Listener at 0.0.0.0/43351] INFO  http.BaseHttpServer (BaseHttpServer.java:updateConnectorAddress(333)) - HTTP server of scm listening at http://0.0.0.0:40925
2022-08-26 07:48:14,533 [Listener at 0.0.0.0/43351] WARN  server.ServerUtils (ServerUtils.java:getDBPath(225)) - ozone.om.db.dirs is not configured. We recommend adding this setting. Falling back to ozone.metadata.dirs instead.
2022-08-26 07:48:14,598 [Listener at 0.0.0.0/43351] INFO  audit.AuditLogger (AuditLogger.java:refreshDebugCmdSet(126)) - Refresh DebugCmdSet for OMAudit to [].
2022-08-26 07:48:14,688 [Listener at 0.0.0.0/43351] INFO  ha.OMHANodeDetails (OMHANodeDetails.java:loadOMHAConfig(115)) - ozone.om.internal.service.id is not defined, falling back to ozone.om.service.ids to find serviceID for OzoneManager if it is HA enabled cluster
2022-08-26 07:48:14,691 [Listener at 0.0.0.0/43351] INFO  ha.OMHANodeDetails (OMHANodeDetails.java:loadOMHAConfig(226)) - Configuration does not have ozone.om.address set. Falling back to the default OM address /127.0.0.1:0
2022-08-26 07:48:14,691 [Listener at 0.0.0.0/43351] INFO  ha.OMHANodeDetails (OMHANodeDetails.java:getOMNodeDetailsForNonHA(254)) - OM Service ID is not set. Setting it to the default ID: omServiceIdDefault
2022-08-26 07:48:14,691 [Listener at 0.0.0.0/43351] INFO  ha.OMHANodeDetails (OMHANodeDetails.java:getOMNodeDetailsForNonHA(261)) - OM Node ID is not set. Setting it to the default ID: om1
2022-08-26 07:48:14,695 [Listener at 0.0.0.0/43351] WARN  server.ServerUtils (ServerUtils.java:getDBPath(225)) - ozone.om.db.dirs is not configured. We recommend adding this setting. Falling back to ozone.metadata.dirs instead.
2022-08-26 07:48:14,697 [Listener at 0.0.0.0/43351] INFO  upgrade.AbstractLayoutVersionManager (AbstractLayoutVersionManager.java:init(83)) - Initializing Layout version manager with metadata layout = MULTITENANCY_SCHEMA (version = 3), software layout = MULTITENANCY_SCHEMA (version = 3)
2022-08-26 07:48:14,788 [Listener at 0.0.0.0/43351] INFO  reflections.Reflections (Reflections.java:scan(232)) - Reflections took 85 ms to scan 2 urls, producing 153 keys and 427 values [using 2 cores]
2022-08-26 07:48:14,793 [Listener at 0.0.0.0/43351] INFO  upgrade.OMLayoutVersionManager (OMLayoutVersionManager.java:lambda$0(115)) - Skipping Upgrade Action MockOmUpgradeAction since it has been finalized.
2022-08-26 07:48:14,796 [Listener at 0.0.0.0/43351] WARN  server.ServerUtils (ServerUtils.java:getDBPath(225)) - ozone.om.db.dirs is not configured. We recommend adding this setting. Falling back to ozone.metadata.dirs instead.
2022-08-26 07:48:15,010 [Listener at 0.0.0.0/43351] INFO  proxy.SCMBlockLocationFailoverProxyProvider (SCMBlockLocationFailoverProxyProvider.java:<init>(114)) - Created block location fail-over proxy with 1 nodes: [nodeId=scmNodeId,nodeAddress=/0.0.0.0:33017]
2022-08-26 07:48:15,038 [Listener at 0.0.0.0/43351] INFO  proxy.SCMBlockLocationFailoverProxyProvider (SCMBlockLocationFailoverProxyProvider.java:<init>(114)) - Created block location fail-over proxy with 1 nodes: [nodeId=scmNodeId,nodeAddress=/0.0.0.0:33017]
2022-08-26 07:48:15,283 [Listener at 0.0.0.0/43351] WARN  server.ServerUtils (ServerUtils.java:getDBPath(225)) - ozone.om.db.dirs is not configured. We recommend adding this setting. Falling back to ozone.metadata.dirs instead.
2022-08-26 07:48:15,289 [Listener at 0.0.0.0/43351] INFO  codec.OmKeyInfoCodec (OmKeyInfoCodec.java:<init>(49)) - OmKeyInfoCodec ignorePipeline = true
2022-08-26 07:48:15,290 [Listener at 0.0.0.0/43351] INFO  codec.RepeatedOmKeyInfoCodec (RepeatedOmKeyInfoCodec.java:<init>(41)) - RepeatedOmKeyInfoCodec ignorePipeline = true
2022-08-26 07:48:15,440 [Listener at 0.0.0.0/43351] INFO  om.OzoneManager (OzoneManager.java:instantiateServices(702)) - S3 Multi-Tenancy is disabled
2022-08-26 07:48:15,527 [Listener at 0.0.0.0/43351] INFO  om.OzoneManager (OzoneManager.java:addS3GVolumeToDB(4307)) - Created Volume s3v With Owner runner required for S3Gateway operations.
2022-08-26 07:48:15,619 [Listener at 0.0.0.0/43351] WARN  server.ServerUtils (ServerUtils.java:getDefaultRatisDirectory(237)) - Storage directory for Ratis is not configured. It is a good idea to map this to an SSD disk. Falling back to ozone.metadata.dirs
2022-08-26 07:48:15,619 [Listener at 0.0.0.0/43351] WARN  utils.OzoneManagerRatisUtils (OzoneManagerRatisUtils.java:getOMRatisSnapshotDirectory(434)) - ozone.om.ratis.snapshot.dir is not configured. Falling back to ozone.metadata.dirs config
2022-08-26 07:48:15,640 [Listener at 0.0.0.0/43351] WARN  server.ServerUtils (ServerUtils.java:getDefaultRatisDirectory(237)) - Storage directory for Ratis is not configured. It is a good idea to map this to an SSD disk. Falling back to ozone.metadata.dirs
2022-08-26 07:48:15,672 [Listener at 0.0.0.0/43351] INFO  ratis.OzoneManagerRatisServer (OzoneManagerRatisServer.java:<init>(159)) - Instantiating OM Ratis server with groupID: omServiceIdDefault and peers: localhost:9872
2022-08-26 07:48:15,682 [Listener at 0.0.0.0/43351] INFO  ratis.OzoneManagerStateMachine (OzoneManagerStateMachine.java:loadSnapshotInfoFromDB(632)) - LastAppliedIndex is set from TransactionInfo from OM DB as (t:0, i:~)
2022-08-26 07:48:15,734 [Listener at 0.0.0.0/43351] INFO  server.RaftServer (ConfUtils.java:logGet(46)) - raft.rpc.type = GRPC (default)
2022-08-26 07:48:15,824 [Listener at 0.0.0.0/43351] INFO  grpc.GrpcFactory (GrpcFactory.java:checkPooledByteBufAllocatorUseCacheForAllThreads(48)) - PERFORMANCE WARNING: useCacheForAllThreads is true that may cause Netty to create a lot garbage objects and, as a result, trigger GC.
	It is recommended to disable useCacheForAllThreads by setting -Dorg.apache.ratis.thirdparty.io.netty.allocator.useCacheForAllThreads=false in command line.
2022-08-26 07:48:15,828 [Listener at 0.0.0.0/43351] INFO  grpc.GrpcConfigKeys (ConfUtils.java:logGet(46)) - raft.grpc.admin.port = -1 (default)
2022-08-26 07:48:15,829 [Listener at 0.0.0.0/43351] INFO  grpc.GrpcConfigKeys (ConfUtils.java:logGet(46)) - raft.grpc.server.port = 9872 (custom)
2022-08-26 07:48:15,829 [Listener at 0.0.0.0/43351] INFO  grpc.GrpcConfigKeys (ConfUtils.java:logGet(46)) - raft.grpc.client.port = -1 (default)
2022-08-26 07:48:15,829 [Listener at 0.0.0.0/43351] INFO  grpc.GrpcConfigKeys (ConfUtils.java:logGet(46)) - raft.grpc.server.port = 9872 (custom)
2022-08-26 07:48:15,829 [Listener at 0.0.0.0/43351] INFO  grpc.GrpcConfigKeys (ConfUtils.java:logGet(46)) - raft.grpc.server.port = 9872 (custom)
2022-08-26 07:48:15,830 [Listener at 0.0.0.0/43351] INFO  server.GrpcService (ConfUtils.java:logGet(46)) - raft.grpc.message.size.max = 33554432 (custom)
2022-08-26 07:48:15,831 [Listener at 0.0.0.0/43351] INFO  server.RaftServerConfigKeys (ConfUtils.java:logGet(46)) - raft.server.log.appender.buffer.byte-limit = 33554432 (custom)
2022-08-26 07:48:15,831 [Listener at 0.0.0.0/43351] INFO  server.GrpcService (ConfUtils.java:logGet(46)) - raft.grpc.flow.control.window = 1MB (=1048576) (default)
2022-08-26 07:48:15,832 [Listener at 0.0.0.0/43351] INFO  server.RaftServerConfigKeys (ConfUtils.java:logGet(46)) - raft.server.rpc.request.timeout = 3000ms (default)
2022-08-26 07:48:15,851 [Listener at 0.0.0.0/43351] INFO  grpc.GrpcConfigKeys (ConfUtils.java:logGet(46)) - raft.grpc.server.async.request.thread.pool.cached = true (default)
2022-08-26 07:48:15,852 [Listener at 0.0.0.0/43351] INFO  grpc.GrpcConfigKeys (ConfUtils.java:logGet(46)) - raft.grpc.server.async.request.thread.pool.size = 32 (default)
2022-08-26 07:48:16,169 [Listener at 0.0.0.0/43351] INFO  impl.DataStreamServerImpl (ConfUtils.java:logGet(46)) - raft.datastream.type = DISABLED (default)
2022-08-26 07:48:16,172 [Listener at 0.0.0.0/43351] INFO  server.RaftServerConfigKeys (ConfUtils.java:logGet(46)) - raft.server.threadpool.proxy.cached = true (default)
2022-08-26 07:48:16,173 [Listener at 0.0.0.0/43351] INFO  server.RaftServerConfigKeys (ConfUtils.java:logGet(46)) - raft.server.threadpool.proxy.size = 0 (default)
2022-08-26 07:48:16,173 [Listener at 0.0.0.0/43351] INFO  server.RaftServerConfigKeys (ConfUtils.java:logGet(46)) - raft.server.rpc.slowness.timeout = 120s (custom)
2022-08-26 07:48:16,173 [Listener at 0.0.0.0/43351] INFO  server.RaftServerConfigKeys (ConfUtils.java:logGet(46)) - raft.server.leaderelection.leader.step-down.wait-time = 10s (default)
2022-08-26 07:48:16,177 [Listener at 0.0.0.0/43351] INFO  server.RaftServerConfigKeys (ConfUtils.java:logGet(46)) - raft.server.storage.dir = [/home/runner/work/ozone/ozone/hadoop-ozone/integration-test/target/test-dir/MiniOzoneClusterImpl-fd94d619-731c-4cf3-b4d0-a84e41dfe71c/ozone-meta/ratis] (custom)
2022-08-26 07:48:16,186 [Listener at 0.0.0.0/43351] INFO  server.RaftServer (RaftServerProxy.java:addNew(96)) - om1: addNew group-C5BA1605619E:[om1|rpc:localhost:9872|priority:0] returns group-C5BA1605619E:java.util.concurrent.CompletableFuture@679e03c2[Not completed]
2022-08-26 07:48:16,187 [Listener at 0.0.0.0/43351] INFO  om.OzoneManager (OzoneManager.java:initializeRatisServer(1968)) - OzoneManager Ratis server initialized at port 9872
2022-08-26 07:48:16,203 [Listener at 0.0.0.0/43351] INFO  om.OzoneManager (OzoneManager.java:getRpcServer(1091)) - Creating RPC Server
2022-08-26 07:48:16,217 [pool-55-thread-1] INFO  server.RaftServer$Division (RaftServerImpl.java:<init>(190)) - om1: new RaftServerImpl for group-C5BA1605619E:[om1|rpc:localhost:9872|priority:0] with OzoneManagerStateMachine:uninitialized
2022-08-26 07:48:16,219 [pool-55-thread-1] INFO  server.RaftServerConfigKeys (ConfUtils.java:logGet(46)) - raft.server.rpc.timeout.min = 1s (custom)
2022-08-26 07:48:16,226 [pool-55-thread-1] INFO  server.RaftServerConfigKeys (ConfUtils.java:logGet(46)) - raft.server.rpc.timeout.max = 1200ms (custom)
2022-08-26 07:48:16,226 [pool-55-thread-1] INFO  server.RaftServerConfigKeys (ConfUtils.java:logGet(46)) - raft.server.rpc.sleep.time = 25ms (default)
2022-08-26 07:48:16,226 [pool-55-thread-1] INFO  server.RaftServerConfigKeys (ConfUtils.java:logGet(46)) - raft.server.rpc.slowness.timeout = 120s (custom)
2022-08-26 07:48:16,227 [pool-55-thread-1] INFO  server.RaftServerConfigKeys (ConfUtils.java:logGet(46)) - raft.server.leaderelection.leader.step-down.wait-time = 10s (default)
2022-08-26 07:48:16,227 [pool-55-thread-1] INFO  server.RaftServerConfigKeys (ConfUtils.java:logGet(46)) - raft.server.sleep.deviation.threshold = 300ms (default)
2022-08-26 07:48:16,242 [pool-55-thread-1] INFO  server.RaftServer$Division (ServerState.java:<init>(107)) - om1@group-C5BA1605619E: ConfigurationManager, init=-1: [om1|rpc:localhost:9872|priority:0], old=null, confs=<EMPTY_MAP>
2022-08-26 07:48:16,243 [pool-55-thread-1] INFO  server.RaftServerConfigKeys (ConfUtils.java:logGet(46)) - raft.server.storage.dir = [/home/runner/work/ozone/ozone/hadoop-ozone/integration-test/target/test-dir/MiniOzoneClusterImpl-fd94d619-731c-4cf3-b4d0-a84e41dfe71c/ozone-meta/ratis] (custom)
2022-08-26 07:48:16,247 [pool-55-thread-1] INFO  server.RaftServerConfigKeys (ConfUtils.java:logGet(46)) - raft.server.log.corruption.policy = EXCEPTION (default)
2022-08-26 07:48:16,248 [pool-55-thread-1] INFO  server.RaftServerConfigKeys (ConfUtils.java:logGet(46)) - raft.server.storage.free-space.min = 0MB (=0) (default)
2022-08-26 07:48:16,249 [pool-55-thread-1] INFO  storage.RaftStorageDirectory (RaftStorageDirectoryImpl.java:analyzeStorage(135)) - The storage directory /home/runner/work/ozone/ozone/hadoop-ozone/integration-test/target/test-dir/MiniOzoneClusterImpl-fd94d619-731c-4cf3-b4d0-a84e41dfe71c/ozone-meta/ratis/bf265839-605b-3f16-9796-c5ba1605619e does not exist. Creating ...
2022-08-26 07:48:16,267 [pool-55-thread-1] INFO  storage.RaftStorageDirectory (RaftStorageDirectoryImpl.java:tryLock(230)) - Lock on /home/runner/work/ozone/ozone/hadoop-ozone/integration-test/target/test-dir/MiniOzoneClusterImpl-fd94d619-731c-4cf3-b4d0-a84e41dfe71c/ozone-meta/ratis/bf265839-605b-3f16-9796-c5ba1605619e/in_use.lock acquired by nodename 56754@fv-az127-536
2022-08-26 07:48:16,275 [pool-55-thread-1] INFO  storage.RaftStorage (RaftStorageImpl.java:format(89)) - Storage directory /home/runner/work/ozone/ozone/hadoop-ozone/integration-test/target/test-dir/MiniOzoneClusterImpl-fd94d619-731c-4cf3-b4d0-a84e41dfe71c/ozone-meta/ratis/bf265839-605b-3f16-9796-c5ba1605619e has been successfully formatted.
2022-08-26 07:48:16,305 [pool-55-thread-1] INFO  server.RaftServerConfigKeys (ConfUtils.java:logGet(46)) - raft.server.notification.no-leader.timeout = 120s (custom)
2022-08-26 07:48:16,310 [pool-55-thread-1] INFO  server.RaftServerConfigKeys (ConfUtils.java:logGet(46)) - raft.server.log.use.memory = false (default)
2022-08-26 07:48:16,346 [pool-55-thread-1] INFO  server.RaftServerConfigKeys (ConfUtils.java:logGet(46)) - raft.server.log.purge.gap = 1000000 (custom)
2022-08-26 07:48:16,347 [pool-55-thread-1] INFO  server.RaftServerConfigKeys (ConfUtils.java:logGet(46)) - raft.server.log.appender.buffer.byte-limit = 33554432 (custom)
2022-08-26 07:48:16,349 [pool-55-thread-1] INFO  server.RaftServerConfigKeys (ConfUtils.java:logGet(46)) - raft.server.log.statemachine.data.read.timeout = 1000ms (default)
2022-08-26 07:48:16,400 [pool-55-thread-1] INFO  server.RaftServerConfigKeys (ConfUtils.java:logGet(46)) - raft.server.log.segment.size.max = 4194304 (custom)
2022-08-26 07:48:16,413 [pool-55-thread-1] INFO  server.RaftServerConfigKeys (ConfUtils.java:logGet(46)) - raft.server.log.segment.cache.num.max = 2 (custom)
2022-08-26 07:48:16,434 [pool-55-thread-1] INFO  server.RaftServerConfigKeys (ConfUtils.java:logGet(46)) - raft.server.log.segment.cache.size.max = 200MB (=209715200) (default)
2022-08-26 07:48:16,463 [pool-55-thread-1] INFO  segmented.SegmentedRaftLogWorker (SegmentedRaftLogWorker.java:<init>(187)) - new om1@group-C5BA1605619E-SegmentedRaftLogWorker for RaftStorageImpl:Storage Directory /home/runner/work/ozone/ozone/hadoop-ozone/integration-test/target/test-dir/MiniOzoneClusterImpl-fd94d619-731c-4cf3-b4d0-a84e41dfe71c/ozone-meta/ratis/bf265839-605b-3f16-9796-c5ba1605619e
2022-08-26 07:48:16,464 [pool-55-thread-1] INFO  server.RaftServerConfigKeys (ConfUtils.java:logGet(46)) - raft.server.log.queue.byte-limit = 64MB (=67108864) (default)
2022-08-26 07:48:16,464 [pool-55-thread-1] INFO  server.RaftServerConfigKeys (ConfUtils.java:logGet(46)) - raft.server.log.queue.element-limit = 4096 (default)
2022-08-26 07:48:16,465 [pool-55-thread-1] INFO  server.RaftServerConfigKeys (ConfUtils.java:logGet(46)) - raft.server.log.segment.size.max = 4194304 (custom)
2022-08-26 07:48:16,466 [pool-55-thread-1] INFO  server.RaftServerConfigKeys (ConfUtils.java:logGet(46)) - raft.server.log.preallocated.size = 4194304 (custom)
2022-08-26 07:48:16,471 [pool-55-thread-1] INFO  server.RaftServerConfigKeys (ConfUtils.java:logGet(46)) - raft.server.log.force.sync.num = 128 (default)
2022-08-26 07:48:16,474 [pool-55-thread-1] INFO  server.RaftServerConfigKeys (ConfUtils.java:logGet(46)) - raft.server.log.statemachine.data.sync = true (default)
2022-08-26 07:48:16,474 [pool-55-thread-1] INFO  server.RaftServerConfigKeys (ConfUtils.java:logGet(46)) - raft.server.log.statemachine.data.sync.timeout = 10s (default)
2022-08-26 07:48:16,474 [pool-55-thread-1] INFO  server.RaftServerConfigKeys (ConfUtils.java:logGet(46)) - raft.server.log.statemachine.data.sync.timeout.retry = -1 (default)
2022-08-26 07:48:16,505 [pool-55-thread-1] INFO  server.RaftServerConfigKeys (ConfUtils.java:logGet(46)) - raft.server.log.write.buffer.size = 64KB (=65536) (default)
2022-08-26 07:48:16,514 [pool-55-thread-1] INFO  server.RaftServerConfigKeys (ConfUtils.java:logGet(46)) - raft.server.log.unsafe-flush.enabled = false (default)
2022-08-26 07:48:16,515 [pool-55-thread-1] INFO  server.RaftServerConfigKeys (ConfUtils.java:logGet(46)) - raft.server.log.statemachine.data.caching.enabled = false (default)
2022-08-26 07:48:16,521 [pool-55-thread-1] INFO  segmented.SegmentedRaftLogWorker (SegmentedRaftLogWorker.java:lambda$new$0(135)) - om1@group-C5BA1605619E-SegmentedRaftLogWorker: flushIndex: setUnconditionally 0 -> -1
2022-08-26 07:48:16,522 [pool-55-thread-1] INFO  segmented.SegmentedRaftLogWorker (SegmentedRaftLogWorker.java:lambda$new$0(135)) - om1@group-C5BA1605619E-SegmentedRaftLogWorker: safeCacheEvictIndex: setUnconditionally 0 -> -1
2022-08-26 07:48:16,542 [pool-55-thread-1] INFO  server.RaftServerConfigKeys (ConfUtils.java:logGet(46)) - raft.server.snapshot.auto.trigger.enabled = true (custom)
2022-08-26 07:48:16,559 [pool-55-thread-1] INFO  server.RaftServerConfigKeys (ConfUtils.java:logGet(46)) - raft.server.snapshot.auto.trigger.threshold = 400000 (default)
2022-08-26 07:48:16,559 [pool-55-thread-1] INFO  server.RaftServerConfigKeys (ConfUtils.java:logGet(46)) - raft.server.snapshot.retention.file.num = -1 (default)
2022-08-26 07:48:16,560 [pool-55-thread-1] INFO  server.RaftServerConfigKeys (ConfUtils.java:logGet(46)) - raft.server.log.purge.upto.snapshot.index = true (custom)
2022-08-26 07:48:16,562 [pool-55-thread-1] INFO  server.RaftServerConfigKeys (ConfUtils.java:logGet(46)) - raft.server.retrycache.expirytime = 300s (custom)
2022-08-26 07:48:16,563 [pool-55-thread-1] INFO  server.RaftServerConfigKeys (ConfUtils.java:logGet(46)) - raft.server.retrycache.statistics.expirytime = 100μs (default)
2022-08-26 07:48:16,698 [pool-55-thread-1] INFO  server.RaftServerConfigKeys (ConfUtils.java:logGet(46)) - raft.server.log.appender.install.snapshot.enabled = false (custom)
2022-08-26 07:48:16,698 [pool-55-thread-1] INFO  server.RaftServerConfigKeys (ConfUtils.java:logGet(46)) - raft.server.threadpool.server.cached = true (default)
2022-08-26 07:48:16,699 [pool-55-thread-1] INFO  server.RaftServerConfigKeys (ConfUtils.java:logGet(46)) - raft.server.threadpool.server.size = 0 (default)
2022-08-26 07:48:16,699 [pool-55-thread-1] INFO  server.RaftServerConfigKeys (ConfUtils.java:logGet(46)) - raft.server.threadpool.client.cached = true (default)
2022-08-26 07:48:16,699 [pool-55-thread-1] INFO  server.RaftServerConfigKeys (ConfUtils.java:logGet(46)) - raft.server.threadpool.client.size = 0 (default)
2022-08-26 07:48:17,027 [Listener at 0.0.0.0/43351] INFO  reflections.Reflections (Reflections.java:scan(232)) - Reflections took 749 ms to scan 19 urls, producing 67 keys and 4161 values [using 2 cores]
2022-08-26 07:48:17,222 [Listener at 0.0.0.0/43351] INFO  ipc.CallQueueManager (CallQueueManager.java:<init>(90)) - Using callQueue: class java.util.concurrent.LinkedBlockingQueue, queueCapacity: 2000, scheduler: class org.apache.hadoop.ipc.DefaultRpcScheduler, ipcBackoff: false.
2022-08-26 07:48:17,223 [Socket Reader #1 for port 0] INFO  ipc.Server (Server.java:run(1265)) - Starting Socket Reader #1 for port 0
2022-08-26 07:48:17,250 [Listener at 127.0.0.1/46611] INFO  impl.MetricsSystemImpl (MetricsSystemImpl.java:init(158)) - OzoneManager metrics system started (again)
2022-08-26 07:48:17,262 [Listener at 127.0.0.1/46611] INFO  om.OzoneManager (OzoneManager.java:start(1475)) - OzoneManager RPC server is listening at localhost/127.0.0.1:46611
2022-08-26 07:48:17,262 [Listener at 127.0.0.1/46611] INFO  ratis.OzoneManagerRatisServer (OzoneManagerRatisServer.java:start(554)) - Starting OzoneManagerRatisServer om1 at port 9872
2022-08-26 07:48:17,265 [om1-impl-thread1] INFO  server.RaftServer$Division (RaftServerImpl.java:start(310)) - om1@group-C5BA1605619E: start as a follower, conf=-1: [om1|rpc:localhost:9872|priority:0], old=null
2022-08-26 07:48:17,265 [om1-impl-thread1] INFO  server.RaftServer$Division (RaftServerImpl.java:setRole(299)) - om1@group-C5BA1605619E: changes role from      null to FOLLOWER at term 0 for startAsFollower
2022-08-26 07:48:17,267 [om1-impl-thread1] INFO  impl.RoleInfo (RoleInfo.java:updateAndGet(139)) - om1: start om1@group-C5BA1605619E-FollowerState
2022-08-26 07:48:17,268 [om1-impl-thread1] INFO  util.JmxRegister (JmxRegister.java:tryRegister(44)) - Successfully registered JMX Bean with object name Ratis:service=RaftServer,group=group-C5BA1605619E,id=om1
2022-08-26 07:48:17,271 [Listener at 127.0.0.1/46611] INFO  server.RaftServer (RaftServerProxy.java:lambda$start$6(382)) - om1: start RPC server
2022-08-26 07:48:17,338 [Listener at 127.0.0.1/46611] INFO  server.GrpcService (GrpcService.java:startImpl(260)) - om1: GrpcService started, listening on 9872
2022-08-26 07:48:17,340 [org.apache.ratis.util.JvmPauseMonitor$$Lambda$620/449322465@3265285b] INFO  util.JvmPauseMonitor (JvmPauseMonitor.java:run(103)) - JvmPauseMonitor-om1: Started
2022-08-26 07:48:17,340 [Listener at 127.0.0.1/46611] INFO  om.OzoneManager (OzoneManager.java:start(1491)) - Version File has different layout version (3) than OM DB (null). That is expected if this OM has never been finalized to a newer layout version.
2022-08-26 07:48:17,348 [Listener at 127.0.0.1/46611] INFO  http.BaseHttpServer (BaseHttpServer.java:newHttpServer2BuilderForOzone(213)) - Starting Web-server for ozoneManager at: http://0.0.0.0:0
2022-08-26 07:48:17,349 [Listener at 127.0.0.1/46611] INFO  http.BaseHttpServer (BaseHttpServer.java:<init>(108)) - Hadoop Security Enabled: false Ozone Security Enabled: false Ozone HTTP Security Enabled: false 
2022-08-26 07:48:17,350 [Listener at 127.0.0.1/46611] INFO  server.AuthenticationFilter (AuthenticationFilter.java:constructSecretProvider(240)) - Unable to initialize FileSignerSecretProvider, falling back to use random secrets.
2022-08-26 07:48:17,356 [Listener at 127.0.0.1/46611] WARN  http.HttpRequestLog (HttpRequestLog.java:getRequestLog(103)) - Jetty request log can only be enabled using Log4j
2022-08-26 07:48:17,360 [Listener at 127.0.0.1/46611] INFO  http.HttpServer2 (HttpServer2.java:addGlobalFilter(1029)) - Added global filter 'safety' (class=org.apache.hadoop.hdds.server.http.HttpServer2$QuotingInputFilter)
2022-08-26 07:48:17,361 [Listener at 127.0.0.1/46611] INFO  http.HttpServer2 (HttpServer2.java:addFilter(1005)) - Added filter static_user_filter (class=org.apache.hadoop.http.lib.StaticUserWebFilter$StaticUserFilter) to context ozoneManager
2022-08-26 07:48:17,361 [Listener at 127.0.0.1/46611] INFO  http.HttpServer2 (HttpServer2.java:addFilter(1013)) - Added filter static_user_filter (class=org.apache.hadoop.http.lib.StaticUserWebFilter$StaticUserFilter) to context static
2022-08-26 07:48:17,361 [Listener at 127.0.0.1/46611] INFO  http.HttpServer2 (HttpServer2.java:addFilter(1013)) - Added filter static_user_filter (class=org.apache.hadoop.http.lib.StaticUserWebFilter$StaticUserFilter) to context logs
2022-08-26 07:48:17,368 [Listener at 127.0.0.1/46611] INFO  http.HttpServer2 (HttpServer2.java:bindListener(1248)) - Jetty bound to port 43769
2022-08-26 07:48:17,368 [Listener at 127.0.0.1/46611] INFO  server.Server (Server.java:doStart(375)) - jetty-9.4.43.v20210629; built: 2021-06-30T11:07:22.254Z; git: 526006ecfa3af7f1a27ef3a288e2bef7ea9dd7e8; jvm 1.8.0_345-b01
2022-08-26 07:48:17,371 [Listener at 127.0.0.1/46611] INFO  server.session (DefaultSessionIdManager.java:doStart(334)) - DefaultSessionIdManager workerName=node0
2022-08-26 07:48:17,371 [Listener at 127.0.0.1/46611] INFO  server.session (DefaultSessionIdManager.java:doStart(339)) - No SessionScavenger set, using defaults
2022-08-26 07:48:17,371 [Listener at 127.0.0.1/46611] INFO  server.session (HouseKeeper.java:startScavenging(132)) - node0 Scavenging every 600000ms
2022-08-26 07:48:17,372 [Listener at 127.0.0.1/46611] INFO  handler.ContextHandler (ContextHandler.java:doStart(915)) - Started o.e.j.s.ServletContextHandler@5887c3a9{logs,/logs,file:///home/runner/work/ozone/ozone/hadoop-ozone/integration-test/target/log,AVAILABLE}
2022-08-26 07:48:17,372 [Listener at 127.0.0.1/46611] INFO  handler.ContextHandler (ContextHandler.java:doStart(915)) - Started o.e.j.s.ServletContextHandler@359da2e7{static,/static,file:///home/runner/work/ozone/ozone/hadoop-ozone/integration-test/target/test-classes/webapps/static,AVAILABLE}
2022-08-26 07:48:17,380 [Listener at 127.0.0.1/46611] INFO  handler.ContextHandler (ContextHandler.java:doStart(915)) - Started o.e.j.w.WebAppContext@5132ea9b{ozoneManager,/,file:///home/runner/work/ozone/ozone/hadoop-ozone/integration-test/target/test-classes/webapps/ozoneManager/,AVAILABLE}{file:/home/runner/work/ozone/ozone/hadoop-ozone/integration-test/target/test-classes/webapps/ozoneManager}
2022-08-26 07:48:17,381 [Listener at 127.0.0.1/46611] INFO  server.AbstractConnector (AbstractConnector.java:doStart(331)) - Started ServerConnector@5a405492{HTTP/1.1, (http/1.1)}{0.0.0.0:43769}
2022-08-26 07:48:17,381 [Listener at 127.0.0.1/46611] INFO  server.Server (Server.java:doStart(415)) - Started @7519ms
2022-08-26 07:48:17,381 [Listener at 127.0.0.1/46611] WARN  impl.MetricsSystemImpl (MetricsSystemImpl.java:register(279)) - Sink prometheus already exists!
2022-08-26 07:48:17,382 [Listener at 127.0.0.1/46611] INFO  http.BaseHttpServer (BaseHttpServer.java:updateConnectorAddress(333)) - HTTP server of ozoneManager listening at http://0.0.0.0:43769
2022-08-26 07:48:17,382 [IPC Server Responder] INFO  ipc.Server (Server.java:run(1507)) - IPC Server Responder: starting
2022-08-26 07:48:17,382 [IPC Server listener on 0] INFO  ipc.Server (Server.java:run(1344)) - IPC Server listener on 0: starting
2022-08-26 07:48:17,389 [Listener at 127.0.0.1/46611] INFO  om.OzoneManager (OzoneManager.java:startTrashEmptier(1912)) - Trash Interval set to 0. Files deleted won't move to trash
2022-08-26 07:48:17,391 [org.apache.hadoop.util.JvmPauseMonitor$Monitor@55f02b32] INFO  util.JvmPauseMonitor (JvmPauseMonitor.java:run(188)) - Starting JVM pause monitor
2022-08-26 07:48:17,539 [Listener at 127.0.0.1/46611] WARN  impl.MetricRegistriesImpl (MetricRegistriesImpl.java:addReporterRegistration(111)) - New reporters are added after registries were created. Some metrics will be missing from the reporter. Please add reporter before adding any new registry.
2022-08-26 07:48:17,539 [Listener at 127.0.0.1/46611] WARN  impl.MetricRegistriesImpl (MetricRegistriesImpl.java:addReporterRegistration(111)) - New reporters are added after registries were created. Some metrics will be missing from the reporter. Please add reporter before adding any new registry.
2022-08-26 07:48:17,539 [Listener at 127.0.0.1/46611] INFO  impl.MetricsSystemImpl (MetricsSystemImpl.java:init(158)) - HddsDatanode metrics system started (again)
2022-08-26 07:48:17,555 [Listener at 127.0.0.1/46611] INFO  ozone.HddsDatanodeService (HddsDatanodeService.java:start(236)) - HddsDatanodeService host:fv-az127-536.h3uyzbqov44edfyrgkjongjtha.bx.internal.cloudapp.net ip:10.1.0.212
2022-08-26 07:48:17,580 [Listener at 127.0.0.1/46611] INFO  upgrade.AbstractLayoutVersionManager (AbstractLayoutVersionManager.java:init(83)) - Initializing Layout version manager with metadata layout = DATANODE_SCHEMA_V3 (version = 4), software layout = DATANODE_SCHEMA_V3 (version = 4)
2022-08-26 07:48:17,624 [Listener at 127.0.0.1/46611] INFO  reflections.Reflections (Reflections.java:scan(232)) - Reflections took 43 ms to scan 7 urls, producing 133 keys and 322 values 
2022-08-26 07:48:17,627 [Listener at 127.0.0.1/46611] INFO  statemachine.DatanodeStateMachine (DatanodeStateMachine.java:getEndPointTaskThreadPoolSize(237)) - Datanode State Machine Task Thread Pool size 2
2022-08-26 07:48:17,683 [Listener at 127.0.0.1/46611] INFO  volume.HddsVolume (HddsVolume.java:<init>(117)) - Creating HddsVolume: /home/runner/work/ozone/ozone/hadoop-ozone/integration-test/target/test-dir/MiniOzoneClusterImpl-fd94d619-731c-4cf3-b4d0-a84e41dfe71c/datanode-0/data-0/containers/hdds of storage type : DISK capacity : 9223372036854775807
2022-08-26 07:48:17,685 [Listener at 127.0.0.1/46611] INFO  volume.MutableVolumeSet (MutableVolumeSet.java:initializeVolumeSet(174)) - Added Volume : /home/runner/work/ozone/ozone/hadoop-ozone/integration-test/target/test-dir/MiniOzoneClusterImpl-fd94d619-731c-4cf3-b4d0-a84e41dfe71c/datanode-0/data-0/containers/hdds to VolumeSet
2022-08-26 07:48:17,686 [Listener at 127.0.0.1/46611] INFO  volume.ThrottledAsyncChecker (ThrottledAsyncChecker.java:schedule(141)) - Scheduling a check for /home/runner/work/ozone/ozone/hadoop-ozone/integration-test/target/test-dir/MiniOzoneClusterImpl-fd94d619-731c-4cf3-b4d0-a84e41dfe71c/datanode-0/data-0/containers/hdds
2022-08-26 07:48:17,704 [Listener at 127.0.0.1/46611] INFO  volume.StorageVolumeChecker (StorageVolumeChecker.java:checkAllVolumes(202)) - Scheduled health check for volume /home/runner/work/ozone/ozone/hadoop-ozone/integration-test/target/test-dir/MiniOzoneClusterImpl-fd94d619-731c-4cf3-b4d0-a84e41dfe71c/datanode-0/data-0/containers/hdds
2022-08-26 07:48:17,720 [Listener at 127.0.0.1/46611] INFO  volume.MutableVolumeSet (MutableVolumeSet.java:initializeVolumeSet(174)) - Added Volume : /home/runner/work/ozone/ozone/hadoop-ozone/integration-test/target/test-dir/MiniOzoneClusterImpl-fd94d619-731c-4cf3-b4d0-a84e41dfe71c/datanode-0/data/ratis to VolumeSet
2022-08-26 07:48:17,721 [Listener at 127.0.0.1/46611] INFO  volume.ThrottledAsyncChecker (ThrottledAsyncChecker.java:schedule(141)) - Scheduling a check for /home/runner/work/ozone/ozone/hadoop-ozone/integration-test/target/test-dir/MiniOzoneClusterImpl-fd94d619-731c-4cf3-b4d0-a84e41dfe71c/datanode-0/data/ratis
2022-08-26 07:48:17,721 [Listener at 127.0.0.1/46611] INFO  volume.StorageVolumeChecker (StorageVolumeChecker.java:checkAllVolumes(202)) - Scheduled health check for volume /home/runner/work/ozone/ozone/hadoop-ozone/integration-test/target/test-dir/MiniOzoneClusterImpl-fd94d619-731c-4cf3-b4d0-a84e41dfe71c/datanode-0/data/ratis
2022-08-26 07:48:17,744 [Thread-136] INFO  ozoneimpl.ContainerReader (ContainerReader.java:readVolume(175)) - Finish verifying containers on volume /home/runner/work/ozone/ozone/hadoop-ozone/integration-test/target/test-dir/MiniOzoneClusterImpl-fd94d619-731c-4cf3-b4d0-a84e41dfe71c/datanode-0/data-0/containers/hdds
2022-08-26 07:48:17,744 [Listener at 127.0.0.1/46611] INFO  ozoneimpl.OzoneContainer (OzoneContainer.java:buildContainerSet(299)) - Build ContainerSet costs 0s
2022-08-26 07:48:17,790 [Listener at 127.0.0.1/46611] INFO  audit.AuditLogger (AuditLogger.java:refreshDebugCmdSet(126)) - Refresh DebugCmdSet for DNAudit to [].
2022-08-26 07:48:17,820 [Listener at 127.0.0.1/46611] INFO  server.RaftServer (ConfUtils.java:logGet(46)) - raft.rpc.type = GRPC (default)
2022-08-26 07:48:17,820 [Listener at 127.0.0.1/46611] INFO  grpc.GrpcFactory (GrpcFactory.java:checkPooledByteBufAllocatorUseCacheForAllThreads(48)) - PERFORMANCE WARNING: useCacheForAllThreads is true that may cause Netty to create a lot garbage objects and, as a result, trigger GC.
	It is recommended to disable useCacheForAllThreads by setting -Dorg.apache.ratis.thirdparty.io.netty.allocator.useCacheForAllThreads=false in command line.
2022-08-26 07:48:17,821 [Listener at 127.0.0.1/46611] INFO  grpc.GrpcConfigKeys (ConfUtils.java:logGet(46)) - raft.grpc.admin.port = 0 (custom)
2022-08-26 07:48:17,821 [Listener at 127.0.0.1/46611] INFO  grpc.GrpcConfigKeys (ConfUtils.java:logGet(46)) - raft.grpc.client.port = 0 (custom)
2022-08-26 07:48:17,821 [Listener at 127.0.0.1/46611] INFO  grpc.GrpcConfigKeys (ConfUtils.java:logGet(46)) - raft.grpc.server.port = 0 (default)
2022-08-26 07:48:17,821 [Listener at 127.0.0.1/46611] INFO  server.GrpcService (ConfUtils.java:logGet(46)) - raft.grpc.message.size.max = 32MB (=33554432) (custom)
2022-08-26 07:48:17,821 [Listener at 127.0.0.1/46611] INFO  server.RaftServerConfigKeys (ConfUtils.java:logGet(46)) - raft.server.log.appender.buffer.byte-limit = 33554432 (custom)
2022-08-26 07:48:17,821 [Listener at 127.0.0.1/46611] INFO  server.GrpcService (ConfUtils.java:logGet(46)) - raft.grpc.flow.control.window = 5MB (=5242880) (custom)
2022-08-26 07:48:17,822 [Listener at 127.0.0.1/46611] INFO  server.RaftServerConfigKeys (ConfUtils.java:logGet(46)) - raft.server.rpc.request.timeout = 60s (custom)
2022-08-26 07:48:17,822 [Listener at 127.0.0.1/46611] INFO  grpc.GrpcConfigKeys (ConfUtils.java:logGet(46)) - raft.grpc.server.async.request.thread.pool.cached = true (default)
2022-08-26 07:48:17,822 [Listener at 127.0.0.1/46611] INFO  grpc.GrpcConfigKeys (ConfUtils.java:logGet(46)) - raft.grpc.server.async.request.thread.pool.size = 32 (default)
2022-08-26 07:48:17,823 [Listener at 127.0.0.1/46611] INFO  impl.DataStreamServerImpl (ConfUtils.java:logGet(46)) - raft.datastream.type = DISABLED (default)
2022-08-26 07:48:17,823 [Listener at 127.0.0.1/46611] INFO  server.RaftServerConfigKeys (ConfUtils.java:logGet(46)) - raft.server.threadpool.proxy.cached = true (default)
2022-08-26 07:48:17,824 [Listener at 127.0.0.1/46611] INFO  server.RaftServerConfigKeys (ConfUtils.java:logGet(46)) - raft.server.threadpool.proxy.size = 0 (default)
2022-08-26 07:48:17,824 [Listener at 127.0.0.1/46611] INFO  server.RaftServerConfigKeys (ConfUtils.java:logGet(46)) - raft.server.rpc.slowness.timeout = 300s (custom)
2022-08-26 07:48:17,824 [Listener at 127.0.0.1/46611] INFO  server.RaftServerConfigKeys (ConfUtils.java:logGet(46)) - raft.server.leaderelection.leader.step-down.wait-time = 10s (default)
2022-08-26 07:48:17,824 [Listener at 127.0.0.1/46611] INFO  server.RaftServerConfigKeys (ConfUtils.java:logGet(46)) - raft.server.storage.dir = [/home/runner/work/ozone/ozone/hadoop-ozone/integration-test/target/test-dir/MiniOzoneClusterImpl-fd94d619-731c-4cf3-b4d0-a84e41dfe71c/datanode-0/data/ratis] (custom)
2022-08-26 07:48:17,844 [Listener at 127.0.0.1/46611] INFO  server.XceiverServerGrpc (XceiverServerGrpc.java:<init>(132)) - GrpcServer channel type EpollServerSocketChannel
2022-08-26 07:48:17,910 [Listener at 127.0.0.1/46611] INFO  http.BaseHttpServer (BaseHttpServer.java:newHttpServer2BuilderForOzone(213)) - Starting Web-server for hddsDatanode at: http://0.0.0.0:0
2022-08-26 07:48:17,911 [Listener at 127.0.0.1/46611] INFO  http.BaseHttpServer (BaseHttpServer.java:<init>(108)) - Hadoop Security Enabled: false Ozone Security Enabled: false Ozone HTTP Security Enabled: false 
2022-08-26 07:48:17,912 [Listener at 127.0.0.1/46611] INFO  server.AuthenticationFilter (AuthenticationFilter.java:constructSecretProvider(240)) - Unable to initialize FileSignerSecretProvider, falling back to use random secrets.
2022-08-26 07:48:17,914 [Listener at 127.0.0.1/46611] WARN  http.HttpRequestLog (HttpRequestLog.java:getRequestLog(103)) - Jetty request log can only be enabled using Log4j
2022-08-26 07:48:17,916 [Listener at 127.0.0.1/46611] INFO  http.HttpServer2 (HttpServer2.java:addGlobalFilter(1029)) - Added global filter 'safety' (class=org.apache.hadoop.hdds.server.http.HttpServer2$QuotingInputFilter)
2022-08-26 07:48:17,916 [Listener at 127.0.0.1/46611] INFO  http.HttpServer2 (HttpServer2.java:addFilter(1005)) - Added filter static_user_filter (class=org.apache.hadoop.http.lib.StaticUserWebFilter$StaticUserFilter) to context hddsDatanode
2022-08-26 07:48:17,917 [Listener at 127.0.0.1/46611] INFO  http.HttpServer2 (HttpServer2.java:addFilter(1013)) - Added filter static_user_filter (class=org.apache.hadoop.http.lib.StaticUserWebFilter$StaticUserFilter) to context logs
2022-08-26 07:48:17,917 [Listener at 127.0.0.1/46611] INFO  http.HttpServer2 (HttpServer2.java:addFilter(1013)) - Added filter static_user_filter (class=org.apache.hadoop.http.lib.StaticUserWebFilter$StaticUserFilter) to context static
2022-08-26 07:48:17,917 [Listener at 127.0.0.1/46611] INFO  http.HttpServer2 (HttpServer2.java:bindListener(1248)) - Jetty bound to port 34913
2022-08-26 07:48:17,918 [Listener at 127.0.0.1/46611] INFO  server.Server (Server.java:doStart(375)) - jetty-9.4.43.v20210629; built: 2021-06-30T11:07:22.254Z; git: 526006ecfa3af7f1a27ef3a288e2bef7ea9dd7e8; jvm 1.8.0_345-b01
2022-08-26 07:48:17,919 [Listener at 127.0.0.1/46611] INFO  server.session (DefaultSessionIdManager.java:doStart(334)) - DefaultSessionIdManager workerName=node0
2022-08-26 07:48:17,919 [Listener at 127.0.0.1/46611] INFO  server.session (DefaultSessionIdManager.java:doStart(339)) - No SessionScavenger set, using defaults
2022-08-26 07:48:17,920 [Listener at 127.0.0.1/46611] INFO  server.session (HouseKeeper.java:startScavenging(132)) - node0 Scavenging every 600000ms
2022-08-26 07:48:17,922 [Listener at 127.0.0.1/46611] INFO  handler.ContextHandler (ContextHandler.java:doStart(915)) - Started o.e.j.s.ServletContextHandler@6799bd93{logs,/logs,file:///home/runner/work/ozone/ozone/hadoop-ozone/integration-test/target/log,AVAILABLE}
2022-08-26 07:48:17,922 [Listener at 127.0.0.1/46611] INFO  handler.ContextHandler (ContextHandler.java:doStart(915)) - Started o.e.j.s.ServletContextHandler@6bf994a6{static,/static,jar:file:/home/runner/.m2/repository/org/apache/ozone/hdds-container-service/1.3.0-SNAPSHOT/hdds-container-service-1.3.0-SNAPSHOT.jar!/webapps/static,AVAILABLE}
2022-08-26 07:48:18,102 [Listener at 127.0.0.1/46611] INFO  handler.ContextHandler (ContextHandler.java:doStart(915)) - Started o.e.j.w.WebAppContext@5a25183b{hddsDatanode,/,file:///tmp/jetty-0_0_0_0-34913-hdds-container-service-1_3_0-SNAPSHOT_jar-_-any-50231447209251462/webapp/,AVAILABLE}{jar:file:/home/runner/.m2/repository/org/apache/ozone/hdds-container-service/1.3.0-SNAPSHOT/hdds-container-service-1.3.0-SNAPSHOT.jar!/webapps/hddsDatanode}
2022-08-26 07:48:18,104 [Listener at 127.0.0.1/46611] INFO  server.AbstractConnector (AbstractConnector.java:doStart(331)) - Started ServerConnector@2520cb0a{HTTP/1.1, (http/1.1)}{0.0.0.0:34913}
2022-08-26 07:48:18,104 [Listener at 127.0.0.1/46611] INFO  server.Server (Server.java:doStart(415)) - Started @8243ms
2022-08-26 07:48:18,104 [Listener at 127.0.0.1/46611] WARN  impl.MetricsSystemImpl (MetricsSystemImpl.java:register(279)) - Sink prometheus already exists!
2022-08-26 07:48:18,105 [Listener at 127.0.0.1/46611] INFO  http.BaseHttpServer (BaseHttpServer.java:updateConnectorAddress(333)) - HTTP server of hddsDatanode listening at http://0.0.0.0:34913
2022-08-26 07:48:18,106 [Datanode State Machine Daemon Thread] INFO  statemachine.DatanodeStateMachine (DatanodeStateMachine.java:lambda$startDaemon$0(492)) - Ozone container server started.
2022-08-26 07:48:18,108 [Listener at 127.0.0.1/46611] WARN  impl.MetricRegistriesImpl (MetricRegistriesImpl.java:addReporterRegistration(111)) - New reporters are added after registries were created. Some metrics will be missing from the reporter. Please add reporter before adding any new registry.
2022-08-26 07:48:18,108 [Listener at 127.0.0.1/46611] WARN  impl.MetricRegistriesImpl (MetricRegistriesImpl.java:addReporterRegistration(111)) - New reporters are added after registries were created. Some metrics will be missing from the reporter. Please add reporter before adding any new registry.
2022-08-26 07:48:18,108 [Listener at 127.0.0.1/46611] INFO  impl.MetricsSystemImpl (MetricsSystemImpl.java:init(158)) - HddsDatanode metrics system started (again)
2022-08-26 07:48:18,121 [Listener at 127.0.0.1/46611] INFO  ozone.HddsDatanodeService (HddsDatanodeService.java:start(236)) - HddsDatanodeService host:fv-az127-536.h3uyzbqov44edfyrgkjongjtha.bx.internal.cloudapp.net ip:10.1.0.212
2022-08-26 07:48:18,142 [org.apache.hadoop.util.JvmPauseMonitor$Monitor@500fa287] INFO  util.JvmPauseMonitor (JvmPauseMonitor.java:run(188)) - Starting JVM pause monitor
2022-08-26 07:48:18,142 [Listener at 127.0.0.1/46611] INFO  upgrade.AbstractLayoutVersionManager (AbstractLayoutVersionManager.java:init(83)) - Initializing Layout version manager with metadata layout = DATANODE_SCHEMA_V3 (version = 4), software layout = DATANODE_SCHEMA_V3 (version = 4)
2022-08-26 07:48:18,235 [Listener at 127.0.0.1/46611] INFO  reflections.Reflections (Reflections.java:scan(232)) - Reflections took 89 ms to scan 7 urls, producing 133 keys and 322 values 
2022-08-26 07:48:18,243 [Listener at 127.0.0.1/46611] INFO  statemachine.DatanodeStateMachine (DatanodeStateMachine.java:getEndPointTaskThreadPoolSize(237)) - Datanode State Machine Task Thread Pool size 2
2022-08-26 07:48:18,256 [Listener at 127.0.0.1/46611] INFO  volume.HddsVolume (HddsVolume.java:<init>(117)) - Creating HddsVolume: /home/runner/work/ozone/ozone/hadoop-ozone/integration-test/target/test-dir/MiniOzoneClusterImpl-fd94d619-731c-4cf3-b4d0-a84e41dfe71c/datanode-1/data-0/containers/hdds of storage type : DISK capacity : 9223372036854775807
2022-08-26 07:48:18,256 [Listener at 127.0.0.1/46611] INFO  volume.MutableVolumeSet (MutableVolumeSet.java:initializeVolumeSet(174)) - Added Volume : /home/runner/work/ozone/ozone/hadoop-ozone/integration-test/target/test-dir/MiniOzoneClusterImpl-fd94d619-731c-4cf3-b4d0-a84e41dfe71c/datanode-1/data-0/containers/hdds to VolumeSet
2022-08-26 07:48:18,256 [Listener at 127.0.0.1/46611] INFO  volume.ThrottledAsyncChecker (ThrottledAsyncChecker.java:schedule(141)) - Scheduling a check for /home/runner/work/ozone/ozone/hadoop-ozone/integration-test/target/test-dir/MiniOzoneClusterImpl-fd94d619-731c-4cf3-b4d0-a84e41dfe71c/datanode-1/data-0/containers/hdds
2022-08-26 07:48:18,268 [Listener at 127.0.0.1/46611] INFO  volume.StorageVolumeChecker (StorageVolumeChecker.java:checkAllVolumes(202)) - Scheduled health check for volume /home/runner/work/ozone/ozone/hadoop-ozone/integration-test/target/test-dir/MiniOzoneClusterImpl-fd94d619-731c-4cf3-b4d0-a84e41dfe71c/datanode-1/data-0/containers/hdds
2022-08-26 07:48:18,279 [Listener at 127.0.0.1/46611] INFO  volume.MutableVolumeSet (MutableVolumeSet.java:initializeVolumeSet(174)) - Added Volume : /home/runner/work/ozone/ozone/hadoop-ozone/integration-test/target/test-dir/MiniOzoneClusterImpl-fd94d619-731c-4cf3-b4d0-a84e41dfe71c/datanode-1/data/ratis to VolumeSet
2022-08-26 07:48:18,280 [Listener at 127.0.0.1/46611] INFO  volume.ThrottledAsyncChecker (ThrottledAsyncChecker.java:schedule(141)) - Scheduling a check for /home/runner/work/ozone/ozone/hadoop-ozone/integration-test/target/test-dir/MiniOzoneClusterImpl-fd94d619-731c-4cf3-b4d0-a84e41dfe71c/datanode-1/data/ratis
2022-08-26 07:48:18,280 [Listener at 127.0.0.1/46611] INFO  volume.StorageVolumeChecker (StorageVolumeChecker.java:checkAllVolumes(202)) - Scheduled health check for volume /home/runner/work/ozone/ozone/hadoop-ozone/integration-test/target/test-dir/MiniOzoneClusterImpl-fd94d619-731c-4cf3-b4d0-a84e41dfe71c/datanode-1/data/ratis
2022-08-26 07:48:18,290 [Thread-149] INFO  ozoneimpl.ContainerReader (ContainerReader.java:readVolume(175)) - Finish verifying containers on volume /home/runner/work/ozone/ozone/hadoop-ozone/integration-test/target/test-dir/MiniOzoneClusterImpl-fd94d619-731c-4cf3-b4d0-a84e41dfe71c/datanode-1/data-0/containers/hdds
2022-08-26 07:48:18,293 [Listener at 127.0.0.1/46611] INFO  ozoneimpl.OzoneContainer (OzoneContainer.java:buildContainerSet(299)) - Build ContainerSet costs 0s
2022-08-26 07:48:18,296 [Listener at 127.0.0.1/46611] INFO  server.RaftServer (ConfUtils.java:logGet(46)) - raft.rpc.type = GRPC (default)
2022-08-26 07:48:18,297 [Listener at 127.0.0.1/46611] INFO  grpc.GrpcFactory (GrpcFactory.java:checkPooledByteBufAllocatorUseCacheForAllThreads(48)) - PERFORMANCE WARNING: useCacheForAllThreads is true that may cause Netty to create a lot garbage objects and, as a result, trigger GC.
	It is recommended to disable useCacheForAllThreads by setting -Dorg.apache.ratis.thirdparty.io.netty.allocator.useCacheForAllThreads=false in command line.
2022-08-26 07:48:18,297 [Listener at 127.0.0.1/46611] INFO  grpc.GrpcConfigKeys (ConfUtils.java:logGet(46)) - raft.grpc.admin.port = 0 (custom)
2022-08-26 07:48:18,297 [Listener at 127.0.0.1/46611] INFO  grpc.GrpcConfigKeys (ConfUtils.java:logGet(46)) - raft.grpc.client.port = 0 (custom)
2022-08-26 07:48:18,297 [Listener at 127.0.0.1/46611] INFO  grpc.GrpcConfigKeys (ConfUtils.java:logGet(46)) - raft.grpc.server.port = 0 (default)
2022-08-26 07:48:18,297 [Listener at 127.0.0.1/46611] INFO  server.GrpcService (ConfUtils.java:logGet(46)) - raft.grpc.message.size.max = 32MB (=33554432) (custom)
2022-08-26 07:48:18,297 [Listener at 127.0.0.1/46611] INFO  server.RaftServerConfigKeys (ConfUtils.java:logGet(46)) - raft.server.log.appender.buffer.byte-limit = 33554432 (custom)
2022-08-26 07:48:18,297 [Listener at 127.0.0.1/46611] INFO  server.GrpcService (ConfUtils.java:logGet(46)) - raft.grpc.flow.control.window = 5MB (=5242880) (custom)
2022-08-26 07:48:18,298 [Listener at 127.0.0.1/46611] INFO  server.RaftServerConfigKeys (ConfUtils.java:logGet(46)) - raft.server.rpc.request.timeout = 60s (custom)
2022-08-26 07:48:18,298 [Listener at 127.0.0.1/46611] INFO  grpc.GrpcConfigKeys (ConfUtils.java:logGet(46)) - raft.grpc.server.async.request.thread.pool.cached = true (default)
2022-08-26 07:48:18,298 [Listener at 127.0.0.1/46611] INFO  grpc.GrpcConfigKeys (ConfUtils.java:logGet(46)) - raft.grpc.server.async.request.thread.pool.size = 32 (default)
2022-08-26 07:48:18,299 [Listener at 127.0.0.1/46611] INFO  impl.DataStreamServerImpl (ConfUtils.java:logGet(46)) - raft.datastream.type = DISABLED (default)
2022-08-26 07:48:18,299 [Listener at 127.0.0.1/46611] INFO  server.RaftServerConfigKeys (ConfUtils.java:logGet(46)) - raft.server.threadpool.proxy.cached = true (default)
2022-08-26 07:48:18,299 [Listener at 127.0.0.1/46611] INFO  server.RaftServerConfigKeys (ConfUtils.java:logGet(46)) - raft.server.threadpool.proxy.size = 0 (default)
2022-08-26 07:48:18,299 [Listener at 127.0.0.1/46611] INFO  server.RaftServerConfigKeys (ConfUtils.java:logGet(46)) - raft.server.rpc.slowness.timeout = 300s (custom)
2022-08-26 07:48:18,300 [Listener at 127.0.0.1/46611] INFO  server.RaftServerConfigKeys (ConfUtils.java:logGet(46)) - raft.server.leaderelection.leader.step-down.wait-time = 10s (default)
2022-08-26 07:48:18,300 [Listener at 127.0.0.1/46611] INFO  server.RaftServerConfigKeys (ConfUtils.java:logGet(46)) - raft.server.storage.dir = [/home/runner/work/ozone/ozone/hadoop-ozone/integration-test/target/test-dir/MiniOzoneClusterImpl-fd94d619-731c-4cf3-b4d0-a84e41dfe71c/datanode-1/data/ratis] (custom)
2022-08-26 07:48:18,302 [Listener at 127.0.0.1/46611] INFO  server.XceiverServerGrpc (XceiverServerGrpc.java:<init>(132)) - GrpcServer channel type EpollServerSocketChannel
2022-08-26 07:48:18,305 [Listener at 127.0.0.1/46611] INFO  http.BaseHttpServer (BaseHttpServer.java:newHttpServer2BuilderForOzone(213)) - Starting Web-server for hddsDatanode at: http://0.0.0.0:0
2022-08-26 07:48:18,306 [Listener at 127.0.0.1/46611] INFO  http.BaseHttpServer (BaseHttpServer.java:<init>(108)) - Hadoop Security Enabled: false Ozone Security Enabled: false Ozone HTTP Security Enabled: false 
2022-08-26 07:48:18,307 [Listener at 127.0.0.1/46611] INFO  server.AuthenticationFilter (AuthenticationFilter.java:constructSecretProvider(240)) - Unable to initialize FileSignerSecretProvider, falling back to use random secrets.
2022-08-26 07:48:18,307 [Listener at 127.0.0.1/46611] WARN  http.HttpRequestLog (HttpRequestLog.java:getRequestLog(103)) - Jetty request log can only be enabled using Log4j
2022-08-26 07:48:18,309 [Listener at 127.0.0.1/46611] INFO  http.HttpServer2 (HttpServer2.java:addGlobalFilter(1029)) - Added global filter 'safety' (class=org.apache.hadoop.hdds.server.http.HttpServer2$QuotingInputFilter)
2022-08-26 07:48:18,310 [Listener at 127.0.0.1/46611] INFO  http.HttpServer2 (HttpServer2.java:addFilter(1005)) - Added filter static_user_filter (class=org.apache.hadoop.http.lib.StaticUserWebFilter$StaticUserFilter) to context hddsDatanode
2022-08-26 07:48:18,310 [Listener at 127.0.0.1/46611] INFO  http.HttpServer2 (HttpServer2.java:addFilter(1013)) - Added filter static_user_filter (class=org.apache.hadoop.http.lib.StaticUserWebFilter$StaticUserFilter) to context static
2022-08-26 07:48:18,310 [Listener at 127.0.0.1/46611] INFO  http.HttpServer2 (HttpServer2.java:addFilter(1013)) - Added filter static_user_filter (class=org.apache.hadoop.http.lib.StaticUserWebFilter$StaticUserFilter) to context logs
2022-08-26 07:48:18,311 [Listener at 127.0.0.1/46611] INFO  http.HttpServer2 (HttpServer2.java:bindListener(1248)) - Jetty bound to port 34281
2022-08-26 07:48:18,311 [Listener at 127.0.0.1/46611] INFO  server.Server (Server.java:doStart(375)) - jetty-9.4.43.v20210629; built: 2021-06-30T11:07:22.254Z; git: 526006ecfa3af7f1a27ef3a288e2bef7ea9dd7e8; jvm 1.8.0_345-b01
2022-08-26 07:48:18,318 [Listener at 127.0.0.1/46611] INFO  server.session (DefaultSessionIdManager.java:doStart(334)) - DefaultSessionIdManager workerName=node0
2022-08-26 07:48:18,318 [Listener at 127.0.0.1/46611] INFO  server.session (DefaultSessionIdManager.java:doStart(339)) - No SessionScavenger set, using defaults
2022-08-26 07:48:18,318 [Listener at 127.0.0.1/46611] INFO  server.session (HouseKeeper.java:startScavenging(132)) - node0 Scavenging every 660000ms
2022-08-26 07:48:18,320 [Listener at 127.0.0.1/46611] INFO  handler.ContextHandler (ContextHandler.java:doStart(915)) - Started o.e.j.s.ServletContextHandler@623bafd7{logs,/logs,file:///home/runner/work/ozone/ozone/hadoop-ozone/integration-test/target/log,AVAILABLE}
2022-08-26 07:48:18,321 [Listener at 127.0.0.1/46611] INFO  handler.ContextHandler (ContextHandler.java:doStart(915)) - Started o.e.j.s.ServletContextHandler@4097b527{static,/static,jar:file:/home/runner/.m2/repository/org/apache/ozone/hdds-container-service/1.3.0-SNAPSHOT/hdds-container-service-1.3.0-SNAPSHOT.jar!/webapps/static,AVAILABLE}
2022-08-26 07:48:18,347 [Datanode State Machine Task Thread - 0] INFO  datanode.InitDatanodeState (InitDatanodeState.java:persistContainerDatanodeDetails(138)) - DatanodeDetails is persisted to /home/runner/work/ozone/ozone/hadoop-ozone/integration-test/target/test-dir/MiniOzoneClusterImpl-fd94d619-731c-4cf3-b4d0-a84e41dfe71c/datanode-0/meta/datanode.id
2022-08-26 07:48:18,361 [om1@group-C5BA1605619E-FollowerState] INFO  impl.FollowerState (FollowerState.java:run(143)) - om1@group-C5BA1605619E-FollowerState: change to CANDIDATE, lastRpcElapsedTime:1094798877ns, electionTimeout:1089ms
2022-08-26 07:48:18,362 [om1@group-C5BA1605619E-FollowerState] INFO  impl.RoleInfo (RoleInfo.java:shutdownFollowerState(110)) - om1: shutdown om1@group-C5BA1605619E-FollowerState
2022-08-26 07:48:18,363 [om1@group-C5BA1605619E-FollowerState] INFO  server.RaftServer$Division (RaftServerImpl.java:setRole(299)) - om1@group-C5BA1605619E: changes role from  FOLLOWER to CANDIDATE at term 0 for changeToCandidate
2022-08-26 07:48:18,366 [om1@group-C5BA1605619E-FollowerState] INFO  server.RaftServerConfigKeys (ConfUtils.java:logGet(46)) - raft.server.leaderelection.pre-vote = false (custom)
2022-08-26 07:48:18,366 [om1@group-C5BA1605619E-FollowerState] INFO  impl.RoleInfo (RoleInfo.java:updateAndGet(139)) - om1: start om1@group-C5BA1605619E-LeaderElection1
2022-08-26 07:48:18,382 [om1@group-C5BA1605619E-LeaderElection1] INFO  impl.LeaderElection (LeaderElection.java:askForVotes(310)) - om1@group-C5BA1605619E-LeaderElection1 ELECTION round 0: submit vote requests at term 1 for -1: [om1|rpc:localhost:9872|priority:0], old=null
2022-08-26 07:48:18,386 [om1@group-C5BA1605619E-LeaderElection1] INFO  impl.LeaderElection (LeaderElection.java:askForVotes(312)) - om1@group-C5BA1605619E-LeaderElection1 ELECTION round 0: result PASSED (term=1)
2022-08-26 07:48:18,388 [om1@group-C5BA1605619E-LeaderElection1] INFO  impl.RoleInfo (RoleInfo.java:shutdownLeaderElection(130)) - om1: shutdown om1@group-C5BA1605619E-LeaderElection1
2022-08-26 07:48:18,388 [om1@group-C5BA1605619E-LeaderElection1] INFO  server.RaftServer$Division (RaftServerImpl.java:setRole(299)) - om1@group-C5BA1605619E: changes role from CANDIDATE to LEADER at term 1 for changeToLeader
2022-08-26 07:48:18,389 [om1@group-C5BA1605619E-LeaderElection1] INFO  server.RaftServer$Division (ServerState.java:setLeader(287)) - om1@group-C5BA1605619E: change Leader from null to om1 at term 1 for becomeLeader, leader elected after 2083ms
2022-08-26 07:48:18,396 [om1@group-C5BA1605619E-LeaderElection1] INFO  server.RaftServerConfigKeys (ConfUtils.java:logGet(46)) - raft.server.staging.catchup.gap = 1000 (default)
2022-08-26 07:48:18,406 [om1@group-C5BA1605619E-LeaderElection1] INFO  server.RaftServerConfigKeys (ConfUtils.java:logGet(46)) - raft.server.write.element-limit = 4096 (default)
2022-08-26 07:48:18,408 [om1@group-C5BA1605619E-LeaderElection1] INFO  server.RaftServerConfigKeys (ConfUtils.java:logGet(46)) - raft.server.write.byte-limit = 64MB (=67108864) (default)
2022-08-26 07:48:18,413 [om1@group-C5BA1605619E-LeaderElection1] INFO  server.RaftServerConfigKeys (ConfUtils.java:logGet(46)) - raft.server.watch.timeout = 10s (default)
2022-08-26 07:48:18,413 [om1@group-C5BA1605619E-LeaderElection1] INFO  server.RaftServerConfigKeys (ConfUtils.java:logGet(46)) - raft.server.watch.timeout.denomination = 1s (default)
2022-08-26 07:48:18,413 [om1@group-C5BA1605619E-LeaderElection1] INFO  server.RaftServerConfigKeys (ConfUtils.java:logGet(46)) - raft.server.watch.element-limit = 65536 (default)
2022-08-26 07:48:18,419 [om1@group-C5BA1605619E-LeaderElection1] INFO  server.RaftServerConfigKeys (ConfUtils.java:logGet(46)) - raft.server.write.element-limit = 4096 (default)
2022-08-26 07:48:18,422 [om1@group-C5BA1605619E-LeaderElection1] INFO  server.RaftServerConfigKeys (ConfUtils.java:logGet(46)) - raft.server.write.follower.gap.ratio.max = -1.0 (default)
2022-08-26 07:48:18,426 [om1@group-C5BA1605619E-LeaderElection1] INFO  impl.RoleInfo (RoleInfo.java:updateAndGet(139)) - om1: start om1@group-C5BA1605619E-LeaderStateImpl
2022-08-26 07:48:18,458 [om1@group-C5BA1605619E-LeaderElection1] INFO  segmented.SegmentedRaftLogWorker (SegmentedRaftLogWorker.java:startLogSegment(425)) - om1@group-C5BA1605619E-SegmentedRaftLogWorker: Starting segment from index:0
2022-08-26 07:48:18,496 [om1@group-C5BA1605619E-LeaderElection1] INFO  server.RaftServer$Division (ServerState.java:setRaftConf(393)) - om1@group-C5BA1605619E: set configuration 0: [om1|rpc:localhost:9872|admin:|client:|dataStream:|priority:0], old=null
2022-08-26 07:48:18,573 [Listener at 127.0.0.1/46611] INFO  handler.ContextHandler (ContextHandler.java:doStart(915)) - Started o.e.j.w.WebAppContext@6537b264{hddsDatanode,/,file:///tmp/jetty-0_0_0_0-34281-hdds-container-service-1_3_0-SNAPSHOT_jar-_-any-4726016556077298285/webapp/,AVAILABLE}{jar:file:/home/runner/.m2/repository/org/apache/ozone/hdds-container-service/1.3.0-SNAPSHOT/hdds-container-service-1.3.0-SNAPSHOT.jar!/webapps/hddsDatanode}
2022-08-26 07:48:18,575 [Listener at 127.0.0.1/46611] INFO  server.AbstractConnector (AbstractConnector.java:doStart(331)) - Started ServerConnector@63049f07{HTTP/1.1, (http/1.1)}{0.0.0.0:34281}
2022-08-26 07:48:18,575 [Listener at 127.0.0.1/46611] INFO  server.Server (Server.java:doStart(415)) - Started @8713ms
2022-08-26 07:48:18,575 [Listener at 127.0.0.1/46611] WARN  impl.MetricsSystemImpl (MetricsSystemImpl.java:register(279)) - Sink prometheus already exists!
2022-08-26 07:48:18,576 [Listener at 127.0.0.1/46611] INFO  http.BaseHttpServer (BaseHttpServer.java:updateConnectorAddress(333)) - HTTP server of hddsDatanode listening at http://0.0.0.0:34281
2022-08-26 07:48:18,576 [om1@group-C5BA1605619E-SegmentedRaftLogWorker] INFO  segmented.SegmentedRaftLogWorker (SegmentedRaftLogWorker.java:execute(629)) - om1@group-C5BA1605619E-SegmentedRaftLogWorker: created new log segment /home/runner/work/ozone/ozone/hadoop-ozone/integration-test/target/test-dir/MiniOzoneClusterImpl-fd94d619-731c-4cf3-b4d0-a84e41dfe71c/ozone-meta/ratis/bf265839-605b-3f16-9796-c5ba1605619e/current/log_inprogress_0
2022-08-26 07:48:18,580 [Listener at 127.0.0.1/46611] WARN  impl.MetricRegistriesImpl (MetricRegistriesImpl.java:addReporterRegistration(111)) - New reporters are added after registries were created. Some metrics will be missing from the reporter. Please add reporter before adding any new registry.
2022-08-26 07:48:18,580 [Listener at 127.0.0.1/46611] WARN  impl.MetricRegistriesImpl (MetricRegistriesImpl.java:addReporterRegistration(111)) - New reporters are added after registries were created. Some metrics will be missing from the reporter. Please add reporter before adding any new registry.
2022-08-26 07:48:18,580 [Listener at 127.0.0.1/46611] INFO  impl.MetricsSystemImpl (MetricsSystemImpl.java:init(158)) - HddsDatanode metrics system started (again)
2022-08-26 07:48:18,581 [Datanode State Machine Daemon Thread] INFO  statemachine.DatanodeStateMachine (DatanodeStateMachine.java:lambda$startDaemon$0(492)) - Ozone container server started.
2022-08-26 07:48:18,593 [Listener at 127.0.0.1/46611] INFO  ozone.HddsDatanodeService (HddsDatanodeService.java:start(236)) - HddsDatanodeService host:fv-az127-536.h3uyzbqov44edfyrgkjongjtha.bx.internal.cloudapp.net ip:10.1.0.212
2022-08-26 07:48:18,601 [org.apache.hadoop.util.JvmPauseMonitor$Monitor@1707233e] INFO  util.JvmPauseMonitor (JvmPauseMonitor.java:run(188)) - Starting JVM pause monitor
2022-08-26 07:48:18,638 [Listener at 127.0.0.1/46611] INFO  upgrade.AbstractLayoutVersionManager (AbstractLayoutVersionManager.java:init(83)) - Initializing Layout version manager with metadata layout = DATANODE_SCHEMA_V3 (version = 4), software layout = DATANODE_SCHEMA_V3 (version = 4)
2022-08-26 07:48:18,637 [Datanode State Machine Task Thread - 0] INFO  datanode.InitDatanodeState (InitDatanodeState.java:persistContainerDatanodeDetails(138)) - DatanodeDetails is persisted to /home/runner/work/ozone/ozone/hadoop-ozone/integration-test/target/test-dir/MiniOzoneClusterImpl-fd94d619-731c-4cf3-b4d0-a84e41dfe71c/datanode-1/meta/datanode.id
2022-08-26 07:48:18,717 [om1@group-C5BA1605619E-StateMachineUpdater] INFO  ratis.OzoneManagerStateMachine (OzoneManagerStateMachine.java:notifyConfigurationChanged(192)) - Received Configuration change notification from Ratis. New Peer list:
[id: "om1"
address: "localhost:9872"
]
2022-08-26 07:48:18,729 [Listener at 127.0.0.1/46611] INFO  reflections.Reflections (Reflections.java:scan(232)) - Reflections took 89 ms to scan 7 urls, producing 133 keys and 322 values 
2022-08-26 07:48:18,733 [Listener at 127.0.0.1/46611] INFO  statemachine.DatanodeStateMachine (DatanodeStateMachine.java:getEndPointTaskThreadPoolSize(237)) - Datanode State Machine Task Thread Pool size 2
2022-08-26 07:48:18,735 [Listener at 127.0.0.1/46611] INFO  volume.HddsVolume (HddsVolume.java:<init>(117)) - Creating HddsVolume: /home/runner/work/ozone/ozone/hadoop-ozone/integration-test/target/test-dir/MiniOzoneClusterImpl-fd94d619-731c-4cf3-b4d0-a84e41dfe71c/datanode-2/data-0/containers/hdds of storage type : DISK capacity : 9223372036854775807
2022-08-26 07:48:18,735 [Listener at 127.0.0.1/46611] INFO  volume.MutableVolumeSet (MutableVolumeSet.java:initializeVolumeSet(174)) - Added Volume : /home/runner/work/ozone/ozone/hadoop-ozone/integration-test/target/test-dir/MiniOzoneClusterImpl-fd94d619-731c-4cf3-b4d0-a84e41dfe71c/datanode-2/data-0/containers/hdds to VolumeSet
2022-08-26 07:48:18,735 [Listener at 127.0.0.1/46611] INFO  volume.ThrottledAsyncChecker (ThrottledAsyncChecker.java:schedule(141)) - Scheduling a check for /home/runner/work/ozone/ozone/hadoop-ozone/integration-test/target/test-dir/MiniOzoneClusterImpl-fd94d619-731c-4cf3-b4d0-a84e41dfe71c/datanode-2/data-0/containers/hdds
2022-08-26 07:48:18,738 [Listener at 127.0.0.1/46611] INFO  volume.StorageVolumeChecker (StorageVolumeChecker.java:checkAllVolumes(202)) - Scheduled health check for volume /home/runner/work/ozone/ozone/hadoop-ozone/integration-test/target/test-dir/MiniOzoneClusterImpl-fd94d619-731c-4cf3-b4d0-a84e41dfe71c/datanode-2/data-0/containers/hdds
2022-08-26 07:48:18,754 [Listener at 127.0.0.1/46611] INFO  volume.MutableVolumeSet (MutableVolumeSet.java:initializeVolumeSet(174)) - Added Volume : /home/runner/work/ozone/ozone/hadoop-ozone/integration-test/target/test-dir/MiniOzoneClusterImpl-fd94d619-731c-4cf3-b4d0-a84e41dfe71c/datanode-2/data/ratis to VolumeSet
2022-08-26 07:48:18,754 [Listener at 127.0.0.1/46611] INFO  volume.ThrottledAsyncChecker (ThrottledAsyncChecker.java:schedule(141)) - Scheduling a check for /home/runner/work/ozone/ozone/hadoop-ozone/integration-test/target/test-dir/MiniOzoneClusterImpl-fd94d619-731c-4cf3-b4d0-a84e41dfe71c/datanode-2/data/ratis
2022-08-26 07:48:18,755 [Listener at 127.0.0.1/46611] INFO  volume.StorageVolumeChecker (StorageVolumeChecker.java:checkAllVolumes(202)) - Scheduled health check for volume /home/runner/work/ozone/ozone/hadoop-ozone/integration-test/target/test-dir/MiniOzoneClusterImpl-fd94d619-731c-4cf3-b4d0-a84e41dfe71c/datanode-2/data/ratis
2022-08-26 07:48:18,768 [Thread-164] INFO  ozoneimpl.ContainerReader (ContainerReader.java:readVolume(175)) - Finish verifying containers on volume /home/runner/work/ozone/ozone/hadoop-ozone/integration-test/target/test-dir/MiniOzoneClusterImpl-fd94d619-731c-4cf3-b4d0-a84e41dfe71c/datanode-2/data-0/containers/hdds
2022-08-26 07:48:18,768 [Listener at 127.0.0.1/46611] INFO  ozoneimpl.OzoneContainer (OzoneContainer.java:buildContainerSet(299)) - Build ContainerSet costs 0s
2022-08-26 07:48:18,771 [Listener at 127.0.0.1/46611] INFO  server.RaftServer (ConfUtils.java:logGet(46)) - raft.rpc.type = GRPC (default)
2022-08-26 07:48:18,772 [Listener at 127.0.0.1/46611] INFO  grpc.GrpcFactory (GrpcFactory.java:checkPooledByteBufAllocatorUseCacheForAllThreads(48)) - PERFORMANCE WARNING: useCacheForAllThreads is true that may cause Netty to create a lot garbage objects and, as a result, trigger GC.
	It is recommended to disable useCacheForAllThreads by setting -Dorg.apache.ratis.thirdparty.io.netty.allocator.useCacheForAllThreads=false in command line.
2022-08-26 07:48:18,772 [Listener at 127.0.0.1/46611] INFO  grpc.GrpcConfigKeys (ConfUtils.java:logGet(46)) - raft.grpc.admin.port = 0 (custom)
2022-08-26 07:48:18,772 [Listener at 127.0.0.1/46611] INFO  grpc.GrpcConfigKeys (ConfUtils.java:logGet(46)) - raft.grpc.client.port = 0 (custom)
2022-08-26 07:48:18,772 [Listener at 127.0.0.1/46611] INFO  grpc.GrpcConfigKeys (ConfUtils.java:logGet(46)) - raft.grpc.server.port = 0 (default)
2022-08-26 07:48:18,772 [Listener at 127.0.0.1/46611] INFO  server.GrpcService (ConfUtils.java:logGet(46)) - raft.grpc.message.size.max = 32MB (=33554432) (custom)
2022-08-26 07:48:18,772 [Listener at 127.0.0.1/46611] INFO  server.RaftServerConfigKeys (ConfUtils.java:logGet(46)) - raft.server.log.appender.buffer.byte-limit = 33554432 (custom)
2022-08-26 07:48:18,772 [Listener at 127.0.0.1/46611] INFO  server.GrpcService (ConfUtils.java:logGet(46)) - raft.grpc.flow.control.window = 5MB (=5242880) (custom)
2022-08-26 07:48:18,773 [Listener at 127.0.0.1/46611] INFO  server.RaftServerConfigKeys (ConfUtils.java:logGet(46)) - raft.server.rpc.request.timeout = 60s (custom)
2022-08-26 07:48:18,773 [Listener at 127.0.0.1/46611] INFO  grpc.GrpcConfigKeys (ConfUtils.java:logGet(46)) - raft.grpc.server.async.request.thread.pool.cached = true (default)
2022-08-26 07:48:18,773 [Listener at 127.0.0.1/46611] INFO  grpc.GrpcConfigKeys (ConfUtils.java:logGet(46)) - raft.grpc.server.async.request.thread.pool.size = 32 (default)
2022-08-26 07:48:18,776 [Listener at 127.0.0.1/46611] INFO  impl.DataStreamServerImpl (ConfUtils.java:logGet(46)) - raft.datastream.type = DISABLED (default)
2022-08-26 07:48:18,776 [Listener at 127.0.0.1/46611] INFO  server.RaftServerConfigKeys (ConfUtils.java:logGet(46)) - raft.server.threadpool.proxy.cached = true (default)
2022-08-26 07:48:18,776 [Listener at 127.0.0.1/46611] INFO  server.RaftServerConfigKeys (ConfUtils.java:logGet(46)) - raft.server.threadpool.proxy.size = 0 (default)
2022-08-26 07:48:18,777 [Listener at 127.0.0.1/46611] INFO  server.RaftServerConfigKeys (ConfUtils.java:logGet(46)) - raft.server.rpc.slowness.timeout = 300s (custom)
2022-08-26 07:48:18,777 [Listener at 127.0.0.1/46611] INFO  server.RaftServerConfigKeys (ConfUtils.java:logGet(46)) - raft.server.leaderelection.leader.step-down.wait-time = 10s (default)
2022-08-26 07:48:18,778 [Listener at 127.0.0.1/46611] INFO  server.RaftServerConfigKeys (ConfUtils.java:logGet(46)) - raft.server.storage.dir = [/home/runner/work/ozone/ozone/hadoop-ozone/integration-test/target/test-dir/MiniOzoneClusterImpl-fd94d619-731c-4cf3-b4d0-a84e41dfe71c/datanode-2/data/ratis] (custom)
2022-08-26 07:48:18,779 [Listener at 127.0.0.1/46611] INFO  server.XceiverServerGrpc (XceiverServerGrpc.java:<init>(132)) - GrpcServer channel type EpollServerSocketChannel
2022-08-26 07:48:18,786 [Listener at 127.0.0.1/46611] INFO  http.BaseHttpServer (BaseHttpServer.java:newHttpServer2BuilderForOzone(213)) - Starting Web-server for hddsDatanode at: http://0.0.0.0:0
2022-08-26 07:48:18,787 [Listener at 127.0.0.1/46611] INFO  http.BaseHttpServer (BaseHttpServer.java:<init>(108)) - Hadoop Security Enabled: false Ozone Security Enabled: false Ozone HTTP Security Enabled: false 
2022-08-26 07:48:18,788 [Listener at 127.0.0.1/46611] INFO  server.AuthenticationFilter (AuthenticationFilter.java:constructSecretProvider(240)) - Unable to initialize FileSignerSecretProvider, falling back to use random secrets.
2022-08-26 07:48:18,789 [Listener at 127.0.0.1/46611] WARN  http.HttpRequestLog (HttpRequestLog.java:getRequestLog(103)) - Jetty request log can only be enabled using Log4j
2022-08-26 07:48:18,790 [Listener at 127.0.0.1/46611] INFO  http.HttpServer2 (HttpServer2.java:addGlobalFilter(1029)) - Added global filter 'safety' (class=org.apache.hadoop.hdds.server.http.HttpServer2$QuotingInputFilter)
2022-08-26 07:48:18,792 [Listener at 127.0.0.1/46611] INFO  http.HttpServer2 (HttpServer2.java:addFilter(1005)) - Added filter static_user_filter (class=org.apache.hadoop.http.lib.StaticUserWebFilter$StaticUserFilter) to context hddsDatanode
2022-08-26 07:48:18,792 [Listener at 127.0.0.1/46611] INFO  http.HttpServer2 (HttpServer2.java:addFilter(1013)) - Added filter static_user_filter (class=org.apache.hadoop.http.lib.StaticUserWebFilter$StaticUserFilter) to context logs
2022-08-26 07:48:18,793 [Listener at 127.0.0.1/46611] INFO  http.HttpServer2 (HttpServer2.java:addFilter(1013)) - Added filter static_user_filter (class=org.apache.hadoop.http.lib.StaticUserWebFilter$StaticUserFilter) to context static
2022-08-26 07:48:18,793 [Listener at 127.0.0.1/46611] INFO  http.HttpServer2 (HttpServer2.java:bindListener(1248)) - Jetty bound to port 37097
2022-08-26 07:48:18,793 [Listener at 127.0.0.1/46611] INFO  server.Server (Server.java:doStart(375)) - jetty-9.4.43.v20210629; built: 2021-06-30T11:07:22.254Z; git: 526006ecfa3af7f1a27ef3a288e2bef7ea9dd7e8; jvm 1.8.0_345-b01
2022-08-26 07:48:18,795 [Listener at 127.0.0.1/46611] INFO  server.session (DefaultSessionIdManager.java:doStart(334)) - DefaultSessionIdManager workerName=node0
2022-08-26 07:48:18,796 [Listener at 127.0.0.1/46611] INFO  server.session (DefaultSessionIdManager.java:doStart(339)) - No SessionScavenger set, using defaults
2022-08-26 07:48:18,796 [Listener at 127.0.0.1/46611] INFO  server.session (HouseKeeper.java:startScavenging(132)) - node0 Scavenging every 660000ms
2022-08-26 07:48:18,797 [Listener at 127.0.0.1/46611] INFO  handler.ContextHandler (ContextHandler.java:doStart(915)) - Started o.e.j.s.ServletContextHandler@23e585e4{logs,/logs,file:///home/runner/work/ozone/ozone/hadoop-ozone/integration-test/target/log,AVAILABLE}
2022-08-26 07:48:18,797 [Listener at 127.0.0.1/46611] INFO  handler.ContextHandler (ContextHandler.java:doStart(915)) - Started o.e.j.s.ServletContextHandler@525b5f28{static,/static,jar:file:/home/runner/.m2/repository/org/apache/ozone/hdds-container-service/1.3.0-SNAPSHOT/hdds-container-service-1.3.0-SNAPSHOT.jar!/webapps/static,AVAILABLE}
2022-08-26 07:48:18,960 [Listener at 127.0.0.1/46611] INFO  handler.ContextHandler (ContextHandler.java:doStart(915)) - Started o.e.j.w.WebAppContext@1461d54f{hddsDatanode,/,file:///tmp/jetty-0_0_0_0-37097-hdds-container-service-1_3_0-SNAPSHOT_jar-_-any-5785562043951326760/webapp/,AVAILABLE}{jar:file:/home/runner/.m2/repository/org/apache/ozone/hdds-container-service/1.3.0-SNAPSHOT/hdds-container-service-1.3.0-SNAPSHOT.jar!/webapps/hddsDatanode}
2022-08-26 07:48:18,962 [Listener at 127.0.0.1/46611] INFO  server.AbstractConnector (AbstractConnector.java:doStart(331)) - Started ServerConnector@15d5761d{HTTP/1.1, (http/1.1)}{0.0.0.0:37097}
2022-08-26 07:48:18,962 [Listener at 127.0.0.1/46611] INFO  server.Server (Server.java:doStart(415)) - Started @9100ms
2022-08-26 07:48:18,962 [Listener at 127.0.0.1/46611] WARN  impl.MetricsSystemImpl (MetricsSystemImpl.java:register(279)) - Sink prometheus already exists!
2022-08-26 07:48:18,963 [Listener at 127.0.0.1/46611] INFO  http.BaseHttpServer (BaseHttpServer.java:updateConnectorAddress(333)) - HTTP server of hddsDatanode listening at http://0.0.0.0:37097
2022-08-26 07:48:18,965 [Datanode State Machine Daemon Thread] INFO  statemachine.DatanodeStateMachine (DatanodeStateMachine.java:lambda$startDaemon$0(492)) - Ozone container server started.
2022-08-26 07:48:18,967 [Listener at 127.0.0.1/46611] INFO  ozone.MiniOzoneClusterImpl (MiniOzoneClusterImpl.java:lambda$waitForClusterToBeReady$0(216)) - Waiting for nodes to be ready. Got 0 of 3 DN Heartbeats.
2022-08-26 07:48:18,967 [Listener at 127.0.0.1/46611] INFO  ozone.MiniOzoneClusterImpl (MiniOzoneClusterImpl.java:lambda$waitForClusterToBeReady$0(219)) - Waiting for cluster to exit safe mode
2022-08-26 07:48:18,967 [Listener at 127.0.0.1/46611] INFO  ozone.MiniOzoneClusterImpl (MiniOzoneClusterImpl.java:lambda$waitForClusterToBeReady$0(221)) - SCM became leader
2022-08-26 07:48:18,982 [org.apache.hadoop.util.JvmPauseMonitor$Monitor@5126ee2f] INFO  util.JvmPauseMonitor (JvmPauseMonitor.java:run(188)) - Starting JVM pause monitor
2022-08-26 07:48:18,988 [Datanode State Machine Task Thread - 0] INFO  datanode.InitDatanodeState (InitDatanodeState.java:persistContainerDatanodeDetails(138)) - DatanodeDetails is persisted to /home/runner/work/ozone/ozone/hadoop-ozone/integration-test/target/test-dir/MiniOzoneClusterImpl-fd94d619-731c-4cf3-b4d0-a84e41dfe71c/datanode-2/meta/datanode.id
2022-08-26 07:48:19,968 [Listener at 127.0.0.1/46611] INFO  ozone.MiniOzoneClusterImpl (MiniOzoneClusterImpl.java:lambda$waitForClusterToBeReady$0(216)) - Waiting for nodes to be ready. Got 0 of 3 DN Heartbeats.
2022-08-26 07:48:19,968 [Listener at 127.0.0.1/46611] INFO  ozone.MiniOzoneClusterImpl (MiniOzoneClusterImpl.java:lambda$waitForClusterToBeReady$0(219)) - Waiting for cluster to exit safe mode
2022-08-26 07:48:19,968 [Listener at 127.0.0.1/46611] INFO  ozone.MiniOzoneClusterImpl (MiniOzoneClusterImpl.java:lambda$waitForClusterToBeReady$0(221)) - SCM became leader
2022-08-26 07:48:20,247 [EndpointStateMachine task thread for /0.0.0.0:44943 - 0 ] INFO  volume.HddsVolume (HddsVolume.java:createDbStore(310)) - SchemaV3 db is created and loaded at /home/runner/work/ozone/ozone/hadoop-ozone/integration-test/target/test-dir/MiniOzoneClusterImpl-fd94d619-731c-4cf3-b4d0-a84e41dfe71c/datanode-0/data-0/containers/hdds/fd94d619-731c-4cf3-b4d0-a84e41dfe71c/DS-dd4e244e-56eb-4c8d-ac86-31865b92d502/container.db for volume DS-dd4e244e-56eb-4c8d-ac86-31865b92d502
2022-08-26 07:48:20,250 [EndpointStateMachine task thread for /0.0.0.0:44943 - 0 ] INFO  volume.HddsVolume (HddsVolume.java:closeDbStore(341)) - SchemaV3 db is stopped at /home/runner/work/ozone/ozone/hadoop-ozone/integration-test/target/test-dir/MiniOzoneClusterImpl-fd94d619-731c-4cf3-b4d0-a84e41dfe71c/datanode-0/data-0/containers/hdds/fd94d619-731c-4cf3-b4d0-a84e41dfe71c/DS-dd4e244e-56eb-4c8d-ac86-31865b92d502/container.db for volume DS-dd4e244e-56eb-4c8d-ac86-31865b92d502
2022-08-26 07:48:20,250 [EndpointStateMachine task thread for /0.0.0.0:44943 - 0 ] INFO  ozoneimpl.OzoneContainer (OzoneContainer.java:start(377)) - Attempting to start container services.
2022-08-26 07:48:20,253 [EndpointStateMachine task thread for /0.0.0.0:44943 - 0 ] INFO  ozoneimpl.OzoneContainer (OzoneContainer.java:startContainerScrub(312)) - Background container scanner has been disabled.
2022-08-26 07:48:20,255 [EndpointStateMachine task thread for /0.0.0.0:44943 - 0 ] INFO  replication.ReplicationServer (ReplicationServer.java:start(111)) - ReplicationServer is started using port 42621
2022-08-26 07:48:20,257 [EndpointStateMachine task thread for /0.0.0.0:44943 - 0 ] INFO  ratis.XceiverServerRatis (XceiverServerRatis.java:start(481)) - Starting XceiverServerRatis e44a8a7a-b0a6-43bb-907a-11061d966fe2
2022-08-26 07:48:20,264 [EndpointStateMachine task thread for /0.0.0.0:44943 - 0 ] INFO  server.RaftServer (RaftServerProxy.java:lambda$start$6(382)) - e44a8a7a-b0a6-43bb-907a-11061d966fe2: start RPC server
2022-08-26 07:48:20,269 [EndpointStateMachine task thread for /0.0.0.0:44943 - 0 ] INFO  server.GrpcService (GrpcService.java:startImpl(260)) - e44a8a7a-b0a6-43bb-907a-11061d966fe2: GrpcService started, listening on 39427
2022-08-26 07:48:20,274 [EndpointStateMachine task thread for /0.0.0.0:44943 - 0 ] INFO  ratis.XceiverServerRatis (XceiverServerRatis.java:getRealPort(502)) - XceiverServerRatis e44a8a7a-b0a6-43bb-907a-11061d966fe2 is started using port 39427 for RATIS
2022-08-26 07:48:20,274 [EndpointStateMachine task thread for /0.0.0.0:44943 - 0 ] INFO  ratis.XceiverServerRatis (XceiverServerRatis.java:getRealPort(502)) - XceiverServerRatis e44a8a7a-b0a6-43bb-907a-11061d966fe2 is started using port 39427 for RATIS_ADMIN
2022-08-26 07:48:20,274 [EndpointStateMachine task thread for /0.0.0.0:44943 - 0 ] INFO  ratis.XceiverServerRatis (XceiverServerRatis.java:getRealPort(502)) - XceiverServerRatis e44a8a7a-b0a6-43bb-907a-11061d966fe2 is started using port 39427 for RATIS_SERVER
2022-08-26 07:48:20,275 [org.apache.ratis.util.JvmPauseMonitor$$Lambda$620/449322465@170c63f8] INFO  util.JvmPauseMonitor (JvmPauseMonitor.java:run(103)) - JvmPauseMonitor-e44a8a7a-b0a6-43bb-907a-11061d966fe2: Started
2022-08-26 07:48:20,281 [EndpointStateMachine task thread for /0.0.0.0:44943 - 0 ] INFO  server.XceiverServerGrpc (XceiverServerGrpc.java:start(180)) - XceiverServerGrpc e44a8a7a-b0a6-43bb-907a-11061d966fe2 is started using port 45675
2022-08-26 07:48:20,634 [EndpointStateMachine task thread for /0.0.0.0:44943 - 0 ] INFO  volume.HddsVolume (HddsVolume.java:createDbStore(310)) - SchemaV3 db is created and loaded at /home/runner/work/ozone/ozone/hadoop-ozone/integration-test/target/test-dir/MiniOzoneClusterImpl-fd94d619-731c-4cf3-b4d0-a84e41dfe71c/datanode-1/data-0/containers/hdds/fd94d619-731c-4cf3-b4d0-a84e41dfe71c/DS-be791654-0df5-46f9-bfdd-cae23fbfd800/container.db for volume DS-be791654-0df5-46f9-bfdd-cae23fbfd800
2022-08-26 07:48:20,635 [EndpointStateMachine task thread for /0.0.0.0:44943 - 0 ] INFO  volume.HddsVolume (HddsVolume.java:closeDbStore(341)) - SchemaV3 db is stopped at /home/runner/work/ozone/ozone/hadoop-ozone/integration-test/target/test-dir/MiniOzoneClusterImpl-fd94d619-731c-4cf3-b4d0-a84e41dfe71c/datanode-1/data-0/containers/hdds/fd94d619-731c-4cf3-b4d0-a84e41dfe71c/DS-be791654-0df5-46f9-bfdd-cae23fbfd800/container.db for volume DS-be791654-0df5-46f9-bfdd-cae23fbfd800
2022-08-26 07:48:20,635 [EndpointStateMachine task thread for /0.0.0.0:44943 - 0 ] INFO  ozoneimpl.OzoneContainer (OzoneContainer.java:start(377)) - Attempting to start container services.
2022-08-26 07:48:20,635 [EndpointStateMachine task thread for /0.0.0.0:44943 - 0 ] INFO  ozoneimpl.OzoneContainer (OzoneContainer.java:startContainerScrub(312)) - Background container scanner has been disabled.
2022-08-26 07:48:20,637 [EndpointStateMachine task thread for /0.0.0.0:44943 - 0 ] INFO  replication.ReplicationServer (ReplicationServer.java:start(111)) - ReplicationServer is started using port 33517
2022-08-26 07:48:20,637 [EndpointStateMachine task thread for /0.0.0.0:44943 - 0 ] INFO  ratis.XceiverServerRatis (XceiverServerRatis.java:start(481)) - Starting XceiverServerRatis dd225e1e-7251-4789-a378-e78f7891434a
2022-08-26 07:48:20,638 [EndpointStateMachine task thread for /0.0.0.0:44943 - 0 ] INFO  server.RaftServer (RaftServerProxy.java:lambda$start$6(382)) - dd225e1e-7251-4789-a378-e78f7891434a: start RPC server
2022-08-26 07:48:20,640 [EndpointStateMachine task thread for /0.0.0.0:44943 - 0 ] INFO  server.GrpcService (GrpcService.java:startImpl(260)) - dd225e1e-7251-4789-a378-e78f7891434a: GrpcService started, listening on 40987
2022-08-26 07:48:20,640 [EndpointStateMachine task thread for /0.0.0.0:44943 - 0 ] INFO  ratis.XceiverServerRatis (XceiverServerRatis.java:getRealPort(502)) - XceiverServerRatis dd225e1e-7251-4789-a378-e78f7891434a is started using port 40987 for RATIS
2022-08-26 07:48:20,640 [org.apache.ratis.util.JvmPauseMonitor$$Lambda$620/449322465@4da4f4d1] INFO  util.JvmPauseMonitor (JvmPauseMonitor.java:run(103)) - JvmPauseMonitor-dd225e1e-7251-4789-a378-e78f7891434a: Started
2022-08-26 07:48:20,640 [EndpointStateMachine task thread for /0.0.0.0:44943 - 0 ] INFO  ratis.XceiverServerRatis (XceiverServerRatis.java:getRealPort(502)) - XceiverServerRatis dd225e1e-7251-4789-a378-e78f7891434a is started using port 40987 for RATIS_ADMIN
2022-08-26 07:48:20,641 [EndpointStateMachine task thread for /0.0.0.0:44943 - 0 ] INFO  ratis.XceiverServerRatis (XceiverServerRatis.java:getRealPort(502)) - XceiverServerRatis dd225e1e-7251-4789-a378-e78f7891434a is started using port 40987 for RATIS_SERVER
2022-08-26 07:48:20,642 [EndpointStateMachine task thread for /0.0.0.0:44943 - 0 ] INFO  server.XceiverServerGrpc (XceiverServerGrpc.java:start(180)) - XceiverServerGrpc dd225e1e-7251-4789-a378-e78f7891434a is started using port 46853
2022-08-26 07:48:20,969 [Listener at 127.0.0.1/46611] INFO  ozone.MiniOzoneClusterImpl (MiniOzoneClusterImpl.java:lambda$waitForClusterToBeReady$0(216)) - Waiting for nodes to be ready. Got 0 of 3 DN Heartbeats.
2022-08-26 07:48:20,969 [Listener at 127.0.0.1/46611] INFO  ozone.MiniOzoneClusterImpl (MiniOzoneClusterImpl.java:lambda$waitForClusterToBeReady$0(219)) - Waiting for cluster to exit safe mode
2022-08-26 07:48:20,969 [Listener at 127.0.0.1/46611] INFO  ozone.MiniOzoneClusterImpl (MiniOzoneClusterImpl.java:lambda$waitForClusterToBeReady$0(221)) - SCM became leader
2022-08-26 07:48:21,009 [EndpointStateMachine task thread for /0.0.0.0:44943 - 0 ] INFO  volume.HddsVolume (HddsVolume.java:createDbStore(310)) - SchemaV3 db is created and loaded at /home/runner/work/ozone/ozone/hadoop-ozone/integration-test/target/test-dir/MiniOzoneClusterImpl-fd94d619-731c-4cf3-b4d0-a84e41dfe71c/datanode-2/data-0/containers/hdds/fd94d619-731c-4cf3-b4d0-a84e41dfe71c/DS-e3734d64-1ccd-4802-bb44-c9a0e52396c9/container.db for volume DS-e3734d64-1ccd-4802-bb44-c9a0e52396c9
2022-08-26 07:48:21,015 [EndpointStateMachine task thread for /0.0.0.0:44943 - 0 ] INFO  volume.HddsVolume (HddsVolume.java:closeDbStore(341)) - SchemaV3 db is stopped at /home/runner/work/ozone/ozone/hadoop-ozone/integration-test/target/test-dir/MiniOzoneClusterImpl-fd94d619-731c-4cf3-b4d0-a84e41dfe71c/datanode-2/data-0/containers/hdds/fd94d619-731c-4cf3-b4d0-a84e41dfe71c/DS-e3734d64-1ccd-4802-bb44-c9a0e52396c9/container.db for volume DS-e3734d64-1ccd-4802-bb44-c9a0e52396c9
2022-08-26 07:48:21,015 [EndpointStateMachine task thread for /0.0.0.0:44943 - 0 ] INFO  ozoneimpl.OzoneContainer (OzoneContainer.java:start(377)) - Attempting to start container services.
2022-08-26 07:48:21,015 [EndpointStateMachine task thread for /0.0.0.0:44943 - 0 ] INFO  ozoneimpl.OzoneContainer (OzoneContainer.java:startContainerScrub(312)) - Background container scanner has been disabled.
2022-08-26 07:48:21,017 [EndpointStateMachine task thread for /0.0.0.0:44943 - 0 ] INFO  replication.ReplicationServer (ReplicationServer.java:start(111)) - ReplicationServer is started using port 44065
2022-08-26 07:48:21,018 [EndpointStateMachine task thread for /0.0.0.0:44943 - 0 ] INFO  ratis.XceiverServerRatis (XceiverServerRatis.java:start(481)) - Starting XceiverServerRatis 1517f5f4-31fa-4d81-9e6e-dd93dde0f3a0
2022-08-26 07:48:21,022 [EndpointStateMachine task thread for /0.0.0.0:44943 - 0 ] INFO  server.RaftServer (RaftServerProxy.java:lambda$start$6(382)) - 1517f5f4-31fa-4d81-9e6e-dd93dde0f3a0: start RPC server
2022-08-26 07:48:21,025 [EndpointStateMachine task thread for /0.0.0.0:44943 - 0 ] INFO  server.GrpcService (GrpcService.java:startImpl(260)) - 1517f5f4-31fa-4d81-9e6e-dd93dde0f3a0: GrpcService started, listening on 34529
2022-08-26 07:48:21,029 [EndpointStateMachine task thread for /0.0.0.0:44943 - 0 ] INFO  ratis.XceiverServerRatis (XceiverServerRatis.java:getRealPort(502)) - XceiverServerRatis 1517f5f4-31fa-4d81-9e6e-dd93dde0f3a0 is started using port 34529 for RATIS
2022-08-26 07:48:21,029 [org.apache.ratis.util.JvmPauseMonitor$$Lambda$620/449322465@2c3acc54] INFO  util.JvmPauseMonitor (JvmPauseMonitor.java:run(103)) - JvmPauseMonitor-1517f5f4-31fa-4d81-9e6e-dd93dde0f3a0: Started
2022-08-26 07:48:21,029 [EndpointStateMachine task thread for /0.0.0.0:44943 - 0 ] INFO  ratis.XceiverServerRatis (XceiverServerRatis.java:getRealPort(502)) - XceiverServerRatis 1517f5f4-31fa-4d81-9e6e-dd93dde0f3a0 is started using port 34529 for RATIS_ADMIN
2022-08-26 07:48:21,029 [EndpointStateMachine task thread for /0.0.0.0:44943 - 0 ] INFO  ratis.XceiverServerRatis (XceiverServerRatis.java:getRealPort(502)) - XceiverServerRatis 1517f5f4-31fa-4d81-9e6e-dd93dde0f3a0 is started using port 34529 for RATIS_SERVER
2022-08-26 07:48:21,033 [EndpointStateMachine task thread for /0.0.0.0:44943 - 0 ] INFO  server.XceiverServerGrpc (XceiverServerGrpc.java:start(180)) - XceiverServerGrpc 1517f5f4-31fa-4d81-9e6e-dd93dde0f3a0 is started using port 42863
2022-08-26 07:48:21,969 [Listener at 127.0.0.1/46611] INFO  ozone.MiniOzoneClusterImpl (MiniOzoneClusterImpl.java:lambda$waitForClusterToBeReady$0(216)) - Waiting for nodes to be ready. Got 0 of 3 DN Heartbeats.
2022-08-26 07:48:21,970 [Listener at 127.0.0.1/46611] INFO  ozone.MiniOzoneClusterImpl (MiniOzoneClusterImpl.java:lambda$waitForClusterToBeReady$0(219)) - Waiting for cluster to exit safe mode
2022-08-26 07:48:21,970 [Listener at 127.0.0.1/46611] INFO  ozone.MiniOzoneClusterImpl (MiniOzoneClusterImpl.java:lambda$waitForClusterToBeReady$0(221)) - SCM became leader
2022-08-26 07:48:22,175 [IPC Server handler 13 on default port 44943] INFO  net.NetworkTopologyImpl (NetworkTopologyImpl.java:add(112)) - Added a new node: /default-rack/e44a8a7a-b0a6-43bb-907a-11061d966fe2
2022-08-26 07:48:22,177 [IPC Server handler 13 on default port 44943] INFO  node.SCMNodeManager (SCMNodeManager.java:register(397)) - Registered Data node : e44a8a7a-b0a6-43bb-907a-11061d966fe2{ip: 10.1.0.212, host: fv-az127-536.h3uyzbqov44edfyrgkjongjtha.bx.internal.cloudapp.net, ports: [REPLICATION=42621, RATIS=39427, RATIS_ADMIN=39427, RATIS_SERVER=39427, STANDALONE=45675], networkLocation: /default-rack, certSerialId: null, persistedOpState: null, persistedOpStateExpiryEpochSec: 0}
2022-08-26 07:48:22,182 [EventQueue-NewNodeForNewNodeHandler] INFO  pipeline.BackgroundPipelineCreator (BackgroundPipelineCreator.java:notifyEventTriggered(276)) - trigger a one-shot run on RatisPipelineUtilsThread.
2022-08-26 07:48:22,189 [RatisPipelineUtilsThread - 0] INFO  pipeline.RatisPipelineProvider (RatisPipelineProvider.java:lambda$create$0(195)) - Sending CreatePipelineCommand for pipeline:PipelineID=1664fa21-a7de-473b-bb25-271848538590 to datanode:e44a8a7a-b0a6-43bb-907a-11061d966fe2
2022-08-26 07:48:22,190 [EventQueue-NodeRegistrationContainerReportForDataNodeSafeModeRule] INFO  safemode.SCMSafeModeManager (DataNodeSafeModeRule.java:process(71)) - SCM in safe mode. 1 DataNodes registered, 3 required.
2022-08-26 07:48:22,191 [EventQueue-NodeRegistrationContainerReportForContainerSafeModeRule] INFO  safemode.SCMSafeModeManager (SCMSafeModeManager.java:validateSafeModeExitRules(204)) - ContainerSafeModeRule rule is successfully validated
2022-08-26 07:48:22,195 [EventQueue-PipelineReportForOneReplicaPipelineSafeModeRule] INFO  safemode.SCMSafeModeManager (SCMSafeModeManager.java:validateSafeModeExitRules(204)) - AtleastOneDatanodeReportedRule rule is successfully validated
2022-08-26 07:48:22,208 [RatisPipelineUtilsThread - 0] INFO  pipeline.PipelineStateManagerImpl (PipelineStateManagerImpl.java:addPipeline(103)) - Created pipeline Pipeline[ Id: 1664fa21-a7de-473b-bb25-271848538590, Nodes: e44a8a7a-b0a6-43bb-907a-11061d966fe2{ip: 10.1.0.212, host: fv-az127-536.h3uyzbqov44edfyrgkjongjtha.bx.internal.cloudapp.net, ports: [REPLICATION=42621, RATIS=39427, RATIS_ADMIN=39427, RATIS_SERVER=39427, STANDALONE=45675], networkLocation: /default-rack, certSerialId: null, persistedOpState: IN_SERVICE, persistedOpStateExpiryEpochSec: 0}, ReplicationConfig: RATIS/ONE, State:ALLOCATED, leaderId:, CreationTimestamp2022-08-26T07:48:22.188Z[Etc/UTC]].
2022-08-26 07:48:22,604 [IPC Server handler 17 on default port 44943] INFO  net.NetworkTopologyImpl (NetworkTopologyImpl.java:add(112)) - Added a new node: /default-rack/dd225e1e-7251-4789-a378-e78f7891434a
2022-08-26 07:48:22,604 [IPC Server handler 17 on default port 44943] INFO  node.SCMNodeManager (SCMNodeManager.java:register(397)) - Registered Data node : dd225e1e-7251-4789-a378-e78f7891434a{ip: 10.1.0.212, host: fv-az127-536.h3uyzbqov44edfyrgkjongjtha.bx.internal.cloudapp.net, ports: [REPLICATION=33517, RATIS=40987, RATIS_ADMIN=40987, RATIS_SERVER=40987, STANDALONE=46853], networkLocation: /default-rack, certSerialId: null, persistedOpState: null, persistedOpStateExpiryEpochSec: 0}
2022-08-26 07:48:22,605 [EventQueue-NewNodeForNewNodeHandler] INFO  pipeline.BackgroundPipelineCreator (BackgroundPipelineCreator.java:notifyEventTriggered(276)) - trigger a one-shot run on RatisPipelineUtilsThread.
2022-08-26 07:48:22,606 [EventQueue-NodeRegistrationContainerReportForDataNodeSafeModeRule] INFO  safemode.SCMSafeModeManager (DataNodeSafeModeRule.java:process(71)) - SCM in safe mode. 2 DataNodes registered, 3 required.
2022-08-26 07:48:22,607 [RatisPipelineUtilsThread - 0] INFO  pipeline.RatisPipelineProvider (RatisPipelineProvider.java:lambda$create$0(195)) - Sending CreatePipelineCommand for pipeline:PipelineID=da389c29-598b-43e1-bffd-a509913659e8 to datanode:dd225e1e-7251-4789-a378-e78f7891434a
2022-08-26 07:48:22,608 [RatisPipelineUtilsThread - 0] INFO  pipeline.PipelineStateManagerImpl (PipelineStateManagerImpl.java:addPipeline(103)) - Created pipeline Pipeline[ Id: da389c29-598b-43e1-bffd-a509913659e8, Nodes: dd225e1e-7251-4789-a378-e78f7891434a{ip: 10.1.0.212, host: fv-az127-536.h3uyzbqov44edfyrgkjongjtha.bx.internal.cloudapp.net, ports: [REPLICATION=33517, RATIS=40987, RATIS_ADMIN=40987, RATIS_SERVER=40987, STANDALONE=46853], networkLocation: /default-rack, certSerialId: null, persistedOpState: IN_SERVICE, persistedOpStateExpiryEpochSec: 0}, ReplicationConfig: RATIS/ONE, State:ALLOCATED, leaderId:, CreationTimestamp2022-08-26T07:48:22.607Z[Etc/UTC]].
2022-08-26 07:48:22,970 [Listener at 127.0.0.1/46611] INFO  ozone.MiniOzoneClusterImpl (MiniOzoneClusterImpl.java:lambda$waitForClusterToBeReady$0(216)) - Waiting for nodes to be ready. Got 2 of 3 DN Heartbeats.
2022-08-26 07:48:22,971 [Listener at 127.0.0.1/46611] INFO  ozone.MiniOzoneClusterImpl (MiniOzoneClusterImpl.java:lambda$waitForClusterToBeReady$0(219)) - Waiting for cluster to exit safe mode
2022-08-26 07:48:22,971 [Listener at 127.0.0.1/46611] INFO  ozone.MiniOzoneClusterImpl (MiniOzoneClusterImpl.java:lambda$waitForClusterToBeReady$0(221)) - SCM became leader
2022-08-26 07:48:22,985 [IPC Server handler 15 on default port 44943] INFO  net.NetworkTopologyImpl (NetworkTopologyImpl.java:add(112)) - Added a new node: /default-rack/1517f5f4-31fa-4d81-9e6e-dd93dde0f3a0
2022-08-26 07:48:22,986 [IPC Server handler 15 on default port 44943] INFO  node.SCMNodeManager (SCMNodeManager.java:register(397)) - Registered Data node : 1517f5f4-31fa-4d81-9e6e-dd93dde0f3a0{ip: 10.1.0.212, host: fv-az127-536.h3uyzbqov44edfyrgkjongjtha.bx.internal.cloudapp.net, ports: [REPLICATION=44065, RATIS=34529, RATIS_ADMIN=34529, RATIS_SERVER=34529, STANDALONE=42863], networkLocation: /default-rack, certSerialId: null, persistedOpState: null, persistedOpStateExpiryEpochSec: 0}
2022-08-26 07:48:22,986 [EventQueue-NewNodeForNewNodeHandler] INFO  pipeline.BackgroundPipelineCreator (BackgroundPipelineCreator.java:notifyEventTriggered(276)) - trigger a one-shot run on RatisPipelineUtilsThread.
2022-08-26 07:48:22,986 [EventQueue-NodeRegistrationContainerReportForDataNodeSafeModeRule] INFO  safemode.SCMSafeModeManager (DataNodeSafeModeRule.java:process(71)) - SCM in safe mode. 3 DataNodes registered, 3 required.
2022-08-26 07:48:22,987 [EventQueue-NodeRegistrationContainerReportForDataNodeSafeModeRule] INFO  safemode.SCMSafeModeManager (SCMSafeModeManager.java:validateSafeModeExitRules(204)) - DataNodeSafeModeRule rule is successfully validated
2022-08-26 07:48:22,987 [EventQueue-NodeRegistrationContainerReportForDataNodeSafeModeRule] INFO  safemode.SCMSafeModeManager (SCMSafeModeManager.java:completePreCheck(233)) - All SCM safe mode pre check rules have passed
2022-08-26 07:48:22,987 [EventQueue-NodeRegistrationContainerReportForDataNodeSafeModeRule] WARN  events.EventQueue (EventQueue.java:fireEvent(216)) - No event handler registered for event TypedEvent{payloadType=SafeModeStatus, name='Safe mode status'}
2022-08-26 07:48:22,987 [EventQueue-NodeRegistrationContainerReportForDataNodeSafeModeRule] INFO  ha.SCMContext (SCMContext.java:updateSafeModeStatus(228)) - Update SafeModeStatus from SafeModeStatus{safeModeStatus=true, preCheckPassed=false} to SafeModeStatus{safeModeStatus=true, preCheckPassed=true}.
2022-08-26 07:48:22,987 [EventQueue-NodeRegistrationContainerReportForDataNodeSafeModeRule] INFO  pipeline.BackgroundPipelineCreator (BackgroundPipelineCreator.java:notifyEventTriggered(276)) - trigger a one-shot run on RatisPipelineUtilsThread.
2022-08-26 07:48:22,987 [RatisPipelineUtilsThread - 0] INFO  pipeline.RatisPipelineProvider (RatisPipelineProvider.java:lambda$create$0(195)) - Sending CreatePipelineCommand for pipeline:PipelineID=277b80cc-f807-4bd1-904a-6c9e048cd8b5 to datanode:1517f5f4-31fa-4d81-9e6e-dd93dde0f3a0
2022-08-26 07:48:22,988 [RatisPipelineUtilsThread - 0] INFO  pipeline.PipelineStateManagerImpl (PipelineStateManagerImpl.java:addPipeline(103)) - Created pipeline Pipeline[ Id: 277b80cc-f807-4bd1-904a-6c9e048cd8b5, Nodes: 1517f5f4-31fa-4d81-9e6e-dd93dde0f3a0{ip: 10.1.0.212, host: fv-az127-536.h3uyzbqov44edfyrgkjongjtha.bx.internal.cloudapp.net, ports: [REPLICATION=44065, RATIS=34529, RATIS_ADMIN=34529, RATIS_SERVER=34529, STANDALONE=42863], networkLocation: /default-rack, certSerialId: null, persistedOpState: IN_SERVICE, persistedOpStateExpiryEpochSec: 0}, ReplicationConfig: RATIS/ONE, State:ALLOCATED, leaderId:, CreationTimestamp2022-08-26T07:48:22.987Z[Etc/UTC]].
2022-08-26 07:48:22,991 [RatisPipelineUtilsThread - 0] INFO  pipeline.RatisPipelineProvider (RatisPipelineProvider.java:lambda$create$0(195)) - Sending CreatePipelineCommand for pipeline:PipelineID=91c10930-75f1-4891-b0c6-6e16d60dc15a to datanode:dd225e1e-7251-4789-a378-e78f7891434a
2022-08-26 07:48:22,992 [RatisPipelineUtilsThread - 0] INFO  pipeline.RatisPipelineProvider (RatisPipelineProvider.java:lambda$create$0(195)) - Sending CreatePipelineCommand for pipeline:PipelineID=91c10930-75f1-4891-b0c6-6e16d60dc15a to datanode:e44a8a7a-b0a6-43bb-907a-11061d966fe2
2022-08-26 07:48:22,992 [RatisPipelineUtilsThread - 0] INFO  pipeline.RatisPipelineProvider (RatisPipelineProvider.java:lambda$create$0(195)) - Sending CreatePipelineCommand for pipeline:PipelineID=91c10930-75f1-4891-b0c6-6e16d60dc15a to datanode:1517f5f4-31fa-4d81-9e6e-dd93dde0f3a0
2022-08-26 07:48:22,993 [RatisPipelineUtilsThread - 0] INFO  pipeline.PipelineStateManagerImpl (PipelineStateManagerImpl.java:addPipeline(103)) - Created pipeline Pipeline[ Id: 91c10930-75f1-4891-b0c6-6e16d60dc15a, Nodes: dd225e1e-7251-4789-a378-e78f7891434a{ip: 10.1.0.212, host: fv-az127-536.h3uyzbqov44edfyrgkjongjtha.bx.internal.cloudapp.net, ports: [REPLICATION=33517, RATIS=40987, RATIS_ADMIN=40987, RATIS_SERVER=40987, STANDALONE=46853], networkLocation: /default-rack, certSerialId: null, persistedOpState: IN_SERVICE, persistedOpStateExpiryEpochSec: 0}e44a8a7a-b0a6-43bb-907a-11061d966fe2{ip: 10.1.0.212, host: fv-az127-536.h3uyzbqov44edfyrgkjongjtha.bx.internal.cloudapp.net, ports: [REPLICATION=42621, RATIS=39427, RATIS_ADMIN=39427, RATIS_SERVER=39427, STANDALONE=45675], networkLocation: /default-rack, certSerialId: null, persistedOpState: IN_SERVICE, persistedOpStateExpiryEpochSec: 0}1517f5f4-31fa-4d81-9e6e-dd93dde0f3a0{ip: 10.1.0.212, host: fv-az127-536.h3uyzbqov44edfyrgkjongjtha.bx.internal.cloudapp.net, ports: [REPLICATION=44065, RATIS=34529, RATIS_ADMIN=34529, RATIS_SERVER=34529, STANDALONE=42863], networkLocation: /default-rack, certSerialId: null, persistedOpState: IN_SERVICE, persistedOpStateExpiryEpochSec: 0}, ReplicationConfig: RATIS/THREE, State:ALLOCATED, leaderId:, CreationTimestamp2022-08-26T07:48:22.991Z[Etc/UTC]].
2022-08-26 07:48:22,994 [RatisPipelineUtilsThread - 0] INFO  pipeline.RatisPipelineProvider (RatisPipelineProvider.java:lambda$create$0(195)) - Sending CreatePipelineCommand for pipeline:PipelineID=46f2c157-93e5-4013-bd3c-c6412fa838ca to datanode:1517f5f4-31fa-4d81-9e6e-dd93dde0f3a0
2022-08-26 07:48:22,994 [RatisPipelineUtilsThread - 0] INFO  pipeline.RatisPipelineProvider (RatisPipelineProvider.java:lambda$create$0(195)) - Sending CreatePipelineCommand for pipeline:PipelineID=46f2c157-93e5-4013-bd3c-c6412fa838ca to datanode:e44a8a7a-b0a6-43bb-907a-11061d966fe2
2022-08-26 07:48:22,994 [RatisPipelineUtilsThread - 0] INFO  pipeline.RatisPipelineProvider (RatisPipelineProvider.java:lambda$create$0(195)) - Sending CreatePipelineCommand for pipeline:PipelineID=46f2c157-93e5-4013-bd3c-c6412fa838ca to datanode:dd225e1e-7251-4789-a378-e78f7891434a
2022-08-26 07:48:22,995 [RatisPipelineUtilsThread - 0] INFO  pipeline.PipelineStateManagerImpl (PipelineStateManagerImpl.java:addPipeline(103)) - Created pipeline Pipeline[ Id: 46f2c157-93e5-4013-bd3c-c6412fa838ca, Nodes: 1517f5f4-31fa-4d81-9e6e-dd93dde0f3a0{ip: 10.1.0.212, host: fv-az127-536.h3uyzbqov44edfyrgkjongjtha.bx.internal.cloudapp.net, ports: [REPLICATION=44065, RATIS=34529, RATIS_ADMIN=34529, RATIS_SERVER=34529, STANDALONE=42863], networkLocation: /default-rack, certSerialId: null, persistedOpState: IN_SERVICE, persistedOpStateExpiryEpochSec: 0}e44a8a7a-b0a6-43bb-907a-11061d966fe2{ip: 10.1.0.212, host: fv-az127-536.h3uyzbqov44edfyrgkjongjtha.bx.internal.cloudapp.net, ports: [REPLICATION=42621, RATIS=39427, RATIS_ADMIN=39427, RATIS_SERVER=39427, STANDALONE=45675], networkLocation: /default-rack, certSerialId: null, persistedOpState: IN_SERVICE, persistedOpStateExpiryEpochSec: 0}dd225e1e-7251-4789-a378-e78f7891434a{ip: 10.1.0.212, host: fv-az127-536.h3uyzbqov44edfyrgkjongjtha.bx.internal.cloudapp.net, ports: [REPLICATION=33517, RATIS=40987, RATIS_ADMIN=40987, RATIS_SERVER=40987, STANDALONE=46853], networkLocation: /default-rack, certSerialId: null, persistedOpState: IN_SERVICE, persistedOpStateExpiryEpochSec: 0}, ReplicationConfig: RATIS/THREE, State:ALLOCATED, leaderId:, CreationTimestamp2022-08-26T07:48:22.994Z[Etc/UTC]].
2022-08-26 07:48:22,995 [RatisPipelineUtilsThread - 0] INFO  pipeline.PipelineManagerImpl (PipelineManagerImpl.java:recordMetricsForPipeline(796)) - Pipeline: PipelineID=46f2c157-93e5-4013-bd3c-c6412fa838ca contains same datanodes as previous pipelines: PipelineID=91c10930-75f1-4891-b0c6-6e16d60dc15a nodeIds: 1517f5f4-31fa-4d81-9e6e-dd93dde0f3a0, e44a8a7a-b0a6-43bb-907a-11061d966fe2, dd225e1e-7251-4789-a378-e78f7891434a
2022-08-26 07:48:23,971 [Listener at 127.0.0.1/46611] INFO  ozone.MiniOzoneClusterImpl (MiniOzoneClusterImpl.java:lambda$waitForClusterToBeReady$0(216)) - Nodes are ready. Got 3 of 3 DN Heartbeats.
2022-08-26 07:48:23,972 [Listener at 127.0.0.1/46611] INFO  ozone.MiniOzoneClusterImpl (MiniOzoneClusterImpl.java:lambda$waitForClusterToBeReady$0(219)) - Waiting for cluster to exit safe mode
2022-08-26 07:48:23,972 [Listener at 127.0.0.1/46611] INFO  ozone.MiniOzoneClusterImpl (MiniOzoneClusterImpl.java:lambda$waitForClusterToBeReady$0(221)) - SCM became leader
2022-08-26 07:48:24,973 [Listener at 127.0.0.1/46611] INFO  ozone.MiniOzoneClusterImpl (MiniOzoneClusterImpl.java:lambda$waitForClusterToBeReady$0(216)) - Nodes are ready. Got 3 of 3 DN Heartbeats.
2022-08-26 07:48:24,973 [Listener at 127.0.0.1/46611] INFO  ozone.MiniOzoneClusterImpl (MiniOzoneClusterImpl.java:lambda$waitForClusterToBeReady$0(219)) - Waiting for cluster to exit safe mode
2022-08-26 07:48:24,973 [Listener at 127.0.0.1/46611] INFO  ozone.MiniOzoneClusterImpl (MiniOzoneClusterImpl.java:lambda$waitForClusterToBeReady$0(221)) - SCM became leader
2022-08-26 07:48:25,169 [Command processor thread] INFO  server.RaftServer (RaftServerProxy.java:addNew(96)) - e44a8a7a-b0a6-43bb-907a-11061d966fe2: addNew group-271848538590:[e44a8a7a-b0a6-43bb-907a-11061d966fe2|rpc:10.1.0.212:39427|priority:1] returns group-271848538590:java.util.concurrent.CompletableFuture@120aff38[Not completed]
2022-08-26 07:48:25,184 [pool-72-thread-1] INFO  server.RaftServer$Division (RaftServerImpl.java:<init>(190)) - e44a8a7a-b0a6-43bb-907a-11061d966fe2: new RaftServerImpl for group-271848538590:[e44a8a7a-b0a6-43bb-907a-11061d966fe2|rpc:10.1.0.212:39427|priority:1] with ContainerStateMachine:uninitialized
2022-08-26 07:48:25,184 [pool-72-thread-1] INFO  server.RaftServerConfigKeys (ConfUtils.java:logGet(46)) - raft.server.rpc.timeout.min = 5s (custom)
2022-08-26 07:48:25,184 [pool-72-thread-1] INFO  server.RaftServerConfigKeys (ConfUtils.java:logGet(46)) - raft.server.rpc.timeout.max = 5200ms (custom)
2022-08-26 07:48:25,184 [pool-72-thread-1] INFO  server.RaftServerConfigKeys (ConfUtils.java:logGet(46)) - raft.server.rpc.sleep.time = 25ms (default)
2022-08-26 07:48:25,184 [pool-72-thread-1] INFO  server.RaftServerConfigKeys (ConfUtils.java:logGet(46)) - raft.server.rpc.slowness.timeout = 300s (custom)
2022-08-26 07:48:25,184 [pool-72-thread-1] INFO  server.RaftServerConfigKeys (ConfUtils.java:logGet(46)) - raft.server.leaderelection.leader.step-down.wait-time = 10s (default)
2022-08-26 07:48:25,184 [pool-72-thread-1] INFO  server.RaftServerConfigKeys (ConfUtils.java:logGet(46)) - raft.server.sleep.deviation.threshold = 300ms (default)
2022-08-26 07:48:25,184 [pool-72-thread-1] INFO  server.RaftServer$Division (ServerState.java:<init>(107)) - e44a8a7a-b0a6-43bb-907a-11061d966fe2@group-271848538590: ConfigurationManager, init=-1: [e44a8a7a-b0a6-43bb-907a-11061d966fe2|rpc:10.1.0.212:39427|priority:1], old=null, confs=<EMPTY_MAP>
2022-08-26 07:48:25,184 [pool-72-thread-1] INFO  server.RaftServerConfigKeys (ConfUtils.java:logGet(46)) - raft.server.storage.dir = [/home/runner/work/ozone/ozone/hadoop-ozone/integration-test/target/test-dir/MiniOzoneClusterImpl-fd94d619-731c-4cf3-b4d0-a84e41dfe71c/datanode-0/data/ratis] (custom)
2022-08-26 07:48:25,185 [pool-72-thread-1] INFO  server.RaftServerConfigKeys (ConfUtils.java:logGet(46)) - raft.server.log.corruption.policy = EXCEPTION (default)
2022-08-26 07:48:25,185 [pool-72-thread-1] INFO  server.RaftServerConfigKeys (ConfUtils.java:logGet(46)) - raft.server.storage.free-space.min = 0MB (=0) (default)
2022-08-26 07:48:25,185 [pool-72-thread-1] INFO  storage.RaftStorageDirectory (RaftStorageDirectoryImpl.java:analyzeStorage(135)) - The storage directory /home/runner/work/ozone/ozone/hadoop-ozone/integration-test/target/test-dir/MiniOzoneClusterImpl-fd94d619-731c-4cf3-b4d0-a84e41dfe71c/datanode-0/data/ratis/1664fa21-a7de-473b-bb25-271848538590 does not exist. Creating ...
2022-08-26 07:48:25,187 [pool-72-thread-1] INFO  storage.RaftStorageDirectory (RaftStorageDirectoryImpl.java:tryLock(230)) - Lock on /home/runner/work/ozone/ozone/hadoop-ozone/integration-test/target/test-dir/MiniOzoneClusterImpl-fd94d619-731c-4cf3-b4d0-a84e41dfe71c/datanode-0/data/ratis/1664fa21-a7de-473b-bb25-271848538590/in_use.lock acquired by nodename 56754@fv-az127-536
2022-08-26 07:48:25,187 [pool-72-thread-1] INFO  storage.RaftStorage (RaftStorageImpl.java:format(89)) - Storage directory /home/runner/work/ozone/ozone/hadoop-ozone/integration-test/target/test-dir/MiniOzoneClusterImpl-fd94d619-731c-4cf3-b4d0-a84e41dfe71c/datanode-0/data/ratis/1664fa21-a7de-473b-bb25-271848538590 has been successfully formatted.
2022-08-26 07:48:25,192 [pool-72-thread-1] INFO  ratis.ContainerStateMachine (ContainerStateMachine.java:loadSnapshot(236)) - group-271848538590: The snapshot info is null. Setting the last applied indexto:(t:0, i:~)
2022-08-26 07:48:25,192 [pool-72-thread-1] INFO  server.RaftServerConfigKeys (ConfUtils.java:logGet(46)) - raft.server.notification.no-leader.timeout = 300s (custom)
2022-08-26 07:48:25,192 [pool-72-thread-1] INFO  server.RaftServerConfigKeys (ConfUtils.java:logGet(46)) - raft.server.log.use.memory = false (default)
2022-08-26 07:48:25,192 [pool-72-thread-1] INFO  server.RaftServerConfigKeys (ConfUtils.java:logGet(46)) - raft.server.log.purge.gap = 1000000 (custom)
2022-08-26 07:48:25,192 [pool-72-thread-1] INFO  server.RaftServerConfigKeys (ConfUtils.java:logGet(46)) - raft.server.log.appender.buffer.byte-limit = 33554432 (custom)
2022-08-26 07:48:25,192 [pool-72-thread-1] INFO  server.RaftServerConfigKeys (ConfUtils.java:logGet(46)) - raft.server.log.statemachine.data.read.timeout = 1000ms (default)
2022-08-26 07:48:25,193 [pool-72-thread-1] INFO  server.RaftServerConfigKeys (ConfUtils.java:logGet(46)) - raft.server.log.segment.size.max = 1048576 (custom)
2022-08-26 07:48:25,193 [pool-72-thread-1] INFO  server.RaftServerConfigKeys (ConfUtils.java:logGet(46)) - raft.server.log.segment.cache.num.max = 2 (custom)
2022-08-26 07:48:25,193 [pool-72-thread-1] INFO  server.RaftServerConfigKeys (ConfUtils.java:logGet(46)) - raft.server.log.segment.cache.size.max = 200MB (=209715200) (default)
2022-08-26 07:48:25,193 [pool-72-thread-1] INFO  segmented.SegmentedRaftLogWorker (SegmentedRaftLogWorker.java:<init>(187)) - new e44a8a7a-b0a6-43bb-907a-11061d966fe2@group-271848538590-SegmentedRaftLogWorker for RaftStorageImpl:Storage Directory /home/runner/work/ozone/ozone/hadoop-ozone/integration-test/target/test-dir/MiniOzoneClusterImpl-fd94d619-731c-4cf3-b4d0-a84e41dfe71c/datanode-0/data/ratis/1664fa21-a7de-473b-bb25-271848538590
2022-08-26 07:48:25,193 [pool-72-thread-1] INFO  server.RaftServerConfigKeys (ConfUtils.java:logGet(46)) - raft.server.log.queue.byte-limit = 4294967296 (custom)
2022-08-26 07:48:25,194 [pool-72-thread-1] INFO  server.RaftServerConfigKeys (ConfUtils.java:logGet(46)) - raft.server.log.queue.element-limit = 1024 (custom)
2022-08-26 07:48:25,194 [pool-72-thread-1] INFO  server.RaftServerConfigKeys (ConfUtils.java:logGet(46)) - raft.server.log.segment.size.max = 1048576 (custom)
2022-08-26 07:48:25,194 [pool-72-thread-1] INFO  server.RaftServerConfigKeys (ConfUtils.java:logGet(46)) - raft.server.log.preallocated.size = 16384 (custom)
2022-08-26 07:48:25,194 [pool-72-thread-1] INFO  server.RaftServerConfigKeys (ConfUtils.java:logGet(46)) - raft.server.log.force.sync.num = 128 (default)
2022-08-26 07:48:25,194 [pool-72-thread-1] INFO  server.RaftServerConfigKeys (ConfUtils.java:logGet(46)) - raft.server.log.statemachine.data.sync = true (default)
2022-08-26 07:48:25,194 [pool-72-thread-1] INFO  server.RaftServerConfigKeys (ConfUtils.java:logGet(46)) - raft.server.log.statemachine.data.sync.timeout = 10s (default)
2022-08-26 07:48:25,194 [pool-72-thread-1] INFO  server.RaftServerConfigKeys (ConfUtils.java:logGet(46)) - raft.server.log.statemachine.data.sync.timeout.retry = -1 (default)
2022-08-26 07:48:25,195 [pool-72-thread-1] INFO  server.RaftServerConfigKeys (ConfUtils.java:logGet(46)) - raft.server.log.write.buffer.size = 1048576 (custom)
2022-08-26 07:48:25,196 [pool-72-thread-1] INFO  server.RaftServerConfigKeys (ConfUtils.java:logGet(46)) - raft.server.log.unsafe-flush.enabled = false (default)
2022-08-26 07:48:25,196 [pool-72-thread-1] INFO  server.RaftServerConfigKeys (ConfUtils.java:logGet(46)) - raft.server.log.statemachine.data.caching.enabled = true (custom)
2022-08-26 07:48:25,196 [pool-72-thread-1] INFO  segmented.SegmentedRaftLogWorker (SegmentedRaftLogWorker.java:lambda$new$0(135)) - e44a8a7a-b0a6-43bb-907a-11061d966fe2@group-271848538590-SegmentedRaftLogWorker: flushIndex: setUnconditionally 0 -> -1
2022-08-26 07:48:25,196 [pool-72-thread-1] INFO  segmented.SegmentedRaftLogWorker (SegmentedRaftLogWorker.java:lambda$new$0(135)) - e44a8a7a-b0a6-43bb-907a-11061d966fe2@group-271848538590-SegmentedRaftLogWorker: safeCacheEvictIndex: setUnconditionally 0 -> -1
2022-08-26 07:48:25,203 [pool-72-thread-1] INFO  server.RaftServerConfigKeys (ConfUtils.java:logGet(46)) - raft.server.snapshot.auto.trigger.enabled = true (custom)
2022-08-26 07:48:25,203 [pool-72-thread-1] INFO  server.RaftServerConfigKeys (ConfUtils.java:logGet(46)) - raft.server.snapshot.auto.trigger.threshold = 10000 (custom)
2022-08-26 07:48:25,203 [pool-72-thread-1] INFO  server.RaftServerConfigKeys (ConfUtils.java:logGet(46)) - raft.server.snapshot.retention.file.num = 5 (custom)
2022-08-26 07:48:25,203 [pool-72-thread-1] INFO  server.RaftServerConfigKeys (ConfUtils.java:logGet(46)) - raft.server.log.purge.upto.snapshot.index = false (default)
2022-08-26 07:48:25,203 [pool-72-thread-1] INFO  server.RaftServerConfigKeys (ConfUtils.java:logGet(46)) - raft.server.retrycache.expirytime = 600000ms (custom)
2022-08-26 07:48:25,203 [pool-72-thread-1] INFO  server.RaftServerConfigKeys (ConfUtils.java:logGet(46)) - raft.server.retrycache.statistics.expirytime = 100μs (default)
2022-08-26 07:48:25,216 [EventQueue-PipelineReportForPipelineReportHandler] INFO  pipeline.PipelineManagerImpl (PipelineManagerImpl.java:openPipeline(367)) - Pipeline Pipeline[ Id: 1664fa21-a7de-473b-bb25-271848538590, Nodes: e44a8a7a-b0a6-43bb-907a-11061d966fe2{ip: 10.1.0.212, host: fv-az127-536.h3uyzbqov44edfyrgkjongjtha.bx.internal.cloudapp.net, ports: [REPLICATION=42621, RATIS=39427, RATIS_ADMIN=39427, RATIS_SERVER=39427, STANDALONE=45675], networkLocation: /default-rack, certSerialId: null, persistedOpState: IN_SERVICE, persistedOpStateExpiryEpochSec: 0}, ReplicationConfig: RATIS/ONE, State:ALLOCATED, leaderId:e44a8a7a-b0a6-43bb-907a-11061d966fe2, CreationTimestamp2022-08-26T07:48:22.188Z[Etc/UTC]] moved to OPEN state
2022-08-26 07:48:25,219 [pool-72-thread-1] INFO  server.RaftServerConfigKeys (ConfUtils.java:logGet(46)) - raft.server.log.appender.install.snapshot.enabled = false (custom)
2022-08-26 07:48:25,219 [pool-72-thread-1] INFO  server.RaftServerConfigKeys (ConfUtils.java:logGet(46)) - raft.server.threadpool.server.cached = true (default)
2022-08-26 07:48:25,219 [pool-72-thread-1] INFO  server.RaftServerConfigKeys (ConfUtils.java:logGet(46)) - raft.server.threadpool.server.size = 0 (default)
2022-08-26 07:48:25,219 [pool-72-thread-1] INFO  server.RaftServerConfigKeys (ConfUtils.java:logGet(46)) - raft.server.threadpool.client.cached = true (default)
2022-08-26 07:48:25,219 [pool-72-thread-1] INFO  server.RaftServerConfigKeys (ConfUtils.java:logGet(46)) - raft.server.threadpool.client.size = 0 (default)
2022-08-26 07:48:25,219 [pool-72-thread-1] INFO  server.RaftServer$Division (RaftServerImpl.java:start(310)) - e44a8a7a-b0a6-43bb-907a-11061d966fe2@group-271848538590: start as a follower, conf=-1: [e44a8a7a-b0a6-43bb-907a-11061d966fe2|rpc:10.1.0.212:39427|priority:1], old=null
2022-08-26 07:48:25,219 [pool-72-thread-1] INFO  server.RaftServer$Division (RaftServerImpl.java:setRole(299)) - e44a8a7a-b0a6-43bb-907a-11061d966fe2@group-271848538590: changes role from      null to FOLLOWER at term 0 for startAsFollower
2022-08-26 07:48:25,219 [pool-72-thread-1] INFO  impl.RoleInfo (RoleInfo.java:updateAndGet(139)) - e44a8a7a-b0a6-43bb-907a-11061d966fe2: start e44a8a7a-b0a6-43bb-907a-11061d966fe2@group-271848538590-FollowerState
2022-08-26 07:48:25,220 [pool-72-thread-1] INFO  util.JmxRegister (JmxRegister.java:tryRegister(44)) - Successfully registered JMX Bean with object name Ratis:service=RaftServer,group=group-271848538590,id=e44a8a7a-b0a6-43bb-907a-11061d966fe2
2022-08-26 07:48:25,224 [EventQueue-OpenPipelineForHealthyPipelineSafeModeRule] INFO  safemode.SCMSafeModeManager (HealthyPipelineSafeModeRule.java:process(137)) - SCM in safe mode. Healthy pipelines reported count is 0, required healthy pipeline reported count is 1
2022-08-26 07:48:25,231 [Command processor thread] INFO  ratis.XceiverServerRatis (XceiverServerRatis.java:addGroup(765)) - Created group PipelineID=1664fa21-a7de-473b-bb25-271848538590
2022-08-26 07:48:25,232 [Command processor thread] INFO  commandhandler.CreatePipelineCommandHandler (CreatePipelineCommandHandler.java:handle(113)) - Created Pipeline RATIS ONE PipelineID=1664fa21-a7de-473b-bb25-271848538590.
2022-08-26 07:48:25,232 [Command processor thread] INFO  server.RaftServer (RaftServerProxy.java:addNew(96)) - e44a8a7a-b0a6-43bb-907a-11061d966fe2: addNew group-6E16D60DC15A:[dd225e1e-7251-4789-a378-e78f7891434a|rpc:10.1.0.212:40987|priority:0, e44a8a7a-b0a6-43bb-907a-11061d966fe2|rpc:10.1.0.212:39427|priority:1, 1517f5f4-31fa-4d81-9e6e-dd93dde0f3a0|rpc:10.1.0.212:34529|priority:0] returns group-6E16D60DC15A:java.util.concurrent.CompletableFuture@6e3cec35[Not completed]
2022-08-26 07:48:25,234 [pool-72-thread-1] INFO  server.RaftServer$Division (RaftServerImpl.java:<init>(190)) - e44a8a7a-b0a6-43bb-907a-11061d966fe2: new RaftServerImpl for group-6E16D60DC15A:[dd225e1e-7251-4789-a378-e78f7891434a|rpc:10.1.0.212:40987|priority:0, e44a8a7a-b0a6-43bb-907a-11061d966fe2|rpc:10.1.0.212:39427|priority:1, 1517f5f4-31fa-4d81-9e6e-dd93dde0f3a0|rpc:10.1.0.212:34529|priority:0] with ContainerStateMachine:uninitialized
2022-08-26 07:48:25,234 [pool-72-thread-1] INFO  server.RaftServerConfigKeys (ConfUtils.java:logGet(46)) - raft.server.rpc.timeout.min = 5s (custom)
2022-08-26 07:48:25,234 [pool-72-thread-1] INFO  server.RaftServerConfigKeys (ConfUtils.java:logGet(46)) - raft.server.rpc.timeout.max = 5200ms (custom)
2022-08-26 07:48:25,234 [pool-72-thread-1] INFO  server.RaftServerConfigKeys (ConfUtils.java:logGet(46)) - raft.server.rpc.sleep.time = 25ms (default)
2022-08-26 07:48:25,234 [pool-72-thread-1] INFO  server.RaftServerConfigKeys (ConfUtils.java:logGet(46)) - raft.server.rpc.slowness.timeout = 300s (custom)
2022-08-26 07:48:25,234 [pool-72-thread-1] INFO  server.RaftServerConfigKeys (ConfUtils.java:logGet(46)) - raft.server.leaderelection.leader.step-down.wait-time = 10s (default)
2022-08-26 07:48:25,234 [pool-72-thread-1] INFO  server.RaftServerConfigKeys (ConfUtils.java:logGet(46)) - raft.server.sleep.deviation.threshold = 300ms (default)
2022-08-26 07:48:25,234 [pool-72-thread-1] INFO  server.RaftServer$Division (ServerState.java:<init>(107)) - e44a8a7a-b0a6-43bb-907a-11061d966fe2@group-6E16D60DC15A: ConfigurationManager, init=-1: [dd225e1e-7251-4789-a378-e78f7891434a|rpc:10.1.0.212:40987|priority:0, e44a8a7a-b0a6-43bb-907a-11061d966fe2|rpc:10.1.0.212:39427|priority:1, 1517f5f4-31fa-4d81-9e6e-dd93dde0f3a0|rpc:10.1.0.212:34529|priority:0], old=null, confs=<EMPTY_MAP>
2022-08-26 07:48:25,234 [pool-72-thread-1] INFO  server.RaftServerConfigKeys (ConfUtils.java:logGet(46)) - raft.server.storage.dir = [/home/runner/work/ozone/ozone/hadoop-ozone/integration-test/target/test-dir/MiniOzoneClusterImpl-fd94d619-731c-4cf3-b4d0-a84e41dfe71c/datanode-0/data/ratis] (custom)
2022-08-26 07:48:25,234 [pool-72-thread-1] INFO  server.RaftServerConfigKeys (ConfUtils.java:logGet(46)) - raft.server.log.corruption.policy = EXCEPTION (default)
2022-08-26 07:48:25,235 [pool-72-thread-1] INFO  server.RaftServerConfigKeys (ConfUtils.java:logGet(46)) - raft.server.storage.free-space.min = 0MB (=0) (default)
2022-08-26 07:48:25,235 [pool-72-thread-1] INFO  storage.RaftStorageDirectory (RaftStorageDirectoryImpl.java:analyzeStorage(135)) - The storage directory /home/runner/work/ozone/ozone/hadoop-ozone/integration-test/target/test-dir/MiniOzoneClusterImpl-fd94d619-731c-4cf3-b4d0-a84e41dfe71c/datanode-0/data/ratis/91c10930-75f1-4891-b0c6-6e16d60dc15a does not exist. Creating ...
2022-08-26 07:48:25,236 [pool-72-thread-1] INFO  storage.RaftStorageDirectory (RaftStorageDirectoryImpl.java:tryLock(230)) - Lock on /home/runner/work/ozone/ozone/hadoop-ozone/integration-test/target/test-dir/MiniOzoneClusterImpl-fd94d619-731c-4cf3-b4d0-a84e41dfe71c/datanode-0/data/ratis/91c10930-75f1-4891-b0c6-6e16d60dc15a/in_use.lock acquired by nodename 56754@fv-az127-536
2022-08-26 07:48:25,237 [pool-72-thread-1] INFO  storage.RaftStorage (RaftStorageImpl.java:format(89)) - Storage directory /home/runner/work/ozone/ozone/hadoop-ozone/integration-test/target/test-dir/MiniOzoneClusterImpl-fd94d619-731c-4cf3-b4d0-a84e41dfe71c/datanode-0/data/ratis/91c10930-75f1-4891-b0c6-6e16d60dc15a has been successfully formatted.
2022-08-26 07:48:25,237 [pool-72-thread-1] INFO  ratis.ContainerStateMachine (ContainerStateMachine.java:loadSnapshot(236)) - group-6E16D60DC15A: The snapshot info is null. Setting the last applied indexto:(t:0, i:~)
2022-08-26 07:48:25,237 [pool-72-thread-1] INFO  server.RaftServerConfigKeys (ConfUtils.java:logGet(46)) - raft.server.notification.no-leader.timeout = 300s (custom)
2022-08-26 07:48:25,237 [pool-72-thread-1] INFO  server.RaftServerConfigKeys (ConfUtils.java:logGet(46)) - raft.server.log.use.memory = false (default)
2022-08-26 07:48:25,237 [pool-72-thread-1] INFO  server.RaftServerConfigKeys (ConfUtils.java:logGet(46)) - raft.server.log.purge.gap = 1000000 (custom)
2022-08-26 07:48:25,237 [pool-72-thread-1] INFO  server.RaftServerConfigKeys (ConfUtils.java:logGet(46)) - raft.server.log.appender.buffer.byte-limit = 33554432 (custom)
2022-08-26 07:48:25,237 [pool-72-thread-1] INFO  server.RaftServerConfigKeys (ConfUtils.java:logGet(46)) - raft.server.log.statemachine.data.read.timeout = 1000ms (default)
2022-08-26 07:48:25,238 [pool-72-thread-1] INFO  server.RaftServerConfigKeys (ConfUtils.java:logGet(46)) - raft.server.log.segment.size.max = 1048576 (custom)
2022-08-26 07:48:25,244 [pool-72-thread-1] INFO  server.RaftServerConfigKeys (ConfUtils.java:logGet(46)) - raft.server.log.segment.cache.num.max = 2 (custom)
2022-08-26 07:48:25,244 [pool-72-thread-1] INFO  server.RaftServerConfigKeys (ConfUtils.java:logGet(46)) - raft.server.log.segment.cache.size.max = 200MB (=209715200) (default)
2022-08-26 07:48:25,244 [EventQueue-OpenPipelineForHealthyPipelineSafeModeRule] INFO  safemode.SCMSafeModeManager (HealthyPipelineSafeModeRule.java:process(137)) - SCM in safe mode. Healthy pipelines reported count is 0, required healthy pipeline reported count is 1
2022-08-26 07:48:25,246 [pool-72-thread-1] INFO  segmented.SegmentedRaftLogWorker (SegmentedRaftLogWorker.java:<init>(187)) - new e44a8a7a-b0a6-43bb-907a-11061d966fe2@group-6E16D60DC15A-SegmentedRaftLogWorker for RaftStorageImpl:Storage Directory /home/runner/work/ozone/ozone/hadoop-ozone/integration-test/target/test-dir/MiniOzoneClusterImpl-fd94d619-731c-4cf3-b4d0-a84e41dfe71c/datanode-0/data/ratis/91c10930-75f1-4891-b0c6-6e16d60dc15a
2022-08-26 07:48:25,246 [pool-72-thread-1] INFO  server.RaftServerConfigKeys (ConfUtils.java:logGet(46)) - raft.server.log.queue.byte-limit = 4294967296 (custom)
2022-08-26 07:48:25,246 [pool-72-thread-1] INFO  server.RaftServerConfigKeys (ConfUtils.java:logGet(46)) - raft.server.log.queue.element-limit = 1024 (custom)
2022-08-26 07:48:25,246 [pool-72-thread-1] INFO  server.RaftServerConfigKeys (ConfUtils.java:logGet(46)) - raft.server.log.segment.size.max = 1048576 (custom)
2022-08-26 07:48:25,246 [pool-72-thread-1] INFO  server.RaftServerConfigKeys (ConfUtils.java:logGet(46)) - raft.server.log.preallocated.size = 16384 (custom)
2022-08-26 07:48:25,246 [pool-72-thread-1] INFO  server.RaftServerConfigKeys (ConfUtils.java:logGet(46)) - raft.server.log.force.sync.num = 128 (default)
2022-08-26 07:48:25,246 [pool-72-thread-1] INFO  server.RaftServerConfigKeys (ConfUtils.java:logGet(46)) - raft.server.log.statemachine.data.sync = true (default)
2022-08-26 07:48:25,246 [pool-72-thread-1] INFO  server.RaftServerConfigKeys (ConfUtils.java:logGet(46)) - raft.server.log.statemachine.data.sync.timeout = 10s (default)
2022-08-26 07:48:25,246 [pool-72-thread-1] INFO  server.RaftServerConfigKeys (ConfUtils.java:logGet(46)) - raft.server.log.statemachine.data.sync.timeout.retry = -1 (default)
2022-08-26 07:48:25,247 [pool-72-thread-1] INFO  server.RaftServerConfigKeys (ConfUtils.java:logGet(46)) - raft.server.log.write.buffer.size = 1048576 (custom)
2022-08-26 07:48:25,248 [pool-72-thread-1] INFO  server.RaftServerConfigKeys (ConfUtils.java:logGet(46)) - raft.server.log.unsafe-flush.enabled = false (default)
2022-08-26 07:48:25,248 [pool-72-thread-1] INFO  server.RaftServerConfigKeys (ConfUtils.java:logGet(46)) - raft.server.log.statemachine.data.caching.enabled = true (custom)
2022-08-26 07:48:25,249 [pool-72-thread-1] INFO  segmented.SegmentedRaftLogWorker (SegmentedRaftLogWorker.java:lambda$new$0(135)) - e44a8a7a-b0a6-43bb-907a-11061d966fe2@group-6E16D60DC15A-SegmentedRaftLogWorker: flushIndex: setUnconditionally 0 -> -1
2022-08-26 07:48:25,249 [pool-72-thread-1] INFO  segmented.SegmentedRaftLogWorker (SegmentedRaftLogWorker.java:lambda$new$0(135)) - e44a8a7a-b0a6-43bb-907a-11061d966fe2@group-6E16D60DC15A-SegmentedRaftLogWorker: safeCacheEvictIndex: setUnconditionally 0 -> -1
2022-08-26 07:48:25,249 [pool-72-thread-1] INFO  server.RaftServerConfigKeys (ConfUtils.java:logGet(46)) - raft.server.snapshot.auto.trigger.enabled = true (custom)
2022-08-26 07:48:25,249 [pool-72-thread-1] INFO  server.RaftServerConfigKeys (ConfUtils.java:logGet(46)) - raft.server.snapshot.auto.trigger.threshold = 10000 (custom)
2022-08-26 07:48:25,249 [pool-72-thread-1] INFO  server.RaftServerConfigKeys (ConfUtils.java:logGet(46)) - raft.server.snapshot.retention.file.num = 5 (custom)
2022-08-26 07:48:25,249 [pool-72-thread-1] INFO  server.RaftServerConfigKeys (ConfUtils.java:logGet(46)) - raft.server.log.purge.upto.snapshot.index = false (default)
2022-08-26 07:48:25,249 [pool-72-thread-1] INFO  server.RaftServerConfigKeys (ConfUtils.java:logGet(46)) - raft.server.retrycache.expirytime = 600000ms (custom)
2022-08-26 07:48:25,249 [pool-72-thread-1] INFO  server.RaftServerConfigKeys (ConfUtils.java:logGet(46)) - raft.server.retrycache.statistics.expirytime = 100μs (default)
2022-08-26 07:48:25,251 [pool-72-thread-1] INFO  server.RaftServerConfigKeys (ConfUtils.java:logGet(46)) - raft.server.log.appender.install.snapshot.enabled = false (custom)
2022-08-26 07:48:25,251 [pool-72-thread-1] INFO  server.RaftServerConfigKeys (ConfUtils.java:logGet(46)) - raft.server.threadpool.server.cached = true (default)
2022-08-26 07:48:25,251 [pool-72-thread-1] INFO  server.RaftServerConfigKeys (ConfUtils.java:logGet(46)) - raft.server.threadpool.server.size = 0 (default)
2022-08-26 07:48:25,251 [pool-72-thread-1] INFO  server.RaftServerConfigKeys (ConfUtils.java:logGet(46)) - raft.server.threadpool.client.cached = true (default)
2022-08-26 07:48:25,251 [pool-72-thread-1] INFO  server.RaftServerConfigKeys (ConfUtils.java:logGet(46)) - raft.server.threadpool.client.size = 0 (default)
2022-08-26 07:48:25,251 [pool-72-thread-1] INFO  server.RaftServer$Division (RaftServerImpl.java:start(310)) - e44a8a7a-b0a6-43bb-907a-11061d966fe2@group-6E16D60DC15A: start as a follower, conf=-1: [dd225e1e-7251-4789-a378-e78f7891434a|rpc:10.1.0.212:40987|priority:0, e44a8a7a-b0a6-43bb-907a-11061d966fe2|rpc:10.1.0.212:39427|priority:1, 1517f5f4-31fa-4d81-9e6e-dd93dde0f3a0|rpc:10.1.0.212:34529|priority:0], old=null
2022-08-26 07:48:25,251 [pool-72-thread-1] INFO  server.RaftServer$Division (RaftServerImpl.java:setRole(299)) - e44a8a7a-b0a6-43bb-907a-11061d966fe2@group-6E16D60DC15A: changes role from      null to FOLLOWER at term 0 for startAsFollower
2022-08-26 07:48:25,251 [pool-72-thread-1] INFO  impl.RoleInfo (RoleInfo.java:updateAndGet(139)) - e44a8a7a-b0a6-43bb-907a-11061d966fe2: start e44a8a7a-b0a6-43bb-907a-11061d966fe2@group-6E16D60DC15A-FollowerState
2022-08-26 07:48:25,251 [pool-72-thread-1] INFO  util.JmxRegister (JmxRegister.java:tryRegister(44)) - Successfully registered JMX Bean with object name Ratis:service=RaftServer,group=group-6E16D60DC15A,id=e44a8a7a-b0a6-43bb-907a-11061d966fe2
2022-08-26 07:48:25,252 [Command processor thread] INFO  ratis.XceiverServerRatis (XceiverServerRatis.java:addGroup(765)) - Created group PipelineID=91c10930-75f1-4891-b0c6-6e16d60dc15a
2022-08-26 07:48:25,606 [Command processor thread] INFO  server.RaftServer (RaftServerProxy.java:addNew(96)) - dd225e1e-7251-4789-a378-e78f7891434a: addNew group-A509913659E8:[dd225e1e-7251-4789-a378-e78f7891434a|rpc:10.1.0.212:40987|priority:1] returns group-A509913659E8:java.util.concurrent.CompletableFuture@41d6b3a[Not completed]
2022-08-26 07:48:25,611 [pool-95-thread-1] INFO  server.RaftServer$Division (RaftServerImpl.java:<init>(190)) - dd225e1e-7251-4789-a378-e78f7891434a: new RaftServerImpl for group-A509913659E8:[dd225e1e-7251-4789-a378-e78f7891434a|rpc:10.1.0.212:40987|priority:1] with ContainerStateMachine:uninitialized
2022-08-26 07:48:25,611 [pool-95-thread-1] INFO  server.RaftServerConfigKeys (ConfUtils.java:logGet(46)) - raft.server.rpc.timeout.min = 5s (custom)
2022-08-26 07:48:25,612 [pool-95-thread-1] INFO  server.RaftServerConfigKeys (ConfUtils.java:logGet(46)) - raft.server.rpc.timeout.max = 5200ms (custom)
2022-08-26 07:48:25,612 [pool-95-thread-1] INFO  server.RaftServerConfigKeys (ConfUtils.java:logGet(46)) - raft.server.rpc.sleep.time = 25ms (default)
2022-08-26 07:48:25,612 [pool-95-thread-1] INFO  server.RaftServerConfigKeys (ConfUtils.java:logGet(46)) - raft.server.rpc.slowness.timeout = 300s (custom)
2022-08-26 07:48:25,612 [pool-95-thread-1] INFO  server.RaftServerConfigKeys (ConfUtils.java:logGet(46)) - raft.server.leaderelection.leader.step-down.wait-time = 10s (default)
2022-08-26 07:48:25,612 [pool-95-thread-1] INFO  server.RaftServerConfigKeys (ConfUtils.java:logGet(46)) - raft.server.sleep.deviation.threshold = 300ms (default)
2022-08-26 07:48:25,612 [pool-95-thread-1] INFO  server.RaftServer$Division (ServerState.java:<init>(107)) - dd225e1e-7251-4789-a378-e78f7891434a@group-A509913659E8: ConfigurationManager, init=-1: [dd225e1e-7251-4789-a378-e78f7891434a|rpc:10.1.0.212:40987|priority:1], old=null, confs=<EMPTY_MAP>
2022-08-26 07:48:25,612 [pool-95-thread-1] INFO  server.RaftServerConfigKeys (ConfUtils.java:logGet(46)) - raft.server.storage.dir = [/home/runner/work/ozone/ozone/hadoop-ozone/integration-test/target/test-dir/MiniOzoneClusterImpl-fd94d619-731c-4cf3-b4d0-a84e41dfe71c/datanode-1/data/ratis] (custom)
2022-08-26 07:48:25,613 [pool-95-thread-1] INFO  server.RaftServerConfigKeys (ConfUtils.java:logGet(46)) - raft.server.log.corruption.policy = EXCEPTION (default)
2022-08-26 07:48:25,613 [pool-95-thread-1] INFO  server.RaftServerConfigKeys (ConfUtils.java:logGet(46)) - raft.server.storage.free-space.min = 0MB (=0) (default)
2022-08-26 07:48:25,613 [pool-95-thread-1] INFO  storage.RaftStorageDirectory (RaftStorageDirectoryImpl.java:analyzeStorage(135)) - The storage directory /home/runner/work/ozone/ozone/hadoop-ozone/integration-test/target/test-dir/MiniOzoneClusterImpl-fd94d619-731c-4cf3-b4d0-a84e41dfe71c/datanode-1/data/ratis/da389c29-598b-43e1-bffd-a509913659e8 does not exist. Creating ...
2022-08-26 07:48:25,614 [pool-95-thread-1] INFO  storage.RaftStorageDirectory (RaftStorageDirectoryImpl.java:tryLock(230)) - Lock on /home/runner/work/ozone/ozone/hadoop-ozone/integration-test/target/test-dir/MiniOzoneClusterImpl-fd94d619-731c-4cf3-b4d0-a84e41dfe71c/datanode-1/data/ratis/da389c29-598b-43e1-bffd-a509913659e8/in_use.lock acquired by nodename 56754@fv-az127-536
2022-08-26 07:48:25,615 [pool-95-thread-1] INFO  storage.RaftStorage (RaftStorageImpl.java:format(89)) - Storage directory /home/runner/work/ozone/ozone/hadoop-ozone/integration-test/target/test-dir/MiniOzoneClusterImpl-fd94d619-731c-4cf3-b4d0-a84e41dfe71c/datanode-1/data/ratis/da389c29-598b-43e1-bffd-a509913659e8 has been successfully formatted.
2022-08-26 07:48:25,618 [pool-95-thread-1] INFO  ratis.ContainerStateMachine (ContainerStateMachine.java:loadSnapshot(236)) - group-A509913659E8: The snapshot info is null. Setting the last applied indexto:(t:0, i:~)
2022-08-26 07:48:25,620 [EventQueue-PipelineReportForPipelineReportHandler] INFO  pipeline.PipelineManagerImpl (PipelineManagerImpl.java:openPipeline(367)) - Pipeline Pipeline[ Id: da389c29-598b-43e1-bffd-a509913659e8, Nodes: dd225e1e-7251-4789-a378-e78f7891434a{ip: 10.1.0.212, host: fv-az127-536.h3uyzbqov44edfyrgkjongjtha.bx.internal.cloudapp.net, ports: [REPLICATION=33517, RATIS=40987, RATIS_ADMIN=40987, RATIS_SERVER=40987, STANDALONE=46853], networkLocation: /default-rack, certSerialId: null, persistedOpState: IN_SERVICE, persistedOpStateExpiryEpochSec: 0}, ReplicationConfig: RATIS/ONE, State:ALLOCATED, leaderId:dd225e1e-7251-4789-a378-e78f7891434a, CreationTimestamp2022-08-26T07:48:22.607Z[Etc/UTC]] moved to OPEN state
2022-08-26 07:48:25,621 [EventQueue-OpenPipelineForHealthyPipelineSafeModeRule] INFO  safemode.SCMSafeModeManager (HealthyPipelineSafeModeRule.java:process(137)) - SCM in safe mode. Healthy pipelines reported count is 0, required healthy pipeline reported count is 1
2022-08-26 07:48:25,623 [pool-95-thread-1] INFO  server.RaftServerConfigKeys (ConfUtils.java:logGet(46)) - raft.server.notification.no-leader.timeout = 300s (custom)
2022-08-26 07:48:25,624 [pool-95-thread-1] INFO  server.RaftServerConfigKeys (ConfUtils.java:logGet(46)) - raft.server.log.use.memory = false (default)
2022-08-26 07:48:25,624 [pool-95-thread-1] INFO  server.RaftServerConfigKeys (ConfUtils.java:logGet(46)) - raft.server.log.purge.gap = 1000000 (custom)
2022-08-26 07:48:25,624 [pool-95-thread-1] INFO  server.RaftServerConfigKeys (ConfUtils.java:logGet(46)) - raft.server.log.appender.buffer.byte-limit = 33554432 (custom)
2022-08-26 07:48:25,624 [pool-95-thread-1] INFO  server.RaftServerConfigKeys (ConfUtils.java:logGet(46)) - raft.server.log.statemachine.data.read.timeout = 1000ms (default)
2022-08-26 07:48:25,634 [pool-95-thread-1] INFO  server.RaftServerConfigKeys (ConfUtils.java:logGet(46)) - raft.server.log.segment.size.max = 1048576 (custom)
2022-08-26 07:48:25,635 [pool-95-thread-1] INFO  server.RaftServerConfigKeys (ConfUtils.java:logGet(46)) - raft.server.log.segment.cache.num.max = 2 (custom)
2022-08-26 07:48:25,635 [pool-95-thread-1] INFO  server.RaftServerConfigKeys (ConfUtils.java:logGet(46)) - raft.server.log.segment.cache.size.max = 200MB (=209715200) (default)
2022-08-26 07:48:25,635 [pool-95-thread-1] INFO  segmented.SegmentedRaftLogWorker (SegmentedRaftLogWorker.java:<init>(187)) - new dd225e1e-7251-4789-a378-e78f7891434a@group-A509913659E8-SegmentedRaftLogWorker for RaftStorageImpl:Storage Directory /home/runner/work/ozone/ozone/hadoop-ozone/integration-test/target/test-dir/MiniOzoneClusterImpl-fd94d619-731c-4cf3-b4d0-a84e41dfe71c/datanode-1/data/ratis/da389c29-598b-43e1-bffd-a509913659e8
2022-08-26 07:48:25,635 [pool-95-thread-1] INFO  server.RaftServerConfigKeys (ConfUtils.java:logGet(46)) - raft.server.log.queue.byte-limit = 4294967296 (custom)
2022-08-26 07:48:25,635 [pool-95-thread-1] INFO  server.RaftServerConfigKeys (ConfUtils.java:logGet(46)) - raft.server.log.queue.element-limit = 1024 (custom)
2022-08-26 07:48:25,635 [pool-95-thread-1] INFO  server.RaftServerConfigKeys (ConfUtils.java:logGet(46)) - raft.server.log.segment.size.max = 1048576 (custom)
2022-08-26 07:48:25,635 [pool-95-thread-1] INFO  server.RaftServerConfigKeys (ConfUtils.java:logGet(46)) - raft.server.log.preallocated.size = 16384 (custom)
2022-08-26 07:48:25,635 [pool-95-thread-1] INFO  server.RaftServerConfigKeys (ConfUtils.java:logGet(46)) - raft.server.log.force.sync.num = 128 (default)
2022-08-26 07:48:25,635 [pool-95-thread-1] INFO  server.RaftServerConfigKeys (ConfUtils.java:logGet(46)) - raft.server.log.statemachine.data.sync = true (default)
2022-08-26 07:48:25,635 [pool-95-thread-1] INFO  server.RaftServerConfigKeys (ConfUtils.java:logGet(46)) - raft.server.log.statemachine.data.sync.timeout = 10s (default)
2022-08-26 07:48:25,635 [pool-95-thread-1] INFO  server.RaftServerConfigKeys (ConfUtils.java:logGet(46)) - raft.server.log.statemachine.data.sync.timeout.retry = -1 (default)
2022-08-26 07:48:25,636 [pool-95-thread-1] INFO  server.RaftServerConfigKeys (ConfUtils.java:logGet(46)) - raft.server.log.write.buffer.size = 1048576 (custom)
2022-08-26 07:48:25,637 [pool-95-thread-1] INFO  server.RaftServerConfigKeys (ConfUtils.java:logGet(46)) - raft.server.log.unsafe-flush.enabled = false (default)
2022-08-26 07:48:25,637 [pool-95-thread-1] INFO  server.RaftServerConfigKeys (ConfUtils.java:logGet(46)) - raft.server.log.statemachine.data.caching.enabled = true (custom)
2022-08-26 07:48:25,637 [pool-95-thread-1] INFO  segmented.SegmentedRaftLogWorker (SegmentedRaftLogWorker.java:lambda$new$0(135)) - dd225e1e-7251-4789-a378-e78f7891434a@group-A509913659E8-SegmentedRaftLogWorker: flushIndex: setUnconditionally 0 -> -1
2022-08-26 07:48:25,637 [pool-95-thread-1] INFO  segmented.SegmentedRaftLogWorker (SegmentedRaftLogWorker.java:lambda$new$0(135)) - dd225e1e-7251-4789-a378-e78f7891434a@group-A509913659E8-SegmentedRaftLogWorker: safeCacheEvictIndex: setUnconditionally 0 -> -1
2022-08-26 07:48:25,645 [pool-95-thread-1] INFO  server.RaftServerConfigKeys (ConfUtils.java:logGet(46)) - raft.server.snapshot.auto.trigger.enabled = true (custom)
2022-08-26 07:48:25,645 [pool-95-thread-1] INFO  server.RaftServerConfigKeys (ConfUtils.java:logGet(46)) - raft.server.snapshot.auto.trigger.threshold = 10000 (custom)
2022-08-26 07:48:25,645 [pool-95-thread-1] INFO  server.RaftServerConfigKeys (ConfUtils.java:logGet(46)) - raft.server.snapshot.retention.file.num = 5 (custom)
2022-08-26 07:48:25,645 [pool-95-thread-1] INFO  server.RaftServerConfigKeys (ConfUtils.java:logGet(46)) - raft.server.log.purge.upto.snapshot.index = false (default)
2022-08-26 07:48:25,645 [pool-95-thread-1] INFO  server.RaftServerConfigKeys (ConfUtils.java:logGet(46)) - raft.server.retrycache.expirytime = 600000ms (custom)
2022-08-26 07:48:25,645 [pool-95-thread-1] INFO  server.RaftServerConfigKeys (ConfUtils.java:logGet(46)) - raft.server.retrycache.statistics.expirytime = 100μs (default)
2022-08-26 07:48:25,646 [pool-95-thread-1] INFO  server.RaftServerConfigKeys (ConfUtils.java:logGet(46)) - raft.server.log.appender.install.snapshot.enabled = false (custom)
2022-08-26 07:48:25,646 [pool-95-thread-1] INFO  server.RaftServerConfigKeys (ConfUtils.java:logGet(46)) - raft.server.threadpool.server.cached = true (default)
2022-08-26 07:48:25,646 [pool-95-thread-1] INFO  server.RaftServerConfigKeys (ConfUtils.java:logGet(46)) - raft.server.threadpool.server.size = 0 (default)
2022-08-26 07:48:25,647 [pool-95-thread-1] INFO  server.RaftServerConfigKeys (ConfUtils.java:logGet(46)) - raft.server.threadpool.client.cached = true (default)
2022-08-26 07:48:25,647 [pool-95-thread-1] INFO  server.RaftServerConfigKeys (ConfUtils.java:logGet(46)) - raft.server.threadpool.client.size = 0 (default)
2022-08-26 07:48:25,647 [pool-95-thread-1] INFO  server.RaftServer$Division (RaftServerImpl.java:start(310)) - dd225e1e-7251-4789-a378-e78f7891434a@group-A509913659E8: start as a follower, conf=-1: [dd225e1e-7251-4789-a378-e78f7891434a|rpc:10.1.0.212:40987|priority:1], old=null
2022-08-26 07:48:25,647 [pool-95-thread-1] INFO  server.RaftServer$Division (RaftServerImpl.java:setRole(299)) - dd225e1e-7251-4789-a378-e78f7891434a@group-A509913659E8: changes role from      null to FOLLOWER at term 0 for startAsFollower
2022-08-26 07:48:25,647 [pool-95-thread-1] INFO  impl.RoleInfo (RoleInfo.java:updateAndGet(139)) - dd225e1e-7251-4789-a378-e78f7891434a: start dd225e1e-7251-4789-a378-e78f7891434a@group-A509913659E8-FollowerState
2022-08-26 07:48:25,659 [pool-95-thread-1] INFO  util.JmxRegister (JmxRegister.java:tryRegister(44)) - Successfully registered JMX Bean with object name Ratis:service=RaftServer,group=group-A509913659E8,id=dd225e1e-7251-4789-a378-e78f7891434a
2022-08-26 07:48:25,667 [Command processor thread] INFO  ratis.XceiverServerRatis (XceiverServerRatis.java:addGroup(765)) - Created group PipelineID=da389c29-598b-43e1-bffd-a509913659e8
2022-08-26 07:48:25,667 [Command processor thread] INFO  commandhandler.CreatePipelineCommandHandler (CreatePipelineCommandHandler.java:handle(113)) - Created Pipeline RATIS ONE PipelineID=da389c29-598b-43e1-bffd-a509913659e8.
2022-08-26 07:48:25,667 [Command processor thread] INFO  server.RaftServer (RaftServerProxy.java:addNew(96)) - dd225e1e-7251-4789-a378-e78f7891434a: addNew group-6E16D60DC15A:[dd225e1e-7251-4789-a378-e78f7891434a|rpc:10.1.0.212:40987|priority:0, e44a8a7a-b0a6-43bb-907a-11061d966fe2|rpc:10.1.0.212:39427|priority:1, 1517f5f4-31fa-4d81-9e6e-dd93dde0f3a0|rpc:10.1.0.212:34529|priority:0] returns group-6E16D60DC15A:java.util.concurrent.CompletableFuture@22ff61[Not completed]
2022-08-26 07:48:25,669 [pool-95-thread-1] INFO  server.RaftServer$Division (RaftServerImpl.java:<init>(190)) - dd225e1e-7251-4789-a378-e78f7891434a: new RaftServerImpl for group-6E16D60DC15A:[dd225e1e-7251-4789-a378-e78f7891434a|rpc:10.1.0.212:40987|priority:0, e44a8a7a-b0a6-43bb-907a-11061d966fe2|rpc:10.1.0.212:39427|priority:1, 1517f5f4-31fa-4d81-9e6e-dd93dde0f3a0|rpc:10.1.0.212:34529|priority:0] with ContainerStateMachine:uninitialized
2022-08-26 07:48:25,669 [pool-95-thread-1] INFO  server.RaftServerConfigKeys (ConfUtils.java:logGet(46)) - raft.server.rpc.timeout.min = 5s (custom)
2022-08-26 07:48:25,669 [pool-95-thread-1] INFO  server.RaftServerConfigKeys (ConfUtils.java:logGet(46)) - raft.server.rpc.timeout.max = 5200ms (custom)
2022-08-26 07:48:25,669 [pool-95-thread-1] INFO  server.RaftServerConfigKeys (ConfUtils.java:logGet(46)) - raft.server.rpc.sleep.time = 25ms (default)
2022-08-26 07:48:25,669 [pool-95-thread-1] INFO  server.RaftServerConfigKeys (ConfUtils.java:logGet(46)) - raft.server.rpc.slowness.timeout = 300s (custom)
2022-08-26 07:48:25,669 [pool-95-thread-1] INFO  server.RaftServerConfigKeys (ConfUtils.java:logGet(46)) - raft.server.leaderelection.leader.step-down.wait-time = 10s (default)
2022-08-26 07:48:25,669 [pool-95-thread-1] INFO  server.RaftServerConfigKeys (ConfUtils.java:logGet(46)) - raft.server.sleep.deviation.threshold = 300ms (default)
2022-08-26 07:48:25,669 [pool-95-thread-1] INFO  server.RaftServer$Division (ServerState.java:<init>(107)) - dd225e1e-7251-4789-a378-e78f7891434a@group-6E16D60DC15A: ConfigurationManager, init=-1: [dd225e1e-7251-4789-a378-e78f7891434a|rpc:10.1.0.212:40987|priority:0, e44a8a7a-b0a6-43bb-907a-11061d966fe2|rpc:10.1.0.212:39427|priority:1, 1517f5f4-31fa-4d81-9e6e-dd93dde0f3a0|rpc:10.1.0.212:34529|priority:0], old=null, confs=<EMPTY_MAP>
2022-08-26 07:48:25,669 [pool-95-thread-1] INFO  server.RaftServerConfigKeys (ConfUtils.java:logGet(46)) - raft.server.storage.dir = [/home/runner/work/ozone/ozone/hadoop-ozone/integration-test/target/test-dir/MiniOzoneClusterImpl-fd94d619-731c-4cf3-b4d0-a84e41dfe71c/datanode-1/data/ratis] (custom)
2022-08-26 07:48:25,669 [pool-95-thread-1] INFO  server.RaftServerConfigKeys (ConfUtils.java:logGet(46)) - raft.server.log.corruption.policy = EXCEPTION (default)
2022-08-26 07:48:25,669 [pool-95-thread-1] INFO  server.RaftServerConfigKeys (ConfUtils.java:logGet(46)) - raft.server.storage.free-space.min = 0MB (=0) (default)
2022-08-26 07:48:25,669 [pool-95-thread-1] INFO  storage.RaftStorageDirectory (RaftStorageDirectoryImpl.java:analyzeStorage(135)) - The storage directory /home/runner/work/ozone/ozone/hadoop-ozone/integration-test/target/test-dir/MiniOzoneClusterImpl-fd94d619-731c-4cf3-b4d0-a84e41dfe71c/datanode-1/data/ratis/91c10930-75f1-4891-b0c6-6e16d60dc15a does not exist. Creating ...
2022-08-26 07:48:25,670 [pool-95-thread-1] INFO  storage.RaftStorageDirectory (RaftStorageDirectoryImpl.java:tryLock(230)) - Lock on /home/runner/work/ozone/ozone/hadoop-ozone/integration-test/target/test-dir/MiniOzoneClusterImpl-fd94d619-731c-4cf3-b4d0-a84e41dfe71c/datanode-1/data/ratis/91c10930-75f1-4891-b0c6-6e16d60dc15a/in_use.lock acquired by nodename 56754@fv-az127-536
2022-08-26 07:48:25,671 [pool-95-thread-1] INFO  storage.RaftStorage (RaftStorageImpl.java:format(89)) - Storage directory /home/runner/work/ozone/ozone/hadoop-ozone/integration-test/target/test-dir/MiniOzoneClusterImpl-fd94d619-731c-4cf3-b4d0-a84e41dfe71c/datanode-1/data/ratis/91c10930-75f1-4891-b0c6-6e16d60dc15a has been successfully formatted.
2022-08-26 07:48:25,673 [pool-95-thread-1] INFO  ratis.ContainerStateMachine (ContainerStateMachine.java:loadSnapshot(236)) - group-6E16D60DC15A: The snapshot info is null. Setting the last applied indexto:(t:0, i:~)
2022-08-26 07:48:25,673 [pool-95-thread-1] INFO  server.RaftServerConfigKeys (ConfUtils.java:logGet(46)) - raft.server.notification.no-leader.timeout = 300s (custom)
2022-08-26 07:48:25,673 [pool-95-thread-1] INFO  server.RaftServerConfigKeys (ConfUtils.java:logGet(46)) - raft.server.log.use.memory = false (default)
2022-08-26 07:48:25,673 [pool-95-thread-1] INFO  server.RaftServerConfigKeys (ConfUtils.java:logGet(46)) - raft.server.log.purge.gap = 1000000 (custom)
2022-08-26 07:48:25,673 [pool-95-thread-1] INFO  server.RaftServerConfigKeys (ConfUtils.java:logGet(46)) - raft.server.log.appender.buffer.byte-limit = 33554432 (custom)
2022-08-26 07:48:25,674 [pool-95-thread-1] INFO  server.RaftServerConfigKeys (ConfUtils.java:logGet(46)) - raft.server.log.statemachine.data.read.timeout = 1000ms (default)
2022-08-26 07:48:25,675 [EventQueue-OpenPipelineForHealthyPipelineSafeModeRule] INFO  safemode.SCMSafeModeManager (HealthyPipelineSafeModeRule.java:process(137)) - SCM in safe mode. Healthy pipelines reported count is 0, required healthy pipeline reported count is 1
2022-08-26 07:48:25,675 [pool-95-thread-1] INFO  server.RaftServerConfigKeys (ConfUtils.java:logGet(46)) - raft.server.log.segment.size.max = 1048576 (custom)
2022-08-26 07:48:25,676 [pool-95-thread-1] INFO  server.RaftServerConfigKeys (ConfUtils.java:logGet(46)) - raft.server.log.segment.cache.num.max = 2 (custom)
2022-08-26 07:48:25,676 [pool-95-thread-1] INFO  server.RaftServerConfigKeys (ConfUtils.java:logGet(46)) - raft.server.log.segment.cache.size.max = 200MB (=209715200) (default)
2022-08-26 07:48:25,676 [pool-95-thread-1] INFO  segmented.SegmentedRaftLogWorker (SegmentedRaftLogWorker.java:<init>(187)) - new dd225e1e-7251-4789-a378-e78f7891434a@group-6E16D60DC15A-SegmentedRaftLogWorker for RaftStorageImpl:Storage Directory /home/runner/work/ozone/ozone/hadoop-ozone/integration-test/target/test-dir/MiniOzoneClusterImpl-fd94d619-731c-4cf3-b4d0-a84e41dfe71c/datanode-1/data/ratis/91c10930-75f1-4891-b0c6-6e16d60dc15a
2022-08-26 07:48:25,676 [pool-95-thread-1] INFO  server.RaftServerConfigKeys (ConfUtils.java:logGet(46)) - raft.server.log.queue.byte-limit = 4294967296 (custom)
2022-08-26 07:48:25,676 [pool-95-thread-1] INFO  server.RaftServerConfigKeys (ConfUtils.java:logGet(46)) - raft.server.log.queue.element-limit = 1024 (custom)
2022-08-26 07:48:25,676 [pool-95-thread-1] INFO  server.RaftServerConfigKeys (ConfUtils.java:logGet(46)) - raft.server.log.segment.size.max = 1048576 (custom)
2022-08-26 07:48:25,676 [pool-95-thread-1] INFO  server.RaftServerConfigKeys (ConfUtils.java:logGet(46)) - raft.server.log.preallocated.size = 16384 (custom)
2022-08-26 07:48:25,676 [pool-95-thread-1] INFO  server.RaftServerConfigKeys (ConfUtils.java:logGet(46)) - raft.server.log.force.sync.num = 128 (default)
2022-08-26 07:48:25,676 [pool-95-thread-1] INFO  server.RaftServerConfigKeys (ConfUtils.java:logGet(46)) - raft.server.log.statemachine.data.sync = true (default)
2022-08-26 07:48:25,676 [pool-95-thread-1] INFO  server.RaftServerConfigKeys (ConfUtils.java:logGet(46)) - raft.server.log.statemachine.data.sync.timeout = 10s (default)
2022-08-26 07:48:25,676 [pool-95-thread-1] INFO  server.RaftServerConfigKeys (ConfUtils.java:logGet(46)) - raft.server.log.statemachine.data.sync.timeout.retry = -1 (default)
2022-08-26 07:48:25,677 [pool-95-thread-1] INFO  server.RaftServerConfigKeys (ConfUtils.java:logGet(46)) - raft.server.log.write.buffer.size = 1048576 (custom)
2022-08-26 07:48:25,678 [pool-95-thread-1] INFO  server.RaftServerConfigKeys (ConfUtils.java:logGet(46)) - raft.server.log.unsafe-flush.enabled = false (default)
2022-08-26 07:48:25,678 [pool-95-thread-1] INFO  server.RaftServerConfigKeys (ConfUtils.java:logGet(46)) - raft.server.log.statemachine.data.caching.enabled = true (custom)
2022-08-26 07:48:25,678 [pool-95-thread-1] INFO  segmented.SegmentedRaftLogWorker (SegmentedRaftLogWorker.java:lambda$new$0(135)) - dd225e1e-7251-4789-a378-e78f7891434a@group-6E16D60DC15A-SegmentedRaftLogWorker: flushIndex: setUnconditionally 0 -> -1
2022-08-26 07:48:25,678 [pool-95-thread-1] INFO  segmented.SegmentedRaftLogWorker (SegmentedRaftLogWorker.java:lambda$new$0(135)) - dd225e1e-7251-4789-a378-e78f7891434a@group-6E16D60DC15A-SegmentedRaftLogWorker: safeCacheEvictIndex: setUnconditionally 0 -> -1
2022-08-26 07:48:25,682 [pool-95-thread-1] INFO  server.RaftServerConfigKeys (ConfUtils.java:logGet(46)) - raft.server.snapshot.auto.trigger.enabled = true (custom)
2022-08-26 07:48:25,682 [pool-95-thread-1] INFO  server.RaftServerConfigKeys (ConfUtils.java:logGet(46)) - raft.server.snapshot.auto.trigger.threshold = 10000 (custom)
2022-08-26 07:48:25,682 [pool-95-thread-1] INFO  server.RaftServerConfigKeys (ConfUtils.java:logGet(46)) - raft.server.snapshot.retention.file.num = 5 (custom)
2022-08-26 07:48:25,682 [pool-95-thread-1] INFO  server.RaftServerConfigKeys (ConfUtils.java:logGet(46)) - raft.server.log.purge.upto.snapshot.index = false (default)
2022-08-26 07:48:25,682 [pool-95-thread-1] INFO  server.RaftServerConfigKeys (ConfUtils.java:logGet(46)) - raft.server.retrycache.expirytime = 600000ms (custom)
2022-08-26 07:48:25,682 [pool-95-thread-1] INFO  server.RaftServerConfigKeys (ConfUtils.java:logGet(46)) - raft.server.retrycache.statistics.expirytime = 100μs (default)
2022-08-26 07:48:25,684 [pool-95-thread-1] INFO  server.RaftServerConfigKeys (ConfUtils.java:logGet(46)) - raft.server.log.appender.install.snapshot.enabled = false (custom)
2022-08-26 07:48:25,684 [pool-95-thread-1] INFO  server.RaftServerConfigKeys (ConfUtils.java:logGet(46)) - raft.server.threadpool.server.cached = true (default)
2022-08-26 07:48:25,684 [pool-95-thread-1] INFO  server.RaftServerConfigKeys (ConfUtils.java:logGet(46)) - raft.server.threadpool.server.size = 0 (default)
2022-08-26 07:48:25,684 [pool-95-thread-1] INFO  server.RaftServerConfigKeys (ConfUtils.java:logGet(46)) - raft.server.threadpool.client.cached = true (default)
2022-08-26 07:48:25,684 [pool-95-thread-1] INFO  server.RaftServerConfigKeys (ConfUtils.java:logGet(46)) - raft.server.threadpool.client.size = 0 (default)
2022-08-26 07:48:25,684 [pool-95-thread-1] INFO  server.RaftServer$Division (RaftServerImpl.java:start(310)) - dd225e1e-7251-4789-a378-e78f7891434a@group-6E16D60DC15A: start as a follower, conf=-1: [dd225e1e-7251-4789-a378-e78f7891434a|rpc:10.1.0.212:40987|priority:0, e44a8a7a-b0a6-43bb-907a-11061d966fe2|rpc:10.1.0.212:39427|priority:1, 1517f5f4-31fa-4d81-9e6e-dd93dde0f3a0|rpc:10.1.0.212:34529|priority:0], old=null
2022-08-26 07:48:25,684 [pool-95-thread-1] INFO  server.RaftServer$Division (RaftServerImpl.java:setRole(299)) - dd225e1e-7251-4789-a378-e78f7891434a@group-6E16D60DC15A: changes role from      null to FOLLOWER at term 0 for startAsFollower
2022-08-26 07:48:25,684 [pool-95-thread-1] INFO  impl.RoleInfo (RoleInfo.java:updateAndGet(139)) - dd225e1e-7251-4789-a378-e78f7891434a: start dd225e1e-7251-4789-a378-e78f7891434a@group-6E16D60DC15A-FollowerState
2022-08-26 07:48:25,686 [pool-95-thread-1] INFO  util.JmxRegister (JmxRegister.java:tryRegister(44)) - Successfully registered JMX Bean with object name Ratis:service=RaftServer,group=group-6E16D60DC15A,id=dd225e1e-7251-4789-a378-e78f7891434a
2022-08-26 07:48:25,688 [Command processor thread] INFO  ratis.XceiverServerRatis (XceiverServerRatis.java:addGroup(765)) - Created group PipelineID=91c10930-75f1-4891-b0c6-6e16d60dc15a
2022-08-26 07:48:25,949 [grpc-default-executor-1] INFO  server.RaftServer (RaftServerProxy.java:addNew(96)) - 1517f5f4-31fa-4d81-9e6e-dd93dde0f3a0: addNew group-6E16D60DC15A:[dd225e1e-7251-4789-a378-e78f7891434a|rpc:10.1.0.212:40987|dataStream:|priority:0, e44a8a7a-b0a6-43bb-907a-11061d966fe2|rpc:10.1.0.212:39427|dataStream:|priority:1, 1517f5f4-31fa-4d81-9e6e-dd93dde0f3a0|rpc:10.1.0.212:34529|dataStream:|priority:0] returns group-6E16D60DC15A:java.util.concurrent.CompletableFuture@eb45cb5[Not completed]
2022-08-26 07:48:25,952 [pool-118-thread-1] INFO  server.RaftServer$Division (RaftServerImpl.java:<init>(190)) - 1517f5f4-31fa-4d81-9e6e-dd93dde0f3a0: new RaftServerImpl for group-6E16D60DC15A:[dd225e1e-7251-4789-a378-e78f7891434a|rpc:10.1.0.212:40987|dataStream:|priority:0, e44a8a7a-b0a6-43bb-907a-11061d966fe2|rpc:10.1.0.212:39427|dataStream:|priority:1, 1517f5f4-31fa-4d81-9e6e-dd93dde0f3a0|rpc:10.1.0.212:34529|dataStream:|priority:0] with ContainerStateMachine:uninitialized
2022-08-26 07:48:25,952 [pool-118-thread-1] INFO  server.RaftServerConfigKeys (ConfUtils.java:logGet(46)) - raft.server.rpc.timeout.min = 5s (custom)
2022-08-26 07:48:25,952 [pool-118-thread-1] INFO  server.RaftServerConfigKeys (ConfUtils.java:logGet(46)) - raft.server.rpc.timeout.max = 5200ms (custom)
2022-08-26 07:48:25,952 [pool-118-thread-1] INFO  server.RaftServerConfigKeys (ConfUtils.java:logGet(46)) - raft.server.rpc.sleep.time = 25ms (default)
2022-08-26 07:48:25,952 [pool-118-thread-1] INFO  server.RaftServerConfigKeys (ConfUtils.java:logGet(46)) - raft.server.rpc.slowness.timeout = 300s (custom)
2022-08-26 07:48:25,952 [pool-118-thread-1] INFO  server.RaftServerConfigKeys (ConfUtils.java:logGet(46)) - raft.server.leaderelection.leader.step-down.wait-time = 10s (default)
2022-08-26 07:48:25,952 [pool-118-thread-1] INFO  server.RaftServerConfigKeys (ConfUtils.java:logGet(46)) - raft.server.sleep.deviation.threshold = 300ms (default)
2022-08-26 07:48:25,952 [pool-118-thread-1] INFO  server.RaftServer$Division (ServerState.java:<init>(107)) - 1517f5f4-31fa-4d81-9e6e-dd93dde0f3a0@group-6E16D60DC15A: ConfigurationManager, init=-1: [dd225e1e-7251-4789-a378-e78f7891434a|rpc:10.1.0.212:40987|dataStream:|priority:0, e44a8a7a-b0a6-43bb-907a-11061d966fe2|rpc:10.1.0.212:39427|dataStream:|priority:1, 1517f5f4-31fa-4d81-9e6e-dd93dde0f3a0|rpc:10.1.0.212:34529|dataStream:|priority:0], old=null, confs=<EMPTY_MAP>
2022-08-26 07:48:25,952 [pool-118-thread-1] INFO  server.RaftServerConfigKeys (ConfUtils.java:logGet(46)) - raft.server.storage.dir = [/home/runner/work/ozone/ozone/hadoop-ozone/integration-test/target/test-dir/MiniOzoneClusterImpl-fd94d619-731c-4cf3-b4d0-a84e41dfe71c/datanode-2/data/ratis] (custom)
2022-08-26 07:48:25,953 [pool-118-thread-1] INFO  server.RaftServerConfigKeys (ConfUtils.java:logGet(46)) - raft.server.log.corruption.policy = EXCEPTION (default)
2022-08-26 07:48:25,953 [pool-118-thread-1] INFO  server.RaftServerConfigKeys (ConfUtils.java:logGet(46)) - raft.server.storage.free-space.min = 0MB (=0) (default)
2022-08-26 07:48:25,953 [pool-118-thread-1] INFO  storage.RaftStorageDirectory (RaftStorageDirectoryImpl.java:analyzeStorage(135)) - The storage directory /home/runner/work/ozone/ozone/hadoop-ozone/integration-test/target/test-dir/MiniOzoneClusterImpl-fd94d619-731c-4cf3-b4d0-a84e41dfe71c/datanode-2/data/ratis/91c10930-75f1-4891-b0c6-6e16d60dc15a does not exist. Creating ...
2022-08-26 07:48:25,956 [pool-118-thread-1] INFO  storage.RaftStorageDirectory (RaftStorageDirectoryImpl.java:tryLock(230)) - Lock on /home/runner/work/ozone/ozone/hadoop-ozone/integration-test/target/test-dir/MiniOzoneClusterImpl-fd94d619-731c-4cf3-b4d0-a84e41dfe71c/datanode-2/data/ratis/91c10930-75f1-4891-b0c6-6e16d60dc15a/in_use.lock acquired by nodename 56754@fv-az127-536
2022-08-26 07:48:25,958 [pool-118-thread-1] INFO  storage.RaftStorage (RaftStorageImpl.java:format(89)) - Storage directory /home/runner/work/ozone/ozone/hadoop-ozone/integration-test/target/test-dir/MiniOzoneClusterImpl-fd94d619-731c-4cf3-b4d0-a84e41dfe71c/datanode-2/data/ratis/91c10930-75f1-4891-b0c6-6e16d60dc15a has been successfully formatted.
2022-08-26 07:48:25,960 [pool-118-thread-1] INFO  ratis.ContainerStateMachine (ContainerStateMachine.java:loadSnapshot(236)) - group-6E16D60DC15A: The snapshot info is null. Setting the last applied indexto:(t:0, i:~)
2022-08-26 07:48:25,967 [pool-118-thread-1] INFO  server.RaftServerConfigKeys (ConfUtils.java:logGet(46)) - raft.server.notification.no-leader.timeout = 300s (custom)
2022-08-26 07:48:25,967 [pool-118-thread-1] INFO  server.RaftServerConfigKeys (ConfUtils.java:logGet(46)) - raft.server.log.use.memory = false (default)
2022-08-26 07:48:25,967 [pool-118-thread-1] INFO  server.RaftServerConfigKeys (ConfUtils.java:logGet(46)) - raft.server.log.purge.gap = 1000000 (custom)
2022-08-26 07:48:25,967 [pool-118-thread-1] INFO  server.RaftServerConfigKeys (ConfUtils.java:logGet(46)) - raft.server.log.appender.buffer.byte-limit = 33554432 (custom)
2022-08-26 07:48:25,967 [pool-118-thread-1] INFO  server.RaftServerConfigKeys (ConfUtils.java:logGet(46)) - raft.server.log.statemachine.data.read.timeout = 1000ms (default)
2022-08-26 07:48:25,967 [pool-118-thread-1] INFO  server.RaftServerConfigKeys (ConfUtils.java:logGet(46)) - raft.server.log.segment.size.max = 1048576 (custom)
2022-08-26 07:48:25,968 [pool-118-thread-1] INFO  server.RaftServerConfigKeys (ConfUtils.java:logGet(46)) - raft.server.log.segment.cache.num.max = 2 (custom)
2022-08-26 07:48:25,968 [pool-118-thread-1] INFO  server.RaftServerConfigKeys (ConfUtils.java:logGet(46)) - raft.server.log.segment.cache.size.max = 200MB (=209715200) (default)
2022-08-26 07:48:25,968 [pool-118-thread-1] INFO  segmented.SegmentedRaftLogWorker (SegmentedRaftLogWorker.java:<init>(187)) - new 1517f5f4-31fa-4d81-9e6e-dd93dde0f3a0@group-6E16D60DC15A-SegmentedRaftLogWorker for RaftStorageImpl:Storage Directory /home/runner/work/ozone/ozone/hadoop-ozone/integration-test/target/test-dir/MiniOzoneClusterImpl-fd94d619-731c-4cf3-b4d0-a84e41dfe71c/datanode-2/data/ratis/91c10930-75f1-4891-b0c6-6e16d60dc15a
2022-08-26 07:48:25,968 [pool-118-thread-1] INFO  server.RaftServerConfigKeys (ConfUtils.java:logGet(46)) - raft.server.log.queue.byte-limit = 4294967296 (custom)
2022-08-26 07:48:25,968 [pool-118-thread-1] INFO  server.RaftServerConfigKeys (ConfUtils.java:logGet(46)) - raft.server.log.queue.element-limit = 1024 (custom)
2022-08-26 07:48:25,968 [pool-118-thread-1] INFO  server.RaftServerConfigKeys (ConfUtils.java:logGet(46)) - raft.server.log.segment.size.max = 1048576 (custom)
2022-08-26 07:48:25,968 [pool-118-thread-1] INFO  server.RaftServerConfigKeys (ConfUtils.java:logGet(46)) - raft.server.log.preallocated.size = 16384 (custom)
2022-08-26 07:48:25,968 [pool-118-thread-1] INFO  server.RaftServerConfigKeys (ConfUtils.java:logGet(46)) - raft.server.log.force.sync.num = 128 (default)
2022-08-26 07:48:25,968 [pool-118-thread-1] INFO  server.RaftServerConfigKeys (ConfUtils.java:logGet(46)) - raft.server.log.statemachine.data.sync = true (default)
2022-08-26 07:48:25,968 [pool-118-thread-1] INFO  server.RaftServerConfigKeys (ConfUtils.java:logGet(46)) - raft.server.log.statemachine.data.sync.timeout = 10s (default)
2022-08-26 07:48:25,968 [pool-118-thread-1] INFO  server.RaftServerConfigKeys (ConfUtils.java:logGet(46)) - raft.server.log.statemachine.data.sync.timeout.retry = -1 (default)
2022-08-26 07:48:25,970 [Command processor thread] INFO  commandhandler.CreatePipelineCommandHandler (CreatePipelineCommandHandler.java:handle(113)) - Created Pipeline RATIS THREE PipelineID=91c10930-75f1-4891-b0c6-6e16d60dc15a.
2022-08-26 07:48:25,970 [Command processor thread] INFO  server.RaftServer (RaftServerProxy.java:addNew(96)) - e44a8a7a-b0a6-43bb-907a-11061d966fe2: addNew group-C6412FA838CA:[e44a8a7a-b0a6-43bb-907a-11061d966fe2|rpc:10.1.0.212:39427|priority:0, dd225e1e-7251-4789-a378-e78f7891434a|rpc:10.1.0.212:40987|priority:0, 1517f5f4-31fa-4d81-9e6e-dd93dde0f3a0|rpc:10.1.0.212:34529|priority:1] returns group-C6412FA838CA:java.util.concurrent.CompletableFuture@7c8d7a28[Not completed]
2022-08-26 07:48:25,971 [pool-72-thread-1] INFO  server.RaftServer$Division (RaftServerImpl.java:<init>(190)) - e44a8a7a-b0a6-43bb-907a-11061d966fe2: new RaftServerImpl for group-C6412FA838CA:[e44a8a7a-b0a6-43bb-907a-11061d966fe2|rpc:10.1.0.212:39427|priority:0, dd225e1e-7251-4789-a378-e78f7891434a|rpc:10.1.0.212:40987|priority:0, 1517f5f4-31fa-4d81-9e6e-dd93dde0f3a0|rpc:10.1.0.212:34529|priority:1] with ContainerStateMachine:uninitialized
2022-08-26 07:48:25,972 [pool-72-thread-1] INFO  server.RaftServerConfigKeys (ConfUtils.java:logGet(46)) - raft.server.rpc.timeout.min = 5s (custom)
2022-08-26 07:48:25,972 [pool-72-thread-1] INFO  server.RaftServerConfigKeys (ConfUtils.java:logGet(46)) - raft.server.rpc.timeout.max = 5200ms (custom)
2022-08-26 07:48:25,972 [pool-72-thread-1] INFO  server.RaftServerConfigKeys (ConfUtils.java:logGet(46)) - raft.server.rpc.sleep.time = 25ms (default)
2022-08-26 07:48:25,972 [pool-72-thread-1] INFO  server.RaftServerConfigKeys (ConfUtils.java:logGet(46)) - raft.server.rpc.slowness.timeout = 300s (custom)
2022-08-26 07:48:25,972 [pool-72-thread-1] INFO  server.RaftServerConfigKeys (ConfUtils.java:logGet(46)) - raft.server.leaderelection.leader.step-down.wait-time = 10s (default)
2022-08-26 07:48:25,972 [pool-72-thread-1] INFO  server.RaftServerConfigKeys (ConfUtils.java:logGet(46)) - raft.server.sleep.deviation.threshold = 300ms (default)
2022-08-26 07:48:25,972 [pool-72-thread-1] INFO  server.RaftServer$Division (ServerState.java:<init>(107)) - e44a8a7a-b0a6-43bb-907a-11061d966fe2@group-C6412FA838CA: ConfigurationManager, init=-1: [e44a8a7a-b0a6-43bb-907a-11061d966fe2|rpc:10.1.0.212:39427|priority:0, dd225e1e-7251-4789-a378-e78f7891434a|rpc:10.1.0.212:40987|priority:0, 1517f5f4-31fa-4d81-9e6e-dd93dde0f3a0|rpc:10.1.0.212:34529|priority:1], old=null, confs=<EMPTY_MAP>
2022-08-26 07:48:25,972 [pool-72-thread-1] INFO  server.RaftServerConfigKeys (ConfUtils.java:logGet(46)) - raft.server.storage.dir = [/home/runner/work/ozone/ozone/hadoop-ozone/integration-test/target/test-dir/MiniOzoneClusterImpl-fd94d619-731c-4cf3-b4d0-a84e41dfe71c/datanode-0/data/ratis] (custom)
2022-08-26 07:48:25,972 [pool-72-thread-1] INFO  server.RaftServerConfigKeys (ConfUtils.java:logGet(46)) - raft.server.log.corruption.policy = EXCEPTION (default)
2022-08-26 07:48:25,972 [pool-72-thread-1] INFO  server.RaftServerConfigKeys (ConfUtils.java:logGet(46)) - raft.server.storage.free-space.min = 0MB (=0) (default)
2022-08-26 07:48:25,972 [pool-72-thread-1] INFO  storage.RaftStorageDirectory (RaftStorageDirectoryImpl.java:analyzeStorage(135)) - The storage directory /home/runner/work/ozone/ozone/hadoop-ozone/integration-test/target/test-dir/MiniOzoneClusterImpl-fd94d619-731c-4cf3-b4d0-a84e41dfe71c/datanode-0/data/ratis/46f2c157-93e5-4013-bd3c-c6412fa838ca does not exist. Creating ...
2022-08-26 07:48:25,973 [pool-118-thread-1] INFO  server.RaftServerConfigKeys (ConfUtils.java:logGet(46)) - raft.server.log.write.buffer.size = 1048576 (custom)
2022-08-26 07:48:25,973 [pool-118-thread-1] INFO  server.RaftServerConfigKeys (ConfUtils.java:logGet(46)) - raft.server.log.unsafe-flush.enabled = false (default)
2022-08-26 07:48:25,973 [pool-72-thread-1] INFO  storage.RaftStorageDirectory (RaftStorageDirectoryImpl.java:tryLock(230)) - Lock on /home/runner/work/ozone/ozone/hadoop-ozone/integration-test/target/test-dir/MiniOzoneClusterImpl-fd94d619-731c-4cf3-b4d0-a84e41dfe71c/datanode-0/data/ratis/46f2c157-93e5-4013-bd3c-c6412fa838ca/in_use.lock acquired by nodename 56754@fv-az127-536
2022-08-26 07:48:25,973 [pool-118-thread-1] INFO  server.RaftServerConfigKeys (ConfUtils.java:logGet(46)) - raft.server.log.statemachine.data.caching.enabled = true (custom)
2022-08-26 07:48:25,974 [Listener at 127.0.0.1/46611] INFO  ozone.MiniOzoneClusterImpl (MiniOzoneClusterImpl.java:lambda$waitForClusterToBeReady$0(216)) - Nodes are ready. Got 3 of 3 DN Heartbeats.
2022-08-26 07:48:25,974 [Listener at 127.0.0.1/46611] INFO  ozone.MiniOzoneClusterImpl (MiniOzoneClusterImpl.java:lambda$waitForClusterToBeReady$0(219)) - Waiting for cluster to exit safe mode
2022-08-26 07:48:25,974 [Listener at 127.0.0.1/46611] INFO  ozone.MiniOzoneClusterImpl (MiniOzoneClusterImpl.java:lambda$waitForClusterToBeReady$0(221)) - SCM became leader
2022-08-26 07:48:25,974 [pool-118-thread-1] INFO  segmented.SegmentedRaftLogWorker (SegmentedRaftLogWorker.java:lambda$new$0(135)) - 1517f5f4-31fa-4d81-9e6e-dd93dde0f3a0@group-6E16D60DC15A-SegmentedRaftLogWorker: flushIndex: setUnconditionally 0 -> -1
2022-08-26 07:48:25,974 [pool-118-thread-1] INFO  segmented.SegmentedRaftLogWorker (SegmentedRaftLogWorker.java:lambda$new$0(135)) - 1517f5f4-31fa-4d81-9e6e-dd93dde0f3a0@group-6E16D60DC15A-SegmentedRaftLogWorker: safeCacheEvictIndex: setUnconditionally 0 -> -1
2022-08-26 07:48:25,975 [pool-118-thread-1] INFO  server.RaftServerConfigKeys (ConfUtils.java:logGet(46)) - raft.server.snapshot.auto.trigger.enabled = true (custom)
2022-08-26 07:48:25,975 [pool-118-thread-1] INFO  server.RaftServerConfigKeys (ConfUtils.java:logGet(46)) - raft.server.snapshot.auto.trigger.threshold = 10000 (custom)
2022-08-26 07:48:25,975 [pool-118-thread-1] INFO  server.RaftServerConfigKeys (ConfUtils.java:logGet(46)) - raft.server.snapshot.retention.file.num = 5 (custom)
2022-08-26 07:48:25,975 [pool-72-thread-1] INFO  storage.RaftStorage (RaftStorageImpl.java:format(89)) - Storage directory /home/runner/work/ozone/ozone/hadoop-ozone/integration-test/target/test-dir/MiniOzoneClusterImpl-fd94d619-731c-4cf3-b4d0-a84e41dfe71c/datanode-0/data/ratis/46f2c157-93e5-4013-bd3c-c6412fa838ca has been successfully formatted.
2022-08-26 07:48:25,975 [pool-118-thread-1] INFO  server.RaftServerConfigKeys (ConfUtils.java:logGet(46)) - raft.server.log.purge.upto.snapshot.index = false (default)
2022-08-26 07:48:25,975 [pool-118-thread-1] INFO  server.RaftServerConfigKeys (ConfUtils.java:logGet(46)) - raft.server.retrycache.expirytime = 600000ms (custom)
2022-08-26 07:48:25,975 [pool-118-thread-1] INFO  server.RaftServerConfigKeys (ConfUtils.java:logGet(46)) - raft.server.retrycache.statistics.expirytime = 100μs (default)
2022-08-26 07:48:25,975 [pool-72-thread-1] INFO  ratis.ContainerStateMachine (ContainerStateMachine.java:loadSnapshot(236)) - group-C6412FA838CA: The snapshot info is null. Setting the last applied indexto:(t:0, i:~)
2022-08-26 07:48:25,975 [pool-72-thread-1] INFO  server.RaftServerConfigKeys (ConfUtils.java:logGet(46)) - raft.server.notification.no-leader.timeout = 300s (custom)
2022-08-26 07:48:25,975 [pool-72-thread-1] INFO  server.RaftServerConfigKeys (ConfUtils.java:logGet(46)) - raft.server.log.use.memory = false (default)
2022-08-26 07:48:25,975 [pool-72-thread-1] INFO  server.RaftServerConfigKeys (ConfUtils.java:logGet(46)) - raft.server.log.purge.gap = 1000000 (custom)
2022-08-26 07:48:25,975 [pool-72-thread-1] INFO  server.RaftServerConfigKeys (ConfUtils.java:logGet(46)) - raft.server.log.appender.buffer.byte-limit = 33554432 (custom)
2022-08-26 07:48:25,975 [pool-72-thread-1] INFO  server.RaftServerConfigKeys (ConfUtils.java:logGet(46)) - raft.server.log.statemachine.data.read.timeout = 1000ms (default)
2022-08-26 07:48:25,976 [pool-72-thread-1] INFO  server.RaftServerConfigKeys (ConfUtils.java:logGet(46)) - raft.server.log.segment.size.max = 1048576 (custom)
2022-08-26 07:48:25,977 [pool-118-thread-1] INFO  server.RaftServerConfigKeys (ConfUtils.java:logGet(46)) - raft.server.log.appender.install.snapshot.enabled = false (custom)
2022-08-26 07:48:25,977 [pool-118-thread-1] INFO  server.RaftServerConfigKeys (ConfUtils.java:logGet(46)) - raft.server.threadpool.server.cached = true (default)
2022-08-26 07:48:25,977 [pool-118-thread-1] INFO  server.RaftServerConfigKeys (ConfUtils.java:logGet(46)) - raft.server.threadpool.server.size = 0 (default)
2022-08-26 07:48:25,977 [pool-118-thread-1] INFO  server.RaftServerConfigKeys (ConfUtils.java:logGet(46)) - raft.server.threadpool.client.cached = true (default)
2022-08-26 07:48:25,977 [pool-118-thread-1] INFO  server.RaftServerConfigKeys (ConfUtils.java:logGet(46)) - raft.server.threadpool.client.size = 0 (default)
2022-08-26 07:48:25,977 [pool-118-thread-1] INFO  server.RaftServer$Division (RaftServerImpl.java:start(310)) - 1517f5f4-31fa-4d81-9e6e-dd93dde0f3a0@group-6E16D60DC15A: start as a follower, conf=-1: [dd225e1e-7251-4789-a378-e78f7891434a|rpc:10.1.0.212:40987|dataStream:|priority:0, e44a8a7a-b0a6-43bb-907a-11061d966fe2|rpc:10.1.0.212:39427|dataStream:|priority:1, 1517f5f4-31fa-4d81-9e6e-dd93dde0f3a0|rpc:10.1.0.212:34529|dataStream:|priority:0], old=null
2022-08-26 07:48:25,977 [pool-118-thread-1] INFO  server.RaftServer$Division (RaftServerImpl.java:setRole(299)) - 1517f5f4-31fa-4d81-9e6e-dd93dde0f3a0@group-6E16D60DC15A: changes role from      null to FOLLOWER at term 0 for startAsFollower
2022-08-26 07:48:25,977 [pool-118-thread-1] INFO  impl.RoleInfo (RoleInfo.java:updateAndGet(139)) - 1517f5f4-31fa-4d81-9e6e-dd93dde0f3a0: start 1517f5f4-31fa-4d81-9e6e-dd93dde0f3a0@group-6E16D60DC15A-FollowerState
2022-08-26 07:48:25,978 [pool-72-thread-1] INFO  server.RaftServerConfigKeys (ConfUtils.java:logGet(46)) - raft.server.log.segment.cache.num.max = 2 (custom)
2022-08-26 07:48:25,978 [pool-72-thread-1] INFO  server.RaftServerConfigKeys (ConfUtils.java:logGet(46)) - raft.server.log.segment.cache.size.max = 200MB (=209715200) (default)
2022-08-26 07:48:25,978 [pool-72-thread-1] INFO  segmented.SegmentedRaftLogWorker (SegmentedRaftLogWorker.java:<init>(187)) - new e44a8a7a-b0a6-43bb-907a-11061d966fe2@group-C6412FA838CA-SegmentedRaftLogWorker for RaftStorageImpl:Storage Directory /home/runner/work/ozone/ozone/hadoop-ozone/integration-test/target/test-dir/MiniOzoneClusterImpl-fd94d619-731c-4cf3-b4d0-a84e41dfe71c/datanode-0/data/ratis/46f2c157-93e5-4013-bd3c-c6412fa838ca
2022-08-26 07:48:25,978 [pool-72-thread-1] INFO  server.RaftServerConfigKeys (ConfUtils.java:logGet(46)) - raft.server.log.queue.byte-limit = 4294967296 (custom)
2022-08-26 07:48:25,978 [pool-72-thread-1] INFO  server.RaftServerConfigKeys (ConfUtils.java:logGet(46)) - raft.server.log.queue.element-limit = 1024 (custom)
2022-08-26 07:48:25,978 [pool-72-thread-1] INFO  server.RaftServerConfigKeys (ConfUtils.java:logGet(46)) - raft.server.log.segment.size.max = 1048576 (custom)
2022-08-26 07:48:25,978 [pool-72-thread-1] INFO  server.RaftServerConfigKeys (ConfUtils.java:logGet(46)) - raft.server.log.preallocated.size = 16384 (custom)
2022-08-26 07:48:25,978 [pool-72-thread-1] INFO  server.RaftServerConfigKeys (ConfUtils.java:logGet(46)) - raft.server.log.force.sync.num = 128 (default)
2022-08-26 07:48:25,978 [pool-72-thread-1] INFO  server.RaftServerConfigKeys (ConfUtils.java:logGet(46)) - raft.server.log.statemachine.data.sync = true (default)
2022-08-26 07:48:25,978 [pool-72-thread-1] INFO  server.RaftServerConfigKeys (ConfUtils.java:logGet(46)) - raft.server.log.statemachine.data.sync.timeout = 10s (default)
2022-08-26 07:48:25,978 [pool-72-thread-1] INFO  server.RaftServerConfigKeys (ConfUtils.java:logGet(46)) - raft.server.log.statemachine.data.sync.timeout.retry = -1 (default)
2022-08-26 07:48:25,983 [Command processor thread] INFO  server.RaftServer (RaftServerProxy.java:addNew(96)) - 1517f5f4-31fa-4d81-9e6e-dd93dde0f3a0: addNew group-6C9E048CD8B5:[1517f5f4-31fa-4d81-9e6e-dd93dde0f3a0|rpc:10.1.0.212:34529|priority:1] returns group-6C9E048CD8B5:java.util.concurrent.CompletableFuture@ba0fd5d[Not completed]
2022-08-26 07:48:25,984 [EventQueue-OpenPipelineForHealthyPipelineSafeModeRule] INFO  safemode.SCMSafeModeManager (HealthyPipelineSafeModeRule.java:process(137)) - SCM in safe mode. Healthy pipelines reported count is 0, required healthy pipeline reported count is 1
2022-08-26 07:48:25,984 [pool-118-thread-1] INFO  util.JmxRegister (JmxRegister.java:tryRegister(44)) - Successfully registered JMX Bean with object name Ratis:service=RaftServer,group=group-6E16D60DC15A,id=1517f5f4-31fa-4d81-9e6e-dd93dde0f3a0
2022-08-26 07:48:25,985 [pool-72-thread-1] INFO  server.RaftServerConfigKeys (ConfUtils.java:logGet(46)) - raft.server.log.write.buffer.size = 1048576 (custom)
2022-08-26 07:48:25,986 [pool-72-thread-1] INFO  server.RaftServerConfigKeys (ConfUtils.java:logGet(46)) - raft.server.log.unsafe-flush.enabled = false (default)
2022-08-26 07:48:25,986 [pool-72-thread-1] INFO  server.RaftServerConfigKeys (ConfUtils.java:logGet(46)) - raft.server.log.statemachine.data.caching.enabled = true (custom)
2022-08-26 07:48:25,986 [pool-72-thread-1] INFO  segmented.SegmentedRaftLogWorker (SegmentedRaftLogWorker.java:lambda$new$0(135)) - e44a8a7a-b0a6-43bb-907a-11061d966fe2@group-C6412FA838CA-SegmentedRaftLogWorker: flushIndex: setUnconditionally 0 -> -1
2022-08-26 07:48:25,986 [pool-72-thread-1] INFO  segmented.SegmentedRaftLogWorker (SegmentedRaftLogWorker.java:lambda$new$0(135)) - e44a8a7a-b0a6-43bb-907a-11061d966fe2@group-C6412FA838CA-SegmentedRaftLogWorker: safeCacheEvictIndex: setUnconditionally 0 -> -1
2022-08-26 07:48:25,992 [pool-118-thread-1] INFO  server.RaftServer$Division (RaftServerImpl.java:<init>(190)) - 1517f5f4-31fa-4d81-9e6e-dd93dde0f3a0: new RaftServerImpl for group-6C9E048CD8B5:[1517f5f4-31fa-4d81-9e6e-dd93dde0f3a0|rpc:10.1.0.212:34529|priority:1] with ContainerStateMachine:uninitialized
2022-08-26 07:48:25,992 [pool-118-thread-1] INFO  server.RaftServerConfigKeys (ConfUtils.java:logGet(46)) - raft.server.rpc.timeout.min = 5s (custom)
2022-08-26 07:48:25,992 [pool-118-thread-1] INFO  server.RaftServerConfigKeys (ConfUtils.java:logGet(46)) - raft.server.rpc.timeout.max = 5200ms (custom)
2022-08-26 07:48:25,992 [pool-118-thread-1] INFO  server.RaftServerConfigKeys (ConfUtils.java:logGet(46)) - raft.server.rpc.sleep.time = 25ms (default)
2022-08-26 07:48:25,992 [pool-118-thread-1] INFO  server.RaftServerConfigKeys (ConfUtils.java:logGet(46)) - raft.server.rpc.slowness.timeout = 300s (custom)
2022-08-26 07:48:25,992 [pool-118-thread-1] INFO  server.RaftServerConfigKeys (ConfUtils.java:logGet(46)) - raft.server.leaderelection.leader.step-down.wait-time = 10s (default)
2022-08-26 07:48:25,992 [pool-118-thread-1] INFO  server.RaftServerConfigKeys (ConfUtils.java:logGet(46)) - raft.server.sleep.deviation.threshold = 300ms (default)
2022-08-26 07:48:25,992 [pool-118-thread-1] INFO  server.RaftServer$Division (ServerState.java:<init>(107)) - 1517f5f4-31fa-4d81-9e6e-dd93dde0f3a0@group-6C9E048CD8B5: ConfigurationManager, init=-1: [1517f5f4-31fa-4d81-9e6e-dd93dde0f3a0|rpc:10.1.0.212:34529|priority:1], old=null, confs=<EMPTY_MAP>
2022-08-26 07:48:25,992 [pool-118-thread-1] INFO  server.RaftServerConfigKeys (ConfUtils.java:logGet(46)) - raft.server.storage.dir = [/home/runner/work/ozone/ozone/hadoop-ozone/integration-test/target/test-dir/MiniOzoneClusterImpl-fd94d619-731c-4cf3-b4d0-a84e41dfe71c/datanode-2/data/ratis] (custom)
2022-08-26 07:48:25,993 [pool-118-thread-1] INFO  server.RaftServerConfigKeys (ConfUtils.java:logGet(46)) - raft.server.log.corruption.policy = EXCEPTION (default)
2022-08-26 07:48:25,993 [pool-118-thread-1] INFO  server.RaftServerConfigKeys (ConfUtils.java:logGet(46)) - raft.server.storage.free-space.min = 0MB (=0) (default)
2022-08-26 07:48:25,993 [pool-118-thread-1] INFO  storage.RaftStorageDirectory (RaftStorageDirectoryImpl.java:analyzeStorage(135)) - The storage directory /home/runner/work/ozone/ozone/hadoop-ozone/integration-test/target/test-dir/MiniOzoneClusterImpl-fd94d619-731c-4cf3-b4d0-a84e41dfe71c/datanode-2/data/ratis/277b80cc-f807-4bd1-904a-6c9e048cd8b5 does not exist. Creating ...
2022-08-26 07:48:25,994 [pool-118-thread-1] INFO  storage.RaftStorageDirectory (RaftStorageDirectoryImpl.java:tryLock(230)) - Lock on /home/runner/work/ozone/ozone/hadoop-ozone/integration-test/target/test-dir/MiniOzoneClusterImpl-fd94d619-731c-4cf3-b4d0-a84e41dfe71c/datanode-2/data/ratis/277b80cc-f807-4bd1-904a-6c9e048cd8b5/in_use.lock acquired by nodename 56754@fv-az127-536
2022-08-26 07:48:25,996 [pool-118-thread-1] INFO  storage.RaftStorage (RaftStorageImpl.java:format(89)) - Storage directory /home/runner/work/ozone/ozone/hadoop-ozone/integration-test/target/test-dir/MiniOzoneClusterImpl-fd94d619-731c-4cf3-b4d0-a84e41dfe71c/datanode-2/data/ratis/277b80cc-f807-4bd1-904a-6c9e048cd8b5 has been successfully formatted.
2022-08-26 07:48:26,003 [pool-118-thread-1] INFO  ratis.ContainerStateMachine (ContainerStateMachine.java:loadSnapshot(236)) - group-6C9E048CD8B5: The snapshot info is null. Setting the last applied indexto:(t:0, i:~)
2022-08-26 07:48:26,003 [pool-118-thread-1] INFO  server.RaftServerConfigKeys (ConfUtils.java:logGet(46)) - raft.server.notification.no-leader.timeout = 300s (custom)
2022-08-26 07:48:26,003 [pool-118-thread-1] INFO  server.RaftServerConfigKeys (ConfUtils.java:logGet(46)) - raft.server.log.use.memory = false (default)
2022-08-26 07:48:26,003 [pool-118-thread-1] INFO  server.RaftServerConfigKeys (ConfUtils.java:logGet(46)) - raft.server.log.purge.gap = 1000000 (custom)
2022-08-26 07:48:26,003 [pool-118-thread-1] INFO  server.RaftServerConfigKeys (ConfUtils.java:logGet(46)) - raft.server.log.appender.buffer.byte-limit = 33554432 (custom)
2022-08-26 07:48:26,003 [pool-118-thread-1] INFO  server.RaftServerConfigKeys (ConfUtils.java:logGet(46)) - raft.server.log.statemachine.data.read.timeout = 1000ms (default)
2022-08-26 07:48:26,003 [pool-118-thread-1] INFO  server.RaftServerConfigKeys (ConfUtils.java:logGet(46)) - raft.server.log.segment.size.max = 1048576 (custom)
2022-08-26 07:48:26,003 [pool-72-thread-1] INFO  server.RaftServerConfigKeys (ConfUtils.java:logGet(46)) - raft.server.snapshot.auto.trigger.enabled = true (custom)
2022-08-26 07:48:26,004 [pool-72-thread-1] INFO  server.RaftServerConfigKeys (ConfUtils.java:logGet(46)) - raft.server.snapshot.auto.trigger.threshold = 10000 (custom)
2022-08-26 07:48:26,004 [pool-72-thread-1] INFO  server.RaftServerConfigKeys (ConfUtils.java:logGet(46)) - raft.server.snapshot.retention.file.num = 5 (custom)
2022-08-26 07:48:26,004 [pool-72-thread-1] INFO  server.RaftServerConfigKeys (ConfUtils.java:logGet(46)) - raft.server.log.purge.upto.snapshot.index = false (default)
2022-08-26 07:48:26,004 [pool-72-thread-1] INFO  server.RaftServerConfigKeys (ConfUtils.java:logGet(46)) - raft.server.retrycache.expirytime = 600000ms (custom)
2022-08-26 07:48:26,004 [pool-72-thread-1] INFO  server.RaftServerConfigKeys (ConfUtils.java:logGet(46)) - raft.server.retrycache.statistics.expirytime = 100μs (default)
2022-08-26 07:48:26,004 [pool-118-thread-1] INFO  server.RaftServerConfigKeys (ConfUtils.java:logGet(46)) - raft.server.log.segment.cache.num.max = 2 (custom)
2022-08-26 07:48:26,009 [pool-118-thread-1] INFO  server.RaftServerConfigKeys (ConfUtils.java:logGet(46)) - raft.server.log.segment.cache.size.max = 200MB (=209715200) (default)
2022-08-26 07:48:26,009 [pool-118-thread-1] INFO  segmented.SegmentedRaftLogWorker (SegmentedRaftLogWorker.java:<init>(187)) - new 1517f5f4-31fa-4d81-9e6e-dd93dde0f3a0@group-6C9E048CD8B5-SegmentedRaftLogWorker for RaftStorageImpl:Storage Directory /home/runner/work/ozone/ozone/hadoop-ozone/integration-test/target/test-dir/MiniOzoneClusterImpl-fd94d619-731c-4cf3-b4d0-a84e41dfe71c/datanode-2/data/ratis/277b80cc-f807-4bd1-904a-6c9e048cd8b5
2022-08-26 07:48:26,009 [pool-118-thread-1] INFO  server.RaftServerConfigKeys (ConfUtils.java:logGet(46)) - raft.server.log.queue.byte-limit = 4294967296 (custom)
2022-08-26 07:48:26,009 [pool-118-thread-1] INFO  server.RaftServerConfigKeys (ConfUtils.java:logGet(46)) - raft.server.log.queue.element-limit = 1024 (custom)
2022-08-26 07:48:26,009 [pool-118-thread-1] INFO  server.RaftServerConfigKeys (ConfUtils.java:logGet(46)) - raft.server.log.segment.size.max = 1048576 (custom)
2022-08-26 07:48:26,009 [pool-118-thread-1] INFO  server.RaftServerConfigKeys (ConfUtils.java:logGet(46)) - raft.server.log.preallocated.size = 16384 (custom)
2022-08-26 07:48:26,009 [pool-118-thread-1] INFO  server.RaftServerConfigKeys (ConfUtils.java:logGet(46)) - raft.server.log.force.sync.num = 128 (default)
2022-08-26 07:48:26,009 [pool-118-thread-1] INFO  server.RaftServerConfigKeys (ConfUtils.java:logGet(46)) - raft.server.log.statemachine.data.sync = true (default)
2022-08-26 07:48:26,009 [pool-118-thread-1] INFO  server.RaftServerConfigKeys (ConfUtils.java:logGet(46)) - raft.server.log.statemachine.data.sync.timeout = 10s (default)
2022-08-26 07:48:26,009 [pool-118-thread-1] INFO  server.RaftServerConfigKeys (ConfUtils.java:logGet(46)) - raft.server.log.statemachine.data.sync.timeout.retry = -1 (default)
2022-08-26 07:48:26,008 [pool-72-thread-1] INFO  server.RaftServerConfigKeys (ConfUtils.java:logGet(46)) - raft.server.log.appender.install.snapshot.enabled = false (custom)
2022-08-26 07:48:26,006 [EventQueue-PipelineReportForPipelineReportHandler] INFO  pipeline.PipelineManagerImpl (PipelineManagerImpl.java:openPipeline(367)) - Pipeline Pipeline[ Id: 277b80cc-f807-4bd1-904a-6c9e048cd8b5, Nodes: 1517f5f4-31fa-4d81-9e6e-dd93dde0f3a0{ip: 10.1.0.212, host: fv-az127-536.h3uyzbqov44edfyrgkjongjtha.bx.internal.cloudapp.net, ports: [REPLICATION=44065, RATIS=34529, RATIS_ADMIN=34529, RATIS_SERVER=34529, STANDALONE=42863], networkLocation: /default-rack, certSerialId: null, persistedOpState: IN_SERVICE, persistedOpStateExpiryEpochSec: 0}, ReplicationConfig: RATIS/ONE, State:ALLOCATED, leaderId:1517f5f4-31fa-4d81-9e6e-dd93dde0f3a0, CreationTimestamp2022-08-26T07:48:22.987Z[Etc/UTC]] moved to OPEN state
2022-08-26 07:48:26,010 [pool-118-thread-1] INFO  server.RaftServerConfigKeys (ConfUtils.java:logGet(46)) - raft.server.log.write.buffer.size = 1048576 (custom)
2022-08-26 07:48:26,010 [pool-118-thread-1] INFO  server.RaftServerConfigKeys (ConfUtils.java:logGet(46)) - raft.server.log.unsafe-flush.enabled = false (default)
2022-08-26 07:48:26,010 [pool-118-thread-1] INFO  server.RaftServerConfigKeys (ConfUtils.java:logGet(46)) - raft.server.log.statemachine.data.caching.enabled = true (custom)
2022-08-26 07:48:26,011 [pool-118-thread-1] INFO  segmented.SegmentedRaftLogWorker (SegmentedRaftLogWorker.java:lambda$new$0(135)) - 1517f5f4-31fa-4d81-9e6e-dd93dde0f3a0@group-6C9E048CD8B5-SegmentedRaftLogWorker: flushIndex: setUnconditionally 0 -> -1
2022-08-26 07:48:26,011 [EventQueue-OpenPipelineForHealthyPipelineSafeModeRule] INFO  safemode.SCMSafeModeManager (HealthyPipelineSafeModeRule.java:process(137)) - SCM in safe mode. Healthy pipelines reported count is 0, required healthy pipeline reported count is 1
2022-08-26 07:48:26,010 [pool-72-thread-1] INFO  server.RaftServerConfigKeys (ConfUtils.java:logGet(46)) - raft.server.threadpool.server.cached = true (default)
2022-08-26 07:48:26,016 [pool-72-thread-1] INFO  server.RaftServerConfigKeys (ConfUtils.java:logGet(46)) - raft.server.threadpool.server.size = 0 (default)
2022-08-26 07:48:26,016 [pool-72-thread-1] INFO  server.RaftServerConfigKeys (ConfUtils.java:logGet(46)) - raft.server.threadpool.client.cached = true (default)
2022-08-26 07:48:26,016 [pool-72-thread-1] INFO  server.RaftServerConfigKeys (ConfUtils.java:logGet(46)) - raft.server.threadpool.client.size = 0 (default)
2022-08-26 07:48:26,016 [pool-72-thread-1] INFO  server.RaftServer$Division (RaftServerImpl.java:start(310)) - e44a8a7a-b0a6-43bb-907a-11061d966fe2@group-C6412FA838CA: start as a follower, conf=-1: [e44a8a7a-b0a6-43bb-907a-11061d966fe2|rpc:10.1.0.212:39427|priority:0, dd225e1e-7251-4789-a378-e78f7891434a|rpc:10.1.0.212:40987|priority:0, 1517f5f4-31fa-4d81-9e6e-dd93dde0f3a0|rpc:10.1.0.212:34529|priority:1], old=null
2022-08-26 07:48:26,016 [pool-72-thread-1] INFO  server.RaftServer$Division (RaftServerImpl.java:setRole(299)) - e44a8a7a-b0a6-43bb-907a-11061d966fe2@group-C6412FA838CA: changes role from      null to FOLLOWER at term 0 for startAsFollower
2022-08-26 07:48:26,016 [pool-72-thread-1] INFO  impl.RoleInfo (RoleInfo.java:updateAndGet(139)) - e44a8a7a-b0a6-43bb-907a-11061d966fe2: start e44a8a7a-b0a6-43bb-907a-11061d966fe2@group-C6412FA838CA-FollowerState
2022-08-26 07:48:26,011 [pool-118-thread-1] INFO  segmented.SegmentedRaftLogWorker (SegmentedRaftLogWorker.java:lambda$new$0(135)) - 1517f5f4-31fa-4d81-9e6e-dd93dde0f3a0@group-6C9E048CD8B5-SegmentedRaftLogWorker: safeCacheEvictIndex: setUnconditionally 0 -> -1
2022-08-26 07:48:26,019 [pool-72-thread-1] INFO  util.JmxRegister (JmxRegister.java:tryRegister(44)) - Successfully registered JMX Bean with object name Ratis:service=RaftServer,group=group-C6412FA838CA,id=e44a8a7a-b0a6-43bb-907a-11061d966fe2
2022-08-26 07:48:26,020 [pool-118-thread-1] INFO  server.RaftServerConfigKeys (ConfUtils.java:logGet(46)) - raft.server.snapshot.auto.trigger.enabled = true (custom)
2022-08-26 07:48:26,020 [pool-118-thread-1] INFO  server.RaftServerConfigKeys (ConfUtils.java:logGet(46)) - raft.server.snapshot.auto.trigger.threshold = 10000 (custom)
2022-08-26 07:48:26,020 [pool-118-thread-1] INFO  server.RaftServerConfigKeys (ConfUtils.java:logGet(46)) - raft.server.snapshot.retention.file.num = 5 (custom)
2022-08-26 07:48:26,020 [pool-118-thread-1] INFO  server.RaftServerConfigKeys (ConfUtils.java:logGet(46)) - raft.server.log.purge.upto.snapshot.index = false (default)
2022-08-26 07:48:26,020 [pool-118-thread-1] INFO  server.RaftServerConfigKeys (ConfUtils.java:logGet(46)) - raft.server.retrycache.expirytime = 600000ms (custom)
2022-08-26 07:48:26,020 [pool-118-thread-1] INFO  server.RaftServerConfigKeys (ConfUtils.java:logGet(46)) - raft.server.retrycache.statistics.expirytime = 100μs (default)
2022-08-26 07:48:26,021 [pool-118-thread-1] INFO  server.RaftServerConfigKeys (ConfUtils.java:logGet(46)) - raft.server.log.appender.install.snapshot.enabled = false (custom)
2022-08-26 07:48:26,021 [pool-118-thread-1] INFO  server.RaftServerConfigKeys (ConfUtils.java:logGet(46)) - raft.server.threadpool.server.cached = true (default)
2022-08-26 07:48:26,021 [pool-118-thread-1] INFO  server.RaftServerConfigKeys (ConfUtils.java:logGet(46)) - raft.server.threadpool.server.size = 0 (default)
2022-08-26 07:48:26,021 [pool-118-thread-1] INFO  server.RaftServerConfigKeys (ConfUtils.java:logGet(46)) - raft.server.threadpool.client.cached = true (default)
2022-08-26 07:48:26,021 [pool-118-thread-1] INFO  server.RaftServerConfigKeys (ConfUtils.java:logGet(46)) - raft.server.threadpool.client.size = 0 (default)
2022-08-26 07:48:26,021 [pool-118-thread-1] INFO  server.RaftServer$Division (RaftServerImpl.java:start(310)) - 1517f5f4-31fa-4d81-9e6e-dd93dde0f3a0@group-6C9E048CD8B5: start as a follower, conf=-1: [1517f5f4-31fa-4d81-9e6e-dd93dde0f3a0|rpc:10.1.0.212:34529|priority:1], old=null
2022-08-26 07:48:26,021 [pool-118-thread-1] INFO  server.RaftServer$Division (RaftServerImpl.java:setRole(299)) - 1517f5f4-31fa-4d81-9e6e-dd93dde0f3a0@group-6C9E048CD8B5: changes role from      null to FOLLOWER at term 0 for startAsFollower
2022-08-26 07:48:26,021 [pool-118-thread-1] INFO  impl.RoleInfo (RoleInfo.java:updateAndGet(139)) - 1517f5f4-31fa-4d81-9e6e-dd93dde0f3a0: start 1517f5f4-31fa-4d81-9e6e-dd93dde0f3a0@group-6C9E048CD8B5-FollowerState
2022-08-26 07:48:26,026 [pool-118-thread-1] INFO  util.JmxRegister (JmxRegister.java:tryRegister(44)) - Successfully registered JMX Bean with object name Ratis:service=RaftServer,group=group-6C9E048CD8B5,id=1517f5f4-31fa-4d81-9e6e-dd93dde0f3a0
2022-08-26 07:48:26,027 [Command processor thread] INFO  ratis.XceiverServerRatis (XceiverServerRatis.java:addGroup(765)) - Created group PipelineID=46f2c157-93e5-4013-bd3c-c6412fa838ca
2022-08-26 07:48:26,035 [Command processor thread] INFO  ratis.XceiverServerRatis (XceiverServerRatis.java:addGroup(765)) - Created group PipelineID=277b80cc-f807-4bd1-904a-6c9e048cd8b5
2022-08-26 07:48:26,035 [Command processor thread] INFO  commandhandler.CreatePipelineCommandHandler (CreatePipelineCommandHandler.java:handle(113)) - Created Pipeline RATIS ONE PipelineID=277b80cc-f807-4bd1-904a-6c9e048cd8b5.
2022-08-26 07:48:26,035 [Command processor thread] INFO  server.RaftServer (RaftServerProxy.java:addNew(96)) - 1517f5f4-31fa-4d81-9e6e-dd93dde0f3a0: addNew group-C6412FA838CA:[e44a8a7a-b0a6-43bb-907a-11061d966fe2|rpc:10.1.0.212:39427|priority:0, dd225e1e-7251-4789-a378-e78f7891434a|rpc:10.1.0.212:40987|priority:0, 1517f5f4-31fa-4d81-9e6e-dd93dde0f3a0|rpc:10.1.0.212:34529|priority:1] returns group-C6412FA838CA:java.util.concurrent.CompletableFuture@5670259[Not completed]
2022-08-26 07:48:26,039 [pool-118-thread-1] INFO  server.RaftServer$Division (RaftServerImpl.java:<init>(190)) - 1517f5f4-31fa-4d81-9e6e-dd93dde0f3a0: new RaftServerImpl for group-C6412FA838CA:[e44a8a7a-b0a6-43bb-907a-11061d966fe2|rpc:10.1.0.212:39427|priority:0, dd225e1e-7251-4789-a378-e78f7891434a|rpc:10.1.0.212:40987|priority:0, 1517f5f4-31fa-4d81-9e6e-dd93dde0f3a0|rpc:10.1.0.212:34529|priority:1] with ContainerStateMachine:uninitialized
2022-08-26 07:48:26,039 [pool-118-thread-1] INFO  server.RaftServerConfigKeys (ConfUtils.java:logGet(46)) - raft.server.rpc.timeout.min = 5s (custom)
2022-08-26 07:48:26,039 [pool-118-thread-1] INFO  server.RaftServerConfigKeys (ConfUtils.java:logGet(46)) - raft.server.rpc.timeout.max = 5200ms (custom)
2022-08-26 07:48:26,039 [pool-118-thread-1] INFO  server.RaftServerConfigKeys (ConfUtils.java:logGet(46)) - raft.server.rpc.sleep.time = 25ms (default)
2022-08-26 07:48:26,039 [pool-118-thread-1] INFO  server.RaftServerConfigKeys (ConfUtils.java:logGet(46)) - raft.server.rpc.slowness.timeout = 300s (custom)
2022-08-26 07:48:26,039 [pool-118-thread-1] INFO  server.RaftServerConfigKeys (ConfUtils.java:logGet(46)) - raft.server.leaderelection.leader.step-down.wait-time = 10s (default)
2022-08-26 07:48:26,039 [pool-118-thread-1] INFO  server.RaftServerConfigKeys (ConfUtils.java:logGet(46)) - raft.server.sleep.deviation.threshold = 300ms (default)
2022-08-26 07:48:26,039 [pool-118-thread-1] INFO  server.RaftServer$Division (ServerState.java:<init>(107)) - 1517f5f4-31fa-4d81-9e6e-dd93dde0f3a0@group-C6412FA838CA: ConfigurationManager, init=-1: [e44a8a7a-b0a6-43bb-907a-11061d966fe2|rpc:10.1.0.212:39427|priority:0, dd225e1e-7251-4789-a378-e78f7891434a|rpc:10.1.0.212:40987|priority:0, 1517f5f4-31fa-4d81-9e6e-dd93dde0f3a0|rpc:10.1.0.212:34529|priority:1], old=null, confs=<EMPTY_MAP>
2022-08-26 07:48:26,040 [pool-118-thread-1] INFO  server.RaftServerConfigKeys (ConfUtils.java:logGet(46)) - raft.server.storage.dir = [/home/runner/work/ozone/ozone/hadoop-ozone/integration-test/target/test-dir/MiniOzoneClusterImpl-fd94d619-731c-4cf3-b4d0-a84e41dfe71c/datanode-2/data/ratis] (custom)
2022-08-26 07:48:26,040 [pool-118-thread-1] INFO  server.RaftServerConfigKeys (ConfUtils.java:logGet(46)) - raft.server.log.corruption.policy = EXCEPTION (default)
2022-08-26 07:48:26,040 [pool-118-thread-1] INFO  server.RaftServerConfigKeys (ConfUtils.java:logGet(46)) - raft.server.storage.free-space.min = 0MB (=0) (default)
2022-08-26 07:48:26,040 [pool-118-thread-1] INFO  storage.RaftStorageDirectory (RaftStorageDirectoryImpl.java:analyzeStorage(135)) - The storage directory /home/runner/work/ozone/ozone/hadoop-ozone/integration-test/target/test-dir/MiniOzoneClusterImpl-fd94d619-731c-4cf3-b4d0-a84e41dfe71c/datanode-2/data/ratis/46f2c157-93e5-4013-bd3c-c6412fa838ca does not exist. Creating ...
2022-08-26 07:48:26,042 [pool-118-thread-1] INFO  storage.RaftStorageDirectory (RaftStorageDirectoryImpl.java:tryLock(230)) - Lock on /home/runner/work/ozone/ozone/hadoop-ozone/integration-test/target/test-dir/MiniOzoneClusterImpl-fd94d619-731c-4cf3-b4d0-a84e41dfe71c/datanode-2/data/ratis/46f2c157-93e5-4013-bd3c-c6412fa838ca/in_use.lock acquired by nodename 56754@fv-az127-536
2022-08-26 07:48:26,046 [pool-118-thread-1] INFO  storage.RaftStorage (RaftStorageImpl.java:format(89)) - Storage directory /home/runner/work/ozone/ozone/hadoop-ozone/integration-test/target/test-dir/MiniOzoneClusterImpl-fd94d619-731c-4cf3-b4d0-a84e41dfe71c/datanode-2/data/ratis/46f2c157-93e5-4013-bd3c-c6412fa838ca has been successfully formatted.
2022-08-26 07:48:26,047 [pool-118-thread-1] INFO  ratis.ContainerStateMachine (ContainerStateMachine.java:loadSnapshot(236)) - group-C6412FA838CA: The snapshot info is null. Setting the last applied indexto:(t:0, i:~)
2022-08-26 07:48:26,047 [pool-118-thread-1] INFO  server.RaftServerConfigKeys (ConfUtils.java:logGet(46)) - raft.server.notification.no-leader.timeout = 300s (custom)
2022-08-26 07:48:26,047 [pool-118-thread-1] INFO  server.RaftServerConfigKeys (ConfUtils.java:logGet(46)) - raft.server.log.use.memory = false (default)
2022-08-26 07:48:26,047 [pool-118-thread-1] INFO  server.RaftServerConfigKeys (ConfUtils.java:logGet(46)) - raft.server.log.purge.gap = 1000000 (custom)
2022-08-26 07:48:26,047 [pool-118-thread-1] INFO  server.RaftServerConfigKeys (ConfUtils.java:logGet(46)) - raft.server.log.appender.buffer.byte-limit = 33554432 (custom)
2022-08-26 07:48:26,047 [pool-118-thread-1] INFO  server.RaftServerConfigKeys (ConfUtils.java:logGet(46)) - raft.server.log.statemachine.data.read.timeout = 1000ms (default)
2022-08-26 07:48:26,047 [pool-118-thread-1] INFO  server.RaftServerConfigKeys (ConfUtils.java:logGet(46)) - raft.server.log.segment.size.max = 1048576 (custom)
2022-08-26 07:48:26,052 [EventQueue-OpenPipelineForHealthyPipelineSafeModeRule] INFO  safemode.SCMSafeModeManager (HealthyPipelineSafeModeRule.java:process(137)) - SCM in safe mode. Healthy pipelines reported count is 0, required healthy pipeline reported count is 1
2022-08-26 07:48:26,054 [pool-118-thread-1] INFO  server.RaftServerConfigKeys (ConfUtils.java:logGet(46)) - raft.server.log.segment.cache.num.max = 2 (custom)
2022-08-26 07:48:26,054 [pool-118-thread-1] INFO  server.RaftServerConfigKeys (ConfUtils.java:logGet(46)) - raft.server.log.segment.cache.size.max = 200MB (=209715200) (default)
2022-08-26 07:48:26,055 [pool-118-thread-1] INFO  segmented.SegmentedRaftLogWorker (SegmentedRaftLogWorker.java:<init>(187)) - new 1517f5f4-31fa-4d81-9e6e-dd93dde0f3a0@group-C6412FA838CA-SegmentedRaftLogWorker for RaftStorageImpl:Storage Directory /home/runner/work/ozone/ozone/hadoop-ozone/integration-test/target/test-dir/MiniOzoneClusterImpl-fd94d619-731c-4cf3-b4d0-a84e41dfe71c/datanode-2/data/ratis/46f2c157-93e5-4013-bd3c-c6412fa838ca
2022-08-26 07:48:26,055 [pool-118-thread-1] INFO  server.RaftServerConfigKeys (ConfUtils.java:logGet(46)) - raft.server.log.queue.byte-limit = 4294967296 (custom)
2022-08-26 07:48:26,055 [pool-118-thread-1] INFO  server.RaftServerConfigKeys (ConfUtils.java:logGet(46)) - raft.server.log.queue.element-limit = 1024 (custom)
2022-08-26 07:48:26,055 [pool-118-thread-1] INFO  server.RaftServerConfigKeys (ConfUtils.java:logGet(46)) - raft.server.log.segment.size.max = 1048576 (custom)
2022-08-26 07:48:26,055 [pool-118-thread-1] INFO  server.RaftServerConfigKeys (ConfUtils.java:logGet(46)) - raft.server.log.preallocated.size = 16384 (custom)
2022-08-26 07:48:26,055 [pool-118-thread-1] INFO  server.RaftServerConfigKeys (ConfUtils.java:logGet(46)) - raft.server.log.force.sync.num = 128 (default)
2022-08-26 07:48:26,055 [pool-118-thread-1] INFO  server.RaftServerConfigKeys (ConfUtils.java:logGet(46)) - raft.server.log.statemachine.data.sync = true (default)
2022-08-26 07:48:26,055 [pool-118-thread-1] INFO  server.RaftServerConfigKeys (ConfUtils.java:logGet(46)) - raft.server.log.statemachine.data.sync.timeout = 10s (default)
2022-08-26 07:48:26,058 [pool-118-thread-1] INFO  server.RaftServerConfigKeys (ConfUtils.java:logGet(46)) - raft.server.log.statemachine.data.sync.timeout.retry = -1 (default)
2022-08-26 07:48:26,060 [pool-118-thread-1] INFO  server.RaftServerConfigKeys (ConfUtils.java:logGet(46)) - raft.server.log.write.buffer.size = 1048576 (custom)
2022-08-26 07:48:26,060 [pool-118-thread-1] INFO  server.RaftServerConfigKeys (ConfUtils.java:logGet(46)) - raft.server.log.unsafe-flush.enabled = false (default)
2022-08-26 07:48:26,060 [pool-118-thread-1] INFO  server.RaftServerConfigKeys (ConfUtils.java:logGet(46)) - raft.server.log.statemachine.data.caching.enabled = true (custom)
2022-08-26 07:48:26,065 [pool-118-thread-1] INFO  segmented.SegmentedRaftLogWorker (SegmentedRaftLogWorker.java:lambda$new$0(135)) - 1517f5f4-31fa-4d81-9e6e-dd93dde0f3a0@group-C6412FA838CA-SegmentedRaftLogWorker: flushIndex: setUnconditionally 0 -> -1
2022-08-26 07:48:26,067 [pool-118-thread-1] INFO  segmented.SegmentedRaftLogWorker (SegmentedRaftLogWorker.java:lambda$new$0(135)) - 1517f5f4-31fa-4d81-9e6e-dd93dde0f3a0@group-C6412FA838CA-SegmentedRaftLogWorker: safeCacheEvictIndex: setUnconditionally 0 -> -1
2022-08-26 07:48:26,070 [pool-118-thread-1] INFO  server.RaftServerConfigKeys (ConfUtils.java:logGet(46)) - raft.server.snapshot.auto.trigger.enabled = true (custom)
2022-08-26 07:48:26,070 [pool-118-thread-1] INFO  server.RaftServerConfigKeys (ConfUtils.java:logGet(46)) - raft.server.snapshot.auto.trigger.threshold = 10000 (custom)
2022-08-26 07:48:26,070 [pool-118-thread-1] INFO  server.RaftServerConfigKeys (ConfUtils.java:logGet(46)) - raft.server.snapshot.retention.file.num = 5 (custom)
2022-08-26 07:48:26,070 [pool-118-thread-1] INFO  server.RaftServerConfigKeys (ConfUtils.java:logGet(46)) - raft.server.log.purge.upto.snapshot.index = false (default)
2022-08-26 07:48:26,071 [pool-118-thread-1] INFO  server.RaftServerConfigKeys (ConfUtils.java:logGet(46)) - raft.server.retrycache.expirytime = 600000ms (custom)
2022-08-26 07:48:26,071 [pool-118-thread-1] INFO  server.RaftServerConfigKeys (ConfUtils.java:logGet(46)) - raft.server.retrycache.statistics.expirytime = 100μs (default)
2022-08-26 07:48:26,072 [pool-118-thread-1] INFO  server.RaftServerConfigKeys (ConfUtils.java:logGet(46)) - raft.server.log.appender.install.snapshot.enabled = false (custom)
2022-08-26 07:48:26,072 [pool-118-thread-1] INFO  server.RaftServerConfigKeys (ConfUtils.java:logGet(46)) - raft.server.threadpool.server.cached = true (default)
2022-08-26 07:48:26,072 [pool-118-thread-1] INFO  server.RaftServerConfigKeys (ConfUtils.java:logGet(46)) - raft.server.threadpool.server.size = 0 (default)
2022-08-26 07:48:26,072 [pool-118-thread-1] INFO  server.RaftServerConfigKeys (ConfUtils.java:logGet(46)) - raft.server.threadpool.client.cached = true (default)
2022-08-26 07:48:26,072 [pool-118-thread-1] INFO  server.RaftServerConfigKeys (ConfUtils.java:logGet(46)) - raft.server.threadpool.client.size = 0 (default)
2022-08-26 07:48:26,072 [pool-118-thread-1] INFO  server.RaftServer$Division (RaftServerImpl.java:start(310)) - 1517f5f4-31fa-4d81-9e6e-dd93dde0f3a0@group-C6412FA838CA: start as a follower, conf=-1: [e44a8a7a-b0a6-43bb-907a-11061d966fe2|rpc:10.1.0.212:39427|priority:0, dd225e1e-7251-4789-a378-e78f7891434a|rpc:10.1.0.212:40987|priority:0, 1517f5f4-31fa-4d81-9e6e-dd93dde0f3a0|rpc:10.1.0.212:34529|priority:1], old=null
2022-08-26 07:48:26,072 [pool-118-thread-1] INFO  server.RaftServer$Division (RaftServerImpl.java:setRole(299)) - 1517f5f4-31fa-4d81-9e6e-dd93dde0f3a0@group-C6412FA838CA: changes role from      null to FOLLOWER at term 0 for startAsFollower
2022-08-26 07:48:26,072 [pool-118-thread-1] INFO  impl.RoleInfo (RoleInfo.java:updateAndGet(139)) - 1517f5f4-31fa-4d81-9e6e-dd93dde0f3a0: start 1517f5f4-31fa-4d81-9e6e-dd93dde0f3a0@group-C6412FA838CA-FollowerState
2022-08-26 07:48:26,079 [Command processor thread] INFO  commandhandler.CreatePipelineCommandHandler (CreatePipelineCommandHandler.java:handle(113)) - Created Pipeline RATIS THREE PipelineID=91c10930-75f1-4891-b0c6-6e16d60dc15a.
2022-08-26 07:48:26,079 [pool-118-thread-1] INFO  util.JmxRegister (JmxRegister.java:tryRegister(44)) - Successfully registered JMX Bean with object name Ratis:service=RaftServer,group=group-C6412FA838CA,id=1517f5f4-31fa-4d81-9e6e-dd93dde0f3a0
2022-08-26 07:48:26,079 [Command processor thread] INFO  server.RaftServer (RaftServerProxy.java:addNew(96)) - dd225e1e-7251-4789-a378-e78f7891434a: addNew group-C6412FA838CA:[e44a8a7a-b0a6-43bb-907a-11061d966fe2|rpc:10.1.0.212:39427|priority:0, dd225e1e-7251-4789-a378-e78f7891434a|rpc:10.1.0.212:40987|priority:0, 1517f5f4-31fa-4d81-9e6e-dd93dde0f3a0|rpc:10.1.0.212:34529|priority:1] returns group-C6412FA838CA:java.util.concurrent.CompletableFuture@3424a331[Not completed]
2022-08-26 07:48:26,080 [pool-95-thread-1] INFO  server.RaftServer$Division (RaftServerImpl.java:<init>(190)) - dd225e1e-7251-4789-a378-e78f7891434a: new RaftServerImpl for group-C6412FA838CA:[e44a8a7a-b0a6-43bb-907a-11061d966fe2|rpc:10.1.0.212:39427|priority:0, dd225e1e-7251-4789-a378-e78f7891434a|rpc:10.1.0.212:40987|priority:0, 1517f5f4-31fa-4d81-9e6e-dd93dde0f3a0|rpc:10.1.0.212:34529|priority:1] with ContainerStateMachine:uninitialized
2022-08-26 07:48:26,080 [pool-95-thread-1] INFO  server.RaftServerConfigKeys (ConfUtils.java:logGet(46)) - raft.server.rpc.timeout.min = 5s (custom)
2022-08-26 07:48:26,080 [pool-95-thread-1] INFO  server.RaftServerConfigKeys (ConfUtils.java:logGet(46)) - raft.server.rpc.timeout.max = 5200ms (custom)
2022-08-26 07:48:26,080 [pool-95-thread-1] INFO  server.RaftServerConfigKeys (ConfUtils.java:logGet(46)) - raft.server.rpc.sleep.time = 25ms (default)
2022-08-26 07:48:26,080 [pool-95-thread-1] INFO  server.RaftServerConfigKeys (ConfUtils.java:logGet(46)) - raft.server.rpc.slowness.timeout = 300s (custom)
2022-08-26 07:48:26,081 [pool-95-thread-1] INFO  server.RaftServerConfigKeys (ConfUtils.java:logGet(46)) - raft.server.leaderelection.leader.step-down.wait-time = 10s (default)
2022-08-26 07:48:26,081 [pool-95-thread-1] INFO  server.RaftServerConfigKeys (ConfUtils.java:logGet(46)) - raft.server.sleep.deviation.threshold = 300ms (default)
2022-08-26 07:48:26,081 [pool-95-thread-1] INFO  server.RaftServer$Division (ServerState.java:<init>(107)) - dd225e1e-7251-4789-a378-e78f7891434a@group-C6412FA838CA: ConfigurationManager, init=-1: [e44a8a7a-b0a6-43bb-907a-11061d966fe2|rpc:10.1.0.212:39427|priority:0, dd225e1e-7251-4789-a378-e78f7891434a|rpc:10.1.0.212:40987|priority:0, 1517f5f4-31fa-4d81-9e6e-dd93dde0f3a0|rpc:10.1.0.212:34529|priority:1], old=null, confs=<EMPTY_MAP>
2022-08-26 07:48:26,081 [pool-95-thread-1] INFO  server.RaftServerConfigKeys (ConfUtils.java:logGet(46)) - raft.server.storage.dir = [/home/runner/work/ozone/ozone/hadoop-ozone/integration-test/target/test-dir/MiniOzoneClusterImpl-fd94d619-731c-4cf3-b4d0-a84e41dfe71c/datanode-1/data/ratis] (custom)
2022-08-26 07:48:26,081 [pool-95-thread-1] INFO  server.RaftServerConfigKeys (ConfUtils.java:logGet(46)) - raft.server.log.corruption.policy = EXCEPTION (default)
2022-08-26 07:48:26,081 [pool-95-thread-1] INFO  server.RaftServerConfigKeys (ConfUtils.java:logGet(46)) - raft.server.storage.free-space.min = 0MB (=0) (default)
2022-08-26 07:48:26,081 [pool-95-thread-1] INFO  storage.RaftStorageDirectory (RaftStorageDirectoryImpl.java:analyzeStorage(135)) - The storage directory /home/runner/work/ozone/ozone/hadoop-ozone/integration-test/target/test-dir/MiniOzoneClusterImpl-fd94d619-731c-4cf3-b4d0-a84e41dfe71c/datanode-1/data/ratis/46f2c157-93e5-4013-bd3c-c6412fa838ca does not exist. Creating ...
2022-08-26 07:48:26,081 [Command processor thread] INFO  ratis.XceiverServerRatis (XceiverServerRatis.java:addGroup(765)) - Created group PipelineID=46f2c157-93e5-4013-bd3c-c6412fa838ca
2022-08-26 07:48:26,087 [pool-95-thread-1] INFO  storage.RaftStorageDirectory (RaftStorageDirectoryImpl.java:tryLock(230)) - Lock on /home/runner/work/ozone/ozone/hadoop-ozone/integration-test/target/test-dir/MiniOzoneClusterImpl-fd94d619-731c-4cf3-b4d0-a84e41dfe71c/datanode-1/data/ratis/46f2c157-93e5-4013-bd3c-c6412fa838ca/in_use.lock acquired by nodename 56754@fv-az127-536
2022-08-26 07:48:26,095 [pool-95-thread-1] INFO  storage.RaftStorage (RaftStorageImpl.java:format(89)) - Storage directory /home/runner/work/ozone/ozone/hadoop-ozone/integration-test/target/test-dir/MiniOzoneClusterImpl-fd94d619-731c-4cf3-b4d0-a84e41dfe71c/datanode-1/data/ratis/46f2c157-93e5-4013-bd3c-c6412fa838ca has been successfully formatted.
2022-08-26 07:48:26,096 [pool-95-thread-1] INFO  ratis.ContainerStateMachine (ContainerStateMachine.java:loadSnapshot(236)) - group-C6412FA838CA: The snapshot info is null. Setting the last applied indexto:(t:0, i:~)
2022-08-26 07:48:26,096 [pool-95-thread-1] INFO  server.RaftServerConfigKeys (ConfUtils.java:logGet(46)) - raft.server.notification.no-leader.timeout = 300s (custom)
2022-08-26 07:48:26,097 [pool-95-thread-1] INFO  server.RaftServerConfigKeys (ConfUtils.java:logGet(46)) - raft.server.log.use.memory = false (default)
2022-08-26 07:48:26,097 [pool-95-thread-1] INFO  server.RaftServerConfigKeys (ConfUtils.java:logGet(46)) - raft.server.log.purge.gap = 1000000 (custom)
2022-08-26 07:48:26,097 [pool-95-thread-1] INFO  server.RaftServerConfigKeys (ConfUtils.java:logGet(46)) - raft.server.log.appender.buffer.byte-limit = 33554432 (custom)
2022-08-26 07:48:26,097 [pool-95-thread-1] INFO  server.RaftServerConfigKeys (ConfUtils.java:logGet(46)) - raft.server.log.statemachine.data.read.timeout = 1000ms (default)
2022-08-26 07:48:26,097 [pool-95-thread-1] INFO  server.RaftServerConfigKeys (ConfUtils.java:logGet(46)) - raft.server.log.segment.size.max = 1048576 (custom)
2022-08-26 07:48:26,097 [pool-95-thread-1] INFO  server.RaftServerConfigKeys (ConfUtils.java:logGet(46)) - raft.server.log.segment.cache.num.max = 2 (custom)
2022-08-26 07:48:26,097 [pool-95-thread-1] INFO  server.RaftServerConfigKeys (ConfUtils.java:logGet(46)) - raft.server.log.segment.cache.size.max = 200MB (=209715200) (default)
2022-08-26 07:48:26,097 [pool-95-thread-1] INFO  segmented.SegmentedRaftLogWorker (SegmentedRaftLogWorker.java:<init>(187)) - new dd225e1e-7251-4789-a378-e78f7891434a@group-C6412FA838CA-SegmentedRaftLogWorker for RaftStorageImpl:Storage Directory /home/runner/work/ozone/ozone/hadoop-ozone/integration-test/target/test-dir/MiniOzoneClusterImpl-fd94d619-731c-4cf3-b4d0-a84e41dfe71c/datanode-1/data/ratis/46f2c157-93e5-4013-bd3c-c6412fa838ca
2022-08-26 07:48:26,097 [pool-95-thread-1] INFO  server.RaftServerConfigKeys (ConfUtils.java:logGet(46)) - raft.server.log.queue.byte-limit = 4294967296 (custom)
2022-08-26 07:48:26,097 [pool-95-thread-1] INFO  server.RaftServerConfigKeys (ConfUtils.java:logGet(46)) - raft.server.log.queue.element-limit = 1024 (custom)
2022-08-26 07:48:26,097 [pool-95-thread-1] INFO  server.RaftServerConfigKeys (ConfUtils.java:logGet(46)) - raft.server.log.segment.size.max = 1048576 (custom)
2022-08-26 07:48:26,098 [pool-95-thread-1] INFO  server.RaftServerConfigKeys (ConfUtils.java:logGet(46)) - raft.server.log.preallocated.size = 16384 (custom)
2022-08-26 07:48:26,098 [pool-95-thread-1] INFO  server.RaftServerConfigKeys (ConfUtils.java:logGet(46)) - raft.server.log.force.sync.num = 128 (default)
2022-08-26 07:48:26,098 [pool-95-thread-1] INFO  server.RaftServerConfigKeys (ConfUtils.java:logGet(46)) - raft.server.log.statemachine.data.sync = true (default)
2022-08-26 07:48:26,098 [pool-95-thread-1] INFO  server.RaftServerConfigKeys (ConfUtils.java:logGet(46)) - raft.server.log.statemachine.data.sync.timeout = 10s (default)
2022-08-26 07:48:26,098 [pool-95-thread-1] INFO  server.RaftServerConfigKeys (ConfUtils.java:logGet(46)) - raft.server.log.statemachine.data.sync.timeout.retry = -1 (default)
2022-08-26 07:48:26,098 [pool-95-thread-1] INFO  server.RaftServerConfigKeys (ConfUtils.java:logGet(46)) - raft.server.log.write.buffer.size = 1048576 (custom)
2022-08-26 07:48:26,099 [pool-95-thread-1] INFO  server.RaftServerConfigKeys (ConfUtils.java:logGet(46)) - raft.server.log.unsafe-flush.enabled = false (default)
2022-08-26 07:48:26,099 [pool-95-thread-1] INFO  server.RaftServerConfigKeys (ConfUtils.java:logGet(46)) - raft.server.log.statemachine.data.caching.enabled = true (custom)
2022-08-26 07:48:26,099 [pool-95-thread-1] INFO  segmented.SegmentedRaftLogWorker (SegmentedRaftLogWorker.java:lambda$new$0(135)) - dd225e1e-7251-4789-a378-e78f7891434a@group-C6412FA838CA-SegmentedRaftLogWorker: flushIndex: setUnconditionally 0 -> -1
2022-08-26 07:48:26,099 [pool-95-thread-1] INFO  segmented.SegmentedRaftLogWorker (SegmentedRaftLogWorker.java:lambda$new$0(135)) - dd225e1e-7251-4789-a378-e78f7891434a@group-C6412FA838CA-SegmentedRaftLogWorker: safeCacheEvictIndex: setUnconditionally 0 -> -1
2022-08-26 07:48:26,103 [pool-95-thread-1] INFO  server.RaftServerConfigKeys (ConfUtils.java:logGet(46)) - raft.server.snapshot.auto.trigger.enabled = true (custom)
2022-08-26 07:48:26,103 [pool-95-thread-1] INFO  server.RaftServerConfigKeys (ConfUtils.java:logGet(46)) - raft.server.snapshot.auto.trigger.threshold = 10000 (custom)
2022-08-26 07:48:26,103 [pool-95-thread-1] INFO  server.RaftServerConfigKeys (ConfUtils.java:logGet(46)) - raft.server.snapshot.retention.file.num = 5 (custom)
2022-08-26 07:48:26,103 [pool-95-thread-1] INFO  server.RaftServerConfigKeys (ConfUtils.java:logGet(46)) - raft.server.log.purge.upto.snapshot.index = false (default)
2022-08-26 07:48:26,103 [pool-95-thread-1] INFO  server.RaftServerConfigKeys (ConfUtils.java:logGet(46)) - raft.server.retrycache.expirytime = 600000ms (custom)
2022-08-26 07:48:26,103 [pool-95-thread-1] INFO  server.RaftServerConfigKeys (ConfUtils.java:logGet(46)) - raft.server.retrycache.statistics.expirytime = 100μs (default)
2022-08-26 07:48:26,104 [EventQueue-OpenPipelineForHealthyPipelineSafeModeRule] INFO  safemode.SCMSafeModeManager (HealthyPipelineSafeModeRule.java:process(137)) - SCM in safe mode. Healthy pipelines reported count is 0, required healthy pipeline reported count is 1
2022-08-26 07:48:26,108 [pool-95-thread-1] INFO  server.RaftServerConfigKeys (ConfUtils.java:logGet(46)) - raft.server.log.appender.install.snapshot.enabled = false (custom)
2022-08-26 07:48:26,109 [pool-95-thread-1] INFO  server.RaftServerConfigKeys (ConfUtils.java:logGet(46)) - raft.server.threadpool.server.cached = true (default)
2022-08-26 07:48:26,109 [pool-95-thread-1] INFO  server.RaftServerConfigKeys (ConfUtils.java:logGet(46)) - raft.server.threadpool.server.size = 0 (default)
2022-08-26 07:48:26,109 [pool-95-thread-1] INFO  server.RaftServerConfigKeys (ConfUtils.java:logGet(46)) - raft.server.threadpool.client.cached = true (default)
2022-08-26 07:48:26,110 [pool-95-thread-1] INFO  server.RaftServerConfigKeys (ConfUtils.java:logGet(46)) - raft.server.threadpool.client.size = 0 (default)
2022-08-26 07:48:26,111 [pool-95-thread-1] INFO  server.RaftServer$Division (RaftServerImpl.java:start(310)) - dd225e1e-7251-4789-a378-e78f7891434a@group-C6412FA838CA: start as a follower, conf=-1: [e44a8a7a-b0a6-43bb-907a-11061d966fe2|rpc:10.1.0.212:39427|priority:0, dd225e1e-7251-4789-a378-e78f7891434a|rpc:10.1.0.212:40987|priority:0, 1517f5f4-31fa-4d81-9e6e-dd93dde0f3a0|rpc:10.1.0.212:34529|priority:1], old=null
2022-08-26 07:48:26,111 [pool-95-thread-1] INFO  server.RaftServer$Division (RaftServerImpl.java:setRole(299)) - dd225e1e-7251-4789-a378-e78f7891434a@group-C6412FA838CA: changes role from      null to FOLLOWER at term 0 for startAsFollower
2022-08-26 07:48:26,112 [pool-95-thread-1] INFO  impl.RoleInfo (RoleInfo.java:updateAndGet(139)) - dd225e1e-7251-4789-a378-e78f7891434a: start dd225e1e-7251-4789-a378-e78f7891434a@group-C6412FA838CA-FollowerState
2022-08-26 07:48:26,112 [pool-95-thread-1] INFO  util.JmxRegister (JmxRegister.java:tryRegister(44)) - Successfully registered JMX Bean with object name Ratis:service=RaftServer,group=group-C6412FA838CA,id=dd225e1e-7251-4789-a378-e78f7891434a
2022-08-26 07:48:26,114 [Command processor thread] INFO  ratis.XceiverServerRatis (XceiverServerRatis.java:addGroup(765)) - Created group PipelineID=46f2c157-93e5-4013-bd3c-c6412fa838ca
2022-08-26 07:48:26,167 [Command processor thread] INFO  commandhandler.CreatePipelineCommandHandler (CreatePipelineCommandHandler.java:handle(113)) - Created Pipeline RATIS THREE PipelineID=46f2c157-93e5-4013-bd3c-c6412fa838ca.
2022-08-26 07:48:26,190 [Command processor thread] INFO  commandhandler.CreatePipelineCommandHandler (CreatePipelineCommandHandler.java:handle(113)) - Created Pipeline RATIS THREE PipelineID=46f2c157-93e5-4013-bd3c-c6412fa838ca.
2022-08-26 07:48:26,198 [Command processor thread] INFO  commandhandler.CreatePipelineCommandHandler (CreatePipelineCommandHandler.java:handle(113)) - Created Pipeline RATIS THREE PipelineID=46f2c157-93e5-4013-bd3c-c6412fa838ca.
2022-08-26 07:48:26,975 [Listener at 127.0.0.1/46611] INFO  ozone.MiniOzoneClusterImpl (MiniOzoneClusterImpl.java:lambda$waitForClusterToBeReady$0(216)) - Nodes are ready. Got 3 of 3 DN Heartbeats.
2022-08-26 07:48:26,975 [Listener at 127.0.0.1/46611] INFO  ozone.MiniOzoneClusterImpl (MiniOzoneClusterImpl.java:lambda$waitForClusterToBeReady$0(219)) - Waiting for cluster to exit safe mode
2022-08-26 07:48:26,975 [Listener at 127.0.0.1/46611] INFO  ozone.MiniOzoneClusterImpl (MiniOzoneClusterImpl.java:lambda$waitForClusterToBeReady$0(221)) - SCM became leader
2022-08-26 07:48:27,975 [Listener at 127.0.0.1/46611] INFO  ozone.MiniOzoneClusterImpl (MiniOzoneClusterImpl.java:lambda$waitForClusterToBeReady$0(216)) - Nodes are ready. Got 3 of 3 DN Heartbeats.
2022-08-26 07:48:27,975 [Listener at 127.0.0.1/46611] INFO  ozone.MiniOzoneClusterImpl (MiniOzoneClusterImpl.java:lambda$waitForClusterToBeReady$0(219)) - Waiting for cluster to exit safe mode
2022-08-26 07:48:27,976 [Listener at 127.0.0.1/46611] INFO  ozone.MiniOzoneClusterImpl (MiniOzoneClusterImpl.java:lambda$waitForClusterToBeReady$0(221)) - SCM became leader
2022-08-26 07:48:28,976 [Listener at 127.0.0.1/46611] INFO  ozone.MiniOzoneClusterImpl (MiniOzoneClusterImpl.java:lambda$waitForClusterToBeReady$0(216)) - Nodes are ready. Got 3 of 3 DN Heartbeats.
2022-08-26 07:48:28,976 [Listener at 127.0.0.1/46611] INFO  ozone.MiniOzoneClusterImpl (MiniOzoneClusterImpl.java:lambda$waitForClusterToBeReady$0(219)) - Waiting for cluster to exit safe mode
2022-08-26 07:48:28,976 [Listener at 127.0.0.1/46611] INFO  ozone.MiniOzoneClusterImpl (MiniOzoneClusterImpl.java:lambda$waitForClusterToBeReady$0(221)) - SCM became leader
2022-08-26 07:48:29,979 [Listener at 127.0.0.1/46611] INFO  ozone.MiniOzoneClusterImpl (MiniOzoneClusterImpl.java:lambda$waitForClusterToBeReady$0(216)) - Nodes are ready. Got 3 of 3 DN Heartbeats.
2022-08-26 07:48:29,980 [Listener at 127.0.0.1/46611] INFO  ozone.MiniOzoneClusterImpl (MiniOzoneClusterImpl.java:lambda$waitForClusterToBeReady$0(219)) - Waiting for cluster to exit safe mode
2022-08-26 07:48:29,980 [Listener at 127.0.0.1/46611] INFO  ozone.MiniOzoneClusterImpl (MiniOzoneClusterImpl.java:lambda$waitForClusterToBeReady$0(221)) - SCM became leader
2022-08-26 07:48:30,317 [e44a8a7a-b0a6-43bb-907a-11061d966fe2@group-6E16D60DC15A-FollowerState] INFO  impl.FollowerState (FollowerState.java:run(143)) - e44a8a7a-b0a6-43bb-907a-11061d966fe2@group-6E16D60DC15A-FollowerState: change to CANDIDATE, lastRpcElapsedTime:5066308710ns, electionTimeout:5065ms
2022-08-26 07:48:30,318 [e44a8a7a-b0a6-43bb-907a-11061d966fe2@group-6E16D60DC15A-FollowerState] INFO  impl.RoleInfo (RoleInfo.java:shutdownFollowerState(110)) - e44a8a7a-b0a6-43bb-907a-11061d966fe2: shutdown e44a8a7a-b0a6-43bb-907a-11061d966fe2@group-6E16D60DC15A-FollowerState
2022-08-26 07:48:30,318 [e44a8a7a-b0a6-43bb-907a-11061d966fe2@group-6E16D60DC15A-FollowerState] INFO  server.RaftServer$Division (RaftServerImpl.java:setRole(299)) - e44a8a7a-b0a6-43bb-907a-11061d966fe2@group-6E16D60DC15A: changes role from  FOLLOWER to CANDIDATE at term 0 for changeToCandidate
2022-08-26 07:48:30,318 [e44a8a7a-b0a6-43bb-907a-11061d966fe2@group-6E16D60DC15A-FollowerState] INFO  server.RaftServerConfigKeys (ConfUtils.java:logGet(46)) - raft.server.leaderelection.pre-vote = false (custom)
2022-08-26 07:48:30,318 [e44a8a7a-b0a6-43bb-907a-11061d966fe2@group-6E16D60DC15A-FollowerState] INFO  impl.RoleInfo (RoleInfo.java:updateAndGet(139)) - e44a8a7a-b0a6-43bb-907a-11061d966fe2: start e44a8a7a-b0a6-43bb-907a-11061d966fe2@group-6E16D60DC15A-LeaderElection2
2022-08-26 07:48:30,322 [e44a8a7a-b0a6-43bb-907a-11061d966fe2@group-6E16D60DC15A-LeaderElection2] INFO  impl.LeaderElection (LeaderElection.java:askForVotes(310)) - e44a8a7a-b0a6-43bb-907a-11061d966fe2@group-6E16D60DC15A-LeaderElection2 ELECTION round 0: submit vote requests at term 1 for -1: [dd225e1e-7251-4789-a378-e78f7891434a|rpc:10.1.0.212:40987|priority:0, e44a8a7a-b0a6-43bb-907a-11061d966fe2|rpc:10.1.0.212:39427|priority:1, 1517f5f4-31fa-4d81-9e6e-dd93dde0f3a0|rpc:10.1.0.212:34529|priority:0], old=null
2022-08-26 07:48:30,348 [grpc-default-executor-1] INFO  server.RaftServer$Division (RaftServerImpl.java:requestVote(1152)) - dd225e1e-7251-4789-a378-e78f7891434a@group-6E16D60DC15A: receive requestVote(ELECTION, e44a8a7a-b0a6-43bb-907a-11061d966fe2, group-6E16D60DC15A, 1, (t:0, i:0))
2022-08-26 07:48:30,350 [grpc-default-executor-1] INFO  impl.VoteContext (VoteContext.java:log(48)) - dd225e1e-7251-4789-a378-e78f7891434a@group-6E16D60DC15A-FOLLOWER: accept ELECTION from e44a8a7a-b0a6-43bb-907a-11061d966fe2: our priority 0 <= candidate's priority 1
2022-08-26 07:48:30,351 [grpc-default-executor-1] INFO  server.RaftServer$Division (RaftServerImpl.java:setRole(299)) - dd225e1e-7251-4789-a378-e78f7891434a@group-6E16D60DC15A: changes role from  FOLLOWER to FOLLOWER at term 1 for candidate:e44a8a7a-b0a6-43bb-907a-11061d966fe2
2022-08-26 07:48:30,351 [grpc-default-executor-1] INFO  impl.RoleInfo (RoleInfo.java:shutdownFollowerState(110)) - dd225e1e-7251-4789-a378-e78f7891434a: shutdown dd225e1e-7251-4789-a378-e78f7891434a@group-6E16D60DC15A-FollowerState
2022-08-26 07:48:30,351 [grpc-default-executor-1] INFO  impl.RoleInfo (RoleInfo.java:updateAndGet(139)) - dd225e1e-7251-4789-a378-e78f7891434a: start dd225e1e-7251-4789-a378-e78f7891434a@group-6E16D60DC15A-FollowerState
2022-08-26 07:48:30,351 [dd225e1e-7251-4789-a378-e78f7891434a@group-6E16D60DC15A-FollowerState] INFO  impl.FollowerState (FollowerState.java:run(152)) - dd225e1e-7251-4789-a378-e78f7891434a@group-6E16D60DC15A-FollowerState was interrupted
2022-08-26 07:48:30,359 [grpc-default-executor-0] INFO  server.RaftServer$Division (RaftServerImpl.java:requestVote(1152)) - 1517f5f4-31fa-4d81-9e6e-dd93dde0f3a0@group-6E16D60DC15A: receive requestVote(ELECTION, e44a8a7a-b0a6-43bb-907a-11061d966fe2, group-6E16D60DC15A, 1, (t:0, i:0))
2022-08-26 07:48:30,359 [grpc-default-executor-0] INFO  impl.VoteContext (VoteContext.java:log(48)) - 1517f5f4-31fa-4d81-9e6e-dd93dde0f3a0@group-6E16D60DC15A-FOLLOWER: accept ELECTION from e44a8a7a-b0a6-43bb-907a-11061d966fe2: our priority 0 <= candidate's priority 1
2022-08-26 07:48:30,360 [grpc-default-executor-0] INFO  server.RaftServer$Division (RaftServerImpl.java:setRole(299)) - 1517f5f4-31fa-4d81-9e6e-dd93dde0f3a0@group-6E16D60DC15A: changes role from  FOLLOWER to FOLLOWER at term 1 for candidate:e44a8a7a-b0a6-43bb-907a-11061d966fe2
2022-08-26 07:48:30,360 [grpc-default-executor-0] INFO  impl.RoleInfo (RoleInfo.java:shutdownFollowerState(110)) - 1517f5f4-31fa-4d81-9e6e-dd93dde0f3a0: shutdown 1517f5f4-31fa-4d81-9e6e-dd93dde0f3a0@group-6E16D60DC15A-FollowerState
2022-08-26 07:48:30,360 [grpc-default-executor-0] INFO  impl.RoleInfo (RoleInfo.java:updateAndGet(139)) - 1517f5f4-31fa-4d81-9e6e-dd93dde0f3a0: start 1517f5f4-31fa-4d81-9e6e-dd93dde0f3a0@group-6E16D60DC15A-FollowerState
2022-08-26 07:48:30,360 [1517f5f4-31fa-4d81-9e6e-dd93dde0f3a0@group-6E16D60DC15A-FollowerState] INFO  impl.FollowerState (FollowerState.java:run(152)) - 1517f5f4-31fa-4d81-9e6e-dd93dde0f3a0@group-6E16D60DC15A-FollowerState was interrupted
2022-08-26 07:48:30,363 [grpc-default-executor-1] INFO  server.RaftServer$Division (RaftServerImpl.java:requestVote(1184)) - dd225e1e-7251-4789-a378-e78f7891434a@group-6E16D60DC15A replies to ELECTION vote request: e44a8a7a-b0a6-43bb-907a-11061d966fe2<-dd225e1e-7251-4789-a378-e78f7891434a#0:OK-t1. Peer's state: dd225e1e-7251-4789-a378-e78f7891434a@group-6E16D60DC15A:t1, leader=null, voted=e44a8a7a-b0a6-43bb-907a-11061d966fe2, raftlog=dd225e1e-7251-4789-a378-e78f7891434a@group-6E16D60DC15A-SegmentedRaftLog:OPENED:c-1, conf=-1: [dd225e1e-7251-4789-a378-e78f7891434a|rpc:10.1.0.212:40987|priority:0, e44a8a7a-b0a6-43bb-907a-11061d966fe2|rpc:10.1.0.212:39427|priority:1, 1517f5f4-31fa-4d81-9e6e-dd93dde0f3a0|rpc:10.1.0.212:34529|priority:0], old=null
2022-08-26 07:48:30,369 [grpc-default-executor-0] INFO  server.RaftServer$Division (RaftServerImpl.java:requestVote(1184)) - 1517f5f4-31fa-4d81-9e6e-dd93dde0f3a0@group-6E16D60DC15A replies to ELECTION vote request: e44a8a7a-b0a6-43bb-907a-11061d966fe2<-1517f5f4-31fa-4d81-9e6e-dd93dde0f3a0#0:OK-t1. Peer's state: 1517f5f4-31fa-4d81-9e6e-dd93dde0f3a0@group-6E16D60DC15A:t1, leader=null, voted=e44a8a7a-b0a6-43bb-907a-11061d966fe2, raftlog=1517f5f4-31fa-4d81-9e6e-dd93dde0f3a0@group-6E16D60DC15A-SegmentedRaftLog:OPENED:c-1, conf=-1: [dd225e1e-7251-4789-a378-e78f7891434a|rpc:10.1.0.212:40987|dataStream:|priority:0, e44a8a7a-b0a6-43bb-907a-11061d966fe2|rpc:10.1.0.212:39427|dataStream:|priority:1, 1517f5f4-31fa-4d81-9e6e-dd93dde0f3a0|rpc:10.1.0.212:34529|dataStream:|priority:0], old=null
2022-08-26 07:48:30,369 [e44a8a7a-b0a6-43bb-907a-11061d966fe2@group-6E16D60DC15A-LeaderElection2] INFO  impl.LeaderElection (LeaderElection.java:logAndReturn(90)) - e44a8a7a-b0a6-43bb-907a-11061d966fe2@group-6E16D60DC15A-LeaderElection2: ELECTION PASSED received 1 response(s) and 0 exception(s):
2022-08-26 07:48:30,370 [e44a8a7a-b0a6-43bb-907a-11061d966fe2@group-6E16D60DC15A-LeaderElection2] INFO  impl.LeaderElection (LeaderElection.java:logAndReturn(94)) -   Response 0: e44a8a7a-b0a6-43bb-907a-11061d966fe2<-dd225e1e-7251-4789-a378-e78f7891434a#0:OK-t1
2022-08-26 07:48:30,370 [e44a8a7a-b0a6-43bb-907a-11061d966fe2@group-6E16D60DC15A-LeaderElection2] INFO  impl.LeaderElection (LeaderElection.java:askForVotes(312)) - e44a8a7a-b0a6-43bb-907a-11061d966fe2@group-6E16D60DC15A-LeaderElection2 ELECTION round 0: result PASSED
2022-08-26 07:48:30,370 [e44a8a7a-b0a6-43bb-907a-11061d966fe2@group-6E16D60DC15A-LeaderElection2] INFO  impl.RoleInfo (RoleInfo.java:shutdownLeaderElection(130)) - e44a8a7a-b0a6-43bb-907a-11061d966fe2: shutdown e44a8a7a-b0a6-43bb-907a-11061d966fe2@group-6E16D60DC15A-LeaderElection2
2022-08-26 07:48:30,370 [e44a8a7a-b0a6-43bb-907a-11061d966fe2@group-6E16D60DC15A-LeaderElection2] INFO  server.RaftServer$Division (RaftServerImpl.java:setRole(299)) - e44a8a7a-b0a6-43bb-907a-11061d966fe2@group-6E16D60DC15A: changes role from CANDIDATE to LEADER at term 1 for changeToLeader
2022-08-26 07:48:30,370 [e44a8a7a-b0a6-43bb-907a-11061d966fe2@group-6E16D60DC15A-LeaderElection2] INFO  ratis.XceiverServerRatis (XceiverServerRatis.java:handleLeaderChangedNotification(863)) - Leader change notification received for group: group-6E16D60DC15A with new leaderId: e44a8a7a-b0a6-43bb-907a-11061d966fe2
2022-08-26 07:48:30,370 [e44a8a7a-b0a6-43bb-907a-11061d966fe2@group-6E16D60DC15A-LeaderElection2] INFO  server.RaftServer$Division (ServerState.java:setLeader(287)) - e44a8a7a-b0a6-43bb-907a-11061d966fe2@group-6E16D60DC15A: change Leader from null to e44a8a7a-b0a6-43bb-907a-11061d966fe2 at term 1 for becomeLeader, leader elected after 5133ms
2022-08-26 07:48:30,371 [e44a8a7a-b0a6-43bb-907a-11061d966fe2@group-6E16D60DC15A-LeaderElection2] INFO  server.RaftServerConfigKeys (ConfUtils.java:logGet(46)) - raft.server.staging.catchup.gap = 1000 (default)
2022-08-26 07:48:30,371 [e44a8a7a-b0a6-43bb-907a-11061d966fe2@group-6E16D60DC15A-LeaderElection2] INFO  server.RaftServerConfigKeys (ConfUtils.java:logGet(46)) - raft.server.write.element-limit = 1024 (custom)
2022-08-26 07:48:30,371 [e44a8a7a-b0a6-43bb-907a-11061d966fe2@group-6E16D60DC15A-LeaderElection2] INFO  server.RaftServerConfigKeys (ConfUtils.java:logGet(46)) - raft.server.write.byte-limit = 1024 M (=1073741824) (custom)
2022-08-26 07:48:30,371 [e44a8a7a-b0a6-43bb-907a-11061d966fe2@group-6E16D60DC15A-LeaderElection2] INFO  server.RaftServerConfigKeys (ConfUtils.java:logGet(46)) - raft.server.watch.timeout = 180s (custom)
2022-08-26 07:48:30,371 [e44a8a7a-b0a6-43bb-907a-11061d966fe2@group-6E16D60DC15A-LeaderElection2] INFO  server.RaftServerConfigKeys (ConfUtils.java:logGet(46)) - raft.server.watch.timeout.denomination = 1s (default)
2022-08-26 07:48:30,371 [e44a8a7a-b0a6-43bb-907a-11061d966fe2@group-6E16D60DC15A-LeaderElection2] INFO  server.RaftServerConfigKeys (ConfUtils.java:logGet(46)) - raft.server.watch.element-limit = 65536 (default)
2022-08-26 07:48:30,371 [e44a8a7a-b0a6-43bb-907a-11061d966fe2@group-6E16D60DC15A-LeaderElection2] INFO  server.RaftServerConfigKeys (ConfUtils.java:logGet(46)) - raft.server.write.element-limit = 1024 (custom)
2022-08-26 07:48:30,371 [e44a8a7a-b0a6-43bb-907a-11061d966fe2@group-6E16D60DC15A-LeaderElection2] INFO  server.RaftServerConfigKeys (ConfUtils.java:logGet(46)) - raft.server.write.follower.gap.ratio.max = -1.0 (default)
2022-08-26 07:48:30,377 [EventQueue-PipelineReportForPipelineReportHandler] INFO  pipeline.PipelineManagerImpl (PipelineManagerImpl.java:openPipeline(367)) - Pipeline Pipeline[ Id: 91c10930-75f1-4891-b0c6-6e16d60dc15a, Nodes: dd225e1e-7251-4789-a378-e78f7891434a{ip: 10.1.0.212, host: fv-az127-536.h3uyzbqov44edfyrgkjongjtha.bx.internal.cloudapp.net, ports: [REPLICATION=33517, RATIS=40987, RATIS_ADMIN=40987, RATIS_SERVER=40987, STANDALONE=46853], networkLocation: /default-rack, certSerialId: null, persistedOpState: IN_SERVICE, persistedOpStateExpiryEpochSec: 0}e44a8a7a-b0a6-43bb-907a-11061d966fe2{ip: 10.1.0.212, host: fv-az127-536.h3uyzbqov44edfyrgkjongjtha.bx.internal.cloudapp.net, ports: [REPLICATION=42621, RATIS=39427, RATIS_ADMIN=39427, RATIS_SERVER=39427, STANDALONE=45675], networkLocation: /default-rack, certSerialId: null, persistedOpState: IN_SERVICE, persistedOpStateExpiryEpochSec: 0}1517f5f4-31fa-4d81-9e6e-dd93dde0f3a0{ip: 10.1.0.212, host: fv-az127-536.h3uyzbqov44edfyrgkjongjtha.bx.internal.cloudapp.net, ports: [REPLICATION=44065, RATIS=34529, RATIS_ADMIN=34529, RATIS_SERVER=34529, STANDALONE=42863], networkLocation: /default-rack, certSerialId: null, persistedOpState: IN_SERVICE, persistedOpStateExpiryEpochSec: 0}, ReplicationConfig: RATIS/THREE, State:ALLOCATED, leaderId:e44a8a7a-b0a6-43bb-907a-11061d966fe2, CreationTimestamp2022-08-26T07:48:22.991Z[Etc/UTC]] moved to OPEN state
2022-08-26 07:48:30,383 [EventQueue-OpenPipelineForHealthyPipelineSafeModeRule] INFO  safemode.SCMSafeModeManager (HealthyPipelineSafeModeRule.java:process(137)) - SCM in safe mode. Healthy pipelines reported count is 1, required healthy pipeline reported count is 1
2022-08-26 07:48:30,383 [EventQueue-OpenPipelineForHealthyPipelineSafeModeRule] INFO  safemode.SCMSafeModeManager (SCMSafeModeManager.java:validateSafeModeExitRules(204)) - HealthyPipelineSafeModeRule rule is successfully validated
2022-08-26 07:48:30,383 [EventQueue-OpenPipelineForHealthyPipelineSafeModeRule] INFO  safemode.SCMSafeModeManager (SCMSafeModeManager.java:validateSafeModeExitRules(219)) - ScmSafeModeManager, all rules are successfully validated
2022-08-26 07:48:30,383 [EventQueue-OpenPipelineForHealthyPipelineSafeModeRule] INFO  safemode.SCMSafeModeManager (SCMSafeModeManager.java:exitSafeMode(248)) - SCM exiting safe mode.
2022-08-26 07:48:30,383 [EventQueue-OpenPipelineForHealthyPipelineSafeModeRule] WARN  events.EventQueue (EventQueue.java:fireEvent(216)) - No event handler registered for event TypedEvent{payloadType=SafeModeStatus, name='Safe mode status'}
2022-08-26 07:48:30,383 [EventQueue-OpenPipelineForHealthyPipelineSafeModeRule] INFO  ha.SCMContext (SCMContext.java:updateSafeModeStatus(228)) - Update SafeModeStatus from SafeModeStatus{safeModeStatus=true, preCheckPassed=true} to SafeModeStatus{safeModeStatus=false, preCheckPassed=true}.
2022-08-26 07:48:30,383 [EventQueue-OpenPipelineForHealthyPipelineSafeModeRule] INFO  pipeline.BackgroundPipelineCreator (BackgroundPipelineCreator.java:notifyStatusChanged(254)) - Service BackgroundPipelineCreator transitions to RUNNING.
2022-08-26 07:48:30,383 [EventQueue-OpenPipelineForHealthyPipelineSafeModeRule] INFO  BackgroundPipelineScrubber (BackgroundSCMService.java:notifyStatusChanged(82)) - Service BackgroundPipelineScrubber transitions to RUNNING.
2022-08-26 07:48:30,383 [EventQueue-OpenPipelineForHealthyPipelineSafeModeRule] INFO  ExpiredContainerReplicaOpScrubber (BackgroundSCMService.java:notifyStatusChanged(82)) - Service ExpiredContainerReplicaOpScrubber transitions to RUNNING.
2022-08-26 07:48:30,383 [EventQueue-OpenPipelineForHealthyPipelineSafeModeRule] INFO  UnderReplicatedQueueThread (BackgroundSCMService.java:notifyStatusChanged(82)) - Service UnderReplicatedQueueThread transitions to RUNNING.
2022-08-26 07:48:30,383 [EventQueue-OpenPipelineForHealthyPipelineSafeModeRule] INFO  OverReplicatedQueueThread (BackgroundSCMService.java:notifyStatusChanged(82)) - Service OverReplicatedQueueThread transitions to RUNNING.
2022-08-26 07:48:30,383 [EventQueue-OpenPipelineForHealthyPipelineSafeModeRule] INFO  replication.ReplicationManager (ReplicationManager.java:notifyStatusChanged(719)) - Service ReplicationManager transitions to RUNNING.
2022-08-26 07:48:30,387 [EventQueue-OpenPipelineForHealthyPipelineSafeModeRule] WARN  balancer.ContainerBalancer (ContainerBalancer.java:shouldRun(925)) - Could not find persisted configuration for ContainerBalancer when checking if ContainerBalancer should run. ContainerBalancer should not run now.
2022-08-26 07:48:30,389 [e44a8a7a-b0a6-43bb-907a-11061d966fe2@group-6E16D60DC15A-LeaderElection2] INFO  server.RaftServerConfigKeys (ConfUtils.java:logGet(46)) - raft.server.log.appender.snapshot.chunk.size.max = 16MB (=16777216) (default)
2022-08-26 07:48:30,389 [e44a8a7a-b0a6-43bb-907a-11061d966fe2@group-6E16D60DC15A-LeaderElection2] INFO  server.RaftServerConfigKeys (ConfUtils.java:logGet(46)) - raft.server.log.appender.buffer.byte-limit = 33554432 (custom)
2022-08-26 07:48:30,390 [e44a8a7a-b0a6-43bb-907a-11061d966fe2@group-6E16D60DC15A-LeaderElection2] INFO  server.RaftServerConfigKeys (ConfUtils.java:logGet(46)) - raft.server.log.appender.buffer.element-limit = 1 (custom)
2022-08-26 07:48:30,392 [e44a8a7a-b0a6-43bb-907a-11061d966fe2@group-6E16D60DC15A-LeaderElection2] INFO  grpc.GrpcConfigKeys (ConfUtils.java:logGet(46)) - raft.grpc.server.leader.outstanding.appends.max = 128 (default)
2022-08-26 07:48:30,393 [e44a8a7a-b0a6-43bb-907a-11061d966fe2@group-6E16D60DC15A-LeaderElection2] INFO  server.RaftServerConfigKeys (ConfUtils.java:logGet(46)) - raft.server.rpc.request.timeout = 60s (custom)
2022-08-26 07:48:30,393 [e44a8a7a-b0a6-43bb-907a-11061d966fe2@group-6E16D60DC15A-LeaderElection2] INFO  server.RaftServerConfigKeys (ConfUtils.java:logGet(46)) - raft.server.log.appender.install.snapshot.enabled = false (custom)
2022-08-26 07:48:30,394 [e44a8a7a-b0a6-43bb-907a-11061d966fe2@group-6E16D60DC15A-LeaderElection2] INFO  server.RaftServerConfigKeys (ConfUtils.java:logGet(46)) - raft.server.log.appender.snapshot.chunk.size.max = 16MB (=16777216) (default)
2022-08-26 07:48:30,395 [e44a8a7a-b0a6-43bb-907a-11061d966fe2@group-6E16D60DC15A-LeaderElection2] INFO  server.RaftServerConfigKeys (ConfUtils.java:logGet(46)) - raft.server.log.appender.buffer.byte-limit = 33554432 (custom)
2022-08-26 07:48:30,395 [e44a8a7a-b0a6-43bb-907a-11061d966fe2@group-6E16D60DC15A-LeaderElection2] INFO  server.RaftServerConfigKeys (ConfUtils.java:logGet(46)) - raft.server.log.appender.buffer.element-limit = 1 (custom)
2022-08-26 07:48:30,395 [e44a8a7a-b0a6-43bb-907a-11061d966fe2@group-6E16D60DC15A-LeaderElection2] INFO  grpc.GrpcConfigKeys (ConfUtils.java:logGet(46)) - raft.grpc.server.leader.outstanding.appends.max = 128 (default)
2022-08-26 07:48:30,395 [e44a8a7a-b0a6-43bb-907a-11061d966fe2@group-6E16D60DC15A-LeaderElection2] INFO  server.RaftServerConfigKeys (ConfUtils.java:logGet(46)) - raft.server.rpc.request.timeout = 60s (custom)
2022-08-26 07:48:30,395 [e44a8a7a-b0a6-43bb-907a-11061d966fe2@group-6E16D60DC15A-LeaderElection2] INFO  server.RaftServerConfigKeys (ConfUtils.java:logGet(46)) - raft.server.log.appender.install.snapshot.enabled = false (custom)
2022-08-26 07:48:30,396 [e44a8a7a-b0a6-43bb-907a-11061d966fe2@group-6E16D60DC15A-LeaderElection2] INFO  impl.RoleInfo (RoleInfo.java:updateAndGet(139)) - e44a8a7a-b0a6-43bb-907a-11061d966fe2: start e44a8a7a-b0a6-43bb-907a-11061d966fe2@group-6E16D60DC15A-LeaderStateImpl
2022-08-26 07:48:30,396 [e44a8a7a-b0a6-43bb-907a-11061d966fe2@group-6E16D60DC15A-LeaderElection2] INFO  segmented.SegmentedRaftLogWorker (SegmentedRaftLogWorker.java:startLogSegment(425)) - e44a8a7a-b0a6-43bb-907a-11061d966fe2@group-6E16D60DC15A-SegmentedRaftLogWorker: Starting segment from index:0
2022-08-26 07:48:30,397 [e44a8a7a-b0a6-43bb-907a-11061d966fe2@group-6E16D60DC15A-SegmentedRaftLogWorker] INFO  segmented.SegmentedRaftLogWorker (SegmentedRaftLogWorker.java:execute(629)) - e44a8a7a-b0a6-43bb-907a-11061d966fe2@group-6E16D60DC15A-SegmentedRaftLogWorker: created new log segment /home/runner/work/ozone/ozone/hadoop-ozone/integration-test/target/test-dir/MiniOzoneClusterImpl-fd94d619-731c-4cf3-b4d0-a84e41dfe71c/datanode-0/data/ratis/91c10930-75f1-4891-b0c6-6e16d60dc15a/current/log_inprogress_0
2022-08-26 07:48:30,406 [e44a8a7a-b0a6-43bb-907a-11061d966fe2@group-6E16D60DC15A-LeaderElection2] INFO  server.RaftServer$Division (ServerState.java:setRaftConf(393)) - e44a8a7a-b0a6-43bb-907a-11061d966fe2@group-6E16D60DC15A: set configuration 0: [dd225e1e-7251-4789-a378-e78f7891434a|rpc:10.1.0.212:40987|dataStream:|priority:0, e44a8a7a-b0a6-43bb-907a-11061d966fe2|rpc:10.1.0.212:39427|dataStream:|priority:1, 1517f5f4-31fa-4d81-9e6e-dd93dde0f3a0|rpc:10.1.0.212:34529|dataStream:|priority:0], old=null
2022-08-26 07:48:30,423 [e44a8a7a-b0a6-43bb-907a-11061d966fe2@group-271848538590-FollowerState] INFO  impl.FollowerState (FollowerState.java:run(143)) - e44a8a7a-b0a6-43bb-907a-11061d966fe2@group-271848538590-FollowerState: change to CANDIDATE, lastRpcElapsedTime:5203993732ns, electionTimeout:5198ms
2022-08-26 07:48:30,424 [e44a8a7a-b0a6-43bb-907a-11061d966fe2@group-271848538590-FollowerState] INFO  impl.RoleInfo (RoleInfo.java:shutdownFollowerState(110)) - e44a8a7a-b0a6-43bb-907a-11061d966fe2: shutdown e44a8a7a-b0a6-43bb-907a-11061d966fe2@group-271848538590-FollowerState
2022-08-26 07:48:30,424 [e44a8a7a-b0a6-43bb-907a-11061d966fe2@group-271848538590-FollowerState] INFO  server.RaftServer$Division (RaftServerImpl.java:setRole(299)) - e44a8a7a-b0a6-43bb-907a-11061d966fe2@group-271848538590: changes role from  FOLLOWER to CANDIDATE at term 0 for changeToCandidate
2022-08-26 07:48:30,424 [e44a8a7a-b0a6-43bb-907a-11061d966fe2@group-271848538590-FollowerState] INFO  server.RaftServerConfigKeys (ConfUtils.java:logGet(46)) - raft.server.leaderelection.pre-vote = false (custom)
2022-08-26 07:48:30,424 [e44a8a7a-b0a6-43bb-907a-11061d966fe2@group-271848538590-FollowerState] INFO  impl.RoleInfo (RoleInfo.java:updateAndGet(139)) - e44a8a7a-b0a6-43bb-907a-11061d966fe2: start e44a8a7a-b0a6-43bb-907a-11061d966fe2@group-271848538590-LeaderElection3
2022-08-26 07:48:30,437 [dd225e1e-7251-4789-a378-e78f7891434a-server-thread1] INFO  ratis.XceiverServerRatis (XceiverServerRatis.java:handleLeaderChangedNotification(863)) - Leader change notification received for group: group-6E16D60DC15A with new leaderId: e44a8a7a-b0a6-43bb-907a-11061d966fe2
2022-08-26 07:48:30,437 [dd225e1e-7251-4789-a378-e78f7891434a-server-thread1] INFO  server.RaftServer$Division (ServerState.java:setLeader(287)) - dd225e1e-7251-4789-a378-e78f7891434a@group-6E16D60DC15A: change Leader from null to e44a8a7a-b0a6-43bb-907a-11061d966fe2 at term 1 for appendEntries, leader elected after 4763ms
2022-08-26 07:48:30,442 [1517f5f4-31fa-4d81-9e6e-dd93dde0f3a0-server-thread1] INFO  ratis.XceiverServerRatis (XceiverServerRatis.java:handleLeaderChangedNotification(863)) - Leader change notification received for group: group-6E16D60DC15A with new leaderId: e44a8a7a-b0a6-43bb-907a-11061d966fe2
2022-08-26 07:48:30,442 [1517f5f4-31fa-4d81-9e6e-dd93dde0f3a0-server-thread1] INFO  server.RaftServer$Division (ServerState.java:setLeader(287)) - 1517f5f4-31fa-4d81-9e6e-dd93dde0f3a0@group-6E16D60DC15A: change Leader from null to e44a8a7a-b0a6-43bb-907a-11061d966fe2 at term 1 for appendEntries, leader elected after 4475ms
2022-08-26 07:48:30,445 [e44a8a7a-b0a6-43bb-907a-11061d966fe2@group-271848538590-LeaderElection3] INFO  impl.LeaderElection (LeaderElection.java:askForVotes(310)) - e44a8a7a-b0a6-43bb-907a-11061d966fe2@group-271848538590-LeaderElection3 ELECTION round 0: submit vote requests at term 1 for -1: [e44a8a7a-b0a6-43bb-907a-11061d966fe2|rpc:10.1.0.212:39427|priority:1], old=null
2022-08-26 07:48:30,445 [e44a8a7a-b0a6-43bb-907a-11061d966fe2@group-271848538590-LeaderElection3] INFO  impl.LeaderElection (LeaderElection.java:askForVotes(312)) - e44a8a7a-b0a6-43bb-907a-11061d966fe2@group-271848538590-LeaderElection3 ELECTION round 0: result PASSED (term=1)
2022-08-26 07:48:30,445 [e44a8a7a-b0a6-43bb-907a-11061d966fe2@group-271848538590-LeaderElection3] INFO  impl.RoleInfo (RoleInfo.java:shutdownLeaderElection(130)) - e44a8a7a-b0a6-43bb-907a-11061d966fe2: shutdown e44a8a7a-b0a6-43bb-907a-11061d966fe2@group-271848538590-LeaderElection3
2022-08-26 07:48:30,445 [e44a8a7a-b0a6-43bb-907a-11061d966fe2@group-271848538590-LeaderElection3] INFO  server.RaftServer$Division (RaftServerImpl.java:setRole(299)) - e44a8a7a-b0a6-43bb-907a-11061d966fe2@group-271848538590: changes role from CANDIDATE to LEADER at term 1 for changeToLeader
2022-08-26 07:48:30,445 [e44a8a7a-b0a6-43bb-907a-11061d966fe2@group-271848538590-LeaderElection3] INFO  ratis.XceiverServerRatis (XceiverServerRatis.java:handleLeaderChangedNotification(863)) - Leader change notification received for group: group-271848538590 with new leaderId: e44a8a7a-b0a6-43bb-907a-11061d966fe2
2022-08-26 07:48:30,451 [e44a8a7a-b0a6-43bb-907a-11061d966fe2@group-271848538590-LeaderElection3] INFO  server.RaftServer$Division (ServerState.java:setLeader(287)) - e44a8a7a-b0a6-43bb-907a-11061d966fe2@group-271848538590: change Leader from null to e44a8a7a-b0a6-43bb-907a-11061d966fe2 at term 1 for becomeLeader, leader elected after 5253ms
2022-08-26 07:48:30,452 [e44a8a7a-b0a6-43bb-907a-11061d966fe2@group-271848538590-LeaderElection3] INFO  server.RaftServerConfigKeys (ConfUtils.java:logGet(46)) - raft.server.staging.catchup.gap = 1000 (default)
2022-08-26 07:48:30,456 [e44a8a7a-b0a6-43bb-907a-11061d966fe2@group-271848538590-LeaderElection3] INFO  server.RaftServerConfigKeys (ConfUtils.java:logGet(46)) - raft.server.write.element-limit = 1024 (custom)
2022-08-26 07:48:30,456 [e44a8a7a-b0a6-43bb-907a-11061d966fe2@group-271848538590-LeaderElection3] INFO  server.RaftServerConfigKeys (ConfUtils.java:logGet(46)) - raft.server.write.byte-limit = 1024 M (=1073741824) (custom)
2022-08-26 07:48:30,456 [e44a8a7a-b0a6-43bb-907a-11061d966fe2@group-271848538590-LeaderElection3] INFO  server.RaftServerConfigKeys (ConfUtils.java:logGet(46)) - raft.server.watch.timeout = 180s (custom)
2022-08-26 07:48:30,456 [e44a8a7a-b0a6-43bb-907a-11061d966fe2@group-271848538590-LeaderElection3] INFO  server.RaftServerConfigKeys (ConfUtils.java:logGet(46)) - raft.server.watch.timeout.denomination = 1s (default)
2022-08-26 07:48:30,456 [e44a8a7a-b0a6-43bb-907a-11061d966fe2@group-271848538590-LeaderElection3] INFO  server.RaftServerConfigKeys (ConfUtils.java:logGet(46)) - raft.server.watch.element-limit = 65536 (default)
2022-08-26 07:48:30,457 [e44a8a7a-b0a6-43bb-907a-11061d966fe2@group-271848538590-LeaderElection3] INFO  server.RaftServerConfigKeys (ConfUtils.java:logGet(46)) - raft.server.write.element-limit = 1024 (custom)
2022-08-26 07:48:30,457 [e44a8a7a-b0a6-43bb-907a-11061d966fe2@group-271848538590-LeaderElection3] INFO  server.RaftServerConfigKeys (ConfUtils.java:logGet(46)) - raft.server.write.follower.gap.ratio.max = -1.0 (default)
2022-08-26 07:48:30,457 [e44a8a7a-b0a6-43bb-907a-11061d966fe2@group-271848538590-LeaderElection3] INFO  impl.RoleInfo (RoleInfo.java:updateAndGet(139)) - e44a8a7a-b0a6-43bb-907a-11061d966fe2: start e44a8a7a-b0a6-43bb-907a-11061d966fe2@group-271848538590-LeaderStateImpl
2022-08-26 07:48:30,457 [e44a8a7a-b0a6-43bb-907a-11061d966fe2@group-271848538590-LeaderElection3] INFO  segmented.SegmentedRaftLogWorker (SegmentedRaftLogWorker.java:startLogSegment(425)) - e44a8a7a-b0a6-43bb-907a-11061d966fe2@group-271848538590-SegmentedRaftLogWorker: Starting segment from index:0
2022-08-26 07:48:30,462 [e44a8a7a-b0a6-43bb-907a-11061d966fe2@group-271848538590-SegmentedRaftLogWorker] INFO  segmented.SegmentedRaftLogWorker (SegmentedRaftLogWorker.java:execute(629)) - e44a8a7a-b0a6-43bb-907a-11061d966fe2@group-271848538590-SegmentedRaftLogWorker: created new log segment /home/runner/work/ozone/ozone/hadoop-ozone/integration-test/target/test-dir/MiniOzoneClusterImpl-fd94d619-731c-4cf3-b4d0-a84e41dfe71c/datanode-0/data/ratis/1664fa21-a7de-473b-bb25-271848538590/current/log_inprogress_0
2022-08-26 07:48:30,462 [e44a8a7a-b0a6-43bb-907a-11061d966fe2@group-271848538590-LeaderElection3] INFO  server.RaftServer$Division (ServerState.java:setRaftConf(393)) - e44a8a7a-b0a6-43bb-907a-11061d966fe2@group-271848538590: set configuration 0: [e44a8a7a-b0a6-43bb-907a-11061d966fe2|rpc:10.1.0.212:39427|dataStream:|priority:1], old=null
2022-08-26 07:48:30,464 [dd225e1e-7251-4789-a378-e78f7891434a-server-thread1] INFO  server.RaftServer$Division (ServerState.java:setRaftConf(393)) - dd225e1e-7251-4789-a378-e78f7891434a@group-6E16D60DC15A: set configuration 0: [dd225e1e-7251-4789-a378-e78f7891434a|rpc:10.1.0.212:40987|dataStream:|priority:0, e44a8a7a-b0a6-43bb-907a-11061d966fe2|rpc:10.1.0.212:39427|dataStream:|priority:1, 1517f5f4-31fa-4d81-9e6e-dd93dde0f3a0|rpc:10.1.0.212:34529|dataStream:|priority:0], old=null
2022-08-26 07:48:30,464 [dd225e1e-7251-4789-a378-e78f7891434a-server-thread1] INFO  segmented.SegmentedRaftLogWorker (SegmentedRaftLogWorker.java:startLogSegment(425)) - dd225e1e-7251-4789-a378-e78f7891434a@group-6E16D60DC15A-SegmentedRaftLogWorker: Starting segment from index:0
2022-08-26 07:48:30,467 [dd225e1e-7251-4789-a378-e78f7891434a@group-6E16D60DC15A-SegmentedRaftLogWorker] INFO  segmented.SegmentedRaftLogWorker (SegmentedRaftLogWorker.java:execute(629)) - dd225e1e-7251-4789-a378-e78f7891434a@group-6E16D60DC15A-SegmentedRaftLogWorker: created new log segment /home/runner/work/ozone/ozone/hadoop-ozone/integration-test/target/test-dir/MiniOzoneClusterImpl-fd94d619-731c-4cf3-b4d0-a84e41dfe71c/datanode-1/data/ratis/91c10930-75f1-4891-b0c6-6e16d60dc15a/current/log_inprogress_0
2022-08-26 07:48:30,470 [1517f5f4-31fa-4d81-9e6e-dd93dde0f3a0-server-thread2] INFO  server.RaftServer$Division (ServerState.java:setRaftConf(393)) - 1517f5f4-31fa-4d81-9e6e-dd93dde0f3a0@group-6E16D60DC15A: set configuration 0: [dd225e1e-7251-4789-a378-e78f7891434a|rpc:10.1.0.212:40987|dataStream:|priority:0, e44a8a7a-b0a6-43bb-907a-11061d966fe2|rpc:10.1.0.212:39427|dataStream:|priority:1, 1517f5f4-31fa-4d81-9e6e-dd93dde0f3a0|rpc:10.1.0.212:34529|dataStream:|priority:0], old=null
2022-08-26 07:48:30,470 [1517f5f4-31fa-4d81-9e6e-dd93dde0f3a0-server-thread2] INFO  segmented.SegmentedRaftLogWorker (SegmentedRaftLogWorker.java:startLogSegment(425)) - 1517f5f4-31fa-4d81-9e6e-dd93dde0f3a0@group-6E16D60DC15A-SegmentedRaftLogWorker: Starting segment from index:0
2022-08-26 07:48:30,475 [1517f5f4-31fa-4d81-9e6e-dd93dde0f3a0@group-6E16D60DC15A-SegmentedRaftLogWorker] INFO  segmented.SegmentedRaftLogWorker (SegmentedRaftLogWorker.java:execute(629)) - 1517f5f4-31fa-4d81-9e6e-dd93dde0f3a0@group-6E16D60DC15A-SegmentedRaftLogWorker: created new log segment /home/runner/work/ozone/ozone/hadoop-ozone/integration-test/target/test-dir/MiniOzoneClusterImpl-fd94d619-731c-4cf3-b4d0-a84e41dfe71c/datanode-2/data/ratis/91c10930-75f1-4891-b0c6-6e16d60dc15a/current/log_inprogress_0
2022-08-26 07:48:30,702 [dd225e1e-7251-4789-a378-e78f7891434a@group-A509913659E8-FollowerState] INFO  impl.FollowerState (FollowerState.java:run(143)) - dd225e1e-7251-4789-a378-e78f7891434a@group-A509913659E8-FollowerState: change to CANDIDATE, lastRpcElapsedTime:5055119013ns, electionTimeout:5035ms
2022-08-26 07:48:30,702 [dd225e1e-7251-4789-a378-e78f7891434a@group-A509913659E8-FollowerState] INFO  impl.RoleInfo (RoleInfo.java:shutdownFollowerState(110)) - dd225e1e-7251-4789-a378-e78f7891434a: shutdown dd225e1e-7251-4789-a378-e78f7891434a@group-A509913659E8-FollowerState
2022-08-26 07:48:30,703 [dd225e1e-7251-4789-a378-e78f7891434a@group-A509913659E8-FollowerState] INFO  server.RaftServer$Division (RaftServerImpl.java:setRole(299)) - dd225e1e-7251-4789-a378-e78f7891434a@group-A509913659E8: changes role from  FOLLOWER to CANDIDATE at term 0 for changeToCandidate
2022-08-26 07:48:30,703 [dd225e1e-7251-4789-a378-e78f7891434a@group-A509913659E8-FollowerState] INFO  server.RaftServerConfigKeys (ConfUtils.java:logGet(46)) - raft.server.leaderelection.pre-vote = false (custom)
2022-08-26 07:48:30,703 [dd225e1e-7251-4789-a378-e78f7891434a@group-A509913659E8-FollowerState] INFO  impl.RoleInfo (RoleInfo.java:updateAndGet(139)) - dd225e1e-7251-4789-a378-e78f7891434a: start dd225e1e-7251-4789-a378-e78f7891434a@group-A509913659E8-LeaderElection4
2022-08-26 07:48:30,709 [dd225e1e-7251-4789-a378-e78f7891434a@group-A509913659E8-LeaderElection4] INFO  impl.LeaderElection (LeaderElection.java:askForVotes(310)) - dd225e1e-7251-4789-a378-e78f7891434a@group-A509913659E8-LeaderElection4 ELECTION round 0: submit vote requests at term 1 for -1: [dd225e1e-7251-4789-a378-e78f7891434a|rpc:10.1.0.212:40987|priority:1], old=null
2022-08-26 07:48:30,710 [dd225e1e-7251-4789-a378-e78f7891434a@group-A509913659E8-LeaderElection4] INFO  impl.LeaderElection (LeaderElection.java:askForVotes(312)) - dd225e1e-7251-4789-a378-e78f7891434a@group-A509913659E8-LeaderElection4 ELECTION round 0: result PASSED (term=1)
2022-08-26 07:48:30,710 [dd225e1e-7251-4789-a378-e78f7891434a@group-A509913659E8-LeaderElection4] INFO  impl.RoleInfo (RoleInfo.java:shutdownLeaderElection(130)) - dd225e1e-7251-4789-a378-e78f7891434a: shutdown dd225e1e-7251-4789-a378-e78f7891434a@group-A509913659E8-LeaderElection4
2022-08-26 07:48:30,710 [dd225e1e-7251-4789-a378-e78f7891434a@group-A509913659E8-LeaderElection4] INFO  server.RaftServer$Division (RaftServerImpl.java:setRole(299)) - dd225e1e-7251-4789-a378-e78f7891434a@group-A509913659E8: changes role from CANDIDATE to LEADER at term 1 for changeToLeader
2022-08-26 07:48:30,710 [dd225e1e-7251-4789-a378-e78f7891434a@group-A509913659E8-LeaderElection4] INFO  ratis.XceiverServerRatis (XceiverServerRatis.java:handleLeaderChangedNotification(863)) - Leader change notification received for group: group-A509913659E8 with new leaderId: dd225e1e-7251-4789-a378-e78f7891434a
2022-08-26 07:48:30,711 [dd225e1e-7251-4789-a378-e78f7891434a@group-A509913659E8-LeaderElection4] INFO  server.RaftServer$Division (ServerState.java:setLeader(287)) - dd225e1e-7251-4789-a378-e78f7891434a@group-A509913659E8: change Leader from null to dd225e1e-7251-4789-a378-e78f7891434a at term 1 for becomeLeader, leader elected after 5086ms
2022-08-26 07:48:30,711 [dd225e1e-7251-4789-a378-e78f7891434a@group-A509913659E8-LeaderElection4] INFO  server.RaftServerConfigKeys (ConfUtils.java:logGet(46)) - raft.server.staging.catchup.gap = 1000 (default)
2022-08-26 07:48:30,712 [dd225e1e-7251-4789-a378-e78f7891434a@group-A509913659E8-LeaderElection4] INFO  server.RaftServerConfigKeys (ConfUtils.java:logGet(46)) - raft.server.write.element-limit = 1024 (custom)
2022-08-26 07:48:30,712 [dd225e1e-7251-4789-a378-e78f7891434a@group-A509913659E8-LeaderElection4] INFO  server.RaftServerConfigKeys (ConfUtils.java:logGet(46)) - raft.server.write.byte-limit = 1024 M (=1073741824) (custom)
2022-08-26 07:48:30,715 [dd225e1e-7251-4789-a378-e78f7891434a@group-A509913659E8-LeaderElection4] INFO  server.RaftServerConfigKeys (ConfUtils.java:logGet(46)) - raft.server.watch.timeout = 180s (custom)
2022-08-26 07:48:30,715 [dd225e1e-7251-4789-a378-e78f7891434a@group-A509913659E8-LeaderElection4] INFO  server.RaftServerConfigKeys (ConfUtils.java:logGet(46)) - raft.server.watch.timeout.denomination = 1s (default)
2022-08-26 07:48:30,715 [dd225e1e-7251-4789-a378-e78f7891434a@group-A509913659E8-LeaderElection4] INFO  server.RaftServerConfigKeys (ConfUtils.java:logGet(46)) - raft.server.watch.element-limit = 65536 (default)
2022-08-26 07:48:30,715 [dd225e1e-7251-4789-a378-e78f7891434a@group-A509913659E8-LeaderElection4] INFO  server.RaftServerConfigKeys (ConfUtils.java:logGet(46)) - raft.server.write.element-limit = 1024 (custom)
2022-08-26 07:48:30,715 [dd225e1e-7251-4789-a378-e78f7891434a@group-A509913659E8-LeaderElection4] INFO  server.RaftServerConfigKeys (ConfUtils.java:logGet(46)) - raft.server.write.follower.gap.ratio.max = -1.0 (default)
2022-08-26 07:48:30,715 [dd225e1e-7251-4789-a378-e78f7891434a@group-A509913659E8-LeaderElection4] INFO  impl.RoleInfo (RoleInfo.java:updateAndGet(139)) - dd225e1e-7251-4789-a378-e78f7891434a: start dd225e1e-7251-4789-a378-e78f7891434a@group-A509913659E8-LeaderStateImpl
2022-08-26 07:48:30,716 [dd225e1e-7251-4789-a378-e78f7891434a@group-A509913659E8-LeaderElection4] INFO  segmented.SegmentedRaftLogWorker (SegmentedRaftLogWorker.java:startLogSegment(425)) - dd225e1e-7251-4789-a378-e78f7891434a@group-A509913659E8-SegmentedRaftLogWorker: Starting segment from index:0
2022-08-26 07:48:30,717 [dd225e1e-7251-4789-a378-e78f7891434a@group-A509913659E8-SegmentedRaftLogWorker] INFO  segmented.SegmentedRaftLogWorker (SegmentedRaftLogWorker.java:execute(629)) - dd225e1e-7251-4789-a378-e78f7891434a@group-A509913659E8-SegmentedRaftLogWorker: created new log segment /home/runner/work/ozone/ozone/hadoop-ozone/integration-test/target/test-dir/MiniOzoneClusterImpl-fd94d619-731c-4cf3-b4d0-a84e41dfe71c/datanode-1/data/ratis/da389c29-598b-43e1-bffd-a509913659e8/current/log_inprogress_0
2022-08-26 07:48:30,717 [dd225e1e-7251-4789-a378-e78f7891434a@group-A509913659E8-LeaderElection4] INFO  server.RaftServer$Division (ServerState.java:setRaftConf(393)) - dd225e1e-7251-4789-a378-e78f7891434a@group-A509913659E8: set configuration 0: [dd225e1e-7251-4789-a378-e78f7891434a|rpc:10.1.0.212:40987|dataStream:|priority:1], old=null
2022-08-26 07:48:30,980 [Listener at 127.0.0.1/46611] INFO  ozone.MiniOzoneClusterImpl (MiniOzoneClusterImpl.java:lambda$waitForClusterToBeReady$0(216)) - Nodes are ready. Got 3 of 3 DN Heartbeats.
2022-08-26 07:48:30,980 [Listener at 127.0.0.1/46611] INFO  ozone.MiniOzoneClusterImpl (MiniOzoneClusterImpl.java:lambda$waitForClusterToBeReady$0(219)) - Cluster exits safe mode
2022-08-26 07:48:30,980 [Listener at 127.0.0.1/46611] INFO  ozone.MiniOzoneClusterImpl (MiniOzoneClusterImpl.java:lambda$waitForClusterToBeReady$0(221)) - SCM became leader
2022-08-26 07:48:31,042 [e44a8a7a-b0a6-43bb-907a-11061d966fe2@group-C6412FA838CA-FollowerState] INFO  impl.FollowerState (FollowerState.java:run(143)) - e44a8a7a-b0a6-43bb-907a-11061d966fe2@group-C6412FA838CA-FollowerState: change to CANDIDATE, lastRpcElapsedTime:5025590791ns, electionTimeout:5022ms
2022-08-26 07:48:31,042 [e44a8a7a-b0a6-43bb-907a-11061d966fe2@group-C6412FA838CA-FollowerState] INFO  impl.RoleInfo (RoleInfo.java:shutdownFollowerState(110)) - e44a8a7a-b0a6-43bb-907a-11061d966fe2: shutdown e44a8a7a-b0a6-43bb-907a-11061d966fe2@group-C6412FA838CA-FollowerState
2022-08-26 07:48:31,042 [e44a8a7a-b0a6-43bb-907a-11061d966fe2@group-C6412FA838CA-FollowerState] INFO  server.RaftServer$Division (RaftServerImpl.java:setRole(299)) - e44a8a7a-b0a6-43bb-907a-11061d966fe2@group-C6412FA838CA: changes role from  FOLLOWER to CANDIDATE at term 0 for changeToCandidate
2022-08-26 07:48:31,042 [e44a8a7a-b0a6-43bb-907a-11061d966fe2@group-C6412FA838CA-FollowerState] INFO  server.RaftServerConfigKeys (ConfUtils.java:logGet(46)) - raft.server.leaderelection.pre-vote = false (custom)
2022-08-26 07:48:31,042 [e44a8a7a-b0a6-43bb-907a-11061d966fe2@group-C6412FA838CA-FollowerState] INFO  impl.RoleInfo (RoleInfo.java:updateAndGet(139)) - e44a8a7a-b0a6-43bb-907a-11061d966fe2: start e44a8a7a-b0a6-43bb-907a-11061d966fe2@group-C6412FA838CA-LeaderElection5
2022-08-26 07:48:31,057 [e44a8a7a-b0a6-43bb-907a-11061d966fe2@group-C6412FA838CA-LeaderElection5] INFO  impl.LeaderElection (LeaderElection.java:askForVotes(310)) - e44a8a7a-b0a6-43bb-907a-11061d966fe2@group-C6412FA838CA-LeaderElection5 ELECTION round 0: submit vote requests at term 1 for -1: [e44a8a7a-b0a6-43bb-907a-11061d966fe2|rpc:10.1.0.212:39427|priority:0, dd225e1e-7251-4789-a378-e78f7891434a|rpc:10.1.0.212:40987|priority:0, 1517f5f4-31fa-4d81-9e6e-dd93dde0f3a0|rpc:10.1.0.212:34529|priority:1], old=null
2022-08-26 07:48:31,078 [grpc-default-executor-3] INFO  server.RaftServer$Division (RaftServerImpl.java:requestVote(1152)) - dd225e1e-7251-4789-a378-e78f7891434a@group-C6412FA838CA: receive requestVote(ELECTION, e44a8a7a-b0a6-43bb-907a-11061d966fe2, group-C6412FA838CA, 1, (t:0, i:0))
2022-08-26 07:48:31,078 [grpc-default-executor-3] INFO  impl.VoteContext (VoteContext.java:log(48)) - dd225e1e-7251-4789-a378-e78f7891434a@group-C6412FA838CA-FOLLOWER: accept ELECTION from e44a8a7a-b0a6-43bb-907a-11061d966fe2: our priority 0 <= candidate's priority 0
2022-08-26 07:48:31,078 [grpc-default-executor-3] INFO  server.RaftServer$Division (RaftServerImpl.java:setRole(299)) - dd225e1e-7251-4789-a378-e78f7891434a@group-C6412FA838CA: changes role from  FOLLOWER to FOLLOWER at term 1 for candidate:e44a8a7a-b0a6-43bb-907a-11061d966fe2
2022-08-26 07:48:31,078 [grpc-default-executor-3] INFO  impl.RoleInfo (RoleInfo.java:shutdownFollowerState(110)) - dd225e1e-7251-4789-a378-e78f7891434a: shutdown dd225e1e-7251-4789-a378-e78f7891434a@group-C6412FA838CA-FollowerState
2022-08-26 07:48:31,078 [grpc-default-executor-3] INFO  impl.RoleInfo (RoleInfo.java:updateAndGet(139)) - dd225e1e-7251-4789-a378-e78f7891434a: start dd225e1e-7251-4789-a378-e78f7891434a@group-C6412FA838CA-FollowerState
2022-08-26 07:48:31,078 [dd225e1e-7251-4789-a378-e78f7891434a@group-C6412FA838CA-FollowerState] INFO  impl.FollowerState (FollowerState.java:run(152)) - dd225e1e-7251-4789-a378-e78f7891434a@group-C6412FA838CA-FollowerState was interrupted
2022-08-26 07:48:31,084 [grpc-default-executor-1] INFO  server.RaftServer$Division (RaftServerImpl.java:requestVote(1152)) - 1517f5f4-31fa-4d81-9e6e-dd93dde0f3a0@group-C6412FA838CA: receive requestVote(ELECTION, e44a8a7a-b0a6-43bb-907a-11061d966fe2, group-C6412FA838CA, 1, (t:0, i:0))
2022-08-26 07:48:31,084 [grpc-default-executor-1] INFO  impl.VoteContext (VoteContext.java:log(48)) - 1517f5f4-31fa-4d81-9e6e-dd93dde0f3a0@group-C6412FA838CA-FOLLOWER: reject ELECTION from e44a8a7a-b0a6-43bb-907a-11061d966fe2: our priority 1 > candidate's priority 0
2022-08-26 07:48:31,084 [grpc-default-executor-1] INFO  server.RaftServer$Division (RaftServerImpl.java:setRole(299)) - 1517f5f4-31fa-4d81-9e6e-dd93dde0f3a0@group-C6412FA838CA: changes role from  FOLLOWER to FOLLOWER at term 1 for candidate:e44a8a7a-b0a6-43bb-907a-11061d966fe2
2022-08-26 07:48:31,084 [grpc-default-executor-1] INFO  impl.RoleInfo (RoleInfo.java:shutdownFollowerState(110)) - 1517f5f4-31fa-4d81-9e6e-dd93dde0f3a0: shutdown 1517f5f4-31fa-4d81-9e6e-dd93dde0f3a0@group-C6412FA838CA-FollowerState
2022-08-26 07:48:31,084 [grpc-default-executor-1] INFO  impl.RoleInfo (RoleInfo.java:updateAndGet(139)) - 1517f5f4-31fa-4d81-9e6e-dd93dde0f3a0: start 1517f5f4-31fa-4d81-9e6e-dd93dde0f3a0@group-C6412FA838CA-FollowerState
2022-08-26 07:48:31,084 [1517f5f4-31fa-4d81-9e6e-dd93dde0f3a0@group-C6412FA838CA-FollowerState] INFO  impl.FollowerState (FollowerState.java:run(152)) - 1517f5f4-31fa-4d81-9e6e-dd93dde0f3a0@group-C6412FA838CA-FollowerState was interrupted
2022-08-26 07:48:31,085 [grpc-default-executor-3] INFO  server.RaftServer$Division (RaftServerImpl.java:requestVote(1184)) - dd225e1e-7251-4789-a378-e78f7891434a@group-C6412FA838CA replies to ELECTION vote request: e44a8a7a-b0a6-43bb-907a-11061d966fe2<-dd225e1e-7251-4789-a378-e78f7891434a#0:OK-t1. Peer's state: dd225e1e-7251-4789-a378-e78f7891434a@group-C6412FA838CA:t1, leader=null, voted=e44a8a7a-b0a6-43bb-907a-11061d966fe2, raftlog=dd225e1e-7251-4789-a378-e78f7891434a@group-C6412FA838CA-SegmentedRaftLog:OPENED:c-1, conf=-1: [e44a8a7a-b0a6-43bb-907a-11061d966fe2|rpc:10.1.0.212:39427|priority:0, dd225e1e-7251-4789-a378-e78f7891434a|rpc:10.1.0.212:40987|priority:0, 1517f5f4-31fa-4d81-9e6e-dd93dde0f3a0|rpc:10.1.0.212:34529|priority:1], old=null
2022-08-26 07:48:31,096 [grpc-default-executor-1] INFO  server.RaftServer$Division (RaftServerImpl.java:requestVote(1184)) - 1517f5f4-31fa-4d81-9e6e-dd93dde0f3a0@group-C6412FA838CA replies to ELECTION vote request: e44a8a7a-b0a6-43bb-907a-11061d966fe2<-1517f5f4-31fa-4d81-9e6e-dd93dde0f3a0#0:FAIL-t1. Peer's state: 1517f5f4-31fa-4d81-9e6e-dd93dde0f3a0@group-C6412FA838CA:t1, leader=null, voted=null, raftlog=1517f5f4-31fa-4d81-9e6e-dd93dde0f3a0@group-C6412FA838CA-SegmentedRaftLog:OPENED:c-1, conf=-1: [e44a8a7a-b0a6-43bb-907a-11061d966fe2|rpc:10.1.0.212:39427|priority:0, dd225e1e-7251-4789-a378-e78f7891434a|rpc:10.1.0.212:40987|priority:0, 1517f5f4-31fa-4d81-9e6e-dd93dde0f3a0|rpc:10.1.0.212:34529|priority:1], old=null
2022-08-26 07:48:31,102 [e44a8a7a-b0a6-43bb-907a-11061d966fe2@group-C6412FA838CA-LeaderElection5] INFO  impl.LeaderElection (LeaderElection.java:logAndReturn(90)) - e44a8a7a-b0a6-43bb-907a-11061d966fe2@group-C6412FA838CA-LeaderElection5: ELECTION REJECTED received 2 response(s) and 0 exception(s):
2022-08-26 07:48:31,107 [e44a8a7a-b0a6-43bb-907a-11061d966fe2@group-C6412FA838CA-LeaderElection5] INFO  impl.LeaderElection (LeaderElection.java:logAndReturn(94)) -   Response 0: e44a8a7a-b0a6-43bb-907a-11061d966fe2<-dd225e1e-7251-4789-a378-e78f7891434a#0:OK-t1
2022-08-26 07:48:31,107 [e44a8a7a-b0a6-43bb-907a-11061d966fe2@group-C6412FA838CA-LeaderElection5] INFO  impl.LeaderElection (LeaderElection.java:logAndReturn(94)) -   Response 1: e44a8a7a-b0a6-43bb-907a-11061d966fe2<-1517f5f4-31fa-4d81-9e6e-dd93dde0f3a0#0:FAIL-t1
2022-08-26 07:48:31,107 [e44a8a7a-b0a6-43bb-907a-11061d966fe2@group-C6412FA838CA-LeaderElection5] INFO  impl.LeaderElection (LeaderElection.java:askForVotes(312)) - e44a8a7a-b0a6-43bb-907a-11061d966fe2@group-C6412FA838CA-LeaderElection5 ELECTION round 0: result REJECTED
2022-08-26 07:48:31,107 [e44a8a7a-b0a6-43bb-907a-11061d966fe2@group-C6412FA838CA-LeaderElection5] INFO  server.RaftServer$Division (RaftServerImpl.java:setRole(299)) - e44a8a7a-b0a6-43bb-907a-11061d966fe2@group-C6412FA838CA: changes role from CANDIDATE to FOLLOWER at term 1 for REJECTED
2022-08-26 07:48:31,107 [e44a8a7a-b0a6-43bb-907a-11061d966fe2@group-C6412FA838CA-LeaderElection5] INFO  impl.RoleInfo (RoleInfo.java:shutdownLeaderElection(130)) - e44a8a7a-b0a6-43bb-907a-11061d966fe2: shutdown e44a8a7a-b0a6-43bb-907a-11061d966fe2@group-C6412FA838CA-LeaderElection5
2022-08-26 07:48:31,107 [e44a8a7a-b0a6-43bb-907a-11061d966fe2@group-C6412FA838CA-LeaderElection5] INFO  impl.RoleInfo (RoleInfo.java:updateAndGet(139)) - e44a8a7a-b0a6-43bb-907a-11061d966fe2: start e44a8a7a-b0a6-43bb-907a-11061d966fe2@group-C6412FA838CA-FollowerState
2022-08-26 07:48:31,112 [1517f5f4-31fa-4d81-9e6e-dd93dde0f3a0@group-6C9E048CD8B5-FollowerState] INFO  impl.FollowerState (FollowerState.java:run(143)) - 1517f5f4-31fa-4d81-9e6e-dd93dde0f3a0@group-6C9E048CD8B5-FollowerState: change to CANDIDATE, lastRpcElapsedTime:5090692492ns, electionTimeout:5085ms
2022-08-26 07:48:31,126 [1517f5f4-31fa-4d81-9e6e-dd93dde0f3a0@group-6C9E048CD8B5-FollowerState] INFO  impl.RoleInfo (RoleInfo.java:shutdownFollowerState(110)) - 1517f5f4-31fa-4d81-9e6e-dd93dde0f3a0: shutdown 1517f5f4-31fa-4d81-9e6e-dd93dde0f3a0@group-6C9E048CD8B5-FollowerState
2022-08-26 07:48:31,126 [1517f5f4-31fa-4d81-9e6e-dd93dde0f3a0@group-6C9E048CD8B5-FollowerState] INFO  server.RaftServer$Division (RaftServerImpl.java:setRole(299)) - 1517f5f4-31fa-4d81-9e6e-dd93dde0f3a0@group-6C9E048CD8B5: changes role from  FOLLOWER to CANDIDATE at term 0 for changeToCandidate
2022-08-26 07:48:31,126 [1517f5f4-31fa-4d81-9e6e-dd93dde0f3a0@group-6C9E048CD8B5-FollowerState] INFO  server.RaftServerConfigKeys (ConfUtils.java:logGet(46)) - raft.server.leaderelection.pre-vote = false (custom)
2022-08-26 07:48:31,126 [1517f5f4-31fa-4d81-9e6e-dd93dde0f3a0@group-6C9E048CD8B5-FollowerState] INFO  impl.RoleInfo (RoleInfo.java:updateAndGet(139)) - 1517f5f4-31fa-4d81-9e6e-dd93dde0f3a0: start 1517f5f4-31fa-4d81-9e6e-dd93dde0f3a0@group-6C9E048CD8B5-LeaderElection6
2022-08-26 07:48:31,139 [1517f5f4-31fa-4d81-9e6e-dd93dde0f3a0@group-6C9E048CD8B5-LeaderElection6] INFO  impl.LeaderElection (LeaderElection.java:askForVotes(310)) - 1517f5f4-31fa-4d81-9e6e-dd93dde0f3a0@group-6C9E048CD8B5-LeaderElection6 ELECTION round 0: submit vote requests at term 1 for -1: [1517f5f4-31fa-4d81-9e6e-dd93dde0f3a0|rpc:10.1.0.212:34529|priority:1], old=null
2022-08-26 07:48:31,140 [1517f5f4-31fa-4d81-9e6e-dd93dde0f3a0@group-6C9E048CD8B5-LeaderElection6] INFO  impl.LeaderElection (LeaderElection.java:askForVotes(312)) - 1517f5f4-31fa-4d81-9e6e-dd93dde0f3a0@group-6C9E048CD8B5-LeaderElection6 ELECTION round 0: result PASSED (term=1)
2022-08-26 07:48:31,140 [1517f5f4-31fa-4d81-9e6e-dd93dde0f3a0@group-6C9E048CD8B5-LeaderElection6] INFO  impl.RoleInfo (RoleInfo.java:shutdownLeaderElection(130)) - 1517f5f4-31fa-4d81-9e6e-dd93dde0f3a0: shutdown 1517f5f4-31fa-4d81-9e6e-dd93dde0f3a0@group-6C9E048CD8B5-LeaderElection6
2022-08-26 07:48:31,140 [1517f5f4-31fa-4d81-9e6e-dd93dde0f3a0@group-6C9E048CD8B5-LeaderElection6] INFO  server.RaftServer$Division (RaftServerImpl.java:setRole(299)) - 1517f5f4-31fa-4d81-9e6e-dd93dde0f3a0@group-6C9E048CD8B5: changes role from CANDIDATE to LEADER at term 1 for changeToLeader
2022-08-26 07:48:31,140 [1517f5f4-31fa-4d81-9e6e-dd93dde0f3a0@group-6C9E048CD8B5-LeaderElection6] INFO  ratis.XceiverServerRatis (XceiverServerRatis.java:handleLeaderChangedNotification(863)) - Leader change notification received for group: group-6C9E048CD8B5 with new leaderId: 1517f5f4-31fa-4d81-9e6e-dd93dde0f3a0
2022-08-26 07:48:31,140 [1517f5f4-31fa-4d81-9e6e-dd93dde0f3a0@group-6C9E048CD8B5-LeaderElection6] INFO  server.RaftServer$Division (ServerState.java:setLeader(287)) - 1517f5f4-31fa-4d81-9e6e-dd93dde0f3a0@group-6C9E048CD8B5: change Leader from null to 1517f5f4-31fa-4d81-9e6e-dd93dde0f3a0 at term 1 for becomeLeader, leader elected after 5136ms
2022-08-26 07:48:31,140 [1517f5f4-31fa-4d81-9e6e-dd93dde0f3a0@group-6C9E048CD8B5-LeaderElection6] INFO  server.RaftServerConfigKeys (ConfUtils.java:logGet(46)) - raft.server.staging.catchup.gap = 1000 (default)
2022-08-26 07:48:31,140 [1517f5f4-31fa-4d81-9e6e-dd93dde0f3a0@group-6C9E048CD8B5-LeaderElection6] INFO  server.RaftServerConfigKeys (ConfUtils.java:logGet(46)) - raft.server.write.element-limit = 1024 (custom)
2022-08-26 07:48:31,140 [1517f5f4-31fa-4d81-9e6e-dd93dde0f3a0@group-6C9E048CD8B5-LeaderElection6] INFO  server.RaftServerConfigKeys (ConfUtils.java:logGet(46)) - raft.server.write.byte-limit = 1024 M (=1073741824) (custom)
2022-08-26 07:48:31,141 [1517f5f4-31fa-4d81-9e6e-dd93dde0f3a0@group-6C9E048CD8B5-LeaderElection6] INFO  server.RaftServerConfigKeys (ConfUtils.java:logGet(46)) - raft.server.watch.timeout = 180s (custom)
2022-08-26 07:48:31,141 [1517f5f4-31fa-4d81-9e6e-dd93dde0f3a0@group-6C9E048CD8B5-LeaderElection6] INFO  server.RaftServerConfigKeys (ConfUtils.java:logGet(46)) - raft.server.watch.timeout.denomination = 1s (default)
2022-08-26 07:48:31,141 [1517f5f4-31fa-4d81-9e6e-dd93dde0f3a0@group-6C9E048CD8B5-LeaderElection6] INFO  server.RaftServerConfigKeys (ConfUtils.java:logGet(46)) - raft.server.watch.element-limit = 65536 (default)
2022-08-26 07:48:31,141 [1517f5f4-31fa-4d81-9e6e-dd93dde0f3a0@group-6C9E048CD8B5-LeaderElection6] INFO  server.RaftServerConfigKeys (ConfUtils.java:logGet(46)) - raft.server.write.element-limit = 1024 (custom)
2022-08-26 07:48:31,141 [1517f5f4-31fa-4d81-9e6e-dd93dde0f3a0@group-6C9E048CD8B5-LeaderElection6] INFO  server.RaftServerConfigKeys (ConfUtils.java:logGet(46)) - raft.server.write.follower.gap.ratio.max = -1.0 (default)
2022-08-26 07:48:31,141 [1517f5f4-31fa-4d81-9e6e-dd93dde0f3a0@group-6C9E048CD8B5-LeaderElection6] INFO  impl.RoleInfo (RoleInfo.java:updateAndGet(139)) - 1517f5f4-31fa-4d81-9e6e-dd93dde0f3a0: start 1517f5f4-31fa-4d81-9e6e-dd93dde0f3a0@group-6C9E048CD8B5-LeaderStateImpl
2022-08-26 07:48:31,141 [1517f5f4-31fa-4d81-9e6e-dd93dde0f3a0@group-6C9E048CD8B5-LeaderElection6] INFO  segmented.SegmentedRaftLogWorker (SegmentedRaftLogWorker.java:startLogSegment(425)) - 1517f5f4-31fa-4d81-9e6e-dd93dde0f3a0@group-6C9E048CD8B5-SegmentedRaftLogWorker: Starting segment from index:0
2022-08-26 07:48:31,148 [1517f5f4-31fa-4d81-9e6e-dd93dde0f3a0@group-6C9E048CD8B5-SegmentedRaftLogWorker] INFO  segmented.SegmentedRaftLogWorker (SegmentedRaftLogWorker.java:execute(629)) - 1517f5f4-31fa-4d81-9e6e-dd93dde0f3a0@group-6C9E048CD8B5-SegmentedRaftLogWorker: created new log segment /home/runner/work/ozone/ozone/hadoop-ozone/integration-test/target/test-dir/MiniOzoneClusterImpl-fd94d619-731c-4cf3-b4d0-a84e41dfe71c/datanode-2/data/ratis/277b80cc-f807-4bd1-904a-6c9e048cd8b5/current/log_inprogress_0
2022-08-26 07:48:31,158 [1517f5f4-31fa-4d81-9e6e-dd93dde0f3a0@group-6C9E048CD8B5-LeaderElection6] INFO  server.RaftServer$Division (ServerState.java:setRaftConf(393)) - 1517f5f4-31fa-4d81-9e6e-dd93dde0f3a0@group-6C9E048CD8B5: set configuration 0: [1517f5f4-31fa-4d81-9e6e-dd93dde0f3a0|rpc:10.1.0.212:34529|dataStream:|priority:1], old=null
2022-08-26 07:48:31,514 [Listener at 127.0.0.1/46611] INFO  rpc.RpcClient (RpcClient.java:createVolume(471)) - Creating Volume: volume66138, with user60798 as owner and space quota set to -1 bytes, counts quota set to -1
2022-08-26 07:48:31,557 [OM StateMachine ApplyTransaction Thread - 0] INFO  volume.OMVolumeCreateRequest (OMVolumeCreateRequest.java:validateAndUpdateCache(195)) - created volume:volume66138 for user:user60798
2022-08-26 07:48:31,577 [Listener at 127.0.0.1/46611] INFO  rpc.RpcClient (RpcClient.java:createBucket(674)) - Creating Bucket: volume66138/bucket66667, with bucket layout FILE_SYSTEM_OPTIMIZED, runner as owner, Versioning false, Storage Type set to DISK and Encryption set to false 
2022-08-26 07:48:31,593 [OM StateMachine ApplyTransaction Thread - 0] INFO  bucket.OMBucketCreateRequest (OMBucketCreateRequest.java:validateAndUpdateCache(260)) - created bucket: bucket66667 of layout FILE_SYSTEM_OPTIMIZED in volume: volume66138
2022-08-26 07:48:31,858 [IPC Server handler 19 on default port 33017] INFO  ha.SequenceIdGenerator (SequenceIdGenerator.java:getNextId(128)) - Allocate a batch for containerId, change lastId from 0 to 1000.
2022-08-26 07:48:31,868 [IPC Server handler 19 on default port 33017] WARN  ha.SequenceIdGenerator (SequenceIdGenerator.java:allocateBatch(237)) - Failed to allocate a batch for localId, expected lastId is 0, actual lastId is 109611004723200000.
2022-08-26 07:48:31,868 [IPC Server handler 19 on default port 33017] INFO  ha.SequenceIdGenerator (SequenceIdGenerator.java:getNextId(128)) - Allocate a batch for localId, change lastId from 109611004723200000 to 109611004723201000.
2022-08-26 07:48:31,971 [Time-limited test] INFO  impl.MetricsSystemImpl (MetricsSystemImpl.java:init(158)) - XceiverClientMetrics metrics system started (again)
07:48:32.595 [IPC Server handler 6 on default port 46611] ERROR OMAudit - user=runner | ip=127.0.0.1 | op=READ_KEY {volume=volume66138, bucket=bucket66667, key=4c8df3b2-3550-47ad-afaf-9b93c518856c, dataSize=0, replicationConfig=null} | ret=FAILURE
org.apache.hadoop.ozone.om.exceptions.OMException: Key:4c8df3b2-3550-47ad-afaf-9b93c518856c not found
	at org.apache.hadoop.ozone.om.KeyManagerImpl.lookupKey(KeyManagerImpl.java:399) ~[ozone-manager-1.3.0-SNAPSHOT.jar:?]
	at org.apache.hadoop.ozone.om.OzoneManager.lookupKey(OzoneManager.java:2824) ~[ozone-manager-1.3.0-SNAPSHOT.jar:?]
	at org.apache.hadoop.ozone.protocolPB.OzoneManagerRequestHandler.lookupKey(OzoneManagerRequestHandler.java:495) ~[ozone-manager-1.3.0-SNAPSHOT.jar:?]
	at org.apache.hadoop.ozone.protocolPB.OzoneManagerRequestHandler.handleReadRequest(OzoneManagerRequestHandler.java:188) ~[ozone-manager-1.3.0-SNAPSHOT.jar:?]
	at org.apache.hadoop.ozone.protocolPB.OzoneManagerProtocolServerSideTranslatorPB.submitReadRequestToOM(OzoneManagerProtocolServerSideTranslatorPB.java:226) ~[ozone-manager-1.3.0-SNAPSHOT.jar:?]
	at org.apache.hadoop.ozone.protocolPB.OzoneManagerProtocolServerSideTranslatorPB.processRequest(OzoneManagerProtocolServerSideTranslatorPB.java:175) ~[ozone-manager-1.3.0-SNAPSHOT.jar:?]
	at org.apache.hadoop.hdds.server.OzoneProtocolMessageDispatcher.processRequest(OzoneProtocolMessageDispatcher.java:87) [hdds-server-framework-1.3.0-SNAPSHOT.jar:?]
	at org.apache.hadoop.ozone.protocolPB.OzoneManagerProtocolServerSideTranslatorPB.submitRequest(OzoneManagerProtocolServerSideTranslatorPB.java:147) [ozone-manager-1.3.0-SNAPSHOT.jar:?]
	at org.apache.hadoop.ozone.protocol.proto.OzoneManagerProtocolProtos$OzoneManagerService$2.callBlockingMethod(OzoneManagerProtocolProtos.java) [ozone-interface-client-1.3.0-SNAPSHOT.jar:?]
	at org.apache.hadoop.ipc.ProtobufRpcEngine$Server.processCall(ProtobufRpcEngine.java:466) [hadoop-common-3.3.1.jar:?]
	at org.apache.hadoop.ipc.ProtobufRpcEngine2$Server$ProtoBufRpcInvoker.call(ProtobufRpcEngine2.java:574) [hadoop-common-3.3.1.jar:?]
	at org.apache.hadoop.ipc.ProtobufRpcEngine2$Server$ProtoBufRpcInvoker.call(ProtobufRpcEngine2.java:552) [hadoop-common-3.3.1.jar:?]
	at org.apache.hadoop.ipc.RPC$Server.call(RPC.java:1093) [hadoop-common-3.3.1.jar:?]
	at org.apache.hadoop.ipc.Server$RpcCall.run(Server.java:1035) [hadoop-common-3.3.1.jar:?]
	at org.apache.hadoop.ipc.Server$RpcCall.run(Server.java:963) [hadoop-common-3.3.1.jar:?]
	at java.security.AccessController.doPrivileged(Native Method) ~[?:1.8.0_345]
	at javax.security.auth.Subject.doAs(Subject.java:422) [?:1.8.0_345]
	at org.apache.hadoop.security.UserGroupInformation.doAs(UserGroupInformation.java:1878) [hadoop-common-3.3.1.jar:?]
	at org.apache.hadoop.ipc.Server$Handler.run(Server.java:2966) [hadoop-common-3.3.1.jar:?]
]]></system-out>
  </testcase>
  <testcase name="testCreateBucketWithBucketLayout" classname="org.apache.hadoop.ozone.om.TestObjectStoreWithFSO" time="0.061">
    <system-out><![CDATA[2022-08-26 07:48:32,694 [Time-limited test] INFO  rpc.RpcClient (RpcClient.java:createVolume(471)) - Creating Volume: 65d58cb5-4abb-4b41-bd40-2caded6ade7a, with runner as owner and space quota set to -1 bytes, counts quota set to -1
2022-08-26 07:48:32,698 [OM StateMachine ApplyTransaction Thread - 0] INFO  volume.OMVolumeCreateRequest (OMVolumeCreateRequest.java:validateAndUpdateCache(195)) - created volume:65d58cb5-4abb-4b41-bd40-2caded6ade7a for user:runner
2022-08-26 07:48:32,704 [Time-limited test] INFO  rpc.RpcClient (RpcClient.java:createBucket(674)) - Creating Bucket: 65d58cb5-4abb-4b41-bd40-2caded6ade7a/68f5b7de-1128-4aaa-b966-1f47c46000ea, with bucket layout FILE_SYSTEM_OPTIMIZED, runner as owner, Versioning false, Storage Type set to DISK and Encryption set to false 
2022-08-26 07:48:32,707 [OM StateMachine ApplyTransaction Thread - 0] INFO  bucket.OMBucketCreateRequest (OMBucketCreateRequest.java:validateAndUpdateCache(260)) - created bucket: 68f5b7de-1128-4aaa-b966-1f47c46000ea of layout FILE_SYSTEM_OPTIMIZED in volume: 65d58cb5-4abb-4b41-bd40-2caded6ade7a
2022-08-26 07:48:32,710 [Time-limited test] INFO  rpc.RpcClient (RpcClient.java:createBucket(674)) - Creating Bucket: 65d58cb5-4abb-4b41-bd40-2caded6ade7a/3d2b54f8-7771-4b4b-b4be-c3458a896bee, with bucket layout OBJECT_STORE, runner as owner, Versioning false, Storage Type set to DISK and Encryption set to false 
2022-08-26 07:48:32,714 [OM StateMachine ApplyTransaction Thread - 0] INFO  bucket.OMBucketCreateRequest (OMBucketCreateRequest.java:validateAndUpdateCache(260)) - created bucket: 3d2b54f8-7771-4b4b-b4be-c3458a896bee of layout OBJECT_STORE in volume: 65d58cb5-4abb-4b41-bd40-2caded6ade7a
2022-08-26 07:48:32,717 [Time-limited test] INFO  rpc.RpcClient (RpcClient.java:createBucket(674)) - Creating Bucket: 65d58cb5-4abb-4b41-bd40-2caded6ade7a/5641aee0-2a7a-4519-99f3-86e3109de3a1, with server-side default bucket layout, runner as owner, Versioning false, Storage Type set to DISK and Encryption set to false 
2022-08-26 07:48:32,720 [OM StateMachine ApplyTransaction Thread - 0] INFO  bucket.OMBucketCreateRequest (OMBucketCreateRequest.java:validateAndUpdateCache(260)) - created bucket: 5641aee0-2a7a-4519-99f3-86e3109de3a1 of layout LEGACY in volume: 65d58cb5-4abb-4b41-bd40-2caded6ade7a
2022-08-26 07:48:32,723 [Time-limited test] INFO  rpc.RpcClient (RpcClient.java:createBucket(674)) - Creating Bucket: 65d58cb5-4abb-4b41-bd40-2caded6ade7a/a2038639-482c-4e43-a065-24a2357f746e, with server-side default bucket layout, runner as owner, Versioning false, Storage Type set to DISK and Encryption set to false 
2022-08-26 07:48:32,726 [OM StateMachine ApplyTransaction Thread - 0] INFO  bucket.OMBucketCreateRequest (OMBucketCreateRequest.java:validateAndUpdateCache(260)) - created bucket: a2038639-482c-4e43-a065-24a2357f746e of layout LEGACY in volume: 65d58cb5-4abb-4b41-bd40-2caded6ade7a
2022-08-26 07:48:32,728 [Time-limited test] INFO  rpc.RpcClient (RpcClient.java:createBucket(674)) - Creating Bucket: 65d58cb5-4abb-4b41-bd40-2caded6ade7a/3be0a4be-a478-4c1b-9bd2-a12db3073b03, with bucket layout LEGACY, runner as owner, Versioning false, Storage Type set to DISK and Encryption set to false 
2022-08-26 07:48:32,732 [OM StateMachine ApplyTransaction Thread - 0] INFO  bucket.OMBucketCreateRequest (OMBucketCreateRequest.java:validateAndUpdateCache(260)) - created bucket: 3be0a4be-a478-4c1b-9bd2-a12db3073b03 of layout LEGACY in volume: 65d58cb5-4abb-4b41-bd40-2caded6ade7a
]]></system-out>
  </testcase>
  <testcase name="testListKeysWithNotNormalizedPath" classname="org.apache.hadoop.ozone.om.TestObjectStoreWithFSO" time="0.71"/>
  <testcase name="testListKeysAtDifferentLevels" classname="org.apache.hadoop.ozone.om.TestObjectStoreWithFSO" time="3.532">
    <system-out><![CDATA[2022-08-26 07:48:36,195 [dd225e1e-7251-4789-a378-e78f7891434a@group-C6412FA838CA-FollowerState] INFO  impl.FollowerState (FollowerState.java:run(143)) - dd225e1e-7251-4789-a378-e78f7891434a@group-C6412FA838CA-FollowerState: change to CANDIDATE, lastRpcElapsedTime:5110865430ns, electionTimeout:5098ms
2022-08-26 07:48:36,196 [dd225e1e-7251-4789-a378-e78f7891434a@group-C6412FA838CA-FollowerState] INFO  impl.RoleInfo (RoleInfo.java:shutdownFollowerState(110)) - dd225e1e-7251-4789-a378-e78f7891434a: shutdown dd225e1e-7251-4789-a378-e78f7891434a@group-C6412FA838CA-FollowerState
2022-08-26 07:48:36,196 [dd225e1e-7251-4789-a378-e78f7891434a@group-C6412FA838CA-FollowerState] INFO  server.RaftServer$Division (RaftServerImpl.java:setRole(299)) - dd225e1e-7251-4789-a378-e78f7891434a@group-C6412FA838CA: changes role from  FOLLOWER to CANDIDATE at term 1 for changeToCandidate
2022-08-26 07:48:36,196 [dd225e1e-7251-4789-a378-e78f7891434a@group-C6412FA838CA-FollowerState] INFO  server.RaftServerConfigKeys (ConfUtils.java:logGet(46)) - raft.server.leaderelection.pre-vote = false (custom)
2022-08-26 07:48:36,196 [dd225e1e-7251-4789-a378-e78f7891434a@group-C6412FA838CA-FollowerState] INFO  impl.RoleInfo (RoleInfo.java:updateAndGet(139)) - dd225e1e-7251-4789-a378-e78f7891434a: start dd225e1e-7251-4789-a378-e78f7891434a@group-C6412FA838CA-LeaderElection7
2022-08-26 07:48:36,202 [dd225e1e-7251-4789-a378-e78f7891434a@group-C6412FA838CA-LeaderElection7] INFO  impl.LeaderElection (LeaderElection.java:askForVotes(310)) - dd225e1e-7251-4789-a378-e78f7891434a@group-C6412FA838CA-LeaderElection7 ELECTION round 0: submit vote requests at term 2 for -1: [e44a8a7a-b0a6-43bb-907a-11061d966fe2|rpc:10.1.0.212:39427|priority:0, dd225e1e-7251-4789-a378-e78f7891434a|rpc:10.1.0.212:40987|priority:0, 1517f5f4-31fa-4d81-9e6e-dd93dde0f3a0|rpc:10.1.0.212:34529|priority:1], old=null
2022-08-26 07:48:36,227 [grpc-default-executor-3] INFO  server.RaftServer$Division (RaftServerImpl.java:requestVote(1152)) - e44a8a7a-b0a6-43bb-907a-11061d966fe2@group-C6412FA838CA: receive requestVote(ELECTION, dd225e1e-7251-4789-a378-e78f7891434a, group-C6412FA838CA, 2, (t:0, i:0))
2022-08-26 07:48:36,227 [grpc-default-executor-3] INFO  impl.VoteContext (VoteContext.java:log(48)) - e44a8a7a-b0a6-43bb-907a-11061d966fe2@group-C6412FA838CA-FOLLOWER: accept ELECTION from dd225e1e-7251-4789-a378-e78f7891434a: our priority 0 <= candidate's priority 0
2022-08-26 07:48:36,227 [grpc-default-executor-3] INFO  server.RaftServer$Division (RaftServerImpl.java:setRole(299)) - e44a8a7a-b0a6-43bb-907a-11061d966fe2@group-C6412FA838CA: changes role from  FOLLOWER to FOLLOWER at term 2 for candidate:dd225e1e-7251-4789-a378-e78f7891434a
2022-08-26 07:48:36,227 [grpc-default-executor-3] INFO  impl.RoleInfo (RoleInfo.java:shutdownFollowerState(110)) - e44a8a7a-b0a6-43bb-907a-11061d966fe2: shutdown e44a8a7a-b0a6-43bb-907a-11061d966fe2@group-C6412FA838CA-FollowerState
2022-08-26 07:48:36,227 [grpc-default-executor-3] INFO  impl.RoleInfo (RoleInfo.java:updateAndGet(139)) - e44a8a7a-b0a6-43bb-907a-11061d966fe2: start e44a8a7a-b0a6-43bb-907a-11061d966fe2@group-C6412FA838CA-FollowerState
2022-08-26 07:48:36,227 [e44a8a7a-b0a6-43bb-907a-11061d966fe2@group-C6412FA838CA-FollowerState] INFO  impl.FollowerState (FollowerState.java:run(152)) - e44a8a7a-b0a6-43bb-907a-11061d966fe2@group-C6412FA838CA-FollowerState was interrupted
2022-08-26 07:48:36,227 [grpc-default-executor-2] INFO  server.RaftServer$Division (RaftServerImpl.java:requestVote(1152)) - 1517f5f4-31fa-4d81-9e6e-dd93dde0f3a0@group-C6412FA838CA: receive requestVote(ELECTION, dd225e1e-7251-4789-a378-e78f7891434a, group-C6412FA838CA, 2, (t:0, i:0))
2022-08-26 07:48:36,233 [grpc-default-executor-3] INFO  server.RaftServer$Division (RaftServerImpl.java:requestVote(1184)) - e44a8a7a-b0a6-43bb-907a-11061d966fe2@group-C6412FA838CA replies to ELECTION vote request: dd225e1e-7251-4789-a378-e78f7891434a<-e44a8a7a-b0a6-43bb-907a-11061d966fe2#0:OK-t2. Peer's state: e44a8a7a-b0a6-43bb-907a-11061d966fe2@group-C6412FA838CA:t2, leader=null, voted=dd225e1e-7251-4789-a378-e78f7891434a, raftlog=e44a8a7a-b0a6-43bb-907a-11061d966fe2@group-C6412FA838CA-SegmentedRaftLog:OPENED:c-1, conf=-1: [e44a8a7a-b0a6-43bb-907a-11061d966fe2|rpc:10.1.0.212:39427|priority:0, dd225e1e-7251-4789-a378-e78f7891434a|rpc:10.1.0.212:40987|priority:0, 1517f5f4-31fa-4d81-9e6e-dd93dde0f3a0|rpc:10.1.0.212:34529|priority:1], old=null
2022-08-26 07:48:36,234 [grpc-default-executor-2] INFO  impl.VoteContext (VoteContext.java:log(48)) - 1517f5f4-31fa-4d81-9e6e-dd93dde0f3a0@group-C6412FA838CA-FOLLOWER: reject ELECTION from dd225e1e-7251-4789-a378-e78f7891434a: our priority 1 > candidate's priority 0
2022-08-26 07:48:36,234 [grpc-default-executor-2] INFO  server.RaftServer$Division (RaftServerImpl.java:setRole(299)) - 1517f5f4-31fa-4d81-9e6e-dd93dde0f3a0@group-C6412FA838CA: changes role from  FOLLOWER to FOLLOWER at term 2 for candidate:dd225e1e-7251-4789-a378-e78f7891434a
2022-08-26 07:48:36,234 [grpc-default-executor-2] INFO  impl.RoleInfo (RoleInfo.java:shutdownFollowerState(110)) - 1517f5f4-31fa-4d81-9e6e-dd93dde0f3a0: shutdown 1517f5f4-31fa-4d81-9e6e-dd93dde0f3a0@group-C6412FA838CA-FollowerState
2022-08-26 07:48:36,234 [grpc-default-executor-2] INFO  impl.RoleInfo (RoleInfo.java:updateAndGet(139)) - 1517f5f4-31fa-4d81-9e6e-dd93dde0f3a0: start 1517f5f4-31fa-4d81-9e6e-dd93dde0f3a0@group-C6412FA838CA-FollowerState
2022-08-26 07:48:36,235 [1517f5f4-31fa-4d81-9e6e-dd93dde0f3a0@group-C6412FA838CA-FollowerState] INFO  impl.FollowerState (FollowerState.java:run(152)) - 1517f5f4-31fa-4d81-9e6e-dd93dde0f3a0@group-C6412FA838CA-FollowerState was interrupted
2022-08-26 07:48:36,237 [grpc-default-executor-2] INFO  server.RaftServer$Division (RaftServerImpl.java:requestVote(1184)) - 1517f5f4-31fa-4d81-9e6e-dd93dde0f3a0@group-C6412FA838CA replies to ELECTION vote request: dd225e1e-7251-4789-a378-e78f7891434a<-1517f5f4-31fa-4d81-9e6e-dd93dde0f3a0#0:FAIL-t2. Peer's state: 1517f5f4-31fa-4d81-9e6e-dd93dde0f3a0@group-C6412FA838CA:t2, leader=null, voted=null, raftlog=1517f5f4-31fa-4d81-9e6e-dd93dde0f3a0@group-C6412FA838CA-SegmentedRaftLog:OPENED:c-1, conf=-1: [e44a8a7a-b0a6-43bb-907a-11061d966fe2|rpc:10.1.0.212:39427|priority:0, dd225e1e-7251-4789-a378-e78f7891434a|rpc:10.1.0.212:40987|priority:0, 1517f5f4-31fa-4d81-9e6e-dd93dde0f3a0|rpc:10.1.0.212:34529|priority:1], old=null
2022-08-26 07:48:36,240 [dd225e1e-7251-4789-a378-e78f7891434a@group-C6412FA838CA-LeaderElection7] INFO  impl.LeaderElection (LeaderElection.java:logAndReturn(90)) - dd225e1e-7251-4789-a378-e78f7891434a@group-C6412FA838CA-LeaderElection7: ELECTION REJECTED received 2 response(s) and 0 exception(s):
2022-08-26 07:48:36,241 [dd225e1e-7251-4789-a378-e78f7891434a@group-C6412FA838CA-LeaderElection7] INFO  impl.LeaderElection (LeaderElection.java:logAndReturn(94)) -   Response 0: dd225e1e-7251-4789-a378-e78f7891434a<-e44a8a7a-b0a6-43bb-907a-11061d966fe2#0:OK-t2
2022-08-26 07:48:36,241 [dd225e1e-7251-4789-a378-e78f7891434a@group-C6412FA838CA-LeaderElection7] INFO  impl.LeaderElection (LeaderElection.java:logAndReturn(94)) -   Response 1: dd225e1e-7251-4789-a378-e78f7891434a<-1517f5f4-31fa-4d81-9e6e-dd93dde0f3a0#0:FAIL-t2
2022-08-26 07:48:36,241 [dd225e1e-7251-4789-a378-e78f7891434a@group-C6412FA838CA-LeaderElection7] INFO  impl.LeaderElection (LeaderElection.java:askForVotes(312)) - dd225e1e-7251-4789-a378-e78f7891434a@group-C6412FA838CA-LeaderElection7 ELECTION round 0: result REJECTED
2022-08-26 07:48:36,241 [dd225e1e-7251-4789-a378-e78f7891434a@group-C6412FA838CA-LeaderElection7] INFO  server.RaftServer$Division (RaftServerImpl.java:setRole(299)) - dd225e1e-7251-4789-a378-e78f7891434a@group-C6412FA838CA: changes role from CANDIDATE to FOLLOWER at term 2 for REJECTED
2022-08-26 07:48:36,241 [dd225e1e-7251-4789-a378-e78f7891434a@group-C6412FA838CA-LeaderElection7] INFO  impl.RoleInfo (RoleInfo.java:shutdownLeaderElection(130)) - dd225e1e-7251-4789-a378-e78f7891434a: shutdown dd225e1e-7251-4789-a378-e78f7891434a@group-C6412FA838CA-LeaderElection7
2022-08-26 07:48:36,241 [dd225e1e-7251-4789-a378-e78f7891434a@group-C6412FA838CA-LeaderElection7] INFO  impl.RoleInfo (RoleInfo.java:updateAndGet(139)) - dd225e1e-7251-4789-a378-e78f7891434a: start dd225e1e-7251-4789-a378-e78f7891434a@group-C6412FA838CA-FollowerState
]]></system-out>
  </testcase>
  <testcase name="testKeyRenameWithSubDirs" classname="org.apache.hadoop.ozone.om.TestObjectStoreWithFSO" time="0.195">
    <system-out><![CDATA[07:48:37.166 [IPC Server handler 4 on default port 46611] ERROR OMAudit - user=runner | ip=127.0.0.1 | op=READ_KEY {volume=volume66138, bucket=bucket66667, key=dir1/dir2/file1, dataSize=0, replicationConfig=null} | ret=FAILURE
org.apache.hadoop.ozone.om.exceptions.OMException: Key:dir1/dir2/file1 not found
	at org.apache.hadoop.ozone.om.KeyManagerImpl.lookupKey(KeyManagerImpl.java:399) ~[ozone-manager-1.3.0-SNAPSHOT.jar:?]
	at org.apache.hadoop.ozone.om.OzoneManager.lookupKey(OzoneManager.java:2824) ~[ozone-manager-1.3.0-SNAPSHOT.jar:?]
	at org.apache.hadoop.ozone.protocolPB.OzoneManagerRequestHandler.lookupKey(OzoneManagerRequestHandler.java:495) ~[ozone-manager-1.3.0-SNAPSHOT.jar:?]
	at org.apache.hadoop.ozone.protocolPB.OzoneManagerRequestHandler.handleReadRequest(OzoneManagerRequestHandler.java:188) ~[ozone-manager-1.3.0-SNAPSHOT.jar:?]
	at org.apache.hadoop.ozone.protocolPB.OzoneManagerProtocolServerSideTranslatorPB.submitReadRequestToOM(OzoneManagerProtocolServerSideTranslatorPB.java:226) ~[ozone-manager-1.3.0-SNAPSHOT.jar:?]
	at org.apache.hadoop.ozone.protocolPB.OzoneManagerProtocolServerSideTranslatorPB.processRequest(OzoneManagerProtocolServerSideTranslatorPB.java:175) ~[ozone-manager-1.3.0-SNAPSHOT.jar:?]
	at org.apache.hadoop.hdds.server.OzoneProtocolMessageDispatcher.processRequest(OzoneProtocolMessageDispatcher.java:87) [hdds-server-framework-1.3.0-SNAPSHOT.jar:?]
	at org.apache.hadoop.ozone.protocolPB.OzoneManagerProtocolServerSideTranslatorPB.submitRequest(OzoneManagerProtocolServerSideTranslatorPB.java:147) [ozone-manager-1.3.0-SNAPSHOT.jar:?]
	at org.apache.hadoop.ozone.protocol.proto.OzoneManagerProtocolProtos$OzoneManagerService$2.callBlockingMethod(OzoneManagerProtocolProtos.java) [ozone-interface-client-1.3.0-SNAPSHOT.jar:?]
	at org.apache.hadoop.ipc.ProtobufRpcEngine$Server.processCall(ProtobufRpcEngine.java:466) [hadoop-common-3.3.1.jar:?]
	at org.apache.hadoop.ipc.ProtobufRpcEngine2$Server$ProtoBufRpcInvoker.call(ProtobufRpcEngine2.java:574) [hadoop-common-3.3.1.jar:?]
	at org.apache.hadoop.ipc.ProtobufRpcEngine2$Server$ProtoBufRpcInvoker.call(ProtobufRpcEngine2.java:552) [hadoop-common-3.3.1.jar:?]
	at org.apache.hadoop.ipc.RPC$Server.call(RPC.java:1093) [hadoop-common-3.3.1.jar:?]
	at org.apache.hadoop.ipc.Server$RpcCall.run(Server.java:1035) [hadoop-common-3.3.1.jar:?]
	at org.apache.hadoop.ipc.Server$RpcCall.run(Server.java:963) [hadoop-common-3.3.1.jar:?]
	at java.security.AccessController.doPrivileged(Native Method) ~[?:1.8.0_345]
	at javax.security.auth.Subject.doAs(Subject.java:422) [?:1.8.0_345]
	at org.apache.hadoop.security.UserGroupInformation.doAs(UserGroupInformation.java:1878) [hadoop-common-3.3.1.jar:?]
	at org.apache.hadoop.ipc.Server$Handler.run(Server.java:2966) [hadoop-common-3.3.1.jar:?]
07:48:37.168 [IPC Server handler 8 on default port 46611] ERROR OMAudit - user=runner | ip=127.0.0.1 | op=READ_KEY {volume=volume66138, bucket=bucket66667, key=dir1/dir2/file2, dataSize=0, replicationConfig=null} | ret=FAILURE
org.apache.hadoop.ozone.om.exceptions.OMException: Key:dir1/dir2/file2 not found
	at org.apache.hadoop.ozone.om.KeyManagerImpl.lookupKey(KeyManagerImpl.java:399) ~[ozone-manager-1.3.0-SNAPSHOT.jar:?]
	at org.apache.hadoop.ozone.om.OzoneManager.lookupKey(OzoneManager.java:2824) ~[ozone-manager-1.3.0-SNAPSHOT.jar:?]
	at org.apache.hadoop.ozone.protocolPB.OzoneManagerRequestHandler.lookupKey(OzoneManagerRequestHandler.java:495) ~[ozone-manager-1.3.0-SNAPSHOT.jar:?]
	at org.apache.hadoop.ozone.protocolPB.OzoneManagerRequestHandler.handleReadRequest(OzoneManagerRequestHandler.java:188) ~[ozone-manager-1.3.0-SNAPSHOT.jar:?]
	at org.apache.hadoop.ozone.protocolPB.OzoneManagerProtocolServerSideTranslatorPB.submitReadRequestToOM(OzoneManagerProtocolServerSideTranslatorPB.java:226) ~[ozone-manager-1.3.0-SNAPSHOT.jar:?]
	at org.apache.hadoop.ozone.protocolPB.OzoneManagerProtocolServerSideTranslatorPB.processRequest(OzoneManagerProtocolServerSideTranslatorPB.java:175) ~[ozone-manager-1.3.0-SNAPSHOT.jar:?]
	at org.apache.hadoop.hdds.server.OzoneProtocolMessageDispatcher.processRequest(OzoneProtocolMessageDispatcher.java:87) [hdds-server-framework-1.3.0-SNAPSHOT.jar:?]
	at org.apache.hadoop.ozone.protocolPB.OzoneManagerProtocolServerSideTranslatorPB.submitRequest(OzoneManagerProtocolServerSideTranslatorPB.java:147) [ozone-manager-1.3.0-SNAPSHOT.jar:?]
	at org.apache.hadoop.ozone.protocol.proto.OzoneManagerProtocolProtos$OzoneManagerService$2.callBlockingMethod(OzoneManagerProtocolProtos.java) [ozone-interface-client-1.3.0-SNAPSHOT.jar:?]
	at org.apache.hadoop.ipc.ProtobufRpcEngine$Server.processCall(ProtobufRpcEngine.java:466) [hadoop-common-3.3.1.jar:?]
	at org.apache.hadoop.ipc.ProtobufRpcEngine2$Server$ProtoBufRpcInvoker.call(ProtobufRpcEngine2.java:574) [hadoop-common-3.3.1.jar:?]
	at org.apache.hadoop.ipc.ProtobufRpcEngine2$Server$ProtoBufRpcInvoker.call(ProtobufRpcEngine2.java:552) [hadoop-common-3.3.1.jar:?]
	at org.apache.hadoop.ipc.RPC$Server.call(RPC.java:1093) [hadoop-common-3.3.1.jar:?]
	at org.apache.hadoop.ipc.Server$RpcCall.run(Server.java:1035) [hadoop-common-3.3.1.jar:?]
	at org.apache.hadoop.ipc.Server$RpcCall.run(Server.java:963) [hadoop-common-3.3.1.jar:?]
	at java.security.AccessController.doPrivileged(Native Method) ~[?:1.8.0_345]
	at javax.security.auth.Subject.doAs(Subject.java:422) [?:1.8.0_345]
	at org.apache.hadoop.security.UserGroupInformation.doAs(UserGroupInformation.java:1878) [hadoop-common-3.3.1.jar:?]
	at org.apache.hadoop.ipc.Server$Handler.run(Server.java:2966) [hadoop-common-3.3.1.jar:?]
]]></system-out>
  </testcase>
  <testcase name="testCreateKey" classname="org.apache.hadoop.ozone.om.TestObjectStoreWithFSO" time="0.084"/>
  <testcase name="testRenameToAnExistingKey" classname="org.apache.hadoop.ozone.om.TestObjectStoreWithFSO" time="0.165">
    <system-out><![CDATA[07:48:37.415 [OM StateMachine ApplyTransaction Thread - 0] ERROR OMAudit - user=runner | ip=127.0.0.1 | op=RENAME_KEY {volume=volume66138, bucket=bucket66667, dataSize=0, replicationType=NONE, replicationFactor=ZERO, srcKey=dir1/dir2/file1, dstKey=dir1/dir2/file2} | ret=FAILURE
org.apache.hadoop.ozone.om.exceptions.OMException: Failed to rename, key already exists dir1/dir2/file2
	at org.apache.hadoop.ozone.om.request.key.OMKeyRenameRequestWithFSO.validateAndUpdateCache(OMKeyRenameRequestWithFSO.java:192) ~[ozone-manager-1.3.0-SNAPSHOT.jar:?]
	at org.apache.hadoop.ozone.protocolPB.OzoneManagerRequestHandler.handleWriteRequest(OzoneManagerRequestHandler.java:304) ~[ozone-manager-1.3.0-SNAPSHOT.jar:?]
	at org.apache.hadoop.ozone.om.ratis.OzoneManagerStateMachine.runCommand(OzoneManagerStateMachine.java:529) ~[ozone-manager-1.3.0-SNAPSHOT.jar:?]
	at org.apache.hadoop.ozone.om.ratis.OzoneManagerStateMachine.lambda$1(OzoneManagerStateMachine.java:324) ~[ozone-manager-1.3.0-SNAPSHOT.jar:?]
	at java.util.concurrent.CompletableFuture$AsyncSupply.run(CompletableFuture.java:1604) [?:1.8.0_345]
	at java.util.concurrent.ThreadPoolExecutor.runWorker(ThreadPoolExecutor.java:1149) [?:1.8.0_345]
	at java.util.concurrent.ThreadPoolExecutor$Worker.run(ThreadPoolExecutor.java:624) [?:1.8.0_345]
	at java.lang.Thread.run(Thread.java:750) [?:1.8.0_345]
2022-08-26 07:48:37,415 [OM StateMachine ApplyTransaction Thread - 0] ERROR key.OMKeyRenameRequestWithFSO (OMKeyRenameRequestWithFSO.java:validateAndUpdateCache(234)) - Rename key failed for volume:volume66138 bucket:bucket66667 fromKey:dir1/dir2/file1 toKey:dir1/dir2/file2. Key: dir1/dir2/file1 not found.
]]></system-out>
  </testcase>
  <testcase name="testLookupKey" classname="org.apache.hadoop.ozone.om.TestObjectStoreWithFSO" time="0.108">
    <system-out><![CDATA[07:48:37.457 [IPC Server handler 18 on default port 46611] ERROR OMAudit - user=runner | ip=127.0.0.1 | op=READ_KEY {volume=volume66138, bucket=bucket66667, key=a/b/c/key50654, dataSize=0, replicationConfig=null} | ret=FAILURE
org.apache.hadoop.ozone.om.exceptions.OMException: Key:a/b/c/key50654 not found
	at org.apache.hadoop.ozone.om.KeyManagerImpl.lookupKey(KeyManagerImpl.java:399) ~[ozone-manager-1.3.0-SNAPSHOT.jar:?]
	at org.apache.hadoop.ozone.om.OzoneManager.lookupKey(OzoneManager.java:2824) ~[ozone-manager-1.3.0-SNAPSHOT.jar:?]
	at org.apache.hadoop.ozone.protocolPB.OzoneManagerRequestHandler.lookupKey(OzoneManagerRequestHandler.java:495) ~[ozone-manager-1.3.0-SNAPSHOT.jar:?]
	at org.apache.hadoop.ozone.protocolPB.OzoneManagerRequestHandler.handleReadRequest(OzoneManagerRequestHandler.java:188) ~[ozone-manager-1.3.0-SNAPSHOT.jar:?]
	at org.apache.hadoop.ozone.protocolPB.OzoneManagerProtocolServerSideTranslatorPB.submitReadRequestToOM(OzoneManagerProtocolServerSideTranslatorPB.java:226) ~[ozone-manager-1.3.0-SNAPSHOT.jar:?]
	at org.apache.hadoop.ozone.protocolPB.OzoneManagerProtocolServerSideTranslatorPB.processRequest(OzoneManagerProtocolServerSideTranslatorPB.java:175) ~[ozone-manager-1.3.0-SNAPSHOT.jar:?]
	at org.apache.hadoop.hdds.server.OzoneProtocolMessageDispatcher.processRequest(OzoneProtocolMessageDispatcher.java:87) [hdds-server-framework-1.3.0-SNAPSHOT.jar:?]
	at org.apache.hadoop.ozone.protocolPB.OzoneManagerProtocolServerSideTranslatorPB.submitRequest(OzoneManagerProtocolServerSideTranslatorPB.java:147) [ozone-manager-1.3.0-SNAPSHOT.jar:?]
	at org.apache.hadoop.ozone.protocol.proto.OzoneManagerProtocolProtos$OzoneManagerService$2.callBlockingMethod(OzoneManagerProtocolProtos.java) [ozone-interface-client-1.3.0-SNAPSHOT.jar:?]
	at org.apache.hadoop.ipc.ProtobufRpcEngine$Server.processCall(ProtobufRpcEngine.java:466) [hadoop-common-3.3.1.jar:?]
	at org.apache.hadoop.ipc.ProtobufRpcEngine2$Server$ProtoBufRpcInvoker.call(ProtobufRpcEngine2.java:574) [hadoop-common-3.3.1.jar:?]
	at org.apache.hadoop.ipc.ProtobufRpcEngine2$Server$ProtoBufRpcInvoker.call(ProtobufRpcEngine2.java:552) [hadoop-common-3.3.1.jar:?]
	at org.apache.hadoop.ipc.RPC$Server.call(RPC.java:1093) [hadoop-common-3.3.1.jar:?]
	at org.apache.hadoop.ipc.Server$RpcCall.run(Server.java:1035) [hadoop-common-3.3.1.jar:?]
	at org.apache.hadoop.ipc.Server$RpcCall.run(Server.java:963) [hadoop-common-3.3.1.jar:?]
	at java.security.AccessController.doPrivileged(Native Method) ~[?:1.8.0_345]
	at javax.security.auth.Subject.doAs(Subject.java:422) [?:1.8.0_345]
	at org.apache.hadoop.security.UserGroupInformation.doAs(UserGroupInformation.java:1878) [hadoop-common-3.3.1.jar:?]
	at org.apache.hadoop.ipc.Server$Handler.run(Server.java:2966) [hadoop-common-3.3.1.jar:?]
07:48:37.525 [IPC Server handler 11 on default port 46611] ERROR OMAudit - user=runner | ip=127.0.0.1 | op=READ_KEY {volume=volume66138, bucket=bucket66667, key=a/b/c/key50654, dataSize=0, replicationConfig=null} | ret=FAILURE
org.apache.hadoop.ozone.om.exceptions.OMException: Key:a/b/c/key50654 not found
	at org.apache.hadoop.ozone.om.KeyManagerImpl.lookupKey(KeyManagerImpl.java:399) ~[ozone-manager-1.3.0-SNAPSHOT.jar:?]
	at org.apache.hadoop.ozone.om.OzoneManager.lookupKey(OzoneManager.java:2824) ~[ozone-manager-1.3.0-SNAPSHOT.jar:?]
	at org.apache.hadoop.ozone.protocolPB.OzoneManagerRequestHandler.lookupKey(OzoneManagerRequestHandler.java:495) ~[ozone-manager-1.3.0-SNAPSHOT.jar:?]
	at org.apache.hadoop.ozone.protocolPB.OzoneManagerRequestHandler.handleReadRequest(OzoneManagerRequestHandler.java:188) ~[ozone-manager-1.3.0-SNAPSHOT.jar:?]
	at org.apache.hadoop.ozone.protocolPB.OzoneManagerProtocolServerSideTranslatorPB.submitReadRequestToOM(OzoneManagerProtocolServerSideTranslatorPB.java:226) ~[ozone-manager-1.3.0-SNAPSHOT.jar:?]
	at org.apache.hadoop.ozone.protocolPB.OzoneManagerProtocolServerSideTranslatorPB.processRequest(OzoneManagerProtocolServerSideTranslatorPB.java:175) ~[ozone-manager-1.3.0-SNAPSHOT.jar:?]
	at org.apache.hadoop.hdds.server.OzoneProtocolMessageDispatcher.processRequest(OzoneProtocolMessageDispatcher.java:87) [hdds-server-framework-1.3.0-SNAPSHOT.jar:?]
	at org.apache.hadoop.ozone.protocolPB.OzoneManagerProtocolServerSideTranslatorPB.submitRequest(OzoneManagerProtocolServerSideTranslatorPB.java:147) [ozone-manager-1.3.0-SNAPSHOT.jar:?]
	at org.apache.hadoop.ozone.protocol.proto.OzoneManagerProtocolProtos$OzoneManagerService$2.callBlockingMethod(OzoneManagerProtocolProtos.java) [ozone-interface-client-1.3.0-SNAPSHOT.jar:?]
	at org.apache.hadoop.ipc.ProtobufRpcEngine$Server.processCall(ProtobufRpcEngine.java:466) [hadoop-common-3.3.1.jar:?]
	at org.apache.hadoop.ipc.ProtobufRpcEngine2$Server$ProtoBufRpcInvoker.call(ProtobufRpcEngine2.java:574) [hadoop-common-3.3.1.jar:?]
	at org.apache.hadoop.ipc.ProtobufRpcEngine2$Server$ProtoBufRpcInvoker.call(ProtobufRpcEngine2.java:552) [hadoop-common-3.3.1.jar:?]
	at org.apache.hadoop.ipc.RPC$Server.call(RPC.java:1093) [hadoop-common-3.3.1.jar:?]
	at org.apache.hadoop.ipc.Server$RpcCall.run(Server.java:1035) [hadoop-common-3.3.1.jar:?]
	at org.apache.hadoop.ipc.Server$RpcCall.run(Server.java:963) [hadoop-common-3.3.1.jar:?]
	at java.security.AccessController.doPrivileged(Native Method) ~[?:1.8.0_345]
	at javax.security.auth.Subject.doAs(Subject.java:422) [?:1.8.0_345]
	at org.apache.hadoop.security.UserGroupInformation.doAs(UserGroupInformation.java:1878) [hadoop-common-3.3.1.jar:?]
	at org.apache.hadoop.ipc.Server$Handler.run(Server.java:2966) [hadoop-common-3.3.1.jar:?]
]]></system-out>
  </testcase>
  <testcase name="testDeleteBucketWithKeys" classname="org.apache.hadoop.ozone.om.TestObjectStoreWithFSO" time="0.103">
    <system-out><![CDATA[2022-08-26 07:48:37,550 [Time-limited test] INFO  rpc.RpcClient (RpcClient.java:createVolume(471)) - Creating Volume: volume92849, with user27952 as owner and space quota set to -1 bytes, counts quota set to -1
2022-08-26 07:48:37,555 [OM StateMachine ApplyTransaction Thread - 0] INFO  volume.OMVolumeCreateRequest (OMVolumeCreateRequest.java:validateAndUpdateCache(195)) - created volume:volume92849 for user:user27952
2022-08-26 07:48:37,559 [Time-limited test] INFO  rpc.RpcClient (RpcClient.java:createBucket(674)) - Creating Bucket: volume92849/bucket23003, with bucket layout FILE_SYSTEM_OPTIMIZED, runner as owner, Versioning false, Storage Type set to DISK and Encryption set to false 
2022-08-26 07:48:37,561 [OM StateMachine ApplyTransaction Thread - 0] INFO  bucket.OMBucketCreateRequest (OMBucketCreateRequest.java:validateAndUpdateCache(260)) - created bucket: bucket23003 of layout FILE_SYSTEM_OPTIMIZED in volume: volume92849
07:48:37.589 [OM StateMachine ApplyTransaction Thread - 0] ERROR OMAudit - user=runner | ip=127.0.0.1 | op=DELETE_BUCKET {volume=volume92849, bucket=bucket23003} | ret=FAILURE
org.apache.hadoop.ozone.om.exceptions.OMException: Bucket is not empty
	at org.apache.hadoop.ozone.om.request.bucket.OMBucketDeleteRequest.validateAndUpdateCache(OMBucketDeleteRequest.java:135) ~[ozone-manager-1.3.0-SNAPSHOT.jar:?]
	at org.apache.hadoop.ozone.protocolPB.OzoneManagerRequestHandler.handleWriteRequest(OzoneManagerRequestHandler.java:304) ~[ozone-manager-1.3.0-SNAPSHOT.jar:?]
	at org.apache.hadoop.ozone.om.ratis.OzoneManagerStateMachine.runCommand(OzoneManagerStateMachine.java:529) ~[ozone-manager-1.3.0-SNAPSHOT.jar:?]
	at org.apache.hadoop.ozone.om.ratis.OzoneManagerStateMachine.lambda$1(OzoneManagerStateMachine.java:324) ~[ozone-manager-1.3.0-SNAPSHOT.jar:?]
	at java.util.concurrent.CompletableFuture$AsyncSupply.run(CompletableFuture.java:1604) [?:1.8.0_345]
	at java.util.concurrent.ThreadPoolExecutor.runWorker(ThreadPoolExecutor.java:1149) [?:1.8.0_345]
	at java.util.concurrent.ThreadPoolExecutor$Worker.run(ThreadPoolExecutor.java:624) [?:1.8.0_345]
	at java.lang.Thread.run(Thread.java:750) [?:1.8.0_345]
2022-08-26 07:48:37,590 [OM StateMachine ApplyTransaction Thread - 0] ERROR bucket.OMBucketDeleteRequest (OMBucketDeleteRequest.java:validateAndUpdateCache(195)) - Delete bucket failed for bucket:bucket23003 in volume:volume92849
BUCKET_NOT_EMPTY org.apache.hadoop.ozone.om.exceptions.OMException: Bucket is not empty
	at org.apache.hadoop.ozone.om.request.bucket.OMBucketDeleteRequest.validateAndUpdateCache(OMBucketDeleteRequest.java:135)
	at org.apache.hadoop.ozone.protocolPB.OzoneManagerRequestHandler.handleWriteRequest(OzoneManagerRequestHandler.java:304)
	at org.apache.hadoop.ozone.om.ratis.OzoneManagerStateMachine.runCommand(OzoneManagerStateMachine.java:529)
	at org.apache.hadoop.ozone.om.ratis.OzoneManagerStateMachine.lambda$1(OzoneManagerStateMachine.java:324)
	at java.util.concurrent.CompletableFuture$AsyncSupply.run(CompletableFuture.java:1604)
	at java.util.concurrent.ThreadPoolExecutor.runWorker(ThreadPoolExecutor.java:1149)
	at java.util.concurrent.ThreadPoolExecutor$Worker.run(ThreadPoolExecutor.java:624)
	at java.lang.Thread.run(Thread.java:750)
07:48:37.599 [OM StateMachine ApplyTransaction Thread - 0] ERROR OMAudit - user=runner | ip=127.0.0.1 | op=DELETE_BUCKET {volume=volume92849, bucket=bucket23003} | ret=FAILURE
org.apache.hadoop.ozone.om.exceptions.OMException: Bucket is not empty
	at org.apache.hadoop.ozone.om.request.bucket.OMBucketDeleteRequest.validateAndUpdateCache(OMBucketDeleteRequest.java:135) ~[ozone-manager-1.3.0-SNAPSHOT.jar:?]
	at org.apache.hadoop.ozone.protocolPB.OzoneManagerRequestHandler.handleWriteRequest(OzoneManagerRequestHandler.java:304) ~[ozone-manager-1.3.0-SNAPSHOT.jar:?]
	at org.apache.hadoop.ozone.om.ratis.OzoneManagerStateMachine.runCommand(OzoneManagerStateMachine.java:529) ~[ozone-manager-1.3.0-SNAPSHOT.jar:?]
	at org.apache.hadoop.ozone.om.ratis.OzoneManagerStateMachine.lambda$1(OzoneManagerStateMachine.java:324) ~[ozone-manager-1.3.0-SNAPSHOT.jar:?]
	at java.util.concurrent.CompletableFuture$AsyncSupply.run(CompletableFuture.java:1604) [?:1.8.0_345]
	at java.util.concurrent.ThreadPoolExecutor.runWorker(ThreadPoolExecutor.java:1149) [?:1.8.0_345]
	at java.util.concurrent.ThreadPoolExecutor$Worker.run(ThreadPoolExecutor.java:624) [?:1.8.0_345]
	at java.lang.Thread.run(Thread.java:750) [?:1.8.0_345]
2022-08-26 07:48:37,599 [OM StateMachine ApplyTransaction Thread - 0] ERROR bucket.OMBucketDeleteRequest (OMBucketDeleteRequest.java:validateAndUpdateCache(195)) - Delete bucket failed for bucket:bucket23003 in volume:volume92849
BUCKET_NOT_EMPTY org.apache.hadoop.ozone.om.exceptions.OMException: Bucket is not empty
	at org.apache.hadoop.ozone.om.request.bucket.OMBucketDeleteRequest.validateAndUpdateCache(OMBucketDeleteRequest.java:135)
	at org.apache.hadoop.ozone.protocolPB.OzoneManagerRequestHandler.handleWriteRequest(OzoneManagerRequestHandler.java:304)
	at org.apache.hadoop.ozone.om.ratis.OzoneManagerStateMachine.runCommand(OzoneManagerStateMachine.java:529)
	at org.apache.hadoop.ozone.om.ratis.OzoneManagerStateMachine.lambda$1(OzoneManagerStateMachine.java:324)
	at java.util.concurrent.CompletableFuture$AsyncSupply.run(CompletableFuture.java:1604)
	at java.util.concurrent.ThreadPoolExecutor.runWorker(ThreadPoolExecutor.java:1149)
	at java.util.concurrent.ThreadPoolExecutor$Worker.run(ThreadPoolExecutor.java:624)
	at java.lang.Thread.run(Thread.java:750)
07:48:37.605 [OM StateMachine ApplyTransaction Thread - 0] ERROR OMAudit - user=runner | ip=127.0.0.1 | op=DELETE_BUCKET {volume=volume92849, bucket=bucket23003} | ret=FAILURE
org.apache.hadoop.ozone.om.exceptions.OMException: Bucket is not empty
	at org.apache.hadoop.ozone.om.request.bucket.OMBucketDeleteRequest.validateAndUpdateCache(OMBucketDeleteRequest.java:135) ~[ozone-manager-1.3.0-SNAPSHOT.jar:?]
	at org.apache.hadoop.ozone.protocolPB.OzoneManagerRequestHandler.handleWriteRequest(OzoneManagerRequestHandler.java:304) ~[ozone-manager-1.3.0-SNAPSHOT.jar:?]
	at org.apache.hadoop.ozone.om.ratis.OzoneManagerStateMachine.runCommand(OzoneManagerStateMachine.java:529) ~[ozone-manager-1.3.0-SNAPSHOT.jar:?]
	at org.apache.hadoop.ozone.om.ratis.OzoneManagerStateMachine.lambda$1(OzoneManagerStateMachine.java:324) ~[ozone-manager-1.3.0-SNAPSHOT.jar:?]
	at java.util.concurrent.CompletableFuture$AsyncSupply.run(CompletableFuture.java:1604) [?:1.8.0_345]
	at java.util.concurrent.ThreadPoolExecutor.runWorker(ThreadPoolExecutor.java:1149) [?:1.8.0_345]
	at java.util.concurrent.ThreadPoolExecutor$Worker.run(ThreadPoolExecutor.java:624) [?:1.8.0_345]
	at java.lang.Thread.run(Thread.java:750) [?:1.8.0_345]
2022-08-26 07:48:37,606 [OM StateMachine ApplyTransaction Thread - 0] ERROR bucket.OMBucketDeleteRequest (OMBucketDeleteRequest.java:validateAndUpdateCache(195)) - Delete bucket failed for bucket:bucket23003 in volume:volume92849
BUCKET_NOT_EMPTY org.apache.hadoop.ozone.om.exceptions.OMException: Bucket is not empty
	at org.apache.hadoop.ozone.om.request.bucket.OMBucketDeleteRequest.validateAndUpdateCache(OMBucketDeleteRequest.java:135)
	at org.apache.hadoop.ozone.protocolPB.OzoneManagerRequestHandler.handleWriteRequest(OzoneManagerRequestHandler.java:304)
	at org.apache.hadoop.ozone.om.ratis.OzoneManagerStateMachine.runCommand(OzoneManagerStateMachine.java:529)
	at org.apache.hadoop.ozone.om.ratis.OzoneManagerStateMachine.lambda$1(OzoneManagerStateMachine.java:324)
	at java.util.concurrent.CompletableFuture$AsyncSupply.run(CompletableFuture.java:1604)
	at java.util.concurrent.ThreadPoolExecutor.runWorker(ThreadPoolExecutor.java:1149)
	at java.util.concurrent.ThreadPoolExecutor$Worker.run(ThreadPoolExecutor.java:624)
	at java.lang.Thread.run(Thread.java:750)
]]></system-out>
  </testcase>
</testsuite>