<?xml version="1.0" encoding="UTF-8"?>
<testsuite xmlns:xsi="http://www.w3.org/2001/XMLSchema-instance" xsi:noNamespaceSchemaLocation="https://maven.apache.org/surefire/maven-surefire-plugin/xsd/surefire-test-report.xsd" name="org.apache.hadoop.ozone.scm.TestSCMInstallSnapshotWithHA" time="194.39" tests="3" errors="1" skipped="0" failures="0">
  <properties>
    <property name="awt.toolkit" value="sun.awt.X11.XToolkit"/>
    <property name="file.encoding.pkg" value="sun.io"/>
    <property name="java.specification.version" value="1.8"/>
    <property name="sun.cpu.isalist" value=""/>
    <property name="sun.jnu.encoding" value="UTF-8"/>
    <property name="java.class.path" value="/home/runner/work/ozone/ozone/hadoop-ozone/integration-test/target/test-classes:/home/runner/work/ozone/ozone/hadoop-ozone/integration-test/target/classes:/home/runner/.m2/repository/org/apache/ozone/ozone-common/1.3.0-SNAPSHOT/ozone-common-1.3.0-SNAPSHOT.jar:/home/runner/.m2/repository/org/apache/commons/commons-compress/1.21/commons-compress-1.21.jar:/home/runner/.m2/repository/org/apache/ozone/hdds-common/1.3.0-SNAPSHOT/hdds-common-1.3.0-SNAPSHOT.jar:/home/runner/.m2/repository/org/apache/ozone/hdds-client/1.3.0-SNAPSHOT/hdds-client-1.3.0-SNAPSHOT.jar:/home/runner/.m2/repository/org/apache/ozone/ozone-interface-client/1.3.0-SNAPSHOT/ozone-interface-client-1.3.0-SNAPSHOT.jar:/home/runner/.m2/repository/org/apache/ozone/hdds-test-utils/1.3.0-SNAPSHOT/hdds-test-utils-1.3.0-SNAPSHOT.jar:/home/runner/.m2/repository/com/google/guava/guava/30.1.1-jre/guava-30.1.1-jre.jar:/home/runner/.m2/repository/com/google/guava/failureaccess/1.0.1/failureaccess-1.0.1.jar:/home/runner/.m2/repository/com/google/guava/listenablefuture/9999.0-empty-to-avoid-conflict-with-guava/listenablefuture-9999.0-empty-to-avoid-conflict-with-guava.jar:/home/runner/.m2/repository/com/google/code/findbugs/jsr305/3.0.0/jsr305-3.0.0.jar:/home/runner/.m2/repository/org/checkerframework/checker-qual/3.8.0/checker-qual-3.8.0.jar:/home/runner/.m2/repository/com/google/errorprone/error_prone_annotations/2.2.0/error_prone_annotations-2.2.0.jar:/home/runner/.m2/repository/com/google/j2objc/j2objc-annotations/1.3/j2objc-annotations-1.3.jar:/home/runner/.m2/repository/commons-io/commons-io/2.11.0/commons-io-2.11.0.jar:/home/runner/.m2/repository/commons-logging/commons-logging/1.2/commons-logging-1.2.jar:/home/runner/.m2/repository/log4j/log4j/1.2.17/log4j-1.2.17.jar:/home/runner/.m2/repository/org/slf4j/slf4j-api/1.7.30/slf4j-api-1.7.30.jar:/home/runner/.m2/repository/org/apache/ozone/hdds-server-scm/1.3.0-SNAPSHOT/hdds-server-scm-1.3.0-SNAPSHOT.jar:/home/runner/.m2/repository/org/apache/ozone/hdds-container-service/1.3.0-SNAPSHOT/hdds-container-service-1.3.0-SNAPSHOT.jar:/home/runner/.m2/repository/org/apache/ozone/hdds-hadoop-dependency-server/1.3.0-SNAPSHOT/hdds-hadoop-dependency-server-1.3.0-SNAPSHOT.jar:/home/runner/.m2/repository/org/apache/hadoop/hadoop-hdfs/3.3.1/hadoop-hdfs-3.3.1.jar:/home/runner/.m2/repository/org/apache/ozone/hdds-server-framework/1.3.0-SNAPSHOT/hdds-server-framework-1.3.0-SNAPSHOT.jar:/home/runner/.m2/repository/org/apache/ozone/hdds-interface-server/1.3.0-SNAPSHOT/hdds-interface-server-1.3.0-SNAPSHOT.jar:/home/runner/.m2/repository/org/eclipse/jetty/jetty-servlet/9.4.43.v20210629/jetty-servlet-9.4.43.v20210629.jar:/home/runner/.m2/repository/org/eclipse/jetty/jetty-security/9.4.43.v20210629/jetty-security-9.4.43.v20210629.jar:/home/runner/.m2/repository/org/rocksdb/rocksdbjni/6.25.3/rocksdbjni-6.25.3.jar:/home/runner/.m2/repository/io/prometheus/simpleclient_dropwizard/0.7.0/simpleclient_dropwizard-0.7.0.jar:/home/runner/.m2/repository/io/prometheus/simpleclient/0.7.0/simpleclient-0.7.0.jar:/home/runner/.m2/repository/io/prometheus/simpleclient_common/0.7.0/simpleclient_common-0.7.0.jar:/home/runner/.m2/repository/com/fasterxml/jackson/datatype/jackson-datatype-jsr310/2.12.1/jackson-datatype-jsr310-2.12.1.jar:/home/runner/.m2/repository/io/dropwizard/metrics/metrics-core/3.2.4/metrics-core-3.2.4.jar:/home/runner/.m2/repository/org/apache/hadoop/hadoop-hdfs-client/3.3.1/hadoop-hdfs-client-3.3.1.jar:/home/runner/.m2/repository/org/bouncycastle/bcprov-jdk15on/1.67/bcprov-jdk15on-1.67.jar:/home/runner/.m2/repository/com/google/protobuf/protobuf-java/2.5.0/protobuf-java-2.5.0.jar:/home/runner/.m2/repository/org/apache/ozone/ozone-manager/1.3.0-SNAPSHOT/ozone-manager-1.3.0-SNAPSHOT.jar:/home/runner/.m2/repository/org/aspectj/aspectjrt/1.9.7/aspectjrt-1.9.7.jar:/home/runner/.m2/repository/org/aspectj/aspectjweaver/1.9.7/aspectjweaver-1.9.7.jar:/home/runner/.m2/repository/org/apache/ozone/hdds-interface-client/1.3.0-SNAPSHOT/hdds-interface-client-1.3.0-SNAPSHOT.jar:/home/runner/.m2/repository/org/apache/hadoop/thirdparty/hadoop-shaded-protobuf_3_7/1.1.1/hadoop-shaded-protobuf_3_7-1.1.1.jar:/home/runner/.m2/repository/org/apache/ozone/ozone-interface-storage/1.3.0-SNAPSHOT/ozone-interface-storage-1.3.0-SNAPSHOT.jar:/home/runner/.m2/repository/org/reflections/reflections/0.9.11/reflections-0.9.11.jar:/home/runner/.m2/repository/org/apache/hadoop/hadoop-minikdc/3.3.1/hadoop-minikdc-3.3.1.jar:/home/runner/.m2/repository/org/apache/kerby/kerb-simplekdc/1.0.1/kerb-simplekdc-1.0.1.jar:/home/runner/.m2/repository/org/apache/kerby/kerb-client/1.0.1/kerb-client-1.0.1.jar:/home/runner/.m2/repository/org/apache/kerby/kerby-config/1.0.1/kerby-config-1.0.1.jar:/home/runner/.m2/repository/org/apache/kerby/kerb-common/1.0.1/kerb-common-1.0.1.jar:/home/runner/.m2/repository/org/apache/kerby/kerb-crypto/1.0.1/kerb-crypto-1.0.1.jar:/home/runner/.m2/repository/org/apache/kerby/kerb-util/1.0.1/kerb-util-1.0.1.jar:/home/runner/.m2/repository/org/apache/kerby/token-provider/1.0.1/token-provider-1.0.1.jar:/home/runner/.m2/repository/org/apache/kerby/kerb-admin/1.0.1/kerb-admin-1.0.1.jar:/home/runner/.m2/repository/org/apache/kerby/kerb-server/1.0.1/kerb-server-1.0.1.jar:/home/runner/.m2/repository/org/apache/kerby/kerb-identity/1.0.1/kerb-identity-1.0.1.jar:/home/runner/.m2/repository/org/apache/kerby/kerby-xdr/1.0.1/kerby-xdr-1.0.1.jar:/home/runner/.m2/repository/org/slf4j/slf4j-log4j12/1.7.30/slf4j-log4j12-1.7.30.jar:/home/runner/.m2/repository/org/apache/ozone/ozone-s3gateway/1.3.0-SNAPSHOT/ozone-s3gateway-1.3.0-SNAPSHOT.jar:/home/runner/.m2/repository/org/javassist/javassist/3.21.0-GA/javassist-3.21.0-GA.jar:/home/runner/.m2/repository/org/jboss/weld/servlet/weld-servlet/2.4.7.Final/weld-servlet-2.4.7.Final.jar:/home/runner/.m2/repository/org/glassfish/jersey/containers/jersey-container-servlet-core/2.33/jersey-container-servlet-core-2.33.jar:/home/runner/.m2/repository/org/glassfish/hk2/external/jakarta.inject/2.6.1/jakarta.inject-2.6.1.jar:/home/runner/.m2/repository/org/glassfish/jersey/core/jersey-common/2.33/jersey-common-2.33.jar:/home/runner/.m2/repository/jakarta/ws/rs/jakarta.ws.rs-api/2.1.6/jakarta.ws.rs-api-2.1.6.jar:/home/runner/.m2/repository/org/glassfish/jersey/ext/cdi/jersey-cdi1x/2.33/jersey-cdi1x-2.33.jar:/home/runner/.m2/repository/org/glassfish/jersey/inject/jersey-hk2/2.33/jersey-hk2-2.33.jar:/home/runner/.m2/repository/org/glassfish/hk2/hk2-locator/2.6.1/hk2-locator-2.6.1.jar:/home/runner/.m2/repository/org/glassfish/jersey/media/jersey-media-jaxb/2.33/jersey-media-jaxb-2.33.jar:/home/runner/.m2/repository/org/glassfish/hk2/osgi-resource-locator/1.0.3/osgi-resource-locator-1.0.3.jar:/home/runner/.m2/repository/org/glassfish/hk2/hk2-api/2.5.0/hk2-api-2.5.0.jar:/home/runner/.m2/repository/org/glassfish/hk2/hk2-utils/2.5.0/hk2-utils-2.5.0.jar:/home/runner/.m2/repository/org/glassfish/hk2/external/aopalliance-repackaged/2.5.0/aopalliance-repackaged-2.5.0.jar:/home/runner/.m2/repository/com/fasterxml/jackson/dataformat/jackson-dataformat-xml/2.12.1/jackson-dataformat-xml-2.12.1.jar:/home/runner/.m2/repository/com/fasterxml/jackson/core/jackson-core/2.12.1/jackson-core-2.12.1.jar:/home/runner/.m2/repository/com/fasterxml/jackson/module/jackson-module-jaxb-annotations/2.12.1/jackson-module-jaxb-annotations-2.12.1.jar:/home/runner/.m2/repository/jakarta/xml/bind/jakarta.xml.bind-api/2.3.2/jakarta.xml.bind-api-2.3.2.jar:/home/runner/.m2/repository/org/codehaus/woodstox/stax2-api/3.1.4/stax2-api-3.1.4.jar:/home/runner/.m2/repository/com/fasterxml/woodstox/woodstox-core/5.0.3/woodstox-core-5.0.3.jar:/home/runner/.m2/repository/javax/enterprise/cdi-api/1.2/cdi-api-1.2.jar:/home/runner/.m2/repository/javax/el/javax.el-api/3.0.0/javax.el-api-3.0.0.jar:/home/runner/.m2/repository/javax/interceptor/javax.interceptor-api/1.2/javax.interceptor-api-1.2.jar:/home/runner/.m2/repository/javax/inject/javax.inject/1/javax.inject-1.jar:/home/runner/.m2/repository/javax/xml/bind/jaxb-api/2.3.0/jaxb-api-2.3.0.jar:/home/runner/.m2/repository/org/glassfish/jaxb/jaxb-runtime/2.3.0.1/jaxb-runtime-2.3.0.1.jar:/home/runner/.m2/repository/org/glassfish/jaxb/jaxb-core/2.3.0.1/jaxb-core-2.3.0.1.jar:/home/runner/.m2/repository/org/glassfish/jaxb/txw2/2.3.0.1/txw2-2.3.0.1.jar:/home/runner/.m2/repository/com/sun/istack/istack-commons-runtime/3.0.5/istack-commons-runtime-3.0.5.jar:/home/runner/.m2/repository/org/jvnet/staxex/stax-ex/1.7.8/stax-ex-1.7.8.jar:/home/runner/.m2/repository/com/sun/xml/fastinfoset/FastInfoset/1.2.13/FastInfoset-1.2.13.jar:/home/runner/.m2/repository/javax/activation/activation/1.1.1/activation-1.1.1.jar:/home/runner/.m2/repository/org/apache/ozone/ozone-csi/1.3.0-SNAPSHOT/ozone-csi-1.3.0-SNAPSHOT.jar:/home/runner/.m2/repository/com/google/protobuf/protobuf-java-util/3.12.0/protobuf-java-util-3.12.0.jar:/home/runner/.m2/repository/com/google/code/gson/gson/2.2.4/gson-2.2.4.jar:/home/runner/.m2/repository/org/apache/ozone/hdds-config/1.3.0-SNAPSHOT/hdds-config-1.3.0-SNAPSHOT.jar:/home/runner/.m2/repository/io/grpc/grpc-netty/1.33.0/grpc-netty-1.33.0.jar:/home/runner/.m2/repository/io/grpc/grpc-core/1.33.0/grpc-core-1.33.0.jar:/home/runner/.m2/repository/com/google/android/annotations/4.1.1.4/annotations-4.1.1.4.jar:/home/runner/.m2/repository/io/netty/netty-codec-http2/4.1.63.Final/netty-codec-http2-4.1.63.Final.jar:/home/runner/.m2/repository/io/netty/netty-codec-http/4.1.63.Final/netty-codec-http-4.1.63.Final.jar:/home/runner/.m2/repository/io/netty/netty-handler-proxy/4.1.63.Final/netty-handler-proxy-4.1.63.Final.jar:/home/runner/.m2/repository/io/netty/netty-codec-socks/4.1.63.Final/netty-codec-socks-4.1.63.Final.jar:/home/runner/.m2/repository/io/perfmark/perfmark-api/0.19.0/perfmark-api-0.19.0.jar:/home/runner/.m2/repository/org/codehaus/mojo/animal-sniffer-annotations/1.18/animal-sniffer-annotations-1.18.jar:/home/runner/.m2/repository/io/netty/netty-transport-native-epoll/4.1.63.Final/netty-transport-native-epoll-4.1.63.Final.jar:/home/runner/.m2/repository/io/netty/netty-common/4.1.63.Final/netty-common-4.1.63.Final.jar:/home/runner/.m2/repository/io/netty/netty-buffer/4.1.63.Final/netty-buffer-4.1.63.Final.jar:/home/runner/.m2/repository/io/netty/netty-transport-native-unix-common/4.1.63.Final/netty-transport-native-unix-common-4.1.63.Final.jar:/home/runner/.m2/repository/io/grpc/grpc-protobuf/1.33.0/grpc-protobuf-1.33.0.jar:/home/runner/.m2/repository/io/grpc/grpc-api/1.33.0/grpc-api-1.33.0.jar:/home/runner/.m2/repository/io/grpc/grpc-context/1.33.0/grpc-context-1.33.0.jar:/home/runner/.m2/repository/com/google/api/grpc/proto-google-common-protos/1.17.0/proto-google-common-protos-1.17.0.jar:/home/runner/.m2/repository/io/grpc/grpc-protobuf-lite/1.33.0/grpc-protobuf-lite-1.33.0.jar:/home/runner/.m2/repository/io/grpc/grpc-stub/1.33.0/grpc-stub-1.33.0.jar:/home/runner/.m2/repository/org/apache/ozone/ozone-recon/1.3.0-SNAPSHOT/ozone-recon-1.3.0-SNAPSHOT.jar:/home/runner/.m2/repository/org/apache/ozone/ozone-reconcodegen/1.3.0-SNAPSHOT/ozone-reconcodegen-1.3.0-SNAPSHOT.jar:/home/runner/.m2/repository/com/google/inject/extensions/guice-multibindings/4.0/guice-multibindings-4.0.jar:/home/runner/.m2/repository/com/google/inject/guice/4.0/guice-4.0.jar:/home/runner/.m2/repository/aopalliance/aopalliance/1.0/aopalliance-1.0.jar:/home/runner/.m2/repository/com/google/inject/extensions/guice-assistedinject/4.0/guice-assistedinject-4.0.jar:/home/runner/.m2/repository/com/google/inject/extensions/guice-servlet/4.0/guice-servlet-4.0.jar:/home/runner/.m2/repository/org/glassfish/jersey/containers/jersey-container-servlet/2.33/jersey-container-servlet-2.33.jar:/home/runner/.m2/repository/org/glassfish/hk2/guice-bridge/2.5.0/guice-bridge-2.5.0.jar:/home/runner/.m2/repository/org/glassfish/jersey/core/jersey-server/2.33/jersey-server-2.33.jar:/home/runner/.m2/repository/org/glassfish/jersey/core/jersey-client/2.33/jersey-client-2.33.jar:/home/runner/.m2/repository/jakarta/annotation/jakarta.annotation-api/1.3.5/jakarta.annotation-api-1.3.5.jar:/home/runner/.m2/repository/jakarta/validation/jakarta.validation-api/2.0.2/jakarta.validation-api-2.0.2.jar:/home/runner/.m2/repository/org/glassfish/jersey/media/jersey-media-json-jackson/2.33/jersey-media-json-jackson-2.33.jar:/home/runner/.m2/repository/org/glassfish/jersey/ext/jersey-entity-filtering/2.33/jersey-entity-filtering-2.33.jar:/home/runner/.m2/repository/org/jooq/jooq/3.11.10/jooq-3.11.10.jar:/home/runner/.m2/repository/org/jooq/jooq-meta/3.11.10/jooq-meta-3.11.10.jar:/home/runner/.m2/repository/org/jooq/jooq-codegen/3.11.10/jooq-codegen-3.11.10.jar:/home/runner/.m2/repository/com/jolbox/bonecp/0.8.0.RELEASE/bonecp-0.8.0.RELEASE.jar:/home/runner/.m2/repository/org/apache/derby/derby/10.14.2.0/derby-10.14.2.0.jar:/home/runner/.m2/repository/org/xerial/sqlite-jdbc/3.25.2/sqlite-jdbc-3.25.2.jar:/home/runner/.m2/repository/org/springframework/spring-jdbc/5.2.18.RELEASE/spring-jdbc-5.2.18.RELEASE.jar:/home/runner/.m2/repository/org/springframework/spring-beans/5.2.18.RELEASE/spring-beans-5.2.18.RELEASE.jar:/home/runner/.m2/repository/org/springframework/spring-core/5.2.18.RELEASE/spring-core-5.2.18.RELEASE.jar:/home/runner/.m2/repository/org/springframework/spring-jcl/5.2.18.RELEASE/spring-jcl-5.2.18.RELEASE.jar:/home/runner/.m2/repository/org/springframework/spring-tx/5.2.18.RELEASE/spring-tx-5.2.18.RELEASE.jar:/home/runner/.m2/repository/org/apache/ozone/ozone-client/1.3.0-SNAPSHOT/ozone-client-1.3.0-SNAPSHOT.jar:/home/runner/.m2/repository/org/apache/ozone/ozone-filesystem/1.3.0-SNAPSHOT/ozone-filesystem-1.3.0-SNAPSHOT.jar:/home/runner/.m2/repository/org/apache/ozone/ozone-filesystem-common/1.3.0-SNAPSHOT/ozone-filesystem-common-1.3.0-SNAPSHOT.jar:/home/runner/.m2/repository/org/apache/ozone/ozone-tools/1.3.0-SNAPSHOT/ozone-tools-1.3.0-SNAPSHOT.jar:/home/runner/.m2/repository/org/apache/ratis/ratis-tools/2.2.0/ratis-tools-2.2.0.jar:/home/runner/.m2/repository/com/amazonaws/aws-java-sdk-core/1.12.124/aws-java-sdk-core-1.12.124.jar:/home/runner/.m2/repository/org/apache/httpcomponents/httpclient/4.5.13/httpclient-4.5.13.jar:/home/runner/.m2/repository/org/apache/httpcomponents/httpcore/4.4.13/httpcore-4.4.13.jar:/home/runner/.m2/repository/software/amazon/ion/ion-java/1.0.2/ion-java-1.0.2.jar:/home/runner/.m2/repository/com/fasterxml/jackson/dataformat/jackson-dataformat-cbor/2.12.1/jackson-dataformat-cbor-2.12.1.jar:/home/runner/.m2/repository/joda-time/joda-time/2.8.1/joda-time-2.8.1.jar:/home/runner/.m2/repository/com/amazonaws/aws-java-sdk-s3/1.12.124/aws-java-sdk-s3-1.12.124.jar:/home/runner/.m2/repository/com/amazonaws/aws-java-sdk-kms/1.12.124/aws-java-sdk-kms-1.12.124.jar:/home/runner/.m2/repository/com/amazonaws/jmespath-java/1.12.124/jmespath-java-1.12.124.jar:/home/runner/.m2/repository/org/kohsuke/metainf-services/metainf-services/1.8/metainf-services-1.8.jar:/home/runner/.m2/repository/org/apache/ozone/hdds-tools/1.3.0-SNAPSHOT/hdds-tools-1.3.0-SNAPSHOT.jar:/home/runner/.m2/repository/commons-cli/commons-cli/1.2/commons-cli-1.2.jar:/home/runner/.m2/repository/org/apache/commons/commons-lang3/3.7/commons-lang3-3.7.jar:/home/runner/.m2/repository/org/apache/ozone/ozone-manager/1.3.0-SNAPSHOT/ozone-manager-1.3.0-SNAPSHOT-tests.jar:/home/runner/.m2/repository/org/apache/ozone/hdds-common/1.3.0-SNAPSHOT/hdds-common-1.3.0-SNAPSHOT-tests.jar:/home/runner/.m2/repository/org/apache/ozone/hdds-hadoop-dependency-client/1.3.0-SNAPSHOT/hdds-hadoop-dependency-client-1.3.0-SNAPSHOT.jar:/home/runner/.m2/repository/info/picocli/picocli/4.6.1/picocli-4.6.1.jar:/home/runner/.m2/repository/com/fasterxml/jackson/core/jackson-annotations/2.12.1/jackson-annotations-2.12.1.jar:/home/runner/.m2/repository/javax/annotation/javax.annotation-api/1.2/javax.annotation-api-1.2.jar:/home/runner/.m2/repository/org/apache/ratis/ratis-server/2.2.0/ratis-server-2.2.0.jar:/home/runner/.m2/repository/org/apache/ratis/ratis-client/2.2.0/ratis-client-2.2.0.jar:/home/runner/.m2/repository/org/apache/ratis/ratis-server-api/2.2.0/ratis-server-api-2.2.0.jar:/home/runner/.m2/repository/org/apache/ratis/ratis-metrics/2.2.0/ratis-metrics-2.2.0.jar:/home/runner/.m2/repository/org/apache/ratis/ratis-netty/2.2.0/ratis-netty-2.2.0.jar:/home/runner/.m2/repository/org/apache/ratis/ratis-grpc/2.2.0/ratis-grpc-2.2.0.jar:/home/runner/.m2/repository/org/apache/logging/log4j/log4j-api/2.17.1/log4j-api-2.17.1.jar:/home/runner/.m2/repository/org/apache/logging/log4j/log4j-core/2.17.1/log4j-core-2.17.1.jar:/home/runner/.m2/repository/com/lmax/disruptor/3.4.2/disruptor-3.4.2.jar:/home/runner/.m2/repository/org/apache/commons/commons-pool2/2.6.0/commons-pool2-2.6.0.jar:/home/runner/.m2/repository/org/bouncycastle/bcpkix-jdk15on/1.67/bcpkix-jdk15on-1.67.jar:/home/runner/.m2/repository/commons-validator/commons-validator/1.6/commons-validator-1.6.jar:/home/runner/.m2/repository/commons-beanutils/commons-beanutils/1.9.4/commons-beanutils-1.9.4.jar:/home/runner/.m2/repository/commons-digester/commons-digester/1.8.1/commons-digester-1.8.1.jar:/home/runner/.m2/repository/commons-collections/commons-collections/3.2.2/commons-collections-3.2.2.jar:/home/runner/.m2/repository/io/jaegertracing/jaeger-client/1.6.0/jaeger-client-1.6.0.jar:/home/runner/.m2/repository/io/jaegertracing/jaeger-thrift/1.6.0/jaeger-thrift-1.6.0.jar:/home/runner/.m2/repository/org/apache/thrift/libthrift/0.14.1/libthrift-0.14.1.jar:/home/runner/.m2/repository/com/squareup/okhttp3/okhttp/4.9.0/okhttp-4.9.0.jar:/home/runner/.m2/repository/com/squareup/okio/okio/2.8.0/okio-2.8.0.jar:/home/runner/.m2/repository/io/jaegertracing/jaeger-core/1.6.0/jaeger-core-1.6.0.jar:/home/runner/.m2/repository/io/jaegertracing/jaeger-tracerresolver/1.6.0/jaeger-tracerresolver-1.6.0.jar:/home/runner/.m2/repository/io/opentracing/contrib/opentracing-tracerresolver/0.1.8/opentracing-tracerresolver-0.1.8.jar:/home/runner/.m2/repository/org/jetbrains/kotlin/kotlin-stdlib/1.4.31/kotlin-stdlib-1.4.31.jar:/home/runner/.m2/repository/org/jetbrains/kotlin/kotlin-stdlib-common/1.4.31/kotlin-stdlib-common-1.4.31.jar:/home/runner/.m2/repository/org/jetbrains/annotations/13.0/annotations-13.0.jar:/home/runner/.m2/repository/io/opentracing/opentracing-util/0.33.0/opentracing-util-0.33.0.jar:/home/runner/.m2/repository/io/opentracing/opentracing-api/0.33.0/opentracing-api-0.33.0.jar:/home/runner/.m2/repository/io/opentracing/opentracing-noop/0.33.0/opentracing-noop-0.33.0.jar:/home/runner/.m2/repository/org/yaml/snakeyaml/1.26/snakeyaml-1.26.jar:/home/runner/.m2/repository/org/apache/ozone/hdds-interface-admin/1.3.0-SNAPSHOT/hdds-interface-admin-1.3.0-SNAPSHOT.jar:/home/runner/.m2/repository/junit/junit/4.13.1/junit-4.13.1.jar:/home/runner/.m2/repository/org/hamcrest/hamcrest-core/1.3/hamcrest-core-1.3.jar:/home/runner/.m2/repository/org/junit/jupiter/junit-jupiter-api/5.7.0/junit-jupiter-api-5.7.0.jar:/home/runner/.m2/repository/org/apiguardian/apiguardian-api/1.1.0/apiguardian-api-1.1.0.jar:/home/runner/.m2/repository/org/opentest4j/opentest4j/1.2.0/opentest4j-1.2.0.jar:/home/runner/.m2/repository/org/junit/platform/junit-platform-commons/1.7.0/junit-platform-commons-1.7.0.jar:/home/runner/.m2/repository/org/junit/jupiter/junit-jupiter-engine/5.7.0/junit-jupiter-engine-5.7.0.jar:/home/runner/.m2/repository/org/junit/platform/junit-platform-engine/1.7.0/junit-platform-engine-1.7.0.jar:/home/runner/.m2/repository/org/junit/vintage/junit-vintage-engine/5.7.0/junit-vintage-engine-5.7.0.jar:/home/runner/.m2/repository/org/junit/platform/junit-platform-launcher/1.7.0/junit-platform-launcher-1.7.0.jar:/home/runner/.m2/repository/org/mockito/mockito-core/2.28.2/mockito-core-2.28.2.jar:/home/runner/.m2/repository/net/bytebuddy/byte-buddy/1.9.10/byte-buddy-1.9.10.jar:/home/runner/.m2/repository/net/bytebuddy/byte-buddy-agent/1.9.10/byte-buddy-agent-1.9.10.jar:/home/runner/.m2/repository/org/objenesis/objenesis/1.0/objenesis-1.0.jar:/home/runner/.m2/repository/org/apache/hadoop/hadoop-kms/3.3.1/hadoop-kms-3.3.1.jar:/home/runner/.m2/repository/org/apache/hadoop/hadoop-auth/3.3.1/hadoop-auth-3.3.1.jar:/home/runner/.m2/repository/com/nimbusds/nimbus-jose-jwt/7.9/nimbus-jose-jwt-7.9.jar:/home/runner/.m2/repository/com/github/stephenc/jcip/jcip-annotations/1.0-1/jcip-annotations-1.0-1.jar:/home/runner/.m2/repository/net/minidev/json-smart/2.4.7/json-smart-2.4.7.jar:/home/runner/.m2/repository/net/minidev/accessors-smart/2.4.7/accessors-smart-2.4.7.jar:/home/runner/.m2/repository/org/ow2/asm/asm/5.0.4/asm-5.0.4.jar:/home/runner/.m2/repository/org/apache/zookeeper/zookeeper/3.5.6/zookeeper-3.5.6.jar:/home/runner/.m2/repository/org/apache/zookeeper/zookeeper-jute/3.5.6/zookeeper-jute-3.5.6.jar:/home/runner/.m2/repository/org/apache/yetus/audience-annotations/0.5.0/audience-annotations-0.5.0.jar:/home/runner/.m2/repository/org/apache/curator/curator-framework/4.2.0/curator-framework-4.2.0.jar:/home/runner/.m2/repository/org/apache/hadoop/thirdparty/hadoop-shaded-guava/1.1.1/hadoop-shaded-guava-1.1.1.jar:/home/runner/.m2/repository/com/sun/jersey/jersey-core/1.19/jersey-core-1.19.jar:/home/runner/.m2/repository/javax/ws/rs/jsr311-api/1.1.1/jsr311-api-1.1.1.jar:/home/runner/.m2/repository/com/sun/jersey/jersey-server/1.19/jersey-server-1.19.jar:/home/runner/.m2/repository/javax/servlet/javax.servlet-api/3.1.0/javax.servlet-api-3.1.0.jar:/home/runner/.m2/repository/org/eclipse/jetty/jetty-server/9.4.43.v20210629/jetty-server-9.4.43.v20210629.jar:/home/runner/.m2/repository/org/eclipse/jetty/jetty-http/9.4.43.v20210629/jetty-http-9.4.43.v20210629.jar:/home/runner/.m2/repository/org/eclipse/jetty/jetty-io/9.4.43.v20210629/jetty-io-9.4.43.v20210629.jar:/home/runner/.m2/repository/org/eclipse/jetty/jetty-webapp/9.4.43.v20210629/jetty-webapp-9.4.43.v20210629.jar:/home/runner/.m2/repository/org/eclipse/jetty/jetty-xml/9.4.43.v20210629/jetty-xml-9.4.43.v20210629.jar:/home/runner/.m2/repository/org/apache/hadoop/hadoop-common/3.3.1/hadoop-common-3.3.1.jar:/home/runner/.m2/repository/org/apache/commons/commons-math3/3.1.1/commons-math3-3.1.1.jar:/home/runner/.m2/repository/commons-net/commons-net/3.6/commons-net-3.6.jar:/home/runner/.m2/repository/jakarta/activation/jakarta.activation-api/1.2.1/jakarta.activation-api-1.2.1.jar:/home/runner/.m2/repository/com/sun/jersey/jersey-servlet/1.19/jersey-servlet-1.19.jar:/home/runner/.m2/repository/com/sun/jersey/jersey-json/1.19/jersey-json-1.19.jar:/home/runner/.m2/repository/org/codehaus/jettison/jettison/1.1/jettison-1.1.jar:/home/runner/.m2/repository/com/sun/xml/bind/jaxb-impl/2.2.3-1/jaxb-impl-2.2.3-1.jar:/home/runner/.m2/repository/org/codehaus/jackson/jackson-jaxrs/1.9.2/jackson-jaxrs-1.9.2.jar:/home/runner/.m2/repository/org/codehaus/jackson/jackson-xc/1.9.2/jackson-xc-1.9.2.jar:/home/runner/.m2/repository/org/apache/commons/commons-configuration2/2.1.1/commons-configuration2-2.1.1.jar:/home/runner/.m2/repository/org/apache/commons/commons-text/1.4/commons-text-1.4.jar:/home/runner/.m2/repository/com/google/re2j/re2j/1.1/re2j-1.1.jar:/home/runner/.m2/repository/com/jcraft/jsch/0.1.54/jsch-0.1.54.jar:/home/runner/.m2/repository/org/apache/curator/curator-client/4.2.0/curator-client-4.2.0.jar:/home/runner/.m2/repository/org/apache/curator/curator-recipes/4.2.0/curator-recipes-4.2.0.jar:/home/runner/.m2/repository/org/apache/kerby/kerb-core/1.0.1/kerb-core-1.0.1.jar:/home/runner/.m2/repository/org/apache/kerby/kerby-pkix/1.0.1/kerby-pkix-1.0.1.jar:/home/runner/.m2/repository/org/apache/kerby/kerby-asn1/1.0.1/kerby-asn1-1.0.1.jar:/home/runner/.m2/repository/org/apache/kerby/kerby-util/1.0.1/kerby-util-1.0.1.jar:/home/runner/.m2/repository/dnsjava/dnsjava/2.1.7/dnsjava-2.1.7.jar:/home/runner/.m2/repository/org/xerial/snappy/snappy-java/1.1.8.2/snappy-java-1.1.8.2.jar:/home/runner/.m2/repository/org/slf4j/jul-to-slf4j/1.7.30/jul-to-slf4j-1.7.30.jar:/home/runner/.m2/repository/org/eclipse/jetty/jetty-util/9.4.43.v20210629/jetty-util-9.4.43.v20210629.jar:/home/runner/.m2/repository/com/fasterxml/jackson/core/jackson-databind/2.12.1/jackson-databind-2.12.1.jar:/home/runner/.m2/repository/org/apache/hadoop/hadoop-kms/3.3.1/hadoop-kms-3.3.1-tests.jar:/home/runner/.m2/repository/org/apache/ozone/hdds-server-scm/1.3.0-SNAPSHOT/hdds-server-scm-1.3.0-SNAPSHOT-tests.jar:/home/runner/.m2/repository/org/apache/ozone/hdds-container-service/1.3.0-SNAPSHOT/hdds-container-service-1.3.0-SNAPSHOT-tests.jar:/home/runner/.m2/repository/commons-codec/commons-codec/1.11/commons-codec-1.11.jar:/home/runner/.m2/repository/io/netty/netty-transport/4.1.63.Final/netty-transport-4.1.63.Final.jar:/home/runner/.m2/repository/io/netty/netty-resolver/4.1.63.Final/netty-resolver-4.1.63.Final.jar:/home/runner/.m2/repository/io/netty/netty-codec/4.1.63.Final/netty-codec-4.1.63.Final.jar:/home/runner/.m2/repository/io/netty/netty-handler/4.1.63.Final/netty-handler-4.1.63.Final.jar:/home/runner/.m2/repository/org/apache/ozone/hdds-hadoop-dependency-test/1.3.0-SNAPSHOT/hdds-hadoop-dependency-test-1.3.0-SNAPSHOT.jar:/home/runner/.m2/repository/org/apache/hadoop/hadoop-common/3.3.1/hadoop-common-3.3.1-tests.jar:/home/runner/.m2/repository/org/assertj/assertj-core/3.12.2/assertj-core-3.12.2.jar:/home/runner/.m2/repository/org/apache/hadoop/hadoop-hdfs/3.3.1/hadoop-hdfs-3.3.1-tests.jar:/home/runner/.m2/repository/org/eclipse/jetty/jetty-util-ajax/9.4.43.v20210629/jetty-util-ajax-9.4.43.v20210629.jar:/home/runner/.m2/repository/commons-daemon/commons-daemon/1.0.13/commons-daemon-1.0.13.jar:/home/runner/.m2/repository/io/netty/netty/3.10.6.Final/netty-3.10.6.Final.jar:/home/runner/.m2/repository/io/netty/netty-all/4.1.63.Final/netty-all-4.1.63.Final.jar:/home/runner/.m2/repository/org/apache/htrace/htrace-core4/4.1.0-incubating/htrace-core4-4.1.0-incubating.jar:/home/runner/.m2/repository/org/fusesource/leveldbjni/leveldbjni-all/1.8/leveldbjni-all-1.8.jar:/home/runner/.m2/repository/org/apache/hadoop/hadoop-distcp/3.3.1/hadoop-distcp-3.3.1.jar:/home/runner/.m2/repository/org/apache/hadoop/hadoop-mapreduce-client-jobclient/3.3.1/hadoop-mapreduce-client-jobclient-3.3.1.jar:/home/runner/.m2/repository/org/apache/hadoop/hadoop-mapreduce-client-common/3.3.1/hadoop-mapreduce-client-common-3.3.1.jar:/home/runner/.m2/repository/org/apache/hadoop/hadoop-yarn-common/3.3.1/hadoop-yarn-common-3.3.1.jar:/home/runner/.m2/repository/org/apache/hadoop/hadoop-yarn-api/3.3.1/hadoop-yarn-api-3.3.1.jar:/home/runner/.m2/repository/com/sun/jersey/jersey-client/1.19/jersey-client-1.19.jar:/home/runner/.m2/repository/com/sun/jersey/contribs/jersey-guice/1.19/jersey-guice-1.19.jar:/home/runner/.m2/repository/com/fasterxml/jackson/jaxrs/jackson-jaxrs-json-provider/2.12.1/jackson-jaxrs-json-provider-2.12.1.jar:/home/runner/.m2/repository/com/fasterxml/jackson/jaxrs/jackson-jaxrs-base/2.12.1/jackson-jaxrs-base-2.12.1.jar:/home/runner/.m2/repository/org/apache/hadoop/hadoop-yarn-client/3.3.1/hadoop-yarn-client-3.3.1.jar:/home/runner/.m2/repository/org/eclipse/jetty/websocket/websocket-client/9.4.40.v20210413/websocket-client-9.4.40.v20210413.jar:/home/runner/.m2/repository/org/eclipse/jetty/jetty-client/9.4.40.v20210413/jetty-client-9.4.40.v20210413.jar:/home/runner/.m2/repository/org/eclipse/jetty/websocket/websocket-common/9.4.40.v20210413/websocket-common-9.4.40.v20210413.jar:/home/runner/.m2/repository/org/eclipse/jetty/websocket/websocket-api/9.4.40.v20210413/websocket-api-9.4.40.v20210413.jar:/home/runner/.m2/repository/org/jline/jline/3.9.0/jline-3.9.0.jar:/home/runner/.m2/repository/org/apache/hadoop/hadoop-mapreduce-client-core/3.3.1/hadoop-mapreduce-client-core-3.3.1.jar:/home/runner/.m2/repository/org/apache/avro/avro/1.7.7/avro-1.7.7.jar:/home/runner/.m2/repository/org/codehaus/jackson/jackson-core-asl/1.9.13/jackson-core-asl-1.9.13.jar:/home/runner/.m2/repository/org/codehaus/jackson/jackson-mapper-asl/1.9.13/jackson-mapper-asl-1.9.13.jar:/home/runner/.m2/repository/com/thoughtworks/paranamer/paranamer/2.3/paranamer-2.3.jar:/home/runner/.m2/repository/org/apache/hadoop/hadoop-annotations/3.3.1/hadoop-annotations-3.3.1.jar:/usr/lib/jvm/temurin-8-jdk-amd64/jre/../lib/tools.jar:/home/runner/.m2/repository/org/apache/hadoop/hadoop-distcp/3.3.1/hadoop-distcp-3.3.1-tests.jar:/home/runner/.m2/repository/org/apache/ratis/ratis-common/2.2.0/ratis-common-2.2.0.jar:/home/runner/.m2/repository/org/apache/ratis/ratis-thirdparty-misc/0.7.0/ratis-thirdparty-misc-0.7.0.jar:/home/runner/.m2/repository/org/apache/ratis/ratis-proto/2.2.0/ratis-proto-2.2.0.jar:"/>
    <property name="java.vm.vendor" value="Temurin"/>
    <property name="sun.arch.data.model" value="64"/>
    <property name="test.build.dir" value="/home/runner/work/ozone/ozone/hadoop-ozone/integration-test/target/test-dir"/>
    <property name="test.cache.data" value=""/>
    <property name="java.vendor.url" value="https://adoptium.net/"/>
    <property name="user.timezone" value=""/>
    <property name="java.vm.specification.version" value="1.8"/>
    <property name="os.name" value="Linux"/>
    <property name="test.build.data" value="/home/runner/work/ozone/ozone/hadoop-ozone/integration-test/target/test-dir"/>
    <property name="sun.java.launcher" value="SUN_STANDARD"/>
    <property name="sun.boot.library.path" value="/usr/lib/jvm/temurin-8-jdk-amd64/jre/lib/amd64"/>
    <property name="sun.java.command" value="/home/runner/work/ozone/ozone/hadoop-ozone/integration-test/target/surefire/surefirebooter8023613434108625682.jar /home/runner/work/ozone/ozone/hadoop-ozone/integration-test/target/surefire 2022-03-02T17-54-42_191-jvmRun1 surefire555935380721331942tmp surefire_668510273973711225354tmp"/>
    <property name="surefire.test.class.path" value="/home/runner/work/ozone/ozone/hadoop-ozone/integration-test/target/test-classes:/home/runner/work/ozone/ozone/hadoop-ozone/integration-test/target/classes:/home/runner/.m2/repository/org/apache/ozone/ozone-common/1.3.0-SNAPSHOT/ozone-common-1.3.0-SNAPSHOT.jar:/home/runner/.m2/repository/org/apache/commons/commons-compress/1.21/commons-compress-1.21.jar:/home/runner/.m2/repository/org/apache/ozone/hdds-common/1.3.0-SNAPSHOT/hdds-common-1.3.0-SNAPSHOT.jar:/home/runner/.m2/repository/org/apache/ozone/hdds-client/1.3.0-SNAPSHOT/hdds-client-1.3.0-SNAPSHOT.jar:/home/runner/.m2/repository/org/apache/ozone/ozone-interface-client/1.3.0-SNAPSHOT/ozone-interface-client-1.3.0-SNAPSHOT.jar:/home/runner/.m2/repository/org/apache/ozone/hdds-test-utils/1.3.0-SNAPSHOT/hdds-test-utils-1.3.0-SNAPSHOT.jar:/home/runner/.m2/repository/com/google/guava/guava/30.1.1-jre/guava-30.1.1-jre.jar:/home/runner/.m2/repository/com/google/guava/failureaccess/1.0.1/failureaccess-1.0.1.jar:/home/runner/.m2/repository/com/google/guava/listenablefuture/9999.0-empty-to-avoid-conflict-with-guava/listenablefuture-9999.0-empty-to-avoid-conflict-with-guava.jar:/home/runner/.m2/repository/com/google/code/findbugs/jsr305/3.0.0/jsr305-3.0.0.jar:/home/runner/.m2/repository/org/checkerframework/checker-qual/3.8.0/checker-qual-3.8.0.jar:/home/runner/.m2/repository/com/google/errorprone/error_prone_annotations/2.2.0/error_prone_annotations-2.2.0.jar:/home/runner/.m2/repository/com/google/j2objc/j2objc-annotations/1.3/j2objc-annotations-1.3.jar:/home/runner/.m2/repository/commons-io/commons-io/2.11.0/commons-io-2.11.0.jar:/home/runner/.m2/repository/commons-logging/commons-logging/1.2/commons-logging-1.2.jar:/home/runner/.m2/repository/log4j/log4j/1.2.17/log4j-1.2.17.jar:/home/runner/.m2/repository/org/slf4j/slf4j-api/1.7.30/slf4j-api-1.7.30.jar:/home/runner/.m2/repository/org/apache/ozone/hdds-server-scm/1.3.0-SNAPSHOT/hdds-server-scm-1.3.0-SNAPSHOT.jar:/home/runner/.m2/repository/org/apache/ozone/hdds-container-service/1.3.0-SNAPSHOT/hdds-container-service-1.3.0-SNAPSHOT.jar:/home/runner/.m2/repository/org/apache/ozone/hdds-hadoop-dependency-server/1.3.0-SNAPSHOT/hdds-hadoop-dependency-server-1.3.0-SNAPSHOT.jar:/home/runner/.m2/repository/org/apache/hadoop/hadoop-hdfs/3.3.1/hadoop-hdfs-3.3.1.jar:/home/runner/.m2/repository/org/apache/ozone/hdds-server-framework/1.3.0-SNAPSHOT/hdds-server-framework-1.3.0-SNAPSHOT.jar:/home/runner/.m2/repository/org/apache/ozone/hdds-interface-server/1.3.0-SNAPSHOT/hdds-interface-server-1.3.0-SNAPSHOT.jar:/home/runner/.m2/repository/org/eclipse/jetty/jetty-servlet/9.4.43.v20210629/jetty-servlet-9.4.43.v20210629.jar:/home/runner/.m2/repository/org/eclipse/jetty/jetty-security/9.4.43.v20210629/jetty-security-9.4.43.v20210629.jar:/home/runner/.m2/repository/org/rocksdb/rocksdbjni/6.25.3/rocksdbjni-6.25.3.jar:/home/runner/.m2/repository/io/prometheus/simpleclient_dropwizard/0.7.0/simpleclient_dropwizard-0.7.0.jar:/home/runner/.m2/repository/io/prometheus/simpleclient/0.7.0/simpleclient-0.7.0.jar:/home/runner/.m2/repository/io/prometheus/simpleclient_common/0.7.0/simpleclient_common-0.7.0.jar:/home/runner/.m2/repository/com/fasterxml/jackson/datatype/jackson-datatype-jsr310/2.12.1/jackson-datatype-jsr310-2.12.1.jar:/home/runner/.m2/repository/io/dropwizard/metrics/metrics-core/3.2.4/metrics-core-3.2.4.jar:/home/runner/.m2/repository/org/apache/hadoop/hadoop-hdfs-client/3.3.1/hadoop-hdfs-client-3.3.1.jar:/home/runner/.m2/repository/org/bouncycastle/bcprov-jdk15on/1.67/bcprov-jdk15on-1.67.jar:/home/runner/.m2/repository/com/google/protobuf/protobuf-java/2.5.0/protobuf-java-2.5.0.jar:/home/runner/.m2/repository/org/apache/ozone/ozone-manager/1.3.0-SNAPSHOT/ozone-manager-1.3.0-SNAPSHOT.jar:/home/runner/.m2/repository/org/aspectj/aspectjrt/1.9.7/aspectjrt-1.9.7.jar:/home/runner/.m2/repository/org/aspectj/aspectjweaver/1.9.7/aspectjweaver-1.9.7.jar:/home/runner/.m2/repository/org/apache/ozone/hdds-interface-client/1.3.0-SNAPSHOT/hdds-interface-client-1.3.0-SNAPSHOT.jar:/home/runner/.m2/repository/org/apache/hadoop/thirdparty/hadoop-shaded-protobuf_3_7/1.1.1/hadoop-shaded-protobuf_3_7-1.1.1.jar:/home/runner/.m2/repository/org/apache/ozone/ozone-interface-storage/1.3.0-SNAPSHOT/ozone-interface-storage-1.3.0-SNAPSHOT.jar:/home/runner/.m2/repository/org/reflections/reflections/0.9.11/reflections-0.9.11.jar:/home/runner/.m2/repository/org/apache/hadoop/hadoop-minikdc/3.3.1/hadoop-minikdc-3.3.1.jar:/home/runner/.m2/repository/org/apache/kerby/kerb-simplekdc/1.0.1/kerb-simplekdc-1.0.1.jar:/home/runner/.m2/repository/org/apache/kerby/kerb-client/1.0.1/kerb-client-1.0.1.jar:/home/runner/.m2/repository/org/apache/kerby/kerby-config/1.0.1/kerby-config-1.0.1.jar:/home/runner/.m2/repository/org/apache/kerby/kerb-common/1.0.1/kerb-common-1.0.1.jar:/home/runner/.m2/repository/org/apache/kerby/kerb-crypto/1.0.1/kerb-crypto-1.0.1.jar:/home/runner/.m2/repository/org/apache/kerby/kerb-util/1.0.1/kerb-util-1.0.1.jar:/home/runner/.m2/repository/org/apache/kerby/token-provider/1.0.1/token-provider-1.0.1.jar:/home/runner/.m2/repository/org/apache/kerby/kerb-admin/1.0.1/kerb-admin-1.0.1.jar:/home/runner/.m2/repository/org/apache/kerby/kerb-server/1.0.1/kerb-server-1.0.1.jar:/home/runner/.m2/repository/org/apache/kerby/kerb-identity/1.0.1/kerb-identity-1.0.1.jar:/home/runner/.m2/repository/org/apache/kerby/kerby-xdr/1.0.1/kerby-xdr-1.0.1.jar:/home/runner/.m2/repository/org/slf4j/slf4j-log4j12/1.7.30/slf4j-log4j12-1.7.30.jar:/home/runner/.m2/repository/org/apache/ozone/ozone-s3gateway/1.3.0-SNAPSHOT/ozone-s3gateway-1.3.0-SNAPSHOT.jar:/home/runner/.m2/repository/org/javassist/javassist/3.21.0-GA/javassist-3.21.0-GA.jar:/home/runner/.m2/repository/org/jboss/weld/servlet/weld-servlet/2.4.7.Final/weld-servlet-2.4.7.Final.jar:/home/runner/.m2/repository/org/glassfish/jersey/containers/jersey-container-servlet-core/2.33/jersey-container-servlet-core-2.33.jar:/home/runner/.m2/repository/org/glassfish/hk2/external/jakarta.inject/2.6.1/jakarta.inject-2.6.1.jar:/home/runner/.m2/repository/org/glassfish/jersey/core/jersey-common/2.33/jersey-common-2.33.jar:/home/runner/.m2/repository/jakarta/ws/rs/jakarta.ws.rs-api/2.1.6/jakarta.ws.rs-api-2.1.6.jar:/home/runner/.m2/repository/org/glassfish/jersey/ext/cdi/jersey-cdi1x/2.33/jersey-cdi1x-2.33.jar:/home/runner/.m2/repository/org/glassfish/jersey/inject/jersey-hk2/2.33/jersey-hk2-2.33.jar:/home/runner/.m2/repository/org/glassfish/hk2/hk2-locator/2.6.1/hk2-locator-2.6.1.jar:/home/runner/.m2/repository/org/glassfish/jersey/media/jersey-media-jaxb/2.33/jersey-media-jaxb-2.33.jar:/home/runner/.m2/repository/org/glassfish/hk2/osgi-resource-locator/1.0.3/osgi-resource-locator-1.0.3.jar:/home/runner/.m2/repository/org/glassfish/hk2/hk2-api/2.5.0/hk2-api-2.5.0.jar:/home/runner/.m2/repository/org/glassfish/hk2/hk2-utils/2.5.0/hk2-utils-2.5.0.jar:/home/runner/.m2/repository/org/glassfish/hk2/external/aopalliance-repackaged/2.5.0/aopalliance-repackaged-2.5.0.jar:/home/runner/.m2/repository/com/fasterxml/jackson/dataformat/jackson-dataformat-xml/2.12.1/jackson-dataformat-xml-2.12.1.jar:/home/runner/.m2/repository/com/fasterxml/jackson/core/jackson-core/2.12.1/jackson-core-2.12.1.jar:/home/runner/.m2/repository/com/fasterxml/jackson/module/jackson-module-jaxb-annotations/2.12.1/jackson-module-jaxb-annotations-2.12.1.jar:/home/runner/.m2/repository/jakarta/xml/bind/jakarta.xml.bind-api/2.3.2/jakarta.xml.bind-api-2.3.2.jar:/home/runner/.m2/repository/org/codehaus/woodstox/stax2-api/3.1.4/stax2-api-3.1.4.jar:/home/runner/.m2/repository/com/fasterxml/woodstox/woodstox-core/5.0.3/woodstox-core-5.0.3.jar:/home/runner/.m2/repository/javax/enterprise/cdi-api/1.2/cdi-api-1.2.jar:/home/runner/.m2/repository/javax/el/javax.el-api/3.0.0/javax.el-api-3.0.0.jar:/home/runner/.m2/repository/javax/interceptor/javax.interceptor-api/1.2/javax.interceptor-api-1.2.jar:/home/runner/.m2/repository/javax/inject/javax.inject/1/javax.inject-1.jar:/home/runner/.m2/repository/javax/xml/bind/jaxb-api/2.3.0/jaxb-api-2.3.0.jar:/home/runner/.m2/repository/org/glassfish/jaxb/jaxb-runtime/2.3.0.1/jaxb-runtime-2.3.0.1.jar:/home/runner/.m2/repository/org/glassfish/jaxb/jaxb-core/2.3.0.1/jaxb-core-2.3.0.1.jar:/home/runner/.m2/repository/org/glassfish/jaxb/txw2/2.3.0.1/txw2-2.3.0.1.jar:/home/runner/.m2/repository/com/sun/istack/istack-commons-runtime/3.0.5/istack-commons-runtime-3.0.5.jar:/home/runner/.m2/repository/org/jvnet/staxex/stax-ex/1.7.8/stax-ex-1.7.8.jar:/home/runner/.m2/repository/com/sun/xml/fastinfoset/FastInfoset/1.2.13/FastInfoset-1.2.13.jar:/home/runner/.m2/repository/javax/activation/activation/1.1.1/activation-1.1.1.jar:/home/runner/.m2/repository/org/apache/ozone/ozone-csi/1.3.0-SNAPSHOT/ozone-csi-1.3.0-SNAPSHOT.jar:/home/runner/.m2/repository/com/google/protobuf/protobuf-java-util/3.12.0/protobuf-java-util-3.12.0.jar:/home/runner/.m2/repository/com/google/code/gson/gson/2.2.4/gson-2.2.4.jar:/home/runner/.m2/repository/org/apache/ozone/hdds-config/1.3.0-SNAPSHOT/hdds-config-1.3.0-SNAPSHOT.jar:/home/runner/.m2/repository/io/grpc/grpc-netty/1.33.0/grpc-netty-1.33.0.jar:/home/runner/.m2/repository/io/grpc/grpc-core/1.33.0/grpc-core-1.33.0.jar:/home/runner/.m2/repository/com/google/android/annotations/4.1.1.4/annotations-4.1.1.4.jar:/home/runner/.m2/repository/io/netty/netty-codec-http2/4.1.63.Final/netty-codec-http2-4.1.63.Final.jar:/home/runner/.m2/repository/io/netty/netty-codec-http/4.1.63.Final/netty-codec-http-4.1.63.Final.jar:/home/runner/.m2/repository/io/netty/netty-handler-proxy/4.1.63.Final/netty-handler-proxy-4.1.63.Final.jar:/home/runner/.m2/repository/io/netty/netty-codec-socks/4.1.63.Final/netty-codec-socks-4.1.63.Final.jar:/home/runner/.m2/repository/io/perfmark/perfmark-api/0.19.0/perfmark-api-0.19.0.jar:/home/runner/.m2/repository/org/codehaus/mojo/animal-sniffer-annotations/1.18/animal-sniffer-annotations-1.18.jar:/home/runner/.m2/repository/io/netty/netty-transport-native-epoll/4.1.63.Final/netty-transport-native-epoll-4.1.63.Final.jar:/home/runner/.m2/repository/io/netty/netty-common/4.1.63.Final/netty-common-4.1.63.Final.jar:/home/runner/.m2/repository/io/netty/netty-buffer/4.1.63.Final/netty-buffer-4.1.63.Final.jar:/home/runner/.m2/repository/io/netty/netty-transport-native-unix-common/4.1.63.Final/netty-transport-native-unix-common-4.1.63.Final.jar:/home/runner/.m2/repository/io/grpc/grpc-protobuf/1.33.0/grpc-protobuf-1.33.0.jar:/home/runner/.m2/repository/io/grpc/grpc-api/1.33.0/grpc-api-1.33.0.jar:/home/runner/.m2/repository/io/grpc/grpc-context/1.33.0/grpc-context-1.33.0.jar:/home/runner/.m2/repository/com/google/api/grpc/proto-google-common-protos/1.17.0/proto-google-common-protos-1.17.0.jar:/home/runner/.m2/repository/io/grpc/grpc-protobuf-lite/1.33.0/grpc-protobuf-lite-1.33.0.jar:/home/runner/.m2/repository/io/grpc/grpc-stub/1.33.0/grpc-stub-1.33.0.jar:/home/runner/.m2/repository/org/apache/ozone/ozone-recon/1.3.0-SNAPSHOT/ozone-recon-1.3.0-SNAPSHOT.jar:/home/runner/.m2/repository/org/apache/ozone/ozone-reconcodegen/1.3.0-SNAPSHOT/ozone-reconcodegen-1.3.0-SNAPSHOT.jar:/home/runner/.m2/repository/com/google/inject/extensions/guice-multibindings/4.0/guice-multibindings-4.0.jar:/home/runner/.m2/repository/com/google/inject/guice/4.0/guice-4.0.jar:/home/runner/.m2/repository/aopalliance/aopalliance/1.0/aopalliance-1.0.jar:/home/runner/.m2/repository/com/google/inject/extensions/guice-assistedinject/4.0/guice-assistedinject-4.0.jar:/home/runner/.m2/repository/com/google/inject/extensions/guice-servlet/4.0/guice-servlet-4.0.jar:/home/runner/.m2/repository/org/glassfish/jersey/containers/jersey-container-servlet/2.33/jersey-container-servlet-2.33.jar:/home/runner/.m2/repository/org/glassfish/hk2/guice-bridge/2.5.0/guice-bridge-2.5.0.jar:/home/runner/.m2/repository/org/glassfish/jersey/core/jersey-server/2.33/jersey-server-2.33.jar:/home/runner/.m2/repository/org/glassfish/jersey/core/jersey-client/2.33/jersey-client-2.33.jar:/home/runner/.m2/repository/jakarta/annotation/jakarta.annotation-api/1.3.5/jakarta.annotation-api-1.3.5.jar:/home/runner/.m2/repository/jakarta/validation/jakarta.validation-api/2.0.2/jakarta.validation-api-2.0.2.jar:/home/runner/.m2/repository/org/glassfish/jersey/media/jersey-media-json-jackson/2.33/jersey-media-json-jackson-2.33.jar:/home/runner/.m2/repository/org/glassfish/jersey/ext/jersey-entity-filtering/2.33/jersey-entity-filtering-2.33.jar:/home/runner/.m2/repository/org/jooq/jooq/3.11.10/jooq-3.11.10.jar:/home/runner/.m2/repository/org/jooq/jooq-meta/3.11.10/jooq-meta-3.11.10.jar:/home/runner/.m2/repository/org/jooq/jooq-codegen/3.11.10/jooq-codegen-3.11.10.jar:/home/runner/.m2/repository/com/jolbox/bonecp/0.8.0.RELEASE/bonecp-0.8.0.RELEASE.jar:/home/runner/.m2/repository/org/apache/derby/derby/10.14.2.0/derby-10.14.2.0.jar:/home/runner/.m2/repository/org/xerial/sqlite-jdbc/3.25.2/sqlite-jdbc-3.25.2.jar:/home/runner/.m2/repository/org/springframework/spring-jdbc/5.2.18.RELEASE/spring-jdbc-5.2.18.RELEASE.jar:/home/runner/.m2/repository/org/springframework/spring-beans/5.2.18.RELEASE/spring-beans-5.2.18.RELEASE.jar:/home/runner/.m2/repository/org/springframework/spring-core/5.2.18.RELEASE/spring-core-5.2.18.RELEASE.jar:/home/runner/.m2/repository/org/springframework/spring-jcl/5.2.18.RELEASE/spring-jcl-5.2.18.RELEASE.jar:/home/runner/.m2/repository/org/springframework/spring-tx/5.2.18.RELEASE/spring-tx-5.2.18.RELEASE.jar:/home/runner/.m2/repository/org/apache/ozone/ozone-client/1.3.0-SNAPSHOT/ozone-client-1.3.0-SNAPSHOT.jar:/home/runner/.m2/repository/org/apache/ozone/ozone-filesystem/1.3.0-SNAPSHOT/ozone-filesystem-1.3.0-SNAPSHOT.jar:/home/runner/.m2/repository/org/apache/ozone/ozone-filesystem-common/1.3.0-SNAPSHOT/ozone-filesystem-common-1.3.0-SNAPSHOT.jar:/home/runner/.m2/repository/org/apache/ozone/ozone-tools/1.3.0-SNAPSHOT/ozone-tools-1.3.0-SNAPSHOT.jar:/home/runner/.m2/repository/org/apache/ratis/ratis-tools/2.2.0/ratis-tools-2.2.0.jar:/home/runner/.m2/repository/com/amazonaws/aws-java-sdk-core/1.12.124/aws-java-sdk-core-1.12.124.jar:/home/runner/.m2/repository/org/apache/httpcomponents/httpclient/4.5.13/httpclient-4.5.13.jar:/home/runner/.m2/repository/org/apache/httpcomponents/httpcore/4.4.13/httpcore-4.4.13.jar:/home/runner/.m2/repository/software/amazon/ion/ion-java/1.0.2/ion-java-1.0.2.jar:/home/runner/.m2/repository/com/fasterxml/jackson/dataformat/jackson-dataformat-cbor/2.12.1/jackson-dataformat-cbor-2.12.1.jar:/home/runner/.m2/repository/joda-time/joda-time/2.8.1/joda-time-2.8.1.jar:/home/runner/.m2/repository/com/amazonaws/aws-java-sdk-s3/1.12.124/aws-java-sdk-s3-1.12.124.jar:/home/runner/.m2/repository/com/amazonaws/aws-java-sdk-kms/1.12.124/aws-java-sdk-kms-1.12.124.jar:/home/runner/.m2/repository/com/amazonaws/jmespath-java/1.12.124/jmespath-java-1.12.124.jar:/home/runner/.m2/repository/org/kohsuke/metainf-services/metainf-services/1.8/metainf-services-1.8.jar:/home/runner/.m2/repository/org/apache/ozone/hdds-tools/1.3.0-SNAPSHOT/hdds-tools-1.3.0-SNAPSHOT.jar:/home/runner/.m2/repository/commons-cli/commons-cli/1.2/commons-cli-1.2.jar:/home/runner/.m2/repository/org/apache/commons/commons-lang3/3.7/commons-lang3-3.7.jar:/home/runner/.m2/repository/org/apache/ozone/ozone-manager/1.3.0-SNAPSHOT/ozone-manager-1.3.0-SNAPSHOT-tests.jar:/home/runner/.m2/repository/org/apache/ozone/hdds-common/1.3.0-SNAPSHOT/hdds-common-1.3.0-SNAPSHOT-tests.jar:/home/runner/.m2/repository/org/apache/ozone/hdds-hadoop-dependency-client/1.3.0-SNAPSHOT/hdds-hadoop-dependency-client-1.3.0-SNAPSHOT.jar:/home/runner/.m2/repository/info/picocli/picocli/4.6.1/picocli-4.6.1.jar:/home/runner/.m2/repository/com/fasterxml/jackson/core/jackson-annotations/2.12.1/jackson-annotations-2.12.1.jar:/home/runner/.m2/repository/javax/annotation/javax.annotation-api/1.2/javax.annotation-api-1.2.jar:/home/runner/.m2/repository/org/apache/ratis/ratis-server/2.2.0/ratis-server-2.2.0.jar:/home/runner/.m2/repository/org/apache/ratis/ratis-client/2.2.0/ratis-client-2.2.0.jar:/home/runner/.m2/repository/org/apache/ratis/ratis-server-api/2.2.0/ratis-server-api-2.2.0.jar:/home/runner/.m2/repository/org/apache/ratis/ratis-metrics/2.2.0/ratis-metrics-2.2.0.jar:/home/runner/.m2/repository/org/apache/ratis/ratis-netty/2.2.0/ratis-netty-2.2.0.jar:/home/runner/.m2/repository/org/apache/ratis/ratis-grpc/2.2.0/ratis-grpc-2.2.0.jar:/home/runner/.m2/repository/org/apache/logging/log4j/log4j-api/2.17.1/log4j-api-2.17.1.jar:/home/runner/.m2/repository/org/apache/logging/log4j/log4j-core/2.17.1/log4j-core-2.17.1.jar:/home/runner/.m2/repository/com/lmax/disruptor/3.4.2/disruptor-3.4.2.jar:/home/runner/.m2/repository/org/apache/commons/commons-pool2/2.6.0/commons-pool2-2.6.0.jar:/home/runner/.m2/repository/org/bouncycastle/bcpkix-jdk15on/1.67/bcpkix-jdk15on-1.67.jar:/home/runner/.m2/repository/commons-validator/commons-validator/1.6/commons-validator-1.6.jar:/home/runner/.m2/repository/commons-beanutils/commons-beanutils/1.9.4/commons-beanutils-1.9.4.jar:/home/runner/.m2/repository/commons-digester/commons-digester/1.8.1/commons-digester-1.8.1.jar:/home/runner/.m2/repository/commons-collections/commons-collections/3.2.2/commons-collections-3.2.2.jar:/home/runner/.m2/repository/io/jaegertracing/jaeger-client/1.6.0/jaeger-client-1.6.0.jar:/home/runner/.m2/repository/io/jaegertracing/jaeger-thrift/1.6.0/jaeger-thrift-1.6.0.jar:/home/runner/.m2/repository/org/apache/thrift/libthrift/0.14.1/libthrift-0.14.1.jar:/home/runner/.m2/repository/com/squareup/okhttp3/okhttp/4.9.0/okhttp-4.9.0.jar:/home/runner/.m2/repository/com/squareup/okio/okio/2.8.0/okio-2.8.0.jar:/home/runner/.m2/repository/io/jaegertracing/jaeger-core/1.6.0/jaeger-core-1.6.0.jar:/home/runner/.m2/repository/io/jaegertracing/jaeger-tracerresolver/1.6.0/jaeger-tracerresolver-1.6.0.jar:/home/runner/.m2/repository/io/opentracing/contrib/opentracing-tracerresolver/0.1.8/opentracing-tracerresolver-0.1.8.jar:/home/runner/.m2/repository/org/jetbrains/kotlin/kotlin-stdlib/1.4.31/kotlin-stdlib-1.4.31.jar:/home/runner/.m2/repository/org/jetbrains/kotlin/kotlin-stdlib-common/1.4.31/kotlin-stdlib-common-1.4.31.jar:/home/runner/.m2/repository/org/jetbrains/annotations/13.0/annotations-13.0.jar:/home/runner/.m2/repository/io/opentracing/opentracing-util/0.33.0/opentracing-util-0.33.0.jar:/home/runner/.m2/repository/io/opentracing/opentracing-api/0.33.0/opentracing-api-0.33.0.jar:/home/runner/.m2/repository/io/opentracing/opentracing-noop/0.33.0/opentracing-noop-0.33.0.jar:/home/runner/.m2/repository/org/yaml/snakeyaml/1.26/snakeyaml-1.26.jar:/home/runner/.m2/repository/org/apache/ozone/hdds-interface-admin/1.3.0-SNAPSHOT/hdds-interface-admin-1.3.0-SNAPSHOT.jar:/home/runner/.m2/repository/junit/junit/4.13.1/junit-4.13.1.jar:/home/runner/.m2/repository/org/hamcrest/hamcrest-core/1.3/hamcrest-core-1.3.jar:/home/runner/.m2/repository/org/junit/jupiter/junit-jupiter-api/5.7.0/junit-jupiter-api-5.7.0.jar:/home/runner/.m2/repository/org/apiguardian/apiguardian-api/1.1.0/apiguardian-api-1.1.0.jar:/home/runner/.m2/repository/org/opentest4j/opentest4j/1.2.0/opentest4j-1.2.0.jar:/home/runner/.m2/repository/org/junit/platform/junit-platform-commons/1.7.0/junit-platform-commons-1.7.0.jar:/home/runner/.m2/repository/org/junit/jupiter/junit-jupiter-engine/5.7.0/junit-jupiter-engine-5.7.0.jar:/home/runner/.m2/repository/org/junit/platform/junit-platform-engine/1.7.0/junit-platform-engine-1.7.0.jar:/home/runner/.m2/repository/org/junit/vintage/junit-vintage-engine/5.7.0/junit-vintage-engine-5.7.0.jar:/home/runner/.m2/repository/org/junit/platform/junit-platform-launcher/1.7.0/junit-platform-launcher-1.7.0.jar:/home/runner/.m2/repository/org/mockito/mockito-core/2.28.2/mockito-core-2.28.2.jar:/home/runner/.m2/repository/net/bytebuddy/byte-buddy/1.9.10/byte-buddy-1.9.10.jar:/home/runner/.m2/repository/net/bytebuddy/byte-buddy-agent/1.9.10/byte-buddy-agent-1.9.10.jar:/home/runner/.m2/repository/org/objenesis/objenesis/1.0/objenesis-1.0.jar:/home/runner/.m2/repository/org/apache/hadoop/hadoop-kms/3.3.1/hadoop-kms-3.3.1.jar:/home/runner/.m2/repository/org/apache/hadoop/hadoop-auth/3.3.1/hadoop-auth-3.3.1.jar:/home/runner/.m2/repository/com/nimbusds/nimbus-jose-jwt/7.9/nimbus-jose-jwt-7.9.jar:/home/runner/.m2/repository/com/github/stephenc/jcip/jcip-annotations/1.0-1/jcip-annotations-1.0-1.jar:/home/runner/.m2/repository/net/minidev/json-smart/2.4.7/json-smart-2.4.7.jar:/home/runner/.m2/repository/net/minidev/accessors-smart/2.4.7/accessors-smart-2.4.7.jar:/home/runner/.m2/repository/org/ow2/asm/asm/5.0.4/asm-5.0.4.jar:/home/runner/.m2/repository/org/apache/zookeeper/zookeeper/3.5.6/zookeeper-3.5.6.jar:/home/runner/.m2/repository/org/apache/zookeeper/zookeeper-jute/3.5.6/zookeeper-jute-3.5.6.jar:/home/runner/.m2/repository/org/apache/yetus/audience-annotations/0.5.0/audience-annotations-0.5.0.jar:/home/runner/.m2/repository/org/apache/curator/curator-framework/4.2.0/curator-framework-4.2.0.jar:/home/runner/.m2/repository/org/apache/hadoop/thirdparty/hadoop-shaded-guava/1.1.1/hadoop-shaded-guava-1.1.1.jar:/home/runner/.m2/repository/com/sun/jersey/jersey-core/1.19/jersey-core-1.19.jar:/home/runner/.m2/repository/javax/ws/rs/jsr311-api/1.1.1/jsr311-api-1.1.1.jar:/home/runner/.m2/repository/com/sun/jersey/jersey-server/1.19/jersey-server-1.19.jar:/home/runner/.m2/repository/javax/servlet/javax.servlet-api/3.1.0/javax.servlet-api-3.1.0.jar:/home/runner/.m2/repository/org/eclipse/jetty/jetty-server/9.4.43.v20210629/jetty-server-9.4.43.v20210629.jar:/home/runner/.m2/repository/org/eclipse/jetty/jetty-http/9.4.43.v20210629/jetty-http-9.4.43.v20210629.jar:/home/runner/.m2/repository/org/eclipse/jetty/jetty-io/9.4.43.v20210629/jetty-io-9.4.43.v20210629.jar:/home/runner/.m2/repository/org/eclipse/jetty/jetty-webapp/9.4.43.v20210629/jetty-webapp-9.4.43.v20210629.jar:/home/runner/.m2/repository/org/eclipse/jetty/jetty-xml/9.4.43.v20210629/jetty-xml-9.4.43.v20210629.jar:/home/runner/.m2/repository/org/apache/hadoop/hadoop-common/3.3.1/hadoop-common-3.3.1.jar:/home/runner/.m2/repository/org/apache/commons/commons-math3/3.1.1/commons-math3-3.1.1.jar:/home/runner/.m2/repository/commons-net/commons-net/3.6/commons-net-3.6.jar:/home/runner/.m2/repository/jakarta/activation/jakarta.activation-api/1.2.1/jakarta.activation-api-1.2.1.jar:/home/runner/.m2/repository/com/sun/jersey/jersey-servlet/1.19/jersey-servlet-1.19.jar:/home/runner/.m2/repository/com/sun/jersey/jersey-json/1.19/jersey-json-1.19.jar:/home/runner/.m2/repository/org/codehaus/jettison/jettison/1.1/jettison-1.1.jar:/home/runner/.m2/repository/com/sun/xml/bind/jaxb-impl/2.2.3-1/jaxb-impl-2.2.3-1.jar:/home/runner/.m2/repository/org/codehaus/jackson/jackson-jaxrs/1.9.2/jackson-jaxrs-1.9.2.jar:/home/runner/.m2/repository/org/codehaus/jackson/jackson-xc/1.9.2/jackson-xc-1.9.2.jar:/home/runner/.m2/repository/org/apache/commons/commons-configuration2/2.1.1/commons-configuration2-2.1.1.jar:/home/runner/.m2/repository/org/apache/commons/commons-text/1.4/commons-text-1.4.jar:/home/runner/.m2/repository/com/google/re2j/re2j/1.1/re2j-1.1.jar:/home/runner/.m2/repository/com/jcraft/jsch/0.1.54/jsch-0.1.54.jar:/home/runner/.m2/repository/org/apache/curator/curator-client/4.2.0/curator-client-4.2.0.jar:/home/runner/.m2/repository/org/apache/curator/curator-recipes/4.2.0/curator-recipes-4.2.0.jar:/home/runner/.m2/repository/org/apache/kerby/kerb-core/1.0.1/kerb-core-1.0.1.jar:/home/runner/.m2/repository/org/apache/kerby/kerby-pkix/1.0.1/kerby-pkix-1.0.1.jar:/home/runner/.m2/repository/org/apache/kerby/kerby-asn1/1.0.1/kerby-asn1-1.0.1.jar:/home/runner/.m2/repository/org/apache/kerby/kerby-util/1.0.1/kerby-util-1.0.1.jar:/home/runner/.m2/repository/dnsjava/dnsjava/2.1.7/dnsjava-2.1.7.jar:/home/runner/.m2/repository/org/xerial/snappy/snappy-java/1.1.8.2/snappy-java-1.1.8.2.jar:/home/runner/.m2/repository/org/slf4j/jul-to-slf4j/1.7.30/jul-to-slf4j-1.7.30.jar:/home/runner/.m2/repository/org/eclipse/jetty/jetty-util/9.4.43.v20210629/jetty-util-9.4.43.v20210629.jar:/home/runner/.m2/repository/com/fasterxml/jackson/core/jackson-databind/2.12.1/jackson-databind-2.12.1.jar:/home/runner/.m2/repository/org/apache/hadoop/hadoop-kms/3.3.1/hadoop-kms-3.3.1-tests.jar:/home/runner/.m2/repository/org/apache/ozone/hdds-server-scm/1.3.0-SNAPSHOT/hdds-server-scm-1.3.0-SNAPSHOT-tests.jar:/home/runner/.m2/repository/org/apache/ozone/hdds-container-service/1.3.0-SNAPSHOT/hdds-container-service-1.3.0-SNAPSHOT-tests.jar:/home/runner/.m2/repository/commons-codec/commons-codec/1.11/commons-codec-1.11.jar:/home/runner/.m2/repository/io/netty/netty-transport/4.1.63.Final/netty-transport-4.1.63.Final.jar:/home/runner/.m2/repository/io/netty/netty-resolver/4.1.63.Final/netty-resolver-4.1.63.Final.jar:/home/runner/.m2/repository/io/netty/netty-codec/4.1.63.Final/netty-codec-4.1.63.Final.jar:/home/runner/.m2/repository/io/netty/netty-handler/4.1.63.Final/netty-handler-4.1.63.Final.jar:/home/runner/.m2/repository/org/apache/ozone/hdds-hadoop-dependency-test/1.3.0-SNAPSHOT/hdds-hadoop-dependency-test-1.3.0-SNAPSHOT.jar:/home/runner/.m2/repository/org/apache/hadoop/hadoop-common/3.3.1/hadoop-common-3.3.1-tests.jar:/home/runner/.m2/repository/org/assertj/assertj-core/3.12.2/assertj-core-3.12.2.jar:/home/runner/.m2/repository/org/apache/hadoop/hadoop-hdfs/3.3.1/hadoop-hdfs-3.3.1-tests.jar:/home/runner/.m2/repository/org/eclipse/jetty/jetty-util-ajax/9.4.43.v20210629/jetty-util-ajax-9.4.43.v20210629.jar:/home/runner/.m2/repository/commons-daemon/commons-daemon/1.0.13/commons-daemon-1.0.13.jar:/home/runner/.m2/repository/io/netty/netty/3.10.6.Final/netty-3.10.6.Final.jar:/home/runner/.m2/repository/io/netty/netty-all/4.1.63.Final/netty-all-4.1.63.Final.jar:/home/runner/.m2/repository/org/apache/htrace/htrace-core4/4.1.0-incubating/htrace-core4-4.1.0-incubating.jar:/home/runner/.m2/repository/org/fusesource/leveldbjni/leveldbjni-all/1.8/leveldbjni-all-1.8.jar:/home/runner/.m2/repository/org/apache/hadoop/hadoop-distcp/3.3.1/hadoop-distcp-3.3.1.jar:/home/runner/.m2/repository/org/apache/hadoop/hadoop-mapreduce-client-jobclient/3.3.1/hadoop-mapreduce-client-jobclient-3.3.1.jar:/home/runner/.m2/repository/org/apache/hadoop/hadoop-mapreduce-client-common/3.3.1/hadoop-mapreduce-client-common-3.3.1.jar:/home/runner/.m2/repository/org/apache/hadoop/hadoop-yarn-common/3.3.1/hadoop-yarn-common-3.3.1.jar:/home/runner/.m2/repository/org/apache/hadoop/hadoop-yarn-api/3.3.1/hadoop-yarn-api-3.3.1.jar:/home/runner/.m2/repository/com/sun/jersey/jersey-client/1.19/jersey-client-1.19.jar:/home/runner/.m2/repository/com/sun/jersey/contribs/jersey-guice/1.19/jersey-guice-1.19.jar:/home/runner/.m2/repository/com/fasterxml/jackson/jaxrs/jackson-jaxrs-json-provider/2.12.1/jackson-jaxrs-json-provider-2.12.1.jar:/home/runner/.m2/repository/com/fasterxml/jackson/jaxrs/jackson-jaxrs-base/2.12.1/jackson-jaxrs-base-2.12.1.jar:/home/runner/.m2/repository/org/apache/hadoop/hadoop-yarn-client/3.3.1/hadoop-yarn-client-3.3.1.jar:/home/runner/.m2/repository/org/eclipse/jetty/websocket/websocket-client/9.4.40.v20210413/websocket-client-9.4.40.v20210413.jar:/home/runner/.m2/repository/org/eclipse/jetty/jetty-client/9.4.40.v20210413/jetty-client-9.4.40.v20210413.jar:/home/runner/.m2/repository/org/eclipse/jetty/websocket/websocket-common/9.4.40.v20210413/websocket-common-9.4.40.v20210413.jar:/home/runner/.m2/repository/org/eclipse/jetty/websocket/websocket-api/9.4.40.v20210413/websocket-api-9.4.40.v20210413.jar:/home/runner/.m2/repository/org/jline/jline/3.9.0/jline-3.9.0.jar:/home/runner/.m2/repository/org/apache/hadoop/hadoop-mapreduce-client-core/3.3.1/hadoop-mapreduce-client-core-3.3.1.jar:/home/runner/.m2/repository/org/apache/avro/avro/1.7.7/avro-1.7.7.jar:/home/runner/.m2/repository/org/codehaus/jackson/jackson-core-asl/1.9.13/jackson-core-asl-1.9.13.jar:/home/runner/.m2/repository/org/codehaus/jackson/jackson-mapper-asl/1.9.13/jackson-mapper-asl-1.9.13.jar:/home/runner/.m2/repository/com/thoughtworks/paranamer/paranamer/2.3/paranamer-2.3.jar:/home/runner/.m2/repository/org/apache/hadoop/hadoop-annotations/3.3.1/hadoop-annotations-3.3.1.jar:/usr/lib/jvm/temurin-8-jdk-amd64/jre/../lib/tools.jar:/home/runner/.m2/repository/org/apache/hadoop/hadoop-distcp/3.3.1/hadoop-distcp-3.3.1-tests.jar:/home/runner/.m2/repository/org/apache/ratis/ratis-common/2.2.0/ratis-common-2.2.0.jar:/home/runner/.m2/repository/org/apache/ratis/ratis-thirdparty-misc/0.7.0/ratis-thirdparty-misc-0.7.0.jar:/home/runner/.m2/repository/org/apache/ratis/ratis-proto/2.2.0/ratis-proto-2.2.0.jar:"/>
    <property name="sun.cpu.endian" value="little"/>
    <property name="user.home" value="/home/runner"/>
    <property name="user.language" value="en"/>
    <property name="java.specification.vendor" value="Oracle Corporation"/>
    <property name="java.home" value="/usr/lib/jvm/temurin-8-jdk-amd64/jre"/>
    <property name="java.security.krb5.conf" value="/home/runner/work/ozone/ozone/hadoop-ozone/integration-test/target/test-classes/krb5.conf"/>
    <property name="basedir" value="/home/runner/work/ozone/ozone/hadoop-ozone/integration-test"/>
    <property name="file.separator" value="/"/>
    <property name="line.separator" value="&#10;"/>
    <property name="java.vm.specification.vendor" value="Oracle Corporation"/>
    <property name="java.specification.name" value="Java Platform API Specification"/>
    <property name="java.awt.graphicsenv" value="sun.awt.X11GraphicsEnvironment"/>
    <property name="skip.installnpx" value="true"/>
    <property name="surefire.real.class.path" value="/home/runner/work/ozone/ozone/hadoop-ozone/integration-test/target/surefire/surefirebooter8023613434108625682.jar:/home/runner/.m2/repository/org/jacoco/org.jacoco.agent/0.8.5/org.jacoco.agent-0.8.5-runtime.jar"/>
    <property name="hadoop.log.dir" value="/home/runner/work/ozone/ozone/hadoop-ozone/integration-test/target/log"/>
    <property name="sun.boot.class.path" value="/usr/lib/jvm/temurin-8-jdk-amd64/jre/lib/resources.jar:/usr/lib/jvm/temurin-8-jdk-amd64/jre/lib/rt.jar:/usr/lib/jvm/temurin-8-jdk-amd64/jre/lib/sunrsasign.jar:/usr/lib/jvm/temurin-8-jdk-amd64/jre/lib/jsse.jar:/usr/lib/jvm/temurin-8-jdk-amd64/jre/lib/jce.jar:/usr/lib/jvm/temurin-8-jdk-amd64/jre/lib/charsets.jar:/usr/lib/jvm/temurin-8-jdk-amd64/jre/lib/jfr.jar:/usr/lib/jvm/temurin-8-jdk-amd64/jre/classes"/>
    <property name="sun.management.compiler" value="HotSpot 64-Bit Tiered Compilers"/>
    <property name="skip.npx" value="true"/>
    <property name="java.runtime.version" value="1.8.0_322-b06"/>
    <property name="java.net.preferIPv4Stack" value="true"/>
    <property name="user.name" value="runner"/>
    <property name="path.separator" value=":"/>
    <property name="java.security.egd" value="file:///dev/urandom"/>
    <property name="os.version" value="5.4.0-1070-azure"/>
    <property name="java.endorsed.dirs" value="/usr/lib/jvm/temurin-8-jdk-amd64/jre/lib/endorsed"/>
    <property name="java.runtime.name" value="OpenJDK Runtime Environment"/>
    <property name="file.encoding" value="UTF-8"/>
    <property name="java.vm.name" value="OpenJDK 64-Bit Server VM"/>
    <property name="test.build.webapps" value=""/>
    <property name="localRepository" value="/home/runner/.m2/repository"/>
    <property name="java.vendor.url.bug" value="https://github.com/adoptium/adoptium-support/issues"/>
    <property name="java.io.tmpdir" value="/tmp"/>
    <property name="require.test.libhadoop" value=""/>
    <property name="java.version" value="1.8.0_322"/>
    <property name="user.dir" value="/home/runner/work/ozone/ozone/hadoop-ozone/integration-test"/>
    <property name="os.arch" value="amd64"/>
    <property name="java.vm.specification.name" value="Java Virtual Machine Specification"/>
    <property name="test.build.classes" value="/home/runner/work/ozone/ozone/hadoop-ozone/integration-test/target/test-classes"/>
    <property name="java.awt.printerjob" value="sun.print.PSPrinterJob"/>
    <property name="sun.os.patch.level" value="unknown"/>
    <property name="hadoop.tmp.dir" value="/home/runner/work/ozone/ozone/hadoop-ozone/integration-test/target/tmp"/>
    <property name="java.library.path" value="/usr/java/packages/lib/amd64:/usr/lib64:/lib64:/lib:/usr/lib"/>
    <property name="java.vm.info" value="mixed mode"/>
    <property name="java.vendor" value="Temurin"/>
    <property name="java.vm.version" value="25.322-b06"/>
    <property name="java.ext.dirs" value="/usr/lib/jvm/temurin-8-jdk-amd64/jre/lib/ext:/usr/java/packages/lib/ext"/>
    <property name="sun.io.unicode.encoding" value="UnicodeLittle"/>
    <property name="java.class.version" value="52.0"/>
  </properties>
  <testcase name="testInstallSnapshot" classname="org.apache.hadoop.ozone.scm.TestSCMInstallSnapshotWithHA" time="71.192"/>
  <testcase name="testInstallOldCheckpointFailure" classname="org.apache.hadoop.ozone.scm.TestSCMInstallSnapshotWithHA" time="59.901">
    <error type="java.lang.IllegalThreadStateException">java.lang.IllegalThreadStateException
	at java.lang.Thread.start(Thread.java:710)
	at org.apache.hadoop.ipc.Server.start(Server.java:3396)
	at org.apache.hadoop.hdds.scm.server.SCMDatanodeProtocolServer.start(SCMDatanodeProtocolServer.java:186)
	at org.apache.hadoop.hdds.scm.ha.SCMStateMachine.notifyTermIndexUpdated(SCMStateMachine.java:340)
	at org.apache.hadoop.ozone.scm.TestSCMInstallSnapshotWithHA.testInstallOldCheckpointFailure(TestSCMInstallSnapshotWithHA.java:183)
	at sun.reflect.NativeMethodAccessorImpl.invoke0(Native Method)
	at sun.reflect.NativeMethodAccessorImpl.invoke(NativeMethodAccessorImpl.java:62)
	at sun.reflect.DelegatingMethodAccessorImpl.invoke(DelegatingMethodAccessorImpl.java:43)
	at java.lang.reflect.Method.invoke(Method.java:498)
	at org.junit.platform.commons.util.ReflectionUtils.invokeMethod(ReflectionUtils.java:688)
	at org.junit.jupiter.engine.execution.MethodInvocation.proceed(MethodInvocation.java:60)
	at org.junit.jupiter.engine.execution.InvocationInterceptorChain$ValidatingInvocation.proceed(InvocationInterceptorChain.java:131)
	at org.junit.jupiter.engine.extension.TimeoutInvocation.proceed(TimeoutInvocation.java:46)
	at org.junit.jupiter.engine.extension.TimeoutExtension.intercept(TimeoutExtension.java:149)
	at org.junit.jupiter.engine.extension.TimeoutExtension.interceptTestableMethod(TimeoutExtension.java:140)
	at org.junit.jupiter.engine.extension.TimeoutExtension.interceptTestMethod(TimeoutExtension.java:84)
	at org.junit.jupiter.engine.execution.ExecutableInvoker$ReflectiveInterceptorCall.lambda$ofVoidMethod$0(ExecutableInvoker.java:115)
	at org.junit.jupiter.engine.execution.ExecutableInvoker.lambda$invoke$0(ExecutableInvoker.java:105)
	at org.junit.jupiter.engine.execution.InvocationInterceptorChain$InterceptedInvocation.proceed(InvocationInterceptorChain.java:106)
	at org.junit.jupiter.engine.execution.InvocationInterceptorChain.proceed(InvocationInterceptorChain.java:64)
	at org.junit.jupiter.engine.execution.InvocationInterceptorChain.chainAndInvoke(InvocationInterceptorChain.java:45)
	at org.junit.jupiter.engine.execution.InvocationInterceptorChain.invoke(InvocationInterceptorChain.java:37)
	at org.junit.jupiter.engine.execution.ExecutableInvoker.invoke(ExecutableInvoker.java:104)
	at org.junit.jupiter.engine.execution.ExecutableInvoker.invoke(ExecutableInvoker.java:98)
	at org.junit.jupiter.engine.descriptor.TestMethodTestDescriptor.lambda$invokeTestMethod$6(TestMethodTestDescriptor.java:210)
	at org.junit.platform.engine.support.hierarchical.ThrowableCollector.execute(ThrowableCollector.java:73)
	at org.junit.jupiter.engine.descriptor.TestMethodTestDescriptor.invokeTestMethod(TestMethodTestDescriptor.java:206)
	at org.junit.jupiter.engine.descriptor.TestMethodTestDescriptor.execute(TestMethodTestDescriptor.java:131)
	at org.junit.jupiter.engine.descriptor.TestMethodTestDescriptor.execute(TestMethodTestDescriptor.java:65)
	at org.junit.platform.engine.support.hierarchical.NodeTestTask.lambda$executeRecursively$5(NodeTestTask.java:139)
	at org.junit.platform.engine.support.hierarchical.ThrowableCollector.execute(ThrowableCollector.java:73)
	at org.junit.platform.engine.support.hierarchical.NodeTestTask.lambda$executeRecursively$7(NodeTestTask.java:129)
	at org.junit.platform.engine.support.hierarchical.Node.around(Node.java:137)
	at org.junit.platform.engine.support.hierarchical.NodeTestTask.lambda$executeRecursively$8(NodeTestTask.java:127)
	at org.junit.platform.engine.support.hierarchical.ThrowableCollector.execute(ThrowableCollector.java:73)
	at org.junit.platform.engine.support.hierarchical.NodeTestTask.executeRecursively(NodeTestTask.java:126)
	at org.junit.platform.engine.support.hierarchical.NodeTestTask.execute(NodeTestTask.java:84)
	at java.util.ArrayList.forEach(ArrayList.java:1259)
	at org.junit.platform.engine.support.hierarchical.SameThreadHierarchicalTestExecutorService.invokeAll(SameThreadHierarchicalTestExecutorService.java:38)
	at org.junit.platform.engine.support.hierarchical.NodeTestTask.lambda$executeRecursively$5(NodeTestTask.java:143)
	at org.junit.platform.engine.support.hierarchical.ThrowableCollector.execute(ThrowableCollector.java:73)
	at org.junit.platform.engine.support.hierarchical.NodeTestTask.lambda$executeRecursively$7(NodeTestTask.java:129)
	at org.junit.platform.engine.support.hierarchical.Node.around(Node.java:137)
	at org.junit.platform.engine.support.hierarchical.NodeTestTask.lambda$executeRecursively$8(NodeTestTask.java:127)
	at org.junit.platform.engine.support.hierarchical.ThrowableCollector.execute(ThrowableCollector.java:73)
	at org.junit.platform.engine.support.hierarchical.NodeTestTask.executeRecursively(NodeTestTask.java:126)
	at org.junit.platform.engine.support.hierarchical.NodeTestTask.execute(NodeTestTask.java:84)
	at java.util.ArrayList.forEach(ArrayList.java:1259)
	at org.junit.platform.engine.support.hierarchical.SameThreadHierarchicalTestExecutorService.invokeAll(SameThreadHierarchicalTestExecutorService.java:38)
	at org.junit.platform.engine.support.hierarchical.NodeTestTask.lambda$executeRecursively$5(NodeTestTask.java:143)
	at org.junit.platform.engine.support.hierarchical.ThrowableCollector.execute(ThrowableCollector.java:73)
	at org.junit.platform.engine.support.hierarchical.NodeTestTask.lambda$executeRecursively$7(NodeTestTask.java:129)
	at org.junit.platform.engine.support.hierarchical.Node.around(Node.java:137)
	at org.junit.platform.engine.support.hierarchical.NodeTestTask.lambda$executeRecursively$8(NodeTestTask.java:127)
	at org.junit.platform.engine.support.hierarchical.ThrowableCollector.execute(ThrowableCollector.java:73)
	at org.junit.platform.engine.support.hierarchical.NodeTestTask.executeRecursively(NodeTestTask.java:126)
	at org.junit.platform.engine.support.hierarchical.NodeTestTask.execute(NodeTestTask.java:84)
	at org.junit.platform.engine.support.hierarchical.SameThreadHierarchicalTestExecutorService.submit(SameThreadHierarchicalTestExecutorService.java:32)
	at org.junit.platform.engine.support.hierarchical.HierarchicalTestExecutor.execute(HierarchicalTestExecutor.java:57)
	at org.junit.platform.engine.support.hierarchical.HierarchicalTestEngine.execute(HierarchicalTestEngine.java:51)
	at org.junit.platform.launcher.core.EngineExecutionOrchestrator.execute(EngineExecutionOrchestrator.java:108)
	at org.junit.platform.launcher.core.EngineExecutionOrchestrator.execute(EngineExecutionOrchestrator.java:88)
	at org.junit.platform.launcher.core.EngineExecutionOrchestrator.lambda$execute$0(EngineExecutionOrchestrator.java:54)
	at org.junit.platform.launcher.core.EngineExecutionOrchestrator.withInterceptedStreams(EngineExecutionOrchestrator.java:67)
	at org.junit.platform.launcher.core.EngineExecutionOrchestrator.execute(EngineExecutionOrchestrator.java:52)
	at org.junit.platform.launcher.core.DefaultLauncher.execute(DefaultLauncher.java:96)
	at org.junit.platform.launcher.core.DefaultLauncher.execute(DefaultLauncher.java:75)
	at org.apache.maven.surefire.junitplatform.JUnitPlatformProvider.invokeAllTests(JUnitPlatformProvider.java:142)
	at org.apache.maven.surefire.junitplatform.JUnitPlatformProvider.invoke(JUnitPlatformProvider.java:113)
	at org.apache.maven.surefire.booter.ForkedBooter.invokeProviderInSameClassLoader(ForkedBooter.java:384)
	at org.apache.maven.surefire.booter.ForkedBooter.runSuitesInProcess(ForkedBooter.java:345)
	at org.apache.maven.surefire.booter.ForkedBooter.execute(ForkedBooter.java:126)
	at org.apache.maven.surefire.booter.ForkedBooter.main(ForkedBooter.java:418)
</error>
    <system-out><![CDATA[2022-03-02 19:14:58,341 [Listener at 127.0.0.1/41293] WARN  server.ServerUtils (ServerUtils.java:getScmDbDir(148)) - ozone.scm.db.dirs is not configured. We recommend adding this setting. Falling back to ozone.metadata.dirs instead.
2022-03-02 19:14:58,346 [Listener at 127.0.0.1/41293] INFO  ha.SCMHANodeDetails (SCMHANodeDetails.java:loadSCMHAConfig(157)) - ServiceID for StorageContainerManager is scm-service-test1
2022-03-02 19:14:58,346 [Listener at 127.0.0.1/41293] INFO  ha.SCMHANodeDetails (SCMHANodeDetails.java:loadSCMHAConfig(168)) - ServiceID for StorageContainerManager is scm-service-test1
2022-03-02 19:14:58,347 [Listener at 127.0.0.1/41293] WARN  scm.ScmUtils (ScmUtils.java:logWarn(179)) - ConfigKey ozone.scm.block.client.address is deprecated, For configuring different ports for each SCM use PortConfigKey ozone.scm.block.client.port appended with serviceId and nodeId. If want to configure same port configure ozone.scm.block.client.port
2022-03-02 19:14:58,347 [Listener at 127.0.0.1/41293] WARN  scm.ScmUtils (ScmUtils.java:logWarn(179)) - ConfigKey ozone.scm.client.address is deprecated, For configuring different ports for each SCM use PortConfigKey ozone.scm.client.port appended with serviceId and nodeId. If want to configure same port configure ozone.scm.client.port
2022-03-02 19:14:58,347 [Listener at 127.0.0.1/41293] WARN  scm.ScmUtils (ScmUtils.java:logWarn(179)) - ConfigKey ozone.scm.datanode.address is deprecated, For configuring different ports for each SCM use PortConfigKey ozone.scm.datanode.port appended with serviceId and nodeId. If want to configure same port configure ozone.scm.datanode.port
2022-03-02 19:14:58,347 [Listener at 127.0.0.1/41293] WARN  scm.ScmUtils (ScmUtils.java:logWarn(179)) - ConfigKey ozone.scm.block.client.address is deprecated, For configuring different ports for each SCM use PortConfigKey ozone.scm.block.client.port appended with serviceId and nodeId. If want to configure same port configure ozone.scm.block.client.port
2022-03-02 19:14:58,348 [Listener at 127.0.0.1/41293] WARN  scm.ScmUtils (ScmUtils.java:logWarn(179)) - ConfigKey ozone.scm.client.address is deprecated, For configuring different ports for each SCM use PortConfigKey ozone.scm.client.port appended with serviceId and nodeId. If want to configure same port configure ozone.scm.client.port
2022-03-02 19:14:58,348 [Listener at 127.0.0.1/41293] WARN  scm.ScmUtils (ScmUtils.java:logWarn(179)) - ConfigKey ozone.scm.datanode.address is deprecated, For configuring different ports for each SCM use PortConfigKey ozone.scm.datanode.port appended with serviceId and nodeId. If want to configure same port configure ozone.scm.datanode.port
2022-03-02 19:14:58,349 [Listener at 127.0.0.1/41293] INFO  ha.SCMHANodeDetails (SCMHANodeDetails.java:loadSCMHAConfig(250)) - Found matching SCM address with SCMServiceId: scm-service-test1, SCMNodeId: scmNode-1, RPC Address: localhost:45009 and Ratis port: 45009
2022-03-02 19:14:58,349 [Listener at 127.0.0.1/41293] INFO  ha.SCMHANodeDetails (ConfUtils.java:setNodeSpecificConfigs(108)) - Setting configuration key ozone.scm.datanode.address with value of key ozone.scm.datanode.address.scm-service-test1.scmNode-1: 127.0.0.1:41941
2022-03-02 19:14:58,349 [Listener at 127.0.0.1/41293] INFO  ha.SCMHANodeDetails (ConfUtils.java:setNodeSpecificConfigs(108)) - Setting configuration key ozone.scm.block.client.address with value of key ozone.scm.block.client.address.scm-service-test1.scmNode-1: 127.0.0.1:45179
2022-03-02 19:14:58,349 [Listener at 127.0.0.1/41293] INFO  ha.SCMHANodeDetails (ConfUtils.java:setNodeSpecificConfigs(108)) - Setting configuration key ozone.scm.client.address with value of key ozone.scm.client.address.scm-service-test1.scmNode-1: 127.0.0.1:39009
2022-03-02 19:14:58,350 [Listener at 127.0.0.1/41293] INFO  ha.SCMHANodeDetails (ConfUtils.java:setNodeSpecificConfigs(108)) - Setting configuration key ozone.scm.ratis.port with value of key ozone.scm.ratis.port.scm-service-test1.scmNode-1: 45009
2022-03-02 19:14:58,350 [Listener at 127.0.0.1/41293] INFO  ha.SCMHANodeDetails (ConfUtils.java:setNodeSpecificConfigs(108)) - Setting configuration key ozone.scm.grpc.port with value of key ozone.scm.grpc.port.scm-service-test1.scmNode-1: 38665
2022-03-02 19:14:58,350 [Listener at 127.0.0.1/41293] INFO  ha.SCMHANodeDetails (ConfUtils.java:setNodeSpecificConfigs(108)) - Setting configuration key ozone.scm.http-address with value of key ozone.scm.http-address.scm-service-test1.scmNode-1: 127.0.0.1:44099
2022-03-02 19:14:58,350 [Listener at 127.0.0.1/41293] INFO  ha.SCMHANodeDetails (ConfUtils.java:setNodeSpecificConfigs(108)) - Setting configuration key ozone.scm.https-address with value of key ozone.scm.https-address.scm-service-test1.scmNode-1: 127.0.0.1:43435
2022-03-02 19:14:58,350 [Listener at 127.0.0.1/41293] INFO  ha.SCMHANodeDetails (ConfUtils.java:setNodeSpecificConfigs(108)) - Setting configuration key ozone.scm.address with value of key ozone.scm.address.scm-service-test1.scmNode-1: 127.0.0.1
2022-03-02 19:14:58,351 [Listener at 127.0.0.1/41293] WARN  scm.ScmUtils (ScmUtils.java:logWarn(179)) - ConfigKey ozone.scm.block.client.address is deprecated, For configuring different ports for each SCM use PortConfigKey ozone.scm.block.client.port appended with serviceId and nodeId. If want to configure same port configure ozone.scm.block.client.port
2022-03-02 19:14:58,351 [Listener at 127.0.0.1/41293] WARN  scm.ScmUtils (ScmUtils.java:logWarn(179)) - ConfigKey ozone.scm.client.address is deprecated, For configuring different ports for each SCM use PortConfigKey ozone.scm.client.port appended with serviceId and nodeId. If want to configure same port configure ozone.scm.client.port
2022-03-02 19:14:58,351 [Listener at 127.0.0.1/41293] WARN  scm.ScmUtils (ScmUtils.java:logWarn(179)) - ConfigKey ozone.scm.datanode.address is deprecated, For configuring different ports for each SCM use PortConfigKey ozone.scm.datanode.port appended with serviceId and nodeId. If want to configure same port configure ozone.scm.datanode.port
2022-03-02 19:14:58,362 [Listener at 127.0.0.1/41293] INFO  server.RaftServer (ConfUtils.java:logGet(44)) - raft.rpc.type = GRPC (default)
2022-03-02 19:14:58,362 [Listener at 127.0.0.1/41293] INFO  grpc.GrpcFactory (GrpcFactory.java:checkPooledByteBufAllocatorUseCacheForAllThreads(48)) - PERFORMANCE WARNING: useCacheForAllThreads is true that may cause Netty to create a lot garbage objects and, as a result, trigger GC.
	It is recommended to disable useCacheForAllThreads by setting -Dorg.apache.ratis.thirdparty.io.netty.allocator.useCacheForAllThreads=false in command line.
2022-03-02 19:14:58,362 [Listener at 127.0.0.1/41293] INFO  grpc.GrpcConfigKeys (ConfUtils.java:logGet(44)) - raft.grpc.admin.port = -1 (default)
2022-03-02 19:14:58,362 [Listener at 127.0.0.1/41293] INFO  grpc.GrpcConfigKeys (ConfUtils.java:logGet(44)) - raft.grpc.server.port = 45009 (custom)
2022-03-02 19:14:58,363 [Listener at 127.0.0.1/41293] INFO  grpc.GrpcConfigKeys (ConfUtils.java:logGet(44)) - raft.grpc.client.port = -1 (default)
2022-03-02 19:14:58,363 [Listener at 127.0.0.1/41293] INFO  grpc.GrpcConfigKeys (ConfUtils.java:logGet(44)) - raft.grpc.server.port = 45009 (custom)
2022-03-02 19:14:58,363 [Listener at 127.0.0.1/41293] INFO  grpc.GrpcConfigKeys (ConfUtils.java:logGet(44)) - raft.grpc.server.port = 45009 (custom)
2022-03-02 19:14:58,363 [Listener at 127.0.0.1/41293] INFO  server.GrpcService (ConfUtils.java:logGet(44)) - raft.grpc.message.size.max = 32m (=33554432) (custom)
2022-03-02 19:14:58,363 [Listener at 127.0.0.1/41293] INFO  server.RaftServerConfigKeys (ConfUtils.java:logGet(44)) - raft.server.log.appender.buffer.byte-limit = 33554432 (custom)
2022-03-02 19:14:58,364 [Listener at 127.0.0.1/41293] INFO  server.GrpcService (ConfUtils.java:logGet(44)) - raft.grpc.flow.control.window = 1MB (=1048576) (default)
2022-03-02 19:14:58,364 [Listener at 127.0.0.1/41293] INFO  server.RaftServerConfigKeys (ConfUtils.java:logGet(44)) - raft.server.rpc.request.timeout = 30000ms (custom)
2022-03-02 19:14:58,365 [Listener at 127.0.0.1/41293] INFO  impl.DataStreamServerImpl (ConfUtils.java:logGet(44)) - raft.datastream.type = DISABLED (default)
2022-03-02 19:14:58,373 [Listener at 127.0.0.1/41293] INFO  server.RaftServerConfigKeys (ConfUtils.java:logGet(44)) - raft.server.rpc.slowness.timeout = 120000ms (custom)
2022-03-02 19:14:58,373 [Listener at 127.0.0.1/41293] INFO  server.RaftServerConfigKeys (ConfUtils.java:logGet(44)) - raft.server.leaderelection.leader.step-down.wait-time = 10s (default)
2022-03-02 19:14:58,374 [Listener at 127.0.0.1/41293] INFO  server.RaftServerConfigKeys (ConfUtils.java:logGet(44)) - raft.server.storage.dir = [/home/runner/work/ozone/ozone/hadoop-ozone/integration-test/target/test-dir/MiniOzoneClusterImpl-403ad05d-12dd-4695-ad1e-d5eafc849fbc/scmNode-1/scm-ha] (custom)
2022-03-02 19:14:58,386 [Listener at 127.0.0.1/41293] INFO  server.RaftServer (RaftServerProxy.java:addNew(95)) - 878dadca-57df-4ab3-9601-92853b413341: addNew group-D5EAFC849FBC:[878dadca-57df-4ab3-9601-92853b413341|rpc:localhost:45009|priority:0] returns group-D5EAFC849FBC:java.util.concurrent.CompletableFuture@3d2c0bf8[Not completed]
2022-03-02 19:14:58,388 [pool-226-thread-1] INFO  server.RaftServer$Division (RaftServerImpl.java:<init>(184)) - 878dadca-57df-4ab3-9601-92853b413341: new RaftServerImpl for group-D5EAFC849FBC:[878dadca-57df-4ab3-9601-92853b413341|rpc:localhost:45009|priority:0] with SCMStateMachine:uninitialized
2022-03-02 19:14:58,396 [pool-226-thread-1] INFO  server.RaftServerConfigKeys (ConfUtils.java:logGet(44)) - raft.server.rpc.timeout.min = 5000ms (custom)
2022-03-02 19:14:58,396 [pool-226-thread-1] INFO  server.RaftServerConfigKeys (ConfUtils.java:logGet(44)) - raft.server.rpc.timeout.max = 5200ms (custom)
2022-03-02 19:14:58,396 [pool-226-thread-1] INFO  server.RaftServerConfigKeys (ConfUtils.java:logGet(44)) - raft.server.rpc.sleep.time = 25ms (default)
2022-03-02 19:14:58,397 [pool-226-thread-1] INFO  server.RaftServerConfigKeys (ConfUtils.java:logGet(44)) - raft.server.rpc.slowness.timeout = 120000ms (custom)
2022-03-02 19:14:58,397 [pool-226-thread-1] INFO  server.RaftServerConfigKeys (ConfUtils.java:logGet(44)) - raft.server.leaderelection.leader.step-down.wait-time = 10s (default)
2022-03-02 19:14:58,397 [pool-226-thread-1] INFO  server.RaftServerConfigKeys (ConfUtils.java:logGet(44)) - raft.server.sleep.deviation.threshold = 300ms (default)
2022-03-02 19:14:58,397 [pool-226-thread-1] INFO  server.RaftServerConfigKeys (ConfUtils.java:logGet(44)) - raft.server.log.appender.install.snapshot.enabled = false (custom)
2022-03-02 19:14:58,397 [pool-226-thread-1] INFO  server.RaftServer$Division (ServerState.java:<init>(105)) - 878dadca-57df-4ab3-9601-92853b413341@group-D5EAFC849FBC: ConfigurationManager, init=-1: [878dadca-57df-4ab3-9601-92853b413341|rpc:localhost:45009|priority:0], old=null, confs=<EMPTY_MAP>
2022-03-02 19:14:58,397 [pool-226-thread-1] INFO  server.RaftServerConfigKeys (ConfUtils.java:logGet(44)) - raft.server.storage.dir = [/home/runner/work/ozone/ozone/hadoop-ozone/integration-test/target/test-dir/MiniOzoneClusterImpl-403ad05d-12dd-4695-ad1e-d5eafc849fbc/scmNode-1/scm-ha] (custom)
2022-03-02 19:14:58,397 [pool-226-thread-1] INFO  server.RaftServerConfigKeys (ConfUtils.java:logGet(44)) - raft.server.log.corruption.policy = EXCEPTION (default)
2022-03-02 19:14:58,397 [pool-226-thread-1] INFO  server.RaftServerConfigKeys (ConfUtils.java:logGet(44)) - raft.server.storage.free-space.min = 0MB (=0) (default)
2022-03-02 19:14:58,397 [pool-226-thread-1] INFO  storage.RaftStorageDirectory (RaftStorageDirectoryImpl.java:analyzeStorage(135)) - The storage directory /home/runner/work/ozone/ozone/hadoop-ozone/integration-test/target/test-dir/MiniOzoneClusterImpl-403ad05d-12dd-4695-ad1e-d5eafc849fbc/scmNode-1/scm-ha/403ad05d-12dd-4695-ad1e-d5eafc849fbc does not exist. Creating ...
2022-03-02 19:14:58,399 [pool-226-thread-1] INFO  storage.RaftStorageDirectory (RaftStorageDirectoryImpl.java:tryLock(230)) - Lock on /home/runner/work/ozone/ozone/hadoop-ozone/integration-test/target/test-dir/MiniOzoneClusterImpl-403ad05d-12dd-4695-ad1e-d5eafc849fbc/scmNode-1/scm-ha/403ad05d-12dd-4695-ad1e-d5eafc849fbc/in_use.lock acquired by nodename 6445@fv-az396-267
2022-03-02 19:14:58,400 [pool-226-thread-1] INFO  storage.RaftStorage (RaftStorageImpl.java:format(89)) - Storage directory /home/runner/work/ozone/ozone/hadoop-ozone/integration-test/target/test-dir/MiniOzoneClusterImpl-403ad05d-12dd-4695-ad1e-d5eafc849fbc/scmNode-1/scm-ha/403ad05d-12dd-4695-ad1e-d5eafc849fbc has been successfully formatted.
2022-03-02 19:14:58,400 [pool-226-thread-1] INFO  server.RaftServerConfigKeys (ConfUtils.java:logGet(44)) - raft.server.notification.no-leader.timeout = 60s (default)
2022-03-02 19:14:58,400 [pool-226-thread-1] INFO  server.RaftServerConfigKeys (ConfUtils.java:logGet(44)) - raft.server.log.use.memory = false (default)
2022-03-02 19:14:58,400 [pool-226-thread-1] INFO  server.RaftServerConfigKeys (ConfUtils.java:logGet(44)) - raft.server.log.purge.gap = 5 (custom)
2022-03-02 19:14:58,401 [pool-226-thread-1] INFO  server.RaftServerConfigKeys (ConfUtils.java:logGet(44)) - raft.server.log.appender.buffer.byte-limit = 33554432 (custom)
2022-03-02 19:14:58,401 [pool-226-thread-1] INFO  server.RaftServerConfigKeys (ConfUtils.java:logGet(44)) - raft.server.log.segment.size.max = 4194304 (custom)
2022-03-02 19:14:58,401 [pool-226-thread-1] INFO  server.RaftServerConfigKeys (ConfUtils.java:logGet(44)) - raft.server.log.segment.cache.num.max = 2 (custom)
2022-03-02 19:14:58,401 [pool-226-thread-1] INFO  server.RaftServerConfigKeys (ConfUtils.java:logGet(44)) - raft.server.log.segment.cache.size.max = 200MB (=209715200) (default)
2022-03-02 19:14:58,401 [pool-226-thread-1] INFO  segmented.SegmentedRaftLogWorker (SegmentedRaftLogWorker.java:<init>(182)) - new 878dadca-57df-4ab3-9601-92853b413341@group-D5EAFC849FBC-SegmentedRaftLogWorker for RaftStorageImpl:Storage Directory /home/runner/work/ozone/ozone/hadoop-ozone/integration-test/target/test-dir/MiniOzoneClusterImpl-403ad05d-12dd-4695-ad1e-d5eafc849fbc/scmNode-1/scm-ha/403ad05d-12dd-4695-ad1e-d5eafc849fbc
2022-03-02 19:14:58,401 [pool-226-thread-1] INFO  server.RaftServerConfigKeys (ConfUtils.java:logGet(44)) - raft.server.log.queue.byte-limit = 64MB (=67108864) (default)
2022-03-02 19:14:58,401 [pool-226-thread-1] INFO  server.RaftServerConfigKeys (ConfUtils.java:logGet(44)) - raft.server.log.queue.element-limit = 4096 (default)
2022-03-02 19:14:58,402 [pool-226-thread-1] INFO  server.RaftServerConfigKeys (ConfUtils.java:logGet(44)) - raft.server.log.segment.size.max = 4194304 (custom)
2022-03-02 19:14:58,402 [pool-226-thread-1] INFO  server.RaftServerConfigKeys (ConfUtils.java:logGet(44)) - raft.server.log.preallocated.size = 4194304 (custom)
2022-03-02 19:14:58,402 [pool-226-thread-1] INFO  server.RaftServerConfigKeys (ConfUtils.java:logGet(44)) - raft.server.log.force.sync.num = 128 (default)
2022-03-02 19:14:58,402 [pool-226-thread-1] INFO  server.RaftServerConfigKeys (ConfUtils.java:logGet(44)) - raft.server.log.statemachine.data.sync = true (default)
2022-03-02 19:14:58,402 [pool-226-thread-1] INFO  server.RaftServerConfigKeys (ConfUtils.java:logGet(44)) - raft.server.log.statemachine.data.sync.timeout = 10s (default)
2022-03-02 19:14:58,402 [pool-226-thread-1] INFO  server.RaftServerConfigKeys (ConfUtils.java:logGet(44)) - raft.server.log.statemachine.data.sync.timeout.retry = -1 (default)
2022-03-02 19:14:58,403 [pool-226-thread-1] INFO  server.RaftServerConfigKeys (ConfUtils.java:logGet(44)) - raft.server.log.write.buffer.size = 64KB (=65536) (default)
2022-03-02 19:14:58,403 [pool-226-thread-1] INFO  server.RaftServerConfigKeys (ConfUtils.java:logGet(44)) - raft.server.log.statemachine.data.caching.enabled = false (default)
2022-03-02 19:14:58,403 [pool-226-thread-1] INFO  segmented.SegmentedRaftLogWorker (SegmentedRaftLogWorker.java:lambda$new$0(133)) - 878dadca-57df-4ab3-9601-92853b413341@group-D5EAFC849FBC-SegmentedRaftLogWorker: flushIndex: setUnconditionally 0 -> -1
2022-03-02 19:14:58,403 [pool-226-thread-1] INFO  segmented.SegmentedRaftLogWorker (SegmentedRaftLogWorker.java:lambda$new$0(133)) - 878dadca-57df-4ab3-9601-92853b413341@group-D5EAFC849FBC-SegmentedRaftLogWorker: safeCacheEvictIndex: setUnconditionally 0 -> -1
2022-03-02 19:14:58,413 [pool-226-thread-1] INFO  server.RaftServerConfigKeys (ConfUtils.java:logGet(44)) - raft.server.snapshot.auto.trigger.enabled = true (custom)
2022-03-02 19:14:58,413 [pool-226-thread-1] INFO  server.RaftServerConfigKeys (ConfUtils.java:logGet(44)) - raft.server.snapshot.auto.trigger.threshold = 5 (custom)
2022-03-02 19:14:58,413 [pool-226-thread-1] INFO  server.RaftServerConfigKeys (ConfUtils.java:logGet(44)) - raft.server.snapshot.retention.file.num = -1 (default)
2022-03-02 19:14:58,413 [pool-226-thread-1] INFO  server.RaftServerConfigKeys (ConfUtils.java:logGet(44)) - raft.server.log.purge.upto.snapshot.index = true (custom)
2022-03-02 19:14:58,413 [pool-226-thread-1] INFO  server.RaftServerConfigKeys (ConfUtils.java:logGet(44)) - raft.server.retrycache.expirytime = 60000ms (default)
2022-03-02 19:14:58,413 [pool-226-thread-1] INFO  server.RaftServerConfigKeys (ConfUtils.java:logGet(44)) - raft.server.retrycache.statistics.expirytime = 100μs (default)
2022-03-02 19:14:58,419 [Listener at 127.0.0.1/41293] INFO  server.RaftServer$Division (RaftServerImpl.java:start(301)) - 878dadca-57df-4ab3-9601-92853b413341@group-D5EAFC849FBC: start as a follower, conf=-1: [878dadca-57df-4ab3-9601-92853b413341|rpc:localhost:45009|priority:0], old=null
2022-03-02 19:14:58,419 [Listener at 127.0.0.1/41293] INFO  server.RaftServer$Division (RaftServerImpl.java:setRole(290)) - 878dadca-57df-4ab3-9601-92853b413341@group-D5EAFC849FBC: changes role from      null to FOLLOWER at term 0 for startAsFollower
2022-03-02 19:14:58,419 [Listener at 127.0.0.1/41293] INFO  impl.RoleInfo (RoleInfo.java:updateAndGet(130)) - 878dadca-57df-4ab3-9601-92853b413341: start 878dadca-57df-4ab3-9601-92853b413341@group-D5EAFC849FBC-FollowerState
2022-03-02 19:14:58,428 [Listener at 127.0.0.1/41293] INFO  util.JmxRegister (JmxRegister.java:tryRegister(44)) - Successfully registered JMX Bean with object name Ratis:service=RaftServer,group=group-D5EAFC849FBC,id=878dadca-57df-4ab3-9601-92853b413341
2022-03-02 19:14:58,436 [Listener at 127.0.0.1/41293] INFO  server.RaftServer (RaftServerProxy.java:lambda$start$5(374)) - 878dadca-57df-4ab3-9601-92853b413341: start RPC server
2022-03-02 19:14:58,439 [Listener at 127.0.0.1/41293] INFO  server.GrpcService (GrpcService.java:startImpl(253)) - 878dadca-57df-4ab3-9601-92853b413341: GrpcService started, listening on 45009
2022-03-02 19:14:58,440 [org.apache.ratis.util.JvmPauseMonitor$$Lambda$503/310350177@6c304a3f] INFO  util.JvmPauseMonitor (JvmPauseMonitor.java:run(103)) - JvmPauseMonitor-878dadca-57df-4ab3-9601-92853b413341: Started
2022-03-02 19:14:58,832 [EndpointStateMachine task thread for /127.0.0.1:45835 - 0 ] INFO  ipc.Client (Client.java:handleConnectionFailure(977)) - Retrying connect to server: localhost/127.0.0.1:45835. Already tried 6 time(s); retry policy is RetryUpToMaximumCountWithFixedSleep(maxRetries=15, sleepTime=1000 MILLISECONDS)
2022-03-02 19:14:58,836 [EndpointStateMachine task thread for /127.0.0.1:44351 - 0 ] INFO  ipc.Client (Client.java:handleConnectionFailure(977)) - Retrying connect to server: localhost/127.0.0.1:44351. Already tried 6 time(s); retry policy is RetryUpToMaximumCountWithFixedSleep(maxRetries=15, sleepTime=1000 MILLISECONDS)
2022-03-02 19:14:58,836 [EndpointStateMachine task thread for /127.0.0.1:34023 - 0 ] INFO  ipc.Client (Client.java:handleConnectionFailure(977)) - Retrying connect to server: localhost/127.0.0.1:34023. Already tried 6 time(s); retry policy is RetryUpToMaximumCountWithFixedSleep(maxRetries=15, sleepTime=1000 MILLISECONDS)
2022-03-02 19:14:59,833 [EndpointStateMachine task thread for /127.0.0.1:45835 - 0 ] INFO  ipc.Client (Client.java:handleConnectionFailure(977)) - Retrying connect to server: localhost/127.0.0.1:45835. Already tried 7 time(s); retry policy is RetryUpToMaximumCountWithFixedSleep(maxRetries=15, sleepTime=1000 MILLISECONDS)
2022-03-02 19:14:59,836 [EndpointStateMachine task thread for /127.0.0.1:44351 - 0 ] INFO  ipc.Client (Client.java:handleConnectionFailure(977)) - Retrying connect to server: localhost/127.0.0.1:44351. Already tried 7 time(s); retry policy is RetryUpToMaximumCountWithFixedSleep(maxRetries=15, sleepTime=1000 MILLISECONDS)
2022-03-02 19:14:59,837 [EndpointStateMachine task thread for /127.0.0.1:34023 - 0 ] INFO  ipc.Client (Client.java:handleConnectionFailure(977)) - Retrying connect to server: localhost/127.0.0.1:34023. Already tried 7 time(s); retry policy is RetryUpToMaximumCountWithFixedSleep(maxRetries=15, sleepTime=1000 MILLISECONDS)
2022-03-02 19:15:00,834 [EndpointStateMachine task thread for /127.0.0.1:45835 - 0 ] INFO  ipc.Client (Client.java:handleConnectionFailure(977)) - Retrying connect to server: localhost/127.0.0.1:45835. Already tried 8 time(s); retry policy is RetryUpToMaximumCountWithFixedSleep(maxRetries=15, sleepTime=1000 MILLISECONDS)
2022-03-02 19:15:00,837 [EndpointStateMachine task thread for /127.0.0.1:44351 - 0 ] INFO  ipc.Client (Client.java:handleConnectionFailure(977)) - Retrying connect to server: localhost/127.0.0.1:44351. Already tried 8 time(s); retry policy is RetryUpToMaximumCountWithFixedSleep(maxRetries=15, sleepTime=1000 MILLISECONDS)
2022-03-02 19:15:00,837 [EndpointStateMachine task thread for /127.0.0.1:34023 - 0 ] INFO  ipc.Client (Client.java:handleConnectionFailure(977)) - Retrying connect to server: localhost/127.0.0.1:34023. Already tried 8 time(s); retry policy is RetryUpToMaximumCountWithFixedSleep(maxRetries=15, sleepTime=1000 MILLISECONDS)
2022-03-02 19:15:01,835 [EndpointStateMachine task thread for /127.0.0.1:45835 - 0 ] INFO  ipc.Client (Client.java:handleConnectionFailure(977)) - Retrying connect to server: localhost/127.0.0.1:45835. Already tried 9 time(s); retry policy is RetryUpToMaximumCountWithFixedSleep(maxRetries=15, sleepTime=1000 MILLISECONDS)
2022-03-02 19:15:01,838 [EndpointStateMachine task thread for /127.0.0.1:44351 - 0 ] INFO  ipc.Client (Client.java:handleConnectionFailure(977)) - Retrying connect to server: localhost/127.0.0.1:44351. Already tried 9 time(s); retry policy is RetryUpToMaximumCountWithFixedSleep(maxRetries=15, sleepTime=1000 MILLISECONDS)
2022-03-02 19:15:01,838 [EndpointStateMachine task thread for /127.0.0.1:34023 - 0 ] INFO  ipc.Client (Client.java:handleConnectionFailure(977)) - Retrying connect to server: localhost/127.0.0.1:34023. Already tried 9 time(s); retry policy is RetryUpToMaximumCountWithFixedSleep(maxRetries=15, sleepTime=1000 MILLISECONDS)
2022-03-02 19:15:02,836 [EndpointStateMachine task thread for /127.0.0.1:45835 - 0 ] INFO  ipc.Client (Client.java:handleConnectionFailure(977)) - Retrying connect to server: localhost/127.0.0.1:45835. Already tried 10 time(s); retry policy is RetryUpToMaximumCountWithFixedSleep(maxRetries=15, sleepTime=1000 MILLISECONDS)
2022-03-02 19:15:02,838 [EndpointStateMachine task thread for /127.0.0.1:44351 - 0 ] INFO  ipc.Client (Client.java:handleConnectionFailure(977)) - Retrying connect to server: localhost/127.0.0.1:44351. Already tried 10 time(s); retry policy is RetryUpToMaximumCountWithFixedSleep(maxRetries=15, sleepTime=1000 MILLISECONDS)
2022-03-02 19:15:02,838 [EndpointStateMachine task thread for /127.0.0.1:34023 - 0 ] INFO  ipc.Client (Client.java:handleConnectionFailure(977)) - Retrying connect to server: localhost/127.0.0.1:34023. Already tried 10 time(s); retry policy is RetryUpToMaximumCountWithFixedSleep(maxRetries=15, sleepTime=1000 MILLISECONDS)
2022-03-02 19:15:03,621 [878dadca-57df-4ab3-9601-92853b413341@group-D5EAFC849FBC-FollowerState] INFO  impl.FollowerState (FollowerState.java:run(134)) - 878dadca-57df-4ab3-9601-92853b413341@group-D5EAFC849FBC-FollowerState: change to CANDIDATE, lastRpcElapsedTime:5201314435ns, electionTimeout:5191ms
2022-03-02 19:15:03,621 [878dadca-57df-4ab3-9601-92853b413341@group-D5EAFC849FBC-FollowerState] INFO  impl.RoleInfo (RoleInfo.java:shutdownFollowerState(108)) - 878dadca-57df-4ab3-9601-92853b413341: shutdown 878dadca-57df-4ab3-9601-92853b413341@group-D5EAFC849FBC-FollowerState
2022-03-02 19:15:03,621 [878dadca-57df-4ab3-9601-92853b413341@group-D5EAFC849FBC-FollowerState] INFO  server.RaftServer$Division (RaftServerImpl.java:setRole(290)) - 878dadca-57df-4ab3-9601-92853b413341@group-D5EAFC849FBC: changes role from  FOLLOWER to CANDIDATE at term 0 for changeToCandidate
2022-03-02 19:15:03,621 [878dadca-57df-4ab3-9601-92853b413341@group-D5EAFC849FBC-FollowerState] INFO  server.RaftServerConfigKeys (ConfUtils.java:logGet(44)) - raft.server.leaderelection.pre-vote = false (custom)
2022-03-02 19:15:03,621 [878dadca-57df-4ab3-9601-92853b413341@group-D5EAFC849FBC-FollowerState] INFO  impl.RoleInfo (RoleInfo.java:updateAndGet(130)) - 878dadca-57df-4ab3-9601-92853b413341: start 878dadca-57df-4ab3-9601-92853b413341@group-D5EAFC849FBC-LeaderElection15
2022-03-02 19:15:03,632 [878dadca-57df-4ab3-9601-92853b413341@group-D5EAFC849FBC-LeaderElection15] INFO  impl.LeaderElection (LeaderElection.java:askForVotes(306)) - 878dadca-57df-4ab3-9601-92853b413341@group-D5EAFC849FBC-LeaderElection15 ELECTION round 0: submit vote requests at term 1 for -1: [878dadca-57df-4ab3-9601-92853b413341|rpc:localhost:45009|priority:0], old=null
2022-03-02 19:15:03,633 [878dadca-57df-4ab3-9601-92853b413341@group-D5EAFC849FBC-LeaderElection15] INFO  impl.LeaderElection (LeaderElection.java:askForVotes(308)) - 878dadca-57df-4ab3-9601-92853b413341@group-D5EAFC849FBC-LeaderElection15 ELECTION round 0: result PASSED (term=1)
2022-03-02 19:15:03,633 [878dadca-57df-4ab3-9601-92853b413341@group-D5EAFC849FBC-LeaderElection15] INFO  impl.RoleInfo (RoleInfo.java:shutdownLeaderElection(121)) - 878dadca-57df-4ab3-9601-92853b413341: shutdown 878dadca-57df-4ab3-9601-92853b413341@group-D5EAFC849FBC-LeaderElection15
2022-03-02 19:15:03,633 [878dadca-57df-4ab3-9601-92853b413341@group-D5EAFC849FBC-LeaderElection15] INFO  server.RaftServer$Division (RaftServerImpl.java:setRole(290)) - 878dadca-57df-4ab3-9601-92853b413341@group-D5EAFC849FBC: changes role from CANDIDATE to LEADER at term 1 for changeToLeader
2022-03-02 19:15:03,633 [878dadca-57df-4ab3-9601-92853b413341@group-D5EAFC849FBC-LeaderElection15] INFO  server.RaftServer$Division (ServerState.java:setLeader(285)) - 878dadca-57df-4ab3-9601-92853b413341@group-D5EAFC849FBC: change Leader from null to 878dadca-57df-4ab3-9601-92853b413341 at term 1 for becomeLeader, leader elected after 5232ms
2022-03-02 19:15:03,633 [878dadca-57df-4ab3-9601-92853b413341@group-D5EAFC849FBC-LeaderElection15] INFO  server.RaftServerConfigKeys (ConfUtils.java:logGet(44)) - raft.server.staging.catchup.gap = 1000 (default)
2022-03-02 19:15:03,634 [878dadca-57df-4ab3-9601-92853b413341@group-D5EAFC849FBC-LeaderElection15] INFO  server.RaftServerConfigKeys (ConfUtils.java:logGet(44)) - raft.server.write.element-limit = 4096 (default)
2022-03-02 19:15:03,634 [878dadca-57df-4ab3-9601-92853b413341@group-D5EAFC849FBC-LeaderElection15] INFO  server.RaftServerConfigKeys (ConfUtils.java:logGet(44)) - raft.server.write.byte-limit = 64MB (=67108864) (default)
2022-03-02 19:15:03,634 [878dadca-57df-4ab3-9601-92853b413341@group-D5EAFC849FBC-LeaderElection15] INFO  server.RaftServerConfigKeys (ConfUtils.java:logGet(44)) - raft.server.watch.timeout = 10s (default)
2022-03-02 19:15:03,634 [878dadca-57df-4ab3-9601-92853b413341@group-D5EAFC849FBC-LeaderElection15] INFO  server.RaftServerConfigKeys (ConfUtils.java:logGet(44)) - raft.server.watch.timeout.denomination = 1s (default)
2022-03-02 19:15:03,634 [878dadca-57df-4ab3-9601-92853b413341@group-D5EAFC849FBC-LeaderElection15] INFO  server.RaftServerConfigKeys (ConfUtils.java:logGet(44)) - raft.server.watch.element-limit = 65536 (default)
2022-03-02 19:15:03,635 [878dadca-57df-4ab3-9601-92853b413341@group-D5EAFC849FBC-LeaderElection15] INFO  server.RaftServerConfigKeys (ConfUtils.java:logGet(44)) - raft.server.write.element-limit = 4096 (default)
2022-03-02 19:15:03,635 [878dadca-57df-4ab3-9601-92853b413341@group-D5EAFC849FBC-LeaderElection15] INFO  server.RaftServerConfigKeys (ConfUtils.java:logGet(44)) - raft.server.write.follower.gap.ratio.max = -1.0 (default)
2022-03-02 19:15:03,635 [878dadca-57df-4ab3-9601-92853b413341@group-D5EAFC849FBC-LeaderElection15] INFO  impl.RoleInfo (RoleInfo.java:updateAndGet(130)) - 878dadca-57df-4ab3-9601-92853b413341: start 878dadca-57df-4ab3-9601-92853b413341@group-D5EAFC849FBC-LeaderStateImpl
2022-03-02 19:15:03,635 [878dadca-57df-4ab3-9601-92853b413341@group-D5EAFC849FBC-LeaderElection15] INFO  segmented.SegmentedRaftLogWorker (SegmentedRaftLogWorker.java:startLogSegment(394)) - 878dadca-57df-4ab3-9601-92853b413341@group-D5EAFC849FBC-SegmentedRaftLogWorker: Starting segment from index:0
2022-03-02 19:15:03,649 [878dadca-57df-4ab3-9601-92853b413341@group-D5EAFC849FBC-LeaderElection15] INFO  server.RaftServer$Division (ServerState.java:setRaftConf(387)) - 878dadca-57df-4ab3-9601-92853b413341@group-D5EAFC849FBC: set configuration 0: [878dadca-57df-4ab3-9601-92853b413341|rpc:localhost:45009|admin:|client:|dataStream:|priority:0], old=null
2022-03-02 19:15:03,651 [878dadca-57df-4ab3-9601-92853b413341@group-D5EAFC849FBC-SegmentedRaftLogWorker] INFO  segmented.SegmentedRaftLogWorker (SegmentedRaftLogWorker.java:execute(601)) - 878dadca-57df-4ab3-9601-92853b413341@group-D5EAFC849FBC-SegmentedRaftLogWorker: created new log segment /home/runner/work/ozone/ozone/hadoop-ozone/integration-test/target/test-dir/MiniOzoneClusterImpl-403ad05d-12dd-4695-ad1e-d5eafc849fbc/scmNode-1/scm-ha/403ad05d-12dd-4695-ad1e-d5eafc849fbc/current/log_inprogress_0
2022-03-02 19:15:03,837 [EndpointStateMachine task thread for /127.0.0.1:45835 - 0 ] INFO  ipc.Client (Client.java:handleConnectionFailure(977)) - Retrying connect to server: localhost/127.0.0.1:45835. Already tried 11 time(s); retry policy is RetryUpToMaximumCountWithFixedSleep(maxRetries=15, sleepTime=1000 MILLISECONDS)
2022-03-02 19:15:03,839 [EndpointStateMachine task thread for /127.0.0.1:44351 - 0 ] INFO  ipc.Client (Client.java:handleConnectionFailure(977)) - Retrying connect to server: localhost/127.0.0.1:44351. Already tried 11 time(s); retry policy is RetryUpToMaximumCountWithFixedSleep(maxRetries=15, sleepTime=1000 MILLISECONDS)
2022-03-02 19:15:03,839 [EndpointStateMachine task thread for /127.0.0.1:34023 - 0 ] INFO  ipc.Client (Client.java:handleConnectionFailure(977)) - Retrying connect to server: localhost/127.0.0.1:34023. Already tried 11 time(s); retry policy is RetryUpToMaximumCountWithFixedSleep(maxRetries=15, sleepTime=1000 MILLISECONDS)
2022-03-02 19:15:04,440 [Listener at 127.0.0.1/41293] INFO  server.RaftServer (RaftServerProxy.java:lambda$close$6(391)) - 878dadca-57df-4ab3-9601-92853b413341: close
2022-03-02 19:15:04,441 [Listener at 127.0.0.1/41293] INFO  server.RaftServer$Division (RaftServerImpl.java:lambda$close$4(412)) - 878dadca-57df-4ab3-9601-92853b413341@group-D5EAFC849FBC: shutdown
2022-03-02 19:15:04,441 [Listener at 127.0.0.1/41293] INFO  util.JmxRegister (JmxRegister.java:unregister(73)) - Successfully un-registered JMX Bean with object name Ratis:service=RaftServer,group=group-D5EAFC849FBC,id=878dadca-57df-4ab3-9601-92853b413341
2022-03-02 19:15:04,441 [Listener at 127.0.0.1/41293] INFO  impl.RoleInfo (RoleInfo.java:shutdownLeaderState(91)) - 878dadca-57df-4ab3-9601-92853b413341: shutdown 878dadca-57df-4ab3-9601-92853b413341@group-D5EAFC849FBC-LeaderStateImpl
2022-03-02 19:15:04,441 [Listener at 127.0.0.1/41293] INFO  impl.PendingRequests (PendingRequests.java:sendNotLeaderResponses(282)) - 878dadca-57df-4ab3-9601-92853b413341@group-D5EAFC849FBC-PendingRequests: sendNotLeaderResponses
2022-03-02 19:15:04,442 [Listener at 127.0.0.1/41293] INFO  impl.StateMachineUpdater (StateMachineUpdater.java:stopAndJoin(149)) - 878dadca-57df-4ab3-9601-92853b413341@group-D5EAFC849FBC-StateMachineUpdater: set stopIndex = 0
2022-03-02 19:15:04,442 [878dadca-57df-4ab3-9601-92853b413341@group-D5EAFC849FBC-StateMachineUpdater] INFO  impl.StateMachineUpdater (StateMachineUpdater.java:takeSnapshot(281)) - 878dadca-57df-4ab3-9601-92853b413341@group-D5EAFC849FBC-StateMachineUpdater: Took a snapshot at index 0
2022-03-02 19:15:04,442 [878dadca-57df-4ab3-9601-92853b413341@group-D5EAFC849FBC-StateMachineUpdater] INFO  impl.StateMachineUpdater (StateMachineUpdater.java:lambda$new$0(89)) - 878dadca-57df-4ab3-9601-92853b413341@group-D5EAFC849FBC-StateMachineUpdater: snapshotIndex: updateIncreasingly -1 -> 0
2022-03-02 19:15:04,443 [Listener at 127.0.0.1/41293] INFO  server.RaftServer$Division (ServerState.java:close(419)) - 878dadca-57df-4ab3-9601-92853b413341@group-D5EAFC849FBC: closes. applyIndex: 0
2022-03-02 19:15:04,444 [878dadca-57df-4ab3-9601-92853b413341@group-D5EAFC849FBC-SegmentedRaftLogWorker] INFO  segmented.SegmentedRaftLogWorker (SegmentedRaftLogWorker.java:run(327)) - 878dadca-57df-4ab3-9601-92853b413341@group-D5EAFC849FBC-SegmentedRaftLogWorker was interrupted, exiting. There are 0 tasks remaining in the queue.
2022-03-02 19:15:04,452 [Listener at 127.0.0.1/41293] INFO  segmented.SegmentedRaftLogWorker (SegmentedRaftLogWorker.java:close(237)) - 878dadca-57df-4ab3-9601-92853b413341@group-D5EAFC849FBC-SegmentedRaftLogWorker close()
2022-03-02 19:15:04,453 [Listener at 127.0.0.1/41293] INFO  server.GrpcService (GrpcService.java:closeImpl(262)) - 878dadca-57df-4ab3-9601-92853b413341: shutdown server with port 45009 now
2022-03-02 19:15:04,453 [Listener at 127.0.0.1/41293] INFO  server.GrpcService (GrpcService.java:closeImpl(271)) - 878dadca-57df-4ab3-9601-92853b413341: shutdown server with port 45009 successfully
2022-03-02 19:15:04,454 [org.apache.ratis.util.JvmPauseMonitor$$Lambda$503/310350177@6c304a3f] INFO  util.JvmPauseMonitor (JvmPauseMonitor.java:run(109)) - JvmPauseMonitor-878dadca-57df-4ab3-9601-92853b413341: Stopped
2022-03-02 19:15:04,454 [Listener at 127.0.0.1/41293] WARN  server.ServerUtils (ServerUtils.java:getScmDbDir(148)) - ozone.scm.db.dirs is not configured. We recommend adding this setting. Falling back to ozone.metadata.dirs instead.
2022-03-02 19:15:04,455 [Listener at 127.0.0.1/41293] INFO  server.StorageContainerManager (StorageContainerManager.java:scmInit(1110)) - SCM initialization succeeded. Current cluster id for sd=/home/runner/work/ozone/ozone/hadoop-ozone/integration-test/target/test-dir/MiniOzoneClusterImpl-403ad05d-12dd-4695-ad1e-d5eafc849fbc/scmNode-1/scm; cid=403ad05d-12dd-4695-ad1e-d5eafc849fbc; layoutVersion=2; scmId=878dadca-57df-4ab3-9601-92853b413341
2022-03-02 19:15:04,456 [Listener at 127.0.0.1/41293] INFO  ha.SCMHANodeDetails (SCMHANodeDetails.java:loadSCMHAConfig(157)) - ServiceID for StorageContainerManager is scm-service-test1
2022-03-02 19:15:04,456 [Listener at 127.0.0.1/41293] INFO  ha.SCMHANodeDetails (SCMHANodeDetails.java:loadSCMHAConfig(168)) - ServiceID for StorageContainerManager is scm-service-test1
2022-03-02 19:15:04,456 [Listener at 127.0.0.1/41293] WARN  scm.ScmUtils (ScmUtils.java:logWarn(179)) - ConfigKey ozone.scm.block.client.address is deprecated, For configuring different ports for each SCM use PortConfigKey ozone.scm.block.client.port appended with serviceId and nodeId. If want to configure same port configure ozone.scm.block.client.port
2022-03-02 19:15:04,456 [Listener at 127.0.0.1/41293] WARN  scm.ScmUtils (ScmUtils.java:logWarn(179)) - ConfigKey ozone.scm.client.address is deprecated, For configuring different ports for each SCM use PortConfigKey ozone.scm.client.port appended with serviceId and nodeId. If want to configure same port configure ozone.scm.client.port
2022-03-02 19:15:04,456 [Listener at 127.0.0.1/41293] WARN  scm.ScmUtils (ScmUtils.java:logWarn(179)) - ConfigKey ozone.scm.datanode.address is deprecated, For configuring different ports for each SCM use PortConfigKey ozone.scm.datanode.port appended with serviceId and nodeId. If want to configure same port configure ozone.scm.datanode.port
2022-03-02 19:15:04,457 [Listener at 127.0.0.1/41293] WARN  scm.ScmUtils (ScmUtils.java:logWarn(179)) - ConfigKey ozone.scm.block.client.address is deprecated, For configuring different ports for each SCM use PortConfigKey ozone.scm.block.client.port appended with serviceId and nodeId. If want to configure same port configure ozone.scm.block.client.port
2022-03-02 19:15:04,457 [Listener at 127.0.0.1/41293] WARN  scm.ScmUtils (ScmUtils.java:logWarn(179)) - ConfigKey ozone.scm.client.address is deprecated, For configuring different ports for each SCM use PortConfigKey ozone.scm.client.port appended with serviceId and nodeId. If want to configure same port configure ozone.scm.client.port
2022-03-02 19:15:04,457 [Listener at 127.0.0.1/41293] WARN  scm.ScmUtils (ScmUtils.java:logWarn(179)) - ConfigKey ozone.scm.datanode.address is deprecated, For configuring different ports for each SCM use PortConfigKey ozone.scm.datanode.port appended with serviceId and nodeId. If want to configure same port configure ozone.scm.datanode.port
2022-03-02 19:15:04,457 [Listener at 127.0.0.1/41293] INFO  ha.SCMHANodeDetails (SCMHANodeDetails.java:loadSCMHAConfig(250)) - Found matching SCM address with SCMServiceId: scm-service-test1, SCMNodeId: scmNode-1, RPC Address: localhost:45009 and Ratis port: 45009
2022-03-02 19:15:04,457 [Listener at 127.0.0.1/41293] INFO  ha.SCMHANodeDetails (ConfUtils.java:setNodeSpecificConfigs(108)) - Setting configuration key ozone.scm.datanode.address with value of key ozone.scm.datanode.address.scm-service-test1.scmNode-1: 127.0.0.1:41941
2022-03-02 19:15:04,457 [Listener at 127.0.0.1/41293] INFO  ha.SCMHANodeDetails (ConfUtils.java:setNodeSpecificConfigs(108)) - Setting configuration key ozone.scm.block.client.address with value of key ozone.scm.block.client.address.scm-service-test1.scmNode-1: 127.0.0.1:45179
2022-03-02 19:15:04,458 [Listener at 127.0.0.1/41293] INFO  ha.SCMHANodeDetails (ConfUtils.java:setNodeSpecificConfigs(108)) - Setting configuration key ozone.scm.client.address with value of key ozone.scm.client.address.scm-service-test1.scmNode-1: 127.0.0.1:39009
2022-03-02 19:15:04,458 [Listener at 127.0.0.1/41293] INFO  ha.SCMHANodeDetails (ConfUtils.java:setNodeSpecificConfigs(108)) - Setting configuration key ozone.scm.ratis.port with value of key ozone.scm.ratis.port.scm-service-test1.scmNode-1: 45009
2022-03-02 19:15:04,458 [Listener at 127.0.0.1/41293] INFO  ha.SCMHANodeDetails (ConfUtils.java:setNodeSpecificConfigs(108)) - Setting configuration key ozone.scm.grpc.port with value of key ozone.scm.grpc.port.scm-service-test1.scmNode-1: 38665
2022-03-02 19:15:04,458 [Listener at 127.0.0.1/41293] INFO  ha.SCMHANodeDetails (ConfUtils.java:setNodeSpecificConfigs(108)) - Setting configuration key ozone.scm.http-address with value of key ozone.scm.http-address.scm-service-test1.scmNode-1: 127.0.0.1:44099
2022-03-02 19:15:04,458 [Listener at 127.0.0.1/41293] INFO  ha.SCMHANodeDetails (ConfUtils.java:setNodeSpecificConfigs(108)) - Setting configuration key ozone.scm.https-address with value of key ozone.scm.https-address.scm-service-test1.scmNode-1: 127.0.0.1:43435
2022-03-02 19:15:04,459 [Listener at 127.0.0.1/41293] INFO  ha.SCMHANodeDetails (ConfUtils.java:setNodeSpecificConfigs(108)) - Setting configuration key ozone.scm.address with value of key ozone.scm.address.scm-service-test1.scmNode-1: 127.0.0.1
2022-03-02 19:15:04,460 [Listener at 127.0.0.1/41293] WARN  scm.ScmUtils (ScmUtils.java:logWarn(179)) - ConfigKey ozone.scm.block.client.address is deprecated, For configuring different ports for each SCM use PortConfigKey ozone.scm.block.client.port appended with serviceId and nodeId. If want to configure same port configure ozone.scm.block.client.port
2022-03-02 19:15:04,460 [Listener at 127.0.0.1/41293] WARN  scm.ScmUtils (ScmUtils.java:logWarn(179)) - ConfigKey ozone.scm.client.address is deprecated, For configuring different ports for each SCM use PortConfigKey ozone.scm.client.port appended with serviceId and nodeId. If want to configure same port configure ozone.scm.client.port
2022-03-02 19:15:04,460 [Listener at 127.0.0.1/41293] WARN  scm.ScmUtils (ScmUtils.java:logWarn(179)) - ConfigKey ozone.scm.datanode.address is deprecated, For configuring different ports for each SCM use PortConfigKey ozone.scm.datanode.port appended with serviceId and nodeId. If want to configure same port configure ozone.scm.datanode.port
2022-03-02 19:15:04,460 [Listener at 127.0.0.1/41293] WARN  server.ServerUtils (ServerUtils.java:getScmDbDir(148)) - ozone.scm.db.dirs is not configured. We recommend adding this setting. Falling back to ozone.metadata.dirs instead.
2022-03-02 19:15:04,462 [Listener at 127.0.0.1/41293] INFO  upgrade.AbstractLayoutVersionManager (AbstractLayoutVersionManager.java:init(79)) - Initializing Layout version manager with metadata layout = SCM_HA (version = 2), software layout = SCM_HA (version = 2)
2022-03-02 19:15:04,557 [Listener at 127.0.0.1/41293] INFO  reflections.Reflections (Reflections.java:scan(232)) - Reflections took 93 ms to scan 7 urls, producing 122 keys and 286 values 
2022-03-02 19:15:04,564 [Listener at 127.0.0.1/41293] WARN  utils.HAUtils (HAUtils.java:getMetaDir(342)) - ozone.scm.db.dirs is not configured. We recommend adding this setting. Falling back to ozone.metadata.dirs instead.
2022-03-02 19:15:04,565 [Listener at 127.0.0.1/41293] WARN  db.DBStoreBuilder (DBStoreBuilder.java:applyDBDefinition(145)) - ozone.scm.db.dirs is not configured. We recommend adding this setting. Falling back to ozone.metadata.dirs instead.
2022-03-02 19:15:04,775 [Listener at 127.0.0.1/41293] INFO  net.NodeSchemaLoader (NodeSchemaLoader.java:loadSchemaFromFile(129)) - Loading schema from [jar:file:/home/runner/.m2/repository/org/apache/ozone/hdds-common/1.3.0-SNAPSHOT/hdds-common-1.3.0-SNAPSHOT.jar!/network-topology-default.xml]
2022-03-02 19:15:04,776 [Listener at 127.0.0.1/41293] INFO  net.NodeSchemaLoader (NodeSchemaLoader.java:loadSchema(176)) - Loading network topology layer schema file
2022-03-02 19:15:04,790 [Listener at 127.0.0.1/41293] INFO  ha.SCMRatisServerImpl (SCMRatisServerImpl.java:<init>(87)) - starting Raft server for scm:878dadca-57df-4ab3-9601-92853b413341
2022-03-02 19:15:04,799 [Listener at 127.0.0.1/41293] INFO  server.RaftServer (ConfUtils.java:logGet(44)) - raft.rpc.type = GRPC (default)
2022-03-02 19:15:04,800 [Listener at 127.0.0.1/41293] INFO  grpc.GrpcFactory (GrpcFactory.java:checkPooledByteBufAllocatorUseCacheForAllThreads(48)) - PERFORMANCE WARNING: useCacheForAllThreads is true that may cause Netty to create a lot garbage objects and, as a result, trigger GC.
	It is recommended to disable useCacheForAllThreads by setting -Dorg.apache.ratis.thirdparty.io.netty.allocator.useCacheForAllThreads=false in command line.
2022-03-02 19:15:04,800 [Listener at 127.0.0.1/41293] INFO  grpc.GrpcConfigKeys (ConfUtils.java:logGet(44)) - raft.grpc.admin.port = -1 (default)
2022-03-02 19:15:04,800 [Listener at 127.0.0.1/41293] INFO  grpc.GrpcConfigKeys (ConfUtils.java:logGet(44)) - raft.grpc.server.port = 45009 (custom)
2022-03-02 19:15:04,801 [Listener at 127.0.0.1/41293] INFO  grpc.GrpcConfigKeys (ConfUtils.java:logGet(44)) - raft.grpc.client.port = -1 (default)
2022-03-02 19:15:04,805 [Listener at 127.0.0.1/41293] INFO  grpc.GrpcConfigKeys (ConfUtils.java:logGet(44)) - raft.grpc.server.port = 45009 (custom)
2022-03-02 19:15:04,806 [Listener at 127.0.0.1/41293] INFO  grpc.GrpcConfigKeys (ConfUtils.java:logGet(44)) - raft.grpc.server.port = 45009 (custom)
2022-03-02 19:15:04,806 [Listener at 127.0.0.1/41293] INFO  server.GrpcService (ConfUtils.java:logGet(44)) - raft.grpc.message.size.max = 32m (=33554432) (custom)
2022-03-02 19:15:04,806 [Listener at 127.0.0.1/41293] INFO  server.RaftServerConfigKeys (ConfUtils.java:logGet(44)) - raft.server.log.appender.buffer.byte-limit = 33554432 (custom)
2022-03-02 19:15:04,807 [Listener at 127.0.0.1/41293] INFO  server.GrpcService (ConfUtils.java:logGet(44)) - raft.grpc.flow.control.window = 1MB (=1048576) (default)
2022-03-02 19:15:04,807 [Listener at 127.0.0.1/41293] INFO  server.RaftServerConfigKeys (ConfUtils.java:logGet(44)) - raft.server.rpc.request.timeout = 30000ms (custom)
2022-03-02 19:15:04,811 [Listener at 127.0.0.1/41293] INFO  impl.DataStreamServerImpl (ConfUtils.java:logGet(44)) - raft.datastream.type = DISABLED (default)
2022-03-02 19:15:04,812 [Listener at 127.0.0.1/41293] INFO  server.RaftServerConfigKeys (ConfUtils.java:logGet(44)) - raft.server.rpc.slowness.timeout = 120000ms (custom)
2022-03-02 19:15:04,812 [Listener at 127.0.0.1/41293] INFO  server.RaftServerConfigKeys (ConfUtils.java:logGet(44)) - raft.server.leaderelection.leader.step-down.wait-time = 10s (default)
2022-03-02 19:15:04,812 [Listener at 127.0.0.1/41293] INFO  server.RaftServerConfigKeys (ConfUtils.java:logGet(44)) - raft.server.storage.dir = [/home/runner/work/ozone/ozone/hadoop-ozone/integration-test/target/test-dir/MiniOzoneClusterImpl-403ad05d-12dd-4695-ad1e-d5eafc849fbc/scmNode-1/scm-ha] (custom)
2022-03-02 19:15:04,826 [Listener at 127.0.0.1/41293] INFO  server.RaftServer (RaftServerProxy.java:lambda$null$1(235)) - 878dadca-57df-4ab3-9601-92853b413341: found a subdirectory /home/runner/work/ozone/ozone/hadoop-ozone/integration-test/target/test-dir/MiniOzoneClusterImpl-403ad05d-12dd-4695-ad1e-d5eafc849fbc/scmNode-1/scm-ha/403ad05d-12dd-4695-ad1e-d5eafc849fbc
2022-03-02 19:15:04,837 [EndpointStateMachine task thread for /127.0.0.1:45835 - 0 ] INFO  ipc.Client (Client.java:handleConnectionFailure(977)) - Retrying connect to server: localhost/127.0.0.1:45835. Already tried 12 time(s); retry policy is RetryUpToMaximumCountWithFixedSleep(maxRetries=15, sleepTime=1000 MILLISECONDS)
2022-03-02 19:15:04,838 [Listener at 127.0.0.1/41293] INFO  server.RaftServer (RaftServerProxy.java:addNew(95)) - 878dadca-57df-4ab3-9601-92853b413341: addNew group-D5EAFC849FBC:[] returns group-D5EAFC849FBC:java.util.concurrent.CompletableFuture@6982fae[Not completed]
2022-03-02 19:15:04,838 [pool-241-thread-1] INFO  server.RaftServer$Division (RaftServerImpl.java:<init>(184)) - 878dadca-57df-4ab3-9601-92853b413341: new RaftServerImpl for group-D5EAFC849FBC:[] with SCMStateMachine:uninitialized
2022-03-02 19:15:04,843 [pool-241-thread-1] INFO  server.RaftServerConfigKeys (ConfUtils.java:logGet(44)) - raft.server.rpc.timeout.min = 5000ms (custom)
2022-03-02 19:15:04,843 [pool-241-thread-1] INFO  server.RaftServerConfigKeys (ConfUtils.java:logGet(44)) - raft.server.rpc.timeout.max = 5200ms (custom)
2022-03-02 19:15:04,843 [pool-241-thread-1] INFO  server.RaftServerConfigKeys (ConfUtils.java:logGet(44)) - raft.server.rpc.sleep.time = 25ms (default)
2022-03-02 19:15:04,843 [pool-241-thread-1] INFO  server.RaftServerConfigKeys (ConfUtils.java:logGet(44)) - raft.server.rpc.slowness.timeout = 120000ms (custom)
2022-03-02 19:15:04,843 [pool-241-thread-1] INFO  server.RaftServerConfigKeys (ConfUtils.java:logGet(44)) - raft.server.leaderelection.leader.step-down.wait-time = 10s (default)
2022-03-02 19:15:04,843 [pool-241-thread-1] INFO  server.RaftServerConfigKeys (ConfUtils.java:logGet(44)) - raft.server.sleep.deviation.threshold = 300ms (default)
2022-03-02 19:15:04,843 [pool-241-thread-1] INFO  server.RaftServerConfigKeys (ConfUtils.java:logGet(44)) - raft.server.log.appender.install.snapshot.enabled = false (custom)
2022-03-02 19:15:04,843 [pool-241-thread-1] INFO  server.RaftServer$Division (ServerState.java:<init>(105)) - 878dadca-57df-4ab3-9601-92853b413341@group-D5EAFC849FBC: ConfigurationManager, init=-1: [], old=null, confs=<EMPTY_MAP>
2022-03-02 19:15:04,843 [pool-241-thread-1] INFO  server.RaftServerConfigKeys (ConfUtils.java:logGet(44)) - raft.server.storage.dir = [/home/runner/work/ozone/ozone/hadoop-ozone/integration-test/target/test-dir/MiniOzoneClusterImpl-403ad05d-12dd-4695-ad1e-d5eafc849fbc/scmNode-1/scm-ha] (custom)
2022-03-02 19:15:04,843 [pool-241-thread-1] INFO  server.RaftServerConfigKeys (ConfUtils.java:logGet(44)) - raft.server.log.corruption.policy = EXCEPTION (default)
2022-03-02 19:15:04,844 [pool-241-thread-1] INFO  server.RaftServerConfigKeys (ConfUtils.java:logGet(44)) - raft.server.storage.free-space.min = 0MB (=0) (default)
2022-03-02 19:15:04,844 [EndpointStateMachine task thread for /127.0.0.1:34023 - 0 ] INFO  ipc.Client (Client.java:handleConnectionFailure(977)) - Retrying connect to server: localhost/127.0.0.1:34023. Already tried 12 time(s); retry policy is RetryUpToMaximumCountWithFixedSleep(maxRetries=15, sleepTime=1000 MILLISECONDS)
2022-03-02 19:15:04,844 [EndpointStateMachine task thread for /127.0.0.1:44351 - 0 ] INFO  ipc.Client (Client.java:handleConnectionFailure(977)) - Retrying connect to server: localhost/127.0.0.1:44351. Already tried 12 time(s); retry policy is RetryUpToMaximumCountWithFixedSleep(maxRetries=15, sleepTime=1000 MILLISECONDS)
2022-03-02 19:15:04,845 [pool-241-thread-1] INFO  storage.RaftStorageDirectory (RaftStorageDirectoryImpl.java:tryLock(230)) - Lock on /home/runner/work/ozone/ozone/hadoop-ozone/integration-test/target/test-dir/MiniOzoneClusterImpl-403ad05d-12dd-4695-ad1e-d5eafc849fbc/scmNode-1/scm-ha/403ad05d-12dd-4695-ad1e-d5eafc849fbc/in_use.lock acquired by nodename 6445@fv-az396-267
2022-03-02 19:15:04,846 [pool-241-thread-1] INFO  storage.RaftStorage (RaftStorageImpl.java:analyzeAndRecoverStorage(110)) - Read RaftStorageMetadata{term=1, votedFor=878dadca-57df-4ab3-9601-92853b413341} from /home/runner/work/ozone/ozone/hadoop-ozone/integration-test/target/test-dir/MiniOzoneClusterImpl-403ad05d-12dd-4695-ad1e-d5eafc849fbc/scmNode-1/scm-ha/403ad05d-12dd-4695-ad1e-d5eafc849fbc/current/raft-meta
2022-03-02 19:15:04,846 [pool-241-thread-1] INFO  server.RaftServer$Division (ServerState.java:setRaftConf(387)) - 878dadca-57df-4ab3-9601-92853b413341@group-D5EAFC849FBC: set configuration 0: [878dadca-57df-4ab3-9601-92853b413341|rpc:localhost:45009|admin:|client:|dataStream:|priority:0], old=null
2022-03-02 19:15:04,846 [pool-241-thread-1] INFO  server.RaftServerConfigKeys (ConfUtils.java:logGet(44)) - raft.server.notification.no-leader.timeout = 60s (default)
2022-03-02 19:15:04,846 [pool-241-thread-1] INFO  server.RaftServerConfigKeys (ConfUtils.java:logGet(44)) - raft.server.log.use.memory = false (default)
2022-03-02 19:15:04,846 [pool-241-thread-1] INFO  server.RaftServerConfigKeys (ConfUtils.java:logGet(44)) - raft.server.log.purge.gap = 5 (custom)
2022-03-02 19:15:04,847 [pool-241-thread-1] INFO  server.RaftServerConfigKeys (ConfUtils.java:logGet(44)) - raft.server.log.appender.buffer.byte-limit = 33554432 (custom)
2022-03-02 19:15:04,847 [pool-241-thread-1] INFO  server.RaftServerConfigKeys (ConfUtils.java:logGet(44)) - raft.server.log.segment.size.max = 4194304 (custom)
2022-03-02 19:15:04,847 [pool-241-thread-1] INFO  server.RaftServerConfigKeys (ConfUtils.java:logGet(44)) - raft.server.log.segment.cache.num.max = 2 (custom)
2022-03-02 19:15:04,847 [pool-241-thread-1] INFO  server.RaftServerConfigKeys (ConfUtils.java:logGet(44)) - raft.server.log.segment.cache.size.max = 200MB (=209715200) (default)
2022-03-02 19:15:04,847 [pool-241-thread-1] INFO  segmented.SegmentedRaftLogWorker (SegmentedRaftLogWorker.java:<init>(182)) - new 878dadca-57df-4ab3-9601-92853b413341@group-D5EAFC849FBC-SegmentedRaftLogWorker for RaftStorageImpl:Storage Directory /home/runner/work/ozone/ozone/hadoop-ozone/integration-test/target/test-dir/MiniOzoneClusterImpl-403ad05d-12dd-4695-ad1e-d5eafc849fbc/scmNode-1/scm-ha/403ad05d-12dd-4695-ad1e-d5eafc849fbc
2022-03-02 19:15:04,848 [pool-241-thread-1] INFO  server.RaftServerConfigKeys (ConfUtils.java:logGet(44)) - raft.server.log.queue.byte-limit = 64MB (=67108864) (default)
2022-03-02 19:15:04,848 [pool-241-thread-1] INFO  server.RaftServerConfigKeys (ConfUtils.java:logGet(44)) - raft.server.log.queue.element-limit = 4096 (default)
2022-03-02 19:15:04,848 [pool-241-thread-1] INFO  server.RaftServerConfigKeys (ConfUtils.java:logGet(44)) - raft.server.log.segment.size.max = 4194304 (custom)
2022-03-02 19:15:04,848 [pool-241-thread-1] INFO  server.RaftServerConfigKeys (ConfUtils.java:logGet(44)) - raft.server.log.preallocated.size = 4194304 (custom)
2022-03-02 19:15:04,848 [pool-241-thread-1] INFO  server.RaftServerConfigKeys (ConfUtils.java:logGet(44)) - raft.server.log.force.sync.num = 128 (default)
2022-03-02 19:15:04,848 [pool-241-thread-1] INFO  server.RaftServerConfigKeys (ConfUtils.java:logGet(44)) - raft.server.log.statemachine.data.sync = true (default)
2022-03-02 19:15:04,848 [pool-241-thread-1] INFO  server.RaftServerConfigKeys (ConfUtils.java:logGet(44)) - raft.server.log.statemachine.data.sync.timeout = 10s (default)
2022-03-02 19:15:04,848 [pool-241-thread-1] INFO  server.RaftServerConfigKeys (ConfUtils.java:logGet(44)) - raft.server.log.statemachine.data.sync.timeout.retry = -1 (default)
2022-03-02 19:15:04,849 [pool-241-thread-1] INFO  server.RaftServerConfigKeys (ConfUtils.java:logGet(44)) - raft.server.log.write.buffer.size = 64KB (=65536) (default)
2022-03-02 19:15:04,849 [pool-241-thread-1] INFO  server.RaftServerConfigKeys (ConfUtils.java:logGet(44)) - raft.server.log.statemachine.data.caching.enabled = false (default)
2022-03-02 19:15:04,850 [pool-241-thread-1] INFO  server.RaftServer$Division (ServerState.java:setRaftConf(387)) - 878dadca-57df-4ab3-9601-92853b413341@group-D5EAFC849FBC: set configuration 0: [878dadca-57df-4ab3-9601-92853b413341|rpc:localhost:45009|admin:|client:|dataStream:|priority:0], old=null
2022-03-02 19:15:04,850 [pool-241-thread-1] INFO  segmented.LogSegment (LogSegment.java:loadSegment(173)) - Successfully read 1 entries from segment file /home/runner/work/ozone/ozone/hadoop-ozone/integration-test/target/test-dir/MiniOzoneClusterImpl-403ad05d-12dd-4695-ad1e-d5eafc849fbc/scmNode-1/scm-ha/403ad05d-12dd-4695-ad1e-d5eafc849fbc/current/log_inprogress_0
2022-03-02 19:15:04,850 [pool-241-thread-1] INFO  segmented.SegmentedRaftLogWorker (SegmentedRaftLogWorker.java:lambda$new$0(133)) - 878dadca-57df-4ab3-9601-92853b413341@group-D5EAFC849FBC-SegmentedRaftLogWorker: flushIndex: setUnconditionally 0 -> 0
2022-03-02 19:15:04,850 [pool-241-thread-1] INFO  segmented.SegmentedRaftLogWorker (SegmentedRaftLogWorker.java:lambda$new$0(133)) - 878dadca-57df-4ab3-9601-92853b413341@group-D5EAFC849FBC-SegmentedRaftLogWorker: safeCacheEvictIndex: setUnconditionally 0 -> -1
2022-03-02 19:15:04,866 [pool-241-thread-1] INFO  server.RaftServerConfigKeys (ConfUtils.java:logGet(44)) - raft.server.snapshot.auto.trigger.enabled = true (custom)
2022-03-02 19:15:04,866 [pool-241-thread-1] INFO  server.RaftServerConfigKeys (ConfUtils.java:logGet(44)) - raft.server.snapshot.auto.trigger.threshold = 5 (custom)
2022-03-02 19:15:04,866 [pool-241-thread-1] INFO  server.RaftServerConfigKeys (ConfUtils.java:logGet(44)) - raft.server.snapshot.retention.file.num = -1 (default)
2022-03-02 19:15:04,867 [pool-241-thread-1] INFO  server.RaftServerConfigKeys (ConfUtils.java:logGet(44)) - raft.server.log.purge.upto.snapshot.index = true (custom)
2022-03-02 19:15:04,867 [pool-241-thread-1] INFO  server.RaftServerConfigKeys (ConfUtils.java:logGet(44)) - raft.server.retrycache.expirytime = 60000ms (default)
2022-03-02 19:15:04,867 [pool-241-thread-1] INFO  server.RaftServerConfigKeys (ConfUtils.java:logGet(44)) - raft.server.retrycache.statistics.expirytime = 100μs (default)
2022-03-02 19:15:04,873 [Listener at 127.0.0.1/41293] INFO  ha.SCMSnapshotProvider (SCMSnapshotProvider.java:<init>(66)) - Initializing SCM Snapshot Provider
2022-03-02 19:15:04,873 [Listener at 127.0.0.1/41293] WARN  server.ServerUtils (ServerUtils.java:getDefaultRatisDirectory(237)) - Storage directory for Ratis is not configured. It is a good idea to map this to an SSD disk. Falling back to ozone.metadata.dirs
2022-03-02 19:15:04,874 [Listener at 127.0.0.1/41293] WARN  ha.SCMHAUtils (SCMHAUtils.java:getSCMRatisSnapshotDirectory(151)) - SCM snapshot dir is not configured. Falling back to ozone.metadata.dirs config
2022-03-02 19:15:04,876 [Listener at 127.0.0.1/41293] INFO  ha.SequenceIdGenerator (SequenceIdGenerator.java:upgradeToSequenceId(347)) - upgrade localId to 109611004723200000
2022-03-02 19:15:04,876 [Listener at 127.0.0.1/41293] INFO  ha.SequenceIdGenerator (SequenceIdGenerator.java:upgradeToSequenceId(357)) - upgrade delTxnId to 0
2022-03-02 19:15:04,876 [Listener at 127.0.0.1/41293] INFO  ha.SequenceIdGenerator (SequenceIdGenerator.java:upgradeToSequenceId(371)) - upgrade containerId to 0
2022-03-02 19:15:04,876 [Listener at 127.0.0.1/41293] INFO  ha.SequenceIdGenerator (SequenceIdGenerator.java:<init>(218)) - Init the HA SequenceIdGenerator.
2022-03-02 19:15:04,882 [Listener at 127.0.0.1/41293] INFO  node.SCMNodeManager (SCMNodeManager.java:<init>(144)) - Entering startup safe mode.
2022-03-02 19:15:04,883 [Listener at 127.0.0.1/41293] INFO  algorithms.ContainerPlacementPolicyFactory (ContainerPlacementPolicyFactory.java:getPolicy(60)) - Create container placement policy of type org.apache.hadoop.hdds.scm.container.placement.algorithms.SCMContainerPlacementRandom
2022-03-02 19:15:04,883 [Listener at 127.0.0.1/41293] INFO  pipeline.PipelineStateManagerImpl (PipelineStateManagerImpl.java:initialize(78)) - No pipeline exists in current db
2022-03-02 19:15:04,883 [Listener at 127.0.0.1/41293] INFO  algorithms.LeaderChoosePolicyFactory (LeaderChoosePolicyFactory.java:getPolicy(57)) - Create leader choose policy of type org.apache.hadoop.hdds.scm.pipeline.leader.choose.algorithms.MinLeaderCountChoosePolicy
2022-03-02 19:15:04,884 [Listener at 127.0.0.1/41293] INFO  ha.SCMServiceManager (SCMServiceManager.java:register(42)) - Registering service BackgroundPipelineCreator.
2022-03-02 19:15:04,884 [Listener at 127.0.0.1/41293] INFO  pipeline.BackgroundPipelineCreator (BackgroundPipelineCreator.java:start(130)) - Starting RatisPipelineUtilsThread.
2022-03-02 19:15:04,890 [Listener at 127.0.0.1/41293] INFO  algorithms.PipelineChoosePolicyFactory (PipelineChoosePolicyFactory.java:createPipelineChoosePolicyFromClass(73)) - Create pipeline choose policy of type org.apache.hadoop.hdds.scm.pipeline.choose.algorithms.RandomPipelineChoosePolicy
2022-03-02 19:15:04,890 [Listener at 127.0.0.1/41293] INFO  ha.SCMServiceManager (SCMServiceManager.java:register(42)) - Registering service SCMBlockDeletingService.
2022-03-02 19:15:04,891 [Listener at 127.0.0.1/41293] INFO  ha.SCMServiceManager (SCMServiceManager.java:register(42)) - Registering service ReplicationManager.
2022-03-02 19:15:04,891 [Listener at 127.0.0.1/41293] INFO  container.ReplicationManager (ReplicationManager.java:start(326)) - Starting Replication Monitor Thread.
2022-03-02 19:15:04,906 [Listener at 127.0.0.1/41293] INFO  safemode.ContainerSafeModeRule (ContainerSafeModeRule.java:<init>(89)) - containers with one replica threshold count 0
2022-03-02 19:15:04,906 [Listener at 127.0.0.1/41293] INFO  safemode.HealthyPipelineSafeModeRule (HealthyPipelineSafeModeRule.java:initializeRule(156)) - Total pipeline count is 0, healthy pipeline threshold count is 1
2022-03-02 19:15:04,906 [Listener at 127.0.0.1/41293] INFO  safemode.OneReplicaPipelineSafeModeRule (OneReplicaPipelineSafeModeRule.java:initializeRule(180)) - Total pipeline count is 0, pipeline's with at least one datanode reported threshold count is 0
2022-03-02 19:15:04,914 [Listener at 127.0.0.1/41293] INFO  ipc.CallQueueManager (CallQueueManager.java:<init>(90)) - Using callQueue: class java.util.concurrent.LinkedBlockingQueue, queueCapacity: 10000, scheduler: class org.apache.hadoop.ipc.DefaultRpcScheduler, ipcBackoff: false.
2022-03-02 19:15:04,915 [Socket Reader #1 for port 41941] INFO  ipc.Server (Server.java:run(1265)) - Starting Socket Reader #1 for port 41941
2022-03-02 19:15:04,923 [Listener at 0.0.0.0/41941] INFO  ipc.CallQueueManager (CallQueueManager.java:<init>(90)) - Using callQueue: class java.util.concurrent.LinkedBlockingQueue, queueCapacity: 10000, scheduler: class org.apache.hadoop.ipc.DefaultRpcScheduler, ipcBackoff: false.
2022-03-02 19:15:04,924 [Socket Reader #1 for port 45179] INFO  ipc.Server (Server.java:run(1265)) - Starting Socket Reader #1 for port 45179
2022-03-02 19:15:04,924 [Listener at 0.0.0.0/45179] INFO  ipc.CallQueueManager (CallQueueManager.java:<init>(90)) - Using callQueue: class java.util.concurrent.LinkedBlockingQueue, queueCapacity: 10000, scheduler: class org.apache.hadoop.ipc.DefaultRpcScheduler, ipcBackoff: false.
2022-03-02 19:15:04,928 [Socket Reader #1 for port 39009] INFO  ipc.Server (Server.java:run(1265)) - Starting Socket Reader #1 for port 39009
2022-03-02 19:15:04,939 [ReplicationMonitor] INFO  container.ReplicationManager (ReplicationManager.java:processAll(374)) - Replication Manager is not ready to run until 300000ms after safemode exit
2022-03-02 19:15:04,989 [Listener at 0.0.0.0/39009] INFO  algorithms.ContainerPlacementPolicyFactory (ContainerPlacementPolicyFactory.java:getPolicy(60)) - Create container placement policy of type org.apache.hadoop.hdds.scm.container.placement.algorithms.SCMContainerPlacementRandom
2022-03-02 19:15:05,001 [Listener at 0.0.0.0/39009] INFO  server.StorageContainerManager (StorageContainerManager.java:<init>(392)) - 
Container Balancer status:
Key                            Value
Running                        false
Container Balancer Configuration values:
Key                                                Value
Threshold                                          10
Max Datanodes to Involve per Iteration(percent)    20
Max Size to Move per Iteration                     500GB
Max Size Entering Target per Iteration             26GB
Max Size Leaving Source per Iteration              26GB

2022-03-02 19:15:05,002 [Listener at 0.0.0.0/39009] WARN  events.EventQueue (EventQueue.java:fireEvent(194)) - No event handler registered for event TypedEvent{payloadType=SafeModeStatus, name='Safe mode status'}
2022-03-02 19:15:05,002 [Listener at 0.0.0.0/39009] INFO  ha.SCMContext (SCMContext.java:updateSafeModeStatus(211)) - Update SafeModeStatus from SafeModeStatus{safeModeStatus=true, preCheckPassed=false} to SafeModeStatus{safeModeStatus=true, preCheckPassed=false}.
2022-03-02 19:15:05,003 [Listener at 0.0.0.0/39009] INFO  server.StorageContainerManager (StorageContainerManager.java:start(1330)) - StorageContainerLocationProtocol RPC server is listening at /0.0.0.0:39009
2022-03-02 19:15:05,004 [Listener at 0.0.0.0/39009] INFO  ha.SCMRatisServerImpl (SCMRatisServerImpl.java:start(177)) - starting ratis server 0.0.0.0:45009
2022-03-02 19:15:05,004 [Listener at 0.0.0.0/39009] INFO  server.RaftServer$Division (RaftServerImpl.java:start(301)) - 878dadca-57df-4ab3-9601-92853b413341@group-D5EAFC849FBC: start as a follower, conf=0: [878dadca-57df-4ab3-9601-92853b413341|rpc:localhost:45009|admin:|client:|dataStream:|priority:0], old=null
2022-03-02 19:15:05,004 [Listener at 0.0.0.0/39009] INFO  server.RaftServer$Division (RaftServerImpl.java:setRole(290)) - 878dadca-57df-4ab3-9601-92853b413341@group-D5EAFC849FBC: changes role from      null to FOLLOWER at term 1 for startAsFollower
2022-03-02 19:15:05,006 [Listener at 0.0.0.0/39009] INFO  impl.RoleInfo (RoleInfo.java:updateAndGet(130)) - 878dadca-57df-4ab3-9601-92853b413341: start 878dadca-57df-4ab3-9601-92853b413341@group-D5EAFC849FBC-FollowerState
2022-03-02 19:15:05,016 [Listener at 0.0.0.0/39009] INFO  util.JmxRegister (JmxRegister.java:tryRegister(44)) - Successfully registered JMX Bean with object name Ratis:service=RaftServer,group=group-D5EAFC849FBC,id=878dadca-57df-4ab3-9601-92853b413341
2022-03-02 19:15:05,022 [Listener at 0.0.0.0/39009] INFO  server.RaftServer (RaftServerProxy.java:lambda$start$5(374)) - 878dadca-57df-4ab3-9601-92853b413341: start RPC server
2022-03-02 19:15:05,023 [Listener at 0.0.0.0/39009] INFO  server.GrpcService (GrpcService.java:startImpl(253)) - 878dadca-57df-4ab3-9601-92853b413341: GrpcService started, listening on 45009
2022-03-02 19:15:05,026 [Listener at 0.0.0.0/39009] INFO  ha.SCMHAManagerImpl (SCMHAManagerImpl.java:start(121)) -  scm role is FOLLOWER peers [878dadca-57df-4ab3-9601-92853b413341|rpc:localhost:45009|admin:|client:|dataStream:|priority:0]
2022-03-02 19:15:05,026 [Listener at 0.0.0.0/39009] INFO  ha.InterSCMGrpcService (InterSCMGrpcProtocolService.java:start(94)) - Starting SCM Grpc Service at port 38665
2022-03-02 19:15:05,027 [org.apache.ratis.util.JvmPauseMonitor$$Lambda$503/310350177@728ce413] INFO  util.JvmPauseMonitor (JvmPauseMonitor.java:run(103)) - JvmPauseMonitor-878dadca-57df-4ab3-9601-92853b413341: Started
2022-03-02 19:15:05,029 [Listener at 0.0.0.0/39009] WARN  impl.MetricsConfig (MetricsConfig.java:loadFirst(136)) - Cannot locate configuration: tried hadoop-metrics2-storagecontainermanager.properties,hadoop-metrics2.properties
2022-03-02 19:15:05,035 [Listener at 0.0.0.0/39009] INFO  impl.MetricsSystemImpl (MetricsSystemImpl.java:startTimer(378)) - Scheduled Metric snapshot period at 10 second(s).
2022-03-02 19:15:05,035 [Listener at 0.0.0.0/39009] INFO  impl.MetricsSystemImpl (MetricsSystemImpl.java:start(191)) - StorageContainerManager metrics system started
2022-03-02 19:15:05,065 [Listener at 0.0.0.0/39009] INFO  impl.MetricsSinkAdapter (MetricsSinkAdapter.java:start(204)) - Sink prometheus started
2022-03-02 19:15:05,067 [Listener at 0.0.0.0/39009] INFO  impl.MetricsSystemImpl (MetricsSystemImpl.java:registerSink(305)) - Registered sink prometheus
2022-03-02 19:15:05,107 [Listener at 0.0.0.0/39009] INFO  server.SCMClientProtocolServer (SCMClientProtocolServer.java:start(165)) - RPC server for Client  is listening at /0.0.0.0:39009
2022-03-02 19:15:05,118 [IPC Server Responder] INFO  ipc.Server (Server.java:run(1507)) - IPC Server Responder: starting
2022-03-02 19:15:05,119 [IPC Server listener on 39009] INFO  ipc.Server (Server.java:run(1344)) - IPC Server listener on 39009: starting
2022-03-02 19:15:05,187 [Listener at 0.0.0.0/39009] INFO  server.StorageContainerManager (StorageContainerManager.java:start(1345)) - ScmBlockLocationProtocol RPC server is listening at /0.0.0.0:45179
2022-03-02 19:15:05,188 [Listener at 0.0.0.0/39009] INFO  server.SCMBlockProtocolServer (SCMBlockProtocolServer.java:start(151)) - RPC server for Block Protocol is listening at /0.0.0.0:45179
2022-03-02 19:15:05,191 [IPC Server Responder] INFO  ipc.Server (Server.java:run(1507)) - IPC Server Responder: starting
2022-03-02 19:15:05,210 [IPC Server listener on 45179] INFO  ipc.Server (Server.java:run(1344)) - IPC Server listener on 45179: starting
2022-03-02 19:15:05,290 [org.apache.hadoop.util.JvmPauseMonitor$Monitor@124e5ce1] INFO  util.JvmPauseMonitor (JvmPauseMonitor.java:run(188)) - Starting JVM pause monitor
2022-03-02 19:15:05,291 [Listener at 0.0.0.0/39009] INFO  http.BaseHttpServer (BaseHttpServer.java:newHttpServer2BuilderForOzone(209)) - Starting Web-server for scm at: http://0.0.0.0:44099
2022-03-02 19:15:05,293 [Listener at 0.0.0.0/39009] INFO  http.BaseHttpServer (BaseHttpServer.java:<init>(107)) - Hadoop Security Enabled: false Ozone Security Enabled: false Ozone HTTP Security Enabled: false 
2022-03-02 19:15:05,295 [Listener at 0.0.0.0/39009] INFO  server.AuthenticationFilter (AuthenticationFilter.java:constructSecretProvider(240)) - Unable to initialize FileSignerSecretProvider, falling back to use random secrets.
2022-03-02 19:15:05,295 [Listener at 0.0.0.0/39009] WARN  http.HttpRequestLog (HttpRequestLog.java:getRequestLog(103)) - Jetty request log can only be enabled using Log4j
2022-03-02 19:15:05,297 [Listener at 0.0.0.0/39009] INFO  http.HttpServer2 (HttpServer2.java:addGlobalFilter(1030)) - Added global filter 'safety' (class=org.apache.hadoop.hdds.server.http.HttpServer2$QuotingInputFilter)
2022-03-02 19:15:05,298 [Listener at 0.0.0.0/39009] INFO  http.HttpServer2 (HttpServer2.java:addFilter(1006)) - Added filter static_user_filter (class=org.apache.hadoop.http.lib.StaticUserWebFilter$StaticUserFilter) to context scm
2022-03-02 19:15:05,298 [Listener at 0.0.0.0/39009] INFO  http.HttpServer2 (HttpServer2.java:addFilter(1014)) - Added filter static_user_filter (class=org.apache.hadoop.http.lib.StaticUserWebFilter$StaticUserFilter) to context logs
2022-03-02 19:15:05,298 [Listener at 0.0.0.0/39009] INFO  http.HttpServer2 (HttpServer2.java:addFilter(1014)) - Added filter static_user_filter (class=org.apache.hadoop.http.lib.StaticUserWebFilter$StaticUserFilter) to context static
2022-03-02 19:15:05,299 [Listener at 0.0.0.0/39009] INFO  http.HttpServer2 (HttpServer2.java:bindListener(1249)) - Jetty bound to port 44099
2022-03-02 19:15:05,299 [Listener at 0.0.0.0/39009] INFO  server.Server (Server.java:doStart(375)) - jetty-9.4.43.v20210629; built: 2021-06-30T11:07:22.254Z; git: 526006ecfa3af7f1a27ef3a288e2bef7ea9dd7e8; jvm 1.8.0_322-b06
2022-03-02 19:15:05,300 [Listener at 0.0.0.0/39009] INFO  server.session (DefaultSessionIdManager.java:doStart(334)) - DefaultSessionIdManager workerName=node0
2022-03-02 19:15:05,301 [Listener at 0.0.0.0/39009] INFO  server.session (DefaultSessionIdManager.java:doStart(339)) - No SessionScavenger set, using defaults
2022-03-02 19:15:05,301 [Listener at 0.0.0.0/39009] INFO  server.session (HouseKeeper.java:startScavenging(132)) - node0 Scavenging every 600000ms
2022-03-02 19:15:05,302 [Listener at 0.0.0.0/39009] INFO  handler.ContextHandler (ContextHandler.java:doStart(915)) - Started o.e.j.s.ServletContextHandler@253ab1d3{logs,/logs,file:///home/runner/work/ozone/ozone/hadoop-ozone/integration-test/target/log,AVAILABLE}
2022-03-02 19:15:05,302 [Listener at 0.0.0.0/39009] INFO  handler.ContextHandler (ContextHandler.java:doStart(915)) - Started o.e.j.s.ServletContextHandler@13428b9d{static,/static,file:///home/runner/work/ozone/ozone/hadoop-ozone/integration-test/target/test-classes/webapps/static,AVAILABLE}
2022-03-02 19:15:05,308 [Listener at 0.0.0.0/39009] INFO  handler.ContextHandler (ContextHandler.java:doStart(915)) - Started o.e.j.w.WebAppContext@7f418762{scm,/,file:///home/runner/work/ozone/ozone/hadoop-ozone/integration-test/target/test-classes/webapps/scm/,AVAILABLE}{file:/home/runner/work/ozone/ozone/hadoop-ozone/integration-test/target/test-classes/webapps/scm}
2022-03-02 19:15:05,309 [Listener at 0.0.0.0/39009] INFO  server.AbstractConnector (AbstractConnector.java:doStart(331)) - Started ServerConnector@105637ea{HTTP/1.1, (http/1.1)}{0.0.0.0:44099}
2022-03-02 19:15:05,310 [Listener at 0.0.0.0/39009] INFO  server.Server (Server.java:doStart(415)) - Started @79336ms
2022-03-02 19:15:05,310 [Listener at 0.0.0.0/39009] WARN  impl.MetricsSystemImpl (MetricsSystemImpl.java:register(279)) - Sink prometheus already exists!
2022-03-02 19:15:05,313 [Listener at 0.0.0.0/39009] INFO  http.BaseHttpServer (BaseHttpServer.java:updateConnectorAddress(329)) - HTTP server of scm listening at http://0.0.0.0:44099
2022-03-02 19:15:05,313 [Listener at 0.0.0.0/39009] INFO  ozone.MiniOzoneHAClusterImpl (MiniOzoneHAClusterImpl.java:createSCMService(600)) - Started SCM RPC server at /0.0.0.0:39009
2022-03-02 19:15:05,323 [Listener at 0.0.0.0/39009] INFO  ha.SCMHANodeDetails (SCMHANodeDetails.java:loadSCMHAConfig(157)) - ServiceID for StorageContainerManager is scm-service-test1
2022-03-02 19:15:05,323 [Listener at 0.0.0.0/39009] INFO  ha.SCMHANodeDetails (SCMHANodeDetails.java:loadSCMHAConfig(168)) - ServiceID for StorageContainerManager is scm-service-test1
2022-03-02 19:15:05,323 [Listener at 0.0.0.0/39009] WARN  scm.ScmUtils (ScmUtils.java:logWarn(179)) - ConfigKey ozone.scm.block.client.address is deprecated, For configuring different ports for each SCM use PortConfigKey ozone.scm.block.client.port appended with serviceId and nodeId. If want to configure same port configure ozone.scm.block.client.port
2022-03-02 19:15:05,324 [Listener at 0.0.0.0/39009] WARN  scm.ScmUtils (ScmUtils.java:logWarn(179)) - ConfigKey ozone.scm.client.address is deprecated, For configuring different ports for each SCM use PortConfigKey ozone.scm.client.port appended with serviceId and nodeId. If want to configure same port configure ozone.scm.client.port
2022-03-02 19:15:05,324 [Listener at 0.0.0.0/39009] WARN  scm.ScmUtils (ScmUtils.java:logWarn(179)) - ConfigKey ozone.scm.datanode.address is deprecated, For configuring different ports for each SCM use PortConfigKey ozone.scm.datanode.port appended with serviceId and nodeId. If want to configure same port configure ozone.scm.datanode.port
2022-03-02 19:15:05,324 [Listener at 0.0.0.0/39009] WARN  scm.ScmUtils (ScmUtils.java:logWarn(179)) - ConfigKey ozone.scm.block.client.address is deprecated, For configuring different ports for each SCM use PortConfigKey ozone.scm.block.client.port appended with serviceId and nodeId. If want to configure same port configure ozone.scm.block.client.port
2022-03-02 19:15:05,324 [Listener at 0.0.0.0/39009] WARN  scm.ScmUtils (ScmUtils.java:logWarn(179)) - ConfigKey ozone.scm.client.address is deprecated, For configuring different ports for each SCM use PortConfigKey ozone.scm.client.port appended with serviceId and nodeId. If want to configure same port configure ozone.scm.client.port
2022-03-02 19:15:05,324 [Listener at 0.0.0.0/39009] WARN  scm.ScmUtils (ScmUtils.java:logWarn(179)) - ConfigKey ozone.scm.datanode.address is deprecated, For configuring different ports for each SCM use PortConfigKey ozone.scm.datanode.port appended with serviceId and nodeId. If want to configure same port configure ozone.scm.datanode.port
2022-03-02 19:15:05,325 [Listener at 0.0.0.0/39009] INFO  ha.SCMHANodeDetails (SCMHANodeDetails.java:loadSCMHAConfig(250)) - Found matching SCM address with SCMServiceId: scm-service-test1, SCMNodeId: scmNode-2, RPC Address: localhost:40649 and Ratis port: 40649
2022-03-02 19:15:05,325 [Listener at 0.0.0.0/39009] INFO  ha.SCMHANodeDetails (ConfUtils.java:setNodeSpecificConfigs(108)) - Setting configuration key ozone.scm.datanode.address with value of key ozone.scm.datanode.address.scm-service-test1.scmNode-2: 127.0.0.1:34357
2022-03-02 19:15:05,325 [Listener at 0.0.0.0/39009] INFO  ha.SCMHANodeDetails (ConfUtils.java:setNodeSpecificConfigs(108)) - Setting configuration key ozone.scm.block.client.address with value of key ozone.scm.block.client.address.scm-service-test1.scmNode-2: 127.0.0.1:37079
2022-03-02 19:15:05,325 [Listener at 0.0.0.0/39009] INFO  ha.SCMHANodeDetails (ConfUtils.java:setNodeSpecificConfigs(108)) - Setting configuration key ozone.scm.client.address with value of key ozone.scm.client.address.scm-service-test1.scmNode-2: 127.0.0.1:35087
2022-03-02 19:15:05,325 [Listener at 0.0.0.0/39009] INFO  ha.SCMHANodeDetails (ConfUtils.java:setNodeSpecificConfigs(108)) - Setting configuration key ozone.scm.ratis.port with value of key ozone.scm.ratis.port.scm-service-test1.scmNode-2: 40649
2022-03-02 19:15:05,325 [Listener at 0.0.0.0/39009] INFO  ha.SCMHANodeDetails (ConfUtils.java:setNodeSpecificConfigs(108)) - Setting configuration key ozone.scm.grpc.port with value of key ozone.scm.grpc.port.scm-service-test1.scmNode-2: 44817
2022-03-02 19:15:05,326 [Listener at 0.0.0.0/39009] INFO  ha.SCMHANodeDetails (ConfUtils.java:setNodeSpecificConfigs(108)) - Setting configuration key ozone.scm.http-address with value of key ozone.scm.http-address.scm-service-test1.scmNode-2: 127.0.0.1:39511
2022-03-02 19:15:05,326 [Listener at 0.0.0.0/39009] INFO  ha.SCMHANodeDetails (ConfUtils.java:setNodeSpecificConfigs(108)) - Setting configuration key ozone.scm.https-address with value of key ozone.scm.https-address.scm-service-test1.scmNode-2: 127.0.0.1:42725
2022-03-02 19:15:05,326 [Listener at 0.0.0.0/39009] INFO  ha.SCMHANodeDetails (ConfUtils.java:setNodeSpecificConfigs(108)) - Setting configuration key ozone.scm.address with value of key ozone.scm.address.scm-service-test1.scmNode-2: 127.0.0.1
2022-03-02 19:15:05,326 [Listener at 0.0.0.0/39009] WARN  scm.ScmUtils (ScmUtils.java:logWarn(179)) - ConfigKey ozone.scm.block.client.address is deprecated, For configuring different ports for each SCM use PortConfigKey ozone.scm.block.client.port appended with serviceId and nodeId. If want to configure same port configure ozone.scm.block.client.port
2022-03-02 19:15:05,326 [Listener at 0.0.0.0/39009] WARN  scm.ScmUtils (ScmUtils.java:logWarn(179)) - ConfigKey ozone.scm.client.address is deprecated, For configuring different ports for each SCM use PortConfigKey ozone.scm.client.port appended with serviceId and nodeId. If want to configure same port configure ozone.scm.client.port
2022-03-02 19:15:05,326 [Listener at 0.0.0.0/39009] WARN  scm.ScmUtils (ScmUtils.java:logWarn(179)) - ConfigKey ozone.scm.datanode.address is deprecated, For configuring different ports for each SCM use PortConfigKey ozone.scm.datanode.port appended with serviceId and nodeId. If want to configure same port configure ozone.scm.datanode.port
2022-03-02 19:15:05,327 [Listener at 0.0.0.0/39009] WARN  server.ServerUtils (ServerUtils.java:getScmDbDir(148)) - ozone.scm.db.dirs is not configured. We recommend adding this setting. Falling back to ozone.metadata.dirs instead.
2022-03-02 19:15:05,328 [Listener at 0.0.0.0/39009] INFO  ha.SCMNodeInfo (SCMNodeInfo.java:getPort(197)) - ConfigKey ozone.scm.client.address is deprecated, For configuring different ports for each SCM use PortConfigKey ozone.scm.client.port appended with serviceId and nodeId
2022-03-02 19:15:05,329 [Listener at 0.0.0.0/39009] INFO  ha.SCMNodeInfo (SCMNodeInfo.java:getPort(197)) - ConfigKey ozone.scm.block.client.address is deprecated, For configuring different ports for each SCM use PortConfigKey ozone.scm.block.client.port appended with serviceId and nodeId
2022-03-02 19:15:05,329 [Listener at 0.0.0.0/39009] INFO  ha.SCMNodeInfo (SCMNodeInfo.java:getPort(197)) - ConfigKey ozone.scm.datanode.address is deprecated, For configuring different ports for each SCM use PortConfigKey ozone.scm.datanode.port appended with serviceId and nodeId
2022-03-02 19:15:05,329 [Listener at 0.0.0.0/39009] INFO  ha.SCMNodeInfo (SCMNodeInfo.java:getPort(197)) - ConfigKey ozone.scm.client.address is deprecated, For configuring different ports for each SCM use PortConfigKey ozone.scm.client.port appended with serviceId and nodeId
2022-03-02 19:15:05,329 [Listener at 0.0.0.0/39009] INFO  ha.SCMNodeInfo (SCMNodeInfo.java:getPort(197)) - ConfigKey ozone.scm.block.client.address is deprecated, For configuring different ports for each SCM use PortConfigKey ozone.scm.block.client.port appended with serviceId and nodeId
2022-03-02 19:15:05,329 [Listener at 0.0.0.0/39009] INFO  ha.SCMNodeInfo (SCMNodeInfo.java:getPort(197)) - ConfigKey ozone.scm.datanode.address is deprecated, For configuring different ports for each SCM use PortConfigKey ozone.scm.datanode.port appended with serviceId and nodeId
2022-03-02 19:15:05,329 [Listener at 0.0.0.0/39009] INFO  ha.SCMNodeInfo (SCMNodeInfo.java:getPort(197)) - ConfigKey ozone.scm.client.address is deprecated, For configuring different ports for each SCM use PortConfigKey ozone.scm.client.port appended with serviceId and nodeId
2022-03-02 19:15:05,329 [Listener at 0.0.0.0/39009] INFO  ha.SCMNodeInfo (SCMNodeInfo.java:getPort(197)) - ConfigKey ozone.scm.block.client.address is deprecated, For configuring different ports for each SCM use PortConfigKey ozone.scm.block.client.port appended with serviceId and nodeId
2022-03-02 19:15:05,330 [Listener at 0.0.0.0/39009] INFO  ha.SCMNodeInfo (SCMNodeInfo.java:getPort(197)) - ConfigKey ozone.scm.datanode.address is deprecated, For configuring different ports for each SCM use PortConfigKey ozone.scm.datanode.port appended with serviceId and nodeId
2022-03-02 19:15:05,839 [EndpointStateMachine task thread for /127.0.0.1:45835 - 0 ] INFO  ipc.Client (Client.java:handleConnectionFailure(977)) - Retrying connect to server: localhost/127.0.0.1:45835. Already tried 13 time(s); retry policy is RetryUpToMaximumCountWithFixedSleep(maxRetries=15, sleepTime=1000 MILLISECONDS)
2022-03-02 19:15:05,845 [EndpointStateMachine task thread for /127.0.0.1:44351 - 0 ] INFO  ipc.Client (Client.java:handleConnectionFailure(977)) - Retrying connect to server: localhost/127.0.0.1:44351. Already tried 13 time(s); retry policy is RetryUpToMaximumCountWithFixedSleep(maxRetries=15, sleepTime=1000 MILLISECONDS)
2022-03-02 19:15:05,845 [EndpointStateMachine task thread for /127.0.0.1:34023 - 0 ] INFO  ipc.Client (Client.java:handleConnectionFailure(977)) - Retrying connect to server: localhost/127.0.0.1:34023. Already tried 13 time(s); retry policy is RetryUpToMaximumCountWithFixedSleep(maxRetries=15, sleepTime=1000 MILLISECONDS)
2022-03-02 19:15:06,840 [EndpointStateMachine task thread for /127.0.0.1:45835 - 0 ] INFO  ipc.Client (Client.java:handleConnectionFailure(977)) - Retrying connect to server: localhost/127.0.0.1:45835. Already tried 14 time(s); retry policy is RetryUpToMaximumCountWithFixedSleep(maxRetries=15, sleepTime=1000 MILLISECONDS)
2022-03-02 19:15:06,845 [EndpointStateMachine task thread for /127.0.0.1:44351 - 0 ] INFO  ipc.Client (Client.java:handleConnectionFailure(977)) - Retrying connect to server: localhost/127.0.0.1:44351. Already tried 14 time(s); retry policy is RetryUpToMaximumCountWithFixedSleep(maxRetries=15, sleepTime=1000 MILLISECONDS)
2022-03-02 19:15:06,846 [EndpointStateMachine task thread for /127.0.0.1:34023 - 0 ] INFO  ipc.Client (Client.java:handleConnectionFailure(977)) - Retrying connect to server: localhost/127.0.0.1:34023. Already tried 14 time(s); retry policy is RetryUpToMaximumCountWithFixedSleep(maxRetries=15, sleepTime=1000 MILLISECONDS)
2022-03-02 19:15:07,377 [Listener at 0.0.0.0/39009] INFO  retry.RetryInvocationHandler (RetryInvocationHandler.java:log(411)) - com.google.protobuf.ServiceException: java.net.ConnectException: Call From fv-az396-267/10.1.0.35 to localhost:37079 failed on connection exception: java.net.ConnectException: Connection refused; For more details see:  http://wiki.apache.org/hadoop/ConnectionRefused, while invoking $Proxy39.send over nodeId=scmNode-2,nodeAddress=/127.0.0.1:37079 after 1 failover attempts. Trying to failover after sleeping for 2000ms.
2022-03-02 19:15:07,841 [EndpointStateMachine task thread for /127.0.0.1:45835 - 0 ] INFO  ipc.Client (Client.java:handleConnectionFailure(977)) - Retrying connect to server: localhost/127.0.0.1:45835. Already tried 0 time(s); retry policy is RetryUpToMaximumCountWithFixedSleep(maxRetries=15, sleepTime=1000 MILLISECONDS)
2022-03-02 19:15:07,846 [EndpointStateMachine task thread for /127.0.0.1:44351 - 0 ] INFO  ipc.Client (Client.java:handleConnectionFailure(977)) - Retrying connect to server: localhost/127.0.0.1:44351. Already tried 0 time(s); retry policy is RetryUpToMaximumCountWithFixedSleep(maxRetries=15, sleepTime=1000 MILLISECONDS)
2022-03-02 19:15:07,847 [EndpointStateMachine task thread for /127.0.0.1:34023 - 0 ] INFO  ipc.Client (Client.java:handleConnectionFailure(977)) - Retrying connect to server: localhost/127.0.0.1:34023. Already tried 0 time(s); retry policy is RetryUpToMaximumCountWithFixedSleep(maxRetries=15, sleepTime=1000 MILLISECONDS)
2022-03-02 19:15:08,843 [EndpointStateMachine task thread for /127.0.0.1:45835 - 0 ] INFO  ipc.Client (Client.java:handleConnectionFailure(977)) - Retrying connect to server: localhost/127.0.0.1:45835. Already tried 1 time(s); retry policy is RetryUpToMaximumCountWithFixedSleep(maxRetries=15, sleepTime=1000 MILLISECONDS)
2022-03-02 19:15:08,847 [EndpointStateMachine task thread for /127.0.0.1:44351 - 0 ] INFO  ipc.Client (Client.java:handleConnectionFailure(977)) - Retrying connect to server: localhost/127.0.0.1:44351. Already tried 1 time(s); retry policy is RetryUpToMaximumCountWithFixedSleep(maxRetries=15, sleepTime=1000 MILLISECONDS)
2022-03-02 19:15:08,847 [EndpointStateMachine task thread for /127.0.0.1:34023 - 0 ] INFO  ipc.Client (Client.java:handleConnectionFailure(977)) - Retrying connect to server: localhost/127.0.0.1:34023. Already tried 1 time(s); retry policy is RetryUpToMaximumCountWithFixedSleep(maxRetries=15, sleepTime=1000 MILLISECONDS)
2022-03-02 19:15:09,380 [Listener at 0.0.0.0/39009] INFO  retry.RetryInvocationHandler (RetryInvocationHandler.java:log(411)) - com.google.protobuf.ServiceException: java.net.ConnectException: Call From fv-az396-267/10.1.0.35 to localhost:36483 failed on connection exception: java.net.ConnectException: Connection refused; For more details see:  http://wiki.apache.org/hadoop/ConnectionRefused, while invoking $Proxy39.send over nodeId=scmNode-3,nodeAddress=/127.0.0.1:36483 after 2 failover attempts. Trying to failover after sleeping for 2000ms.
2022-03-02 19:15:09,844 [EndpointStateMachine task thread for /127.0.0.1:45835 - 0 ] INFO  ipc.Client (Client.java:handleConnectionFailure(977)) - Retrying connect to server: localhost/127.0.0.1:45835. Already tried 2 time(s); retry policy is RetryUpToMaximumCountWithFixedSleep(maxRetries=15, sleepTime=1000 MILLISECONDS)
2022-03-02 19:15:09,847 [EndpointStateMachine task thread for /127.0.0.1:44351 - 0 ] INFO  ipc.Client (Client.java:handleConnectionFailure(977)) - Retrying connect to server: localhost/127.0.0.1:44351. Already tried 2 time(s); retry policy is RetryUpToMaximumCountWithFixedSleep(maxRetries=15, sleepTime=1000 MILLISECONDS)
2022-03-02 19:15:09,848 [EndpointStateMachine task thread for /127.0.0.1:34023 - 0 ] INFO  ipc.Client (Client.java:handleConnectionFailure(977)) - Retrying connect to server: localhost/127.0.0.1:34023. Already tried 2 time(s); retry policy is RetryUpToMaximumCountWithFixedSleep(maxRetries=15, sleepTime=1000 MILLISECONDS)
2022-03-02 19:15:10,028 [878dadca-57df-4ab3-9601-92853b413341@group-D5EAFC849FBC-FollowerState] INFO  impl.FollowerState (FollowerState.java:run(134)) - 878dadca-57df-4ab3-9601-92853b413341@group-D5EAFC849FBC-FollowerState: change to CANDIDATE, lastRpcElapsedTime:5022236345ns, electionTimeout:5011ms
2022-03-02 19:15:10,028 [878dadca-57df-4ab3-9601-92853b413341@group-D5EAFC849FBC-FollowerState] INFO  impl.RoleInfo (RoleInfo.java:shutdownFollowerState(108)) - 878dadca-57df-4ab3-9601-92853b413341: shutdown 878dadca-57df-4ab3-9601-92853b413341@group-D5EAFC849FBC-FollowerState
2022-03-02 19:15:10,028 [878dadca-57df-4ab3-9601-92853b413341@group-D5EAFC849FBC-FollowerState] INFO  server.RaftServer$Division (RaftServerImpl.java:setRole(290)) - 878dadca-57df-4ab3-9601-92853b413341@group-D5EAFC849FBC: changes role from  FOLLOWER to CANDIDATE at term 1 for changeToCandidate
2022-03-02 19:15:10,028 [878dadca-57df-4ab3-9601-92853b413341@group-D5EAFC849FBC-FollowerState] INFO  server.RaftServerConfigKeys (ConfUtils.java:logGet(44)) - raft.server.leaderelection.pre-vote = false (custom)
2022-03-02 19:15:10,029 [878dadca-57df-4ab3-9601-92853b413341@group-D5EAFC849FBC-FollowerState] INFO  impl.RoleInfo (RoleInfo.java:updateAndGet(130)) - 878dadca-57df-4ab3-9601-92853b413341: start 878dadca-57df-4ab3-9601-92853b413341@group-D5EAFC849FBC-LeaderElection16
2022-03-02 19:15:10,048 [878dadca-57df-4ab3-9601-92853b413341@group-D5EAFC849FBC-LeaderElection16] INFO  impl.LeaderElection (LeaderElection.java:askForVotes(306)) - 878dadca-57df-4ab3-9601-92853b413341@group-D5EAFC849FBC-LeaderElection16 ELECTION round 0: submit vote requests at term 2 for 0: [878dadca-57df-4ab3-9601-92853b413341|rpc:localhost:45009|admin:|client:|dataStream:|priority:0], old=null
2022-03-02 19:15:10,048 [878dadca-57df-4ab3-9601-92853b413341@group-D5EAFC849FBC-LeaderElection16] INFO  impl.LeaderElection (LeaderElection.java:askForVotes(308)) - 878dadca-57df-4ab3-9601-92853b413341@group-D5EAFC849FBC-LeaderElection16 ELECTION round 0: result PASSED (term=2)
2022-03-02 19:15:10,048 [878dadca-57df-4ab3-9601-92853b413341@group-D5EAFC849FBC-LeaderElection16] INFO  impl.RoleInfo (RoleInfo.java:shutdownLeaderElection(121)) - 878dadca-57df-4ab3-9601-92853b413341: shutdown 878dadca-57df-4ab3-9601-92853b413341@group-D5EAFC849FBC-LeaderElection16
2022-03-02 19:15:10,048 [878dadca-57df-4ab3-9601-92853b413341@group-D5EAFC849FBC-LeaderElection16] INFO  server.RaftServer$Division (RaftServerImpl.java:setRole(290)) - 878dadca-57df-4ab3-9601-92853b413341@group-D5EAFC849FBC: changes role from CANDIDATE to LEADER at term 2 for changeToLeader
2022-03-02 19:15:10,048 [878dadca-57df-4ab3-9601-92853b413341@group-D5EAFC849FBC-LeaderElection16] INFO  ha.SCMStateMachine (SCMStateMachine.java:notifyLeaderChanged(259)) - current SCM becomes leader of term 2.
2022-03-02 19:15:10,048 [878dadca-57df-4ab3-9601-92853b413341@group-D5EAFC849FBC-LeaderElection16] INFO  ha.SCMContext (SCMContext.java:updateLeaderAndTerm(90)) - update <isLeader,term> from <false,0> to <true,2>
2022-03-02 19:15:10,048 [878dadca-57df-4ab3-9601-92853b413341@group-D5EAFC849FBC-LeaderElection16] INFO  server.RaftServer$Division (ServerState.java:setLeader(285)) - 878dadca-57df-4ab3-9601-92853b413341@group-D5EAFC849FBC: change Leader from null to 878dadca-57df-4ab3-9601-92853b413341 at term 2 for becomeLeader, leader elected after 5201ms
2022-03-02 19:15:10,048 [878dadca-57df-4ab3-9601-92853b413341@group-D5EAFC849FBC-LeaderElection16] INFO  server.RaftServerConfigKeys (ConfUtils.java:logGet(44)) - raft.server.staging.catchup.gap = 1000 (default)
2022-03-02 19:15:10,048 [878dadca-57df-4ab3-9601-92853b413341@group-D5EAFC849FBC-LeaderElection16] INFO  server.RaftServerConfigKeys (ConfUtils.java:logGet(44)) - raft.server.write.element-limit = 4096 (default)
2022-03-02 19:15:10,048 [878dadca-57df-4ab3-9601-92853b413341@group-D5EAFC849FBC-LeaderElection16] INFO  server.RaftServerConfigKeys (ConfUtils.java:logGet(44)) - raft.server.write.byte-limit = 64MB (=67108864) (default)
2022-03-02 19:15:10,049 [878dadca-57df-4ab3-9601-92853b413341@group-D5EAFC849FBC-LeaderElection16] INFO  server.RaftServerConfigKeys (ConfUtils.java:logGet(44)) - raft.server.watch.timeout = 10s (default)
2022-03-02 19:15:10,049 [878dadca-57df-4ab3-9601-92853b413341@group-D5EAFC849FBC-LeaderElection16] INFO  server.RaftServerConfigKeys (ConfUtils.java:logGet(44)) - raft.server.watch.timeout.denomination = 1s (default)
2022-03-02 19:15:10,049 [878dadca-57df-4ab3-9601-92853b413341@group-D5EAFC849FBC-LeaderElection16] INFO  server.RaftServerConfigKeys (ConfUtils.java:logGet(44)) - raft.server.watch.element-limit = 65536 (default)
2022-03-02 19:15:10,049 [878dadca-57df-4ab3-9601-92853b413341@group-D5EAFC849FBC-LeaderElection16] INFO  server.RaftServerConfigKeys (ConfUtils.java:logGet(44)) - raft.server.write.element-limit = 4096 (default)
2022-03-02 19:15:10,049 [878dadca-57df-4ab3-9601-92853b413341@group-D5EAFC849FBC-LeaderElection16] INFO  server.RaftServerConfigKeys (ConfUtils.java:logGet(44)) - raft.server.write.follower.gap.ratio.max = -1.0 (default)
2022-03-02 19:15:10,049 [878dadca-57df-4ab3-9601-92853b413341@group-D5EAFC849FBC-LeaderElection16] INFO  impl.RoleInfo (RoleInfo.java:updateAndGet(130)) - 878dadca-57df-4ab3-9601-92853b413341: start 878dadca-57df-4ab3-9601-92853b413341@group-D5EAFC849FBC-LeaderStateImpl
2022-03-02 19:15:10,050 [878dadca-57df-4ab3-9601-92853b413341@group-D5EAFC849FBC-LeaderElection16] INFO  segmented.SegmentedRaftLogWorker (SegmentedRaftLogWorker.java:rollLogSegment(399)) - 878dadca-57df-4ab3-9601-92853b413341@group-D5EAFC849FBC-SegmentedRaftLogWorker: Rolling segment log-0_0 to index:0
2022-03-02 19:15:10,059 [878dadca-57df-4ab3-9601-92853b413341@group-D5EAFC849FBC-LeaderElection16] INFO  server.RaftServer$Division (ServerState.java:setRaftConf(387)) - 878dadca-57df-4ab3-9601-92853b413341@group-D5EAFC849FBC: set configuration 1: [878dadca-57df-4ab3-9601-92853b413341|rpc:localhost:45009|admin:|client:|dataStream:|priority:0], old=null
2022-03-02 19:15:10,059 [878dadca-57df-4ab3-9601-92853b413341@group-D5EAFC849FBC-SegmentedRaftLogWorker] INFO  segmented.SegmentedRaftLogWorker (SegmentedRaftLogWorker.java:execute(558)) - 878dadca-57df-4ab3-9601-92853b413341@group-D5EAFC849FBC-SegmentedRaftLogWorker: Rolled log segment from /home/runner/work/ozone/ozone/hadoop-ozone/integration-test/target/test-dir/MiniOzoneClusterImpl-403ad05d-12dd-4695-ad1e-d5eafc849fbc/scmNode-1/scm-ha/403ad05d-12dd-4695-ad1e-d5eafc849fbc/current/log_inprogress_0 to /home/runner/work/ozone/ozone/hadoop-ozone/integration-test/target/test-dir/MiniOzoneClusterImpl-403ad05d-12dd-4695-ad1e-d5eafc849fbc/scmNode-1/scm-ha/403ad05d-12dd-4695-ad1e-d5eafc849fbc/current/log_0-0
2022-03-02 19:15:10,075 [878dadca-57df-4ab3-9601-92853b413341@group-D5EAFC849FBC-SegmentedRaftLogWorker] INFO  segmented.SegmentedRaftLogWorker (SegmentedRaftLogWorker.java:execute(601)) - 878dadca-57df-4ab3-9601-92853b413341@group-D5EAFC849FBC-SegmentedRaftLogWorker: created new log segment /home/runner/work/ozone/ozone/hadoop-ozone/integration-test/target/test-dir/MiniOzoneClusterImpl-403ad05d-12dd-4695-ad1e-d5eafc849fbc/scmNode-1/scm-ha/403ad05d-12dd-4695-ad1e-d5eafc849fbc/current/log_inprogress_1
2022-03-02 19:15:10,076 [878dadca-57df-4ab3-9601-92853b413341@group-D5EAFC849FBC-StateMachineUpdater] INFO  ha.SCMContext (SCMContext.java:setLeaderReady(117)) - update <isLeaderReady> from <false> to <true>
2022-03-02 19:15:10,077 [878dadca-57df-4ab3-9601-92853b413341@group-D5EAFC849FBC-StateMachineUpdater] INFO  pipeline.BackgroundPipelineCreator (BackgroundPipelineCreator.java:notifyStatusChanged(264)) - Service BackgroundPipelineCreator transitions to RUNNING.
2022-03-02 19:15:10,078 [878dadca-57df-4ab3-9601-92853b413341@group-D5EAFC849FBC-StateMachineUpdater] INFO  safemode.HealthyPipelineSafeModeRule (HealthyPipelineSafeModeRule.java:initializeRule(152)) - Refreshed total pipeline count is 0, healthy pipeline threshold count is 1
2022-03-02 19:15:10,078 [878dadca-57df-4ab3-9601-92853b413341@group-D5EAFC849FBC-StateMachineUpdater] INFO  safemode.ContainerSafeModeRule (ContainerSafeModeRule.java:reInitializeRule(177)) - Refreshed one replica container threshold 0, currentThreshold 0
2022-03-02 19:15:10,078 [878dadca-57df-4ab3-9601-92853b413341@group-D5EAFC849FBC-StateMachineUpdater] INFO  safemode.OneReplicaPipelineSafeModeRule (OneReplicaPipelineSafeModeRule.java:initializeRule(176)) - Refreshed Total pipeline count is 0, pipeline's with at least one datanode reported threshold count is 0
2022-03-02 19:15:10,078 [878dadca-57df-4ab3-9601-92853b413341@group-D5EAFC849FBC-StateMachineUpdater] INFO  server.SCMDatanodeProtocolServer (SCMDatanodeProtocolServer.java:start(181)) - ScmDatanodeProtocol RPC server for DataNodes is listening at /0.0.0.0:41941
2022-03-02 19:15:10,094 [IPC Server listener on 41941] INFO  ipc.Server (Server.java:run(1344)) - IPC Server listener on 41941: starting
2022-03-02 19:15:10,123 [IPC Server Responder] INFO  ipc.Server (Server.java:run(1507)) - IPC Server Responder: starting
2022-03-02 19:15:10,844 [EndpointStateMachine task thread for /127.0.0.1:45835 - 0 ] INFO  ipc.Client (Client.java:handleConnectionFailure(977)) - Retrying connect to server: localhost/127.0.0.1:45835. Already tried 3 time(s); retry policy is RetryUpToMaximumCountWithFixedSleep(maxRetries=15, sleepTime=1000 MILLISECONDS)
2022-03-02 19:15:10,847 [EndpointStateMachine task thread for /127.0.0.1:44351 - 0 ] INFO  ipc.Client (Client.java:handleConnectionFailure(977)) - Retrying connect to server: localhost/127.0.0.1:44351. Already tried 3 time(s); retry policy is RetryUpToMaximumCountWithFixedSleep(maxRetries=15, sleepTime=1000 MILLISECONDS)
2022-03-02 19:15:10,848 [EndpointStateMachine task thread for /127.0.0.1:34023 - 0 ] INFO  ipc.Client (Client.java:handleConnectionFailure(977)) - Retrying connect to server: localhost/127.0.0.1:34023. Already tried 3 time(s); retry policy is RetryUpToMaximumCountWithFixedSleep(maxRetries=15, sleepTime=1000 MILLISECONDS)
2022-03-02 19:15:11,385 [Listener at 0.0.0.0/39009] INFO  server.StorageContainerManager (StorageContainerManager.java:scmBootstrap(1014)) - SCM BootStrap  is successful for ClusterID 403ad05d-12dd-4695-ad1e-d5eafc849fbc, SCMID 49081caa-6924-42d1-b762-c940ad9f7c50
2022-03-02 19:15:11,385 [Listener at 0.0.0.0/39009] INFO  server.StorageContainerManager (StorageContainerManager.java:scmBootstrap(1016)) - Primary SCM Node ID 878dadca-57df-4ab3-9601-92853b413341
2022-03-02 19:15:11,385 [Listener at 0.0.0.0/39009] INFO  ha.SCMHANodeDetails (SCMHANodeDetails.java:loadSCMHAConfig(157)) - ServiceID for StorageContainerManager is scm-service-test1
2022-03-02 19:15:11,385 [Listener at 0.0.0.0/39009] INFO  ha.SCMHANodeDetails (SCMHANodeDetails.java:loadSCMHAConfig(168)) - ServiceID for StorageContainerManager is scm-service-test1
2022-03-02 19:15:11,386 [Listener at 0.0.0.0/39009] WARN  scm.ScmUtils (ScmUtils.java:logWarn(179)) - ConfigKey ozone.scm.block.client.address is deprecated, For configuring different ports for each SCM use PortConfigKey ozone.scm.block.client.port appended with serviceId and nodeId. If want to configure same port configure ozone.scm.block.client.port
2022-03-02 19:15:11,386 [Listener at 0.0.0.0/39009] WARN  scm.ScmUtils (ScmUtils.java:logWarn(179)) - ConfigKey ozone.scm.client.address is deprecated, For configuring different ports for each SCM use PortConfigKey ozone.scm.client.port appended with serviceId and nodeId. If want to configure same port configure ozone.scm.client.port
2022-03-02 19:15:11,386 [Listener at 0.0.0.0/39009] WARN  scm.ScmUtils (ScmUtils.java:logWarn(179)) - ConfigKey ozone.scm.datanode.address is deprecated, For configuring different ports for each SCM use PortConfigKey ozone.scm.datanode.port appended with serviceId and nodeId. If want to configure same port configure ozone.scm.datanode.port
2022-03-02 19:15:11,386 [Listener at 0.0.0.0/39009] WARN  scm.ScmUtils (ScmUtils.java:logWarn(179)) - ConfigKey ozone.scm.block.client.address is deprecated, For configuring different ports for each SCM use PortConfigKey ozone.scm.block.client.port appended with serviceId and nodeId. If want to configure same port configure ozone.scm.block.client.port
2022-03-02 19:15:11,386 [Listener at 0.0.0.0/39009] WARN  scm.ScmUtils (ScmUtils.java:logWarn(179)) - ConfigKey ozone.scm.client.address is deprecated, For configuring different ports for each SCM use PortConfigKey ozone.scm.client.port appended with serviceId and nodeId. If want to configure same port configure ozone.scm.client.port
2022-03-02 19:15:11,387 [Listener at 0.0.0.0/39009] WARN  scm.ScmUtils (ScmUtils.java:logWarn(179)) - ConfigKey ozone.scm.datanode.address is deprecated, For configuring different ports for each SCM use PortConfigKey ozone.scm.datanode.port appended with serviceId and nodeId. If want to configure same port configure ozone.scm.datanode.port
2022-03-02 19:15:11,388 [Listener at 0.0.0.0/39009] INFO  ha.SCMHANodeDetails (SCMHANodeDetails.java:loadSCMHAConfig(250)) - Found matching SCM address with SCMServiceId: scm-service-test1, SCMNodeId: scmNode-2, RPC Address: localhost:40649 and Ratis port: 40649
2022-03-02 19:15:11,388 [Listener at 0.0.0.0/39009] INFO  ha.SCMHANodeDetails (ConfUtils.java:setNodeSpecificConfigs(108)) - Setting configuration key ozone.scm.datanode.address with value of key ozone.scm.datanode.address.scm-service-test1.scmNode-2: 127.0.0.1:34357
2022-03-02 19:15:11,388 [Listener at 0.0.0.0/39009] INFO  ha.SCMHANodeDetails (ConfUtils.java:setNodeSpecificConfigs(108)) - Setting configuration key ozone.scm.block.client.address with value of key ozone.scm.block.client.address.scm-service-test1.scmNode-2: 127.0.0.1:37079
2022-03-02 19:15:11,389 [Listener at 0.0.0.0/39009] INFO  ha.SCMHANodeDetails (ConfUtils.java:setNodeSpecificConfigs(108)) - Setting configuration key ozone.scm.client.address with value of key ozone.scm.client.address.scm-service-test1.scmNode-2: 127.0.0.1:35087
2022-03-02 19:15:11,389 [Listener at 0.0.0.0/39009] INFO  ha.SCMHANodeDetails (ConfUtils.java:setNodeSpecificConfigs(108)) - Setting configuration key ozone.scm.ratis.port with value of key ozone.scm.ratis.port.scm-service-test1.scmNode-2: 40649
2022-03-02 19:15:11,389 [Listener at 0.0.0.0/39009] INFO  ha.SCMHANodeDetails (ConfUtils.java:setNodeSpecificConfigs(108)) - Setting configuration key ozone.scm.grpc.port with value of key ozone.scm.grpc.port.scm-service-test1.scmNode-2: 44817
2022-03-02 19:15:11,389 [Listener at 0.0.0.0/39009] INFO  ha.SCMHANodeDetails (ConfUtils.java:setNodeSpecificConfigs(108)) - Setting configuration key ozone.scm.http-address with value of key ozone.scm.http-address.scm-service-test1.scmNode-2: 127.0.0.1:39511
2022-03-02 19:15:11,389 [Listener at 0.0.0.0/39009] INFO  ha.SCMHANodeDetails (ConfUtils.java:setNodeSpecificConfigs(108)) - Setting configuration key ozone.scm.https-address with value of key ozone.scm.https-address.scm-service-test1.scmNode-2: 127.0.0.1:42725
2022-03-02 19:15:11,389 [Listener at 0.0.0.0/39009] INFO  ha.SCMHANodeDetails (ConfUtils.java:setNodeSpecificConfigs(108)) - Setting configuration key ozone.scm.address with value of key ozone.scm.address.scm-service-test1.scmNode-2: 127.0.0.1
2022-03-02 19:15:11,390 [Listener at 0.0.0.0/39009] WARN  scm.ScmUtils (ScmUtils.java:logWarn(179)) - ConfigKey ozone.scm.block.client.address is deprecated, For configuring different ports for each SCM use PortConfigKey ozone.scm.block.client.port appended with serviceId and nodeId. If want to configure same port configure ozone.scm.block.client.port
2022-03-02 19:15:11,390 [Listener at 0.0.0.0/39009] WARN  scm.ScmUtils (ScmUtils.java:logWarn(179)) - ConfigKey ozone.scm.client.address is deprecated, For configuring different ports for each SCM use PortConfigKey ozone.scm.client.port appended with serviceId and nodeId. If want to configure same port configure ozone.scm.client.port
2022-03-02 19:15:11,390 [Listener at 0.0.0.0/39009] WARN  scm.ScmUtils (ScmUtils.java:logWarn(179)) - ConfigKey ozone.scm.datanode.address is deprecated, For configuring different ports for each SCM use PortConfigKey ozone.scm.datanode.port appended with serviceId and nodeId. If want to configure same port configure ozone.scm.datanode.port
2022-03-02 19:15:11,391 [Listener at 0.0.0.0/39009] WARN  server.ServerUtils (ServerUtils.java:getScmDbDir(148)) - ozone.scm.db.dirs is not configured. We recommend adding this setting. Falling back to ozone.metadata.dirs instead.
2022-03-02 19:15:11,391 [Listener at 0.0.0.0/39009] INFO  upgrade.AbstractLayoutVersionManager (AbstractLayoutVersionManager.java:init(79)) - Initializing Layout version manager with metadata layout = SCM_HA (version = 2), software layout = SCM_HA (version = 2)
2022-03-02 19:15:11,533 [Listener at 0.0.0.0/39009] INFO  reflections.Reflections (Reflections.java:scan(232)) - Reflections took 126 ms to scan 7 urls, producing 122 keys and 286 values 
2022-03-02 19:15:11,535 [Listener at 0.0.0.0/39009] WARN  utils.HAUtils (HAUtils.java:getMetaDir(342)) - ozone.scm.db.dirs is not configured. We recommend adding this setting. Falling back to ozone.metadata.dirs instead.
2022-03-02 19:15:11,540 [Listener at 0.0.0.0/39009] WARN  db.DBStoreBuilder (DBStoreBuilder.java:applyDBDefinition(145)) - ozone.scm.db.dirs is not configured. We recommend adding this setting. Falling back to ozone.metadata.dirs instead.
2022-03-02 19:15:11,740 [Listener at 0.0.0.0/39009] INFO  net.NodeSchemaLoader (NodeSchemaLoader.java:loadSchemaFromFile(129)) - Loading schema from [jar:file:/home/runner/.m2/repository/org/apache/ozone/hdds-common/1.3.0-SNAPSHOT/hdds-common-1.3.0-SNAPSHOT.jar!/network-topology-default.xml]
2022-03-02 19:15:11,740 [Listener at 0.0.0.0/39009] INFO  net.NodeSchemaLoader (NodeSchemaLoader.java:loadSchema(176)) - Loading network topology layer schema file
2022-03-02 19:15:11,752 [Listener at 0.0.0.0/39009] WARN  impl.MetricRegistriesImpl (MetricRegistriesImpl.java:addReporterRegistration(111)) - New reporters are added after registries were created. Some metrics will be missing from the reporter. Please add reporter before adding any new registry.
2022-03-02 19:15:11,752 [Listener at 0.0.0.0/39009] WARN  impl.MetricRegistriesImpl (MetricRegistriesImpl.java:addReporterRegistration(111)) - New reporters are added after registries were created. Some metrics will be missing from the reporter. Please add reporter before adding any new registry.
2022-03-02 19:15:11,753 [Listener at 0.0.0.0/39009] INFO  ha.SCMRatisServerImpl (SCMRatisServerImpl.java:<init>(87)) - starting Raft server for scm:49081caa-6924-42d1-b762-c940ad9f7c50
2022-03-02 19:15:11,755 [Listener at 0.0.0.0/39009] INFO  server.RaftServer (ConfUtils.java:logGet(44)) - raft.rpc.type = GRPC (default)
2022-03-02 19:15:11,762 [Listener at 0.0.0.0/39009] INFO  grpc.GrpcFactory (GrpcFactory.java:checkPooledByteBufAllocatorUseCacheForAllThreads(48)) - PERFORMANCE WARNING: useCacheForAllThreads is true that may cause Netty to create a lot garbage objects and, as a result, trigger GC.
	It is recommended to disable useCacheForAllThreads by setting -Dorg.apache.ratis.thirdparty.io.netty.allocator.useCacheForAllThreads=false in command line.
2022-03-02 19:15:11,770 [Listener at 0.0.0.0/39009] INFO  grpc.GrpcConfigKeys (ConfUtils.java:logGet(44)) - raft.grpc.admin.port = -1 (default)
2022-03-02 19:15:11,770 [Listener at 0.0.0.0/39009] INFO  grpc.GrpcConfigKeys (ConfUtils.java:logGet(44)) - raft.grpc.server.port = 40649 (custom)
2022-03-02 19:15:11,771 [Listener at 0.0.0.0/39009] INFO  grpc.GrpcConfigKeys (ConfUtils.java:logGet(44)) - raft.grpc.client.port = -1 (default)
2022-03-02 19:15:11,771 [Listener at 0.0.0.0/39009] INFO  grpc.GrpcConfigKeys (ConfUtils.java:logGet(44)) - raft.grpc.server.port = 40649 (custom)
2022-03-02 19:15:11,771 [Listener at 0.0.0.0/39009] INFO  grpc.GrpcConfigKeys (ConfUtils.java:logGet(44)) - raft.grpc.server.port = 40649 (custom)
2022-03-02 19:15:11,771 [Listener at 0.0.0.0/39009] INFO  server.GrpcService (ConfUtils.java:logGet(44)) - raft.grpc.message.size.max = 32m (=33554432) (custom)
2022-03-02 19:15:11,771 [Listener at 0.0.0.0/39009] INFO  server.RaftServerConfigKeys (ConfUtils.java:logGet(44)) - raft.server.log.appender.buffer.byte-limit = 33554432 (custom)
2022-03-02 19:15:11,772 [Listener at 0.0.0.0/39009] INFO  server.GrpcService (ConfUtils.java:logGet(44)) - raft.grpc.flow.control.window = 1MB (=1048576) (default)
2022-03-02 19:15:11,772 [Listener at 0.0.0.0/39009] INFO  server.RaftServerConfigKeys (ConfUtils.java:logGet(44)) - raft.server.rpc.request.timeout = 30000ms (custom)
2022-03-02 19:15:11,773 [Listener at 0.0.0.0/39009] INFO  impl.DataStreamServerImpl (ConfUtils.java:logGet(44)) - raft.datastream.type = DISABLED (default)
2022-03-02 19:15:11,774 [Listener at 0.0.0.0/39009] INFO  server.RaftServerConfigKeys (ConfUtils.java:logGet(44)) - raft.server.rpc.slowness.timeout = 120000ms (custom)
2022-03-02 19:15:11,774 [Listener at 0.0.0.0/39009] INFO  server.RaftServerConfigKeys (ConfUtils.java:logGet(44)) - raft.server.leaderelection.leader.step-down.wait-time = 10s (default)
2022-03-02 19:15:11,775 [Listener at 0.0.0.0/39009] INFO  server.RaftServerConfigKeys (ConfUtils.java:logGet(44)) - raft.server.storage.dir = [/home/runner/work/ozone/ozone/hadoop-ozone/integration-test/target/test-dir/MiniOzoneClusterImpl-403ad05d-12dd-4695-ad1e-d5eafc849fbc/scmNode-2/scm-ha] (custom)
2022-03-02 19:15:11,778 [Listener at 0.0.0.0/39009] INFO  server.RaftServer (RaftServerProxy.java:addNew(95)) - 49081caa-6924-42d1-b762-c940ad9f7c50: addNew group-D5EAFC849FBC:[] returns group-D5EAFC849FBC:java.util.concurrent.CompletableFuture@275e7b06[Not completed]
2022-03-02 19:15:11,779 [pool-270-thread-1] INFO  server.RaftServer$Division (RaftServerImpl.java:<init>(184)) - 49081caa-6924-42d1-b762-c940ad9f7c50: new RaftServerImpl for group-D5EAFC849FBC:[] with SCMStateMachine:uninitialized
2022-03-02 19:15:11,790 [pool-270-thread-1] INFO  server.RaftServerConfigKeys (ConfUtils.java:logGet(44)) - raft.server.rpc.timeout.min = 5000ms (custom)
2022-03-02 19:15:11,790 [pool-270-thread-1] INFO  server.RaftServerConfigKeys (ConfUtils.java:logGet(44)) - raft.server.rpc.timeout.max = 5200ms (custom)
2022-03-02 19:15:11,790 [pool-270-thread-1] INFO  server.RaftServerConfigKeys (ConfUtils.java:logGet(44)) - raft.server.rpc.sleep.time = 25ms (default)
2022-03-02 19:15:11,790 [pool-270-thread-1] INFO  server.RaftServerConfigKeys (ConfUtils.java:logGet(44)) - raft.server.rpc.slowness.timeout = 120000ms (custom)
2022-03-02 19:15:11,791 [pool-270-thread-1] INFO  server.RaftServerConfigKeys (ConfUtils.java:logGet(44)) - raft.server.leaderelection.leader.step-down.wait-time = 10s (default)
2022-03-02 19:15:11,791 [pool-270-thread-1] INFO  server.RaftServerConfigKeys (ConfUtils.java:logGet(44)) - raft.server.sleep.deviation.threshold = 300ms (default)
2022-03-02 19:15:11,791 [pool-270-thread-1] INFO  server.RaftServerConfigKeys (ConfUtils.java:logGet(44)) - raft.server.log.appender.install.snapshot.enabled = false (custom)
2022-03-02 19:15:11,791 [pool-270-thread-1] INFO  server.RaftServer$Division (ServerState.java:<init>(105)) - 49081caa-6924-42d1-b762-c940ad9f7c50@group-D5EAFC849FBC: ConfigurationManager, init=-1: [], old=null, confs=<EMPTY_MAP>
2022-03-02 19:15:11,791 [pool-270-thread-1] INFO  server.RaftServerConfigKeys (ConfUtils.java:logGet(44)) - raft.server.storage.dir = [/home/runner/work/ozone/ozone/hadoop-ozone/integration-test/target/test-dir/MiniOzoneClusterImpl-403ad05d-12dd-4695-ad1e-d5eafc849fbc/scmNode-2/scm-ha] (custom)
2022-03-02 19:15:11,791 [pool-270-thread-1] INFO  server.RaftServerConfigKeys (ConfUtils.java:logGet(44)) - raft.server.log.corruption.policy = EXCEPTION (default)
2022-03-02 19:15:11,791 [pool-270-thread-1] INFO  server.RaftServerConfigKeys (ConfUtils.java:logGet(44)) - raft.server.storage.free-space.min = 0MB (=0) (default)
2022-03-02 19:15:11,791 [pool-270-thread-1] INFO  storage.RaftStorageDirectory (RaftStorageDirectoryImpl.java:analyzeStorage(135)) - The storage directory /home/runner/work/ozone/ozone/hadoop-ozone/integration-test/target/test-dir/MiniOzoneClusterImpl-403ad05d-12dd-4695-ad1e-d5eafc849fbc/scmNode-2/scm-ha/403ad05d-12dd-4695-ad1e-d5eafc849fbc does not exist. Creating ...
2022-03-02 19:15:11,793 [pool-270-thread-1] INFO  storage.RaftStorageDirectory (RaftStorageDirectoryImpl.java:tryLock(230)) - Lock on /home/runner/work/ozone/ozone/hadoop-ozone/integration-test/target/test-dir/MiniOzoneClusterImpl-403ad05d-12dd-4695-ad1e-d5eafc849fbc/scmNode-2/scm-ha/403ad05d-12dd-4695-ad1e-d5eafc849fbc/in_use.lock acquired by nodename 6445@fv-az396-267
2022-03-02 19:15:11,794 [pool-270-thread-1] INFO  storage.RaftStorage (RaftStorageImpl.java:format(89)) - Storage directory /home/runner/work/ozone/ozone/hadoop-ozone/integration-test/target/test-dir/MiniOzoneClusterImpl-403ad05d-12dd-4695-ad1e-d5eafc849fbc/scmNode-2/scm-ha/403ad05d-12dd-4695-ad1e-d5eafc849fbc has been successfully formatted.
2022-03-02 19:15:11,795 [pool-270-thread-1] INFO  server.RaftServerConfigKeys (ConfUtils.java:logGet(44)) - raft.server.notification.no-leader.timeout = 60s (default)
2022-03-02 19:15:11,795 [pool-270-thread-1] INFO  server.RaftServerConfigKeys (ConfUtils.java:logGet(44)) - raft.server.log.use.memory = false (default)
2022-03-02 19:15:11,795 [pool-270-thread-1] INFO  server.RaftServerConfigKeys (ConfUtils.java:logGet(44)) - raft.server.log.purge.gap = 5 (custom)
2022-03-02 19:15:11,795 [pool-270-thread-1] INFO  server.RaftServerConfigKeys (ConfUtils.java:logGet(44)) - raft.server.log.appender.buffer.byte-limit = 33554432 (custom)
2022-03-02 19:15:11,795 [pool-270-thread-1] INFO  server.RaftServerConfigKeys (ConfUtils.java:logGet(44)) - raft.server.log.segment.size.max = 4194304 (custom)
2022-03-02 19:15:11,796 [pool-270-thread-1] INFO  server.RaftServerConfigKeys (ConfUtils.java:logGet(44)) - raft.server.log.segment.cache.num.max = 2 (custom)
2022-03-02 19:15:11,796 [pool-270-thread-1] INFO  server.RaftServerConfigKeys (ConfUtils.java:logGet(44)) - raft.server.log.segment.cache.size.max = 200MB (=209715200) (default)
2022-03-02 19:15:11,796 [pool-270-thread-1] INFO  segmented.SegmentedRaftLogWorker (SegmentedRaftLogWorker.java:<init>(182)) - new 49081caa-6924-42d1-b762-c940ad9f7c50@group-D5EAFC849FBC-SegmentedRaftLogWorker for RaftStorageImpl:Storage Directory /home/runner/work/ozone/ozone/hadoop-ozone/integration-test/target/test-dir/MiniOzoneClusterImpl-403ad05d-12dd-4695-ad1e-d5eafc849fbc/scmNode-2/scm-ha/403ad05d-12dd-4695-ad1e-d5eafc849fbc
2022-03-02 19:15:11,796 [pool-270-thread-1] INFO  server.RaftServerConfigKeys (ConfUtils.java:logGet(44)) - raft.server.log.queue.byte-limit = 64MB (=67108864) (default)
2022-03-02 19:15:11,796 [pool-270-thread-1] INFO  server.RaftServerConfigKeys (ConfUtils.java:logGet(44)) - raft.server.log.queue.element-limit = 4096 (default)
2022-03-02 19:15:11,796 [pool-270-thread-1] INFO  server.RaftServerConfigKeys (ConfUtils.java:logGet(44)) - raft.server.log.segment.size.max = 4194304 (custom)
2022-03-02 19:15:11,796 [pool-270-thread-1] INFO  server.RaftServerConfigKeys (ConfUtils.java:logGet(44)) - raft.server.log.preallocated.size = 4194304 (custom)
2022-03-02 19:15:11,796 [pool-270-thread-1] INFO  server.RaftServerConfigKeys (ConfUtils.java:logGet(44)) - raft.server.log.force.sync.num = 128 (default)
2022-03-02 19:15:11,796 [pool-270-thread-1] INFO  server.RaftServerConfigKeys (ConfUtils.java:logGet(44)) - raft.server.log.statemachine.data.sync = true (default)
2022-03-02 19:15:11,796 [pool-270-thread-1] INFO  server.RaftServerConfigKeys (ConfUtils.java:logGet(44)) - raft.server.log.statemachine.data.sync.timeout = 10s (default)
2022-03-02 19:15:11,796 [pool-270-thread-1] INFO  server.RaftServerConfigKeys (ConfUtils.java:logGet(44)) - raft.server.log.statemachine.data.sync.timeout.retry = -1 (default)
2022-03-02 19:15:11,797 [pool-270-thread-1] INFO  server.RaftServerConfigKeys (ConfUtils.java:logGet(44)) - raft.server.log.write.buffer.size = 64KB (=65536) (default)
2022-03-02 19:15:11,797 [pool-270-thread-1] INFO  server.RaftServerConfigKeys (ConfUtils.java:logGet(44)) - raft.server.log.statemachine.data.caching.enabled = false (default)
2022-03-02 19:15:11,797 [pool-270-thread-1] INFO  segmented.SegmentedRaftLogWorker (SegmentedRaftLogWorker.java:lambda$new$0(133)) - 49081caa-6924-42d1-b762-c940ad9f7c50@group-D5EAFC849FBC-SegmentedRaftLogWorker: flushIndex: setUnconditionally 0 -> -1
2022-03-02 19:15:11,797 [pool-270-thread-1] INFO  segmented.SegmentedRaftLogWorker (SegmentedRaftLogWorker.java:lambda$new$0(133)) - 49081caa-6924-42d1-b762-c940ad9f7c50@group-D5EAFC849FBC-SegmentedRaftLogWorker: safeCacheEvictIndex: setUnconditionally 0 -> -1
2022-03-02 19:15:11,803 [pool-270-thread-1] INFO  server.RaftServerConfigKeys (ConfUtils.java:logGet(44)) - raft.server.snapshot.auto.trigger.enabled = true (custom)
2022-03-02 19:15:11,803 [pool-270-thread-1] INFO  server.RaftServerConfigKeys (ConfUtils.java:logGet(44)) - raft.server.snapshot.auto.trigger.threshold = 5 (custom)
2022-03-02 19:15:11,803 [pool-270-thread-1] INFO  server.RaftServerConfigKeys (ConfUtils.java:logGet(44)) - raft.server.snapshot.retention.file.num = -1 (default)
2022-03-02 19:15:11,803 [pool-270-thread-1] INFO  server.RaftServerConfigKeys (ConfUtils.java:logGet(44)) - raft.server.log.purge.upto.snapshot.index = true (custom)
2022-03-02 19:15:11,803 [pool-270-thread-1] INFO  server.RaftServerConfigKeys (ConfUtils.java:logGet(44)) - raft.server.retrycache.expirytime = 60000ms (default)
2022-03-02 19:15:11,803 [pool-270-thread-1] INFO  server.RaftServerConfigKeys (ConfUtils.java:logGet(44)) - raft.server.retrycache.statistics.expirytime = 100μs (default)
2022-03-02 19:15:11,807 [Listener at 0.0.0.0/39009] INFO  ha.SCMSnapshotProvider (SCMSnapshotProvider.java:<init>(66)) - Initializing SCM Snapshot Provider
2022-03-02 19:15:11,807 [Listener at 0.0.0.0/39009] WARN  server.ServerUtils (ServerUtils.java:getDefaultRatisDirectory(237)) - Storage directory for Ratis is not configured. It is a good idea to map this to an SSD disk. Falling back to ozone.metadata.dirs
2022-03-02 19:15:11,808 [Listener at 0.0.0.0/39009] WARN  ha.SCMHAUtils (SCMHAUtils.java:getSCMRatisSnapshotDirectory(151)) - SCM snapshot dir is not configured. Falling back to ozone.metadata.dirs config
2022-03-02 19:15:11,809 [Listener at 0.0.0.0/39009] INFO  ha.SequenceIdGenerator (SequenceIdGenerator.java:upgradeToSequenceId(347)) - upgrade localId to 109611004723200000
2022-03-02 19:15:11,809 [Listener at 0.0.0.0/39009] INFO  ha.SequenceIdGenerator (SequenceIdGenerator.java:upgradeToSequenceId(357)) - upgrade delTxnId to 0
2022-03-02 19:15:11,810 [Listener at 0.0.0.0/39009] INFO  ha.SequenceIdGenerator (SequenceIdGenerator.java:upgradeToSequenceId(371)) - upgrade containerId to 0
2022-03-02 19:15:11,810 [Listener at 0.0.0.0/39009] INFO  ha.SequenceIdGenerator (SequenceIdGenerator.java:<init>(218)) - Init the HA SequenceIdGenerator.
2022-03-02 19:15:11,810 [Listener at 0.0.0.0/39009] WARN  server.ServerUtils (ServerUtils.java:sanitizeUserArgs(73)) - ozone.scm.stale.node.interval value = 300000 is larger than max = 100000 based on the key value of ozone.scm.heartbeat.thread.interval, reset to the max value 100000.
2022-03-02 19:15:11,810 [Listener at 0.0.0.0/39009] WARN  server.ServerUtils (ServerUtils.java:sanitizeUserArgs(73)) - ozone.scm.stale.node.interval value = 300000 is larger than max = 100000 based on the key value of ozone.scm.heartbeat.thread.interval, reset to the max value 100000.
2022-03-02 19:15:11,813 [Listener at 0.0.0.0/39009] INFO  node.SCMNodeManager (SCMNodeManager.java:<init>(144)) - Entering startup safe mode.
2022-03-02 19:15:11,814 [Listener at 0.0.0.0/39009] INFO  algorithms.ContainerPlacementPolicyFactory (ContainerPlacementPolicyFactory.java:getPolicy(60)) - Create container placement policy of type org.apache.hadoop.hdds.scm.container.placement.algorithms.SCMContainerPlacementRandom
2022-03-02 19:15:11,815 [Listener at 0.0.0.0/39009] INFO  pipeline.PipelineStateManagerImpl (PipelineStateManagerImpl.java:initialize(78)) - No pipeline exists in current db
2022-03-02 19:15:11,815 [Listener at 0.0.0.0/39009] INFO  algorithms.LeaderChoosePolicyFactory (LeaderChoosePolicyFactory.java:getPolicy(57)) - Create leader choose policy of type org.apache.hadoop.hdds.scm.pipeline.leader.choose.algorithms.MinLeaderCountChoosePolicy
2022-03-02 19:15:11,815 [Listener at 0.0.0.0/39009] INFO  ha.SCMServiceManager (SCMServiceManager.java:register(42)) - Registering service BackgroundPipelineCreator.
2022-03-02 19:15:11,815 [Listener at 0.0.0.0/39009] INFO  pipeline.BackgroundPipelineCreator (BackgroundPipelineCreator.java:start(130)) - Starting RatisPipelineUtilsThread.
2022-03-02 19:15:11,824 [Listener at 0.0.0.0/39009] INFO  algorithms.PipelineChoosePolicyFactory (PipelineChoosePolicyFactory.java:createPipelineChoosePolicyFromClass(73)) - Create pipeline choose policy of type org.apache.hadoop.hdds.scm.pipeline.choose.algorithms.RandomPipelineChoosePolicy
2022-03-02 19:15:11,831 [Listener at 0.0.0.0/39009] INFO  ha.SCMServiceManager (SCMServiceManager.java:register(42)) - Registering service SCMBlockDeletingService.
2022-03-02 19:15:11,832 [Listener at 0.0.0.0/39009] INFO  ha.SCMServiceManager (SCMServiceManager.java:register(42)) - Registering service ReplicationManager.
2022-03-02 19:15:11,833 [Listener at 0.0.0.0/39009] INFO  container.ReplicationManager (ReplicationManager.java:start(326)) - Starting Replication Monitor Thread.
2022-03-02 19:15:11,839 [Listener at 0.0.0.0/39009] INFO  safemode.ContainerSafeModeRule (ContainerSafeModeRule.java:<init>(89)) - containers with one replica threshold count 0
2022-03-02 19:15:11,839 [Listener at 0.0.0.0/39009] INFO  safemode.HealthyPipelineSafeModeRule (HealthyPipelineSafeModeRule.java:initializeRule(156)) - Total pipeline count is 0, healthy pipeline threshold count is 1
2022-03-02 19:15:11,840 [Listener at 0.0.0.0/39009] INFO  safemode.OneReplicaPipelineSafeModeRule (OneReplicaPipelineSafeModeRule.java:initializeRule(180)) - Total pipeline count is 0, pipeline's with at least one datanode reported threshold count is 0
2022-03-02 19:15:11,840 [Listener at 0.0.0.0/39009] INFO  ipc.CallQueueManager (CallQueueManager.java:<init>(90)) - Using callQueue: class java.util.concurrent.LinkedBlockingQueue, queueCapacity: 2000, scheduler: class org.apache.hadoop.ipc.DefaultRpcScheduler, ipcBackoff: false.
2022-03-02 19:15:11,841 [Socket Reader #1 for port 34357] INFO  ipc.Server (Server.java:run(1265)) - Starting Socket Reader #1 for port 34357
2022-03-02 19:15:11,842 [Listener at 0.0.0.0/34357] INFO  ipc.CallQueueManager (CallQueueManager.java:<init>(90)) - Using callQueue: class java.util.concurrent.LinkedBlockingQueue, queueCapacity: 2000, scheduler: class org.apache.hadoop.ipc.DefaultRpcScheduler, ipcBackoff: false.
2022-03-02 19:15:11,845 [EndpointStateMachine task thread for /127.0.0.1:45835 - 0 ] INFO  ipc.Client (Client.java:handleConnectionFailure(977)) - Retrying connect to server: localhost/127.0.0.1:45835. Already tried 4 time(s); retry policy is RetryUpToMaximumCountWithFixedSleep(maxRetries=15, sleepTime=1000 MILLISECONDS)
2022-03-02 19:15:11,847 [Socket Reader #1 for port 37079] INFO  ipc.Server (Server.java:run(1265)) - Starting Socket Reader #1 for port 37079
2022-03-02 19:15:11,848 [EndpointStateMachine task thread for /127.0.0.1:34023 - 0 ] INFO  ipc.Client (Client.java:handleConnectionFailure(977)) - Retrying connect to server: localhost/127.0.0.1:34023. Already tried 4 time(s); retry policy is RetryUpToMaximumCountWithFixedSleep(maxRetries=15, sleepTime=1000 MILLISECONDS)
2022-03-02 19:15:11,849 [EndpointStateMachine task thread for /127.0.0.1:44351 - 0 ] INFO  ipc.Client (Client.java:handleConnectionFailure(977)) - Retrying connect to server: localhost/127.0.0.1:44351. Already tried 4 time(s); retry policy is RetryUpToMaximumCountWithFixedSleep(maxRetries=15, sleepTime=1000 MILLISECONDS)
2022-03-02 19:15:11,853 [Listener at 0.0.0.0/37079] INFO  ipc.CallQueueManager (CallQueueManager.java:<init>(90)) - Using callQueue: class java.util.concurrent.LinkedBlockingQueue, queueCapacity: 2000, scheduler: class org.apache.hadoop.ipc.DefaultRpcScheduler, ipcBackoff: false.
2022-03-02 19:15:11,862 [Socket Reader #1 for port 35087] INFO  ipc.Server (Server.java:run(1265)) - Starting Socket Reader #1 for port 35087
2022-03-02 19:15:11,874 [ReplicationMonitor] INFO  container.ReplicationManager (ReplicationManager.java:processAll(374)) - Replication Manager is not ready to run until 3000ms after safemode exit
2022-03-02 19:15:11,916 [Listener at 0.0.0.0/35087] INFO  algorithms.ContainerPlacementPolicyFactory (ContainerPlacementPolicyFactory.java:getPolicy(60)) - Create container placement policy of type org.apache.hadoop.hdds.scm.container.placement.algorithms.SCMContainerPlacementRandom
2022-03-02 19:15:11,931 [Listener at 0.0.0.0/35087] INFO  server.StorageContainerManager (StorageContainerManager.java:<init>(392)) - 
Container Balancer status:
Key                            Value
Running                        false
Container Balancer Configuration values:
Key                                                Value
Threshold                                          10
Max Datanodes to Involve per Iteration(percent)    20
Max Size to Move per Iteration                     500GB
Max Size Entering Target per Iteration             26GB
Max Size Leaving Source per Iteration              26GB

2022-03-02 19:15:11,932 [Listener at 0.0.0.0/35087] WARN  events.EventQueue (EventQueue.java:fireEvent(194)) - No event handler registered for event TypedEvent{payloadType=SafeModeStatus, name='Safe mode status'}
2022-03-02 19:15:11,932 [Listener at 0.0.0.0/35087] INFO  ha.SCMContext (SCMContext.java:updateSafeModeStatus(211)) - Update SafeModeStatus from SafeModeStatus{safeModeStatus=true, preCheckPassed=false} to SafeModeStatus{safeModeStatus=true, preCheckPassed=false}.
2022-03-02 19:15:11,933 [Listener at 0.0.0.0/35087] INFO  server.StorageContainerManager (StorageContainerManager.java:start(1330)) - StorageContainerLocationProtocol RPC server is listening at /0.0.0.0:35087
2022-03-02 19:15:11,933 [Listener at 0.0.0.0/35087] INFO  ha.SCMRatisServerImpl (SCMRatisServerImpl.java:start(177)) - starting ratis server 0.0.0.0:40649
2022-03-02 19:15:11,933 [Listener at 0.0.0.0/35087] INFO  server.RaftServer$Division (RaftServerImpl.java:start(304)) - 49081caa-6924-42d1-b762-c940ad9f7c50@group-D5EAFC849FBC: start with initializing state, conf=-1: [], old=null
2022-03-02 19:15:11,933 [Listener at 0.0.0.0/35087] INFO  server.RaftServer$Division (RaftServerImpl.java:setRole(290)) - 49081caa-6924-42d1-b762-c940ad9f7c50@group-D5EAFC849FBC: changes role from      null to FOLLOWER at term 0 for startInitializing
2022-03-02 19:15:11,934 [Listener at 0.0.0.0/35087] INFO  util.JmxRegister (JmxRegister.java:tryRegister(44)) - Successfully registered JMX Bean with object name Ratis:service=RaftServer,group=group-D5EAFC849FBC,id=49081caa-6924-42d1-b762-c940ad9f7c50
2022-03-02 19:15:11,942 [Listener at 0.0.0.0/35087] INFO  server.RaftServer (RaftServerProxy.java:lambda$start$5(374)) - 49081caa-6924-42d1-b762-c940ad9f7c50: start RPC server
2022-03-02 19:15:11,943 [Listener at 0.0.0.0/35087] INFO  server.GrpcService (GrpcService.java:startImpl(253)) - 49081caa-6924-42d1-b762-c940ad9f7c50: GrpcService started, listening on 40649
2022-03-02 19:15:11,954 [org.apache.ratis.util.JvmPauseMonitor$$Lambda$503/310350177@713b2ee9] INFO  util.JvmPauseMonitor (JvmPauseMonitor.java:run(103)) - JvmPauseMonitor-49081caa-6924-42d1-b762-c940ad9f7c50: Started
2022-03-02 19:15:11,955 [Listener at 0.0.0.0/35087] INFO  ha.SCMNodeInfo (SCMNodeInfo.java:getPort(197)) - ConfigKey ozone.scm.client.address is deprecated, For configuring different ports for each SCM use PortConfigKey ozone.scm.client.port appended with serviceId and nodeId
2022-03-02 19:15:11,955 [Listener at 0.0.0.0/35087] INFO  ha.SCMNodeInfo (SCMNodeInfo.java:getPort(197)) - ConfigKey ozone.scm.block.client.address is deprecated, For configuring different ports for each SCM use PortConfigKey ozone.scm.block.client.port appended with serviceId and nodeId
2022-03-02 19:15:11,956 [Listener at 0.0.0.0/35087] INFO  ha.SCMNodeInfo (SCMNodeInfo.java:getPort(197)) - ConfigKey ozone.scm.datanode.address is deprecated, For configuring different ports for each SCM use PortConfigKey ozone.scm.datanode.port appended with serviceId and nodeId
2022-03-02 19:15:11,956 [Listener at 0.0.0.0/35087] INFO  ha.SCMNodeInfo (SCMNodeInfo.java:getPort(197)) - ConfigKey ozone.scm.client.address is deprecated, For configuring different ports for each SCM use PortConfigKey ozone.scm.client.port appended with serviceId and nodeId
2022-03-02 19:15:11,956 [Listener at 0.0.0.0/35087] INFO  ha.SCMNodeInfo (SCMNodeInfo.java:getPort(197)) - ConfigKey ozone.scm.block.client.address is deprecated, For configuring different ports for each SCM use PortConfigKey ozone.scm.block.client.port appended with serviceId and nodeId
2022-03-02 19:15:11,956 [Listener at 0.0.0.0/35087] INFO  ha.SCMNodeInfo (SCMNodeInfo.java:getPort(197)) - ConfigKey ozone.scm.datanode.address is deprecated, For configuring different ports for each SCM use PortConfigKey ozone.scm.datanode.port appended with serviceId and nodeId
2022-03-02 19:15:11,956 [Listener at 0.0.0.0/35087] INFO  ha.SCMNodeInfo (SCMNodeInfo.java:getPort(197)) - ConfigKey ozone.scm.client.address is deprecated, For configuring different ports for each SCM use PortConfigKey ozone.scm.client.port appended with serviceId and nodeId
2022-03-02 19:15:11,956 [Listener at 0.0.0.0/35087] INFO  ha.SCMNodeInfo (SCMNodeInfo.java:getPort(197)) - ConfigKey ozone.scm.block.client.address is deprecated, For configuring different ports for each SCM use PortConfigKey ozone.scm.block.client.port appended with serviceId and nodeId
2022-03-02 19:15:11,956 [Listener at 0.0.0.0/35087] INFO  ha.SCMNodeInfo (SCMNodeInfo.java:getPort(197)) - ConfigKey ozone.scm.datanode.address is deprecated, For configuring different ports for each SCM use PortConfigKey ozone.scm.datanode.port appended with serviceId and nodeId
2022-03-02 19:15:11,961 [IPC Server handler 2 on default port 45179] INFO  ha.SCMRatisServerImpl (SCMRatisServerImpl.java:addSCM(292)) - 878dadca-57df-4ab3-9601-92853b413341: Submitting SetConfiguration request to Ratis server with new SCM peers list: [878dadca-57df-4ab3-9601-92853b413341|rpc:localhost:45009|admin:|client:|dataStream:|priority:0, 49081caa-6924-42d1-b762-c940ad9f7c50|rpc:localhost:40649|priority:0]
2022-03-02 19:15:11,962 [IPC Server handler 2 on default port 45179] INFO  server.RaftServer$Division (RaftServerImpl.java:setConfigurationAsync(974)) - 878dadca-57df-4ab3-9601-92853b413341@group-D5EAFC849FBC: receive setConfiguration SetConfigurationRequest:client-CFC2AD82F3DA->878dadca-57df-4ab3-9601-92853b413341@group-D5EAFC849FBC, cid=0, seq=0, RW, null, peers:[878dadca-57df-4ab3-9601-92853b413341|rpc:localhost:45009|admin:|client:|dataStream:|priority:0, 49081caa-6924-42d1-b762-c940ad9f7c50|rpc:localhost:40649|priority:0]
2022-03-02 19:15:11,962 [IPC Server handler 2 on default port 45179] INFO  server.RaftServer$Division (LeaderStateImpl.java:startSetConfiguration(358)) - 878dadca-57df-4ab3-9601-92853b413341@group-D5EAFC849FBC-LeaderStateImpl: startSetConfiguration SetConfigurationRequest:client-CFC2AD82F3DA->878dadca-57df-4ab3-9601-92853b413341@group-D5EAFC849FBC, cid=0, seq=0, RW, null, peers:[878dadca-57df-4ab3-9601-92853b413341|rpc:localhost:45009|admin:|client:|dataStream:|priority:0, 49081caa-6924-42d1-b762-c940ad9f7c50|rpc:localhost:40649|priority:0]
2022-03-02 19:15:11,962 [IPC Server handler 2 on default port 45179] INFO  server.RaftServerConfigKeys (ConfUtils.java:logGet(44)) - raft.server.log.appender.snapshot.chunk.size.max = 16MB (=16777216) (default)
2022-03-02 19:15:11,962 [IPC Server handler 2 on default port 45179] INFO  server.RaftServerConfigKeys (ConfUtils.java:logGet(44)) - raft.server.log.appender.buffer.byte-limit = 33554432 (custom)
2022-03-02 19:15:11,963 [IPC Server handler 2 on default port 45179] INFO  server.RaftServerConfigKeys (ConfUtils.java:logGet(44)) - raft.server.log.appender.buffer.element-limit = 1024 (custom)
2022-03-02 19:15:11,967 [IPC Server handler 2 on default port 45179] INFO  grpc.GrpcConfigKeys (ConfUtils.java:logGet(44)) - raft.grpc.server.leader.outstanding.appends.max = 128 (default)
2022-03-02 19:15:11,967 [IPC Server handler 2 on default port 45179] INFO  server.RaftServerConfigKeys (ConfUtils.java:logGet(44)) - raft.server.rpc.request.timeout = 30000ms (custom)
2022-03-02 19:15:11,967 [IPC Server handler 2 on default port 45179] INFO  server.RaftServerConfigKeys (ConfUtils.java:logGet(44)) - raft.server.log.appender.install.snapshot.enabled = false (custom)
2022-03-02 19:15:11,969 [878dadca-57df-4ab3-9601-92853b413341@group-D5EAFC849FBC->49081caa-6924-42d1-b762-c940ad9f7c50-GrpcLogAppender-LogAppenderDaemon] INFO  server.GrpcLogAppender (GrpcLogAppender.java:installSnapshot(550)) - 878dadca-57df-4ab3-9601-92853b413341@group-D5EAFC849FBC->49081caa-6924-42d1-b762-c940ad9f7c50-GrpcLogAppender: followerNextIndex = 0 but logStartIndex = 0, notify follower to install snapshot-(t:2, i:2)
2022-03-02 19:15:11,969 [878dadca-57df-4ab3-9601-92853b413341@group-D5EAFC849FBC->49081caa-6924-42d1-b762-c940ad9f7c50-GrpcLogAppender-LogAppenderDaemon] INFO  server.GrpcLogAppender (GrpcLogAppender.java:installSnapshot(558)) - 878dadca-57df-4ab3-9601-92853b413341@group-D5EAFC849FBC->49081caa-6924-42d1-b762-c940ad9f7c50-GrpcLogAppender: send 878dadca-57df-4ab3-9601-92853b413341->49081caa-6924-42d1-b762-c940ad9f7c50#0-t2,notify:(t:2, i:2)
2022-03-02 19:15:12,024 [grpc-default-executor-0] INFO  server.RaftServer$Division (RaftServerImpl.java:installSnapshot(1332)) - 49081caa-6924-42d1-b762-c940ad9f7c50@group-D5EAFC849FBC: receive installSnapshot: 878dadca-57df-4ab3-9601-92853b413341->49081caa-6924-42d1-b762-c940ad9f7c50#0-t2,notify:(t:2, i:2)
2022-03-02 19:15:12,026 [grpc-default-executor-0] INFO  ha.SCMStateMachine (SCMStateMachine.java:notifyLeaderChanged(255)) - leader changed, yet current SCM is still follower.
2022-03-02 19:15:12,026 [grpc-default-executor-0] INFO  server.RaftServer$Division (ServerState.java:setLeader(285)) - 49081caa-6924-42d1-b762-c940ad9f7c50@group-D5EAFC849FBC: change Leader from null to 878dadca-57df-4ab3-9601-92853b413341 at term 2 for installSnapshot, leader elected after 231ms
2022-03-02 19:15:12,026 [grpc-default-executor-0] INFO  server.RaftServer$Division (RaftServerImpl.java:notifyStateMachineToInstallSnapshot(1551)) - 49081caa-6924-42d1-b762-c940ad9f7c50@group-D5EAFC849FBC: Received notification to install snapshot at index 2
2022-03-02 19:15:12,026 [grpc-default-executor-0] INFO  server.RaftServer$Division (RaftServerImpl.java:notifyStateMachineToInstallSnapshot(1582)) - 49081caa-6924-42d1-b762-c940ad9f7c50@group-D5EAFC849FBC: notifyInstallSnapshot: nextIndex is 0 but the leader's first available index is 2.
2022-03-02 19:15:12,027 [grpc-default-executor-0] INFO  ha.SCMStateMachine (SCMStateMachine.java:notifyInstallSnapshotFromLeader(219)) - Received install snapshot notification from SCM leader: localhost:45009 with term index: (t:2, i:2)
2022-03-02 19:15:12,034 [pool-271-thread-1] INFO  ha.SCMHAManagerImpl (SCMHAManagerImpl.java:getDBCheckpointFromLeader(207)) - Downloading checkpoint from leader SCM scmNode-1 and reloading state from the checkpoint.
2022-03-02 19:15:12,089 [grpc-default-executor-1] INFO  ha.SCMDBCheckpointProvider (SCMDBCheckpointProvider.java:writeDBCheckPointToSream(48)) - Received request to obtain SCM DB checkpoint snapshot
2022-03-02 19:15:12,103 [grpc-default-executor-1] INFO  db.RDBCheckpointManager (RDBCheckpointManager.java:createCheckpoint(86)) - Created checkpoint at /home/runner/work/ozone/ozone/hadoop-ozone/integration-test/target/test-dir/MiniOzoneClusterImpl-403ad05d-12dd-4695-ad1e-d5eafc849fbc/scmNode-1/db.checkpoints/scm.db_checkpoint_1646248512091 in 12 milliseconds
2022-03-02 19:15:12,111 [grpc-default-executor-1] INFO  ha.SCMGrpcOutputStream (SCMGrpcOutputStream.java:close(111)) - Sent 4492 bytes for cluster 403ad05d-12dd-4695-ad1e-d5eafc849fbc
2022-03-02 19:15:12,117 [grpc-default-executor-1] INFO  ha.SCMDBCheckpointProvider (SCMDBCheckpointProvider.java:writeDBCheckPointToSream(73)) - Time taken to write the checkpoint to response output stream: 13 milliseconds
2022-03-02 19:15:12,118 [grpc-default-executor-3] INFO  ha.InterSCMGrpcClient (InterSCMGrpcClient.java:onCompleted(173)) - Checkpoint is downloaded to /home/runner/work/ozone/ozone/hadoop-ozone/integration-test/target/test-dir/MiniOzoneClusterImpl-403ad05d-12dd-4695-ad1e-d5eafc849fbc/scmNode-2/snapshot/scm.db-scmNode-1-1646248512034.tar.gz
2022-03-02 19:15:12,118 [grpc-default-executor-1] INFO  db.RocksDBCheckpoint (RocksDBCheckpoint.java:cleanupCheckpoint(78)) - Cleaning up RocksDB checkpoint at /home/runner/work/ozone/ozone/hadoop-ozone/integration-test/target/test-dir/MiniOzoneClusterImpl-403ad05d-12dd-4695-ad1e-d5eafc849fbc/scmNode-1/db.checkpoints/scm.db_checkpoint_1646248512091
2022-03-02 19:15:12,167 [pool-271-thread-1] INFO  ha.SCMSnapshotProvider (SCMSnapshotProvider.java:getSCMDBSnapshot(131)) - Successfully downloaded latest checkpoint from leader SCM: scmNode-1 path /home/runner/work/ozone/ozone/hadoop-ozone/integration-test/target/test-dir/MiniOzoneClusterImpl-403ad05d-12dd-4695-ad1e-d5eafc849fbc/scmNode-2/snapshot/scm.db-scmNode-1-1646248512034
2022-03-02 19:15:12,167 [pool-271-thread-1] INFO  ha.SCMHAManagerImpl (SCMHAManagerImpl.java:downloadCheckpointFromLeader(159)) - Downloaded checkpoint from Leader scmNode-1 to the location /home/runner/work/ozone/ozone/hadoop-ozone/integration-test/target/test-dir/MiniOzoneClusterImpl-403ad05d-12dd-4695-ad1e-d5eafc849fbc/scmNode-2/snapshot/scm.db-scmNode-1-1646248512034
2022-03-02 19:15:12,243 [pool-271-thread-1] INFO  ha.SCMHAManagerImpl (SCMHAManagerImpl.java:verifyCheckpointFromLeader(173)) - Installing checkpoint with SCMTransactionInfo 2#2
2022-03-02 19:15:12,243 [pool-271-thread-1] INFO  server.RaftServer$Division (RaftServerImpl.java:lambda$notifyStateMachineToInstallSnapshot$30(1595)) - 49081caa-6924-42d1-b762-c940ad9f7c50@group-D5EAFC849FBC: StateMachine successfully installed snapshot index 2. Reloading the StateMachine.
2022-03-02 19:15:12,243 [pool-271-thread-1] INFO  segmented.SegmentedRaftLogWorker (SegmentedRaftLogWorker.java:lambda$new$0(133)) - 49081caa-6924-42d1-b762-c940ad9f7c50@group-D5EAFC849FBC-SegmentedRaftLogWorker: flushIndex: setUnconditionally -1 -> 2
2022-03-02 19:15:12,243 [pool-271-thread-1] INFO  segmented.SegmentedRaftLogWorker (SegmentedRaftLogWorker.java:lambda$new$0(133)) - 49081caa-6924-42d1-b762-c940ad9f7c50@group-D5EAFC849FBC-SegmentedRaftLogWorker: safeCacheEvictIndex: setUnconditionally -1 -> 2
2022-03-02 19:15:12,243 [pool-271-thread-1] INFO  raftlog.RaftLog (RaftLogBase.java:lambda$new$0(53)) - 49081caa-6924-42d1-b762-c940ad9f7c50@group-D5EAFC849FBC-SegmentedRaftLog: snapshotIndex: updateIncreasingly -1 -> 2
2022-03-02 19:15:12,245 [grpc-default-executor-0] INFO  server.RaftServer$Division (RaftServerImpl.java:notifyStateMachineToInstallSnapshot(1638)) - 49081caa-6924-42d1-b762-c940ad9f7c50@group-D5EAFC849FBC: InstallSnapshot notification result: SNAPSHOT_INSTALLED, at index: 2
2022-03-02 19:15:12,245 [grpc-default-executor-0] INFO  server.RaftServer$Division (RaftServerImpl.java:installSnapshotImpl(1462)) - 49081caa-6924-42d1-b762-c940ad9f7c50@group-D5EAFC849FBC: set new configuration index: 1
configurationEntry {
  peers {
    id: "878dadca-57df-4ab3-9601-92853b413341"
    address: "localhost:45009"
  }
}
 from snapshot
2022-03-02 19:15:12,249 [grpc-default-executor-0] INFO  server.RaftServer$Division (ServerState.java:setRaftConf(387)) - 49081caa-6924-42d1-b762-c940ad9f7c50@group-D5EAFC849FBC: set configuration 1: [878dadca-57df-4ab3-9601-92853b413341|rpc:localhost:45009|admin:|client:|dataStream:|priority:0], old=null
2022-03-02 19:15:12,249 [grpc-default-executor-0] INFO  server.RaftServer$Division (RaftServerImpl.java:installSnapshot(1343)) - 49081caa-6924-42d1-b762-c940ad9f7c50@group-D5EAFC849FBC: reply installSnapshot: 878dadca-57df-4ab3-9601-92853b413341<-49081caa-6924-42d1-b762-c940ad9f7c50#0:FAIL-t0,SNAPSHOT_INSTALLED,snapshotIndex=2
2022-03-02 19:15:12,259 [grpc-default-executor-1] INFO  server.GrpcLogAppender (GrpcLogAppender.java:onNext(410)) - 878dadca-57df-4ab3-9601-92853b413341@group-D5EAFC849FBC->49081caa-6924-42d1-b762-c940ad9f7c50-InstallSnapshotResponseHandler: received the first reply 878dadca-57df-4ab3-9601-92853b413341<-49081caa-6924-42d1-b762-c940ad9f7c50#0:FAIL-t0,SNAPSHOT_INSTALLED,snapshotIndex=2
2022-03-02 19:15:12,259 [grpc-default-executor-1] INFO  server.GrpcLogAppender (GrpcLogAppender.java:onNext(450)) - 878dadca-57df-4ab3-9601-92853b413341@group-D5EAFC849FBC->49081caa-6924-42d1-b762-c940ad9f7c50-InstallSnapshotResponseHandler: Follower installed snapshot at index 2
2022-03-02 19:15:12,259 [grpc-default-executor-1] INFO  leader.FollowerInfo (FollowerInfoImpl.java:lambda$new$0(47)) - 878dadca-57df-4ab3-9601-92853b413341@group-D5EAFC849FBC->49081caa-6924-42d1-b762-c940ad9f7c50: snapshotIndex: setUnconditionally 0 -> 2
2022-03-02 19:15:12,259 [grpc-default-executor-1] INFO  leader.FollowerInfo (FollowerInfoImpl.java:lambda$new$0(47)) - 878dadca-57df-4ab3-9601-92853b413341@group-D5EAFC849FBC->49081caa-6924-42d1-b762-c940ad9f7c50: matchIndex: setUnconditionally 0 -> 2
2022-03-02 19:15:12,259 [grpc-default-executor-1] INFO  leader.FollowerInfo (FollowerInfoImpl.java:lambda$new$0(47)) - 878dadca-57df-4ab3-9601-92853b413341@group-D5EAFC849FBC->49081caa-6924-42d1-b762-c940ad9f7c50: nextIndex: setUnconditionally 0 -> 3
2022-03-02 19:15:12,259 [grpc-default-executor-1] INFO  leader.FollowerInfo (FollowerInfoImpl.java:setAttemptedToInstallSnapshot(116)) - Follower 878dadca-57df-4ab3-9601-92853b413341@group-D5EAFC849FBC->49081caa-6924-42d1-b762-c940ad9f7c50 acknowledged installing snapshot
2022-03-02 19:15:12,259 [grpc-default-executor-1] INFO  leader.FollowerInfo (FollowerInfoImpl.java:lambda$new$0(47)) - 878dadca-57df-4ab3-9601-92853b413341@group-D5EAFC849FBC->49081caa-6924-42d1-b762-c940ad9f7c50: nextIndex: updateToMax old=3, new=3, updated? false
2022-03-02 19:15:12,267 [grpc-default-executor-0] INFO  server.GrpcServerProtocolService (GrpcServerProtocolService.java:onCompleted(140)) - 49081caa-6924-42d1-b762-c940ad9f7c50: Completed INSTALL_SNAPSHOT, lastRequest: 878dadca-57df-4ab3-9601-92853b413341->49081caa-6924-42d1-b762-c940ad9f7c50#0-t2,notify:(t:2, i:2)
2022-03-02 19:15:12,271 [grpc-default-executor-0] INFO  impl.RoleInfo (RoleInfo.java:updateAndGet(130)) - 49081caa-6924-42d1-b762-c940ad9f7c50: start 49081caa-6924-42d1-b762-c940ad9f7c50@group-D5EAFC849FBC-FollowerState
2022-03-02 19:15:12,343 [49081caa-6924-42d1-b762-c940ad9f7c50@group-D5EAFC849FBC-StateMachineUpdater] INFO  ha.SCMHAManagerImpl (SCMHAManagerImpl.java:installCheckpoint(228)) - Installing checkpoint with SCMTransactionInfo 2#2
2022-03-02 19:15:12,345 [49081caa-6924-42d1-b762-c940ad9f7c50@group-D5EAFC849FBC-StateMachineUpdater] INFO  ha.SCMHAManagerImpl (SCMHAManagerImpl.java:installCheckpoint(267)) - Replaced DB with checkpoint, term: 2, index: 2
2022-03-02 19:15:12,345 [49081caa-6924-42d1-b762-c940ad9f7c50@group-D5EAFC849FBC-StateMachineUpdater] WARN  utils.HAUtils (HAUtils.java:getMetaDir(342)) - ozone.scm.db.dirs is not configured. We recommend adding this setting. Falling back to ozone.metadata.dirs instead.
2022-03-02 19:15:12,346 [49081caa-6924-42d1-b762-c940ad9f7c50@group-D5EAFC849FBC-StateMachineUpdater] WARN  db.DBStoreBuilder (DBStoreBuilder.java:applyDBDefinition(145)) - ozone.scm.db.dirs is not configured. We recommend adding this setting. Falling back to ozone.metadata.dirs instead.
2022-03-02 19:15:12,389 [49081caa-6924-42d1-b762-c940ad9f7c50@group-D5EAFC849FBC-StateMachineUpdater] INFO  ha.SequenceIdGenerator (SequenceIdGenerator.java:reinitialize(166)) - reinitialize SequenceIdGenerator.
2022-03-02 19:15:12,389 [49081caa-6924-42d1-b762-c940ad9f7c50@group-D5EAFC849FBC-StateMachineUpdater] INFO  pipeline.PipelineStateManagerImpl (PipelineStateManagerImpl.java:initialize(78)) - No pipeline exists in current db
2022-03-02 19:15:12,389 [49081caa-6924-42d1-b762-c940ad9f7c50@group-D5EAFC849FBC-StateMachineUpdater] INFO  ha.SCMHAManagerImpl (SCMHAManagerImpl.java:installCheckpoint(282)) - Reloaded SCM state with Term: 2 and Index: 2
2022-03-02 19:15:12,392 [49081caa-6924-42d1-b762-c940ad9f7c50@group-D5EAFC849FBC-StateMachineUpdater] INFO  impl.StateMachineUpdater (StateMachineUpdater.java:lambda$new$0(89)) - 49081caa-6924-42d1-b762-c940ad9f7c50@group-D5EAFC849FBC-StateMachineUpdater: snapshotIndex: setUnconditionally -1 -> 2
2022-03-02 19:15:12,392 [49081caa-6924-42d1-b762-c940ad9f7c50@group-D5EAFC849FBC-StateMachineUpdater] INFO  impl.StateMachineUpdater (StateMachineUpdater.java:lambda$new$0(89)) - 49081caa-6924-42d1-b762-c940ad9f7c50@group-D5EAFC849FBC-StateMachineUpdater: appliedIndex: setUnconditionally -1 -> 2
2022-03-02 19:15:12,845 [EndpointStateMachine task thread for /127.0.0.1:45835 - 0 ] INFO  ipc.Client (Client.java:handleConnectionFailure(977)) - Retrying connect to server: localhost/127.0.0.1:45835. Already tried 5 time(s); retry policy is RetryUpToMaximumCountWithFixedSleep(maxRetries=15, sleepTime=1000 MILLISECONDS)
2022-03-02 19:15:12,849 [EndpointStateMachine task thread for /127.0.0.1:34023 - 0 ] INFO  ipc.Client (Client.java:handleConnectionFailure(977)) - Retrying connect to server: localhost/127.0.0.1:34023. Already tried 5 time(s); retry policy is RetryUpToMaximumCountWithFixedSleep(maxRetries=15, sleepTime=1000 MILLISECONDS)
2022-03-02 19:15:12,854 [EndpointStateMachine task thread for /127.0.0.1:44351 - 0 ] INFO  ipc.Client (Client.java:handleConnectionFailure(977)) - Retrying connect to server: localhost/127.0.0.1:44351. Already tried 5 time(s); retry policy is RetryUpToMaximumCountWithFixedSleep(maxRetries=15, sleepTime=1000 MILLISECONDS)
2022-03-02 19:15:13,846 [EndpointStateMachine task thread for /127.0.0.1:45835 - 0 ] INFO  ipc.Client (Client.java:handleConnectionFailure(977)) - Retrying connect to server: localhost/127.0.0.1:45835. Already tried 6 time(s); retry policy is RetryUpToMaximumCountWithFixedSleep(maxRetries=15, sleepTime=1000 MILLISECONDS)
2022-03-02 19:15:13,852 [EndpointStateMachine task thread for /127.0.0.1:34023 - 0 ] INFO  ipc.Client (Client.java:handleConnectionFailure(977)) - Retrying connect to server: localhost/127.0.0.1:34023. Already tried 6 time(s); retry policy is RetryUpToMaximumCountWithFixedSleep(maxRetries=15, sleepTime=1000 MILLISECONDS)
2022-03-02 19:15:13,855 [EndpointStateMachine task thread for /127.0.0.1:44351 - 0 ] INFO  ipc.Client (Client.java:handleConnectionFailure(977)) - Retrying connect to server: localhost/127.0.0.1:44351. Already tried 6 time(s); retry policy is RetryUpToMaximumCountWithFixedSleep(maxRetries=15, sleepTime=1000 MILLISECONDS)
2022-03-02 19:15:14,847 [EndpointStateMachine task thread for /127.0.0.1:45835 - 0 ] INFO  ipc.Client (Client.java:handleConnectionFailure(977)) - Retrying connect to server: localhost/127.0.0.1:45835. Already tried 7 time(s); retry policy is RetryUpToMaximumCountWithFixedSleep(maxRetries=15, sleepTime=1000 MILLISECONDS)
2022-03-02 19:15:14,855 [EndpointStateMachine task thread for /127.0.0.1:34023 - 0 ] INFO  ipc.Client (Client.java:handleConnectionFailure(977)) - Retrying connect to server: localhost/127.0.0.1:34023. Already tried 7 time(s); retry policy is RetryUpToMaximumCountWithFixedSleep(maxRetries=15, sleepTime=1000 MILLISECONDS)
2022-03-02 19:15:14,855 [EndpointStateMachine task thread for /127.0.0.1:44351 - 0 ] INFO  ipc.Client (Client.java:handleConnectionFailure(977)) - Retrying connect to server: localhost/127.0.0.1:44351. Already tried 7 time(s); retry policy is RetryUpToMaximumCountWithFixedSleep(maxRetries=15, sleepTime=1000 MILLISECONDS)
2022-03-02 19:15:15,324 [878dadca-57df-4ab3-9601-92853b413341@group-D5EAFC849FBC-LeaderStateImpl] INFO  server.RaftServer$Division (ServerState.java:setRaftConf(387)) - 878dadca-57df-4ab3-9601-92853b413341@group-D5EAFC849FBC: set configuration 3: [878dadca-57df-4ab3-9601-92853b413341|rpc:localhost:45009|admin:|client:|dataStream:|priority:0, 49081caa-6924-42d1-b762-c940ad9f7c50|rpc:localhost:40649|priority:0], old=[878dadca-57df-4ab3-9601-92853b413341|rpc:localhost:45009|admin:|client:|dataStream:|priority:0]
2022-03-02 19:15:15,326 [grpc-default-executor-0] INFO  server.RaftServer$Division (ServerState.java:setRaftConf(387)) - 49081caa-6924-42d1-b762-c940ad9f7c50@group-D5EAFC849FBC: set configuration 3: [878dadca-57df-4ab3-9601-92853b413341|rpc:localhost:45009|admin:|client:|dataStream:|priority:0, 49081caa-6924-42d1-b762-c940ad9f7c50|rpc:localhost:40649|admin:|client:|dataStream:|priority:0], old=[878dadca-57df-4ab3-9601-92853b413341|rpc:localhost:45009|admin:|client:|dataStream:|priority:0]
2022-03-02 19:15:15,327 [grpc-default-executor-0] INFO  segmented.SegmentedRaftLogWorker (SegmentedRaftLogWorker.java:startLogSegment(394)) - 49081caa-6924-42d1-b762-c940ad9f7c50@group-D5EAFC849FBC-SegmentedRaftLogWorker: Starting segment from index:3
2022-03-02 19:15:15,339 [49081caa-6924-42d1-b762-c940ad9f7c50@group-D5EAFC849FBC-SegmentedRaftLogWorker] INFO  segmented.SegmentedRaftLogWorker (SegmentedRaftLogWorker.java:execute(601)) - 49081caa-6924-42d1-b762-c940ad9f7c50@group-D5EAFC849FBC-SegmentedRaftLogWorker: created new log segment /home/runner/work/ozone/ozone/hadoop-ozone/integration-test/target/test-dir/MiniOzoneClusterImpl-403ad05d-12dd-4695-ad1e-d5eafc849fbc/scmNode-2/scm-ha/403ad05d-12dd-4695-ad1e-d5eafc849fbc/current/log_inprogress_3
2022-03-02 19:15:15,343 [878dadca-57df-4ab3-9601-92853b413341@group-D5EAFC849FBC-LeaderStateImpl] INFO  server.RaftServer$Division (ServerState.java:setRaftConf(387)) - 878dadca-57df-4ab3-9601-92853b413341@group-D5EAFC849FBC: set configuration 5: [878dadca-57df-4ab3-9601-92853b413341|rpc:localhost:45009|admin:|client:|dataStream:|priority:0, 49081caa-6924-42d1-b762-c940ad9f7c50|rpc:localhost:40649|priority:0], old=null
2022-03-02 19:15:15,347 [grpc-default-executor-0] INFO  server.RaftServer$Division (ServerState.java:setRaftConf(387)) - 49081caa-6924-42d1-b762-c940ad9f7c50@group-D5EAFC849FBC: set configuration 5: [878dadca-57df-4ab3-9601-92853b413341|rpc:localhost:45009|admin:|client:|dataStream:|priority:0, 49081caa-6924-42d1-b762-c940ad9f7c50|rpc:localhost:40649|admin:|client:|dataStream:|priority:0], old=null
2022-03-02 19:15:15,357 [49081caa-6924-42d1-b762-c940ad9f7c50@group-D5EAFC849FBC-StateMachineUpdater] INFO  safemode.HealthyPipelineSafeModeRule (HealthyPipelineSafeModeRule.java:initializeRule(152)) - Refreshed total pipeline count is 0, healthy pipeline threshold count is 1
2022-03-02 19:15:15,358 [49081caa-6924-42d1-b762-c940ad9f7c50@group-D5EAFC849FBC-StateMachineUpdater] INFO  safemode.ContainerSafeModeRule (ContainerSafeModeRule.java:reInitializeRule(177)) - Refreshed one replica container threshold 0, currentThreshold 0
2022-03-02 19:15:15,358 [49081caa-6924-42d1-b762-c940ad9f7c50@group-D5EAFC849FBC-StateMachineUpdater] INFO  safemode.OneReplicaPipelineSafeModeRule (OneReplicaPipelineSafeModeRule.java:initializeRule(176)) - Refreshed Total pipeline count is 0, pipeline's with at least one datanode reported threshold count is 0
2022-03-02 19:15:15,358 [49081caa-6924-42d1-b762-c940ad9f7c50@group-D5EAFC849FBC-StateMachineUpdater] INFO  server.SCMDatanodeProtocolServer (SCMDatanodeProtocolServer.java:start(181)) - ScmDatanodeProtocol RPC server for DataNodes is listening at /0.0.0.0:34357
2022-03-02 19:15:15,367 [IPC Server listener on 34357] INFO  ipc.Server (Server.java:run(1344)) - IPC Server listener on 34357: starting
2022-03-02 19:15:15,388 [878dadca-57df-4ab3-9601-92853b413341@group-D5EAFC849FBC-StateMachineUpdater] INFO  ha.SCMStateMachine (SCMStateMachine.java:takeSnapshot(297)) - Current Snapshot Index 5, takeSnapshot took 0 ms
2022-03-02 19:15:15,388 [878dadca-57df-4ab3-9601-92853b413341@group-D5EAFC849FBC-StateMachineUpdater] INFO  impl.StateMachineUpdater (StateMachineUpdater.java:takeSnapshot(281)) - 878dadca-57df-4ab3-9601-92853b413341@group-D5EAFC849FBC-StateMachineUpdater: Took a snapshot at index 5
2022-03-02 19:15:15,388 [878dadca-57df-4ab3-9601-92853b413341@group-D5EAFC849FBC-StateMachineUpdater] INFO  impl.StateMachineUpdater (StateMachineUpdater.java:lambda$new$0(89)) - 878dadca-57df-4ab3-9601-92853b413341@group-D5EAFC849FBC-StateMachineUpdater: snapshotIndex: updateIncreasingly -1 -> 5
2022-03-02 19:15:15,388 [878dadca-57df-4ab3-9601-92853b413341@group-D5EAFC849FBC-StateMachineUpdater] INFO  raftlog.RaftLog (RaftLogBase.java:purge(306)) - 878dadca-57df-4ab3-9601-92853b413341@group-D5EAFC849FBC-SegmentedRaftLog: purge 5
2022-03-02 19:15:15,388 [878dadca-57df-4ab3-9601-92853b413341@group-D5EAFC849FBC-StateMachineUpdater] INFO  raftlog.RaftLog (RaftLogBase.java:lambda$new$0(53)) - 878dadca-57df-4ab3-9601-92853b413341@group-D5EAFC849FBC-SegmentedRaftLog: snapshotIndex: updateIncreasingly -1 -> 5
2022-03-02 19:15:15,388 [IPC Server handler 2 on default port 45179] INFO  ha.SCMRatisServerImpl (SCMRatisServerImpl.java:addSCM(303)) - Successfully added new SCM: 49081caa-6924-42d1-b762-c940ad9f7c50.
2022-03-02 19:15:15,390 [Listener at 0.0.0.0/35087] INFO  ha.SCMHAManagerImpl (SCMHAManagerImpl.java:start(117)) - Successfully added SCM scmNode-2 to group group-D5EAFC849FBC:[878dadca-57df-4ab3-9601-92853b413341|rpc:localhost:45009|admin:|client:|dataStream:|priority:0, 49081caa-6924-42d1-b762-c940ad9f7c50|rpc:localhost:40649|admin:|client:|dataStream:|priority:0]
2022-03-02 19:15:15,390 [Listener at 0.0.0.0/35087] INFO  ha.InterSCMGrpcService (InterSCMGrpcProtocolService.java:start(94)) - Starting SCM Grpc Service at port 44817
2022-03-02 19:15:15,391 [878dadca-57df-4ab3-9601-92853b413341@group-D5EAFC849FBC-SegmentedRaftLogWorker] INFO  raftlog.RaftLog (RaftLogBase.java:lambda$new$0(53)) - 878dadca-57df-4ab3-9601-92853b413341@group-D5EAFC849FBC-SegmentedRaftLog: purgeIndex: updateToMax old=-1, new=0, updated? true
2022-03-02 19:15:15,391 [IPC Server Responder] INFO  ipc.Server (Server.java:run(1507)) - IPC Server Responder: starting
2022-03-02 19:15:15,411 [Listener at 0.0.0.0/35087] INFO  impl.MetricsSystemImpl (MetricsSystemImpl.java:init(158)) - StorageContainerManager metrics system started (again)
2022-03-02 19:15:15,452 [Listener at 0.0.0.0/35087] INFO  server.SCMClientProtocolServer (SCMClientProtocolServer.java:start(165)) - RPC server for Client  is listening at /0.0.0.0:35087
2022-03-02 19:15:15,452 [IPC Server Responder] INFO  ipc.Server (Server.java:run(1507)) - IPC Server Responder: starting
2022-03-02 19:15:15,453 [IPC Server listener on 35087] INFO  ipc.Server (Server.java:run(1344)) - IPC Server listener on 35087: starting
2022-03-02 19:15:15,474 [Listener at 0.0.0.0/35087] INFO  server.StorageContainerManager (StorageContainerManager.java:start(1345)) - ScmBlockLocationProtocol RPC server is listening at /0.0.0.0:37079
2022-03-02 19:15:15,475 [Listener at 0.0.0.0/35087] INFO  server.SCMBlockProtocolServer (SCMBlockProtocolServer.java:start(151)) - RPC server for Block Protocol is listening at /0.0.0.0:37079
2022-03-02 19:15:15,477 [IPC Server Responder] INFO  ipc.Server (Server.java:run(1507)) - IPC Server Responder: starting
2022-03-02 19:15:15,477 [IPC Server listener on 37079] INFO  ipc.Server (Server.java:run(1344)) - IPC Server listener on 37079: starting
2022-03-02 19:15:15,497 [Listener at 0.0.0.0/35087] INFO  http.BaseHttpServer (BaseHttpServer.java:newHttpServer2BuilderForOzone(209)) - Starting Web-server for scm at: http://0.0.0.0:39511
2022-03-02 19:15:15,497 [Listener at 0.0.0.0/35087] INFO  http.BaseHttpServer (BaseHttpServer.java:<init>(107)) - Hadoop Security Enabled: false Ozone Security Enabled: false Ozone HTTP Security Enabled: false 
2022-03-02 19:15:15,499 [Listener at 0.0.0.0/35087] INFO  server.AuthenticationFilter (AuthenticationFilter.java:constructSecretProvider(240)) - Unable to initialize FileSignerSecretProvider, falling back to use random secrets.
2022-03-02 19:15:15,501 [org.apache.hadoop.util.JvmPauseMonitor$Monitor@4b95a93b] INFO  util.JvmPauseMonitor (JvmPauseMonitor.java:run(188)) - Starting JVM pause monitor
2022-03-02 19:15:15,501 [Listener at 0.0.0.0/35087] WARN  http.HttpRequestLog (HttpRequestLog.java:getRequestLog(103)) - Jetty request log can only be enabled using Log4j
2022-03-02 19:15:15,504 [Listener at 0.0.0.0/35087] INFO  http.HttpServer2 (HttpServer2.java:addGlobalFilter(1030)) - Added global filter 'safety' (class=org.apache.hadoop.hdds.server.http.HttpServer2$QuotingInputFilter)
2022-03-02 19:15:15,504 [Listener at 0.0.0.0/35087] INFO  http.HttpServer2 (HttpServer2.java:addFilter(1006)) - Added filter static_user_filter (class=org.apache.hadoop.http.lib.StaticUserWebFilter$StaticUserFilter) to context scm
2022-03-02 19:15:15,505 [Listener at 0.0.0.0/35087] INFO  http.HttpServer2 (HttpServer2.java:addFilter(1014)) - Added filter static_user_filter (class=org.apache.hadoop.http.lib.StaticUserWebFilter$StaticUserFilter) to context logs
2022-03-02 19:15:15,505 [Listener at 0.0.0.0/35087] INFO  http.HttpServer2 (HttpServer2.java:addFilter(1014)) - Added filter static_user_filter (class=org.apache.hadoop.http.lib.StaticUserWebFilter$StaticUserFilter) to context static
2022-03-02 19:15:15,506 [Listener at 0.0.0.0/35087] INFO  http.HttpServer2 (HttpServer2.java:bindListener(1249)) - Jetty bound to port 39511
2022-03-02 19:15:15,506 [Listener at 0.0.0.0/35087] INFO  server.Server (Server.java:doStart(375)) - jetty-9.4.43.v20210629; built: 2021-06-30T11:07:22.254Z; git: 526006ecfa3af7f1a27ef3a288e2bef7ea9dd7e8; jvm 1.8.0_322-b06
2022-03-02 19:15:15,508 [Listener at 0.0.0.0/35087] INFO  server.session (DefaultSessionIdManager.java:doStart(334)) - DefaultSessionIdManager workerName=node0
2022-03-02 19:15:15,508 [Listener at 0.0.0.0/35087] INFO  server.session (DefaultSessionIdManager.java:doStart(339)) - No SessionScavenger set, using defaults
2022-03-02 19:15:15,508 [Listener at 0.0.0.0/35087] INFO  server.session (HouseKeeper.java:startScavenging(132)) - node0 Scavenging every 660000ms
2022-03-02 19:15:15,509 [Listener at 0.0.0.0/35087] INFO  handler.ContextHandler (ContextHandler.java:doStart(915)) - Started o.e.j.s.ServletContextHandler@bb2c986{logs,/logs,file:///home/runner/work/ozone/ozone/hadoop-ozone/integration-test/target/log,AVAILABLE}
2022-03-02 19:15:15,510 [Listener at 0.0.0.0/35087] INFO  handler.ContextHandler (ContextHandler.java:doStart(915)) - Started o.e.j.s.ServletContextHandler@514acca7{static,/static,file:///home/runner/work/ozone/ozone/hadoop-ozone/integration-test/target/test-classes/webapps/static,AVAILABLE}
2022-03-02 19:15:15,515 [Listener at 0.0.0.0/35087] INFO  handler.ContextHandler (ContextHandler.java:doStart(915)) - Started o.e.j.w.WebAppContext@50001200{scm,/,file:///home/runner/work/ozone/ozone/hadoop-ozone/integration-test/target/test-classes/webapps/scm/,AVAILABLE}{file:/home/runner/work/ozone/ozone/hadoop-ozone/integration-test/target/test-classes/webapps/scm}
2022-03-02 19:15:15,522 [Listener at 0.0.0.0/35087] INFO  server.AbstractConnector (AbstractConnector.java:doStart(331)) - Started ServerConnector@9d43cf{HTTP/1.1, (http/1.1)}{0.0.0.0:39511}
2022-03-02 19:15:15,522 [Listener at 0.0.0.0/35087] INFO  server.Server (Server.java:doStart(415)) - Started @89548ms
2022-03-02 19:15:15,522 [Listener at 0.0.0.0/35087] WARN  impl.MetricsSystemImpl (MetricsSystemImpl.java:register(279)) - Sink prometheus already exists!
2022-03-02 19:15:15,523 [Listener at 0.0.0.0/35087] INFO  http.BaseHttpServer (BaseHttpServer.java:updateConnectorAddress(329)) - HTTP server of scm listening at http://0.0.0.0:39511
2022-03-02 19:15:15,526 [Listener at 0.0.0.0/35087] INFO  ozone.MiniOzoneHAClusterImpl (MiniOzoneHAClusterImpl.java:createSCMService(600)) - Started SCM RPC server at /0.0.0.0:35087
2022-03-02 19:15:15,543 [Listener at 0.0.0.0/35087] INFO  ha.SCMHANodeDetails (SCMHANodeDetails.java:loadSCMHAConfig(157)) - ServiceID for StorageContainerManager is scm-service-test1
2022-03-02 19:15:15,543 [Listener at 0.0.0.0/35087] INFO  ha.SCMHANodeDetails (SCMHANodeDetails.java:loadSCMHAConfig(168)) - ServiceID for StorageContainerManager is scm-service-test1
2022-03-02 19:15:15,543 [Listener at 0.0.0.0/35087] WARN  scm.ScmUtils (ScmUtils.java:logWarn(179)) - ConfigKey ozone.scm.block.client.address is deprecated, For configuring different ports for each SCM use PortConfigKey ozone.scm.block.client.port appended with serviceId and nodeId. If want to configure same port configure ozone.scm.block.client.port
2022-03-02 19:15:15,543 [Listener at 0.0.0.0/35087] WARN  scm.ScmUtils (ScmUtils.java:logWarn(179)) - ConfigKey ozone.scm.client.address is deprecated, For configuring different ports for each SCM use PortConfigKey ozone.scm.client.port appended with serviceId and nodeId. If want to configure same port configure ozone.scm.client.port
2022-03-02 19:15:15,543 [Listener at 0.0.0.0/35087] WARN  scm.ScmUtils (ScmUtils.java:logWarn(179)) - ConfigKey ozone.scm.datanode.address is deprecated, For configuring different ports for each SCM use PortConfigKey ozone.scm.datanode.port appended with serviceId and nodeId. If want to configure same port configure ozone.scm.datanode.port
2022-03-02 19:15:15,544 [Listener at 0.0.0.0/35087] WARN  scm.ScmUtils (ScmUtils.java:logWarn(179)) - ConfigKey ozone.scm.block.client.address is deprecated, For configuring different ports for each SCM use PortConfigKey ozone.scm.block.client.port appended with serviceId and nodeId. If want to configure same port configure ozone.scm.block.client.port
2022-03-02 19:15:15,544 [Listener at 0.0.0.0/35087] WARN  scm.ScmUtils (ScmUtils.java:logWarn(179)) - ConfigKey ozone.scm.client.address is deprecated, For configuring different ports for each SCM use PortConfigKey ozone.scm.client.port appended with serviceId and nodeId. If want to configure same port configure ozone.scm.client.port
2022-03-02 19:15:15,544 [Listener at 0.0.0.0/35087] WARN  scm.ScmUtils (ScmUtils.java:logWarn(179)) - ConfigKey ozone.scm.datanode.address is deprecated, For configuring different ports for each SCM use PortConfigKey ozone.scm.datanode.port appended with serviceId and nodeId. If want to configure same port configure ozone.scm.datanode.port
2022-03-02 19:15:15,544 [Listener at 0.0.0.0/35087] INFO  ha.SCMHANodeDetails (SCMHANodeDetails.java:loadSCMHAConfig(250)) - Found matching SCM address with SCMServiceId: scm-service-test1, SCMNodeId: scmNode-3, RPC Address: localhost:43969 and Ratis port: 43969
2022-03-02 19:15:15,544 [Listener at 0.0.0.0/35087] INFO  ha.SCMHANodeDetails (ConfUtils.java:setNodeSpecificConfigs(108)) - Setting configuration key ozone.scm.datanode.address with value of key ozone.scm.datanode.address.scm-service-test1.scmNode-3: 127.0.0.1:41985
2022-03-02 19:15:15,544 [Listener at 0.0.0.0/35087] INFO  ha.SCMHANodeDetails (ConfUtils.java:setNodeSpecificConfigs(108)) - Setting configuration key ozone.scm.block.client.address with value of key ozone.scm.block.client.address.scm-service-test1.scmNode-3: 127.0.0.1:36483
2022-03-02 19:15:15,545 [Listener at 0.0.0.0/35087] INFO  ha.SCMHANodeDetails (ConfUtils.java:setNodeSpecificConfigs(108)) - Setting configuration key ozone.scm.client.address with value of key ozone.scm.client.address.scm-service-test1.scmNode-3: 127.0.0.1:42919
2022-03-02 19:15:15,545 [Listener at 0.0.0.0/35087] INFO  ha.SCMHANodeDetails (ConfUtils.java:setNodeSpecificConfigs(108)) - Setting configuration key ozone.scm.ratis.port with value of key ozone.scm.ratis.port.scm-service-test1.scmNode-3: 43969
2022-03-02 19:15:15,545 [Listener at 0.0.0.0/35087] INFO  ha.SCMHANodeDetails (ConfUtils.java:setNodeSpecificConfigs(108)) - Setting configuration key ozone.scm.grpc.port with value of key ozone.scm.grpc.port.scm-service-test1.scmNode-3: 44417
2022-03-02 19:15:15,545 [Listener at 0.0.0.0/35087] INFO  ha.SCMHANodeDetails (ConfUtils.java:setNodeSpecificConfigs(108)) - Setting configuration key ozone.scm.http-address with value of key ozone.scm.http-address.scm-service-test1.scmNode-3: 127.0.0.1:45549
2022-03-02 19:15:15,545 [Listener at 0.0.0.0/35087] INFO  ha.SCMHANodeDetails (ConfUtils.java:setNodeSpecificConfigs(108)) - Setting configuration key ozone.scm.https-address with value of key ozone.scm.https-address.scm-service-test1.scmNode-3: 127.0.0.1:33499
2022-03-02 19:15:15,545 [Listener at 0.0.0.0/35087] INFO  ha.SCMHANodeDetails (ConfUtils.java:setNodeSpecificConfigs(108)) - Setting configuration key ozone.scm.address with value of key ozone.scm.address.scm-service-test1.scmNode-3: 127.0.0.1
2022-03-02 19:15:15,545 [Listener at 0.0.0.0/35087] WARN  scm.ScmUtils (ScmUtils.java:logWarn(179)) - ConfigKey ozone.scm.block.client.address is deprecated, For configuring different ports for each SCM use PortConfigKey ozone.scm.block.client.port appended with serviceId and nodeId. If want to configure same port configure ozone.scm.block.client.port
2022-03-02 19:15:15,546 [Listener at 0.0.0.0/35087] WARN  scm.ScmUtils (ScmUtils.java:logWarn(179)) - ConfigKey ozone.scm.client.address is deprecated, For configuring different ports for each SCM use PortConfigKey ozone.scm.client.port appended with serviceId and nodeId. If want to configure same port configure ozone.scm.client.port
2022-03-02 19:15:15,546 [Listener at 0.0.0.0/35087] WARN  scm.ScmUtils (ScmUtils.java:logWarn(179)) - ConfigKey ozone.scm.datanode.address is deprecated, For configuring different ports for each SCM use PortConfigKey ozone.scm.datanode.port appended with serviceId and nodeId. If want to configure same port configure ozone.scm.datanode.port
2022-03-02 19:15:15,546 [Listener at 0.0.0.0/35087] WARN  server.ServerUtils (ServerUtils.java:getScmDbDir(148)) - ozone.scm.db.dirs is not configured. We recommend adding this setting. Falling back to ozone.metadata.dirs instead.
2022-03-02 19:15:15,547 [Listener at 0.0.0.0/35087] INFO  ha.SCMNodeInfo (SCMNodeInfo.java:getPort(197)) - ConfigKey ozone.scm.client.address is deprecated, For configuring different ports for each SCM use PortConfigKey ozone.scm.client.port appended with serviceId and nodeId
2022-03-02 19:15:15,548 [Listener at 0.0.0.0/35087] INFO  ha.SCMNodeInfo (SCMNodeInfo.java:getPort(197)) - ConfigKey ozone.scm.block.client.address is deprecated, For configuring different ports for each SCM use PortConfigKey ozone.scm.block.client.port appended with serviceId and nodeId
2022-03-02 19:15:15,548 [Listener at 0.0.0.0/35087] INFO  ha.SCMNodeInfo (SCMNodeInfo.java:getPort(197)) - ConfigKey ozone.scm.datanode.address is deprecated, For configuring different ports for each SCM use PortConfigKey ozone.scm.datanode.port appended with serviceId and nodeId
2022-03-02 19:15:15,548 [Listener at 0.0.0.0/35087] INFO  ha.SCMNodeInfo (SCMNodeInfo.java:getPort(197)) - ConfigKey ozone.scm.client.address is deprecated, For configuring different ports for each SCM use PortConfigKey ozone.scm.client.port appended with serviceId and nodeId
2022-03-02 19:15:15,548 [Listener at 0.0.0.0/35087] INFO  ha.SCMNodeInfo (SCMNodeInfo.java:getPort(197)) - ConfigKey ozone.scm.block.client.address is deprecated, For configuring different ports for each SCM use PortConfigKey ozone.scm.block.client.port appended with serviceId and nodeId
2022-03-02 19:15:15,548 [Listener at 0.0.0.0/35087] INFO  ha.SCMNodeInfo (SCMNodeInfo.java:getPort(197)) - ConfigKey ozone.scm.datanode.address is deprecated, For configuring different ports for each SCM use PortConfigKey ozone.scm.datanode.port appended with serviceId and nodeId
2022-03-02 19:15:15,549 [Listener at 0.0.0.0/35087] INFO  ha.SCMNodeInfo (SCMNodeInfo.java:getPort(197)) - ConfigKey ozone.scm.client.address is deprecated, For configuring different ports for each SCM use PortConfigKey ozone.scm.client.port appended with serviceId and nodeId
2022-03-02 19:15:15,549 [Listener at 0.0.0.0/35087] INFO  ha.SCMNodeInfo (SCMNodeInfo.java:getPort(197)) - ConfigKey ozone.scm.block.client.address is deprecated, For configuring different ports for each SCM use PortConfigKey ozone.scm.block.client.port appended with serviceId and nodeId
2022-03-02 19:15:15,549 [Listener at 0.0.0.0/35087] INFO  ha.SCMNodeInfo (SCMNodeInfo.java:getPort(197)) - ConfigKey ozone.scm.datanode.address is deprecated, For configuring different ports for each SCM use PortConfigKey ozone.scm.datanode.port appended with serviceId and nodeId
2022-03-02 19:15:15,568 [Listener at 0.0.0.0/35087] INFO  server.StorageContainerManager (StorageContainerManager.java:scmBootstrap(1014)) - SCM BootStrap  is successful for ClusterID 403ad05d-12dd-4695-ad1e-d5eafc849fbc, SCMID d15c7541-afff-4c05-b5ea-1cab637993e4
2022-03-02 19:15:15,568 [Listener at 0.0.0.0/35087] INFO  server.StorageContainerManager (StorageContainerManager.java:scmBootstrap(1016)) - Primary SCM Node ID 878dadca-57df-4ab3-9601-92853b413341
2022-03-02 19:15:15,568 [Listener at 0.0.0.0/35087] INFO  ha.SCMHANodeDetails (SCMHANodeDetails.java:loadSCMHAConfig(157)) - ServiceID for StorageContainerManager is scm-service-test1
2022-03-02 19:15:15,568 [Listener at 0.0.0.0/35087] INFO  ha.SCMHANodeDetails (SCMHANodeDetails.java:loadSCMHAConfig(168)) - ServiceID for StorageContainerManager is scm-service-test1
2022-03-02 19:15:15,569 [Listener at 0.0.0.0/35087] WARN  scm.ScmUtils (ScmUtils.java:logWarn(179)) - ConfigKey ozone.scm.block.client.address is deprecated, For configuring different ports for each SCM use PortConfigKey ozone.scm.block.client.port appended with serviceId and nodeId. If want to configure same port configure ozone.scm.block.client.port
2022-03-02 19:15:15,569 [Listener at 0.0.0.0/35087] WARN  scm.ScmUtils (ScmUtils.java:logWarn(179)) - ConfigKey ozone.scm.client.address is deprecated, For configuring different ports for each SCM use PortConfigKey ozone.scm.client.port appended with serviceId and nodeId. If want to configure same port configure ozone.scm.client.port
2022-03-02 19:15:15,569 [Listener at 0.0.0.0/35087] WARN  scm.ScmUtils (ScmUtils.java:logWarn(179)) - ConfigKey ozone.scm.datanode.address is deprecated, For configuring different ports for each SCM use PortConfigKey ozone.scm.datanode.port appended with serviceId and nodeId. If want to configure same port configure ozone.scm.datanode.port
2022-03-02 19:15:15,569 [Listener at 0.0.0.0/35087] WARN  scm.ScmUtils (ScmUtils.java:logWarn(179)) - ConfigKey ozone.scm.block.client.address is deprecated, For configuring different ports for each SCM use PortConfigKey ozone.scm.block.client.port appended with serviceId and nodeId. If want to configure same port configure ozone.scm.block.client.port
2022-03-02 19:15:15,569 [Listener at 0.0.0.0/35087] WARN  scm.ScmUtils (ScmUtils.java:logWarn(179)) - ConfigKey ozone.scm.client.address is deprecated, For configuring different ports for each SCM use PortConfigKey ozone.scm.client.port appended with serviceId and nodeId. If want to configure same port configure ozone.scm.client.port
2022-03-02 19:15:15,569 [Listener at 0.0.0.0/35087] WARN  scm.ScmUtils (ScmUtils.java:logWarn(179)) - ConfigKey ozone.scm.datanode.address is deprecated, For configuring different ports for each SCM use PortConfigKey ozone.scm.datanode.port appended with serviceId and nodeId. If want to configure same port configure ozone.scm.datanode.port
2022-03-02 19:15:15,570 [Listener at 0.0.0.0/35087] INFO  ha.SCMHANodeDetails (SCMHANodeDetails.java:loadSCMHAConfig(250)) - Found matching SCM address with SCMServiceId: scm-service-test1, SCMNodeId: scmNode-3, RPC Address: localhost:43969 and Ratis port: 43969
2022-03-02 19:15:15,570 [Listener at 0.0.0.0/35087] INFO  ha.SCMHANodeDetails (ConfUtils.java:setNodeSpecificConfigs(108)) - Setting configuration key ozone.scm.datanode.address with value of key ozone.scm.datanode.address.scm-service-test1.scmNode-3: 127.0.0.1:41985
2022-03-02 19:15:15,570 [Listener at 0.0.0.0/35087] INFO  ha.SCMHANodeDetails (ConfUtils.java:setNodeSpecificConfigs(108)) - Setting configuration key ozone.scm.block.client.address with value of key ozone.scm.block.client.address.scm-service-test1.scmNode-3: 127.0.0.1:36483
2022-03-02 19:15:15,570 [Listener at 0.0.0.0/35087] INFO  ha.SCMHANodeDetails (ConfUtils.java:setNodeSpecificConfigs(108)) - Setting configuration key ozone.scm.client.address with value of key ozone.scm.client.address.scm-service-test1.scmNode-3: 127.0.0.1:42919
2022-03-02 19:15:15,570 [Listener at 0.0.0.0/35087] INFO  ha.SCMHANodeDetails (ConfUtils.java:setNodeSpecificConfigs(108)) - Setting configuration key ozone.scm.ratis.port with value of key ozone.scm.ratis.port.scm-service-test1.scmNode-3: 43969
2022-03-02 19:15:15,570 [Listener at 0.0.0.0/35087] INFO  ha.SCMHANodeDetails (ConfUtils.java:setNodeSpecificConfigs(108)) - Setting configuration key ozone.scm.grpc.port with value of key ozone.scm.grpc.port.scm-service-test1.scmNode-3: 44417
2022-03-02 19:15:15,570 [Listener at 0.0.0.0/35087] INFO  ha.SCMHANodeDetails (ConfUtils.java:setNodeSpecificConfigs(108)) - Setting configuration key ozone.scm.http-address with value of key ozone.scm.http-address.scm-service-test1.scmNode-3: 127.0.0.1:45549
2022-03-02 19:15:15,571 [Listener at 0.0.0.0/35087] INFO  ha.SCMHANodeDetails (ConfUtils.java:setNodeSpecificConfigs(108)) - Setting configuration key ozone.scm.https-address with value of key ozone.scm.https-address.scm-service-test1.scmNode-3: 127.0.0.1:33499
2022-03-02 19:15:15,571 [Listener at 0.0.0.0/35087] INFO  ha.SCMHANodeDetails (ConfUtils.java:setNodeSpecificConfigs(108)) - Setting configuration key ozone.scm.address with value of key ozone.scm.address.scm-service-test1.scmNode-3: 127.0.0.1
2022-03-02 19:15:15,571 [Listener at 0.0.0.0/35087] WARN  scm.ScmUtils (ScmUtils.java:logWarn(179)) - ConfigKey ozone.scm.block.client.address is deprecated, For configuring different ports for each SCM use PortConfigKey ozone.scm.block.client.port appended with serviceId and nodeId. If want to configure same port configure ozone.scm.block.client.port
2022-03-02 19:15:15,571 [Listener at 0.0.0.0/35087] WARN  scm.ScmUtils (ScmUtils.java:logWarn(179)) - ConfigKey ozone.scm.client.address is deprecated, For configuring different ports for each SCM use PortConfigKey ozone.scm.client.port appended with serviceId and nodeId. If want to configure same port configure ozone.scm.client.port
2022-03-02 19:15:15,571 [Listener at 0.0.0.0/35087] WARN  scm.ScmUtils (ScmUtils.java:logWarn(179)) - ConfigKey ozone.scm.datanode.address is deprecated, For configuring different ports for each SCM use PortConfigKey ozone.scm.datanode.port appended with serviceId and nodeId. If want to configure same port configure ozone.scm.datanode.port
2022-03-02 19:15:15,583 [Listener at 0.0.0.0/35087] WARN  server.ServerUtils (ServerUtils.java:getScmDbDir(148)) - ozone.scm.db.dirs is not configured. We recommend adding this setting. Falling back to ozone.metadata.dirs instead.
2022-03-02 19:15:15,584 [Listener at 0.0.0.0/35087] INFO  upgrade.AbstractLayoutVersionManager (AbstractLayoutVersionManager.java:init(79)) - Initializing Layout version manager with metadata layout = SCM_HA (version = 2), software layout = SCM_HA (version = 2)
2022-03-02 19:15:15,703 [Listener at 0.0.0.0/35087] INFO  reflections.Reflections (Reflections.java:scan(232)) - Reflections took 117 ms to scan 7 urls, producing 122 keys and 286 values 
2022-03-02 19:15:15,712 [Listener at 0.0.0.0/35087] WARN  utils.HAUtils (HAUtils.java:getMetaDir(342)) - ozone.scm.db.dirs is not configured. We recommend adding this setting. Falling back to ozone.metadata.dirs instead.
2022-03-02 19:15:15,713 [Listener at 0.0.0.0/35087] WARN  db.DBStoreBuilder (DBStoreBuilder.java:applyDBDefinition(145)) - ozone.scm.db.dirs is not configured. We recommend adding this setting. Falling back to ozone.metadata.dirs instead.
2022-03-02 19:15:15,847 [Listener at 0.0.0.0/35087] INFO  net.NodeSchemaLoader (NodeSchemaLoader.java:loadSchemaFromFile(129)) - Loading schema from [jar:file:/home/runner/.m2/repository/org/apache/ozone/hdds-common/1.3.0-SNAPSHOT/hdds-common-1.3.0-SNAPSHOT.jar!/network-topology-default.xml]
2022-03-02 19:15:15,848 [Listener at 0.0.0.0/35087] INFO  net.NodeSchemaLoader (NodeSchemaLoader.java:loadSchema(176)) - Loading network topology layer schema file
2022-03-02 19:15:15,848 [EndpointStateMachine task thread for /127.0.0.1:45835 - 0 ] INFO  ipc.Client (Client.java:handleConnectionFailure(977)) - Retrying connect to server: localhost/127.0.0.1:45835. Already tried 8 time(s); retry policy is RetryUpToMaximumCountWithFixedSleep(maxRetries=15, sleepTime=1000 MILLISECONDS)
2022-03-02 19:15:15,855 [EndpointStateMachine task thread for /127.0.0.1:34023 - 0 ] INFO  ipc.Client (Client.java:handleConnectionFailure(977)) - Retrying connect to server: localhost/127.0.0.1:34023. Already tried 8 time(s); retry policy is RetryUpToMaximumCountWithFixedSleep(maxRetries=15, sleepTime=1000 MILLISECONDS)
2022-03-02 19:15:15,855 [EndpointStateMachine task thread for /127.0.0.1:44351 - 0 ] INFO  ipc.Client (Client.java:handleConnectionFailure(977)) - Retrying connect to server: localhost/127.0.0.1:44351. Already tried 8 time(s); retry policy is RetryUpToMaximumCountWithFixedSleep(maxRetries=15, sleepTime=1000 MILLISECONDS)
2022-03-02 19:15:15,859 [Listener at 0.0.0.0/35087] WARN  impl.MetricRegistriesImpl (MetricRegistriesImpl.java:addReporterRegistration(111)) - New reporters are added after registries were created. Some metrics will be missing from the reporter. Please add reporter before adding any new registry.
2022-03-02 19:15:15,860 [Listener at 0.0.0.0/35087] WARN  impl.MetricRegistriesImpl (MetricRegistriesImpl.java:addReporterRegistration(111)) - New reporters are added after registries were created. Some metrics will be missing from the reporter. Please add reporter before adding any new registry.
2022-03-02 19:15:15,860 [Listener at 0.0.0.0/35087] INFO  ha.SCMRatisServerImpl (SCMRatisServerImpl.java:<init>(87)) - starting Raft server for scm:d15c7541-afff-4c05-b5ea-1cab637993e4
2022-03-02 19:15:15,864 [Listener at 0.0.0.0/35087] INFO  server.RaftServer (ConfUtils.java:logGet(44)) - raft.rpc.type = GRPC (default)
2022-03-02 19:15:15,864 [Listener at 0.0.0.0/35087] INFO  grpc.GrpcFactory (GrpcFactory.java:checkPooledByteBufAllocatorUseCacheForAllThreads(48)) - PERFORMANCE WARNING: useCacheForAllThreads is true that may cause Netty to create a lot garbage objects and, as a result, trigger GC.
	It is recommended to disable useCacheForAllThreads by setting -Dorg.apache.ratis.thirdparty.io.netty.allocator.useCacheForAllThreads=false in command line.
2022-03-02 19:15:15,866 [Listener at 0.0.0.0/35087] INFO  grpc.GrpcConfigKeys (ConfUtils.java:logGet(44)) - raft.grpc.admin.port = -1 (default)
2022-03-02 19:15:15,866 [Listener at 0.0.0.0/35087] INFO  grpc.GrpcConfigKeys (ConfUtils.java:logGet(44)) - raft.grpc.server.port = 43969 (custom)
2022-03-02 19:15:15,866 [Listener at 0.0.0.0/35087] INFO  grpc.GrpcConfigKeys (ConfUtils.java:logGet(44)) - raft.grpc.client.port = -1 (default)
2022-03-02 19:15:15,866 [Listener at 0.0.0.0/35087] INFO  grpc.GrpcConfigKeys (ConfUtils.java:logGet(44)) - raft.grpc.server.port = 43969 (custom)
2022-03-02 19:15:15,867 [Listener at 0.0.0.0/35087] INFO  grpc.GrpcConfigKeys (ConfUtils.java:logGet(44)) - raft.grpc.server.port = 43969 (custom)
2022-03-02 19:15:15,867 [Listener at 0.0.0.0/35087] INFO  server.GrpcService (ConfUtils.java:logGet(44)) - raft.grpc.message.size.max = 32m (=33554432) (custom)
2022-03-02 19:15:15,867 [Listener at 0.0.0.0/35087] INFO  server.RaftServerConfigKeys (ConfUtils.java:logGet(44)) - raft.server.log.appender.buffer.byte-limit = 33554432 (custom)
2022-03-02 19:15:15,867 [Listener at 0.0.0.0/35087] INFO  server.GrpcService (ConfUtils.java:logGet(44)) - raft.grpc.flow.control.window = 1MB (=1048576) (default)
2022-03-02 19:15:15,867 [Listener at 0.0.0.0/35087] INFO  server.RaftServerConfigKeys (ConfUtils.java:logGet(44)) - raft.server.rpc.request.timeout = 30000ms (custom)
2022-03-02 19:15:15,870 [Listener at 0.0.0.0/35087] INFO  impl.DataStreamServerImpl (ConfUtils.java:logGet(44)) - raft.datastream.type = DISABLED (default)
2022-03-02 19:15:15,871 [Listener at 0.0.0.0/35087] INFO  server.RaftServerConfigKeys (ConfUtils.java:logGet(44)) - raft.server.rpc.slowness.timeout = 120000ms (custom)
2022-03-02 19:15:15,871 [Listener at 0.0.0.0/35087] INFO  server.RaftServerConfigKeys (ConfUtils.java:logGet(44)) - raft.server.leaderelection.leader.step-down.wait-time = 10s (default)
2022-03-02 19:15:15,871 [Listener at 0.0.0.0/35087] INFO  server.RaftServerConfigKeys (ConfUtils.java:logGet(44)) - raft.server.storage.dir = [/home/runner/work/ozone/ozone/hadoop-ozone/integration-test/target/test-dir/MiniOzoneClusterImpl-403ad05d-12dd-4695-ad1e-d5eafc849fbc/scmNode-3/scm-ha] (custom)
2022-03-02 19:15:15,872 [Listener at 0.0.0.0/35087] INFO  server.RaftServer (RaftServerProxy.java:addNew(95)) - d15c7541-afff-4c05-b5ea-1cab637993e4: addNew group-D5EAFC849FBC:[] returns group-D5EAFC849FBC:java.util.concurrent.CompletableFuture@33246f17[Not completed]
2022-03-02 19:15:15,872 [pool-314-thread-1] INFO  server.RaftServer$Division (RaftServerImpl.java:<init>(184)) - d15c7541-afff-4c05-b5ea-1cab637993e4: new RaftServerImpl for group-D5EAFC849FBC:[] with SCMStateMachine:uninitialized
2022-03-02 19:15:15,883 [pool-314-thread-1] INFO  server.RaftServerConfigKeys (ConfUtils.java:logGet(44)) - raft.server.rpc.timeout.min = 5000ms (custom)
2022-03-02 19:15:15,883 [pool-314-thread-1] INFO  server.RaftServerConfigKeys (ConfUtils.java:logGet(44)) - raft.server.rpc.timeout.max = 5200ms (custom)
2022-03-02 19:15:15,883 [pool-314-thread-1] INFO  server.RaftServerConfigKeys (ConfUtils.java:logGet(44)) - raft.server.rpc.sleep.time = 25ms (default)
2022-03-02 19:15:15,884 [pool-314-thread-1] INFO  server.RaftServerConfigKeys (ConfUtils.java:logGet(44)) - raft.server.rpc.slowness.timeout = 120000ms (custom)
2022-03-02 19:15:15,884 [pool-314-thread-1] INFO  server.RaftServerConfigKeys (ConfUtils.java:logGet(44)) - raft.server.leaderelection.leader.step-down.wait-time = 10s (default)
2022-03-02 19:15:15,884 [pool-314-thread-1] INFO  server.RaftServerConfigKeys (ConfUtils.java:logGet(44)) - raft.server.sleep.deviation.threshold = 300ms (default)
2022-03-02 19:15:15,884 [pool-314-thread-1] INFO  server.RaftServerConfigKeys (ConfUtils.java:logGet(44)) - raft.server.log.appender.install.snapshot.enabled = false (custom)
2022-03-02 19:15:15,884 [pool-314-thread-1] INFO  server.RaftServer$Division (ServerState.java:<init>(105)) - d15c7541-afff-4c05-b5ea-1cab637993e4@group-D5EAFC849FBC: ConfigurationManager, init=-1: [], old=null, confs=<EMPTY_MAP>
2022-03-02 19:15:15,884 [pool-314-thread-1] INFO  server.RaftServerConfigKeys (ConfUtils.java:logGet(44)) - raft.server.storage.dir = [/home/runner/work/ozone/ozone/hadoop-ozone/integration-test/target/test-dir/MiniOzoneClusterImpl-403ad05d-12dd-4695-ad1e-d5eafc849fbc/scmNode-3/scm-ha] (custom)
2022-03-02 19:15:15,884 [pool-314-thread-1] INFO  server.RaftServerConfigKeys (ConfUtils.java:logGet(44)) - raft.server.log.corruption.policy = EXCEPTION (default)
2022-03-02 19:15:15,884 [pool-314-thread-1] INFO  server.RaftServerConfigKeys (ConfUtils.java:logGet(44)) - raft.server.storage.free-space.min = 0MB (=0) (default)
2022-03-02 19:15:15,885 [pool-314-thread-1] INFO  storage.RaftStorageDirectory (RaftStorageDirectoryImpl.java:analyzeStorage(135)) - The storage directory /home/runner/work/ozone/ozone/hadoop-ozone/integration-test/target/test-dir/MiniOzoneClusterImpl-403ad05d-12dd-4695-ad1e-d5eafc849fbc/scmNode-3/scm-ha/403ad05d-12dd-4695-ad1e-d5eafc849fbc does not exist. Creating ...
2022-03-02 19:15:15,886 [pool-314-thread-1] INFO  storage.RaftStorageDirectory (RaftStorageDirectoryImpl.java:tryLock(230)) - Lock on /home/runner/work/ozone/ozone/hadoop-ozone/integration-test/target/test-dir/MiniOzoneClusterImpl-403ad05d-12dd-4695-ad1e-d5eafc849fbc/scmNode-3/scm-ha/403ad05d-12dd-4695-ad1e-d5eafc849fbc/in_use.lock acquired by nodename 6445@fv-az396-267
2022-03-02 19:15:15,888 [pool-314-thread-1] INFO  storage.RaftStorage (RaftStorageImpl.java:format(89)) - Storage directory /home/runner/work/ozone/ozone/hadoop-ozone/integration-test/target/test-dir/MiniOzoneClusterImpl-403ad05d-12dd-4695-ad1e-d5eafc849fbc/scmNode-3/scm-ha/403ad05d-12dd-4695-ad1e-d5eafc849fbc has been successfully formatted.
2022-03-02 19:15:15,888 [pool-314-thread-1] INFO  server.RaftServerConfigKeys (ConfUtils.java:logGet(44)) - raft.server.notification.no-leader.timeout = 60s (default)
2022-03-02 19:15:15,888 [pool-314-thread-1] INFO  server.RaftServerConfigKeys (ConfUtils.java:logGet(44)) - raft.server.log.use.memory = false (default)
2022-03-02 19:15:15,888 [pool-314-thread-1] INFO  server.RaftServerConfigKeys (ConfUtils.java:logGet(44)) - raft.server.log.purge.gap = 5 (custom)
2022-03-02 19:15:15,889 [pool-314-thread-1] INFO  server.RaftServerConfigKeys (ConfUtils.java:logGet(44)) - raft.server.log.appender.buffer.byte-limit = 33554432 (custom)
2022-03-02 19:15:15,889 [pool-314-thread-1] INFO  server.RaftServerConfigKeys (ConfUtils.java:logGet(44)) - raft.server.log.segment.size.max = 4194304 (custom)
2022-03-02 19:15:15,894 [pool-314-thread-1] INFO  server.RaftServerConfigKeys (ConfUtils.java:logGet(44)) - raft.server.log.segment.cache.num.max = 2 (custom)
2022-03-02 19:15:15,895 [pool-314-thread-1] INFO  server.RaftServerConfigKeys (ConfUtils.java:logGet(44)) - raft.server.log.segment.cache.size.max = 200MB (=209715200) (default)
2022-03-02 19:15:15,895 [pool-314-thread-1] INFO  segmented.SegmentedRaftLogWorker (SegmentedRaftLogWorker.java:<init>(182)) - new d15c7541-afff-4c05-b5ea-1cab637993e4@group-D5EAFC849FBC-SegmentedRaftLogWorker for RaftStorageImpl:Storage Directory /home/runner/work/ozone/ozone/hadoop-ozone/integration-test/target/test-dir/MiniOzoneClusterImpl-403ad05d-12dd-4695-ad1e-d5eafc849fbc/scmNode-3/scm-ha/403ad05d-12dd-4695-ad1e-d5eafc849fbc
2022-03-02 19:15:15,895 [pool-314-thread-1] INFO  server.RaftServerConfigKeys (ConfUtils.java:logGet(44)) - raft.server.log.queue.byte-limit = 64MB (=67108864) (default)
2022-03-02 19:15:15,895 [pool-314-thread-1] INFO  server.RaftServerConfigKeys (ConfUtils.java:logGet(44)) - raft.server.log.queue.element-limit = 4096 (default)
2022-03-02 19:15:15,895 [pool-314-thread-1] INFO  server.RaftServerConfigKeys (ConfUtils.java:logGet(44)) - raft.server.log.segment.size.max = 4194304 (custom)
2022-03-02 19:15:15,895 [pool-314-thread-1] INFO  server.RaftServerConfigKeys (ConfUtils.java:logGet(44)) - raft.server.log.preallocated.size = 4194304 (custom)
2022-03-02 19:15:15,895 [pool-314-thread-1] INFO  server.RaftServerConfigKeys (ConfUtils.java:logGet(44)) - raft.server.log.force.sync.num = 128 (default)
2022-03-02 19:15:15,896 [pool-314-thread-1] INFO  server.RaftServerConfigKeys (ConfUtils.java:logGet(44)) - raft.server.log.statemachine.data.sync = true (default)
2022-03-02 19:15:15,896 [pool-314-thread-1] INFO  server.RaftServerConfigKeys (ConfUtils.java:logGet(44)) - raft.server.log.statemachine.data.sync.timeout = 10s (default)
2022-03-02 19:15:15,896 [pool-314-thread-1] INFO  server.RaftServerConfigKeys (ConfUtils.java:logGet(44)) - raft.server.log.statemachine.data.sync.timeout.retry = -1 (default)
2022-03-02 19:15:15,897 [pool-314-thread-1] INFO  server.RaftServerConfigKeys (ConfUtils.java:logGet(44)) - raft.server.log.write.buffer.size = 64KB (=65536) (default)
2022-03-02 19:15:15,899 [pool-314-thread-1] INFO  server.RaftServerConfigKeys (ConfUtils.java:logGet(44)) - raft.server.log.statemachine.data.caching.enabled = false (default)
2022-03-02 19:15:15,899 [pool-314-thread-1] INFO  segmented.SegmentedRaftLogWorker (SegmentedRaftLogWorker.java:lambda$new$0(133)) - d15c7541-afff-4c05-b5ea-1cab637993e4@group-D5EAFC849FBC-SegmentedRaftLogWorker: flushIndex: setUnconditionally 0 -> -1
2022-03-02 19:15:15,899 [pool-314-thread-1] INFO  segmented.SegmentedRaftLogWorker (SegmentedRaftLogWorker.java:lambda$new$0(133)) - d15c7541-afff-4c05-b5ea-1cab637993e4@group-D5EAFC849FBC-SegmentedRaftLogWorker: safeCacheEvictIndex: setUnconditionally 0 -> -1
2022-03-02 19:15:15,904 [pool-314-thread-1] INFO  server.RaftServerConfigKeys (ConfUtils.java:logGet(44)) - raft.server.snapshot.auto.trigger.enabled = true (custom)
2022-03-02 19:15:15,904 [pool-314-thread-1] INFO  server.RaftServerConfigKeys (ConfUtils.java:logGet(44)) - raft.server.snapshot.auto.trigger.threshold = 5 (custom)
2022-03-02 19:15:15,904 [pool-314-thread-1] INFO  server.RaftServerConfigKeys (ConfUtils.java:logGet(44)) - raft.server.snapshot.retention.file.num = -1 (default)
2022-03-02 19:15:15,904 [pool-314-thread-1] INFO  server.RaftServerConfigKeys (ConfUtils.java:logGet(44)) - raft.server.log.purge.upto.snapshot.index = true (custom)
2022-03-02 19:15:15,904 [pool-314-thread-1] INFO  server.RaftServerConfigKeys (ConfUtils.java:logGet(44)) - raft.server.retrycache.expirytime = 60000ms (default)
2022-03-02 19:15:15,905 [pool-314-thread-1] INFO  server.RaftServerConfigKeys (ConfUtils.java:logGet(44)) - raft.server.retrycache.statistics.expirytime = 100μs (default)
2022-03-02 19:15:15,914 [Listener at 0.0.0.0/35087] INFO  ha.SCMSnapshotProvider (SCMSnapshotProvider.java:<init>(66)) - Initializing SCM Snapshot Provider
2022-03-02 19:15:15,914 [Listener at 0.0.0.0/35087] WARN  server.ServerUtils (ServerUtils.java:getDefaultRatisDirectory(237)) - Storage directory for Ratis is not configured. It is a good idea to map this to an SSD disk. Falling back to ozone.metadata.dirs
2022-03-02 19:15:15,914 [Listener at 0.0.0.0/35087] WARN  ha.SCMHAUtils (SCMHAUtils.java:getSCMRatisSnapshotDirectory(151)) - SCM snapshot dir is not configured. Falling back to ozone.metadata.dirs config
2022-03-02 19:15:15,916 [Listener at 0.0.0.0/35087] INFO  ha.SequenceIdGenerator (SequenceIdGenerator.java:upgradeToSequenceId(347)) - upgrade localId to 109611004723200000
2022-03-02 19:15:15,916 [Listener at 0.0.0.0/35087] INFO  ha.SequenceIdGenerator (SequenceIdGenerator.java:upgradeToSequenceId(357)) - upgrade delTxnId to 0
2022-03-02 19:15:15,916 [Listener at 0.0.0.0/35087] INFO  ha.SequenceIdGenerator (SequenceIdGenerator.java:upgradeToSequenceId(371)) - upgrade containerId to 0
2022-03-02 19:15:15,916 [Listener at 0.0.0.0/35087] INFO  ha.SequenceIdGenerator (SequenceIdGenerator.java:<init>(218)) - Init the HA SequenceIdGenerator.
2022-03-02 19:15:15,917 [Listener at 0.0.0.0/35087] WARN  server.ServerUtils (ServerUtils.java:sanitizeUserArgs(73)) - ozone.scm.stale.node.interval value = 300000 is larger than max = 100000 based on the key value of ozone.scm.heartbeat.thread.interval, reset to the max value 100000.
2022-03-02 19:15:15,917 [Listener at 0.0.0.0/35087] WARN  server.ServerUtils (ServerUtils.java:sanitizeUserArgs(73)) - ozone.scm.stale.node.interval value = 300000 is larger than max = 100000 based on the key value of ozone.scm.heartbeat.thread.interval, reset to the max value 100000.
2022-03-02 19:15:15,922 [Listener at 0.0.0.0/35087] INFO  node.SCMNodeManager (SCMNodeManager.java:<init>(144)) - Entering startup safe mode.
2022-03-02 19:15:15,923 [Listener at 0.0.0.0/35087] INFO  algorithms.ContainerPlacementPolicyFactory (ContainerPlacementPolicyFactory.java:getPolicy(60)) - Create container placement policy of type org.apache.hadoop.hdds.scm.container.placement.algorithms.SCMContainerPlacementRandom
2022-03-02 19:15:15,924 [Listener at 0.0.0.0/35087] INFO  pipeline.PipelineStateManagerImpl (PipelineStateManagerImpl.java:initialize(78)) - No pipeline exists in current db
2022-03-02 19:15:15,924 [Listener at 0.0.0.0/35087] INFO  algorithms.LeaderChoosePolicyFactory (LeaderChoosePolicyFactory.java:getPolicy(57)) - Create leader choose policy of type org.apache.hadoop.hdds.scm.pipeline.leader.choose.algorithms.MinLeaderCountChoosePolicy
2022-03-02 19:15:15,924 [Listener at 0.0.0.0/35087] INFO  ha.SCMServiceManager (SCMServiceManager.java:register(42)) - Registering service BackgroundPipelineCreator.
2022-03-02 19:15:15,924 [Listener at 0.0.0.0/35087] INFO  pipeline.BackgroundPipelineCreator (BackgroundPipelineCreator.java:start(130)) - Starting RatisPipelineUtilsThread.
2022-03-02 19:15:15,926 [Listener at 0.0.0.0/35087] INFO  algorithms.PipelineChoosePolicyFactory (PipelineChoosePolicyFactory.java:createPipelineChoosePolicyFromClass(73)) - Create pipeline choose policy of type org.apache.hadoop.hdds.scm.pipeline.choose.algorithms.RandomPipelineChoosePolicy
2022-03-02 19:15:15,931 [Listener at 0.0.0.0/35087] INFO  ha.SCMServiceManager (SCMServiceManager.java:register(42)) - Registering service SCMBlockDeletingService.
2022-03-02 19:15:15,931 [Listener at 0.0.0.0/35087] INFO  ha.SCMServiceManager (SCMServiceManager.java:register(42)) - Registering service ReplicationManager.
2022-03-02 19:15:15,932 [Listener at 0.0.0.0/35087] INFO  container.ReplicationManager (ReplicationManager.java:start(326)) - Starting Replication Monitor Thread.
2022-03-02 19:15:15,936 [Listener at 0.0.0.0/35087] INFO  safemode.ContainerSafeModeRule (ContainerSafeModeRule.java:<init>(89)) - containers with one replica threshold count 0
2022-03-02 19:15:15,937 [Listener at 0.0.0.0/35087] INFO  safemode.HealthyPipelineSafeModeRule (HealthyPipelineSafeModeRule.java:initializeRule(156)) - Total pipeline count is 0, healthy pipeline threshold count is 1
2022-03-02 19:15:15,937 [Listener at 0.0.0.0/35087] INFO  safemode.OneReplicaPipelineSafeModeRule (OneReplicaPipelineSafeModeRule.java:initializeRule(180)) - Total pipeline count is 0, pipeline's with at least one datanode reported threshold count is 0
2022-03-02 19:15:15,943 [Listener at 0.0.0.0/35087] INFO  ipc.CallQueueManager (CallQueueManager.java:<init>(90)) - Using callQueue: class java.util.concurrent.LinkedBlockingQueue, queueCapacity: 2000, scheduler: class org.apache.hadoop.ipc.DefaultRpcScheduler, ipcBackoff: false.
2022-03-02 19:15:15,956 [Socket Reader #1 for port 41985] INFO  ipc.Server (Server.java:run(1265)) - Starting Socket Reader #1 for port 41985
2022-03-02 19:15:15,963 [Listener at 0.0.0.0/41985] INFO  ipc.CallQueueManager (CallQueueManager.java:<init>(90)) - Using callQueue: class java.util.concurrent.LinkedBlockingQueue, queueCapacity: 2000, scheduler: class org.apache.hadoop.ipc.DefaultRpcScheduler, ipcBackoff: false.
2022-03-02 19:15:15,967 [Socket Reader #1 for port 36483] INFO  ipc.Server (Server.java:run(1265)) - Starting Socket Reader #1 for port 36483
2022-03-02 19:15:15,969 [Listener at 0.0.0.0/36483] INFO  ipc.CallQueueManager (CallQueueManager.java:<init>(90)) - Using callQueue: class java.util.concurrent.LinkedBlockingQueue, queueCapacity: 2000, scheduler: class org.apache.hadoop.ipc.DefaultRpcScheduler, ipcBackoff: false.
2022-03-02 19:15:15,970 [Socket Reader #1 for port 42919] INFO  ipc.Server (Server.java:run(1265)) - Starting Socket Reader #1 for port 42919
2022-03-02 19:15:15,977 [ReplicationMonitor] INFO  container.ReplicationManager (ReplicationManager.java:processAll(374)) - Replication Manager is not ready to run until 3000ms after safemode exit
2022-03-02 19:15:16,015 [Listener at 0.0.0.0/42919] INFO  algorithms.ContainerPlacementPolicyFactory (ContainerPlacementPolicyFactory.java:getPolicy(60)) - Create container placement policy of type org.apache.hadoop.hdds.scm.container.placement.algorithms.SCMContainerPlacementRandom
2022-03-02 19:15:16,023 [Listener at 0.0.0.0/42919] INFO  server.StorageContainerManager (StorageContainerManager.java:<init>(392)) - 
Container Balancer status:
Key                            Value
Running                        false
Container Balancer Configuration values:
Key                                                Value
Threshold                                          10
Max Datanodes to Involve per Iteration(percent)    20
Max Size to Move per Iteration                     500GB
Max Size Entering Target per Iteration             26GB
Max Size Leaving Source per Iteration              26GB

2022-03-02 19:15:16,023 [Listener at 0.0.0.0/42919] WARN  events.EventQueue (EventQueue.java:fireEvent(194)) - No event handler registered for event TypedEvent{payloadType=SafeModeStatus, name='Safe mode status'}
2022-03-02 19:15:16,023 [Listener at 0.0.0.0/42919] INFO  ha.SCMContext (SCMContext.java:updateSafeModeStatus(211)) - Update SafeModeStatus from SafeModeStatus{safeModeStatus=true, preCheckPassed=false} to SafeModeStatus{safeModeStatus=true, preCheckPassed=false}.
2022-03-02 19:15:16,024 [Listener at 0.0.0.0/42919] INFO  ozone.MiniOzoneHAClusterImpl (MiniOzoneHAClusterImpl.java:createSCMService(604)) - Intialized SCM at /0.0.0.0:42919. This SCM is currently inactive (not running).
2022-03-02 19:15:16,024 [Listener at 0.0.0.0/42919] INFO  ha.OMHANodeDetails (OMHANodeDetails.java:loadOMHAConfig(118)) - ServiceID for OzoneManager is om-service-test1
2022-03-02 19:15:16,025 [Listener at 0.0.0.0/42919] INFO  ha.OMHANodeDetails (OMHANodeDetails.java:loadOMHAConfig(193)) - Found matching OM address with OMServiceId: om-service-test1, OMNodeId: omNode-1, RPC Address: localhost:37389 and Ratis port: 34065
2022-03-02 19:15:16,025 [Listener at 0.0.0.0/42919] INFO  ha.OMHANodeDetails (ConfUtils.java:setNodeSpecificConfigs(108)) - Setting configuration key ozone.om.http-address with value of key ozone.om.http-address.om-service-test1.omNode-1: 127.0.0.1:35825
2022-03-02 19:15:16,025 [Listener at 0.0.0.0/42919] INFO  ha.OMHANodeDetails (ConfUtils.java:setNodeSpecificConfigs(108)) - Setting configuration key ozone.om.https-address with value of key ozone.om.https-address.om-service-test1.omNode-1: 127.0.0.1:45489
2022-03-02 19:15:16,025 [Listener at 0.0.0.0/42919] INFO  ha.OMHANodeDetails (ConfUtils.java:setNodeSpecificConfigs(108)) - Setting configuration key ozone.om.address with value of key ozone.om.address.om-service-test1.omNode-1: 127.0.0.1:37389
2022-03-02 19:15:16,026 [Listener at 0.0.0.0/42919] WARN  server.ServerUtils (ServerUtils.java:getDBPath(225)) - ozone.om.db.dirs is not configured. We recommend adding this setting. Falling back to ozone.metadata.dirs instead.
2022-03-02 19:15:16,027 [Listener at 0.0.0.0/42919] INFO  ha.SCMNodeInfo (SCMNodeInfo.java:getPort(197)) - ConfigKey ozone.scm.client.address is deprecated, For configuring different ports for each SCM use PortConfigKey ozone.scm.client.port appended with serviceId and nodeId
2022-03-02 19:15:16,027 [Listener at 0.0.0.0/42919] INFO  ha.SCMNodeInfo (SCMNodeInfo.java:getPort(197)) - ConfigKey ozone.scm.block.client.address is deprecated, For configuring different ports for each SCM use PortConfigKey ozone.scm.block.client.port appended with serviceId and nodeId
2022-03-02 19:15:16,027 [Listener at 0.0.0.0/42919] INFO  ha.SCMNodeInfo (SCMNodeInfo.java:getPort(197)) - ConfigKey ozone.scm.datanode.address is deprecated, For configuring different ports for each SCM use PortConfigKey ozone.scm.datanode.port appended with serviceId and nodeId
2022-03-02 19:15:16,027 [Listener at 0.0.0.0/42919] INFO  ha.SCMNodeInfo (SCMNodeInfo.java:getPort(197)) - ConfigKey ozone.scm.client.address is deprecated, For configuring different ports for each SCM use PortConfigKey ozone.scm.client.port appended with serviceId and nodeId
2022-03-02 19:15:16,028 [Listener at 0.0.0.0/42919] INFO  ha.SCMNodeInfo (SCMNodeInfo.java:getPort(197)) - ConfigKey ozone.scm.block.client.address is deprecated, For configuring different ports for each SCM use PortConfigKey ozone.scm.block.client.port appended with serviceId and nodeId
2022-03-02 19:15:16,028 [Listener at 0.0.0.0/42919] INFO  ha.SCMNodeInfo (SCMNodeInfo.java:getPort(197)) - ConfigKey ozone.scm.datanode.address is deprecated, For configuring different ports for each SCM use PortConfigKey ozone.scm.datanode.port appended with serviceId and nodeId
2022-03-02 19:15:16,028 [Listener at 0.0.0.0/42919] INFO  ha.SCMNodeInfo (SCMNodeInfo.java:getPort(197)) - ConfigKey ozone.scm.client.address is deprecated, For configuring different ports for each SCM use PortConfigKey ozone.scm.client.port appended with serviceId and nodeId
2022-03-02 19:15:16,028 [Listener at 0.0.0.0/42919] INFO  ha.SCMNodeInfo (SCMNodeInfo.java:getPort(197)) - ConfigKey ozone.scm.block.client.address is deprecated, For configuring different ports for each SCM use PortConfigKey ozone.scm.block.client.port appended with serviceId and nodeId
2022-03-02 19:15:16,028 [Listener at 0.0.0.0/42919] INFO  ha.SCMNodeInfo (SCMNodeInfo.java:getPort(197)) - ConfigKey ozone.scm.datanode.address is deprecated, For configuring different ports for each SCM use PortConfigKey ozone.scm.datanode.port appended with serviceId and nodeId
OM initialization succeeded.Current cluster id for sd=/home/runner/work/ozone/ozone/hadoop-ozone/integration-test/target/test-dir/MiniOzoneClusterImpl-403ad05d-12dd-4695-ad1e-d5eafc849fbc/omNode-1/om;cid=403ad05d-12dd-4695-ad1e-d5eafc849fbc;layoutVersion=0
2022-03-02 19:15:16,045 [Listener at 0.0.0.0/42919] INFO  ha.OMHANodeDetails (OMHANodeDetails.java:loadOMHAConfig(118)) - ServiceID for OzoneManager is om-service-test1
2022-03-02 19:15:16,046 [Listener at 0.0.0.0/42919] INFO  ha.OMHANodeDetails (OMHANodeDetails.java:loadOMHAConfig(193)) - Found matching OM address with OMServiceId: om-service-test1, OMNodeId: omNode-1, RPC Address: localhost:37389 and Ratis port: 34065
2022-03-02 19:15:16,046 [Listener at 0.0.0.0/42919] INFO  ha.OMHANodeDetails (ConfUtils.java:setNodeSpecificConfigs(108)) - Setting configuration key ozone.om.http-address with value of key ozone.om.http-address.om-service-test1.omNode-1: 127.0.0.1:35825
2022-03-02 19:15:16,047 [Listener at 0.0.0.0/42919] INFO  ha.OMHANodeDetails (ConfUtils.java:setNodeSpecificConfigs(108)) - Setting configuration key ozone.om.https-address with value of key ozone.om.https-address.om-service-test1.omNode-1: 127.0.0.1:45489
2022-03-02 19:15:16,047 [Listener at 0.0.0.0/42919] INFO  ha.OMHANodeDetails (ConfUtils.java:setNodeSpecificConfigs(108)) - Setting configuration key ozone.om.address with value of key ozone.om.address.om-service-test1.omNode-1: 127.0.0.1:37389
2022-03-02 19:15:16,047 [Listener at 0.0.0.0/42919] WARN  server.ServerUtils (ServerUtils.java:getDBPath(225)) - ozone.om.db.dirs is not configured. We recommend adding this setting. Falling back to ozone.metadata.dirs instead.
2022-03-02 19:15:16,048 [Listener at 0.0.0.0/42919] INFO  upgrade.AbstractLayoutVersionManager (AbstractLayoutVersionManager.java:init(79)) - Initializing Layout version manager with metadata layout = INITIAL_VERSION (version = 0), software layout = INITIAL_VERSION (version = 0)
2022-03-02 19:15:16,135 [Listener at 0.0.0.0/42919] INFO  reflections.Reflections (Reflections.java:scan(232)) - Reflections took 86 ms to scan 2 urls, producing 134 keys and 349 values [using 2 cores]
2022-03-02 19:15:16,135 [Listener at 0.0.0.0/42919] INFO  upgrade.OMLayoutVersionManager (OMLayoutVersionManager.java:lambda$0(115)) - Skipping Upgrade Action MockOmUpgradeAction since it has been finalized.
2022-03-02 19:15:16,135 [Listener at 0.0.0.0/42919] WARN  server.ServerUtils (ServerUtils.java:getDBPath(225)) - ozone.om.db.dirs is not configured. We recommend adding this setting. Falling back to ozone.metadata.dirs instead.
2022-03-02 19:15:16,136 [Listener at 0.0.0.0/42919] INFO  ha.SCMNodeInfo (SCMNodeInfo.java:getPort(197)) - ConfigKey ozone.scm.client.address is deprecated, For configuring different ports for each SCM use PortConfigKey ozone.scm.client.port appended with serviceId and nodeId
2022-03-02 19:15:16,136 [Listener at 0.0.0.0/42919] INFO  ha.SCMNodeInfo (SCMNodeInfo.java:getPort(197)) - ConfigKey ozone.scm.block.client.address is deprecated, For configuring different ports for each SCM use PortConfigKey ozone.scm.block.client.port appended with serviceId and nodeId
2022-03-02 19:15:16,136 [Listener at 0.0.0.0/42919] INFO  ha.SCMNodeInfo (SCMNodeInfo.java:getPort(197)) - ConfigKey ozone.scm.datanode.address is deprecated, For configuring different ports for each SCM use PortConfigKey ozone.scm.datanode.port appended with serviceId and nodeId
2022-03-02 19:15:16,136 [Listener at 0.0.0.0/42919] INFO  ha.SCMNodeInfo (SCMNodeInfo.java:getPort(197)) - ConfigKey ozone.scm.client.address is deprecated, For configuring different ports for each SCM use PortConfigKey ozone.scm.client.port appended with serviceId and nodeId
2022-03-02 19:15:16,136 [Listener at 0.0.0.0/42919] INFO  ha.SCMNodeInfo (SCMNodeInfo.java:getPort(197)) - ConfigKey ozone.scm.block.client.address is deprecated, For configuring different ports for each SCM use PortConfigKey ozone.scm.block.client.port appended with serviceId and nodeId
2022-03-02 19:15:16,136 [Listener at 0.0.0.0/42919] INFO  ha.SCMNodeInfo (SCMNodeInfo.java:getPort(197)) - ConfigKey ozone.scm.datanode.address is deprecated, For configuring different ports for each SCM use PortConfigKey ozone.scm.datanode.port appended with serviceId and nodeId
2022-03-02 19:15:16,137 [Listener at 0.0.0.0/42919] INFO  ha.SCMNodeInfo (SCMNodeInfo.java:getPort(197)) - ConfigKey ozone.scm.client.address is deprecated, For configuring different ports for each SCM use PortConfigKey ozone.scm.client.port appended with serviceId and nodeId
2022-03-02 19:15:16,137 [Listener at 0.0.0.0/42919] INFO  ha.SCMNodeInfo (SCMNodeInfo.java:getPort(197)) - ConfigKey ozone.scm.block.client.address is deprecated, For configuring different ports for each SCM use PortConfigKey ozone.scm.block.client.port appended with serviceId and nodeId
2022-03-02 19:15:16,137 [Listener at 0.0.0.0/42919] INFO  ha.SCMNodeInfo (SCMNodeInfo.java:getPort(197)) - ConfigKey ozone.scm.datanode.address is deprecated, For configuring different ports for each SCM use PortConfigKey ozone.scm.datanode.port appended with serviceId and nodeId
2022-03-02 19:15:16,137 [Listener at 0.0.0.0/42919] INFO  ha.SCMNodeInfo (SCMNodeInfo.java:getPort(197)) - ConfigKey ozone.scm.client.address is deprecated, For configuring different ports for each SCM use PortConfigKey ozone.scm.client.port appended with serviceId and nodeId
2022-03-02 19:15:16,138 [Listener at 0.0.0.0/42919] INFO  ha.SCMNodeInfo (SCMNodeInfo.java:getPort(197)) - ConfigKey ozone.scm.block.client.address is deprecated, For configuring different ports for each SCM use PortConfigKey ozone.scm.block.client.port appended with serviceId and nodeId
2022-03-02 19:15:16,138 [Listener at 0.0.0.0/42919] INFO  ha.SCMNodeInfo (SCMNodeInfo.java:getPort(197)) - ConfigKey ozone.scm.datanode.address is deprecated, For configuring different ports for each SCM use PortConfigKey ozone.scm.datanode.port appended with serviceId and nodeId
2022-03-02 19:15:16,138 [Listener at 0.0.0.0/42919] INFO  ha.SCMNodeInfo (SCMNodeInfo.java:getPort(197)) - ConfigKey ozone.scm.client.address is deprecated, For configuring different ports for each SCM use PortConfigKey ozone.scm.client.port appended with serviceId and nodeId
2022-03-02 19:15:16,138 [Listener at 0.0.0.0/42919] INFO  ha.SCMNodeInfo (SCMNodeInfo.java:getPort(197)) - ConfigKey ozone.scm.block.client.address is deprecated, For configuring different ports for each SCM use PortConfigKey ozone.scm.block.client.port appended with serviceId and nodeId
2022-03-02 19:15:16,138 [Listener at 0.0.0.0/42919] INFO  ha.SCMNodeInfo (SCMNodeInfo.java:getPort(197)) - ConfigKey ozone.scm.datanode.address is deprecated, For configuring different ports for each SCM use PortConfigKey ozone.scm.datanode.port appended with serviceId and nodeId
2022-03-02 19:15:16,141 [Listener at 0.0.0.0/42919] INFO  ha.SCMNodeInfo (SCMNodeInfo.java:getPort(197)) - ConfigKey ozone.scm.client.address is deprecated, For configuring different ports for each SCM use PortConfigKey ozone.scm.client.port appended with serviceId and nodeId
2022-03-02 19:15:16,141 [Listener at 0.0.0.0/42919] INFO  ha.SCMNodeInfo (SCMNodeInfo.java:getPort(197)) - ConfigKey ozone.scm.block.client.address is deprecated, For configuring different ports for each SCM use PortConfigKey ozone.scm.block.client.port appended with serviceId and nodeId
2022-03-02 19:15:16,141 [Listener at 0.0.0.0/42919] INFO  ha.SCMNodeInfo (SCMNodeInfo.java:getPort(197)) - ConfigKey ozone.scm.datanode.address is deprecated, For configuring different ports for each SCM use PortConfigKey ozone.scm.datanode.port appended with serviceId and nodeId
2022-03-02 19:15:16,142 [Listener at 0.0.0.0/42919] INFO  ha.SCMNodeInfo (SCMNodeInfo.java:getPort(197)) - ConfigKey ozone.scm.client.address is deprecated, For configuring different ports for each SCM use PortConfigKey ozone.scm.client.port appended with serviceId and nodeId
2022-03-02 19:15:16,142 [Listener at 0.0.0.0/42919] INFO  ha.SCMNodeInfo (SCMNodeInfo.java:getPort(197)) - ConfigKey ozone.scm.block.client.address is deprecated, For configuring different ports for each SCM use PortConfigKey ozone.scm.block.client.port appended with serviceId and nodeId
2022-03-02 19:15:16,142 [Listener at 0.0.0.0/42919] INFO  ha.SCMNodeInfo (SCMNodeInfo.java:getPort(197)) - ConfigKey ozone.scm.datanode.address is deprecated, For configuring different ports for each SCM use PortConfigKey ozone.scm.datanode.port appended with serviceId and nodeId
2022-03-02 19:15:16,143 [Listener at 0.0.0.0/42919] INFO  ha.SCMNodeInfo (SCMNodeInfo.java:getPort(197)) - ConfigKey ozone.scm.client.address is deprecated, For configuring different ports for each SCM use PortConfigKey ozone.scm.client.port appended with serviceId and nodeId
2022-03-02 19:15:16,143 [Listener at 0.0.0.0/42919] INFO  ha.SCMNodeInfo (SCMNodeInfo.java:getPort(197)) - ConfigKey ozone.scm.block.client.address is deprecated, For configuring different ports for each SCM use PortConfigKey ozone.scm.block.client.port appended with serviceId and nodeId
2022-03-02 19:15:16,143 [Listener at 0.0.0.0/42919] INFO  ha.SCMNodeInfo (SCMNodeInfo.java:getPort(197)) - ConfigKey ozone.scm.datanode.address is deprecated, For configuring different ports for each SCM use PortConfigKey ozone.scm.datanode.port appended with serviceId and nodeId
2022-03-02 19:15:16,143 [Listener at 0.0.0.0/42919] INFO  ha.SCMNodeInfo (SCMNodeInfo.java:getPort(197)) - ConfigKey ozone.scm.client.address is deprecated, For configuring different ports for each SCM use PortConfigKey ozone.scm.client.port appended with serviceId and nodeId
2022-03-02 19:15:16,143 [Listener at 0.0.0.0/42919] INFO  ha.SCMNodeInfo (SCMNodeInfo.java:getPort(197)) - ConfigKey ozone.scm.block.client.address is deprecated, For configuring different ports for each SCM use PortConfigKey ozone.scm.block.client.port appended with serviceId and nodeId
2022-03-02 19:15:16,143 [Listener at 0.0.0.0/42919] INFO  ha.SCMNodeInfo (SCMNodeInfo.java:getPort(197)) - ConfigKey ozone.scm.datanode.address is deprecated, For configuring different ports for each SCM use PortConfigKey ozone.scm.datanode.port appended with serviceId and nodeId
2022-03-02 19:15:16,169 [Listener at 0.0.0.0/42919] WARN  server.ServerUtils (ServerUtils.java:getDBPath(225)) - ozone.om.db.dirs is not configured. We recommend adding this setting. Falling back to ozone.metadata.dirs instead.
2022-03-02 19:15:16,170 [Listener at 0.0.0.0/42919] INFO  codec.OmKeyInfoCodec (OmKeyInfoCodec.java:<init>(50)) - OmKeyInfoCodec ignorePipeline = true
2022-03-02 19:15:16,170 [Listener at 0.0.0.0/42919] INFO  codec.RepeatedOmKeyInfoCodec (RepeatedOmKeyInfoCodec.java:<init>(42)) - RepeatedOmKeyInfoCodec ignorePipeline = true
2022-03-02 19:15:16,485 [Listener at 0.0.0.0/42919] INFO  om.OzoneManager (OzoneManager.java:addS3GVolumeToDB(3732)) - Created Volume s3v With Owner runner required for S3Gateway operations.
2022-03-02 19:15:16,486 [Listener at 0.0.0.0/42919] WARN  server.ServerUtils (ServerUtils.java:getDefaultRatisDirectory(237)) - Storage directory for Ratis is not configured. It is a good idea to map this to an SSD disk. Falling back to ozone.metadata.dirs
2022-03-02 19:15:16,487 [Listener at 0.0.0.0/42919] WARN  utils.OzoneManagerRatisUtils (OzoneManagerRatisUtils.java:getOMRatisSnapshotDirectory(330)) - ozone.om.ratis.snapshot.dir is not configured. Falling back to ozone.metadata.dirs config
2022-03-02 19:15:16,487 [Listener at 0.0.0.0/42919] WARN  impl.MetricRegistriesImpl (MetricRegistriesImpl.java:addReporterRegistration(111)) - New reporters are added after registries were created. Some metrics will be missing from the reporter. Please add reporter before adding any new registry.
2022-03-02 19:15:16,489 [Listener at 0.0.0.0/42919] WARN  impl.MetricRegistriesImpl (MetricRegistriesImpl.java:addReporterRegistration(111)) - New reporters are added after registries were created. Some metrics will be missing from the reporter. Please add reporter before adding any new registry.
2022-03-02 19:15:16,489 [Listener at 0.0.0.0/42919] WARN  server.ServerUtils (ServerUtils.java:getDefaultRatisDirectory(237)) - Storage directory for Ratis is not configured. It is a good idea to map this to an SSD disk. Falling back to ozone.metadata.dirs
2022-03-02 19:15:16,495 [Listener at 0.0.0.0/42919] INFO  ratis.OzoneManagerRatisServer (OzoneManagerRatisServer.java:<init>(159)) - Instantiating OM Ratis server with groupID: om-service-test1 and peers: localhost:34065
2022-03-02 19:15:16,501 [Listener at 0.0.0.0/42919] INFO  ratis.OzoneManagerStateMachine (OzoneManagerStateMachine.java:loadSnapshotInfoFromDB(605)) - LastAppliedIndex is set from TransactionInfo from OM DB as (t:0, i:~)
2022-03-02 19:15:16,510 [Listener at 0.0.0.0/42919] INFO  server.RaftServer (ConfUtils.java:logGet(44)) - raft.rpc.type = GRPC (default)
2022-03-02 19:15:16,511 [Listener at 0.0.0.0/42919] INFO  grpc.GrpcFactory (GrpcFactory.java:checkPooledByteBufAllocatorUseCacheForAllThreads(48)) - PERFORMANCE WARNING: useCacheForAllThreads is true that may cause Netty to create a lot garbage objects and, as a result, trigger GC.
	It is recommended to disable useCacheForAllThreads by setting -Dorg.apache.ratis.thirdparty.io.netty.allocator.useCacheForAllThreads=false in command line.
2022-03-02 19:15:16,511 [Listener at 0.0.0.0/42919] INFO  grpc.GrpcConfigKeys (ConfUtils.java:logGet(44)) - raft.grpc.admin.port = -1 (default)
2022-03-02 19:15:16,511 [Listener at 0.0.0.0/42919] INFO  grpc.GrpcConfigKeys (ConfUtils.java:logGet(44)) - raft.grpc.server.port = 34065 (custom)
2022-03-02 19:15:16,511 [Listener at 0.0.0.0/42919] INFO  grpc.GrpcConfigKeys (ConfUtils.java:logGet(44)) - raft.grpc.client.port = -1 (default)
2022-03-02 19:15:16,511 [Listener at 0.0.0.0/42919] INFO  grpc.GrpcConfigKeys (ConfUtils.java:logGet(44)) - raft.grpc.server.port = 34065 (custom)
2022-03-02 19:15:16,512 [Listener at 0.0.0.0/42919] INFO  grpc.GrpcConfigKeys (ConfUtils.java:logGet(44)) - raft.grpc.server.port = 34065 (custom)
2022-03-02 19:15:16,512 [Listener at 0.0.0.0/42919] INFO  server.GrpcService (ConfUtils.java:logGet(44)) - raft.grpc.message.size.max = 33554432 (custom)
2022-03-02 19:15:16,512 [Listener at 0.0.0.0/42919] INFO  server.RaftServerConfigKeys (ConfUtils.java:logGet(44)) - raft.server.log.appender.buffer.byte-limit = 33554432 (custom)
2022-03-02 19:15:16,512 [Listener at 0.0.0.0/42919] INFO  server.GrpcService (ConfUtils.java:logGet(44)) - raft.grpc.flow.control.window = 1MB (=1048576) (default)
2022-03-02 19:15:16,514 [Listener at 0.0.0.0/42919] INFO  server.RaftServerConfigKeys (ConfUtils.java:logGet(44)) - raft.server.rpc.request.timeout = 3000ms (default)
2022-03-02 19:15:16,515 [Listener at 0.0.0.0/42919] INFO  impl.DataStreamServerImpl (ConfUtils.java:logGet(44)) - raft.datastream.type = DISABLED (default)
2022-03-02 19:15:16,515 [Listener at 0.0.0.0/42919] INFO  server.RaftServerConfigKeys (ConfUtils.java:logGet(44)) - raft.server.rpc.slowness.timeout = 2s (custom)
2022-03-02 19:15:16,516 [Listener at 0.0.0.0/42919] INFO  server.RaftServerConfigKeys (ConfUtils.java:logGet(44)) - raft.server.leaderelection.leader.step-down.wait-time = 10s (default)
2022-03-02 19:15:16,516 [Listener at 0.0.0.0/42919] INFO  server.RaftServerConfigKeys (ConfUtils.java:logGet(44)) - raft.server.storage.dir = [/home/runner/work/ozone/ozone/hadoop-ozone/integration-test/target/test-dir/MiniOzoneClusterImpl-403ad05d-12dd-4695-ad1e-d5eafc849fbc/omNode-1/ratis] (custom)
2022-03-02 19:15:16,516 [Listener at 0.0.0.0/42919] INFO  server.RaftServer (RaftServerProxy.java:addNew(95)) - omNode-1: addNew group-523986131536:[omNode-1|rpc:localhost:34065|priority:0] returns group-523986131536:java.util.concurrent.CompletableFuture@a56d443[Not completed]
2022-03-02 19:15:16,519 [Listener at 0.0.0.0/42919] INFO  om.OzoneManager (OzoneManager.java:initializeRatisServer(1834)) - OzoneManager Ratis server initialized at port 34065
2022-03-02 19:15:16,523 [pool-348-thread-1] INFO  server.RaftServer$Division (RaftServerImpl.java:<init>(184)) - omNode-1: new RaftServerImpl for group-523986131536:[omNode-1|rpc:localhost:34065|priority:0] with OzoneManagerStateMachine:uninitialized
2022-03-02 19:15:16,528 [Listener at 0.0.0.0/42919] INFO  ipc.CallQueueManager (CallQueueManager.java:<init>(90)) - Using callQueue: class java.util.concurrent.LinkedBlockingQueue, queueCapacity: 2000, scheduler: class org.apache.hadoop.ipc.DefaultRpcScheduler, ipcBackoff: false.
2022-03-02 19:15:16,532 [pool-348-thread-1] INFO  server.RaftServerConfigKeys (ConfUtils.java:logGet(44)) - raft.server.rpc.timeout.min = 1s (custom)
2022-03-02 19:15:16,532 [pool-348-thread-1] INFO  server.RaftServerConfigKeys (ConfUtils.java:logGet(44)) - raft.server.rpc.timeout.max = 1200ms (custom)
2022-03-02 19:15:16,532 [pool-348-thread-1] INFO  server.RaftServerConfigKeys (ConfUtils.java:logGet(44)) - raft.server.rpc.sleep.time = 25ms (default)
2022-03-02 19:15:16,532 [pool-348-thread-1] INFO  server.RaftServerConfigKeys (ConfUtils.java:logGet(44)) - raft.server.rpc.slowness.timeout = 2s (custom)
2022-03-02 19:15:16,532 [pool-348-thread-1] INFO  server.RaftServerConfigKeys (ConfUtils.java:logGet(44)) - raft.server.leaderelection.leader.step-down.wait-time = 10s (default)
2022-03-02 19:15:16,532 [pool-348-thread-1] INFO  server.RaftServerConfigKeys (ConfUtils.java:logGet(44)) - raft.server.sleep.deviation.threshold = 300ms (default)
2022-03-02 19:15:16,532 [pool-348-thread-1] INFO  server.RaftServerConfigKeys (ConfUtils.java:logGet(44)) - raft.server.log.appender.install.snapshot.enabled = false (custom)
2022-03-02 19:15:16,532 [pool-348-thread-1] INFO  server.RaftServer$Division (ServerState.java:<init>(105)) - omNode-1@group-523986131536: ConfigurationManager, init=-1: [omNode-1|rpc:localhost:34065|priority:0], old=null, confs=<EMPTY_MAP>
2022-03-02 19:15:16,532 [pool-348-thread-1] INFO  server.RaftServerConfigKeys (ConfUtils.java:logGet(44)) - raft.server.storage.dir = [/home/runner/work/ozone/ozone/hadoop-ozone/integration-test/target/test-dir/MiniOzoneClusterImpl-403ad05d-12dd-4695-ad1e-d5eafc849fbc/omNode-1/ratis] (custom)
2022-03-02 19:15:16,532 [pool-348-thread-1] INFO  server.RaftServerConfigKeys (ConfUtils.java:logGet(44)) - raft.server.log.corruption.policy = EXCEPTION (default)
2022-03-02 19:15:16,533 [pool-348-thread-1] INFO  server.RaftServerConfigKeys (ConfUtils.java:logGet(44)) - raft.server.storage.free-space.min = 0MB (=0) (default)
2022-03-02 19:15:16,533 [pool-348-thread-1] INFO  storage.RaftStorageDirectory (RaftStorageDirectoryImpl.java:analyzeStorage(135)) - The storage directory /home/runner/work/ozone/ozone/hadoop-ozone/integration-test/target/test-dir/MiniOzoneClusterImpl-403ad05d-12dd-4695-ad1e-d5eafc849fbc/omNode-1/ratis/c9bc4cf4-3bc3-3c60-a66b-523986131536 does not exist. Creating ...
2022-03-02 19:15:16,534 [pool-348-thread-1] INFO  storage.RaftStorageDirectory (RaftStorageDirectoryImpl.java:tryLock(230)) - Lock on /home/runner/work/ozone/ozone/hadoop-ozone/integration-test/target/test-dir/MiniOzoneClusterImpl-403ad05d-12dd-4695-ad1e-d5eafc849fbc/omNode-1/ratis/c9bc4cf4-3bc3-3c60-a66b-523986131536/in_use.lock acquired by nodename 6445@fv-az396-267
2022-03-02 19:15:16,536 [pool-348-thread-1] INFO  storage.RaftStorage (RaftStorageImpl.java:format(89)) - Storage directory /home/runner/work/ozone/ozone/hadoop-ozone/integration-test/target/test-dir/MiniOzoneClusterImpl-403ad05d-12dd-4695-ad1e-d5eafc849fbc/omNode-1/ratis/c9bc4cf4-3bc3-3c60-a66b-523986131536 has been successfully formatted.
2022-03-02 19:15:16,536 [pool-348-thread-1] INFO  server.RaftServerConfigKeys (ConfUtils.java:logGet(44)) - raft.server.notification.no-leader.timeout = 2s (custom)
2022-03-02 19:15:16,536 [pool-348-thread-1] INFO  server.RaftServerConfigKeys (ConfUtils.java:logGet(44)) - raft.server.log.use.memory = false (default)
2022-03-02 19:15:16,536 [pool-348-thread-1] INFO  server.RaftServerConfigKeys (ConfUtils.java:logGet(44)) - raft.server.log.purge.gap = 1000000 (custom)
2022-03-02 19:15:16,536 [pool-348-thread-1] INFO  server.RaftServerConfigKeys (ConfUtils.java:logGet(44)) - raft.server.log.appender.buffer.byte-limit = 33554432 (custom)
2022-03-02 19:15:16,536 [pool-348-thread-1] INFO  server.RaftServerConfigKeys (ConfUtils.java:logGet(44)) - raft.server.log.segment.size.max = 4194304 (custom)
2022-03-02 19:15:16,537 [pool-348-thread-1] INFO  server.RaftServerConfigKeys (ConfUtils.java:logGet(44)) - raft.server.log.segment.cache.num.max = 2 (custom)
2022-03-02 19:15:16,537 [pool-348-thread-1] INFO  server.RaftServerConfigKeys (ConfUtils.java:logGet(44)) - raft.server.log.segment.cache.size.max = 200MB (=209715200) (default)
2022-03-02 19:15:16,537 [pool-348-thread-1] INFO  segmented.SegmentedRaftLogWorker (SegmentedRaftLogWorker.java:<init>(182)) - new omNode-1@group-523986131536-SegmentedRaftLogWorker for RaftStorageImpl:Storage Directory /home/runner/work/ozone/ozone/hadoop-ozone/integration-test/target/test-dir/MiniOzoneClusterImpl-403ad05d-12dd-4695-ad1e-d5eafc849fbc/omNode-1/ratis/c9bc4cf4-3bc3-3c60-a66b-523986131536
2022-03-02 19:15:16,537 [pool-348-thread-1] INFO  server.RaftServerConfigKeys (ConfUtils.java:logGet(44)) - raft.server.log.queue.byte-limit = 64MB (=67108864) (default)
2022-03-02 19:15:16,537 [pool-348-thread-1] INFO  server.RaftServerConfigKeys (ConfUtils.java:logGet(44)) - raft.server.log.queue.element-limit = 4096 (default)
2022-03-02 19:15:16,537 [pool-348-thread-1] INFO  server.RaftServerConfigKeys (ConfUtils.java:logGet(44)) - raft.server.log.segment.size.max = 4194304 (custom)
2022-03-02 19:15:16,538 [pool-348-thread-1] INFO  server.RaftServerConfigKeys (ConfUtils.java:logGet(44)) - raft.server.log.preallocated.size = 4194304 (custom)
2022-03-02 19:15:16,538 [pool-348-thread-1] INFO  server.RaftServerConfigKeys (ConfUtils.java:logGet(44)) - raft.server.log.force.sync.num = 128 (default)
2022-03-02 19:15:16,538 [pool-348-thread-1] INFO  server.RaftServerConfigKeys (ConfUtils.java:logGet(44)) - raft.server.log.statemachine.data.sync = true (default)
2022-03-02 19:15:16,538 [pool-348-thread-1] INFO  server.RaftServerConfigKeys (ConfUtils.java:logGet(44)) - raft.server.log.statemachine.data.sync.timeout = 10s (default)
2022-03-02 19:15:16,538 [pool-348-thread-1] INFO  server.RaftServerConfigKeys (ConfUtils.java:logGet(44)) - raft.server.log.statemachine.data.sync.timeout.retry = -1 (default)
2022-03-02 19:15:16,547 [pool-348-thread-1] INFO  server.RaftServerConfigKeys (ConfUtils.java:logGet(44)) - raft.server.log.write.buffer.size = 64KB (=65536) (default)
2022-03-02 19:15:16,547 [pool-348-thread-1] INFO  server.RaftServerConfigKeys (ConfUtils.java:logGet(44)) - raft.server.log.statemachine.data.caching.enabled = false (default)
2022-03-02 19:15:16,547 [pool-348-thread-1] INFO  segmented.SegmentedRaftLogWorker (SegmentedRaftLogWorker.java:lambda$new$0(133)) - omNode-1@group-523986131536-SegmentedRaftLogWorker: flushIndex: setUnconditionally 0 -> -1
2022-03-02 19:15:16,547 [pool-348-thread-1] INFO  segmented.SegmentedRaftLogWorker (SegmentedRaftLogWorker.java:lambda$new$0(133)) - omNode-1@group-523986131536-SegmentedRaftLogWorker: safeCacheEvictIndex: setUnconditionally 0 -> -1
2022-03-02 19:15:16,550 [Socket Reader #1 for port 37389] INFO  ipc.Server (Server.java:run(1265)) - Starting Socket Reader #1 for port 37389
2022-03-02 19:15:16,574 [pool-348-thread-1] INFO  server.RaftServerConfigKeys (ConfUtils.java:logGet(44)) - raft.server.snapshot.auto.trigger.enabled = true (custom)
2022-03-02 19:15:16,574 [pool-348-thread-1] INFO  server.RaftServerConfigKeys (ConfUtils.java:logGet(44)) - raft.server.snapshot.auto.trigger.threshold = 400000 (default)
2022-03-02 19:15:16,574 [pool-348-thread-1] INFO  server.RaftServerConfigKeys (ConfUtils.java:logGet(44)) - raft.server.snapshot.retention.file.num = -1 (default)
2022-03-02 19:15:16,574 [pool-348-thread-1] INFO  server.RaftServerConfigKeys (ConfUtils.java:logGet(44)) - raft.server.log.purge.upto.snapshot.index = true (custom)
2022-03-02 19:15:16,575 [pool-348-thread-1] INFO  server.RaftServerConfigKeys (ConfUtils.java:logGet(44)) - raft.server.retrycache.expirytime = 300s (custom)
2022-03-02 19:15:16,575 [pool-348-thread-1] INFO  server.RaftServerConfigKeys (ConfUtils.java:logGet(44)) - raft.server.retrycache.statistics.expirytime = 100μs (default)
2022-03-02 19:15:16,630 [Listener at 127.0.0.1/37389] INFO  impl.MetricsSystemImpl (MetricsSystemImpl.java:init(158)) - OzoneManager metrics system started (again)
2022-03-02 19:15:16,665 [Listener at 127.0.0.1/37389] INFO  om.OzoneManager (OzoneManager.java:start(1365)) - OzoneManager RPC server is listening at localhost/127.0.0.1:37389
2022-03-02 19:15:16,670 [Listener at 127.0.0.1/37389] INFO  ratis.OzoneManagerRatisServer (OzoneManagerRatisServer.java:start(554)) - Starting OzoneManagerRatisServer omNode-1 at port 34065
2022-03-02 19:15:16,671 [Listener at 127.0.0.1/37389] INFO  server.RaftServer$Division (RaftServerImpl.java:start(301)) - omNode-1@group-523986131536: start as a follower, conf=-1: [omNode-1|rpc:localhost:34065|priority:0], old=null
2022-03-02 19:15:16,674 [Listener at 127.0.0.1/37389] INFO  server.RaftServer$Division (RaftServerImpl.java:setRole(290)) - omNode-1@group-523986131536: changes role from      null to FOLLOWER at term 0 for startAsFollower
2022-03-02 19:15:16,674 [Listener at 127.0.0.1/37389] INFO  impl.RoleInfo (RoleInfo.java:updateAndGet(130)) - omNode-1: start omNode-1@group-523986131536-FollowerState
2022-03-02 19:15:16,681 [Listener at 127.0.0.1/37389] INFO  util.JmxRegister (JmxRegister.java:tryRegister(44)) - Successfully registered JMX Bean with object name Ratis:service=RaftServer,group=group-523986131536,id=omNode-1
2022-03-02 19:15:16,683 [Listener at 127.0.0.1/37389] INFO  server.RaftServer (RaftServerProxy.java:lambda$start$5(374)) - omNode-1: start RPC server
2022-03-02 19:15:16,683 [Listener at 127.0.0.1/37389] INFO  server.GrpcService (GrpcService.java:startImpl(253)) - omNode-1: GrpcService started, listening on 34065
2022-03-02 19:15:16,691 [Listener at 127.0.0.1/37389] INFO  om.OzoneManager (OzoneManager.java:start(1381)) - Version File has different layout version (0) than OM DB (null). That is expected if this OM has never been finalized to a newer layout version.
2022-03-02 19:15:16,692 [org.apache.ratis.util.JvmPauseMonitor$$Lambda$503/310350177@606cf551] INFO  util.JvmPauseMonitor (JvmPauseMonitor.java:run(103)) - JvmPauseMonitor-omNode-1: Started
2022-03-02 19:15:16,746 [Listener at 127.0.0.1/37389] INFO  http.BaseHttpServer (BaseHttpServer.java:newHttpServer2BuilderForOzone(209)) - Starting Web-server for ozoneManager at: http://0.0.0.0:35825
2022-03-02 19:15:16,746 [Listener at 127.0.0.1/37389] INFO  http.BaseHttpServer (BaseHttpServer.java:<init>(107)) - Hadoop Security Enabled: false Ozone Security Enabled: false Ozone HTTP Security Enabled: false 
2022-03-02 19:15:16,748 [Listener at 127.0.0.1/37389] INFO  server.AuthenticationFilter (AuthenticationFilter.java:constructSecretProvider(240)) - Unable to initialize FileSignerSecretProvider, falling back to use random secrets.
2022-03-02 19:15:16,758 [Listener at 127.0.0.1/37389] WARN  http.HttpRequestLog (HttpRequestLog.java:getRequestLog(103)) - Jetty request log can only be enabled using Log4j
2022-03-02 19:15:16,759 [Listener at 127.0.0.1/37389] INFO  http.HttpServer2 (HttpServer2.java:addGlobalFilter(1030)) - Added global filter 'safety' (class=org.apache.hadoop.hdds.server.http.HttpServer2$QuotingInputFilter)
2022-03-02 19:15:16,760 [Listener at 127.0.0.1/37389] INFO  http.HttpServer2 (HttpServer2.java:addFilter(1006)) - Added filter static_user_filter (class=org.apache.hadoop.http.lib.StaticUserWebFilter$StaticUserFilter) to context ozoneManager
2022-03-02 19:15:16,760 [Listener at 127.0.0.1/37389] INFO  http.HttpServer2 (HttpServer2.java:addFilter(1014)) - Added filter static_user_filter (class=org.apache.hadoop.http.lib.StaticUserWebFilter$StaticUserFilter) to context logs
2022-03-02 19:15:16,761 [Listener at 127.0.0.1/37389] INFO  http.HttpServer2 (HttpServer2.java:addFilter(1014)) - Added filter static_user_filter (class=org.apache.hadoop.http.lib.StaticUserWebFilter$StaticUserFilter) to context static
2022-03-02 19:15:16,761 [Listener at 127.0.0.1/37389] INFO  http.HttpServer2 (HttpServer2.java:bindListener(1249)) - Jetty bound to port 35825
2022-03-02 19:15:16,762 [Listener at 127.0.0.1/37389] INFO  server.Server (Server.java:doStart(375)) - jetty-9.4.43.v20210629; built: 2021-06-30T11:07:22.254Z; git: 526006ecfa3af7f1a27ef3a288e2bef7ea9dd7e8; jvm 1.8.0_322-b06
2022-03-02 19:15:16,810 [Listener at 127.0.0.1/37389] INFO  server.session (DefaultSessionIdManager.java:doStart(334)) - DefaultSessionIdManager workerName=node0
2022-03-02 19:15:16,810 [Listener at 127.0.0.1/37389] INFO  server.session (DefaultSessionIdManager.java:doStart(339)) - No SessionScavenger set, using defaults
2022-03-02 19:15:16,810 [Listener at 127.0.0.1/37389] INFO  server.session (HouseKeeper.java:startScavenging(132)) - node0 Scavenging every 660000ms
2022-03-02 19:15:16,815 [Listener at 127.0.0.1/37389] INFO  handler.ContextHandler (ContextHandler.java:doStart(915)) - Started o.e.j.s.ServletContextHandler@3948f7b9{logs,/logs,file:///home/runner/work/ozone/ozone/hadoop-ozone/integration-test/target/log,AVAILABLE}
2022-03-02 19:15:16,815 [Listener at 127.0.0.1/37389] INFO  handler.ContextHandler (ContextHandler.java:doStart(915)) - Started o.e.j.s.ServletContextHandler@3c844476{static,/static,file:///home/runner/work/ozone/ozone/hadoop-ozone/integration-test/target/test-classes/webapps/static,AVAILABLE}
2022-03-02 19:15:16,819 [Listener at 127.0.0.1/37389] INFO  handler.ContextHandler (ContextHandler.java:doStart(915)) - Started o.e.j.w.WebAppContext@6b9e3249{ozoneManager,/,file:///home/runner/work/ozone/ozone/hadoop-ozone/integration-test/target/test-classes/webapps/ozoneManager/,AVAILABLE}{file:/home/runner/work/ozone/ozone/hadoop-ozone/integration-test/target/test-classes/webapps/ozoneManager}
2022-03-02 19:15:16,829 [Listener at 127.0.0.1/37389] INFO  server.AbstractConnector (AbstractConnector.java:doStart(331)) - Started ServerConnector@10320992{HTTP/1.1, (http/1.1)}{0.0.0.0:35825}
2022-03-02 19:15:16,829 [Listener at 127.0.0.1/37389] INFO  server.Server (Server.java:doStart(415)) - Started @90855ms
2022-03-02 19:15:16,829 [Listener at 127.0.0.1/37389] WARN  impl.MetricsSystemImpl (MetricsSystemImpl.java:register(279)) - Sink prometheus already exists!
2022-03-02 19:15:16,830 [Listener at 127.0.0.1/37389] INFO  http.BaseHttpServer (BaseHttpServer.java:updateConnectorAddress(329)) - HTTP server of ozoneManager listening at http://0.0.0.0:35825
2022-03-02 19:15:16,840 [IPC Server Responder] INFO  ipc.Server (Server.java:run(1507)) - IPC Server Responder: starting
2022-03-02 19:15:16,846 [IPC Server listener on 37389] INFO  ipc.Server (Server.java:run(1344)) - IPC Server listener on 37389: starting
2022-03-02 19:15:16,849 [EndpointStateMachine task thread for /127.0.0.1:45835 - 0 ] INFO  ipc.Client (Client.java:handleConnectionFailure(977)) - Retrying connect to server: localhost/127.0.0.1:45835. Already tried 9 time(s); retry policy is RetryUpToMaximumCountWithFixedSleep(maxRetries=15, sleepTime=1000 MILLISECONDS)
2022-03-02 19:15:16,857 [EndpointStateMachine task thread for /127.0.0.1:44351 - 0 ] INFO  ipc.Client (Client.java:handleConnectionFailure(977)) - Retrying connect to server: localhost/127.0.0.1:44351. Already tried 9 time(s); retry policy is RetryUpToMaximumCountWithFixedSleep(maxRetries=15, sleepTime=1000 MILLISECONDS)
2022-03-02 19:15:16,858 [EndpointStateMachine task thread for /127.0.0.1:34023 - 0 ] INFO  ipc.Client (Client.java:handleConnectionFailure(977)) - Retrying connect to server: localhost/127.0.0.1:34023. Already tried 9 time(s); retry policy is RetryUpToMaximumCountWithFixedSleep(maxRetries=15, sleepTime=1000 MILLISECONDS)
2022-03-02 19:15:16,931 [Listener at 127.0.0.1/37389] INFO  om.OzoneManager (OzoneManager.java:startTrashEmptier(1792)) - Trash Interval set to 0. Files deleted will not move to trash
2022-03-02 19:15:16,936 [Listener at 127.0.0.1/37389] INFO  ozone.MiniOzoneHAClusterImpl (MiniOzoneHAClusterImpl.java:createOMService(522)) - Started OzoneManager omNode-1 RPC server at localhost/127.0.0.1:37389
2022-03-02 19:15:16,938 [org.apache.hadoop.util.JvmPauseMonitor$Monitor@7f7872c5] INFO  util.JvmPauseMonitor (JvmPauseMonitor.java:run(188)) - Starting JVM pause monitor
2022-03-02 19:15:16,965 [Listener at 127.0.0.1/37389] WARN  impl.MetricRegistriesImpl (MetricRegistriesImpl.java:addReporterRegistration(111)) - New reporters are added after registries were created. Some metrics will be missing from the reporter. Please add reporter before adding any new registry.
2022-03-02 19:15:16,965 [Listener at 127.0.0.1/37389] WARN  impl.MetricRegistriesImpl (MetricRegistriesImpl.java:addReporterRegistration(111)) - New reporters are added after registries were created. Some metrics will be missing from the reporter. Please add reporter before adding any new registry.
2022-03-02 19:15:16,965 [Listener at 127.0.0.1/37389] INFO  impl.MetricsSystemImpl (MetricsSystemImpl.java:init(158)) - HddsDatanode metrics system started (again)
2022-03-02 19:15:17,000 [Listener at 127.0.0.1/37389] INFO  ozone.HddsDatanodeService (HddsDatanodeService.java:start(233)) - HddsDatanodeService host:fv-az396-267.zsjpccerc4sulamragr3v05mvf.jx.internal.cloudapp.net ip:10.1.0.35
2022-03-02 19:15:17,028 [Listener at 127.0.0.1/37389] INFO  upgrade.AbstractLayoutVersionManager (AbstractLayoutVersionManager.java:init(79)) - Initializing Layout version manager with metadata layout = SCM_HA (version = 2), software layout = SCM_HA (version = 2)
2022-03-02 19:15:17,096 [Listener at 127.0.0.1/37389] INFO  reflections.Reflections (Reflections.java:scan(232)) - Reflections took 66 ms to scan 7 urls, producing 122 keys and 286 values 
2022-03-02 19:15:17,099 [Listener at 127.0.0.1/37389] INFO  ha.SCMNodeInfo (SCMNodeInfo.java:getPort(197)) - ConfigKey ozone.scm.client.address is deprecated, For configuring different ports for each SCM use PortConfigKey ozone.scm.client.port appended with serviceId and nodeId
2022-03-02 19:15:17,099 [Listener at 127.0.0.1/37389] INFO  ha.SCMNodeInfo (SCMNodeInfo.java:getPort(197)) - ConfigKey ozone.scm.block.client.address is deprecated, For configuring different ports for each SCM use PortConfigKey ozone.scm.block.client.port appended with serviceId and nodeId
2022-03-02 19:15:17,100 [Listener at 127.0.0.1/37389] INFO  ha.SCMNodeInfo (SCMNodeInfo.java:getPort(197)) - ConfigKey ozone.scm.datanode.address is deprecated, For configuring different ports for each SCM use PortConfigKey ozone.scm.datanode.port appended with serviceId and nodeId
2022-03-02 19:15:17,101 [Listener at 127.0.0.1/37389] INFO  ha.SCMNodeInfo (SCMNodeInfo.java:getPort(197)) - ConfigKey ozone.scm.client.address is deprecated, For configuring different ports for each SCM use PortConfigKey ozone.scm.client.port appended with serviceId and nodeId
2022-03-02 19:15:17,101 [Listener at 127.0.0.1/37389] INFO  ha.SCMNodeInfo (SCMNodeInfo.java:getPort(197)) - ConfigKey ozone.scm.block.client.address is deprecated, For configuring different ports for each SCM use PortConfigKey ozone.scm.block.client.port appended with serviceId and nodeId
2022-03-02 19:15:17,101 [Listener at 127.0.0.1/37389] INFO  ha.SCMNodeInfo (SCMNodeInfo.java:getPort(197)) - ConfigKey ozone.scm.datanode.address is deprecated, For configuring different ports for each SCM use PortConfigKey ozone.scm.datanode.port appended with serviceId and nodeId
2022-03-02 19:15:17,101 [Listener at 127.0.0.1/37389] INFO  ha.SCMNodeInfo (SCMNodeInfo.java:getPort(197)) - ConfigKey ozone.scm.client.address is deprecated, For configuring different ports for each SCM use PortConfigKey ozone.scm.client.port appended with serviceId and nodeId
2022-03-02 19:15:17,102 [Listener at 127.0.0.1/37389] INFO  ha.SCMNodeInfo (SCMNodeInfo.java:getPort(197)) - ConfigKey ozone.scm.block.client.address is deprecated, For configuring different ports for each SCM use PortConfigKey ozone.scm.block.client.port appended with serviceId and nodeId
2022-03-02 19:15:17,102 [Listener at 127.0.0.1/37389] INFO  ha.SCMNodeInfo (SCMNodeInfo.java:getPort(197)) - ConfigKey ozone.scm.datanode.address is deprecated, For configuring different ports for each SCM use PortConfigKey ozone.scm.datanode.port appended with serviceId and nodeId
2022-03-02 19:15:17,102 [Listener at 127.0.0.1/37389] INFO  statemachine.DatanodeStateMachine (DatanodeStateMachine.java:getEndPointTaskThreadPoolSize(222)) - Datanode State Machine Task Thread Pool size 4
2022-03-02 19:15:17,114 [Listener at 127.0.0.1/37389] INFO  volume.HddsVolume (HddsVolume.java:<init>(120)) - Creating HddsVolume: /home/runner/work/ozone/ozone/hadoop-ozone/integration-test/target/test-dir/MiniOzoneClusterImpl-403ad05d-12dd-4695-ad1e-d5eafc849fbc/datanode-0/data-0/containers/hdds of storage type : DISK capacity : 9223372036854775807
2022-03-02 19:15:17,115 [Listener at 127.0.0.1/37389] INFO  volume.MutableVolumeSet (MutableVolumeSet.java:initializeVolumeSet(168)) - Added Volume : /home/runner/work/ozone/ozone/hadoop-ozone/integration-test/target/test-dir/MiniOzoneClusterImpl-403ad05d-12dd-4695-ad1e-d5eafc849fbc/datanode-0/data-0/containers/hdds to VolumeSet
2022-03-02 19:15:17,115 [Listener at 127.0.0.1/37389] INFO  volume.ThrottledAsyncChecker (ThrottledAsyncChecker.java:schedule(141)) - Scheduling a check for /home/runner/work/ozone/ozone/hadoop-ozone/integration-test/target/test-dir/MiniOzoneClusterImpl-403ad05d-12dd-4695-ad1e-d5eafc849fbc/datanode-0/data-0/containers/hdds
2022-03-02 19:15:17,121 [Listener at 127.0.0.1/37389] INFO  volume.StorageVolumeChecker (StorageVolumeChecker.java:checkAllVolumes(202)) - Scheduled health check for volume /home/runner/work/ozone/ozone/hadoop-ozone/integration-test/target/test-dir/MiniOzoneClusterImpl-403ad05d-12dd-4695-ad1e-d5eafc849fbc/datanode-0/data-0/containers/hdds
2022-03-02 19:15:17,149 [Listener at 127.0.0.1/37389] INFO  volume.MutableVolumeSet (MutableVolumeSet.java:initializeVolumeSet(168)) - Added Volume : /home/runner/work/ozone/ozone/hadoop-ozone/integration-test/target/test-dir/MiniOzoneClusterImpl-403ad05d-12dd-4695-ad1e-d5eafc849fbc/datanode-0/data/ratis to VolumeSet
2022-03-02 19:15:17,149 [Listener at 127.0.0.1/37389] INFO  volume.ThrottledAsyncChecker (ThrottledAsyncChecker.java:schedule(141)) - Scheduling a check for /home/runner/work/ozone/ozone/hadoop-ozone/integration-test/target/test-dir/MiniOzoneClusterImpl-403ad05d-12dd-4695-ad1e-d5eafc849fbc/datanode-0/data/ratis
2022-03-02 19:15:17,150 [Listener at 127.0.0.1/37389] INFO  volume.StorageVolumeChecker (StorageVolumeChecker.java:checkAllVolumes(202)) - Scheduled health check for volume /home/runner/work/ozone/ozone/hadoop-ozone/integration-test/target/test-dir/MiniOzoneClusterImpl-403ad05d-12dd-4695-ad1e-d5eafc849fbc/datanode-0/data/ratis
2022-03-02 19:15:17,173 [Thread-1442] INFO  ozoneimpl.ContainerReader (ContainerReader.java:readVolume(172)) - Finish verifying containers on volume /home/runner/work/ozone/ozone/hadoop-ozone/integration-test/target/test-dir/MiniOzoneClusterImpl-403ad05d-12dd-4695-ad1e-d5eafc849fbc/datanode-0/data-0/containers/hdds
2022-03-02 19:15:17,173 [Listener at 127.0.0.1/37389] INFO  ozoneimpl.OzoneContainer (OzoneContainer.java:buildContainerSet(257)) - Build ContainerSet costs 0s
2022-03-02 19:15:17,177 [Listener at 127.0.0.1/37389] INFO  server.RaftServer (ConfUtils.java:logGet(44)) - raft.rpc.type = GRPC (default)
2022-03-02 19:15:17,177 [Listener at 127.0.0.1/37389] INFO  grpc.GrpcFactory (GrpcFactory.java:checkPooledByteBufAllocatorUseCacheForAllThreads(48)) - PERFORMANCE WARNING: useCacheForAllThreads is true that may cause Netty to create a lot garbage objects and, as a result, trigger GC.
	It is recommended to disable useCacheForAllThreads by setting -Dorg.apache.ratis.thirdparty.io.netty.allocator.useCacheForAllThreads=false in command line.
2022-03-02 19:15:17,177 [Listener at 127.0.0.1/37389] INFO  grpc.GrpcConfigKeys (ConfUtils.java:logGet(44)) - raft.grpc.admin.port = 0 (custom)
2022-03-02 19:15:17,178 [Listener at 127.0.0.1/37389] INFO  grpc.GrpcConfigKeys (ConfUtils.java:logGet(44)) - raft.grpc.client.port = 0 (custom)
2022-03-02 19:15:17,178 [Listener at 127.0.0.1/37389] INFO  grpc.GrpcConfigKeys (ConfUtils.java:logGet(44)) - raft.grpc.server.port = 0 (default)
2022-03-02 19:15:17,178 [Listener at 127.0.0.1/37389] INFO  server.GrpcService (ConfUtils.java:logGet(44)) - raft.grpc.message.size.max = 32MB (=33554432) (custom)
2022-03-02 19:15:17,178 [Listener at 127.0.0.1/37389] INFO  server.RaftServerConfigKeys (ConfUtils.java:logGet(44)) - raft.server.log.appender.buffer.byte-limit = 33554432 (custom)
2022-03-02 19:15:17,178 [Listener at 127.0.0.1/37389] INFO  server.GrpcService (ConfUtils.java:logGet(44)) - raft.grpc.flow.control.window = 5MB (=5242880) (custom)
2022-03-02 19:15:17,179 [Listener at 127.0.0.1/37389] INFO  server.RaftServerConfigKeys (ConfUtils.java:logGet(44)) - raft.server.rpc.request.timeout = 60s (custom)
2022-03-02 19:15:17,180 [Listener at 127.0.0.1/37389] INFO  impl.DataStreamServerImpl (ConfUtils.java:logGet(44)) - raft.datastream.type = DISABLED (default)
2022-03-02 19:15:17,180 [Listener at 127.0.0.1/37389] INFO  server.RaftServerConfigKeys (ConfUtils.java:logGet(44)) - raft.server.rpc.slowness.timeout = 300s (custom)
2022-03-02 19:15:17,180 [Listener at 127.0.0.1/37389] INFO  server.RaftServerConfigKeys (ConfUtils.java:logGet(44)) - raft.server.leaderelection.leader.step-down.wait-time = 10s (default)
2022-03-02 19:15:17,180 [Listener at 127.0.0.1/37389] INFO  server.RaftServerConfigKeys (ConfUtils.java:logGet(44)) - raft.server.storage.dir = [/home/runner/work/ozone/ozone/hadoop-ozone/integration-test/target/test-dir/MiniOzoneClusterImpl-403ad05d-12dd-4695-ad1e-d5eafc849fbc/datanode-0/data/ratis] (custom)
2022-03-02 19:15:17,182 [Listener at 127.0.0.1/37389] INFO  server.XceiverServerGrpc (XceiverServerGrpc.java:<init>(132)) - GrpcServer channel type EpollServerSocketChannel
2022-03-02 19:15:17,199 [Listener at 127.0.0.1/37389] INFO  http.BaseHttpServer (BaseHttpServer.java:newHttpServer2BuilderForOzone(209)) - Starting Web-server for hddsDatanode at: http://0.0.0.0:0
2022-03-02 19:15:17,199 [Listener at 127.0.0.1/37389] INFO  http.BaseHttpServer (BaseHttpServer.java:<init>(107)) - Hadoop Security Enabled: false Ozone Security Enabled: false Ozone HTTP Security Enabled: false 
2022-03-02 19:15:17,201 [Listener at 127.0.0.1/37389] INFO  server.AuthenticationFilter (AuthenticationFilter.java:constructSecretProvider(240)) - Unable to initialize FileSignerSecretProvider, falling back to use random secrets.
2022-03-02 19:15:17,203 [Listener at 127.0.0.1/37389] WARN  http.HttpRequestLog (HttpRequestLog.java:getRequestLog(103)) - Jetty request log can only be enabled using Log4j
2022-03-02 19:15:17,204 [Listener at 127.0.0.1/37389] INFO  http.HttpServer2 (HttpServer2.java:addGlobalFilter(1030)) - Added global filter 'safety' (class=org.apache.hadoop.hdds.server.http.HttpServer2$QuotingInputFilter)
2022-03-02 19:15:17,206 [Listener at 127.0.0.1/37389] INFO  http.HttpServer2 (HttpServer2.java:addFilter(1006)) - Added filter static_user_filter (class=org.apache.hadoop.http.lib.StaticUserWebFilter$StaticUserFilter) to context hddsDatanode
2022-03-02 19:15:17,206 [Listener at 127.0.0.1/37389] INFO  http.HttpServer2 (HttpServer2.java:addFilter(1014)) - Added filter static_user_filter (class=org.apache.hadoop.http.lib.StaticUserWebFilter$StaticUserFilter) to context logs
2022-03-02 19:15:17,207 [Listener at 127.0.0.1/37389] INFO  http.HttpServer2 (HttpServer2.java:addFilter(1014)) - Added filter static_user_filter (class=org.apache.hadoop.http.lib.StaticUserWebFilter$StaticUserFilter) to context static
2022-03-02 19:15:17,207 [Listener at 127.0.0.1/37389] INFO  http.HttpServer2 (HttpServer2.java:bindListener(1249)) - Jetty bound to port 37489
2022-03-02 19:15:17,207 [Listener at 127.0.0.1/37389] INFO  server.Server (Server.java:doStart(375)) - jetty-9.4.43.v20210629; built: 2021-06-30T11:07:22.254Z; git: 526006ecfa3af7f1a27ef3a288e2bef7ea9dd7e8; jvm 1.8.0_322-b06
2022-03-02 19:15:17,218 [Listener at 127.0.0.1/37389] INFO  server.session (DefaultSessionIdManager.java:doStart(334)) - DefaultSessionIdManager workerName=node0
2022-03-02 19:15:17,218 [Listener at 127.0.0.1/37389] INFO  server.session (DefaultSessionIdManager.java:doStart(339)) - No SessionScavenger set, using defaults
2022-03-02 19:15:17,219 [Listener at 127.0.0.1/37389] INFO  server.session (HouseKeeper.java:startScavenging(132)) - node0 Scavenging every 660000ms
2022-03-02 19:15:17,221 [Listener at 127.0.0.1/37389] INFO  handler.ContextHandler (ContextHandler.java:doStart(915)) - Started o.e.j.s.ServletContextHandler@108f5cd6{logs,/logs,file:///home/runner/work/ozone/ozone/hadoop-ozone/integration-test/target/log,AVAILABLE}
2022-03-02 19:15:17,221 [Listener at 127.0.0.1/37389] INFO  handler.ContextHandler (ContextHandler.java:doStart(915)) - Started o.e.j.s.ServletContextHandler@2fa9b863{static,/static,jar:file:/home/runner/.m2/repository/org/apache/ozone/hdds-container-service/1.3.0-SNAPSHOT/hdds-container-service-1.3.0-SNAPSHOT.jar!/webapps/static,AVAILABLE}
2022-03-02 19:15:17,311 [Listener at 127.0.0.1/37389] INFO  handler.ContextHandler (ContextHandler.java:doStart(915)) - Started o.e.j.w.WebAppContext@5f214f84{hddsDatanode,/,file:///tmp/jetty-0_0_0_0-37489-hdds-container-service-1_3_0-SNAPSHOT_jar-_-any-4440033651421626021/webapp/,AVAILABLE}{jar:file:/home/runner/.m2/repository/org/apache/ozone/hdds-container-service/1.3.0-SNAPSHOT/hdds-container-service-1.3.0-SNAPSHOT.jar!/webapps/hddsDatanode}
2022-03-02 19:15:17,313 [Listener at 127.0.0.1/37389] INFO  server.AbstractConnector (AbstractConnector.java:doStart(331)) - Started ServerConnector@d574831{HTTP/1.1, (http/1.1)}{0.0.0.0:37489}
2022-03-02 19:15:17,313 [Listener at 127.0.0.1/37389] INFO  server.Server (Server.java:doStart(415)) - Started @91339ms
2022-03-02 19:15:17,314 [Listener at 127.0.0.1/37389] WARN  impl.MetricsSystemImpl (MetricsSystemImpl.java:register(279)) - Sink prometheus already exists!
2022-03-02 19:15:17,314 [Listener at 127.0.0.1/37389] INFO  http.BaseHttpServer (BaseHttpServer.java:updateConnectorAddress(329)) - HTTP server of hddsDatanode listening at http://0.0.0.0:37489
2022-03-02 19:15:17,315 [Listener at 127.0.0.1/37389] WARN  impl.MetricRegistriesImpl (MetricRegistriesImpl.java:addReporterRegistration(111)) - New reporters are added after registries were created. Some metrics will be missing from the reporter. Please add reporter before adding any new registry.
2022-03-02 19:15:17,315 [Listener at 127.0.0.1/37389] WARN  impl.MetricRegistriesImpl (MetricRegistriesImpl.java:addReporterRegistration(111)) - New reporters are added after registries were created. Some metrics will be missing from the reporter. Please add reporter before adding any new registry.
2022-03-02 19:15:17,315 [Listener at 127.0.0.1/37389] INFO  impl.MetricsSystemImpl (MetricsSystemImpl.java:init(158)) - HddsDatanode metrics system started (again)
2022-03-02 19:15:17,326 [Datanode State Machine Daemon Thread] INFO  statemachine.DatanodeStateMachine (DatanodeStateMachine.java:lambda$startDaemon$0(470)) - Ozone container server started.
2022-03-02 19:15:17,341 [Listener at 127.0.0.1/37389] INFO  ozone.HddsDatanodeService (HddsDatanodeService.java:start(233)) - HddsDatanodeService host:fv-az396-267.zsjpccerc4sulamragr3v05mvf.jx.internal.cloudapp.net ip:10.1.0.35
2022-03-02 19:15:17,373 [Listener at 127.0.0.1/37389] INFO  upgrade.AbstractLayoutVersionManager (AbstractLayoutVersionManager.java:init(79)) - Initializing Layout version manager with metadata layout = SCM_HA (version = 2), software layout = SCM_HA (version = 2)
2022-03-02 19:15:17,389 [org.apache.hadoop.util.JvmPauseMonitor$Monitor@3dff43f1] INFO  util.JvmPauseMonitor (JvmPauseMonitor.java:run(188)) - Starting JVM pause monitor
2022-03-02 19:15:17,394 [Datanode State Machine Task Thread - 0] INFO  ha.SCMNodeInfo (SCMNodeInfo.java:getPort(197)) - ConfigKey ozone.scm.client.address is deprecated, For configuring different ports for each SCM use PortConfigKey ozone.scm.client.port appended with serviceId and nodeId
2022-03-02 19:15:17,395 [Datanode State Machine Task Thread - 0] INFO  ha.SCMNodeInfo (SCMNodeInfo.java:getPort(197)) - ConfigKey ozone.scm.block.client.address is deprecated, For configuring different ports for each SCM use PortConfigKey ozone.scm.block.client.port appended with serviceId and nodeId
2022-03-02 19:15:17,395 [Datanode State Machine Task Thread - 0] INFO  ha.SCMNodeInfo (SCMNodeInfo.java:getPort(197)) - ConfigKey ozone.scm.datanode.address is deprecated, For configuring different ports for each SCM use PortConfigKey ozone.scm.datanode.port appended with serviceId and nodeId
2022-03-02 19:15:17,395 [Datanode State Machine Task Thread - 0] INFO  ha.SCMNodeInfo (SCMNodeInfo.java:getPort(197)) - ConfigKey ozone.scm.client.address is deprecated, For configuring different ports for each SCM use PortConfigKey ozone.scm.client.port appended with serviceId and nodeId
2022-03-02 19:15:17,395 [Datanode State Machine Task Thread - 0] INFO  ha.SCMNodeInfo (SCMNodeInfo.java:getPort(197)) - ConfigKey ozone.scm.block.client.address is deprecated, For configuring different ports for each SCM use PortConfigKey ozone.scm.block.client.port appended with serviceId and nodeId
2022-03-02 19:15:17,395 [Datanode State Machine Task Thread - 0] INFO  ha.SCMNodeInfo (SCMNodeInfo.java:getPort(197)) - ConfigKey ozone.scm.datanode.address is deprecated, For configuring different ports for each SCM use PortConfigKey ozone.scm.datanode.port appended with serviceId and nodeId
2022-03-02 19:15:17,395 [Datanode State Machine Task Thread - 0] INFO  ha.SCMNodeInfo (SCMNodeInfo.java:getPort(197)) - ConfigKey ozone.scm.client.address is deprecated, For configuring different ports for each SCM use PortConfigKey ozone.scm.client.port appended with serviceId and nodeId
2022-03-02 19:15:17,395 [Datanode State Machine Task Thread - 0] INFO  ha.SCMNodeInfo (SCMNodeInfo.java:getPort(197)) - ConfigKey ozone.scm.block.client.address is deprecated, For configuring different ports for each SCM use PortConfigKey ozone.scm.block.client.port appended with serviceId and nodeId
2022-03-02 19:15:17,395 [Datanode State Machine Task Thread - 0] INFO  ha.SCMNodeInfo (SCMNodeInfo.java:getPort(197)) - ConfigKey ozone.scm.datanode.address is deprecated, For configuring different ports for each SCM use PortConfigKey ozone.scm.datanode.port appended with serviceId and nodeId
2022-03-02 19:15:17,397 [Datanode State Machine Task Thread - 0] INFO  datanode.InitDatanodeState (InitDatanodeState.java:persistContainerDatanodeDetails(138)) - DatanodeDetails is persisted to /home/runner/work/ozone/ozone/hadoop-ozone/integration-test/target/test-dir/MiniOzoneClusterImpl-403ad05d-12dd-4695-ad1e-d5eafc849fbc/datanode-0/meta/datanode.id
2022-03-02 19:15:17,485 [Listener at 127.0.0.1/37389] INFO  reflections.Reflections (Reflections.java:scan(232)) - Reflections took 105 ms to scan 7 urls, producing 122 keys and 286 values 
2022-03-02 19:15:17,489 [Listener at 127.0.0.1/37389] INFO  ha.SCMNodeInfo (SCMNodeInfo.java:getPort(197)) - ConfigKey ozone.scm.client.address is deprecated, For configuring different ports for each SCM use PortConfigKey ozone.scm.client.port appended with serviceId and nodeId
2022-03-02 19:15:17,489 [Listener at 127.0.0.1/37389] INFO  ha.SCMNodeInfo (SCMNodeInfo.java:getPort(197)) - ConfigKey ozone.scm.block.client.address is deprecated, For configuring different ports for each SCM use PortConfigKey ozone.scm.block.client.port appended with serviceId and nodeId
2022-03-02 19:15:17,489 [Listener at 127.0.0.1/37389] INFO  ha.SCMNodeInfo (SCMNodeInfo.java:getPort(197)) - ConfigKey ozone.scm.datanode.address is deprecated, For configuring different ports for each SCM use PortConfigKey ozone.scm.datanode.port appended with serviceId and nodeId
2022-03-02 19:15:17,494 [Listener at 127.0.0.1/37389] INFO  ha.SCMNodeInfo (SCMNodeInfo.java:getPort(197)) - ConfigKey ozone.scm.client.address is deprecated, For configuring different ports for each SCM use PortConfigKey ozone.scm.client.port appended with serviceId and nodeId
2022-03-02 19:15:17,494 [Listener at 127.0.0.1/37389] INFO  ha.SCMNodeInfo (SCMNodeInfo.java:getPort(197)) - ConfigKey ozone.scm.block.client.address is deprecated, For configuring different ports for each SCM use PortConfigKey ozone.scm.block.client.port appended with serviceId and nodeId
2022-03-02 19:15:17,494 [Listener at 127.0.0.1/37389] INFO  ha.SCMNodeInfo (SCMNodeInfo.java:getPort(197)) - ConfigKey ozone.scm.datanode.address is deprecated, For configuring different ports for each SCM use PortConfigKey ozone.scm.datanode.port appended with serviceId and nodeId
2022-03-02 19:15:17,495 [Listener at 127.0.0.1/37389] INFO  ha.SCMNodeInfo (SCMNodeInfo.java:getPort(197)) - ConfigKey ozone.scm.client.address is deprecated, For configuring different ports for each SCM use PortConfigKey ozone.scm.client.port appended with serviceId and nodeId
2022-03-02 19:15:17,495 [Listener at 127.0.0.1/37389] INFO  ha.SCMNodeInfo (SCMNodeInfo.java:getPort(197)) - ConfigKey ozone.scm.block.client.address is deprecated, For configuring different ports for each SCM use PortConfigKey ozone.scm.block.client.port appended with serviceId and nodeId
2022-03-02 19:15:17,495 [Listener at 127.0.0.1/37389] INFO  ha.SCMNodeInfo (SCMNodeInfo.java:getPort(197)) - ConfigKey ozone.scm.datanode.address is deprecated, For configuring different ports for each SCM use PortConfigKey ozone.scm.datanode.port appended with serviceId and nodeId
2022-03-02 19:15:17,495 [Listener at 127.0.0.1/37389] INFO  statemachine.DatanodeStateMachine (DatanodeStateMachine.java:getEndPointTaskThreadPoolSize(222)) - Datanode State Machine Task Thread Pool size 4
2022-03-02 19:15:17,500 [Listener at 127.0.0.1/37389] INFO  volume.HddsVolume (HddsVolume.java:<init>(120)) - Creating HddsVolume: /home/runner/work/ozone/ozone/hadoop-ozone/integration-test/target/test-dir/MiniOzoneClusterImpl-403ad05d-12dd-4695-ad1e-d5eafc849fbc/datanode-1/data-0/containers/hdds of storage type : DISK capacity : 9223372036854775807
2022-03-02 19:15:17,500 [Listener at 127.0.0.1/37389] INFO  volume.MutableVolumeSet (MutableVolumeSet.java:initializeVolumeSet(168)) - Added Volume : /home/runner/work/ozone/ozone/hadoop-ozone/integration-test/target/test-dir/MiniOzoneClusterImpl-403ad05d-12dd-4695-ad1e-d5eafc849fbc/datanode-1/data-0/containers/hdds to VolumeSet
2022-03-02 19:15:17,501 [Listener at 127.0.0.1/37389] INFO  volume.ThrottledAsyncChecker (ThrottledAsyncChecker.java:schedule(141)) - Scheduling a check for /home/runner/work/ozone/ozone/hadoop-ozone/integration-test/target/test-dir/MiniOzoneClusterImpl-403ad05d-12dd-4695-ad1e-d5eafc849fbc/datanode-1/data-0/containers/hdds
2022-03-02 19:15:17,516 [Listener at 127.0.0.1/37389] INFO  volume.StorageVolumeChecker (StorageVolumeChecker.java:checkAllVolumes(202)) - Scheduled health check for volume /home/runner/work/ozone/ozone/hadoop-ozone/integration-test/target/test-dir/MiniOzoneClusterImpl-403ad05d-12dd-4695-ad1e-d5eafc849fbc/datanode-1/data-0/containers/hdds
2022-03-02 19:15:17,545 [Listener at 127.0.0.1/37389] INFO  volume.MutableVolumeSet (MutableVolumeSet.java:initializeVolumeSet(168)) - Added Volume : /home/runner/work/ozone/ozone/hadoop-ozone/integration-test/target/test-dir/MiniOzoneClusterImpl-403ad05d-12dd-4695-ad1e-d5eafc849fbc/datanode-1/data/ratis to VolumeSet
2022-03-02 19:15:17,545 [Listener at 127.0.0.1/37389] INFO  volume.ThrottledAsyncChecker (ThrottledAsyncChecker.java:schedule(141)) - Scheduling a check for /home/runner/work/ozone/ozone/hadoop-ozone/integration-test/target/test-dir/MiniOzoneClusterImpl-403ad05d-12dd-4695-ad1e-d5eafc849fbc/datanode-1/data/ratis
2022-03-02 19:15:17,545 [Listener at 127.0.0.1/37389] INFO  volume.StorageVolumeChecker (StorageVolumeChecker.java:checkAllVolumes(202)) - Scheduled health check for volume /home/runner/work/ozone/ozone/hadoop-ozone/integration-test/target/test-dir/MiniOzoneClusterImpl-403ad05d-12dd-4695-ad1e-d5eafc849fbc/datanode-1/data/ratis
2022-03-02 19:15:17,570 [Thread-1454] INFO  ozoneimpl.ContainerReader (ContainerReader.java:readVolume(172)) - Finish verifying containers on volume /home/runner/work/ozone/ozone/hadoop-ozone/integration-test/target/test-dir/MiniOzoneClusterImpl-403ad05d-12dd-4695-ad1e-d5eafc849fbc/datanode-1/data-0/containers/hdds
2022-03-02 19:15:17,580 [Listener at 127.0.0.1/37389] INFO  ozoneimpl.OzoneContainer (OzoneContainer.java:buildContainerSet(257)) - Build ContainerSet costs 0s
2022-03-02 19:15:17,583 [Listener at 127.0.0.1/37389] INFO  server.RaftServer (ConfUtils.java:logGet(44)) - raft.rpc.type = GRPC (default)
2022-03-02 19:15:17,583 [Listener at 127.0.0.1/37389] INFO  grpc.GrpcFactory (GrpcFactory.java:checkPooledByteBufAllocatorUseCacheForAllThreads(48)) - PERFORMANCE WARNING: useCacheForAllThreads is true that may cause Netty to create a lot garbage objects and, as a result, trigger GC.
	It is recommended to disable useCacheForAllThreads by setting -Dorg.apache.ratis.thirdparty.io.netty.allocator.useCacheForAllThreads=false in command line.
2022-03-02 19:15:17,586 [Listener at 127.0.0.1/37389] INFO  grpc.GrpcConfigKeys (ConfUtils.java:logGet(44)) - raft.grpc.admin.port = 0 (custom)
2022-03-02 19:15:17,586 [Listener at 127.0.0.1/37389] INFO  grpc.GrpcConfigKeys (ConfUtils.java:logGet(44)) - raft.grpc.client.port = 0 (custom)
2022-03-02 19:15:17,587 [Listener at 127.0.0.1/37389] INFO  grpc.GrpcConfigKeys (ConfUtils.java:logGet(44)) - raft.grpc.server.port = 0 (default)
2022-03-02 19:15:17,587 [Listener at 127.0.0.1/37389] INFO  server.GrpcService (ConfUtils.java:logGet(44)) - raft.grpc.message.size.max = 32MB (=33554432) (custom)
2022-03-02 19:15:17,587 [Listener at 127.0.0.1/37389] INFO  server.RaftServerConfigKeys (ConfUtils.java:logGet(44)) - raft.server.log.appender.buffer.byte-limit = 33554432 (custom)
2022-03-02 19:15:17,587 [Listener at 127.0.0.1/37389] INFO  server.GrpcService (ConfUtils.java:logGet(44)) - raft.grpc.flow.control.window = 5MB (=5242880) (custom)
2022-03-02 19:15:17,588 [Listener at 127.0.0.1/37389] INFO  server.RaftServerConfigKeys (ConfUtils.java:logGet(44)) - raft.server.rpc.request.timeout = 60s (custom)
2022-03-02 19:15:17,589 [Listener at 127.0.0.1/37389] INFO  impl.DataStreamServerImpl (ConfUtils.java:logGet(44)) - raft.datastream.type = DISABLED (default)
2022-03-02 19:15:17,590 [Listener at 127.0.0.1/37389] INFO  server.RaftServerConfigKeys (ConfUtils.java:logGet(44)) - raft.server.rpc.slowness.timeout = 300s (custom)
2022-03-02 19:15:17,590 [Listener at 127.0.0.1/37389] INFO  server.RaftServerConfigKeys (ConfUtils.java:logGet(44)) - raft.server.leaderelection.leader.step-down.wait-time = 10s (default)
2022-03-02 19:15:17,594 [Listener at 127.0.0.1/37389] INFO  server.RaftServerConfigKeys (ConfUtils.java:logGet(44)) - raft.server.storage.dir = [/home/runner/work/ozone/ozone/hadoop-ozone/integration-test/target/test-dir/MiniOzoneClusterImpl-403ad05d-12dd-4695-ad1e-d5eafc849fbc/datanode-1/data/ratis] (custom)
2022-03-02 19:15:17,595 [Listener at 127.0.0.1/37389] INFO  server.XceiverServerGrpc (XceiverServerGrpc.java:<init>(132)) - GrpcServer channel type EpollServerSocketChannel
2022-03-02 19:15:17,611 [Listener at 127.0.0.1/37389] INFO  http.BaseHttpServer (BaseHttpServer.java:newHttpServer2BuilderForOzone(209)) - Starting Web-server for hddsDatanode at: http://0.0.0.0:0
2022-03-02 19:15:17,611 [Listener at 127.0.0.1/37389] INFO  http.BaseHttpServer (BaseHttpServer.java:<init>(107)) - Hadoop Security Enabled: false Ozone Security Enabled: false Ozone HTTP Security Enabled: false 
2022-03-02 19:15:17,612 [Listener at 127.0.0.1/37389] INFO  server.AuthenticationFilter (AuthenticationFilter.java:constructSecretProvider(240)) - Unable to initialize FileSignerSecretProvider, falling back to use random secrets.
2022-03-02 19:15:17,619 [Listener at 127.0.0.1/37389] WARN  http.HttpRequestLog (HttpRequestLog.java:getRequestLog(103)) - Jetty request log can only be enabled using Log4j
2022-03-02 19:15:17,620 [Listener at 127.0.0.1/37389] INFO  http.HttpServer2 (HttpServer2.java:addGlobalFilter(1030)) - Added global filter 'safety' (class=org.apache.hadoop.hdds.server.http.HttpServer2$QuotingInputFilter)
2022-03-02 19:15:17,621 [Listener at 127.0.0.1/37389] INFO  http.HttpServer2 (HttpServer2.java:addFilter(1006)) - Added filter static_user_filter (class=org.apache.hadoop.http.lib.StaticUserWebFilter$StaticUserFilter) to context hddsDatanode
2022-03-02 19:15:17,621 [Listener at 127.0.0.1/37389] INFO  http.HttpServer2 (HttpServer2.java:addFilter(1014)) - Added filter static_user_filter (class=org.apache.hadoop.http.lib.StaticUserWebFilter$StaticUserFilter) to context logs
2022-03-02 19:15:17,621 [Listener at 127.0.0.1/37389] INFO  http.HttpServer2 (HttpServer2.java:addFilter(1014)) - Added filter static_user_filter (class=org.apache.hadoop.http.lib.StaticUserWebFilter$StaticUserFilter) to context static
2022-03-02 19:15:17,622 [Listener at 127.0.0.1/37389] INFO  http.HttpServer2 (HttpServer2.java:bindListener(1249)) - Jetty bound to port 32821
2022-03-02 19:15:17,622 [Listener at 127.0.0.1/37389] INFO  server.Server (Server.java:doStart(375)) - jetty-9.4.43.v20210629; built: 2021-06-30T11:07:22.254Z; git: 526006ecfa3af7f1a27ef3a288e2bef7ea9dd7e8; jvm 1.8.0_322-b06
2022-03-02 19:15:17,663 [Listener at 127.0.0.1/37389] INFO  server.session (DefaultSessionIdManager.java:doStart(334)) - DefaultSessionIdManager workerName=node0
2022-03-02 19:15:17,664 [Listener at 127.0.0.1/37389] INFO  server.session (DefaultSessionIdManager.java:doStart(339)) - No SessionScavenger set, using defaults
2022-03-02 19:15:17,664 [Listener at 127.0.0.1/37389] INFO  server.session (HouseKeeper.java:startScavenging(132)) - node0 Scavenging every 660000ms
2022-03-02 19:15:17,671 [Listener at 127.0.0.1/37389] INFO  handler.ContextHandler (ContextHandler.java:doStart(915)) - Started o.e.j.s.ServletContextHandler@56e71576{logs,/logs,file:///home/runner/work/ozone/ozone/hadoop-ozone/integration-test/target/log,AVAILABLE}
2022-03-02 19:15:17,671 [Listener at 127.0.0.1/37389] INFO  handler.ContextHandler (ContextHandler.java:doStart(915)) - Started o.e.j.s.ServletContextHandler@17da4d27{static,/static,jar:file:/home/runner/.m2/repository/org/apache/ozone/hdds-container-service/1.3.0-SNAPSHOT/hdds-container-service-1.3.0-SNAPSHOT.jar!/webapps/static,AVAILABLE}
2022-03-02 19:15:17,744 [omNode-1@group-523986131536-FollowerState] INFO  impl.FollowerState (FollowerState.java:run(134)) - omNode-1@group-523986131536-FollowerState: change to CANDIDATE, lastRpcElapsedTime:1069821110ns, electionTimeout:1061ms
2022-03-02 19:15:17,744 [omNode-1@group-523986131536-FollowerState] INFO  impl.RoleInfo (RoleInfo.java:shutdownFollowerState(108)) - omNode-1: shutdown omNode-1@group-523986131536-FollowerState
2022-03-02 19:15:17,744 [omNode-1@group-523986131536-FollowerState] INFO  server.RaftServer$Division (RaftServerImpl.java:setRole(290)) - omNode-1@group-523986131536: changes role from  FOLLOWER to CANDIDATE at term 0 for changeToCandidate
2022-03-02 19:15:17,744 [omNode-1@group-523986131536-FollowerState] INFO  server.RaftServerConfigKeys (ConfUtils.java:logGet(44)) - raft.server.leaderelection.pre-vote = false (custom)
2022-03-02 19:15:17,744 [omNode-1@group-523986131536-FollowerState] INFO  impl.RoleInfo (RoleInfo.java:updateAndGet(130)) - omNode-1: start omNode-1@group-523986131536-LeaderElection17
2022-03-02 19:15:17,759 [omNode-1@group-523986131536-LeaderElection17] INFO  impl.LeaderElection (LeaderElection.java:askForVotes(306)) - omNode-1@group-523986131536-LeaderElection17 ELECTION round 0: submit vote requests at term 1 for -1: [omNode-1|rpc:localhost:34065|priority:0], old=null
2022-03-02 19:15:17,759 [omNode-1@group-523986131536-LeaderElection17] INFO  impl.LeaderElection (LeaderElection.java:askForVotes(308)) - omNode-1@group-523986131536-LeaderElection17 ELECTION round 0: result PASSED (term=1)
2022-03-02 19:15:17,759 [omNode-1@group-523986131536-LeaderElection17] INFO  impl.RoleInfo (RoleInfo.java:shutdownLeaderElection(121)) - omNode-1: shutdown omNode-1@group-523986131536-LeaderElection17
2022-03-02 19:15:17,759 [omNode-1@group-523986131536-LeaderElection17] INFO  server.RaftServer$Division (RaftServerImpl.java:setRole(290)) - omNode-1@group-523986131536: changes role from CANDIDATE to LEADER at term 1 for changeToLeader
2022-03-02 19:15:17,759 [omNode-1@group-523986131536-LeaderElection17] INFO  server.RaftServer$Division (ServerState.java:setLeader(285)) - omNode-1@group-523986131536: change Leader from null to omNode-1 at term 1 for becomeLeader, leader elected after 1223ms
2022-03-02 19:15:17,759 [omNode-1@group-523986131536-LeaderElection17] INFO  server.RaftServerConfigKeys (ConfUtils.java:logGet(44)) - raft.server.staging.catchup.gap = 1000 (default)
2022-03-02 19:15:17,760 [omNode-1@group-523986131536-LeaderElection17] INFO  server.RaftServerConfigKeys (ConfUtils.java:logGet(44)) - raft.server.write.element-limit = 4096 (default)
2022-03-02 19:15:17,760 [omNode-1@group-523986131536-LeaderElection17] INFO  server.RaftServerConfigKeys (ConfUtils.java:logGet(44)) - raft.server.write.byte-limit = 64MB (=67108864) (default)
2022-03-02 19:15:17,774 [omNode-1@group-523986131536-LeaderElection17] INFO  server.RaftServerConfigKeys (ConfUtils.java:logGet(44)) - raft.server.watch.timeout = 10s (default)
2022-03-02 19:15:17,775 [omNode-1@group-523986131536-LeaderElection17] INFO  server.RaftServerConfigKeys (ConfUtils.java:logGet(44)) - raft.server.watch.timeout.denomination = 1s (default)
2022-03-02 19:15:17,775 [omNode-1@group-523986131536-LeaderElection17] INFO  server.RaftServerConfigKeys (ConfUtils.java:logGet(44)) - raft.server.watch.element-limit = 65536 (default)
2022-03-02 19:15:17,775 [omNode-1@group-523986131536-LeaderElection17] INFO  server.RaftServerConfigKeys (ConfUtils.java:logGet(44)) - raft.server.write.element-limit = 4096 (default)
2022-03-02 19:15:17,775 [omNode-1@group-523986131536-LeaderElection17] INFO  server.RaftServerConfigKeys (ConfUtils.java:logGet(44)) - raft.server.write.follower.gap.ratio.max = -1.0 (default)
2022-03-02 19:15:17,775 [omNode-1@group-523986131536-LeaderElection17] INFO  impl.RoleInfo (RoleInfo.java:updateAndGet(130)) - omNode-1: start omNode-1@group-523986131536-LeaderStateImpl
2022-03-02 19:15:17,775 [omNode-1@group-523986131536-LeaderElection17] INFO  segmented.SegmentedRaftLogWorker (SegmentedRaftLogWorker.java:startLogSegment(394)) - omNode-1@group-523986131536-SegmentedRaftLogWorker: Starting segment from index:0
2022-03-02 19:15:17,791 [omNode-1@group-523986131536-SegmentedRaftLogWorker] INFO  segmented.SegmentedRaftLogWorker (SegmentedRaftLogWorker.java:execute(601)) - omNode-1@group-523986131536-SegmentedRaftLogWorker: created new log segment /home/runner/work/ozone/ozone/hadoop-ozone/integration-test/target/test-dir/MiniOzoneClusterImpl-403ad05d-12dd-4695-ad1e-d5eafc849fbc/omNode-1/ratis/c9bc4cf4-3bc3-3c60-a66b-523986131536/current/log_inprogress_0
2022-03-02 19:15:17,793 [Listener at 127.0.0.1/37389] INFO  handler.ContextHandler (ContextHandler.java:doStart(915)) - Started o.e.j.w.WebAppContext@5e615573{hddsDatanode,/,file:///tmp/jetty-0_0_0_0-32821-hdds-container-service-1_3_0-SNAPSHOT_jar-_-any-6164251208479233470/webapp/,AVAILABLE}{jar:file:/home/runner/.m2/repository/org/apache/ozone/hdds-container-service/1.3.0-SNAPSHOT/hdds-container-service-1.3.0-SNAPSHOT.jar!/webapps/hddsDatanode}
2022-03-02 19:15:17,798 [omNode-1@group-523986131536-LeaderElection17] INFO  server.RaftServer$Division (ServerState.java:setRaftConf(387)) - omNode-1@group-523986131536: set configuration 0: [omNode-1|rpc:localhost:34065|admin:|client:|dataStream:|priority:0], old=null
2022-03-02 19:15:17,800 [Listener at 127.0.0.1/37389] INFO  server.AbstractConnector (AbstractConnector.java:doStart(331)) - Started ServerConnector@3abb7923{HTTP/1.1, (http/1.1)}{0.0.0.0:32821}
2022-03-02 19:15:17,800 [Listener at 127.0.0.1/37389] INFO  server.Server (Server.java:doStart(415)) - Started @91826ms
2022-03-02 19:15:17,800 [Listener at 127.0.0.1/37389] WARN  impl.MetricsSystemImpl (MetricsSystemImpl.java:register(279)) - Sink prometheus already exists!
2022-03-02 19:15:17,801 [Listener at 127.0.0.1/37389] INFO  http.BaseHttpServer (BaseHttpServer.java:updateConnectorAddress(329)) - HTTP server of hddsDatanode listening at http://0.0.0.0:32821
2022-03-02 19:15:17,801 [Listener at 127.0.0.1/37389] WARN  impl.MetricRegistriesImpl (MetricRegistriesImpl.java:addReporterRegistration(111)) - New reporters are added after registries were created. Some metrics will be missing from the reporter. Please add reporter before adding any new registry.
2022-03-02 19:15:17,801 [Listener at 127.0.0.1/37389] WARN  impl.MetricRegistriesImpl (MetricRegistriesImpl.java:addReporterRegistration(111)) - New reporters are added after registries were created. Some metrics will be missing from the reporter. Please add reporter before adding any new registry.
2022-03-02 19:15:17,802 [Listener at 127.0.0.1/37389] INFO  impl.MetricsSystemImpl (MetricsSystemImpl.java:init(158)) - HddsDatanode metrics system started (again)
2022-03-02 19:15:17,818 [omNode-1@group-523986131536-StateMachineUpdater] INFO  ratis.OzoneManagerStateMachine (OzoneManagerStateMachine.java:notifyConfigurationChanged(188)) - Received Configuration change notification from Ratis. New Peer list:
[id: "omNode-1"
address: "localhost:34065"
]
2022-03-02 19:15:17,820 [Datanode State Machine Daemon Thread] INFO  statemachine.DatanodeStateMachine (DatanodeStateMachine.java:lambda$startDaemon$0(470)) - Ozone container server started.
2022-03-02 19:15:17,823 [Listener at 127.0.0.1/37389] INFO  ozone.HddsDatanodeService (HddsDatanodeService.java:start(233)) - HddsDatanodeService host:fv-az396-267.zsjpccerc4sulamragr3v05mvf.jx.internal.cloudapp.net ip:10.1.0.35
2022-03-02 19:15:17,849 [EndpointStateMachine task thread for /127.0.0.1:45835 - 0 ] INFO  ipc.Client (Client.java:handleConnectionFailure(977)) - Retrying connect to server: localhost/127.0.0.1:45835. Already tried 10 time(s); retry policy is RetryUpToMaximumCountWithFixedSleep(maxRetries=15, sleepTime=1000 MILLISECONDS)
2022-03-02 19:15:17,858 [EndpointStateMachine task thread for /127.0.0.1:44351 - 0 ] INFO  ipc.Client (Client.java:handleConnectionFailure(977)) - Retrying connect to server: localhost/127.0.0.1:44351. Already tried 10 time(s); retry policy is RetryUpToMaximumCountWithFixedSleep(maxRetries=15, sleepTime=1000 MILLISECONDS)
2022-03-02 19:15:17,858 [EndpointStateMachine task thread for /127.0.0.1:34023 - 0 ] INFO  ipc.Client (Client.java:handleConnectionFailure(977)) - Retrying connect to server: localhost/127.0.0.1:34023. Already tried 10 time(s); retry policy is RetryUpToMaximumCountWithFixedSleep(maxRetries=15, sleepTime=1000 MILLISECONDS)
2022-03-02 19:15:17,859 [org.apache.hadoop.util.JvmPauseMonitor$Monitor@d786927] INFO  util.JvmPauseMonitor (JvmPauseMonitor.java:run(188)) - Starting JVM pause monitor
2022-03-02 19:15:17,878 [Datanode State Machine Task Thread - 0] INFO  ha.SCMNodeInfo (SCMNodeInfo.java:getPort(197)) - ConfigKey ozone.scm.client.address is deprecated, For configuring different ports for each SCM use PortConfigKey ozone.scm.client.port appended with serviceId and nodeId
2022-03-02 19:15:17,879 [Datanode State Machine Task Thread - 0] INFO  ha.SCMNodeInfo (SCMNodeInfo.java:getPort(197)) - ConfigKey ozone.scm.block.client.address is deprecated, For configuring different ports for each SCM use PortConfigKey ozone.scm.block.client.port appended with serviceId and nodeId
2022-03-02 19:15:17,879 [Datanode State Machine Task Thread - 0] INFO  ha.SCMNodeInfo (SCMNodeInfo.java:getPort(197)) - ConfigKey ozone.scm.datanode.address is deprecated, For configuring different ports for each SCM use PortConfigKey ozone.scm.datanode.port appended with serviceId and nodeId
2022-03-02 19:15:17,879 [Datanode State Machine Task Thread - 0] INFO  ha.SCMNodeInfo (SCMNodeInfo.java:getPort(197)) - ConfigKey ozone.scm.client.address is deprecated, For configuring different ports for each SCM use PortConfigKey ozone.scm.client.port appended with serviceId and nodeId
2022-03-02 19:15:17,879 [Datanode State Machine Task Thread - 0] INFO  ha.SCMNodeInfo (SCMNodeInfo.java:getPort(197)) - ConfigKey ozone.scm.block.client.address is deprecated, For configuring different ports for each SCM use PortConfigKey ozone.scm.block.client.port appended with serviceId and nodeId
2022-03-02 19:15:17,879 [Datanode State Machine Task Thread - 0] INFO  ha.SCMNodeInfo (SCMNodeInfo.java:getPort(197)) - ConfigKey ozone.scm.datanode.address is deprecated, For configuring different ports for each SCM use PortConfigKey ozone.scm.datanode.port appended with serviceId and nodeId
2022-03-02 19:15:17,879 [Datanode State Machine Task Thread - 0] INFO  ha.SCMNodeInfo (SCMNodeInfo.java:getPort(197)) - ConfigKey ozone.scm.client.address is deprecated, For configuring different ports for each SCM use PortConfigKey ozone.scm.client.port appended with serviceId and nodeId
2022-03-02 19:15:17,879 [Datanode State Machine Task Thread - 0] INFO  ha.SCMNodeInfo (SCMNodeInfo.java:getPort(197)) - ConfigKey ozone.scm.block.client.address is deprecated, For configuring different ports for each SCM use PortConfigKey ozone.scm.block.client.port appended with serviceId and nodeId
2022-03-02 19:15:17,879 [Datanode State Machine Task Thread - 0] INFO  ha.SCMNodeInfo (SCMNodeInfo.java:getPort(197)) - ConfigKey ozone.scm.datanode.address is deprecated, For configuring different ports for each SCM use PortConfigKey ozone.scm.datanode.port appended with serviceId and nodeId
2022-03-02 19:15:17,889 [Datanode State Machine Task Thread - 0] INFO  datanode.InitDatanodeState (InitDatanodeState.java:persistContainerDatanodeDetails(138)) - DatanodeDetails is persisted to /home/runner/work/ozone/ozone/hadoop-ozone/integration-test/target/test-dir/MiniOzoneClusterImpl-403ad05d-12dd-4695-ad1e-d5eafc849fbc/datanode-1/meta/datanode.id
2022-03-02 19:15:17,902 [Listener at 127.0.0.1/37389] INFO  upgrade.AbstractLayoutVersionManager (AbstractLayoutVersionManager.java:init(79)) - Initializing Layout version manager with metadata layout = SCM_HA (version = 2), software layout = SCM_HA (version = 2)
2022-03-02 19:15:17,992 [Listener at 127.0.0.1/37389] INFO  reflections.Reflections (Reflections.java:scan(232)) - Reflections took 88 ms to scan 7 urls, producing 122 keys and 286 values 
2022-03-02 19:15:17,994 [Listener at 127.0.0.1/37389] INFO  ha.SCMNodeInfo (SCMNodeInfo.java:getPort(197)) - ConfigKey ozone.scm.client.address is deprecated, For configuring different ports for each SCM use PortConfigKey ozone.scm.client.port appended with serviceId and nodeId
2022-03-02 19:15:17,994 [Listener at 127.0.0.1/37389] INFO  ha.SCMNodeInfo (SCMNodeInfo.java:getPort(197)) - ConfigKey ozone.scm.block.client.address is deprecated, For configuring different ports for each SCM use PortConfigKey ozone.scm.block.client.port appended with serviceId and nodeId
2022-03-02 19:15:17,994 [Listener at 127.0.0.1/37389] INFO  ha.SCMNodeInfo (SCMNodeInfo.java:getPort(197)) - ConfigKey ozone.scm.datanode.address is deprecated, For configuring different ports for each SCM use PortConfigKey ozone.scm.datanode.port appended with serviceId and nodeId
2022-03-02 19:15:17,994 [Listener at 127.0.0.1/37389] INFO  ha.SCMNodeInfo (SCMNodeInfo.java:getPort(197)) - ConfigKey ozone.scm.client.address is deprecated, For configuring different ports for each SCM use PortConfigKey ozone.scm.client.port appended with serviceId and nodeId
2022-03-02 19:15:18,010 [Listener at 127.0.0.1/37389] INFO  ha.SCMNodeInfo (SCMNodeInfo.java:getPort(197)) - ConfigKey ozone.scm.block.client.address is deprecated, For configuring different ports for each SCM use PortConfigKey ozone.scm.block.client.port appended with serviceId and nodeId
2022-03-02 19:15:18,010 [Listener at 127.0.0.1/37389] INFO  ha.SCMNodeInfo (SCMNodeInfo.java:getPort(197)) - ConfigKey ozone.scm.datanode.address is deprecated, For configuring different ports for each SCM use PortConfigKey ozone.scm.datanode.port appended with serviceId and nodeId
2022-03-02 19:15:18,010 [Listener at 127.0.0.1/37389] INFO  ha.SCMNodeInfo (SCMNodeInfo.java:getPort(197)) - ConfigKey ozone.scm.client.address is deprecated, For configuring different ports for each SCM use PortConfigKey ozone.scm.client.port appended with serviceId and nodeId
2022-03-02 19:15:18,010 [Listener at 127.0.0.1/37389] INFO  ha.SCMNodeInfo (SCMNodeInfo.java:getPort(197)) - ConfigKey ozone.scm.block.client.address is deprecated, For configuring different ports for each SCM use PortConfigKey ozone.scm.block.client.port appended with serviceId and nodeId
2022-03-02 19:15:18,010 [Listener at 127.0.0.1/37389] INFO  ha.SCMNodeInfo (SCMNodeInfo.java:getPort(197)) - ConfigKey ozone.scm.datanode.address is deprecated, For configuring different ports for each SCM use PortConfigKey ozone.scm.datanode.port appended with serviceId and nodeId
2022-03-02 19:15:18,011 [Listener at 127.0.0.1/37389] INFO  statemachine.DatanodeStateMachine (DatanodeStateMachine.java:getEndPointTaskThreadPoolSize(222)) - Datanode State Machine Task Thread Pool size 4
2022-03-02 19:15:18,027 [Listener at 127.0.0.1/37389] INFO  volume.HddsVolume (HddsVolume.java:<init>(120)) - Creating HddsVolume: /home/runner/work/ozone/ozone/hadoop-ozone/integration-test/target/test-dir/MiniOzoneClusterImpl-403ad05d-12dd-4695-ad1e-d5eafc849fbc/datanode-2/data-0/containers/hdds of storage type : DISK capacity : 9223372036854775807
2022-03-02 19:15:18,027 [Listener at 127.0.0.1/37389] INFO  volume.MutableVolumeSet (MutableVolumeSet.java:initializeVolumeSet(168)) - Added Volume : /home/runner/work/ozone/ozone/hadoop-ozone/integration-test/target/test-dir/MiniOzoneClusterImpl-403ad05d-12dd-4695-ad1e-d5eafc849fbc/datanode-2/data-0/containers/hdds to VolumeSet
2022-03-02 19:15:18,027 [Listener at 127.0.0.1/37389] INFO  volume.ThrottledAsyncChecker (ThrottledAsyncChecker.java:schedule(141)) - Scheduling a check for /home/runner/work/ozone/ozone/hadoop-ozone/integration-test/target/test-dir/MiniOzoneClusterImpl-403ad05d-12dd-4695-ad1e-d5eafc849fbc/datanode-2/data-0/containers/hdds
2022-03-02 19:15:18,038 [Listener at 127.0.0.1/37389] INFO  volume.StorageVolumeChecker (StorageVolumeChecker.java:checkAllVolumes(202)) - Scheduled health check for volume /home/runner/work/ozone/ozone/hadoop-ozone/integration-test/target/test-dir/MiniOzoneClusterImpl-403ad05d-12dd-4695-ad1e-d5eafc849fbc/datanode-2/data-0/containers/hdds
2022-03-02 19:15:18,054 [Listener at 127.0.0.1/37389] INFO  volume.MutableVolumeSet (MutableVolumeSet.java:initializeVolumeSet(168)) - Added Volume : /home/runner/work/ozone/ozone/hadoop-ozone/integration-test/target/test-dir/MiniOzoneClusterImpl-403ad05d-12dd-4695-ad1e-d5eafc849fbc/datanode-2/data/ratis to VolumeSet
2022-03-02 19:15:18,054 [Listener at 127.0.0.1/37389] INFO  volume.ThrottledAsyncChecker (ThrottledAsyncChecker.java:schedule(141)) - Scheduling a check for /home/runner/work/ozone/ozone/hadoop-ozone/integration-test/target/test-dir/MiniOzoneClusterImpl-403ad05d-12dd-4695-ad1e-d5eafc849fbc/datanode-2/data/ratis
2022-03-02 19:15:18,054 [Listener at 127.0.0.1/37389] INFO  volume.StorageVolumeChecker (StorageVolumeChecker.java:checkAllVolumes(202)) - Scheduled health check for volume /home/runner/work/ozone/ozone/hadoop-ozone/integration-test/target/test-dir/MiniOzoneClusterImpl-403ad05d-12dd-4695-ad1e-d5eafc849fbc/datanode-2/data/ratis
2022-03-02 19:15:18,102 [Thread-1469] INFO  ozoneimpl.ContainerReader (ContainerReader.java:readVolume(172)) - Finish verifying containers on volume /home/runner/work/ozone/ozone/hadoop-ozone/integration-test/target/test-dir/MiniOzoneClusterImpl-403ad05d-12dd-4695-ad1e-d5eafc849fbc/datanode-2/data-0/containers/hdds
2022-03-02 19:15:18,103 [Listener at 127.0.0.1/37389] INFO  ozoneimpl.OzoneContainer (OzoneContainer.java:buildContainerSet(257)) - Build ContainerSet costs 0s
2022-03-02 19:15:18,105 [Listener at 127.0.0.1/37389] INFO  server.RaftServer (ConfUtils.java:logGet(44)) - raft.rpc.type = GRPC (default)
2022-03-02 19:15:18,105 [Listener at 127.0.0.1/37389] INFO  grpc.GrpcFactory (GrpcFactory.java:checkPooledByteBufAllocatorUseCacheForAllThreads(48)) - PERFORMANCE WARNING: useCacheForAllThreads is true that may cause Netty to create a lot garbage objects and, as a result, trigger GC.
	It is recommended to disable useCacheForAllThreads by setting -Dorg.apache.ratis.thirdparty.io.netty.allocator.useCacheForAllThreads=false in command line.
2022-03-02 19:15:18,106 [Listener at 127.0.0.1/37389] INFO  grpc.GrpcConfigKeys (ConfUtils.java:logGet(44)) - raft.grpc.admin.port = 0 (custom)
2022-03-02 19:15:18,106 [Listener at 127.0.0.1/37389] INFO  grpc.GrpcConfigKeys (ConfUtils.java:logGet(44)) - raft.grpc.client.port = 0 (custom)
2022-03-02 19:15:18,106 [Listener at 127.0.0.1/37389] INFO  grpc.GrpcConfigKeys (ConfUtils.java:logGet(44)) - raft.grpc.server.port = 0 (default)
2022-03-02 19:15:18,106 [Listener at 127.0.0.1/37389] INFO  server.GrpcService (ConfUtils.java:logGet(44)) - raft.grpc.message.size.max = 32MB (=33554432) (custom)
2022-03-02 19:15:18,106 [Listener at 127.0.0.1/37389] INFO  server.RaftServerConfigKeys (ConfUtils.java:logGet(44)) - raft.server.log.appender.buffer.byte-limit = 33554432 (custom)
2022-03-02 19:15:18,107 [Listener at 127.0.0.1/37389] INFO  server.GrpcService (ConfUtils.java:logGet(44)) - raft.grpc.flow.control.window = 5MB (=5242880) (custom)
2022-03-02 19:15:18,107 [Listener at 127.0.0.1/37389] INFO  server.RaftServerConfigKeys (ConfUtils.java:logGet(44)) - raft.server.rpc.request.timeout = 60s (custom)
2022-03-02 19:15:18,108 [Listener at 127.0.0.1/37389] INFO  impl.DataStreamServerImpl (ConfUtils.java:logGet(44)) - raft.datastream.type = DISABLED (default)
2022-03-02 19:15:18,109 [Listener at 127.0.0.1/37389] INFO  server.RaftServerConfigKeys (ConfUtils.java:logGet(44)) - raft.server.rpc.slowness.timeout = 300s (custom)
2022-03-02 19:15:18,109 [Listener at 127.0.0.1/37389] INFO  server.RaftServerConfigKeys (ConfUtils.java:logGet(44)) - raft.server.leaderelection.leader.step-down.wait-time = 10s (default)
2022-03-02 19:15:18,109 [Listener at 127.0.0.1/37389] INFO  server.RaftServerConfigKeys (ConfUtils.java:logGet(44)) - raft.server.storage.dir = [/home/runner/work/ozone/ozone/hadoop-ozone/integration-test/target/test-dir/MiniOzoneClusterImpl-403ad05d-12dd-4695-ad1e-d5eafc849fbc/datanode-2/data/ratis] (custom)
2022-03-02 19:15:18,111 [Listener at 127.0.0.1/37389] INFO  server.XceiverServerGrpc (XceiverServerGrpc.java:<init>(132)) - GrpcServer channel type EpollServerSocketChannel
2022-03-02 19:15:18,123 [Listener at 127.0.0.1/37389] INFO  http.BaseHttpServer (BaseHttpServer.java:newHttpServer2BuilderForOzone(209)) - Starting Web-server for hddsDatanode at: http://0.0.0.0:0
2022-03-02 19:15:18,123 [Listener at 127.0.0.1/37389] INFO  http.BaseHttpServer (BaseHttpServer.java:<init>(107)) - Hadoop Security Enabled: false Ozone Security Enabled: false Ozone HTTP Security Enabled: false 
2022-03-02 19:15:18,124 [Listener at 127.0.0.1/37389] INFO  server.AuthenticationFilter (AuthenticationFilter.java:constructSecretProvider(240)) - Unable to initialize FileSignerSecretProvider, falling back to use random secrets.
2022-03-02 19:15:18,131 [Listener at 127.0.0.1/37389] WARN  http.HttpRequestLog (HttpRequestLog.java:getRequestLog(103)) - Jetty request log can only be enabled using Log4j
2022-03-02 19:15:18,132 [Listener at 127.0.0.1/37389] INFO  http.HttpServer2 (HttpServer2.java:addGlobalFilter(1030)) - Added global filter 'safety' (class=org.apache.hadoop.hdds.server.http.HttpServer2$QuotingInputFilter)
2022-03-02 19:15:18,133 [Listener at 127.0.0.1/37389] INFO  http.HttpServer2 (HttpServer2.java:addFilter(1006)) - Added filter static_user_filter (class=org.apache.hadoop.http.lib.StaticUserWebFilter$StaticUserFilter) to context hddsDatanode
2022-03-02 19:15:18,133 [Listener at 127.0.0.1/37389] INFO  http.HttpServer2 (HttpServer2.java:addFilter(1014)) - Added filter static_user_filter (class=org.apache.hadoop.http.lib.StaticUserWebFilter$StaticUserFilter) to context static
2022-03-02 19:15:18,133 [Listener at 127.0.0.1/37389] INFO  http.HttpServer2 (HttpServer2.java:addFilter(1014)) - Added filter static_user_filter (class=org.apache.hadoop.http.lib.StaticUserWebFilter$StaticUserFilter) to context logs
2022-03-02 19:15:18,134 [Listener at 127.0.0.1/37389] INFO  http.HttpServer2 (HttpServer2.java:bindListener(1249)) - Jetty bound to port 34727
2022-03-02 19:15:18,134 [Listener at 127.0.0.1/37389] INFO  server.Server (Server.java:doStart(375)) - jetty-9.4.43.v20210629; built: 2021-06-30T11:07:22.254Z; git: 526006ecfa3af7f1a27ef3a288e2bef7ea9dd7e8; jvm 1.8.0_322-b06
2022-03-02 19:15:18,167 [Listener at 127.0.0.1/37389] INFO  server.session (DefaultSessionIdManager.java:doStart(334)) - DefaultSessionIdManager workerName=node0
2022-03-02 19:15:18,167 [Listener at 127.0.0.1/37389] INFO  server.session (DefaultSessionIdManager.java:doStart(339)) - No SessionScavenger set, using defaults
2022-03-02 19:15:18,167 [Listener at 127.0.0.1/37389] INFO  server.session (HouseKeeper.java:startScavenging(132)) - node0 Scavenging every 600000ms
2022-03-02 19:15:18,169 [Listener at 127.0.0.1/37389] INFO  handler.ContextHandler (ContextHandler.java:doStart(915)) - Started o.e.j.s.ServletContextHandler@23a7f0db{logs,/logs,file:///home/runner/work/ozone/ozone/hadoop-ozone/integration-test/target/log,AVAILABLE}
2022-03-02 19:15:18,170 [Listener at 127.0.0.1/37389] INFO  handler.ContextHandler (ContextHandler.java:doStart(915)) - Started o.e.j.s.ServletContextHandler@25e1ca37{static,/static,jar:file:/home/runner/.m2/repository/org/apache/ozone/hdds-container-service/1.3.0-SNAPSHOT/hdds-container-service-1.3.0-SNAPSHOT.jar!/webapps/static,AVAILABLE}
2022-03-02 19:15:18,242 [Listener at 127.0.0.1/37389] INFO  handler.ContextHandler (ContextHandler.java:doStart(915)) - Started o.e.j.w.WebAppContext@64a0bd8f{hddsDatanode,/,file:///tmp/jetty-0_0_0_0-34727-hdds-container-service-1_3_0-SNAPSHOT_jar-_-any-7524654958865056960/webapp/,AVAILABLE}{jar:file:/home/runner/.m2/repository/org/apache/ozone/hdds-container-service/1.3.0-SNAPSHOT/hdds-container-service-1.3.0-SNAPSHOT.jar!/webapps/hddsDatanode}
2022-03-02 19:15:18,246 [Listener at 127.0.0.1/37389] INFO  server.AbstractConnector (AbstractConnector.java:doStart(331)) - Started ServerConnector@641ae{HTTP/1.1, (http/1.1)}{0.0.0.0:34727}
2022-03-02 19:15:18,247 [Listener at 127.0.0.1/37389] INFO  server.Server (Server.java:doStart(415)) - Started @92273ms
2022-03-02 19:15:18,247 [Listener at 127.0.0.1/37389] WARN  impl.MetricsSystemImpl (MetricsSystemImpl.java:register(279)) - Sink prometheus already exists!
2022-03-02 19:15:18,249 [Listener at 127.0.0.1/37389] INFO  http.BaseHttpServer (BaseHttpServer.java:updateConnectorAddress(329)) - HTTP server of hddsDatanode listening at http://0.0.0.0:34727
2022-03-02 19:15:18,252 [Datanode State Machine Daemon Thread] INFO  statemachine.DatanodeStateMachine (DatanodeStateMachine.java:lambda$startDaemon$0(470)) - Ozone container server started.
2022-03-02 19:15:18,257 [Listener at 127.0.0.1/37389] INFO  ozone.MiniOzoneClusterImpl (MiniOzoneClusterImpl.java:lambda$waitForClusterToBeReady$0(219)) - Waiting for nodes to be ready. Got 0 of 3 DN Heartbeats.
2022-03-02 19:15:18,257 [Listener at 127.0.0.1/37389] INFO  ozone.MiniOzoneClusterImpl (MiniOzoneClusterImpl.java:lambda$waitForClusterToBeReady$0(222)) - Waiting for cluster to exit safe mode
2022-03-02 19:15:18,257 [Listener at 127.0.0.1/37389] INFO  ozone.MiniOzoneClusterImpl (MiniOzoneClusterImpl.java:lambda$waitForClusterToBeReady$0(224)) - SCM became leader
2022-03-02 19:15:18,284 [org.apache.hadoop.util.JvmPauseMonitor$Monitor@3210b13d] INFO  util.JvmPauseMonitor (JvmPauseMonitor.java:run(188)) - Starting JVM pause monitor
2022-03-02 19:15:18,291 [Datanode State Machine Task Thread - 0] INFO  ha.SCMNodeInfo (SCMNodeInfo.java:getPort(197)) - ConfigKey ozone.scm.client.address is deprecated, For configuring different ports for each SCM use PortConfigKey ozone.scm.client.port appended with serviceId and nodeId
2022-03-02 19:15:18,291 [Datanode State Machine Task Thread - 0] INFO  ha.SCMNodeInfo (SCMNodeInfo.java:getPort(197)) - ConfigKey ozone.scm.block.client.address is deprecated, For configuring different ports for each SCM use PortConfigKey ozone.scm.block.client.port appended with serviceId and nodeId
2022-03-02 19:15:18,291 [Datanode State Machine Task Thread - 0] INFO  ha.SCMNodeInfo (SCMNodeInfo.java:getPort(197)) - ConfigKey ozone.scm.datanode.address is deprecated, For configuring different ports for each SCM use PortConfigKey ozone.scm.datanode.port appended with serviceId and nodeId
2022-03-02 19:15:18,292 [Datanode State Machine Task Thread - 0] INFO  ha.SCMNodeInfo (SCMNodeInfo.java:getPort(197)) - ConfigKey ozone.scm.client.address is deprecated, For configuring different ports for each SCM use PortConfigKey ozone.scm.client.port appended with serviceId and nodeId
2022-03-02 19:15:18,292 [Datanode State Machine Task Thread - 0] INFO  ha.SCMNodeInfo (SCMNodeInfo.java:getPort(197)) - ConfigKey ozone.scm.block.client.address is deprecated, For configuring different ports for each SCM use PortConfigKey ozone.scm.block.client.port appended with serviceId and nodeId
2022-03-02 19:15:18,292 [Datanode State Machine Task Thread - 0] INFO  ha.SCMNodeInfo (SCMNodeInfo.java:getPort(197)) - ConfigKey ozone.scm.datanode.address is deprecated, For configuring different ports for each SCM use PortConfigKey ozone.scm.datanode.port appended with serviceId and nodeId
2022-03-02 19:15:18,292 [Datanode State Machine Task Thread - 0] INFO  ha.SCMNodeInfo (SCMNodeInfo.java:getPort(197)) - ConfigKey ozone.scm.client.address is deprecated, For configuring different ports for each SCM use PortConfigKey ozone.scm.client.port appended with serviceId and nodeId
2022-03-02 19:15:18,292 [Datanode State Machine Task Thread - 0] INFO  ha.SCMNodeInfo (SCMNodeInfo.java:getPort(197)) - ConfigKey ozone.scm.block.client.address is deprecated, For configuring different ports for each SCM use PortConfigKey ozone.scm.block.client.port appended with serviceId and nodeId
2022-03-02 19:15:18,292 [Datanode State Machine Task Thread - 0] INFO  ha.SCMNodeInfo (SCMNodeInfo.java:getPort(197)) - ConfigKey ozone.scm.datanode.address is deprecated, For configuring different ports for each SCM use PortConfigKey ozone.scm.datanode.port appended with serviceId and nodeId
2022-03-02 19:15:18,309 [Datanode State Machine Task Thread - 0] INFO  datanode.InitDatanodeState (InitDatanodeState.java:persistContainerDatanodeDetails(138)) - DatanodeDetails is persisted to /home/runner/work/ozone/ozone/hadoop-ozone/integration-test/target/test-dir/MiniOzoneClusterImpl-403ad05d-12dd-4695-ad1e-d5eafc849fbc/datanode-2/meta/datanode.id
2022-03-02 19:15:18,850 [EndpointStateMachine task thread for /127.0.0.1:45835 - 0 ] INFO  ipc.Client (Client.java:handleConnectionFailure(977)) - Retrying connect to server: localhost/127.0.0.1:45835. Already tried 11 time(s); retry policy is RetryUpToMaximumCountWithFixedSleep(maxRetries=15, sleepTime=1000 MILLISECONDS)
2022-03-02 19:15:18,858 [EndpointStateMachine task thread for /127.0.0.1:44351 - 0 ] INFO  ipc.Client (Client.java:handleConnectionFailure(977)) - Retrying connect to server: localhost/127.0.0.1:44351. Already tried 11 time(s); retry policy is RetryUpToMaximumCountWithFixedSleep(maxRetries=15, sleepTime=1000 MILLISECONDS)
2022-03-02 19:15:18,859 [EndpointStateMachine task thread for /127.0.0.1:34023 - 0 ] INFO  ipc.Client (Client.java:handleConnectionFailure(977)) - Retrying connect to server: localhost/127.0.0.1:34023. Already tried 11 time(s); retry policy is RetryUpToMaximumCountWithFixedSleep(maxRetries=15, sleepTime=1000 MILLISECONDS)
2022-03-02 19:15:19,257 [Listener at 127.0.0.1/37389] INFO  ozone.MiniOzoneClusterImpl (MiniOzoneClusterImpl.java:lambda$waitForClusterToBeReady$0(219)) - Waiting for nodes to be ready. Got 0 of 3 DN Heartbeats.
2022-03-02 19:15:19,258 [Listener at 127.0.0.1/37389] INFO  ozone.MiniOzoneClusterImpl (MiniOzoneClusterImpl.java:lambda$waitForClusterToBeReady$0(222)) - Waiting for cluster to exit safe mode
2022-03-02 19:15:19,258 [Listener at 127.0.0.1/37389] INFO  ozone.MiniOzoneClusterImpl (MiniOzoneClusterImpl.java:lambda$waitForClusterToBeReady$0(224)) - SCM became leader
2022-03-02 19:15:19,427 [EndpointStateMachine task thread for /127.0.0.1:41941 - 0 ] INFO  ozoneimpl.OzoneContainer (OzoneContainer.java:start(335)) - Attempting to start container services.
2022-03-02 19:15:19,428 [EndpointStateMachine task thread for /127.0.0.1:41941 - 0 ] INFO  ozoneimpl.OzoneContainer (OzoneContainer.java:startContainerScrub(270)) - Background container scanner has been disabled.
2022-03-02 19:15:19,430 [EndpointStateMachine task thread for /127.0.0.1:41941 - 0 ] INFO  replication.ReplicationServer (ReplicationServer.java:start(111)) - ReplicationServer is started using port 39623
2022-03-02 19:15:19,432 [EndpointStateMachine task thread for /127.0.0.1:41941 - 0 ] INFO  ratis.XceiverServerRatis (XceiverServerRatis.java:start(485)) - Starting XceiverServerRatis 730712bf-dc51-4bd6-9c9f-e27f92c302bd
2022-03-02 19:15:19,450 [EndpointStateMachine task thread for /127.0.0.1:41941 - 0 ] INFO  server.RaftServer (RaftServerProxy.java:lambda$start$5(374)) - 730712bf-dc51-4bd6-9c9f-e27f92c302bd: start RPC server
2022-03-02 19:15:19,451 [EndpointStateMachine task thread for /127.0.0.1:41941 - 0 ] INFO  server.GrpcService (GrpcService.java:startImpl(253)) - 730712bf-dc51-4bd6-9c9f-e27f92c302bd: GrpcService started, listening on 43177
2022-03-02 19:15:19,453 [EndpointStateMachine task thread for /127.0.0.1:41941 - 0 ] INFO  ratis.XceiverServerRatis (XceiverServerRatis.java:getRealPort(506)) - XceiverServerRatis 730712bf-dc51-4bd6-9c9f-e27f92c302bd is started using port 43177 for RATIS
2022-03-02 19:15:19,454 [EndpointStateMachine task thread for /127.0.0.1:41941 - 0 ] INFO  ratis.XceiverServerRatis (XceiverServerRatis.java:getRealPort(506)) - XceiverServerRatis 730712bf-dc51-4bd6-9c9f-e27f92c302bd is started using port 43177 for RATIS_ADMIN
2022-03-02 19:15:19,454 [EndpointStateMachine task thread for /127.0.0.1:41941 - 0 ] INFO  ratis.XceiverServerRatis (XceiverServerRatis.java:getRealPort(506)) - XceiverServerRatis 730712bf-dc51-4bd6-9c9f-e27f92c302bd is started using port 43177 for RATIS_SERVER
2022-03-02 19:15:19,454 [org.apache.ratis.util.JvmPauseMonitor$$Lambda$503/310350177@4bce4f27] INFO  util.JvmPauseMonitor (JvmPauseMonitor.java:run(103)) - JvmPauseMonitor-730712bf-dc51-4bd6-9c9f-e27f92c302bd: Started
2022-03-02 19:15:19,458 [EndpointStateMachine task thread for /127.0.0.1:41941 - 0 ] INFO  server.XceiverServerGrpc (XceiverServerGrpc.java:start(180)) - XceiverServerGrpc 730712bf-dc51-4bd6-9c9f-e27f92c302bd is started using port 43311
2022-03-02 19:15:19,464 [EndpointStateMachine task thread for /127.0.0.1:34357 - 0 ] INFO  ozoneimpl.OzoneContainer (OzoneContainer.java:start(331)) - Ignore. OzoneContainer already started.
2022-03-02 19:15:19,851 [EndpointStateMachine task thread for /127.0.0.1:45835 - 0 ] INFO  ipc.Client (Client.java:handleConnectionFailure(977)) - Retrying connect to server: localhost/127.0.0.1:45835. Already tried 12 time(s); retry policy is RetryUpToMaximumCountWithFixedSleep(maxRetries=15, sleepTime=1000 MILLISECONDS)
2022-03-02 19:15:19,859 [EndpointStateMachine task thread for /127.0.0.1:44351 - 0 ] INFO  ipc.Client (Client.java:handleConnectionFailure(977)) - Retrying connect to server: localhost/127.0.0.1:44351. Already tried 12 time(s); retry policy is RetryUpToMaximumCountWithFixedSleep(maxRetries=15, sleepTime=1000 MILLISECONDS)
2022-03-02 19:15:19,859 [EndpointStateMachine task thread for /127.0.0.1:34023 - 0 ] INFO  ipc.Client (Client.java:handleConnectionFailure(977)) - Retrying connect to server: localhost/127.0.0.1:34023. Already tried 12 time(s); retry policy is RetryUpToMaximumCountWithFixedSleep(maxRetries=15, sleepTime=1000 MILLISECONDS)
2022-03-02 19:15:19,884 [EndpointStateMachine task thread for /127.0.0.1:41941 - 0 ] INFO  ozoneimpl.OzoneContainer (OzoneContainer.java:start(335)) - Attempting to start container services.
2022-03-02 19:15:19,884 [EndpointStateMachine task thread for /127.0.0.1:41941 - 0 ] INFO  ozoneimpl.OzoneContainer (OzoneContainer.java:startContainerScrub(270)) - Background container scanner has been disabled.
2022-03-02 19:15:19,884 [EndpointStateMachine task thread for /127.0.0.1:41941 - 0 ] INFO  replication.ReplicationServer (ReplicationServer.java:start(111)) - ReplicationServer is started using port 42861
2022-03-02 19:15:19,886 [EndpointStateMachine task thread for /127.0.0.1:41941 - 0 ] INFO  ratis.XceiverServerRatis (XceiverServerRatis.java:start(485)) - Starting XceiverServerRatis 6a96ca8f-dca1-45f9-908e-cf69810dcb0d
2022-03-02 19:15:19,890 [EndpointStateMachine task thread for /127.0.0.1:41941 - 0 ] INFO  server.RaftServer (RaftServerProxy.java:lambda$start$5(374)) - 6a96ca8f-dca1-45f9-908e-cf69810dcb0d: start RPC server
2022-03-02 19:15:19,890 [EndpointStateMachine task thread for /127.0.0.1:41941 - 0 ] INFO  server.GrpcService (GrpcService.java:startImpl(253)) - 6a96ca8f-dca1-45f9-908e-cf69810dcb0d: GrpcService started, listening on 38231
2022-03-02 19:15:19,892 [EndpointStateMachine task thread for /127.0.0.1:41941 - 0 ] INFO  ratis.XceiverServerRatis (XceiverServerRatis.java:getRealPort(506)) - XceiverServerRatis 6a96ca8f-dca1-45f9-908e-cf69810dcb0d is started using port 38231 for RATIS
2022-03-02 19:15:19,892 [EndpointStateMachine task thread for /127.0.0.1:41941 - 0 ] INFO  ratis.XceiverServerRatis (XceiverServerRatis.java:getRealPort(506)) - XceiverServerRatis 6a96ca8f-dca1-45f9-908e-cf69810dcb0d is started using port 38231 for RATIS_ADMIN
2022-03-02 19:15:19,892 [EndpointStateMachine task thread for /127.0.0.1:41941 - 0 ] INFO  ratis.XceiverServerRatis (XceiverServerRatis.java:getRealPort(506)) - XceiverServerRatis 6a96ca8f-dca1-45f9-908e-cf69810dcb0d is started using port 38231 for RATIS_SERVER
2022-03-02 19:15:19,892 [org.apache.ratis.util.JvmPauseMonitor$$Lambda$503/310350177@2bf3c8d1] INFO  util.JvmPauseMonitor (JvmPauseMonitor.java:run(103)) - JvmPauseMonitor-6a96ca8f-dca1-45f9-908e-cf69810dcb0d: Started
2022-03-02 19:15:19,897 [EndpointStateMachine task thread for /127.0.0.1:41941 - 0 ] INFO  server.XceiverServerGrpc (XceiverServerGrpc.java:start(180)) - XceiverServerGrpc 6a96ca8f-dca1-45f9-908e-cf69810dcb0d is started using port 32959
2022-03-02 19:15:19,899 [EndpointStateMachine task thread for /127.0.0.1:34357 - 0 ] INFO  ozoneimpl.OzoneContainer (OzoneContainer.java:start(331)) - Ignore. OzoneContainer already started.
2022-03-02 19:15:20,258 [Listener at 127.0.0.1/37389] INFO  ozone.MiniOzoneClusterImpl (MiniOzoneClusterImpl.java:lambda$waitForClusterToBeReady$0(219)) - Waiting for nodes to be ready. Got 0 of 3 DN Heartbeats.
2022-03-02 19:15:20,259 [Listener at 127.0.0.1/37389] INFO  ozone.MiniOzoneClusterImpl (MiniOzoneClusterImpl.java:lambda$waitForClusterToBeReady$0(222)) - Waiting for cluster to exit safe mode
2022-03-02 19:15:20,259 [Listener at 127.0.0.1/37389] INFO  ozone.MiniOzoneClusterImpl (MiniOzoneClusterImpl.java:lambda$waitForClusterToBeReady$0(224)) - SCM became leader
2022-03-02 19:15:20,313 [EndpointStateMachine task thread for /127.0.0.1:41941 - 0 ] INFO  ozoneimpl.OzoneContainer (OzoneContainer.java:start(335)) - Attempting to start container services.
2022-03-02 19:15:20,313 [EndpointStateMachine task thread for /127.0.0.1:41941 - 0 ] INFO  ozoneimpl.OzoneContainer (OzoneContainer.java:startContainerScrub(270)) - Background container scanner has been disabled.
2022-03-02 19:15:20,314 [EndpointStateMachine task thread for /127.0.0.1:41941 - 0 ] INFO  replication.ReplicationServer (ReplicationServer.java:start(111)) - ReplicationServer is started using port 46587
2022-03-02 19:15:20,316 [EndpointStateMachine task thread for /127.0.0.1:41941 - 0 ] INFO  ratis.XceiverServerRatis (XceiverServerRatis.java:start(485)) - Starting XceiverServerRatis 8c53a021-9171-485b-b256-839aa3d3ad02
2022-03-02 19:15:20,317 [EndpointStateMachine task thread for /127.0.0.1:41941 - 0 ] INFO  server.RaftServer (RaftServerProxy.java:lambda$start$5(374)) - 8c53a021-9171-485b-b256-839aa3d3ad02: start RPC server
2022-03-02 19:15:20,322 [EndpointStateMachine task thread for /127.0.0.1:41941 - 0 ] INFO  server.GrpcService (GrpcService.java:startImpl(253)) - 8c53a021-9171-485b-b256-839aa3d3ad02: GrpcService started, listening on 41201
2022-03-02 19:15:20,325 [EndpointStateMachine task thread for /127.0.0.1:41941 - 0 ] INFO  ratis.XceiverServerRatis (XceiverServerRatis.java:getRealPort(506)) - XceiverServerRatis 8c53a021-9171-485b-b256-839aa3d3ad02 is started using port 41201 for RATIS
2022-03-02 19:15:20,325 [EndpointStateMachine task thread for /127.0.0.1:41941 - 0 ] INFO  ratis.XceiverServerRatis (XceiverServerRatis.java:getRealPort(506)) - XceiverServerRatis 8c53a021-9171-485b-b256-839aa3d3ad02 is started using port 41201 for RATIS_ADMIN
2022-03-02 19:15:20,325 [EndpointStateMachine task thread for /127.0.0.1:41941 - 0 ] INFO  ratis.XceiverServerRatis (XceiverServerRatis.java:getRealPort(506)) - XceiverServerRatis 8c53a021-9171-485b-b256-839aa3d3ad02 is started using port 41201 for RATIS_SERVER
2022-03-02 19:15:20,325 [org.apache.ratis.util.JvmPauseMonitor$$Lambda$503/310350177@6d4cbbdb] INFO  util.JvmPauseMonitor (JvmPauseMonitor.java:run(103)) - JvmPauseMonitor-8c53a021-9171-485b-b256-839aa3d3ad02: Started
2022-03-02 19:15:20,328 [EndpointStateMachine task thread for /127.0.0.1:41941 - 0 ] INFO  server.XceiverServerGrpc (XceiverServerGrpc.java:start(180)) - XceiverServerGrpc 8c53a021-9171-485b-b256-839aa3d3ad02 is started using port 42175
2022-03-02 19:15:20,330 [EndpointStateMachine task thread for /127.0.0.1:34357 - 0 ] INFO  ozoneimpl.OzoneContainer (OzoneContainer.java:start(331)) - Ignore. OzoneContainer already started.
2022-03-02 19:15:20,851 [EndpointStateMachine task thread for /127.0.0.1:45835 - 0 ] INFO  ipc.Client (Client.java:handleConnectionFailure(977)) - Retrying connect to server: localhost/127.0.0.1:45835. Already tried 13 time(s); retry policy is RetryUpToMaximumCountWithFixedSleep(maxRetries=15, sleepTime=1000 MILLISECONDS)
2022-03-02 19:15:20,859 [EndpointStateMachine task thread for /127.0.0.1:44351 - 0 ] INFO  ipc.Client (Client.java:handleConnectionFailure(977)) - Retrying connect to server: localhost/127.0.0.1:44351. Already tried 13 time(s); retry policy is RetryUpToMaximumCountWithFixedSleep(maxRetries=15, sleepTime=1000 MILLISECONDS)
2022-03-02 19:15:20,859 [EndpointStateMachine task thread for /127.0.0.1:34023 - 0 ] INFO  ipc.Client (Client.java:handleConnectionFailure(977)) - Retrying connect to server: localhost/127.0.0.1:34023. Already tried 13 time(s); retry policy is RetryUpToMaximumCountWithFixedSleep(maxRetries=15, sleepTime=1000 MILLISECONDS)
2022-03-02 19:15:21,259 [Listener at 127.0.0.1/37389] INFO  ozone.MiniOzoneClusterImpl (MiniOzoneClusterImpl.java:lambda$waitForClusterToBeReady$0(219)) - Waiting for nodes to be ready. Got 0 of 3 DN Heartbeats.
2022-03-02 19:15:21,259 [Listener at 127.0.0.1/37389] INFO  ozone.MiniOzoneClusterImpl (MiniOzoneClusterImpl.java:lambda$waitForClusterToBeReady$0(222)) - Waiting for cluster to exit safe mode
2022-03-02 19:15:21,259 [Listener at 127.0.0.1/37389] INFO  ozone.MiniOzoneClusterImpl (MiniOzoneClusterImpl.java:lambda$waitForClusterToBeReady$0(224)) - SCM became leader
2022-03-02 19:15:21,396 [IPC Server handler 2 on default port 41941] INFO  net.NetworkTopologyImpl (NetworkTopologyImpl.java:add(112)) - Added a new node: /default-rack/730712bf-dc51-4bd6-9c9f-e27f92c302bd
2022-03-02 19:15:21,397 [IPC Server handler 2 on default port 41941] INFO  node.SCMNodeManager (SCMNodeManager.java:register(389)) - Registered Data node : 730712bf-dc51-4bd6-9c9f-e27f92c302bd{ip: 127.0.0.1, host: localhost, ports: [REPLICATION=39623, RATIS=43177, RATIS_ADMIN=43177, RATIS_SERVER=43177, STANDALONE=43311], networkLocation: /default-rack, certSerialId: null, persistedOpState: null, persistedOpStateExpiryEpochSec: 0}
2022-03-02 19:15:21,398 [IPC Server handler 19 on default port 34357] INFO  net.NetworkTopologyImpl (NetworkTopologyImpl.java:add(112)) - Added a new node: /default-rack/730712bf-dc51-4bd6-9c9f-e27f92c302bd
2022-03-02 19:15:21,398 [IPC Server handler 19 on default port 34357] INFO  node.SCMNodeManager (SCMNodeManager.java:register(389)) - Registered Data node : 730712bf-dc51-4bd6-9c9f-e27f92c302bd{ip: 127.0.0.1, host: localhost, ports: [REPLICATION=39623, RATIS=43177, RATIS_ADMIN=43177, RATIS_SERVER=43177, STANDALONE=43311], networkLocation: /default-rack, certSerialId: null, persistedOpState: null, persistedOpStateExpiryEpochSec: 0}
2022-03-02 19:15:21,399 [EventQueue-NewNodeForNewNodeHandler] INFO  pipeline.BackgroundPipelineCreator (BackgroundPipelineCreator.java:notifyEventTriggered(285)) - trigger a one-shot run on RatisPipelineUtilsThread.
2022-03-02 19:15:21,400 [EventQueue-NodeRegistrationContainerReportForDataNodeSafeModeRule] INFO  safemode.SCMSafeModeManager (DataNodeSafeModeRule.java:process(71)) - SCM in safe mode. 1 DataNodes registered, 3 required.
2022-03-02 19:15:21,399 [RatisPipelineUtilsThread - 0] INFO  pipeline.RatisPipelineProvider (RatisPipelineProvider.java:lambda$create$0(183)) - Sending CreatePipelineCommand for pipeline:PipelineID=72970e59-4cd8-45f1-9d27-07251dced2c8 to datanode:730712bf-dc51-4bd6-9c9f-e27f92c302bd
2022-03-02 19:15:21,414 [EventQueue-NodeRegistrationContainerReportForContainerSafeModeRule] INFO  safemode.SCMSafeModeManager (SCMSafeModeManager.java:validateSafeModeExitRules(204)) - ContainerSafeModeRule rule is successfully validated
2022-03-02 19:15:21,431 [EventQueue-NodeRegistrationContainerReportForDataNodeSafeModeRule] INFO  safemode.SCMSafeModeManager (DataNodeSafeModeRule.java:process(71)) - SCM in safe mode. 1 DataNodes registered, 3 required.
2022-03-02 19:15:21,439 [EventQueue-PipelineReportForOneReplicaPipelineSafeModeRule] INFO  safemode.SCMSafeModeManager (SCMSafeModeManager.java:validateSafeModeExitRules(204)) - AtleastOneDatanodeReportedRule rule is successfully validated
2022-03-02 19:15:21,439 [EventQueue-NewNodeForNewNodeHandler] INFO  pipeline.BackgroundPipelineCreator (BackgroundPipelineCreator.java:notifyEventTriggered(279)) - ignore, not leader SCM.
2022-03-02 19:15:21,439 [EventQueue-NodeRegistrationContainerReportForContainerSafeModeRule] INFO  safemode.SCMSafeModeManager (SCMSafeModeManager.java:validateSafeModeExitRules(204)) - ContainerSafeModeRule rule is successfully validated
2022-03-02 19:15:21,446 [EventQueue-PipelineReportForOneReplicaPipelineSafeModeRule] INFO  safemode.SCMSafeModeManager (SCMSafeModeManager.java:validateSafeModeExitRules(204)) - AtleastOneDatanodeReportedRule rule is successfully validated
2022-03-02 19:15:21,482 [878dadca-57df-4ab3-9601-92853b413341@group-D5EAFC849FBC-StateMachineUpdater] INFO  pipeline.PipelineStateManagerImpl (PipelineStateManagerImpl.java:addPipeline(101)) - Created pipeline Pipeline[ Id: 72970e59-4cd8-45f1-9d27-07251dced2c8, Nodes: 730712bf-dc51-4bd6-9c9f-e27f92c302bd{ip: 127.0.0.1, host: localhost, ports: [REPLICATION=39623, RATIS=43177, RATIS_ADMIN=43177, RATIS_SERVER=43177, STANDALONE=43311], networkLocation: /default-rack, certSerialId: null, persistedOpState: IN_SERVICE, persistedOpStateExpiryEpochSec: 0}, ReplicationConfig: RATIS/ONE, State:ALLOCATED, leaderId:, CreationTimestamp2022-03-02T19:15:21.399Z[Etc/UTC]].
2022-03-02 19:15:21,482 [878dadca-57df-4ab3-9601-92853b413341@group-D5EAFC849FBC-StateMachineUpdater] INFO  safemode.HealthyPipelineSafeModeRule (HealthyPipelineSafeModeRule.java:initializeRule(152)) - Refreshed total pipeline count is 0, healthy pipeline threshold count is 1
2022-03-02 19:15:21,488 [49081caa-6924-42d1-b762-c940ad9f7c50@group-D5EAFC849FBC-StateMachineUpdater] INFO  pipeline.PipelineStateManagerImpl (PipelineStateManagerImpl.java:addPipeline(101)) - Created pipeline Pipeline[ Id: 72970e59-4cd8-45f1-9d27-07251dced2c8, Nodes: 730712bf-dc51-4bd6-9c9f-e27f92c302bd{ip: 127.0.0.1, host: localhost, ports: [REPLICATION=39623, RATIS=43177, RATIS_ADMIN=43177, RATIS_SERVER=43177, STANDALONE=43311], networkLocation: /default-rack, certSerialId: null, persistedOpState: IN_SERVICE, persistedOpStateExpiryEpochSec: 0}, ReplicationConfig: RATIS/ONE, State:ALLOCATED, leaderId:, CreationTimestamp2022-03-02T19:15:21.399Z[Etc/UTC]].
2022-03-02 19:15:21,488 [49081caa-6924-42d1-b762-c940ad9f7c50@group-D5EAFC849FBC-StateMachineUpdater] INFO  safemode.HealthyPipelineSafeModeRule (HealthyPipelineSafeModeRule.java:initializeRule(152)) - Refreshed total pipeline count is 0, healthy pipeline threshold count is 1
2022-03-02 19:15:21,489 [49081caa-6924-42d1-b762-c940ad9f7c50@group-D5EAFC849FBC-StateMachineUpdater] INFO  ha.SCMStateMachine (SCMStateMachine.java:takeSnapshot(297)) - Current Snapshot Index 7, takeSnapshot took 1 ms
2022-03-02 19:15:21,489 [49081caa-6924-42d1-b762-c940ad9f7c50@group-D5EAFC849FBC-StateMachineUpdater] INFO  impl.StateMachineUpdater (StateMachineUpdater.java:takeSnapshot(281)) - 49081caa-6924-42d1-b762-c940ad9f7c50@group-D5EAFC849FBC-StateMachineUpdater: Took a snapshot at index 7
2022-03-02 19:15:21,489 [49081caa-6924-42d1-b762-c940ad9f7c50@group-D5EAFC849FBC-StateMachineUpdater] INFO  impl.StateMachineUpdater (StateMachineUpdater.java:lambda$new$0(89)) - 49081caa-6924-42d1-b762-c940ad9f7c50@group-D5EAFC849FBC-StateMachineUpdater: snapshotIndex: updateIncreasingly 2 -> 7
2022-03-02 19:15:21,489 [49081caa-6924-42d1-b762-c940ad9f7c50@group-D5EAFC849FBC-StateMachineUpdater] INFO  raftlog.RaftLog (RaftLogBase.java:purge(306)) - 49081caa-6924-42d1-b762-c940ad9f7c50@group-D5EAFC849FBC-SegmentedRaftLog: purge 7
2022-03-02 19:15:21,489 [49081caa-6924-42d1-b762-c940ad9f7c50@group-D5EAFC849FBC-StateMachineUpdater] INFO  raftlog.RaftLog (RaftLogBase.java:lambda$new$0(53)) - 49081caa-6924-42d1-b762-c940ad9f7c50@group-D5EAFC849FBC-SegmentedRaftLog: snapshotIndex: updateIncreasingly 2 -> 7
2022-03-02 19:15:21,489 [49081caa-6924-42d1-b762-c940ad9f7c50@group-D5EAFC849FBC-StateMachineUpdater] INFO  raftlog.RaftLog (RaftLogBase.java:lambda$new$0(53)) - 49081caa-6924-42d1-b762-c940ad9f7c50@group-D5EAFC849FBC-SegmentedRaftLog: purgeIndex: updateToMax old=-1, new=7, updated? true
2022-03-02 19:15:21,852 [EndpointStateMachine task thread for /127.0.0.1:45835 - 0 ] INFO  ipc.Client (Client.java:handleConnectionFailure(977)) - Retrying connect to server: localhost/127.0.0.1:45835. Already tried 14 time(s); retry policy is RetryUpToMaximumCountWithFixedSleep(maxRetries=15, sleepTime=1000 MILLISECONDS)
2022-03-02 19:15:21,860 [EndpointStateMachine task thread for /127.0.0.1:44351 - 0 ] INFO  ipc.Client (Client.java:handleConnectionFailure(977)) - Retrying connect to server: localhost/127.0.0.1:44351. Already tried 14 time(s); retry policy is RetryUpToMaximumCountWithFixedSleep(maxRetries=15, sleepTime=1000 MILLISECONDS)
2022-03-02 19:15:21,860 [EndpointStateMachine task thread for /127.0.0.1:34023 - 0 ] INFO  ipc.Client (Client.java:handleConnectionFailure(977)) - Retrying connect to server: localhost/127.0.0.1:34023. Already tried 14 time(s); retry policy is RetryUpToMaximumCountWithFixedSleep(maxRetries=15, sleepTime=1000 MILLISECONDS)
2022-03-02 19:15:21,860 [EndpointStateMachine task thread for /127.0.0.1:34023 - 0 ] WARN  statemachine.EndpointStateMachine (EndpointStateMachine.java:logIfNeeded(236)) - Unable to communicate to SCM server at localhost:34023 for past 0 seconds.
java.net.ConnectException: Call From fv-az396-267/10.1.0.35 to localhost:34023 failed on connection exception: java.net.ConnectException: Connection refused; For more details see:  http://wiki.apache.org/hadoop/ConnectionRefused
	at sun.reflect.NativeConstructorAccessorImpl.newInstance0(Native Method)
	at sun.reflect.NativeConstructorAccessorImpl.newInstance(NativeConstructorAccessorImpl.java:62)
	at sun.reflect.DelegatingConstructorAccessorImpl.newInstance(DelegatingConstructorAccessorImpl.java:45)
	at java.lang.reflect.Constructor.newInstance(Constructor.java:423)
	at org.apache.hadoop.net.NetUtils.wrapWithMessage(NetUtils.java:913)
	at org.apache.hadoop.net.NetUtils.wrapException(NetUtils.java:828)
	at org.apache.hadoop.ipc.Client.getRpcResponse(Client.java:1577)
	at org.apache.hadoop.ipc.Client.call(Client.java:1519)
	at org.apache.hadoop.ipc.Client.call(Client.java:1416)
	at org.apache.hadoop.ipc.ProtobufRpcEngine$Invoker.invoke(ProtobufRpcEngine.java:236)
	at org.apache.hadoop.ipc.ProtobufRpcEngine$Invoker.invoke(ProtobufRpcEngine.java:123)
	at com.sun.proxy.$Proxy48.submitRequest(Unknown Source)
	at org.apache.hadoop.ozone.protocolPB.StorageContainerDatanodeProtocolClientSideTranslatorPB.submitRequest(StorageContainerDatanodeProtocolClientSideTranslatorPB.java:117)
	at org.apache.hadoop.ozone.protocolPB.StorageContainerDatanodeProtocolClientSideTranslatorPB.register(StorageContainerDatanodeProtocolClientSideTranslatorPB.java:180)
	at org.apache.hadoop.ozone.container.common.states.endpoint.RegisterEndpointTask.call(RegisterEndpointTask.java:158)
	at org.apache.hadoop.ozone.container.common.states.endpoint.RegisterEndpointTask.call(RegisterEndpointTask.java:52)
	at java.util.concurrent.FutureTask.run(FutureTask.java:266)
	at java.util.concurrent.ThreadPoolExecutor.runWorker(ThreadPoolExecutor.java:1149)
	at java.util.concurrent.ThreadPoolExecutor$Worker.run(ThreadPoolExecutor.java:624)
	at java.lang.Thread.run(Thread.java:750)
Caused by: java.net.ConnectException: Connection refused
	at sun.nio.ch.SocketChannelImpl.checkConnect(Native Method)
	at sun.nio.ch.SocketChannelImpl.finishConnect(SocketChannelImpl.java:716)
	at org.apache.hadoop.net.SocketIOWithTimeout.connect(SocketIOWithTimeout.java:206)
	at org.apache.hadoop.net.NetUtils.connect(NetUtils.java:586)
	at org.apache.hadoop.ipc.Client$Connection.setupConnection(Client.java:701)
	at org.apache.hadoop.ipc.Client$Connection.setupIOstreams(Client.java:822)
	at org.apache.hadoop.ipc.Client$Connection.access$3800(Client.java:414)
	at org.apache.hadoop.ipc.Client.getConnection(Client.java:1647)
	at org.apache.hadoop.ipc.Client.call(Client.java:1463)
	... 12 more
2022-03-02 19:15:21,862 [Datanode State Machine Daemon Thread] ERROR datanode.RunningDatanodeState (RunningDatanodeState.java:computeNextContainerState(201)) - Error in executing end point task.
java.util.concurrent.ExecutionException: java.util.concurrent.TimeoutException
	at java.util.concurrent.FutureTask.report(FutureTask.java:122)
	at java.util.concurrent.FutureTask.get(FutureTask.java:192)
	at org.apache.hadoop.ozone.container.common.states.datanode.RunningDatanodeState.computeNextContainerState(RunningDatanodeState.java:193)
	at org.apache.hadoop.ozone.container.common.states.datanode.RunningDatanodeState.await(RunningDatanodeState.java:233)
	at org.apache.hadoop.ozone.container.common.states.datanode.RunningDatanodeState.await(RunningDatanodeState.java:50)
	at org.apache.hadoop.ozone.container.common.statemachine.StateContext.execute(StateContext.java:658)
	at org.apache.hadoop.ozone.container.common.statemachine.DatanodeStateMachine.startStateMachineThread(DatanodeStateMachine.java:283)
	at org.apache.hadoop.ozone.container.common.statemachine.DatanodeStateMachine.lambda$startDaemon$0(DatanodeStateMachine.java:471)
	at java.lang.Thread.run(Thread.java:750)
Caused by: java.util.concurrent.TimeoutException
	at java.util.concurrent.FutureTask.get(FutureTask.java:205)
	at org.apache.hadoop.ozone.container.common.states.datanode.RunningDatanodeState.lambda$execute$0(RunningDatanodeState.java:151)
	at java.util.concurrent.FutureTask.run(FutureTask.java:266)
	at java.util.concurrent.Executors$RunnableAdapter.call(Executors.java:511)
	at java.util.concurrent.FutureTask.run(FutureTask.java:266)
	at java.util.concurrent.ThreadPoolExecutor.runWorker(ThreadPoolExecutor.java:1149)
	at java.util.concurrent.ThreadPoolExecutor$Worker.run(ThreadPoolExecutor.java:624)
	... 1 more
2022-03-02 19:15:21,867 [IPC Server handler 2 on default port 34357] INFO  net.NetworkTopologyImpl (NetworkTopologyImpl.java:add(112)) - Added a new node: /default-rack/6a96ca8f-dca1-45f9-908e-cf69810dcb0d
2022-03-02 19:15:21,867 [IPC Server handler 2 on default port 34357] INFO  node.SCMNodeManager (SCMNodeManager.java:register(389)) - Registered Data node : 6a96ca8f-dca1-45f9-908e-cf69810dcb0d{ip: 127.0.0.1, host: localhost, ports: [REPLICATION=42861, RATIS=38231, RATIS_ADMIN=38231, RATIS_SERVER=38231, STANDALONE=32959], networkLocation: /default-rack, certSerialId: null, persistedOpState: null, persistedOpStateExpiryEpochSec: 0}
2022-03-02 19:15:21,867 [EventQueue-NewNodeForNewNodeHandler] INFO  pipeline.BackgroundPipelineCreator (BackgroundPipelineCreator.java:notifyEventTriggered(279)) - ignore, not leader SCM.
2022-03-02 19:15:21,868 [EventQueue-NodeRegistrationContainerReportForDataNodeSafeModeRule] INFO  safemode.SCMSafeModeManager (DataNodeSafeModeRule.java:process(71)) - SCM in safe mode. 2 DataNodes registered, 3 required.
2022-03-02 19:15:21,869 [IPC Server handler 1 on default port 41941] INFO  net.NetworkTopologyImpl (NetworkTopologyImpl.java:add(112)) - Added a new node: /default-rack/6a96ca8f-dca1-45f9-908e-cf69810dcb0d
2022-03-02 19:15:21,870 [IPC Server handler 1 on default port 41941] INFO  node.SCMNodeManager (SCMNodeManager.java:register(389)) - Registered Data node : 6a96ca8f-dca1-45f9-908e-cf69810dcb0d{ip: 127.0.0.1, host: localhost, ports: [REPLICATION=42861, RATIS=38231, RATIS_ADMIN=38231, RATIS_SERVER=38231, STANDALONE=32959], networkLocation: /default-rack, certSerialId: null, persistedOpState: null, persistedOpStateExpiryEpochSec: 0}
2022-03-02 19:15:21,870 [EventQueue-NewNodeForNewNodeHandler] INFO  pipeline.BackgroundPipelineCreator (BackgroundPipelineCreator.java:notifyEventTriggered(285)) - trigger a one-shot run on RatisPipelineUtilsThread.
2022-03-02 19:15:21,875 [EventQueue-NodeRegistrationContainerReportForDataNodeSafeModeRule] INFO  safemode.SCMSafeModeManager (DataNodeSafeModeRule.java:process(71)) - SCM in safe mode. 2 DataNodes registered, 3 required.
2022-03-02 19:15:21,876 [RatisPipelineUtilsThread - 0] INFO  pipeline.RatisPipelineProvider (RatisPipelineProvider.java:lambda$create$0(183)) - Sending CreatePipelineCommand for pipeline:PipelineID=5e2c3fb1-b4dd-42e9-b875-6642639b689a to datanode:6a96ca8f-dca1-45f9-908e-cf69810dcb0d
2022-03-02 19:15:21,886 [878dadca-57df-4ab3-9601-92853b413341@group-D5EAFC849FBC-StateMachineUpdater] INFO  pipeline.PipelineStateManagerImpl (PipelineStateManagerImpl.java:addPipeline(101)) - Created pipeline Pipeline[ Id: 5e2c3fb1-b4dd-42e9-b875-6642639b689a, Nodes: 6a96ca8f-dca1-45f9-908e-cf69810dcb0d{ip: 127.0.0.1, host: localhost, ports: [REPLICATION=42861, RATIS=38231, RATIS_ADMIN=38231, RATIS_SERVER=38231, STANDALONE=32959], networkLocation: /default-rack, certSerialId: null, persistedOpState: IN_SERVICE, persistedOpStateExpiryEpochSec: 0}, ReplicationConfig: RATIS/ONE, State:ALLOCATED, leaderId:, CreationTimestamp2022-03-02T19:15:21.876Z[Etc/UTC]].
2022-03-02 19:15:21,886 [878dadca-57df-4ab3-9601-92853b413341@group-D5EAFC849FBC-StateMachineUpdater] INFO  safemode.HealthyPipelineSafeModeRule (HealthyPipelineSafeModeRule.java:initializeRule(152)) - Refreshed total pipeline count is 0, healthy pipeline threshold count is 1
2022-03-02 19:15:21,893 [49081caa-6924-42d1-b762-c940ad9f7c50@group-D5EAFC849FBC-StateMachineUpdater] INFO  pipeline.PipelineStateManagerImpl (PipelineStateManagerImpl.java:addPipeline(101)) - Created pipeline Pipeline[ Id: 5e2c3fb1-b4dd-42e9-b875-6642639b689a, Nodes: 6a96ca8f-dca1-45f9-908e-cf69810dcb0d{ip: 127.0.0.1, host: localhost, ports: [REPLICATION=42861, RATIS=38231, RATIS_ADMIN=38231, RATIS_SERVER=38231, STANDALONE=32959], networkLocation: /default-rack, certSerialId: null, persistedOpState: IN_SERVICE, persistedOpStateExpiryEpochSec: 0}, ReplicationConfig: RATIS/ONE, State:ALLOCATED, leaderId:, CreationTimestamp2022-03-02T19:15:21.876Z[Etc/UTC]].
2022-03-02 19:15:21,893 [49081caa-6924-42d1-b762-c940ad9f7c50@group-D5EAFC849FBC-StateMachineUpdater] INFO  safemode.HealthyPipelineSafeModeRule (HealthyPipelineSafeModeRule.java:initializeRule(152)) - Refreshed total pipeline count is 0, healthy pipeline threshold count is 1
2022-03-02 19:15:21,895 [878dadca-57df-4ab3-9601-92853b413341@group-D5EAFC849FBC-StateMachineUpdater] INFO  ha.SCMStateMachine (SCMStateMachine.java:takeSnapshot(297)) - Current Snapshot Index 10, takeSnapshot took 0 ms
2022-03-02 19:15:21,895 [878dadca-57df-4ab3-9601-92853b413341@group-D5EAFC849FBC-StateMachineUpdater] INFO  impl.StateMachineUpdater (StateMachineUpdater.java:takeSnapshot(281)) - 878dadca-57df-4ab3-9601-92853b413341@group-D5EAFC849FBC-StateMachineUpdater: Took a snapshot at index 10
2022-03-02 19:15:21,895 [878dadca-57df-4ab3-9601-92853b413341@group-D5EAFC849FBC-StateMachineUpdater] INFO  impl.StateMachineUpdater (StateMachineUpdater.java:lambda$new$0(89)) - 878dadca-57df-4ab3-9601-92853b413341@group-D5EAFC849FBC-StateMachineUpdater: snapshotIndex: updateIncreasingly 5 -> 10
2022-03-02 19:15:21,895 [878dadca-57df-4ab3-9601-92853b413341@group-D5EAFC849FBC-StateMachineUpdater] INFO  raftlog.RaftLog (RaftLogBase.java:purge(306)) - 878dadca-57df-4ab3-9601-92853b413341@group-D5EAFC849FBC-SegmentedRaftLog: purge 10
2022-03-02 19:15:21,895 [878dadca-57df-4ab3-9601-92853b413341@group-D5EAFC849FBC-StateMachineUpdater] INFO  raftlog.RaftLog (RaftLogBase.java:lambda$new$0(53)) - 878dadca-57df-4ab3-9601-92853b413341@group-D5EAFC849FBC-SegmentedRaftLog: snapshotIndex: updateIncreasingly 5 -> 10
2022-03-02 19:15:21,895 [878dadca-57df-4ab3-9601-92853b413341@group-D5EAFC849FBC-StateMachineUpdater] INFO  raftlog.RaftLog (RaftLogBase.java:lambda$new$0(53)) - 878dadca-57df-4ab3-9601-92853b413341@group-D5EAFC849FBC-SegmentedRaftLog: purgeIndex: updateToMax old=0, new=10, updated? true
2022-03-02 19:15:22,260 [Listener at 127.0.0.1/37389] INFO  ozone.MiniOzoneClusterImpl (MiniOzoneClusterImpl.java:lambda$waitForClusterToBeReady$0(219)) - Waiting for nodes to be ready. Got 2 of 3 DN Heartbeats.
2022-03-02 19:15:22,260 [Listener at 127.0.0.1/37389] INFO  ozone.MiniOzoneClusterImpl (MiniOzoneClusterImpl.java:lambda$waitForClusterToBeReady$0(222)) - Waiting for cluster to exit safe mode
2022-03-02 19:15:22,260 [Listener at 127.0.0.1/37389] INFO  ozone.MiniOzoneClusterImpl (MiniOzoneClusterImpl.java:lambda$waitForClusterToBeReady$0(224)) - SCM became leader
2022-03-02 19:15:22,305 [IPC Server handler 0 on default port 41941] INFO  net.NetworkTopologyImpl (NetworkTopologyImpl.java:add(112)) - Added a new node: /default-rack/8c53a021-9171-485b-b256-839aa3d3ad02
2022-03-02 19:15:22,306 [IPC Server handler 0 on default port 41941] INFO  node.SCMNodeManager (SCMNodeManager.java:register(389)) - Registered Data node : 8c53a021-9171-485b-b256-839aa3d3ad02{ip: 127.0.0.1, host: localhost, ports: [REPLICATION=46587, RATIS=41201, RATIS_ADMIN=41201, RATIS_SERVER=41201, STANDALONE=42175], networkLocation: /default-rack, certSerialId: null, persistedOpState: null, persistedOpStateExpiryEpochSec: 0}
2022-03-02 19:15:22,306 [EventQueue-NewNodeForNewNodeHandler] INFO  pipeline.BackgroundPipelineCreator (BackgroundPipelineCreator.java:notifyEventTriggered(285)) - trigger a one-shot run on RatisPipelineUtilsThread.
2022-03-02 19:15:22,306 [EventQueue-NodeRegistrationContainerReportForDataNodeSafeModeRule] INFO  safemode.SCMSafeModeManager (DataNodeSafeModeRule.java:process(71)) - SCM in safe mode. 3 DataNodes registered, 3 required.
2022-03-02 19:15:22,306 [EventQueue-NodeRegistrationContainerReportForDataNodeSafeModeRule] INFO  safemode.SCMSafeModeManager (SCMSafeModeManager.java:validateSafeModeExitRules(204)) - DataNodeSafeModeRule rule is successfully validated
2022-03-02 19:15:22,306 [EventQueue-NodeRegistrationContainerReportForDataNodeSafeModeRule] INFO  safemode.SCMSafeModeManager (SCMSafeModeManager.java:completePreCheck(233)) - All SCM safe mode pre check rules have passed
2022-03-02 19:15:22,306 [EventQueue-NodeRegistrationContainerReportForDataNodeSafeModeRule] WARN  events.EventQueue (EventQueue.java:fireEvent(194)) - No event handler registered for event TypedEvent{payloadType=SafeModeStatus, name='Safe mode status'}
2022-03-02 19:15:22,306 [EventQueue-NodeRegistrationContainerReportForDataNodeSafeModeRule] INFO  ha.SCMContext (SCMContext.java:updateSafeModeStatus(211)) - Update SafeModeStatus from SafeModeStatus{safeModeStatus=true, preCheckPassed=false} to SafeModeStatus{safeModeStatus=true, preCheckPassed=true}.
2022-03-02 19:15:22,306 [EventQueue-NodeRegistrationContainerReportForDataNodeSafeModeRule] INFO  pipeline.BackgroundPipelineCreator (BackgroundPipelineCreator.java:notifyEventTriggered(285)) - trigger a one-shot run on RatisPipelineUtilsThread.
2022-03-02 19:15:22,307 [RatisPipelineUtilsThread - 0] INFO  pipeline.RatisPipelineProvider (RatisPipelineProvider.java:lambda$create$0(183)) - Sending CreatePipelineCommand for pipeline:PipelineID=2b254719-62e1-45ad-b4c0-465aee61ab4c to datanode:8c53a021-9171-485b-b256-839aa3d3ad02
2022-03-02 19:15:22,317 [IPC Server handler 5 on default port 34357] INFO  net.NetworkTopologyImpl (NetworkTopologyImpl.java:add(112)) - Added a new node: /default-rack/8c53a021-9171-485b-b256-839aa3d3ad02
2022-03-02 19:15:22,317 [IPC Server handler 5 on default port 34357] INFO  node.SCMNodeManager (SCMNodeManager.java:register(389)) - Registered Data node : 8c53a021-9171-485b-b256-839aa3d3ad02{ip: 127.0.0.1, host: localhost, ports: [REPLICATION=46587, RATIS=41201, RATIS_ADMIN=41201, RATIS_SERVER=41201, STANDALONE=42175], networkLocation: /default-rack, certSerialId: null, persistedOpState: null, persistedOpStateExpiryEpochSec: 0}
2022-03-02 19:15:22,318 [EventQueue-NewNodeForNewNodeHandler] INFO  pipeline.BackgroundPipelineCreator (BackgroundPipelineCreator.java:notifyEventTriggered(279)) - ignore, not leader SCM.
2022-03-02 19:15:22,318 [EventQueue-NodeRegistrationContainerReportForDataNodeSafeModeRule] INFO  safemode.SCMSafeModeManager (DataNodeSafeModeRule.java:process(71)) - SCM in safe mode. 3 DataNodes registered, 3 required.
2022-03-02 19:15:22,318 [EventQueue-NodeRegistrationContainerReportForDataNodeSafeModeRule] INFO  safemode.SCMSafeModeManager (SCMSafeModeManager.java:validateSafeModeExitRules(204)) - DataNodeSafeModeRule rule is successfully validated
2022-03-02 19:15:22,318 [EventQueue-NodeRegistrationContainerReportForDataNodeSafeModeRule] INFO  safemode.SCMSafeModeManager (SCMSafeModeManager.java:completePreCheck(233)) - All SCM safe mode pre check rules have passed
2022-03-02 19:15:22,318 [EventQueue-NodeRegistrationContainerReportForDataNodeSafeModeRule] WARN  events.EventQueue (EventQueue.java:fireEvent(194)) - No event handler registered for event TypedEvent{payloadType=SafeModeStatus, name='Safe mode status'}
2022-03-02 19:15:22,318 [EventQueue-NodeRegistrationContainerReportForDataNodeSafeModeRule] INFO  ha.SCMContext (SCMContext.java:updateSafeModeStatus(211)) - Update SafeModeStatus from SafeModeStatus{safeModeStatus=true, preCheckPassed=false} to SafeModeStatus{safeModeStatus=true, preCheckPassed=true}.
2022-03-02 19:15:22,318 [EventQueue-NodeRegistrationContainerReportForDataNodeSafeModeRule] INFO  pipeline.BackgroundPipelineCreator (BackgroundPipelineCreator.java:notifyEventTriggered(279)) - ignore, not leader SCM.
2022-03-02 19:15:22,325 [878dadca-57df-4ab3-9601-92853b413341@group-D5EAFC849FBC-StateMachineUpdater] INFO  pipeline.PipelineStateManagerImpl (PipelineStateManagerImpl.java:addPipeline(101)) - Created pipeline Pipeline[ Id: 2b254719-62e1-45ad-b4c0-465aee61ab4c, Nodes: 8c53a021-9171-485b-b256-839aa3d3ad02{ip: 127.0.0.1, host: localhost, ports: [REPLICATION=46587, RATIS=41201, RATIS_ADMIN=41201, RATIS_SERVER=41201, STANDALONE=42175], networkLocation: /default-rack, certSerialId: null, persistedOpState: IN_SERVICE, persistedOpStateExpiryEpochSec: 0}, ReplicationConfig: RATIS/ONE, State:ALLOCATED, leaderId:, CreationTimestamp2022-03-02T19:15:22.307Z[Etc/UTC]].
2022-03-02 19:15:22,325 [878dadca-57df-4ab3-9601-92853b413341@group-D5EAFC849FBC-StateMachineUpdater] INFO  safemode.HealthyPipelineSafeModeRule (HealthyPipelineSafeModeRule.java:initializeRule(152)) - Refreshed total pipeline count is 0, healthy pipeline threshold count is 1
2022-03-02 19:15:22,326 [RatisPipelineUtilsThread - 0] INFO  pipeline.RatisPipelineProvider (RatisPipelineProvider.java:lambda$create$0(183)) - Sending CreatePipelineCommand for pipeline:PipelineID=a887aa1b-d7f9-49e5-8fba-70dc78c75e08 to datanode:8c53a021-9171-485b-b256-839aa3d3ad02
2022-03-02 19:15:22,326 [RatisPipelineUtilsThread - 0] INFO  pipeline.RatisPipelineProvider (RatisPipelineProvider.java:lambda$create$0(183)) - Sending CreatePipelineCommand for pipeline:PipelineID=a887aa1b-d7f9-49e5-8fba-70dc78c75e08 to datanode:730712bf-dc51-4bd6-9c9f-e27f92c302bd
2022-03-02 19:15:22,326 [RatisPipelineUtilsThread - 0] INFO  pipeline.RatisPipelineProvider (RatisPipelineProvider.java:lambda$create$0(183)) - Sending CreatePipelineCommand for pipeline:PipelineID=a887aa1b-d7f9-49e5-8fba-70dc78c75e08 to datanode:6a96ca8f-dca1-45f9-908e-cf69810dcb0d
2022-03-02 19:15:22,328 [49081caa-6924-42d1-b762-c940ad9f7c50@group-D5EAFC849FBC-StateMachineUpdater] INFO  pipeline.PipelineStateManagerImpl (PipelineStateManagerImpl.java:addPipeline(101)) - Created pipeline Pipeline[ Id: 2b254719-62e1-45ad-b4c0-465aee61ab4c, Nodes: 8c53a021-9171-485b-b256-839aa3d3ad02{ip: 127.0.0.1, host: localhost, ports: [REPLICATION=46587, RATIS=41201, RATIS_ADMIN=41201, RATIS_SERVER=41201, STANDALONE=42175], networkLocation: /default-rack, certSerialId: null, persistedOpState: IN_SERVICE, persistedOpStateExpiryEpochSec: 0}, ReplicationConfig: RATIS/ONE, State:ALLOCATED, leaderId:, CreationTimestamp2022-03-02T19:15:22.307Z[Etc/UTC]].
2022-03-02 19:15:22,328 [49081caa-6924-42d1-b762-c940ad9f7c50@group-D5EAFC849FBC-StateMachineUpdater] INFO  safemode.HealthyPipelineSafeModeRule (HealthyPipelineSafeModeRule.java:initializeRule(152)) - Refreshed total pipeline count is 0, healthy pipeline threshold count is 1
2022-03-02 19:15:22,334 [878dadca-57df-4ab3-9601-92853b413341@group-D5EAFC849FBC-StateMachineUpdater] INFO  pipeline.PipelineStateManagerImpl (PipelineStateManagerImpl.java:addPipeline(101)) - Created pipeline Pipeline[ Id: a887aa1b-d7f9-49e5-8fba-70dc78c75e08, Nodes: 8c53a021-9171-485b-b256-839aa3d3ad02{ip: 127.0.0.1, host: localhost, ports: [REPLICATION=46587, RATIS=41201, RATIS_ADMIN=41201, RATIS_SERVER=41201, STANDALONE=42175], networkLocation: /default-rack, certSerialId: null, persistedOpState: IN_SERVICE, persistedOpStateExpiryEpochSec: 0}730712bf-dc51-4bd6-9c9f-e27f92c302bd{ip: 127.0.0.1, host: localhost, ports: [REPLICATION=39623, RATIS=43177, RATIS_ADMIN=43177, RATIS_SERVER=43177, STANDALONE=43311], networkLocation: /default-rack, certSerialId: null, persistedOpState: IN_SERVICE, persistedOpStateExpiryEpochSec: 0}6a96ca8f-dca1-45f9-908e-cf69810dcb0d{ip: 127.0.0.1, host: localhost, ports: [REPLICATION=42861, RATIS=38231, RATIS_ADMIN=38231, RATIS_SERVER=38231, STANDALONE=32959], networkLocation: /default-rack, certSerialId: null, persistedOpState: IN_SERVICE, persistedOpStateExpiryEpochSec: 0}, ReplicationConfig: RATIS/THREE, State:ALLOCATED, leaderId:, CreationTimestamp2022-03-02T19:15:22.326Z[Etc/UTC]].
2022-03-02 19:15:22,335 [878dadca-57df-4ab3-9601-92853b413341@group-D5EAFC849FBC-StateMachineUpdater] INFO  safemode.HealthyPipelineSafeModeRule (HealthyPipelineSafeModeRule.java:initializeRule(152)) - Refreshed total pipeline count is 0, healthy pipeline threshold count is 1
2022-03-02 19:15:22,336 [RatisPipelineUtilsThread - 0] INFO  pipeline.RatisPipelineProvider (RatisPipelineProvider.java:lambda$create$0(183)) - Sending CreatePipelineCommand for pipeline:PipelineID=7089e741-4694-468f-a784-3b75440a2579 to datanode:730712bf-dc51-4bd6-9c9f-e27f92c302bd
2022-03-02 19:15:22,336 [RatisPipelineUtilsThread - 0] INFO  pipeline.RatisPipelineProvider (RatisPipelineProvider.java:lambda$create$0(183)) - Sending CreatePipelineCommand for pipeline:PipelineID=7089e741-4694-468f-a784-3b75440a2579 to datanode:6a96ca8f-dca1-45f9-908e-cf69810dcb0d
2022-03-02 19:15:22,336 [RatisPipelineUtilsThread - 0] INFO  pipeline.RatisPipelineProvider (RatisPipelineProvider.java:lambda$create$0(183)) - Sending CreatePipelineCommand for pipeline:PipelineID=7089e741-4694-468f-a784-3b75440a2579 to datanode:8c53a021-9171-485b-b256-839aa3d3ad02
2022-03-02 19:15:22,344 [49081caa-6924-42d1-b762-c940ad9f7c50@group-D5EAFC849FBC-StateMachineUpdater] INFO  pipeline.PipelineStateManagerImpl (PipelineStateManagerImpl.java:addPipeline(101)) - Created pipeline Pipeline[ Id: a887aa1b-d7f9-49e5-8fba-70dc78c75e08, Nodes: 8c53a021-9171-485b-b256-839aa3d3ad02{ip: 127.0.0.1, host: localhost, ports: [REPLICATION=46587, RATIS=41201, RATIS_ADMIN=41201, RATIS_SERVER=41201, STANDALONE=42175], networkLocation: /default-rack, certSerialId: null, persistedOpState: IN_SERVICE, persistedOpStateExpiryEpochSec: 0}730712bf-dc51-4bd6-9c9f-e27f92c302bd{ip: 127.0.0.1, host: localhost, ports: [REPLICATION=39623, RATIS=43177, RATIS_ADMIN=43177, RATIS_SERVER=43177, STANDALONE=43311], networkLocation: /default-rack, certSerialId: null, persistedOpState: IN_SERVICE, persistedOpStateExpiryEpochSec: 0}6a96ca8f-dca1-45f9-908e-cf69810dcb0d{ip: 127.0.0.1, host: localhost, ports: [REPLICATION=42861, RATIS=38231, RATIS_ADMIN=38231, RATIS_SERVER=38231, STANDALONE=32959], networkLocation: /default-rack, certSerialId: null, persistedOpState: IN_SERVICE, persistedOpStateExpiryEpochSec: 0}, ReplicationConfig: RATIS/THREE, State:ALLOCATED, leaderId:, CreationTimestamp2022-03-02T19:15:22.326Z[Etc/UTC]].
2022-03-02 19:15:22,344 [49081caa-6924-42d1-b762-c940ad9f7c50@group-D5EAFC849FBC-StateMachineUpdater] INFO  safemode.HealthyPipelineSafeModeRule (HealthyPipelineSafeModeRule.java:initializeRule(152)) - Refreshed total pipeline count is 0, healthy pipeline threshold count is 1
2022-03-02 19:15:22,344 [49081caa-6924-42d1-b762-c940ad9f7c50@group-D5EAFC849FBC-StateMachineUpdater] INFO  ha.SCMStateMachine (SCMStateMachine.java:takeSnapshot(297)) - Current Snapshot Index 13, takeSnapshot took 0 ms
2022-03-02 19:15:22,344 [49081caa-6924-42d1-b762-c940ad9f7c50@group-D5EAFC849FBC-StateMachineUpdater] INFO  impl.StateMachineUpdater (StateMachineUpdater.java:takeSnapshot(281)) - 49081caa-6924-42d1-b762-c940ad9f7c50@group-D5EAFC849FBC-StateMachineUpdater: Took a snapshot at index 13
2022-03-02 19:15:22,344 [49081caa-6924-42d1-b762-c940ad9f7c50@group-D5EAFC849FBC-StateMachineUpdater] INFO  impl.StateMachineUpdater (StateMachineUpdater.java:lambda$new$0(89)) - 49081caa-6924-42d1-b762-c940ad9f7c50@group-D5EAFC849FBC-StateMachineUpdater: snapshotIndex: updateIncreasingly 7 -> 13
2022-03-02 19:15:22,344 [49081caa-6924-42d1-b762-c940ad9f7c50@group-D5EAFC849FBC-StateMachineUpdater] INFO  raftlog.RaftLog (RaftLogBase.java:purge(306)) - 49081caa-6924-42d1-b762-c940ad9f7c50@group-D5EAFC849FBC-SegmentedRaftLog: purge 13
2022-03-02 19:15:22,344 [49081caa-6924-42d1-b762-c940ad9f7c50@group-D5EAFC849FBC-StateMachineUpdater] INFO  raftlog.RaftLog (RaftLogBase.java:lambda$new$0(53)) - 49081caa-6924-42d1-b762-c940ad9f7c50@group-D5EAFC849FBC-SegmentedRaftLog: snapshotIndex: updateIncreasingly 7 -> 13
2022-03-02 19:15:22,345 [49081caa-6924-42d1-b762-c940ad9f7c50@group-D5EAFC849FBC-StateMachineUpdater] INFO  raftlog.RaftLog (RaftLogBase.java:lambda$new$0(53)) - 49081caa-6924-42d1-b762-c940ad9f7c50@group-D5EAFC849FBC-SegmentedRaftLog: purgeIndex: updateToMax old=7, new=13, updated? true
2022-03-02 19:15:22,346 [878dadca-57df-4ab3-9601-92853b413341@group-D5EAFC849FBC-StateMachineUpdater] INFO  pipeline.PipelineStateManagerImpl (PipelineStateManagerImpl.java:addPipeline(101)) - Created pipeline Pipeline[ Id: 7089e741-4694-468f-a784-3b75440a2579, Nodes: 730712bf-dc51-4bd6-9c9f-e27f92c302bd{ip: 127.0.0.1, host: localhost, ports: [REPLICATION=39623, RATIS=43177, RATIS_ADMIN=43177, RATIS_SERVER=43177, STANDALONE=43311], networkLocation: /default-rack, certSerialId: null, persistedOpState: IN_SERVICE, persistedOpStateExpiryEpochSec: 0}6a96ca8f-dca1-45f9-908e-cf69810dcb0d{ip: 127.0.0.1, host: localhost, ports: [REPLICATION=42861, RATIS=38231, RATIS_ADMIN=38231, RATIS_SERVER=38231, STANDALONE=32959], networkLocation: /default-rack, certSerialId: null, persistedOpState: IN_SERVICE, persistedOpStateExpiryEpochSec: 0}8c53a021-9171-485b-b256-839aa3d3ad02{ip: 127.0.0.1, host: localhost, ports: [REPLICATION=46587, RATIS=41201, RATIS_ADMIN=41201, RATIS_SERVER=41201, STANDALONE=42175], networkLocation: /default-rack, certSerialId: null, persistedOpState: IN_SERVICE, persistedOpStateExpiryEpochSec: 0}, ReplicationConfig: RATIS/THREE, State:ALLOCATED, leaderId:, CreationTimestamp2022-03-02T19:15:22.336Z[Etc/UTC]].
2022-03-02 19:15:22,346 [878dadca-57df-4ab3-9601-92853b413341@group-D5EAFC849FBC-StateMachineUpdater] INFO  safemode.HealthyPipelineSafeModeRule (HealthyPipelineSafeModeRule.java:initializeRule(152)) - Refreshed total pipeline count is 0, healthy pipeline threshold count is 1
2022-03-02 19:15:22,346 [878dadca-57df-4ab3-9601-92853b413341@group-D5EAFC849FBC-StateMachineUpdater] INFO  ha.SCMStateMachine (SCMStateMachine.java:takeSnapshot(297)) - Current Snapshot Index 15, takeSnapshot took 0 ms
2022-03-02 19:15:22,346 [878dadca-57df-4ab3-9601-92853b413341@group-D5EAFC849FBC-StateMachineUpdater] INFO  impl.StateMachineUpdater (StateMachineUpdater.java:takeSnapshot(281)) - 878dadca-57df-4ab3-9601-92853b413341@group-D5EAFC849FBC-StateMachineUpdater: Took a snapshot at index 15
2022-03-02 19:15:22,346 [RatisPipelineUtilsThread - 0] INFO  pipeline.PipelineManagerImpl (PipelineManagerImpl.java:recordMetricsForPipeline(639)) - Pipeline: PipelineID=7089e741-4694-468f-a784-3b75440a2579 contains same datanodes as previous pipelines: PipelineID=a887aa1b-d7f9-49e5-8fba-70dc78c75e08 nodeIds: 730712bf-dc51-4bd6-9c9f-e27f92c302bd, 6a96ca8f-dca1-45f9-908e-cf69810dcb0d, 8c53a021-9171-485b-b256-839aa3d3ad02
2022-03-02 19:15:22,346 [878dadca-57df-4ab3-9601-92853b413341@group-D5EAFC849FBC-StateMachineUpdater] INFO  impl.StateMachineUpdater (StateMachineUpdater.java:lambda$new$0(89)) - 878dadca-57df-4ab3-9601-92853b413341@group-D5EAFC849FBC-StateMachineUpdater: snapshotIndex: updateIncreasingly 10 -> 15
2022-03-02 19:15:22,348 [878dadca-57df-4ab3-9601-92853b413341@group-D5EAFC849FBC-StateMachineUpdater] INFO  raftlog.RaftLog (RaftLogBase.java:purge(306)) - 878dadca-57df-4ab3-9601-92853b413341@group-D5EAFC849FBC-SegmentedRaftLog: purge 15
2022-03-02 19:15:22,348 [878dadca-57df-4ab3-9601-92853b413341@group-D5EAFC849FBC-StateMachineUpdater] INFO  raftlog.RaftLog (RaftLogBase.java:lambda$new$0(53)) - 878dadca-57df-4ab3-9601-92853b413341@group-D5EAFC849FBC-SegmentedRaftLog: snapshotIndex: updateIncreasingly 10 -> 15
2022-03-02 19:15:22,348 [878dadca-57df-4ab3-9601-92853b413341@group-D5EAFC849FBC-StateMachineUpdater] INFO  raftlog.RaftLog (RaftLogBase.java:lambda$new$0(53)) - 878dadca-57df-4ab3-9601-92853b413341@group-D5EAFC849FBC-SegmentedRaftLog: purgeIndex: updateToMax old=10, new=15, updated? true
2022-03-02 19:15:22,349 [49081caa-6924-42d1-b762-c940ad9f7c50@group-D5EAFC849FBC-StateMachineUpdater] INFO  pipeline.PipelineStateManagerImpl (PipelineStateManagerImpl.java:addPipeline(101)) - Created pipeline Pipeline[ Id: 7089e741-4694-468f-a784-3b75440a2579, Nodes: 730712bf-dc51-4bd6-9c9f-e27f92c302bd{ip: 127.0.0.1, host: localhost, ports: [REPLICATION=39623, RATIS=43177, RATIS_ADMIN=43177, RATIS_SERVER=43177, STANDALONE=43311], networkLocation: /default-rack, certSerialId: null, persistedOpState: IN_SERVICE, persistedOpStateExpiryEpochSec: 0}6a96ca8f-dca1-45f9-908e-cf69810dcb0d{ip: 127.0.0.1, host: localhost, ports: [REPLICATION=42861, RATIS=38231, RATIS_ADMIN=38231, RATIS_SERVER=38231, STANDALONE=32959], networkLocation: /default-rack, certSerialId: null, persistedOpState: IN_SERVICE, persistedOpStateExpiryEpochSec: 0}8c53a021-9171-485b-b256-839aa3d3ad02{ip: 127.0.0.1, host: localhost, ports: [REPLICATION=46587, RATIS=41201, RATIS_ADMIN=41201, RATIS_SERVER=41201, STANDALONE=42175], networkLocation: /default-rack, certSerialId: null, persistedOpState: IN_SERVICE, persistedOpStateExpiryEpochSec: 0}, ReplicationConfig: RATIS/THREE, State:ALLOCATED, leaderId:, CreationTimestamp2022-03-02T19:15:22.336Z[Etc/UTC]].
2022-03-02 19:15:22,349 [49081caa-6924-42d1-b762-c940ad9f7c50@group-D5EAFC849FBC-StateMachineUpdater] INFO  safemode.HealthyPipelineSafeModeRule (HealthyPipelineSafeModeRule.java:initializeRule(152)) - Refreshed total pipeline count is 0, healthy pipeline threshold count is 1
2022-03-02 19:15:22,858 [EndpointStateMachine task thread for /127.0.0.1:45835 - 0 ] INFO  ipc.Client (Client.java:handleConnectionFailure(977)) - Retrying connect to server: localhost/127.0.0.1:45835. Already tried 0 time(s); retry policy is RetryUpToMaximumCountWithFixedSleep(maxRetries=15, sleepTime=1000 MILLISECONDS)
2022-03-02 19:15:22,860 [EndpointStateMachine task thread for /127.0.0.1:44351 - 0 ] INFO  ipc.Client (Client.java:handleConnectionFailure(977)) - Retrying connect to server: localhost/127.0.0.1:44351. Already tried 0 time(s); retry policy is RetryUpToMaximumCountWithFixedSleep(maxRetries=15, sleepTime=1000 MILLISECONDS)
2022-03-02 19:15:22,861 [EndpointStateMachine task thread for /127.0.0.1:34023 - 0 ] INFO  ipc.Client (Client.java:handleConnectionFailure(977)) - Retrying connect to server: localhost/127.0.0.1:34023. Already tried 0 time(s); retry policy is RetryUpToMaximumCountWithFixedSleep(maxRetries=15, sleepTime=1000 MILLISECONDS)
2022-03-02 19:15:23,261 [Listener at 127.0.0.1/37389] INFO  ozone.MiniOzoneClusterImpl (MiniOzoneClusterImpl.java:lambda$waitForClusterToBeReady$0(219)) - Nodes are ready. Got 3 of 3 DN Heartbeats.
2022-03-02 19:15:23,261 [Listener at 127.0.0.1/37389] INFO  ozone.MiniOzoneClusterImpl (MiniOzoneClusterImpl.java:lambda$waitForClusterToBeReady$0(222)) - Waiting for cluster to exit safe mode
2022-03-02 19:15:23,261 [Listener at 127.0.0.1/37389] INFO  ozone.MiniOzoneClusterImpl (MiniOzoneClusterImpl.java:lambda$waitForClusterToBeReady$0(224)) - SCM became leader
2022-03-02 19:15:23,392 [Datanode State Machine Daemon Thread] ERROR datanode.RunningDatanodeState (RunningDatanodeState.java:computeNextContainerState(201)) - Error in executing end point task.
java.util.concurrent.ExecutionException: java.util.concurrent.TimeoutException
	at java.util.concurrent.FutureTask.report(FutureTask.java:122)
	at java.util.concurrent.FutureTask.get(FutureTask.java:192)
	at org.apache.hadoop.ozone.container.common.states.datanode.RunningDatanodeState.computeNextContainerState(RunningDatanodeState.java:193)
	at org.apache.hadoop.ozone.container.common.states.datanode.RunningDatanodeState.await(RunningDatanodeState.java:233)
	at org.apache.hadoop.ozone.container.common.states.datanode.RunningDatanodeState.await(RunningDatanodeState.java:50)
	at org.apache.hadoop.ozone.container.common.statemachine.StateContext.execute(StateContext.java:658)
	at org.apache.hadoop.ozone.container.common.statemachine.DatanodeStateMachine.startStateMachineThread(DatanodeStateMachine.java:283)
	at org.apache.hadoop.ozone.container.common.statemachine.DatanodeStateMachine.lambda$startDaemon$0(DatanodeStateMachine.java:471)
	at java.lang.Thread.run(Thread.java:750)
Caused by: java.util.concurrent.TimeoutException
	at java.util.concurrent.FutureTask.get(FutureTask.java:205)
	at org.apache.hadoop.ozone.container.common.states.datanode.RunningDatanodeState.lambda$execute$0(RunningDatanodeState.java:151)
	at java.util.concurrent.FutureTask.run(FutureTask.java:266)
	at java.util.concurrent.Executors$RunnableAdapter.call(Executors.java:511)
	at java.util.concurrent.FutureTask.run(FutureTask.java:266)
	at java.util.concurrent.ThreadPoolExecutor.runWorker(ThreadPoolExecutor.java:1149)
	at java.util.concurrent.ThreadPoolExecutor$Worker.run(ThreadPoolExecutor.java:624)
	... 1 more
2022-03-02 19:15:23,859 [EndpointStateMachine task thread for /127.0.0.1:45835 - 0 ] INFO  ipc.Client (Client.java:handleConnectionFailure(977)) - Retrying connect to server: localhost/127.0.0.1:45835. Already tried 1 time(s); retry policy is RetryUpToMaximumCountWithFixedSleep(maxRetries=15, sleepTime=1000 MILLISECONDS)
2022-03-02 19:15:23,861 [EndpointStateMachine task thread for /127.0.0.1:44351 - 0 ] INFO  ipc.Client (Client.java:handleConnectionFailure(977)) - Retrying connect to server: localhost/127.0.0.1:44351. Already tried 1 time(s); retry policy is RetryUpToMaximumCountWithFixedSleep(maxRetries=15, sleepTime=1000 MILLISECONDS)
2022-03-02 19:15:23,862 [EndpointStateMachine task thread for /127.0.0.1:34023 - 0 ] INFO  ipc.Client (Client.java:handleConnectionFailure(977)) - Retrying connect to server: localhost/127.0.0.1:34023. Already tried 1 time(s); retry policy is RetryUpToMaximumCountWithFixedSleep(maxRetries=15, sleepTime=1000 MILLISECONDS)
2022-03-02 19:15:23,864 [Datanode State Machine Daemon Thread] ERROR datanode.RunningDatanodeState (RunningDatanodeState.java:computeNextContainerState(201)) - Error in executing end point task.
java.util.concurrent.ExecutionException: java.util.concurrent.TimeoutException
	at java.util.concurrent.FutureTask.report(FutureTask.java:122)
	at java.util.concurrent.FutureTask.get(FutureTask.java:192)
	at org.apache.hadoop.ozone.container.common.states.datanode.RunningDatanodeState.computeNextContainerState(RunningDatanodeState.java:193)
	at org.apache.hadoop.ozone.container.common.states.datanode.RunningDatanodeState.await(RunningDatanodeState.java:233)
	at org.apache.hadoop.ozone.container.common.states.datanode.RunningDatanodeState.await(RunningDatanodeState.java:50)
	at org.apache.hadoop.ozone.container.common.statemachine.StateContext.execute(StateContext.java:658)
	at org.apache.hadoop.ozone.container.common.statemachine.DatanodeStateMachine.startStateMachineThread(DatanodeStateMachine.java:283)
	at org.apache.hadoop.ozone.container.common.statemachine.DatanodeStateMachine.lambda$startDaemon$0(DatanodeStateMachine.java:471)
	at java.lang.Thread.run(Thread.java:750)
Caused by: java.util.concurrent.TimeoutException
	at java.util.concurrent.FutureTask.get(FutureTask.java:205)
	at org.apache.hadoop.ozone.container.common.states.datanode.RunningDatanodeState.lambda$execute$0(RunningDatanodeState.java:151)
	at java.util.concurrent.FutureTask.run(FutureTask.java:266)
	at java.util.concurrent.Executors$RunnableAdapter.call(Executors.java:511)
	at java.util.concurrent.FutureTask.run(FutureTask.java:266)
	at java.util.concurrent.ThreadPoolExecutor.runWorker(ThreadPoolExecutor.java:1149)
	at java.util.concurrent.ThreadPoolExecutor$Worker.run(ThreadPoolExecutor.java:624)
	... 1 more
2022-03-02 19:15:24,262 [Listener at 127.0.0.1/37389] INFO  ozone.MiniOzoneClusterImpl (MiniOzoneClusterImpl.java:lambda$waitForClusterToBeReady$0(219)) - Nodes are ready. Got 3 of 3 DN Heartbeats.
2022-03-02 19:15:24,262 [Listener at 127.0.0.1/37389] INFO  ozone.MiniOzoneClusterImpl (MiniOzoneClusterImpl.java:lambda$waitForClusterToBeReady$0(222)) - Waiting for cluster to exit safe mode
2022-03-02 19:15:24,262 [Listener at 127.0.0.1/37389] INFO  ozone.MiniOzoneClusterImpl (MiniOzoneClusterImpl.java:lambda$waitForClusterToBeReady$0(224)) - SCM became leader
2022-03-02 19:15:24,406 [Command processor thread] INFO  server.RaftServer (RaftServerProxy.java:addNew(95)) - 730712bf-dc51-4bd6-9c9f-e27f92c302bd: addNew group-07251DCED2C8:[730712bf-dc51-4bd6-9c9f-e27f92c302bd|rpc:127.0.0.1:43177|priority:1] returns group-07251DCED2C8:java.util.concurrent.CompletableFuture@1c1c702b[Not completed]
2022-03-02 19:15:24,413 [pool-361-thread-1] INFO  server.RaftServer$Division (RaftServerImpl.java:<init>(184)) - 730712bf-dc51-4bd6-9c9f-e27f92c302bd: new RaftServerImpl for group-07251DCED2C8:[730712bf-dc51-4bd6-9c9f-e27f92c302bd|rpc:127.0.0.1:43177|priority:1] with ContainerStateMachine:uninitialized
2022-03-02 19:15:24,420 [pool-361-thread-1] INFO  server.RaftServerConfigKeys (ConfUtils.java:logGet(44)) - raft.server.rpc.timeout.min = 5s (custom)
2022-03-02 19:15:24,420 [pool-361-thread-1] INFO  server.RaftServerConfigKeys (ConfUtils.java:logGet(44)) - raft.server.rpc.timeout.max = 5200ms (custom)
2022-03-02 19:15:24,420 [pool-361-thread-1] INFO  server.RaftServerConfigKeys (ConfUtils.java:logGet(44)) - raft.server.rpc.sleep.time = 25ms (default)
2022-03-02 19:15:24,420 [pool-361-thread-1] INFO  server.RaftServerConfigKeys (ConfUtils.java:logGet(44)) - raft.server.rpc.slowness.timeout = 300s (custom)
2022-03-02 19:15:24,420 [pool-361-thread-1] INFO  server.RaftServerConfigKeys (ConfUtils.java:logGet(44)) - raft.server.leaderelection.leader.step-down.wait-time = 10s (default)
2022-03-02 19:15:24,420 [pool-361-thread-1] INFO  server.RaftServerConfigKeys (ConfUtils.java:logGet(44)) - raft.server.sleep.deviation.threshold = 300ms (default)
2022-03-02 19:15:24,420 [pool-361-thread-1] INFO  server.RaftServerConfigKeys (ConfUtils.java:logGet(44)) - raft.server.log.appender.install.snapshot.enabled = false (custom)
2022-03-02 19:15:24,420 [pool-361-thread-1] INFO  server.RaftServer$Division (ServerState.java:<init>(105)) - 730712bf-dc51-4bd6-9c9f-e27f92c302bd@group-07251DCED2C8: ConfigurationManager, init=-1: [730712bf-dc51-4bd6-9c9f-e27f92c302bd|rpc:127.0.0.1:43177|priority:1], old=null, confs=<EMPTY_MAP>
2022-03-02 19:15:24,420 [pool-361-thread-1] INFO  server.RaftServerConfigKeys (ConfUtils.java:logGet(44)) - raft.server.storage.dir = [/home/runner/work/ozone/ozone/hadoop-ozone/integration-test/target/test-dir/MiniOzoneClusterImpl-403ad05d-12dd-4695-ad1e-d5eafc849fbc/datanode-0/data/ratis] (custom)
2022-03-02 19:15:24,421 [pool-361-thread-1] INFO  server.RaftServerConfigKeys (ConfUtils.java:logGet(44)) - raft.server.log.corruption.policy = EXCEPTION (default)
2022-03-02 19:15:24,421 [pool-361-thread-1] INFO  server.RaftServerConfigKeys (ConfUtils.java:logGet(44)) - raft.server.storage.free-space.min = 0MB (=0) (default)
2022-03-02 19:15:24,421 [pool-361-thread-1] INFO  storage.RaftStorageDirectory (RaftStorageDirectoryImpl.java:analyzeStorage(135)) - The storage directory /home/runner/work/ozone/ozone/hadoop-ozone/integration-test/target/test-dir/MiniOzoneClusterImpl-403ad05d-12dd-4695-ad1e-d5eafc849fbc/datanode-0/data/ratis/72970e59-4cd8-45f1-9d27-07251dced2c8 does not exist. Creating ...
2022-03-02 19:15:24,423 [pool-361-thread-1] INFO  storage.RaftStorageDirectory (RaftStorageDirectoryImpl.java:tryLock(230)) - Lock on /home/runner/work/ozone/ozone/hadoop-ozone/integration-test/target/test-dir/MiniOzoneClusterImpl-403ad05d-12dd-4695-ad1e-d5eafc849fbc/datanode-0/data/ratis/72970e59-4cd8-45f1-9d27-07251dced2c8/in_use.lock acquired by nodename 6445@fv-az396-267
2022-03-02 19:15:24,424 [pool-361-thread-1] INFO  storage.RaftStorage (RaftStorageImpl.java:format(89)) - Storage directory /home/runner/work/ozone/ozone/hadoop-ozone/integration-test/target/test-dir/MiniOzoneClusterImpl-403ad05d-12dd-4695-ad1e-d5eafc849fbc/datanode-0/data/ratis/72970e59-4cd8-45f1-9d27-07251dced2c8 has been successfully formatted.
2022-03-02 19:15:24,424 [pool-361-thread-1] INFO  ratis.ContainerStateMachine (ContainerStateMachine.java:loadSnapshot(236)) - group-07251DCED2C8: The snapshot info is null. Setting the last applied indexto:(t:0, i:~)
2022-03-02 19:15:24,425 [pool-361-thread-1] INFO  server.RaftServerConfigKeys (ConfUtils.java:logGet(44)) - raft.server.notification.no-leader.timeout = 300s (custom)
2022-03-02 19:15:24,425 [pool-361-thread-1] INFO  server.RaftServerConfigKeys (ConfUtils.java:logGet(44)) - raft.server.log.use.memory = false (default)
2022-03-02 19:15:24,425 [pool-361-thread-1] INFO  server.RaftServerConfigKeys (ConfUtils.java:logGet(44)) - raft.server.log.purge.gap = 1000000 (custom)
2022-03-02 19:15:24,425 [pool-361-thread-1] INFO  server.RaftServerConfigKeys (ConfUtils.java:logGet(44)) - raft.server.log.appender.buffer.byte-limit = 33554432 (custom)
2022-03-02 19:15:24,425 [pool-361-thread-1] INFO  server.RaftServerConfigKeys (ConfUtils.java:logGet(44)) - raft.server.log.segment.size.max = 1048576 (custom)
2022-03-02 19:15:24,426 [pool-361-thread-1] INFO  server.RaftServerConfigKeys (ConfUtils.java:logGet(44)) - raft.server.log.segment.cache.num.max = 2 (custom)
2022-03-02 19:15:24,426 [pool-361-thread-1] INFO  server.RaftServerConfigKeys (ConfUtils.java:logGet(44)) - raft.server.log.segment.cache.size.max = 200MB (=209715200) (default)
2022-03-02 19:15:24,426 [pool-361-thread-1] INFO  segmented.SegmentedRaftLogWorker (SegmentedRaftLogWorker.java:<init>(182)) - new 730712bf-dc51-4bd6-9c9f-e27f92c302bd@group-07251DCED2C8-SegmentedRaftLogWorker for RaftStorageImpl:Storage Directory /home/runner/work/ozone/ozone/hadoop-ozone/integration-test/target/test-dir/MiniOzoneClusterImpl-403ad05d-12dd-4695-ad1e-d5eafc849fbc/datanode-0/data/ratis/72970e59-4cd8-45f1-9d27-07251dced2c8
2022-03-02 19:15:24,426 [pool-361-thread-1] INFO  server.RaftServerConfigKeys (ConfUtils.java:logGet(44)) - raft.server.log.queue.byte-limit = 4294967296 (custom)
2022-03-02 19:15:24,426 [pool-361-thread-1] INFO  server.RaftServerConfigKeys (ConfUtils.java:logGet(44)) - raft.server.log.queue.element-limit = 1024 (custom)
2022-03-02 19:15:24,426 [pool-361-thread-1] INFO  server.RaftServerConfigKeys (ConfUtils.java:logGet(44)) - raft.server.log.segment.size.max = 1048576 (custom)
2022-03-02 19:15:24,426 [pool-361-thread-1] INFO  server.RaftServerConfigKeys (ConfUtils.java:logGet(44)) - raft.server.log.preallocated.size = 16384 (custom)
2022-03-02 19:15:24,426 [pool-361-thread-1] INFO  server.RaftServerConfigKeys (ConfUtils.java:logGet(44)) - raft.server.log.force.sync.num = 128 (default)
2022-03-02 19:15:24,426 [pool-361-thread-1] INFO  server.RaftServerConfigKeys (ConfUtils.java:logGet(44)) - raft.server.log.statemachine.data.sync = true (default)
2022-03-02 19:15:24,426 [pool-361-thread-1] INFO  server.RaftServerConfigKeys (ConfUtils.java:logGet(44)) - raft.server.log.statemachine.data.sync.timeout = 10s (default)
2022-03-02 19:15:24,426 [pool-361-thread-1] INFO  server.RaftServerConfigKeys (ConfUtils.java:logGet(44)) - raft.server.log.statemachine.data.sync.timeout.retry = -1 (default)
2022-03-02 19:15:24,427 [EndpointStateMachine task thread for /127.0.0.1:41985 - 0 ] WARN  statemachine.EndpointStateMachine (EndpointStateMachine.java:logIfNeeded(236)) - Unable to communicate to SCM server at localhost:41985 for past 0 seconds.
java.net.SocketTimeoutException: Call From fv-az396-267/10.1.0.35 to localhost:41985 failed on socket timeout exception: java.net.SocketTimeoutException: 5000 millis timeout while waiting for channel to be ready for read. ch : java.nio.channels.SocketChannel[connected local=/127.0.0.1:41786 remote=/127.0.0.1:41985]; For more details see:  http://wiki.apache.org/hadoop/SocketTimeout
	at sun.reflect.NativeConstructorAccessorImpl.newInstance0(Native Method)
	at sun.reflect.NativeConstructorAccessorImpl.newInstance(NativeConstructorAccessorImpl.java:62)
	at sun.reflect.DelegatingConstructorAccessorImpl.newInstance(DelegatingConstructorAccessorImpl.java:45)
	at java.lang.reflect.Constructor.newInstance(Constructor.java:423)
	at org.apache.hadoop.net.NetUtils.wrapWithMessage(NetUtils.java:913)
	at org.apache.hadoop.net.NetUtils.wrapException(NetUtils.java:848)
	at org.apache.hadoop.ipc.Client.getRpcResponse(Client.java:1577)
	at org.apache.hadoop.ipc.Client.call(Client.java:1519)
	at org.apache.hadoop.ipc.Client.call(Client.java:1416)
	at org.apache.hadoop.ipc.ProtobufRpcEngine$Invoker.invoke(ProtobufRpcEngine.java:236)
	at org.apache.hadoop.ipc.ProtobufRpcEngine$Invoker.invoke(ProtobufRpcEngine.java:123)
	at com.sun.proxy.$Proxy48.submitRequest(Unknown Source)
	at org.apache.hadoop.ozone.protocolPB.StorageContainerDatanodeProtocolClientSideTranslatorPB.submitRequest(StorageContainerDatanodeProtocolClientSideTranslatorPB.java:117)
	at org.apache.hadoop.ozone.protocolPB.StorageContainerDatanodeProtocolClientSideTranslatorPB.getVersion(StorageContainerDatanodeProtocolClientSideTranslatorPB.java:133)
	at org.apache.hadoop.ozone.container.common.states.endpoint.VersionEndpointTask.call(VersionEndpointTask.java:71)
	at org.apache.hadoop.ozone.container.common.states.endpoint.VersionEndpointTask.call(VersionEndpointTask.java:42)
	at java.util.concurrent.FutureTask.run(FutureTask.java:266)
	at java.util.concurrent.ThreadPoolExecutor.runWorker(ThreadPoolExecutor.java:1149)
	at java.util.concurrent.ThreadPoolExecutor$Worker.run(ThreadPoolExecutor.java:624)
	at java.lang.Thread.run(Thread.java:750)
Caused by: java.net.SocketTimeoutException: 5000 millis timeout while waiting for channel to be ready for read. ch : java.nio.channels.SocketChannel[connected local=/127.0.0.1:41786 remote=/127.0.0.1:41985]
	at org.apache.hadoop.net.SocketIOWithTimeout.doIO(SocketIOWithTimeout.java:164)
	at org.apache.hadoop.net.SocketInputStream.read(SocketInputStream.java:161)
	at org.apache.hadoop.net.SocketInputStream.read(SocketInputStream.java:131)
	at java.io.FilterInputStream.read(FilterInputStream.java:133)
	at java.io.BufferedInputStream.fill(BufferedInputStream.java:246)
	at java.io.BufferedInputStream.read(BufferedInputStream.java:265)
	at java.io.FilterInputStream.read(FilterInputStream.java:83)
	at java.io.FilterInputStream.read(FilterInputStream.java:83)
	at org.apache.hadoop.ipc.Client$Connection$PingInputStream.read(Client.java:563)
	at java.io.DataInputStream.readInt(DataInputStream.java:387)
	at org.apache.hadoop.ipc.Client$IpcStreams.readResponse(Client.java:1892)
	at org.apache.hadoop.ipc.Client$Connection.receiveRpcResponse(Client.java:1202)
	at org.apache.hadoop.ipc.Client$Connection.run(Client.java:1098)
2022-03-02 19:15:24,429 [EventQueue-PipelineReportForPipelineReportHandler] INFO  pipeline.PipelineManagerImpl (PipelineManagerImpl.java:openPipeline(291)) - Pipeline Pipeline[ Id: 72970e59-4cd8-45f1-9d27-07251dced2c8, Nodes: 730712bf-dc51-4bd6-9c9f-e27f92c302bd{ip: 127.0.0.1, host: localhost, ports: [REPLICATION=39623, RATIS=43177, RATIS_ADMIN=43177, RATIS_SERVER=43177, STANDALONE=43311], networkLocation: /default-rack, certSerialId: null, persistedOpState: IN_SERVICE, persistedOpStateExpiryEpochSec: 0}, ReplicationConfig: RATIS/ONE, State:ALLOCATED, leaderId:730712bf-dc51-4bd6-9c9f-e27f92c302bd, CreationTimestamp2022-03-02T19:15:21.399Z[Etc/UTC]] moved to OPEN state
2022-03-02 19:15:24,429 [EventQueue-PipelineReportForPipelineReportHandler] INFO  pipeline.PipelineManagerImpl (PipelineManagerImpl.java:openPipeline(291)) - Pipeline Pipeline[ Id: 72970e59-4cd8-45f1-9d27-07251dced2c8, Nodes: 730712bf-dc51-4bd6-9c9f-e27f92c302bd{ip: 127.0.0.1, host: localhost, ports: [REPLICATION=39623, RATIS=43177, RATIS_ADMIN=43177, RATIS_SERVER=43177, STANDALONE=43311], networkLocation: /default-rack, certSerialId: null, persistedOpState: IN_SERVICE, persistedOpStateExpiryEpochSec: 0}, ReplicationConfig: RATIS/ONE, State:ALLOCATED, leaderId:730712bf-dc51-4bd6-9c9f-e27f92c302bd, CreationTimestamp2022-03-02T19:15:21.399Z[Etc/UTC]] moved to OPEN state
2022-03-02 19:15:24,427 [EndpointStateMachine task thread for /127.0.0.1:41985 - 0 ] WARN  statemachine.EndpointStateMachine (EndpointStateMachine.java:logIfNeeded(236)) - Unable to communicate to SCM server at 127.0.0.1:41985 for past 0 seconds.
java.net.SocketTimeoutException: Call From fv-az396-267/10.1.0.35 to localhost:41985 failed on socket timeout exception: java.net.SocketTimeoutException: 5000 millis timeout while waiting for channel to be ready for read. ch : java.nio.channels.SocketChannel[connected local=/127.0.0.1:41786 remote=/127.0.0.1:41985]; For more details see:  http://wiki.apache.org/hadoop/SocketTimeout
	at sun.reflect.NativeConstructorAccessorImpl.newInstance0(Native Method)
	at sun.reflect.NativeConstructorAccessorImpl.newInstance(NativeConstructorAccessorImpl.java:62)
	at sun.reflect.DelegatingConstructorAccessorImpl.newInstance(DelegatingConstructorAccessorImpl.java:45)
	at java.lang.reflect.Constructor.newInstance(Constructor.java:423)
	at org.apache.hadoop.net.NetUtils.wrapWithMessage(NetUtils.java:913)
	at org.apache.hadoop.net.NetUtils.wrapException(NetUtils.java:848)
	at org.apache.hadoop.ipc.Client.getRpcResponse(Client.java:1577)
	at org.apache.hadoop.ipc.Client.call(Client.java:1519)
	at org.apache.hadoop.ipc.Client.call(Client.java:1416)
	at org.apache.hadoop.ipc.ProtobufRpcEngine$Invoker.invoke(ProtobufRpcEngine.java:236)
	at org.apache.hadoop.ipc.ProtobufRpcEngine$Invoker.invoke(ProtobufRpcEngine.java:123)
	at com.sun.proxy.$Proxy48.submitRequest(Unknown Source)
	at org.apache.hadoop.ozone.protocolPB.StorageContainerDatanodeProtocolClientSideTranslatorPB.submitRequest(StorageContainerDatanodeProtocolClientSideTranslatorPB.java:117)
	at org.apache.hadoop.ozone.protocolPB.StorageContainerDatanodeProtocolClientSideTranslatorPB.getVersion(StorageContainerDatanodeProtocolClientSideTranslatorPB.java:133)
	at org.apache.hadoop.ozone.container.common.states.endpoint.VersionEndpointTask.call(VersionEndpointTask.java:71)
	at org.apache.hadoop.ozone.container.common.states.endpoint.VersionEndpointTask.call(VersionEndpointTask.java:42)
	at java.util.concurrent.FutureTask.run(FutureTask.java:266)
	at java.util.concurrent.ThreadPoolExecutor.runWorker(ThreadPoolExecutor.java:1149)
	at java.util.concurrent.ThreadPoolExecutor$Worker.run(ThreadPoolExecutor.java:624)
	at java.lang.Thread.run(Thread.java:750)
Caused by: java.net.SocketTimeoutException: 5000 millis timeout while waiting for channel to be ready for read. ch : java.nio.channels.SocketChannel[connected local=/127.0.0.1:41786 remote=/127.0.0.1:41985]
	at org.apache.hadoop.net.SocketIOWithTimeout.doIO(SocketIOWithTimeout.java:164)
	at org.apache.hadoop.net.SocketInputStream.read(SocketInputStream.java:161)
	at org.apache.hadoop.net.SocketInputStream.read(SocketInputStream.java:131)
	at java.io.FilterInputStream.read(FilterInputStream.java:133)
	at java.io.BufferedInputStream.fill(BufferedInputStream.java:246)
	at java.io.BufferedInputStream.read(BufferedInputStream.java:265)
	at java.io.FilterInputStream.read(FilterInputStream.java:83)
	at java.io.FilterInputStream.read(FilterInputStream.java:83)
	at org.apache.hadoop.ipc.Client$Connection$PingInputStream.read(Client.java:563)
	at java.io.DataInputStream.readInt(DataInputStream.java:387)
	at org.apache.hadoop.ipc.Client$IpcStreams.readResponse(Client.java:1892)
	at org.apache.hadoop.ipc.Client$Connection.receiveRpcResponse(Client.java:1202)
	at org.apache.hadoop.ipc.Client$Connection.run(Client.java:1098)
2022-03-02 19:15:24,427 [EndpointStateMachine task thread for /127.0.0.1:41985 - 0 ] WARN  statemachine.EndpointStateMachine (EndpointStateMachine.java:logIfNeeded(236)) - Unable to communicate to SCM server at 127.0.0.1:41985 for past 0 seconds.
java.net.SocketTimeoutException: Call From fv-az396-267/10.1.0.35 to localhost:41985 failed on socket timeout exception: java.net.SocketTimeoutException: 5000 millis timeout while waiting for channel to be ready for read. ch : java.nio.channels.SocketChannel[connected local=/127.0.0.1:41786 remote=/127.0.0.1:41985]; For more details see:  http://wiki.apache.org/hadoop/SocketTimeout
	at sun.reflect.NativeConstructorAccessorImpl.newInstance0(Native Method)
	at sun.reflect.NativeConstructorAccessorImpl.newInstance(NativeConstructorAccessorImpl.java:62)
	at sun.reflect.DelegatingConstructorAccessorImpl.newInstance(DelegatingConstructorAccessorImpl.java:45)
	at java.lang.reflect.Constructor.newInstance(Constructor.java:423)
	at org.apache.hadoop.net.NetUtils.wrapWithMessage(NetUtils.java:913)
	at org.apache.hadoop.net.NetUtils.wrapException(NetUtils.java:848)
	at org.apache.hadoop.ipc.Client.getRpcResponse(Client.java:1577)
	at org.apache.hadoop.ipc.Client.call(Client.java:1519)
	at org.apache.hadoop.ipc.Client.call(Client.java:1416)
	at org.apache.hadoop.ipc.ProtobufRpcEngine$Invoker.invoke(ProtobufRpcEngine.java:236)
	at org.apache.hadoop.ipc.ProtobufRpcEngine$Invoker.invoke(ProtobufRpcEngine.java:123)
	at com.sun.proxy.$Proxy48.submitRequest(Unknown Source)
	at org.apache.hadoop.ozone.protocolPB.StorageContainerDatanodeProtocolClientSideTranslatorPB.submitRequest(StorageContainerDatanodeProtocolClientSideTranslatorPB.java:117)
	at org.apache.hadoop.ozone.protocolPB.StorageContainerDatanodeProtocolClientSideTranslatorPB.getVersion(StorageContainerDatanodeProtocolClientSideTranslatorPB.java:133)
	at org.apache.hadoop.ozone.container.common.states.endpoint.VersionEndpointTask.call(VersionEndpointTask.java:71)
	at org.apache.hadoop.ozone.container.common.states.endpoint.VersionEndpointTask.call(VersionEndpointTask.java:42)
	at java.util.concurrent.FutureTask.run(FutureTask.java:266)
	at java.util.concurrent.ThreadPoolExecutor.runWorker(ThreadPoolExecutor.java:1149)
	at java.util.concurrent.ThreadPoolExecutor$Worker.run(ThreadPoolExecutor.java:624)
	at java.lang.Thread.run(Thread.java:750)
Caused by: java.net.SocketTimeoutException: 5000 millis timeout while waiting for channel to be ready for read. ch : java.nio.channels.SocketChannel[connected local=/127.0.0.1:41786 remote=/127.0.0.1:41985]
	at org.apache.hadoop.net.SocketIOWithTimeout.doIO(SocketIOWithTimeout.java:164)
	at org.apache.hadoop.net.SocketInputStream.read(SocketInputStream.java:161)
	at org.apache.hadoop.net.SocketInputStream.read(SocketInputStream.java:131)
	at java.io.FilterInputStream.read(FilterInputStream.java:133)
	at java.io.BufferedInputStream.fill(BufferedInputStream.java:246)
	at java.io.BufferedInputStream.read(BufferedInputStream.java:265)
	at java.io.FilterInputStream.read(FilterInputStream.java:83)
	at java.io.FilterInputStream.read(FilterInputStream.java:83)
	at org.apache.hadoop.ipc.Client$Connection$PingInputStream.read(Client.java:563)
	at java.io.DataInputStream.readInt(DataInputStream.java:387)
	at org.apache.hadoop.ipc.Client$IpcStreams.readResponse(Client.java:1892)
	at org.apache.hadoop.ipc.Client$Connection.receiveRpcResponse(Client.java:1202)
	at org.apache.hadoop.ipc.Client$Connection.run(Client.java:1098)
2022-03-02 19:15:24,439 [pool-361-thread-1] INFO  server.RaftServerConfigKeys (ConfUtils.java:logGet(44)) - raft.server.log.write.buffer.size = 1048576 (custom)
2022-03-02 19:15:24,445 [pool-361-thread-1] INFO  server.RaftServerConfigKeys (ConfUtils.java:logGet(44)) - raft.server.log.statemachine.data.caching.enabled = true (custom)
2022-03-02 19:15:24,445 [pool-361-thread-1] INFO  segmented.SegmentedRaftLogWorker (SegmentedRaftLogWorker.java:lambda$new$0(133)) - 730712bf-dc51-4bd6-9c9f-e27f92c302bd@group-07251DCED2C8-SegmentedRaftLogWorker: flushIndex: setUnconditionally 0 -> -1
2022-03-02 19:15:24,446 [pool-361-thread-1] INFO  segmented.SegmentedRaftLogWorker (SegmentedRaftLogWorker.java:lambda$new$0(133)) - 730712bf-dc51-4bd6-9c9f-e27f92c302bd@group-07251DCED2C8-SegmentedRaftLogWorker: safeCacheEvictIndex: setUnconditionally 0 -> -1
2022-03-02 19:15:24,451 [878dadca-57df-4ab3-9601-92853b413341@group-D5EAFC849FBC-StateMachineUpdater] INFO  safemode.HealthyPipelineSafeModeRule (HealthyPipelineSafeModeRule.java:initializeRule(152)) - Refreshed total pipeline count is 0, healthy pipeline threshold count is 1
2022-03-02 19:15:24,456 [pool-361-thread-1] INFO  server.RaftServerConfigKeys (ConfUtils.java:logGet(44)) - raft.server.snapshot.auto.trigger.enabled = true (custom)
2022-03-02 19:15:24,456 [pool-361-thread-1] INFO  server.RaftServerConfigKeys (ConfUtils.java:logGet(44)) - raft.server.snapshot.auto.trigger.threshold = 10000 (custom)
2022-03-02 19:15:24,456 [pool-361-thread-1] INFO  server.RaftServerConfigKeys (ConfUtils.java:logGet(44)) - raft.server.snapshot.retention.file.num = 5 (custom)
2022-03-02 19:15:24,456 [pool-361-thread-1] INFO  server.RaftServerConfigKeys (ConfUtils.java:logGet(44)) - raft.server.log.purge.upto.snapshot.index = false (default)
2022-03-02 19:15:24,456 [pool-361-thread-1] INFO  server.RaftServerConfigKeys (ConfUtils.java:logGet(44)) - raft.server.retrycache.expirytime = 600000ms (custom)
2022-03-02 19:15:24,456 [pool-361-thread-1] INFO  server.RaftServerConfigKeys (ConfUtils.java:logGet(44)) - raft.server.retrycache.statistics.expirytime = 100μs (default)
2022-03-02 19:15:24,458 [pool-361-thread-1] INFO  server.RaftServer$Division (RaftServerImpl.java:start(301)) - 730712bf-dc51-4bd6-9c9f-e27f92c302bd@group-07251DCED2C8: start as a follower, conf=-1: [730712bf-dc51-4bd6-9c9f-e27f92c302bd|rpc:127.0.0.1:43177|priority:1], old=null
2022-03-02 19:15:24,458 [pool-361-thread-1] INFO  server.RaftServer$Division (RaftServerImpl.java:setRole(290)) - 730712bf-dc51-4bd6-9c9f-e27f92c302bd@group-07251DCED2C8: changes role from      null to FOLLOWER at term 0 for startAsFollower
2022-03-02 19:15:24,458 [pool-361-thread-1] INFO  impl.RoleInfo (RoleInfo.java:updateAndGet(130)) - 730712bf-dc51-4bd6-9c9f-e27f92c302bd: start 730712bf-dc51-4bd6-9c9f-e27f92c302bd@group-07251DCED2C8-FollowerState
2022-03-02 19:15:24,461 [pool-361-thread-1] INFO  util.JmxRegister (JmxRegister.java:tryRegister(44)) - Successfully registered JMX Bean with object name Ratis:service=RaftServer,group=group-07251DCED2C8,id=730712bf-dc51-4bd6-9c9f-e27f92c302bd
2022-03-02 19:15:24,486 [Command processor thread] INFO  ratis.XceiverServerRatis (XceiverServerRatis.java:addGroup(769)) - Created group PipelineID=72970e59-4cd8-45f1-9d27-07251dced2c8
2022-03-02 19:15:24,486 [Command processor thread] INFO  commandhandler.CreatePipelineCommandHandler (CreatePipelineCommandHandler.java:handle(106)) - Created Pipeline RATIS ONE PipelineID=72970e59-4cd8-45f1-9d27-07251dced2c8.
2022-03-02 19:15:24,516 [EventQueue-OpenPipelineForHealthyPipelineSafeModeRule] INFO  safemode.SCMSafeModeManager (HealthyPipelineSafeModeRule.java:process(124)) - SCM in safe mode. Healthy pipelines reported count is 0, required healthy pipeline reported count is 1
2022-03-02 19:15:24,521 [pool-361-thread-1] INFO  server.RaftServer$Division (RaftServerImpl.java:<init>(184)) - 730712bf-dc51-4bd6-9c9f-e27f92c302bd: new RaftServerImpl for group-70DC78C75E08:[6a96ca8f-dca1-45f9-908e-cf69810dcb0d|rpc:127.0.0.1:38231|priority:0, 730712bf-dc51-4bd6-9c9f-e27f92c302bd|rpc:127.0.0.1:43177|priority:1, 8c53a021-9171-485b-b256-839aa3d3ad02|rpc:127.0.0.1:41201|priority:0] with ContainerStateMachine:uninitialized
2022-03-02 19:15:24,539 [pool-361-thread-1] INFO  server.RaftServerConfigKeys (ConfUtils.java:logGet(44)) - raft.server.rpc.timeout.min = 5s (custom)
2022-03-02 19:15:24,539 [pool-361-thread-1] INFO  server.RaftServerConfigKeys (ConfUtils.java:logGet(44)) - raft.server.rpc.timeout.max = 5200ms (custom)
2022-03-02 19:15:24,539 [pool-361-thread-1] INFO  server.RaftServerConfigKeys (ConfUtils.java:logGet(44)) - raft.server.rpc.sleep.time = 25ms (default)
2022-03-02 19:15:24,539 [pool-361-thread-1] INFO  server.RaftServerConfigKeys (ConfUtils.java:logGet(44)) - raft.server.rpc.slowness.timeout = 300s (custom)
2022-03-02 19:15:24,539 [pool-361-thread-1] INFO  server.RaftServerConfigKeys (ConfUtils.java:logGet(44)) - raft.server.leaderelection.leader.step-down.wait-time = 10s (default)
2022-03-02 19:15:24,540 [pool-361-thread-1] INFO  server.RaftServerConfigKeys (ConfUtils.java:logGet(44)) - raft.server.sleep.deviation.threshold = 300ms (default)
2022-03-02 19:15:24,540 [pool-361-thread-1] INFO  server.RaftServerConfigKeys (ConfUtils.java:logGet(44)) - raft.server.log.appender.install.snapshot.enabled = false (custom)
2022-03-02 19:15:24,540 [pool-361-thread-1] INFO  server.RaftServer$Division (ServerState.java:<init>(105)) - 730712bf-dc51-4bd6-9c9f-e27f92c302bd@group-70DC78C75E08: ConfigurationManager, init=-1: [6a96ca8f-dca1-45f9-908e-cf69810dcb0d|rpc:127.0.0.1:38231|priority:0, 730712bf-dc51-4bd6-9c9f-e27f92c302bd|rpc:127.0.0.1:43177|priority:1, 8c53a021-9171-485b-b256-839aa3d3ad02|rpc:127.0.0.1:41201|priority:0], old=null, confs=<EMPTY_MAP>
2022-03-02 19:15:24,541 [pool-361-thread-1] INFO  server.RaftServerConfigKeys (ConfUtils.java:logGet(44)) - raft.server.storage.dir = [/home/runner/work/ozone/ozone/hadoop-ozone/integration-test/target/test-dir/MiniOzoneClusterImpl-403ad05d-12dd-4695-ad1e-d5eafc849fbc/datanode-0/data/ratis] (custom)
2022-03-02 19:15:24,541 [pool-361-thread-1] INFO  server.RaftServerConfigKeys (ConfUtils.java:logGet(44)) - raft.server.log.corruption.policy = EXCEPTION (default)
2022-03-02 19:15:24,541 [pool-361-thread-1] INFO  server.RaftServerConfigKeys (ConfUtils.java:logGet(44)) - raft.server.storage.free-space.min = 0MB (=0) (default)
2022-03-02 19:15:24,541 [pool-361-thread-1] INFO  storage.RaftStorageDirectory (RaftStorageDirectoryImpl.java:analyzeStorage(135)) - The storage directory /home/runner/work/ozone/ozone/hadoop-ozone/integration-test/target/test-dir/MiniOzoneClusterImpl-403ad05d-12dd-4695-ad1e-d5eafc849fbc/datanode-0/data/ratis/a887aa1b-d7f9-49e5-8fba-70dc78c75e08 does not exist. Creating ...
2022-03-02 19:15:24,520 [Command processor thread] INFO  server.RaftServer (RaftServerProxy.java:addNew(95)) - 730712bf-dc51-4bd6-9c9f-e27f92c302bd: addNew group-70DC78C75E08:[6a96ca8f-dca1-45f9-908e-cf69810dcb0d|rpc:127.0.0.1:38231|priority:0, 730712bf-dc51-4bd6-9c9f-e27f92c302bd|rpc:127.0.0.1:43177|priority:1, 8c53a021-9171-485b-b256-839aa3d3ad02|rpc:127.0.0.1:41201|priority:0] returns group-70DC78C75E08:java.util.concurrent.CompletableFuture@1823f770[Not completed]
2022-03-02 19:15:24,517 [49081caa-6924-42d1-b762-c940ad9f7c50@group-D5EAFC849FBC-StateMachineUpdater] INFO  safemode.HealthyPipelineSafeModeRule (HealthyPipelineSafeModeRule.java:initializeRule(152)) - Refreshed total pipeline count is 0, healthy pipeline threshold count is 1
2022-03-02 19:15:24,543 [pool-361-thread-1] INFO  storage.RaftStorageDirectory (RaftStorageDirectoryImpl.java:tryLock(230)) - Lock on /home/runner/work/ozone/ozone/hadoop-ozone/integration-test/target/test-dir/MiniOzoneClusterImpl-403ad05d-12dd-4695-ad1e-d5eafc849fbc/datanode-0/data/ratis/a887aa1b-d7f9-49e5-8fba-70dc78c75e08/in_use.lock acquired by nodename 6445@fv-az396-267
2022-03-02 19:15:24,544 [pool-361-thread-1] INFO  storage.RaftStorage (RaftStorageImpl.java:format(89)) - Storage directory /home/runner/work/ozone/ozone/hadoop-ozone/integration-test/target/test-dir/MiniOzoneClusterImpl-403ad05d-12dd-4695-ad1e-d5eafc849fbc/datanode-0/data/ratis/a887aa1b-d7f9-49e5-8fba-70dc78c75e08 has been successfully formatted.
2022-03-02 19:15:24,545 [pool-361-thread-1] INFO  ratis.ContainerStateMachine (ContainerStateMachine.java:loadSnapshot(236)) - group-70DC78C75E08: The snapshot info is null. Setting the last applied indexto:(t:0, i:~)
2022-03-02 19:15:24,545 [pool-361-thread-1] INFO  server.RaftServerConfigKeys (ConfUtils.java:logGet(44)) - raft.server.notification.no-leader.timeout = 300s (custom)
2022-03-02 19:15:24,545 [pool-361-thread-1] INFO  server.RaftServerConfigKeys (ConfUtils.java:logGet(44)) - raft.server.log.use.memory = false (default)
2022-03-02 19:15:24,545 [pool-361-thread-1] INFO  server.RaftServerConfigKeys (ConfUtils.java:logGet(44)) - raft.server.log.purge.gap = 1000000 (custom)
2022-03-02 19:15:24,545 [pool-361-thread-1] INFO  server.RaftServerConfigKeys (ConfUtils.java:logGet(44)) - raft.server.log.appender.buffer.byte-limit = 33554432 (custom)
2022-03-02 19:15:24,545 [pool-361-thread-1] INFO  server.RaftServerConfigKeys (ConfUtils.java:logGet(44)) - raft.server.log.segment.size.max = 1048576 (custom)
2022-03-02 19:15:24,546 [pool-361-thread-1] INFO  server.RaftServerConfigKeys (ConfUtils.java:logGet(44)) - raft.server.log.segment.cache.num.max = 2 (custom)
2022-03-02 19:15:24,546 [pool-361-thread-1] INFO  server.RaftServerConfigKeys (ConfUtils.java:logGet(44)) - raft.server.log.segment.cache.size.max = 200MB (=209715200) (default)
2022-03-02 19:15:24,546 [pool-361-thread-1] INFO  segmented.SegmentedRaftLogWorker (SegmentedRaftLogWorker.java:<init>(182)) - new 730712bf-dc51-4bd6-9c9f-e27f92c302bd@group-70DC78C75E08-SegmentedRaftLogWorker for RaftStorageImpl:Storage Directory /home/runner/work/ozone/ozone/hadoop-ozone/integration-test/target/test-dir/MiniOzoneClusterImpl-403ad05d-12dd-4695-ad1e-d5eafc849fbc/datanode-0/data/ratis/a887aa1b-d7f9-49e5-8fba-70dc78c75e08
2022-03-02 19:15:24,546 [pool-361-thread-1] INFO  server.RaftServerConfigKeys (ConfUtils.java:logGet(44)) - raft.server.log.queue.byte-limit = 4294967296 (custom)
2022-03-02 19:15:24,546 [pool-361-thread-1] INFO  server.RaftServerConfigKeys (ConfUtils.java:logGet(44)) - raft.server.log.queue.element-limit = 1024 (custom)
2022-03-02 19:15:24,546 [pool-361-thread-1] INFO  server.RaftServerConfigKeys (ConfUtils.java:logGet(44)) - raft.server.log.segment.size.max = 1048576 (custom)
2022-03-02 19:15:24,546 [pool-361-thread-1] INFO  server.RaftServerConfigKeys (ConfUtils.java:logGet(44)) - raft.server.log.preallocated.size = 16384 (custom)
2022-03-02 19:15:24,546 [pool-361-thread-1] INFO  server.RaftServerConfigKeys (ConfUtils.java:logGet(44)) - raft.server.log.force.sync.num = 128 (default)
2022-03-02 19:15:24,546 [pool-361-thread-1] INFO  server.RaftServerConfigKeys (ConfUtils.java:logGet(44)) - raft.server.log.statemachine.data.sync = true (default)
2022-03-02 19:15:24,546 [pool-361-thread-1] INFO  server.RaftServerConfigKeys (ConfUtils.java:logGet(44)) - raft.server.log.statemachine.data.sync.timeout = 10s (default)
2022-03-02 19:15:24,546 [pool-361-thread-1] INFO  server.RaftServerConfigKeys (ConfUtils.java:logGet(44)) - raft.server.log.statemachine.data.sync.timeout.retry = -1 (default)
2022-03-02 19:15:24,547 [pool-361-thread-1] INFO  server.RaftServerConfigKeys (ConfUtils.java:logGet(44)) - raft.server.log.write.buffer.size = 1048576 (custom)
2022-03-02 19:15:24,548 [pool-361-thread-1] INFO  server.RaftServerConfigKeys (ConfUtils.java:logGet(44)) - raft.server.log.statemachine.data.caching.enabled = true (custom)
2022-03-02 19:15:24,548 [pool-361-thread-1] INFO  segmented.SegmentedRaftLogWorker (SegmentedRaftLogWorker.java:lambda$new$0(133)) - 730712bf-dc51-4bd6-9c9f-e27f92c302bd@group-70DC78C75E08-SegmentedRaftLogWorker: flushIndex: setUnconditionally 0 -> -1
2022-03-02 19:15:24,548 [pool-361-thread-1] INFO  segmented.SegmentedRaftLogWorker (SegmentedRaftLogWorker.java:lambda$new$0(133)) - 730712bf-dc51-4bd6-9c9f-e27f92c302bd@group-70DC78C75E08-SegmentedRaftLogWorker: safeCacheEvictIndex: setUnconditionally 0 -> -1
2022-03-02 19:15:24,567 [pool-361-thread-1] INFO  server.RaftServerConfigKeys (ConfUtils.java:logGet(44)) - raft.server.snapshot.auto.trigger.enabled = true (custom)
2022-03-02 19:15:24,567 [pool-361-thread-1] INFO  server.RaftServerConfigKeys (ConfUtils.java:logGet(44)) - raft.server.snapshot.auto.trigger.threshold = 10000 (custom)
2022-03-02 19:15:24,567 [pool-361-thread-1] INFO  server.RaftServerConfigKeys (ConfUtils.java:logGet(44)) - raft.server.snapshot.retention.file.num = 5 (custom)
2022-03-02 19:15:24,568 [pool-361-thread-1] INFO  server.RaftServerConfigKeys (ConfUtils.java:logGet(44)) - raft.server.log.purge.upto.snapshot.index = false (default)
2022-03-02 19:15:24,568 [pool-361-thread-1] INFO  server.RaftServerConfigKeys (ConfUtils.java:logGet(44)) - raft.server.retrycache.expirytime = 600000ms (custom)
2022-03-02 19:15:24,568 [pool-361-thread-1] INFO  server.RaftServerConfigKeys (ConfUtils.java:logGet(44)) - raft.server.retrycache.statistics.expirytime = 100μs (default)
2022-03-02 19:15:24,569 [pool-361-thread-1] INFO  server.RaftServer$Division (RaftServerImpl.java:start(301)) - 730712bf-dc51-4bd6-9c9f-e27f92c302bd@group-70DC78C75E08: start as a follower, conf=-1: [6a96ca8f-dca1-45f9-908e-cf69810dcb0d|rpc:127.0.0.1:38231|priority:0, 730712bf-dc51-4bd6-9c9f-e27f92c302bd|rpc:127.0.0.1:43177|priority:1, 8c53a021-9171-485b-b256-839aa3d3ad02|rpc:127.0.0.1:41201|priority:0], old=null
2022-03-02 19:15:24,569 [pool-361-thread-1] INFO  server.RaftServer$Division (RaftServerImpl.java:setRole(290)) - 730712bf-dc51-4bd6-9c9f-e27f92c302bd@group-70DC78C75E08: changes role from      null to FOLLOWER at term 0 for startAsFollower
2022-03-02 19:15:24,569 [pool-361-thread-1] INFO  impl.RoleInfo (RoleInfo.java:updateAndGet(130)) - 730712bf-dc51-4bd6-9c9f-e27f92c302bd: start 730712bf-dc51-4bd6-9c9f-e27f92c302bd@group-70DC78C75E08-FollowerState
2022-03-02 19:15:24,569 [EventQueue-OpenPipelineForHealthyPipelineSafeModeRule] INFO  safemode.SCMSafeModeManager (HealthyPipelineSafeModeRule.java:process(124)) - SCM in safe mode. Healthy pipelines reported count is 0, required healthy pipeline reported count is 1
2022-03-02 19:15:24,582 [pool-361-thread-1] INFO  util.JmxRegister (JmxRegister.java:tryRegister(44)) - Successfully registered JMX Bean with object name Ratis:service=RaftServer,group=group-70DC78C75E08,id=730712bf-dc51-4bd6-9c9f-e27f92c302bd
2022-03-02 19:15:24,591 [Command processor thread] INFO  ratis.XceiverServerRatis (XceiverServerRatis.java:addGroup(769)) - Created group PipelineID=a887aa1b-d7f9-49e5-8fba-70dc78c75e08
2022-03-02 19:15:24,614 [EventQueue-OpenPipelineForHealthyPipelineSafeModeRule] INFO  safemode.SCMSafeModeManager (HealthyPipelineSafeModeRule.java:process(124)) - SCM in safe mode. Healthy pipelines reported count is 0, required healthy pipeline reported count is 1
2022-03-02 19:15:24,623 [grpc-default-executor-0] INFO  server.RaftServer (RaftServerProxy.java:addNew(95)) - 8c53a021-9171-485b-b256-839aa3d3ad02: addNew group-70DC78C75E08:[6a96ca8f-dca1-45f9-908e-cf69810dcb0d|rpc:127.0.0.1:38231|dataStream:|priority:0, 730712bf-dc51-4bd6-9c9f-e27f92c302bd|rpc:127.0.0.1:43177|dataStream:|priority:1, 8c53a021-9171-485b-b256-839aa3d3ad02|rpc:127.0.0.1:41201|dataStream:|priority:0] returns group-70DC78C75E08:java.util.concurrent.CompletableFuture@cc90a52[Not completed]
2022-03-02 19:15:24,630 [pool-407-thread-1] INFO  server.RaftServer$Division (RaftServerImpl.java:<init>(184)) - 8c53a021-9171-485b-b256-839aa3d3ad02: new RaftServerImpl for group-70DC78C75E08:[6a96ca8f-dca1-45f9-908e-cf69810dcb0d|rpc:127.0.0.1:38231|dataStream:|priority:0, 730712bf-dc51-4bd6-9c9f-e27f92c302bd|rpc:127.0.0.1:43177|dataStream:|priority:1, 8c53a021-9171-485b-b256-839aa3d3ad02|rpc:127.0.0.1:41201|dataStream:|priority:0] with ContainerStateMachine:uninitialized
2022-03-02 19:15:24,630 [pool-407-thread-1] INFO  server.RaftServerConfigKeys (ConfUtils.java:logGet(44)) - raft.server.rpc.timeout.min = 5s (custom)
2022-03-02 19:15:24,631 [pool-407-thread-1] INFO  server.RaftServerConfigKeys (ConfUtils.java:logGet(44)) - raft.server.rpc.timeout.max = 5200ms (custom)
2022-03-02 19:15:24,631 [pool-407-thread-1] INFO  server.RaftServerConfigKeys (ConfUtils.java:logGet(44)) - raft.server.rpc.sleep.time = 25ms (default)
2022-03-02 19:15:24,631 [pool-407-thread-1] INFO  server.RaftServerConfigKeys (ConfUtils.java:logGet(44)) - raft.server.rpc.slowness.timeout = 300s (custom)
2022-03-02 19:15:24,631 [pool-407-thread-1] INFO  server.RaftServerConfigKeys (ConfUtils.java:logGet(44)) - raft.server.leaderelection.leader.step-down.wait-time = 10s (default)
2022-03-02 19:15:24,631 [pool-407-thread-1] INFO  server.RaftServerConfigKeys (ConfUtils.java:logGet(44)) - raft.server.sleep.deviation.threshold = 300ms (default)
2022-03-02 19:15:24,631 [pool-407-thread-1] INFO  server.RaftServerConfigKeys (ConfUtils.java:logGet(44)) - raft.server.log.appender.install.snapshot.enabled = false (custom)
2022-03-02 19:15:24,631 [pool-407-thread-1] INFO  server.RaftServer$Division (ServerState.java:<init>(105)) - 8c53a021-9171-485b-b256-839aa3d3ad02@group-70DC78C75E08: ConfigurationManager, init=-1: [6a96ca8f-dca1-45f9-908e-cf69810dcb0d|rpc:127.0.0.1:38231|dataStream:|priority:0, 730712bf-dc51-4bd6-9c9f-e27f92c302bd|rpc:127.0.0.1:43177|dataStream:|priority:1, 8c53a021-9171-485b-b256-839aa3d3ad02|rpc:127.0.0.1:41201|dataStream:|priority:0], old=null, confs=<EMPTY_MAP>
2022-03-02 19:15:24,631 [pool-407-thread-1] INFO  server.RaftServerConfigKeys (ConfUtils.java:logGet(44)) - raft.server.storage.dir = [/home/runner/work/ozone/ozone/hadoop-ozone/integration-test/target/test-dir/MiniOzoneClusterImpl-403ad05d-12dd-4695-ad1e-d5eafc849fbc/datanode-2/data/ratis] (custom)
2022-03-02 19:15:24,632 [pool-407-thread-1] INFO  server.RaftServerConfigKeys (ConfUtils.java:logGet(44)) - raft.server.log.corruption.policy = EXCEPTION (default)
2022-03-02 19:15:24,632 [pool-407-thread-1] INFO  server.RaftServerConfigKeys (ConfUtils.java:logGet(44)) - raft.server.storage.free-space.min = 0MB (=0) (default)
2022-03-02 19:15:24,632 [pool-407-thread-1] INFO  storage.RaftStorageDirectory (RaftStorageDirectoryImpl.java:analyzeStorage(135)) - The storage directory /home/runner/work/ozone/ozone/hadoop-ozone/integration-test/target/test-dir/MiniOzoneClusterImpl-403ad05d-12dd-4695-ad1e-d5eafc849fbc/datanode-2/data/ratis/a887aa1b-d7f9-49e5-8fba-70dc78c75e08 does not exist. Creating ...
2022-03-02 19:15:24,634 [pool-407-thread-1] INFO  storage.RaftStorageDirectory (RaftStorageDirectoryImpl.java:tryLock(230)) - Lock on /home/runner/work/ozone/ozone/hadoop-ozone/integration-test/target/test-dir/MiniOzoneClusterImpl-403ad05d-12dd-4695-ad1e-d5eafc849fbc/datanode-2/data/ratis/a887aa1b-d7f9-49e5-8fba-70dc78c75e08/in_use.lock acquired by nodename 6445@fv-az396-267
2022-03-02 19:15:24,637 [pool-407-thread-1] INFO  storage.RaftStorage (RaftStorageImpl.java:format(89)) - Storage directory /home/runner/work/ozone/ozone/hadoop-ozone/integration-test/target/test-dir/MiniOzoneClusterImpl-403ad05d-12dd-4695-ad1e-d5eafc849fbc/datanode-2/data/ratis/a887aa1b-d7f9-49e5-8fba-70dc78c75e08 has been successfully formatted.
2022-03-02 19:15:24,642 [pool-407-thread-1] INFO  ratis.ContainerStateMachine (ContainerStateMachine.java:loadSnapshot(236)) - group-70DC78C75E08: The snapshot info is null. Setting the last applied indexto:(t:0, i:~)
2022-03-02 19:15:24,643 [pool-407-thread-1] INFO  server.RaftServerConfigKeys (ConfUtils.java:logGet(44)) - raft.server.notification.no-leader.timeout = 300s (custom)
2022-03-02 19:15:24,644 [pool-407-thread-1] INFO  server.RaftServerConfigKeys (ConfUtils.java:logGet(44)) - raft.server.log.use.memory = false (default)
2022-03-02 19:15:24,645 [pool-407-thread-1] INFO  server.RaftServerConfigKeys (ConfUtils.java:logGet(44)) - raft.server.log.purge.gap = 1000000 (custom)
2022-03-02 19:15:24,645 [pool-407-thread-1] INFO  server.RaftServerConfigKeys (ConfUtils.java:logGet(44)) - raft.server.log.appender.buffer.byte-limit = 33554432 (custom)
2022-03-02 19:15:24,645 [pool-407-thread-1] INFO  server.RaftServerConfigKeys (ConfUtils.java:logGet(44)) - raft.server.log.segment.size.max = 1048576 (custom)
2022-03-02 19:15:24,645 [pool-407-thread-1] INFO  server.RaftServerConfigKeys (ConfUtils.java:logGet(44)) - raft.server.log.segment.cache.num.max = 2 (custom)
2022-03-02 19:15:24,646 [pool-407-thread-1] INFO  server.RaftServerConfigKeys (ConfUtils.java:logGet(44)) - raft.server.log.segment.cache.size.max = 200MB (=209715200) (default)
2022-03-02 19:15:24,646 [pool-407-thread-1] INFO  segmented.SegmentedRaftLogWorker (SegmentedRaftLogWorker.java:<init>(182)) - new 8c53a021-9171-485b-b256-839aa3d3ad02@group-70DC78C75E08-SegmentedRaftLogWorker for RaftStorageImpl:Storage Directory /home/runner/work/ozone/ozone/hadoop-ozone/integration-test/target/test-dir/MiniOzoneClusterImpl-403ad05d-12dd-4695-ad1e-d5eafc849fbc/datanode-2/data/ratis/a887aa1b-d7f9-49e5-8fba-70dc78c75e08
2022-03-02 19:15:24,646 [pool-407-thread-1] INFO  server.RaftServerConfigKeys (ConfUtils.java:logGet(44)) - raft.server.log.queue.byte-limit = 4294967296 (custom)
2022-03-02 19:15:24,646 [pool-407-thread-1] INFO  server.RaftServerConfigKeys (ConfUtils.java:logGet(44)) - raft.server.log.queue.element-limit = 1024 (custom)
2022-03-02 19:15:24,646 [pool-407-thread-1] INFO  server.RaftServerConfigKeys (ConfUtils.java:logGet(44)) - raft.server.log.segment.size.max = 1048576 (custom)
2022-03-02 19:15:24,646 [pool-407-thread-1] INFO  server.RaftServerConfigKeys (ConfUtils.java:logGet(44)) - raft.server.log.preallocated.size = 16384 (custom)
2022-03-02 19:15:24,647 [pool-407-thread-1] INFO  server.RaftServerConfigKeys (ConfUtils.java:logGet(44)) - raft.server.log.force.sync.num = 128 (default)
2022-03-02 19:15:24,647 [pool-407-thread-1] INFO  server.RaftServerConfigKeys (ConfUtils.java:logGet(44)) - raft.server.log.statemachine.data.sync = true (default)
2022-03-02 19:15:24,647 [pool-407-thread-1] INFO  server.RaftServerConfigKeys (ConfUtils.java:logGet(44)) - raft.server.log.statemachine.data.sync.timeout = 10s (default)
2022-03-02 19:15:24,647 [pool-407-thread-1] INFO  server.RaftServerConfigKeys (ConfUtils.java:logGet(44)) - raft.server.log.statemachine.data.sync.timeout.retry = -1 (default)
2022-03-02 19:15:24,656 [pool-407-thread-1] INFO  server.RaftServerConfigKeys (ConfUtils.java:logGet(44)) - raft.server.log.write.buffer.size = 1048576 (custom)
2022-03-02 19:15:24,658 [pool-407-thread-1] INFO  server.RaftServerConfigKeys (ConfUtils.java:logGet(44)) - raft.server.log.statemachine.data.caching.enabled = true (custom)
2022-03-02 19:15:24,659 [pool-407-thread-1] INFO  segmented.SegmentedRaftLogWorker (SegmentedRaftLogWorker.java:lambda$new$0(133)) - 8c53a021-9171-485b-b256-839aa3d3ad02@group-70DC78C75E08-SegmentedRaftLogWorker: flushIndex: setUnconditionally 0 -> -1
2022-03-02 19:15:24,659 [pool-407-thread-1] INFO  segmented.SegmentedRaftLogWorker (SegmentedRaftLogWorker.java:lambda$new$0(133)) - 8c53a021-9171-485b-b256-839aa3d3ad02@group-70DC78C75E08-SegmentedRaftLogWorker: safeCacheEvictIndex: setUnconditionally 0 -> -1
2022-03-02 19:15:24,670 [pool-407-thread-1] INFO  server.RaftServerConfigKeys (ConfUtils.java:logGet(44)) - raft.server.snapshot.auto.trigger.enabled = true (custom)
2022-03-02 19:15:24,670 [pool-407-thread-1] INFO  server.RaftServerConfigKeys (ConfUtils.java:logGet(44)) - raft.server.snapshot.auto.trigger.threshold = 10000 (custom)
2022-03-02 19:15:24,670 [pool-407-thread-1] INFO  server.RaftServerConfigKeys (ConfUtils.java:logGet(44)) - raft.server.snapshot.retention.file.num = 5 (custom)
2022-03-02 19:15:24,670 [pool-407-thread-1] INFO  server.RaftServerConfigKeys (ConfUtils.java:logGet(44)) - raft.server.log.purge.upto.snapshot.index = false (default)
2022-03-02 19:15:24,670 [pool-407-thread-1] INFO  server.RaftServerConfigKeys (ConfUtils.java:logGet(44)) - raft.server.retrycache.expirytime = 600000ms (custom)
2022-03-02 19:15:24,670 [pool-407-thread-1] INFO  server.RaftServerConfigKeys (ConfUtils.java:logGet(44)) - raft.server.retrycache.statistics.expirytime = 100μs (default)
2022-03-02 19:15:24,672 [pool-407-thread-1] INFO  server.RaftServer$Division (RaftServerImpl.java:start(301)) - 8c53a021-9171-485b-b256-839aa3d3ad02@group-70DC78C75E08: start as a follower, conf=-1: [6a96ca8f-dca1-45f9-908e-cf69810dcb0d|rpc:127.0.0.1:38231|dataStream:|priority:0, 730712bf-dc51-4bd6-9c9f-e27f92c302bd|rpc:127.0.0.1:43177|dataStream:|priority:1, 8c53a021-9171-485b-b256-839aa3d3ad02|rpc:127.0.0.1:41201|dataStream:|priority:0], old=null
2022-03-02 19:15:24,672 [pool-407-thread-1] INFO  server.RaftServer$Division (RaftServerImpl.java:setRole(290)) - 8c53a021-9171-485b-b256-839aa3d3ad02@group-70DC78C75E08: changes role from      null to FOLLOWER at term 0 for startAsFollower
2022-03-02 19:15:24,672 [pool-407-thread-1] INFO  impl.RoleInfo (RoleInfo.java:updateAndGet(130)) - 8c53a021-9171-485b-b256-839aa3d3ad02: start 8c53a021-9171-485b-b256-839aa3d3ad02@group-70DC78C75E08-FollowerState
2022-03-02 19:15:24,689 [pool-407-thread-1] INFO  util.JmxRegister (JmxRegister.java:tryRegister(44)) - Successfully registered JMX Bean with object name Ratis:service=RaftServer,group=group-70DC78C75E08,id=8c53a021-9171-485b-b256-839aa3d3ad02
2022-03-02 19:15:24,752 [grpc-default-executor-0] INFO  server.RaftServer (RaftServerProxy.java:addNew(95)) - 6a96ca8f-dca1-45f9-908e-cf69810dcb0d: addNew group-70DC78C75E08:[6a96ca8f-dca1-45f9-908e-cf69810dcb0d|rpc:127.0.0.1:38231|dataStream:|priority:0, 730712bf-dc51-4bd6-9c9f-e27f92c302bd|rpc:127.0.0.1:43177|dataStream:|priority:1, 8c53a021-9171-485b-b256-839aa3d3ad02|rpc:127.0.0.1:41201|dataStream:|priority:0] returns group-70DC78C75E08:java.util.concurrent.CompletableFuture@1294bc97[Not completed]
2022-03-02 19:15:24,755 [pool-384-thread-1] INFO  server.RaftServer$Division (RaftServerImpl.java:<init>(184)) - 6a96ca8f-dca1-45f9-908e-cf69810dcb0d: new RaftServerImpl for group-70DC78C75E08:[6a96ca8f-dca1-45f9-908e-cf69810dcb0d|rpc:127.0.0.1:38231|dataStream:|priority:0, 730712bf-dc51-4bd6-9c9f-e27f92c302bd|rpc:127.0.0.1:43177|dataStream:|priority:1, 8c53a021-9171-485b-b256-839aa3d3ad02|rpc:127.0.0.1:41201|dataStream:|priority:0] with ContainerStateMachine:uninitialized
2022-03-02 19:15:24,755 [pool-384-thread-1] INFO  server.RaftServerConfigKeys (ConfUtils.java:logGet(44)) - raft.server.rpc.timeout.min = 5s (custom)
2022-03-02 19:15:24,755 [pool-384-thread-1] INFO  server.RaftServerConfigKeys (ConfUtils.java:logGet(44)) - raft.server.rpc.timeout.max = 5200ms (custom)
2022-03-02 19:15:24,755 [pool-384-thread-1] INFO  server.RaftServerConfigKeys (ConfUtils.java:logGet(44)) - raft.server.rpc.sleep.time = 25ms (default)
2022-03-02 19:15:24,755 [pool-384-thread-1] INFO  server.RaftServerConfigKeys (ConfUtils.java:logGet(44)) - raft.server.rpc.slowness.timeout = 300s (custom)
2022-03-02 19:15:24,755 [pool-384-thread-1] INFO  server.RaftServerConfigKeys (ConfUtils.java:logGet(44)) - raft.server.leaderelection.leader.step-down.wait-time = 10s (default)
2022-03-02 19:15:24,755 [pool-384-thread-1] INFO  server.RaftServerConfigKeys (ConfUtils.java:logGet(44)) - raft.server.sleep.deviation.threshold = 300ms (default)
2022-03-02 19:15:24,755 [pool-384-thread-1] INFO  server.RaftServerConfigKeys (ConfUtils.java:logGet(44)) - raft.server.log.appender.install.snapshot.enabled = false (custom)
2022-03-02 19:15:24,755 [pool-384-thread-1] INFO  server.RaftServer$Division (ServerState.java:<init>(105)) - 6a96ca8f-dca1-45f9-908e-cf69810dcb0d@group-70DC78C75E08: ConfigurationManager, init=-1: [6a96ca8f-dca1-45f9-908e-cf69810dcb0d|rpc:127.0.0.1:38231|dataStream:|priority:0, 730712bf-dc51-4bd6-9c9f-e27f92c302bd|rpc:127.0.0.1:43177|dataStream:|priority:1, 8c53a021-9171-485b-b256-839aa3d3ad02|rpc:127.0.0.1:41201|dataStream:|priority:0], old=null, confs=<EMPTY_MAP>
2022-03-02 19:15:24,755 [pool-384-thread-1] INFO  server.RaftServerConfigKeys (ConfUtils.java:logGet(44)) - raft.server.storage.dir = [/home/runner/work/ozone/ozone/hadoop-ozone/integration-test/target/test-dir/MiniOzoneClusterImpl-403ad05d-12dd-4695-ad1e-d5eafc849fbc/datanode-1/data/ratis] (custom)
2022-03-02 19:15:24,755 [pool-384-thread-1] INFO  server.RaftServerConfigKeys (ConfUtils.java:logGet(44)) - raft.server.log.corruption.policy = EXCEPTION (default)
2022-03-02 19:15:24,756 [pool-384-thread-1] INFO  server.RaftServerConfigKeys (ConfUtils.java:logGet(44)) - raft.server.storage.free-space.min = 0MB (=0) (default)
2022-03-02 19:15:24,756 [pool-384-thread-1] INFO  storage.RaftStorageDirectory (RaftStorageDirectoryImpl.java:analyzeStorage(135)) - The storage directory /home/runner/work/ozone/ozone/hadoop-ozone/integration-test/target/test-dir/MiniOzoneClusterImpl-403ad05d-12dd-4695-ad1e-d5eafc849fbc/datanode-1/data/ratis/a887aa1b-d7f9-49e5-8fba-70dc78c75e08 does not exist. Creating ...
2022-03-02 19:15:24,762 [pool-384-thread-1] INFO  storage.RaftStorageDirectory (RaftStorageDirectoryImpl.java:tryLock(230)) - Lock on /home/runner/work/ozone/ozone/hadoop-ozone/integration-test/target/test-dir/MiniOzoneClusterImpl-403ad05d-12dd-4695-ad1e-d5eafc849fbc/datanode-1/data/ratis/a887aa1b-d7f9-49e5-8fba-70dc78c75e08/in_use.lock acquired by nodename 6445@fv-az396-267
2022-03-02 19:15:24,768 [pool-384-thread-1] INFO  storage.RaftStorage (RaftStorageImpl.java:format(89)) - Storage directory /home/runner/work/ozone/ozone/hadoop-ozone/integration-test/target/test-dir/MiniOzoneClusterImpl-403ad05d-12dd-4695-ad1e-d5eafc849fbc/datanode-1/data/ratis/a887aa1b-d7f9-49e5-8fba-70dc78c75e08 has been successfully formatted.
2022-03-02 19:15:24,768 [pool-384-thread-1] INFO  ratis.ContainerStateMachine (ContainerStateMachine.java:loadSnapshot(236)) - group-70DC78C75E08: The snapshot info is null. Setting the last applied indexto:(t:0, i:~)
2022-03-02 19:15:24,768 [pool-384-thread-1] INFO  server.RaftServerConfigKeys (ConfUtils.java:logGet(44)) - raft.server.notification.no-leader.timeout = 300s (custom)
2022-03-02 19:15:24,768 [pool-384-thread-1] INFO  server.RaftServerConfigKeys (ConfUtils.java:logGet(44)) - raft.server.log.use.memory = false (default)
2022-03-02 19:15:24,768 [pool-384-thread-1] INFO  server.RaftServerConfigKeys (ConfUtils.java:logGet(44)) - raft.server.log.purge.gap = 1000000 (custom)
2022-03-02 19:15:24,768 [pool-384-thread-1] INFO  server.RaftServerConfigKeys (ConfUtils.java:logGet(44)) - raft.server.log.appender.buffer.byte-limit = 33554432 (custom)
2022-03-02 19:15:24,769 [pool-384-thread-1] INFO  server.RaftServerConfigKeys (ConfUtils.java:logGet(44)) - raft.server.log.segment.size.max = 1048576 (custom)
2022-03-02 19:15:24,770 [pool-384-thread-1] INFO  server.RaftServerConfigKeys (ConfUtils.java:logGet(44)) - raft.server.log.segment.cache.num.max = 2 (custom)
2022-03-02 19:15:24,770 [pool-384-thread-1] INFO  server.RaftServerConfigKeys (ConfUtils.java:logGet(44)) - raft.server.log.segment.cache.size.max = 200MB (=209715200) (default)
2022-03-02 19:15:24,770 [pool-384-thread-1] INFO  segmented.SegmentedRaftLogWorker (SegmentedRaftLogWorker.java:<init>(182)) - new 6a96ca8f-dca1-45f9-908e-cf69810dcb0d@group-70DC78C75E08-SegmentedRaftLogWorker for RaftStorageImpl:Storage Directory /home/runner/work/ozone/ozone/hadoop-ozone/integration-test/target/test-dir/MiniOzoneClusterImpl-403ad05d-12dd-4695-ad1e-d5eafc849fbc/datanode-1/data/ratis/a887aa1b-d7f9-49e5-8fba-70dc78c75e08
2022-03-02 19:15:24,771 [pool-384-thread-1] INFO  server.RaftServerConfigKeys (ConfUtils.java:logGet(44)) - raft.server.log.queue.byte-limit = 4294967296 (custom)
2022-03-02 19:15:24,771 [pool-384-thread-1] INFO  server.RaftServerConfigKeys (ConfUtils.java:logGet(44)) - raft.server.log.queue.element-limit = 1024 (custom)
2022-03-02 19:15:24,771 [pool-384-thread-1] INFO  server.RaftServerConfigKeys (ConfUtils.java:logGet(44)) - raft.server.log.segment.size.max = 1048576 (custom)
2022-03-02 19:15:24,771 [pool-384-thread-1] INFO  server.RaftServerConfigKeys (ConfUtils.java:logGet(44)) - raft.server.log.preallocated.size = 16384 (custom)
2022-03-02 19:15:24,771 [pool-384-thread-1] INFO  server.RaftServerConfigKeys (ConfUtils.java:logGet(44)) - raft.server.log.force.sync.num = 128 (default)
2022-03-02 19:15:24,771 [pool-384-thread-1] INFO  server.RaftServerConfigKeys (ConfUtils.java:logGet(44)) - raft.server.log.statemachine.data.sync = true (default)
2022-03-02 19:15:24,771 [pool-384-thread-1] INFO  server.RaftServerConfigKeys (ConfUtils.java:logGet(44)) - raft.server.log.statemachine.data.sync.timeout = 10s (default)
2022-03-02 19:15:24,771 [pool-384-thread-1] INFO  server.RaftServerConfigKeys (ConfUtils.java:logGet(44)) - raft.server.log.statemachine.data.sync.timeout.retry = -1 (default)
2022-03-02 19:15:24,772 [pool-384-thread-1] INFO  server.RaftServerConfigKeys (ConfUtils.java:logGet(44)) - raft.server.log.write.buffer.size = 1048576 (custom)
2022-03-02 19:15:24,773 [pool-384-thread-1] INFO  server.RaftServerConfigKeys (ConfUtils.java:logGet(44)) - raft.server.log.statemachine.data.caching.enabled = true (custom)
2022-03-02 19:15:24,773 [pool-384-thread-1] INFO  segmented.SegmentedRaftLogWorker (SegmentedRaftLogWorker.java:lambda$new$0(133)) - 6a96ca8f-dca1-45f9-908e-cf69810dcb0d@group-70DC78C75E08-SegmentedRaftLogWorker: flushIndex: setUnconditionally 0 -> -1
2022-03-02 19:15:24,773 [pool-384-thread-1] INFO  segmented.SegmentedRaftLogWorker (SegmentedRaftLogWorker.java:lambda$new$0(133)) - 6a96ca8f-dca1-45f9-908e-cf69810dcb0d@group-70DC78C75E08-SegmentedRaftLogWorker: safeCacheEvictIndex: setUnconditionally 0 -> -1
2022-03-02 19:15:24,778 [pool-384-thread-1] INFO  server.RaftServerConfigKeys (ConfUtils.java:logGet(44)) - raft.server.snapshot.auto.trigger.enabled = true (custom)
2022-03-02 19:15:24,778 [pool-384-thread-1] INFO  server.RaftServerConfigKeys (ConfUtils.java:logGet(44)) - raft.server.snapshot.auto.trigger.threshold = 10000 (custom)
2022-03-02 19:15:24,779 [pool-384-thread-1] INFO  server.RaftServerConfigKeys (ConfUtils.java:logGet(44)) - raft.server.snapshot.retention.file.num = 5 (custom)
2022-03-02 19:15:24,779 [pool-384-thread-1] INFO  server.RaftServerConfigKeys (ConfUtils.java:logGet(44)) - raft.server.log.purge.upto.snapshot.index = false (default)
2022-03-02 19:15:24,779 [pool-384-thread-1] INFO  server.RaftServerConfigKeys (ConfUtils.java:logGet(44)) - raft.server.retrycache.expirytime = 600000ms (custom)
2022-03-02 19:15:24,779 [pool-384-thread-1] INFO  server.RaftServerConfigKeys (ConfUtils.java:logGet(44)) - raft.server.retrycache.statistics.expirytime = 100μs (default)
2022-03-02 19:15:24,780 [pool-384-thread-1] INFO  server.RaftServer$Division (RaftServerImpl.java:start(301)) - 6a96ca8f-dca1-45f9-908e-cf69810dcb0d@group-70DC78C75E08: start as a follower, conf=-1: [6a96ca8f-dca1-45f9-908e-cf69810dcb0d|rpc:127.0.0.1:38231|dataStream:|priority:0, 730712bf-dc51-4bd6-9c9f-e27f92c302bd|rpc:127.0.0.1:43177|dataStream:|priority:1, 8c53a021-9171-485b-b256-839aa3d3ad02|rpc:127.0.0.1:41201|dataStream:|priority:0], old=null
2022-03-02 19:15:24,780 [pool-384-thread-1] INFO  server.RaftServer$Division (RaftServerImpl.java:setRole(290)) - 6a96ca8f-dca1-45f9-908e-cf69810dcb0d@group-70DC78C75E08: changes role from      null to FOLLOWER at term 0 for startAsFollower
2022-03-02 19:15:24,780 [pool-384-thread-1] INFO  impl.RoleInfo (RoleInfo.java:updateAndGet(130)) - 6a96ca8f-dca1-45f9-908e-cf69810dcb0d: start 6a96ca8f-dca1-45f9-908e-cf69810dcb0d@group-70DC78C75E08-FollowerState
2022-03-02 19:15:24,786 [pool-384-thread-1] INFO  util.JmxRegister (JmxRegister.java:tryRegister(44)) - Successfully registered JMX Bean with object name Ratis:service=RaftServer,group=group-70DC78C75E08,id=6a96ca8f-dca1-45f9-908e-cf69810dcb0d
2022-03-02 19:15:24,814 [Command processor thread] INFO  commandhandler.CreatePipelineCommandHandler (CreatePipelineCommandHandler.java:handle(106)) - Created Pipeline RATIS THREE PipelineID=a887aa1b-d7f9-49e5-8fba-70dc78c75e08.
2022-03-02 19:15:24,814 [Command processor thread] INFO  server.RaftServer (RaftServerProxy.java:addNew(95)) - 730712bf-dc51-4bd6-9c9f-e27f92c302bd: addNew group-3B75440A2579:[6a96ca8f-dca1-45f9-908e-cf69810dcb0d|rpc:127.0.0.1:38231|priority:0, 730712bf-dc51-4bd6-9c9f-e27f92c302bd|rpc:127.0.0.1:43177|priority:0, 8c53a021-9171-485b-b256-839aa3d3ad02|rpc:127.0.0.1:41201|priority:1] returns group-3B75440A2579:java.util.concurrent.CompletableFuture@5cbd8aef[Not completed]
2022-03-02 19:15:24,815 [pool-361-thread-1] INFO  server.RaftServer$Division (RaftServerImpl.java:<init>(184)) - 730712bf-dc51-4bd6-9c9f-e27f92c302bd: new RaftServerImpl for group-3B75440A2579:[6a96ca8f-dca1-45f9-908e-cf69810dcb0d|rpc:127.0.0.1:38231|priority:0, 730712bf-dc51-4bd6-9c9f-e27f92c302bd|rpc:127.0.0.1:43177|priority:0, 8c53a021-9171-485b-b256-839aa3d3ad02|rpc:127.0.0.1:41201|priority:1] with ContainerStateMachine:uninitialized
2022-03-02 19:15:24,815 [pool-361-thread-1] INFO  server.RaftServerConfigKeys (ConfUtils.java:logGet(44)) - raft.server.rpc.timeout.min = 5s (custom)
2022-03-02 19:15:24,815 [pool-361-thread-1] INFO  server.RaftServerConfigKeys (ConfUtils.java:logGet(44)) - raft.server.rpc.timeout.max = 5200ms (custom)
2022-03-02 19:15:24,816 [pool-361-thread-1] INFO  server.RaftServerConfigKeys (ConfUtils.java:logGet(44)) - raft.server.rpc.sleep.time = 25ms (default)
2022-03-02 19:15:24,816 [pool-361-thread-1] INFO  server.RaftServerConfigKeys (ConfUtils.java:logGet(44)) - raft.server.rpc.slowness.timeout = 300s (custom)
2022-03-02 19:15:24,816 [pool-361-thread-1] INFO  server.RaftServerConfigKeys (ConfUtils.java:logGet(44)) - raft.server.leaderelection.leader.step-down.wait-time = 10s (default)
2022-03-02 19:15:24,816 [pool-361-thread-1] INFO  server.RaftServerConfigKeys (ConfUtils.java:logGet(44)) - raft.server.sleep.deviation.threshold = 300ms (default)
2022-03-02 19:15:24,816 [pool-361-thread-1] INFO  server.RaftServerConfigKeys (ConfUtils.java:logGet(44)) - raft.server.log.appender.install.snapshot.enabled = false (custom)
2022-03-02 19:15:24,816 [pool-361-thread-1] INFO  server.RaftServer$Division (ServerState.java:<init>(105)) - 730712bf-dc51-4bd6-9c9f-e27f92c302bd@group-3B75440A2579: ConfigurationManager, init=-1: [6a96ca8f-dca1-45f9-908e-cf69810dcb0d|rpc:127.0.0.1:38231|priority:0, 730712bf-dc51-4bd6-9c9f-e27f92c302bd|rpc:127.0.0.1:43177|priority:0, 8c53a021-9171-485b-b256-839aa3d3ad02|rpc:127.0.0.1:41201|priority:1], old=null, confs=<EMPTY_MAP>
2022-03-02 19:15:24,816 [pool-361-thread-1] INFO  server.RaftServerConfigKeys (ConfUtils.java:logGet(44)) - raft.server.storage.dir = [/home/runner/work/ozone/ozone/hadoop-ozone/integration-test/target/test-dir/MiniOzoneClusterImpl-403ad05d-12dd-4695-ad1e-d5eafc849fbc/datanode-0/data/ratis] (custom)
2022-03-02 19:15:24,816 [pool-361-thread-1] INFO  server.RaftServerConfigKeys (ConfUtils.java:logGet(44)) - raft.server.log.corruption.policy = EXCEPTION (default)
2022-03-02 19:15:24,816 [pool-361-thread-1] INFO  server.RaftServerConfigKeys (ConfUtils.java:logGet(44)) - raft.server.storage.free-space.min = 0MB (=0) (default)
2022-03-02 19:15:24,816 [pool-361-thread-1] INFO  storage.RaftStorageDirectory (RaftStorageDirectoryImpl.java:analyzeStorage(135)) - The storage directory /home/runner/work/ozone/ozone/hadoop-ozone/integration-test/target/test-dir/MiniOzoneClusterImpl-403ad05d-12dd-4695-ad1e-d5eafc849fbc/datanode-0/data/ratis/7089e741-4694-468f-a784-3b75440a2579 does not exist. Creating ...
2022-03-02 19:15:24,818 [pool-361-thread-1] INFO  storage.RaftStorageDirectory (RaftStorageDirectoryImpl.java:tryLock(230)) - Lock on /home/runner/work/ozone/ozone/hadoop-ozone/integration-test/target/test-dir/MiniOzoneClusterImpl-403ad05d-12dd-4695-ad1e-d5eafc849fbc/datanode-0/data/ratis/7089e741-4694-468f-a784-3b75440a2579/in_use.lock acquired by nodename 6445@fv-az396-267
2022-03-02 19:15:24,819 [pool-361-thread-1] INFO  storage.RaftStorage (RaftStorageImpl.java:format(89)) - Storage directory /home/runner/work/ozone/ozone/hadoop-ozone/integration-test/target/test-dir/MiniOzoneClusterImpl-403ad05d-12dd-4695-ad1e-d5eafc849fbc/datanode-0/data/ratis/7089e741-4694-468f-a784-3b75440a2579 has been successfully formatted.
2022-03-02 19:15:24,820 [pool-361-thread-1] INFO  ratis.ContainerStateMachine (ContainerStateMachine.java:loadSnapshot(236)) - group-3B75440A2579: The snapshot info is null. Setting the last applied indexto:(t:0, i:~)
2022-03-02 19:15:24,820 [pool-361-thread-1] INFO  server.RaftServerConfigKeys (ConfUtils.java:logGet(44)) - raft.server.notification.no-leader.timeout = 300s (custom)
2022-03-02 19:15:24,820 [pool-361-thread-1] INFO  server.RaftServerConfigKeys (ConfUtils.java:logGet(44)) - raft.server.log.use.memory = false (default)
2022-03-02 19:15:24,820 [pool-361-thread-1] INFO  server.RaftServerConfigKeys (ConfUtils.java:logGet(44)) - raft.server.log.purge.gap = 1000000 (custom)
2022-03-02 19:15:24,820 [pool-361-thread-1] INFO  server.RaftServerConfigKeys (ConfUtils.java:logGet(44)) - raft.server.log.appender.buffer.byte-limit = 33554432 (custom)
2022-03-02 19:15:24,821 [pool-361-thread-1] INFO  server.RaftServerConfigKeys (ConfUtils.java:logGet(44)) - raft.server.log.segment.size.max = 1048576 (custom)
2022-03-02 19:15:24,821 [pool-361-thread-1] INFO  server.RaftServerConfigKeys (ConfUtils.java:logGet(44)) - raft.server.log.segment.cache.num.max = 2 (custom)
2022-03-02 19:15:24,822 [pool-361-thread-1] INFO  server.RaftServerConfigKeys (ConfUtils.java:logGet(44)) - raft.server.log.segment.cache.size.max = 200MB (=209715200) (default)
2022-03-02 19:15:24,822 [pool-361-thread-1] INFO  segmented.SegmentedRaftLogWorker (SegmentedRaftLogWorker.java:<init>(182)) - new 730712bf-dc51-4bd6-9c9f-e27f92c302bd@group-3B75440A2579-SegmentedRaftLogWorker for RaftStorageImpl:Storage Directory /home/runner/work/ozone/ozone/hadoop-ozone/integration-test/target/test-dir/MiniOzoneClusterImpl-403ad05d-12dd-4695-ad1e-d5eafc849fbc/datanode-0/data/ratis/7089e741-4694-468f-a784-3b75440a2579
2022-03-02 19:15:24,822 [pool-361-thread-1] INFO  server.RaftServerConfigKeys (ConfUtils.java:logGet(44)) - raft.server.log.queue.byte-limit = 4294967296 (custom)
2022-03-02 19:15:24,822 [pool-361-thread-1] INFO  server.RaftServerConfigKeys (ConfUtils.java:logGet(44)) - raft.server.log.queue.element-limit = 1024 (custom)
2022-03-02 19:15:24,822 [pool-361-thread-1] INFO  server.RaftServerConfigKeys (ConfUtils.java:logGet(44)) - raft.server.log.segment.size.max = 1048576 (custom)
2022-03-02 19:15:24,822 [pool-361-thread-1] INFO  server.RaftServerConfigKeys (ConfUtils.java:logGet(44)) - raft.server.log.preallocated.size = 16384 (custom)
2022-03-02 19:15:24,822 [pool-361-thread-1] INFO  server.RaftServerConfigKeys (ConfUtils.java:logGet(44)) - raft.server.log.force.sync.num = 128 (default)
2022-03-02 19:15:24,822 [pool-361-thread-1] INFO  server.RaftServerConfigKeys (ConfUtils.java:logGet(44)) - raft.server.log.statemachine.data.sync = true (default)
2022-03-02 19:15:24,822 [pool-361-thread-1] INFO  server.RaftServerConfigKeys (ConfUtils.java:logGet(44)) - raft.server.log.statemachine.data.sync.timeout = 10s (default)
2022-03-02 19:15:24,823 [pool-361-thread-1] INFO  server.RaftServerConfigKeys (ConfUtils.java:logGet(44)) - raft.server.log.statemachine.data.sync.timeout.retry = -1 (default)
2022-03-02 19:15:24,824 [pool-361-thread-1] INFO  server.RaftServerConfigKeys (ConfUtils.java:logGet(44)) - raft.server.log.write.buffer.size = 1048576 (custom)
2022-03-02 19:15:24,830 [pool-361-thread-1] INFO  server.RaftServerConfigKeys (ConfUtils.java:logGet(44)) - raft.server.log.statemachine.data.caching.enabled = true (custom)
2022-03-02 19:15:24,831 [pool-361-thread-1] INFO  segmented.SegmentedRaftLogWorker (SegmentedRaftLogWorker.java:lambda$new$0(133)) - 730712bf-dc51-4bd6-9c9f-e27f92c302bd@group-3B75440A2579-SegmentedRaftLogWorker: flushIndex: setUnconditionally 0 -> -1
2022-03-02 19:15:24,831 [pool-361-thread-1] INFO  segmented.SegmentedRaftLogWorker (SegmentedRaftLogWorker.java:lambda$new$0(133)) - 730712bf-dc51-4bd6-9c9f-e27f92c302bd@group-3B75440A2579-SegmentedRaftLogWorker: safeCacheEvictIndex: setUnconditionally 0 -> -1
2022-03-02 19:15:24,831 [pool-361-thread-1] INFO  server.RaftServerConfigKeys (ConfUtils.java:logGet(44)) - raft.server.snapshot.auto.trigger.enabled = true (custom)
2022-03-02 19:15:24,831 [pool-361-thread-1] INFO  server.RaftServerConfigKeys (ConfUtils.java:logGet(44)) - raft.server.snapshot.auto.trigger.threshold = 10000 (custom)
2022-03-02 19:15:24,831 [pool-361-thread-1] INFO  server.RaftServerConfigKeys (ConfUtils.java:logGet(44)) - raft.server.snapshot.retention.file.num = 5 (custom)
2022-03-02 19:15:24,831 [pool-361-thread-1] INFO  server.RaftServerConfigKeys (ConfUtils.java:logGet(44)) - raft.server.log.purge.upto.snapshot.index = false (default)
2022-03-02 19:15:24,831 [pool-361-thread-1] INFO  server.RaftServerConfigKeys (ConfUtils.java:logGet(44)) - raft.server.retrycache.expirytime = 600000ms (custom)
2022-03-02 19:15:24,832 [pool-361-thread-1] INFO  server.RaftServerConfigKeys (ConfUtils.java:logGet(44)) - raft.server.retrycache.statistics.expirytime = 100μs (default)
2022-03-02 19:15:24,833 [pool-361-thread-1] INFO  server.RaftServer$Division (RaftServerImpl.java:start(301)) - 730712bf-dc51-4bd6-9c9f-e27f92c302bd@group-3B75440A2579: start as a follower, conf=-1: [6a96ca8f-dca1-45f9-908e-cf69810dcb0d|rpc:127.0.0.1:38231|priority:0, 730712bf-dc51-4bd6-9c9f-e27f92c302bd|rpc:127.0.0.1:43177|priority:0, 8c53a021-9171-485b-b256-839aa3d3ad02|rpc:127.0.0.1:41201|priority:1], old=null
2022-03-02 19:15:24,833 [pool-361-thread-1] INFO  server.RaftServer$Division (RaftServerImpl.java:setRole(290)) - 730712bf-dc51-4bd6-9c9f-e27f92c302bd@group-3B75440A2579: changes role from      null to FOLLOWER at term 0 for startAsFollower
2022-03-02 19:15:24,833 [pool-361-thread-1] INFO  impl.RoleInfo (RoleInfo.java:updateAndGet(130)) - 730712bf-dc51-4bd6-9c9f-e27f92c302bd: start 730712bf-dc51-4bd6-9c9f-e27f92c302bd@group-3B75440A2579-FollowerState
2022-03-02 19:15:24,838 [pool-361-thread-1] INFO  util.JmxRegister (JmxRegister.java:tryRegister(44)) - Successfully registered JMX Bean with object name Ratis:service=RaftServer,group=group-3B75440A2579,id=730712bf-dc51-4bd6-9c9f-e27f92c302bd
2022-03-02 19:15:24,842 [Command processor thread] INFO  ratis.XceiverServerRatis (XceiverServerRatis.java:addGroup(769)) - Created group PipelineID=7089e741-4694-468f-a784-3b75440a2579
2022-03-02 19:15:24,855 [grpc-default-executor-0] INFO  server.RaftServer (RaftServerProxy.java:addNew(95)) - 6a96ca8f-dca1-45f9-908e-cf69810dcb0d: addNew group-3B75440A2579:[6a96ca8f-dca1-45f9-908e-cf69810dcb0d|rpc:127.0.0.1:38231|dataStream:|priority:0, 730712bf-dc51-4bd6-9c9f-e27f92c302bd|rpc:127.0.0.1:43177|dataStream:|priority:0, 8c53a021-9171-485b-b256-839aa3d3ad02|rpc:127.0.0.1:41201|dataStream:|priority:1] returns group-3B75440A2579:java.util.concurrent.CompletableFuture@37d2fb43[Not completed]
2022-03-02 19:15:24,857 [pool-384-thread-1] INFO  server.RaftServer$Division (RaftServerImpl.java:<init>(184)) - 6a96ca8f-dca1-45f9-908e-cf69810dcb0d: new RaftServerImpl for group-3B75440A2579:[6a96ca8f-dca1-45f9-908e-cf69810dcb0d|rpc:127.0.0.1:38231|dataStream:|priority:0, 730712bf-dc51-4bd6-9c9f-e27f92c302bd|rpc:127.0.0.1:43177|dataStream:|priority:0, 8c53a021-9171-485b-b256-839aa3d3ad02|rpc:127.0.0.1:41201|dataStream:|priority:1] with ContainerStateMachine:uninitialized
2022-03-02 19:15:24,857 [pool-384-thread-1] INFO  server.RaftServerConfigKeys (ConfUtils.java:logGet(44)) - raft.server.rpc.timeout.min = 5s (custom)
2022-03-02 19:15:24,857 [pool-384-thread-1] INFO  server.RaftServerConfigKeys (ConfUtils.java:logGet(44)) - raft.server.rpc.timeout.max = 5200ms (custom)
2022-03-02 19:15:24,857 [pool-384-thread-1] INFO  server.RaftServerConfigKeys (ConfUtils.java:logGet(44)) - raft.server.rpc.sleep.time = 25ms (default)
2022-03-02 19:15:24,857 [pool-384-thread-1] INFO  server.RaftServerConfigKeys (ConfUtils.java:logGet(44)) - raft.server.rpc.slowness.timeout = 300s (custom)
2022-03-02 19:15:24,858 [pool-384-thread-1] INFO  server.RaftServerConfigKeys (ConfUtils.java:logGet(44)) - raft.server.leaderelection.leader.step-down.wait-time = 10s (default)
2022-03-02 19:15:24,858 [pool-384-thread-1] INFO  server.RaftServerConfigKeys (ConfUtils.java:logGet(44)) - raft.server.sleep.deviation.threshold = 300ms (default)
2022-03-02 19:15:24,858 [pool-384-thread-1] INFO  server.RaftServerConfigKeys (ConfUtils.java:logGet(44)) - raft.server.log.appender.install.snapshot.enabled = false (custom)
2022-03-02 19:15:24,858 [pool-384-thread-1] INFO  server.RaftServer$Division (ServerState.java:<init>(105)) - 6a96ca8f-dca1-45f9-908e-cf69810dcb0d@group-3B75440A2579: ConfigurationManager, init=-1: [6a96ca8f-dca1-45f9-908e-cf69810dcb0d|rpc:127.0.0.1:38231|dataStream:|priority:0, 730712bf-dc51-4bd6-9c9f-e27f92c302bd|rpc:127.0.0.1:43177|dataStream:|priority:0, 8c53a021-9171-485b-b256-839aa3d3ad02|rpc:127.0.0.1:41201|dataStream:|priority:1], old=null, confs=<EMPTY_MAP>
2022-03-02 19:15:24,858 [pool-384-thread-1] INFO  server.RaftServerConfigKeys (ConfUtils.java:logGet(44)) - raft.server.storage.dir = [/home/runner/work/ozone/ozone/hadoop-ozone/integration-test/target/test-dir/MiniOzoneClusterImpl-403ad05d-12dd-4695-ad1e-d5eafc849fbc/datanode-1/data/ratis] (custom)
2022-03-02 19:15:24,858 [pool-384-thread-1] INFO  server.RaftServerConfigKeys (ConfUtils.java:logGet(44)) - raft.server.log.corruption.policy = EXCEPTION (default)
2022-03-02 19:15:24,858 [pool-384-thread-1] INFO  server.RaftServerConfigKeys (ConfUtils.java:logGet(44)) - raft.server.storage.free-space.min = 0MB (=0) (default)
2022-03-02 19:15:24,858 [pool-384-thread-1] INFO  storage.RaftStorageDirectory (RaftStorageDirectoryImpl.java:analyzeStorage(135)) - The storage directory /home/runner/work/ozone/ozone/hadoop-ozone/integration-test/target/test-dir/MiniOzoneClusterImpl-403ad05d-12dd-4695-ad1e-d5eafc849fbc/datanode-1/data/ratis/7089e741-4694-468f-a784-3b75440a2579 does not exist. Creating ...
2022-03-02 19:15:24,859 [EndpointStateMachine task thread for /127.0.0.1:45835 - 0 ] INFO  ipc.Client (Client.java:handleConnectionFailure(977)) - Retrying connect to server: localhost/127.0.0.1:45835. Already tried 2 time(s); retry policy is RetryUpToMaximumCountWithFixedSleep(maxRetries=15, sleepTime=1000 MILLISECONDS)
2022-03-02 19:15:24,861 [pool-384-thread-1] INFO  storage.RaftStorageDirectory (RaftStorageDirectoryImpl.java:tryLock(230)) - Lock on /home/runner/work/ozone/ozone/hadoop-ozone/integration-test/target/test-dir/MiniOzoneClusterImpl-403ad05d-12dd-4695-ad1e-d5eafc849fbc/datanode-1/data/ratis/7089e741-4694-468f-a784-3b75440a2579/in_use.lock acquired by nodename 6445@fv-az396-267
2022-03-02 19:15:24,861 [EndpointStateMachine task thread for /127.0.0.1:44351 - 0 ] INFO  ipc.Client (Client.java:handleConnectionFailure(977)) - Retrying connect to server: localhost/127.0.0.1:44351. Already tried 2 time(s); retry policy is RetryUpToMaximumCountWithFixedSleep(maxRetries=15, sleepTime=1000 MILLISECONDS)
2022-03-02 19:15:24,862 [EndpointStateMachine task thread for /127.0.0.1:34023 - 0 ] INFO  ipc.Client (Client.java:handleConnectionFailure(977)) - Retrying connect to server: localhost/127.0.0.1:34023. Already tried 2 time(s); retry policy is RetryUpToMaximumCountWithFixedSleep(maxRetries=15, sleepTime=1000 MILLISECONDS)
2022-03-02 19:15:24,864 [Command processor thread] INFO  server.RaftServer (RaftServerProxy.java:addNew(95)) - 6a96ca8f-dca1-45f9-908e-cf69810dcb0d: addNew group-6642639B689A:[6a96ca8f-dca1-45f9-908e-cf69810dcb0d|rpc:127.0.0.1:38231|priority:1] returns group-6642639B689A:java.util.concurrent.CompletableFuture@73383ef4[Not completed]
2022-03-02 19:15:24,864 [pool-384-thread-1] INFO  storage.RaftStorage (RaftStorageImpl.java:format(89)) - Storage directory /home/runner/work/ozone/ozone/hadoop-ozone/integration-test/target/test-dir/MiniOzoneClusterImpl-403ad05d-12dd-4695-ad1e-d5eafc849fbc/datanode-1/data/ratis/7089e741-4694-468f-a784-3b75440a2579 has been successfully formatted.
2022-03-02 19:15:24,867 [EventQueue-PipelineReportForPipelineReportHandler] INFO  pipeline.PipelineManagerImpl (PipelineManagerImpl.java:openPipeline(291)) - Pipeline Pipeline[ Id: 5e2c3fb1-b4dd-42e9-b875-6642639b689a, Nodes: 6a96ca8f-dca1-45f9-908e-cf69810dcb0d{ip: 127.0.0.1, host: localhost, ports: [REPLICATION=42861, RATIS=38231, RATIS_ADMIN=38231, RATIS_SERVER=38231, STANDALONE=32959], networkLocation: /default-rack, certSerialId: null, persistedOpState: IN_SERVICE, persistedOpStateExpiryEpochSec: 0}, ReplicationConfig: RATIS/ONE, State:ALLOCATED, leaderId:6a96ca8f-dca1-45f9-908e-cf69810dcb0d, CreationTimestamp2022-03-02T19:15:21.876Z[Etc/UTC]] moved to OPEN state
2022-03-02 19:15:24,870 [pool-384-thread-1] INFO  ratis.ContainerStateMachine (ContainerStateMachine.java:loadSnapshot(236)) - group-3B75440A2579: The snapshot info is null. Setting the last applied indexto:(t:0, i:~)
2022-03-02 19:15:24,870 [pool-384-thread-1] INFO  server.RaftServerConfigKeys (ConfUtils.java:logGet(44)) - raft.server.notification.no-leader.timeout = 300s (custom)
2022-03-02 19:15:24,870 [pool-384-thread-1] INFO  server.RaftServerConfigKeys (ConfUtils.java:logGet(44)) - raft.server.log.use.memory = false (default)
2022-03-02 19:15:24,871 [pool-384-thread-1] INFO  server.RaftServerConfigKeys (ConfUtils.java:logGet(44)) - raft.server.log.purge.gap = 1000000 (custom)
2022-03-02 19:15:24,871 [pool-384-thread-1] INFO  server.RaftServerConfigKeys (ConfUtils.java:logGet(44)) - raft.server.log.appender.buffer.byte-limit = 33554432 (custom)
2022-03-02 19:15:24,871 [pool-384-thread-1] INFO  server.RaftServerConfigKeys (ConfUtils.java:logGet(44)) - raft.server.log.segment.size.max = 1048576 (custom)
2022-03-02 19:15:24,871 [pool-384-thread-1] INFO  server.RaftServerConfigKeys (ConfUtils.java:logGet(44)) - raft.server.log.segment.cache.num.max = 2 (custom)
2022-03-02 19:15:24,872 [pool-384-thread-1] INFO  server.RaftServerConfigKeys (ConfUtils.java:logGet(44)) - raft.server.log.segment.cache.size.max = 200MB (=209715200) (default)
2022-03-02 19:15:24,872 [pool-384-thread-1] INFO  segmented.SegmentedRaftLogWorker (SegmentedRaftLogWorker.java:<init>(182)) - new 6a96ca8f-dca1-45f9-908e-cf69810dcb0d@group-3B75440A2579-SegmentedRaftLogWorker for RaftStorageImpl:Storage Directory /home/runner/work/ozone/ozone/hadoop-ozone/integration-test/target/test-dir/MiniOzoneClusterImpl-403ad05d-12dd-4695-ad1e-d5eafc849fbc/datanode-1/data/ratis/7089e741-4694-468f-a784-3b75440a2579
2022-03-02 19:15:24,875 [pool-384-thread-1] INFO  server.RaftServerConfigKeys (ConfUtils.java:logGet(44)) - raft.server.log.queue.byte-limit = 4294967296 (custom)
2022-03-02 19:15:24,875 [pool-384-thread-1] INFO  server.RaftServerConfigKeys (ConfUtils.java:logGet(44)) - raft.server.log.queue.element-limit = 1024 (custom)
2022-03-02 19:15:24,875 [pool-384-thread-1] INFO  server.RaftServerConfigKeys (ConfUtils.java:logGet(44)) - raft.server.log.segment.size.max = 1048576 (custom)
2022-03-02 19:15:24,875 [pool-384-thread-1] INFO  server.RaftServerConfigKeys (ConfUtils.java:logGet(44)) - raft.server.log.preallocated.size = 16384 (custom)
2022-03-02 19:15:24,875 [pool-384-thread-1] INFO  server.RaftServerConfigKeys (ConfUtils.java:logGet(44)) - raft.server.log.force.sync.num = 128 (default)
2022-03-02 19:15:24,875 [pool-384-thread-1] INFO  server.RaftServerConfigKeys (ConfUtils.java:logGet(44)) - raft.server.log.statemachine.data.sync = true (default)
2022-03-02 19:15:24,875 [pool-384-thread-1] INFO  server.RaftServerConfigKeys (ConfUtils.java:logGet(44)) - raft.server.log.statemachine.data.sync.timeout = 10s (default)
2022-03-02 19:15:24,876 [pool-384-thread-1] INFO  server.RaftServerConfigKeys (ConfUtils.java:logGet(44)) - raft.server.log.statemachine.data.sync.timeout.retry = -1 (default)
2022-03-02 19:15:24,886 [49081caa-6924-42d1-b762-c940ad9f7c50@group-D5EAFC849FBC-StateMachineUpdater] INFO  ha.SCMStateMachine (SCMStateMachine.java:takeSnapshot(297)) - Current Snapshot Index 18, takeSnapshot took 0 ms
2022-03-02 19:15:24,886 [49081caa-6924-42d1-b762-c940ad9f7c50@group-D5EAFC849FBC-StateMachineUpdater] INFO  impl.StateMachineUpdater (StateMachineUpdater.java:takeSnapshot(281)) - 49081caa-6924-42d1-b762-c940ad9f7c50@group-D5EAFC849FBC-StateMachineUpdater: Took a snapshot at index 18
2022-03-02 19:15:24,886 [49081caa-6924-42d1-b762-c940ad9f7c50@group-D5EAFC849FBC-StateMachineUpdater] INFO  impl.StateMachineUpdater (StateMachineUpdater.java:lambda$new$0(89)) - 49081caa-6924-42d1-b762-c940ad9f7c50@group-D5EAFC849FBC-StateMachineUpdater: snapshotIndex: updateIncreasingly 13 -> 18
2022-03-02 19:15:24,886 [EventQueue-PipelineReportForPipelineReportHandler] INFO  pipeline.PipelineManagerImpl (PipelineManagerImpl.java:openPipeline(291)) - Pipeline Pipeline[ Id: 5e2c3fb1-b4dd-42e9-b875-6642639b689a, Nodes: 6a96ca8f-dca1-45f9-908e-cf69810dcb0d{ip: 127.0.0.1, host: localhost, ports: [REPLICATION=42861, RATIS=38231, RATIS_ADMIN=38231, RATIS_SERVER=38231, STANDALONE=32959], networkLocation: /default-rack, certSerialId: null, persistedOpState: IN_SERVICE, persistedOpStateExpiryEpochSec: 0}, ReplicationConfig: RATIS/ONE, State:ALLOCATED, leaderId:6a96ca8f-dca1-45f9-908e-cf69810dcb0d, CreationTimestamp2022-03-02T19:15:21.876Z[Etc/UTC]] moved to OPEN state
2022-03-02 19:15:24,886 [49081caa-6924-42d1-b762-c940ad9f7c50@group-D5EAFC849FBC-StateMachineUpdater] INFO  raftlog.RaftLog (RaftLogBase.java:purge(306)) - 49081caa-6924-42d1-b762-c940ad9f7c50@group-D5EAFC849FBC-SegmentedRaftLog: purge 18
2022-03-02 19:15:24,890 [49081caa-6924-42d1-b762-c940ad9f7c50@group-D5EAFC849FBC-StateMachineUpdater] INFO  raftlog.RaftLog (RaftLogBase.java:lambda$new$0(53)) - 49081caa-6924-42d1-b762-c940ad9f7c50@group-D5EAFC849FBC-SegmentedRaftLog: snapshotIndex: updateIncreasingly 13 -> 18
2022-03-02 19:15:24,890 [49081caa-6924-42d1-b762-c940ad9f7c50@group-D5EAFC849FBC-StateMachineUpdater] INFO  raftlog.RaftLog (RaftLogBase.java:lambda$new$0(53)) - 49081caa-6924-42d1-b762-c940ad9f7c50@group-D5EAFC849FBC-SegmentedRaftLog: purgeIndex: updateToMax old=13, new=18, updated? true
2022-03-02 19:15:24,893 [878dadca-57df-4ab3-9601-92853b413341@group-D5EAFC849FBC-StateMachineUpdater] INFO  safemode.HealthyPipelineSafeModeRule (HealthyPipelineSafeModeRule.java:initializeRule(152)) - Refreshed total pipeline count is 0, healthy pipeline threshold count is 1
2022-03-02 19:15:24,893 [EventQueue-OpenPipelineForHealthyPipelineSafeModeRule] INFO  safemode.SCMSafeModeManager (HealthyPipelineSafeModeRule.java:process(124)) - SCM in safe mode. Healthy pipelines reported count is 0, required healthy pipeline reported count is 1
2022-03-02 19:15:24,894 [pool-384-thread-1] INFO  server.RaftServerConfigKeys (ConfUtils.java:logGet(44)) - raft.server.log.write.buffer.size = 1048576 (custom)
2022-03-02 19:15:24,895 [pool-384-thread-1] INFO  server.RaftServerConfigKeys (ConfUtils.java:logGet(44)) - raft.server.log.statemachine.data.caching.enabled = true (custom)
2022-03-02 19:15:24,895 [pool-384-thread-1] INFO  segmented.SegmentedRaftLogWorker (SegmentedRaftLogWorker.java:lambda$new$0(133)) - 6a96ca8f-dca1-45f9-908e-cf69810dcb0d@group-3B75440A2579-SegmentedRaftLogWorker: flushIndex: setUnconditionally 0 -> -1
2022-03-02 19:15:24,895 [pool-384-thread-1] INFO  segmented.SegmentedRaftLogWorker (SegmentedRaftLogWorker.java:lambda$new$0(133)) - 6a96ca8f-dca1-45f9-908e-cf69810dcb0d@group-3B75440A2579-SegmentedRaftLogWorker: safeCacheEvictIndex: setUnconditionally 0 -> -1
2022-03-02 19:15:24,905 [49081caa-6924-42d1-b762-c940ad9f7c50@group-D5EAFC849FBC-StateMachineUpdater] INFO  safemode.HealthyPipelineSafeModeRule (HealthyPipelineSafeModeRule.java:initializeRule(152)) - Refreshed total pipeline count is 0, healthy pipeline threshold count is 1
2022-03-02 19:15:24,906 [878dadca-57df-4ab3-9601-92853b413341@group-D5EAFC849FBC-StateMachineUpdater] INFO  ha.SCMStateMachine (SCMStateMachine.java:takeSnapshot(297)) - Current Snapshot Index 20, takeSnapshot took 0 ms
2022-03-02 19:15:24,906 [878dadca-57df-4ab3-9601-92853b413341@group-D5EAFC849FBC-StateMachineUpdater] INFO  impl.StateMachineUpdater (StateMachineUpdater.java:takeSnapshot(281)) - 878dadca-57df-4ab3-9601-92853b413341@group-D5EAFC849FBC-StateMachineUpdater: Took a snapshot at index 20
2022-03-02 19:15:24,906 [878dadca-57df-4ab3-9601-92853b413341@group-D5EAFC849FBC-StateMachineUpdater] INFO  impl.StateMachineUpdater (StateMachineUpdater.java:lambda$new$0(89)) - 878dadca-57df-4ab3-9601-92853b413341@group-D5EAFC849FBC-StateMachineUpdater: snapshotIndex: updateIncreasingly 15 -> 20
2022-03-02 19:15:24,906 [878dadca-57df-4ab3-9601-92853b413341@group-D5EAFC849FBC-StateMachineUpdater] INFO  raftlog.RaftLog (RaftLogBase.java:purge(306)) - 878dadca-57df-4ab3-9601-92853b413341@group-D5EAFC849FBC-SegmentedRaftLog: purge 20
2022-03-02 19:15:24,906 [878dadca-57df-4ab3-9601-92853b413341@group-D5EAFC849FBC-StateMachineUpdater] INFO  raftlog.RaftLog (RaftLogBase.java:lambda$new$0(53)) - 878dadca-57df-4ab3-9601-92853b413341@group-D5EAFC849FBC-SegmentedRaftLog: snapshotIndex: updateIncreasingly 15 -> 20
2022-03-02 19:15:24,906 [878dadca-57df-4ab3-9601-92853b413341@group-D5EAFC849FBC-StateMachineUpdater] INFO  raftlog.RaftLog (RaftLogBase.java:lambda$new$0(53)) - 878dadca-57df-4ab3-9601-92853b413341@group-D5EAFC849FBC-SegmentedRaftLog: purgeIndex: updateToMax old=15, new=20, updated? true
2022-03-02 19:15:24,919 [pool-384-thread-1] INFO  server.RaftServerConfigKeys (ConfUtils.java:logGet(44)) - raft.server.snapshot.auto.trigger.enabled = true (custom)
2022-03-02 19:15:24,919 [pool-384-thread-1] INFO  server.RaftServerConfigKeys (ConfUtils.java:logGet(44)) - raft.server.snapshot.auto.trigger.threshold = 10000 (custom)
2022-03-02 19:15:24,919 [pool-384-thread-1] INFO  server.RaftServerConfigKeys (ConfUtils.java:logGet(44)) - raft.server.snapshot.retention.file.num = 5 (custom)
2022-03-02 19:15:24,919 [pool-384-thread-1] INFO  server.RaftServerConfigKeys (ConfUtils.java:logGet(44)) - raft.server.log.purge.upto.snapshot.index = false (default)
2022-03-02 19:15:24,919 [pool-384-thread-1] INFO  server.RaftServerConfigKeys (ConfUtils.java:logGet(44)) - raft.server.retrycache.expirytime = 600000ms (custom)
2022-03-02 19:15:24,919 [pool-384-thread-1] INFO  server.RaftServerConfigKeys (ConfUtils.java:logGet(44)) - raft.server.retrycache.statistics.expirytime = 100μs (default)
2022-03-02 19:15:24,921 [pool-384-thread-1] INFO  server.RaftServer$Division (RaftServerImpl.java:<init>(184)) - 6a96ca8f-dca1-45f9-908e-cf69810dcb0d: new RaftServerImpl for group-6642639B689A:[6a96ca8f-dca1-45f9-908e-cf69810dcb0d|rpc:127.0.0.1:38231|priority:1] with ContainerStateMachine:uninitialized
2022-03-02 19:15:24,922 [pool-384-thread-1] INFO  server.RaftServerConfigKeys (ConfUtils.java:logGet(44)) - raft.server.rpc.timeout.min = 5s (custom)
2022-03-02 19:15:24,922 [pool-384-thread-1] INFO  server.RaftServerConfigKeys (ConfUtils.java:logGet(44)) - raft.server.rpc.timeout.max = 5200ms (custom)
2022-03-02 19:15:24,922 [pool-384-thread-1] INFO  server.RaftServerConfigKeys (ConfUtils.java:logGet(44)) - raft.server.rpc.sleep.time = 25ms (default)
2022-03-02 19:15:24,922 [pool-384-thread-1] INFO  server.RaftServerConfigKeys (ConfUtils.java:logGet(44)) - raft.server.rpc.slowness.timeout = 300s (custom)
2022-03-02 19:15:24,922 [pool-384-thread-1] INFO  server.RaftServerConfigKeys (ConfUtils.java:logGet(44)) - raft.server.leaderelection.leader.step-down.wait-time = 10s (default)
2022-03-02 19:15:24,922 [pool-384-thread-1] INFO  server.RaftServerConfigKeys (ConfUtils.java:logGet(44)) - raft.server.sleep.deviation.threshold = 300ms (default)
2022-03-02 19:15:24,922 [pool-384-thread-1] INFO  server.RaftServerConfigKeys (ConfUtils.java:logGet(44)) - raft.server.log.appender.install.snapshot.enabled = false (custom)
2022-03-02 19:15:24,922 [pool-384-thread-1] INFO  server.RaftServer$Division (ServerState.java:<init>(105)) - 6a96ca8f-dca1-45f9-908e-cf69810dcb0d@group-6642639B689A: ConfigurationManager, init=-1: [6a96ca8f-dca1-45f9-908e-cf69810dcb0d|rpc:127.0.0.1:38231|priority:1], old=null, confs=<EMPTY_MAP>
2022-03-02 19:15:24,923 [pool-384-thread-1] INFO  server.RaftServerConfigKeys (ConfUtils.java:logGet(44)) - raft.server.storage.dir = [/home/runner/work/ozone/ozone/hadoop-ozone/integration-test/target/test-dir/MiniOzoneClusterImpl-403ad05d-12dd-4695-ad1e-d5eafc849fbc/datanode-1/data/ratis] (custom)
2022-03-02 19:15:24,923 [pool-384-thread-1] INFO  server.RaftServerConfigKeys (ConfUtils.java:logGet(44)) - raft.server.log.corruption.policy = EXCEPTION (default)
2022-03-02 19:15:24,923 [pool-384-thread-1] INFO  server.RaftServerConfigKeys (ConfUtils.java:logGet(44)) - raft.server.storage.free-space.min = 0MB (=0) (default)
2022-03-02 19:15:24,923 [pool-384-thread-1] INFO  storage.RaftStorageDirectory (RaftStorageDirectoryImpl.java:analyzeStorage(135)) - The storage directory /home/runner/work/ozone/ozone/hadoop-ozone/integration-test/target/test-dir/MiniOzoneClusterImpl-403ad05d-12dd-4695-ad1e-d5eafc849fbc/datanode-1/data/ratis/5e2c3fb1-b4dd-42e9-b875-6642639b689a does not exist. Creating ...
2022-03-02 19:15:24,925 [pool-384-thread-1] INFO  storage.RaftStorageDirectory (RaftStorageDirectoryImpl.java:tryLock(230)) - Lock on /home/runner/work/ozone/ozone/hadoop-ozone/integration-test/target/test-dir/MiniOzoneClusterImpl-403ad05d-12dd-4695-ad1e-d5eafc849fbc/datanode-1/data/ratis/5e2c3fb1-b4dd-42e9-b875-6642639b689a/in_use.lock acquired by nodename 6445@fv-az396-267
2022-03-02 19:15:24,927 [pool-384-thread-1] INFO  storage.RaftStorage (RaftStorageImpl.java:format(89)) - Storage directory /home/runner/work/ozone/ozone/hadoop-ozone/integration-test/target/test-dir/MiniOzoneClusterImpl-403ad05d-12dd-4695-ad1e-d5eafc849fbc/datanode-1/data/ratis/5e2c3fb1-b4dd-42e9-b875-6642639b689a has been successfully formatted.
2022-03-02 19:15:24,927 [pool-384-thread-1] INFO  ratis.ContainerStateMachine (ContainerStateMachine.java:loadSnapshot(236)) - group-6642639B689A: The snapshot info is null. Setting the last applied indexto:(t:0, i:~)
2022-03-02 19:15:24,927 [pool-384-thread-1] INFO  server.RaftServerConfigKeys (ConfUtils.java:logGet(44)) - raft.server.notification.no-leader.timeout = 300s (custom)
2022-03-02 19:15:24,927 [pool-384-thread-1] INFO  server.RaftServerConfigKeys (ConfUtils.java:logGet(44)) - raft.server.log.use.memory = false (default)
2022-03-02 19:15:24,927 [pool-384-thread-1] INFO  server.RaftServerConfigKeys (ConfUtils.java:logGet(44)) - raft.server.log.purge.gap = 1000000 (custom)
2022-03-02 19:15:24,927 [pool-384-thread-1] INFO  server.RaftServerConfigKeys (ConfUtils.java:logGet(44)) - raft.server.log.appender.buffer.byte-limit = 33554432 (custom)
2022-03-02 19:15:24,928 [pool-384-thread-1] INFO  server.RaftServerConfigKeys (ConfUtils.java:logGet(44)) - raft.server.log.segment.size.max = 1048576 (custom)
2022-03-02 19:15:24,928 [pool-384-thread-1] INFO  server.RaftServerConfigKeys (ConfUtils.java:logGet(44)) - raft.server.log.segment.cache.num.max = 2 (custom)
2022-03-02 19:15:24,928 [pool-384-thread-1] INFO  server.RaftServerConfigKeys (ConfUtils.java:logGet(44)) - raft.server.log.segment.cache.size.max = 200MB (=209715200) (default)
2022-03-02 19:15:24,928 [pool-384-thread-1] INFO  segmented.SegmentedRaftLogWorker (SegmentedRaftLogWorker.java:<init>(182)) - new 6a96ca8f-dca1-45f9-908e-cf69810dcb0d@group-6642639B689A-SegmentedRaftLogWorker for RaftStorageImpl:Storage Directory /home/runner/work/ozone/ozone/hadoop-ozone/integration-test/target/test-dir/MiniOzoneClusterImpl-403ad05d-12dd-4695-ad1e-d5eafc849fbc/datanode-1/data/ratis/5e2c3fb1-b4dd-42e9-b875-6642639b689a
2022-03-02 19:15:24,928 [pool-384-thread-1] INFO  server.RaftServerConfigKeys (ConfUtils.java:logGet(44)) - raft.server.log.queue.byte-limit = 4294967296 (custom)
2022-03-02 19:15:24,929 [pool-384-thread-1] INFO  server.RaftServerConfigKeys (ConfUtils.java:logGet(44)) - raft.server.log.queue.element-limit = 1024 (custom)
2022-03-02 19:15:24,929 [pool-384-thread-1] INFO  server.RaftServerConfigKeys (ConfUtils.java:logGet(44)) - raft.server.log.segment.size.max = 1048576 (custom)
2022-03-02 19:15:24,929 [pool-384-thread-1] INFO  server.RaftServerConfigKeys (ConfUtils.java:logGet(44)) - raft.server.log.preallocated.size = 16384 (custom)
2022-03-02 19:15:24,929 [pool-384-thread-1] INFO  server.RaftServerConfigKeys (ConfUtils.java:logGet(44)) - raft.server.log.force.sync.num = 128 (default)
2022-03-02 19:15:24,929 [pool-384-thread-1] INFO  server.RaftServerConfigKeys (ConfUtils.java:logGet(44)) - raft.server.log.statemachine.data.sync = true (default)
2022-03-02 19:15:24,929 [pool-384-thread-1] INFO  server.RaftServerConfigKeys (ConfUtils.java:logGet(44)) - raft.server.log.statemachine.data.sync.timeout = 10s (default)
2022-03-02 19:15:24,929 [pool-384-thread-1] INFO  server.RaftServerConfigKeys (ConfUtils.java:logGet(44)) - raft.server.log.statemachine.data.sync.timeout.retry = -1 (default)
2022-03-02 19:15:24,930 [pool-384-thread-1] INFO  server.RaftServerConfigKeys (ConfUtils.java:logGet(44)) - raft.server.log.write.buffer.size = 1048576 (custom)
2022-03-02 19:15:24,933 [EventQueue-OpenPipelineForHealthyPipelineSafeModeRule] INFO  safemode.SCMSafeModeManager (HealthyPipelineSafeModeRule.java:process(124)) - SCM in safe mode. Healthy pipelines reported count is 0, required healthy pipeline reported count is 1
2022-03-02 19:15:24,934 [EventQueue-OpenPipelineForHealthyPipelineSafeModeRule] INFO  safemode.SCMSafeModeManager (HealthyPipelineSafeModeRule.java:process(124)) - SCM in safe mode. Healthy pipelines reported count is 0, required healthy pipeline reported count is 1
2022-03-02 19:15:24,935 [pool-384-thread-1] INFO  server.RaftServerConfigKeys (ConfUtils.java:logGet(44)) - raft.server.log.statemachine.data.caching.enabled = true (custom)
2022-03-02 19:15:24,935 [pool-384-thread-1] INFO  segmented.SegmentedRaftLogWorker (SegmentedRaftLogWorker.java:lambda$new$0(133)) - 6a96ca8f-dca1-45f9-908e-cf69810dcb0d@group-6642639B689A-SegmentedRaftLogWorker: flushIndex: setUnconditionally 0 -> -1
2022-03-02 19:15:24,935 [pool-384-thread-1] INFO  segmented.SegmentedRaftLogWorker (SegmentedRaftLogWorker.java:lambda$new$0(133)) - 6a96ca8f-dca1-45f9-908e-cf69810dcb0d@group-6642639B689A-SegmentedRaftLogWorker: safeCacheEvictIndex: setUnconditionally 0 -> -1
2022-03-02 19:15:24,943 [pool-384-thread-1] INFO  server.RaftServerConfigKeys (ConfUtils.java:logGet(44)) - raft.server.snapshot.auto.trigger.enabled = true (custom)
2022-03-02 19:15:24,943 [pool-384-thread-1] INFO  server.RaftServerConfigKeys (ConfUtils.java:logGet(44)) - raft.server.snapshot.auto.trigger.threshold = 10000 (custom)
2022-03-02 19:15:24,943 [pool-384-thread-1] INFO  server.RaftServerConfigKeys (ConfUtils.java:logGet(44)) - raft.server.snapshot.retention.file.num = 5 (custom)
2022-03-02 19:15:24,943 [pool-384-thread-1] INFO  server.RaftServerConfigKeys (ConfUtils.java:logGet(44)) - raft.server.log.purge.upto.snapshot.index = false (default)
2022-03-02 19:15:24,944 [pool-384-thread-1] INFO  server.RaftServerConfigKeys (ConfUtils.java:logGet(44)) - raft.server.retrycache.expirytime = 600000ms (custom)
2022-03-02 19:15:24,944 [pool-384-thread-1] INFO  server.RaftServerConfigKeys (ConfUtils.java:logGet(44)) - raft.server.retrycache.statistics.expirytime = 100μs (default)
2022-03-02 19:15:24,945 [pool-384-thread-1] INFO  server.RaftServer$Division (RaftServerImpl.java:start(301)) - 6a96ca8f-dca1-45f9-908e-cf69810dcb0d@group-3B75440A2579: start as a follower, conf=-1: [6a96ca8f-dca1-45f9-908e-cf69810dcb0d|rpc:127.0.0.1:38231|dataStream:|priority:0, 730712bf-dc51-4bd6-9c9f-e27f92c302bd|rpc:127.0.0.1:43177|dataStream:|priority:0, 8c53a021-9171-485b-b256-839aa3d3ad02|rpc:127.0.0.1:41201|dataStream:|priority:1], old=null
2022-03-02 19:15:24,945 [pool-384-thread-1] INFO  server.RaftServer$Division (RaftServerImpl.java:setRole(290)) - 6a96ca8f-dca1-45f9-908e-cf69810dcb0d@group-3B75440A2579: changes role from      null to FOLLOWER at term 0 for startAsFollower
2022-03-02 19:15:24,945 [pool-384-thread-1] INFO  impl.RoleInfo (RoleInfo.java:updateAndGet(130)) - 6a96ca8f-dca1-45f9-908e-cf69810dcb0d: start 6a96ca8f-dca1-45f9-908e-cf69810dcb0d@group-3B75440A2579-FollowerState
2022-03-02 19:15:24,950 [pool-384-thread-1] INFO  util.JmxRegister (JmxRegister.java:tryRegister(44)) - Successfully registered JMX Bean with object name Ratis:service=RaftServer,group=group-3B75440A2579,id=6a96ca8f-dca1-45f9-908e-cf69810dcb0d
2022-03-02 19:15:24,968 [pool-384-thread-1] INFO  server.RaftServer$Division (RaftServerImpl.java:start(301)) - 6a96ca8f-dca1-45f9-908e-cf69810dcb0d@group-6642639B689A: start as a follower, conf=-1: [6a96ca8f-dca1-45f9-908e-cf69810dcb0d|rpc:127.0.0.1:38231|priority:1], old=null
2022-03-02 19:15:24,968 [pool-384-thread-1] INFO  server.RaftServer$Division (RaftServerImpl.java:setRole(290)) - 6a96ca8f-dca1-45f9-908e-cf69810dcb0d@group-6642639B689A: changes role from      null to FOLLOWER at term 0 for startAsFollower
2022-03-02 19:15:24,968 [pool-384-thread-1] INFO  impl.RoleInfo (RoleInfo.java:updateAndGet(130)) - 6a96ca8f-dca1-45f9-908e-cf69810dcb0d: start 6a96ca8f-dca1-45f9-908e-cf69810dcb0d@group-6642639B689A-FollowerState
2022-03-02 19:15:24,974 [pool-384-thread-1] INFO  util.JmxRegister (JmxRegister.java:tryRegister(44)) - Successfully registered JMX Bean with object name Ratis:service=RaftServer,group=group-6642639B689A,id=6a96ca8f-dca1-45f9-908e-cf69810dcb0d
2022-03-02 19:15:25,016 [Command processor thread] INFO  ratis.XceiverServerRatis (XceiverServerRatis.java:addGroup(769)) - Created group PipelineID=5e2c3fb1-b4dd-42e9-b875-6642639b689a
2022-03-02 19:15:25,017 [Command processor thread] INFO  commandhandler.CreatePipelineCommandHandler (CreatePipelineCommandHandler.java:handle(106)) - Created Pipeline RATIS ONE PipelineID=5e2c3fb1-b4dd-42e9-b875-6642639b689a.
2022-03-02 19:15:25,061 [grpc-default-executor-0] INFO  server.RaftServer (RaftServerProxy.java:addNew(95)) - 8c53a021-9171-485b-b256-839aa3d3ad02: addNew group-3B75440A2579:[6a96ca8f-dca1-45f9-908e-cf69810dcb0d|rpc:127.0.0.1:38231|dataStream:|priority:0, 730712bf-dc51-4bd6-9c9f-e27f92c302bd|rpc:127.0.0.1:43177|dataStream:|priority:0, 8c53a021-9171-485b-b256-839aa3d3ad02|rpc:127.0.0.1:41201|dataStream:|priority:1] returns group-3B75440A2579:java.util.concurrent.CompletableFuture@7383371c[Not completed]
2022-03-02 19:15:25,114 [pool-407-thread-1] INFO  server.RaftServer$Division (RaftServerImpl.java:<init>(184)) - 8c53a021-9171-485b-b256-839aa3d3ad02: new RaftServerImpl for group-3B75440A2579:[6a96ca8f-dca1-45f9-908e-cf69810dcb0d|rpc:127.0.0.1:38231|dataStream:|priority:0, 730712bf-dc51-4bd6-9c9f-e27f92c302bd|rpc:127.0.0.1:43177|dataStream:|priority:0, 8c53a021-9171-485b-b256-839aa3d3ad02|rpc:127.0.0.1:41201|dataStream:|priority:1] with ContainerStateMachine:uninitialized
2022-03-02 19:15:25,114 [pool-407-thread-1] INFO  server.RaftServerConfigKeys (ConfUtils.java:logGet(44)) - raft.server.rpc.timeout.min = 5s (custom)
2022-03-02 19:15:25,114 [pool-407-thread-1] INFO  server.RaftServerConfigKeys (ConfUtils.java:logGet(44)) - raft.server.rpc.timeout.max = 5200ms (custom)
2022-03-02 19:15:25,114 [pool-407-thread-1] INFO  server.RaftServerConfigKeys (ConfUtils.java:logGet(44)) - raft.server.rpc.sleep.time = 25ms (default)
2022-03-02 19:15:25,114 [pool-407-thread-1] INFO  server.RaftServerConfigKeys (ConfUtils.java:logGet(44)) - raft.server.rpc.slowness.timeout = 300s (custom)
2022-03-02 19:15:25,114 [pool-407-thread-1] INFO  server.RaftServerConfigKeys (ConfUtils.java:logGet(44)) - raft.server.leaderelection.leader.step-down.wait-time = 10s (default)
2022-03-02 19:15:25,114 [pool-407-thread-1] INFO  server.RaftServerConfigKeys (ConfUtils.java:logGet(44)) - raft.server.sleep.deviation.threshold = 300ms (default)
2022-03-02 19:15:25,114 [pool-407-thread-1] INFO  server.RaftServerConfigKeys (ConfUtils.java:logGet(44)) - raft.server.log.appender.install.snapshot.enabled = false (custom)
2022-03-02 19:15:25,114 [pool-407-thread-1] INFO  server.RaftServer$Division (ServerState.java:<init>(105)) - 8c53a021-9171-485b-b256-839aa3d3ad02@group-3B75440A2579: ConfigurationManager, init=-1: [6a96ca8f-dca1-45f9-908e-cf69810dcb0d|rpc:127.0.0.1:38231|dataStream:|priority:0, 730712bf-dc51-4bd6-9c9f-e27f92c302bd|rpc:127.0.0.1:43177|dataStream:|priority:0, 8c53a021-9171-485b-b256-839aa3d3ad02|rpc:127.0.0.1:41201|dataStream:|priority:1], old=null, confs=<EMPTY_MAP>
2022-03-02 19:15:25,115 [pool-407-thread-1] INFO  server.RaftServerConfigKeys (ConfUtils.java:logGet(44)) - raft.server.storage.dir = [/home/runner/work/ozone/ozone/hadoop-ozone/integration-test/target/test-dir/MiniOzoneClusterImpl-403ad05d-12dd-4695-ad1e-d5eafc849fbc/datanode-2/data/ratis] (custom)
2022-03-02 19:15:25,115 [pool-407-thread-1] INFO  server.RaftServerConfigKeys (ConfUtils.java:logGet(44)) - raft.server.log.corruption.policy = EXCEPTION (default)
2022-03-02 19:15:25,115 [pool-407-thread-1] INFO  server.RaftServerConfigKeys (ConfUtils.java:logGet(44)) - raft.server.storage.free-space.min = 0MB (=0) (default)
2022-03-02 19:15:25,115 [pool-407-thread-1] INFO  storage.RaftStorageDirectory (RaftStorageDirectoryImpl.java:analyzeStorage(135)) - The storage directory /home/runner/work/ozone/ozone/hadoop-ozone/integration-test/target/test-dir/MiniOzoneClusterImpl-403ad05d-12dd-4695-ad1e-d5eafc849fbc/datanode-2/data/ratis/7089e741-4694-468f-a784-3b75440a2579 does not exist. Creating ...
2022-03-02 19:15:25,116 [pool-407-thread-1] INFO  storage.RaftStorageDirectory (RaftStorageDirectoryImpl.java:tryLock(230)) - Lock on /home/runner/work/ozone/ozone/hadoop-ozone/integration-test/target/test-dir/MiniOzoneClusterImpl-403ad05d-12dd-4695-ad1e-d5eafc849fbc/datanode-2/data/ratis/7089e741-4694-468f-a784-3b75440a2579/in_use.lock acquired by nodename 6445@fv-az396-267
2022-03-02 19:15:25,118 [pool-407-thread-1] INFO  storage.RaftStorage (RaftStorageImpl.java:format(89)) - Storage directory /home/runner/work/ozone/ozone/hadoop-ozone/integration-test/target/test-dir/MiniOzoneClusterImpl-403ad05d-12dd-4695-ad1e-d5eafc849fbc/datanode-2/data/ratis/7089e741-4694-468f-a784-3b75440a2579 has been successfully formatted.
2022-03-02 19:15:25,119 [pool-407-thread-1] INFO  ratis.ContainerStateMachine (ContainerStateMachine.java:loadSnapshot(236)) - group-3B75440A2579: The snapshot info is null. Setting the last applied indexto:(t:0, i:~)
2022-03-02 19:15:25,119 [pool-407-thread-1] INFO  server.RaftServerConfigKeys (ConfUtils.java:logGet(44)) - raft.server.notification.no-leader.timeout = 300s (custom)
2022-03-02 19:15:25,119 [pool-407-thread-1] INFO  server.RaftServerConfigKeys (ConfUtils.java:logGet(44)) - raft.server.log.use.memory = false (default)
2022-03-02 19:15:25,119 [pool-407-thread-1] INFO  server.RaftServerConfigKeys (ConfUtils.java:logGet(44)) - raft.server.log.purge.gap = 1000000 (custom)
2022-03-02 19:15:25,119 [pool-407-thread-1] INFO  server.RaftServerConfigKeys (ConfUtils.java:logGet(44)) - raft.server.log.appender.buffer.byte-limit = 33554432 (custom)
2022-03-02 19:15:25,119 [pool-407-thread-1] INFO  server.RaftServerConfigKeys (ConfUtils.java:logGet(44)) - raft.server.log.segment.size.max = 1048576 (custom)
2022-03-02 19:15:25,119 [pool-407-thread-1] INFO  server.RaftServerConfigKeys (ConfUtils.java:logGet(44)) - raft.server.log.segment.cache.num.max = 2 (custom)
2022-03-02 19:15:25,120 [pool-407-thread-1] INFO  server.RaftServerConfigKeys (ConfUtils.java:logGet(44)) - raft.server.log.segment.cache.size.max = 200MB (=209715200) (default)
2022-03-02 19:15:25,120 [pool-407-thread-1] INFO  segmented.SegmentedRaftLogWorker (SegmentedRaftLogWorker.java:<init>(182)) - new 8c53a021-9171-485b-b256-839aa3d3ad02@group-3B75440A2579-SegmentedRaftLogWorker for RaftStorageImpl:Storage Directory /home/runner/work/ozone/ozone/hadoop-ozone/integration-test/target/test-dir/MiniOzoneClusterImpl-403ad05d-12dd-4695-ad1e-d5eafc849fbc/datanode-2/data/ratis/7089e741-4694-468f-a784-3b75440a2579
2022-03-02 19:15:25,120 [pool-407-thread-1] INFO  server.RaftServerConfigKeys (ConfUtils.java:logGet(44)) - raft.server.log.queue.byte-limit = 4294967296 (custom)
2022-03-02 19:15:25,120 [pool-407-thread-1] INFO  server.RaftServerConfigKeys (ConfUtils.java:logGet(44)) - raft.server.log.queue.element-limit = 1024 (custom)
2022-03-02 19:15:25,120 [pool-407-thread-1] INFO  server.RaftServerConfigKeys (ConfUtils.java:logGet(44)) - raft.server.log.segment.size.max = 1048576 (custom)
2022-03-02 19:15:25,120 [pool-407-thread-1] INFO  server.RaftServerConfigKeys (ConfUtils.java:logGet(44)) - raft.server.log.preallocated.size = 16384 (custom)
2022-03-02 19:15:25,120 [pool-407-thread-1] INFO  server.RaftServerConfigKeys (ConfUtils.java:logGet(44)) - raft.server.log.force.sync.num = 128 (default)
2022-03-02 19:15:25,120 [pool-407-thread-1] INFO  server.RaftServerConfigKeys (ConfUtils.java:logGet(44)) - raft.server.log.statemachine.data.sync = true (default)
2022-03-02 19:15:25,120 [pool-407-thread-1] INFO  server.RaftServerConfigKeys (ConfUtils.java:logGet(44)) - raft.server.log.statemachine.data.sync.timeout = 10s (default)
2022-03-02 19:15:25,120 [pool-407-thread-1] INFO  server.RaftServerConfigKeys (ConfUtils.java:logGet(44)) - raft.server.log.statemachine.data.sync.timeout.retry = -1 (default)
2022-03-02 19:15:25,126 [pool-407-thread-1] INFO  server.RaftServerConfigKeys (ConfUtils.java:logGet(44)) - raft.server.log.write.buffer.size = 1048576 (custom)
2022-03-02 19:15:25,127 [pool-407-thread-1] INFO  server.RaftServerConfigKeys (ConfUtils.java:logGet(44)) - raft.server.log.statemachine.data.caching.enabled = true (custom)
2022-03-02 19:15:25,127 [pool-407-thread-1] INFO  segmented.SegmentedRaftLogWorker (SegmentedRaftLogWorker.java:lambda$new$0(133)) - 8c53a021-9171-485b-b256-839aa3d3ad02@group-3B75440A2579-SegmentedRaftLogWorker: flushIndex: setUnconditionally 0 -> -1
2022-03-02 19:15:25,127 [pool-407-thread-1] INFO  segmented.SegmentedRaftLogWorker (SegmentedRaftLogWorker.java:lambda$new$0(133)) - 8c53a021-9171-485b-b256-839aa3d3ad02@group-3B75440A2579-SegmentedRaftLogWorker: safeCacheEvictIndex: setUnconditionally 0 -> -1
2022-03-02 19:15:25,131 [pool-407-thread-1] INFO  server.RaftServerConfigKeys (ConfUtils.java:logGet(44)) - raft.server.snapshot.auto.trigger.enabled = true (custom)
2022-03-02 19:15:25,132 [pool-407-thread-1] INFO  server.RaftServerConfigKeys (ConfUtils.java:logGet(44)) - raft.server.snapshot.auto.trigger.threshold = 10000 (custom)
2022-03-02 19:15:25,132 [pool-407-thread-1] INFO  server.RaftServerConfigKeys (ConfUtils.java:logGet(44)) - raft.server.snapshot.retention.file.num = 5 (custom)
2022-03-02 19:15:25,132 [pool-407-thread-1] INFO  server.RaftServerConfigKeys (ConfUtils.java:logGet(44)) - raft.server.log.purge.upto.snapshot.index = false (default)
2022-03-02 19:15:25,132 [pool-407-thread-1] INFO  server.RaftServerConfigKeys (ConfUtils.java:logGet(44)) - raft.server.retrycache.expirytime = 600000ms (custom)
2022-03-02 19:15:25,132 [pool-407-thread-1] INFO  server.RaftServerConfigKeys (ConfUtils.java:logGet(44)) - raft.server.retrycache.statistics.expirytime = 100μs (default)
2022-03-02 19:15:25,134 [pool-407-thread-1] INFO  server.RaftServer$Division (RaftServerImpl.java:start(301)) - 8c53a021-9171-485b-b256-839aa3d3ad02@group-3B75440A2579: start as a follower, conf=-1: [6a96ca8f-dca1-45f9-908e-cf69810dcb0d|rpc:127.0.0.1:38231|dataStream:|priority:0, 730712bf-dc51-4bd6-9c9f-e27f92c302bd|rpc:127.0.0.1:43177|dataStream:|priority:0, 8c53a021-9171-485b-b256-839aa3d3ad02|rpc:127.0.0.1:41201|dataStream:|priority:1], old=null
2022-03-02 19:15:25,134 [pool-407-thread-1] INFO  server.RaftServer$Division (RaftServerImpl.java:setRole(290)) - 8c53a021-9171-485b-b256-839aa3d3ad02@group-3B75440A2579: changes role from      null to FOLLOWER at term 0 for startAsFollower
2022-03-02 19:15:25,134 [pool-407-thread-1] INFO  impl.RoleInfo (RoleInfo.java:updateAndGet(130)) - 8c53a021-9171-485b-b256-839aa3d3ad02: start 8c53a021-9171-485b-b256-839aa3d3ad02@group-3B75440A2579-FollowerState
2022-03-02 19:15:25,139 [pool-407-thread-1] INFO  util.JmxRegister (JmxRegister.java:tryRegister(44)) - Successfully registered JMX Bean with object name Ratis:service=RaftServer,group=group-3B75440A2579,id=8c53a021-9171-485b-b256-839aa3d3ad02
2022-03-02 19:15:25,171 [Command processor thread] INFO  commandhandler.CreatePipelineCommandHandler (CreatePipelineCommandHandler.java:handle(106)) - Created Pipeline RATIS THREE PipelineID=7089e741-4694-468f-a784-3b75440a2579.
2022-03-02 19:15:25,262 [Listener at 127.0.0.1/37389] INFO  ozone.MiniOzoneClusterImpl (MiniOzoneClusterImpl.java:lambda$waitForClusterToBeReady$0(219)) - Nodes are ready. Got 3 of 3 DN Heartbeats.
2022-03-02 19:15:25,263 [Listener at 127.0.0.1/37389] INFO  ozone.MiniOzoneClusterImpl (MiniOzoneClusterImpl.java:lambda$waitForClusterToBeReady$0(222)) - Waiting for cluster to exit safe mode
2022-03-02 19:15:25,263 [Listener at 127.0.0.1/37389] INFO  ozone.MiniOzoneClusterImpl (MiniOzoneClusterImpl.java:lambda$waitForClusterToBeReady$0(224)) - SCM became leader
2022-03-02 19:15:25,298 [Command processor thread] INFO  server.RaftServer (RaftServerProxy.java:addNew(95)) - 8c53a021-9171-485b-b256-839aa3d3ad02: addNew group-465AEE61AB4C:[8c53a021-9171-485b-b256-839aa3d3ad02|rpc:127.0.0.1:41201|priority:1] returns group-465AEE61AB4C:java.util.concurrent.CompletableFuture@6325d194[Not completed]
2022-03-02 19:15:25,299 [pool-407-thread-1] INFO  server.RaftServer$Division (RaftServerImpl.java:<init>(184)) - 8c53a021-9171-485b-b256-839aa3d3ad02: new RaftServerImpl for group-465AEE61AB4C:[8c53a021-9171-485b-b256-839aa3d3ad02|rpc:127.0.0.1:41201|priority:1] with ContainerStateMachine:uninitialized
2022-03-02 19:15:25,299 [pool-407-thread-1] INFO  server.RaftServerConfigKeys (ConfUtils.java:logGet(44)) - raft.server.rpc.timeout.min = 5s (custom)
2022-03-02 19:15:25,300 [pool-407-thread-1] INFO  server.RaftServerConfigKeys (ConfUtils.java:logGet(44)) - raft.server.rpc.timeout.max = 5200ms (custom)
2022-03-02 19:15:25,300 [pool-407-thread-1] INFO  server.RaftServerConfigKeys (ConfUtils.java:logGet(44)) - raft.server.rpc.sleep.time = 25ms (default)
2022-03-02 19:15:25,300 [pool-407-thread-1] INFO  server.RaftServerConfigKeys (ConfUtils.java:logGet(44)) - raft.server.rpc.slowness.timeout = 300s (custom)
2022-03-02 19:15:25,300 [pool-407-thread-1] INFO  server.RaftServerConfigKeys (ConfUtils.java:logGet(44)) - raft.server.leaderelection.leader.step-down.wait-time = 10s (default)
2022-03-02 19:15:25,300 [pool-407-thread-1] INFO  server.RaftServerConfigKeys (ConfUtils.java:logGet(44)) - raft.server.sleep.deviation.threshold = 300ms (default)
2022-03-02 19:15:25,300 [pool-407-thread-1] INFO  server.RaftServerConfigKeys (ConfUtils.java:logGet(44)) - raft.server.log.appender.install.snapshot.enabled = false (custom)
2022-03-02 19:15:25,300 [pool-407-thread-1] INFO  server.RaftServer$Division (ServerState.java:<init>(105)) - 8c53a021-9171-485b-b256-839aa3d3ad02@group-465AEE61AB4C: ConfigurationManager, init=-1: [8c53a021-9171-485b-b256-839aa3d3ad02|rpc:127.0.0.1:41201|priority:1], old=null, confs=<EMPTY_MAP>
2022-03-02 19:15:25,300 [pool-407-thread-1] INFO  server.RaftServerConfigKeys (ConfUtils.java:logGet(44)) - raft.server.storage.dir = [/home/runner/work/ozone/ozone/hadoop-ozone/integration-test/target/test-dir/MiniOzoneClusterImpl-403ad05d-12dd-4695-ad1e-d5eafc849fbc/datanode-2/data/ratis] (custom)
2022-03-02 19:15:25,300 [pool-407-thread-1] INFO  server.RaftServerConfigKeys (ConfUtils.java:logGet(44)) - raft.server.log.corruption.policy = EXCEPTION (default)
2022-03-02 19:15:25,300 [pool-407-thread-1] INFO  server.RaftServerConfigKeys (ConfUtils.java:logGet(44)) - raft.server.storage.free-space.min = 0MB (=0) (default)
2022-03-02 19:15:25,300 [pool-407-thread-1] INFO  storage.RaftStorageDirectory (RaftStorageDirectoryImpl.java:analyzeStorage(135)) - The storage directory /home/runner/work/ozone/ozone/hadoop-ozone/integration-test/target/test-dir/MiniOzoneClusterImpl-403ad05d-12dd-4695-ad1e-d5eafc849fbc/datanode-2/data/ratis/2b254719-62e1-45ad-b4c0-465aee61ab4c does not exist. Creating ...
2022-03-02 19:15:25,303 [pool-407-thread-1] INFO  storage.RaftStorageDirectory (RaftStorageDirectoryImpl.java:tryLock(230)) - Lock on /home/runner/work/ozone/ozone/hadoop-ozone/integration-test/target/test-dir/MiniOzoneClusterImpl-403ad05d-12dd-4695-ad1e-d5eafc849fbc/datanode-2/data/ratis/2b254719-62e1-45ad-b4c0-465aee61ab4c/in_use.lock acquired by nodename 6445@fv-az396-267
2022-03-02 19:15:25,305 [pool-407-thread-1] INFO  storage.RaftStorage (RaftStorageImpl.java:format(89)) - Storage directory /home/runner/work/ozone/ozone/hadoop-ozone/integration-test/target/test-dir/MiniOzoneClusterImpl-403ad05d-12dd-4695-ad1e-d5eafc849fbc/datanode-2/data/ratis/2b254719-62e1-45ad-b4c0-465aee61ab4c has been successfully formatted.
2022-03-02 19:15:25,307 [EventQueue-PipelineReportForPipelineReportHandler] INFO  pipeline.PipelineManagerImpl (PipelineManagerImpl.java:openPipeline(291)) - Pipeline Pipeline[ Id: 2b254719-62e1-45ad-b4c0-465aee61ab4c, Nodes: 8c53a021-9171-485b-b256-839aa3d3ad02{ip: 127.0.0.1, host: localhost, ports: [REPLICATION=46587, RATIS=41201, RATIS_ADMIN=41201, RATIS_SERVER=41201, STANDALONE=42175], networkLocation: /default-rack, certSerialId: null, persistedOpState: IN_SERVICE, persistedOpStateExpiryEpochSec: 0}, ReplicationConfig: RATIS/ONE, State:ALLOCATED, leaderId:8c53a021-9171-485b-b256-839aa3d3ad02, CreationTimestamp2022-03-02T19:15:22.307Z[Etc/UTC]] moved to OPEN state
2022-03-02 19:15:25,310 [pool-407-thread-1] INFO  ratis.ContainerStateMachine (ContainerStateMachine.java:loadSnapshot(236)) - group-465AEE61AB4C: The snapshot info is null. Setting the last applied indexto:(t:0, i:~)
2022-03-02 19:15:25,310 [pool-407-thread-1] INFO  server.RaftServerConfigKeys (ConfUtils.java:logGet(44)) - raft.server.notification.no-leader.timeout = 300s (custom)
2022-03-02 19:15:25,311 [pool-407-thread-1] INFO  server.RaftServerConfigKeys (ConfUtils.java:logGet(44)) - raft.server.log.use.memory = false (default)
2022-03-02 19:15:25,311 [pool-407-thread-1] INFO  server.RaftServerConfigKeys (ConfUtils.java:logGet(44)) - raft.server.log.purge.gap = 1000000 (custom)
2022-03-02 19:15:25,311 [pool-407-thread-1] INFO  server.RaftServerConfigKeys (ConfUtils.java:logGet(44)) - raft.server.log.appender.buffer.byte-limit = 33554432 (custom)
2022-03-02 19:15:25,311 [pool-407-thread-1] INFO  server.RaftServerConfigKeys (ConfUtils.java:logGet(44)) - raft.server.log.segment.size.max = 1048576 (custom)
2022-03-02 19:15:25,312 [pool-407-thread-1] INFO  server.RaftServerConfigKeys (ConfUtils.java:logGet(44)) - raft.server.log.segment.cache.num.max = 2 (custom)
2022-03-02 19:15:25,313 [pool-407-thread-1] INFO  server.RaftServerConfigKeys (ConfUtils.java:logGet(44)) - raft.server.log.segment.cache.size.max = 200MB (=209715200) (default)
2022-03-02 19:15:25,313 [pool-407-thread-1] INFO  segmented.SegmentedRaftLogWorker (SegmentedRaftLogWorker.java:<init>(182)) - new 8c53a021-9171-485b-b256-839aa3d3ad02@group-465AEE61AB4C-SegmentedRaftLogWorker for RaftStorageImpl:Storage Directory /home/runner/work/ozone/ozone/hadoop-ozone/integration-test/target/test-dir/MiniOzoneClusterImpl-403ad05d-12dd-4695-ad1e-d5eafc849fbc/datanode-2/data/ratis/2b254719-62e1-45ad-b4c0-465aee61ab4c
2022-03-02 19:15:25,313 [pool-407-thread-1] INFO  server.RaftServerConfigKeys (ConfUtils.java:logGet(44)) - raft.server.log.queue.byte-limit = 4294967296 (custom)
2022-03-02 19:15:25,313 [pool-407-thread-1] INFO  server.RaftServerConfigKeys (ConfUtils.java:logGet(44)) - raft.server.log.queue.element-limit = 1024 (custom)
2022-03-02 19:15:25,313 [pool-407-thread-1] INFO  server.RaftServerConfigKeys (ConfUtils.java:logGet(44)) - raft.server.log.segment.size.max = 1048576 (custom)
2022-03-02 19:15:25,314 [pool-407-thread-1] INFO  server.RaftServerConfigKeys (ConfUtils.java:logGet(44)) - raft.server.log.preallocated.size = 16384 (custom)
2022-03-02 19:15:25,314 [pool-407-thread-1] INFO  server.RaftServerConfigKeys (ConfUtils.java:logGet(44)) - raft.server.log.force.sync.num = 128 (default)
2022-03-02 19:15:25,314 [pool-407-thread-1] INFO  server.RaftServerConfigKeys (ConfUtils.java:logGet(44)) - raft.server.log.statemachine.data.sync = true (default)
2022-03-02 19:15:25,314 [pool-407-thread-1] INFO  server.RaftServerConfigKeys (ConfUtils.java:logGet(44)) - raft.server.log.statemachine.data.sync.timeout = 10s (default)
2022-03-02 19:15:25,314 [pool-407-thread-1] INFO  server.RaftServerConfigKeys (ConfUtils.java:logGet(44)) - raft.server.log.statemachine.data.sync.timeout.retry = -1 (default)
2022-03-02 19:15:25,315 [EventQueue-PipelineReportForPipelineReportHandler] INFO  pipeline.PipelineManagerImpl (PipelineManagerImpl.java:openPipeline(291)) - Pipeline Pipeline[ Id: 2b254719-62e1-45ad-b4c0-465aee61ab4c, Nodes: 8c53a021-9171-485b-b256-839aa3d3ad02{ip: 127.0.0.1, host: localhost, ports: [REPLICATION=46587, RATIS=41201, RATIS_ADMIN=41201, RATIS_SERVER=41201, STANDALONE=42175], networkLocation: /default-rack, certSerialId: null, persistedOpState: IN_SERVICE, persistedOpStateExpiryEpochSec: 0}, ReplicationConfig: RATIS/ONE, State:ALLOCATED, leaderId:8c53a021-9171-485b-b256-839aa3d3ad02, CreationTimestamp2022-03-02T19:15:22.307Z[Etc/UTC]] moved to OPEN state
2022-03-02 19:15:25,318 [pool-407-thread-1] INFO  server.RaftServerConfigKeys (ConfUtils.java:logGet(44)) - raft.server.log.write.buffer.size = 1048576 (custom)
2022-03-02 19:15:25,318 [pool-407-thread-1] INFO  server.RaftServerConfigKeys (ConfUtils.java:logGet(44)) - raft.server.log.statemachine.data.caching.enabled = true (custom)
2022-03-02 19:15:25,318 [pool-407-thread-1] INFO  segmented.SegmentedRaftLogWorker (SegmentedRaftLogWorker.java:lambda$new$0(133)) - 8c53a021-9171-485b-b256-839aa3d3ad02@group-465AEE61AB4C-SegmentedRaftLogWorker: flushIndex: setUnconditionally 0 -> -1
2022-03-02 19:15:25,318 [pool-407-thread-1] INFO  segmented.SegmentedRaftLogWorker (SegmentedRaftLogWorker.java:lambda$new$0(133)) - 8c53a021-9171-485b-b256-839aa3d3ad02@group-465AEE61AB4C-SegmentedRaftLogWorker: safeCacheEvictIndex: setUnconditionally 0 -> -1
2022-03-02 19:15:25,333 [878dadca-57df-4ab3-9601-92853b413341@group-D5EAFC849FBC-StateMachineUpdater] INFO  safemode.HealthyPipelineSafeModeRule (HealthyPipelineSafeModeRule.java:initializeRule(152)) - Refreshed total pipeline count is 0, healthy pipeline threshold count is 1
2022-03-02 19:15:25,333 [EventQueue-OpenPipelineForHealthyPipelineSafeModeRule] INFO  safemode.SCMSafeModeManager (HealthyPipelineSafeModeRule.java:process(124)) - SCM in safe mode. Healthy pipelines reported count is 0, required healthy pipeline reported count is 1
2022-03-02 19:15:25,345 [pool-407-thread-1] INFO  server.RaftServerConfigKeys (ConfUtils.java:logGet(44)) - raft.server.snapshot.auto.trigger.enabled = true (custom)
2022-03-02 19:15:25,345 [pool-407-thread-1] INFO  server.RaftServerConfigKeys (ConfUtils.java:logGet(44)) - raft.server.snapshot.auto.trigger.threshold = 10000 (custom)
2022-03-02 19:15:25,345 [pool-407-thread-1] INFO  server.RaftServerConfigKeys (ConfUtils.java:logGet(44)) - raft.server.snapshot.retention.file.num = 5 (custom)
2022-03-02 19:15:25,345 [pool-407-thread-1] INFO  server.RaftServerConfigKeys (ConfUtils.java:logGet(44)) - raft.server.log.purge.upto.snapshot.index = false (default)
2022-03-02 19:15:25,351 [pool-407-thread-1] INFO  server.RaftServerConfigKeys (ConfUtils.java:logGet(44)) - raft.server.retrycache.expirytime = 600000ms (custom)
2022-03-02 19:15:25,351 [pool-407-thread-1] INFO  server.RaftServerConfigKeys (ConfUtils.java:logGet(44)) - raft.server.retrycache.statistics.expirytime = 100μs (default)
2022-03-02 19:15:25,352 [49081caa-6924-42d1-b762-c940ad9f7c50@group-D5EAFC849FBC-StateMachineUpdater] INFO  safemode.HealthyPipelineSafeModeRule (HealthyPipelineSafeModeRule.java:initializeRule(152)) - Refreshed total pipeline count is 0, healthy pipeline threshold count is 1
2022-03-02 19:15:25,352 [pool-407-thread-1] INFO  server.RaftServer$Division (RaftServerImpl.java:start(301)) - 8c53a021-9171-485b-b256-839aa3d3ad02@group-465AEE61AB4C: start as a follower, conf=-1: [8c53a021-9171-485b-b256-839aa3d3ad02|rpc:127.0.0.1:41201|priority:1], old=null
2022-03-02 19:15:25,353 [pool-407-thread-1] INFO  server.RaftServer$Division (RaftServerImpl.java:setRole(290)) - 8c53a021-9171-485b-b256-839aa3d3ad02@group-465AEE61AB4C: changes role from      null to FOLLOWER at term 0 for startAsFollower
2022-03-02 19:15:25,353 [pool-407-thread-1] INFO  impl.RoleInfo (RoleInfo.java:updateAndGet(130)) - 8c53a021-9171-485b-b256-839aa3d3ad02: start 8c53a021-9171-485b-b256-839aa3d3ad02@group-465AEE61AB4C-FollowerState
2022-03-02 19:15:25,358 [pool-407-thread-1] INFO  util.JmxRegister (JmxRegister.java:tryRegister(44)) - Successfully registered JMX Bean with object name Ratis:service=RaftServer,group=group-465AEE61AB4C,id=8c53a021-9171-485b-b256-839aa3d3ad02
2022-03-02 19:15:25,376 [Command processor thread] INFO  ratis.XceiverServerRatis (XceiverServerRatis.java:addGroup(769)) - Created group PipelineID=2b254719-62e1-45ad-b4c0-465aee61ab4c
2022-03-02 19:15:25,376 [Command processor thread] INFO  commandhandler.CreatePipelineCommandHandler (CreatePipelineCommandHandler.java:handle(106)) - Created Pipeline RATIS ONE PipelineID=2b254719-62e1-45ad-b4c0-465aee61ab4c.
2022-03-02 19:15:25,396 [EventQueue-OpenPipelineForHealthyPipelineSafeModeRule] INFO  safemode.SCMSafeModeManager (HealthyPipelineSafeModeRule.java:process(124)) - SCM in safe mode. Healthy pipelines reported count is 0, required healthy pipeline reported count is 1
2022-03-02 19:15:25,397 [EventQueue-OpenPipelineForHealthyPipelineSafeModeRule] INFO  safemode.SCMSafeModeManager (HealthyPipelineSafeModeRule.java:process(124)) - SCM in safe mode. Healthy pipelines reported count is 0, required healthy pipeline reported count is 1
2022-03-02 19:15:25,860 [EndpointStateMachine task thread for /127.0.0.1:45835 - 0 ] INFO  ipc.Client (Client.java:handleConnectionFailure(977)) - Retrying connect to server: localhost/127.0.0.1:45835. Already tried 3 time(s); retry policy is RetryUpToMaximumCountWithFixedSleep(maxRetries=15, sleepTime=1000 MILLISECONDS)
2022-03-02 19:15:25,862 [EndpointStateMachine task thread for /127.0.0.1:44351 - 0 ] INFO  ipc.Client (Client.java:handleConnectionFailure(977)) - Retrying connect to server: localhost/127.0.0.1:44351. Already tried 3 time(s); retry policy is RetryUpToMaximumCountWithFixedSleep(maxRetries=15, sleepTime=1000 MILLISECONDS)
2022-03-02 19:15:25,863 [EndpointStateMachine task thread for /127.0.0.1:34023 - 0 ] INFO  ipc.Client (Client.java:handleConnectionFailure(977)) - Retrying connect to server: localhost/127.0.0.1:34023. Already tried 3 time(s); retry policy is RetryUpToMaximumCountWithFixedSleep(maxRetries=15, sleepTime=1000 MILLISECONDS)
2022-03-02 19:15:25,931 [Datanode State Machine Daemon Thread] ERROR datanode.RunningDatanodeState (RunningDatanodeState.java:computeNextContainerState(201)) - Error in executing end point task.
java.util.concurrent.ExecutionException: java.util.concurrent.TimeoutException
	at java.util.concurrent.FutureTask.report(FutureTask.java:122)
	at java.util.concurrent.FutureTask.get(FutureTask.java:192)
	at org.apache.hadoop.ozone.container.common.states.datanode.RunningDatanodeState.computeNextContainerState(RunningDatanodeState.java:193)
	at org.apache.hadoop.ozone.container.common.states.datanode.RunningDatanodeState.await(RunningDatanodeState.java:233)
	at org.apache.hadoop.ozone.container.common.states.datanode.RunningDatanodeState.await(RunningDatanodeState.java:50)
	at org.apache.hadoop.ozone.container.common.statemachine.StateContext.execute(StateContext.java:658)
	at org.apache.hadoop.ozone.container.common.statemachine.DatanodeStateMachine.startStateMachineThread(DatanodeStateMachine.java:283)
	at org.apache.hadoop.ozone.container.common.statemachine.DatanodeStateMachine.lambda$startDaemon$0(DatanodeStateMachine.java:471)
	at java.lang.Thread.run(Thread.java:750)
Caused by: java.util.concurrent.TimeoutException
	at java.util.concurrent.FutureTask.get(FutureTask.java:205)
	at org.apache.hadoop.ozone.container.common.states.datanode.RunningDatanodeState.lambda$execute$0(RunningDatanodeState.java:151)
	at java.util.concurrent.FutureTask.run(FutureTask.java:266)
	at java.util.concurrent.Executors$RunnableAdapter.call(Executors.java:511)
	at java.util.concurrent.FutureTask.run(FutureTask.java:266)
	at java.util.concurrent.ThreadPoolExecutor.runWorker(ThreadPoolExecutor.java:1149)
	at java.util.concurrent.ThreadPoolExecutor$Worker.run(ThreadPoolExecutor.java:624)
	... 1 more
2022-03-02 19:15:26,263 [Listener at 127.0.0.1/37389] INFO  ozone.MiniOzoneClusterImpl (MiniOzoneClusterImpl.java:lambda$waitForClusterToBeReady$0(219)) - Nodes are ready. Got 3 of 3 DN Heartbeats.
2022-03-02 19:15:26,264 [Listener at 127.0.0.1/37389] INFO  ozone.MiniOzoneClusterImpl (MiniOzoneClusterImpl.java:lambda$waitForClusterToBeReady$0(222)) - Waiting for cluster to exit safe mode
2022-03-02 19:15:26,264 [Listener at 127.0.0.1/37389] INFO  ozone.MiniOzoneClusterImpl (MiniOzoneClusterImpl.java:lambda$waitForClusterToBeReady$0(224)) - SCM became leader
2022-03-02 19:15:26,860 [EndpointStateMachine task thread for /127.0.0.1:45835 - 0 ] INFO  ipc.Client (Client.java:handleConnectionFailure(977)) - Retrying connect to server: localhost/127.0.0.1:45835. Already tried 4 time(s); retry policy is RetryUpToMaximumCountWithFixedSleep(maxRetries=15, sleepTime=1000 MILLISECONDS)
2022-03-02 19:15:26,862 [EndpointStateMachine task thread for /127.0.0.1:44351 - 0 ] INFO  ipc.Client (Client.java:handleConnectionFailure(977)) - Retrying connect to server: localhost/127.0.0.1:44351. Already tried 4 time(s); retry policy is RetryUpToMaximumCountWithFixedSleep(maxRetries=15, sleepTime=1000 MILLISECONDS)
2022-03-02 19:15:26,863 [EndpointStateMachine task thread for /127.0.0.1:34023 - 0 ] INFO  ipc.Client (Client.java:handleConnectionFailure(977)) - Retrying connect to server: localhost/127.0.0.1:34023. Already tried 4 time(s); retry policy is RetryUpToMaximumCountWithFixedSleep(maxRetries=15, sleepTime=1000 MILLISECONDS)
2022-03-02 19:15:26,933 [Datanode State Machine Daemon Thread] ERROR datanode.RunningDatanodeState (RunningDatanodeState.java:computeNextContainerState(201)) - Error in executing end point task.
java.util.concurrent.ExecutionException: java.util.concurrent.TimeoutException
	at java.util.concurrent.FutureTask.report(FutureTask.java:122)
	at java.util.concurrent.FutureTask.get(FutureTask.java:192)
	at org.apache.hadoop.ozone.container.common.states.datanode.RunningDatanodeState.computeNextContainerState(RunningDatanodeState.java:193)
	at org.apache.hadoop.ozone.container.common.states.datanode.RunningDatanodeState.await(RunningDatanodeState.java:233)
	at org.apache.hadoop.ozone.container.common.states.datanode.RunningDatanodeState.await(RunningDatanodeState.java:50)
	at org.apache.hadoop.ozone.container.common.statemachine.StateContext.execute(StateContext.java:658)
	at org.apache.hadoop.ozone.container.common.statemachine.DatanodeStateMachine.startStateMachineThread(DatanodeStateMachine.java:283)
	at org.apache.hadoop.ozone.container.common.statemachine.DatanodeStateMachine.lambda$startDaemon$0(DatanodeStateMachine.java:471)
	at java.lang.Thread.run(Thread.java:750)
Caused by: java.util.concurrent.TimeoutException
	at java.util.concurrent.FutureTask.get(FutureTask.java:205)
	at org.apache.hadoop.ozone.container.common.states.datanode.RunningDatanodeState.lambda$execute$0(RunningDatanodeState.java:151)
	at java.util.concurrent.FutureTask.run(FutureTask.java:266)
	at java.util.concurrent.Executors$RunnableAdapter.call(Executors.java:511)
	at java.util.concurrent.FutureTask.run(FutureTask.java:266)
	at java.util.concurrent.ThreadPoolExecutor.runWorker(ThreadPoolExecutor.java:1149)
	at java.util.concurrent.ThreadPoolExecutor$Worker.run(ThreadPoolExecutor.java:624)
	... 1 more
2022-03-02 19:15:27,264 [Listener at 127.0.0.1/37389] INFO  ozone.MiniOzoneClusterImpl (MiniOzoneClusterImpl.java:lambda$waitForClusterToBeReady$0(219)) - Nodes are ready. Got 3 of 3 DN Heartbeats.
2022-03-02 19:15:27,264 [Listener at 127.0.0.1/37389] INFO  ozone.MiniOzoneClusterImpl (MiniOzoneClusterImpl.java:lambda$waitForClusterToBeReady$0(222)) - Waiting for cluster to exit safe mode
2022-03-02 19:15:27,264 [Listener at 127.0.0.1/37389] INFO  ozone.MiniOzoneClusterImpl (MiniOzoneClusterImpl.java:lambda$waitForClusterToBeReady$0(224)) - SCM became leader
2022-03-02 19:15:27,310 [Datanode State Machine Daemon Thread] ERROR datanode.RunningDatanodeState (RunningDatanodeState.java:computeNextContainerState(201)) - Error in executing end point task.
java.util.concurrent.ExecutionException: java.util.concurrent.TimeoutException
	at java.util.concurrent.FutureTask.report(FutureTask.java:122)
	at java.util.concurrent.FutureTask.get(FutureTask.java:192)
	at org.apache.hadoop.ozone.container.common.states.datanode.RunningDatanodeState.computeNextContainerState(RunningDatanodeState.java:193)
	at org.apache.hadoop.ozone.container.common.states.datanode.RunningDatanodeState.await(RunningDatanodeState.java:233)
	at org.apache.hadoop.ozone.container.common.states.datanode.RunningDatanodeState.await(RunningDatanodeState.java:50)
	at org.apache.hadoop.ozone.container.common.statemachine.StateContext.execute(StateContext.java:658)
	at org.apache.hadoop.ozone.container.common.statemachine.DatanodeStateMachine.startStateMachineThread(DatanodeStateMachine.java:283)
	at org.apache.hadoop.ozone.container.common.statemachine.DatanodeStateMachine.lambda$startDaemon$0(DatanodeStateMachine.java:471)
	at java.lang.Thread.run(Thread.java:750)
Caused by: java.util.concurrent.TimeoutException
	at java.util.concurrent.FutureTask.get(FutureTask.java:205)
	at org.apache.hadoop.ozone.container.common.states.datanode.RunningDatanodeState.lambda$execute$0(RunningDatanodeState.java:151)
	at java.util.concurrent.FutureTask.run(FutureTask.java:266)
	at java.util.concurrent.Executors$RunnableAdapter.call(Executors.java:511)
	at java.util.concurrent.FutureTask.run(FutureTask.java:266)
	at java.util.concurrent.ThreadPoolExecutor.runWorker(ThreadPoolExecutor.java:1149)
	at java.util.concurrent.ThreadPoolExecutor$Worker.run(ThreadPoolExecutor.java:624)
	... 1 more
2022-03-02 19:15:27,861 [EndpointStateMachine task thread for /127.0.0.1:45835 - 0 ] INFO  ipc.Client (Client.java:handleConnectionFailure(977)) - Retrying connect to server: localhost/127.0.0.1:45835. Already tried 5 time(s); retry policy is RetryUpToMaximumCountWithFixedSleep(maxRetries=15, sleepTime=1000 MILLISECONDS)
2022-03-02 19:15:27,863 [EndpointStateMachine task thread for /127.0.0.1:44351 - 0 ] INFO  ipc.Client (Client.java:handleConnectionFailure(977)) - Retrying connect to server: localhost/127.0.0.1:44351. Already tried 5 time(s); retry policy is RetryUpToMaximumCountWithFixedSleep(maxRetries=15, sleepTime=1000 MILLISECONDS)
2022-03-02 19:15:27,864 [EndpointStateMachine task thread for /127.0.0.1:34023 - 0 ] INFO  ipc.Client (Client.java:handleConnectionFailure(977)) - Retrying connect to server: localhost/127.0.0.1:34023. Already tried 5 time(s); retry policy is RetryUpToMaximumCountWithFixedSleep(maxRetries=15, sleepTime=1000 MILLISECONDS)
2022-03-02 19:15:27,935 [Datanode State Machine Daemon Thread] ERROR datanode.RunningDatanodeState (RunningDatanodeState.java:computeNextContainerState(201)) - Error in executing end point task.
java.util.concurrent.ExecutionException: java.util.concurrent.TimeoutException
	at java.util.concurrent.FutureTask.report(FutureTask.java:122)
	at java.util.concurrent.FutureTask.get(FutureTask.java:192)
	at org.apache.hadoop.ozone.container.common.states.datanode.RunningDatanodeState.computeNextContainerState(RunningDatanodeState.java:193)
	at org.apache.hadoop.ozone.container.common.states.datanode.RunningDatanodeState.await(RunningDatanodeState.java:233)
	at org.apache.hadoop.ozone.container.common.states.datanode.RunningDatanodeState.await(RunningDatanodeState.java:50)
	at org.apache.hadoop.ozone.container.common.statemachine.StateContext.execute(StateContext.java:658)
	at org.apache.hadoop.ozone.container.common.statemachine.DatanodeStateMachine.startStateMachineThread(DatanodeStateMachine.java:283)
	at org.apache.hadoop.ozone.container.common.statemachine.DatanodeStateMachine.lambda$startDaemon$0(DatanodeStateMachine.java:471)
	at java.lang.Thread.run(Thread.java:750)
Caused by: java.util.concurrent.TimeoutException
	at java.util.concurrent.FutureTask.get(FutureTask.java:205)
	at org.apache.hadoop.ozone.container.common.states.datanode.RunningDatanodeState.lambda$execute$0(RunningDatanodeState.java:151)
	at java.util.concurrent.FutureTask.run(FutureTask.java:266)
	at java.util.concurrent.Executors$RunnableAdapter.call(Executors.java:511)
	at java.util.concurrent.FutureTask.run(FutureTask.java:266)
	at java.util.concurrent.ThreadPoolExecutor.runWorker(ThreadPoolExecutor.java:1149)
	at java.util.concurrent.ThreadPoolExecutor$Worker.run(ThreadPoolExecutor.java:624)
	... 1 more
2022-03-02 19:15:28,265 [Listener at 127.0.0.1/37389] INFO  ozone.MiniOzoneClusterImpl (MiniOzoneClusterImpl.java:lambda$waitForClusterToBeReady$0(219)) - Nodes are ready. Got 3 of 3 DN Heartbeats.
2022-03-02 19:15:28,265 [Listener at 127.0.0.1/37389] INFO  ozone.MiniOzoneClusterImpl (MiniOzoneClusterImpl.java:lambda$waitForClusterToBeReady$0(222)) - Waiting for cluster to exit safe mode
2022-03-02 19:15:28,265 [Listener at 127.0.0.1/37389] INFO  ozone.MiniOzoneClusterImpl (MiniOzoneClusterImpl.java:lambda$waitForClusterToBeReady$0(224)) - SCM became leader
2022-03-02 19:15:28,862 [EndpointStateMachine task thread for /127.0.0.1:45835 - 0 ] INFO  ipc.Client (Client.java:handleConnectionFailure(977)) - Retrying connect to server: localhost/127.0.0.1:45835. Already tried 6 time(s); retry policy is RetryUpToMaximumCountWithFixedSleep(maxRetries=15, sleepTime=1000 MILLISECONDS)
2022-03-02 19:15:28,863 [EndpointStateMachine task thread for /127.0.0.1:44351 - 0 ] INFO  ipc.Client (Client.java:handleConnectionFailure(977)) - Retrying connect to server: localhost/127.0.0.1:44351. Already tried 6 time(s); retry policy is RetryUpToMaximumCountWithFixedSleep(maxRetries=15, sleepTime=1000 MILLISECONDS)
2022-03-02 19:15:28,864 [EndpointStateMachine task thread for /127.0.0.1:34023 - 0 ] INFO  ipc.Client (Client.java:handleConnectionFailure(977)) - Retrying connect to server: localhost/127.0.0.1:34023. Already tried 6 time(s); retry policy is RetryUpToMaximumCountWithFixedSleep(maxRetries=15, sleepTime=1000 MILLISECONDS)
2022-03-02 19:15:29,266 [Listener at 127.0.0.1/37389] INFO  ozone.MiniOzoneClusterImpl (MiniOzoneClusterImpl.java:lambda$waitForClusterToBeReady$0(219)) - Nodes are ready. Got 3 of 3 DN Heartbeats.
2022-03-02 19:15:29,266 [Listener at 127.0.0.1/37389] INFO  ozone.MiniOzoneClusterImpl (MiniOzoneClusterImpl.java:lambda$waitForClusterToBeReady$0(222)) - Waiting for cluster to exit safe mode
2022-03-02 19:15:29,266 [Listener at 127.0.0.1/37389] INFO  ozone.MiniOzoneClusterImpl (MiniOzoneClusterImpl.java:lambda$waitForClusterToBeReady$0(224)) - SCM became leader
2022-03-02 19:15:29,314 [Datanode State Machine Daemon Thread] ERROR datanode.RunningDatanodeState (RunningDatanodeState.java:computeNextContainerState(201)) - Error in executing end point task.
java.util.concurrent.ExecutionException: java.util.concurrent.TimeoutException
	at java.util.concurrent.FutureTask.report(FutureTask.java:122)
	at java.util.concurrent.FutureTask.get(FutureTask.java:192)
	at org.apache.hadoop.ozone.container.common.states.datanode.RunningDatanodeState.computeNextContainerState(RunningDatanodeState.java:193)
	at org.apache.hadoop.ozone.container.common.states.datanode.RunningDatanodeState.await(RunningDatanodeState.java:233)
	at org.apache.hadoop.ozone.container.common.states.datanode.RunningDatanodeState.await(RunningDatanodeState.java:50)
	at org.apache.hadoop.ozone.container.common.statemachine.StateContext.execute(StateContext.java:658)
	at org.apache.hadoop.ozone.container.common.statemachine.DatanodeStateMachine.startStateMachineThread(DatanodeStateMachine.java:283)
	at org.apache.hadoop.ozone.container.common.statemachine.DatanodeStateMachine.lambda$startDaemon$0(DatanodeStateMachine.java:471)
	at java.lang.Thread.run(Thread.java:750)
Caused by: java.util.concurrent.TimeoutException
	at java.util.concurrent.FutureTask.get(FutureTask.java:205)
	at org.apache.hadoop.ozone.container.common.states.datanode.RunningDatanodeState.lambda$execute$0(RunningDatanodeState.java:151)
	at java.util.concurrent.FutureTask.run(FutureTask.java:266)
	at java.util.concurrent.Executors$RunnableAdapter.call(Executors.java:511)
	at java.util.concurrent.FutureTask.run(FutureTask.java:266)
	at java.util.concurrent.ThreadPoolExecutor.runWorker(ThreadPoolExecutor.java:1149)
	at java.util.concurrent.ThreadPoolExecutor$Worker.run(ThreadPoolExecutor.java:624)
	... 1 more
2022-03-02 19:15:29,499 [730712bf-dc51-4bd6-9c9f-e27f92c302bd@group-07251DCED2C8-FollowerState] INFO  impl.FollowerState (FollowerState.java:run(134)) - 730712bf-dc51-4bd6-9c9f-e27f92c302bd@group-07251DCED2C8-FollowerState: change to CANDIDATE, lastRpcElapsedTime:5040697045ns, electionTimeout:5037ms
2022-03-02 19:15:29,499 [730712bf-dc51-4bd6-9c9f-e27f92c302bd@group-07251DCED2C8-FollowerState] INFO  impl.RoleInfo (RoleInfo.java:shutdownFollowerState(108)) - 730712bf-dc51-4bd6-9c9f-e27f92c302bd: shutdown 730712bf-dc51-4bd6-9c9f-e27f92c302bd@group-07251DCED2C8-FollowerState
2022-03-02 19:15:29,499 [730712bf-dc51-4bd6-9c9f-e27f92c302bd@group-07251DCED2C8-FollowerState] INFO  server.RaftServer$Division (RaftServerImpl.java:setRole(290)) - 730712bf-dc51-4bd6-9c9f-e27f92c302bd@group-07251DCED2C8: changes role from  FOLLOWER to CANDIDATE at term 0 for changeToCandidate
2022-03-02 19:15:29,501 [730712bf-dc51-4bd6-9c9f-e27f92c302bd@group-07251DCED2C8-FollowerState] INFO  server.RaftServerConfigKeys (ConfUtils.java:logGet(44)) - raft.server.leaderelection.pre-vote = false (custom)
2022-03-02 19:15:29,501 [730712bf-dc51-4bd6-9c9f-e27f92c302bd@group-07251DCED2C8-FollowerState] INFO  impl.RoleInfo (RoleInfo.java:updateAndGet(130)) - 730712bf-dc51-4bd6-9c9f-e27f92c302bd: start 730712bf-dc51-4bd6-9c9f-e27f92c302bd@group-07251DCED2C8-LeaderElection18
2022-03-02 19:15:29,528 [730712bf-dc51-4bd6-9c9f-e27f92c302bd@group-07251DCED2C8-LeaderElection18] INFO  impl.LeaderElection (LeaderElection.java:askForVotes(306)) - 730712bf-dc51-4bd6-9c9f-e27f92c302bd@group-07251DCED2C8-LeaderElection18 ELECTION round 0: submit vote requests at term 1 for -1: [730712bf-dc51-4bd6-9c9f-e27f92c302bd|rpc:127.0.0.1:43177|priority:1], old=null
2022-03-02 19:15:29,528 [730712bf-dc51-4bd6-9c9f-e27f92c302bd@group-07251DCED2C8-LeaderElection18] INFO  impl.LeaderElection (LeaderElection.java:askForVotes(308)) - 730712bf-dc51-4bd6-9c9f-e27f92c302bd@group-07251DCED2C8-LeaderElection18 ELECTION round 0: result PASSED (term=1)
2022-03-02 19:15:29,528 [730712bf-dc51-4bd6-9c9f-e27f92c302bd@group-07251DCED2C8-LeaderElection18] INFO  impl.RoleInfo (RoleInfo.java:shutdownLeaderElection(121)) - 730712bf-dc51-4bd6-9c9f-e27f92c302bd: shutdown 730712bf-dc51-4bd6-9c9f-e27f92c302bd@group-07251DCED2C8-LeaderElection18
2022-03-02 19:15:29,528 [730712bf-dc51-4bd6-9c9f-e27f92c302bd@group-07251DCED2C8-LeaderElection18] INFO  server.RaftServer$Division (RaftServerImpl.java:setRole(290)) - 730712bf-dc51-4bd6-9c9f-e27f92c302bd@group-07251DCED2C8: changes role from CANDIDATE to LEADER at term 1 for changeToLeader
2022-03-02 19:15:29,528 [730712bf-dc51-4bd6-9c9f-e27f92c302bd@group-07251DCED2C8-LeaderElection18] INFO  ratis.XceiverServerRatis (XceiverServerRatis.java:handleLeaderChangedNotification(867)) - Leader change notification received for group: group-07251DCED2C8 with new leaderId: 730712bf-dc51-4bd6-9c9f-e27f92c302bd
2022-03-02 19:15:29,528 [730712bf-dc51-4bd6-9c9f-e27f92c302bd@group-07251DCED2C8-LeaderElection18] INFO  server.RaftServer$Division (ServerState.java:setLeader(285)) - 730712bf-dc51-4bd6-9c9f-e27f92c302bd@group-07251DCED2C8: change Leader from null to 730712bf-dc51-4bd6-9c9f-e27f92c302bd at term 1 for becomeLeader, leader elected after 5103ms
2022-03-02 19:15:29,528 [730712bf-dc51-4bd6-9c9f-e27f92c302bd@group-07251DCED2C8-LeaderElection18] INFO  server.RaftServerConfigKeys (ConfUtils.java:logGet(44)) - raft.server.staging.catchup.gap = 1000 (default)
2022-03-02 19:15:29,529 [730712bf-dc51-4bd6-9c9f-e27f92c302bd@group-07251DCED2C8-LeaderElection18] INFO  server.RaftServerConfigKeys (ConfUtils.java:logGet(44)) - raft.server.write.element-limit = 1024 (custom)
2022-03-02 19:15:29,529 [730712bf-dc51-4bd6-9c9f-e27f92c302bd@group-07251DCED2C8-LeaderElection18] INFO  server.RaftServerConfigKeys (ConfUtils.java:logGet(44)) - raft.server.write.byte-limit = 1024 M (=1073741824) (custom)
2022-03-02 19:15:29,530 [730712bf-dc51-4bd6-9c9f-e27f92c302bd@group-07251DCED2C8-LeaderElection18] INFO  server.RaftServerConfigKeys (ConfUtils.java:logGet(44)) - raft.server.watch.timeout = 180s (custom)
2022-03-02 19:15:29,530 [730712bf-dc51-4bd6-9c9f-e27f92c302bd@group-07251DCED2C8-LeaderElection18] INFO  server.RaftServerConfigKeys (ConfUtils.java:logGet(44)) - raft.server.watch.timeout.denomination = 1s (default)
2022-03-02 19:15:29,530 [730712bf-dc51-4bd6-9c9f-e27f92c302bd@group-07251DCED2C8-LeaderElection18] INFO  server.RaftServerConfigKeys (ConfUtils.java:logGet(44)) - raft.server.watch.element-limit = 65536 (default)
2022-03-02 19:15:29,530 [730712bf-dc51-4bd6-9c9f-e27f92c302bd@group-07251DCED2C8-LeaderElection18] INFO  server.RaftServerConfigKeys (ConfUtils.java:logGet(44)) - raft.server.write.element-limit = 1024 (custom)
2022-03-02 19:15:29,530 [730712bf-dc51-4bd6-9c9f-e27f92c302bd@group-07251DCED2C8-LeaderElection18] INFO  server.RaftServerConfigKeys (ConfUtils.java:logGet(44)) - raft.server.write.follower.gap.ratio.max = -1.0 (default)
2022-03-02 19:15:29,530 [730712bf-dc51-4bd6-9c9f-e27f92c302bd@group-07251DCED2C8-LeaderElection18] INFO  impl.RoleInfo (RoleInfo.java:updateAndGet(130)) - 730712bf-dc51-4bd6-9c9f-e27f92c302bd: start 730712bf-dc51-4bd6-9c9f-e27f92c302bd@group-07251DCED2C8-LeaderStateImpl
2022-03-02 19:15:29,531 [730712bf-dc51-4bd6-9c9f-e27f92c302bd@group-07251DCED2C8-LeaderElection18] INFO  segmented.SegmentedRaftLogWorker (SegmentedRaftLogWorker.java:startLogSegment(394)) - 730712bf-dc51-4bd6-9c9f-e27f92c302bd@group-07251DCED2C8-SegmentedRaftLogWorker: Starting segment from index:0
2022-03-02 19:15:29,531 [EventQueue-OpenPipelineForHealthyPipelineSafeModeRule] INFO  safemode.SCMSafeModeManager (HealthyPipelineSafeModeRule.java:process(124)) - SCM in safe mode. Healthy pipelines reported count is 0, required healthy pipeline reported count is 1
2022-03-02 19:15:29,533 [EventQueue-OpenPipelineForHealthyPipelineSafeModeRule] INFO  safemode.SCMSafeModeManager (HealthyPipelineSafeModeRule.java:process(124)) - SCM in safe mode. Healthy pipelines reported count is 0, required healthy pipeline reported count is 1
2022-03-02 19:15:29,534 [730712bf-dc51-4bd6-9c9f-e27f92c302bd@group-07251DCED2C8-SegmentedRaftLogWorker] INFO  segmented.SegmentedRaftLogWorker (SegmentedRaftLogWorker.java:execute(601)) - 730712bf-dc51-4bd6-9c9f-e27f92c302bd@group-07251DCED2C8-SegmentedRaftLogWorker: created new log segment /home/runner/work/ozone/ozone/hadoop-ozone/integration-test/target/test-dir/MiniOzoneClusterImpl-403ad05d-12dd-4695-ad1e-d5eafc849fbc/datanode-0/data/ratis/72970e59-4cd8-45f1-9d27-07251dced2c8/current/log_inprogress_0
2022-03-02 19:15:29,555 [730712bf-dc51-4bd6-9c9f-e27f92c302bd@group-07251DCED2C8-LeaderElection18] INFO  server.RaftServer$Division (ServerState.java:setRaftConf(387)) - 730712bf-dc51-4bd6-9c9f-e27f92c302bd@group-07251DCED2C8: set configuration 0: [730712bf-dc51-4bd6-9c9f-e27f92c302bd|rpc:127.0.0.1:43177|dataStream:|priority:1], old=null
2022-03-02 19:15:29,772 [730712bf-dc51-4bd6-9c9f-e27f92c302bd@group-70DC78C75E08-FollowerState] INFO  impl.FollowerState (FollowerState.java:run(134)) - 730712bf-dc51-4bd6-9c9f-e27f92c302bd@group-70DC78C75E08-FollowerState: change to CANDIDATE, lastRpcElapsedTime:5202725969ns, electionTimeout:5189ms
2022-03-02 19:15:29,772 [730712bf-dc51-4bd6-9c9f-e27f92c302bd@group-70DC78C75E08-FollowerState] INFO  impl.RoleInfo (RoleInfo.java:shutdownFollowerState(108)) - 730712bf-dc51-4bd6-9c9f-e27f92c302bd: shutdown 730712bf-dc51-4bd6-9c9f-e27f92c302bd@group-70DC78C75E08-FollowerState
2022-03-02 19:15:29,772 [730712bf-dc51-4bd6-9c9f-e27f92c302bd@group-70DC78C75E08-FollowerState] INFO  server.RaftServer$Division (RaftServerImpl.java:setRole(290)) - 730712bf-dc51-4bd6-9c9f-e27f92c302bd@group-70DC78C75E08: changes role from  FOLLOWER to CANDIDATE at term 0 for changeToCandidate
2022-03-02 19:15:29,773 [730712bf-dc51-4bd6-9c9f-e27f92c302bd@group-70DC78C75E08-FollowerState] INFO  server.RaftServerConfigKeys (ConfUtils.java:logGet(44)) - raft.server.leaderelection.pre-vote = false (custom)
2022-03-02 19:15:29,773 [730712bf-dc51-4bd6-9c9f-e27f92c302bd@group-70DC78C75E08-FollowerState] INFO  impl.RoleInfo (RoleInfo.java:updateAndGet(130)) - 730712bf-dc51-4bd6-9c9f-e27f92c302bd: start 730712bf-dc51-4bd6-9c9f-e27f92c302bd@group-70DC78C75E08-LeaderElection19
2022-03-02 19:15:29,788 [730712bf-dc51-4bd6-9c9f-e27f92c302bd@group-70DC78C75E08-LeaderElection19] INFO  impl.LeaderElection (LeaderElection.java:askForVotes(306)) - 730712bf-dc51-4bd6-9c9f-e27f92c302bd@group-70DC78C75E08-LeaderElection19 ELECTION round 0: submit vote requests at term 1 for -1: [6a96ca8f-dca1-45f9-908e-cf69810dcb0d|rpc:127.0.0.1:38231|priority:0, 730712bf-dc51-4bd6-9c9f-e27f92c302bd|rpc:127.0.0.1:43177|priority:1, 8c53a021-9171-485b-b256-839aa3d3ad02|rpc:127.0.0.1:41201|priority:0], old=null
2022-03-02 19:15:29,802 [grpc-default-executor-0] INFO  server.RaftServer$Division (RaftServerImpl.java:requestVote(1046)) - 8c53a021-9171-485b-b256-839aa3d3ad02@group-70DC78C75E08: receive requestVote(ELECTION, 730712bf-dc51-4bd6-9c9f-e27f92c302bd, group-70DC78C75E08, 1, (t:0, i:0))
2022-03-02 19:15:29,802 [grpc-default-executor-0] INFO  impl.VoteContext (VoteContext.java:log(48)) - 8c53a021-9171-485b-b256-839aa3d3ad02@group-70DC78C75E08-FOLLOWER: accept ELECTION from 730712bf-dc51-4bd6-9c9f-e27f92c302bd: our priority 0 <= candidate's priority 1
2022-03-02 19:15:29,802 [grpc-default-executor-0] INFO  server.RaftServer$Division (RaftServerImpl.java:setRole(290)) - 8c53a021-9171-485b-b256-839aa3d3ad02@group-70DC78C75E08: changes role from  FOLLOWER to FOLLOWER at term 1 for candidate:730712bf-dc51-4bd6-9c9f-e27f92c302bd
2022-03-02 19:15:29,803 [grpc-default-executor-0] INFO  impl.RoleInfo (RoleInfo.java:shutdownFollowerState(108)) - 8c53a021-9171-485b-b256-839aa3d3ad02: shutdown 8c53a021-9171-485b-b256-839aa3d3ad02@group-70DC78C75E08-FollowerState
2022-03-02 19:15:29,803 [8c53a021-9171-485b-b256-839aa3d3ad02@group-70DC78C75E08-FollowerState] INFO  impl.FollowerState (FollowerState.java:run(143)) - 8c53a021-9171-485b-b256-839aa3d3ad02@group-70DC78C75E08-FollowerState was interrupted: {}
java.lang.InterruptedException: sleep interrupted
	at java.lang.Thread.sleep(Native Method)
	at java.lang.Thread.sleep(Thread.java:342)
	at java.util.concurrent.TimeUnit.sleep(TimeUnit.java:386)
	at org.apache.ratis.util.TimeDuration.sleep(TimeDuration.java:324)
	at org.apache.ratis.util.TimeDuration.sleep(TimeDuration.java:309)
	at org.apache.ratis.server.impl.FollowerState.run(FollowerState.java:118)
2022-03-02 19:15:29,803 [grpc-default-executor-0] INFO  impl.RoleInfo (RoleInfo.java:updateAndGet(130)) - 8c53a021-9171-485b-b256-839aa3d3ad02: start 8c53a021-9171-485b-b256-839aa3d3ad02@group-70DC78C75E08-FollowerState
2022-03-02 19:15:29,816 [grpc-default-executor-1] INFO  server.RaftServer$Division (RaftServerImpl.java:requestVote(1046)) - 6a96ca8f-dca1-45f9-908e-cf69810dcb0d@group-70DC78C75E08: receive requestVote(ELECTION, 730712bf-dc51-4bd6-9c9f-e27f92c302bd, group-70DC78C75E08, 1, (t:0, i:0))
2022-03-02 19:15:29,816 [grpc-default-executor-0] INFO  server.RaftServer$Division (RaftServerImpl.java:requestVote(1078)) - 8c53a021-9171-485b-b256-839aa3d3ad02@group-70DC78C75E08 replies to ELECTION vote request: 730712bf-dc51-4bd6-9c9f-e27f92c302bd<-8c53a021-9171-485b-b256-839aa3d3ad02#0:OK-t1. Peer's state: 8c53a021-9171-485b-b256-839aa3d3ad02@group-70DC78C75E08:t1, leader=null, voted=730712bf-dc51-4bd6-9c9f-e27f92c302bd, raftlog=8c53a021-9171-485b-b256-839aa3d3ad02@group-70DC78C75E08-SegmentedRaftLog:OPENED:c-1, conf=-1: [6a96ca8f-dca1-45f9-908e-cf69810dcb0d|rpc:127.0.0.1:38231|dataStream:|priority:0, 730712bf-dc51-4bd6-9c9f-e27f92c302bd|rpc:127.0.0.1:43177|dataStream:|priority:1, 8c53a021-9171-485b-b256-839aa3d3ad02|rpc:127.0.0.1:41201|dataStream:|priority:0], old=null
2022-03-02 19:15:29,816 [grpc-default-executor-1] INFO  impl.VoteContext (VoteContext.java:log(48)) - 6a96ca8f-dca1-45f9-908e-cf69810dcb0d@group-70DC78C75E08-FOLLOWER: accept ELECTION from 730712bf-dc51-4bd6-9c9f-e27f92c302bd: our priority 0 <= candidate's priority 1
2022-03-02 19:15:29,817 [730712bf-dc51-4bd6-9c9f-e27f92c302bd@group-70DC78C75E08-LeaderElection19] INFO  impl.LeaderElection (LeaderElection.java:logAndReturn(89)) - 730712bf-dc51-4bd6-9c9f-e27f92c302bd@group-70DC78C75E08-LeaderElection19: ELECTION PASSED received 1 response(s) and 0 exception(s):
2022-03-02 19:15:29,817 [730712bf-dc51-4bd6-9c9f-e27f92c302bd@group-70DC78C75E08-LeaderElection19] INFO  impl.LeaderElection (LeaderElection.java:logAndReturn(93)) -   Response 0: 730712bf-dc51-4bd6-9c9f-e27f92c302bd<-8c53a021-9171-485b-b256-839aa3d3ad02#0:OK-t1
2022-03-02 19:15:29,817 [730712bf-dc51-4bd6-9c9f-e27f92c302bd@group-70DC78C75E08-LeaderElection19] INFO  impl.LeaderElection (LeaderElection.java:askForVotes(308)) - 730712bf-dc51-4bd6-9c9f-e27f92c302bd@group-70DC78C75E08-LeaderElection19 ELECTION round 0: result PASSED
2022-03-02 19:15:29,817 [730712bf-dc51-4bd6-9c9f-e27f92c302bd@group-70DC78C75E08-LeaderElection19] INFO  impl.RoleInfo (RoleInfo.java:shutdownLeaderElection(121)) - 730712bf-dc51-4bd6-9c9f-e27f92c302bd: shutdown 730712bf-dc51-4bd6-9c9f-e27f92c302bd@group-70DC78C75E08-LeaderElection19
2022-03-02 19:15:29,817 [730712bf-dc51-4bd6-9c9f-e27f92c302bd@group-70DC78C75E08-LeaderElection19] INFO  server.RaftServer$Division (RaftServerImpl.java:setRole(290)) - 730712bf-dc51-4bd6-9c9f-e27f92c302bd@group-70DC78C75E08: changes role from CANDIDATE to LEADER at term 1 for changeToLeader
2022-03-02 19:15:29,817 [730712bf-dc51-4bd6-9c9f-e27f92c302bd@group-70DC78C75E08-LeaderElection19] INFO  ratis.XceiverServerRatis (XceiverServerRatis.java:handleLeaderChangedNotification(867)) - Leader change notification received for group: group-70DC78C75E08 with new leaderId: 730712bf-dc51-4bd6-9c9f-e27f92c302bd
2022-03-02 19:15:29,819 [730712bf-dc51-4bd6-9c9f-e27f92c302bd@group-70DC78C75E08-LeaderElection19] INFO  server.RaftServer$Division (ServerState.java:setLeader(285)) - 730712bf-dc51-4bd6-9c9f-e27f92c302bd@group-70DC78C75E08: change Leader from null to 730712bf-dc51-4bd6-9c9f-e27f92c302bd at term 1 for becomeLeader, leader elected after 5272ms
2022-03-02 19:15:29,819 [730712bf-dc51-4bd6-9c9f-e27f92c302bd@group-70DC78C75E08-LeaderElection19] INFO  server.RaftServerConfigKeys (ConfUtils.java:logGet(44)) - raft.server.staging.catchup.gap = 1000 (default)
2022-03-02 19:15:29,819 [grpc-default-executor-1] INFO  server.RaftServer$Division (RaftServerImpl.java:setRole(290)) - 6a96ca8f-dca1-45f9-908e-cf69810dcb0d@group-70DC78C75E08: changes role from  FOLLOWER to FOLLOWER at term 1 for candidate:730712bf-dc51-4bd6-9c9f-e27f92c302bd
2022-03-02 19:15:29,819 [grpc-default-executor-1] INFO  impl.RoleInfo (RoleInfo.java:shutdownFollowerState(108)) - 6a96ca8f-dca1-45f9-908e-cf69810dcb0d: shutdown 6a96ca8f-dca1-45f9-908e-cf69810dcb0d@group-70DC78C75E08-FollowerState
2022-03-02 19:15:29,820 [grpc-default-executor-1] INFO  impl.RoleInfo (RoleInfo.java:updateAndGet(130)) - 6a96ca8f-dca1-45f9-908e-cf69810dcb0d: start 6a96ca8f-dca1-45f9-908e-cf69810dcb0d@group-70DC78C75E08-FollowerState
2022-03-02 19:15:29,820 [6a96ca8f-dca1-45f9-908e-cf69810dcb0d@group-70DC78C75E08-FollowerState] INFO  impl.FollowerState (FollowerState.java:run(143)) - 6a96ca8f-dca1-45f9-908e-cf69810dcb0d@group-70DC78C75E08-FollowerState was interrupted: {}
java.lang.InterruptedException: sleep interrupted
	at java.lang.Thread.sleep(Native Method)
	at java.lang.Thread.sleep(Thread.java:342)
	at java.util.concurrent.TimeUnit.sleep(TimeUnit.java:386)
	at org.apache.ratis.util.TimeDuration.sleep(TimeDuration.java:324)
	at org.apache.ratis.util.TimeDuration.sleep(TimeDuration.java:309)
	at org.apache.ratis.server.impl.FollowerState.run(FollowerState.java:118)
2022-03-02 19:15:29,821 [EventQueue-PipelineReportForPipelineReportHandler] INFO  pipeline.PipelineManagerImpl (PipelineManagerImpl.java:openPipeline(291)) - Pipeline Pipeline[ Id: a887aa1b-d7f9-49e5-8fba-70dc78c75e08, Nodes: 8c53a021-9171-485b-b256-839aa3d3ad02{ip: 127.0.0.1, host: localhost, ports: [REPLICATION=46587, RATIS=41201, RATIS_ADMIN=41201, RATIS_SERVER=41201, STANDALONE=42175], networkLocation: /default-rack, certSerialId: null, persistedOpState: IN_SERVICE, persistedOpStateExpiryEpochSec: 0}730712bf-dc51-4bd6-9c9f-e27f92c302bd{ip: 127.0.0.1, host: localhost, ports: [REPLICATION=39623, RATIS=43177, RATIS_ADMIN=43177, RATIS_SERVER=43177, STANDALONE=43311], networkLocation: /default-rack, certSerialId: null, persistedOpState: IN_SERVICE, persistedOpStateExpiryEpochSec: 0}6a96ca8f-dca1-45f9-908e-cf69810dcb0d{ip: 127.0.0.1, host: localhost, ports: [REPLICATION=42861, RATIS=38231, RATIS_ADMIN=38231, RATIS_SERVER=38231, STANDALONE=32959], networkLocation: /default-rack, certSerialId: null, persistedOpState: IN_SERVICE, persistedOpStateExpiryEpochSec: 0}, ReplicationConfig: RATIS/THREE, State:ALLOCATED, leaderId:730712bf-dc51-4bd6-9c9f-e27f92c302bd, CreationTimestamp2022-03-02T19:15:22.326Z[Etc/UTC]] moved to OPEN state
2022-03-02 19:15:29,822 [EventQueue-OpenPipelineForHealthyPipelineSafeModeRule] INFO  safemode.SCMSafeModeManager (HealthyPipelineSafeModeRule.java:process(124)) - SCM in safe mode. Healthy pipelines reported count is 0, required healthy pipeline reported count is 1
2022-03-02 19:15:29,820 [730712bf-dc51-4bd6-9c9f-e27f92c302bd@group-70DC78C75E08-LeaderElection19] INFO  server.RaftServerConfigKeys (ConfUtils.java:logGet(44)) - raft.server.write.element-limit = 1024 (custom)
2022-03-02 19:15:29,824 [730712bf-dc51-4bd6-9c9f-e27f92c302bd@group-70DC78C75E08-LeaderElection19] INFO  server.RaftServerConfigKeys (ConfUtils.java:logGet(44)) - raft.server.write.byte-limit = 1024 M (=1073741824) (custom)
2022-03-02 19:15:29,825 [730712bf-dc51-4bd6-9c9f-e27f92c302bd@group-70DC78C75E08-LeaderElection19] INFO  server.RaftServerConfigKeys (ConfUtils.java:logGet(44)) - raft.server.watch.timeout = 180s (custom)
2022-03-02 19:15:29,825 [730712bf-dc51-4bd6-9c9f-e27f92c302bd@group-70DC78C75E08-LeaderElection19] INFO  server.RaftServerConfigKeys (ConfUtils.java:logGet(44)) - raft.server.watch.timeout.denomination = 1s (default)
2022-03-02 19:15:29,825 [730712bf-dc51-4bd6-9c9f-e27f92c302bd@group-70DC78C75E08-LeaderElection19] INFO  server.RaftServerConfigKeys (ConfUtils.java:logGet(44)) - raft.server.watch.element-limit = 65536 (default)
2022-03-02 19:15:29,825 [730712bf-dc51-4bd6-9c9f-e27f92c302bd@group-70DC78C75E08-LeaderElection19] INFO  server.RaftServerConfigKeys (ConfUtils.java:logGet(44)) - raft.server.write.element-limit = 1024 (custom)
2022-03-02 19:15:29,825 [730712bf-dc51-4bd6-9c9f-e27f92c302bd@group-70DC78C75E08-LeaderElection19] INFO  server.RaftServerConfigKeys (ConfUtils.java:logGet(44)) - raft.server.write.follower.gap.ratio.max = -1.0 (default)
2022-03-02 19:15:29,825 [730712bf-dc51-4bd6-9c9f-e27f92c302bd@group-70DC78C75E08-LeaderElection19] INFO  server.RaftServerConfigKeys (ConfUtils.java:logGet(44)) - raft.server.log.appender.snapshot.chunk.size.max = 16MB (=16777216) (default)
2022-03-02 19:15:29,825 [730712bf-dc51-4bd6-9c9f-e27f92c302bd@group-70DC78C75E08-LeaderElection19] INFO  server.RaftServerConfigKeys (ConfUtils.java:logGet(44)) - raft.server.log.appender.buffer.byte-limit = 33554432 (custom)
2022-03-02 19:15:29,825 [730712bf-dc51-4bd6-9c9f-e27f92c302bd@group-70DC78C75E08-LeaderElection19] INFO  server.RaftServerConfigKeys (ConfUtils.java:logGet(44)) - raft.server.log.appender.buffer.element-limit = 1 (custom)
2022-03-02 19:15:29,825 [EventQueue-PipelineReportForPipelineReportHandler] INFO  pipeline.PipelineManagerImpl (PipelineManagerImpl.java:openPipeline(291)) - Pipeline Pipeline[ Id: a887aa1b-d7f9-49e5-8fba-70dc78c75e08, Nodes: 8c53a021-9171-485b-b256-839aa3d3ad02{ip: 127.0.0.1, host: localhost, ports: [REPLICATION=46587, RATIS=41201, RATIS_ADMIN=41201, RATIS_SERVER=41201, STANDALONE=42175], networkLocation: /default-rack, certSerialId: null, persistedOpState: IN_SERVICE, persistedOpStateExpiryEpochSec: 0}730712bf-dc51-4bd6-9c9f-e27f92c302bd{ip: 127.0.0.1, host: localhost, ports: [REPLICATION=39623, RATIS=43177, RATIS_ADMIN=43177, RATIS_SERVER=43177, STANDALONE=43311], networkLocation: /default-rack, certSerialId: null, persistedOpState: IN_SERVICE, persistedOpStateExpiryEpochSec: 0}6a96ca8f-dca1-45f9-908e-cf69810dcb0d{ip: 127.0.0.1, host: localhost, ports: [REPLICATION=42861, RATIS=38231, RATIS_ADMIN=38231, RATIS_SERVER=38231, STANDALONE=32959], networkLocation: /default-rack, certSerialId: null, persistedOpState: IN_SERVICE, persistedOpStateExpiryEpochSec: 0}, ReplicationConfig: RATIS/THREE, State:ALLOCATED, leaderId:730712bf-dc51-4bd6-9c9f-e27f92c302bd, CreationTimestamp2022-03-02T19:15:22.326Z[Etc/UTC]] moved to OPEN state
2022-03-02 19:15:29,826 [EventQueue-OpenPipelineForHealthyPipelineSafeModeRule] INFO  safemode.SCMSafeModeManager (HealthyPipelineSafeModeRule.java:process(124)) - SCM in safe mode. Healthy pipelines reported count is 0, required healthy pipeline reported count is 1
2022-03-02 19:15:29,839 [730712bf-dc51-4bd6-9c9f-e27f92c302bd@group-70DC78C75E08-LeaderElection19] INFO  grpc.GrpcConfigKeys (ConfUtils.java:logGet(44)) - raft.grpc.server.leader.outstanding.appends.max = 128 (default)
2022-03-02 19:15:29,839 [730712bf-dc51-4bd6-9c9f-e27f92c302bd@group-70DC78C75E08-LeaderElection19] INFO  server.RaftServerConfigKeys (ConfUtils.java:logGet(44)) - raft.server.rpc.request.timeout = 60s (custom)
2022-03-02 19:15:29,839 [730712bf-dc51-4bd6-9c9f-e27f92c302bd@group-70DC78C75E08-LeaderElection19] INFO  server.RaftServerConfigKeys (ConfUtils.java:logGet(44)) - raft.server.log.appender.install.snapshot.enabled = false (custom)
2022-03-02 19:15:29,840 [grpc-default-executor-1] INFO  server.RaftServer$Division (RaftServerImpl.java:requestVote(1078)) - 6a96ca8f-dca1-45f9-908e-cf69810dcb0d@group-70DC78C75E08 replies to ELECTION vote request: 730712bf-dc51-4bd6-9c9f-e27f92c302bd<-6a96ca8f-dca1-45f9-908e-cf69810dcb0d#0:OK-t1. Peer's state: 6a96ca8f-dca1-45f9-908e-cf69810dcb0d@group-70DC78C75E08:t1, leader=null, voted=730712bf-dc51-4bd6-9c9f-e27f92c302bd, raftlog=6a96ca8f-dca1-45f9-908e-cf69810dcb0d@group-70DC78C75E08-SegmentedRaftLog:OPENED:c-1, conf=-1: [6a96ca8f-dca1-45f9-908e-cf69810dcb0d|rpc:127.0.0.1:38231|dataStream:|priority:0, 730712bf-dc51-4bd6-9c9f-e27f92c302bd|rpc:127.0.0.1:43177|dataStream:|priority:1, 8c53a021-9171-485b-b256-839aa3d3ad02|rpc:127.0.0.1:41201|dataStream:|priority:0], old=null
2022-03-02 19:15:29,851 [730712bf-dc51-4bd6-9c9f-e27f92c302bd@group-70DC78C75E08-LeaderElection19] INFO  server.RaftServerConfigKeys (ConfUtils.java:logGet(44)) - raft.server.log.appender.snapshot.chunk.size.max = 16MB (=16777216) (default)
2022-03-02 19:15:29,851 [730712bf-dc51-4bd6-9c9f-e27f92c302bd@group-70DC78C75E08-LeaderElection19] INFO  server.RaftServerConfigKeys (ConfUtils.java:logGet(44)) - raft.server.log.appender.buffer.byte-limit = 33554432 (custom)
2022-03-02 19:15:29,851 [730712bf-dc51-4bd6-9c9f-e27f92c302bd@group-70DC78C75E08-LeaderElection19] INFO  server.RaftServerConfigKeys (ConfUtils.java:logGet(44)) - raft.server.log.appender.buffer.element-limit = 1 (custom)
2022-03-02 19:15:29,851 [730712bf-dc51-4bd6-9c9f-e27f92c302bd@group-70DC78C75E08-LeaderElection19] INFO  grpc.GrpcConfigKeys (ConfUtils.java:logGet(44)) - raft.grpc.server.leader.outstanding.appends.max = 128 (default)
2022-03-02 19:15:29,852 [730712bf-dc51-4bd6-9c9f-e27f92c302bd@group-70DC78C75E08-LeaderElection19] INFO  server.RaftServerConfigKeys (ConfUtils.java:logGet(44)) - raft.server.rpc.request.timeout = 60s (custom)
2022-03-02 19:15:29,852 [730712bf-dc51-4bd6-9c9f-e27f92c302bd@group-70DC78C75E08-LeaderElection19] INFO  server.RaftServerConfigKeys (ConfUtils.java:logGet(44)) - raft.server.log.appender.install.snapshot.enabled = false (custom)
2022-03-02 19:15:29,852 [730712bf-dc51-4bd6-9c9f-e27f92c302bd@group-70DC78C75E08-LeaderElection19] INFO  impl.RoleInfo (RoleInfo.java:updateAndGet(130)) - 730712bf-dc51-4bd6-9c9f-e27f92c302bd: start 730712bf-dc51-4bd6-9c9f-e27f92c302bd@group-70DC78C75E08-LeaderStateImpl
2022-03-02 19:15:29,853 [730712bf-dc51-4bd6-9c9f-e27f92c302bd@group-70DC78C75E08-LeaderElection19] INFO  segmented.SegmentedRaftLogWorker (SegmentedRaftLogWorker.java:startLogSegment(394)) - 730712bf-dc51-4bd6-9c9f-e27f92c302bd@group-70DC78C75E08-SegmentedRaftLogWorker: Starting segment from index:0
2022-03-02 19:15:29,856 [730712bf-dc51-4bd6-9c9f-e27f92c302bd@group-70DC78C75E08-SegmentedRaftLogWorker] INFO  segmented.SegmentedRaftLogWorker (SegmentedRaftLogWorker.java:execute(601)) - 730712bf-dc51-4bd6-9c9f-e27f92c302bd@group-70DC78C75E08-SegmentedRaftLogWorker: created new log segment /home/runner/work/ozone/ozone/hadoop-ozone/integration-test/target/test-dir/MiniOzoneClusterImpl-403ad05d-12dd-4695-ad1e-d5eafc849fbc/datanode-0/data/ratis/a887aa1b-d7f9-49e5-8fba-70dc78c75e08/current/log_inprogress_0
2022-03-02 19:15:29,860 [878dadca-57df-4ab3-9601-92853b413341@group-D5EAFC849FBC-StateMachineUpdater] INFO  safemode.HealthyPipelineSafeModeRule (HealthyPipelineSafeModeRule.java:initializeRule(152)) - Refreshed total pipeline count is 1, healthy pipeline threshold count is 1
2022-03-02 19:15:29,860 [EventQueue-OpenPipelineForHealthyPipelineSafeModeRule] INFO  safemode.SCMSafeModeManager (HealthyPipelineSafeModeRule.java:process(124)) - SCM in safe mode. Healthy pipelines reported count is 1, required healthy pipeline reported count is 1
2022-03-02 19:15:29,860 [EventQueue-OpenPipelineForHealthyPipelineSafeModeRule] INFO  safemode.SCMSafeModeManager (SCMSafeModeManager.java:validateSafeModeExitRules(204)) - HealthyPipelineSafeModeRule rule is successfully validated
2022-03-02 19:15:29,860 [EventQueue-OpenPipelineForHealthyPipelineSafeModeRule] INFO  safemode.SCMSafeModeManager (SCMSafeModeManager.java:validateSafeModeExitRules(219)) - ScmSafeModeManager, all rules are successfully validated
2022-03-02 19:15:29,860 [EventQueue-OpenPipelineForHealthyPipelineSafeModeRule] INFO  safemode.SCMSafeModeManager (SCMSafeModeManager.java:exitSafeMode(248)) - SCM exiting safe mode.
2022-03-02 19:15:29,860 [EventQueue-OpenPipelineForHealthyPipelineSafeModeRule] WARN  events.EventQueue (EventQueue.java:fireEvent(194)) - No event handler registered for event TypedEvent{payloadType=SafeModeStatus, name='Safe mode status'}
2022-03-02 19:15:29,860 [EventQueue-OpenPipelineForHealthyPipelineSafeModeRule] INFO  ha.SCMContext (SCMContext.java:updateSafeModeStatus(211)) - Update SafeModeStatus from SafeModeStatus{safeModeStatus=true, preCheckPassed=true} to SafeModeStatus{safeModeStatus=false, preCheckPassed=true}.
2022-03-02 19:15:29,860 [EventQueue-OpenPipelineForHealthyPipelineSafeModeRule] INFO  container.ReplicationManager (ReplicationManager.java:notifyStatusChanged(1807)) - Service ReplicationManager transitions to RUNNING.
2022-03-02 19:15:29,862 [EndpointStateMachine task thread for /127.0.0.1:45835 - 0 ] INFO  ipc.Client (Client.java:handleConnectionFailure(977)) - Retrying connect to server: localhost/127.0.0.1:45835. Already tried 7 time(s); retry policy is RetryUpToMaximumCountWithFixedSleep(maxRetries=15, sleepTime=1000 MILLISECONDS)
2022-03-02 19:15:29,863 [EndpointStateMachine task thread for /127.0.0.1:44351 - 0 ] INFO  ipc.Client (Client.java:handleConnectionFailure(977)) - Retrying connect to server: localhost/127.0.0.1:44351. Already tried 7 time(s); retry policy is RetryUpToMaximumCountWithFixedSleep(maxRetries=15, sleepTime=1000 MILLISECONDS)
2022-03-02 19:15:29,865 [EndpointStateMachine task thread for /127.0.0.1:34023 - 0 ] INFO  ipc.Client (Client.java:handleConnectionFailure(977)) - Retrying connect to server: localhost/127.0.0.1:34023. Already tried 7 time(s); retry policy is RetryUpToMaximumCountWithFixedSleep(maxRetries=15, sleepTime=1000 MILLISECONDS)
2022-03-02 19:15:29,869 [730712bf-dc51-4bd6-9c9f-e27f92c302bd@group-3B75440A2579-FollowerState] INFO  impl.FollowerState (FollowerState.java:run(134)) - 730712bf-dc51-4bd6-9c9f-e27f92c302bd@group-3B75440A2579-FollowerState: change to CANDIDATE, lastRpcElapsedTime:5035951382ns, electionTimeout:5030ms
2022-03-02 19:15:29,869 [730712bf-dc51-4bd6-9c9f-e27f92c302bd@group-3B75440A2579-FollowerState] INFO  impl.RoleInfo (RoleInfo.java:shutdownFollowerState(108)) - 730712bf-dc51-4bd6-9c9f-e27f92c302bd: shutdown 730712bf-dc51-4bd6-9c9f-e27f92c302bd@group-3B75440A2579-FollowerState
2022-03-02 19:15:29,869 [730712bf-dc51-4bd6-9c9f-e27f92c302bd@group-3B75440A2579-FollowerState] INFO  server.RaftServer$Division (RaftServerImpl.java:setRole(290)) - 730712bf-dc51-4bd6-9c9f-e27f92c302bd@group-3B75440A2579: changes role from  FOLLOWER to CANDIDATE at term 0 for changeToCandidate
2022-03-02 19:15:29,872 [730712bf-dc51-4bd6-9c9f-e27f92c302bd@group-3B75440A2579-FollowerState] INFO  server.RaftServerConfigKeys (ConfUtils.java:logGet(44)) - raft.server.leaderelection.pre-vote = false (custom)
2022-03-02 19:15:29,873 [730712bf-dc51-4bd6-9c9f-e27f92c302bd@group-3B75440A2579-FollowerState] INFO  impl.RoleInfo (RoleInfo.java:updateAndGet(130)) - 730712bf-dc51-4bd6-9c9f-e27f92c302bd: start 730712bf-dc51-4bd6-9c9f-e27f92c302bd@group-3B75440A2579-LeaderElection20
2022-03-02 19:15:29,874 [grpc-default-executor-0] INFO  ratis.XceiverServerRatis (XceiverServerRatis.java:handleLeaderChangedNotification(867)) - Leader change notification received for group: group-70DC78C75E08 with new leaderId: 730712bf-dc51-4bd6-9c9f-e27f92c302bd
2022-03-02 19:15:29,874 [grpc-default-executor-0] INFO  server.RaftServer$Division (ServerState.java:setLeader(285)) - 8c53a021-9171-485b-b256-839aa3d3ad02@group-70DC78C75E08: change Leader from null to 730712bf-dc51-4bd6-9c9f-e27f92c302bd at term 1 for appendEntries, leader elected after 5231ms
2022-03-02 19:15:29,897 [49081caa-6924-42d1-b762-c940ad9f7c50@group-D5EAFC849FBC-StateMachineUpdater] INFO  safemode.HealthyPipelineSafeModeRule (HealthyPipelineSafeModeRule.java:initializeRule(152)) - Refreshed total pipeline count is 1, healthy pipeline threshold count is 1
2022-03-02 19:15:29,897 [49081caa-6924-42d1-b762-c940ad9f7c50@group-D5EAFC849FBC-StateMachineUpdater] INFO  ha.SCMStateMachine (SCMStateMachine.java:takeSnapshot(297)) - Current Snapshot Index 23, takeSnapshot took 0 ms
2022-03-02 19:15:29,897 [49081caa-6924-42d1-b762-c940ad9f7c50@group-D5EAFC849FBC-StateMachineUpdater] INFO  impl.StateMachineUpdater (StateMachineUpdater.java:takeSnapshot(281)) - 49081caa-6924-42d1-b762-c940ad9f7c50@group-D5EAFC849FBC-StateMachineUpdater: Took a snapshot at index 23
2022-03-02 19:15:29,897 [49081caa-6924-42d1-b762-c940ad9f7c50@group-D5EAFC849FBC-StateMachineUpdater] INFO  impl.StateMachineUpdater (StateMachineUpdater.java:lambda$new$0(89)) - 49081caa-6924-42d1-b762-c940ad9f7c50@group-D5EAFC849FBC-StateMachineUpdater: snapshotIndex: updateIncreasingly 18 -> 23
2022-03-02 19:15:29,897 [49081caa-6924-42d1-b762-c940ad9f7c50@group-D5EAFC849FBC-StateMachineUpdater] INFO  raftlog.RaftLog (RaftLogBase.java:purge(306)) - 49081caa-6924-42d1-b762-c940ad9f7c50@group-D5EAFC849FBC-SegmentedRaftLog: purge 23
2022-03-02 19:15:29,897 [49081caa-6924-42d1-b762-c940ad9f7c50@group-D5EAFC849FBC-StateMachineUpdater] INFO  raftlog.RaftLog (RaftLogBase.java:lambda$new$0(53)) - 49081caa-6924-42d1-b762-c940ad9f7c50@group-D5EAFC849FBC-SegmentedRaftLog: snapshotIndex: updateIncreasingly 18 -> 23
2022-03-02 19:15:29,897 [49081caa-6924-42d1-b762-c940ad9f7c50@group-D5EAFC849FBC-StateMachineUpdater] INFO  raftlog.RaftLog (RaftLogBase.java:lambda$new$0(53)) - 49081caa-6924-42d1-b762-c940ad9f7c50@group-D5EAFC849FBC-SegmentedRaftLog: purgeIndex: updateToMax old=18, new=23, updated? true
2022-03-02 19:15:29,922 [730712bf-dc51-4bd6-9c9f-e27f92c302bd@group-70DC78C75E08-LeaderElection19] INFO  server.RaftServer$Division (ServerState.java:setRaftConf(387)) - 730712bf-dc51-4bd6-9c9f-e27f92c302bd@group-70DC78C75E08: set configuration 0: [6a96ca8f-dca1-45f9-908e-cf69810dcb0d|rpc:127.0.0.1:38231|dataStream:|priority:0, 730712bf-dc51-4bd6-9c9f-e27f92c302bd|rpc:127.0.0.1:43177|dataStream:|priority:1, 8c53a021-9171-485b-b256-839aa3d3ad02|rpc:127.0.0.1:41201|dataStream:|priority:0], old=null
2022-03-02 19:15:29,923 [grpc-default-executor-3] INFO  ratis.XceiverServerRatis (XceiverServerRatis.java:handleLeaderChangedNotification(867)) - Leader change notification received for group: group-70DC78C75E08 with new leaderId: 730712bf-dc51-4bd6-9c9f-e27f92c302bd
2022-03-02 19:15:29,923 [grpc-default-executor-3] INFO  server.RaftServer$Division (ServerState.java:setLeader(285)) - 6a96ca8f-dca1-45f9-908e-cf69810dcb0d@group-70DC78C75E08: change Leader from null to 730712bf-dc51-4bd6-9c9f-e27f92c302bd at term 1 for appendEntries, leader elected after 5155ms
2022-03-02 19:15:29,927 [730712bf-dc51-4bd6-9c9f-e27f92c302bd@group-3B75440A2579-LeaderElection20] INFO  impl.LeaderElection (LeaderElection.java:askForVotes(306)) - 730712bf-dc51-4bd6-9c9f-e27f92c302bd@group-3B75440A2579-LeaderElection20 ELECTION round 0: submit vote requests at term 1 for -1: [6a96ca8f-dca1-45f9-908e-cf69810dcb0d|rpc:127.0.0.1:38231|priority:0, 730712bf-dc51-4bd6-9c9f-e27f92c302bd|rpc:127.0.0.1:43177|priority:0, 8c53a021-9171-485b-b256-839aa3d3ad02|rpc:127.0.0.1:41201|priority:1], old=null
2022-03-02 19:15:29,942 [grpc-default-executor-3] INFO  server.RaftServer$Division (ServerState.java:setRaftConf(387)) - 6a96ca8f-dca1-45f9-908e-cf69810dcb0d@group-70DC78C75E08: set configuration 0: [6a96ca8f-dca1-45f9-908e-cf69810dcb0d|rpc:127.0.0.1:38231|dataStream:|priority:0, 730712bf-dc51-4bd6-9c9f-e27f92c302bd|rpc:127.0.0.1:43177|dataStream:|priority:1, 8c53a021-9171-485b-b256-839aa3d3ad02|rpc:127.0.0.1:41201|dataStream:|priority:0], old=null
2022-03-02 19:15:29,942 [grpc-default-executor-3] INFO  segmented.SegmentedRaftLogWorker (SegmentedRaftLogWorker.java:startLogSegment(394)) - 6a96ca8f-dca1-45f9-908e-cf69810dcb0d@group-70DC78C75E08-SegmentedRaftLogWorker: Starting segment from index:0
2022-03-02 19:15:29,942 [grpc-default-executor-0] INFO  server.RaftServer$Division (ServerState.java:setRaftConf(387)) - 8c53a021-9171-485b-b256-839aa3d3ad02@group-70DC78C75E08: set configuration 0: [6a96ca8f-dca1-45f9-908e-cf69810dcb0d|rpc:127.0.0.1:38231|dataStream:|priority:0, 730712bf-dc51-4bd6-9c9f-e27f92c302bd|rpc:127.0.0.1:43177|dataStream:|priority:1, 8c53a021-9171-485b-b256-839aa3d3ad02|rpc:127.0.0.1:41201|dataStream:|priority:0], old=null
2022-03-02 19:15:29,943 [grpc-default-executor-0] INFO  segmented.SegmentedRaftLogWorker (SegmentedRaftLogWorker.java:startLogSegment(394)) - 8c53a021-9171-485b-b256-839aa3d3ad02@group-70DC78C75E08-SegmentedRaftLogWorker: Starting segment from index:0
2022-03-02 19:15:29,944 [grpc-default-executor-4] INFO  server.RaftServer$Division (RaftServerImpl.java:requestVote(1046)) - 6a96ca8f-dca1-45f9-908e-cf69810dcb0d@group-3B75440A2579: receive requestVote(ELECTION, 730712bf-dc51-4bd6-9c9f-e27f92c302bd, group-3B75440A2579, 1, (t:0, i:0))
2022-03-02 19:15:29,944 [grpc-default-executor-4] INFO  impl.VoteContext (VoteContext.java:log(48)) - 6a96ca8f-dca1-45f9-908e-cf69810dcb0d@group-3B75440A2579-FOLLOWER: accept ELECTION from 730712bf-dc51-4bd6-9c9f-e27f92c302bd: our priority 0 <= candidate's priority 0
2022-03-02 19:15:29,944 [grpc-default-executor-4] INFO  server.RaftServer$Division (RaftServerImpl.java:setRole(290)) - 6a96ca8f-dca1-45f9-908e-cf69810dcb0d@group-3B75440A2579: changes role from  FOLLOWER to FOLLOWER at term 1 for candidate:730712bf-dc51-4bd6-9c9f-e27f92c302bd
2022-03-02 19:15:29,944 [grpc-default-executor-4] INFO  impl.RoleInfo (RoleInfo.java:shutdownFollowerState(108)) - 6a96ca8f-dca1-45f9-908e-cf69810dcb0d: shutdown 6a96ca8f-dca1-45f9-908e-cf69810dcb0d@group-3B75440A2579-FollowerState
2022-03-02 19:15:29,945 [8c53a021-9171-485b-b256-839aa3d3ad02@group-70DC78C75E08-SegmentedRaftLogWorker] INFO  segmented.SegmentedRaftLogWorker (SegmentedRaftLogWorker.java:execute(601)) - 8c53a021-9171-485b-b256-839aa3d3ad02@group-70DC78C75E08-SegmentedRaftLogWorker: created new log segment /home/runner/work/ozone/ozone/hadoop-ozone/integration-test/target/test-dir/MiniOzoneClusterImpl-403ad05d-12dd-4695-ad1e-d5eafc849fbc/datanode-2/data/ratis/a887aa1b-d7f9-49e5-8fba-70dc78c75e08/current/log_inprogress_0
2022-03-02 19:15:29,947 [6a96ca8f-dca1-45f9-908e-cf69810dcb0d@group-70DC78C75E08-SegmentedRaftLogWorker] INFO  segmented.SegmentedRaftLogWorker (SegmentedRaftLogWorker.java:execute(601)) - 6a96ca8f-dca1-45f9-908e-cf69810dcb0d@group-70DC78C75E08-SegmentedRaftLogWorker: created new log segment /home/runner/work/ozone/ozone/hadoop-ozone/integration-test/target/test-dir/MiniOzoneClusterImpl-403ad05d-12dd-4695-ad1e-d5eafc849fbc/datanode-1/data/ratis/a887aa1b-d7f9-49e5-8fba-70dc78c75e08/current/log_inprogress_0
2022-03-02 19:15:29,952 [grpc-default-executor-5] INFO  server.RaftServer$Division (RaftServerImpl.java:requestVote(1046)) - 8c53a021-9171-485b-b256-839aa3d3ad02@group-3B75440A2579: receive requestVote(ELECTION, 730712bf-dc51-4bd6-9c9f-e27f92c302bd, group-3B75440A2579, 1, (t:0, i:0))
2022-03-02 19:15:29,952 [grpc-default-executor-5] INFO  impl.VoteContext (VoteContext.java:log(48)) - 8c53a021-9171-485b-b256-839aa3d3ad02@group-3B75440A2579-FOLLOWER: reject ELECTION from 730712bf-dc51-4bd6-9c9f-e27f92c302bd: our priority 1 > candidate's priority 0
2022-03-02 19:15:29,952 [grpc-default-executor-5] INFO  server.RaftServer$Division (RaftServerImpl.java:setRole(290)) - 8c53a021-9171-485b-b256-839aa3d3ad02@group-3B75440A2579: changes role from  FOLLOWER to FOLLOWER at term 1 for candidate:730712bf-dc51-4bd6-9c9f-e27f92c302bd
2022-03-02 19:15:29,952 [grpc-default-executor-5] INFO  impl.RoleInfo (RoleInfo.java:shutdownFollowerState(108)) - 8c53a021-9171-485b-b256-839aa3d3ad02: shutdown 8c53a021-9171-485b-b256-839aa3d3ad02@group-3B75440A2579-FollowerState
2022-03-02 19:15:29,952 [grpc-default-executor-5] INFO  impl.RoleInfo (RoleInfo.java:updateAndGet(130)) - 8c53a021-9171-485b-b256-839aa3d3ad02: start 8c53a021-9171-485b-b256-839aa3d3ad02@group-3B75440A2579-FollowerState
2022-03-02 19:15:29,953 [8c53a021-9171-485b-b256-839aa3d3ad02@group-3B75440A2579-FollowerState] INFO  impl.FollowerState (FollowerState.java:run(143)) - 8c53a021-9171-485b-b256-839aa3d3ad02@group-3B75440A2579-FollowerState was interrupted: {}
java.lang.InterruptedException: sleep interrupted
	at java.lang.Thread.sleep(Native Method)
	at java.lang.Thread.sleep(Thread.java:342)
	at java.util.concurrent.TimeUnit.sleep(TimeUnit.java:386)
	at org.apache.ratis.util.TimeDuration.sleep(TimeDuration.java:324)
	at org.apache.ratis.util.TimeDuration.sleep(TimeDuration.java:309)
	at org.apache.ratis.server.impl.FollowerState.run(FollowerState.java:118)
2022-03-02 19:15:29,964 [6a96ca8f-dca1-45f9-908e-cf69810dcb0d@group-3B75440A2579-FollowerState] INFO  impl.FollowerState (FollowerState.java:run(143)) - 6a96ca8f-dca1-45f9-908e-cf69810dcb0d@group-3B75440A2579-FollowerState was interrupted: {}
java.lang.InterruptedException: sleep interrupted
	at java.lang.Thread.sleep(Native Method)
	at java.lang.Thread.sleep(Thread.java:342)
	at java.util.concurrent.TimeUnit.sleep(TimeUnit.java:386)
	at org.apache.ratis.util.TimeDuration.sleep(TimeDuration.java:324)
	at org.apache.ratis.util.TimeDuration.sleep(TimeDuration.java:309)
	at org.apache.ratis.server.impl.FollowerState.run(FollowerState.java:118)
2022-03-02 19:15:29,964 [grpc-default-executor-4] INFO  impl.RoleInfo (RoleInfo.java:updateAndGet(130)) - 6a96ca8f-dca1-45f9-908e-cf69810dcb0d: start 6a96ca8f-dca1-45f9-908e-cf69810dcb0d@group-3B75440A2579-FollowerState
2022-03-02 19:15:29,968 [grpc-default-executor-5] INFO  server.RaftServer$Division (RaftServerImpl.java:requestVote(1078)) - 8c53a021-9171-485b-b256-839aa3d3ad02@group-3B75440A2579 replies to ELECTION vote request: 730712bf-dc51-4bd6-9c9f-e27f92c302bd<-8c53a021-9171-485b-b256-839aa3d3ad02#0:FAIL-t1. Peer's state: 8c53a021-9171-485b-b256-839aa3d3ad02@group-3B75440A2579:t1, leader=null, voted=null, raftlog=8c53a021-9171-485b-b256-839aa3d3ad02@group-3B75440A2579-SegmentedRaftLog:OPENED:c-1, conf=-1: [6a96ca8f-dca1-45f9-908e-cf69810dcb0d|rpc:127.0.0.1:38231|dataStream:|priority:0, 730712bf-dc51-4bd6-9c9f-e27f92c302bd|rpc:127.0.0.1:43177|dataStream:|priority:0, 8c53a021-9171-485b-b256-839aa3d3ad02|rpc:127.0.0.1:41201|dataStream:|priority:1], old=null
2022-03-02 19:15:29,979 [730712bf-dc51-4bd6-9c9f-e27f92c302bd@group-3B75440A2579-LeaderElection20] INFO  impl.LeaderElection (LeaderElection.java:logAndReturn(89)) - 730712bf-dc51-4bd6-9c9f-e27f92c302bd@group-3B75440A2579-LeaderElection20: ELECTION REJECTED received 1 response(s) and 0 exception(s):
2022-03-02 19:15:29,980 [730712bf-dc51-4bd6-9c9f-e27f92c302bd@group-3B75440A2579-LeaderElection20] INFO  impl.LeaderElection (LeaderElection.java:logAndReturn(93)) -   Response 0: 730712bf-dc51-4bd6-9c9f-e27f92c302bd<-8c53a021-9171-485b-b256-839aa3d3ad02#0:FAIL-t1
2022-03-02 19:15:29,980 [730712bf-dc51-4bd6-9c9f-e27f92c302bd@group-3B75440A2579-LeaderElection20] INFO  impl.LeaderElection (LeaderElection.java:askForVotes(308)) - 730712bf-dc51-4bd6-9c9f-e27f92c302bd@group-3B75440A2579-LeaderElection20 ELECTION round 0: result REJECTED
2022-03-02 19:15:29,980 [730712bf-dc51-4bd6-9c9f-e27f92c302bd@group-3B75440A2579-LeaderElection20] INFO  server.RaftServer$Division (RaftServerImpl.java:setRole(290)) - 730712bf-dc51-4bd6-9c9f-e27f92c302bd@group-3B75440A2579: changes role from CANDIDATE to FOLLOWER at term 1 for REJECTED
2022-03-02 19:15:29,980 [730712bf-dc51-4bd6-9c9f-e27f92c302bd@group-3B75440A2579-LeaderElection20] INFO  impl.RoleInfo (RoleInfo.java:shutdownLeaderElection(121)) - 730712bf-dc51-4bd6-9c9f-e27f92c302bd: shutdown 730712bf-dc51-4bd6-9c9f-e27f92c302bd@group-3B75440A2579-LeaderElection20
2022-03-02 19:15:29,980 [730712bf-dc51-4bd6-9c9f-e27f92c302bd@group-3B75440A2579-LeaderElection20] INFO  impl.RoleInfo (RoleInfo.java:updateAndGet(130)) - 730712bf-dc51-4bd6-9c9f-e27f92c302bd: start 730712bf-dc51-4bd6-9c9f-e27f92c302bd@group-3B75440A2579-FollowerState
2022-03-02 19:15:29,980 [grpc-default-executor-4] INFO  server.RaftServer$Division (RaftServerImpl.java:requestVote(1078)) - 6a96ca8f-dca1-45f9-908e-cf69810dcb0d@group-3B75440A2579 replies to ELECTION vote request: 730712bf-dc51-4bd6-9c9f-e27f92c302bd<-6a96ca8f-dca1-45f9-908e-cf69810dcb0d#0:OK-t1. Peer's state: 6a96ca8f-dca1-45f9-908e-cf69810dcb0d@group-3B75440A2579:t1, leader=null, voted=730712bf-dc51-4bd6-9c9f-e27f92c302bd, raftlog=6a96ca8f-dca1-45f9-908e-cf69810dcb0d@group-3B75440A2579-SegmentedRaftLog:OPENED:c-1, conf=-1: [6a96ca8f-dca1-45f9-908e-cf69810dcb0d|rpc:127.0.0.1:38231|dataStream:|priority:0, 730712bf-dc51-4bd6-9c9f-e27f92c302bd|rpc:127.0.0.1:43177|dataStream:|priority:0, 8c53a021-9171-485b-b256-839aa3d3ad02|rpc:127.0.0.1:41201|dataStream:|priority:1], old=null
2022-03-02 19:15:30,113 [6a96ca8f-dca1-45f9-908e-cf69810dcb0d@group-6642639B689A-FollowerState] INFO  impl.FollowerState (FollowerState.java:run(134)) - 6a96ca8f-dca1-45f9-908e-cf69810dcb0d@group-6642639B689A-FollowerState: change to CANDIDATE, lastRpcElapsedTime:5145205894ns, electionTimeout:5139ms
2022-03-02 19:15:30,114 [6a96ca8f-dca1-45f9-908e-cf69810dcb0d@group-6642639B689A-FollowerState] INFO  impl.RoleInfo (RoleInfo.java:shutdownFollowerState(108)) - 6a96ca8f-dca1-45f9-908e-cf69810dcb0d: shutdown 6a96ca8f-dca1-45f9-908e-cf69810dcb0d@group-6642639B689A-FollowerState
2022-03-02 19:15:30,114 [6a96ca8f-dca1-45f9-908e-cf69810dcb0d@group-6642639B689A-FollowerState] INFO  server.RaftServer$Division (RaftServerImpl.java:setRole(290)) - 6a96ca8f-dca1-45f9-908e-cf69810dcb0d@group-6642639B689A: changes role from  FOLLOWER to CANDIDATE at term 0 for changeToCandidate
2022-03-02 19:15:30,120 [6a96ca8f-dca1-45f9-908e-cf69810dcb0d@group-6642639B689A-FollowerState] INFO  server.RaftServerConfigKeys (ConfUtils.java:logGet(44)) - raft.server.leaderelection.pre-vote = false (custom)
2022-03-02 19:15:30,120 [6a96ca8f-dca1-45f9-908e-cf69810dcb0d@group-6642639B689A-FollowerState] INFO  impl.RoleInfo (RoleInfo.java:updateAndGet(130)) - 6a96ca8f-dca1-45f9-908e-cf69810dcb0d: start 6a96ca8f-dca1-45f9-908e-cf69810dcb0d@group-6642639B689A-LeaderElection21
2022-03-02 19:15:30,140 [6a96ca8f-dca1-45f9-908e-cf69810dcb0d@group-6642639B689A-LeaderElection21] INFO  impl.LeaderElection (LeaderElection.java:askForVotes(306)) - 6a96ca8f-dca1-45f9-908e-cf69810dcb0d@group-6642639B689A-LeaderElection21 ELECTION round 0: submit vote requests at term 1 for -1: [6a96ca8f-dca1-45f9-908e-cf69810dcb0d|rpc:127.0.0.1:38231|priority:1], old=null
2022-03-02 19:15:30,140 [6a96ca8f-dca1-45f9-908e-cf69810dcb0d@group-6642639B689A-LeaderElection21] INFO  impl.LeaderElection (LeaderElection.java:askForVotes(308)) - 6a96ca8f-dca1-45f9-908e-cf69810dcb0d@group-6642639B689A-LeaderElection21 ELECTION round 0: result PASSED (term=1)
2022-03-02 19:15:30,140 [6a96ca8f-dca1-45f9-908e-cf69810dcb0d@group-6642639B689A-LeaderElection21] INFO  impl.RoleInfo (RoleInfo.java:shutdownLeaderElection(121)) - 6a96ca8f-dca1-45f9-908e-cf69810dcb0d: shutdown 6a96ca8f-dca1-45f9-908e-cf69810dcb0d@group-6642639B689A-LeaderElection21
2022-03-02 19:15:30,140 [6a96ca8f-dca1-45f9-908e-cf69810dcb0d@group-6642639B689A-LeaderElection21] INFO  server.RaftServer$Division (RaftServerImpl.java:setRole(290)) - 6a96ca8f-dca1-45f9-908e-cf69810dcb0d@group-6642639B689A: changes role from CANDIDATE to LEADER at term 1 for changeToLeader
2022-03-02 19:15:30,140 [6a96ca8f-dca1-45f9-908e-cf69810dcb0d@group-6642639B689A-LeaderElection21] INFO  ratis.XceiverServerRatis (XceiverServerRatis.java:handleLeaderChangedNotification(867)) - Leader change notification received for group: group-6642639B689A with new leaderId: 6a96ca8f-dca1-45f9-908e-cf69810dcb0d
2022-03-02 19:15:30,142 [6a96ca8f-dca1-45f9-908e-cf69810dcb0d@group-6642639B689A-LeaderElection21] INFO  server.RaftServer$Division (ServerState.java:setLeader(285)) - 6a96ca8f-dca1-45f9-908e-cf69810dcb0d@group-6642639B689A: change Leader from null to 6a96ca8f-dca1-45f9-908e-cf69810dcb0d at term 1 for becomeLeader, leader elected after 5213ms
2022-03-02 19:15:30,142 [6a96ca8f-dca1-45f9-908e-cf69810dcb0d@group-6642639B689A-LeaderElection21] INFO  server.RaftServerConfigKeys (ConfUtils.java:logGet(44)) - raft.server.staging.catchup.gap = 1000 (default)
2022-03-02 19:15:30,143 [6a96ca8f-dca1-45f9-908e-cf69810dcb0d@group-6642639B689A-LeaderElection21] INFO  server.RaftServerConfigKeys (ConfUtils.java:logGet(44)) - raft.server.write.element-limit = 1024 (custom)
2022-03-02 19:15:30,143 [6a96ca8f-dca1-45f9-908e-cf69810dcb0d@group-6642639B689A-LeaderElection21] INFO  server.RaftServerConfigKeys (ConfUtils.java:logGet(44)) - raft.server.write.byte-limit = 1024 M (=1073741824) (custom)
2022-03-02 19:15:30,145 [6a96ca8f-dca1-45f9-908e-cf69810dcb0d@group-6642639B689A-LeaderElection21] INFO  server.RaftServerConfigKeys (ConfUtils.java:logGet(44)) - raft.server.watch.timeout = 180s (custom)
2022-03-02 19:15:30,145 [6a96ca8f-dca1-45f9-908e-cf69810dcb0d@group-6642639B689A-LeaderElection21] INFO  server.RaftServerConfigKeys (ConfUtils.java:logGet(44)) - raft.server.watch.timeout.denomination = 1s (default)
2022-03-02 19:15:30,145 [6a96ca8f-dca1-45f9-908e-cf69810dcb0d@group-6642639B689A-LeaderElection21] INFO  server.RaftServerConfigKeys (ConfUtils.java:logGet(44)) - raft.server.watch.element-limit = 65536 (default)
2022-03-02 19:15:30,145 [6a96ca8f-dca1-45f9-908e-cf69810dcb0d@group-6642639B689A-LeaderElection21] INFO  server.RaftServerConfigKeys (ConfUtils.java:logGet(44)) - raft.server.write.element-limit = 1024 (custom)
2022-03-02 19:15:30,145 [6a96ca8f-dca1-45f9-908e-cf69810dcb0d@group-6642639B689A-LeaderElection21] INFO  server.RaftServerConfigKeys (ConfUtils.java:logGet(44)) - raft.server.write.follower.gap.ratio.max = -1.0 (default)
2022-03-02 19:15:30,145 [6a96ca8f-dca1-45f9-908e-cf69810dcb0d@group-6642639B689A-LeaderElection21] INFO  impl.RoleInfo (RoleInfo.java:updateAndGet(130)) - 6a96ca8f-dca1-45f9-908e-cf69810dcb0d: start 6a96ca8f-dca1-45f9-908e-cf69810dcb0d@group-6642639B689A-LeaderStateImpl
2022-03-02 19:15:30,146 [6a96ca8f-dca1-45f9-908e-cf69810dcb0d@group-6642639B689A-LeaderElection21] INFO  segmented.SegmentedRaftLogWorker (SegmentedRaftLogWorker.java:startLogSegment(394)) - 6a96ca8f-dca1-45f9-908e-cf69810dcb0d@group-6642639B689A-SegmentedRaftLogWorker: Starting segment from index:0
2022-03-02 19:15:30,146 [EventQueue-OpenPipelineForHealthyPipelineSafeModeRule] INFO  safemode.SCMSafeModeManager (HealthyPipelineSafeModeRule.java:process(124)) - SCM in safe mode. Healthy pipelines reported count is 1, required healthy pipeline reported count is 1
2022-03-02 19:15:30,146 [EventQueue-OpenPipelineForHealthyPipelineSafeModeRule] INFO  safemode.SCMSafeModeManager (SCMSafeModeManager.java:validateSafeModeExitRules(204)) - HealthyPipelineSafeModeRule rule is successfully validated
2022-03-02 19:15:30,147 [EventQueue-OpenPipelineForHealthyPipelineSafeModeRule] INFO  safemode.SCMSafeModeManager (SCMSafeModeManager.java:validateSafeModeExitRules(219)) - ScmSafeModeManager, all rules are successfully validated
2022-03-02 19:15:30,147 [EventQueue-OpenPipelineForHealthyPipelineSafeModeRule] INFO  safemode.SCMSafeModeManager (SCMSafeModeManager.java:exitSafeMode(248)) - SCM exiting safe mode.
2022-03-02 19:15:30,147 [EventQueue-OpenPipelineForHealthyPipelineSafeModeRule] WARN  events.EventQueue (EventQueue.java:fireEvent(194)) - No event handler registered for event TypedEvent{payloadType=SafeModeStatus, name='Safe mode status'}
2022-03-02 19:15:30,147 [EventQueue-OpenPipelineForHealthyPipelineSafeModeRule] INFO  ha.SCMContext (SCMContext.java:updateSafeModeStatus(211)) - Update SafeModeStatus from SafeModeStatus{safeModeStatus=true, preCheckPassed=true} to SafeModeStatus{safeModeStatus=false, preCheckPassed=true}.
2022-03-02 19:15:30,148 [6a96ca8f-dca1-45f9-908e-cf69810dcb0d@group-6642639B689A-SegmentedRaftLogWorker] INFO  segmented.SegmentedRaftLogWorker (SegmentedRaftLogWorker.java:execute(601)) - 6a96ca8f-dca1-45f9-908e-cf69810dcb0d@group-6642639B689A-SegmentedRaftLogWorker: created new log segment /home/runner/work/ozone/ozone/hadoop-ozone/integration-test/target/test-dir/MiniOzoneClusterImpl-403ad05d-12dd-4695-ad1e-d5eafc849fbc/datanode-1/data/ratis/5e2c3fb1-b4dd-42e9-b875-6642639b689a/current/log_inprogress_0
2022-03-02 19:15:30,157 [6a96ca8f-dca1-45f9-908e-cf69810dcb0d@group-6642639B689A-LeaderElection21] INFO  server.RaftServer$Division (ServerState.java:setRaftConf(387)) - 6a96ca8f-dca1-45f9-908e-cf69810dcb0d@group-6642639B689A: set configuration 0: [6a96ca8f-dca1-45f9-908e-cf69810dcb0d|rpc:127.0.0.1:38231|dataStream:|priority:1], old=null
2022-03-02 19:15:30,266 [Listener at 127.0.0.1/37389] INFO  ozone.MiniOzoneClusterImpl (MiniOzoneClusterImpl.java:lambda$waitForClusterToBeReady$0(219)) - Nodes are ready. Got 3 of 3 DN Heartbeats.
2022-03-02 19:15:30,267 [Listener at 127.0.0.1/37389] INFO  ozone.MiniOzoneClusterImpl (MiniOzoneClusterImpl.java:lambda$waitForClusterToBeReady$0(222)) - Cluster exits safe mode
2022-03-02 19:15:30,267 [Listener at 127.0.0.1/37389] INFO  ozone.MiniOzoneClusterImpl (MiniOzoneClusterImpl.java:lambda$waitForClusterToBeReady$0(224)) - SCM became leader
2022-03-02 19:15:30,267 [Listener at 127.0.0.1/37389] INFO  server.StorageContainerManager (StorageContainerManager.java:start(1330)) - StorageContainerLocationProtocol RPC server is listening at /0.0.0.0:42919
2022-03-02 19:15:30,268 [Listener at 127.0.0.1/37389] INFO  ha.SCMRatisServerImpl (SCMRatisServerImpl.java:start(177)) - starting ratis server 0.0.0.0:43969
2022-03-02 19:15:30,268 [Listener at 127.0.0.1/37389] INFO  server.RaftServer$Division (RaftServerImpl.java:start(304)) - d15c7541-afff-4c05-b5ea-1cab637993e4@group-D5EAFC849FBC: start with initializing state, conf=-1: [], old=null
2022-03-02 19:15:30,268 [Listener at 127.0.0.1/37389] INFO  server.RaftServer$Division (RaftServerImpl.java:setRole(290)) - d15c7541-afff-4c05-b5ea-1cab637993e4@group-D5EAFC849FBC: changes role from      null to FOLLOWER at term 0 for startInitializing
2022-03-02 19:15:30,268 [Listener at 127.0.0.1/37389] INFO  util.JmxRegister (JmxRegister.java:tryRegister(44)) - Successfully registered JMX Bean with object name Ratis:service=RaftServer,group=group-D5EAFC849FBC,id=d15c7541-afff-4c05-b5ea-1cab637993e4
2022-03-02 19:15:30,274 [Listener at 127.0.0.1/37389] INFO  server.RaftServer (RaftServerProxy.java:lambda$start$5(374)) - d15c7541-afff-4c05-b5ea-1cab637993e4: start RPC server
2022-03-02 19:15:30,275 [Listener at 127.0.0.1/37389] INFO  server.GrpcService (GrpcService.java:startImpl(253)) - d15c7541-afff-4c05-b5ea-1cab637993e4: GrpcService started, listening on 43969
2022-03-02 19:15:30,278 [org.apache.ratis.util.JvmPauseMonitor$$Lambda$503/310350177@44517251] INFO  util.JvmPauseMonitor (JvmPauseMonitor.java:run(103)) - JvmPauseMonitor-d15c7541-afff-4c05-b5ea-1cab637993e4: Started
2022-03-02 19:15:30,279 [Listener at 127.0.0.1/37389] INFO  ha.SCMNodeInfo (SCMNodeInfo.java:getPort(197)) - ConfigKey ozone.scm.client.address is deprecated, For configuring different ports for each SCM use PortConfigKey ozone.scm.client.port appended with serviceId and nodeId
2022-03-02 19:15:30,279 [Listener at 127.0.0.1/37389] INFO  ha.SCMNodeInfo (SCMNodeInfo.java:getPort(197)) - ConfigKey ozone.scm.block.client.address is deprecated, For configuring different ports for each SCM use PortConfigKey ozone.scm.block.client.port appended with serviceId and nodeId
2022-03-02 19:15:30,279 [Listener at 127.0.0.1/37389] INFO  ha.SCMNodeInfo (SCMNodeInfo.java:getPort(197)) - ConfigKey ozone.scm.datanode.address is deprecated, For configuring different ports for each SCM use PortConfigKey ozone.scm.datanode.port appended with serviceId and nodeId
2022-03-02 19:15:30,279 [Listener at 127.0.0.1/37389] INFO  ha.SCMNodeInfo (SCMNodeInfo.java:getPort(197)) - ConfigKey ozone.scm.client.address is deprecated, For configuring different ports for each SCM use PortConfigKey ozone.scm.client.port appended with serviceId and nodeId
2022-03-02 19:15:30,279 [Listener at 127.0.0.1/37389] INFO  ha.SCMNodeInfo (SCMNodeInfo.java:getPort(197)) - ConfigKey ozone.scm.block.client.address is deprecated, For configuring different ports for each SCM use PortConfigKey ozone.scm.block.client.port appended with serviceId and nodeId
2022-03-02 19:15:30,279 [Listener at 127.0.0.1/37389] INFO  ha.SCMNodeInfo (SCMNodeInfo.java:getPort(197)) - ConfigKey ozone.scm.datanode.address is deprecated, For configuring different ports for each SCM use PortConfigKey ozone.scm.datanode.port appended with serviceId and nodeId
2022-03-02 19:15:30,280 [Listener at 127.0.0.1/37389] INFO  ha.SCMNodeInfo (SCMNodeInfo.java:getPort(197)) - ConfigKey ozone.scm.client.address is deprecated, For configuring different ports for each SCM use PortConfigKey ozone.scm.client.port appended with serviceId and nodeId
2022-03-02 19:15:30,280 [Listener at 127.0.0.1/37389] INFO  ha.SCMNodeInfo (SCMNodeInfo.java:getPort(197)) - ConfigKey ozone.scm.block.client.address is deprecated, For configuring different ports for each SCM use PortConfigKey ozone.scm.block.client.port appended with serviceId and nodeId
2022-03-02 19:15:30,280 [Listener at 127.0.0.1/37389] INFO  ha.SCMNodeInfo (SCMNodeInfo.java:getPort(197)) - ConfigKey ozone.scm.datanode.address is deprecated, For configuring different ports for each SCM use PortConfigKey ozone.scm.datanode.port appended with serviceId and nodeId
2022-03-02 19:15:30,285 [IPC Server handler 83 on default port 45179] INFO  ha.SCMRatisServerImpl (SCMRatisServerImpl.java:addSCM(292)) - 878dadca-57df-4ab3-9601-92853b413341: Submitting SetConfiguration request to Ratis server with new SCM peers list: [878dadca-57df-4ab3-9601-92853b413341|rpc:localhost:45009|admin:|client:|dataStream:|priority:0, 49081caa-6924-42d1-b762-c940ad9f7c50|rpc:localhost:40649|priority:0, d15c7541-afff-4c05-b5ea-1cab637993e4|rpc:localhost:43969|priority:0]
2022-03-02 19:15:30,285 [IPC Server handler 83 on default port 45179] INFO  server.RaftServer$Division (RaftServerImpl.java:setConfigurationAsync(974)) - 878dadca-57df-4ab3-9601-92853b413341@group-D5EAFC849FBC: receive setConfiguration SetConfigurationRequest:client-CFC2AD82F3DA->878dadca-57df-4ab3-9601-92853b413341@group-D5EAFC849FBC, cid=10, seq=0, RW, null, peers:[878dadca-57df-4ab3-9601-92853b413341|rpc:localhost:45009|admin:|client:|dataStream:|priority:0, 49081caa-6924-42d1-b762-c940ad9f7c50|rpc:localhost:40649|priority:0, d15c7541-afff-4c05-b5ea-1cab637993e4|rpc:localhost:43969|priority:0]
2022-03-02 19:15:30,285 [IPC Server handler 83 on default port 45179] INFO  server.RaftServer$Division (LeaderStateImpl.java:startSetConfiguration(358)) - 878dadca-57df-4ab3-9601-92853b413341@group-D5EAFC849FBC-LeaderStateImpl: startSetConfiguration SetConfigurationRequest:client-CFC2AD82F3DA->878dadca-57df-4ab3-9601-92853b413341@group-D5EAFC849FBC, cid=10, seq=0, RW, null, peers:[878dadca-57df-4ab3-9601-92853b413341|rpc:localhost:45009|admin:|client:|dataStream:|priority:0, 49081caa-6924-42d1-b762-c940ad9f7c50|rpc:localhost:40649|priority:0, d15c7541-afff-4c05-b5ea-1cab637993e4|rpc:localhost:43969|priority:0]
2022-03-02 19:15:30,285 [IPC Server handler 83 on default port 45179] INFO  server.RaftServerConfigKeys (ConfUtils.java:logGet(44)) - raft.server.log.appender.snapshot.chunk.size.max = 16MB (=16777216) (default)
2022-03-02 19:15:30,285 [IPC Server handler 83 on default port 45179] INFO  server.RaftServerConfigKeys (ConfUtils.java:logGet(44)) - raft.server.log.appender.buffer.byte-limit = 33554432 (custom)
2022-03-02 19:15:30,285 [IPC Server handler 83 on default port 45179] INFO  server.RaftServerConfigKeys (ConfUtils.java:logGet(44)) - raft.server.log.appender.buffer.element-limit = 1024 (custom)
2022-03-02 19:15:30,287 [IPC Server handler 83 on default port 45179] INFO  grpc.GrpcConfigKeys (ConfUtils.java:logGet(44)) - raft.grpc.server.leader.outstanding.appends.max = 128 (default)
2022-03-02 19:15:30,287 [IPC Server handler 83 on default port 45179] INFO  server.RaftServerConfigKeys (ConfUtils.java:logGet(44)) - raft.server.rpc.request.timeout = 30000ms (custom)
2022-03-02 19:15:30,287 [IPC Server handler 83 on default port 45179] INFO  server.RaftServerConfigKeys (ConfUtils.java:logGet(44)) - raft.server.log.appender.install.snapshot.enabled = false (custom)
2022-03-02 19:15:30,298 [878dadca-57df-4ab3-9601-92853b413341@group-D5EAFC849FBC->d15c7541-afff-4c05-b5ea-1cab637993e4-GrpcLogAppender-LogAppenderDaemon] INFO  server.GrpcLogAppender (GrpcLogAppender.java:installSnapshot(550)) - 878dadca-57df-4ab3-9601-92853b413341@group-D5EAFC849FBC->d15c7541-afff-4c05-b5ea-1cab637993e4-GrpcLogAppender: followerNextIndex = 0 but logStartIndex = 1, notify follower to install snapshot-(t:2, i:24)
2022-03-02 19:15:30,302 [878dadca-57df-4ab3-9601-92853b413341@group-D5EAFC849FBC->d15c7541-afff-4c05-b5ea-1cab637993e4-GrpcLogAppender-LogAppenderDaemon] INFO  server.GrpcLogAppender (GrpcLogAppender.java:installSnapshot(558)) - 878dadca-57df-4ab3-9601-92853b413341@group-D5EAFC849FBC->d15c7541-afff-4c05-b5ea-1cab637993e4-GrpcLogAppender: send 878dadca-57df-4ab3-9601-92853b413341->d15c7541-afff-4c05-b5ea-1cab637993e4#0-t2,notify:(t:2, i:24)
2022-03-02 19:15:30,316 [grpc-default-executor-5] INFO  server.RaftServer$Division (RaftServerImpl.java:installSnapshot(1332)) - d15c7541-afff-4c05-b5ea-1cab637993e4@group-D5EAFC849FBC: receive installSnapshot: 878dadca-57df-4ab3-9601-92853b413341->d15c7541-afff-4c05-b5ea-1cab637993e4#0-t2,notify:(t:2, i:24)
2022-03-02 19:15:30,318 [grpc-default-executor-5] INFO  ha.SCMStateMachine (SCMStateMachine.java:notifyLeaderChanged(255)) - leader changed, yet current SCM is still follower.
2022-03-02 19:15:30,318 [grpc-default-executor-5] INFO  server.RaftServer$Division (ServerState.java:setLeader(285)) - d15c7541-afff-4c05-b5ea-1cab637993e4@group-D5EAFC849FBC: change Leader from null to 878dadca-57df-4ab3-9601-92853b413341 at term 2 for installSnapshot, leader elected after 14429ms
2022-03-02 19:15:30,318 [grpc-default-executor-5] INFO  server.RaftServer$Division (RaftServerImpl.java:notifyStateMachineToInstallSnapshot(1551)) - d15c7541-afff-4c05-b5ea-1cab637993e4@group-D5EAFC849FBC: Received notification to install snapshot at index 24
2022-03-02 19:15:30,319 [grpc-default-executor-5] INFO  server.RaftServer$Division (RaftServerImpl.java:notifyStateMachineToInstallSnapshot(1582)) - d15c7541-afff-4c05-b5ea-1cab637993e4@group-D5EAFC849FBC: notifyInstallSnapshot: nextIndex is 0 but the leader's first available index is 24.
2022-03-02 19:15:30,319 [grpc-default-executor-5] INFO  ha.SCMStateMachine (SCMStateMachine.java:notifyInstallSnapshotFromLeader(219)) - Received install snapshot notification from SCM leader: localhost:45009 with term index: (t:2, i:24)
2022-03-02 19:15:30,328 [pool-315-thread-1] INFO  ha.SCMHAManagerImpl (SCMHAManagerImpl.java:getDBCheckpointFromLeader(207)) - Downloading checkpoint from leader SCM scmNode-1 and reloading state from the checkpoint.
2022-03-02 19:15:30,367 [grpc-default-executor-4] INFO  ha.SCMDBCheckpointProvider (SCMDBCheckpointProvider.java:writeDBCheckPointToSream(48)) - Received request to obtain SCM DB checkpoint snapshot
2022-03-02 19:15:30,377 [grpc-default-executor-4] INFO  db.RDBCheckpointManager (RDBCheckpointManager.java:createCheckpoint(86)) - Created checkpoint at /home/runner/work/ozone/ozone/hadoop-ozone/integration-test/target/test-dir/MiniOzoneClusterImpl-403ad05d-12dd-4695-ad1e-d5eafc849fbc/scmNode-1/db.checkpoints/scm.db_checkpoint_1646248530367 in 10 milliseconds
2022-03-02 19:15:30,387 [grpc-default-executor-4] INFO  ha.SCMGrpcOutputStream (SCMGrpcOutputStream.java:close(111)) - Sent 6326 bytes for cluster 403ad05d-12dd-4695-ad1e-d5eafc849fbc
2022-03-02 19:15:30,388 [grpc-default-executor-3] INFO  ha.InterSCMGrpcClient (InterSCMGrpcClient.java:onCompleted(173)) - Checkpoint is downloaded to /home/runner/work/ozone/ozone/hadoop-ozone/integration-test/target/test-dir/MiniOzoneClusterImpl-403ad05d-12dd-4695-ad1e-d5eafc849fbc/scmNode-3/snapshot/scm.db-scmNode-1-1646248530328.tar.gz
2022-03-02 19:15:30,392 [grpc-default-executor-4] INFO  ha.SCMDBCheckpointProvider (SCMDBCheckpointProvider.java:writeDBCheckPointToSream(73)) - Time taken to write the checkpoint to response output stream: 15 milliseconds
2022-03-02 19:15:30,392 [grpc-default-executor-4] INFO  db.RocksDBCheckpoint (RocksDBCheckpoint.java:cleanupCheckpoint(78)) - Cleaning up RocksDB checkpoint at /home/runner/work/ozone/ozone/hadoop-ozone/integration-test/target/test-dir/MiniOzoneClusterImpl-403ad05d-12dd-4695-ad1e-d5eafc849fbc/scmNode-1/db.checkpoints/scm.db_checkpoint_1646248530367
2022-03-02 19:15:30,411 [pool-315-thread-1] INFO  ha.SCMSnapshotProvider (SCMSnapshotProvider.java:getSCMDBSnapshot(131)) - Successfully downloaded latest checkpoint from leader SCM: scmNode-1 path /home/runner/work/ozone/ozone/hadoop-ozone/integration-test/target/test-dir/MiniOzoneClusterImpl-403ad05d-12dd-4695-ad1e-d5eafc849fbc/scmNode-3/snapshot/scm.db-scmNode-1-1646248530328
2022-03-02 19:15:30,411 [pool-315-thread-1] INFO  ha.SCMHAManagerImpl (SCMHAManagerImpl.java:downloadCheckpointFromLeader(159)) - Downloaded checkpoint from Leader scmNode-1 to the location /home/runner/work/ozone/ozone/hadoop-ozone/integration-test/target/test-dir/MiniOzoneClusterImpl-403ad05d-12dd-4695-ad1e-d5eafc849fbc/scmNode-3/snapshot/scm.db-scmNode-1-1646248530328
2022-03-02 19:15:30,474 [8c53a021-9171-485b-b256-839aa3d3ad02@group-465AEE61AB4C-FollowerState] INFO  impl.FollowerState (FollowerState.java:run(134)) - 8c53a021-9171-485b-b256-839aa3d3ad02@group-465AEE61AB4C-FollowerState: change to CANDIDATE, lastRpcElapsedTime:5120856537ns, electionTimeout:5115ms
2022-03-02 19:15:30,474 [8c53a021-9171-485b-b256-839aa3d3ad02@group-465AEE61AB4C-FollowerState] INFO  impl.RoleInfo (RoleInfo.java:shutdownFollowerState(108)) - 8c53a021-9171-485b-b256-839aa3d3ad02: shutdown 8c53a021-9171-485b-b256-839aa3d3ad02@group-465AEE61AB4C-FollowerState
2022-03-02 19:15:30,474 [8c53a021-9171-485b-b256-839aa3d3ad02@group-465AEE61AB4C-FollowerState] INFO  server.RaftServer$Division (RaftServerImpl.java:setRole(290)) - 8c53a021-9171-485b-b256-839aa3d3ad02@group-465AEE61AB4C: changes role from  FOLLOWER to CANDIDATE at term 0 for changeToCandidate
2022-03-02 19:15:30,476 [8c53a021-9171-485b-b256-839aa3d3ad02@group-465AEE61AB4C-FollowerState] INFO  server.RaftServerConfigKeys (ConfUtils.java:logGet(44)) - raft.server.leaderelection.pre-vote = false (custom)
2022-03-02 19:15:30,476 [8c53a021-9171-485b-b256-839aa3d3ad02@group-465AEE61AB4C-FollowerState] INFO  impl.RoleInfo (RoleInfo.java:updateAndGet(130)) - 8c53a021-9171-485b-b256-839aa3d3ad02: start 8c53a021-9171-485b-b256-839aa3d3ad02@group-465AEE61AB4C-LeaderElection22
2022-03-02 19:15:30,495 [8c53a021-9171-485b-b256-839aa3d3ad02@group-465AEE61AB4C-LeaderElection22] INFO  impl.LeaderElection (LeaderElection.java:askForVotes(306)) - 8c53a021-9171-485b-b256-839aa3d3ad02@group-465AEE61AB4C-LeaderElection22 ELECTION round 0: submit vote requests at term 1 for -1: [8c53a021-9171-485b-b256-839aa3d3ad02|rpc:127.0.0.1:41201|priority:1], old=null
2022-03-02 19:15:30,496 [8c53a021-9171-485b-b256-839aa3d3ad02@group-465AEE61AB4C-LeaderElection22] INFO  impl.LeaderElection (LeaderElection.java:askForVotes(308)) - 8c53a021-9171-485b-b256-839aa3d3ad02@group-465AEE61AB4C-LeaderElection22 ELECTION round 0: result PASSED (term=1)
2022-03-02 19:15:30,496 [8c53a021-9171-485b-b256-839aa3d3ad02@group-465AEE61AB4C-LeaderElection22] INFO  impl.RoleInfo (RoleInfo.java:shutdownLeaderElection(121)) - 8c53a021-9171-485b-b256-839aa3d3ad02: shutdown 8c53a021-9171-485b-b256-839aa3d3ad02@group-465AEE61AB4C-LeaderElection22
2022-03-02 19:15:30,496 [8c53a021-9171-485b-b256-839aa3d3ad02@group-465AEE61AB4C-LeaderElection22] INFO  server.RaftServer$Division (RaftServerImpl.java:setRole(290)) - 8c53a021-9171-485b-b256-839aa3d3ad02@group-465AEE61AB4C: changes role from CANDIDATE to LEADER at term 1 for changeToLeader
2022-03-02 19:15:30,496 [8c53a021-9171-485b-b256-839aa3d3ad02@group-465AEE61AB4C-LeaderElection22] INFO  ratis.XceiverServerRatis (XceiverServerRatis.java:handleLeaderChangedNotification(867)) - Leader change notification received for group: group-465AEE61AB4C with new leaderId: 8c53a021-9171-485b-b256-839aa3d3ad02
2022-03-02 19:15:30,496 [8c53a021-9171-485b-b256-839aa3d3ad02@group-465AEE61AB4C-LeaderElection22] INFO  server.RaftServer$Division (ServerState.java:setLeader(285)) - 8c53a021-9171-485b-b256-839aa3d3ad02@group-465AEE61AB4C: change Leader from null to 8c53a021-9171-485b-b256-839aa3d3ad02 at term 1 for becomeLeader, leader elected after 5185ms
2022-03-02 19:15:30,496 [8c53a021-9171-485b-b256-839aa3d3ad02@group-465AEE61AB4C-LeaderElection22] INFO  server.RaftServerConfigKeys (ConfUtils.java:logGet(44)) - raft.server.staging.catchup.gap = 1000 (default)
2022-03-02 19:15:30,497 [8c53a021-9171-485b-b256-839aa3d3ad02@group-465AEE61AB4C-LeaderElection22] INFO  server.RaftServerConfigKeys (ConfUtils.java:logGet(44)) - raft.server.write.element-limit = 1024 (custom)
2022-03-02 19:15:30,497 [8c53a021-9171-485b-b256-839aa3d3ad02@group-465AEE61AB4C-LeaderElection22] INFO  server.RaftServerConfigKeys (ConfUtils.java:logGet(44)) - raft.server.write.byte-limit = 1024 M (=1073741824) (custom)
2022-03-02 19:15:30,498 [8c53a021-9171-485b-b256-839aa3d3ad02@group-465AEE61AB4C-LeaderElection22] INFO  server.RaftServerConfigKeys (ConfUtils.java:logGet(44)) - raft.server.watch.timeout = 180s (custom)
2022-03-02 19:15:30,499 [8c53a021-9171-485b-b256-839aa3d3ad02@group-465AEE61AB4C-LeaderElection22] INFO  server.RaftServerConfigKeys (ConfUtils.java:logGet(44)) - raft.server.watch.timeout.denomination = 1s (default)
2022-03-02 19:15:30,499 [8c53a021-9171-485b-b256-839aa3d3ad02@group-465AEE61AB4C-LeaderElection22] INFO  server.RaftServerConfigKeys (ConfUtils.java:logGet(44)) - raft.server.watch.element-limit = 65536 (default)
2022-03-02 19:15:30,499 [8c53a021-9171-485b-b256-839aa3d3ad02@group-465AEE61AB4C-LeaderElection22] INFO  server.RaftServerConfigKeys (ConfUtils.java:logGet(44)) - raft.server.write.element-limit = 1024 (custom)
2022-03-02 19:15:30,499 [8c53a021-9171-485b-b256-839aa3d3ad02@group-465AEE61AB4C-LeaderElection22] INFO  server.RaftServerConfigKeys (ConfUtils.java:logGet(44)) - raft.server.write.follower.gap.ratio.max = -1.0 (default)
2022-03-02 19:15:30,499 [8c53a021-9171-485b-b256-839aa3d3ad02@group-465AEE61AB4C-LeaderElection22] INFO  impl.RoleInfo (RoleInfo.java:updateAndGet(130)) - 8c53a021-9171-485b-b256-839aa3d3ad02: start 8c53a021-9171-485b-b256-839aa3d3ad02@group-465AEE61AB4C-LeaderStateImpl
2022-03-02 19:15:30,500 [8c53a021-9171-485b-b256-839aa3d3ad02@group-465AEE61AB4C-LeaderElection22] INFO  segmented.SegmentedRaftLogWorker (SegmentedRaftLogWorker.java:startLogSegment(394)) - 8c53a021-9171-485b-b256-839aa3d3ad02@group-465AEE61AB4C-SegmentedRaftLogWorker: Starting segment from index:0
2022-03-02 19:15:30,504 [8c53a021-9171-485b-b256-839aa3d3ad02@group-465AEE61AB4C-SegmentedRaftLogWorker] INFO  segmented.SegmentedRaftLogWorker (SegmentedRaftLogWorker.java:execute(601)) - 8c53a021-9171-485b-b256-839aa3d3ad02@group-465AEE61AB4C-SegmentedRaftLogWorker: created new log segment /home/runner/work/ozone/ozone/hadoop-ozone/integration-test/target/test-dir/MiniOzoneClusterImpl-403ad05d-12dd-4695-ad1e-d5eafc849fbc/datanode-2/data/ratis/2b254719-62e1-45ad-b4c0-465aee61ab4c/current/log_inprogress_0
2022-03-02 19:15:30,515 [pool-315-thread-1] INFO  ha.SCMHAManagerImpl (SCMHAManagerImpl.java:verifyCheckpointFromLeader(173)) - Installing checkpoint with SCMTransactionInfo 2#24
2022-03-02 19:15:30,515 [pool-315-thread-1] INFO  server.RaftServer$Division (RaftServerImpl.java:lambda$notifyStateMachineToInstallSnapshot$30(1595)) - d15c7541-afff-4c05-b5ea-1cab637993e4@group-D5EAFC849FBC: StateMachine successfully installed snapshot index 24. Reloading the StateMachine.
2022-03-02 19:15:30,515 [pool-315-thread-1] INFO  segmented.SegmentedRaftLogWorker (SegmentedRaftLogWorker.java:lambda$new$0(133)) - d15c7541-afff-4c05-b5ea-1cab637993e4@group-D5EAFC849FBC-SegmentedRaftLogWorker: flushIndex: setUnconditionally -1 -> 24
2022-03-02 19:15:30,515 [pool-315-thread-1] INFO  segmented.SegmentedRaftLogWorker (SegmentedRaftLogWorker.java:lambda$new$0(133)) - d15c7541-afff-4c05-b5ea-1cab637993e4@group-D5EAFC849FBC-SegmentedRaftLogWorker: safeCacheEvictIndex: setUnconditionally -1 -> 24
2022-03-02 19:15:30,515 [pool-315-thread-1] INFO  raftlog.RaftLog (RaftLogBase.java:lambda$new$0(53)) - d15c7541-afff-4c05-b5ea-1cab637993e4@group-D5EAFC849FBC-SegmentedRaftLog: snapshotIndex: updateIncreasingly -1 -> 24
2022-03-02 19:15:30,519 [grpc-default-executor-5] INFO  server.RaftServer$Division (RaftServerImpl.java:notifyStateMachineToInstallSnapshot(1638)) - d15c7541-afff-4c05-b5ea-1cab637993e4@group-D5EAFC849FBC: InstallSnapshot notification result: SNAPSHOT_INSTALLED, at index: 24
2022-03-02 19:15:30,520 [8c53a021-9171-485b-b256-839aa3d3ad02@group-465AEE61AB4C-LeaderElection22] INFO  server.RaftServer$Division (ServerState.java:setRaftConf(387)) - 8c53a021-9171-485b-b256-839aa3d3ad02@group-465AEE61AB4C: set configuration 0: [8c53a021-9171-485b-b256-839aa3d3ad02|rpc:127.0.0.1:41201|dataStream:|priority:1], old=null
2022-03-02 19:15:30,523 [grpc-default-executor-5] INFO  server.RaftServer$Division (RaftServerImpl.java:installSnapshotImpl(1462)) - d15c7541-afff-4c05-b5ea-1cab637993e4@group-D5EAFC849FBC: set new configuration index: 5
configurationEntry {
  peers {
    id: "878dadca-57df-4ab3-9601-92853b413341"
    address: "localhost:45009"
  }
  peers {
    id: "49081caa-6924-42d1-b762-c940ad9f7c50"
    address: "localhost:40649"
  }
}
 from snapshot
2022-03-02 19:15:30,523 [grpc-default-executor-5] INFO  server.RaftServer$Division (ServerState.java:setRaftConf(387)) - d15c7541-afff-4c05-b5ea-1cab637993e4@group-D5EAFC849FBC: set configuration 5: [878dadca-57df-4ab3-9601-92853b413341|rpc:localhost:45009|admin:|client:|dataStream:|priority:0, 49081caa-6924-42d1-b762-c940ad9f7c50|rpc:localhost:40649|admin:|client:|dataStream:|priority:0], old=null
2022-03-02 19:15:30,523 [grpc-default-executor-5] INFO  server.RaftServer$Division (RaftServerImpl.java:installSnapshot(1343)) - d15c7541-afff-4c05-b5ea-1cab637993e4@group-D5EAFC849FBC: reply installSnapshot: 878dadca-57df-4ab3-9601-92853b413341<-d15c7541-afff-4c05-b5ea-1cab637993e4#0:FAIL-t0,SNAPSHOT_INSTALLED,snapshotIndex=24
2022-03-02 19:15:30,526 [grpc-default-executor-5] INFO  server.GrpcServerProtocolService (GrpcServerProtocolService.java:onCompleted(140)) - d15c7541-afff-4c05-b5ea-1cab637993e4: Completed INSTALL_SNAPSHOT, lastRequest: 878dadca-57df-4ab3-9601-92853b413341->d15c7541-afff-4c05-b5ea-1cab637993e4#0-t2,notify:(t:2, i:24)
2022-03-02 19:15:30,527 [grpc-default-executor-4] INFO  server.GrpcLogAppender (GrpcLogAppender.java:onNext(410)) - 878dadca-57df-4ab3-9601-92853b413341@group-D5EAFC849FBC->d15c7541-afff-4c05-b5ea-1cab637993e4-InstallSnapshotResponseHandler: received the first reply 878dadca-57df-4ab3-9601-92853b413341<-d15c7541-afff-4c05-b5ea-1cab637993e4#0:FAIL-t0,SNAPSHOT_INSTALLED,snapshotIndex=24
2022-03-02 19:15:30,527 [grpc-default-executor-4] INFO  server.GrpcLogAppender (GrpcLogAppender.java:onNext(450)) - 878dadca-57df-4ab3-9601-92853b413341@group-D5EAFC849FBC->d15c7541-afff-4c05-b5ea-1cab637993e4-InstallSnapshotResponseHandler: Follower installed snapshot at index 24
2022-03-02 19:15:30,527 [grpc-default-executor-4] INFO  leader.FollowerInfo (FollowerInfoImpl.java:lambda$new$0(47)) - 878dadca-57df-4ab3-9601-92853b413341@group-D5EAFC849FBC->d15c7541-afff-4c05-b5ea-1cab637993e4: snapshotIndex: setUnconditionally 0 -> 24
2022-03-02 19:15:30,527 [grpc-default-executor-4] INFO  leader.FollowerInfo (FollowerInfoImpl.java:lambda$new$0(47)) - 878dadca-57df-4ab3-9601-92853b413341@group-D5EAFC849FBC->d15c7541-afff-4c05-b5ea-1cab637993e4: matchIndex: setUnconditionally 0 -> 24
2022-03-02 19:15:30,527 [grpc-default-executor-4] INFO  leader.FollowerInfo (FollowerInfoImpl.java:lambda$new$0(47)) - 878dadca-57df-4ab3-9601-92853b413341@group-D5EAFC849FBC->d15c7541-afff-4c05-b5ea-1cab637993e4: nextIndex: setUnconditionally 0 -> 25
2022-03-02 19:15:30,527 [grpc-default-executor-4] INFO  leader.FollowerInfo (FollowerInfoImpl.java:setAttemptedToInstallSnapshot(116)) - Follower 878dadca-57df-4ab3-9601-92853b413341@group-D5EAFC849FBC->d15c7541-afff-4c05-b5ea-1cab637993e4 acknowledged installing snapshot
2022-03-02 19:15:30,528 [grpc-default-executor-4] INFO  leader.FollowerInfo (FollowerInfoImpl.java:lambda$new$0(47)) - 878dadca-57df-4ab3-9601-92853b413341@group-D5EAFC849FBC->d15c7541-afff-4c05-b5ea-1cab637993e4: nextIndex: updateToMax old=25, new=25, updated? false
2022-03-02 19:15:30,532 [grpc-default-executor-3] INFO  impl.RoleInfo (RoleInfo.java:updateAndGet(130)) - d15c7541-afff-4c05-b5ea-1cab637993e4: start d15c7541-afff-4c05-b5ea-1cab637993e4@group-D5EAFC849FBC-FollowerState
2022-03-02 19:15:30,580 [d15c7541-afff-4c05-b5ea-1cab637993e4@group-D5EAFC849FBC-StateMachineUpdater] INFO  ha.SCMHAManagerImpl (SCMHAManagerImpl.java:installCheckpoint(228)) - Installing checkpoint with SCMTransactionInfo 2#24
2022-03-02 19:15:30,591 [d15c7541-afff-4c05-b5ea-1cab637993e4@group-D5EAFC849FBC-StateMachineUpdater] INFO  ha.SCMHAManagerImpl (SCMHAManagerImpl.java:installCheckpoint(267)) - Replaced DB with checkpoint, term: 2, index: 24
2022-03-02 19:15:30,591 [d15c7541-afff-4c05-b5ea-1cab637993e4@group-D5EAFC849FBC-StateMachineUpdater] WARN  utils.HAUtils (HAUtils.java:getMetaDir(342)) - ozone.scm.db.dirs is not configured. We recommend adding this setting. Falling back to ozone.metadata.dirs instead.
2022-03-02 19:15:30,595 [d15c7541-afff-4c05-b5ea-1cab637993e4@group-D5EAFC849FBC-StateMachineUpdater] WARN  db.DBStoreBuilder (DBStoreBuilder.java:applyDBDefinition(145)) - ozone.scm.db.dirs is not configured. We recommend adding this setting. Falling back to ozone.metadata.dirs instead.
2022-03-02 19:15:30,650 [d15c7541-afff-4c05-b5ea-1cab637993e4@group-D5EAFC849FBC-StateMachineUpdater] INFO  ha.SequenceIdGenerator (SequenceIdGenerator.java:reinitialize(166)) - reinitialize SequenceIdGenerator.
2022-03-02 19:15:30,651 [d15c7541-afff-4c05-b5ea-1cab637993e4@group-D5EAFC849FBC-StateMachineUpdater] INFO  ha.SCMHAManagerImpl (SCMHAManagerImpl.java:installCheckpoint(282)) - Reloaded SCM state with Term: 2 and Index: 24
2022-03-02 19:15:30,652 [d15c7541-afff-4c05-b5ea-1cab637993e4@group-D5EAFC849FBC-StateMachineUpdater] INFO  impl.StateMachineUpdater (StateMachineUpdater.java:lambda$new$0(89)) - d15c7541-afff-4c05-b5ea-1cab637993e4@group-D5EAFC849FBC-StateMachineUpdater: snapshotIndex: setUnconditionally -1 -> 24
2022-03-02 19:15:30,654 [d15c7541-afff-4c05-b5ea-1cab637993e4@group-D5EAFC849FBC-StateMachineUpdater] INFO  impl.StateMachineUpdater (StateMachineUpdater.java:lambda$new$0(89)) - d15c7541-afff-4c05-b5ea-1cab637993e4@group-D5EAFC849FBC-StateMachineUpdater: appliedIndex: setUnconditionally -1 -> 24
2022-03-02 19:15:30,820 [Datanode State Machine Daemon Thread] ERROR datanode.RunningDatanodeState (RunningDatanodeState.java:computeNextContainerState(201)) - Error in executing end point task.
java.util.concurrent.ExecutionException: java.util.concurrent.TimeoutException
	at java.util.concurrent.FutureTask.report(FutureTask.java:122)
	at java.util.concurrent.FutureTask.get(FutureTask.java:192)
	at org.apache.hadoop.ozone.container.common.states.datanode.RunningDatanodeState.computeNextContainerState(RunningDatanodeState.java:193)
	at org.apache.hadoop.ozone.container.common.states.datanode.RunningDatanodeState.await(RunningDatanodeState.java:233)
	at org.apache.hadoop.ozone.container.common.states.datanode.RunningDatanodeState.await(RunningDatanodeState.java:50)
	at org.apache.hadoop.ozone.container.common.statemachine.StateContext.execute(StateContext.java:658)
	at org.apache.hadoop.ozone.container.common.statemachine.DatanodeStateMachine.startStateMachineThread(DatanodeStateMachine.java:283)
	at org.apache.hadoop.ozone.container.common.statemachine.DatanodeStateMachine.lambda$startDaemon$0(DatanodeStateMachine.java:471)
	at java.lang.Thread.run(Thread.java:750)
Caused by: java.util.concurrent.TimeoutException
	at java.util.concurrent.FutureTask.get(FutureTask.java:205)
	at org.apache.hadoop.ozone.container.common.states.datanode.RunningDatanodeState.lambda$execute$0(RunningDatanodeState.java:151)
	at java.util.concurrent.FutureTask.run(FutureTask.java:266)
	at java.util.concurrent.Executors$RunnableAdapter.call(Executors.java:511)
	at java.util.concurrent.FutureTask.run(FutureTask.java:266)
	at java.util.concurrent.ThreadPoolExecutor.runWorker(ThreadPoolExecutor.java:1149)
	at java.util.concurrent.ThreadPoolExecutor$Worker.run(ThreadPoolExecutor.java:624)
	... 1 more
2022-03-02 19:15:30,863 [EndpointStateMachine task thread for /127.0.0.1:45835 - 0 ] INFO  ipc.Client (Client.java:handleConnectionFailure(977)) - Retrying connect to server: localhost/127.0.0.1:45835. Already tried 8 time(s); retry policy is RetryUpToMaximumCountWithFixedSleep(maxRetries=15, sleepTime=1000 MILLISECONDS)
2022-03-02 19:15:30,865 [EndpointStateMachine task thread for /127.0.0.1:34023 - 0 ] INFO  ipc.Client (Client.java:handleConnectionFailure(977)) - Retrying connect to server: localhost/127.0.0.1:34023. Already tried 8 time(s); retry policy is RetryUpToMaximumCountWithFixedSleep(maxRetries=15, sleepTime=1000 MILLISECONDS)
2022-03-02 19:15:30,872 [EndpointStateMachine task thread for /127.0.0.1:44351 - 0 ] INFO  ipc.Client (Client.java:handleConnectionFailure(977)) - Retrying connect to server: localhost/127.0.0.1:44351. Already tried 8 time(s); retry policy is RetryUpToMaximumCountWithFixedSleep(maxRetries=15, sleepTime=1000 MILLISECONDS)
2022-03-02 19:15:31,141 [Datanode State Machine Daemon Thread] ERROR datanode.RunningDatanodeState (RunningDatanodeState.java:computeNextContainerState(201)) - Error in executing end point task.
java.util.concurrent.ExecutionException: java.util.concurrent.TimeoutException
	at java.util.concurrent.FutureTask.report(FutureTask.java:122)
	at java.util.concurrent.FutureTask.get(FutureTask.java:192)
	at org.apache.hadoop.ozone.container.common.states.datanode.RunningDatanodeState.computeNextContainerState(RunningDatanodeState.java:193)
	at org.apache.hadoop.ozone.container.common.states.datanode.RunningDatanodeState.await(RunningDatanodeState.java:233)
	at org.apache.hadoop.ozone.container.common.states.datanode.RunningDatanodeState.await(RunningDatanodeState.java:50)
	at org.apache.hadoop.ozone.container.common.statemachine.StateContext.execute(StateContext.java:658)
	at org.apache.hadoop.ozone.container.common.statemachine.DatanodeStateMachine.startStateMachineThread(DatanodeStateMachine.java:283)
	at org.apache.hadoop.ozone.container.common.statemachine.DatanodeStateMachine.lambda$startDaemon$0(DatanodeStateMachine.java:471)
	at java.lang.Thread.run(Thread.java:750)
Caused by: java.util.concurrent.TimeoutException
	at java.util.concurrent.FutureTask.get(FutureTask.java:205)
	at org.apache.hadoop.ozone.container.common.states.datanode.RunningDatanodeState.lambda$execute$0(RunningDatanodeState.java:151)
	at java.util.concurrent.FutureTask.run(FutureTask.java:266)
	at java.util.concurrent.Executors$RunnableAdapter.call(Executors.java:511)
	at java.util.concurrent.FutureTask.run(FutureTask.java:266)
	at java.util.concurrent.ThreadPoolExecutor.runWorker(ThreadPoolExecutor.java:1149)
	at java.util.concurrent.ThreadPoolExecutor$Worker.run(ThreadPoolExecutor.java:624)
	... 1 more
2022-03-02 19:15:31,516 [Datanode State Machine Daemon Thread] ERROR datanode.RunningDatanodeState (RunningDatanodeState.java:computeNextContainerState(201)) - Error in executing end point task.
java.util.concurrent.ExecutionException: java.util.concurrent.TimeoutException
	at java.util.concurrent.FutureTask.report(FutureTask.java:122)
	at java.util.concurrent.FutureTask.get(FutureTask.java:192)
	at org.apache.hadoop.ozone.container.common.states.datanode.RunningDatanodeState.computeNextContainerState(RunningDatanodeState.java:193)
	at org.apache.hadoop.ozone.container.common.states.datanode.RunningDatanodeState.await(RunningDatanodeState.java:233)
	at org.apache.hadoop.ozone.container.common.states.datanode.RunningDatanodeState.await(RunningDatanodeState.java:50)
	at org.apache.hadoop.ozone.container.common.statemachine.StateContext.execute(StateContext.java:658)
	at org.apache.hadoop.ozone.container.common.statemachine.DatanodeStateMachine.startStateMachineThread(DatanodeStateMachine.java:283)
	at org.apache.hadoop.ozone.container.common.statemachine.DatanodeStateMachine.lambda$startDaemon$0(DatanodeStateMachine.java:471)
	at java.lang.Thread.run(Thread.java:750)
Caused by: java.util.concurrent.TimeoutException
	at java.util.concurrent.FutureTask.get(FutureTask.java:205)
	at org.apache.hadoop.ozone.container.common.states.datanode.RunningDatanodeState.lambda$execute$0(RunningDatanodeState.java:151)
	at java.util.concurrent.FutureTask.run(FutureTask.java:266)
	at java.util.concurrent.Executors$RunnableAdapter.call(Executors.java:511)
	at java.util.concurrent.FutureTask.run(FutureTask.java:266)
	at java.util.concurrent.ThreadPoolExecutor.runWorker(ThreadPoolExecutor.java:1149)
	at java.util.concurrent.ThreadPoolExecutor$Worker.run(ThreadPoolExecutor.java:624)
	... 1 more
2022-03-02 19:15:31,865 [EndpointStateMachine task thread for /127.0.0.1:34023 - 0 ] INFO  ipc.Client (Client.java:handleConnectionFailure(977)) - Retrying connect to server: localhost/127.0.0.1:34023. Already tried 9 time(s); retry policy is RetryUpToMaximumCountWithFixedSleep(maxRetries=15, sleepTime=1000 MILLISECONDS)
2022-03-02 19:15:31,872 [EndpointStateMachine task thread for /127.0.0.1:45835 - 0 ] INFO  ipc.Client (Client.java:handleConnectionFailure(977)) - Retrying connect to server: localhost/127.0.0.1:45835. Already tried 9 time(s); retry policy is RetryUpToMaximumCountWithFixedSleep(maxRetries=15, sleepTime=1000 MILLISECONDS)
2022-03-02 19:15:31,872 [EndpointStateMachine task thread for /127.0.0.1:44351 - 0 ] INFO  ipc.Client (Client.java:handleConnectionFailure(977)) - Retrying connect to server: localhost/127.0.0.1:44351. Already tried 9 time(s); retry policy is RetryUpToMaximumCountWithFixedSleep(maxRetries=15, sleepTime=1000 MILLISECONDS)
2022-03-02 19:15:32,866 [EndpointStateMachine task thread for /127.0.0.1:34023 - 0 ] INFO  ipc.Client (Client.java:handleConnectionFailure(977)) - Retrying connect to server: localhost/127.0.0.1:34023. Already tried 10 time(s); retry policy is RetryUpToMaximumCountWithFixedSleep(maxRetries=15, sleepTime=1000 MILLISECONDS)
2022-03-02 19:15:32,872 [EndpointStateMachine task thread for /127.0.0.1:45835 - 0 ] INFO  ipc.Client (Client.java:handleConnectionFailure(977)) - Retrying connect to server: localhost/127.0.0.1:45835. Already tried 10 time(s); retry policy is RetryUpToMaximumCountWithFixedSleep(maxRetries=15, sleepTime=1000 MILLISECONDS)
2022-03-02 19:15:32,873 [EndpointStateMachine task thread for /127.0.0.1:44351 - 0 ] INFO  ipc.Client (Client.java:handleConnectionFailure(977)) - Retrying connect to server: localhost/127.0.0.1:44351. Already tried 10 time(s); retry policy is RetryUpToMaximumCountWithFixedSleep(maxRetries=15, sleepTime=1000 MILLISECONDS)
2022-03-02 19:15:33,146 [Datanode State Machine Daemon Thread] ERROR datanode.RunningDatanodeState (RunningDatanodeState.java:computeNextContainerState(201)) - Error in executing end point task.
java.util.concurrent.ExecutionException: java.util.concurrent.TimeoutException
	at java.util.concurrent.FutureTask.report(FutureTask.java:122)
	at java.util.concurrent.FutureTask.get(FutureTask.java:192)
	at org.apache.hadoop.ozone.container.common.states.datanode.RunningDatanodeState.computeNextContainerState(RunningDatanodeState.java:193)
	at org.apache.hadoop.ozone.container.common.states.datanode.RunningDatanodeState.await(RunningDatanodeState.java:233)
	at org.apache.hadoop.ozone.container.common.states.datanode.RunningDatanodeState.await(RunningDatanodeState.java:50)
	at org.apache.hadoop.ozone.container.common.statemachine.StateContext.execute(StateContext.java:658)
	at org.apache.hadoop.ozone.container.common.statemachine.DatanodeStateMachine.startStateMachineThread(DatanodeStateMachine.java:283)
	at org.apache.hadoop.ozone.container.common.statemachine.DatanodeStateMachine.lambda$startDaemon$0(DatanodeStateMachine.java:471)
	at java.lang.Thread.run(Thread.java:750)
Caused by: java.util.concurrent.TimeoutException
	at java.util.concurrent.FutureTask.get(FutureTask.java:205)
	at org.apache.hadoop.ozone.container.common.states.datanode.RunningDatanodeState.lambda$execute$0(RunningDatanodeState.java:151)
	at java.util.concurrent.FutureTask.run(FutureTask.java:266)
	at java.util.concurrent.Executors$RunnableAdapter.call(Executors.java:511)
	at java.util.concurrent.FutureTask.run(FutureTask.java:266)
	at java.util.concurrent.ThreadPoolExecutor.runWorker(ThreadPoolExecutor.java:1149)
	at java.util.concurrent.ThreadPoolExecutor$Worker.run(ThreadPoolExecutor.java:624)
	... 1 more
2022-03-02 19:15:33,520 [Datanode State Machine Daemon Thread] ERROR datanode.RunningDatanodeState (RunningDatanodeState.java:computeNextContainerState(201)) - Error in executing end point task.
java.util.concurrent.ExecutionException: java.util.concurrent.TimeoutException
	at java.util.concurrent.FutureTask.report(FutureTask.java:122)
	at java.util.concurrent.FutureTask.get(FutureTask.java:192)
	at org.apache.hadoop.ozone.container.common.states.datanode.RunningDatanodeState.computeNextContainerState(RunningDatanodeState.java:193)
	at org.apache.hadoop.ozone.container.common.states.datanode.RunningDatanodeState.await(RunningDatanodeState.java:233)
	at org.apache.hadoop.ozone.container.common.states.datanode.RunningDatanodeState.await(RunningDatanodeState.java:50)
	at org.apache.hadoop.ozone.container.common.statemachine.StateContext.execute(StateContext.java:658)
	at org.apache.hadoop.ozone.container.common.statemachine.DatanodeStateMachine.startStateMachineThread(DatanodeStateMachine.java:283)
	at org.apache.hadoop.ozone.container.common.statemachine.DatanodeStateMachine.lambda$startDaemon$0(DatanodeStateMachine.java:471)
	at java.lang.Thread.run(Thread.java:750)
Caused by: java.util.concurrent.TimeoutException
	at java.util.concurrent.FutureTask.get(FutureTask.java:205)
	at org.apache.hadoop.ozone.container.common.states.datanode.RunningDatanodeState.lambda$execute$0(RunningDatanodeState.java:151)
	at java.util.concurrent.FutureTask.run(FutureTask.java:266)
	at java.util.concurrent.Executors$RunnableAdapter.call(Executors.java:511)
	at java.util.concurrent.FutureTask.run(FutureTask.java:266)
	at java.util.concurrent.ThreadPoolExecutor.runWorker(ThreadPoolExecutor.java:1149)
	at java.util.concurrent.ThreadPoolExecutor$Worker.run(ThreadPoolExecutor.java:624)
	... 1 more
2022-03-02 19:15:33,867 [EndpointStateMachine task thread for /127.0.0.1:34023 - 0 ] INFO  ipc.Client (Client.java:handleConnectionFailure(977)) - Retrying connect to server: localhost/127.0.0.1:34023. Already tried 11 time(s); retry policy is RetryUpToMaximumCountWithFixedSleep(maxRetries=15, sleepTime=1000 MILLISECONDS)
2022-03-02 19:15:33,873 [EndpointStateMachine task thread for /127.0.0.1:45835 - 0 ] INFO  ipc.Client (Client.java:handleConnectionFailure(977)) - Retrying connect to server: localhost/127.0.0.1:45835. Already tried 11 time(s); retry policy is RetryUpToMaximumCountWithFixedSleep(maxRetries=15, sleepTime=1000 MILLISECONDS)
2022-03-02 19:15:33,873 [EndpointStateMachine task thread for /127.0.0.1:44351 - 0 ] INFO  ipc.Client (Client.java:handleConnectionFailure(977)) - Retrying connect to server: localhost/127.0.0.1:44351. Already tried 11 time(s); retry policy is RetryUpToMaximumCountWithFixedSleep(maxRetries=15, sleepTime=1000 MILLISECONDS)
2022-03-02 19:15:34,522 [Datanode State Machine Daemon Thread] ERROR datanode.RunningDatanodeState (RunningDatanodeState.java:computeNextContainerState(201)) - Error in executing end point task.
java.util.concurrent.ExecutionException: java.util.concurrent.TimeoutException
	at java.util.concurrent.FutureTask.report(FutureTask.java:122)
	at java.util.concurrent.FutureTask.get(FutureTask.java:192)
	at org.apache.hadoop.ozone.container.common.states.datanode.RunningDatanodeState.computeNextContainerState(RunningDatanodeState.java:193)
	at org.apache.hadoop.ozone.container.common.states.datanode.RunningDatanodeState.await(RunningDatanodeState.java:233)
	at org.apache.hadoop.ozone.container.common.states.datanode.RunningDatanodeState.await(RunningDatanodeState.java:50)
	at org.apache.hadoop.ozone.container.common.statemachine.StateContext.execute(StateContext.java:658)
	at org.apache.hadoop.ozone.container.common.statemachine.DatanodeStateMachine.startStateMachineThread(DatanodeStateMachine.java:283)
	at org.apache.hadoop.ozone.container.common.statemachine.DatanodeStateMachine.lambda$startDaemon$0(DatanodeStateMachine.java:471)
	at java.lang.Thread.run(Thread.java:750)
Caused by: java.util.concurrent.TimeoutException
	at java.util.concurrent.FutureTask.get(FutureTask.java:205)
	at org.apache.hadoop.ozone.container.common.states.datanode.RunningDatanodeState.lambda$execute$0(RunningDatanodeState.java:151)
	at java.util.concurrent.FutureTask.run(FutureTask.java:266)
	at java.util.concurrent.Executors$RunnableAdapter.call(Executors.java:511)
	at java.util.concurrent.FutureTask.run(FutureTask.java:266)
	at java.util.concurrent.ThreadPoolExecutor.runWorker(ThreadPoolExecutor.java:1149)
	at java.util.concurrent.ThreadPoolExecutor$Worker.run(ThreadPoolExecutor.java:624)
	... 1 more
2022-03-02 19:15:34,867 [EndpointStateMachine task thread for /127.0.0.1:34023 - 0 ] INFO  ipc.Client (Client.java:handleConnectionFailure(977)) - Retrying connect to server: localhost/127.0.0.1:34023. Already tried 12 time(s); retry policy is RetryUpToMaximumCountWithFixedSleep(maxRetries=15, sleepTime=1000 MILLISECONDS)
2022-03-02 19:15:34,873 [EndpointStateMachine task thread for /127.0.0.1:45835 - 0 ] INFO  ipc.Client (Client.java:handleConnectionFailure(977)) - Retrying connect to server: localhost/127.0.0.1:45835. Already tried 12 time(s); retry policy is RetryUpToMaximumCountWithFixedSleep(maxRetries=15, sleepTime=1000 MILLISECONDS)
2022-03-02 19:15:34,873 [EndpointStateMachine task thread for /127.0.0.1:44351 - 0 ] INFO  ipc.Client (Client.java:handleConnectionFailure(977)) - Retrying connect to server: localhost/127.0.0.1:44351. Already tried 12 time(s); retry policy is RetryUpToMaximumCountWithFixedSleep(maxRetries=15, sleepTime=1000 MILLISECONDS)
2022-03-02 19:15:35,052 [730712bf-dc51-4bd6-9c9f-e27f92c302bd@group-3B75440A2579-FollowerState] INFO  impl.FollowerState (FollowerState.java:run(134)) - 730712bf-dc51-4bd6-9c9f-e27f92c302bd@group-3B75440A2579-FollowerState: change to CANDIDATE, lastRpcElapsedTime:5071967143ns, electionTimeout:5065ms
2022-03-02 19:15:35,052 [730712bf-dc51-4bd6-9c9f-e27f92c302bd@group-3B75440A2579-FollowerState] INFO  impl.RoleInfo (RoleInfo.java:shutdownFollowerState(108)) - 730712bf-dc51-4bd6-9c9f-e27f92c302bd: shutdown 730712bf-dc51-4bd6-9c9f-e27f92c302bd@group-3B75440A2579-FollowerState
2022-03-02 19:15:35,052 [730712bf-dc51-4bd6-9c9f-e27f92c302bd@group-3B75440A2579-FollowerState] INFO  server.RaftServer$Division (RaftServerImpl.java:setRole(290)) - 730712bf-dc51-4bd6-9c9f-e27f92c302bd@group-3B75440A2579: changes role from  FOLLOWER to CANDIDATE at term 1 for changeToCandidate
2022-03-02 19:15:35,052 [730712bf-dc51-4bd6-9c9f-e27f92c302bd@group-3B75440A2579-FollowerState] INFO  server.RaftServerConfigKeys (ConfUtils.java:logGet(44)) - raft.server.leaderelection.pre-vote = false (custom)
2022-03-02 19:15:35,052 [730712bf-dc51-4bd6-9c9f-e27f92c302bd@group-3B75440A2579-FollowerState] INFO  impl.RoleInfo (RoleInfo.java:updateAndGet(130)) - 730712bf-dc51-4bd6-9c9f-e27f92c302bd: start 730712bf-dc51-4bd6-9c9f-e27f92c302bd@group-3B75440A2579-LeaderElection23
2022-03-02 19:15:35,077 [8c53a021-9171-485b-b256-839aa3d3ad02@group-3B75440A2579-FollowerState] INFO  impl.FollowerState (FollowerState.java:run(134)) - 8c53a021-9171-485b-b256-839aa3d3ad02@group-3B75440A2579-FollowerState: change to CANDIDATE, lastRpcElapsedTime:5124965556ns, electionTimeout:5117ms
2022-03-02 19:15:35,077 [8c53a021-9171-485b-b256-839aa3d3ad02@group-3B75440A2579-FollowerState] INFO  impl.RoleInfo (RoleInfo.java:shutdownFollowerState(108)) - 8c53a021-9171-485b-b256-839aa3d3ad02: shutdown 8c53a021-9171-485b-b256-839aa3d3ad02@group-3B75440A2579-FollowerState
2022-03-02 19:15:35,077 [8c53a021-9171-485b-b256-839aa3d3ad02@group-3B75440A2579-FollowerState] INFO  server.RaftServer$Division (RaftServerImpl.java:setRole(290)) - 8c53a021-9171-485b-b256-839aa3d3ad02@group-3B75440A2579: changes role from  FOLLOWER to CANDIDATE at term 1 for changeToCandidate
2022-03-02 19:15:35,078 [8c53a021-9171-485b-b256-839aa3d3ad02@group-3B75440A2579-FollowerState] INFO  server.RaftServerConfigKeys (ConfUtils.java:logGet(44)) - raft.server.leaderelection.pre-vote = false (custom)
2022-03-02 19:15:35,078 [8c53a021-9171-485b-b256-839aa3d3ad02@group-3B75440A2579-FollowerState] INFO  impl.RoleInfo (RoleInfo.java:updateAndGet(130)) - 8c53a021-9171-485b-b256-839aa3d3ad02: start 8c53a021-9171-485b-b256-839aa3d3ad02@group-3B75440A2579-LeaderElection24
2022-03-02 19:15:35,083 [730712bf-dc51-4bd6-9c9f-e27f92c302bd@group-3B75440A2579-LeaderElection23] INFO  impl.LeaderElection (LeaderElection.java:askForVotes(306)) - 730712bf-dc51-4bd6-9c9f-e27f92c302bd@group-3B75440A2579-LeaderElection23 ELECTION round 0: submit vote requests at term 2 for -1: [6a96ca8f-dca1-45f9-908e-cf69810dcb0d|rpc:127.0.0.1:38231|priority:0, 730712bf-dc51-4bd6-9c9f-e27f92c302bd|rpc:127.0.0.1:43177|priority:0, 8c53a021-9171-485b-b256-839aa3d3ad02|rpc:127.0.0.1:41201|priority:1], old=null
2022-03-02 19:15:35,095 [grpc-default-executor-5] INFO  server.RaftServer$Division (RaftServerImpl.java:requestVote(1046)) - 6a96ca8f-dca1-45f9-908e-cf69810dcb0d@group-3B75440A2579: receive requestVote(ELECTION, 730712bf-dc51-4bd6-9c9f-e27f92c302bd, group-3B75440A2579, 2, (t:0, i:0))
2022-03-02 19:15:35,095 [grpc-default-executor-5] INFO  impl.VoteContext (VoteContext.java:log(48)) - 6a96ca8f-dca1-45f9-908e-cf69810dcb0d@group-3B75440A2579-FOLLOWER: accept ELECTION from 730712bf-dc51-4bd6-9c9f-e27f92c302bd: our priority 0 <= candidate's priority 0
2022-03-02 19:15:35,095 [grpc-default-executor-5] INFO  server.RaftServer$Division (RaftServerImpl.java:setRole(290)) - 6a96ca8f-dca1-45f9-908e-cf69810dcb0d@group-3B75440A2579: changes role from  FOLLOWER to FOLLOWER at term 2 for candidate:730712bf-dc51-4bd6-9c9f-e27f92c302bd
2022-03-02 19:15:35,095 [grpc-default-executor-5] INFO  impl.RoleInfo (RoleInfo.java:shutdownFollowerState(108)) - 6a96ca8f-dca1-45f9-908e-cf69810dcb0d: shutdown 6a96ca8f-dca1-45f9-908e-cf69810dcb0d@group-3B75440A2579-FollowerState
2022-03-02 19:15:35,095 [grpc-default-executor-5] INFO  impl.RoleInfo (RoleInfo.java:updateAndGet(130)) - 6a96ca8f-dca1-45f9-908e-cf69810dcb0d: start 6a96ca8f-dca1-45f9-908e-cf69810dcb0d@group-3B75440A2579-FollowerState
2022-03-02 19:15:35,095 [6a96ca8f-dca1-45f9-908e-cf69810dcb0d@group-3B75440A2579-FollowerState] INFO  impl.FollowerState (FollowerState.java:run(143)) - 6a96ca8f-dca1-45f9-908e-cf69810dcb0d@group-3B75440A2579-FollowerState was interrupted: {}
java.lang.InterruptedException: sleep interrupted
	at java.lang.Thread.sleep(Native Method)
	at java.lang.Thread.sleep(Thread.java:342)
	at java.util.concurrent.TimeUnit.sleep(TimeUnit.java:386)
	at org.apache.ratis.util.TimeDuration.sleep(TimeDuration.java:324)
	at org.apache.ratis.util.TimeDuration.sleep(TimeDuration.java:309)
	at org.apache.ratis.server.impl.FollowerState.run(FollowerState.java:118)
2022-03-02 19:15:35,101 [878dadca-57df-4ab3-9601-92853b413341@group-D5EAFC849FBC-LeaderStateImpl] INFO  server.RaftServer$Division (ServerState.java:setRaftConf(387)) - 878dadca-57df-4ab3-9601-92853b413341@group-D5EAFC849FBC: set configuration 25: [878dadca-57df-4ab3-9601-92853b413341|rpc:localhost:45009|admin:|client:|dataStream:|priority:0, 49081caa-6924-42d1-b762-c940ad9f7c50|rpc:localhost:40649|priority:0, d15c7541-afff-4c05-b5ea-1cab637993e4|rpc:localhost:43969|priority:0], old=[878dadca-57df-4ab3-9601-92853b413341|rpc:localhost:45009|admin:|client:|dataStream:|priority:0, 49081caa-6924-42d1-b762-c940ad9f7c50|rpc:localhost:40649|priority:0]
2022-03-02 19:15:35,104 [grpc-default-executor-4] INFO  server.RaftServer$Division (ServerState.java:setRaftConf(387)) - 49081caa-6924-42d1-b762-c940ad9f7c50@group-D5EAFC849FBC: set configuration 25: [878dadca-57df-4ab3-9601-92853b413341|rpc:localhost:45009|admin:|client:|dataStream:|priority:0, 49081caa-6924-42d1-b762-c940ad9f7c50|rpc:localhost:40649|admin:|client:|dataStream:|priority:0, d15c7541-afff-4c05-b5ea-1cab637993e4|rpc:localhost:43969|admin:|client:|dataStream:|priority:0], old=[878dadca-57df-4ab3-9601-92853b413341|rpc:localhost:45009|admin:|client:|dataStream:|priority:0, 49081caa-6924-42d1-b762-c940ad9f7c50|rpc:localhost:40649|admin:|client:|dataStream:|priority:0]
2022-03-02 19:15:35,106 [grpc-default-executor-5] INFO  server.RaftServer$Division (RaftServerImpl.java:requestVote(1078)) - 6a96ca8f-dca1-45f9-908e-cf69810dcb0d@group-3B75440A2579 replies to ELECTION vote request: 730712bf-dc51-4bd6-9c9f-e27f92c302bd<-6a96ca8f-dca1-45f9-908e-cf69810dcb0d#0:OK-t2. Peer's state: 6a96ca8f-dca1-45f9-908e-cf69810dcb0d@group-3B75440A2579:t2, leader=null, voted=730712bf-dc51-4bd6-9c9f-e27f92c302bd, raftlog=6a96ca8f-dca1-45f9-908e-cf69810dcb0d@group-3B75440A2579-SegmentedRaftLog:OPENED:c-1, conf=-1: [6a96ca8f-dca1-45f9-908e-cf69810dcb0d|rpc:127.0.0.1:38231|dataStream:|priority:0, 730712bf-dc51-4bd6-9c9f-e27f92c302bd|rpc:127.0.0.1:43177|dataStream:|priority:0, 8c53a021-9171-485b-b256-839aa3d3ad02|rpc:127.0.0.1:41201|dataStream:|priority:1], old=null
2022-03-02 19:15:35,108 [8c53a021-9171-485b-b256-839aa3d3ad02@group-3B75440A2579-LeaderElection24] INFO  impl.LeaderElection (LeaderElection.java:askForVotes(306)) - 8c53a021-9171-485b-b256-839aa3d3ad02@group-3B75440A2579-LeaderElection24 ELECTION round 0: submit vote requests at term 2 for -1: [6a96ca8f-dca1-45f9-908e-cf69810dcb0d|rpc:127.0.0.1:38231|dataStream:|priority:0, 730712bf-dc51-4bd6-9c9f-e27f92c302bd|rpc:127.0.0.1:43177|dataStream:|priority:0, 8c53a021-9171-485b-b256-839aa3d3ad02|rpc:127.0.0.1:41201|dataStream:|priority:1], old=null
2022-03-02 19:15:35,121 [grpc-default-executor-3] INFO  server.RaftServer$Division (RaftServerImpl.java:requestVote(1046)) - 8c53a021-9171-485b-b256-839aa3d3ad02@group-3B75440A2579: receive requestVote(ELECTION, 730712bf-dc51-4bd6-9c9f-e27f92c302bd, group-3B75440A2579, 2, (t:0, i:0))
2022-03-02 19:15:35,121 [grpc-default-executor-3] INFO  impl.VoteContext (VoteContext.java:log(48)) - 8c53a021-9171-485b-b256-839aa3d3ad02@group-3B75440A2579-CANDIDATE: reject ELECTION from 730712bf-dc51-4bd6-9c9f-e27f92c302bd: already has voted for 8c53a021-9171-485b-b256-839aa3d3ad02 at current term 2
2022-03-02 19:15:35,121 [grpc-default-executor-3] INFO  server.RaftServer$Division (RaftServerImpl.java:requestVote(1078)) - 8c53a021-9171-485b-b256-839aa3d3ad02@group-3B75440A2579 replies to ELECTION vote request: 730712bf-dc51-4bd6-9c9f-e27f92c302bd<-8c53a021-9171-485b-b256-839aa3d3ad02#0:FAIL-t2. Peer's state: 8c53a021-9171-485b-b256-839aa3d3ad02@group-3B75440A2579:t2, leader=null, voted=8c53a021-9171-485b-b256-839aa3d3ad02, raftlog=8c53a021-9171-485b-b256-839aa3d3ad02@group-3B75440A2579-SegmentedRaftLog:OPENED:c-1, conf=-1: [6a96ca8f-dca1-45f9-908e-cf69810dcb0d|rpc:127.0.0.1:38231|dataStream:|priority:0, 730712bf-dc51-4bd6-9c9f-e27f92c302bd|rpc:127.0.0.1:43177|dataStream:|priority:0, 8c53a021-9171-485b-b256-839aa3d3ad02|rpc:127.0.0.1:41201|dataStream:|priority:1], old=null
2022-03-02 19:15:35,150 [Datanode State Machine Daemon Thread] ERROR datanode.RunningDatanodeState (RunningDatanodeState.java:computeNextContainerState(201)) - Error in executing end point task.
java.util.concurrent.ExecutionException: java.util.concurrent.TimeoutException
	at java.util.concurrent.FutureTask.report(FutureTask.java:122)
	at java.util.concurrent.FutureTask.get(FutureTask.java:192)
	at org.apache.hadoop.ozone.container.common.states.datanode.RunningDatanodeState.computeNextContainerState(RunningDatanodeState.java:193)
	at org.apache.hadoop.ozone.container.common.states.datanode.RunningDatanodeState.await(RunningDatanodeState.java:233)
	at org.apache.hadoop.ozone.container.common.states.datanode.RunningDatanodeState.await(RunningDatanodeState.java:50)
	at org.apache.hadoop.ozone.container.common.statemachine.StateContext.execute(StateContext.java:658)
	at org.apache.hadoop.ozone.container.common.statemachine.DatanodeStateMachine.startStateMachineThread(DatanodeStateMachine.java:283)
	at org.apache.hadoop.ozone.container.common.statemachine.DatanodeStateMachine.lambda$startDaemon$0(DatanodeStateMachine.java:471)
	at java.lang.Thread.run(Thread.java:750)
Caused by: java.util.concurrent.TimeoutException
	at java.util.concurrent.FutureTask.get(FutureTask.java:205)
	at org.apache.hadoop.ozone.container.common.states.datanode.RunningDatanodeState.lambda$execute$0(RunningDatanodeState.java:151)
	at java.util.concurrent.FutureTask.run(FutureTask.java:266)
	at java.util.concurrent.Executors$RunnableAdapter.call(Executors.java:511)
	at java.util.concurrent.FutureTask.run(FutureTask.java:266)
	at java.util.concurrent.ThreadPoolExecutor.runWorker(ThreadPoolExecutor.java:1149)
	at java.util.concurrent.ThreadPoolExecutor$Worker.run(ThreadPoolExecutor.java:624)
	... 1 more
2022-03-02 19:15:35,165 [730712bf-dc51-4bd6-9c9f-e27f92c302bd@group-3B75440A2579-LeaderElection23] INFO  impl.LeaderElection (LeaderElection.java:logAndReturn(89)) - 730712bf-dc51-4bd6-9c9f-e27f92c302bd@group-3B75440A2579-LeaderElection23: ELECTION REJECTED received 2 response(s) and 0 exception(s):
2022-03-02 19:15:35,166 [730712bf-dc51-4bd6-9c9f-e27f92c302bd@group-3B75440A2579-LeaderElection23] INFO  impl.LeaderElection (LeaderElection.java:logAndReturn(93)) -   Response 0: 730712bf-dc51-4bd6-9c9f-e27f92c302bd<-6a96ca8f-dca1-45f9-908e-cf69810dcb0d#0:OK-t2
2022-03-02 19:15:35,166 [730712bf-dc51-4bd6-9c9f-e27f92c302bd@group-3B75440A2579-LeaderElection23] INFO  impl.LeaderElection (LeaderElection.java:logAndReturn(93)) -   Response 1: 730712bf-dc51-4bd6-9c9f-e27f92c302bd<-8c53a021-9171-485b-b256-839aa3d3ad02#0:FAIL-t2
2022-03-02 19:15:35,166 [730712bf-dc51-4bd6-9c9f-e27f92c302bd@group-3B75440A2579-LeaderElection23] INFO  impl.LeaderElection (LeaderElection.java:askForVotes(308)) - 730712bf-dc51-4bd6-9c9f-e27f92c302bd@group-3B75440A2579-LeaderElection23 ELECTION round 0: result REJECTED
2022-03-02 19:15:35,166 [730712bf-dc51-4bd6-9c9f-e27f92c302bd@group-3B75440A2579-LeaderElection23] INFO  server.RaftServer$Division (RaftServerImpl.java:setRole(290)) - 730712bf-dc51-4bd6-9c9f-e27f92c302bd@group-3B75440A2579: changes role from CANDIDATE to FOLLOWER at term 2 for REJECTED
2022-03-02 19:15:35,166 [730712bf-dc51-4bd6-9c9f-e27f92c302bd@group-3B75440A2579-LeaderElection23] INFO  impl.RoleInfo (RoleInfo.java:shutdownLeaderElection(121)) - 730712bf-dc51-4bd6-9c9f-e27f92c302bd: shutdown 730712bf-dc51-4bd6-9c9f-e27f92c302bd@group-3B75440A2579-LeaderElection23
2022-03-02 19:15:35,166 [730712bf-dc51-4bd6-9c9f-e27f92c302bd@group-3B75440A2579-LeaderElection23] INFO  impl.RoleInfo (RoleInfo.java:updateAndGet(130)) - 730712bf-dc51-4bd6-9c9f-e27f92c302bd: start 730712bf-dc51-4bd6-9c9f-e27f92c302bd@group-3B75440A2579-FollowerState
2022-03-02 19:15:35,165 [grpc-default-executor-4] INFO  server.RaftServer$Division (ServerState.java:setRaftConf(387)) - d15c7541-afff-4c05-b5ea-1cab637993e4@group-D5EAFC849FBC: set configuration 25: [878dadca-57df-4ab3-9601-92853b413341|rpc:localhost:45009|admin:|client:|dataStream:|priority:0, 49081caa-6924-42d1-b762-c940ad9f7c50|rpc:localhost:40649|admin:|client:|dataStream:|priority:0, d15c7541-afff-4c05-b5ea-1cab637993e4|rpc:localhost:43969|admin:|client:|dataStream:|priority:0], old=[878dadca-57df-4ab3-9601-92853b413341|rpc:localhost:45009|admin:|client:|dataStream:|priority:0, 49081caa-6924-42d1-b762-c940ad9f7c50|rpc:localhost:40649|admin:|client:|dataStream:|priority:0]
2022-03-02 19:15:35,168 [grpc-default-executor-4] INFO  segmented.SegmentedRaftLogWorker (SegmentedRaftLogWorker.java:startLogSegment(394)) - d15c7541-afff-4c05-b5ea-1cab637993e4@group-D5EAFC849FBC-SegmentedRaftLogWorker: Starting segment from index:25
2022-03-02 19:15:35,181 [878dadca-57df-4ab3-9601-92853b413341@group-D5EAFC849FBC-LeaderStateImpl] INFO  server.RaftServer$Division (ServerState.java:setRaftConf(387)) - 878dadca-57df-4ab3-9601-92853b413341@group-D5EAFC849FBC: set configuration 27: [878dadca-57df-4ab3-9601-92853b413341|rpc:localhost:45009|admin:|client:|dataStream:|priority:0, 49081caa-6924-42d1-b762-c940ad9f7c50|rpc:localhost:40649|priority:0, d15c7541-afff-4c05-b5ea-1cab637993e4|rpc:localhost:43969|priority:0], old=null
2022-03-02 19:15:35,182 [878dadca-57df-4ab3-9601-92853b413341@group-D5EAFC849FBC-StateMachineUpdater] INFO  ha.SCMStateMachine (SCMStateMachine.java:takeSnapshot(297)) - Current Snapshot Index 25, takeSnapshot took 1 ms
2022-03-02 19:15:35,182 [878dadca-57df-4ab3-9601-92853b413341@group-D5EAFC849FBC-StateMachineUpdater] INFO  impl.StateMachineUpdater (StateMachineUpdater.java:takeSnapshot(281)) - 878dadca-57df-4ab3-9601-92853b413341@group-D5EAFC849FBC-StateMachineUpdater: Took a snapshot at index 25
2022-03-02 19:15:35,182 [878dadca-57df-4ab3-9601-92853b413341@group-D5EAFC849FBC-StateMachineUpdater] INFO  impl.StateMachineUpdater (StateMachineUpdater.java:lambda$new$0(89)) - 878dadca-57df-4ab3-9601-92853b413341@group-D5EAFC849FBC-StateMachineUpdater: snapshotIndex: updateIncreasingly 20 -> 25
2022-03-02 19:15:35,182 [878dadca-57df-4ab3-9601-92853b413341@group-D5EAFC849FBC-StateMachineUpdater] INFO  raftlog.RaftLog (RaftLogBase.java:purge(306)) - 878dadca-57df-4ab3-9601-92853b413341@group-D5EAFC849FBC-SegmentedRaftLog: purge 25
2022-03-02 19:15:35,182 [878dadca-57df-4ab3-9601-92853b413341@group-D5EAFC849FBC-StateMachineUpdater] INFO  raftlog.RaftLog (RaftLogBase.java:lambda$new$0(53)) - 878dadca-57df-4ab3-9601-92853b413341@group-D5EAFC849FBC-SegmentedRaftLog: snapshotIndex: updateIncreasingly 20 -> 25
2022-03-02 19:15:35,183 [878dadca-57df-4ab3-9601-92853b413341@group-D5EAFC849FBC-StateMachineUpdater] INFO  raftlog.RaftLog (RaftLogBase.java:lambda$new$0(53)) - 878dadca-57df-4ab3-9601-92853b413341@group-D5EAFC849FBC-SegmentedRaftLog: purgeIndex: updateToMax old=20, new=25, updated? true
2022-03-02 19:15:35,183 [grpc-default-executor-0] INFO  server.RaftServer$Division (ServerState.java:setRaftConf(387)) - 49081caa-6924-42d1-b762-c940ad9f7c50@group-D5EAFC849FBC: set configuration 27: [878dadca-57df-4ab3-9601-92853b413341|rpc:localhost:45009|admin:|client:|dataStream:|priority:0, 49081caa-6924-42d1-b762-c940ad9f7c50|rpc:localhost:40649|admin:|client:|dataStream:|priority:0, d15c7541-afff-4c05-b5ea-1cab637993e4|rpc:localhost:43969|admin:|client:|dataStream:|priority:0], old=null
2022-03-02 19:15:35,196 [grpc-default-executor-3] INFO  server.RaftServer$Division (RaftServerImpl.java:requestVote(1046)) - 6a96ca8f-dca1-45f9-908e-cf69810dcb0d@group-3B75440A2579: receive requestVote(ELECTION, 8c53a021-9171-485b-b256-839aa3d3ad02, group-3B75440A2579, 2, (t:0, i:0))
2022-03-02 19:15:35,196 [grpc-default-executor-3] INFO  impl.VoteContext (VoteContext.java:log(48)) - 6a96ca8f-dca1-45f9-908e-cf69810dcb0d@group-3B75440A2579-FOLLOWER: reject ELECTION from 8c53a021-9171-485b-b256-839aa3d3ad02: already has voted for 730712bf-dc51-4bd6-9c9f-e27f92c302bd at current term 2
2022-03-02 19:15:35,196 [grpc-default-executor-3] INFO  server.RaftServer$Division (RaftServerImpl.java:requestVote(1078)) - 6a96ca8f-dca1-45f9-908e-cf69810dcb0d@group-3B75440A2579 replies to ELECTION vote request: 8c53a021-9171-485b-b256-839aa3d3ad02<-6a96ca8f-dca1-45f9-908e-cf69810dcb0d#0:FAIL-t2. Peer's state: 6a96ca8f-dca1-45f9-908e-cf69810dcb0d@group-3B75440A2579:t2, leader=null, voted=730712bf-dc51-4bd6-9c9f-e27f92c302bd, raftlog=6a96ca8f-dca1-45f9-908e-cf69810dcb0d@group-3B75440A2579-SegmentedRaftLog:OPENED:c-1, conf=-1: [6a96ca8f-dca1-45f9-908e-cf69810dcb0d|rpc:127.0.0.1:38231|dataStream:|priority:0, 730712bf-dc51-4bd6-9c9f-e27f92c302bd|rpc:127.0.0.1:43177|dataStream:|priority:0, 8c53a021-9171-485b-b256-839aa3d3ad02|rpc:127.0.0.1:41201|dataStream:|priority:1], old=null
2022-03-02 19:15:35,197 [grpc-default-executor-5] INFO  server.RaftServer$Division (RaftServerImpl.java:requestVote(1046)) - 730712bf-dc51-4bd6-9c9f-e27f92c302bd@group-3B75440A2579: receive requestVote(ELECTION, 8c53a021-9171-485b-b256-839aa3d3ad02, group-3B75440A2579, 2, (t:0, i:0))
2022-03-02 19:15:35,197 [grpc-default-executor-5] INFO  impl.VoteContext (VoteContext.java:log(48)) - 730712bf-dc51-4bd6-9c9f-e27f92c302bd@group-3B75440A2579-FOLLOWER: reject ELECTION from 8c53a021-9171-485b-b256-839aa3d3ad02: already has voted for 730712bf-dc51-4bd6-9c9f-e27f92c302bd at current term 2
2022-03-02 19:15:35,197 [grpc-default-executor-5] INFO  server.RaftServer$Division (RaftServerImpl.java:requestVote(1078)) - 730712bf-dc51-4bd6-9c9f-e27f92c302bd@group-3B75440A2579 replies to ELECTION vote request: 8c53a021-9171-485b-b256-839aa3d3ad02<-730712bf-dc51-4bd6-9c9f-e27f92c302bd#0:FAIL-t2. Peer's state: 730712bf-dc51-4bd6-9c9f-e27f92c302bd@group-3B75440A2579:t2, leader=null, voted=730712bf-dc51-4bd6-9c9f-e27f92c302bd, raftlog=730712bf-dc51-4bd6-9c9f-e27f92c302bd@group-3B75440A2579-SegmentedRaftLog:OPENED:c-1, conf=-1: [6a96ca8f-dca1-45f9-908e-cf69810dcb0d|rpc:127.0.0.1:38231|priority:0, 730712bf-dc51-4bd6-9c9f-e27f92c302bd|rpc:127.0.0.1:43177|priority:0, 8c53a021-9171-485b-b256-839aa3d3ad02|rpc:127.0.0.1:41201|priority:1], old=null
2022-03-02 19:15:35,198 [grpc-default-executor-5] INFO  server.RaftServer$Division (ServerState.java:setRaftConf(387)) - d15c7541-afff-4c05-b5ea-1cab637993e4@group-D5EAFC849FBC: set configuration 27: [878dadca-57df-4ab3-9601-92853b413341|rpc:localhost:45009|admin:|client:|dataStream:|priority:0, 49081caa-6924-42d1-b762-c940ad9f7c50|rpc:localhost:40649|admin:|client:|dataStream:|priority:0, d15c7541-afff-4c05-b5ea-1cab637993e4|rpc:localhost:43969|admin:|client:|dataStream:|priority:0], old=null
2022-03-02 19:15:35,204 [8c53a021-9171-485b-b256-839aa3d3ad02@group-3B75440A2579-LeaderElection24] INFO  impl.LeaderElection (LeaderElection.java:logAndReturn(89)) - 8c53a021-9171-485b-b256-839aa3d3ad02@group-3B75440A2579-LeaderElection24: ELECTION REJECTED received 2 response(s) and 0 exception(s):
2022-03-02 19:15:35,204 [8c53a021-9171-485b-b256-839aa3d3ad02@group-3B75440A2579-LeaderElection24] INFO  impl.LeaderElection (LeaderElection.java:logAndReturn(93)) -   Response 0: 8c53a021-9171-485b-b256-839aa3d3ad02<-6a96ca8f-dca1-45f9-908e-cf69810dcb0d#0:FAIL-t2
2022-03-02 19:15:35,204 [8c53a021-9171-485b-b256-839aa3d3ad02@group-3B75440A2579-LeaderElection24] INFO  impl.LeaderElection (LeaderElection.java:logAndReturn(93)) -   Response 1: 8c53a021-9171-485b-b256-839aa3d3ad02<-730712bf-dc51-4bd6-9c9f-e27f92c302bd#0:FAIL-t2
2022-03-02 19:15:35,204 [8c53a021-9171-485b-b256-839aa3d3ad02@group-3B75440A2579-LeaderElection24] INFO  impl.LeaderElection (LeaderElection.java:askForVotes(308)) - 8c53a021-9171-485b-b256-839aa3d3ad02@group-3B75440A2579-LeaderElection24 ELECTION round 0: result REJECTED
2022-03-02 19:15:35,204 [8c53a021-9171-485b-b256-839aa3d3ad02@group-3B75440A2579-LeaderElection24] INFO  server.RaftServer$Division (RaftServerImpl.java:setRole(290)) - 8c53a021-9171-485b-b256-839aa3d3ad02@group-3B75440A2579: changes role from CANDIDATE to FOLLOWER at term 2 for REJECTED
2022-03-02 19:15:35,204 [8c53a021-9171-485b-b256-839aa3d3ad02@group-3B75440A2579-LeaderElection24] INFO  impl.RoleInfo (RoleInfo.java:shutdownLeaderElection(121)) - 8c53a021-9171-485b-b256-839aa3d3ad02: shutdown 8c53a021-9171-485b-b256-839aa3d3ad02@group-3B75440A2579-LeaderElection24
2022-03-02 19:15:35,204 [8c53a021-9171-485b-b256-839aa3d3ad02@group-3B75440A2579-LeaderElection24] INFO  impl.RoleInfo (RoleInfo.java:updateAndGet(130)) - 8c53a021-9171-485b-b256-839aa3d3ad02: start 8c53a021-9171-485b-b256-839aa3d3ad02@group-3B75440A2579-FollowerState
2022-03-02 19:15:35,210 [IPC Server handler 83 on default port 45179] INFO  ha.SCMRatisServerImpl (SCMRatisServerImpl.java:addSCM(303)) - Successfully added new SCM: d15c7541-afff-4c05-b5ea-1cab637993e4.
2022-03-02 19:15:35,211 [Listener at 127.0.0.1/37389] INFO  ha.SCMHAManagerImpl (SCMHAManagerImpl.java:start(117)) - Successfully added SCM scmNode-3 to group group-D5EAFC849FBC:[878dadca-57df-4ab3-9601-92853b413341|rpc:localhost:45009|admin:|client:|dataStream:|priority:0, 49081caa-6924-42d1-b762-c940ad9f7c50|rpc:localhost:40649|admin:|client:|dataStream:|priority:0, d15c7541-afff-4c05-b5ea-1cab637993e4|rpc:localhost:43969|admin:|client:|dataStream:|priority:0]
2022-03-02 19:15:35,211 [Listener at 127.0.0.1/37389] INFO  ha.InterSCMGrpcService (InterSCMGrpcProtocolService.java:start(94)) - Starting SCM Grpc Service at port 44417
2022-03-02 19:15:35,212 [Listener at 127.0.0.1/37389] INFO  impl.MetricsSystemImpl (MetricsSystemImpl.java:init(158)) - StorageContainerManager metrics system started (again)
2022-03-02 19:15:35,220 [d15c7541-afff-4c05-b5ea-1cab637993e4@group-D5EAFC849FBC-SegmentedRaftLogWorker] INFO  segmented.SegmentedRaftLogWorker (SegmentedRaftLogWorker.java:execute(601)) - d15c7541-afff-4c05-b5ea-1cab637993e4@group-D5EAFC849FBC-SegmentedRaftLogWorker: created new log segment /home/runner/work/ozone/ozone/hadoop-ozone/integration-test/target/test-dir/MiniOzoneClusterImpl-403ad05d-12dd-4695-ad1e-d5eafc849fbc/scmNode-3/scm-ha/403ad05d-12dd-4695-ad1e-d5eafc849fbc/current/log_inprogress_25
2022-03-02 19:15:35,244 [d15c7541-afff-4c05-b5ea-1cab637993e4@group-D5EAFC849FBC-StateMachineUpdater] INFO  safemode.HealthyPipelineSafeModeRule (HealthyPipelineSafeModeRule.java:initializeRule(152)) - Refreshed total pipeline count is 1, healthy pipeline threshold count is 1
2022-03-02 19:15:35,244 [d15c7541-afff-4c05-b5ea-1cab637993e4@group-D5EAFC849FBC-StateMachineUpdater] INFO  safemode.ContainerSafeModeRule (ContainerSafeModeRule.java:reInitializeRule(177)) - Refreshed one replica container threshold 0, currentThreshold 0
2022-03-02 19:15:35,245 [d15c7541-afff-4c05-b5ea-1cab637993e4@group-D5EAFC849FBC-StateMachineUpdater] INFO  safemode.OneReplicaPipelineSafeModeRule (OneReplicaPipelineSafeModeRule.java:initializeRule(176)) - Refreshed Total pipeline count is 1, pipeline's with at least one datanode reported threshold count is 1
2022-03-02 19:15:35,245 [d15c7541-afff-4c05-b5ea-1cab637993e4@group-D5EAFC849FBC-StateMachineUpdater] INFO  server.SCMDatanodeProtocolServer (SCMDatanodeProtocolServer.java:start(181)) - ScmDatanodeProtocol RPC server for DataNodes is listening at /0.0.0.0:41985
2022-03-02 19:15:35,261 [IPC Server Responder] INFO  ipc.Server (Server.java:run(1507)) - IPC Server Responder: starting
2022-03-02 19:15:35,261 [Listener at 127.0.0.1/37389] INFO  server.SCMClientProtocolServer (SCMClientProtocolServer.java:start(165)) - RPC server for Client  is listening at /0.0.0.0:42919
2022-03-02 19:15:35,262 [IPC Server Responder] INFO  ipc.Server (Server.java:run(1507)) - IPC Server Responder: starting
2022-03-02 19:15:35,262 [IPC Server listener on 42919] INFO  ipc.Server (Server.java:run(1344)) - IPC Server listener on 42919: starting
2022-03-02 19:15:35,274 [Listener at 127.0.0.1/37389] INFO  server.StorageContainerManager (StorageContainerManager.java:start(1345)) - ScmBlockLocationProtocol RPC server is listening at /0.0.0.0:36483
2022-03-02 19:15:35,275 [Listener at 127.0.0.1/37389] INFO  server.SCMBlockProtocolServer (SCMBlockProtocolServer.java:start(151)) - RPC server for Block Protocol is listening at /0.0.0.0:36483
2022-03-02 19:15:35,275 [IPC Server Responder] INFO  ipc.Server (Server.java:run(1507)) - IPC Server Responder: starting
2022-03-02 19:15:35,276 [IPC Server listener on 36483] INFO  ipc.Server (Server.java:run(1344)) - IPC Server listener on 36483: starting
2022-03-02 19:15:35,294 [Listener at 127.0.0.1/37389] INFO  http.BaseHttpServer (BaseHttpServer.java:newHttpServer2BuilderForOzone(209)) - Starting Web-server for scm at: http://0.0.0.0:45549
2022-03-02 19:15:35,294 [Listener at 127.0.0.1/37389] INFO  http.BaseHttpServer (BaseHttpServer.java:<init>(107)) - Hadoop Security Enabled: false Ozone Security Enabled: false Ozone HTTP Security Enabled: false 
2022-03-02 19:15:35,295 [Listener at 127.0.0.1/37389] INFO  server.AuthenticationFilter (AuthenticationFilter.java:constructSecretProvider(240)) - Unable to initialize FileSignerSecretProvider, falling back to use random secrets.
2022-03-02 19:15:35,296 [org.apache.hadoop.util.JvmPauseMonitor$Monitor@67aadf64] INFO  util.JvmPauseMonitor (JvmPauseMonitor.java:run(188)) - Starting JVM pause monitor
2022-03-02 19:15:35,298 [Listener at 127.0.0.1/37389] WARN  http.HttpRequestLog (HttpRequestLog.java:getRequestLog(103)) - Jetty request log can only be enabled using Log4j
2022-03-02 19:15:35,300 [Listener at 127.0.0.1/37389] INFO  http.HttpServer2 (HttpServer2.java:addGlobalFilter(1030)) - Added global filter 'safety' (class=org.apache.hadoop.hdds.server.http.HttpServer2$QuotingInputFilter)
2022-03-02 19:15:35,304 [Listener at 127.0.0.1/37389] INFO  http.HttpServer2 (HttpServer2.java:addFilter(1006)) - Added filter static_user_filter (class=org.apache.hadoop.http.lib.StaticUserWebFilter$StaticUserFilter) to context scm
2022-03-02 19:15:35,304 [Listener at 127.0.0.1/37389] INFO  http.HttpServer2 (HttpServer2.java:addFilter(1014)) - Added filter static_user_filter (class=org.apache.hadoop.http.lib.StaticUserWebFilter$StaticUserFilter) to context static
2022-03-02 19:15:35,304 [Listener at 127.0.0.1/37389] INFO  http.HttpServer2 (HttpServer2.java:addFilter(1014)) - Added filter static_user_filter (class=org.apache.hadoop.http.lib.StaticUserWebFilter$StaticUserFilter) to context logs
2022-03-02 19:15:35,305 [Listener at 127.0.0.1/37389] INFO  http.HttpServer2 (HttpServer2.java:bindListener(1249)) - Jetty bound to port 45549
2022-03-02 19:15:35,305 [Listener at 127.0.0.1/37389] INFO  server.Server (Server.java:doStart(375)) - jetty-9.4.43.v20210629; built: 2021-06-30T11:07:22.254Z; git: 526006ecfa3af7f1a27ef3a288e2bef7ea9dd7e8; jvm 1.8.0_322-b06
2022-03-02 19:15:35,306 [IPC Server listener on 41985] INFO  ipc.Server (Server.java:run(1344)) - IPC Server listener on 41985: starting
2022-03-02 19:15:35,335 [Listener at 127.0.0.1/37389] INFO  server.session (DefaultSessionIdManager.java:doStart(334)) - DefaultSessionIdManager workerName=node0
2022-03-02 19:15:35,335 [Listener at 127.0.0.1/37389] INFO  server.session (DefaultSessionIdManager.java:doStart(339)) - No SessionScavenger set, using defaults
2022-03-02 19:15:35,336 [Listener at 127.0.0.1/37389] INFO  server.session (HouseKeeper.java:startScavenging(132)) - node0 Scavenging every 660000ms
2022-03-02 19:15:35,342 [Listener at 127.0.0.1/37389] INFO  handler.ContextHandler (ContextHandler.java:doStart(915)) - Started o.e.j.s.ServletContextHandler@3b31c0ba{logs,/logs,file:///home/runner/work/ozone/ozone/hadoop-ozone/integration-test/target/log,AVAILABLE}
2022-03-02 19:15:35,343 [Listener at 127.0.0.1/37389] INFO  handler.ContextHandler (ContextHandler.java:doStart(915)) - Started o.e.j.s.ServletContextHandler@10abffca{static,/static,file:///home/runner/work/ozone/ozone/hadoop-ozone/integration-test/target/test-classes/webapps/static,AVAILABLE}
2022-03-02 19:15:35,354 [Listener at 127.0.0.1/37389] INFO  handler.ContextHandler (ContextHandler.java:doStart(915)) - Started o.e.j.w.WebAppContext@7e7f9843{scm,/,file:///home/runner/work/ozone/ozone/hadoop-ozone/integration-test/target/test-classes/webapps/scm/,AVAILABLE}{file:/home/runner/work/ozone/ozone/hadoop-ozone/integration-test/target/test-classes/webapps/scm}
2022-03-02 19:15:35,357 [Listener at 127.0.0.1/37389] INFO  server.AbstractConnector (AbstractConnector.java:doStart(331)) - Started ServerConnector@7beba1a8{HTTP/1.1, (http/1.1)}{0.0.0.0:45549}
2022-03-02 19:15:35,358 [IPC Server handler 1 on default port 41985] INFO  ipc.Server (Server.java:run(1026)) - IPC Server handler 1 on default port 41985: skipped Call#273 Retry#0 org.apache.hadoop.ozone.protocol.StorageContainerDatanodeProtocol.submitRequest from 127.0.0.1:41886
2022-03-02 19:15:35,359 [IPC Server handler 1 on default port 41985] INFO  ipc.Server (Server.java:run(1026)) - IPC Server handler 1 on default port 41985: skipped Call#205 Retry#0 org.apache.hadoop.ozone.protocol.StorageContainerDatanodeProtocol.submitRequest from 127.0.0.1:41786
2022-03-02 19:15:35,359 [IPC Server handler 1 on default port 41985] INFO  ipc.Server (Server.java:run(1026)) - IPC Server handler 1 on default port 41985: skipped Call#230 Retry#0 org.apache.hadoop.ozone.protocol.StorageContainerDatanodeProtocol.submitRequest from 127.0.0.1:41838
2022-03-02 19:15:35,359 [IPC Server handler 1 on default port 41985] INFO  ipc.Server (Server.java:run(1026)) - IPC Server handler 1 on default port 41985: skipped Call#275 Retry#0 org.apache.hadoop.ozone.protocol.StorageContainerDatanodeProtocol.submitRequest from 127.0.0.1:41886
2022-03-02 19:15:35,359 [IPC Server handler 2 on default port 41985] INFO  ipc.Server (Server.java:run(1026)) - IPC Server handler 2 on default port 41985: skipped Call#208 Retry#0 org.apache.hadoop.ozone.protocol.StorageContainerDatanodeProtocol.submitRequest from 127.0.0.1:41786
2022-03-02 19:15:35,359 [IPC Server handler 2 on default port 41985] INFO  ipc.Server (Server.java:run(1026)) - IPC Server handler 2 on default port 41985: skipped Call#231 Retry#0 org.apache.hadoop.ozone.protocol.StorageContainerDatanodeProtocol.submitRequest from 127.0.0.1:41838
2022-03-02 19:15:35,359 [IPC Server handler 2 on default port 41985] INFO  ipc.Server (Server.java:run(1026)) - IPC Server handler 2 on default port 41985: skipped Call#274 Retry#0 org.apache.hadoop.ozone.protocol.StorageContainerDatanodeProtocol.submitRequest from 127.0.0.1:41886
2022-03-02 19:15:35,359 [Listener at 127.0.0.1/37389] INFO  server.Server (Server.java:doStart(415)) - Started @109385ms
2022-03-02 19:15:35,359 [Listener at 127.0.0.1/37389] WARN  impl.MetricsSystemImpl (MetricsSystemImpl.java:register(279)) - Sink prometheus already exists!
2022-03-02 19:15:35,360 [EndpointStateMachine task thread for /127.0.0.1:41985 - 0 ] INFO  ozoneimpl.OzoneContainer (OzoneContainer.java:start(331)) - Ignore. OzoneContainer already started.
2022-03-02 19:15:35,360 [EndpointStateMachine task thread for /127.0.0.1:41985 - 0 ] INFO  ozoneimpl.OzoneContainer (OzoneContainer.java:start(331)) - Ignore. OzoneContainer already started.
2022-03-02 19:15:35,361 [Listener at 127.0.0.1/37389] INFO  http.BaseHttpServer (BaseHttpServer.java:updateConnectorAddress(329)) - HTTP server of scm listening at http://0.0.0.0:45549
2022-03-02 19:15:35,361 [Listener at 127.0.0.1/37389] INFO  safemode.SCMSafeModeManager (SCMSafeModeManager.java:exitSafeMode(248)) - SCM exiting safe mode.
2022-03-02 19:15:35,361 [Listener at 127.0.0.1/37389] WARN  events.EventQueue (EventQueue.java:fireEvent(194)) - No event handler registered for event TypedEvent{payloadType=SafeModeStatus, name='Safe mode status'}
2022-03-02 19:15:35,361 [Listener at 127.0.0.1/37389] INFO  ha.SCMContext (SCMContext.java:updateSafeModeStatus(211)) - Update SafeModeStatus from SafeModeStatus{safeModeStatus=true, preCheckPassed=false} to SafeModeStatus{safeModeStatus=false, preCheckPassed=true}.
2022-03-02 19:15:35,359 [IPC Server handler 2 on default port 41985] INFO  ipc.Server (Server.java:run(1026)) - IPC Server handler 2 on default port 41985: skipped Call#232 Retry#0 org.apache.hadoop.ozone.protocol.StorageContainerDatanodeProtocol.submitRequest from 127.0.0.1:41838
2022-03-02 19:15:35,373 [EndpointStateMachine task thread for /127.0.0.1:41985 - 0 ] INFO  ozoneimpl.OzoneContainer (OzoneContainer.java:start(331)) - Ignore. OzoneContainer already started.
2022-03-02 19:15:35,373 [Listener at 127.0.0.1/37389] INFO  db.RDBCheckpointManager (RDBCheckpointManager.java:createCheckpoint(86)) - Created checkpoint at /home/runner/work/ozone/ozone/hadoop-ozone/integration-test/target/test-dir/MiniOzoneClusterImpl-403ad05d-12dd-4695-ad1e-d5eafc849fbc/scmNode-1/db.checkpoints/scm.db_checkpoint_1646248535361 in 12 milliseconds
2022-03-02 19:15:35,374 [Listener at 127.0.0.1/37389] INFO  server.SCMDatanodeProtocolServer (SCMDatanodeProtocolServer.java:start(181)) - ScmDatanodeProtocol RPC server for DataNodes is listening at /0.0.0.0:41985
2022-03-02 19:15:35,414 [d15c7541-afff-4c05-b5ea-1cab637993e4@group-D5EAFC849FBC-StateMachineUpdater] ERROR impl.StateMachineUpdater (StateMachineUpdater.java:run(191)) - d15c7541-afff-4c05-b5ea-1cab637993e4@group-D5EAFC849FBC-StateMachineUpdater caught a Throwable.
java.lang.IllegalStateException: d15c7541-afff-4c05-b5ea-1cab637993e4: Failed updateLastAppliedTermIndex: newTI = (t:2, i:26) < oldTI = (t:2, i:128)
	at org.apache.ratis.util.Preconditions.assertTrue(Preconditions.java:72)
	at org.apache.ratis.statemachine.impl.BaseStateMachine.updateLastAppliedTermIndex(BaseStateMachine.java:142)
	at org.apache.hadoop.hdds.scm.ha.SCMStateMachine.notifyTermIndexUpdated(SCMStateMachine.java:310)
	at org.apache.ratis.server.impl.RaftServerImpl.applyLogToStateMachine(RaftServerImpl.java:1701)
	at org.apache.ratis.server.impl.StateMachineUpdater.applyLog(StateMachineUpdater.java:234)
	at org.apache.ratis.server.impl.StateMachineUpdater.run(StateMachineUpdater.java:179)
	at java.lang.Thread.run(Thread.java:750)
2022-03-02 19:15:35,414 [d15c7541-afff-4c05-b5ea-1cab637993e4@group-D5EAFC849FBC-StateMachineUpdater] INFO  server.RaftServer$Division (RaftServerImpl.java:lambda$close$4(412)) - d15c7541-afff-4c05-b5ea-1cab637993e4@group-D5EAFC849FBC: shutdown
2022-03-02 19:15:35,414 [d15c7541-afff-4c05-b5ea-1cab637993e4@group-D5EAFC849FBC-StateMachineUpdater] INFO  util.JmxRegister (JmxRegister.java:unregister(73)) - Successfully un-registered JMX Bean with object name Ratis:service=RaftServer,group=group-D5EAFC849FBC,id=d15c7541-afff-4c05-b5ea-1cab637993e4
2022-03-02 19:15:35,414 [d15c7541-afff-4c05-b5ea-1cab637993e4@group-D5EAFC849FBC-StateMachineUpdater] INFO  impl.RoleInfo (RoleInfo.java:shutdownFollowerState(108)) - d15c7541-afff-4c05-b5ea-1cab637993e4: shutdown d15c7541-afff-4c05-b5ea-1cab637993e4@group-D5EAFC849FBC-FollowerState
2022-03-02 19:15:35,417 [d15c7541-afff-4c05-b5ea-1cab637993e4@group-D5EAFC849FBC-FollowerState] INFO  impl.FollowerState (FollowerState.java:run(143)) - d15c7541-afff-4c05-b5ea-1cab637993e4@group-D5EAFC849FBC-FollowerState was interrupted: {}
java.lang.InterruptedException: sleep interrupted
	at java.lang.Thread.sleep(Native Method)
	at java.lang.Thread.sleep(Thread.java:342)
	at java.util.concurrent.TimeUnit.sleep(TimeUnit.java:386)
	at org.apache.ratis.util.TimeDuration.sleep(TimeDuration.java:324)
	at org.apache.ratis.util.TimeDuration.sleep(TimeDuration.java:309)
	at org.apache.ratis.server.impl.FollowerState.run(FollowerState.java:118)
2022-03-02 19:15:35,420 [Listener at 127.0.0.1/37389] INFO  ozone.MiniOzoneClusterImpl (MiniOzoneClusterImpl.java:shutdown(449)) - Shutting down the Mini Ozone Cluster
2022-03-02 19:15:35,422 [d15c7541-afff-4c05-b5ea-1cab637993e4@group-D5EAFC849FBC-StateMachineUpdater] INFO  server.RaftServer$Division (ServerState.java:close(419)) - d15c7541-afff-4c05-b5ea-1cab637993e4@group-D5EAFC849FBC: closes. applyIndex: 26
2022-03-02 19:15:35,423 [d15c7541-afff-4c05-b5ea-1cab637993e4@group-D5EAFC849FBC-SegmentedRaftLogWorker] INFO  segmented.SegmentedRaftLogWorker (SegmentedRaftLogWorker.java:run(327)) - d15c7541-afff-4c05-b5ea-1cab637993e4@group-D5EAFC849FBC-SegmentedRaftLogWorker was interrupted, exiting. There are 0 tasks remaining in the queue.
2022-03-02 19:15:35,425 [d15c7541-afff-4c05-b5ea-1cab637993e4@group-D5EAFC849FBC-StateMachineUpdater] INFO  segmented.SegmentedRaftLogWorker (SegmentedRaftLogWorker.java:close(237)) - d15c7541-afff-4c05-b5ea-1cab637993e4@group-D5EAFC849FBC-SegmentedRaftLogWorker close()
2022-03-02 19:15:35,426 [Listener at 127.0.0.1/37389] INFO  ozone.MiniOzoneHAClusterImpl (MiniOzoneHAClusterImpl.java:stop(308)) - Stopping the OzoneManager omNode-1
2022-03-02 19:15:35,426 [Listener at 127.0.0.1/37389] INFO  om.OzoneManager (OzoneManager.java:stop(1893)) - omNode-1[localhost:37389]: Stopping Ozone Manager
2022-03-02 19:15:35,427 [Listener at 127.0.0.1/37389] INFO  ipc.Server (Server.java:stop(3414)) - Stopping server on 37389
2022-03-02 19:15:35,435 [IPC Server listener on 37389] INFO  ipc.Server (Server.java:run(1376)) - Stopping IPC Server listener on 37389
2022-03-02 19:15:35,436 [Listener at 127.0.0.1/37389] INFO  server.RaftServer (RaftServerProxy.java:lambda$close$6(391)) - omNode-1: close
2022-03-02 19:15:35,436 [Listener at 127.0.0.1/37389] INFO  server.RaftServer$Division (RaftServerImpl.java:lambda$close$4(412)) - omNode-1@group-523986131536: shutdown
2022-03-02 19:15:35,436 [Listener at 127.0.0.1/37389] INFO  util.JmxRegister (JmxRegister.java:unregister(73)) - Successfully un-registered JMX Bean with object name Ratis:service=RaftServer,group=group-523986131536,id=omNode-1
2022-03-02 19:15:35,436 [Listener at 127.0.0.1/37389] INFO  impl.RoleInfo (RoleInfo.java:shutdownLeaderState(91)) - omNode-1: shutdown omNode-1@group-523986131536-LeaderStateImpl
2022-03-02 19:15:35,436 [Listener at 127.0.0.1/37389] INFO  impl.PendingRequests (PendingRequests.java:sendNotLeaderResponses(282)) - omNode-1@group-523986131536-PendingRequests: sendNotLeaderResponses
2022-03-02 19:15:35,437 [IPC Server Responder] INFO  ipc.Server (Server.java:run(1512)) - Stopping IPC Server Responder
2022-03-02 19:15:35,443 [omNode-1@group-523986131536-StateMachineUpdater] INFO  ratis.OzoneManagerStateMachine (OzoneManagerStateMachine.java:takeSnapshot(417)) - Current Snapshot Index (t:1, i:0)
2022-03-02 19:15:35,443 [omNode-1@group-523986131536-StateMachineUpdater] INFO  impl.StateMachineUpdater (StateMachineUpdater.java:takeSnapshot(281)) - omNode-1@group-523986131536-StateMachineUpdater: Took a snapshot at index 0
2022-03-02 19:15:35,443 [omNode-1@group-523986131536-StateMachineUpdater] INFO  impl.StateMachineUpdater (StateMachineUpdater.java:lambda$new$0(89)) - omNode-1@group-523986131536-StateMachineUpdater: snapshotIndex: updateIncreasingly -1 -> 0
2022-03-02 19:15:35,443 [omNode-1@group-523986131536-StateMachineUpdater] INFO  ratis.OzoneManagerStateMachine (OzoneManagerStateMachine.java:close(471)) - StateMachine has shutdown. Shutdown OzoneManager if not already shutdown.
2022-03-02 19:15:35,444 [Listener at 127.0.0.1/37389] INFO  impl.StateMachineUpdater (StateMachineUpdater.java:stopAndJoin(149)) - omNode-1@group-523986131536-StateMachineUpdater: set stopIndex = 0
2022-03-02 19:15:35,445 [Listener at 127.0.0.1/37389] INFO  server.RaftServer$Division (ServerState.java:close(419)) - omNode-1@group-523986131536: closes. applyIndex: 0
2022-03-02 19:15:35,449 [omNode-1@group-523986131536-SegmentedRaftLogWorker] INFO  segmented.SegmentedRaftLogWorker (SegmentedRaftLogWorker.java:run(327)) - omNode-1@group-523986131536-SegmentedRaftLogWorker was interrupted, exiting. There are 0 tasks remaining in the queue.
2022-03-02 19:15:35,452 [Listener at 127.0.0.1/37389] INFO  segmented.SegmentedRaftLogWorker (SegmentedRaftLogWorker.java:close(237)) - omNode-1@group-523986131536-SegmentedRaftLogWorker close()
2022-03-02 19:15:35,457 [Listener at 127.0.0.1/37389] INFO  server.GrpcService (GrpcService.java:closeImpl(262)) - omNode-1: shutdown server with port 34065 now
2022-03-02 19:15:35,457 [Listener at 127.0.0.1/37389] INFO  server.GrpcService (GrpcService.java:closeImpl(271)) - omNode-1: shutdown server with port 34065 successfully
2022-03-02 19:15:35,460 [org.apache.ratis.util.JvmPauseMonitor$$Lambda$503/310350177@606cf551] INFO  util.JvmPauseMonitor (JvmPauseMonitor.java:run(109)) - JvmPauseMonitor-omNode-1: Stopped
2022-03-02 19:15:35,465 [Listener at 127.0.0.1/37389] INFO  ratis.OzoneManagerDoubleBuffer (OzoneManagerDoubleBuffer.java:stop(437)) - Stopping OMDoubleBuffer flush thread
2022-03-02 19:15:35,465 [OMDoubleBufferFlushThread] INFO  ratis.OzoneManagerDoubleBuffer (OzoneManagerDoubleBuffer.java:flushTransactions(356)) - OMDoubleBuffer flush thread OMDoubleBufferFlushThread is interrupted and will exit. OMDoubleBufferFlushThread
2022-03-02 19:15:35,471 [Listener at 127.0.0.1/37389] INFO  utils.BackgroundService (BackgroundService.java:shutdown(132)) - Shutting down service KeyDeletingService
2022-03-02 19:15:35,471 [Listener at 127.0.0.1/37389] INFO  utils.BackgroundService (BackgroundService.java:shutdown(132)) - Shutting down service DirectoryDeletingService
2022-03-02 19:15:35,472 [Listener at 127.0.0.1/37389] INFO  handler.ContextHandler (ContextHandler.java:doStop(1153)) - Stopped o.e.j.w.WebAppContext@6b9e3249{ozoneManager,/,null,STOPPED}{file:/home/runner/work/ozone/ozone/hadoop-ozone/integration-test/target/test-classes/webapps/ozoneManager}
2022-03-02 19:15:35,473 [Listener at 127.0.0.1/37389] INFO  server.AbstractConnector (AbstractConnector.java:doStop(381)) - Stopped ServerConnector@10320992{HTTP/1.1, (http/1.1)}{0.0.0.0:35825}
2022-03-02 19:15:35,473 [Listener at 127.0.0.1/37389] INFO  server.session (HouseKeeper.java:stopScavenging(149)) - node0 Stopped scavenging
2022-03-02 19:15:35,474 [Listener at 127.0.0.1/37389] INFO  handler.ContextHandler (ContextHandler.java:doStop(1153)) - Stopped o.e.j.s.ServletContextHandler@3c844476{static,/static,file:///home/runner/work/ozone/ozone/hadoop-ozone/integration-test/target/test-classes/webapps/static,STOPPED}
2022-03-02 19:15:35,474 [Listener at 127.0.0.1/37389] INFO  handler.ContextHandler (ContextHandler.java:doStop(1153)) - Stopped o.e.j.s.ServletContextHandler@3948f7b9{logs,/logs,file:///home/runner/work/ozone/ozone/hadoop-ozone/integration-test/target/log,STOPPED}
2022-03-02 19:15:35,486 [Listener at 127.0.0.1/37389] INFO  ozone.MiniOzoneHAClusterImpl (MiniOzoneHAClusterImpl.java:stop(316)) - Stopping the StorageContainerManager 49081caa-6924-42d1-b762-c940ad9f7c50
2022-03-02 19:15:35,486 [Listener at 127.0.0.1/37389] INFO  server.StorageContainerManager (StorageContainerManager.java:stop(1417)) - Stopping Container Balancer service.
2022-03-02 19:15:35,487 [Listener at 127.0.0.1/37389] INFO  balancer.ContainerBalancer (ContainerBalancer.java:stop(751)) - Container Balancer is not running.
2022-03-02 19:15:35,487 [Listener at 127.0.0.1/37389] INFO  server.StorageContainerManager (StorageContainerManager.java:stop(1424)) - Stopping Replication Manager Service.
2022-03-02 19:15:35,487 [Listener at 127.0.0.1/37389] INFO  container.ReplicationManager (ReplicationManager.java:stop(357)) - Stopping Replication Monitor Thread.
2022-03-02 19:15:35,487 [Listener at 127.0.0.1/37389] INFO  server.StorageContainerManager (StorageContainerManager.java:stop(1431)) - Stopping the Datanode Admin Monitor.
2022-03-02 19:15:35,487 [Listener at 127.0.0.1/37389] INFO  server.StorageContainerManager (StorageContainerManager.java:stop(1438)) - Stopping Lease Manager of the command watchers
2022-03-02 19:15:35,488 [Listener at 127.0.0.1/37389] INFO  server.StorageContainerManager (StorageContainerManager.java:stop(1445)) - Stopping datanode service RPC server
2022-03-02 19:15:35,488 [Listener at 127.0.0.1/37389] INFO  server.SCMDatanodeProtocolServer (SCMDatanodeProtocolServer.java:stop(391)) - Stopping the RPC server for DataNodes
2022-03-02 19:15:35,489 [Listener at 127.0.0.1/37389] INFO  ipc.Server (Server.java:stop(3414)) - Stopping server on 34357
2022-03-02 19:15:35,493 [IPC Server listener on 34357] INFO  ipc.Server (Server.java:run(1376)) - Stopping IPC Server listener on 34357
2022-03-02 19:15:35,496 [IPC Server Responder] INFO  ipc.Server (Server.java:run(1512)) - Stopping IPC Server Responder
2022-03-02 19:15:35,527 [EndpointStateMachine task thread for /127.0.0.1:34357 - 0 ] WARN  statemachine.EndpointStateMachine (EndpointStateMachine.java:logIfNeeded(236)) - Unable to communicate to SCM server at 127.0.0.1:34357 for past 0 seconds.
java.io.EOFException: End of File Exception between local host is: "fv-az396-267/10.1.0.35"; destination host is: "localhost":34357; : java.io.EOFException; For more details see:  http://wiki.apache.org/hadoop/EOFException
	at sun.reflect.NativeConstructorAccessorImpl.newInstance0(Native Method)
	at sun.reflect.NativeConstructorAccessorImpl.newInstance(NativeConstructorAccessorImpl.java:62)
	at sun.reflect.DelegatingConstructorAccessorImpl.newInstance(DelegatingConstructorAccessorImpl.java:45)
	at java.lang.reflect.Constructor.newInstance(Constructor.java:423)
	at org.apache.hadoop.net.NetUtils.wrapWithMessage(NetUtils.java:913)
	at org.apache.hadoop.net.NetUtils.wrapException(NetUtils.java:862)
	at org.apache.hadoop.ipc.Client.getRpcResponse(Client.java:1577)
	at org.apache.hadoop.ipc.Client.call(Client.java:1519)
	at org.apache.hadoop.ipc.Client.call(Client.java:1416)
	at org.apache.hadoop.ipc.ProtobufRpcEngine$Invoker.invoke(ProtobufRpcEngine.java:236)
	at org.apache.hadoop.ipc.ProtobufRpcEngine$Invoker.invoke(ProtobufRpcEngine.java:123)
	at com.sun.proxy.$Proxy48.submitRequest(Unknown Source)
	at org.apache.hadoop.ozone.protocolPB.StorageContainerDatanodeProtocolClientSideTranslatorPB.submitRequest(StorageContainerDatanodeProtocolClientSideTranslatorPB.java:117)
	at org.apache.hadoop.ozone.protocolPB.StorageContainerDatanodeProtocolClientSideTranslatorPB.sendHeartbeat(StorageContainerDatanodeProtocolClientSideTranslatorPB.java:149)
	at org.apache.hadoop.ozone.container.common.states.endpoint.HeartbeatEndpointTask.call(HeartbeatEndpointTask.java:179)
	at org.apache.hadoop.ozone.container.common.states.endpoint.HeartbeatEndpointTask.call(HeartbeatEndpointTask.java:82)
	at java.util.concurrent.FutureTask.run(FutureTask.java:266)
	at java.util.concurrent.ThreadPoolExecutor.runWorker(ThreadPoolExecutor.java:1149)
	at java.util.concurrent.ThreadPoolExecutor$Worker.run(ThreadPoolExecutor.java:624)
	at java.lang.Thread.run(Thread.java:750)
Caused by: java.io.EOFException
	at java.io.DataInputStream.readInt(DataInputStream.java:392)
	at org.apache.hadoop.ipc.Client$IpcStreams.readResponse(Client.java:1892)
	at org.apache.hadoop.ipc.Client$Connection.receiveRpcResponse(Client.java:1202)
	at org.apache.hadoop.ipc.Client$Connection.run(Client.java:1098)
2022-03-02 19:15:35,529 [IPC Server handler 3 on default port 41985] INFO  net.NetworkTopologyImpl (NetworkTopologyImpl.java:add(112)) - Added a new node: /default-rack/8c53a021-9171-485b-b256-839aa3d3ad02
2022-03-02 19:15:35,529 [IPC Server handler 3 on default port 41985] INFO  node.SCMNodeManager (SCMNodeManager.java:register(389)) - Registered Data node : 8c53a021-9171-485b-b256-839aa3d3ad02{ip: 127.0.0.1, host: localhost, ports: [REPLICATION=46587, RATIS=41201, RATIS_ADMIN=41201, RATIS_SERVER=41201, STANDALONE=42175], networkLocation: /default-rack, certSerialId: null, persistedOpState: null, persistedOpStateExpiryEpochSec: 0}
2022-03-02 19:15:35,534 [SCM Heartbeat Processing Thread - 0] WARN  node.NodeStateManager (NodeStateManager.java:scheduleNextHealthCheck(815)) - Current Thread is interrupted, shutting down HB processing thread for Node Manager.
2022-03-02 19:15:35,550 [EventQueue-NewNodeForNewNodeHandler] INFO  pipeline.BackgroundPipelineCreator (BackgroundPipelineCreator.java:notifyEventTriggered(279)) - ignore, not leader SCM.
2022-03-02 19:15:35,550 [Listener at 127.0.0.1/37389] INFO  server.StorageContainerManager (StorageContainerManager.java:stop(1453)) - Stopping block service RPC server
2022-03-02 19:15:35,551 [Listener at 127.0.0.1/37389] INFO  server.SCMBlockProtocolServer (SCMBlockProtocolServer.java:stop(160)) - Stopping the RPC server for Block Protocol
2022-03-02 19:15:35,551 [Listener at 127.0.0.1/37389] INFO  ipc.Server (Server.java:stop(3414)) - Stopping server on 37079
2022-03-02 19:15:35,555 [IPC Server listener on 37079] INFO  ipc.Server (Server.java:run(1376)) - Stopping IPC Server listener on 37079
2022-03-02 19:15:35,561 [IPC Server Responder] INFO  ipc.Server (Server.java:run(1512)) - Stopping IPC Server Responder
2022-03-02 19:15:35,561 [Listener at 127.0.0.1/37389] INFO  server.StorageContainerManager (StorageContainerManager.java:stop(1460)) - Stopping the StorageContainerLocationProtocol RPC server
2022-03-02 19:15:35,561 [Listener at 127.0.0.1/37389] INFO  server.SCMClientProtocolServer (SCMClientProtocolServer.java:stop(174)) - Stopping the RPC server for Client Protocol
2022-03-02 19:15:35,561 [Listener at 127.0.0.1/37389] INFO  ipc.Server (Server.java:stop(3414)) - Stopping server on 35087
2022-03-02 19:15:35,572 [Listener at 127.0.0.1/37389] INFO  server.StorageContainerManager (StorageContainerManager.java:stop(1467)) - Stopping Storage Container Manager HTTP server.
2022-03-02 19:15:35,572 [IPC Server listener on 35087] INFO  ipc.Server (Server.java:run(1376)) - Stopping IPC Server listener on 35087
2022-03-02 19:15:35,572 [IPC Server Responder] INFO  ipc.Server (Server.java:run(1512)) - Stopping IPC Server Responder
2022-03-02 19:15:35,581 [Listener at 127.0.0.1/37389] INFO  handler.ContextHandler (ContextHandler.java:doStop(1153)) - Stopped o.e.j.w.WebAppContext@50001200{scm,/,null,STOPPED}{file:/home/runner/work/ozone/ozone/hadoop-ozone/integration-test/target/test-classes/webapps/scm}
2022-03-02 19:15:35,582 [Listener at 127.0.0.1/37389] INFO  server.AbstractConnector (AbstractConnector.java:doStop(381)) - Stopped ServerConnector@9d43cf{HTTP/1.1, (http/1.1)}{0.0.0.0:39511}
2022-03-02 19:15:35,582 [Listener at 127.0.0.1/37389] INFO  server.session (HouseKeeper.java:stopScavenging(149)) - node0 Stopped scavenging
2022-03-02 19:15:35,583 [Listener at 127.0.0.1/37389] INFO  handler.ContextHandler (ContextHandler.java:doStop(1153)) - Stopped o.e.j.s.ServletContextHandler@514acca7{static,/static,file:///home/runner/work/ozone/ozone/hadoop-ozone/integration-test/target/test-classes/webapps/static,STOPPED}
2022-03-02 19:15:35,583 [Listener at 127.0.0.1/37389] INFO  handler.ContextHandler (ContextHandler.java:doStop(1153)) - Stopped o.e.j.s.ServletContextHandler@bb2c986{logs,/logs,file:///home/runner/work/ozone/ozone/hadoop-ozone/integration-test/target/log,STOPPED}
2022-03-02 19:15:35,584 [Listener at 127.0.0.1/37389] INFO  server.StorageContainerManager (StorageContainerManager.java:stop(1478)) - Stopping Block Manager Service.
2022-03-02 19:15:35,584 [Listener at 127.0.0.1/37389] INFO  utils.BackgroundService (BackgroundService.java:shutdown(132)) - Shutting down service SCMBlockDeletingService
2022-03-02 19:15:35,584 [Listener at 127.0.0.1/37389] INFO  utils.BackgroundService (BackgroundService.java:shutdown(132)) - Shutting down service SCMBlockDeletingService
2022-03-02 19:15:35,585 [Listener at 127.0.0.1/37389] INFO  server.StorageContainerManager (StorageContainerManager.java:stop(1505)) - Stopping SCM Event Queue.
2022-03-02 19:15:35,589 [Listener at 127.0.0.1/37389] INFO  server.StorageContainerManager (StorageContainerManager.java:stop(1516)) - Stopping SCM HA services.
2022-03-02 19:15:35,589 [Listener at 127.0.0.1/37389] INFO  ha.SCMRatisServerImpl (SCMRatisServerImpl.java:stop(236)) - stopping ratis server 0.0.0.0:40649
2022-03-02 19:15:35,590 [Listener at 127.0.0.1/37389] INFO  server.RaftServer (RaftServerProxy.java:lambda$close$6(391)) - 49081caa-6924-42d1-b762-c940ad9f7c50: close
2022-03-02 19:15:35,591 [Listener at 127.0.0.1/37389] INFO  server.RaftServer$Division (RaftServerImpl.java:lambda$close$4(412)) - 49081caa-6924-42d1-b762-c940ad9f7c50@group-D5EAFC849FBC: shutdown
2022-03-02 19:15:35,591 [Listener at 127.0.0.1/37389] INFO  util.JmxRegister (JmxRegister.java:unregister(73)) - Successfully un-registered JMX Bean with object name Ratis:service=RaftServer,group=group-D5EAFC849FBC,id=49081caa-6924-42d1-b762-c940ad9f7c50
2022-03-02 19:15:35,591 [Listener at 127.0.0.1/37389] INFO  impl.RoleInfo (RoleInfo.java:shutdownFollowerState(108)) - 49081caa-6924-42d1-b762-c940ad9f7c50: shutdown 49081caa-6924-42d1-b762-c940ad9f7c50@group-D5EAFC849FBC-FollowerState
2022-03-02 19:15:35,591 [Listener at 127.0.0.1/37389] INFO  impl.StateMachineUpdater (StateMachineUpdater.java:stopAndJoin(149)) - 49081caa-6924-42d1-b762-c940ad9f7c50@group-D5EAFC849FBC-StateMachineUpdater: set stopIndex = 27
2022-03-02 19:15:35,591 [49081caa-6924-42d1-b762-c940ad9f7c50@group-D5EAFC849FBC-StateMachineUpdater] INFO  ha.SCMStateMachine (SCMStateMachine.java:takeSnapshot(297)) - Current Snapshot Index 27, takeSnapshot took 0 ms
2022-03-02 19:15:35,591 [49081caa-6924-42d1-b762-c940ad9f7c50@group-D5EAFC849FBC-FollowerState] INFO  impl.FollowerState (FollowerState.java:run(143)) - 49081caa-6924-42d1-b762-c940ad9f7c50@group-D5EAFC849FBC-FollowerState was interrupted: {}
java.lang.InterruptedException: sleep interrupted
	at java.lang.Thread.sleep(Native Method)
	at java.lang.Thread.sleep(Thread.java:342)
	at java.util.concurrent.TimeUnit.sleep(TimeUnit.java:386)
	at org.apache.ratis.util.TimeDuration.sleep(TimeDuration.java:324)
	at org.apache.ratis.util.TimeDuration.sleep(TimeDuration.java:309)
	at org.apache.ratis.server.impl.FollowerState.run(FollowerState.java:118)
2022-03-02 19:15:35,592 [49081caa-6924-42d1-b762-c940ad9f7c50@group-D5EAFC849FBC-StateMachineUpdater] INFO  impl.StateMachineUpdater (StateMachineUpdater.java:takeSnapshot(281)) - 49081caa-6924-42d1-b762-c940ad9f7c50@group-D5EAFC849FBC-StateMachineUpdater: Took a snapshot at index 27
2022-03-02 19:15:35,596 [49081caa-6924-42d1-b762-c940ad9f7c50@group-D5EAFC849FBC-StateMachineUpdater] INFO  impl.StateMachineUpdater (StateMachineUpdater.java:lambda$new$0(89)) - 49081caa-6924-42d1-b762-c940ad9f7c50@group-D5EAFC849FBC-StateMachineUpdater: snapshotIndex: updateIncreasingly 23 -> 27
2022-03-02 19:15:35,596 [Listener at 127.0.0.1/37389] INFO  server.RaftServer$Division (ServerState.java:close(419)) - 49081caa-6924-42d1-b762-c940ad9f7c50@group-D5EAFC849FBC: closes. applyIndex: 27
2022-03-02 19:15:35,597 [49081caa-6924-42d1-b762-c940ad9f7c50@group-D5EAFC849FBC-SegmentedRaftLogWorker] INFO  segmented.SegmentedRaftLogWorker (SegmentedRaftLogWorker.java:run(327)) - 49081caa-6924-42d1-b762-c940ad9f7c50@group-D5EAFC849FBC-SegmentedRaftLogWorker was interrupted, exiting. There are 0 tasks remaining in the queue.
2022-03-02 19:15:35,600 [Listener at 127.0.0.1/37389] INFO  segmented.SegmentedRaftLogWorker (SegmentedRaftLogWorker.java:close(237)) - 49081caa-6924-42d1-b762-c940ad9f7c50@group-D5EAFC849FBC-SegmentedRaftLogWorker close()
2022-03-02 19:15:35,602 [Listener at 127.0.0.1/37389] INFO  server.GrpcService (GrpcService.java:closeImpl(262)) - 49081caa-6924-42d1-b762-c940ad9f7c50: shutdown server with port 40649 now
2022-03-02 19:15:35,604 [grpc-default-executor-5] WARN  server.GrpcServerProtocolService (LogUtils.java:warn(122)) - 49081caa-6924-42d1-b762-c940ad9f7c50: installSnapshot onError, lastRequest: 878dadca-57df-4ab3-9601-92853b413341->49081caa-6924-42d1-b762-c940ad9f7c50#894-t2,previous=(t:2, i:27),leaderCommit=27,initializing? true,entries: size=1, first=(t:2, i:28), METADATAENTRY(c:27): org.apache.ratis.thirdparty.io.grpc.StatusRuntimeException: CANCELLED: client cancelled
2022-03-02 19:15:35,605 [grpc-default-executor-4] WARN  server.GrpcLogAppender (LogUtils.java:warn(122)) - 878dadca-57df-4ab3-9601-92853b413341@group-D5EAFC849FBC->49081caa-6924-42d1-b762-c940ad9f7c50-AppendLogResponseHandler: Failed appendEntries: org.apache.ratis.thirdparty.io.grpc.StatusRuntimeException: CANCELLED: HTTP/2 error code: CANCEL
Received Rst Stream
2022-03-02 19:15:35,605 [grpc-default-executor-4] INFO  leader.FollowerInfo (FollowerInfoImpl.java:lambda$new$0(47)) - 878dadca-57df-4ab3-9601-92853b413341@group-D5EAFC849FBC->49081caa-6924-42d1-b762-c940ad9f7c50: nextIndex: updateUnconditionally 29 -> 28
2022-03-02 19:15:35,605 [Listener at 127.0.0.1/37389] INFO  server.GrpcService (GrpcService.java:closeImpl(271)) - 49081caa-6924-42d1-b762-c940ad9f7c50: shutdown server with port 40649 successfully
2022-03-02 19:15:35,606 [org.apache.ratis.util.JvmPauseMonitor$$Lambda$503/310350177@713b2ee9] INFO  util.JvmPauseMonitor (JvmPauseMonitor.java:run(109)) - JvmPauseMonitor-49081caa-6924-42d1-b762-c940ad9f7c50: Stopped
2022-03-02 19:15:35,606 [Listener at 127.0.0.1/37389] INFO  pipeline.BackgroundPipelineCreator (BackgroundPipelineCreator.java:stop(158)) - Stopping RatisPipelineUtilsThread.
2022-03-02 19:15:35,607 [Listener at 127.0.0.1/37389] INFO  server.StorageContainerManager (StorageContainerManager.java:stop(1526)) - Stopping SCM MetadataStore.
2022-03-02 19:15:35,608 [Listener at 127.0.0.1/37389] INFO  impl.MetricsSystemImpl (MetricsSystemImpl.java:stop(210)) - Stopping StorageContainerManager metrics system...
2022-03-02 19:15:35,614 [grpc-default-executor-3] WARN  server.GrpcLogAppender (LogUtils.java:warn(122)) - 878dadca-57df-4ab3-9601-92853b413341@group-D5EAFC849FBC->49081caa-6924-42d1-b762-c940ad9f7c50-AppendLogResponseHandler: Failed appendEntries: org.apache.ratis.thirdparty.io.grpc.StatusRuntimeException: UNAVAILABLE: io exception
2022-03-02 19:15:35,615 [grpc-default-executor-3] INFO  leader.FollowerInfo (FollowerInfoImpl.java:lambda$new$0(47)) - 878dadca-57df-4ab3-9601-92853b413341@group-D5EAFC849FBC->49081caa-6924-42d1-b762-c940ad9f7c50: nextIndex: updateUnconditionally 29 -> 28
2022-03-02 19:15:35,623 [prometheus] INFO  impl.MetricsSinkAdapter (MetricsSinkAdapter.java:publishMetricsFromQueue(141)) - prometheus thread interrupted.
2022-03-02 19:15:35,635 [Listener at 127.0.0.1/37389] INFO  impl.MetricsSystemImpl (MetricsSystemImpl.java:stop(216)) - StorageContainerManager metrics system stopped.
2022-03-02 19:15:35,636 [Listener at 127.0.0.1/37389] INFO  ozone.MiniOzoneHAClusterImpl (MiniOzoneHAClusterImpl.java:stop(316)) - Stopping the StorageContainerManager d15c7541-afff-4c05-b5ea-1cab637993e4
2022-03-02 19:15:35,637 [Listener at 127.0.0.1/37389] INFO  server.StorageContainerManager (StorageContainerManager.java:stop(1417)) - Stopping Container Balancer service.
2022-03-02 19:15:35,637 [Listener at 127.0.0.1/37389] INFO  balancer.ContainerBalancer (ContainerBalancer.java:stop(751)) - Container Balancer is not running.
2022-03-02 19:15:35,638 [Listener at 127.0.0.1/37389] INFO  server.StorageContainerManager (StorageContainerManager.java:stop(1424)) - Stopping Replication Manager Service.
2022-03-02 19:15:35,638 [Listener at 127.0.0.1/37389] INFO  container.ReplicationManager (ReplicationManager.java:stop(357)) - Stopping Replication Monitor Thread.
2022-03-02 19:15:35,638 [Listener at 127.0.0.1/37389] INFO  server.StorageContainerManager (StorageContainerManager.java:stop(1431)) - Stopping the Datanode Admin Monitor.
2022-03-02 19:15:35,642 [Listener at 127.0.0.1/37389] INFO  server.StorageContainerManager (StorageContainerManager.java:stop(1438)) - Stopping Lease Manager of the command watchers
2022-03-02 19:15:35,642 [Listener at 127.0.0.1/37389] INFO  server.StorageContainerManager (StorageContainerManager.java:stop(1445)) - Stopping datanode service RPC server
2022-03-02 19:15:35,643 [Listener at 127.0.0.1/37389] INFO  server.SCMDatanodeProtocolServer (SCMDatanodeProtocolServer.java:stop(391)) - Stopping the RPC server for DataNodes
2022-03-02 19:15:35,646 [Listener at 127.0.0.1/37389] INFO  ipc.Server (Server.java:stop(3414)) - Stopping server on 41985
2022-03-02 19:15:35,655 [IPC Server listener on 41985] INFO  ipc.Server (Server.java:run(1376)) - Stopping IPC Server listener on 41985
2022-03-02 19:15:35,658 [IPC Server Responder] INFO  ipc.Server (Server.java:run(1512)) - Stopping IPC Server Responder
2022-03-02 19:15:35,689 [SCM Heartbeat Processing Thread - 0] WARN  node.NodeStateManager (NodeStateManager.java:scheduleNextHealthCheck(815)) - Current Thread is interrupted, shutting down HB processing thread for Node Manager.
2022-03-02 19:15:35,690 [Listener at 127.0.0.1/37389] INFO  server.StorageContainerManager (StorageContainerManager.java:stop(1453)) - Stopping block service RPC server
2022-03-02 19:15:35,690 [Listener at 127.0.0.1/37389] INFO  server.SCMBlockProtocolServer (SCMBlockProtocolServer.java:stop(160)) - Stopping the RPC server for Block Protocol
2022-03-02 19:15:35,690 [Listener at 127.0.0.1/37389] INFO  ipc.Server (Server.java:stop(3414)) - Stopping server on 36483
2022-03-02 19:15:35,692 [IPC Server listener on 36483] INFO  ipc.Server (Server.java:run(1376)) - Stopping IPC Server listener on 36483
2022-03-02 19:15:35,693 [Listener at 127.0.0.1/37389] INFO  server.StorageContainerManager (StorageContainerManager.java:stop(1460)) - Stopping the StorageContainerLocationProtocol RPC server
2022-03-02 19:15:35,696 [Listener at 127.0.0.1/37389] INFO  server.SCMClientProtocolServer (SCMClientProtocolServer.java:stop(174)) - Stopping the RPC server for Client Protocol
2022-03-02 19:15:35,696 [Listener at 127.0.0.1/37389] INFO  ipc.Server (Server.java:stop(3414)) - Stopping server on 42919
2022-03-02 19:15:35,693 [IPC Server Responder] INFO  ipc.Server (Server.java:run(1512)) - Stopping IPC Server Responder
2022-03-02 19:15:35,700 [Listener at 127.0.0.1/37389] INFO  server.StorageContainerManager (StorageContainerManager.java:stop(1467)) - Stopping Storage Container Manager HTTP server.
2022-03-02 19:15:35,700 [Listener at 127.0.0.1/37389] INFO  handler.ContextHandler (ContextHandler.java:doStop(1153)) - Stopped o.e.j.w.WebAppContext@7e7f9843{scm,/,null,STOPPED}{file:/home/runner/work/ozone/ozone/hadoop-ozone/integration-test/target/test-classes/webapps/scm}
2022-03-02 19:15:35,701 [IPC Server Responder] INFO  ipc.Server (Server.java:run(1512)) - Stopping IPC Server Responder
2022-03-02 19:15:35,701 [IPC Server listener on 42919] INFO  ipc.Server (Server.java:run(1376)) - Stopping IPC Server listener on 42919
2022-03-02 19:15:35,702 [Listener at 127.0.0.1/37389] INFO  server.AbstractConnector (AbstractConnector.java:doStop(381)) - Stopped ServerConnector@7beba1a8{HTTP/1.1, (http/1.1)}{0.0.0.0:45549}
2022-03-02 19:15:35,703 [Listener at 127.0.0.1/37389] INFO  server.session (HouseKeeper.java:stopScavenging(149)) - node0 Stopped scavenging
2022-03-02 19:15:35,704 [Listener at 127.0.0.1/37389] INFO  handler.ContextHandler (ContextHandler.java:doStop(1153)) - Stopped o.e.j.s.ServletContextHandler@10abffca{static,/static,file:///home/runner/work/ozone/ozone/hadoop-ozone/integration-test/target/test-classes/webapps/static,STOPPED}
2022-03-02 19:15:35,704 [Listener at 127.0.0.1/37389] INFO  handler.ContextHandler (ContextHandler.java:doStop(1153)) - Stopped o.e.j.s.ServletContextHandler@3b31c0ba{logs,/logs,file:///home/runner/work/ozone/ozone/hadoop-ozone/integration-test/target/log,STOPPED}
2022-03-02 19:15:35,706 [Listener at 127.0.0.1/37389] INFO  server.StorageContainerManager (StorageContainerManager.java:stop(1478)) - Stopping Block Manager Service.
2022-03-02 19:15:35,707 [Listener at 127.0.0.1/37389] INFO  utils.BackgroundService (BackgroundService.java:shutdown(132)) - Shutting down service SCMBlockDeletingService
2022-03-02 19:15:35,707 [Listener at 127.0.0.1/37389] INFO  utils.BackgroundService (BackgroundService.java:shutdown(132)) - Shutting down service SCMBlockDeletingService
2022-03-02 19:15:35,708 [Listener at 127.0.0.1/37389] INFO  server.StorageContainerManager (StorageContainerManager.java:stop(1505)) - Stopping SCM Event Queue.
2022-03-02 19:15:35,714 [Listener at 127.0.0.1/37389] INFO  server.StorageContainerManager (StorageContainerManager.java:stop(1516)) - Stopping SCM HA services.
2022-03-02 19:15:35,715 [Listener at 127.0.0.1/37389] INFO  ha.SCMRatisServerImpl (SCMRatisServerImpl.java:stop(236)) - stopping ratis server 0.0.0.0:43969
2022-03-02 19:15:35,715 [Listener at 127.0.0.1/37389] INFO  server.RaftServer (RaftServerProxy.java:lambda$close$6(391)) - d15c7541-afff-4c05-b5ea-1cab637993e4: close
2022-03-02 19:15:35,715 [Listener at 127.0.0.1/37389] INFO  server.GrpcService (GrpcService.java:closeImpl(262)) - d15c7541-afff-4c05-b5ea-1cab637993e4: shutdown server with port 43969 now
2022-03-02 19:15:35,718 [Listener at 127.0.0.1/37389] INFO  server.GrpcService (GrpcService.java:closeImpl(271)) - d15c7541-afff-4c05-b5ea-1cab637993e4: shutdown server with port 43969 successfully
2022-03-02 19:15:35,719 [grpc-default-executor-4] WARN  server.GrpcLogAppender (LogUtils.java:warn(122)) - 878dadca-57df-4ab3-9601-92853b413341@group-D5EAFC849FBC->d15c7541-afff-4c05-b5ea-1cab637993e4-AppendLogResponseHandler: Failed appendEntries: org.apache.ratis.thirdparty.io.grpc.StatusRuntimeException: CANCELLED: HTTP/2 error code: CANCEL
Received Rst Stream
2022-03-02 19:15:35,719 [grpc-default-executor-4] INFO  leader.FollowerInfo (FollowerInfoImpl.java:lambda$new$0(47)) - 878dadca-57df-4ab3-9601-92853b413341@group-D5EAFC849FBC->d15c7541-afff-4c05-b5ea-1cab637993e4: nextIndex: updateUnconditionally 29 -> 28
2022-03-02 19:15:35,719 [grpc-default-executor-5] WARN  server.GrpcServerProtocolService (LogUtils.java:warn(122)) - d15c7541-afff-4c05-b5ea-1cab637993e4: installSnapshot onError, lastRequest: 878dadca-57df-4ab3-9601-92853b413341->d15c7541-afff-4c05-b5ea-1cab637993e4#5-t2,previous=(t:2, i:27),leaderCommit=27,initializing? true,entries: size=1, first=(t:2, i:28), METADATAENTRY(c:27): org.apache.ratis.thirdparty.io.grpc.StatusRuntimeException: CANCELLED: client cancelled
2022-03-02 19:15:35,719 [org.apache.ratis.util.JvmPauseMonitor$$Lambda$503/310350177@44517251] INFO  util.JvmPauseMonitor (JvmPauseMonitor.java:run(109)) - JvmPauseMonitor-d15c7541-afff-4c05-b5ea-1cab637993e4: Stopped
2022-03-02 19:15:35,722 [Listener at 127.0.0.1/37389] INFO  pipeline.BackgroundPipelineCreator (BackgroundPipelineCreator.java:stop(158)) - Stopping RatisPipelineUtilsThread.
2022-03-02 19:15:35,723 [Listener at 127.0.0.1/37389] INFO  server.StorageContainerManager (StorageContainerManager.java:stop(1526)) - Stopping SCM MetadataStore.
2022-03-02 19:15:35,724 [Listener at 127.0.0.1/37389] INFO  impl.MetricsSystemImpl (MetricsSystemImpl.java:stop(205)) - StorageContainerManager metrics system stopped (again)
2022-03-02 19:15:35,724 [Listener at 127.0.0.1/37389] INFO  ozone.MiniOzoneHAClusterImpl (MiniOzoneHAClusterImpl.java:stop(316)) - Stopping the StorageContainerManager 878dadca-57df-4ab3-9601-92853b413341
2022-03-02 19:15:35,724 [Listener at 127.0.0.1/37389] INFO  server.StorageContainerManager (StorageContainerManager.java:stop(1417)) - Stopping Container Balancer service.
2022-03-02 19:15:35,724 [Listener at 127.0.0.1/37389] INFO  balancer.ContainerBalancer (ContainerBalancer.java:stop(751)) - Container Balancer is not running.
2022-03-02 19:15:35,725 [Listener at 127.0.0.1/37389] INFO  server.StorageContainerManager (StorageContainerManager.java:stop(1424)) - Stopping Replication Manager Service.
2022-03-02 19:15:35,725 [Listener at 127.0.0.1/37389] INFO  container.ReplicationManager (ReplicationManager.java:stop(357)) - Stopping Replication Monitor Thread.
2022-03-02 19:15:35,726 [Listener at 127.0.0.1/37389] INFO  server.StorageContainerManager (StorageContainerManager.java:stop(1431)) - Stopping the Datanode Admin Monitor.
2022-03-02 19:15:35,726 [Listener at 127.0.0.1/37389] INFO  server.StorageContainerManager (StorageContainerManager.java:stop(1438)) - Stopping Lease Manager of the command watchers
2022-03-02 19:15:35,727 [Listener at 127.0.0.1/37389] INFO  server.StorageContainerManager (StorageContainerManager.java:stop(1445)) - Stopping datanode service RPC server
2022-03-02 19:15:35,727 [Listener at 127.0.0.1/37389] INFO  server.SCMDatanodeProtocolServer (SCMDatanodeProtocolServer.java:stop(391)) - Stopping the RPC server for DataNodes
2022-03-02 19:15:35,727 [Listener at 127.0.0.1/37389] INFO  ipc.Server (Server.java:stop(3414)) - Stopping server on 41941
2022-03-02 19:15:35,732 [grpc-default-executor-4] WARN  server.GrpcLogAppender (LogUtils.java:warn(122)) - 878dadca-57df-4ab3-9601-92853b413341@group-D5EAFC849FBC->d15c7541-afff-4c05-b5ea-1cab637993e4-AppendLogResponseHandler: Failed appendEntries: org.apache.ratis.thirdparty.io.grpc.StatusRuntimeException: UNAVAILABLE: io exception
2022-03-02 19:15:35,733 [grpc-default-executor-4] INFO  leader.FollowerInfo (FollowerInfoImpl.java:lambda$new$0(47)) - 878dadca-57df-4ab3-9601-92853b413341@group-D5EAFC849FBC->d15c7541-afff-4c05-b5ea-1cab637993e4: nextIndex: updateUnconditionally 29 -> 28
2022-03-02 19:15:35,744 [IPC Server listener on 41941] INFO  ipc.Server (Server.java:run(1376)) - Stopping IPC Server listener on 41941
2022-03-02 19:15:35,751 [IPC Server Responder] INFO  ipc.Server (Server.java:run(1512)) - Stopping IPC Server Responder
2022-03-02 19:15:35,827 [EndpointStateMachine task thread for /127.0.0.1:41985 - 0 ] WARN  statemachine.EndpointStateMachine (EndpointStateMachine.java:logIfNeeded(236)) - Unable to communicate to SCM server at localhost:41985 for past 0 seconds.
java.io.EOFException: End of File Exception between local host is: "fv-az396-267/10.1.0.35"; destination host is: "localhost":41985; : java.io.EOFException; For more details see:  http://wiki.apache.org/hadoop/EOFException
	at sun.reflect.NativeConstructorAccessorImpl.newInstance0(Native Method)
	at sun.reflect.NativeConstructorAccessorImpl.newInstance(NativeConstructorAccessorImpl.java:62)
	at sun.reflect.DelegatingConstructorAccessorImpl.newInstance(DelegatingConstructorAccessorImpl.java:45)
	at java.lang.reflect.Constructor.newInstance(Constructor.java:423)
	at org.apache.hadoop.net.NetUtils.wrapWithMessage(NetUtils.java:913)
	at org.apache.hadoop.net.NetUtils.wrapException(NetUtils.java:862)
	at org.apache.hadoop.ipc.Client.getRpcResponse(Client.java:1577)
	at org.apache.hadoop.ipc.Client.call(Client.java:1519)
	at org.apache.hadoop.ipc.Client.call(Client.java:1416)
	at org.apache.hadoop.ipc.ProtobufRpcEngine$Invoker.invoke(ProtobufRpcEngine.java:236)
	at org.apache.hadoop.ipc.ProtobufRpcEngine$Invoker.invoke(ProtobufRpcEngine.java:123)
	at com.sun.proxy.$Proxy48.submitRequest(Unknown Source)
	at org.apache.hadoop.ozone.protocolPB.StorageContainerDatanodeProtocolClientSideTranslatorPB.submitRequest(StorageContainerDatanodeProtocolClientSideTranslatorPB.java:117)
	at org.apache.hadoop.ozone.protocolPB.StorageContainerDatanodeProtocolClientSideTranslatorPB.register(StorageContainerDatanodeProtocolClientSideTranslatorPB.java:180)
	at org.apache.hadoop.ozone.container.common.states.endpoint.RegisterEndpointTask.call(RegisterEndpointTask.java:158)
	at org.apache.hadoop.ozone.container.common.states.endpoint.RegisterEndpointTask.call(RegisterEndpointTask.java:52)
	at java.util.concurrent.FutureTask.run(FutureTask.java:266)
	at java.util.concurrent.ThreadPoolExecutor.runWorker(ThreadPoolExecutor.java:1149)
	at java.util.concurrent.ThreadPoolExecutor$Worker.run(ThreadPoolExecutor.java:624)
	at java.lang.Thread.run(Thread.java:750)
Caused by: java.io.EOFException
	at java.io.DataInputStream.readInt(DataInputStream.java:392)
	at org.apache.hadoop.ipc.Client$IpcStreams.readResponse(Client.java:1892)
	at org.apache.hadoop.ipc.Client$Connection.receiveRpcResponse(Client.java:1202)
	at org.apache.hadoop.ipc.Client$Connection.run(Client.java:1098)
2022-03-02 19:15:35,830 [EndpointStateMachine task thread for /127.0.0.1:41941 - 0 ] WARN  statemachine.EndpointStateMachine (EndpointStateMachine.java:logIfNeeded(236)) - Unable to communicate to SCM server at localhost:41941 for past 0 seconds.
java.io.EOFException: End of File Exception between local host is: "fv-az396-267/10.1.0.35"; destination host is: "localhost":41941; : java.io.EOFException; For more details see:  http://wiki.apache.org/hadoop/EOFException
	at sun.reflect.NativeConstructorAccessorImpl.newInstance0(Native Method)
	at sun.reflect.NativeConstructorAccessorImpl.newInstance(NativeConstructorAccessorImpl.java:62)
	at sun.reflect.DelegatingConstructorAccessorImpl.newInstance(DelegatingConstructorAccessorImpl.java:45)
	at java.lang.reflect.Constructor.newInstance(Constructor.java:423)
	at org.apache.hadoop.net.NetUtils.wrapWithMessage(NetUtils.java:913)
	at org.apache.hadoop.net.NetUtils.wrapException(NetUtils.java:862)
	at org.apache.hadoop.ipc.Client.getRpcResponse(Client.java:1577)
	at org.apache.hadoop.ipc.Client.call(Client.java:1519)
	at org.apache.hadoop.ipc.Client.call(Client.java:1416)
	at org.apache.hadoop.ipc.ProtobufRpcEngine$Invoker.invoke(ProtobufRpcEngine.java:236)
	at org.apache.hadoop.ipc.ProtobufRpcEngine$Invoker.invoke(ProtobufRpcEngine.java:123)
	at com.sun.proxy.$Proxy48.submitRequest(Unknown Source)
	at org.apache.hadoop.ozone.protocolPB.StorageContainerDatanodeProtocolClientSideTranslatorPB.submitRequest(StorageContainerDatanodeProtocolClientSideTranslatorPB.java:117)
	at org.apache.hadoop.ozone.protocolPB.StorageContainerDatanodeProtocolClientSideTranslatorPB.sendHeartbeat(StorageContainerDatanodeProtocolClientSideTranslatorPB.java:149)
	at org.apache.hadoop.ozone.container.common.states.endpoint.HeartbeatEndpointTask.call(HeartbeatEndpointTask.java:179)
	at org.apache.hadoop.ozone.container.common.states.endpoint.HeartbeatEndpointTask.call(HeartbeatEndpointTask.java:82)
	at java.util.concurrent.FutureTask.run(FutureTask.java:266)
	at java.util.concurrent.ThreadPoolExecutor.runWorker(ThreadPoolExecutor.java:1149)
	at java.util.concurrent.ThreadPoolExecutor$Worker.run(ThreadPoolExecutor.java:624)
	at java.lang.Thread.run(Thread.java:750)
Caused by: java.io.EOFException
	at java.io.DataInputStream.readInt(DataInputStream.java:392)
	at org.apache.hadoop.ipc.Client$IpcStreams.readResponse(Client.java:1892)
	at org.apache.hadoop.ipc.Client$Connection.receiveRpcResponse(Client.java:1202)
	at org.apache.hadoop.ipc.Client$Connection.run(Client.java:1098)
2022-03-02 19:15:35,868 [EndpointStateMachine task thread for /127.0.0.1:34023 - 0 ] INFO  ipc.Client (Client.java:handleConnectionFailure(977)) - Retrying connect to server: localhost/127.0.0.1:34023. Already tried 13 time(s); retry policy is RetryUpToMaximumCountWithFixedSleep(maxRetries=15, sleepTime=1000 MILLISECONDS)
2022-03-02 19:15:35,873 [EndpointStateMachine task thread for /127.0.0.1:45835 - 0 ] INFO  ipc.Client (Client.java:handleConnectionFailure(977)) - Retrying connect to server: localhost/127.0.0.1:45835. Already tried 13 time(s); retry policy is RetryUpToMaximumCountWithFixedSleep(maxRetries=15, sleepTime=1000 MILLISECONDS)
2022-03-02 19:15:35,874 [EndpointStateMachine task thread for /127.0.0.1:44351 - 0 ] INFO  ipc.Client (Client.java:handleConnectionFailure(977)) - Retrying connect to server: localhost/127.0.0.1:44351. Already tried 13 time(s); retry policy is RetryUpToMaximumCountWithFixedSleep(maxRetries=15, sleepTime=1000 MILLISECONDS)
2022-03-02 19:15:36,827 [EndpointStateMachine task thread for /127.0.0.1:34357 - 0 ] INFO  ipc.Client (Client.java:handleConnectionFailure(977)) - Retrying connect to server: localhost/127.0.0.1:34357. Already tried 0 time(s); retry policy is RetryUpToMaximumCountWithFixedSleep(maxRetries=15, sleepTime=1000 MILLISECONDS)
2022-03-02 19:15:36,868 [EndpointStateMachine task thread for /127.0.0.1:34023 - 0 ] INFO  ipc.Client (Client.java:handleConnectionFailure(977)) - Retrying connect to server: localhost/127.0.0.1:34023. Already tried 14 time(s); retry policy is RetryUpToMaximumCountWithFixedSleep(maxRetries=15, sleepTime=1000 MILLISECONDS)
2022-03-02 19:15:36,874 [EndpointStateMachine task thread for /127.0.0.1:44351 - 0 ] INFO  ipc.Client (Client.java:handleConnectionFailure(977)) - Retrying connect to server: localhost/127.0.0.1:44351. Already tried 14 time(s); retry policy is RetryUpToMaximumCountWithFixedSleep(maxRetries=15, sleepTime=1000 MILLISECONDS)
2022-03-02 19:15:36,874 [EndpointStateMachine task thread for /127.0.0.1:45835 - 0 ] INFO  ipc.Client (Client.java:handleConnectionFailure(977)) - Retrying connect to server: localhost/127.0.0.1:45835. Already tried 14 time(s); retry policy is RetryUpToMaximumCountWithFixedSleep(maxRetries=15, sleepTime=1000 MILLISECONDS)
2022-03-02 19:15:37,167 [EndpointStateMachine task thread for /127.0.0.1:41941 - 0 ] INFO  ipc.Client (Client.java:handleConnectionFailure(977)) - Retrying connect to server: localhost/127.0.0.1:41941. Already tried 0 time(s); retry policy is RetryUpToMaximumCountWithFixedSleep(maxRetries=15, sleepTime=1000 MILLISECONDS)
2022-03-02 19:15:37,168 [EndpointStateMachine task thread for /127.0.0.1:41985 - 0 ] INFO  ipc.Client (Client.java:handleConnectionFailure(977)) - Retrying connect to server: localhost/127.0.0.1:41985. Already tried 0 time(s); retry policy is RetryUpToMaximumCountWithFixedSleep(maxRetries=15, sleepTime=1000 MILLISECONDS)
2022-03-02 19:15:37,828 [EndpointStateMachine task thread for /127.0.0.1:34357 - 0 ] INFO  ipc.Client (Client.java:handleConnectionFailure(977)) - Retrying connect to server: localhost/127.0.0.1:34357. Already tried 1 time(s); retry policy is RetryUpToMaximumCountWithFixedSleep(maxRetries=15, sleepTime=1000 MILLISECONDS)
2022-03-02 19:15:37,879 [SCM Heartbeat Processing Thread - 0] WARN  node.NodeStateManager (NodeStateManager.java:scheduleNextHealthCheck(815)) - Current Thread is interrupted, shutting down HB processing thread for Node Manager.
2022-03-02 19:15:37,880 [EndpointStateMachine task thread for /127.0.0.1:45835 - 0 ] INFO  ipc.Client (Client.java:handleConnectionFailure(977)) - Retrying connect to server: localhost/127.0.0.1:45835. Already tried 0 time(s); retry policy is RetryUpToMaximumCountWithFixedSleep(maxRetries=15, sleepTime=1000 MILLISECONDS)
2022-03-02 19:15:37,880 [EndpointStateMachine task thread for /127.0.0.1:34023 - 0 ] INFO  ipc.Client (Client.java:handleConnectionFailure(977)) - Retrying connect to server: localhost/127.0.0.1:34023. Already tried 0 time(s); retry policy is RetryUpToMaximumCountWithFixedSleep(maxRetries=15, sleepTime=1000 MILLISECONDS)
2022-03-02 19:15:37,880 [Listener at 127.0.0.1/37389] INFO  server.StorageContainerManager (StorageContainerManager.java:stop(1453)) - Stopping block service RPC server
2022-03-02 19:15:37,880 [Listener at 127.0.0.1/37389] INFO  server.SCMBlockProtocolServer (SCMBlockProtocolServer.java:stop(160)) - Stopping the RPC server for Block Protocol
2022-03-02 19:15:37,880 [Listener at 127.0.0.1/37389] INFO  ipc.Server (Server.java:stop(3414)) - Stopping server on 45179
2022-03-02 19:15:37,880 [EndpointStateMachine task thread for /127.0.0.1:44351 - 0 ] INFO  ipc.Client (Client.java:handleConnectionFailure(977)) - Retrying connect to server: localhost/127.0.0.1:44351. Already tried 0 time(s); retry policy is RetryUpToMaximumCountWithFixedSleep(maxRetries=15, sleepTime=1000 MILLISECONDS)
2022-03-02 19:15:37,912 [IPC Server listener on 45179] INFO  ipc.Server (Server.java:run(1376)) - Stopping IPC Server listener on 45179
2022-03-02 19:15:37,912 [Listener at 127.0.0.1/37389] INFO  server.StorageContainerManager (StorageContainerManager.java:stop(1460)) - Stopping the StorageContainerLocationProtocol RPC server
2022-03-02 19:15:37,912 [Listener at 127.0.0.1/37389] INFO  server.SCMClientProtocolServer (SCMClientProtocolServer.java:stop(174)) - Stopping the RPC server for Client Protocol
2022-03-02 19:15:37,912 [Listener at 127.0.0.1/37389] INFO  ipc.Server (Server.java:stop(3414)) - Stopping server on 39009
2022-03-02 19:15:37,912 [IPC Server Responder] INFO  ipc.Server (Server.java:run(1512)) - Stopping IPC Server Responder
2022-03-02 19:15:37,927 [IPC Server Responder] INFO  ipc.Server (Server.java:run(1512)) - Stopping IPC Server Responder
2022-03-02 19:15:37,927 [IPC Server listener on 39009] INFO  ipc.Server (Server.java:run(1376)) - Stopping IPC Server listener on 39009
2022-03-02 19:15:37,936 [Listener at 127.0.0.1/37389] INFO  server.StorageContainerManager (StorageContainerManager.java:stop(1467)) - Stopping Storage Container Manager HTTP server.
2022-03-02 19:15:37,937 [Listener at 127.0.0.1/37389] INFO  handler.ContextHandler (ContextHandler.java:doStop(1153)) - Stopped o.e.j.w.WebAppContext@7f418762{scm,/,null,STOPPED}{file:/home/runner/work/ozone/ozone/hadoop-ozone/integration-test/target/test-classes/webapps/scm}
2022-03-02 19:15:37,938 [Listener at 127.0.0.1/37389] INFO  server.AbstractConnector (AbstractConnector.java:doStop(381)) - Stopped ServerConnector@105637ea{HTTP/1.1, (http/1.1)}{0.0.0.0:44099}
2022-03-02 19:15:37,939 [Listener at 127.0.0.1/37389] INFO  server.session (HouseKeeper.java:stopScavenging(149)) - node0 Stopped scavenging
2022-03-02 19:15:37,939 [Listener at 127.0.0.1/37389] INFO  handler.ContextHandler (ContextHandler.java:doStop(1153)) - Stopped o.e.j.s.ServletContextHandler@13428b9d{static,/static,file:///home/runner/work/ozone/ozone/hadoop-ozone/integration-test/target/test-classes/webapps/static,STOPPED}
2022-03-02 19:15:37,939 [Listener at 127.0.0.1/37389] INFO  handler.ContextHandler (ContextHandler.java:doStop(1153)) - Stopped o.e.j.s.ServletContextHandler@253ab1d3{logs,/logs,file:///home/runner/work/ozone/ozone/hadoop-ozone/integration-test/target/log,STOPPED}
2022-03-02 19:15:37,940 [Listener at 127.0.0.1/37389] INFO  server.StorageContainerManager (StorageContainerManager.java:stop(1478)) - Stopping Block Manager Service.
2022-03-02 19:15:37,941 [Listener at 127.0.0.1/37389] INFO  utils.BackgroundService (BackgroundService.java:shutdown(132)) - Shutting down service SCMBlockDeletingService
2022-03-02 19:15:37,941 [Listener at 127.0.0.1/37389] INFO  utils.BackgroundService (BackgroundService.java:shutdown(132)) - Shutting down service SCMBlockDeletingService
2022-03-02 19:15:37,941 [Listener at 127.0.0.1/37389] INFO  server.StorageContainerManager (StorageContainerManager.java:stop(1505)) - Stopping SCM Event Queue.
2022-03-02 19:15:37,943 [Listener at 127.0.0.1/37389] INFO  server.StorageContainerManager (StorageContainerManager.java:stop(1516)) - Stopping SCM HA services.
2022-03-02 19:15:37,943 [Listener at 127.0.0.1/37389] INFO  ha.SCMRatisServerImpl (SCMRatisServerImpl.java:stop(236)) - stopping ratis server 0.0.0.0:45009
2022-03-02 19:15:37,943 [Listener at 127.0.0.1/37389] INFO  server.RaftServer (RaftServerProxy.java:lambda$close$6(391)) - 878dadca-57df-4ab3-9601-92853b413341: close
2022-03-02 19:15:37,943 [Listener at 127.0.0.1/37389] INFO  server.RaftServer$Division (RaftServerImpl.java:lambda$close$4(412)) - 878dadca-57df-4ab3-9601-92853b413341@group-D5EAFC849FBC: shutdown
2022-03-02 19:15:37,944 [Listener at 127.0.0.1/37389] INFO  util.JmxRegister (JmxRegister.java:unregister(73)) - Successfully un-registered JMX Bean with object name Ratis:service=RaftServer,group=group-D5EAFC849FBC,id=878dadca-57df-4ab3-9601-92853b413341
2022-03-02 19:15:37,944 [Listener at 127.0.0.1/37389] INFO  impl.RoleInfo (RoleInfo.java:shutdownLeaderState(91)) - 878dadca-57df-4ab3-9601-92853b413341: shutdown 878dadca-57df-4ab3-9601-92853b413341@group-D5EAFC849FBC-LeaderStateImpl
2022-03-02 19:15:37,950 [Listener at 127.0.0.1/37389] INFO  impl.PendingRequests (PendingRequests.java:sendNotLeaderResponses(282)) - 878dadca-57df-4ab3-9601-92853b413341@group-D5EAFC849FBC-PendingRequests: sendNotLeaderResponses
2022-03-02 19:15:37,950 [878dadca-57df-4ab3-9601-92853b413341@group-D5EAFC849FBC->49081caa-6924-42d1-b762-c940ad9f7c50-GrpcLogAppender-LogAppenderDaemon] WARN  server.GrpcLogAppender (GrpcLogAppender.java:mayWait(177)) - 878dadca-57df-4ab3-9601-92853b413341@group-D5EAFC849FBC->49081caa-6924-42d1-b762-c940ad9f7c50-GrpcLogAppender: Wait interrupted by java.lang.InterruptedException
2022-03-02 19:15:37,950 [878dadca-57df-4ab3-9601-92853b413341@group-D5EAFC849FBC->d15c7541-afff-4c05-b5ea-1cab637993e4-GrpcLogAppender-LogAppenderDaemon] WARN  server.GrpcLogAppender (GrpcLogAppender.java:mayWait(177)) - 878dadca-57df-4ab3-9601-92853b413341@group-D5EAFC849FBC->d15c7541-afff-4c05-b5ea-1cab637993e4-GrpcLogAppender: Wait interrupted by java.lang.InterruptedException
2022-03-02 19:15:37,951 [Listener at 127.0.0.1/37389] INFO  ha.SCMStateMachine (SCMStateMachine.java:notifyNotLeader(190)) - current leader SCM steps down.
2022-03-02 19:15:37,951 [Listener at 127.0.0.1/37389] INFO  ha.SCMContext (SCMContext.java:updateLeaderAndTerm(90)) - update <isLeader,term> from <true,2> to <false,0>
2022-03-02 19:15:37,951 [Listener at 127.0.0.1/37389] INFO  ha.SCMContext (SCMContext.java:updateLeaderAndTerm(97)) - update <isLeaderReady> from <false> to <false>
2022-03-02 19:15:37,955 [Listener at 127.0.0.1/37389] INFO  impl.StateMachineUpdater (StateMachineUpdater.java:stopAndJoin(149)) - 878dadca-57df-4ab3-9601-92853b413341@group-D5EAFC849FBC-StateMachineUpdater: set stopIndex = 28
2022-03-02 19:15:37,956 [878dadca-57df-4ab3-9601-92853b413341@group-D5EAFC849FBC-StateMachineUpdater] INFO  ha.SCMStateMachine (SCMStateMachine.java:takeSnapshot(297)) - Current Snapshot Index 28, takeSnapshot took 1 ms
2022-03-02 19:15:37,956 [878dadca-57df-4ab3-9601-92853b413341@group-D5EAFC849FBC-StateMachineUpdater] INFO  impl.StateMachineUpdater (StateMachineUpdater.java:takeSnapshot(281)) - 878dadca-57df-4ab3-9601-92853b413341@group-D5EAFC849FBC-StateMachineUpdater: Took a snapshot at index 28
2022-03-02 19:15:37,956 [878dadca-57df-4ab3-9601-92853b413341@group-D5EAFC849FBC-StateMachineUpdater] INFO  impl.StateMachineUpdater (StateMachineUpdater.java:lambda$new$0(89)) - 878dadca-57df-4ab3-9601-92853b413341@group-D5EAFC849FBC-StateMachineUpdater: snapshotIndex: updateIncreasingly 25 -> 28
2022-03-02 19:15:37,956 [Listener at 127.0.0.1/37389] INFO  server.RaftServer$Division (ServerState.java:close(419)) - 878dadca-57df-4ab3-9601-92853b413341@group-D5EAFC849FBC: closes. applyIndex: 28
2022-03-02 19:15:37,956 [878dadca-57df-4ab3-9601-92853b413341@group-D5EAFC849FBC-SegmentedRaftLogWorker] INFO  segmented.SegmentedRaftLogWorker (SegmentedRaftLogWorker.java:run(327)) - 878dadca-57df-4ab3-9601-92853b413341@group-D5EAFC849FBC-SegmentedRaftLogWorker was interrupted, exiting. There are 0 tasks remaining in the queue.
2022-03-02 19:15:37,967 [Listener at 127.0.0.1/37389] INFO  segmented.SegmentedRaftLogWorker (SegmentedRaftLogWorker.java:close(237)) - 878dadca-57df-4ab3-9601-92853b413341@group-D5EAFC849FBC-SegmentedRaftLogWorker close()
2022-03-02 19:15:37,988 [Listener at 127.0.0.1/37389] INFO  server.GrpcService (GrpcService.java:closeImpl(262)) - 878dadca-57df-4ab3-9601-92853b413341: shutdown server with port 45009 now
2022-03-02 19:15:38,004 [Listener at 127.0.0.1/37389] INFO  server.GrpcService (GrpcService.java:closeImpl(271)) - 878dadca-57df-4ab3-9601-92853b413341: shutdown server with port 45009 successfully
2022-03-02 19:15:38,004 [org.apache.ratis.util.JvmPauseMonitor$$Lambda$503/310350177@728ce413] INFO  util.JvmPauseMonitor (JvmPauseMonitor.java:run(109)) - JvmPauseMonitor-878dadca-57df-4ab3-9601-92853b413341: Stopped
2022-03-02 19:15:38,005 [Listener at 127.0.0.1/37389] INFO  pipeline.BackgroundPipelineCreator (BackgroundPipelineCreator.java:stop(158)) - Stopping RatisPipelineUtilsThread.
2022-03-02 19:15:38,005 [Listener at 127.0.0.1/37389] INFO  server.StorageContainerManager (StorageContainerManager.java:stop(1526)) - Stopping SCM MetadataStore.
2022-03-02 19:15:38,006 [Listener at 127.0.0.1/37389] INFO  impl.MetricsSystemImpl (MetricsSystemImpl.java:stop(205)) - StorageContainerManager metrics system stopped (again)
2022-03-02 19:15:38,006 [Listener at 127.0.0.1/37389] INFO  ozone.MiniOzoneClusterImpl (MiniOzoneClusterImpl.java:stop(464)) - Stopping the Mini Ozone Cluster
2022-03-02 19:15:38,006 [Listener at 127.0.0.1/37389] INFO  ozone.MiniOzoneClusterImpl (MiniOzoneClusterImpl.java:stopDatanodes(523)) - Stopping the HddsDatanodes
2022-03-02 19:15:38,168 [EndpointStateMachine task thread for /127.0.0.1:41941 - 0 ] INFO  ipc.Client (Client.java:handleConnectionFailure(977)) - Retrying connect to server: localhost/127.0.0.1:41941. Already tried 1 time(s); retry policy is RetryUpToMaximumCountWithFixedSleep(maxRetries=15, sleepTime=1000 MILLISECONDS)
2022-03-02 19:15:38,169 [EndpointStateMachine task thread for /127.0.0.1:41985 - 0 ] INFO  ipc.Client (Client.java:handleConnectionFailure(977)) - Retrying connect to server: localhost/127.0.0.1:41985. Already tried 1 time(s); retry policy is RetryUpToMaximumCountWithFixedSleep(maxRetries=15, sleepTime=1000 MILLISECONDS)
2022-03-02 19:15:38,168 [Datanode State Machine Daemon Thread] WARN  statemachine.StateContext (StateContext.java:setState(250)) - Ignore disallowed transition from SHUTDOWN to RUNNING
2022-03-02 19:15:38,826 [Datanode State Machine Daemon Thread] WARN  statemachine.StateContext (StateContext.java:setState(250)) - Ignore disallowed transition from SHUTDOWN to RUNNING
2022-03-02 19:15:38,828 [EndpointStateMachine task thread for /127.0.0.1:34357 - 0 ] INFO  ipc.Client (Client.java:handleConnectionFailure(977)) - Retrying connect to server: localhost/127.0.0.1:34357. Already tried 2 time(s); retry policy is RetryUpToMaximumCountWithFixedSleep(maxRetries=15, sleepTime=1000 MILLISECONDS)
2022-03-02 19:15:38,880 [EndpointStateMachine task thread for /127.0.0.1:34023 - 0 ] INFO  ipc.Client (Client.java:handleConnectionFailure(977)) - Retrying connect to server: localhost/127.0.0.1:34023. Already tried 1 time(s); retry policy is RetryUpToMaximumCountWithFixedSleep(maxRetries=15, sleepTime=1000 MILLISECONDS)
2022-03-02 19:15:38,887 [EndpointStateMachine task thread for /127.0.0.1:44351 - 0 ] INFO  ipc.Client (Client.java:handleConnectionFailure(977)) - Retrying connect to server: localhost/127.0.0.1:44351. Already tried 1 time(s); retry policy is RetryUpToMaximumCountWithFixedSleep(maxRetries=15, sleepTime=1000 MILLISECONDS)
2022-03-02 19:15:38,891 [EndpointStateMachine task thread for /127.0.0.1:45835 - 0 ] INFO  ipc.Client (Client.java:handleConnectionFailure(977)) - Retrying connect to server: localhost/127.0.0.1:45835. Already tried 1 time(s); retry policy is RetryUpToMaximumCountWithFixedSleep(maxRetries=15, sleepTime=1000 MILLISECONDS)
2022-03-02 19:15:39,169 [EndpointStateMachine task thread for /127.0.0.1:41941 - 0 ] INFO  ipc.Client (Client.java:handleConnectionFailure(977)) - Retrying connect to server: localhost/127.0.0.1:41941. Already tried 2 time(s); retry policy is RetryUpToMaximumCountWithFixedSleep(maxRetries=15, sleepTime=1000 MILLISECONDS)
2022-03-02 19:15:39,169 [EndpointStateMachine task thread for /127.0.0.1:41985 - 0 ] INFO  ipc.Client (Client.java:handleConnectionFailure(977)) - Retrying connect to server: localhost/127.0.0.1:41985. Already tried 2 time(s); retry policy is RetryUpToMaximumCountWithFixedSleep(maxRetries=15, sleepTime=1000 MILLISECONDS)
2022-03-02 19:15:39,829 [EndpointStateMachine task thread for /127.0.0.1:34357 - 0 ] INFO  ipc.Client (Client.java:handleConnectionFailure(977)) - Retrying connect to server: localhost/127.0.0.1:34357. Already tried 3 time(s); retry policy is RetryUpToMaximumCountWithFixedSleep(maxRetries=15, sleepTime=1000 MILLISECONDS)
2022-03-02 19:15:39,881 [EndpointStateMachine task thread for /127.0.0.1:34023 - 0 ] INFO  ipc.Client (Client.java:handleConnectionFailure(977)) - Retrying connect to server: localhost/127.0.0.1:34023. Already tried 2 time(s); retry policy is RetryUpToMaximumCountWithFixedSleep(maxRetries=15, sleepTime=1000 MILLISECONDS)
2022-03-02 19:15:39,887 [EndpointStateMachine task thread for /127.0.0.1:44351 - 0 ] INFO  ipc.Client (Client.java:handleConnectionFailure(977)) - Retrying connect to server: localhost/127.0.0.1:44351. Already tried 2 time(s); retry policy is RetryUpToMaximumCountWithFixedSleep(maxRetries=15, sleepTime=1000 MILLISECONDS)
2022-03-02 19:15:39,892 [EndpointStateMachine task thread for /127.0.0.1:45835 - 0 ] INFO  ipc.Client (Client.java:handleConnectionFailure(977)) - Retrying connect to server: localhost/127.0.0.1:45835. Already tried 2 time(s); retry policy is RetryUpToMaximumCountWithFixedSleep(maxRetries=15, sleepTime=1000 MILLISECONDS)
2022-03-02 19:15:40,170 [EndpointStateMachine task thread for /127.0.0.1:41941 - 0 ] INFO  ipc.Client (Client.java:handleConnectionFailure(977)) - Retrying connect to server: localhost/127.0.0.1:41941. Already tried 3 time(s); retry policy is RetryUpToMaximumCountWithFixedSleep(maxRetries=15, sleepTime=1000 MILLISECONDS)
2022-03-02 19:15:40,172 [EndpointStateMachine task thread for /127.0.0.1:41985 - 0 ] INFO  ipc.Client (Client.java:handleConnectionFailure(977)) - Retrying connect to server: localhost/127.0.0.1:41985. Already tried 3 time(s); retry policy is RetryUpToMaximumCountWithFixedSleep(maxRetries=15, sleepTime=1000 MILLISECONDS)
2022-03-02 19:15:40,237 [6a96ca8f-dca1-45f9-908e-cf69810dcb0d@group-3B75440A2579-FollowerState] INFO  impl.FollowerState (FollowerState.java:run(134)) - 6a96ca8f-dca1-45f9-908e-cf69810dcb0d@group-3B75440A2579-FollowerState: change to CANDIDATE, lastRpcElapsedTime:5130533083ns, electionTimeout:5124ms
2022-03-02 19:15:40,237 [6a96ca8f-dca1-45f9-908e-cf69810dcb0d@group-3B75440A2579-FollowerState] INFO  impl.RoleInfo (RoleInfo.java:shutdownFollowerState(108)) - 6a96ca8f-dca1-45f9-908e-cf69810dcb0d: shutdown 6a96ca8f-dca1-45f9-908e-cf69810dcb0d@group-3B75440A2579-FollowerState
2022-03-02 19:15:40,237 [6a96ca8f-dca1-45f9-908e-cf69810dcb0d@group-3B75440A2579-FollowerState] INFO  server.RaftServer$Division (RaftServerImpl.java:setRole(290)) - 6a96ca8f-dca1-45f9-908e-cf69810dcb0d@group-3B75440A2579: changes role from  FOLLOWER to CANDIDATE at term 2 for changeToCandidate
2022-03-02 19:15:40,237 [6a96ca8f-dca1-45f9-908e-cf69810dcb0d@group-3B75440A2579-FollowerState] INFO  server.RaftServerConfigKeys (ConfUtils.java:logGet(44)) - raft.server.leaderelection.pre-vote = false (custom)
2022-03-02 19:15:40,237 [6a96ca8f-dca1-45f9-908e-cf69810dcb0d@group-3B75440A2579-FollowerState] INFO  impl.RoleInfo (RoleInfo.java:updateAndGet(130)) - 6a96ca8f-dca1-45f9-908e-cf69810dcb0d: start 6a96ca8f-dca1-45f9-908e-cf69810dcb0d@group-3B75440A2579-LeaderElection25
2022-03-02 19:15:40,237 [8c53a021-9171-485b-b256-839aa3d3ad02@group-3B75440A2579-FollowerState] INFO  impl.FollowerState (FollowerState.java:run(134)) - 8c53a021-9171-485b-b256-839aa3d3ad02@group-3B75440A2579-FollowerState: change to CANDIDATE, lastRpcElapsedTime:5033165709ns, electionTimeout:5011ms
2022-03-02 19:15:40,237 [8c53a021-9171-485b-b256-839aa3d3ad02@group-3B75440A2579-FollowerState] INFO  impl.RoleInfo (RoleInfo.java:shutdownFollowerState(108)) - 8c53a021-9171-485b-b256-839aa3d3ad02: shutdown 8c53a021-9171-485b-b256-839aa3d3ad02@group-3B75440A2579-FollowerState
2022-03-02 19:15:40,237 [8c53a021-9171-485b-b256-839aa3d3ad02@group-3B75440A2579-FollowerState] INFO  server.RaftServer$Division (RaftServerImpl.java:setRole(290)) - 8c53a021-9171-485b-b256-839aa3d3ad02@group-3B75440A2579: changes role from  FOLLOWER to CANDIDATE at term 2 for changeToCandidate
2022-03-02 19:15:40,238 [8c53a021-9171-485b-b256-839aa3d3ad02@group-3B75440A2579-FollowerState] INFO  server.RaftServerConfigKeys (ConfUtils.java:logGet(44)) - raft.server.leaderelection.pre-vote = false (custom)
2022-03-02 19:15:40,238 [8c53a021-9171-485b-b256-839aa3d3ad02@group-3B75440A2579-FollowerState] INFO  impl.RoleInfo (RoleInfo.java:updateAndGet(130)) - 8c53a021-9171-485b-b256-839aa3d3ad02: start 8c53a021-9171-485b-b256-839aa3d3ad02@group-3B75440A2579-LeaderElection26
2022-03-02 19:15:40,245 [6a96ca8f-dca1-45f9-908e-cf69810dcb0d@group-3B75440A2579-LeaderElection25] INFO  impl.LeaderElection (LeaderElection.java:askForVotes(306)) - 6a96ca8f-dca1-45f9-908e-cf69810dcb0d@group-3B75440A2579-LeaderElection25 ELECTION round 0: submit vote requests at term 3 for -1: [6a96ca8f-dca1-45f9-908e-cf69810dcb0d|rpc:127.0.0.1:38231|dataStream:|priority:0, 730712bf-dc51-4bd6-9c9f-e27f92c302bd|rpc:127.0.0.1:43177|dataStream:|priority:0, 8c53a021-9171-485b-b256-839aa3d3ad02|rpc:127.0.0.1:41201|dataStream:|priority:1], old=null
2022-03-02 19:15:40,270 [grpc-default-executor-4] INFO  server.RaftServer$Division (RaftServerImpl.java:requestVote(1046)) - 730712bf-dc51-4bd6-9c9f-e27f92c302bd@group-3B75440A2579: receive requestVote(ELECTION, 6a96ca8f-dca1-45f9-908e-cf69810dcb0d, group-3B75440A2579, 3, (t:0, i:0))
2022-03-02 19:15:40,271 [grpc-default-executor-4] INFO  impl.VoteContext (VoteContext.java:log(48)) - 730712bf-dc51-4bd6-9c9f-e27f92c302bd@group-3B75440A2579-FOLLOWER: accept ELECTION from 6a96ca8f-dca1-45f9-908e-cf69810dcb0d: our priority 0 <= candidate's priority 0
2022-03-02 19:15:40,271 [grpc-default-executor-4] INFO  server.RaftServer$Division (RaftServerImpl.java:setRole(290)) - 730712bf-dc51-4bd6-9c9f-e27f92c302bd@group-3B75440A2579: changes role from  FOLLOWER to FOLLOWER at term 3 for candidate:6a96ca8f-dca1-45f9-908e-cf69810dcb0d
2022-03-02 19:15:40,271 [grpc-default-executor-4] INFO  impl.RoleInfo (RoleInfo.java:shutdownFollowerState(108)) - 730712bf-dc51-4bd6-9c9f-e27f92c302bd: shutdown 730712bf-dc51-4bd6-9c9f-e27f92c302bd@group-3B75440A2579-FollowerState
2022-03-02 19:15:40,271 [grpc-default-executor-4] INFO  impl.RoleInfo (RoleInfo.java:updateAndGet(130)) - 730712bf-dc51-4bd6-9c9f-e27f92c302bd: start 730712bf-dc51-4bd6-9c9f-e27f92c302bd@group-3B75440A2579-FollowerState
2022-03-02 19:15:40,271 [730712bf-dc51-4bd6-9c9f-e27f92c302bd@group-3B75440A2579-FollowerState] INFO  impl.FollowerState (FollowerState.java:run(143)) - 730712bf-dc51-4bd6-9c9f-e27f92c302bd@group-3B75440A2579-FollowerState was interrupted: {}
java.lang.InterruptedException: sleep interrupted
	at java.lang.Thread.sleep(Native Method)
	at java.lang.Thread.sleep(Thread.java:342)
	at java.util.concurrent.TimeUnit.sleep(TimeUnit.java:386)
	at org.apache.ratis.util.TimeDuration.sleep(TimeDuration.java:324)
	at org.apache.ratis.util.TimeDuration.sleep(TimeDuration.java:309)
	at org.apache.ratis.server.impl.FollowerState.run(FollowerState.java:118)
2022-03-02 19:15:40,286 [8c53a021-9171-485b-b256-839aa3d3ad02@group-3B75440A2579-LeaderElection26] INFO  impl.LeaderElection (LeaderElection.java:askForVotes(306)) - 8c53a021-9171-485b-b256-839aa3d3ad02@group-3B75440A2579-LeaderElection26 ELECTION round 0: submit vote requests at term 3 for -1: [6a96ca8f-dca1-45f9-908e-cf69810dcb0d|rpc:127.0.0.1:38231|dataStream:|priority:0, 730712bf-dc51-4bd6-9c9f-e27f92c302bd|rpc:127.0.0.1:43177|dataStream:|priority:0, 8c53a021-9171-485b-b256-839aa3d3ad02|rpc:127.0.0.1:41201|dataStream:|priority:1], old=null
2022-03-02 19:15:40,287 [grpc-default-executor-4] INFO  server.RaftServer$Division (RaftServerImpl.java:requestVote(1078)) - 730712bf-dc51-4bd6-9c9f-e27f92c302bd@group-3B75440A2579 replies to ELECTION vote request: 6a96ca8f-dca1-45f9-908e-cf69810dcb0d<-730712bf-dc51-4bd6-9c9f-e27f92c302bd#0:OK-t3. Peer's state: 730712bf-dc51-4bd6-9c9f-e27f92c302bd@group-3B75440A2579:t3, leader=null, voted=6a96ca8f-dca1-45f9-908e-cf69810dcb0d, raftlog=730712bf-dc51-4bd6-9c9f-e27f92c302bd@group-3B75440A2579-SegmentedRaftLog:OPENED:c-1, conf=-1: [6a96ca8f-dca1-45f9-908e-cf69810dcb0d|rpc:127.0.0.1:38231|priority:0, 730712bf-dc51-4bd6-9c9f-e27f92c302bd|rpc:127.0.0.1:43177|priority:0, 8c53a021-9171-485b-b256-839aa3d3ad02|rpc:127.0.0.1:41201|priority:1], old=null
2022-03-02 19:15:40,300 [grpc-default-executor-4] INFO  server.RaftServer$Division (RaftServerImpl.java:requestVote(1046)) - 6a96ca8f-dca1-45f9-908e-cf69810dcb0d@group-3B75440A2579: receive requestVote(ELECTION, 8c53a021-9171-485b-b256-839aa3d3ad02, group-3B75440A2579, 3, (t:0, i:0))
2022-03-02 19:15:40,300 [grpc-default-executor-4] INFO  impl.VoteContext (VoteContext.java:log(48)) - 6a96ca8f-dca1-45f9-908e-cf69810dcb0d@group-3B75440A2579-CANDIDATE: reject ELECTION from 8c53a021-9171-485b-b256-839aa3d3ad02: already has voted for 6a96ca8f-dca1-45f9-908e-cf69810dcb0d at current term 3
2022-03-02 19:15:40,300 [grpc-default-executor-4] INFO  server.RaftServer$Division (RaftServerImpl.java:requestVote(1078)) - 6a96ca8f-dca1-45f9-908e-cf69810dcb0d@group-3B75440A2579 replies to ELECTION vote request: 8c53a021-9171-485b-b256-839aa3d3ad02<-6a96ca8f-dca1-45f9-908e-cf69810dcb0d#0:FAIL-t3. Peer's state: 6a96ca8f-dca1-45f9-908e-cf69810dcb0d@group-3B75440A2579:t3, leader=null, voted=6a96ca8f-dca1-45f9-908e-cf69810dcb0d, raftlog=6a96ca8f-dca1-45f9-908e-cf69810dcb0d@group-3B75440A2579-SegmentedRaftLog:OPENED:c-1, conf=-1: [6a96ca8f-dca1-45f9-908e-cf69810dcb0d|rpc:127.0.0.1:38231|dataStream:|priority:0, 730712bf-dc51-4bd6-9c9f-e27f92c302bd|rpc:127.0.0.1:43177|dataStream:|priority:0, 8c53a021-9171-485b-b256-839aa3d3ad02|rpc:127.0.0.1:41201|dataStream:|priority:1], old=null
2022-03-02 19:15:40,311 [grpc-default-executor-5] INFO  server.RaftServer$Division (RaftServerImpl.java:requestVote(1046)) - 8c53a021-9171-485b-b256-839aa3d3ad02@group-3B75440A2579: receive requestVote(ELECTION, 6a96ca8f-dca1-45f9-908e-cf69810dcb0d, group-3B75440A2579, 3, (t:0, i:0))
2022-03-02 19:15:40,311 [grpc-default-executor-5] INFO  impl.VoteContext (VoteContext.java:log(48)) - 8c53a021-9171-485b-b256-839aa3d3ad02@group-3B75440A2579-CANDIDATE: reject ELECTION from 6a96ca8f-dca1-45f9-908e-cf69810dcb0d: already has voted for 8c53a021-9171-485b-b256-839aa3d3ad02 at current term 3
2022-03-02 19:15:40,311 [grpc-default-executor-5] INFO  server.RaftServer$Division (RaftServerImpl.java:requestVote(1078)) - 8c53a021-9171-485b-b256-839aa3d3ad02@group-3B75440A2579 replies to ELECTION vote request: 6a96ca8f-dca1-45f9-908e-cf69810dcb0d<-8c53a021-9171-485b-b256-839aa3d3ad02#0:FAIL-t3. Peer's state: 8c53a021-9171-485b-b256-839aa3d3ad02@group-3B75440A2579:t3, leader=null, voted=8c53a021-9171-485b-b256-839aa3d3ad02, raftlog=8c53a021-9171-485b-b256-839aa3d3ad02@group-3B75440A2579-SegmentedRaftLog:OPENED:c-1, conf=-1: [6a96ca8f-dca1-45f9-908e-cf69810dcb0d|rpc:127.0.0.1:38231|dataStream:|priority:0, 730712bf-dc51-4bd6-9c9f-e27f92c302bd|rpc:127.0.0.1:43177|dataStream:|priority:0, 8c53a021-9171-485b-b256-839aa3d3ad02|rpc:127.0.0.1:41201|dataStream:|priority:1], old=null
2022-03-02 19:15:40,311 [grpc-default-executor-4] INFO  server.RaftServer$Division (RaftServerImpl.java:requestVote(1046)) - 730712bf-dc51-4bd6-9c9f-e27f92c302bd@group-3B75440A2579: receive requestVote(ELECTION, 8c53a021-9171-485b-b256-839aa3d3ad02, group-3B75440A2579, 3, (t:0, i:0))
2022-03-02 19:15:40,311 [grpc-default-executor-4] INFO  impl.VoteContext (VoteContext.java:log(48)) - 730712bf-dc51-4bd6-9c9f-e27f92c302bd@group-3B75440A2579-FOLLOWER: reject ELECTION from 8c53a021-9171-485b-b256-839aa3d3ad02: already has voted for 6a96ca8f-dca1-45f9-908e-cf69810dcb0d at current term 3
2022-03-02 19:15:40,311 [grpc-default-executor-4] INFO  server.RaftServer$Division (RaftServerImpl.java:requestVote(1078)) - 730712bf-dc51-4bd6-9c9f-e27f92c302bd@group-3B75440A2579 replies to ELECTION vote request: 8c53a021-9171-485b-b256-839aa3d3ad02<-730712bf-dc51-4bd6-9c9f-e27f92c302bd#0:FAIL-t3. Peer's state: 730712bf-dc51-4bd6-9c9f-e27f92c302bd@group-3B75440A2579:t3, leader=null, voted=6a96ca8f-dca1-45f9-908e-cf69810dcb0d, raftlog=730712bf-dc51-4bd6-9c9f-e27f92c302bd@group-3B75440A2579-SegmentedRaftLog:OPENED:c-1, conf=-1: [6a96ca8f-dca1-45f9-908e-cf69810dcb0d|rpc:127.0.0.1:38231|priority:0, 730712bf-dc51-4bd6-9c9f-e27f92c302bd|rpc:127.0.0.1:43177|priority:0, 8c53a021-9171-485b-b256-839aa3d3ad02|rpc:127.0.0.1:41201|priority:1], old=null
2022-03-02 19:15:40,313 [8c53a021-9171-485b-b256-839aa3d3ad02@group-3B75440A2579-LeaderElection26] INFO  impl.LeaderElection (LeaderElection.java:logAndReturn(89)) - 8c53a021-9171-485b-b256-839aa3d3ad02@group-3B75440A2579-LeaderElection26: ELECTION REJECTED received 2 response(s) and 0 exception(s):
2022-03-02 19:15:40,313 [8c53a021-9171-485b-b256-839aa3d3ad02@group-3B75440A2579-LeaderElection26] INFO  impl.LeaderElection (LeaderElection.java:logAndReturn(93)) -   Response 0: 8c53a021-9171-485b-b256-839aa3d3ad02<-6a96ca8f-dca1-45f9-908e-cf69810dcb0d#0:FAIL-t3
2022-03-02 19:15:40,313 [8c53a021-9171-485b-b256-839aa3d3ad02@group-3B75440A2579-LeaderElection26] INFO  impl.LeaderElection (LeaderElection.java:logAndReturn(93)) -   Response 1: 8c53a021-9171-485b-b256-839aa3d3ad02<-730712bf-dc51-4bd6-9c9f-e27f92c302bd#0:FAIL-t3
2022-03-02 19:15:40,313 [8c53a021-9171-485b-b256-839aa3d3ad02@group-3B75440A2579-LeaderElection26] INFO  impl.LeaderElection (LeaderElection.java:askForVotes(308)) - 8c53a021-9171-485b-b256-839aa3d3ad02@group-3B75440A2579-LeaderElection26 ELECTION round 0: result REJECTED
2022-03-02 19:15:40,313 [8c53a021-9171-485b-b256-839aa3d3ad02@group-3B75440A2579-LeaderElection26] INFO  server.RaftServer$Division (RaftServerImpl.java:setRole(290)) - 8c53a021-9171-485b-b256-839aa3d3ad02@group-3B75440A2579: changes role from CANDIDATE to FOLLOWER at term 3 for REJECTED
2022-03-02 19:15:40,313 [8c53a021-9171-485b-b256-839aa3d3ad02@group-3B75440A2579-LeaderElection26] INFO  impl.RoleInfo (RoleInfo.java:shutdownLeaderElection(121)) - 8c53a021-9171-485b-b256-839aa3d3ad02: shutdown 8c53a021-9171-485b-b256-839aa3d3ad02@group-3B75440A2579-LeaderElection26
2022-03-02 19:15:40,313 [8c53a021-9171-485b-b256-839aa3d3ad02@group-3B75440A2579-LeaderElection26] INFO  impl.RoleInfo (RoleInfo.java:updateAndGet(130)) - 8c53a021-9171-485b-b256-839aa3d3ad02: start 8c53a021-9171-485b-b256-839aa3d3ad02@group-3B75440A2579-FollowerState
2022-03-02 19:15:40,327 [6a96ca8f-dca1-45f9-908e-cf69810dcb0d@group-3B75440A2579-LeaderElection25] INFO  impl.LeaderElection (LeaderElection.java:logAndReturn(89)) - 6a96ca8f-dca1-45f9-908e-cf69810dcb0d@group-3B75440A2579-LeaderElection25: ELECTION REJECTED received 2 response(s) and 0 exception(s):
2022-03-02 19:15:40,327 [6a96ca8f-dca1-45f9-908e-cf69810dcb0d@group-3B75440A2579-LeaderElection25] INFO  impl.LeaderElection (LeaderElection.java:logAndReturn(93)) -   Response 0: 6a96ca8f-dca1-45f9-908e-cf69810dcb0d<-730712bf-dc51-4bd6-9c9f-e27f92c302bd#0:OK-t3
2022-03-02 19:15:40,327 [6a96ca8f-dca1-45f9-908e-cf69810dcb0d@group-3B75440A2579-LeaderElection25] INFO  impl.LeaderElection (LeaderElection.java:logAndReturn(93)) -   Response 1: 6a96ca8f-dca1-45f9-908e-cf69810dcb0d<-8c53a021-9171-485b-b256-839aa3d3ad02#0:FAIL-t3
2022-03-02 19:15:40,327 [6a96ca8f-dca1-45f9-908e-cf69810dcb0d@group-3B75440A2579-LeaderElection25] INFO  impl.LeaderElection (LeaderElection.java:askForVotes(308)) - 6a96ca8f-dca1-45f9-908e-cf69810dcb0d@group-3B75440A2579-LeaderElection25 ELECTION round 0: result REJECTED
2022-03-02 19:15:40,327 [6a96ca8f-dca1-45f9-908e-cf69810dcb0d@group-3B75440A2579-LeaderElection25] INFO  server.RaftServer$Division (RaftServerImpl.java:setRole(290)) - 6a96ca8f-dca1-45f9-908e-cf69810dcb0d@group-3B75440A2579: changes role from CANDIDATE to FOLLOWER at term 3 for REJECTED
2022-03-02 19:15:40,327 [6a96ca8f-dca1-45f9-908e-cf69810dcb0d@group-3B75440A2579-LeaderElection25] INFO  impl.RoleInfo (RoleInfo.java:shutdownLeaderElection(121)) - 6a96ca8f-dca1-45f9-908e-cf69810dcb0d: shutdown 6a96ca8f-dca1-45f9-908e-cf69810dcb0d@group-3B75440A2579-LeaderElection25
2022-03-02 19:15:40,327 [6a96ca8f-dca1-45f9-908e-cf69810dcb0d@group-3B75440A2579-LeaderElection25] INFO  impl.RoleInfo (RoleInfo.java:updateAndGet(130)) - 6a96ca8f-dca1-45f9-908e-cf69810dcb0d: start 6a96ca8f-dca1-45f9-908e-cf69810dcb0d@group-3B75440A2579-FollowerState
2022-03-02 19:15:40,829 [EndpointStateMachine task thread for /127.0.0.1:34357 - 0 ] INFO  ipc.Client (Client.java:handleConnectionFailure(977)) - Retrying connect to server: localhost/127.0.0.1:34357. Already tried 4 time(s); retry policy is RetryUpToMaximumCountWithFixedSleep(maxRetries=15, sleepTime=1000 MILLISECONDS)
2022-03-02 19:15:40,881 [EndpointStateMachine task thread for /127.0.0.1:34023 - 0 ] INFO  ipc.Client (Client.java:handleConnectionFailure(977)) - Retrying connect to server: localhost/127.0.0.1:34023. Already tried 3 time(s); retry policy is RetryUpToMaximumCountWithFixedSleep(maxRetries=15, sleepTime=1000 MILLISECONDS)
2022-03-02 19:15:40,887 [EndpointStateMachine task thread for /127.0.0.1:44351 - 0 ] INFO  ipc.Client (Client.java:handleConnectionFailure(977)) - Retrying connect to server: localhost/127.0.0.1:44351. Already tried 3 time(s); retry policy is RetryUpToMaximumCountWithFixedSleep(maxRetries=15, sleepTime=1000 MILLISECONDS)
2022-03-02 19:15:40,892 [EndpointStateMachine task thread for /127.0.0.1:45835 - 0 ] INFO  ipc.Client (Client.java:handleConnectionFailure(977)) - Retrying connect to server: localhost/127.0.0.1:45835. Already tried 3 time(s); retry policy is RetryUpToMaximumCountWithFixedSleep(maxRetries=15, sleepTime=1000 MILLISECONDS)
2022-03-02 19:15:41,170 [EndpointStateMachine task thread for /127.0.0.1:41941 - 0 ] INFO  ipc.Client (Client.java:handleConnectionFailure(977)) - Retrying connect to server: localhost/127.0.0.1:41941. Already tried 4 time(s); retry policy is RetryUpToMaximumCountWithFixedSleep(maxRetries=15, sleepTime=1000 MILLISECONDS)
2022-03-02 19:15:41,172 [EndpointStateMachine task thread for /127.0.0.1:41985 - 0 ] INFO  ipc.Client (Client.java:handleConnectionFailure(977)) - Retrying connect to server: localhost/127.0.0.1:41985. Already tried 4 time(s); retry policy is RetryUpToMaximumCountWithFixedSleep(maxRetries=15, sleepTime=1000 MILLISECONDS)
2022-03-02 19:15:41,830 [EndpointStateMachine task thread for /127.0.0.1:34357 - 0 ] INFO  ipc.Client (Client.java:handleConnectionFailure(977)) - Retrying connect to server: localhost/127.0.0.1:34357. Already tried 5 time(s); retry policy is RetryUpToMaximumCountWithFixedSleep(maxRetries=15, sleepTime=1000 MILLISECONDS)
2022-03-02 19:15:41,882 [EndpointStateMachine task thread for /127.0.0.1:34023 - 0 ] INFO  ipc.Client (Client.java:handleConnectionFailure(977)) - Retrying connect to server: localhost/127.0.0.1:34023. Already tried 4 time(s); retry policy is RetryUpToMaximumCountWithFixedSleep(maxRetries=15, sleepTime=1000 MILLISECONDS)
2022-03-02 19:15:41,888 [EndpointStateMachine task thread for /127.0.0.1:44351 - 0 ] INFO  ipc.Client (Client.java:handleConnectionFailure(977)) - Retrying connect to server: localhost/127.0.0.1:44351. Already tried 4 time(s); retry policy is RetryUpToMaximumCountWithFixedSleep(maxRetries=15, sleepTime=1000 MILLISECONDS)
2022-03-02 19:15:41,892 [EndpointStateMachine task thread for /127.0.0.1:45835 - 0 ] INFO  ipc.Client (Client.java:handleConnectionFailure(977)) - Retrying connect to server: localhost/127.0.0.1:45835. Already tried 4 time(s); retry policy is RetryUpToMaximumCountWithFixedSleep(maxRetries=15, sleepTime=1000 MILLISECONDS)
2022-03-02 19:15:42,171 [EndpointStateMachine task thread for /127.0.0.1:41941 - 0 ] INFO  ipc.Client (Client.java:handleConnectionFailure(977)) - Retrying connect to server: localhost/127.0.0.1:41941. Already tried 5 time(s); retry policy is RetryUpToMaximumCountWithFixedSleep(maxRetries=15, sleepTime=1000 MILLISECONDS)
2022-03-02 19:15:42,173 [EndpointStateMachine task thread for /127.0.0.1:41985 - 0 ] INFO  ipc.Client (Client.java:handleConnectionFailure(977)) - Retrying connect to server: localhost/127.0.0.1:41985. Already tried 5 time(s); retry policy is RetryUpToMaximumCountWithFixedSleep(maxRetries=15, sleepTime=1000 MILLISECONDS)
2022-03-02 19:15:42,831 [EndpointStateMachine task thread for /127.0.0.1:34357 - 0 ] INFO  ipc.Client (Client.java:handleConnectionFailure(977)) - Retrying connect to server: localhost/127.0.0.1:34357. Already tried 6 time(s); retry policy is RetryUpToMaximumCountWithFixedSleep(maxRetries=15, sleepTime=1000 MILLISECONDS)
2022-03-02 19:15:42,882 [EndpointStateMachine task thread for /127.0.0.1:34023 - 0 ] INFO  ipc.Client (Client.java:handleConnectionFailure(977)) - Retrying connect to server: localhost/127.0.0.1:34023. Already tried 5 time(s); retry policy is RetryUpToMaximumCountWithFixedSleep(maxRetries=15, sleepTime=1000 MILLISECONDS)
2022-03-02 19:15:42,888 [EndpointStateMachine task thread for /127.0.0.1:44351 - 0 ] INFO  ipc.Client (Client.java:handleConnectionFailure(977)) - Retrying connect to server: localhost/127.0.0.1:44351. Already tried 5 time(s); retry policy is RetryUpToMaximumCountWithFixedSleep(maxRetries=15, sleepTime=1000 MILLISECONDS)
2022-03-02 19:15:42,893 [EndpointStateMachine task thread for /127.0.0.1:45835 - 0 ] INFO  ipc.Client (Client.java:handleConnectionFailure(977)) - Retrying connect to server: localhost/127.0.0.1:45835. Already tried 5 time(s); retry policy is RetryUpToMaximumCountWithFixedSleep(maxRetries=15, sleepTime=1000 MILLISECONDS)
2022-03-02 19:15:43,007 [ForkJoinPool.commonPool-worker-1] INFO  ozoneimpl.OzoneContainer (OzoneContainer.java:stop(356)) - Attempting to stop container services.
2022-03-02 19:15:43,009 [Listener at 127.0.0.1/37389] INFO  ozoneimpl.OzoneContainer (OzoneContainer.java:stop(356)) - Attempting to stop container services.
2022-03-02 19:15:43,009 [Listener at 127.0.0.1/37389] INFO  server.RaftServer (RaftServerProxy.java:lambda$close$6(391)) - 6a96ca8f-dca1-45f9-908e-cf69810dcb0d: close
2022-03-02 19:15:43,010 [Listener at 127.0.0.1/37389] INFO  server.RaftServer$Division (RaftServerImpl.java:lambda$close$4(412)) - 6a96ca8f-dca1-45f9-908e-cf69810dcb0d@group-3B75440A2579: shutdown
2022-03-02 19:15:43,010 [Listener at 127.0.0.1/37389] INFO  util.JmxRegister (JmxRegister.java:unregister(73)) - Successfully un-registered JMX Bean with object name Ratis:service=RaftServer,group=group-3B75440A2579,id=6a96ca8f-dca1-45f9-908e-cf69810dcb0d
2022-03-02 19:15:43,010 [Listener at 127.0.0.1/37389] INFO  impl.RoleInfo (RoleInfo.java:shutdownFollowerState(108)) - 6a96ca8f-dca1-45f9-908e-cf69810dcb0d: shutdown 6a96ca8f-dca1-45f9-908e-cf69810dcb0d@group-3B75440A2579-FollowerState
2022-03-02 19:15:43,010 [Listener at 127.0.0.1/37389] INFO  impl.StateMachineUpdater (StateMachineUpdater.java:stopAndJoin(149)) - 6a96ca8f-dca1-45f9-908e-cf69810dcb0d@group-3B75440A2579-StateMachineUpdater: set stopIndex = -1
2022-03-02 19:15:43,010 [6a96ca8f-dca1-45f9-908e-cf69810dcb0d@group-3B75440A2579-FollowerState] INFO  impl.FollowerState (FollowerState.java:run(143)) - 6a96ca8f-dca1-45f9-908e-cf69810dcb0d@group-3B75440A2579-FollowerState was interrupted: {}
java.lang.InterruptedException: sleep interrupted
	at java.lang.Thread.sleep(Native Method)
	at java.lang.Thread.sleep(Thread.java:342)
	at java.util.concurrent.TimeUnit.sleep(TimeUnit.java:386)
	at org.apache.ratis.util.TimeDuration.sleep(TimeDuration.java:324)
	at org.apache.ratis.util.TimeDuration.sleep(TimeDuration.java:309)
	at org.apache.ratis.server.impl.FollowerState.run(FollowerState.java:118)
2022-03-02 19:15:43,013 [ForkJoinPool.commonPool-worker-1] INFO  server.RaftServer (RaftServerProxy.java:lambda$close$6(391)) - 730712bf-dc51-4bd6-9c9f-e27f92c302bd: close
2022-03-02 19:15:43,013 [ForkJoinPool.commonPool-worker-1] INFO  server.RaftServer$Division (RaftServerImpl.java:lambda$close$4(412)) - 730712bf-dc51-4bd6-9c9f-e27f92c302bd@group-3B75440A2579: shutdown
2022-03-02 19:15:43,013 [ForkJoinPool.commonPool-worker-1] INFO  util.JmxRegister (JmxRegister.java:unregister(73)) - Successfully un-registered JMX Bean with object name Ratis:service=RaftServer,group=group-3B75440A2579,id=730712bf-dc51-4bd6-9c9f-e27f92c302bd
2022-03-02 19:15:43,013 [ForkJoinPool.commonPool-worker-1] INFO  impl.RoleInfo (RoleInfo.java:shutdownFollowerState(108)) - 730712bf-dc51-4bd6-9c9f-e27f92c302bd: shutdown 730712bf-dc51-4bd6-9c9f-e27f92c302bd@group-3B75440A2579-FollowerState
2022-03-02 19:15:43,013 [ForkJoinPool.commonPool-worker-1] INFO  impl.StateMachineUpdater (StateMachineUpdater.java:stopAndJoin(149)) - 730712bf-dc51-4bd6-9c9f-e27f92c302bd@group-3B75440A2579-StateMachineUpdater: set stopIndex = -1
2022-03-02 19:15:43,013 [ForkJoinPool.commonPool-worker-1] INFO  server.RaftServer$Division (ServerState.java:close(419)) - 730712bf-dc51-4bd6-9c9f-e27f92c302bd@group-3B75440A2579: closes. applyIndex: -1
2022-03-02 19:15:43,013 [Listener at 127.0.0.1/37389] INFO  server.RaftServer$Division (ServerState.java:close(419)) - 6a96ca8f-dca1-45f9-908e-cf69810dcb0d@group-3B75440A2579: closes. applyIndex: -1
2022-03-02 19:15:43,014 [730712bf-dc51-4bd6-9c9f-e27f92c302bd@group-3B75440A2579-SegmentedRaftLogWorker] INFO  segmented.SegmentedRaftLogWorker (SegmentedRaftLogWorker.java:run(327)) - 730712bf-dc51-4bd6-9c9f-e27f92c302bd@group-3B75440A2579-SegmentedRaftLogWorker was interrupted, exiting. There are 0 tasks remaining in the queue.
2022-03-02 19:15:43,014 [6a96ca8f-dca1-45f9-908e-cf69810dcb0d@group-3B75440A2579-SegmentedRaftLogWorker] INFO  segmented.SegmentedRaftLogWorker (SegmentedRaftLogWorker.java:run(327)) - 6a96ca8f-dca1-45f9-908e-cf69810dcb0d@group-3B75440A2579-SegmentedRaftLogWorker was interrupted, exiting. There are 0 tasks remaining in the queue.
2022-03-02 19:15:43,014 [Listener at 127.0.0.1/37389] INFO  segmented.SegmentedRaftLogWorker (SegmentedRaftLogWorker.java:close(237)) - 6a96ca8f-dca1-45f9-908e-cf69810dcb0d@group-3B75440A2579-SegmentedRaftLogWorker close()
2022-03-02 19:15:43,014 [ForkJoinPool.commonPool-worker-1] INFO  segmented.SegmentedRaftLogWorker (SegmentedRaftLogWorker.java:close(237)) - 730712bf-dc51-4bd6-9c9f-e27f92c302bd@group-3B75440A2579-SegmentedRaftLogWorker close()
2022-03-02 19:15:43,015 [730712bf-dc51-4bd6-9c9f-e27f92c302bd@group-3B75440A2579-FollowerState] INFO  impl.FollowerState (FollowerState.java:run(143)) - 730712bf-dc51-4bd6-9c9f-e27f92c302bd@group-3B75440A2579-FollowerState was interrupted: {}
java.lang.InterruptedException: sleep interrupted
	at java.lang.Thread.sleep(Native Method)
	at java.lang.Thread.sleep(Thread.java:342)
	at java.util.concurrent.TimeUnit.sleep(TimeUnit.java:386)
	at org.apache.ratis.util.TimeDuration.sleep(TimeDuration.java:324)
	at org.apache.ratis.util.TimeDuration.sleep(TimeDuration.java:309)
	at org.apache.ratis.server.impl.FollowerState.run(FollowerState.java:118)
2022-03-02 19:15:43,015 [Listener at 127.0.0.1/37389] INFO  server.RaftServer$Division (RaftServerImpl.java:lambda$close$4(412)) - 6a96ca8f-dca1-45f9-908e-cf69810dcb0d@group-70DC78C75E08: shutdown
2022-03-02 19:15:43,027 [ForkJoinPool.commonPool-worker-1] INFO  server.RaftServer$Division (RaftServerImpl.java:lambda$close$4(412)) - 730712bf-dc51-4bd6-9c9f-e27f92c302bd@group-07251DCED2C8: shutdown
2022-03-02 19:15:43,029 [ForkJoinPool.commonPool-worker-1] INFO  util.JmxRegister (JmxRegister.java:unregister(73)) - Successfully un-registered JMX Bean with object name Ratis:service=RaftServer,group=group-07251DCED2C8,id=730712bf-dc51-4bd6-9c9f-e27f92c302bd
2022-03-02 19:15:43,029 [ForkJoinPool.commonPool-worker-1] INFO  impl.RoleInfo (RoleInfo.java:shutdownLeaderState(91)) - 730712bf-dc51-4bd6-9c9f-e27f92c302bd: shutdown 730712bf-dc51-4bd6-9c9f-e27f92c302bd@group-07251DCED2C8-LeaderStateImpl
2022-03-02 19:15:43,029 [ForkJoinPool.commonPool-worker-1] INFO  impl.PendingRequests (PendingRequests.java:sendNotLeaderResponses(282)) - 730712bf-dc51-4bd6-9c9f-e27f92c302bd@group-07251DCED2C8-PendingRequests: sendNotLeaderResponses
2022-03-02 19:15:43,030 [ForkJoinPool.commonPool-worker-1] INFO  impl.StateMachineUpdater (StateMachineUpdater.java:stopAndJoin(149)) - 730712bf-dc51-4bd6-9c9f-e27f92c302bd@group-07251DCED2C8-StateMachineUpdater: set stopIndex = 0
2022-03-02 19:15:43,030 [730712bf-dc51-4bd6-9c9f-e27f92c302bd@group-07251DCED2C8-StateMachineUpdater] INFO  ratis.ContainerStateMachine (ContainerStateMachine.java:takeSnapshot(304)) - group-07251DCED2C8: Taking a snapshot at:(t:1, i:0) file /home/runner/work/ozone/ozone/hadoop-ozone/integration-test/target/test-dir/MiniOzoneClusterImpl-403ad05d-12dd-4695-ad1e-d5eafc849fbc/datanode-0/data/ratis/72970e59-4cd8-45f1-9d27-07251dced2c8/sm/snapshot.1_0
2022-03-02 19:15:43,029 [Listener at 127.0.0.1/37389] INFO  util.JmxRegister (JmxRegister.java:unregister(73)) - Successfully un-registered JMX Bean with object name Ratis:service=RaftServer,group=group-70DC78C75E08,id=6a96ca8f-dca1-45f9-908e-cf69810dcb0d
2022-03-02 19:15:43,031 [Listener at 127.0.0.1/37389] INFO  impl.RoleInfo (RoleInfo.java:shutdownFollowerState(108)) - 6a96ca8f-dca1-45f9-908e-cf69810dcb0d: shutdown 6a96ca8f-dca1-45f9-908e-cf69810dcb0d@group-70DC78C75E08-FollowerState
2022-03-02 19:15:43,031 [Listener at 127.0.0.1/37389] INFO  impl.StateMachineUpdater (StateMachineUpdater.java:stopAndJoin(149)) - 6a96ca8f-dca1-45f9-908e-cf69810dcb0d@group-70DC78C75E08-StateMachineUpdater: set stopIndex = 0
2022-03-02 19:15:43,031 [6a96ca8f-dca1-45f9-908e-cf69810dcb0d@group-70DC78C75E08-FollowerState] INFO  impl.FollowerState (FollowerState.java:run(143)) - 6a96ca8f-dca1-45f9-908e-cf69810dcb0d@group-70DC78C75E08-FollowerState was interrupted: {}
java.lang.InterruptedException: sleep interrupted
	at java.lang.Thread.sleep(Native Method)
	at java.lang.Thread.sleep(Thread.java:342)
	at java.util.concurrent.TimeUnit.sleep(TimeUnit.java:386)
	at org.apache.ratis.util.TimeDuration.sleep(TimeDuration.java:324)
	at org.apache.ratis.util.TimeDuration.sleep(TimeDuration.java:309)
	at org.apache.ratis.server.impl.FollowerState.run(FollowerState.java:118)
2022-03-02 19:15:43,031 [6a96ca8f-dca1-45f9-908e-cf69810dcb0d@group-70DC78C75E08-StateMachineUpdater] INFO  ratis.ContainerStateMachine (ContainerStateMachine.java:takeSnapshot(304)) - group-70DC78C75E08: Taking a snapshot at:(t:1, i:0) file /home/runner/work/ozone/ozone/hadoop-ozone/integration-test/target/test-dir/MiniOzoneClusterImpl-403ad05d-12dd-4695-ad1e-d5eafc849fbc/datanode-1/data/ratis/a887aa1b-d7f9-49e5-8fba-70dc78c75e08/sm/snapshot.1_0
2022-03-02 19:15:43,031 [730712bf-dc51-4bd6-9c9f-e27f92c302bd@group-07251DCED2C8-StateMachineUpdater] INFO  ratis.ContainerStateMachine (ContainerStateMachine.java:takeSnapshot(315)) - group-07251DCED2C8: Finished taking a snapshot at:(t:1, i:0) file:/home/runner/work/ozone/ozone/hadoop-ozone/integration-test/target/test-dir/MiniOzoneClusterImpl-403ad05d-12dd-4695-ad1e-d5eafc849fbc/datanode-0/data/ratis/72970e59-4cd8-45f1-9d27-07251dced2c8/sm/snapshot.1_0 took: 1 ms
2022-03-02 19:15:43,032 [730712bf-dc51-4bd6-9c9f-e27f92c302bd@group-07251DCED2C8-StateMachineUpdater] INFO  impl.StateMachineUpdater (StateMachineUpdater.java:takeSnapshot(281)) - 730712bf-dc51-4bd6-9c9f-e27f92c302bd@group-07251DCED2C8-StateMachineUpdater: Took a snapshot at index 0
2022-03-02 19:15:43,032 [730712bf-dc51-4bd6-9c9f-e27f92c302bd@group-07251DCED2C8-StateMachineUpdater] INFO  impl.StateMachineUpdater (StateMachineUpdater.java:lambda$new$0(89)) - 730712bf-dc51-4bd6-9c9f-e27f92c302bd@group-07251DCED2C8-StateMachineUpdater: snapshotIndex: updateIncreasingly -1 -> 0
2022-03-02 19:15:43,032 [ForkJoinPool.commonPool-worker-1] INFO  server.RaftServer$Division (ServerState.java:close(419)) - 730712bf-dc51-4bd6-9c9f-e27f92c302bd@group-07251DCED2C8: closes. applyIndex: 0
2022-03-02 19:15:43,032 [730712bf-dc51-4bd6-9c9f-e27f92c302bd@group-07251DCED2C8-SegmentedRaftLogWorker] INFO  segmented.SegmentedRaftLogWorker (SegmentedRaftLogWorker.java:run(327)) - 730712bf-dc51-4bd6-9c9f-e27f92c302bd@group-07251DCED2C8-SegmentedRaftLogWorker was interrupted, exiting. There are 0 tasks remaining in the queue.
2022-03-02 19:15:43,032 [6a96ca8f-dca1-45f9-908e-cf69810dcb0d@group-70DC78C75E08-StateMachineUpdater] INFO  ratis.ContainerStateMachine (ContainerStateMachine.java:takeSnapshot(315)) - group-70DC78C75E08: Finished taking a snapshot at:(t:1, i:0) file:/home/runner/work/ozone/ozone/hadoop-ozone/integration-test/target/test-dir/MiniOzoneClusterImpl-403ad05d-12dd-4695-ad1e-d5eafc849fbc/datanode-1/data/ratis/a887aa1b-d7f9-49e5-8fba-70dc78c75e08/sm/snapshot.1_0 took: 1 ms
2022-03-02 19:15:43,033 [6a96ca8f-dca1-45f9-908e-cf69810dcb0d@group-70DC78C75E08-StateMachineUpdater] INFO  impl.StateMachineUpdater (StateMachineUpdater.java:takeSnapshot(281)) - 6a96ca8f-dca1-45f9-908e-cf69810dcb0d@group-70DC78C75E08-StateMachineUpdater: Took a snapshot at index 0
2022-03-02 19:15:43,033 [6a96ca8f-dca1-45f9-908e-cf69810dcb0d@group-70DC78C75E08-StateMachineUpdater] INFO  impl.StateMachineUpdater (StateMachineUpdater.java:lambda$new$0(89)) - 6a96ca8f-dca1-45f9-908e-cf69810dcb0d@group-70DC78C75E08-StateMachineUpdater: snapshotIndex: updateIncreasingly -1 -> 0
2022-03-02 19:15:43,033 [Listener at 127.0.0.1/37389] INFO  server.RaftServer$Division (ServerState.java:close(419)) - 6a96ca8f-dca1-45f9-908e-cf69810dcb0d@group-70DC78C75E08: closes. applyIndex: 0
2022-03-02 19:15:43,033 [6a96ca8f-dca1-45f9-908e-cf69810dcb0d@group-70DC78C75E08-SegmentedRaftLogWorker] INFO  segmented.SegmentedRaftLogWorker (SegmentedRaftLogWorker.java:run(327)) - 6a96ca8f-dca1-45f9-908e-cf69810dcb0d@group-70DC78C75E08-SegmentedRaftLogWorker was interrupted, exiting. There are 0 tasks remaining in the queue.
2022-03-02 19:15:43,034 [ForkJoinPool.commonPool-worker-1] INFO  segmented.SegmentedRaftLogWorker (SegmentedRaftLogWorker.java:close(237)) - 730712bf-dc51-4bd6-9c9f-e27f92c302bd@group-07251DCED2C8-SegmentedRaftLogWorker close()
2022-03-02 19:15:43,038 [Listener at 127.0.0.1/37389] INFO  segmented.SegmentedRaftLogWorker (SegmentedRaftLogWorker.java:close(237)) - 6a96ca8f-dca1-45f9-908e-cf69810dcb0d@group-70DC78C75E08-SegmentedRaftLogWorker close()
2022-03-02 19:15:43,038 [ForkJoinPool.commonPool-worker-1] INFO  server.RaftServer$Division (RaftServerImpl.java:lambda$close$4(412)) - 730712bf-dc51-4bd6-9c9f-e27f92c302bd@group-70DC78C75E08: shutdown
2022-03-02 19:15:43,039 [ForkJoinPool.commonPool-worker-1] INFO  util.JmxRegister (JmxRegister.java:unregister(73)) - Successfully un-registered JMX Bean with object name Ratis:service=RaftServer,group=group-70DC78C75E08,id=730712bf-dc51-4bd6-9c9f-e27f92c302bd
2022-03-02 19:15:43,039 [ForkJoinPool.commonPool-worker-1] INFO  impl.RoleInfo (RoleInfo.java:shutdownLeaderState(91)) - 730712bf-dc51-4bd6-9c9f-e27f92c302bd: shutdown 730712bf-dc51-4bd6-9c9f-e27f92c302bd@group-70DC78C75E08-LeaderStateImpl
2022-03-02 19:15:43,039 [ForkJoinPool.commonPool-worker-1] INFO  impl.PendingRequests (PendingRequests.java:sendNotLeaderResponses(282)) - 730712bf-dc51-4bd6-9c9f-e27f92c302bd@group-70DC78C75E08-PendingRequests: sendNotLeaderResponses
2022-03-02 19:15:43,039 [730712bf-dc51-4bd6-9c9f-e27f92c302bd@group-70DC78C75E08->8c53a021-9171-485b-b256-839aa3d3ad02-GrpcLogAppender-LogAppenderDaemon] WARN  server.GrpcLogAppender (GrpcLogAppender.java:mayWait(177)) - 730712bf-dc51-4bd6-9c9f-e27f92c302bd@group-70DC78C75E08->8c53a021-9171-485b-b256-839aa3d3ad02-GrpcLogAppender: Wait interrupted by java.lang.InterruptedException
2022-03-02 19:15:43,039 [730712bf-dc51-4bd6-9c9f-e27f92c302bd@group-70DC78C75E08->6a96ca8f-dca1-45f9-908e-cf69810dcb0d-GrpcLogAppender-LogAppenderDaemon] WARN  server.GrpcLogAppender (GrpcLogAppender.java:mayWait(177)) - 730712bf-dc51-4bd6-9c9f-e27f92c302bd@group-70DC78C75E08->6a96ca8f-dca1-45f9-908e-cf69810dcb0d-GrpcLogAppender: Wait interrupted by java.lang.InterruptedException
2022-03-02 19:15:43,040 [ForkJoinPool.commonPool-worker-1] INFO  impl.StateMachineUpdater (StateMachineUpdater.java:stopAndJoin(149)) - 730712bf-dc51-4bd6-9c9f-e27f92c302bd@group-70DC78C75E08-StateMachineUpdater: set stopIndex = 0
2022-03-02 19:15:43,041 [730712bf-dc51-4bd6-9c9f-e27f92c302bd@group-70DC78C75E08-StateMachineUpdater] INFO  ratis.ContainerStateMachine (ContainerStateMachine.java:takeSnapshot(304)) - group-70DC78C75E08: Taking a snapshot at:(t:1, i:0) file /home/runner/work/ozone/ozone/hadoop-ozone/integration-test/target/test-dir/MiniOzoneClusterImpl-403ad05d-12dd-4695-ad1e-d5eafc849fbc/datanode-0/data/ratis/a887aa1b-d7f9-49e5-8fba-70dc78c75e08/sm/snapshot.1_0
2022-03-02 19:15:43,041 [grpc-default-executor-5] INFO  server.GrpcServerProtocolService (GrpcServerProtocolService.java:onCompleted(140)) - 8c53a021-9171-485b-b256-839aa3d3ad02: Completed APPEND_ENTRIES, lastRequest: 730712bf-dc51-4bd6-9c9f-e27f92c302bd->8c53a021-9171-485b-b256-839aa3d3ad02#1-t1,previous=(t:0, i:0),leaderCommit=-1,initializing? true,entries: size=1, first=(t:1, i:0), CONFIGURATIONENTRY
2022-03-02 19:15:43,042 [grpc-default-executor-4] INFO  server.GrpcServerProtocolService (GrpcServerProtocolService.java:onCompleted(140)) - 6a96ca8f-dca1-45f9-908e-cf69810dcb0d: Completed APPEND_ENTRIES, lastRequest: 730712bf-dc51-4bd6-9c9f-e27f92c302bd->6a96ca8f-dca1-45f9-908e-cf69810dcb0d#1-t1,previous=(t:0, i:0),leaderCommit=-1,initializing? true,entries: size=1, first=(t:1, i:0), CONFIGURATIONENTRY
2022-03-02 19:15:43,042 [730712bf-dc51-4bd6-9c9f-e27f92c302bd@group-70DC78C75E08-StateMachineUpdater] INFO  ratis.ContainerStateMachine (ContainerStateMachine.java:takeSnapshot(315)) - group-70DC78C75E08: Finished taking a snapshot at:(t:1, i:0) file:/home/runner/work/ozone/ozone/hadoop-ozone/integration-test/target/test-dir/MiniOzoneClusterImpl-403ad05d-12dd-4695-ad1e-d5eafc849fbc/datanode-0/data/ratis/a887aa1b-d7f9-49e5-8fba-70dc78c75e08/sm/snapshot.1_0 took: 1 ms
2022-03-02 19:15:43,043 [730712bf-dc51-4bd6-9c9f-e27f92c302bd@group-70DC78C75E08-StateMachineUpdater] INFO  impl.StateMachineUpdater (StateMachineUpdater.java:takeSnapshot(281)) - 730712bf-dc51-4bd6-9c9f-e27f92c302bd@group-70DC78C75E08-StateMachineUpdater: Took a snapshot at index 0
2022-03-02 19:15:43,043 [730712bf-dc51-4bd6-9c9f-e27f92c302bd@group-70DC78C75E08-StateMachineUpdater] INFO  impl.StateMachineUpdater (StateMachineUpdater.java:lambda$new$0(89)) - 730712bf-dc51-4bd6-9c9f-e27f92c302bd@group-70DC78C75E08-StateMachineUpdater: snapshotIndex: updateIncreasingly -1 -> 0
2022-03-02 19:15:43,043 [grpc-default-executor-3] INFO  server.GrpcLogAppender (GrpcLogAppender.java:onCompleted(346)) - 730712bf-dc51-4bd6-9c9f-e27f92c302bd@group-70DC78C75E08->6a96ca8f-dca1-45f9-908e-cf69810dcb0d-AppendLogResponseHandler: follower responses appendEntries COMPLETED
2022-03-02 19:15:43,044 [grpc-default-executor-5] INFO  server.GrpcLogAppender (GrpcLogAppender.java:onCompleted(346)) - 730712bf-dc51-4bd6-9c9f-e27f92c302bd@group-70DC78C75E08->8c53a021-9171-485b-b256-839aa3d3ad02-AppendLogResponseHandler: follower responses appendEntries COMPLETED
2022-03-02 19:15:43,044 [grpc-default-executor-3] INFO  leader.FollowerInfo (FollowerInfoImpl.java:lambda$new$0(47)) - 730712bf-dc51-4bd6-9c9f-e27f92c302bd@group-70DC78C75E08->6a96ca8f-dca1-45f9-908e-cf69810dcb0d: nextIndex: updateUnconditionally 1 -> 0
2022-03-02 19:15:43,044 [grpc-default-executor-5] INFO  leader.FollowerInfo (FollowerInfoImpl.java:lambda$new$0(47)) - 730712bf-dc51-4bd6-9c9f-e27f92c302bd@group-70DC78C75E08->8c53a021-9171-485b-b256-839aa3d3ad02: nextIndex: updateUnconditionally 1 -> 0
2022-03-02 19:15:43,044 [ForkJoinPool.commonPool-worker-1] INFO  server.RaftServer$Division (ServerState.java:close(419)) - 730712bf-dc51-4bd6-9c9f-e27f92c302bd@group-70DC78C75E08: closes. applyIndex: 0
2022-03-02 19:15:43,044 [730712bf-dc51-4bd6-9c9f-e27f92c302bd@group-70DC78C75E08-SegmentedRaftLogWorker] INFO  segmented.SegmentedRaftLogWorker (SegmentedRaftLogWorker.java:run(327)) - 730712bf-dc51-4bd6-9c9f-e27f92c302bd@group-70DC78C75E08-SegmentedRaftLogWorker was interrupted, exiting. There are 0 tasks remaining in the queue.
2022-03-02 19:15:43,045 [Listener at 127.0.0.1/37389] INFO  server.RaftServer$Division (RaftServerImpl.java:lambda$close$4(412)) - 6a96ca8f-dca1-45f9-908e-cf69810dcb0d@group-6642639B689A: shutdown
2022-03-02 19:15:43,045 [Listener at 127.0.0.1/37389] INFO  util.JmxRegister (JmxRegister.java:unregister(73)) - Successfully un-registered JMX Bean with object name Ratis:service=RaftServer,group=group-6642639B689A,id=6a96ca8f-dca1-45f9-908e-cf69810dcb0d
2022-03-02 19:15:43,045 [Listener at 127.0.0.1/37389] INFO  impl.RoleInfo (RoleInfo.java:shutdownLeaderState(91)) - 6a96ca8f-dca1-45f9-908e-cf69810dcb0d: shutdown 6a96ca8f-dca1-45f9-908e-cf69810dcb0d@group-6642639B689A-LeaderStateImpl
2022-03-02 19:15:43,045 [Listener at 127.0.0.1/37389] INFO  impl.PendingRequests (PendingRequests.java:sendNotLeaderResponses(282)) - 6a96ca8f-dca1-45f9-908e-cf69810dcb0d@group-6642639B689A-PendingRequests: sendNotLeaderResponses
2022-03-02 19:15:43,047 [ForkJoinPool.commonPool-worker-1] INFO  segmented.SegmentedRaftLogWorker (SegmentedRaftLogWorker.java:close(237)) - 730712bf-dc51-4bd6-9c9f-e27f92c302bd@group-70DC78C75E08-SegmentedRaftLogWorker close()
2022-03-02 19:15:43,047 [ForkJoinPool.commonPool-worker-1] INFO  server.GrpcService (GrpcService.java:closeImpl(262)) - 730712bf-dc51-4bd6-9c9f-e27f92c302bd: shutdown server with port 43177 now
2022-03-02 19:15:43,055 [6a96ca8f-dca1-45f9-908e-cf69810dcb0d@group-6642639B689A-StateMachineUpdater] INFO  ratis.ContainerStateMachine (ContainerStateMachine.java:takeSnapshot(304)) - group-6642639B689A: Taking a snapshot at:(t:1, i:0) file /home/runner/work/ozone/ozone/hadoop-ozone/integration-test/target/test-dir/MiniOzoneClusterImpl-403ad05d-12dd-4695-ad1e-d5eafc849fbc/datanode-1/data/ratis/5e2c3fb1-b4dd-42e9-b875-6642639b689a/sm/snapshot.1_0
2022-03-02 19:15:43,056 [Listener at 127.0.0.1/37389] INFO  impl.StateMachineUpdater (StateMachineUpdater.java:stopAndJoin(149)) - 6a96ca8f-dca1-45f9-908e-cf69810dcb0d@group-6642639B689A-StateMachineUpdater: set stopIndex = 0
2022-03-02 19:15:43,056 [6a96ca8f-dca1-45f9-908e-cf69810dcb0d@group-6642639B689A-StateMachineUpdater] INFO  ratis.ContainerStateMachine (ContainerStateMachine.java:takeSnapshot(315)) - group-6642639B689A: Finished taking a snapshot at:(t:1, i:0) file:/home/runner/work/ozone/ozone/hadoop-ozone/integration-test/target/test-dir/MiniOzoneClusterImpl-403ad05d-12dd-4695-ad1e-d5eafc849fbc/datanode-1/data/ratis/5e2c3fb1-b4dd-42e9-b875-6642639b689a/sm/snapshot.1_0 took: 1 ms
2022-03-02 19:15:43,057 [6a96ca8f-dca1-45f9-908e-cf69810dcb0d@group-6642639B689A-StateMachineUpdater] INFO  impl.StateMachineUpdater (StateMachineUpdater.java:takeSnapshot(281)) - 6a96ca8f-dca1-45f9-908e-cf69810dcb0d@group-6642639B689A-StateMachineUpdater: Took a snapshot at index 0
2022-03-02 19:15:43,057 [6a96ca8f-dca1-45f9-908e-cf69810dcb0d@group-6642639B689A-StateMachineUpdater] INFO  impl.StateMachineUpdater (StateMachineUpdater.java:lambda$new$0(89)) - 6a96ca8f-dca1-45f9-908e-cf69810dcb0d@group-6642639B689A-StateMachineUpdater: snapshotIndex: updateIncreasingly -1 -> 0
2022-03-02 19:15:43,057 [Listener at 127.0.0.1/37389] INFO  server.RaftServer$Division (ServerState.java:close(419)) - 6a96ca8f-dca1-45f9-908e-cf69810dcb0d@group-6642639B689A: closes. applyIndex: 0
2022-03-02 19:15:43,057 [6a96ca8f-dca1-45f9-908e-cf69810dcb0d@group-6642639B689A-SegmentedRaftLogWorker] INFO  segmented.SegmentedRaftLogWorker (SegmentedRaftLogWorker.java:run(327)) - 6a96ca8f-dca1-45f9-908e-cf69810dcb0d@group-6642639B689A-SegmentedRaftLogWorker was interrupted, exiting. There are 0 tasks remaining in the queue.
2022-03-02 19:15:43,058 [Listener at 127.0.0.1/37389] INFO  segmented.SegmentedRaftLogWorker (SegmentedRaftLogWorker.java:close(237)) - 6a96ca8f-dca1-45f9-908e-cf69810dcb0d@group-6642639B689A-SegmentedRaftLogWorker close()
2022-03-02 19:15:43,064 [Listener at 127.0.0.1/37389] INFO  server.GrpcService (GrpcService.java:closeImpl(262)) - 6a96ca8f-dca1-45f9-908e-cf69810dcb0d: shutdown server with port 38231 now
2022-03-02 19:15:43,066 [ForkJoinPool.commonPool-worker-1] INFO  server.GrpcService (GrpcService.java:closeImpl(271)) - 730712bf-dc51-4bd6-9c9f-e27f92c302bd: shutdown server with port 43177 successfully
2022-03-02 19:15:43,066 [org.apache.ratis.util.JvmPauseMonitor$$Lambda$503/310350177@4bce4f27] INFO  util.JvmPauseMonitor (JvmPauseMonitor.java:run(109)) - JvmPauseMonitor-730712bf-dc51-4bd6-9c9f-e27f92c302bd: Stopped
2022-03-02 19:15:43,074 [Listener at 127.0.0.1/37389] INFO  server.GrpcService (GrpcService.java:closeImpl(271)) - 6a96ca8f-dca1-45f9-908e-cf69810dcb0d: shutdown server with port 38231 successfully
2022-03-02 19:15:43,086 [org.apache.ratis.util.JvmPauseMonitor$$Lambda$503/310350177@2bf3c8d1] INFO  util.JvmPauseMonitor (JvmPauseMonitor.java:run(109)) - JvmPauseMonitor-6a96ca8f-dca1-45f9-908e-cf69810dcb0d: Stopped
2022-03-02 19:15:43,172 [EndpointStateMachine task thread for /127.0.0.1:41941 - 0 ] INFO  ipc.Client (Client.java:handleConnectionFailure(977)) - Retrying connect to server: localhost/127.0.0.1:41941. Already tried 6 time(s); retry policy is RetryUpToMaximumCountWithFixedSleep(maxRetries=15, sleepTime=1000 MILLISECONDS)
2022-03-02 19:15:43,173 [EndpointStateMachine task thread for /127.0.0.1:41985 - 0 ] INFO  ipc.Client (Client.java:handleConnectionFailure(977)) - Retrying connect to server: localhost/127.0.0.1:41985. Already tried 6 time(s); retry policy is RetryUpToMaximumCountWithFixedSleep(maxRetries=15, sleepTime=1000 MILLISECONDS)
2022-03-02 19:15:43,831 [EndpointStateMachine task thread for /127.0.0.1:34357 - 0 ] INFO  ipc.Client (Client.java:handleConnectionFailure(977)) - Retrying connect to server: localhost/127.0.0.1:34357. Already tried 7 time(s); retry policy is RetryUpToMaximumCountWithFixedSleep(maxRetries=15, sleepTime=1000 MILLISECONDS)
2022-03-02 19:15:43,883 [EndpointStateMachine task thread for /127.0.0.1:34023 - 0 ] INFO  ipc.Client (Client.java:handleConnectionFailure(977)) - Retrying connect to server: localhost/127.0.0.1:34023. Already tried 6 time(s); retry policy is RetryUpToMaximumCountWithFixedSleep(maxRetries=15, sleepTime=1000 MILLISECONDS)
2022-03-02 19:15:43,889 [EndpointStateMachine task thread for /127.0.0.1:44351 - 0 ] INFO  ipc.Client (Client.java:handleConnectionFailure(977)) - Retrying connect to server: localhost/127.0.0.1:44351. Already tried 6 time(s); retry policy is RetryUpToMaximumCountWithFixedSleep(maxRetries=15, sleepTime=1000 MILLISECONDS)
2022-03-02 19:15:43,893 [EndpointStateMachine task thread for /127.0.0.1:45835 - 0 ] INFO  ipc.Client (Client.java:handleConnectionFailure(977)) - Retrying connect to server: localhost/127.0.0.1:45835. Already tried 6 time(s); retry policy is RetryUpToMaximumCountWithFixedSleep(maxRetries=15, sleepTime=1000 MILLISECONDS)
2022-03-02 19:15:44,173 [EndpointStateMachine task thread for /127.0.0.1:41941 - 0 ] INFO  ipc.Client (Client.java:handleConnectionFailure(977)) - Retrying connect to server: localhost/127.0.0.1:41941. Already tried 7 time(s); retry policy is RetryUpToMaximumCountWithFixedSleep(maxRetries=15, sleepTime=1000 MILLISECONDS)
2022-03-02 19:15:44,173 [EndpointStateMachine task thread for /127.0.0.1:41985 - 0 ] INFO  ipc.Client (Client.java:handleConnectionFailure(977)) - Retrying connect to server: localhost/127.0.0.1:41985. Already tried 7 time(s); retry policy is RetryUpToMaximumCountWithFixedSleep(maxRetries=15, sleepTime=1000 MILLISECONDS)
2022-03-02 19:15:44,832 [EndpointStateMachine task thread for /127.0.0.1:34357 - 0 ] INFO  ipc.Client (Client.java:handleConnectionFailure(977)) - Retrying connect to server: localhost/127.0.0.1:34357. Already tried 8 time(s); retry policy is RetryUpToMaximumCountWithFixedSleep(maxRetries=15, sleepTime=1000 MILLISECONDS)
2022-03-02 19:15:44,883 [EndpointStateMachine task thread for /127.0.0.1:34023 - 0 ] INFO  ipc.Client (Client.java:handleConnectionFailure(977)) - Retrying connect to server: localhost/127.0.0.1:34023. Already tried 7 time(s); retry policy is RetryUpToMaximumCountWithFixedSleep(maxRetries=15, sleepTime=1000 MILLISECONDS)
2022-03-02 19:15:44,889 [EndpointStateMachine task thread for /127.0.0.1:44351 - 0 ] INFO  ipc.Client (Client.java:handleConnectionFailure(977)) - Retrying connect to server: localhost/127.0.0.1:44351. Already tried 7 time(s); retry policy is RetryUpToMaximumCountWithFixedSleep(maxRetries=15, sleepTime=1000 MILLISECONDS)
2022-03-02 19:15:44,893 [EndpointStateMachine task thread for /127.0.0.1:45835 - 0 ] INFO  ipc.Client (Client.java:handleConnectionFailure(977)) - Retrying connect to server: localhost/127.0.0.1:45835. Already tried 7 time(s); retry policy is RetryUpToMaximumCountWithFixedSleep(maxRetries=15, sleepTime=1000 MILLISECONDS)
2022-03-02 19:15:45,075 [ForkJoinPool.commonPool-worker-1] INFO  utils.BackgroundService (BackgroundService.java:shutdown(132)) - Shutting down service BlockDeletingService
2022-03-02 19:15:45,093 [Listener at 127.0.0.1/37389] INFO  utils.BackgroundService (BackgroundService.java:shutdown(132)) - Shutting down service BlockDeletingService
2022-03-02 19:15:45,173 [EndpointStateMachine task thread for /127.0.0.1:41941 - 0 ] INFO  ipc.Client (Client.java:handleConnectionFailure(977)) - Retrying connect to server: localhost/127.0.0.1:41941. Already tried 8 time(s); retry policy is RetryUpToMaximumCountWithFixedSleep(maxRetries=15, sleepTime=1000 MILLISECONDS)
2022-03-02 19:15:45,174 [EndpointStateMachine task thread for /127.0.0.1:41985 - 0 ] INFO  ipc.Client (Client.java:handleConnectionFailure(977)) - Retrying connect to server: localhost/127.0.0.1:41985. Already tried 8 time(s); retry policy is RetryUpToMaximumCountWithFixedSleep(maxRetries=15, sleepTime=1000 MILLISECONDS)
2022-03-02 19:15:45,371 [8c53a021-9171-485b-b256-839aa3d3ad02@group-3B75440A2579-FollowerState] INFO  impl.FollowerState (FollowerState.java:run(134)) - 8c53a021-9171-485b-b256-839aa3d3ad02@group-3B75440A2579-FollowerState: change to CANDIDATE, lastRpcElapsedTime:5058463425ns, electionTimeout:5041ms
2022-03-02 19:15:45,371 [8c53a021-9171-485b-b256-839aa3d3ad02@group-3B75440A2579-FollowerState] INFO  impl.RoleInfo (RoleInfo.java:shutdownFollowerState(108)) - 8c53a021-9171-485b-b256-839aa3d3ad02: shutdown 8c53a021-9171-485b-b256-839aa3d3ad02@group-3B75440A2579-FollowerState
2022-03-02 19:15:45,372 [8c53a021-9171-485b-b256-839aa3d3ad02@group-3B75440A2579-FollowerState] INFO  server.RaftServer$Division (RaftServerImpl.java:setRole(290)) - 8c53a021-9171-485b-b256-839aa3d3ad02@group-3B75440A2579: changes role from  FOLLOWER to CANDIDATE at term 3 for changeToCandidate
2022-03-02 19:15:45,372 [8c53a021-9171-485b-b256-839aa3d3ad02@group-3B75440A2579-FollowerState] INFO  server.RaftServerConfigKeys (ConfUtils.java:logGet(44)) - raft.server.leaderelection.pre-vote = false (custom)
2022-03-02 19:15:45,372 [8c53a021-9171-485b-b256-839aa3d3ad02@group-3B75440A2579-FollowerState] INFO  impl.RoleInfo (RoleInfo.java:updateAndGet(130)) - 8c53a021-9171-485b-b256-839aa3d3ad02: start 8c53a021-9171-485b-b256-839aa3d3ad02@group-3B75440A2579-LeaderElection27
2022-03-02 19:15:45,389 [8c53a021-9171-485b-b256-839aa3d3ad02@group-3B75440A2579-LeaderElection27] INFO  impl.LeaderElection (LeaderElection.java:askForVotes(306)) - 8c53a021-9171-485b-b256-839aa3d3ad02@group-3B75440A2579-LeaderElection27 ELECTION round 0: submit vote requests at term 4 for -1: [6a96ca8f-dca1-45f9-908e-cf69810dcb0d|rpc:127.0.0.1:38231|dataStream:|priority:0, 730712bf-dc51-4bd6-9c9f-e27f92c302bd|rpc:127.0.0.1:43177|dataStream:|priority:0, 8c53a021-9171-485b-b256-839aa3d3ad02|rpc:127.0.0.1:41201|dataStream:|priority:1], old=null
2022-03-02 19:15:45,423 [8c53a021-9171-485b-b256-839aa3d3ad02@group-3B75440A2579-LeaderElection27] INFO  impl.LeaderElection (LogUtils.java:infoOrTrace(137)) - 8c53a021-9171-485b-b256-839aa3d3ad02@group-3B75440A2579-LeaderElection27 got exception when requesting votes: java.util.concurrent.ExecutionException: org.apache.ratis.thirdparty.io.grpc.StatusRuntimeException: UNAVAILABLE: io exception
2022-03-02 19:15:45,424 [8c53a021-9171-485b-b256-839aa3d3ad02@group-3B75440A2579-LeaderElection27] INFO  impl.LeaderElection (LogUtils.java:infoOrTrace(137)) - 8c53a021-9171-485b-b256-839aa3d3ad02@group-3B75440A2579-LeaderElection27 got exception when requesting votes: java.util.concurrent.ExecutionException: org.apache.ratis.thirdparty.io.grpc.StatusRuntimeException: UNAVAILABLE: io exception
2022-03-02 19:15:45,424 [8c53a021-9171-485b-b256-839aa3d3ad02@group-3B75440A2579-LeaderElection27] INFO  impl.LeaderElection (LeaderElection.java:logAndReturn(89)) - 8c53a021-9171-485b-b256-839aa3d3ad02@group-3B75440A2579-LeaderElection27: ELECTION REJECTED received 0 response(s) and 2 exception(s):
2022-03-02 19:15:45,424 [8c53a021-9171-485b-b256-839aa3d3ad02@group-3B75440A2579-LeaderElection27] INFO  impl.LeaderElection (LogUtils.java:infoOrTrace(137)) -   Exception 0: java.util.concurrent.ExecutionException: org.apache.ratis.thirdparty.io.grpc.StatusRuntimeException: UNAVAILABLE: io exception
2022-03-02 19:15:45,424 [8c53a021-9171-485b-b256-839aa3d3ad02@group-3B75440A2579-LeaderElection27] INFO  impl.LeaderElection (LogUtils.java:infoOrTrace(137)) -   Exception 1: java.util.concurrent.ExecutionException: org.apache.ratis.thirdparty.io.grpc.StatusRuntimeException: UNAVAILABLE: io exception
2022-03-02 19:15:45,424 [8c53a021-9171-485b-b256-839aa3d3ad02@group-3B75440A2579-LeaderElection27] INFO  impl.LeaderElection (LeaderElection.java:askForVotes(308)) - 8c53a021-9171-485b-b256-839aa3d3ad02@group-3B75440A2579-LeaderElection27 ELECTION round 0: result REJECTED
2022-03-02 19:15:45,424 [8c53a021-9171-485b-b256-839aa3d3ad02@group-3B75440A2579-LeaderElection27] INFO  server.RaftServer$Division (RaftServerImpl.java:setRole(290)) - 8c53a021-9171-485b-b256-839aa3d3ad02@group-3B75440A2579: changes role from CANDIDATE to FOLLOWER at term 4 for REJECTED
2022-03-02 19:15:45,424 [8c53a021-9171-485b-b256-839aa3d3ad02@group-3B75440A2579-LeaderElection27] INFO  impl.RoleInfo (RoleInfo.java:shutdownLeaderElection(121)) - 8c53a021-9171-485b-b256-839aa3d3ad02: shutdown 8c53a021-9171-485b-b256-839aa3d3ad02@group-3B75440A2579-LeaderElection27
2022-03-02 19:15:45,424 [8c53a021-9171-485b-b256-839aa3d3ad02@group-3B75440A2579-LeaderElection27] INFO  impl.RoleInfo (RoleInfo.java:updateAndGet(130)) - 8c53a021-9171-485b-b256-839aa3d3ad02: start 8c53a021-9171-485b-b256-839aa3d3ad02@group-3B75440A2579-FollowerState
2022-03-02 19:15:45,550 [Datanode State Machine Daemon Thread] ERROR datanode.RunningDatanodeState (RunningDatanodeState.java:computeNextContainerState(201)) - Error in executing end point task.
java.util.concurrent.ExecutionException: java.util.concurrent.TimeoutException
	at java.util.concurrent.FutureTask.report(FutureTask.java:122)
	at java.util.concurrent.FutureTask.get(FutureTask.java:192)
	at org.apache.hadoop.ozone.container.common.states.datanode.RunningDatanodeState.computeNextContainerState(RunningDatanodeState.java:193)
	at org.apache.hadoop.ozone.container.common.states.datanode.RunningDatanodeState.await(RunningDatanodeState.java:233)
	at org.apache.hadoop.ozone.container.common.states.datanode.RunningDatanodeState.await(RunningDatanodeState.java:50)
	at org.apache.hadoop.ozone.container.common.statemachine.StateContext.execute(StateContext.java:658)
	at org.apache.hadoop.ozone.container.common.statemachine.DatanodeStateMachine.startStateMachineThread(DatanodeStateMachine.java:283)
	at org.apache.hadoop.ozone.container.common.statemachine.DatanodeStateMachine.lambda$startDaemon$0(DatanodeStateMachine.java:471)
	at java.lang.Thread.run(Thread.java:750)
Caused by: java.util.concurrent.TimeoutException
	at java.util.concurrent.FutureTask.get(FutureTask.java:205)
	at org.apache.hadoop.ozone.container.common.states.datanode.RunningDatanodeState.lambda$execute$0(RunningDatanodeState.java:151)
	at java.util.concurrent.FutureTask.run(FutureTask.java:266)
	at java.util.concurrent.Executors$RunnableAdapter.call(Executors.java:511)
	at java.util.concurrent.FutureTask.run(FutureTask.java:266)
	at java.util.concurrent.ThreadPoolExecutor.runWorker(ThreadPoolExecutor.java:1149)
	at java.util.concurrent.ThreadPoolExecutor$Worker.run(ThreadPoolExecutor.java:624)
	... 1 more
2022-03-02 19:15:45,833 [EndpointStateMachine task thread for /127.0.0.1:34357 - 0 ] INFO  ipc.Client (Client.java:handleConnectionFailure(977)) - Retrying connect to server: localhost/127.0.0.1:34357. Already tried 9 time(s); retry policy is RetryUpToMaximumCountWithFixedSleep(maxRetries=15, sleepTime=1000 MILLISECONDS)
2022-03-02 19:15:45,884 [EndpointStateMachine task thread for /127.0.0.1:34023 - 0 ] INFO  ipc.Client (Client.java:handleConnectionFailure(977)) - Retrying connect to server: localhost/127.0.0.1:34023. Already tried 8 time(s); retry policy is RetryUpToMaximumCountWithFixedSleep(maxRetries=15, sleepTime=1000 MILLISECONDS)
2022-03-02 19:15:45,889 [EndpointStateMachine task thread for /127.0.0.1:44351 - 0 ] INFO  ipc.Client (Client.java:handleConnectionFailure(977)) - Retrying connect to server: localhost/127.0.0.1:44351. Already tried 8 time(s); retry policy is RetryUpToMaximumCountWithFixedSleep(maxRetries=15, sleepTime=1000 MILLISECONDS)
2022-03-02 19:15:45,894 [EndpointStateMachine task thread for /127.0.0.1:45835 - 0 ] INFO  ipc.Client (Client.java:handleConnectionFailure(977)) - Retrying connect to server: localhost/127.0.0.1:45835. Already tried 8 time(s); retry policy is RetryUpToMaximumCountWithFixedSleep(maxRetries=15, sleepTime=1000 MILLISECONDS)
2022-03-02 19:15:46,174 [EndpointStateMachine task thread for /127.0.0.1:41941 - 0 ] INFO  ipc.Client (Client.java:handleConnectionFailure(977)) - Retrying connect to server: localhost/127.0.0.1:41941. Already tried 9 time(s); retry policy is RetryUpToMaximumCountWithFixedSleep(maxRetries=15, sleepTime=1000 MILLISECONDS)
2022-03-02 19:15:46,174 [EndpointStateMachine task thread for /127.0.0.1:41985 - 0 ] INFO  ipc.Client (Client.java:handleConnectionFailure(977)) - Retrying connect to server: localhost/127.0.0.1:41985. Already tried 9 time(s); retry policy is RetryUpToMaximumCountWithFixedSleep(maxRetries=15, sleepTime=1000 MILLISECONDS)
2022-03-02 19:15:46,833 [EndpointStateMachine task thread for /127.0.0.1:34357 - 0 ] INFO  ipc.Client (Client.java:handleConnectionFailure(977)) - Retrying connect to server: localhost/127.0.0.1:34357. Already tried 10 time(s); retry policy is RetryUpToMaximumCountWithFixedSleep(maxRetries=15, sleepTime=1000 MILLISECONDS)
2022-03-02 19:15:46,884 [EndpointStateMachine task thread for /127.0.0.1:34023 - 0 ] INFO  ipc.Client (Client.java:handleConnectionFailure(977)) - Retrying connect to server: localhost/127.0.0.1:34023. Already tried 9 time(s); retry policy is RetryUpToMaximumCountWithFixedSleep(maxRetries=15, sleepTime=1000 MILLISECONDS)
2022-03-02 19:15:46,891 [EndpointStateMachine task thread for /127.0.0.1:44351 - 0 ] INFO  ipc.Client (Client.java:handleConnectionFailure(977)) - Retrying connect to server: localhost/127.0.0.1:44351. Already tried 9 time(s); retry policy is RetryUpToMaximumCountWithFixedSleep(maxRetries=15, sleepTime=1000 MILLISECONDS)
2022-03-02 19:15:46,894 [EndpointStateMachine task thread for /127.0.0.1:45835 - 0 ] INFO  ipc.Client (Client.java:handleConnectionFailure(977)) - Retrying connect to server: localhost/127.0.0.1:45835. Already tried 9 time(s); retry policy is RetryUpToMaximumCountWithFixedSleep(maxRetries=15, sleepTime=1000 MILLISECONDS)
2022-03-02 19:15:47,175 [EndpointStateMachine task thread for /127.0.0.1:41985 - 0 ] INFO  ipc.Client (Client.java:handleConnectionFailure(977)) - Retrying connect to server: localhost/127.0.0.1:41985. Already tried 10 time(s); retry policy is RetryUpToMaximumCountWithFixedSleep(maxRetries=15, sleepTime=1000 MILLISECONDS)
2022-03-02 19:15:47,178 [EndpointStateMachine task thread for /127.0.0.1:41941 - 0 ] INFO  ipc.Client (Client.java:handleConnectionFailure(977)) - Retrying connect to server: localhost/127.0.0.1:41941. Already tried 10 time(s); retry policy is RetryUpToMaximumCountWithFixedSleep(maxRetries=15, sleepTime=1000 MILLISECONDS)
2022-03-02 19:15:47,834 [EndpointStateMachine task thread for /127.0.0.1:34357 - 0 ] INFO  ipc.Client (Client.java:handleConnectionFailure(977)) - Retrying connect to server: localhost/127.0.0.1:34357. Already tried 11 time(s); retry policy is RetryUpToMaximumCountWithFixedSleep(maxRetries=15, sleepTime=1000 MILLISECONDS)
2022-03-02 19:15:47,885 [EndpointStateMachine task thread for /127.0.0.1:34023 - 0 ] INFO  ipc.Client (Client.java:handleConnectionFailure(977)) - Retrying connect to server: localhost/127.0.0.1:34023. Already tried 10 time(s); retry policy is RetryUpToMaximumCountWithFixedSleep(maxRetries=15, sleepTime=1000 MILLISECONDS)
2022-03-02 19:15:47,891 [EndpointStateMachine task thread for /127.0.0.1:44351 - 0 ] INFO  ipc.Client (Client.java:handleConnectionFailure(977)) - Retrying connect to server: localhost/127.0.0.1:44351. Already tried 10 time(s); retry policy is RetryUpToMaximumCountWithFixedSleep(maxRetries=15, sleepTime=1000 MILLISECONDS)
2022-03-02 19:15:47,895 [EndpointStateMachine task thread for /127.0.0.1:45835 - 0 ] INFO  ipc.Client (Client.java:handleConnectionFailure(977)) - Retrying connect to server: localhost/127.0.0.1:45835. Already tried 10 time(s); retry policy is RetryUpToMaximumCountWithFixedSleep(maxRetries=15, sleepTime=1000 MILLISECONDS)
2022-03-02 19:15:48,076 [ForkJoinPool.commonPool-worker-1] INFO  statemachine.DatanodeStateMachine (DatanodeStateMachine.java:stopDaemon(529)) - Ozone container server stopped.
2022-03-02 19:15:48,083 [ForkJoinPool.commonPool-worker-1] INFO  handler.ContextHandler (ContextHandler.java:doStop(1153)) - Stopped o.e.j.w.WebAppContext@5f214f84{hddsDatanode,/,null,STOPPED}{jar:file:/home/runner/.m2/repository/org/apache/ozone/hdds-container-service/1.3.0-SNAPSHOT/hdds-container-service-1.3.0-SNAPSHOT.jar!/webapps/hddsDatanode}
2022-03-02 19:15:48,084 [ForkJoinPool.commonPool-worker-1] INFO  server.AbstractConnector (AbstractConnector.java:doStop(381)) - Stopped ServerConnector@d574831{HTTP/1.1, (http/1.1)}{0.0.0.0:0}
2022-03-02 19:15:48,084 [ForkJoinPool.commonPool-worker-1] INFO  server.session (HouseKeeper.java:stopScavenging(149)) - node0 Stopped scavenging
2022-03-02 19:15:48,091 [ForkJoinPool.commonPool-worker-1] INFO  handler.ContextHandler (ContextHandler.java:doStop(1153)) - Stopped o.e.j.s.ServletContextHandler@2fa9b863{static,/static,jar:file:/home/runner/.m2/repository/org/apache/ozone/hdds-container-service/1.3.0-SNAPSHOT/hdds-container-service-1.3.0-SNAPSHOT.jar!/webapps/static,STOPPED}
2022-03-02 19:15:48,096 [ForkJoinPool.commonPool-worker-1] INFO  handler.ContextHandler (ContextHandler.java:doStop(1153)) - Stopped o.e.j.s.ServletContextHandler@108f5cd6{logs,/logs,file:///home/runner/work/ozone/ozone/hadoop-ozone/integration-test/target/log,STOPPED}
2022-03-02 19:15:48,098 [Listener at 127.0.0.1/37389] INFO  statemachine.DatanodeStateMachine (DatanodeStateMachine.java:stopDaemon(529)) - Ozone container server stopped.
2022-03-02 19:15:48,099 [Listener at 127.0.0.1/37389] INFO  handler.ContextHandler (ContextHandler.java:doStop(1153)) - Stopped o.e.j.w.WebAppContext@5e615573{hddsDatanode,/,null,STOPPED}{jar:file:/home/runner/.m2/repository/org/apache/ozone/hdds-container-service/1.3.0-SNAPSHOT/hdds-container-service-1.3.0-SNAPSHOT.jar!/webapps/hddsDatanode}
2022-03-02 19:15:48,100 [Listener at 127.0.0.1/37389] INFO  server.AbstractConnector (AbstractConnector.java:doStop(381)) - Stopped ServerConnector@3abb7923{HTTP/1.1, (http/1.1)}{0.0.0.0:0}
2022-03-02 19:15:48,100 [Listener at 127.0.0.1/37389] INFO  server.session (HouseKeeper.java:stopScavenging(149)) - node0 Stopped scavenging
2022-03-02 19:15:48,100 [Listener at 127.0.0.1/37389] INFO  handler.ContextHandler (ContextHandler.java:doStop(1153)) - Stopped o.e.j.s.ServletContextHandler@17da4d27{static,/static,jar:file:/home/runner/.m2/repository/org/apache/ozone/hdds-container-service/1.3.0-SNAPSHOT/hdds-container-service-1.3.0-SNAPSHOT.jar!/webapps/static,STOPPED}
2022-03-02 19:15:48,100 [Listener at 127.0.0.1/37389] INFO  handler.ContextHandler (ContextHandler.java:doStop(1153)) - Stopped o.e.j.s.ServletContextHandler@56e71576{logs,/logs,file:///home/runner/work/ozone/ozone/hadoop-ozone/integration-test/target/log,STOPPED}
2022-03-02 19:15:48,175 [EndpointStateMachine task thread for /127.0.0.1:41985 - 0 ] INFO  ipc.Client (Client.java:handleConnectionFailure(977)) - Retrying connect to server: localhost/127.0.0.1:41985. Already tried 11 time(s); retry policy is RetryUpToMaximumCountWithFixedSleep(maxRetries=15, sleepTime=1000 MILLISECONDS)
2022-03-02 19:15:48,179 [EndpointStateMachine task thread for /127.0.0.1:41941 - 0 ] INFO  ipc.Client (Client.java:handleConnectionFailure(977)) - Retrying connect to server: localhost/127.0.0.1:41941. Already tried 11 time(s); retry policy is RetryUpToMaximumCountWithFixedSleep(maxRetries=15, sleepTime=1000 MILLISECONDS)
2022-03-02 19:15:48,552 [Datanode State Machine Daemon Thread] WARN  statemachine.StateContext (StateContext.java:setState(250)) - Ignore disallowed transition from SHUTDOWN to RUNNING
2022-03-02 19:15:48,838 [EndpointStateMachine task thread for /127.0.0.1:34357 - 0 ] INFO  ipc.Client (Client.java:handleConnectionFailure(977)) - Retrying connect to server: localhost/127.0.0.1:34357. Already tried 12 time(s); retry policy is RetryUpToMaximumCountWithFixedSleep(maxRetries=15, sleepTime=1000 MILLISECONDS)
2022-03-02 19:15:48,885 [EndpointStateMachine task thread for /127.0.0.1:34023 - 0 ] INFO  ipc.Client (Client.java:handleConnectionFailure(977)) - Retrying connect to server: localhost/127.0.0.1:34023. Already tried 11 time(s); retry policy is RetryUpToMaximumCountWithFixedSleep(maxRetries=15, sleepTime=1000 MILLISECONDS)
2022-03-02 19:15:48,892 [EndpointStateMachine task thread for /127.0.0.1:44351 - 0 ] INFO  ipc.Client (Client.java:handleConnectionFailure(977)) - Retrying connect to server: localhost/127.0.0.1:44351. Already tried 11 time(s); retry policy is RetryUpToMaximumCountWithFixedSleep(maxRetries=15, sleepTime=1000 MILLISECONDS)
2022-03-02 19:15:48,895 [EndpointStateMachine task thread for /127.0.0.1:45835 - 0 ] INFO  ipc.Client (Client.java:handleConnectionFailure(977)) - Retrying connect to server: localhost/127.0.0.1:45835. Already tried 11 time(s); retry policy is RetryUpToMaximumCountWithFixedSleep(maxRetries=15, sleepTime=1000 MILLISECONDS)
2022-03-02 19:15:49,176 [EndpointStateMachine task thread for /127.0.0.1:41985 - 0 ] INFO  ipc.Client (Client.java:handleConnectionFailure(977)) - Retrying connect to server: localhost/127.0.0.1:41985. Already tried 12 time(s); retry policy is RetryUpToMaximumCountWithFixedSleep(maxRetries=15, sleepTime=1000 MILLISECONDS)
2022-03-02 19:15:49,179 [EndpointStateMachine task thread for /127.0.0.1:41941 - 0 ] INFO  ipc.Client (Client.java:handleConnectionFailure(977)) - Retrying connect to server: localhost/127.0.0.1:41941. Already tried 12 time(s); retry policy is RetryUpToMaximumCountWithFixedSleep(maxRetries=15, sleepTime=1000 MILLISECONDS)
2022-03-02 19:15:49,841 [EndpointStateMachine task thread for /127.0.0.1:34357 - 0 ] INFO  ipc.Client (Client.java:handleConnectionFailure(977)) - Retrying connect to server: localhost/127.0.0.1:34357. Already tried 13 time(s); retry policy is RetryUpToMaximumCountWithFixedSleep(maxRetries=15, sleepTime=1000 MILLISECONDS)
2022-03-02 19:15:49,886 [EndpointStateMachine task thread for /127.0.0.1:34023 - 0 ] INFO  ipc.Client (Client.java:handleConnectionFailure(977)) - Retrying connect to server: localhost/127.0.0.1:34023. Already tried 12 time(s); retry policy is RetryUpToMaximumCountWithFixedSleep(maxRetries=15, sleepTime=1000 MILLISECONDS)
2022-03-02 19:15:49,892 [EndpointStateMachine task thread for /127.0.0.1:44351 - 0 ] INFO  ipc.Client (Client.java:handleConnectionFailure(977)) - Retrying connect to server: localhost/127.0.0.1:44351. Already tried 12 time(s); retry policy is RetryUpToMaximumCountWithFixedSleep(maxRetries=15, sleepTime=1000 MILLISECONDS)
2022-03-02 19:15:49,895 [EndpointStateMachine task thread for /127.0.0.1:45835 - 0 ] INFO  ipc.Client (Client.java:handleConnectionFailure(977)) - Retrying connect to server: localhost/127.0.0.1:45835. Already tried 12 time(s); retry policy is RetryUpToMaximumCountWithFixedSleep(maxRetries=15, sleepTime=1000 MILLISECONDS)
2022-03-02 19:15:50,177 [EndpointStateMachine task thread for /127.0.0.1:41985 - 0 ] INFO  ipc.Client (Client.java:handleConnectionFailure(977)) - Retrying connect to server: localhost/127.0.0.1:41985. Already tried 13 time(s); retry policy is RetryUpToMaximumCountWithFixedSleep(maxRetries=15, sleepTime=1000 MILLISECONDS)
2022-03-02 19:15:50,179 [EndpointStateMachine task thread for /127.0.0.1:41941 - 0 ] INFO  ipc.Client (Client.java:handleConnectionFailure(977)) - Retrying connect to server: localhost/127.0.0.1:41941. Already tried 13 time(s); retry policy is RetryUpToMaximumCountWithFixedSleep(maxRetries=15, sleepTime=1000 MILLISECONDS)
2022-03-02 19:15:50,284 [8c53a021-9171-485b-b256-839aa3d3ad02@group-70DC78C75E08-FollowerState] INFO  impl.FollowerState (FollowerState.java:run(134)) - 8c53a021-9171-485b-b256-839aa3d3ad02@group-70DC78C75E08-FollowerState: change to CANDIDATE, lastRpcElapsedTime:7748975184ns, electionTimeout:5052ms
2022-03-02 19:15:50,284 [8c53a021-9171-485b-b256-839aa3d3ad02@group-70DC78C75E08-FollowerState] INFO  impl.RoleInfo (RoleInfo.java:shutdownFollowerState(108)) - 8c53a021-9171-485b-b256-839aa3d3ad02: shutdown 8c53a021-9171-485b-b256-839aa3d3ad02@group-70DC78C75E08-FollowerState
2022-03-02 19:15:50,284 [8c53a021-9171-485b-b256-839aa3d3ad02@group-70DC78C75E08-FollowerState] INFO  server.RaftServer$Division (RaftServerImpl.java:setRole(290)) - 8c53a021-9171-485b-b256-839aa3d3ad02@group-70DC78C75E08: changes role from  FOLLOWER to CANDIDATE at term 1 for changeToCandidate
2022-03-02 19:15:50,284 [8c53a021-9171-485b-b256-839aa3d3ad02@group-70DC78C75E08-FollowerState] INFO  server.RaftServerConfigKeys (ConfUtils.java:logGet(44)) - raft.server.leaderelection.pre-vote = false (custom)
2022-03-02 19:15:50,284 [8c53a021-9171-485b-b256-839aa3d3ad02@group-70DC78C75E08-FollowerState] INFO  impl.RoleInfo (RoleInfo.java:updateAndGet(130)) - 8c53a021-9171-485b-b256-839aa3d3ad02: start 8c53a021-9171-485b-b256-839aa3d3ad02@group-70DC78C75E08-LeaderElection28
2022-03-02 19:15:50,286 [8c53a021-9171-485b-b256-839aa3d3ad02@group-70DC78C75E08-LeaderElection28] INFO  server.RaftServer$Division (ServerState.java:setLeader(285)) - 8c53a021-9171-485b-b256-839aa3d3ad02@group-70DC78C75E08: change Leader from 730712bf-dc51-4bd6-9c9f-e27f92c302bd to null at term 1 for ELECTION
2022-03-02 19:15:50,297 [8c53a021-9171-485b-b256-839aa3d3ad02@group-70DC78C75E08-LeaderElection28] INFO  impl.LeaderElection (LeaderElection.java:askForVotes(306)) - 8c53a021-9171-485b-b256-839aa3d3ad02@group-70DC78C75E08-LeaderElection28 ELECTION round 0: submit vote requests at term 2 for 0: [6a96ca8f-dca1-45f9-908e-cf69810dcb0d|rpc:127.0.0.1:38231|dataStream:|priority:0, 730712bf-dc51-4bd6-9c9f-e27f92c302bd|rpc:127.0.0.1:43177|dataStream:|priority:1, 8c53a021-9171-485b-b256-839aa3d3ad02|rpc:127.0.0.1:41201|dataStream:|priority:0], old=null
2022-03-02 19:15:50,317 [8c53a021-9171-485b-b256-839aa3d3ad02@group-70DC78C75E08-LeaderElection28] INFO  impl.LeaderElection (LogUtils.java:infoOrTrace(137)) - 8c53a021-9171-485b-b256-839aa3d3ad02@group-70DC78C75E08-LeaderElection28 got exception when requesting votes: java.util.concurrent.ExecutionException: org.apache.ratis.thirdparty.io.grpc.StatusRuntimeException: UNAVAILABLE: io exception
2022-03-02 19:15:50,323 [8c53a021-9171-485b-b256-839aa3d3ad02@group-70DC78C75E08-LeaderElection28] INFO  impl.LeaderElection (LogUtils.java:infoOrTrace(137)) - 8c53a021-9171-485b-b256-839aa3d3ad02@group-70DC78C75E08-LeaderElection28 got exception when requesting votes: java.util.concurrent.ExecutionException: org.apache.ratis.thirdparty.io.grpc.StatusRuntimeException: UNAVAILABLE: io exception
2022-03-02 19:15:50,323 [8c53a021-9171-485b-b256-839aa3d3ad02@group-70DC78C75E08-LeaderElection28] INFO  impl.LeaderElection (LeaderElection.java:logAndReturn(89)) - 8c53a021-9171-485b-b256-839aa3d3ad02@group-70DC78C75E08-LeaderElection28: ELECTION REJECTED received 0 response(s) and 2 exception(s):
2022-03-02 19:15:50,323 [8c53a021-9171-485b-b256-839aa3d3ad02@group-70DC78C75E08-LeaderElection28] INFO  impl.LeaderElection (LogUtils.java:infoOrTrace(137)) -   Exception 0: java.util.concurrent.ExecutionException: org.apache.ratis.thirdparty.io.grpc.StatusRuntimeException: UNAVAILABLE: io exception
2022-03-02 19:15:50,324 [8c53a021-9171-485b-b256-839aa3d3ad02@group-70DC78C75E08-LeaderElection28] INFO  impl.LeaderElection (LogUtils.java:infoOrTrace(137)) -   Exception 1: java.util.concurrent.ExecutionException: org.apache.ratis.thirdparty.io.grpc.StatusRuntimeException: UNAVAILABLE: io exception
2022-03-02 19:15:50,324 [8c53a021-9171-485b-b256-839aa3d3ad02@group-70DC78C75E08-LeaderElection28] INFO  impl.LeaderElection (LeaderElection.java:askForVotes(308)) - 8c53a021-9171-485b-b256-839aa3d3ad02@group-70DC78C75E08-LeaderElection28 ELECTION round 0: result REJECTED
2022-03-02 19:15:50,324 [8c53a021-9171-485b-b256-839aa3d3ad02@group-70DC78C75E08-LeaderElection28] INFO  server.RaftServer$Division (RaftServerImpl.java:setRole(290)) - 8c53a021-9171-485b-b256-839aa3d3ad02@group-70DC78C75E08: changes role from CANDIDATE to FOLLOWER at term 2 for REJECTED
2022-03-02 19:15:50,324 [8c53a021-9171-485b-b256-839aa3d3ad02@group-70DC78C75E08-LeaderElection28] INFO  impl.RoleInfo (RoleInfo.java:shutdownLeaderElection(121)) - 8c53a021-9171-485b-b256-839aa3d3ad02: shutdown 8c53a021-9171-485b-b256-839aa3d3ad02@group-70DC78C75E08-LeaderElection28
2022-03-02 19:15:50,324 [8c53a021-9171-485b-b256-839aa3d3ad02@group-70DC78C75E08-LeaderElection28] INFO  impl.RoleInfo (RoleInfo.java:updateAndGet(130)) - 8c53a021-9171-485b-b256-839aa3d3ad02: start 8c53a021-9171-485b-b256-839aa3d3ad02@group-70DC78C75E08-FollowerState
2022-03-02 19:15:50,622 [8c53a021-9171-485b-b256-839aa3d3ad02@group-3B75440A2579-FollowerState] INFO  impl.FollowerState (FollowerState.java:run(134)) - 8c53a021-9171-485b-b256-839aa3d3ad02@group-3B75440A2579-FollowerState: change to CANDIDATE, lastRpcElapsedTime:5198139234ns, electionTimeout:5191ms
2022-03-02 19:15:50,623 [8c53a021-9171-485b-b256-839aa3d3ad02@group-3B75440A2579-FollowerState] INFO  impl.RoleInfo (RoleInfo.java:shutdownFollowerState(108)) - 8c53a021-9171-485b-b256-839aa3d3ad02: shutdown 8c53a021-9171-485b-b256-839aa3d3ad02@group-3B75440A2579-FollowerState
2022-03-02 19:15:50,623 [8c53a021-9171-485b-b256-839aa3d3ad02@group-3B75440A2579-FollowerState] INFO  server.RaftServer$Division (RaftServerImpl.java:setRole(290)) - 8c53a021-9171-485b-b256-839aa3d3ad02@group-3B75440A2579: changes role from  FOLLOWER to CANDIDATE at term 4 for changeToCandidate
2022-03-02 19:15:50,623 [8c53a021-9171-485b-b256-839aa3d3ad02@group-3B75440A2579-FollowerState] INFO  server.RaftServerConfigKeys (ConfUtils.java:logGet(44)) - raft.server.leaderelection.pre-vote = false (custom)
2022-03-02 19:15:50,623 [8c53a021-9171-485b-b256-839aa3d3ad02@group-3B75440A2579-FollowerState] INFO  impl.RoleInfo (RoleInfo.java:updateAndGet(130)) - 8c53a021-9171-485b-b256-839aa3d3ad02: start 8c53a021-9171-485b-b256-839aa3d3ad02@group-3B75440A2579-LeaderElection29
2022-03-02 19:15:50,642 [8c53a021-9171-485b-b256-839aa3d3ad02@group-3B75440A2579-LeaderElection29] INFO  impl.LeaderElection (LeaderElection.java:askForVotes(306)) - 8c53a021-9171-485b-b256-839aa3d3ad02@group-3B75440A2579-LeaderElection29 ELECTION round 0: submit vote requests at term 5 for -1: [6a96ca8f-dca1-45f9-908e-cf69810dcb0d|rpc:127.0.0.1:38231|dataStream:|priority:0, 730712bf-dc51-4bd6-9c9f-e27f92c302bd|rpc:127.0.0.1:43177|dataStream:|priority:0, 8c53a021-9171-485b-b256-839aa3d3ad02|rpc:127.0.0.1:41201|dataStream:|priority:1], old=null
2022-03-02 19:15:50,643 [8c53a021-9171-485b-b256-839aa3d3ad02@group-3B75440A2579-LeaderElection29] INFO  impl.LeaderElection (LogUtils.java:infoOrTrace(137)) - 8c53a021-9171-485b-b256-839aa3d3ad02@group-3B75440A2579-LeaderElection29 got exception when requesting votes: java.util.concurrent.ExecutionException: org.apache.ratis.thirdparty.io.grpc.StatusRuntimeException: UNAVAILABLE: io exception
2022-03-02 19:15:50,643 [8c53a021-9171-485b-b256-839aa3d3ad02@group-3B75440A2579-LeaderElection29] INFO  impl.LeaderElection (LogUtils.java:infoOrTrace(137)) - 8c53a021-9171-485b-b256-839aa3d3ad02@group-3B75440A2579-LeaderElection29 got exception when requesting votes: java.util.concurrent.ExecutionException: org.apache.ratis.thirdparty.io.grpc.StatusRuntimeException: UNAVAILABLE: io exception
2022-03-02 19:15:50,643 [8c53a021-9171-485b-b256-839aa3d3ad02@group-3B75440A2579-LeaderElection29] INFO  impl.LeaderElection (LeaderElection.java:logAndReturn(89)) - 8c53a021-9171-485b-b256-839aa3d3ad02@group-3B75440A2579-LeaderElection29: ELECTION REJECTED received 0 response(s) and 2 exception(s):
2022-03-02 19:15:50,643 [8c53a021-9171-485b-b256-839aa3d3ad02@group-3B75440A2579-LeaderElection29] INFO  impl.LeaderElection (LogUtils.java:infoOrTrace(137)) -   Exception 0: java.util.concurrent.ExecutionException: org.apache.ratis.thirdparty.io.grpc.StatusRuntimeException: UNAVAILABLE: io exception
2022-03-02 19:15:50,643 [8c53a021-9171-485b-b256-839aa3d3ad02@group-3B75440A2579-LeaderElection29] INFO  impl.LeaderElection (LogUtils.java:infoOrTrace(137)) -   Exception 1: java.util.concurrent.ExecutionException: org.apache.ratis.thirdparty.io.grpc.StatusRuntimeException: UNAVAILABLE: io exception
2022-03-02 19:15:50,643 [8c53a021-9171-485b-b256-839aa3d3ad02@group-3B75440A2579-LeaderElection29] INFO  impl.LeaderElection (LeaderElection.java:askForVotes(308)) - 8c53a021-9171-485b-b256-839aa3d3ad02@group-3B75440A2579-LeaderElection29 ELECTION round 0: result REJECTED
2022-03-02 19:15:50,644 [8c53a021-9171-485b-b256-839aa3d3ad02@group-3B75440A2579-LeaderElection29] INFO  server.RaftServer$Division (RaftServerImpl.java:setRole(290)) - 8c53a021-9171-485b-b256-839aa3d3ad02@group-3B75440A2579: changes role from CANDIDATE to FOLLOWER at term 5 for REJECTED
2022-03-02 19:15:50,644 [8c53a021-9171-485b-b256-839aa3d3ad02@group-3B75440A2579-LeaderElection29] INFO  impl.RoleInfo (RoleInfo.java:shutdownLeaderElection(121)) - 8c53a021-9171-485b-b256-839aa3d3ad02: shutdown 8c53a021-9171-485b-b256-839aa3d3ad02@group-3B75440A2579-LeaderElection29
2022-03-02 19:15:50,644 [8c53a021-9171-485b-b256-839aa3d3ad02@group-3B75440A2579-LeaderElection29] INFO  impl.RoleInfo (RoleInfo.java:updateAndGet(130)) - 8c53a021-9171-485b-b256-839aa3d3ad02: start 8c53a021-9171-485b-b256-839aa3d3ad02@group-3B75440A2579-FollowerState
2022-03-02 19:15:50,843 [EndpointStateMachine task thread for /127.0.0.1:34357 - 0 ] INFO  ipc.Client (Client.java:handleConnectionFailure(977)) - Retrying connect to server: localhost/127.0.0.1:34357. Already tried 14 time(s); retry policy is RetryUpToMaximumCountWithFixedSleep(maxRetries=15, sleepTime=1000 MILLISECONDS)
2022-03-02 19:15:50,844 [EndpointStateMachine task thread for /127.0.0.1:34357 - 0 ] WARN  statemachine.EndpointStateMachine (EndpointStateMachine.java:logIfNeeded(236)) - Unable to communicate to SCM server at localhost:34357 for past 0 seconds.
java.net.ConnectException: Call From fv-az396-267/10.1.0.35 to localhost:34357 failed on connection exception: java.net.ConnectException: Connection refused; For more details see:  http://wiki.apache.org/hadoop/ConnectionRefused
	at sun.reflect.GeneratedConstructorAccessor44.newInstance(Unknown Source)
	at sun.reflect.DelegatingConstructorAccessorImpl.newInstance(DelegatingConstructorAccessorImpl.java:45)
	at java.lang.reflect.Constructor.newInstance(Constructor.java:423)
	at org.apache.hadoop.net.NetUtils.wrapWithMessage(NetUtils.java:913)
	at org.apache.hadoop.net.NetUtils.wrapException(NetUtils.java:828)
	at org.apache.hadoop.ipc.Client.getRpcResponse(Client.java:1577)
	at org.apache.hadoop.ipc.Client.call(Client.java:1519)
	at org.apache.hadoop.ipc.Client.call(Client.java:1416)
	at org.apache.hadoop.ipc.ProtobufRpcEngine$Invoker.invoke(ProtobufRpcEngine.java:236)
	at org.apache.hadoop.ipc.ProtobufRpcEngine$Invoker.invoke(ProtobufRpcEngine.java:123)
	at com.sun.proxy.$Proxy48.submitRequest(Unknown Source)
	at org.apache.hadoop.ozone.protocolPB.StorageContainerDatanodeProtocolClientSideTranslatorPB.submitRequest(StorageContainerDatanodeProtocolClientSideTranslatorPB.java:117)
	at org.apache.hadoop.ozone.protocolPB.StorageContainerDatanodeProtocolClientSideTranslatorPB.sendHeartbeat(StorageContainerDatanodeProtocolClientSideTranslatorPB.java:149)
	at org.apache.hadoop.ozone.container.common.states.endpoint.HeartbeatEndpointTask.call(HeartbeatEndpointTask.java:179)
	at org.apache.hadoop.ozone.container.common.states.endpoint.HeartbeatEndpointTask.call(HeartbeatEndpointTask.java:82)
	at java.util.concurrent.FutureTask.run(FutureTask.java:266)
	at java.util.concurrent.ThreadPoolExecutor.runWorker(ThreadPoolExecutor.java:1149)
	at java.util.concurrent.ThreadPoolExecutor$Worker.run(ThreadPoolExecutor.java:624)
	at java.lang.Thread.run(Thread.java:750)
Caused by: java.net.ConnectException: Connection refused
	at sun.nio.ch.SocketChannelImpl.checkConnect(Native Method)
	at sun.nio.ch.SocketChannelImpl.finishConnect(SocketChannelImpl.java:716)
	at org.apache.hadoop.net.SocketIOWithTimeout.connect(SocketIOWithTimeout.java:206)
	at org.apache.hadoop.net.NetUtils.connect(NetUtils.java:586)
	at org.apache.hadoop.ipc.Client$Connection.setupConnection(Client.java:701)
	at org.apache.hadoop.ipc.Client$Connection.setupIOstreams(Client.java:822)
	at org.apache.hadoop.ipc.Client$Connection.access$3800(Client.java:414)
	at org.apache.hadoop.ipc.Client.getConnection(Client.java:1647)
	at org.apache.hadoop.ipc.Client.call(Client.java:1463)
	... 12 more
2022-03-02 19:15:50,886 [EndpointStateMachine task thread for /127.0.0.1:34023 - 0 ] INFO  ipc.Client (Client.java:handleConnectionFailure(977)) - Retrying connect to server: localhost/127.0.0.1:34023. Already tried 13 time(s); retry policy is RetryUpToMaximumCountWithFixedSleep(maxRetries=15, sleepTime=1000 MILLISECONDS)
2022-03-02 19:15:50,892 [EndpointStateMachine task thread for /127.0.0.1:44351 - 0 ] INFO  ipc.Client (Client.java:handleConnectionFailure(977)) - Retrying connect to server: localhost/127.0.0.1:44351. Already tried 13 time(s); retry policy is RetryUpToMaximumCountWithFixedSleep(maxRetries=15, sleepTime=1000 MILLISECONDS)
2022-03-02 19:15:50,896 [EndpointStateMachine task thread for /127.0.0.1:45835 - 0 ] INFO  ipc.Client (Client.java:handleConnectionFailure(977)) - Retrying connect to server: localhost/127.0.0.1:45835. Already tried 13 time(s); retry policy is RetryUpToMaximumCountWithFixedSleep(maxRetries=15, sleepTime=1000 MILLISECONDS)
2022-03-02 19:15:51,177 [EndpointStateMachine task thread for /127.0.0.1:41985 - 0 ] INFO  ipc.Client (Client.java:handleConnectionFailure(977)) - Retrying connect to server: localhost/127.0.0.1:41985. Already tried 14 time(s); retry policy is RetryUpToMaximumCountWithFixedSleep(maxRetries=15, sleepTime=1000 MILLISECONDS)
2022-03-02 19:15:51,178 [EndpointStateMachine task thread for /127.0.0.1:41985 - 0 ] WARN  statemachine.EndpointStateMachine (EndpointStateMachine.java:logIfNeeded(236)) - Unable to communicate to SCM server at localhost:41985 for past 0 seconds.
java.net.ConnectException: Call From fv-az396-267/10.1.0.35 to localhost:41985 failed on connection exception: java.net.ConnectException: Connection refused; For more details see:  http://wiki.apache.org/hadoop/ConnectionRefused
	at sun.reflect.GeneratedConstructorAccessor44.newInstance(Unknown Source)
	at sun.reflect.DelegatingConstructorAccessorImpl.newInstance(DelegatingConstructorAccessorImpl.java:45)
	at java.lang.reflect.Constructor.newInstance(Constructor.java:423)
	at org.apache.hadoop.net.NetUtils.wrapWithMessage(NetUtils.java:913)
	at org.apache.hadoop.net.NetUtils.wrapException(NetUtils.java:828)
	at org.apache.hadoop.ipc.Client.getRpcResponse(Client.java:1577)
	at org.apache.hadoop.ipc.Client.call(Client.java:1519)
	at org.apache.hadoop.ipc.Client.call(Client.java:1416)
	at org.apache.hadoop.ipc.ProtobufRpcEngine$Invoker.invoke(ProtobufRpcEngine.java:236)
	at org.apache.hadoop.ipc.ProtobufRpcEngine$Invoker.invoke(ProtobufRpcEngine.java:123)
	at com.sun.proxy.$Proxy48.submitRequest(Unknown Source)
	at org.apache.hadoop.ozone.protocolPB.StorageContainerDatanodeProtocolClientSideTranslatorPB.submitRequest(StorageContainerDatanodeProtocolClientSideTranslatorPB.java:117)
	at org.apache.hadoop.ozone.protocolPB.StorageContainerDatanodeProtocolClientSideTranslatorPB.register(StorageContainerDatanodeProtocolClientSideTranslatorPB.java:180)
	at org.apache.hadoop.ozone.container.common.states.endpoint.RegisterEndpointTask.call(RegisterEndpointTask.java:158)
	at org.apache.hadoop.ozone.container.common.states.endpoint.RegisterEndpointTask.call(RegisterEndpointTask.java:52)
	at java.util.concurrent.FutureTask.run(FutureTask.java:266)
	at java.util.concurrent.ThreadPoolExecutor.runWorker(ThreadPoolExecutor.java:1149)
	at java.util.concurrent.ThreadPoolExecutor$Worker.run(ThreadPoolExecutor.java:624)
	at java.lang.Thread.run(Thread.java:750)
Caused by: java.net.ConnectException: Connection refused
	at sun.nio.ch.SocketChannelImpl.checkConnect(Native Method)
	at sun.nio.ch.SocketChannelImpl.finishConnect(SocketChannelImpl.java:716)
	at org.apache.hadoop.net.SocketIOWithTimeout.connect(SocketIOWithTimeout.java:206)
	at org.apache.hadoop.net.NetUtils.connect(NetUtils.java:586)
	at org.apache.hadoop.ipc.Client$Connection.setupConnection(Client.java:701)
	at org.apache.hadoop.ipc.Client$Connection.setupIOstreams(Client.java:822)
	at org.apache.hadoop.ipc.Client$Connection.access$3800(Client.java:414)
	at org.apache.hadoop.ipc.Client.getConnection(Client.java:1647)
	at org.apache.hadoop.ipc.Client.call(Client.java:1463)
	... 12 more
2022-03-02 19:15:51,180 [EndpointStateMachine task thread for /127.0.0.1:41941 - 0 ] INFO  ipc.Client (Client.java:handleConnectionFailure(977)) - Retrying connect to server: localhost/127.0.0.1:41941. Already tried 14 time(s); retry policy is RetryUpToMaximumCountWithFixedSleep(maxRetries=15, sleepTime=1000 MILLISECONDS)
2022-03-02 19:15:51,180 [EndpointStateMachine task thread for /127.0.0.1:41941 - 0 ] WARN  statemachine.EndpointStateMachine (EndpointStateMachine.java:logIfNeeded(236)) - Unable to communicate to SCM server at localhost:41941 for past 0 seconds.
java.net.ConnectException: Call From fv-az396-267/10.1.0.35 to localhost:41941 failed on connection exception: java.net.ConnectException: Connection refused; For more details see:  http://wiki.apache.org/hadoop/ConnectionRefused
	at sun.reflect.GeneratedConstructorAccessor44.newInstance(Unknown Source)
	at sun.reflect.DelegatingConstructorAccessorImpl.newInstance(DelegatingConstructorAccessorImpl.java:45)
	at java.lang.reflect.Constructor.newInstance(Constructor.java:423)
	at org.apache.hadoop.net.NetUtils.wrapWithMessage(NetUtils.java:913)
	at org.apache.hadoop.net.NetUtils.wrapException(NetUtils.java:828)
	at org.apache.hadoop.ipc.Client.getRpcResponse(Client.java:1577)
	at org.apache.hadoop.ipc.Client.call(Client.java:1519)
	at org.apache.hadoop.ipc.Client.call(Client.java:1416)
	at org.apache.hadoop.ipc.ProtobufRpcEngine$Invoker.invoke(ProtobufRpcEngine.java:236)
	at org.apache.hadoop.ipc.ProtobufRpcEngine$Invoker.invoke(ProtobufRpcEngine.java:123)
	at com.sun.proxy.$Proxy48.submitRequest(Unknown Source)
	at org.apache.hadoop.ozone.protocolPB.StorageContainerDatanodeProtocolClientSideTranslatorPB.submitRequest(StorageContainerDatanodeProtocolClientSideTranslatorPB.java:117)
	at org.apache.hadoop.ozone.protocolPB.StorageContainerDatanodeProtocolClientSideTranslatorPB.sendHeartbeat(StorageContainerDatanodeProtocolClientSideTranslatorPB.java:149)
	at org.apache.hadoop.ozone.container.common.states.endpoint.HeartbeatEndpointTask.call(HeartbeatEndpointTask.java:179)
	at org.apache.hadoop.ozone.container.common.states.endpoint.HeartbeatEndpointTask.call(HeartbeatEndpointTask.java:82)
	at java.util.concurrent.FutureTask.run(FutureTask.java:266)
	at java.util.concurrent.ThreadPoolExecutor.runWorker(ThreadPoolExecutor.java:1149)
	at java.util.concurrent.ThreadPoolExecutor$Worker.run(ThreadPoolExecutor.java:624)
	at java.lang.Thread.run(Thread.java:750)
Caused by: java.net.ConnectException: Connection refused
	at sun.nio.ch.SocketChannelImpl.checkConnect(Native Method)
	at sun.nio.ch.SocketChannelImpl.finishConnect(SocketChannelImpl.java:716)
	at org.apache.hadoop.net.SocketIOWithTimeout.connect(SocketIOWithTimeout.java:206)
	at org.apache.hadoop.net.NetUtils.connect(NetUtils.java:586)
	at org.apache.hadoop.ipc.Client$Connection.setupConnection(Client.java:701)
	at org.apache.hadoop.ipc.Client$Connection.setupIOstreams(Client.java:822)
	at org.apache.hadoop.ipc.Client$Connection.access$3800(Client.java:414)
	at org.apache.hadoop.ipc.Client.getConnection(Client.java:1647)
	at org.apache.hadoop.ipc.Client.call(Client.java:1463)
	... 12 more
2022-03-02 19:15:51,844 [EndpointStateMachine task thread for /127.0.0.1:34357 - 0 ] INFO  ipc.Client (Client.java:handleConnectionFailure(977)) - Retrying connect to server: localhost/127.0.0.1:34357. Already tried 0 time(s); retry policy is RetryUpToMaximumCountWithFixedSleep(maxRetries=15, sleepTime=1000 MILLISECONDS)
2022-03-02 19:15:51,887 [EndpointStateMachine task thread for /127.0.0.1:34023 - 0 ] INFO  ipc.Client (Client.java:handleConnectionFailure(977)) - Retrying connect to server: localhost/127.0.0.1:34023. Already tried 14 time(s); retry policy is RetryUpToMaximumCountWithFixedSleep(maxRetries=15, sleepTime=1000 MILLISECONDS)
2022-03-02 19:15:51,893 [EndpointStateMachine task thread for /127.0.0.1:44351 - 0 ] INFO  ipc.Client (Client.java:handleConnectionFailure(977)) - Retrying connect to server: localhost/127.0.0.1:44351. Already tried 14 time(s); retry policy is RetryUpToMaximumCountWithFixedSleep(maxRetries=15, sleepTime=1000 MILLISECONDS)
2022-03-02 19:15:51,896 [EndpointStateMachine task thread for /127.0.0.1:45835 - 0 ] INFO  ipc.Client (Client.java:handleConnectionFailure(977)) - Retrying connect to server: localhost/127.0.0.1:45835. Already tried 14 time(s); retry policy is RetryUpToMaximumCountWithFixedSleep(maxRetries=15, sleepTime=1000 MILLISECONDS)
2022-03-02 19:15:52,178 [EndpointStateMachine task thread for /127.0.0.1:41985 - 0 ] INFO  ipc.Client (Client.java:handleConnectionFailure(977)) - Retrying connect to server: localhost/127.0.0.1:41985. Already tried 0 time(s); retry policy is RetryUpToMaximumCountWithFixedSleep(maxRetries=15, sleepTime=1000 MILLISECONDS)
2022-03-02 19:15:52,181 [EndpointStateMachine task thread for /127.0.0.1:41941 - 0 ] INFO  ipc.Client (Client.java:handleConnectionFailure(977)) - Retrying connect to server: localhost/127.0.0.1:41941. Already tried 0 time(s); retry policy is RetryUpToMaximumCountWithFixedSleep(maxRetries=15, sleepTime=1000 MILLISECONDS)
2022-03-02 19:15:52,850 [EndpointStateMachine task thread for /127.0.0.1:34357 - 0 ] INFO  ipc.Client (Client.java:handleConnectionFailure(977)) - Retrying connect to server: localhost/127.0.0.1:34357. Already tried 1 time(s); retry policy is RetryUpToMaximumCountWithFixedSleep(maxRetries=15, sleepTime=1000 MILLISECONDS)
2022-03-02 19:15:52,891 [EndpointStateMachine task thread for /127.0.0.1:34023 - 0 ] INFO  ipc.Client (Client.java:handleConnectionFailure(977)) - Retrying connect to server: localhost/127.0.0.1:34023. Already tried 0 time(s); retry policy is RetryUpToMaximumCountWithFixedSleep(maxRetries=15, sleepTime=1000 MILLISECONDS)
2022-03-02 19:15:52,895 [EndpointStateMachine task thread for /127.0.0.1:44351 - 0 ] INFO  ipc.Client (Client.java:handleConnectionFailure(977)) - Retrying connect to server: localhost/127.0.0.1:44351. Already tried 0 time(s); retry policy is RetryUpToMaximumCountWithFixedSleep(maxRetries=15, sleepTime=1000 MILLISECONDS)
2022-03-02 19:15:52,897 [EndpointStateMachine task thread for /127.0.0.1:45835 - 0 ] INFO  ipc.Client (Client.java:handleConnectionFailure(977)) - Retrying connect to server: localhost/127.0.0.1:45835. Already tried 0 time(s); retry policy is RetryUpToMaximumCountWithFixedSleep(maxRetries=15, sleepTime=1000 MILLISECONDS)
2022-03-02 19:15:53,099 [ForkJoinPool.commonPool-worker-1] INFO  ozoneimpl.OzoneContainer (OzoneContainer.java:stop(356)) - Attempting to stop container services.
2022-03-02 19:15:53,100 [ForkJoinPool.commonPool-worker-1] INFO  server.RaftServer (RaftServerProxy.java:lambda$close$6(391)) - 8c53a021-9171-485b-b256-839aa3d3ad02: close
2022-03-02 19:15:53,100 [ForkJoinPool.commonPool-worker-1] INFO  server.RaftServer$Division (RaftServerImpl.java:lambda$close$4(412)) - 8c53a021-9171-485b-b256-839aa3d3ad02@group-3B75440A2579: shutdown
2022-03-02 19:15:53,100 [ForkJoinPool.commonPool-worker-1] INFO  util.JmxRegister (JmxRegister.java:unregister(73)) - Successfully un-registered JMX Bean with object name Ratis:service=RaftServer,group=group-3B75440A2579,id=8c53a021-9171-485b-b256-839aa3d3ad02
2022-03-02 19:15:53,100 [ForkJoinPool.commonPool-worker-1] INFO  impl.RoleInfo (RoleInfo.java:shutdownFollowerState(108)) - 8c53a021-9171-485b-b256-839aa3d3ad02: shutdown 8c53a021-9171-485b-b256-839aa3d3ad02@group-3B75440A2579-FollowerState
2022-03-02 19:15:53,100 [ForkJoinPool.commonPool-worker-1] INFO  impl.StateMachineUpdater (StateMachineUpdater.java:stopAndJoin(149)) - 8c53a021-9171-485b-b256-839aa3d3ad02@group-3B75440A2579-StateMachineUpdater: set stopIndex = -1
2022-03-02 19:15:53,100 [8c53a021-9171-485b-b256-839aa3d3ad02@group-3B75440A2579-FollowerState] INFO  impl.FollowerState (FollowerState.java:run(143)) - 8c53a021-9171-485b-b256-839aa3d3ad02@group-3B75440A2579-FollowerState was interrupted: {}
java.lang.InterruptedException: sleep interrupted
	at java.lang.Thread.sleep(Native Method)
	at java.lang.Thread.sleep(Thread.java:342)
	at java.util.concurrent.TimeUnit.sleep(TimeUnit.java:386)
	at org.apache.ratis.util.TimeDuration.sleep(TimeDuration.java:324)
	at org.apache.ratis.util.TimeDuration.sleep(TimeDuration.java:309)
	at org.apache.ratis.server.impl.FollowerState.run(FollowerState.java:118)
2022-03-02 19:15:53,102 [ForkJoinPool.commonPool-worker-1] INFO  server.RaftServer$Division (ServerState.java:close(419)) - 8c53a021-9171-485b-b256-839aa3d3ad02@group-3B75440A2579: closes. applyIndex: -1
2022-03-02 19:15:53,103 [8c53a021-9171-485b-b256-839aa3d3ad02@group-3B75440A2579-SegmentedRaftLogWorker] INFO  segmented.SegmentedRaftLogWorker (SegmentedRaftLogWorker.java:run(327)) - 8c53a021-9171-485b-b256-839aa3d3ad02@group-3B75440A2579-SegmentedRaftLogWorker was interrupted, exiting. There are 0 tasks remaining in the queue.
2022-03-02 19:15:53,103 [ForkJoinPool.commonPool-worker-1] INFO  segmented.SegmentedRaftLogWorker (SegmentedRaftLogWorker.java:close(237)) - 8c53a021-9171-485b-b256-839aa3d3ad02@group-3B75440A2579-SegmentedRaftLogWorker close()
2022-03-02 19:15:53,104 [ForkJoinPool.commonPool-worker-1] INFO  server.RaftServer$Division (RaftServerImpl.java:lambda$close$4(412)) - 8c53a021-9171-485b-b256-839aa3d3ad02@group-465AEE61AB4C: shutdown
2022-03-02 19:15:53,104 [ForkJoinPool.commonPool-worker-1] INFO  util.JmxRegister (JmxRegister.java:unregister(73)) - Successfully un-registered JMX Bean with object name Ratis:service=RaftServer,group=group-465AEE61AB4C,id=8c53a021-9171-485b-b256-839aa3d3ad02
2022-03-02 19:15:53,104 [ForkJoinPool.commonPool-worker-1] INFO  impl.RoleInfo (RoleInfo.java:shutdownLeaderState(91)) - 8c53a021-9171-485b-b256-839aa3d3ad02: shutdown 8c53a021-9171-485b-b256-839aa3d3ad02@group-465AEE61AB4C-LeaderStateImpl
2022-03-02 19:15:53,104 [ForkJoinPool.commonPool-worker-1] INFO  impl.PendingRequests (PendingRequests.java:sendNotLeaderResponses(282)) - 8c53a021-9171-485b-b256-839aa3d3ad02@group-465AEE61AB4C-PendingRequests: sendNotLeaderResponses
2022-03-02 19:15:53,105 [ForkJoinPool.commonPool-worker-1] INFO  impl.StateMachineUpdater (StateMachineUpdater.java:stopAndJoin(149)) - 8c53a021-9171-485b-b256-839aa3d3ad02@group-465AEE61AB4C-StateMachineUpdater: set stopIndex = 0
2022-03-02 19:15:53,105 [8c53a021-9171-485b-b256-839aa3d3ad02@group-465AEE61AB4C-StateMachineUpdater] INFO  ratis.ContainerStateMachine (ContainerStateMachine.java:takeSnapshot(304)) - group-465AEE61AB4C: Taking a snapshot at:(t:1, i:0) file /home/runner/work/ozone/ozone/hadoop-ozone/integration-test/target/test-dir/MiniOzoneClusterImpl-403ad05d-12dd-4695-ad1e-d5eafc849fbc/datanode-2/data/ratis/2b254719-62e1-45ad-b4c0-465aee61ab4c/sm/snapshot.1_0
2022-03-02 19:15:53,106 [8c53a021-9171-485b-b256-839aa3d3ad02@group-465AEE61AB4C-StateMachineUpdater] INFO  ratis.ContainerStateMachine (ContainerStateMachine.java:takeSnapshot(315)) - group-465AEE61AB4C: Finished taking a snapshot at:(t:1, i:0) file:/home/runner/work/ozone/ozone/hadoop-ozone/integration-test/target/test-dir/MiniOzoneClusterImpl-403ad05d-12dd-4695-ad1e-d5eafc849fbc/datanode-2/data/ratis/2b254719-62e1-45ad-b4c0-465aee61ab4c/sm/snapshot.1_0 took: 1 ms
2022-03-02 19:15:53,106 [8c53a021-9171-485b-b256-839aa3d3ad02@group-465AEE61AB4C-StateMachineUpdater] INFO  impl.StateMachineUpdater (StateMachineUpdater.java:takeSnapshot(281)) - 8c53a021-9171-485b-b256-839aa3d3ad02@group-465AEE61AB4C-StateMachineUpdater: Took a snapshot at index 0
2022-03-02 19:15:53,107 [8c53a021-9171-485b-b256-839aa3d3ad02@group-465AEE61AB4C-StateMachineUpdater] INFO  impl.StateMachineUpdater (StateMachineUpdater.java:lambda$new$0(89)) - 8c53a021-9171-485b-b256-839aa3d3ad02@group-465AEE61AB4C-StateMachineUpdater: snapshotIndex: updateIncreasingly -1 -> 0
2022-03-02 19:15:53,107 [ForkJoinPool.commonPool-worker-1] INFO  server.RaftServer$Division (ServerState.java:close(419)) - 8c53a021-9171-485b-b256-839aa3d3ad02@group-465AEE61AB4C: closes. applyIndex: 0
2022-03-02 19:15:53,107 [8c53a021-9171-485b-b256-839aa3d3ad02@group-465AEE61AB4C-SegmentedRaftLogWorker] INFO  segmented.SegmentedRaftLogWorker (SegmentedRaftLogWorker.java:run(327)) - 8c53a021-9171-485b-b256-839aa3d3ad02@group-465AEE61AB4C-SegmentedRaftLogWorker was interrupted, exiting. There are 0 tasks remaining in the queue.
2022-03-02 19:15:53,107 [ForkJoinPool.commonPool-worker-1] INFO  segmented.SegmentedRaftLogWorker (SegmentedRaftLogWorker.java:close(237)) - 8c53a021-9171-485b-b256-839aa3d3ad02@group-465AEE61AB4C-SegmentedRaftLogWorker close()
2022-03-02 19:15:53,108 [ForkJoinPool.commonPool-worker-1] INFO  server.RaftServer$Division (RaftServerImpl.java:lambda$close$4(412)) - 8c53a021-9171-485b-b256-839aa3d3ad02@group-70DC78C75E08: shutdown
2022-03-02 19:15:53,108 [ForkJoinPool.commonPool-worker-1] INFO  util.JmxRegister (JmxRegister.java:unregister(73)) - Successfully un-registered JMX Bean with object name Ratis:service=RaftServer,group=group-70DC78C75E08,id=8c53a021-9171-485b-b256-839aa3d3ad02
2022-03-02 19:15:53,108 [ForkJoinPool.commonPool-worker-1] INFO  impl.RoleInfo (RoleInfo.java:shutdownFollowerState(108)) - 8c53a021-9171-485b-b256-839aa3d3ad02: shutdown 8c53a021-9171-485b-b256-839aa3d3ad02@group-70DC78C75E08-FollowerState
2022-03-02 19:15:53,108 [8c53a021-9171-485b-b256-839aa3d3ad02@group-70DC78C75E08-FollowerState] INFO  impl.FollowerState (FollowerState.java:run(143)) - 8c53a021-9171-485b-b256-839aa3d3ad02@group-70DC78C75E08-FollowerState was interrupted: {}
java.lang.InterruptedException: sleep interrupted
	at java.lang.Thread.sleep(Native Method)
	at java.lang.Thread.sleep(Thread.java:342)
	at java.util.concurrent.TimeUnit.sleep(TimeUnit.java:386)
	at org.apache.ratis.util.TimeDuration.sleep(TimeDuration.java:324)
	at org.apache.ratis.util.TimeDuration.sleep(TimeDuration.java:309)
	at org.apache.ratis.server.impl.FollowerState.run(FollowerState.java:118)
2022-03-02 19:15:53,108 [8c53a021-9171-485b-b256-839aa3d3ad02@group-70DC78C75E08-StateMachineUpdater] INFO  ratis.ContainerStateMachine (ContainerStateMachine.java:takeSnapshot(304)) - group-70DC78C75E08: Taking a snapshot at:(t:1, i:0) file /home/runner/work/ozone/ozone/hadoop-ozone/integration-test/target/test-dir/MiniOzoneClusterImpl-403ad05d-12dd-4695-ad1e-d5eafc849fbc/datanode-2/data/ratis/a887aa1b-d7f9-49e5-8fba-70dc78c75e08/sm/snapshot.1_0
2022-03-02 19:15:53,109 [8c53a021-9171-485b-b256-839aa3d3ad02@group-70DC78C75E08-StateMachineUpdater] INFO  ratis.ContainerStateMachine (ContainerStateMachine.java:takeSnapshot(315)) - group-70DC78C75E08: Finished taking a snapshot at:(t:1, i:0) file:/home/runner/work/ozone/ozone/hadoop-ozone/integration-test/target/test-dir/MiniOzoneClusterImpl-403ad05d-12dd-4695-ad1e-d5eafc849fbc/datanode-2/data/ratis/a887aa1b-d7f9-49e5-8fba-70dc78c75e08/sm/snapshot.1_0 took: 1 ms
2022-03-02 19:15:53,109 [8c53a021-9171-485b-b256-839aa3d3ad02@group-70DC78C75E08-StateMachineUpdater] INFO  impl.StateMachineUpdater (StateMachineUpdater.java:takeSnapshot(281)) - 8c53a021-9171-485b-b256-839aa3d3ad02@group-70DC78C75E08-StateMachineUpdater: Took a snapshot at index 0
2022-03-02 19:15:53,109 [8c53a021-9171-485b-b256-839aa3d3ad02@group-70DC78C75E08-StateMachineUpdater] INFO  impl.StateMachineUpdater (StateMachineUpdater.java:lambda$new$0(89)) - 8c53a021-9171-485b-b256-839aa3d3ad02@group-70DC78C75E08-StateMachineUpdater: snapshotIndex: updateIncreasingly -1 -> 0
2022-03-02 19:15:53,110 [ForkJoinPool.commonPool-worker-1] INFO  impl.StateMachineUpdater (StateMachineUpdater.java:stopAndJoin(149)) - 8c53a021-9171-485b-b256-839aa3d3ad02@group-70DC78C75E08-StateMachineUpdater: set stopIndex = 0
2022-03-02 19:15:53,110 [ForkJoinPool.commonPool-worker-1] INFO  server.RaftServer$Division (ServerState.java:close(419)) - 8c53a021-9171-485b-b256-839aa3d3ad02@group-70DC78C75E08: closes. applyIndex: 0
2022-03-02 19:15:53,110 [8c53a021-9171-485b-b256-839aa3d3ad02@group-70DC78C75E08-SegmentedRaftLogWorker] INFO  segmented.SegmentedRaftLogWorker (SegmentedRaftLogWorker.java:run(327)) - 8c53a021-9171-485b-b256-839aa3d3ad02@group-70DC78C75E08-SegmentedRaftLogWorker was interrupted, exiting. There are 0 tasks remaining in the queue.
2022-03-02 19:15:53,110 [ForkJoinPool.commonPool-worker-1] INFO  segmented.SegmentedRaftLogWorker (SegmentedRaftLogWorker.java:close(237)) - 8c53a021-9171-485b-b256-839aa3d3ad02@group-70DC78C75E08-SegmentedRaftLogWorker close()
2022-03-02 19:15:53,111 [ForkJoinPool.commonPool-worker-1] INFO  server.GrpcService (GrpcService.java:closeImpl(262)) - 8c53a021-9171-485b-b256-839aa3d3ad02: shutdown server with port 41201 now
2022-03-02 19:15:53,112 [ForkJoinPool.commonPool-worker-1] INFO  server.GrpcService (GrpcService.java:closeImpl(271)) - 8c53a021-9171-485b-b256-839aa3d3ad02: shutdown server with port 41201 successfully
2022-03-02 19:15:53,113 [org.apache.ratis.util.JvmPauseMonitor$$Lambda$503/310350177@6d4cbbdb] INFO  util.JvmPauseMonitor (JvmPauseMonitor.java:run(109)) - JvmPauseMonitor-8c53a021-9171-485b-b256-839aa3d3ad02: Stopped
2022-03-02 19:15:53,179 [EndpointStateMachine task thread for /127.0.0.1:41985 - 0 ] INFO  ipc.Client (Client.java:handleConnectionFailure(977)) - Retrying connect to server: localhost/127.0.0.1:41985. Already tried 1 time(s); retry policy is RetryUpToMaximumCountWithFixedSleep(maxRetries=15, sleepTime=1000 MILLISECONDS)
2022-03-02 19:15:53,181 [EndpointStateMachine task thread for /127.0.0.1:41941 - 0 ] INFO  ipc.Client (Client.java:handleConnectionFailure(977)) - Retrying connect to server: localhost/127.0.0.1:41941. Already tried 1 time(s); retry policy is RetryUpToMaximumCountWithFixedSleep(maxRetries=15, sleepTime=1000 MILLISECONDS)
2022-03-02 19:15:53,850 [EndpointStateMachine task thread for /127.0.0.1:34357 - 0 ] INFO  ipc.Client (Client.java:handleConnectionFailure(977)) - Retrying connect to server: localhost/127.0.0.1:34357. Already tried 2 time(s); retry policy is RetryUpToMaximumCountWithFixedSleep(maxRetries=15, sleepTime=1000 MILLISECONDS)
2022-03-02 19:15:53,892 [EndpointStateMachine task thread for /127.0.0.1:34023 - 0 ] INFO  ipc.Client (Client.java:handleConnectionFailure(977)) - Retrying connect to server: localhost/127.0.0.1:34023. Already tried 1 time(s); retry policy is RetryUpToMaximumCountWithFixedSleep(maxRetries=15, sleepTime=1000 MILLISECONDS)
2022-03-02 19:15:53,895 [EndpointStateMachine task thread for /127.0.0.1:44351 - 0 ] INFO  ipc.Client (Client.java:handleConnectionFailure(977)) - Retrying connect to server: localhost/127.0.0.1:44351. Already tried 1 time(s); retry policy is RetryUpToMaximumCountWithFixedSleep(maxRetries=15, sleepTime=1000 MILLISECONDS)
2022-03-02 19:15:53,897 [EndpointStateMachine task thread for /127.0.0.1:45835 - 0 ] INFO  ipc.Client (Client.java:handleConnectionFailure(977)) - Retrying connect to server: localhost/127.0.0.1:45835. Already tried 1 time(s); retry policy is RetryUpToMaximumCountWithFixedSleep(maxRetries=15, sleepTime=1000 MILLISECONDS)
2022-03-02 19:15:54,180 [EndpointStateMachine task thread for /127.0.0.1:41985 - 0 ] INFO  ipc.Client (Client.java:handleConnectionFailure(977)) - Retrying connect to server: localhost/127.0.0.1:41985. Already tried 2 time(s); retry policy is RetryUpToMaximumCountWithFixedSleep(maxRetries=15, sleepTime=1000 MILLISECONDS)
2022-03-02 19:15:54,182 [EndpointStateMachine task thread for /127.0.0.1:41941 - 0 ] INFO  ipc.Client (Client.java:handleConnectionFailure(977)) - Retrying connect to server: localhost/127.0.0.1:41941. Already tried 2 time(s); retry policy is RetryUpToMaximumCountWithFixedSleep(maxRetries=15, sleepTime=1000 MILLISECONDS)
2022-03-02 19:15:54,851 [EndpointStateMachine task thread for /127.0.0.1:34357 - 0 ] INFO  ipc.Client (Client.java:handleConnectionFailure(977)) - Retrying connect to server: localhost/127.0.0.1:34357. Already tried 3 time(s); retry policy is RetryUpToMaximumCountWithFixedSleep(maxRetries=15, sleepTime=1000 MILLISECONDS)
2022-03-02 19:15:54,892 [EndpointStateMachine task thread for /127.0.0.1:34023 - 0 ] INFO  ipc.Client (Client.java:handleConnectionFailure(977)) - Retrying connect to server: localhost/127.0.0.1:34023. Already tried 2 time(s); retry policy is RetryUpToMaximumCountWithFixedSleep(maxRetries=15, sleepTime=1000 MILLISECONDS)
2022-03-02 19:15:54,896 [EndpointStateMachine task thread for /127.0.0.1:44351 - 0 ] INFO  ipc.Client (Client.java:handleConnectionFailure(977)) - Retrying connect to server: localhost/127.0.0.1:44351. Already tried 2 time(s); retry policy is RetryUpToMaximumCountWithFixedSleep(maxRetries=15, sleepTime=1000 MILLISECONDS)
2022-03-02 19:15:54,898 [EndpointStateMachine task thread for /127.0.0.1:45835 - 0 ] INFO  ipc.Client (Client.java:handleConnectionFailure(977)) - Retrying connect to server: localhost/127.0.0.1:45835. Already tried 2 time(s); retry policy is RetryUpToMaximumCountWithFixedSleep(maxRetries=15, sleepTime=1000 MILLISECONDS)
2022-03-02 19:15:55,127 [ForkJoinPool.commonPool-worker-1] INFO  utils.BackgroundService (BackgroundService.java:shutdown(132)) - Shutting down service BlockDeletingService
2022-03-02 19:15:55,181 [EndpointStateMachine task thread for /127.0.0.1:41985 - 0 ] INFO  ipc.Client (Client.java:handleConnectionFailure(977)) - Retrying connect to server: localhost/127.0.0.1:41985. Already tried 3 time(s); retry policy is RetryUpToMaximumCountWithFixedSleep(maxRetries=15, sleepTime=1000 MILLISECONDS)
2022-03-02 19:15:55,182 [EndpointStateMachine task thread for /127.0.0.1:41941 - 0 ] INFO  ipc.Client (Client.java:handleConnectionFailure(977)) - Retrying connect to server: localhost/127.0.0.1:41941. Already tried 3 time(s); retry policy is RetryUpToMaximumCountWithFixedSleep(maxRetries=15, sleepTime=1000 MILLISECONDS)
2022-03-02 19:15:55,852 [EndpointStateMachine task thread for /127.0.0.1:34357 - 0 ] INFO  ipc.Client (Client.java:handleConnectionFailure(977)) - Retrying connect to server: localhost/127.0.0.1:34357. Already tried 4 time(s); retry policy is RetryUpToMaximumCountWithFixedSleep(maxRetries=15, sleepTime=1000 MILLISECONDS)
2022-03-02 19:15:55,893 [EndpointStateMachine task thread for /127.0.0.1:34023 - 0 ] INFO  ipc.Client (Client.java:handleConnectionFailure(977)) - Retrying connect to server: localhost/127.0.0.1:34023. Already tried 3 time(s); retry policy is RetryUpToMaximumCountWithFixedSleep(maxRetries=15, sleepTime=1000 MILLISECONDS)
2022-03-02 19:15:55,896 [EndpointStateMachine task thread for /127.0.0.1:44351 - 0 ] INFO  ipc.Client (Client.java:handleConnectionFailure(977)) - Retrying connect to server: localhost/127.0.0.1:44351. Already tried 3 time(s); retry policy is RetryUpToMaximumCountWithFixedSleep(maxRetries=15, sleepTime=1000 MILLISECONDS)
2022-03-02 19:15:55,898 [EndpointStateMachine task thread for /127.0.0.1:45835 - 0 ] INFO  ipc.Client (Client.java:handleConnectionFailure(977)) - Retrying connect to server: localhost/127.0.0.1:45835. Already tried 3 time(s); retry policy is RetryUpToMaximumCountWithFixedSleep(maxRetries=15, sleepTime=1000 MILLISECONDS)
2022-03-02 19:15:56,182 [EndpointStateMachine task thread for /127.0.0.1:41941 - 0 ] INFO  ipc.Client (Client.java:handleConnectionFailure(977)) - Retrying connect to server: localhost/127.0.0.1:41941. Already tried 4 time(s); retry policy is RetryUpToMaximumCountWithFixedSleep(maxRetries=15, sleepTime=1000 MILLISECONDS)
2022-03-02 19:15:56,195 [EndpointStateMachine task thread for /127.0.0.1:41985 - 0 ] INFO  ipc.Client (Client.java:handleConnectionFailure(977)) - Retrying connect to server: localhost/127.0.0.1:41985. Already tried 4 time(s); retry policy is RetryUpToMaximumCountWithFixedSleep(maxRetries=15, sleepTime=1000 MILLISECONDS)
2022-03-02 19:15:56,854 [EndpointStateMachine task thread for /127.0.0.1:34357 - 0 ] INFO  ipc.Client (Client.java:handleConnectionFailure(977)) - Retrying connect to server: localhost/127.0.0.1:34357. Already tried 5 time(s); retry policy is RetryUpToMaximumCountWithFixedSleep(maxRetries=15, sleepTime=1000 MILLISECONDS)
2022-03-02 19:15:56,893 [EndpointStateMachine task thread for /127.0.0.1:34023 - 0 ] INFO  ipc.Client (Client.java:handleConnectionFailure(977)) - Retrying connect to server: localhost/127.0.0.1:34023. Already tried 4 time(s); retry policy is RetryUpToMaximumCountWithFixedSleep(maxRetries=15, sleepTime=1000 MILLISECONDS)
2022-03-02 19:15:56,897 [EndpointStateMachine task thread for /127.0.0.1:44351 - 0 ] INFO  ipc.Client (Client.java:handleConnectionFailure(977)) - Retrying connect to server: localhost/127.0.0.1:44351. Already tried 4 time(s); retry policy is RetryUpToMaximumCountWithFixedSleep(maxRetries=15, sleepTime=1000 MILLISECONDS)
2022-03-02 19:15:56,898 [EndpointStateMachine task thread for /127.0.0.1:45835 - 0 ] INFO  ipc.Client (Client.java:handleConnectionFailure(977)) - Retrying connect to server: localhost/127.0.0.1:45835. Already tried 4 time(s); retry policy is RetryUpToMaximumCountWithFixedSleep(maxRetries=15, sleepTime=1000 MILLISECONDS)
2022-03-02 19:15:57,183 [EndpointStateMachine task thread for /127.0.0.1:41941 - 0 ] INFO  ipc.Client (Client.java:handleConnectionFailure(977)) - Retrying connect to server: localhost/127.0.0.1:41941. Already tried 5 time(s); retry policy is RetryUpToMaximumCountWithFixedSleep(maxRetries=15, sleepTime=1000 MILLISECONDS)
2022-03-02 19:15:57,196 [EndpointStateMachine task thread for /127.0.0.1:41985 - 0 ] INFO  ipc.Client (Client.java:handleConnectionFailure(977)) - Retrying connect to server: localhost/127.0.0.1:41985. Already tried 5 time(s); retry policy is RetryUpToMaximumCountWithFixedSleep(maxRetries=15, sleepTime=1000 MILLISECONDS)
2022-03-02 19:15:57,855 [EndpointStateMachine task thread for /127.0.0.1:34357 - 0 ] INFO  ipc.Client (Client.java:handleConnectionFailure(977)) - Retrying connect to server: localhost/127.0.0.1:34357. Already tried 6 time(s); retry policy is RetryUpToMaximumCountWithFixedSleep(maxRetries=15, sleepTime=1000 MILLISECONDS)
2022-03-02 19:15:57,894 [EndpointStateMachine task thread for /127.0.0.1:34023 - 0 ] INFO  ipc.Client (Client.java:handleConnectionFailure(977)) - Retrying connect to server: localhost/127.0.0.1:34023. Already tried 5 time(s); retry policy is RetryUpToMaximumCountWithFixedSleep(maxRetries=15, sleepTime=1000 MILLISECONDS)
2022-03-02 19:15:57,899 [EndpointStateMachine task thread for /127.0.0.1:45835 - 0 ] INFO  ipc.Client (Client.java:handleConnectionFailure(977)) - Retrying connect to server: localhost/127.0.0.1:45835. Already tried 5 time(s); retry policy is RetryUpToMaximumCountWithFixedSleep(maxRetries=15, sleepTime=1000 MILLISECONDS)
2022-03-02 19:15:57,900 [EndpointStateMachine task thread for /127.0.0.1:44351 - 0 ] INFO  ipc.Client (Client.java:handleConnectionFailure(977)) - Retrying connect to server: localhost/127.0.0.1:44351. Already tried 5 time(s); retry policy is RetryUpToMaximumCountWithFixedSleep(maxRetries=15, sleepTime=1000 MILLISECONDS)
2022-03-02 19:15:58,128 [ForkJoinPool.commonPool-worker-1] INFO  statemachine.DatanodeStateMachine (DatanodeStateMachine.java:stopDaemon(529)) - Ozone container server stopped.
2022-03-02 19:15:58,131 [ForkJoinPool.commonPool-worker-1] INFO  handler.ContextHandler (ContextHandler.java:doStop(1153)) - Stopped o.e.j.w.WebAppContext@64a0bd8f{hddsDatanode,/,null,STOPPED}{jar:file:/home/runner/.m2/repository/org/apache/ozone/hdds-container-service/1.3.0-SNAPSHOT/hdds-container-service-1.3.0-SNAPSHOT.jar!/webapps/hddsDatanode}
2022-03-02 19:15:58,132 [ForkJoinPool.commonPool-worker-1] INFO  server.AbstractConnector (AbstractConnector.java:doStop(381)) - Stopped ServerConnector@641ae{HTTP/1.1, (http/1.1)}{0.0.0.0:0}
2022-03-02 19:15:58,132 [ForkJoinPool.commonPool-worker-1] INFO  server.session (HouseKeeper.java:stopScavenging(149)) - node0 Stopped scavenging
2022-03-02 19:15:58,132 [ForkJoinPool.commonPool-worker-1] INFO  handler.ContextHandler (ContextHandler.java:doStop(1153)) - Stopped o.e.j.s.ServletContextHandler@25e1ca37{static,/static,jar:file:/home/runner/.m2/repository/org/apache/ozone/hdds-container-service/1.3.0-SNAPSHOT/hdds-container-service-1.3.0-SNAPSHOT.jar!/webapps/static,STOPPED}
2022-03-02 19:15:58,134 [ForkJoinPool.commonPool-worker-1] INFO  handler.ContextHandler (ContextHandler.java:doStop(1153)) - Stopped o.e.j.s.ServletContextHandler@23a7f0db{logs,/logs,file:///home/runner/work/ozone/ozone/hadoop-ozone/integration-test/target/log,STOPPED}
2022-03-02 19:15:58,185 [EndpointStateMachine task thread for /127.0.0.1:41941 - 0 ] INFO  ipc.Client (Client.java:handleConnectionFailure(977)) - Retrying connect to server: localhost/127.0.0.1:41941. Already tried 6 time(s); retry policy is RetryUpToMaximumCountWithFixedSleep(maxRetries=15, sleepTime=1000 MILLISECONDS)
2022-03-02 19:15:58,197 [EndpointStateMachine task thread for /127.0.0.1:41985 - 0 ] INFO  ipc.Client (Client.java:handleConnectionFailure(977)) - Retrying connect to server: localhost/127.0.0.1:41985. Already tried 6 time(s); retry policy is RetryUpToMaximumCountWithFixedSleep(maxRetries=15, sleepTime=1000 MILLISECONDS)
]]></system-out>
  </testcase>
  <testcase name="testInstallCorruptedCheckpointFailure" classname="org.apache.hadoop.ozone.scm.TestSCMInstallSnapshotWithHA" time="63.272"/>
</testsuite>