<?xml version="1.0" encoding="UTF-8"?>
<testsuite xmlns:xsi="http://www.w3.org/2001/XMLSchema-instance" xsi:noNamespaceSchemaLocation="https://maven.apache.org/surefire/maven-surefire-plugin/xsd/surefire-test-report.xsd" name="org.apache.hadoop.ozone.client.rpc.TestBlockOutputStreamWithFailuresFlushDelay" time="501.156" tests="5" errors="3" skipped="0" failures="0">
  <properties>
    <property name="awt.toolkit" value="sun.awt.X11.XToolkit"/>
    <property name="file.encoding.pkg" value="sun.io"/>
    <property name="java.specification.version" value="1.8"/>
    <property name="sun.cpu.isalist" value=""/>
    <property name="sun.jnu.encoding" value="UTF-8"/>
    <property name="java.class.path" value="/home/runner/work/ozone/ozone/hadoop-ozone/integration-test/target/test-classes:/home/runner/work/ozone/ozone/hadoop-ozone/integration-test/target/classes:/home/runner/.m2/repository/org/apache/ozone/ozone-common/1.3.0-SNAPSHOT/ozone-common-1.3.0-SNAPSHOT.jar:/home/runner/.m2/repository/org/apache/commons/commons-compress/1.21/commons-compress-1.21.jar:/home/runner/.m2/repository/org/apache/ozone/hdds-common/1.3.0-SNAPSHOT/hdds-common-1.3.0-SNAPSHOT.jar:/home/runner/.m2/repository/org/apache/ozone/hdds-client/1.3.0-SNAPSHOT/hdds-client-1.3.0-SNAPSHOT.jar:/home/runner/.m2/repository/org/apache/ozone/ozone-interface-client/1.3.0-SNAPSHOT/ozone-interface-client-1.3.0-SNAPSHOT.jar:/home/runner/.m2/repository/org/apache/ozone/hdds-test-utils/1.3.0-SNAPSHOT/hdds-test-utils-1.3.0-SNAPSHOT.jar:/home/runner/.m2/repository/com/google/guava/guava/30.1.1-jre/guava-30.1.1-jre.jar:/home/runner/.m2/repository/com/google/guava/failureaccess/1.0.1/failureaccess-1.0.1.jar:/home/runner/.m2/repository/com/google/guava/listenablefuture/9999.0-empty-to-avoid-conflict-with-guava/listenablefuture-9999.0-empty-to-avoid-conflict-with-guava.jar:/home/runner/.m2/repository/com/google/code/findbugs/jsr305/3.0.0/jsr305-3.0.0.jar:/home/runner/.m2/repository/org/checkerframework/checker-qual/3.8.0/checker-qual-3.8.0.jar:/home/runner/.m2/repository/com/google/errorprone/error_prone_annotations/2.2.0/error_prone_annotations-2.2.0.jar:/home/runner/.m2/repository/com/google/j2objc/j2objc-annotations/1.3/j2objc-annotations-1.3.jar:/home/runner/.m2/repository/commons-io/commons-io/2.11.0/commons-io-2.11.0.jar:/home/runner/.m2/repository/commons-logging/commons-logging/1.2/commons-logging-1.2.jar:/home/runner/.m2/repository/log4j/log4j/1.2.17/log4j-1.2.17.jar:/home/runner/.m2/repository/org/slf4j/slf4j-api/1.7.30/slf4j-api-1.7.30.jar:/home/runner/.m2/repository/org/apache/ozone/hdds-server-scm/1.3.0-SNAPSHOT/hdds-server-scm-1.3.0-SNAPSHOT.jar:/home/runner/.m2/repository/org/apache/ozone/hdds-container-service/1.3.0-SNAPSHOT/hdds-container-service-1.3.0-SNAPSHOT.jar:/home/runner/.m2/repository/org/apache/ozone/hdds-hadoop-dependency-server/1.3.0-SNAPSHOT/hdds-hadoop-dependency-server-1.3.0-SNAPSHOT.jar:/home/runner/.m2/repository/org/apache/hadoop/hadoop-hdfs/3.3.1/hadoop-hdfs-3.3.1.jar:/home/runner/.m2/repository/org/apache/ozone/hdds-server-framework/1.3.0-SNAPSHOT/hdds-server-framework-1.3.0-SNAPSHOT.jar:/home/runner/.m2/repository/org/apache/ozone/hdds-interface-server/1.3.0-SNAPSHOT/hdds-interface-server-1.3.0-SNAPSHOT.jar:/home/runner/.m2/repository/org/eclipse/jetty/jetty-servlet/9.4.43.v20210629/jetty-servlet-9.4.43.v20210629.jar:/home/runner/.m2/repository/org/eclipse/jetty/jetty-security/9.4.43.v20210629/jetty-security-9.4.43.v20210629.jar:/home/runner/.m2/repository/org/rocksdb/rocksdbjni/6.25.3/rocksdbjni-6.25.3.jar:/home/runner/.m2/repository/io/prometheus/simpleclient_dropwizard/0.7.0/simpleclient_dropwizard-0.7.0.jar:/home/runner/.m2/repository/io/prometheus/simpleclient/0.7.0/simpleclient-0.7.0.jar:/home/runner/.m2/repository/io/prometheus/simpleclient_common/0.7.0/simpleclient_common-0.7.0.jar:/home/runner/.m2/repository/com/fasterxml/jackson/datatype/jackson-datatype-jsr310/2.12.1/jackson-datatype-jsr310-2.12.1.jar:/home/runner/.m2/repository/io/dropwizard/metrics/metrics-core/3.2.4/metrics-core-3.2.4.jar:/home/runner/.m2/repository/org/apache/hadoop/hadoop-hdfs-client/3.3.1/hadoop-hdfs-client-3.3.1.jar:/home/runner/.m2/repository/org/bouncycastle/bcprov-jdk15on/1.67/bcprov-jdk15on-1.67.jar:/home/runner/.m2/repository/com/google/protobuf/protobuf-java/2.5.0/protobuf-java-2.5.0.jar:/home/runner/.m2/repository/org/apache/ozone/ozone-manager/1.3.0-SNAPSHOT/ozone-manager-1.3.0-SNAPSHOT.jar:/home/runner/.m2/repository/org/aspectj/aspectjrt/1.9.7/aspectjrt-1.9.7.jar:/home/runner/.m2/repository/org/aspectj/aspectjweaver/1.9.7/aspectjweaver-1.9.7.jar:/home/runner/.m2/repository/org/apache/ozone/hdds-interface-client/1.3.0-SNAPSHOT/hdds-interface-client-1.3.0-SNAPSHOT.jar:/home/runner/.m2/repository/org/apache/hadoop/thirdparty/hadoop-shaded-protobuf_3_7/1.1.1/hadoop-shaded-protobuf_3_7-1.1.1.jar:/home/runner/.m2/repository/org/apache/ozone/ozone-interface-storage/1.3.0-SNAPSHOT/ozone-interface-storage-1.3.0-SNAPSHOT.jar:/home/runner/.m2/repository/org/reflections/reflections/0.9.11/reflections-0.9.11.jar:/home/runner/.m2/repository/org/apache/hadoop/hadoop-minikdc/3.3.1/hadoop-minikdc-3.3.1.jar:/home/runner/.m2/repository/org/apache/kerby/kerb-simplekdc/1.0.1/kerb-simplekdc-1.0.1.jar:/home/runner/.m2/repository/org/apache/kerby/kerb-client/1.0.1/kerb-client-1.0.1.jar:/home/runner/.m2/repository/org/apache/kerby/kerby-config/1.0.1/kerby-config-1.0.1.jar:/home/runner/.m2/repository/org/apache/kerby/kerb-common/1.0.1/kerb-common-1.0.1.jar:/home/runner/.m2/repository/org/apache/kerby/kerb-crypto/1.0.1/kerb-crypto-1.0.1.jar:/home/runner/.m2/repository/org/apache/kerby/kerb-util/1.0.1/kerb-util-1.0.1.jar:/home/runner/.m2/repository/org/apache/kerby/token-provider/1.0.1/token-provider-1.0.1.jar:/home/runner/.m2/repository/org/apache/kerby/kerb-admin/1.0.1/kerb-admin-1.0.1.jar:/home/runner/.m2/repository/org/apache/kerby/kerb-server/1.0.1/kerb-server-1.0.1.jar:/home/runner/.m2/repository/org/apache/kerby/kerb-identity/1.0.1/kerb-identity-1.0.1.jar:/home/runner/.m2/repository/org/apache/kerby/kerby-xdr/1.0.1/kerby-xdr-1.0.1.jar:/home/runner/.m2/repository/org/slf4j/slf4j-log4j12/1.7.30/slf4j-log4j12-1.7.30.jar:/home/runner/.m2/repository/org/apache/ozone/ozone-s3gateway/1.3.0-SNAPSHOT/ozone-s3gateway-1.3.0-SNAPSHOT.jar:/home/runner/.m2/repository/org/javassist/javassist/3.21.0-GA/javassist-3.21.0-GA.jar:/home/runner/.m2/repository/org/jboss/weld/servlet/weld-servlet/2.4.7.Final/weld-servlet-2.4.7.Final.jar:/home/runner/.m2/repository/org/glassfish/jersey/containers/jersey-container-servlet-core/2.33/jersey-container-servlet-core-2.33.jar:/home/runner/.m2/repository/org/glassfish/hk2/external/jakarta.inject/2.6.1/jakarta.inject-2.6.1.jar:/home/runner/.m2/repository/org/glassfish/jersey/core/jersey-common/2.33/jersey-common-2.33.jar:/home/runner/.m2/repository/jakarta/ws/rs/jakarta.ws.rs-api/2.1.6/jakarta.ws.rs-api-2.1.6.jar:/home/runner/.m2/repository/org/glassfish/jersey/ext/cdi/jersey-cdi1x/2.33/jersey-cdi1x-2.33.jar:/home/runner/.m2/repository/org/glassfish/jersey/inject/jersey-hk2/2.33/jersey-hk2-2.33.jar:/home/runner/.m2/repository/org/glassfish/hk2/hk2-locator/2.6.1/hk2-locator-2.6.1.jar:/home/runner/.m2/repository/org/glassfish/jersey/media/jersey-media-jaxb/2.33/jersey-media-jaxb-2.33.jar:/home/runner/.m2/repository/org/glassfish/hk2/osgi-resource-locator/1.0.3/osgi-resource-locator-1.0.3.jar:/home/runner/.m2/repository/org/glassfish/hk2/hk2-api/2.5.0/hk2-api-2.5.0.jar:/home/runner/.m2/repository/org/glassfish/hk2/hk2-utils/2.5.0/hk2-utils-2.5.0.jar:/home/runner/.m2/repository/org/glassfish/hk2/external/aopalliance-repackaged/2.5.0/aopalliance-repackaged-2.5.0.jar:/home/runner/.m2/repository/com/fasterxml/jackson/dataformat/jackson-dataformat-xml/2.12.1/jackson-dataformat-xml-2.12.1.jar:/home/runner/.m2/repository/com/fasterxml/jackson/core/jackson-core/2.12.1/jackson-core-2.12.1.jar:/home/runner/.m2/repository/com/fasterxml/jackson/module/jackson-module-jaxb-annotations/2.12.1/jackson-module-jaxb-annotations-2.12.1.jar:/home/runner/.m2/repository/jakarta/xml/bind/jakarta.xml.bind-api/2.3.2/jakarta.xml.bind-api-2.3.2.jar:/home/runner/.m2/repository/org/codehaus/woodstox/stax2-api/3.1.4/stax2-api-3.1.4.jar:/home/runner/.m2/repository/com/fasterxml/woodstox/woodstox-core/5.0.3/woodstox-core-5.0.3.jar:/home/runner/.m2/repository/javax/enterprise/cdi-api/1.2/cdi-api-1.2.jar:/home/runner/.m2/repository/javax/el/javax.el-api/3.0.0/javax.el-api-3.0.0.jar:/home/runner/.m2/repository/javax/interceptor/javax.interceptor-api/1.2/javax.interceptor-api-1.2.jar:/home/runner/.m2/repository/javax/inject/javax.inject/1/javax.inject-1.jar:/home/runner/.m2/repository/javax/xml/bind/jaxb-api/2.3.0/jaxb-api-2.3.0.jar:/home/runner/.m2/repository/org/glassfish/jaxb/jaxb-runtime/2.3.0.1/jaxb-runtime-2.3.0.1.jar:/home/runner/.m2/repository/org/glassfish/jaxb/jaxb-core/2.3.0.1/jaxb-core-2.3.0.1.jar:/home/runner/.m2/repository/org/glassfish/jaxb/txw2/2.3.0.1/txw2-2.3.0.1.jar:/home/runner/.m2/repository/com/sun/istack/istack-commons-runtime/3.0.5/istack-commons-runtime-3.0.5.jar:/home/runner/.m2/repository/org/jvnet/staxex/stax-ex/1.7.8/stax-ex-1.7.8.jar:/home/runner/.m2/repository/com/sun/xml/fastinfoset/FastInfoset/1.2.13/FastInfoset-1.2.13.jar:/home/runner/.m2/repository/javax/activation/activation/1.1.1/activation-1.1.1.jar:/home/runner/.m2/repository/org/apache/ozone/ozone-csi/1.3.0-SNAPSHOT/ozone-csi-1.3.0-SNAPSHOT.jar:/home/runner/.m2/repository/com/google/protobuf/protobuf-java-util/3.12.0/protobuf-java-util-3.12.0.jar:/home/runner/.m2/repository/com/google/code/gson/gson/2.2.4/gson-2.2.4.jar:/home/runner/.m2/repository/org/apache/ozone/hdds-config/1.3.0-SNAPSHOT/hdds-config-1.3.0-SNAPSHOT.jar:/home/runner/.m2/repository/io/grpc/grpc-netty/1.33.0/grpc-netty-1.33.0.jar:/home/runner/.m2/repository/io/grpc/grpc-core/1.33.0/grpc-core-1.33.0.jar:/home/runner/.m2/repository/com/google/android/annotations/4.1.1.4/annotations-4.1.1.4.jar:/home/runner/.m2/repository/io/netty/netty-codec-http2/4.1.63.Final/netty-codec-http2-4.1.63.Final.jar:/home/runner/.m2/repository/io/netty/netty-codec-http/4.1.63.Final/netty-codec-http-4.1.63.Final.jar:/home/runner/.m2/repository/io/netty/netty-handler-proxy/4.1.63.Final/netty-handler-proxy-4.1.63.Final.jar:/home/runner/.m2/repository/io/netty/netty-codec-socks/4.1.63.Final/netty-codec-socks-4.1.63.Final.jar:/home/runner/.m2/repository/io/perfmark/perfmark-api/0.19.0/perfmark-api-0.19.0.jar:/home/runner/.m2/repository/org/codehaus/mojo/animal-sniffer-annotations/1.18/animal-sniffer-annotations-1.18.jar:/home/runner/.m2/repository/io/netty/netty-transport-native-epoll/4.1.63.Final/netty-transport-native-epoll-4.1.63.Final.jar:/home/runner/.m2/repository/io/netty/netty-common/4.1.63.Final/netty-common-4.1.63.Final.jar:/home/runner/.m2/repository/io/netty/netty-buffer/4.1.63.Final/netty-buffer-4.1.63.Final.jar:/home/runner/.m2/repository/io/netty/netty-transport-native-unix-common/4.1.63.Final/netty-transport-native-unix-common-4.1.63.Final.jar:/home/runner/.m2/repository/io/grpc/grpc-protobuf/1.33.0/grpc-protobuf-1.33.0.jar:/home/runner/.m2/repository/io/grpc/grpc-api/1.33.0/grpc-api-1.33.0.jar:/home/runner/.m2/repository/io/grpc/grpc-context/1.33.0/grpc-context-1.33.0.jar:/home/runner/.m2/repository/com/google/api/grpc/proto-google-common-protos/1.17.0/proto-google-common-protos-1.17.0.jar:/home/runner/.m2/repository/io/grpc/grpc-protobuf-lite/1.33.0/grpc-protobuf-lite-1.33.0.jar:/home/runner/.m2/repository/io/grpc/grpc-stub/1.33.0/grpc-stub-1.33.0.jar:/home/runner/.m2/repository/org/apache/ozone/ozone-recon/1.3.0-SNAPSHOT/ozone-recon-1.3.0-SNAPSHOT.jar:/home/runner/.m2/repository/org/apache/ozone/ozone-reconcodegen/1.3.0-SNAPSHOT/ozone-reconcodegen-1.3.0-SNAPSHOT.jar:/home/runner/.m2/repository/com/google/inject/extensions/guice-multibindings/4.0/guice-multibindings-4.0.jar:/home/runner/.m2/repository/com/google/inject/guice/4.0/guice-4.0.jar:/home/runner/.m2/repository/aopalliance/aopalliance/1.0/aopalliance-1.0.jar:/home/runner/.m2/repository/com/google/inject/extensions/guice-assistedinject/4.0/guice-assistedinject-4.0.jar:/home/runner/.m2/repository/com/google/inject/extensions/guice-servlet/4.0/guice-servlet-4.0.jar:/home/runner/.m2/repository/org/glassfish/jersey/containers/jersey-container-servlet/2.33/jersey-container-servlet-2.33.jar:/home/runner/.m2/repository/org/glassfish/hk2/guice-bridge/2.5.0/guice-bridge-2.5.0.jar:/home/runner/.m2/repository/org/glassfish/jersey/core/jersey-server/2.33/jersey-server-2.33.jar:/home/runner/.m2/repository/org/glassfish/jersey/core/jersey-client/2.33/jersey-client-2.33.jar:/home/runner/.m2/repository/jakarta/annotation/jakarta.annotation-api/1.3.5/jakarta.annotation-api-1.3.5.jar:/home/runner/.m2/repository/jakarta/validation/jakarta.validation-api/2.0.2/jakarta.validation-api-2.0.2.jar:/home/runner/.m2/repository/org/glassfish/jersey/media/jersey-media-json-jackson/2.33/jersey-media-json-jackson-2.33.jar:/home/runner/.m2/repository/org/glassfish/jersey/ext/jersey-entity-filtering/2.33/jersey-entity-filtering-2.33.jar:/home/runner/.m2/repository/org/jooq/jooq/3.11.10/jooq-3.11.10.jar:/home/runner/.m2/repository/org/jooq/jooq-meta/3.11.10/jooq-meta-3.11.10.jar:/home/runner/.m2/repository/org/jooq/jooq-codegen/3.11.10/jooq-codegen-3.11.10.jar:/home/runner/.m2/repository/com/jolbox/bonecp/0.8.0.RELEASE/bonecp-0.8.0.RELEASE.jar:/home/runner/.m2/repository/org/apache/derby/derby/10.14.2.0/derby-10.14.2.0.jar:/home/runner/.m2/repository/org/xerial/sqlite-jdbc/3.25.2/sqlite-jdbc-3.25.2.jar:/home/runner/.m2/repository/org/springframework/spring-jdbc/5.2.18.RELEASE/spring-jdbc-5.2.18.RELEASE.jar:/home/runner/.m2/repository/org/springframework/spring-beans/5.2.18.RELEASE/spring-beans-5.2.18.RELEASE.jar:/home/runner/.m2/repository/org/springframework/spring-core/5.2.18.RELEASE/spring-core-5.2.18.RELEASE.jar:/home/runner/.m2/repository/org/springframework/spring-jcl/5.2.18.RELEASE/spring-jcl-5.2.18.RELEASE.jar:/home/runner/.m2/repository/org/springframework/spring-tx/5.2.18.RELEASE/spring-tx-5.2.18.RELEASE.jar:/home/runner/.m2/repository/org/apache/ozone/ozone-client/1.3.0-SNAPSHOT/ozone-client-1.3.0-SNAPSHOT.jar:/home/runner/.m2/repository/org/apache/ozone/ozone-filesystem/1.3.0-SNAPSHOT/ozone-filesystem-1.3.0-SNAPSHOT.jar:/home/runner/.m2/repository/org/apache/ozone/ozone-filesystem-common/1.3.0-SNAPSHOT/ozone-filesystem-common-1.3.0-SNAPSHOT.jar:/home/runner/.m2/repository/org/apache/ozone/ozone-tools/1.3.0-SNAPSHOT/ozone-tools-1.3.0-SNAPSHOT.jar:/home/runner/.m2/repository/org/apache/ratis/ratis-tools/2.2.0/ratis-tools-2.2.0.jar:/home/runner/.m2/repository/com/amazonaws/aws-java-sdk-core/1.12.124/aws-java-sdk-core-1.12.124.jar:/home/runner/.m2/repository/org/apache/httpcomponents/httpclient/4.5.13/httpclient-4.5.13.jar:/home/runner/.m2/repository/org/apache/httpcomponents/httpcore/4.4.13/httpcore-4.4.13.jar:/home/runner/.m2/repository/software/amazon/ion/ion-java/1.0.2/ion-java-1.0.2.jar:/home/runner/.m2/repository/com/fasterxml/jackson/dataformat/jackson-dataformat-cbor/2.12.1/jackson-dataformat-cbor-2.12.1.jar:/home/runner/.m2/repository/joda-time/joda-time/2.8.1/joda-time-2.8.1.jar:/home/runner/.m2/repository/com/amazonaws/aws-java-sdk-s3/1.12.124/aws-java-sdk-s3-1.12.124.jar:/home/runner/.m2/repository/com/amazonaws/aws-java-sdk-kms/1.12.124/aws-java-sdk-kms-1.12.124.jar:/home/runner/.m2/repository/com/amazonaws/jmespath-java/1.12.124/jmespath-java-1.12.124.jar:/home/runner/.m2/repository/org/kohsuke/metainf-services/metainf-services/1.8/metainf-services-1.8.jar:/home/runner/.m2/repository/org/apache/ozone/hdds-tools/1.3.0-SNAPSHOT/hdds-tools-1.3.0-SNAPSHOT.jar:/home/runner/.m2/repository/commons-cli/commons-cli/1.2/commons-cli-1.2.jar:/home/runner/.m2/repository/org/apache/commons/commons-lang3/3.7/commons-lang3-3.7.jar:/home/runner/.m2/repository/org/apache/ozone/ozone-manager/1.3.0-SNAPSHOT/ozone-manager-1.3.0-SNAPSHOT-tests.jar:/home/runner/.m2/repository/org/apache/ozone/hdds-common/1.3.0-SNAPSHOT/hdds-common-1.3.0-SNAPSHOT-tests.jar:/home/runner/.m2/repository/org/apache/ozone/hdds-hadoop-dependency-client/1.3.0-SNAPSHOT/hdds-hadoop-dependency-client-1.3.0-SNAPSHOT.jar:/home/runner/.m2/repository/info/picocli/picocli/4.6.1/picocli-4.6.1.jar:/home/runner/.m2/repository/com/fasterxml/jackson/core/jackson-annotations/2.12.1/jackson-annotations-2.12.1.jar:/home/runner/.m2/repository/javax/annotation/javax.annotation-api/1.2/javax.annotation-api-1.2.jar:/home/runner/.m2/repository/org/apache/ratis/ratis-server/2.2.0/ratis-server-2.2.0.jar:/home/runner/.m2/repository/org/apache/ratis/ratis-client/2.2.0/ratis-client-2.2.0.jar:/home/runner/.m2/repository/org/apache/ratis/ratis-server-api/2.2.0/ratis-server-api-2.2.0.jar:/home/runner/.m2/repository/org/apache/ratis/ratis-metrics/2.2.0/ratis-metrics-2.2.0.jar:/home/runner/.m2/repository/org/apache/ratis/ratis-netty/2.2.0/ratis-netty-2.2.0.jar:/home/runner/.m2/repository/org/apache/ratis/ratis-grpc/2.2.0/ratis-grpc-2.2.0.jar:/home/runner/.m2/repository/org/apache/logging/log4j/log4j-api/2.17.1/log4j-api-2.17.1.jar:/home/runner/.m2/repository/org/apache/logging/log4j/log4j-core/2.17.1/log4j-core-2.17.1.jar:/home/runner/.m2/repository/com/lmax/disruptor/3.4.2/disruptor-3.4.2.jar:/home/runner/.m2/repository/org/apache/commons/commons-pool2/2.6.0/commons-pool2-2.6.0.jar:/home/runner/.m2/repository/org/bouncycastle/bcpkix-jdk15on/1.67/bcpkix-jdk15on-1.67.jar:/home/runner/.m2/repository/commons-validator/commons-validator/1.6/commons-validator-1.6.jar:/home/runner/.m2/repository/commons-beanutils/commons-beanutils/1.9.4/commons-beanutils-1.9.4.jar:/home/runner/.m2/repository/commons-digester/commons-digester/1.8.1/commons-digester-1.8.1.jar:/home/runner/.m2/repository/commons-collections/commons-collections/3.2.2/commons-collections-3.2.2.jar:/home/runner/.m2/repository/io/jaegertracing/jaeger-client/1.6.0/jaeger-client-1.6.0.jar:/home/runner/.m2/repository/io/jaegertracing/jaeger-thrift/1.6.0/jaeger-thrift-1.6.0.jar:/home/runner/.m2/repository/org/apache/thrift/libthrift/0.14.1/libthrift-0.14.1.jar:/home/runner/.m2/repository/com/squareup/okhttp3/okhttp/4.9.0/okhttp-4.9.0.jar:/home/runner/.m2/repository/com/squareup/okio/okio/2.8.0/okio-2.8.0.jar:/home/runner/.m2/repository/io/jaegertracing/jaeger-core/1.6.0/jaeger-core-1.6.0.jar:/home/runner/.m2/repository/io/jaegertracing/jaeger-tracerresolver/1.6.0/jaeger-tracerresolver-1.6.0.jar:/home/runner/.m2/repository/io/opentracing/contrib/opentracing-tracerresolver/0.1.8/opentracing-tracerresolver-0.1.8.jar:/home/runner/.m2/repository/org/jetbrains/kotlin/kotlin-stdlib/1.4.31/kotlin-stdlib-1.4.31.jar:/home/runner/.m2/repository/org/jetbrains/kotlin/kotlin-stdlib-common/1.4.31/kotlin-stdlib-common-1.4.31.jar:/home/runner/.m2/repository/org/jetbrains/annotations/13.0/annotations-13.0.jar:/home/runner/.m2/repository/io/opentracing/opentracing-util/0.33.0/opentracing-util-0.33.0.jar:/home/runner/.m2/repository/io/opentracing/opentracing-api/0.33.0/opentracing-api-0.33.0.jar:/home/runner/.m2/repository/io/opentracing/opentracing-noop/0.33.0/opentracing-noop-0.33.0.jar:/home/runner/.m2/repository/org/yaml/snakeyaml/1.26/snakeyaml-1.26.jar:/home/runner/.m2/repository/org/apache/ozone/hdds-interface-admin/1.3.0-SNAPSHOT/hdds-interface-admin-1.3.0-SNAPSHOT.jar:/home/runner/.m2/repository/junit/junit/4.13.1/junit-4.13.1.jar:/home/runner/.m2/repository/org/hamcrest/hamcrest-core/1.3/hamcrest-core-1.3.jar:/home/runner/.m2/repository/org/junit/jupiter/junit-jupiter-api/5.7.0/junit-jupiter-api-5.7.0.jar:/home/runner/.m2/repository/org/apiguardian/apiguardian-api/1.1.0/apiguardian-api-1.1.0.jar:/home/runner/.m2/repository/org/opentest4j/opentest4j/1.2.0/opentest4j-1.2.0.jar:/home/runner/.m2/repository/org/junit/platform/junit-platform-commons/1.7.0/junit-platform-commons-1.7.0.jar:/home/runner/.m2/repository/org/junit/jupiter/junit-jupiter-engine/5.7.0/junit-jupiter-engine-5.7.0.jar:/home/runner/.m2/repository/org/junit/platform/junit-platform-engine/1.7.0/junit-platform-engine-1.7.0.jar:/home/runner/.m2/repository/org/junit/vintage/junit-vintage-engine/5.7.0/junit-vintage-engine-5.7.0.jar:/home/runner/.m2/repository/org/junit/platform/junit-platform-launcher/1.7.0/junit-platform-launcher-1.7.0.jar:/home/runner/.m2/repository/org/mockito/mockito-core/2.28.2/mockito-core-2.28.2.jar:/home/runner/.m2/repository/net/bytebuddy/byte-buddy/1.9.10/byte-buddy-1.9.10.jar:/home/runner/.m2/repository/net/bytebuddy/byte-buddy-agent/1.9.10/byte-buddy-agent-1.9.10.jar:/home/runner/.m2/repository/org/objenesis/objenesis/1.0/objenesis-1.0.jar:/home/runner/.m2/repository/org/apache/hadoop/hadoop-kms/3.3.1/hadoop-kms-3.3.1.jar:/home/runner/.m2/repository/org/apache/hadoop/hadoop-auth/3.3.1/hadoop-auth-3.3.1.jar:/home/runner/.m2/repository/com/nimbusds/nimbus-jose-jwt/7.9/nimbus-jose-jwt-7.9.jar:/home/runner/.m2/repository/com/github/stephenc/jcip/jcip-annotations/1.0-1/jcip-annotations-1.0-1.jar:/home/runner/.m2/repository/net/minidev/json-smart/2.4.7/json-smart-2.4.7.jar:/home/runner/.m2/repository/net/minidev/accessors-smart/2.4.7/accessors-smart-2.4.7.jar:/home/runner/.m2/repository/org/ow2/asm/asm/5.0.4/asm-5.0.4.jar:/home/runner/.m2/repository/org/apache/zookeeper/zookeeper/3.5.6/zookeeper-3.5.6.jar:/home/runner/.m2/repository/org/apache/zookeeper/zookeeper-jute/3.5.6/zookeeper-jute-3.5.6.jar:/home/runner/.m2/repository/org/apache/yetus/audience-annotations/0.5.0/audience-annotations-0.5.0.jar:/home/runner/.m2/repository/org/apache/curator/curator-framework/4.2.0/curator-framework-4.2.0.jar:/home/runner/.m2/repository/org/apache/hadoop/thirdparty/hadoop-shaded-guava/1.1.1/hadoop-shaded-guava-1.1.1.jar:/home/runner/.m2/repository/com/sun/jersey/jersey-core/1.19/jersey-core-1.19.jar:/home/runner/.m2/repository/javax/ws/rs/jsr311-api/1.1.1/jsr311-api-1.1.1.jar:/home/runner/.m2/repository/com/sun/jersey/jersey-server/1.19/jersey-server-1.19.jar:/home/runner/.m2/repository/javax/servlet/javax.servlet-api/3.1.0/javax.servlet-api-3.1.0.jar:/home/runner/.m2/repository/org/eclipse/jetty/jetty-server/9.4.43.v20210629/jetty-server-9.4.43.v20210629.jar:/home/runner/.m2/repository/org/eclipse/jetty/jetty-http/9.4.43.v20210629/jetty-http-9.4.43.v20210629.jar:/home/runner/.m2/repository/org/eclipse/jetty/jetty-io/9.4.43.v20210629/jetty-io-9.4.43.v20210629.jar:/home/runner/.m2/repository/org/eclipse/jetty/jetty-webapp/9.4.43.v20210629/jetty-webapp-9.4.43.v20210629.jar:/home/runner/.m2/repository/org/eclipse/jetty/jetty-xml/9.4.43.v20210629/jetty-xml-9.4.43.v20210629.jar:/home/runner/.m2/repository/org/apache/hadoop/hadoop-common/3.3.1/hadoop-common-3.3.1.jar:/home/runner/.m2/repository/org/apache/commons/commons-math3/3.1.1/commons-math3-3.1.1.jar:/home/runner/.m2/repository/commons-net/commons-net/3.6/commons-net-3.6.jar:/home/runner/.m2/repository/jakarta/activation/jakarta.activation-api/1.2.1/jakarta.activation-api-1.2.1.jar:/home/runner/.m2/repository/com/sun/jersey/jersey-servlet/1.19/jersey-servlet-1.19.jar:/home/runner/.m2/repository/com/sun/jersey/jersey-json/1.19/jersey-json-1.19.jar:/home/runner/.m2/repository/org/codehaus/jettison/jettison/1.1/jettison-1.1.jar:/home/runner/.m2/repository/com/sun/xml/bind/jaxb-impl/2.2.3-1/jaxb-impl-2.2.3-1.jar:/home/runner/.m2/repository/org/codehaus/jackson/jackson-jaxrs/1.9.2/jackson-jaxrs-1.9.2.jar:/home/runner/.m2/repository/org/codehaus/jackson/jackson-xc/1.9.2/jackson-xc-1.9.2.jar:/home/runner/.m2/repository/org/apache/commons/commons-configuration2/2.1.1/commons-configuration2-2.1.1.jar:/home/runner/.m2/repository/org/apache/commons/commons-text/1.4/commons-text-1.4.jar:/home/runner/.m2/repository/com/google/re2j/re2j/1.1/re2j-1.1.jar:/home/runner/.m2/repository/com/jcraft/jsch/0.1.54/jsch-0.1.54.jar:/home/runner/.m2/repository/org/apache/curator/curator-client/4.2.0/curator-client-4.2.0.jar:/home/runner/.m2/repository/org/apache/curator/curator-recipes/4.2.0/curator-recipes-4.2.0.jar:/home/runner/.m2/repository/org/apache/kerby/kerb-core/1.0.1/kerb-core-1.0.1.jar:/home/runner/.m2/repository/org/apache/kerby/kerby-pkix/1.0.1/kerby-pkix-1.0.1.jar:/home/runner/.m2/repository/org/apache/kerby/kerby-asn1/1.0.1/kerby-asn1-1.0.1.jar:/home/runner/.m2/repository/org/apache/kerby/kerby-util/1.0.1/kerby-util-1.0.1.jar:/home/runner/.m2/repository/dnsjava/dnsjava/2.1.7/dnsjava-2.1.7.jar:/home/runner/.m2/repository/org/xerial/snappy/snappy-java/1.1.8.2/snappy-java-1.1.8.2.jar:/home/runner/.m2/repository/org/slf4j/jul-to-slf4j/1.7.30/jul-to-slf4j-1.7.30.jar:/home/runner/.m2/repository/org/eclipse/jetty/jetty-util/9.4.43.v20210629/jetty-util-9.4.43.v20210629.jar:/home/runner/.m2/repository/com/fasterxml/jackson/core/jackson-databind/2.12.1/jackson-databind-2.12.1.jar:/home/runner/.m2/repository/org/apache/hadoop/hadoop-kms/3.3.1/hadoop-kms-3.3.1-tests.jar:/home/runner/.m2/repository/org/apache/ozone/hdds-server-scm/1.3.0-SNAPSHOT/hdds-server-scm-1.3.0-SNAPSHOT-tests.jar:/home/runner/.m2/repository/org/apache/ozone/hdds-container-service/1.3.0-SNAPSHOT/hdds-container-service-1.3.0-SNAPSHOT-tests.jar:/home/runner/.m2/repository/commons-codec/commons-codec/1.11/commons-codec-1.11.jar:/home/runner/.m2/repository/io/netty/netty-transport/4.1.63.Final/netty-transport-4.1.63.Final.jar:/home/runner/.m2/repository/io/netty/netty-resolver/4.1.63.Final/netty-resolver-4.1.63.Final.jar:/home/runner/.m2/repository/io/netty/netty-codec/4.1.63.Final/netty-codec-4.1.63.Final.jar:/home/runner/.m2/repository/io/netty/netty-handler/4.1.63.Final/netty-handler-4.1.63.Final.jar:/home/runner/.m2/repository/org/apache/ozone/hdds-hadoop-dependency-test/1.3.0-SNAPSHOT/hdds-hadoop-dependency-test-1.3.0-SNAPSHOT.jar:/home/runner/.m2/repository/org/apache/hadoop/hadoop-common/3.3.1/hadoop-common-3.3.1-tests.jar:/home/runner/.m2/repository/org/assertj/assertj-core/3.12.2/assertj-core-3.12.2.jar:/home/runner/.m2/repository/org/apache/hadoop/hadoop-hdfs/3.3.1/hadoop-hdfs-3.3.1-tests.jar:/home/runner/.m2/repository/org/eclipse/jetty/jetty-util-ajax/9.4.43.v20210629/jetty-util-ajax-9.4.43.v20210629.jar:/home/runner/.m2/repository/commons-daemon/commons-daemon/1.0.13/commons-daemon-1.0.13.jar:/home/runner/.m2/repository/io/netty/netty/3.10.6.Final/netty-3.10.6.Final.jar:/home/runner/.m2/repository/io/netty/netty-all/4.1.63.Final/netty-all-4.1.63.Final.jar:/home/runner/.m2/repository/org/apache/htrace/htrace-core4/4.1.0-incubating/htrace-core4-4.1.0-incubating.jar:/home/runner/.m2/repository/org/fusesource/leveldbjni/leveldbjni-all/1.8/leveldbjni-all-1.8.jar:/home/runner/.m2/repository/org/apache/hadoop/hadoop-distcp/3.3.1/hadoop-distcp-3.3.1.jar:/home/runner/.m2/repository/org/apache/hadoop/hadoop-mapreduce-client-jobclient/3.3.1/hadoop-mapreduce-client-jobclient-3.3.1.jar:/home/runner/.m2/repository/org/apache/hadoop/hadoop-mapreduce-client-common/3.3.1/hadoop-mapreduce-client-common-3.3.1.jar:/home/runner/.m2/repository/org/apache/hadoop/hadoop-yarn-common/3.3.1/hadoop-yarn-common-3.3.1.jar:/home/runner/.m2/repository/org/apache/hadoop/hadoop-yarn-api/3.3.1/hadoop-yarn-api-3.3.1.jar:/home/runner/.m2/repository/com/sun/jersey/jersey-client/1.19/jersey-client-1.19.jar:/home/runner/.m2/repository/com/sun/jersey/contribs/jersey-guice/1.19/jersey-guice-1.19.jar:/home/runner/.m2/repository/com/fasterxml/jackson/jaxrs/jackson-jaxrs-json-provider/2.12.1/jackson-jaxrs-json-provider-2.12.1.jar:/home/runner/.m2/repository/com/fasterxml/jackson/jaxrs/jackson-jaxrs-base/2.12.1/jackson-jaxrs-base-2.12.1.jar:/home/runner/.m2/repository/org/apache/hadoop/hadoop-yarn-client/3.3.1/hadoop-yarn-client-3.3.1.jar:/home/runner/.m2/repository/org/eclipse/jetty/websocket/websocket-client/9.4.40.v20210413/websocket-client-9.4.40.v20210413.jar:/home/runner/.m2/repository/org/eclipse/jetty/jetty-client/9.4.40.v20210413/jetty-client-9.4.40.v20210413.jar:/home/runner/.m2/repository/org/eclipse/jetty/websocket/websocket-common/9.4.40.v20210413/websocket-common-9.4.40.v20210413.jar:/home/runner/.m2/repository/org/eclipse/jetty/websocket/websocket-api/9.4.40.v20210413/websocket-api-9.4.40.v20210413.jar:/home/runner/.m2/repository/org/jline/jline/3.9.0/jline-3.9.0.jar:/home/runner/.m2/repository/org/apache/hadoop/hadoop-mapreduce-client-core/3.3.1/hadoop-mapreduce-client-core-3.3.1.jar:/home/runner/.m2/repository/org/apache/avro/avro/1.7.7/avro-1.7.7.jar:/home/runner/.m2/repository/org/codehaus/jackson/jackson-core-asl/1.9.13/jackson-core-asl-1.9.13.jar:/home/runner/.m2/repository/org/codehaus/jackson/jackson-mapper-asl/1.9.13/jackson-mapper-asl-1.9.13.jar:/home/runner/.m2/repository/com/thoughtworks/paranamer/paranamer/2.3/paranamer-2.3.jar:/home/runner/.m2/repository/org/apache/hadoop/hadoop-annotations/3.3.1/hadoop-annotations-3.3.1.jar:/usr/lib/jvm/temurin-8-jdk-amd64/jre/../lib/tools.jar:/home/runner/.m2/repository/org/apache/hadoop/hadoop-distcp/3.3.1/hadoop-distcp-3.3.1-tests.jar:/home/runner/.m2/repository/org/apache/ratis/ratis-common/2.2.0/ratis-common-2.2.0.jar:/home/runner/.m2/repository/org/apache/ratis/ratis-thirdparty-misc/0.7.0/ratis-thirdparty-misc-0.7.0.jar:/home/runner/.m2/repository/org/apache/ratis/ratis-proto/2.2.0/ratis-proto-2.2.0.jar:"/>
    <property name="java.vm.vendor" value="Temurin"/>
    <property name="sun.arch.data.model" value="64"/>
    <property name="test.build.dir" value="/home/runner/work/ozone/ozone/hadoop-ozone/integration-test/target/test-dir"/>
    <property name="test.cache.data" value=""/>
    <property name="java.vendor.url" value="https://adoptium.net/"/>
    <property name="user.timezone" value=""/>
    <property name="java.vm.specification.version" value="1.8"/>
    <property name="os.name" value="Linux"/>
    <property name="test.build.data" value="/home/runner/work/ozone/ozone/hadoop-ozone/integration-test/target/test-dir"/>
    <property name="sun.java.launcher" value="SUN_STANDARD"/>
    <property name="sun.boot.library.path" value="/usr/lib/jvm/temurin-8-jdk-amd64/jre/lib/amd64"/>
    <property name="sun.java.command" value="/home/runner/work/ozone/ozone/hadoop-ozone/integration-test/target/surefire/surefirebooter2016544222857018056.jar /home/runner/work/ozone/ozone/hadoop-ozone/integration-test/target/surefire 2022-03-07T08-56-35_063-jvmRun1 surefire6567410199503206954tmp surefire_212929231855573614253tmp"/>
    <property name="surefire.test.class.path" value="/home/runner/work/ozone/ozone/hadoop-ozone/integration-test/target/test-classes:/home/runner/work/ozone/ozone/hadoop-ozone/integration-test/target/classes:/home/runner/.m2/repository/org/apache/ozone/ozone-common/1.3.0-SNAPSHOT/ozone-common-1.3.0-SNAPSHOT.jar:/home/runner/.m2/repository/org/apache/commons/commons-compress/1.21/commons-compress-1.21.jar:/home/runner/.m2/repository/org/apache/ozone/hdds-common/1.3.0-SNAPSHOT/hdds-common-1.3.0-SNAPSHOT.jar:/home/runner/.m2/repository/org/apache/ozone/hdds-client/1.3.0-SNAPSHOT/hdds-client-1.3.0-SNAPSHOT.jar:/home/runner/.m2/repository/org/apache/ozone/ozone-interface-client/1.3.0-SNAPSHOT/ozone-interface-client-1.3.0-SNAPSHOT.jar:/home/runner/.m2/repository/org/apache/ozone/hdds-test-utils/1.3.0-SNAPSHOT/hdds-test-utils-1.3.0-SNAPSHOT.jar:/home/runner/.m2/repository/com/google/guava/guava/30.1.1-jre/guava-30.1.1-jre.jar:/home/runner/.m2/repository/com/google/guava/failureaccess/1.0.1/failureaccess-1.0.1.jar:/home/runner/.m2/repository/com/google/guava/listenablefuture/9999.0-empty-to-avoid-conflict-with-guava/listenablefuture-9999.0-empty-to-avoid-conflict-with-guava.jar:/home/runner/.m2/repository/com/google/code/findbugs/jsr305/3.0.0/jsr305-3.0.0.jar:/home/runner/.m2/repository/org/checkerframework/checker-qual/3.8.0/checker-qual-3.8.0.jar:/home/runner/.m2/repository/com/google/errorprone/error_prone_annotations/2.2.0/error_prone_annotations-2.2.0.jar:/home/runner/.m2/repository/com/google/j2objc/j2objc-annotations/1.3/j2objc-annotations-1.3.jar:/home/runner/.m2/repository/commons-io/commons-io/2.11.0/commons-io-2.11.0.jar:/home/runner/.m2/repository/commons-logging/commons-logging/1.2/commons-logging-1.2.jar:/home/runner/.m2/repository/log4j/log4j/1.2.17/log4j-1.2.17.jar:/home/runner/.m2/repository/org/slf4j/slf4j-api/1.7.30/slf4j-api-1.7.30.jar:/home/runner/.m2/repository/org/apache/ozone/hdds-server-scm/1.3.0-SNAPSHOT/hdds-server-scm-1.3.0-SNAPSHOT.jar:/home/runner/.m2/repository/org/apache/ozone/hdds-container-service/1.3.0-SNAPSHOT/hdds-container-service-1.3.0-SNAPSHOT.jar:/home/runner/.m2/repository/org/apache/ozone/hdds-hadoop-dependency-server/1.3.0-SNAPSHOT/hdds-hadoop-dependency-server-1.3.0-SNAPSHOT.jar:/home/runner/.m2/repository/org/apache/hadoop/hadoop-hdfs/3.3.1/hadoop-hdfs-3.3.1.jar:/home/runner/.m2/repository/org/apache/ozone/hdds-server-framework/1.3.0-SNAPSHOT/hdds-server-framework-1.3.0-SNAPSHOT.jar:/home/runner/.m2/repository/org/apache/ozone/hdds-interface-server/1.3.0-SNAPSHOT/hdds-interface-server-1.3.0-SNAPSHOT.jar:/home/runner/.m2/repository/org/eclipse/jetty/jetty-servlet/9.4.43.v20210629/jetty-servlet-9.4.43.v20210629.jar:/home/runner/.m2/repository/org/eclipse/jetty/jetty-security/9.4.43.v20210629/jetty-security-9.4.43.v20210629.jar:/home/runner/.m2/repository/org/rocksdb/rocksdbjni/6.25.3/rocksdbjni-6.25.3.jar:/home/runner/.m2/repository/io/prometheus/simpleclient_dropwizard/0.7.0/simpleclient_dropwizard-0.7.0.jar:/home/runner/.m2/repository/io/prometheus/simpleclient/0.7.0/simpleclient-0.7.0.jar:/home/runner/.m2/repository/io/prometheus/simpleclient_common/0.7.0/simpleclient_common-0.7.0.jar:/home/runner/.m2/repository/com/fasterxml/jackson/datatype/jackson-datatype-jsr310/2.12.1/jackson-datatype-jsr310-2.12.1.jar:/home/runner/.m2/repository/io/dropwizard/metrics/metrics-core/3.2.4/metrics-core-3.2.4.jar:/home/runner/.m2/repository/org/apache/hadoop/hadoop-hdfs-client/3.3.1/hadoop-hdfs-client-3.3.1.jar:/home/runner/.m2/repository/org/bouncycastle/bcprov-jdk15on/1.67/bcprov-jdk15on-1.67.jar:/home/runner/.m2/repository/com/google/protobuf/protobuf-java/2.5.0/protobuf-java-2.5.0.jar:/home/runner/.m2/repository/org/apache/ozone/ozone-manager/1.3.0-SNAPSHOT/ozone-manager-1.3.0-SNAPSHOT.jar:/home/runner/.m2/repository/org/aspectj/aspectjrt/1.9.7/aspectjrt-1.9.7.jar:/home/runner/.m2/repository/org/aspectj/aspectjweaver/1.9.7/aspectjweaver-1.9.7.jar:/home/runner/.m2/repository/org/apache/ozone/hdds-interface-client/1.3.0-SNAPSHOT/hdds-interface-client-1.3.0-SNAPSHOT.jar:/home/runner/.m2/repository/org/apache/hadoop/thirdparty/hadoop-shaded-protobuf_3_7/1.1.1/hadoop-shaded-protobuf_3_7-1.1.1.jar:/home/runner/.m2/repository/org/apache/ozone/ozone-interface-storage/1.3.0-SNAPSHOT/ozone-interface-storage-1.3.0-SNAPSHOT.jar:/home/runner/.m2/repository/org/reflections/reflections/0.9.11/reflections-0.9.11.jar:/home/runner/.m2/repository/org/apache/hadoop/hadoop-minikdc/3.3.1/hadoop-minikdc-3.3.1.jar:/home/runner/.m2/repository/org/apache/kerby/kerb-simplekdc/1.0.1/kerb-simplekdc-1.0.1.jar:/home/runner/.m2/repository/org/apache/kerby/kerb-client/1.0.1/kerb-client-1.0.1.jar:/home/runner/.m2/repository/org/apache/kerby/kerby-config/1.0.1/kerby-config-1.0.1.jar:/home/runner/.m2/repository/org/apache/kerby/kerb-common/1.0.1/kerb-common-1.0.1.jar:/home/runner/.m2/repository/org/apache/kerby/kerb-crypto/1.0.1/kerb-crypto-1.0.1.jar:/home/runner/.m2/repository/org/apache/kerby/kerb-util/1.0.1/kerb-util-1.0.1.jar:/home/runner/.m2/repository/org/apache/kerby/token-provider/1.0.1/token-provider-1.0.1.jar:/home/runner/.m2/repository/org/apache/kerby/kerb-admin/1.0.1/kerb-admin-1.0.1.jar:/home/runner/.m2/repository/org/apache/kerby/kerb-server/1.0.1/kerb-server-1.0.1.jar:/home/runner/.m2/repository/org/apache/kerby/kerb-identity/1.0.1/kerb-identity-1.0.1.jar:/home/runner/.m2/repository/org/apache/kerby/kerby-xdr/1.0.1/kerby-xdr-1.0.1.jar:/home/runner/.m2/repository/org/slf4j/slf4j-log4j12/1.7.30/slf4j-log4j12-1.7.30.jar:/home/runner/.m2/repository/org/apache/ozone/ozone-s3gateway/1.3.0-SNAPSHOT/ozone-s3gateway-1.3.0-SNAPSHOT.jar:/home/runner/.m2/repository/org/javassist/javassist/3.21.0-GA/javassist-3.21.0-GA.jar:/home/runner/.m2/repository/org/jboss/weld/servlet/weld-servlet/2.4.7.Final/weld-servlet-2.4.7.Final.jar:/home/runner/.m2/repository/org/glassfish/jersey/containers/jersey-container-servlet-core/2.33/jersey-container-servlet-core-2.33.jar:/home/runner/.m2/repository/org/glassfish/hk2/external/jakarta.inject/2.6.1/jakarta.inject-2.6.1.jar:/home/runner/.m2/repository/org/glassfish/jersey/core/jersey-common/2.33/jersey-common-2.33.jar:/home/runner/.m2/repository/jakarta/ws/rs/jakarta.ws.rs-api/2.1.6/jakarta.ws.rs-api-2.1.6.jar:/home/runner/.m2/repository/org/glassfish/jersey/ext/cdi/jersey-cdi1x/2.33/jersey-cdi1x-2.33.jar:/home/runner/.m2/repository/org/glassfish/jersey/inject/jersey-hk2/2.33/jersey-hk2-2.33.jar:/home/runner/.m2/repository/org/glassfish/hk2/hk2-locator/2.6.1/hk2-locator-2.6.1.jar:/home/runner/.m2/repository/org/glassfish/jersey/media/jersey-media-jaxb/2.33/jersey-media-jaxb-2.33.jar:/home/runner/.m2/repository/org/glassfish/hk2/osgi-resource-locator/1.0.3/osgi-resource-locator-1.0.3.jar:/home/runner/.m2/repository/org/glassfish/hk2/hk2-api/2.5.0/hk2-api-2.5.0.jar:/home/runner/.m2/repository/org/glassfish/hk2/hk2-utils/2.5.0/hk2-utils-2.5.0.jar:/home/runner/.m2/repository/org/glassfish/hk2/external/aopalliance-repackaged/2.5.0/aopalliance-repackaged-2.5.0.jar:/home/runner/.m2/repository/com/fasterxml/jackson/dataformat/jackson-dataformat-xml/2.12.1/jackson-dataformat-xml-2.12.1.jar:/home/runner/.m2/repository/com/fasterxml/jackson/core/jackson-core/2.12.1/jackson-core-2.12.1.jar:/home/runner/.m2/repository/com/fasterxml/jackson/module/jackson-module-jaxb-annotations/2.12.1/jackson-module-jaxb-annotations-2.12.1.jar:/home/runner/.m2/repository/jakarta/xml/bind/jakarta.xml.bind-api/2.3.2/jakarta.xml.bind-api-2.3.2.jar:/home/runner/.m2/repository/org/codehaus/woodstox/stax2-api/3.1.4/stax2-api-3.1.4.jar:/home/runner/.m2/repository/com/fasterxml/woodstox/woodstox-core/5.0.3/woodstox-core-5.0.3.jar:/home/runner/.m2/repository/javax/enterprise/cdi-api/1.2/cdi-api-1.2.jar:/home/runner/.m2/repository/javax/el/javax.el-api/3.0.0/javax.el-api-3.0.0.jar:/home/runner/.m2/repository/javax/interceptor/javax.interceptor-api/1.2/javax.interceptor-api-1.2.jar:/home/runner/.m2/repository/javax/inject/javax.inject/1/javax.inject-1.jar:/home/runner/.m2/repository/javax/xml/bind/jaxb-api/2.3.0/jaxb-api-2.3.0.jar:/home/runner/.m2/repository/org/glassfish/jaxb/jaxb-runtime/2.3.0.1/jaxb-runtime-2.3.0.1.jar:/home/runner/.m2/repository/org/glassfish/jaxb/jaxb-core/2.3.0.1/jaxb-core-2.3.0.1.jar:/home/runner/.m2/repository/org/glassfish/jaxb/txw2/2.3.0.1/txw2-2.3.0.1.jar:/home/runner/.m2/repository/com/sun/istack/istack-commons-runtime/3.0.5/istack-commons-runtime-3.0.5.jar:/home/runner/.m2/repository/org/jvnet/staxex/stax-ex/1.7.8/stax-ex-1.7.8.jar:/home/runner/.m2/repository/com/sun/xml/fastinfoset/FastInfoset/1.2.13/FastInfoset-1.2.13.jar:/home/runner/.m2/repository/javax/activation/activation/1.1.1/activation-1.1.1.jar:/home/runner/.m2/repository/org/apache/ozone/ozone-csi/1.3.0-SNAPSHOT/ozone-csi-1.3.0-SNAPSHOT.jar:/home/runner/.m2/repository/com/google/protobuf/protobuf-java-util/3.12.0/protobuf-java-util-3.12.0.jar:/home/runner/.m2/repository/com/google/code/gson/gson/2.2.4/gson-2.2.4.jar:/home/runner/.m2/repository/org/apache/ozone/hdds-config/1.3.0-SNAPSHOT/hdds-config-1.3.0-SNAPSHOT.jar:/home/runner/.m2/repository/io/grpc/grpc-netty/1.33.0/grpc-netty-1.33.0.jar:/home/runner/.m2/repository/io/grpc/grpc-core/1.33.0/grpc-core-1.33.0.jar:/home/runner/.m2/repository/com/google/android/annotations/4.1.1.4/annotations-4.1.1.4.jar:/home/runner/.m2/repository/io/netty/netty-codec-http2/4.1.63.Final/netty-codec-http2-4.1.63.Final.jar:/home/runner/.m2/repository/io/netty/netty-codec-http/4.1.63.Final/netty-codec-http-4.1.63.Final.jar:/home/runner/.m2/repository/io/netty/netty-handler-proxy/4.1.63.Final/netty-handler-proxy-4.1.63.Final.jar:/home/runner/.m2/repository/io/netty/netty-codec-socks/4.1.63.Final/netty-codec-socks-4.1.63.Final.jar:/home/runner/.m2/repository/io/perfmark/perfmark-api/0.19.0/perfmark-api-0.19.0.jar:/home/runner/.m2/repository/org/codehaus/mojo/animal-sniffer-annotations/1.18/animal-sniffer-annotations-1.18.jar:/home/runner/.m2/repository/io/netty/netty-transport-native-epoll/4.1.63.Final/netty-transport-native-epoll-4.1.63.Final.jar:/home/runner/.m2/repository/io/netty/netty-common/4.1.63.Final/netty-common-4.1.63.Final.jar:/home/runner/.m2/repository/io/netty/netty-buffer/4.1.63.Final/netty-buffer-4.1.63.Final.jar:/home/runner/.m2/repository/io/netty/netty-transport-native-unix-common/4.1.63.Final/netty-transport-native-unix-common-4.1.63.Final.jar:/home/runner/.m2/repository/io/grpc/grpc-protobuf/1.33.0/grpc-protobuf-1.33.0.jar:/home/runner/.m2/repository/io/grpc/grpc-api/1.33.0/grpc-api-1.33.0.jar:/home/runner/.m2/repository/io/grpc/grpc-context/1.33.0/grpc-context-1.33.0.jar:/home/runner/.m2/repository/com/google/api/grpc/proto-google-common-protos/1.17.0/proto-google-common-protos-1.17.0.jar:/home/runner/.m2/repository/io/grpc/grpc-protobuf-lite/1.33.0/grpc-protobuf-lite-1.33.0.jar:/home/runner/.m2/repository/io/grpc/grpc-stub/1.33.0/grpc-stub-1.33.0.jar:/home/runner/.m2/repository/org/apache/ozone/ozone-recon/1.3.0-SNAPSHOT/ozone-recon-1.3.0-SNAPSHOT.jar:/home/runner/.m2/repository/org/apache/ozone/ozone-reconcodegen/1.3.0-SNAPSHOT/ozone-reconcodegen-1.3.0-SNAPSHOT.jar:/home/runner/.m2/repository/com/google/inject/extensions/guice-multibindings/4.0/guice-multibindings-4.0.jar:/home/runner/.m2/repository/com/google/inject/guice/4.0/guice-4.0.jar:/home/runner/.m2/repository/aopalliance/aopalliance/1.0/aopalliance-1.0.jar:/home/runner/.m2/repository/com/google/inject/extensions/guice-assistedinject/4.0/guice-assistedinject-4.0.jar:/home/runner/.m2/repository/com/google/inject/extensions/guice-servlet/4.0/guice-servlet-4.0.jar:/home/runner/.m2/repository/org/glassfish/jersey/containers/jersey-container-servlet/2.33/jersey-container-servlet-2.33.jar:/home/runner/.m2/repository/org/glassfish/hk2/guice-bridge/2.5.0/guice-bridge-2.5.0.jar:/home/runner/.m2/repository/org/glassfish/jersey/core/jersey-server/2.33/jersey-server-2.33.jar:/home/runner/.m2/repository/org/glassfish/jersey/core/jersey-client/2.33/jersey-client-2.33.jar:/home/runner/.m2/repository/jakarta/annotation/jakarta.annotation-api/1.3.5/jakarta.annotation-api-1.3.5.jar:/home/runner/.m2/repository/jakarta/validation/jakarta.validation-api/2.0.2/jakarta.validation-api-2.0.2.jar:/home/runner/.m2/repository/org/glassfish/jersey/media/jersey-media-json-jackson/2.33/jersey-media-json-jackson-2.33.jar:/home/runner/.m2/repository/org/glassfish/jersey/ext/jersey-entity-filtering/2.33/jersey-entity-filtering-2.33.jar:/home/runner/.m2/repository/org/jooq/jooq/3.11.10/jooq-3.11.10.jar:/home/runner/.m2/repository/org/jooq/jooq-meta/3.11.10/jooq-meta-3.11.10.jar:/home/runner/.m2/repository/org/jooq/jooq-codegen/3.11.10/jooq-codegen-3.11.10.jar:/home/runner/.m2/repository/com/jolbox/bonecp/0.8.0.RELEASE/bonecp-0.8.0.RELEASE.jar:/home/runner/.m2/repository/org/apache/derby/derby/10.14.2.0/derby-10.14.2.0.jar:/home/runner/.m2/repository/org/xerial/sqlite-jdbc/3.25.2/sqlite-jdbc-3.25.2.jar:/home/runner/.m2/repository/org/springframework/spring-jdbc/5.2.18.RELEASE/spring-jdbc-5.2.18.RELEASE.jar:/home/runner/.m2/repository/org/springframework/spring-beans/5.2.18.RELEASE/spring-beans-5.2.18.RELEASE.jar:/home/runner/.m2/repository/org/springframework/spring-core/5.2.18.RELEASE/spring-core-5.2.18.RELEASE.jar:/home/runner/.m2/repository/org/springframework/spring-jcl/5.2.18.RELEASE/spring-jcl-5.2.18.RELEASE.jar:/home/runner/.m2/repository/org/springframework/spring-tx/5.2.18.RELEASE/spring-tx-5.2.18.RELEASE.jar:/home/runner/.m2/repository/org/apache/ozone/ozone-client/1.3.0-SNAPSHOT/ozone-client-1.3.0-SNAPSHOT.jar:/home/runner/.m2/repository/org/apache/ozone/ozone-filesystem/1.3.0-SNAPSHOT/ozone-filesystem-1.3.0-SNAPSHOT.jar:/home/runner/.m2/repository/org/apache/ozone/ozone-filesystem-common/1.3.0-SNAPSHOT/ozone-filesystem-common-1.3.0-SNAPSHOT.jar:/home/runner/.m2/repository/org/apache/ozone/ozone-tools/1.3.0-SNAPSHOT/ozone-tools-1.3.0-SNAPSHOT.jar:/home/runner/.m2/repository/org/apache/ratis/ratis-tools/2.2.0/ratis-tools-2.2.0.jar:/home/runner/.m2/repository/com/amazonaws/aws-java-sdk-core/1.12.124/aws-java-sdk-core-1.12.124.jar:/home/runner/.m2/repository/org/apache/httpcomponents/httpclient/4.5.13/httpclient-4.5.13.jar:/home/runner/.m2/repository/org/apache/httpcomponents/httpcore/4.4.13/httpcore-4.4.13.jar:/home/runner/.m2/repository/software/amazon/ion/ion-java/1.0.2/ion-java-1.0.2.jar:/home/runner/.m2/repository/com/fasterxml/jackson/dataformat/jackson-dataformat-cbor/2.12.1/jackson-dataformat-cbor-2.12.1.jar:/home/runner/.m2/repository/joda-time/joda-time/2.8.1/joda-time-2.8.1.jar:/home/runner/.m2/repository/com/amazonaws/aws-java-sdk-s3/1.12.124/aws-java-sdk-s3-1.12.124.jar:/home/runner/.m2/repository/com/amazonaws/aws-java-sdk-kms/1.12.124/aws-java-sdk-kms-1.12.124.jar:/home/runner/.m2/repository/com/amazonaws/jmespath-java/1.12.124/jmespath-java-1.12.124.jar:/home/runner/.m2/repository/org/kohsuke/metainf-services/metainf-services/1.8/metainf-services-1.8.jar:/home/runner/.m2/repository/org/apache/ozone/hdds-tools/1.3.0-SNAPSHOT/hdds-tools-1.3.0-SNAPSHOT.jar:/home/runner/.m2/repository/commons-cli/commons-cli/1.2/commons-cli-1.2.jar:/home/runner/.m2/repository/org/apache/commons/commons-lang3/3.7/commons-lang3-3.7.jar:/home/runner/.m2/repository/org/apache/ozone/ozone-manager/1.3.0-SNAPSHOT/ozone-manager-1.3.0-SNAPSHOT-tests.jar:/home/runner/.m2/repository/org/apache/ozone/hdds-common/1.3.0-SNAPSHOT/hdds-common-1.3.0-SNAPSHOT-tests.jar:/home/runner/.m2/repository/org/apache/ozone/hdds-hadoop-dependency-client/1.3.0-SNAPSHOT/hdds-hadoop-dependency-client-1.3.0-SNAPSHOT.jar:/home/runner/.m2/repository/info/picocli/picocli/4.6.1/picocli-4.6.1.jar:/home/runner/.m2/repository/com/fasterxml/jackson/core/jackson-annotations/2.12.1/jackson-annotations-2.12.1.jar:/home/runner/.m2/repository/javax/annotation/javax.annotation-api/1.2/javax.annotation-api-1.2.jar:/home/runner/.m2/repository/org/apache/ratis/ratis-server/2.2.0/ratis-server-2.2.0.jar:/home/runner/.m2/repository/org/apache/ratis/ratis-client/2.2.0/ratis-client-2.2.0.jar:/home/runner/.m2/repository/org/apache/ratis/ratis-server-api/2.2.0/ratis-server-api-2.2.0.jar:/home/runner/.m2/repository/org/apache/ratis/ratis-metrics/2.2.0/ratis-metrics-2.2.0.jar:/home/runner/.m2/repository/org/apache/ratis/ratis-netty/2.2.0/ratis-netty-2.2.0.jar:/home/runner/.m2/repository/org/apache/ratis/ratis-grpc/2.2.0/ratis-grpc-2.2.0.jar:/home/runner/.m2/repository/org/apache/logging/log4j/log4j-api/2.17.1/log4j-api-2.17.1.jar:/home/runner/.m2/repository/org/apache/logging/log4j/log4j-core/2.17.1/log4j-core-2.17.1.jar:/home/runner/.m2/repository/com/lmax/disruptor/3.4.2/disruptor-3.4.2.jar:/home/runner/.m2/repository/org/apache/commons/commons-pool2/2.6.0/commons-pool2-2.6.0.jar:/home/runner/.m2/repository/org/bouncycastle/bcpkix-jdk15on/1.67/bcpkix-jdk15on-1.67.jar:/home/runner/.m2/repository/commons-validator/commons-validator/1.6/commons-validator-1.6.jar:/home/runner/.m2/repository/commons-beanutils/commons-beanutils/1.9.4/commons-beanutils-1.9.4.jar:/home/runner/.m2/repository/commons-digester/commons-digester/1.8.1/commons-digester-1.8.1.jar:/home/runner/.m2/repository/commons-collections/commons-collections/3.2.2/commons-collections-3.2.2.jar:/home/runner/.m2/repository/io/jaegertracing/jaeger-client/1.6.0/jaeger-client-1.6.0.jar:/home/runner/.m2/repository/io/jaegertracing/jaeger-thrift/1.6.0/jaeger-thrift-1.6.0.jar:/home/runner/.m2/repository/org/apache/thrift/libthrift/0.14.1/libthrift-0.14.1.jar:/home/runner/.m2/repository/com/squareup/okhttp3/okhttp/4.9.0/okhttp-4.9.0.jar:/home/runner/.m2/repository/com/squareup/okio/okio/2.8.0/okio-2.8.0.jar:/home/runner/.m2/repository/io/jaegertracing/jaeger-core/1.6.0/jaeger-core-1.6.0.jar:/home/runner/.m2/repository/io/jaegertracing/jaeger-tracerresolver/1.6.0/jaeger-tracerresolver-1.6.0.jar:/home/runner/.m2/repository/io/opentracing/contrib/opentracing-tracerresolver/0.1.8/opentracing-tracerresolver-0.1.8.jar:/home/runner/.m2/repository/org/jetbrains/kotlin/kotlin-stdlib/1.4.31/kotlin-stdlib-1.4.31.jar:/home/runner/.m2/repository/org/jetbrains/kotlin/kotlin-stdlib-common/1.4.31/kotlin-stdlib-common-1.4.31.jar:/home/runner/.m2/repository/org/jetbrains/annotations/13.0/annotations-13.0.jar:/home/runner/.m2/repository/io/opentracing/opentracing-util/0.33.0/opentracing-util-0.33.0.jar:/home/runner/.m2/repository/io/opentracing/opentracing-api/0.33.0/opentracing-api-0.33.0.jar:/home/runner/.m2/repository/io/opentracing/opentracing-noop/0.33.0/opentracing-noop-0.33.0.jar:/home/runner/.m2/repository/org/yaml/snakeyaml/1.26/snakeyaml-1.26.jar:/home/runner/.m2/repository/org/apache/ozone/hdds-interface-admin/1.3.0-SNAPSHOT/hdds-interface-admin-1.3.0-SNAPSHOT.jar:/home/runner/.m2/repository/junit/junit/4.13.1/junit-4.13.1.jar:/home/runner/.m2/repository/org/hamcrest/hamcrest-core/1.3/hamcrest-core-1.3.jar:/home/runner/.m2/repository/org/junit/jupiter/junit-jupiter-api/5.7.0/junit-jupiter-api-5.7.0.jar:/home/runner/.m2/repository/org/apiguardian/apiguardian-api/1.1.0/apiguardian-api-1.1.0.jar:/home/runner/.m2/repository/org/opentest4j/opentest4j/1.2.0/opentest4j-1.2.0.jar:/home/runner/.m2/repository/org/junit/platform/junit-platform-commons/1.7.0/junit-platform-commons-1.7.0.jar:/home/runner/.m2/repository/org/junit/jupiter/junit-jupiter-engine/5.7.0/junit-jupiter-engine-5.7.0.jar:/home/runner/.m2/repository/org/junit/platform/junit-platform-engine/1.7.0/junit-platform-engine-1.7.0.jar:/home/runner/.m2/repository/org/junit/vintage/junit-vintage-engine/5.7.0/junit-vintage-engine-5.7.0.jar:/home/runner/.m2/repository/org/junit/platform/junit-platform-launcher/1.7.0/junit-platform-launcher-1.7.0.jar:/home/runner/.m2/repository/org/mockito/mockito-core/2.28.2/mockito-core-2.28.2.jar:/home/runner/.m2/repository/net/bytebuddy/byte-buddy/1.9.10/byte-buddy-1.9.10.jar:/home/runner/.m2/repository/net/bytebuddy/byte-buddy-agent/1.9.10/byte-buddy-agent-1.9.10.jar:/home/runner/.m2/repository/org/objenesis/objenesis/1.0/objenesis-1.0.jar:/home/runner/.m2/repository/org/apache/hadoop/hadoop-kms/3.3.1/hadoop-kms-3.3.1.jar:/home/runner/.m2/repository/org/apache/hadoop/hadoop-auth/3.3.1/hadoop-auth-3.3.1.jar:/home/runner/.m2/repository/com/nimbusds/nimbus-jose-jwt/7.9/nimbus-jose-jwt-7.9.jar:/home/runner/.m2/repository/com/github/stephenc/jcip/jcip-annotations/1.0-1/jcip-annotations-1.0-1.jar:/home/runner/.m2/repository/net/minidev/json-smart/2.4.7/json-smart-2.4.7.jar:/home/runner/.m2/repository/net/minidev/accessors-smart/2.4.7/accessors-smart-2.4.7.jar:/home/runner/.m2/repository/org/ow2/asm/asm/5.0.4/asm-5.0.4.jar:/home/runner/.m2/repository/org/apache/zookeeper/zookeeper/3.5.6/zookeeper-3.5.6.jar:/home/runner/.m2/repository/org/apache/zookeeper/zookeeper-jute/3.5.6/zookeeper-jute-3.5.6.jar:/home/runner/.m2/repository/org/apache/yetus/audience-annotations/0.5.0/audience-annotations-0.5.0.jar:/home/runner/.m2/repository/org/apache/curator/curator-framework/4.2.0/curator-framework-4.2.0.jar:/home/runner/.m2/repository/org/apache/hadoop/thirdparty/hadoop-shaded-guava/1.1.1/hadoop-shaded-guava-1.1.1.jar:/home/runner/.m2/repository/com/sun/jersey/jersey-core/1.19/jersey-core-1.19.jar:/home/runner/.m2/repository/javax/ws/rs/jsr311-api/1.1.1/jsr311-api-1.1.1.jar:/home/runner/.m2/repository/com/sun/jersey/jersey-server/1.19/jersey-server-1.19.jar:/home/runner/.m2/repository/javax/servlet/javax.servlet-api/3.1.0/javax.servlet-api-3.1.0.jar:/home/runner/.m2/repository/org/eclipse/jetty/jetty-server/9.4.43.v20210629/jetty-server-9.4.43.v20210629.jar:/home/runner/.m2/repository/org/eclipse/jetty/jetty-http/9.4.43.v20210629/jetty-http-9.4.43.v20210629.jar:/home/runner/.m2/repository/org/eclipse/jetty/jetty-io/9.4.43.v20210629/jetty-io-9.4.43.v20210629.jar:/home/runner/.m2/repository/org/eclipse/jetty/jetty-webapp/9.4.43.v20210629/jetty-webapp-9.4.43.v20210629.jar:/home/runner/.m2/repository/org/eclipse/jetty/jetty-xml/9.4.43.v20210629/jetty-xml-9.4.43.v20210629.jar:/home/runner/.m2/repository/org/apache/hadoop/hadoop-common/3.3.1/hadoop-common-3.3.1.jar:/home/runner/.m2/repository/org/apache/commons/commons-math3/3.1.1/commons-math3-3.1.1.jar:/home/runner/.m2/repository/commons-net/commons-net/3.6/commons-net-3.6.jar:/home/runner/.m2/repository/jakarta/activation/jakarta.activation-api/1.2.1/jakarta.activation-api-1.2.1.jar:/home/runner/.m2/repository/com/sun/jersey/jersey-servlet/1.19/jersey-servlet-1.19.jar:/home/runner/.m2/repository/com/sun/jersey/jersey-json/1.19/jersey-json-1.19.jar:/home/runner/.m2/repository/org/codehaus/jettison/jettison/1.1/jettison-1.1.jar:/home/runner/.m2/repository/com/sun/xml/bind/jaxb-impl/2.2.3-1/jaxb-impl-2.2.3-1.jar:/home/runner/.m2/repository/org/codehaus/jackson/jackson-jaxrs/1.9.2/jackson-jaxrs-1.9.2.jar:/home/runner/.m2/repository/org/codehaus/jackson/jackson-xc/1.9.2/jackson-xc-1.9.2.jar:/home/runner/.m2/repository/org/apache/commons/commons-configuration2/2.1.1/commons-configuration2-2.1.1.jar:/home/runner/.m2/repository/org/apache/commons/commons-text/1.4/commons-text-1.4.jar:/home/runner/.m2/repository/com/google/re2j/re2j/1.1/re2j-1.1.jar:/home/runner/.m2/repository/com/jcraft/jsch/0.1.54/jsch-0.1.54.jar:/home/runner/.m2/repository/org/apache/curator/curator-client/4.2.0/curator-client-4.2.0.jar:/home/runner/.m2/repository/org/apache/curator/curator-recipes/4.2.0/curator-recipes-4.2.0.jar:/home/runner/.m2/repository/org/apache/kerby/kerb-core/1.0.1/kerb-core-1.0.1.jar:/home/runner/.m2/repository/org/apache/kerby/kerby-pkix/1.0.1/kerby-pkix-1.0.1.jar:/home/runner/.m2/repository/org/apache/kerby/kerby-asn1/1.0.1/kerby-asn1-1.0.1.jar:/home/runner/.m2/repository/org/apache/kerby/kerby-util/1.0.1/kerby-util-1.0.1.jar:/home/runner/.m2/repository/dnsjava/dnsjava/2.1.7/dnsjava-2.1.7.jar:/home/runner/.m2/repository/org/xerial/snappy/snappy-java/1.1.8.2/snappy-java-1.1.8.2.jar:/home/runner/.m2/repository/org/slf4j/jul-to-slf4j/1.7.30/jul-to-slf4j-1.7.30.jar:/home/runner/.m2/repository/org/eclipse/jetty/jetty-util/9.4.43.v20210629/jetty-util-9.4.43.v20210629.jar:/home/runner/.m2/repository/com/fasterxml/jackson/core/jackson-databind/2.12.1/jackson-databind-2.12.1.jar:/home/runner/.m2/repository/org/apache/hadoop/hadoop-kms/3.3.1/hadoop-kms-3.3.1-tests.jar:/home/runner/.m2/repository/org/apache/ozone/hdds-server-scm/1.3.0-SNAPSHOT/hdds-server-scm-1.3.0-SNAPSHOT-tests.jar:/home/runner/.m2/repository/org/apache/ozone/hdds-container-service/1.3.0-SNAPSHOT/hdds-container-service-1.3.0-SNAPSHOT-tests.jar:/home/runner/.m2/repository/commons-codec/commons-codec/1.11/commons-codec-1.11.jar:/home/runner/.m2/repository/io/netty/netty-transport/4.1.63.Final/netty-transport-4.1.63.Final.jar:/home/runner/.m2/repository/io/netty/netty-resolver/4.1.63.Final/netty-resolver-4.1.63.Final.jar:/home/runner/.m2/repository/io/netty/netty-codec/4.1.63.Final/netty-codec-4.1.63.Final.jar:/home/runner/.m2/repository/io/netty/netty-handler/4.1.63.Final/netty-handler-4.1.63.Final.jar:/home/runner/.m2/repository/org/apache/ozone/hdds-hadoop-dependency-test/1.3.0-SNAPSHOT/hdds-hadoop-dependency-test-1.3.0-SNAPSHOT.jar:/home/runner/.m2/repository/org/apache/hadoop/hadoop-common/3.3.1/hadoop-common-3.3.1-tests.jar:/home/runner/.m2/repository/org/assertj/assertj-core/3.12.2/assertj-core-3.12.2.jar:/home/runner/.m2/repository/org/apache/hadoop/hadoop-hdfs/3.3.1/hadoop-hdfs-3.3.1-tests.jar:/home/runner/.m2/repository/org/eclipse/jetty/jetty-util-ajax/9.4.43.v20210629/jetty-util-ajax-9.4.43.v20210629.jar:/home/runner/.m2/repository/commons-daemon/commons-daemon/1.0.13/commons-daemon-1.0.13.jar:/home/runner/.m2/repository/io/netty/netty/3.10.6.Final/netty-3.10.6.Final.jar:/home/runner/.m2/repository/io/netty/netty-all/4.1.63.Final/netty-all-4.1.63.Final.jar:/home/runner/.m2/repository/org/apache/htrace/htrace-core4/4.1.0-incubating/htrace-core4-4.1.0-incubating.jar:/home/runner/.m2/repository/org/fusesource/leveldbjni/leveldbjni-all/1.8/leveldbjni-all-1.8.jar:/home/runner/.m2/repository/org/apache/hadoop/hadoop-distcp/3.3.1/hadoop-distcp-3.3.1.jar:/home/runner/.m2/repository/org/apache/hadoop/hadoop-mapreduce-client-jobclient/3.3.1/hadoop-mapreduce-client-jobclient-3.3.1.jar:/home/runner/.m2/repository/org/apache/hadoop/hadoop-mapreduce-client-common/3.3.1/hadoop-mapreduce-client-common-3.3.1.jar:/home/runner/.m2/repository/org/apache/hadoop/hadoop-yarn-common/3.3.1/hadoop-yarn-common-3.3.1.jar:/home/runner/.m2/repository/org/apache/hadoop/hadoop-yarn-api/3.3.1/hadoop-yarn-api-3.3.1.jar:/home/runner/.m2/repository/com/sun/jersey/jersey-client/1.19/jersey-client-1.19.jar:/home/runner/.m2/repository/com/sun/jersey/contribs/jersey-guice/1.19/jersey-guice-1.19.jar:/home/runner/.m2/repository/com/fasterxml/jackson/jaxrs/jackson-jaxrs-json-provider/2.12.1/jackson-jaxrs-json-provider-2.12.1.jar:/home/runner/.m2/repository/com/fasterxml/jackson/jaxrs/jackson-jaxrs-base/2.12.1/jackson-jaxrs-base-2.12.1.jar:/home/runner/.m2/repository/org/apache/hadoop/hadoop-yarn-client/3.3.1/hadoop-yarn-client-3.3.1.jar:/home/runner/.m2/repository/org/eclipse/jetty/websocket/websocket-client/9.4.40.v20210413/websocket-client-9.4.40.v20210413.jar:/home/runner/.m2/repository/org/eclipse/jetty/jetty-client/9.4.40.v20210413/jetty-client-9.4.40.v20210413.jar:/home/runner/.m2/repository/org/eclipse/jetty/websocket/websocket-common/9.4.40.v20210413/websocket-common-9.4.40.v20210413.jar:/home/runner/.m2/repository/org/eclipse/jetty/websocket/websocket-api/9.4.40.v20210413/websocket-api-9.4.40.v20210413.jar:/home/runner/.m2/repository/org/jline/jline/3.9.0/jline-3.9.0.jar:/home/runner/.m2/repository/org/apache/hadoop/hadoop-mapreduce-client-core/3.3.1/hadoop-mapreduce-client-core-3.3.1.jar:/home/runner/.m2/repository/org/apache/avro/avro/1.7.7/avro-1.7.7.jar:/home/runner/.m2/repository/org/codehaus/jackson/jackson-core-asl/1.9.13/jackson-core-asl-1.9.13.jar:/home/runner/.m2/repository/org/codehaus/jackson/jackson-mapper-asl/1.9.13/jackson-mapper-asl-1.9.13.jar:/home/runner/.m2/repository/com/thoughtworks/paranamer/paranamer/2.3/paranamer-2.3.jar:/home/runner/.m2/repository/org/apache/hadoop/hadoop-annotations/3.3.1/hadoop-annotations-3.3.1.jar:/usr/lib/jvm/temurin-8-jdk-amd64/jre/../lib/tools.jar:/home/runner/.m2/repository/org/apache/hadoop/hadoop-distcp/3.3.1/hadoop-distcp-3.3.1-tests.jar:/home/runner/.m2/repository/org/apache/ratis/ratis-common/2.2.0/ratis-common-2.2.0.jar:/home/runner/.m2/repository/org/apache/ratis/ratis-thirdparty-misc/0.7.0/ratis-thirdparty-misc-0.7.0.jar:/home/runner/.m2/repository/org/apache/ratis/ratis-proto/2.2.0/ratis-proto-2.2.0.jar:"/>
    <property name="sun.cpu.endian" value="little"/>
    <property name="user.home" value="/home/runner"/>
    <property name="user.language" value="en"/>
    <property name="java.specification.vendor" value="Oracle Corporation"/>
    <property name="java.home" value="/usr/lib/jvm/temurin-8-jdk-amd64/jre"/>
    <property name="java.security.krb5.conf" value="/home/runner/work/ozone/ozone/hadoop-ozone/integration-test/target/test-classes/krb5.conf"/>
    <property name="basedir" value="/home/runner/work/ozone/ozone/hadoop-ozone/integration-test"/>
    <property name="file.separator" value="/"/>
    <property name="line.separator" value="&#10;"/>
    <property name="java.vm.specification.vendor" value="Oracle Corporation"/>
    <property name="java.specification.name" value="Java Platform API Specification"/>
    <property name="java.awt.graphicsenv" value="sun.awt.X11GraphicsEnvironment"/>
    <property name="skip.installnpx" value="true"/>
    <property name="surefire.real.class.path" value="/home/runner/work/ozone/ozone/hadoop-ozone/integration-test/target/surefire/surefirebooter2016544222857018056.jar:/home/runner/.m2/repository/org/jacoco/org.jacoco.agent/0.8.5/org.jacoco.agent-0.8.5-runtime.jar"/>
    <property name="hadoop.log.dir" value="/home/runner/work/ozone/ozone/hadoop-ozone/integration-test/target/log"/>
    <property name="sun.boot.class.path" value="/usr/lib/jvm/temurin-8-jdk-amd64/jre/lib/resources.jar:/usr/lib/jvm/temurin-8-jdk-amd64/jre/lib/rt.jar:/usr/lib/jvm/temurin-8-jdk-amd64/jre/lib/sunrsasign.jar:/usr/lib/jvm/temurin-8-jdk-amd64/jre/lib/jsse.jar:/usr/lib/jvm/temurin-8-jdk-amd64/jre/lib/jce.jar:/usr/lib/jvm/temurin-8-jdk-amd64/jre/lib/charsets.jar:/usr/lib/jvm/temurin-8-jdk-amd64/jre/lib/jfr.jar:/usr/lib/jvm/temurin-8-jdk-amd64/jre/classes"/>
    <property name="sun.management.compiler" value="HotSpot 64-Bit Tiered Compilers"/>
    <property name="skip.npx" value="true"/>
    <property name="java.runtime.version" value="1.8.0_322-b06"/>
    <property name="java.net.preferIPv4Stack" value="true"/>
    <property name="user.name" value="runner"/>
    <property name="path.separator" value=":"/>
    <property name="java.security.egd" value="file:///dev/urandom"/>
    <property name="os.version" value="5.4.0-1070-azure"/>
    <property name="java.endorsed.dirs" value="/usr/lib/jvm/temurin-8-jdk-amd64/jre/lib/endorsed"/>
    <property name="java.runtime.name" value="OpenJDK Runtime Environment"/>
    <property name="file.encoding" value="UTF-8"/>
    <property name="java.vm.name" value="OpenJDK 64-Bit Server VM"/>
    <property name="test.build.webapps" value=""/>
    <property name="localRepository" value="/home/runner/.m2/repository"/>
    <property name="java.vendor.url.bug" value="https://github.com/adoptium/adoptium-support/issues"/>
    <property name="java.io.tmpdir" value="/tmp"/>
    <property name="require.test.libhadoop" value=""/>
    <property name="java.version" value="1.8.0_322"/>
    <property name="user.dir" value="/home/runner/work/ozone/ozone/hadoop-ozone/integration-test"/>
    <property name="os.arch" value="amd64"/>
    <property name="java.vm.specification.name" value="Java Virtual Machine Specification"/>
    <property name="test.build.classes" value="/home/runner/work/ozone/ozone/hadoop-ozone/integration-test/target/test-classes"/>
    <property name="java.awt.printerjob" value="sun.print.PSPrinterJob"/>
    <property name="sun.os.patch.level" value="unknown"/>
    <property name="hadoop.tmp.dir" value="/home/runner/work/ozone/ozone/hadoop-ozone/integration-test/target/tmp"/>
    <property name="java.library.path" value="/usr/java/packages/lib/amd64:/usr/lib64:/lib64:/lib:/usr/lib"/>
    <property name="java.vm.info" value="mixed mode"/>
    <property name="java.vendor" value="Temurin"/>
    <property name="java.vm.version" value="25.322-b06"/>
    <property name="java.ext.dirs" value="/usr/lib/jvm/temurin-8-jdk-amd64/jre/lib/ext:/usr/java/packages/lib/ext"/>
    <property name="sun.io.unicode.encoding" value="UnicodeLittle"/>
    <property name="java.class.version" value="52.0"/>
  </properties>
  <testcase name="test2DatanodesFailure" classname="org.apache.hadoop.ozone.client.rpc.TestBlockOutputStreamWithFailuresFlushDelay" time="82.276"/>
  <testcase name="testDatanodeFailureWithPreAllocation" classname="org.apache.hadoop.ozone.client.rpc.TestBlockOutputStreamWithFailuresFlushDelay" time="118.412"/>
  <testcase name="testDatanodeFailureWithSingleNodeRatis" classname="org.apache.hadoop.ozone.client.rpc.TestBlockOutputStreamWithFailuresFlushDelay" time="300.033">
    <error message="test timed out after 300 seconds" type="org.junit.runners.model.TestTimedOutException">org.junit.runners.model.TestTimedOutException: test timed out after 300 seconds
	at java.lang.Object.wait(Native Method)
	at java.util.concurrent.ForkJoinTask.externalAwaitDone(ForkJoinTask.java:334)
	at java.util.concurrent.ForkJoinTask.doInvoke(ForkJoinTask.java:405)
	at java.util.concurrent.ForkJoinTask.invoke(ForkJoinTask.java:734)
	at java.util.stream.ForEachOps$ForEachOp.evaluateParallel(ForEachOps.java:159)
	at java.util.stream.ForEachOps$ForEachOp$OfRef.evaluateParallel(ForEachOps.java:173)
	at java.util.stream.AbstractPipeline.evaluate(AbstractPipeline.java:233)
	at java.util.stream.ReferencePipeline.forEach(ReferencePipeline.java:485)
	at java.util.stream.ReferencePipeline$Head.forEach(ReferencePipeline.java:650)
	at org.apache.hadoop.ozone.MiniOzoneClusterImpl.stopDatanodes(MiniOzoneClusterImpl.java:525)
	at org.apache.hadoop.ozone.MiniOzoneClusterImpl.stop(MiniOzoneClusterImpl.java:466)
	at org.apache.hadoop.ozone.MiniOzoneClusterImpl.shutdown(MiniOzoneClusterImpl.java:453)
	at org.apache.hadoop.ozone.client.rpc.TestBlockOutputStreamWithFailuresFlushDelay.shutdown(TestBlockOutputStreamWithFailuresFlushDelay.java:160)
	at sun.reflect.NativeMethodAccessorImpl.invoke0(Native Method)
	at sun.reflect.NativeMethodAccessorImpl.invoke(NativeMethodAccessorImpl.java:62)
	at sun.reflect.DelegatingMethodAccessorImpl.invoke(DelegatingMethodAccessorImpl.java:43)
	at java.lang.reflect.Method.invoke(Method.java:498)
	at org.junit.runners.model.FrameworkMethod$1.runReflectiveCall(FrameworkMethod.java:59)
	at org.junit.internal.runners.model.ReflectiveCallable.run(ReflectiveCallable.java:12)
	at org.junit.runners.model.FrameworkMethod.invokeExplosively(FrameworkMethod.java:56)
	at org.junit.internal.runners.statements.RunAfters.invokeMethod(RunAfters.java:46)
	at org.junit.internal.runners.statements.RunAfters.evaluate(RunAfters.java:33)
	at org.junit.internal.runners.statements.FailOnTimeout$CallableStatement.call(FailOnTimeout.java:288)
	at org.junit.internal.runners.statements.FailOnTimeout$CallableStatement.call(FailOnTimeout.java:282)
	at java.util.concurrent.FutureTask.run(FutureTask.java:266)
	at java.lang.Thread.run(Thread.java:750)
</error>
    <system-out><![CDATA[2022-03-07 09:50:35,259 [Time-limited test] WARN  server.ServerUtils (ServerUtils.java:getScmDbDir(148)) - ozone.scm.db.dirs is not configured. We recommend adding this setting. Falling back to ozone.metadata.dirs instead.
2022-03-07 09:50:35,265 [Time-limited test] INFO  ha.SCMHANodeDetails (SCMHANodeDetails.java:loadSCMHAConfig(157)) - ServiceID for StorageContainerManager is null
2022-03-07 09:50:35,265 [Time-limited test] INFO  ha.SCMHANodeDetails (SCMHANodeDetails.java:loadSCMHAConfig(162)) - ozone.scm.default.service.id is not defined, falling back to ozone.scm.service.ids to find serviceID for StorageContainerManager if it is HA enabled cluster
2022-03-07 09:50:35,265 [Time-limited test] INFO  server.RaftServer (ConfUtils.java:logGet(44)) - raft.rpc.type = GRPC (default)
2022-03-07 09:50:35,266 [Time-limited test] INFO  grpc.GrpcFactory (GrpcFactory.java:checkPooledByteBufAllocatorUseCacheForAllThreads(48)) - PERFORMANCE WARNING: useCacheForAllThreads is true that may cause Netty to create a lot garbage objects and, as a result, trigger GC.
	It is recommended to disable useCacheForAllThreads by setting -Dorg.apache.ratis.thirdparty.io.netty.allocator.useCacheForAllThreads=false in command line.
2022-03-07 09:50:35,266 [Time-limited test] INFO  grpc.GrpcConfigKeys (ConfUtils.java:logGet(44)) - raft.grpc.admin.port = -1 (default)
2022-03-07 09:50:35,266 [Time-limited test] INFO  grpc.GrpcConfigKeys (ConfUtils.java:logGet(44)) - raft.grpc.server.port = 9894 (custom)
2022-03-07 09:50:35,266 [Time-limited test] INFO  grpc.GrpcConfigKeys (ConfUtils.java:logGet(44)) - raft.grpc.client.port = -1 (default)
2022-03-07 09:50:35,266 [Time-limited test] INFO  grpc.GrpcConfigKeys (ConfUtils.java:logGet(44)) - raft.grpc.server.port = 9894 (custom)
2022-03-07 09:50:35,266 [Time-limited test] INFO  grpc.GrpcConfigKeys (ConfUtils.java:logGet(44)) - raft.grpc.server.port = 9894 (custom)
2022-03-07 09:50:35,266 [Time-limited test] INFO  server.GrpcService (ConfUtils.java:logGet(44)) - raft.grpc.message.size.max = 32m (=33554432) (custom)
2022-03-07 09:50:35,266 [Time-limited test] INFO  server.RaftServerConfigKeys (ConfUtils.java:logGet(44)) - raft.server.log.appender.buffer.byte-limit = 33554432 (custom)
2022-03-07 09:50:35,266 [Time-limited test] INFO  server.GrpcService (ConfUtils.java:logGet(44)) - raft.grpc.flow.control.window = 1MB (=1048576) (default)
2022-03-07 09:50:35,266 [Time-limited test] INFO  server.RaftServerConfigKeys (ConfUtils.java:logGet(44)) - raft.server.rpc.request.timeout = 30000ms (custom)
2022-03-07 09:50:35,268 [Time-limited test] INFO  impl.DataStreamServerImpl (ConfUtils.java:logGet(44)) - raft.datastream.type = DISABLED (default)
2022-03-07 09:50:35,268 [Time-limited test] INFO  server.RaftServerConfigKeys (ConfUtils.java:logGet(44)) - raft.server.rpc.slowness.timeout = 120000ms (custom)
2022-03-07 09:50:35,268 [Time-limited test] INFO  server.RaftServerConfigKeys (ConfUtils.java:logGet(44)) - raft.server.leaderelection.leader.step-down.wait-time = 10s (default)
2022-03-07 09:50:35,268 [Time-limited test] INFO  server.RaftServerConfigKeys (ConfUtils.java:logGet(44)) - raft.server.storage.dir = [/home/runner/work/ozone/ozone/hadoop-ozone/integration-test/target/test-dir/MiniOzoneClusterImpl-4c099742-f0a8-499d-a606-d482764d36d7/ozone-meta/scm-ha] (custom)
2022-03-07 09:50:35,292 [Time-limited test] INFO  server.RaftServer (RaftServerProxy.java:addNew(95)) - 9fd2d42e-0817-4c6b-b2b7-8c945e0a68b4: addNew group-D482764D36D7:[9fd2d42e-0817-4c6b-b2b7-8c945e0a68b4|rpc:fv-az291-317:9894|priority:0] returns group-D482764D36D7:java.util.concurrent.CompletableFuture@1d7bc596[Not completed]
2022-03-07 09:50:35,293 [pool-533-thread-1] INFO  server.RaftServer$Division (RaftServerImpl.java:<init>(184)) - 9fd2d42e-0817-4c6b-b2b7-8c945e0a68b4: new RaftServerImpl for group-D482764D36D7:[9fd2d42e-0817-4c6b-b2b7-8c945e0a68b4|rpc:fv-az291-317:9894|priority:0] with SCMStateMachine:uninitialized
2022-03-07 09:50:35,316 [pool-533-thread-1] INFO  server.RaftServerConfigKeys (ConfUtils.java:logGet(44)) - raft.server.rpc.timeout.min = 5000ms (custom)
2022-03-07 09:50:35,316 [pool-533-thread-1] INFO  server.RaftServerConfigKeys (ConfUtils.java:logGet(44)) - raft.server.rpc.timeout.max = 5200ms (custom)
2022-03-07 09:50:35,317 [pool-533-thread-1] INFO  server.RaftServerConfigKeys (ConfUtils.java:logGet(44)) - raft.server.rpc.sleep.time = 25ms (default)
2022-03-07 09:50:35,317 [pool-533-thread-1] INFO  server.RaftServerConfigKeys (ConfUtils.java:logGet(44)) - raft.server.rpc.slowness.timeout = 120000ms (custom)
2022-03-07 09:50:35,317 [pool-533-thread-1] INFO  server.RaftServerConfigKeys (ConfUtils.java:logGet(44)) - raft.server.leaderelection.leader.step-down.wait-time = 10s (default)
2022-03-07 09:50:35,317 [pool-533-thread-1] INFO  server.RaftServerConfigKeys (ConfUtils.java:logGet(44)) - raft.server.sleep.deviation.threshold = 300ms (default)
2022-03-07 09:50:35,317 [pool-533-thread-1] INFO  server.RaftServerConfigKeys (ConfUtils.java:logGet(44)) - raft.server.log.appender.install.snapshot.enabled = false (custom)
2022-03-07 09:50:35,317 [pool-533-thread-1] INFO  server.RaftServer$Division (ServerState.java:<init>(105)) - 9fd2d42e-0817-4c6b-b2b7-8c945e0a68b4@group-D482764D36D7: ConfigurationManager, init=-1: [9fd2d42e-0817-4c6b-b2b7-8c945e0a68b4|rpc:fv-az291-317:9894|priority:0], old=null, confs=<EMPTY_MAP>
2022-03-07 09:50:35,317 [pool-533-thread-1] INFO  server.RaftServerConfigKeys (ConfUtils.java:logGet(44)) - raft.server.storage.dir = [/home/runner/work/ozone/ozone/hadoop-ozone/integration-test/target/test-dir/MiniOzoneClusterImpl-4c099742-f0a8-499d-a606-d482764d36d7/ozone-meta/scm-ha] (custom)
2022-03-07 09:50:35,317 [pool-533-thread-1] INFO  server.RaftServerConfigKeys (ConfUtils.java:logGet(44)) - raft.server.log.corruption.policy = EXCEPTION (default)
2022-03-07 09:50:35,317 [pool-533-thread-1] INFO  server.RaftServerConfigKeys (ConfUtils.java:logGet(44)) - raft.server.storage.free-space.min = 0MB (=0) (default)
2022-03-07 09:50:35,317 [pool-533-thread-1] INFO  storage.RaftStorageDirectory (RaftStorageDirectoryImpl.java:analyzeStorage(135)) - The storage directory /home/runner/work/ozone/ozone/hadoop-ozone/integration-test/target/test-dir/MiniOzoneClusterImpl-4c099742-f0a8-499d-a606-d482764d36d7/ozone-meta/scm-ha/4c099742-f0a8-499d-a606-d482764d36d7 does not exist. Creating ...
2022-03-07 09:50:35,321 [pool-533-thread-1] INFO  storage.RaftStorageDirectory (RaftStorageDirectoryImpl.java:tryLock(230)) - Lock on /home/runner/work/ozone/ozone/hadoop-ozone/integration-test/target/test-dir/MiniOzoneClusterImpl-4c099742-f0a8-499d-a606-d482764d36d7/ozone-meta/scm-ha/4c099742-f0a8-499d-a606-d482764d36d7/in_use.lock acquired by nodename 23420@fv-az291-317
2022-03-07 09:50:35,324 [pool-533-thread-1] INFO  storage.RaftStorage (RaftStorageImpl.java:format(89)) - Storage directory /home/runner/work/ozone/ozone/hadoop-ozone/integration-test/target/test-dir/MiniOzoneClusterImpl-4c099742-f0a8-499d-a606-d482764d36d7/ozone-meta/scm-ha/4c099742-f0a8-499d-a606-d482764d36d7 has been successfully formatted.
2022-03-07 09:50:35,325 [pool-533-thread-1] INFO  server.RaftServerConfigKeys (ConfUtils.java:logGet(44)) - raft.server.notification.no-leader.timeout = 60s (default)
2022-03-07 09:50:35,325 [pool-533-thread-1] INFO  server.RaftServerConfigKeys (ConfUtils.java:logGet(44)) - raft.server.log.use.memory = false (default)
2022-03-07 09:50:35,325 [pool-533-thread-1] INFO  server.RaftServerConfigKeys (ConfUtils.java:logGet(44)) - raft.server.log.purge.gap = 1000000 (custom)
2022-03-07 09:50:35,325 [pool-533-thread-1] INFO  server.RaftServerConfigKeys (ConfUtils.java:logGet(44)) - raft.server.log.appender.buffer.byte-limit = 33554432 (custom)
2022-03-07 09:50:35,325 [pool-533-thread-1] INFO  server.RaftServerConfigKeys (ConfUtils.java:logGet(44)) - raft.server.log.segment.size.max = 4194304 (custom)
2022-03-07 09:50:35,329 [pool-533-thread-1] INFO  server.RaftServerConfigKeys (ConfUtils.java:logGet(44)) - raft.server.log.segment.cache.num.max = 2 (custom)
2022-03-07 09:50:35,329 [pool-533-thread-1] INFO  server.RaftServerConfigKeys (ConfUtils.java:logGet(44)) - raft.server.log.segment.cache.size.max = 200MB (=209715200) (default)
2022-03-07 09:50:35,332 [pool-533-thread-1] INFO  segmented.SegmentedRaftLogWorker (SegmentedRaftLogWorker.java:<init>(182)) - new 9fd2d42e-0817-4c6b-b2b7-8c945e0a68b4@group-D482764D36D7-SegmentedRaftLogWorker for RaftStorageImpl:Storage Directory /home/runner/work/ozone/ozone/hadoop-ozone/integration-test/target/test-dir/MiniOzoneClusterImpl-4c099742-f0a8-499d-a606-d482764d36d7/ozone-meta/scm-ha/4c099742-f0a8-499d-a606-d482764d36d7
2022-03-07 09:50:35,332 [pool-533-thread-1] INFO  server.RaftServerConfigKeys (ConfUtils.java:logGet(44)) - raft.server.log.queue.byte-limit = 64MB (=67108864) (default)
2022-03-07 09:50:35,332 [pool-533-thread-1] INFO  server.RaftServerConfigKeys (ConfUtils.java:logGet(44)) - raft.server.log.queue.element-limit = 4096 (default)
2022-03-07 09:50:35,332 [pool-533-thread-1] INFO  server.RaftServerConfigKeys (ConfUtils.java:logGet(44)) - raft.server.log.segment.size.max = 4194304 (custom)
2022-03-07 09:50:35,332 [pool-533-thread-1] INFO  server.RaftServerConfigKeys (ConfUtils.java:logGet(44)) - raft.server.log.preallocated.size = 4194304 (custom)
2022-03-07 09:50:35,332 [pool-533-thread-1] INFO  server.RaftServerConfigKeys (ConfUtils.java:logGet(44)) - raft.server.log.force.sync.num = 128 (default)
2022-03-07 09:50:35,332 [pool-533-thread-1] INFO  server.RaftServerConfigKeys (ConfUtils.java:logGet(44)) - raft.server.log.statemachine.data.sync = true (default)
2022-03-07 09:50:35,332 [pool-533-thread-1] INFO  server.RaftServerConfigKeys (ConfUtils.java:logGet(44)) - raft.server.log.statemachine.data.sync.timeout = 10s (default)
2022-03-07 09:50:35,332 [pool-533-thread-1] INFO  server.RaftServerConfigKeys (ConfUtils.java:logGet(44)) - raft.server.log.statemachine.data.sync.timeout.retry = -1 (default)
2022-03-07 09:50:35,333 [pool-533-thread-1] INFO  server.RaftServerConfigKeys (ConfUtils.java:logGet(44)) - raft.server.log.write.buffer.size = 64KB (=65536) (default)
2022-03-07 09:50:35,333 [pool-533-thread-1] INFO  server.RaftServerConfigKeys (ConfUtils.java:logGet(44)) - raft.server.log.statemachine.data.caching.enabled = false (default)
2022-03-07 09:50:35,333 [pool-533-thread-1] INFO  segmented.SegmentedRaftLogWorker (SegmentedRaftLogWorker.java:lambda$new$0(133)) - 9fd2d42e-0817-4c6b-b2b7-8c945e0a68b4@group-D482764D36D7-SegmentedRaftLogWorker: flushIndex: setUnconditionally 0 -> -1
2022-03-07 09:50:35,333 [pool-533-thread-1] INFO  segmented.SegmentedRaftLogWorker (SegmentedRaftLogWorker.java:lambda$new$0(133)) - 9fd2d42e-0817-4c6b-b2b7-8c945e0a68b4@group-D482764D36D7-SegmentedRaftLogWorker: safeCacheEvictIndex: setUnconditionally 0 -> -1
2022-03-07 09:50:35,333 [pool-533-thread-1] INFO  server.RaftServerConfigKeys (ConfUtils.java:logGet(44)) - raft.server.snapshot.auto.trigger.enabled = true (custom)
2022-03-07 09:50:35,333 [pool-533-thread-1] INFO  server.RaftServerConfigKeys (ConfUtils.java:logGet(44)) - raft.server.snapshot.auto.trigger.threshold = 1000 (custom)
2022-03-07 09:50:35,333 [pool-533-thread-1] INFO  server.RaftServerConfigKeys (ConfUtils.java:logGet(44)) - raft.server.snapshot.retention.file.num = -1 (default)
2022-03-07 09:50:35,334 [pool-533-thread-1] INFO  server.RaftServerConfigKeys (ConfUtils.java:logGet(44)) - raft.server.log.purge.upto.snapshot.index = false (default)
2022-03-07 09:50:35,334 [pool-533-thread-1] INFO  server.RaftServerConfigKeys (ConfUtils.java:logGet(44)) - raft.server.retrycache.expirytime = 60000ms (default)
2022-03-07 09:50:35,334 [pool-533-thread-1] INFO  server.RaftServerConfigKeys (ConfUtils.java:logGet(44)) - raft.server.retrycache.statistics.expirytime = 100μs (default)
2022-03-07 09:50:35,335 [Time-limited test] INFO  server.RaftServer$Division (RaftServerImpl.java:start(301)) - 9fd2d42e-0817-4c6b-b2b7-8c945e0a68b4@group-D482764D36D7: start as a follower, conf=-1: [9fd2d42e-0817-4c6b-b2b7-8c945e0a68b4|rpc:fv-az291-317:9894|priority:0], old=null
2022-03-07 09:50:35,335 [Time-limited test] INFO  server.RaftServer$Division (RaftServerImpl.java:setRole(290)) - 9fd2d42e-0817-4c6b-b2b7-8c945e0a68b4@group-D482764D36D7: changes role from      null to FOLLOWER at term 0 for startAsFollower
2022-03-07 09:50:35,335 [Time-limited test] INFO  impl.RoleInfo (RoleInfo.java:updateAndGet(130)) - 9fd2d42e-0817-4c6b-b2b7-8c945e0a68b4: start 9fd2d42e-0817-4c6b-b2b7-8c945e0a68b4@group-D482764D36D7-FollowerState
2022-03-07 09:50:35,349 [Time-limited test] INFO  util.JmxRegister (JmxRegister.java:tryRegister(44)) - Successfully registered JMX Bean with object name Ratis:service=RaftServer,group=group-D482764D36D7,id=9fd2d42e-0817-4c6b-b2b7-8c945e0a68b4
2022-03-07 09:50:35,351 [Time-limited test] INFO  server.RaftServer (RaftServerProxy.java:lambda$start$5(374)) - 9fd2d42e-0817-4c6b-b2b7-8c945e0a68b4: start RPC server
2022-03-07 09:50:35,353 [Time-limited test] INFO  server.GrpcService (GrpcService.java:startImpl(253)) - 9fd2d42e-0817-4c6b-b2b7-8c945e0a68b4: GrpcService started, listening on 9894
2022-03-07 09:50:35,357 [org.apache.ratis.util.JvmPauseMonitor$$Lambda$431/73409498@2931b857] INFO  util.JvmPauseMonitor (JvmPauseMonitor.java:run(103)) - JvmPauseMonitor-9fd2d42e-0817-4c6b-b2b7-8c945e0a68b4: Started
2022-03-07 09:50:40,504 [9fd2d42e-0817-4c6b-b2b7-8c945e0a68b4@group-D482764D36D7-FollowerState] INFO  impl.FollowerState (FollowerState.java:run(134)) - 9fd2d42e-0817-4c6b-b2b7-8c945e0a68b4@group-D482764D36D7-FollowerState: change to CANDIDATE, lastRpcElapsedTime:5169332473ns, electionTimeout:5154ms
2022-03-07 09:50:40,505 [9fd2d42e-0817-4c6b-b2b7-8c945e0a68b4@group-D482764D36D7-FollowerState] INFO  impl.RoleInfo (RoleInfo.java:shutdownFollowerState(108)) - 9fd2d42e-0817-4c6b-b2b7-8c945e0a68b4: shutdown 9fd2d42e-0817-4c6b-b2b7-8c945e0a68b4@group-D482764D36D7-FollowerState
2022-03-07 09:50:40,505 [9fd2d42e-0817-4c6b-b2b7-8c945e0a68b4@group-D482764D36D7-FollowerState] INFO  server.RaftServer$Division (RaftServerImpl.java:setRole(290)) - 9fd2d42e-0817-4c6b-b2b7-8c945e0a68b4@group-D482764D36D7: changes role from  FOLLOWER to CANDIDATE at term 0 for changeToCandidate
2022-03-07 09:50:40,505 [9fd2d42e-0817-4c6b-b2b7-8c945e0a68b4@group-D482764D36D7-FollowerState] INFO  server.RaftServerConfigKeys (ConfUtils.java:logGet(44)) - raft.server.leaderelection.pre-vote = false (custom)
2022-03-07 09:50:40,505 [9fd2d42e-0817-4c6b-b2b7-8c945e0a68b4@group-D482764D36D7-FollowerState] INFO  impl.RoleInfo (RoleInfo.java:updateAndGet(130)) - 9fd2d42e-0817-4c6b-b2b7-8c945e0a68b4: start 9fd2d42e-0817-4c6b-b2b7-8c945e0a68b4@group-D482764D36D7-LeaderElection72
2022-03-07 09:50:40,520 [9fd2d42e-0817-4c6b-b2b7-8c945e0a68b4@group-D482764D36D7-LeaderElection72] INFO  impl.LeaderElection (LeaderElection.java:askForVotes(306)) - 9fd2d42e-0817-4c6b-b2b7-8c945e0a68b4@group-D482764D36D7-LeaderElection72 ELECTION round 0: submit vote requests at term 1 for -1: [9fd2d42e-0817-4c6b-b2b7-8c945e0a68b4|rpc:fv-az291-317:9894|priority:0], old=null
2022-03-07 09:50:40,520 [9fd2d42e-0817-4c6b-b2b7-8c945e0a68b4@group-D482764D36D7-LeaderElection72] INFO  impl.LeaderElection (LeaderElection.java:askForVotes(308)) - 9fd2d42e-0817-4c6b-b2b7-8c945e0a68b4@group-D482764D36D7-LeaderElection72 ELECTION round 0: result PASSED (term=1)
2022-03-07 09:50:40,520 [9fd2d42e-0817-4c6b-b2b7-8c945e0a68b4@group-D482764D36D7-LeaderElection72] INFO  impl.RoleInfo (RoleInfo.java:shutdownLeaderElection(121)) - 9fd2d42e-0817-4c6b-b2b7-8c945e0a68b4: shutdown 9fd2d42e-0817-4c6b-b2b7-8c945e0a68b4@group-D482764D36D7-LeaderElection72
2022-03-07 09:50:40,520 [9fd2d42e-0817-4c6b-b2b7-8c945e0a68b4@group-D482764D36D7-LeaderElection72] INFO  server.RaftServer$Division (RaftServerImpl.java:setRole(290)) - 9fd2d42e-0817-4c6b-b2b7-8c945e0a68b4@group-D482764D36D7: changes role from CANDIDATE to LEADER at term 1 for changeToLeader
2022-03-07 09:50:40,520 [9fd2d42e-0817-4c6b-b2b7-8c945e0a68b4@group-D482764D36D7-LeaderElection72] INFO  server.RaftServer$Division (ServerState.java:setLeader(285)) - 9fd2d42e-0817-4c6b-b2b7-8c945e0a68b4@group-D482764D36D7: change Leader from null to 9fd2d42e-0817-4c6b-b2b7-8c945e0a68b4 at term 1 for becomeLeader, leader elected after 5195ms
2022-03-07 09:50:40,520 [9fd2d42e-0817-4c6b-b2b7-8c945e0a68b4@group-D482764D36D7-LeaderElection72] INFO  server.RaftServerConfigKeys (ConfUtils.java:logGet(44)) - raft.server.staging.catchup.gap = 1000 (default)
2022-03-07 09:50:40,520 [9fd2d42e-0817-4c6b-b2b7-8c945e0a68b4@group-D482764D36D7-LeaderElection72] INFO  server.RaftServerConfigKeys (ConfUtils.java:logGet(44)) - raft.server.write.element-limit = 4096 (default)
2022-03-07 09:50:40,520 [9fd2d42e-0817-4c6b-b2b7-8c945e0a68b4@group-D482764D36D7-LeaderElection72] INFO  server.RaftServerConfigKeys (ConfUtils.java:logGet(44)) - raft.server.write.byte-limit = 64MB (=67108864) (default)
2022-03-07 09:50:40,521 [9fd2d42e-0817-4c6b-b2b7-8c945e0a68b4@group-D482764D36D7-LeaderElection72] INFO  server.RaftServerConfigKeys (ConfUtils.java:logGet(44)) - raft.server.watch.timeout = 10s (default)
2022-03-07 09:50:40,521 [9fd2d42e-0817-4c6b-b2b7-8c945e0a68b4@group-D482764D36D7-LeaderElection72] INFO  server.RaftServerConfigKeys (ConfUtils.java:logGet(44)) - raft.server.watch.timeout.denomination = 1s (default)
2022-03-07 09:50:40,521 [9fd2d42e-0817-4c6b-b2b7-8c945e0a68b4@group-D482764D36D7-LeaderElection72] INFO  server.RaftServerConfigKeys (ConfUtils.java:logGet(44)) - raft.server.watch.element-limit = 65536 (default)
2022-03-07 09:50:40,521 [9fd2d42e-0817-4c6b-b2b7-8c945e0a68b4@group-D482764D36D7-LeaderElection72] INFO  server.RaftServerConfigKeys (ConfUtils.java:logGet(44)) - raft.server.write.element-limit = 4096 (default)
2022-03-07 09:50:40,521 [9fd2d42e-0817-4c6b-b2b7-8c945e0a68b4@group-D482764D36D7-LeaderElection72] INFO  server.RaftServerConfigKeys (ConfUtils.java:logGet(44)) - raft.server.write.follower.gap.ratio.max = -1.0 (default)
2022-03-07 09:50:40,521 [9fd2d42e-0817-4c6b-b2b7-8c945e0a68b4@group-D482764D36D7-LeaderElection72] INFO  impl.RoleInfo (RoleInfo.java:updateAndGet(130)) - 9fd2d42e-0817-4c6b-b2b7-8c945e0a68b4: start 9fd2d42e-0817-4c6b-b2b7-8c945e0a68b4@group-D482764D36D7-LeaderStateImpl
2022-03-07 09:50:40,521 [9fd2d42e-0817-4c6b-b2b7-8c945e0a68b4@group-D482764D36D7-LeaderElection72] INFO  segmented.SegmentedRaftLogWorker (SegmentedRaftLogWorker.java:startLogSegment(394)) - 9fd2d42e-0817-4c6b-b2b7-8c945e0a68b4@group-D482764D36D7-SegmentedRaftLogWorker: Starting segment from index:0
2022-03-07 09:50:40,524 [9fd2d42e-0817-4c6b-b2b7-8c945e0a68b4@group-D482764D36D7-LeaderElection72] INFO  server.RaftServer$Division (ServerState.java:setRaftConf(387)) - 9fd2d42e-0817-4c6b-b2b7-8c945e0a68b4@group-D482764D36D7: set configuration 0: [9fd2d42e-0817-4c6b-b2b7-8c945e0a68b4|rpc:fv-az291-317:9894|admin:|client:|dataStream:|priority:0], old=null
2022-03-07 09:50:40,558 [9fd2d42e-0817-4c6b-b2b7-8c945e0a68b4@group-D482764D36D7-SegmentedRaftLogWorker] INFO  segmented.SegmentedRaftLogWorker (SegmentedRaftLogWorker.java:execute(601)) - 9fd2d42e-0817-4c6b-b2b7-8c945e0a68b4@group-D482764D36D7-SegmentedRaftLogWorker: created new log segment /home/runner/work/ozone/ozone/hadoop-ozone/integration-test/target/test-dir/MiniOzoneClusterImpl-4c099742-f0a8-499d-a606-d482764d36d7/ozone-meta/scm-ha/4c099742-f0a8-499d-a606-d482764d36d7/current/log_inprogress_0
2022-03-07 09:50:41,359 [Time-limited test] INFO  server.RaftServer (RaftServerProxy.java:lambda$close$6(391)) - 9fd2d42e-0817-4c6b-b2b7-8c945e0a68b4: close
2022-03-07 09:50:41,359 [Time-limited test] INFO  server.RaftServer$Division (RaftServerImpl.java:lambda$close$4(412)) - 9fd2d42e-0817-4c6b-b2b7-8c945e0a68b4@group-D482764D36D7: shutdown
2022-03-07 09:50:41,359 [Time-limited test] INFO  util.JmxRegister (JmxRegister.java:unregister(73)) - Successfully un-registered JMX Bean with object name Ratis:service=RaftServer,group=group-D482764D36D7,id=9fd2d42e-0817-4c6b-b2b7-8c945e0a68b4
2022-03-07 09:50:41,359 [Time-limited test] INFO  impl.RoleInfo (RoleInfo.java:shutdownLeaderState(91)) - 9fd2d42e-0817-4c6b-b2b7-8c945e0a68b4: shutdown 9fd2d42e-0817-4c6b-b2b7-8c945e0a68b4@group-D482764D36D7-LeaderStateImpl
2022-03-07 09:50:41,360 [Time-limited test] INFO  impl.PendingRequests (PendingRequests.java:sendNotLeaderResponses(282)) - 9fd2d42e-0817-4c6b-b2b7-8c945e0a68b4@group-D482764D36D7-PendingRequests: sendNotLeaderResponses
2022-03-07 09:50:41,360 [Time-limited test] INFO  impl.StateMachineUpdater (StateMachineUpdater.java:stopAndJoin(149)) - 9fd2d42e-0817-4c6b-b2b7-8c945e0a68b4@group-D482764D36D7-StateMachineUpdater: set stopIndex = 0
2022-03-07 09:50:41,360 [9fd2d42e-0817-4c6b-b2b7-8c945e0a68b4@group-D482764D36D7-StateMachineUpdater] INFO  impl.StateMachineUpdater (StateMachineUpdater.java:takeSnapshot(281)) - 9fd2d42e-0817-4c6b-b2b7-8c945e0a68b4@group-D482764D36D7-StateMachineUpdater: Took a snapshot at index 0
2022-03-07 09:50:41,360 [9fd2d42e-0817-4c6b-b2b7-8c945e0a68b4@group-D482764D36D7-StateMachineUpdater] INFO  impl.StateMachineUpdater (StateMachineUpdater.java:lambda$new$0(89)) - 9fd2d42e-0817-4c6b-b2b7-8c945e0a68b4@group-D482764D36D7-StateMachineUpdater: snapshotIndex: updateIncreasingly -1 -> 0
2022-03-07 09:50:41,361 [Time-limited test] INFO  server.RaftServer$Division (ServerState.java:close(419)) - 9fd2d42e-0817-4c6b-b2b7-8c945e0a68b4@group-D482764D36D7: closes. applyIndex: 0
2022-03-07 09:50:41,361 [9fd2d42e-0817-4c6b-b2b7-8c945e0a68b4@group-D482764D36D7-SegmentedRaftLogWorker] INFO  segmented.SegmentedRaftLogWorker (SegmentedRaftLogWorker.java:run(327)) - 9fd2d42e-0817-4c6b-b2b7-8c945e0a68b4@group-D482764D36D7-SegmentedRaftLogWorker was interrupted, exiting. There are 0 tasks remaining in the queue.
2022-03-07 09:50:41,364 [Time-limited test] INFO  segmented.SegmentedRaftLogWorker (SegmentedRaftLogWorker.java:close(237)) - 9fd2d42e-0817-4c6b-b2b7-8c945e0a68b4@group-D482764D36D7-SegmentedRaftLogWorker close()
2022-03-07 09:50:41,365 [Time-limited test] INFO  server.GrpcService (GrpcService.java:closeImpl(262)) - 9fd2d42e-0817-4c6b-b2b7-8c945e0a68b4: shutdown server with port 9894 now
2022-03-07 09:50:41,366 [Time-limited test] INFO  server.GrpcService (GrpcService.java:closeImpl(271)) - 9fd2d42e-0817-4c6b-b2b7-8c945e0a68b4: shutdown server with port 9894 successfully
2022-03-07 09:50:41,366 [org.apache.ratis.util.JvmPauseMonitor$$Lambda$431/73409498@2931b857] INFO  util.JvmPauseMonitor (JvmPauseMonitor.java:run(109)) - JvmPauseMonitor-9fd2d42e-0817-4c6b-b2b7-8c945e0a68b4: Stopped
2022-03-07 09:50:41,366 [Time-limited test] INFO  ha.SCMHANodeDetails (SCMHANodeDetails.java:loadSCMHAConfig(157)) - ServiceID for StorageContainerManager is null
2022-03-07 09:50:41,366 [Time-limited test] INFO  ha.SCMHANodeDetails (SCMHANodeDetails.java:loadSCMHAConfig(162)) - ozone.scm.default.service.id is not defined, falling back to ozone.scm.service.ids to find serviceID for StorageContainerManager if it is HA enabled cluster
2022-03-07 09:50:41,367 [Time-limited test] WARN  server.ServerUtils (ServerUtils.java:getScmDbDir(148)) - ozone.scm.db.dirs is not configured. We recommend adding this setting. Falling back to ozone.metadata.dirs instead.
2022-03-07 09:50:41,367 [Time-limited test] INFO  upgrade.AbstractLayoutVersionManager (AbstractLayoutVersionManager.java:init(79)) - Initializing Layout version manager with metadata layout = SCM_HA (version = 2), software layout = SCM_HA (version = 2)
2022-03-07 09:50:41,446 [Time-limited test] INFO  reflections.Reflections (Reflections.java:scan(232)) - Reflections took 78 ms to scan 7 urls, producing 122 keys and 286 values 
2022-03-07 09:50:41,448 [Time-limited test] WARN  utils.HAUtils (HAUtils.java:getMetaDir(342)) - ozone.scm.db.dirs is not configured. We recommend adding this setting. Falling back to ozone.metadata.dirs instead.
2022-03-07 09:50:41,449 [Time-limited test] WARN  db.DBStoreBuilder (DBStoreBuilder.java:applyDBDefinition(145)) - ozone.scm.db.dirs is not configured. We recommend adding this setting. Falling back to ozone.metadata.dirs instead.
2022-03-07 09:50:41,650 [Time-limited test] INFO  net.NodeSchemaLoader (NodeSchemaLoader.java:loadSchemaFromFile(129)) - Loading schema from [jar:file:/home/runner/.m2/repository/org/apache/ozone/hdds-common/1.3.0-SNAPSHOT/hdds-common-1.3.0-SNAPSHOT.jar!/network-topology-default.xml]
2022-03-07 09:50:41,650 [Time-limited test] INFO  net.NodeSchemaLoader (NodeSchemaLoader.java:loadSchema(176)) - Loading network topology layer schema file
2022-03-07 09:50:41,653 [Time-limited test] WARN  impl.MetricRegistriesImpl (MetricRegistriesImpl.java:addReporterRegistration(111)) - New reporters are added after registries were created. Some metrics will be missing from the reporter. Please add reporter before adding any new registry.
2022-03-07 09:50:41,653 [Time-limited test] WARN  impl.MetricRegistriesImpl (MetricRegistriesImpl.java:addReporterRegistration(111)) - New reporters are added after registries were created. Some metrics will be missing from the reporter. Please add reporter before adding any new registry.
2022-03-07 09:50:41,654 [Time-limited test] INFO  ha.SCMRatisServerImpl (SCMRatisServerImpl.java:<init>(87)) - starting Raft server for scm:9fd2d42e-0817-4c6b-b2b7-8c945e0a68b4
2022-03-07 09:50:41,654 [Time-limited test] INFO  server.RaftServer (ConfUtils.java:logGet(44)) - raft.rpc.type = GRPC (default)
2022-03-07 09:50:41,654 [Time-limited test] INFO  grpc.GrpcFactory (GrpcFactory.java:checkPooledByteBufAllocatorUseCacheForAllThreads(48)) - PERFORMANCE WARNING: useCacheForAllThreads is true that may cause Netty to create a lot garbage objects and, as a result, trigger GC.
	It is recommended to disable useCacheForAllThreads by setting -Dorg.apache.ratis.thirdparty.io.netty.allocator.useCacheForAllThreads=false in command line.
2022-03-07 09:50:41,655 [Time-limited test] INFO  grpc.GrpcConfigKeys (ConfUtils.java:logGet(44)) - raft.grpc.admin.port = -1 (default)
2022-03-07 09:50:41,655 [Time-limited test] INFO  grpc.GrpcConfigKeys (ConfUtils.java:logGet(44)) - raft.grpc.server.port = 9894 (custom)
2022-03-07 09:50:41,655 [Time-limited test] INFO  grpc.GrpcConfigKeys (ConfUtils.java:logGet(44)) - raft.grpc.client.port = -1 (default)
2022-03-07 09:50:41,655 [Time-limited test] INFO  grpc.GrpcConfigKeys (ConfUtils.java:logGet(44)) - raft.grpc.server.port = 9894 (custom)
2022-03-07 09:50:41,655 [Time-limited test] INFO  grpc.GrpcConfigKeys (ConfUtils.java:logGet(44)) - raft.grpc.server.port = 9894 (custom)
2022-03-07 09:50:41,655 [Time-limited test] INFO  server.GrpcService (ConfUtils.java:logGet(44)) - raft.grpc.message.size.max = 32m (=33554432) (custom)
2022-03-07 09:50:41,655 [Time-limited test] INFO  server.RaftServerConfigKeys (ConfUtils.java:logGet(44)) - raft.server.log.appender.buffer.byte-limit = 33554432 (custom)
2022-03-07 09:50:41,655 [Time-limited test] INFO  server.GrpcService (ConfUtils.java:logGet(44)) - raft.grpc.flow.control.window = 1MB (=1048576) (default)
2022-03-07 09:50:41,655 [Time-limited test] INFO  server.RaftServerConfigKeys (ConfUtils.java:logGet(44)) - raft.server.rpc.request.timeout = 30000ms (custom)
2022-03-07 09:50:41,668 [Time-limited test] INFO  impl.DataStreamServerImpl (ConfUtils.java:logGet(44)) - raft.datastream.type = DISABLED (default)
2022-03-07 09:50:41,668 [Time-limited test] INFO  server.RaftServerConfigKeys (ConfUtils.java:logGet(44)) - raft.server.rpc.slowness.timeout = 120000ms (custom)
2022-03-07 09:50:41,668 [Time-limited test] INFO  server.RaftServerConfigKeys (ConfUtils.java:logGet(44)) - raft.server.leaderelection.leader.step-down.wait-time = 10s (default)
2022-03-07 09:50:41,669 [Time-limited test] INFO  server.RaftServerConfigKeys (ConfUtils.java:logGet(44)) - raft.server.storage.dir = [/home/runner/work/ozone/ozone/hadoop-ozone/integration-test/target/test-dir/MiniOzoneClusterImpl-4c099742-f0a8-499d-a606-d482764d36d7/ozone-meta/scm-ha] (custom)
2022-03-07 09:50:41,669 [Time-limited test] INFO  server.RaftServer (RaftServerProxy.java:lambda$null$1(235)) - 9fd2d42e-0817-4c6b-b2b7-8c945e0a68b4: found a subdirectory /home/runner/work/ozone/ozone/hadoop-ozone/integration-test/target/test-dir/MiniOzoneClusterImpl-4c099742-f0a8-499d-a606-d482764d36d7/ozone-meta/scm-ha/4c099742-f0a8-499d-a606-d482764d36d7
2022-03-07 09:50:41,669 [Time-limited test] INFO  server.RaftServer (RaftServerProxy.java:addNew(95)) - 9fd2d42e-0817-4c6b-b2b7-8c945e0a68b4: addNew group-D482764D36D7:[] returns group-D482764D36D7:java.util.concurrent.CompletableFuture@2701e62f[Not completed]
2022-03-07 09:50:41,672 [pool-546-thread-1] INFO  server.RaftServer$Division (RaftServerImpl.java:<init>(184)) - 9fd2d42e-0817-4c6b-b2b7-8c945e0a68b4: new RaftServerImpl for group-D482764D36D7:[] with SCMStateMachine:uninitialized
2022-03-07 09:50:41,682 [pool-546-thread-1] INFO  server.RaftServerConfigKeys (ConfUtils.java:logGet(44)) - raft.server.rpc.timeout.min = 5000ms (custom)
2022-03-07 09:50:41,682 [pool-546-thread-1] INFO  server.RaftServerConfigKeys (ConfUtils.java:logGet(44)) - raft.server.rpc.timeout.max = 5200ms (custom)
2022-03-07 09:50:41,682 [pool-546-thread-1] INFO  server.RaftServerConfigKeys (ConfUtils.java:logGet(44)) - raft.server.rpc.sleep.time = 25ms (default)
2022-03-07 09:50:41,682 [pool-546-thread-1] INFO  server.RaftServerConfigKeys (ConfUtils.java:logGet(44)) - raft.server.rpc.slowness.timeout = 120000ms (custom)
2022-03-07 09:50:41,682 [pool-546-thread-1] INFO  server.RaftServerConfigKeys (ConfUtils.java:logGet(44)) - raft.server.leaderelection.leader.step-down.wait-time = 10s (default)
2022-03-07 09:50:41,682 [pool-546-thread-1] INFO  server.RaftServerConfigKeys (ConfUtils.java:logGet(44)) - raft.server.sleep.deviation.threshold = 300ms (default)
2022-03-07 09:50:41,682 [pool-546-thread-1] INFO  server.RaftServerConfigKeys (ConfUtils.java:logGet(44)) - raft.server.log.appender.install.snapshot.enabled = false (custom)
2022-03-07 09:50:41,682 [pool-546-thread-1] INFO  server.RaftServer$Division (ServerState.java:<init>(105)) - 9fd2d42e-0817-4c6b-b2b7-8c945e0a68b4@group-D482764D36D7: ConfigurationManager, init=-1: [], old=null, confs=<EMPTY_MAP>
2022-03-07 09:50:41,682 [pool-546-thread-1] INFO  server.RaftServerConfigKeys (ConfUtils.java:logGet(44)) - raft.server.storage.dir = [/home/runner/work/ozone/ozone/hadoop-ozone/integration-test/target/test-dir/MiniOzoneClusterImpl-4c099742-f0a8-499d-a606-d482764d36d7/ozone-meta/scm-ha] (custom)
2022-03-07 09:50:41,682 [pool-546-thread-1] INFO  server.RaftServerConfigKeys (ConfUtils.java:logGet(44)) - raft.server.log.corruption.policy = EXCEPTION (default)
2022-03-07 09:50:41,682 [pool-546-thread-1] INFO  server.RaftServerConfigKeys (ConfUtils.java:logGet(44)) - raft.server.storage.free-space.min = 0MB (=0) (default)
2022-03-07 09:50:41,689 [pool-546-thread-1] INFO  storage.RaftStorageDirectory (RaftStorageDirectoryImpl.java:tryLock(230)) - Lock on /home/runner/work/ozone/ozone/hadoop-ozone/integration-test/target/test-dir/MiniOzoneClusterImpl-4c099742-f0a8-499d-a606-d482764d36d7/ozone-meta/scm-ha/4c099742-f0a8-499d-a606-d482764d36d7/in_use.lock acquired by nodename 23420@fv-az291-317
2022-03-07 09:50:41,689 [pool-546-thread-1] INFO  storage.RaftStorage (RaftStorageImpl.java:analyzeAndRecoverStorage(110)) - Read RaftStorageMetadata{term=1, votedFor=9fd2d42e-0817-4c6b-b2b7-8c945e0a68b4} from /home/runner/work/ozone/ozone/hadoop-ozone/integration-test/target/test-dir/MiniOzoneClusterImpl-4c099742-f0a8-499d-a606-d482764d36d7/ozone-meta/scm-ha/4c099742-f0a8-499d-a606-d482764d36d7/current/raft-meta
2022-03-07 09:50:41,690 [pool-546-thread-1] INFO  server.RaftServer$Division (ServerState.java:setRaftConf(387)) - 9fd2d42e-0817-4c6b-b2b7-8c945e0a68b4@group-D482764D36D7: set configuration 0: [9fd2d42e-0817-4c6b-b2b7-8c945e0a68b4|rpc:fv-az291-317:9894|admin:|client:|dataStream:|priority:0], old=null
2022-03-07 09:50:41,690 [pool-546-thread-1] INFO  server.RaftServerConfigKeys (ConfUtils.java:logGet(44)) - raft.server.notification.no-leader.timeout = 60s (default)
2022-03-07 09:50:41,690 [pool-546-thread-1] INFO  server.RaftServerConfigKeys (ConfUtils.java:logGet(44)) - raft.server.log.use.memory = false (default)
2022-03-07 09:50:41,690 [pool-546-thread-1] INFO  server.RaftServerConfigKeys (ConfUtils.java:logGet(44)) - raft.server.log.purge.gap = 1000000 (custom)
2022-03-07 09:50:41,690 [pool-546-thread-1] INFO  server.RaftServerConfigKeys (ConfUtils.java:logGet(44)) - raft.server.log.appender.buffer.byte-limit = 33554432 (custom)
2022-03-07 09:50:41,690 [pool-546-thread-1] INFO  server.RaftServerConfigKeys (ConfUtils.java:logGet(44)) - raft.server.log.segment.size.max = 4194304 (custom)
2022-03-07 09:50:41,690 [pool-546-thread-1] INFO  server.RaftServerConfigKeys (ConfUtils.java:logGet(44)) - raft.server.log.segment.cache.num.max = 2 (custom)
2022-03-07 09:50:41,690 [pool-546-thread-1] INFO  server.RaftServerConfigKeys (ConfUtils.java:logGet(44)) - raft.server.log.segment.cache.size.max = 200MB (=209715200) (default)
2022-03-07 09:50:41,691 [pool-546-thread-1] INFO  segmented.SegmentedRaftLogWorker (SegmentedRaftLogWorker.java:<init>(182)) - new 9fd2d42e-0817-4c6b-b2b7-8c945e0a68b4@group-D482764D36D7-SegmentedRaftLogWorker for RaftStorageImpl:Storage Directory /home/runner/work/ozone/ozone/hadoop-ozone/integration-test/target/test-dir/MiniOzoneClusterImpl-4c099742-f0a8-499d-a606-d482764d36d7/ozone-meta/scm-ha/4c099742-f0a8-499d-a606-d482764d36d7
2022-03-07 09:50:41,691 [pool-546-thread-1] INFO  server.RaftServerConfigKeys (ConfUtils.java:logGet(44)) - raft.server.log.queue.byte-limit = 64MB (=67108864) (default)
2022-03-07 09:50:41,691 [pool-546-thread-1] INFO  server.RaftServerConfigKeys (ConfUtils.java:logGet(44)) - raft.server.log.queue.element-limit = 4096 (default)
2022-03-07 09:50:41,691 [pool-546-thread-1] INFO  server.RaftServerConfigKeys (ConfUtils.java:logGet(44)) - raft.server.log.segment.size.max = 4194304 (custom)
2022-03-07 09:50:41,691 [pool-546-thread-1] INFO  server.RaftServerConfigKeys (ConfUtils.java:logGet(44)) - raft.server.log.preallocated.size = 4194304 (custom)
2022-03-07 09:50:41,691 [pool-546-thread-1] INFO  server.RaftServerConfigKeys (ConfUtils.java:logGet(44)) - raft.server.log.force.sync.num = 128 (default)
2022-03-07 09:50:41,691 [pool-546-thread-1] INFO  server.RaftServerConfigKeys (ConfUtils.java:logGet(44)) - raft.server.log.statemachine.data.sync = true (default)
2022-03-07 09:50:41,691 [pool-546-thread-1] INFO  server.RaftServerConfigKeys (ConfUtils.java:logGet(44)) - raft.server.log.statemachine.data.sync.timeout = 10s (default)
2022-03-07 09:50:41,691 [pool-546-thread-1] INFO  server.RaftServerConfigKeys (ConfUtils.java:logGet(44)) - raft.server.log.statemachine.data.sync.timeout.retry = -1 (default)
2022-03-07 09:50:41,692 [pool-546-thread-1] INFO  server.RaftServerConfigKeys (ConfUtils.java:logGet(44)) - raft.server.log.write.buffer.size = 64KB (=65536) (default)
2022-03-07 09:50:41,692 [pool-546-thread-1] INFO  server.RaftServerConfigKeys (ConfUtils.java:logGet(44)) - raft.server.log.statemachine.data.caching.enabled = false (default)
2022-03-07 09:50:41,692 [pool-546-thread-1] INFO  server.RaftServer$Division (ServerState.java:setRaftConf(387)) - 9fd2d42e-0817-4c6b-b2b7-8c945e0a68b4@group-D482764D36D7: set configuration 0: [9fd2d42e-0817-4c6b-b2b7-8c945e0a68b4|rpc:fv-az291-317:9894|admin:|client:|dataStream:|priority:0], old=null
2022-03-07 09:50:41,693 [pool-546-thread-1] INFO  segmented.LogSegment (LogSegment.java:loadSegment(173)) - Successfully read 1 entries from segment file /home/runner/work/ozone/ozone/hadoop-ozone/integration-test/target/test-dir/MiniOzoneClusterImpl-4c099742-f0a8-499d-a606-d482764d36d7/ozone-meta/scm-ha/4c099742-f0a8-499d-a606-d482764d36d7/current/log_inprogress_0
2022-03-07 09:50:41,700 [pool-546-thread-1] INFO  segmented.SegmentedRaftLogWorker (SegmentedRaftLogWorker.java:lambda$new$0(133)) - 9fd2d42e-0817-4c6b-b2b7-8c945e0a68b4@group-D482764D36D7-SegmentedRaftLogWorker: flushIndex: setUnconditionally 0 -> 0
2022-03-07 09:50:41,701 [pool-546-thread-1] INFO  segmented.SegmentedRaftLogWorker (SegmentedRaftLogWorker.java:lambda$new$0(133)) - 9fd2d42e-0817-4c6b-b2b7-8c945e0a68b4@group-D482764D36D7-SegmentedRaftLogWorker: safeCacheEvictIndex: setUnconditionally 0 -> -1
2022-03-07 09:50:41,702 [pool-546-thread-1] INFO  server.RaftServerConfigKeys (ConfUtils.java:logGet(44)) - raft.server.snapshot.auto.trigger.enabled = true (custom)
2022-03-07 09:50:41,702 [pool-546-thread-1] INFO  server.RaftServerConfigKeys (ConfUtils.java:logGet(44)) - raft.server.snapshot.auto.trigger.threshold = 1000 (custom)
2022-03-07 09:50:41,702 [pool-546-thread-1] INFO  server.RaftServerConfigKeys (ConfUtils.java:logGet(44)) - raft.server.snapshot.retention.file.num = -1 (default)
2022-03-07 09:50:41,702 [pool-546-thread-1] INFO  server.RaftServerConfigKeys (ConfUtils.java:logGet(44)) - raft.server.log.purge.upto.snapshot.index = false (default)
2022-03-07 09:50:41,702 [pool-546-thread-1] INFO  server.RaftServerConfigKeys (ConfUtils.java:logGet(44)) - raft.server.retrycache.expirytime = 60000ms (default)
2022-03-07 09:50:41,702 [pool-546-thread-1] INFO  server.RaftServerConfigKeys (ConfUtils.java:logGet(44)) - raft.server.retrycache.statistics.expirytime = 100μs (default)
2022-03-07 09:50:41,703 [Time-limited test] INFO  ha.SCMSnapshotProvider (SCMSnapshotProvider.java:<init>(66)) - Initializing SCM Snapshot Provider
2022-03-07 09:50:41,703 [Time-limited test] WARN  server.ServerUtils (ServerUtils.java:getDefaultRatisDirectory(237)) - Storage directory for Ratis is not configured. It is a good idea to map this to an SSD disk. Falling back to ozone.metadata.dirs
2022-03-07 09:50:41,703 [Time-limited test] WARN  ha.SCMHAUtils (SCMHAUtils.java:getSCMRatisSnapshotDirectory(151)) - SCM snapshot dir is not configured. Falling back to ozone.metadata.dirs config
2022-03-07 09:50:41,705 [Time-limited test] INFO  ha.SequenceIdGenerator (SequenceIdGenerator.java:upgradeToSequenceId(347)) - upgrade localId to 109611004723200000
2022-03-07 09:50:41,705 [Time-limited test] INFO  ha.SequenceIdGenerator (SequenceIdGenerator.java:upgradeToSequenceId(357)) - upgrade delTxnId to 0
2022-03-07 09:50:41,705 [Time-limited test] INFO  ha.SequenceIdGenerator (SequenceIdGenerator.java:upgradeToSequenceId(371)) - upgrade containerId to 0
2022-03-07 09:50:41,705 [Time-limited test] INFO  ha.SequenceIdGenerator (SequenceIdGenerator.java:<init>(218)) - Init the HA SequenceIdGenerator.
2022-03-07 09:50:41,705 [Time-limited test] WARN  server.ServerUtils (ServerUtils.java:sanitizeUserArgs(67)) - ozone.scm.dead.node.interval value = 10000 is smaller than min = 20000 based on the key value of ozone.scm.stale.node.interval, reset to the min value 20000.
2022-03-07 09:50:41,716 [Time-limited test] INFO  node.SCMNodeManager (SCMNodeManager.java:<init>(146)) - Entering startup safe mode.
2022-03-07 09:50:41,716 [Time-limited test] INFO  algorithms.ContainerPlacementPolicyFactory (ContainerPlacementPolicyFactory.java:getPolicy(60)) - Create container placement policy of type org.apache.hadoop.hdds.scm.container.placement.algorithms.SCMContainerPlacementRandom
2022-03-07 09:50:41,717 [Time-limited test] INFO  pipeline.PipelineStateManagerImpl (PipelineStateManagerImpl.java:initialize(78)) - No pipeline exists in current db
2022-03-07 09:50:41,717 [Time-limited test] INFO  algorithms.LeaderChoosePolicyFactory (LeaderChoosePolicyFactory.java:getPolicy(57)) - Create leader choose policy of type org.apache.hadoop.hdds.scm.pipeline.leader.choose.algorithms.MinLeaderCountChoosePolicy
2022-03-07 09:50:41,717 [Time-limited test] INFO  ha.SCMServiceManager (SCMServiceManager.java:register(42)) - Registering service BackgroundPipelineCreator.
2022-03-07 09:50:41,717 [Time-limited test] INFO  pipeline.BackgroundPipelineCreator (BackgroundPipelineCreator.java:start(130)) - Starting RatisPipelineUtilsThread.
2022-03-07 09:50:41,728 [Time-limited test] INFO  algorithms.PipelineChoosePolicyFactory (PipelineChoosePolicyFactory.java:createPipelineChoosePolicyFromClass(73)) - Create pipeline choose policy of type org.apache.hadoop.hdds.scm.pipeline.choose.algorithms.RandomPipelineChoosePolicy
2022-03-07 09:50:41,729 [Time-limited test] INFO  ha.SCMServiceManager (SCMServiceManager.java:register(42)) - Registering service SCMBlockDeletingService.
2022-03-07 09:50:41,729 [Time-limited test] INFO  ha.SCMServiceManager (SCMServiceManager.java:register(42)) - Registering service ReplicationManager.
2022-03-07 09:50:41,729 [Time-limited test] INFO  container.ReplicationManager (ReplicationManager.java:start(326)) - Starting Replication Monitor Thread.
2022-03-07 09:50:41,736 [Time-limited test] INFO  safemode.ContainerSafeModeRule (ContainerSafeModeRule.java:<init>(89)) - containers with one replica threshold count 0
2022-03-07 09:50:41,737 [Time-limited test] INFO  safemode.HealthyPipelineSafeModeRule (HealthyPipelineSafeModeRule.java:initializeRule(156)) - Total pipeline count is 0, healthy pipeline threshold count is 1
2022-03-07 09:50:41,737 [Time-limited test] INFO  safemode.OneReplicaPipelineSafeModeRule (OneReplicaPipelineSafeModeRule.java:initializeRule(180)) - Total pipeline count is 0, pipeline's with at least one datanode reported threshold count is 0
2022-03-07 09:50:41,757 [Time-limited test] INFO  ipc.CallQueueManager (CallQueueManager.java:<init>(90)) - Using callQueue: class java.util.concurrent.LinkedBlockingQueue, queueCapacity: 2000, scheduler: class org.apache.hadoop.ipc.DefaultRpcScheduler, ipcBackoff: false.
2022-03-07 09:50:41,757 [Socket Reader #1 for port 0] INFO  ipc.Server (Server.java:run(1265)) - Starting Socket Reader #1 for port 0
2022-03-07 09:50:41,766 [Listener at 0.0.0.0/38787] INFO  ipc.CallQueueManager (CallQueueManager.java:<init>(90)) - Using callQueue: class java.util.concurrent.LinkedBlockingQueue, queueCapacity: 2000, scheduler: class org.apache.hadoop.ipc.DefaultRpcScheduler, ipcBackoff: false.
2022-03-07 09:50:41,779 [Socket Reader #1 for port 0] INFO  ipc.Server (Server.java:run(1265)) - Starting Socket Reader #1 for port 0
2022-03-07 09:50:41,787 [ReplicationMonitor] INFO  container.ReplicationManager (ReplicationManager.java:processAll(374)) - Replication Manager is not ready to run until 3000ms after safemode exit
2022-03-07 09:50:41,801 [Listener at 0.0.0.0/39863] INFO  ipc.CallQueueManager (CallQueueManager.java:<init>(90)) - Using callQueue: class java.util.concurrent.LinkedBlockingQueue, queueCapacity: 2000, scheduler: class org.apache.hadoop.ipc.DefaultRpcScheduler, ipcBackoff: false.
2022-03-07 09:50:41,809 [Socket Reader #1 for port 0] INFO  ipc.Server (Server.java:run(1265)) - Starting Socket Reader #1 for port 0
2022-03-07 09:50:41,858 [Listener at 0.0.0.0/41041] INFO  server.StorageContainerManager (StorageContainerManager.java:<init>(389)) - 
Container Balancer status:
Key                            Value
Running                        false
Container Balancer Configuration values:
Key                                                Value
Threshold                                          10
Max Datanodes to Involve per Iteration(percent)    20
Max Size to Move per Iteration                     500GB
Max Size Entering Target per Iteration             26GB
Max Size Leaving Source per Iteration              26GB

2022-03-07 09:50:41,858 [Listener at 0.0.0.0/41041] WARN  events.EventQueue (EventQueue.java:fireEvent(194)) - No event handler registered for event TypedEvent{payloadType=SafeModeStatus, name='Safe mode status'}
2022-03-07 09:50:41,858 [Listener at 0.0.0.0/41041] INFO  ha.SCMContext (SCMContext.java:updateSafeModeStatus(211)) - Update SafeModeStatus from SafeModeStatus{safeModeStatus=true, preCheckPassed=false} to SafeModeStatus{safeModeStatus=true, preCheckPassed=false}.
2022-03-07 09:50:41,858 [Listener at 0.0.0.0/41041] INFO  server.StorageContainerManager (StorageContainerManager.java:start(1327)) - StorageContainerLocationProtocol RPC server is listening at /0.0.0.0:41041
2022-03-07 09:50:41,858 [Listener at 0.0.0.0/41041] INFO  ha.SCMRatisServerImpl (SCMRatisServerImpl.java:start(177)) - starting ratis server 0.0.0.0:9894
2022-03-07 09:50:41,858 [Listener at 0.0.0.0/41041] INFO  server.RaftServer$Division (RaftServerImpl.java:start(301)) - 9fd2d42e-0817-4c6b-b2b7-8c945e0a68b4@group-D482764D36D7: start as a follower, conf=0: [9fd2d42e-0817-4c6b-b2b7-8c945e0a68b4|rpc:fv-az291-317:9894|admin:|client:|dataStream:|priority:0], old=null
2022-03-07 09:50:41,859 [Listener at 0.0.0.0/41041] INFO  server.RaftServer$Division (RaftServerImpl.java:setRole(290)) - 9fd2d42e-0817-4c6b-b2b7-8c945e0a68b4@group-D482764D36D7: changes role from      null to FOLLOWER at term 1 for startAsFollower
2022-03-07 09:50:41,859 [Listener at 0.0.0.0/41041] INFO  impl.RoleInfo (RoleInfo.java:updateAndGet(130)) - 9fd2d42e-0817-4c6b-b2b7-8c945e0a68b4: start 9fd2d42e-0817-4c6b-b2b7-8c945e0a68b4@group-D482764D36D7-FollowerState
2022-03-07 09:50:41,859 [Listener at 0.0.0.0/41041] INFO  util.JmxRegister (JmxRegister.java:tryRegister(44)) - Successfully registered JMX Bean with object name Ratis:service=RaftServer,group=group-D482764D36D7,id=9fd2d42e-0817-4c6b-b2b7-8c945e0a68b4
2022-03-07 09:50:41,860 [Listener at 0.0.0.0/41041] INFO  server.RaftServer (RaftServerProxy.java:lambda$start$5(374)) - 9fd2d42e-0817-4c6b-b2b7-8c945e0a68b4: start RPC server
2022-03-07 09:50:41,860 [Listener at 0.0.0.0/41041] INFO  server.GrpcService (GrpcService.java:startImpl(253)) - 9fd2d42e-0817-4c6b-b2b7-8c945e0a68b4: GrpcService started, listening on 9894
2022-03-07 09:50:41,861 [Listener at 0.0.0.0/41041] INFO  ha.SCMHAManagerImpl (SCMHAManagerImpl.java:start(121)) -  scm role is FOLLOWER peers [9fd2d42e-0817-4c6b-b2b7-8c945e0a68b4|rpc:fv-az291-317:9894|admin:|client:|dataStream:|priority:0]
2022-03-07 09:50:41,861 [Listener at 0.0.0.0/41041] INFO  ha.InterSCMGrpcService (InterSCMGrpcProtocolService.java:start(94)) - Starting SCM Grpc Service at port 9895
2022-03-07 09:50:41,862 [Listener at 0.0.0.0/41041] WARN  impl.MetricsConfig (MetricsConfig.java:loadFirst(136)) - Cannot locate configuration: tried hadoop-metrics2-storagecontainermanager.properties,hadoop-metrics2.properties
2022-03-07 09:50:41,865 [org.apache.ratis.util.JvmPauseMonitor$$Lambda$431/73409498@1059fd96] INFO  util.JvmPauseMonitor (JvmPauseMonitor.java:run(103)) - JvmPauseMonitor-9fd2d42e-0817-4c6b-b2b7-8c945e0a68b4: Started
2022-03-07 09:50:41,865 [Listener at 0.0.0.0/41041] INFO  impl.MetricsSystemImpl (MetricsSystemImpl.java:startTimer(378)) - Scheduled Metric snapshot period at 10 second(s).
2022-03-07 09:50:41,865 [Listener at 0.0.0.0/41041] INFO  impl.MetricsSystemImpl (MetricsSystemImpl.java:start(191)) - StorageContainerManager metrics system started
2022-03-07 09:50:41,912 [Listener at 0.0.0.0/41041] INFO  impl.MetricsSinkAdapter (MetricsSinkAdapter.java:start(204)) - Sink prometheus started
2022-03-07 09:50:41,912 [Listener at 0.0.0.0/41041] INFO  impl.MetricsSystemImpl (MetricsSystemImpl.java:registerSink(305)) - Registered sink prometheus
2022-03-07 09:50:41,973 [Listener at 0.0.0.0/41041] INFO  server.SCMClientProtocolServer (SCMClientProtocolServer.java:start(165)) - RPC server for Client  is listening at /0.0.0.0:41041
2022-03-07 09:50:41,974 [IPC Server Responder] INFO  ipc.Server (Server.java:run(1507)) - IPC Server Responder: starting
2022-03-07 09:50:42,012 [IPC Server listener on 0] INFO  ipc.Server (Server.java:run(1344)) - IPC Server listener on 0: starting
2022-03-07 09:50:42,030 [Listener at 0.0.0.0/41041] INFO  server.StorageContainerManager (StorageContainerManager.java:start(1342)) - ScmBlockLocationProtocol RPC server is listening at /0.0.0.0:39863
2022-03-07 09:50:42,031 [Listener at 0.0.0.0/41041] INFO  server.SCMBlockProtocolServer (SCMBlockProtocolServer.java:start(151)) - RPC server for Block Protocol is listening at /0.0.0.0:39863
2022-03-07 09:50:42,031 [IPC Server Responder] INFO  ipc.Server (Server.java:run(1507)) - IPC Server Responder: starting
2022-03-07 09:50:42,031 [IPC Server listener on 0] INFO  ipc.Server (Server.java:run(1344)) - IPC Server listener on 0: starting
2022-03-07 09:50:42,055 [Listener at 0.0.0.0/41041] INFO  http.BaseHttpServer (BaseHttpServer.java:newHttpServer2BuilderForOzone(209)) - Starting Web-server for scm at: http://0.0.0.0:0
2022-03-07 09:50:42,056 [Listener at 0.0.0.0/41041] INFO  http.BaseHttpServer (BaseHttpServer.java:<init>(107)) - Hadoop Security Enabled: false Ozone Security Enabled: false Ozone HTTP Security Enabled: false 
2022-03-07 09:50:42,056 [org.apache.hadoop.util.JvmPauseMonitor$Monitor@3e0f0e50] INFO  util.JvmPauseMonitor (JvmPauseMonitor.java:run(188)) - Starting JVM pause monitor
2022-03-07 09:50:42,062 [Listener at 0.0.0.0/41041] INFO  server.AuthenticationFilter (AuthenticationFilter.java:constructSecretProvider(240)) - Unable to initialize FileSignerSecretProvider, falling back to use random secrets.
2022-03-07 09:50:42,063 [Listener at 0.0.0.0/41041] WARN  http.HttpRequestLog (HttpRequestLog.java:getRequestLog(103)) - Jetty request log can only be enabled using Log4j
2022-03-07 09:50:42,064 [Listener at 0.0.0.0/41041] INFO  http.HttpServer2 (HttpServer2.java:addGlobalFilter(1030)) - Added global filter 'safety' (class=org.apache.hadoop.hdds.server.http.HttpServer2$QuotingInputFilter)
2022-03-07 09:50:42,064 [Listener at 0.0.0.0/41041] INFO  http.HttpServer2 (HttpServer2.java:addFilter(1006)) - Added filter static_user_filter (class=org.apache.hadoop.http.lib.StaticUserWebFilter$StaticUserFilter) to context scm
2022-03-07 09:50:42,064 [Listener at 0.0.0.0/41041] INFO  http.HttpServer2 (HttpServer2.java:addFilter(1014)) - Added filter static_user_filter (class=org.apache.hadoop.http.lib.StaticUserWebFilter$StaticUserFilter) to context static
2022-03-07 09:50:42,064 [Listener at 0.0.0.0/41041] INFO  http.HttpServer2 (HttpServer2.java:addFilter(1014)) - Added filter static_user_filter (class=org.apache.hadoop.http.lib.StaticUserWebFilter$StaticUserFilter) to context logs
2022-03-07 09:50:42,065 [Listener at 0.0.0.0/41041] INFO  http.HttpServer2 (HttpServer2.java:bindListener(1249)) - Jetty bound to port 45697
2022-03-07 09:50:42,065 [Listener at 0.0.0.0/41041] INFO  server.Server (Server.java:doStart(375)) - jetty-9.4.43.v20210629; built: 2021-06-30T11:07:22.254Z; git: 526006ecfa3af7f1a27ef3a288e2bef7ea9dd7e8; jvm 1.8.0_322-b06
2022-03-07 09:50:42,073 [Listener at 0.0.0.0/41041] INFO  server.session (DefaultSessionIdManager.java:doStart(334)) - DefaultSessionIdManager workerName=node0
2022-03-07 09:50:42,073 [Listener at 0.0.0.0/41041] INFO  server.session (DefaultSessionIdManager.java:doStart(339)) - No SessionScavenger set, using defaults
2022-03-07 09:50:42,075 [Listener at 0.0.0.0/41041] INFO  server.session (HouseKeeper.java:startScavenging(132)) - node0 Scavenging every 600000ms
2022-03-07 09:50:42,076 [Listener at 0.0.0.0/41041] INFO  handler.ContextHandler (ContextHandler.java:doStart(915)) - Started o.e.j.s.ServletContextHandler@2344b1f0{logs,/logs,file:///home/runner/work/ozone/ozone/hadoop-ozone/integration-test/target/log,AVAILABLE}
2022-03-07 09:50:42,081 [Listener at 0.0.0.0/41041] INFO  handler.ContextHandler (ContextHandler.java:doStart(915)) - Started o.e.j.s.ServletContextHandler@61a82f2a{static,/static,file:///home/runner/work/ozone/ozone/hadoop-ozone/integration-test/target/test-classes/webapps/static,AVAILABLE}
2022-03-07 09:50:42,092 [Listener at 0.0.0.0/41041] INFO  handler.ContextHandler (ContextHandler.java:doStart(915)) - Started o.e.j.w.WebAppContext@3e45f81d{scm,/,file:///home/runner/work/ozone/ozone/hadoop-ozone/integration-test/target/test-classes/webapps/scm/,AVAILABLE}{file:/home/runner/work/ozone/ozone/hadoop-ozone/integration-test/target/test-classes/webapps/scm}
2022-03-07 09:50:42,098 [Listener at 0.0.0.0/41041] INFO  server.AbstractConnector (AbstractConnector.java:doStart(331)) - Started ServerConnector@17ccaf6b{HTTP/1.1, (http/1.1)}{0.0.0.0:45697}
2022-03-07 09:50:42,098 [Listener at 0.0.0.0/41041] INFO  server.Server (Server.java:doStart(415)) - Started @208493ms
2022-03-07 09:50:42,098 [Listener at 0.0.0.0/41041] WARN  impl.MetricsSystemImpl (MetricsSystemImpl.java:register(279)) - Sink prometheus already exists!
2022-03-07 09:50:42,098 [Listener at 0.0.0.0/41041] INFO  http.BaseHttpServer (BaseHttpServer.java:updateConnectorAddress(329)) - HTTP server of scm listening at http://0.0.0.0:45697
2022-03-07 09:50:42,099 [Listener at 0.0.0.0/41041] WARN  server.ServerUtils (ServerUtils.java:getDBPath(225)) - ozone.om.db.dirs is not configured. We recommend adding this setting. Falling back to ozone.metadata.dirs instead.
2022-03-07 09:50:42,101 [Listener at 0.0.0.0/41041] INFO  ha.OMHANodeDetails (OMHANodeDetails.java:loadOMHAConfig(112)) - ozone.om.internal.service.id is not defined, falling back to ozone.om.service.ids to find serviceID for OzoneManager if it is HA enabled cluster
2022-03-07 09:50:42,101 [Listener at 0.0.0.0/41041] INFO  ha.OMHANodeDetails (OMHANodeDetails.java:loadOMHAConfig(218)) - Configuration does not have ozone.om.address set. Falling back to the default OM address /127.0.0.1:0
2022-03-07 09:50:42,106 [Listener at 0.0.0.0/41041] INFO  ha.OMHANodeDetails (OMHANodeDetails.java:getOMNodeDetailsForNonHA(246)) - OM Service ID is not set. Setting it to the default ID: omServiceIdDefault
2022-03-07 09:50:42,106 [Listener at 0.0.0.0/41041] INFO  ha.OMHANodeDetails (OMHANodeDetails.java:getOMNodeDetailsForNonHA(253)) - OM Node ID is not set. Setting it to the default ID: om1
2022-03-07 09:50:42,106 [Listener at 0.0.0.0/41041] WARN  server.ServerUtils (ServerUtils.java:getDBPath(225)) - ozone.om.db.dirs is not configured. We recommend adding this setting. Falling back to ozone.metadata.dirs instead.
2022-03-07 09:50:42,106 [Listener at 0.0.0.0/41041] INFO  upgrade.AbstractLayoutVersionManager (AbstractLayoutVersionManager.java:init(79)) - Initializing Layout version manager with metadata layout = INITIAL_VERSION (version = 0), software layout = INITIAL_VERSION (version = 0)
2022-03-07 09:50:42,210 [Listener at 0.0.0.0/41041] INFO  reflections.Reflections (Reflections.java:scan(232)) - Reflections took 93 ms to scan 2 urls, producing 134 keys and 349 values [using 2 cores]
2022-03-07 09:50:42,210 [Listener at 0.0.0.0/41041] INFO  upgrade.OMLayoutVersionManager (OMLayoutVersionManager.java:lambda$0(115)) - Skipping Upgrade Action MockOmUpgradeAction since it has been finalized.
2022-03-07 09:50:42,210 [Listener at 0.0.0.0/41041] WARN  server.ServerUtils (ServerUtils.java:getDBPath(225)) - ozone.om.db.dirs is not configured. We recommend adding this setting. Falling back to ozone.metadata.dirs instead.
2022-03-07 09:50:44,297 [Listener at 0.0.0.0/41041] INFO  retry.RetryInvocationHandler (RetryInvocationHandler.java:log(411)) - com.google.protobuf.ServiceException: org.apache.hadoop.ipc.RemoteException(org.apache.hadoop.hdds.ratis.ServerNotLeaderException): Server:9fd2d42e-0817-4c6b-b2b7-8c945e0a68b4 is not the leader. Could not determine the leader node.
	at org.apache.hadoop.hdds.ratis.ServerNotLeaderException.convertToNotLeaderException(ServerNotLeaderException.java:109)
	at org.apache.hadoop.hdds.scm.ha.RatisUtil.checkRatisException(RatisUtil.java:246)
	at org.apache.hadoop.hdds.scm.protocol.ScmBlockLocationProtocolServerSideTranslatorPB.send(ScmBlockLocationProtocolServerSideTranslatorPB.java:108)
	at org.apache.hadoop.hdds.protocol.proto.ScmBlockLocationProtocolProtos$ScmBlockLocationProtocolService$2.callBlockingMethod(ScmBlockLocationProtocolProtos.java:13937)
	at org.apache.hadoop.ipc.ProtobufRpcEngine$Server.processCall(ProtobufRpcEngine.java:466)
	at org.apache.hadoop.ipc.ProtobufRpcEngine2$Server$ProtoBufRpcInvoker.call(ProtobufRpcEngine2.java:574)
	at org.apache.hadoop.ipc.ProtobufRpcEngine2$Server$ProtoBufRpcInvoker.call(ProtobufRpcEngine2.java:552)
	at org.apache.hadoop.ipc.RPC$Server.call(RPC.java:1093)
	at org.apache.hadoop.ipc.Server$RpcCall.run(Server.java:1035)
	at org.apache.hadoop.ipc.Server$RpcCall.run(Server.java:963)
	at java.security.AccessController.doPrivileged(Native Method)
	at javax.security.auth.Subject.doAs(Subject.java:422)
	at org.apache.hadoop.security.UserGroupInformation.doAs(UserGroupInformation.java:1878)
	at org.apache.hadoop.ipc.Server$Handler.run(Server.java:2966)
, while invoking $Proxy43.send over nodeId=scmNodeId,nodeAddress=/0.0.0.0:39863 after 1 failover attempts. Trying to failover after sleeping for 2000ms.
2022-03-07 09:50:46,302 [Listener at 0.0.0.0/41041] INFO  retry.RetryInvocationHandler (RetryInvocationHandler.java:log(411)) - com.google.protobuf.ServiceException: org.apache.hadoop.ipc.RemoteException(org.apache.hadoop.hdds.ratis.ServerNotLeaderException): Server:9fd2d42e-0817-4c6b-b2b7-8c945e0a68b4 is not the leader. Could not determine the leader node.
	at org.apache.hadoop.hdds.ratis.ServerNotLeaderException.convertToNotLeaderException(ServerNotLeaderException.java:109)
	at org.apache.hadoop.hdds.scm.ha.RatisUtil.checkRatisException(RatisUtil.java:246)
	at org.apache.hadoop.hdds.scm.protocol.ScmBlockLocationProtocolServerSideTranslatorPB.send(ScmBlockLocationProtocolServerSideTranslatorPB.java:108)
	at org.apache.hadoop.hdds.protocol.proto.ScmBlockLocationProtocolProtos$ScmBlockLocationProtocolService$2.callBlockingMethod(ScmBlockLocationProtocolProtos.java:13937)
	at org.apache.hadoop.ipc.ProtobufRpcEngine$Server.processCall(ProtobufRpcEngine.java:466)
	at org.apache.hadoop.ipc.ProtobufRpcEngine2$Server$ProtoBufRpcInvoker.call(ProtobufRpcEngine2.java:574)
	at org.apache.hadoop.ipc.ProtobufRpcEngine2$Server$ProtoBufRpcInvoker.call(ProtobufRpcEngine2.java:552)
	at org.apache.hadoop.ipc.RPC$Server.call(RPC.java:1093)
	at org.apache.hadoop.ipc.Server$RpcCall.run(Server.java:1035)
	at org.apache.hadoop.ipc.Server$RpcCall.run(Server.java:963)
	at java.security.AccessController.doPrivileged(Native Method)
	at javax.security.auth.Subject.doAs(Subject.java:422)
	at org.apache.hadoop.security.UserGroupInformation.doAs(UserGroupInformation.java:1878)
	at org.apache.hadoop.ipc.Server$Handler.run(Server.java:2966)
, while invoking $Proxy43.send over nodeId=scmNodeId,nodeAddress=/0.0.0.0:39863 after 2 failover attempts. Trying to failover after sleeping for 2000ms.
2022-03-07 09:50:46,872 [9fd2d42e-0817-4c6b-b2b7-8c945e0a68b4@group-D482764D36D7-FollowerState] INFO  impl.FollowerState (FollowerState.java:run(134)) - 9fd2d42e-0817-4c6b-b2b7-8c945e0a68b4@group-D482764D36D7-FollowerState: change to CANDIDATE, lastRpcElapsedTime:5013112162ns, electionTimeout:5012ms
2022-03-07 09:50:46,872 [9fd2d42e-0817-4c6b-b2b7-8c945e0a68b4@group-D482764D36D7-FollowerState] INFO  impl.RoleInfo (RoleInfo.java:shutdownFollowerState(108)) - 9fd2d42e-0817-4c6b-b2b7-8c945e0a68b4: shutdown 9fd2d42e-0817-4c6b-b2b7-8c945e0a68b4@group-D482764D36D7-FollowerState
2022-03-07 09:50:46,872 [9fd2d42e-0817-4c6b-b2b7-8c945e0a68b4@group-D482764D36D7-FollowerState] INFO  server.RaftServer$Division (RaftServerImpl.java:setRole(290)) - 9fd2d42e-0817-4c6b-b2b7-8c945e0a68b4@group-D482764D36D7: changes role from  FOLLOWER to CANDIDATE at term 1 for changeToCandidate
2022-03-07 09:50:46,872 [9fd2d42e-0817-4c6b-b2b7-8c945e0a68b4@group-D482764D36D7-FollowerState] INFO  server.RaftServerConfigKeys (ConfUtils.java:logGet(44)) - raft.server.leaderelection.pre-vote = false (custom)
2022-03-07 09:50:46,872 [9fd2d42e-0817-4c6b-b2b7-8c945e0a68b4@group-D482764D36D7-FollowerState] INFO  impl.RoleInfo (RoleInfo.java:updateAndGet(130)) - 9fd2d42e-0817-4c6b-b2b7-8c945e0a68b4: start 9fd2d42e-0817-4c6b-b2b7-8c945e0a68b4@group-D482764D36D7-LeaderElection73
2022-03-07 09:50:46,898 [9fd2d42e-0817-4c6b-b2b7-8c945e0a68b4@group-D482764D36D7-LeaderElection73] INFO  impl.LeaderElection (LeaderElection.java:askForVotes(306)) - 9fd2d42e-0817-4c6b-b2b7-8c945e0a68b4@group-D482764D36D7-LeaderElection73 ELECTION round 0: submit vote requests at term 2 for 0: [9fd2d42e-0817-4c6b-b2b7-8c945e0a68b4|rpc:fv-az291-317:9894|admin:|client:|dataStream:|priority:0], old=null
2022-03-07 09:50:46,898 [9fd2d42e-0817-4c6b-b2b7-8c945e0a68b4@group-D482764D36D7-LeaderElection73] INFO  impl.LeaderElection (LeaderElection.java:askForVotes(308)) - 9fd2d42e-0817-4c6b-b2b7-8c945e0a68b4@group-D482764D36D7-LeaderElection73 ELECTION round 0: result PASSED (term=2)
2022-03-07 09:50:46,898 [9fd2d42e-0817-4c6b-b2b7-8c945e0a68b4@group-D482764D36D7-LeaderElection73] INFO  impl.RoleInfo (RoleInfo.java:shutdownLeaderElection(121)) - 9fd2d42e-0817-4c6b-b2b7-8c945e0a68b4: shutdown 9fd2d42e-0817-4c6b-b2b7-8c945e0a68b4@group-D482764D36D7-LeaderElection73
2022-03-07 09:50:46,898 [9fd2d42e-0817-4c6b-b2b7-8c945e0a68b4@group-D482764D36D7-LeaderElection73] INFO  server.RaftServer$Division (RaftServerImpl.java:setRole(290)) - 9fd2d42e-0817-4c6b-b2b7-8c945e0a68b4@group-D482764D36D7: changes role from CANDIDATE to LEADER at term 2 for changeToLeader
2022-03-07 09:50:46,898 [9fd2d42e-0817-4c6b-b2b7-8c945e0a68b4@group-D482764D36D7-LeaderElection73] INFO  ha.SCMStateMachine (SCMStateMachine.java:notifyLeaderChanged(259)) - current SCM becomes leader of term 2.
2022-03-07 09:50:46,899 [9fd2d42e-0817-4c6b-b2b7-8c945e0a68b4@group-D482764D36D7-LeaderElection73] INFO  ha.SCMContext (SCMContext.java:updateLeaderAndTerm(90)) - update <isLeader,term> from <false,0> to <true,2>
2022-03-07 09:50:46,899 [9fd2d42e-0817-4c6b-b2b7-8c945e0a68b4@group-D482764D36D7-LeaderElection73] INFO  server.RaftServer$Division (ServerState.java:setLeader(285)) - 9fd2d42e-0817-4c6b-b2b7-8c945e0a68b4@group-D482764D36D7: change Leader from null to 9fd2d42e-0817-4c6b-b2b7-8c945e0a68b4 at term 2 for becomeLeader, leader elected after 5208ms
2022-03-07 09:50:46,899 [9fd2d42e-0817-4c6b-b2b7-8c945e0a68b4@group-D482764D36D7-LeaderElection73] INFO  server.RaftServerConfigKeys (ConfUtils.java:logGet(44)) - raft.server.staging.catchup.gap = 1000 (default)
2022-03-07 09:50:46,899 [9fd2d42e-0817-4c6b-b2b7-8c945e0a68b4@group-D482764D36D7-LeaderElection73] INFO  server.RaftServerConfigKeys (ConfUtils.java:logGet(44)) - raft.server.write.element-limit = 4096 (default)
2022-03-07 09:50:46,899 [9fd2d42e-0817-4c6b-b2b7-8c945e0a68b4@group-D482764D36D7-LeaderElection73] INFO  server.RaftServerConfigKeys (ConfUtils.java:logGet(44)) - raft.server.write.byte-limit = 64MB (=67108864) (default)
2022-03-07 09:50:46,899 [9fd2d42e-0817-4c6b-b2b7-8c945e0a68b4@group-D482764D36D7-LeaderElection73] INFO  server.RaftServerConfigKeys (ConfUtils.java:logGet(44)) - raft.server.watch.timeout = 10s (default)
2022-03-07 09:50:46,899 [9fd2d42e-0817-4c6b-b2b7-8c945e0a68b4@group-D482764D36D7-LeaderElection73] INFO  server.RaftServerConfigKeys (ConfUtils.java:logGet(44)) - raft.server.watch.timeout.denomination = 1s (default)
2022-03-07 09:50:46,899 [9fd2d42e-0817-4c6b-b2b7-8c945e0a68b4@group-D482764D36D7-LeaderElection73] INFO  server.RaftServerConfigKeys (ConfUtils.java:logGet(44)) - raft.server.watch.element-limit = 65536 (default)
2022-03-07 09:50:46,899 [9fd2d42e-0817-4c6b-b2b7-8c945e0a68b4@group-D482764D36D7-LeaderElection73] INFO  server.RaftServerConfigKeys (ConfUtils.java:logGet(44)) - raft.server.write.element-limit = 4096 (default)
2022-03-07 09:50:46,899 [9fd2d42e-0817-4c6b-b2b7-8c945e0a68b4@group-D482764D36D7-LeaderElection73] INFO  server.RaftServerConfigKeys (ConfUtils.java:logGet(44)) - raft.server.write.follower.gap.ratio.max = -1.0 (default)
2022-03-07 09:50:46,899 [9fd2d42e-0817-4c6b-b2b7-8c945e0a68b4@group-D482764D36D7-LeaderElection73] INFO  impl.RoleInfo (RoleInfo.java:updateAndGet(130)) - 9fd2d42e-0817-4c6b-b2b7-8c945e0a68b4: start 9fd2d42e-0817-4c6b-b2b7-8c945e0a68b4@group-D482764D36D7-LeaderStateImpl
2022-03-07 09:50:46,900 [9fd2d42e-0817-4c6b-b2b7-8c945e0a68b4@group-D482764D36D7-LeaderElection73] INFO  segmented.SegmentedRaftLogWorker (SegmentedRaftLogWorker.java:rollLogSegment(399)) - 9fd2d42e-0817-4c6b-b2b7-8c945e0a68b4@group-D482764D36D7-SegmentedRaftLogWorker: Rolling segment log-0_0 to index:0
2022-03-07 09:50:46,901 [9fd2d42e-0817-4c6b-b2b7-8c945e0a68b4@group-D482764D36D7-SegmentedRaftLogWorker] INFO  segmented.SegmentedRaftLogWorker (SegmentedRaftLogWorker.java:execute(558)) - 9fd2d42e-0817-4c6b-b2b7-8c945e0a68b4@group-D482764D36D7-SegmentedRaftLogWorker: Rolled log segment from /home/runner/work/ozone/ozone/hadoop-ozone/integration-test/target/test-dir/MiniOzoneClusterImpl-4c099742-f0a8-499d-a606-d482764d36d7/ozone-meta/scm-ha/4c099742-f0a8-499d-a606-d482764d36d7/current/log_inprogress_0 to /home/runner/work/ozone/ozone/hadoop-ozone/integration-test/target/test-dir/MiniOzoneClusterImpl-4c099742-f0a8-499d-a606-d482764d36d7/ozone-meta/scm-ha/4c099742-f0a8-499d-a606-d482764d36d7/current/log_0-0
2022-03-07 09:50:46,917 [9fd2d42e-0817-4c6b-b2b7-8c945e0a68b4@group-D482764D36D7-LeaderElection73] INFO  server.RaftServer$Division (ServerState.java:setRaftConf(387)) - 9fd2d42e-0817-4c6b-b2b7-8c945e0a68b4@group-D482764D36D7: set configuration 1: [9fd2d42e-0817-4c6b-b2b7-8c945e0a68b4|rpc:fv-az291-317:9894|admin:|client:|dataStream:|priority:0], old=null
2022-03-07 09:50:46,920 [9fd2d42e-0817-4c6b-b2b7-8c945e0a68b4@group-D482764D36D7-SegmentedRaftLogWorker] INFO  segmented.SegmentedRaftLogWorker (SegmentedRaftLogWorker.java:execute(601)) - 9fd2d42e-0817-4c6b-b2b7-8c945e0a68b4@group-D482764D36D7-SegmentedRaftLogWorker: created new log segment /home/runner/work/ozone/ozone/hadoop-ozone/integration-test/target/test-dir/MiniOzoneClusterImpl-4c099742-f0a8-499d-a606-d482764d36d7/ozone-meta/scm-ha/4c099742-f0a8-499d-a606-d482764d36d7/current/log_inprogress_1
2022-03-07 09:50:46,933 [9fd2d42e-0817-4c6b-b2b7-8c945e0a68b4@group-D482764D36D7-StateMachineUpdater] INFO  ha.SCMContext (SCMContext.java:setLeaderReady(117)) - update <isLeaderReady> from <false> to <true>
2022-03-07 09:50:46,937 [9fd2d42e-0817-4c6b-b2b7-8c945e0a68b4@group-D482764D36D7-StateMachineUpdater] INFO  pipeline.BackgroundPipelineCreator (BackgroundPipelineCreator.java:notifyStatusChanged(264)) - Service BackgroundPipelineCreator transitions to RUNNING.
2022-03-07 09:50:46,939 [9fd2d42e-0817-4c6b-b2b7-8c945e0a68b4@group-D482764D36D7-StateMachineUpdater] INFO  safemode.HealthyPipelineSafeModeRule (HealthyPipelineSafeModeRule.java:initializeRule(152)) - Refreshed total pipeline count is 0, healthy pipeline threshold count is 1
2022-03-07 09:50:46,939 [9fd2d42e-0817-4c6b-b2b7-8c945e0a68b4@group-D482764D36D7-StateMachineUpdater] INFO  safemode.ContainerSafeModeRule (ContainerSafeModeRule.java:reInitializeRule(177)) - Refreshed one replica container threshold 0, currentThreshold 0
2022-03-07 09:50:46,939 [9fd2d42e-0817-4c6b-b2b7-8c945e0a68b4@group-D482764D36D7-StateMachineUpdater] INFO  safemode.OneReplicaPipelineSafeModeRule (OneReplicaPipelineSafeModeRule.java:initializeRule(176)) - Refreshed Total pipeline count is 0, pipeline's with at least one datanode reported threshold count is 0
2022-03-07 09:50:46,939 [9fd2d42e-0817-4c6b-b2b7-8c945e0a68b4@group-D482764D36D7-StateMachineUpdater] INFO  server.SCMDatanodeProtocolServer (SCMDatanodeProtocolServer.java:start(183)) - ScmDatanodeProtocol RPC server for DataNodes is listening at /0.0.0.0:38787
2022-03-07 09:50:46,950 [IPC Server listener on 0] INFO  ipc.Server (Server.java:run(1344)) - IPC Server listener on 0: starting
2022-03-07 09:50:46,994 [IPC Server Responder] INFO  ipc.Server (Server.java:run(1507)) - IPC Server Responder: starting
2022-03-07 09:50:48,304 [Listener at 0.0.0.0/41041] WARN  server.ServerUtils (ServerUtils.java:getDBPath(225)) - ozone.om.db.dirs is not configured. We recommend adding this setting. Falling back to ozone.metadata.dirs instead.
2022-03-07 09:50:48,305 [Listener at 0.0.0.0/41041] INFO  codec.OmKeyInfoCodec (OmKeyInfoCodec.java:<init>(50)) - OmKeyInfoCodec ignorePipeline = true
2022-03-07 09:50:48,305 [Listener at 0.0.0.0/41041] INFO  codec.RepeatedOmKeyInfoCodec (RepeatedOmKeyInfoCodec.java:<init>(42)) - RepeatedOmKeyInfoCodec ignorePipeline = true
2022-03-07 09:50:48,573 [Listener at 0.0.0.0/41041] INFO  om.OzoneManager (OzoneManager.java:addS3GVolumeToDB(3733)) - Created Volume s3v With Owner runner required for S3Gateway operations.
2022-03-07 09:50:48,573 [Listener at 0.0.0.0/41041] WARN  server.ServerUtils (ServerUtils.java:getDefaultRatisDirectory(237)) - Storage directory for Ratis is not configured. It is a good idea to map this to an SSD disk. Falling back to ozone.metadata.dirs
2022-03-07 09:50:48,573 [Listener at 0.0.0.0/41041] WARN  utils.OzoneManagerRatisUtils (OzoneManagerRatisUtils.java:getOMRatisSnapshotDirectory(330)) - ozone.om.ratis.snapshot.dir is not configured. Falling back to ozone.metadata.dirs config
2022-03-07 09:50:48,574 [Listener at 0.0.0.0/41041] WARN  impl.MetricRegistriesImpl (MetricRegistriesImpl.java:addReporterRegistration(111)) - New reporters are added after registries were created. Some metrics will be missing from the reporter. Please add reporter before adding any new registry.
2022-03-07 09:50:48,574 [Listener at 0.0.0.0/41041] WARN  impl.MetricRegistriesImpl (MetricRegistriesImpl.java:addReporterRegistration(111)) - New reporters are added after registries were created. Some metrics will be missing from the reporter. Please add reporter before adding any new registry.
2022-03-07 09:50:48,574 [Listener at 0.0.0.0/41041] WARN  server.ServerUtils (ServerUtils.java:getDefaultRatisDirectory(237)) - Storage directory for Ratis is not configured. It is a good idea to map this to an SSD disk. Falling back to ozone.metadata.dirs
2022-03-07 09:50:48,575 [Listener at 0.0.0.0/41041] INFO  ratis.OzoneManagerRatisServer (OzoneManagerRatisServer.java:<init>(159)) - Instantiating OM Ratis server with groupID: omServiceIdDefault and peers: localhost:9872
2022-03-07 09:50:48,575 [Listener at 0.0.0.0/41041] INFO  ratis.OzoneManagerStateMachine (OzoneManagerStateMachine.java:loadSnapshotInfoFromDB(605)) - LastAppliedIndex is set from TransactionInfo from OM DB as (t:0, i:~)
2022-03-07 09:50:48,575 [Listener at 0.0.0.0/41041] INFO  server.RaftServer (ConfUtils.java:logGet(44)) - raft.rpc.type = GRPC (default)
2022-03-07 09:50:48,575 [Listener at 0.0.0.0/41041] INFO  grpc.GrpcFactory (GrpcFactory.java:checkPooledByteBufAllocatorUseCacheForAllThreads(48)) - PERFORMANCE WARNING: useCacheForAllThreads is true that may cause Netty to create a lot garbage objects and, as a result, trigger GC.
	It is recommended to disable useCacheForAllThreads by setting -Dorg.apache.ratis.thirdparty.io.netty.allocator.useCacheForAllThreads=false in command line.
2022-03-07 09:50:48,575 [Listener at 0.0.0.0/41041] INFO  grpc.GrpcConfigKeys (ConfUtils.java:logGet(44)) - raft.grpc.admin.port = -1 (default)
2022-03-07 09:50:48,575 [Listener at 0.0.0.0/41041] INFO  grpc.GrpcConfigKeys (ConfUtils.java:logGet(44)) - raft.grpc.server.port = 9872 (custom)
2022-03-07 09:50:48,575 [Listener at 0.0.0.0/41041] INFO  grpc.GrpcConfigKeys (ConfUtils.java:logGet(44)) - raft.grpc.client.port = -1 (default)
2022-03-07 09:50:48,576 [Listener at 0.0.0.0/41041] INFO  grpc.GrpcConfigKeys (ConfUtils.java:logGet(44)) - raft.grpc.server.port = 9872 (custom)
2022-03-07 09:50:48,576 [Listener at 0.0.0.0/41041] INFO  grpc.GrpcConfigKeys (ConfUtils.java:logGet(44)) - raft.grpc.server.port = 9872 (custom)
2022-03-07 09:50:48,576 [Listener at 0.0.0.0/41041] INFO  server.GrpcService (ConfUtils.java:logGet(44)) - raft.grpc.message.size.max = 33554432 (custom)
2022-03-07 09:50:48,576 [Listener at 0.0.0.0/41041] INFO  server.RaftServerConfigKeys (ConfUtils.java:logGet(44)) - raft.server.log.appender.buffer.byte-limit = 33554432 (custom)
2022-03-07 09:50:48,576 [Listener at 0.0.0.0/41041] INFO  server.GrpcService (ConfUtils.java:logGet(44)) - raft.grpc.flow.control.window = 1MB (=1048576) (default)
2022-03-07 09:50:48,576 [Listener at 0.0.0.0/41041] INFO  server.RaftServerConfigKeys (ConfUtils.java:logGet(44)) - raft.server.rpc.request.timeout = 3000ms (default)
2022-03-07 09:50:48,577 [Listener at 0.0.0.0/41041] INFO  impl.DataStreamServerImpl (ConfUtils.java:logGet(44)) - raft.datastream.type = DISABLED (default)
2022-03-07 09:50:48,577 [Listener at 0.0.0.0/41041] INFO  server.RaftServerConfigKeys (ConfUtils.java:logGet(44)) - raft.server.rpc.slowness.timeout = 120s (custom)
2022-03-07 09:50:48,577 [Listener at 0.0.0.0/41041] INFO  server.RaftServerConfigKeys (ConfUtils.java:logGet(44)) - raft.server.leaderelection.leader.step-down.wait-time = 10s (default)
2022-03-07 09:50:48,577 [Listener at 0.0.0.0/41041] INFO  server.RaftServerConfigKeys (ConfUtils.java:logGet(44)) - raft.server.storage.dir = [/home/runner/work/ozone/ozone/hadoop-ozone/integration-test/target/test-dir/MiniOzoneClusterImpl-4c099742-f0a8-499d-a606-d482764d36d7/ozone-meta/ratis] (custom)
2022-03-07 09:50:48,578 [Listener at 0.0.0.0/41041] INFO  server.RaftServer (RaftServerProxy.java:addNew(95)) - om1: addNew group-C5BA1605619E:[om1|rpc:localhost:9872|priority:0] returns group-C5BA1605619E:java.util.concurrent.CompletableFuture@5e8ce5aa[Not completed]
2022-03-07 09:50:48,578 [Listener at 0.0.0.0/41041] INFO  om.OzoneManager (OzoneManager.java:initializeRatisServer(1834)) - OzoneManager Ratis server initialized at port 9872
2022-03-07 09:50:48,579 [Listener at 0.0.0.0/41041] INFO  ipc.CallQueueManager (CallQueueManager.java:<init>(90)) - Using callQueue: class java.util.concurrent.LinkedBlockingQueue, queueCapacity: 2000, scheduler: class org.apache.hadoop.ipc.DefaultRpcScheduler, ipcBackoff: false.
2022-03-07 09:50:48,579 [pool-582-thread-1] INFO  server.RaftServer$Division (RaftServerImpl.java:<init>(184)) - om1: new RaftServerImpl for group-C5BA1605619E:[om1|rpc:localhost:9872|priority:0] with OzoneManagerStateMachine:uninitialized
2022-03-07 09:50:48,604 [Socket Reader #1 for port 0] INFO  ipc.Server (Server.java:run(1265)) - Starting Socket Reader #1 for port 0
2022-03-07 09:50:48,613 [pool-582-thread-1] INFO  server.RaftServerConfigKeys (ConfUtils.java:logGet(44)) - raft.server.rpc.timeout.min = 1s (custom)
2022-03-07 09:50:48,613 [pool-582-thread-1] INFO  server.RaftServerConfigKeys (ConfUtils.java:logGet(44)) - raft.server.rpc.timeout.max = 1200ms (custom)
2022-03-07 09:50:48,613 [pool-582-thread-1] INFO  server.RaftServerConfigKeys (ConfUtils.java:logGet(44)) - raft.server.rpc.sleep.time = 25ms (default)
2022-03-07 09:50:48,613 [pool-582-thread-1] INFO  server.RaftServerConfigKeys (ConfUtils.java:logGet(44)) - raft.server.rpc.slowness.timeout = 120s (custom)
2022-03-07 09:50:48,613 [pool-582-thread-1] INFO  server.RaftServerConfigKeys (ConfUtils.java:logGet(44)) - raft.server.leaderelection.leader.step-down.wait-time = 10s (default)
2022-03-07 09:50:48,613 [pool-582-thread-1] INFO  server.RaftServerConfigKeys (ConfUtils.java:logGet(44)) - raft.server.sleep.deviation.threshold = 300ms (default)
2022-03-07 09:50:48,613 [pool-582-thread-1] INFO  server.RaftServerConfigKeys (ConfUtils.java:logGet(44)) - raft.server.log.appender.install.snapshot.enabled = false (custom)
2022-03-07 09:50:48,613 [pool-582-thread-1] INFO  server.RaftServer$Division (ServerState.java:<init>(105)) - om1@group-C5BA1605619E: ConfigurationManager, init=-1: [om1|rpc:localhost:9872|priority:0], old=null, confs=<EMPTY_MAP>
2022-03-07 09:50:48,613 [pool-582-thread-1] INFO  server.RaftServerConfigKeys (ConfUtils.java:logGet(44)) - raft.server.storage.dir = [/home/runner/work/ozone/ozone/hadoop-ozone/integration-test/target/test-dir/MiniOzoneClusterImpl-4c099742-f0a8-499d-a606-d482764d36d7/ozone-meta/ratis] (custom)
2022-03-07 09:50:48,614 [pool-582-thread-1] INFO  server.RaftServerConfigKeys (ConfUtils.java:logGet(44)) - raft.server.log.corruption.policy = EXCEPTION (default)
2022-03-07 09:50:48,614 [pool-582-thread-1] INFO  server.RaftServerConfigKeys (ConfUtils.java:logGet(44)) - raft.server.storage.free-space.min = 0MB (=0) (default)
2022-03-07 09:50:48,614 [pool-582-thread-1] INFO  storage.RaftStorageDirectory (RaftStorageDirectoryImpl.java:analyzeStorage(135)) - The storage directory /home/runner/work/ozone/ozone/hadoop-ozone/integration-test/target/test-dir/MiniOzoneClusterImpl-4c099742-f0a8-499d-a606-d482764d36d7/ozone-meta/ratis/bf265839-605b-3f16-9796-c5ba1605619e does not exist. Creating ...
2022-03-07 09:50:48,615 [pool-582-thread-1] INFO  storage.RaftStorageDirectory (RaftStorageDirectoryImpl.java:tryLock(230)) - Lock on /home/runner/work/ozone/ozone/hadoop-ozone/integration-test/target/test-dir/MiniOzoneClusterImpl-4c099742-f0a8-499d-a606-d482764d36d7/ozone-meta/ratis/bf265839-605b-3f16-9796-c5ba1605619e/in_use.lock acquired by nodename 23420@fv-az291-317
2022-03-07 09:50:48,625 [pool-582-thread-1] INFO  storage.RaftStorage (RaftStorageImpl.java:format(89)) - Storage directory /home/runner/work/ozone/ozone/hadoop-ozone/integration-test/target/test-dir/MiniOzoneClusterImpl-4c099742-f0a8-499d-a606-d482764d36d7/ozone-meta/ratis/bf265839-605b-3f16-9796-c5ba1605619e has been successfully formatted.
2022-03-07 09:50:48,626 [pool-582-thread-1] INFO  server.RaftServerConfigKeys (ConfUtils.java:logGet(44)) - raft.server.notification.no-leader.timeout = 120s (custom)
2022-03-07 09:50:48,626 [pool-582-thread-1] INFO  server.RaftServerConfigKeys (ConfUtils.java:logGet(44)) - raft.server.log.use.memory = false (default)
2022-03-07 09:50:48,626 [pool-582-thread-1] INFO  server.RaftServerConfigKeys (ConfUtils.java:logGet(44)) - raft.server.log.purge.gap = 1000000 (custom)
2022-03-07 09:50:48,626 [pool-582-thread-1] INFO  server.RaftServerConfigKeys (ConfUtils.java:logGet(44)) - raft.server.log.appender.buffer.byte-limit = 33554432 (custom)
2022-03-07 09:50:48,626 [pool-582-thread-1] INFO  server.RaftServerConfigKeys (ConfUtils.java:logGet(44)) - raft.server.log.segment.size.max = 4194304 (custom)
2022-03-07 09:50:48,626 [pool-582-thread-1] INFO  server.RaftServerConfigKeys (ConfUtils.java:logGet(44)) - raft.server.log.segment.cache.num.max = 2 (custom)
2022-03-07 09:50:48,626 [pool-582-thread-1] INFO  server.RaftServerConfigKeys (ConfUtils.java:logGet(44)) - raft.server.log.segment.cache.size.max = 200MB (=209715200) (default)
2022-03-07 09:50:48,626 [pool-582-thread-1] INFO  segmented.SegmentedRaftLogWorker (SegmentedRaftLogWorker.java:<init>(182)) - new om1@group-C5BA1605619E-SegmentedRaftLogWorker for RaftStorageImpl:Storage Directory /home/runner/work/ozone/ozone/hadoop-ozone/integration-test/target/test-dir/MiniOzoneClusterImpl-4c099742-f0a8-499d-a606-d482764d36d7/ozone-meta/ratis/bf265839-605b-3f16-9796-c5ba1605619e
2022-03-07 09:50:48,626 [pool-582-thread-1] INFO  server.RaftServerConfigKeys (ConfUtils.java:logGet(44)) - raft.server.log.queue.byte-limit = 64MB (=67108864) (default)
2022-03-07 09:50:48,626 [pool-582-thread-1] INFO  server.RaftServerConfigKeys (ConfUtils.java:logGet(44)) - raft.server.log.queue.element-limit = 4096 (default)
2022-03-07 09:50:48,626 [pool-582-thread-1] INFO  server.RaftServerConfigKeys (ConfUtils.java:logGet(44)) - raft.server.log.segment.size.max = 4194304 (custom)
2022-03-07 09:50:48,627 [pool-582-thread-1] INFO  server.RaftServerConfigKeys (ConfUtils.java:logGet(44)) - raft.server.log.preallocated.size = 4194304 (custom)
2022-03-07 09:50:48,627 [pool-582-thread-1] INFO  server.RaftServerConfigKeys (ConfUtils.java:logGet(44)) - raft.server.log.force.sync.num = 128 (default)
2022-03-07 09:50:48,627 [pool-582-thread-1] INFO  server.RaftServerConfigKeys (ConfUtils.java:logGet(44)) - raft.server.log.statemachine.data.sync = true (default)
2022-03-07 09:50:48,627 [pool-582-thread-1] INFO  server.RaftServerConfigKeys (ConfUtils.java:logGet(44)) - raft.server.log.statemachine.data.sync.timeout = 10s (default)
2022-03-07 09:50:48,627 [pool-582-thread-1] INFO  server.RaftServerConfigKeys (ConfUtils.java:logGet(44)) - raft.server.log.statemachine.data.sync.timeout.retry = -1 (default)
2022-03-07 09:50:48,627 [pool-582-thread-1] INFO  server.RaftServerConfigKeys (ConfUtils.java:logGet(44)) - raft.server.log.write.buffer.size = 64KB (=65536) (default)
2022-03-07 09:50:48,627 [pool-582-thread-1] INFO  server.RaftServerConfigKeys (ConfUtils.java:logGet(44)) - raft.server.log.statemachine.data.caching.enabled = false (default)
2022-03-07 09:50:48,628 [pool-582-thread-1] INFO  segmented.SegmentedRaftLogWorker (SegmentedRaftLogWorker.java:lambda$new$0(133)) - om1@group-C5BA1605619E-SegmentedRaftLogWorker: flushIndex: setUnconditionally 0 -> -1
2022-03-07 09:50:48,628 [pool-582-thread-1] INFO  segmented.SegmentedRaftLogWorker (SegmentedRaftLogWorker.java:lambda$new$0(133)) - om1@group-C5BA1605619E-SegmentedRaftLogWorker: safeCacheEvictIndex: setUnconditionally 0 -> -1
2022-03-07 09:50:48,636 [pool-582-thread-1] INFO  server.RaftServerConfigKeys (ConfUtils.java:logGet(44)) - raft.server.snapshot.auto.trigger.enabled = true (custom)
2022-03-07 09:50:48,636 [pool-582-thread-1] INFO  server.RaftServerConfigKeys (ConfUtils.java:logGet(44)) - raft.server.snapshot.auto.trigger.threshold = 400000 (default)
2022-03-07 09:50:48,636 [pool-582-thread-1] INFO  server.RaftServerConfigKeys (ConfUtils.java:logGet(44)) - raft.server.snapshot.retention.file.num = -1 (default)
2022-03-07 09:50:48,636 [pool-582-thread-1] INFO  server.RaftServerConfigKeys (ConfUtils.java:logGet(44)) - raft.server.log.purge.upto.snapshot.index = true (custom)
2022-03-07 09:50:48,636 [pool-582-thread-1] INFO  server.RaftServerConfigKeys (ConfUtils.java:logGet(44)) - raft.server.retrycache.expirytime = 300s (custom)
2022-03-07 09:50:48,636 [pool-582-thread-1] INFO  server.RaftServerConfigKeys (ConfUtils.java:logGet(44)) - raft.server.retrycache.statistics.expirytime = 100μs (default)
2022-03-07 09:50:48,639 [Listener at 127.0.0.1/40579] INFO  impl.MetricsSystemImpl (MetricsSystemImpl.java:init(158)) - OzoneManager metrics system started (again)
2022-03-07 09:50:48,669 [Listener at 127.0.0.1/40579] INFO  om.OzoneManager (OzoneManager.java:start(1365)) - OzoneManager RPC server is listening at localhost/127.0.0.1:40579
2022-03-07 09:50:48,670 [Listener at 127.0.0.1/40579] INFO  ratis.OzoneManagerRatisServer (OzoneManagerRatisServer.java:start(554)) - Starting OzoneManagerRatisServer om1 at port 9872
2022-03-07 09:50:48,670 [Listener at 127.0.0.1/40579] INFO  server.RaftServer$Division (RaftServerImpl.java:start(301)) - om1@group-C5BA1605619E: start as a follower, conf=-1: [om1|rpc:localhost:9872|priority:0], old=null
2022-03-07 09:50:48,670 [Listener at 127.0.0.1/40579] INFO  server.RaftServer$Division (RaftServerImpl.java:setRole(290)) - om1@group-C5BA1605619E: changes role from      null to FOLLOWER at term 0 for startAsFollower
2022-03-07 09:50:48,670 [Listener at 127.0.0.1/40579] INFO  impl.RoleInfo (RoleInfo.java:updateAndGet(130)) - om1: start om1@group-C5BA1605619E-FollowerState
2022-03-07 09:50:48,674 [Listener at 127.0.0.1/40579] INFO  util.JmxRegister (JmxRegister.java:tryRegister(44)) - Successfully registered JMX Bean with object name Ratis:service=RaftServer,group=group-C5BA1605619E,id=om1
2022-03-07 09:50:48,685 [Listener at 127.0.0.1/40579] INFO  server.RaftServer (RaftServerProxy.java:lambda$start$5(374)) - om1: start RPC server
2022-03-07 09:50:48,688 [Listener at 127.0.0.1/40579] INFO  server.GrpcService (GrpcService.java:startImpl(253)) - om1: GrpcService started, listening on 9872
2022-03-07 09:50:48,698 [Listener at 127.0.0.1/40579] INFO  om.OzoneManager (OzoneManager.java:start(1381)) - Version File has different layout version (0) than OM DB (null). That is expected if this OM has never been finalized to a newer layout version.
2022-03-07 09:50:48,699 [org.apache.ratis.util.JvmPauseMonitor$$Lambda$431/73409498@2189eced] INFO  util.JvmPauseMonitor (JvmPauseMonitor.java:run(103)) - JvmPauseMonitor-om1: Started
2022-03-07 09:50:48,728 [Listener at 127.0.0.1/40579] INFO  http.BaseHttpServer (BaseHttpServer.java:newHttpServer2BuilderForOzone(209)) - Starting Web-server for ozoneManager at: http://0.0.0.0:0
2022-03-07 09:50:48,728 [Listener at 127.0.0.1/40579] INFO  http.BaseHttpServer (BaseHttpServer.java:<init>(107)) - Hadoop Security Enabled: false Ozone Security Enabled: false Ozone HTTP Security Enabled: false 
2022-03-07 09:50:48,729 [Listener at 127.0.0.1/40579] INFO  server.AuthenticationFilter (AuthenticationFilter.java:constructSecretProvider(240)) - Unable to initialize FileSignerSecretProvider, falling back to use random secrets.
2022-03-07 09:50:48,740 [Listener at 127.0.0.1/40579] WARN  http.HttpRequestLog (HttpRequestLog.java:getRequestLog(103)) - Jetty request log can only be enabled using Log4j
2022-03-07 09:50:48,741 [Listener at 127.0.0.1/40579] INFO  http.HttpServer2 (HttpServer2.java:addGlobalFilter(1030)) - Added global filter 'safety' (class=org.apache.hadoop.hdds.server.http.HttpServer2$QuotingInputFilter)
2022-03-07 09:50:48,741 [Listener at 127.0.0.1/40579] INFO  http.HttpServer2 (HttpServer2.java:addFilter(1006)) - Added filter static_user_filter (class=org.apache.hadoop.http.lib.StaticUserWebFilter$StaticUserFilter) to context ozoneManager
2022-03-07 09:50:48,741 [Listener at 127.0.0.1/40579] INFO  http.HttpServer2 (HttpServer2.java:addFilter(1014)) - Added filter static_user_filter (class=org.apache.hadoop.http.lib.StaticUserWebFilter$StaticUserFilter) to context logs
2022-03-07 09:50:48,741 [Listener at 127.0.0.1/40579] INFO  http.HttpServer2 (HttpServer2.java:addFilter(1014)) - Added filter static_user_filter (class=org.apache.hadoop.http.lib.StaticUserWebFilter$StaticUserFilter) to context static
2022-03-07 09:50:48,742 [Listener at 127.0.0.1/40579] INFO  http.HttpServer2 (HttpServer2.java:bindListener(1249)) - Jetty bound to port 34261
2022-03-07 09:50:48,742 [Listener at 127.0.0.1/40579] INFO  server.Server (Server.java:doStart(375)) - jetty-9.4.43.v20210629; built: 2021-06-30T11:07:22.254Z; git: 526006ecfa3af7f1a27ef3a288e2bef7ea9dd7e8; jvm 1.8.0_322-b06
2022-03-07 09:50:48,744 [Listener at 127.0.0.1/40579] INFO  server.session (DefaultSessionIdManager.java:doStart(334)) - DefaultSessionIdManager workerName=node0
2022-03-07 09:50:48,744 [Listener at 127.0.0.1/40579] INFO  server.session (DefaultSessionIdManager.java:doStart(339)) - No SessionScavenger set, using defaults
2022-03-07 09:50:48,744 [Listener at 127.0.0.1/40579] INFO  server.session (HouseKeeper.java:startScavenging(132)) - node0 Scavenging every 660000ms
2022-03-07 09:50:48,745 [Listener at 127.0.0.1/40579] INFO  handler.ContextHandler (ContextHandler.java:doStart(915)) - Started o.e.j.s.ServletContextHandler@374c6a4d{logs,/logs,file:///home/runner/work/ozone/ozone/hadoop-ozone/integration-test/target/log,AVAILABLE}
2022-03-07 09:50:48,745 [Listener at 127.0.0.1/40579] INFO  handler.ContextHandler (ContextHandler.java:doStart(915)) - Started o.e.j.s.ServletContextHandler@5d39394c{static,/static,file:///home/runner/work/ozone/ozone/hadoop-ozone/integration-test/target/test-classes/webapps/static,AVAILABLE}
2022-03-07 09:50:48,747 [Listener at 127.0.0.1/40579] INFO  handler.ContextHandler (ContextHandler.java:doStart(915)) - Started o.e.j.w.WebAppContext@76fbe249{ozoneManager,/,file:///home/runner/work/ozone/ozone/hadoop-ozone/integration-test/target/test-classes/webapps/ozoneManager/,AVAILABLE}{file:/home/runner/work/ozone/ozone/hadoop-ozone/integration-test/target/test-classes/webapps/ozoneManager}
2022-03-07 09:50:48,770 [Listener at 127.0.0.1/40579] INFO  server.AbstractConnector (AbstractConnector.java:doStart(331)) - Started ServerConnector@2d121431{HTTP/1.1, (http/1.1)}{0.0.0.0:34261}
2022-03-07 09:50:48,770 [Listener at 127.0.0.1/40579] INFO  server.Server (Server.java:doStart(415)) - Started @215166ms
2022-03-07 09:50:48,770 [Listener at 127.0.0.1/40579] WARN  impl.MetricsSystemImpl (MetricsSystemImpl.java:register(279)) - Sink prometheus already exists!
2022-03-07 09:50:48,771 [Listener at 127.0.0.1/40579] INFO  http.BaseHttpServer (BaseHttpServer.java:updateConnectorAddress(329)) - HTTP server of ozoneManager listening at http://0.0.0.0:34261
2022-03-07 09:50:48,772 [IPC Server Responder] INFO  ipc.Server (Server.java:run(1507)) - IPC Server Responder: starting
2022-03-07 09:50:48,772 [IPC Server listener on 0] INFO  ipc.Server (Server.java:run(1344)) - IPC Server listener on 0: starting
2022-03-07 09:50:48,790 [Listener at 127.0.0.1/40579] INFO  om.OzoneManager (OzoneManager.java:startTrashEmptier(1792)) - Trash Interval set to 0. Files deleted will not move to trash
2022-03-07 09:50:48,822 [org.apache.hadoop.util.JvmPauseMonitor$Monitor@447a0f56] INFO  util.JvmPauseMonitor (JvmPauseMonitor.java:run(188)) - Starting JVM pause monitor
2022-03-07 09:50:48,853 [Listener at 127.0.0.1/40579] WARN  impl.MetricRegistriesImpl (MetricRegistriesImpl.java:addReporterRegistration(111)) - New reporters are added after registries were created. Some metrics will be missing from the reporter. Please add reporter before adding any new registry.
2022-03-07 09:50:48,853 [Listener at 127.0.0.1/40579] WARN  impl.MetricRegistriesImpl (MetricRegistriesImpl.java:addReporterRegistration(111)) - New reporters are added after registries were created. Some metrics will be missing from the reporter. Please add reporter before adding any new registry.
2022-03-07 09:50:48,853 [Listener at 127.0.0.1/40579] INFO  impl.MetricsSystemImpl (MetricsSystemImpl.java:init(158)) - HddsDatanode metrics system started (again)
2022-03-07 09:50:48,881 [Listener at 127.0.0.1/40579] INFO  ozone.HddsDatanodeService (HddsDatanodeService.java:start(233)) - HddsDatanodeService host:fv-az291-317.wgnan5asplgejimfprtllbpdch.jx.internal.cloudapp.net ip:10.1.0.49
2022-03-07 09:50:48,923 [Listener at 127.0.0.1/40579] INFO  upgrade.AbstractLayoutVersionManager (AbstractLayoutVersionManager.java:init(79)) - Initializing Layout version manager with metadata layout = SCM_HA (version = 2), software layout = SCM_HA (version = 2)
2022-03-07 09:50:48,969 [Listener at 127.0.0.1/40579] INFO  reflections.Reflections (Reflections.java:scan(232)) - Reflections took 43 ms to scan 7 urls, producing 122 keys and 286 values 
2022-03-07 09:50:48,970 [Listener at 127.0.0.1/40579] INFO  statemachine.DatanodeStateMachine (DatanodeStateMachine.java:getEndPointTaskThreadPoolSize(222)) - Datanode State Machine Task Thread Pool size 2
2022-03-07 09:50:48,981 [Listener at 127.0.0.1/40579] INFO  volume.HddsVolume (HddsVolume.java:<init>(120)) - Creating HddsVolume: /home/runner/work/ozone/ozone/hadoop-ozone/integration-test/target/test-dir/MiniOzoneClusterImpl-4c099742-f0a8-499d-a606-d482764d36d7/datanode-0/data-0/containers/hdds of storage type : DISK capacity : 9223372036854775807
2022-03-07 09:50:48,981 [Listener at 127.0.0.1/40579] INFO  volume.MutableVolumeSet (MutableVolumeSet.java:initializeVolumeSet(168)) - Added Volume : /home/runner/work/ozone/ozone/hadoop-ozone/integration-test/target/test-dir/MiniOzoneClusterImpl-4c099742-f0a8-499d-a606-d482764d36d7/datanode-0/data-0/containers/hdds to VolumeSet
2022-03-07 09:50:48,981 [Listener at 127.0.0.1/40579] INFO  volume.ThrottledAsyncChecker (ThrottledAsyncChecker.java:schedule(141)) - Scheduling a check for /home/runner/work/ozone/ozone/hadoop-ozone/integration-test/target/test-dir/MiniOzoneClusterImpl-4c099742-f0a8-499d-a606-d482764d36d7/datanode-0/data-0/containers/hdds
2022-03-07 09:50:48,986 [Listener at 127.0.0.1/40579] INFO  volume.StorageVolumeChecker (StorageVolumeChecker.java:checkAllVolumes(202)) - Scheduled health check for volume /home/runner/work/ozone/ozone/hadoop-ozone/integration-test/target/test-dir/MiniOzoneClusterImpl-4c099742-f0a8-499d-a606-d482764d36d7/datanode-0/data-0/containers/hdds
2022-03-07 09:50:49,029 [Listener at 127.0.0.1/40579] INFO  volume.MutableVolumeSet (MutableVolumeSet.java:initializeVolumeSet(168)) - Added Volume : /home/runner/work/ozone/ozone/hadoop-ozone/integration-test/target/test-dir/MiniOzoneClusterImpl-4c099742-f0a8-499d-a606-d482764d36d7/datanode-0/data/ratis to VolumeSet
2022-03-07 09:50:49,029 [Listener at 127.0.0.1/40579] INFO  volume.ThrottledAsyncChecker (ThrottledAsyncChecker.java:schedule(141)) - Scheduling a check for /home/runner/work/ozone/ozone/hadoop-ozone/integration-test/target/test-dir/MiniOzoneClusterImpl-4c099742-f0a8-499d-a606-d482764d36d7/datanode-0/data/ratis
2022-03-07 09:50:49,030 [Listener at 127.0.0.1/40579] INFO  volume.StorageVolumeChecker (StorageVolumeChecker.java:checkAllVolumes(202)) - Scheduled health check for volume /home/runner/work/ozone/ozone/hadoop-ozone/integration-test/target/test-dir/MiniOzoneClusterImpl-4c099742-f0a8-499d-a606-d482764d36d7/datanode-0/data/ratis
2022-03-07 09:50:49,063 [Thread-1585] INFO  ozoneimpl.ContainerReader (ContainerReader.java:readVolume(172)) - Finish verifying containers on volume /home/runner/work/ozone/ozone/hadoop-ozone/integration-test/target/test-dir/MiniOzoneClusterImpl-4c099742-f0a8-499d-a606-d482764d36d7/datanode-0/data-0/containers/hdds
2022-03-07 09:50:49,064 [Listener at 127.0.0.1/40579] INFO  ozoneimpl.OzoneContainer (OzoneContainer.java:buildContainerSet(257)) - Build ContainerSet costs 0s
2022-03-07 09:50:49,074 [Listener at 127.0.0.1/40579] INFO  server.RaftServer (ConfUtils.java:logGet(44)) - raft.rpc.type = GRPC (default)
2022-03-07 09:50:49,074 [Listener at 127.0.0.1/40579] INFO  grpc.GrpcFactory (GrpcFactory.java:checkPooledByteBufAllocatorUseCacheForAllThreads(48)) - PERFORMANCE WARNING: useCacheForAllThreads is true that may cause Netty to create a lot garbage objects and, as a result, trigger GC.
	It is recommended to disable useCacheForAllThreads by setting -Dorg.apache.ratis.thirdparty.io.netty.allocator.useCacheForAllThreads=false in command line.
2022-03-07 09:50:49,075 [Listener at 127.0.0.1/40579] INFO  grpc.GrpcConfigKeys (ConfUtils.java:logGet(44)) - raft.grpc.admin.port = 0 (custom)
2022-03-07 09:50:49,075 [Listener at 127.0.0.1/40579] INFO  grpc.GrpcConfigKeys (ConfUtils.java:logGet(44)) - raft.grpc.client.port = 0 (custom)
2022-03-07 09:50:49,075 [Listener at 127.0.0.1/40579] INFO  grpc.GrpcConfigKeys (ConfUtils.java:logGet(44)) - raft.grpc.server.port = 0 (default)
2022-03-07 09:50:49,075 [Listener at 127.0.0.1/40579] INFO  server.GrpcService (ConfUtils.java:logGet(44)) - raft.grpc.message.size.max = 32MB (=33554432) (custom)
2022-03-07 09:50:49,075 [Listener at 127.0.0.1/40579] INFO  server.RaftServerConfigKeys (ConfUtils.java:logGet(44)) - raft.server.log.appender.buffer.byte-limit = 33554432 (custom)
2022-03-07 09:50:49,075 [Listener at 127.0.0.1/40579] INFO  server.GrpcService (ConfUtils.java:logGet(44)) - raft.grpc.flow.control.window = 5MB (=5242880) (custom)
2022-03-07 09:50:49,075 [Listener at 127.0.0.1/40579] INFO  server.RaftServerConfigKeys (ConfUtils.java:logGet(44)) - raft.server.rpc.request.timeout = 3000ms (default)
2022-03-07 09:50:49,076 [Listener at 127.0.0.1/40579] INFO  impl.DataStreamServerImpl (ConfUtils.java:logGet(44)) - raft.datastream.type = DISABLED (default)
2022-03-07 09:50:49,077 [Listener at 127.0.0.1/40579] INFO  server.RaftServerConfigKeys (ConfUtils.java:logGet(44)) - raft.server.rpc.slowness.timeout = 300000ms (custom)
2022-03-07 09:50:49,077 [Listener at 127.0.0.1/40579] INFO  server.RaftServerConfigKeys (ConfUtils.java:logGet(44)) - raft.server.leaderelection.leader.step-down.wait-time = 10s (default)
2022-03-07 09:50:49,077 [Listener at 127.0.0.1/40579] INFO  server.RaftServerConfigKeys (ConfUtils.java:logGet(44)) - raft.server.storage.dir = [/home/runner/work/ozone/ozone/hadoop-ozone/integration-test/target/test-dir/MiniOzoneClusterImpl-4c099742-f0a8-499d-a606-d482764d36d7/datanode-0/data/ratis] (custom)
2022-03-07 09:50:49,078 [Listener at 127.0.0.1/40579] INFO  server.XceiverServerGrpc (XceiverServerGrpc.java:<init>(132)) - GrpcServer channel type EpollServerSocketChannel
2022-03-07 09:50:49,118 [Listener at 127.0.0.1/40579] INFO  http.BaseHttpServer (BaseHttpServer.java:newHttpServer2BuilderForOzone(209)) - Starting Web-server for hddsDatanode at: http://0.0.0.0:0
2022-03-07 09:50:49,118 [Listener at 127.0.0.1/40579] INFO  http.BaseHttpServer (BaseHttpServer.java:<init>(107)) - Hadoop Security Enabled: false Ozone Security Enabled: false Ozone HTTP Security Enabled: false 
2022-03-07 09:50:49,119 [Listener at 127.0.0.1/40579] INFO  server.AuthenticationFilter (AuthenticationFilter.java:constructSecretProvider(240)) - Unable to initialize FileSignerSecretProvider, falling back to use random secrets.
2022-03-07 09:50:49,153 [Listener at 127.0.0.1/40579] WARN  http.HttpRequestLog (HttpRequestLog.java:getRequestLog(103)) - Jetty request log can only be enabled using Log4j
2022-03-07 09:50:49,154 [Listener at 127.0.0.1/40579] INFO  http.HttpServer2 (HttpServer2.java:addGlobalFilter(1030)) - Added global filter 'safety' (class=org.apache.hadoop.hdds.server.http.HttpServer2$QuotingInputFilter)
2022-03-07 09:50:49,154 [Listener at 127.0.0.1/40579] INFO  http.HttpServer2 (HttpServer2.java:addFilter(1006)) - Added filter static_user_filter (class=org.apache.hadoop.http.lib.StaticUserWebFilter$StaticUserFilter) to context hddsDatanode
2022-03-07 09:50:49,154 [Listener at 127.0.0.1/40579] INFO  http.HttpServer2 (HttpServer2.java:addFilter(1014)) - Added filter static_user_filter (class=org.apache.hadoop.http.lib.StaticUserWebFilter$StaticUserFilter) to context logs
2022-03-07 09:50:49,154 [Listener at 127.0.0.1/40579] INFO  http.HttpServer2 (HttpServer2.java:addFilter(1014)) - Added filter static_user_filter (class=org.apache.hadoop.http.lib.StaticUserWebFilter$StaticUserFilter) to context static
2022-03-07 09:50:49,155 [Listener at 127.0.0.1/40579] INFO  http.HttpServer2 (HttpServer2.java:bindListener(1249)) - Jetty bound to port 39613
2022-03-07 09:50:49,155 [Listener at 127.0.0.1/40579] INFO  server.Server (Server.java:doStart(375)) - jetty-9.4.43.v20210629; built: 2021-06-30T11:07:22.254Z; git: 526006ecfa3af7f1a27ef3a288e2bef7ea9dd7e8; jvm 1.8.0_322-b06
2022-03-07 09:50:49,166 [Listener at 127.0.0.1/40579] INFO  server.session (DefaultSessionIdManager.java:doStart(334)) - DefaultSessionIdManager workerName=node0
2022-03-07 09:50:49,166 [Listener at 127.0.0.1/40579] INFO  server.session (DefaultSessionIdManager.java:doStart(339)) - No SessionScavenger set, using defaults
2022-03-07 09:50:49,167 [Listener at 127.0.0.1/40579] INFO  server.session (HouseKeeper.java:startScavenging(132)) - node0 Scavenging every 660000ms
2022-03-07 09:50:49,172 [Listener at 127.0.0.1/40579] INFO  handler.ContextHandler (ContextHandler.java:doStart(915)) - Started o.e.j.s.ServletContextHandler@3de689aa{logs,/logs,file:///home/runner/work/ozone/ozone/hadoop-ozone/integration-test/target/log,AVAILABLE}
2022-03-07 09:50:49,172 [Listener at 127.0.0.1/40579] INFO  handler.ContextHandler (ContextHandler.java:doStart(915)) - Started o.e.j.s.ServletContextHandler@690265ee{static,/static,jar:file:/home/runner/.m2/repository/org/apache/ozone/hdds-container-service/1.3.0-SNAPSHOT/hdds-container-service-1.3.0-SNAPSHOT.jar!/webapps/static,AVAILABLE}
2022-03-07 09:50:49,278 [Listener at 127.0.0.1/40579] INFO  handler.ContextHandler (ContextHandler.java:doStart(915)) - Started o.e.j.w.WebAppContext@19208cf1{hddsDatanode,/,file:///tmp/jetty-0_0_0_0-39613-hdds-container-service-1_3_0-SNAPSHOT_jar-_-any-6005128843622839786/webapp/,AVAILABLE}{jar:file:/home/runner/.m2/repository/org/apache/ozone/hdds-container-service/1.3.0-SNAPSHOT/hdds-container-service-1.3.0-SNAPSHOT.jar!/webapps/hddsDatanode}
2022-03-07 09:50:49,280 [Listener at 127.0.0.1/40579] INFO  server.AbstractConnector (AbstractConnector.java:doStart(331)) - Started ServerConnector@600bf52a{HTTP/1.1, (http/1.1)}{0.0.0.0:39613}
2022-03-07 09:50:49,280 [Listener at 127.0.0.1/40579] INFO  server.Server (Server.java:doStart(415)) - Started @215676ms
2022-03-07 09:50:49,280 [Listener at 127.0.0.1/40579] WARN  impl.MetricsSystemImpl (MetricsSystemImpl.java:register(279)) - Sink prometheus already exists!
2022-03-07 09:50:49,281 [Listener at 127.0.0.1/40579] INFO  http.BaseHttpServer (BaseHttpServer.java:updateConnectorAddress(329)) - HTTP server of hddsDatanode listening at http://0.0.0.0:39613
2022-03-07 09:50:49,284 [Listener at 127.0.0.1/40579] WARN  impl.MetricRegistriesImpl (MetricRegistriesImpl.java:addReporterRegistration(111)) - New reporters are added after registries were created. Some metrics will be missing from the reporter. Please add reporter before adding any new registry.
2022-03-07 09:50:49,284 [Listener at 127.0.0.1/40579] WARN  impl.MetricRegistriesImpl (MetricRegistriesImpl.java:addReporterRegistration(111)) - New reporters are added after registries were created. Some metrics will be missing from the reporter. Please add reporter before adding any new registry.
2022-03-07 09:50:49,284 [Listener at 127.0.0.1/40579] INFO  impl.MetricsSystemImpl (MetricsSystemImpl.java:init(158)) - HddsDatanode metrics system started (again)
2022-03-07 09:50:49,300 [Datanode State Machine Daemon Thread] INFO  statemachine.DatanodeStateMachine (DatanodeStateMachine.java:lambda$startDaemon$0(470)) - Ozone container server started.
2022-03-07 09:50:49,335 [Listener at 127.0.0.1/40579] INFO  ozone.HddsDatanodeService (HddsDatanodeService.java:start(233)) - HddsDatanodeService host:fv-az291-317.wgnan5asplgejimfprtllbpdch.jx.internal.cloudapp.net ip:10.1.0.49
2022-03-07 09:50:49,384 [org.apache.hadoop.util.JvmPauseMonitor$Monitor@56abb34a] INFO  util.JvmPauseMonitor (JvmPauseMonitor.java:run(188)) - Starting JVM pause monitor
2022-03-07 09:50:49,390 [Listener at 127.0.0.1/40579] INFO  upgrade.AbstractLayoutVersionManager (AbstractLayoutVersionManager.java:init(79)) - Initializing Layout version manager with metadata layout = SCM_HA (version = 2), software layout = SCM_HA (version = 2)
2022-03-07 09:50:49,401 [Datanode State Machine Task Thread - 0] INFO  datanode.InitDatanodeState (InitDatanodeState.java:persistContainerDatanodeDetails(138)) - DatanodeDetails is persisted to /home/runner/work/ozone/ozone/hadoop-ozone/integration-test/target/test-dir/MiniOzoneClusterImpl-4c099742-f0a8-499d-a606-d482764d36d7/datanode-0/meta/datanode.id
2022-03-07 09:50:49,489 [Listener at 127.0.0.1/40579] INFO  reflections.Reflections (Reflections.java:scan(232)) - Reflections took 97 ms to scan 7 urls, producing 122 keys and 286 values 
2022-03-07 09:50:49,491 [Listener at 127.0.0.1/40579] INFO  statemachine.DatanodeStateMachine (DatanodeStateMachine.java:getEndPointTaskThreadPoolSize(222)) - Datanode State Machine Task Thread Pool size 2
2022-03-07 09:50:49,495 [Listener at 127.0.0.1/40579] INFO  volume.HddsVolume (HddsVolume.java:<init>(120)) - Creating HddsVolume: /home/runner/work/ozone/ozone/hadoop-ozone/integration-test/target/test-dir/MiniOzoneClusterImpl-4c099742-f0a8-499d-a606-d482764d36d7/datanode-1/data-0/containers/hdds of storage type : DISK capacity : 9223372036854775807
2022-03-07 09:50:49,495 [Listener at 127.0.0.1/40579] INFO  volume.MutableVolumeSet (MutableVolumeSet.java:initializeVolumeSet(168)) - Added Volume : /home/runner/work/ozone/ozone/hadoop-ozone/integration-test/target/test-dir/MiniOzoneClusterImpl-4c099742-f0a8-499d-a606-d482764d36d7/datanode-1/data-0/containers/hdds to VolumeSet
2022-03-07 09:50:49,495 [Listener at 127.0.0.1/40579] INFO  volume.ThrottledAsyncChecker (ThrottledAsyncChecker.java:schedule(141)) - Scheduling a check for /home/runner/work/ozone/ozone/hadoop-ozone/integration-test/target/test-dir/MiniOzoneClusterImpl-4c099742-f0a8-499d-a606-d482764d36d7/datanode-1/data-0/containers/hdds
2022-03-07 09:50:49,536 [Listener at 127.0.0.1/40579] INFO  volume.StorageVolumeChecker (StorageVolumeChecker.java:checkAllVolumes(202)) - Scheduled health check for volume /home/runner/work/ozone/ozone/hadoop-ozone/integration-test/target/test-dir/MiniOzoneClusterImpl-4c099742-f0a8-499d-a606-d482764d36d7/datanode-1/data-0/containers/hdds
2022-03-07 09:50:49,554 [Listener at 127.0.0.1/40579] INFO  volume.MutableVolumeSet (MutableVolumeSet.java:initializeVolumeSet(168)) - Added Volume : /home/runner/work/ozone/ozone/hadoop-ozone/integration-test/target/test-dir/MiniOzoneClusterImpl-4c099742-f0a8-499d-a606-d482764d36d7/datanode-1/data/ratis to VolumeSet
2022-03-07 09:50:49,554 [Listener at 127.0.0.1/40579] INFO  volume.ThrottledAsyncChecker (ThrottledAsyncChecker.java:schedule(141)) - Scheduling a check for /home/runner/work/ozone/ozone/hadoop-ozone/integration-test/target/test-dir/MiniOzoneClusterImpl-4c099742-f0a8-499d-a606-d482764d36d7/datanode-1/data/ratis
2022-03-07 09:50:49,554 [Listener at 127.0.0.1/40579] INFO  volume.StorageVolumeChecker (StorageVolumeChecker.java:checkAllVolumes(202)) - Scheduled health check for volume /home/runner/work/ozone/ozone/hadoop-ozone/integration-test/target/test-dir/MiniOzoneClusterImpl-4c099742-f0a8-499d-a606-d482764d36d7/datanode-1/data/ratis
2022-03-07 09:50:49,612 [Thread-1597] INFO  ozoneimpl.ContainerReader (ContainerReader.java:readVolume(172)) - Finish verifying containers on volume /home/runner/work/ozone/ozone/hadoop-ozone/integration-test/target/test-dir/MiniOzoneClusterImpl-4c099742-f0a8-499d-a606-d482764d36d7/datanode-1/data-0/containers/hdds
2022-03-07 09:50:49,613 [Listener at 127.0.0.1/40579] INFO  ozoneimpl.OzoneContainer (OzoneContainer.java:buildContainerSet(257)) - Build ContainerSet costs 0s
2022-03-07 09:50:49,621 [Listener at 127.0.0.1/40579] INFO  server.RaftServer (ConfUtils.java:logGet(44)) - raft.rpc.type = GRPC (default)
2022-03-07 09:50:49,621 [Listener at 127.0.0.1/40579] INFO  grpc.GrpcFactory (GrpcFactory.java:checkPooledByteBufAllocatorUseCacheForAllThreads(48)) - PERFORMANCE WARNING: useCacheForAllThreads is true that may cause Netty to create a lot garbage objects and, as a result, trigger GC.
	It is recommended to disable useCacheForAllThreads by setting -Dorg.apache.ratis.thirdparty.io.netty.allocator.useCacheForAllThreads=false in command line.
2022-03-07 09:50:49,621 [Listener at 127.0.0.1/40579] INFO  grpc.GrpcConfigKeys (ConfUtils.java:logGet(44)) - raft.grpc.admin.port = 0 (custom)
2022-03-07 09:50:49,621 [Listener at 127.0.0.1/40579] INFO  grpc.GrpcConfigKeys (ConfUtils.java:logGet(44)) - raft.grpc.client.port = 0 (custom)
2022-03-07 09:50:49,627 [Listener at 127.0.0.1/40579] INFO  grpc.GrpcConfigKeys (ConfUtils.java:logGet(44)) - raft.grpc.server.port = 0 (default)
2022-03-07 09:50:49,627 [Listener at 127.0.0.1/40579] INFO  server.GrpcService (ConfUtils.java:logGet(44)) - raft.grpc.message.size.max = 32MB (=33554432) (custom)
2022-03-07 09:50:49,627 [Listener at 127.0.0.1/40579] INFO  server.RaftServerConfigKeys (ConfUtils.java:logGet(44)) - raft.server.log.appender.buffer.byte-limit = 33554432 (custom)
2022-03-07 09:50:49,627 [Listener at 127.0.0.1/40579] INFO  server.GrpcService (ConfUtils.java:logGet(44)) - raft.grpc.flow.control.window = 5MB (=5242880) (custom)
2022-03-07 09:50:49,627 [Listener at 127.0.0.1/40579] INFO  server.RaftServerConfigKeys (ConfUtils.java:logGet(44)) - raft.server.rpc.request.timeout = 3000ms (default)
2022-03-07 09:50:49,629 [Listener at 127.0.0.1/40579] INFO  impl.DataStreamServerImpl (ConfUtils.java:logGet(44)) - raft.datastream.type = DISABLED (default)
2022-03-07 09:50:49,629 [Listener at 127.0.0.1/40579] INFO  server.RaftServerConfigKeys (ConfUtils.java:logGet(44)) - raft.server.rpc.slowness.timeout = 300000ms (custom)
2022-03-07 09:50:49,629 [Listener at 127.0.0.1/40579] INFO  server.RaftServerConfigKeys (ConfUtils.java:logGet(44)) - raft.server.leaderelection.leader.step-down.wait-time = 10s (default)
2022-03-07 09:50:49,629 [Listener at 127.0.0.1/40579] INFO  server.RaftServerConfigKeys (ConfUtils.java:logGet(44)) - raft.server.storage.dir = [/home/runner/work/ozone/ozone/hadoop-ozone/integration-test/target/test-dir/MiniOzoneClusterImpl-4c099742-f0a8-499d-a606-d482764d36d7/datanode-1/data/ratis] (custom)
2022-03-07 09:50:49,630 [Listener at 127.0.0.1/40579] INFO  server.XceiverServerGrpc (XceiverServerGrpc.java:<init>(132)) - GrpcServer channel type EpollServerSocketChannel
2022-03-07 09:50:49,633 [Listener at 127.0.0.1/40579] INFO  http.BaseHttpServer (BaseHttpServer.java:newHttpServer2BuilderForOzone(209)) - Starting Web-server for hddsDatanode at: http://0.0.0.0:0
2022-03-07 09:50:49,633 [Listener at 127.0.0.1/40579] INFO  http.BaseHttpServer (BaseHttpServer.java:<init>(107)) - Hadoop Security Enabled: false Ozone Security Enabled: false Ozone HTTP Security Enabled: false 
2022-03-07 09:50:49,634 [Listener at 127.0.0.1/40579] INFO  server.AuthenticationFilter (AuthenticationFilter.java:constructSecretProvider(240)) - Unable to initialize FileSignerSecretProvider, falling back to use random secrets.
2022-03-07 09:50:49,648 [Listener at 127.0.0.1/40579] WARN  http.HttpRequestLog (HttpRequestLog.java:getRequestLog(103)) - Jetty request log can only be enabled using Log4j
2022-03-07 09:50:49,649 [Listener at 127.0.0.1/40579] INFO  http.HttpServer2 (HttpServer2.java:addGlobalFilter(1030)) - Added global filter 'safety' (class=org.apache.hadoop.hdds.server.http.HttpServer2$QuotingInputFilter)
2022-03-07 09:50:49,649 [Listener at 127.0.0.1/40579] INFO  http.HttpServer2 (HttpServer2.java:addFilter(1006)) - Added filter static_user_filter (class=org.apache.hadoop.http.lib.StaticUserWebFilter$StaticUserFilter) to context hddsDatanode
2022-03-07 09:50:49,649 [Listener at 127.0.0.1/40579] INFO  http.HttpServer2 (HttpServer2.java:addFilter(1014)) - Added filter static_user_filter (class=org.apache.hadoop.http.lib.StaticUserWebFilter$StaticUserFilter) to context static
2022-03-07 09:50:49,649 [Listener at 127.0.0.1/40579] INFO  http.HttpServer2 (HttpServer2.java:addFilter(1014)) - Added filter static_user_filter (class=org.apache.hadoop.http.lib.StaticUserWebFilter$StaticUserFilter) to context logs
2022-03-07 09:50:49,650 [Listener at 127.0.0.1/40579] INFO  http.HttpServer2 (HttpServer2.java:bindListener(1249)) - Jetty bound to port 37691
2022-03-07 09:50:49,650 [Listener at 127.0.0.1/40579] INFO  server.Server (Server.java:doStart(375)) - jetty-9.4.43.v20210629; built: 2021-06-30T11:07:22.254Z; git: 526006ecfa3af7f1a27ef3a288e2bef7ea9dd7e8; jvm 1.8.0_322-b06
2022-03-07 09:50:49,652 [Listener at 127.0.0.1/40579] INFO  server.session (DefaultSessionIdManager.java:doStart(334)) - DefaultSessionIdManager workerName=node0
2022-03-07 09:50:49,652 [Listener at 127.0.0.1/40579] INFO  server.session (DefaultSessionIdManager.java:doStart(339)) - No SessionScavenger set, using defaults
2022-03-07 09:50:49,653 [Listener at 127.0.0.1/40579] INFO  server.session (HouseKeeper.java:startScavenging(132)) - node0 Scavenging every 660000ms
2022-03-07 09:50:49,653 [Listener at 127.0.0.1/40579] INFO  handler.ContextHandler (ContextHandler.java:doStart(915)) - Started o.e.j.s.ServletContextHandler@490cd122{logs,/logs,file:///home/runner/work/ozone/ozone/hadoop-ozone/integration-test/target/log,AVAILABLE}
2022-03-07 09:50:49,653 [Listener at 127.0.0.1/40579] INFO  handler.ContextHandler (ContextHandler.java:doStart(915)) - Started o.e.j.s.ServletContextHandler@20d4a477{static,/static,jar:file:/home/runner/.m2/repository/org/apache/ozone/hdds-container-service/1.3.0-SNAPSHOT/hdds-container-service-1.3.0-SNAPSHOT.jar!/webapps/static,AVAILABLE}
2022-03-07 09:50:49,735 [Listener at 127.0.0.1/40579] INFO  handler.ContextHandler (ContextHandler.java:doStart(915)) - Started o.e.j.w.WebAppContext@232f084c{hddsDatanode,/,file:///tmp/jetty-0_0_0_0-37691-hdds-container-service-1_3_0-SNAPSHOT_jar-_-any-1780477647773170378/webapp/,AVAILABLE}{jar:file:/home/runner/.m2/repository/org/apache/ozone/hdds-container-service/1.3.0-SNAPSHOT/hdds-container-service-1.3.0-SNAPSHOT.jar!/webapps/hddsDatanode}
2022-03-07 09:50:49,756 [Listener at 127.0.0.1/40579] INFO  server.AbstractConnector (AbstractConnector.java:doStart(331)) - Started ServerConnector@76054f93{HTTP/1.1, (http/1.1)}{0.0.0.0:37691}
2022-03-07 09:50:49,756 [Listener at 127.0.0.1/40579] INFO  server.Server (Server.java:doStart(415)) - Started @216152ms
2022-03-07 09:50:49,757 [Listener at 127.0.0.1/40579] WARN  impl.MetricsSystemImpl (MetricsSystemImpl.java:register(279)) - Sink prometheus already exists!
2022-03-07 09:50:49,769 [Listener at 127.0.0.1/40579] INFO  http.BaseHttpServer (BaseHttpServer.java:updateConnectorAddress(329)) - HTTP server of hddsDatanode listening at http://0.0.0.0:37691
2022-03-07 09:50:49,770 [Listener at 127.0.0.1/40579] WARN  impl.MetricRegistriesImpl (MetricRegistriesImpl.java:addReporterRegistration(111)) - New reporters are added after registries were created. Some metrics will be missing from the reporter. Please add reporter before adding any new registry.
2022-03-07 09:50:49,770 [Listener at 127.0.0.1/40579] WARN  impl.MetricRegistriesImpl (MetricRegistriesImpl.java:addReporterRegistration(111)) - New reporters are added after registries were created. Some metrics will be missing from the reporter. Please add reporter before adding any new registry.
2022-03-07 09:50:49,770 [Listener at 127.0.0.1/40579] INFO  impl.MetricsSystemImpl (MetricsSystemImpl.java:init(158)) - HddsDatanode metrics system started (again)
2022-03-07 09:50:49,784 [Datanode State Machine Daemon Thread] INFO  statemachine.DatanodeStateMachine (DatanodeStateMachine.java:lambda$startDaemon$0(470)) - Ozone container server started.
2022-03-07 09:50:49,796 [org.apache.hadoop.util.JvmPauseMonitor$Monitor@55131e17] INFO  util.JvmPauseMonitor (JvmPauseMonitor.java:run(188)) - Starting JVM pause monitor
2022-03-07 09:50:49,812 [Listener at 127.0.0.1/40579] INFO  ozone.HddsDatanodeService (HddsDatanodeService.java:start(233)) - HddsDatanodeService host:fv-az291-317.wgnan5asplgejimfprtllbpdch.jx.internal.cloudapp.net ip:10.1.0.49
2022-03-07 09:50:49,872 [om1@group-C5BA1605619E-FollowerState] INFO  impl.FollowerState (FollowerState.java:run(134)) - om1@group-C5BA1605619E-FollowerState: change to CANDIDATE, lastRpcElapsedTime:1201858985ns, electionTimeout:1121ms
2022-03-07 09:50:49,872 [om1@group-C5BA1605619E-FollowerState] INFO  impl.RoleInfo (RoleInfo.java:shutdownFollowerState(108)) - om1: shutdown om1@group-C5BA1605619E-FollowerState
2022-03-07 09:50:49,872 [om1@group-C5BA1605619E-FollowerState] INFO  server.RaftServer$Division (RaftServerImpl.java:setRole(290)) - om1@group-C5BA1605619E: changes role from  FOLLOWER to CANDIDATE at term 0 for changeToCandidate
2022-03-07 09:50:49,872 [om1@group-C5BA1605619E-FollowerState] INFO  server.RaftServerConfigKeys (ConfUtils.java:logGet(44)) - raft.server.leaderelection.pre-vote = false (custom)
2022-03-07 09:50:49,872 [om1@group-C5BA1605619E-FollowerState] INFO  impl.RoleInfo (RoleInfo.java:updateAndGet(130)) - om1: start om1@group-C5BA1605619E-LeaderElection74
2022-03-07 09:50:49,873 [Listener at 127.0.0.1/40579] INFO  upgrade.AbstractLayoutVersionManager (AbstractLayoutVersionManager.java:init(79)) - Initializing Layout version manager with metadata layout = SCM_HA (version = 2), software layout = SCM_HA (version = 2)
2022-03-07 09:50:49,894 [Datanode State Machine Task Thread - 0] INFO  datanode.InitDatanodeState (InitDatanodeState.java:persistContainerDatanodeDetails(138)) - DatanodeDetails is persisted to /home/runner/work/ozone/ozone/hadoop-ozone/integration-test/target/test-dir/MiniOzoneClusterImpl-4c099742-f0a8-499d-a606-d482764d36d7/datanode-1/meta/datanode.id
2022-03-07 09:50:49,902 [om1@group-C5BA1605619E-LeaderElection74] INFO  impl.LeaderElection (LeaderElection.java:askForVotes(306)) - om1@group-C5BA1605619E-LeaderElection74 ELECTION round 0: submit vote requests at term 1 for -1: [om1|rpc:localhost:9872|priority:0], old=null
2022-03-07 09:50:49,903 [om1@group-C5BA1605619E-LeaderElection74] INFO  impl.LeaderElection (LeaderElection.java:askForVotes(308)) - om1@group-C5BA1605619E-LeaderElection74 ELECTION round 0: result PASSED (term=1)
2022-03-07 09:50:49,903 [om1@group-C5BA1605619E-LeaderElection74] INFO  impl.RoleInfo (RoleInfo.java:shutdownLeaderElection(121)) - om1: shutdown om1@group-C5BA1605619E-LeaderElection74
2022-03-07 09:50:49,903 [om1@group-C5BA1605619E-LeaderElection74] INFO  server.RaftServer$Division (RaftServerImpl.java:setRole(290)) - om1@group-C5BA1605619E: changes role from CANDIDATE to LEADER at term 1 for changeToLeader
2022-03-07 09:50:49,903 [om1@group-C5BA1605619E-LeaderElection74] INFO  server.RaftServer$Division (ServerState.java:setLeader(285)) - om1@group-C5BA1605619E: change Leader from null to om1 at term 1 for becomeLeader, leader elected after 1277ms
2022-03-07 09:50:49,903 [om1@group-C5BA1605619E-LeaderElection74] INFO  server.RaftServerConfigKeys (ConfUtils.java:logGet(44)) - raft.server.staging.catchup.gap = 1000 (default)
2022-03-07 09:50:49,903 [om1@group-C5BA1605619E-LeaderElection74] INFO  server.RaftServerConfigKeys (ConfUtils.java:logGet(44)) - raft.server.write.element-limit = 4096 (default)
2022-03-07 09:50:49,903 [om1@group-C5BA1605619E-LeaderElection74] INFO  server.RaftServerConfigKeys (ConfUtils.java:logGet(44)) - raft.server.write.byte-limit = 64MB (=67108864) (default)
2022-03-07 09:50:49,903 [om1@group-C5BA1605619E-LeaderElection74] INFO  server.RaftServerConfigKeys (ConfUtils.java:logGet(44)) - raft.server.watch.timeout = 10s (default)
2022-03-07 09:50:49,903 [om1@group-C5BA1605619E-LeaderElection74] INFO  server.RaftServerConfigKeys (ConfUtils.java:logGet(44)) - raft.server.watch.timeout.denomination = 1s (default)
2022-03-07 09:50:49,903 [om1@group-C5BA1605619E-LeaderElection74] INFO  server.RaftServerConfigKeys (ConfUtils.java:logGet(44)) - raft.server.watch.element-limit = 65536 (default)
2022-03-07 09:50:49,903 [om1@group-C5BA1605619E-LeaderElection74] INFO  server.RaftServerConfigKeys (ConfUtils.java:logGet(44)) - raft.server.write.element-limit = 4096 (default)
2022-03-07 09:50:49,903 [om1@group-C5BA1605619E-LeaderElection74] INFO  server.RaftServerConfigKeys (ConfUtils.java:logGet(44)) - raft.server.write.follower.gap.ratio.max = -1.0 (default)
2022-03-07 09:50:49,903 [om1@group-C5BA1605619E-LeaderElection74] INFO  impl.RoleInfo (RoleInfo.java:updateAndGet(130)) - om1: start om1@group-C5BA1605619E-LeaderStateImpl
2022-03-07 09:50:49,904 [om1@group-C5BA1605619E-LeaderElection74] INFO  segmented.SegmentedRaftLogWorker (SegmentedRaftLogWorker.java:startLogSegment(394)) - om1@group-C5BA1605619E-SegmentedRaftLogWorker: Starting segment from index:0
2022-03-07 09:50:49,921 [om1@group-C5BA1605619E-SegmentedRaftLogWorker] INFO  segmented.SegmentedRaftLogWorker (SegmentedRaftLogWorker.java:execute(601)) - om1@group-C5BA1605619E-SegmentedRaftLogWorker: created new log segment /home/runner/work/ozone/ozone/hadoop-ozone/integration-test/target/test-dir/MiniOzoneClusterImpl-4c099742-f0a8-499d-a606-d482764d36d7/ozone-meta/ratis/bf265839-605b-3f16-9796-c5ba1605619e/current/log_inprogress_0
2022-03-07 09:50:49,930 [om1@group-C5BA1605619E-LeaderElection74] INFO  server.RaftServer$Division (ServerState.java:setRaftConf(387)) - om1@group-C5BA1605619E: set configuration 0: [om1|rpc:localhost:9872|admin:|client:|dataStream:|priority:0], old=null
2022-03-07 09:50:49,957 [om1@group-C5BA1605619E-StateMachineUpdater] INFO  ratis.OzoneManagerStateMachine (OzoneManagerStateMachine.java:notifyConfigurationChanged(188)) - Received Configuration change notification from Ratis. New Peer list:
[id: "om1"
address: "localhost:9872"
]
2022-03-07 09:50:50,021 [Listener at 127.0.0.1/40579] INFO  reflections.Reflections (Reflections.java:scan(232)) - Reflections took 145 ms to scan 7 urls, producing 122 keys and 286 values 
2022-03-07 09:50:50,029 [Listener at 127.0.0.1/40579] INFO  statemachine.DatanodeStateMachine (DatanodeStateMachine.java:getEndPointTaskThreadPoolSize(222)) - Datanode State Machine Task Thread Pool size 2
2022-03-07 09:50:50,041 [Listener at 127.0.0.1/40579] INFO  volume.HddsVolume (HddsVolume.java:<init>(120)) - Creating HddsVolume: /home/runner/work/ozone/ozone/hadoop-ozone/integration-test/target/test-dir/MiniOzoneClusterImpl-4c099742-f0a8-499d-a606-d482764d36d7/datanode-2/data-0/containers/hdds of storage type : DISK capacity : 9223372036854775807
2022-03-07 09:50:50,041 [Listener at 127.0.0.1/40579] INFO  volume.MutableVolumeSet (MutableVolumeSet.java:initializeVolumeSet(168)) - Added Volume : /home/runner/work/ozone/ozone/hadoop-ozone/integration-test/target/test-dir/MiniOzoneClusterImpl-4c099742-f0a8-499d-a606-d482764d36d7/datanode-2/data-0/containers/hdds to VolumeSet
2022-03-07 09:50:50,041 [Listener at 127.0.0.1/40579] INFO  volume.ThrottledAsyncChecker (ThrottledAsyncChecker.java:schedule(141)) - Scheduling a check for /home/runner/work/ozone/ozone/hadoop-ozone/integration-test/target/test-dir/MiniOzoneClusterImpl-4c099742-f0a8-499d-a606-d482764d36d7/datanode-2/data-0/containers/hdds
2022-03-07 09:50:50,042 [Listener at 127.0.0.1/40579] INFO  volume.StorageVolumeChecker (StorageVolumeChecker.java:checkAllVolumes(202)) - Scheduled health check for volume /home/runner/work/ozone/ozone/hadoop-ozone/integration-test/target/test-dir/MiniOzoneClusterImpl-4c099742-f0a8-499d-a606-d482764d36d7/datanode-2/data-0/containers/hdds
2022-03-07 09:50:50,053 [Listener at 127.0.0.1/40579] INFO  volume.MutableVolumeSet (MutableVolumeSet.java:initializeVolumeSet(168)) - Added Volume : /home/runner/work/ozone/ozone/hadoop-ozone/integration-test/target/test-dir/MiniOzoneClusterImpl-4c099742-f0a8-499d-a606-d482764d36d7/datanode-2/data/ratis to VolumeSet
2022-03-07 09:50:50,053 [Listener at 127.0.0.1/40579] INFO  volume.ThrottledAsyncChecker (ThrottledAsyncChecker.java:schedule(141)) - Scheduling a check for /home/runner/work/ozone/ozone/hadoop-ozone/integration-test/target/test-dir/MiniOzoneClusterImpl-4c099742-f0a8-499d-a606-d482764d36d7/datanode-2/data/ratis
2022-03-07 09:50:50,053 [Listener at 127.0.0.1/40579] INFO  volume.StorageVolumeChecker (StorageVolumeChecker.java:checkAllVolumes(202)) - Scheduled health check for volume /home/runner/work/ozone/ozone/hadoop-ozone/integration-test/target/test-dir/MiniOzoneClusterImpl-4c099742-f0a8-499d-a606-d482764d36d7/datanode-2/data/ratis
2022-03-07 09:50:50,085 [Thread-1611] INFO  ozoneimpl.ContainerReader (ContainerReader.java:readVolume(172)) - Finish verifying containers on volume /home/runner/work/ozone/ozone/hadoop-ozone/integration-test/target/test-dir/MiniOzoneClusterImpl-4c099742-f0a8-499d-a606-d482764d36d7/datanode-2/data-0/containers/hdds
2022-03-07 09:50:50,085 [Listener at 127.0.0.1/40579] INFO  ozoneimpl.OzoneContainer (OzoneContainer.java:buildContainerSet(257)) - Build ContainerSet costs 0s
2022-03-07 09:50:50,089 [Listener at 127.0.0.1/40579] INFO  server.RaftServer (ConfUtils.java:logGet(44)) - raft.rpc.type = GRPC (default)
2022-03-07 09:50:50,089 [Listener at 127.0.0.1/40579] INFO  grpc.GrpcFactory (GrpcFactory.java:checkPooledByteBufAllocatorUseCacheForAllThreads(48)) - PERFORMANCE WARNING: useCacheForAllThreads is true that may cause Netty to create a lot garbage objects and, as a result, trigger GC.
	It is recommended to disable useCacheForAllThreads by setting -Dorg.apache.ratis.thirdparty.io.netty.allocator.useCacheForAllThreads=false in command line.
2022-03-07 09:50:50,091 [Listener at 127.0.0.1/40579] INFO  grpc.GrpcConfigKeys (ConfUtils.java:logGet(44)) - raft.grpc.admin.port = 0 (custom)
2022-03-07 09:50:50,091 [Listener at 127.0.0.1/40579] INFO  grpc.GrpcConfigKeys (ConfUtils.java:logGet(44)) - raft.grpc.client.port = 0 (custom)
2022-03-07 09:50:50,092 [Listener at 127.0.0.1/40579] INFO  grpc.GrpcConfigKeys (ConfUtils.java:logGet(44)) - raft.grpc.server.port = 0 (default)
2022-03-07 09:50:50,092 [Listener at 127.0.0.1/40579] INFO  server.GrpcService (ConfUtils.java:logGet(44)) - raft.grpc.message.size.max = 32MB (=33554432) (custom)
2022-03-07 09:50:50,092 [Listener at 127.0.0.1/40579] INFO  server.RaftServerConfigKeys (ConfUtils.java:logGet(44)) - raft.server.log.appender.buffer.byte-limit = 33554432 (custom)
2022-03-07 09:50:50,092 [Listener at 127.0.0.1/40579] INFO  server.GrpcService (ConfUtils.java:logGet(44)) - raft.grpc.flow.control.window = 5MB (=5242880) (custom)
2022-03-07 09:50:50,092 [Listener at 127.0.0.1/40579] INFO  server.RaftServerConfigKeys (ConfUtils.java:logGet(44)) - raft.server.rpc.request.timeout = 3000ms (default)
2022-03-07 09:50:50,093 [Listener at 127.0.0.1/40579] INFO  impl.DataStreamServerImpl (ConfUtils.java:logGet(44)) - raft.datastream.type = DISABLED (default)
2022-03-07 09:50:50,093 [Listener at 127.0.0.1/40579] INFO  server.RaftServerConfigKeys (ConfUtils.java:logGet(44)) - raft.server.rpc.slowness.timeout = 300000ms (custom)
2022-03-07 09:50:50,093 [Listener at 127.0.0.1/40579] INFO  server.RaftServerConfigKeys (ConfUtils.java:logGet(44)) - raft.server.leaderelection.leader.step-down.wait-time = 10s (default)
2022-03-07 09:50:50,093 [Listener at 127.0.0.1/40579] INFO  server.RaftServerConfigKeys (ConfUtils.java:logGet(44)) - raft.server.storage.dir = [/home/runner/work/ozone/ozone/hadoop-ozone/integration-test/target/test-dir/MiniOzoneClusterImpl-4c099742-f0a8-499d-a606-d482764d36d7/datanode-2/data/ratis] (custom)
2022-03-07 09:50:50,096 [Listener at 127.0.0.1/40579] INFO  server.XceiverServerGrpc (XceiverServerGrpc.java:<init>(132)) - GrpcServer channel type EpollServerSocketChannel
2022-03-07 09:50:50,107 [Listener at 127.0.0.1/40579] INFO  http.BaseHttpServer (BaseHttpServer.java:newHttpServer2BuilderForOzone(209)) - Starting Web-server for hddsDatanode at: http://0.0.0.0:0
2022-03-07 09:50:50,107 [Listener at 127.0.0.1/40579] INFO  http.BaseHttpServer (BaseHttpServer.java:<init>(107)) - Hadoop Security Enabled: false Ozone Security Enabled: false Ozone HTTP Security Enabled: false 
2022-03-07 09:50:50,108 [Listener at 127.0.0.1/40579] INFO  server.AuthenticationFilter (AuthenticationFilter.java:constructSecretProvider(240)) - Unable to initialize FileSignerSecretProvider, falling back to use random secrets.
2022-03-07 09:50:50,108 [Listener at 127.0.0.1/40579] WARN  http.HttpRequestLog (HttpRequestLog.java:getRequestLog(103)) - Jetty request log can only be enabled using Log4j
2022-03-07 09:50:50,109 [Listener at 127.0.0.1/40579] INFO  http.HttpServer2 (HttpServer2.java:addGlobalFilter(1030)) - Added global filter 'safety' (class=org.apache.hadoop.hdds.server.http.HttpServer2$QuotingInputFilter)
2022-03-07 09:50:50,109 [Listener at 127.0.0.1/40579] INFO  http.HttpServer2 (HttpServer2.java:addFilter(1006)) - Added filter static_user_filter (class=org.apache.hadoop.http.lib.StaticUserWebFilter$StaticUserFilter) to context hddsDatanode
2022-03-07 09:50:50,109 [Listener at 127.0.0.1/40579] INFO  http.HttpServer2 (HttpServer2.java:addFilter(1014)) - Added filter static_user_filter (class=org.apache.hadoop.http.lib.StaticUserWebFilter$StaticUserFilter) to context logs
2022-03-07 09:50:50,109 [Listener at 127.0.0.1/40579] INFO  http.HttpServer2 (HttpServer2.java:addFilter(1014)) - Added filter static_user_filter (class=org.apache.hadoop.http.lib.StaticUserWebFilter$StaticUserFilter) to context static
2022-03-07 09:50:50,110 [Listener at 127.0.0.1/40579] INFO  http.HttpServer2 (HttpServer2.java:bindListener(1249)) - Jetty bound to port 37315
2022-03-07 09:50:50,110 [Listener at 127.0.0.1/40579] INFO  server.Server (Server.java:doStart(375)) - jetty-9.4.43.v20210629; built: 2021-06-30T11:07:22.254Z; git: 526006ecfa3af7f1a27ef3a288e2bef7ea9dd7e8; jvm 1.8.0_322-b06
2022-03-07 09:50:50,111 [Listener at 127.0.0.1/40579] INFO  server.session (DefaultSessionIdManager.java:doStart(334)) - DefaultSessionIdManager workerName=node0
2022-03-07 09:50:50,111 [Listener at 127.0.0.1/40579] INFO  server.session (DefaultSessionIdManager.java:doStart(339)) - No SessionScavenger set, using defaults
2022-03-07 09:50:50,111 [Listener at 127.0.0.1/40579] INFO  server.session (HouseKeeper.java:startScavenging(132)) - node0 Scavenging every 600000ms
2022-03-07 09:50:50,112 [Listener at 127.0.0.1/40579] INFO  handler.ContextHandler (ContextHandler.java:doStart(915)) - Started o.e.j.s.ServletContextHandler@6ed077d9{logs,/logs,file:///home/runner/work/ozone/ozone/hadoop-ozone/integration-test/target/log,AVAILABLE}
2022-03-07 09:50:50,112 [Listener at 127.0.0.1/40579] INFO  handler.ContextHandler (ContextHandler.java:doStart(915)) - Started o.e.j.s.ServletContextHandler@360d8df4{static,/static,jar:file:/home/runner/.m2/repository/org/apache/ozone/hdds-container-service/1.3.0-SNAPSHOT/hdds-container-service-1.3.0-SNAPSHOT.jar!/webapps/static,AVAILABLE}
2022-03-07 09:50:50,189 [Listener at 127.0.0.1/40579] INFO  handler.ContextHandler (ContextHandler.java:doStart(915)) - Started o.e.j.w.WebAppContext@12d13fef{hddsDatanode,/,file:///tmp/jetty-0_0_0_0-37315-hdds-container-service-1_3_0-SNAPSHOT_jar-_-any-8208777220957542004/webapp/,AVAILABLE}{jar:file:/home/runner/.m2/repository/org/apache/ozone/hdds-container-service/1.3.0-SNAPSHOT/hdds-container-service-1.3.0-SNAPSHOT.jar!/webapps/hddsDatanode}
2022-03-07 09:50:50,191 [Listener at 127.0.0.1/40579] INFO  server.AbstractConnector (AbstractConnector.java:doStart(331)) - Started ServerConnector@e7b3282{HTTP/1.1, (http/1.1)}{0.0.0.0:37315}
2022-03-07 09:50:50,192 [Listener at 127.0.0.1/40579] INFO  server.Server (Server.java:doStart(415)) - Started @216587ms
2022-03-07 09:50:50,192 [Listener at 127.0.0.1/40579] WARN  impl.MetricsSystemImpl (MetricsSystemImpl.java:register(279)) - Sink prometheus already exists!
2022-03-07 09:50:50,192 [Listener at 127.0.0.1/40579] INFO  http.BaseHttpServer (BaseHttpServer.java:updateConnectorAddress(329)) - HTTP server of hddsDatanode listening at http://0.0.0.0:37315
2022-03-07 09:50:50,193 [Listener at 127.0.0.1/40579] WARN  impl.MetricRegistriesImpl (MetricRegistriesImpl.java:addReporterRegistration(111)) - New reporters are added after registries were created. Some metrics will be missing from the reporter. Please add reporter before adding any new registry.
2022-03-07 09:50:50,193 [Listener at 127.0.0.1/40579] WARN  impl.MetricRegistriesImpl (MetricRegistriesImpl.java:addReporterRegistration(111)) - New reporters are added after registries were created. Some metrics will be missing from the reporter. Please add reporter before adding any new registry.
2022-03-07 09:50:50,193 [Listener at 127.0.0.1/40579] INFO  impl.MetricsSystemImpl (MetricsSystemImpl.java:init(158)) - HddsDatanode metrics system started (again)
2022-03-07 09:50:50,201 [Datanode State Machine Daemon Thread] INFO  statemachine.DatanodeStateMachine (DatanodeStateMachine.java:lambda$startDaemon$0(470)) - Ozone container server started.
2022-03-07 09:50:50,266 [Listener at 127.0.0.1/40579] INFO  ozone.HddsDatanodeService (HddsDatanodeService.java:start(233)) - HddsDatanodeService host:fv-az291-317.wgnan5asplgejimfprtllbpdch.jx.internal.cloudapp.net ip:10.1.0.49
2022-03-07 09:50:50,280 [org.apache.hadoop.util.JvmPauseMonitor$Monitor@4ab36ed1] INFO  util.JvmPauseMonitor (JvmPauseMonitor.java:run(188)) - Starting JVM pause monitor
2022-03-07 09:50:50,297 [Datanode State Machine Task Thread - 0] INFO  datanode.InitDatanodeState (InitDatanodeState.java:persistContainerDatanodeDetails(138)) - DatanodeDetails is persisted to /home/runner/work/ozone/ozone/hadoop-ozone/integration-test/target/test-dir/MiniOzoneClusterImpl-4c099742-f0a8-499d-a606-d482764d36d7/datanode-2/meta/datanode.id
2022-03-07 09:50:50,313 [Listener at 127.0.0.1/40579] INFO  upgrade.AbstractLayoutVersionManager (AbstractLayoutVersionManager.java:init(79)) - Initializing Layout version manager with metadata layout = SCM_HA (version = 2), software layout = SCM_HA (version = 2)
2022-03-07 09:50:50,394 [Listener at 127.0.0.1/40579] INFO  reflections.Reflections (Reflections.java:scan(232)) - Reflections took 76 ms to scan 7 urls, producing 122 keys and 286 values 
2022-03-07 09:50:50,401 [Listener at 127.0.0.1/40579] INFO  statemachine.DatanodeStateMachine (DatanodeStateMachine.java:getEndPointTaskThreadPoolSize(222)) - Datanode State Machine Task Thread Pool size 2
2022-03-07 09:50:50,407 [Listener at 127.0.0.1/40579] INFO  volume.HddsVolume (HddsVolume.java:<init>(120)) - Creating HddsVolume: /home/runner/work/ozone/ozone/hadoop-ozone/integration-test/target/test-dir/MiniOzoneClusterImpl-4c099742-f0a8-499d-a606-d482764d36d7/datanode-3/data-0/containers/hdds of storage type : DISK capacity : 9223372036854775807
2022-03-07 09:50:50,419 [Listener at 127.0.0.1/40579] INFO  volume.MutableVolumeSet (MutableVolumeSet.java:initializeVolumeSet(168)) - Added Volume : /home/runner/work/ozone/ozone/hadoop-ozone/integration-test/target/test-dir/MiniOzoneClusterImpl-4c099742-f0a8-499d-a606-d482764d36d7/datanode-3/data-0/containers/hdds to VolumeSet
2022-03-07 09:50:50,420 [Listener at 127.0.0.1/40579] INFO  volume.ThrottledAsyncChecker (ThrottledAsyncChecker.java:schedule(141)) - Scheduling a check for /home/runner/work/ozone/ozone/hadoop-ozone/integration-test/target/test-dir/MiniOzoneClusterImpl-4c099742-f0a8-499d-a606-d482764d36d7/datanode-3/data-0/containers/hdds
2022-03-07 09:50:50,420 [Listener at 127.0.0.1/40579] INFO  volume.StorageVolumeChecker (StorageVolumeChecker.java:checkAllVolumes(202)) - Scheduled health check for volume /home/runner/work/ozone/ozone/hadoop-ozone/integration-test/target/test-dir/MiniOzoneClusterImpl-4c099742-f0a8-499d-a606-d482764d36d7/datanode-3/data-0/containers/hdds
2022-03-07 09:50:50,460 [Listener at 127.0.0.1/40579] INFO  volume.MutableVolumeSet (MutableVolumeSet.java:initializeVolumeSet(168)) - Added Volume : /home/runner/work/ozone/ozone/hadoop-ozone/integration-test/target/test-dir/MiniOzoneClusterImpl-4c099742-f0a8-499d-a606-d482764d36d7/datanode-3/data/ratis to VolumeSet
2022-03-07 09:50:50,468 [Listener at 127.0.0.1/40579] INFO  volume.ThrottledAsyncChecker (ThrottledAsyncChecker.java:schedule(141)) - Scheduling a check for /home/runner/work/ozone/ozone/hadoop-ozone/integration-test/target/test-dir/MiniOzoneClusterImpl-4c099742-f0a8-499d-a606-d482764d36d7/datanode-3/data/ratis
2022-03-07 09:50:50,504 [Listener at 127.0.0.1/40579] INFO  volume.StorageVolumeChecker (StorageVolumeChecker.java:checkAllVolumes(202)) - Scheduled health check for volume /home/runner/work/ozone/ozone/hadoop-ozone/integration-test/target/test-dir/MiniOzoneClusterImpl-4c099742-f0a8-499d-a606-d482764d36d7/datanode-3/data/ratis
2022-03-07 09:50:50,584 [Thread-1623] INFO  ozoneimpl.ContainerReader (ContainerReader.java:readVolume(172)) - Finish verifying containers on volume /home/runner/work/ozone/ozone/hadoop-ozone/integration-test/target/test-dir/MiniOzoneClusterImpl-4c099742-f0a8-499d-a606-d482764d36d7/datanode-3/data-0/containers/hdds
2022-03-07 09:50:50,584 [Listener at 127.0.0.1/40579] INFO  ozoneimpl.OzoneContainer (OzoneContainer.java:buildContainerSet(257)) - Build ContainerSet costs 0s
2022-03-07 09:50:50,586 [Listener at 127.0.0.1/40579] INFO  server.RaftServer (ConfUtils.java:logGet(44)) - raft.rpc.type = GRPC (default)
2022-03-07 09:50:50,586 [Listener at 127.0.0.1/40579] INFO  grpc.GrpcFactory (GrpcFactory.java:checkPooledByteBufAllocatorUseCacheForAllThreads(48)) - PERFORMANCE WARNING: useCacheForAllThreads is true that may cause Netty to create a lot garbage objects and, as a result, trigger GC.
	It is recommended to disable useCacheForAllThreads by setting -Dorg.apache.ratis.thirdparty.io.netty.allocator.useCacheForAllThreads=false in command line.
2022-03-07 09:50:50,587 [Listener at 127.0.0.1/40579] INFO  grpc.GrpcConfigKeys (ConfUtils.java:logGet(44)) - raft.grpc.admin.port = 0 (custom)
2022-03-07 09:50:50,606 [Listener at 127.0.0.1/40579] INFO  grpc.GrpcConfigKeys (ConfUtils.java:logGet(44)) - raft.grpc.client.port = 0 (custom)
2022-03-07 09:50:50,607 [Listener at 127.0.0.1/40579] INFO  grpc.GrpcConfigKeys (ConfUtils.java:logGet(44)) - raft.grpc.server.port = 0 (default)
2022-03-07 09:50:50,607 [Listener at 127.0.0.1/40579] INFO  server.GrpcService (ConfUtils.java:logGet(44)) - raft.grpc.message.size.max = 32MB (=33554432) (custom)
2022-03-07 09:50:50,607 [Listener at 127.0.0.1/40579] INFO  server.RaftServerConfigKeys (ConfUtils.java:logGet(44)) - raft.server.log.appender.buffer.byte-limit = 33554432 (custom)
2022-03-07 09:50:50,607 [Listener at 127.0.0.1/40579] INFO  server.GrpcService (ConfUtils.java:logGet(44)) - raft.grpc.flow.control.window = 5MB (=5242880) (custom)
2022-03-07 09:50:50,607 [Listener at 127.0.0.1/40579] INFO  server.RaftServerConfigKeys (ConfUtils.java:logGet(44)) - raft.server.rpc.request.timeout = 3000ms (default)
2022-03-07 09:50:50,609 [Listener at 127.0.0.1/40579] INFO  impl.DataStreamServerImpl (ConfUtils.java:logGet(44)) - raft.datastream.type = DISABLED (default)
2022-03-07 09:50:50,610 [Listener at 127.0.0.1/40579] INFO  server.RaftServerConfigKeys (ConfUtils.java:logGet(44)) - raft.server.rpc.slowness.timeout = 300000ms (custom)
2022-03-07 09:50:50,610 [Listener at 127.0.0.1/40579] INFO  server.RaftServerConfigKeys (ConfUtils.java:logGet(44)) - raft.server.leaderelection.leader.step-down.wait-time = 10s (default)
2022-03-07 09:50:50,610 [Listener at 127.0.0.1/40579] INFO  server.RaftServerConfigKeys (ConfUtils.java:logGet(44)) - raft.server.storage.dir = [/home/runner/work/ozone/ozone/hadoop-ozone/integration-test/target/test-dir/MiniOzoneClusterImpl-4c099742-f0a8-499d-a606-d482764d36d7/datanode-3/data/ratis] (custom)
2022-03-07 09:50:50,613 [Listener at 127.0.0.1/40579] INFO  server.XceiverServerGrpc (XceiverServerGrpc.java:<init>(132)) - GrpcServer channel type EpollServerSocketChannel
2022-03-07 09:50:50,615 [Listener at 127.0.0.1/40579] INFO  http.BaseHttpServer (BaseHttpServer.java:newHttpServer2BuilderForOzone(209)) - Starting Web-server for hddsDatanode at: http://0.0.0.0:0
2022-03-07 09:50:50,615 [Listener at 127.0.0.1/40579] INFO  http.BaseHttpServer (BaseHttpServer.java:<init>(107)) - Hadoop Security Enabled: false Ozone Security Enabled: false Ozone HTTP Security Enabled: false 
2022-03-07 09:50:50,617 [Listener at 127.0.0.1/40579] INFO  server.AuthenticationFilter (AuthenticationFilter.java:constructSecretProvider(240)) - Unable to initialize FileSignerSecretProvider, falling back to use random secrets.
2022-03-07 09:50:50,617 [Listener at 127.0.0.1/40579] WARN  http.HttpRequestLog (HttpRequestLog.java:getRequestLog(103)) - Jetty request log can only be enabled using Log4j
2022-03-07 09:50:50,618 [Listener at 127.0.0.1/40579] INFO  http.HttpServer2 (HttpServer2.java:addGlobalFilter(1030)) - Added global filter 'safety' (class=org.apache.hadoop.hdds.server.http.HttpServer2$QuotingInputFilter)
2022-03-07 09:50:50,618 [Listener at 127.0.0.1/40579] INFO  http.HttpServer2 (HttpServer2.java:addFilter(1006)) - Added filter static_user_filter (class=org.apache.hadoop.http.lib.StaticUserWebFilter$StaticUserFilter) to context hddsDatanode
2022-03-07 09:50:50,618 [Listener at 127.0.0.1/40579] INFO  http.HttpServer2 (HttpServer2.java:addFilter(1014)) - Added filter static_user_filter (class=org.apache.hadoop.http.lib.StaticUserWebFilter$StaticUserFilter) to context logs
2022-03-07 09:50:50,618 [Listener at 127.0.0.1/40579] INFO  http.HttpServer2 (HttpServer2.java:addFilter(1014)) - Added filter static_user_filter (class=org.apache.hadoop.http.lib.StaticUserWebFilter$StaticUserFilter) to context static
2022-03-07 09:50:50,619 [Listener at 127.0.0.1/40579] INFO  http.HttpServer2 (HttpServer2.java:bindListener(1249)) - Jetty bound to port 35197
2022-03-07 09:50:50,619 [Listener at 127.0.0.1/40579] INFO  server.Server (Server.java:doStart(375)) - jetty-9.4.43.v20210629; built: 2021-06-30T11:07:22.254Z; git: 526006ecfa3af7f1a27ef3a288e2bef7ea9dd7e8; jvm 1.8.0_322-b06
2022-03-07 09:50:50,620 [Listener at 127.0.0.1/40579] INFO  server.session (DefaultSessionIdManager.java:doStart(334)) - DefaultSessionIdManager workerName=node0
2022-03-07 09:50:50,620 [Listener at 127.0.0.1/40579] INFO  server.session (DefaultSessionIdManager.java:doStart(339)) - No SessionScavenger set, using defaults
2022-03-07 09:50:50,621 [Listener at 127.0.0.1/40579] INFO  server.session (HouseKeeper.java:startScavenging(132)) - node0 Scavenging every 660000ms
2022-03-07 09:50:50,621 [Listener at 127.0.0.1/40579] INFO  handler.ContextHandler (ContextHandler.java:doStart(915)) - Started o.e.j.s.ServletContextHandler@7baf944c{logs,/logs,file:///home/runner/work/ozone/ozone/hadoop-ozone/integration-test/target/log,AVAILABLE}
2022-03-07 09:50:50,621 [Listener at 127.0.0.1/40579] INFO  handler.ContextHandler (ContextHandler.java:doStart(915)) - Started o.e.j.s.ServletContextHandler@7f3c4fb{static,/static,jar:file:/home/runner/.m2/repository/org/apache/ozone/hdds-container-service/1.3.0-SNAPSHOT/hdds-container-service-1.3.0-SNAPSHOT.jar!/webapps/static,AVAILABLE}
2022-03-07 09:50:50,693 [Listener at 127.0.0.1/40579] INFO  handler.ContextHandler (ContextHandler.java:doStart(915)) - Started o.e.j.w.WebAppContext@729e51f0{hddsDatanode,/,file:///tmp/jetty-0_0_0_0-35197-hdds-container-service-1_3_0-SNAPSHOT_jar-_-any-5394534050005173573/webapp/,AVAILABLE}{jar:file:/home/runner/.m2/repository/org/apache/ozone/hdds-container-service/1.3.0-SNAPSHOT/hdds-container-service-1.3.0-SNAPSHOT.jar!/webapps/hddsDatanode}
2022-03-07 09:50:50,712 [Listener at 127.0.0.1/40579] INFO  server.AbstractConnector (AbstractConnector.java:doStart(331)) - Started ServerConnector@6a703d66{HTTP/1.1, (http/1.1)}{0.0.0.0:35197}
2022-03-07 09:50:50,712 [Listener at 127.0.0.1/40579] INFO  server.Server (Server.java:doStart(415)) - Started @217108ms
2022-03-07 09:50:50,712 [Listener at 127.0.0.1/40579] WARN  impl.MetricsSystemImpl (MetricsSystemImpl.java:register(279)) - Sink prometheus already exists!
2022-03-07 09:50:50,713 [Listener at 127.0.0.1/40579] INFO  http.BaseHttpServer (BaseHttpServer.java:updateConnectorAddress(329)) - HTTP server of hddsDatanode listening at http://0.0.0.0:35197
2022-03-07 09:50:50,720 [Listener at 127.0.0.1/40579] WARN  impl.MetricRegistriesImpl (MetricRegistriesImpl.java:addReporterRegistration(111)) - New reporters are added after registries were created. Some metrics will be missing from the reporter. Please add reporter before adding any new registry.
2022-03-07 09:50:50,720 [Listener at 127.0.0.1/40579] WARN  impl.MetricRegistriesImpl (MetricRegistriesImpl.java:addReporterRegistration(111)) - New reporters are added after registries were created. Some metrics will be missing from the reporter. Please add reporter before adding any new registry.
2022-03-07 09:50:50,720 [Listener at 127.0.0.1/40579] INFO  impl.MetricsSystemImpl (MetricsSystemImpl.java:init(158)) - HddsDatanode metrics system started (again)
2022-03-07 09:50:50,732 [Datanode State Machine Daemon Thread] INFO  statemachine.DatanodeStateMachine (DatanodeStateMachine.java:lambda$startDaemon$0(470)) - Ozone container server started.
2022-03-07 09:50:50,796 [org.apache.hadoop.util.JvmPauseMonitor$Monitor@1d3ad4c2] INFO  util.JvmPauseMonitor (JvmPauseMonitor.java:run(188)) - Starting JVM pause monitor
2022-03-07 09:50:50,805 [Listener at 127.0.0.1/40579] INFO  ozone.HddsDatanodeService (HddsDatanodeService.java:start(233)) - HddsDatanodeService host:fv-az291-317.wgnan5asplgejimfprtllbpdch.jx.internal.cloudapp.net ip:10.1.0.49
2022-03-07 09:50:50,814 [Datanode State Machine Task Thread - 0] INFO  datanode.InitDatanodeState (InitDatanodeState.java:persistContainerDatanodeDetails(138)) - DatanodeDetails is persisted to /home/runner/work/ozone/ozone/hadoop-ozone/integration-test/target/test-dir/MiniOzoneClusterImpl-4c099742-f0a8-499d-a606-d482764d36d7/datanode-3/meta/datanode.id
2022-03-07 09:50:50,860 [Listener at 127.0.0.1/40579] INFO  upgrade.AbstractLayoutVersionManager (AbstractLayoutVersionManager.java:init(79)) - Initializing Layout version manager with metadata layout = SCM_HA (version = 2), software layout = SCM_HA (version = 2)
2022-03-07 09:50:50,977 [Listener at 127.0.0.1/40579] INFO  reflections.Reflections (Reflections.java:scan(232)) - Reflections took 116 ms to scan 7 urls, producing 122 keys and 286 values 
2022-03-07 09:50:50,978 [Listener at 127.0.0.1/40579] INFO  statemachine.DatanodeStateMachine (DatanodeStateMachine.java:getEndPointTaskThreadPoolSize(222)) - Datanode State Machine Task Thread Pool size 2
2022-03-07 09:50:50,979 [Listener at 127.0.0.1/40579] INFO  volume.HddsVolume (HddsVolume.java:<init>(120)) - Creating HddsVolume: /home/runner/work/ozone/ozone/hadoop-ozone/integration-test/target/test-dir/MiniOzoneClusterImpl-4c099742-f0a8-499d-a606-d482764d36d7/datanode-4/data-0/containers/hdds of storage type : DISK capacity : 9223372036854775807
2022-03-07 09:50:50,980 [Listener at 127.0.0.1/40579] INFO  volume.MutableVolumeSet (MutableVolumeSet.java:initializeVolumeSet(168)) - Added Volume : /home/runner/work/ozone/ozone/hadoop-ozone/integration-test/target/test-dir/MiniOzoneClusterImpl-4c099742-f0a8-499d-a606-d482764d36d7/datanode-4/data-0/containers/hdds to VolumeSet
2022-03-07 09:50:50,980 [Listener at 127.0.0.1/40579] INFO  volume.ThrottledAsyncChecker (ThrottledAsyncChecker.java:schedule(141)) - Scheduling a check for /home/runner/work/ozone/ozone/hadoop-ozone/integration-test/target/test-dir/MiniOzoneClusterImpl-4c099742-f0a8-499d-a606-d482764d36d7/datanode-4/data-0/containers/hdds
2022-03-07 09:50:50,999 [Listener at 127.0.0.1/40579] INFO  volume.StorageVolumeChecker (StorageVolumeChecker.java:checkAllVolumes(202)) - Scheduled health check for volume /home/runner/work/ozone/ozone/hadoop-ozone/integration-test/target/test-dir/MiniOzoneClusterImpl-4c099742-f0a8-499d-a606-d482764d36d7/datanode-4/data-0/containers/hdds
2022-03-07 09:50:51,018 [Listener at 127.0.0.1/40579] INFO  volume.MutableVolumeSet (MutableVolumeSet.java:initializeVolumeSet(168)) - Added Volume : /home/runner/work/ozone/ozone/hadoop-ozone/integration-test/target/test-dir/MiniOzoneClusterImpl-4c099742-f0a8-499d-a606-d482764d36d7/datanode-4/data/ratis to VolumeSet
2022-03-07 09:50:51,018 [Listener at 127.0.0.1/40579] INFO  volume.ThrottledAsyncChecker (ThrottledAsyncChecker.java:schedule(141)) - Scheduling a check for /home/runner/work/ozone/ozone/hadoop-ozone/integration-test/target/test-dir/MiniOzoneClusterImpl-4c099742-f0a8-499d-a606-d482764d36d7/datanode-4/data/ratis
2022-03-07 09:50:51,018 [Listener at 127.0.0.1/40579] INFO  volume.StorageVolumeChecker (StorageVolumeChecker.java:checkAllVolumes(202)) - Scheduled health check for volume /home/runner/work/ozone/ozone/hadoop-ozone/integration-test/target/test-dir/MiniOzoneClusterImpl-4c099742-f0a8-499d-a606-d482764d36d7/datanode-4/data/ratis
2022-03-07 09:50:51,032 [Thread-1635] INFO  ozoneimpl.ContainerReader (ContainerReader.java:readVolume(172)) - Finish verifying containers on volume /home/runner/work/ozone/ozone/hadoop-ozone/integration-test/target/test-dir/MiniOzoneClusterImpl-4c099742-f0a8-499d-a606-d482764d36d7/datanode-4/data-0/containers/hdds
2022-03-07 09:50:51,032 [Listener at 127.0.0.1/40579] INFO  ozoneimpl.OzoneContainer (OzoneContainer.java:buildContainerSet(257)) - Build ContainerSet costs 0s
2022-03-07 09:50:51,034 [Listener at 127.0.0.1/40579] INFO  server.RaftServer (ConfUtils.java:logGet(44)) - raft.rpc.type = GRPC (default)
2022-03-07 09:50:51,034 [Listener at 127.0.0.1/40579] INFO  grpc.GrpcFactory (GrpcFactory.java:checkPooledByteBufAllocatorUseCacheForAllThreads(48)) - PERFORMANCE WARNING: useCacheForAllThreads is true that may cause Netty to create a lot garbage objects and, as a result, trigger GC.
	It is recommended to disable useCacheForAllThreads by setting -Dorg.apache.ratis.thirdparty.io.netty.allocator.useCacheForAllThreads=false in command line.
2022-03-07 09:50:51,034 [Listener at 127.0.0.1/40579] INFO  grpc.GrpcConfigKeys (ConfUtils.java:logGet(44)) - raft.grpc.admin.port = 0 (custom)
2022-03-07 09:50:51,034 [Listener at 127.0.0.1/40579] INFO  grpc.GrpcConfigKeys (ConfUtils.java:logGet(44)) - raft.grpc.client.port = 0 (custom)
2022-03-07 09:50:51,034 [Listener at 127.0.0.1/40579] INFO  grpc.GrpcConfigKeys (ConfUtils.java:logGet(44)) - raft.grpc.server.port = 0 (default)
2022-03-07 09:50:51,034 [Listener at 127.0.0.1/40579] INFO  server.GrpcService (ConfUtils.java:logGet(44)) - raft.grpc.message.size.max = 32MB (=33554432) (custom)
2022-03-07 09:50:51,034 [Listener at 127.0.0.1/40579] INFO  server.RaftServerConfigKeys (ConfUtils.java:logGet(44)) - raft.server.log.appender.buffer.byte-limit = 33554432 (custom)
2022-03-07 09:50:51,034 [Listener at 127.0.0.1/40579] INFO  server.GrpcService (ConfUtils.java:logGet(44)) - raft.grpc.flow.control.window = 5MB (=5242880) (custom)
2022-03-07 09:50:51,035 [Listener at 127.0.0.1/40579] INFO  server.RaftServerConfigKeys (ConfUtils.java:logGet(44)) - raft.server.rpc.request.timeout = 3000ms (default)
2022-03-07 09:50:51,036 [Listener at 127.0.0.1/40579] INFO  impl.DataStreamServerImpl (ConfUtils.java:logGet(44)) - raft.datastream.type = DISABLED (default)
2022-03-07 09:50:51,044 [Listener at 127.0.0.1/40579] INFO  server.RaftServerConfigKeys (ConfUtils.java:logGet(44)) - raft.server.rpc.slowness.timeout = 300000ms (custom)
2022-03-07 09:50:51,045 [Listener at 127.0.0.1/40579] INFO  server.RaftServerConfigKeys (ConfUtils.java:logGet(44)) - raft.server.leaderelection.leader.step-down.wait-time = 10s (default)
2022-03-07 09:50:51,045 [Listener at 127.0.0.1/40579] INFO  server.RaftServerConfigKeys (ConfUtils.java:logGet(44)) - raft.server.storage.dir = [/home/runner/work/ozone/ozone/hadoop-ozone/integration-test/target/test-dir/MiniOzoneClusterImpl-4c099742-f0a8-499d-a606-d482764d36d7/datanode-4/data/ratis] (custom)
2022-03-07 09:50:51,046 [Listener at 127.0.0.1/40579] INFO  server.XceiverServerGrpc (XceiverServerGrpc.java:<init>(132)) - GrpcServer channel type EpollServerSocketChannel
2022-03-07 09:50:51,048 [Listener at 127.0.0.1/40579] INFO  http.BaseHttpServer (BaseHttpServer.java:newHttpServer2BuilderForOzone(209)) - Starting Web-server for hddsDatanode at: http://0.0.0.0:0
2022-03-07 09:50:51,048 [Listener at 127.0.0.1/40579] INFO  http.BaseHttpServer (BaseHttpServer.java:<init>(107)) - Hadoop Security Enabled: false Ozone Security Enabled: false Ozone HTTP Security Enabled: false 
2022-03-07 09:50:51,051 [Listener at 127.0.0.1/40579] INFO  server.AuthenticationFilter (AuthenticationFilter.java:constructSecretProvider(240)) - Unable to initialize FileSignerSecretProvider, falling back to use random secrets.
2022-03-07 09:50:51,052 [Listener at 127.0.0.1/40579] WARN  http.HttpRequestLog (HttpRequestLog.java:getRequestLog(103)) - Jetty request log can only be enabled using Log4j
2022-03-07 09:50:51,052 [Listener at 127.0.0.1/40579] INFO  http.HttpServer2 (HttpServer2.java:addGlobalFilter(1030)) - Added global filter 'safety' (class=org.apache.hadoop.hdds.server.http.HttpServer2$QuotingInputFilter)
2022-03-07 09:50:51,053 [Listener at 127.0.0.1/40579] INFO  http.HttpServer2 (HttpServer2.java:addFilter(1006)) - Added filter static_user_filter (class=org.apache.hadoop.http.lib.StaticUserWebFilter$StaticUserFilter) to context hddsDatanode
2022-03-07 09:50:51,053 [Listener at 127.0.0.1/40579] INFO  http.HttpServer2 (HttpServer2.java:addFilter(1014)) - Added filter static_user_filter (class=org.apache.hadoop.http.lib.StaticUserWebFilter$StaticUserFilter) to context static
2022-03-07 09:50:51,053 [Listener at 127.0.0.1/40579] INFO  http.HttpServer2 (HttpServer2.java:addFilter(1014)) - Added filter static_user_filter (class=org.apache.hadoop.http.lib.StaticUserWebFilter$StaticUserFilter) to context logs
2022-03-07 09:50:51,053 [Listener at 127.0.0.1/40579] INFO  http.HttpServer2 (HttpServer2.java:bindListener(1249)) - Jetty bound to port 45385
2022-03-07 09:50:51,053 [Listener at 127.0.0.1/40579] INFO  server.Server (Server.java:doStart(375)) - jetty-9.4.43.v20210629; built: 2021-06-30T11:07:22.254Z; git: 526006ecfa3af7f1a27ef3a288e2bef7ea9dd7e8; jvm 1.8.0_322-b06
2022-03-07 09:50:51,082 [Listener at 127.0.0.1/40579] INFO  server.session (DefaultSessionIdManager.java:doStart(334)) - DefaultSessionIdManager workerName=node0
2022-03-07 09:50:51,082 [Listener at 127.0.0.1/40579] INFO  server.session (DefaultSessionIdManager.java:doStart(339)) - No SessionScavenger set, using defaults
2022-03-07 09:50:51,082 [Listener at 127.0.0.1/40579] INFO  server.session (HouseKeeper.java:startScavenging(132)) - node0 Scavenging every 660000ms
2022-03-07 09:50:51,083 [Listener at 127.0.0.1/40579] INFO  handler.ContextHandler (ContextHandler.java:doStart(915)) - Started o.e.j.s.ServletContextHandler@3bba50d1{logs,/logs,file:///home/runner/work/ozone/ozone/hadoop-ozone/integration-test/target/log,AVAILABLE}
2022-03-07 09:50:51,083 [Listener at 127.0.0.1/40579] INFO  handler.ContextHandler (ContextHandler.java:doStart(915)) - Started o.e.j.s.ServletContextHandler@2cf0c3e6{static,/static,jar:file:/home/runner/.m2/repository/org/apache/ozone/hdds-container-service/1.3.0-SNAPSHOT/hdds-container-service-1.3.0-SNAPSHOT.jar!/webapps/static,AVAILABLE}
2022-03-07 09:50:51,170 [Listener at 127.0.0.1/40579] INFO  handler.ContextHandler (ContextHandler.java:doStart(915)) - Started o.e.j.w.WebAppContext@2034a4d2{hddsDatanode,/,file:///tmp/jetty-0_0_0_0-45385-hdds-container-service-1_3_0-SNAPSHOT_jar-_-any-7111623749091791165/webapp/,AVAILABLE}{jar:file:/home/runner/.m2/repository/org/apache/ozone/hdds-container-service/1.3.0-SNAPSHOT/hdds-container-service-1.3.0-SNAPSHOT.jar!/webapps/hddsDatanode}
2022-03-07 09:50:51,180 [Listener at 127.0.0.1/40579] INFO  server.AbstractConnector (AbstractConnector.java:doStart(331)) - Started ServerConnector@1da36a83{HTTP/1.1, (http/1.1)}{0.0.0.0:45385}
2022-03-07 09:50:51,181 [Listener at 127.0.0.1/40579] INFO  server.Server (Server.java:doStart(415)) - Started @217576ms
2022-03-07 09:50:51,181 [Listener at 127.0.0.1/40579] WARN  impl.MetricsSystemImpl (MetricsSystemImpl.java:register(279)) - Sink prometheus already exists!
2022-03-07 09:50:51,181 [Listener at 127.0.0.1/40579] INFO  http.BaseHttpServer (BaseHttpServer.java:updateConnectorAddress(329)) - HTTP server of hddsDatanode listening at http://0.0.0.0:45385
2022-03-07 09:50:51,192 [Listener at 127.0.0.1/40579] WARN  impl.MetricRegistriesImpl (MetricRegistriesImpl.java:addReporterRegistration(111)) - New reporters are added after registries were created. Some metrics will be missing from the reporter. Please add reporter before adding any new registry.
2022-03-07 09:50:51,192 [Listener at 127.0.0.1/40579] WARN  impl.MetricRegistriesImpl (MetricRegistriesImpl.java:addReporterRegistration(111)) - New reporters are added after registries were created. Some metrics will be missing from the reporter. Please add reporter before adding any new registry.
2022-03-07 09:50:51,192 [Listener at 127.0.0.1/40579] INFO  impl.MetricsSystemImpl (MetricsSystemImpl.java:init(158)) - HddsDatanode metrics system started (again)
2022-03-07 09:50:51,206 [Datanode State Machine Daemon Thread] INFO  statemachine.DatanodeStateMachine (DatanodeStateMachine.java:lambda$startDaemon$0(470)) - Ozone container server started.
2022-03-07 09:50:51,232 [Listener at 127.0.0.1/40579] INFO  ozone.HddsDatanodeService (HddsDatanodeService.java:start(233)) - HddsDatanodeService host:fv-az291-317.wgnan5asplgejimfprtllbpdch.jx.internal.cloudapp.net ip:10.1.0.49
2022-03-07 09:50:51,252 [org.apache.hadoop.util.JvmPauseMonitor$Monitor@6170caf0] INFO  util.JvmPauseMonitor (JvmPauseMonitor.java:run(188)) - Starting JVM pause monitor
2022-03-07 09:50:51,269 [Listener at 127.0.0.1/40579] INFO  upgrade.AbstractLayoutVersionManager (AbstractLayoutVersionManager.java:init(79)) - Initializing Layout version manager with metadata layout = SCM_HA (version = 2), software layout = SCM_HA (version = 2)
2022-03-07 09:50:51,276 [Datanode State Machine Task Thread - 0] INFO  datanode.InitDatanodeState (InitDatanodeState.java:persistContainerDatanodeDetails(138)) - DatanodeDetails is persisted to /home/runner/work/ozone/ozone/hadoop-ozone/integration-test/target/test-dir/MiniOzoneClusterImpl-4c099742-f0a8-499d-a606-d482764d36d7/datanode-4/meta/datanode.id
2022-03-07 09:50:51,339 [Listener at 127.0.0.1/40579] INFO  reflections.Reflections (Reflections.java:scan(232)) - Reflections took 66 ms to scan 7 urls, producing 122 keys and 286 values 
2022-03-07 09:50:51,340 [Listener at 127.0.0.1/40579] INFO  statemachine.DatanodeStateMachine (DatanodeStateMachine.java:getEndPointTaskThreadPoolSize(222)) - Datanode State Machine Task Thread Pool size 2
2022-03-07 09:50:51,341 [Listener at 127.0.0.1/40579] INFO  volume.HddsVolume (HddsVolume.java:<init>(120)) - Creating HddsVolume: /home/runner/work/ozone/ozone/hadoop-ozone/integration-test/target/test-dir/MiniOzoneClusterImpl-4c099742-f0a8-499d-a606-d482764d36d7/datanode-5/data-0/containers/hdds of storage type : DISK capacity : 9223372036854775807
2022-03-07 09:50:51,341 [Listener at 127.0.0.1/40579] INFO  volume.MutableVolumeSet (MutableVolumeSet.java:initializeVolumeSet(168)) - Added Volume : /home/runner/work/ozone/ozone/hadoop-ozone/integration-test/target/test-dir/MiniOzoneClusterImpl-4c099742-f0a8-499d-a606-d482764d36d7/datanode-5/data-0/containers/hdds to VolumeSet
2022-03-07 09:50:51,342 [Listener at 127.0.0.1/40579] INFO  volume.ThrottledAsyncChecker (ThrottledAsyncChecker.java:schedule(141)) - Scheduling a check for /home/runner/work/ozone/ozone/hadoop-ozone/integration-test/target/test-dir/MiniOzoneClusterImpl-4c099742-f0a8-499d-a606-d482764d36d7/datanode-5/data-0/containers/hdds
2022-03-07 09:50:51,368 [Listener at 127.0.0.1/40579] INFO  volume.StorageVolumeChecker (StorageVolumeChecker.java:checkAllVolumes(202)) - Scheduled health check for volume /home/runner/work/ozone/ozone/hadoop-ozone/integration-test/target/test-dir/MiniOzoneClusterImpl-4c099742-f0a8-499d-a606-d482764d36d7/datanode-5/data-0/containers/hdds
2022-03-07 09:50:51,393 [Listener at 127.0.0.1/40579] INFO  volume.MutableVolumeSet (MutableVolumeSet.java:initializeVolumeSet(168)) - Added Volume : /home/runner/work/ozone/ozone/hadoop-ozone/integration-test/target/test-dir/MiniOzoneClusterImpl-4c099742-f0a8-499d-a606-d482764d36d7/datanode-5/data/ratis to VolumeSet
2022-03-07 09:50:51,409 [Listener at 127.0.0.1/40579] INFO  volume.ThrottledAsyncChecker (ThrottledAsyncChecker.java:schedule(141)) - Scheduling a check for /home/runner/work/ozone/ozone/hadoop-ozone/integration-test/target/test-dir/MiniOzoneClusterImpl-4c099742-f0a8-499d-a606-d482764d36d7/datanode-5/data/ratis
2022-03-07 09:50:51,409 [Listener at 127.0.0.1/40579] INFO  volume.StorageVolumeChecker (StorageVolumeChecker.java:checkAllVolumes(202)) - Scheduled health check for volume /home/runner/work/ozone/ozone/hadoop-ozone/integration-test/target/test-dir/MiniOzoneClusterImpl-4c099742-f0a8-499d-a606-d482764d36d7/datanode-5/data/ratis
2022-03-07 09:50:51,450 [Thread-1648] INFO  ozoneimpl.ContainerReader (ContainerReader.java:readVolume(172)) - Finish verifying containers on volume /home/runner/work/ozone/ozone/hadoop-ozone/integration-test/target/test-dir/MiniOzoneClusterImpl-4c099742-f0a8-499d-a606-d482764d36d7/datanode-5/data-0/containers/hdds
2022-03-07 09:50:51,450 [Listener at 127.0.0.1/40579] INFO  ozoneimpl.OzoneContainer (OzoneContainer.java:buildContainerSet(257)) - Build ContainerSet costs 0s
2022-03-07 09:50:51,452 [Listener at 127.0.0.1/40579] INFO  server.RaftServer (ConfUtils.java:logGet(44)) - raft.rpc.type = GRPC (default)
2022-03-07 09:50:51,452 [Listener at 127.0.0.1/40579] INFO  grpc.GrpcFactory (GrpcFactory.java:checkPooledByteBufAllocatorUseCacheForAllThreads(48)) - PERFORMANCE WARNING: useCacheForAllThreads is true that may cause Netty to create a lot garbage objects and, as a result, trigger GC.
	It is recommended to disable useCacheForAllThreads by setting -Dorg.apache.ratis.thirdparty.io.netty.allocator.useCacheForAllThreads=false in command line.
2022-03-07 09:50:51,452 [Listener at 127.0.0.1/40579] INFO  grpc.GrpcConfigKeys (ConfUtils.java:logGet(44)) - raft.grpc.admin.port = 0 (custom)
2022-03-07 09:50:51,452 [Listener at 127.0.0.1/40579] INFO  grpc.GrpcConfigKeys (ConfUtils.java:logGet(44)) - raft.grpc.client.port = 0 (custom)
2022-03-07 09:50:51,452 [Listener at 127.0.0.1/40579] INFO  grpc.GrpcConfigKeys (ConfUtils.java:logGet(44)) - raft.grpc.server.port = 0 (default)
2022-03-07 09:50:51,452 [Listener at 127.0.0.1/40579] INFO  server.GrpcService (ConfUtils.java:logGet(44)) - raft.grpc.message.size.max = 32MB (=33554432) (custom)
2022-03-07 09:50:51,452 [Listener at 127.0.0.1/40579] INFO  server.RaftServerConfigKeys (ConfUtils.java:logGet(44)) - raft.server.log.appender.buffer.byte-limit = 33554432 (custom)
2022-03-07 09:50:51,452 [Listener at 127.0.0.1/40579] INFO  server.GrpcService (ConfUtils.java:logGet(44)) - raft.grpc.flow.control.window = 5MB (=5242880) (custom)
2022-03-07 09:50:51,453 [Listener at 127.0.0.1/40579] INFO  server.RaftServerConfigKeys (ConfUtils.java:logGet(44)) - raft.server.rpc.request.timeout = 3000ms (default)
2022-03-07 09:50:51,454 [Listener at 127.0.0.1/40579] INFO  impl.DataStreamServerImpl (ConfUtils.java:logGet(44)) - raft.datastream.type = DISABLED (default)
2022-03-07 09:50:51,454 [Listener at 127.0.0.1/40579] INFO  server.RaftServerConfigKeys (ConfUtils.java:logGet(44)) - raft.server.rpc.slowness.timeout = 300000ms (custom)
2022-03-07 09:50:51,454 [Listener at 127.0.0.1/40579] INFO  server.RaftServerConfigKeys (ConfUtils.java:logGet(44)) - raft.server.leaderelection.leader.step-down.wait-time = 10s (default)
2022-03-07 09:50:51,454 [Listener at 127.0.0.1/40579] INFO  server.RaftServerConfigKeys (ConfUtils.java:logGet(44)) - raft.server.storage.dir = [/home/runner/work/ozone/ozone/hadoop-ozone/integration-test/target/test-dir/MiniOzoneClusterImpl-4c099742-f0a8-499d-a606-d482764d36d7/datanode-5/data/ratis] (custom)
2022-03-07 09:50:51,455 [Listener at 127.0.0.1/40579] INFO  server.XceiverServerGrpc (XceiverServerGrpc.java:<init>(132)) - GrpcServer channel type EpollServerSocketChannel
2022-03-07 09:50:51,485 [EndpointStateMachine task thread for /0.0.0.0:38787 - 0 ] INFO  ozoneimpl.OzoneContainer (OzoneContainer.java:start(335)) - Attempting to start container services.
2022-03-07 09:50:51,485 [EndpointStateMachine task thread for /0.0.0.0:38787 - 0 ] INFO  ozoneimpl.OzoneContainer (OzoneContainer.java:startContainerScrub(270)) - Background container scanner has been disabled.
2022-03-07 09:50:51,486 [EndpointStateMachine task thread for /0.0.0.0:38787 - 0 ] INFO  replication.ReplicationServer (ReplicationServer.java:start(111)) - ReplicationServer is started using port 38547
2022-03-07 09:50:51,500 [Listener at 127.0.0.1/40579] INFO  http.BaseHttpServer (BaseHttpServer.java:newHttpServer2BuilderForOzone(209)) - Starting Web-server for hddsDatanode at: http://0.0.0.0:0
2022-03-07 09:50:51,501 [Listener at 127.0.0.1/40579] INFO  http.BaseHttpServer (BaseHttpServer.java:<init>(107)) - Hadoop Security Enabled: false Ozone Security Enabled: false Ozone HTTP Security Enabled: false 
2022-03-07 09:50:51,502 [Listener at 127.0.0.1/40579] INFO  server.AuthenticationFilter (AuthenticationFilter.java:constructSecretProvider(240)) - Unable to initialize FileSignerSecretProvider, falling back to use random secrets.
2022-03-07 09:50:51,510 [EndpointStateMachine task thread for /0.0.0.0:38787 - 0 ] INFO  ratis.XceiverServerRatis (XceiverServerRatis.java:start(485)) - Starting XceiverServerRatis 728f99e8-418e-4b00-b2e8-36f688b477dd
2022-03-07 09:50:51,540 [Listener at 127.0.0.1/40579] WARN  http.HttpRequestLog (HttpRequestLog.java:getRequestLog(103)) - Jetty request log can only be enabled using Log4j
2022-03-07 09:50:51,541 [Listener at 127.0.0.1/40579] INFO  http.HttpServer2 (HttpServer2.java:addGlobalFilter(1030)) - Added global filter 'safety' (class=org.apache.hadoop.hdds.server.http.HttpServer2$QuotingInputFilter)
2022-03-07 09:50:51,541 [Listener at 127.0.0.1/40579] INFO  http.HttpServer2 (HttpServer2.java:addFilter(1006)) - Added filter static_user_filter (class=org.apache.hadoop.http.lib.StaticUserWebFilter$StaticUserFilter) to context hddsDatanode
2022-03-07 09:50:51,541 [Listener at 127.0.0.1/40579] INFO  http.HttpServer2 (HttpServer2.java:addFilter(1014)) - Added filter static_user_filter (class=org.apache.hadoop.http.lib.StaticUserWebFilter$StaticUserFilter) to context static
2022-03-07 09:50:51,541 [Listener at 127.0.0.1/40579] INFO  http.HttpServer2 (HttpServer2.java:addFilter(1014)) - Added filter static_user_filter (class=org.apache.hadoop.http.lib.StaticUserWebFilter$StaticUserFilter) to context logs
2022-03-07 09:50:51,542 [Listener at 127.0.0.1/40579] INFO  http.HttpServer2 (HttpServer2.java:bindListener(1249)) - Jetty bound to port 35695
2022-03-07 09:50:51,542 [Listener at 127.0.0.1/40579] INFO  server.Server (Server.java:doStart(375)) - jetty-9.4.43.v20210629; built: 2021-06-30T11:07:22.254Z; git: 526006ecfa3af7f1a27ef3a288e2bef7ea9dd7e8; jvm 1.8.0_322-b06
2022-03-07 09:50:51,596 [Listener at 127.0.0.1/40579] INFO  server.session (DefaultSessionIdManager.java:doStart(334)) - DefaultSessionIdManager workerName=node0
2022-03-07 09:50:51,597 [Listener at 127.0.0.1/40579] INFO  server.session (DefaultSessionIdManager.java:doStart(339)) - No SessionScavenger set, using defaults
2022-03-07 09:50:51,597 [Listener at 127.0.0.1/40579] INFO  server.session (HouseKeeper.java:startScavenging(132)) - node0 Scavenging every 600000ms
2022-03-07 09:50:51,598 [Listener at 127.0.0.1/40579] INFO  handler.ContextHandler (ContextHandler.java:doStart(915)) - Started o.e.j.s.ServletContextHandler@66682673{logs,/logs,file:///home/runner/work/ozone/ozone/hadoop-ozone/integration-test/target/log,AVAILABLE}
2022-03-07 09:50:51,598 [Listener at 127.0.0.1/40579] INFO  handler.ContextHandler (ContextHandler.java:doStart(915)) - Started o.e.j.s.ServletContextHandler@59ff672c{static,/static,jar:file:/home/runner/.m2/repository/org/apache/ozone/hdds-container-service/1.3.0-SNAPSHOT/hdds-container-service-1.3.0-SNAPSHOT.jar!/webapps/static,AVAILABLE}
2022-03-07 09:50:51,613 [EndpointStateMachine task thread for /0.0.0.0:38787 - 0 ] INFO  server.RaftServer (RaftServerProxy.java:lambda$start$5(374)) - 728f99e8-418e-4b00-b2e8-36f688b477dd: start RPC server
2022-03-07 09:50:51,614 [EndpointStateMachine task thread for /0.0.0.0:38787 - 0 ] INFO  server.GrpcService (GrpcService.java:startImpl(253)) - 728f99e8-418e-4b00-b2e8-36f688b477dd: GrpcService started, listening on 44013
2022-03-07 09:50:51,627 [EndpointStateMachine task thread for /0.0.0.0:38787 - 0 ] INFO  ratis.XceiverServerRatis (XceiverServerRatis.java:getRealPort(506)) - XceiverServerRatis 728f99e8-418e-4b00-b2e8-36f688b477dd is started using port 44013 for RATIS
2022-03-07 09:50:51,627 [EndpointStateMachine task thread for /0.0.0.0:38787 - 0 ] INFO  ratis.XceiverServerRatis (XceiverServerRatis.java:getRealPort(506)) - XceiverServerRatis 728f99e8-418e-4b00-b2e8-36f688b477dd is started using port 44013 for RATIS_ADMIN
2022-03-07 09:50:51,627 [EndpointStateMachine task thread for /0.0.0.0:38787 - 0 ] INFO  ratis.XceiverServerRatis (XceiverServerRatis.java:getRealPort(506)) - XceiverServerRatis 728f99e8-418e-4b00-b2e8-36f688b477dd is started using port 44013 for RATIS_SERVER
2022-03-07 09:50:51,628 [org.apache.ratis.util.JvmPauseMonitor$$Lambda$431/73409498@7de3df95] INFO  util.JvmPauseMonitor (JvmPauseMonitor.java:run(103)) - JvmPauseMonitor-728f99e8-418e-4b00-b2e8-36f688b477dd: Started
2022-03-07 09:50:51,639 [EndpointStateMachine task thread for /0.0.0.0:38787 - 0 ] INFO  server.XceiverServerGrpc (XceiverServerGrpc.java:start(180)) - XceiverServerGrpc 728f99e8-418e-4b00-b2e8-36f688b477dd is started using port 41573
2022-03-07 09:50:51,697 [Listener at 127.0.0.1/40579] INFO  handler.ContextHandler (ContextHandler.java:doStart(915)) - Started o.e.j.w.WebAppContext@3141c6b3{hddsDatanode,/,file:///tmp/jetty-0_0_0_0-35695-hdds-container-service-1_3_0-SNAPSHOT_jar-_-any-5689110498225980351/webapp/,AVAILABLE}{jar:file:/home/runner/.m2/repository/org/apache/ozone/hdds-container-service/1.3.0-SNAPSHOT/hdds-container-service-1.3.0-SNAPSHOT.jar!/webapps/hddsDatanode}
2022-03-07 09:50:51,700 [Listener at 127.0.0.1/40579] INFO  server.AbstractConnector (AbstractConnector.java:doStart(331)) - Started ServerConnector@3ce9764d{HTTP/1.1, (http/1.1)}{0.0.0.0:35695}
2022-03-07 09:50:51,701 [Listener at 127.0.0.1/40579] INFO  server.Server (Server.java:doStart(415)) - Started @218096ms
2022-03-07 09:50:51,701 [Listener at 127.0.0.1/40579] WARN  impl.MetricsSystemImpl (MetricsSystemImpl.java:register(279)) - Sink prometheus already exists!
2022-03-07 09:50:51,701 [Listener at 127.0.0.1/40579] INFO  http.BaseHttpServer (BaseHttpServer.java:updateConnectorAddress(329)) - HTTP server of hddsDatanode listening at http://0.0.0.0:35695
2022-03-07 09:50:51,708 [Listener at 127.0.0.1/40579] WARN  impl.MetricRegistriesImpl (MetricRegistriesImpl.java:addReporterRegistration(111)) - New reporters are added after registries were created. Some metrics will be missing from the reporter. Please add reporter before adding any new registry.
2022-03-07 09:50:51,708 [Listener at 127.0.0.1/40579] WARN  impl.MetricRegistriesImpl (MetricRegistriesImpl.java:addReporterRegistration(111)) - New reporters are added after registries were created. Some metrics will be missing from the reporter. Please add reporter before adding any new registry.
2022-03-07 09:50:51,708 [Listener at 127.0.0.1/40579] INFO  impl.MetricsSystemImpl (MetricsSystemImpl.java:init(158)) - HddsDatanode metrics system started (again)
2022-03-07 09:50:51,716 [Datanode State Machine Daemon Thread] INFO  statemachine.DatanodeStateMachine (DatanodeStateMachine.java:lambda$startDaemon$0(470)) - Ozone container server started.
2022-03-07 09:50:51,747 [Listener at 127.0.0.1/40579] INFO  ozone.HddsDatanodeService (HddsDatanodeService.java:start(233)) - HddsDatanodeService host:fv-az291-317.wgnan5asplgejimfprtllbpdch.jx.internal.cloudapp.net ip:10.1.0.49
2022-03-07 09:50:51,761 [org.apache.hadoop.util.JvmPauseMonitor$Monitor@32388505] INFO  util.JvmPauseMonitor (JvmPauseMonitor.java:run(188)) - Starting JVM pause monitor
2022-03-07 09:50:51,774 [Datanode State Machine Task Thread - 0] INFO  datanode.InitDatanodeState (InitDatanodeState.java:persistContainerDatanodeDetails(138)) - DatanodeDetails is persisted to /home/runner/work/ozone/ozone/hadoop-ozone/integration-test/target/test-dir/MiniOzoneClusterImpl-4c099742-f0a8-499d-a606-d482764d36d7/datanode-5/meta/datanode.id
2022-03-07 09:50:51,808 [Listener at 127.0.0.1/40579] INFO  upgrade.AbstractLayoutVersionManager (AbstractLayoutVersionManager.java:init(79)) - Initializing Layout version manager with metadata layout = SCM_HA (version = 2), software layout = SCM_HA (version = 2)
2022-03-07 09:50:51,848 [EndpointStateMachine task thread for /0.0.0.0:38787 - 0 ] INFO  ozoneimpl.OzoneContainer (OzoneContainer.java:start(335)) - Attempting to start container services.
2022-03-07 09:50:51,848 [EndpointStateMachine task thread for /0.0.0.0:38787 - 0 ] INFO  ozoneimpl.OzoneContainer (OzoneContainer.java:startContainerScrub(270)) - Background container scanner has been disabled.
2022-03-07 09:50:51,849 [EndpointStateMachine task thread for /0.0.0.0:38787 - 0 ] INFO  replication.ReplicationServer (ReplicationServer.java:start(111)) - ReplicationServer is started using port 32797
2022-03-07 09:50:51,910 [EndpointStateMachine task thread for /0.0.0.0:38787 - 0 ] INFO  ratis.XceiverServerRatis (XceiverServerRatis.java:start(485)) - Starting XceiverServerRatis 616d314c-ba0d-49c9-8f1d-797448dad8fd
2022-03-07 09:50:51,917 [EndpointStateMachine task thread for /0.0.0.0:38787 - 0 ] INFO  server.RaftServer (RaftServerProxy.java:lambda$start$5(374)) - 616d314c-ba0d-49c9-8f1d-797448dad8fd: start RPC server
2022-03-07 09:50:51,921 [EndpointStateMachine task thread for /0.0.0.0:38787 - 0 ] INFO  server.GrpcService (GrpcService.java:startImpl(253)) - 616d314c-ba0d-49c9-8f1d-797448dad8fd: GrpcService started, listening on 39129
2022-03-07 09:50:51,926 [EndpointStateMachine task thread for /0.0.0.0:38787 - 0 ] INFO  ratis.XceiverServerRatis (XceiverServerRatis.java:getRealPort(506)) - XceiverServerRatis 616d314c-ba0d-49c9-8f1d-797448dad8fd is started using port 39129 for RATIS
2022-03-07 09:50:51,926 [EndpointStateMachine task thread for /0.0.0.0:38787 - 0 ] INFO  ratis.XceiverServerRatis (XceiverServerRatis.java:getRealPort(506)) - XceiverServerRatis 616d314c-ba0d-49c9-8f1d-797448dad8fd is started using port 39129 for RATIS_ADMIN
2022-03-07 09:50:51,926 [EndpointStateMachine task thread for /0.0.0.0:38787 - 0 ] INFO  ratis.XceiverServerRatis (XceiverServerRatis.java:getRealPort(506)) - XceiverServerRatis 616d314c-ba0d-49c9-8f1d-797448dad8fd is started using port 39129 for RATIS_SERVER
2022-03-07 09:50:51,926 [org.apache.ratis.util.JvmPauseMonitor$$Lambda$431/73409498@15e4666f] INFO  util.JvmPauseMonitor (JvmPauseMonitor.java:run(103)) - JvmPauseMonitor-616d314c-ba0d-49c9-8f1d-797448dad8fd: Started
2022-03-07 09:50:51,974 [EndpointStateMachine task thread for /0.0.0.0:38787 - 0 ] INFO  server.XceiverServerGrpc (XceiverServerGrpc.java:start(180)) - XceiverServerGrpc 616d314c-ba0d-49c9-8f1d-797448dad8fd is started using port 37787
2022-03-07 09:50:52,024 [Listener at 127.0.0.1/40579] INFO  reflections.Reflections (Reflections.java:scan(232)) - Reflections took 209 ms to scan 7 urls, producing 122 keys and 286 values 
2022-03-07 09:50:52,025 [Listener at 127.0.0.1/40579] INFO  statemachine.DatanodeStateMachine (DatanodeStateMachine.java:getEndPointTaskThreadPoolSize(222)) - Datanode State Machine Task Thread Pool size 2
2022-03-07 09:50:52,040 [Listener at 127.0.0.1/40579] INFO  volume.HddsVolume (HddsVolume.java:<init>(120)) - Creating HddsVolume: /home/runner/work/ozone/ozone/hadoop-ozone/integration-test/target/test-dir/MiniOzoneClusterImpl-4c099742-f0a8-499d-a606-d482764d36d7/datanode-6/data-0/containers/hdds of storage type : DISK capacity : 9223372036854775807
2022-03-07 09:50:52,040 [Listener at 127.0.0.1/40579] INFO  volume.MutableVolumeSet (MutableVolumeSet.java:initializeVolumeSet(168)) - Added Volume : /home/runner/work/ozone/ozone/hadoop-ozone/integration-test/target/test-dir/MiniOzoneClusterImpl-4c099742-f0a8-499d-a606-d482764d36d7/datanode-6/data-0/containers/hdds to VolumeSet
2022-03-07 09:50:52,040 [Listener at 127.0.0.1/40579] INFO  volume.ThrottledAsyncChecker (ThrottledAsyncChecker.java:schedule(141)) - Scheduling a check for /home/runner/work/ozone/ozone/hadoop-ozone/integration-test/target/test-dir/MiniOzoneClusterImpl-4c099742-f0a8-499d-a606-d482764d36d7/datanode-6/data-0/containers/hdds
2022-03-07 09:50:52,066 [Listener at 127.0.0.1/40579] INFO  volume.StorageVolumeChecker (StorageVolumeChecker.java:checkAllVolumes(202)) - Scheduled health check for volume /home/runner/work/ozone/ozone/hadoop-ozone/integration-test/target/test-dir/MiniOzoneClusterImpl-4c099742-f0a8-499d-a606-d482764d36d7/datanode-6/data-0/containers/hdds
2022-03-07 09:50:52,106 [Listener at 127.0.0.1/40579] INFO  volume.MutableVolumeSet (MutableVolumeSet.java:initializeVolumeSet(168)) - Added Volume : /home/runner/work/ozone/ozone/hadoop-ozone/integration-test/target/test-dir/MiniOzoneClusterImpl-4c099742-f0a8-499d-a606-d482764d36d7/datanode-6/data/ratis to VolumeSet
2022-03-07 09:50:52,106 [Listener at 127.0.0.1/40579] INFO  volume.ThrottledAsyncChecker (ThrottledAsyncChecker.java:schedule(141)) - Scheduling a check for /home/runner/work/ozone/ozone/hadoop-ozone/integration-test/target/test-dir/MiniOzoneClusterImpl-4c099742-f0a8-499d-a606-d482764d36d7/datanode-6/data/ratis
2022-03-07 09:50:52,107 [Listener at 127.0.0.1/40579] INFO  volume.StorageVolumeChecker (StorageVolumeChecker.java:checkAllVolumes(202)) - Scheduled health check for volume /home/runner/work/ozone/ozone/hadoop-ozone/integration-test/target/test-dir/MiniOzoneClusterImpl-4c099742-f0a8-499d-a606-d482764d36d7/datanode-6/data/ratis
2022-03-07 09:50:52,166 [Thread-1666] INFO  ozoneimpl.ContainerReader (ContainerReader.java:readVolume(172)) - Finish verifying containers on volume /home/runner/work/ozone/ozone/hadoop-ozone/integration-test/target/test-dir/MiniOzoneClusterImpl-4c099742-f0a8-499d-a606-d482764d36d7/datanode-6/data-0/containers/hdds
2022-03-07 09:50:52,166 [Listener at 127.0.0.1/40579] INFO  ozoneimpl.OzoneContainer (OzoneContainer.java:buildContainerSet(257)) - Build ContainerSet costs 0s
2022-03-07 09:50:52,168 [Listener at 127.0.0.1/40579] INFO  server.RaftServer (ConfUtils.java:logGet(44)) - raft.rpc.type = GRPC (default)
2022-03-07 09:50:52,168 [Listener at 127.0.0.1/40579] INFO  grpc.GrpcFactory (GrpcFactory.java:checkPooledByteBufAllocatorUseCacheForAllThreads(48)) - PERFORMANCE WARNING: useCacheForAllThreads is true that may cause Netty to create a lot garbage objects and, as a result, trigger GC.
	It is recommended to disable useCacheForAllThreads by setting -Dorg.apache.ratis.thirdparty.io.netty.allocator.useCacheForAllThreads=false in command line.
2022-03-07 09:50:52,168 [Listener at 127.0.0.1/40579] INFO  grpc.GrpcConfigKeys (ConfUtils.java:logGet(44)) - raft.grpc.admin.port = 0 (custom)
2022-03-07 09:50:52,168 [Listener at 127.0.0.1/40579] INFO  grpc.GrpcConfigKeys (ConfUtils.java:logGet(44)) - raft.grpc.client.port = 0 (custom)
2022-03-07 09:50:52,168 [Listener at 127.0.0.1/40579] INFO  grpc.GrpcConfigKeys (ConfUtils.java:logGet(44)) - raft.grpc.server.port = 0 (default)
2022-03-07 09:50:52,168 [Listener at 127.0.0.1/40579] INFO  server.GrpcService (ConfUtils.java:logGet(44)) - raft.grpc.message.size.max = 32MB (=33554432) (custom)
2022-03-07 09:50:52,168 [Listener at 127.0.0.1/40579] INFO  server.RaftServerConfigKeys (ConfUtils.java:logGet(44)) - raft.server.log.appender.buffer.byte-limit = 33554432 (custom)
2022-03-07 09:50:52,168 [Listener at 127.0.0.1/40579] INFO  server.GrpcService (ConfUtils.java:logGet(44)) - raft.grpc.flow.control.window = 5MB (=5242880) (custom)
2022-03-07 09:50:52,168 [Listener at 127.0.0.1/40579] INFO  server.RaftServerConfigKeys (ConfUtils.java:logGet(44)) - raft.server.rpc.request.timeout = 3000ms (default)
2022-03-07 09:50:52,169 [Listener at 127.0.0.1/40579] INFO  impl.DataStreamServerImpl (ConfUtils.java:logGet(44)) - raft.datastream.type = DISABLED (default)
2022-03-07 09:50:52,170 [Listener at 127.0.0.1/40579] INFO  server.RaftServerConfigKeys (ConfUtils.java:logGet(44)) - raft.server.rpc.slowness.timeout = 300000ms (custom)
2022-03-07 09:50:52,170 [Listener at 127.0.0.1/40579] INFO  server.RaftServerConfigKeys (ConfUtils.java:logGet(44)) - raft.server.leaderelection.leader.step-down.wait-time = 10s (default)
2022-03-07 09:50:52,170 [Listener at 127.0.0.1/40579] INFO  server.RaftServerConfigKeys (ConfUtils.java:logGet(44)) - raft.server.storage.dir = [/home/runner/work/ozone/ozone/hadoop-ozone/integration-test/target/test-dir/MiniOzoneClusterImpl-4c099742-f0a8-499d-a606-d482764d36d7/datanode-6/data/ratis] (custom)
2022-03-07 09:50:52,171 [Listener at 127.0.0.1/40579] INFO  server.XceiverServerGrpc (XceiverServerGrpc.java:<init>(132)) - GrpcServer channel type EpollServerSocketChannel
2022-03-07 09:50:52,173 [Listener at 127.0.0.1/40579] INFO  http.BaseHttpServer (BaseHttpServer.java:newHttpServer2BuilderForOzone(209)) - Starting Web-server for hddsDatanode at: http://0.0.0.0:0
2022-03-07 09:50:52,173 [Listener at 127.0.0.1/40579] INFO  http.BaseHttpServer (BaseHttpServer.java:<init>(107)) - Hadoop Security Enabled: false Ozone Security Enabled: false Ozone HTTP Security Enabled: false 
2022-03-07 09:50:52,174 [Listener at 127.0.0.1/40579] INFO  server.AuthenticationFilter (AuthenticationFilter.java:constructSecretProvider(240)) - Unable to initialize FileSignerSecretProvider, falling back to use random secrets.
2022-03-07 09:50:52,174 [Listener at 127.0.0.1/40579] WARN  http.HttpRequestLog (HttpRequestLog.java:getRequestLog(103)) - Jetty request log can only be enabled using Log4j
2022-03-07 09:50:52,175 [Listener at 127.0.0.1/40579] INFO  http.HttpServer2 (HttpServer2.java:addGlobalFilter(1030)) - Added global filter 'safety' (class=org.apache.hadoop.hdds.server.http.HttpServer2$QuotingInputFilter)
2022-03-07 09:50:52,175 [Listener at 127.0.0.1/40579] INFO  http.HttpServer2 (HttpServer2.java:addFilter(1006)) - Added filter static_user_filter (class=org.apache.hadoop.http.lib.StaticUserWebFilter$StaticUserFilter) to context hddsDatanode
2022-03-07 09:50:52,175 [Listener at 127.0.0.1/40579] INFO  http.HttpServer2 (HttpServer2.java:addFilter(1014)) - Added filter static_user_filter (class=org.apache.hadoop.http.lib.StaticUserWebFilter$StaticUserFilter) to context static
2022-03-07 09:50:52,175 [Listener at 127.0.0.1/40579] INFO  http.HttpServer2 (HttpServer2.java:addFilter(1014)) - Added filter static_user_filter (class=org.apache.hadoop.http.lib.StaticUserWebFilter$StaticUserFilter) to context logs
2022-03-07 09:50:52,175 [Listener at 127.0.0.1/40579] INFO  http.HttpServer2 (HttpServer2.java:bindListener(1249)) - Jetty bound to port 34885
2022-03-07 09:50:52,176 [Listener at 127.0.0.1/40579] INFO  server.Server (Server.java:doStart(375)) - jetty-9.4.43.v20210629; built: 2021-06-30T11:07:22.254Z; git: 526006ecfa3af7f1a27ef3a288e2bef7ea9dd7e8; jvm 1.8.0_322-b06
2022-03-07 09:50:52,235 [Listener at 127.0.0.1/40579] INFO  server.session (DefaultSessionIdManager.java:doStart(334)) - DefaultSessionIdManager workerName=node0
2022-03-07 09:50:52,235 [Listener at 127.0.0.1/40579] INFO  server.session (DefaultSessionIdManager.java:doStart(339)) - No SessionScavenger set, using defaults
2022-03-07 09:50:52,235 [Listener at 127.0.0.1/40579] INFO  server.session (HouseKeeper.java:startScavenging(132)) - node0 Scavenging every 600000ms
2022-03-07 09:50:52,246 [Listener at 127.0.0.1/40579] INFO  handler.ContextHandler (ContextHandler.java:doStart(915)) - Started o.e.j.s.ServletContextHandler@3c8bf866{logs,/logs,file:///home/runner/work/ozone/ozone/hadoop-ozone/integration-test/target/log,AVAILABLE}
2022-03-07 09:50:52,246 [Listener at 127.0.0.1/40579] INFO  handler.ContextHandler (ContextHandler.java:doStart(915)) - Started o.e.j.s.ServletContextHandler@10b27a53{static,/static,jar:file:/home/runner/.m2/repository/org/apache/ozone/hdds-container-service/1.3.0-SNAPSHOT/hdds-container-service-1.3.0-SNAPSHOT.jar!/webapps/static,AVAILABLE}
2022-03-07 09:50:52,341 [EndpointStateMachine task thread for /0.0.0.0:38787 - 0 ] INFO  ozoneimpl.OzoneContainer (OzoneContainer.java:start(335)) - Attempting to start container services.
2022-03-07 09:50:52,342 [EndpointStateMachine task thread for /0.0.0.0:38787 - 0 ] INFO  ozoneimpl.OzoneContainer (OzoneContainer.java:startContainerScrub(270)) - Background container scanner has been disabled.
2022-03-07 09:50:52,342 [EndpointStateMachine task thread for /0.0.0.0:38787 - 0 ] INFO  replication.ReplicationServer (ReplicationServer.java:start(111)) - ReplicationServer is started using port 46825
2022-03-07 09:50:52,345 [EndpointStateMachine task thread for /0.0.0.0:38787 - 0 ] INFO  ratis.XceiverServerRatis (XceiverServerRatis.java:start(485)) - Starting XceiverServerRatis cd9cff4b-1bd9-497e-976c-8eec10b9db64
2022-03-07 09:50:52,364 [EndpointStateMachine task thread for /0.0.0.0:38787 - 0 ] INFO  server.RaftServer (RaftServerProxy.java:lambda$start$5(374)) - cd9cff4b-1bd9-497e-976c-8eec10b9db64: start RPC server
2022-03-07 09:50:52,370 [Listener at 127.0.0.1/40579] INFO  handler.ContextHandler (ContextHandler.java:doStart(915)) - Started o.e.j.w.WebAppContext@1ea08117{hddsDatanode,/,file:///tmp/jetty-0_0_0_0-34885-hdds-container-service-1_3_0-SNAPSHOT_jar-_-any-1351881310253641203/webapp/,AVAILABLE}{jar:file:/home/runner/.m2/repository/org/apache/ozone/hdds-container-service/1.3.0-SNAPSHOT/hdds-container-service-1.3.0-SNAPSHOT.jar!/webapps/hddsDatanode}
2022-03-07 09:50:52,375 [Listener at 127.0.0.1/40579] INFO  server.AbstractConnector (AbstractConnector.java:doStart(331)) - Started ServerConnector@4afd4f20{HTTP/1.1, (http/1.1)}{0.0.0.0:34885}
2022-03-07 09:50:52,376 [Listener at 127.0.0.1/40579] INFO  server.Server (Server.java:doStart(415)) - Started @218771ms
2022-03-07 09:50:52,376 [Listener at 127.0.0.1/40579] WARN  impl.MetricsSystemImpl (MetricsSystemImpl.java:register(279)) - Sink prometheus already exists!
2022-03-07 09:50:52,376 [Listener at 127.0.0.1/40579] INFO  http.BaseHttpServer (BaseHttpServer.java:updateConnectorAddress(329)) - HTTP server of hddsDatanode listening at http://0.0.0.0:34885
2022-03-07 09:50:52,400 [Listener at 127.0.0.1/40579] INFO  ozone.MiniOzoneClusterImpl (MiniOzoneClusterImpl.java:lambda$waitForClusterToBeReady$0(219)) - Waiting for nodes to be ready. Got 0 of 7 DN Heartbeats.
2022-03-07 09:50:52,400 [Listener at 127.0.0.1/40579] INFO  ozone.MiniOzoneClusterImpl (MiniOzoneClusterImpl.java:lambda$waitForClusterToBeReady$0(222)) - Waiting for cluster to exit safe mode
2022-03-07 09:50:52,400 [Listener at 127.0.0.1/40579] INFO  ozone.MiniOzoneClusterImpl (MiniOzoneClusterImpl.java:lambda$waitForClusterToBeReady$0(224)) - SCM became leader
2022-03-07 09:50:52,412 [EndpointStateMachine task thread for /0.0.0.0:38787 - 0 ] INFO  server.GrpcService (GrpcService.java:startImpl(253)) - cd9cff4b-1bd9-497e-976c-8eec10b9db64: GrpcService started, listening on 42923
2022-03-07 09:50:52,420 [EndpointStateMachine task thread for /0.0.0.0:38787 - 0 ] INFO  ratis.XceiverServerRatis (XceiverServerRatis.java:getRealPort(506)) - XceiverServerRatis cd9cff4b-1bd9-497e-976c-8eec10b9db64 is started using port 42923 for RATIS
2022-03-07 09:50:52,420 [Datanode State Machine Daemon Thread] INFO  statemachine.DatanodeStateMachine (DatanodeStateMachine.java:lambda$startDaemon$0(470)) - Ozone container server started.
2022-03-07 09:50:52,420 [EndpointStateMachine task thread for /0.0.0.0:38787 - 0 ] INFO  ratis.XceiverServerRatis (XceiverServerRatis.java:getRealPort(506)) - XceiverServerRatis cd9cff4b-1bd9-497e-976c-8eec10b9db64 is started using port 42923 for RATIS_ADMIN
2022-03-07 09:50:52,420 [EndpointStateMachine task thread for /0.0.0.0:38787 - 0 ] INFO  ratis.XceiverServerRatis (XceiverServerRatis.java:getRealPort(506)) - XceiverServerRatis cd9cff4b-1bd9-497e-976c-8eec10b9db64 is started using port 42923 for RATIS_SERVER
2022-03-07 09:50:52,427 [org.apache.ratis.util.JvmPauseMonitor$$Lambda$431/73409498@38f90987] INFO  util.JvmPauseMonitor (JvmPauseMonitor.java:run(103)) - JvmPauseMonitor-cd9cff4b-1bd9-497e-976c-8eec10b9db64: Started
2022-03-07 09:50:52,471 [EndpointStateMachine task thread for /0.0.0.0:38787 - 0 ] INFO  server.XceiverServerGrpc (XceiverServerGrpc.java:start(180)) - XceiverServerGrpc cd9cff4b-1bd9-497e-976c-8eec10b9db64 is started using port 43941
2022-03-07 09:50:52,572 [org.apache.hadoop.util.JvmPauseMonitor$Monitor@380261d2] INFO  util.JvmPauseMonitor (JvmPauseMonitor.java:run(188)) - Starting JVM pause monitor
2022-03-07 09:50:52,593 [Datanode State Machine Task Thread - 0] INFO  datanode.InitDatanodeState (InitDatanodeState.java:persistContainerDatanodeDetails(138)) - DatanodeDetails is persisted to /home/runner/work/ozone/ozone/hadoop-ozone/integration-test/target/test-dir/MiniOzoneClusterImpl-4c099742-f0a8-499d-a606-d482764d36d7/datanode-6/meta/datanode.id
2022-03-07 09:50:52,800 [EndpointStateMachine task thread for /0.0.0.0:38787 - 0 ] INFO  ozoneimpl.OzoneContainer (OzoneContainer.java:start(335)) - Attempting to start container services.
2022-03-07 09:50:52,801 [EndpointStateMachine task thread for /0.0.0.0:38787 - 0 ] INFO  ozoneimpl.OzoneContainer (OzoneContainer.java:startContainerScrub(270)) - Background container scanner has been disabled.
2022-03-07 09:50:52,812 [EndpointStateMachine task thread for /0.0.0.0:38787 - 0 ] INFO  replication.ReplicationServer (ReplicationServer.java:start(111)) - ReplicationServer is started using port 35909
2022-03-07 09:50:52,817 [EndpointStateMachine task thread for /0.0.0.0:38787 - 0 ] INFO  ratis.XceiverServerRatis (XceiverServerRatis.java:start(485)) - Starting XceiverServerRatis 7fca689d-043b-47bb-bf18-12adf35ba2bc
2022-03-07 09:50:52,846 [EndpointStateMachine task thread for /0.0.0.0:38787 - 0 ] INFO  server.RaftServer (RaftServerProxy.java:lambda$start$5(374)) - 7fca689d-043b-47bb-bf18-12adf35ba2bc: start RPC server
2022-03-07 09:50:52,851 [EndpointStateMachine task thread for /0.0.0.0:38787 - 0 ] INFO  server.GrpcService (GrpcService.java:startImpl(253)) - 7fca689d-043b-47bb-bf18-12adf35ba2bc: GrpcService started, listening on 42461
2022-03-07 09:50:52,851 [EndpointStateMachine task thread for /0.0.0.0:38787 - 0 ] INFO  ratis.XceiverServerRatis (XceiverServerRatis.java:getRealPort(506)) - XceiverServerRatis 7fca689d-043b-47bb-bf18-12adf35ba2bc is started using port 42461 for RATIS
2022-03-07 09:50:52,851 [EndpointStateMachine task thread for /0.0.0.0:38787 - 0 ] INFO  ratis.XceiverServerRatis (XceiverServerRatis.java:getRealPort(506)) - XceiverServerRatis 7fca689d-043b-47bb-bf18-12adf35ba2bc is started using port 42461 for RATIS_ADMIN
2022-03-07 09:50:52,851 [EndpointStateMachine task thread for /0.0.0.0:38787 - 0 ] INFO  ratis.XceiverServerRatis (XceiverServerRatis.java:getRealPort(506)) - XceiverServerRatis 7fca689d-043b-47bb-bf18-12adf35ba2bc is started using port 42461 for RATIS_SERVER
2022-03-07 09:50:52,853 [org.apache.ratis.util.JvmPauseMonitor$$Lambda$431/73409498@50f70062] INFO  util.JvmPauseMonitor (JvmPauseMonitor.java:run(103)) - JvmPauseMonitor-7fca689d-043b-47bb-bf18-12adf35ba2bc: Started
2022-03-07 09:50:52,856 [EndpointStateMachine task thread for /0.0.0.0:38787 - 0 ] INFO  server.XceiverServerGrpc (XceiverServerGrpc.java:start(180)) - XceiverServerGrpc 7fca689d-043b-47bb-bf18-12adf35ba2bc is started using port 44961
2022-03-07 09:50:53,264 [EndpointStateMachine task thread for /0.0.0.0:38787 - 0 ] INFO  ozoneimpl.OzoneContainer (OzoneContainer.java:start(335)) - Attempting to start container services.
2022-03-07 09:50:53,264 [EndpointStateMachine task thread for /0.0.0.0:38787 - 0 ] INFO  ozoneimpl.OzoneContainer (OzoneContainer.java:startContainerScrub(270)) - Background container scanner has been disabled.
2022-03-07 09:50:53,265 [EndpointStateMachine task thread for /0.0.0.0:38787 - 0 ] INFO  replication.ReplicationServer (ReplicationServer.java:start(111)) - ReplicationServer is started using port 42827
2022-03-07 09:50:53,279 [EndpointStateMachine task thread for /0.0.0.0:38787 - 0 ] INFO  ratis.XceiverServerRatis (XceiverServerRatis.java:start(485)) - Starting XceiverServerRatis 84008c31-6636-4a62-b386-f7fb7e7ffddc
2022-03-07 09:50:53,282 [EndpointStateMachine task thread for /0.0.0.0:38787 - 0 ] INFO  server.RaftServer (RaftServerProxy.java:lambda$start$5(374)) - 84008c31-6636-4a62-b386-f7fb7e7ffddc: start RPC server
2022-03-07 09:50:53,282 [EndpointStateMachine task thread for /0.0.0.0:38787 - 0 ] INFO  server.GrpcService (GrpcService.java:startImpl(253)) - 84008c31-6636-4a62-b386-f7fb7e7ffddc: GrpcService started, listening on 44263
2022-03-07 09:50:53,283 [EndpointStateMachine task thread for /0.0.0.0:38787 - 0 ] INFO  ratis.XceiverServerRatis (XceiverServerRatis.java:getRealPort(506)) - XceiverServerRatis 84008c31-6636-4a62-b386-f7fb7e7ffddc is started using port 44263 for RATIS
2022-03-07 09:50:53,283 [EndpointStateMachine task thread for /0.0.0.0:38787 - 0 ] INFO  ratis.XceiverServerRatis (XceiverServerRatis.java:getRealPort(506)) - XceiverServerRatis 84008c31-6636-4a62-b386-f7fb7e7ffddc is started using port 44263 for RATIS_ADMIN
2022-03-07 09:50:53,283 [EndpointStateMachine task thread for /0.0.0.0:38787 - 0 ] INFO  ratis.XceiverServerRatis (XceiverServerRatis.java:getRealPort(506)) - XceiverServerRatis 84008c31-6636-4a62-b386-f7fb7e7ffddc is started using port 44263 for RATIS_SERVER
2022-03-07 09:50:53,283 [org.apache.ratis.util.JvmPauseMonitor$$Lambda$431/73409498@161ef3d5] INFO  util.JvmPauseMonitor (JvmPauseMonitor.java:run(103)) - JvmPauseMonitor-84008c31-6636-4a62-b386-f7fb7e7ffddc: Started
2022-03-07 09:50:53,284 [EndpointStateMachine task thread for /0.0.0.0:38787 - 0 ] INFO  server.XceiverServerGrpc (XceiverServerGrpc.java:start(180)) - XceiverServerGrpc 84008c31-6636-4a62-b386-f7fb7e7ffddc is started using port 33245
2022-03-07 09:50:53,385 [IPC Server handler 1 on default port 38787] INFO  net.NetworkTopologyImpl (NetworkTopologyImpl.java:add(112)) - Added a new node: /default-rack/728f99e8-418e-4b00-b2e8-36f688b477dd
2022-03-07 09:50:53,386 [IPC Server handler 1 on default port 38787] INFO  node.SCMNodeManager (SCMNodeManager.java:register(391)) - Registered Data node : 728f99e8-418e-4b00-b2e8-36f688b477dd{ip: 10.1.0.49, host: fv-az291-317.wgnan5asplgejimfprtllbpdch.jx.internal.cloudapp.net, ports: [REPLICATION=38547, RATIS=44013, RATIS_ADMIN=44013, RATIS_SERVER=44013, STANDALONE=41573], networkLocation: /default-rack, certSerialId: null, persistedOpState: null, persistedOpStateExpiryEpochSec: 0}
2022-03-07 09:50:53,400 [Listener at 127.0.0.1/40579] INFO  ozone.MiniOzoneClusterImpl (MiniOzoneClusterImpl.java:lambda$waitForClusterToBeReady$0(219)) - Waiting for nodes to be ready. Got 1 of 7 DN Heartbeats.
2022-03-07 09:50:53,401 [Listener at 127.0.0.1/40579] INFO  ozone.MiniOzoneClusterImpl (MiniOzoneClusterImpl.java:lambda$waitForClusterToBeReady$0(222)) - Waiting for cluster to exit safe mode
2022-03-07 09:50:53,401 [Listener at 127.0.0.1/40579] INFO  ozone.MiniOzoneClusterImpl (MiniOzoneClusterImpl.java:lambda$waitForClusterToBeReady$0(224)) - SCM became leader
2022-03-07 09:50:53,401 [EventQueue-NewNodeForNewNodeHandler] INFO  pipeline.BackgroundPipelineCreator (BackgroundPipelineCreator.java:notifyEventTriggered(285)) - trigger a one-shot run on RatisPipelineUtilsThread.
2022-03-07 09:50:53,402 [RatisPipelineUtilsThread - 0] INFO  pipeline.RatisPipelineProvider (RatisPipelineProvider.java:lambda$create$0(183)) - Sending CreatePipelineCommand for pipeline:PipelineID=6774cf86-b56c-416d-81c1-296081326884 to datanode:728f99e8-418e-4b00-b2e8-36f688b477dd
2022-03-07 09:50:53,411 [EventQueue-NodeRegistrationContainerReportForDataNodeSafeModeRule] INFO  safemode.SCMSafeModeManager (DataNodeSafeModeRule.java:process(71)) - SCM in safe mode. 1 DataNodes registered, 3 required.
2022-03-07 09:50:53,422 [EventQueue-NodeRegistrationContainerReportForContainerSafeModeRule] INFO  safemode.SCMSafeModeManager (SCMSafeModeManager.java:validateSafeModeExitRules(204)) - ContainerSafeModeRule rule is successfully validated
2022-03-07 09:50:53,442 [EventQueue-PipelineReportForOneReplicaPipelineSafeModeRule] INFO  safemode.SCMSafeModeManager (SCMSafeModeManager.java:validateSafeModeExitRules(204)) - AtleastOneDatanodeReportedRule rule is successfully validated
2022-03-07 09:50:53,487 [9fd2d42e-0817-4c6b-b2b7-8c945e0a68b4@group-D482764D36D7-StateMachineUpdater] INFO  pipeline.PipelineStateManagerImpl (PipelineStateManagerImpl.java:addPipeline(101)) - Created pipeline Pipeline[ Id: 6774cf86-b56c-416d-81c1-296081326884, Nodes: 728f99e8-418e-4b00-b2e8-36f688b477dd{ip: 10.1.0.49, host: fv-az291-317.wgnan5asplgejimfprtllbpdch.jx.internal.cloudapp.net, ports: [REPLICATION=38547, RATIS=44013, RATIS_ADMIN=44013, RATIS_SERVER=44013, STANDALONE=41573], networkLocation: /default-rack, certSerialId: null, persistedOpState: IN_SERVICE, persistedOpStateExpiryEpochSec: 0}, ReplicationConfig: RATIS/ONE, State:ALLOCATED, leaderId:, CreationTimestamp2022-03-07T09:50:53.402Z[Etc/UTC]].
2022-03-07 09:50:53,488 [9fd2d42e-0817-4c6b-b2b7-8c945e0a68b4@group-D482764D36D7-StateMachineUpdater] INFO  safemode.HealthyPipelineSafeModeRule (HealthyPipelineSafeModeRule.java:initializeRule(152)) - Refreshed total pipeline count is 0, healthy pipeline threshold count is 1
2022-03-07 09:50:53,770 [EndpointStateMachine task thread for /0.0.0.0:38787 - 0 ] INFO  ozoneimpl.OzoneContainer (OzoneContainer.java:start(335)) - Attempting to start container services.
2022-03-07 09:50:53,771 [EndpointStateMachine task thread for /0.0.0.0:38787 - 0 ] INFO  ozoneimpl.OzoneContainer (OzoneContainer.java:startContainerScrub(270)) - Background container scanner has been disabled.
2022-03-07 09:50:53,771 [EndpointStateMachine task thread for /0.0.0.0:38787 - 0 ] INFO  replication.ReplicationServer (ReplicationServer.java:start(111)) - ReplicationServer is started using port 46727
2022-03-07 09:50:53,793 [EndpointStateMachine task thread for /0.0.0.0:38787 - 0 ] INFO  ratis.XceiverServerRatis (XceiverServerRatis.java:start(485)) - Starting XceiverServerRatis edf60a86-ae5b-4f71-bc37-25062be06587
2022-03-07 09:50:53,800 [EndpointStateMachine task thread for /0.0.0.0:38787 - 0 ] INFO  server.RaftServer (RaftServerProxy.java:lambda$start$5(374)) - edf60a86-ae5b-4f71-bc37-25062be06587: start RPC server
2022-03-07 09:50:53,810 [EndpointStateMachine task thread for /0.0.0.0:38787 - 0 ] INFO  server.GrpcService (GrpcService.java:startImpl(253)) - edf60a86-ae5b-4f71-bc37-25062be06587: GrpcService started, listening on 38621
2022-03-07 09:50:53,817 [EndpointStateMachine task thread for /0.0.0.0:38787 - 0 ] INFO  ratis.XceiverServerRatis (XceiverServerRatis.java:getRealPort(506)) - XceiverServerRatis edf60a86-ae5b-4f71-bc37-25062be06587 is started using port 38621 for RATIS
2022-03-07 09:50:53,817 [EndpointStateMachine task thread for /0.0.0.0:38787 - 0 ] INFO  ratis.XceiverServerRatis (XceiverServerRatis.java:getRealPort(506)) - XceiverServerRatis edf60a86-ae5b-4f71-bc37-25062be06587 is started using port 38621 for RATIS_ADMIN
2022-03-07 09:50:53,818 [EndpointStateMachine task thread for /0.0.0.0:38787 - 0 ] INFO  ratis.XceiverServerRatis (XceiverServerRatis.java:getRealPort(506)) - XceiverServerRatis edf60a86-ae5b-4f71-bc37-25062be06587 is started using port 38621 for RATIS_SERVER
2022-03-07 09:50:53,818 [org.apache.ratis.util.JvmPauseMonitor$$Lambda$431/73409498@4743a573] INFO  util.JvmPauseMonitor (JvmPauseMonitor.java:run(103)) - JvmPauseMonitor-edf60a86-ae5b-4f71-bc37-25062be06587: Started
2022-03-07 09:50:53,821 [EndpointStateMachine task thread for /0.0.0.0:38787 - 0 ] INFO  server.XceiverServerGrpc (XceiverServerGrpc.java:start(180)) - XceiverServerGrpc edf60a86-ae5b-4f71-bc37-25062be06587 is started using port 45115
2022-03-07 09:50:53,822 [IPC Server handler 5 on default port 38787] INFO  net.NetworkTopologyImpl (NetworkTopologyImpl.java:add(112)) - Added a new node: /default-rack/616d314c-ba0d-49c9-8f1d-797448dad8fd
2022-03-07 09:50:53,823 [IPC Server handler 5 on default port 38787] INFO  node.SCMNodeManager (SCMNodeManager.java:register(391)) - Registered Data node : 616d314c-ba0d-49c9-8f1d-797448dad8fd{ip: 10.1.0.49, host: fv-az291-317.wgnan5asplgejimfprtllbpdch.jx.internal.cloudapp.net, ports: [REPLICATION=32797, RATIS=39129, RATIS_ADMIN=39129, RATIS_SERVER=39129, STANDALONE=37787], networkLocation: /default-rack, certSerialId: null, persistedOpState: null, persistedOpStateExpiryEpochSec: 0}
2022-03-07 09:50:53,823 [EventQueue-NewNodeForNewNodeHandler] INFO  pipeline.BackgroundPipelineCreator (BackgroundPipelineCreator.java:notifyEventTriggered(285)) - trigger a one-shot run on RatisPipelineUtilsThread.
2022-03-07 09:50:53,829 [EventQueue-NodeRegistrationContainerReportForDataNodeSafeModeRule] INFO  safemode.SCMSafeModeManager (DataNodeSafeModeRule.java:process(71)) - SCM in safe mode. 2 DataNodes registered, 3 required.
2022-03-07 09:50:53,830 [RatisPipelineUtilsThread - 0] INFO  pipeline.RatisPipelineProvider (RatisPipelineProvider.java:lambda$create$0(183)) - Sending CreatePipelineCommand for pipeline:PipelineID=923a3941-3f74-42f8-9986-8d08d2c66b42 to datanode:616d314c-ba0d-49c9-8f1d-797448dad8fd
2022-03-07 09:50:53,832 [9fd2d42e-0817-4c6b-b2b7-8c945e0a68b4@group-D482764D36D7-StateMachineUpdater] INFO  pipeline.PipelineStateManagerImpl (PipelineStateManagerImpl.java:addPipeline(101)) - Created pipeline Pipeline[ Id: 923a3941-3f74-42f8-9986-8d08d2c66b42, Nodes: 616d314c-ba0d-49c9-8f1d-797448dad8fd{ip: 10.1.0.49, host: fv-az291-317.wgnan5asplgejimfprtllbpdch.jx.internal.cloudapp.net, ports: [REPLICATION=32797, RATIS=39129, RATIS_ADMIN=39129, RATIS_SERVER=39129, STANDALONE=37787], networkLocation: /default-rack, certSerialId: null, persistedOpState: IN_SERVICE, persistedOpStateExpiryEpochSec: 0}, ReplicationConfig: RATIS/ONE, State:ALLOCATED, leaderId:, CreationTimestamp2022-03-07T09:50:53.830Z[Etc/UTC]].
2022-03-07 09:50:53,832 [9fd2d42e-0817-4c6b-b2b7-8c945e0a68b4@group-D482764D36D7-StateMachineUpdater] INFO  safemode.HealthyPipelineSafeModeRule (HealthyPipelineSafeModeRule.java:initializeRule(152)) - Refreshed total pipeline count is 0, healthy pipeline threshold count is 1
2022-03-07 09:50:54,284 [IPC Server handler 1 on default port 38787] INFO  net.NetworkTopologyImpl (NetworkTopologyImpl.java:add(112)) - Added a new node: /default-rack/cd9cff4b-1bd9-497e-976c-8eec10b9db64
2022-03-07 09:50:54,284 [IPC Server handler 1 on default port 38787] INFO  node.SCMNodeManager (SCMNodeManager.java:register(391)) - Registered Data node : cd9cff4b-1bd9-497e-976c-8eec10b9db64{ip: 10.1.0.49, host: fv-az291-317.wgnan5asplgejimfprtllbpdch.jx.internal.cloudapp.net, ports: [REPLICATION=46825, RATIS=42923, RATIS_ADMIN=42923, RATIS_SERVER=42923, STANDALONE=43941], networkLocation: /default-rack, certSerialId: null, persistedOpState: null, persistedOpStateExpiryEpochSec: 0}
2022-03-07 09:50:54,287 [EventQueue-NewNodeForNewNodeHandler] INFO  pipeline.BackgroundPipelineCreator (BackgroundPipelineCreator.java:notifyEventTriggered(285)) - trigger a one-shot run on RatisPipelineUtilsThread.
2022-03-07 09:50:54,291 [EventQueue-NodeRegistrationContainerReportForDataNodeSafeModeRule] INFO  safemode.SCMSafeModeManager (DataNodeSafeModeRule.java:process(71)) - SCM in safe mode. 3 DataNodes registered, 3 required.
2022-03-07 09:50:54,291 [EventQueue-NodeRegistrationContainerReportForDataNodeSafeModeRule] INFO  safemode.SCMSafeModeManager (SCMSafeModeManager.java:validateSafeModeExitRules(204)) - DataNodeSafeModeRule rule is successfully validated
2022-03-07 09:50:54,291 [EventQueue-NodeRegistrationContainerReportForDataNodeSafeModeRule] INFO  safemode.SCMSafeModeManager (SCMSafeModeManager.java:completePreCheck(233)) - All SCM safe mode pre check rules have passed
2022-03-07 09:50:54,291 [EventQueue-NodeRegistrationContainerReportForDataNodeSafeModeRule] WARN  events.EventQueue (EventQueue.java:fireEvent(194)) - No event handler registered for event TypedEvent{payloadType=SafeModeStatus, name='Safe mode status'}
2022-03-07 09:50:54,291 [EventQueue-NodeRegistrationContainerReportForDataNodeSafeModeRule] INFO  ha.SCMContext (SCMContext.java:updateSafeModeStatus(211)) - Update SafeModeStatus from SafeModeStatus{safeModeStatus=true, preCheckPassed=false} to SafeModeStatus{safeModeStatus=true, preCheckPassed=true}.
2022-03-07 09:50:54,291 [EventQueue-NodeRegistrationContainerReportForDataNodeSafeModeRule] INFO  pipeline.BackgroundPipelineCreator (BackgroundPipelineCreator.java:notifyEventTriggered(285)) - trigger a one-shot run on RatisPipelineUtilsThread.
2022-03-07 09:50:54,291 [RatisPipelineUtilsThread - 0] INFO  pipeline.RatisPipelineProvider (RatisPipelineProvider.java:lambda$create$0(183)) - Sending CreatePipelineCommand for pipeline:PipelineID=bc84c436-b201-4c59-8f97-3bd9fdeef2e9 to datanode:cd9cff4b-1bd9-497e-976c-8eec10b9db64
2022-03-07 09:50:54,300 [9fd2d42e-0817-4c6b-b2b7-8c945e0a68b4@group-D482764D36D7-StateMachineUpdater] INFO  pipeline.PipelineStateManagerImpl (PipelineStateManagerImpl.java:addPipeline(101)) - Created pipeline Pipeline[ Id: bc84c436-b201-4c59-8f97-3bd9fdeef2e9, Nodes: cd9cff4b-1bd9-497e-976c-8eec10b9db64{ip: 10.1.0.49, host: fv-az291-317.wgnan5asplgejimfprtllbpdch.jx.internal.cloudapp.net, ports: [REPLICATION=46825, RATIS=42923, RATIS_ADMIN=42923, RATIS_SERVER=42923, STANDALONE=43941], networkLocation: /default-rack, certSerialId: null, persistedOpState: IN_SERVICE, persistedOpStateExpiryEpochSec: 0}, ReplicationConfig: RATIS/ONE, State:ALLOCATED, leaderId:, CreationTimestamp2022-03-07T09:50:54.291Z[Etc/UTC]].
2022-03-07 09:50:54,300 [9fd2d42e-0817-4c6b-b2b7-8c945e0a68b4@group-D482764D36D7-StateMachineUpdater] INFO  safemode.HealthyPipelineSafeModeRule (HealthyPipelineSafeModeRule.java:initializeRule(152)) - Refreshed total pipeline count is 0, healthy pipeline threshold count is 1
2022-03-07 09:50:54,303 [RatisPipelineUtilsThread - 0] INFO  pipeline.RatisPipelineProvider (RatisPipelineProvider.java:lambda$create$0(183)) - Sending CreatePipelineCommand for pipeline:PipelineID=8dcd701a-e220-441a-b05a-8e452aa84769 to datanode:728f99e8-418e-4b00-b2e8-36f688b477dd
2022-03-07 09:50:54,303 [RatisPipelineUtilsThread - 0] INFO  pipeline.RatisPipelineProvider (RatisPipelineProvider.java:lambda$create$0(183)) - Sending CreatePipelineCommand for pipeline:PipelineID=8dcd701a-e220-441a-b05a-8e452aa84769 to datanode:616d314c-ba0d-49c9-8f1d-797448dad8fd
2022-03-07 09:50:54,303 [RatisPipelineUtilsThread - 0] INFO  pipeline.RatisPipelineProvider (RatisPipelineProvider.java:lambda$create$0(183)) - Sending CreatePipelineCommand for pipeline:PipelineID=8dcd701a-e220-441a-b05a-8e452aa84769 to datanode:cd9cff4b-1bd9-497e-976c-8eec10b9db64
2022-03-07 09:50:54,310 [9fd2d42e-0817-4c6b-b2b7-8c945e0a68b4@group-D482764D36D7-StateMachineUpdater] INFO  pipeline.PipelineStateManagerImpl (PipelineStateManagerImpl.java:addPipeline(101)) - Created pipeline Pipeline[ Id: 8dcd701a-e220-441a-b05a-8e452aa84769, Nodes: 728f99e8-418e-4b00-b2e8-36f688b477dd{ip: 10.1.0.49, host: fv-az291-317.wgnan5asplgejimfprtllbpdch.jx.internal.cloudapp.net, ports: [REPLICATION=38547, RATIS=44013, RATIS_ADMIN=44013, RATIS_SERVER=44013, STANDALONE=41573], networkLocation: /default-rack, certSerialId: null, persistedOpState: IN_SERVICE, persistedOpStateExpiryEpochSec: 0}616d314c-ba0d-49c9-8f1d-797448dad8fd{ip: 10.1.0.49, host: fv-az291-317.wgnan5asplgejimfprtllbpdch.jx.internal.cloudapp.net, ports: [REPLICATION=32797, RATIS=39129, RATIS_ADMIN=39129, RATIS_SERVER=39129, STANDALONE=37787], networkLocation: /default-rack, certSerialId: null, persistedOpState: IN_SERVICE, persistedOpStateExpiryEpochSec: 0}cd9cff4b-1bd9-497e-976c-8eec10b9db64{ip: 10.1.0.49, host: fv-az291-317.wgnan5asplgejimfprtllbpdch.jx.internal.cloudapp.net, ports: [REPLICATION=46825, RATIS=42923, RATIS_ADMIN=42923, RATIS_SERVER=42923, STANDALONE=43941], networkLocation: /default-rack, certSerialId: null, persistedOpState: IN_SERVICE, persistedOpStateExpiryEpochSec: 0}, ReplicationConfig: RATIS/THREE, State:ALLOCATED, leaderId:, CreationTimestamp2022-03-07T09:50:54.303Z[Etc/UTC]].
2022-03-07 09:50:54,310 [9fd2d42e-0817-4c6b-b2b7-8c945e0a68b4@group-D482764D36D7-StateMachineUpdater] INFO  safemode.HealthyPipelineSafeModeRule (HealthyPipelineSafeModeRule.java:initializeRule(152)) - Refreshed total pipeline count is 0, healthy pipeline threshold count is 1
2022-03-07 09:50:54,311 [RatisPipelineUtilsThread - 0] INFO  pipeline.RatisPipelineProvider (RatisPipelineProvider.java:lambda$create$0(183)) - Sending CreatePipelineCommand for pipeline:PipelineID=d8740330-0b47-446a-878d-35bb7cc600d3 to datanode:728f99e8-418e-4b00-b2e8-36f688b477dd
2022-03-07 09:50:54,311 [RatisPipelineUtilsThread - 0] INFO  pipeline.RatisPipelineProvider (RatisPipelineProvider.java:lambda$create$0(183)) - Sending CreatePipelineCommand for pipeline:PipelineID=d8740330-0b47-446a-878d-35bb7cc600d3 to datanode:616d314c-ba0d-49c9-8f1d-797448dad8fd
2022-03-07 09:50:54,311 [RatisPipelineUtilsThread - 0] INFO  pipeline.RatisPipelineProvider (RatisPipelineProvider.java:lambda$create$0(183)) - Sending CreatePipelineCommand for pipeline:PipelineID=d8740330-0b47-446a-878d-35bb7cc600d3 to datanode:cd9cff4b-1bd9-497e-976c-8eec10b9db64
2022-03-07 09:50:54,315 [9fd2d42e-0817-4c6b-b2b7-8c945e0a68b4@group-D482764D36D7-StateMachineUpdater] INFO  pipeline.PipelineStateManagerImpl (PipelineStateManagerImpl.java:addPipeline(101)) - Created pipeline Pipeline[ Id: d8740330-0b47-446a-878d-35bb7cc600d3, Nodes: 728f99e8-418e-4b00-b2e8-36f688b477dd{ip: 10.1.0.49, host: fv-az291-317.wgnan5asplgejimfprtllbpdch.jx.internal.cloudapp.net, ports: [REPLICATION=38547, RATIS=44013, RATIS_ADMIN=44013, RATIS_SERVER=44013, STANDALONE=41573], networkLocation: /default-rack, certSerialId: null, persistedOpState: IN_SERVICE, persistedOpStateExpiryEpochSec: 0}616d314c-ba0d-49c9-8f1d-797448dad8fd{ip: 10.1.0.49, host: fv-az291-317.wgnan5asplgejimfprtllbpdch.jx.internal.cloudapp.net, ports: [REPLICATION=32797, RATIS=39129, RATIS_ADMIN=39129, RATIS_SERVER=39129, STANDALONE=37787], networkLocation: /default-rack, certSerialId: null, persistedOpState: IN_SERVICE, persistedOpStateExpiryEpochSec: 0}cd9cff4b-1bd9-497e-976c-8eec10b9db64{ip: 10.1.0.49, host: fv-az291-317.wgnan5asplgejimfprtllbpdch.jx.internal.cloudapp.net, ports: [REPLICATION=46825, RATIS=42923, RATIS_ADMIN=42923, RATIS_SERVER=42923, STANDALONE=43941], networkLocation: /default-rack, certSerialId: null, persistedOpState: IN_SERVICE, persistedOpStateExpiryEpochSec: 0}, ReplicationConfig: RATIS/THREE, State:ALLOCATED, leaderId:, CreationTimestamp2022-03-07T09:50:54.311Z[Etc/UTC]].
2022-03-07 09:50:54,315 [9fd2d42e-0817-4c6b-b2b7-8c945e0a68b4@group-D482764D36D7-StateMachineUpdater] INFO  safemode.HealthyPipelineSafeModeRule (HealthyPipelineSafeModeRule.java:initializeRule(152)) - Refreshed total pipeline count is 0, healthy pipeline threshold count is 1
2022-03-07 09:50:54,315 [RatisPipelineUtilsThread - 0] INFO  pipeline.PipelineManagerImpl (PipelineManagerImpl.java:recordMetricsForPipeline(639)) - Pipeline: PipelineID=d8740330-0b47-446a-878d-35bb7cc600d3 contains same datanodes as previous pipelines: PipelineID=8dcd701a-e220-441a-b05a-8e452aa84769 nodeIds: 728f99e8-418e-4b00-b2e8-36f688b477dd, 616d314c-ba0d-49c9-8f1d-797448dad8fd, cd9cff4b-1bd9-497e-976c-8eec10b9db64
2022-03-07 09:50:54,315 [RatisPipelineUtilsThread - 0] INFO  pipeline.RatisPipelineProvider (RatisPipelineProvider.java:lambda$create$0(183)) - Sending CreatePipelineCommand for pipeline:PipelineID=74c3c54d-cb47-44d6-90a4-a583654c641d to datanode:728f99e8-418e-4b00-b2e8-36f688b477dd
2022-03-07 09:50:54,316 [RatisPipelineUtilsThread - 0] INFO  pipeline.RatisPipelineProvider (RatisPipelineProvider.java:lambda$create$0(183)) - Sending CreatePipelineCommand for pipeline:PipelineID=74c3c54d-cb47-44d6-90a4-a583654c641d to datanode:cd9cff4b-1bd9-497e-976c-8eec10b9db64
2022-03-07 09:50:54,317 [RatisPipelineUtilsThread - 0] INFO  pipeline.RatisPipelineProvider (RatisPipelineProvider.java:lambda$create$0(183)) - Sending CreatePipelineCommand for pipeline:PipelineID=74c3c54d-cb47-44d6-90a4-a583654c641d to datanode:616d314c-ba0d-49c9-8f1d-797448dad8fd
2022-03-07 09:50:54,322 [9fd2d42e-0817-4c6b-b2b7-8c945e0a68b4@group-D482764D36D7-StateMachineUpdater] INFO  pipeline.PipelineStateManagerImpl (PipelineStateManagerImpl.java:addPipeline(101)) - Created pipeline Pipeline[ Id: 74c3c54d-cb47-44d6-90a4-a583654c641d, Nodes: 728f99e8-418e-4b00-b2e8-36f688b477dd{ip: 10.1.0.49, host: fv-az291-317.wgnan5asplgejimfprtllbpdch.jx.internal.cloudapp.net, ports: [REPLICATION=38547, RATIS=44013, RATIS_ADMIN=44013, RATIS_SERVER=44013, STANDALONE=41573], networkLocation: /default-rack, certSerialId: null, persistedOpState: IN_SERVICE, persistedOpStateExpiryEpochSec: 0}cd9cff4b-1bd9-497e-976c-8eec10b9db64{ip: 10.1.0.49, host: fv-az291-317.wgnan5asplgejimfprtllbpdch.jx.internal.cloudapp.net, ports: [REPLICATION=46825, RATIS=42923, RATIS_ADMIN=42923, RATIS_SERVER=42923, STANDALONE=43941], networkLocation: /default-rack, certSerialId: null, persistedOpState: IN_SERVICE, persistedOpStateExpiryEpochSec: 0}616d314c-ba0d-49c9-8f1d-797448dad8fd{ip: 10.1.0.49, host: fv-az291-317.wgnan5asplgejimfprtllbpdch.jx.internal.cloudapp.net, ports: [REPLICATION=32797, RATIS=39129, RATIS_ADMIN=39129, RATIS_SERVER=39129, STANDALONE=37787], networkLocation: /default-rack, certSerialId: null, persistedOpState: IN_SERVICE, persistedOpStateExpiryEpochSec: 0}, ReplicationConfig: RATIS/THREE, State:ALLOCATED, leaderId:, CreationTimestamp2022-03-07T09:50:54.315Z[Etc/UTC]].
2022-03-07 09:50:54,322 [9fd2d42e-0817-4c6b-b2b7-8c945e0a68b4@group-D482764D36D7-StateMachineUpdater] INFO  safemode.HealthyPipelineSafeModeRule (HealthyPipelineSafeModeRule.java:initializeRule(152)) - Refreshed total pipeline count is 0, healthy pipeline threshold count is 1
2022-03-07 09:50:54,322 [RatisPipelineUtilsThread - 0] INFO  pipeline.PipelineManagerImpl (PipelineManagerImpl.java:recordMetricsForPipeline(639)) - Pipeline: PipelineID=74c3c54d-cb47-44d6-90a4-a583654c641d contains same datanodes as previous pipelines: PipelineID=8dcd701a-e220-441a-b05a-8e452aa84769 nodeIds: 728f99e8-418e-4b00-b2e8-36f688b477dd, cd9cff4b-1bd9-497e-976c-8eec10b9db64, 616d314c-ba0d-49c9-8f1d-797448dad8fd
2022-03-07 09:50:54,323 [RatisPipelineUtilsThread - 0] INFO  pipeline.PipelineManagerImpl (PipelineManagerImpl.java:recordMetricsForPipeline(639)) - Pipeline: PipelineID=74c3c54d-cb47-44d6-90a4-a583654c641d contains same datanodes as previous pipelines: PipelineID=d8740330-0b47-446a-878d-35bb7cc600d3 nodeIds: 728f99e8-418e-4b00-b2e8-36f688b477dd, cd9cff4b-1bd9-497e-976c-8eec10b9db64, 616d314c-ba0d-49c9-8f1d-797448dad8fd
2022-03-07 09:50:54,401 [Listener at 127.0.0.1/40579] INFO  ozone.MiniOzoneClusterImpl (MiniOzoneClusterImpl.java:lambda$waitForClusterToBeReady$0(219)) - Waiting for nodes to be ready. Got 3 of 7 DN Heartbeats.
2022-03-07 09:50:54,401 [Listener at 127.0.0.1/40579] INFO  ozone.MiniOzoneClusterImpl (MiniOzoneClusterImpl.java:lambda$waitForClusterToBeReady$0(222)) - Waiting for cluster to exit safe mode
2022-03-07 09:50:54,401 [Listener at 127.0.0.1/40579] INFO  ozone.MiniOzoneClusterImpl (MiniOzoneClusterImpl.java:lambda$waitForClusterToBeReady$0(224)) - SCM became leader
2022-03-07 09:50:54,588 [EndpointStateMachine task thread for /0.0.0.0:38787 - 0 ] INFO  ozoneimpl.OzoneContainer (OzoneContainer.java:start(335)) - Attempting to start container services.
2022-03-07 09:50:54,589 [EndpointStateMachine task thread for /0.0.0.0:38787 - 0 ] INFO  ozoneimpl.OzoneContainer (OzoneContainer.java:startContainerScrub(270)) - Background container scanner has been disabled.
2022-03-07 09:50:54,590 [EndpointStateMachine task thread for /0.0.0.0:38787 - 0 ] INFO  replication.ReplicationServer (ReplicationServer.java:start(111)) - ReplicationServer is started using port 42249
2022-03-07 09:50:54,590 [EndpointStateMachine task thread for /0.0.0.0:38787 - 0 ] INFO  ratis.XceiverServerRatis (XceiverServerRatis.java:start(485)) - Starting XceiverServerRatis 79ee019c-6239-4f85-9f3b-dddcaaaeb0fb
2022-03-07 09:50:54,608 [EndpointStateMachine task thread for /0.0.0.0:38787 - 0 ] INFO  server.RaftServer (RaftServerProxy.java:lambda$start$5(374)) - 79ee019c-6239-4f85-9f3b-dddcaaaeb0fb: start RPC server
2022-03-07 09:50:54,612 [EndpointStateMachine task thread for /0.0.0.0:38787 - 0 ] INFO  server.GrpcService (GrpcService.java:startImpl(253)) - 79ee019c-6239-4f85-9f3b-dddcaaaeb0fb: GrpcService started, listening on 41163
2022-03-07 09:50:54,622 [EndpointStateMachine task thread for /0.0.0.0:38787 - 0 ] INFO  ratis.XceiverServerRatis (XceiverServerRatis.java:getRealPort(506)) - XceiverServerRatis 79ee019c-6239-4f85-9f3b-dddcaaaeb0fb is started using port 41163 for RATIS
2022-03-07 09:50:54,622 [EndpointStateMachine task thread for /0.0.0.0:38787 - 0 ] INFO  ratis.XceiverServerRatis (XceiverServerRatis.java:getRealPort(506)) - XceiverServerRatis 79ee019c-6239-4f85-9f3b-dddcaaaeb0fb is started using port 41163 for RATIS_ADMIN
2022-03-07 09:50:54,622 [EndpointStateMachine task thread for /0.0.0.0:38787 - 0 ] INFO  ratis.XceiverServerRatis (XceiverServerRatis.java:getRealPort(506)) - XceiverServerRatis 79ee019c-6239-4f85-9f3b-dddcaaaeb0fb is started using port 41163 for RATIS_SERVER
2022-03-07 09:50:54,623 [org.apache.ratis.util.JvmPauseMonitor$$Lambda$431/73409498@445dd345] INFO  util.JvmPauseMonitor (JvmPauseMonitor.java:run(103)) - JvmPauseMonitor-79ee019c-6239-4f85-9f3b-dddcaaaeb0fb: Started
2022-03-07 09:50:54,623 [EndpointStateMachine task thread for /0.0.0.0:38787 - 0 ] INFO  server.XceiverServerGrpc (XceiverServerGrpc.java:start(180)) - XceiverServerGrpc 79ee019c-6239-4f85-9f3b-dddcaaaeb0fb is started using port 43119
2022-03-07 09:50:54,797 [IPC Server handler 5 on default port 38787] INFO  net.NetworkTopologyImpl (NetworkTopologyImpl.java:add(112)) - Added a new node: /default-rack/7fca689d-043b-47bb-bf18-12adf35ba2bc
2022-03-07 09:50:54,797 [IPC Server handler 5 on default port 38787] INFO  node.SCMNodeManager (SCMNodeManager.java:register(391)) - Registered Data node : 7fca689d-043b-47bb-bf18-12adf35ba2bc{ip: 10.1.0.49, host: fv-az291-317.wgnan5asplgejimfprtllbpdch.jx.internal.cloudapp.net, ports: [REPLICATION=35909, RATIS=42461, RATIS_ADMIN=42461, RATIS_SERVER=42461, STANDALONE=44961], networkLocation: /default-rack, certSerialId: null, persistedOpState: null, persistedOpStateExpiryEpochSec: 0}
2022-03-07 09:50:54,797 [EventQueue-NewNodeForNewNodeHandler] INFO  pipeline.BackgroundPipelineCreator (BackgroundPipelineCreator.java:notifyEventTriggered(285)) - trigger a one-shot run on RatisPipelineUtilsThread.
2022-03-07 09:50:54,798 [RatisPipelineUtilsThread - 0] INFO  pipeline.RatisPipelineProvider (RatisPipelineProvider.java:lambda$create$0(183)) - Sending CreatePipelineCommand for pipeline:PipelineID=c8644cdc-a540-45f0-a4e8-bc98a6f06252 to datanode:7fca689d-043b-47bb-bf18-12adf35ba2bc
2022-03-07 09:50:54,799 [9fd2d42e-0817-4c6b-b2b7-8c945e0a68b4@group-D482764D36D7-StateMachineUpdater] INFO  pipeline.PipelineStateManagerImpl (PipelineStateManagerImpl.java:addPipeline(101)) - Created pipeline Pipeline[ Id: c8644cdc-a540-45f0-a4e8-bc98a6f06252, Nodes: 7fca689d-043b-47bb-bf18-12adf35ba2bc{ip: 10.1.0.49, host: fv-az291-317.wgnan5asplgejimfprtllbpdch.jx.internal.cloudapp.net, ports: [REPLICATION=35909, RATIS=42461, RATIS_ADMIN=42461, RATIS_SERVER=42461, STANDALONE=44961], networkLocation: /default-rack, certSerialId: null, persistedOpState: IN_SERVICE, persistedOpStateExpiryEpochSec: 0}, ReplicationConfig: RATIS/ONE, State:ALLOCATED, leaderId:, CreationTimestamp2022-03-07T09:50:54.798Z[Etc/UTC]].
2022-03-07 09:50:54,800 [9fd2d42e-0817-4c6b-b2b7-8c945e0a68b4@group-D482764D36D7-StateMachineUpdater] INFO  safemode.HealthyPipelineSafeModeRule (HealthyPipelineSafeModeRule.java:initializeRule(152)) - Refreshed total pipeline count is 0, healthy pipeline threshold count is 1
2022-03-07 09:50:55,252 [IPC Server handler 0 on default port 38787] INFO  net.NetworkTopologyImpl (NetworkTopologyImpl.java:add(112)) - Added a new node: /default-rack/84008c31-6636-4a62-b386-f7fb7e7ffddc
2022-03-07 09:50:55,253 [IPC Server handler 0 on default port 38787] INFO  node.SCMNodeManager (SCMNodeManager.java:register(391)) - Registered Data node : 84008c31-6636-4a62-b386-f7fb7e7ffddc{ip: 10.1.0.49, host: fv-az291-317.wgnan5asplgejimfprtllbpdch.jx.internal.cloudapp.net, ports: [REPLICATION=42827, RATIS=44263, RATIS_ADMIN=44263, RATIS_SERVER=44263, STANDALONE=33245], networkLocation: /default-rack, certSerialId: null, persistedOpState: null, persistedOpStateExpiryEpochSec: 0}
2022-03-07 09:50:55,253 [EventQueue-NewNodeForNewNodeHandler] INFO  pipeline.BackgroundPipelineCreator (BackgroundPipelineCreator.java:notifyEventTriggered(285)) - trigger a one-shot run on RatisPipelineUtilsThread.
2022-03-07 09:50:55,253 [RatisPipelineUtilsThread - 0] INFO  pipeline.RatisPipelineProvider (RatisPipelineProvider.java:lambda$create$0(183)) - Sending CreatePipelineCommand for pipeline:PipelineID=b21d2323-80ac-42b3-81aa-c003513866d6 to datanode:84008c31-6636-4a62-b386-f7fb7e7ffddc
2022-03-07 09:50:55,255 [9fd2d42e-0817-4c6b-b2b7-8c945e0a68b4@group-D482764D36D7-StateMachineUpdater] INFO  pipeline.PipelineStateManagerImpl (PipelineStateManagerImpl.java:addPipeline(101)) - Created pipeline Pipeline[ Id: b21d2323-80ac-42b3-81aa-c003513866d6, Nodes: 84008c31-6636-4a62-b386-f7fb7e7ffddc{ip: 10.1.0.49, host: fv-az291-317.wgnan5asplgejimfprtllbpdch.jx.internal.cloudapp.net, ports: [REPLICATION=42827, RATIS=44263, RATIS_ADMIN=44263, RATIS_SERVER=44263, STANDALONE=33245], networkLocation: /default-rack, certSerialId: null, persistedOpState: IN_SERVICE, persistedOpStateExpiryEpochSec: 0}, ReplicationConfig: RATIS/ONE, State:ALLOCATED, leaderId:, CreationTimestamp2022-03-07T09:50:55.253Z[Etc/UTC]].
2022-03-07 09:50:55,255 [9fd2d42e-0817-4c6b-b2b7-8c945e0a68b4@group-D482764D36D7-StateMachineUpdater] INFO  safemode.HealthyPipelineSafeModeRule (HealthyPipelineSafeModeRule.java:initializeRule(152)) - Refreshed total pipeline count is 0, healthy pipeline threshold count is 1
2022-03-07 09:50:55,402 [Listener at 127.0.0.1/40579] INFO  ozone.MiniOzoneClusterImpl (MiniOzoneClusterImpl.java:lambda$waitForClusterToBeReady$0(219)) - Waiting for nodes to be ready. Got 5 of 7 DN Heartbeats.
2022-03-07 09:50:55,402 [Listener at 127.0.0.1/40579] INFO  ozone.MiniOzoneClusterImpl (MiniOzoneClusterImpl.java:lambda$waitForClusterToBeReady$0(222)) - Waiting for cluster to exit safe mode
2022-03-07 09:50:55,402 [Listener at 127.0.0.1/40579] INFO  ozone.MiniOzoneClusterImpl (MiniOzoneClusterImpl.java:lambda$waitForClusterToBeReady$0(224)) - SCM became leader
2022-03-07 09:50:55,766 [IPC Server handler 5 on default port 38787] INFO  net.NetworkTopologyImpl (NetworkTopologyImpl.java:add(112)) - Added a new node: /default-rack/edf60a86-ae5b-4f71-bc37-25062be06587
2022-03-07 09:50:55,767 [IPC Server handler 5 on default port 38787] INFO  node.SCMNodeManager (SCMNodeManager.java:register(391)) - Registered Data node : edf60a86-ae5b-4f71-bc37-25062be06587{ip: 10.1.0.49, host: fv-az291-317.wgnan5asplgejimfprtllbpdch.jx.internal.cloudapp.net, ports: [REPLICATION=46727, RATIS=38621, RATIS_ADMIN=38621, RATIS_SERVER=38621, STANDALONE=45115], networkLocation: /default-rack, certSerialId: null, persistedOpState: null, persistedOpStateExpiryEpochSec: 0}
2022-03-07 09:50:55,767 [EventQueue-NewNodeForNewNodeHandler] INFO  pipeline.BackgroundPipelineCreator (BackgroundPipelineCreator.java:notifyEventTriggered(285)) - trigger a one-shot run on RatisPipelineUtilsThread.
2022-03-07 09:50:55,768 [RatisPipelineUtilsThread - 0] INFO  pipeline.RatisPipelineProvider (RatisPipelineProvider.java:lambda$create$0(183)) - Sending CreatePipelineCommand for pipeline:PipelineID=b8f304be-f1b1-478f-9c2c-8fc2bbb632af to datanode:edf60a86-ae5b-4f71-bc37-25062be06587
2022-03-07 09:50:55,771 [9fd2d42e-0817-4c6b-b2b7-8c945e0a68b4@group-D482764D36D7-StateMachineUpdater] INFO  pipeline.PipelineStateManagerImpl (PipelineStateManagerImpl.java:addPipeline(101)) - Created pipeline Pipeline[ Id: b8f304be-f1b1-478f-9c2c-8fc2bbb632af, Nodes: edf60a86-ae5b-4f71-bc37-25062be06587{ip: 10.1.0.49, host: fv-az291-317.wgnan5asplgejimfprtllbpdch.jx.internal.cloudapp.net, ports: [REPLICATION=46727, RATIS=38621, RATIS_ADMIN=38621, RATIS_SERVER=38621, STANDALONE=45115], networkLocation: /default-rack, certSerialId: null, persistedOpState: IN_SERVICE, persistedOpStateExpiryEpochSec: 0}, ReplicationConfig: RATIS/ONE, State:ALLOCATED, leaderId:, CreationTimestamp2022-03-07T09:50:55.768Z[Etc/UTC]].
2022-03-07 09:50:55,771 [9fd2d42e-0817-4c6b-b2b7-8c945e0a68b4@group-D482764D36D7-StateMachineUpdater] INFO  safemode.HealthyPipelineSafeModeRule (HealthyPipelineSafeModeRule.java:initializeRule(152)) - Refreshed total pipeline count is 0, healthy pipeline threshold count is 1
2022-03-07 09:50:55,771 [RatisPipelineUtilsThread - 0] INFO  pipeline.RatisPipelineProvider (RatisPipelineProvider.java:lambda$create$0(183)) - Sending CreatePipelineCommand for pipeline:PipelineID=5b1c4279-099c-4815-8e9c-b74b02aaa056 to datanode:84008c31-6636-4a62-b386-f7fb7e7ffddc
2022-03-07 09:50:55,772 [RatisPipelineUtilsThread - 0] INFO  pipeline.RatisPipelineProvider (RatisPipelineProvider.java:lambda$create$0(183)) - Sending CreatePipelineCommand for pipeline:PipelineID=5b1c4279-099c-4815-8e9c-b74b02aaa056 to datanode:7fca689d-043b-47bb-bf18-12adf35ba2bc
2022-03-07 09:50:55,772 [RatisPipelineUtilsThread - 0] INFO  pipeline.RatisPipelineProvider (RatisPipelineProvider.java:lambda$create$0(183)) - Sending CreatePipelineCommand for pipeline:PipelineID=5b1c4279-099c-4815-8e9c-b74b02aaa056 to datanode:edf60a86-ae5b-4f71-bc37-25062be06587
2022-03-07 09:50:55,773 [9fd2d42e-0817-4c6b-b2b7-8c945e0a68b4@group-D482764D36D7-StateMachineUpdater] INFO  pipeline.PipelineStateManagerImpl (PipelineStateManagerImpl.java:addPipeline(101)) - Created pipeline Pipeline[ Id: 5b1c4279-099c-4815-8e9c-b74b02aaa056, Nodes: 84008c31-6636-4a62-b386-f7fb7e7ffddc{ip: 10.1.0.49, host: fv-az291-317.wgnan5asplgejimfprtllbpdch.jx.internal.cloudapp.net, ports: [REPLICATION=42827, RATIS=44263, RATIS_ADMIN=44263, RATIS_SERVER=44263, STANDALONE=33245], networkLocation: /default-rack, certSerialId: null, persistedOpState: IN_SERVICE, persistedOpStateExpiryEpochSec: 0}7fca689d-043b-47bb-bf18-12adf35ba2bc{ip: 10.1.0.49, host: fv-az291-317.wgnan5asplgejimfprtllbpdch.jx.internal.cloudapp.net, ports: [REPLICATION=35909, RATIS=42461, RATIS_ADMIN=42461, RATIS_SERVER=42461, STANDALONE=44961], networkLocation: /default-rack, certSerialId: null, persistedOpState: IN_SERVICE, persistedOpStateExpiryEpochSec: 0}edf60a86-ae5b-4f71-bc37-25062be06587{ip: 10.1.0.49, host: fv-az291-317.wgnan5asplgejimfprtllbpdch.jx.internal.cloudapp.net, ports: [REPLICATION=46727, RATIS=38621, RATIS_ADMIN=38621, RATIS_SERVER=38621, STANDALONE=45115], networkLocation: /default-rack, certSerialId: null, persistedOpState: IN_SERVICE, persistedOpStateExpiryEpochSec: 0}, ReplicationConfig: RATIS/THREE, State:ALLOCATED, leaderId:, CreationTimestamp2022-03-07T09:50:55.771Z[Etc/UTC]].
2022-03-07 09:50:55,773 [9fd2d42e-0817-4c6b-b2b7-8c945e0a68b4@group-D482764D36D7-StateMachineUpdater] INFO  safemode.HealthyPipelineSafeModeRule (HealthyPipelineSafeModeRule.java:initializeRule(152)) - Refreshed total pipeline count is 0, healthy pipeline threshold count is 1
2022-03-07 09:50:55,773 [RatisPipelineUtilsThread - 0] INFO  pipeline.RatisPipelineProvider (RatisPipelineProvider.java:lambda$create$0(183)) - Sending CreatePipelineCommand for pipeline:PipelineID=27d35f41-3a25-4561-aa12-5b77dece4517 to datanode:84008c31-6636-4a62-b386-f7fb7e7ffddc
2022-03-07 09:50:55,774 [RatisPipelineUtilsThread - 0] INFO  pipeline.RatisPipelineProvider (RatisPipelineProvider.java:lambda$create$0(183)) - Sending CreatePipelineCommand for pipeline:PipelineID=27d35f41-3a25-4561-aa12-5b77dece4517 to datanode:edf60a86-ae5b-4f71-bc37-25062be06587
2022-03-07 09:50:55,774 [RatisPipelineUtilsThread - 0] INFO  pipeline.RatisPipelineProvider (RatisPipelineProvider.java:lambda$create$0(183)) - Sending CreatePipelineCommand for pipeline:PipelineID=27d35f41-3a25-4561-aa12-5b77dece4517 to datanode:7fca689d-043b-47bb-bf18-12adf35ba2bc
2022-03-07 09:50:55,776 [9fd2d42e-0817-4c6b-b2b7-8c945e0a68b4@group-D482764D36D7-StateMachineUpdater] INFO  pipeline.PipelineStateManagerImpl (PipelineStateManagerImpl.java:addPipeline(101)) - Created pipeline Pipeline[ Id: 27d35f41-3a25-4561-aa12-5b77dece4517, Nodes: 84008c31-6636-4a62-b386-f7fb7e7ffddc{ip: 10.1.0.49, host: fv-az291-317.wgnan5asplgejimfprtllbpdch.jx.internal.cloudapp.net, ports: [REPLICATION=42827, RATIS=44263, RATIS_ADMIN=44263, RATIS_SERVER=44263, STANDALONE=33245], networkLocation: /default-rack, certSerialId: null, persistedOpState: IN_SERVICE, persistedOpStateExpiryEpochSec: 0}edf60a86-ae5b-4f71-bc37-25062be06587{ip: 10.1.0.49, host: fv-az291-317.wgnan5asplgejimfprtllbpdch.jx.internal.cloudapp.net, ports: [REPLICATION=46727, RATIS=38621, RATIS_ADMIN=38621, RATIS_SERVER=38621, STANDALONE=45115], networkLocation: /default-rack, certSerialId: null, persistedOpState: IN_SERVICE, persistedOpStateExpiryEpochSec: 0}7fca689d-043b-47bb-bf18-12adf35ba2bc{ip: 10.1.0.49, host: fv-az291-317.wgnan5asplgejimfprtllbpdch.jx.internal.cloudapp.net, ports: [REPLICATION=35909, RATIS=42461, RATIS_ADMIN=42461, RATIS_SERVER=42461, STANDALONE=44961], networkLocation: /default-rack, certSerialId: null, persistedOpState: IN_SERVICE, persistedOpStateExpiryEpochSec: 0}, ReplicationConfig: RATIS/THREE, State:ALLOCATED, leaderId:, CreationTimestamp2022-03-07T09:50:55.773Z[Etc/UTC]].
2022-03-07 09:50:55,776 [9fd2d42e-0817-4c6b-b2b7-8c945e0a68b4@group-D482764D36D7-StateMachineUpdater] INFO  safemode.HealthyPipelineSafeModeRule (HealthyPipelineSafeModeRule.java:initializeRule(152)) - Refreshed total pipeline count is 0, healthy pipeline threshold count is 1
2022-03-07 09:50:55,776 [RatisPipelineUtilsThread - 0] INFO  pipeline.PipelineManagerImpl (PipelineManagerImpl.java:recordMetricsForPipeline(639)) - Pipeline: PipelineID=27d35f41-3a25-4561-aa12-5b77dece4517 contains same datanodes as previous pipelines: PipelineID=5b1c4279-099c-4815-8e9c-b74b02aaa056 nodeIds: 84008c31-6636-4a62-b386-f7fb7e7ffddc, edf60a86-ae5b-4f71-bc37-25062be06587, 7fca689d-043b-47bb-bf18-12adf35ba2bc
2022-03-07 09:50:55,776 [RatisPipelineUtilsThread - 0] INFO  pipeline.RatisPipelineProvider (RatisPipelineProvider.java:lambda$create$0(183)) - Sending CreatePipelineCommand for pipeline:PipelineID=c80e71a3-a3ae-4d9c-b7b4-7eb04d50015f to datanode:7fca689d-043b-47bb-bf18-12adf35ba2bc
2022-03-07 09:50:55,776 [RatisPipelineUtilsThread - 0] INFO  pipeline.RatisPipelineProvider (RatisPipelineProvider.java:lambda$create$0(183)) - Sending CreatePipelineCommand for pipeline:PipelineID=c80e71a3-a3ae-4d9c-b7b4-7eb04d50015f to datanode:84008c31-6636-4a62-b386-f7fb7e7ffddc
2022-03-07 09:50:55,776 [RatisPipelineUtilsThread - 0] INFO  pipeline.RatisPipelineProvider (RatisPipelineProvider.java:lambda$create$0(183)) - Sending CreatePipelineCommand for pipeline:PipelineID=c80e71a3-a3ae-4d9c-b7b4-7eb04d50015f to datanode:edf60a86-ae5b-4f71-bc37-25062be06587
2022-03-07 09:50:55,777 [9fd2d42e-0817-4c6b-b2b7-8c945e0a68b4@group-D482764D36D7-StateMachineUpdater] INFO  pipeline.PipelineStateManagerImpl (PipelineStateManagerImpl.java:addPipeline(101)) - Created pipeline Pipeline[ Id: c80e71a3-a3ae-4d9c-b7b4-7eb04d50015f, Nodes: 7fca689d-043b-47bb-bf18-12adf35ba2bc{ip: 10.1.0.49, host: fv-az291-317.wgnan5asplgejimfprtllbpdch.jx.internal.cloudapp.net, ports: [REPLICATION=35909, RATIS=42461, RATIS_ADMIN=42461, RATIS_SERVER=42461, STANDALONE=44961], networkLocation: /default-rack, certSerialId: null, persistedOpState: IN_SERVICE, persistedOpStateExpiryEpochSec: 0}84008c31-6636-4a62-b386-f7fb7e7ffddc{ip: 10.1.0.49, host: fv-az291-317.wgnan5asplgejimfprtllbpdch.jx.internal.cloudapp.net, ports: [REPLICATION=42827, RATIS=44263, RATIS_ADMIN=44263, RATIS_SERVER=44263, STANDALONE=33245], networkLocation: /default-rack, certSerialId: null, persistedOpState: IN_SERVICE, persistedOpStateExpiryEpochSec: 0}edf60a86-ae5b-4f71-bc37-25062be06587{ip: 10.1.0.49, host: fv-az291-317.wgnan5asplgejimfprtllbpdch.jx.internal.cloudapp.net, ports: [REPLICATION=46727, RATIS=38621, RATIS_ADMIN=38621, RATIS_SERVER=38621, STANDALONE=45115], networkLocation: /default-rack, certSerialId: null, persistedOpState: IN_SERVICE, persistedOpStateExpiryEpochSec: 0}, ReplicationConfig: RATIS/THREE, State:ALLOCATED, leaderId:, CreationTimestamp2022-03-07T09:50:55.776Z[Etc/UTC]].
2022-03-07 09:50:55,777 [9fd2d42e-0817-4c6b-b2b7-8c945e0a68b4@group-D482764D36D7-StateMachineUpdater] INFO  safemode.HealthyPipelineSafeModeRule (HealthyPipelineSafeModeRule.java:initializeRule(152)) - Refreshed total pipeline count is 0, healthy pipeline threshold count is 1
2022-03-07 09:50:55,778 [RatisPipelineUtilsThread - 0] INFO  pipeline.PipelineManagerImpl (PipelineManagerImpl.java:recordMetricsForPipeline(639)) - Pipeline: PipelineID=c80e71a3-a3ae-4d9c-b7b4-7eb04d50015f contains same datanodes as previous pipelines: PipelineID=5b1c4279-099c-4815-8e9c-b74b02aaa056 nodeIds: 7fca689d-043b-47bb-bf18-12adf35ba2bc, 84008c31-6636-4a62-b386-f7fb7e7ffddc, edf60a86-ae5b-4f71-bc37-25062be06587
2022-03-07 09:50:55,778 [RatisPipelineUtilsThread - 0] INFO  pipeline.PipelineManagerImpl (PipelineManagerImpl.java:recordMetricsForPipeline(639)) - Pipeline: PipelineID=c80e71a3-a3ae-4d9c-b7b4-7eb04d50015f contains same datanodes as previous pipelines: PipelineID=27d35f41-3a25-4561-aa12-5b77dece4517 nodeIds: 7fca689d-043b-47bb-bf18-12adf35ba2bc, 84008c31-6636-4a62-b386-f7fb7e7ffddc, edf60a86-ae5b-4f71-bc37-25062be06587
2022-03-07 09:50:56,385 [Command processor thread] INFO  server.RaftServer (RaftServerProxy.java:addNew(95)) - 728f99e8-418e-4b00-b2e8-36f688b477dd: addNew group-296081326884:[728f99e8-418e-4b00-b2e8-36f688b477dd|rpc:10.1.0.49:44013|priority:1] returns group-296081326884:java.util.concurrent.CompletableFuture@558dbdee[Not completed]
2022-03-07 09:50:56,391 [pool-595-thread-1] INFO  server.RaftServer$Division (RaftServerImpl.java:<init>(184)) - 728f99e8-418e-4b00-b2e8-36f688b477dd: new RaftServerImpl for group-296081326884:[728f99e8-418e-4b00-b2e8-36f688b477dd|rpc:10.1.0.49:44013|priority:1] with ContainerStateMachine:uninitialized
2022-03-07 09:50:56,393 [pool-595-thread-1] INFO  server.RaftServerConfigKeys (ConfUtils.java:logGet(44)) - raft.server.rpc.timeout.min = 5s (custom)
2022-03-07 09:50:56,393 [pool-595-thread-1] INFO  server.RaftServerConfigKeys (ConfUtils.java:logGet(44)) - raft.server.rpc.timeout.max = 5200ms (custom)
2022-03-07 09:50:56,393 [pool-595-thread-1] INFO  server.RaftServerConfigKeys (ConfUtils.java:logGet(44)) - raft.server.rpc.sleep.time = 25ms (default)
2022-03-07 09:50:56,393 [pool-595-thread-1] INFO  server.RaftServerConfigKeys (ConfUtils.java:logGet(44)) - raft.server.rpc.slowness.timeout = 300000ms (custom)
2022-03-07 09:50:56,393 [pool-595-thread-1] INFO  server.RaftServerConfigKeys (ConfUtils.java:logGet(44)) - raft.server.leaderelection.leader.step-down.wait-time = 10s (default)
2022-03-07 09:50:56,393 [pool-595-thread-1] INFO  server.RaftServerConfigKeys (ConfUtils.java:logGet(44)) - raft.server.sleep.deviation.threshold = 300ms (default)
2022-03-07 09:50:56,393 [pool-595-thread-1] INFO  server.RaftServerConfigKeys (ConfUtils.java:logGet(44)) - raft.server.log.appender.install.snapshot.enabled = false (custom)
2022-03-07 09:50:56,393 [pool-595-thread-1] INFO  server.RaftServer$Division (ServerState.java:<init>(105)) - 728f99e8-418e-4b00-b2e8-36f688b477dd@group-296081326884: ConfigurationManager, init=-1: [728f99e8-418e-4b00-b2e8-36f688b477dd|rpc:10.1.0.49:44013|priority:1], old=null, confs=<EMPTY_MAP>
2022-03-07 09:50:56,393 [pool-595-thread-1] INFO  server.RaftServerConfigKeys (ConfUtils.java:logGet(44)) - raft.server.storage.dir = [/home/runner/work/ozone/ozone/hadoop-ozone/integration-test/target/test-dir/MiniOzoneClusterImpl-4c099742-f0a8-499d-a606-d482764d36d7/datanode-0/data/ratis] (custom)
2022-03-07 09:50:56,393 [pool-595-thread-1] INFO  server.RaftServerConfigKeys (ConfUtils.java:logGet(44)) - raft.server.log.corruption.policy = EXCEPTION (default)
2022-03-07 09:50:56,393 [pool-595-thread-1] INFO  server.RaftServerConfigKeys (ConfUtils.java:logGet(44)) - raft.server.storage.free-space.min = 0MB (=0) (default)
2022-03-07 09:50:56,394 [pool-595-thread-1] INFO  storage.RaftStorageDirectory (RaftStorageDirectoryImpl.java:analyzeStorage(135)) - The storage directory /home/runner/work/ozone/ozone/hadoop-ozone/integration-test/target/test-dir/MiniOzoneClusterImpl-4c099742-f0a8-499d-a606-d482764d36d7/datanode-0/data/ratis/6774cf86-b56c-416d-81c1-296081326884 does not exist. Creating ...
2022-03-07 09:50:56,403 [Listener at 127.0.0.1/40579] INFO  ozone.MiniOzoneClusterImpl (MiniOzoneClusterImpl.java:lambda$waitForClusterToBeReady$0(219)) - Waiting for nodes to be ready. Got 6 of 7 DN Heartbeats.
2022-03-07 09:50:56,403 [Listener at 127.0.0.1/40579] INFO  ozone.MiniOzoneClusterImpl (MiniOzoneClusterImpl.java:lambda$waitForClusterToBeReady$0(222)) - Waiting for cluster to exit safe mode
2022-03-07 09:50:56,403 [Listener at 127.0.0.1/40579] INFO  ozone.MiniOzoneClusterImpl (MiniOzoneClusterImpl.java:lambda$waitForClusterToBeReady$0(224)) - SCM became leader
2022-03-07 09:50:56,404 [pool-595-thread-1] INFO  storage.RaftStorageDirectory (RaftStorageDirectoryImpl.java:tryLock(230)) - Lock on /home/runner/work/ozone/ozone/hadoop-ozone/integration-test/target/test-dir/MiniOzoneClusterImpl-4c099742-f0a8-499d-a606-d482764d36d7/datanode-0/data/ratis/6774cf86-b56c-416d-81c1-296081326884/in_use.lock acquired by nodename 23420@fv-az291-317
2022-03-07 09:50:56,410 [pool-595-thread-1] INFO  storage.RaftStorage (RaftStorageImpl.java:format(89)) - Storage directory /home/runner/work/ozone/ozone/hadoop-ozone/integration-test/target/test-dir/MiniOzoneClusterImpl-4c099742-f0a8-499d-a606-d482764d36d7/datanode-0/data/ratis/6774cf86-b56c-416d-81c1-296081326884 has been successfully formatted.
2022-03-07 09:50:56,435 [pool-595-thread-1] INFO  ratis.ContainerStateMachine (ContainerStateMachine.java:loadSnapshot(236)) - group-296081326884: The snapshot info is null. Setting the last applied indexto:(t:0, i:~)
2022-03-07 09:50:56,436 [pool-595-thread-1] INFO  server.RaftServerConfigKeys (ConfUtils.java:logGet(44)) - raft.server.notification.no-leader.timeout = 300000ms (custom)
2022-03-07 09:50:56,436 [pool-595-thread-1] INFO  server.RaftServerConfigKeys (ConfUtils.java:logGet(44)) - raft.server.log.use.memory = false (default)
2022-03-07 09:50:56,436 [pool-595-thread-1] INFO  server.RaftServerConfigKeys (ConfUtils.java:logGet(44)) - raft.server.log.purge.gap = 1000000 (custom)
2022-03-07 09:50:56,436 [pool-595-thread-1] INFO  server.RaftServerConfigKeys (ConfUtils.java:logGet(44)) - raft.server.log.appender.buffer.byte-limit = 33554432 (custom)
2022-03-07 09:50:56,436 [pool-595-thread-1] INFO  server.RaftServerConfigKeys (ConfUtils.java:logGet(44)) - raft.server.log.segment.size.max = 1048576 (custom)
2022-03-07 09:50:56,437 [pool-595-thread-1] INFO  server.RaftServerConfigKeys (ConfUtils.java:logGet(44)) - raft.server.log.segment.cache.num.max = 2 (custom)
2022-03-07 09:50:56,437 [pool-595-thread-1] INFO  server.RaftServerConfigKeys (ConfUtils.java:logGet(44)) - raft.server.log.segment.cache.size.max = 200MB (=209715200) (default)
2022-03-07 09:50:56,437 [pool-595-thread-1] INFO  segmented.SegmentedRaftLogWorker (SegmentedRaftLogWorker.java:<init>(182)) - new 728f99e8-418e-4b00-b2e8-36f688b477dd@group-296081326884-SegmentedRaftLogWorker for RaftStorageImpl:Storage Directory /home/runner/work/ozone/ozone/hadoop-ozone/integration-test/target/test-dir/MiniOzoneClusterImpl-4c099742-f0a8-499d-a606-d482764d36d7/datanode-0/data/ratis/6774cf86-b56c-416d-81c1-296081326884
2022-03-07 09:50:56,437 [pool-595-thread-1] INFO  server.RaftServerConfigKeys (ConfUtils.java:logGet(44)) - raft.server.log.queue.byte-limit = 4294967296 (custom)
2022-03-07 09:50:56,437 [pool-595-thread-1] INFO  server.RaftServerConfigKeys (ConfUtils.java:logGet(44)) - raft.server.log.queue.element-limit = 1024 (custom)
2022-03-07 09:50:56,437 [pool-595-thread-1] INFO  server.RaftServerConfigKeys (ConfUtils.java:logGet(44)) - raft.server.log.segment.size.max = 1048576 (custom)
2022-03-07 09:50:56,437 [pool-595-thread-1] INFO  server.RaftServerConfigKeys (ConfUtils.java:logGet(44)) - raft.server.log.preallocated.size = 16384 (custom)
2022-03-07 09:50:56,437 [pool-595-thread-1] INFO  server.RaftServerConfigKeys (ConfUtils.java:logGet(44)) - raft.server.log.force.sync.num = 128 (default)
2022-03-07 09:50:56,437 [pool-595-thread-1] INFO  server.RaftServerConfigKeys (ConfUtils.java:logGet(44)) - raft.server.log.statemachine.data.sync = true (default)
2022-03-07 09:50:56,437 [pool-595-thread-1] INFO  server.RaftServerConfigKeys (ConfUtils.java:logGet(44)) - raft.server.log.statemachine.data.sync.timeout = 10s (default)
2022-03-07 09:50:56,437 [pool-595-thread-1] INFO  server.RaftServerConfigKeys (ConfUtils.java:logGet(44)) - raft.server.log.statemachine.data.sync.timeout.retry = -1 (default)
2022-03-07 09:50:56,438 [pool-595-thread-1] INFO  server.RaftServerConfigKeys (ConfUtils.java:logGet(44)) - raft.server.log.write.buffer.size = 1048576 (custom)
2022-03-07 09:50:56,438 [pool-595-thread-1] INFO  server.RaftServerConfigKeys (ConfUtils.java:logGet(44)) - raft.server.log.statemachine.data.caching.enabled = true (custom)
2022-03-07 09:50:56,438 [pool-595-thread-1] INFO  segmented.SegmentedRaftLogWorker (SegmentedRaftLogWorker.java:lambda$new$0(133)) - 728f99e8-418e-4b00-b2e8-36f688b477dd@group-296081326884-SegmentedRaftLogWorker: flushIndex: setUnconditionally 0 -> -1
2022-03-07 09:50:56,438 [pool-595-thread-1] INFO  segmented.SegmentedRaftLogWorker (SegmentedRaftLogWorker.java:lambda$new$0(133)) - 728f99e8-418e-4b00-b2e8-36f688b477dd@group-296081326884-SegmentedRaftLogWorker: safeCacheEvictIndex: setUnconditionally 0 -> -1
2022-03-07 09:50:56,441 [EventQueue-PipelineReportForPipelineReportHandler] INFO  pipeline.PipelineManagerImpl (PipelineManagerImpl.java:openPipeline(291)) - Pipeline Pipeline[ Id: 6774cf86-b56c-416d-81c1-296081326884, Nodes: 728f99e8-418e-4b00-b2e8-36f688b477dd{ip: 10.1.0.49, host: fv-az291-317.wgnan5asplgejimfprtllbpdch.jx.internal.cloudapp.net, ports: [REPLICATION=38547, RATIS=44013, RATIS_ADMIN=44013, RATIS_SERVER=44013, STANDALONE=41573], networkLocation: /default-rack, certSerialId: null, persistedOpState: IN_SERVICE, persistedOpStateExpiryEpochSec: 0}, ReplicationConfig: RATIS/ONE, State:ALLOCATED, leaderId:728f99e8-418e-4b00-b2e8-36f688b477dd, CreationTimestamp2022-03-07T09:50:53.402Z[Etc/UTC]] moved to OPEN state
2022-03-07 09:50:56,444 [pool-595-thread-1] INFO  server.RaftServerConfigKeys (ConfUtils.java:logGet(44)) - raft.server.snapshot.auto.trigger.enabled = true (custom)
2022-03-07 09:50:56,444 [pool-595-thread-1] INFO  server.RaftServerConfigKeys (ConfUtils.java:logGet(44)) - raft.server.snapshot.auto.trigger.threshold = 10000 (custom)
2022-03-07 09:50:56,444 [pool-595-thread-1] INFO  server.RaftServerConfigKeys (ConfUtils.java:logGet(44)) - raft.server.snapshot.retention.file.num = 5 (custom)
2022-03-07 09:50:56,444 [pool-595-thread-1] INFO  server.RaftServerConfigKeys (ConfUtils.java:logGet(44)) - raft.server.log.purge.upto.snapshot.index = false (default)
2022-03-07 09:50:56,444 [pool-595-thread-1] INFO  server.RaftServerConfigKeys (ConfUtils.java:logGet(44)) - raft.server.retrycache.expirytime = 600000ms (custom)
2022-03-07 09:50:56,444 [pool-595-thread-1] INFO  server.RaftServerConfigKeys (ConfUtils.java:logGet(44)) - raft.server.retrycache.statistics.expirytime = 100μs (default)
2022-03-07 09:50:56,445 [pool-595-thread-1] INFO  server.RaftServer$Division (RaftServerImpl.java:start(301)) - 728f99e8-418e-4b00-b2e8-36f688b477dd@group-296081326884: start as a follower, conf=-1: [728f99e8-418e-4b00-b2e8-36f688b477dd|rpc:10.1.0.49:44013|priority:1], old=null
2022-03-07 09:50:56,445 [pool-595-thread-1] INFO  server.RaftServer$Division (RaftServerImpl.java:setRole(290)) - 728f99e8-418e-4b00-b2e8-36f688b477dd@group-296081326884: changes role from      null to FOLLOWER at term 0 for startAsFollower
2022-03-07 09:50:56,446 [pool-595-thread-1] INFO  impl.RoleInfo (RoleInfo.java:updateAndGet(130)) - 728f99e8-418e-4b00-b2e8-36f688b477dd: start 728f99e8-418e-4b00-b2e8-36f688b477dd@group-296081326884-FollowerState
2022-03-07 09:50:56,466 [9fd2d42e-0817-4c6b-b2b7-8c945e0a68b4@group-D482764D36D7-StateMachineUpdater] INFO  safemode.HealthyPipelineSafeModeRule (HealthyPipelineSafeModeRule.java:initializeRule(152)) - Refreshed total pipeline count is 0, healthy pipeline threshold count is 1
2022-03-07 09:50:56,476 [pool-595-thread-1] INFO  util.JmxRegister (JmxRegister.java:tryRegister(44)) - Successfully registered JMX Bean with object name Ratis:service=RaftServer,group=group-296081326884,id=728f99e8-418e-4b00-b2e8-36f688b477dd
2022-03-07 09:50:56,479 [Command processor thread] INFO  ratis.XceiverServerRatis (XceiverServerRatis.java:addGroup(769)) - Created group PipelineID=6774cf86-b56c-416d-81c1-296081326884
2022-03-07 09:50:56,479 [Command processor thread] INFO  commandhandler.CreatePipelineCommandHandler (CreatePipelineCommandHandler.java:handle(106)) - Created Pipeline RATIS ONE PipelineID=6774cf86-b56c-416d-81c1-296081326884.
2022-03-07 09:50:56,479 [Command processor thread] INFO  server.RaftServer (RaftServerProxy.java:addNew(95)) - 728f99e8-418e-4b00-b2e8-36f688b477dd: addNew group-8E452AA84769:[728f99e8-418e-4b00-b2e8-36f688b477dd|rpc:10.1.0.49:44013|priority:0, 616d314c-ba0d-49c9-8f1d-797448dad8fd|rpc:10.1.0.49:39129|priority:1, cd9cff4b-1bd9-497e-976c-8eec10b9db64|rpc:10.1.0.49:42923|priority:0] returns group-8E452AA84769:java.util.concurrent.CompletableFuture@51b22387[Not completed]
2022-03-07 09:50:56,481 [pool-595-thread-1] INFO  server.RaftServer$Division (RaftServerImpl.java:<init>(184)) - 728f99e8-418e-4b00-b2e8-36f688b477dd: new RaftServerImpl for group-8E452AA84769:[728f99e8-418e-4b00-b2e8-36f688b477dd|rpc:10.1.0.49:44013|priority:0, 616d314c-ba0d-49c9-8f1d-797448dad8fd|rpc:10.1.0.49:39129|priority:1, cd9cff4b-1bd9-497e-976c-8eec10b9db64|rpc:10.1.0.49:42923|priority:0] with ContainerStateMachine:uninitialized
2022-03-07 09:50:56,482 [pool-595-thread-1] INFO  server.RaftServerConfigKeys (ConfUtils.java:logGet(44)) - raft.server.rpc.timeout.min = 5s (custom)
2022-03-07 09:50:56,482 [pool-595-thread-1] INFO  server.RaftServerConfigKeys (ConfUtils.java:logGet(44)) - raft.server.rpc.timeout.max = 5200ms (custom)
2022-03-07 09:50:56,482 [pool-595-thread-1] INFO  server.RaftServerConfigKeys (ConfUtils.java:logGet(44)) - raft.server.rpc.sleep.time = 25ms (default)
2022-03-07 09:50:56,482 [pool-595-thread-1] INFO  server.RaftServerConfigKeys (ConfUtils.java:logGet(44)) - raft.server.rpc.slowness.timeout = 300000ms (custom)
2022-03-07 09:50:56,482 [pool-595-thread-1] INFO  server.RaftServerConfigKeys (ConfUtils.java:logGet(44)) - raft.server.leaderelection.leader.step-down.wait-time = 10s (default)
2022-03-07 09:50:56,482 [pool-595-thread-1] INFO  server.RaftServerConfigKeys (ConfUtils.java:logGet(44)) - raft.server.sleep.deviation.threshold = 300ms (default)
2022-03-07 09:50:56,482 [pool-595-thread-1] INFO  server.RaftServerConfigKeys (ConfUtils.java:logGet(44)) - raft.server.log.appender.install.snapshot.enabled = false (custom)
2022-03-07 09:50:56,482 [pool-595-thread-1] INFO  server.RaftServer$Division (ServerState.java:<init>(105)) - 728f99e8-418e-4b00-b2e8-36f688b477dd@group-8E452AA84769: ConfigurationManager, init=-1: [728f99e8-418e-4b00-b2e8-36f688b477dd|rpc:10.1.0.49:44013|priority:0, 616d314c-ba0d-49c9-8f1d-797448dad8fd|rpc:10.1.0.49:39129|priority:1, cd9cff4b-1bd9-497e-976c-8eec10b9db64|rpc:10.1.0.49:42923|priority:0], old=null, confs=<EMPTY_MAP>
2022-03-07 09:50:56,482 [pool-595-thread-1] INFO  server.RaftServerConfigKeys (ConfUtils.java:logGet(44)) - raft.server.storage.dir = [/home/runner/work/ozone/ozone/hadoop-ozone/integration-test/target/test-dir/MiniOzoneClusterImpl-4c099742-f0a8-499d-a606-d482764d36d7/datanode-0/data/ratis] (custom)
2022-03-07 09:50:56,482 [pool-595-thread-1] INFO  server.RaftServerConfigKeys (ConfUtils.java:logGet(44)) - raft.server.log.corruption.policy = EXCEPTION (default)
2022-03-07 09:50:56,482 [pool-595-thread-1] INFO  server.RaftServerConfigKeys (ConfUtils.java:logGet(44)) - raft.server.storage.free-space.min = 0MB (=0) (default)
2022-03-07 09:50:56,482 [pool-595-thread-1] INFO  storage.RaftStorageDirectory (RaftStorageDirectoryImpl.java:analyzeStorage(135)) - The storage directory /home/runner/work/ozone/ozone/hadoop-ozone/integration-test/target/test-dir/MiniOzoneClusterImpl-4c099742-f0a8-499d-a606-d482764d36d7/datanode-0/data/ratis/8dcd701a-e220-441a-b05a-8e452aa84769 does not exist. Creating ...
2022-03-07 09:50:56,484 [pool-595-thread-1] INFO  storage.RaftStorageDirectory (RaftStorageDirectoryImpl.java:tryLock(230)) - Lock on /home/runner/work/ozone/ozone/hadoop-ozone/integration-test/target/test-dir/MiniOzoneClusterImpl-4c099742-f0a8-499d-a606-d482764d36d7/datanode-0/data/ratis/8dcd701a-e220-441a-b05a-8e452aa84769/in_use.lock acquired by nodename 23420@fv-az291-317
2022-03-07 09:50:56,485 [pool-595-thread-1] INFO  storage.RaftStorage (RaftStorageImpl.java:format(89)) - Storage directory /home/runner/work/ozone/ozone/hadoop-ozone/integration-test/target/test-dir/MiniOzoneClusterImpl-4c099742-f0a8-499d-a606-d482764d36d7/datanode-0/data/ratis/8dcd701a-e220-441a-b05a-8e452aa84769 has been successfully formatted.
2022-03-07 09:50:56,488 [pool-595-thread-1] INFO  ratis.ContainerStateMachine (ContainerStateMachine.java:loadSnapshot(236)) - group-8E452AA84769: The snapshot info is null. Setting the last applied indexto:(t:0, i:~)
2022-03-07 09:50:56,489 [pool-595-thread-1] INFO  server.RaftServerConfigKeys (ConfUtils.java:logGet(44)) - raft.server.notification.no-leader.timeout = 300000ms (custom)
2022-03-07 09:50:56,489 [pool-595-thread-1] INFO  server.RaftServerConfigKeys (ConfUtils.java:logGet(44)) - raft.server.log.use.memory = false (default)
2022-03-07 09:50:56,489 [pool-595-thread-1] INFO  server.RaftServerConfigKeys (ConfUtils.java:logGet(44)) - raft.server.log.purge.gap = 1000000 (custom)
2022-03-07 09:50:56,489 [pool-595-thread-1] INFO  server.RaftServerConfigKeys (ConfUtils.java:logGet(44)) - raft.server.log.appender.buffer.byte-limit = 33554432 (custom)
2022-03-07 09:50:56,489 [pool-595-thread-1] INFO  server.RaftServerConfigKeys (ConfUtils.java:logGet(44)) - raft.server.log.segment.size.max = 1048576 (custom)
2022-03-07 09:50:56,490 [pool-595-thread-1] INFO  server.RaftServerConfigKeys (ConfUtils.java:logGet(44)) - raft.server.log.segment.cache.num.max = 2 (custom)
2022-03-07 09:50:56,490 [pool-595-thread-1] INFO  server.RaftServerConfigKeys (ConfUtils.java:logGet(44)) - raft.server.log.segment.cache.size.max = 200MB (=209715200) (default)
2022-03-07 09:50:56,490 [pool-595-thread-1] INFO  segmented.SegmentedRaftLogWorker (SegmentedRaftLogWorker.java:<init>(182)) - new 728f99e8-418e-4b00-b2e8-36f688b477dd@group-8E452AA84769-SegmentedRaftLogWorker for RaftStorageImpl:Storage Directory /home/runner/work/ozone/ozone/hadoop-ozone/integration-test/target/test-dir/MiniOzoneClusterImpl-4c099742-f0a8-499d-a606-d482764d36d7/datanode-0/data/ratis/8dcd701a-e220-441a-b05a-8e452aa84769
2022-03-07 09:50:56,493 [pool-595-thread-1] INFO  server.RaftServerConfigKeys (ConfUtils.java:logGet(44)) - raft.server.log.queue.byte-limit = 4294967296 (custom)
2022-03-07 09:50:56,493 [pool-595-thread-1] INFO  server.RaftServerConfigKeys (ConfUtils.java:logGet(44)) - raft.server.log.queue.element-limit = 1024 (custom)
2022-03-07 09:50:56,493 [pool-595-thread-1] INFO  server.RaftServerConfigKeys (ConfUtils.java:logGet(44)) - raft.server.log.segment.size.max = 1048576 (custom)
2022-03-07 09:50:56,493 [pool-595-thread-1] INFO  server.RaftServerConfigKeys (ConfUtils.java:logGet(44)) - raft.server.log.preallocated.size = 16384 (custom)
2022-03-07 09:50:56,515 [pool-595-thread-1] INFO  server.RaftServerConfigKeys (ConfUtils.java:logGet(44)) - raft.server.log.force.sync.num = 128 (default)
2022-03-07 09:50:56,515 [pool-595-thread-1] INFO  server.RaftServerConfigKeys (ConfUtils.java:logGet(44)) - raft.server.log.statemachine.data.sync = true (default)
2022-03-07 09:50:56,515 [pool-595-thread-1] INFO  server.RaftServerConfigKeys (ConfUtils.java:logGet(44)) - raft.server.log.statemachine.data.sync.timeout = 10s (default)
2022-03-07 09:50:56,516 [pool-595-thread-1] INFO  server.RaftServerConfigKeys (ConfUtils.java:logGet(44)) - raft.server.log.statemachine.data.sync.timeout.retry = -1 (default)
2022-03-07 09:50:56,516 [pool-595-thread-1] INFO  server.RaftServerConfigKeys (ConfUtils.java:logGet(44)) - raft.server.log.write.buffer.size = 1048576 (custom)
2022-03-07 09:50:56,517 [pool-595-thread-1] INFO  server.RaftServerConfigKeys (ConfUtils.java:logGet(44)) - raft.server.log.statemachine.data.caching.enabled = true (custom)
2022-03-07 09:50:56,517 [pool-595-thread-1] INFO  segmented.SegmentedRaftLogWorker (SegmentedRaftLogWorker.java:lambda$new$0(133)) - 728f99e8-418e-4b00-b2e8-36f688b477dd@group-8E452AA84769-SegmentedRaftLogWorker: flushIndex: setUnconditionally 0 -> -1
2022-03-07 09:50:56,517 [pool-595-thread-1] INFO  segmented.SegmentedRaftLogWorker (SegmentedRaftLogWorker.java:lambda$new$0(133)) - 728f99e8-418e-4b00-b2e8-36f688b477dd@group-8E452AA84769-SegmentedRaftLogWorker: safeCacheEvictIndex: setUnconditionally 0 -> -1
2022-03-07 09:50:56,515 [EventQueue-OpenPipelineForHealthyPipelineSafeModeRule] INFO  safemode.SCMSafeModeManager (HealthyPipelineSafeModeRule.java:process(124)) - SCM in safe mode. Healthy pipelines reported count is 0, required healthy pipeline reported count is 1
2022-03-07 09:50:56,527 [EventQueue-OpenPipelineForHealthyPipelineSafeModeRule] INFO  safemode.SCMSafeModeManager (HealthyPipelineSafeModeRule.java:process(124)) - SCM in safe mode. Healthy pipelines reported count is 0, required healthy pipeline reported count is 1
2022-03-07 09:50:56,531 [pool-595-thread-1] INFO  server.RaftServerConfigKeys (ConfUtils.java:logGet(44)) - raft.server.snapshot.auto.trigger.enabled = true (custom)
2022-03-07 09:50:56,531 [pool-595-thread-1] INFO  server.RaftServerConfigKeys (ConfUtils.java:logGet(44)) - raft.server.snapshot.auto.trigger.threshold = 10000 (custom)
2022-03-07 09:50:56,531 [pool-595-thread-1] INFO  server.RaftServerConfigKeys (ConfUtils.java:logGet(44)) - raft.server.snapshot.retention.file.num = 5 (custom)
2022-03-07 09:50:56,531 [pool-595-thread-1] INFO  server.RaftServerConfigKeys (ConfUtils.java:logGet(44)) - raft.server.log.purge.upto.snapshot.index = false (default)
2022-03-07 09:50:56,531 [pool-595-thread-1] INFO  server.RaftServerConfigKeys (ConfUtils.java:logGet(44)) - raft.server.retrycache.expirytime = 600000ms (custom)
2022-03-07 09:50:56,531 [pool-595-thread-1] INFO  server.RaftServerConfigKeys (ConfUtils.java:logGet(44)) - raft.server.retrycache.statistics.expirytime = 100μs (default)
2022-03-07 09:50:56,532 [pool-595-thread-1] INFO  server.RaftServer$Division (RaftServerImpl.java:start(301)) - 728f99e8-418e-4b00-b2e8-36f688b477dd@group-8E452AA84769: start as a follower, conf=-1: [728f99e8-418e-4b00-b2e8-36f688b477dd|rpc:10.1.0.49:44013|priority:0, 616d314c-ba0d-49c9-8f1d-797448dad8fd|rpc:10.1.0.49:39129|priority:1, cd9cff4b-1bd9-497e-976c-8eec10b9db64|rpc:10.1.0.49:42923|priority:0], old=null
2022-03-07 09:50:56,532 [pool-595-thread-1] INFO  server.RaftServer$Division (RaftServerImpl.java:setRole(290)) - 728f99e8-418e-4b00-b2e8-36f688b477dd@group-8E452AA84769: changes role from      null to FOLLOWER at term 0 for startAsFollower
2022-03-07 09:50:56,532 [pool-595-thread-1] INFO  impl.RoleInfo (RoleInfo.java:updateAndGet(130)) - 728f99e8-418e-4b00-b2e8-36f688b477dd: start 728f99e8-418e-4b00-b2e8-36f688b477dd@group-8E452AA84769-FollowerState
2022-03-07 09:50:56,538 [pool-595-thread-1] INFO  util.JmxRegister (JmxRegister.java:tryRegister(44)) - Successfully registered JMX Bean with object name Ratis:service=RaftServer,group=group-8E452AA84769,id=728f99e8-418e-4b00-b2e8-36f688b477dd
2022-03-07 09:50:56,548 [Command processor thread] INFO  ratis.XceiverServerRatis (XceiverServerRatis.java:addGroup(769)) - Created group PipelineID=8dcd701a-e220-441a-b05a-8e452aa84769
2022-03-07 09:50:56,562 [grpc-default-executor-2] INFO  server.RaftServer (RaftServerProxy.java:addNew(95)) - 616d314c-ba0d-49c9-8f1d-797448dad8fd: addNew group-8E452AA84769:[728f99e8-418e-4b00-b2e8-36f688b477dd|rpc:10.1.0.49:44013|dataStream:|priority:0, 616d314c-ba0d-49c9-8f1d-797448dad8fd|rpc:10.1.0.49:39129|dataStream:|priority:1, cd9cff4b-1bd9-497e-976c-8eec10b9db64|rpc:10.1.0.49:42923|dataStream:|priority:0] returns group-8E452AA84769:java.util.concurrent.CompletableFuture@4abeb592[Not completed]
2022-03-07 09:50:56,572 [IPC Server handler 4 on default port 38787] INFO  net.NetworkTopologyImpl (NetworkTopologyImpl.java:add(112)) - Added a new node: /default-rack/79ee019c-6239-4f85-9f3b-dddcaaaeb0fb
2022-03-07 09:50:56,573 [IPC Server handler 4 on default port 38787] INFO  node.SCMNodeManager (SCMNodeManager.java:register(391)) - Registered Data node : 79ee019c-6239-4f85-9f3b-dddcaaaeb0fb{ip: 10.1.0.49, host: fv-az291-317.wgnan5asplgejimfprtllbpdch.jx.internal.cloudapp.net, ports: [REPLICATION=42249, RATIS=41163, RATIS_ADMIN=41163, RATIS_SERVER=41163, STANDALONE=43119], networkLocation: /default-rack, certSerialId: null, persistedOpState: null, persistedOpStateExpiryEpochSec: 0}
2022-03-07 09:50:56,574 [EventQueue-NewNodeForNewNodeHandler] INFO  pipeline.BackgroundPipelineCreator (BackgroundPipelineCreator.java:notifyEventTriggered(285)) - trigger a one-shot run on RatisPipelineUtilsThread.
2022-03-07 09:50:56,579 [RatisPipelineUtilsThread - 0] INFO  pipeline.RatisPipelineProvider (RatisPipelineProvider.java:lambda$create$0(183)) - Sending CreatePipelineCommand for pipeline:PipelineID=2fb996d2-0b8f-4226-89bb-c4519756b354 to datanode:79ee019c-6239-4f85-9f3b-dddcaaaeb0fb
2022-03-07 09:50:56,581 [9fd2d42e-0817-4c6b-b2b7-8c945e0a68b4@group-D482764D36D7-StateMachineUpdater] INFO  pipeline.PipelineStateManagerImpl (PipelineStateManagerImpl.java:addPipeline(101)) - Created pipeline Pipeline[ Id: 2fb996d2-0b8f-4226-89bb-c4519756b354, Nodes: 79ee019c-6239-4f85-9f3b-dddcaaaeb0fb{ip: 10.1.0.49, host: fv-az291-317.wgnan5asplgejimfprtllbpdch.jx.internal.cloudapp.net, ports: [REPLICATION=42249, RATIS=41163, RATIS_ADMIN=41163, RATIS_SERVER=41163, STANDALONE=43119], networkLocation: /default-rack, certSerialId: null, persistedOpState: IN_SERVICE, persistedOpStateExpiryEpochSec: 0}, ReplicationConfig: RATIS/ONE, State:ALLOCATED, leaderId:, CreationTimestamp2022-03-07T09:50:56.579Z[Etc/UTC]].
2022-03-07 09:50:56,581 [9fd2d42e-0817-4c6b-b2b7-8c945e0a68b4@group-D482764D36D7-StateMachineUpdater] INFO  safemode.HealthyPipelineSafeModeRule (HealthyPipelineSafeModeRule.java:initializeRule(152)) - Refreshed total pipeline count is 0, healthy pipeline threshold count is 1
2022-03-07 09:50:56,592 [pool-616-thread-1] INFO  server.RaftServer$Division (RaftServerImpl.java:<init>(184)) - 616d314c-ba0d-49c9-8f1d-797448dad8fd: new RaftServerImpl for group-8E452AA84769:[728f99e8-418e-4b00-b2e8-36f688b477dd|rpc:10.1.0.49:44013|dataStream:|priority:0, 616d314c-ba0d-49c9-8f1d-797448dad8fd|rpc:10.1.0.49:39129|dataStream:|priority:1, cd9cff4b-1bd9-497e-976c-8eec10b9db64|rpc:10.1.0.49:42923|dataStream:|priority:0] with ContainerStateMachine:uninitialized
2022-03-07 09:50:56,592 [pool-616-thread-1] INFO  server.RaftServerConfigKeys (ConfUtils.java:logGet(44)) - raft.server.rpc.timeout.min = 5s (custom)
2022-03-07 09:50:56,592 [pool-616-thread-1] INFO  server.RaftServerConfigKeys (ConfUtils.java:logGet(44)) - raft.server.rpc.timeout.max = 5200ms (custom)
2022-03-07 09:50:56,592 [pool-616-thread-1] INFO  server.RaftServerConfigKeys (ConfUtils.java:logGet(44)) - raft.server.rpc.sleep.time = 25ms (default)
2022-03-07 09:50:56,592 [pool-616-thread-1] INFO  server.RaftServerConfigKeys (ConfUtils.java:logGet(44)) - raft.server.rpc.slowness.timeout = 300000ms (custom)
2022-03-07 09:50:56,592 [pool-616-thread-1] INFO  server.RaftServerConfigKeys (ConfUtils.java:logGet(44)) - raft.server.leaderelection.leader.step-down.wait-time = 10s (default)
2022-03-07 09:50:56,592 [pool-616-thread-1] INFO  server.RaftServerConfigKeys (ConfUtils.java:logGet(44)) - raft.server.sleep.deviation.threshold = 300ms (default)
2022-03-07 09:50:56,593 [pool-616-thread-1] INFO  server.RaftServerConfigKeys (ConfUtils.java:logGet(44)) - raft.server.log.appender.install.snapshot.enabled = false (custom)
2022-03-07 09:50:56,593 [pool-616-thread-1] INFO  server.RaftServer$Division (ServerState.java:<init>(105)) - 616d314c-ba0d-49c9-8f1d-797448dad8fd@group-8E452AA84769: ConfigurationManager, init=-1: [728f99e8-418e-4b00-b2e8-36f688b477dd|rpc:10.1.0.49:44013|dataStream:|priority:0, 616d314c-ba0d-49c9-8f1d-797448dad8fd|rpc:10.1.0.49:39129|dataStream:|priority:1, cd9cff4b-1bd9-497e-976c-8eec10b9db64|rpc:10.1.0.49:42923|dataStream:|priority:0], old=null, confs=<EMPTY_MAP>
2022-03-07 09:50:56,593 [pool-616-thread-1] INFO  server.RaftServerConfigKeys (ConfUtils.java:logGet(44)) - raft.server.storage.dir = [/home/runner/work/ozone/ozone/hadoop-ozone/integration-test/target/test-dir/MiniOzoneClusterImpl-4c099742-f0a8-499d-a606-d482764d36d7/datanode-1/data/ratis] (custom)
2022-03-07 09:50:56,593 [pool-616-thread-1] INFO  server.RaftServerConfigKeys (ConfUtils.java:logGet(44)) - raft.server.log.corruption.policy = EXCEPTION (default)
2022-03-07 09:50:56,593 [pool-616-thread-1] INFO  server.RaftServerConfigKeys (ConfUtils.java:logGet(44)) - raft.server.storage.free-space.min = 0MB (=0) (default)
2022-03-07 09:50:56,593 [pool-616-thread-1] INFO  storage.RaftStorageDirectory (RaftStorageDirectoryImpl.java:analyzeStorage(135)) - The storage directory /home/runner/work/ozone/ozone/hadoop-ozone/integration-test/target/test-dir/MiniOzoneClusterImpl-4c099742-f0a8-499d-a606-d482764d36d7/datanode-1/data/ratis/8dcd701a-e220-441a-b05a-8e452aa84769 does not exist. Creating ...
2022-03-07 09:50:56,594 [pool-616-thread-1] INFO  storage.RaftStorageDirectory (RaftStorageDirectoryImpl.java:tryLock(230)) - Lock on /home/runner/work/ozone/ozone/hadoop-ozone/integration-test/target/test-dir/MiniOzoneClusterImpl-4c099742-f0a8-499d-a606-d482764d36d7/datanode-1/data/ratis/8dcd701a-e220-441a-b05a-8e452aa84769/in_use.lock acquired by nodename 23420@fv-az291-317
2022-03-07 09:50:56,595 [pool-616-thread-1] INFO  storage.RaftStorage (RaftStorageImpl.java:format(89)) - Storage directory /home/runner/work/ozone/ozone/hadoop-ozone/integration-test/target/test-dir/MiniOzoneClusterImpl-4c099742-f0a8-499d-a606-d482764d36d7/datanode-1/data/ratis/8dcd701a-e220-441a-b05a-8e452aa84769 has been successfully formatted.
2022-03-07 09:50:56,604 [pool-616-thread-1] INFO  ratis.ContainerStateMachine (ContainerStateMachine.java:loadSnapshot(236)) - group-8E452AA84769: The snapshot info is null. Setting the last applied indexto:(t:0, i:~)
2022-03-07 09:50:56,616 [pool-616-thread-1] INFO  server.RaftServerConfigKeys (ConfUtils.java:logGet(44)) - raft.server.notification.no-leader.timeout = 300000ms (custom)
2022-03-07 09:50:56,616 [pool-616-thread-1] INFO  server.RaftServerConfigKeys (ConfUtils.java:logGet(44)) - raft.server.log.use.memory = false (default)
2022-03-07 09:50:56,616 [pool-616-thread-1] INFO  server.RaftServerConfigKeys (ConfUtils.java:logGet(44)) - raft.server.log.purge.gap = 1000000 (custom)
2022-03-07 09:50:56,616 [pool-616-thread-1] INFO  server.RaftServerConfigKeys (ConfUtils.java:logGet(44)) - raft.server.log.appender.buffer.byte-limit = 33554432 (custom)
2022-03-07 09:50:56,616 [pool-616-thread-1] INFO  server.RaftServerConfigKeys (ConfUtils.java:logGet(44)) - raft.server.log.segment.size.max = 1048576 (custom)
2022-03-07 09:50:56,617 [pool-616-thread-1] INFO  server.RaftServerConfigKeys (ConfUtils.java:logGet(44)) - raft.server.log.segment.cache.num.max = 2 (custom)
2022-03-07 09:50:56,617 [pool-616-thread-1] INFO  server.RaftServerConfigKeys (ConfUtils.java:logGet(44)) - raft.server.log.segment.cache.size.max = 200MB (=209715200) (default)
2022-03-07 09:50:56,617 [pool-616-thread-1] INFO  segmented.SegmentedRaftLogWorker (SegmentedRaftLogWorker.java:<init>(182)) - new 616d314c-ba0d-49c9-8f1d-797448dad8fd@group-8E452AA84769-SegmentedRaftLogWorker for RaftStorageImpl:Storage Directory /home/runner/work/ozone/ozone/hadoop-ozone/integration-test/target/test-dir/MiniOzoneClusterImpl-4c099742-f0a8-499d-a606-d482764d36d7/datanode-1/data/ratis/8dcd701a-e220-441a-b05a-8e452aa84769
2022-03-07 09:50:56,617 [pool-616-thread-1] INFO  server.RaftServerConfigKeys (ConfUtils.java:logGet(44)) - raft.server.log.queue.byte-limit = 4294967296 (custom)
2022-03-07 09:50:56,617 [pool-616-thread-1] INFO  server.RaftServerConfigKeys (ConfUtils.java:logGet(44)) - raft.server.log.queue.element-limit = 1024 (custom)
2022-03-07 09:50:56,617 [pool-616-thread-1] INFO  server.RaftServerConfigKeys (ConfUtils.java:logGet(44)) - raft.server.log.segment.size.max = 1048576 (custom)
2022-03-07 09:50:56,617 [pool-616-thread-1] INFO  server.RaftServerConfigKeys (ConfUtils.java:logGet(44)) - raft.server.log.preallocated.size = 16384 (custom)
2022-03-07 09:50:56,617 [pool-616-thread-1] INFO  server.RaftServerConfigKeys (ConfUtils.java:logGet(44)) - raft.server.log.force.sync.num = 128 (default)
2022-03-07 09:50:56,617 [pool-616-thread-1] INFO  server.RaftServerConfigKeys (ConfUtils.java:logGet(44)) - raft.server.log.statemachine.data.sync = true (default)
2022-03-07 09:50:56,624 [pool-616-thread-1] INFO  server.RaftServerConfigKeys (ConfUtils.java:logGet(44)) - raft.server.log.statemachine.data.sync.timeout = 10s (default)
2022-03-07 09:50:56,625 [pool-616-thread-1] INFO  server.RaftServerConfigKeys (ConfUtils.java:logGet(44)) - raft.server.log.statemachine.data.sync.timeout.retry = -1 (default)
2022-03-07 09:50:56,626 [pool-616-thread-1] INFO  server.RaftServerConfigKeys (ConfUtils.java:logGet(44)) - raft.server.log.write.buffer.size = 1048576 (custom)
2022-03-07 09:50:56,626 [pool-616-thread-1] INFO  server.RaftServerConfigKeys (ConfUtils.java:logGet(44)) - raft.server.log.statemachine.data.caching.enabled = true (custom)
2022-03-07 09:50:56,626 [pool-616-thread-1] INFO  segmented.SegmentedRaftLogWorker (SegmentedRaftLogWorker.java:lambda$new$0(133)) - 616d314c-ba0d-49c9-8f1d-797448dad8fd@group-8E452AA84769-SegmentedRaftLogWorker: flushIndex: setUnconditionally 0 -> -1
2022-03-07 09:50:56,626 [pool-616-thread-1] INFO  segmented.SegmentedRaftLogWorker (SegmentedRaftLogWorker.java:lambda$new$0(133)) - 616d314c-ba0d-49c9-8f1d-797448dad8fd@group-8E452AA84769-SegmentedRaftLogWorker: safeCacheEvictIndex: setUnconditionally 0 -> -1
2022-03-07 09:50:56,629 [pool-616-thread-1] INFO  server.RaftServerConfigKeys (ConfUtils.java:logGet(44)) - raft.server.snapshot.auto.trigger.enabled = true (custom)
2022-03-07 09:50:56,629 [pool-616-thread-1] INFO  server.RaftServerConfigKeys (ConfUtils.java:logGet(44)) - raft.server.snapshot.auto.trigger.threshold = 10000 (custom)
2022-03-07 09:50:56,629 [pool-616-thread-1] INFO  server.RaftServerConfigKeys (ConfUtils.java:logGet(44)) - raft.server.snapshot.retention.file.num = 5 (custom)
2022-03-07 09:50:56,629 [pool-616-thread-1] INFO  server.RaftServerConfigKeys (ConfUtils.java:logGet(44)) - raft.server.log.purge.upto.snapshot.index = false (default)
2022-03-07 09:50:56,629 [pool-616-thread-1] INFO  server.RaftServerConfigKeys (ConfUtils.java:logGet(44)) - raft.server.retrycache.expirytime = 600000ms (custom)
2022-03-07 09:50:56,629 [pool-616-thread-1] INFO  server.RaftServerConfigKeys (ConfUtils.java:logGet(44)) - raft.server.retrycache.statistics.expirytime = 100μs (default)
2022-03-07 09:50:56,631 [pool-616-thread-1] INFO  server.RaftServer$Division (RaftServerImpl.java:start(301)) - 616d314c-ba0d-49c9-8f1d-797448dad8fd@group-8E452AA84769: start as a follower, conf=-1: [728f99e8-418e-4b00-b2e8-36f688b477dd|rpc:10.1.0.49:44013|dataStream:|priority:0, 616d314c-ba0d-49c9-8f1d-797448dad8fd|rpc:10.1.0.49:39129|dataStream:|priority:1, cd9cff4b-1bd9-497e-976c-8eec10b9db64|rpc:10.1.0.49:42923|dataStream:|priority:0], old=null
2022-03-07 09:50:56,631 [pool-616-thread-1] INFO  server.RaftServer$Division (RaftServerImpl.java:setRole(290)) - 616d314c-ba0d-49c9-8f1d-797448dad8fd@group-8E452AA84769: changes role from      null to FOLLOWER at term 0 for startAsFollower
2022-03-07 09:50:56,631 [pool-616-thread-1] INFO  impl.RoleInfo (RoleInfo.java:updateAndGet(130)) - 616d314c-ba0d-49c9-8f1d-797448dad8fd: start 616d314c-ba0d-49c9-8f1d-797448dad8fd@group-8E452AA84769-FollowerState
2022-03-07 09:50:56,631 [pool-616-thread-1] INFO  util.JmxRegister (JmxRegister.java:tryRegister(44)) - Successfully registered JMX Bean with object name Ratis:service=RaftServer,group=group-8E452AA84769,id=616d314c-ba0d-49c9-8f1d-797448dad8fd
2022-03-07 09:50:56,673 [grpc-default-executor-2] INFO  server.RaftServer (RaftServerProxy.java:addNew(95)) - cd9cff4b-1bd9-497e-976c-8eec10b9db64: addNew group-8E452AA84769:[728f99e8-418e-4b00-b2e8-36f688b477dd|rpc:10.1.0.49:44013|dataStream:|priority:0, 616d314c-ba0d-49c9-8f1d-797448dad8fd|rpc:10.1.0.49:39129|dataStream:|priority:1, cd9cff4b-1bd9-497e-976c-8eec10b9db64|rpc:10.1.0.49:42923|dataStream:|priority:0] returns group-8E452AA84769:java.util.concurrent.CompletableFuture@20832f4e[Not completed]
2022-03-07 09:50:56,675 [pool-637-thread-1] INFO  server.RaftServer$Division (RaftServerImpl.java:<init>(184)) - cd9cff4b-1bd9-497e-976c-8eec10b9db64: new RaftServerImpl for group-8E452AA84769:[728f99e8-418e-4b00-b2e8-36f688b477dd|rpc:10.1.0.49:44013|dataStream:|priority:0, 616d314c-ba0d-49c9-8f1d-797448dad8fd|rpc:10.1.0.49:39129|dataStream:|priority:1, cd9cff4b-1bd9-497e-976c-8eec10b9db64|rpc:10.1.0.49:42923|dataStream:|priority:0] with ContainerStateMachine:uninitialized
2022-03-07 09:50:56,675 [pool-637-thread-1] INFO  server.RaftServerConfigKeys (ConfUtils.java:logGet(44)) - raft.server.rpc.timeout.min = 5s (custom)
2022-03-07 09:50:56,675 [pool-637-thread-1] INFO  server.RaftServerConfigKeys (ConfUtils.java:logGet(44)) - raft.server.rpc.timeout.max = 5200ms (custom)
2022-03-07 09:50:56,675 [pool-637-thread-1] INFO  server.RaftServerConfigKeys (ConfUtils.java:logGet(44)) - raft.server.rpc.sleep.time = 25ms (default)
2022-03-07 09:50:56,675 [pool-637-thread-1] INFO  server.RaftServerConfigKeys (ConfUtils.java:logGet(44)) - raft.server.rpc.slowness.timeout = 300000ms (custom)
2022-03-07 09:50:56,675 [pool-637-thread-1] INFO  server.RaftServerConfigKeys (ConfUtils.java:logGet(44)) - raft.server.leaderelection.leader.step-down.wait-time = 10s (default)
2022-03-07 09:50:56,675 [pool-637-thread-1] INFO  server.RaftServerConfigKeys (ConfUtils.java:logGet(44)) - raft.server.sleep.deviation.threshold = 300ms (default)
2022-03-07 09:50:56,675 [pool-637-thread-1] INFO  server.RaftServerConfigKeys (ConfUtils.java:logGet(44)) - raft.server.log.appender.install.snapshot.enabled = false (custom)
2022-03-07 09:50:56,675 [pool-637-thread-1] INFO  server.RaftServer$Division (ServerState.java:<init>(105)) - cd9cff4b-1bd9-497e-976c-8eec10b9db64@group-8E452AA84769: ConfigurationManager, init=-1: [728f99e8-418e-4b00-b2e8-36f688b477dd|rpc:10.1.0.49:44013|dataStream:|priority:0, 616d314c-ba0d-49c9-8f1d-797448dad8fd|rpc:10.1.0.49:39129|dataStream:|priority:1, cd9cff4b-1bd9-497e-976c-8eec10b9db64|rpc:10.1.0.49:42923|dataStream:|priority:0], old=null, confs=<EMPTY_MAP>
2022-03-07 09:50:56,675 [pool-637-thread-1] INFO  server.RaftServerConfigKeys (ConfUtils.java:logGet(44)) - raft.server.storage.dir = [/home/runner/work/ozone/ozone/hadoop-ozone/integration-test/target/test-dir/MiniOzoneClusterImpl-4c099742-f0a8-499d-a606-d482764d36d7/datanode-2/data/ratis] (custom)
2022-03-07 09:50:56,676 [pool-637-thread-1] INFO  server.RaftServerConfigKeys (ConfUtils.java:logGet(44)) - raft.server.log.corruption.policy = EXCEPTION (default)
2022-03-07 09:50:56,676 [pool-637-thread-1] INFO  server.RaftServerConfigKeys (ConfUtils.java:logGet(44)) - raft.server.storage.free-space.min = 0MB (=0) (default)
2022-03-07 09:50:56,676 [pool-637-thread-1] INFO  storage.RaftStorageDirectory (RaftStorageDirectoryImpl.java:analyzeStorage(135)) - The storage directory /home/runner/work/ozone/ozone/hadoop-ozone/integration-test/target/test-dir/MiniOzoneClusterImpl-4c099742-f0a8-499d-a606-d482764d36d7/datanode-2/data/ratis/8dcd701a-e220-441a-b05a-8e452aa84769 does not exist. Creating ...
2022-03-07 09:50:56,682 [pool-637-thread-1] INFO  storage.RaftStorageDirectory (RaftStorageDirectoryImpl.java:tryLock(230)) - Lock on /home/runner/work/ozone/ozone/hadoop-ozone/integration-test/target/test-dir/MiniOzoneClusterImpl-4c099742-f0a8-499d-a606-d482764d36d7/datanode-2/data/ratis/8dcd701a-e220-441a-b05a-8e452aa84769/in_use.lock acquired by nodename 23420@fv-az291-317
2022-03-07 09:50:56,689 [pool-637-thread-1] INFO  storage.RaftStorage (RaftStorageImpl.java:format(89)) - Storage directory /home/runner/work/ozone/ozone/hadoop-ozone/integration-test/target/test-dir/MiniOzoneClusterImpl-4c099742-f0a8-499d-a606-d482764d36d7/datanode-2/data/ratis/8dcd701a-e220-441a-b05a-8e452aa84769 has been successfully formatted.
2022-03-07 09:50:56,710 [pool-637-thread-1] INFO  ratis.ContainerStateMachine (ContainerStateMachine.java:loadSnapshot(236)) - group-8E452AA84769: The snapshot info is null. Setting the last applied indexto:(t:0, i:~)
2022-03-07 09:50:56,710 [pool-637-thread-1] INFO  server.RaftServerConfigKeys (ConfUtils.java:logGet(44)) - raft.server.notification.no-leader.timeout = 300000ms (custom)
2022-03-07 09:50:56,710 [pool-637-thread-1] INFO  server.RaftServerConfigKeys (ConfUtils.java:logGet(44)) - raft.server.log.use.memory = false (default)
2022-03-07 09:50:56,710 [pool-637-thread-1] INFO  server.RaftServerConfigKeys (ConfUtils.java:logGet(44)) - raft.server.log.purge.gap = 1000000 (custom)
2022-03-07 09:50:56,710 [pool-637-thread-1] INFO  server.RaftServerConfigKeys (ConfUtils.java:logGet(44)) - raft.server.log.appender.buffer.byte-limit = 33554432 (custom)
2022-03-07 09:50:56,710 [pool-637-thread-1] INFO  server.RaftServerConfigKeys (ConfUtils.java:logGet(44)) - raft.server.log.segment.size.max = 1048576 (custom)
2022-03-07 09:50:56,711 [pool-637-thread-1] INFO  server.RaftServerConfigKeys (ConfUtils.java:logGet(44)) - raft.server.log.segment.cache.num.max = 2 (custom)
2022-03-07 09:50:56,711 [pool-637-thread-1] INFO  server.RaftServerConfigKeys (ConfUtils.java:logGet(44)) - raft.server.log.segment.cache.size.max = 200MB (=209715200) (default)
2022-03-07 09:50:56,711 [pool-637-thread-1] INFO  segmented.SegmentedRaftLogWorker (SegmentedRaftLogWorker.java:<init>(182)) - new cd9cff4b-1bd9-497e-976c-8eec10b9db64@group-8E452AA84769-SegmentedRaftLogWorker for RaftStorageImpl:Storage Directory /home/runner/work/ozone/ozone/hadoop-ozone/integration-test/target/test-dir/MiniOzoneClusterImpl-4c099742-f0a8-499d-a606-d482764d36d7/datanode-2/data/ratis/8dcd701a-e220-441a-b05a-8e452aa84769
2022-03-07 09:50:56,711 [pool-637-thread-1] INFO  server.RaftServerConfigKeys (ConfUtils.java:logGet(44)) - raft.server.log.queue.byte-limit = 4294967296 (custom)
2022-03-07 09:50:56,711 [pool-637-thread-1] INFO  server.RaftServerConfigKeys (ConfUtils.java:logGet(44)) - raft.server.log.queue.element-limit = 1024 (custom)
2022-03-07 09:50:56,711 [pool-637-thread-1] INFO  server.RaftServerConfigKeys (ConfUtils.java:logGet(44)) - raft.server.log.segment.size.max = 1048576 (custom)
2022-03-07 09:50:56,711 [pool-637-thread-1] INFO  server.RaftServerConfigKeys (ConfUtils.java:logGet(44)) - raft.server.log.preallocated.size = 16384 (custom)
2022-03-07 09:50:56,711 [pool-637-thread-1] INFO  server.RaftServerConfigKeys (ConfUtils.java:logGet(44)) - raft.server.log.force.sync.num = 128 (default)
2022-03-07 09:50:56,711 [pool-637-thread-1] INFO  server.RaftServerConfigKeys (ConfUtils.java:logGet(44)) - raft.server.log.statemachine.data.sync = true (default)
2022-03-07 09:50:56,711 [pool-637-thread-1] INFO  server.RaftServerConfigKeys (ConfUtils.java:logGet(44)) - raft.server.log.statemachine.data.sync.timeout = 10s (default)
2022-03-07 09:50:56,711 [pool-637-thread-1] INFO  server.RaftServerConfigKeys (ConfUtils.java:logGet(44)) - raft.server.log.statemachine.data.sync.timeout.retry = -1 (default)
2022-03-07 09:50:56,717 [pool-637-thread-1] INFO  server.RaftServerConfigKeys (ConfUtils.java:logGet(44)) - raft.server.log.write.buffer.size = 1048576 (custom)
2022-03-07 09:50:56,729 [pool-637-thread-1] INFO  server.RaftServerConfigKeys (ConfUtils.java:logGet(44)) - raft.server.log.statemachine.data.caching.enabled = true (custom)
2022-03-07 09:50:56,729 [pool-637-thread-1] INFO  segmented.SegmentedRaftLogWorker (SegmentedRaftLogWorker.java:lambda$new$0(133)) - cd9cff4b-1bd9-497e-976c-8eec10b9db64@group-8E452AA84769-SegmentedRaftLogWorker: flushIndex: setUnconditionally 0 -> -1
2022-03-07 09:50:56,729 [pool-637-thread-1] INFO  segmented.SegmentedRaftLogWorker (SegmentedRaftLogWorker.java:lambda$new$0(133)) - cd9cff4b-1bd9-497e-976c-8eec10b9db64@group-8E452AA84769-SegmentedRaftLogWorker: safeCacheEvictIndex: setUnconditionally 0 -> -1
2022-03-07 09:50:56,748 [pool-637-thread-1] INFO  server.RaftServerConfigKeys (ConfUtils.java:logGet(44)) - raft.server.snapshot.auto.trigger.enabled = true (custom)
2022-03-07 09:50:56,750 [pool-637-thread-1] INFO  server.RaftServerConfigKeys (ConfUtils.java:logGet(44)) - raft.server.snapshot.auto.trigger.threshold = 10000 (custom)
2022-03-07 09:50:56,750 [pool-637-thread-1] INFO  server.RaftServerConfigKeys (ConfUtils.java:logGet(44)) - raft.server.snapshot.retention.file.num = 5 (custom)
2022-03-07 09:50:56,750 [pool-637-thread-1] INFO  server.RaftServerConfigKeys (ConfUtils.java:logGet(44)) - raft.server.log.purge.upto.snapshot.index = false (default)
2022-03-07 09:50:56,750 [pool-637-thread-1] INFO  server.RaftServerConfigKeys (ConfUtils.java:logGet(44)) - raft.server.retrycache.expirytime = 600000ms (custom)
2022-03-07 09:50:56,750 [pool-637-thread-1] INFO  server.RaftServerConfigKeys (ConfUtils.java:logGet(44)) - raft.server.retrycache.statistics.expirytime = 100μs (default)
2022-03-07 09:50:56,751 [pool-637-thread-1] INFO  server.RaftServer$Division (RaftServerImpl.java:start(301)) - cd9cff4b-1bd9-497e-976c-8eec10b9db64@group-8E452AA84769: start as a follower, conf=-1: [728f99e8-418e-4b00-b2e8-36f688b477dd|rpc:10.1.0.49:44013|dataStream:|priority:0, 616d314c-ba0d-49c9-8f1d-797448dad8fd|rpc:10.1.0.49:39129|dataStream:|priority:1, cd9cff4b-1bd9-497e-976c-8eec10b9db64|rpc:10.1.0.49:42923|dataStream:|priority:0], old=null
2022-03-07 09:50:56,753 [pool-637-thread-1] INFO  server.RaftServer$Division (RaftServerImpl.java:setRole(290)) - cd9cff4b-1bd9-497e-976c-8eec10b9db64@group-8E452AA84769: changes role from      null to FOLLOWER at term 0 for startAsFollower
2022-03-07 09:50:56,753 [pool-637-thread-1] INFO  impl.RoleInfo (RoleInfo.java:updateAndGet(130)) - cd9cff4b-1bd9-497e-976c-8eec10b9db64: start cd9cff4b-1bd9-497e-976c-8eec10b9db64@group-8E452AA84769-FollowerState
2022-03-07 09:50:56,763 [pool-637-thread-1] INFO  util.JmxRegister (JmxRegister.java:tryRegister(44)) - Successfully registered JMX Bean with object name Ratis:service=RaftServer,group=group-8E452AA84769,id=cd9cff4b-1bd9-497e-976c-8eec10b9db64
2022-03-07 09:50:56,776 [Command processor thread] INFO  commandhandler.CreatePipelineCommandHandler (CreatePipelineCommandHandler.java:handle(106)) - Created Pipeline RATIS THREE PipelineID=8dcd701a-e220-441a-b05a-8e452aa84769.
2022-03-07 09:50:56,777 [Command processor thread] INFO  server.RaftServer (RaftServerProxy.java:addNew(95)) - 728f99e8-418e-4b00-b2e8-36f688b477dd: addNew group-35BB7CC600D3:[728f99e8-418e-4b00-b2e8-36f688b477dd|rpc:10.1.0.49:44013|priority:0, 616d314c-ba0d-49c9-8f1d-797448dad8fd|rpc:10.1.0.49:39129|priority:0, cd9cff4b-1bd9-497e-976c-8eec10b9db64|rpc:10.1.0.49:42923|priority:1] returns group-35BB7CC600D3:java.util.concurrent.CompletableFuture@36c5b14b[Not completed]
2022-03-07 09:50:56,777 [pool-595-thread-1] INFO  server.RaftServer$Division (RaftServerImpl.java:<init>(184)) - 728f99e8-418e-4b00-b2e8-36f688b477dd: new RaftServerImpl for group-35BB7CC600D3:[728f99e8-418e-4b00-b2e8-36f688b477dd|rpc:10.1.0.49:44013|priority:0, 616d314c-ba0d-49c9-8f1d-797448dad8fd|rpc:10.1.0.49:39129|priority:0, cd9cff4b-1bd9-497e-976c-8eec10b9db64|rpc:10.1.0.49:42923|priority:1] with ContainerStateMachine:uninitialized
2022-03-07 09:50:56,778 [pool-595-thread-1] INFO  server.RaftServerConfigKeys (ConfUtils.java:logGet(44)) - raft.server.rpc.timeout.min = 5s (custom)
2022-03-07 09:50:56,778 [pool-595-thread-1] INFO  server.RaftServerConfigKeys (ConfUtils.java:logGet(44)) - raft.server.rpc.timeout.max = 5200ms (custom)
2022-03-07 09:50:56,778 [pool-595-thread-1] INFO  server.RaftServerConfigKeys (ConfUtils.java:logGet(44)) - raft.server.rpc.sleep.time = 25ms (default)
2022-03-07 09:50:56,778 [pool-595-thread-1] INFO  server.RaftServerConfigKeys (ConfUtils.java:logGet(44)) - raft.server.rpc.slowness.timeout = 300000ms (custom)
2022-03-07 09:50:56,778 [pool-595-thread-1] INFO  server.RaftServerConfigKeys (ConfUtils.java:logGet(44)) - raft.server.leaderelection.leader.step-down.wait-time = 10s (default)
2022-03-07 09:50:56,778 [pool-595-thread-1] INFO  server.RaftServerConfigKeys (ConfUtils.java:logGet(44)) - raft.server.sleep.deviation.threshold = 300ms (default)
2022-03-07 09:50:56,778 [pool-595-thread-1] INFO  server.RaftServerConfigKeys (ConfUtils.java:logGet(44)) - raft.server.log.appender.install.snapshot.enabled = false (custom)
2022-03-07 09:50:56,778 [pool-595-thread-1] INFO  server.RaftServer$Division (ServerState.java:<init>(105)) - 728f99e8-418e-4b00-b2e8-36f688b477dd@group-35BB7CC600D3: ConfigurationManager, init=-1: [728f99e8-418e-4b00-b2e8-36f688b477dd|rpc:10.1.0.49:44013|priority:0, 616d314c-ba0d-49c9-8f1d-797448dad8fd|rpc:10.1.0.49:39129|priority:0, cd9cff4b-1bd9-497e-976c-8eec10b9db64|rpc:10.1.0.49:42923|priority:1], old=null, confs=<EMPTY_MAP>
2022-03-07 09:50:56,778 [pool-595-thread-1] INFO  server.RaftServerConfigKeys (ConfUtils.java:logGet(44)) - raft.server.storage.dir = [/home/runner/work/ozone/ozone/hadoop-ozone/integration-test/target/test-dir/MiniOzoneClusterImpl-4c099742-f0a8-499d-a606-d482764d36d7/datanode-0/data/ratis] (custom)
2022-03-07 09:50:56,778 [pool-595-thread-1] INFO  server.RaftServerConfigKeys (ConfUtils.java:logGet(44)) - raft.server.log.corruption.policy = EXCEPTION (default)
2022-03-07 09:50:56,778 [pool-595-thread-1] INFO  server.RaftServerConfigKeys (ConfUtils.java:logGet(44)) - raft.server.storage.free-space.min = 0MB (=0) (default)
2022-03-07 09:50:56,778 [pool-595-thread-1] INFO  storage.RaftStorageDirectory (RaftStorageDirectoryImpl.java:analyzeStorage(135)) - The storage directory /home/runner/work/ozone/ozone/hadoop-ozone/integration-test/target/test-dir/MiniOzoneClusterImpl-4c099742-f0a8-499d-a606-d482764d36d7/datanode-0/data/ratis/d8740330-0b47-446a-878d-35bb7cc600d3 does not exist. Creating ...
2022-03-07 09:50:56,784 [pool-595-thread-1] INFO  storage.RaftStorageDirectory (RaftStorageDirectoryImpl.java:tryLock(230)) - Lock on /home/runner/work/ozone/ozone/hadoop-ozone/integration-test/target/test-dir/MiniOzoneClusterImpl-4c099742-f0a8-499d-a606-d482764d36d7/datanode-0/data/ratis/d8740330-0b47-446a-878d-35bb7cc600d3/in_use.lock acquired by nodename 23420@fv-az291-317
2022-03-07 09:50:56,797 [pool-595-thread-1] INFO  storage.RaftStorage (RaftStorageImpl.java:format(89)) - Storage directory /home/runner/work/ozone/ozone/hadoop-ozone/integration-test/target/test-dir/MiniOzoneClusterImpl-4c099742-f0a8-499d-a606-d482764d36d7/datanode-0/data/ratis/d8740330-0b47-446a-878d-35bb7cc600d3 has been successfully formatted.
2022-03-07 09:50:56,798 [EventQueue-OpenPipelineForHealthyPipelineSafeModeRule] INFO  safemode.SCMSafeModeManager (HealthyPipelineSafeModeRule.java:process(124)) - SCM in safe mode. Healthy pipelines reported count is 0, required healthy pipeline reported count is 1
2022-03-07 09:50:56,798 [pool-595-thread-1] INFO  ratis.ContainerStateMachine (ContainerStateMachine.java:loadSnapshot(236)) - group-35BB7CC600D3: The snapshot info is null. Setting the last applied indexto:(t:0, i:~)
2022-03-07 09:50:56,798 [pool-595-thread-1] INFO  server.RaftServerConfigKeys (ConfUtils.java:logGet(44)) - raft.server.notification.no-leader.timeout = 300000ms (custom)
2022-03-07 09:50:56,798 [pool-595-thread-1] INFO  server.RaftServerConfigKeys (ConfUtils.java:logGet(44)) - raft.server.log.use.memory = false (default)
2022-03-07 09:50:56,798 [pool-595-thread-1] INFO  server.RaftServerConfigKeys (ConfUtils.java:logGet(44)) - raft.server.log.purge.gap = 1000000 (custom)
2022-03-07 09:50:56,798 [pool-595-thread-1] INFO  server.RaftServerConfigKeys (ConfUtils.java:logGet(44)) - raft.server.log.appender.buffer.byte-limit = 33554432 (custom)
2022-03-07 09:50:56,798 [pool-595-thread-1] INFO  server.RaftServerConfigKeys (ConfUtils.java:logGet(44)) - raft.server.log.segment.size.max = 1048576 (custom)
2022-03-07 09:50:56,799 [pool-595-thread-1] INFO  server.RaftServerConfigKeys (ConfUtils.java:logGet(44)) - raft.server.log.segment.cache.num.max = 2 (custom)
2022-03-07 09:50:56,799 [pool-595-thread-1] INFO  server.RaftServerConfigKeys (ConfUtils.java:logGet(44)) - raft.server.log.segment.cache.size.max = 200MB (=209715200) (default)
2022-03-07 09:50:56,799 [pool-595-thread-1] INFO  segmented.SegmentedRaftLogWorker (SegmentedRaftLogWorker.java:<init>(182)) - new 728f99e8-418e-4b00-b2e8-36f688b477dd@group-35BB7CC600D3-SegmentedRaftLogWorker for RaftStorageImpl:Storage Directory /home/runner/work/ozone/ozone/hadoop-ozone/integration-test/target/test-dir/MiniOzoneClusterImpl-4c099742-f0a8-499d-a606-d482764d36d7/datanode-0/data/ratis/d8740330-0b47-446a-878d-35bb7cc600d3
2022-03-07 09:50:56,799 [pool-595-thread-1] INFO  server.RaftServerConfigKeys (ConfUtils.java:logGet(44)) - raft.server.log.queue.byte-limit = 4294967296 (custom)
2022-03-07 09:50:56,799 [pool-595-thread-1] INFO  server.RaftServerConfigKeys (ConfUtils.java:logGet(44)) - raft.server.log.queue.element-limit = 1024 (custom)
2022-03-07 09:50:56,799 [pool-595-thread-1] INFO  server.RaftServerConfigKeys (ConfUtils.java:logGet(44)) - raft.server.log.segment.size.max = 1048576 (custom)
2022-03-07 09:50:56,799 [pool-595-thread-1] INFO  server.RaftServerConfigKeys (ConfUtils.java:logGet(44)) - raft.server.log.preallocated.size = 16384 (custom)
2022-03-07 09:50:56,799 [pool-595-thread-1] INFO  server.RaftServerConfigKeys (ConfUtils.java:logGet(44)) - raft.server.log.force.sync.num = 128 (default)
2022-03-07 09:50:56,799 [pool-595-thread-1] INFO  server.RaftServerConfigKeys (ConfUtils.java:logGet(44)) - raft.server.log.statemachine.data.sync = true (default)
2022-03-07 09:50:56,799 [pool-595-thread-1] INFO  server.RaftServerConfigKeys (ConfUtils.java:logGet(44)) - raft.server.log.statemachine.data.sync.timeout = 10s (default)
2022-03-07 09:50:56,799 [pool-595-thread-1] INFO  server.RaftServerConfigKeys (ConfUtils.java:logGet(44)) - raft.server.log.statemachine.data.sync.timeout.retry = -1 (default)
2022-03-07 09:50:56,805 [pool-595-thread-1] INFO  server.RaftServerConfigKeys (ConfUtils.java:logGet(44)) - raft.server.log.write.buffer.size = 1048576 (custom)
2022-03-07 09:50:56,805 [pool-595-thread-1] INFO  server.RaftServerConfigKeys (ConfUtils.java:logGet(44)) - raft.server.log.statemachine.data.caching.enabled = true (custom)
2022-03-07 09:50:56,808 [pool-595-thread-1] INFO  segmented.SegmentedRaftLogWorker (SegmentedRaftLogWorker.java:lambda$new$0(133)) - 728f99e8-418e-4b00-b2e8-36f688b477dd@group-35BB7CC600D3-SegmentedRaftLogWorker: flushIndex: setUnconditionally 0 -> -1
2022-03-07 09:50:56,808 [pool-595-thread-1] INFO  segmented.SegmentedRaftLogWorker (SegmentedRaftLogWorker.java:lambda$new$0(133)) - 728f99e8-418e-4b00-b2e8-36f688b477dd@group-35BB7CC600D3-SegmentedRaftLogWorker: safeCacheEvictIndex: setUnconditionally 0 -> -1
2022-03-07 09:50:56,810 [pool-595-thread-1] INFO  server.RaftServerConfigKeys (ConfUtils.java:logGet(44)) - raft.server.snapshot.auto.trigger.enabled = true (custom)
2022-03-07 09:50:56,811 [pool-595-thread-1] INFO  server.RaftServerConfigKeys (ConfUtils.java:logGet(44)) - raft.server.snapshot.auto.trigger.threshold = 10000 (custom)
2022-03-07 09:50:56,811 [pool-595-thread-1] INFO  server.RaftServerConfigKeys (ConfUtils.java:logGet(44)) - raft.server.snapshot.retention.file.num = 5 (custom)
2022-03-07 09:50:56,811 [pool-595-thread-1] INFO  server.RaftServerConfigKeys (ConfUtils.java:logGet(44)) - raft.server.log.purge.upto.snapshot.index = false (default)
2022-03-07 09:50:56,811 [pool-595-thread-1] INFO  server.RaftServerConfigKeys (ConfUtils.java:logGet(44)) - raft.server.retrycache.expirytime = 600000ms (custom)
2022-03-07 09:50:56,811 [pool-595-thread-1] INFO  server.RaftServerConfigKeys (ConfUtils.java:logGet(44)) - raft.server.retrycache.statistics.expirytime = 100μs (default)
2022-03-07 09:50:56,812 [pool-595-thread-1] INFO  server.RaftServer$Division (RaftServerImpl.java:start(301)) - 728f99e8-418e-4b00-b2e8-36f688b477dd@group-35BB7CC600D3: start as a follower, conf=-1: [728f99e8-418e-4b00-b2e8-36f688b477dd|rpc:10.1.0.49:44013|priority:0, 616d314c-ba0d-49c9-8f1d-797448dad8fd|rpc:10.1.0.49:39129|priority:0, cd9cff4b-1bd9-497e-976c-8eec10b9db64|rpc:10.1.0.49:42923|priority:1], old=null
2022-03-07 09:50:56,812 [pool-595-thread-1] INFO  server.RaftServer$Division (RaftServerImpl.java:setRole(290)) - 728f99e8-418e-4b00-b2e8-36f688b477dd@group-35BB7CC600D3: changes role from      null to FOLLOWER at term 0 for startAsFollower
2022-03-07 09:50:56,812 [pool-595-thread-1] INFO  impl.RoleInfo (RoleInfo.java:updateAndGet(130)) - 728f99e8-418e-4b00-b2e8-36f688b477dd: start 728f99e8-418e-4b00-b2e8-36f688b477dd@group-35BB7CC600D3-FollowerState
2022-03-07 09:50:56,813 [pool-595-thread-1] INFO  util.JmxRegister (JmxRegister.java:tryRegister(44)) - Successfully registered JMX Bean with object name Ratis:service=RaftServer,group=group-35BB7CC600D3,id=728f99e8-418e-4b00-b2e8-36f688b477dd
2022-03-07 09:50:56,813 [Command processor thread] INFO  ratis.XceiverServerRatis (XceiverServerRatis.java:addGroup(769)) - Created group PipelineID=d8740330-0b47-446a-878d-35bb7cc600d3
2022-03-07 09:50:56,816 [Command processor thread] INFO  server.RaftServer (RaftServerProxy.java:addNew(95)) - 616d314c-ba0d-49c9-8f1d-797448dad8fd: addNew group-8D08D2C66B42:[616d314c-ba0d-49c9-8f1d-797448dad8fd|rpc:10.1.0.49:39129|priority:1] returns group-8D08D2C66B42:java.util.concurrent.CompletableFuture@a740439[Not completed]
2022-03-07 09:50:56,817 [pool-616-thread-1] INFO  server.RaftServer$Division (RaftServerImpl.java:<init>(184)) - 616d314c-ba0d-49c9-8f1d-797448dad8fd: new RaftServerImpl for group-8D08D2C66B42:[616d314c-ba0d-49c9-8f1d-797448dad8fd|rpc:10.1.0.49:39129|priority:1] with ContainerStateMachine:uninitialized
2022-03-07 09:50:56,817 [pool-616-thread-1] INFO  server.RaftServerConfigKeys (ConfUtils.java:logGet(44)) - raft.server.rpc.timeout.min = 5s (custom)
2022-03-07 09:50:56,817 [pool-616-thread-1] INFO  server.RaftServerConfigKeys (ConfUtils.java:logGet(44)) - raft.server.rpc.timeout.max = 5200ms (custom)
2022-03-07 09:50:56,817 [pool-616-thread-1] INFO  server.RaftServerConfigKeys (ConfUtils.java:logGet(44)) - raft.server.rpc.sleep.time = 25ms (default)
2022-03-07 09:50:56,817 [pool-616-thread-1] INFO  server.RaftServerConfigKeys (ConfUtils.java:logGet(44)) - raft.server.rpc.slowness.timeout = 300000ms (custom)
2022-03-07 09:50:56,817 [pool-616-thread-1] INFO  server.RaftServerConfigKeys (ConfUtils.java:logGet(44)) - raft.server.leaderelection.leader.step-down.wait-time = 10s (default)
2022-03-07 09:50:56,817 [pool-616-thread-1] INFO  server.RaftServerConfigKeys (ConfUtils.java:logGet(44)) - raft.server.sleep.deviation.threshold = 300ms (default)
2022-03-07 09:50:56,817 [pool-616-thread-1] INFO  server.RaftServerConfigKeys (ConfUtils.java:logGet(44)) - raft.server.log.appender.install.snapshot.enabled = false (custom)
2022-03-07 09:50:56,817 [pool-616-thread-1] INFO  server.RaftServer$Division (ServerState.java:<init>(105)) - 616d314c-ba0d-49c9-8f1d-797448dad8fd@group-8D08D2C66B42: ConfigurationManager, init=-1: [616d314c-ba0d-49c9-8f1d-797448dad8fd|rpc:10.1.0.49:39129|priority:1], old=null, confs=<EMPTY_MAP>
2022-03-07 09:50:56,817 [pool-616-thread-1] INFO  server.RaftServerConfigKeys (ConfUtils.java:logGet(44)) - raft.server.storage.dir = [/home/runner/work/ozone/ozone/hadoop-ozone/integration-test/target/test-dir/MiniOzoneClusterImpl-4c099742-f0a8-499d-a606-d482764d36d7/datanode-1/data/ratis] (custom)
2022-03-07 09:50:56,817 [pool-616-thread-1] INFO  server.RaftServerConfigKeys (ConfUtils.java:logGet(44)) - raft.server.log.corruption.policy = EXCEPTION (default)
2022-03-07 09:50:56,817 [pool-616-thread-1] INFO  server.RaftServerConfigKeys (ConfUtils.java:logGet(44)) - raft.server.storage.free-space.min = 0MB (=0) (default)
2022-03-07 09:50:56,817 [pool-616-thread-1] INFO  storage.RaftStorageDirectory (RaftStorageDirectoryImpl.java:analyzeStorage(135)) - The storage directory /home/runner/work/ozone/ozone/hadoop-ozone/integration-test/target/test-dir/MiniOzoneClusterImpl-4c099742-f0a8-499d-a606-d482764d36d7/datanode-1/data/ratis/923a3941-3f74-42f8-9986-8d08d2c66b42 does not exist. Creating ...
2022-03-07 09:50:56,826 [grpc-default-executor-2] INFO  server.RaftServer (RaftServerProxy.java:addNew(95)) - 616d314c-ba0d-49c9-8f1d-797448dad8fd: addNew group-35BB7CC600D3:[728f99e8-418e-4b00-b2e8-36f688b477dd|rpc:10.1.0.49:44013|dataStream:|priority:0, 616d314c-ba0d-49c9-8f1d-797448dad8fd|rpc:10.1.0.49:39129|dataStream:|priority:0, cd9cff4b-1bd9-497e-976c-8eec10b9db64|rpc:10.1.0.49:42923|dataStream:|priority:1] returns group-35BB7CC600D3:java.util.concurrent.CompletableFuture@56c8ba0b[Not completed]
2022-03-07 09:50:56,832 [pool-616-thread-1] INFO  storage.RaftStorageDirectory (RaftStorageDirectoryImpl.java:tryLock(230)) - Lock on /home/runner/work/ozone/ozone/hadoop-ozone/integration-test/target/test-dir/MiniOzoneClusterImpl-4c099742-f0a8-499d-a606-d482764d36d7/datanode-1/data/ratis/923a3941-3f74-42f8-9986-8d08d2c66b42/in_use.lock acquired by nodename 23420@fv-az291-317
2022-03-07 09:50:56,834 [pool-616-thread-1] INFO  storage.RaftStorage (RaftStorageImpl.java:format(89)) - Storage directory /home/runner/work/ozone/ozone/hadoop-ozone/integration-test/target/test-dir/MiniOzoneClusterImpl-4c099742-f0a8-499d-a606-d482764d36d7/datanode-1/data/ratis/923a3941-3f74-42f8-9986-8d08d2c66b42 has been successfully formatted.
2022-03-07 09:50:56,836 [pool-616-thread-1] INFO  ratis.ContainerStateMachine (ContainerStateMachine.java:loadSnapshot(236)) - group-8D08D2C66B42: The snapshot info is null. Setting the last applied indexto:(t:0, i:~)
2022-03-07 09:50:56,837 [EventQueue-PipelineReportForPipelineReportHandler] INFO  pipeline.PipelineManagerImpl (PipelineManagerImpl.java:openPipeline(291)) - Pipeline Pipeline[ Id: 923a3941-3f74-42f8-9986-8d08d2c66b42, Nodes: 616d314c-ba0d-49c9-8f1d-797448dad8fd{ip: 10.1.0.49, host: fv-az291-317.wgnan5asplgejimfprtllbpdch.jx.internal.cloudapp.net, ports: [REPLICATION=32797, RATIS=39129, RATIS_ADMIN=39129, RATIS_SERVER=39129, STANDALONE=37787], networkLocation: /default-rack, certSerialId: null, persistedOpState: IN_SERVICE, persistedOpStateExpiryEpochSec: 0}, ReplicationConfig: RATIS/ONE, State:ALLOCATED, leaderId:616d314c-ba0d-49c9-8f1d-797448dad8fd, CreationTimestamp2022-03-07T09:50:53.830Z[Etc/UTC]] moved to OPEN state
2022-03-07 09:50:56,837 [pool-616-thread-1] INFO  server.RaftServerConfigKeys (ConfUtils.java:logGet(44)) - raft.server.notification.no-leader.timeout = 300000ms (custom)
2022-03-07 09:50:56,837 [pool-616-thread-1] INFO  server.RaftServerConfigKeys (ConfUtils.java:logGet(44)) - raft.server.log.use.memory = false (default)
2022-03-07 09:50:56,837 [pool-616-thread-1] INFO  server.RaftServerConfigKeys (ConfUtils.java:logGet(44)) - raft.server.log.purge.gap = 1000000 (custom)
2022-03-07 09:50:56,837 [pool-616-thread-1] INFO  server.RaftServerConfigKeys (ConfUtils.java:logGet(44)) - raft.server.log.appender.buffer.byte-limit = 33554432 (custom)
2022-03-07 09:50:56,837 [pool-616-thread-1] INFO  server.RaftServerConfigKeys (ConfUtils.java:logGet(44)) - raft.server.log.segment.size.max = 1048576 (custom)
2022-03-07 09:50:56,838 [pool-616-thread-1] INFO  server.RaftServerConfigKeys (ConfUtils.java:logGet(44)) - raft.server.log.segment.cache.num.max = 2 (custom)
2022-03-07 09:50:56,838 [pool-616-thread-1] INFO  server.RaftServerConfigKeys (ConfUtils.java:logGet(44)) - raft.server.log.segment.cache.size.max = 200MB (=209715200) (default)
2022-03-07 09:50:56,838 [pool-616-thread-1] INFO  segmented.SegmentedRaftLogWorker (SegmentedRaftLogWorker.java:<init>(182)) - new 616d314c-ba0d-49c9-8f1d-797448dad8fd@group-8D08D2C66B42-SegmentedRaftLogWorker for RaftStorageImpl:Storage Directory /home/runner/work/ozone/ozone/hadoop-ozone/integration-test/target/test-dir/MiniOzoneClusterImpl-4c099742-f0a8-499d-a606-d482764d36d7/datanode-1/data/ratis/923a3941-3f74-42f8-9986-8d08d2c66b42
2022-03-07 09:50:56,838 [pool-616-thread-1] INFO  server.RaftServerConfigKeys (ConfUtils.java:logGet(44)) - raft.server.log.queue.byte-limit = 4294967296 (custom)
2022-03-07 09:50:56,838 [pool-616-thread-1] INFO  server.RaftServerConfigKeys (ConfUtils.java:logGet(44)) - raft.server.log.queue.element-limit = 1024 (custom)
2022-03-07 09:50:56,838 [pool-616-thread-1] INFO  server.RaftServerConfigKeys (ConfUtils.java:logGet(44)) - raft.server.log.segment.size.max = 1048576 (custom)
2022-03-07 09:50:56,838 [pool-616-thread-1] INFO  server.RaftServerConfigKeys (ConfUtils.java:logGet(44)) - raft.server.log.preallocated.size = 16384 (custom)
2022-03-07 09:50:56,838 [pool-616-thread-1] INFO  server.RaftServerConfigKeys (ConfUtils.java:logGet(44)) - raft.server.log.force.sync.num = 128 (default)
2022-03-07 09:50:56,838 [pool-616-thread-1] INFO  server.RaftServerConfigKeys (ConfUtils.java:logGet(44)) - raft.server.log.statemachine.data.sync = true (default)
2022-03-07 09:50:56,838 [pool-616-thread-1] INFO  server.RaftServerConfigKeys (ConfUtils.java:logGet(44)) - raft.server.log.statemachine.data.sync.timeout = 10s (default)
2022-03-07 09:50:56,838 [pool-616-thread-1] INFO  server.RaftServerConfigKeys (ConfUtils.java:logGet(44)) - raft.server.log.statemachine.data.sync.timeout.retry = -1 (default)
2022-03-07 09:50:56,838 [9fd2d42e-0817-4c6b-b2b7-8c945e0a68b4@group-D482764D36D7-StateMachineUpdater] INFO  safemode.HealthyPipelineSafeModeRule (HealthyPipelineSafeModeRule.java:initializeRule(152)) - Refreshed total pipeline count is 0, healthy pipeline threshold count is 1
2022-03-07 09:50:56,839 [pool-616-thread-1] INFO  server.RaftServerConfigKeys (ConfUtils.java:logGet(44)) - raft.server.log.write.buffer.size = 1048576 (custom)
2022-03-07 09:50:56,839 [EventQueue-OpenPipelineForHealthyPipelineSafeModeRule] INFO  safemode.SCMSafeModeManager (HealthyPipelineSafeModeRule.java:process(124)) - SCM in safe mode. Healthy pipelines reported count is 0, required healthy pipeline reported count is 1
2022-03-07 09:50:56,839 [pool-616-thread-1] INFO  server.RaftServerConfigKeys (ConfUtils.java:logGet(44)) - raft.server.log.statemachine.data.caching.enabled = true (custom)
2022-03-07 09:50:56,839 [pool-616-thread-1] INFO  segmented.SegmentedRaftLogWorker (SegmentedRaftLogWorker.java:lambda$new$0(133)) - 616d314c-ba0d-49c9-8f1d-797448dad8fd@group-8D08D2C66B42-SegmentedRaftLogWorker: flushIndex: setUnconditionally 0 -> -1
2022-03-07 09:50:56,839 [pool-616-thread-1] INFO  segmented.SegmentedRaftLogWorker (SegmentedRaftLogWorker.java:lambda$new$0(133)) - 616d314c-ba0d-49c9-8f1d-797448dad8fd@group-8D08D2C66B42-SegmentedRaftLogWorker: safeCacheEvictIndex: setUnconditionally 0 -> -1
2022-03-07 09:50:56,845 [pool-616-thread-1] INFO  server.RaftServerConfigKeys (ConfUtils.java:logGet(44)) - raft.server.snapshot.auto.trigger.enabled = true (custom)
2022-03-07 09:50:56,845 [pool-616-thread-1] INFO  server.RaftServerConfigKeys (ConfUtils.java:logGet(44)) - raft.server.snapshot.auto.trigger.threshold = 10000 (custom)
2022-03-07 09:50:56,845 [pool-616-thread-1] INFO  server.RaftServerConfigKeys (ConfUtils.java:logGet(44)) - raft.server.snapshot.retention.file.num = 5 (custom)
2022-03-07 09:50:56,845 [pool-616-thread-1] INFO  server.RaftServerConfigKeys (ConfUtils.java:logGet(44)) - raft.server.log.purge.upto.snapshot.index = false (default)
2022-03-07 09:50:56,845 [pool-616-thread-1] INFO  server.RaftServerConfigKeys (ConfUtils.java:logGet(44)) - raft.server.retrycache.expirytime = 600000ms (custom)
2022-03-07 09:50:56,845 [pool-616-thread-1] INFO  server.RaftServerConfigKeys (ConfUtils.java:logGet(44)) - raft.server.retrycache.statistics.expirytime = 100μs (default)
2022-03-07 09:50:56,847 [pool-616-thread-1] INFO  server.RaftServer$Division (RaftServerImpl.java:<init>(184)) - 616d314c-ba0d-49c9-8f1d-797448dad8fd: new RaftServerImpl for group-35BB7CC600D3:[728f99e8-418e-4b00-b2e8-36f688b477dd|rpc:10.1.0.49:44013|dataStream:|priority:0, 616d314c-ba0d-49c9-8f1d-797448dad8fd|rpc:10.1.0.49:39129|dataStream:|priority:0, cd9cff4b-1bd9-497e-976c-8eec10b9db64|rpc:10.1.0.49:42923|dataStream:|priority:1] with ContainerStateMachine:uninitialized
2022-03-07 09:50:56,847 [pool-616-thread-1] INFO  server.RaftServerConfigKeys (ConfUtils.java:logGet(44)) - raft.server.rpc.timeout.min = 5s (custom)
2022-03-07 09:50:56,847 [pool-616-thread-1] INFO  server.RaftServerConfigKeys (ConfUtils.java:logGet(44)) - raft.server.rpc.timeout.max = 5200ms (custom)
2022-03-07 09:50:56,847 [pool-616-thread-1] INFO  server.RaftServerConfigKeys (ConfUtils.java:logGet(44)) - raft.server.rpc.sleep.time = 25ms (default)
2022-03-07 09:50:56,847 [pool-616-thread-1] INFO  server.RaftServerConfigKeys (ConfUtils.java:logGet(44)) - raft.server.rpc.slowness.timeout = 300000ms (custom)
2022-03-07 09:50:56,847 [pool-616-thread-1] INFO  server.RaftServerConfigKeys (ConfUtils.java:logGet(44)) - raft.server.leaderelection.leader.step-down.wait-time = 10s (default)
2022-03-07 09:50:56,847 [pool-616-thread-1] INFO  server.RaftServerConfigKeys (ConfUtils.java:logGet(44)) - raft.server.sleep.deviation.threshold = 300ms (default)
2022-03-07 09:50:56,847 [pool-616-thread-1] INFO  server.RaftServerConfigKeys (ConfUtils.java:logGet(44)) - raft.server.log.appender.install.snapshot.enabled = false (custom)
2022-03-07 09:50:56,848 [pool-616-thread-1] INFO  server.RaftServer$Division (ServerState.java:<init>(105)) - 616d314c-ba0d-49c9-8f1d-797448dad8fd@group-35BB7CC600D3: ConfigurationManager, init=-1: [728f99e8-418e-4b00-b2e8-36f688b477dd|rpc:10.1.0.49:44013|dataStream:|priority:0, 616d314c-ba0d-49c9-8f1d-797448dad8fd|rpc:10.1.0.49:39129|dataStream:|priority:0, cd9cff4b-1bd9-497e-976c-8eec10b9db64|rpc:10.1.0.49:42923|dataStream:|priority:1], old=null, confs=<EMPTY_MAP>
2022-03-07 09:50:56,848 [pool-616-thread-1] INFO  server.RaftServerConfigKeys (ConfUtils.java:logGet(44)) - raft.server.storage.dir = [/home/runner/work/ozone/ozone/hadoop-ozone/integration-test/target/test-dir/MiniOzoneClusterImpl-4c099742-f0a8-499d-a606-d482764d36d7/datanode-1/data/ratis] (custom)
2022-03-07 09:50:56,848 [pool-616-thread-1] INFO  server.RaftServerConfigKeys (ConfUtils.java:logGet(44)) - raft.server.log.corruption.policy = EXCEPTION (default)
2022-03-07 09:50:56,848 [pool-616-thread-1] INFO  server.RaftServerConfigKeys (ConfUtils.java:logGet(44)) - raft.server.storage.free-space.min = 0MB (=0) (default)
2022-03-07 09:50:56,848 [pool-616-thread-1] INFO  storage.RaftStorageDirectory (RaftStorageDirectoryImpl.java:analyzeStorage(135)) - The storage directory /home/runner/work/ozone/ozone/hadoop-ozone/integration-test/target/test-dir/MiniOzoneClusterImpl-4c099742-f0a8-499d-a606-d482764d36d7/datanode-1/data/ratis/d8740330-0b47-446a-878d-35bb7cc600d3 does not exist. Creating ...
2022-03-07 09:50:56,853 [pool-616-thread-1] INFO  storage.RaftStorageDirectory (RaftStorageDirectoryImpl.java:tryLock(230)) - Lock on /home/runner/work/ozone/ozone/hadoop-ozone/integration-test/target/test-dir/MiniOzoneClusterImpl-4c099742-f0a8-499d-a606-d482764d36d7/datanode-1/data/ratis/d8740330-0b47-446a-878d-35bb7cc600d3/in_use.lock acquired by nodename 23420@fv-az291-317
2022-03-07 09:50:56,860 [pool-616-thread-1] INFO  storage.RaftStorage (RaftStorageImpl.java:format(89)) - Storage directory /home/runner/work/ozone/ozone/hadoop-ozone/integration-test/target/test-dir/MiniOzoneClusterImpl-4c099742-f0a8-499d-a606-d482764d36d7/datanode-1/data/ratis/d8740330-0b47-446a-878d-35bb7cc600d3 has been successfully formatted.
2022-03-07 09:50:56,862 [EventQueue-OpenPipelineForHealthyPipelineSafeModeRule] INFO  safemode.SCMSafeModeManager (HealthyPipelineSafeModeRule.java:process(124)) - SCM in safe mode. Healthy pipelines reported count is 0, required healthy pipeline reported count is 1
2022-03-07 09:50:56,862 [pool-616-thread-1] INFO  ratis.ContainerStateMachine (ContainerStateMachine.java:loadSnapshot(236)) - group-35BB7CC600D3: The snapshot info is null. Setting the last applied indexto:(t:0, i:~)
2022-03-07 09:50:56,862 [pool-616-thread-1] INFO  server.RaftServerConfigKeys (ConfUtils.java:logGet(44)) - raft.server.notification.no-leader.timeout = 300000ms (custom)
2022-03-07 09:50:56,862 [pool-616-thread-1] INFO  server.RaftServerConfigKeys (ConfUtils.java:logGet(44)) - raft.server.log.use.memory = false (default)
2022-03-07 09:50:56,862 [pool-616-thread-1] INFO  server.RaftServerConfigKeys (ConfUtils.java:logGet(44)) - raft.server.log.purge.gap = 1000000 (custom)
2022-03-07 09:50:56,862 [pool-616-thread-1] INFO  server.RaftServerConfigKeys (ConfUtils.java:logGet(44)) - raft.server.log.appender.buffer.byte-limit = 33554432 (custom)
2022-03-07 09:50:56,862 [pool-616-thread-1] INFO  server.RaftServerConfigKeys (ConfUtils.java:logGet(44)) - raft.server.log.segment.size.max = 1048576 (custom)
2022-03-07 09:50:56,863 [pool-616-thread-1] INFO  server.RaftServerConfigKeys (ConfUtils.java:logGet(44)) - raft.server.log.segment.cache.num.max = 2 (custom)
2022-03-07 09:50:56,863 [pool-616-thread-1] INFO  server.RaftServerConfigKeys (ConfUtils.java:logGet(44)) - raft.server.log.segment.cache.size.max = 200MB (=209715200) (default)
2022-03-07 09:50:56,863 [pool-616-thread-1] INFO  segmented.SegmentedRaftLogWorker (SegmentedRaftLogWorker.java:<init>(182)) - new 616d314c-ba0d-49c9-8f1d-797448dad8fd@group-35BB7CC600D3-SegmentedRaftLogWorker for RaftStorageImpl:Storage Directory /home/runner/work/ozone/ozone/hadoop-ozone/integration-test/target/test-dir/MiniOzoneClusterImpl-4c099742-f0a8-499d-a606-d482764d36d7/datanode-1/data/ratis/d8740330-0b47-446a-878d-35bb7cc600d3
2022-03-07 09:50:56,863 [pool-616-thread-1] INFO  server.RaftServerConfigKeys (ConfUtils.java:logGet(44)) - raft.server.log.queue.byte-limit = 4294967296 (custom)
2022-03-07 09:50:56,863 [pool-616-thread-1] INFO  server.RaftServerConfigKeys (ConfUtils.java:logGet(44)) - raft.server.log.queue.element-limit = 1024 (custom)
2022-03-07 09:50:56,863 [pool-616-thread-1] INFO  server.RaftServerConfigKeys (ConfUtils.java:logGet(44)) - raft.server.log.segment.size.max = 1048576 (custom)
2022-03-07 09:50:56,863 [pool-616-thread-1] INFO  server.RaftServerConfigKeys (ConfUtils.java:logGet(44)) - raft.server.log.preallocated.size = 16384 (custom)
2022-03-07 09:50:56,863 [pool-616-thread-1] INFO  server.RaftServerConfigKeys (ConfUtils.java:logGet(44)) - raft.server.log.force.sync.num = 128 (default)
2022-03-07 09:50:56,863 [pool-616-thread-1] INFO  server.RaftServerConfigKeys (ConfUtils.java:logGet(44)) - raft.server.log.statemachine.data.sync = true (default)
2022-03-07 09:50:56,863 [pool-616-thread-1] INFO  server.RaftServerConfigKeys (ConfUtils.java:logGet(44)) - raft.server.log.statemachine.data.sync.timeout = 10s (default)
2022-03-07 09:50:56,863 [pool-616-thread-1] INFO  server.RaftServerConfigKeys (ConfUtils.java:logGet(44)) - raft.server.log.statemachine.data.sync.timeout.retry = -1 (default)
2022-03-07 09:50:56,864 [pool-616-thread-1] INFO  server.RaftServerConfigKeys (ConfUtils.java:logGet(44)) - raft.server.log.write.buffer.size = 1048576 (custom)
2022-03-07 09:50:56,865 [pool-616-thread-1] INFO  server.RaftServerConfigKeys (ConfUtils.java:logGet(44)) - raft.server.log.statemachine.data.caching.enabled = true (custom)
2022-03-07 09:50:56,865 [pool-616-thread-1] INFO  segmented.SegmentedRaftLogWorker (SegmentedRaftLogWorker.java:lambda$new$0(133)) - 616d314c-ba0d-49c9-8f1d-797448dad8fd@group-35BB7CC600D3-SegmentedRaftLogWorker: flushIndex: setUnconditionally 0 -> -1
2022-03-07 09:50:56,865 [pool-616-thread-1] INFO  segmented.SegmentedRaftLogWorker (SegmentedRaftLogWorker.java:lambda$new$0(133)) - 616d314c-ba0d-49c9-8f1d-797448dad8fd@group-35BB7CC600D3-SegmentedRaftLogWorker: safeCacheEvictIndex: setUnconditionally 0 -> -1
2022-03-07 09:50:56,866 [pool-616-thread-1] INFO  server.RaftServerConfigKeys (ConfUtils.java:logGet(44)) - raft.server.snapshot.auto.trigger.enabled = true (custom)
2022-03-07 09:50:56,866 [pool-616-thread-1] INFO  server.RaftServerConfigKeys (ConfUtils.java:logGet(44)) - raft.server.snapshot.auto.trigger.threshold = 10000 (custom)
2022-03-07 09:50:56,866 [pool-616-thread-1] INFO  server.RaftServerConfigKeys (ConfUtils.java:logGet(44)) - raft.server.snapshot.retention.file.num = 5 (custom)
2022-03-07 09:50:56,866 [pool-616-thread-1] INFO  server.RaftServerConfigKeys (ConfUtils.java:logGet(44)) - raft.server.log.purge.upto.snapshot.index = false (default)
2022-03-07 09:50:56,866 [pool-616-thread-1] INFO  server.RaftServerConfigKeys (ConfUtils.java:logGet(44)) - raft.server.retrycache.expirytime = 600000ms (custom)
2022-03-07 09:50:56,866 [pool-616-thread-1] INFO  server.RaftServerConfigKeys (ConfUtils.java:logGet(44)) - raft.server.retrycache.statistics.expirytime = 100μs (default)
2022-03-07 09:50:56,867 [pool-616-thread-1] INFO  server.RaftServer$Division (RaftServerImpl.java:start(301)) - 616d314c-ba0d-49c9-8f1d-797448dad8fd@group-8D08D2C66B42: start as a follower, conf=-1: [616d314c-ba0d-49c9-8f1d-797448dad8fd|rpc:10.1.0.49:39129|priority:1], old=null
2022-03-07 09:50:56,867 [pool-616-thread-1] INFO  server.RaftServer$Division (RaftServerImpl.java:setRole(290)) - 616d314c-ba0d-49c9-8f1d-797448dad8fd@group-8D08D2C66B42: changes role from      null to FOLLOWER at term 0 for startAsFollower
2022-03-07 09:50:56,867 [pool-616-thread-1] INFO  impl.RoleInfo (RoleInfo.java:updateAndGet(130)) - 616d314c-ba0d-49c9-8f1d-797448dad8fd: start 616d314c-ba0d-49c9-8f1d-797448dad8fd@group-8D08D2C66B42-FollowerState
2022-03-07 09:50:56,868 [pool-616-thread-1] INFO  util.JmxRegister (JmxRegister.java:tryRegister(44)) - Successfully registered JMX Bean with object name Ratis:service=RaftServer,group=group-8D08D2C66B42,id=616d314c-ba0d-49c9-8f1d-797448dad8fd
2022-03-07 09:50:56,868 [pool-616-thread-1] INFO  server.RaftServer$Division (RaftServerImpl.java:start(301)) - 616d314c-ba0d-49c9-8f1d-797448dad8fd@group-35BB7CC600D3: start as a follower, conf=-1: [728f99e8-418e-4b00-b2e8-36f688b477dd|rpc:10.1.0.49:44013|dataStream:|priority:0, 616d314c-ba0d-49c9-8f1d-797448dad8fd|rpc:10.1.0.49:39129|dataStream:|priority:0, cd9cff4b-1bd9-497e-976c-8eec10b9db64|rpc:10.1.0.49:42923|dataStream:|priority:1], old=null
2022-03-07 09:50:56,868 [pool-616-thread-1] INFO  server.RaftServer$Division (RaftServerImpl.java:setRole(290)) - 616d314c-ba0d-49c9-8f1d-797448dad8fd@group-35BB7CC600D3: changes role from      null to FOLLOWER at term 0 for startAsFollower
2022-03-07 09:50:56,868 [pool-616-thread-1] INFO  impl.RoleInfo (RoleInfo.java:updateAndGet(130)) - 616d314c-ba0d-49c9-8f1d-797448dad8fd: start 616d314c-ba0d-49c9-8f1d-797448dad8fd@group-35BB7CC600D3-FollowerState
2022-03-07 09:50:56,869 [pool-616-thread-1] INFO  util.JmxRegister (JmxRegister.java:tryRegister(44)) - Successfully registered JMX Bean with object name Ratis:service=RaftServer,group=group-35BB7CC600D3,id=616d314c-ba0d-49c9-8f1d-797448dad8fd
2022-03-07 09:50:56,870 [Command processor thread] INFO  ratis.XceiverServerRatis (XceiverServerRatis.java:addGroup(769)) - Created group PipelineID=923a3941-3f74-42f8-9986-8d08d2c66b42
2022-03-07 09:50:56,870 [Command processor thread] INFO  commandhandler.CreatePipelineCommandHandler (CreatePipelineCommandHandler.java:handle(106)) - Created Pipeline RATIS ONE PipelineID=923a3941-3f74-42f8-9986-8d08d2c66b42.
2022-03-07 09:50:56,870 [Command processor thread] INFO  server.RaftServer (RaftServerProxy.java:addNew(95)) - 616d314c-ba0d-49c9-8f1d-797448dad8fd: addNew group-A583654C641D:[728f99e8-418e-4b00-b2e8-36f688b477dd|rpc:10.1.0.49:44013|priority:1, 616d314c-ba0d-49c9-8f1d-797448dad8fd|rpc:10.1.0.49:39129|priority:0, cd9cff4b-1bd9-497e-976c-8eec10b9db64|rpc:10.1.0.49:42923|priority:0] returns group-A583654C641D:java.util.concurrent.CompletableFuture@4b3eb07[Not completed]
2022-03-07 09:50:56,877 [pool-616-thread-1] INFO  server.RaftServer$Division (RaftServerImpl.java:<init>(184)) - 616d314c-ba0d-49c9-8f1d-797448dad8fd: new RaftServerImpl for group-A583654C641D:[728f99e8-418e-4b00-b2e8-36f688b477dd|rpc:10.1.0.49:44013|priority:1, 616d314c-ba0d-49c9-8f1d-797448dad8fd|rpc:10.1.0.49:39129|priority:0, cd9cff4b-1bd9-497e-976c-8eec10b9db64|rpc:10.1.0.49:42923|priority:0] with ContainerStateMachine:uninitialized
2022-03-07 09:50:56,877 [pool-616-thread-1] INFO  server.RaftServerConfigKeys (ConfUtils.java:logGet(44)) - raft.server.rpc.timeout.min = 5s (custom)
2022-03-07 09:50:56,877 [pool-616-thread-1] INFO  server.RaftServerConfigKeys (ConfUtils.java:logGet(44)) - raft.server.rpc.timeout.max = 5200ms (custom)
2022-03-07 09:50:56,877 [pool-616-thread-1] INFO  server.RaftServerConfigKeys (ConfUtils.java:logGet(44)) - raft.server.rpc.sleep.time = 25ms (default)
2022-03-07 09:50:56,877 [pool-616-thread-1] INFO  server.RaftServerConfigKeys (ConfUtils.java:logGet(44)) - raft.server.rpc.slowness.timeout = 300000ms (custom)
2022-03-07 09:50:56,877 [pool-616-thread-1] INFO  server.RaftServerConfigKeys (ConfUtils.java:logGet(44)) - raft.server.leaderelection.leader.step-down.wait-time = 10s (default)
2022-03-07 09:50:56,877 [pool-616-thread-1] INFO  server.RaftServerConfigKeys (ConfUtils.java:logGet(44)) - raft.server.sleep.deviation.threshold = 300ms (default)
2022-03-07 09:50:56,877 [pool-616-thread-1] INFO  server.RaftServerConfigKeys (ConfUtils.java:logGet(44)) - raft.server.log.appender.install.snapshot.enabled = false (custom)
2022-03-07 09:50:56,877 [pool-616-thread-1] INFO  server.RaftServer$Division (ServerState.java:<init>(105)) - 616d314c-ba0d-49c9-8f1d-797448dad8fd@group-A583654C641D: ConfigurationManager, init=-1: [728f99e8-418e-4b00-b2e8-36f688b477dd|rpc:10.1.0.49:44013|priority:1, 616d314c-ba0d-49c9-8f1d-797448dad8fd|rpc:10.1.0.49:39129|priority:0, cd9cff4b-1bd9-497e-976c-8eec10b9db64|rpc:10.1.0.49:42923|priority:0], old=null, confs=<EMPTY_MAP>
2022-03-07 09:50:56,877 [pool-616-thread-1] INFO  server.RaftServerConfigKeys (ConfUtils.java:logGet(44)) - raft.server.storage.dir = [/home/runner/work/ozone/ozone/hadoop-ozone/integration-test/target/test-dir/MiniOzoneClusterImpl-4c099742-f0a8-499d-a606-d482764d36d7/datanode-1/data/ratis] (custom)
2022-03-07 09:50:56,877 [pool-616-thread-1] INFO  server.RaftServerConfigKeys (ConfUtils.java:logGet(44)) - raft.server.log.corruption.policy = EXCEPTION (default)
2022-03-07 09:50:56,877 [pool-616-thread-1] INFO  server.RaftServerConfigKeys (ConfUtils.java:logGet(44)) - raft.server.storage.free-space.min = 0MB (=0) (default)
2022-03-07 09:50:56,878 [pool-616-thread-1] INFO  storage.RaftStorageDirectory (RaftStorageDirectoryImpl.java:analyzeStorage(135)) - The storage directory /home/runner/work/ozone/ozone/hadoop-ozone/integration-test/target/test-dir/MiniOzoneClusterImpl-4c099742-f0a8-499d-a606-d482764d36d7/datanode-1/data/ratis/74c3c54d-cb47-44d6-90a4-a583654c641d does not exist. Creating ...
2022-03-07 09:50:56,880 [pool-616-thread-1] INFO  storage.RaftStorageDirectory (RaftStorageDirectoryImpl.java:tryLock(230)) - Lock on /home/runner/work/ozone/ozone/hadoop-ozone/integration-test/target/test-dir/MiniOzoneClusterImpl-4c099742-f0a8-499d-a606-d482764d36d7/datanode-1/data/ratis/74c3c54d-cb47-44d6-90a4-a583654c641d/in_use.lock acquired by nodename 23420@fv-az291-317
2022-03-07 09:50:56,905 [pool-616-thread-1] INFO  storage.RaftStorage (RaftStorageImpl.java:format(89)) - Storage directory /home/runner/work/ozone/ozone/hadoop-ozone/integration-test/target/test-dir/MiniOzoneClusterImpl-4c099742-f0a8-499d-a606-d482764d36d7/datanode-1/data/ratis/74c3c54d-cb47-44d6-90a4-a583654c641d has been successfully formatted.
2022-03-07 09:50:56,905 [pool-616-thread-1] INFO  ratis.ContainerStateMachine (ContainerStateMachine.java:loadSnapshot(236)) - group-A583654C641D: The snapshot info is null. Setting the last applied indexto:(t:0, i:~)
2022-03-07 09:50:56,905 [pool-616-thread-1] INFO  server.RaftServerConfigKeys (ConfUtils.java:logGet(44)) - raft.server.notification.no-leader.timeout = 300000ms (custom)
2022-03-07 09:50:56,905 [pool-616-thread-1] INFO  server.RaftServerConfigKeys (ConfUtils.java:logGet(44)) - raft.server.log.use.memory = false (default)
2022-03-07 09:50:56,905 [pool-616-thread-1] INFO  server.RaftServerConfigKeys (ConfUtils.java:logGet(44)) - raft.server.log.purge.gap = 1000000 (custom)
2022-03-07 09:50:56,905 [pool-616-thread-1] INFO  server.RaftServerConfigKeys (ConfUtils.java:logGet(44)) - raft.server.log.appender.buffer.byte-limit = 33554432 (custom)
2022-03-07 09:50:56,905 [pool-616-thread-1] INFO  server.RaftServerConfigKeys (ConfUtils.java:logGet(44)) - raft.server.log.segment.size.max = 1048576 (custom)
2022-03-07 09:50:56,906 [pool-616-thread-1] INFO  server.RaftServerConfigKeys (ConfUtils.java:logGet(44)) - raft.server.log.segment.cache.num.max = 2 (custom)
2022-03-07 09:50:56,906 [pool-616-thread-1] INFO  server.RaftServerConfigKeys (ConfUtils.java:logGet(44)) - raft.server.log.segment.cache.size.max = 200MB (=209715200) (default)
2022-03-07 09:50:56,906 [pool-616-thread-1] INFO  segmented.SegmentedRaftLogWorker (SegmentedRaftLogWorker.java:<init>(182)) - new 616d314c-ba0d-49c9-8f1d-797448dad8fd@group-A583654C641D-SegmentedRaftLogWorker for RaftStorageImpl:Storage Directory /home/runner/work/ozone/ozone/hadoop-ozone/integration-test/target/test-dir/MiniOzoneClusterImpl-4c099742-f0a8-499d-a606-d482764d36d7/datanode-1/data/ratis/74c3c54d-cb47-44d6-90a4-a583654c641d
2022-03-07 09:50:56,906 [pool-616-thread-1] INFO  server.RaftServerConfigKeys (ConfUtils.java:logGet(44)) - raft.server.log.queue.byte-limit = 4294967296 (custom)
2022-03-07 09:50:56,906 [pool-616-thread-1] INFO  server.RaftServerConfigKeys (ConfUtils.java:logGet(44)) - raft.server.log.queue.element-limit = 1024 (custom)
2022-03-07 09:50:56,906 [pool-616-thread-1] INFO  server.RaftServerConfigKeys (ConfUtils.java:logGet(44)) - raft.server.log.segment.size.max = 1048576 (custom)
2022-03-07 09:50:56,906 [pool-616-thread-1] INFO  server.RaftServerConfigKeys (ConfUtils.java:logGet(44)) - raft.server.log.preallocated.size = 16384 (custom)
2022-03-07 09:50:56,906 [pool-616-thread-1] INFO  server.RaftServerConfigKeys (ConfUtils.java:logGet(44)) - raft.server.log.force.sync.num = 128 (default)
2022-03-07 09:50:56,906 [pool-616-thread-1] INFO  server.RaftServerConfigKeys (ConfUtils.java:logGet(44)) - raft.server.log.statemachine.data.sync = true (default)
2022-03-07 09:50:56,906 [pool-616-thread-1] INFO  server.RaftServerConfigKeys (ConfUtils.java:logGet(44)) - raft.server.log.statemachine.data.sync.timeout = 10s (default)
2022-03-07 09:50:56,906 [pool-616-thread-1] INFO  server.RaftServerConfigKeys (ConfUtils.java:logGet(44)) - raft.server.log.statemachine.data.sync.timeout.retry = -1 (default)
2022-03-07 09:50:56,907 [pool-616-thread-1] INFO  server.RaftServerConfigKeys (ConfUtils.java:logGet(44)) - raft.server.log.write.buffer.size = 1048576 (custom)
2022-03-07 09:50:56,908 [pool-616-thread-1] INFO  server.RaftServerConfigKeys (ConfUtils.java:logGet(44)) - raft.server.log.statemachine.data.caching.enabled = true (custom)
2022-03-07 09:50:56,915 [EventQueue-OpenPipelineForHealthyPipelineSafeModeRule] INFO  safemode.SCMSafeModeManager (HealthyPipelineSafeModeRule.java:process(124)) - SCM in safe mode. Healthy pipelines reported count is 0, required healthy pipeline reported count is 1
2022-03-07 09:50:56,920 [pool-616-thread-1] INFO  segmented.SegmentedRaftLogWorker (SegmentedRaftLogWorker.java:lambda$new$0(133)) - 616d314c-ba0d-49c9-8f1d-797448dad8fd@group-A583654C641D-SegmentedRaftLogWorker: flushIndex: setUnconditionally 0 -> -1
2022-03-07 09:50:56,920 [pool-616-thread-1] INFO  segmented.SegmentedRaftLogWorker (SegmentedRaftLogWorker.java:lambda$new$0(133)) - 616d314c-ba0d-49c9-8f1d-797448dad8fd@group-A583654C641D-SegmentedRaftLogWorker: safeCacheEvictIndex: setUnconditionally 0 -> -1
2022-03-07 09:50:56,928 [pool-616-thread-1] INFO  server.RaftServerConfigKeys (ConfUtils.java:logGet(44)) - raft.server.snapshot.auto.trigger.enabled = true (custom)
2022-03-07 09:50:56,928 [pool-616-thread-1] INFO  server.RaftServerConfigKeys (ConfUtils.java:logGet(44)) - raft.server.snapshot.auto.trigger.threshold = 10000 (custom)
2022-03-07 09:50:56,928 [pool-616-thread-1] INFO  server.RaftServerConfigKeys (ConfUtils.java:logGet(44)) - raft.server.snapshot.retention.file.num = 5 (custom)
2022-03-07 09:50:56,928 [pool-616-thread-1] INFO  server.RaftServerConfigKeys (ConfUtils.java:logGet(44)) - raft.server.log.purge.upto.snapshot.index = false (default)
2022-03-07 09:50:56,928 [pool-616-thread-1] INFO  server.RaftServerConfigKeys (ConfUtils.java:logGet(44)) - raft.server.retrycache.expirytime = 600000ms (custom)
2022-03-07 09:50:56,928 [pool-616-thread-1] INFO  server.RaftServerConfigKeys (ConfUtils.java:logGet(44)) - raft.server.retrycache.statistics.expirytime = 100μs (default)
2022-03-07 09:50:56,929 [pool-616-thread-1] INFO  server.RaftServer$Division (RaftServerImpl.java:start(301)) - 616d314c-ba0d-49c9-8f1d-797448dad8fd@group-A583654C641D: start as a follower, conf=-1: [728f99e8-418e-4b00-b2e8-36f688b477dd|rpc:10.1.0.49:44013|priority:1, 616d314c-ba0d-49c9-8f1d-797448dad8fd|rpc:10.1.0.49:39129|priority:0, cd9cff4b-1bd9-497e-976c-8eec10b9db64|rpc:10.1.0.49:42923|priority:0], old=null
2022-03-07 09:50:56,930 [pool-616-thread-1] INFO  server.RaftServer$Division (RaftServerImpl.java:setRole(290)) - 616d314c-ba0d-49c9-8f1d-797448dad8fd@group-A583654C641D: changes role from      null to FOLLOWER at term 0 for startAsFollower
2022-03-07 09:50:56,930 [pool-616-thread-1] INFO  impl.RoleInfo (RoleInfo.java:updateAndGet(130)) - 616d314c-ba0d-49c9-8f1d-797448dad8fd: start 616d314c-ba0d-49c9-8f1d-797448dad8fd@group-A583654C641D-FollowerState
2022-03-07 09:50:56,948 [pool-616-thread-1] INFO  util.JmxRegister (JmxRegister.java:tryRegister(44)) - Successfully registered JMX Bean with object name Ratis:service=RaftServer,group=group-A583654C641D,id=616d314c-ba0d-49c9-8f1d-797448dad8fd
2022-03-07 09:50:56,961 [Command processor thread] INFO  ratis.XceiverServerRatis (XceiverServerRatis.java:addGroup(769)) - Created group PipelineID=74c3c54d-cb47-44d6-90a4-a583654c641d
2022-03-07 09:50:56,965 [grpc-default-executor-3] INFO  server.RaftServer (RaftServerProxy.java:addNew(95)) - cd9cff4b-1bd9-497e-976c-8eec10b9db64: addNew group-35BB7CC600D3:[728f99e8-418e-4b00-b2e8-36f688b477dd|rpc:10.1.0.49:44013|dataStream:|priority:0, 616d314c-ba0d-49c9-8f1d-797448dad8fd|rpc:10.1.0.49:39129|dataStream:|priority:0, cd9cff4b-1bd9-497e-976c-8eec10b9db64|rpc:10.1.0.49:42923|dataStream:|priority:1] returns group-35BB7CC600D3:java.util.concurrent.CompletableFuture@1dddc75f[Not completed]
2022-03-07 09:50:56,966 [pool-637-thread-1] INFO  server.RaftServer$Division (RaftServerImpl.java:<init>(184)) - cd9cff4b-1bd9-497e-976c-8eec10b9db64: new RaftServerImpl for group-35BB7CC600D3:[728f99e8-418e-4b00-b2e8-36f688b477dd|rpc:10.1.0.49:44013|dataStream:|priority:0, 616d314c-ba0d-49c9-8f1d-797448dad8fd|rpc:10.1.0.49:39129|dataStream:|priority:0, cd9cff4b-1bd9-497e-976c-8eec10b9db64|rpc:10.1.0.49:42923|dataStream:|priority:1] with ContainerStateMachine:uninitialized
2022-03-07 09:50:56,966 [pool-637-thread-1] INFO  server.RaftServerConfigKeys (ConfUtils.java:logGet(44)) - raft.server.rpc.timeout.min = 5s (custom)
2022-03-07 09:50:56,966 [pool-637-thread-1] INFO  server.RaftServerConfigKeys (ConfUtils.java:logGet(44)) - raft.server.rpc.timeout.max = 5200ms (custom)
2022-03-07 09:50:56,966 [pool-637-thread-1] INFO  server.RaftServerConfigKeys (ConfUtils.java:logGet(44)) - raft.server.rpc.sleep.time = 25ms (default)
2022-03-07 09:50:56,966 [pool-637-thread-1] INFO  server.RaftServerConfigKeys (ConfUtils.java:logGet(44)) - raft.server.rpc.slowness.timeout = 300000ms (custom)
2022-03-07 09:50:56,966 [pool-637-thread-1] INFO  server.RaftServerConfigKeys (ConfUtils.java:logGet(44)) - raft.server.leaderelection.leader.step-down.wait-time = 10s (default)
2022-03-07 09:50:56,966 [pool-637-thread-1] INFO  server.RaftServerConfigKeys (ConfUtils.java:logGet(44)) - raft.server.sleep.deviation.threshold = 300ms (default)
2022-03-07 09:50:56,966 [pool-637-thread-1] INFO  server.RaftServerConfigKeys (ConfUtils.java:logGet(44)) - raft.server.log.appender.install.snapshot.enabled = false (custom)
2022-03-07 09:50:56,966 [pool-637-thread-1] INFO  server.RaftServer$Division (ServerState.java:<init>(105)) - cd9cff4b-1bd9-497e-976c-8eec10b9db64@group-35BB7CC600D3: ConfigurationManager, init=-1: [728f99e8-418e-4b00-b2e8-36f688b477dd|rpc:10.1.0.49:44013|dataStream:|priority:0, 616d314c-ba0d-49c9-8f1d-797448dad8fd|rpc:10.1.0.49:39129|dataStream:|priority:0, cd9cff4b-1bd9-497e-976c-8eec10b9db64|rpc:10.1.0.49:42923|dataStream:|priority:1], old=null, confs=<EMPTY_MAP>
2022-03-07 09:50:56,966 [pool-637-thread-1] INFO  server.RaftServerConfigKeys (ConfUtils.java:logGet(44)) - raft.server.storage.dir = [/home/runner/work/ozone/ozone/hadoop-ozone/integration-test/target/test-dir/MiniOzoneClusterImpl-4c099742-f0a8-499d-a606-d482764d36d7/datanode-2/data/ratis] (custom)
2022-03-07 09:50:56,967 [pool-637-thread-1] INFO  server.RaftServerConfigKeys (ConfUtils.java:logGet(44)) - raft.server.log.corruption.policy = EXCEPTION (default)
2022-03-07 09:50:56,967 [pool-637-thread-1] INFO  server.RaftServerConfigKeys (ConfUtils.java:logGet(44)) - raft.server.storage.free-space.min = 0MB (=0) (default)
2022-03-07 09:50:56,967 [pool-637-thread-1] INFO  storage.RaftStorageDirectory (RaftStorageDirectoryImpl.java:analyzeStorage(135)) - The storage directory /home/runner/work/ozone/ozone/hadoop-ozone/integration-test/target/test-dir/MiniOzoneClusterImpl-4c099742-f0a8-499d-a606-d482764d36d7/datanode-2/data/ratis/d8740330-0b47-446a-878d-35bb7cc600d3 does not exist. Creating ...
2022-03-07 09:50:56,970 [grpc-default-executor-2] INFO  server.RaftServer (RaftServerProxy.java:addNew(95)) - 728f99e8-418e-4b00-b2e8-36f688b477dd: addNew group-A583654C641D:[728f99e8-418e-4b00-b2e8-36f688b477dd|rpc:10.1.0.49:44013|dataStream:|priority:1, 616d314c-ba0d-49c9-8f1d-797448dad8fd|rpc:10.1.0.49:39129|dataStream:|priority:0, cd9cff4b-1bd9-497e-976c-8eec10b9db64|rpc:10.1.0.49:42923|dataStream:|priority:0] returns group-A583654C641D:java.util.concurrent.CompletableFuture@7b15de03[Not completed]
2022-03-07 09:50:56,971 [pool-595-thread-1] INFO  server.RaftServer$Division (RaftServerImpl.java:<init>(184)) - 728f99e8-418e-4b00-b2e8-36f688b477dd: new RaftServerImpl for group-A583654C641D:[728f99e8-418e-4b00-b2e8-36f688b477dd|rpc:10.1.0.49:44013|dataStream:|priority:1, 616d314c-ba0d-49c9-8f1d-797448dad8fd|rpc:10.1.0.49:39129|dataStream:|priority:0, cd9cff4b-1bd9-497e-976c-8eec10b9db64|rpc:10.1.0.49:42923|dataStream:|priority:0] with ContainerStateMachine:uninitialized
2022-03-07 09:50:56,971 [pool-595-thread-1] INFO  server.RaftServerConfigKeys (ConfUtils.java:logGet(44)) - raft.server.rpc.timeout.min = 5s (custom)
2022-03-07 09:50:56,971 [pool-595-thread-1] INFO  server.RaftServerConfigKeys (ConfUtils.java:logGet(44)) - raft.server.rpc.timeout.max = 5200ms (custom)
2022-03-07 09:50:56,971 [pool-595-thread-1] INFO  server.RaftServerConfigKeys (ConfUtils.java:logGet(44)) - raft.server.rpc.sleep.time = 25ms (default)
2022-03-07 09:50:56,971 [pool-595-thread-1] INFO  server.RaftServerConfigKeys (ConfUtils.java:logGet(44)) - raft.server.rpc.slowness.timeout = 300000ms (custom)
2022-03-07 09:50:56,971 [pool-595-thread-1] INFO  server.RaftServerConfigKeys (ConfUtils.java:logGet(44)) - raft.server.leaderelection.leader.step-down.wait-time = 10s (default)
2022-03-07 09:50:56,971 [pool-595-thread-1] INFO  server.RaftServerConfigKeys (ConfUtils.java:logGet(44)) - raft.server.sleep.deviation.threshold = 300ms (default)
2022-03-07 09:50:56,971 [pool-595-thread-1] INFO  server.RaftServerConfigKeys (ConfUtils.java:logGet(44)) - raft.server.log.appender.install.snapshot.enabled = false (custom)
2022-03-07 09:50:56,971 [pool-595-thread-1] INFO  server.RaftServer$Division (ServerState.java:<init>(105)) - 728f99e8-418e-4b00-b2e8-36f688b477dd@group-A583654C641D: ConfigurationManager, init=-1: [728f99e8-418e-4b00-b2e8-36f688b477dd|rpc:10.1.0.49:44013|dataStream:|priority:1, 616d314c-ba0d-49c9-8f1d-797448dad8fd|rpc:10.1.0.49:39129|dataStream:|priority:0, cd9cff4b-1bd9-497e-976c-8eec10b9db64|rpc:10.1.0.49:42923|dataStream:|priority:0], old=null, confs=<EMPTY_MAP>
2022-03-07 09:50:56,971 [pool-595-thread-1] INFO  server.RaftServerConfigKeys (ConfUtils.java:logGet(44)) - raft.server.storage.dir = [/home/runner/work/ozone/ozone/hadoop-ozone/integration-test/target/test-dir/MiniOzoneClusterImpl-4c099742-f0a8-499d-a606-d482764d36d7/datanode-0/data/ratis] (custom)
2022-03-07 09:50:56,972 [pool-595-thread-1] INFO  server.RaftServerConfigKeys (ConfUtils.java:logGet(44)) - raft.server.log.corruption.policy = EXCEPTION (default)
2022-03-07 09:50:56,972 [pool-595-thread-1] INFO  server.RaftServerConfigKeys (ConfUtils.java:logGet(44)) - raft.server.storage.free-space.min = 0MB (=0) (default)
2022-03-07 09:50:56,972 [pool-595-thread-1] INFO  storage.RaftStorageDirectory (RaftStorageDirectoryImpl.java:analyzeStorage(135)) - The storage directory /home/runner/work/ozone/ozone/hadoop-ozone/integration-test/target/test-dir/MiniOzoneClusterImpl-4c099742-f0a8-499d-a606-d482764d36d7/datanode-0/data/ratis/74c3c54d-cb47-44d6-90a4-a583654c641d does not exist. Creating ...
2022-03-07 09:50:56,973 [pool-637-thread-1] INFO  storage.RaftStorageDirectory (RaftStorageDirectoryImpl.java:tryLock(230)) - Lock on /home/runner/work/ozone/ozone/hadoop-ozone/integration-test/target/test-dir/MiniOzoneClusterImpl-4c099742-f0a8-499d-a606-d482764d36d7/datanode-2/data/ratis/d8740330-0b47-446a-878d-35bb7cc600d3/in_use.lock acquired by nodename 23420@fv-az291-317
2022-03-07 09:50:56,974 [pool-595-thread-1] INFO  storage.RaftStorageDirectory (RaftStorageDirectoryImpl.java:tryLock(230)) - Lock on /home/runner/work/ozone/ozone/hadoop-ozone/integration-test/target/test-dir/MiniOzoneClusterImpl-4c099742-f0a8-499d-a606-d482764d36d7/datanode-0/data/ratis/74c3c54d-cb47-44d6-90a4-a583654c641d/in_use.lock acquired by nodename 23420@fv-az291-317
2022-03-07 09:50:56,975 [pool-595-thread-1] INFO  storage.RaftStorage (RaftStorageImpl.java:format(89)) - Storage directory /home/runner/work/ozone/ozone/hadoop-ozone/integration-test/target/test-dir/MiniOzoneClusterImpl-4c099742-f0a8-499d-a606-d482764d36d7/datanode-0/data/ratis/74c3c54d-cb47-44d6-90a4-a583654c641d has been successfully formatted.
2022-03-07 09:50:56,976 [pool-595-thread-1] INFO  ratis.ContainerStateMachine (ContainerStateMachine.java:loadSnapshot(236)) - group-A583654C641D: The snapshot info is null. Setting the last applied indexto:(t:0, i:~)
2022-03-07 09:50:56,976 [EventQueue-OpenPipelineForHealthyPipelineSafeModeRule] INFO  safemode.SCMSafeModeManager (HealthyPipelineSafeModeRule.java:process(124)) - SCM in safe mode. Healthy pipelines reported count is 0, required healthy pipeline reported count is 1
2022-03-07 09:50:56,977 [pool-595-thread-1] INFO  server.RaftServerConfigKeys (ConfUtils.java:logGet(44)) - raft.server.notification.no-leader.timeout = 300000ms (custom)
2022-03-07 09:50:56,977 [pool-595-thread-1] INFO  server.RaftServerConfigKeys (ConfUtils.java:logGet(44)) - raft.server.log.use.memory = false (default)
2022-03-07 09:50:56,977 [pool-595-thread-1] INFO  server.RaftServerConfigKeys (ConfUtils.java:logGet(44)) - raft.server.log.purge.gap = 1000000 (custom)
2022-03-07 09:50:56,977 [pool-595-thread-1] INFO  server.RaftServerConfigKeys (ConfUtils.java:logGet(44)) - raft.server.log.appender.buffer.byte-limit = 33554432 (custom)
2022-03-07 09:50:56,977 [pool-595-thread-1] INFO  server.RaftServerConfigKeys (ConfUtils.java:logGet(44)) - raft.server.log.segment.size.max = 1048576 (custom)
2022-03-07 09:50:56,978 [pool-595-thread-1] INFO  server.RaftServerConfigKeys (ConfUtils.java:logGet(44)) - raft.server.log.segment.cache.num.max = 2 (custom)
2022-03-07 09:50:56,978 [pool-595-thread-1] INFO  server.RaftServerConfigKeys (ConfUtils.java:logGet(44)) - raft.server.log.segment.cache.size.max = 200MB (=209715200) (default)
2022-03-07 09:50:56,978 [pool-595-thread-1] INFO  segmented.SegmentedRaftLogWorker (SegmentedRaftLogWorker.java:<init>(182)) - new 728f99e8-418e-4b00-b2e8-36f688b477dd@group-A583654C641D-SegmentedRaftLogWorker for RaftStorageImpl:Storage Directory /home/runner/work/ozone/ozone/hadoop-ozone/integration-test/target/test-dir/MiniOzoneClusterImpl-4c099742-f0a8-499d-a606-d482764d36d7/datanode-0/data/ratis/74c3c54d-cb47-44d6-90a4-a583654c641d
2022-03-07 09:50:56,978 [pool-595-thread-1] INFO  server.RaftServerConfigKeys (ConfUtils.java:logGet(44)) - raft.server.log.queue.byte-limit = 4294967296 (custom)
2022-03-07 09:50:56,978 [pool-595-thread-1] INFO  server.RaftServerConfigKeys (ConfUtils.java:logGet(44)) - raft.server.log.queue.element-limit = 1024 (custom)
2022-03-07 09:50:56,978 [pool-595-thread-1] INFO  server.RaftServerConfigKeys (ConfUtils.java:logGet(44)) - raft.server.log.segment.size.max = 1048576 (custom)
2022-03-07 09:50:56,978 [pool-595-thread-1] INFO  server.RaftServerConfigKeys (ConfUtils.java:logGet(44)) - raft.server.log.preallocated.size = 16384 (custom)
2022-03-07 09:50:56,978 [pool-595-thread-1] INFO  server.RaftServerConfigKeys (ConfUtils.java:logGet(44)) - raft.server.log.force.sync.num = 128 (default)
2022-03-07 09:50:56,978 [pool-595-thread-1] INFO  server.RaftServerConfigKeys (ConfUtils.java:logGet(44)) - raft.server.log.statemachine.data.sync = true (default)
2022-03-07 09:50:56,978 [pool-595-thread-1] INFO  server.RaftServerConfigKeys (ConfUtils.java:logGet(44)) - raft.server.log.statemachine.data.sync.timeout = 10s (default)
2022-03-07 09:50:56,978 [pool-595-thread-1] INFO  server.RaftServerConfigKeys (ConfUtils.java:logGet(44)) - raft.server.log.statemachine.data.sync.timeout.retry = -1 (default)
2022-03-07 09:50:56,979 [pool-595-thread-1] INFO  server.RaftServerConfigKeys (ConfUtils.java:logGet(44)) - raft.server.log.write.buffer.size = 1048576 (custom)
2022-03-07 09:50:56,976 [pool-637-thread-1] INFO  storage.RaftStorage (RaftStorageImpl.java:format(89)) - Storage directory /home/runner/work/ozone/ozone/hadoop-ozone/integration-test/target/test-dir/MiniOzoneClusterImpl-4c099742-f0a8-499d-a606-d482764d36d7/datanode-2/data/ratis/d8740330-0b47-446a-878d-35bb7cc600d3 has been successfully formatted.
2022-03-07 09:50:56,980 [pool-595-thread-1] INFO  server.RaftServerConfigKeys (ConfUtils.java:logGet(44)) - raft.server.log.statemachine.data.caching.enabled = true (custom)
2022-03-07 09:50:56,980 [pool-637-thread-1] INFO  ratis.ContainerStateMachine (ContainerStateMachine.java:loadSnapshot(236)) - group-35BB7CC600D3: The snapshot info is null. Setting the last applied indexto:(t:0, i:~)
2022-03-07 09:50:56,980 [pool-595-thread-1] INFO  segmented.SegmentedRaftLogWorker (SegmentedRaftLogWorker.java:lambda$new$0(133)) - 728f99e8-418e-4b00-b2e8-36f688b477dd@group-A583654C641D-SegmentedRaftLogWorker: flushIndex: setUnconditionally 0 -> -1
2022-03-07 09:50:56,980 [pool-595-thread-1] INFO  segmented.SegmentedRaftLogWorker (SegmentedRaftLogWorker.java:lambda$new$0(133)) - 728f99e8-418e-4b00-b2e8-36f688b477dd@group-A583654C641D-SegmentedRaftLogWorker: safeCacheEvictIndex: setUnconditionally 0 -> -1
2022-03-07 09:50:56,986 [pool-595-thread-1] INFO  server.RaftServerConfigKeys (ConfUtils.java:logGet(44)) - raft.server.snapshot.auto.trigger.enabled = true (custom)
2022-03-07 09:50:56,986 [pool-595-thread-1] INFO  server.RaftServerConfigKeys (ConfUtils.java:logGet(44)) - raft.server.snapshot.auto.trigger.threshold = 10000 (custom)
2022-03-07 09:50:56,986 [pool-595-thread-1] INFO  server.RaftServerConfigKeys (ConfUtils.java:logGet(44)) - raft.server.snapshot.retention.file.num = 5 (custom)
2022-03-07 09:50:56,986 [pool-595-thread-1] INFO  server.RaftServerConfigKeys (ConfUtils.java:logGet(44)) - raft.server.log.purge.upto.snapshot.index = false (default)
2022-03-07 09:50:56,986 [pool-595-thread-1] INFO  server.RaftServerConfigKeys (ConfUtils.java:logGet(44)) - raft.server.retrycache.expirytime = 600000ms (custom)
2022-03-07 09:50:56,986 [pool-595-thread-1] INFO  server.RaftServerConfigKeys (ConfUtils.java:logGet(44)) - raft.server.retrycache.statistics.expirytime = 100μs (default)
2022-03-07 09:50:56,987 [pool-595-thread-1] INFO  server.RaftServer$Division (RaftServerImpl.java:start(301)) - 728f99e8-418e-4b00-b2e8-36f688b477dd@group-A583654C641D: start as a follower, conf=-1: [728f99e8-418e-4b00-b2e8-36f688b477dd|rpc:10.1.0.49:44013|dataStream:|priority:1, 616d314c-ba0d-49c9-8f1d-797448dad8fd|rpc:10.1.0.49:39129|dataStream:|priority:0, cd9cff4b-1bd9-497e-976c-8eec10b9db64|rpc:10.1.0.49:42923|dataStream:|priority:0], old=null
2022-03-07 09:50:56,987 [pool-595-thread-1] INFO  server.RaftServer$Division (RaftServerImpl.java:setRole(290)) - 728f99e8-418e-4b00-b2e8-36f688b477dd@group-A583654C641D: changes role from      null to FOLLOWER at term 0 for startAsFollower
2022-03-07 09:50:56,987 [pool-595-thread-1] INFO  impl.RoleInfo (RoleInfo.java:updateAndGet(130)) - 728f99e8-418e-4b00-b2e8-36f688b477dd: start 728f99e8-418e-4b00-b2e8-36f688b477dd@group-A583654C641D-FollowerState
2022-03-07 09:50:57,004 [pool-637-thread-1] INFO  server.RaftServerConfigKeys (ConfUtils.java:logGet(44)) - raft.server.notification.no-leader.timeout = 300000ms (custom)
2022-03-07 09:50:57,004 [pool-637-thread-1] INFO  server.RaftServerConfigKeys (ConfUtils.java:logGet(44)) - raft.server.log.use.memory = false (default)
2022-03-07 09:50:57,004 [pool-637-thread-1] INFO  server.RaftServerConfigKeys (ConfUtils.java:logGet(44)) - raft.server.log.purge.gap = 1000000 (custom)
2022-03-07 09:50:57,004 [pool-637-thread-1] INFO  server.RaftServerConfigKeys (ConfUtils.java:logGet(44)) - raft.server.log.appender.buffer.byte-limit = 33554432 (custom)
2022-03-07 09:50:57,005 [pool-637-thread-1] INFO  server.RaftServerConfigKeys (ConfUtils.java:logGet(44)) - raft.server.log.segment.size.max = 1048576 (custom)
2022-03-07 09:50:57,005 [pool-637-thread-1] INFO  server.RaftServerConfigKeys (ConfUtils.java:logGet(44)) - raft.server.log.segment.cache.num.max = 2 (custom)
2022-03-07 09:50:57,005 [pool-637-thread-1] INFO  server.RaftServerConfigKeys (ConfUtils.java:logGet(44)) - raft.server.log.segment.cache.size.max = 200MB (=209715200) (default)
2022-03-07 09:50:57,005 [pool-637-thread-1] INFO  segmented.SegmentedRaftLogWorker (SegmentedRaftLogWorker.java:<init>(182)) - new cd9cff4b-1bd9-497e-976c-8eec10b9db64@group-35BB7CC600D3-SegmentedRaftLogWorker for RaftStorageImpl:Storage Directory /home/runner/work/ozone/ozone/hadoop-ozone/integration-test/target/test-dir/MiniOzoneClusterImpl-4c099742-f0a8-499d-a606-d482764d36d7/datanode-2/data/ratis/d8740330-0b47-446a-878d-35bb7cc600d3
2022-03-07 09:50:57,005 [pool-637-thread-1] INFO  server.RaftServerConfigKeys (ConfUtils.java:logGet(44)) - raft.server.log.queue.byte-limit = 4294967296 (custom)
2022-03-07 09:50:57,005 [pool-637-thread-1] INFO  server.RaftServerConfigKeys (ConfUtils.java:logGet(44)) - raft.server.log.queue.element-limit = 1024 (custom)
2022-03-07 09:50:57,005 [pool-637-thread-1] INFO  server.RaftServerConfigKeys (ConfUtils.java:logGet(44)) - raft.server.log.segment.size.max = 1048576 (custom)
2022-03-07 09:50:57,005 [pool-637-thread-1] INFO  server.RaftServerConfigKeys (ConfUtils.java:logGet(44)) - raft.server.log.preallocated.size = 16384 (custom)
2022-03-07 09:50:57,005 [pool-637-thread-1] INFO  server.RaftServerConfigKeys (ConfUtils.java:logGet(44)) - raft.server.log.force.sync.num = 128 (default)
2022-03-07 09:50:57,005 [pool-637-thread-1] INFO  server.RaftServerConfigKeys (ConfUtils.java:logGet(44)) - raft.server.log.statemachine.data.sync = true (default)
2022-03-07 09:50:57,005 [pool-637-thread-1] INFO  server.RaftServerConfigKeys (ConfUtils.java:logGet(44)) - raft.server.log.statemachine.data.sync.timeout = 10s (default)
2022-03-07 09:50:57,005 [pool-637-thread-1] INFO  server.RaftServerConfigKeys (ConfUtils.java:logGet(44)) - raft.server.log.statemachine.data.sync.timeout.retry = -1 (default)
2022-03-07 09:50:57,008 [pool-595-thread-1] INFO  util.JmxRegister (JmxRegister.java:tryRegister(44)) - Successfully registered JMX Bean with object name Ratis:service=RaftServer,group=group-A583654C641D,id=728f99e8-418e-4b00-b2e8-36f688b477dd
2022-03-07 09:50:57,014 [pool-637-thread-1] INFO  server.RaftServerConfigKeys (ConfUtils.java:logGet(44)) - raft.server.log.write.buffer.size = 1048576 (custom)
2022-03-07 09:50:57,019 [pool-637-thread-1] INFO  server.RaftServerConfigKeys (ConfUtils.java:logGet(44)) - raft.server.log.statemachine.data.caching.enabled = true (custom)
2022-03-07 09:50:57,019 [pool-637-thread-1] INFO  segmented.SegmentedRaftLogWorker (SegmentedRaftLogWorker.java:lambda$new$0(133)) - cd9cff4b-1bd9-497e-976c-8eec10b9db64@group-35BB7CC600D3-SegmentedRaftLogWorker: flushIndex: setUnconditionally 0 -> -1
2022-03-07 09:50:57,019 [pool-637-thread-1] INFO  segmented.SegmentedRaftLogWorker (SegmentedRaftLogWorker.java:lambda$new$0(133)) - cd9cff4b-1bd9-497e-976c-8eec10b9db64@group-35BB7CC600D3-SegmentedRaftLogWorker: safeCacheEvictIndex: setUnconditionally 0 -> -1
2022-03-07 09:50:57,028 [pool-637-thread-1] INFO  server.RaftServerConfigKeys (ConfUtils.java:logGet(44)) - raft.server.snapshot.auto.trigger.enabled = true (custom)
2022-03-07 09:50:57,028 [pool-637-thread-1] INFO  server.RaftServerConfigKeys (ConfUtils.java:logGet(44)) - raft.server.snapshot.auto.trigger.threshold = 10000 (custom)
2022-03-07 09:50:57,029 [pool-637-thread-1] INFO  server.RaftServerConfigKeys (ConfUtils.java:logGet(44)) - raft.server.snapshot.retention.file.num = 5 (custom)
2022-03-07 09:50:57,029 [pool-637-thread-1] INFO  server.RaftServerConfigKeys (ConfUtils.java:logGet(44)) - raft.server.log.purge.upto.snapshot.index = false (default)
2022-03-07 09:50:57,029 [pool-637-thread-1] INFO  server.RaftServerConfigKeys (ConfUtils.java:logGet(44)) - raft.server.retrycache.expirytime = 600000ms (custom)
2022-03-07 09:50:57,029 [pool-637-thread-1] INFO  server.RaftServerConfigKeys (ConfUtils.java:logGet(44)) - raft.server.retrycache.statistics.expirytime = 100μs (default)
2022-03-07 09:50:57,030 [pool-637-thread-1] INFO  server.RaftServer$Division (RaftServerImpl.java:start(301)) - cd9cff4b-1bd9-497e-976c-8eec10b9db64@group-35BB7CC600D3: start as a follower, conf=-1: [728f99e8-418e-4b00-b2e8-36f688b477dd|rpc:10.1.0.49:44013|dataStream:|priority:0, 616d314c-ba0d-49c9-8f1d-797448dad8fd|rpc:10.1.0.49:39129|dataStream:|priority:0, cd9cff4b-1bd9-497e-976c-8eec10b9db64|rpc:10.1.0.49:42923|dataStream:|priority:1], old=null
2022-03-07 09:50:57,053 [pool-637-thread-1] INFO  server.RaftServer$Division (RaftServerImpl.java:setRole(290)) - cd9cff4b-1bd9-497e-976c-8eec10b9db64@group-35BB7CC600D3: changes role from      null to FOLLOWER at term 0 for startAsFollower
2022-03-07 09:50:57,053 [pool-637-thread-1] INFO  impl.RoleInfo (RoleInfo.java:updateAndGet(130)) - cd9cff4b-1bd9-497e-976c-8eec10b9db64: start cd9cff4b-1bd9-497e-976c-8eec10b9db64@group-35BB7CC600D3-FollowerState
2022-03-07 09:50:57,039 [grpc-default-executor-2] INFO  server.RaftServer (RaftServerProxy.java:addNew(95)) - cd9cff4b-1bd9-497e-976c-8eec10b9db64: addNew group-A583654C641D:[728f99e8-418e-4b00-b2e8-36f688b477dd|rpc:10.1.0.49:44013|dataStream:|priority:1, 616d314c-ba0d-49c9-8f1d-797448dad8fd|rpc:10.1.0.49:39129|dataStream:|priority:0, cd9cff4b-1bd9-497e-976c-8eec10b9db64|rpc:10.1.0.49:42923|dataStream:|priority:0] returns group-A583654C641D:java.util.concurrent.CompletableFuture@736f0b81[Not completed]
2022-03-07 09:50:57,080 [pool-637-thread-1] INFO  util.JmxRegister (JmxRegister.java:tryRegister(44)) - Successfully registered JMX Bean with object name Ratis:service=RaftServer,group=group-35BB7CC600D3,id=cd9cff4b-1bd9-497e-976c-8eec10b9db64
2022-03-07 09:50:57,110 [pool-637-thread-1] INFO  server.RaftServer$Division (RaftServerImpl.java:<init>(184)) - cd9cff4b-1bd9-497e-976c-8eec10b9db64: new RaftServerImpl for group-A583654C641D:[728f99e8-418e-4b00-b2e8-36f688b477dd|rpc:10.1.0.49:44013|dataStream:|priority:1, 616d314c-ba0d-49c9-8f1d-797448dad8fd|rpc:10.1.0.49:39129|dataStream:|priority:0, cd9cff4b-1bd9-497e-976c-8eec10b9db64|rpc:10.1.0.49:42923|dataStream:|priority:0] with ContainerStateMachine:uninitialized
2022-03-07 09:50:57,110 [pool-637-thread-1] INFO  server.RaftServerConfigKeys (ConfUtils.java:logGet(44)) - raft.server.rpc.timeout.min = 5s (custom)
2022-03-07 09:50:57,110 [pool-637-thread-1] INFO  server.RaftServerConfigKeys (ConfUtils.java:logGet(44)) - raft.server.rpc.timeout.max = 5200ms (custom)
2022-03-07 09:50:57,110 [pool-637-thread-1] INFO  server.RaftServerConfigKeys (ConfUtils.java:logGet(44)) - raft.server.rpc.sleep.time = 25ms (default)
2022-03-07 09:50:57,110 [pool-637-thread-1] INFO  server.RaftServerConfigKeys (ConfUtils.java:logGet(44)) - raft.server.rpc.slowness.timeout = 300000ms (custom)
2022-03-07 09:50:57,110 [pool-637-thread-1] INFO  server.RaftServerConfigKeys (ConfUtils.java:logGet(44)) - raft.server.leaderelection.leader.step-down.wait-time = 10s (default)
2022-03-07 09:50:57,110 [pool-637-thread-1] INFO  server.RaftServerConfigKeys (ConfUtils.java:logGet(44)) - raft.server.sleep.deviation.threshold = 300ms (default)
2022-03-07 09:50:57,110 [pool-637-thread-1] INFO  server.RaftServerConfigKeys (ConfUtils.java:logGet(44)) - raft.server.log.appender.install.snapshot.enabled = false (custom)
2022-03-07 09:50:57,110 [pool-637-thread-1] INFO  server.RaftServer$Division (ServerState.java:<init>(105)) - cd9cff4b-1bd9-497e-976c-8eec10b9db64@group-A583654C641D: ConfigurationManager, init=-1: [728f99e8-418e-4b00-b2e8-36f688b477dd|rpc:10.1.0.49:44013|dataStream:|priority:1, 616d314c-ba0d-49c9-8f1d-797448dad8fd|rpc:10.1.0.49:39129|dataStream:|priority:0, cd9cff4b-1bd9-497e-976c-8eec10b9db64|rpc:10.1.0.49:42923|dataStream:|priority:0], old=null, confs=<EMPTY_MAP>
2022-03-07 09:50:57,110 [pool-637-thread-1] INFO  server.RaftServerConfigKeys (ConfUtils.java:logGet(44)) - raft.server.storage.dir = [/home/runner/work/ozone/ozone/hadoop-ozone/integration-test/target/test-dir/MiniOzoneClusterImpl-4c099742-f0a8-499d-a606-d482764d36d7/datanode-2/data/ratis] (custom)
2022-03-07 09:50:57,110 [pool-637-thread-1] INFO  server.RaftServerConfigKeys (ConfUtils.java:logGet(44)) - raft.server.log.corruption.policy = EXCEPTION (default)
2022-03-07 09:50:57,110 [pool-637-thread-1] INFO  server.RaftServerConfigKeys (ConfUtils.java:logGet(44)) - raft.server.storage.free-space.min = 0MB (=0) (default)
2022-03-07 09:50:57,111 [pool-637-thread-1] INFO  storage.RaftStorageDirectory (RaftStorageDirectoryImpl.java:analyzeStorage(135)) - The storage directory /home/runner/work/ozone/ozone/hadoop-ozone/integration-test/target/test-dir/MiniOzoneClusterImpl-4c099742-f0a8-499d-a606-d482764d36d7/datanode-2/data/ratis/74c3c54d-cb47-44d6-90a4-a583654c641d does not exist. Creating ...
2022-03-07 09:50:57,116 [pool-637-thread-1] INFO  storage.RaftStorageDirectory (RaftStorageDirectoryImpl.java:tryLock(230)) - Lock on /home/runner/work/ozone/ozone/hadoop-ozone/integration-test/target/test-dir/MiniOzoneClusterImpl-4c099742-f0a8-499d-a606-d482764d36d7/datanode-2/data/ratis/74c3c54d-cb47-44d6-90a4-a583654c641d/in_use.lock acquired by nodename 23420@fv-az291-317
2022-03-07 09:50:57,120 [pool-637-thread-1] INFO  storage.RaftStorage (RaftStorageImpl.java:format(89)) - Storage directory /home/runner/work/ozone/ozone/hadoop-ozone/integration-test/target/test-dir/MiniOzoneClusterImpl-4c099742-f0a8-499d-a606-d482764d36d7/datanode-2/data/ratis/74c3c54d-cb47-44d6-90a4-a583654c641d has been successfully formatted.
2022-03-07 09:50:57,123 [pool-637-thread-1] INFO  ratis.ContainerStateMachine (ContainerStateMachine.java:loadSnapshot(236)) - group-A583654C641D: The snapshot info is null. Setting the last applied indexto:(t:0, i:~)
2022-03-07 09:50:57,123 [pool-637-thread-1] INFO  server.RaftServerConfigKeys (ConfUtils.java:logGet(44)) - raft.server.notification.no-leader.timeout = 300000ms (custom)
2022-03-07 09:50:57,123 [pool-637-thread-1] INFO  server.RaftServerConfigKeys (ConfUtils.java:logGet(44)) - raft.server.log.use.memory = false (default)
2022-03-07 09:50:57,123 [pool-637-thread-1] INFO  server.RaftServerConfigKeys (ConfUtils.java:logGet(44)) - raft.server.log.purge.gap = 1000000 (custom)
2022-03-07 09:50:57,123 [pool-637-thread-1] INFO  server.RaftServerConfigKeys (ConfUtils.java:logGet(44)) - raft.server.log.appender.buffer.byte-limit = 33554432 (custom)
2022-03-07 09:50:57,124 [pool-637-thread-1] INFO  server.RaftServerConfigKeys (ConfUtils.java:logGet(44)) - raft.server.log.segment.size.max = 1048576 (custom)
2022-03-07 09:50:57,124 [pool-637-thread-1] INFO  server.RaftServerConfigKeys (ConfUtils.java:logGet(44)) - raft.server.log.segment.cache.num.max = 2 (custom)
2022-03-07 09:50:57,124 [pool-637-thread-1] INFO  server.RaftServerConfigKeys (ConfUtils.java:logGet(44)) - raft.server.log.segment.cache.size.max = 200MB (=209715200) (default)
2022-03-07 09:50:57,124 [pool-637-thread-1] INFO  segmented.SegmentedRaftLogWorker (SegmentedRaftLogWorker.java:<init>(182)) - new cd9cff4b-1bd9-497e-976c-8eec10b9db64@group-A583654C641D-SegmentedRaftLogWorker for RaftStorageImpl:Storage Directory /home/runner/work/ozone/ozone/hadoop-ozone/integration-test/target/test-dir/MiniOzoneClusterImpl-4c099742-f0a8-499d-a606-d482764d36d7/datanode-2/data/ratis/74c3c54d-cb47-44d6-90a4-a583654c641d
2022-03-07 09:50:57,124 [pool-637-thread-1] INFO  server.RaftServerConfigKeys (ConfUtils.java:logGet(44)) - raft.server.log.queue.byte-limit = 4294967296 (custom)
2022-03-07 09:50:57,124 [pool-637-thread-1] INFO  server.RaftServerConfigKeys (ConfUtils.java:logGet(44)) - raft.server.log.queue.element-limit = 1024 (custom)
2022-03-07 09:50:57,124 [pool-637-thread-1] INFO  server.RaftServerConfigKeys (ConfUtils.java:logGet(44)) - raft.server.log.segment.size.max = 1048576 (custom)
2022-03-07 09:50:57,125 [pool-637-thread-1] INFO  server.RaftServerConfigKeys (ConfUtils.java:logGet(44)) - raft.server.log.preallocated.size = 16384 (custom)
2022-03-07 09:50:57,125 [pool-637-thread-1] INFO  server.RaftServerConfigKeys (ConfUtils.java:logGet(44)) - raft.server.log.force.sync.num = 128 (default)
2022-03-07 09:50:57,125 [pool-637-thread-1] INFO  server.RaftServerConfigKeys (ConfUtils.java:logGet(44)) - raft.server.log.statemachine.data.sync = true (default)
2022-03-07 09:50:57,125 [pool-637-thread-1] INFO  server.RaftServerConfigKeys (ConfUtils.java:logGet(44)) - raft.server.log.statemachine.data.sync.timeout = 10s (default)
2022-03-07 09:50:57,125 [pool-637-thread-1] INFO  server.RaftServerConfigKeys (ConfUtils.java:logGet(44)) - raft.server.log.statemachine.data.sync.timeout.retry = -1 (default)
2022-03-07 09:50:57,126 [pool-637-thread-1] INFO  server.RaftServerConfigKeys (ConfUtils.java:logGet(44)) - raft.server.log.write.buffer.size = 1048576 (custom)
2022-03-07 09:50:57,126 [pool-637-thread-1] INFO  server.RaftServerConfigKeys (ConfUtils.java:logGet(44)) - raft.server.log.statemachine.data.caching.enabled = true (custom)
2022-03-07 09:50:57,127 [pool-637-thread-1] INFO  segmented.SegmentedRaftLogWorker (SegmentedRaftLogWorker.java:lambda$new$0(133)) - cd9cff4b-1bd9-497e-976c-8eec10b9db64@group-A583654C641D-SegmentedRaftLogWorker: flushIndex: setUnconditionally 0 -> -1
2022-03-07 09:50:57,127 [pool-637-thread-1] INFO  segmented.SegmentedRaftLogWorker (SegmentedRaftLogWorker.java:lambda$new$0(133)) - cd9cff4b-1bd9-497e-976c-8eec10b9db64@group-A583654C641D-SegmentedRaftLogWorker: safeCacheEvictIndex: setUnconditionally 0 -> -1
2022-03-07 09:50:57,141 [Command processor thread] INFO  commandhandler.CreatePipelineCommandHandler (CreatePipelineCommandHandler.java:handle(106)) - Created Pipeline RATIS THREE PipelineID=d8740330-0b47-446a-878d-35bb7cc600d3.
2022-03-07 09:50:57,163 [pool-637-thread-1] INFO  server.RaftServerConfigKeys (ConfUtils.java:logGet(44)) - raft.server.snapshot.auto.trigger.enabled = true (custom)
2022-03-07 09:50:57,164 [pool-637-thread-1] INFO  server.RaftServerConfigKeys (ConfUtils.java:logGet(44)) - raft.server.snapshot.auto.trigger.threshold = 10000 (custom)
2022-03-07 09:50:57,164 [pool-637-thread-1] INFO  server.RaftServerConfigKeys (ConfUtils.java:logGet(44)) - raft.server.snapshot.retention.file.num = 5 (custom)
2022-03-07 09:50:57,164 [pool-637-thread-1] INFO  server.RaftServerConfigKeys (ConfUtils.java:logGet(44)) - raft.server.log.purge.upto.snapshot.index = false (default)
2022-03-07 09:50:57,165 [pool-637-thread-1] INFO  server.RaftServerConfigKeys (ConfUtils.java:logGet(44)) - raft.server.retrycache.expirytime = 600000ms (custom)
2022-03-07 09:50:57,165 [pool-637-thread-1] INFO  server.RaftServerConfigKeys (ConfUtils.java:logGet(44)) - raft.server.retrycache.statistics.expirytime = 100μs (default)
2022-03-07 09:50:57,166 [pool-637-thread-1] INFO  server.RaftServer$Division (RaftServerImpl.java:start(301)) - cd9cff4b-1bd9-497e-976c-8eec10b9db64@group-A583654C641D: start as a follower, conf=-1: [728f99e8-418e-4b00-b2e8-36f688b477dd|rpc:10.1.0.49:44013|dataStream:|priority:1, 616d314c-ba0d-49c9-8f1d-797448dad8fd|rpc:10.1.0.49:39129|dataStream:|priority:0, cd9cff4b-1bd9-497e-976c-8eec10b9db64|rpc:10.1.0.49:42923|dataStream:|priority:0], old=null
2022-03-07 09:50:57,169 [pool-637-thread-1] INFO  server.RaftServer$Division (RaftServerImpl.java:setRole(290)) - cd9cff4b-1bd9-497e-976c-8eec10b9db64@group-A583654C641D: changes role from      null to FOLLOWER at term 0 for startAsFollower
2022-03-07 09:50:57,169 [pool-637-thread-1] INFO  impl.RoleInfo (RoleInfo.java:updateAndGet(130)) - cd9cff4b-1bd9-497e-976c-8eec10b9db64: start cd9cff4b-1bd9-497e-976c-8eec10b9db64@group-A583654C641D-FollowerState
2022-03-07 09:50:57,181 [pool-637-thread-1] INFO  util.JmxRegister (JmxRegister.java:tryRegister(44)) - Successfully registered JMX Bean with object name Ratis:service=RaftServer,group=group-A583654C641D,id=cd9cff4b-1bd9-497e-976c-8eec10b9db64
2022-03-07 09:50:57,216 [Command processor thread] INFO  commandhandler.CreatePipelineCommandHandler (CreatePipelineCommandHandler.java:handle(106)) - Created Pipeline RATIS THREE PipelineID=74c3c54d-cb47-44d6-90a4-a583654c641d.
2022-03-07 09:50:57,281 [Command processor thread] INFO  server.RaftServer (RaftServerProxy.java:addNew(95)) - cd9cff4b-1bd9-497e-976c-8eec10b9db64: addNew group-3BD9FDEEF2E9:[cd9cff4b-1bd9-497e-976c-8eec10b9db64|rpc:10.1.0.49:42923|priority:1] returns group-3BD9FDEEF2E9:java.util.concurrent.CompletableFuture@6a3dc9d9[Not completed]
2022-03-07 09:50:57,282 [pool-637-thread-1] INFO  server.RaftServer$Division (RaftServerImpl.java:<init>(184)) - cd9cff4b-1bd9-497e-976c-8eec10b9db64: new RaftServerImpl for group-3BD9FDEEF2E9:[cd9cff4b-1bd9-497e-976c-8eec10b9db64|rpc:10.1.0.49:42923|priority:1] with ContainerStateMachine:uninitialized
2022-03-07 09:50:57,282 [pool-637-thread-1] INFO  server.RaftServerConfigKeys (ConfUtils.java:logGet(44)) - raft.server.rpc.timeout.min = 5s (custom)
2022-03-07 09:50:57,282 [pool-637-thread-1] INFO  server.RaftServerConfigKeys (ConfUtils.java:logGet(44)) - raft.server.rpc.timeout.max = 5200ms (custom)
2022-03-07 09:50:57,282 [pool-637-thread-1] INFO  server.RaftServerConfigKeys (ConfUtils.java:logGet(44)) - raft.server.rpc.sleep.time = 25ms (default)
2022-03-07 09:50:57,283 [pool-637-thread-1] INFO  server.RaftServerConfigKeys (ConfUtils.java:logGet(44)) - raft.server.rpc.slowness.timeout = 300000ms (custom)
2022-03-07 09:50:57,283 [pool-637-thread-1] INFO  server.RaftServerConfigKeys (ConfUtils.java:logGet(44)) - raft.server.leaderelection.leader.step-down.wait-time = 10s (default)
2022-03-07 09:50:57,283 [pool-637-thread-1] INFO  server.RaftServerConfigKeys (ConfUtils.java:logGet(44)) - raft.server.sleep.deviation.threshold = 300ms (default)
2022-03-07 09:50:57,283 [pool-637-thread-1] INFO  server.RaftServerConfigKeys (ConfUtils.java:logGet(44)) - raft.server.log.appender.install.snapshot.enabled = false (custom)
2022-03-07 09:50:57,283 [pool-637-thread-1] INFO  server.RaftServer$Division (ServerState.java:<init>(105)) - cd9cff4b-1bd9-497e-976c-8eec10b9db64@group-3BD9FDEEF2E9: ConfigurationManager, init=-1: [cd9cff4b-1bd9-497e-976c-8eec10b9db64|rpc:10.1.0.49:42923|priority:1], old=null, confs=<EMPTY_MAP>
2022-03-07 09:50:57,283 [pool-637-thread-1] INFO  server.RaftServerConfigKeys (ConfUtils.java:logGet(44)) - raft.server.storage.dir = [/home/runner/work/ozone/ozone/hadoop-ozone/integration-test/target/test-dir/MiniOzoneClusterImpl-4c099742-f0a8-499d-a606-d482764d36d7/datanode-2/data/ratis] (custom)
2022-03-07 09:50:57,283 [pool-637-thread-1] INFO  server.RaftServerConfigKeys (ConfUtils.java:logGet(44)) - raft.server.log.corruption.policy = EXCEPTION (default)
2022-03-07 09:50:57,283 [pool-637-thread-1] INFO  server.RaftServerConfigKeys (ConfUtils.java:logGet(44)) - raft.server.storage.free-space.min = 0MB (=0) (default)
2022-03-07 09:50:57,283 [pool-637-thread-1] INFO  storage.RaftStorageDirectory (RaftStorageDirectoryImpl.java:analyzeStorage(135)) - The storage directory /home/runner/work/ozone/ozone/hadoop-ozone/integration-test/target/test-dir/MiniOzoneClusterImpl-4c099742-f0a8-499d-a606-d482764d36d7/datanode-2/data/ratis/bc84c436-b201-4c59-8f97-3bd9fdeef2e9 does not exist. Creating ...
2022-03-07 09:50:57,288 [pool-637-thread-1] INFO  storage.RaftStorageDirectory (RaftStorageDirectoryImpl.java:tryLock(230)) - Lock on /home/runner/work/ozone/ozone/hadoop-ozone/integration-test/target/test-dir/MiniOzoneClusterImpl-4c099742-f0a8-499d-a606-d482764d36d7/datanode-2/data/ratis/bc84c436-b201-4c59-8f97-3bd9fdeef2e9/in_use.lock acquired by nodename 23420@fv-az291-317
2022-03-07 09:50:57,290 [pool-637-thread-1] INFO  storage.RaftStorage (RaftStorageImpl.java:format(89)) - Storage directory /home/runner/work/ozone/ozone/hadoop-ozone/integration-test/target/test-dir/MiniOzoneClusterImpl-4c099742-f0a8-499d-a606-d482764d36d7/datanode-2/data/ratis/bc84c436-b201-4c59-8f97-3bd9fdeef2e9 has been successfully formatted.
2022-03-07 09:50:57,290 [pool-637-thread-1] INFO  ratis.ContainerStateMachine (ContainerStateMachine.java:loadSnapshot(236)) - group-3BD9FDEEF2E9: The snapshot info is null. Setting the last applied indexto:(t:0, i:~)
2022-03-07 09:50:57,290 [pool-637-thread-1] INFO  server.RaftServerConfigKeys (ConfUtils.java:logGet(44)) - raft.server.notification.no-leader.timeout = 300000ms (custom)
2022-03-07 09:50:57,290 [pool-637-thread-1] INFO  server.RaftServerConfigKeys (ConfUtils.java:logGet(44)) - raft.server.log.use.memory = false (default)
2022-03-07 09:50:57,290 [pool-637-thread-1] INFO  server.RaftServerConfigKeys (ConfUtils.java:logGet(44)) - raft.server.log.purge.gap = 1000000 (custom)
2022-03-07 09:50:57,290 [pool-637-thread-1] INFO  server.RaftServerConfigKeys (ConfUtils.java:logGet(44)) - raft.server.log.appender.buffer.byte-limit = 33554432 (custom)
2022-03-07 09:50:57,290 [pool-637-thread-1] INFO  server.RaftServerConfigKeys (ConfUtils.java:logGet(44)) - raft.server.log.segment.size.max = 1048576 (custom)
2022-03-07 09:50:57,291 [pool-637-thread-1] INFO  server.RaftServerConfigKeys (ConfUtils.java:logGet(44)) - raft.server.log.segment.cache.num.max = 2 (custom)
2022-03-07 09:50:57,291 [pool-637-thread-1] INFO  server.RaftServerConfigKeys (ConfUtils.java:logGet(44)) - raft.server.log.segment.cache.size.max = 200MB (=209715200) (default)
2022-03-07 09:50:57,291 [pool-637-thread-1] INFO  segmented.SegmentedRaftLogWorker (SegmentedRaftLogWorker.java:<init>(182)) - new cd9cff4b-1bd9-497e-976c-8eec10b9db64@group-3BD9FDEEF2E9-SegmentedRaftLogWorker for RaftStorageImpl:Storage Directory /home/runner/work/ozone/ozone/hadoop-ozone/integration-test/target/test-dir/MiniOzoneClusterImpl-4c099742-f0a8-499d-a606-d482764d36d7/datanode-2/data/ratis/bc84c436-b201-4c59-8f97-3bd9fdeef2e9
2022-03-07 09:50:57,291 [pool-637-thread-1] INFO  server.RaftServerConfigKeys (ConfUtils.java:logGet(44)) - raft.server.log.queue.byte-limit = 4294967296 (custom)
2022-03-07 09:50:57,291 [pool-637-thread-1] INFO  server.RaftServerConfigKeys (ConfUtils.java:logGet(44)) - raft.server.log.queue.element-limit = 1024 (custom)
2022-03-07 09:50:57,291 [pool-637-thread-1] INFO  server.RaftServerConfigKeys (ConfUtils.java:logGet(44)) - raft.server.log.segment.size.max = 1048576 (custom)
2022-03-07 09:50:57,291 [pool-637-thread-1] INFO  server.RaftServerConfigKeys (ConfUtils.java:logGet(44)) - raft.server.log.preallocated.size = 16384 (custom)
2022-03-07 09:50:57,291 [pool-637-thread-1] INFO  server.RaftServerConfigKeys (ConfUtils.java:logGet(44)) - raft.server.log.force.sync.num = 128 (default)
2022-03-07 09:50:57,291 [pool-637-thread-1] INFO  server.RaftServerConfigKeys (ConfUtils.java:logGet(44)) - raft.server.log.statemachine.data.sync = true (default)
2022-03-07 09:50:57,291 [pool-637-thread-1] INFO  server.RaftServerConfigKeys (ConfUtils.java:logGet(44)) - raft.server.log.statemachine.data.sync.timeout = 10s (default)
2022-03-07 09:50:57,291 [pool-637-thread-1] INFO  server.RaftServerConfigKeys (ConfUtils.java:logGet(44)) - raft.server.log.statemachine.data.sync.timeout.retry = -1 (default)
2022-03-07 09:50:57,293 [EventQueue-PipelineReportForPipelineReportHandler] INFO  pipeline.PipelineManagerImpl (PipelineManagerImpl.java:openPipeline(291)) - Pipeline Pipeline[ Id: bc84c436-b201-4c59-8f97-3bd9fdeef2e9, Nodes: cd9cff4b-1bd9-497e-976c-8eec10b9db64{ip: 10.1.0.49, host: fv-az291-317.wgnan5asplgejimfprtllbpdch.jx.internal.cloudapp.net, ports: [REPLICATION=46825, RATIS=42923, RATIS_ADMIN=42923, RATIS_SERVER=42923, STANDALONE=43941], networkLocation: /default-rack, certSerialId: null, persistedOpState: IN_SERVICE, persistedOpStateExpiryEpochSec: 0}, ReplicationConfig: RATIS/ONE, State:ALLOCATED, leaderId:cd9cff4b-1bd9-497e-976c-8eec10b9db64, CreationTimestamp2022-03-07T09:50:54.291Z[Etc/UTC]] moved to OPEN state
2022-03-07 09:50:57,294 [pool-637-thread-1] INFO  server.RaftServerConfigKeys (ConfUtils.java:logGet(44)) - raft.server.log.write.buffer.size = 1048576 (custom)
2022-03-07 09:50:57,294 [pool-637-thread-1] INFO  server.RaftServerConfigKeys (ConfUtils.java:logGet(44)) - raft.server.log.statemachine.data.caching.enabled = true (custom)
2022-03-07 09:50:57,295 [pool-637-thread-1] INFO  segmented.SegmentedRaftLogWorker (SegmentedRaftLogWorker.java:lambda$new$0(133)) - cd9cff4b-1bd9-497e-976c-8eec10b9db64@group-3BD9FDEEF2E9-SegmentedRaftLogWorker: flushIndex: setUnconditionally 0 -> -1
2022-03-07 09:50:57,295 [pool-637-thread-1] INFO  segmented.SegmentedRaftLogWorker (SegmentedRaftLogWorker.java:lambda$new$0(133)) - cd9cff4b-1bd9-497e-976c-8eec10b9db64@group-3BD9FDEEF2E9-SegmentedRaftLogWorker: safeCacheEvictIndex: setUnconditionally 0 -> -1
2022-03-07 09:50:57,296 [9fd2d42e-0817-4c6b-b2b7-8c945e0a68b4@group-D482764D36D7-StateMachineUpdater] INFO  safemode.HealthyPipelineSafeModeRule (HealthyPipelineSafeModeRule.java:initializeRule(152)) - Refreshed total pipeline count is 0, healthy pipeline threshold count is 1
2022-03-07 09:50:57,297 [EventQueue-OpenPipelineForHealthyPipelineSafeModeRule] INFO  safemode.SCMSafeModeManager (HealthyPipelineSafeModeRule.java:process(124)) - SCM in safe mode. Healthy pipelines reported count is 0, required healthy pipeline reported count is 1
2022-03-07 09:50:57,303 [pool-637-thread-1] INFO  server.RaftServerConfigKeys (ConfUtils.java:logGet(44)) - raft.server.snapshot.auto.trigger.enabled = true (custom)
2022-03-07 09:50:57,303 [pool-637-thread-1] INFO  server.RaftServerConfigKeys (ConfUtils.java:logGet(44)) - raft.server.snapshot.auto.trigger.threshold = 10000 (custom)
2022-03-07 09:50:57,303 [pool-637-thread-1] INFO  server.RaftServerConfigKeys (ConfUtils.java:logGet(44)) - raft.server.snapshot.retention.file.num = 5 (custom)
2022-03-07 09:50:57,303 [pool-637-thread-1] INFO  server.RaftServerConfigKeys (ConfUtils.java:logGet(44)) - raft.server.log.purge.upto.snapshot.index = false (default)
2022-03-07 09:50:57,303 [pool-637-thread-1] INFO  server.RaftServerConfigKeys (ConfUtils.java:logGet(44)) - raft.server.retrycache.expirytime = 600000ms (custom)
2022-03-07 09:50:57,303 [pool-637-thread-1] INFO  server.RaftServerConfigKeys (ConfUtils.java:logGet(44)) - raft.server.retrycache.statistics.expirytime = 100μs (default)
2022-03-07 09:50:57,304 [pool-637-thread-1] INFO  server.RaftServer$Division (RaftServerImpl.java:start(301)) - cd9cff4b-1bd9-497e-976c-8eec10b9db64@group-3BD9FDEEF2E9: start as a follower, conf=-1: [cd9cff4b-1bd9-497e-976c-8eec10b9db64|rpc:10.1.0.49:42923|priority:1], old=null
2022-03-07 09:50:57,304 [pool-637-thread-1] INFO  server.RaftServer$Division (RaftServerImpl.java:setRole(290)) - cd9cff4b-1bd9-497e-976c-8eec10b9db64@group-3BD9FDEEF2E9: changes role from      null to FOLLOWER at term 0 for startAsFollower
2022-03-07 09:50:57,304 [pool-637-thread-1] INFO  impl.RoleInfo (RoleInfo.java:updateAndGet(130)) - cd9cff4b-1bd9-497e-976c-8eec10b9db64: start cd9cff4b-1bd9-497e-976c-8eec10b9db64@group-3BD9FDEEF2E9-FollowerState
2022-03-07 09:50:57,305 [pool-637-thread-1] INFO  util.JmxRegister (JmxRegister.java:tryRegister(44)) - Successfully registered JMX Bean with object name Ratis:service=RaftServer,group=group-3BD9FDEEF2E9,id=cd9cff4b-1bd9-497e-976c-8eec10b9db64
2022-03-07 09:50:57,309 [Command processor thread] INFO  ratis.XceiverServerRatis (XceiverServerRatis.java:addGroup(769)) - Created group PipelineID=bc84c436-b201-4c59-8f97-3bd9fdeef2e9
2022-03-07 09:50:57,309 [Command processor thread] INFO  commandhandler.CreatePipelineCommandHandler (CreatePipelineCommandHandler.java:handle(106)) - Created Pipeline RATIS ONE PipelineID=bc84c436-b201-4c59-8f97-3bd9fdeef2e9.
2022-03-07 09:50:57,403 [Listener at 127.0.0.1/40579] INFO  ozone.MiniOzoneClusterImpl (MiniOzoneClusterImpl.java:lambda$waitForClusterToBeReady$0(219)) - Nodes are ready. Got 7 of 7 DN Heartbeats.
2022-03-07 09:50:57,403 [Listener at 127.0.0.1/40579] INFO  ozone.MiniOzoneClusterImpl (MiniOzoneClusterImpl.java:lambda$waitForClusterToBeReady$0(222)) - Waiting for cluster to exit safe mode
2022-03-07 09:50:57,403 [Listener at 127.0.0.1/40579] INFO  ozone.MiniOzoneClusterImpl (MiniOzoneClusterImpl.java:lambda$waitForClusterToBeReady$0(224)) - SCM became leader
2022-03-07 09:50:57,797 [Command processor thread] INFO  server.RaftServer (RaftServerProxy.java:addNew(95)) - 7fca689d-043b-47bb-bf18-12adf35ba2bc: addNew group-BC98A6F06252:[7fca689d-043b-47bb-bf18-12adf35ba2bc|rpc:10.1.0.49:42461|priority:1] returns group-BC98A6F06252:java.util.concurrent.CompletableFuture@30eacad2[Not completed]
2022-03-07 09:50:57,801 [pool-658-thread-1] INFO  server.RaftServer$Division (RaftServerImpl.java:<init>(184)) - 7fca689d-043b-47bb-bf18-12adf35ba2bc: new RaftServerImpl for group-BC98A6F06252:[7fca689d-043b-47bb-bf18-12adf35ba2bc|rpc:10.1.0.49:42461|priority:1] with ContainerStateMachine:uninitialized
2022-03-07 09:50:57,801 [pool-658-thread-1] INFO  server.RaftServerConfigKeys (ConfUtils.java:logGet(44)) - raft.server.rpc.timeout.min = 5s (custom)
2022-03-07 09:50:57,801 [pool-658-thread-1] INFO  server.RaftServerConfigKeys (ConfUtils.java:logGet(44)) - raft.server.rpc.timeout.max = 5200ms (custom)
2022-03-07 09:50:57,801 [pool-658-thread-1] INFO  server.RaftServerConfigKeys (ConfUtils.java:logGet(44)) - raft.server.rpc.sleep.time = 25ms (default)
2022-03-07 09:50:57,801 [pool-658-thread-1] INFO  server.RaftServerConfigKeys (ConfUtils.java:logGet(44)) - raft.server.rpc.slowness.timeout = 300000ms (custom)
2022-03-07 09:50:57,801 [pool-658-thread-1] INFO  server.RaftServerConfigKeys (ConfUtils.java:logGet(44)) - raft.server.leaderelection.leader.step-down.wait-time = 10s (default)
2022-03-07 09:50:57,801 [pool-658-thread-1] INFO  server.RaftServerConfigKeys (ConfUtils.java:logGet(44)) - raft.server.sleep.deviation.threshold = 300ms (default)
2022-03-07 09:50:57,801 [pool-658-thread-1] INFO  server.RaftServerConfigKeys (ConfUtils.java:logGet(44)) - raft.server.log.appender.install.snapshot.enabled = false (custom)
2022-03-07 09:50:57,801 [pool-658-thread-1] INFO  server.RaftServer$Division (ServerState.java:<init>(105)) - 7fca689d-043b-47bb-bf18-12adf35ba2bc@group-BC98A6F06252: ConfigurationManager, init=-1: [7fca689d-043b-47bb-bf18-12adf35ba2bc|rpc:10.1.0.49:42461|priority:1], old=null, confs=<EMPTY_MAP>
2022-03-07 09:50:57,801 [pool-658-thread-1] INFO  server.RaftServerConfigKeys (ConfUtils.java:logGet(44)) - raft.server.storage.dir = [/home/runner/work/ozone/ozone/hadoop-ozone/integration-test/target/test-dir/MiniOzoneClusterImpl-4c099742-f0a8-499d-a606-d482764d36d7/datanode-3/data/ratis] (custom)
2022-03-07 09:50:57,802 [pool-658-thread-1] INFO  server.RaftServerConfigKeys (ConfUtils.java:logGet(44)) - raft.server.log.corruption.policy = EXCEPTION (default)
2022-03-07 09:50:57,802 [pool-658-thread-1] INFO  server.RaftServerConfigKeys (ConfUtils.java:logGet(44)) - raft.server.storage.free-space.min = 0MB (=0) (default)
2022-03-07 09:50:57,802 [pool-658-thread-1] INFO  storage.RaftStorageDirectory (RaftStorageDirectoryImpl.java:analyzeStorage(135)) - The storage directory /home/runner/work/ozone/ozone/hadoop-ozone/integration-test/target/test-dir/MiniOzoneClusterImpl-4c099742-f0a8-499d-a606-d482764d36d7/datanode-3/data/ratis/c8644cdc-a540-45f0-a4e8-bc98a6f06252 does not exist. Creating ...
2022-03-07 09:50:57,823 [pool-658-thread-1] INFO  storage.RaftStorageDirectory (RaftStorageDirectoryImpl.java:tryLock(230)) - Lock on /home/runner/work/ozone/ozone/hadoop-ozone/integration-test/target/test-dir/MiniOzoneClusterImpl-4c099742-f0a8-499d-a606-d482764d36d7/datanode-3/data/ratis/c8644cdc-a540-45f0-a4e8-bc98a6f06252/in_use.lock acquired by nodename 23420@fv-az291-317
2022-03-07 09:50:57,828 [pool-658-thread-1] INFO  storage.RaftStorage (RaftStorageImpl.java:format(89)) - Storage directory /home/runner/work/ozone/ozone/hadoop-ozone/integration-test/target/test-dir/MiniOzoneClusterImpl-4c099742-f0a8-499d-a606-d482764d36d7/datanode-3/data/ratis/c8644cdc-a540-45f0-a4e8-bc98a6f06252 has been successfully formatted.
2022-03-07 09:50:57,846 [pool-658-thread-1] INFO  ratis.ContainerStateMachine (ContainerStateMachine.java:loadSnapshot(236)) - group-BC98A6F06252: The snapshot info is null. Setting the last applied indexto:(t:0, i:~)
2022-03-07 09:50:57,847 [pool-658-thread-1] INFO  server.RaftServerConfigKeys (ConfUtils.java:logGet(44)) - raft.server.notification.no-leader.timeout = 300000ms (custom)
2022-03-07 09:50:57,847 [pool-658-thread-1] INFO  server.RaftServerConfigKeys (ConfUtils.java:logGet(44)) - raft.server.log.use.memory = false (default)
2022-03-07 09:50:57,847 [pool-658-thread-1] INFO  server.RaftServerConfigKeys (ConfUtils.java:logGet(44)) - raft.server.log.purge.gap = 1000000 (custom)
2022-03-07 09:50:57,847 [pool-658-thread-1] INFO  server.RaftServerConfigKeys (ConfUtils.java:logGet(44)) - raft.server.log.appender.buffer.byte-limit = 33554432 (custom)
2022-03-07 09:50:57,848 [pool-658-thread-1] INFO  server.RaftServerConfigKeys (ConfUtils.java:logGet(44)) - raft.server.log.segment.size.max = 1048576 (custom)
2022-03-07 09:50:57,848 [pool-658-thread-1] INFO  server.RaftServerConfigKeys (ConfUtils.java:logGet(44)) - raft.server.log.segment.cache.num.max = 2 (custom)
2022-03-07 09:50:57,848 [pool-658-thread-1] INFO  server.RaftServerConfigKeys (ConfUtils.java:logGet(44)) - raft.server.log.segment.cache.size.max = 200MB (=209715200) (default)
2022-03-07 09:50:57,848 [pool-658-thread-1] INFO  segmented.SegmentedRaftLogWorker (SegmentedRaftLogWorker.java:<init>(182)) - new 7fca689d-043b-47bb-bf18-12adf35ba2bc@group-BC98A6F06252-SegmentedRaftLogWorker for RaftStorageImpl:Storage Directory /home/runner/work/ozone/ozone/hadoop-ozone/integration-test/target/test-dir/MiniOzoneClusterImpl-4c099742-f0a8-499d-a606-d482764d36d7/datanode-3/data/ratis/c8644cdc-a540-45f0-a4e8-bc98a6f06252
2022-03-07 09:50:57,848 [pool-658-thread-1] INFO  server.RaftServerConfigKeys (ConfUtils.java:logGet(44)) - raft.server.log.queue.byte-limit = 4294967296 (custom)
2022-03-07 09:50:57,848 [pool-658-thread-1] INFO  server.RaftServerConfigKeys (ConfUtils.java:logGet(44)) - raft.server.log.queue.element-limit = 1024 (custom)
2022-03-07 09:50:57,848 [pool-658-thread-1] INFO  server.RaftServerConfigKeys (ConfUtils.java:logGet(44)) - raft.server.log.segment.size.max = 1048576 (custom)
2022-03-07 09:50:57,848 [pool-658-thread-1] INFO  server.RaftServerConfigKeys (ConfUtils.java:logGet(44)) - raft.server.log.preallocated.size = 16384 (custom)
2022-03-07 09:50:57,848 [pool-658-thread-1] INFO  server.RaftServerConfigKeys (ConfUtils.java:logGet(44)) - raft.server.log.force.sync.num = 128 (default)
2022-03-07 09:50:57,849 [pool-658-thread-1] INFO  server.RaftServerConfigKeys (ConfUtils.java:logGet(44)) - raft.server.log.statemachine.data.sync = true (default)
2022-03-07 09:50:57,849 [pool-658-thread-1] INFO  server.RaftServerConfigKeys (ConfUtils.java:logGet(44)) - raft.server.log.statemachine.data.sync.timeout = 10s (default)
2022-03-07 09:50:57,849 [pool-658-thread-1] INFO  server.RaftServerConfigKeys (ConfUtils.java:logGet(44)) - raft.server.log.statemachine.data.sync.timeout.retry = -1 (default)
2022-03-07 09:50:57,850 [pool-658-thread-1] INFO  server.RaftServerConfigKeys (ConfUtils.java:logGet(44)) - raft.server.log.write.buffer.size = 1048576 (custom)
2022-03-07 09:50:57,850 [pool-658-thread-1] INFO  server.RaftServerConfigKeys (ConfUtils.java:logGet(44)) - raft.server.log.statemachine.data.caching.enabled = true (custom)
2022-03-07 09:50:57,851 [pool-658-thread-1] INFO  segmented.SegmentedRaftLogWorker (SegmentedRaftLogWorker.java:lambda$new$0(133)) - 7fca689d-043b-47bb-bf18-12adf35ba2bc@group-BC98A6F06252-SegmentedRaftLogWorker: flushIndex: setUnconditionally 0 -> -1
2022-03-07 09:50:57,851 [pool-658-thread-1] INFO  segmented.SegmentedRaftLogWorker (SegmentedRaftLogWorker.java:lambda$new$0(133)) - 7fca689d-043b-47bb-bf18-12adf35ba2bc@group-BC98A6F06252-SegmentedRaftLogWorker: safeCacheEvictIndex: setUnconditionally 0 -> -1
2022-03-07 09:50:57,851 [EventQueue-PipelineReportForPipelineReportHandler] INFO  pipeline.PipelineManagerImpl (PipelineManagerImpl.java:openPipeline(291)) - Pipeline Pipeline[ Id: c8644cdc-a540-45f0-a4e8-bc98a6f06252, Nodes: 7fca689d-043b-47bb-bf18-12adf35ba2bc{ip: 10.1.0.49, host: fv-az291-317.wgnan5asplgejimfprtllbpdch.jx.internal.cloudapp.net, ports: [REPLICATION=35909, RATIS=42461, RATIS_ADMIN=42461, RATIS_SERVER=42461, STANDALONE=44961], networkLocation: /default-rack, certSerialId: null, persistedOpState: IN_SERVICE, persistedOpStateExpiryEpochSec: 0}, ReplicationConfig: RATIS/ONE, State:ALLOCATED, leaderId:7fca689d-043b-47bb-bf18-12adf35ba2bc, CreationTimestamp2022-03-07T09:50:54.798Z[Etc/UTC]] moved to OPEN state
2022-03-07 09:50:57,853 [9fd2d42e-0817-4c6b-b2b7-8c945e0a68b4@group-D482764D36D7-StateMachineUpdater] INFO  safemode.HealthyPipelineSafeModeRule (HealthyPipelineSafeModeRule.java:initializeRule(152)) - Refreshed total pipeline count is 0, healthy pipeline threshold count is 1
2022-03-07 09:50:57,854 [EventQueue-OpenPipelineForHealthyPipelineSafeModeRule] INFO  safemode.SCMSafeModeManager (HealthyPipelineSafeModeRule.java:process(124)) - SCM in safe mode. Healthy pipelines reported count is 0, required healthy pipeline reported count is 1
2022-03-07 09:50:57,859 [pool-658-thread-1] INFO  server.RaftServerConfigKeys (ConfUtils.java:logGet(44)) - raft.server.snapshot.auto.trigger.enabled = true (custom)
2022-03-07 09:50:57,860 [pool-658-thread-1] INFO  server.RaftServerConfigKeys (ConfUtils.java:logGet(44)) - raft.server.snapshot.auto.trigger.threshold = 10000 (custom)
2022-03-07 09:50:57,860 [pool-658-thread-1] INFO  server.RaftServerConfigKeys (ConfUtils.java:logGet(44)) - raft.server.snapshot.retention.file.num = 5 (custom)
2022-03-07 09:50:57,860 [pool-658-thread-1] INFO  server.RaftServerConfigKeys (ConfUtils.java:logGet(44)) - raft.server.log.purge.upto.snapshot.index = false (default)
2022-03-07 09:50:57,860 [pool-658-thread-1] INFO  server.RaftServerConfigKeys (ConfUtils.java:logGet(44)) - raft.server.retrycache.expirytime = 600000ms (custom)
2022-03-07 09:50:57,860 [pool-658-thread-1] INFO  server.RaftServerConfigKeys (ConfUtils.java:logGet(44)) - raft.server.retrycache.statistics.expirytime = 100μs (default)
2022-03-07 09:50:57,861 [pool-658-thread-1] INFO  server.RaftServer$Division (RaftServerImpl.java:start(301)) - 7fca689d-043b-47bb-bf18-12adf35ba2bc@group-BC98A6F06252: start as a follower, conf=-1: [7fca689d-043b-47bb-bf18-12adf35ba2bc|rpc:10.1.0.49:42461|priority:1], old=null
2022-03-07 09:50:57,861 [pool-658-thread-1] INFO  server.RaftServer$Division (RaftServerImpl.java:setRole(290)) - 7fca689d-043b-47bb-bf18-12adf35ba2bc@group-BC98A6F06252: changes role from      null to FOLLOWER at term 0 for startAsFollower
2022-03-07 09:50:57,861 [pool-658-thread-1] INFO  impl.RoleInfo (RoleInfo.java:updateAndGet(130)) - 7fca689d-043b-47bb-bf18-12adf35ba2bc: start 7fca689d-043b-47bb-bf18-12adf35ba2bc@group-BC98A6F06252-FollowerState
2022-03-07 09:50:57,862 [pool-658-thread-1] INFO  util.JmxRegister (JmxRegister.java:tryRegister(44)) - Successfully registered JMX Bean with object name Ratis:service=RaftServer,group=group-BC98A6F06252,id=7fca689d-043b-47bb-bf18-12adf35ba2bc
2022-03-07 09:50:57,869 [Command processor thread] INFO  ratis.XceiverServerRatis (XceiverServerRatis.java:addGroup(769)) - Created group PipelineID=c8644cdc-a540-45f0-a4e8-bc98a6f06252
2022-03-07 09:50:57,870 [Command processor thread] INFO  commandhandler.CreatePipelineCommandHandler (CreatePipelineCommandHandler.java:handle(106)) - Created Pipeline RATIS ONE PipelineID=c8644cdc-a540-45f0-a4e8-bc98a6f06252.
2022-03-07 09:50:57,870 [Command processor thread] INFO  server.RaftServer (RaftServerProxy.java:addNew(95)) - 7fca689d-043b-47bb-bf18-12adf35ba2bc: addNew group-B74B02AAA056:[edf60a86-ae5b-4f71-bc37-25062be06587|rpc:10.1.0.49:38621|priority:0, 7fca689d-043b-47bb-bf18-12adf35ba2bc|rpc:10.1.0.49:42461|priority:1, 84008c31-6636-4a62-b386-f7fb7e7ffddc|rpc:10.1.0.49:44263|priority:0] returns group-B74B02AAA056:java.util.concurrent.CompletableFuture@34d55817[Not completed]
2022-03-07 09:50:57,871 [pool-658-thread-1] INFO  server.RaftServer$Division (RaftServerImpl.java:<init>(184)) - 7fca689d-043b-47bb-bf18-12adf35ba2bc: new RaftServerImpl for group-B74B02AAA056:[edf60a86-ae5b-4f71-bc37-25062be06587|rpc:10.1.0.49:38621|priority:0, 7fca689d-043b-47bb-bf18-12adf35ba2bc|rpc:10.1.0.49:42461|priority:1, 84008c31-6636-4a62-b386-f7fb7e7ffddc|rpc:10.1.0.49:44263|priority:0] with ContainerStateMachine:uninitialized
2022-03-07 09:50:57,871 [pool-658-thread-1] INFO  server.RaftServerConfigKeys (ConfUtils.java:logGet(44)) - raft.server.rpc.timeout.min = 5s (custom)
2022-03-07 09:50:57,871 [pool-658-thread-1] INFO  server.RaftServerConfigKeys (ConfUtils.java:logGet(44)) - raft.server.rpc.timeout.max = 5200ms (custom)
2022-03-07 09:50:57,871 [pool-658-thread-1] INFO  server.RaftServerConfigKeys (ConfUtils.java:logGet(44)) - raft.server.rpc.sleep.time = 25ms (default)
2022-03-07 09:50:57,871 [pool-658-thread-1] INFO  server.RaftServerConfigKeys (ConfUtils.java:logGet(44)) - raft.server.rpc.slowness.timeout = 300000ms (custom)
2022-03-07 09:50:57,871 [pool-658-thread-1] INFO  server.RaftServerConfigKeys (ConfUtils.java:logGet(44)) - raft.server.leaderelection.leader.step-down.wait-time = 10s (default)
2022-03-07 09:50:57,871 [pool-658-thread-1] INFO  server.RaftServerConfigKeys (ConfUtils.java:logGet(44)) - raft.server.sleep.deviation.threshold = 300ms (default)
2022-03-07 09:50:57,871 [pool-658-thread-1] INFO  server.RaftServerConfigKeys (ConfUtils.java:logGet(44)) - raft.server.log.appender.install.snapshot.enabled = false (custom)
2022-03-07 09:50:57,871 [pool-658-thread-1] INFO  server.RaftServer$Division (ServerState.java:<init>(105)) - 7fca689d-043b-47bb-bf18-12adf35ba2bc@group-B74B02AAA056: ConfigurationManager, init=-1: [edf60a86-ae5b-4f71-bc37-25062be06587|rpc:10.1.0.49:38621|priority:0, 7fca689d-043b-47bb-bf18-12adf35ba2bc|rpc:10.1.0.49:42461|priority:1, 84008c31-6636-4a62-b386-f7fb7e7ffddc|rpc:10.1.0.49:44263|priority:0], old=null, confs=<EMPTY_MAP>
2022-03-07 09:50:57,871 [pool-658-thread-1] INFO  server.RaftServerConfigKeys (ConfUtils.java:logGet(44)) - raft.server.storage.dir = [/home/runner/work/ozone/ozone/hadoop-ozone/integration-test/target/test-dir/MiniOzoneClusterImpl-4c099742-f0a8-499d-a606-d482764d36d7/datanode-3/data/ratis] (custom)
2022-03-07 09:50:57,871 [pool-658-thread-1] INFO  server.RaftServerConfigKeys (ConfUtils.java:logGet(44)) - raft.server.log.corruption.policy = EXCEPTION (default)
2022-03-07 09:50:57,871 [pool-658-thread-1] INFO  server.RaftServerConfigKeys (ConfUtils.java:logGet(44)) - raft.server.storage.free-space.min = 0MB (=0) (default)
2022-03-07 09:50:57,871 [pool-658-thread-1] INFO  storage.RaftStorageDirectory (RaftStorageDirectoryImpl.java:analyzeStorage(135)) - The storage directory /home/runner/work/ozone/ozone/hadoop-ozone/integration-test/target/test-dir/MiniOzoneClusterImpl-4c099742-f0a8-499d-a606-d482764d36d7/datanode-3/data/ratis/5b1c4279-099c-4815-8e9c-b74b02aaa056 does not exist. Creating ...
2022-03-07 09:50:57,872 [pool-658-thread-1] INFO  storage.RaftStorageDirectory (RaftStorageDirectoryImpl.java:tryLock(230)) - Lock on /home/runner/work/ozone/ozone/hadoop-ozone/integration-test/target/test-dir/MiniOzoneClusterImpl-4c099742-f0a8-499d-a606-d482764d36d7/datanode-3/data/ratis/5b1c4279-099c-4815-8e9c-b74b02aaa056/in_use.lock acquired by nodename 23420@fv-az291-317
2022-03-07 09:50:57,874 [pool-658-thread-1] INFO  storage.RaftStorage (RaftStorageImpl.java:format(89)) - Storage directory /home/runner/work/ozone/ozone/hadoop-ozone/integration-test/target/test-dir/MiniOzoneClusterImpl-4c099742-f0a8-499d-a606-d482764d36d7/datanode-3/data/ratis/5b1c4279-099c-4815-8e9c-b74b02aaa056 has been successfully formatted.
2022-03-07 09:50:57,874 [pool-658-thread-1] INFO  ratis.ContainerStateMachine (ContainerStateMachine.java:loadSnapshot(236)) - group-B74B02AAA056: The snapshot info is null. Setting the last applied indexto:(t:0, i:~)
2022-03-07 09:50:57,889 [pool-658-thread-1] INFO  server.RaftServerConfigKeys (ConfUtils.java:logGet(44)) - raft.server.notification.no-leader.timeout = 300000ms (custom)
2022-03-07 09:50:57,889 [pool-658-thread-1] INFO  server.RaftServerConfigKeys (ConfUtils.java:logGet(44)) - raft.server.log.use.memory = false (default)
2022-03-07 09:50:57,889 [pool-658-thread-1] INFO  server.RaftServerConfigKeys (ConfUtils.java:logGet(44)) - raft.server.log.purge.gap = 1000000 (custom)
2022-03-07 09:50:57,889 [pool-658-thread-1] INFO  server.RaftServerConfigKeys (ConfUtils.java:logGet(44)) - raft.server.log.appender.buffer.byte-limit = 33554432 (custom)
2022-03-07 09:50:57,889 [pool-658-thread-1] INFO  server.RaftServerConfigKeys (ConfUtils.java:logGet(44)) - raft.server.log.segment.size.max = 1048576 (custom)
2022-03-07 09:50:57,890 [pool-658-thread-1] INFO  server.RaftServerConfigKeys (ConfUtils.java:logGet(44)) - raft.server.log.segment.cache.num.max = 2 (custom)
2022-03-07 09:50:57,890 [pool-658-thread-1] INFO  server.RaftServerConfigKeys (ConfUtils.java:logGet(44)) - raft.server.log.segment.cache.size.max = 200MB (=209715200) (default)
2022-03-07 09:50:57,890 [pool-658-thread-1] INFO  segmented.SegmentedRaftLogWorker (SegmentedRaftLogWorker.java:<init>(182)) - new 7fca689d-043b-47bb-bf18-12adf35ba2bc@group-B74B02AAA056-SegmentedRaftLogWorker for RaftStorageImpl:Storage Directory /home/runner/work/ozone/ozone/hadoop-ozone/integration-test/target/test-dir/MiniOzoneClusterImpl-4c099742-f0a8-499d-a606-d482764d36d7/datanode-3/data/ratis/5b1c4279-099c-4815-8e9c-b74b02aaa056
2022-03-07 09:50:57,890 [pool-658-thread-1] INFO  server.RaftServerConfigKeys (ConfUtils.java:logGet(44)) - raft.server.log.queue.byte-limit = 4294967296 (custom)
2022-03-07 09:50:57,890 [pool-658-thread-1] INFO  server.RaftServerConfigKeys (ConfUtils.java:logGet(44)) - raft.server.log.queue.element-limit = 1024 (custom)
2022-03-07 09:50:57,890 [pool-658-thread-1] INFO  server.RaftServerConfigKeys (ConfUtils.java:logGet(44)) - raft.server.log.segment.size.max = 1048576 (custom)
2022-03-07 09:50:57,890 [pool-658-thread-1] INFO  server.RaftServerConfigKeys (ConfUtils.java:logGet(44)) - raft.server.log.preallocated.size = 16384 (custom)
2022-03-07 09:50:57,890 [pool-658-thread-1] INFO  server.RaftServerConfigKeys (ConfUtils.java:logGet(44)) - raft.server.log.force.sync.num = 128 (default)
2022-03-07 09:50:57,890 [pool-658-thread-1] INFO  server.RaftServerConfigKeys (ConfUtils.java:logGet(44)) - raft.server.log.statemachine.data.sync = true (default)
2022-03-07 09:50:57,890 [pool-658-thread-1] INFO  server.RaftServerConfigKeys (ConfUtils.java:logGet(44)) - raft.server.log.statemachine.data.sync.timeout = 10s (default)
2022-03-07 09:50:57,890 [pool-658-thread-1] INFO  server.RaftServerConfigKeys (ConfUtils.java:logGet(44)) - raft.server.log.statemachine.data.sync.timeout.retry = -1 (default)
2022-03-07 09:50:57,891 [pool-658-thread-1] INFO  server.RaftServerConfigKeys (ConfUtils.java:logGet(44)) - raft.server.log.write.buffer.size = 1048576 (custom)
2022-03-07 09:50:57,892 [pool-658-thread-1] INFO  server.RaftServerConfigKeys (ConfUtils.java:logGet(44)) - raft.server.log.statemachine.data.caching.enabled = true (custom)
2022-03-07 09:50:57,892 [pool-658-thread-1] INFO  segmented.SegmentedRaftLogWorker (SegmentedRaftLogWorker.java:lambda$new$0(133)) - 7fca689d-043b-47bb-bf18-12adf35ba2bc@group-B74B02AAA056-SegmentedRaftLogWorker: flushIndex: setUnconditionally 0 -> -1
2022-03-07 09:50:57,892 [pool-658-thread-1] INFO  segmented.SegmentedRaftLogWorker (SegmentedRaftLogWorker.java:lambda$new$0(133)) - 7fca689d-043b-47bb-bf18-12adf35ba2bc@group-B74B02AAA056-SegmentedRaftLogWorker: safeCacheEvictIndex: setUnconditionally 0 -> -1
2022-03-07 09:50:57,894 [EventQueue-OpenPipelineForHealthyPipelineSafeModeRule] INFO  safemode.SCMSafeModeManager (HealthyPipelineSafeModeRule.java:process(124)) - SCM in safe mode. Healthy pipelines reported count is 0, required healthy pipeline reported count is 1
2022-03-07 09:50:57,895 [pool-658-thread-1] INFO  server.RaftServerConfigKeys (ConfUtils.java:logGet(44)) - raft.server.snapshot.auto.trigger.enabled = true (custom)
2022-03-07 09:50:57,895 [pool-658-thread-1] INFO  server.RaftServerConfigKeys (ConfUtils.java:logGet(44)) - raft.server.snapshot.auto.trigger.threshold = 10000 (custom)
2022-03-07 09:50:57,895 [pool-658-thread-1] INFO  server.RaftServerConfigKeys (ConfUtils.java:logGet(44)) - raft.server.snapshot.retention.file.num = 5 (custom)
2022-03-07 09:50:57,895 [pool-658-thread-1] INFO  server.RaftServerConfigKeys (ConfUtils.java:logGet(44)) - raft.server.log.purge.upto.snapshot.index = false (default)
2022-03-07 09:50:57,895 [pool-658-thread-1] INFO  server.RaftServerConfigKeys (ConfUtils.java:logGet(44)) - raft.server.retrycache.expirytime = 600000ms (custom)
2022-03-07 09:50:57,895 [pool-658-thread-1] INFO  server.RaftServerConfigKeys (ConfUtils.java:logGet(44)) - raft.server.retrycache.statistics.expirytime = 100μs (default)
2022-03-07 09:50:57,896 [pool-658-thread-1] INFO  server.RaftServer$Division (RaftServerImpl.java:start(301)) - 7fca689d-043b-47bb-bf18-12adf35ba2bc@group-B74B02AAA056: start as a follower, conf=-1: [edf60a86-ae5b-4f71-bc37-25062be06587|rpc:10.1.0.49:38621|priority:0, 7fca689d-043b-47bb-bf18-12adf35ba2bc|rpc:10.1.0.49:42461|priority:1, 84008c31-6636-4a62-b386-f7fb7e7ffddc|rpc:10.1.0.49:44263|priority:0], old=null
2022-03-07 09:50:57,896 [pool-658-thread-1] INFO  server.RaftServer$Division (RaftServerImpl.java:setRole(290)) - 7fca689d-043b-47bb-bf18-12adf35ba2bc@group-B74B02AAA056: changes role from      null to FOLLOWER at term 0 for startAsFollower
2022-03-07 09:50:57,896 [pool-658-thread-1] INFO  impl.RoleInfo (RoleInfo.java:updateAndGet(130)) - 7fca689d-043b-47bb-bf18-12adf35ba2bc: start 7fca689d-043b-47bb-bf18-12adf35ba2bc@group-B74B02AAA056-FollowerState
2022-03-07 09:50:57,911 [pool-658-thread-1] INFO  util.JmxRegister (JmxRegister.java:tryRegister(44)) - Successfully registered JMX Bean with object name Ratis:service=RaftServer,group=group-B74B02AAA056,id=7fca689d-043b-47bb-bf18-12adf35ba2bc
2022-03-07 09:50:57,914 [Command processor thread] INFO  ratis.XceiverServerRatis (XceiverServerRatis.java:addGroup(769)) - Created group PipelineID=5b1c4279-099c-4815-8e9c-b74b02aaa056
2022-03-07 09:50:57,929 [grpc-default-executor-2] INFO  server.RaftServer (RaftServerProxy.java:addNew(95)) - 84008c31-6636-4a62-b386-f7fb7e7ffddc: addNew group-B74B02AAA056:[edf60a86-ae5b-4f71-bc37-25062be06587|rpc:10.1.0.49:38621|dataStream:|priority:0, 7fca689d-043b-47bb-bf18-12adf35ba2bc|rpc:10.1.0.49:42461|dataStream:|priority:1, 84008c31-6636-4a62-b386-f7fb7e7ffddc|rpc:10.1.0.49:44263|dataStream:|priority:0] returns group-B74B02AAA056:java.util.concurrent.CompletableFuture@31b395bc[Not completed]
2022-03-07 09:50:57,952 [pool-679-thread-1] INFO  server.RaftServer$Division (RaftServerImpl.java:<init>(184)) - 84008c31-6636-4a62-b386-f7fb7e7ffddc: new RaftServerImpl for group-B74B02AAA056:[edf60a86-ae5b-4f71-bc37-25062be06587|rpc:10.1.0.49:38621|dataStream:|priority:0, 7fca689d-043b-47bb-bf18-12adf35ba2bc|rpc:10.1.0.49:42461|dataStream:|priority:1, 84008c31-6636-4a62-b386-f7fb7e7ffddc|rpc:10.1.0.49:44263|dataStream:|priority:0] with ContainerStateMachine:uninitialized
2022-03-07 09:50:57,952 [pool-679-thread-1] INFO  server.RaftServerConfigKeys (ConfUtils.java:logGet(44)) - raft.server.rpc.timeout.min = 5s (custom)
2022-03-07 09:50:57,952 [pool-679-thread-1] INFO  server.RaftServerConfigKeys (ConfUtils.java:logGet(44)) - raft.server.rpc.timeout.max = 5200ms (custom)
2022-03-07 09:50:57,952 [pool-679-thread-1] INFO  server.RaftServerConfigKeys (ConfUtils.java:logGet(44)) - raft.server.rpc.sleep.time = 25ms (default)
2022-03-07 09:50:57,952 [pool-679-thread-1] INFO  server.RaftServerConfigKeys (ConfUtils.java:logGet(44)) - raft.server.rpc.slowness.timeout = 300000ms (custom)
2022-03-07 09:50:57,952 [pool-679-thread-1] INFO  server.RaftServerConfigKeys (ConfUtils.java:logGet(44)) - raft.server.leaderelection.leader.step-down.wait-time = 10s (default)
2022-03-07 09:50:57,952 [pool-679-thread-1] INFO  server.RaftServerConfigKeys (ConfUtils.java:logGet(44)) - raft.server.sleep.deviation.threshold = 300ms (default)
2022-03-07 09:50:57,952 [pool-679-thread-1] INFO  server.RaftServerConfigKeys (ConfUtils.java:logGet(44)) - raft.server.log.appender.install.snapshot.enabled = false (custom)
2022-03-07 09:50:57,952 [pool-679-thread-1] INFO  server.RaftServer$Division (ServerState.java:<init>(105)) - 84008c31-6636-4a62-b386-f7fb7e7ffddc@group-B74B02AAA056: ConfigurationManager, init=-1: [edf60a86-ae5b-4f71-bc37-25062be06587|rpc:10.1.0.49:38621|dataStream:|priority:0, 7fca689d-043b-47bb-bf18-12adf35ba2bc|rpc:10.1.0.49:42461|dataStream:|priority:1, 84008c31-6636-4a62-b386-f7fb7e7ffddc|rpc:10.1.0.49:44263|dataStream:|priority:0], old=null, confs=<EMPTY_MAP>
2022-03-07 09:50:57,953 [pool-679-thread-1] INFO  server.RaftServerConfigKeys (ConfUtils.java:logGet(44)) - raft.server.storage.dir = [/home/runner/work/ozone/ozone/hadoop-ozone/integration-test/target/test-dir/MiniOzoneClusterImpl-4c099742-f0a8-499d-a606-d482764d36d7/datanode-4/data/ratis] (custom)
2022-03-07 09:50:57,953 [pool-679-thread-1] INFO  server.RaftServerConfigKeys (ConfUtils.java:logGet(44)) - raft.server.log.corruption.policy = EXCEPTION (default)
2022-03-07 09:50:57,953 [pool-679-thread-1] INFO  server.RaftServerConfigKeys (ConfUtils.java:logGet(44)) - raft.server.storage.free-space.min = 0MB (=0) (default)
2022-03-07 09:50:57,953 [pool-679-thread-1] INFO  storage.RaftStorageDirectory (RaftStorageDirectoryImpl.java:analyzeStorage(135)) - The storage directory /home/runner/work/ozone/ozone/hadoop-ozone/integration-test/target/test-dir/MiniOzoneClusterImpl-4c099742-f0a8-499d-a606-d482764d36d7/datanode-4/data/ratis/5b1c4279-099c-4815-8e9c-b74b02aaa056 does not exist. Creating ...
2022-03-07 09:50:57,955 [pool-679-thread-1] INFO  storage.RaftStorageDirectory (RaftStorageDirectoryImpl.java:tryLock(230)) - Lock on /home/runner/work/ozone/ozone/hadoop-ozone/integration-test/target/test-dir/MiniOzoneClusterImpl-4c099742-f0a8-499d-a606-d482764d36d7/datanode-4/data/ratis/5b1c4279-099c-4815-8e9c-b74b02aaa056/in_use.lock acquired by nodename 23420@fv-az291-317
2022-03-07 09:50:57,965 [pool-679-thread-1] INFO  storage.RaftStorage (RaftStorageImpl.java:format(89)) - Storage directory /home/runner/work/ozone/ozone/hadoop-ozone/integration-test/target/test-dir/MiniOzoneClusterImpl-4c099742-f0a8-499d-a606-d482764d36d7/datanode-4/data/ratis/5b1c4279-099c-4815-8e9c-b74b02aaa056 has been successfully formatted.
2022-03-07 09:50:57,972 [pool-679-thread-1] INFO  ratis.ContainerStateMachine (ContainerStateMachine.java:loadSnapshot(236)) - group-B74B02AAA056: The snapshot info is null. Setting the last applied indexto:(t:0, i:~)
2022-03-07 09:50:57,973 [pool-679-thread-1] INFO  server.RaftServerConfigKeys (ConfUtils.java:logGet(44)) - raft.server.notification.no-leader.timeout = 300000ms (custom)
2022-03-07 09:50:57,973 [pool-679-thread-1] INFO  server.RaftServerConfigKeys (ConfUtils.java:logGet(44)) - raft.server.log.use.memory = false (default)
2022-03-07 09:50:57,973 [pool-679-thread-1] INFO  server.RaftServerConfigKeys (ConfUtils.java:logGet(44)) - raft.server.log.purge.gap = 1000000 (custom)
2022-03-07 09:50:57,973 [pool-679-thread-1] INFO  server.RaftServerConfigKeys (ConfUtils.java:logGet(44)) - raft.server.log.appender.buffer.byte-limit = 33554432 (custom)
2022-03-07 09:50:57,973 [pool-679-thread-1] INFO  server.RaftServerConfigKeys (ConfUtils.java:logGet(44)) - raft.server.log.segment.size.max = 1048576 (custom)
2022-03-07 09:50:57,973 [pool-679-thread-1] INFO  server.RaftServerConfigKeys (ConfUtils.java:logGet(44)) - raft.server.log.segment.cache.num.max = 2 (custom)
2022-03-07 09:50:57,976 [pool-679-thread-1] INFO  server.RaftServerConfigKeys (ConfUtils.java:logGet(44)) - raft.server.log.segment.cache.size.max = 200MB (=209715200) (default)
2022-03-07 09:50:57,976 [pool-679-thread-1] INFO  segmented.SegmentedRaftLogWorker (SegmentedRaftLogWorker.java:<init>(182)) - new 84008c31-6636-4a62-b386-f7fb7e7ffddc@group-B74B02AAA056-SegmentedRaftLogWorker for RaftStorageImpl:Storage Directory /home/runner/work/ozone/ozone/hadoop-ozone/integration-test/target/test-dir/MiniOzoneClusterImpl-4c099742-f0a8-499d-a606-d482764d36d7/datanode-4/data/ratis/5b1c4279-099c-4815-8e9c-b74b02aaa056
2022-03-07 09:50:57,976 [pool-679-thread-1] INFO  server.RaftServerConfigKeys (ConfUtils.java:logGet(44)) - raft.server.log.queue.byte-limit = 4294967296 (custom)
2022-03-07 09:50:57,976 [pool-679-thread-1] INFO  server.RaftServerConfigKeys (ConfUtils.java:logGet(44)) - raft.server.log.queue.element-limit = 1024 (custom)
2022-03-07 09:50:57,976 [pool-679-thread-1] INFO  server.RaftServerConfigKeys (ConfUtils.java:logGet(44)) - raft.server.log.segment.size.max = 1048576 (custom)
2022-03-07 09:50:57,976 [pool-679-thread-1] INFO  server.RaftServerConfigKeys (ConfUtils.java:logGet(44)) - raft.server.log.preallocated.size = 16384 (custom)
2022-03-07 09:50:57,976 [pool-679-thread-1] INFO  server.RaftServerConfigKeys (ConfUtils.java:logGet(44)) - raft.server.log.force.sync.num = 128 (default)
2022-03-07 09:50:57,976 [pool-679-thread-1] INFO  server.RaftServerConfigKeys (ConfUtils.java:logGet(44)) - raft.server.log.statemachine.data.sync = true (default)
2022-03-07 09:50:57,977 [pool-679-thread-1] INFO  server.RaftServerConfigKeys (ConfUtils.java:logGet(44)) - raft.server.log.statemachine.data.sync.timeout = 10s (default)
2022-03-07 09:50:57,977 [pool-679-thread-1] INFO  server.RaftServerConfigKeys (ConfUtils.java:logGet(44)) - raft.server.log.statemachine.data.sync.timeout.retry = -1 (default)
2022-03-07 09:50:57,978 [pool-679-thread-1] INFO  server.RaftServerConfigKeys (ConfUtils.java:logGet(44)) - raft.server.log.write.buffer.size = 1048576 (custom)
2022-03-07 09:50:57,985 [pool-679-thread-1] INFO  server.RaftServerConfigKeys (ConfUtils.java:logGet(44)) - raft.server.log.statemachine.data.caching.enabled = true (custom)
2022-03-07 09:50:57,986 [pool-679-thread-1] INFO  segmented.SegmentedRaftLogWorker (SegmentedRaftLogWorker.java:lambda$new$0(133)) - 84008c31-6636-4a62-b386-f7fb7e7ffddc@group-B74B02AAA056-SegmentedRaftLogWorker: flushIndex: setUnconditionally 0 -> -1
2022-03-07 09:50:57,986 [pool-679-thread-1] INFO  segmented.SegmentedRaftLogWorker (SegmentedRaftLogWorker.java:lambda$new$0(133)) - 84008c31-6636-4a62-b386-f7fb7e7ffddc@group-B74B02AAA056-SegmentedRaftLogWorker: safeCacheEvictIndex: setUnconditionally 0 -> -1
2022-03-07 09:50:57,991 [pool-679-thread-1] INFO  server.RaftServerConfigKeys (ConfUtils.java:logGet(44)) - raft.server.snapshot.auto.trigger.enabled = true (custom)
2022-03-07 09:50:57,991 [pool-679-thread-1] INFO  server.RaftServerConfigKeys (ConfUtils.java:logGet(44)) - raft.server.snapshot.auto.trigger.threshold = 10000 (custom)
2022-03-07 09:50:57,991 [pool-679-thread-1] INFO  server.RaftServerConfigKeys (ConfUtils.java:logGet(44)) - raft.server.snapshot.retention.file.num = 5 (custom)
2022-03-07 09:50:57,991 [pool-679-thread-1] INFO  server.RaftServerConfigKeys (ConfUtils.java:logGet(44)) - raft.server.log.purge.upto.snapshot.index = false (default)
2022-03-07 09:50:57,998 [pool-679-thread-1] INFO  server.RaftServerConfigKeys (ConfUtils.java:logGet(44)) - raft.server.retrycache.expirytime = 600000ms (custom)
2022-03-07 09:50:57,998 [pool-679-thread-1] INFO  server.RaftServerConfigKeys (ConfUtils.java:logGet(44)) - raft.server.retrycache.statistics.expirytime = 100μs (default)
2022-03-07 09:50:58,000 [pool-679-thread-1] INFO  server.RaftServer$Division (RaftServerImpl.java:start(301)) - 84008c31-6636-4a62-b386-f7fb7e7ffddc@group-B74B02AAA056: start as a follower, conf=-1: [edf60a86-ae5b-4f71-bc37-25062be06587|rpc:10.1.0.49:38621|dataStream:|priority:0, 7fca689d-043b-47bb-bf18-12adf35ba2bc|rpc:10.1.0.49:42461|dataStream:|priority:1, 84008c31-6636-4a62-b386-f7fb7e7ffddc|rpc:10.1.0.49:44263|dataStream:|priority:0], old=null
2022-03-07 09:50:58,014 [pool-679-thread-1] INFO  server.RaftServer$Division (RaftServerImpl.java:setRole(290)) - 84008c31-6636-4a62-b386-f7fb7e7ffddc@group-B74B02AAA056: changes role from      null to FOLLOWER at term 0 for startAsFollower
2022-03-07 09:50:58,014 [pool-679-thread-1] INFO  impl.RoleInfo (RoleInfo.java:updateAndGet(130)) - 84008c31-6636-4a62-b386-f7fb7e7ffddc: start 84008c31-6636-4a62-b386-f7fb7e7ffddc@group-B74B02AAA056-FollowerState
2022-03-07 09:50:58,014 [pool-679-thread-1] INFO  util.JmxRegister (JmxRegister.java:tryRegister(44)) - Successfully registered JMX Bean with object name Ratis:service=RaftServer,group=group-B74B02AAA056,id=84008c31-6636-4a62-b386-f7fb7e7ffddc
2022-03-07 09:50:58,060 [grpc-default-executor-2] INFO  server.RaftServer (RaftServerProxy.java:addNew(95)) - edf60a86-ae5b-4f71-bc37-25062be06587: addNew group-B74B02AAA056:[edf60a86-ae5b-4f71-bc37-25062be06587|rpc:10.1.0.49:38621|dataStream:|priority:0, 7fca689d-043b-47bb-bf18-12adf35ba2bc|rpc:10.1.0.49:42461|dataStream:|priority:1, 84008c31-6636-4a62-b386-f7fb7e7ffddc|rpc:10.1.0.49:44263|dataStream:|priority:0] returns group-B74B02AAA056:java.util.concurrent.CompletableFuture@c593f6e[Not completed]
2022-03-07 09:50:58,061 [pool-700-thread-1] INFO  server.RaftServer$Division (RaftServerImpl.java:<init>(184)) - edf60a86-ae5b-4f71-bc37-25062be06587: new RaftServerImpl for group-B74B02AAA056:[edf60a86-ae5b-4f71-bc37-25062be06587|rpc:10.1.0.49:38621|dataStream:|priority:0, 7fca689d-043b-47bb-bf18-12adf35ba2bc|rpc:10.1.0.49:42461|dataStream:|priority:1, 84008c31-6636-4a62-b386-f7fb7e7ffddc|rpc:10.1.0.49:44263|dataStream:|priority:0] with ContainerStateMachine:uninitialized
2022-03-07 09:50:58,061 [pool-700-thread-1] INFO  server.RaftServerConfigKeys (ConfUtils.java:logGet(44)) - raft.server.rpc.timeout.min = 5s (custom)
2022-03-07 09:50:58,061 [pool-700-thread-1] INFO  server.RaftServerConfigKeys (ConfUtils.java:logGet(44)) - raft.server.rpc.timeout.max = 5200ms (custom)
2022-03-07 09:50:58,061 [pool-700-thread-1] INFO  server.RaftServerConfigKeys (ConfUtils.java:logGet(44)) - raft.server.rpc.sleep.time = 25ms (default)
2022-03-07 09:50:58,061 [pool-700-thread-1] INFO  server.RaftServerConfigKeys (ConfUtils.java:logGet(44)) - raft.server.rpc.slowness.timeout = 300000ms (custom)
2022-03-07 09:50:58,061 [pool-700-thread-1] INFO  server.RaftServerConfigKeys (ConfUtils.java:logGet(44)) - raft.server.leaderelection.leader.step-down.wait-time = 10s (default)
2022-03-07 09:50:58,061 [pool-700-thread-1] INFO  server.RaftServerConfigKeys (ConfUtils.java:logGet(44)) - raft.server.sleep.deviation.threshold = 300ms (default)
2022-03-07 09:50:58,061 [pool-700-thread-1] INFO  server.RaftServerConfigKeys (ConfUtils.java:logGet(44)) - raft.server.log.appender.install.snapshot.enabled = false (custom)
2022-03-07 09:50:58,061 [pool-700-thread-1] INFO  server.RaftServer$Division (ServerState.java:<init>(105)) - edf60a86-ae5b-4f71-bc37-25062be06587@group-B74B02AAA056: ConfigurationManager, init=-1: [edf60a86-ae5b-4f71-bc37-25062be06587|rpc:10.1.0.49:38621|dataStream:|priority:0, 7fca689d-043b-47bb-bf18-12adf35ba2bc|rpc:10.1.0.49:42461|dataStream:|priority:1, 84008c31-6636-4a62-b386-f7fb7e7ffddc|rpc:10.1.0.49:44263|dataStream:|priority:0], old=null, confs=<EMPTY_MAP>
2022-03-07 09:50:58,061 [pool-700-thread-1] INFO  server.RaftServerConfigKeys (ConfUtils.java:logGet(44)) - raft.server.storage.dir = [/home/runner/work/ozone/ozone/hadoop-ozone/integration-test/target/test-dir/MiniOzoneClusterImpl-4c099742-f0a8-499d-a606-d482764d36d7/datanode-5/data/ratis] (custom)
2022-03-07 09:50:58,061 [pool-700-thread-1] INFO  server.RaftServerConfigKeys (ConfUtils.java:logGet(44)) - raft.server.log.corruption.policy = EXCEPTION (default)
2022-03-07 09:50:58,061 [pool-700-thread-1] INFO  server.RaftServerConfigKeys (ConfUtils.java:logGet(44)) - raft.server.storage.free-space.min = 0MB (=0) (default)
2022-03-07 09:50:58,061 [pool-700-thread-1] INFO  storage.RaftStorageDirectory (RaftStorageDirectoryImpl.java:analyzeStorage(135)) - The storage directory /home/runner/work/ozone/ozone/hadoop-ozone/integration-test/target/test-dir/MiniOzoneClusterImpl-4c099742-f0a8-499d-a606-d482764d36d7/datanode-5/data/ratis/5b1c4279-099c-4815-8e9c-b74b02aaa056 does not exist. Creating ...
2022-03-07 09:50:58,071 [pool-700-thread-1] INFO  storage.RaftStorageDirectory (RaftStorageDirectoryImpl.java:tryLock(230)) - Lock on /home/runner/work/ozone/ozone/hadoop-ozone/integration-test/target/test-dir/MiniOzoneClusterImpl-4c099742-f0a8-499d-a606-d482764d36d7/datanode-5/data/ratis/5b1c4279-099c-4815-8e9c-b74b02aaa056/in_use.lock acquired by nodename 23420@fv-az291-317
2022-03-07 09:50:58,077 [pool-700-thread-1] INFO  storage.RaftStorage (RaftStorageImpl.java:format(89)) - Storage directory /home/runner/work/ozone/ozone/hadoop-ozone/integration-test/target/test-dir/MiniOzoneClusterImpl-4c099742-f0a8-499d-a606-d482764d36d7/datanode-5/data/ratis/5b1c4279-099c-4815-8e9c-b74b02aaa056 has been successfully formatted.
2022-03-07 09:50:58,079 [pool-700-thread-1] INFO  ratis.ContainerStateMachine (ContainerStateMachine.java:loadSnapshot(236)) - group-B74B02AAA056: The snapshot info is null. Setting the last applied indexto:(t:0, i:~)
2022-03-07 09:50:58,080 [pool-700-thread-1] INFO  server.RaftServerConfigKeys (ConfUtils.java:logGet(44)) - raft.server.notification.no-leader.timeout = 300000ms (custom)
2022-03-07 09:50:58,080 [pool-700-thread-1] INFO  server.RaftServerConfigKeys (ConfUtils.java:logGet(44)) - raft.server.log.use.memory = false (default)
2022-03-07 09:50:58,080 [pool-700-thread-1] INFO  server.RaftServerConfigKeys (ConfUtils.java:logGet(44)) - raft.server.log.purge.gap = 1000000 (custom)
2022-03-07 09:50:58,080 [pool-700-thread-1] INFO  server.RaftServerConfigKeys (ConfUtils.java:logGet(44)) - raft.server.log.appender.buffer.byte-limit = 33554432 (custom)
2022-03-07 09:50:58,080 [pool-700-thread-1] INFO  server.RaftServerConfigKeys (ConfUtils.java:logGet(44)) - raft.server.log.segment.size.max = 1048576 (custom)
2022-03-07 09:50:58,081 [pool-700-thread-1] INFO  server.RaftServerConfigKeys (ConfUtils.java:logGet(44)) - raft.server.log.segment.cache.num.max = 2 (custom)
2022-03-07 09:50:58,081 [pool-700-thread-1] INFO  server.RaftServerConfigKeys (ConfUtils.java:logGet(44)) - raft.server.log.segment.cache.size.max = 200MB (=209715200) (default)
2022-03-07 09:50:58,081 [pool-700-thread-1] INFO  segmented.SegmentedRaftLogWorker (SegmentedRaftLogWorker.java:<init>(182)) - new edf60a86-ae5b-4f71-bc37-25062be06587@group-B74B02AAA056-SegmentedRaftLogWorker for RaftStorageImpl:Storage Directory /home/runner/work/ozone/ozone/hadoop-ozone/integration-test/target/test-dir/MiniOzoneClusterImpl-4c099742-f0a8-499d-a606-d482764d36d7/datanode-5/data/ratis/5b1c4279-099c-4815-8e9c-b74b02aaa056
2022-03-07 09:50:58,081 [pool-700-thread-1] INFO  server.RaftServerConfigKeys (ConfUtils.java:logGet(44)) - raft.server.log.queue.byte-limit = 4294967296 (custom)
2022-03-07 09:50:58,081 [pool-700-thread-1] INFO  server.RaftServerConfigKeys (ConfUtils.java:logGet(44)) - raft.server.log.queue.element-limit = 1024 (custom)
2022-03-07 09:50:58,081 [pool-700-thread-1] INFO  server.RaftServerConfigKeys (ConfUtils.java:logGet(44)) - raft.server.log.segment.size.max = 1048576 (custom)
2022-03-07 09:50:58,081 [pool-700-thread-1] INFO  server.RaftServerConfigKeys (ConfUtils.java:logGet(44)) - raft.server.log.preallocated.size = 16384 (custom)
2022-03-07 09:50:58,081 [pool-700-thread-1] INFO  server.RaftServerConfigKeys (ConfUtils.java:logGet(44)) - raft.server.log.force.sync.num = 128 (default)
2022-03-07 09:50:58,081 [pool-700-thread-1] INFO  server.RaftServerConfigKeys (ConfUtils.java:logGet(44)) - raft.server.log.statemachine.data.sync = true (default)
2022-03-07 09:50:58,081 [pool-700-thread-1] INFO  server.RaftServerConfigKeys (ConfUtils.java:logGet(44)) - raft.server.log.statemachine.data.sync.timeout = 10s (default)
2022-03-07 09:50:58,081 [pool-700-thread-1] INFO  server.RaftServerConfigKeys (ConfUtils.java:logGet(44)) - raft.server.log.statemachine.data.sync.timeout.retry = -1 (default)
2022-03-07 09:50:58,112 [pool-700-thread-1] INFO  server.RaftServerConfigKeys (ConfUtils.java:logGet(44)) - raft.server.log.write.buffer.size = 1048576 (custom)
2022-03-07 09:50:58,112 [pool-700-thread-1] INFO  server.RaftServerConfigKeys (ConfUtils.java:logGet(44)) - raft.server.log.statemachine.data.caching.enabled = true (custom)
2022-03-07 09:50:58,113 [pool-700-thread-1] INFO  segmented.SegmentedRaftLogWorker (SegmentedRaftLogWorker.java:lambda$new$0(133)) - edf60a86-ae5b-4f71-bc37-25062be06587@group-B74B02AAA056-SegmentedRaftLogWorker: flushIndex: setUnconditionally 0 -> -1
2022-03-07 09:50:58,113 [pool-700-thread-1] INFO  segmented.SegmentedRaftLogWorker (SegmentedRaftLogWorker.java:lambda$new$0(133)) - edf60a86-ae5b-4f71-bc37-25062be06587@group-B74B02AAA056-SegmentedRaftLogWorker: safeCacheEvictIndex: setUnconditionally 0 -> -1
2022-03-07 09:50:58,113 [pool-700-thread-1] INFO  server.RaftServerConfigKeys (ConfUtils.java:logGet(44)) - raft.server.snapshot.auto.trigger.enabled = true (custom)
2022-03-07 09:50:58,113 [pool-700-thread-1] INFO  server.RaftServerConfigKeys (ConfUtils.java:logGet(44)) - raft.server.snapshot.auto.trigger.threshold = 10000 (custom)
2022-03-07 09:50:58,113 [pool-700-thread-1] INFO  server.RaftServerConfigKeys (ConfUtils.java:logGet(44)) - raft.server.snapshot.retention.file.num = 5 (custom)
2022-03-07 09:50:58,113 [pool-700-thread-1] INFO  server.RaftServerConfigKeys (ConfUtils.java:logGet(44)) - raft.server.log.purge.upto.snapshot.index = false (default)
2022-03-07 09:50:58,113 [pool-700-thread-1] INFO  server.RaftServerConfigKeys (ConfUtils.java:logGet(44)) - raft.server.retrycache.expirytime = 600000ms (custom)
2022-03-07 09:50:58,113 [pool-700-thread-1] INFO  server.RaftServerConfigKeys (ConfUtils.java:logGet(44)) - raft.server.retrycache.statistics.expirytime = 100μs (default)
2022-03-07 09:50:58,115 [pool-700-thread-1] INFO  server.RaftServer$Division (RaftServerImpl.java:start(301)) - edf60a86-ae5b-4f71-bc37-25062be06587@group-B74B02AAA056: start as a follower, conf=-1: [edf60a86-ae5b-4f71-bc37-25062be06587|rpc:10.1.0.49:38621|dataStream:|priority:0, 7fca689d-043b-47bb-bf18-12adf35ba2bc|rpc:10.1.0.49:42461|dataStream:|priority:1, 84008c31-6636-4a62-b386-f7fb7e7ffddc|rpc:10.1.0.49:44263|dataStream:|priority:0], old=null
2022-03-07 09:50:58,115 [pool-700-thread-1] INFO  server.RaftServer$Division (RaftServerImpl.java:setRole(290)) - edf60a86-ae5b-4f71-bc37-25062be06587@group-B74B02AAA056: changes role from      null to FOLLOWER at term 0 for startAsFollower
2022-03-07 09:50:58,115 [pool-700-thread-1] INFO  impl.RoleInfo (RoleInfo.java:updateAndGet(130)) - edf60a86-ae5b-4f71-bc37-25062be06587: start edf60a86-ae5b-4f71-bc37-25062be06587@group-B74B02AAA056-FollowerState
2022-03-07 09:50:58,123 [pool-700-thread-1] INFO  util.JmxRegister (JmxRegister.java:tryRegister(44)) - Successfully registered JMX Bean with object name Ratis:service=RaftServer,group=group-B74B02AAA056,id=edf60a86-ae5b-4f71-bc37-25062be06587
2022-03-07 09:50:58,151 [Command processor thread] INFO  commandhandler.CreatePipelineCommandHandler (CreatePipelineCommandHandler.java:handle(106)) - Created Pipeline RATIS THREE PipelineID=5b1c4279-099c-4815-8e9c-b74b02aaa056.
2022-03-07 09:50:58,151 [Command processor thread] INFO  server.RaftServer (RaftServerProxy.java:addNew(95)) - 7fca689d-043b-47bb-bf18-12adf35ba2bc: addNew group-5B77DECE4517:[edf60a86-ae5b-4f71-bc37-25062be06587|rpc:10.1.0.49:38621|priority:0, 7fca689d-043b-47bb-bf18-12adf35ba2bc|rpc:10.1.0.49:42461|priority:0, 84008c31-6636-4a62-b386-f7fb7e7ffddc|rpc:10.1.0.49:44263|priority:1] returns group-5B77DECE4517:java.util.concurrent.CompletableFuture@13dc1c72[Not completed]
2022-03-07 09:50:58,152 [pool-658-thread-1] INFO  server.RaftServer$Division (RaftServerImpl.java:<init>(184)) - 7fca689d-043b-47bb-bf18-12adf35ba2bc: new RaftServerImpl for group-5B77DECE4517:[edf60a86-ae5b-4f71-bc37-25062be06587|rpc:10.1.0.49:38621|priority:0, 7fca689d-043b-47bb-bf18-12adf35ba2bc|rpc:10.1.0.49:42461|priority:0, 84008c31-6636-4a62-b386-f7fb7e7ffddc|rpc:10.1.0.49:44263|priority:1] with ContainerStateMachine:uninitialized
2022-03-07 09:50:58,152 [pool-658-thread-1] INFO  server.RaftServerConfigKeys (ConfUtils.java:logGet(44)) - raft.server.rpc.timeout.min = 5s (custom)
2022-03-07 09:50:58,152 [pool-658-thread-1] INFO  server.RaftServerConfigKeys (ConfUtils.java:logGet(44)) - raft.server.rpc.timeout.max = 5200ms (custom)
2022-03-07 09:50:58,152 [pool-658-thread-1] INFO  server.RaftServerConfigKeys (ConfUtils.java:logGet(44)) - raft.server.rpc.sleep.time = 25ms (default)
2022-03-07 09:50:58,153 [pool-658-thread-1] INFO  server.RaftServerConfigKeys (ConfUtils.java:logGet(44)) - raft.server.rpc.slowness.timeout = 300000ms (custom)
2022-03-07 09:50:58,153 [pool-658-thread-1] INFO  server.RaftServerConfigKeys (ConfUtils.java:logGet(44)) - raft.server.leaderelection.leader.step-down.wait-time = 10s (default)
2022-03-07 09:50:58,153 [pool-658-thread-1] INFO  server.RaftServerConfigKeys (ConfUtils.java:logGet(44)) - raft.server.sleep.deviation.threshold = 300ms (default)
2022-03-07 09:50:58,153 [pool-658-thread-1] INFO  server.RaftServerConfigKeys (ConfUtils.java:logGet(44)) - raft.server.log.appender.install.snapshot.enabled = false (custom)
2022-03-07 09:50:58,153 [pool-658-thread-1] INFO  server.RaftServer$Division (ServerState.java:<init>(105)) - 7fca689d-043b-47bb-bf18-12adf35ba2bc@group-5B77DECE4517: ConfigurationManager, init=-1: [edf60a86-ae5b-4f71-bc37-25062be06587|rpc:10.1.0.49:38621|priority:0, 7fca689d-043b-47bb-bf18-12adf35ba2bc|rpc:10.1.0.49:42461|priority:0, 84008c31-6636-4a62-b386-f7fb7e7ffddc|rpc:10.1.0.49:44263|priority:1], old=null, confs=<EMPTY_MAP>
2022-03-07 09:50:58,153 [pool-658-thread-1] INFO  server.RaftServerConfigKeys (ConfUtils.java:logGet(44)) - raft.server.storage.dir = [/home/runner/work/ozone/ozone/hadoop-ozone/integration-test/target/test-dir/MiniOzoneClusterImpl-4c099742-f0a8-499d-a606-d482764d36d7/datanode-3/data/ratis] (custom)
2022-03-07 09:50:58,153 [pool-658-thread-1] INFO  server.RaftServerConfigKeys (ConfUtils.java:logGet(44)) - raft.server.log.corruption.policy = EXCEPTION (default)
2022-03-07 09:50:58,153 [pool-658-thread-1] INFO  server.RaftServerConfigKeys (ConfUtils.java:logGet(44)) - raft.server.storage.free-space.min = 0MB (=0) (default)
2022-03-07 09:50:58,153 [pool-658-thread-1] INFO  storage.RaftStorageDirectory (RaftStorageDirectoryImpl.java:analyzeStorage(135)) - The storage directory /home/runner/work/ozone/ozone/hadoop-ozone/integration-test/target/test-dir/MiniOzoneClusterImpl-4c099742-f0a8-499d-a606-d482764d36d7/datanode-3/data/ratis/27d35f41-3a25-4561-aa12-5b77dece4517 does not exist. Creating ...
2022-03-07 09:50:58,161 [pool-658-thread-1] INFO  storage.RaftStorageDirectory (RaftStorageDirectoryImpl.java:tryLock(230)) - Lock on /home/runner/work/ozone/ozone/hadoop-ozone/integration-test/target/test-dir/MiniOzoneClusterImpl-4c099742-f0a8-499d-a606-d482764d36d7/datanode-3/data/ratis/27d35f41-3a25-4561-aa12-5b77dece4517/in_use.lock acquired by nodename 23420@fv-az291-317
2022-03-07 09:50:58,164 [pool-658-thread-1] INFO  storage.RaftStorage (RaftStorageImpl.java:format(89)) - Storage directory /home/runner/work/ozone/ozone/hadoop-ozone/integration-test/target/test-dir/MiniOzoneClusterImpl-4c099742-f0a8-499d-a606-d482764d36d7/datanode-3/data/ratis/27d35f41-3a25-4561-aa12-5b77dece4517 has been successfully formatted.
2022-03-07 09:50:58,165 [pool-658-thread-1] INFO  ratis.ContainerStateMachine (ContainerStateMachine.java:loadSnapshot(236)) - group-5B77DECE4517: The snapshot info is null. Setting the last applied indexto:(t:0, i:~)
2022-03-07 09:50:58,166 [pool-658-thread-1] INFO  server.RaftServerConfigKeys (ConfUtils.java:logGet(44)) - raft.server.notification.no-leader.timeout = 300000ms (custom)
2022-03-07 09:50:58,166 [pool-658-thread-1] INFO  server.RaftServerConfigKeys (ConfUtils.java:logGet(44)) - raft.server.log.use.memory = false (default)
2022-03-07 09:50:58,166 [pool-658-thread-1] INFO  server.RaftServerConfigKeys (ConfUtils.java:logGet(44)) - raft.server.log.purge.gap = 1000000 (custom)
2022-03-07 09:50:58,166 [pool-658-thread-1] INFO  server.RaftServerConfigKeys (ConfUtils.java:logGet(44)) - raft.server.log.appender.buffer.byte-limit = 33554432 (custom)
2022-03-07 09:50:58,166 [EventQueue-OpenPipelineForHealthyPipelineSafeModeRule] INFO  safemode.SCMSafeModeManager (HealthyPipelineSafeModeRule.java:process(124)) - SCM in safe mode. Healthy pipelines reported count is 0, required healthy pipeline reported count is 1
2022-03-07 09:50:58,166 [pool-658-thread-1] INFO  server.RaftServerConfigKeys (ConfUtils.java:logGet(44)) - raft.server.log.segment.size.max = 1048576 (custom)
2022-03-07 09:50:58,167 [pool-658-thread-1] INFO  server.RaftServerConfigKeys (ConfUtils.java:logGet(44)) - raft.server.log.segment.cache.num.max = 2 (custom)
2022-03-07 09:50:58,167 [pool-658-thread-1] INFO  server.RaftServerConfigKeys (ConfUtils.java:logGet(44)) - raft.server.log.segment.cache.size.max = 200MB (=209715200) (default)
2022-03-07 09:50:58,167 [pool-658-thread-1] INFO  segmented.SegmentedRaftLogWorker (SegmentedRaftLogWorker.java:<init>(182)) - new 7fca689d-043b-47bb-bf18-12adf35ba2bc@group-5B77DECE4517-SegmentedRaftLogWorker for RaftStorageImpl:Storage Directory /home/runner/work/ozone/ozone/hadoop-ozone/integration-test/target/test-dir/MiniOzoneClusterImpl-4c099742-f0a8-499d-a606-d482764d36d7/datanode-3/data/ratis/27d35f41-3a25-4561-aa12-5b77dece4517
2022-03-07 09:50:58,167 [pool-658-thread-1] INFO  server.RaftServerConfigKeys (ConfUtils.java:logGet(44)) - raft.server.log.queue.byte-limit = 4294967296 (custom)
2022-03-07 09:50:58,167 [pool-658-thread-1] INFO  server.RaftServerConfigKeys (ConfUtils.java:logGet(44)) - raft.server.log.queue.element-limit = 1024 (custom)
2022-03-07 09:50:58,167 [pool-658-thread-1] INFO  server.RaftServerConfigKeys (ConfUtils.java:logGet(44)) - raft.server.log.segment.size.max = 1048576 (custom)
2022-03-07 09:50:58,167 [pool-658-thread-1] INFO  server.RaftServerConfigKeys (ConfUtils.java:logGet(44)) - raft.server.log.preallocated.size = 16384 (custom)
2022-03-07 09:50:58,167 [pool-658-thread-1] INFO  server.RaftServerConfigKeys (ConfUtils.java:logGet(44)) - raft.server.log.force.sync.num = 128 (default)
2022-03-07 09:50:58,167 [pool-658-thread-1] INFO  server.RaftServerConfigKeys (ConfUtils.java:logGet(44)) - raft.server.log.statemachine.data.sync = true (default)
2022-03-07 09:50:58,167 [pool-658-thread-1] INFO  server.RaftServerConfigKeys (ConfUtils.java:logGet(44)) - raft.server.log.statemachine.data.sync.timeout = 10s (default)
2022-03-07 09:50:58,167 [pool-658-thread-1] INFO  server.RaftServerConfigKeys (ConfUtils.java:logGet(44)) - raft.server.log.statemachine.data.sync.timeout.retry = -1 (default)
2022-03-07 09:50:58,168 [pool-658-thread-1] INFO  server.RaftServerConfigKeys (ConfUtils.java:logGet(44)) - raft.server.log.write.buffer.size = 1048576 (custom)
2022-03-07 09:50:58,169 [pool-658-thread-1] INFO  server.RaftServerConfigKeys (ConfUtils.java:logGet(44)) - raft.server.log.statemachine.data.caching.enabled = true (custom)
2022-03-07 09:50:58,169 [pool-658-thread-1] INFO  segmented.SegmentedRaftLogWorker (SegmentedRaftLogWorker.java:lambda$new$0(133)) - 7fca689d-043b-47bb-bf18-12adf35ba2bc@group-5B77DECE4517-SegmentedRaftLogWorker: flushIndex: setUnconditionally 0 -> -1
2022-03-07 09:50:58,169 [pool-658-thread-1] INFO  segmented.SegmentedRaftLogWorker (SegmentedRaftLogWorker.java:lambda$new$0(133)) - 7fca689d-043b-47bb-bf18-12adf35ba2bc@group-5B77DECE4517-SegmentedRaftLogWorker: safeCacheEvictIndex: setUnconditionally 0 -> -1
2022-03-07 09:50:58,186 [pool-658-thread-1] INFO  server.RaftServerConfigKeys (ConfUtils.java:logGet(44)) - raft.server.snapshot.auto.trigger.enabled = true (custom)
2022-03-07 09:50:58,186 [pool-658-thread-1] INFO  server.RaftServerConfigKeys (ConfUtils.java:logGet(44)) - raft.server.snapshot.auto.trigger.threshold = 10000 (custom)
2022-03-07 09:50:58,186 [pool-658-thread-1] INFO  server.RaftServerConfigKeys (ConfUtils.java:logGet(44)) - raft.server.snapshot.retention.file.num = 5 (custom)
2022-03-07 09:50:58,186 [pool-658-thread-1] INFO  server.RaftServerConfigKeys (ConfUtils.java:logGet(44)) - raft.server.log.purge.upto.snapshot.index = false (default)
2022-03-07 09:50:58,186 [pool-658-thread-1] INFO  server.RaftServerConfigKeys (ConfUtils.java:logGet(44)) - raft.server.retrycache.expirytime = 600000ms (custom)
2022-03-07 09:50:58,186 [pool-658-thread-1] INFO  server.RaftServerConfigKeys (ConfUtils.java:logGet(44)) - raft.server.retrycache.statistics.expirytime = 100μs (default)
2022-03-07 09:50:58,187 [pool-658-thread-1] INFO  server.RaftServer$Division (RaftServerImpl.java:start(301)) - 7fca689d-043b-47bb-bf18-12adf35ba2bc@group-5B77DECE4517: start as a follower, conf=-1: [edf60a86-ae5b-4f71-bc37-25062be06587|rpc:10.1.0.49:38621|priority:0, 7fca689d-043b-47bb-bf18-12adf35ba2bc|rpc:10.1.0.49:42461|priority:0, 84008c31-6636-4a62-b386-f7fb7e7ffddc|rpc:10.1.0.49:44263|priority:1], old=null
2022-03-07 09:50:58,187 [pool-658-thread-1] INFO  server.RaftServer$Division (RaftServerImpl.java:setRole(290)) - 7fca689d-043b-47bb-bf18-12adf35ba2bc@group-5B77DECE4517: changes role from      null to FOLLOWER at term 0 for startAsFollower
2022-03-07 09:50:58,187 [pool-658-thread-1] INFO  impl.RoleInfo (RoleInfo.java:updateAndGet(130)) - 7fca689d-043b-47bb-bf18-12adf35ba2bc: start 7fca689d-043b-47bb-bf18-12adf35ba2bc@group-5B77DECE4517-FollowerState
2022-03-07 09:50:58,193 [pool-658-thread-1] INFO  util.JmxRegister (JmxRegister.java:tryRegister(44)) - Successfully registered JMX Bean with object name Ratis:service=RaftServer,group=group-5B77DECE4517,id=7fca689d-043b-47bb-bf18-12adf35ba2bc
2022-03-07 09:50:58,200 [Command processor thread] INFO  ratis.XceiverServerRatis (XceiverServerRatis.java:addGroup(769)) - Created group PipelineID=27d35f41-3a25-4561-aa12-5b77dece4517
2022-03-07 09:50:58,227 [grpc-default-executor-2] INFO  server.RaftServer (RaftServerProxy.java:addNew(95)) - 84008c31-6636-4a62-b386-f7fb7e7ffddc: addNew group-5B77DECE4517:[edf60a86-ae5b-4f71-bc37-25062be06587|rpc:10.1.0.49:38621|dataStream:|priority:0, 7fca689d-043b-47bb-bf18-12adf35ba2bc|rpc:10.1.0.49:42461|dataStream:|priority:0, 84008c31-6636-4a62-b386-f7fb7e7ffddc|rpc:10.1.0.49:44263|dataStream:|priority:1] returns group-5B77DECE4517:java.util.concurrent.CompletableFuture@4d4db7e1[Not completed]
2022-03-07 09:50:58,228 [pool-679-thread-1] INFO  server.RaftServer$Division (RaftServerImpl.java:<init>(184)) - 84008c31-6636-4a62-b386-f7fb7e7ffddc: new RaftServerImpl for group-5B77DECE4517:[edf60a86-ae5b-4f71-bc37-25062be06587|rpc:10.1.0.49:38621|dataStream:|priority:0, 7fca689d-043b-47bb-bf18-12adf35ba2bc|rpc:10.1.0.49:42461|dataStream:|priority:0, 84008c31-6636-4a62-b386-f7fb7e7ffddc|rpc:10.1.0.49:44263|dataStream:|priority:1] with ContainerStateMachine:uninitialized
2022-03-07 09:50:58,228 [pool-679-thread-1] INFO  server.RaftServerConfigKeys (ConfUtils.java:logGet(44)) - raft.server.rpc.timeout.min = 5s (custom)
2022-03-07 09:50:58,228 [pool-679-thread-1] INFO  server.RaftServerConfigKeys (ConfUtils.java:logGet(44)) - raft.server.rpc.timeout.max = 5200ms (custom)
2022-03-07 09:50:58,228 [pool-679-thread-1] INFO  server.RaftServerConfigKeys (ConfUtils.java:logGet(44)) - raft.server.rpc.sleep.time = 25ms (default)
2022-03-07 09:50:58,228 [pool-679-thread-1] INFO  server.RaftServerConfigKeys (ConfUtils.java:logGet(44)) - raft.server.rpc.slowness.timeout = 300000ms (custom)
2022-03-07 09:50:58,228 [pool-679-thread-1] INFO  server.RaftServerConfigKeys (ConfUtils.java:logGet(44)) - raft.server.leaderelection.leader.step-down.wait-time = 10s (default)
2022-03-07 09:50:58,228 [pool-679-thread-1] INFO  server.RaftServerConfigKeys (ConfUtils.java:logGet(44)) - raft.server.sleep.deviation.threshold = 300ms (default)
2022-03-07 09:50:58,228 [pool-679-thread-1] INFO  server.RaftServerConfigKeys (ConfUtils.java:logGet(44)) - raft.server.log.appender.install.snapshot.enabled = false (custom)
2022-03-07 09:50:58,228 [pool-679-thread-1] INFO  server.RaftServer$Division (ServerState.java:<init>(105)) - 84008c31-6636-4a62-b386-f7fb7e7ffddc@group-5B77DECE4517: ConfigurationManager, init=-1: [edf60a86-ae5b-4f71-bc37-25062be06587|rpc:10.1.0.49:38621|dataStream:|priority:0, 7fca689d-043b-47bb-bf18-12adf35ba2bc|rpc:10.1.0.49:42461|dataStream:|priority:0, 84008c31-6636-4a62-b386-f7fb7e7ffddc|rpc:10.1.0.49:44263|dataStream:|priority:1], old=null, confs=<EMPTY_MAP>
2022-03-07 09:50:58,228 [pool-679-thread-1] INFO  server.RaftServerConfigKeys (ConfUtils.java:logGet(44)) - raft.server.storage.dir = [/home/runner/work/ozone/ozone/hadoop-ozone/integration-test/target/test-dir/MiniOzoneClusterImpl-4c099742-f0a8-499d-a606-d482764d36d7/datanode-4/data/ratis] (custom)
2022-03-07 09:50:58,228 [pool-679-thread-1] INFO  server.RaftServerConfigKeys (ConfUtils.java:logGet(44)) - raft.server.log.corruption.policy = EXCEPTION (default)
2022-03-07 09:50:58,228 [pool-679-thread-1] INFO  server.RaftServerConfigKeys (ConfUtils.java:logGet(44)) - raft.server.storage.free-space.min = 0MB (=0) (default)
2022-03-07 09:50:58,228 [pool-679-thread-1] INFO  storage.RaftStorageDirectory (RaftStorageDirectoryImpl.java:analyzeStorage(135)) - The storage directory /home/runner/work/ozone/ozone/hadoop-ozone/integration-test/target/test-dir/MiniOzoneClusterImpl-4c099742-f0a8-499d-a606-d482764d36d7/datanode-4/data/ratis/27d35f41-3a25-4561-aa12-5b77dece4517 does not exist. Creating ...
2022-03-07 09:50:58,230 [pool-679-thread-1] INFO  storage.RaftStorageDirectory (RaftStorageDirectoryImpl.java:tryLock(230)) - Lock on /home/runner/work/ozone/ozone/hadoop-ozone/integration-test/target/test-dir/MiniOzoneClusterImpl-4c099742-f0a8-499d-a606-d482764d36d7/datanode-4/data/ratis/27d35f41-3a25-4561-aa12-5b77dece4517/in_use.lock acquired by nodename 23420@fv-az291-317
2022-03-07 09:50:58,233 [pool-679-thread-1] INFO  storage.RaftStorage (RaftStorageImpl.java:format(89)) - Storage directory /home/runner/work/ozone/ozone/hadoop-ozone/integration-test/target/test-dir/MiniOzoneClusterImpl-4c099742-f0a8-499d-a606-d482764d36d7/datanode-4/data/ratis/27d35f41-3a25-4561-aa12-5b77dece4517 has been successfully formatted.
2022-03-07 09:50:58,233 [pool-679-thread-1] INFO  ratis.ContainerStateMachine (ContainerStateMachine.java:loadSnapshot(236)) - group-5B77DECE4517: The snapshot info is null. Setting the last applied indexto:(t:0, i:~)
2022-03-07 09:50:58,234 [pool-679-thread-1] INFO  server.RaftServerConfigKeys (ConfUtils.java:logGet(44)) - raft.server.notification.no-leader.timeout = 300000ms (custom)
2022-03-07 09:50:58,234 [pool-679-thread-1] INFO  server.RaftServerConfigKeys (ConfUtils.java:logGet(44)) - raft.server.log.use.memory = false (default)
2022-03-07 09:50:58,234 [pool-679-thread-1] INFO  server.RaftServerConfigKeys (ConfUtils.java:logGet(44)) - raft.server.log.purge.gap = 1000000 (custom)
2022-03-07 09:50:58,234 [pool-679-thread-1] INFO  server.RaftServerConfigKeys (ConfUtils.java:logGet(44)) - raft.server.log.appender.buffer.byte-limit = 33554432 (custom)
2022-03-07 09:50:58,234 [pool-679-thread-1] INFO  server.RaftServerConfigKeys (ConfUtils.java:logGet(44)) - raft.server.log.segment.size.max = 1048576 (custom)
2022-03-07 09:50:58,234 [pool-679-thread-1] INFO  server.RaftServerConfigKeys (ConfUtils.java:logGet(44)) - raft.server.log.segment.cache.num.max = 2 (custom)
2022-03-07 09:50:58,234 [pool-679-thread-1] INFO  server.RaftServerConfigKeys (ConfUtils.java:logGet(44)) - raft.server.log.segment.cache.size.max = 200MB (=209715200) (default)
2022-03-07 09:50:58,234 [pool-679-thread-1] INFO  segmented.SegmentedRaftLogWorker (SegmentedRaftLogWorker.java:<init>(182)) - new 84008c31-6636-4a62-b386-f7fb7e7ffddc@group-5B77DECE4517-SegmentedRaftLogWorker for RaftStorageImpl:Storage Directory /home/runner/work/ozone/ozone/hadoop-ozone/integration-test/target/test-dir/MiniOzoneClusterImpl-4c099742-f0a8-499d-a606-d482764d36d7/datanode-4/data/ratis/27d35f41-3a25-4561-aa12-5b77dece4517
2022-03-07 09:50:58,234 [pool-679-thread-1] INFO  server.RaftServerConfigKeys (ConfUtils.java:logGet(44)) - raft.server.log.queue.byte-limit = 4294967296 (custom)
2022-03-07 09:50:58,234 [pool-679-thread-1] INFO  server.RaftServerConfigKeys (ConfUtils.java:logGet(44)) - raft.server.log.queue.element-limit = 1024 (custom)
2022-03-07 09:50:58,235 [pool-679-thread-1] INFO  server.RaftServerConfigKeys (ConfUtils.java:logGet(44)) - raft.server.log.segment.size.max = 1048576 (custom)
2022-03-07 09:50:58,235 [pool-679-thread-1] INFO  server.RaftServerConfigKeys (ConfUtils.java:logGet(44)) - raft.server.log.preallocated.size = 16384 (custom)
2022-03-07 09:50:58,235 [pool-679-thread-1] INFO  server.RaftServerConfigKeys (ConfUtils.java:logGet(44)) - raft.server.log.force.sync.num = 128 (default)
2022-03-07 09:50:58,235 [pool-679-thread-1] INFO  server.RaftServerConfigKeys (ConfUtils.java:logGet(44)) - raft.server.log.statemachine.data.sync = true (default)
2022-03-07 09:50:58,235 [pool-679-thread-1] INFO  server.RaftServerConfigKeys (ConfUtils.java:logGet(44)) - raft.server.log.statemachine.data.sync.timeout = 10s (default)
2022-03-07 09:50:58,235 [pool-679-thread-1] INFO  server.RaftServerConfigKeys (ConfUtils.java:logGet(44)) - raft.server.log.statemachine.data.sync.timeout.retry = -1 (default)
2022-03-07 09:50:58,236 [pool-679-thread-1] INFO  server.RaftServerConfigKeys (ConfUtils.java:logGet(44)) - raft.server.log.write.buffer.size = 1048576 (custom)
2022-03-07 09:50:58,236 [pool-679-thread-1] INFO  server.RaftServerConfigKeys (ConfUtils.java:logGet(44)) - raft.server.log.statemachine.data.caching.enabled = true (custom)
2022-03-07 09:50:58,236 [pool-679-thread-1] INFO  segmented.SegmentedRaftLogWorker (SegmentedRaftLogWorker.java:lambda$new$0(133)) - 84008c31-6636-4a62-b386-f7fb7e7ffddc@group-5B77DECE4517-SegmentedRaftLogWorker: flushIndex: setUnconditionally 0 -> -1
2022-03-07 09:50:58,236 [pool-679-thread-1] INFO  segmented.SegmentedRaftLogWorker (SegmentedRaftLogWorker.java:lambda$new$0(133)) - 84008c31-6636-4a62-b386-f7fb7e7ffddc@group-5B77DECE4517-SegmentedRaftLogWorker: safeCacheEvictIndex: setUnconditionally 0 -> -1
2022-03-07 09:50:58,244 [pool-679-thread-1] INFO  server.RaftServerConfigKeys (ConfUtils.java:logGet(44)) - raft.server.snapshot.auto.trigger.enabled = true (custom)
2022-03-07 09:50:58,244 [pool-679-thread-1] INFO  server.RaftServerConfigKeys (ConfUtils.java:logGet(44)) - raft.server.snapshot.auto.trigger.threshold = 10000 (custom)
2022-03-07 09:50:58,244 [pool-679-thread-1] INFO  server.RaftServerConfigKeys (ConfUtils.java:logGet(44)) - raft.server.snapshot.retention.file.num = 5 (custom)
2022-03-07 09:50:58,244 [pool-679-thread-1] INFO  server.RaftServerConfigKeys (ConfUtils.java:logGet(44)) - raft.server.log.purge.upto.snapshot.index = false (default)
2022-03-07 09:50:58,244 [pool-679-thread-1] INFO  server.RaftServerConfigKeys (ConfUtils.java:logGet(44)) - raft.server.retrycache.expirytime = 600000ms (custom)
2022-03-07 09:50:58,244 [pool-679-thread-1] INFO  server.RaftServerConfigKeys (ConfUtils.java:logGet(44)) - raft.server.retrycache.statistics.expirytime = 100μs (default)
2022-03-07 09:50:58,245 [pool-679-thread-1] INFO  server.RaftServer$Division (RaftServerImpl.java:start(301)) - 84008c31-6636-4a62-b386-f7fb7e7ffddc@group-5B77DECE4517: start as a follower, conf=-1: [edf60a86-ae5b-4f71-bc37-25062be06587|rpc:10.1.0.49:38621|dataStream:|priority:0, 7fca689d-043b-47bb-bf18-12adf35ba2bc|rpc:10.1.0.49:42461|dataStream:|priority:0, 84008c31-6636-4a62-b386-f7fb7e7ffddc|rpc:10.1.0.49:44263|dataStream:|priority:1], old=null
2022-03-07 09:50:58,245 [pool-679-thread-1] INFO  server.RaftServer$Division (RaftServerImpl.java:setRole(290)) - 84008c31-6636-4a62-b386-f7fb7e7ffddc@group-5B77DECE4517: changes role from      null to FOLLOWER at term 0 for startAsFollower
2022-03-07 09:50:58,245 [pool-679-thread-1] INFO  impl.RoleInfo (RoleInfo.java:updateAndGet(130)) - 84008c31-6636-4a62-b386-f7fb7e7ffddc: start 84008c31-6636-4a62-b386-f7fb7e7ffddc@group-5B77DECE4517-FollowerState
2022-03-07 09:50:58,251 [Command processor thread] INFO  server.RaftServer (RaftServerProxy.java:addNew(95)) - 84008c31-6636-4a62-b386-f7fb7e7ffddc: addNew group-C003513866D6:[84008c31-6636-4a62-b386-f7fb7e7ffddc|rpc:10.1.0.49:44263|priority:1] returns group-C003513866D6:java.util.concurrent.CompletableFuture@fc0ab4b[Not completed]
2022-03-07 09:50:58,252 [pool-679-thread-1] INFO  util.JmxRegister (JmxRegister.java:tryRegister(44)) - Successfully registered JMX Bean with object name Ratis:service=RaftServer,group=group-5B77DECE4517,id=84008c31-6636-4a62-b386-f7fb7e7ffddc
2022-03-07 09:50:58,258 [pool-679-thread-1] INFO  server.RaftServer$Division (RaftServerImpl.java:<init>(184)) - 84008c31-6636-4a62-b386-f7fb7e7ffddc: new RaftServerImpl for group-C003513866D6:[84008c31-6636-4a62-b386-f7fb7e7ffddc|rpc:10.1.0.49:44263|priority:1] with ContainerStateMachine:uninitialized
2022-03-07 09:50:58,258 [pool-679-thread-1] INFO  server.RaftServerConfigKeys (ConfUtils.java:logGet(44)) - raft.server.rpc.timeout.min = 5s (custom)
2022-03-07 09:50:58,258 [pool-679-thread-1] INFO  server.RaftServerConfigKeys (ConfUtils.java:logGet(44)) - raft.server.rpc.timeout.max = 5200ms (custom)
2022-03-07 09:50:58,258 [pool-679-thread-1] INFO  server.RaftServerConfigKeys (ConfUtils.java:logGet(44)) - raft.server.rpc.sleep.time = 25ms (default)
2022-03-07 09:50:58,258 [pool-679-thread-1] INFO  server.RaftServerConfigKeys (ConfUtils.java:logGet(44)) - raft.server.rpc.slowness.timeout = 300000ms (custom)
2022-03-07 09:50:58,258 [pool-679-thread-1] INFO  server.RaftServerConfigKeys (ConfUtils.java:logGet(44)) - raft.server.leaderelection.leader.step-down.wait-time = 10s (default)
2022-03-07 09:50:58,258 [pool-679-thread-1] INFO  server.RaftServerConfigKeys (ConfUtils.java:logGet(44)) - raft.server.sleep.deviation.threshold = 300ms (default)
2022-03-07 09:50:58,258 [pool-679-thread-1] INFO  server.RaftServerConfigKeys (ConfUtils.java:logGet(44)) - raft.server.log.appender.install.snapshot.enabled = false (custom)
2022-03-07 09:50:58,258 [pool-679-thread-1] INFO  server.RaftServer$Division (ServerState.java:<init>(105)) - 84008c31-6636-4a62-b386-f7fb7e7ffddc@group-C003513866D6: ConfigurationManager, init=-1: [84008c31-6636-4a62-b386-f7fb7e7ffddc|rpc:10.1.0.49:44263|priority:1], old=null, confs=<EMPTY_MAP>
2022-03-07 09:50:58,258 [pool-679-thread-1] INFO  server.RaftServerConfigKeys (ConfUtils.java:logGet(44)) - raft.server.storage.dir = [/home/runner/work/ozone/ozone/hadoop-ozone/integration-test/target/test-dir/MiniOzoneClusterImpl-4c099742-f0a8-499d-a606-d482764d36d7/datanode-4/data/ratis] (custom)
2022-03-07 09:50:58,258 [pool-679-thread-1] INFO  server.RaftServerConfigKeys (ConfUtils.java:logGet(44)) - raft.server.log.corruption.policy = EXCEPTION (default)
2022-03-07 09:50:58,258 [pool-679-thread-1] INFO  server.RaftServerConfigKeys (ConfUtils.java:logGet(44)) - raft.server.storage.free-space.min = 0MB (=0) (default)
2022-03-07 09:50:58,258 [pool-679-thread-1] INFO  storage.RaftStorageDirectory (RaftStorageDirectoryImpl.java:analyzeStorage(135)) - The storage directory /home/runner/work/ozone/ozone/hadoop-ozone/integration-test/target/test-dir/MiniOzoneClusterImpl-4c099742-f0a8-499d-a606-d482764d36d7/datanode-4/data/ratis/b21d2323-80ac-42b3-81aa-c003513866d6 does not exist. Creating ...
2022-03-07 09:50:58,264 [pool-679-thread-1] INFO  storage.RaftStorageDirectory (RaftStorageDirectoryImpl.java:tryLock(230)) - Lock on /home/runner/work/ozone/ozone/hadoop-ozone/integration-test/target/test-dir/MiniOzoneClusterImpl-4c099742-f0a8-499d-a606-d482764d36d7/datanode-4/data/ratis/b21d2323-80ac-42b3-81aa-c003513866d6/in_use.lock acquired by nodename 23420@fv-az291-317
2022-03-07 09:50:58,266 [pool-679-thread-1] INFO  storage.RaftStorage (RaftStorageImpl.java:format(89)) - Storage directory /home/runner/work/ozone/ozone/hadoop-ozone/integration-test/target/test-dir/MiniOzoneClusterImpl-4c099742-f0a8-499d-a606-d482764d36d7/datanode-4/data/ratis/b21d2323-80ac-42b3-81aa-c003513866d6 has been successfully formatted.
2022-03-07 09:50:58,266 [pool-679-thread-1] INFO  ratis.ContainerStateMachine (ContainerStateMachine.java:loadSnapshot(236)) - group-C003513866D6: The snapshot info is null. Setting the last applied indexto:(t:0, i:~)
2022-03-07 09:50:58,267 [EventQueue-PipelineReportForPipelineReportHandler] INFO  pipeline.PipelineManagerImpl (PipelineManagerImpl.java:openPipeline(291)) - Pipeline Pipeline[ Id: b21d2323-80ac-42b3-81aa-c003513866d6, Nodes: 84008c31-6636-4a62-b386-f7fb7e7ffddc{ip: 10.1.0.49, host: fv-az291-317.wgnan5asplgejimfprtllbpdch.jx.internal.cloudapp.net, ports: [REPLICATION=42827, RATIS=44263, RATIS_ADMIN=44263, RATIS_SERVER=44263, STANDALONE=33245], networkLocation: /default-rack, certSerialId: null, persistedOpState: IN_SERVICE, persistedOpStateExpiryEpochSec: 0}, ReplicationConfig: RATIS/ONE, State:ALLOCATED, leaderId:84008c31-6636-4a62-b386-f7fb7e7ffddc, CreationTimestamp2022-03-07T09:50:55.253Z[Etc/UTC]] moved to OPEN state
2022-03-07 09:50:58,270 [pool-679-thread-1] INFO  server.RaftServerConfigKeys (ConfUtils.java:logGet(44)) - raft.server.notification.no-leader.timeout = 300000ms (custom)
2022-03-07 09:50:58,270 [9fd2d42e-0817-4c6b-b2b7-8c945e0a68b4@group-D482764D36D7-StateMachineUpdater] INFO  safemode.HealthyPipelineSafeModeRule (HealthyPipelineSafeModeRule.java:initializeRule(152)) - Refreshed total pipeline count is 0, healthy pipeline threshold count is 1
2022-03-07 09:50:58,271 [EventQueue-OpenPipelineForHealthyPipelineSafeModeRule] INFO  safemode.SCMSafeModeManager (HealthyPipelineSafeModeRule.java:process(124)) - SCM in safe mode. Healthy pipelines reported count is 0, required healthy pipeline reported count is 1
2022-03-07 09:50:58,271 [pool-679-thread-1] INFO  server.RaftServerConfigKeys (ConfUtils.java:logGet(44)) - raft.server.log.use.memory = false (default)
2022-03-07 09:50:58,271 [pool-679-thread-1] INFO  server.RaftServerConfigKeys (ConfUtils.java:logGet(44)) - raft.server.log.purge.gap = 1000000 (custom)
2022-03-07 09:50:58,271 [pool-679-thread-1] INFO  server.RaftServerConfigKeys (ConfUtils.java:logGet(44)) - raft.server.log.appender.buffer.byte-limit = 33554432 (custom)
2022-03-07 09:50:58,271 [pool-679-thread-1] INFO  server.RaftServerConfigKeys (ConfUtils.java:logGet(44)) - raft.server.log.segment.size.max = 1048576 (custom)
2022-03-07 09:50:58,271 [pool-679-thread-1] INFO  server.RaftServerConfigKeys (ConfUtils.java:logGet(44)) - raft.server.log.segment.cache.num.max = 2 (custom)
2022-03-07 09:50:58,271 [pool-679-thread-1] INFO  server.RaftServerConfigKeys (ConfUtils.java:logGet(44)) - raft.server.log.segment.cache.size.max = 200MB (=209715200) (default)
2022-03-07 09:50:58,272 [pool-679-thread-1] INFO  segmented.SegmentedRaftLogWorker (SegmentedRaftLogWorker.java:<init>(182)) - new 84008c31-6636-4a62-b386-f7fb7e7ffddc@group-C003513866D6-SegmentedRaftLogWorker for RaftStorageImpl:Storage Directory /home/runner/work/ozone/ozone/hadoop-ozone/integration-test/target/test-dir/MiniOzoneClusterImpl-4c099742-f0a8-499d-a606-d482764d36d7/datanode-4/data/ratis/b21d2323-80ac-42b3-81aa-c003513866d6
2022-03-07 09:50:58,272 [pool-679-thread-1] INFO  server.RaftServerConfigKeys (ConfUtils.java:logGet(44)) - raft.server.log.queue.byte-limit = 4294967296 (custom)
2022-03-07 09:50:58,272 [pool-679-thread-1] INFO  server.RaftServerConfigKeys (ConfUtils.java:logGet(44)) - raft.server.log.queue.element-limit = 1024 (custom)
2022-03-07 09:50:58,272 [pool-679-thread-1] INFO  server.RaftServerConfigKeys (ConfUtils.java:logGet(44)) - raft.server.log.segment.size.max = 1048576 (custom)
2022-03-07 09:50:58,272 [pool-679-thread-1] INFO  server.RaftServerConfigKeys (ConfUtils.java:logGet(44)) - raft.server.log.preallocated.size = 16384 (custom)
2022-03-07 09:50:58,272 [pool-679-thread-1] INFO  server.RaftServerConfigKeys (ConfUtils.java:logGet(44)) - raft.server.log.force.sync.num = 128 (default)
2022-03-07 09:50:58,272 [pool-679-thread-1] INFO  server.RaftServerConfigKeys (ConfUtils.java:logGet(44)) - raft.server.log.statemachine.data.sync = true (default)
2022-03-07 09:50:58,272 [pool-679-thread-1] INFO  server.RaftServerConfigKeys (ConfUtils.java:logGet(44)) - raft.server.log.statemachine.data.sync.timeout = 10s (default)
2022-03-07 09:50:58,272 [pool-679-thread-1] INFO  server.RaftServerConfigKeys (ConfUtils.java:logGet(44)) - raft.server.log.statemachine.data.sync.timeout.retry = -1 (default)
2022-03-07 09:50:58,273 [pool-679-thread-1] INFO  server.RaftServerConfigKeys (ConfUtils.java:logGet(44)) - raft.server.log.write.buffer.size = 1048576 (custom)
2022-03-07 09:50:58,273 [pool-679-thread-1] INFO  server.RaftServerConfigKeys (ConfUtils.java:logGet(44)) - raft.server.log.statemachine.data.caching.enabled = true (custom)
2022-03-07 09:50:58,274 [pool-679-thread-1] INFO  segmented.SegmentedRaftLogWorker (SegmentedRaftLogWorker.java:lambda$new$0(133)) - 84008c31-6636-4a62-b386-f7fb7e7ffddc@group-C003513866D6-SegmentedRaftLogWorker: flushIndex: setUnconditionally 0 -> -1
2022-03-07 09:50:58,274 [pool-679-thread-1] INFO  segmented.SegmentedRaftLogWorker (SegmentedRaftLogWorker.java:lambda$new$0(133)) - 84008c31-6636-4a62-b386-f7fb7e7ffddc@group-C003513866D6-SegmentedRaftLogWorker: safeCacheEvictIndex: setUnconditionally 0 -> -1
2022-03-07 09:50:58,287 [pool-679-thread-1] INFO  server.RaftServerConfigKeys (ConfUtils.java:logGet(44)) - raft.server.snapshot.auto.trigger.enabled = true (custom)
2022-03-07 09:50:58,287 [pool-679-thread-1] INFO  server.RaftServerConfigKeys (ConfUtils.java:logGet(44)) - raft.server.snapshot.auto.trigger.threshold = 10000 (custom)
2022-03-07 09:50:58,288 [pool-679-thread-1] INFO  server.RaftServerConfigKeys (ConfUtils.java:logGet(44)) - raft.server.snapshot.retention.file.num = 5 (custom)
2022-03-07 09:50:58,288 [pool-679-thread-1] INFO  server.RaftServerConfigKeys (ConfUtils.java:logGet(44)) - raft.server.log.purge.upto.snapshot.index = false (default)
2022-03-07 09:50:58,288 [pool-679-thread-1] INFO  server.RaftServerConfigKeys (ConfUtils.java:logGet(44)) - raft.server.retrycache.expirytime = 600000ms (custom)
2022-03-07 09:50:58,288 [pool-679-thread-1] INFO  server.RaftServerConfigKeys (ConfUtils.java:logGet(44)) - raft.server.retrycache.statistics.expirytime = 100μs (default)
2022-03-07 09:50:58,309 [pool-679-thread-1] INFO  server.RaftServer$Division (RaftServerImpl.java:start(301)) - 84008c31-6636-4a62-b386-f7fb7e7ffddc@group-C003513866D6: start as a follower, conf=-1: [84008c31-6636-4a62-b386-f7fb7e7ffddc|rpc:10.1.0.49:44263|priority:1], old=null
2022-03-07 09:50:58,312 [pool-679-thread-1] INFO  server.RaftServer$Division (RaftServerImpl.java:setRole(290)) - 84008c31-6636-4a62-b386-f7fb7e7ffddc@group-C003513866D6: changes role from      null to FOLLOWER at term 0 for startAsFollower
2022-03-07 09:50:58,312 [pool-679-thread-1] INFO  impl.RoleInfo (RoleInfo.java:updateAndGet(130)) - 84008c31-6636-4a62-b386-f7fb7e7ffddc: start 84008c31-6636-4a62-b386-f7fb7e7ffddc@group-C003513866D6-FollowerState
2022-03-07 09:50:58,314 [pool-679-thread-1] INFO  util.JmxRegister (JmxRegister.java:tryRegister(44)) - Successfully registered JMX Bean with object name Ratis:service=RaftServer,group=group-C003513866D6,id=84008c31-6636-4a62-b386-f7fb7e7ffddc
2022-03-07 09:50:58,315 [Command processor thread] INFO  ratis.XceiverServerRatis (XceiverServerRatis.java:addGroup(769)) - Created group PipelineID=b21d2323-80ac-42b3-81aa-c003513866d6
2022-03-07 09:50:58,315 [Command processor thread] INFO  commandhandler.CreatePipelineCommandHandler (CreatePipelineCommandHandler.java:handle(106)) - Created Pipeline RATIS ONE PipelineID=b21d2323-80ac-42b3-81aa-c003513866d6.
2022-03-07 09:50:58,315 [Command processor thread] INFO  server.RaftServer (RaftServerProxy.java:addNew(95)) - 84008c31-6636-4a62-b386-f7fb7e7ffddc: addNew group-7EB04D50015F:[edf60a86-ae5b-4f71-bc37-25062be06587|rpc:10.1.0.49:38621|priority:1, 7fca689d-043b-47bb-bf18-12adf35ba2bc|rpc:10.1.0.49:42461|priority:0, 84008c31-6636-4a62-b386-f7fb7e7ffddc|rpc:10.1.0.49:44263|priority:0] returns group-7EB04D50015F:java.util.concurrent.CompletableFuture@10744c3[Not completed]
2022-03-07 09:50:58,316 [pool-679-thread-1] INFO  server.RaftServer$Division (RaftServerImpl.java:<init>(184)) - 84008c31-6636-4a62-b386-f7fb7e7ffddc: new RaftServerImpl for group-7EB04D50015F:[edf60a86-ae5b-4f71-bc37-25062be06587|rpc:10.1.0.49:38621|priority:1, 7fca689d-043b-47bb-bf18-12adf35ba2bc|rpc:10.1.0.49:42461|priority:0, 84008c31-6636-4a62-b386-f7fb7e7ffddc|rpc:10.1.0.49:44263|priority:0] with ContainerStateMachine:uninitialized
2022-03-07 09:50:58,316 [pool-679-thread-1] INFO  server.RaftServerConfigKeys (ConfUtils.java:logGet(44)) - raft.server.rpc.timeout.min = 5s (custom)
2022-03-07 09:50:58,316 [pool-679-thread-1] INFO  server.RaftServerConfigKeys (ConfUtils.java:logGet(44)) - raft.server.rpc.timeout.max = 5200ms (custom)
2022-03-07 09:50:58,316 [pool-679-thread-1] INFO  server.RaftServerConfigKeys (ConfUtils.java:logGet(44)) - raft.server.rpc.sleep.time = 25ms (default)
2022-03-07 09:50:58,316 [pool-679-thread-1] INFO  server.RaftServerConfigKeys (ConfUtils.java:logGet(44)) - raft.server.rpc.slowness.timeout = 300000ms (custom)
2022-03-07 09:50:58,316 [pool-679-thread-1] INFO  server.RaftServerConfigKeys (ConfUtils.java:logGet(44)) - raft.server.leaderelection.leader.step-down.wait-time = 10s (default)
2022-03-07 09:50:58,316 [pool-679-thread-1] INFO  server.RaftServerConfigKeys (ConfUtils.java:logGet(44)) - raft.server.sleep.deviation.threshold = 300ms (default)
2022-03-07 09:50:58,316 [pool-679-thread-1] INFO  server.RaftServerConfigKeys (ConfUtils.java:logGet(44)) - raft.server.log.appender.install.snapshot.enabled = false (custom)
2022-03-07 09:50:58,316 [pool-679-thread-1] INFO  server.RaftServer$Division (ServerState.java:<init>(105)) - 84008c31-6636-4a62-b386-f7fb7e7ffddc@group-7EB04D50015F: ConfigurationManager, init=-1: [edf60a86-ae5b-4f71-bc37-25062be06587|rpc:10.1.0.49:38621|priority:1, 7fca689d-043b-47bb-bf18-12adf35ba2bc|rpc:10.1.0.49:42461|priority:0, 84008c31-6636-4a62-b386-f7fb7e7ffddc|rpc:10.1.0.49:44263|priority:0], old=null, confs=<EMPTY_MAP>
2022-03-07 09:50:58,316 [pool-679-thread-1] INFO  server.RaftServerConfigKeys (ConfUtils.java:logGet(44)) - raft.server.storage.dir = [/home/runner/work/ozone/ozone/hadoop-ozone/integration-test/target/test-dir/MiniOzoneClusterImpl-4c099742-f0a8-499d-a606-d482764d36d7/datanode-4/data/ratis] (custom)
2022-03-07 09:50:58,317 [pool-679-thread-1] INFO  server.RaftServerConfigKeys (ConfUtils.java:logGet(44)) - raft.server.log.corruption.policy = EXCEPTION (default)
2022-03-07 09:50:58,317 [pool-679-thread-1] INFO  server.RaftServerConfigKeys (ConfUtils.java:logGet(44)) - raft.server.storage.free-space.min = 0MB (=0) (default)
2022-03-07 09:50:58,317 [pool-679-thread-1] INFO  storage.RaftStorageDirectory (RaftStorageDirectoryImpl.java:analyzeStorage(135)) - The storage directory /home/runner/work/ozone/ozone/hadoop-ozone/integration-test/target/test-dir/MiniOzoneClusterImpl-4c099742-f0a8-499d-a606-d482764d36d7/datanode-4/data/ratis/c80e71a3-a3ae-4d9c-b7b4-7eb04d50015f does not exist. Creating ...
2022-03-07 09:50:58,324 [pool-679-thread-1] INFO  storage.RaftStorageDirectory (RaftStorageDirectoryImpl.java:tryLock(230)) - Lock on /home/runner/work/ozone/ozone/hadoop-ozone/integration-test/target/test-dir/MiniOzoneClusterImpl-4c099742-f0a8-499d-a606-d482764d36d7/datanode-4/data/ratis/c80e71a3-a3ae-4d9c-b7b4-7eb04d50015f/in_use.lock acquired by nodename 23420@fv-az291-317
2022-03-07 09:50:58,328 [pool-679-thread-1] INFO  storage.RaftStorage (RaftStorageImpl.java:format(89)) - Storage directory /home/runner/work/ozone/ozone/hadoop-ozone/integration-test/target/test-dir/MiniOzoneClusterImpl-4c099742-f0a8-499d-a606-d482764d36d7/datanode-4/data/ratis/c80e71a3-a3ae-4d9c-b7b4-7eb04d50015f has been successfully formatted.
2022-03-07 09:50:58,329 [pool-679-thread-1] INFO  ratis.ContainerStateMachine (ContainerStateMachine.java:loadSnapshot(236)) - group-7EB04D50015F: The snapshot info is null. Setting the last applied indexto:(t:0, i:~)
2022-03-07 09:50:58,329 [EventQueue-OpenPipelineForHealthyPipelineSafeModeRule] INFO  safemode.SCMSafeModeManager (HealthyPipelineSafeModeRule.java:process(124)) - SCM in safe mode. Healthy pipelines reported count is 0, required healthy pipeline reported count is 1
2022-03-07 09:50:58,329 [pool-679-thread-1] INFO  server.RaftServerConfigKeys (ConfUtils.java:logGet(44)) - raft.server.notification.no-leader.timeout = 300000ms (custom)
2022-03-07 09:50:58,329 [pool-679-thread-1] INFO  server.RaftServerConfigKeys (ConfUtils.java:logGet(44)) - raft.server.log.use.memory = false (default)
2022-03-07 09:50:58,329 [pool-679-thread-1] INFO  server.RaftServerConfigKeys (ConfUtils.java:logGet(44)) - raft.server.log.purge.gap = 1000000 (custom)
2022-03-07 09:50:58,329 [pool-679-thread-1] INFO  server.RaftServerConfigKeys (ConfUtils.java:logGet(44)) - raft.server.log.appender.buffer.byte-limit = 33554432 (custom)
2022-03-07 09:50:58,330 [pool-679-thread-1] INFO  server.RaftServerConfigKeys (ConfUtils.java:logGet(44)) - raft.server.log.segment.size.max = 1048576 (custom)
2022-03-07 09:50:58,329 [grpc-default-executor-2] INFO  server.RaftServer (RaftServerProxy.java:addNew(95)) - edf60a86-ae5b-4f71-bc37-25062be06587: addNew group-5B77DECE4517:[edf60a86-ae5b-4f71-bc37-25062be06587|rpc:10.1.0.49:38621|dataStream:|priority:0, 7fca689d-043b-47bb-bf18-12adf35ba2bc|rpc:10.1.0.49:42461|dataStream:|priority:0, 84008c31-6636-4a62-b386-f7fb7e7ffddc|rpc:10.1.0.49:44263|dataStream:|priority:1] returns group-5B77DECE4517:java.util.concurrent.CompletableFuture@20a0ae33[Not completed]
2022-03-07 09:50:58,330 [pool-700-thread-1] INFO  server.RaftServer$Division (RaftServerImpl.java:<init>(184)) - edf60a86-ae5b-4f71-bc37-25062be06587: new RaftServerImpl for group-5B77DECE4517:[edf60a86-ae5b-4f71-bc37-25062be06587|rpc:10.1.0.49:38621|dataStream:|priority:0, 7fca689d-043b-47bb-bf18-12adf35ba2bc|rpc:10.1.0.49:42461|dataStream:|priority:0, 84008c31-6636-4a62-b386-f7fb7e7ffddc|rpc:10.1.0.49:44263|dataStream:|priority:1] with ContainerStateMachine:uninitialized
2022-03-07 09:50:58,330 [pool-700-thread-1] INFO  server.RaftServerConfigKeys (ConfUtils.java:logGet(44)) - raft.server.rpc.timeout.min = 5s (custom)
2022-03-07 09:50:58,330 [pool-700-thread-1] INFO  server.RaftServerConfigKeys (ConfUtils.java:logGet(44)) - raft.server.rpc.timeout.max = 5200ms (custom)
2022-03-07 09:50:58,330 [pool-700-thread-1] INFO  server.RaftServerConfigKeys (ConfUtils.java:logGet(44)) - raft.server.rpc.sleep.time = 25ms (default)
2022-03-07 09:50:58,330 [pool-700-thread-1] INFO  server.RaftServerConfigKeys (ConfUtils.java:logGet(44)) - raft.server.rpc.slowness.timeout = 300000ms (custom)
2022-03-07 09:50:58,331 [pool-700-thread-1] INFO  server.RaftServerConfigKeys (ConfUtils.java:logGet(44)) - raft.server.leaderelection.leader.step-down.wait-time = 10s (default)
2022-03-07 09:50:58,331 [pool-700-thread-1] INFO  server.RaftServerConfigKeys (ConfUtils.java:logGet(44)) - raft.server.sleep.deviation.threshold = 300ms (default)
2022-03-07 09:50:58,331 [pool-700-thread-1] INFO  server.RaftServerConfigKeys (ConfUtils.java:logGet(44)) - raft.server.log.appender.install.snapshot.enabled = false (custom)
2022-03-07 09:50:58,331 [pool-700-thread-1] INFO  server.RaftServer$Division (ServerState.java:<init>(105)) - edf60a86-ae5b-4f71-bc37-25062be06587@group-5B77DECE4517: ConfigurationManager, init=-1: [edf60a86-ae5b-4f71-bc37-25062be06587|rpc:10.1.0.49:38621|dataStream:|priority:0, 7fca689d-043b-47bb-bf18-12adf35ba2bc|rpc:10.1.0.49:42461|dataStream:|priority:0, 84008c31-6636-4a62-b386-f7fb7e7ffddc|rpc:10.1.0.49:44263|dataStream:|priority:1], old=null, confs=<EMPTY_MAP>
2022-03-07 09:50:58,331 [pool-700-thread-1] INFO  server.RaftServerConfigKeys (ConfUtils.java:logGet(44)) - raft.server.storage.dir = [/home/runner/work/ozone/ozone/hadoop-ozone/integration-test/target/test-dir/MiniOzoneClusterImpl-4c099742-f0a8-499d-a606-d482764d36d7/datanode-5/data/ratis] (custom)
2022-03-07 09:50:58,331 [pool-700-thread-1] INFO  server.RaftServerConfigKeys (ConfUtils.java:logGet(44)) - raft.server.log.corruption.policy = EXCEPTION (default)
2022-03-07 09:50:58,331 [pool-700-thread-1] INFO  server.RaftServerConfigKeys (ConfUtils.java:logGet(44)) - raft.server.storage.free-space.min = 0MB (=0) (default)
2022-03-07 09:50:58,331 [pool-700-thread-1] INFO  storage.RaftStorageDirectory (RaftStorageDirectoryImpl.java:analyzeStorage(135)) - The storage directory /home/runner/work/ozone/ozone/hadoop-ozone/integration-test/target/test-dir/MiniOzoneClusterImpl-4c099742-f0a8-499d-a606-d482764d36d7/datanode-5/data/ratis/27d35f41-3a25-4561-aa12-5b77dece4517 does not exist. Creating ...
2022-03-07 09:50:58,336 [pool-700-thread-1] INFO  storage.RaftStorageDirectory (RaftStorageDirectoryImpl.java:tryLock(230)) - Lock on /home/runner/work/ozone/ozone/hadoop-ozone/integration-test/target/test-dir/MiniOzoneClusterImpl-4c099742-f0a8-499d-a606-d482764d36d7/datanode-5/data/ratis/27d35f41-3a25-4561-aa12-5b77dece4517/in_use.lock acquired by nodename 23420@fv-az291-317
2022-03-07 09:50:58,336 [pool-679-thread-1] INFO  server.RaftServerConfigKeys (ConfUtils.java:logGet(44)) - raft.server.log.segment.cache.num.max = 2 (custom)
2022-03-07 09:50:58,340 [pool-679-thread-1] INFO  server.RaftServerConfigKeys (ConfUtils.java:logGet(44)) - raft.server.log.segment.cache.size.max = 200MB (=209715200) (default)
2022-03-07 09:50:58,340 [pool-679-thread-1] INFO  segmented.SegmentedRaftLogWorker (SegmentedRaftLogWorker.java:<init>(182)) - new 84008c31-6636-4a62-b386-f7fb7e7ffddc@group-7EB04D50015F-SegmentedRaftLogWorker for RaftStorageImpl:Storage Directory /home/runner/work/ozone/ozone/hadoop-ozone/integration-test/target/test-dir/MiniOzoneClusterImpl-4c099742-f0a8-499d-a606-d482764d36d7/datanode-4/data/ratis/c80e71a3-a3ae-4d9c-b7b4-7eb04d50015f
2022-03-07 09:50:58,340 [pool-679-thread-1] INFO  server.RaftServerConfigKeys (ConfUtils.java:logGet(44)) - raft.server.log.queue.byte-limit = 4294967296 (custom)
2022-03-07 09:50:58,340 [pool-679-thread-1] INFO  server.RaftServerConfigKeys (ConfUtils.java:logGet(44)) - raft.server.log.queue.element-limit = 1024 (custom)
2022-03-07 09:50:58,340 [pool-679-thread-1] INFO  server.RaftServerConfigKeys (ConfUtils.java:logGet(44)) - raft.server.log.segment.size.max = 1048576 (custom)
2022-03-07 09:50:58,340 [pool-679-thread-1] INFO  server.RaftServerConfigKeys (ConfUtils.java:logGet(44)) - raft.server.log.preallocated.size = 16384 (custom)
2022-03-07 09:50:58,340 [pool-679-thread-1] INFO  server.RaftServerConfigKeys (ConfUtils.java:logGet(44)) - raft.server.log.force.sync.num = 128 (default)
2022-03-07 09:50:58,340 [pool-679-thread-1] INFO  server.RaftServerConfigKeys (ConfUtils.java:logGet(44)) - raft.server.log.statemachine.data.sync = true (default)
2022-03-07 09:50:58,340 [pool-679-thread-1] INFO  server.RaftServerConfigKeys (ConfUtils.java:logGet(44)) - raft.server.log.statemachine.data.sync.timeout = 10s (default)
2022-03-07 09:50:58,340 [pool-679-thread-1] INFO  server.RaftServerConfigKeys (ConfUtils.java:logGet(44)) - raft.server.log.statemachine.data.sync.timeout.retry = -1 (default)
2022-03-07 09:50:58,341 [pool-679-thread-1] INFO  server.RaftServerConfigKeys (ConfUtils.java:logGet(44)) - raft.server.log.write.buffer.size = 1048576 (custom)
2022-03-07 09:50:58,340 [pool-700-thread-1] INFO  storage.RaftStorage (RaftStorageImpl.java:format(89)) - Storage directory /home/runner/work/ozone/ozone/hadoop-ozone/integration-test/target/test-dir/MiniOzoneClusterImpl-4c099742-f0a8-499d-a606-d482764d36d7/datanode-5/data/ratis/27d35f41-3a25-4561-aa12-5b77dece4517 has been successfully formatted.
2022-03-07 09:50:58,348 [pool-700-thread-1] INFO  ratis.ContainerStateMachine (ContainerStateMachine.java:loadSnapshot(236)) - group-5B77DECE4517: The snapshot info is null. Setting the last applied indexto:(t:0, i:~)
2022-03-07 09:50:58,349 [pool-700-thread-1] INFO  server.RaftServerConfigKeys (ConfUtils.java:logGet(44)) - raft.server.notification.no-leader.timeout = 300000ms (custom)
2022-03-07 09:50:58,349 [pool-700-thread-1] INFO  server.RaftServerConfigKeys (ConfUtils.java:logGet(44)) - raft.server.log.use.memory = false (default)
2022-03-07 09:50:58,349 [pool-700-thread-1] INFO  server.RaftServerConfigKeys (ConfUtils.java:logGet(44)) - raft.server.log.purge.gap = 1000000 (custom)
2022-03-07 09:50:58,349 [pool-700-thread-1] INFO  server.RaftServerConfigKeys (ConfUtils.java:logGet(44)) - raft.server.log.appender.buffer.byte-limit = 33554432 (custom)
2022-03-07 09:50:58,349 [pool-700-thread-1] INFO  server.RaftServerConfigKeys (ConfUtils.java:logGet(44)) - raft.server.log.segment.size.max = 1048576 (custom)
2022-03-07 09:50:58,350 [pool-700-thread-1] INFO  server.RaftServerConfigKeys (ConfUtils.java:logGet(44)) - raft.server.log.segment.cache.num.max = 2 (custom)
2022-03-07 09:50:58,350 [pool-700-thread-1] INFO  server.RaftServerConfigKeys (ConfUtils.java:logGet(44)) - raft.server.log.segment.cache.size.max = 200MB (=209715200) (default)
2022-03-07 09:50:58,350 [pool-700-thread-1] INFO  segmented.SegmentedRaftLogWorker (SegmentedRaftLogWorker.java:<init>(182)) - new edf60a86-ae5b-4f71-bc37-25062be06587@group-5B77DECE4517-SegmentedRaftLogWorker for RaftStorageImpl:Storage Directory /home/runner/work/ozone/ozone/hadoop-ozone/integration-test/target/test-dir/MiniOzoneClusterImpl-4c099742-f0a8-499d-a606-d482764d36d7/datanode-5/data/ratis/27d35f41-3a25-4561-aa12-5b77dece4517
2022-03-07 09:50:58,350 [pool-700-thread-1] INFO  server.RaftServerConfigKeys (ConfUtils.java:logGet(44)) - raft.server.log.queue.byte-limit = 4294967296 (custom)
2022-03-07 09:50:58,350 [pool-700-thread-1] INFO  server.RaftServerConfigKeys (ConfUtils.java:logGet(44)) - raft.server.log.queue.element-limit = 1024 (custom)
2022-03-07 09:50:58,350 [pool-700-thread-1] INFO  server.RaftServerConfigKeys (ConfUtils.java:logGet(44)) - raft.server.log.segment.size.max = 1048576 (custom)
2022-03-07 09:50:58,350 [pool-700-thread-1] INFO  server.RaftServerConfigKeys (ConfUtils.java:logGet(44)) - raft.server.log.preallocated.size = 16384 (custom)
2022-03-07 09:50:58,350 [pool-700-thread-1] INFO  server.RaftServerConfigKeys (ConfUtils.java:logGet(44)) - raft.server.log.force.sync.num = 128 (default)
2022-03-07 09:50:58,350 [pool-700-thread-1] INFO  server.RaftServerConfigKeys (ConfUtils.java:logGet(44)) - raft.server.log.statemachine.data.sync = true (default)
2022-03-07 09:50:58,350 [pool-700-thread-1] INFO  server.RaftServerConfigKeys (ConfUtils.java:logGet(44)) - raft.server.log.statemachine.data.sync.timeout = 10s (default)
2022-03-07 09:50:58,350 [pool-700-thread-1] INFO  server.RaftServerConfigKeys (ConfUtils.java:logGet(44)) - raft.server.log.statemachine.data.sync.timeout.retry = -1 (default)
2022-03-07 09:50:58,351 [pool-700-thread-1] INFO  server.RaftServerConfigKeys (ConfUtils.java:logGet(44)) - raft.server.log.write.buffer.size = 1048576 (custom)
2022-03-07 09:50:58,352 [pool-700-thread-1] INFO  server.RaftServerConfigKeys (ConfUtils.java:logGet(44)) - raft.server.log.statemachine.data.caching.enabled = true (custom)
2022-03-07 09:50:58,353 [pool-700-thread-1] INFO  segmented.SegmentedRaftLogWorker (SegmentedRaftLogWorker.java:lambda$new$0(133)) - edf60a86-ae5b-4f71-bc37-25062be06587@group-5B77DECE4517-SegmentedRaftLogWorker: flushIndex: setUnconditionally 0 -> -1
2022-03-07 09:50:58,353 [pool-700-thread-1] INFO  segmented.SegmentedRaftLogWorker (SegmentedRaftLogWorker.java:lambda$new$0(133)) - edf60a86-ae5b-4f71-bc37-25062be06587@group-5B77DECE4517-SegmentedRaftLogWorker: safeCacheEvictIndex: setUnconditionally 0 -> -1
2022-03-07 09:50:58,353 [pool-679-thread-1] INFO  server.RaftServerConfigKeys (ConfUtils.java:logGet(44)) - raft.server.log.statemachine.data.caching.enabled = true (custom)
2022-03-07 09:50:58,353 [pool-679-thread-1] INFO  segmented.SegmentedRaftLogWorker (SegmentedRaftLogWorker.java:lambda$new$0(133)) - 84008c31-6636-4a62-b386-f7fb7e7ffddc@group-7EB04D50015F-SegmentedRaftLogWorker: flushIndex: setUnconditionally 0 -> -1
2022-03-07 09:50:58,353 [pool-679-thread-1] INFO  segmented.SegmentedRaftLogWorker (SegmentedRaftLogWorker.java:lambda$new$0(133)) - 84008c31-6636-4a62-b386-f7fb7e7ffddc@group-7EB04D50015F-SegmentedRaftLogWorker: safeCacheEvictIndex: setUnconditionally 0 -> -1
2022-03-07 09:50:58,360 [pool-700-thread-1] INFO  server.RaftServerConfigKeys (ConfUtils.java:logGet(44)) - raft.server.snapshot.auto.trigger.enabled = true (custom)
2022-03-07 09:50:58,360 [pool-700-thread-1] INFO  server.RaftServerConfigKeys (ConfUtils.java:logGet(44)) - raft.server.snapshot.auto.trigger.threshold = 10000 (custom)
2022-03-07 09:50:58,360 [pool-700-thread-1] INFO  server.RaftServerConfigKeys (ConfUtils.java:logGet(44)) - raft.server.snapshot.retention.file.num = 5 (custom)
2022-03-07 09:50:58,360 [pool-700-thread-1] INFO  server.RaftServerConfigKeys (ConfUtils.java:logGet(44)) - raft.server.log.purge.upto.snapshot.index = false (default)
2022-03-07 09:50:58,360 [pool-700-thread-1] INFO  server.RaftServerConfigKeys (ConfUtils.java:logGet(44)) - raft.server.retrycache.expirytime = 600000ms (custom)
2022-03-07 09:50:58,360 [pool-700-thread-1] INFO  server.RaftServerConfigKeys (ConfUtils.java:logGet(44)) - raft.server.retrycache.statistics.expirytime = 100μs (default)
2022-03-07 09:50:58,362 [pool-700-thread-1] INFO  server.RaftServer$Division (RaftServerImpl.java:start(301)) - edf60a86-ae5b-4f71-bc37-25062be06587@group-5B77DECE4517: start as a follower, conf=-1: [edf60a86-ae5b-4f71-bc37-25062be06587|rpc:10.1.0.49:38621|dataStream:|priority:0, 7fca689d-043b-47bb-bf18-12adf35ba2bc|rpc:10.1.0.49:42461|dataStream:|priority:0, 84008c31-6636-4a62-b386-f7fb7e7ffddc|rpc:10.1.0.49:44263|dataStream:|priority:1], old=null
2022-03-07 09:50:58,362 [pool-700-thread-1] INFO  server.RaftServer$Division (RaftServerImpl.java:setRole(290)) - edf60a86-ae5b-4f71-bc37-25062be06587@group-5B77DECE4517: changes role from      null to FOLLOWER at term 0 for startAsFollower
2022-03-07 09:50:58,364 [pool-679-thread-1] INFO  server.RaftServerConfigKeys (ConfUtils.java:logGet(44)) - raft.server.snapshot.auto.trigger.enabled = true (custom)
2022-03-07 09:50:58,364 [pool-679-thread-1] INFO  server.RaftServerConfigKeys (ConfUtils.java:logGet(44)) - raft.server.snapshot.auto.trigger.threshold = 10000 (custom)
2022-03-07 09:50:58,364 [pool-679-thread-1] INFO  server.RaftServerConfigKeys (ConfUtils.java:logGet(44)) - raft.server.snapshot.retention.file.num = 5 (custom)
2022-03-07 09:50:58,364 [pool-679-thread-1] INFO  server.RaftServerConfigKeys (ConfUtils.java:logGet(44)) - raft.server.log.purge.upto.snapshot.index = false (default)
2022-03-07 09:50:58,364 [pool-679-thread-1] INFO  server.RaftServerConfigKeys (ConfUtils.java:logGet(44)) - raft.server.retrycache.expirytime = 600000ms (custom)
2022-03-07 09:50:58,364 [pool-679-thread-1] INFO  server.RaftServerConfigKeys (ConfUtils.java:logGet(44)) - raft.server.retrycache.statistics.expirytime = 100μs (default)
2022-03-07 09:50:58,365 [pool-679-thread-1] INFO  server.RaftServer$Division (RaftServerImpl.java:start(301)) - 84008c31-6636-4a62-b386-f7fb7e7ffddc@group-7EB04D50015F: start as a follower, conf=-1: [edf60a86-ae5b-4f71-bc37-25062be06587|rpc:10.1.0.49:38621|priority:1, 7fca689d-043b-47bb-bf18-12adf35ba2bc|rpc:10.1.0.49:42461|priority:0, 84008c31-6636-4a62-b386-f7fb7e7ffddc|rpc:10.1.0.49:44263|priority:0], old=null
2022-03-07 09:50:58,365 [pool-679-thread-1] INFO  server.RaftServer$Division (RaftServerImpl.java:setRole(290)) - 84008c31-6636-4a62-b386-f7fb7e7ffddc@group-7EB04D50015F: changes role from      null to FOLLOWER at term 0 for startAsFollower
2022-03-07 09:50:58,365 [pool-679-thread-1] INFO  impl.RoleInfo (RoleInfo.java:updateAndGet(130)) - 84008c31-6636-4a62-b386-f7fb7e7ffddc: start 84008c31-6636-4a62-b386-f7fb7e7ffddc@group-7EB04D50015F-FollowerState
2022-03-07 09:50:58,396 [pool-700-thread-1] INFO  impl.RoleInfo (RoleInfo.java:updateAndGet(130)) - edf60a86-ae5b-4f71-bc37-25062be06587: start edf60a86-ae5b-4f71-bc37-25062be06587@group-5B77DECE4517-FollowerState
2022-03-07 09:50:58,403 [pool-679-thread-1] INFO  util.JmxRegister (JmxRegister.java:tryRegister(44)) - Successfully registered JMX Bean with object name Ratis:service=RaftServer,group=group-7EB04D50015F,id=84008c31-6636-4a62-b386-f7fb7e7ffddc
2022-03-07 09:50:58,404 [pool-700-thread-1] INFO  util.JmxRegister (JmxRegister.java:tryRegister(44)) - Successfully registered JMX Bean with object name Ratis:service=RaftServer,group=group-5B77DECE4517,id=edf60a86-ae5b-4f71-bc37-25062be06587
2022-03-07 09:50:58,404 [Listener at 127.0.0.1/40579] INFO  ozone.MiniOzoneClusterImpl (MiniOzoneClusterImpl.java:lambda$waitForClusterToBeReady$0(219)) - Nodes are ready. Got 7 of 7 DN Heartbeats.
2022-03-07 09:50:58,404 [Listener at 127.0.0.1/40579] INFO  ozone.MiniOzoneClusterImpl (MiniOzoneClusterImpl.java:lambda$waitForClusterToBeReady$0(222)) - Waiting for cluster to exit safe mode
2022-03-07 09:50:58,404 [Listener at 127.0.0.1/40579] INFO  ozone.MiniOzoneClusterImpl (MiniOzoneClusterImpl.java:lambda$waitForClusterToBeReady$0(224)) - SCM became leader
2022-03-07 09:50:58,405 [Command processor thread] INFO  ratis.XceiverServerRatis (XceiverServerRatis.java:addGroup(769)) - Created group PipelineID=c80e71a3-a3ae-4d9c-b7b4-7eb04d50015f
2022-03-07 09:50:58,413 [grpc-default-executor-2] INFO  server.RaftServer (RaftServerProxy.java:addNew(95)) - 7fca689d-043b-47bb-bf18-12adf35ba2bc: addNew group-7EB04D50015F:[edf60a86-ae5b-4f71-bc37-25062be06587|rpc:10.1.0.49:38621|dataStream:|priority:1, 7fca689d-043b-47bb-bf18-12adf35ba2bc|rpc:10.1.0.49:42461|dataStream:|priority:0, 84008c31-6636-4a62-b386-f7fb7e7ffddc|rpc:10.1.0.49:44263|dataStream:|priority:0] returns group-7EB04D50015F:java.util.concurrent.CompletableFuture@548dbfcf[Not completed]
2022-03-07 09:50:58,414 [pool-658-thread-1] INFO  server.RaftServer$Division (RaftServerImpl.java:<init>(184)) - 7fca689d-043b-47bb-bf18-12adf35ba2bc: new RaftServerImpl for group-7EB04D50015F:[edf60a86-ae5b-4f71-bc37-25062be06587|rpc:10.1.0.49:38621|dataStream:|priority:1, 7fca689d-043b-47bb-bf18-12adf35ba2bc|rpc:10.1.0.49:42461|dataStream:|priority:0, 84008c31-6636-4a62-b386-f7fb7e7ffddc|rpc:10.1.0.49:44263|dataStream:|priority:0] with ContainerStateMachine:uninitialized
2022-03-07 09:50:58,414 [pool-658-thread-1] INFO  server.RaftServerConfigKeys (ConfUtils.java:logGet(44)) - raft.server.rpc.timeout.min = 5s (custom)
2022-03-07 09:50:58,414 [pool-658-thread-1] INFO  server.RaftServerConfigKeys (ConfUtils.java:logGet(44)) - raft.server.rpc.timeout.max = 5200ms (custom)
2022-03-07 09:50:58,414 [pool-658-thread-1] INFO  server.RaftServerConfigKeys (ConfUtils.java:logGet(44)) - raft.server.rpc.sleep.time = 25ms (default)
2022-03-07 09:50:58,414 [pool-658-thread-1] INFO  server.RaftServerConfigKeys (ConfUtils.java:logGet(44)) - raft.server.rpc.slowness.timeout = 300000ms (custom)
2022-03-07 09:50:58,414 [pool-658-thread-1] INFO  server.RaftServerConfigKeys (ConfUtils.java:logGet(44)) - raft.server.leaderelection.leader.step-down.wait-time = 10s (default)
2022-03-07 09:50:58,414 [pool-658-thread-1] INFO  server.RaftServerConfigKeys (ConfUtils.java:logGet(44)) - raft.server.sleep.deviation.threshold = 300ms (default)
2022-03-07 09:50:58,414 [pool-658-thread-1] INFO  server.RaftServerConfigKeys (ConfUtils.java:logGet(44)) - raft.server.log.appender.install.snapshot.enabled = false (custom)
2022-03-07 09:50:58,414 [pool-658-thread-1] INFO  server.RaftServer$Division (ServerState.java:<init>(105)) - 7fca689d-043b-47bb-bf18-12adf35ba2bc@group-7EB04D50015F: ConfigurationManager, init=-1: [edf60a86-ae5b-4f71-bc37-25062be06587|rpc:10.1.0.49:38621|dataStream:|priority:1, 7fca689d-043b-47bb-bf18-12adf35ba2bc|rpc:10.1.0.49:42461|dataStream:|priority:0, 84008c31-6636-4a62-b386-f7fb7e7ffddc|rpc:10.1.0.49:44263|dataStream:|priority:0], old=null, confs=<EMPTY_MAP>
2022-03-07 09:50:58,414 [pool-658-thread-1] INFO  server.RaftServerConfigKeys (ConfUtils.java:logGet(44)) - raft.server.storage.dir = [/home/runner/work/ozone/ozone/hadoop-ozone/integration-test/target/test-dir/MiniOzoneClusterImpl-4c099742-f0a8-499d-a606-d482764d36d7/datanode-3/data/ratis] (custom)
2022-03-07 09:50:58,414 [pool-658-thread-1] INFO  server.RaftServerConfigKeys (ConfUtils.java:logGet(44)) - raft.server.log.corruption.policy = EXCEPTION (default)
2022-03-07 09:50:58,414 [pool-658-thread-1] INFO  server.RaftServerConfigKeys (ConfUtils.java:logGet(44)) - raft.server.storage.free-space.min = 0MB (=0) (default)
2022-03-07 09:50:58,414 [pool-658-thread-1] INFO  storage.RaftStorageDirectory (RaftStorageDirectoryImpl.java:analyzeStorage(135)) - The storage directory /home/runner/work/ozone/ozone/hadoop-ozone/integration-test/target/test-dir/MiniOzoneClusterImpl-4c099742-f0a8-499d-a606-d482764d36d7/datanode-3/data/ratis/c80e71a3-a3ae-4d9c-b7b4-7eb04d50015f does not exist. Creating ...
2022-03-07 09:50:58,432 [pool-658-thread-1] INFO  storage.RaftStorageDirectory (RaftStorageDirectoryImpl.java:tryLock(230)) - Lock on /home/runner/work/ozone/ozone/hadoop-ozone/integration-test/target/test-dir/MiniOzoneClusterImpl-4c099742-f0a8-499d-a606-d482764d36d7/datanode-3/data/ratis/c80e71a3-a3ae-4d9c-b7b4-7eb04d50015f/in_use.lock acquired by nodename 23420@fv-az291-317
2022-03-07 09:50:58,435 [pool-658-thread-1] INFO  storage.RaftStorage (RaftStorageImpl.java:format(89)) - Storage directory /home/runner/work/ozone/ozone/hadoop-ozone/integration-test/target/test-dir/MiniOzoneClusterImpl-4c099742-f0a8-499d-a606-d482764d36d7/datanode-3/data/ratis/c80e71a3-a3ae-4d9c-b7b4-7eb04d50015f has been successfully formatted.
2022-03-07 09:50:58,436 [pool-658-thread-1] INFO  ratis.ContainerStateMachine (ContainerStateMachine.java:loadSnapshot(236)) - group-7EB04D50015F: The snapshot info is null. Setting the last applied indexto:(t:0, i:~)
2022-03-07 09:50:58,436 [pool-658-thread-1] INFO  server.RaftServerConfigKeys (ConfUtils.java:logGet(44)) - raft.server.notification.no-leader.timeout = 300000ms (custom)
2022-03-07 09:50:58,436 [pool-658-thread-1] INFO  server.RaftServerConfigKeys (ConfUtils.java:logGet(44)) - raft.server.log.use.memory = false (default)
2022-03-07 09:50:58,436 [pool-658-thread-1] INFO  server.RaftServerConfigKeys (ConfUtils.java:logGet(44)) - raft.server.log.purge.gap = 1000000 (custom)
2022-03-07 09:50:58,436 [pool-658-thread-1] INFO  server.RaftServerConfigKeys (ConfUtils.java:logGet(44)) - raft.server.log.appender.buffer.byte-limit = 33554432 (custom)
2022-03-07 09:50:58,437 [pool-658-thread-1] INFO  server.RaftServerConfigKeys (ConfUtils.java:logGet(44)) - raft.server.log.segment.size.max = 1048576 (custom)
2022-03-07 09:50:58,437 [EventQueue-OpenPipelineForHealthyPipelineSafeModeRule] INFO  safemode.SCMSafeModeManager (HealthyPipelineSafeModeRule.java:process(124)) - SCM in safe mode. Healthy pipelines reported count is 0, required healthy pipeline reported count is 1
2022-03-07 09:50:58,437 [pool-658-thread-1] INFO  server.RaftServerConfigKeys (ConfUtils.java:logGet(44)) - raft.server.log.segment.cache.num.max = 2 (custom)
2022-03-07 09:50:58,437 [pool-658-thread-1] INFO  server.RaftServerConfigKeys (ConfUtils.java:logGet(44)) - raft.server.log.segment.cache.size.max = 200MB (=209715200) (default)
2022-03-07 09:50:58,437 [pool-658-thread-1] INFO  segmented.SegmentedRaftLogWorker (SegmentedRaftLogWorker.java:<init>(182)) - new 7fca689d-043b-47bb-bf18-12adf35ba2bc@group-7EB04D50015F-SegmentedRaftLogWorker for RaftStorageImpl:Storage Directory /home/runner/work/ozone/ozone/hadoop-ozone/integration-test/target/test-dir/MiniOzoneClusterImpl-4c099742-f0a8-499d-a606-d482764d36d7/datanode-3/data/ratis/c80e71a3-a3ae-4d9c-b7b4-7eb04d50015f
2022-03-07 09:50:58,438 [pool-658-thread-1] INFO  server.RaftServerConfigKeys (ConfUtils.java:logGet(44)) - raft.server.log.queue.byte-limit = 4294967296 (custom)
2022-03-07 09:50:58,438 [pool-658-thread-1] INFO  server.RaftServerConfigKeys (ConfUtils.java:logGet(44)) - raft.server.log.queue.element-limit = 1024 (custom)
2022-03-07 09:50:58,438 [pool-658-thread-1] INFO  server.RaftServerConfigKeys (ConfUtils.java:logGet(44)) - raft.server.log.segment.size.max = 1048576 (custom)
2022-03-07 09:50:58,438 [pool-658-thread-1] INFO  server.RaftServerConfigKeys (ConfUtils.java:logGet(44)) - raft.server.log.preallocated.size = 16384 (custom)
2022-03-07 09:50:58,438 [pool-658-thread-1] INFO  server.RaftServerConfigKeys (ConfUtils.java:logGet(44)) - raft.server.log.force.sync.num = 128 (default)
2022-03-07 09:50:58,438 [pool-658-thread-1] INFO  server.RaftServerConfigKeys (ConfUtils.java:logGet(44)) - raft.server.log.statemachine.data.sync = true (default)
2022-03-07 09:50:58,438 [pool-658-thread-1] INFO  server.RaftServerConfigKeys (ConfUtils.java:logGet(44)) - raft.server.log.statemachine.data.sync.timeout = 10s (default)
2022-03-07 09:50:58,438 [pool-658-thread-1] INFO  server.RaftServerConfigKeys (ConfUtils.java:logGet(44)) - raft.server.log.statemachine.data.sync.timeout.retry = -1 (default)
2022-03-07 09:50:58,439 [pool-658-thread-1] INFO  server.RaftServerConfigKeys (ConfUtils.java:logGet(44)) - raft.server.log.write.buffer.size = 1048576 (custom)
2022-03-07 09:50:58,445 [pool-658-thread-1] INFO  server.RaftServerConfigKeys (ConfUtils.java:logGet(44)) - raft.server.log.statemachine.data.caching.enabled = true (custom)
2022-03-07 09:50:58,447 [pool-658-thread-1] INFO  segmented.SegmentedRaftLogWorker (SegmentedRaftLogWorker.java:lambda$new$0(133)) - 7fca689d-043b-47bb-bf18-12adf35ba2bc@group-7EB04D50015F-SegmentedRaftLogWorker: flushIndex: setUnconditionally 0 -> -1
2022-03-07 09:50:58,447 [pool-658-thread-1] INFO  segmented.SegmentedRaftLogWorker (SegmentedRaftLogWorker.java:lambda$new$0(133)) - 7fca689d-043b-47bb-bf18-12adf35ba2bc@group-7EB04D50015F-SegmentedRaftLogWorker: safeCacheEvictIndex: setUnconditionally 0 -> -1
2022-03-07 09:50:58,474 [pool-658-thread-1] INFO  server.RaftServerConfigKeys (ConfUtils.java:logGet(44)) - raft.server.snapshot.auto.trigger.enabled = true (custom)
2022-03-07 09:50:58,474 [pool-658-thread-1] INFO  server.RaftServerConfigKeys (ConfUtils.java:logGet(44)) - raft.server.snapshot.auto.trigger.threshold = 10000 (custom)
2022-03-07 09:50:58,474 [pool-658-thread-1] INFO  server.RaftServerConfigKeys (ConfUtils.java:logGet(44)) - raft.server.snapshot.retention.file.num = 5 (custom)
2022-03-07 09:50:58,474 [pool-658-thread-1] INFO  server.RaftServerConfigKeys (ConfUtils.java:logGet(44)) - raft.server.log.purge.upto.snapshot.index = false (default)
2022-03-07 09:50:58,474 [pool-658-thread-1] INFO  server.RaftServerConfigKeys (ConfUtils.java:logGet(44)) - raft.server.retrycache.expirytime = 600000ms (custom)
2022-03-07 09:50:58,474 [pool-658-thread-1] INFO  server.RaftServerConfigKeys (ConfUtils.java:logGet(44)) - raft.server.retrycache.statistics.expirytime = 100μs (default)
2022-03-07 09:50:58,476 [pool-658-thread-1] INFO  server.RaftServer$Division (RaftServerImpl.java:start(301)) - 7fca689d-043b-47bb-bf18-12adf35ba2bc@group-7EB04D50015F: start as a follower, conf=-1: [edf60a86-ae5b-4f71-bc37-25062be06587|rpc:10.1.0.49:38621|dataStream:|priority:1, 7fca689d-043b-47bb-bf18-12adf35ba2bc|rpc:10.1.0.49:42461|dataStream:|priority:0, 84008c31-6636-4a62-b386-f7fb7e7ffddc|rpc:10.1.0.49:44263|dataStream:|priority:0], old=null
2022-03-07 09:50:58,478 [Command processor thread] INFO  commandhandler.CreatePipelineCommandHandler (CreatePipelineCommandHandler.java:handle(106)) - Created Pipeline RATIS THREE PipelineID=27d35f41-3a25-4561-aa12-5b77dece4517.
2022-03-07 09:50:58,496 [pool-658-thread-1] INFO  server.RaftServer$Division (RaftServerImpl.java:setRole(290)) - 7fca689d-043b-47bb-bf18-12adf35ba2bc@group-7EB04D50015F: changes role from      null to FOLLOWER at term 0 for startAsFollower
2022-03-07 09:50:58,496 [pool-658-thread-1] INFO  impl.RoleInfo (RoleInfo.java:updateAndGet(130)) - 7fca689d-043b-47bb-bf18-12adf35ba2bc: start 7fca689d-043b-47bb-bf18-12adf35ba2bc@group-7EB04D50015F-FollowerState
2022-03-07 09:50:58,501 [pool-658-thread-1] INFO  util.JmxRegister (JmxRegister.java:tryRegister(44)) - Successfully registered JMX Bean with object name Ratis:service=RaftServer,group=group-7EB04D50015F,id=7fca689d-043b-47bb-bf18-12adf35ba2bc
2022-03-07 09:50:58,528 [grpc-default-executor-2] INFO  server.RaftServer (RaftServerProxy.java:addNew(95)) - edf60a86-ae5b-4f71-bc37-25062be06587: addNew group-7EB04D50015F:[edf60a86-ae5b-4f71-bc37-25062be06587|rpc:10.1.0.49:38621|dataStream:|priority:1, 7fca689d-043b-47bb-bf18-12adf35ba2bc|rpc:10.1.0.49:42461|dataStream:|priority:0, 84008c31-6636-4a62-b386-f7fb7e7ffddc|rpc:10.1.0.49:44263|dataStream:|priority:0] returns group-7EB04D50015F:java.util.concurrent.CompletableFuture@69176a68[Not completed]
2022-03-07 09:50:58,529 [pool-700-thread-1] INFO  server.RaftServer$Division (RaftServerImpl.java:<init>(184)) - edf60a86-ae5b-4f71-bc37-25062be06587: new RaftServerImpl for group-7EB04D50015F:[edf60a86-ae5b-4f71-bc37-25062be06587|rpc:10.1.0.49:38621|dataStream:|priority:1, 7fca689d-043b-47bb-bf18-12adf35ba2bc|rpc:10.1.0.49:42461|dataStream:|priority:0, 84008c31-6636-4a62-b386-f7fb7e7ffddc|rpc:10.1.0.49:44263|dataStream:|priority:0] with ContainerStateMachine:uninitialized
2022-03-07 09:50:58,529 [pool-700-thread-1] INFO  server.RaftServerConfigKeys (ConfUtils.java:logGet(44)) - raft.server.rpc.timeout.min = 5s (custom)
2022-03-07 09:50:58,529 [pool-700-thread-1] INFO  server.RaftServerConfigKeys (ConfUtils.java:logGet(44)) - raft.server.rpc.timeout.max = 5200ms (custom)
2022-03-07 09:50:58,529 [pool-700-thread-1] INFO  server.RaftServerConfigKeys (ConfUtils.java:logGet(44)) - raft.server.rpc.sleep.time = 25ms (default)
2022-03-07 09:50:58,529 [pool-700-thread-1] INFO  server.RaftServerConfigKeys (ConfUtils.java:logGet(44)) - raft.server.rpc.slowness.timeout = 300000ms (custom)
2022-03-07 09:50:58,529 [pool-700-thread-1] INFO  server.RaftServerConfigKeys (ConfUtils.java:logGet(44)) - raft.server.leaderelection.leader.step-down.wait-time = 10s (default)
2022-03-07 09:50:58,529 [pool-700-thread-1] INFO  server.RaftServerConfigKeys (ConfUtils.java:logGet(44)) - raft.server.sleep.deviation.threshold = 300ms (default)
2022-03-07 09:50:58,530 [pool-700-thread-1] INFO  server.RaftServerConfigKeys (ConfUtils.java:logGet(44)) - raft.server.log.appender.install.snapshot.enabled = false (custom)
2022-03-07 09:50:58,530 [pool-700-thread-1] INFO  server.RaftServer$Division (ServerState.java:<init>(105)) - edf60a86-ae5b-4f71-bc37-25062be06587@group-7EB04D50015F: ConfigurationManager, init=-1: [edf60a86-ae5b-4f71-bc37-25062be06587|rpc:10.1.0.49:38621|dataStream:|priority:1, 7fca689d-043b-47bb-bf18-12adf35ba2bc|rpc:10.1.0.49:42461|dataStream:|priority:0, 84008c31-6636-4a62-b386-f7fb7e7ffddc|rpc:10.1.0.49:44263|dataStream:|priority:0], old=null, confs=<EMPTY_MAP>
2022-03-07 09:50:58,530 [pool-700-thread-1] INFO  server.RaftServerConfigKeys (ConfUtils.java:logGet(44)) - raft.server.storage.dir = [/home/runner/work/ozone/ozone/hadoop-ozone/integration-test/target/test-dir/MiniOzoneClusterImpl-4c099742-f0a8-499d-a606-d482764d36d7/datanode-5/data/ratis] (custom)
2022-03-07 09:50:58,530 [pool-700-thread-1] INFO  server.RaftServerConfigKeys (ConfUtils.java:logGet(44)) - raft.server.log.corruption.policy = EXCEPTION (default)
2022-03-07 09:50:58,530 [pool-700-thread-1] INFO  server.RaftServerConfigKeys (ConfUtils.java:logGet(44)) - raft.server.storage.free-space.min = 0MB (=0) (default)
2022-03-07 09:50:58,530 [pool-700-thread-1] INFO  storage.RaftStorageDirectory (RaftStorageDirectoryImpl.java:analyzeStorage(135)) - The storage directory /home/runner/work/ozone/ozone/hadoop-ozone/integration-test/target/test-dir/MiniOzoneClusterImpl-4c099742-f0a8-499d-a606-d482764d36d7/datanode-5/data/ratis/c80e71a3-a3ae-4d9c-b7b4-7eb04d50015f does not exist. Creating ...
2022-03-07 09:50:58,567 [pool-700-thread-1] INFO  storage.RaftStorageDirectory (RaftStorageDirectoryImpl.java:tryLock(230)) - Lock on /home/runner/work/ozone/ozone/hadoop-ozone/integration-test/target/test-dir/MiniOzoneClusterImpl-4c099742-f0a8-499d-a606-d482764d36d7/datanode-5/data/ratis/c80e71a3-a3ae-4d9c-b7b4-7eb04d50015f/in_use.lock acquired by nodename 23420@fv-az291-317
2022-03-07 09:50:58,577 [pool-700-thread-1] INFO  storage.RaftStorage (RaftStorageImpl.java:format(89)) - Storage directory /home/runner/work/ozone/ozone/hadoop-ozone/integration-test/target/test-dir/MiniOzoneClusterImpl-4c099742-f0a8-499d-a606-d482764d36d7/datanode-5/data/ratis/c80e71a3-a3ae-4d9c-b7b4-7eb04d50015f has been successfully formatted.
2022-03-07 09:50:58,577 [pool-700-thread-1] INFO  ratis.ContainerStateMachine (ContainerStateMachine.java:loadSnapshot(236)) - group-7EB04D50015F: The snapshot info is null. Setting the last applied indexto:(t:0, i:~)
2022-03-07 09:50:58,577 [pool-700-thread-1] INFO  server.RaftServerConfigKeys (ConfUtils.java:logGet(44)) - raft.server.notification.no-leader.timeout = 300000ms (custom)
2022-03-07 09:50:58,577 [pool-700-thread-1] INFO  server.RaftServerConfigKeys (ConfUtils.java:logGet(44)) - raft.server.log.use.memory = false (default)
2022-03-07 09:50:58,577 [pool-700-thread-1] INFO  server.RaftServerConfigKeys (ConfUtils.java:logGet(44)) - raft.server.log.purge.gap = 1000000 (custom)
2022-03-07 09:50:58,577 [pool-700-thread-1] INFO  server.RaftServerConfigKeys (ConfUtils.java:logGet(44)) - raft.server.log.appender.buffer.byte-limit = 33554432 (custom)
2022-03-07 09:50:58,578 [pool-700-thread-1] INFO  server.RaftServerConfigKeys (ConfUtils.java:logGet(44)) - raft.server.log.segment.size.max = 1048576 (custom)
2022-03-07 09:50:58,578 [pool-700-thread-1] INFO  server.RaftServerConfigKeys (ConfUtils.java:logGet(44)) - raft.server.log.segment.cache.num.max = 2 (custom)
2022-03-07 09:50:58,578 [pool-700-thread-1] INFO  server.RaftServerConfigKeys (ConfUtils.java:logGet(44)) - raft.server.log.segment.cache.size.max = 200MB (=209715200) (default)
2022-03-07 09:50:58,578 [pool-700-thread-1] INFO  segmented.SegmentedRaftLogWorker (SegmentedRaftLogWorker.java:<init>(182)) - new edf60a86-ae5b-4f71-bc37-25062be06587@group-7EB04D50015F-SegmentedRaftLogWorker for RaftStorageImpl:Storage Directory /home/runner/work/ozone/ozone/hadoop-ozone/integration-test/target/test-dir/MiniOzoneClusterImpl-4c099742-f0a8-499d-a606-d482764d36d7/datanode-5/data/ratis/c80e71a3-a3ae-4d9c-b7b4-7eb04d50015f
2022-03-07 09:50:58,578 [pool-700-thread-1] INFO  server.RaftServerConfigKeys (ConfUtils.java:logGet(44)) - raft.server.log.queue.byte-limit = 4294967296 (custom)
2022-03-07 09:50:58,578 [pool-700-thread-1] INFO  server.RaftServerConfigKeys (ConfUtils.java:logGet(44)) - raft.server.log.queue.element-limit = 1024 (custom)
2022-03-07 09:50:58,578 [pool-700-thread-1] INFO  server.RaftServerConfigKeys (ConfUtils.java:logGet(44)) - raft.server.log.segment.size.max = 1048576 (custom)
2022-03-07 09:50:58,578 [pool-700-thread-1] INFO  server.RaftServerConfigKeys (ConfUtils.java:logGet(44)) - raft.server.log.preallocated.size = 16384 (custom)
2022-03-07 09:50:58,578 [pool-700-thread-1] INFO  server.RaftServerConfigKeys (ConfUtils.java:logGet(44)) - raft.server.log.force.sync.num = 128 (default)
2022-03-07 09:50:58,578 [pool-700-thread-1] INFO  server.RaftServerConfigKeys (ConfUtils.java:logGet(44)) - raft.server.log.statemachine.data.sync = true (default)
2022-03-07 09:50:58,578 [pool-700-thread-1] INFO  server.RaftServerConfigKeys (ConfUtils.java:logGet(44)) - raft.server.log.statemachine.data.sync.timeout = 10s (default)
2022-03-07 09:50:58,578 [pool-700-thread-1] INFO  server.RaftServerConfigKeys (ConfUtils.java:logGet(44)) - raft.server.log.statemachine.data.sync.timeout.retry = -1 (default)
2022-03-07 09:50:58,579 [pool-700-thread-1] INFO  server.RaftServerConfigKeys (ConfUtils.java:logGet(44)) - raft.server.log.write.buffer.size = 1048576 (custom)
2022-03-07 09:50:58,581 [pool-700-thread-1] INFO  server.RaftServerConfigKeys (ConfUtils.java:logGet(44)) - raft.server.log.statemachine.data.caching.enabled = true (custom)
2022-03-07 09:50:58,582 [pool-700-thread-1] INFO  segmented.SegmentedRaftLogWorker (SegmentedRaftLogWorker.java:lambda$new$0(133)) - edf60a86-ae5b-4f71-bc37-25062be06587@group-7EB04D50015F-SegmentedRaftLogWorker: flushIndex: setUnconditionally 0 -> -1
2022-03-07 09:50:58,583 [pool-700-thread-1] INFO  segmented.SegmentedRaftLogWorker (SegmentedRaftLogWorker.java:lambda$new$0(133)) - edf60a86-ae5b-4f71-bc37-25062be06587@group-7EB04D50015F-SegmentedRaftLogWorker: safeCacheEvictIndex: setUnconditionally 0 -> -1
2022-03-07 09:50:58,584 [pool-700-thread-1] INFO  server.RaftServerConfigKeys (ConfUtils.java:logGet(44)) - raft.server.snapshot.auto.trigger.enabled = true (custom)
2022-03-07 09:50:58,584 [pool-700-thread-1] INFO  server.RaftServerConfigKeys (ConfUtils.java:logGet(44)) - raft.server.snapshot.auto.trigger.threshold = 10000 (custom)
2022-03-07 09:50:58,584 [pool-700-thread-1] INFO  server.RaftServerConfigKeys (ConfUtils.java:logGet(44)) - raft.server.snapshot.retention.file.num = 5 (custom)
2022-03-07 09:50:58,584 [pool-700-thread-1] INFO  server.RaftServerConfigKeys (ConfUtils.java:logGet(44)) - raft.server.log.purge.upto.snapshot.index = false (default)
2022-03-07 09:50:58,584 [pool-700-thread-1] INFO  server.RaftServerConfigKeys (ConfUtils.java:logGet(44)) - raft.server.retrycache.expirytime = 600000ms (custom)
2022-03-07 09:50:58,584 [pool-700-thread-1] INFO  server.RaftServerConfigKeys (ConfUtils.java:logGet(44)) - raft.server.retrycache.statistics.expirytime = 100μs (default)
2022-03-07 09:50:58,585 [pool-700-thread-1] INFO  server.RaftServer$Division (RaftServerImpl.java:start(301)) - edf60a86-ae5b-4f71-bc37-25062be06587@group-7EB04D50015F: start as a follower, conf=-1: [edf60a86-ae5b-4f71-bc37-25062be06587|rpc:10.1.0.49:38621|dataStream:|priority:1, 7fca689d-043b-47bb-bf18-12adf35ba2bc|rpc:10.1.0.49:42461|dataStream:|priority:0, 84008c31-6636-4a62-b386-f7fb7e7ffddc|rpc:10.1.0.49:44263|dataStream:|priority:0], old=null
2022-03-07 09:50:58,585 [pool-700-thread-1] INFO  server.RaftServer$Division (RaftServerImpl.java:setRole(290)) - edf60a86-ae5b-4f71-bc37-25062be06587@group-7EB04D50015F: changes role from      null to FOLLOWER at term 0 for startAsFollower
2022-03-07 09:50:58,585 [pool-700-thread-1] INFO  impl.RoleInfo (RoleInfo.java:updateAndGet(130)) - edf60a86-ae5b-4f71-bc37-25062be06587: start edf60a86-ae5b-4f71-bc37-25062be06587@group-7EB04D50015F-FollowerState
2022-03-07 09:50:58,596 [pool-700-thread-1] INFO  util.JmxRegister (JmxRegister.java:tryRegister(44)) - Successfully registered JMX Bean with object name Ratis:service=RaftServer,group=group-7EB04D50015F,id=edf60a86-ae5b-4f71-bc37-25062be06587
2022-03-07 09:50:58,613 [Command processor thread] INFO  commandhandler.CreatePipelineCommandHandler (CreatePipelineCommandHandler.java:handle(106)) - Created Pipeline RATIS THREE PipelineID=c80e71a3-a3ae-4d9c-b7b4-7eb04d50015f.
2022-03-07 09:50:58,764 [Command processor thread] INFO  server.RaftServer (RaftServerProxy.java:addNew(95)) - edf60a86-ae5b-4f71-bc37-25062be06587: addNew group-8FC2BBB632AF:[edf60a86-ae5b-4f71-bc37-25062be06587|rpc:10.1.0.49:38621|priority:1] returns group-8FC2BBB632AF:java.util.concurrent.CompletableFuture@75a7c2d4[Not completed]
2022-03-07 09:50:58,765 [pool-700-thread-1] INFO  server.RaftServer$Division (RaftServerImpl.java:<init>(184)) - edf60a86-ae5b-4f71-bc37-25062be06587: new RaftServerImpl for group-8FC2BBB632AF:[edf60a86-ae5b-4f71-bc37-25062be06587|rpc:10.1.0.49:38621|priority:1] with ContainerStateMachine:uninitialized
2022-03-07 09:50:58,765 [pool-700-thread-1] INFO  server.RaftServerConfigKeys (ConfUtils.java:logGet(44)) - raft.server.rpc.timeout.min = 5s (custom)
2022-03-07 09:50:58,765 [pool-700-thread-1] INFO  server.RaftServerConfigKeys (ConfUtils.java:logGet(44)) - raft.server.rpc.timeout.max = 5200ms (custom)
2022-03-07 09:50:58,765 [pool-700-thread-1] INFO  server.RaftServerConfigKeys (ConfUtils.java:logGet(44)) - raft.server.rpc.sleep.time = 25ms (default)
2022-03-07 09:50:58,765 [pool-700-thread-1] INFO  server.RaftServerConfigKeys (ConfUtils.java:logGet(44)) - raft.server.rpc.slowness.timeout = 300000ms (custom)
2022-03-07 09:50:58,765 [pool-700-thread-1] INFO  server.RaftServerConfigKeys (ConfUtils.java:logGet(44)) - raft.server.leaderelection.leader.step-down.wait-time = 10s (default)
2022-03-07 09:50:58,765 [pool-700-thread-1] INFO  server.RaftServerConfigKeys (ConfUtils.java:logGet(44)) - raft.server.sleep.deviation.threshold = 300ms (default)
2022-03-07 09:50:58,765 [pool-700-thread-1] INFO  server.RaftServerConfigKeys (ConfUtils.java:logGet(44)) - raft.server.log.appender.install.snapshot.enabled = false (custom)
2022-03-07 09:50:58,765 [pool-700-thread-1] INFO  server.RaftServer$Division (ServerState.java:<init>(105)) - edf60a86-ae5b-4f71-bc37-25062be06587@group-8FC2BBB632AF: ConfigurationManager, init=-1: [edf60a86-ae5b-4f71-bc37-25062be06587|rpc:10.1.0.49:38621|priority:1], old=null, confs=<EMPTY_MAP>
2022-03-07 09:50:58,765 [pool-700-thread-1] INFO  server.RaftServerConfigKeys (ConfUtils.java:logGet(44)) - raft.server.storage.dir = [/home/runner/work/ozone/ozone/hadoop-ozone/integration-test/target/test-dir/MiniOzoneClusterImpl-4c099742-f0a8-499d-a606-d482764d36d7/datanode-5/data/ratis] (custom)
2022-03-07 09:50:58,766 [pool-700-thread-1] INFO  server.RaftServerConfigKeys (ConfUtils.java:logGet(44)) - raft.server.log.corruption.policy = EXCEPTION (default)
2022-03-07 09:50:58,766 [pool-700-thread-1] INFO  server.RaftServerConfigKeys (ConfUtils.java:logGet(44)) - raft.server.storage.free-space.min = 0MB (=0) (default)
2022-03-07 09:50:58,766 [pool-700-thread-1] INFO  storage.RaftStorageDirectory (RaftStorageDirectoryImpl.java:analyzeStorage(135)) - The storage directory /home/runner/work/ozone/ozone/hadoop-ozone/integration-test/target/test-dir/MiniOzoneClusterImpl-4c099742-f0a8-499d-a606-d482764d36d7/datanode-5/data/ratis/b8f304be-f1b1-478f-9c2c-8fc2bbb632af does not exist. Creating ...
2022-03-07 09:50:58,772 [pool-700-thread-1] INFO  storage.RaftStorageDirectory (RaftStorageDirectoryImpl.java:tryLock(230)) - Lock on /home/runner/work/ozone/ozone/hadoop-ozone/integration-test/target/test-dir/MiniOzoneClusterImpl-4c099742-f0a8-499d-a606-d482764d36d7/datanode-5/data/ratis/b8f304be-f1b1-478f-9c2c-8fc2bbb632af/in_use.lock acquired by nodename 23420@fv-az291-317
2022-03-07 09:50:58,789 [pool-700-thread-1] INFO  storage.RaftStorage (RaftStorageImpl.java:format(89)) - Storage directory /home/runner/work/ozone/ozone/hadoop-ozone/integration-test/target/test-dir/MiniOzoneClusterImpl-4c099742-f0a8-499d-a606-d482764d36d7/datanode-5/data/ratis/b8f304be-f1b1-478f-9c2c-8fc2bbb632af has been successfully formatted.
2022-03-07 09:50:58,790 [EventQueue-PipelineReportForPipelineReportHandler] INFO  pipeline.PipelineManagerImpl (PipelineManagerImpl.java:openPipeline(291)) - Pipeline Pipeline[ Id: b8f304be-f1b1-478f-9c2c-8fc2bbb632af, Nodes: edf60a86-ae5b-4f71-bc37-25062be06587{ip: 10.1.0.49, host: fv-az291-317.wgnan5asplgejimfprtllbpdch.jx.internal.cloudapp.net, ports: [REPLICATION=46727, RATIS=38621, RATIS_ADMIN=38621, RATIS_SERVER=38621, STANDALONE=45115], networkLocation: /default-rack, certSerialId: null, persistedOpState: IN_SERVICE, persistedOpStateExpiryEpochSec: 0}, ReplicationConfig: RATIS/ONE, State:ALLOCATED, leaderId:edf60a86-ae5b-4f71-bc37-25062be06587, CreationTimestamp2022-03-07T09:50:55.768Z[Etc/UTC]] moved to OPEN state
2022-03-07 09:50:58,792 [pool-700-thread-1] INFO  ratis.ContainerStateMachine (ContainerStateMachine.java:loadSnapshot(236)) - group-8FC2BBB632AF: The snapshot info is null. Setting the last applied indexto:(t:0, i:~)
2022-03-07 09:50:58,792 [pool-700-thread-1] INFO  server.RaftServerConfigKeys (ConfUtils.java:logGet(44)) - raft.server.notification.no-leader.timeout = 300000ms (custom)
2022-03-07 09:50:58,792 [pool-700-thread-1] INFO  server.RaftServerConfigKeys (ConfUtils.java:logGet(44)) - raft.server.log.use.memory = false (default)
2022-03-07 09:50:58,792 [pool-700-thread-1] INFO  server.RaftServerConfigKeys (ConfUtils.java:logGet(44)) - raft.server.log.purge.gap = 1000000 (custom)
2022-03-07 09:50:58,792 [pool-700-thread-1] INFO  server.RaftServerConfigKeys (ConfUtils.java:logGet(44)) - raft.server.log.appender.buffer.byte-limit = 33554432 (custom)
2022-03-07 09:50:58,792 [9fd2d42e-0817-4c6b-b2b7-8c945e0a68b4@group-D482764D36D7-StateMachineUpdater] INFO  safemode.HealthyPipelineSafeModeRule (HealthyPipelineSafeModeRule.java:initializeRule(152)) - Refreshed total pipeline count is 0, healthy pipeline threshold count is 1
2022-03-07 09:50:58,793 [pool-700-thread-1] INFO  server.RaftServerConfigKeys (ConfUtils.java:logGet(44)) - raft.server.log.segment.size.max = 1048576 (custom)
2022-03-07 09:50:58,793 [pool-700-thread-1] INFO  server.RaftServerConfigKeys (ConfUtils.java:logGet(44)) - raft.server.log.segment.cache.num.max = 2 (custom)
2022-03-07 09:50:58,793 [EventQueue-OpenPipelineForHealthyPipelineSafeModeRule] INFO  safemode.SCMSafeModeManager (HealthyPipelineSafeModeRule.java:process(124)) - SCM in safe mode. Healthy pipelines reported count is 0, required healthy pipeline reported count is 1
2022-03-07 09:50:58,793 [pool-700-thread-1] INFO  server.RaftServerConfigKeys (ConfUtils.java:logGet(44)) - raft.server.log.segment.cache.size.max = 200MB (=209715200) (default)
2022-03-07 09:50:58,800 [pool-700-thread-1] INFO  segmented.SegmentedRaftLogWorker (SegmentedRaftLogWorker.java:<init>(182)) - new edf60a86-ae5b-4f71-bc37-25062be06587@group-8FC2BBB632AF-SegmentedRaftLogWorker for RaftStorageImpl:Storage Directory /home/runner/work/ozone/ozone/hadoop-ozone/integration-test/target/test-dir/MiniOzoneClusterImpl-4c099742-f0a8-499d-a606-d482764d36d7/datanode-5/data/ratis/b8f304be-f1b1-478f-9c2c-8fc2bbb632af
2022-03-07 09:50:58,800 [pool-700-thread-1] INFO  server.RaftServerConfigKeys (ConfUtils.java:logGet(44)) - raft.server.log.queue.byte-limit = 4294967296 (custom)
2022-03-07 09:50:58,800 [pool-700-thread-1] INFO  server.RaftServerConfigKeys (ConfUtils.java:logGet(44)) - raft.server.log.queue.element-limit = 1024 (custom)
2022-03-07 09:50:58,800 [pool-700-thread-1] INFO  server.RaftServerConfigKeys (ConfUtils.java:logGet(44)) - raft.server.log.segment.size.max = 1048576 (custom)
2022-03-07 09:50:58,800 [pool-700-thread-1] INFO  server.RaftServerConfigKeys (ConfUtils.java:logGet(44)) - raft.server.log.preallocated.size = 16384 (custom)
2022-03-07 09:50:58,800 [pool-700-thread-1] INFO  server.RaftServerConfigKeys (ConfUtils.java:logGet(44)) - raft.server.log.force.sync.num = 128 (default)
2022-03-07 09:50:58,800 [pool-700-thread-1] INFO  server.RaftServerConfigKeys (ConfUtils.java:logGet(44)) - raft.server.log.statemachine.data.sync = true (default)
2022-03-07 09:50:58,804 [pool-700-thread-1] INFO  server.RaftServerConfigKeys (ConfUtils.java:logGet(44)) - raft.server.log.statemachine.data.sync.timeout = 10s (default)
2022-03-07 09:50:58,804 [pool-700-thread-1] INFO  server.RaftServerConfigKeys (ConfUtils.java:logGet(44)) - raft.server.log.statemachine.data.sync.timeout.retry = -1 (default)
2022-03-07 09:50:58,805 [pool-700-thread-1] INFO  server.RaftServerConfigKeys (ConfUtils.java:logGet(44)) - raft.server.log.write.buffer.size = 1048576 (custom)
2022-03-07 09:50:58,806 [pool-700-thread-1] INFO  server.RaftServerConfigKeys (ConfUtils.java:logGet(44)) - raft.server.log.statemachine.data.caching.enabled = true (custom)
2022-03-07 09:50:58,809 [pool-700-thread-1] INFO  segmented.SegmentedRaftLogWorker (SegmentedRaftLogWorker.java:lambda$new$0(133)) - edf60a86-ae5b-4f71-bc37-25062be06587@group-8FC2BBB632AF-SegmentedRaftLogWorker: flushIndex: setUnconditionally 0 -> -1
2022-03-07 09:50:58,809 [pool-700-thread-1] INFO  segmented.SegmentedRaftLogWorker (SegmentedRaftLogWorker.java:lambda$new$0(133)) - edf60a86-ae5b-4f71-bc37-25062be06587@group-8FC2BBB632AF-SegmentedRaftLogWorker: safeCacheEvictIndex: setUnconditionally 0 -> -1
2022-03-07 09:50:58,809 [pool-700-thread-1] INFO  server.RaftServerConfigKeys (ConfUtils.java:logGet(44)) - raft.server.snapshot.auto.trigger.enabled = true (custom)
2022-03-07 09:50:58,809 [pool-700-thread-1] INFO  server.RaftServerConfigKeys (ConfUtils.java:logGet(44)) - raft.server.snapshot.auto.trigger.threshold = 10000 (custom)
2022-03-07 09:50:58,809 [pool-700-thread-1] INFO  server.RaftServerConfigKeys (ConfUtils.java:logGet(44)) - raft.server.snapshot.retention.file.num = 5 (custom)
2022-03-07 09:50:58,809 [pool-700-thread-1] INFO  server.RaftServerConfigKeys (ConfUtils.java:logGet(44)) - raft.server.log.purge.upto.snapshot.index = false (default)
2022-03-07 09:50:58,809 [pool-700-thread-1] INFO  server.RaftServerConfigKeys (ConfUtils.java:logGet(44)) - raft.server.retrycache.expirytime = 600000ms (custom)
2022-03-07 09:50:58,809 [pool-700-thread-1] INFO  server.RaftServerConfigKeys (ConfUtils.java:logGet(44)) - raft.server.retrycache.statistics.expirytime = 100μs (default)
2022-03-07 09:50:58,810 [pool-700-thread-1] INFO  server.RaftServer$Division (RaftServerImpl.java:start(301)) - edf60a86-ae5b-4f71-bc37-25062be06587@group-8FC2BBB632AF: start as a follower, conf=-1: [edf60a86-ae5b-4f71-bc37-25062be06587|rpc:10.1.0.49:38621|priority:1], old=null
2022-03-07 09:50:58,810 [pool-700-thread-1] INFO  server.RaftServer$Division (RaftServerImpl.java:setRole(290)) - edf60a86-ae5b-4f71-bc37-25062be06587@group-8FC2BBB632AF: changes role from      null to FOLLOWER at term 0 for startAsFollower
2022-03-07 09:50:58,810 [pool-700-thread-1] INFO  impl.RoleInfo (RoleInfo.java:updateAndGet(130)) - edf60a86-ae5b-4f71-bc37-25062be06587: start edf60a86-ae5b-4f71-bc37-25062be06587@group-8FC2BBB632AF-FollowerState
2022-03-07 09:50:58,811 [pool-700-thread-1] INFO  util.JmxRegister (JmxRegister.java:tryRegister(44)) - Successfully registered JMX Bean with object name Ratis:service=RaftServer,group=group-8FC2BBB632AF,id=edf60a86-ae5b-4f71-bc37-25062be06587
2022-03-07 09:50:58,812 [Command processor thread] INFO  ratis.XceiverServerRatis (XceiverServerRatis.java:addGroup(769)) - Created group PipelineID=b8f304be-f1b1-478f-9c2c-8fc2bbb632af
2022-03-07 09:50:58,812 [Command processor thread] INFO  commandhandler.CreatePipelineCommandHandler (CreatePipelineCommandHandler.java:handle(106)) - Created Pipeline RATIS ONE PipelineID=b8f304be-f1b1-478f-9c2c-8fc2bbb632af.
2022-03-07 09:50:59,405 [Listener at 127.0.0.1/40579] INFO  ozone.MiniOzoneClusterImpl (MiniOzoneClusterImpl.java:lambda$waitForClusterToBeReady$0(219)) - Nodes are ready. Got 7 of 7 DN Heartbeats.
2022-03-07 09:50:59,405 [Listener at 127.0.0.1/40579] INFO  ozone.MiniOzoneClusterImpl (MiniOzoneClusterImpl.java:lambda$waitForClusterToBeReady$0(222)) - Waiting for cluster to exit safe mode
2022-03-07 09:50:59,405 [Listener at 127.0.0.1/40579] INFO  ozone.MiniOzoneClusterImpl (MiniOzoneClusterImpl.java:lambda$waitForClusterToBeReady$0(224)) - SCM became leader
2022-03-07 09:50:59,577 [Command processor thread] INFO  server.RaftServer (RaftServerProxy.java:addNew(95)) - 79ee019c-6239-4f85-9f3b-dddcaaaeb0fb: addNew group-C4519756B354:[79ee019c-6239-4f85-9f3b-dddcaaaeb0fb|rpc:10.1.0.49:41163|priority:1] returns group-C4519756B354:java.util.concurrent.CompletableFuture@63c3188[Not completed]
2022-03-07 09:50:59,579 [pool-721-thread-1] INFO  server.RaftServer$Division (RaftServerImpl.java:<init>(184)) - 79ee019c-6239-4f85-9f3b-dddcaaaeb0fb: new RaftServerImpl for group-C4519756B354:[79ee019c-6239-4f85-9f3b-dddcaaaeb0fb|rpc:10.1.0.49:41163|priority:1] with ContainerStateMachine:uninitialized
2022-03-07 09:50:59,601 [pool-721-thread-1] INFO  server.RaftServerConfigKeys (ConfUtils.java:logGet(44)) - raft.server.rpc.timeout.min = 5s (custom)
2022-03-07 09:50:59,601 [pool-721-thread-1] INFO  server.RaftServerConfigKeys (ConfUtils.java:logGet(44)) - raft.server.rpc.timeout.max = 5200ms (custom)
2022-03-07 09:50:59,601 [pool-721-thread-1] INFO  server.RaftServerConfigKeys (ConfUtils.java:logGet(44)) - raft.server.rpc.sleep.time = 25ms (default)
2022-03-07 09:50:59,601 [pool-721-thread-1] INFO  server.RaftServerConfigKeys (ConfUtils.java:logGet(44)) - raft.server.rpc.slowness.timeout = 300000ms (custom)
2022-03-07 09:50:59,601 [pool-721-thread-1] INFO  server.RaftServerConfigKeys (ConfUtils.java:logGet(44)) - raft.server.leaderelection.leader.step-down.wait-time = 10s (default)
2022-03-07 09:50:59,601 [pool-721-thread-1] INFO  server.RaftServerConfigKeys (ConfUtils.java:logGet(44)) - raft.server.sleep.deviation.threshold = 300ms (default)
2022-03-07 09:50:59,601 [pool-721-thread-1] INFO  server.RaftServerConfigKeys (ConfUtils.java:logGet(44)) - raft.server.log.appender.install.snapshot.enabled = false (custom)
2022-03-07 09:50:59,601 [pool-721-thread-1] INFO  server.RaftServer$Division (ServerState.java:<init>(105)) - 79ee019c-6239-4f85-9f3b-dddcaaaeb0fb@group-C4519756B354: ConfigurationManager, init=-1: [79ee019c-6239-4f85-9f3b-dddcaaaeb0fb|rpc:10.1.0.49:41163|priority:1], old=null, confs=<EMPTY_MAP>
2022-03-07 09:50:59,601 [pool-721-thread-1] INFO  server.RaftServerConfigKeys (ConfUtils.java:logGet(44)) - raft.server.storage.dir = [/home/runner/work/ozone/ozone/hadoop-ozone/integration-test/target/test-dir/MiniOzoneClusterImpl-4c099742-f0a8-499d-a606-d482764d36d7/datanode-6/data/ratis] (custom)
2022-03-07 09:50:59,602 [pool-721-thread-1] INFO  server.RaftServerConfigKeys (ConfUtils.java:logGet(44)) - raft.server.log.corruption.policy = EXCEPTION (default)
2022-03-07 09:50:59,602 [pool-721-thread-1] INFO  server.RaftServerConfigKeys (ConfUtils.java:logGet(44)) - raft.server.storage.free-space.min = 0MB (=0) (default)
2022-03-07 09:50:59,602 [pool-721-thread-1] INFO  storage.RaftStorageDirectory (RaftStorageDirectoryImpl.java:analyzeStorage(135)) - The storage directory /home/runner/work/ozone/ozone/hadoop-ozone/integration-test/target/test-dir/MiniOzoneClusterImpl-4c099742-f0a8-499d-a606-d482764d36d7/datanode-6/data/ratis/2fb996d2-0b8f-4226-89bb-c4519756b354 does not exist. Creating ...
2022-03-07 09:50:59,608 [pool-721-thread-1] INFO  storage.RaftStorageDirectory (RaftStorageDirectoryImpl.java:tryLock(230)) - Lock on /home/runner/work/ozone/ozone/hadoop-ozone/integration-test/target/test-dir/MiniOzoneClusterImpl-4c099742-f0a8-499d-a606-d482764d36d7/datanode-6/data/ratis/2fb996d2-0b8f-4226-89bb-c4519756b354/in_use.lock acquired by nodename 23420@fv-az291-317
2022-03-07 09:50:59,617 [pool-721-thread-1] INFO  storage.RaftStorage (RaftStorageImpl.java:format(89)) - Storage directory /home/runner/work/ozone/ozone/hadoop-ozone/integration-test/target/test-dir/MiniOzoneClusterImpl-4c099742-f0a8-499d-a606-d482764d36d7/datanode-6/data/ratis/2fb996d2-0b8f-4226-89bb-c4519756b354 has been successfully formatted.
2022-03-07 09:50:59,633 [pool-721-thread-1] INFO  ratis.ContainerStateMachine (ContainerStateMachine.java:loadSnapshot(236)) - group-C4519756B354: The snapshot info is null. Setting the last applied indexto:(t:0, i:~)
2022-03-07 09:50:59,634 [EventQueue-PipelineReportForPipelineReportHandler] INFO  pipeline.PipelineManagerImpl (PipelineManagerImpl.java:openPipeline(291)) - Pipeline Pipeline[ Id: 2fb996d2-0b8f-4226-89bb-c4519756b354, Nodes: 79ee019c-6239-4f85-9f3b-dddcaaaeb0fb{ip: 10.1.0.49, host: fv-az291-317.wgnan5asplgejimfprtllbpdch.jx.internal.cloudapp.net, ports: [REPLICATION=42249, RATIS=41163, RATIS_ADMIN=41163, RATIS_SERVER=41163, STANDALONE=43119], networkLocation: /default-rack, certSerialId: null, persistedOpState: IN_SERVICE, persistedOpStateExpiryEpochSec: 0}, ReplicationConfig: RATIS/ONE, State:ALLOCATED, leaderId:79ee019c-6239-4f85-9f3b-dddcaaaeb0fb, CreationTimestamp2022-03-07T09:50:56.579Z[Etc/UTC]] moved to OPEN state
2022-03-07 09:50:59,636 [9fd2d42e-0817-4c6b-b2b7-8c945e0a68b4@group-D482764D36D7-StateMachineUpdater] INFO  safemode.HealthyPipelineSafeModeRule (HealthyPipelineSafeModeRule.java:initializeRule(152)) - Refreshed total pipeline count is 0, healthy pipeline threshold count is 1
2022-03-07 09:50:59,637 [EventQueue-OpenPipelineForHealthyPipelineSafeModeRule] INFO  safemode.SCMSafeModeManager (HealthyPipelineSafeModeRule.java:process(124)) - SCM in safe mode. Healthy pipelines reported count is 0, required healthy pipeline reported count is 1
2022-03-07 09:50:59,637 [pool-721-thread-1] INFO  server.RaftServerConfigKeys (ConfUtils.java:logGet(44)) - raft.server.notification.no-leader.timeout = 300000ms (custom)
2022-03-07 09:50:59,637 [pool-721-thread-1] INFO  server.RaftServerConfigKeys (ConfUtils.java:logGet(44)) - raft.server.log.use.memory = false (default)
2022-03-07 09:50:59,637 [pool-721-thread-1] INFO  server.RaftServerConfigKeys (ConfUtils.java:logGet(44)) - raft.server.log.purge.gap = 1000000 (custom)
2022-03-07 09:50:59,637 [pool-721-thread-1] INFO  server.RaftServerConfigKeys (ConfUtils.java:logGet(44)) - raft.server.log.appender.buffer.byte-limit = 33554432 (custom)
2022-03-07 09:50:59,637 [pool-721-thread-1] INFO  server.RaftServerConfigKeys (ConfUtils.java:logGet(44)) - raft.server.log.segment.size.max = 1048576 (custom)
2022-03-07 09:50:59,638 [pool-721-thread-1] INFO  server.RaftServerConfigKeys (ConfUtils.java:logGet(44)) - raft.server.log.segment.cache.num.max = 2 (custom)
2022-03-07 09:50:59,638 [pool-721-thread-1] INFO  server.RaftServerConfigKeys (ConfUtils.java:logGet(44)) - raft.server.log.segment.cache.size.max = 200MB (=209715200) (default)
2022-03-07 09:50:59,638 [pool-721-thread-1] INFO  segmented.SegmentedRaftLogWorker (SegmentedRaftLogWorker.java:<init>(182)) - new 79ee019c-6239-4f85-9f3b-dddcaaaeb0fb@group-C4519756B354-SegmentedRaftLogWorker for RaftStorageImpl:Storage Directory /home/runner/work/ozone/ozone/hadoop-ozone/integration-test/target/test-dir/MiniOzoneClusterImpl-4c099742-f0a8-499d-a606-d482764d36d7/datanode-6/data/ratis/2fb996d2-0b8f-4226-89bb-c4519756b354
2022-03-07 09:50:59,638 [pool-721-thread-1] INFO  server.RaftServerConfigKeys (ConfUtils.java:logGet(44)) - raft.server.log.queue.byte-limit = 4294967296 (custom)
2022-03-07 09:50:59,638 [pool-721-thread-1] INFO  server.RaftServerConfigKeys (ConfUtils.java:logGet(44)) - raft.server.log.queue.element-limit = 1024 (custom)
2022-03-07 09:50:59,638 [pool-721-thread-1] INFO  server.RaftServerConfigKeys (ConfUtils.java:logGet(44)) - raft.server.log.segment.size.max = 1048576 (custom)
2022-03-07 09:50:59,638 [pool-721-thread-1] INFO  server.RaftServerConfigKeys (ConfUtils.java:logGet(44)) - raft.server.log.preallocated.size = 16384 (custom)
2022-03-07 09:50:59,638 [pool-721-thread-1] INFO  server.RaftServerConfigKeys (ConfUtils.java:logGet(44)) - raft.server.log.force.sync.num = 128 (default)
2022-03-07 09:50:59,638 [pool-721-thread-1] INFO  server.RaftServerConfigKeys (ConfUtils.java:logGet(44)) - raft.server.log.statemachine.data.sync = true (default)
2022-03-07 09:50:59,638 [pool-721-thread-1] INFO  server.RaftServerConfigKeys (ConfUtils.java:logGet(44)) - raft.server.log.statemachine.data.sync.timeout = 10s (default)
2022-03-07 09:50:59,638 [pool-721-thread-1] INFO  server.RaftServerConfigKeys (ConfUtils.java:logGet(44)) - raft.server.log.statemachine.data.sync.timeout.retry = -1 (default)
2022-03-07 09:50:59,639 [pool-721-thread-1] INFO  server.RaftServerConfigKeys (ConfUtils.java:logGet(44)) - raft.server.log.write.buffer.size = 1048576 (custom)
2022-03-07 09:50:59,640 [pool-721-thread-1] INFO  server.RaftServerConfigKeys (ConfUtils.java:logGet(44)) - raft.server.log.statemachine.data.caching.enabled = true (custom)
2022-03-07 09:50:59,640 [pool-721-thread-1] INFO  segmented.SegmentedRaftLogWorker (SegmentedRaftLogWorker.java:lambda$new$0(133)) - 79ee019c-6239-4f85-9f3b-dddcaaaeb0fb@group-C4519756B354-SegmentedRaftLogWorker: flushIndex: setUnconditionally 0 -> -1
2022-03-07 09:50:59,640 [pool-721-thread-1] INFO  segmented.SegmentedRaftLogWorker (SegmentedRaftLogWorker.java:lambda$new$0(133)) - 79ee019c-6239-4f85-9f3b-dddcaaaeb0fb@group-C4519756B354-SegmentedRaftLogWorker: safeCacheEvictIndex: setUnconditionally 0 -> -1
2022-03-07 09:50:59,653 [pool-721-thread-1] INFO  server.RaftServerConfigKeys (ConfUtils.java:logGet(44)) - raft.server.snapshot.auto.trigger.enabled = true (custom)
2022-03-07 09:50:59,653 [pool-721-thread-1] INFO  server.RaftServerConfigKeys (ConfUtils.java:logGet(44)) - raft.server.snapshot.auto.trigger.threshold = 10000 (custom)
2022-03-07 09:50:59,653 [pool-721-thread-1] INFO  server.RaftServerConfigKeys (ConfUtils.java:logGet(44)) - raft.server.snapshot.retention.file.num = 5 (custom)
2022-03-07 09:50:59,653 [pool-721-thread-1] INFO  server.RaftServerConfigKeys (ConfUtils.java:logGet(44)) - raft.server.log.purge.upto.snapshot.index = false (default)
2022-03-07 09:50:59,653 [pool-721-thread-1] INFO  server.RaftServerConfigKeys (ConfUtils.java:logGet(44)) - raft.server.retrycache.expirytime = 600000ms (custom)
2022-03-07 09:50:59,654 [pool-721-thread-1] INFO  server.RaftServerConfigKeys (ConfUtils.java:logGet(44)) - raft.server.retrycache.statistics.expirytime = 100μs (default)
2022-03-07 09:50:59,655 [pool-721-thread-1] INFO  server.RaftServer$Division (RaftServerImpl.java:start(301)) - 79ee019c-6239-4f85-9f3b-dddcaaaeb0fb@group-C4519756B354: start as a follower, conf=-1: [79ee019c-6239-4f85-9f3b-dddcaaaeb0fb|rpc:10.1.0.49:41163|priority:1], old=null
2022-03-07 09:50:59,655 [pool-721-thread-1] INFO  server.RaftServer$Division (RaftServerImpl.java:setRole(290)) - 79ee019c-6239-4f85-9f3b-dddcaaaeb0fb@group-C4519756B354: changes role from      null to FOLLOWER at term 0 for startAsFollower
2022-03-07 09:50:59,655 [pool-721-thread-1] INFO  impl.RoleInfo (RoleInfo.java:updateAndGet(130)) - 79ee019c-6239-4f85-9f3b-dddcaaaeb0fb: start 79ee019c-6239-4f85-9f3b-dddcaaaeb0fb@group-C4519756B354-FollowerState
2022-03-07 09:50:59,662 [pool-721-thread-1] INFO  util.JmxRegister (JmxRegister.java:tryRegister(44)) - Successfully registered JMX Bean with object name Ratis:service=RaftServer,group=group-C4519756B354,id=79ee019c-6239-4f85-9f3b-dddcaaaeb0fb
2022-03-07 09:50:59,672 [Command processor thread] INFO  ratis.XceiverServerRatis (XceiverServerRatis.java:addGroup(769)) - Created group PipelineID=2fb996d2-0b8f-4226-89bb-c4519756b354
2022-03-07 09:50:59,672 [Command processor thread] INFO  commandhandler.CreatePipelineCommandHandler (CreatePipelineCommandHandler.java:handle(106)) - Created Pipeline RATIS ONE PipelineID=2fb996d2-0b8f-4226-89bb-c4519756b354.
2022-03-07 09:51:00,405 [Listener at 127.0.0.1/40579] INFO  ozone.MiniOzoneClusterImpl (MiniOzoneClusterImpl.java:lambda$waitForClusterToBeReady$0(219)) - Nodes are ready. Got 7 of 7 DN Heartbeats.
2022-03-07 09:51:00,405 [Listener at 127.0.0.1/40579] INFO  ozone.MiniOzoneClusterImpl (MiniOzoneClusterImpl.java:lambda$waitForClusterToBeReady$0(222)) - Waiting for cluster to exit safe mode
2022-03-07 09:51:00,405 [Listener at 127.0.0.1/40579] INFO  ozone.MiniOzoneClusterImpl (MiniOzoneClusterImpl.java:lambda$waitForClusterToBeReady$0(224)) - SCM became leader
2022-03-07 09:51:01,406 [Listener at 127.0.0.1/40579] INFO  ozone.MiniOzoneClusterImpl (MiniOzoneClusterImpl.java:lambda$waitForClusterToBeReady$0(219)) - Nodes are ready. Got 7 of 7 DN Heartbeats.
2022-03-07 09:51:01,406 [Listener at 127.0.0.1/40579] INFO  ozone.MiniOzoneClusterImpl (MiniOzoneClusterImpl.java:lambda$waitForClusterToBeReady$0(222)) - Waiting for cluster to exit safe mode
2022-03-07 09:51:01,406 [Listener at 127.0.0.1/40579] INFO  ozone.MiniOzoneClusterImpl (MiniOzoneClusterImpl.java:lambda$waitForClusterToBeReady$0(224)) - SCM became leader
2022-03-07 09:51:01,620 [728f99e8-418e-4b00-b2e8-36f688b477dd@group-296081326884-FollowerState] INFO  impl.FollowerState (FollowerState.java:run(134)) - 728f99e8-418e-4b00-b2e8-36f688b477dd@group-296081326884-FollowerState: change to CANDIDATE, lastRpcElapsedTime:5174281270ns, electionTimeout:5131ms
2022-03-07 09:51:01,620 [728f99e8-418e-4b00-b2e8-36f688b477dd@group-296081326884-FollowerState] INFO  impl.RoleInfo (RoleInfo.java:shutdownFollowerState(108)) - 728f99e8-418e-4b00-b2e8-36f688b477dd: shutdown 728f99e8-418e-4b00-b2e8-36f688b477dd@group-296081326884-FollowerState
2022-03-07 09:51:01,620 [728f99e8-418e-4b00-b2e8-36f688b477dd@group-296081326884-FollowerState] INFO  server.RaftServer$Division (RaftServerImpl.java:setRole(290)) - 728f99e8-418e-4b00-b2e8-36f688b477dd@group-296081326884: changes role from  FOLLOWER to CANDIDATE at term 0 for changeToCandidate
2022-03-07 09:51:01,622 [728f99e8-418e-4b00-b2e8-36f688b477dd@group-296081326884-FollowerState] INFO  server.RaftServerConfigKeys (ConfUtils.java:logGet(44)) - raft.server.leaderelection.pre-vote = false (custom)
2022-03-07 09:51:01,623 [728f99e8-418e-4b00-b2e8-36f688b477dd@group-296081326884-FollowerState] INFO  impl.RoleInfo (RoleInfo.java:updateAndGet(130)) - 728f99e8-418e-4b00-b2e8-36f688b477dd: start 728f99e8-418e-4b00-b2e8-36f688b477dd@group-296081326884-LeaderElection75
2022-03-07 09:51:01,647 [728f99e8-418e-4b00-b2e8-36f688b477dd@group-296081326884-LeaderElection75] INFO  impl.LeaderElection (LeaderElection.java:askForVotes(306)) - 728f99e8-418e-4b00-b2e8-36f688b477dd@group-296081326884-LeaderElection75 ELECTION round 0: submit vote requests at term 1 for -1: [728f99e8-418e-4b00-b2e8-36f688b477dd|rpc:10.1.0.49:44013|priority:1], old=null
2022-03-07 09:51:01,647 [728f99e8-418e-4b00-b2e8-36f688b477dd@group-296081326884-LeaderElection75] INFO  impl.LeaderElection (LeaderElection.java:askForVotes(308)) - 728f99e8-418e-4b00-b2e8-36f688b477dd@group-296081326884-LeaderElection75 ELECTION round 0: result PASSED (term=1)
2022-03-07 09:51:01,647 [728f99e8-418e-4b00-b2e8-36f688b477dd@group-296081326884-LeaderElection75] INFO  impl.RoleInfo (RoleInfo.java:shutdownLeaderElection(121)) - 728f99e8-418e-4b00-b2e8-36f688b477dd: shutdown 728f99e8-418e-4b00-b2e8-36f688b477dd@group-296081326884-LeaderElection75
2022-03-07 09:51:01,647 [728f99e8-418e-4b00-b2e8-36f688b477dd@group-296081326884-LeaderElection75] INFO  server.RaftServer$Division (RaftServerImpl.java:setRole(290)) - 728f99e8-418e-4b00-b2e8-36f688b477dd@group-296081326884: changes role from CANDIDATE to LEADER at term 1 for changeToLeader
2022-03-07 09:51:01,648 [728f99e8-418e-4b00-b2e8-36f688b477dd@group-296081326884-LeaderElection75] INFO  ratis.XceiverServerRatis (XceiverServerRatis.java:handleLeaderChangedNotification(867)) - Leader change notification received for group: group-296081326884 with new leaderId: 728f99e8-418e-4b00-b2e8-36f688b477dd
2022-03-07 09:51:01,648 [728f99e8-418e-4b00-b2e8-36f688b477dd@group-8E452AA84769-FollowerState] INFO  impl.FollowerState (FollowerState.java:run(134)) - 728f99e8-418e-4b00-b2e8-36f688b477dd@group-8E452AA84769-FollowerState: change to CANDIDATE, lastRpcElapsedTime:5115642847ns, electionTimeout:5106ms
2022-03-07 09:51:01,648 [728f99e8-418e-4b00-b2e8-36f688b477dd@group-8E452AA84769-FollowerState] INFO  impl.RoleInfo (RoleInfo.java:shutdownFollowerState(108)) - 728f99e8-418e-4b00-b2e8-36f688b477dd: shutdown 728f99e8-418e-4b00-b2e8-36f688b477dd@group-8E452AA84769-FollowerState
2022-03-07 09:51:01,648 [728f99e8-418e-4b00-b2e8-36f688b477dd@group-8E452AA84769-FollowerState] INFO  server.RaftServer$Division (RaftServerImpl.java:setRole(290)) - 728f99e8-418e-4b00-b2e8-36f688b477dd@group-8E452AA84769: changes role from  FOLLOWER to CANDIDATE at term 0 for changeToCandidate
2022-03-07 09:51:01,648 [728f99e8-418e-4b00-b2e8-36f688b477dd@group-8E452AA84769-FollowerState] INFO  server.RaftServerConfigKeys (ConfUtils.java:logGet(44)) - raft.server.leaderelection.pre-vote = false (custom)
2022-03-07 09:51:01,648 [728f99e8-418e-4b00-b2e8-36f688b477dd@group-8E452AA84769-FollowerState] INFO  impl.RoleInfo (RoleInfo.java:updateAndGet(130)) - 728f99e8-418e-4b00-b2e8-36f688b477dd: start 728f99e8-418e-4b00-b2e8-36f688b477dd@group-8E452AA84769-LeaderElection76
2022-03-07 09:51:01,690 [728f99e8-418e-4b00-b2e8-36f688b477dd@group-296081326884-LeaderElection75] INFO  server.RaftServer$Division (ServerState.java:setLeader(285)) - 728f99e8-418e-4b00-b2e8-36f688b477dd@group-296081326884: change Leader from null to 728f99e8-418e-4b00-b2e8-36f688b477dd at term 1 for becomeLeader, leader elected after 5211ms
2022-03-07 09:51:01,690 [728f99e8-418e-4b00-b2e8-36f688b477dd@group-296081326884-LeaderElection75] INFO  server.RaftServerConfigKeys (ConfUtils.java:logGet(44)) - raft.server.staging.catchup.gap = 1000 (default)
2022-03-07 09:51:01,693 [728f99e8-418e-4b00-b2e8-36f688b477dd@group-8E452AA84769-LeaderElection76] INFO  impl.LeaderElection (LeaderElection.java:askForVotes(306)) - 728f99e8-418e-4b00-b2e8-36f688b477dd@group-8E452AA84769-LeaderElection76 ELECTION round 0: submit vote requests at term 1 for -1: [728f99e8-418e-4b00-b2e8-36f688b477dd|rpc:10.1.0.49:44013|priority:0, 616d314c-ba0d-49c9-8f1d-797448dad8fd|rpc:10.1.0.49:39129|priority:1, cd9cff4b-1bd9-497e-976c-8eec10b9db64|rpc:10.1.0.49:42923|priority:0], old=null
2022-03-07 09:51:01,699 [616d314c-ba0d-49c9-8f1d-797448dad8fd@group-8E452AA84769-FollowerState] INFO  impl.FollowerState (FollowerState.java:run(134)) - 616d314c-ba0d-49c9-8f1d-797448dad8fd@group-8E452AA84769-FollowerState: change to CANDIDATE, lastRpcElapsedTime:5067966640ns, electionTimeout:5067ms
2022-03-07 09:51:01,699 [616d314c-ba0d-49c9-8f1d-797448dad8fd@group-8E452AA84769-FollowerState] INFO  impl.RoleInfo (RoleInfo.java:shutdownFollowerState(108)) - 616d314c-ba0d-49c9-8f1d-797448dad8fd: shutdown 616d314c-ba0d-49c9-8f1d-797448dad8fd@group-8E452AA84769-FollowerState
2022-03-07 09:51:01,699 [616d314c-ba0d-49c9-8f1d-797448dad8fd@group-8E452AA84769-FollowerState] INFO  server.RaftServer$Division (RaftServerImpl.java:setRole(290)) - 616d314c-ba0d-49c9-8f1d-797448dad8fd@group-8E452AA84769: changes role from  FOLLOWER to CANDIDATE at term 0 for changeToCandidate
2022-03-07 09:51:01,728 [728f99e8-418e-4b00-b2e8-36f688b477dd@group-296081326884-LeaderElection75] INFO  server.RaftServerConfigKeys (ConfUtils.java:logGet(44)) - raft.server.write.element-limit = 1024 (custom)
2022-03-07 09:51:01,728 [728f99e8-418e-4b00-b2e8-36f688b477dd@group-296081326884-LeaderElection75] INFO  server.RaftServerConfigKeys (ConfUtils.java:logGet(44)) - raft.server.write.byte-limit = 1024 M (=1073741824) (custom)
2022-03-07 09:51:01,729 [728f99e8-418e-4b00-b2e8-36f688b477dd@group-296081326884-LeaderElection75] INFO  server.RaftServerConfigKeys (ConfUtils.java:logGet(44)) - raft.server.watch.timeout = 3000ms (custom)
2022-03-07 09:51:01,729 [728f99e8-418e-4b00-b2e8-36f688b477dd@group-296081326884-LeaderElection75] INFO  server.RaftServerConfigKeys (ConfUtils.java:logGet(44)) - raft.server.watch.timeout.denomination = 1s (default)
2022-03-07 09:51:01,729 [728f99e8-418e-4b00-b2e8-36f688b477dd@group-296081326884-LeaderElection75] INFO  server.RaftServerConfigKeys (ConfUtils.java:logGet(44)) - raft.server.watch.element-limit = 65536 (default)
2022-03-07 09:51:01,729 [728f99e8-418e-4b00-b2e8-36f688b477dd@group-296081326884-LeaderElection75] INFO  server.RaftServerConfigKeys (ConfUtils.java:logGet(44)) - raft.server.write.element-limit = 1024 (custom)
2022-03-07 09:51:01,729 [728f99e8-418e-4b00-b2e8-36f688b477dd@group-296081326884-LeaderElection75] INFO  server.RaftServerConfigKeys (ConfUtils.java:logGet(44)) - raft.server.write.follower.gap.ratio.max = -1.0 (default)
2022-03-07 09:51:01,729 [728f99e8-418e-4b00-b2e8-36f688b477dd@group-296081326884-LeaderElection75] INFO  impl.RoleInfo (RoleInfo.java:updateAndGet(130)) - 728f99e8-418e-4b00-b2e8-36f688b477dd: start 728f99e8-418e-4b00-b2e8-36f688b477dd@group-296081326884-LeaderStateImpl
2022-03-07 09:51:01,729 [728f99e8-418e-4b00-b2e8-36f688b477dd@group-296081326884-LeaderElection75] INFO  segmented.SegmentedRaftLogWorker (SegmentedRaftLogWorker.java:startLogSegment(394)) - 728f99e8-418e-4b00-b2e8-36f688b477dd@group-296081326884-SegmentedRaftLogWorker: Starting segment from index:0
2022-03-07 09:51:01,734 [EventQueue-OpenPipelineForHealthyPipelineSafeModeRule] INFO  safemode.SCMSafeModeManager (HealthyPipelineSafeModeRule.java:process(124)) - SCM in safe mode. Healthy pipelines reported count is 0, required healthy pipeline reported count is 1
2022-03-07 09:51:01,735 [728f99e8-418e-4b00-b2e8-36f688b477dd@group-296081326884-SegmentedRaftLogWorker] INFO  segmented.SegmentedRaftLogWorker (SegmentedRaftLogWorker.java:execute(601)) - 728f99e8-418e-4b00-b2e8-36f688b477dd@group-296081326884-SegmentedRaftLogWorker: created new log segment /home/runner/work/ozone/ozone/hadoop-ozone/integration-test/target/test-dir/MiniOzoneClusterImpl-4c099742-f0a8-499d-a606-d482764d36d7/datanode-0/data/ratis/6774cf86-b56c-416d-81c1-296081326884/current/log_inprogress_0
2022-03-07 09:51:01,742 [728f99e8-418e-4b00-b2e8-36f688b477dd@group-296081326884-LeaderElection75] INFO  server.RaftServer$Division (ServerState.java:setRaftConf(387)) - 728f99e8-418e-4b00-b2e8-36f688b477dd@group-296081326884: set configuration 0: [728f99e8-418e-4b00-b2e8-36f688b477dd|rpc:10.1.0.49:44013|dataStream:|priority:1], old=null
2022-03-07 09:51:01,749 [grpc-default-executor-2] INFO  server.RaftServer$Division (RaftServerImpl.java:requestVote(1046)) - 616d314c-ba0d-49c9-8f1d-797448dad8fd@group-8E452AA84769: receive requestVote(ELECTION, 728f99e8-418e-4b00-b2e8-36f688b477dd, group-8E452AA84769, 1, (t:0, i:0))
2022-03-07 09:51:01,752 [616d314c-ba0d-49c9-8f1d-797448dad8fd@group-8E452AA84769-FollowerState] INFO  server.RaftServerConfigKeys (ConfUtils.java:logGet(44)) - raft.server.leaderelection.pre-vote = false (custom)
2022-03-07 09:51:01,752 [616d314c-ba0d-49c9-8f1d-797448dad8fd@group-8E452AA84769-FollowerState] INFO  impl.RoleInfo (RoleInfo.java:updateAndGet(130)) - 616d314c-ba0d-49c9-8f1d-797448dad8fd: start 616d314c-ba0d-49c9-8f1d-797448dad8fd@group-8E452AA84769-LeaderElection77
2022-03-07 09:51:01,758 [grpc-default-executor-2] INFO  impl.VoteContext (VoteContext.java:log(48)) - 616d314c-ba0d-49c9-8f1d-797448dad8fd@group-8E452AA84769-CANDIDATE: reject ELECTION from 728f99e8-418e-4b00-b2e8-36f688b477dd: our priority 1 > candidate's priority 0
2022-03-07 09:51:01,758 [grpc-default-executor-2] INFO  server.RaftServer$Division (RaftServerImpl.java:setRole(290)) - 616d314c-ba0d-49c9-8f1d-797448dad8fd@group-8E452AA84769: changes role from CANDIDATE to FOLLOWER at term 1 for candidate:728f99e8-418e-4b00-b2e8-36f688b477dd
2022-03-07 09:51:01,758 [grpc-default-executor-2] INFO  impl.RoleInfo (RoleInfo.java:shutdownLeaderElection(121)) - 616d314c-ba0d-49c9-8f1d-797448dad8fd: shutdown 616d314c-ba0d-49c9-8f1d-797448dad8fd@group-8E452AA84769-LeaderElection77
2022-03-07 09:51:01,758 [grpc-default-executor-2] INFO  impl.RoleInfo (RoleInfo.java:updateAndGet(130)) - 616d314c-ba0d-49c9-8f1d-797448dad8fd: start 616d314c-ba0d-49c9-8f1d-797448dad8fd@group-8E452AA84769-FollowerState
2022-03-07 09:51:01,758 [616d314c-ba0d-49c9-8f1d-797448dad8fd@group-8E452AA84769-LeaderElection77] INFO  impl.LeaderElection (LeaderElection.java:run(230)) - 616d314c-ba0d-49c9-8f1d-797448dad8fd@group-8E452AA84769-LeaderElection77: skip running since this is already CLOSING
2022-03-07 09:51:01,784 [grpc-default-executor-2] INFO  server.RaftServer$Division (RaftServerImpl.java:requestVote(1078)) - 616d314c-ba0d-49c9-8f1d-797448dad8fd@group-8E452AA84769 replies to ELECTION vote request: 728f99e8-418e-4b00-b2e8-36f688b477dd<-616d314c-ba0d-49c9-8f1d-797448dad8fd#0:FAIL-t1. Peer's state: 616d314c-ba0d-49c9-8f1d-797448dad8fd@group-8E452AA84769:t1, leader=null, voted=null, raftlog=616d314c-ba0d-49c9-8f1d-797448dad8fd@group-8E452AA84769-SegmentedRaftLog:OPENED:c-1, conf=-1: [728f99e8-418e-4b00-b2e8-36f688b477dd|rpc:10.1.0.49:44013|dataStream:|priority:0, 616d314c-ba0d-49c9-8f1d-797448dad8fd|rpc:10.1.0.49:39129|dataStream:|priority:1, cd9cff4b-1bd9-497e-976c-8eec10b9db64|rpc:10.1.0.49:42923|dataStream:|priority:0], old=null
2022-03-07 09:51:01,789 [grpc-default-executor-2] INFO  server.RaftServer$Division (RaftServerImpl.java:requestVote(1046)) - cd9cff4b-1bd9-497e-976c-8eec10b9db64@group-8E452AA84769: receive requestVote(ELECTION, 728f99e8-418e-4b00-b2e8-36f688b477dd, group-8E452AA84769, 1, (t:0, i:0))
2022-03-07 09:51:01,789 [grpc-default-executor-2] INFO  impl.VoteContext (VoteContext.java:log(48)) - cd9cff4b-1bd9-497e-976c-8eec10b9db64@group-8E452AA84769-FOLLOWER: accept ELECTION from 728f99e8-418e-4b00-b2e8-36f688b477dd: our priority 0 <= candidate's priority 0
2022-03-07 09:51:01,789 [grpc-default-executor-2] INFO  server.RaftServer$Division (RaftServerImpl.java:setRole(290)) - cd9cff4b-1bd9-497e-976c-8eec10b9db64@group-8E452AA84769: changes role from  FOLLOWER to FOLLOWER at term 1 for candidate:728f99e8-418e-4b00-b2e8-36f688b477dd
2022-03-07 09:51:01,789 [grpc-default-executor-2] INFO  impl.RoleInfo (RoleInfo.java:shutdownFollowerState(108)) - cd9cff4b-1bd9-497e-976c-8eec10b9db64: shutdown cd9cff4b-1bd9-497e-976c-8eec10b9db64@group-8E452AA84769-FollowerState
2022-03-07 09:51:01,789 [grpc-default-executor-2] INFO  impl.RoleInfo (RoleInfo.java:updateAndGet(130)) - cd9cff4b-1bd9-497e-976c-8eec10b9db64: start cd9cff4b-1bd9-497e-976c-8eec10b9db64@group-8E452AA84769-FollowerState
2022-03-07 09:51:01,790 [cd9cff4b-1bd9-497e-976c-8eec10b9db64@group-8E452AA84769-FollowerState] INFO  impl.FollowerState (FollowerState.java:run(143)) - cd9cff4b-1bd9-497e-976c-8eec10b9db64@group-8E452AA84769-FollowerState was interrupted: {}
java.lang.InterruptedException: sleep interrupted
	at java.lang.Thread.sleep(Native Method)
	at java.lang.Thread.sleep(Thread.java:342)
	at java.util.concurrent.TimeUnit.sleep(TimeUnit.java:386)
	at org.apache.ratis.util.TimeDuration.sleep(TimeDuration.java:324)
	at org.apache.ratis.util.TimeDuration.sleep(TimeDuration.java:309)
	at org.apache.ratis.server.impl.FollowerState.run(FollowerState.java:118)
2022-03-07 09:51:01,821 [grpc-default-executor-2] INFO  server.RaftServer$Division (RaftServerImpl.java:requestVote(1078)) - cd9cff4b-1bd9-497e-976c-8eec10b9db64@group-8E452AA84769 replies to ELECTION vote request: 728f99e8-418e-4b00-b2e8-36f688b477dd<-cd9cff4b-1bd9-497e-976c-8eec10b9db64#0:OK-t1. Peer's state: cd9cff4b-1bd9-497e-976c-8eec10b9db64@group-8E452AA84769:t1, leader=null, voted=728f99e8-418e-4b00-b2e8-36f688b477dd, raftlog=cd9cff4b-1bd9-497e-976c-8eec10b9db64@group-8E452AA84769-SegmentedRaftLog:OPENED:c-1, conf=-1: [728f99e8-418e-4b00-b2e8-36f688b477dd|rpc:10.1.0.49:44013|dataStream:|priority:0, 616d314c-ba0d-49c9-8f1d-797448dad8fd|rpc:10.1.0.49:39129|dataStream:|priority:1, cd9cff4b-1bd9-497e-976c-8eec10b9db64|rpc:10.1.0.49:42923|dataStream:|priority:0], old=null
2022-03-07 09:51:01,848 [728f99e8-418e-4b00-b2e8-36f688b477dd@group-8E452AA84769-LeaderElection76] INFO  impl.LeaderElection (LeaderElection.java:logAndReturn(89)) - 728f99e8-418e-4b00-b2e8-36f688b477dd@group-8E452AA84769-LeaderElection76: ELECTION REJECTED received 1 response(s) and 0 exception(s):
2022-03-07 09:51:01,848 [728f99e8-418e-4b00-b2e8-36f688b477dd@group-8E452AA84769-LeaderElection76] INFO  impl.LeaderElection (LeaderElection.java:logAndReturn(93)) -   Response 0: 728f99e8-418e-4b00-b2e8-36f688b477dd<-616d314c-ba0d-49c9-8f1d-797448dad8fd#0:FAIL-t1
2022-03-07 09:51:01,848 [728f99e8-418e-4b00-b2e8-36f688b477dd@group-8E452AA84769-LeaderElection76] INFO  impl.LeaderElection (LeaderElection.java:askForVotes(308)) - 728f99e8-418e-4b00-b2e8-36f688b477dd@group-8E452AA84769-LeaderElection76 ELECTION round 0: result REJECTED
2022-03-07 09:51:01,848 [728f99e8-418e-4b00-b2e8-36f688b477dd@group-8E452AA84769-LeaderElection76] INFO  server.RaftServer$Division (RaftServerImpl.java:setRole(290)) - 728f99e8-418e-4b00-b2e8-36f688b477dd@group-8E452AA84769: changes role from CANDIDATE to FOLLOWER at term 1 for REJECTED
2022-03-07 09:51:01,848 [728f99e8-418e-4b00-b2e8-36f688b477dd@group-8E452AA84769-LeaderElection76] INFO  impl.RoleInfo (RoleInfo.java:shutdownLeaderElection(121)) - 728f99e8-418e-4b00-b2e8-36f688b477dd: shutdown 728f99e8-418e-4b00-b2e8-36f688b477dd@group-8E452AA84769-LeaderElection76
2022-03-07 09:51:01,848 [728f99e8-418e-4b00-b2e8-36f688b477dd@group-8E452AA84769-LeaderElection76] INFO  impl.RoleInfo (RoleInfo.java:updateAndGet(130)) - 728f99e8-418e-4b00-b2e8-36f688b477dd: start 728f99e8-418e-4b00-b2e8-36f688b477dd@group-8E452AA84769-FollowerState
2022-03-07 09:51:01,883 [616d314c-ba0d-49c9-8f1d-797448dad8fd@group-8D08D2C66B42-FollowerState] INFO  impl.FollowerState (FollowerState.java:run(134)) - 616d314c-ba0d-49c9-8f1d-797448dad8fd@group-8D08D2C66B42-FollowerState: change to CANDIDATE, lastRpcElapsedTime:5015970486ns, electionTimeout:5012ms
2022-03-07 09:51:01,883 [616d314c-ba0d-49c9-8f1d-797448dad8fd@group-8D08D2C66B42-FollowerState] INFO  impl.RoleInfo (RoleInfo.java:shutdownFollowerState(108)) - 616d314c-ba0d-49c9-8f1d-797448dad8fd: shutdown 616d314c-ba0d-49c9-8f1d-797448dad8fd@group-8D08D2C66B42-FollowerState
2022-03-07 09:51:01,883 [616d314c-ba0d-49c9-8f1d-797448dad8fd@group-8D08D2C66B42-FollowerState] INFO  server.RaftServer$Division (RaftServerImpl.java:setRole(290)) - 616d314c-ba0d-49c9-8f1d-797448dad8fd@group-8D08D2C66B42: changes role from  FOLLOWER to CANDIDATE at term 0 for changeToCandidate
2022-03-07 09:51:01,884 [616d314c-ba0d-49c9-8f1d-797448dad8fd@group-8D08D2C66B42-FollowerState] INFO  server.RaftServerConfigKeys (ConfUtils.java:logGet(44)) - raft.server.leaderelection.pre-vote = false (custom)
2022-03-07 09:51:01,884 [616d314c-ba0d-49c9-8f1d-797448dad8fd@group-8D08D2C66B42-FollowerState] INFO  impl.RoleInfo (RoleInfo.java:updateAndGet(130)) - 616d314c-ba0d-49c9-8f1d-797448dad8fd: start 616d314c-ba0d-49c9-8f1d-797448dad8fd@group-8D08D2C66B42-LeaderElection78
2022-03-07 09:51:01,893 [728f99e8-418e-4b00-b2e8-36f688b477dd@group-35BB7CC600D3-FollowerState] INFO  impl.FollowerState (FollowerState.java:run(134)) - 728f99e8-418e-4b00-b2e8-36f688b477dd@group-35BB7CC600D3-FollowerState: change to CANDIDATE, lastRpcElapsedTime:5080834475ns, electionTimeout:5080ms
2022-03-07 09:51:01,893 [728f99e8-418e-4b00-b2e8-36f688b477dd@group-35BB7CC600D3-FollowerState] INFO  impl.RoleInfo (RoleInfo.java:shutdownFollowerState(108)) - 728f99e8-418e-4b00-b2e8-36f688b477dd: shutdown 728f99e8-418e-4b00-b2e8-36f688b477dd@group-35BB7CC600D3-FollowerState
2022-03-07 09:51:01,893 [728f99e8-418e-4b00-b2e8-36f688b477dd@group-35BB7CC600D3-FollowerState] INFO  server.RaftServer$Division (RaftServerImpl.java:setRole(290)) - 728f99e8-418e-4b00-b2e8-36f688b477dd@group-35BB7CC600D3: changes role from  FOLLOWER to CANDIDATE at term 0 for changeToCandidate
2022-03-07 09:51:01,894 [728f99e8-418e-4b00-b2e8-36f688b477dd@group-35BB7CC600D3-FollowerState] INFO  server.RaftServerConfigKeys (ConfUtils.java:logGet(44)) - raft.server.leaderelection.pre-vote = false (custom)
2022-03-07 09:51:01,894 [728f99e8-418e-4b00-b2e8-36f688b477dd@group-35BB7CC600D3-FollowerState] INFO  impl.RoleInfo (RoleInfo.java:updateAndGet(130)) - 728f99e8-418e-4b00-b2e8-36f688b477dd: start 728f99e8-418e-4b00-b2e8-36f688b477dd@group-35BB7CC600D3-LeaderElection79
2022-03-07 09:51:01,969 [728f99e8-418e-4b00-b2e8-36f688b477dd@group-35BB7CC600D3-LeaderElection79] INFO  impl.LeaderElection (LeaderElection.java:askForVotes(306)) - 728f99e8-418e-4b00-b2e8-36f688b477dd@group-35BB7CC600D3-LeaderElection79 ELECTION round 0: submit vote requests at term 1 for -1: [728f99e8-418e-4b00-b2e8-36f688b477dd|rpc:10.1.0.49:44013|priority:0, 616d314c-ba0d-49c9-8f1d-797448dad8fd|rpc:10.1.0.49:39129|priority:0, cd9cff4b-1bd9-497e-976c-8eec10b9db64|rpc:10.1.0.49:42923|priority:1], old=null
2022-03-07 09:51:01,976 [616d314c-ba0d-49c9-8f1d-797448dad8fd@group-8D08D2C66B42-LeaderElection78] INFO  impl.LeaderElection (LeaderElection.java:askForVotes(306)) - 616d314c-ba0d-49c9-8f1d-797448dad8fd@group-8D08D2C66B42-LeaderElection78 ELECTION round 0: submit vote requests at term 1 for -1: [616d314c-ba0d-49c9-8f1d-797448dad8fd|rpc:10.1.0.49:39129|priority:1], old=null
2022-03-07 09:51:01,976 [616d314c-ba0d-49c9-8f1d-797448dad8fd@group-8D08D2C66B42-LeaderElection78] INFO  impl.LeaderElection (LeaderElection.java:askForVotes(308)) - 616d314c-ba0d-49c9-8f1d-797448dad8fd@group-8D08D2C66B42-LeaderElection78 ELECTION round 0: result PASSED (term=1)
2022-03-07 09:51:01,976 [616d314c-ba0d-49c9-8f1d-797448dad8fd@group-8D08D2C66B42-LeaderElection78] INFO  impl.RoleInfo (RoleInfo.java:shutdownLeaderElection(121)) - 616d314c-ba0d-49c9-8f1d-797448dad8fd: shutdown 616d314c-ba0d-49c9-8f1d-797448dad8fd@group-8D08D2C66B42-LeaderElection78
2022-03-07 09:51:01,976 [616d314c-ba0d-49c9-8f1d-797448dad8fd@group-8D08D2C66B42-LeaderElection78] INFO  server.RaftServer$Division (RaftServerImpl.java:setRole(290)) - 616d314c-ba0d-49c9-8f1d-797448dad8fd@group-8D08D2C66B42: changes role from CANDIDATE to LEADER at term 1 for changeToLeader
2022-03-07 09:51:01,976 [616d314c-ba0d-49c9-8f1d-797448dad8fd@group-8D08D2C66B42-LeaderElection78] INFO  ratis.XceiverServerRatis (XceiverServerRatis.java:handleLeaderChangedNotification(867)) - Leader change notification received for group: group-8D08D2C66B42 with new leaderId: 616d314c-ba0d-49c9-8f1d-797448dad8fd
2022-03-07 09:51:01,981 [grpc-default-executor-2] INFO  server.RaftServer$Division (RaftServerImpl.java:requestVote(1046)) - 616d314c-ba0d-49c9-8f1d-797448dad8fd@group-35BB7CC600D3: receive requestVote(ELECTION, 728f99e8-418e-4b00-b2e8-36f688b477dd, group-35BB7CC600D3, 1, (t:0, i:0))
2022-03-07 09:51:01,981 [grpc-default-executor-2] INFO  impl.VoteContext (VoteContext.java:log(48)) - 616d314c-ba0d-49c9-8f1d-797448dad8fd@group-35BB7CC600D3-FOLLOWER: accept ELECTION from 728f99e8-418e-4b00-b2e8-36f688b477dd: our priority 0 <= candidate's priority 0
2022-03-07 09:51:01,981 [grpc-default-executor-2] INFO  server.RaftServer$Division (RaftServerImpl.java:setRole(290)) - 616d314c-ba0d-49c9-8f1d-797448dad8fd@group-35BB7CC600D3: changes role from  FOLLOWER to FOLLOWER at term 1 for candidate:728f99e8-418e-4b00-b2e8-36f688b477dd
2022-03-07 09:51:01,981 [grpc-default-executor-2] INFO  impl.RoleInfo (RoleInfo.java:shutdownFollowerState(108)) - 616d314c-ba0d-49c9-8f1d-797448dad8fd: shutdown 616d314c-ba0d-49c9-8f1d-797448dad8fd@group-35BB7CC600D3-FollowerState
2022-03-07 09:51:01,994 [grpc-default-executor-2] INFO  impl.RoleInfo (RoleInfo.java:updateAndGet(130)) - 616d314c-ba0d-49c9-8f1d-797448dad8fd: start 616d314c-ba0d-49c9-8f1d-797448dad8fd@group-35BB7CC600D3-FollowerState
2022-03-07 09:51:01,994 [616d314c-ba0d-49c9-8f1d-797448dad8fd@group-35BB7CC600D3-FollowerState] INFO  impl.FollowerState (FollowerState.java:run(143)) - 616d314c-ba0d-49c9-8f1d-797448dad8fd@group-35BB7CC600D3-FollowerState was interrupted: {}
java.lang.InterruptedException: sleep interrupted
	at java.lang.Thread.sleep(Native Method)
	at java.lang.Thread.sleep(Thread.java:342)
	at java.util.concurrent.TimeUnit.sleep(TimeUnit.java:386)
	at org.apache.ratis.util.TimeDuration.sleep(TimeDuration.java:324)
	at org.apache.ratis.util.TimeDuration.sleep(TimeDuration.java:309)
	at org.apache.ratis.server.impl.FollowerState.run(FollowerState.java:118)
2022-03-07 09:51:01,998 [grpc-default-executor-3] INFO  server.RaftServer$Division (RaftServerImpl.java:requestVote(1046)) - cd9cff4b-1bd9-497e-976c-8eec10b9db64@group-35BB7CC600D3: receive requestVote(ELECTION, 728f99e8-418e-4b00-b2e8-36f688b477dd, group-35BB7CC600D3, 1, (t:0, i:0))
2022-03-07 09:51:01,998 [grpc-default-executor-3] INFO  impl.VoteContext (VoteContext.java:log(48)) - cd9cff4b-1bd9-497e-976c-8eec10b9db64@group-35BB7CC600D3-FOLLOWER: reject ELECTION from 728f99e8-418e-4b00-b2e8-36f688b477dd: our priority 1 > candidate's priority 0
2022-03-07 09:51:01,998 [grpc-default-executor-3] INFO  server.RaftServer$Division (RaftServerImpl.java:setRole(290)) - cd9cff4b-1bd9-497e-976c-8eec10b9db64@group-35BB7CC600D3: changes role from  FOLLOWER to FOLLOWER at term 1 for candidate:728f99e8-418e-4b00-b2e8-36f688b477dd
2022-03-07 09:51:01,998 [grpc-default-executor-3] INFO  impl.RoleInfo (RoleInfo.java:shutdownFollowerState(108)) - cd9cff4b-1bd9-497e-976c-8eec10b9db64: shutdown cd9cff4b-1bd9-497e-976c-8eec10b9db64@group-35BB7CC600D3-FollowerState
2022-03-07 09:51:02,008 [616d314c-ba0d-49c9-8f1d-797448dad8fd@group-8D08D2C66B42-LeaderElection78] INFO  server.RaftServer$Division (ServerState.java:setLeader(285)) - 616d314c-ba0d-49c9-8f1d-797448dad8fd@group-8D08D2C66B42: change Leader from null to 616d314c-ba0d-49c9-8f1d-797448dad8fd at term 1 for becomeLeader, leader elected after 5139ms
2022-03-07 09:51:02,008 [616d314c-ba0d-49c9-8f1d-797448dad8fd@group-8D08D2C66B42-LeaderElection78] INFO  server.RaftServerConfigKeys (ConfUtils.java:logGet(44)) - raft.server.staging.catchup.gap = 1000 (default)
2022-03-07 09:51:02,009 [616d314c-ba0d-49c9-8f1d-797448dad8fd@group-8D08D2C66B42-LeaderElection78] INFO  server.RaftServerConfigKeys (ConfUtils.java:logGet(44)) - raft.server.write.element-limit = 1024 (custom)
2022-03-07 09:51:02,009 [616d314c-ba0d-49c9-8f1d-797448dad8fd@group-8D08D2C66B42-LeaderElection78] INFO  server.RaftServerConfigKeys (ConfUtils.java:logGet(44)) - raft.server.write.byte-limit = 1024 M (=1073741824) (custom)
2022-03-07 09:51:02,010 [EventQueue-OpenPipelineForHealthyPipelineSafeModeRule] INFO  safemode.SCMSafeModeManager (HealthyPipelineSafeModeRule.java:process(124)) - SCM in safe mode. Healthy pipelines reported count is 0, required healthy pipeline reported count is 1
2022-03-07 09:51:02,010 [616d314c-ba0d-49c9-8f1d-797448dad8fd@group-8D08D2C66B42-LeaderElection78] INFO  server.RaftServerConfigKeys (ConfUtils.java:logGet(44)) - raft.server.watch.timeout = 3000ms (custom)
2022-03-07 09:51:02,010 [616d314c-ba0d-49c9-8f1d-797448dad8fd@group-8D08D2C66B42-LeaderElection78] INFO  server.RaftServerConfigKeys (ConfUtils.java:logGet(44)) - raft.server.watch.timeout.denomination = 1s (default)
2022-03-07 09:51:02,010 [616d314c-ba0d-49c9-8f1d-797448dad8fd@group-8D08D2C66B42-LeaderElection78] INFO  server.RaftServerConfigKeys (ConfUtils.java:logGet(44)) - raft.server.watch.element-limit = 65536 (default)
2022-03-07 09:51:02,010 [616d314c-ba0d-49c9-8f1d-797448dad8fd@group-8D08D2C66B42-LeaderElection78] INFO  server.RaftServerConfigKeys (ConfUtils.java:logGet(44)) - raft.server.write.element-limit = 1024 (custom)
2022-03-07 09:51:02,010 [616d314c-ba0d-49c9-8f1d-797448dad8fd@group-8D08D2C66B42-LeaderElection78] INFO  server.RaftServerConfigKeys (ConfUtils.java:logGet(44)) - raft.server.write.follower.gap.ratio.max = -1.0 (default)
2022-03-07 09:51:02,010 [616d314c-ba0d-49c9-8f1d-797448dad8fd@group-8D08D2C66B42-LeaderElection78] INFO  impl.RoleInfo (RoleInfo.java:updateAndGet(130)) - 616d314c-ba0d-49c9-8f1d-797448dad8fd: start 616d314c-ba0d-49c9-8f1d-797448dad8fd@group-8D08D2C66B42-LeaderStateImpl
2022-03-07 09:51:02,011 [616d314c-ba0d-49c9-8f1d-797448dad8fd@group-8D08D2C66B42-LeaderElection78] INFO  segmented.SegmentedRaftLogWorker (SegmentedRaftLogWorker.java:startLogSegment(394)) - 616d314c-ba0d-49c9-8f1d-797448dad8fd@group-8D08D2C66B42-SegmentedRaftLogWorker: Starting segment from index:0
2022-03-07 09:51:02,012 [grpc-default-executor-2] INFO  server.RaftServer$Division (RaftServerImpl.java:requestVote(1078)) - 616d314c-ba0d-49c9-8f1d-797448dad8fd@group-35BB7CC600D3 replies to ELECTION vote request: 728f99e8-418e-4b00-b2e8-36f688b477dd<-616d314c-ba0d-49c9-8f1d-797448dad8fd#0:OK-t1. Peer's state: 616d314c-ba0d-49c9-8f1d-797448dad8fd@group-35BB7CC600D3:t1, leader=null, voted=728f99e8-418e-4b00-b2e8-36f688b477dd, raftlog=616d314c-ba0d-49c9-8f1d-797448dad8fd@group-35BB7CC600D3-SegmentedRaftLog:OPENED:c-1, conf=-1: [728f99e8-418e-4b00-b2e8-36f688b477dd|rpc:10.1.0.49:44013|dataStream:|priority:0, 616d314c-ba0d-49c9-8f1d-797448dad8fd|rpc:10.1.0.49:39129|dataStream:|priority:0, cd9cff4b-1bd9-497e-976c-8eec10b9db64|rpc:10.1.0.49:42923|dataStream:|priority:1], old=null
2022-03-07 09:51:02,013 [616d314c-ba0d-49c9-8f1d-797448dad8fd@group-8D08D2C66B42-SegmentedRaftLogWorker] INFO  segmented.SegmentedRaftLogWorker (SegmentedRaftLogWorker.java:execute(601)) - 616d314c-ba0d-49c9-8f1d-797448dad8fd@group-8D08D2C66B42-SegmentedRaftLogWorker: created new log segment /home/runner/work/ozone/ozone/hadoop-ozone/integration-test/target/test-dir/MiniOzoneClusterImpl-4c099742-f0a8-499d-a606-d482764d36d7/datanode-1/data/ratis/923a3941-3f74-42f8-9986-8d08d2c66b42/current/log_inprogress_0
2022-03-07 09:51:02,024 [616d314c-ba0d-49c9-8f1d-797448dad8fd@group-8D08D2C66B42-LeaderElection78] INFO  server.RaftServer$Division (ServerState.java:setRaftConf(387)) - 616d314c-ba0d-49c9-8f1d-797448dad8fd@group-8D08D2C66B42: set configuration 0: [616d314c-ba0d-49c9-8f1d-797448dad8fd|rpc:10.1.0.49:39129|dataStream:|priority:1], old=null
2022-03-07 09:51:02,041 [616d314c-ba0d-49c9-8f1d-797448dad8fd@group-A583654C641D-FollowerState] INFO  impl.FollowerState (FollowerState.java:run(134)) - 616d314c-ba0d-49c9-8f1d-797448dad8fd@group-A583654C641D-FollowerState: change to CANDIDATE, lastRpcElapsedTime:5111699402ns, electionTimeout:5090ms
2022-03-07 09:51:02,041 [616d314c-ba0d-49c9-8f1d-797448dad8fd@group-A583654C641D-FollowerState] INFO  impl.RoleInfo (RoleInfo.java:shutdownFollowerState(108)) - 616d314c-ba0d-49c9-8f1d-797448dad8fd: shutdown 616d314c-ba0d-49c9-8f1d-797448dad8fd@group-A583654C641D-FollowerState
2022-03-07 09:51:02,042 [616d314c-ba0d-49c9-8f1d-797448dad8fd@group-A583654C641D-FollowerState] INFO  server.RaftServer$Division (RaftServerImpl.java:setRole(290)) - 616d314c-ba0d-49c9-8f1d-797448dad8fd@group-A583654C641D: changes role from  FOLLOWER to CANDIDATE at term 0 for changeToCandidate
2022-03-07 09:51:02,042 [616d314c-ba0d-49c9-8f1d-797448dad8fd@group-A583654C641D-FollowerState] INFO  server.RaftServerConfigKeys (ConfUtils.java:logGet(44)) - raft.server.leaderelection.pre-vote = false (custom)
2022-03-07 09:51:02,042 [616d314c-ba0d-49c9-8f1d-797448dad8fd@group-A583654C641D-FollowerState] INFO  impl.RoleInfo (RoleInfo.java:updateAndGet(130)) - 616d314c-ba0d-49c9-8f1d-797448dad8fd: start 616d314c-ba0d-49c9-8f1d-797448dad8fd@group-A583654C641D-LeaderElection80
2022-03-07 09:51:02,052 [grpc-default-executor-3] INFO  impl.RoleInfo (RoleInfo.java:updateAndGet(130)) - cd9cff4b-1bd9-497e-976c-8eec10b9db64: start cd9cff4b-1bd9-497e-976c-8eec10b9db64@group-35BB7CC600D3-FollowerState
2022-03-07 09:51:02,052 [cd9cff4b-1bd9-497e-976c-8eec10b9db64@group-35BB7CC600D3-FollowerState] INFO  impl.FollowerState (FollowerState.java:run(143)) - cd9cff4b-1bd9-497e-976c-8eec10b9db64@group-35BB7CC600D3-FollowerState was interrupted: {}
java.lang.InterruptedException: sleep interrupted
	at java.lang.Thread.sleep(Native Method)
	at java.lang.Thread.sleep(Thread.java:342)
	at java.util.concurrent.TimeUnit.sleep(TimeUnit.java:386)
	at org.apache.ratis.util.TimeDuration.sleep(TimeDuration.java:324)
	at org.apache.ratis.util.TimeDuration.sleep(TimeDuration.java:309)
	at org.apache.ratis.server.impl.FollowerState.run(FollowerState.java:118)
2022-03-07 09:51:02,091 [616d314c-ba0d-49c9-8f1d-797448dad8fd@group-A583654C641D-LeaderElection80] INFO  impl.LeaderElection (LeaderElection.java:askForVotes(306)) - 616d314c-ba0d-49c9-8f1d-797448dad8fd@group-A583654C641D-LeaderElection80 ELECTION round 0: submit vote requests at term 1 for -1: [728f99e8-418e-4b00-b2e8-36f688b477dd|rpc:10.1.0.49:44013|priority:1, 616d314c-ba0d-49c9-8f1d-797448dad8fd|rpc:10.1.0.49:39129|priority:0, cd9cff4b-1bd9-497e-976c-8eec10b9db64|rpc:10.1.0.49:42923|priority:0], old=null
2022-03-07 09:51:02,116 [grpc-default-executor-3] INFO  server.RaftServer$Division (RaftServerImpl.java:requestVote(1078)) - cd9cff4b-1bd9-497e-976c-8eec10b9db64@group-35BB7CC600D3 replies to ELECTION vote request: 728f99e8-418e-4b00-b2e8-36f688b477dd<-cd9cff4b-1bd9-497e-976c-8eec10b9db64#0:FAIL-t1. Peer's state: cd9cff4b-1bd9-497e-976c-8eec10b9db64@group-35BB7CC600D3:t1, leader=null, voted=null, raftlog=cd9cff4b-1bd9-497e-976c-8eec10b9db64@group-35BB7CC600D3-SegmentedRaftLog:OPENED:c-1, conf=-1: [728f99e8-418e-4b00-b2e8-36f688b477dd|rpc:10.1.0.49:44013|dataStream:|priority:0, 616d314c-ba0d-49c9-8f1d-797448dad8fd|rpc:10.1.0.49:39129|dataStream:|priority:0, cd9cff4b-1bd9-497e-976c-8eec10b9db64|rpc:10.1.0.49:42923|dataStream:|priority:1], old=null
2022-03-07 09:51:02,121 [728f99e8-418e-4b00-b2e8-36f688b477dd@group-35BB7CC600D3-LeaderElection79] INFO  impl.LeaderElection (LeaderElection.java:logAndReturn(89)) - 728f99e8-418e-4b00-b2e8-36f688b477dd@group-35BB7CC600D3-LeaderElection79: ELECTION REJECTED received 2 response(s) and 0 exception(s):
2022-03-07 09:51:02,121 [728f99e8-418e-4b00-b2e8-36f688b477dd@group-35BB7CC600D3-LeaderElection79] INFO  impl.LeaderElection (LeaderElection.java:logAndReturn(93)) -   Response 0: 728f99e8-418e-4b00-b2e8-36f688b477dd<-616d314c-ba0d-49c9-8f1d-797448dad8fd#0:OK-t1
2022-03-07 09:51:02,121 [728f99e8-418e-4b00-b2e8-36f688b477dd@group-35BB7CC600D3-LeaderElection79] INFO  impl.LeaderElection (LeaderElection.java:logAndReturn(93)) -   Response 1: 728f99e8-418e-4b00-b2e8-36f688b477dd<-cd9cff4b-1bd9-497e-976c-8eec10b9db64#0:FAIL-t1
2022-03-07 09:51:02,121 [728f99e8-418e-4b00-b2e8-36f688b477dd@group-35BB7CC600D3-LeaderElection79] INFO  impl.LeaderElection (LeaderElection.java:askForVotes(308)) - 728f99e8-418e-4b00-b2e8-36f688b477dd@group-35BB7CC600D3-LeaderElection79 ELECTION round 0: result REJECTED
2022-03-07 09:51:02,121 [728f99e8-418e-4b00-b2e8-36f688b477dd@group-35BB7CC600D3-LeaderElection79] INFO  server.RaftServer$Division (RaftServerImpl.java:setRole(290)) - 728f99e8-418e-4b00-b2e8-36f688b477dd@group-35BB7CC600D3: changes role from CANDIDATE to FOLLOWER at term 1 for REJECTED
2022-03-07 09:51:02,121 [728f99e8-418e-4b00-b2e8-36f688b477dd@group-35BB7CC600D3-LeaderElection79] INFO  impl.RoleInfo (RoleInfo.java:shutdownLeaderElection(121)) - 728f99e8-418e-4b00-b2e8-36f688b477dd: shutdown 728f99e8-418e-4b00-b2e8-36f688b477dd@group-35BB7CC600D3-LeaderElection79
2022-03-07 09:51:02,121 [728f99e8-418e-4b00-b2e8-36f688b477dd@group-35BB7CC600D3-LeaderElection79] INFO  impl.RoleInfo (RoleInfo.java:updateAndGet(130)) - 728f99e8-418e-4b00-b2e8-36f688b477dd: start 728f99e8-418e-4b00-b2e8-36f688b477dd@group-35BB7CC600D3-FollowerState
2022-03-07 09:51:02,124 [grpc-default-executor-3] INFO  server.RaftServer$Division (RaftServerImpl.java:requestVote(1046)) - 728f99e8-418e-4b00-b2e8-36f688b477dd@group-A583654C641D: receive requestVote(ELECTION, 616d314c-ba0d-49c9-8f1d-797448dad8fd, group-A583654C641D, 1, (t:0, i:0))
2022-03-07 09:51:02,124 [grpc-default-executor-3] INFO  impl.VoteContext (VoteContext.java:log(48)) - 728f99e8-418e-4b00-b2e8-36f688b477dd@group-A583654C641D-FOLLOWER: reject ELECTION from 616d314c-ba0d-49c9-8f1d-797448dad8fd: our priority 1 > candidate's priority 0
2022-03-07 09:51:02,124 [grpc-default-executor-3] INFO  server.RaftServer$Division (RaftServerImpl.java:setRole(290)) - 728f99e8-418e-4b00-b2e8-36f688b477dd@group-A583654C641D: changes role from  FOLLOWER to FOLLOWER at term 1 for candidate:616d314c-ba0d-49c9-8f1d-797448dad8fd
2022-03-07 09:51:02,124 [grpc-default-executor-3] INFO  impl.RoleInfo (RoleInfo.java:shutdownFollowerState(108)) - 728f99e8-418e-4b00-b2e8-36f688b477dd: shutdown 728f99e8-418e-4b00-b2e8-36f688b477dd@group-A583654C641D-FollowerState
2022-03-07 09:51:02,126 [728f99e8-418e-4b00-b2e8-36f688b477dd@group-A583654C641D-FollowerState] INFO  impl.FollowerState (FollowerState.java:run(127)) - 728f99e8-418e-4b00-b2e8-36f688b477dd@group-A583654C641D-FollowerState: Stopping now (isRunning? false, isFollower? true)
2022-03-07 09:51:02,127 [grpc-default-executor-2] INFO  server.RaftServer$Division (RaftServerImpl.java:requestVote(1046)) - cd9cff4b-1bd9-497e-976c-8eec10b9db64@group-A583654C641D: receive requestVote(ELECTION, 616d314c-ba0d-49c9-8f1d-797448dad8fd, group-A583654C641D, 1, (t:0, i:0))
2022-03-07 09:51:02,127 [grpc-default-executor-2] INFO  impl.VoteContext (VoteContext.java:log(48)) - cd9cff4b-1bd9-497e-976c-8eec10b9db64@group-A583654C641D-FOLLOWER: accept ELECTION from 616d314c-ba0d-49c9-8f1d-797448dad8fd: our priority 0 <= candidate's priority 0
2022-03-07 09:51:02,127 [grpc-default-executor-2] INFO  server.RaftServer$Division (RaftServerImpl.java:setRole(290)) - cd9cff4b-1bd9-497e-976c-8eec10b9db64@group-A583654C641D: changes role from  FOLLOWER to FOLLOWER at term 1 for candidate:616d314c-ba0d-49c9-8f1d-797448dad8fd
2022-03-07 09:51:02,127 [grpc-default-executor-2] INFO  impl.RoleInfo (RoleInfo.java:shutdownFollowerState(108)) - cd9cff4b-1bd9-497e-976c-8eec10b9db64: shutdown cd9cff4b-1bd9-497e-976c-8eec10b9db64@group-A583654C641D-FollowerState
2022-03-07 09:51:02,127 [grpc-default-executor-2] INFO  impl.RoleInfo (RoleInfo.java:updateAndGet(130)) - cd9cff4b-1bd9-497e-976c-8eec10b9db64: start cd9cff4b-1bd9-497e-976c-8eec10b9db64@group-A583654C641D-FollowerState
2022-03-07 09:51:02,127 [cd9cff4b-1bd9-497e-976c-8eec10b9db64@group-A583654C641D-FollowerState] INFO  impl.FollowerState (FollowerState.java:run(143)) - cd9cff4b-1bd9-497e-976c-8eec10b9db64@group-A583654C641D-FollowerState was interrupted: {}
java.lang.InterruptedException: sleep interrupted
	at java.lang.Thread.sleep(Native Method)
	at java.lang.Thread.sleep(Thread.java:342)
	at java.util.concurrent.TimeUnit.sleep(TimeUnit.java:386)
	at org.apache.ratis.util.TimeDuration.sleep(TimeDuration.java:324)
	at org.apache.ratis.util.TimeDuration.sleep(TimeDuration.java:309)
	at org.apache.ratis.server.impl.FollowerState.run(FollowerState.java:118)
2022-03-07 09:51:02,135 [grpc-default-executor-2] INFO  server.RaftServer$Division (RaftServerImpl.java:requestVote(1078)) - cd9cff4b-1bd9-497e-976c-8eec10b9db64@group-A583654C641D replies to ELECTION vote request: 616d314c-ba0d-49c9-8f1d-797448dad8fd<-cd9cff4b-1bd9-497e-976c-8eec10b9db64#0:OK-t1. Peer's state: cd9cff4b-1bd9-497e-976c-8eec10b9db64@group-A583654C641D:t1, leader=null, voted=616d314c-ba0d-49c9-8f1d-797448dad8fd, raftlog=cd9cff4b-1bd9-497e-976c-8eec10b9db64@group-A583654C641D-SegmentedRaftLog:OPENED:c-1, conf=-1: [728f99e8-418e-4b00-b2e8-36f688b477dd|rpc:10.1.0.49:44013|dataStream:|priority:1, 616d314c-ba0d-49c9-8f1d-797448dad8fd|rpc:10.1.0.49:39129|dataStream:|priority:0, cd9cff4b-1bd9-497e-976c-8eec10b9db64|rpc:10.1.0.49:42923|dataStream:|priority:0], old=null
2022-03-07 09:51:02,157 [grpc-default-executor-3] INFO  impl.RoleInfo (RoleInfo.java:updateAndGet(130)) - 728f99e8-418e-4b00-b2e8-36f688b477dd: start 728f99e8-418e-4b00-b2e8-36f688b477dd@group-A583654C641D-FollowerState
2022-03-07 09:51:02,176 [grpc-default-executor-3] INFO  server.RaftServer$Division (RaftServerImpl.java:requestVote(1078)) - 728f99e8-418e-4b00-b2e8-36f688b477dd@group-A583654C641D replies to ELECTION vote request: 616d314c-ba0d-49c9-8f1d-797448dad8fd<-728f99e8-418e-4b00-b2e8-36f688b477dd#0:FAIL-t1. Peer's state: 728f99e8-418e-4b00-b2e8-36f688b477dd@group-A583654C641D:t1, leader=null, voted=null, raftlog=728f99e8-418e-4b00-b2e8-36f688b477dd@group-A583654C641D-SegmentedRaftLog:OPENED:c-1, conf=-1: [728f99e8-418e-4b00-b2e8-36f688b477dd|rpc:10.1.0.49:44013|dataStream:|priority:1, 616d314c-ba0d-49c9-8f1d-797448dad8fd|rpc:10.1.0.49:39129|dataStream:|priority:0, cd9cff4b-1bd9-497e-976c-8eec10b9db64|rpc:10.1.0.49:42923|dataStream:|priority:0], old=null
2022-03-07 09:51:02,207 [616d314c-ba0d-49c9-8f1d-797448dad8fd@group-A583654C641D-LeaderElection80] INFO  impl.LeaderElection (LeaderElection.java:logAndReturn(89)) - 616d314c-ba0d-49c9-8f1d-797448dad8fd@group-A583654C641D-LeaderElection80: ELECTION REJECTED received 2 response(s) and 0 exception(s):
2022-03-07 09:51:02,207 [616d314c-ba0d-49c9-8f1d-797448dad8fd@group-A583654C641D-LeaderElection80] INFO  impl.LeaderElection (LeaderElection.java:logAndReturn(93)) -   Response 0: 616d314c-ba0d-49c9-8f1d-797448dad8fd<-728f99e8-418e-4b00-b2e8-36f688b477dd#0:FAIL-t1
2022-03-07 09:51:02,207 [616d314c-ba0d-49c9-8f1d-797448dad8fd@group-A583654C641D-LeaderElection80] INFO  impl.LeaderElection (LeaderElection.java:logAndReturn(93)) -   Response 1: 616d314c-ba0d-49c9-8f1d-797448dad8fd<-cd9cff4b-1bd9-497e-976c-8eec10b9db64#0:OK-t1
2022-03-07 09:51:02,207 [616d314c-ba0d-49c9-8f1d-797448dad8fd@group-A583654C641D-LeaderElection80] INFO  impl.LeaderElection (LeaderElection.java:askForVotes(308)) - 616d314c-ba0d-49c9-8f1d-797448dad8fd@group-A583654C641D-LeaderElection80 ELECTION round 0: result REJECTED
2022-03-07 09:51:02,207 [616d314c-ba0d-49c9-8f1d-797448dad8fd@group-A583654C641D-LeaderElection80] INFO  server.RaftServer$Division (RaftServerImpl.java:setRole(290)) - 616d314c-ba0d-49c9-8f1d-797448dad8fd@group-A583654C641D: changes role from CANDIDATE to FOLLOWER at term 1 for REJECTED
2022-03-07 09:51:02,207 [616d314c-ba0d-49c9-8f1d-797448dad8fd@group-A583654C641D-LeaderElection80] INFO  impl.RoleInfo (RoleInfo.java:shutdownLeaderElection(121)) - 616d314c-ba0d-49c9-8f1d-797448dad8fd: shutdown 616d314c-ba0d-49c9-8f1d-797448dad8fd@group-A583654C641D-LeaderElection80
2022-03-07 09:51:02,208 [616d314c-ba0d-49c9-8f1d-797448dad8fd@group-A583654C641D-LeaderElection80] INFO  impl.RoleInfo (RoleInfo.java:updateAndGet(130)) - 616d314c-ba0d-49c9-8f1d-797448dad8fd: start 616d314c-ba0d-49c9-8f1d-797448dad8fd@group-A583654C641D-FollowerState
2022-03-07 09:51:02,406 [Listener at 127.0.0.1/40579] INFO  ozone.MiniOzoneClusterImpl (MiniOzoneClusterImpl.java:lambda$waitForClusterToBeReady$0(219)) - Nodes are ready. Got 7 of 7 DN Heartbeats.
2022-03-07 09:51:02,407 [Listener at 127.0.0.1/40579] INFO  ozone.MiniOzoneClusterImpl (MiniOzoneClusterImpl.java:lambda$waitForClusterToBeReady$0(222)) - Waiting for cluster to exit safe mode
2022-03-07 09:51:02,407 [Listener at 127.0.0.1/40579] INFO  ozone.MiniOzoneClusterImpl (MiniOzoneClusterImpl.java:lambda$waitForClusterToBeReady$0(224)) - SCM became leader
2022-03-07 09:51:02,458 [cd9cff4b-1bd9-497e-976c-8eec10b9db64@group-3BD9FDEEF2E9-FollowerState] INFO  impl.FollowerState (FollowerState.java:run(134)) - cd9cff4b-1bd9-497e-976c-8eec10b9db64@group-3BD9FDEEF2E9-FollowerState: change to CANDIDATE, lastRpcElapsedTime:5154008648ns, electionTimeout:5153ms
2022-03-07 09:51:02,459 [cd9cff4b-1bd9-497e-976c-8eec10b9db64@group-3BD9FDEEF2E9-FollowerState] INFO  impl.RoleInfo (RoleInfo.java:shutdownFollowerState(108)) - cd9cff4b-1bd9-497e-976c-8eec10b9db64: shutdown cd9cff4b-1bd9-497e-976c-8eec10b9db64@group-3BD9FDEEF2E9-FollowerState
2022-03-07 09:51:02,459 [cd9cff4b-1bd9-497e-976c-8eec10b9db64@group-3BD9FDEEF2E9-FollowerState] INFO  server.RaftServer$Division (RaftServerImpl.java:setRole(290)) - cd9cff4b-1bd9-497e-976c-8eec10b9db64@group-3BD9FDEEF2E9: changes role from  FOLLOWER to CANDIDATE at term 0 for changeToCandidate
2022-03-07 09:51:02,460 [cd9cff4b-1bd9-497e-976c-8eec10b9db64@group-3BD9FDEEF2E9-FollowerState] INFO  server.RaftServerConfigKeys (ConfUtils.java:logGet(44)) - raft.server.leaderelection.pre-vote = false (custom)
2022-03-07 09:51:02,461 [cd9cff4b-1bd9-497e-976c-8eec10b9db64@group-3BD9FDEEF2E9-FollowerState] INFO  impl.RoleInfo (RoleInfo.java:updateAndGet(130)) - cd9cff4b-1bd9-497e-976c-8eec10b9db64: start cd9cff4b-1bd9-497e-976c-8eec10b9db64@group-3BD9FDEEF2E9-LeaderElection81
2022-03-07 09:51:02,490 [cd9cff4b-1bd9-497e-976c-8eec10b9db64@group-3BD9FDEEF2E9-LeaderElection81] INFO  impl.LeaderElection (LeaderElection.java:askForVotes(306)) - cd9cff4b-1bd9-497e-976c-8eec10b9db64@group-3BD9FDEEF2E9-LeaderElection81 ELECTION round 0: submit vote requests at term 1 for -1: [cd9cff4b-1bd9-497e-976c-8eec10b9db64|rpc:10.1.0.49:42923|priority:1], old=null
2022-03-07 09:51:02,492 [cd9cff4b-1bd9-497e-976c-8eec10b9db64@group-3BD9FDEEF2E9-LeaderElection81] INFO  impl.LeaderElection (LeaderElection.java:askForVotes(308)) - cd9cff4b-1bd9-497e-976c-8eec10b9db64@group-3BD9FDEEF2E9-LeaderElection81 ELECTION round 0: result PASSED (term=1)
2022-03-07 09:51:02,492 [cd9cff4b-1bd9-497e-976c-8eec10b9db64@group-3BD9FDEEF2E9-LeaderElection81] INFO  impl.RoleInfo (RoleInfo.java:shutdownLeaderElection(121)) - cd9cff4b-1bd9-497e-976c-8eec10b9db64: shutdown cd9cff4b-1bd9-497e-976c-8eec10b9db64@group-3BD9FDEEF2E9-LeaderElection81
2022-03-07 09:51:02,492 [cd9cff4b-1bd9-497e-976c-8eec10b9db64@group-3BD9FDEEF2E9-LeaderElection81] INFO  server.RaftServer$Division (RaftServerImpl.java:setRole(290)) - cd9cff4b-1bd9-497e-976c-8eec10b9db64@group-3BD9FDEEF2E9: changes role from CANDIDATE to LEADER at term 1 for changeToLeader
2022-03-07 09:51:02,492 [cd9cff4b-1bd9-497e-976c-8eec10b9db64@group-3BD9FDEEF2E9-LeaderElection81] INFO  ratis.XceiverServerRatis (XceiverServerRatis.java:handleLeaderChangedNotification(867)) - Leader change notification received for group: group-3BD9FDEEF2E9 with new leaderId: cd9cff4b-1bd9-497e-976c-8eec10b9db64
2022-03-07 09:51:02,492 [cd9cff4b-1bd9-497e-976c-8eec10b9db64@group-3BD9FDEEF2E9-LeaderElection81] INFO  server.RaftServer$Division (ServerState.java:setLeader(285)) - cd9cff4b-1bd9-497e-976c-8eec10b9db64@group-3BD9FDEEF2E9: change Leader from null to cd9cff4b-1bd9-497e-976c-8eec10b9db64 at term 1 for becomeLeader, leader elected after 5202ms
2022-03-07 09:51:02,493 [cd9cff4b-1bd9-497e-976c-8eec10b9db64@group-3BD9FDEEF2E9-LeaderElection81] INFO  server.RaftServerConfigKeys (ConfUtils.java:logGet(44)) - raft.server.staging.catchup.gap = 1000 (default)
2022-03-07 09:51:02,493 [cd9cff4b-1bd9-497e-976c-8eec10b9db64@group-3BD9FDEEF2E9-LeaderElection81] INFO  server.RaftServerConfigKeys (ConfUtils.java:logGet(44)) - raft.server.write.element-limit = 1024 (custom)
2022-03-07 09:51:02,493 [cd9cff4b-1bd9-497e-976c-8eec10b9db64@group-3BD9FDEEF2E9-LeaderElection81] INFO  server.RaftServerConfigKeys (ConfUtils.java:logGet(44)) - raft.server.write.byte-limit = 1024 M (=1073741824) (custom)
2022-03-07 09:51:02,493 [cd9cff4b-1bd9-497e-976c-8eec10b9db64@group-3BD9FDEEF2E9-LeaderElection81] INFO  server.RaftServerConfigKeys (ConfUtils.java:logGet(44)) - raft.server.watch.timeout = 3000ms (custom)
2022-03-07 09:51:02,493 [cd9cff4b-1bd9-497e-976c-8eec10b9db64@group-3BD9FDEEF2E9-LeaderElection81] INFO  server.RaftServerConfigKeys (ConfUtils.java:logGet(44)) - raft.server.watch.timeout.denomination = 1s (default)
2022-03-07 09:51:02,493 [cd9cff4b-1bd9-497e-976c-8eec10b9db64@group-3BD9FDEEF2E9-LeaderElection81] INFO  server.RaftServerConfigKeys (ConfUtils.java:logGet(44)) - raft.server.watch.element-limit = 65536 (default)
2022-03-07 09:51:02,494 [EventQueue-OpenPipelineForHealthyPipelineSafeModeRule] INFO  safemode.SCMSafeModeManager (HealthyPipelineSafeModeRule.java:process(124)) - SCM in safe mode. Healthy pipelines reported count is 0, required healthy pipeline reported count is 1
2022-03-07 09:51:02,516 [cd9cff4b-1bd9-497e-976c-8eec10b9db64@group-3BD9FDEEF2E9-LeaderElection81] INFO  server.RaftServerConfigKeys (ConfUtils.java:logGet(44)) - raft.server.write.element-limit = 1024 (custom)
2022-03-07 09:51:02,516 [cd9cff4b-1bd9-497e-976c-8eec10b9db64@group-3BD9FDEEF2E9-LeaderElection81] INFO  server.RaftServerConfigKeys (ConfUtils.java:logGet(44)) - raft.server.write.follower.gap.ratio.max = -1.0 (default)
2022-03-07 09:51:02,516 [cd9cff4b-1bd9-497e-976c-8eec10b9db64@group-3BD9FDEEF2E9-LeaderElection81] INFO  impl.RoleInfo (RoleInfo.java:updateAndGet(130)) - cd9cff4b-1bd9-497e-976c-8eec10b9db64: start cd9cff4b-1bd9-497e-976c-8eec10b9db64@group-3BD9FDEEF2E9-LeaderStateImpl
2022-03-07 09:51:02,516 [cd9cff4b-1bd9-497e-976c-8eec10b9db64@group-3BD9FDEEF2E9-LeaderElection81] INFO  segmented.SegmentedRaftLogWorker (SegmentedRaftLogWorker.java:startLogSegment(394)) - cd9cff4b-1bd9-497e-976c-8eec10b9db64@group-3BD9FDEEF2E9-SegmentedRaftLogWorker: Starting segment from index:0
2022-03-07 09:51:02,520 [cd9cff4b-1bd9-497e-976c-8eec10b9db64@group-3BD9FDEEF2E9-SegmentedRaftLogWorker] INFO  segmented.SegmentedRaftLogWorker (SegmentedRaftLogWorker.java:execute(601)) - cd9cff4b-1bd9-497e-976c-8eec10b9db64@group-3BD9FDEEF2E9-SegmentedRaftLogWorker: created new log segment /home/runner/work/ozone/ozone/hadoop-ozone/integration-test/target/test-dir/MiniOzoneClusterImpl-4c099742-f0a8-499d-a606-d482764d36d7/datanode-2/data/ratis/bc84c436-b201-4c59-8f97-3bd9fdeef2e9/current/log_inprogress_0
2022-03-07 09:51:02,543 [cd9cff4b-1bd9-497e-976c-8eec10b9db64@group-3BD9FDEEF2E9-LeaderElection81] INFO  server.RaftServer$Division (ServerState.java:setRaftConf(387)) - cd9cff4b-1bd9-497e-976c-8eec10b9db64@group-3BD9FDEEF2E9: set configuration 0: [cd9cff4b-1bd9-497e-976c-8eec10b9db64|rpc:10.1.0.49:42923|dataStream:|priority:1], old=null
2022-03-07 09:51:02,945 [7fca689d-043b-47bb-bf18-12adf35ba2bc@group-BC98A6F06252-FollowerState] INFO  impl.FollowerState (FollowerState.java:run(134)) - 7fca689d-043b-47bb-bf18-12adf35ba2bc@group-BC98A6F06252-FollowerState: change to CANDIDATE, lastRpcElapsedTime:5083992302ns, electionTimeout:5083ms
2022-03-07 09:51:02,946 [7fca689d-043b-47bb-bf18-12adf35ba2bc@group-BC98A6F06252-FollowerState] INFO  impl.RoleInfo (RoleInfo.java:shutdownFollowerState(108)) - 7fca689d-043b-47bb-bf18-12adf35ba2bc: shutdown 7fca689d-043b-47bb-bf18-12adf35ba2bc@group-BC98A6F06252-FollowerState
2022-03-07 09:51:02,946 [7fca689d-043b-47bb-bf18-12adf35ba2bc@group-BC98A6F06252-FollowerState] INFO  server.RaftServer$Division (RaftServerImpl.java:setRole(290)) - 7fca689d-043b-47bb-bf18-12adf35ba2bc@group-BC98A6F06252: changes role from  FOLLOWER to CANDIDATE at term 0 for changeToCandidate
2022-03-07 09:51:02,947 [7fca689d-043b-47bb-bf18-12adf35ba2bc@group-BC98A6F06252-FollowerState] INFO  server.RaftServerConfigKeys (ConfUtils.java:logGet(44)) - raft.server.leaderelection.pre-vote = false (custom)
2022-03-07 09:51:02,948 [7fca689d-043b-47bb-bf18-12adf35ba2bc@group-BC98A6F06252-FollowerState] INFO  impl.RoleInfo (RoleInfo.java:updateAndGet(130)) - 7fca689d-043b-47bb-bf18-12adf35ba2bc: start 7fca689d-043b-47bb-bf18-12adf35ba2bc@group-BC98A6F06252-LeaderElection82
2022-03-07 09:51:02,978 [7fca689d-043b-47bb-bf18-12adf35ba2bc@group-BC98A6F06252-LeaderElection82] INFO  impl.LeaderElection (LeaderElection.java:askForVotes(306)) - 7fca689d-043b-47bb-bf18-12adf35ba2bc@group-BC98A6F06252-LeaderElection82 ELECTION round 0: submit vote requests at term 1 for -1: [7fca689d-043b-47bb-bf18-12adf35ba2bc|rpc:10.1.0.49:42461|priority:1], old=null
2022-03-07 09:51:02,978 [7fca689d-043b-47bb-bf18-12adf35ba2bc@group-BC98A6F06252-LeaderElection82] INFO  impl.LeaderElection (LeaderElection.java:askForVotes(308)) - 7fca689d-043b-47bb-bf18-12adf35ba2bc@group-BC98A6F06252-LeaderElection82 ELECTION round 0: result PASSED (term=1)
2022-03-07 09:51:02,978 [7fca689d-043b-47bb-bf18-12adf35ba2bc@group-BC98A6F06252-LeaderElection82] INFO  impl.RoleInfo (RoleInfo.java:shutdownLeaderElection(121)) - 7fca689d-043b-47bb-bf18-12adf35ba2bc: shutdown 7fca689d-043b-47bb-bf18-12adf35ba2bc@group-BC98A6F06252-LeaderElection82
2022-03-07 09:51:02,978 [7fca689d-043b-47bb-bf18-12adf35ba2bc@group-BC98A6F06252-LeaderElection82] INFO  server.RaftServer$Division (RaftServerImpl.java:setRole(290)) - 7fca689d-043b-47bb-bf18-12adf35ba2bc@group-BC98A6F06252: changes role from CANDIDATE to LEADER at term 1 for changeToLeader
2022-03-07 09:51:02,978 [7fca689d-043b-47bb-bf18-12adf35ba2bc@group-BC98A6F06252-LeaderElection82] INFO  ratis.XceiverServerRatis (XceiverServerRatis.java:handleLeaderChangedNotification(867)) - Leader change notification received for group: group-BC98A6F06252 with new leaderId: 7fca689d-043b-47bb-bf18-12adf35ba2bc
2022-03-07 09:51:02,978 [7fca689d-043b-47bb-bf18-12adf35ba2bc@group-BC98A6F06252-LeaderElection82] INFO  server.RaftServer$Division (ServerState.java:setLeader(285)) - 7fca689d-043b-47bb-bf18-12adf35ba2bc@group-BC98A6F06252: change Leader from null to 7fca689d-043b-47bb-bf18-12adf35ba2bc at term 1 for becomeLeader, leader elected after 5131ms
2022-03-07 09:51:02,978 [7fca689d-043b-47bb-bf18-12adf35ba2bc@group-BC98A6F06252-LeaderElection82] INFO  server.RaftServerConfigKeys (ConfUtils.java:logGet(44)) - raft.server.staging.catchup.gap = 1000 (default)
2022-03-07 09:51:02,979 [7fca689d-043b-47bb-bf18-12adf35ba2bc@group-BC98A6F06252-LeaderElection82] INFO  server.RaftServerConfigKeys (ConfUtils.java:logGet(44)) - raft.server.write.element-limit = 1024 (custom)
2022-03-07 09:51:02,979 [7fca689d-043b-47bb-bf18-12adf35ba2bc@group-BC98A6F06252-LeaderElection82] INFO  server.RaftServerConfigKeys (ConfUtils.java:logGet(44)) - raft.server.write.byte-limit = 1024 M (=1073741824) (custom)
2022-03-07 09:51:02,979 [7fca689d-043b-47bb-bf18-12adf35ba2bc@group-BC98A6F06252-LeaderElection82] INFO  server.RaftServerConfigKeys (ConfUtils.java:logGet(44)) - raft.server.watch.timeout = 3000ms (custom)
2022-03-07 09:51:02,979 [7fca689d-043b-47bb-bf18-12adf35ba2bc@group-BC98A6F06252-LeaderElection82] INFO  server.RaftServerConfigKeys (ConfUtils.java:logGet(44)) - raft.server.watch.timeout.denomination = 1s (default)
2022-03-07 09:51:02,979 [7fca689d-043b-47bb-bf18-12adf35ba2bc@group-BC98A6F06252-LeaderElection82] INFO  server.RaftServerConfigKeys (ConfUtils.java:logGet(44)) - raft.server.watch.element-limit = 65536 (default)
2022-03-07 09:51:02,979 [7fca689d-043b-47bb-bf18-12adf35ba2bc@group-BC98A6F06252-LeaderElection82] INFO  server.RaftServerConfigKeys (ConfUtils.java:logGet(44)) - raft.server.write.element-limit = 1024 (custom)
2022-03-07 09:51:02,979 [7fca689d-043b-47bb-bf18-12adf35ba2bc@group-BC98A6F06252-LeaderElection82] INFO  server.RaftServerConfigKeys (ConfUtils.java:logGet(44)) - raft.server.write.follower.gap.ratio.max = -1.0 (default)
2022-03-07 09:51:02,979 [7fca689d-043b-47bb-bf18-12adf35ba2bc@group-BC98A6F06252-LeaderElection82] INFO  impl.RoleInfo (RoleInfo.java:updateAndGet(130)) - 7fca689d-043b-47bb-bf18-12adf35ba2bc: start 7fca689d-043b-47bb-bf18-12adf35ba2bc@group-BC98A6F06252-LeaderStateImpl
2022-03-07 09:51:02,979 [7fca689d-043b-47bb-bf18-12adf35ba2bc@group-BC98A6F06252-LeaderElection82] INFO  segmented.SegmentedRaftLogWorker (SegmentedRaftLogWorker.java:startLogSegment(394)) - 7fca689d-043b-47bb-bf18-12adf35ba2bc@group-BC98A6F06252-SegmentedRaftLogWorker: Starting segment from index:0
2022-03-07 09:51:02,983 [7fca689d-043b-47bb-bf18-12adf35ba2bc@group-BC98A6F06252-SegmentedRaftLogWorker] INFO  segmented.SegmentedRaftLogWorker (SegmentedRaftLogWorker.java:execute(601)) - 7fca689d-043b-47bb-bf18-12adf35ba2bc@group-BC98A6F06252-SegmentedRaftLogWorker: created new log segment /home/runner/work/ozone/ozone/hadoop-ozone/integration-test/target/test-dir/MiniOzoneClusterImpl-4c099742-f0a8-499d-a606-d482764d36d7/datanode-3/data/ratis/c8644cdc-a540-45f0-a4e8-bc98a6f06252/current/log_inprogress_0
2022-03-07 09:51:02,983 [EventQueue-OpenPipelineForHealthyPipelineSafeModeRule] INFO  safemode.SCMSafeModeManager (HealthyPipelineSafeModeRule.java:process(124)) - SCM in safe mode. Healthy pipelines reported count is 0, required healthy pipeline reported count is 1
2022-03-07 09:51:02,996 [7fca689d-043b-47bb-bf18-12adf35ba2bc@group-BC98A6F06252-LeaderElection82] INFO  server.RaftServer$Division (ServerState.java:setRaftConf(387)) - 7fca689d-043b-47bb-bf18-12adf35ba2bc@group-BC98A6F06252: set configuration 0: [7fca689d-043b-47bb-bf18-12adf35ba2bc|rpc:10.1.0.49:42461|dataStream:|priority:1], old=null
2022-03-07 09:51:03,019 [7fca689d-043b-47bb-bf18-12adf35ba2bc@group-B74B02AAA056-FollowerState] INFO  impl.FollowerState (FollowerState.java:run(134)) - 7fca689d-043b-47bb-bf18-12adf35ba2bc@group-B74B02AAA056-FollowerState: change to CANDIDATE, lastRpcElapsedTime:5122142606ns, electionTimeout:5107ms
2022-03-07 09:51:03,019 [7fca689d-043b-47bb-bf18-12adf35ba2bc@group-B74B02AAA056-FollowerState] INFO  impl.RoleInfo (RoleInfo.java:shutdownFollowerState(108)) - 7fca689d-043b-47bb-bf18-12adf35ba2bc: shutdown 7fca689d-043b-47bb-bf18-12adf35ba2bc@group-B74B02AAA056-FollowerState
2022-03-07 09:51:03,019 [7fca689d-043b-47bb-bf18-12adf35ba2bc@group-B74B02AAA056-FollowerState] INFO  server.RaftServer$Division (RaftServerImpl.java:setRole(290)) - 7fca689d-043b-47bb-bf18-12adf35ba2bc@group-B74B02AAA056: changes role from  FOLLOWER to CANDIDATE at term 0 for changeToCandidate
2022-03-07 09:51:03,019 [7fca689d-043b-47bb-bf18-12adf35ba2bc@group-B74B02AAA056-FollowerState] INFO  server.RaftServerConfigKeys (ConfUtils.java:logGet(44)) - raft.server.leaderelection.pre-vote = false (custom)
2022-03-07 09:51:03,019 [7fca689d-043b-47bb-bf18-12adf35ba2bc@group-B74B02AAA056-FollowerState] INFO  impl.RoleInfo (RoleInfo.java:updateAndGet(130)) - 7fca689d-043b-47bb-bf18-12adf35ba2bc: start 7fca689d-043b-47bb-bf18-12adf35ba2bc@group-B74B02AAA056-LeaderElection83
2022-03-07 09:51:03,026 [84008c31-6636-4a62-b386-f7fb7e7ffddc@group-B74B02AAA056-FollowerState] INFO  impl.FollowerState (FollowerState.java:run(134)) - 84008c31-6636-4a62-b386-f7fb7e7ffddc@group-B74B02AAA056-FollowerState: change to CANDIDATE, lastRpcElapsedTime:5011888835ns, electionTimeout:5011ms
2022-03-07 09:51:03,026 [84008c31-6636-4a62-b386-f7fb7e7ffddc@group-B74B02AAA056-FollowerState] INFO  impl.RoleInfo (RoleInfo.java:shutdownFollowerState(108)) - 84008c31-6636-4a62-b386-f7fb7e7ffddc: shutdown 84008c31-6636-4a62-b386-f7fb7e7ffddc@group-B74B02AAA056-FollowerState
2022-03-07 09:51:03,026 [84008c31-6636-4a62-b386-f7fb7e7ffddc@group-B74B02AAA056-FollowerState] INFO  server.RaftServer$Division (RaftServerImpl.java:setRole(290)) - 84008c31-6636-4a62-b386-f7fb7e7ffddc@group-B74B02AAA056: changes role from  FOLLOWER to CANDIDATE at term 0 for changeToCandidate
2022-03-07 09:51:03,027 [84008c31-6636-4a62-b386-f7fb7e7ffddc@group-B74B02AAA056-FollowerState] INFO  server.RaftServerConfigKeys (ConfUtils.java:logGet(44)) - raft.server.leaderelection.pre-vote = false (custom)
2022-03-07 09:51:03,027 [84008c31-6636-4a62-b386-f7fb7e7ffddc@group-B74B02AAA056-FollowerState] INFO  impl.RoleInfo (RoleInfo.java:updateAndGet(130)) - 84008c31-6636-4a62-b386-f7fb7e7ffddc: start 84008c31-6636-4a62-b386-f7fb7e7ffddc@group-B74B02AAA056-LeaderElection84
2022-03-07 09:51:03,059 [7fca689d-043b-47bb-bf18-12adf35ba2bc@group-B74B02AAA056-LeaderElection83] INFO  impl.LeaderElection (LeaderElection.java:askForVotes(306)) - 7fca689d-043b-47bb-bf18-12adf35ba2bc@group-B74B02AAA056-LeaderElection83 ELECTION round 0: submit vote requests at term 1 for -1: [edf60a86-ae5b-4f71-bc37-25062be06587|rpc:10.1.0.49:38621|priority:0, 7fca689d-043b-47bb-bf18-12adf35ba2bc|rpc:10.1.0.49:42461|priority:1, 84008c31-6636-4a62-b386-f7fb7e7ffddc|rpc:10.1.0.49:44263|priority:0], old=null
2022-03-07 09:51:03,071 [grpc-default-executor-3] INFO  server.RaftServer$Division (RaftServerImpl.java:requestVote(1046)) - edf60a86-ae5b-4f71-bc37-25062be06587@group-B74B02AAA056: receive requestVote(ELECTION, 7fca689d-043b-47bb-bf18-12adf35ba2bc, group-B74B02AAA056, 1, (t:0, i:0))
2022-03-07 09:51:03,071 [grpc-default-executor-3] INFO  impl.VoteContext (VoteContext.java:log(48)) - edf60a86-ae5b-4f71-bc37-25062be06587@group-B74B02AAA056-FOLLOWER: accept ELECTION from 7fca689d-043b-47bb-bf18-12adf35ba2bc: our priority 0 <= candidate's priority 1
2022-03-07 09:51:03,071 [grpc-default-executor-3] INFO  server.RaftServer$Division (RaftServerImpl.java:setRole(290)) - edf60a86-ae5b-4f71-bc37-25062be06587@group-B74B02AAA056: changes role from  FOLLOWER to FOLLOWER at term 1 for candidate:7fca689d-043b-47bb-bf18-12adf35ba2bc
2022-03-07 09:51:03,071 [grpc-default-executor-3] INFO  impl.RoleInfo (RoleInfo.java:shutdownFollowerState(108)) - edf60a86-ae5b-4f71-bc37-25062be06587: shutdown edf60a86-ae5b-4f71-bc37-25062be06587@group-B74B02AAA056-FollowerState
2022-03-07 09:51:03,071 [grpc-default-executor-3] INFO  impl.RoleInfo (RoleInfo.java:updateAndGet(130)) - edf60a86-ae5b-4f71-bc37-25062be06587: start edf60a86-ae5b-4f71-bc37-25062be06587@group-B74B02AAA056-FollowerState
2022-03-07 09:51:03,071 [edf60a86-ae5b-4f71-bc37-25062be06587@group-B74B02AAA056-FollowerState] INFO  impl.FollowerState (FollowerState.java:run(143)) - edf60a86-ae5b-4f71-bc37-25062be06587@group-B74B02AAA056-FollowerState was interrupted: {}
java.lang.InterruptedException: sleep interrupted
	at java.lang.Thread.sleep(Native Method)
	at java.lang.Thread.sleep(Thread.java:342)
	at java.util.concurrent.TimeUnit.sleep(TimeUnit.java:386)
	at org.apache.ratis.util.TimeDuration.sleep(TimeDuration.java:324)
	at org.apache.ratis.util.TimeDuration.sleep(TimeDuration.java:309)
	at org.apache.ratis.server.impl.FollowerState.run(FollowerState.java:118)
2022-03-07 09:51:03,072 [grpc-default-executor-2] INFO  server.RaftServer$Division (RaftServerImpl.java:requestVote(1046)) - 84008c31-6636-4a62-b386-f7fb7e7ffddc@group-B74B02AAA056: receive requestVote(ELECTION, 7fca689d-043b-47bb-bf18-12adf35ba2bc, group-B74B02AAA056, 1, (t:0, i:0))
2022-03-07 09:51:03,074 [grpc-default-executor-3] INFO  server.RaftServer$Division (RaftServerImpl.java:requestVote(1078)) - edf60a86-ae5b-4f71-bc37-25062be06587@group-B74B02AAA056 replies to ELECTION vote request: 7fca689d-043b-47bb-bf18-12adf35ba2bc<-edf60a86-ae5b-4f71-bc37-25062be06587#0:OK-t1. Peer's state: edf60a86-ae5b-4f71-bc37-25062be06587@group-B74B02AAA056:t1, leader=null, voted=7fca689d-043b-47bb-bf18-12adf35ba2bc, raftlog=edf60a86-ae5b-4f71-bc37-25062be06587@group-B74B02AAA056-SegmentedRaftLog:OPENED:c-1, conf=-1: [edf60a86-ae5b-4f71-bc37-25062be06587|rpc:10.1.0.49:38621|dataStream:|priority:0, 7fca689d-043b-47bb-bf18-12adf35ba2bc|rpc:10.1.0.49:42461|dataStream:|priority:1, 84008c31-6636-4a62-b386-f7fb7e7ffddc|rpc:10.1.0.49:44263|dataStream:|priority:0], old=null
2022-03-07 09:51:03,085 [7fca689d-043b-47bb-bf18-12adf35ba2bc@group-B74B02AAA056-LeaderElection83] INFO  impl.LeaderElection (LeaderElection.java:logAndReturn(89)) - 7fca689d-043b-47bb-bf18-12adf35ba2bc@group-B74B02AAA056-LeaderElection83: ELECTION PASSED received 1 response(s) and 0 exception(s):
2022-03-07 09:51:03,085 [7fca689d-043b-47bb-bf18-12adf35ba2bc@group-B74B02AAA056-LeaderElection83] INFO  impl.LeaderElection (LeaderElection.java:logAndReturn(93)) -   Response 0: 7fca689d-043b-47bb-bf18-12adf35ba2bc<-edf60a86-ae5b-4f71-bc37-25062be06587#0:OK-t1
2022-03-07 09:51:03,085 [7fca689d-043b-47bb-bf18-12adf35ba2bc@group-B74B02AAA056-LeaderElection83] INFO  impl.LeaderElection (LeaderElection.java:askForVotes(308)) - 7fca689d-043b-47bb-bf18-12adf35ba2bc@group-B74B02AAA056-LeaderElection83 ELECTION round 0: result PASSED
2022-03-07 09:51:03,085 [7fca689d-043b-47bb-bf18-12adf35ba2bc@group-B74B02AAA056-LeaderElection83] INFO  impl.RoleInfo (RoleInfo.java:shutdownLeaderElection(121)) - 7fca689d-043b-47bb-bf18-12adf35ba2bc: shutdown 7fca689d-043b-47bb-bf18-12adf35ba2bc@group-B74B02AAA056-LeaderElection83
2022-03-07 09:51:03,085 [7fca689d-043b-47bb-bf18-12adf35ba2bc@group-B74B02AAA056-LeaderElection83] INFO  server.RaftServer$Division (RaftServerImpl.java:setRole(290)) - 7fca689d-043b-47bb-bf18-12adf35ba2bc@group-B74B02AAA056: changes role from CANDIDATE to LEADER at term 1 for changeToLeader
2022-03-07 09:51:03,086 [7fca689d-043b-47bb-bf18-12adf35ba2bc@group-B74B02AAA056-LeaderElection83] INFO  ratis.XceiverServerRatis (XceiverServerRatis.java:handleLeaderChangedNotification(867)) - Leader change notification received for group: group-B74B02AAA056 with new leaderId: 7fca689d-043b-47bb-bf18-12adf35ba2bc
2022-03-07 09:51:03,086 [7fca689d-043b-47bb-bf18-12adf35ba2bc@group-B74B02AAA056-LeaderElection83] INFO  server.RaftServer$Division (ServerState.java:setLeader(285)) - 7fca689d-043b-47bb-bf18-12adf35ba2bc@group-B74B02AAA056: change Leader from null to 7fca689d-043b-47bb-bf18-12adf35ba2bc at term 1 for becomeLeader, leader elected after 5196ms
2022-03-07 09:51:03,086 [7fca689d-043b-47bb-bf18-12adf35ba2bc@group-B74B02AAA056-LeaderElection83] INFO  server.RaftServerConfigKeys (ConfUtils.java:logGet(44)) - raft.server.staging.catchup.gap = 1000 (default)
2022-03-07 09:51:03,086 [7fca689d-043b-47bb-bf18-12adf35ba2bc@group-B74B02AAA056-LeaderElection83] INFO  server.RaftServerConfigKeys (ConfUtils.java:logGet(44)) - raft.server.write.element-limit = 1024 (custom)
2022-03-07 09:51:03,086 [7fca689d-043b-47bb-bf18-12adf35ba2bc@group-B74B02AAA056-LeaderElection83] INFO  server.RaftServerConfigKeys (ConfUtils.java:logGet(44)) - raft.server.write.byte-limit = 1024 M (=1073741824) (custom)
2022-03-07 09:51:03,086 [7fca689d-043b-47bb-bf18-12adf35ba2bc@group-B74B02AAA056-LeaderElection83] INFO  server.RaftServerConfigKeys (ConfUtils.java:logGet(44)) - raft.server.watch.timeout = 3000ms (custom)
2022-03-07 09:51:03,086 [7fca689d-043b-47bb-bf18-12adf35ba2bc@group-B74B02AAA056-LeaderElection83] INFO  server.RaftServerConfigKeys (ConfUtils.java:logGet(44)) - raft.server.watch.timeout.denomination = 1s (default)
2022-03-07 09:51:03,086 [7fca689d-043b-47bb-bf18-12adf35ba2bc@group-B74B02AAA056-LeaderElection83] INFO  server.RaftServerConfigKeys (ConfUtils.java:logGet(44)) - raft.server.watch.element-limit = 65536 (default)
2022-03-07 09:51:03,086 [7fca689d-043b-47bb-bf18-12adf35ba2bc@group-B74B02AAA056-LeaderElection83] INFO  server.RaftServerConfigKeys (ConfUtils.java:logGet(44)) - raft.server.write.element-limit = 1024 (custom)
2022-03-07 09:51:03,086 [7fca689d-043b-47bb-bf18-12adf35ba2bc@group-B74B02AAA056-LeaderElection83] INFO  server.RaftServerConfigKeys (ConfUtils.java:logGet(44)) - raft.server.write.follower.gap.ratio.max = -1.0 (default)
2022-03-07 09:51:03,087 [7fca689d-043b-47bb-bf18-12adf35ba2bc@group-B74B02AAA056-LeaderElection83] INFO  server.RaftServerConfigKeys (ConfUtils.java:logGet(44)) - raft.server.log.appender.snapshot.chunk.size.max = 16MB (=16777216) (default)
2022-03-07 09:51:03,087 [7fca689d-043b-47bb-bf18-12adf35ba2bc@group-B74B02AAA056-LeaderElection83] INFO  server.RaftServerConfigKeys (ConfUtils.java:logGet(44)) - raft.server.log.appender.buffer.byte-limit = 33554432 (custom)
2022-03-07 09:51:03,087 [7fca689d-043b-47bb-bf18-12adf35ba2bc@group-B74B02AAA056-LeaderElection83] INFO  server.RaftServerConfigKeys (ConfUtils.java:logGet(44)) - raft.server.log.appender.buffer.element-limit = 1 (custom)
2022-03-07 09:51:03,087 [7fca689d-043b-47bb-bf18-12adf35ba2bc@group-B74B02AAA056-LeaderElection83] INFO  grpc.GrpcConfigKeys (ConfUtils.java:logGet(44)) - raft.grpc.server.leader.outstanding.appends.max = 128 (default)
2022-03-07 09:51:03,087 [7fca689d-043b-47bb-bf18-12adf35ba2bc@group-B74B02AAA056-LeaderElection83] INFO  server.RaftServerConfigKeys (ConfUtils.java:logGet(44)) - raft.server.rpc.request.timeout = 3000ms (default)
2022-03-07 09:51:03,087 [7fca689d-043b-47bb-bf18-12adf35ba2bc@group-B74B02AAA056-LeaderElection83] INFO  server.RaftServerConfigKeys (ConfUtils.java:logGet(44)) - raft.server.log.appender.install.snapshot.enabled = false (custom)
2022-03-07 09:51:03,092 [7fca689d-043b-47bb-bf18-12adf35ba2bc@group-B74B02AAA056-LeaderElection83] INFO  server.RaftServerConfigKeys (ConfUtils.java:logGet(44)) - raft.server.log.appender.snapshot.chunk.size.max = 16MB (=16777216) (default)
2022-03-07 09:51:03,092 [7fca689d-043b-47bb-bf18-12adf35ba2bc@group-B74B02AAA056-LeaderElection83] INFO  server.RaftServerConfigKeys (ConfUtils.java:logGet(44)) - raft.server.log.appender.buffer.byte-limit = 33554432 (custom)
2022-03-07 09:51:03,092 [EventQueue-PipelineReportForPipelineReportHandler] INFO  pipeline.PipelineManagerImpl (PipelineManagerImpl.java:openPipeline(291)) - Pipeline Pipeline[ Id: 5b1c4279-099c-4815-8e9c-b74b02aaa056, Nodes: 84008c31-6636-4a62-b386-f7fb7e7ffddc{ip: 10.1.0.49, host: fv-az291-317.wgnan5asplgejimfprtllbpdch.jx.internal.cloudapp.net, ports: [REPLICATION=42827, RATIS=44263, RATIS_ADMIN=44263, RATIS_SERVER=44263, STANDALONE=33245], networkLocation: /default-rack, certSerialId: null, persistedOpState: IN_SERVICE, persistedOpStateExpiryEpochSec: 0}7fca689d-043b-47bb-bf18-12adf35ba2bc{ip: 10.1.0.49, host: fv-az291-317.wgnan5asplgejimfprtllbpdch.jx.internal.cloudapp.net, ports: [REPLICATION=35909, RATIS=42461, RATIS_ADMIN=42461, RATIS_SERVER=42461, STANDALONE=44961], networkLocation: /default-rack, certSerialId: null, persistedOpState: IN_SERVICE, persistedOpStateExpiryEpochSec: 0}edf60a86-ae5b-4f71-bc37-25062be06587{ip: 10.1.0.49, host: fv-az291-317.wgnan5asplgejimfprtllbpdch.jx.internal.cloudapp.net, ports: [REPLICATION=46727, RATIS=38621, RATIS_ADMIN=38621, RATIS_SERVER=38621, STANDALONE=45115], networkLocation: /default-rack, certSerialId: null, persistedOpState: IN_SERVICE, persistedOpStateExpiryEpochSec: 0}, ReplicationConfig: RATIS/THREE, State:ALLOCATED, leaderId:7fca689d-043b-47bb-bf18-12adf35ba2bc, CreationTimestamp2022-03-07T09:50:55.771Z[Etc/UTC]] moved to OPEN state
2022-03-07 09:51:03,093 [7fca689d-043b-47bb-bf18-12adf35ba2bc@group-B74B02AAA056-LeaderElection83] INFO  server.RaftServerConfigKeys (ConfUtils.java:logGet(44)) - raft.server.log.appender.buffer.element-limit = 1 (custom)
2022-03-07 09:51:03,093 [7fca689d-043b-47bb-bf18-12adf35ba2bc@group-B74B02AAA056-LeaderElection83] INFO  grpc.GrpcConfigKeys (ConfUtils.java:logGet(44)) - raft.grpc.server.leader.outstanding.appends.max = 128 (default)
2022-03-07 09:51:03,093 [7fca689d-043b-47bb-bf18-12adf35ba2bc@group-B74B02AAA056-LeaderElection83] INFO  server.RaftServerConfigKeys (ConfUtils.java:logGet(44)) - raft.server.rpc.request.timeout = 3000ms (default)
2022-03-07 09:51:03,093 [7fca689d-043b-47bb-bf18-12adf35ba2bc@group-B74B02AAA056-LeaderElection83] INFO  server.RaftServerConfigKeys (ConfUtils.java:logGet(44)) - raft.server.log.appender.install.snapshot.enabled = false (custom)
2022-03-07 09:51:03,094 [9fd2d42e-0817-4c6b-b2b7-8c945e0a68b4@group-D482764D36D7-StateMachineUpdater] INFO  safemode.HealthyPipelineSafeModeRule (HealthyPipelineSafeModeRule.java:initializeRule(152)) - Refreshed total pipeline count is 1, healthy pipeline threshold count is 1
2022-03-07 09:51:03,094 [EventQueue-OpenPipelineForHealthyPipelineSafeModeRule] INFO  safemode.SCMSafeModeManager (HealthyPipelineSafeModeRule.java:process(124)) - SCM in safe mode. Healthy pipelines reported count is 1, required healthy pipeline reported count is 1
2022-03-07 09:51:03,094 [84008c31-6636-4a62-b386-f7fb7e7ffddc@group-B74B02AAA056-LeaderElection84] INFO  impl.LeaderElection (LeaderElection.java:askForVotes(306)) - 84008c31-6636-4a62-b386-f7fb7e7ffddc@group-B74B02AAA056-LeaderElection84 ELECTION round 0: submit vote requests at term 1 for -1: [edf60a86-ae5b-4f71-bc37-25062be06587|rpc:10.1.0.49:38621|dataStream:|priority:0, 7fca689d-043b-47bb-bf18-12adf35ba2bc|rpc:10.1.0.49:42461|dataStream:|priority:1, 84008c31-6636-4a62-b386-f7fb7e7ffddc|rpc:10.1.0.49:44263|dataStream:|priority:0], old=null
2022-03-07 09:51:03,095 [grpc-default-executor-2] INFO  impl.VoteContext (VoteContext.java:log(48)) - 84008c31-6636-4a62-b386-f7fb7e7ffddc@group-B74B02AAA056-CANDIDATE: reject ELECTION from 7fca689d-043b-47bb-bf18-12adf35ba2bc: already has voted for 84008c31-6636-4a62-b386-f7fb7e7ffddc at current term 1
2022-03-07 09:51:03,095 [grpc-default-executor-2] INFO  server.RaftServer$Division (RaftServerImpl.java:requestVote(1078)) - 84008c31-6636-4a62-b386-f7fb7e7ffddc@group-B74B02AAA056 replies to ELECTION vote request: 7fca689d-043b-47bb-bf18-12adf35ba2bc<-84008c31-6636-4a62-b386-f7fb7e7ffddc#0:FAIL-t1. Peer's state: 84008c31-6636-4a62-b386-f7fb7e7ffddc@group-B74B02AAA056:t1, leader=null, voted=84008c31-6636-4a62-b386-f7fb7e7ffddc, raftlog=84008c31-6636-4a62-b386-f7fb7e7ffddc@group-B74B02AAA056-SegmentedRaftLog:OPENED:c-1, conf=-1: [edf60a86-ae5b-4f71-bc37-25062be06587|rpc:10.1.0.49:38621|dataStream:|priority:0, 7fca689d-043b-47bb-bf18-12adf35ba2bc|rpc:10.1.0.49:42461|dataStream:|priority:1, 84008c31-6636-4a62-b386-f7fb7e7ffddc|rpc:10.1.0.49:44263|dataStream:|priority:0], old=null
2022-03-07 09:51:03,094 [EventQueue-OpenPipelineForHealthyPipelineSafeModeRule] INFO  safemode.SCMSafeModeManager (SCMSafeModeManager.java:validateSafeModeExitRules(204)) - HealthyPipelineSafeModeRule rule is successfully validated
2022-03-07 09:51:03,095 [EventQueue-OpenPipelineForHealthyPipelineSafeModeRule] INFO  safemode.SCMSafeModeManager (SCMSafeModeManager.java:validateSafeModeExitRules(219)) - ScmSafeModeManager, all rules are successfully validated
2022-03-07 09:51:03,095 [EventQueue-OpenPipelineForHealthyPipelineSafeModeRule] INFO  safemode.SCMSafeModeManager (SCMSafeModeManager.java:exitSafeMode(248)) - SCM exiting safe mode.
2022-03-07 09:51:03,095 [EventQueue-OpenPipelineForHealthyPipelineSafeModeRule] WARN  events.EventQueue (EventQueue.java:fireEvent(194)) - No event handler registered for event TypedEvent{payloadType=SafeModeStatus, name='Safe mode status'}
2022-03-07 09:51:03,095 [EventQueue-OpenPipelineForHealthyPipelineSafeModeRule] INFO  ha.SCMContext (SCMContext.java:updateSafeModeStatus(211)) - Update SafeModeStatus from SafeModeStatus{safeModeStatus=true, preCheckPassed=true} to SafeModeStatus{safeModeStatus=false, preCheckPassed=true}.
2022-03-07 09:51:03,095 [EventQueue-OpenPipelineForHealthyPipelineSafeModeRule] INFO  container.ReplicationManager (ReplicationManager.java:notifyStatusChanged(1807)) - Service ReplicationManager transitions to RUNNING.
2022-03-07 09:51:03,096 [7fca689d-043b-47bb-bf18-12adf35ba2bc@group-B74B02AAA056-LeaderElection83] INFO  impl.RoleInfo (RoleInfo.java:updateAndGet(130)) - 7fca689d-043b-47bb-bf18-12adf35ba2bc: start 7fca689d-043b-47bb-bf18-12adf35ba2bc@group-B74B02AAA056-LeaderStateImpl
2022-03-07 09:51:03,098 [7fca689d-043b-47bb-bf18-12adf35ba2bc@group-B74B02AAA056-LeaderElection83] INFO  segmented.SegmentedRaftLogWorker (SegmentedRaftLogWorker.java:startLogSegment(394)) - 7fca689d-043b-47bb-bf18-12adf35ba2bc@group-B74B02AAA056-SegmentedRaftLogWorker: Starting segment from index:0
2022-03-07 09:51:03,167 [grpc-default-executor-2] INFO  server.RaftServer$Division (RaftServerImpl.java:requestVote(1046)) - edf60a86-ae5b-4f71-bc37-25062be06587@group-B74B02AAA056: receive requestVote(ELECTION, 84008c31-6636-4a62-b386-f7fb7e7ffddc, group-B74B02AAA056, 1, (t:0, i:0))
2022-03-07 09:51:03,168 [7fca689d-043b-47bb-bf18-12adf35ba2bc@group-B74B02AAA056-SegmentedRaftLogWorker] INFO  segmented.SegmentedRaftLogWorker (SegmentedRaftLogWorker.java:execute(601)) - 7fca689d-043b-47bb-bf18-12adf35ba2bc@group-B74B02AAA056-SegmentedRaftLogWorker: created new log segment /home/runner/work/ozone/ozone/hadoop-ozone/integration-test/target/test-dir/MiniOzoneClusterImpl-4c099742-f0a8-499d-a606-d482764d36d7/datanode-3/data/ratis/5b1c4279-099c-4815-8e9c-b74b02aaa056/current/log_inprogress_0
2022-03-07 09:51:03,204 [grpc-default-executor-2] INFO  impl.VoteContext (VoteContext.java:log(48)) - edf60a86-ae5b-4f71-bc37-25062be06587@group-B74B02AAA056-FOLLOWER: reject ELECTION from 84008c31-6636-4a62-b386-f7fb7e7ffddc: already has voted for 7fca689d-043b-47bb-bf18-12adf35ba2bc at current term 1
2022-03-07 09:51:03,204 [grpc-default-executor-2] INFO  server.RaftServer$Division (RaftServerImpl.java:requestVote(1078)) - edf60a86-ae5b-4f71-bc37-25062be06587@group-B74B02AAA056 replies to ELECTION vote request: 84008c31-6636-4a62-b386-f7fb7e7ffddc<-edf60a86-ae5b-4f71-bc37-25062be06587#0:FAIL-t1. Peer's state: edf60a86-ae5b-4f71-bc37-25062be06587@group-B74B02AAA056:t1, leader=null, voted=7fca689d-043b-47bb-bf18-12adf35ba2bc, raftlog=edf60a86-ae5b-4f71-bc37-25062be06587@group-B74B02AAA056-SegmentedRaftLog:OPENED:c-1, conf=-1: [edf60a86-ae5b-4f71-bc37-25062be06587|rpc:10.1.0.49:38621|dataStream:|priority:0, 7fca689d-043b-47bb-bf18-12adf35ba2bc|rpc:10.1.0.49:42461|dataStream:|priority:1, 84008c31-6636-4a62-b386-f7fb7e7ffddc|rpc:10.1.0.49:44263|dataStream:|priority:0], old=null
2022-03-07 09:51:03,205 [7fca689d-043b-47bb-bf18-12adf35ba2bc@group-B74B02AAA056-LeaderElection83] INFO  server.RaftServer$Division (ServerState.java:setRaftConf(387)) - 7fca689d-043b-47bb-bf18-12adf35ba2bc@group-B74B02AAA056: set configuration 0: [edf60a86-ae5b-4f71-bc37-25062be06587|rpc:10.1.0.49:38621|dataStream:|priority:0, 7fca689d-043b-47bb-bf18-12adf35ba2bc|rpc:10.1.0.49:42461|dataStream:|priority:1, 84008c31-6636-4a62-b386-f7fb7e7ffddc|rpc:10.1.0.49:44263|dataStream:|priority:0], old=null
2022-03-07 09:51:03,212 [grpc-default-executor-2] INFO  server.RaftServer$Division (RaftServerImpl.java:setRole(290)) - 84008c31-6636-4a62-b386-f7fb7e7ffddc@group-B74B02AAA056: changes role from CANDIDATE to FOLLOWER at term 1 for appendEntries
2022-03-07 09:51:03,213 [grpc-default-executor-2] INFO  impl.RoleInfo (RoleInfo.java:shutdownLeaderElection(121)) - 84008c31-6636-4a62-b386-f7fb7e7ffddc: shutdown 84008c31-6636-4a62-b386-f7fb7e7ffddc@group-B74B02AAA056-LeaderElection84
2022-03-07 09:51:03,213 [grpc-default-executor-2] INFO  impl.RoleInfo (RoleInfo.java:updateAndGet(130)) - 84008c31-6636-4a62-b386-f7fb7e7ffddc: start 84008c31-6636-4a62-b386-f7fb7e7ffddc@group-B74B02AAA056-FollowerState
2022-03-07 09:51:03,213 [grpc-default-executor-5] INFO  ratis.XceiverServerRatis (XceiverServerRatis.java:handleLeaderChangedNotification(867)) - Leader change notification received for group: group-B74B02AAA056 with new leaderId: 7fca689d-043b-47bb-bf18-12adf35ba2bc
2022-03-07 09:51:03,213 [grpc-default-executor-5] INFO  server.RaftServer$Division (ServerState.java:setLeader(285)) - edf60a86-ae5b-4f71-bc37-25062be06587@group-B74B02AAA056: change Leader from null to 7fca689d-043b-47bb-bf18-12adf35ba2bc at term 1 for appendEntries, leader elected after 5133ms
2022-03-07 09:51:03,214 [grpc-default-executor-2] INFO  ratis.XceiverServerRatis (XceiverServerRatis.java:handleLeaderChangedNotification(867)) - Leader change notification received for group: group-B74B02AAA056 with new leaderId: 7fca689d-043b-47bb-bf18-12adf35ba2bc
2022-03-07 09:51:03,214 [grpc-default-executor-2] INFO  server.RaftServer$Division (ServerState.java:setLeader(285)) - 84008c31-6636-4a62-b386-f7fb7e7ffddc@group-B74B02AAA056: change Leader from null to 7fca689d-043b-47bb-bf18-12adf35ba2bc at term 1 for appendEntries, leader elected after 5241ms
2022-03-07 09:51:03,246 [84008c31-6636-4a62-b386-f7fb7e7ffddc@group-B74B02AAA056-LeaderElection84] INFO  impl.LeaderElection (LeaderElection.java:logAndReturn(89)) - 84008c31-6636-4a62-b386-f7fb7e7ffddc@group-B74B02AAA056-LeaderElection84: ELECTION REJECTED received 1 response(s) and 0 exception(s):
2022-03-07 09:51:03,246 [84008c31-6636-4a62-b386-f7fb7e7ffddc@group-B74B02AAA056-LeaderElection84] INFO  impl.LeaderElection (LeaderElection.java:logAndReturn(93)) -   Response 0: 84008c31-6636-4a62-b386-f7fb7e7ffddc<-edf60a86-ae5b-4f71-bc37-25062be06587#0:FAIL-t1
2022-03-07 09:51:03,246 [84008c31-6636-4a62-b386-f7fb7e7ffddc@group-B74B02AAA056-LeaderElection84] INFO  impl.LeaderElection (LeaderElection.java:askForVotes(308)) - 84008c31-6636-4a62-b386-f7fb7e7ffddc@group-B74B02AAA056-LeaderElection84 ELECTION round 0: result REJECTED
2022-03-07 09:51:03,248 [grpc-default-executor-2] INFO  server.RaftServer$Division (RaftServerImpl.java:requestVote(1046)) - 7fca689d-043b-47bb-bf18-12adf35ba2bc@group-B74B02AAA056: receive requestVote(ELECTION, 84008c31-6636-4a62-b386-f7fb7e7ffddc, group-B74B02AAA056, 1, (t:0, i:0))
2022-03-07 09:51:03,248 [grpc-default-executor-2] INFO  impl.VoteContext (VoteContext.java:log(48)) - 7fca689d-043b-47bb-bf18-12adf35ba2bc@group-B74B02AAA056-LEADER: reject ELECTION from 84008c31-6636-4a62-b386-f7fb7e7ffddc: already has voted for 7fca689d-043b-47bb-bf18-12adf35ba2bc at current term 1
2022-03-07 09:51:03,248 [grpc-default-executor-2] INFO  server.RaftServer$Division (RaftServerImpl.java:requestVote(1078)) - 7fca689d-043b-47bb-bf18-12adf35ba2bc@group-B74B02AAA056 replies to ELECTION vote request: 84008c31-6636-4a62-b386-f7fb7e7ffddc<-7fca689d-043b-47bb-bf18-12adf35ba2bc#0:FAIL-t1. Peer's state: 7fca689d-043b-47bb-bf18-12adf35ba2bc@group-B74B02AAA056:t1, leader=7fca689d-043b-47bb-bf18-12adf35ba2bc, voted=7fca689d-043b-47bb-bf18-12adf35ba2bc, raftlog=7fca689d-043b-47bb-bf18-12adf35ba2bc@group-B74B02AAA056-SegmentedRaftLog:OPENED:c0, conf=0: [edf60a86-ae5b-4f71-bc37-25062be06587|rpc:10.1.0.49:38621|dataStream:|priority:0, 7fca689d-043b-47bb-bf18-12adf35ba2bc|rpc:10.1.0.49:42461|dataStream:|priority:1, 84008c31-6636-4a62-b386-f7fb7e7ffddc|rpc:10.1.0.49:44263|dataStream:|priority:0], old=null
2022-03-07 09:51:03,250 [grpc-default-executor-0] INFO  server.RaftServer$Division (ServerState.java:setRaftConf(387)) - 84008c31-6636-4a62-b386-f7fb7e7ffddc@group-B74B02AAA056: set configuration 0: [edf60a86-ae5b-4f71-bc37-25062be06587|rpc:10.1.0.49:38621|dataStream:|priority:0, 7fca689d-043b-47bb-bf18-12adf35ba2bc|rpc:10.1.0.49:42461|dataStream:|priority:1, 84008c31-6636-4a62-b386-f7fb7e7ffddc|rpc:10.1.0.49:44263|dataStream:|priority:0], old=null
2022-03-07 09:51:03,250 [grpc-default-executor-0] INFO  segmented.SegmentedRaftLogWorker (SegmentedRaftLogWorker.java:startLogSegment(394)) - 84008c31-6636-4a62-b386-f7fb7e7ffddc@group-B74B02AAA056-SegmentedRaftLogWorker: Starting segment from index:0
2022-03-07 09:51:03,251 [84008c31-6636-4a62-b386-f7fb7e7ffddc@group-B74B02AAA056-SegmentedRaftLogWorker] INFO  segmented.SegmentedRaftLogWorker (SegmentedRaftLogWorker.java:execute(601)) - 84008c31-6636-4a62-b386-f7fb7e7ffddc@group-B74B02AAA056-SegmentedRaftLogWorker: created new log segment /home/runner/work/ozone/ozone/hadoop-ozone/integration-test/target/test-dir/MiniOzoneClusterImpl-4c099742-f0a8-499d-a606-d482764d36d7/datanode-4/data/ratis/5b1c4279-099c-4815-8e9c-b74b02aaa056/current/log_inprogress_0
2022-03-07 09:51:03,272 [7fca689d-043b-47bb-bf18-12adf35ba2bc@group-5B77DECE4517-FollowerState] INFO  impl.FollowerState (FollowerState.java:run(134)) - 7fca689d-043b-47bb-bf18-12adf35ba2bc@group-5B77DECE4517-FollowerState: change to CANDIDATE, lastRpcElapsedTime:5084972710ns, electionTimeout:5079ms
2022-03-07 09:51:03,272 [7fca689d-043b-47bb-bf18-12adf35ba2bc@group-5B77DECE4517-FollowerState] INFO  impl.RoleInfo (RoleInfo.java:shutdownFollowerState(108)) - 7fca689d-043b-47bb-bf18-12adf35ba2bc: shutdown 7fca689d-043b-47bb-bf18-12adf35ba2bc@group-5B77DECE4517-FollowerState
2022-03-07 09:51:03,273 [7fca689d-043b-47bb-bf18-12adf35ba2bc@group-5B77DECE4517-FollowerState] INFO  server.RaftServer$Division (RaftServerImpl.java:setRole(290)) - 7fca689d-043b-47bb-bf18-12adf35ba2bc@group-5B77DECE4517: changes role from  FOLLOWER to CANDIDATE at term 0 for changeToCandidate
2022-03-07 09:51:03,273 [7fca689d-043b-47bb-bf18-12adf35ba2bc@group-5B77DECE4517-FollowerState] INFO  server.RaftServerConfigKeys (ConfUtils.java:logGet(44)) - raft.server.leaderelection.pre-vote = false (custom)
2022-03-07 09:51:03,273 [7fca689d-043b-47bb-bf18-12adf35ba2bc@group-5B77DECE4517-FollowerState] INFO  impl.RoleInfo (RoleInfo.java:updateAndGet(130)) - 7fca689d-043b-47bb-bf18-12adf35ba2bc: start 7fca689d-043b-47bb-bf18-12adf35ba2bc@group-5B77DECE4517-LeaderElection85
2022-03-07 09:51:03,282 [grpc-default-executor-5] INFO  server.RaftServer$Division (ServerState.java:setRaftConf(387)) - edf60a86-ae5b-4f71-bc37-25062be06587@group-B74B02AAA056: set configuration 0: [edf60a86-ae5b-4f71-bc37-25062be06587|rpc:10.1.0.49:38621|dataStream:|priority:0, 7fca689d-043b-47bb-bf18-12adf35ba2bc|rpc:10.1.0.49:42461|dataStream:|priority:1, 84008c31-6636-4a62-b386-f7fb7e7ffddc|rpc:10.1.0.49:44263|dataStream:|priority:0], old=null
2022-03-07 09:51:03,283 [grpc-default-executor-5] INFO  segmented.SegmentedRaftLogWorker (SegmentedRaftLogWorker.java:startLogSegment(394)) - edf60a86-ae5b-4f71-bc37-25062be06587@group-B74B02AAA056-SegmentedRaftLogWorker: Starting segment from index:0
2022-03-07 09:51:03,284 [edf60a86-ae5b-4f71-bc37-25062be06587@group-B74B02AAA056-SegmentedRaftLogWorker] INFO  segmented.SegmentedRaftLogWorker (SegmentedRaftLogWorker.java:execute(601)) - edf60a86-ae5b-4f71-bc37-25062be06587@group-B74B02AAA056-SegmentedRaftLogWorker: created new log segment /home/runner/work/ozone/ozone/hadoop-ozone/integration-test/target/test-dir/MiniOzoneClusterImpl-4c099742-f0a8-499d-a606-d482764d36d7/datanode-5/data/ratis/5b1c4279-099c-4815-8e9c-b74b02aaa056/current/log_inprogress_0
2022-03-07 09:51:03,293 [7fca689d-043b-47bb-bf18-12adf35ba2bc@group-5B77DECE4517-LeaderElection85] INFO  impl.LeaderElection (LeaderElection.java:askForVotes(306)) - 7fca689d-043b-47bb-bf18-12adf35ba2bc@group-5B77DECE4517-LeaderElection85 ELECTION round 0: submit vote requests at term 1 for -1: [edf60a86-ae5b-4f71-bc37-25062be06587|rpc:10.1.0.49:38621|priority:0, 7fca689d-043b-47bb-bf18-12adf35ba2bc|rpc:10.1.0.49:42461|priority:0, 84008c31-6636-4a62-b386-f7fb7e7ffddc|rpc:10.1.0.49:44263|priority:1], old=null
2022-03-07 09:51:03,304 [84008c31-6636-4a62-b386-f7fb7e7ffddc@group-5B77DECE4517-FollowerState] INFO  impl.FollowerState (FollowerState.java:run(134)) - 84008c31-6636-4a62-b386-f7fb7e7ffddc@group-5B77DECE4517-FollowerState: change to CANDIDATE, lastRpcElapsedTime:5058859331ns, electionTimeout:5052ms
2022-03-07 09:51:03,310 [84008c31-6636-4a62-b386-f7fb7e7ffddc@group-5B77DECE4517-FollowerState] INFO  impl.RoleInfo (RoleInfo.java:shutdownFollowerState(108)) - 84008c31-6636-4a62-b386-f7fb7e7ffddc: shutdown 84008c31-6636-4a62-b386-f7fb7e7ffddc@group-5B77DECE4517-FollowerState
2022-03-07 09:51:03,310 [84008c31-6636-4a62-b386-f7fb7e7ffddc@group-5B77DECE4517-FollowerState] INFO  server.RaftServer$Division (RaftServerImpl.java:setRole(290)) - 84008c31-6636-4a62-b386-f7fb7e7ffddc@group-5B77DECE4517: changes role from  FOLLOWER to CANDIDATE at term 0 for changeToCandidate
2022-03-07 09:51:03,310 [84008c31-6636-4a62-b386-f7fb7e7ffddc@group-5B77DECE4517-FollowerState] INFO  server.RaftServerConfigKeys (ConfUtils.java:logGet(44)) - raft.server.leaderelection.pre-vote = false (custom)
2022-03-07 09:51:03,310 [84008c31-6636-4a62-b386-f7fb7e7ffddc@group-5B77DECE4517-FollowerState] INFO  impl.RoleInfo (RoleInfo.java:updateAndGet(130)) - 84008c31-6636-4a62-b386-f7fb7e7ffddc: start 84008c31-6636-4a62-b386-f7fb7e7ffddc@group-5B77DECE4517-LeaderElection86
2022-03-07 09:51:03,324 [grpc-default-executor-5] INFO  server.RaftServer$Division (RaftServerImpl.java:requestVote(1046)) - edf60a86-ae5b-4f71-bc37-25062be06587@group-5B77DECE4517: receive requestVote(ELECTION, 7fca689d-043b-47bb-bf18-12adf35ba2bc, group-5B77DECE4517, 1, (t:0, i:0))
2022-03-07 09:51:03,324 [grpc-default-executor-5] INFO  impl.VoteContext (VoteContext.java:log(48)) - edf60a86-ae5b-4f71-bc37-25062be06587@group-5B77DECE4517-FOLLOWER: accept ELECTION from 7fca689d-043b-47bb-bf18-12adf35ba2bc: our priority 0 <= candidate's priority 0
2022-03-07 09:51:03,324 [grpc-default-executor-5] INFO  server.RaftServer$Division (RaftServerImpl.java:setRole(290)) - edf60a86-ae5b-4f71-bc37-25062be06587@group-5B77DECE4517: changes role from  FOLLOWER to FOLLOWER at term 1 for candidate:7fca689d-043b-47bb-bf18-12adf35ba2bc
2022-03-07 09:51:03,324 [grpc-default-executor-5] INFO  impl.RoleInfo (RoleInfo.java:shutdownFollowerState(108)) - edf60a86-ae5b-4f71-bc37-25062be06587: shutdown edf60a86-ae5b-4f71-bc37-25062be06587@group-5B77DECE4517-FollowerState
2022-03-07 09:51:03,330 [84008c31-6636-4a62-b386-f7fb7e7ffddc@group-5B77DECE4517-LeaderElection86] INFO  impl.LeaderElection (LeaderElection.java:askForVotes(306)) - 84008c31-6636-4a62-b386-f7fb7e7ffddc@group-5B77DECE4517-LeaderElection86 ELECTION round 0: submit vote requests at term 1 for -1: [edf60a86-ae5b-4f71-bc37-25062be06587|rpc:10.1.0.49:38621|dataStream:|priority:0, 7fca689d-043b-47bb-bf18-12adf35ba2bc|rpc:10.1.0.49:42461|dataStream:|priority:0, 84008c31-6636-4a62-b386-f7fb7e7ffddc|rpc:10.1.0.49:44263|dataStream:|priority:1], old=null
2022-03-07 09:51:03,333 [grpc-default-executor-0] INFO  server.RaftServer$Division (RaftServerImpl.java:requestVote(1046)) - edf60a86-ae5b-4f71-bc37-25062be06587@group-5B77DECE4517: receive requestVote(ELECTION, 84008c31-6636-4a62-b386-f7fb7e7ffddc, group-5B77DECE4517, 1, (t:0, i:0))
2022-03-07 09:51:03,343 [grpc-default-executor-2] INFO  server.RaftServer$Division (RaftServerImpl.java:requestVote(1046)) - 7fca689d-043b-47bb-bf18-12adf35ba2bc@group-5B77DECE4517: receive requestVote(ELECTION, 84008c31-6636-4a62-b386-f7fb7e7ffddc, group-5B77DECE4517, 1, (t:0, i:0))
2022-03-07 09:51:03,343 [grpc-default-executor-2] INFO  impl.VoteContext (VoteContext.java:log(48)) - 7fca689d-043b-47bb-bf18-12adf35ba2bc@group-5B77DECE4517-CANDIDATE: reject ELECTION from 84008c31-6636-4a62-b386-f7fb7e7ffddc: already has voted for 7fca689d-043b-47bb-bf18-12adf35ba2bc at current term 1
2022-03-07 09:51:03,343 [grpc-default-executor-2] INFO  server.RaftServer$Division (RaftServerImpl.java:requestVote(1078)) - 7fca689d-043b-47bb-bf18-12adf35ba2bc@group-5B77DECE4517 replies to ELECTION vote request: 84008c31-6636-4a62-b386-f7fb7e7ffddc<-7fca689d-043b-47bb-bf18-12adf35ba2bc#0:FAIL-t1. Peer's state: 7fca689d-043b-47bb-bf18-12adf35ba2bc@group-5B77DECE4517:t1, leader=null, voted=7fca689d-043b-47bb-bf18-12adf35ba2bc, raftlog=7fca689d-043b-47bb-bf18-12adf35ba2bc@group-5B77DECE4517-SegmentedRaftLog:OPENED:c-1, conf=-1: [edf60a86-ae5b-4f71-bc37-25062be06587|rpc:10.1.0.49:38621|priority:0, 7fca689d-043b-47bb-bf18-12adf35ba2bc|rpc:10.1.0.49:42461|priority:0, 84008c31-6636-4a62-b386-f7fb7e7ffddc|rpc:10.1.0.49:44263|priority:1], old=null
2022-03-07 09:51:03,353 [grpc-default-executor-5] INFO  impl.RoleInfo (RoleInfo.java:updateAndGet(130)) - edf60a86-ae5b-4f71-bc37-25062be06587: start edf60a86-ae5b-4f71-bc37-25062be06587@group-5B77DECE4517-FollowerState
2022-03-07 09:51:03,353 [edf60a86-ae5b-4f71-bc37-25062be06587@group-5B77DECE4517-FollowerState] INFO  impl.FollowerState (FollowerState.java:run(143)) - edf60a86-ae5b-4f71-bc37-25062be06587@group-5B77DECE4517-FollowerState was interrupted: {}
java.lang.InterruptedException: sleep interrupted
	at java.lang.Thread.sleep(Native Method)
	at java.lang.Thread.sleep(Thread.java:342)
	at java.util.concurrent.TimeUnit.sleep(TimeUnit.java:386)
	at org.apache.ratis.util.TimeDuration.sleep(TimeDuration.java:324)
	at org.apache.ratis.util.TimeDuration.sleep(TimeDuration.java:309)
	at org.apache.ratis.server.impl.FollowerState.run(FollowerState.java:118)
2022-03-07 09:51:03,362 [grpc-default-executor-2] INFO  server.RaftServer$Division (RaftServerImpl.java:requestVote(1046)) - 84008c31-6636-4a62-b386-f7fb7e7ffddc@group-5B77DECE4517: receive requestVote(ELECTION, 7fca689d-043b-47bb-bf18-12adf35ba2bc, group-5B77DECE4517, 1, (t:0, i:0))
2022-03-07 09:51:03,363 [grpc-default-executor-2] INFO  impl.VoteContext (VoteContext.java:log(48)) - 84008c31-6636-4a62-b386-f7fb7e7ffddc@group-5B77DECE4517-CANDIDATE: reject ELECTION from 7fca689d-043b-47bb-bf18-12adf35ba2bc: already has voted for 84008c31-6636-4a62-b386-f7fb7e7ffddc at current term 1
2022-03-07 09:51:03,363 [grpc-default-executor-2] INFO  server.RaftServer$Division (RaftServerImpl.java:requestVote(1078)) - 84008c31-6636-4a62-b386-f7fb7e7ffddc@group-5B77DECE4517 replies to ELECTION vote request: 7fca689d-043b-47bb-bf18-12adf35ba2bc<-84008c31-6636-4a62-b386-f7fb7e7ffddc#0:FAIL-t1. Peer's state: 84008c31-6636-4a62-b386-f7fb7e7ffddc@group-5B77DECE4517:t1, leader=null, voted=84008c31-6636-4a62-b386-f7fb7e7ffddc, raftlog=84008c31-6636-4a62-b386-f7fb7e7ffddc@group-5B77DECE4517-SegmentedRaftLog:OPENED:c-1, conf=-1: [edf60a86-ae5b-4f71-bc37-25062be06587|rpc:10.1.0.49:38621|dataStream:|priority:0, 7fca689d-043b-47bb-bf18-12adf35ba2bc|rpc:10.1.0.49:42461|dataStream:|priority:0, 84008c31-6636-4a62-b386-f7fb7e7ffddc|rpc:10.1.0.49:44263|dataStream:|priority:1], old=null
2022-03-07 09:51:03,402 [84008c31-6636-4a62-b386-f7fb7e7ffddc@group-C003513866D6-FollowerState] INFO  impl.FollowerState (FollowerState.java:run(134)) - 84008c31-6636-4a62-b386-f7fb7e7ffddc@group-C003513866D6-FollowerState: change to CANDIDATE, lastRpcElapsedTime:5089567258ns, electionTimeout:5087ms
2022-03-07 09:51:03,402 [84008c31-6636-4a62-b386-f7fb7e7ffddc@group-C003513866D6-FollowerState] INFO  impl.RoleInfo (RoleInfo.java:shutdownFollowerState(108)) - 84008c31-6636-4a62-b386-f7fb7e7ffddc: shutdown 84008c31-6636-4a62-b386-f7fb7e7ffddc@group-C003513866D6-FollowerState
2022-03-07 09:51:03,402 [84008c31-6636-4a62-b386-f7fb7e7ffddc@group-C003513866D6-FollowerState] INFO  server.RaftServer$Division (RaftServerImpl.java:setRole(290)) - 84008c31-6636-4a62-b386-f7fb7e7ffddc@group-C003513866D6: changes role from  FOLLOWER to CANDIDATE at term 0 for changeToCandidate
2022-03-07 09:51:03,402 [84008c31-6636-4a62-b386-f7fb7e7ffddc@group-C003513866D6-FollowerState] INFO  server.RaftServerConfigKeys (ConfUtils.java:logGet(44)) - raft.server.leaderelection.pre-vote = false (custom)
2022-03-07 09:51:03,402 [84008c31-6636-4a62-b386-f7fb7e7ffddc@group-C003513866D6-FollowerState] INFO  impl.RoleInfo (RoleInfo.java:updateAndGet(130)) - 84008c31-6636-4a62-b386-f7fb7e7ffddc: start 84008c31-6636-4a62-b386-f7fb7e7ffddc@group-C003513866D6-LeaderElection87
2022-03-07 09:51:03,407 [Listener at 127.0.0.1/40579] INFO  ozone.MiniOzoneClusterImpl (MiniOzoneClusterImpl.java:lambda$waitForClusterToBeReady$0(219)) - Nodes are ready. Got 7 of 7 DN Heartbeats.
2022-03-07 09:51:03,407 [Listener at 127.0.0.1/40579] INFO  ozone.MiniOzoneClusterImpl (MiniOzoneClusterImpl.java:lambda$waitForClusterToBeReady$0(222)) - Cluster exits safe mode
2022-03-07 09:51:03,407 [Listener at 127.0.0.1/40579] INFO  ozone.MiniOzoneClusterImpl (MiniOzoneClusterImpl.java:lambda$waitForClusterToBeReady$0(224)) - SCM became leader
2022-03-07 09:51:03,409 [Listener at 127.0.0.1/40579] INFO  rpc.RpcClient (RpcClient.java:createVolume(399)) - Creating Volume: testblockoutputstream, with runner as owner and space quota set to -1 bytes, counts quota set to -1
2022-03-07 09:51:03,414 [grpc-default-executor-5] INFO  server.RaftServer$Division (RaftServerImpl.java:requestVote(1078)) - edf60a86-ae5b-4f71-bc37-25062be06587@group-5B77DECE4517 replies to ELECTION vote request: 7fca689d-043b-47bb-bf18-12adf35ba2bc<-edf60a86-ae5b-4f71-bc37-25062be06587#0:OK-t1. Peer's state: edf60a86-ae5b-4f71-bc37-25062be06587@group-5B77DECE4517:t1, leader=null, voted=7fca689d-043b-47bb-bf18-12adf35ba2bc, raftlog=edf60a86-ae5b-4f71-bc37-25062be06587@group-5B77DECE4517-SegmentedRaftLog:OPENED:c-1, conf=-1: [edf60a86-ae5b-4f71-bc37-25062be06587|rpc:10.1.0.49:38621|dataStream:|priority:0, 7fca689d-043b-47bb-bf18-12adf35ba2bc|rpc:10.1.0.49:42461|dataStream:|priority:0, 84008c31-6636-4a62-b386-f7fb7e7ffddc|rpc:10.1.0.49:44263|dataStream:|priority:1], old=null
2022-03-07 09:51:03,414 [grpc-default-executor-0] INFO  impl.VoteContext (VoteContext.java:log(48)) - edf60a86-ae5b-4f71-bc37-25062be06587@group-5B77DECE4517-FOLLOWER: reject ELECTION from 84008c31-6636-4a62-b386-f7fb7e7ffddc: already has voted for 7fca689d-043b-47bb-bf18-12adf35ba2bc at current term 1
2022-03-07 09:51:03,414 [grpc-default-executor-0] INFO  server.RaftServer$Division (RaftServerImpl.java:requestVote(1078)) - edf60a86-ae5b-4f71-bc37-25062be06587@group-5B77DECE4517 replies to ELECTION vote request: 84008c31-6636-4a62-b386-f7fb7e7ffddc<-edf60a86-ae5b-4f71-bc37-25062be06587#0:FAIL-t1. Peer's state: edf60a86-ae5b-4f71-bc37-25062be06587@group-5B77DECE4517:t1, leader=null, voted=7fca689d-043b-47bb-bf18-12adf35ba2bc, raftlog=edf60a86-ae5b-4f71-bc37-25062be06587@group-5B77DECE4517-SegmentedRaftLog:OPENED:c-1, conf=-1: [edf60a86-ae5b-4f71-bc37-25062be06587|rpc:10.1.0.49:38621|dataStream:|priority:0, 7fca689d-043b-47bb-bf18-12adf35ba2bc|rpc:10.1.0.49:42461|dataStream:|priority:0, 84008c31-6636-4a62-b386-f7fb7e7ffddc|rpc:10.1.0.49:44263|dataStream:|priority:1], old=null
2022-03-07 09:51:03,415 [7fca689d-043b-47bb-bf18-12adf35ba2bc@group-5B77DECE4517-LeaderElection85] INFO  impl.LeaderElection (LeaderElection.java:logAndReturn(89)) - 7fca689d-043b-47bb-bf18-12adf35ba2bc@group-5B77DECE4517-LeaderElection85: ELECTION REJECTED received 1 response(s) and 0 exception(s):
2022-03-07 09:51:03,415 [7fca689d-043b-47bb-bf18-12adf35ba2bc@group-5B77DECE4517-LeaderElection85] INFO  impl.LeaderElection (LeaderElection.java:logAndReturn(93)) -   Response 0: 7fca689d-043b-47bb-bf18-12adf35ba2bc<-84008c31-6636-4a62-b386-f7fb7e7ffddc#0:FAIL-t1
2022-03-07 09:51:03,415 [7fca689d-043b-47bb-bf18-12adf35ba2bc@group-5B77DECE4517-LeaderElection85] INFO  impl.LeaderElection (LeaderElection.java:askForVotes(308)) - 7fca689d-043b-47bb-bf18-12adf35ba2bc@group-5B77DECE4517-LeaderElection85 ELECTION round 0: result REJECTED
2022-03-07 09:51:03,415 [7fca689d-043b-47bb-bf18-12adf35ba2bc@group-5B77DECE4517-LeaderElection85] INFO  server.RaftServer$Division (RaftServerImpl.java:setRole(290)) - 7fca689d-043b-47bb-bf18-12adf35ba2bc@group-5B77DECE4517: changes role from CANDIDATE to FOLLOWER at term 1 for REJECTED
2022-03-07 09:51:03,415 [7fca689d-043b-47bb-bf18-12adf35ba2bc@group-5B77DECE4517-LeaderElection85] INFO  impl.RoleInfo (RoleInfo.java:shutdownLeaderElection(121)) - 7fca689d-043b-47bb-bf18-12adf35ba2bc: shutdown 7fca689d-043b-47bb-bf18-12adf35ba2bc@group-5B77DECE4517-LeaderElection85
2022-03-07 09:51:03,415 [7fca689d-043b-47bb-bf18-12adf35ba2bc@group-5B77DECE4517-LeaderElection85] INFO  impl.RoleInfo (RoleInfo.java:updateAndGet(130)) - 7fca689d-043b-47bb-bf18-12adf35ba2bc: start 7fca689d-043b-47bb-bf18-12adf35ba2bc@group-5B77DECE4517-FollowerState
2022-03-07 09:51:03,416 [84008c31-6636-4a62-b386-f7fb7e7ffddc@group-5B77DECE4517-LeaderElection86] INFO  impl.LeaderElection (LeaderElection.java:logAndReturn(89)) - 84008c31-6636-4a62-b386-f7fb7e7ffddc@group-5B77DECE4517-LeaderElection86: ELECTION REJECTED received 2 response(s) and 0 exception(s):
2022-03-07 09:51:03,416 [84008c31-6636-4a62-b386-f7fb7e7ffddc@group-5B77DECE4517-LeaderElection86] INFO  impl.LeaderElection (LeaderElection.java:logAndReturn(93)) -   Response 0: 84008c31-6636-4a62-b386-f7fb7e7ffddc<-edf60a86-ae5b-4f71-bc37-25062be06587#0:FAIL-t1
2022-03-07 09:51:03,416 [84008c31-6636-4a62-b386-f7fb7e7ffddc@group-5B77DECE4517-LeaderElection86] INFO  impl.LeaderElection (LeaderElection.java:logAndReturn(93)) -   Response 1: 84008c31-6636-4a62-b386-f7fb7e7ffddc<-7fca689d-043b-47bb-bf18-12adf35ba2bc#0:FAIL-t1
2022-03-07 09:51:03,425 [84008c31-6636-4a62-b386-f7fb7e7ffddc@group-5B77DECE4517-LeaderElection86] INFO  impl.LeaderElection (LeaderElection.java:askForVotes(308)) - 84008c31-6636-4a62-b386-f7fb7e7ffddc@group-5B77DECE4517-LeaderElection86 ELECTION round 0: result REJECTED
2022-03-07 09:51:03,425 [84008c31-6636-4a62-b386-f7fb7e7ffddc@group-5B77DECE4517-LeaderElection86] INFO  server.RaftServer$Division (RaftServerImpl.java:setRole(290)) - 84008c31-6636-4a62-b386-f7fb7e7ffddc@group-5B77DECE4517: changes role from CANDIDATE to FOLLOWER at term 1 for REJECTED
2022-03-07 09:51:03,425 [84008c31-6636-4a62-b386-f7fb7e7ffddc@group-5B77DECE4517-LeaderElection86] INFO  impl.RoleInfo (RoleInfo.java:shutdownLeaderElection(121)) - 84008c31-6636-4a62-b386-f7fb7e7ffddc: shutdown 84008c31-6636-4a62-b386-f7fb7e7ffddc@group-5B77DECE4517-LeaderElection86
2022-03-07 09:51:03,425 [84008c31-6636-4a62-b386-f7fb7e7ffddc@group-5B77DECE4517-LeaderElection86] INFO  impl.RoleInfo (RoleInfo.java:updateAndGet(130)) - 84008c31-6636-4a62-b386-f7fb7e7ffddc: start 84008c31-6636-4a62-b386-f7fb7e7ffddc@group-5B77DECE4517-FollowerState
2022-03-07 09:51:03,427 [84008c31-6636-4a62-b386-f7fb7e7ffddc@group-C003513866D6-LeaderElection87] INFO  impl.LeaderElection (LeaderElection.java:askForVotes(306)) - 84008c31-6636-4a62-b386-f7fb7e7ffddc@group-C003513866D6-LeaderElection87 ELECTION round 0: submit vote requests at term 1 for -1: [84008c31-6636-4a62-b386-f7fb7e7ffddc|rpc:10.1.0.49:44263|priority:1], old=null
2022-03-07 09:51:03,427 [84008c31-6636-4a62-b386-f7fb7e7ffddc@group-C003513866D6-LeaderElection87] INFO  impl.LeaderElection (LeaderElection.java:askForVotes(308)) - 84008c31-6636-4a62-b386-f7fb7e7ffddc@group-C003513866D6-LeaderElection87 ELECTION round 0: result PASSED (term=1)
2022-03-07 09:51:03,427 [84008c31-6636-4a62-b386-f7fb7e7ffddc@group-C003513866D6-LeaderElection87] INFO  impl.RoleInfo (RoleInfo.java:shutdownLeaderElection(121)) - 84008c31-6636-4a62-b386-f7fb7e7ffddc: shutdown 84008c31-6636-4a62-b386-f7fb7e7ffddc@group-C003513866D6-LeaderElection87
2022-03-07 09:51:03,427 [84008c31-6636-4a62-b386-f7fb7e7ffddc@group-C003513866D6-LeaderElection87] INFO  server.RaftServer$Division (RaftServerImpl.java:setRole(290)) - 84008c31-6636-4a62-b386-f7fb7e7ffddc@group-C003513866D6: changes role from CANDIDATE to LEADER at term 1 for changeToLeader
2022-03-07 09:51:03,427 [84008c31-6636-4a62-b386-f7fb7e7ffddc@group-C003513866D6-LeaderElection87] INFO  ratis.XceiverServerRatis (XceiverServerRatis.java:handleLeaderChangedNotification(867)) - Leader change notification received for group: group-C003513866D6 with new leaderId: 84008c31-6636-4a62-b386-f7fb7e7ffddc
2022-03-07 09:51:03,427 [84008c31-6636-4a62-b386-f7fb7e7ffddc@group-C003513866D6-LeaderElection87] INFO  server.RaftServer$Division (ServerState.java:setLeader(285)) - 84008c31-6636-4a62-b386-f7fb7e7ffddc@group-C003513866D6: change Leader from null to 84008c31-6636-4a62-b386-f7fb7e7ffddc at term 1 for becomeLeader, leader elected after 5157ms
2022-03-07 09:51:03,427 [84008c31-6636-4a62-b386-f7fb7e7ffddc@group-C003513866D6-LeaderElection87] INFO  server.RaftServerConfigKeys (ConfUtils.java:logGet(44)) - raft.server.staging.catchup.gap = 1000 (default)
2022-03-07 09:51:03,427 [84008c31-6636-4a62-b386-f7fb7e7ffddc@group-C003513866D6-LeaderElection87] INFO  server.RaftServerConfigKeys (ConfUtils.java:logGet(44)) - raft.server.write.element-limit = 1024 (custom)
2022-03-07 09:51:03,427 [84008c31-6636-4a62-b386-f7fb7e7ffddc@group-C003513866D6-LeaderElection87] INFO  server.RaftServerConfigKeys (ConfUtils.java:logGet(44)) - raft.server.write.byte-limit = 1024 M (=1073741824) (custom)
2022-03-07 09:51:03,427 [84008c31-6636-4a62-b386-f7fb7e7ffddc@group-C003513866D6-LeaderElection87] INFO  server.RaftServerConfigKeys (ConfUtils.java:logGet(44)) - raft.server.watch.timeout = 3000ms (custom)
2022-03-07 09:51:03,428 [84008c31-6636-4a62-b386-f7fb7e7ffddc@group-C003513866D6-LeaderElection87] INFO  server.RaftServerConfigKeys (ConfUtils.java:logGet(44)) - raft.server.watch.timeout.denomination = 1s (default)
2022-03-07 09:51:03,428 [84008c31-6636-4a62-b386-f7fb7e7ffddc@group-C003513866D6-LeaderElection87] INFO  server.RaftServerConfigKeys (ConfUtils.java:logGet(44)) - raft.server.watch.element-limit = 65536 (default)
2022-03-07 09:51:03,428 [84008c31-6636-4a62-b386-f7fb7e7ffddc@group-C003513866D6-LeaderElection87] INFO  server.RaftServerConfigKeys (ConfUtils.java:logGet(44)) - raft.server.write.element-limit = 1024 (custom)
2022-03-07 09:51:03,428 [84008c31-6636-4a62-b386-f7fb7e7ffddc@group-C003513866D6-LeaderElection87] INFO  server.RaftServerConfigKeys (ConfUtils.java:logGet(44)) - raft.server.write.follower.gap.ratio.max = -1.0 (default)
2022-03-07 09:51:03,428 [84008c31-6636-4a62-b386-f7fb7e7ffddc@group-C003513866D6-LeaderElection87] INFO  impl.RoleInfo (RoleInfo.java:updateAndGet(130)) - 84008c31-6636-4a62-b386-f7fb7e7ffddc: start 84008c31-6636-4a62-b386-f7fb7e7ffddc@group-C003513866D6-LeaderStateImpl
2022-03-07 09:51:03,428 [84008c31-6636-4a62-b386-f7fb7e7ffddc@group-C003513866D6-LeaderElection87] INFO  segmented.SegmentedRaftLogWorker (SegmentedRaftLogWorker.java:startLogSegment(394)) - 84008c31-6636-4a62-b386-f7fb7e7ffddc@group-C003513866D6-SegmentedRaftLogWorker: Starting segment from index:0
2022-03-07 09:51:03,429 [84008c31-6636-4a62-b386-f7fb7e7ffddc@group-C003513866D6-LeaderElection87] INFO  server.RaftServer$Division (ServerState.java:setRaftConf(387)) - 84008c31-6636-4a62-b386-f7fb7e7ffddc@group-C003513866D6: set configuration 0: [84008c31-6636-4a62-b386-f7fb7e7ffddc|rpc:10.1.0.49:44263|dataStream:|priority:1], old=null
2022-03-07 09:51:03,429 [84008c31-6636-4a62-b386-f7fb7e7ffddc@group-C003513866D6-SegmentedRaftLogWorker] INFO  segmented.SegmentedRaftLogWorker (SegmentedRaftLogWorker.java:execute(601)) - 84008c31-6636-4a62-b386-f7fb7e7ffddc@group-C003513866D6-SegmentedRaftLogWorker: created new log segment /home/runner/work/ozone/ozone/hadoop-ozone/integration-test/target/test-dir/MiniOzoneClusterImpl-4c099742-f0a8-499d-a606-d482764d36d7/datanode-4/data/ratis/b21d2323-80ac-42b3-81aa-c003513866d6/current/log_inprogress_0
2022-03-07 09:51:03,473 [84008c31-6636-4a62-b386-f7fb7e7ffddc@group-7EB04D50015F-FollowerState] INFO  impl.FollowerState (FollowerState.java:run(134)) - 84008c31-6636-4a62-b386-f7fb7e7ffddc@group-7EB04D50015F-FollowerState: change to CANDIDATE, lastRpcElapsedTime:5107382846ns, electionTimeout:5076ms
2022-03-07 09:51:03,473 [84008c31-6636-4a62-b386-f7fb7e7ffddc@group-7EB04D50015F-FollowerState] INFO  impl.RoleInfo (RoleInfo.java:shutdownFollowerState(108)) - 84008c31-6636-4a62-b386-f7fb7e7ffddc: shutdown 84008c31-6636-4a62-b386-f7fb7e7ffddc@group-7EB04D50015F-FollowerState
2022-03-07 09:51:03,473 [84008c31-6636-4a62-b386-f7fb7e7ffddc@group-7EB04D50015F-FollowerState] INFO  server.RaftServer$Division (RaftServerImpl.java:setRole(290)) - 84008c31-6636-4a62-b386-f7fb7e7ffddc@group-7EB04D50015F: changes role from  FOLLOWER to CANDIDATE at term 0 for changeToCandidate
2022-03-07 09:51:03,482 [OM StateMachine ApplyTransaction Thread - 0] INFO  volume.OMVolumeCreateRequest (OMVolumeCreateRequest.java:validateAndUpdateCache(195)) - created volume:testblockoutputstream for user:runner
2022-03-07 09:51:03,519 [84008c31-6636-4a62-b386-f7fb7e7ffddc@group-7EB04D50015F-FollowerState] INFO  server.RaftServerConfigKeys (ConfUtils.java:logGet(44)) - raft.server.leaderelection.pre-vote = false (custom)
2022-03-07 09:51:03,519 [84008c31-6636-4a62-b386-f7fb7e7ffddc@group-7EB04D50015F-FollowerState] INFO  impl.RoleInfo (RoleInfo.java:updateAndGet(130)) - 84008c31-6636-4a62-b386-f7fb7e7ffddc: start 84008c31-6636-4a62-b386-f7fb7e7ffddc@group-7EB04D50015F-LeaderElection88
2022-03-07 09:51:03,548 [Listener at 127.0.0.1/40579] INFO  rpc.RpcClient (RpcClient.java:createBucket(562)) - Creating Bucket: testblockoutputstream/testblockoutputstream, with runner as owner and Versioning false and Storage Type set to DISK and Encryption set to false 
2022-03-07 09:51:03,572 [84008c31-6636-4a62-b386-f7fb7e7ffddc@group-7EB04D50015F-LeaderElection88] INFO  impl.LeaderElection (LeaderElection.java:askForVotes(306)) - 84008c31-6636-4a62-b386-f7fb7e7ffddc@group-7EB04D50015F-LeaderElection88 ELECTION round 0: submit vote requests at term 1 for -1: [edf60a86-ae5b-4f71-bc37-25062be06587|rpc:10.1.0.49:38621|priority:1, 7fca689d-043b-47bb-bf18-12adf35ba2bc|rpc:10.1.0.49:42461|priority:0, 84008c31-6636-4a62-b386-f7fb7e7ffddc|rpc:10.1.0.49:44263|priority:0], old=null
2022-03-07 09:51:03,581 [7fca689d-043b-47bb-bf18-12adf35ba2bc@group-7EB04D50015F-FollowerState] INFO  impl.FollowerState (FollowerState.java:run(134)) - 7fca689d-043b-47bb-bf18-12adf35ba2bc@group-7EB04D50015F-FollowerState: change to CANDIDATE, lastRpcElapsedTime:5084093198ns, electionTimeout:5079ms
2022-03-07 09:51:03,581 [7fca689d-043b-47bb-bf18-12adf35ba2bc@group-7EB04D50015F-FollowerState] INFO  impl.RoleInfo (RoleInfo.java:shutdownFollowerState(108)) - 7fca689d-043b-47bb-bf18-12adf35ba2bc: shutdown 7fca689d-043b-47bb-bf18-12adf35ba2bc@group-7EB04D50015F-FollowerState
2022-03-07 09:51:03,581 [7fca689d-043b-47bb-bf18-12adf35ba2bc@group-7EB04D50015F-FollowerState] INFO  server.RaftServer$Division (RaftServerImpl.java:setRole(290)) - 7fca689d-043b-47bb-bf18-12adf35ba2bc@group-7EB04D50015F: changes role from  FOLLOWER to CANDIDATE at term 0 for changeToCandidate
2022-03-07 09:51:03,582 [grpc-default-executor-0] INFO  server.RaftServer$Division (RaftServerImpl.java:requestVote(1046)) - edf60a86-ae5b-4f71-bc37-25062be06587@group-7EB04D50015F: receive requestVote(ELECTION, 84008c31-6636-4a62-b386-f7fb7e7ffddc, group-7EB04D50015F, 1, (t:0, i:0))
2022-03-07 09:51:03,582 [grpc-default-executor-0] INFO  impl.VoteContext (VoteContext.java:log(48)) - edf60a86-ae5b-4f71-bc37-25062be06587@group-7EB04D50015F-FOLLOWER: reject ELECTION from 84008c31-6636-4a62-b386-f7fb7e7ffddc: our priority 1 > candidate's priority 0
2022-03-07 09:51:03,582 [grpc-default-executor-0] INFO  server.RaftServer$Division (RaftServerImpl.java:setRole(290)) - edf60a86-ae5b-4f71-bc37-25062be06587@group-7EB04D50015F: changes role from  FOLLOWER to FOLLOWER at term 1 for candidate:84008c31-6636-4a62-b386-f7fb7e7ffddc
2022-03-07 09:51:03,582 [grpc-default-executor-0] INFO  impl.RoleInfo (RoleInfo.java:shutdownFollowerState(108)) - edf60a86-ae5b-4f71-bc37-25062be06587: shutdown edf60a86-ae5b-4f71-bc37-25062be06587@group-7EB04D50015F-FollowerState
2022-03-07 09:51:03,592 [edf60a86-ae5b-4f71-bc37-25062be06587@group-7EB04D50015F-FollowerState] INFO  impl.FollowerState (FollowerState.java:run(143)) - edf60a86-ae5b-4f71-bc37-25062be06587@group-7EB04D50015F-FollowerState was interrupted: {}
java.lang.InterruptedException: sleep interrupted
	at java.lang.Thread.sleep(Native Method)
	at java.lang.Thread.sleep(Thread.java:342)
	at java.util.concurrent.TimeUnit.sleep(TimeUnit.java:386)
	at org.apache.ratis.util.TimeDuration.sleep(TimeDuration.java:324)
	at org.apache.ratis.util.TimeDuration.sleep(TimeDuration.java:309)
	at org.apache.ratis.server.impl.FollowerState.run(FollowerState.java:118)
2022-03-07 09:51:03,592 [7fca689d-043b-47bb-bf18-12adf35ba2bc@group-7EB04D50015F-FollowerState] INFO  server.RaftServerConfigKeys (ConfUtils.java:logGet(44)) - raft.server.leaderelection.pre-vote = false (custom)
2022-03-07 09:51:03,593 [7fca689d-043b-47bb-bf18-12adf35ba2bc@group-7EB04D50015F-FollowerState] INFO  impl.RoleInfo (RoleInfo.java:updateAndGet(130)) - 7fca689d-043b-47bb-bf18-12adf35ba2bc: start 7fca689d-043b-47bb-bf18-12adf35ba2bc@group-7EB04D50015F-LeaderElection89
2022-03-07 09:51:03,592 [grpc-default-executor-0] INFO  impl.RoleInfo (RoleInfo.java:updateAndGet(130)) - edf60a86-ae5b-4f71-bc37-25062be06587: start edf60a86-ae5b-4f71-bc37-25062be06587@group-7EB04D50015F-FollowerState
2022-03-07 09:51:03,595 [grpc-default-executor-5] INFO  server.RaftServer$Division (RaftServerImpl.java:requestVote(1046)) - 7fca689d-043b-47bb-bf18-12adf35ba2bc@group-7EB04D50015F: receive requestVote(ELECTION, 84008c31-6636-4a62-b386-f7fb7e7ffddc, group-7EB04D50015F, 1, (t:0, i:0))
2022-03-07 09:51:03,615 [grpc-default-executor-5] INFO  impl.VoteContext (VoteContext.java:log(48)) - 7fca689d-043b-47bb-bf18-12adf35ba2bc@group-7EB04D50015F-CANDIDATE: accept ELECTION from 84008c31-6636-4a62-b386-f7fb7e7ffddc: our priority 0 <= candidate's priority 0
2022-03-07 09:51:03,616 [grpc-default-executor-5] INFO  server.RaftServer$Division (RaftServerImpl.java:setRole(290)) - 7fca689d-043b-47bb-bf18-12adf35ba2bc@group-7EB04D50015F: changes role from CANDIDATE to FOLLOWER at term 1 for candidate:84008c31-6636-4a62-b386-f7fb7e7ffddc
2022-03-07 09:51:03,616 [grpc-default-executor-5] INFO  impl.RoleInfo (RoleInfo.java:shutdownLeaderElection(121)) - 7fca689d-043b-47bb-bf18-12adf35ba2bc: shutdown 7fca689d-043b-47bb-bf18-12adf35ba2bc@group-7EB04D50015F-LeaderElection89
2022-03-07 09:51:03,616 [grpc-default-executor-5] INFO  impl.RoleInfo (RoleInfo.java:updateAndGet(130)) - 7fca689d-043b-47bb-bf18-12adf35ba2bc: start 7fca689d-043b-47bb-bf18-12adf35ba2bc@group-7EB04D50015F-FollowerState
2022-03-07 09:51:03,620 [grpc-default-executor-5] INFO  server.RaftServer$Division (RaftServerImpl.java:requestVote(1078)) - 7fca689d-043b-47bb-bf18-12adf35ba2bc@group-7EB04D50015F replies to ELECTION vote request: 84008c31-6636-4a62-b386-f7fb7e7ffddc<-7fca689d-043b-47bb-bf18-12adf35ba2bc#0:OK-t1. Peer's state: 7fca689d-043b-47bb-bf18-12adf35ba2bc@group-7EB04D50015F:t1, leader=null, voted=84008c31-6636-4a62-b386-f7fb7e7ffddc, raftlog=7fca689d-043b-47bb-bf18-12adf35ba2bc@group-7EB04D50015F-SegmentedRaftLog:OPENED:c-1, conf=-1: [edf60a86-ae5b-4f71-bc37-25062be06587|rpc:10.1.0.49:38621|dataStream:|priority:1, 7fca689d-043b-47bb-bf18-12adf35ba2bc|rpc:10.1.0.49:42461|dataStream:|priority:0, 84008c31-6636-4a62-b386-f7fb7e7ffddc|rpc:10.1.0.49:44263|dataStream:|priority:0], old=null
2022-03-07 09:51:03,620 [grpc-default-executor-0] INFO  server.RaftServer$Division (RaftServerImpl.java:requestVote(1078)) - edf60a86-ae5b-4f71-bc37-25062be06587@group-7EB04D50015F replies to ELECTION vote request: 84008c31-6636-4a62-b386-f7fb7e7ffddc<-edf60a86-ae5b-4f71-bc37-25062be06587#0:FAIL-t1. Peer's state: edf60a86-ae5b-4f71-bc37-25062be06587@group-7EB04D50015F:t1, leader=null, voted=null, raftlog=edf60a86-ae5b-4f71-bc37-25062be06587@group-7EB04D50015F-SegmentedRaftLog:OPENED:c-1, conf=-1: [edf60a86-ae5b-4f71-bc37-25062be06587|rpc:10.1.0.49:38621|dataStream:|priority:1, 7fca689d-043b-47bb-bf18-12adf35ba2bc|rpc:10.1.0.49:42461|dataStream:|priority:0, 84008c31-6636-4a62-b386-f7fb7e7ffddc|rpc:10.1.0.49:44263|dataStream:|priority:0], old=null
2022-03-07 09:51:03,622 [84008c31-6636-4a62-b386-f7fb7e7ffddc@group-7EB04D50015F-LeaderElection88] INFO  impl.LeaderElection (LeaderElection.java:logAndReturn(89)) - 84008c31-6636-4a62-b386-f7fb7e7ffddc@group-7EB04D50015F-LeaderElection88: ELECTION REJECTED received 2 response(s) and 0 exception(s):
2022-03-07 09:51:03,622 [84008c31-6636-4a62-b386-f7fb7e7ffddc@group-7EB04D50015F-LeaderElection88] INFO  impl.LeaderElection (LeaderElection.java:logAndReturn(93)) -   Response 0: 84008c31-6636-4a62-b386-f7fb7e7ffddc<-edf60a86-ae5b-4f71-bc37-25062be06587#0:FAIL-t1
2022-03-07 09:51:03,622 [84008c31-6636-4a62-b386-f7fb7e7ffddc@group-7EB04D50015F-LeaderElection88] INFO  impl.LeaderElection (LeaderElection.java:logAndReturn(93)) -   Response 1: 84008c31-6636-4a62-b386-f7fb7e7ffddc<-7fca689d-043b-47bb-bf18-12adf35ba2bc#0:OK-t1
2022-03-07 09:51:03,622 [84008c31-6636-4a62-b386-f7fb7e7ffddc@group-7EB04D50015F-LeaderElection88] INFO  impl.LeaderElection (LeaderElection.java:askForVotes(308)) - 84008c31-6636-4a62-b386-f7fb7e7ffddc@group-7EB04D50015F-LeaderElection88 ELECTION round 0: result REJECTED
2022-03-07 09:51:03,622 [84008c31-6636-4a62-b386-f7fb7e7ffddc@group-7EB04D50015F-LeaderElection88] INFO  server.RaftServer$Division (RaftServerImpl.java:setRole(290)) - 84008c31-6636-4a62-b386-f7fb7e7ffddc@group-7EB04D50015F: changes role from CANDIDATE to FOLLOWER at term 1 for REJECTED
2022-03-07 09:51:03,622 [84008c31-6636-4a62-b386-f7fb7e7ffddc@group-7EB04D50015F-LeaderElection88] INFO  impl.RoleInfo (RoleInfo.java:shutdownLeaderElection(121)) - 84008c31-6636-4a62-b386-f7fb7e7ffddc: shutdown 84008c31-6636-4a62-b386-f7fb7e7ffddc@group-7EB04D50015F-LeaderElection88
2022-03-07 09:51:03,622 [84008c31-6636-4a62-b386-f7fb7e7ffddc@group-7EB04D50015F-LeaderElection88] INFO  impl.RoleInfo (RoleInfo.java:updateAndGet(130)) - 84008c31-6636-4a62-b386-f7fb7e7ffddc: start 84008c31-6636-4a62-b386-f7fb7e7ffddc@group-7EB04D50015F-FollowerState
2022-03-07 09:51:03,664 [IPC Server handler 2 on default port 39863] INFO  ha.SequenceIdGenerator (SequenceIdGenerator.java:getNextId(127)) - Allocate a batch for containerId, change lastId from 0 to 1000.
2022-03-07 09:51:03,667 [9fd2d42e-0817-4c6b-b2b7-8c945e0a68b4@group-D482764D36D7-StateMachineUpdater] WARN  ha.SequenceIdGenerator (SequenceIdGenerator.java:allocateBatch(235)) - Failed to allocate a batch for localId, expected lastId is 0, actual lastId is 109611004723200000.
2022-03-07 09:51:03,668 [IPC Server handler 2 on default port 39863] INFO  ha.SequenceIdGenerator (SequenceIdGenerator.java:getNextId(127)) - Allocate a batch for localId, change lastId from 109611004723200000 to 109611004723201000.
2022-03-07 09:51:04,006 [edf60a86-ae5b-4f71-bc37-25062be06587@group-8FC2BBB632AF-FollowerState] INFO  impl.FollowerState (FollowerState.java:run(134)) - edf60a86-ae5b-4f71-bc37-25062be06587@group-8FC2BBB632AF-FollowerState: change to CANDIDATE, lastRpcElapsedTime:5195117174ns, electionTimeout:5194ms
2022-03-07 09:51:04,006 [edf60a86-ae5b-4f71-bc37-25062be06587@group-8FC2BBB632AF-FollowerState] INFO  impl.RoleInfo (RoleInfo.java:shutdownFollowerState(108)) - edf60a86-ae5b-4f71-bc37-25062be06587: shutdown edf60a86-ae5b-4f71-bc37-25062be06587@group-8FC2BBB632AF-FollowerState
2022-03-07 09:51:04,006 [edf60a86-ae5b-4f71-bc37-25062be06587@group-8FC2BBB632AF-FollowerState] INFO  server.RaftServer$Division (RaftServerImpl.java:setRole(290)) - edf60a86-ae5b-4f71-bc37-25062be06587@group-8FC2BBB632AF: changes role from  FOLLOWER to CANDIDATE at term 0 for changeToCandidate
2022-03-07 09:51:04,013 [edf60a86-ae5b-4f71-bc37-25062be06587@group-8FC2BBB632AF-FollowerState] INFO  server.RaftServerConfigKeys (ConfUtils.java:logGet(44)) - raft.server.leaderelection.pre-vote = false (custom)
2022-03-07 09:51:04,013 [edf60a86-ae5b-4f71-bc37-25062be06587@group-8FC2BBB632AF-FollowerState] INFO  impl.RoleInfo (RoleInfo.java:updateAndGet(130)) - edf60a86-ae5b-4f71-bc37-25062be06587: start edf60a86-ae5b-4f71-bc37-25062be06587@group-8FC2BBB632AF-LeaderElection90
2022-03-07 09:51:04,029 [edf60a86-ae5b-4f71-bc37-25062be06587@group-8FC2BBB632AF-LeaderElection90] INFO  impl.LeaderElection (LeaderElection.java:askForVotes(306)) - edf60a86-ae5b-4f71-bc37-25062be06587@group-8FC2BBB632AF-LeaderElection90 ELECTION round 0: submit vote requests at term 1 for -1: [edf60a86-ae5b-4f71-bc37-25062be06587|rpc:10.1.0.49:38621|priority:1], old=null
2022-03-07 09:51:04,029 [edf60a86-ae5b-4f71-bc37-25062be06587@group-8FC2BBB632AF-LeaderElection90] INFO  impl.LeaderElection (LeaderElection.java:askForVotes(308)) - edf60a86-ae5b-4f71-bc37-25062be06587@group-8FC2BBB632AF-LeaderElection90 ELECTION round 0: result PASSED (term=1)
2022-03-07 09:51:04,029 [edf60a86-ae5b-4f71-bc37-25062be06587@group-8FC2BBB632AF-LeaderElection90] INFO  impl.RoleInfo (RoleInfo.java:shutdownLeaderElection(121)) - edf60a86-ae5b-4f71-bc37-25062be06587: shutdown edf60a86-ae5b-4f71-bc37-25062be06587@group-8FC2BBB632AF-LeaderElection90
2022-03-07 09:51:04,029 [edf60a86-ae5b-4f71-bc37-25062be06587@group-8FC2BBB632AF-LeaderElection90] INFO  server.RaftServer$Division (RaftServerImpl.java:setRole(290)) - edf60a86-ae5b-4f71-bc37-25062be06587@group-8FC2BBB632AF: changes role from CANDIDATE to LEADER at term 1 for changeToLeader
2022-03-07 09:51:04,029 [edf60a86-ae5b-4f71-bc37-25062be06587@group-8FC2BBB632AF-LeaderElection90] INFO  ratis.XceiverServerRatis (XceiverServerRatis.java:handleLeaderChangedNotification(867)) - Leader change notification received for group: group-8FC2BBB632AF with new leaderId: edf60a86-ae5b-4f71-bc37-25062be06587
2022-03-07 09:51:04,029 [edf60a86-ae5b-4f71-bc37-25062be06587@group-8FC2BBB632AF-LeaderElection90] INFO  server.RaftServer$Division (ServerState.java:setLeader(285)) - edf60a86-ae5b-4f71-bc37-25062be06587@group-8FC2BBB632AF: change Leader from null to edf60a86-ae5b-4f71-bc37-25062be06587 at term 1 for becomeLeader, leader elected after 5236ms
2022-03-07 09:51:04,029 [edf60a86-ae5b-4f71-bc37-25062be06587@group-8FC2BBB632AF-LeaderElection90] INFO  server.RaftServerConfigKeys (ConfUtils.java:logGet(44)) - raft.server.staging.catchup.gap = 1000 (default)
2022-03-07 09:51:04,030 [edf60a86-ae5b-4f71-bc37-25062be06587@group-8FC2BBB632AF-LeaderElection90] INFO  server.RaftServerConfigKeys (ConfUtils.java:logGet(44)) - raft.server.write.element-limit = 1024 (custom)
2022-03-07 09:51:04,030 [edf60a86-ae5b-4f71-bc37-25062be06587@group-8FC2BBB632AF-LeaderElection90] INFO  server.RaftServerConfigKeys (ConfUtils.java:logGet(44)) - raft.server.write.byte-limit = 1024 M (=1073741824) (custom)
2022-03-07 09:51:04,030 [edf60a86-ae5b-4f71-bc37-25062be06587@group-8FC2BBB632AF-LeaderElection90] INFO  server.RaftServerConfigKeys (ConfUtils.java:logGet(44)) - raft.server.watch.timeout = 3000ms (custom)
2022-03-07 09:51:04,072 [edf60a86-ae5b-4f71-bc37-25062be06587@group-8FC2BBB632AF-LeaderElection90] INFO  server.RaftServerConfigKeys (ConfUtils.java:logGet(44)) - raft.server.watch.timeout.denomination = 1s (default)
2022-03-07 09:51:04,072 [edf60a86-ae5b-4f71-bc37-25062be06587@group-8FC2BBB632AF-LeaderElection90] INFO  server.RaftServerConfigKeys (ConfUtils.java:logGet(44)) - raft.server.watch.element-limit = 65536 (default)
2022-03-07 09:51:04,072 [edf60a86-ae5b-4f71-bc37-25062be06587@group-8FC2BBB632AF-LeaderElection90] INFO  server.RaftServerConfigKeys (ConfUtils.java:logGet(44)) - raft.server.write.element-limit = 1024 (custom)
2022-03-07 09:51:04,072 [edf60a86-ae5b-4f71-bc37-25062be06587@group-8FC2BBB632AF-LeaderElection90] INFO  server.RaftServerConfigKeys (ConfUtils.java:logGet(44)) - raft.server.write.follower.gap.ratio.max = -1.0 (default)
2022-03-07 09:51:04,072 [edf60a86-ae5b-4f71-bc37-25062be06587@group-8FC2BBB632AF-LeaderElection90] INFO  impl.RoleInfo (RoleInfo.java:updateAndGet(130)) - edf60a86-ae5b-4f71-bc37-25062be06587: start edf60a86-ae5b-4f71-bc37-25062be06587@group-8FC2BBB632AF-LeaderStateImpl
2022-03-07 09:51:04,073 [edf60a86-ae5b-4f71-bc37-25062be06587@group-8FC2BBB632AF-LeaderElection90] INFO  segmented.SegmentedRaftLogWorker (SegmentedRaftLogWorker.java:startLogSegment(394)) - edf60a86-ae5b-4f71-bc37-25062be06587@group-8FC2BBB632AF-SegmentedRaftLogWorker: Starting segment from index:0
2022-03-07 09:51:04,073 [edf60a86-ae5b-4f71-bc37-25062be06587@group-8FC2BBB632AF-LeaderElection90] INFO  server.RaftServer$Division (ServerState.java:setRaftConf(387)) - edf60a86-ae5b-4f71-bc37-25062be06587@group-8FC2BBB632AF: set configuration 0: [edf60a86-ae5b-4f71-bc37-25062be06587|rpc:10.1.0.49:38621|dataStream:|priority:1], old=null
2022-03-07 09:51:04,076 [edf60a86-ae5b-4f71-bc37-25062be06587@group-8FC2BBB632AF-SegmentedRaftLogWorker] INFO  segmented.SegmentedRaftLogWorker (SegmentedRaftLogWorker.java:execute(601)) - edf60a86-ae5b-4f71-bc37-25062be06587@group-8FC2BBB632AF-SegmentedRaftLogWorker: created new log segment /home/runner/work/ozone/ozone/hadoop-ozone/integration-test/target/test-dir/MiniOzoneClusterImpl-4c099742-f0a8-499d-a606-d482764d36d7/datanode-5/data/ratis/b8f304be-f1b1-478f-9c2c-8fc2bbb632af/current/log_inprogress_0
2022-03-07 09:51:04,683 [79ee019c-6239-4f85-9f3b-dddcaaaeb0fb@group-C4519756B354-FollowerState] INFO  impl.FollowerState (FollowerState.java:run(134)) - 79ee019c-6239-4f85-9f3b-dddcaaaeb0fb@group-C4519756B354-FollowerState: change to CANDIDATE, lastRpcElapsedTime:5027961994ns, electionTimeout:5015ms
2022-03-07 09:51:04,683 [79ee019c-6239-4f85-9f3b-dddcaaaeb0fb@group-C4519756B354-FollowerState] INFO  impl.RoleInfo (RoleInfo.java:shutdownFollowerState(108)) - 79ee019c-6239-4f85-9f3b-dddcaaaeb0fb: shutdown 79ee019c-6239-4f85-9f3b-dddcaaaeb0fb@group-C4519756B354-FollowerState
2022-03-07 09:51:04,683 [79ee019c-6239-4f85-9f3b-dddcaaaeb0fb@group-C4519756B354-FollowerState] INFO  server.RaftServer$Division (RaftServerImpl.java:setRole(290)) - 79ee019c-6239-4f85-9f3b-dddcaaaeb0fb@group-C4519756B354: changes role from  FOLLOWER to CANDIDATE at term 0 for changeToCandidate
2022-03-07 09:51:04,683 [79ee019c-6239-4f85-9f3b-dddcaaaeb0fb@group-C4519756B354-FollowerState] INFO  server.RaftServerConfigKeys (ConfUtils.java:logGet(44)) - raft.server.leaderelection.pre-vote = false (custom)
2022-03-07 09:51:04,683 [79ee019c-6239-4f85-9f3b-dddcaaaeb0fb@group-C4519756B354-FollowerState] INFO  impl.RoleInfo (RoleInfo.java:updateAndGet(130)) - 79ee019c-6239-4f85-9f3b-dddcaaaeb0fb: start 79ee019c-6239-4f85-9f3b-dddcaaaeb0fb@group-C4519756B354-LeaderElection91
2022-03-07 09:51:04,709 [79ee019c-6239-4f85-9f3b-dddcaaaeb0fb@group-C4519756B354-LeaderElection91] INFO  impl.LeaderElection (LeaderElection.java:askForVotes(306)) - 79ee019c-6239-4f85-9f3b-dddcaaaeb0fb@group-C4519756B354-LeaderElection91 ELECTION round 0: submit vote requests at term 1 for -1: [79ee019c-6239-4f85-9f3b-dddcaaaeb0fb|rpc:10.1.0.49:41163|priority:1], old=null
2022-03-07 09:51:04,709 [79ee019c-6239-4f85-9f3b-dddcaaaeb0fb@group-C4519756B354-LeaderElection91] INFO  impl.LeaderElection (LeaderElection.java:askForVotes(308)) - 79ee019c-6239-4f85-9f3b-dddcaaaeb0fb@group-C4519756B354-LeaderElection91 ELECTION round 0: result PASSED (term=1)
2022-03-07 09:51:04,709 [79ee019c-6239-4f85-9f3b-dddcaaaeb0fb@group-C4519756B354-LeaderElection91] INFO  impl.RoleInfo (RoleInfo.java:shutdownLeaderElection(121)) - 79ee019c-6239-4f85-9f3b-dddcaaaeb0fb: shutdown 79ee019c-6239-4f85-9f3b-dddcaaaeb0fb@group-C4519756B354-LeaderElection91
2022-03-07 09:51:04,709 [79ee019c-6239-4f85-9f3b-dddcaaaeb0fb@group-C4519756B354-LeaderElection91] INFO  server.RaftServer$Division (RaftServerImpl.java:setRole(290)) - 79ee019c-6239-4f85-9f3b-dddcaaaeb0fb@group-C4519756B354: changes role from CANDIDATE to LEADER at term 1 for changeToLeader
2022-03-07 09:51:04,709 [79ee019c-6239-4f85-9f3b-dddcaaaeb0fb@group-C4519756B354-LeaderElection91] INFO  ratis.XceiverServerRatis (XceiverServerRatis.java:handleLeaderChangedNotification(867)) - Leader change notification received for group: group-C4519756B354 with new leaderId: 79ee019c-6239-4f85-9f3b-dddcaaaeb0fb
2022-03-07 09:51:04,709 [79ee019c-6239-4f85-9f3b-dddcaaaeb0fb@group-C4519756B354-LeaderElection91] INFO  server.RaftServer$Division (ServerState.java:setLeader(285)) - 79ee019c-6239-4f85-9f3b-dddcaaaeb0fb@group-C4519756B354: change Leader from null to 79ee019c-6239-4f85-9f3b-dddcaaaeb0fb at term 1 for becomeLeader, leader elected after 5072ms
2022-03-07 09:51:04,710 [79ee019c-6239-4f85-9f3b-dddcaaaeb0fb@group-C4519756B354-LeaderElection91] INFO  server.RaftServerConfigKeys (ConfUtils.java:logGet(44)) - raft.server.staging.catchup.gap = 1000 (default)
2022-03-07 09:51:04,711 [79ee019c-6239-4f85-9f3b-dddcaaaeb0fb@group-C4519756B354-LeaderElection91] INFO  server.RaftServerConfigKeys (ConfUtils.java:logGet(44)) - raft.server.write.element-limit = 1024 (custom)
2022-03-07 09:51:04,712 [79ee019c-6239-4f85-9f3b-dddcaaaeb0fb@group-C4519756B354-LeaderElection91] INFO  server.RaftServerConfigKeys (ConfUtils.java:logGet(44)) - raft.server.write.byte-limit = 1024 M (=1073741824) (custom)
2022-03-07 09:51:04,712 [79ee019c-6239-4f85-9f3b-dddcaaaeb0fb@group-C4519756B354-LeaderElection91] INFO  server.RaftServerConfigKeys (ConfUtils.java:logGet(44)) - raft.server.watch.timeout = 3000ms (custom)
2022-03-07 09:51:04,712 [79ee019c-6239-4f85-9f3b-dddcaaaeb0fb@group-C4519756B354-LeaderElection91] INFO  server.RaftServerConfigKeys (ConfUtils.java:logGet(44)) - raft.server.watch.timeout.denomination = 1s (default)
2022-03-07 09:51:04,712 [79ee019c-6239-4f85-9f3b-dddcaaaeb0fb@group-C4519756B354-LeaderElection91] INFO  server.RaftServerConfigKeys (ConfUtils.java:logGet(44)) - raft.server.watch.element-limit = 65536 (default)
2022-03-07 09:51:04,713 [79ee019c-6239-4f85-9f3b-dddcaaaeb0fb@group-C4519756B354-LeaderElection91] INFO  server.RaftServerConfigKeys (ConfUtils.java:logGet(44)) - raft.server.write.element-limit = 1024 (custom)
2022-03-07 09:51:04,720 [79ee019c-6239-4f85-9f3b-dddcaaaeb0fb@group-C4519756B354-LeaderElection91] INFO  server.RaftServerConfigKeys (ConfUtils.java:logGet(44)) - raft.server.write.follower.gap.ratio.max = -1.0 (default)
2022-03-07 09:51:04,720 [79ee019c-6239-4f85-9f3b-dddcaaaeb0fb@group-C4519756B354-LeaderElection91] INFO  impl.RoleInfo (RoleInfo.java:updateAndGet(130)) - 79ee019c-6239-4f85-9f3b-dddcaaaeb0fb: start 79ee019c-6239-4f85-9f3b-dddcaaaeb0fb@group-C4519756B354-LeaderStateImpl
2022-03-07 09:51:04,720 [79ee019c-6239-4f85-9f3b-dddcaaaeb0fb@group-C4519756B354-LeaderElection91] INFO  segmented.SegmentedRaftLogWorker (SegmentedRaftLogWorker.java:startLogSegment(394)) - 79ee019c-6239-4f85-9f3b-dddcaaaeb0fb@group-C4519756B354-SegmentedRaftLogWorker: Starting segment from index:0
2022-03-07 09:51:04,723 [79ee019c-6239-4f85-9f3b-dddcaaaeb0fb@group-C4519756B354-LeaderElection91] INFO  server.RaftServer$Division (ServerState.java:setRaftConf(387)) - 79ee019c-6239-4f85-9f3b-dddcaaaeb0fb@group-C4519756B354: set configuration 0: [79ee019c-6239-4f85-9f3b-dddcaaaeb0fb|rpc:10.1.0.49:41163|dataStream:|priority:1], old=null
2022-03-07 09:51:04,723 [79ee019c-6239-4f85-9f3b-dddcaaaeb0fb@group-C4519756B354-SegmentedRaftLogWorker] INFO  segmented.SegmentedRaftLogWorker (SegmentedRaftLogWorker.java:execute(601)) - 79ee019c-6239-4f85-9f3b-dddcaaaeb0fb@group-C4519756B354-SegmentedRaftLogWorker: created new log segment /home/runner/work/ozone/ozone/hadoop-ozone/integration-test/target/test-dir/MiniOzoneClusterImpl-4c099742-f0a8-499d-a606-d482764d36d7/datanode-6/data/ratis/2fb996d2-0b8f-4226-89bb-c4519756b354/current/log_inprogress_0
2022-03-07 09:51:06,959 [616d314c-ba0d-49c9-8f1d-797448dad8fd@group-8E452AA84769-FollowerState] INFO  impl.FollowerState (FollowerState.java:run(134)) - 616d314c-ba0d-49c9-8f1d-797448dad8fd@group-8E452AA84769-FollowerState: change to CANDIDATE, lastRpcElapsedTime:5200380109ns, electionTimeout:5173ms
2022-03-07 09:51:06,959 [616d314c-ba0d-49c9-8f1d-797448dad8fd@group-8E452AA84769-FollowerState] INFO  impl.RoleInfo (RoleInfo.java:shutdownFollowerState(108)) - 616d314c-ba0d-49c9-8f1d-797448dad8fd: shutdown 616d314c-ba0d-49c9-8f1d-797448dad8fd@group-8E452AA84769-FollowerState
2022-03-07 09:51:06,959 [616d314c-ba0d-49c9-8f1d-797448dad8fd@group-8E452AA84769-FollowerState] INFO  server.RaftServer$Division (RaftServerImpl.java:setRole(290)) - 616d314c-ba0d-49c9-8f1d-797448dad8fd@group-8E452AA84769: changes role from  FOLLOWER to CANDIDATE at term 1 for changeToCandidate
2022-03-07 09:51:06,959 [616d314c-ba0d-49c9-8f1d-797448dad8fd@group-8E452AA84769-FollowerState] INFO  server.RaftServerConfigKeys (ConfUtils.java:logGet(44)) - raft.server.leaderelection.pre-vote = false (custom)
2022-03-07 09:51:06,959 [616d314c-ba0d-49c9-8f1d-797448dad8fd@group-8E452AA84769-FollowerState] INFO  impl.RoleInfo (RoleInfo.java:updateAndGet(130)) - 616d314c-ba0d-49c9-8f1d-797448dad8fd: start 616d314c-ba0d-49c9-8f1d-797448dad8fd@group-8E452AA84769-LeaderElection92
2022-03-07 09:51:07,000 [616d314c-ba0d-49c9-8f1d-797448dad8fd@group-8E452AA84769-LeaderElection92] INFO  impl.LeaderElection (LeaderElection.java:askForVotes(306)) - 616d314c-ba0d-49c9-8f1d-797448dad8fd@group-8E452AA84769-LeaderElection92 ELECTION round 0: submit vote requests at term 2 for -1: [728f99e8-418e-4b00-b2e8-36f688b477dd|rpc:10.1.0.49:44013|dataStream:|priority:0, 616d314c-ba0d-49c9-8f1d-797448dad8fd|rpc:10.1.0.49:39129|dataStream:|priority:1, cd9cff4b-1bd9-497e-976c-8eec10b9db64|rpc:10.1.0.49:42923|dataStream:|priority:0], old=null
2022-03-07 09:51:07,002 [grpc-default-executor-5] INFO  server.RaftServer$Division (RaftServerImpl.java:requestVote(1046)) - 728f99e8-418e-4b00-b2e8-36f688b477dd@group-8E452AA84769: receive requestVote(ELECTION, 616d314c-ba0d-49c9-8f1d-797448dad8fd, group-8E452AA84769, 2, (t:0, i:0))
2022-03-07 09:51:07,003 [grpc-default-executor-5] INFO  impl.VoteContext (VoteContext.java:log(48)) - 728f99e8-418e-4b00-b2e8-36f688b477dd@group-8E452AA84769-FOLLOWER: accept ELECTION from 616d314c-ba0d-49c9-8f1d-797448dad8fd: our priority 0 <= candidate's priority 1
2022-03-07 09:51:07,003 [grpc-default-executor-5] INFO  server.RaftServer$Division (RaftServerImpl.java:setRole(290)) - 728f99e8-418e-4b00-b2e8-36f688b477dd@group-8E452AA84769: changes role from  FOLLOWER to FOLLOWER at term 2 for candidate:616d314c-ba0d-49c9-8f1d-797448dad8fd
2022-03-07 09:51:07,003 [grpc-default-executor-5] INFO  impl.RoleInfo (RoleInfo.java:shutdownFollowerState(108)) - 728f99e8-418e-4b00-b2e8-36f688b477dd: shutdown 728f99e8-418e-4b00-b2e8-36f688b477dd@group-8E452AA84769-FollowerState
2022-03-07 09:51:07,026 [grpc-default-executor-5] INFO  impl.RoleInfo (RoleInfo.java:updateAndGet(130)) - 728f99e8-418e-4b00-b2e8-36f688b477dd: start 728f99e8-418e-4b00-b2e8-36f688b477dd@group-8E452AA84769-FollowerState
2022-03-07 09:51:07,028 [728f99e8-418e-4b00-b2e8-36f688b477dd@group-8E452AA84769-FollowerState] INFO  impl.FollowerState (FollowerState.java:run(143)) - 728f99e8-418e-4b00-b2e8-36f688b477dd@group-8E452AA84769-FollowerState was interrupted: {}
java.lang.InterruptedException: sleep interrupted
	at java.lang.Thread.sleep(Native Method)
	at java.lang.Thread.sleep(Thread.java:342)
	at java.util.concurrent.TimeUnit.sleep(TimeUnit.java:386)
	at org.apache.ratis.util.TimeDuration.sleep(TimeDuration.java:324)
	at org.apache.ratis.util.TimeDuration.sleep(TimeDuration.java:309)
	at org.apache.ratis.server.impl.FollowerState.run(FollowerState.java:118)
2022-03-07 09:51:07,028 [grpc-default-executor-0] INFO  server.RaftServer$Division (RaftServerImpl.java:requestVote(1046)) - cd9cff4b-1bd9-497e-976c-8eec10b9db64@group-8E452AA84769: receive requestVote(ELECTION, 616d314c-ba0d-49c9-8f1d-797448dad8fd, group-8E452AA84769, 2, (t:0, i:0))
2022-03-07 09:51:07,031 [grpc-default-executor-0] INFO  impl.VoteContext (VoteContext.java:log(48)) - cd9cff4b-1bd9-497e-976c-8eec10b9db64@group-8E452AA84769-FOLLOWER: accept ELECTION from 616d314c-ba0d-49c9-8f1d-797448dad8fd: our priority 0 <= candidate's priority 1
2022-03-07 09:51:07,031 [grpc-default-executor-0] INFO  server.RaftServer$Division (RaftServerImpl.java:setRole(290)) - cd9cff4b-1bd9-497e-976c-8eec10b9db64@group-8E452AA84769: changes role from  FOLLOWER to FOLLOWER at term 2 for candidate:616d314c-ba0d-49c9-8f1d-797448dad8fd
2022-03-07 09:51:07,031 [grpc-default-executor-0] INFO  impl.RoleInfo (RoleInfo.java:shutdownFollowerState(108)) - cd9cff4b-1bd9-497e-976c-8eec10b9db64: shutdown cd9cff4b-1bd9-497e-976c-8eec10b9db64@group-8E452AA84769-FollowerState
2022-03-07 09:51:07,031 [grpc-default-executor-0] INFO  impl.RoleInfo (RoleInfo.java:updateAndGet(130)) - cd9cff4b-1bd9-497e-976c-8eec10b9db64: start cd9cff4b-1bd9-497e-976c-8eec10b9db64@group-8E452AA84769-FollowerState
2022-03-07 09:51:07,031 [cd9cff4b-1bd9-497e-976c-8eec10b9db64@group-8E452AA84769-FollowerState] INFO  impl.FollowerState (FollowerState.java:run(143)) - cd9cff4b-1bd9-497e-976c-8eec10b9db64@group-8E452AA84769-FollowerState was interrupted: {}
java.lang.InterruptedException: sleep interrupted
	at java.lang.Thread.sleep(Native Method)
	at java.lang.Thread.sleep(Thread.java:342)
	at java.util.concurrent.TimeUnit.sleep(TimeUnit.java:386)
	at org.apache.ratis.util.TimeDuration.sleep(TimeDuration.java:324)
	at org.apache.ratis.util.TimeDuration.sleep(TimeDuration.java:309)
	at org.apache.ratis.server.impl.FollowerState.run(FollowerState.java:118)
2022-03-07 09:51:07,036 [grpc-default-executor-5] INFO  server.RaftServer$Division (RaftServerImpl.java:requestVote(1078)) - 728f99e8-418e-4b00-b2e8-36f688b477dd@group-8E452AA84769 replies to ELECTION vote request: 616d314c-ba0d-49c9-8f1d-797448dad8fd<-728f99e8-418e-4b00-b2e8-36f688b477dd#0:OK-t2. Peer's state: 728f99e8-418e-4b00-b2e8-36f688b477dd@group-8E452AA84769:t2, leader=null, voted=616d314c-ba0d-49c9-8f1d-797448dad8fd, raftlog=728f99e8-418e-4b00-b2e8-36f688b477dd@group-8E452AA84769-SegmentedRaftLog:OPENED:c-1, conf=-1: [728f99e8-418e-4b00-b2e8-36f688b477dd|rpc:10.1.0.49:44013|priority:0, 616d314c-ba0d-49c9-8f1d-797448dad8fd|rpc:10.1.0.49:39129|priority:1, cd9cff4b-1bd9-497e-976c-8eec10b9db64|rpc:10.1.0.49:42923|priority:0], old=null
2022-03-07 09:51:07,037 [616d314c-ba0d-49c9-8f1d-797448dad8fd@group-8E452AA84769-LeaderElection92] INFO  impl.LeaderElection (LeaderElection.java:logAndReturn(89)) - 616d314c-ba0d-49c9-8f1d-797448dad8fd@group-8E452AA84769-LeaderElection92: ELECTION PASSED received 1 response(s) and 0 exception(s):
2022-03-07 09:51:07,037 [616d314c-ba0d-49c9-8f1d-797448dad8fd@group-8E452AA84769-LeaderElection92] INFO  impl.LeaderElection (LeaderElection.java:logAndReturn(93)) -   Response 0: 616d314c-ba0d-49c9-8f1d-797448dad8fd<-728f99e8-418e-4b00-b2e8-36f688b477dd#0:OK-t2
2022-03-07 09:51:07,037 [616d314c-ba0d-49c9-8f1d-797448dad8fd@group-8E452AA84769-LeaderElection92] INFO  impl.LeaderElection (LeaderElection.java:askForVotes(308)) - 616d314c-ba0d-49c9-8f1d-797448dad8fd@group-8E452AA84769-LeaderElection92 ELECTION round 0: result PASSED
2022-03-07 09:51:07,037 [616d314c-ba0d-49c9-8f1d-797448dad8fd@group-8E452AA84769-LeaderElection92] INFO  impl.RoleInfo (RoleInfo.java:shutdownLeaderElection(121)) - 616d314c-ba0d-49c9-8f1d-797448dad8fd: shutdown 616d314c-ba0d-49c9-8f1d-797448dad8fd@group-8E452AA84769-LeaderElection92
2022-03-07 09:51:07,037 [616d314c-ba0d-49c9-8f1d-797448dad8fd@group-8E452AA84769-LeaderElection92] INFO  server.RaftServer$Division (RaftServerImpl.java:setRole(290)) - 616d314c-ba0d-49c9-8f1d-797448dad8fd@group-8E452AA84769: changes role from CANDIDATE to LEADER at term 2 for changeToLeader
2022-03-07 09:51:07,037 [616d314c-ba0d-49c9-8f1d-797448dad8fd@group-8E452AA84769-LeaderElection92] INFO  ratis.XceiverServerRatis (XceiverServerRatis.java:handleLeaderChangedNotification(867)) - Leader change notification received for group: group-8E452AA84769 with new leaderId: 616d314c-ba0d-49c9-8f1d-797448dad8fd
2022-03-07 09:51:07,037 [616d314c-ba0d-49c9-8f1d-797448dad8fd@group-8E452AA84769-LeaderElection92] INFO  server.RaftServer$Division (ServerState.java:setLeader(285)) - 616d314c-ba0d-49c9-8f1d-797448dad8fd@group-8E452AA84769: change Leader from null to 616d314c-ba0d-49c9-8f1d-797448dad8fd at term 2 for becomeLeader, leader elected after 10421ms
2022-03-07 09:51:07,037 [616d314c-ba0d-49c9-8f1d-797448dad8fd@group-8E452AA84769-LeaderElection92] INFO  server.RaftServerConfigKeys (ConfUtils.java:logGet(44)) - raft.server.staging.catchup.gap = 1000 (default)
2022-03-07 09:51:07,037 [616d314c-ba0d-49c9-8f1d-797448dad8fd@group-8E452AA84769-LeaderElection92] INFO  server.RaftServerConfigKeys (ConfUtils.java:logGet(44)) - raft.server.write.element-limit = 1024 (custom)
2022-03-07 09:51:07,038 [616d314c-ba0d-49c9-8f1d-797448dad8fd@group-8E452AA84769-LeaderElection92] INFO  server.RaftServerConfigKeys (ConfUtils.java:logGet(44)) - raft.server.write.byte-limit = 1024 M (=1073741824) (custom)
2022-03-07 09:51:07,038 [616d314c-ba0d-49c9-8f1d-797448dad8fd@group-8E452AA84769-LeaderElection92] INFO  server.RaftServerConfigKeys (ConfUtils.java:logGet(44)) - raft.server.watch.timeout = 3000ms (custom)
2022-03-07 09:51:07,038 [616d314c-ba0d-49c9-8f1d-797448dad8fd@group-8E452AA84769-LeaderElection92] INFO  server.RaftServerConfigKeys (ConfUtils.java:logGet(44)) - raft.server.watch.timeout.denomination = 1s (default)
2022-03-07 09:51:07,038 [616d314c-ba0d-49c9-8f1d-797448dad8fd@group-8E452AA84769-LeaderElection92] INFO  server.RaftServerConfigKeys (ConfUtils.java:logGet(44)) - raft.server.watch.element-limit = 65536 (default)
2022-03-07 09:51:07,038 [616d314c-ba0d-49c9-8f1d-797448dad8fd@group-8E452AA84769-LeaderElection92] INFO  server.RaftServerConfigKeys (ConfUtils.java:logGet(44)) - raft.server.write.element-limit = 1024 (custom)
2022-03-07 09:51:07,038 [616d314c-ba0d-49c9-8f1d-797448dad8fd@group-8E452AA84769-LeaderElection92] INFO  server.RaftServerConfigKeys (ConfUtils.java:logGet(44)) - raft.server.write.follower.gap.ratio.max = -1.0 (default)
2022-03-07 09:51:07,038 [616d314c-ba0d-49c9-8f1d-797448dad8fd@group-8E452AA84769-LeaderElection92] INFO  server.RaftServerConfigKeys (ConfUtils.java:logGet(44)) - raft.server.log.appender.snapshot.chunk.size.max = 16MB (=16777216) (default)
2022-03-07 09:51:07,038 [616d314c-ba0d-49c9-8f1d-797448dad8fd@group-8E452AA84769-LeaderElection92] INFO  server.RaftServerConfigKeys (ConfUtils.java:logGet(44)) - raft.server.log.appender.buffer.byte-limit = 33554432 (custom)
2022-03-07 09:51:07,038 [616d314c-ba0d-49c9-8f1d-797448dad8fd@group-8E452AA84769-LeaderElection92] INFO  server.RaftServerConfigKeys (ConfUtils.java:logGet(44)) - raft.server.log.appender.buffer.element-limit = 1 (custom)
2022-03-07 09:51:07,038 [616d314c-ba0d-49c9-8f1d-797448dad8fd@group-8E452AA84769-LeaderElection92] INFO  grpc.GrpcConfigKeys (ConfUtils.java:logGet(44)) - raft.grpc.server.leader.outstanding.appends.max = 128 (default)
2022-03-07 09:51:07,038 [616d314c-ba0d-49c9-8f1d-797448dad8fd@group-8E452AA84769-LeaderElection92] INFO  server.RaftServerConfigKeys (ConfUtils.java:logGet(44)) - raft.server.rpc.request.timeout = 3000ms (default)
2022-03-07 09:51:07,038 [616d314c-ba0d-49c9-8f1d-797448dad8fd@group-8E452AA84769-LeaderElection92] INFO  server.RaftServerConfigKeys (ConfUtils.java:logGet(44)) - raft.server.log.appender.install.snapshot.enabled = false (custom)
2022-03-07 09:51:07,039 [616d314c-ba0d-49c9-8f1d-797448dad8fd@group-8E452AA84769-LeaderElection92] INFO  server.RaftServerConfigKeys (ConfUtils.java:logGet(44)) - raft.server.log.appender.snapshot.chunk.size.max = 16MB (=16777216) (default)
2022-03-07 09:51:07,040 [616d314c-ba0d-49c9-8f1d-797448dad8fd@group-8E452AA84769-LeaderElection92] INFO  server.RaftServerConfigKeys (ConfUtils.java:logGet(44)) - raft.server.log.appender.buffer.byte-limit = 33554432 (custom)
2022-03-07 09:51:07,040 [616d314c-ba0d-49c9-8f1d-797448dad8fd@group-8E452AA84769-LeaderElection92] INFO  server.RaftServerConfigKeys (ConfUtils.java:logGet(44)) - raft.server.log.appender.buffer.element-limit = 1 (custom)
2022-03-07 09:51:07,040 [616d314c-ba0d-49c9-8f1d-797448dad8fd@group-8E452AA84769-LeaderElection92] INFO  grpc.GrpcConfigKeys (ConfUtils.java:logGet(44)) - raft.grpc.server.leader.outstanding.appends.max = 128 (default)
2022-03-07 09:51:07,040 [616d314c-ba0d-49c9-8f1d-797448dad8fd@group-8E452AA84769-LeaderElection92] INFO  server.RaftServerConfigKeys (ConfUtils.java:logGet(44)) - raft.server.rpc.request.timeout = 3000ms (default)
2022-03-07 09:51:07,040 [616d314c-ba0d-49c9-8f1d-797448dad8fd@group-8E452AA84769-LeaderElection92] INFO  server.RaftServerConfigKeys (ConfUtils.java:logGet(44)) - raft.server.log.appender.install.snapshot.enabled = false (custom)
2022-03-07 09:51:07,041 [616d314c-ba0d-49c9-8f1d-797448dad8fd@group-8E452AA84769-LeaderElection92] INFO  impl.RoleInfo (RoleInfo.java:updateAndGet(130)) - 616d314c-ba0d-49c9-8f1d-797448dad8fd: start 616d314c-ba0d-49c9-8f1d-797448dad8fd@group-8E452AA84769-LeaderStateImpl
2022-03-07 09:51:07,042 [616d314c-ba0d-49c9-8f1d-797448dad8fd@group-8E452AA84769-LeaderElection92] INFO  segmented.SegmentedRaftLogWorker (SegmentedRaftLogWorker.java:startLogSegment(394)) - 616d314c-ba0d-49c9-8f1d-797448dad8fd@group-8E452AA84769-SegmentedRaftLogWorker: Starting segment from index:0
2022-03-07 09:51:07,043 [616d314c-ba0d-49c9-8f1d-797448dad8fd@group-8E452AA84769-SegmentedRaftLogWorker] INFO  segmented.SegmentedRaftLogWorker (SegmentedRaftLogWorker.java:execute(601)) - 616d314c-ba0d-49c9-8f1d-797448dad8fd@group-8E452AA84769-SegmentedRaftLogWorker: created new log segment /home/runner/work/ozone/ozone/hadoop-ozone/integration-test/target/test-dir/MiniOzoneClusterImpl-4c099742-f0a8-499d-a606-d482764d36d7/datanode-1/data/ratis/8dcd701a-e220-441a-b05a-8e452aa84769/current/log_inprogress_0
2022-03-07 09:51:07,048 [grpc-default-executor-0] INFO  server.RaftServer$Division (RaftServerImpl.java:requestVote(1078)) - cd9cff4b-1bd9-497e-976c-8eec10b9db64@group-8E452AA84769 replies to ELECTION vote request: 616d314c-ba0d-49c9-8f1d-797448dad8fd<-cd9cff4b-1bd9-497e-976c-8eec10b9db64#0:OK-t2. Peer's state: cd9cff4b-1bd9-497e-976c-8eec10b9db64@group-8E452AA84769:t2, leader=null, voted=616d314c-ba0d-49c9-8f1d-797448dad8fd, raftlog=cd9cff4b-1bd9-497e-976c-8eec10b9db64@group-8E452AA84769-SegmentedRaftLog:OPENED:c-1, conf=-1: [728f99e8-418e-4b00-b2e8-36f688b477dd|rpc:10.1.0.49:44013|dataStream:|priority:0, 616d314c-ba0d-49c9-8f1d-797448dad8fd|rpc:10.1.0.49:39129|dataStream:|priority:1, cd9cff4b-1bd9-497e-976c-8eec10b9db64|rpc:10.1.0.49:42923|dataStream:|priority:0], old=null
2022-03-07 09:51:07,048 [grpc-default-executor-2] INFO  ratis.XceiverServerRatis (XceiverServerRatis.java:handleLeaderChangedNotification(867)) - Leader change notification received for group: group-8E452AA84769 with new leaderId: 616d314c-ba0d-49c9-8f1d-797448dad8fd
2022-03-07 09:51:07,049 [grpc-default-executor-2] INFO  server.RaftServer$Division (ServerState.java:setLeader(285)) - cd9cff4b-1bd9-497e-976c-8eec10b9db64@group-8E452AA84769: change Leader from null to 616d314c-ba0d-49c9-8f1d-797448dad8fd at term 2 for appendEntries, leader elected after 10338ms
2022-03-07 09:51:07,064 [grpc-default-executor-2] INFO  server.RaftServer$Division (ServerState.java:setRaftConf(387)) - cd9cff4b-1bd9-497e-976c-8eec10b9db64@group-8E452AA84769: set configuration 0: [728f99e8-418e-4b00-b2e8-36f688b477dd|rpc:10.1.0.49:44013|dataStream:|priority:0, 616d314c-ba0d-49c9-8f1d-797448dad8fd|rpc:10.1.0.49:39129|dataStream:|priority:1, cd9cff4b-1bd9-497e-976c-8eec10b9db64|rpc:10.1.0.49:42923|dataStream:|priority:0], old=null
2022-03-07 09:51:07,065 [grpc-default-executor-2] INFO  segmented.SegmentedRaftLogWorker (SegmentedRaftLogWorker.java:startLogSegment(394)) - cd9cff4b-1bd9-497e-976c-8eec10b9db64@group-8E452AA84769-SegmentedRaftLogWorker: Starting segment from index:0
2022-03-07 09:51:07,066 [cd9cff4b-1bd9-497e-976c-8eec10b9db64@group-8E452AA84769-SegmentedRaftLogWorker] INFO  segmented.SegmentedRaftLogWorker (SegmentedRaftLogWorker.java:execute(601)) - cd9cff4b-1bd9-497e-976c-8eec10b9db64@group-8E452AA84769-SegmentedRaftLogWorker: created new log segment /home/runner/work/ozone/ozone/hadoop-ozone/integration-test/target/test-dir/MiniOzoneClusterImpl-4c099742-f0a8-499d-a606-d482764d36d7/datanode-2/data/ratis/8dcd701a-e220-441a-b05a-8e452aa84769/current/log_inprogress_0
2022-03-07 09:51:07,076 [616d314c-ba0d-49c9-8f1d-797448dad8fd@group-8E452AA84769-LeaderElection92] INFO  server.RaftServer$Division (ServerState.java:setRaftConf(387)) - 616d314c-ba0d-49c9-8f1d-797448dad8fd@group-8E452AA84769: set configuration 0: [728f99e8-418e-4b00-b2e8-36f688b477dd|rpc:10.1.0.49:44013|dataStream:|priority:0, 616d314c-ba0d-49c9-8f1d-797448dad8fd|rpc:10.1.0.49:39129|dataStream:|priority:1, cd9cff4b-1bd9-497e-976c-8eec10b9db64|rpc:10.1.0.49:42923|dataStream:|priority:0], old=null
2022-03-07 09:51:07,076 [EventQueue-PipelineReportForPipelineReportHandler] INFO  pipeline.PipelineManagerImpl (PipelineManagerImpl.java:openPipeline(291)) - Pipeline Pipeline[ Id: 8dcd701a-e220-441a-b05a-8e452aa84769, Nodes: 728f99e8-418e-4b00-b2e8-36f688b477dd{ip: 10.1.0.49, host: fv-az291-317.wgnan5asplgejimfprtllbpdch.jx.internal.cloudapp.net, ports: [REPLICATION=38547, RATIS=44013, RATIS_ADMIN=44013, RATIS_SERVER=44013, STANDALONE=41573], networkLocation: /default-rack, certSerialId: null, persistedOpState: IN_SERVICE, persistedOpStateExpiryEpochSec: 0}616d314c-ba0d-49c9-8f1d-797448dad8fd{ip: 10.1.0.49, host: fv-az291-317.wgnan5asplgejimfprtllbpdch.jx.internal.cloudapp.net, ports: [REPLICATION=32797, RATIS=39129, RATIS_ADMIN=39129, RATIS_SERVER=39129, STANDALONE=37787], networkLocation: /default-rack, certSerialId: null, persistedOpState: IN_SERVICE, persistedOpStateExpiryEpochSec: 0}cd9cff4b-1bd9-497e-976c-8eec10b9db64{ip: 10.1.0.49, host: fv-az291-317.wgnan5asplgejimfprtllbpdch.jx.internal.cloudapp.net, ports: [REPLICATION=46825, RATIS=42923, RATIS_ADMIN=42923, RATIS_SERVER=42923, STANDALONE=43941], networkLocation: /default-rack, certSerialId: null, persistedOpState: IN_SERVICE, persistedOpStateExpiryEpochSec: 0}, ReplicationConfig: RATIS/THREE, State:ALLOCATED, leaderId:616d314c-ba0d-49c9-8f1d-797448dad8fd, CreationTimestamp2022-03-07T09:50:54.303Z[Etc/UTC]] moved to OPEN state
2022-03-07 09:51:07,117 [616d314c-ba0d-49c9-8f1d-797448dad8fd@group-35BB7CC600D3-FollowerState] INFO  impl.FollowerState (FollowerState.java:run(134)) - 616d314c-ba0d-49c9-8f1d-797448dad8fd@group-35BB7CC600D3-FollowerState: change to CANDIDATE, lastRpcElapsedTime:5105070996ns, electionTimeout:5102ms
2022-03-07 09:51:07,117 [616d314c-ba0d-49c9-8f1d-797448dad8fd@group-35BB7CC600D3-FollowerState] INFO  impl.RoleInfo (RoleInfo.java:shutdownFollowerState(108)) - 616d314c-ba0d-49c9-8f1d-797448dad8fd: shutdown 616d314c-ba0d-49c9-8f1d-797448dad8fd@group-35BB7CC600D3-FollowerState
2022-03-07 09:51:07,117 [616d314c-ba0d-49c9-8f1d-797448dad8fd@group-35BB7CC600D3-FollowerState] INFO  server.RaftServer$Division (RaftServerImpl.java:setRole(290)) - 616d314c-ba0d-49c9-8f1d-797448dad8fd@group-35BB7CC600D3: changes role from  FOLLOWER to CANDIDATE at term 1 for changeToCandidate
2022-03-07 09:51:07,117 [616d314c-ba0d-49c9-8f1d-797448dad8fd@group-35BB7CC600D3-FollowerState] INFO  server.RaftServerConfigKeys (ConfUtils.java:logGet(44)) - raft.server.leaderelection.pre-vote = false (custom)
2022-03-07 09:51:07,117 [616d314c-ba0d-49c9-8f1d-797448dad8fd@group-35BB7CC600D3-FollowerState] INFO  impl.RoleInfo (RoleInfo.java:updateAndGet(130)) - 616d314c-ba0d-49c9-8f1d-797448dad8fd: start 616d314c-ba0d-49c9-8f1d-797448dad8fd@group-35BB7CC600D3-LeaderElection93
2022-03-07 09:51:07,119 [616d314c-ba0d-49c9-8f1d-797448dad8fd@group-35BB7CC600D3-LeaderElection93] INFO  impl.LeaderElection (LeaderElection.java:askForVotes(306)) - 616d314c-ba0d-49c9-8f1d-797448dad8fd@group-35BB7CC600D3-LeaderElection93 ELECTION round 0: submit vote requests at term 2 for -1: [728f99e8-418e-4b00-b2e8-36f688b477dd|rpc:10.1.0.49:44013|dataStream:|priority:0, 616d314c-ba0d-49c9-8f1d-797448dad8fd|rpc:10.1.0.49:39129|dataStream:|priority:0, cd9cff4b-1bd9-497e-976c-8eec10b9db64|rpc:10.1.0.49:42923|dataStream:|priority:1], old=null
2022-03-07 09:51:07,120 [grpc-default-executor-0] INFO  server.RaftServer$Division (RaftServerImpl.java:requestVote(1046)) - 728f99e8-418e-4b00-b2e8-36f688b477dd@group-35BB7CC600D3: receive requestVote(ELECTION, 616d314c-ba0d-49c9-8f1d-797448dad8fd, group-35BB7CC600D3, 2, (t:0, i:0))
2022-03-07 09:51:07,121 [grpc-default-executor-2] INFO  server.RaftServer$Division (RaftServerImpl.java:requestVote(1046)) - cd9cff4b-1bd9-497e-976c-8eec10b9db64@group-35BB7CC600D3: receive requestVote(ELECTION, 616d314c-ba0d-49c9-8f1d-797448dad8fd, group-35BB7CC600D3, 2, (t:0, i:0))
2022-03-07 09:51:07,148 [cd9cff4b-1bd9-497e-976c-8eec10b9db64@group-35BB7CC600D3-FollowerState] INFO  impl.FollowerState (FollowerState.java:run(134)) - cd9cff4b-1bd9-497e-976c-8eec10b9db64@group-35BB7CC600D3-FollowerState: change to CANDIDATE, lastRpcElapsedTime:5096105700ns, electionTimeout:5035ms
2022-03-07 09:51:07,148 [grpc-default-executor-0] INFO  impl.VoteContext (VoteContext.java:log(48)) - 728f99e8-418e-4b00-b2e8-36f688b477dd@group-35BB7CC600D3-FOLLOWER: accept ELECTION from 616d314c-ba0d-49c9-8f1d-797448dad8fd: our priority 0 <= candidate's priority 0
2022-03-07 09:51:07,148 [grpc-default-executor-0] INFO  server.RaftServer$Division (RaftServerImpl.java:setRole(290)) - 728f99e8-418e-4b00-b2e8-36f688b477dd@group-35BB7CC600D3: changes role from  FOLLOWER to FOLLOWER at term 2 for candidate:616d314c-ba0d-49c9-8f1d-797448dad8fd
2022-03-07 09:51:07,148 [cd9cff4b-1bd9-497e-976c-8eec10b9db64@group-35BB7CC600D3-FollowerState] INFO  impl.RoleInfo (RoleInfo.java:shutdownFollowerState(108)) - cd9cff4b-1bd9-497e-976c-8eec10b9db64: shutdown cd9cff4b-1bd9-497e-976c-8eec10b9db64@group-35BB7CC600D3-FollowerState
2022-03-07 09:51:07,148 [grpc-default-executor-0] INFO  impl.RoleInfo (RoleInfo.java:shutdownFollowerState(108)) - 728f99e8-418e-4b00-b2e8-36f688b477dd: shutdown 728f99e8-418e-4b00-b2e8-36f688b477dd@group-35BB7CC600D3-FollowerState
2022-03-07 09:51:07,149 [grpc-default-executor-0] INFO  impl.RoleInfo (RoleInfo.java:updateAndGet(130)) - 728f99e8-418e-4b00-b2e8-36f688b477dd: start 728f99e8-418e-4b00-b2e8-36f688b477dd@group-35BB7CC600D3-FollowerState
2022-03-07 09:51:07,148 [cd9cff4b-1bd9-497e-976c-8eec10b9db64@group-35BB7CC600D3-FollowerState] INFO  server.RaftServer$Division (RaftServerImpl.java:setRole(290)) - cd9cff4b-1bd9-497e-976c-8eec10b9db64@group-35BB7CC600D3: changes role from  FOLLOWER to CANDIDATE at term 1 for changeToCandidate
2022-03-07 09:51:07,149 [728f99e8-418e-4b00-b2e8-36f688b477dd@group-35BB7CC600D3-FollowerState] INFO  impl.FollowerState (FollowerState.java:run(143)) - 728f99e8-418e-4b00-b2e8-36f688b477dd@group-35BB7CC600D3-FollowerState was interrupted: {}
java.lang.InterruptedException: sleep interrupted
	at java.lang.Thread.sleep(Native Method)
	at java.lang.Thread.sleep(Thread.java:342)
	at java.util.concurrent.TimeUnit.sleep(TimeUnit.java:386)
	at org.apache.ratis.util.TimeDuration.sleep(TimeDuration.java:324)
	at org.apache.ratis.util.TimeDuration.sleep(TimeDuration.java:309)
	at org.apache.ratis.server.impl.FollowerState.run(FollowerState.java:118)
2022-03-07 09:51:07,151 [grpc-default-executor-0] INFO  server.RaftServer$Division (RaftServerImpl.java:requestVote(1078)) - 728f99e8-418e-4b00-b2e8-36f688b477dd@group-35BB7CC600D3 replies to ELECTION vote request: 616d314c-ba0d-49c9-8f1d-797448dad8fd<-728f99e8-418e-4b00-b2e8-36f688b477dd#0:OK-t2. Peer's state: 728f99e8-418e-4b00-b2e8-36f688b477dd@group-35BB7CC600D3:t2, leader=null, voted=616d314c-ba0d-49c9-8f1d-797448dad8fd, raftlog=728f99e8-418e-4b00-b2e8-36f688b477dd@group-35BB7CC600D3-SegmentedRaftLog:OPENED:c-1, conf=-1: [728f99e8-418e-4b00-b2e8-36f688b477dd|rpc:10.1.0.49:44013|priority:0, 616d314c-ba0d-49c9-8f1d-797448dad8fd|rpc:10.1.0.49:39129|priority:0, cd9cff4b-1bd9-497e-976c-8eec10b9db64|rpc:10.1.0.49:42923|priority:1], old=null
2022-03-07 09:51:07,163 [grpc-default-executor-0] INFO  ratis.XceiverServerRatis (XceiverServerRatis.java:handleLeaderChangedNotification(867)) - Leader change notification received for group: group-8E452AA84769 with new leaderId: 616d314c-ba0d-49c9-8f1d-797448dad8fd
2022-03-07 09:51:07,163 [grpc-default-executor-0] INFO  server.RaftServer$Division (ServerState.java:setLeader(285)) - 728f99e8-418e-4b00-b2e8-36f688b477dd@group-8E452AA84769: change Leader from null to 616d314c-ba0d-49c9-8f1d-797448dad8fd at term 2 for appendEntries, leader elected after 10674ms
2022-03-07 09:51:07,166 [cd9cff4b-1bd9-497e-976c-8eec10b9db64@group-35BB7CC600D3-FollowerState] INFO  server.RaftServerConfigKeys (ConfUtils.java:logGet(44)) - raft.server.leaderelection.pre-vote = false (custom)
2022-03-07 09:51:07,166 [cd9cff4b-1bd9-497e-976c-8eec10b9db64@group-35BB7CC600D3-FollowerState] INFO  impl.RoleInfo (RoleInfo.java:updateAndGet(130)) - cd9cff4b-1bd9-497e-976c-8eec10b9db64: start cd9cff4b-1bd9-497e-976c-8eec10b9db64@group-35BB7CC600D3-LeaderElection94
2022-03-07 09:51:07,166 [grpc-default-executor-0] INFO  server.RaftServer$Division (ServerState.java:setRaftConf(387)) - 728f99e8-418e-4b00-b2e8-36f688b477dd@group-8E452AA84769: set configuration 0: [728f99e8-418e-4b00-b2e8-36f688b477dd|rpc:10.1.0.49:44013|dataStream:|priority:0, 616d314c-ba0d-49c9-8f1d-797448dad8fd|rpc:10.1.0.49:39129|dataStream:|priority:1, cd9cff4b-1bd9-497e-976c-8eec10b9db64|rpc:10.1.0.49:42923|dataStream:|priority:0], old=null
2022-03-07 09:51:07,167 [grpc-default-executor-0] INFO  segmented.SegmentedRaftLogWorker (SegmentedRaftLogWorker.java:startLogSegment(394)) - 728f99e8-418e-4b00-b2e8-36f688b477dd@group-8E452AA84769-SegmentedRaftLogWorker: Starting segment from index:0
2022-03-07 09:51:07,168 [grpc-default-executor-2] INFO  impl.VoteContext (VoteContext.java:log(48)) - cd9cff4b-1bd9-497e-976c-8eec10b9db64@group-35BB7CC600D3-CANDIDATE: reject ELECTION from 616d314c-ba0d-49c9-8f1d-797448dad8fd: our priority 1 > candidate's priority 0
2022-03-07 09:51:07,168 [grpc-default-executor-2] INFO  server.RaftServer$Division (RaftServerImpl.java:setRole(290)) - cd9cff4b-1bd9-497e-976c-8eec10b9db64@group-35BB7CC600D3: changes role from CANDIDATE to FOLLOWER at term 2 for candidate:616d314c-ba0d-49c9-8f1d-797448dad8fd
2022-03-07 09:51:07,168 [grpc-default-executor-2] INFO  impl.RoleInfo (RoleInfo.java:shutdownLeaderElection(121)) - cd9cff4b-1bd9-497e-976c-8eec10b9db64: shutdown cd9cff4b-1bd9-497e-976c-8eec10b9db64@group-35BB7CC600D3-LeaderElection94
2022-03-07 09:51:07,168 [grpc-default-executor-2] INFO  impl.RoleInfo (RoleInfo.java:updateAndGet(130)) - cd9cff4b-1bd9-497e-976c-8eec10b9db64: start cd9cff4b-1bd9-497e-976c-8eec10b9db64@group-35BB7CC600D3-FollowerState
2022-03-07 09:51:07,170 [cd9cff4b-1bd9-497e-976c-8eec10b9db64@group-35BB7CC600D3-LeaderElection94] INFO  impl.LeaderElection (LeaderElection.java:run(230)) - cd9cff4b-1bd9-497e-976c-8eec10b9db64@group-35BB7CC600D3-LeaderElection94: skip running since this is already CLOSING
2022-03-07 09:51:07,170 [728f99e8-418e-4b00-b2e8-36f688b477dd@group-8E452AA84769-SegmentedRaftLogWorker] INFO  segmented.SegmentedRaftLogWorker (SegmentedRaftLogWorker.java:execute(601)) - 728f99e8-418e-4b00-b2e8-36f688b477dd@group-8E452AA84769-SegmentedRaftLogWorker: created new log segment /home/runner/work/ozone/ozone/hadoop-ozone/integration-test/target/test-dir/MiniOzoneClusterImpl-4c099742-f0a8-499d-a606-d482764d36d7/datanode-0/data/ratis/8dcd701a-e220-441a-b05a-8e452aa84769/current/log_inprogress_0
2022-03-07 09:51:07,185 [grpc-default-executor-2] INFO  server.RaftServer$Division (RaftServerImpl.java:requestVote(1078)) - cd9cff4b-1bd9-497e-976c-8eec10b9db64@group-35BB7CC600D3 replies to ELECTION vote request: 616d314c-ba0d-49c9-8f1d-797448dad8fd<-cd9cff4b-1bd9-497e-976c-8eec10b9db64#0:FAIL-t2. Peer's state: cd9cff4b-1bd9-497e-976c-8eec10b9db64@group-35BB7CC600D3:t2, leader=null, voted=null, raftlog=cd9cff4b-1bd9-497e-976c-8eec10b9db64@group-35BB7CC600D3-SegmentedRaftLog:OPENED:c-1, conf=-1: [728f99e8-418e-4b00-b2e8-36f688b477dd|rpc:10.1.0.49:44013|dataStream:|priority:0, 616d314c-ba0d-49c9-8f1d-797448dad8fd|rpc:10.1.0.49:39129|dataStream:|priority:0, cd9cff4b-1bd9-497e-976c-8eec10b9db64|rpc:10.1.0.49:42923|dataStream:|priority:1], old=null
2022-03-07 09:51:07,200 [616d314c-ba0d-49c9-8f1d-797448dad8fd@group-35BB7CC600D3-LeaderElection93] INFO  impl.LeaderElection (LeaderElection.java:logAndReturn(89)) - 616d314c-ba0d-49c9-8f1d-797448dad8fd@group-35BB7CC600D3-LeaderElection93: ELECTION REJECTED received 2 response(s) and 0 exception(s):
2022-03-07 09:51:07,200 [616d314c-ba0d-49c9-8f1d-797448dad8fd@group-35BB7CC600D3-LeaderElection93] INFO  impl.LeaderElection (LeaderElection.java:logAndReturn(93)) -   Response 0: 616d314c-ba0d-49c9-8f1d-797448dad8fd<-728f99e8-418e-4b00-b2e8-36f688b477dd#0:OK-t2
2022-03-07 09:51:07,200 [616d314c-ba0d-49c9-8f1d-797448dad8fd@group-35BB7CC600D3-LeaderElection93] INFO  impl.LeaderElection (LeaderElection.java:logAndReturn(93)) -   Response 1: 616d314c-ba0d-49c9-8f1d-797448dad8fd<-cd9cff4b-1bd9-497e-976c-8eec10b9db64#0:FAIL-t2
2022-03-07 09:51:07,200 [616d314c-ba0d-49c9-8f1d-797448dad8fd@group-35BB7CC600D3-LeaderElection93] INFO  impl.LeaderElection (LeaderElection.java:askForVotes(308)) - 616d314c-ba0d-49c9-8f1d-797448dad8fd@group-35BB7CC600D3-LeaderElection93 ELECTION round 0: result REJECTED
2022-03-07 09:51:07,200 [616d314c-ba0d-49c9-8f1d-797448dad8fd@group-35BB7CC600D3-LeaderElection93] INFO  server.RaftServer$Division (RaftServerImpl.java:setRole(290)) - 616d314c-ba0d-49c9-8f1d-797448dad8fd@group-35BB7CC600D3: changes role from CANDIDATE to FOLLOWER at term 2 for REJECTED
2022-03-07 09:51:07,200 [616d314c-ba0d-49c9-8f1d-797448dad8fd@group-35BB7CC600D3-LeaderElection93] INFO  impl.RoleInfo (RoleInfo.java:shutdownLeaderElection(121)) - 616d314c-ba0d-49c9-8f1d-797448dad8fd: shutdown 616d314c-ba0d-49c9-8f1d-797448dad8fd@group-35BB7CC600D3-LeaderElection93
2022-03-07 09:51:07,200 [616d314c-ba0d-49c9-8f1d-797448dad8fd@group-35BB7CC600D3-LeaderElection93] INFO  impl.RoleInfo (RoleInfo.java:updateAndGet(130)) - 616d314c-ba0d-49c9-8f1d-797448dad8fd: start 616d314c-ba0d-49c9-8f1d-797448dad8fd@group-35BB7CC600D3-FollowerState
2022-03-07 09:51:07,215 [728f99e8-418e-4b00-b2e8-36f688b477dd@group-A583654C641D-FollowerState] INFO  impl.FollowerState (FollowerState.java:run(134)) - 728f99e8-418e-4b00-b2e8-36f688b477dd@group-A583654C641D-FollowerState: change to CANDIDATE, lastRpcElapsedTime:5057660492ns, electionTimeout:5050ms
2022-03-07 09:51:07,215 [728f99e8-418e-4b00-b2e8-36f688b477dd@group-A583654C641D-FollowerState] INFO  impl.RoleInfo (RoleInfo.java:shutdownFollowerState(108)) - 728f99e8-418e-4b00-b2e8-36f688b477dd: shutdown 728f99e8-418e-4b00-b2e8-36f688b477dd@group-A583654C641D-FollowerState
2022-03-07 09:51:07,215 [728f99e8-418e-4b00-b2e8-36f688b477dd@group-A583654C641D-FollowerState] INFO  server.RaftServer$Division (RaftServerImpl.java:setRole(290)) - 728f99e8-418e-4b00-b2e8-36f688b477dd@group-A583654C641D: changes role from  FOLLOWER to CANDIDATE at term 1 for changeToCandidate
2022-03-07 09:51:07,222 [728f99e8-418e-4b00-b2e8-36f688b477dd@group-A583654C641D-FollowerState] INFO  server.RaftServerConfigKeys (ConfUtils.java:logGet(44)) - raft.server.leaderelection.pre-vote = false (custom)
2022-03-07 09:51:07,222 [728f99e8-418e-4b00-b2e8-36f688b477dd@group-A583654C641D-FollowerState] INFO  impl.RoleInfo (RoleInfo.java:updateAndGet(130)) - 728f99e8-418e-4b00-b2e8-36f688b477dd: start 728f99e8-418e-4b00-b2e8-36f688b477dd@group-A583654C641D-LeaderElection95
2022-03-07 09:51:07,235 [728f99e8-418e-4b00-b2e8-36f688b477dd@group-A583654C641D-LeaderElection95] INFO  impl.LeaderElection (LeaderElection.java:askForVotes(306)) - 728f99e8-418e-4b00-b2e8-36f688b477dd@group-A583654C641D-LeaderElection95 ELECTION round 0: submit vote requests at term 2 for -1: [728f99e8-418e-4b00-b2e8-36f688b477dd|rpc:10.1.0.49:44013|dataStream:|priority:1, 616d314c-ba0d-49c9-8f1d-797448dad8fd|rpc:10.1.0.49:39129|dataStream:|priority:0, cd9cff4b-1bd9-497e-976c-8eec10b9db64|rpc:10.1.0.49:42923|dataStream:|priority:0], old=null
2022-03-07 09:51:07,237 [grpc-default-executor-2] INFO  server.RaftServer$Division (RaftServerImpl.java:requestVote(1046)) - 616d314c-ba0d-49c9-8f1d-797448dad8fd@group-A583654C641D: receive requestVote(ELECTION, 728f99e8-418e-4b00-b2e8-36f688b477dd, group-A583654C641D, 2, (t:0, i:0))
2022-03-07 09:51:07,237 [grpc-default-executor-2] INFO  impl.VoteContext (VoteContext.java:log(48)) - 616d314c-ba0d-49c9-8f1d-797448dad8fd@group-A583654C641D-FOLLOWER: accept ELECTION from 728f99e8-418e-4b00-b2e8-36f688b477dd: our priority 0 <= candidate's priority 1
2022-03-07 09:51:07,237 [grpc-default-executor-2] INFO  server.RaftServer$Division (RaftServerImpl.java:setRole(290)) - 616d314c-ba0d-49c9-8f1d-797448dad8fd@group-A583654C641D: changes role from  FOLLOWER to FOLLOWER at term 2 for candidate:728f99e8-418e-4b00-b2e8-36f688b477dd
2022-03-07 09:51:07,237 [grpc-default-executor-2] INFO  impl.RoleInfo (RoleInfo.java:shutdownFollowerState(108)) - 616d314c-ba0d-49c9-8f1d-797448dad8fd: shutdown 616d314c-ba0d-49c9-8f1d-797448dad8fd@group-A583654C641D-FollowerState
2022-03-07 09:51:07,238 [grpc-default-executor-0] INFO  server.RaftServer$Division (RaftServerImpl.java:requestVote(1046)) - cd9cff4b-1bd9-497e-976c-8eec10b9db64@group-A583654C641D: receive requestVote(ELECTION, 728f99e8-418e-4b00-b2e8-36f688b477dd, group-A583654C641D, 2, (t:0, i:0))
2022-03-07 09:51:07,238 [grpc-default-executor-0] INFO  impl.VoteContext (VoteContext.java:log(48)) - cd9cff4b-1bd9-497e-976c-8eec10b9db64@group-A583654C641D-FOLLOWER: accept ELECTION from 728f99e8-418e-4b00-b2e8-36f688b477dd: our priority 0 <= candidate's priority 1
2022-03-07 09:51:07,238 [grpc-default-executor-0] INFO  server.RaftServer$Division (RaftServerImpl.java:setRole(290)) - cd9cff4b-1bd9-497e-976c-8eec10b9db64@group-A583654C641D: changes role from  FOLLOWER to FOLLOWER at term 2 for candidate:728f99e8-418e-4b00-b2e8-36f688b477dd
2022-03-07 09:51:07,238 [grpc-default-executor-0] INFO  impl.RoleInfo (RoleInfo.java:shutdownFollowerState(108)) - cd9cff4b-1bd9-497e-976c-8eec10b9db64: shutdown cd9cff4b-1bd9-497e-976c-8eec10b9db64@group-A583654C641D-FollowerState
2022-03-07 09:51:07,238 [grpc-default-executor-0] INFO  impl.RoleInfo (RoleInfo.java:updateAndGet(130)) - cd9cff4b-1bd9-497e-976c-8eec10b9db64: start cd9cff4b-1bd9-497e-976c-8eec10b9db64@group-A583654C641D-FollowerState
2022-03-07 09:51:07,238 [cd9cff4b-1bd9-497e-976c-8eec10b9db64@group-A583654C641D-FollowerState] INFO  impl.FollowerState (FollowerState.java:run(143)) - cd9cff4b-1bd9-497e-976c-8eec10b9db64@group-A583654C641D-FollowerState was interrupted: {}
java.lang.InterruptedException: sleep interrupted
	at java.lang.Thread.sleep(Native Method)
	at java.lang.Thread.sleep(Thread.java:342)
	at java.util.concurrent.TimeUnit.sleep(TimeUnit.java:386)
	at org.apache.ratis.util.TimeDuration.sleep(TimeDuration.java:324)
	at org.apache.ratis.util.TimeDuration.sleep(TimeDuration.java:309)
	at org.apache.ratis.server.impl.FollowerState.run(FollowerState.java:118)
2022-03-07 09:51:07,248 [grpc-default-executor-0] INFO  server.RaftServer$Division (RaftServerImpl.java:requestVote(1078)) - cd9cff4b-1bd9-497e-976c-8eec10b9db64@group-A583654C641D replies to ELECTION vote request: 728f99e8-418e-4b00-b2e8-36f688b477dd<-cd9cff4b-1bd9-497e-976c-8eec10b9db64#0:OK-t2. Peer's state: cd9cff4b-1bd9-497e-976c-8eec10b9db64@group-A583654C641D:t2, leader=null, voted=728f99e8-418e-4b00-b2e8-36f688b477dd, raftlog=cd9cff4b-1bd9-497e-976c-8eec10b9db64@group-A583654C641D-SegmentedRaftLog:OPENED:c-1, conf=-1: [728f99e8-418e-4b00-b2e8-36f688b477dd|rpc:10.1.0.49:44013|dataStream:|priority:1, 616d314c-ba0d-49c9-8f1d-797448dad8fd|rpc:10.1.0.49:39129|dataStream:|priority:0, cd9cff4b-1bd9-497e-976c-8eec10b9db64|rpc:10.1.0.49:42923|dataStream:|priority:0], old=null
2022-03-07 09:51:07,254 [grpc-default-executor-2] INFO  impl.RoleInfo (RoleInfo.java:updateAndGet(130)) - 616d314c-ba0d-49c9-8f1d-797448dad8fd: start 616d314c-ba0d-49c9-8f1d-797448dad8fd@group-A583654C641D-FollowerState
2022-03-07 09:51:07,255 [616d314c-ba0d-49c9-8f1d-797448dad8fd@group-A583654C641D-FollowerState] INFO  impl.FollowerState (FollowerState.java:run(143)) - 616d314c-ba0d-49c9-8f1d-797448dad8fd@group-A583654C641D-FollowerState was interrupted: {}
java.lang.InterruptedException: sleep interrupted
	at java.lang.Thread.sleep(Native Method)
	at java.lang.Thread.sleep(Thread.java:342)
	at java.util.concurrent.TimeUnit.sleep(TimeUnit.java:386)
	at org.apache.ratis.util.TimeDuration.sleep(TimeDuration.java:324)
	at org.apache.ratis.util.TimeDuration.sleep(TimeDuration.java:309)
	at org.apache.ratis.server.impl.FollowerState.run(FollowerState.java:118)
2022-03-07 09:51:07,262 [728f99e8-418e-4b00-b2e8-36f688b477dd@group-A583654C641D-LeaderElection95] INFO  impl.LeaderElection (LeaderElection.java:logAndReturn(89)) - 728f99e8-418e-4b00-b2e8-36f688b477dd@group-A583654C641D-LeaderElection95: ELECTION PASSED received 1 response(s) and 0 exception(s):
2022-03-07 09:51:07,262 [728f99e8-418e-4b00-b2e8-36f688b477dd@group-A583654C641D-LeaderElection95] INFO  impl.LeaderElection (LeaderElection.java:logAndReturn(93)) -   Response 0: 728f99e8-418e-4b00-b2e8-36f688b477dd<-cd9cff4b-1bd9-497e-976c-8eec10b9db64#0:OK-t2
2022-03-07 09:51:07,262 [728f99e8-418e-4b00-b2e8-36f688b477dd@group-A583654C641D-LeaderElection95] INFO  impl.LeaderElection (LeaderElection.java:askForVotes(308)) - 728f99e8-418e-4b00-b2e8-36f688b477dd@group-A583654C641D-LeaderElection95 ELECTION round 0: result PASSED
2022-03-07 09:51:07,262 [728f99e8-418e-4b00-b2e8-36f688b477dd@group-A583654C641D-LeaderElection95] INFO  impl.RoleInfo (RoleInfo.java:shutdownLeaderElection(121)) - 728f99e8-418e-4b00-b2e8-36f688b477dd: shutdown 728f99e8-418e-4b00-b2e8-36f688b477dd@group-A583654C641D-LeaderElection95
2022-03-07 09:51:07,262 [728f99e8-418e-4b00-b2e8-36f688b477dd@group-A583654C641D-LeaderElection95] INFO  server.RaftServer$Division (RaftServerImpl.java:setRole(290)) - 728f99e8-418e-4b00-b2e8-36f688b477dd@group-A583654C641D: changes role from CANDIDATE to LEADER at term 2 for changeToLeader
2022-03-07 09:51:07,262 [728f99e8-418e-4b00-b2e8-36f688b477dd@group-A583654C641D-LeaderElection95] INFO  ratis.XceiverServerRatis (XceiverServerRatis.java:handleLeaderChangedNotification(867)) - Leader change notification received for group: group-A583654C641D with new leaderId: 728f99e8-418e-4b00-b2e8-36f688b477dd
2022-03-07 09:51:07,262 [728f99e8-418e-4b00-b2e8-36f688b477dd@group-A583654C641D-LeaderElection95] INFO  server.RaftServer$Division (ServerState.java:setLeader(285)) - 728f99e8-418e-4b00-b2e8-36f688b477dd@group-A583654C641D: change Leader from null to 728f99e8-418e-4b00-b2e8-36f688b477dd at term 2 for becomeLeader, leader elected after 10285ms
2022-03-07 09:51:07,262 [728f99e8-418e-4b00-b2e8-36f688b477dd@group-A583654C641D-LeaderElection95] INFO  server.RaftServerConfigKeys (ConfUtils.java:logGet(44)) - raft.server.staging.catchup.gap = 1000 (default)
2022-03-07 09:51:07,262 [728f99e8-418e-4b00-b2e8-36f688b477dd@group-A583654C641D-LeaderElection95] INFO  server.RaftServerConfigKeys (ConfUtils.java:logGet(44)) - raft.server.write.element-limit = 1024 (custom)
2022-03-07 09:51:07,263 [728f99e8-418e-4b00-b2e8-36f688b477dd@group-A583654C641D-LeaderElection95] INFO  server.RaftServerConfigKeys (ConfUtils.java:logGet(44)) - raft.server.write.byte-limit = 1024 M (=1073741824) (custom)
2022-03-07 09:51:07,263 [728f99e8-418e-4b00-b2e8-36f688b477dd@group-A583654C641D-LeaderElection95] INFO  server.RaftServerConfigKeys (ConfUtils.java:logGet(44)) - raft.server.watch.timeout = 3000ms (custom)
2022-03-07 09:51:07,263 [728f99e8-418e-4b00-b2e8-36f688b477dd@group-A583654C641D-LeaderElection95] INFO  server.RaftServerConfigKeys (ConfUtils.java:logGet(44)) - raft.server.watch.timeout.denomination = 1s (default)
2022-03-07 09:51:07,263 [728f99e8-418e-4b00-b2e8-36f688b477dd@group-A583654C641D-LeaderElection95] INFO  server.RaftServerConfigKeys (ConfUtils.java:logGet(44)) - raft.server.watch.element-limit = 65536 (default)
2022-03-07 09:51:07,263 [728f99e8-418e-4b00-b2e8-36f688b477dd@group-A583654C641D-LeaderElection95] INFO  server.RaftServerConfigKeys (ConfUtils.java:logGet(44)) - raft.server.write.element-limit = 1024 (custom)
2022-03-07 09:51:07,263 [728f99e8-418e-4b00-b2e8-36f688b477dd@group-A583654C641D-LeaderElection95] INFO  server.RaftServerConfigKeys (ConfUtils.java:logGet(44)) - raft.server.write.follower.gap.ratio.max = -1.0 (default)
2022-03-07 09:51:07,263 [728f99e8-418e-4b00-b2e8-36f688b477dd@group-A583654C641D-LeaderElection95] INFO  server.RaftServerConfigKeys (ConfUtils.java:logGet(44)) - raft.server.log.appender.snapshot.chunk.size.max = 16MB (=16777216) (default)
2022-03-07 09:51:07,263 [728f99e8-418e-4b00-b2e8-36f688b477dd@group-A583654C641D-LeaderElection95] INFO  server.RaftServerConfigKeys (ConfUtils.java:logGet(44)) - raft.server.log.appender.buffer.byte-limit = 33554432 (custom)
2022-03-07 09:51:07,263 [728f99e8-418e-4b00-b2e8-36f688b477dd@group-A583654C641D-LeaderElection95] INFO  server.RaftServerConfigKeys (ConfUtils.java:logGet(44)) - raft.server.log.appender.buffer.element-limit = 1 (custom)
2022-03-07 09:51:07,263 [728f99e8-418e-4b00-b2e8-36f688b477dd@group-A583654C641D-LeaderElection95] INFO  grpc.GrpcConfigKeys (ConfUtils.java:logGet(44)) - raft.grpc.server.leader.outstanding.appends.max = 128 (default)
2022-03-07 09:51:07,263 [728f99e8-418e-4b00-b2e8-36f688b477dd@group-A583654C641D-LeaderElection95] INFO  server.RaftServerConfigKeys (ConfUtils.java:logGet(44)) - raft.server.rpc.request.timeout = 3000ms (default)
2022-03-07 09:51:07,263 [728f99e8-418e-4b00-b2e8-36f688b477dd@group-A583654C641D-LeaderElection95] INFO  server.RaftServerConfigKeys (ConfUtils.java:logGet(44)) - raft.server.log.appender.install.snapshot.enabled = false (custom)
2022-03-07 09:51:07,264 [grpc-default-executor-2] INFO  server.RaftServer$Division (RaftServerImpl.java:requestVote(1078)) - 616d314c-ba0d-49c9-8f1d-797448dad8fd@group-A583654C641D replies to ELECTION vote request: 728f99e8-418e-4b00-b2e8-36f688b477dd<-616d314c-ba0d-49c9-8f1d-797448dad8fd#0:OK-t2. Peer's state: 616d314c-ba0d-49c9-8f1d-797448dad8fd@group-A583654C641D:t2, leader=null, voted=728f99e8-418e-4b00-b2e8-36f688b477dd, raftlog=616d314c-ba0d-49c9-8f1d-797448dad8fd@group-A583654C641D-SegmentedRaftLog:OPENED:c-1, conf=-1: [728f99e8-418e-4b00-b2e8-36f688b477dd|rpc:10.1.0.49:44013|priority:1, 616d314c-ba0d-49c9-8f1d-797448dad8fd|rpc:10.1.0.49:39129|priority:0, cd9cff4b-1bd9-497e-976c-8eec10b9db64|rpc:10.1.0.49:42923|priority:0], old=null
2022-03-07 09:51:07,265 [EventQueue-PipelineReportForPipelineReportHandler] INFO  pipeline.PipelineManagerImpl (PipelineManagerImpl.java:openPipeline(291)) - Pipeline Pipeline[ Id: 74c3c54d-cb47-44d6-90a4-a583654c641d, Nodes: 728f99e8-418e-4b00-b2e8-36f688b477dd{ip: 10.1.0.49, host: fv-az291-317.wgnan5asplgejimfprtllbpdch.jx.internal.cloudapp.net, ports: [REPLICATION=38547, RATIS=44013, RATIS_ADMIN=44013, RATIS_SERVER=44013, STANDALONE=41573], networkLocation: /default-rack, certSerialId: null, persistedOpState: IN_SERVICE, persistedOpStateExpiryEpochSec: 0}cd9cff4b-1bd9-497e-976c-8eec10b9db64{ip: 10.1.0.49, host: fv-az291-317.wgnan5asplgejimfprtllbpdch.jx.internal.cloudapp.net, ports: [REPLICATION=46825, RATIS=42923, RATIS_ADMIN=42923, RATIS_SERVER=42923, STANDALONE=43941], networkLocation: /default-rack, certSerialId: null, persistedOpState: IN_SERVICE, persistedOpStateExpiryEpochSec: 0}616d314c-ba0d-49c9-8f1d-797448dad8fd{ip: 10.1.0.49, host: fv-az291-317.wgnan5asplgejimfprtllbpdch.jx.internal.cloudapp.net, ports: [REPLICATION=32797, RATIS=39129, RATIS_ADMIN=39129, RATIS_SERVER=39129, STANDALONE=37787], networkLocation: /default-rack, certSerialId: null, persistedOpState: IN_SERVICE, persistedOpStateExpiryEpochSec: 0}, ReplicationConfig: RATIS/THREE, State:ALLOCATED, leaderId:728f99e8-418e-4b00-b2e8-36f688b477dd, CreationTimestamp2022-03-07T09:50:54.315Z[Etc/UTC]] moved to OPEN state
2022-03-07 09:51:07,267 [728f99e8-418e-4b00-b2e8-36f688b477dd@group-A583654C641D-LeaderElection95] INFO  server.RaftServerConfigKeys (ConfUtils.java:logGet(44)) - raft.server.log.appender.snapshot.chunk.size.max = 16MB (=16777216) (default)
2022-03-07 09:51:07,268 [728f99e8-418e-4b00-b2e8-36f688b477dd@group-A583654C641D-LeaderElection95] INFO  server.RaftServerConfigKeys (ConfUtils.java:logGet(44)) - raft.server.log.appender.buffer.byte-limit = 33554432 (custom)
2022-03-07 09:51:07,268 [728f99e8-418e-4b00-b2e8-36f688b477dd@group-A583654C641D-LeaderElection95] INFO  server.RaftServerConfigKeys (ConfUtils.java:logGet(44)) - raft.server.log.appender.buffer.element-limit = 1 (custom)
2022-03-07 09:51:07,268 [728f99e8-418e-4b00-b2e8-36f688b477dd@group-A583654C641D-LeaderElection95] INFO  grpc.GrpcConfigKeys (ConfUtils.java:logGet(44)) - raft.grpc.server.leader.outstanding.appends.max = 128 (default)
2022-03-07 09:51:07,268 [728f99e8-418e-4b00-b2e8-36f688b477dd@group-A583654C641D-LeaderElection95] INFO  server.RaftServerConfigKeys (ConfUtils.java:logGet(44)) - raft.server.rpc.request.timeout = 3000ms (default)
2022-03-07 09:51:07,268 [728f99e8-418e-4b00-b2e8-36f688b477dd@group-A583654C641D-LeaderElection95] INFO  server.RaftServerConfigKeys (ConfUtils.java:logGet(44)) - raft.server.log.appender.install.snapshot.enabled = false (custom)
2022-03-07 09:51:07,269 [728f99e8-418e-4b00-b2e8-36f688b477dd@group-A583654C641D-LeaderElection95] INFO  impl.RoleInfo (RoleInfo.java:updateAndGet(130)) - 728f99e8-418e-4b00-b2e8-36f688b477dd: start 728f99e8-418e-4b00-b2e8-36f688b477dd@group-A583654C641D-LeaderStateImpl
2022-03-07 09:51:07,269 [728f99e8-418e-4b00-b2e8-36f688b477dd@group-A583654C641D-LeaderElection95] INFO  segmented.SegmentedRaftLogWorker (SegmentedRaftLogWorker.java:startLogSegment(394)) - 728f99e8-418e-4b00-b2e8-36f688b477dd@group-A583654C641D-SegmentedRaftLogWorker: Starting segment from index:0
2022-03-07 09:51:07,271 [728f99e8-418e-4b00-b2e8-36f688b477dd@group-A583654C641D-SegmentedRaftLogWorker] INFO  segmented.SegmentedRaftLogWorker (SegmentedRaftLogWorker.java:execute(601)) - 728f99e8-418e-4b00-b2e8-36f688b477dd@group-A583654C641D-SegmentedRaftLogWorker: created new log segment /home/runner/work/ozone/ozone/hadoop-ozone/integration-test/target/test-dir/MiniOzoneClusterImpl-4c099742-f0a8-499d-a606-d482764d36d7/datanode-0/data/ratis/74c3c54d-cb47-44d6-90a4-a583654c641d/current/log_inprogress_0
2022-03-07 09:51:07,297 [grpc-default-executor-0] INFO  ratis.XceiverServerRatis (XceiverServerRatis.java:handleLeaderChangedNotification(867)) - Leader change notification received for group: group-A583654C641D with new leaderId: 728f99e8-418e-4b00-b2e8-36f688b477dd
2022-03-07 09:51:07,297 [grpc-default-executor-0] INFO  server.RaftServer$Division (ServerState.java:setLeader(285)) - cd9cff4b-1bd9-497e-976c-8eec10b9db64@group-A583654C641D: change Leader from null to 728f99e8-418e-4b00-b2e8-36f688b477dd at term 2 for appendEntries, leader elected after 10173ms
2022-03-07 09:51:07,303 [728f99e8-418e-4b00-b2e8-36f688b477dd@group-A583654C641D-LeaderElection95] INFO  server.RaftServer$Division (ServerState.java:setRaftConf(387)) - 728f99e8-418e-4b00-b2e8-36f688b477dd@group-A583654C641D: set configuration 0: [728f99e8-418e-4b00-b2e8-36f688b477dd|rpc:10.1.0.49:44013|dataStream:|priority:1, 616d314c-ba0d-49c9-8f1d-797448dad8fd|rpc:10.1.0.49:39129|dataStream:|priority:0, cd9cff4b-1bd9-497e-976c-8eec10b9db64|rpc:10.1.0.49:42923|dataStream:|priority:0], old=null
2022-03-07 09:51:07,306 [grpc-default-executor-2] INFO  ratis.XceiverServerRatis (XceiverServerRatis.java:handleLeaderChangedNotification(867)) - Leader change notification received for group: group-A583654C641D with new leaderId: 728f99e8-418e-4b00-b2e8-36f688b477dd
2022-03-07 09:51:07,306 [grpc-default-executor-2] INFO  server.RaftServer$Division (ServerState.java:setLeader(285)) - 616d314c-ba0d-49c9-8f1d-797448dad8fd@group-A583654C641D: change Leader from null to 728f99e8-418e-4b00-b2e8-36f688b477dd at term 2 for appendEntries, leader elected after 10400ms
2022-03-07 09:51:07,307 [grpc-default-executor-0] INFO  server.RaftServer$Division (ServerState.java:setRaftConf(387)) - cd9cff4b-1bd9-497e-976c-8eec10b9db64@group-A583654C641D: set configuration 0: [728f99e8-418e-4b00-b2e8-36f688b477dd|rpc:10.1.0.49:44013|dataStream:|priority:1, 616d314c-ba0d-49c9-8f1d-797448dad8fd|rpc:10.1.0.49:39129|dataStream:|priority:0, cd9cff4b-1bd9-497e-976c-8eec10b9db64|rpc:10.1.0.49:42923|dataStream:|priority:0], old=null
2022-03-07 09:51:07,308 [grpc-default-executor-0] INFO  segmented.SegmentedRaftLogWorker (SegmentedRaftLogWorker.java:startLogSegment(394)) - cd9cff4b-1bd9-497e-976c-8eec10b9db64@group-A583654C641D-SegmentedRaftLogWorker: Starting segment from index:0
2022-03-07 09:51:07,309 [cd9cff4b-1bd9-497e-976c-8eec10b9db64@group-A583654C641D-SegmentedRaftLogWorker] INFO  segmented.SegmentedRaftLogWorker (SegmentedRaftLogWorker.java:execute(601)) - cd9cff4b-1bd9-497e-976c-8eec10b9db64@group-A583654C641D-SegmentedRaftLogWorker: created new log segment /home/runner/work/ozone/ozone/hadoop-ozone/integration-test/target/test-dir/MiniOzoneClusterImpl-4c099742-f0a8-499d-a606-d482764d36d7/datanode-2/data/ratis/74c3c54d-cb47-44d6-90a4-a583654c641d/current/log_inprogress_0
2022-03-07 09:51:07,317 [grpc-default-executor-2] INFO  server.RaftServer$Division (ServerState.java:setRaftConf(387)) - 616d314c-ba0d-49c9-8f1d-797448dad8fd@group-A583654C641D: set configuration 0: [728f99e8-418e-4b00-b2e8-36f688b477dd|rpc:10.1.0.49:44013|dataStream:|priority:1, 616d314c-ba0d-49c9-8f1d-797448dad8fd|rpc:10.1.0.49:39129|dataStream:|priority:0, cd9cff4b-1bd9-497e-976c-8eec10b9db64|rpc:10.1.0.49:42923|dataStream:|priority:0], old=null
2022-03-07 09:51:07,317 [grpc-default-executor-2] INFO  segmented.SegmentedRaftLogWorker (SegmentedRaftLogWorker.java:startLogSegment(394)) - 616d314c-ba0d-49c9-8f1d-797448dad8fd@group-A583654C641D-SegmentedRaftLogWorker: Starting segment from index:0
2022-03-07 09:51:07,319 [616d314c-ba0d-49c9-8f1d-797448dad8fd@group-A583654C641D-SegmentedRaftLogWorker] INFO  segmented.SegmentedRaftLogWorker (SegmentedRaftLogWorker.java:execute(601)) - 616d314c-ba0d-49c9-8f1d-797448dad8fd@group-A583654C641D-SegmentedRaftLogWorker: created new log segment /home/runner/work/ozone/ozone/hadoop-ozone/integration-test/target/test-dir/MiniOzoneClusterImpl-4c099742-f0a8-499d-a606-d482764d36d7/datanode-1/data/ratis/74c3c54d-cb47-44d6-90a4-a583654c641d/current/log_inprogress_0
2022-03-07 09:51:08,492 [edf60a86-ae5b-4f71-bc37-25062be06587@group-5B77DECE4517-FollowerState] INFO  impl.FollowerState (FollowerState.java:run(134)) - edf60a86-ae5b-4f71-bc37-25062be06587@group-5B77DECE4517-FollowerState: change to CANDIDATE, lastRpcElapsedTime:5078428004ns, electionTimeout:5077ms
2022-03-07 09:51:08,493 [edf60a86-ae5b-4f71-bc37-25062be06587@group-5B77DECE4517-FollowerState] INFO  impl.RoleInfo (RoleInfo.java:shutdownFollowerState(108)) - edf60a86-ae5b-4f71-bc37-25062be06587: shutdown edf60a86-ae5b-4f71-bc37-25062be06587@group-5B77DECE4517-FollowerState
2022-03-07 09:51:08,493 [edf60a86-ae5b-4f71-bc37-25062be06587@group-5B77DECE4517-FollowerState] INFO  server.RaftServer$Division (RaftServerImpl.java:setRole(290)) - edf60a86-ae5b-4f71-bc37-25062be06587@group-5B77DECE4517: changes role from  FOLLOWER to CANDIDATE at term 1 for changeToCandidate
2022-03-07 09:51:08,493 [edf60a86-ae5b-4f71-bc37-25062be06587@group-5B77DECE4517-FollowerState] INFO  server.RaftServerConfigKeys (ConfUtils.java:logGet(44)) - raft.server.leaderelection.pre-vote = false (custom)
2022-03-07 09:51:08,493 [edf60a86-ae5b-4f71-bc37-25062be06587@group-5B77DECE4517-FollowerState] INFO  impl.RoleInfo (RoleInfo.java:updateAndGet(130)) - edf60a86-ae5b-4f71-bc37-25062be06587: start edf60a86-ae5b-4f71-bc37-25062be06587@group-5B77DECE4517-LeaderElection96
2022-03-07 09:51:08,518 [7fca689d-043b-47bb-bf18-12adf35ba2bc@group-5B77DECE4517-FollowerState] INFO  impl.FollowerState (FollowerState.java:run(134)) - 7fca689d-043b-47bb-bf18-12adf35ba2bc@group-5B77DECE4517-FollowerState: change to CANDIDATE, lastRpcElapsedTime:5102576460ns, electionTimeout:5077ms
2022-03-07 09:51:08,518 [7fca689d-043b-47bb-bf18-12adf35ba2bc@group-5B77DECE4517-FollowerState] INFO  impl.RoleInfo (RoleInfo.java:shutdownFollowerState(108)) - 7fca689d-043b-47bb-bf18-12adf35ba2bc: shutdown 7fca689d-043b-47bb-bf18-12adf35ba2bc@group-5B77DECE4517-FollowerState
2022-03-07 09:51:08,518 [7fca689d-043b-47bb-bf18-12adf35ba2bc@group-5B77DECE4517-FollowerState] INFO  server.RaftServer$Division (RaftServerImpl.java:setRole(290)) - 7fca689d-043b-47bb-bf18-12adf35ba2bc@group-5B77DECE4517: changes role from  FOLLOWER to CANDIDATE at term 1 for changeToCandidate
2022-03-07 09:51:08,518 [7fca689d-043b-47bb-bf18-12adf35ba2bc@group-5B77DECE4517-FollowerState] INFO  server.RaftServerConfigKeys (ConfUtils.java:logGet(44)) - raft.server.leaderelection.pre-vote = false (custom)
2022-03-07 09:51:08,518 [7fca689d-043b-47bb-bf18-12adf35ba2bc@group-5B77DECE4517-FollowerState] INFO  impl.RoleInfo (RoleInfo.java:updateAndGet(130)) - 7fca689d-043b-47bb-bf18-12adf35ba2bc: start 7fca689d-043b-47bb-bf18-12adf35ba2bc@group-5B77DECE4517-LeaderElection97
2022-03-07 09:51:08,520 [edf60a86-ae5b-4f71-bc37-25062be06587@group-5B77DECE4517-LeaderElection96] INFO  impl.LeaderElection (LeaderElection.java:askForVotes(306)) - edf60a86-ae5b-4f71-bc37-25062be06587@group-5B77DECE4517-LeaderElection96 ELECTION round 0: submit vote requests at term 2 for -1: [edf60a86-ae5b-4f71-bc37-25062be06587|rpc:10.1.0.49:38621|dataStream:|priority:0, 7fca689d-043b-47bb-bf18-12adf35ba2bc|rpc:10.1.0.49:42461|dataStream:|priority:0, 84008c31-6636-4a62-b386-f7fb7e7ffddc|rpc:10.1.0.49:44263|dataStream:|priority:1], old=null
2022-03-07 09:51:08,554 [7fca689d-043b-47bb-bf18-12adf35ba2bc@group-5B77DECE4517-LeaderElection97] INFO  impl.LeaderElection (LeaderElection.java:askForVotes(306)) - 7fca689d-043b-47bb-bf18-12adf35ba2bc@group-5B77DECE4517-LeaderElection97 ELECTION round 0: submit vote requests at term 2 for -1: [edf60a86-ae5b-4f71-bc37-25062be06587|rpc:10.1.0.49:38621|priority:0, 7fca689d-043b-47bb-bf18-12adf35ba2bc|rpc:10.1.0.49:42461|priority:0, 84008c31-6636-4a62-b386-f7fb7e7ffddc|rpc:10.1.0.49:44263|priority:1], old=null
2022-03-07 09:51:08,561 [84008c31-6636-4a62-b386-f7fb7e7ffddc@group-5B77DECE4517-FollowerState] INFO  impl.FollowerState (FollowerState.java:run(134)) - 84008c31-6636-4a62-b386-f7fb7e7ffddc@group-5B77DECE4517-FollowerState: change to CANDIDATE, lastRpcElapsedTime:5135835512ns, electionTimeout:5135ms
2022-03-07 09:51:08,561 [84008c31-6636-4a62-b386-f7fb7e7ffddc@group-5B77DECE4517-FollowerState] INFO  impl.RoleInfo (RoleInfo.java:shutdownFollowerState(108)) - 84008c31-6636-4a62-b386-f7fb7e7ffddc: shutdown 84008c31-6636-4a62-b386-f7fb7e7ffddc@group-5B77DECE4517-FollowerState
2022-03-07 09:51:08,561 [84008c31-6636-4a62-b386-f7fb7e7ffddc@group-5B77DECE4517-FollowerState] INFO  server.RaftServer$Division (RaftServerImpl.java:setRole(290)) - 84008c31-6636-4a62-b386-f7fb7e7ffddc@group-5B77DECE4517: changes role from  FOLLOWER to CANDIDATE at term 1 for changeToCandidate
2022-03-07 09:51:08,561 [84008c31-6636-4a62-b386-f7fb7e7ffddc@group-5B77DECE4517-FollowerState] INFO  server.RaftServerConfigKeys (ConfUtils.java:logGet(44)) - raft.server.leaderelection.pre-vote = false (custom)
2022-03-07 09:51:08,561 [84008c31-6636-4a62-b386-f7fb7e7ffddc@group-5B77DECE4517-FollowerState] INFO  impl.RoleInfo (RoleInfo.java:updateAndGet(130)) - 84008c31-6636-4a62-b386-f7fb7e7ffddc: start 84008c31-6636-4a62-b386-f7fb7e7ffddc@group-5B77DECE4517-LeaderElection98
2022-03-07 09:51:08,596 [grpc-default-executor-2] INFO  server.RaftServer$Division (RaftServerImpl.java:requestVote(1046)) - edf60a86-ae5b-4f71-bc37-25062be06587@group-5B77DECE4517: receive requestVote(ELECTION, 7fca689d-043b-47bb-bf18-12adf35ba2bc, group-5B77DECE4517, 2, (t:0, i:0))
2022-03-07 09:51:08,596 [grpc-default-executor-4] INFO  server.RaftServer$Division (RaftServerImpl.java:requestVote(1046)) - 84008c31-6636-4a62-b386-f7fb7e7ffddc@group-5B77DECE4517: receive requestVote(ELECTION, 7fca689d-043b-47bb-bf18-12adf35ba2bc, group-5B77DECE4517, 2, (t:0, i:0))
2022-03-07 09:51:08,596 [grpc-default-executor-2] INFO  impl.VoteContext (VoteContext.java:log(48)) - edf60a86-ae5b-4f71-bc37-25062be06587@group-5B77DECE4517-CANDIDATE: reject ELECTION from 7fca689d-043b-47bb-bf18-12adf35ba2bc: already has voted for edf60a86-ae5b-4f71-bc37-25062be06587 at current term 2
2022-03-07 09:51:08,596 [grpc-default-executor-2] INFO  server.RaftServer$Division (RaftServerImpl.java:requestVote(1078)) - edf60a86-ae5b-4f71-bc37-25062be06587@group-5B77DECE4517 replies to ELECTION vote request: 7fca689d-043b-47bb-bf18-12adf35ba2bc<-edf60a86-ae5b-4f71-bc37-25062be06587#0:FAIL-t2. Peer's state: edf60a86-ae5b-4f71-bc37-25062be06587@group-5B77DECE4517:t2, leader=null, voted=edf60a86-ae5b-4f71-bc37-25062be06587, raftlog=edf60a86-ae5b-4f71-bc37-25062be06587@group-5B77DECE4517-SegmentedRaftLog:OPENED:c-1, conf=-1: [edf60a86-ae5b-4f71-bc37-25062be06587|rpc:10.1.0.49:38621|dataStream:|priority:0, 7fca689d-043b-47bb-bf18-12adf35ba2bc|rpc:10.1.0.49:42461|dataStream:|priority:0, 84008c31-6636-4a62-b386-f7fb7e7ffddc|rpc:10.1.0.49:44263|dataStream:|priority:1], old=null
2022-03-07 09:51:08,597 [grpc-default-executor-2] INFO  server.RaftServer$Division (RaftServerImpl.java:requestVote(1046)) - 84008c31-6636-4a62-b386-f7fb7e7ffddc@group-5B77DECE4517: receive requestVote(ELECTION, edf60a86-ae5b-4f71-bc37-25062be06587, group-5B77DECE4517, 2, (t:0, i:0))
2022-03-07 09:51:08,598 [grpc-default-executor-0] INFO  server.RaftServer$Division (RaftServerImpl.java:requestVote(1046)) - 7fca689d-043b-47bb-bf18-12adf35ba2bc@group-5B77DECE4517: receive requestVote(ELECTION, edf60a86-ae5b-4f71-bc37-25062be06587, group-5B77DECE4517, 2, (t:0, i:0))
2022-03-07 09:51:08,598 [grpc-default-executor-0] INFO  impl.VoteContext (VoteContext.java:log(48)) - 7fca689d-043b-47bb-bf18-12adf35ba2bc@group-5B77DECE4517-CANDIDATE: reject ELECTION from edf60a86-ae5b-4f71-bc37-25062be06587: already has voted for 7fca689d-043b-47bb-bf18-12adf35ba2bc at current term 2
2022-03-07 09:51:08,598 [grpc-default-executor-0] INFO  server.RaftServer$Division (RaftServerImpl.java:requestVote(1078)) - 7fca689d-043b-47bb-bf18-12adf35ba2bc@group-5B77DECE4517 replies to ELECTION vote request: edf60a86-ae5b-4f71-bc37-25062be06587<-7fca689d-043b-47bb-bf18-12adf35ba2bc#0:FAIL-t2. Peer's state: 7fca689d-043b-47bb-bf18-12adf35ba2bc@group-5B77DECE4517:t2, leader=null, voted=7fca689d-043b-47bb-bf18-12adf35ba2bc, raftlog=7fca689d-043b-47bb-bf18-12adf35ba2bc@group-5B77DECE4517-SegmentedRaftLog:OPENED:c-1, conf=-1: [edf60a86-ae5b-4f71-bc37-25062be06587|rpc:10.1.0.49:38621|priority:0, 7fca689d-043b-47bb-bf18-12adf35ba2bc|rpc:10.1.0.49:42461|priority:0, 84008c31-6636-4a62-b386-f7fb7e7ffddc|rpc:10.1.0.49:44263|priority:1], old=null
2022-03-07 09:51:08,604 [84008c31-6636-4a62-b386-f7fb7e7ffddc@group-5B77DECE4517-LeaderElection98] INFO  impl.LeaderElection (LeaderElection.java:askForVotes(306)) - 84008c31-6636-4a62-b386-f7fb7e7ffddc@group-5B77DECE4517-LeaderElection98 ELECTION round 0: submit vote requests at term 2 for -1: [edf60a86-ae5b-4f71-bc37-25062be06587|rpc:10.1.0.49:38621|dataStream:|priority:0, 7fca689d-043b-47bb-bf18-12adf35ba2bc|rpc:10.1.0.49:42461|dataStream:|priority:0, 84008c31-6636-4a62-b386-f7fb7e7ffddc|rpc:10.1.0.49:44263|dataStream:|priority:1], old=null
2022-03-07 09:51:08,604 [grpc-default-executor-2] INFO  impl.VoteContext (VoteContext.java:log(48)) - 84008c31-6636-4a62-b386-f7fb7e7ffddc@group-5B77DECE4517-CANDIDATE: reject ELECTION from edf60a86-ae5b-4f71-bc37-25062be06587: already has voted for 84008c31-6636-4a62-b386-f7fb7e7ffddc at current term 2
2022-03-07 09:51:08,614 [grpc-default-executor-2] INFO  server.RaftServer$Division (RaftServerImpl.java:requestVote(1078)) - 84008c31-6636-4a62-b386-f7fb7e7ffddc@group-5B77DECE4517 replies to ELECTION vote request: edf60a86-ae5b-4f71-bc37-25062be06587<-84008c31-6636-4a62-b386-f7fb7e7ffddc#0:FAIL-t2. Peer's state: 84008c31-6636-4a62-b386-f7fb7e7ffddc@group-5B77DECE4517:t2, leader=null, voted=84008c31-6636-4a62-b386-f7fb7e7ffddc, raftlog=84008c31-6636-4a62-b386-f7fb7e7ffddc@group-5B77DECE4517-SegmentedRaftLog:OPENED:c-1, conf=-1: [edf60a86-ae5b-4f71-bc37-25062be06587|rpc:10.1.0.49:38621|dataStream:|priority:0, 7fca689d-043b-47bb-bf18-12adf35ba2bc|rpc:10.1.0.49:42461|dataStream:|priority:0, 84008c31-6636-4a62-b386-f7fb7e7ffddc|rpc:10.1.0.49:44263|dataStream:|priority:1], old=null
2022-03-07 09:51:08,614 [grpc-default-executor-4] INFO  impl.VoteContext (VoteContext.java:log(48)) - 84008c31-6636-4a62-b386-f7fb7e7ffddc@group-5B77DECE4517-CANDIDATE: reject ELECTION from 7fca689d-043b-47bb-bf18-12adf35ba2bc: already has voted for 84008c31-6636-4a62-b386-f7fb7e7ffddc at current term 2
2022-03-07 09:51:08,614 [grpc-default-executor-4] INFO  server.RaftServer$Division (RaftServerImpl.java:requestVote(1078)) - 84008c31-6636-4a62-b386-f7fb7e7ffddc@group-5B77DECE4517 replies to ELECTION vote request: 7fca689d-043b-47bb-bf18-12adf35ba2bc<-84008c31-6636-4a62-b386-f7fb7e7ffddc#0:FAIL-t2. Peer's state: 84008c31-6636-4a62-b386-f7fb7e7ffddc@group-5B77DECE4517:t2, leader=null, voted=84008c31-6636-4a62-b386-f7fb7e7ffddc, raftlog=84008c31-6636-4a62-b386-f7fb7e7ffddc@group-5B77DECE4517-SegmentedRaftLog:OPENED:c-1, conf=-1: [edf60a86-ae5b-4f71-bc37-25062be06587|rpc:10.1.0.49:38621|dataStream:|priority:0, 7fca689d-043b-47bb-bf18-12adf35ba2bc|rpc:10.1.0.49:42461|dataStream:|priority:0, 84008c31-6636-4a62-b386-f7fb7e7ffddc|rpc:10.1.0.49:44263|dataStream:|priority:1], old=null
2022-03-07 09:51:08,621 [edf60a86-ae5b-4f71-bc37-25062be06587@group-5B77DECE4517-LeaderElection96] INFO  impl.LeaderElection (LeaderElection.java:logAndReturn(89)) - edf60a86-ae5b-4f71-bc37-25062be06587@group-5B77DECE4517-LeaderElection96: ELECTION REJECTED received 2 response(s) and 0 exception(s):
2022-03-07 09:51:08,621 [edf60a86-ae5b-4f71-bc37-25062be06587@group-5B77DECE4517-LeaderElection96] INFO  impl.LeaderElection (LeaderElection.java:logAndReturn(93)) -   Response 0: edf60a86-ae5b-4f71-bc37-25062be06587<-7fca689d-043b-47bb-bf18-12adf35ba2bc#0:FAIL-t2
2022-03-07 09:51:08,621 [edf60a86-ae5b-4f71-bc37-25062be06587@group-5B77DECE4517-LeaderElection96] INFO  impl.LeaderElection (LeaderElection.java:logAndReturn(93)) -   Response 1: edf60a86-ae5b-4f71-bc37-25062be06587<-84008c31-6636-4a62-b386-f7fb7e7ffddc#0:FAIL-t2
2022-03-07 09:51:08,621 [edf60a86-ae5b-4f71-bc37-25062be06587@group-5B77DECE4517-LeaderElection96] INFO  impl.LeaderElection (LeaderElection.java:askForVotes(308)) - edf60a86-ae5b-4f71-bc37-25062be06587@group-5B77DECE4517-LeaderElection96 ELECTION round 0: result REJECTED
2022-03-07 09:51:08,621 [edf60a86-ae5b-4f71-bc37-25062be06587@group-5B77DECE4517-LeaderElection96] INFO  server.RaftServer$Division (RaftServerImpl.java:setRole(290)) - edf60a86-ae5b-4f71-bc37-25062be06587@group-5B77DECE4517: changes role from CANDIDATE to FOLLOWER at term 2 for REJECTED
2022-03-07 09:51:08,621 [edf60a86-ae5b-4f71-bc37-25062be06587@group-5B77DECE4517-LeaderElection96] INFO  impl.RoleInfo (RoleInfo.java:shutdownLeaderElection(121)) - edf60a86-ae5b-4f71-bc37-25062be06587: shutdown edf60a86-ae5b-4f71-bc37-25062be06587@group-5B77DECE4517-LeaderElection96
2022-03-07 09:51:08,621 [edf60a86-ae5b-4f71-bc37-25062be06587@group-5B77DECE4517-LeaderElection96] INFO  impl.RoleInfo (RoleInfo.java:updateAndGet(130)) - edf60a86-ae5b-4f71-bc37-25062be06587: start edf60a86-ae5b-4f71-bc37-25062be06587@group-5B77DECE4517-FollowerState
2022-03-07 09:51:08,622 [7fca689d-043b-47bb-bf18-12adf35ba2bc@group-5B77DECE4517-LeaderElection97] INFO  impl.LeaderElection (LeaderElection.java:logAndReturn(89)) - 7fca689d-043b-47bb-bf18-12adf35ba2bc@group-5B77DECE4517-LeaderElection97: ELECTION REJECTED received 2 response(s) and 0 exception(s):
2022-03-07 09:51:08,622 [7fca689d-043b-47bb-bf18-12adf35ba2bc@group-5B77DECE4517-LeaderElection97] INFO  impl.LeaderElection (LeaderElection.java:logAndReturn(93)) -   Response 0: 7fca689d-043b-47bb-bf18-12adf35ba2bc<-edf60a86-ae5b-4f71-bc37-25062be06587#0:FAIL-t2
2022-03-07 09:51:08,622 [7fca689d-043b-47bb-bf18-12adf35ba2bc@group-5B77DECE4517-LeaderElection97] INFO  impl.LeaderElection (LeaderElection.java:logAndReturn(93)) -   Response 1: 7fca689d-043b-47bb-bf18-12adf35ba2bc<-84008c31-6636-4a62-b386-f7fb7e7ffddc#0:FAIL-t2
2022-03-07 09:51:08,622 [7fca689d-043b-47bb-bf18-12adf35ba2bc@group-5B77DECE4517-LeaderElection97] INFO  impl.LeaderElection (LeaderElection.java:askForVotes(308)) - 7fca689d-043b-47bb-bf18-12adf35ba2bc@group-5B77DECE4517-LeaderElection97 ELECTION round 0: result REJECTED
2022-03-07 09:51:08,622 [7fca689d-043b-47bb-bf18-12adf35ba2bc@group-5B77DECE4517-LeaderElection97] INFO  server.RaftServer$Division (RaftServerImpl.java:setRole(290)) - 7fca689d-043b-47bb-bf18-12adf35ba2bc@group-5B77DECE4517: changes role from CANDIDATE to FOLLOWER at term 2 for REJECTED
2022-03-07 09:51:08,622 [7fca689d-043b-47bb-bf18-12adf35ba2bc@group-5B77DECE4517-LeaderElection97] INFO  impl.RoleInfo (RoleInfo.java:shutdownLeaderElection(121)) - 7fca689d-043b-47bb-bf18-12adf35ba2bc: shutdown 7fca689d-043b-47bb-bf18-12adf35ba2bc@group-5B77DECE4517-LeaderElection97
2022-03-07 09:51:08,622 [7fca689d-043b-47bb-bf18-12adf35ba2bc@group-5B77DECE4517-LeaderElection97] INFO  impl.RoleInfo (RoleInfo.java:updateAndGet(130)) - 7fca689d-043b-47bb-bf18-12adf35ba2bc: start 7fca689d-043b-47bb-bf18-12adf35ba2bc@group-5B77DECE4517-FollowerState
2022-03-07 09:51:08,643 [grpc-default-executor-4] INFO  server.RaftServer$Division (RaftServerImpl.java:requestVote(1046)) - 7fca689d-043b-47bb-bf18-12adf35ba2bc@group-5B77DECE4517: receive requestVote(ELECTION, 84008c31-6636-4a62-b386-f7fb7e7ffddc, group-5B77DECE4517, 2, (t:0, i:0))
2022-03-07 09:51:08,643 [grpc-default-executor-4] INFO  impl.VoteContext (VoteContext.java:log(48)) - 7fca689d-043b-47bb-bf18-12adf35ba2bc@group-5B77DECE4517-FOLLOWER: reject ELECTION from 84008c31-6636-4a62-b386-f7fb7e7ffddc: already has voted for 7fca689d-043b-47bb-bf18-12adf35ba2bc at current term 2
2022-03-07 09:51:08,643 [grpc-default-executor-4] INFO  server.RaftServer$Division (RaftServerImpl.java:requestVote(1078)) - 7fca689d-043b-47bb-bf18-12adf35ba2bc@group-5B77DECE4517 replies to ELECTION vote request: 84008c31-6636-4a62-b386-f7fb7e7ffddc<-7fca689d-043b-47bb-bf18-12adf35ba2bc#0:FAIL-t2. Peer's state: 7fca689d-043b-47bb-bf18-12adf35ba2bc@group-5B77DECE4517:t2, leader=null, voted=7fca689d-043b-47bb-bf18-12adf35ba2bc, raftlog=7fca689d-043b-47bb-bf18-12adf35ba2bc@group-5B77DECE4517-SegmentedRaftLog:OPENED:c-1, conf=-1: [edf60a86-ae5b-4f71-bc37-25062be06587|rpc:10.1.0.49:38621|priority:0, 7fca689d-043b-47bb-bf18-12adf35ba2bc|rpc:10.1.0.49:42461|priority:0, 84008c31-6636-4a62-b386-f7fb7e7ffddc|rpc:10.1.0.49:44263|priority:1], old=null
2022-03-07 09:51:08,649 [grpc-default-executor-2] INFO  server.RaftServer$Division (RaftServerImpl.java:requestVote(1046)) - edf60a86-ae5b-4f71-bc37-25062be06587@group-5B77DECE4517: receive requestVote(ELECTION, 84008c31-6636-4a62-b386-f7fb7e7ffddc, group-5B77DECE4517, 2, (t:0, i:0))
2022-03-07 09:51:08,649 [grpc-default-executor-2] INFO  impl.VoteContext (VoteContext.java:log(48)) - edf60a86-ae5b-4f71-bc37-25062be06587@group-5B77DECE4517-FOLLOWER: reject ELECTION from 84008c31-6636-4a62-b386-f7fb7e7ffddc: already has voted for edf60a86-ae5b-4f71-bc37-25062be06587 at current term 2
2022-03-07 09:51:08,649 [grpc-default-executor-2] INFO  server.RaftServer$Division (RaftServerImpl.java:requestVote(1078)) - edf60a86-ae5b-4f71-bc37-25062be06587@group-5B77DECE4517 replies to ELECTION vote request: 84008c31-6636-4a62-b386-f7fb7e7ffddc<-edf60a86-ae5b-4f71-bc37-25062be06587#0:FAIL-t2. Peer's state: edf60a86-ae5b-4f71-bc37-25062be06587@group-5B77DECE4517:t2, leader=null, voted=edf60a86-ae5b-4f71-bc37-25062be06587, raftlog=edf60a86-ae5b-4f71-bc37-25062be06587@group-5B77DECE4517-SegmentedRaftLog:OPENED:c-1, conf=-1: [edf60a86-ae5b-4f71-bc37-25062be06587|rpc:10.1.0.49:38621|dataStream:|priority:0, 7fca689d-043b-47bb-bf18-12adf35ba2bc|rpc:10.1.0.49:42461|dataStream:|priority:0, 84008c31-6636-4a62-b386-f7fb7e7ffddc|rpc:10.1.0.49:44263|dataStream:|priority:1], old=null
2022-03-07 09:51:08,654 [84008c31-6636-4a62-b386-f7fb7e7ffddc@group-5B77DECE4517-LeaderElection98] INFO  impl.LeaderElection (LeaderElection.java:logAndReturn(89)) - 84008c31-6636-4a62-b386-f7fb7e7ffddc@group-5B77DECE4517-LeaderElection98: ELECTION REJECTED received 2 response(s) and 0 exception(s):
2022-03-07 09:51:08,654 [84008c31-6636-4a62-b386-f7fb7e7ffddc@group-5B77DECE4517-LeaderElection98] INFO  impl.LeaderElection (LeaderElection.java:logAndReturn(93)) -   Response 0: 84008c31-6636-4a62-b386-f7fb7e7ffddc<-edf60a86-ae5b-4f71-bc37-25062be06587#0:FAIL-t2
2022-03-07 09:51:08,654 [84008c31-6636-4a62-b386-f7fb7e7ffddc@group-5B77DECE4517-LeaderElection98] INFO  impl.LeaderElection (LeaderElection.java:logAndReturn(93)) -   Response 1: 84008c31-6636-4a62-b386-f7fb7e7ffddc<-7fca689d-043b-47bb-bf18-12adf35ba2bc#0:FAIL-t2
2022-03-07 09:51:08,654 [84008c31-6636-4a62-b386-f7fb7e7ffddc@group-5B77DECE4517-LeaderElection98] INFO  impl.LeaderElection (LeaderElection.java:askForVotes(308)) - 84008c31-6636-4a62-b386-f7fb7e7ffddc@group-5B77DECE4517-LeaderElection98 ELECTION round 0: result REJECTED
2022-03-07 09:51:08,654 [84008c31-6636-4a62-b386-f7fb7e7ffddc@group-5B77DECE4517-LeaderElection98] INFO  server.RaftServer$Division (RaftServerImpl.java:setRole(290)) - 84008c31-6636-4a62-b386-f7fb7e7ffddc@group-5B77DECE4517: changes role from CANDIDATE to FOLLOWER at term 2 for REJECTED
2022-03-07 09:51:08,654 [84008c31-6636-4a62-b386-f7fb7e7ffddc@group-5B77DECE4517-LeaderElection98] INFO  impl.RoleInfo (RoleInfo.java:shutdownLeaderElection(121)) - 84008c31-6636-4a62-b386-f7fb7e7ffddc: shutdown 84008c31-6636-4a62-b386-f7fb7e7ffddc@group-5B77DECE4517-LeaderElection98
2022-03-07 09:51:08,654 [84008c31-6636-4a62-b386-f7fb7e7ffddc@group-5B77DECE4517-LeaderElection98] INFO  impl.RoleInfo (RoleInfo.java:updateAndGet(130)) - 84008c31-6636-4a62-b386-f7fb7e7ffddc: start 84008c31-6636-4a62-b386-f7fb7e7ffddc@group-5B77DECE4517-FollowerState
2022-03-07 09:51:08,758 [edf60a86-ae5b-4f71-bc37-25062be06587@group-7EB04D50015F-FollowerState] INFO  impl.FollowerState (FollowerState.java:run(134)) - edf60a86-ae5b-4f71-bc37-25062be06587@group-7EB04D50015F-FollowerState: change to CANDIDATE, lastRpcElapsedTime:5165793129ns, electionTimeout:5142ms
2022-03-07 09:51:08,758 [edf60a86-ae5b-4f71-bc37-25062be06587@group-7EB04D50015F-FollowerState] INFO  impl.RoleInfo (RoleInfo.java:shutdownFollowerState(108)) - edf60a86-ae5b-4f71-bc37-25062be06587: shutdown edf60a86-ae5b-4f71-bc37-25062be06587@group-7EB04D50015F-FollowerState
2022-03-07 09:51:08,758 [edf60a86-ae5b-4f71-bc37-25062be06587@group-7EB04D50015F-FollowerState] INFO  server.RaftServer$Division (RaftServerImpl.java:setRole(290)) - edf60a86-ae5b-4f71-bc37-25062be06587@group-7EB04D50015F: changes role from  FOLLOWER to CANDIDATE at term 1 for changeToCandidate
2022-03-07 09:51:08,758 [edf60a86-ae5b-4f71-bc37-25062be06587@group-7EB04D50015F-FollowerState] INFO  server.RaftServerConfigKeys (ConfUtils.java:logGet(44)) - raft.server.leaderelection.pre-vote = false (custom)
2022-03-07 09:51:08,758 [edf60a86-ae5b-4f71-bc37-25062be06587@group-7EB04D50015F-FollowerState] INFO  impl.RoleInfo (RoleInfo.java:updateAndGet(130)) - edf60a86-ae5b-4f71-bc37-25062be06587: start edf60a86-ae5b-4f71-bc37-25062be06587@group-7EB04D50015F-LeaderElection99
2022-03-07 09:51:08,782 [edf60a86-ae5b-4f71-bc37-25062be06587@group-7EB04D50015F-LeaderElection99] INFO  impl.LeaderElection (LeaderElection.java:askForVotes(306)) - edf60a86-ae5b-4f71-bc37-25062be06587@group-7EB04D50015F-LeaderElection99 ELECTION round 0: submit vote requests at term 2 for -1: [edf60a86-ae5b-4f71-bc37-25062be06587|rpc:10.1.0.49:38621|dataStream:|priority:1, 7fca689d-043b-47bb-bf18-12adf35ba2bc|rpc:10.1.0.49:42461|dataStream:|priority:0, 84008c31-6636-4a62-b386-f7fb7e7ffddc|rpc:10.1.0.49:44263|dataStream:|priority:0], old=null
2022-03-07 09:51:08,784 [grpc-default-executor-2] INFO  server.RaftServer$Division (RaftServerImpl.java:requestVote(1046)) - 7fca689d-043b-47bb-bf18-12adf35ba2bc@group-7EB04D50015F: receive requestVote(ELECTION, edf60a86-ae5b-4f71-bc37-25062be06587, group-7EB04D50015F, 2, (t:0, i:0))
2022-03-07 09:51:08,784 [grpc-default-executor-2] INFO  impl.VoteContext (VoteContext.java:log(48)) - 7fca689d-043b-47bb-bf18-12adf35ba2bc@group-7EB04D50015F-FOLLOWER: accept ELECTION from edf60a86-ae5b-4f71-bc37-25062be06587: our priority 0 <= candidate's priority 1
2022-03-07 09:51:08,784 [grpc-default-executor-2] INFO  server.RaftServer$Division (RaftServerImpl.java:setRole(290)) - 7fca689d-043b-47bb-bf18-12adf35ba2bc@group-7EB04D50015F: changes role from  FOLLOWER to FOLLOWER at term 2 for candidate:edf60a86-ae5b-4f71-bc37-25062be06587
2022-03-07 09:51:08,784 [grpc-default-executor-2] INFO  impl.RoleInfo (RoleInfo.java:shutdownFollowerState(108)) - 7fca689d-043b-47bb-bf18-12adf35ba2bc: shutdown 7fca689d-043b-47bb-bf18-12adf35ba2bc@group-7EB04D50015F-FollowerState
2022-03-07 09:51:08,784 [7fca689d-043b-47bb-bf18-12adf35ba2bc@group-7EB04D50015F-FollowerState] INFO  impl.FollowerState (FollowerState.java:run(143)) - 7fca689d-043b-47bb-bf18-12adf35ba2bc@group-7EB04D50015F-FollowerState was interrupted: {}
java.lang.InterruptedException: sleep interrupted
	at java.lang.Thread.sleep(Native Method)
	at java.lang.Thread.sleep(Thread.java:342)
	at java.util.concurrent.TimeUnit.sleep(TimeUnit.java:386)
	at org.apache.ratis.util.TimeDuration.sleep(TimeDuration.java:324)
	at org.apache.ratis.util.TimeDuration.sleep(TimeDuration.java:309)
	at org.apache.ratis.server.impl.FollowerState.run(FollowerState.java:118)
2022-03-07 09:51:08,784 [grpc-default-executor-2] INFO  impl.RoleInfo (RoleInfo.java:updateAndGet(130)) - 7fca689d-043b-47bb-bf18-12adf35ba2bc: start 7fca689d-043b-47bb-bf18-12adf35ba2bc@group-7EB04D50015F-FollowerState
2022-03-07 09:51:08,804 [84008c31-6636-4a62-b386-f7fb7e7ffddc@group-7EB04D50015F-FollowerState] INFO  impl.FollowerState (FollowerState.java:run(134)) - 84008c31-6636-4a62-b386-f7fb7e7ffddc@group-7EB04D50015F-FollowerState: change to CANDIDATE, lastRpcElapsedTime:5181993801ns, electionTimeout:5159ms
2022-03-07 09:51:08,808 [84008c31-6636-4a62-b386-f7fb7e7ffddc@group-7EB04D50015F-FollowerState] INFO  impl.RoleInfo (RoleInfo.java:shutdownFollowerState(108)) - 84008c31-6636-4a62-b386-f7fb7e7ffddc: shutdown 84008c31-6636-4a62-b386-f7fb7e7ffddc@group-7EB04D50015F-FollowerState
2022-03-07 09:51:08,808 [84008c31-6636-4a62-b386-f7fb7e7ffddc@group-7EB04D50015F-FollowerState] INFO  server.RaftServer$Division (RaftServerImpl.java:setRole(290)) - 84008c31-6636-4a62-b386-f7fb7e7ffddc@group-7EB04D50015F: changes role from  FOLLOWER to CANDIDATE at term 1 for changeToCandidate
2022-03-07 09:51:08,811 [grpc-default-executor-0] INFO  server.RaftServer$Division (RaftServerImpl.java:requestVote(1046)) - 84008c31-6636-4a62-b386-f7fb7e7ffddc@group-7EB04D50015F: receive requestVote(ELECTION, edf60a86-ae5b-4f71-bc37-25062be06587, group-7EB04D50015F, 2, (t:0, i:0))
2022-03-07 09:51:08,815 [84008c31-6636-4a62-b386-f7fb7e7ffddc@group-7EB04D50015F-FollowerState] INFO  server.RaftServerConfigKeys (ConfUtils.java:logGet(44)) - raft.server.leaderelection.pre-vote = false (custom)
2022-03-07 09:51:08,815 [84008c31-6636-4a62-b386-f7fb7e7ffddc@group-7EB04D50015F-FollowerState] INFO  impl.RoleInfo (RoleInfo.java:updateAndGet(130)) - 84008c31-6636-4a62-b386-f7fb7e7ffddc: start 84008c31-6636-4a62-b386-f7fb7e7ffddc@group-7EB04D50015F-LeaderElection100
2022-03-07 09:51:08,816 [grpc-default-executor-2] INFO  server.RaftServer$Division (RaftServerImpl.java:requestVote(1078)) - 7fca689d-043b-47bb-bf18-12adf35ba2bc@group-7EB04D50015F replies to ELECTION vote request: edf60a86-ae5b-4f71-bc37-25062be06587<-7fca689d-043b-47bb-bf18-12adf35ba2bc#0:OK-t2. Peer's state: 7fca689d-043b-47bb-bf18-12adf35ba2bc@group-7EB04D50015F:t2, leader=null, voted=edf60a86-ae5b-4f71-bc37-25062be06587, raftlog=7fca689d-043b-47bb-bf18-12adf35ba2bc@group-7EB04D50015F-SegmentedRaftLog:OPENED:c-1, conf=-1: [edf60a86-ae5b-4f71-bc37-25062be06587|rpc:10.1.0.49:38621|dataStream:|priority:1, 7fca689d-043b-47bb-bf18-12adf35ba2bc|rpc:10.1.0.49:42461|dataStream:|priority:0, 84008c31-6636-4a62-b386-f7fb7e7ffddc|rpc:10.1.0.49:44263|dataStream:|priority:0], old=null
2022-03-07 09:51:08,829 [grpc-default-executor-0] INFO  impl.VoteContext (VoteContext.java:log(48)) - 84008c31-6636-4a62-b386-f7fb7e7ffddc@group-7EB04D50015F-CANDIDATE: accept ELECTION from edf60a86-ae5b-4f71-bc37-25062be06587: our priority 0 <= candidate's priority 1
2022-03-07 09:51:08,829 [grpc-default-executor-0] INFO  server.RaftServer$Division (RaftServerImpl.java:setRole(290)) - 84008c31-6636-4a62-b386-f7fb7e7ffddc@group-7EB04D50015F: changes role from CANDIDATE to FOLLOWER at term 2 for candidate:edf60a86-ae5b-4f71-bc37-25062be06587
2022-03-07 09:51:08,829 [grpc-default-executor-0] INFO  impl.RoleInfo (RoleInfo.java:shutdownLeaderElection(121)) - 84008c31-6636-4a62-b386-f7fb7e7ffddc: shutdown 84008c31-6636-4a62-b386-f7fb7e7ffddc@group-7EB04D50015F-LeaderElection100
2022-03-07 09:51:08,829 [grpc-default-executor-0] INFO  impl.RoleInfo (RoleInfo.java:updateAndGet(130)) - 84008c31-6636-4a62-b386-f7fb7e7ffddc: start 84008c31-6636-4a62-b386-f7fb7e7ffddc@group-7EB04D50015F-FollowerState
2022-03-07 09:51:08,829 [84008c31-6636-4a62-b386-f7fb7e7ffddc@group-7EB04D50015F-LeaderElection100] INFO  impl.LeaderElection (LeaderElection.java:run(230)) - 84008c31-6636-4a62-b386-f7fb7e7ffddc@group-7EB04D50015F-LeaderElection100: skip running since this is already CLOSING
2022-03-07 09:51:08,839 [edf60a86-ae5b-4f71-bc37-25062be06587@group-7EB04D50015F-LeaderElection99] INFO  impl.LeaderElection (LeaderElection.java:logAndReturn(89)) - edf60a86-ae5b-4f71-bc37-25062be06587@group-7EB04D50015F-LeaderElection99: ELECTION PASSED received 1 response(s) and 0 exception(s):
2022-03-07 09:51:08,839 [edf60a86-ae5b-4f71-bc37-25062be06587@group-7EB04D50015F-LeaderElection99] INFO  impl.LeaderElection (LeaderElection.java:logAndReturn(93)) -   Response 0: edf60a86-ae5b-4f71-bc37-25062be06587<-7fca689d-043b-47bb-bf18-12adf35ba2bc#0:OK-t2
2022-03-07 09:51:08,839 [edf60a86-ae5b-4f71-bc37-25062be06587@group-7EB04D50015F-LeaderElection99] INFO  impl.LeaderElection (LeaderElection.java:askForVotes(308)) - edf60a86-ae5b-4f71-bc37-25062be06587@group-7EB04D50015F-LeaderElection99 ELECTION round 0: result PASSED
2022-03-07 09:51:08,839 [grpc-default-executor-0] INFO  server.RaftServer$Division (RaftServerImpl.java:requestVote(1078)) - 84008c31-6636-4a62-b386-f7fb7e7ffddc@group-7EB04D50015F replies to ELECTION vote request: edf60a86-ae5b-4f71-bc37-25062be06587<-84008c31-6636-4a62-b386-f7fb7e7ffddc#0:OK-t2. Peer's state: 84008c31-6636-4a62-b386-f7fb7e7ffddc@group-7EB04D50015F:t2, leader=null, voted=edf60a86-ae5b-4f71-bc37-25062be06587, raftlog=84008c31-6636-4a62-b386-f7fb7e7ffddc@group-7EB04D50015F-SegmentedRaftLog:OPENED:c-1, conf=-1: [edf60a86-ae5b-4f71-bc37-25062be06587|rpc:10.1.0.49:38621|priority:1, 7fca689d-043b-47bb-bf18-12adf35ba2bc|rpc:10.1.0.49:42461|priority:0, 84008c31-6636-4a62-b386-f7fb7e7ffddc|rpc:10.1.0.49:44263|priority:0], old=null
2022-03-07 09:51:08,839 [edf60a86-ae5b-4f71-bc37-25062be06587@group-7EB04D50015F-LeaderElection99] INFO  impl.RoleInfo (RoleInfo.java:shutdownLeaderElection(121)) - edf60a86-ae5b-4f71-bc37-25062be06587: shutdown edf60a86-ae5b-4f71-bc37-25062be06587@group-7EB04D50015F-LeaderElection99
2022-03-07 09:51:08,842 [edf60a86-ae5b-4f71-bc37-25062be06587@group-7EB04D50015F-LeaderElection99] INFO  server.RaftServer$Division (RaftServerImpl.java:setRole(290)) - edf60a86-ae5b-4f71-bc37-25062be06587@group-7EB04D50015F: changes role from CANDIDATE to LEADER at term 2 for changeToLeader
2022-03-07 09:51:08,842 [edf60a86-ae5b-4f71-bc37-25062be06587@group-7EB04D50015F-LeaderElection99] INFO  ratis.XceiverServerRatis (XceiverServerRatis.java:handleLeaderChangedNotification(867)) - Leader change notification received for group: group-7EB04D50015F with new leaderId: edf60a86-ae5b-4f71-bc37-25062be06587
2022-03-07 09:51:08,842 [edf60a86-ae5b-4f71-bc37-25062be06587@group-7EB04D50015F-LeaderElection99] INFO  server.RaftServer$Division (ServerState.java:setLeader(285)) - edf60a86-ae5b-4f71-bc37-25062be06587@group-7EB04D50015F: change Leader from null to edf60a86-ae5b-4f71-bc37-25062be06587 at term 2 for becomeLeader, leader elected after 10264ms
2022-03-07 09:51:08,842 [edf60a86-ae5b-4f71-bc37-25062be06587@group-7EB04D50015F-LeaderElection99] INFO  server.RaftServerConfigKeys (ConfUtils.java:logGet(44)) - raft.server.staging.catchup.gap = 1000 (default)
2022-03-07 09:51:08,842 [edf60a86-ae5b-4f71-bc37-25062be06587@group-7EB04D50015F-LeaderElection99] INFO  server.RaftServerConfigKeys (ConfUtils.java:logGet(44)) - raft.server.write.element-limit = 1024 (custom)
2022-03-07 09:51:08,842 [edf60a86-ae5b-4f71-bc37-25062be06587@group-7EB04D50015F-LeaderElection99] INFO  server.RaftServerConfigKeys (ConfUtils.java:logGet(44)) - raft.server.write.byte-limit = 1024 M (=1073741824) (custom)
2022-03-07 09:51:08,842 [edf60a86-ae5b-4f71-bc37-25062be06587@group-7EB04D50015F-LeaderElection99] INFO  server.RaftServerConfigKeys (ConfUtils.java:logGet(44)) - raft.server.watch.timeout = 3000ms (custom)
2022-03-07 09:51:08,843 [edf60a86-ae5b-4f71-bc37-25062be06587@group-7EB04D50015F-LeaderElection99] INFO  server.RaftServerConfigKeys (ConfUtils.java:logGet(44)) - raft.server.watch.timeout.denomination = 1s (default)
2022-03-07 09:51:08,843 [edf60a86-ae5b-4f71-bc37-25062be06587@group-7EB04D50015F-LeaderElection99] INFO  server.RaftServerConfigKeys (ConfUtils.java:logGet(44)) - raft.server.watch.element-limit = 65536 (default)
2022-03-07 09:51:08,843 [edf60a86-ae5b-4f71-bc37-25062be06587@group-7EB04D50015F-LeaderElection99] INFO  server.RaftServerConfigKeys (ConfUtils.java:logGet(44)) - raft.server.write.element-limit = 1024 (custom)
2022-03-07 09:51:08,843 [edf60a86-ae5b-4f71-bc37-25062be06587@group-7EB04D50015F-LeaderElection99] INFO  server.RaftServerConfigKeys (ConfUtils.java:logGet(44)) - raft.server.write.follower.gap.ratio.max = -1.0 (default)
2022-03-07 09:51:08,843 [edf60a86-ae5b-4f71-bc37-25062be06587@group-7EB04D50015F-LeaderElection99] INFO  server.RaftServerConfigKeys (ConfUtils.java:logGet(44)) - raft.server.log.appender.snapshot.chunk.size.max = 16MB (=16777216) (default)
2022-03-07 09:51:08,843 [edf60a86-ae5b-4f71-bc37-25062be06587@group-7EB04D50015F-LeaderElection99] INFO  server.RaftServerConfigKeys (ConfUtils.java:logGet(44)) - raft.server.log.appender.buffer.byte-limit = 33554432 (custom)
2022-03-07 09:51:08,843 [edf60a86-ae5b-4f71-bc37-25062be06587@group-7EB04D50015F-LeaderElection99] INFO  server.RaftServerConfigKeys (ConfUtils.java:logGet(44)) - raft.server.log.appender.buffer.element-limit = 1 (custom)
2022-03-07 09:51:08,843 [edf60a86-ae5b-4f71-bc37-25062be06587@group-7EB04D50015F-LeaderElection99] INFO  grpc.GrpcConfigKeys (ConfUtils.java:logGet(44)) - raft.grpc.server.leader.outstanding.appends.max = 128 (default)
2022-03-07 09:51:08,843 [edf60a86-ae5b-4f71-bc37-25062be06587@group-7EB04D50015F-LeaderElection99] INFO  server.RaftServerConfigKeys (ConfUtils.java:logGet(44)) - raft.server.rpc.request.timeout = 3000ms (default)
2022-03-07 09:51:08,843 [edf60a86-ae5b-4f71-bc37-25062be06587@group-7EB04D50015F-LeaderElection99] INFO  server.RaftServerConfigKeys (ConfUtils.java:logGet(44)) - raft.server.log.appender.install.snapshot.enabled = false (custom)
2022-03-07 09:51:08,844 [edf60a86-ae5b-4f71-bc37-25062be06587@group-7EB04D50015F-LeaderElection99] INFO  server.RaftServerConfigKeys (ConfUtils.java:logGet(44)) - raft.server.log.appender.snapshot.chunk.size.max = 16MB (=16777216) (default)
2022-03-07 09:51:08,844 [edf60a86-ae5b-4f71-bc37-25062be06587@group-7EB04D50015F-LeaderElection99] INFO  server.RaftServerConfigKeys (ConfUtils.java:logGet(44)) - raft.server.log.appender.buffer.byte-limit = 33554432 (custom)
2022-03-07 09:51:08,844 [edf60a86-ae5b-4f71-bc37-25062be06587@group-7EB04D50015F-LeaderElection99] INFO  server.RaftServerConfigKeys (ConfUtils.java:logGet(44)) - raft.server.log.appender.buffer.element-limit = 1 (custom)
2022-03-07 09:51:08,844 [edf60a86-ae5b-4f71-bc37-25062be06587@group-7EB04D50015F-LeaderElection99] INFO  grpc.GrpcConfigKeys (ConfUtils.java:logGet(44)) - raft.grpc.server.leader.outstanding.appends.max = 128 (default)
2022-03-07 09:51:08,844 [edf60a86-ae5b-4f71-bc37-25062be06587@group-7EB04D50015F-LeaderElection99] INFO  server.RaftServerConfigKeys (ConfUtils.java:logGet(44)) - raft.server.rpc.request.timeout = 3000ms (default)
2022-03-07 09:51:08,845 [edf60a86-ae5b-4f71-bc37-25062be06587@group-7EB04D50015F-LeaderElection99] INFO  server.RaftServerConfigKeys (ConfUtils.java:logGet(44)) - raft.server.log.appender.install.snapshot.enabled = false (custom)
2022-03-07 09:51:08,845 [EventQueue-PipelineReportForPipelineReportHandler] INFO  pipeline.PipelineManagerImpl (PipelineManagerImpl.java:openPipeline(291)) - Pipeline Pipeline[ Id: c80e71a3-a3ae-4d9c-b7b4-7eb04d50015f, Nodes: 7fca689d-043b-47bb-bf18-12adf35ba2bc{ip: 10.1.0.49, host: fv-az291-317.wgnan5asplgejimfprtllbpdch.jx.internal.cloudapp.net, ports: [REPLICATION=35909, RATIS=42461, RATIS_ADMIN=42461, RATIS_SERVER=42461, STANDALONE=44961], networkLocation: /default-rack, certSerialId: null, persistedOpState: IN_SERVICE, persistedOpStateExpiryEpochSec: 0}84008c31-6636-4a62-b386-f7fb7e7ffddc{ip: 10.1.0.49, host: fv-az291-317.wgnan5asplgejimfprtllbpdch.jx.internal.cloudapp.net, ports: [REPLICATION=42827, RATIS=44263, RATIS_ADMIN=44263, RATIS_SERVER=44263, STANDALONE=33245], networkLocation: /default-rack, certSerialId: null, persistedOpState: IN_SERVICE, persistedOpStateExpiryEpochSec: 0}edf60a86-ae5b-4f71-bc37-25062be06587{ip: 10.1.0.49, host: fv-az291-317.wgnan5asplgejimfprtllbpdch.jx.internal.cloudapp.net, ports: [REPLICATION=46727, RATIS=38621, RATIS_ADMIN=38621, RATIS_SERVER=38621, STANDALONE=45115], networkLocation: /default-rack, certSerialId: null, persistedOpState: IN_SERVICE, persistedOpStateExpiryEpochSec: 0}, ReplicationConfig: RATIS/THREE, State:ALLOCATED, leaderId:edf60a86-ae5b-4f71-bc37-25062be06587, CreationTimestamp2022-03-07T09:50:55.776Z[Etc/UTC]] moved to OPEN state
2022-03-07 09:51:08,850 [edf60a86-ae5b-4f71-bc37-25062be06587@group-7EB04D50015F-LeaderElection99] INFO  impl.RoleInfo (RoleInfo.java:updateAndGet(130)) - edf60a86-ae5b-4f71-bc37-25062be06587: start edf60a86-ae5b-4f71-bc37-25062be06587@group-7EB04D50015F-LeaderStateImpl
2022-03-07 09:51:08,850 [edf60a86-ae5b-4f71-bc37-25062be06587@group-7EB04D50015F-LeaderElection99] INFO  segmented.SegmentedRaftLogWorker (SegmentedRaftLogWorker.java:startLogSegment(394)) - edf60a86-ae5b-4f71-bc37-25062be06587@group-7EB04D50015F-SegmentedRaftLogWorker: Starting segment from index:0
2022-03-07 09:51:08,851 [edf60a86-ae5b-4f71-bc37-25062be06587@group-7EB04D50015F-SegmentedRaftLogWorker] INFO  segmented.SegmentedRaftLogWorker (SegmentedRaftLogWorker.java:execute(601)) - edf60a86-ae5b-4f71-bc37-25062be06587@group-7EB04D50015F-SegmentedRaftLogWorker: created new log segment /home/runner/work/ozone/ozone/hadoop-ozone/integration-test/target/test-dir/MiniOzoneClusterImpl-4c099742-f0a8-499d-a606-d482764d36d7/datanode-5/data/ratis/c80e71a3-a3ae-4d9c-b7b4-7eb04d50015f/current/log_inprogress_0
2022-03-07 09:51:08,864 [grpc-default-executor-2] INFO  ratis.XceiverServerRatis (XceiverServerRatis.java:handleLeaderChangedNotification(867)) - Leader change notification received for group: group-7EB04D50015F with new leaderId: edf60a86-ae5b-4f71-bc37-25062be06587
2022-03-07 09:51:08,864 [grpc-default-executor-2] INFO  server.RaftServer$Division (ServerState.java:setLeader(285)) - 84008c31-6636-4a62-b386-f7fb7e7ffddc@group-7EB04D50015F: change Leader from null to edf60a86-ae5b-4f71-bc37-25062be06587 at term 2 for appendEntries, leader elected after 10534ms
2022-03-07 09:51:08,868 [edf60a86-ae5b-4f71-bc37-25062be06587@group-7EB04D50015F-LeaderElection99] INFO  server.RaftServer$Division (ServerState.java:setRaftConf(387)) - edf60a86-ae5b-4f71-bc37-25062be06587@group-7EB04D50015F: set configuration 0: [edf60a86-ae5b-4f71-bc37-25062be06587|rpc:10.1.0.49:38621|dataStream:|priority:1, 7fca689d-043b-47bb-bf18-12adf35ba2bc|rpc:10.1.0.49:42461|dataStream:|priority:0, 84008c31-6636-4a62-b386-f7fb7e7ffddc|rpc:10.1.0.49:44263|dataStream:|priority:0], old=null
2022-03-07 09:51:08,875 [grpc-default-executor-2] INFO  server.RaftServer$Division (ServerState.java:setRaftConf(387)) - 84008c31-6636-4a62-b386-f7fb7e7ffddc@group-7EB04D50015F: set configuration 0: [edf60a86-ae5b-4f71-bc37-25062be06587|rpc:10.1.0.49:38621|dataStream:|priority:1, 7fca689d-043b-47bb-bf18-12adf35ba2bc|rpc:10.1.0.49:42461|dataStream:|priority:0, 84008c31-6636-4a62-b386-f7fb7e7ffddc|rpc:10.1.0.49:44263|dataStream:|priority:0], old=null
2022-03-07 09:51:08,875 [grpc-default-executor-2] INFO  segmented.SegmentedRaftLogWorker (SegmentedRaftLogWorker.java:startLogSegment(394)) - 84008c31-6636-4a62-b386-f7fb7e7ffddc@group-7EB04D50015F-SegmentedRaftLogWorker: Starting segment from index:0
2022-03-07 09:51:08,877 [84008c31-6636-4a62-b386-f7fb7e7ffddc@group-7EB04D50015F-SegmentedRaftLogWorker] INFO  segmented.SegmentedRaftLogWorker (SegmentedRaftLogWorker.java:execute(601)) - 84008c31-6636-4a62-b386-f7fb7e7ffddc@group-7EB04D50015F-SegmentedRaftLogWorker: created new log segment /home/runner/work/ozone/ozone/hadoop-ozone/integration-test/target/test-dir/MiniOzoneClusterImpl-4c099742-f0a8-499d-a606-d482764d36d7/datanode-4/data/ratis/c80e71a3-a3ae-4d9c-b7b4-7eb04d50015f/current/log_inprogress_0
2022-03-07 09:51:08,878 [grpc-default-executor-2] INFO  ratis.XceiverServerRatis (XceiverServerRatis.java:handleLeaderChangedNotification(867)) - Leader change notification received for group: group-7EB04D50015F with new leaderId: edf60a86-ae5b-4f71-bc37-25062be06587
2022-03-07 09:51:08,878 [grpc-default-executor-2] INFO  server.RaftServer$Division (ServerState.java:setLeader(285)) - 7fca689d-043b-47bb-bf18-12adf35ba2bc@group-7EB04D50015F: change Leader from null to edf60a86-ae5b-4f71-bc37-25062be06587 at term 2 for appendEntries, leader elected after 10441ms
2022-03-07 09:51:08,880 [grpc-default-executor-2] INFO  server.RaftServer$Division (ServerState.java:setRaftConf(387)) - 7fca689d-043b-47bb-bf18-12adf35ba2bc@group-7EB04D50015F: set configuration 0: [edf60a86-ae5b-4f71-bc37-25062be06587|rpc:10.1.0.49:38621|dataStream:|priority:1, 7fca689d-043b-47bb-bf18-12adf35ba2bc|rpc:10.1.0.49:42461|dataStream:|priority:0, 84008c31-6636-4a62-b386-f7fb7e7ffddc|rpc:10.1.0.49:44263|dataStream:|priority:0], old=null
2022-03-07 09:51:08,880 [grpc-default-executor-2] INFO  segmented.SegmentedRaftLogWorker (SegmentedRaftLogWorker.java:startLogSegment(394)) - 7fca689d-043b-47bb-bf18-12adf35ba2bc@group-7EB04D50015F-SegmentedRaftLogWorker: Starting segment from index:0
2022-03-07 09:51:08,892 [7fca689d-043b-47bb-bf18-12adf35ba2bc@group-7EB04D50015F-SegmentedRaftLogWorker] INFO  segmented.SegmentedRaftLogWorker (SegmentedRaftLogWorker.java:execute(601)) - 7fca689d-043b-47bb-bf18-12adf35ba2bc@group-7EB04D50015F-SegmentedRaftLogWorker: created new log segment /home/runner/work/ozone/ozone/hadoop-ozone/integration-test/target/test-dir/MiniOzoneClusterImpl-4c099742-f0a8-499d-a606-d482764d36d7/datanode-3/data/ratis/c80e71a3-a3ae-4d9c-b7b4-7eb04d50015f/current/log_inprogress_0
2022-03-07 09:51:09,088 [Listener at 127.0.0.1/40579] INFO  ozoneimpl.OzoneContainer (OzoneContainer.java:stop(356)) - Attempting to stop container services.
2022-03-07 09:51:09,089 [Listener at 127.0.0.1/40579] INFO  server.RaftServer (RaftServerProxy.java:lambda$close$6(391)) - cd9cff4b-1bd9-497e-976c-8eec10b9db64: close
2022-03-07 09:51:09,089 [Listener at 127.0.0.1/40579] INFO  server.RaftServer$Division (RaftServerImpl.java:lambda$close$4(412)) - cd9cff4b-1bd9-497e-976c-8eec10b9db64@group-8E452AA84769: shutdown
2022-03-07 09:51:09,089 [Listener at 127.0.0.1/40579] INFO  util.JmxRegister (JmxRegister.java:unregister(73)) - Successfully un-registered JMX Bean with object name Ratis:service=RaftServer,group=group-8E452AA84769,id=cd9cff4b-1bd9-497e-976c-8eec10b9db64
2022-03-07 09:51:09,089 [Listener at 127.0.0.1/40579] INFO  impl.RoleInfo (RoleInfo.java:shutdownFollowerState(108)) - cd9cff4b-1bd9-497e-976c-8eec10b9db64: shutdown cd9cff4b-1bd9-497e-976c-8eec10b9db64@group-8E452AA84769-FollowerState
2022-03-07 09:51:09,089 [Listener at 127.0.0.1/40579] INFO  impl.StateMachineUpdater (StateMachineUpdater.java:stopAndJoin(149)) - cd9cff4b-1bd9-497e-976c-8eec10b9db64@group-8E452AA84769-StateMachineUpdater: set stopIndex = 0
2022-03-07 09:51:09,089 [ForkJoinPool.commonPool-worker-1] INFO  server.RaftServer$Division (RaftServerImpl.java:lambda$close$4(412)) - cd9cff4b-1bd9-497e-976c-8eec10b9db64@group-A583654C641D: shutdown
2022-03-07 09:51:09,089 [ForkJoinPool.commonPool-worker-1] INFO  util.JmxRegister (JmxRegister.java:unregister(73)) - Successfully un-registered JMX Bean with object name Ratis:service=RaftServer,group=group-A583654C641D,id=cd9cff4b-1bd9-497e-976c-8eec10b9db64
2022-03-07 09:51:09,090 [ForkJoinPool.commonPool-worker-1] INFO  impl.RoleInfo (RoleInfo.java:shutdownFollowerState(108)) - cd9cff4b-1bd9-497e-976c-8eec10b9db64: shutdown cd9cff4b-1bd9-497e-976c-8eec10b9db64@group-A583654C641D-FollowerState
2022-03-07 09:51:09,090 [ForkJoinPool.commonPool-worker-1] INFO  impl.StateMachineUpdater (StateMachineUpdater.java:stopAndJoin(149)) - cd9cff4b-1bd9-497e-976c-8eec10b9db64@group-A583654C641D-StateMachineUpdater: set stopIndex = 0
2022-03-07 09:51:09,090 [cd9cff4b-1bd9-497e-976c-8eec10b9db64@group-A583654C641D-FollowerState] INFO  impl.FollowerState (FollowerState.java:run(143)) - cd9cff4b-1bd9-497e-976c-8eec10b9db64@group-A583654C641D-FollowerState was interrupted: {}
java.lang.InterruptedException: sleep interrupted
	at java.lang.Thread.sleep(Native Method)
	at java.lang.Thread.sleep(Thread.java:342)
	at java.util.concurrent.TimeUnit.sleep(TimeUnit.java:386)
	at org.apache.ratis.util.TimeDuration.sleep(TimeDuration.java:324)
	at org.apache.ratis.util.TimeDuration.sleep(TimeDuration.java:309)
	at org.apache.ratis.server.impl.FollowerState.run(FollowerState.java:118)
2022-03-07 09:51:09,090 [cd9cff4b-1bd9-497e-976c-8eec10b9db64@group-8E452AA84769-StateMachineUpdater] INFO  ratis.ContainerStateMachine (ContainerStateMachine.java:takeSnapshot(304)) - group-8E452AA84769: Taking a snapshot at:(t:2, i:0) file /home/runner/work/ozone/ozone/hadoop-ozone/integration-test/target/test-dir/MiniOzoneClusterImpl-4c099742-f0a8-499d-a606-d482764d36d7/datanode-2/data/ratis/8dcd701a-e220-441a-b05a-8e452aa84769/sm/snapshot.2_0
2022-03-07 09:51:09,090 [cd9cff4b-1bd9-497e-976c-8eec10b9db64@group-A583654C641D-StateMachineUpdater] INFO  ratis.ContainerStateMachine (ContainerStateMachine.java:takeSnapshot(304)) - group-A583654C641D: Taking a snapshot at:(t:2, i:0) file /home/runner/work/ozone/ozone/hadoop-ozone/integration-test/target/test-dir/MiniOzoneClusterImpl-4c099742-f0a8-499d-a606-d482764d36d7/datanode-2/data/ratis/74c3c54d-cb47-44d6-90a4-a583654c641d/sm/snapshot.2_0
2022-03-07 09:51:09,090 [cd9cff4b-1bd9-497e-976c-8eec10b9db64@group-8E452AA84769-FollowerState] INFO  impl.FollowerState (FollowerState.java:run(143)) - cd9cff4b-1bd9-497e-976c-8eec10b9db64@group-8E452AA84769-FollowerState was interrupted: {}
java.lang.InterruptedException: sleep interrupted
	at java.lang.Thread.sleep(Native Method)
	at java.lang.Thread.sleep(Thread.java:342)
	at java.util.concurrent.TimeUnit.sleep(TimeUnit.java:386)
	at org.apache.ratis.util.TimeDuration.sleep(TimeDuration.java:324)
	at org.apache.ratis.util.TimeDuration.sleep(TimeDuration.java:309)
	at org.apache.ratis.server.impl.FollowerState.run(FollowerState.java:118)
2022-03-07 09:51:09,091 [cd9cff4b-1bd9-497e-976c-8eec10b9db64@group-8E452AA84769-StateMachineUpdater] INFO  ratis.ContainerStateMachine (ContainerStateMachine.java:takeSnapshot(315)) - group-8E452AA84769: Finished taking a snapshot at:(t:2, i:0) file:/home/runner/work/ozone/ozone/hadoop-ozone/integration-test/target/test-dir/MiniOzoneClusterImpl-4c099742-f0a8-499d-a606-d482764d36d7/datanode-2/data/ratis/8dcd701a-e220-441a-b05a-8e452aa84769/sm/snapshot.2_0 took: 1 ms
2022-03-07 09:51:09,091 [cd9cff4b-1bd9-497e-976c-8eec10b9db64@group-A583654C641D-StateMachineUpdater] INFO  ratis.ContainerStateMachine (ContainerStateMachine.java:takeSnapshot(315)) - group-A583654C641D: Finished taking a snapshot at:(t:2, i:0) file:/home/runner/work/ozone/ozone/hadoop-ozone/integration-test/target/test-dir/MiniOzoneClusterImpl-4c099742-f0a8-499d-a606-d482764d36d7/datanode-2/data/ratis/74c3c54d-cb47-44d6-90a4-a583654c641d/sm/snapshot.2_0 took: 0 ms
2022-03-07 09:51:09,091 [cd9cff4b-1bd9-497e-976c-8eec10b9db64@group-A583654C641D-StateMachineUpdater] INFO  impl.StateMachineUpdater (StateMachineUpdater.java:takeSnapshot(281)) - cd9cff4b-1bd9-497e-976c-8eec10b9db64@group-A583654C641D-StateMachineUpdater: Took a snapshot at index 0
2022-03-07 09:51:09,091 [cd9cff4b-1bd9-497e-976c-8eec10b9db64@group-A583654C641D-StateMachineUpdater] INFO  impl.StateMachineUpdater (StateMachineUpdater.java:lambda$new$0(89)) - cd9cff4b-1bd9-497e-976c-8eec10b9db64@group-A583654C641D-StateMachineUpdater: snapshotIndex: updateIncreasingly -1 -> 0
2022-03-07 09:51:09,091 [ForkJoinPool.commonPool-worker-1] INFO  server.RaftServer$Division (ServerState.java:close(419)) - cd9cff4b-1bd9-497e-976c-8eec10b9db64@group-A583654C641D: closes. applyIndex: 0
2022-03-07 09:51:09,091 [cd9cff4b-1bd9-497e-976c-8eec10b9db64@group-A583654C641D-SegmentedRaftLogWorker] INFO  segmented.SegmentedRaftLogWorker (SegmentedRaftLogWorker.java:run(327)) - cd9cff4b-1bd9-497e-976c-8eec10b9db64@group-A583654C641D-SegmentedRaftLogWorker was interrupted, exiting. There are 0 tasks remaining in the queue.
2022-03-07 09:51:09,092 [cd9cff4b-1bd9-497e-976c-8eec10b9db64@group-8E452AA84769-StateMachineUpdater] INFO  impl.StateMachineUpdater (StateMachineUpdater.java:takeSnapshot(281)) - cd9cff4b-1bd9-497e-976c-8eec10b9db64@group-8E452AA84769-StateMachineUpdater: Took a snapshot at index 0
2022-03-07 09:51:09,092 [cd9cff4b-1bd9-497e-976c-8eec10b9db64@group-8E452AA84769-StateMachineUpdater] INFO  impl.StateMachineUpdater (StateMachineUpdater.java:lambda$new$0(89)) - cd9cff4b-1bd9-497e-976c-8eec10b9db64@group-8E452AA84769-StateMachineUpdater: snapshotIndex: updateIncreasingly -1 -> 0
2022-03-07 09:51:09,092 [Listener at 127.0.0.1/40579] INFO  server.RaftServer$Division (ServerState.java:close(419)) - cd9cff4b-1bd9-497e-976c-8eec10b9db64@group-8E452AA84769: closes. applyIndex: 0
2022-03-07 09:51:09,092 [cd9cff4b-1bd9-497e-976c-8eec10b9db64@group-8E452AA84769-SegmentedRaftLogWorker] INFO  segmented.SegmentedRaftLogWorker (SegmentedRaftLogWorker.java:run(327)) - cd9cff4b-1bd9-497e-976c-8eec10b9db64@group-8E452AA84769-SegmentedRaftLogWorker was interrupted, exiting. There are 0 tasks remaining in the queue.
2022-03-07 09:51:09,099 [ForkJoinPool.commonPool-worker-1] INFO  segmented.SegmentedRaftLogWorker (SegmentedRaftLogWorker.java:close(237)) - cd9cff4b-1bd9-497e-976c-8eec10b9db64@group-A583654C641D-SegmentedRaftLogWorker close()
2022-03-07 09:51:09,117 [Listener at 127.0.0.1/40579] INFO  segmented.SegmentedRaftLogWorker (SegmentedRaftLogWorker.java:close(237)) - cd9cff4b-1bd9-497e-976c-8eec10b9db64@group-8E452AA84769-SegmentedRaftLogWorker close()
2022-03-07 09:51:09,146 [Listener at 127.0.0.1/40579] INFO  server.RaftServer$Division (RaftServerImpl.java:lambda$close$4(412)) - cd9cff4b-1bd9-497e-976c-8eec10b9db64@group-3BD9FDEEF2E9: shutdown
2022-03-07 09:51:09,147 [Listener at 127.0.0.1/40579] INFO  util.JmxRegister (JmxRegister.java:unregister(73)) - Successfully un-registered JMX Bean with object name Ratis:service=RaftServer,group=group-3BD9FDEEF2E9,id=cd9cff4b-1bd9-497e-976c-8eec10b9db64
2022-03-07 09:51:09,147 [Listener at 127.0.0.1/40579] INFO  impl.RoleInfo (RoleInfo.java:shutdownLeaderState(91)) - cd9cff4b-1bd9-497e-976c-8eec10b9db64: shutdown cd9cff4b-1bd9-497e-976c-8eec10b9db64@group-3BD9FDEEF2E9-LeaderStateImpl
2022-03-07 09:51:09,147 [Listener at 127.0.0.1/40579] INFO  impl.PendingRequests (PendingRequests.java:sendNotLeaderResponses(282)) - cd9cff4b-1bd9-497e-976c-8eec10b9db64@group-3BD9FDEEF2E9-PendingRequests: sendNotLeaderResponses
2022-03-07 09:51:09,147 [ForkJoinPool.commonPool-worker-1] INFO  server.RaftServer$Division (RaftServerImpl.java:lambda$close$4(412)) - cd9cff4b-1bd9-497e-976c-8eec10b9db64@group-35BB7CC600D3: shutdown
2022-03-07 09:51:09,147 [ForkJoinPool.commonPool-worker-1] INFO  util.JmxRegister (JmxRegister.java:unregister(73)) - Successfully un-registered JMX Bean with object name Ratis:service=RaftServer,group=group-35BB7CC600D3,id=cd9cff4b-1bd9-497e-976c-8eec10b9db64
2022-03-07 09:51:09,147 [ForkJoinPool.commonPool-worker-1] INFO  impl.RoleInfo (RoleInfo.java:shutdownFollowerState(108)) - cd9cff4b-1bd9-497e-976c-8eec10b9db64: shutdown cd9cff4b-1bd9-497e-976c-8eec10b9db64@group-35BB7CC600D3-FollowerState
2022-03-07 09:51:09,147 [ForkJoinPool.commonPool-worker-1] INFO  impl.StateMachineUpdater (StateMachineUpdater.java:stopAndJoin(149)) - cd9cff4b-1bd9-497e-976c-8eec10b9db64@group-35BB7CC600D3-StateMachineUpdater: set stopIndex = -1
2022-03-07 09:51:09,147 [cd9cff4b-1bd9-497e-976c-8eec10b9db64@group-35BB7CC600D3-FollowerState] INFO  impl.FollowerState (FollowerState.java:run(143)) - cd9cff4b-1bd9-497e-976c-8eec10b9db64@group-35BB7CC600D3-FollowerState was interrupted: {}
java.lang.InterruptedException: sleep interrupted
	at java.lang.Thread.sleep(Native Method)
	at java.lang.Thread.sleep(Thread.java:342)
	at java.util.concurrent.TimeUnit.sleep(TimeUnit.java:386)
	at org.apache.ratis.util.TimeDuration.sleep(TimeDuration.java:324)
	at org.apache.ratis.util.TimeDuration.sleep(TimeDuration.java:309)
	at org.apache.ratis.server.impl.FollowerState.run(FollowerState.java:118)
2022-03-07 09:51:09,168 [ForkJoinPool.commonPool-worker-1] INFO  server.RaftServer$Division (ServerState.java:close(419)) - cd9cff4b-1bd9-497e-976c-8eec10b9db64@group-35BB7CC600D3: closes. applyIndex: -1
2022-03-07 09:51:09,168 [cd9cff4b-1bd9-497e-976c-8eec10b9db64@group-35BB7CC600D3-SegmentedRaftLogWorker] INFO  segmented.SegmentedRaftLogWorker (SegmentedRaftLogWorker.java:run(327)) - cd9cff4b-1bd9-497e-976c-8eec10b9db64@group-35BB7CC600D3-SegmentedRaftLogWorker was interrupted, exiting. There are 0 tasks remaining in the queue.
2022-03-07 09:51:09,168 [ForkJoinPool.commonPool-worker-1] INFO  segmented.SegmentedRaftLogWorker (SegmentedRaftLogWorker.java:close(237)) - cd9cff4b-1bd9-497e-976c-8eec10b9db64@group-35BB7CC600D3-SegmentedRaftLogWorker close()
2022-03-07 09:51:09,174 [Listener at 127.0.0.1/40579] INFO  impl.StateMachineUpdater (StateMachineUpdater.java:stopAndJoin(149)) - cd9cff4b-1bd9-497e-976c-8eec10b9db64@group-3BD9FDEEF2E9-StateMachineUpdater: set stopIndex = 11
2022-03-07 09:51:09,175 [cd9cff4b-1bd9-497e-976c-8eec10b9db64@group-3BD9FDEEF2E9-StateMachineUpdater] INFO  ratis.ContainerStateMachine (ContainerStateMachine.java:takeSnapshot(304)) - group-3BD9FDEEF2E9: Taking a snapshot at:(t:1, i:11) file /home/runner/work/ozone/ozone/hadoop-ozone/integration-test/target/test-dir/MiniOzoneClusterImpl-4c099742-f0a8-499d-a606-d482764d36d7/datanode-2/data/ratis/bc84c436-b201-4c59-8f97-3bd9fdeef2e9/sm/snapshot.1_11
2022-03-07 09:51:09,177 [cd9cff4b-1bd9-497e-976c-8eec10b9db64@group-3BD9FDEEF2E9-StateMachineUpdater] INFO  ratis.ContainerStateMachine (ContainerStateMachine.java:takeSnapshot(315)) - group-3BD9FDEEF2E9: Finished taking a snapshot at:(t:1, i:11) file:/home/runner/work/ozone/ozone/hadoop-ozone/integration-test/target/test-dir/MiniOzoneClusterImpl-4c099742-f0a8-499d-a606-d482764d36d7/datanode-2/data/ratis/bc84c436-b201-4c59-8f97-3bd9fdeef2e9/sm/snapshot.1_11 took: 2 ms
2022-03-07 09:51:09,177 [cd9cff4b-1bd9-497e-976c-8eec10b9db64@group-3BD9FDEEF2E9-StateMachineUpdater] INFO  impl.StateMachineUpdater (StateMachineUpdater.java:takeSnapshot(281)) - cd9cff4b-1bd9-497e-976c-8eec10b9db64@group-3BD9FDEEF2E9-StateMachineUpdater: Took a snapshot at index 11
2022-03-07 09:51:09,177 [cd9cff4b-1bd9-497e-976c-8eec10b9db64@group-3BD9FDEEF2E9-StateMachineUpdater] INFO  impl.StateMachineUpdater (StateMachineUpdater.java:lambda$new$0(89)) - cd9cff4b-1bd9-497e-976c-8eec10b9db64@group-3BD9FDEEF2E9-StateMachineUpdater: snapshotIndex: updateIncreasingly -1 -> 11
2022-03-07 09:51:09,178 [Listener at 127.0.0.1/40579] INFO  server.RaftServer$Division (ServerState.java:close(419)) - cd9cff4b-1bd9-497e-976c-8eec10b9db64@group-3BD9FDEEF2E9: closes. applyIndex: 11
2022-03-07 09:51:09,178 [cd9cff4b-1bd9-497e-976c-8eec10b9db64@group-3BD9FDEEF2E9-SegmentedRaftLogWorker] INFO  segmented.SegmentedRaftLogWorker (SegmentedRaftLogWorker.java:run(327)) - cd9cff4b-1bd9-497e-976c-8eec10b9db64@group-3BD9FDEEF2E9-SegmentedRaftLogWorker was interrupted, exiting. There are 0 tasks remaining in the queue.
2022-03-07 09:51:09,185 [Listener at 127.0.0.1/40579] INFO  segmented.SegmentedRaftLogWorker (SegmentedRaftLogWorker.java:close(237)) - cd9cff4b-1bd9-497e-976c-8eec10b9db64@group-3BD9FDEEF2E9-SegmentedRaftLogWorker close()
2022-03-07 09:51:09,189 [Listener at 127.0.0.1/40579] INFO  server.GrpcService (GrpcService.java:closeImpl(262)) - cd9cff4b-1bd9-497e-976c-8eec10b9db64: shutdown server with port 42923 now
2022-03-07 09:51:09,190 [grpc-default-executor-0] WARN  server.GrpcLogAppender (LogUtils.java:warn(122)) - 728f99e8-418e-4b00-b2e8-36f688b477dd@group-A583654C641D->cd9cff4b-1bd9-497e-976c-8eec10b9db64-AppendLogResponseHandler: Failed appendEntries: org.apache.ratis.thirdparty.io.grpc.StatusRuntimeException: CANCELLED: HTTP/2 error code: CANCEL
Received Rst Stream
2022-03-07 09:51:09,190 [grpc-default-executor-0] WARN  server.GrpcLogAppender (GrpcLogAppender.java:resetClient(110)) - 728f99e8-418e-4b00-b2e8-36f688b477dd@group-A583654C641D->cd9cff4b-1bd9-497e-976c-8eec10b9db64-GrpcLogAppender: Leader has not got in touch with Follower 728f99e8-418e-4b00-b2e8-36f688b477dd@group-A583654C641D->cd9cff4b-1bd9-497e-976c-8eec10b9db64(c0,m0,n1, attendVote=true, lastRpcSendTime=1883, lastRpcResponseTime=1848) yet, just keep nextIndex unchanged and retry.
2022-03-07 09:51:09,190 [grpc-default-executor-2] WARN  server.GrpcServerProtocolService (LogUtils.java:warn(122)) - cd9cff4b-1bd9-497e-976c-8eec10b9db64: installSnapshot onError, lastRequest: 728f99e8-418e-4b00-b2e8-36f688b477dd->cd9cff4b-1bd9-497e-976c-8eec10b9db64#1-t2,previous=(t:0, i:0),leaderCommit=-1,initializing? true,entries: size=1, first=(t:2, i:0), CONFIGURATIONENTRY: org.apache.ratis.thirdparty.io.grpc.StatusRuntimeException: CANCELLED: client cancelled
2022-03-07 09:51:09,190 [Listener at 127.0.0.1/40579] INFO  server.GrpcService (GrpcService.java:closeImpl(271)) - cd9cff4b-1bd9-497e-976c-8eec10b9db64: shutdown server with port 42923 successfully
2022-03-07 09:51:09,191 [grpc-default-executor-2] WARN  server.GrpcLogAppender (LogUtils.java:warn(122)) - 616d314c-ba0d-49c9-8f1d-797448dad8fd@group-8E452AA84769->cd9cff4b-1bd9-497e-976c-8eec10b9db64-AppendLogResponseHandler: Failed appendEntries: org.apache.ratis.thirdparty.io.grpc.StatusRuntimeException: CANCELLED: HTTP/2 error code: CANCEL
Received Rst Stream
2022-03-07 09:51:09,191 [grpc-default-executor-2] WARN  server.GrpcLogAppender (GrpcLogAppender.java:resetClient(110)) - 616d314c-ba0d-49c9-8f1d-797448dad8fd@group-8E452AA84769->cd9cff4b-1bd9-497e-976c-8eec10b9db64-GrpcLogAppender: Leader has not got in touch with Follower 616d314c-ba0d-49c9-8f1d-797448dad8fd@group-8E452AA84769->cd9cff4b-1bd9-497e-976c-8eec10b9db64(c0,m0,n1, attendVote=true, lastRpcSendTime=2114, lastRpcResponseTime=2027) yet, just keep nextIndex unchanged and retry.
2022-03-07 09:51:09,196 [grpc-default-executor-4] WARN  server.GrpcServerProtocolService (LogUtils.java:warn(122)) - cd9cff4b-1bd9-497e-976c-8eec10b9db64: installSnapshot onError, lastRequest: 616d314c-ba0d-49c9-8f1d-797448dad8fd->cd9cff4b-1bd9-497e-976c-8eec10b9db64#1-t2,previous=(t:0, i:0),leaderCommit=-1,initializing? true,entries: size=1, first=(t:2, i:0), CONFIGURATIONENTRY: org.apache.ratis.thirdparty.io.grpc.StatusRuntimeException: CANCELLED: client cancelled
2022-03-07 09:51:09,196 [org.apache.ratis.util.JvmPauseMonitor$$Lambda$431/73409498@38f90987] INFO  util.JvmPauseMonitor (JvmPauseMonitor.java:run(109)) - JvmPauseMonitor-cd9cff4b-1bd9-497e-976c-8eec10b9db64: Stopped
2022-03-07 09:51:09,673 [grpc-default-executor-0] WARN  server.GrpcLogAppender (LogUtils.java:warn(122)) - 616d314c-ba0d-49c9-8f1d-797448dad8fd@group-8E452AA84769->cd9cff4b-1bd9-497e-976c-8eec10b9db64-AppendLogResponseHandler: Failed appendEntries: org.apache.ratis.thirdparty.io.grpc.StatusRuntimeException: UNAVAILABLE: io exception
2022-03-07 09:51:09,674 [grpc-default-executor-0] WARN  server.GrpcLogAppender (GrpcLogAppender.java:resetClient(110)) - 616d314c-ba0d-49c9-8f1d-797448dad8fd@group-8E452AA84769->cd9cff4b-1bd9-497e-976c-8eec10b9db64-GrpcLogAppender: Leader has not got in touch with Follower 616d314c-ba0d-49c9-8f1d-797448dad8fd@group-8E452AA84769->cd9cff4b-1bd9-497e-976c-8eec10b9db64(c0,m0,n1, attendVote=true, lastRpcSendTime=2597, lastRpcResponseTime=2510) yet, just keep nextIndex unchanged and retry.
2022-03-07 09:51:09,843 [grpc-default-executor-4] WARN  server.GrpcLogAppender (LogUtils.java:warn(122)) - 728f99e8-418e-4b00-b2e8-36f688b477dd@group-A583654C641D->cd9cff4b-1bd9-497e-976c-8eec10b9db64-AppendLogResponseHandler: Failed appendEntries: org.apache.ratis.thirdparty.io.grpc.StatusRuntimeException: UNAVAILABLE: io exception
2022-03-07 09:51:09,844 [grpc-default-executor-4] WARN  server.GrpcLogAppender (GrpcLogAppender.java:resetClient(110)) - 728f99e8-418e-4b00-b2e8-36f688b477dd@group-A583654C641D->cd9cff4b-1bd9-497e-976c-8eec10b9db64-GrpcLogAppender: Leader has not got in touch with Follower 728f99e8-418e-4b00-b2e8-36f688b477dd@group-A583654C641D->cd9cff4b-1bd9-497e-976c-8eec10b9db64(c0,m0,n1, attendVote=true, lastRpcSendTime=1, lastRpcResponseTime=2503) yet, just keep nextIndex unchanged and retry.
2022-03-07 09:51:11,223 [Listener at 127.0.0.1/40579] INFO  utils.BackgroundService (BackgroundService.java:shutdown(132)) - Shutting down service BlockDeletingService
2022-03-07 09:51:12,191 [grpc-default-executor-0] WARN  server.GrpcLogAppender (LogUtils.java:warn(122)) - 616d314c-ba0d-49c9-8f1d-797448dad8fd@group-8E452AA84769->cd9cff4b-1bd9-497e-976c-8eec10b9db64-AppendLogResponseHandler: Failed appendEntries: org.apache.ratis.thirdparty.io.grpc.StatusRuntimeException: UNAVAILABLE: io exception
2022-03-07 09:51:12,192 [grpc-default-executor-0] WARN  server.GrpcLogAppender (GrpcLogAppender.java:resetClient(110)) - 616d314c-ba0d-49c9-8f1d-797448dad8fd@group-8E452AA84769->cd9cff4b-1bd9-497e-976c-8eec10b9db64-GrpcLogAppender: Leader has not got in touch with Follower 616d314c-ba0d-49c9-8f1d-797448dad8fd@group-8E452AA84769->cd9cff4b-1bd9-497e-976c-8eec10b9db64(c0,m0,n1, attendVote=true, lastRpcSendTime=0, lastRpcResponseTime=5028) yet, just keep nextIndex unchanged and retry.
2022-03-07 09:51:12,273 [728f99e8-418e-4b00-b2e8-36f688b477dd@group-35BB7CC600D3-FollowerState] INFO  impl.FollowerState (FollowerState.java:run(134)) - 728f99e8-418e-4b00-b2e8-36f688b477dd@group-35BB7CC600D3-FollowerState: change to CANDIDATE, lastRpcElapsedTime:5121528635ns, electionTimeout:5107ms
2022-03-07 09:51:12,273 [728f99e8-418e-4b00-b2e8-36f688b477dd@group-35BB7CC600D3-FollowerState] INFO  impl.RoleInfo (RoleInfo.java:shutdownFollowerState(108)) - 728f99e8-418e-4b00-b2e8-36f688b477dd: shutdown 728f99e8-418e-4b00-b2e8-36f688b477dd@group-35BB7CC600D3-FollowerState
2022-03-07 09:51:12,273 [728f99e8-418e-4b00-b2e8-36f688b477dd@group-35BB7CC600D3-FollowerState] INFO  server.RaftServer$Division (RaftServerImpl.java:setRole(290)) - 728f99e8-418e-4b00-b2e8-36f688b477dd@group-35BB7CC600D3: changes role from  FOLLOWER to CANDIDATE at term 2 for changeToCandidate
2022-03-07 09:51:12,273 [728f99e8-418e-4b00-b2e8-36f688b477dd@group-35BB7CC600D3-FollowerState] INFO  server.RaftServerConfigKeys (ConfUtils.java:logGet(44)) - raft.server.leaderelection.pre-vote = false (custom)
2022-03-07 09:51:12,273 [728f99e8-418e-4b00-b2e8-36f688b477dd@group-35BB7CC600D3-FollowerState] INFO  impl.RoleInfo (RoleInfo.java:updateAndGet(130)) - 728f99e8-418e-4b00-b2e8-36f688b477dd: start 728f99e8-418e-4b00-b2e8-36f688b477dd@group-35BB7CC600D3-LeaderElection101
2022-03-07 09:51:12,331 [728f99e8-418e-4b00-b2e8-36f688b477dd@group-35BB7CC600D3-LeaderElection101] INFO  impl.LeaderElection (LeaderElection.java:askForVotes(306)) - 728f99e8-418e-4b00-b2e8-36f688b477dd@group-35BB7CC600D3-LeaderElection101 ELECTION round 0: submit vote requests at term 3 for -1: [728f99e8-418e-4b00-b2e8-36f688b477dd|rpc:10.1.0.49:44013|priority:0, 616d314c-ba0d-49c9-8f1d-797448dad8fd|rpc:10.1.0.49:39129|priority:0, cd9cff4b-1bd9-497e-976c-8eec10b9db64|rpc:10.1.0.49:42923|priority:1], old=null
2022-03-07 09:51:12,347 [grpc-default-executor-0] WARN  server.GrpcLogAppender (LogUtils.java:warn(122)) - 728f99e8-418e-4b00-b2e8-36f688b477dd@group-A583654C641D->cd9cff4b-1bd9-497e-976c-8eec10b9db64-AppendLogResponseHandler: Failed appendEntries: org.apache.ratis.thirdparty.io.grpc.StatusRuntimeException: UNAVAILABLE: io exception
2022-03-07 09:51:12,347 [grpc-default-executor-0] WARN  server.GrpcLogAppender (GrpcLogAppender.java:resetClient(110)) - 728f99e8-418e-4b00-b2e8-36f688b477dd@group-A583654C641D->cd9cff4b-1bd9-497e-976c-8eec10b9db64-GrpcLogAppender: Leader has not got in touch with Follower 728f99e8-418e-4b00-b2e8-36f688b477dd@group-A583654C641D->cd9cff4b-1bd9-497e-976c-8eec10b9db64(c0,m0,n1, attendVote=true, lastRpcSendTime=0, lastRpcResponseTime=5006) yet, just keep nextIndex unchanged and retry.
2022-03-07 09:51:12,348 [grpc-default-executor-4] INFO  server.RaftServer$Division (RaftServerImpl.java:requestVote(1046)) - 616d314c-ba0d-49c9-8f1d-797448dad8fd@group-35BB7CC600D3: receive requestVote(ELECTION, 728f99e8-418e-4b00-b2e8-36f688b477dd, group-35BB7CC600D3, 3, (t:0, i:0))
2022-03-07 09:51:12,348 [grpc-default-executor-4] INFO  impl.VoteContext (VoteContext.java:log(48)) - 616d314c-ba0d-49c9-8f1d-797448dad8fd@group-35BB7CC600D3-FOLLOWER: accept ELECTION from 728f99e8-418e-4b00-b2e8-36f688b477dd: our priority 0 <= candidate's priority 0
2022-03-07 09:51:12,348 [grpc-default-executor-4] INFO  server.RaftServer$Division (RaftServerImpl.java:setRole(290)) - 616d314c-ba0d-49c9-8f1d-797448dad8fd@group-35BB7CC600D3: changes role from  FOLLOWER to FOLLOWER at term 3 for candidate:728f99e8-418e-4b00-b2e8-36f688b477dd
2022-03-07 09:51:12,349 [grpc-default-executor-4] INFO  impl.RoleInfo (RoleInfo.java:shutdownFollowerState(108)) - 616d314c-ba0d-49c9-8f1d-797448dad8fd: shutdown 616d314c-ba0d-49c9-8f1d-797448dad8fd@group-35BB7CC600D3-FollowerState
2022-03-07 09:51:12,353 [616d314c-ba0d-49c9-8f1d-797448dad8fd@group-35BB7CC600D3-FollowerState] INFO  impl.FollowerState (FollowerState.java:run(143)) - 616d314c-ba0d-49c9-8f1d-797448dad8fd@group-35BB7CC600D3-FollowerState was interrupted: {}
java.lang.InterruptedException: sleep interrupted
	at java.lang.Thread.sleep(Native Method)
	at java.lang.Thread.sleep(Thread.java:342)
	at java.util.concurrent.TimeUnit.sleep(TimeUnit.java:386)
	at org.apache.ratis.util.TimeDuration.sleep(TimeDuration.java:324)
	at org.apache.ratis.util.TimeDuration.sleep(TimeDuration.java:309)
	at org.apache.ratis.server.impl.FollowerState.run(FollowerState.java:118)
2022-03-07 09:51:12,353 [grpc-default-executor-4] INFO  impl.RoleInfo (RoleInfo.java:updateAndGet(130)) - 616d314c-ba0d-49c9-8f1d-797448dad8fd: start 616d314c-ba0d-49c9-8f1d-797448dad8fd@group-35BB7CC600D3-FollowerState
2022-03-07 09:51:12,385 [grpc-default-executor-4] INFO  server.RaftServer$Division (RaftServerImpl.java:requestVote(1078)) - 616d314c-ba0d-49c9-8f1d-797448dad8fd@group-35BB7CC600D3 replies to ELECTION vote request: 728f99e8-418e-4b00-b2e8-36f688b477dd<-616d314c-ba0d-49c9-8f1d-797448dad8fd#0:OK-t3. Peer's state: 616d314c-ba0d-49c9-8f1d-797448dad8fd@group-35BB7CC600D3:t3, leader=null, voted=728f99e8-418e-4b00-b2e8-36f688b477dd, raftlog=616d314c-ba0d-49c9-8f1d-797448dad8fd@group-35BB7CC600D3-SegmentedRaftLog:OPENED:c-1, conf=-1: [728f99e8-418e-4b00-b2e8-36f688b477dd|rpc:10.1.0.49:44013|dataStream:|priority:0, 616d314c-ba0d-49c9-8f1d-797448dad8fd|rpc:10.1.0.49:39129|dataStream:|priority:0, cd9cff4b-1bd9-497e-976c-8eec10b9db64|rpc:10.1.0.49:42923|dataStream:|priority:1], old=null
2022-03-07 09:51:12,404 [728f99e8-418e-4b00-b2e8-36f688b477dd@group-35BB7CC600D3-LeaderElection101] INFO  impl.LeaderElection (LogUtils.java:infoOrTrace(137)) - 728f99e8-418e-4b00-b2e8-36f688b477dd@group-35BB7CC600D3-LeaderElection101 got exception when requesting votes: java.util.concurrent.ExecutionException: org.apache.ratis.thirdparty.io.grpc.StatusRuntimeException: UNAVAILABLE: io exception
2022-03-07 09:51:12,404 [728f99e8-418e-4b00-b2e8-36f688b477dd@group-35BB7CC600D3-LeaderElection101] INFO  impl.LeaderElection (LeaderElection.java:logAndReturn(89)) - 728f99e8-418e-4b00-b2e8-36f688b477dd@group-35BB7CC600D3-LeaderElection101: ELECTION PASSED received 1 response(s) and 1 exception(s):
2022-03-07 09:51:12,404 [728f99e8-418e-4b00-b2e8-36f688b477dd@group-35BB7CC600D3-LeaderElection101] INFO  impl.LeaderElection (LeaderElection.java:logAndReturn(93)) -   Response 0: 728f99e8-418e-4b00-b2e8-36f688b477dd<-616d314c-ba0d-49c9-8f1d-797448dad8fd#0:OK-t3
2022-03-07 09:51:12,404 [728f99e8-418e-4b00-b2e8-36f688b477dd@group-35BB7CC600D3-LeaderElection101] INFO  impl.LeaderElection (LogUtils.java:infoOrTrace(137)) -   Exception 1: java.util.concurrent.ExecutionException: org.apache.ratis.thirdparty.io.grpc.StatusRuntimeException: UNAVAILABLE: io exception
2022-03-07 09:51:12,404 [728f99e8-418e-4b00-b2e8-36f688b477dd@group-35BB7CC600D3-LeaderElection101] INFO  impl.LeaderElection (LeaderElection.java:askForVotes(308)) - 728f99e8-418e-4b00-b2e8-36f688b477dd@group-35BB7CC600D3-LeaderElection101 ELECTION round 0: result PASSED
2022-03-07 09:51:12,404 [728f99e8-418e-4b00-b2e8-36f688b477dd@group-35BB7CC600D3-LeaderElection101] INFO  impl.RoleInfo (RoleInfo.java:shutdownLeaderElection(121)) - 728f99e8-418e-4b00-b2e8-36f688b477dd: shutdown 728f99e8-418e-4b00-b2e8-36f688b477dd@group-35BB7CC600D3-LeaderElection101
2022-03-07 09:51:12,404 [728f99e8-418e-4b00-b2e8-36f688b477dd@group-35BB7CC600D3-LeaderElection101] INFO  server.RaftServer$Division (RaftServerImpl.java:setRole(290)) - 728f99e8-418e-4b00-b2e8-36f688b477dd@group-35BB7CC600D3: changes role from CANDIDATE to LEADER at term 3 for changeToLeader
2022-03-07 09:51:12,404 [728f99e8-418e-4b00-b2e8-36f688b477dd@group-35BB7CC600D3-LeaderElection101] INFO  ratis.XceiverServerRatis (XceiverServerRatis.java:handleLeaderChangedNotification(867)) - Leader change notification received for group: group-35BB7CC600D3 with new leaderId: 728f99e8-418e-4b00-b2e8-36f688b477dd
2022-03-07 09:51:12,404 [728f99e8-418e-4b00-b2e8-36f688b477dd@group-35BB7CC600D3-LeaderElection101] INFO  server.RaftServer$Division (ServerState.java:setLeader(285)) - 728f99e8-418e-4b00-b2e8-36f688b477dd@group-35BB7CC600D3: change Leader from null to 728f99e8-418e-4b00-b2e8-36f688b477dd at term 3 for becomeLeader, leader elected after 15606ms
2022-03-07 09:51:12,404 [728f99e8-418e-4b00-b2e8-36f688b477dd@group-35BB7CC600D3-LeaderElection101] INFO  server.RaftServerConfigKeys (ConfUtils.java:logGet(44)) - raft.server.staging.catchup.gap = 1000 (default)
2022-03-07 09:51:12,405 [728f99e8-418e-4b00-b2e8-36f688b477dd@group-35BB7CC600D3-LeaderElection101] INFO  server.RaftServerConfigKeys (ConfUtils.java:logGet(44)) - raft.server.write.element-limit = 1024 (custom)
2022-03-07 09:51:12,405 [728f99e8-418e-4b00-b2e8-36f688b477dd@group-35BB7CC600D3-LeaderElection101] INFO  server.RaftServerConfigKeys (ConfUtils.java:logGet(44)) - raft.server.write.byte-limit = 1024 M (=1073741824) (custom)
2022-03-07 09:51:12,405 [728f99e8-418e-4b00-b2e8-36f688b477dd@group-35BB7CC600D3-LeaderElection101] INFO  server.RaftServerConfigKeys (ConfUtils.java:logGet(44)) - raft.server.watch.timeout = 3000ms (custom)
2022-03-07 09:51:12,405 [728f99e8-418e-4b00-b2e8-36f688b477dd@group-35BB7CC600D3-LeaderElection101] INFO  server.RaftServerConfigKeys (ConfUtils.java:logGet(44)) - raft.server.watch.timeout.denomination = 1s (default)
2022-03-07 09:51:12,405 [728f99e8-418e-4b00-b2e8-36f688b477dd@group-35BB7CC600D3-LeaderElection101] INFO  server.RaftServerConfigKeys (ConfUtils.java:logGet(44)) - raft.server.watch.element-limit = 65536 (default)
2022-03-07 09:51:12,405 [728f99e8-418e-4b00-b2e8-36f688b477dd@group-35BB7CC600D3-LeaderElection101] INFO  server.RaftServerConfigKeys (ConfUtils.java:logGet(44)) - raft.server.write.element-limit = 1024 (custom)
2022-03-07 09:51:12,405 [728f99e8-418e-4b00-b2e8-36f688b477dd@group-35BB7CC600D3-LeaderElection101] INFO  server.RaftServerConfigKeys (ConfUtils.java:logGet(44)) - raft.server.write.follower.gap.ratio.max = -1.0 (default)
2022-03-07 09:51:12,405 [728f99e8-418e-4b00-b2e8-36f688b477dd@group-35BB7CC600D3-LeaderElection101] INFO  server.RaftServerConfigKeys (ConfUtils.java:logGet(44)) - raft.server.log.appender.snapshot.chunk.size.max = 16MB (=16777216) (default)
2022-03-07 09:51:12,405 [728f99e8-418e-4b00-b2e8-36f688b477dd@group-35BB7CC600D3-LeaderElection101] INFO  server.RaftServerConfigKeys (ConfUtils.java:logGet(44)) - raft.server.log.appender.buffer.byte-limit = 33554432 (custom)
2022-03-07 09:51:12,405 [728f99e8-418e-4b00-b2e8-36f688b477dd@group-35BB7CC600D3-LeaderElection101] INFO  server.RaftServerConfigKeys (ConfUtils.java:logGet(44)) - raft.server.log.appender.buffer.element-limit = 1 (custom)
2022-03-07 09:51:12,405 [728f99e8-418e-4b00-b2e8-36f688b477dd@group-35BB7CC600D3-LeaderElection101] INFO  grpc.GrpcConfigKeys (ConfUtils.java:logGet(44)) - raft.grpc.server.leader.outstanding.appends.max = 128 (default)
2022-03-07 09:51:12,406 [728f99e8-418e-4b00-b2e8-36f688b477dd@group-35BB7CC600D3-LeaderElection101] INFO  server.RaftServerConfigKeys (ConfUtils.java:logGet(44)) - raft.server.rpc.request.timeout = 3000ms (default)
2022-03-07 09:51:12,406 [728f99e8-418e-4b00-b2e8-36f688b477dd@group-35BB7CC600D3-LeaderElection101] INFO  server.RaftServerConfigKeys (ConfUtils.java:logGet(44)) - raft.server.log.appender.install.snapshot.enabled = false (custom)
2022-03-07 09:51:12,407 [728f99e8-418e-4b00-b2e8-36f688b477dd@group-35BB7CC600D3-LeaderElection101] INFO  server.RaftServerConfigKeys (ConfUtils.java:logGet(44)) - raft.server.log.appender.snapshot.chunk.size.max = 16MB (=16777216) (default)
2022-03-07 09:51:12,407 [728f99e8-418e-4b00-b2e8-36f688b477dd@group-35BB7CC600D3-LeaderElection101] INFO  server.RaftServerConfigKeys (ConfUtils.java:logGet(44)) - raft.server.log.appender.buffer.byte-limit = 33554432 (custom)
2022-03-07 09:51:12,407 [728f99e8-418e-4b00-b2e8-36f688b477dd@group-35BB7CC600D3-LeaderElection101] INFO  server.RaftServerConfigKeys (ConfUtils.java:logGet(44)) - raft.server.log.appender.buffer.element-limit = 1 (custom)
2022-03-07 09:51:12,407 [728f99e8-418e-4b00-b2e8-36f688b477dd@group-35BB7CC600D3-LeaderElection101] INFO  grpc.GrpcConfigKeys (ConfUtils.java:logGet(44)) - raft.grpc.server.leader.outstanding.appends.max = 128 (default)
2022-03-07 09:51:12,407 [728f99e8-418e-4b00-b2e8-36f688b477dd@group-35BB7CC600D3-LeaderElection101] INFO  server.RaftServerConfigKeys (ConfUtils.java:logGet(44)) - raft.server.rpc.request.timeout = 3000ms (default)
2022-03-07 09:51:12,407 [728f99e8-418e-4b00-b2e8-36f688b477dd@group-35BB7CC600D3-LeaderElection101] INFO  server.RaftServerConfigKeys (ConfUtils.java:logGet(44)) - raft.server.log.appender.install.snapshot.enabled = false (custom)
2022-03-07 09:51:12,408 [728f99e8-418e-4b00-b2e8-36f688b477dd@group-35BB7CC600D3-LeaderElection101] INFO  impl.RoleInfo (RoleInfo.java:updateAndGet(130)) - 728f99e8-418e-4b00-b2e8-36f688b477dd: start 728f99e8-418e-4b00-b2e8-36f688b477dd@group-35BB7CC600D3-LeaderStateImpl
2022-03-07 09:51:12,408 [728f99e8-418e-4b00-b2e8-36f688b477dd@group-35BB7CC600D3-LeaderElection101] INFO  segmented.SegmentedRaftLogWorker (SegmentedRaftLogWorker.java:startLogSegment(394)) - 728f99e8-418e-4b00-b2e8-36f688b477dd@group-35BB7CC600D3-SegmentedRaftLogWorker: Starting segment from index:0
2022-03-07 09:51:12,412 [EventQueue-PipelineReportForPipelineReportHandler] INFO  pipeline.PipelineManagerImpl (PipelineManagerImpl.java:openPipeline(291)) - Pipeline Pipeline[ Id: d8740330-0b47-446a-878d-35bb7cc600d3, Nodes: 728f99e8-418e-4b00-b2e8-36f688b477dd{ip: 10.1.0.49, host: fv-az291-317.wgnan5asplgejimfprtllbpdch.jx.internal.cloudapp.net, ports: [REPLICATION=38547, RATIS=44013, RATIS_ADMIN=44013, RATIS_SERVER=44013, STANDALONE=41573], networkLocation: /default-rack, certSerialId: null, persistedOpState: IN_SERVICE, persistedOpStateExpiryEpochSec: 0}616d314c-ba0d-49c9-8f1d-797448dad8fd{ip: 10.1.0.49, host: fv-az291-317.wgnan5asplgejimfprtllbpdch.jx.internal.cloudapp.net, ports: [REPLICATION=32797, RATIS=39129, RATIS_ADMIN=39129, RATIS_SERVER=39129, STANDALONE=37787], networkLocation: /default-rack, certSerialId: null, persistedOpState: IN_SERVICE, persistedOpStateExpiryEpochSec: 0}cd9cff4b-1bd9-497e-976c-8eec10b9db64{ip: 10.1.0.49, host: fv-az291-317.wgnan5asplgejimfprtllbpdch.jx.internal.cloudapp.net, ports: [REPLICATION=46825, RATIS=42923, RATIS_ADMIN=42923, RATIS_SERVER=42923, STANDALONE=43941], networkLocation: /default-rack, certSerialId: null, persistedOpState: IN_SERVICE, persistedOpStateExpiryEpochSec: 0}, ReplicationConfig: RATIS/THREE, State:ALLOCATED, leaderId:728f99e8-418e-4b00-b2e8-36f688b477dd, CreationTimestamp2022-03-07T09:50:54.311Z[Etc/UTC]] moved to OPEN state
2022-03-07 09:51:12,413 [728f99e8-418e-4b00-b2e8-36f688b477dd@group-35BB7CC600D3-SegmentedRaftLogWorker] INFO  segmented.SegmentedRaftLogWorker (SegmentedRaftLogWorker.java:execute(601)) - 728f99e8-418e-4b00-b2e8-36f688b477dd@group-35BB7CC600D3-SegmentedRaftLogWorker: created new log segment /home/runner/work/ozone/ozone/hadoop-ozone/integration-test/target/test-dir/MiniOzoneClusterImpl-4c099742-f0a8-499d-a606-d482764d36d7/datanode-0/data/ratis/d8740330-0b47-446a-878d-35bb7cc600d3/current/log_inprogress_0
2022-03-07 09:51:12,430 [grpc-default-executor-0] INFO  ratis.XceiverServerRatis (XceiverServerRatis.java:handleLeaderChangedNotification(867)) - Leader change notification received for group: group-35BB7CC600D3 with new leaderId: 728f99e8-418e-4b00-b2e8-36f688b477dd
2022-03-07 09:51:12,430 [grpc-default-executor-0] INFO  server.RaftServer$Division (ServerState.java:setLeader(285)) - 616d314c-ba0d-49c9-8f1d-797448dad8fd@group-35BB7CC600D3: change Leader from null to 728f99e8-418e-4b00-b2e8-36f688b477dd at term 3 for appendEntries, leader elected after 15567ms
2022-03-07 09:51:12,431 [728f99e8-418e-4b00-b2e8-36f688b477dd@group-35BB7CC600D3-LeaderElection101] INFO  server.RaftServer$Division (ServerState.java:setRaftConf(387)) - 728f99e8-418e-4b00-b2e8-36f688b477dd@group-35BB7CC600D3: set configuration 0: [728f99e8-418e-4b00-b2e8-36f688b477dd|rpc:10.1.0.49:44013|dataStream:|priority:0, 616d314c-ba0d-49c9-8f1d-797448dad8fd|rpc:10.1.0.49:39129|dataStream:|priority:0, cd9cff4b-1bd9-497e-976c-8eec10b9db64|rpc:10.1.0.49:42923|dataStream:|priority:1], old=null
2022-03-07 09:51:12,432 [grpc-default-executor-4] WARN  server.GrpcLogAppender (LogUtils.java:warn(122)) - 728f99e8-418e-4b00-b2e8-36f688b477dd@group-35BB7CC600D3->cd9cff4b-1bd9-497e-976c-8eec10b9db64-AppendLogResponseHandler: Failed appendEntries: org.apache.ratis.thirdparty.io.grpc.StatusRuntimeException: UNAVAILABLE: io exception
2022-03-07 09:51:12,433 [grpc-default-executor-4] WARN  server.GrpcLogAppender (GrpcLogAppender.java:resetClient(110)) - 728f99e8-418e-4b00-b2e8-36f688b477dd@group-35BB7CC600D3->cd9cff4b-1bd9-497e-976c-8eec10b9db64-GrpcLogAppender: Leader has not got in touch with Follower 728f99e8-418e-4b00-b2e8-36f688b477dd@group-35BB7CC600D3->cd9cff4b-1bd9-497e-976c-8eec10b9db64(c-1,m0,n0, attendVote=true, lastRpcSendTime=5227, lastRpcResponseTime=5227) yet, just keep nextIndex unchanged and retry.
2022-03-07 09:51:12,434 [grpc-default-executor-4] WARN  server.GrpcLogAppender (LogUtils.java:warn(122)) - 728f99e8-418e-4b00-b2e8-36f688b477dd@group-35BB7CC600D3->cd9cff4b-1bd9-497e-976c-8eec10b9db64-AppendLogResponseHandler: Failed appendEntries: org.apache.ratis.thirdparty.io.grpc.StatusRuntimeException: UNAVAILABLE: io exception
2022-03-07 09:51:12,434 [grpc-default-executor-4] WARN  server.GrpcLogAppender (GrpcLogAppender.java:resetClient(110)) - 728f99e8-418e-4b00-b2e8-36f688b477dd@group-35BB7CC600D3->cd9cff4b-1bd9-497e-976c-8eec10b9db64-GrpcLogAppender: Leader has not got in touch with Follower 728f99e8-418e-4b00-b2e8-36f688b477dd@group-35BB7CC600D3->cd9cff4b-1bd9-497e-976c-8eec10b9db64(c-1,m0,n1, attendVote=true, lastRpcSendTime=0, lastRpcResponseTime=5229) yet, just keep nextIndex unchanged and retry.
2022-03-07 09:51:12,455 [grpc-default-executor-0] INFO  server.RaftServer$Division (ServerState.java:setRaftConf(387)) - 616d314c-ba0d-49c9-8f1d-797448dad8fd@group-35BB7CC600D3: set configuration 0: [728f99e8-418e-4b00-b2e8-36f688b477dd|rpc:10.1.0.49:44013|dataStream:|priority:0, 616d314c-ba0d-49c9-8f1d-797448dad8fd|rpc:10.1.0.49:39129|dataStream:|priority:0, cd9cff4b-1bd9-497e-976c-8eec10b9db64|rpc:10.1.0.49:42923|dataStream:|priority:1], old=null
2022-03-07 09:51:12,455 [grpc-default-executor-0] INFO  segmented.SegmentedRaftLogWorker (SegmentedRaftLogWorker.java:startLogSegment(394)) - 616d314c-ba0d-49c9-8f1d-797448dad8fd@group-35BB7CC600D3-SegmentedRaftLogWorker: Starting segment from index:0
2022-03-07 09:51:12,460 [616d314c-ba0d-49c9-8f1d-797448dad8fd@group-35BB7CC600D3-SegmentedRaftLogWorker] INFO  segmented.SegmentedRaftLogWorker (SegmentedRaftLogWorker.java:execute(601)) - 616d314c-ba0d-49c9-8f1d-797448dad8fd@group-35BB7CC600D3-SegmentedRaftLogWorker: created new log segment /home/runner/work/ozone/ozone/hadoop-ozone/integration-test/target/test-dir/MiniOzoneClusterImpl-4c099742-f0a8-499d-a606-d482764d36d7/datanode-1/data/ratis/d8740330-0b47-446a-878d-35bb7cc600d3/current/log_inprogress_0
2022-03-07 09:51:13,692 [edf60a86-ae5b-4f71-bc37-25062be06587@group-5B77DECE4517-FollowerState] INFO  impl.FollowerState (FollowerState.java:run(134)) - edf60a86-ae5b-4f71-bc37-25062be06587@group-5B77DECE4517-FollowerState: change to CANDIDATE, lastRpcElapsedTime:5070725986ns, electionTimeout:5069ms
2022-03-07 09:51:13,692 [edf60a86-ae5b-4f71-bc37-25062be06587@group-5B77DECE4517-FollowerState] INFO  impl.RoleInfo (RoleInfo.java:shutdownFollowerState(108)) - edf60a86-ae5b-4f71-bc37-25062be06587: shutdown edf60a86-ae5b-4f71-bc37-25062be06587@group-5B77DECE4517-FollowerState
2022-03-07 09:51:13,692 [edf60a86-ae5b-4f71-bc37-25062be06587@group-5B77DECE4517-FollowerState] INFO  server.RaftServer$Division (RaftServerImpl.java:setRole(290)) - edf60a86-ae5b-4f71-bc37-25062be06587@group-5B77DECE4517: changes role from  FOLLOWER to CANDIDATE at term 2 for changeToCandidate
2022-03-07 09:51:13,692 [edf60a86-ae5b-4f71-bc37-25062be06587@group-5B77DECE4517-FollowerState] INFO  server.RaftServerConfigKeys (ConfUtils.java:logGet(44)) - raft.server.leaderelection.pre-vote = false (custom)
2022-03-07 09:51:13,692 [edf60a86-ae5b-4f71-bc37-25062be06587@group-5B77DECE4517-FollowerState] INFO  impl.RoleInfo (RoleInfo.java:updateAndGet(130)) - edf60a86-ae5b-4f71-bc37-25062be06587: start edf60a86-ae5b-4f71-bc37-25062be06587@group-5B77DECE4517-LeaderElection102
2022-03-07 09:51:13,698 [84008c31-6636-4a62-b386-f7fb7e7ffddc@group-5B77DECE4517-FollowerState] INFO  impl.FollowerState (FollowerState.java:run(134)) - 84008c31-6636-4a62-b386-f7fb7e7ffddc@group-5B77DECE4517-FollowerState: change to CANDIDATE, lastRpcElapsedTime:5043703599ns, electionTimeout:5038ms
2022-03-07 09:51:13,698 [84008c31-6636-4a62-b386-f7fb7e7ffddc@group-5B77DECE4517-FollowerState] INFO  impl.RoleInfo (RoleInfo.java:shutdownFollowerState(108)) - 84008c31-6636-4a62-b386-f7fb7e7ffddc: shutdown 84008c31-6636-4a62-b386-f7fb7e7ffddc@group-5B77DECE4517-FollowerState
2022-03-07 09:51:13,698 [84008c31-6636-4a62-b386-f7fb7e7ffddc@group-5B77DECE4517-FollowerState] INFO  server.RaftServer$Division (RaftServerImpl.java:setRole(290)) - 84008c31-6636-4a62-b386-f7fb7e7ffddc@group-5B77DECE4517: changes role from  FOLLOWER to CANDIDATE at term 2 for changeToCandidate
2022-03-07 09:51:13,708 [84008c31-6636-4a62-b386-f7fb7e7ffddc@group-5B77DECE4517-FollowerState] INFO  server.RaftServerConfigKeys (ConfUtils.java:logGet(44)) - raft.server.leaderelection.pre-vote = false (custom)
2022-03-07 09:51:13,708 [84008c31-6636-4a62-b386-f7fb7e7ffddc@group-5B77DECE4517-FollowerState] INFO  impl.RoleInfo (RoleInfo.java:updateAndGet(130)) - 84008c31-6636-4a62-b386-f7fb7e7ffddc: start 84008c31-6636-4a62-b386-f7fb7e7ffddc@group-5B77DECE4517-LeaderElection103
2022-03-07 09:51:13,715 [edf60a86-ae5b-4f71-bc37-25062be06587@group-5B77DECE4517-LeaderElection102] INFO  impl.LeaderElection (LeaderElection.java:askForVotes(306)) - edf60a86-ae5b-4f71-bc37-25062be06587@group-5B77DECE4517-LeaderElection102 ELECTION round 0: submit vote requests at term 3 for -1: [edf60a86-ae5b-4f71-bc37-25062be06587|rpc:10.1.0.49:38621|dataStream:|priority:0, 7fca689d-043b-47bb-bf18-12adf35ba2bc|rpc:10.1.0.49:42461|dataStream:|priority:0, 84008c31-6636-4a62-b386-f7fb7e7ffddc|rpc:10.1.0.49:44263|dataStream:|priority:1], old=null
2022-03-07 09:51:13,752 [grpc-default-executor-4] INFO  server.RaftServer$Division (RaftServerImpl.java:requestVote(1046)) - 7fca689d-043b-47bb-bf18-12adf35ba2bc@group-5B77DECE4517: receive requestVote(ELECTION, edf60a86-ae5b-4f71-bc37-25062be06587, group-5B77DECE4517, 3, (t:0, i:0))
2022-03-07 09:51:13,752 [grpc-default-executor-4] INFO  impl.VoteContext (VoteContext.java:log(48)) - 7fca689d-043b-47bb-bf18-12adf35ba2bc@group-5B77DECE4517-FOLLOWER: accept ELECTION from edf60a86-ae5b-4f71-bc37-25062be06587: our priority 0 <= candidate's priority 0
2022-03-07 09:51:13,752 [grpc-default-executor-4] INFO  server.RaftServer$Division (RaftServerImpl.java:setRole(290)) - 7fca689d-043b-47bb-bf18-12adf35ba2bc@group-5B77DECE4517: changes role from  FOLLOWER to FOLLOWER at term 3 for candidate:edf60a86-ae5b-4f71-bc37-25062be06587
2022-03-07 09:51:13,752 [grpc-default-executor-4] INFO  impl.RoleInfo (RoleInfo.java:shutdownFollowerState(108)) - 7fca689d-043b-47bb-bf18-12adf35ba2bc: shutdown 7fca689d-043b-47bb-bf18-12adf35ba2bc@group-5B77DECE4517-FollowerState
2022-03-07 09:51:13,752 [84008c31-6636-4a62-b386-f7fb7e7ffddc@group-5B77DECE4517-LeaderElection103] INFO  impl.LeaderElection (LeaderElection.java:askForVotes(306)) - 84008c31-6636-4a62-b386-f7fb7e7ffddc@group-5B77DECE4517-LeaderElection103 ELECTION round 0: submit vote requests at term 3 for -1: [edf60a86-ae5b-4f71-bc37-25062be06587|rpc:10.1.0.49:38621|dataStream:|priority:0, 7fca689d-043b-47bb-bf18-12adf35ba2bc|rpc:10.1.0.49:42461|dataStream:|priority:0, 84008c31-6636-4a62-b386-f7fb7e7ffddc|rpc:10.1.0.49:44263|dataStream:|priority:1], old=null
2022-03-07 09:51:13,754 [7fca689d-043b-47bb-bf18-12adf35ba2bc@group-5B77DECE4517-FollowerState] INFO  impl.FollowerState (FollowerState.java:run(127)) - 7fca689d-043b-47bb-bf18-12adf35ba2bc@group-5B77DECE4517-FollowerState: Stopping now (isRunning? false, isFollower? true)
2022-03-07 09:51:13,801 [grpc-default-executor-0] INFO  server.RaftServer$Division (RaftServerImpl.java:requestVote(1046)) - 84008c31-6636-4a62-b386-f7fb7e7ffddc@group-5B77DECE4517: receive requestVote(ELECTION, edf60a86-ae5b-4f71-bc37-25062be06587, group-5B77DECE4517, 3, (t:0, i:0))
2022-03-07 09:51:13,801 [grpc-default-executor-0] INFO  impl.VoteContext (VoteContext.java:log(48)) - 84008c31-6636-4a62-b386-f7fb7e7ffddc@group-5B77DECE4517-CANDIDATE: reject ELECTION from edf60a86-ae5b-4f71-bc37-25062be06587: already has voted for 84008c31-6636-4a62-b386-f7fb7e7ffddc at current term 3
2022-03-07 09:51:13,801 [grpc-default-executor-0] INFO  server.RaftServer$Division (RaftServerImpl.java:requestVote(1078)) - 84008c31-6636-4a62-b386-f7fb7e7ffddc@group-5B77DECE4517 replies to ELECTION vote request: edf60a86-ae5b-4f71-bc37-25062be06587<-84008c31-6636-4a62-b386-f7fb7e7ffddc#0:FAIL-t3. Peer's state: 84008c31-6636-4a62-b386-f7fb7e7ffddc@group-5B77DECE4517:t3, leader=null, voted=84008c31-6636-4a62-b386-f7fb7e7ffddc, raftlog=84008c31-6636-4a62-b386-f7fb7e7ffddc@group-5B77DECE4517-SegmentedRaftLog:OPENED:c-1, conf=-1: [edf60a86-ae5b-4f71-bc37-25062be06587|rpc:10.1.0.49:38621|dataStream:|priority:0, 7fca689d-043b-47bb-bf18-12adf35ba2bc|rpc:10.1.0.49:42461|dataStream:|priority:0, 84008c31-6636-4a62-b386-f7fb7e7ffddc|rpc:10.1.0.49:44263|dataStream:|priority:1], old=null
2022-03-07 09:51:13,807 [grpc-default-executor-4] INFO  impl.RoleInfo (RoleInfo.java:updateAndGet(130)) - 7fca689d-043b-47bb-bf18-12adf35ba2bc: start 7fca689d-043b-47bb-bf18-12adf35ba2bc@group-5B77DECE4517-FollowerState
2022-03-07 09:51:13,815 [edf60a86-ae5b-4f71-bc37-25062be06587@group-5B77DECE4517-LeaderElection102] INFO  impl.LeaderElection (LeaderElection.java:logAndReturn(89)) - edf60a86-ae5b-4f71-bc37-25062be06587@group-5B77DECE4517-LeaderElection102: ELECTION REJECTED received 1 response(s) and 0 exception(s):
2022-03-07 09:51:13,815 [edf60a86-ae5b-4f71-bc37-25062be06587@group-5B77DECE4517-LeaderElection102] INFO  impl.LeaderElection (LeaderElection.java:logAndReturn(93)) -   Response 0: edf60a86-ae5b-4f71-bc37-25062be06587<-84008c31-6636-4a62-b386-f7fb7e7ffddc#0:FAIL-t3
2022-03-07 09:51:13,815 [edf60a86-ae5b-4f71-bc37-25062be06587@group-5B77DECE4517-LeaderElection102] INFO  impl.LeaderElection (LeaderElection.java:askForVotes(308)) - edf60a86-ae5b-4f71-bc37-25062be06587@group-5B77DECE4517-LeaderElection102 ELECTION round 0: result REJECTED
2022-03-07 09:51:13,815 [edf60a86-ae5b-4f71-bc37-25062be06587@group-5B77DECE4517-LeaderElection102] INFO  server.RaftServer$Division (RaftServerImpl.java:setRole(290)) - edf60a86-ae5b-4f71-bc37-25062be06587@group-5B77DECE4517: changes role from CANDIDATE to FOLLOWER at term 3 for REJECTED
2022-03-07 09:51:13,815 [edf60a86-ae5b-4f71-bc37-25062be06587@group-5B77DECE4517-LeaderElection102] INFO  impl.RoleInfo (RoleInfo.java:shutdownLeaderElection(121)) - edf60a86-ae5b-4f71-bc37-25062be06587: shutdown edf60a86-ae5b-4f71-bc37-25062be06587@group-5B77DECE4517-LeaderElection102
2022-03-07 09:51:13,815 [edf60a86-ae5b-4f71-bc37-25062be06587@group-5B77DECE4517-LeaderElection102] INFO  impl.RoleInfo (RoleInfo.java:updateAndGet(130)) - edf60a86-ae5b-4f71-bc37-25062be06587: start edf60a86-ae5b-4f71-bc37-25062be06587@group-5B77DECE4517-FollowerState
2022-03-07 09:51:13,815 [grpc-default-executor-0] INFO  server.RaftServer$Division (RaftServerImpl.java:requestVote(1046)) - edf60a86-ae5b-4f71-bc37-25062be06587@group-5B77DECE4517: receive requestVote(ELECTION, 84008c31-6636-4a62-b386-f7fb7e7ffddc, group-5B77DECE4517, 3, (t:0, i:0))
2022-03-07 09:51:13,816 [grpc-default-executor-4] INFO  server.RaftServer$Division (RaftServerImpl.java:requestVote(1078)) - 7fca689d-043b-47bb-bf18-12adf35ba2bc@group-5B77DECE4517 replies to ELECTION vote request: edf60a86-ae5b-4f71-bc37-25062be06587<-7fca689d-043b-47bb-bf18-12adf35ba2bc#0:OK-t3. Peer's state: 7fca689d-043b-47bb-bf18-12adf35ba2bc@group-5B77DECE4517:t3, leader=null, voted=edf60a86-ae5b-4f71-bc37-25062be06587, raftlog=7fca689d-043b-47bb-bf18-12adf35ba2bc@group-5B77DECE4517-SegmentedRaftLog:OPENED:c-1, conf=-1: [edf60a86-ae5b-4f71-bc37-25062be06587|rpc:10.1.0.49:38621|priority:0, 7fca689d-043b-47bb-bf18-12adf35ba2bc|rpc:10.1.0.49:42461|priority:0, 84008c31-6636-4a62-b386-f7fb7e7ffddc|rpc:10.1.0.49:44263|priority:1], old=null
2022-03-07 09:51:13,823 [grpc-default-executor-0] INFO  impl.VoteContext (VoteContext.java:log(48)) - edf60a86-ae5b-4f71-bc37-25062be06587@group-5B77DECE4517-FOLLOWER: reject ELECTION from 84008c31-6636-4a62-b386-f7fb7e7ffddc: already has voted for edf60a86-ae5b-4f71-bc37-25062be06587 at current term 3
2022-03-07 09:51:13,823 [grpc-default-executor-0] INFO  server.RaftServer$Division (RaftServerImpl.java:requestVote(1078)) - edf60a86-ae5b-4f71-bc37-25062be06587@group-5B77DECE4517 replies to ELECTION vote request: 84008c31-6636-4a62-b386-f7fb7e7ffddc<-edf60a86-ae5b-4f71-bc37-25062be06587#0:FAIL-t3. Peer's state: edf60a86-ae5b-4f71-bc37-25062be06587@group-5B77DECE4517:t3, leader=null, voted=edf60a86-ae5b-4f71-bc37-25062be06587, raftlog=edf60a86-ae5b-4f71-bc37-25062be06587@group-5B77DECE4517-SegmentedRaftLog:OPENED:c-1, conf=-1: [edf60a86-ae5b-4f71-bc37-25062be06587|rpc:10.1.0.49:38621|dataStream:|priority:0, 7fca689d-043b-47bb-bf18-12adf35ba2bc|rpc:10.1.0.49:42461|dataStream:|priority:0, 84008c31-6636-4a62-b386-f7fb7e7ffddc|rpc:10.1.0.49:44263|dataStream:|priority:1], old=null
2022-03-07 09:51:13,829 [grpc-default-executor-0] INFO  server.RaftServer$Division (RaftServerImpl.java:requestVote(1046)) - 7fca689d-043b-47bb-bf18-12adf35ba2bc@group-5B77DECE4517: receive requestVote(ELECTION, 84008c31-6636-4a62-b386-f7fb7e7ffddc, group-5B77DECE4517, 3, (t:0, i:0))
2022-03-07 09:51:13,829 [grpc-default-executor-0] INFO  impl.VoteContext (VoteContext.java:log(48)) - 7fca689d-043b-47bb-bf18-12adf35ba2bc@group-5B77DECE4517-FOLLOWER: reject ELECTION from 84008c31-6636-4a62-b386-f7fb7e7ffddc: already has voted for edf60a86-ae5b-4f71-bc37-25062be06587 at current term 3
2022-03-07 09:51:13,829 [grpc-default-executor-0] INFO  server.RaftServer$Division (RaftServerImpl.java:requestVote(1078)) - 7fca689d-043b-47bb-bf18-12adf35ba2bc@group-5B77DECE4517 replies to ELECTION vote request: 84008c31-6636-4a62-b386-f7fb7e7ffddc<-7fca689d-043b-47bb-bf18-12adf35ba2bc#0:FAIL-t3. Peer's state: 7fca689d-043b-47bb-bf18-12adf35ba2bc@group-5B77DECE4517:t3, leader=null, voted=edf60a86-ae5b-4f71-bc37-25062be06587, raftlog=7fca689d-043b-47bb-bf18-12adf35ba2bc@group-5B77DECE4517-SegmentedRaftLog:OPENED:c-1, conf=-1: [edf60a86-ae5b-4f71-bc37-25062be06587|rpc:10.1.0.49:38621|priority:0, 7fca689d-043b-47bb-bf18-12adf35ba2bc|rpc:10.1.0.49:42461|priority:0, 84008c31-6636-4a62-b386-f7fb7e7ffddc|rpc:10.1.0.49:44263|priority:1], old=null
2022-03-07 09:51:13,830 [84008c31-6636-4a62-b386-f7fb7e7ffddc@group-5B77DECE4517-LeaderElection103] INFO  impl.LeaderElection (LeaderElection.java:logAndReturn(89)) - 84008c31-6636-4a62-b386-f7fb7e7ffddc@group-5B77DECE4517-LeaderElection103: ELECTION REJECTED received 2 response(s) and 0 exception(s):
2022-03-07 09:51:13,830 [84008c31-6636-4a62-b386-f7fb7e7ffddc@group-5B77DECE4517-LeaderElection103] INFO  impl.LeaderElection (LeaderElection.java:logAndReturn(93)) -   Response 0: 84008c31-6636-4a62-b386-f7fb7e7ffddc<-edf60a86-ae5b-4f71-bc37-25062be06587#0:FAIL-t3
2022-03-07 09:51:13,830 [84008c31-6636-4a62-b386-f7fb7e7ffddc@group-5B77DECE4517-LeaderElection103] INFO  impl.LeaderElection (LeaderElection.java:logAndReturn(93)) -   Response 1: 84008c31-6636-4a62-b386-f7fb7e7ffddc<-7fca689d-043b-47bb-bf18-12adf35ba2bc#0:FAIL-t3
2022-03-07 09:51:13,830 [84008c31-6636-4a62-b386-f7fb7e7ffddc@group-5B77DECE4517-LeaderElection103] INFO  impl.LeaderElection (LeaderElection.java:askForVotes(308)) - 84008c31-6636-4a62-b386-f7fb7e7ffddc@group-5B77DECE4517-LeaderElection103 ELECTION round 0: result REJECTED
2022-03-07 09:51:13,830 [84008c31-6636-4a62-b386-f7fb7e7ffddc@group-5B77DECE4517-LeaderElection103] INFO  server.RaftServer$Division (RaftServerImpl.java:setRole(290)) - 84008c31-6636-4a62-b386-f7fb7e7ffddc@group-5B77DECE4517: changes role from CANDIDATE to FOLLOWER at term 3 for REJECTED
2022-03-07 09:51:13,830 [84008c31-6636-4a62-b386-f7fb7e7ffddc@group-5B77DECE4517-LeaderElection103] INFO  impl.RoleInfo (RoleInfo.java:shutdownLeaderElection(121)) - 84008c31-6636-4a62-b386-f7fb7e7ffddc: shutdown 84008c31-6636-4a62-b386-f7fb7e7ffddc@group-5B77DECE4517-LeaderElection103
2022-03-07 09:51:13,830 [84008c31-6636-4a62-b386-f7fb7e7ffddc@group-5B77DECE4517-LeaderElection103] INFO  impl.RoleInfo (RoleInfo.java:updateAndGet(130)) - 84008c31-6636-4a62-b386-f7fb7e7ffddc: start 84008c31-6636-4a62-b386-f7fb7e7ffddc@group-5B77DECE4517-FollowerState
2022-03-07 09:51:13,980 [EventQueue-StaleNodeForStaleNodeHandler] INFO  node.StaleNodeHandler (StaleNodeHandler.java:onMessage(58)) - Datanode cd9cff4b-1bd9-497e-976c-8eec10b9db64{ip: 10.1.0.49, host: fv-az291-317.wgnan5asplgejimfprtllbpdch.jx.internal.cloudapp.net, ports: [REPLICATION=46825, RATIS=42923, RATIS_ADMIN=42923, RATIS_SERVER=42923, STANDALONE=43941], networkLocation: /default-rack, certSerialId: null, persistedOpState: IN_SERVICE, persistedOpStateExpiryEpochSec: 0} moved to stale state. Finalizing its pipelines [PipelineID=bc84c436-b201-4c59-8f97-3bd9fdeef2e9, PipelineID=8dcd701a-e220-441a-b05a-8e452aa84769, PipelineID=74c3c54d-cb47-44d6-90a4-a583654c641d, PipelineID=d8740330-0b47-446a-878d-35bb7cc600d3]
2022-03-07 09:51:13,994 [EventQueue-StaleNodeForStaleNodeHandler] INFO  pipeline.PipelineManagerImpl (PipelineManagerImpl.java:closeContainersForPipeline(344)) - Container #1 closed for pipeline=PipelineID=bc84c436-b201-4c59-8f97-3bd9fdeef2e9
2022-03-07 09:51:13,994 [EventQueue-CloseContainerForCloseContainerEventHandler] INFO  container.CloseContainerEventHandler (CloseContainerEventHandler.java:onMessage(69)) - Close container Event triggered for container : #1
2022-03-07 09:51:13,995 [EventQueue-StaleNodeForStaleNodeHandler] INFO  pipeline.PipelineManagerImpl (PipelineManagerImpl.java:closePipeline(365)) - Pipeline Pipeline[ Id: bc84c436-b201-4c59-8f97-3bd9fdeef2e9, Nodes: cd9cff4b-1bd9-497e-976c-8eec10b9db64{ip: 10.1.0.49, host: fv-az291-317.wgnan5asplgejimfprtllbpdch.jx.internal.cloudapp.net, ports: [REPLICATION=46825, RATIS=42923, RATIS_ADMIN=42923, RATIS_SERVER=42923, STANDALONE=43941], networkLocation: /default-rack, certSerialId: null, persistedOpState: IN_SERVICE, persistedOpStateExpiryEpochSec: 0}, ReplicationConfig: RATIS/ONE, State:OPEN, leaderId:cd9cff4b-1bd9-497e-976c-8eec10b9db64, CreationTimestamp2022-03-07T09:50:54.291Z[Etc/UTC]] moved to CLOSED state
2022-03-07 09:51:13,997 [EventQueue-StaleNodeForStaleNodeHandler] INFO  pipeline.PipelineManagerImpl (PipelineManagerImpl.java:closePipeline(365)) - Pipeline Pipeline[ Id: 8dcd701a-e220-441a-b05a-8e452aa84769, Nodes: 728f99e8-418e-4b00-b2e8-36f688b477dd{ip: 10.1.0.49, host: fv-az291-317.wgnan5asplgejimfprtllbpdch.jx.internal.cloudapp.net, ports: [REPLICATION=38547, RATIS=44013, RATIS_ADMIN=44013, RATIS_SERVER=44013, STANDALONE=41573], networkLocation: /default-rack, certSerialId: null, persistedOpState: IN_SERVICE, persistedOpStateExpiryEpochSec: 0}616d314c-ba0d-49c9-8f1d-797448dad8fd{ip: 10.1.0.49, host: fv-az291-317.wgnan5asplgejimfprtllbpdch.jx.internal.cloudapp.net, ports: [REPLICATION=32797, RATIS=39129, RATIS_ADMIN=39129, RATIS_SERVER=39129, STANDALONE=37787], networkLocation: /default-rack, certSerialId: null, persistedOpState: IN_SERVICE, persistedOpStateExpiryEpochSec: 0}cd9cff4b-1bd9-497e-976c-8eec10b9db64{ip: 10.1.0.49, host: fv-az291-317.wgnan5asplgejimfprtllbpdch.jx.internal.cloudapp.net, ports: [REPLICATION=46825, RATIS=42923, RATIS_ADMIN=42923, RATIS_SERVER=42923, STANDALONE=43941], networkLocation: /default-rack, certSerialId: null, persistedOpState: IN_SERVICE, persistedOpStateExpiryEpochSec: 0}, ReplicationConfig: RATIS/THREE, State:OPEN, leaderId:616d314c-ba0d-49c9-8f1d-797448dad8fd, CreationTimestamp2022-03-07T09:50:54.303Z[Etc/UTC]] moved to CLOSED state
2022-03-07 09:51:14,001 [EventQueue-StaleNodeForStaleNodeHandler] INFO  pipeline.PipelineManagerImpl (PipelineManagerImpl.java:closePipeline(365)) - Pipeline Pipeline[ Id: 74c3c54d-cb47-44d6-90a4-a583654c641d, Nodes: 728f99e8-418e-4b00-b2e8-36f688b477dd{ip: 10.1.0.49, host: fv-az291-317.wgnan5asplgejimfprtllbpdch.jx.internal.cloudapp.net, ports: [REPLICATION=38547, RATIS=44013, RATIS_ADMIN=44013, RATIS_SERVER=44013, STANDALONE=41573], networkLocation: /default-rack, certSerialId: null, persistedOpState: IN_SERVICE, persistedOpStateExpiryEpochSec: 0}cd9cff4b-1bd9-497e-976c-8eec10b9db64{ip: 10.1.0.49, host: fv-az291-317.wgnan5asplgejimfprtllbpdch.jx.internal.cloudapp.net, ports: [REPLICATION=46825, RATIS=42923, RATIS_ADMIN=42923, RATIS_SERVER=42923, STANDALONE=43941], networkLocation: /default-rack, certSerialId: null, persistedOpState: IN_SERVICE, persistedOpStateExpiryEpochSec: 0}616d314c-ba0d-49c9-8f1d-797448dad8fd{ip: 10.1.0.49, host: fv-az291-317.wgnan5asplgejimfprtllbpdch.jx.internal.cloudapp.net, ports: [REPLICATION=32797, RATIS=39129, RATIS_ADMIN=39129, RATIS_SERVER=39129, STANDALONE=37787], networkLocation: /default-rack, certSerialId: null, persistedOpState: IN_SERVICE, persistedOpStateExpiryEpochSec: 0}, ReplicationConfig: RATIS/THREE, State:OPEN, leaderId:728f99e8-418e-4b00-b2e8-36f688b477dd, CreationTimestamp2022-03-07T09:50:54.315Z[Etc/UTC]] moved to CLOSED state
2022-03-07 09:51:14,026 [EventQueue-StaleNodeForStaleNodeHandler] INFO  pipeline.PipelineManagerImpl (PipelineManagerImpl.java:closePipeline(365)) - Pipeline Pipeline[ Id: d8740330-0b47-446a-878d-35bb7cc600d3, Nodes: 728f99e8-418e-4b00-b2e8-36f688b477dd{ip: 10.1.0.49, host: fv-az291-317.wgnan5asplgejimfprtllbpdch.jx.internal.cloudapp.net, ports: [REPLICATION=38547, RATIS=44013, RATIS_ADMIN=44013, RATIS_SERVER=44013, STANDALONE=41573], networkLocation: /default-rack, certSerialId: null, persistedOpState: IN_SERVICE, persistedOpStateExpiryEpochSec: 0}616d314c-ba0d-49c9-8f1d-797448dad8fd{ip: 10.1.0.49, host: fv-az291-317.wgnan5asplgejimfprtllbpdch.jx.internal.cloudapp.net, ports: [REPLICATION=32797, RATIS=39129, RATIS_ADMIN=39129, RATIS_SERVER=39129, STANDALONE=37787], networkLocation: /default-rack, certSerialId: null, persistedOpState: IN_SERVICE, persistedOpStateExpiryEpochSec: 0}cd9cff4b-1bd9-497e-976c-8eec10b9db64{ip: 10.1.0.49, host: fv-az291-317.wgnan5asplgejimfprtllbpdch.jx.internal.cloudapp.net, ports: [REPLICATION=46825, RATIS=42923, RATIS_ADMIN=42923, RATIS_SERVER=42923, STANDALONE=43941], networkLocation: /default-rack, certSerialId: null, persistedOpState: IN_SERVICE, persistedOpStateExpiryEpochSec: 0}, ReplicationConfig: RATIS/THREE, State:OPEN, leaderId:728f99e8-418e-4b00-b2e8-36f688b477dd, CreationTimestamp2022-03-07T09:50:54.311Z[Etc/UTC]] moved to CLOSED state
2022-03-07 09:51:14,291 [Listener at 127.0.0.1/40579] INFO  statemachine.DatanodeStateMachine (DatanodeStateMachine.java:stopDaemon(529)) - Ozone container server stopped.
2022-03-07 09:51:14,292 [Listener at 127.0.0.1/40579] INFO  handler.ContextHandler (ContextHandler.java:doStop(1153)) - Stopped o.e.j.w.WebAppContext@12d13fef{hddsDatanode,/,null,STOPPED}{jar:file:/home/runner/.m2/repository/org/apache/ozone/hdds-container-service/1.3.0-SNAPSHOT/hdds-container-service-1.3.0-SNAPSHOT.jar!/webapps/hddsDatanode}
2022-03-07 09:51:14,293 [Listener at 127.0.0.1/40579] INFO  server.AbstractConnector (AbstractConnector.java:doStop(381)) - Stopped ServerConnector@e7b3282{HTTP/1.1, (http/1.1)}{0.0.0.0:0}
2022-03-07 09:51:14,293 [Listener at 127.0.0.1/40579] INFO  server.session (HouseKeeper.java:stopScavenging(149)) - node0 Stopped scavenging
2022-03-07 09:51:14,293 [Listener at 127.0.0.1/40579] INFO  handler.ContextHandler (ContextHandler.java:doStop(1153)) - Stopped o.e.j.s.ServletContextHandler@360d8df4{static,/static,jar:file:/home/runner/.m2/repository/org/apache/ozone/hdds-container-service/1.3.0-SNAPSHOT/hdds-container-service-1.3.0-SNAPSHOT.jar!/webapps/static,STOPPED}
2022-03-07 09:51:14,293 [Listener at 127.0.0.1/40579] INFO  handler.ContextHandler (ContextHandler.java:doStop(1153)) - Stopped o.e.j.s.ServletContextHandler@6ed077d9{logs,/logs,file:///home/runner/work/ozone/ozone/hadoop-ozone/integration-test/target/log,STOPPED}
2022-03-07 09:51:14,700 [grpc-default-executor-4] WARN  server.GrpcLogAppender (LogUtils.java:warn(122)) - 616d314c-ba0d-49c9-8f1d-797448dad8fd@group-8E452AA84769->cd9cff4b-1bd9-497e-976c-8eec10b9db64-AppendLogResponseHandler: Failed appendEntries: org.apache.ratis.thirdparty.io.grpc.StatusRuntimeException: UNAVAILABLE: io exception
2022-03-07 09:51:14,701 [grpc-default-executor-4] WARN  server.GrpcLogAppender (GrpcLogAppender.java:resetClient(110)) - 616d314c-ba0d-49c9-8f1d-797448dad8fd@group-8E452AA84769->cd9cff4b-1bd9-497e-976c-8eec10b9db64-GrpcLogAppender: Leader has not got in touch with Follower 616d314c-ba0d-49c9-8f1d-797448dad8fd@group-8E452AA84769->cd9cff4b-1bd9-497e-976c-8eec10b9db64(c0,m0,n1, attendVote=true, lastRpcSendTime=2509, lastRpcResponseTime=7537) yet, just keep nextIndex unchanged and retry.
2022-03-07 09:51:14,856 [grpc-default-executor-0] WARN  server.GrpcLogAppender (LogUtils.java:warn(122)) - 728f99e8-418e-4b00-b2e8-36f688b477dd@group-A583654C641D->cd9cff4b-1bd9-497e-976c-8eec10b9db64-AppendLogResponseHandler: Failed appendEntries: org.apache.ratis.thirdparty.io.grpc.StatusRuntimeException: UNAVAILABLE: io exception
2022-03-07 09:51:14,857 [grpc-default-executor-0] WARN  server.GrpcLogAppender (GrpcLogAppender.java:resetClient(110)) - 728f99e8-418e-4b00-b2e8-36f688b477dd@group-A583654C641D->cd9cff4b-1bd9-497e-976c-8eec10b9db64-GrpcLogAppender: Leader has not got in touch with Follower 728f99e8-418e-4b00-b2e8-36f688b477dd@group-A583654C641D->cd9cff4b-1bd9-497e-976c-8eec10b9db64(c0,m0,n1, attendVote=true, lastRpcSendTime=2510, lastRpcResponseTime=7516) yet, just keep nextIndex unchanged and retry.
2022-03-07 09:51:14,944 [grpc-default-executor-0] WARN  server.GrpcLogAppender (LogUtils.java:warn(122)) - 728f99e8-418e-4b00-b2e8-36f688b477dd@group-35BB7CC600D3->cd9cff4b-1bd9-497e-976c-8eec10b9db64-AppendLogResponseHandler: Failed appendEntries: org.apache.ratis.thirdparty.io.grpc.StatusRuntimeException: UNAVAILABLE: io exception
2022-03-07 09:51:14,945 [grpc-default-executor-0] WARN  server.GrpcLogAppender (GrpcLogAppender.java:resetClient(110)) - 728f99e8-418e-4b00-b2e8-36f688b477dd@group-35BB7CC600D3->cd9cff4b-1bd9-497e-976c-8eec10b9db64-GrpcLogAppender: Leader has not got in touch with Follower 728f99e8-418e-4b00-b2e8-36f688b477dd@group-35BB7CC600D3->cd9cff4b-1bd9-497e-976c-8eec10b9db64(c-1,m0,n1, attendVote=true, lastRpcSendTime=2510, lastRpcResponseTime=7739) yet, just keep nextIndex unchanged and retry.
2022-03-07 09:51:17,232 [grpc-default-executor-4] WARN  server.GrpcLogAppender (LogUtils.java:warn(122)) - 616d314c-ba0d-49c9-8f1d-797448dad8fd@group-8E452AA84769->cd9cff4b-1bd9-497e-976c-8eec10b9db64-AppendLogResponseHandler: Failed appendEntries: org.apache.ratis.thirdparty.io.grpc.StatusRuntimeException: UNAVAILABLE: io exception
2022-03-07 09:51:17,233 [grpc-default-executor-4] WARN  server.GrpcLogAppender (GrpcLogAppender.java:resetClient(110)) - 616d314c-ba0d-49c9-8f1d-797448dad8fd@group-8E452AA84769->cd9cff4b-1bd9-497e-976c-8eec10b9db64-GrpcLogAppender: Leader has not got in touch with Follower 616d314c-ba0d-49c9-8f1d-797448dad8fd@group-8E452AA84769->cd9cff4b-1bd9-497e-976c-8eec10b9db64(c0,m0,n1, attendVote=true, lastRpcSendTime=2530, lastRpcResponseTime=10069) yet, just keep nextIndex unchanged and retry.
2022-03-07 09:51:17,384 [grpc-default-executor-4] WARN  server.GrpcLogAppender (LogUtils.java:warn(122)) - 728f99e8-418e-4b00-b2e8-36f688b477dd@group-A583654C641D->cd9cff4b-1bd9-497e-976c-8eec10b9db64-AppendLogResponseHandler: Failed appendEntries: org.apache.ratis.thirdparty.io.grpc.StatusRuntimeException: UNAVAILABLE: io exception
2022-03-07 09:51:17,385 [grpc-default-executor-4] WARN  server.GrpcLogAppender (GrpcLogAppender.java:resetClient(110)) - 728f99e8-418e-4b00-b2e8-36f688b477dd@group-A583654C641D->cd9cff4b-1bd9-497e-976c-8eec10b9db64-GrpcLogAppender: Leader has not got in touch with Follower 728f99e8-418e-4b00-b2e8-36f688b477dd@group-A583654C641D->cd9cff4b-1bd9-497e-976c-8eec10b9db64(c0,m0,n1, attendVote=true, lastRpcSendTime=2516, lastRpcResponseTime=10043) yet, just keep nextIndex unchanged and retry.
2022-03-07 09:51:17,452 [grpc-default-executor-4] WARN  server.GrpcLogAppender (LogUtils.java:warn(122)) - 728f99e8-418e-4b00-b2e8-36f688b477dd@group-35BB7CC600D3->cd9cff4b-1bd9-497e-976c-8eec10b9db64-AppendLogResponseHandler: Failed appendEntries: org.apache.ratis.thirdparty.io.grpc.StatusRuntimeException: UNAVAILABLE: io exception
2022-03-07 09:51:17,452 [grpc-default-executor-4] WARN  server.GrpcLogAppender (GrpcLogAppender.java:resetClient(110)) - 728f99e8-418e-4b00-b2e8-36f688b477dd@group-35BB7CC600D3->cd9cff4b-1bd9-497e-976c-8eec10b9db64-GrpcLogAppender: Leader has not got in touch with Follower 728f99e8-418e-4b00-b2e8-36f688b477dd@group-35BB7CC600D3->cd9cff4b-1bd9-497e-976c-8eec10b9db64(c-1,m0,n1, attendVote=true, lastRpcSendTime=0, lastRpcResponseTime=10247) yet, just keep nextIndex unchanged and retry.
2022-03-07 09:51:17,716 [728f99e8-418e-4b00-b2e8-36f688b477dd@group-35BB7CC600D3-LeaderStateImpl] INFO  server.RaftServer$Division (LeaderStateImpl.java:yieldLeaderToHigherPriorityPeer(930)) - 728f99e8-418e-4b00-b2e8-36f688b477dd@group-35BB7CC600D3-LeaderStateImpl send StartLeaderElectionRequest to follower:cd9cff4b-1bd9-497e-976c-8eec10b9db64 on term:3 because follower's priority:1 is higher than leader's:0 and follower's lastEntry index:0 catch up with leader's:0
2022-03-07 09:51:18,856 [84008c31-6636-4a62-b386-f7fb7e7ffddc@group-5B77DECE4517-FollowerState] INFO  impl.FollowerState (FollowerState.java:run(134)) - 84008c31-6636-4a62-b386-f7fb7e7ffddc@group-5B77DECE4517-FollowerState: change to CANDIDATE, lastRpcElapsedTime:5026135378ns, electionTimeout:5025ms
2022-03-07 09:51:18,856 [84008c31-6636-4a62-b386-f7fb7e7ffddc@group-5B77DECE4517-FollowerState] INFO  impl.RoleInfo (RoleInfo.java:shutdownFollowerState(108)) - 84008c31-6636-4a62-b386-f7fb7e7ffddc: shutdown 84008c31-6636-4a62-b386-f7fb7e7ffddc@group-5B77DECE4517-FollowerState
2022-03-07 09:51:18,856 [84008c31-6636-4a62-b386-f7fb7e7ffddc@group-5B77DECE4517-FollowerState] INFO  server.RaftServer$Division (RaftServerImpl.java:setRole(290)) - 84008c31-6636-4a62-b386-f7fb7e7ffddc@group-5B77DECE4517: changes role from  FOLLOWER to CANDIDATE at term 3 for changeToCandidate
2022-03-07 09:51:18,856 [84008c31-6636-4a62-b386-f7fb7e7ffddc@group-5B77DECE4517-FollowerState] INFO  server.RaftServerConfigKeys (ConfUtils.java:logGet(44)) - raft.server.leaderelection.pre-vote = false (custom)
2022-03-07 09:51:18,856 [84008c31-6636-4a62-b386-f7fb7e7ffddc@group-5B77DECE4517-FollowerState] INFO  impl.RoleInfo (RoleInfo.java:updateAndGet(130)) - 84008c31-6636-4a62-b386-f7fb7e7ffddc: start 84008c31-6636-4a62-b386-f7fb7e7ffddc@group-5B77DECE4517-LeaderElection104
2022-03-07 09:51:18,871 [84008c31-6636-4a62-b386-f7fb7e7ffddc@group-5B77DECE4517-LeaderElection104] INFO  impl.LeaderElection (LeaderElection.java:askForVotes(306)) - 84008c31-6636-4a62-b386-f7fb7e7ffddc@group-5B77DECE4517-LeaderElection104 ELECTION round 0: submit vote requests at term 4 for -1: [edf60a86-ae5b-4f71-bc37-25062be06587|rpc:10.1.0.49:38621|dataStream:|priority:0, 7fca689d-043b-47bb-bf18-12adf35ba2bc|rpc:10.1.0.49:42461|dataStream:|priority:0, 84008c31-6636-4a62-b386-f7fb7e7ffddc|rpc:10.1.0.49:44263|dataStream:|priority:1], old=null
2022-03-07 09:51:18,884 [grpc-default-executor-0] INFO  server.RaftServer$Division (RaftServerImpl.java:requestVote(1046)) - edf60a86-ae5b-4f71-bc37-25062be06587@group-5B77DECE4517: receive requestVote(ELECTION, 84008c31-6636-4a62-b386-f7fb7e7ffddc, group-5B77DECE4517, 4, (t:0, i:0))
2022-03-07 09:51:18,884 [grpc-default-executor-0] INFO  impl.VoteContext (VoteContext.java:log(48)) - edf60a86-ae5b-4f71-bc37-25062be06587@group-5B77DECE4517-FOLLOWER: accept ELECTION from 84008c31-6636-4a62-b386-f7fb7e7ffddc: our priority 0 <= candidate's priority 1
2022-03-07 09:51:18,884 [grpc-default-executor-0] INFO  server.RaftServer$Division (RaftServerImpl.java:setRole(290)) - edf60a86-ae5b-4f71-bc37-25062be06587@group-5B77DECE4517: changes role from  FOLLOWER to FOLLOWER at term 4 for candidate:84008c31-6636-4a62-b386-f7fb7e7ffddc
2022-03-07 09:51:18,884 [grpc-default-executor-0] INFO  impl.RoleInfo (RoleInfo.java:shutdownFollowerState(108)) - edf60a86-ae5b-4f71-bc37-25062be06587: shutdown edf60a86-ae5b-4f71-bc37-25062be06587@group-5B77DECE4517-FollowerState
2022-03-07 09:51:18,886 [edf60a86-ae5b-4f71-bc37-25062be06587@group-5B77DECE4517-FollowerState] INFO  impl.FollowerState (FollowerState.java:run(127)) - edf60a86-ae5b-4f71-bc37-25062be06587@group-5B77DECE4517-FollowerState: Stopping now (isRunning? false, isFollower? true)
2022-03-07 09:51:18,893 [grpc-default-executor-0] INFO  impl.RoleInfo (RoleInfo.java:updateAndGet(130)) - edf60a86-ae5b-4f71-bc37-25062be06587: start edf60a86-ae5b-4f71-bc37-25062be06587@group-5B77DECE4517-FollowerState
2022-03-07 09:51:18,904 [grpc-default-executor-0] INFO  server.RaftServer$Division (RaftServerImpl.java:requestVote(1078)) - edf60a86-ae5b-4f71-bc37-25062be06587@group-5B77DECE4517 replies to ELECTION vote request: 84008c31-6636-4a62-b386-f7fb7e7ffddc<-edf60a86-ae5b-4f71-bc37-25062be06587#0:OK-t4. Peer's state: edf60a86-ae5b-4f71-bc37-25062be06587@group-5B77DECE4517:t4, leader=null, voted=84008c31-6636-4a62-b386-f7fb7e7ffddc, raftlog=edf60a86-ae5b-4f71-bc37-25062be06587@group-5B77DECE4517-SegmentedRaftLog:OPENED:c-1, conf=-1: [edf60a86-ae5b-4f71-bc37-25062be06587|rpc:10.1.0.49:38621|dataStream:|priority:0, 7fca689d-043b-47bb-bf18-12adf35ba2bc|rpc:10.1.0.49:42461|dataStream:|priority:0, 84008c31-6636-4a62-b386-f7fb7e7ffddc|rpc:10.1.0.49:44263|dataStream:|priority:1], old=null
2022-03-07 09:51:18,906 [84008c31-6636-4a62-b386-f7fb7e7ffddc@group-5B77DECE4517-LeaderElection104] INFO  impl.LeaderElection (LeaderElection.java:logAndReturn(89)) - 84008c31-6636-4a62-b386-f7fb7e7ffddc@group-5B77DECE4517-LeaderElection104: ELECTION PASSED received 1 response(s) and 0 exception(s):
2022-03-07 09:51:18,906 [84008c31-6636-4a62-b386-f7fb7e7ffddc@group-5B77DECE4517-LeaderElection104] INFO  impl.LeaderElection (LeaderElection.java:logAndReturn(93)) -   Response 0: 84008c31-6636-4a62-b386-f7fb7e7ffddc<-edf60a86-ae5b-4f71-bc37-25062be06587#0:OK-t4
2022-03-07 09:51:18,906 [84008c31-6636-4a62-b386-f7fb7e7ffddc@group-5B77DECE4517-LeaderElection104] INFO  impl.LeaderElection (LeaderElection.java:askForVotes(308)) - 84008c31-6636-4a62-b386-f7fb7e7ffddc@group-5B77DECE4517-LeaderElection104 ELECTION round 0: result PASSED
2022-03-07 09:51:18,906 [84008c31-6636-4a62-b386-f7fb7e7ffddc@group-5B77DECE4517-LeaderElection104] INFO  impl.RoleInfo (RoleInfo.java:shutdownLeaderElection(121)) - 84008c31-6636-4a62-b386-f7fb7e7ffddc: shutdown 84008c31-6636-4a62-b386-f7fb7e7ffddc@group-5B77DECE4517-LeaderElection104
2022-03-07 09:51:18,906 [84008c31-6636-4a62-b386-f7fb7e7ffddc@group-5B77DECE4517-LeaderElection104] INFO  server.RaftServer$Division (RaftServerImpl.java:setRole(290)) - 84008c31-6636-4a62-b386-f7fb7e7ffddc@group-5B77DECE4517: changes role from CANDIDATE to LEADER at term 4 for changeToLeader
2022-03-07 09:51:18,907 [84008c31-6636-4a62-b386-f7fb7e7ffddc@group-5B77DECE4517-LeaderElection104] INFO  ratis.XceiverServerRatis (XceiverServerRatis.java:handleLeaderChangedNotification(867)) - Leader change notification received for group: group-5B77DECE4517 with new leaderId: 84008c31-6636-4a62-b386-f7fb7e7ffddc
2022-03-07 09:51:18,907 [84008c31-6636-4a62-b386-f7fb7e7ffddc@group-5B77DECE4517-LeaderElection104] INFO  server.RaftServer$Division (ServerState.java:setLeader(285)) - 84008c31-6636-4a62-b386-f7fb7e7ffddc@group-5B77DECE4517: change Leader from null to 84008c31-6636-4a62-b386-f7fb7e7ffddc at term 4 for becomeLeader, leader elected after 20672ms
2022-03-07 09:51:18,907 [84008c31-6636-4a62-b386-f7fb7e7ffddc@group-5B77DECE4517-LeaderElection104] INFO  server.RaftServerConfigKeys (ConfUtils.java:logGet(44)) - raft.server.staging.catchup.gap = 1000 (default)
2022-03-07 09:51:18,907 [84008c31-6636-4a62-b386-f7fb7e7ffddc@group-5B77DECE4517-LeaderElection104] INFO  server.RaftServerConfigKeys (ConfUtils.java:logGet(44)) - raft.server.write.element-limit = 1024 (custom)
2022-03-07 09:51:18,907 [84008c31-6636-4a62-b386-f7fb7e7ffddc@group-5B77DECE4517-LeaderElection104] INFO  server.RaftServerConfigKeys (ConfUtils.java:logGet(44)) - raft.server.write.byte-limit = 1024 M (=1073741824) (custom)
2022-03-07 09:51:18,907 [84008c31-6636-4a62-b386-f7fb7e7ffddc@group-5B77DECE4517-LeaderElection104] INFO  server.RaftServerConfigKeys (ConfUtils.java:logGet(44)) - raft.server.watch.timeout = 3000ms (custom)
2022-03-07 09:51:18,907 [84008c31-6636-4a62-b386-f7fb7e7ffddc@group-5B77DECE4517-LeaderElection104] INFO  server.RaftServerConfigKeys (ConfUtils.java:logGet(44)) - raft.server.watch.timeout.denomination = 1s (default)
2022-03-07 09:51:18,907 [84008c31-6636-4a62-b386-f7fb7e7ffddc@group-5B77DECE4517-LeaderElection104] INFO  server.RaftServerConfigKeys (ConfUtils.java:logGet(44)) - raft.server.watch.element-limit = 65536 (default)
2022-03-07 09:51:18,907 [84008c31-6636-4a62-b386-f7fb7e7ffddc@group-5B77DECE4517-LeaderElection104] INFO  server.RaftServerConfigKeys (ConfUtils.java:logGet(44)) - raft.server.write.element-limit = 1024 (custom)
2022-03-07 09:51:18,907 [84008c31-6636-4a62-b386-f7fb7e7ffddc@group-5B77DECE4517-LeaderElection104] INFO  server.RaftServerConfigKeys (ConfUtils.java:logGet(44)) - raft.server.write.follower.gap.ratio.max = -1.0 (default)
2022-03-07 09:51:18,908 [84008c31-6636-4a62-b386-f7fb7e7ffddc@group-5B77DECE4517-LeaderElection104] INFO  server.RaftServerConfigKeys (ConfUtils.java:logGet(44)) - raft.server.log.appender.snapshot.chunk.size.max = 16MB (=16777216) (default)
2022-03-07 09:51:18,908 [84008c31-6636-4a62-b386-f7fb7e7ffddc@group-5B77DECE4517-LeaderElection104] INFO  server.RaftServerConfigKeys (ConfUtils.java:logGet(44)) - raft.server.log.appender.buffer.byte-limit = 33554432 (custom)
2022-03-07 09:51:18,908 [84008c31-6636-4a62-b386-f7fb7e7ffddc@group-5B77DECE4517-LeaderElection104] INFO  server.RaftServerConfigKeys (ConfUtils.java:logGet(44)) - raft.server.log.appender.buffer.element-limit = 1 (custom)
2022-03-07 09:51:18,908 [84008c31-6636-4a62-b386-f7fb7e7ffddc@group-5B77DECE4517-LeaderElection104] INFO  grpc.GrpcConfigKeys (ConfUtils.java:logGet(44)) - raft.grpc.server.leader.outstanding.appends.max = 128 (default)
2022-03-07 09:51:18,908 [84008c31-6636-4a62-b386-f7fb7e7ffddc@group-5B77DECE4517-LeaderElection104] INFO  server.RaftServerConfigKeys (ConfUtils.java:logGet(44)) - raft.server.rpc.request.timeout = 3000ms (default)
2022-03-07 09:51:18,908 [84008c31-6636-4a62-b386-f7fb7e7ffddc@group-5B77DECE4517-LeaderElection104] INFO  server.RaftServerConfigKeys (ConfUtils.java:logGet(44)) - raft.server.log.appender.install.snapshot.enabled = false (custom)
2022-03-07 09:51:18,909 [84008c31-6636-4a62-b386-f7fb7e7ffddc@group-5B77DECE4517-LeaderElection104] INFO  server.RaftServerConfigKeys (ConfUtils.java:logGet(44)) - raft.server.log.appender.snapshot.chunk.size.max = 16MB (=16777216) (default)
2022-03-07 09:51:18,909 [84008c31-6636-4a62-b386-f7fb7e7ffddc@group-5B77DECE4517-LeaderElection104] INFO  server.RaftServerConfigKeys (ConfUtils.java:logGet(44)) - raft.server.log.appender.buffer.byte-limit = 33554432 (custom)
2022-03-07 09:51:18,909 [84008c31-6636-4a62-b386-f7fb7e7ffddc@group-5B77DECE4517-LeaderElection104] INFO  server.RaftServerConfigKeys (ConfUtils.java:logGet(44)) - raft.server.log.appender.buffer.element-limit = 1 (custom)
2022-03-07 09:51:18,909 [84008c31-6636-4a62-b386-f7fb7e7ffddc@group-5B77DECE4517-LeaderElection104] INFO  grpc.GrpcConfigKeys (ConfUtils.java:logGet(44)) - raft.grpc.server.leader.outstanding.appends.max = 128 (default)
2022-03-07 09:51:18,909 [84008c31-6636-4a62-b386-f7fb7e7ffddc@group-5B77DECE4517-LeaderElection104] INFO  server.RaftServerConfigKeys (ConfUtils.java:logGet(44)) - raft.server.rpc.request.timeout = 3000ms (default)
2022-03-07 09:51:18,909 [84008c31-6636-4a62-b386-f7fb7e7ffddc@group-5B77DECE4517-LeaderElection104] INFO  server.RaftServerConfigKeys (ConfUtils.java:logGet(44)) - raft.server.log.appender.install.snapshot.enabled = false (custom)
2022-03-07 09:51:18,911 [EventQueue-PipelineReportForPipelineReportHandler] INFO  pipeline.PipelineManagerImpl (PipelineManagerImpl.java:openPipeline(291)) - Pipeline Pipeline[ Id: 27d35f41-3a25-4561-aa12-5b77dece4517, Nodes: 84008c31-6636-4a62-b386-f7fb7e7ffddc{ip: 10.1.0.49, host: fv-az291-317.wgnan5asplgejimfprtllbpdch.jx.internal.cloudapp.net, ports: [REPLICATION=42827, RATIS=44263, RATIS_ADMIN=44263, RATIS_SERVER=44263, STANDALONE=33245], networkLocation: /default-rack, certSerialId: null, persistedOpState: IN_SERVICE, persistedOpStateExpiryEpochSec: 0}edf60a86-ae5b-4f71-bc37-25062be06587{ip: 10.1.0.49, host: fv-az291-317.wgnan5asplgejimfprtllbpdch.jx.internal.cloudapp.net, ports: [REPLICATION=46727, RATIS=38621, RATIS_ADMIN=38621, RATIS_SERVER=38621, STANDALONE=45115], networkLocation: /default-rack, certSerialId: null, persistedOpState: IN_SERVICE, persistedOpStateExpiryEpochSec: 0}7fca689d-043b-47bb-bf18-12adf35ba2bc{ip: 10.1.0.49, host: fv-az291-317.wgnan5asplgejimfprtllbpdch.jx.internal.cloudapp.net, ports: [REPLICATION=35909, RATIS=42461, RATIS_ADMIN=42461, RATIS_SERVER=42461, STANDALONE=44961], networkLocation: /default-rack, certSerialId: null, persistedOpState: IN_SERVICE, persistedOpStateExpiryEpochSec: 0}, ReplicationConfig: RATIS/THREE, State:ALLOCATED, leaderId:84008c31-6636-4a62-b386-f7fb7e7ffddc, CreationTimestamp2022-03-07T09:50:55.773Z[Etc/UTC]] moved to OPEN state
2022-03-07 09:51:18,914 [84008c31-6636-4a62-b386-f7fb7e7ffddc@group-5B77DECE4517-LeaderElection104] INFO  impl.RoleInfo (RoleInfo.java:updateAndGet(130)) - 84008c31-6636-4a62-b386-f7fb7e7ffddc: start 84008c31-6636-4a62-b386-f7fb7e7ffddc@group-5B77DECE4517-LeaderStateImpl
2022-03-07 09:51:18,920 [grpc-default-executor-0] INFO  server.RaftServer$Division (RaftServerImpl.java:requestVote(1046)) - 7fca689d-043b-47bb-bf18-12adf35ba2bc@group-5B77DECE4517: receive requestVote(ELECTION, 84008c31-6636-4a62-b386-f7fb7e7ffddc, group-5B77DECE4517, 4, (t:0, i:0))
2022-03-07 09:51:18,928 [grpc-default-executor-0] INFO  impl.VoteContext (VoteContext.java:log(48)) - 7fca689d-043b-47bb-bf18-12adf35ba2bc@group-5B77DECE4517-FOLLOWER: accept ELECTION from 84008c31-6636-4a62-b386-f7fb7e7ffddc: our priority 0 <= candidate's priority 1
2022-03-07 09:51:18,928 [grpc-default-executor-0] INFO  server.RaftServer$Division (RaftServerImpl.java:setRole(290)) - 7fca689d-043b-47bb-bf18-12adf35ba2bc@group-5B77DECE4517: changes role from  FOLLOWER to FOLLOWER at term 4 for candidate:84008c31-6636-4a62-b386-f7fb7e7ffddc
2022-03-07 09:51:18,928 [grpc-default-executor-0] INFO  impl.RoleInfo (RoleInfo.java:shutdownFollowerState(108)) - 7fca689d-043b-47bb-bf18-12adf35ba2bc: shutdown 7fca689d-043b-47bb-bf18-12adf35ba2bc@group-5B77DECE4517-FollowerState
2022-03-07 09:51:18,928 [grpc-default-executor-0] INFO  impl.RoleInfo (RoleInfo.java:updateAndGet(130)) - 7fca689d-043b-47bb-bf18-12adf35ba2bc: start 7fca689d-043b-47bb-bf18-12adf35ba2bc@group-5B77DECE4517-FollowerState
2022-03-07 09:51:18,928 [7fca689d-043b-47bb-bf18-12adf35ba2bc@group-5B77DECE4517-FollowerState] INFO  impl.FollowerState (FollowerState.java:run(143)) - 7fca689d-043b-47bb-bf18-12adf35ba2bc@group-5B77DECE4517-FollowerState was interrupted: {}
java.lang.InterruptedException: sleep interrupted
	at java.lang.Thread.sleep(Native Method)
	at java.lang.Thread.sleep(Thread.java:342)
	at java.util.concurrent.TimeUnit.sleep(TimeUnit.java:386)
	at org.apache.ratis.util.TimeDuration.sleep(TimeDuration.java:324)
	at org.apache.ratis.util.TimeDuration.sleep(TimeDuration.java:309)
	at org.apache.ratis.server.impl.FollowerState.run(FollowerState.java:118)
2022-03-07 09:51:18,929 [84008c31-6636-4a62-b386-f7fb7e7ffddc@group-5B77DECE4517-LeaderElection104] INFO  segmented.SegmentedRaftLogWorker (SegmentedRaftLogWorker.java:startLogSegment(394)) - 84008c31-6636-4a62-b386-f7fb7e7ffddc@group-5B77DECE4517-SegmentedRaftLogWorker: Starting segment from index:0
2022-03-07 09:51:18,955 [grpc-default-executor-0] INFO  server.RaftServer$Division (RaftServerImpl.java:requestVote(1078)) - 7fca689d-043b-47bb-bf18-12adf35ba2bc@group-5B77DECE4517 replies to ELECTION vote request: 84008c31-6636-4a62-b386-f7fb7e7ffddc<-7fca689d-043b-47bb-bf18-12adf35ba2bc#0:OK-t4. Peer's state: 7fca689d-043b-47bb-bf18-12adf35ba2bc@group-5B77DECE4517:t4, leader=null, voted=84008c31-6636-4a62-b386-f7fb7e7ffddc, raftlog=7fca689d-043b-47bb-bf18-12adf35ba2bc@group-5B77DECE4517-SegmentedRaftLog:OPENED:c-1, conf=-1: [edf60a86-ae5b-4f71-bc37-25062be06587|rpc:10.1.0.49:38621|priority:0, 7fca689d-043b-47bb-bf18-12adf35ba2bc|rpc:10.1.0.49:42461|priority:0, 84008c31-6636-4a62-b386-f7fb7e7ffddc|rpc:10.1.0.49:44263|priority:1], old=null
2022-03-07 09:51:18,965 [84008c31-6636-4a62-b386-f7fb7e7ffddc@group-5B77DECE4517-SegmentedRaftLogWorker] INFO  segmented.SegmentedRaftLogWorker (SegmentedRaftLogWorker.java:execute(601)) - 84008c31-6636-4a62-b386-f7fb7e7ffddc@group-5B77DECE4517-SegmentedRaftLogWorker: created new log segment /home/runner/work/ozone/ozone/hadoop-ozone/integration-test/target/test-dir/MiniOzoneClusterImpl-4c099742-f0a8-499d-a606-d482764d36d7/datanode-4/data/ratis/27d35f41-3a25-4561-aa12-5b77dece4517/current/log_inprogress_0
2022-03-07 09:51:19,100 [84008c31-6636-4a62-b386-f7fb7e7ffddc@group-5B77DECE4517-LeaderElection104] INFO  server.RaftServer$Division (ServerState.java:setRaftConf(387)) - 84008c31-6636-4a62-b386-f7fb7e7ffddc@group-5B77DECE4517: set configuration 0: [edf60a86-ae5b-4f71-bc37-25062be06587|rpc:10.1.0.49:38621|dataStream:|priority:0, 7fca689d-043b-47bb-bf18-12adf35ba2bc|rpc:10.1.0.49:42461|dataStream:|priority:0, 84008c31-6636-4a62-b386-f7fb7e7ffddc|rpc:10.1.0.49:44263|dataStream:|priority:1], old=null
2022-03-07 09:51:19,102 [grpc-default-executor-2] INFO  ratis.XceiverServerRatis (XceiverServerRatis.java:handleLeaderChangedNotification(867)) - Leader change notification received for group: group-5B77DECE4517 with new leaderId: 84008c31-6636-4a62-b386-f7fb7e7ffddc
2022-03-07 09:51:19,102 [grpc-default-executor-2] INFO  server.RaftServer$Division (ServerState.java:setLeader(285)) - 7fca689d-043b-47bb-bf18-12adf35ba2bc@group-5B77DECE4517: change Leader from null to 84008c31-6636-4a62-b386-f7fb7e7ffddc at term 4 for appendEntries, leader elected after 20936ms
2022-03-07 09:51:19,108 [grpc-default-executor-5] INFO  ratis.XceiverServerRatis (XceiverServerRatis.java:handleLeaderChangedNotification(867)) - Leader change notification received for group: group-5B77DECE4517 with new leaderId: 84008c31-6636-4a62-b386-f7fb7e7ffddc
2022-03-07 09:51:19,108 [grpc-default-executor-5] INFO  server.RaftServer$Division (ServerState.java:setLeader(285)) - edf60a86-ae5b-4f71-bc37-25062be06587@group-5B77DECE4517: change Leader from null to 84008c31-6636-4a62-b386-f7fb7e7ffddc at term 4 for appendEntries, leader elected after 20759ms
2022-03-07 09:51:19,151 [grpc-default-executor-5] INFO  server.RaftServer$Division (ServerState.java:setRaftConf(387)) - edf60a86-ae5b-4f71-bc37-25062be06587@group-5B77DECE4517: set configuration 0: [edf60a86-ae5b-4f71-bc37-25062be06587|rpc:10.1.0.49:38621|dataStream:|priority:0, 7fca689d-043b-47bb-bf18-12adf35ba2bc|rpc:10.1.0.49:42461|dataStream:|priority:0, 84008c31-6636-4a62-b386-f7fb7e7ffddc|rpc:10.1.0.49:44263|dataStream:|priority:1], old=null
2022-03-07 09:51:19,151 [grpc-default-executor-5] INFO  segmented.SegmentedRaftLogWorker (SegmentedRaftLogWorker.java:startLogSegment(394)) - edf60a86-ae5b-4f71-bc37-25062be06587@group-5B77DECE4517-SegmentedRaftLogWorker: Starting segment from index:0
2022-03-07 09:51:19,156 [grpc-default-executor-2] INFO  server.RaftServer$Division (ServerState.java:setRaftConf(387)) - 7fca689d-043b-47bb-bf18-12adf35ba2bc@group-5B77DECE4517: set configuration 0: [edf60a86-ae5b-4f71-bc37-25062be06587|rpc:10.1.0.49:38621|dataStream:|priority:0, 7fca689d-043b-47bb-bf18-12adf35ba2bc|rpc:10.1.0.49:42461|dataStream:|priority:0, 84008c31-6636-4a62-b386-f7fb7e7ffddc|rpc:10.1.0.49:44263|dataStream:|priority:1], old=null
2022-03-07 09:51:19,157 [grpc-default-executor-2] INFO  segmented.SegmentedRaftLogWorker (SegmentedRaftLogWorker.java:startLogSegment(394)) - 7fca689d-043b-47bb-bf18-12adf35ba2bc@group-5B77DECE4517-SegmentedRaftLogWorker: Starting segment from index:0
2022-03-07 09:51:19,179 [7fca689d-043b-47bb-bf18-12adf35ba2bc@group-5B77DECE4517-SegmentedRaftLogWorker] INFO  segmented.SegmentedRaftLogWorker (SegmentedRaftLogWorker.java:execute(601)) - 7fca689d-043b-47bb-bf18-12adf35ba2bc@group-5B77DECE4517-SegmentedRaftLogWorker: created new log segment /home/runner/work/ozone/ozone/hadoop-ozone/integration-test/target/test-dir/MiniOzoneClusterImpl-4c099742-f0a8-499d-a606-d482764d36d7/datanode-3/data/ratis/27d35f41-3a25-4561-aa12-5b77dece4517/current/log_inprogress_0
2022-03-07 09:51:19,179 [edf60a86-ae5b-4f71-bc37-25062be06587@group-5B77DECE4517-SegmentedRaftLogWorker] INFO  segmented.SegmentedRaftLogWorker (SegmentedRaftLogWorker.java:execute(601)) - edf60a86-ae5b-4f71-bc37-25062be06587@group-5B77DECE4517-SegmentedRaftLogWorker: created new log segment /home/runner/work/ozone/ozone/hadoop-ozone/integration-test/target/test-dir/MiniOzoneClusterImpl-4c099742-f0a8-499d-a606-d482764d36d7/datanode-5/data/ratis/27d35f41-3a25-4561-aa12-5b77dece4517/current/log_inprogress_0
2022-03-07 09:51:19,745 [grpc-default-executor-2] WARN  server.GrpcLogAppender (LogUtils.java:warn(122)) - 616d314c-ba0d-49c9-8f1d-797448dad8fd@group-8E452AA84769->cd9cff4b-1bd9-497e-976c-8eec10b9db64-AppendLogResponseHandler: Failed appendEntries: org.apache.ratis.thirdparty.io.grpc.StatusRuntimeException: UNAVAILABLE: io exception
2022-03-07 09:51:19,746 [grpc-default-executor-2] WARN  server.GrpcLogAppender (GrpcLogAppender.java:resetClient(110)) - 616d314c-ba0d-49c9-8f1d-797448dad8fd@group-8E452AA84769->cd9cff4b-1bd9-497e-976c-8eec10b9db64-GrpcLogAppender: Leader has not got in touch with Follower 616d314c-ba0d-49c9-8f1d-797448dad8fd@group-8E452AA84769->cd9cff4b-1bd9-497e-976c-8eec10b9db64(c0,m0,n1, attendVote=true, lastRpcSendTime=2511, lastRpcResponseTime=12582) yet, just keep nextIndex unchanged and retry.
2022-03-07 09:51:19,922 [grpc-default-executor-2] WARN  server.GrpcLogAppender (LogUtils.java:warn(122)) - 728f99e8-418e-4b00-b2e8-36f688b477dd@group-A583654C641D->cd9cff4b-1bd9-497e-976c-8eec10b9db64-AppendLogResponseHandler: Failed appendEntries: org.apache.ratis.thirdparty.io.grpc.StatusRuntimeException: UNAVAILABLE: io exception
2022-03-07 09:51:19,923 [grpc-default-executor-2] WARN  server.GrpcLogAppender (GrpcLogAppender.java:resetClient(110)) - 728f99e8-418e-4b00-b2e8-36f688b477dd@group-A583654C641D->cd9cff4b-1bd9-497e-976c-8eec10b9db64-GrpcLogAppender: Leader has not got in touch with Follower 728f99e8-418e-4b00-b2e8-36f688b477dd@group-A583654C641D->cd9cff4b-1bd9-497e-976c-8eec10b9db64(c0,m0,n1, attendVote=true, lastRpcSendTime=3, lastRpcResponseTime=12581) yet, just keep nextIndex unchanged and retry.
2022-03-07 09:51:19,956 [grpc-default-executor-5] WARN  server.GrpcLogAppender (LogUtils.java:warn(122)) - 728f99e8-418e-4b00-b2e8-36f688b477dd@group-35BB7CC600D3->cd9cff4b-1bd9-497e-976c-8eec10b9db64-AppendLogResponseHandler: Failed appendEntries: org.apache.ratis.thirdparty.io.grpc.StatusRuntimeException: UNAVAILABLE: io exception
2022-03-07 09:51:19,956 [grpc-default-executor-5] WARN  server.GrpcLogAppender (GrpcLogAppender.java:resetClient(110)) - 728f99e8-418e-4b00-b2e8-36f688b477dd@group-35BB7CC600D3->cd9cff4b-1bd9-497e-976c-8eec10b9db64-GrpcLogAppender: Leader has not got in touch with Follower 728f99e8-418e-4b00-b2e8-36f688b477dd@group-35BB7CC600D3->cd9cff4b-1bd9-497e-976c-8eec10b9db64(c-1,m0,n1, attendVote=true, lastRpcSendTime=2504, lastRpcResponseTime=12751) yet, just keep nextIndex unchanged and retry.
2022-03-07 09:51:22,269 [grpc-default-executor-2] WARN  server.GrpcLogAppender (LogUtils.java:warn(122)) - 616d314c-ba0d-49c9-8f1d-797448dad8fd@group-8E452AA84769->cd9cff4b-1bd9-497e-976c-8eec10b9db64-AppendLogResponseHandler: Failed appendEntries: org.apache.ratis.thirdparty.io.grpc.StatusRuntimeException: UNAVAILABLE: io exception
2022-03-07 09:51:22,269 [grpc-default-executor-2] WARN  server.GrpcLogAppender (GrpcLogAppender.java:resetClient(110)) - 616d314c-ba0d-49c9-8f1d-797448dad8fd@group-8E452AA84769->cd9cff4b-1bd9-497e-976c-8eec10b9db64-GrpcLogAppender: Leader has not got in touch with Follower 616d314c-ba0d-49c9-8f1d-797448dad8fd@group-8E452AA84769->cd9cff4b-1bd9-497e-976c-8eec10b9db64(c0,m0,n1, attendVote=true, lastRpcSendTime=2522, lastRpcResponseTime=15105) yet, just keep nextIndex unchanged and retry.
2022-03-07 09:51:22,425 [grpc-default-executor-2] WARN  server.GrpcLogAppender (LogUtils.java:warn(122)) - 728f99e8-418e-4b00-b2e8-36f688b477dd@group-A583654C641D->cd9cff4b-1bd9-497e-976c-8eec10b9db64-AppendLogResponseHandler: Failed appendEntries: org.apache.ratis.thirdparty.io.grpc.StatusRuntimeException: UNAVAILABLE: io exception
2022-03-07 09:51:22,425 [grpc-default-executor-2] WARN  server.GrpcLogAppender (GrpcLogAppender.java:resetClient(110)) - 728f99e8-418e-4b00-b2e8-36f688b477dd@group-A583654C641D->cd9cff4b-1bd9-497e-976c-8eec10b9db64-GrpcLogAppender: Leader has not got in touch with Follower 728f99e8-418e-4b00-b2e8-36f688b477dd@group-A583654C641D->cd9cff4b-1bd9-497e-976c-8eec10b9db64(c0,m0,n1, attendVote=true, lastRpcSendTime=2505, lastRpcResponseTime=15084) yet, just keep nextIndex unchanged and retry.
2022-03-07 09:51:22,462 [grpc-default-executor-2] WARN  server.GrpcLogAppender (LogUtils.java:warn(122)) - 728f99e8-418e-4b00-b2e8-36f688b477dd@group-35BB7CC600D3->cd9cff4b-1bd9-497e-976c-8eec10b9db64-AppendLogResponseHandler: Failed appendEntries: org.apache.ratis.thirdparty.io.grpc.StatusRuntimeException: UNAVAILABLE: io exception
2022-03-07 09:51:22,462 [grpc-default-executor-2] WARN  server.GrpcLogAppender (GrpcLogAppender.java:resetClient(110)) - 728f99e8-418e-4b00-b2e8-36f688b477dd@group-35BB7CC600D3->cd9cff4b-1bd9-497e-976c-8eec10b9db64-GrpcLogAppender: Leader has not got in touch with Follower 728f99e8-418e-4b00-b2e8-36f688b477dd@group-35BB7CC600D3->cd9cff4b-1bd9-497e-976c-8eec10b9db64(c-1,m0,n1, attendVote=true, lastRpcSendTime=2505, lastRpcResponseTime=15257) yet, just keep nextIndex unchanged and retry.
2022-03-07 09:51:22,929 [728f99e8-418e-4b00-b2e8-36f688b477dd@group-35BB7CC600D3-LeaderStateImpl] INFO  server.RaftServer$Division (LeaderStateImpl.java:yieldLeaderToHigherPriorityPeer(930)) - 728f99e8-418e-4b00-b2e8-36f688b477dd@group-35BB7CC600D3-LeaderStateImpl send StartLeaderElectionRequest to follower:cd9cff4b-1bd9-497e-976c-8eec10b9db64 on term:3 because follower's priority:1 is higher than leader's:0 and follower's lastEntry index:0 catch up with leader's:0
2022-03-07 09:51:23,889 [EventQueue-DeadNodeForDeadNodeHandler] INFO  node.DeadNodeHandler (DeadNodeHandler.java:onMessage(80)) - A dead datanode is detected. cd9cff4b-1bd9-497e-976c-8eec10b9db64{ip: 10.1.0.49, host: fv-az291-317.wgnan5asplgejimfprtllbpdch.jx.internal.cloudapp.net, ports: [REPLICATION=46825, RATIS=42923, RATIS_ADMIN=42923, RATIS_SERVER=42923, STANDALONE=43941], networkLocation: /default-rack, certSerialId: null, persistedOpState: IN_SERVICE, persistedOpStateExpiryEpochSec: 0}
2022-03-07 09:51:23,909 [EventQueue-DeadNodeForDeadNodeHandler] INFO  pipeline.RatisPipelineProvider (RatisPipelineProvider.java:lambda$close$1(222)) - Send pipeline:PipelineID=bc84c436-b201-4c59-8f97-3bd9fdeef2e9 close command to datanode cd9cff4b-1bd9-497e-976c-8eec10b9db64
2022-03-07 09:51:23,913 [9fd2d42e-0817-4c6b-b2b7-8c945e0a68b4@group-D482764D36D7-StateMachineUpdater] INFO  pipeline.PipelineStateManagerImpl (PipelineStateManagerImpl.java:removePipeline(223)) - Pipeline Pipeline[ Id: bc84c436-b201-4c59-8f97-3bd9fdeef2e9, Nodes: cd9cff4b-1bd9-497e-976c-8eec10b9db64{ip: 10.1.0.49, host: fv-az291-317.wgnan5asplgejimfprtllbpdch.jx.internal.cloudapp.net, ports: [REPLICATION=46825, RATIS=42923, RATIS_ADMIN=42923, RATIS_SERVER=42923, STANDALONE=43941], networkLocation: /default-rack, certSerialId: null, persistedOpState: IN_SERVICE, persistedOpStateExpiryEpochSec: 0}, ReplicationConfig: RATIS/ONE, State:CLOSED, leaderId:cd9cff4b-1bd9-497e-976c-8eec10b9db64, CreationTimestamp2022-03-07T09:50:54.291Z[Etc/UTC]] removed.
2022-03-07 09:51:23,914 [EventQueue-DeadNodeForDeadNodeHandler] INFO  pipeline.RatisPipelineProvider (RatisPipelineProvider.java:lambda$close$1(222)) - Send pipeline:PipelineID=8dcd701a-e220-441a-b05a-8e452aa84769 close command to datanode 728f99e8-418e-4b00-b2e8-36f688b477dd
2022-03-07 09:51:23,914 [EventQueue-DeadNodeForDeadNodeHandler] INFO  pipeline.RatisPipelineProvider (RatisPipelineProvider.java:lambda$close$1(222)) - Send pipeline:PipelineID=8dcd701a-e220-441a-b05a-8e452aa84769 close command to datanode 616d314c-ba0d-49c9-8f1d-797448dad8fd
2022-03-07 09:51:23,914 [EventQueue-DeadNodeForDeadNodeHandler] INFO  pipeline.RatisPipelineProvider (RatisPipelineProvider.java:lambda$close$1(222)) - Send pipeline:PipelineID=8dcd701a-e220-441a-b05a-8e452aa84769 close command to datanode cd9cff4b-1bd9-497e-976c-8eec10b9db64
2022-03-07 09:51:23,915 [9fd2d42e-0817-4c6b-b2b7-8c945e0a68b4@group-D482764D36D7-StateMachineUpdater] INFO  pipeline.PipelineStateManagerImpl (PipelineStateManagerImpl.java:removePipeline(223)) - Pipeline Pipeline[ Id: 8dcd701a-e220-441a-b05a-8e452aa84769, Nodes: 728f99e8-418e-4b00-b2e8-36f688b477dd{ip: 10.1.0.49, host: fv-az291-317.wgnan5asplgejimfprtllbpdch.jx.internal.cloudapp.net, ports: [REPLICATION=38547, RATIS=44013, RATIS_ADMIN=44013, RATIS_SERVER=44013, STANDALONE=41573], networkLocation: /default-rack, certSerialId: null, persistedOpState: IN_SERVICE, persistedOpStateExpiryEpochSec: 0}616d314c-ba0d-49c9-8f1d-797448dad8fd{ip: 10.1.0.49, host: fv-az291-317.wgnan5asplgejimfprtllbpdch.jx.internal.cloudapp.net, ports: [REPLICATION=32797, RATIS=39129, RATIS_ADMIN=39129, RATIS_SERVER=39129, STANDALONE=37787], networkLocation: /default-rack, certSerialId: null, persistedOpState: IN_SERVICE, persistedOpStateExpiryEpochSec: 0}cd9cff4b-1bd9-497e-976c-8eec10b9db64{ip: 10.1.0.49, host: fv-az291-317.wgnan5asplgejimfprtllbpdch.jx.internal.cloudapp.net, ports: [REPLICATION=46825, RATIS=42923, RATIS_ADMIN=42923, RATIS_SERVER=42923, STANDALONE=43941], networkLocation: /default-rack, certSerialId: null, persistedOpState: IN_SERVICE, persistedOpStateExpiryEpochSec: 0}, ReplicationConfig: RATIS/THREE, State:CLOSED, leaderId:616d314c-ba0d-49c9-8f1d-797448dad8fd, CreationTimestamp2022-03-07T09:50:54.303Z[Etc/UTC]] removed.
2022-03-07 09:51:23,952 [EventQueue-DeadNodeForDeadNodeHandler] INFO  pipeline.RatisPipelineProvider (RatisPipelineProvider.java:lambda$close$1(222)) - Send pipeline:PipelineID=74c3c54d-cb47-44d6-90a4-a583654c641d close command to datanode 728f99e8-418e-4b00-b2e8-36f688b477dd
2022-03-07 09:51:23,955 [EventQueue-DeadNodeForDeadNodeHandler] INFO  pipeline.RatisPipelineProvider (RatisPipelineProvider.java:lambda$close$1(222)) - Send pipeline:PipelineID=74c3c54d-cb47-44d6-90a4-a583654c641d close command to datanode cd9cff4b-1bd9-497e-976c-8eec10b9db64
2022-03-07 09:51:23,955 [EventQueue-DeadNodeForDeadNodeHandler] INFO  pipeline.RatisPipelineProvider (RatisPipelineProvider.java:lambda$close$1(222)) - Send pipeline:PipelineID=74c3c54d-cb47-44d6-90a4-a583654c641d close command to datanode 616d314c-ba0d-49c9-8f1d-797448dad8fd
2022-03-07 09:51:23,957 [9fd2d42e-0817-4c6b-b2b7-8c945e0a68b4@group-D482764D36D7-StateMachineUpdater] INFO  pipeline.PipelineStateManagerImpl (PipelineStateManagerImpl.java:removePipeline(223)) - Pipeline Pipeline[ Id: 74c3c54d-cb47-44d6-90a4-a583654c641d, Nodes: 728f99e8-418e-4b00-b2e8-36f688b477dd{ip: 10.1.0.49, host: fv-az291-317.wgnan5asplgejimfprtllbpdch.jx.internal.cloudapp.net, ports: [REPLICATION=38547, RATIS=44013, RATIS_ADMIN=44013, RATIS_SERVER=44013, STANDALONE=41573], networkLocation: /default-rack, certSerialId: null, persistedOpState: IN_SERVICE, persistedOpStateExpiryEpochSec: 0}cd9cff4b-1bd9-497e-976c-8eec10b9db64{ip: 10.1.0.49, host: fv-az291-317.wgnan5asplgejimfprtllbpdch.jx.internal.cloudapp.net, ports: [REPLICATION=46825, RATIS=42923, RATIS_ADMIN=42923, RATIS_SERVER=42923, STANDALONE=43941], networkLocation: /default-rack, certSerialId: null, persistedOpState: IN_SERVICE, persistedOpStateExpiryEpochSec: 0}616d314c-ba0d-49c9-8f1d-797448dad8fd{ip: 10.1.0.49, host: fv-az291-317.wgnan5asplgejimfprtllbpdch.jx.internal.cloudapp.net, ports: [REPLICATION=32797, RATIS=39129, RATIS_ADMIN=39129, RATIS_SERVER=39129, STANDALONE=37787], networkLocation: /default-rack, certSerialId: null, persistedOpState: IN_SERVICE, persistedOpStateExpiryEpochSec: 0}, ReplicationConfig: RATIS/THREE, State:CLOSED, leaderId:728f99e8-418e-4b00-b2e8-36f688b477dd, CreationTimestamp2022-03-07T09:50:54.315Z[Etc/UTC]] removed.
2022-03-07 09:51:23,958 [EventQueue-DeadNodeForDeadNodeHandler] INFO  pipeline.RatisPipelineProvider (RatisPipelineProvider.java:lambda$close$1(222)) - Send pipeline:PipelineID=d8740330-0b47-446a-878d-35bb7cc600d3 close command to datanode 728f99e8-418e-4b00-b2e8-36f688b477dd
2022-03-07 09:51:23,958 [EventQueue-DeadNodeForDeadNodeHandler] INFO  pipeline.RatisPipelineProvider (RatisPipelineProvider.java:lambda$close$1(222)) - Send pipeline:PipelineID=d8740330-0b47-446a-878d-35bb7cc600d3 close command to datanode 616d314c-ba0d-49c9-8f1d-797448dad8fd
2022-03-07 09:51:23,958 [EventQueue-DeadNodeForDeadNodeHandler] INFO  pipeline.RatisPipelineProvider (RatisPipelineProvider.java:lambda$close$1(222)) - Send pipeline:PipelineID=d8740330-0b47-446a-878d-35bb7cc600d3 close command to datanode cd9cff4b-1bd9-497e-976c-8eec10b9db64
2022-03-07 09:51:23,959 [9fd2d42e-0817-4c6b-b2b7-8c945e0a68b4@group-D482764D36D7-StateMachineUpdater] INFO  pipeline.PipelineStateManagerImpl (PipelineStateManagerImpl.java:removePipeline(223)) - Pipeline Pipeline[ Id: d8740330-0b47-446a-878d-35bb7cc600d3, Nodes: 728f99e8-418e-4b00-b2e8-36f688b477dd{ip: 10.1.0.49, host: fv-az291-317.wgnan5asplgejimfprtllbpdch.jx.internal.cloudapp.net, ports: [REPLICATION=38547, RATIS=44013, RATIS_ADMIN=44013, RATIS_SERVER=44013, STANDALONE=41573], networkLocation: /default-rack, certSerialId: null, persistedOpState: IN_SERVICE, persistedOpStateExpiryEpochSec: 0}616d314c-ba0d-49c9-8f1d-797448dad8fd{ip: 10.1.0.49, host: fv-az291-317.wgnan5asplgejimfprtllbpdch.jx.internal.cloudapp.net, ports: [REPLICATION=32797, RATIS=39129, RATIS_ADMIN=39129, RATIS_SERVER=39129, STANDALONE=37787], networkLocation: /default-rack, certSerialId: null, persistedOpState: IN_SERVICE, persistedOpStateExpiryEpochSec: 0}cd9cff4b-1bd9-497e-976c-8eec10b9db64{ip: 10.1.0.49, host: fv-az291-317.wgnan5asplgejimfprtllbpdch.jx.internal.cloudapp.net, ports: [REPLICATION=46825, RATIS=42923, RATIS_ADMIN=42923, RATIS_SERVER=42923, STANDALONE=43941], networkLocation: /default-rack, certSerialId: null, persistedOpState: IN_SERVICE, persistedOpStateExpiryEpochSec: 0}, ReplicationConfig: RATIS/THREE, State:CLOSED, leaderId:728f99e8-418e-4b00-b2e8-36f688b477dd, CreationTimestamp2022-03-07T09:50:54.311Z[Etc/UTC]] removed.
2022-03-07 09:51:23,960 [EventQueue-DeadNodeForDeadNodeHandler] INFO  net.NetworkTopologyImpl (NetworkTopologyImpl.java:remove(137)) - Removed a node: /default-rack/cd9cff4b-1bd9-497e-976c-8eec10b9db64
2022-03-07 09:51:24,784 [grpc-default-executor-5] WARN  server.GrpcLogAppender (LogUtils.java:warn(122)) - 616d314c-ba0d-49c9-8f1d-797448dad8fd@group-8E452AA84769->cd9cff4b-1bd9-497e-976c-8eec10b9db64-AppendLogResponseHandler: Failed appendEntries: org.apache.ratis.thirdparty.io.grpc.StatusRuntimeException: UNAVAILABLE: io exception
2022-03-07 09:51:24,785 [grpc-default-executor-5] WARN  server.GrpcLogAppender (GrpcLogAppender.java:resetClient(110)) - 616d314c-ba0d-49c9-8f1d-797448dad8fd@group-8E452AA84769->cd9cff4b-1bd9-497e-976c-8eec10b9db64-GrpcLogAppender: Leader has not got in touch with Follower 616d314c-ba0d-49c9-8f1d-797448dad8fd@group-8E452AA84769->cd9cff4b-1bd9-497e-976c-8eec10b9db64(c0,m0,n1, attendVote=true, lastRpcSendTime=0, lastRpcResponseTime=17621) yet, just keep nextIndex unchanged and retry.
2022-03-07 09:51:24,929 [grpc-default-executor-5] WARN  server.GrpcLogAppender (LogUtils.java:warn(122)) - 728f99e8-418e-4b00-b2e8-36f688b477dd@group-A583654C641D->cd9cff4b-1bd9-497e-976c-8eec10b9db64-AppendLogResponseHandler: Failed appendEntries: org.apache.ratis.thirdparty.io.grpc.StatusRuntimeException: UNAVAILABLE: io exception
2022-03-07 09:51:24,929 [grpc-default-executor-5] WARN  server.GrpcLogAppender (GrpcLogAppender.java:resetClient(110)) - 728f99e8-418e-4b00-b2e8-36f688b477dd@group-A583654C641D->cd9cff4b-1bd9-497e-976c-8eec10b9db64-GrpcLogAppender: Leader has not got in touch with Follower 728f99e8-418e-4b00-b2e8-36f688b477dd@group-A583654C641D->cd9cff4b-1bd9-497e-976c-8eec10b9db64(c0,m0,n1, attendVote=true, lastRpcSendTime=0, lastRpcResponseTime=17588) yet, just keep nextIndex unchanged and retry.
2022-03-07 09:51:24,976 [grpc-default-executor-5] WARN  server.GrpcLogAppender (LogUtils.java:warn(122)) - 728f99e8-418e-4b00-b2e8-36f688b477dd@group-35BB7CC600D3->cd9cff4b-1bd9-497e-976c-8eec10b9db64-AppendLogResponseHandler: Failed appendEntries: org.apache.ratis.thirdparty.io.grpc.StatusRuntimeException: UNAVAILABLE: io exception
2022-03-07 09:51:24,990 [grpc-default-executor-5] WARN  server.GrpcLogAppender (GrpcLogAppender.java:resetClient(110)) - 728f99e8-418e-4b00-b2e8-36f688b477dd@group-35BB7CC600D3->cd9cff4b-1bd9-497e-976c-8eec10b9db64-GrpcLogAppender: Leader has not got in touch with Follower 728f99e8-418e-4b00-b2e8-36f688b477dd@group-35BB7CC600D3->cd9cff4b-1bd9-497e-976c-8eec10b9db64(c-1,m0,n1, attendVote=true, lastRpcSendTime=2527, lastRpcResponseTime=17785) yet, just keep nextIndex unchanged and retry.
2022-03-07 09:51:25,053 [Command processor thread] INFO  server.RaftServer (RaftServerProxy.java:remove(106)) - 616d314c-ba0d-49c9-8f1d-797448dad8fd: remove    LEADER 616d314c-ba0d-49c9-8f1d-797448dad8fd@group-8E452AA84769:t2, leader=616d314c-ba0d-49c9-8f1d-797448dad8fd, voted=616d314c-ba0d-49c9-8f1d-797448dad8fd, raftlog=616d314c-ba0d-49c9-8f1d-797448dad8fd@group-8E452AA84769-SegmentedRaftLog:OPENED:c0, conf=0: [728f99e8-418e-4b00-b2e8-36f688b477dd|rpc:10.1.0.49:44013|dataStream:|priority:0, 616d314c-ba0d-49c9-8f1d-797448dad8fd|rpc:10.1.0.49:39129|dataStream:|priority:1, cd9cff4b-1bd9-497e-976c-8eec10b9db64|rpc:10.1.0.49:42923|dataStream:|priority:0], old=null RUNNING
2022-03-07 09:51:25,053 [Command processor thread] INFO  server.RaftServer$Division (RaftServerImpl.java:lambda$close$4(412)) - 616d314c-ba0d-49c9-8f1d-797448dad8fd@group-8E452AA84769: shutdown
2022-03-07 09:51:25,053 [Command processor thread] INFO  util.JmxRegister (JmxRegister.java:unregister(73)) - Successfully un-registered JMX Bean with object name Ratis:service=RaftServer,group=group-8E452AA84769,id=616d314c-ba0d-49c9-8f1d-797448dad8fd
2022-03-07 09:51:25,054 [Command processor thread] INFO  impl.RoleInfo (RoleInfo.java:shutdownLeaderState(91)) - 616d314c-ba0d-49c9-8f1d-797448dad8fd: shutdown 616d314c-ba0d-49c9-8f1d-797448dad8fd@group-8E452AA84769-LeaderStateImpl
2022-03-07 09:51:25,072 [Command processor thread] INFO  impl.PendingRequests (PendingRequests.java:sendNotLeaderResponses(282)) - 616d314c-ba0d-49c9-8f1d-797448dad8fd@group-8E452AA84769-PendingRequests: sendNotLeaderResponses
2022-03-07 09:51:25,073 [Command processor thread] INFO  impl.StateMachineUpdater (StateMachineUpdater.java:stopAndJoin(149)) - 616d314c-ba0d-49c9-8f1d-797448dad8fd@group-8E452AA84769-StateMachineUpdater: set stopIndex = 0
2022-03-07 09:51:25,073 [616d314c-ba0d-49c9-8f1d-797448dad8fd@group-8E452AA84769-StateMachineUpdater] INFO  ratis.ContainerStateMachine (ContainerStateMachine.java:takeSnapshot(304)) - group-8E452AA84769: Taking a snapshot at:(t:2, i:0) file /home/runner/work/ozone/ozone/hadoop-ozone/integration-test/target/test-dir/MiniOzoneClusterImpl-4c099742-f0a8-499d-a606-d482764d36d7/datanode-1/data/ratis/8dcd701a-e220-441a-b05a-8e452aa84769/sm/snapshot.2_0
2022-03-07 09:51:25,073 [616d314c-ba0d-49c9-8f1d-797448dad8fd@group-8E452AA84769->728f99e8-418e-4b00-b2e8-36f688b477dd-GrpcLogAppender-LogAppenderDaemon] WARN  server.GrpcLogAppender (GrpcLogAppender.java:mayWait(177)) - 616d314c-ba0d-49c9-8f1d-797448dad8fd@group-8E452AA84769->728f99e8-418e-4b00-b2e8-36f688b477dd-GrpcLogAppender: Wait interrupted by java.lang.InterruptedException
2022-03-07 09:51:25,074 [grpc-default-executor-5] INFO  server.GrpcServerProtocolService (GrpcServerProtocolService.java:onCompleted(140)) - 728f99e8-418e-4b00-b2e8-36f688b477dd: Completed APPEND_ENTRIES, lastRequest: 616d314c-ba0d-49c9-8f1d-797448dad8fd->728f99e8-418e-4b00-b2e8-36f688b477dd#1-t2,previous=(t:0, i:0),leaderCommit=0,initializing? true,entries: size=1, first=(t:2, i:0), CONFIGURATIONENTRY
2022-03-07 09:51:25,075 [grpc-default-executor-2] INFO  server.GrpcLogAppender (GrpcLogAppender.java:onCompleted(346)) - 616d314c-ba0d-49c9-8f1d-797448dad8fd@group-8E452AA84769->728f99e8-418e-4b00-b2e8-36f688b477dd-AppendLogResponseHandler: follower responses appendEntries COMPLETED
2022-03-07 09:51:25,075 [grpc-default-executor-2] INFO  leader.FollowerInfo (FollowerInfoImpl.java:lambda$new$0(47)) - 616d314c-ba0d-49c9-8f1d-797448dad8fd@group-8E452AA84769->728f99e8-418e-4b00-b2e8-36f688b477dd: nextIndex: updateUnconditionally 1 -> 0
2022-03-07 09:51:25,075 [616d314c-ba0d-49c9-8f1d-797448dad8fd@group-8E452AA84769-StateMachineUpdater] INFO  ratis.ContainerStateMachine (ContainerStateMachine.java:takeSnapshot(315)) - group-8E452AA84769: Finished taking a snapshot at:(t:2, i:0) file:/home/runner/work/ozone/ozone/hadoop-ozone/integration-test/target/test-dir/MiniOzoneClusterImpl-4c099742-f0a8-499d-a606-d482764d36d7/datanode-1/data/ratis/8dcd701a-e220-441a-b05a-8e452aa84769/sm/snapshot.2_0 took: 2 ms
2022-03-07 09:51:25,075 [616d314c-ba0d-49c9-8f1d-797448dad8fd@group-8E452AA84769-StateMachineUpdater] INFO  impl.StateMachineUpdater (StateMachineUpdater.java:takeSnapshot(281)) - 616d314c-ba0d-49c9-8f1d-797448dad8fd@group-8E452AA84769-StateMachineUpdater: Took a snapshot at index 0
2022-03-07 09:51:25,075 [616d314c-ba0d-49c9-8f1d-797448dad8fd@group-8E452AA84769-StateMachineUpdater] INFO  impl.StateMachineUpdater (StateMachineUpdater.java:lambda$new$0(89)) - 616d314c-ba0d-49c9-8f1d-797448dad8fd@group-8E452AA84769-StateMachineUpdater: snapshotIndex: updateIncreasingly -1 -> 0
2022-03-07 09:51:25,076 [Command processor thread] INFO  server.RaftServer$Division (ServerState.java:close(419)) - 616d314c-ba0d-49c9-8f1d-797448dad8fd@group-8E452AA84769: closes. applyIndex: 0
2022-03-07 09:51:25,076 [616d314c-ba0d-49c9-8f1d-797448dad8fd@group-8E452AA84769-SegmentedRaftLogWorker] INFO  segmented.SegmentedRaftLogWorker (SegmentedRaftLogWorker.java:run(327)) - 616d314c-ba0d-49c9-8f1d-797448dad8fd@group-8E452AA84769-SegmentedRaftLogWorker was interrupted, exiting. There are 0 tasks remaining in the queue.
2022-03-07 09:51:25,080 [Command processor thread] INFO  segmented.SegmentedRaftLogWorker (SegmentedRaftLogWorker.java:close(237)) - 616d314c-ba0d-49c9-8f1d-797448dad8fd@group-8E452AA84769-SegmentedRaftLogWorker close()
2022-03-07 09:51:25,083 [Command processor thread] INFO  server.RaftServer$Division (RaftServerImpl.java:groupRemove(382)) - 616d314c-ba0d-49c9-8f1d-797448dad8fd@group-8E452AA84769: Succeed to remove RaftStorageDirectory Storage Directory /home/runner/work/ozone/ozone/hadoop-ozone/integration-test/target/test-dir/MiniOzoneClusterImpl-4c099742-f0a8-499d-a606-d482764d36d7/datanode-1/data/ratis/8dcd701a-e220-441a-b05a-8e452aa84769
2022-03-07 09:51:25,083 [Command processor thread] INFO  commandhandler.ClosePipelineCommandHandler (ClosePipelineCommandHandler.java:handle(78)) - Close Pipeline PipelineID=8dcd701a-e220-441a-b05a-8e452aa84769 command on datanode 616d314c-ba0d-49c9-8f1d-797448dad8fd.
2022-03-07 09:51:25,083 [Command processor thread] INFO  server.RaftServer (RaftServerProxy.java:remove(106)) - 616d314c-ba0d-49c9-8f1d-797448dad8fd: remove  FOLLOWER 616d314c-ba0d-49c9-8f1d-797448dad8fd@group-A583654C641D:t2, leader=728f99e8-418e-4b00-b2e8-36f688b477dd, voted=728f99e8-418e-4b00-b2e8-36f688b477dd, raftlog=616d314c-ba0d-49c9-8f1d-797448dad8fd@group-A583654C641D-SegmentedRaftLog:OPENED:c0, conf=0: [728f99e8-418e-4b00-b2e8-36f688b477dd|rpc:10.1.0.49:44013|dataStream:|priority:1, 616d314c-ba0d-49c9-8f1d-797448dad8fd|rpc:10.1.0.49:39129|dataStream:|priority:0, cd9cff4b-1bd9-497e-976c-8eec10b9db64|rpc:10.1.0.49:42923|dataStream:|priority:0], old=null RUNNING
2022-03-07 09:51:25,083 [Command processor thread] INFO  server.RaftServer$Division (RaftServerImpl.java:lambda$close$4(412)) - 616d314c-ba0d-49c9-8f1d-797448dad8fd@group-A583654C641D: shutdown
2022-03-07 09:51:25,083 [Command processor thread] INFO  util.JmxRegister (JmxRegister.java:unregister(73)) - Successfully un-registered JMX Bean with object name Ratis:service=RaftServer,group=group-A583654C641D,id=616d314c-ba0d-49c9-8f1d-797448dad8fd
2022-03-07 09:51:25,083 [Command processor thread] INFO  impl.RoleInfo (RoleInfo.java:shutdownFollowerState(108)) - 616d314c-ba0d-49c9-8f1d-797448dad8fd: shutdown 616d314c-ba0d-49c9-8f1d-797448dad8fd@group-A583654C641D-FollowerState
2022-03-07 09:51:25,083 [616d314c-ba0d-49c9-8f1d-797448dad8fd@group-A583654C641D-FollowerState] INFO  impl.FollowerState (FollowerState.java:run(143)) - 616d314c-ba0d-49c9-8f1d-797448dad8fd@group-A583654C641D-FollowerState was interrupted: {}
java.lang.InterruptedException: sleep interrupted
	at java.lang.Thread.sleep(Native Method)
	at java.lang.Thread.sleep(Thread.java:342)
	at java.util.concurrent.TimeUnit.sleep(TimeUnit.java:386)
	at org.apache.ratis.util.TimeDuration.sleep(TimeDuration.java:324)
	at org.apache.ratis.util.TimeDuration.sleep(TimeDuration.java:309)
	at org.apache.ratis.server.impl.FollowerState.run(FollowerState.java:118)
2022-03-07 09:51:25,098 [Command processor thread] INFO  impl.StateMachineUpdater (StateMachineUpdater.java:stopAndJoin(149)) - 616d314c-ba0d-49c9-8f1d-797448dad8fd@group-A583654C641D-StateMachineUpdater: set stopIndex = 0
2022-03-07 09:51:25,124 [616d314c-ba0d-49c9-8f1d-797448dad8fd@group-A583654C641D-StateMachineUpdater] INFO  ratis.ContainerStateMachine (ContainerStateMachine.java:takeSnapshot(304)) - group-A583654C641D: Taking a snapshot at:(t:2, i:0) file /home/runner/work/ozone/ozone/hadoop-ozone/integration-test/target/test-dir/MiniOzoneClusterImpl-4c099742-f0a8-499d-a606-d482764d36d7/datanode-1/data/ratis/74c3c54d-cb47-44d6-90a4-a583654c641d/sm/snapshot.2_0
2022-03-07 09:51:25,125 [616d314c-ba0d-49c9-8f1d-797448dad8fd@group-A583654C641D-StateMachineUpdater] INFO  ratis.ContainerStateMachine (ContainerStateMachine.java:takeSnapshot(315)) - group-A583654C641D: Finished taking a snapshot at:(t:2, i:0) file:/home/runner/work/ozone/ozone/hadoop-ozone/integration-test/target/test-dir/MiniOzoneClusterImpl-4c099742-f0a8-499d-a606-d482764d36d7/datanode-1/data/ratis/74c3c54d-cb47-44d6-90a4-a583654c641d/sm/snapshot.2_0 took: 0 ms
2022-03-07 09:51:25,125 [616d314c-ba0d-49c9-8f1d-797448dad8fd@group-A583654C641D-StateMachineUpdater] INFO  impl.StateMachineUpdater (StateMachineUpdater.java:takeSnapshot(281)) - 616d314c-ba0d-49c9-8f1d-797448dad8fd@group-A583654C641D-StateMachineUpdater: Took a snapshot at index 0
2022-03-07 09:51:25,125 [616d314c-ba0d-49c9-8f1d-797448dad8fd@group-A583654C641D-StateMachineUpdater] INFO  impl.StateMachineUpdater (StateMachineUpdater.java:lambda$new$0(89)) - 616d314c-ba0d-49c9-8f1d-797448dad8fd@group-A583654C641D-StateMachineUpdater: snapshotIndex: updateIncreasingly -1 -> 0
2022-03-07 09:51:25,125 [Command processor thread] INFO  server.RaftServer$Division (ServerState.java:close(419)) - 616d314c-ba0d-49c9-8f1d-797448dad8fd@group-A583654C641D: closes. applyIndex: 0
2022-03-07 09:51:25,126 [616d314c-ba0d-49c9-8f1d-797448dad8fd@group-A583654C641D-SegmentedRaftLogWorker] INFO  segmented.SegmentedRaftLogWorker (SegmentedRaftLogWorker.java:run(327)) - 616d314c-ba0d-49c9-8f1d-797448dad8fd@group-A583654C641D-SegmentedRaftLogWorker was interrupted, exiting. There are 0 tasks remaining in the queue.
2022-03-07 09:51:25,131 [Command processor thread] INFO  segmented.SegmentedRaftLogWorker (SegmentedRaftLogWorker.java:close(237)) - 616d314c-ba0d-49c9-8f1d-797448dad8fd@group-A583654C641D-SegmentedRaftLogWorker close()
2022-03-07 09:51:25,134 [Command processor thread] INFO  server.RaftServer$Division (RaftServerImpl.java:groupRemove(382)) - 616d314c-ba0d-49c9-8f1d-797448dad8fd@group-A583654C641D: Succeed to remove RaftStorageDirectory Storage Directory /home/runner/work/ozone/ozone/hadoop-ozone/integration-test/target/test-dir/MiniOzoneClusterImpl-4c099742-f0a8-499d-a606-d482764d36d7/datanode-1/data/ratis/74c3c54d-cb47-44d6-90a4-a583654c641d
2022-03-07 09:51:25,135 [Command processor thread] INFO  commandhandler.ClosePipelineCommandHandler (ClosePipelineCommandHandler.java:handle(78)) - Close Pipeline PipelineID=74c3c54d-cb47-44d6-90a4-a583654c641d command on datanode 616d314c-ba0d-49c9-8f1d-797448dad8fd.
2022-03-07 09:51:25,135 [Command processor thread] INFO  server.RaftServer (RaftServerProxy.java:remove(106)) - 616d314c-ba0d-49c9-8f1d-797448dad8fd: remove  FOLLOWER 616d314c-ba0d-49c9-8f1d-797448dad8fd@group-35BB7CC600D3:t3, leader=728f99e8-418e-4b00-b2e8-36f688b477dd, voted=728f99e8-418e-4b00-b2e8-36f688b477dd, raftlog=616d314c-ba0d-49c9-8f1d-797448dad8fd@group-35BB7CC600D3-SegmentedRaftLog:OPENED:c0, conf=0: [728f99e8-418e-4b00-b2e8-36f688b477dd|rpc:10.1.0.49:44013|dataStream:|priority:0, 616d314c-ba0d-49c9-8f1d-797448dad8fd|rpc:10.1.0.49:39129|dataStream:|priority:0, cd9cff4b-1bd9-497e-976c-8eec10b9db64|rpc:10.1.0.49:42923|dataStream:|priority:1], old=null RUNNING
2022-03-07 09:51:25,135 [Command processor thread] INFO  server.RaftServer$Division (RaftServerImpl.java:lambda$close$4(412)) - 616d314c-ba0d-49c9-8f1d-797448dad8fd@group-35BB7CC600D3: shutdown
2022-03-07 09:51:25,135 [Command processor thread] INFO  util.JmxRegister (JmxRegister.java:unregister(73)) - Successfully un-registered JMX Bean with object name Ratis:service=RaftServer,group=group-35BB7CC600D3,id=616d314c-ba0d-49c9-8f1d-797448dad8fd
2022-03-07 09:51:25,135 [Command processor thread] INFO  impl.RoleInfo (RoleInfo.java:shutdownFollowerState(108)) - 616d314c-ba0d-49c9-8f1d-797448dad8fd: shutdown 616d314c-ba0d-49c9-8f1d-797448dad8fd@group-35BB7CC600D3-FollowerState
2022-03-07 09:51:25,135 [Command processor thread] INFO  impl.StateMachineUpdater (StateMachineUpdater.java:stopAndJoin(149)) - 616d314c-ba0d-49c9-8f1d-797448dad8fd@group-35BB7CC600D3-StateMachineUpdater: set stopIndex = 0
2022-03-07 09:51:25,135 [616d314c-ba0d-49c9-8f1d-797448dad8fd@group-35BB7CC600D3-FollowerState] INFO  impl.FollowerState (FollowerState.java:run(143)) - 616d314c-ba0d-49c9-8f1d-797448dad8fd@group-35BB7CC600D3-FollowerState was interrupted: {}
java.lang.InterruptedException: sleep interrupted
	at java.lang.Thread.sleep(Native Method)
	at java.lang.Thread.sleep(Thread.java:342)
	at java.util.concurrent.TimeUnit.sleep(TimeUnit.java:386)
	at org.apache.ratis.util.TimeDuration.sleep(TimeDuration.java:324)
	at org.apache.ratis.util.TimeDuration.sleep(TimeDuration.java:309)
	at org.apache.ratis.server.impl.FollowerState.run(FollowerState.java:118)
2022-03-07 09:51:25,135 [616d314c-ba0d-49c9-8f1d-797448dad8fd@group-35BB7CC600D3-StateMachineUpdater] INFO  ratis.ContainerStateMachine (ContainerStateMachine.java:takeSnapshot(304)) - group-35BB7CC600D3: Taking a snapshot at:(t:3, i:0) file /home/runner/work/ozone/ozone/hadoop-ozone/integration-test/target/test-dir/MiniOzoneClusterImpl-4c099742-f0a8-499d-a606-d482764d36d7/datanode-1/data/ratis/d8740330-0b47-446a-878d-35bb7cc600d3/sm/snapshot.3_0
2022-03-07 09:51:25,219 [616d314c-ba0d-49c9-8f1d-797448dad8fd@group-35BB7CC600D3-StateMachineUpdater] INFO  ratis.ContainerStateMachine (ContainerStateMachine.java:takeSnapshot(315)) - group-35BB7CC600D3: Finished taking a snapshot at:(t:3, i:0) file:/home/runner/work/ozone/ozone/hadoop-ozone/integration-test/target/test-dir/MiniOzoneClusterImpl-4c099742-f0a8-499d-a606-d482764d36d7/datanode-1/data/ratis/d8740330-0b47-446a-878d-35bb7cc600d3/sm/snapshot.3_0 took: 84 ms
2022-03-07 09:51:25,219 [616d314c-ba0d-49c9-8f1d-797448dad8fd@group-35BB7CC600D3-StateMachineUpdater] INFO  impl.StateMachineUpdater (StateMachineUpdater.java:takeSnapshot(281)) - 616d314c-ba0d-49c9-8f1d-797448dad8fd@group-35BB7CC600D3-StateMachineUpdater: Took a snapshot at index 0
2022-03-07 09:51:25,219 [616d314c-ba0d-49c9-8f1d-797448dad8fd@group-35BB7CC600D3-StateMachineUpdater] INFO  impl.StateMachineUpdater (StateMachineUpdater.java:lambda$new$0(89)) - 616d314c-ba0d-49c9-8f1d-797448dad8fd@group-35BB7CC600D3-StateMachineUpdater: snapshotIndex: updateIncreasingly -1 -> 0
2022-03-07 09:51:25,220 [Command processor thread] INFO  server.RaftServer$Division (ServerState.java:close(419)) - 616d314c-ba0d-49c9-8f1d-797448dad8fd@group-35BB7CC600D3: closes. applyIndex: 0
2022-03-07 09:51:25,220 [616d314c-ba0d-49c9-8f1d-797448dad8fd@group-35BB7CC600D3-SegmentedRaftLogWorker] INFO  segmented.SegmentedRaftLogWorker (SegmentedRaftLogWorker.java:run(327)) - 616d314c-ba0d-49c9-8f1d-797448dad8fd@group-35BB7CC600D3-SegmentedRaftLogWorker was interrupted, exiting. There are 0 tasks remaining in the queue.
2022-03-07 09:51:25,225 [Command processor thread] INFO  segmented.SegmentedRaftLogWorker (SegmentedRaftLogWorker.java:close(237)) - 616d314c-ba0d-49c9-8f1d-797448dad8fd@group-35BB7CC600D3-SegmentedRaftLogWorker close()
2022-03-07 09:51:25,228 [Command processor thread] INFO  server.RaftServer$Division (RaftServerImpl.java:groupRemove(382)) - 616d314c-ba0d-49c9-8f1d-797448dad8fd@group-35BB7CC600D3: Succeed to remove RaftStorageDirectory Storage Directory /home/runner/work/ozone/ozone/hadoop-ozone/integration-test/target/test-dir/MiniOzoneClusterImpl-4c099742-f0a8-499d-a606-d482764d36d7/datanode-1/data/ratis/d8740330-0b47-446a-878d-35bb7cc600d3
2022-03-07 09:51:25,228 [Command processor thread] INFO  commandhandler.ClosePipelineCommandHandler (ClosePipelineCommandHandler.java:handle(78)) - Close Pipeline PipelineID=d8740330-0b47-446a-878d-35bb7cc600d3 command on datanode 616d314c-ba0d-49c9-8f1d-797448dad8fd.
2022-03-07 09:51:25,414 [Command processor thread] INFO  server.RaftServer (RaftServerProxy.java:remove(106)) - 728f99e8-418e-4b00-b2e8-36f688b477dd: remove  FOLLOWER 728f99e8-418e-4b00-b2e8-36f688b477dd@group-8E452AA84769:t2, leader=616d314c-ba0d-49c9-8f1d-797448dad8fd, voted=616d314c-ba0d-49c9-8f1d-797448dad8fd, raftlog=728f99e8-418e-4b00-b2e8-36f688b477dd@group-8E452AA84769-SegmentedRaftLog:OPENED:c0, conf=0: [728f99e8-418e-4b00-b2e8-36f688b477dd|rpc:10.1.0.49:44013|dataStream:|priority:0, 616d314c-ba0d-49c9-8f1d-797448dad8fd|rpc:10.1.0.49:39129|dataStream:|priority:1, cd9cff4b-1bd9-497e-976c-8eec10b9db64|rpc:10.1.0.49:42923|dataStream:|priority:0], old=null RUNNING
2022-03-07 09:51:25,414 [Command processor thread] INFO  server.RaftServer$Division (RaftServerImpl.java:lambda$close$4(412)) - 728f99e8-418e-4b00-b2e8-36f688b477dd@group-8E452AA84769: shutdown
2022-03-07 09:51:25,414 [Command processor thread] INFO  util.JmxRegister (JmxRegister.java:unregister(73)) - Successfully un-registered JMX Bean with object name Ratis:service=RaftServer,group=group-8E452AA84769,id=728f99e8-418e-4b00-b2e8-36f688b477dd
2022-03-07 09:51:25,414 [Command processor thread] INFO  impl.RoleInfo (RoleInfo.java:shutdownFollowerState(108)) - 728f99e8-418e-4b00-b2e8-36f688b477dd: shutdown 728f99e8-418e-4b00-b2e8-36f688b477dd@group-8E452AA84769-FollowerState
2022-03-07 09:51:25,414 [Command processor thread] INFO  impl.StateMachineUpdater (StateMachineUpdater.java:stopAndJoin(149)) - 728f99e8-418e-4b00-b2e8-36f688b477dd@group-8E452AA84769-StateMachineUpdater: set stopIndex = 0
2022-03-07 09:51:25,414 [728f99e8-418e-4b00-b2e8-36f688b477dd@group-8E452AA84769-FollowerState] INFO  impl.FollowerState (FollowerState.java:run(143)) - 728f99e8-418e-4b00-b2e8-36f688b477dd@group-8E452AA84769-FollowerState was interrupted: {}
java.lang.InterruptedException: sleep interrupted
	at java.lang.Thread.sleep(Native Method)
	at java.lang.Thread.sleep(Thread.java:342)
	at java.util.concurrent.TimeUnit.sleep(TimeUnit.java:386)
	at org.apache.ratis.util.TimeDuration.sleep(TimeDuration.java:324)
	at org.apache.ratis.util.TimeDuration.sleep(TimeDuration.java:309)
	at org.apache.ratis.server.impl.FollowerState.run(FollowerState.java:118)
2022-03-07 09:51:25,426 [728f99e8-418e-4b00-b2e8-36f688b477dd@group-8E452AA84769-StateMachineUpdater] INFO  ratis.ContainerStateMachine (ContainerStateMachine.java:takeSnapshot(304)) - group-8E452AA84769: Taking a snapshot at:(t:2, i:0) file /home/runner/work/ozone/ozone/hadoop-ozone/integration-test/target/test-dir/MiniOzoneClusterImpl-4c099742-f0a8-499d-a606-d482764d36d7/datanode-0/data/ratis/8dcd701a-e220-441a-b05a-8e452aa84769/sm/snapshot.2_0
2022-03-07 09:51:25,427 [728f99e8-418e-4b00-b2e8-36f688b477dd@group-8E452AA84769-StateMachineUpdater] INFO  ratis.ContainerStateMachine (ContainerStateMachine.java:takeSnapshot(315)) - group-8E452AA84769: Finished taking a snapshot at:(t:2, i:0) file:/home/runner/work/ozone/ozone/hadoop-ozone/integration-test/target/test-dir/MiniOzoneClusterImpl-4c099742-f0a8-499d-a606-d482764d36d7/datanode-0/data/ratis/8dcd701a-e220-441a-b05a-8e452aa84769/sm/snapshot.2_0 took: 1 ms
2022-03-07 09:51:25,427 [728f99e8-418e-4b00-b2e8-36f688b477dd@group-8E452AA84769-StateMachineUpdater] INFO  impl.StateMachineUpdater (StateMachineUpdater.java:takeSnapshot(281)) - 728f99e8-418e-4b00-b2e8-36f688b477dd@group-8E452AA84769-StateMachineUpdater: Took a snapshot at index 0
2022-03-07 09:51:25,427 [728f99e8-418e-4b00-b2e8-36f688b477dd@group-8E452AA84769-StateMachineUpdater] INFO  impl.StateMachineUpdater (StateMachineUpdater.java:lambda$new$0(89)) - 728f99e8-418e-4b00-b2e8-36f688b477dd@group-8E452AA84769-StateMachineUpdater: snapshotIndex: updateIncreasingly -1 -> 0
2022-03-07 09:51:25,428 [Command processor thread] INFO  server.RaftServer$Division (ServerState.java:close(419)) - 728f99e8-418e-4b00-b2e8-36f688b477dd@group-8E452AA84769: closes. applyIndex: 0
2022-03-07 09:51:25,428 [728f99e8-418e-4b00-b2e8-36f688b477dd@group-8E452AA84769-SegmentedRaftLogWorker] INFO  segmented.SegmentedRaftLogWorker (SegmentedRaftLogWorker.java:run(327)) - 728f99e8-418e-4b00-b2e8-36f688b477dd@group-8E452AA84769-SegmentedRaftLogWorker was interrupted, exiting. There are 0 tasks remaining in the queue.
2022-03-07 09:51:25,445 [Command processor thread] INFO  segmented.SegmentedRaftLogWorker (SegmentedRaftLogWorker.java:close(237)) - 728f99e8-418e-4b00-b2e8-36f688b477dd@group-8E452AA84769-SegmentedRaftLogWorker close()
2022-03-07 09:51:25,447 [Command processor thread] INFO  server.RaftServer$Division (RaftServerImpl.java:groupRemove(382)) - 728f99e8-418e-4b00-b2e8-36f688b477dd@group-8E452AA84769: Succeed to remove RaftStorageDirectory Storage Directory /home/runner/work/ozone/ozone/hadoop-ozone/integration-test/target/test-dir/MiniOzoneClusterImpl-4c099742-f0a8-499d-a606-d482764d36d7/datanode-0/data/ratis/8dcd701a-e220-441a-b05a-8e452aa84769
2022-03-07 09:51:25,447 [Command processor thread] INFO  commandhandler.ClosePipelineCommandHandler (ClosePipelineCommandHandler.java:handle(78)) - Close Pipeline PipelineID=8dcd701a-e220-441a-b05a-8e452aa84769 command on datanode 728f99e8-418e-4b00-b2e8-36f688b477dd.
2022-03-07 09:51:25,447 [Command processor thread] INFO  server.RaftServer (RaftServerProxy.java:remove(106)) - 728f99e8-418e-4b00-b2e8-36f688b477dd: remove    LEADER 728f99e8-418e-4b00-b2e8-36f688b477dd@group-A583654C641D:t2, leader=728f99e8-418e-4b00-b2e8-36f688b477dd, voted=728f99e8-418e-4b00-b2e8-36f688b477dd, raftlog=728f99e8-418e-4b00-b2e8-36f688b477dd@group-A583654C641D-SegmentedRaftLog:OPENED:c0, conf=0: [728f99e8-418e-4b00-b2e8-36f688b477dd|rpc:10.1.0.49:44013|dataStream:|priority:1, 616d314c-ba0d-49c9-8f1d-797448dad8fd|rpc:10.1.0.49:39129|dataStream:|priority:0, cd9cff4b-1bd9-497e-976c-8eec10b9db64|rpc:10.1.0.49:42923|dataStream:|priority:0], old=null RUNNING
2022-03-07 09:51:25,447 [Command processor thread] INFO  server.RaftServer$Division (RaftServerImpl.java:lambda$close$4(412)) - 728f99e8-418e-4b00-b2e8-36f688b477dd@group-A583654C641D: shutdown
2022-03-07 09:51:25,447 [Command processor thread] INFO  util.JmxRegister (JmxRegister.java:unregister(73)) - Successfully un-registered JMX Bean with object name Ratis:service=RaftServer,group=group-A583654C641D,id=728f99e8-418e-4b00-b2e8-36f688b477dd
2022-03-07 09:51:25,447 [Command processor thread] INFO  impl.RoleInfo (RoleInfo.java:shutdownLeaderState(91)) - 728f99e8-418e-4b00-b2e8-36f688b477dd: shutdown 728f99e8-418e-4b00-b2e8-36f688b477dd@group-A583654C641D-LeaderStateImpl
2022-03-07 09:51:25,448 [Command processor thread] INFO  impl.PendingRequests (PendingRequests.java:sendNotLeaderResponses(282)) - 728f99e8-418e-4b00-b2e8-36f688b477dd@group-A583654C641D-PendingRequests: sendNotLeaderResponses
2022-03-07 09:51:25,448 [Command processor thread] INFO  impl.StateMachineUpdater (StateMachineUpdater.java:stopAndJoin(149)) - 728f99e8-418e-4b00-b2e8-36f688b477dd@group-A583654C641D-StateMachineUpdater: set stopIndex = 0
2022-03-07 09:51:25,452 [728f99e8-418e-4b00-b2e8-36f688b477dd@group-A583654C641D-StateMachineUpdater] INFO  ratis.ContainerStateMachine (ContainerStateMachine.java:takeSnapshot(304)) - group-A583654C641D: Taking a snapshot at:(t:2, i:0) file /home/runner/work/ozone/ozone/hadoop-ozone/integration-test/target/test-dir/MiniOzoneClusterImpl-4c099742-f0a8-499d-a606-d482764d36d7/datanode-0/data/ratis/74c3c54d-cb47-44d6-90a4-a583654c641d/sm/snapshot.2_0
2022-03-07 09:51:25,453 [728f99e8-418e-4b00-b2e8-36f688b477dd@group-A583654C641D->616d314c-ba0d-49c9-8f1d-797448dad8fd-GrpcLogAppender-LogAppenderDaemon] WARN  server.GrpcLogAppender (GrpcLogAppender.java:mayWait(177)) - 728f99e8-418e-4b00-b2e8-36f688b477dd@group-A583654C641D->616d314c-ba0d-49c9-8f1d-797448dad8fd-GrpcLogAppender: Wait interrupted by java.lang.InterruptedException
2022-03-07 09:51:25,454 [grpc-default-executor-2] INFO  server.GrpcServerProtocolService (GrpcServerProtocolService.java:onCompleted(140)) - 616d314c-ba0d-49c9-8f1d-797448dad8fd: Completed APPEND_ENTRIES, lastRequest: 728f99e8-418e-4b00-b2e8-36f688b477dd->616d314c-ba0d-49c9-8f1d-797448dad8fd#1-t2,previous=(t:0, i:0),leaderCommit=-1,initializing? true,entries: size=1, first=(t:2, i:0), CONFIGURATIONENTRY
2022-03-07 09:51:25,456 [728f99e8-418e-4b00-b2e8-36f688b477dd@group-A583654C641D-StateMachineUpdater] INFO  ratis.ContainerStateMachine (ContainerStateMachine.java:takeSnapshot(315)) - group-A583654C641D: Finished taking a snapshot at:(t:2, i:0) file:/home/runner/work/ozone/ozone/hadoop-ozone/integration-test/target/test-dir/MiniOzoneClusterImpl-4c099742-f0a8-499d-a606-d482764d36d7/datanode-0/data/ratis/74c3c54d-cb47-44d6-90a4-a583654c641d/sm/snapshot.2_0 took: 3 ms
2022-03-07 09:51:25,456 [728f99e8-418e-4b00-b2e8-36f688b477dd@group-A583654C641D-StateMachineUpdater] INFO  impl.StateMachineUpdater (StateMachineUpdater.java:takeSnapshot(281)) - 728f99e8-418e-4b00-b2e8-36f688b477dd@group-A583654C641D-StateMachineUpdater: Took a snapshot at index 0
2022-03-07 09:51:25,456 [728f99e8-418e-4b00-b2e8-36f688b477dd@group-A583654C641D-StateMachineUpdater] INFO  impl.StateMachineUpdater (StateMachineUpdater.java:lambda$new$0(89)) - 728f99e8-418e-4b00-b2e8-36f688b477dd@group-A583654C641D-StateMachineUpdater: snapshotIndex: updateIncreasingly -1 -> 0
2022-03-07 09:51:25,459 [Command processor thread] INFO  server.RaftServer$Division (ServerState.java:close(419)) - 728f99e8-418e-4b00-b2e8-36f688b477dd@group-A583654C641D: closes. applyIndex: 0
2022-03-07 09:51:25,459 [728f99e8-418e-4b00-b2e8-36f688b477dd@group-A583654C641D-SegmentedRaftLogWorker] INFO  segmented.SegmentedRaftLogWorker (SegmentedRaftLogWorker.java:run(327)) - 728f99e8-418e-4b00-b2e8-36f688b477dd@group-A583654C641D-SegmentedRaftLogWorker was interrupted, exiting. There are 0 tasks remaining in the queue.
2022-03-07 09:51:25,464 [grpc-default-executor-5] INFO  server.GrpcLogAppender (GrpcLogAppender.java:onCompleted(346)) - 728f99e8-418e-4b00-b2e8-36f688b477dd@group-A583654C641D->616d314c-ba0d-49c9-8f1d-797448dad8fd-AppendLogResponseHandler: follower responses appendEntries COMPLETED
2022-03-07 09:51:25,464 [grpc-default-executor-5] INFO  leader.FollowerInfo (FollowerInfoImpl.java:lambda$new$0(47)) - 728f99e8-418e-4b00-b2e8-36f688b477dd@group-A583654C641D->616d314c-ba0d-49c9-8f1d-797448dad8fd: nextIndex: updateUnconditionally 1 -> 0
2022-03-07 09:51:25,469 [Command processor thread] INFO  segmented.SegmentedRaftLogWorker (SegmentedRaftLogWorker.java:close(237)) - 728f99e8-418e-4b00-b2e8-36f688b477dd@group-A583654C641D-SegmentedRaftLogWorker close()
2022-03-07 09:51:25,472 [Command processor thread] INFO  server.RaftServer$Division (RaftServerImpl.java:groupRemove(382)) - 728f99e8-418e-4b00-b2e8-36f688b477dd@group-A583654C641D: Succeed to remove RaftStorageDirectory Storage Directory /home/runner/work/ozone/ozone/hadoop-ozone/integration-test/target/test-dir/MiniOzoneClusterImpl-4c099742-f0a8-499d-a606-d482764d36d7/datanode-0/data/ratis/74c3c54d-cb47-44d6-90a4-a583654c641d
2022-03-07 09:51:25,472 [Command processor thread] INFO  commandhandler.ClosePipelineCommandHandler (ClosePipelineCommandHandler.java:handle(78)) - Close Pipeline PipelineID=74c3c54d-cb47-44d6-90a4-a583654c641d command on datanode 728f99e8-418e-4b00-b2e8-36f688b477dd.
2022-03-07 09:51:25,472 [Command processor thread] INFO  server.RaftServer (RaftServerProxy.java:remove(106)) - 728f99e8-418e-4b00-b2e8-36f688b477dd: remove    LEADER 728f99e8-418e-4b00-b2e8-36f688b477dd@group-35BB7CC600D3:t3, leader=728f99e8-418e-4b00-b2e8-36f688b477dd, voted=728f99e8-418e-4b00-b2e8-36f688b477dd, raftlog=728f99e8-418e-4b00-b2e8-36f688b477dd@group-35BB7CC600D3-SegmentedRaftLog:OPENED:c0, conf=0: [728f99e8-418e-4b00-b2e8-36f688b477dd|rpc:10.1.0.49:44013|dataStream:|priority:0, 616d314c-ba0d-49c9-8f1d-797448dad8fd|rpc:10.1.0.49:39129|dataStream:|priority:0, cd9cff4b-1bd9-497e-976c-8eec10b9db64|rpc:10.1.0.49:42923|dataStream:|priority:1], old=null RUNNING
2022-03-07 09:51:25,473 [Command processor thread] INFO  server.RaftServer$Division (RaftServerImpl.java:lambda$close$4(412)) - 728f99e8-418e-4b00-b2e8-36f688b477dd@group-35BB7CC600D3: shutdown
2022-03-07 09:51:25,473 [Command processor thread] INFO  util.JmxRegister (JmxRegister.java:unregister(73)) - Successfully un-registered JMX Bean with object name Ratis:service=RaftServer,group=group-35BB7CC600D3,id=728f99e8-418e-4b00-b2e8-36f688b477dd
2022-03-07 09:51:25,473 [Command processor thread] INFO  impl.RoleInfo (RoleInfo.java:shutdownLeaderState(91)) - 728f99e8-418e-4b00-b2e8-36f688b477dd: shutdown 728f99e8-418e-4b00-b2e8-36f688b477dd@group-35BB7CC600D3-LeaderStateImpl
2022-03-07 09:51:25,473 [728f99e8-418e-4b00-b2e8-36f688b477dd@group-35BB7CC600D3->616d314c-ba0d-49c9-8f1d-797448dad8fd-GrpcLogAppender-LogAppenderDaemon] WARN  server.GrpcLogAppender (GrpcLogAppender.java:mayWait(177)) - 728f99e8-418e-4b00-b2e8-36f688b477dd@group-35BB7CC600D3->616d314c-ba0d-49c9-8f1d-797448dad8fd-GrpcLogAppender: Wait interrupted by java.lang.InterruptedException
2022-03-07 09:51:25,474 [grpc-default-executor-5] INFO  server.GrpcServerProtocolService (GrpcServerProtocolService.java:onCompleted(140)) - 616d314c-ba0d-49c9-8f1d-797448dad8fd: Completed APPEND_ENTRIES, lastRequest: 728f99e8-418e-4b00-b2e8-36f688b477dd->616d314c-ba0d-49c9-8f1d-797448dad8fd#1-t3,previous=(t:0, i:0),leaderCommit=-1,initializing? true,entries: size=1, first=(t:3, i:0), CONFIGURATIONENTRY
2022-03-07 09:51:25,474 [grpc-default-executor-5] INFO  server.GrpcLogAppender (GrpcLogAppender.java:onCompleted(346)) - 728f99e8-418e-4b00-b2e8-36f688b477dd@group-35BB7CC600D3->616d314c-ba0d-49c9-8f1d-797448dad8fd-AppendLogResponseHandler: follower responses appendEntries COMPLETED
2022-03-07 09:51:25,474 [grpc-default-executor-5] INFO  leader.FollowerInfo (FollowerInfoImpl.java:lambda$new$0(47)) - 728f99e8-418e-4b00-b2e8-36f688b477dd@group-35BB7CC600D3->616d314c-ba0d-49c9-8f1d-797448dad8fd: nextIndex: updateUnconditionally 1 -> 0
2022-03-07 09:51:25,483 [Command processor thread] INFO  impl.PendingRequests (PendingRequests.java:sendNotLeaderResponses(282)) - 728f99e8-418e-4b00-b2e8-36f688b477dd@group-35BB7CC600D3-PendingRequests: sendNotLeaderResponses
2022-03-07 09:51:25,484 [Command processor thread] INFO  impl.StateMachineUpdater (StateMachineUpdater.java:stopAndJoin(149)) - 728f99e8-418e-4b00-b2e8-36f688b477dd@group-35BB7CC600D3-StateMachineUpdater: set stopIndex = 0
2022-03-07 09:51:25,484 [728f99e8-418e-4b00-b2e8-36f688b477dd@group-35BB7CC600D3-StateMachineUpdater] INFO  ratis.ContainerStateMachine (ContainerStateMachine.java:takeSnapshot(304)) - group-35BB7CC600D3: Taking a snapshot at:(t:3, i:0) file /home/runner/work/ozone/ozone/hadoop-ozone/integration-test/target/test-dir/MiniOzoneClusterImpl-4c099742-f0a8-499d-a606-d482764d36d7/datanode-0/data/ratis/d8740330-0b47-446a-878d-35bb7cc600d3/sm/snapshot.3_0
2022-03-07 09:51:25,488 [728f99e8-418e-4b00-b2e8-36f688b477dd@group-35BB7CC600D3-StateMachineUpdater] INFO  ratis.ContainerStateMachine (ContainerStateMachine.java:takeSnapshot(315)) - group-35BB7CC600D3: Finished taking a snapshot at:(t:3, i:0) file:/home/runner/work/ozone/ozone/hadoop-ozone/integration-test/target/test-dir/MiniOzoneClusterImpl-4c099742-f0a8-499d-a606-d482764d36d7/datanode-0/data/ratis/d8740330-0b47-446a-878d-35bb7cc600d3/sm/snapshot.3_0 took: 3 ms
2022-03-07 09:51:25,488 [728f99e8-418e-4b00-b2e8-36f688b477dd@group-35BB7CC600D3-StateMachineUpdater] INFO  impl.StateMachineUpdater (StateMachineUpdater.java:takeSnapshot(281)) - 728f99e8-418e-4b00-b2e8-36f688b477dd@group-35BB7CC600D3-StateMachineUpdater: Took a snapshot at index 0
2022-03-07 09:51:25,488 [728f99e8-418e-4b00-b2e8-36f688b477dd@group-35BB7CC600D3-StateMachineUpdater] INFO  impl.StateMachineUpdater (StateMachineUpdater.java:lambda$new$0(89)) - 728f99e8-418e-4b00-b2e8-36f688b477dd@group-35BB7CC600D3-StateMachineUpdater: snapshotIndex: updateIncreasingly -1 -> 0
2022-03-07 09:51:25,488 [Command processor thread] INFO  server.RaftServer$Division (ServerState.java:close(419)) - 728f99e8-418e-4b00-b2e8-36f688b477dd@group-35BB7CC600D3: closes. applyIndex: 0
2022-03-07 09:51:25,491 [728f99e8-418e-4b00-b2e8-36f688b477dd@group-35BB7CC600D3-SegmentedRaftLogWorker] INFO  segmented.SegmentedRaftLogWorker (SegmentedRaftLogWorker.java:run(327)) - 728f99e8-418e-4b00-b2e8-36f688b477dd@group-35BB7CC600D3-SegmentedRaftLogWorker was interrupted, exiting. There are 0 tasks remaining in the queue.
2022-03-07 09:51:25,499 [Command processor thread] INFO  segmented.SegmentedRaftLogWorker (SegmentedRaftLogWorker.java:close(237)) - 728f99e8-418e-4b00-b2e8-36f688b477dd@group-35BB7CC600D3-SegmentedRaftLogWorker close()
2022-03-07 09:51:25,502 [Command processor thread] INFO  server.RaftServer$Division (RaftServerImpl.java:groupRemove(382)) - 728f99e8-418e-4b00-b2e8-36f688b477dd@group-35BB7CC600D3: Succeed to remove RaftStorageDirectory Storage Directory /home/runner/work/ozone/ozone/hadoop-ozone/integration-test/target/test-dir/MiniOzoneClusterImpl-4c099742-f0a8-499d-a606-d482764d36d7/datanode-0/data/ratis/d8740330-0b47-446a-878d-35bb7cc600d3
2022-03-07 09:51:25,503 [Command processor thread] INFO  commandhandler.ClosePipelineCommandHandler (ClosePipelineCommandHandler.java:handle(78)) - Close Pipeline PipelineID=d8740330-0b47-446a-878d-35bb7cc600d3 command on datanode 728f99e8-418e-4b00-b2e8-36f688b477dd.
2022-03-07 09:51:45,397 [Listener at 127.0.0.1/40579] WARN  io.KeyOutputStream (KeyOutputStream.java:handleException(310)) - Encountered exception java.io.IOException: Unexpected Storage Container Exception: java.util.concurrent.CompletionException: Failed to write chunk 109611004723200001_chunk_6 into block conID: 1 locID: 109611004723200001 bcsId: 10 on the pipeline Pipeline[ Id: bc84c436-b201-4c59-8f97-3bd9fdeef2e9, Nodes: cd9cff4b-1bd9-497e-976c-8eec10b9db64{ip: 10.1.0.49, host: fv-az291-317.wgnan5asplgejimfprtllbpdch.jx.internal.cloudapp.net, ports: [REPLICATION=46825, RATIS=42923, RATIS_ADMIN=42923, RATIS_SERVER=42923, STANDALONE=43941], networkLocation: /default-rack, certSerialId: null, persistedOpState: IN_SERVICE, persistedOpStateExpiryEpochSec: 0}, ReplicationConfig: RATIS/ONE, State:OPEN, leaderId:cd9cff4b-1bd9-497e-976c-8eec10b9db64, CreationTimestamp2022-03-07T09:50:54.291Z[Etc/UTC]]. The last committed block length is 500, uncommitted data length is 300 retry count 0
2022-03-07 09:51:45,883 [Listener at 127.0.0.1/40579] WARN  impl.MetricRegistriesImpl (MetricRegistriesImpl.java:addReporterRegistration(111)) - New reporters are added after registries were created. Some metrics will be missing from the reporter. Please add reporter before adding any new registry.
2022-03-07 09:51:45,883 [Listener at 127.0.0.1/40579] WARN  impl.MetricRegistriesImpl (MetricRegistriesImpl.java:addReporterRegistration(111)) - New reporters are added after registries were created. Some metrics will be missing from the reporter. Please add reporter before adding any new registry.
2022-03-07 09:51:45,883 [Listener at 127.0.0.1/40579] INFO  impl.MetricsSystemImpl (MetricsSystemImpl.java:init(158)) - HddsDatanode metrics system started (again)
2022-03-07 09:51:45,917 [Listener at 127.0.0.1/40579] INFO  ozone.HddsDatanodeService (HddsDatanodeService.java:start(233)) - HddsDatanodeService host:fv-az291-317.wgnan5asplgejimfprtllbpdch.jx.internal.cloudapp.net ip:10.1.0.49
2022-03-07 09:51:45,955 [Listener at 127.0.0.1/40579] INFO  upgrade.AbstractLayoutVersionManager (AbstractLayoutVersionManager.java:init(79)) - Initializing Layout version manager with metadata layout = SCM_HA (version = 2), software layout = SCM_HA (version = 2)
2022-03-07 09:51:46,012 [Listener at 127.0.0.1/40579] INFO  reflections.Reflections (Reflections.java:scan(232)) - Reflections took 56 ms to scan 7 urls, producing 122 keys and 286 values 
2022-03-07 09:51:46,016 [Listener at 127.0.0.1/40579] INFO  statemachine.DatanodeStateMachine (DatanodeStateMachine.java:getEndPointTaskThreadPoolSize(222)) - Datanode State Machine Task Thread Pool size 2
2022-03-07 09:51:46,026 [Listener at 127.0.0.1/40579] INFO  volume.HddsVolume (HddsVolume.java:<init>(120)) - Creating HddsVolume: /home/runner/work/ozone/ozone/hadoop-ozone/integration-test/target/test-dir/MiniOzoneClusterImpl-4c099742-f0a8-499d-a606-d482764d36d7/datanode-2/data-0/containers/hdds of storage type : DISK capacity : 9223372036854775807
2022-03-07 09:51:46,026 [Listener at 127.0.0.1/40579] INFO  volume.MutableVolumeSet (MutableVolumeSet.java:initializeVolumeSet(168)) - Added Volume : /home/runner/work/ozone/ozone/hadoop-ozone/integration-test/target/test-dir/MiniOzoneClusterImpl-4c099742-f0a8-499d-a606-d482764d36d7/datanode-2/data-0/containers/hdds to VolumeSet
2022-03-07 09:51:46,026 [Listener at 127.0.0.1/40579] INFO  volume.ThrottledAsyncChecker (ThrottledAsyncChecker.java:schedule(141)) - Scheduling a check for /home/runner/work/ozone/ozone/hadoop-ozone/integration-test/target/test-dir/MiniOzoneClusterImpl-4c099742-f0a8-499d-a606-d482764d36d7/datanode-2/data-0/containers/hdds
2022-03-07 09:51:46,033 [Listener at 127.0.0.1/40579] INFO  volume.StorageVolumeChecker (StorageVolumeChecker.java:checkAllVolumes(202)) - Scheduled health check for volume /home/runner/work/ozone/ozone/hadoop-ozone/integration-test/target/test-dir/MiniOzoneClusterImpl-4c099742-f0a8-499d-a606-d482764d36d7/datanode-2/data-0/containers/hdds
2022-03-07 09:51:46,056 [Listener at 127.0.0.1/40579] INFO  volume.MutableVolumeSet (MutableVolumeSet.java:initializeVolumeSet(168)) - Added Volume : /home/runner/work/ozone/ozone/hadoop-ozone/integration-test/target/test-dir/MiniOzoneClusterImpl-4c099742-f0a8-499d-a606-d482764d36d7/datanode-2/data/ratis to VolumeSet
2022-03-07 09:51:46,056 [Listener at 127.0.0.1/40579] INFO  volume.ThrottledAsyncChecker (ThrottledAsyncChecker.java:schedule(141)) - Scheduling a check for /home/runner/work/ozone/ozone/hadoop-ozone/integration-test/target/test-dir/MiniOzoneClusterImpl-4c099742-f0a8-499d-a606-d482764d36d7/datanode-2/data/ratis
2022-03-07 09:51:46,061 [Listener at 127.0.0.1/40579] INFO  volume.StorageVolumeChecker (StorageVolumeChecker.java:checkAllVolumes(202)) - Scheduled health check for volume /home/runner/work/ozone/ozone/hadoop-ozone/integration-test/target/test-dir/MiniOzoneClusterImpl-4c099742-f0a8-499d-a606-d482764d36d7/datanode-2/data/ratis
2022-03-07 09:51:46,098 [Thread-2053] INFO  ozoneimpl.ContainerReader (ContainerReader.java:readVolume(142)) - Start to verify containers on volume /home/runner/work/ozone/ozone/hadoop-ozone/integration-test/target/test-dir/MiniOzoneClusterImpl-4c099742-f0a8-499d-a606-d482764d36d7/datanode-2/data-0/containers/hdds
2022-03-07 09:51:46,113 [Thread-2053] INFO  ozoneimpl.ContainerReader (ContainerReader.java:readVolume(172)) - Finish verifying containers on volume /home/runner/work/ozone/ozone/hadoop-ozone/integration-test/target/test-dir/MiniOzoneClusterImpl-4c099742-f0a8-499d-a606-d482764d36d7/datanode-2/data-0/containers/hdds
2022-03-07 09:51:46,113 [Listener at 127.0.0.1/40579] INFO  ozoneimpl.OzoneContainer (OzoneContainer.java:buildContainerSet(257)) - Build ContainerSet costs 0s
2022-03-07 09:51:46,115 [Listener at 127.0.0.1/40579] INFO  server.RaftServer (ConfUtils.java:logGet(44)) - raft.rpc.type = GRPC (default)
2022-03-07 09:51:46,115 [Listener at 127.0.0.1/40579] INFO  grpc.GrpcFactory (GrpcFactory.java:checkPooledByteBufAllocatorUseCacheForAllThreads(48)) - PERFORMANCE WARNING: useCacheForAllThreads is true that may cause Netty to create a lot garbage objects and, as a result, trigger GC.
	It is recommended to disable useCacheForAllThreads by setting -Dorg.apache.ratis.thirdparty.io.netty.allocator.useCacheForAllThreads=false in command line.
2022-03-07 09:51:46,115 [Listener at 127.0.0.1/40579] INFO  grpc.GrpcConfigKeys (ConfUtils.java:logGet(44)) - raft.grpc.admin.port = 42923 (custom)
2022-03-07 09:51:46,115 [Listener at 127.0.0.1/40579] INFO  grpc.GrpcConfigKeys (ConfUtils.java:logGet(44)) - raft.grpc.client.port = 42923 (custom)
2022-03-07 09:51:46,115 [Listener at 127.0.0.1/40579] INFO  grpc.GrpcConfigKeys (ConfUtils.java:logGet(44)) - raft.grpc.server.port = 42923 (custom)
2022-03-07 09:51:46,116 [Listener at 127.0.0.1/40579] INFO  server.GrpcService (ConfUtils.java:logGet(44)) - raft.grpc.message.size.max = 32MB (=33554432) (custom)
2022-03-07 09:51:46,116 [Listener at 127.0.0.1/40579] INFO  server.RaftServerConfigKeys (ConfUtils.java:logGet(44)) - raft.server.log.appender.buffer.byte-limit = 33554432 (custom)
2022-03-07 09:51:46,116 [Listener at 127.0.0.1/40579] INFO  server.GrpcService (ConfUtils.java:logGet(44)) - raft.grpc.flow.control.window = 5MB (=5242880) (custom)
2022-03-07 09:51:46,116 [Listener at 127.0.0.1/40579] INFO  server.RaftServerConfigKeys (ConfUtils.java:logGet(44)) - raft.server.rpc.request.timeout = 3000ms (default)
2022-03-07 09:51:46,117 [Listener at 127.0.0.1/40579] INFO  impl.DataStreamServerImpl (ConfUtils.java:logGet(44)) - raft.datastream.type = DISABLED (default)
2022-03-07 09:51:46,118 [Listener at 127.0.0.1/40579] INFO  server.RaftServerConfigKeys (ConfUtils.java:logGet(44)) - raft.server.rpc.slowness.timeout = 300000ms (custom)
2022-03-07 09:51:46,119 [Listener at 127.0.0.1/40579] INFO  server.RaftServerConfigKeys (ConfUtils.java:logGet(44)) - raft.server.leaderelection.leader.step-down.wait-time = 10s (default)
2022-03-07 09:51:46,119 [Listener at 127.0.0.1/40579] INFO  server.RaftServerConfigKeys (ConfUtils.java:logGet(44)) - raft.server.storage.dir = [/home/runner/work/ozone/ozone/hadoop-ozone/integration-test/target/test-dir/MiniOzoneClusterImpl-4c099742-f0a8-499d-a606-d482764d36d7/datanode-2/data/ratis] (custom)
2022-03-07 09:51:46,119 [Listener at 127.0.0.1/40579] INFO  server.RaftServer (RaftServerProxy.java:lambda$null$1(235)) - cd9cff4b-1bd9-497e-976c-8eec10b9db64: found a subdirectory /home/runner/work/ozone/ozone/hadoop-ozone/integration-test/target/test-dir/MiniOzoneClusterImpl-4c099742-f0a8-499d-a606-d482764d36d7/datanode-2/data/ratis/74c3c54d-cb47-44d6-90a4-a583654c641d
2022-03-07 09:51:46,128 [Listener at 127.0.0.1/40579] INFO  server.RaftServer (RaftServerProxy.java:addNew(95)) - cd9cff4b-1bd9-497e-976c-8eec10b9db64: addNew group-A583654C641D:[] returns group-A583654C641D:java.util.concurrent.CompletableFuture@afa9b94[Not completed]
2022-03-07 09:51:46,128 [Listener at 127.0.0.1/40579] INFO  server.RaftServer (RaftServerProxy.java:lambda$null$1(235)) - cd9cff4b-1bd9-497e-976c-8eec10b9db64: found a subdirectory /home/runner/work/ozone/ozone/hadoop-ozone/integration-test/target/test-dir/MiniOzoneClusterImpl-4c099742-f0a8-499d-a606-d482764d36d7/datanode-2/data/ratis/8dcd701a-e220-441a-b05a-8e452aa84769
2022-03-07 09:51:46,128 [Listener at 127.0.0.1/40579] INFO  server.RaftServer (RaftServerProxy.java:addNew(95)) - cd9cff4b-1bd9-497e-976c-8eec10b9db64: addNew group-8E452AA84769:[] returns group-8E452AA84769:java.util.concurrent.CompletableFuture@119047fc[Not completed]
2022-03-07 09:51:46,128 [Listener at 127.0.0.1/40579] INFO  server.RaftServer (RaftServerProxy.java:lambda$null$1(235)) - cd9cff4b-1bd9-497e-976c-8eec10b9db64: found a subdirectory /home/runner/work/ozone/ozone/hadoop-ozone/integration-test/target/test-dir/MiniOzoneClusterImpl-4c099742-f0a8-499d-a606-d482764d36d7/datanode-2/data/ratis/d8740330-0b47-446a-878d-35bb7cc600d3
2022-03-07 09:51:46,128 [Listener at 127.0.0.1/40579] INFO  server.RaftServer (RaftServerProxy.java:addNew(95)) - cd9cff4b-1bd9-497e-976c-8eec10b9db64: addNew group-35BB7CC600D3:[] returns group-35BB7CC600D3:java.util.concurrent.CompletableFuture@1d7617cc[Not completed]
2022-03-07 09:51:46,128 [Listener at 127.0.0.1/40579] INFO  server.RaftServer (RaftServerProxy.java:lambda$null$1(235)) - cd9cff4b-1bd9-497e-976c-8eec10b9db64: found a subdirectory /home/runner/work/ozone/ozone/hadoop-ozone/integration-test/target/test-dir/MiniOzoneClusterImpl-4c099742-f0a8-499d-a606-d482764d36d7/datanode-2/data/ratis/bc84c436-b201-4c59-8f97-3bd9fdeef2e9
2022-03-07 09:51:46,128 [Listener at 127.0.0.1/40579] INFO  server.RaftServer (RaftServerProxy.java:addNew(95)) - cd9cff4b-1bd9-497e-976c-8eec10b9db64: addNew group-3BD9FDEEF2E9:[] returns group-3BD9FDEEF2E9:java.util.concurrent.CompletableFuture@4fa5a465[Not completed]
2022-03-07 09:51:46,132 [Listener at 127.0.0.1/40579] INFO  server.XceiverServerGrpc (XceiverServerGrpc.java:<init>(132)) - GrpcServer channel type EpollServerSocketChannel
2022-03-07 09:51:46,150 [pool-781-thread-1] INFO  server.RaftServer$Division (RaftServerImpl.java:<init>(184)) - cd9cff4b-1bd9-497e-976c-8eec10b9db64: new RaftServerImpl for group-A583654C641D:[] with ContainerStateMachine:uninitialized
2022-03-07 09:51:46,150 [Listener at 127.0.0.1/40579] INFO  http.BaseHttpServer (BaseHttpServer.java:newHttpServer2BuilderForOzone(209)) - Starting Web-server for hddsDatanode at: http://0.0.0.0:37315
2022-03-07 09:51:46,151 [Listener at 127.0.0.1/40579] INFO  http.BaseHttpServer (BaseHttpServer.java:<init>(107)) - Hadoop Security Enabled: false Ozone Security Enabled: false Ozone HTTP Security Enabled: false 
2022-03-07 09:51:46,152 [Listener at 127.0.0.1/40579] INFO  server.AuthenticationFilter (AuthenticationFilter.java:constructSecretProvider(240)) - Unable to initialize FileSignerSecretProvider, falling back to use random secrets.
2022-03-07 09:51:46,153 [Listener at 127.0.0.1/40579] WARN  http.HttpRequestLog (HttpRequestLog.java:getRequestLog(103)) - Jetty request log can only be enabled using Log4j
2022-03-07 09:51:46,153 [Listener at 127.0.0.1/40579] INFO  http.HttpServer2 (HttpServer2.java:addGlobalFilter(1030)) - Added global filter 'safety' (class=org.apache.hadoop.hdds.server.http.HttpServer2$QuotingInputFilter)
2022-03-07 09:51:46,154 [Listener at 127.0.0.1/40579] INFO  http.HttpServer2 (HttpServer2.java:addFilter(1006)) - Added filter static_user_filter (class=org.apache.hadoop.http.lib.StaticUserWebFilter$StaticUserFilter) to context hddsDatanode
2022-03-07 09:51:46,154 [Listener at 127.0.0.1/40579] INFO  http.HttpServer2 (HttpServer2.java:addFilter(1014)) - Added filter static_user_filter (class=org.apache.hadoop.http.lib.StaticUserWebFilter$StaticUserFilter) to context static
2022-03-07 09:51:46,154 [Listener at 127.0.0.1/40579] INFO  http.HttpServer2 (HttpServer2.java:addFilter(1014)) - Added filter static_user_filter (class=org.apache.hadoop.http.lib.StaticUserWebFilter$StaticUserFilter) to context logs
2022-03-07 09:51:46,154 [Listener at 127.0.0.1/40579] INFO  http.HttpServer2 (HttpServer2.java:bindListener(1249)) - Jetty bound to port 37315
2022-03-07 09:51:46,154 [Listener at 127.0.0.1/40579] INFO  server.Server (Server.java:doStart(375)) - jetty-9.4.43.v20210629; built: 2021-06-30T11:07:22.254Z; git: 526006ecfa3af7f1a27ef3a288e2bef7ea9dd7e8; jvm 1.8.0_322-b06
2022-03-07 09:51:46,157 [Listener at 127.0.0.1/40579] INFO  server.session (DefaultSessionIdManager.java:doStart(334)) - DefaultSessionIdManager workerName=node0
2022-03-07 09:51:46,157 [Listener at 127.0.0.1/40579] INFO  server.session (DefaultSessionIdManager.java:doStart(339)) - No SessionScavenger set, using defaults
2022-03-07 09:51:46,157 [Listener at 127.0.0.1/40579] INFO  server.session (HouseKeeper.java:startScavenging(132)) - node0 Scavenging every 600000ms
2022-03-07 09:51:46,162 [Listener at 127.0.0.1/40579] INFO  handler.ContextHandler (ContextHandler.java:doStart(915)) - Started o.e.j.s.ServletContextHandler@315a9365{logs,/logs,file:///home/runner/work/ozone/ozone/hadoop-ozone/integration-test/target/log,AVAILABLE}
2022-03-07 09:51:46,162 [Listener at 127.0.0.1/40579] INFO  handler.ContextHandler (ContextHandler.java:doStart(915)) - Started o.e.j.s.ServletContextHandler@492c018d{static,/static,jar:file:/home/runner/.m2/repository/org/apache/ozone/hdds-container-service/1.3.0-SNAPSHOT/hdds-container-service-1.3.0-SNAPSHOT.jar!/webapps/static,AVAILABLE}
2022-03-07 09:51:46,165 [pool-781-thread-1] INFO  server.RaftServerConfigKeys (ConfUtils.java:logGet(44)) - raft.server.rpc.timeout.min = 5s (custom)
2022-03-07 09:51:46,165 [pool-781-thread-1] INFO  server.RaftServerConfigKeys (ConfUtils.java:logGet(44)) - raft.server.rpc.timeout.max = 5200ms (custom)
2022-03-07 09:51:46,165 [pool-781-thread-1] INFO  server.RaftServerConfigKeys (ConfUtils.java:logGet(44)) - raft.server.rpc.sleep.time = 25ms (default)
2022-03-07 09:51:46,165 [pool-781-thread-1] INFO  server.RaftServerConfigKeys (ConfUtils.java:logGet(44)) - raft.server.rpc.slowness.timeout = 300000ms (custom)
2022-03-07 09:51:46,165 [pool-781-thread-1] INFO  server.RaftServerConfigKeys (ConfUtils.java:logGet(44)) - raft.server.leaderelection.leader.step-down.wait-time = 10s (default)
2022-03-07 09:51:46,165 [pool-781-thread-1] INFO  server.RaftServerConfigKeys (ConfUtils.java:logGet(44)) - raft.server.sleep.deviation.threshold = 300ms (default)
2022-03-07 09:51:46,166 [pool-781-thread-1] INFO  server.RaftServerConfigKeys (ConfUtils.java:logGet(44)) - raft.server.log.appender.install.snapshot.enabled = false (custom)
2022-03-07 09:51:46,166 [pool-781-thread-1] INFO  server.RaftServer$Division (ServerState.java:<init>(105)) - cd9cff4b-1bd9-497e-976c-8eec10b9db64@group-A583654C641D: ConfigurationManager, init=-1: [], old=null, confs=<EMPTY_MAP>
2022-03-07 09:51:46,166 [pool-781-thread-1] INFO  server.RaftServerConfigKeys (ConfUtils.java:logGet(44)) - raft.server.storage.dir = [/home/runner/work/ozone/ozone/hadoop-ozone/integration-test/target/test-dir/MiniOzoneClusterImpl-4c099742-f0a8-499d-a606-d482764d36d7/datanode-2/data/ratis] (custom)
2022-03-07 09:51:46,166 [pool-781-thread-1] INFO  server.RaftServerConfigKeys (ConfUtils.java:logGet(44)) - raft.server.log.corruption.policy = EXCEPTION (default)
2022-03-07 09:51:46,166 [pool-781-thread-1] INFO  server.RaftServerConfigKeys (ConfUtils.java:logGet(44)) - raft.server.storage.free-space.min = 0MB (=0) (default)
2022-03-07 09:51:46,167 [pool-781-thread-1] INFO  storage.RaftStorageDirectory (RaftStorageDirectoryImpl.java:tryLock(230)) - Lock on /home/runner/work/ozone/ozone/hadoop-ozone/integration-test/target/test-dir/MiniOzoneClusterImpl-4c099742-f0a8-499d-a606-d482764d36d7/datanode-2/data/ratis/74c3c54d-cb47-44d6-90a4-a583654c641d/in_use.lock acquired by nodename 23420@fv-az291-317
2022-03-07 09:51:46,167 [pool-781-thread-1] INFO  storage.RaftStorage (RaftStorageImpl.java:analyzeAndRecoverStorage(110)) - Read RaftStorageMetadata{term=2, votedFor=728f99e8-418e-4b00-b2e8-36f688b477dd} from /home/runner/work/ozone/ozone/hadoop-ozone/integration-test/target/test-dir/MiniOzoneClusterImpl-4c099742-f0a8-499d-a606-d482764d36d7/datanode-2/data/ratis/74c3c54d-cb47-44d6-90a4-a583654c641d/current/raft-meta
2022-03-07 09:51:46,169 [pool-781-thread-1] INFO  ratis.ContainerStateMachine (ContainerStateMachine.java:loadSnapshot(245)) - group-A583654C641D: Setting the last applied index to (t:2, i:0)
2022-03-07 09:51:46,169 [pool-781-thread-1] INFO  server.RaftServer$Division (ServerState.java:setRaftConf(387)) - cd9cff4b-1bd9-497e-976c-8eec10b9db64@group-A583654C641D: set configuration 0: [728f99e8-418e-4b00-b2e8-36f688b477dd|rpc:10.1.0.49:44013|dataStream:|priority:1, 616d314c-ba0d-49c9-8f1d-797448dad8fd|rpc:10.1.0.49:39129|dataStream:|priority:0, cd9cff4b-1bd9-497e-976c-8eec10b9db64|rpc:10.1.0.49:42923|dataStream:|priority:0], old=null
2022-03-07 09:51:46,169 [pool-781-thread-1] INFO  server.RaftServerConfigKeys (ConfUtils.java:logGet(44)) - raft.server.notification.no-leader.timeout = 300000ms (custom)
2022-03-07 09:51:46,169 [pool-781-thread-1] INFO  server.RaftServerConfigKeys (ConfUtils.java:logGet(44)) - raft.server.log.use.memory = false (default)
2022-03-07 09:51:46,169 [pool-781-thread-1] INFO  server.RaftServerConfigKeys (ConfUtils.java:logGet(44)) - raft.server.log.purge.gap = 1000000 (custom)
2022-03-07 09:51:46,169 [pool-781-thread-1] INFO  server.RaftServerConfigKeys (ConfUtils.java:logGet(44)) - raft.server.log.appender.buffer.byte-limit = 33554432 (custom)
2022-03-07 09:51:46,169 [pool-781-thread-1] INFO  server.RaftServerConfigKeys (ConfUtils.java:logGet(44)) - raft.server.log.segment.size.max = 1048576 (custom)
2022-03-07 09:51:46,170 [pool-781-thread-1] INFO  server.RaftServerConfigKeys (ConfUtils.java:logGet(44)) - raft.server.log.segment.cache.num.max = 2 (custom)
2022-03-07 09:51:46,170 [pool-781-thread-1] INFO  server.RaftServerConfigKeys (ConfUtils.java:logGet(44)) - raft.server.log.segment.cache.size.max = 200MB (=209715200) (default)
2022-03-07 09:51:46,170 [pool-781-thread-1] INFO  segmented.SegmentedRaftLogWorker (SegmentedRaftLogWorker.java:<init>(182)) - new cd9cff4b-1bd9-497e-976c-8eec10b9db64@group-A583654C641D-SegmentedRaftLogWorker for RaftStorageImpl:Storage Directory /home/runner/work/ozone/ozone/hadoop-ozone/integration-test/target/test-dir/MiniOzoneClusterImpl-4c099742-f0a8-499d-a606-d482764d36d7/datanode-2/data/ratis/74c3c54d-cb47-44d6-90a4-a583654c641d
2022-03-07 09:51:46,170 [pool-781-thread-1] INFO  server.RaftServerConfigKeys (ConfUtils.java:logGet(44)) - raft.server.log.queue.byte-limit = 4294967296 (custom)
2022-03-07 09:51:46,170 [pool-781-thread-1] INFO  server.RaftServerConfigKeys (ConfUtils.java:logGet(44)) - raft.server.log.queue.element-limit = 1024 (custom)
2022-03-07 09:51:46,170 [pool-781-thread-1] INFO  server.RaftServerConfigKeys (ConfUtils.java:logGet(44)) - raft.server.log.segment.size.max = 1048576 (custom)
2022-03-07 09:51:46,170 [pool-781-thread-1] INFO  server.RaftServerConfigKeys (ConfUtils.java:logGet(44)) - raft.server.log.preallocated.size = 16384 (custom)
2022-03-07 09:51:46,170 [pool-781-thread-1] INFO  server.RaftServerConfigKeys (ConfUtils.java:logGet(44)) - raft.server.log.force.sync.num = 128 (default)
2022-03-07 09:51:46,170 [pool-781-thread-1] INFO  server.RaftServerConfigKeys (ConfUtils.java:logGet(44)) - raft.server.log.statemachine.data.sync = true (default)
2022-03-07 09:51:46,170 [pool-781-thread-1] INFO  server.RaftServerConfigKeys (ConfUtils.java:logGet(44)) - raft.server.log.statemachine.data.sync.timeout = 10s (default)
2022-03-07 09:51:46,170 [pool-781-thread-1] INFO  server.RaftServerConfigKeys (ConfUtils.java:logGet(44)) - raft.server.log.statemachine.data.sync.timeout.retry = -1 (default)
2022-03-07 09:51:46,171 [pool-781-thread-1] INFO  server.RaftServerConfigKeys (ConfUtils.java:logGet(44)) - raft.server.log.write.buffer.size = 1048576 (custom)
2022-03-07 09:51:46,172 [pool-781-thread-1] INFO  server.RaftServerConfigKeys (ConfUtils.java:logGet(44)) - raft.server.log.statemachine.data.caching.enabled = true (custom)
2022-03-07 09:51:46,197 [pool-781-thread-1] INFO  server.RaftServer$Division (ServerState.java:setRaftConf(387)) - cd9cff4b-1bd9-497e-976c-8eec10b9db64@group-A583654C641D: set configuration 0: [728f99e8-418e-4b00-b2e8-36f688b477dd|rpc:10.1.0.49:44013|dataStream:|priority:1, 616d314c-ba0d-49c9-8f1d-797448dad8fd|rpc:10.1.0.49:39129|dataStream:|priority:0, cd9cff4b-1bd9-497e-976c-8eec10b9db64|rpc:10.1.0.49:42923|dataStream:|priority:0], old=null
2022-03-07 09:51:46,207 [pool-781-thread-1] INFO  segmented.LogSegment (LogSegment.java:loadSegment(173)) - Successfully read 1 entries from segment file /home/runner/work/ozone/ozone/hadoop-ozone/integration-test/target/test-dir/MiniOzoneClusterImpl-4c099742-f0a8-499d-a606-d482764d36d7/datanode-2/data/ratis/74c3c54d-cb47-44d6-90a4-a583654c641d/current/log_inprogress_0
2022-03-07 09:51:46,207 [pool-781-thread-1] INFO  segmented.SegmentedRaftLogWorker (SegmentedRaftLogWorker.java:lambda$new$0(133)) - cd9cff4b-1bd9-497e-976c-8eec10b9db64@group-A583654C641D-SegmentedRaftLogWorker: flushIndex: setUnconditionally 0 -> 0
2022-03-07 09:51:46,207 [pool-781-thread-1] INFO  segmented.SegmentedRaftLogWorker (SegmentedRaftLogWorker.java:lambda$new$0(133)) - cd9cff4b-1bd9-497e-976c-8eec10b9db64@group-A583654C641D-SegmentedRaftLogWorker: safeCacheEvictIndex: setUnconditionally 0 -> -1
2022-03-07 09:51:46,216 [pool-781-thread-1] INFO  server.RaftServerConfigKeys (ConfUtils.java:logGet(44)) - raft.server.snapshot.auto.trigger.enabled = true (custom)
2022-03-07 09:51:46,216 [pool-781-thread-1] INFO  server.RaftServerConfigKeys (ConfUtils.java:logGet(44)) - raft.server.snapshot.auto.trigger.threshold = 10000 (custom)
2022-03-07 09:51:46,216 [pool-781-thread-1] INFO  server.RaftServerConfigKeys (ConfUtils.java:logGet(44)) - raft.server.snapshot.retention.file.num = 5 (custom)
2022-03-07 09:51:46,216 [pool-781-thread-1] INFO  server.RaftServerConfigKeys (ConfUtils.java:logGet(44)) - raft.server.log.purge.upto.snapshot.index = false (default)
2022-03-07 09:51:46,216 [pool-781-thread-1] INFO  server.RaftServerConfigKeys (ConfUtils.java:logGet(44)) - raft.server.retrycache.expirytime = 600000ms (custom)
2022-03-07 09:51:46,216 [pool-781-thread-1] INFO  server.RaftServerConfigKeys (ConfUtils.java:logGet(44)) - raft.server.retrycache.statistics.expirytime = 100μs (default)
2022-03-07 09:51:46,226 [pool-781-thread-1] INFO  server.RaftServer$Division (RaftServerImpl.java:<init>(184)) - cd9cff4b-1bd9-497e-976c-8eec10b9db64: new RaftServerImpl for group-8E452AA84769:[] with ContainerStateMachine:uninitialized
2022-03-07 09:51:46,226 [pool-781-thread-1] INFO  server.RaftServerConfigKeys (ConfUtils.java:logGet(44)) - raft.server.rpc.timeout.min = 5s (custom)
2022-03-07 09:51:46,226 [pool-781-thread-1] INFO  server.RaftServerConfigKeys (ConfUtils.java:logGet(44)) - raft.server.rpc.timeout.max = 5200ms (custom)
2022-03-07 09:51:46,227 [pool-781-thread-1] INFO  server.RaftServerConfigKeys (ConfUtils.java:logGet(44)) - raft.server.rpc.sleep.time = 25ms (default)
2022-03-07 09:51:46,227 [pool-781-thread-1] INFO  server.RaftServerConfigKeys (ConfUtils.java:logGet(44)) - raft.server.rpc.slowness.timeout = 300000ms (custom)
2022-03-07 09:51:46,227 [pool-781-thread-1] INFO  server.RaftServerConfigKeys (ConfUtils.java:logGet(44)) - raft.server.leaderelection.leader.step-down.wait-time = 10s (default)
2022-03-07 09:51:46,227 [pool-781-thread-1] INFO  server.RaftServerConfigKeys (ConfUtils.java:logGet(44)) - raft.server.sleep.deviation.threshold = 300ms (default)
2022-03-07 09:51:46,227 [pool-781-thread-1] INFO  server.RaftServerConfigKeys (ConfUtils.java:logGet(44)) - raft.server.log.appender.install.snapshot.enabled = false (custom)
2022-03-07 09:51:46,227 [pool-781-thread-1] INFO  server.RaftServer$Division (ServerState.java:<init>(105)) - cd9cff4b-1bd9-497e-976c-8eec10b9db64@group-8E452AA84769: ConfigurationManager, init=-1: [], old=null, confs=<EMPTY_MAP>
2022-03-07 09:51:46,227 [pool-781-thread-1] INFO  server.RaftServerConfigKeys (ConfUtils.java:logGet(44)) - raft.server.storage.dir = [/home/runner/work/ozone/ozone/hadoop-ozone/integration-test/target/test-dir/MiniOzoneClusterImpl-4c099742-f0a8-499d-a606-d482764d36d7/datanode-2/data/ratis] (custom)
2022-03-07 09:51:46,227 [pool-781-thread-1] INFO  server.RaftServerConfigKeys (ConfUtils.java:logGet(44)) - raft.server.log.corruption.policy = EXCEPTION (default)
2022-03-07 09:51:46,227 [pool-781-thread-1] INFO  server.RaftServerConfigKeys (ConfUtils.java:logGet(44)) - raft.server.storage.free-space.min = 0MB (=0) (default)
2022-03-07 09:51:46,232 [pool-781-thread-1] INFO  storage.RaftStorageDirectory (RaftStorageDirectoryImpl.java:tryLock(230)) - Lock on /home/runner/work/ozone/ozone/hadoop-ozone/integration-test/target/test-dir/MiniOzoneClusterImpl-4c099742-f0a8-499d-a606-d482764d36d7/datanode-2/data/ratis/8dcd701a-e220-441a-b05a-8e452aa84769/in_use.lock acquired by nodename 23420@fv-az291-317
2022-03-07 09:51:46,232 [pool-781-thread-1] INFO  storage.RaftStorage (RaftStorageImpl.java:analyzeAndRecoverStorage(110)) - Read RaftStorageMetadata{term=2, votedFor=616d314c-ba0d-49c9-8f1d-797448dad8fd} from /home/runner/work/ozone/ozone/hadoop-ozone/integration-test/target/test-dir/MiniOzoneClusterImpl-4c099742-f0a8-499d-a606-d482764d36d7/datanode-2/data/ratis/8dcd701a-e220-441a-b05a-8e452aa84769/current/raft-meta
2022-03-07 09:51:46,232 [pool-781-thread-1] INFO  ratis.ContainerStateMachine (ContainerStateMachine.java:loadSnapshot(245)) - group-8E452AA84769: Setting the last applied index to (t:2, i:0)
2022-03-07 09:51:46,233 [pool-781-thread-1] INFO  server.RaftServer$Division (ServerState.java:setRaftConf(387)) - cd9cff4b-1bd9-497e-976c-8eec10b9db64@group-8E452AA84769: set configuration 0: [728f99e8-418e-4b00-b2e8-36f688b477dd|rpc:10.1.0.49:44013|dataStream:|priority:0, 616d314c-ba0d-49c9-8f1d-797448dad8fd|rpc:10.1.0.49:39129|dataStream:|priority:1, cd9cff4b-1bd9-497e-976c-8eec10b9db64|rpc:10.1.0.49:42923|dataStream:|priority:0], old=null
2022-03-07 09:51:46,233 [pool-781-thread-1] INFO  server.RaftServerConfigKeys (ConfUtils.java:logGet(44)) - raft.server.notification.no-leader.timeout = 300000ms (custom)
2022-03-07 09:51:46,233 [pool-781-thread-1] INFO  server.RaftServerConfigKeys (ConfUtils.java:logGet(44)) - raft.server.log.use.memory = false (default)
2022-03-07 09:51:46,233 [pool-781-thread-1] INFO  server.RaftServerConfigKeys (ConfUtils.java:logGet(44)) - raft.server.log.purge.gap = 1000000 (custom)
2022-03-07 09:51:46,233 [pool-781-thread-1] INFO  server.RaftServerConfigKeys (ConfUtils.java:logGet(44)) - raft.server.log.appender.buffer.byte-limit = 33554432 (custom)
2022-03-07 09:51:46,233 [pool-781-thread-1] INFO  server.RaftServerConfigKeys (ConfUtils.java:logGet(44)) - raft.server.log.segment.size.max = 1048576 (custom)
2022-03-07 09:51:46,234 [pool-781-thread-1] INFO  server.RaftServerConfigKeys (ConfUtils.java:logGet(44)) - raft.server.log.segment.cache.num.max = 2 (custom)
2022-03-07 09:51:46,234 [pool-781-thread-1] INFO  server.RaftServerConfigKeys (ConfUtils.java:logGet(44)) - raft.server.log.segment.cache.size.max = 200MB (=209715200) (default)
2022-03-07 09:51:46,234 [pool-781-thread-1] INFO  segmented.SegmentedRaftLogWorker (SegmentedRaftLogWorker.java:<init>(182)) - new cd9cff4b-1bd9-497e-976c-8eec10b9db64@group-8E452AA84769-SegmentedRaftLogWorker for RaftStorageImpl:Storage Directory /home/runner/work/ozone/ozone/hadoop-ozone/integration-test/target/test-dir/MiniOzoneClusterImpl-4c099742-f0a8-499d-a606-d482764d36d7/datanode-2/data/ratis/8dcd701a-e220-441a-b05a-8e452aa84769
2022-03-07 09:51:46,234 [pool-781-thread-1] INFO  server.RaftServerConfigKeys (ConfUtils.java:logGet(44)) - raft.server.log.queue.byte-limit = 4294967296 (custom)
2022-03-07 09:51:46,234 [pool-781-thread-1] INFO  server.RaftServerConfigKeys (ConfUtils.java:logGet(44)) - raft.server.log.queue.element-limit = 1024 (custom)
2022-03-07 09:51:46,234 [pool-781-thread-1] INFO  server.RaftServerConfigKeys (ConfUtils.java:logGet(44)) - raft.server.log.segment.size.max = 1048576 (custom)
2022-03-07 09:51:46,234 [pool-781-thread-1] INFO  server.RaftServerConfigKeys (ConfUtils.java:logGet(44)) - raft.server.log.preallocated.size = 16384 (custom)
2022-03-07 09:51:46,234 [pool-781-thread-1] INFO  server.RaftServerConfigKeys (ConfUtils.java:logGet(44)) - raft.server.log.force.sync.num = 128 (default)
2022-03-07 09:51:46,234 [pool-781-thread-1] INFO  server.RaftServerConfigKeys (ConfUtils.java:logGet(44)) - raft.server.log.statemachine.data.sync = true (default)
2022-03-07 09:51:46,234 [pool-781-thread-1] INFO  server.RaftServerConfigKeys (ConfUtils.java:logGet(44)) - raft.server.log.statemachine.data.sync.timeout = 10s (default)
2022-03-07 09:51:46,234 [pool-781-thread-1] INFO  server.RaftServerConfigKeys (ConfUtils.java:logGet(44)) - raft.server.log.statemachine.data.sync.timeout.retry = -1 (default)
2022-03-07 09:51:46,235 [pool-781-thread-1] INFO  server.RaftServerConfigKeys (ConfUtils.java:logGet(44)) - raft.server.log.write.buffer.size = 1048576 (custom)
2022-03-07 09:51:46,239 [pool-781-thread-1] INFO  server.RaftServerConfigKeys (ConfUtils.java:logGet(44)) - raft.server.log.statemachine.data.caching.enabled = true (custom)
2022-03-07 09:51:46,240 [pool-781-thread-1] INFO  server.RaftServer$Division (ServerState.java:setRaftConf(387)) - cd9cff4b-1bd9-497e-976c-8eec10b9db64@group-8E452AA84769: set configuration 0: [728f99e8-418e-4b00-b2e8-36f688b477dd|rpc:10.1.0.49:44013|dataStream:|priority:0, 616d314c-ba0d-49c9-8f1d-797448dad8fd|rpc:10.1.0.49:39129|dataStream:|priority:1, cd9cff4b-1bd9-497e-976c-8eec10b9db64|rpc:10.1.0.49:42923|dataStream:|priority:0], old=null
2022-03-07 09:51:46,241 [pool-781-thread-1] INFO  segmented.LogSegment (LogSegment.java:loadSegment(173)) - Successfully read 1 entries from segment file /home/runner/work/ozone/ozone/hadoop-ozone/integration-test/target/test-dir/MiniOzoneClusterImpl-4c099742-f0a8-499d-a606-d482764d36d7/datanode-2/data/ratis/8dcd701a-e220-441a-b05a-8e452aa84769/current/log_inprogress_0
2022-03-07 09:51:46,241 [pool-781-thread-1] INFO  segmented.SegmentedRaftLogWorker (SegmentedRaftLogWorker.java:lambda$new$0(133)) - cd9cff4b-1bd9-497e-976c-8eec10b9db64@group-8E452AA84769-SegmentedRaftLogWorker: flushIndex: setUnconditionally 0 -> 0
2022-03-07 09:51:46,242 [pool-781-thread-1] INFO  segmented.SegmentedRaftLogWorker (SegmentedRaftLogWorker.java:lambda$new$0(133)) - cd9cff4b-1bd9-497e-976c-8eec10b9db64@group-8E452AA84769-SegmentedRaftLogWorker: safeCacheEvictIndex: setUnconditionally 0 -> -1
2022-03-07 09:51:46,242 [pool-781-thread-1] INFO  server.RaftServerConfigKeys (ConfUtils.java:logGet(44)) - raft.server.snapshot.auto.trigger.enabled = true (custom)
2022-03-07 09:51:46,242 [pool-781-thread-1] INFO  server.RaftServerConfigKeys (ConfUtils.java:logGet(44)) - raft.server.snapshot.auto.trigger.threshold = 10000 (custom)
2022-03-07 09:51:46,242 [pool-781-thread-1] INFO  server.RaftServerConfigKeys (ConfUtils.java:logGet(44)) - raft.server.snapshot.retention.file.num = 5 (custom)
2022-03-07 09:51:46,242 [pool-781-thread-1] INFO  server.RaftServerConfigKeys (ConfUtils.java:logGet(44)) - raft.server.log.purge.upto.snapshot.index = false (default)
2022-03-07 09:51:46,242 [pool-781-thread-1] INFO  server.RaftServerConfigKeys (ConfUtils.java:logGet(44)) - raft.server.retrycache.expirytime = 600000ms (custom)
2022-03-07 09:51:46,242 [pool-781-thread-1] INFO  server.RaftServerConfigKeys (ConfUtils.java:logGet(44)) - raft.server.retrycache.statistics.expirytime = 100μs (default)
2022-03-07 09:51:46,244 [pool-781-thread-1] INFO  server.RaftServer$Division (RaftServerImpl.java:<init>(184)) - cd9cff4b-1bd9-497e-976c-8eec10b9db64: new RaftServerImpl for group-35BB7CC600D3:[] with ContainerStateMachine:uninitialized
2022-03-07 09:51:46,244 [pool-781-thread-1] INFO  server.RaftServerConfigKeys (ConfUtils.java:logGet(44)) - raft.server.rpc.timeout.min = 5s (custom)
2022-03-07 09:51:46,244 [pool-781-thread-1] INFO  server.RaftServerConfigKeys (ConfUtils.java:logGet(44)) - raft.server.rpc.timeout.max = 5200ms (custom)
2022-03-07 09:51:46,244 [pool-781-thread-1] INFO  server.RaftServerConfigKeys (ConfUtils.java:logGet(44)) - raft.server.rpc.sleep.time = 25ms (default)
2022-03-07 09:51:46,244 [pool-781-thread-1] INFO  server.RaftServerConfigKeys (ConfUtils.java:logGet(44)) - raft.server.rpc.slowness.timeout = 300000ms (custom)
2022-03-07 09:51:46,244 [pool-781-thread-1] INFO  server.RaftServerConfigKeys (ConfUtils.java:logGet(44)) - raft.server.leaderelection.leader.step-down.wait-time = 10s (default)
2022-03-07 09:51:46,244 [pool-781-thread-1] INFO  server.RaftServerConfigKeys (ConfUtils.java:logGet(44)) - raft.server.sleep.deviation.threshold = 300ms (default)
2022-03-07 09:51:46,244 [pool-781-thread-1] INFO  server.RaftServerConfigKeys (ConfUtils.java:logGet(44)) - raft.server.log.appender.install.snapshot.enabled = false (custom)
2022-03-07 09:51:46,244 [pool-781-thread-1] INFO  server.RaftServer$Division (ServerState.java:<init>(105)) - cd9cff4b-1bd9-497e-976c-8eec10b9db64@group-35BB7CC600D3: ConfigurationManager, init=-1: [], old=null, confs=<EMPTY_MAP>
2022-03-07 09:51:46,244 [pool-781-thread-1] INFO  server.RaftServerConfigKeys (ConfUtils.java:logGet(44)) - raft.server.storage.dir = [/home/runner/work/ozone/ozone/hadoop-ozone/integration-test/target/test-dir/MiniOzoneClusterImpl-4c099742-f0a8-499d-a606-d482764d36d7/datanode-2/data/ratis] (custom)
2022-03-07 09:51:46,244 [pool-781-thread-1] INFO  server.RaftServerConfigKeys (ConfUtils.java:logGet(44)) - raft.server.log.corruption.policy = EXCEPTION (default)
2022-03-07 09:51:46,244 [pool-781-thread-1] INFO  server.RaftServerConfigKeys (ConfUtils.java:logGet(44)) - raft.server.storage.free-space.min = 0MB (=0) (default)
2022-03-07 09:51:46,246 [pool-781-thread-1] INFO  storage.RaftStorageDirectory (RaftStorageDirectoryImpl.java:tryLock(230)) - Lock on /home/runner/work/ozone/ozone/hadoop-ozone/integration-test/target/test-dir/MiniOzoneClusterImpl-4c099742-f0a8-499d-a606-d482764d36d7/datanode-2/data/ratis/d8740330-0b47-446a-878d-35bb7cc600d3/in_use.lock acquired by nodename 23420@fv-az291-317
2022-03-07 09:51:46,247 [pool-781-thread-1] INFO  storage.RaftStorage (RaftStorageImpl.java:analyzeAndRecoverStorage(110)) - Read RaftStorageMetadata{term=2, votedFor=} from /home/runner/work/ozone/ozone/hadoop-ozone/integration-test/target/test-dir/MiniOzoneClusterImpl-4c099742-f0a8-499d-a606-d482764d36d7/datanode-2/data/ratis/d8740330-0b47-446a-878d-35bb7cc600d3/current/raft-meta
2022-03-07 09:51:46,247 [pool-781-thread-1] INFO  ratis.ContainerStateMachine (ContainerStateMachine.java:loadSnapshot(236)) - group-35BB7CC600D3: The snapshot info is null. Setting the last applied indexto:(t:0, i:~)
2022-03-07 09:51:46,247 [pool-781-thread-1] INFO  server.RaftServerConfigKeys (ConfUtils.java:logGet(44)) - raft.server.notification.no-leader.timeout = 300000ms (custom)
2022-03-07 09:51:46,250 [pool-781-thread-1] INFO  server.RaftServerConfigKeys (ConfUtils.java:logGet(44)) - raft.server.log.use.memory = false (default)
2022-03-07 09:51:46,250 [pool-781-thread-1] INFO  server.RaftServerConfigKeys (ConfUtils.java:logGet(44)) - raft.server.log.purge.gap = 1000000 (custom)
2022-03-07 09:51:46,250 [pool-781-thread-1] INFO  server.RaftServerConfigKeys (ConfUtils.java:logGet(44)) - raft.server.log.appender.buffer.byte-limit = 33554432 (custom)
2022-03-07 09:51:46,250 [pool-781-thread-1] INFO  server.RaftServerConfigKeys (ConfUtils.java:logGet(44)) - raft.server.log.segment.size.max = 1048576 (custom)
2022-03-07 09:51:46,260 [pool-781-thread-1] INFO  server.RaftServerConfigKeys (ConfUtils.java:logGet(44)) - raft.server.log.segment.cache.num.max = 2 (custom)
2022-03-07 09:51:46,261 [pool-781-thread-1] INFO  server.RaftServerConfigKeys (ConfUtils.java:logGet(44)) - raft.server.log.segment.cache.size.max = 200MB (=209715200) (default)
2022-03-07 09:51:46,262 [pool-781-thread-1] INFO  segmented.SegmentedRaftLogWorker (SegmentedRaftLogWorker.java:<init>(182)) - new cd9cff4b-1bd9-497e-976c-8eec10b9db64@group-35BB7CC600D3-SegmentedRaftLogWorker for RaftStorageImpl:Storage Directory /home/runner/work/ozone/ozone/hadoop-ozone/integration-test/target/test-dir/MiniOzoneClusterImpl-4c099742-f0a8-499d-a606-d482764d36d7/datanode-2/data/ratis/d8740330-0b47-446a-878d-35bb7cc600d3
2022-03-07 09:51:46,262 [pool-781-thread-1] INFO  server.RaftServerConfigKeys (ConfUtils.java:logGet(44)) - raft.server.log.queue.byte-limit = 4294967296 (custom)
2022-03-07 09:51:46,262 [pool-781-thread-1] INFO  server.RaftServerConfigKeys (ConfUtils.java:logGet(44)) - raft.server.log.queue.element-limit = 1024 (custom)
2022-03-07 09:51:46,262 [pool-781-thread-1] INFO  server.RaftServerConfigKeys (ConfUtils.java:logGet(44)) - raft.server.log.segment.size.max = 1048576 (custom)
2022-03-07 09:51:46,262 [pool-781-thread-1] INFO  server.RaftServerConfigKeys (ConfUtils.java:logGet(44)) - raft.server.log.preallocated.size = 16384 (custom)
2022-03-07 09:51:46,262 [pool-781-thread-1] INFO  server.RaftServerConfigKeys (ConfUtils.java:logGet(44)) - raft.server.log.force.sync.num = 128 (default)
2022-03-07 09:51:46,262 [pool-781-thread-1] INFO  server.RaftServerConfigKeys (ConfUtils.java:logGet(44)) - raft.server.log.statemachine.data.sync = true (default)
2022-03-07 09:51:46,262 [pool-781-thread-1] INFO  server.RaftServerConfigKeys (ConfUtils.java:logGet(44)) - raft.server.log.statemachine.data.sync.timeout = 10s (default)
2022-03-07 09:51:46,262 [pool-781-thread-1] INFO  server.RaftServerConfigKeys (ConfUtils.java:logGet(44)) - raft.server.log.statemachine.data.sync.timeout.retry = -1 (default)
2022-03-07 09:51:46,263 [pool-781-thread-1] INFO  server.RaftServerConfigKeys (ConfUtils.java:logGet(44)) - raft.server.log.write.buffer.size = 1048576 (custom)
2022-03-07 09:51:46,265 [pool-781-thread-1] INFO  server.RaftServerConfigKeys (ConfUtils.java:logGet(44)) - raft.server.log.statemachine.data.caching.enabled = true (custom)
2022-03-07 09:51:46,268 [pool-781-thread-1] INFO  segmented.SegmentedRaftLogWorker (SegmentedRaftLogWorker.java:lambda$new$0(133)) - cd9cff4b-1bd9-497e-976c-8eec10b9db64@group-35BB7CC600D3-SegmentedRaftLogWorker: flushIndex: setUnconditionally 0 -> -1
2022-03-07 09:51:46,268 [pool-781-thread-1] INFO  segmented.SegmentedRaftLogWorker (SegmentedRaftLogWorker.java:lambda$new$0(133)) - cd9cff4b-1bd9-497e-976c-8eec10b9db64@group-35BB7CC600D3-SegmentedRaftLogWorker: safeCacheEvictIndex: setUnconditionally 0 -> -1
2022-03-07 09:51:46,281 [pool-781-thread-1] INFO  server.RaftServerConfigKeys (ConfUtils.java:logGet(44)) - raft.server.snapshot.auto.trigger.enabled = true (custom)
2022-03-07 09:51:46,281 [pool-781-thread-1] INFO  server.RaftServerConfigKeys (ConfUtils.java:logGet(44)) - raft.server.snapshot.auto.trigger.threshold = 10000 (custom)
2022-03-07 09:51:46,281 [pool-781-thread-1] INFO  server.RaftServerConfigKeys (ConfUtils.java:logGet(44)) - raft.server.snapshot.retention.file.num = 5 (custom)
2022-03-07 09:51:46,281 [pool-781-thread-1] INFO  server.RaftServerConfigKeys (ConfUtils.java:logGet(44)) - raft.server.log.purge.upto.snapshot.index = false (default)
2022-03-07 09:51:46,282 [pool-781-thread-1] INFO  server.RaftServerConfigKeys (ConfUtils.java:logGet(44)) - raft.server.retrycache.expirytime = 600000ms (custom)
2022-03-07 09:51:46,282 [pool-781-thread-1] INFO  server.RaftServerConfigKeys (ConfUtils.java:logGet(44)) - raft.server.retrycache.statistics.expirytime = 100μs (default)
2022-03-07 09:51:46,283 [pool-781-thread-1] INFO  server.RaftServer$Division (RaftServerImpl.java:<init>(184)) - cd9cff4b-1bd9-497e-976c-8eec10b9db64: new RaftServerImpl for group-3BD9FDEEF2E9:[] with ContainerStateMachine:uninitialized
2022-03-07 09:51:46,284 [pool-781-thread-1] INFO  server.RaftServerConfigKeys (ConfUtils.java:logGet(44)) - raft.server.rpc.timeout.min = 5s (custom)
2022-03-07 09:51:46,284 [pool-781-thread-1] INFO  server.RaftServerConfigKeys (ConfUtils.java:logGet(44)) - raft.server.rpc.timeout.max = 5200ms (custom)
2022-03-07 09:51:46,284 [pool-781-thread-1] INFO  server.RaftServerConfigKeys (ConfUtils.java:logGet(44)) - raft.server.rpc.sleep.time = 25ms (default)
2022-03-07 09:51:46,284 [pool-781-thread-1] INFO  server.RaftServerConfigKeys (ConfUtils.java:logGet(44)) - raft.server.rpc.slowness.timeout = 300000ms (custom)
2022-03-07 09:51:46,284 [pool-781-thread-1] INFO  server.RaftServerConfigKeys (ConfUtils.java:logGet(44)) - raft.server.leaderelection.leader.step-down.wait-time = 10s (default)
2022-03-07 09:51:46,284 [pool-781-thread-1] INFO  server.RaftServerConfigKeys (ConfUtils.java:logGet(44)) - raft.server.sleep.deviation.threshold = 300ms (default)
2022-03-07 09:51:46,284 [pool-781-thread-1] INFO  server.RaftServerConfigKeys (ConfUtils.java:logGet(44)) - raft.server.log.appender.install.snapshot.enabled = false (custom)
2022-03-07 09:51:46,284 [pool-781-thread-1] INFO  server.RaftServer$Division (ServerState.java:<init>(105)) - cd9cff4b-1bd9-497e-976c-8eec10b9db64@group-3BD9FDEEF2E9: ConfigurationManager, init=-1: [], old=null, confs=<EMPTY_MAP>
2022-03-07 09:51:46,284 [pool-781-thread-1] INFO  server.RaftServerConfigKeys (ConfUtils.java:logGet(44)) - raft.server.storage.dir = [/home/runner/work/ozone/ozone/hadoop-ozone/integration-test/target/test-dir/MiniOzoneClusterImpl-4c099742-f0a8-499d-a606-d482764d36d7/datanode-2/data/ratis] (custom)
2022-03-07 09:51:46,284 [pool-781-thread-1] INFO  server.RaftServerConfigKeys (ConfUtils.java:logGet(44)) - raft.server.log.corruption.policy = EXCEPTION (default)
2022-03-07 09:51:46,284 [pool-781-thread-1] INFO  server.RaftServerConfigKeys (ConfUtils.java:logGet(44)) - raft.server.storage.free-space.min = 0MB (=0) (default)
2022-03-07 09:51:46,285 [pool-781-thread-1] INFO  storage.RaftStorageDirectory (RaftStorageDirectoryImpl.java:tryLock(230)) - Lock on /home/runner/work/ozone/ozone/hadoop-ozone/integration-test/target/test-dir/MiniOzoneClusterImpl-4c099742-f0a8-499d-a606-d482764d36d7/datanode-2/data/ratis/bc84c436-b201-4c59-8f97-3bd9fdeef2e9/in_use.lock acquired by nodename 23420@fv-az291-317
2022-03-07 09:51:46,285 [pool-781-thread-1] INFO  storage.RaftStorage (RaftStorageImpl.java:analyzeAndRecoverStorage(110)) - Read RaftStorageMetadata{term=1, votedFor=cd9cff4b-1bd9-497e-976c-8eec10b9db64} from /home/runner/work/ozone/ozone/hadoop-ozone/integration-test/target/test-dir/MiniOzoneClusterImpl-4c099742-f0a8-499d-a606-d482764d36d7/datanode-2/data/ratis/bc84c436-b201-4c59-8f97-3bd9fdeef2e9/current/raft-meta
2022-03-07 09:51:46,285 [pool-781-thread-1] INFO  ratis.ContainerStateMachine (ContainerStateMachine.java:loadSnapshot(245)) - group-3BD9FDEEF2E9: Setting the last applied index to (t:1, i:11)
2022-03-07 09:51:46,286 [pool-781-thread-1] INFO  server.RaftServer$Division (ServerState.java:setRaftConf(387)) - cd9cff4b-1bd9-497e-976c-8eec10b9db64@group-3BD9FDEEF2E9: set configuration 0: [cd9cff4b-1bd9-497e-976c-8eec10b9db64|rpc:10.1.0.49:42923|dataStream:|priority:1], old=null
2022-03-07 09:51:46,286 [pool-781-thread-1] INFO  server.RaftServerConfigKeys (ConfUtils.java:logGet(44)) - raft.server.notification.no-leader.timeout = 300000ms (custom)
2022-03-07 09:51:46,286 [pool-781-thread-1] INFO  server.RaftServerConfigKeys (ConfUtils.java:logGet(44)) - raft.server.log.use.memory = false (default)
2022-03-07 09:51:46,286 [pool-781-thread-1] INFO  server.RaftServerConfigKeys (ConfUtils.java:logGet(44)) - raft.server.log.purge.gap = 1000000 (custom)
2022-03-07 09:51:46,286 [pool-781-thread-1] INFO  server.RaftServerConfigKeys (ConfUtils.java:logGet(44)) - raft.server.log.appender.buffer.byte-limit = 33554432 (custom)
2022-03-07 09:51:46,286 [pool-781-thread-1] INFO  server.RaftServerConfigKeys (ConfUtils.java:logGet(44)) - raft.server.log.segment.size.max = 1048576 (custom)
2022-03-07 09:51:46,287 [pool-781-thread-1] INFO  server.RaftServerConfigKeys (ConfUtils.java:logGet(44)) - raft.server.log.segment.cache.num.max = 2 (custom)
2022-03-07 09:51:46,287 [pool-781-thread-1] INFO  server.RaftServerConfigKeys (ConfUtils.java:logGet(44)) - raft.server.log.segment.cache.size.max = 200MB (=209715200) (default)
2022-03-07 09:51:46,287 [pool-781-thread-1] INFO  segmented.SegmentedRaftLogWorker (SegmentedRaftLogWorker.java:<init>(182)) - new cd9cff4b-1bd9-497e-976c-8eec10b9db64@group-3BD9FDEEF2E9-SegmentedRaftLogWorker for RaftStorageImpl:Storage Directory /home/runner/work/ozone/ozone/hadoop-ozone/integration-test/target/test-dir/MiniOzoneClusterImpl-4c099742-f0a8-499d-a606-d482764d36d7/datanode-2/data/ratis/bc84c436-b201-4c59-8f97-3bd9fdeef2e9
2022-03-07 09:51:46,287 [pool-781-thread-1] INFO  server.RaftServerConfigKeys (ConfUtils.java:logGet(44)) - raft.server.log.queue.byte-limit = 4294967296 (custom)
2022-03-07 09:51:46,287 [pool-781-thread-1] INFO  server.RaftServerConfigKeys (ConfUtils.java:logGet(44)) - raft.server.log.queue.element-limit = 1024 (custom)
2022-03-07 09:51:46,287 [pool-781-thread-1] INFO  server.RaftServerConfigKeys (ConfUtils.java:logGet(44)) - raft.server.log.segment.size.max = 1048576 (custom)
2022-03-07 09:51:46,287 [pool-781-thread-1] INFO  server.RaftServerConfigKeys (ConfUtils.java:logGet(44)) - raft.server.log.preallocated.size = 16384 (custom)
2022-03-07 09:51:46,287 [pool-781-thread-1] INFO  server.RaftServerConfigKeys (ConfUtils.java:logGet(44)) - raft.server.log.force.sync.num = 128 (default)
2022-03-07 09:51:46,287 [pool-781-thread-1] INFO  server.RaftServerConfigKeys (ConfUtils.java:logGet(44)) - raft.server.log.statemachine.data.sync = true (default)
2022-03-07 09:51:46,287 [pool-781-thread-1] INFO  server.RaftServerConfigKeys (ConfUtils.java:logGet(44)) - raft.server.log.statemachine.data.sync.timeout = 10s (default)
2022-03-07 09:51:46,287 [pool-781-thread-1] INFO  server.RaftServerConfigKeys (ConfUtils.java:logGet(44)) - raft.server.log.statemachine.data.sync.timeout.retry = -1 (default)
2022-03-07 09:51:46,288 [pool-781-thread-1] INFO  server.RaftServerConfigKeys (ConfUtils.java:logGet(44)) - raft.server.log.write.buffer.size = 1048576 (custom)
2022-03-07 09:51:46,291 [pool-781-thread-1] INFO  server.RaftServerConfigKeys (ConfUtils.java:logGet(44)) - raft.server.log.statemachine.data.caching.enabled = true (custom)
2022-03-07 09:51:46,297 [Listener at 127.0.0.1/40579] INFO  handler.ContextHandler (ContextHandler.java:doStart(915)) - Started o.e.j.w.WebAppContext@688a1a9f{hddsDatanode,/,file:///tmp/jetty-0_0_0_0-37315-hdds-container-service-1_3_0-SNAPSHOT_jar-_-any-1561371776067268416/webapp/,AVAILABLE}{jar:file:/home/runner/.m2/repository/org/apache/ozone/hdds-container-service/1.3.0-SNAPSHOT/hdds-container-service-1.3.0-SNAPSHOT.jar!/webapps/hddsDatanode}
2022-03-07 09:51:46,297 [pool-781-thread-1] INFO  server.RaftServer$Division (ServerState.java:setRaftConf(387)) - cd9cff4b-1bd9-497e-976c-8eec10b9db64@group-3BD9FDEEF2E9: set configuration 0: [cd9cff4b-1bd9-497e-976c-8eec10b9db64|rpc:10.1.0.49:42923|dataStream:|priority:1], old=null
2022-03-07 09:51:46,298 [pool-781-thread-1] INFO  segmented.LogSegment (LogSegment.java:loadSegment(173)) - Successfully read 12 entries from segment file /home/runner/work/ozone/ozone/hadoop-ozone/integration-test/target/test-dir/MiniOzoneClusterImpl-4c099742-f0a8-499d-a606-d482764d36d7/datanode-2/data/ratis/bc84c436-b201-4c59-8f97-3bd9fdeef2e9/current/log_inprogress_0
2022-03-07 09:51:46,298 [pool-781-thread-1] INFO  segmented.SegmentedRaftLogWorker (SegmentedRaftLogWorker.java:lambda$new$0(133)) - cd9cff4b-1bd9-497e-976c-8eec10b9db64@group-3BD9FDEEF2E9-SegmentedRaftLogWorker: flushIndex: setUnconditionally 0 -> 11
2022-03-07 09:51:46,298 [pool-781-thread-1] INFO  segmented.SegmentedRaftLogWorker (SegmentedRaftLogWorker.java:lambda$new$0(133)) - cd9cff4b-1bd9-497e-976c-8eec10b9db64@group-3BD9FDEEF2E9-SegmentedRaftLogWorker: safeCacheEvictIndex: setUnconditionally 0 -> -1
2022-03-07 09:51:46,310 [pool-781-thread-1] INFO  raftlog.RaftLog (RaftLogBase.java:lambda$new$0(53)) - cd9cff4b-1bd9-497e-976c-8eec10b9db64@group-3BD9FDEEF2E9-SegmentedRaftLog: commitIndex: updateToMax old=11, new=10, updated? false
2022-03-07 09:51:46,311 [pool-781-thread-1] INFO  server.RaftServerConfigKeys (ConfUtils.java:logGet(44)) - raft.server.snapshot.auto.trigger.enabled = true (custom)
2022-03-07 09:51:46,311 [pool-781-thread-1] INFO  server.RaftServerConfigKeys (ConfUtils.java:logGet(44)) - raft.server.snapshot.auto.trigger.threshold = 10000 (custom)
2022-03-07 09:51:46,311 [pool-781-thread-1] INFO  server.RaftServerConfigKeys (ConfUtils.java:logGet(44)) - raft.server.snapshot.retention.file.num = 5 (custom)
2022-03-07 09:51:46,311 [pool-781-thread-1] INFO  server.RaftServerConfigKeys (ConfUtils.java:logGet(44)) - raft.server.log.purge.upto.snapshot.index = false (default)
2022-03-07 09:51:46,311 [pool-781-thread-1] INFO  server.RaftServerConfigKeys (ConfUtils.java:logGet(44)) - raft.server.retrycache.expirytime = 600000ms (custom)
2022-03-07 09:51:46,311 [pool-781-thread-1] INFO  server.RaftServerConfigKeys (ConfUtils.java:logGet(44)) - raft.server.retrycache.statistics.expirytime = 100μs (default)
2022-03-07 09:51:46,317 [Listener at 127.0.0.1/40579] INFO  server.AbstractConnector (AbstractConnector.java:doStart(331)) - Started ServerConnector@739a5e35{HTTP/1.1, (http/1.1)}{0.0.0.0:37315}
2022-03-07 09:51:46,317 [Listener at 127.0.0.1/40579] INFO  server.Server (Server.java:doStart(415)) - Started @272713ms
2022-03-07 09:51:46,317 [Listener at 127.0.0.1/40579] WARN  impl.MetricsSystemImpl (MetricsSystemImpl.java:register(279)) - Sink prometheus already exists!
2022-03-07 09:51:46,320 [Listener at 127.0.0.1/40579] INFO  http.BaseHttpServer (BaseHttpServer.java:updateConnectorAddress(329)) - HTTP server of hddsDatanode listening at http://0.0.0.0:37315
2022-03-07 09:51:46,320 [Listener at 127.0.0.1/40579] INFO  ozone.MiniOzoneClusterImpl (MiniOzoneClusterImpl.java:lambda$waitForClusterToBeReady$0(219)) - Waiting for nodes to be ready. Got 6 of 7 DN Heartbeats.
2022-03-07 09:51:46,320 [Listener at 127.0.0.1/40579] INFO  ozone.MiniOzoneClusterImpl (MiniOzoneClusterImpl.java:lambda$waitForClusterToBeReady$0(222)) - Cluster exits safe mode
2022-03-07 09:51:46,320 [Listener at 127.0.0.1/40579] INFO  ozone.MiniOzoneClusterImpl (MiniOzoneClusterImpl.java:lambda$waitForClusterToBeReady$0(224)) - SCM became leader
2022-03-07 09:51:46,321 [Datanode State Machine Daemon Thread] INFO  statemachine.DatanodeStateMachine (DatanodeStateMachine.java:lambda$startDaemon$0(470)) - Ozone container server started.
2022-03-07 09:51:46,353 [org.apache.hadoop.util.JvmPauseMonitor$Monitor@2d0244e4] INFO  util.JvmPauseMonitor (JvmPauseMonitor.java:run(188)) - Starting JVM pause monitor
2022-03-07 09:51:47,321 [Listener at 127.0.0.1/40579] INFO  ozone.MiniOzoneClusterImpl (MiniOzoneClusterImpl.java:lambda$waitForClusterToBeReady$0(219)) - Waiting for nodes to be ready. Got 6 of 7 DN Heartbeats.
2022-03-07 09:51:47,321 [Listener at 127.0.0.1/40579] INFO  ozone.MiniOzoneClusterImpl (MiniOzoneClusterImpl.java:lambda$waitForClusterToBeReady$0(222)) - Cluster exits safe mode
2022-03-07 09:51:47,321 [Listener at 127.0.0.1/40579] INFO  ozone.MiniOzoneClusterImpl (MiniOzoneClusterImpl.java:lambda$waitForClusterToBeReady$0(224)) - SCM became leader
2022-03-07 09:51:48,321 [Listener at 127.0.0.1/40579] INFO  ozone.MiniOzoneClusterImpl (MiniOzoneClusterImpl.java:lambda$waitForClusterToBeReady$0(219)) - Waiting for nodes to be ready. Got 6 of 7 DN Heartbeats.
2022-03-07 09:51:48,321 [Listener at 127.0.0.1/40579] INFO  ozone.MiniOzoneClusterImpl (MiniOzoneClusterImpl.java:lambda$waitForClusterToBeReady$0(222)) - Cluster exits safe mode
2022-03-07 09:51:48,321 [Listener at 127.0.0.1/40579] INFO  ozone.MiniOzoneClusterImpl (MiniOzoneClusterImpl.java:lambda$waitForClusterToBeReady$0(224)) - SCM became leader
2022-03-07 09:51:48,354 [EndpointStateMachine task thread for /0.0.0.0:38787 - 0 ] INFO  ozoneimpl.OzoneContainer (OzoneContainer.java:start(335)) - Attempting to start container services.
2022-03-07 09:51:48,354 [EndpointStateMachine task thread for /0.0.0.0:38787 - 0 ] INFO  ozoneimpl.OzoneContainer (OzoneContainer.java:startContainerScrub(270)) - Background container scanner has been disabled.
2022-03-07 09:51:48,360 [EndpointStateMachine task thread for /0.0.0.0:38787 - 0 ] INFO  replication.ReplicationServer (ReplicationServer.java:start(111)) - ReplicationServer is started using port 40105
2022-03-07 09:51:48,361 [EndpointStateMachine task thread for /0.0.0.0:38787 - 0 ] INFO  ratis.XceiverServerRatis (XceiverServerRatis.java:start(485)) - Starting XceiverServerRatis cd9cff4b-1bd9-497e-976c-8eec10b9db64
2022-03-07 09:51:48,361 [EndpointStateMachine task thread for /0.0.0.0:38787 - 0 ] INFO  server.RaftServer$Division (RaftServerImpl.java:start(301)) - cd9cff4b-1bd9-497e-976c-8eec10b9db64@group-A583654C641D: start as a follower, conf=0: [728f99e8-418e-4b00-b2e8-36f688b477dd|rpc:10.1.0.49:44013|dataStream:|priority:1, 616d314c-ba0d-49c9-8f1d-797448dad8fd|rpc:10.1.0.49:39129|dataStream:|priority:0, cd9cff4b-1bd9-497e-976c-8eec10b9db64|rpc:10.1.0.49:42923|dataStream:|priority:0], old=null
2022-03-07 09:51:48,361 [EndpointStateMachine task thread for /0.0.0.0:38787 - 0 ] INFO  server.RaftServer$Division (RaftServerImpl.java:setRole(290)) - cd9cff4b-1bd9-497e-976c-8eec10b9db64@group-A583654C641D: changes role from      null to FOLLOWER at term 2 for startAsFollower
2022-03-07 09:51:48,361 [EndpointStateMachine task thread for /0.0.0.0:38787 - 0 ] INFO  impl.RoleInfo (RoleInfo.java:updateAndGet(130)) - cd9cff4b-1bd9-497e-976c-8eec10b9db64: start cd9cff4b-1bd9-497e-976c-8eec10b9db64@group-A583654C641D-FollowerState
2022-03-07 09:51:48,362 [ForkJoinPool.commonPool-worker-0] INFO  server.RaftServer$Division (RaftServerImpl.java:start(301)) - cd9cff4b-1bd9-497e-976c-8eec10b9db64@group-3BD9FDEEF2E9: start as a follower, conf=0: [cd9cff4b-1bd9-497e-976c-8eec10b9db64|rpc:10.1.0.49:42923|dataStream:|priority:1], old=null
2022-03-07 09:51:48,362 [ForkJoinPool.commonPool-worker-0] INFO  server.RaftServer$Division (RaftServerImpl.java:setRole(290)) - cd9cff4b-1bd9-497e-976c-8eec10b9db64@group-3BD9FDEEF2E9: changes role from      null to FOLLOWER at term 1 for startAsFollower
2022-03-07 09:51:48,362 [EndpointStateMachine task thread for /0.0.0.0:38787 - 0 ] INFO  util.JmxRegister (JmxRegister.java:tryRegister(44)) - Successfully registered JMX Bean with object name Ratis:service=RaftServer,group=group-A583654C641D,id=cd9cff4b-1bd9-497e-976c-8eec10b9db64
2022-03-07 09:51:48,363 [EndpointStateMachine task thread for /0.0.0.0:38787 - 0 ] INFO  server.RaftServer$Division (RaftServerImpl.java:start(304)) - cd9cff4b-1bd9-497e-976c-8eec10b9db64@group-35BB7CC600D3: start with initializing state, conf=-1: [], old=null
2022-03-07 09:51:48,363 [EndpointStateMachine task thread for /0.0.0.0:38787 - 0 ] INFO  server.RaftServer$Division (RaftServerImpl.java:setRole(290)) - cd9cff4b-1bd9-497e-976c-8eec10b9db64@group-35BB7CC600D3: changes role from      null to FOLLOWER at term 2 for startInitializing
2022-03-07 09:51:48,363 [EndpointStateMachine task thread for /0.0.0.0:38787 - 0 ] INFO  util.JmxRegister (JmxRegister.java:tryRegister(44)) - Successfully registered JMX Bean with object name Ratis:service=RaftServer,group=group-35BB7CC600D3,id=cd9cff4b-1bd9-497e-976c-8eec10b9db64
2022-03-07 09:51:48,370 [EndpointStateMachine task thread for /0.0.0.0:38787 - 0 ] INFO  server.RaftServer$Division (RaftServerImpl.java:start(301)) - cd9cff4b-1bd9-497e-976c-8eec10b9db64@group-8E452AA84769: start as a follower, conf=0: [728f99e8-418e-4b00-b2e8-36f688b477dd|rpc:10.1.0.49:44013|dataStream:|priority:0, 616d314c-ba0d-49c9-8f1d-797448dad8fd|rpc:10.1.0.49:39129|dataStream:|priority:1, cd9cff4b-1bd9-497e-976c-8eec10b9db64|rpc:10.1.0.49:42923|dataStream:|priority:0], old=null
2022-03-07 09:51:48,370 [EndpointStateMachine task thread for /0.0.0.0:38787 - 0 ] INFO  server.RaftServer$Division (RaftServerImpl.java:setRole(290)) - cd9cff4b-1bd9-497e-976c-8eec10b9db64@group-8E452AA84769: changes role from      null to FOLLOWER at term 2 for startAsFollower
2022-03-07 09:51:48,370 [EndpointStateMachine task thread for /0.0.0.0:38787 - 0 ] INFO  impl.RoleInfo (RoleInfo.java:updateAndGet(130)) - cd9cff4b-1bd9-497e-976c-8eec10b9db64: start cd9cff4b-1bd9-497e-976c-8eec10b9db64@group-8E452AA84769-FollowerState
2022-03-07 09:51:48,373 [EndpointStateMachine task thread for /0.0.0.0:38787 - 0 ] INFO  util.JmxRegister (JmxRegister.java:tryRegister(44)) - Successfully registered JMX Bean with object name Ratis:service=RaftServer,group=group-8E452AA84769,id=cd9cff4b-1bd9-497e-976c-8eec10b9db64
2022-03-07 09:51:48,387 [ForkJoinPool.commonPool-worker-0] INFO  impl.RoleInfo (RoleInfo.java:updateAndGet(130)) - cd9cff4b-1bd9-497e-976c-8eec10b9db64: start cd9cff4b-1bd9-497e-976c-8eec10b9db64@group-3BD9FDEEF2E9-FollowerState
2022-03-07 09:51:48,391 [ForkJoinPool.commonPool-worker-0] INFO  util.JmxRegister (JmxRegister.java:tryRegister(44)) - Successfully registered JMX Bean with object name Ratis:service=RaftServer,group=group-3BD9FDEEF2E9,id=cd9cff4b-1bd9-497e-976c-8eec10b9db64
2022-03-07 09:51:48,397 [EndpointStateMachine task thread for /0.0.0.0:38787 - 0 ] INFO  server.RaftServer (RaftServerProxy.java:lambda$start$5(374)) - cd9cff4b-1bd9-497e-976c-8eec10b9db64: start RPC server
2022-03-07 09:51:48,398 [EndpointStateMachine task thread for /0.0.0.0:38787 - 0 ] INFO  server.GrpcService (GrpcService.java:startImpl(253)) - cd9cff4b-1bd9-497e-976c-8eec10b9db64: GrpcService started, listening on 42923
2022-03-07 09:51:48,398 [EndpointStateMachine task thread for /0.0.0.0:38787 - 0 ] INFO  ratis.XceiverServerRatis (XceiverServerRatis.java:getRealPort(506)) - XceiverServerRatis cd9cff4b-1bd9-497e-976c-8eec10b9db64 is started using port 42923 for RATIS
2022-03-07 09:51:48,398 [EndpointStateMachine task thread for /0.0.0.0:38787 - 0 ] INFO  ratis.XceiverServerRatis (XceiverServerRatis.java:getRealPort(506)) - XceiverServerRatis cd9cff4b-1bd9-497e-976c-8eec10b9db64 is started using port 42923 for RATIS_ADMIN
2022-03-07 09:51:48,398 [EndpointStateMachine task thread for /0.0.0.0:38787 - 0 ] INFO  ratis.XceiverServerRatis (XceiverServerRatis.java:getRealPort(506)) - XceiverServerRatis cd9cff4b-1bd9-497e-976c-8eec10b9db64 is started using port 42923 for RATIS_SERVER
2022-03-07 09:51:48,399 [org.apache.ratis.util.JvmPauseMonitor$$Lambda$431/73409498@4110a2dd] INFO  util.JvmPauseMonitor (JvmPauseMonitor.java:run(103)) - JvmPauseMonitor-cd9cff4b-1bd9-497e-976c-8eec10b9db64: Started
2022-03-07 09:51:49,322 [Listener at 127.0.0.1/40579] INFO  ozone.MiniOzoneClusterImpl (MiniOzoneClusterImpl.java:lambda$waitForClusterToBeReady$0(219)) - Waiting for nodes to be ready. Got 6 of 7 DN Heartbeats.
2022-03-07 09:51:49,322 [Listener at 127.0.0.1/40579] INFO  ozone.MiniOzoneClusterImpl (MiniOzoneClusterImpl.java:lambda$waitForClusterToBeReady$0(222)) - Cluster exits safe mode
2022-03-07 09:51:49,322 [Listener at 127.0.0.1/40579] INFO  ozone.MiniOzoneClusterImpl (MiniOzoneClusterImpl.java:lambda$waitForClusterToBeReady$0(224)) - SCM became leader
2022-03-07 09:51:50,322 [Listener at 127.0.0.1/40579] INFO  ozone.MiniOzoneClusterImpl (MiniOzoneClusterImpl.java:lambda$waitForClusterToBeReady$0(219)) - Waiting for nodes to be ready. Got 6 of 7 DN Heartbeats.
2022-03-07 09:51:50,322 [Listener at 127.0.0.1/40579] INFO  ozone.MiniOzoneClusterImpl (MiniOzoneClusterImpl.java:lambda$waitForClusterToBeReady$0(222)) - Cluster exits safe mode
2022-03-07 09:51:50,322 [Listener at 127.0.0.1/40579] INFO  ozone.MiniOzoneClusterImpl (MiniOzoneClusterImpl.java:lambda$waitForClusterToBeReady$0(224)) - SCM became leader
2022-03-07 09:51:50,380 [EventQueue-PipelineReportForPipelineReportHandler] INFO  pipeline.PipelineReportHandler (PipelineReportHandler.java:processPipelineReport(113)) - Reported pipeline PipelineID=8dcd701a-e220-441a-b05a-8e452aa84769 is not found
2022-03-07 09:51:50,382 [EventQueue-PipelineReportForPipelineReportHandler] INFO  pipeline.PipelineReportHandler (PipelineReportHandler.java:processPipelineReport(113)) - Reported pipeline PipelineID=bc84c436-b201-4c59-8f97-3bd9fdeef2e9 is not found
2022-03-07 09:51:50,382 [EventQueue-PipelineReportForPipelineReportHandler] INFO  pipeline.PipelineReportHandler (PipelineReportHandler.java:processPipelineReport(113)) - Reported pipeline PipelineID=74c3c54d-cb47-44d6-90a4-a583654c641d is not found
2022-03-07 09:51:50,382 [EventQueue-PipelineReportForPipelineReportHandler] INFO  pipeline.PipelineReportHandler (PipelineReportHandler.java:processPipelineReport(113)) - Reported pipeline PipelineID=d8740330-0b47-446a-878d-35bb7cc600d3 is not found
2022-03-07 09:51:51,322 [Listener at 127.0.0.1/40579] INFO  ozone.MiniOzoneClusterImpl (MiniOzoneClusterImpl.java:lambda$waitForClusterToBeReady$0(219)) - Waiting for nodes to be ready. Got 6 of 7 DN Heartbeats.
2022-03-07 09:51:51,323 [Listener at 127.0.0.1/40579] INFO  ozone.MiniOzoneClusterImpl (MiniOzoneClusterImpl.java:lambda$waitForClusterToBeReady$0(222)) - Cluster exits safe mode
2022-03-07 09:51:51,323 [Listener at 127.0.0.1/40579] INFO  ozone.MiniOzoneClusterImpl (MiniOzoneClusterImpl.java:lambda$waitForClusterToBeReady$0(224)) - SCM became leader
2022-03-07 09:51:52,323 [Listener at 127.0.0.1/40579] INFO  ozone.MiniOzoneClusterImpl (MiniOzoneClusterImpl.java:lambda$waitForClusterToBeReady$0(219)) - Waiting for nodes to be ready. Got 6 of 7 DN Heartbeats.
2022-03-07 09:51:52,323 [Listener at 127.0.0.1/40579] INFO  ozone.MiniOzoneClusterImpl (MiniOzoneClusterImpl.java:lambda$waitForClusterToBeReady$0(222)) - Cluster exits safe mode
2022-03-07 09:51:52,323 [Listener at 127.0.0.1/40579] INFO  ozone.MiniOzoneClusterImpl (MiniOzoneClusterImpl.java:lambda$waitForClusterToBeReady$0(224)) - SCM became leader
2022-03-07 09:51:52,443 [EventQueue-HealthyReadonlyNodeForHealthyReadOnlyNodeHandler] INFO  node.HealthyReadOnlyNodeHandler (HealthyReadOnlyNodeHandler.java:onMessage(58)) - Datanode cd9cff4b-1bd9-497e-976c-8eec10b9db64{ip: 10.1.0.49, host: fv-az291-317.wgnan5asplgejimfprtllbpdch.jx.internal.cloudapp.net, ports: [REPLICATION=46825, RATIS=42923, RATIS_ADMIN=42923, RATIS_SERVER=42923, STANDALONE=43941], networkLocation: /default-rack, certSerialId: null, persistedOpState: IN_SERVICE, persistedOpStateExpiryEpochSec: 0} moved to HEALTHY READONLY state.
2022-03-07 09:51:52,445 [EventQueue-HealthyReadonlyNodeForHealthyReadOnlyNodeHandler] INFO  net.NetworkTopologyImpl (NetworkTopologyImpl.java:add(112)) - Added a new node: /default-rack/cd9cff4b-1bd9-497e-976c-8eec10b9db64
2022-03-07 09:51:52,546 [EventQueue-HealthyReadonlyToHealthyNodeForReadOnlyHealthyToHealthyNodeHandler] INFO  node.ReadOnlyHealthyToHealthyNodeHandler (ReadOnlyHealthyToHealthyNodeHandler.java:onMessage(51)) - Datanode cd9cff4b-1bd9-497e-976c-8eec10b9db64{ip: 10.1.0.49, host: fv-az291-317.wgnan5asplgejimfprtllbpdch.jx.internal.cloudapp.net, ports: [REPLICATION=46825, RATIS=42923, RATIS_ADMIN=42923, RATIS_SERVER=42923, STANDALONE=43941], networkLocation: /default-rack, certSerialId: null, persistedOpState: IN_SERVICE, persistedOpStateExpiryEpochSec: 0} moved to HEALTHY state.
2022-03-07 09:51:52,548 [EventQueue-HealthyReadonlyToHealthyNodeForReadOnlyHealthyToHealthyNodeHandler] INFO  pipeline.BackgroundPipelineCreator (BackgroundPipelineCreator.java:notifyEventTriggered(285)) - trigger a one-shot run on RatisPipelineUtilsThread.
2022-03-07 09:51:52,552 [RatisPipelineUtilsThread - 0] INFO  pipeline.RatisPipelineProvider (RatisPipelineProvider.java:lambda$create$0(183)) - Sending CreatePipelineCommand for pipeline:PipelineID=7dd851b1-46e0-4a93-8071-5927a3a2a91c to datanode:cd9cff4b-1bd9-497e-976c-8eec10b9db64
2022-03-07 09:51:52,556 [9fd2d42e-0817-4c6b-b2b7-8c945e0a68b4@group-D482764D36D7-StateMachineUpdater] INFO  pipeline.PipelineStateManagerImpl (PipelineStateManagerImpl.java:addPipeline(101)) - Created pipeline Pipeline[ Id: 7dd851b1-46e0-4a93-8071-5927a3a2a91c, Nodes: cd9cff4b-1bd9-497e-976c-8eec10b9db64{ip: 10.1.0.49, host: fv-az291-317.wgnan5asplgejimfprtllbpdch.jx.internal.cloudapp.net, ports: [REPLICATION=46825, RATIS=42923, RATIS_ADMIN=42923, RATIS_SERVER=42923, STANDALONE=43941], networkLocation: /default-rack, certSerialId: null, persistedOpState: IN_SERVICE, persistedOpStateExpiryEpochSec: 0}, ReplicationConfig: RATIS/ONE, State:ALLOCATED, leaderId:, CreationTimestamp2022-03-07T09:51:52.552Z[Etc/UTC]].
2022-03-07 09:51:52,557 [RatisPipelineUtilsThread - 0] INFO  pipeline.RatisPipelineProvider (RatisPipelineProvider.java:lambda$create$0(183)) - Sending CreatePipelineCommand for pipeline:PipelineID=60b5cb39-0ab8-4f61-9ad9-a2ab75c9018a to datanode:728f99e8-418e-4b00-b2e8-36f688b477dd
2022-03-07 09:51:52,557 [RatisPipelineUtilsThread - 0] INFO  pipeline.RatisPipelineProvider (RatisPipelineProvider.java:lambda$create$0(183)) - Sending CreatePipelineCommand for pipeline:PipelineID=60b5cb39-0ab8-4f61-9ad9-a2ab75c9018a to datanode:cd9cff4b-1bd9-497e-976c-8eec10b9db64
2022-03-07 09:51:52,557 [RatisPipelineUtilsThread - 0] INFO  pipeline.RatisPipelineProvider (RatisPipelineProvider.java:lambda$create$0(183)) - Sending CreatePipelineCommand for pipeline:PipelineID=60b5cb39-0ab8-4f61-9ad9-a2ab75c9018a to datanode:79ee019c-6239-4f85-9f3b-dddcaaaeb0fb
2022-03-07 09:51:52,559 [9fd2d42e-0817-4c6b-b2b7-8c945e0a68b4@group-D482764D36D7-StateMachineUpdater] INFO  pipeline.PipelineStateManagerImpl (PipelineStateManagerImpl.java:addPipeline(101)) - Created pipeline Pipeline[ Id: 60b5cb39-0ab8-4f61-9ad9-a2ab75c9018a, Nodes: 728f99e8-418e-4b00-b2e8-36f688b477dd{ip: 10.1.0.49, host: fv-az291-317.wgnan5asplgejimfprtllbpdch.jx.internal.cloudapp.net, ports: [REPLICATION=38547, RATIS=44013, RATIS_ADMIN=44013, RATIS_SERVER=44013, STANDALONE=41573], networkLocation: /default-rack, certSerialId: null, persistedOpState: IN_SERVICE, persistedOpStateExpiryEpochSec: 0}cd9cff4b-1bd9-497e-976c-8eec10b9db64{ip: 10.1.0.49, host: fv-az291-317.wgnan5asplgejimfprtllbpdch.jx.internal.cloudapp.net, ports: [REPLICATION=46825, RATIS=42923, RATIS_ADMIN=42923, RATIS_SERVER=42923, STANDALONE=43941], networkLocation: /default-rack, certSerialId: null, persistedOpState: IN_SERVICE, persistedOpStateExpiryEpochSec: 0}79ee019c-6239-4f85-9f3b-dddcaaaeb0fb{ip: 10.1.0.49, host: fv-az291-317.wgnan5asplgejimfprtllbpdch.jx.internal.cloudapp.net, ports: [REPLICATION=42249, RATIS=41163, RATIS_ADMIN=41163, RATIS_SERVER=41163, STANDALONE=43119], networkLocation: /default-rack, certSerialId: null, persistedOpState: IN_SERVICE, persistedOpStateExpiryEpochSec: 0}, ReplicationConfig: RATIS/THREE, State:ALLOCATED, leaderId:, CreationTimestamp2022-03-07T09:51:52.557Z[Etc/UTC]].
2022-03-07 09:51:52,562 [RatisPipelineUtilsThread - 0] INFO  pipeline.RatisPipelineProvider (RatisPipelineProvider.java:lambda$create$0(183)) - Sending CreatePipelineCommand for pipeline:PipelineID=110c5adc-eefa-440f-b852-993c76073ec3 to datanode:79ee019c-6239-4f85-9f3b-dddcaaaeb0fb
2022-03-07 09:51:52,562 [RatisPipelineUtilsThread - 0] INFO  pipeline.RatisPipelineProvider (RatisPipelineProvider.java:lambda$create$0(183)) - Sending CreatePipelineCommand for pipeline:PipelineID=110c5adc-eefa-440f-b852-993c76073ec3 to datanode:728f99e8-418e-4b00-b2e8-36f688b477dd
2022-03-07 09:51:52,562 [RatisPipelineUtilsThread - 0] INFO  pipeline.RatisPipelineProvider (RatisPipelineProvider.java:lambda$create$0(183)) - Sending CreatePipelineCommand for pipeline:PipelineID=110c5adc-eefa-440f-b852-993c76073ec3 to datanode:616d314c-ba0d-49c9-8f1d-797448dad8fd
2022-03-07 09:51:52,565 [9fd2d42e-0817-4c6b-b2b7-8c945e0a68b4@group-D482764D36D7-StateMachineUpdater] INFO  pipeline.PipelineStateManagerImpl (PipelineStateManagerImpl.java:addPipeline(101)) - Created pipeline Pipeline[ Id: 110c5adc-eefa-440f-b852-993c76073ec3, Nodes: 79ee019c-6239-4f85-9f3b-dddcaaaeb0fb{ip: 10.1.0.49, host: fv-az291-317.wgnan5asplgejimfprtllbpdch.jx.internal.cloudapp.net, ports: [REPLICATION=42249, RATIS=41163, RATIS_ADMIN=41163, RATIS_SERVER=41163, STANDALONE=43119], networkLocation: /default-rack, certSerialId: null, persistedOpState: IN_SERVICE, persistedOpStateExpiryEpochSec: 0}728f99e8-418e-4b00-b2e8-36f688b477dd{ip: 10.1.0.49, host: fv-az291-317.wgnan5asplgejimfprtllbpdch.jx.internal.cloudapp.net, ports: [REPLICATION=38547, RATIS=44013, RATIS_ADMIN=44013, RATIS_SERVER=44013, STANDALONE=41573], networkLocation: /default-rack, certSerialId: null, persistedOpState: IN_SERVICE, persistedOpStateExpiryEpochSec: 0}616d314c-ba0d-49c9-8f1d-797448dad8fd{ip: 10.1.0.49, host: fv-az291-317.wgnan5asplgejimfprtllbpdch.jx.internal.cloudapp.net, ports: [REPLICATION=32797, RATIS=39129, RATIS_ADMIN=39129, RATIS_SERVER=39129, STANDALONE=37787], networkLocation: /default-rack, certSerialId: null, persistedOpState: IN_SERVICE, persistedOpStateExpiryEpochSec: 0}, ReplicationConfig: RATIS/THREE, State:ALLOCATED, leaderId:, CreationTimestamp2022-03-07T09:51:52.562Z[Etc/UTC]].
2022-03-07 09:51:52,565 [RatisPipelineUtilsThread - 0] INFO  pipeline.RatisPipelineProvider (RatisPipelineProvider.java:lambda$create$0(183)) - Sending CreatePipelineCommand for pipeline:PipelineID=b529f8ba-3bf9-49bc-adf3-022b701c3610 to datanode:79ee019c-6239-4f85-9f3b-dddcaaaeb0fb
2022-03-07 09:51:52,566 [RatisPipelineUtilsThread - 0] INFO  pipeline.RatisPipelineProvider (RatisPipelineProvider.java:lambda$create$0(183)) - Sending CreatePipelineCommand for pipeline:PipelineID=b529f8ba-3bf9-49bc-adf3-022b701c3610 to datanode:728f99e8-418e-4b00-b2e8-36f688b477dd
2022-03-07 09:51:52,566 [RatisPipelineUtilsThread - 0] INFO  pipeline.RatisPipelineProvider (RatisPipelineProvider.java:lambda$create$0(183)) - Sending CreatePipelineCommand for pipeline:PipelineID=b529f8ba-3bf9-49bc-adf3-022b701c3610 to datanode:cd9cff4b-1bd9-497e-976c-8eec10b9db64
2022-03-07 09:51:52,569 [9fd2d42e-0817-4c6b-b2b7-8c945e0a68b4@group-D482764D36D7-StateMachineUpdater] INFO  pipeline.PipelineStateManagerImpl (PipelineStateManagerImpl.java:addPipeline(101)) - Created pipeline Pipeline[ Id: b529f8ba-3bf9-49bc-adf3-022b701c3610, Nodes: 79ee019c-6239-4f85-9f3b-dddcaaaeb0fb{ip: 10.1.0.49, host: fv-az291-317.wgnan5asplgejimfprtllbpdch.jx.internal.cloudapp.net, ports: [REPLICATION=42249, RATIS=41163, RATIS_ADMIN=41163, RATIS_SERVER=41163, STANDALONE=43119], networkLocation: /default-rack, certSerialId: null, persistedOpState: IN_SERVICE, persistedOpStateExpiryEpochSec: 0}728f99e8-418e-4b00-b2e8-36f688b477dd{ip: 10.1.0.49, host: fv-az291-317.wgnan5asplgejimfprtllbpdch.jx.internal.cloudapp.net, ports: [REPLICATION=38547, RATIS=44013, RATIS_ADMIN=44013, RATIS_SERVER=44013, STANDALONE=41573], networkLocation: /default-rack, certSerialId: null, persistedOpState: IN_SERVICE, persistedOpStateExpiryEpochSec: 0}cd9cff4b-1bd9-497e-976c-8eec10b9db64{ip: 10.1.0.49, host: fv-az291-317.wgnan5asplgejimfprtllbpdch.jx.internal.cloudapp.net, ports: [REPLICATION=46825, RATIS=42923, RATIS_ADMIN=42923, RATIS_SERVER=42923, STANDALONE=43941], networkLocation: /default-rack, certSerialId: null, persistedOpState: IN_SERVICE, persistedOpStateExpiryEpochSec: 0}, ReplicationConfig: RATIS/THREE, State:ALLOCATED, leaderId:, CreationTimestamp2022-03-07T09:51:52.565Z[Etc/UTC]].
2022-03-07 09:51:52,570 [RatisPipelineUtilsThread - 0] INFO  pipeline.PipelineManagerImpl (PipelineManagerImpl.java:recordMetricsForPipeline(639)) - Pipeline: PipelineID=b529f8ba-3bf9-49bc-adf3-022b701c3610 contains same datanodes as previous pipelines: PipelineID=60b5cb39-0ab8-4f61-9ad9-a2ab75c9018a nodeIds: 79ee019c-6239-4f85-9f3b-dddcaaaeb0fb, 728f99e8-418e-4b00-b2e8-36f688b477dd, cd9cff4b-1bd9-497e-976c-8eec10b9db64
2022-03-07 09:51:53,327 [Listener at 127.0.0.1/40579] INFO  ozone.MiniOzoneClusterImpl (MiniOzoneClusterImpl.java:lambda$waitForClusterToBeReady$0(219)) - Nodes are ready. Got 7 of 7 DN Heartbeats.
2022-03-07 09:51:53,327 [Listener at 127.0.0.1/40579] INFO  ozone.MiniOzoneClusterImpl (MiniOzoneClusterImpl.java:lambda$waitForClusterToBeReady$0(222)) - Cluster exits safe mode
2022-03-07 09:51:53,327 [Listener at 127.0.0.1/40579] INFO  ozone.MiniOzoneClusterImpl (MiniOzoneClusterImpl.java:lambda$waitForClusterToBeReady$0(224)) - SCM became leader
2022-03-07 09:51:53,364 [Command processor thread] INFO  server.RaftServer (RaftServerProxy.java:remove(106)) - cd9cff4b-1bd9-497e-976c-8eec10b9db64: remove  FOLLOWER cd9cff4b-1bd9-497e-976c-8eec10b9db64@group-3BD9FDEEF2E9:t1, leader=null, voted=cd9cff4b-1bd9-497e-976c-8eec10b9db64, raftlog=cd9cff4b-1bd9-497e-976c-8eec10b9db64@group-3BD9FDEEF2E9-SegmentedRaftLog:OPENED:c11, conf=0: [cd9cff4b-1bd9-497e-976c-8eec10b9db64|rpc:10.1.0.49:42923|dataStream:|priority:1], old=null RUNNING
2022-03-07 09:51:53,365 [Command processor thread] INFO  server.RaftServer$Division (RaftServerImpl.java:lambda$close$4(412)) - cd9cff4b-1bd9-497e-976c-8eec10b9db64@group-3BD9FDEEF2E9: shutdown
2022-03-07 09:51:53,365 [Command processor thread] INFO  util.JmxRegister (JmxRegister.java:unregister(73)) - Successfully un-registered JMX Bean with object name Ratis:service=RaftServer,group=group-3BD9FDEEF2E9,id=cd9cff4b-1bd9-497e-976c-8eec10b9db64
2022-03-07 09:51:53,365 [Command processor thread] INFO  impl.RoleInfo (RoleInfo.java:shutdownFollowerState(108)) - cd9cff4b-1bd9-497e-976c-8eec10b9db64: shutdown cd9cff4b-1bd9-497e-976c-8eec10b9db64@group-3BD9FDEEF2E9-FollowerState
2022-03-07 09:51:53,365 [Command processor thread] INFO  impl.StateMachineUpdater (StateMachineUpdater.java:stopAndJoin(149)) - cd9cff4b-1bd9-497e-976c-8eec10b9db64@group-3BD9FDEEF2E9-StateMachineUpdater: set stopIndex = 11
2022-03-07 09:51:53,365 [Command processor thread] INFO  server.RaftServer$Division (ServerState.java:close(419)) - cd9cff4b-1bd9-497e-976c-8eec10b9db64@group-3BD9FDEEF2E9: closes. applyIndex: 11
2022-03-07 09:51:53,365 [cd9cff4b-1bd9-497e-976c-8eec10b9db64@group-3BD9FDEEF2E9-SegmentedRaftLogWorker] INFO  segmented.SegmentedRaftLogWorker (SegmentedRaftLogWorker.java:run(327)) - cd9cff4b-1bd9-497e-976c-8eec10b9db64@group-3BD9FDEEF2E9-SegmentedRaftLogWorker was interrupted, exiting. There are 0 tasks remaining in the queue.
2022-03-07 09:51:53,366 [cd9cff4b-1bd9-497e-976c-8eec10b9db64@group-3BD9FDEEF2E9-FollowerState] INFO  impl.FollowerState (FollowerState.java:run(143)) - cd9cff4b-1bd9-497e-976c-8eec10b9db64@group-3BD9FDEEF2E9-FollowerState was interrupted: {}
java.lang.InterruptedException: sleep interrupted
	at java.lang.Thread.sleep(Native Method)
	at java.lang.Thread.sleep(Thread.java:342)
	at java.util.concurrent.TimeUnit.sleep(TimeUnit.java:386)
	at org.apache.ratis.util.TimeDuration.sleep(TimeDuration.java:324)
	at org.apache.ratis.util.TimeDuration.sleep(TimeDuration.java:309)
	at org.apache.ratis.server.impl.FollowerState.run(FollowerState.java:118)
2022-03-07 09:51:53,392 [Command processor thread] INFO  segmented.SegmentedRaftLogWorker (SegmentedRaftLogWorker.java:close(237)) - cd9cff4b-1bd9-497e-976c-8eec10b9db64@group-3BD9FDEEF2E9-SegmentedRaftLogWorker close()
2022-03-07 09:51:53,412 [cd9cff4b-1bd9-497e-976c-8eec10b9db64@group-8E452AA84769-FollowerState] INFO  impl.FollowerState (FollowerState.java:run(134)) - cd9cff4b-1bd9-497e-976c-8eec10b9db64@group-8E452AA84769-FollowerState: change to CANDIDATE, lastRpcElapsedTime:5041680215ns, electionTimeout:5035ms
2022-03-07 09:51:53,412 [cd9cff4b-1bd9-497e-976c-8eec10b9db64@group-8E452AA84769-FollowerState] INFO  impl.RoleInfo (RoleInfo.java:shutdownFollowerState(108)) - cd9cff4b-1bd9-497e-976c-8eec10b9db64: shutdown cd9cff4b-1bd9-497e-976c-8eec10b9db64@group-8E452AA84769-FollowerState
2022-03-07 09:51:53,412 [cd9cff4b-1bd9-497e-976c-8eec10b9db64@group-8E452AA84769-FollowerState] INFO  server.RaftServer$Division (RaftServerImpl.java:setRole(290)) - cd9cff4b-1bd9-497e-976c-8eec10b9db64@group-8E452AA84769: changes role from  FOLLOWER to CANDIDATE at term 2 for changeToCandidate
2022-03-07 09:51:53,412 [cd9cff4b-1bd9-497e-976c-8eec10b9db64@group-8E452AA84769-FollowerState] INFO  server.RaftServerConfigKeys (ConfUtils.java:logGet(44)) - raft.server.leaderelection.pre-vote = false (custom)
2022-03-07 09:51:53,412 [cd9cff4b-1bd9-497e-976c-8eec10b9db64@group-8E452AA84769-FollowerState] INFO  impl.RoleInfo (RoleInfo.java:updateAndGet(130)) - cd9cff4b-1bd9-497e-976c-8eec10b9db64: start cd9cff4b-1bd9-497e-976c-8eec10b9db64@group-8E452AA84769-LeaderElection105
2022-03-07 09:51:53,437 [cd9cff4b-1bd9-497e-976c-8eec10b9db64@group-8E452AA84769-LeaderElection105] INFO  impl.LeaderElection (LeaderElection.java:askForVotes(306)) - cd9cff4b-1bd9-497e-976c-8eec10b9db64@group-8E452AA84769-LeaderElection105 ELECTION round 0: submit vote requests at term 3 for 0: [728f99e8-418e-4b00-b2e8-36f688b477dd|rpc:10.1.0.49:44013|dataStream:|priority:0, 616d314c-ba0d-49c9-8f1d-797448dad8fd|rpc:10.1.0.49:39129|dataStream:|priority:1, cd9cff4b-1bd9-497e-976c-8eec10b9db64|rpc:10.1.0.49:42923|dataStream:|priority:0], old=null
2022-03-07 09:51:53,447 [Command processor thread] INFO  keyvalue.KeyValueContainer (KeyValueContainer.java:flushAndSyncDB(427)) - Container 1 is synced with bcsId 10.
2022-03-07 09:51:53,448 [Command processor thread] INFO  keyvalue.KeyValueContainer (KeyValueContainer.java:flushAndSyncDB(427)) - Container 1 is synced with bcsId 10.
2022-03-07 09:51:53,451 [Command processor thread] INFO  server.RaftServer$Division (RaftServerImpl.java:groupRemove(382)) - cd9cff4b-1bd9-497e-976c-8eec10b9db64@group-3BD9FDEEF2E9: Succeed to remove RaftStorageDirectory Storage Directory /home/runner/work/ozone/ozone/hadoop-ozone/integration-test/target/test-dir/MiniOzoneClusterImpl-4c099742-f0a8-499d-a606-d482764d36d7/datanode-2/data/ratis/bc84c436-b201-4c59-8f97-3bd9fdeef2e9
2022-03-07 09:51:53,452 [Command processor thread] INFO  commandhandler.ClosePipelineCommandHandler (ClosePipelineCommandHandler.java:handle(78)) - Close Pipeline PipelineID=bc84c436-b201-4c59-8f97-3bd9fdeef2e9 command on datanode cd9cff4b-1bd9-497e-976c-8eec10b9db64.
2022-03-07 09:51:53,452 [FixedThreadPoolWithAffinityExecutor-1-0] INFO  container.IncrementalContainerReportHandler (AbstractContainerReportHandler.java:updateContainerState(234)) - Moving container #1 to QUASI_CLOSED state, datanode cd9cff4b-1bd9-497e-976c-8eec10b9db64{ip: 10.1.0.49, host: fv-az291-317.wgnan5asplgejimfprtllbpdch.jx.internal.cloudapp.net, ports: [REPLICATION=46825, RATIS=42923, RATIS_ADMIN=42923, RATIS_SERVER=42923, STANDALONE=43941], networkLocation: /default-rack, certSerialId: null, persistedOpState: IN_SERVICE, persistedOpStateExpiryEpochSec: 0} reported QUASI_CLOSED replica.
2022-03-07 09:51:53,453 [Command processor thread] INFO  server.RaftServer (RaftServerProxy.java:remove(106)) - cd9cff4b-1bd9-497e-976c-8eec10b9db64: remove CANDIDATE cd9cff4b-1bd9-497e-976c-8eec10b9db64@group-8E452AA84769:t3, leader=null, voted=cd9cff4b-1bd9-497e-976c-8eec10b9db64, raftlog=cd9cff4b-1bd9-497e-976c-8eec10b9db64@group-8E452AA84769-SegmentedRaftLog:OPENED:c0, conf=0: [728f99e8-418e-4b00-b2e8-36f688b477dd|rpc:10.1.0.49:44013|dataStream:|priority:0, 616d314c-ba0d-49c9-8f1d-797448dad8fd|rpc:10.1.0.49:39129|dataStream:|priority:1, cd9cff4b-1bd9-497e-976c-8eec10b9db64|rpc:10.1.0.49:42923|dataStream:|priority:0], old=null RUNNING
2022-03-07 09:51:53,453 [Command processor thread] INFO  server.RaftServer$Division (RaftServerImpl.java:lambda$close$4(412)) - cd9cff4b-1bd9-497e-976c-8eec10b9db64@group-8E452AA84769: shutdown
2022-03-07 09:51:53,453 [Command processor thread] INFO  util.JmxRegister (JmxRegister.java:unregister(73)) - Successfully un-registered JMX Bean with object name Ratis:service=RaftServer,group=group-8E452AA84769,id=cd9cff4b-1bd9-497e-976c-8eec10b9db64
2022-03-07 09:51:53,453 [Command processor thread] INFO  impl.RoleInfo (RoleInfo.java:shutdownLeaderElection(121)) - cd9cff4b-1bd9-497e-976c-8eec10b9db64: shutdown cd9cff4b-1bd9-497e-976c-8eec10b9db64@group-8E452AA84769-LeaderElection105
2022-03-07 09:51:53,454 [Command processor thread] INFO  impl.StateMachineUpdater (StateMachineUpdater.java:stopAndJoin(149)) - cd9cff4b-1bd9-497e-976c-8eec10b9db64@group-8E452AA84769-StateMachineUpdater: set stopIndex = 0
2022-03-07 09:51:53,454 [Command processor thread] INFO  server.RaftServer$Division (ServerState.java:close(419)) - cd9cff4b-1bd9-497e-976c-8eec10b9db64@group-8E452AA84769: closes. applyIndex: 0
2022-03-07 09:51:53,454 [cd9cff4b-1bd9-497e-976c-8eec10b9db64@group-8E452AA84769-SegmentedRaftLogWorker] INFO  segmented.SegmentedRaftLogWorker (SegmentedRaftLogWorker.java:run(327)) - cd9cff4b-1bd9-497e-976c-8eec10b9db64@group-8E452AA84769-SegmentedRaftLogWorker was interrupted, exiting. There are 0 tasks remaining in the queue.
2022-03-07 09:51:53,456 [Command processor thread] INFO  segmented.SegmentedRaftLogWorker (SegmentedRaftLogWorker.java:close(237)) - cd9cff4b-1bd9-497e-976c-8eec10b9db64@group-8E452AA84769-SegmentedRaftLogWorker close()
2022-03-07 09:51:53,458 [Command processor thread] INFO  server.RaftServer$Division (RaftServerImpl.java:groupRemove(382)) - cd9cff4b-1bd9-497e-976c-8eec10b9db64@group-8E452AA84769: Succeed to remove RaftStorageDirectory Storage Directory /home/runner/work/ozone/ozone/hadoop-ozone/integration-test/target/test-dir/MiniOzoneClusterImpl-4c099742-f0a8-499d-a606-d482764d36d7/datanode-2/data/ratis/8dcd701a-e220-441a-b05a-8e452aa84769
2022-03-07 09:51:53,459 [Command processor thread] INFO  commandhandler.ClosePipelineCommandHandler (ClosePipelineCommandHandler.java:handle(78)) - Close Pipeline PipelineID=8dcd701a-e220-441a-b05a-8e452aa84769 command on datanode cd9cff4b-1bd9-497e-976c-8eec10b9db64.
2022-03-07 09:51:53,459 [Command processor thread] INFO  server.RaftServer (RaftServerProxy.java:remove(106)) - cd9cff4b-1bd9-497e-976c-8eec10b9db64: remove  FOLLOWER cd9cff4b-1bd9-497e-976c-8eec10b9db64@group-A583654C641D:t2, leader=null, voted=728f99e8-418e-4b00-b2e8-36f688b477dd, raftlog=cd9cff4b-1bd9-497e-976c-8eec10b9db64@group-A583654C641D-SegmentedRaftLog:OPENED:c0, conf=0: [728f99e8-418e-4b00-b2e8-36f688b477dd|rpc:10.1.0.49:44013|dataStream:|priority:1, 616d314c-ba0d-49c9-8f1d-797448dad8fd|rpc:10.1.0.49:39129|dataStream:|priority:0, cd9cff4b-1bd9-497e-976c-8eec10b9db64|rpc:10.1.0.49:42923|dataStream:|priority:0], old=null RUNNING
2022-03-07 09:51:53,459 [Command processor thread] INFO  server.RaftServer$Division (RaftServerImpl.java:lambda$close$4(412)) - cd9cff4b-1bd9-497e-976c-8eec10b9db64@group-A583654C641D: shutdown
2022-03-07 09:51:53,459 [Command processor thread] INFO  util.JmxRegister (JmxRegister.java:unregister(73)) - Successfully un-registered JMX Bean with object name Ratis:service=RaftServer,group=group-A583654C641D,id=cd9cff4b-1bd9-497e-976c-8eec10b9db64
2022-03-07 09:51:53,459 [Command processor thread] INFO  impl.RoleInfo (RoleInfo.java:shutdownFollowerState(108)) - cd9cff4b-1bd9-497e-976c-8eec10b9db64: shutdown cd9cff4b-1bd9-497e-976c-8eec10b9db64@group-A583654C641D-FollowerState
2022-03-07 09:51:53,459 [cd9cff4b-1bd9-497e-976c-8eec10b9db64@group-A583654C641D-FollowerState] INFO  impl.FollowerState (FollowerState.java:run(143)) - cd9cff4b-1bd9-497e-976c-8eec10b9db64@group-A583654C641D-FollowerState was interrupted: {}
java.lang.InterruptedException: sleep interrupted
	at java.lang.Thread.sleep(Native Method)
	at java.lang.Thread.sleep(Thread.java:342)
	at java.util.concurrent.TimeUnit.sleep(TimeUnit.java:386)
	at org.apache.ratis.util.TimeDuration.sleep(TimeDuration.java:324)
	at org.apache.ratis.util.TimeDuration.sleep(TimeDuration.java:309)
	at org.apache.ratis.server.impl.FollowerState.run(FollowerState.java:118)
2022-03-07 09:51:53,459 [Command processor thread] INFO  impl.StateMachineUpdater (StateMachineUpdater.java:stopAndJoin(149)) - cd9cff4b-1bd9-497e-976c-8eec10b9db64@group-A583654C641D-StateMachineUpdater: set stopIndex = 0
2022-03-07 09:51:53,459 [Command processor thread] INFO  server.RaftServer$Division (ServerState.java:close(419)) - cd9cff4b-1bd9-497e-976c-8eec10b9db64@group-A583654C641D: closes. applyIndex: 0
2022-03-07 09:51:53,459 [cd9cff4b-1bd9-497e-976c-8eec10b9db64@group-A583654C641D-SegmentedRaftLogWorker] INFO  segmented.SegmentedRaftLogWorker (SegmentedRaftLogWorker.java:run(327)) - cd9cff4b-1bd9-497e-976c-8eec10b9db64@group-A583654C641D-SegmentedRaftLogWorker was interrupted, exiting. There are 0 tasks remaining in the queue.
2022-03-07 09:51:53,460 [Command processor thread] INFO  segmented.SegmentedRaftLogWorker (SegmentedRaftLogWorker.java:close(237)) - cd9cff4b-1bd9-497e-976c-8eec10b9db64@group-A583654C641D-SegmentedRaftLogWorker close()
2022-03-07 09:51:53,470 [Command processor thread] INFO  server.RaftServer$Division (RaftServerImpl.java:groupRemove(382)) - cd9cff4b-1bd9-497e-976c-8eec10b9db64@group-A583654C641D: Succeed to remove RaftStorageDirectory Storage Directory /home/runner/work/ozone/ozone/hadoop-ozone/integration-test/target/test-dir/MiniOzoneClusterImpl-4c099742-f0a8-499d-a606-d482764d36d7/datanode-2/data/ratis/74c3c54d-cb47-44d6-90a4-a583654c641d
2022-03-07 09:51:53,470 [Command processor thread] INFO  commandhandler.ClosePipelineCommandHandler (ClosePipelineCommandHandler.java:handle(78)) - Close Pipeline PipelineID=74c3c54d-cb47-44d6-90a4-a583654c641d command on datanode cd9cff4b-1bd9-497e-976c-8eec10b9db64.
2022-03-07 09:51:53,470 [Command processor thread] INFO  server.RaftServer (RaftServerProxy.java:remove(106)) - cd9cff4b-1bd9-497e-976c-8eec10b9db64: remove  FOLLOWER cd9cff4b-1bd9-497e-976c-8eec10b9db64@group-35BB7CC600D3:t2, leader=null, voted=, raftlog=cd9cff4b-1bd9-497e-976c-8eec10b9db64@group-35BB7CC600D3-SegmentedRaftLog:OPENED:c-1, conf=-1: [], old=null STARTING
2022-03-07 09:51:53,470 [Command processor thread] INFO  server.RaftServer$Division (RaftServerImpl.java:lambda$close$4(412)) - cd9cff4b-1bd9-497e-976c-8eec10b9db64@group-35BB7CC600D3: shutdown
2022-03-07 09:51:53,470 [Command processor thread] INFO  util.JmxRegister (JmxRegister.java:unregister(73)) - Successfully un-registered JMX Bean with object name Ratis:service=RaftServer,group=group-35BB7CC600D3,id=cd9cff4b-1bd9-497e-976c-8eec10b9db64
2022-03-07 09:51:53,470 [Command processor thread] INFO  impl.StateMachineUpdater (StateMachineUpdater.java:stopAndJoin(149)) - cd9cff4b-1bd9-497e-976c-8eec10b9db64@group-35BB7CC600D3-StateMachineUpdater: set stopIndex = -1
2022-03-07 09:51:53,470 [Command processor thread] INFO  server.RaftServer$Division (ServerState.java:close(419)) - cd9cff4b-1bd9-497e-976c-8eec10b9db64@group-35BB7CC600D3: closes. applyIndex: -1
2022-03-07 09:51:53,502 [cd9cff4b-1bd9-497e-976c-8eec10b9db64@group-8E452AA84769-LeaderElection105] INFO  impl.LeaderElection (LeaderElection.java:logAndReturn(89)) - cd9cff4b-1bd9-497e-976c-8eec10b9db64@group-8E452AA84769-LeaderElection105: ELECTION REJECTED received 0 response(s) and 0 exception(s):
2022-03-07 09:51:53,502 [cd9cff4b-1bd9-497e-976c-8eec10b9db64@group-8E452AA84769-LeaderElection105] INFO  impl.LeaderElection (LeaderElection.java:askForVotes(308)) - cd9cff4b-1bd9-497e-976c-8eec10b9db64@group-8E452AA84769-LeaderElection105 ELECTION round 0: result REJECTED
2022-03-07 09:51:53,503 [cd9cff4b-1bd9-497e-976c-8eec10b9db64@group-35BB7CC600D3-SegmentedRaftLogWorker] INFO  segmented.SegmentedRaftLogWorker (SegmentedRaftLogWorker.java:run(327)) - cd9cff4b-1bd9-497e-976c-8eec10b9db64@group-35BB7CC600D3-SegmentedRaftLogWorker was interrupted, exiting. There are 0 tasks remaining in the queue.
2022-03-07 09:51:53,503 [Command processor thread] INFO  segmented.SegmentedRaftLogWorker (SegmentedRaftLogWorker.java:close(237)) - cd9cff4b-1bd9-497e-976c-8eec10b9db64@group-35BB7CC600D3-SegmentedRaftLogWorker close()
2022-03-07 09:51:53,505 [Command processor thread] INFO  server.RaftServer$Division (RaftServerImpl.java:groupRemove(382)) - cd9cff4b-1bd9-497e-976c-8eec10b9db64@group-35BB7CC600D3: Succeed to remove RaftStorageDirectory Storage Directory /home/runner/work/ozone/ozone/hadoop-ozone/integration-test/target/test-dir/MiniOzoneClusterImpl-4c099742-f0a8-499d-a606-d482764d36d7/datanode-2/data/ratis/d8740330-0b47-446a-878d-35bb7cc600d3
2022-03-07 09:51:53,505 [Command processor thread] INFO  commandhandler.ClosePipelineCommandHandler (ClosePipelineCommandHandler.java:handle(78)) - Close Pipeline PipelineID=d8740330-0b47-446a-878d-35bb7cc600d3 command on datanode cd9cff4b-1bd9-497e-976c-8eec10b9db64.
2022-03-07 09:51:53,505 [Command processor thread] INFO  server.RaftServer (RaftServerProxy.java:addNew(95)) - cd9cff4b-1bd9-497e-976c-8eec10b9db64: addNew group-5927A3A2A91C:[cd9cff4b-1bd9-497e-976c-8eec10b9db64|rpc:10.1.0.49:42923|priority:1] returns group-5927A3A2A91C:java.util.concurrent.CompletableFuture@6d21f3fb[Not completed]
2022-03-07 09:51:53,506 [pool-781-thread-1] INFO  server.RaftServer$Division (RaftServerImpl.java:<init>(184)) - cd9cff4b-1bd9-497e-976c-8eec10b9db64: new RaftServerImpl for group-5927A3A2A91C:[cd9cff4b-1bd9-497e-976c-8eec10b9db64|rpc:10.1.0.49:42923|priority:1] with ContainerStateMachine:uninitialized
2022-03-07 09:51:53,506 [pool-781-thread-1] INFO  server.RaftServerConfigKeys (ConfUtils.java:logGet(44)) - raft.server.rpc.timeout.min = 5s (custom)
2022-03-07 09:51:53,506 [pool-781-thread-1] INFO  server.RaftServerConfigKeys (ConfUtils.java:logGet(44)) - raft.server.rpc.timeout.max = 5200ms (custom)
2022-03-07 09:51:53,506 [pool-781-thread-1] INFO  server.RaftServerConfigKeys (ConfUtils.java:logGet(44)) - raft.server.rpc.sleep.time = 25ms (default)
2022-03-07 09:51:53,506 [pool-781-thread-1] INFO  server.RaftServerConfigKeys (ConfUtils.java:logGet(44)) - raft.server.rpc.slowness.timeout = 300000ms (custom)
2022-03-07 09:51:53,506 [pool-781-thread-1] INFO  server.RaftServerConfigKeys (ConfUtils.java:logGet(44)) - raft.server.leaderelection.leader.step-down.wait-time = 10s (default)
2022-03-07 09:51:53,506 [pool-781-thread-1] INFO  server.RaftServerConfigKeys (ConfUtils.java:logGet(44)) - raft.server.sleep.deviation.threshold = 300ms (default)
2022-03-07 09:51:53,506 [pool-781-thread-1] INFO  server.RaftServerConfigKeys (ConfUtils.java:logGet(44)) - raft.server.log.appender.install.snapshot.enabled = false (custom)
2022-03-07 09:51:53,507 [pool-781-thread-1] INFO  server.RaftServer$Division (ServerState.java:<init>(105)) - cd9cff4b-1bd9-497e-976c-8eec10b9db64@group-5927A3A2A91C: ConfigurationManager, init=-1: [cd9cff4b-1bd9-497e-976c-8eec10b9db64|rpc:10.1.0.49:42923|priority:1], old=null, confs=<EMPTY_MAP>
2022-03-07 09:51:53,507 [pool-781-thread-1] INFO  server.RaftServerConfigKeys (ConfUtils.java:logGet(44)) - raft.server.storage.dir = [/home/runner/work/ozone/ozone/hadoop-ozone/integration-test/target/test-dir/MiniOzoneClusterImpl-4c099742-f0a8-499d-a606-d482764d36d7/datanode-2/data/ratis] (custom)
2022-03-07 09:51:53,507 [pool-781-thread-1] INFO  server.RaftServerConfigKeys (ConfUtils.java:logGet(44)) - raft.server.log.corruption.policy = EXCEPTION (default)
2022-03-07 09:51:53,507 [pool-781-thread-1] INFO  server.RaftServerConfigKeys (ConfUtils.java:logGet(44)) - raft.server.storage.free-space.min = 0MB (=0) (default)
2022-03-07 09:51:53,507 [pool-781-thread-1] INFO  storage.RaftStorageDirectory (RaftStorageDirectoryImpl.java:analyzeStorage(135)) - The storage directory /home/runner/work/ozone/ozone/hadoop-ozone/integration-test/target/test-dir/MiniOzoneClusterImpl-4c099742-f0a8-499d-a606-d482764d36d7/datanode-2/data/ratis/7dd851b1-46e0-4a93-8071-5927a3a2a91c does not exist. Creating ...
2022-03-07 09:51:53,513 [pool-781-thread-1] INFO  storage.RaftStorageDirectory (RaftStorageDirectoryImpl.java:tryLock(230)) - Lock on /home/runner/work/ozone/ozone/hadoop-ozone/integration-test/target/test-dir/MiniOzoneClusterImpl-4c099742-f0a8-499d-a606-d482764d36d7/datanode-2/data/ratis/7dd851b1-46e0-4a93-8071-5927a3a2a91c/in_use.lock acquired by nodename 23420@fv-az291-317
2022-03-07 09:51:53,515 [pool-781-thread-1] INFO  storage.RaftStorage (RaftStorageImpl.java:format(89)) - Storage directory /home/runner/work/ozone/ozone/hadoop-ozone/integration-test/target/test-dir/MiniOzoneClusterImpl-4c099742-f0a8-499d-a606-d482764d36d7/datanode-2/data/ratis/7dd851b1-46e0-4a93-8071-5927a3a2a91c has been successfully formatted.
2022-03-07 09:51:53,516 [pool-781-thread-1] INFO  ratis.ContainerStateMachine (ContainerStateMachine.java:loadSnapshot(236)) - group-5927A3A2A91C: The snapshot info is null. Setting the last applied indexto:(t:0, i:~)
2022-03-07 09:51:53,544 [pool-781-thread-1] INFO  server.RaftServerConfigKeys (ConfUtils.java:logGet(44)) - raft.server.notification.no-leader.timeout = 300000ms (custom)
2022-03-07 09:51:53,544 [pool-781-thread-1] INFO  server.RaftServerConfigKeys (ConfUtils.java:logGet(44)) - raft.server.log.use.memory = false (default)
2022-03-07 09:51:53,544 [pool-781-thread-1] INFO  server.RaftServerConfigKeys (ConfUtils.java:logGet(44)) - raft.server.log.purge.gap = 1000000 (custom)
2022-03-07 09:51:53,544 [pool-781-thread-1] INFO  server.RaftServerConfigKeys (ConfUtils.java:logGet(44)) - raft.server.log.appender.buffer.byte-limit = 33554432 (custom)
2022-03-07 09:51:53,544 [pool-781-thread-1] INFO  server.RaftServerConfigKeys (ConfUtils.java:logGet(44)) - raft.server.log.segment.size.max = 1048576 (custom)
2022-03-07 09:51:53,545 [pool-781-thread-1] INFO  server.RaftServerConfigKeys (ConfUtils.java:logGet(44)) - raft.server.log.segment.cache.num.max = 2 (custom)
2022-03-07 09:51:53,545 [pool-781-thread-1] INFO  server.RaftServerConfigKeys (ConfUtils.java:logGet(44)) - raft.server.log.segment.cache.size.max = 200MB (=209715200) (default)
2022-03-07 09:51:53,545 [pool-781-thread-1] INFO  segmented.SegmentedRaftLogWorker (SegmentedRaftLogWorker.java:<init>(182)) - new cd9cff4b-1bd9-497e-976c-8eec10b9db64@group-5927A3A2A91C-SegmentedRaftLogWorker for RaftStorageImpl:Storage Directory /home/runner/work/ozone/ozone/hadoop-ozone/integration-test/target/test-dir/MiniOzoneClusterImpl-4c099742-f0a8-499d-a606-d482764d36d7/datanode-2/data/ratis/7dd851b1-46e0-4a93-8071-5927a3a2a91c
2022-03-07 09:51:53,545 [pool-781-thread-1] INFO  server.RaftServerConfigKeys (ConfUtils.java:logGet(44)) - raft.server.log.queue.byte-limit = 4294967296 (custom)
2022-03-07 09:51:53,545 [pool-781-thread-1] INFO  server.RaftServerConfigKeys (ConfUtils.java:logGet(44)) - raft.server.log.queue.element-limit = 1024 (custom)
2022-03-07 09:51:53,545 [pool-781-thread-1] INFO  server.RaftServerConfigKeys (ConfUtils.java:logGet(44)) - raft.server.log.segment.size.max = 1048576 (custom)
2022-03-07 09:51:53,545 [pool-781-thread-1] INFO  server.RaftServerConfigKeys (ConfUtils.java:logGet(44)) - raft.server.log.preallocated.size = 16384 (custom)
2022-03-07 09:51:53,545 [pool-781-thread-1] INFO  server.RaftServerConfigKeys (ConfUtils.java:logGet(44)) - raft.server.log.force.sync.num = 128 (default)
2022-03-07 09:51:53,545 [pool-781-thread-1] INFO  server.RaftServerConfigKeys (ConfUtils.java:logGet(44)) - raft.server.log.statemachine.data.sync = true (default)
2022-03-07 09:51:53,545 [pool-781-thread-1] INFO  server.RaftServerConfigKeys (ConfUtils.java:logGet(44)) - raft.server.log.statemachine.data.sync.timeout = 10s (default)
2022-03-07 09:51:53,545 [pool-781-thread-1] INFO  server.RaftServerConfigKeys (ConfUtils.java:logGet(44)) - raft.server.log.statemachine.data.sync.timeout.retry = -1 (default)
2022-03-07 09:51:53,546 [pool-781-thread-1] INFO  server.RaftServerConfigKeys (ConfUtils.java:logGet(44)) - raft.server.log.write.buffer.size = 1048576 (custom)
2022-03-07 09:51:53,547 [pool-781-thread-1] INFO  server.RaftServerConfigKeys (ConfUtils.java:logGet(44)) - raft.server.log.statemachine.data.caching.enabled = true (custom)
2022-03-07 09:51:53,547 [pool-781-thread-1] INFO  segmented.SegmentedRaftLogWorker (SegmentedRaftLogWorker.java:lambda$new$0(133)) - cd9cff4b-1bd9-497e-976c-8eec10b9db64@group-5927A3A2A91C-SegmentedRaftLogWorker: flushIndex: setUnconditionally 0 -> -1
2022-03-07 09:51:53,547 [pool-781-thread-1] INFO  segmented.SegmentedRaftLogWorker (SegmentedRaftLogWorker.java:lambda$new$0(133)) - cd9cff4b-1bd9-497e-976c-8eec10b9db64@group-5927A3A2A91C-SegmentedRaftLogWorker: safeCacheEvictIndex: setUnconditionally 0 -> -1
2022-03-07 09:51:53,547 [EventQueue-PipelineReportForPipelineReportHandler] INFO  pipeline.PipelineManagerImpl (PipelineManagerImpl.java:openPipeline(291)) - Pipeline Pipeline[ Id: 7dd851b1-46e0-4a93-8071-5927a3a2a91c, Nodes: cd9cff4b-1bd9-497e-976c-8eec10b9db64{ip: 10.1.0.49, host: fv-az291-317.wgnan5asplgejimfprtllbpdch.jx.internal.cloudapp.net, ports: [REPLICATION=46825, RATIS=42923, RATIS_ADMIN=42923, RATIS_SERVER=42923, STANDALONE=43941], networkLocation: /default-rack, certSerialId: null, persistedOpState: IN_SERVICE, persistedOpStateExpiryEpochSec: 0}, ReplicationConfig: RATIS/ONE, State:ALLOCATED, leaderId:cd9cff4b-1bd9-497e-976c-8eec10b9db64, CreationTimestamp2022-03-07T09:51:52.552Z[Etc/UTC]] moved to OPEN state
2022-03-07 09:51:53,574 [pool-781-thread-1] INFO  server.RaftServerConfigKeys (ConfUtils.java:logGet(44)) - raft.server.snapshot.auto.trigger.enabled = true (custom)
2022-03-07 09:51:53,574 [pool-781-thread-1] INFO  server.RaftServerConfigKeys (ConfUtils.java:logGet(44)) - raft.server.snapshot.auto.trigger.threshold = 10000 (custom)
2022-03-07 09:51:53,574 [pool-781-thread-1] INFO  server.RaftServerConfigKeys (ConfUtils.java:logGet(44)) - raft.server.snapshot.retention.file.num = 5 (custom)
2022-03-07 09:51:53,574 [pool-781-thread-1] INFO  server.RaftServerConfigKeys (ConfUtils.java:logGet(44)) - raft.server.log.purge.upto.snapshot.index = false (default)
2022-03-07 09:51:53,574 [pool-781-thread-1] INFO  server.RaftServerConfigKeys (ConfUtils.java:logGet(44)) - raft.server.retrycache.expirytime = 600000ms (custom)
2022-03-07 09:51:53,574 [pool-781-thread-1] INFO  server.RaftServerConfigKeys (ConfUtils.java:logGet(44)) - raft.server.retrycache.statistics.expirytime = 100μs (default)
2022-03-07 09:51:53,575 [pool-781-thread-1] INFO  server.RaftServer$Division (RaftServerImpl.java:start(301)) - cd9cff4b-1bd9-497e-976c-8eec10b9db64@group-5927A3A2A91C: start as a follower, conf=-1: [cd9cff4b-1bd9-497e-976c-8eec10b9db64|rpc:10.1.0.49:42923|priority:1], old=null
2022-03-07 09:51:53,576 [pool-781-thread-1] INFO  server.RaftServer$Division (RaftServerImpl.java:setRole(290)) - cd9cff4b-1bd9-497e-976c-8eec10b9db64@group-5927A3A2A91C: changes role from      null to FOLLOWER at term 0 for startAsFollower
2022-03-07 09:51:53,576 [pool-781-thread-1] INFO  impl.RoleInfo (RoleInfo.java:updateAndGet(130)) - cd9cff4b-1bd9-497e-976c-8eec10b9db64: start cd9cff4b-1bd9-497e-976c-8eec10b9db64@group-5927A3A2A91C-FollowerState
2022-03-07 09:51:53,600 [pool-781-thread-1] INFO  util.JmxRegister (JmxRegister.java:tryRegister(44)) - Successfully registered JMX Bean with object name Ratis:service=RaftServer,group=group-5927A3A2A91C,id=cd9cff4b-1bd9-497e-976c-8eec10b9db64
2022-03-07 09:51:53,612 [Command processor thread] INFO  ratis.XceiverServerRatis (XceiverServerRatis.java:addGroup(769)) - Created group PipelineID=7dd851b1-46e0-4a93-8071-5927a3a2a91c
2022-03-07 09:51:53,612 [Command processor thread] INFO  commandhandler.CreatePipelineCommandHandler (CreatePipelineCommandHandler.java:handle(106)) - Created Pipeline RATIS ONE PipelineID=7dd851b1-46e0-4a93-8071-5927a3a2a91c.
2022-03-07 09:51:53,612 [Command processor thread] INFO  server.RaftServer (RaftServerProxy.java:addNew(95)) - cd9cff4b-1bd9-497e-976c-8eec10b9db64: addNew group-A2AB75C9018A:[728f99e8-418e-4b00-b2e8-36f688b477dd|rpc:10.1.0.49:44013|priority:0, 79ee019c-6239-4f85-9f3b-dddcaaaeb0fb|rpc:10.1.0.49:41163|priority:1, cd9cff4b-1bd9-497e-976c-8eec10b9db64|rpc:10.1.0.49:42923|priority:0] returns group-A2AB75C9018A:java.util.concurrent.CompletableFuture@472d70dc[Not completed]
2022-03-07 09:51:53,613 [pool-781-thread-1] INFO  server.RaftServer$Division (RaftServerImpl.java:<init>(184)) - cd9cff4b-1bd9-497e-976c-8eec10b9db64: new RaftServerImpl for group-A2AB75C9018A:[728f99e8-418e-4b00-b2e8-36f688b477dd|rpc:10.1.0.49:44013|priority:0, 79ee019c-6239-4f85-9f3b-dddcaaaeb0fb|rpc:10.1.0.49:41163|priority:1, cd9cff4b-1bd9-497e-976c-8eec10b9db64|rpc:10.1.0.49:42923|priority:0] with ContainerStateMachine:uninitialized
2022-03-07 09:51:53,613 [pool-781-thread-1] INFO  server.RaftServerConfigKeys (ConfUtils.java:logGet(44)) - raft.server.rpc.timeout.min = 5s (custom)
2022-03-07 09:51:53,613 [pool-781-thread-1] INFO  server.RaftServerConfigKeys (ConfUtils.java:logGet(44)) - raft.server.rpc.timeout.max = 5200ms (custom)
2022-03-07 09:51:53,613 [pool-781-thread-1] INFO  server.RaftServerConfigKeys (ConfUtils.java:logGet(44)) - raft.server.rpc.sleep.time = 25ms (default)
2022-03-07 09:51:53,613 [pool-781-thread-1] INFO  server.RaftServerConfigKeys (ConfUtils.java:logGet(44)) - raft.server.rpc.slowness.timeout = 300000ms (custom)
2022-03-07 09:51:53,613 [pool-781-thread-1] INFO  server.RaftServerConfigKeys (ConfUtils.java:logGet(44)) - raft.server.leaderelection.leader.step-down.wait-time = 10s (default)
2022-03-07 09:51:53,613 [pool-781-thread-1] INFO  server.RaftServerConfigKeys (ConfUtils.java:logGet(44)) - raft.server.sleep.deviation.threshold = 300ms (default)
2022-03-07 09:51:53,613 [pool-781-thread-1] INFO  server.RaftServerConfigKeys (ConfUtils.java:logGet(44)) - raft.server.log.appender.install.snapshot.enabled = false (custom)
2022-03-07 09:51:53,614 [pool-781-thread-1] INFO  server.RaftServer$Division (ServerState.java:<init>(105)) - cd9cff4b-1bd9-497e-976c-8eec10b9db64@group-A2AB75C9018A: ConfigurationManager, init=-1: [728f99e8-418e-4b00-b2e8-36f688b477dd|rpc:10.1.0.49:44013|priority:0, 79ee019c-6239-4f85-9f3b-dddcaaaeb0fb|rpc:10.1.0.49:41163|priority:1, cd9cff4b-1bd9-497e-976c-8eec10b9db64|rpc:10.1.0.49:42923|priority:0], old=null, confs=<EMPTY_MAP>
2022-03-07 09:51:53,614 [pool-781-thread-1] INFO  server.RaftServerConfigKeys (ConfUtils.java:logGet(44)) - raft.server.storage.dir = [/home/runner/work/ozone/ozone/hadoop-ozone/integration-test/target/test-dir/MiniOzoneClusterImpl-4c099742-f0a8-499d-a606-d482764d36d7/datanode-2/data/ratis] (custom)
2022-03-07 09:51:53,614 [pool-781-thread-1] INFO  server.RaftServerConfigKeys (ConfUtils.java:logGet(44)) - raft.server.log.corruption.policy = EXCEPTION (default)
2022-03-07 09:51:53,614 [pool-781-thread-1] INFO  server.RaftServerConfigKeys (ConfUtils.java:logGet(44)) - raft.server.storage.free-space.min = 0MB (=0) (default)
2022-03-07 09:51:53,614 [pool-781-thread-1] INFO  storage.RaftStorageDirectory (RaftStorageDirectoryImpl.java:analyzeStorage(135)) - The storage directory /home/runner/work/ozone/ozone/hadoop-ozone/integration-test/target/test-dir/MiniOzoneClusterImpl-4c099742-f0a8-499d-a606-d482764d36d7/datanode-2/data/ratis/60b5cb39-0ab8-4f61-9ad9-a2ab75c9018a does not exist. Creating ...
2022-03-07 09:51:53,616 [pool-781-thread-1] INFO  storage.RaftStorageDirectory (RaftStorageDirectoryImpl.java:tryLock(230)) - Lock on /home/runner/work/ozone/ozone/hadoop-ozone/integration-test/target/test-dir/MiniOzoneClusterImpl-4c099742-f0a8-499d-a606-d482764d36d7/datanode-2/data/ratis/60b5cb39-0ab8-4f61-9ad9-a2ab75c9018a/in_use.lock acquired by nodename 23420@fv-az291-317
2022-03-07 09:51:53,618 [grpc-default-executor-5] WARN  server.GrpcServerProtocolService (LogUtils.java:warn(124)) - 728f99e8-418e-4b00-b2e8-36f688b477dd: Failed requestVote cd9cff4b-1bd9-497e-976c-8eec10b9db64->728f99e8-418e-4b00-b2e8-36f688b477dd#0
org.apache.ratis.protocol.exceptions.GroupMismatchException: 728f99e8-418e-4b00-b2e8-36f688b477dd: group-8E452AA84769 not found.
	at org.apache.ratis.server.impl.RaftServerProxy$ImplMap.get(RaftServerProxy.java:147)
	at org.apache.ratis.server.impl.RaftServerProxy.getImplFuture(RaftServerProxy.java:339)
	at org.apache.ratis.server.impl.RaftServerProxy.getImpl(RaftServerProxy.java:348)
	at org.apache.ratis.server.impl.RaftServerProxy.getImpl(RaftServerProxy.java:343)
	at org.apache.ratis.server.impl.RaftServerProxy.requestVote(RaftServerProxy.java:548)
	at org.apache.ratis.grpc.server.GrpcServerProtocolService.requestVote(GrpcServerProtocolService.java:172)
	at org.apache.ratis.proto.grpc.RaftServerProtocolServiceGrpc$MethodHandlers.invoke(RaftServerProtocolServiceGrpc.java:394)
	at org.apache.ratis.thirdparty.io.grpc.stub.ServerCalls$UnaryServerCallHandler$UnaryServerCallListener.onHalfClose(ServerCalls.java:182)
	at org.apache.ratis.thirdparty.io.grpc.PartialForwardingServerCallListener.onHalfClose(PartialForwardingServerCallListener.java:35)
	at org.apache.ratis.thirdparty.io.grpc.ForwardingServerCallListener.onHalfClose(ForwardingServerCallListener.java:23)
	at org.apache.ratis.thirdparty.io.grpc.internal.ServerCallImpl$ServerStreamListenerImpl.halfClosed(ServerCallImpl.java:331)
	at org.apache.ratis.thirdparty.io.grpc.internal.ServerImpl$JumpToApplicationThreadServerStreamListener$1HalfClosed.runInContext(ServerImpl.java:814)
	at org.apache.ratis.thirdparty.io.grpc.internal.ContextRunnable.run(ContextRunnable.java:37)
	at org.apache.ratis.thirdparty.io.grpc.internal.SerializingExecutor.run(SerializingExecutor.java:123)
	at java.util.concurrent.ThreadPoolExecutor.runWorker(ThreadPoolExecutor.java:1149)
	at java.util.concurrent.ThreadPoolExecutor$Worker.run(ThreadPoolExecutor.java:624)
	at java.lang.Thread.run(Thread.java:750)
2022-03-07 09:51:53,624 [grpc-default-executor-2] WARN  server.GrpcServerProtocolService (LogUtils.java:warn(124)) - 616d314c-ba0d-49c9-8f1d-797448dad8fd: Failed requestVote cd9cff4b-1bd9-497e-976c-8eec10b9db64->616d314c-ba0d-49c9-8f1d-797448dad8fd#0
org.apache.ratis.protocol.exceptions.GroupMismatchException: 616d314c-ba0d-49c9-8f1d-797448dad8fd: group-8E452AA84769 not found.
	at org.apache.ratis.server.impl.RaftServerProxy$ImplMap.get(RaftServerProxy.java:147)
	at org.apache.ratis.server.impl.RaftServerProxy.getImplFuture(RaftServerProxy.java:339)
	at org.apache.ratis.server.impl.RaftServerProxy.getImpl(RaftServerProxy.java:348)
	at org.apache.ratis.server.impl.RaftServerProxy.getImpl(RaftServerProxy.java:343)
	at org.apache.ratis.server.impl.RaftServerProxy.requestVote(RaftServerProxy.java:548)
	at org.apache.ratis.grpc.server.GrpcServerProtocolService.requestVote(GrpcServerProtocolService.java:172)
	at org.apache.ratis.proto.grpc.RaftServerProtocolServiceGrpc$MethodHandlers.invoke(RaftServerProtocolServiceGrpc.java:394)
	at org.apache.ratis.thirdparty.io.grpc.stub.ServerCalls$UnaryServerCallHandler$UnaryServerCallListener.onHalfClose(ServerCalls.java:182)
	at org.apache.ratis.thirdparty.io.grpc.PartialForwardingServerCallListener.onHalfClose(PartialForwardingServerCallListener.java:35)
	at org.apache.ratis.thirdparty.io.grpc.ForwardingServerCallListener.onHalfClose(ForwardingServerCallListener.java:23)
	at org.apache.ratis.thirdparty.io.grpc.internal.ServerCallImpl$ServerStreamListenerImpl.halfClosed(ServerCallImpl.java:331)
	at org.apache.ratis.thirdparty.io.grpc.internal.ServerImpl$JumpToApplicationThreadServerStreamListener$1HalfClosed.runInContext(ServerImpl.java:814)
	at org.apache.ratis.thirdparty.io.grpc.internal.ContextRunnable.run(ContextRunnable.java:37)
	at org.apache.ratis.thirdparty.io.grpc.internal.SerializingExecutor.run(SerializingExecutor.java:123)
	at java.util.concurrent.ThreadPoolExecutor.runWorker(ThreadPoolExecutor.java:1149)
	at java.util.concurrent.ThreadPoolExecutor$Worker.run(ThreadPoolExecutor.java:624)
	at java.lang.Thread.run(Thread.java:750)
2022-03-07 09:51:53,627 [pool-781-thread-1] INFO  storage.RaftStorage (RaftStorageImpl.java:format(89)) - Storage directory /home/runner/work/ozone/ozone/hadoop-ozone/integration-test/target/test-dir/MiniOzoneClusterImpl-4c099742-f0a8-499d-a606-d482764d36d7/datanode-2/data/ratis/60b5cb39-0ab8-4f61-9ad9-a2ab75c9018a has been successfully formatted.
2022-03-07 09:51:53,629 [pool-781-thread-1] INFO  ratis.ContainerStateMachine (ContainerStateMachine.java:loadSnapshot(236)) - group-A2AB75C9018A: The snapshot info is null. Setting the last applied indexto:(t:0, i:~)
2022-03-07 09:51:53,629 [pool-781-thread-1] INFO  server.RaftServerConfigKeys (ConfUtils.java:logGet(44)) - raft.server.notification.no-leader.timeout = 300000ms (custom)
2022-03-07 09:51:53,629 [pool-781-thread-1] INFO  server.RaftServerConfigKeys (ConfUtils.java:logGet(44)) - raft.server.log.use.memory = false (default)
2022-03-07 09:51:53,629 [pool-781-thread-1] INFO  server.RaftServerConfigKeys (ConfUtils.java:logGet(44)) - raft.server.log.purge.gap = 1000000 (custom)
2022-03-07 09:51:53,629 [pool-781-thread-1] INFO  server.RaftServerConfigKeys (ConfUtils.java:logGet(44)) - raft.server.log.appender.buffer.byte-limit = 33554432 (custom)
2022-03-07 09:51:53,630 [pool-781-thread-1] INFO  server.RaftServerConfigKeys (ConfUtils.java:logGet(44)) - raft.server.log.segment.size.max = 1048576 (custom)
2022-03-07 09:51:53,630 [pool-781-thread-1] INFO  server.RaftServerConfigKeys (ConfUtils.java:logGet(44)) - raft.server.log.segment.cache.num.max = 2 (custom)
2022-03-07 09:51:53,630 [pool-781-thread-1] INFO  server.RaftServerConfigKeys (ConfUtils.java:logGet(44)) - raft.server.log.segment.cache.size.max = 200MB (=209715200) (default)
2022-03-07 09:51:53,630 [pool-781-thread-1] INFO  segmented.SegmentedRaftLogWorker (SegmentedRaftLogWorker.java:<init>(182)) - new cd9cff4b-1bd9-497e-976c-8eec10b9db64@group-A2AB75C9018A-SegmentedRaftLogWorker for RaftStorageImpl:Storage Directory /home/runner/work/ozone/ozone/hadoop-ozone/integration-test/target/test-dir/MiniOzoneClusterImpl-4c099742-f0a8-499d-a606-d482764d36d7/datanode-2/data/ratis/60b5cb39-0ab8-4f61-9ad9-a2ab75c9018a
2022-03-07 09:51:53,630 [pool-781-thread-1] INFO  server.RaftServerConfigKeys (ConfUtils.java:logGet(44)) - raft.server.log.queue.byte-limit = 4294967296 (custom)
2022-03-07 09:51:53,630 [pool-781-thread-1] INFO  server.RaftServerConfigKeys (ConfUtils.java:logGet(44)) - raft.server.log.queue.element-limit = 1024 (custom)
2022-03-07 09:51:53,630 [pool-781-thread-1] INFO  server.RaftServerConfigKeys (ConfUtils.java:logGet(44)) - raft.server.log.segment.size.max = 1048576 (custom)
2022-03-07 09:51:53,630 [pool-781-thread-1] INFO  server.RaftServerConfigKeys (ConfUtils.java:logGet(44)) - raft.server.log.preallocated.size = 16384 (custom)
2022-03-07 09:51:53,630 [pool-781-thread-1] INFO  server.RaftServerConfigKeys (ConfUtils.java:logGet(44)) - raft.server.log.force.sync.num = 128 (default)
2022-03-07 09:51:53,630 [pool-781-thread-1] INFO  server.RaftServerConfigKeys (ConfUtils.java:logGet(44)) - raft.server.log.statemachine.data.sync = true (default)
2022-03-07 09:51:53,630 [pool-781-thread-1] INFO  server.RaftServerConfigKeys (ConfUtils.java:logGet(44)) - raft.server.log.statemachine.data.sync.timeout = 10s (default)
2022-03-07 09:51:53,630 [pool-781-thread-1] INFO  server.RaftServerConfigKeys (ConfUtils.java:logGet(44)) - raft.server.log.statemachine.data.sync.timeout.retry = -1 (default)
2022-03-07 09:51:53,660 [Command processor thread] INFO  server.RaftServer (RaftServerProxy.java:addNew(95)) - 728f99e8-418e-4b00-b2e8-36f688b477dd: addNew group-A2AB75C9018A:[728f99e8-418e-4b00-b2e8-36f688b477dd|rpc:10.1.0.49:44013|priority:0, 79ee019c-6239-4f85-9f3b-dddcaaaeb0fb|rpc:10.1.0.49:41163|priority:1, cd9cff4b-1bd9-497e-976c-8eec10b9db64|rpc:10.1.0.49:42923|priority:0] returns group-A2AB75C9018A:java.util.concurrent.CompletableFuture@1ed48f73[Not completed]
2022-03-07 09:51:53,662 [pool-595-thread-1] INFO  server.RaftServer$Division (RaftServerImpl.java:<init>(184)) - 728f99e8-418e-4b00-b2e8-36f688b477dd: new RaftServerImpl for group-A2AB75C9018A:[728f99e8-418e-4b00-b2e8-36f688b477dd|rpc:10.1.0.49:44013|priority:0, 79ee019c-6239-4f85-9f3b-dddcaaaeb0fb|rpc:10.1.0.49:41163|priority:1, cd9cff4b-1bd9-497e-976c-8eec10b9db64|rpc:10.1.0.49:42923|priority:0] with ContainerStateMachine:uninitialized
2022-03-07 09:51:53,663 [pool-595-thread-1] INFO  server.RaftServerConfigKeys (ConfUtils.java:logGet(44)) - raft.server.rpc.timeout.min = 5s (custom)
2022-03-07 09:51:53,663 [pool-595-thread-1] INFO  server.RaftServerConfigKeys (ConfUtils.java:logGet(44)) - raft.server.rpc.timeout.max = 5200ms (custom)
2022-03-07 09:51:53,663 [pool-595-thread-1] INFO  server.RaftServerConfigKeys (ConfUtils.java:logGet(44)) - raft.server.rpc.sleep.time = 25ms (default)
2022-03-07 09:51:53,663 [pool-595-thread-1] INFO  server.RaftServerConfigKeys (ConfUtils.java:logGet(44)) - raft.server.rpc.slowness.timeout = 300000ms (custom)
2022-03-07 09:51:53,663 [pool-595-thread-1] INFO  server.RaftServerConfigKeys (ConfUtils.java:logGet(44)) - raft.server.leaderelection.leader.step-down.wait-time = 10s (default)
2022-03-07 09:51:53,663 [pool-595-thread-1] INFO  server.RaftServerConfigKeys (ConfUtils.java:logGet(44)) - raft.server.sleep.deviation.threshold = 300ms (default)
2022-03-07 09:51:53,663 [pool-595-thread-1] INFO  server.RaftServerConfigKeys (ConfUtils.java:logGet(44)) - raft.server.log.appender.install.snapshot.enabled = false (custom)
2022-03-07 09:51:53,663 [pool-595-thread-1] INFO  server.RaftServer$Division (ServerState.java:<init>(105)) - 728f99e8-418e-4b00-b2e8-36f688b477dd@group-A2AB75C9018A: ConfigurationManager, init=-1: [728f99e8-418e-4b00-b2e8-36f688b477dd|rpc:10.1.0.49:44013|priority:0, 79ee019c-6239-4f85-9f3b-dddcaaaeb0fb|rpc:10.1.0.49:41163|priority:1, cd9cff4b-1bd9-497e-976c-8eec10b9db64|rpc:10.1.0.49:42923|priority:0], old=null, confs=<EMPTY_MAP>
2022-03-07 09:51:53,663 [pool-595-thread-1] INFO  server.RaftServerConfigKeys (ConfUtils.java:logGet(44)) - raft.server.storage.dir = [/home/runner/work/ozone/ozone/hadoop-ozone/integration-test/target/test-dir/MiniOzoneClusterImpl-4c099742-f0a8-499d-a606-d482764d36d7/datanode-0/data/ratis] (custom)
2022-03-07 09:51:53,663 [pool-595-thread-1] INFO  server.RaftServerConfigKeys (ConfUtils.java:logGet(44)) - raft.server.log.corruption.policy = EXCEPTION (default)
2022-03-07 09:51:53,663 [pool-595-thread-1] INFO  server.RaftServerConfigKeys (ConfUtils.java:logGet(44)) - raft.server.storage.free-space.min = 0MB (=0) (default)
2022-03-07 09:51:53,663 [pool-595-thread-1] INFO  storage.RaftStorageDirectory (RaftStorageDirectoryImpl.java:analyzeStorage(135)) - The storage directory /home/runner/work/ozone/ozone/hadoop-ozone/integration-test/target/test-dir/MiniOzoneClusterImpl-4c099742-f0a8-499d-a606-d482764d36d7/datanode-0/data/ratis/60b5cb39-0ab8-4f61-9ad9-a2ab75c9018a does not exist. Creating ...
2022-03-07 09:51:53,668 [pool-595-thread-1] INFO  storage.RaftStorageDirectory (RaftStorageDirectoryImpl.java:tryLock(230)) - Lock on /home/runner/work/ozone/ozone/hadoop-ozone/integration-test/target/test-dir/MiniOzoneClusterImpl-4c099742-f0a8-499d-a606-d482764d36d7/datanode-0/data/ratis/60b5cb39-0ab8-4f61-9ad9-a2ab75c9018a/in_use.lock acquired by nodename 23420@fv-az291-317
2022-03-07 09:51:53,672 [pool-595-thread-1] INFO  storage.RaftStorage (RaftStorageImpl.java:format(89)) - Storage directory /home/runner/work/ozone/ozone/hadoop-ozone/integration-test/target/test-dir/MiniOzoneClusterImpl-4c099742-f0a8-499d-a606-d482764d36d7/datanode-0/data/ratis/60b5cb39-0ab8-4f61-9ad9-a2ab75c9018a has been successfully formatted.
2022-03-07 09:51:53,673 [pool-595-thread-1] INFO  ratis.ContainerStateMachine (ContainerStateMachine.java:loadSnapshot(236)) - group-A2AB75C9018A: The snapshot info is null. Setting the last applied indexto:(t:0, i:~)
2022-03-07 09:51:53,673 [pool-595-thread-1] INFO  server.RaftServerConfigKeys (ConfUtils.java:logGet(44)) - raft.server.notification.no-leader.timeout = 300000ms (custom)
2022-03-07 09:51:53,673 [pool-595-thread-1] INFO  server.RaftServerConfigKeys (ConfUtils.java:logGet(44)) - raft.server.log.use.memory = false (default)
2022-03-07 09:51:53,673 [pool-595-thread-1] INFO  server.RaftServerConfigKeys (ConfUtils.java:logGet(44)) - raft.server.log.purge.gap = 1000000 (custom)
2022-03-07 09:51:53,673 [pool-595-thread-1] INFO  server.RaftServerConfigKeys (ConfUtils.java:logGet(44)) - raft.server.log.appender.buffer.byte-limit = 33554432 (custom)
2022-03-07 09:51:53,673 [pool-595-thread-1] INFO  server.RaftServerConfigKeys (ConfUtils.java:logGet(44)) - raft.server.log.segment.size.max = 1048576 (custom)
2022-03-07 09:51:53,674 [pool-595-thread-1] INFO  server.RaftServerConfigKeys (ConfUtils.java:logGet(44)) - raft.server.log.segment.cache.num.max = 2 (custom)
2022-03-07 09:51:53,674 [pool-595-thread-1] INFO  server.RaftServerConfigKeys (ConfUtils.java:logGet(44)) - raft.server.log.segment.cache.size.max = 200MB (=209715200) (default)
2022-03-07 09:51:53,674 [pool-595-thread-1] INFO  segmented.SegmentedRaftLogWorker (SegmentedRaftLogWorker.java:<init>(182)) - new 728f99e8-418e-4b00-b2e8-36f688b477dd@group-A2AB75C9018A-SegmentedRaftLogWorker for RaftStorageImpl:Storage Directory /home/runner/work/ozone/ozone/hadoop-ozone/integration-test/target/test-dir/MiniOzoneClusterImpl-4c099742-f0a8-499d-a606-d482764d36d7/datanode-0/data/ratis/60b5cb39-0ab8-4f61-9ad9-a2ab75c9018a
2022-03-07 09:51:53,674 [pool-595-thread-1] INFO  server.RaftServerConfigKeys (ConfUtils.java:logGet(44)) - raft.server.log.queue.byte-limit = 4294967296 (custom)
2022-03-07 09:51:53,674 [pool-595-thread-1] INFO  server.RaftServerConfigKeys (ConfUtils.java:logGet(44)) - raft.server.log.queue.element-limit = 1024 (custom)
2022-03-07 09:51:53,674 [pool-595-thread-1] INFO  server.RaftServerConfigKeys (ConfUtils.java:logGet(44)) - raft.server.log.segment.size.max = 1048576 (custom)
2022-03-07 09:51:53,674 [pool-595-thread-1] INFO  server.RaftServerConfigKeys (ConfUtils.java:logGet(44)) - raft.server.log.preallocated.size = 16384 (custom)
2022-03-07 09:51:53,674 [pool-595-thread-1] INFO  server.RaftServerConfigKeys (ConfUtils.java:logGet(44)) - raft.server.log.force.sync.num = 128 (default)
2022-03-07 09:51:53,674 [pool-595-thread-1] INFO  server.RaftServerConfigKeys (ConfUtils.java:logGet(44)) - raft.server.log.statemachine.data.sync = true (default)
2022-03-07 09:51:53,674 [pool-595-thread-1] INFO  server.RaftServerConfigKeys (ConfUtils.java:logGet(44)) - raft.server.log.statemachine.data.sync.timeout = 10s (default)
2022-03-07 09:51:53,674 [pool-595-thread-1] INFO  server.RaftServerConfigKeys (ConfUtils.java:logGet(44)) - raft.server.log.statemachine.data.sync.timeout.retry = -1 (default)
2022-03-07 09:51:53,676 [pool-595-thread-1] INFO  server.RaftServerConfigKeys (ConfUtils.java:logGet(44)) - raft.server.log.write.buffer.size = 1048576 (custom)
2022-03-07 09:51:53,676 [pool-595-thread-1] INFO  server.RaftServerConfigKeys (ConfUtils.java:logGet(44)) - raft.server.log.statemachine.data.caching.enabled = true (custom)
2022-03-07 09:51:53,676 [pool-595-thread-1] INFO  segmented.SegmentedRaftLogWorker (SegmentedRaftLogWorker.java:lambda$new$0(133)) - 728f99e8-418e-4b00-b2e8-36f688b477dd@group-A2AB75C9018A-SegmentedRaftLogWorker: flushIndex: setUnconditionally 0 -> -1
2022-03-07 09:51:53,676 [pool-595-thread-1] INFO  segmented.SegmentedRaftLogWorker (SegmentedRaftLogWorker.java:lambda$new$0(133)) - 728f99e8-418e-4b00-b2e8-36f688b477dd@group-A2AB75C9018A-SegmentedRaftLogWorker: safeCacheEvictIndex: setUnconditionally 0 -> -1
2022-03-07 09:51:53,687 [pool-595-thread-1] INFO  server.RaftServerConfigKeys (ConfUtils.java:logGet(44)) - raft.server.snapshot.auto.trigger.enabled = true (custom)
2022-03-07 09:51:53,687 [pool-595-thread-1] INFO  server.RaftServerConfigKeys (ConfUtils.java:logGet(44)) - raft.server.snapshot.auto.trigger.threshold = 10000 (custom)
2022-03-07 09:51:53,687 [pool-595-thread-1] INFO  server.RaftServerConfigKeys (ConfUtils.java:logGet(44)) - raft.server.snapshot.retention.file.num = 5 (custom)
2022-03-07 09:51:53,687 [pool-595-thread-1] INFO  server.RaftServerConfigKeys (ConfUtils.java:logGet(44)) - raft.server.log.purge.upto.snapshot.index = false (default)
2022-03-07 09:51:53,687 [pool-595-thread-1] INFO  server.RaftServerConfigKeys (ConfUtils.java:logGet(44)) - raft.server.retrycache.expirytime = 600000ms (custom)
2022-03-07 09:51:53,687 [pool-595-thread-1] INFO  server.RaftServerConfigKeys (ConfUtils.java:logGet(44)) - raft.server.retrycache.statistics.expirytime = 100μs (default)
2022-03-07 09:51:53,724 [pool-781-thread-1] INFO  server.RaftServerConfigKeys (ConfUtils.java:logGet(44)) - raft.server.log.write.buffer.size = 1048576 (custom)
2022-03-07 09:51:53,725 [pool-781-thread-1] INFO  server.RaftServerConfigKeys (ConfUtils.java:logGet(44)) - raft.server.log.statemachine.data.caching.enabled = true (custom)
2022-03-07 09:51:53,725 [pool-781-thread-1] INFO  segmented.SegmentedRaftLogWorker (SegmentedRaftLogWorker.java:lambda$new$0(133)) - cd9cff4b-1bd9-497e-976c-8eec10b9db64@group-A2AB75C9018A-SegmentedRaftLogWorker: flushIndex: setUnconditionally 0 -> -1
2022-03-07 09:51:53,725 [pool-781-thread-1] INFO  segmented.SegmentedRaftLogWorker (SegmentedRaftLogWorker.java:lambda$new$0(133)) - cd9cff4b-1bd9-497e-976c-8eec10b9db64@group-A2AB75C9018A-SegmentedRaftLogWorker: safeCacheEvictIndex: setUnconditionally 0 -> -1
2022-03-07 09:51:53,725 [pool-595-thread-1] INFO  server.RaftServer$Division (RaftServerImpl.java:start(301)) - 728f99e8-418e-4b00-b2e8-36f688b477dd@group-A2AB75C9018A: start as a follower, conf=-1: [728f99e8-418e-4b00-b2e8-36f688b477dd|rpc:10.1.0.49:44013|priority:0, 79ee019c-6239-4f85-9f3b-dddcaaaeb0fb|rpc:10.1.0.49:41163|priority:1, cd9cff4b-1bd9-497e-976c-8eec10b9db64|rpc:10.1.0.49:42923|priority:0], old=null
2022-03-07 09:51:53,725 [pool-595-thread-1] INFO  server.RaftServer$Division (RaftServerImpl.java:setRole(290)) - 728f99e8-418e-4b00-b2e8-36f688b477dd@group-A2AB75C9018A: changes role from      null to FOLLOWER at term 0 for startAsFollower
2022-03-07 09:51:53,735 [pool-781-thread-1] INFO  server.RaftServerConfigKeys (ConfUtils.java:logGet(44)) - raft.server.snapshot.auto.trigger.enabled = true (custom)
2022-03-07 09:51:53,735 [pool-781-thread-1] INFO  server.RaftServerConfigKeys (ConfUtils.java:logGet(44)) - raft.server.snapshot.auto.trigger.threshold = 10000 (custom)
2022-03-07 09:51:53,735 [pool-781-thread-1] INFO  server.RaftServerConfigKeys (ConfUtils.java:logGet(44)) - raft.server.snapshot.retention.file.num = 5 (custom)
2022-03-07 09:51:53,735 [pool-781-thread-1] INFO  server.RaftServerConfigKeys (ConfUtils.java:logGet(44)) - raft.server.log.purge.upto.snapshot.index = false (default)
2022-03-07 09:51:53,736 [pool-781-thread-1] INFO  server.RaftServerConfigKeys (ConfUtils.java:logGet(44)) - raft.server.retrycache.expirytime = 600000ms (custom)
2022-03-07 09:51:53,736 [pool-781-thread-1] INFO  server.RaftServerConfigKeys (ConfUtils.java:logGet(44)) - raft.server.retrycache.statistics.expirytime = 100μs (default)
2022-03-07 09:51:53,737 [pool-781-thread-1] INFO  server.RaftServer$Division (RaftServerImpl.java:start(301)) - cd9cff4b-1bd9-497e-976c-8eec10b9db64@group-A2AB75C9018A: start as a follower, conf=-1: [728f99e8-418e-4b00-b2e8-36f688b477dd|rpc:10.1.0.49:44013|priority:0, 79ee019c-6239-4f85-9f3b-dddcaaaeb0fb|rpc:10.1.0.49:41163|priority:1, cd9cff4b-1bd9-497e-976c-8eec10b9db64|rpc:10.1.0.49:42923|priority:0], old=null
2022-03-07 09:51:53,737 [pool-781-thread-1] INFO  server.RaftServer$Division (RaftServerImpl.java:setRole(290)) - cd9cff4b-1bd9-497e-976c-8eec10b9db64@group-A2AB75C9018A: changes role from      null to FOLLOWER at term 0 for startAsFollower
2022-03-07 09:51:53,739 [pool-595-thread-1] INFO  impl.RoleInfo (RoleInfo.java:updateAndGet(130)) - 728f99e8-418e-4b00-b2e8-36f688b477dd: start 728f99e8-418e-4b00-b2e8-36f688b477dd@group-A2AB75C9018A-FollowerState
2022-03-07 09:51:53,741 [pool-595-thread-1] INFO  util.JmxRegister (JmxRegister.java:tryRegister(44)) - Successfully registered JMX Bean with object name Ratis:service=RaftServer,group=group-A2AB75C9018A,id=728f99e8-418e-4b00-b2e8-36f688b477dd
2022-03-07 09:51:53,752 [pool-781-thread-1] INFO  impl.RoleInfo (RoleInfo.java:updateAndGet(130)) - cd9cff4b-1bd9-497e-976c-8eec10b9db64: start cd9cff4b-1bd9-497e-976c-8eec10b9db64@group-A2AB75C9018A-FollowerState
2022-03-07 09:51:53,752 [Command processor thread] INFO  ratis.XceiverServerRatis (XceiverServerRatis.java:addGroup(769)) - Created group PipelineID=60b5cb39-0ab8-4f61-9ad9-a2ab75c9018a
2022-03-07 09:51:53,783 [pool-781-thread-1] INFO  util.JmxRegister (JmxRegister.java:tryRegister(44)) - Successfully registered JMX Bean with object name Ratis:service=RaftServer,group=group-A2AB75C9018A,id=cd9cff4b-1bd9-497e-976c-8eec10b9db64
2022-03-07 09:51:53,783 [Command processor thread] INFO  ratis.XceiverServerRatis (XceiverServerRatis.java:addGroup(769)) - Created group PipelineID=60b5cb39-0ab8-4f61-9ad9-a2ab75c9018a
2022-03-07 09:51:53,922 [grpc-default-executor-2] INFO  server.RaftServer (RaftServerProxy.java:addNew(95)) - 79ee019c-6239-4f85-9f3b-dddcaaaeb0fb: addNew group-A2AB75C9018A:[728f99e8-418e-4b00-b2e8-36f688b477dd|rpc:10.1.0.49:44013|dataStream:|priority:0, 79ee019c-6239-4f85-9f3b-dddcaaaeb0fb|rpc:10.1.0.49:41163|dataStream:|priority:1, cd9cff4b-1bd9-497e-976c-8eec10b9db64|rpc:10.1.0.49:42923|dataStream:|priority:0] returns group-A2AB75C9018A:java.util.concurrent.CompletableFuture@740a7a87[Not completed]
2022-03-07 09:51:53,923 [pool-721-thread-1] INFO  server.RaftServer$Division (RaftServerImpl.java:<init>(184)) - 79ee019c-6239-4f85-9f3b-dddcaaaeb0fb: new RaftServerImpl for group-A2AB75C9018A:[728f99e8-418e-4b00-b2e8-36f688b477dd|rpc:10.1.0.49:44013|dataStream:|priority:0, 79ee019c-6239-4f85-9f3b-dddcaaaeb0fb|rpc:10.1.0.49:41163|dataStream:|priority:1, cd9cff4b-1bd9-497e-976c-8eec10b9db64|rpc:10.1.0.49:42923|dataStream:|priority:0] with ContainerStateMachine:uninitialized
2022-03-07 09:51:53,923 [pool-721-thread-1] INFO  server.RaftServerConfigKeys (ConfUtils.java:logGet(44)) - raft.server.rpc.timeout.min = 5s (custom)
2022-03-07 09:51:53,923 [pool-721-thread-1] INFO  server.RaftServerConfigKeys (ConfUtils.java:logGet(44)) - raft.server.rpc.timeout.max = 5200ms (custom)
2022-03-07 09:51:53,923 [pool-721-thread-1] INFO  server.RaftServerConfigKeys (ConfUtils.java:logGet(44)) - raft.server.rpc.sleep.time = 25ms (default)
2022-03-07 09:51:53,923 [pool-721-thread-1] INFO  server.RaftServerConfigKeys (ConfUtils.java:logGet(44)) - raft.server.rpc.slowness.timeout = 300000ms (custom)
2022-03-07 09:51:53,923 [pool-721-thread-1] INFO  server.RaftServerConfigKeys (ConfUtils.java:logGet(44)) - raft.server.leaderelection.leader.step-down.wait-time = 10s (default)
2022-03-07 09:51:53,923 [pool-721-thread-1] INFO  server.RaftServerConfigKeys (ConfUtils.java:logGet(44)) - raft.server.sleep.deviation.threshold = 300ms (default)
2022-03-07 09:51:53,923 [pool-721-thread-1] INFO  server.RaftServerConfigKeys (ConfUtils.java:logGet(44)) - raft.server.log.appender.install.snapshot.enabled = false (custom)
2022-03-07 09:51:53,923 [pool-721-thread-1] INFO  server.RaftServer$Division (ServerState.java:<init>(105)) - 79ee019c-6239-4f85-9f3b-dddcaaaeb0fb@group-A2AB75C9018A: ConfigurationManager, init=-1: [728f99e8-418e-4b00-b2e8-36f688b477dd|rpc:10.1.0.49:44013|dataStream:|priority:0, 79ee019c-6239-4f85-9f3b-dddcaaaeb0fb|rpc:10.1.0.49:41163|dataStream:|priority:1, cd9cff4b-1bd9-497e-976c-8eec10b9db64|rpc:10.1.0.49:42923|dataStream:|priority:0], old=null, confs=<EMPTY_MAP>
2022-03-07 09:51:53,924 [pool-721-thread-1] INFO  server.RaftServerConfigKeys (ConfUtils.java:logGet(44)) - raft.server.storage.dir = [/home/runner/work/ozone/ozone/hadoop-ozone/integration-test/target/test-dir/MiniOzoneClusterImpl-4c099742-f0a8-499d-a606-d482764d36d7/datanode-6/data/ratis] (custom)
2022-03-07 09:51:53,924 [pool-721-thread-1] INFO  server.RaftServerConfigKeys (ConfUtils.java:logGet(44)) - raft.server.log.corruption.policy = EXCEPTION (default)
2022-03-07 09:51:53,924 [pool-721-thread-1] INFO  server.RaftServerConfigKeys (ConfUtils.java:logGet(44)) - raft.server.storage.free-space.min = 0MB (=0) (default)
2022-03-07 09:51:53,924 [pool-721-thread-1] INFO  storage.RaftStorageDirectory (RaftStorageDirectoryImpl.java:analyzeStorage(135)) - The storage directory /home/runner/work/ozone/ozone/hadoop-ozone/integration-test/target/test-dir/MiniOzoneClusterImpl-4c099742-f0a8-499d-a606-d482764d36d7/datanode-6/data/ratis/60b5cb39-0ab8-4f61-9ad9-a2ab75c9018a does not exist. Creating ...
2022-03-07 09:51:53,925 [pool-721-thread-1] INFO  storage.RaftStorageDirectory (RaftStorageDirectoryImpl.java:tryLock(230)) - Lock on /home/runner/work/ozone/ozone/hadoop-ozone/integration-test/target/test-dir/MiniOzoneClusterImpl-4c099742-f0a8-499d-a606-d482764d36d7/datanode-6/data/ratis/60b5cb39-0ab8-4f61-9ad9-a2ab75c9018a/in_use.lock acquired by nodename 23420@fv-az291-317
2022-03-07 09:51:53,942 [pool-721-thread-1] INFO  storage.RaftStorage (RaftStorageImpl.java:format(89)) - Storage directory /home/runner/work/ozone/ozone/hadoop-ozone/integration-test/target/test-dir/MiniOzoneClusterImpl-4c099742-f0a8-499d-a606-d482764d36d7/datanode-6/data/ratis/60b5cb39-0ab8-4f61-9ad9-a2ab75c9018a has been successfully formatted.
2022-03-07 09:51:53,958 [pool-721-thread-1] INFO  ratis.ContainerStateMachine (ContainerStateMachine.java:loadSnapshot(236)) - group-A2AB75C9018A: The snapshot info is null. Setting the last applied indexto:(t:0, i:~)
2022-03-07 09:51:53,958 [pool-721-thread-1] INFO  server.RaftServerConfigKeys (ConfUtils.java:logGet(44)) - raft.server.notification.no-leader.timeout = 300000ms (custom)
2022-03-07 09:51:53,958 [pool-721-thread-1] INFO  server.RaftServerConfigKeys (ConfUtils.java:logGet(44)) - raft.server.log.use.memory = false (default)
2022-03-07 09:51:53,958 [pool-721-thread-1] INFO  server.RaftServerConfigKeys (ConfUtils.java:logGet(44)) - raft.server.log.purge.gap = 1000000 (custom)
2022-03-07 09:51:53,958 [pool-721-thread-1] INFO  server.RaftServerConfigKeys (ConfUtils.java:logGet(44)) - raft.server.log.appender.buffer.byte-limit = 33554432 (custom)
2022-03-07 09:51:53,959 [pool-721-thread-1] INFO  server.RaftServerConfigKeys (ConfUtils.java:logGet(44)) - raft.server.log.segment.size.max = 1048576 (custom)
2022-03-07 09:51:53,959 [pool-721-thread-1] INFO  server.RaftServerConfigKeys (ConfUtils.java:logGet(44)) - raft.server.log.segment.cache.num.max = 2 (custom)
2022-03-07 09:51:53,959 [pool-721-thread-1] INFO  server.RaftServerConfigKeys (ConfUtils.java:logGet(44)) - raft.server.log.segment.cache.size.max = 200MB (=209715200) (default)
2022-03-07 09:51:53,959 [pool-721-thread-1] INFO  segmented.SegmentedRaftLogWorker (SegmentedRaftLogWorker.java:<init>(182)) - new 79ee019c-6239-4f85-9f3b-dddcaaaeb0fb@group-A2AB75C9018A-SegmentedRaftLogWorker for RaftStorageImpl:Storage Directory /home/runner/work/ozone/ozone/hadoop-ozone/integration-test/target/test-dir/MiniOzoneClusterImpl-4c099742-f0a8-499d-a606-d482764d36d7/datanode-6/data/ratis/60b5cb39-0ab8-4f61-9ad9-a2ab75c9018a
2022-03-07 09:51:53,959 [pool-721-thread-1] INFO  server.RaftServerConfigKeys (ConfUtils.java:logGet(44)) - raft.server.log.queue.byte-limit = 4294967296 (custom)
2022-03-07 09:51:53,959 [pool-721-thread-1] INFO  server.RaftServerConfigKeys (ConfUtils.java:logGet(44)) - raft.server.log.queue.element-limit = 1024 (custom)
2022-03-07 09:51:53,959 [pool-721-thread-1] INFO  server.RaftServerConfigKeys (ConfUtils.java:logGet(44)) - raft.server.log.segment.size.max = 1048576 (custom)
2022-03-07 09:51:53,959 [pool-721-thread-1] INFO  server.RaftServerConfigKeys (ConfUtils.java:logGet(44)) - raft.server.log.preallocated.size = 16384 (custom)
2022-03-07 09:51:53,959 [pool-721-thread-1] INFO  server.RaftServerConfigKeys (ConfUtils.java:logGet(44)) - raft.server.log.force.sync.num = 128 (default)
2022-03-07 09:51:53,959 [pool-721-thread-1] INFO  server.RaftServerConfigKeys (ConfUtils.java:logGet(44)) - raft.server.log.statemachine.data.sync = true (default)
2022-03-07 09:51:53,959 [pool-721-thread-1] INFO  server.RaftServerConfigKeys (ConfUtils.java:logGet(44)) - raft.server.log.statemachine.data.sync.timeout = 10s (default)
2022-03-07 09:51:53,959 [pool-721-thread-1] INFO  server.RaftServerConfigKeys (ConfUtils.java:logGet(44)) - raft.server.log.statemachine.data.sync.timeout.retry = -1 (default)
2022-03-07 09:51:53,992 [pool-721-thread-1] INFO  server.RaftServerConfigKeys (ConfUtils.java:logGet(44)) - raft.server.log.write.buffer.size = 1048576 (custom)
2022-03-07 09:51:53,993 [pool-721-thread-1] INFO  server.RaftServerConfigKeys (ConfUtils.java:logGet(44)) - raft.server.log.statemachine.data.caching.enabled = true (custom)
2022-03-07 09:51:53,993 [pool-721-thread-1] INFO  segmented.SegmentedRaftLogWorker (SegmentedRaftLogWorker.java:lambda$new$0(133)) - 79ee019c-6239-4f85-9f3b-dddcaaaeb0fb@group-A2AB75C9018A-SegmentedRaftLogWorker: flushIndex: setUnconditionally 0 -> -1
2022-03-07 09:51:53,993 [pool-721-thread-1] INFO  segmented.SegmentedRaftLogWorker (SegmentedRaftLogWorker.java:lambda$new$0(133)) - 79ee019c-6239-4f85-9f3b-dddcaaaeb0fb@group-A2AB75C9018A-SegmentedRaftLogWorker: safeCacheEvictIndex: setUnconditionally 0 -> -1
2022-03-07 09:51:54,000 [pool-721-thread-1] INFO  server.RaftServerConfigKeys (ConfUtils.java:logGet(44)) - raft.server.snapshot.auto.trigger.enabled = true (custom)
2022-03-07 09:51:54,000 [pool-721-thread-1] INFO  server.RaftServerConfigKeys (ConfUtils.java:logGet(44)) - raft.server.snapshot.auto.trigger.threshold = 10000 (custom)
2022-03-07 09:51:54,000 [pool-721-thread-1] INFO  server.RaftServerConfigKeys (ConfUtils.java:logGet(44)) - raft.server.snapshot.retention.file.num = 5 (custom)
2022-03-07 09:51:54,000 [pool-721-thread-1] INFO  server.RaftServerConfigKeys (ConfUtils.java:logGet(44)) - raft.server.log.purge.upto.snapshot.index = false (default)
2022-03-07 09:51:54,000 [pool-721-thread-1] INFO  server.RaftServerConfigKeys (ConfUtils.java:logGet(44)) - raft.server.retrycache.expirytime = 600000ms (custom)
2022-03-07 09:51:54,000 [pool-721-thread-1] INFO  server.RaftServerConfigKeys (ConfUtils.java:logGet(44)) - raft.server.retrycache.statistics.expirytime = 100μs (default)
2022-03-07 09:51:54,002 [pool-721-thread-1] INFO  server.RaftServer$Division (RaftServerImpl.java:start(301)) - 79ee019c-6239-4f85-9f3b-dddcaaaeb0fb@group-A2AB75C9018A: start as a follower, conf=-1: [728f99e8-418e-4b00-b2e8-36f688b477dd|rpc:10.1.0.49:44013|dataStream:|priority:0, 79ee019c-6239-4f85-9f3b-dddcaaaeb0fb|rpc:10.1.0.49:41163|dataStream:|priority:1, cd9cff4b-1bd9-497e-976c-8eec10b9db64|rpc:10.1.0.49:42923|dataStream:|priority:0], old=null
2022-03-07 09:51:54,027 [pool-721-thread-1] INFO  server.RaftServer$Division (RaftServerImpl.java:setRole(290)) - 79ee019c-6239-4f85-9f3b-dddcaaaeb0fb@group-A2AB75C9018A: changes role from      null to FOLLOWER at term 0 for startAsFollower
2022-03-07 09:51:54,033 [pool-721-thread-1] INFO  impl.RoleInfo (RoleInfo.java:updateAndGet(130)) - 79ee019c-6239-4f85-9f3b-dddcaaaeb0fb: start 79ee019c-6239-4f85-9f3b-dddcaaaeb0fb@group-A2AB75C9018A-FollowerState
2022-03-07 09:51:54,033 [Command processor thread] INFO  commandhandler.CreatePipelineCommandHandler (CreatePipelineCommandHandler.java:handle(106)) - Created Pipeline RATIS THREE PipelineID=60b5cb39-0ab8-4f61-9ad9-a2ab75c9018a.
2022-03-07 09:51:54,034 [Command processor thread] INFO  server.RaftServer (RaftServerProxy.java:addNew(95)) - 728f99e8-418e-4b00-b2e8-36f688b477dd: addNew group-993C76073EC3:[728f99e8-418e-4b00-b2e8-36f688b477dd|rpc:10.1.0.49:44013|priority:0, 616d314c-ba0d-49c9-8f1d-797448dad8fd|rpc:10.1.0.49:39129|priority:1, 79ee019c-6239-4f85-9f3b-dddcaaaeb0fb|rpc:10.1.0.49:41163|priority:0] returns group-993C76073EC3:java.util.concurrent.CompletableFuture@6de1993c[Not completed]
2022-03-07 09:51:54,035 [pool-595-thread-1] INFO  server.RaftServer$Division (RaftServerImpl.java:<init>(184)) - 728f99e8-418e-4b00-b2e8-36f688b477dd: new RaftServerImpl for group-993C76073EC3:[728f99e8-418e-4b00-b2e8-36f688b477dd|rpc:10.1.0.49:44013|priority:0, 616d314c-ba0d-49c9-8f1d-797448dad8fd|rpc:10.1.0.49:39129|priority:1, 79ee019c-6239-4f85-9f3b-dddcaaaeb0fb|rpc:10.1.0.49:41163|priority:0] with ContainerStateMachine:uninitialized
2022-03-07 09:51:54,035 [pool-595-thread-1] INFO  server.RaftServerConfigKeys (ConfUtils.java:logGet(44)) - raft.server.rpc.timeout.min = 5s (custom)
2022-03-07 09:51:54,035 [pool-595-thread-1] INFO  server.RaftServerConfigKeys (ConfUtils.java:logGet(44)) - raft.server.rpc.timeout.max = 5200ms (custom)
2022-03-07 09:51:54,035 [pool-595-thread-1] INFO  server.RaftServerConfigKeys (ConfUtils.java:logGet(44)) - raft.server.rpc.sleep.time = 25ms (default)
2022-03-07 09:51:54,035 [pool-595-thread-1] INFO  server.RaftServerConfigKeys (ConfUtils.java:logGet(44)) - raft.server.rpc.slowness.timeout = 300000ms (custom)
2022-03-07 09:51:54,035 [pool-595-thread-1] INFO  server.RaftServerConfigKeys (ConfUtils.java:logGet(44)) - raft.server.leaderelection.leader.step-down.wait-time = 10s (default)
2022-03-07 09:51:54,035 [pool-595-thread-1] INFO  server.RaftServerConfigKeys (ConfUtils.java:logGet(44)) - raft.server.sleep.deviation.threshold = 300ms (default)
2022-03-07 09:51:54,035 [pool-595-thread-1] INFO  server.RaftServerConfigKeys (ConfUtils.java:logGet(44)) - raft.server.log.appender.install.snapshot.enabled = false (custom)
2022-03-07 09:51:54,036 [pool-595-thread-1] INFO  server.RaftServer$Division (ServerState.java:<init>(105)) - 728f99e8-418e-4b00-b2e8-36f688b477dd@group-993C76073EC3: ConfigurationManager, init=-1: [728f99e8-418e-4b00-b2e8-36f688b477dd|rpc:10.1.0.49:44013|priority:0, 616d314c-ba0d-49c9-8f1d-797448dad8fd|rpc:10.1.0.49:39129|priority:1, 79ee019c-6239-4f85-9f3b-dddcaaaeb0fb|rpc:10.1.0.49:41163|priority:0], old=null, confs=<EMPTY_MAP>
2022-03-07 09:51:54,036 [pool-595-thread-1] INFO  server.RaftServerConfigKeys (ConfUtils.java:logGet(44)) - raft.server.storage.dir = [/home/runner/work/ozone/ozone/hadoop-ozone/integration-test/target/test-dir/MiniOzoneClusterImpl-4c099742-f0a8-499d-a606-d482764d36d7/datanode-0/data/ratis] (custom)
2022-03-07 09:51:54,036 [pool-595-thread-1] INFO  server.RaftServerConfigKeys (ConfUtils.java:logGet(44)) - raft.server.log.corruption.policy = EXCEPTION (default)
2022-03-07 09:51:54,036 [pool-595-thread-1] INFO  server.RaftServerConfigKeys (ConfUtils.java:logGet(44)) - raft.server.storage.free-space.min = 0MB (=0) (default)
2022-03-07 09:51:54,036 [pool-595-thread-1] INFO  storage.RaftStorageDirectory (RaftStorageDirectoryImpl.java:analyzeStorage(135)) - The storage directory /home/runner/work/ozone/ozone/hadoop-ozone/integration-test/target/test-dir/MiniOzoneClusterImpl-4c099742-f0a8-499d-a606-d482764d36d7/datanode-0/data/ratis/110c5adc-eefa-440f-b852-993c76073ec3 does not exist. Creating ...
2022-03-07 09:51:54,037 [pool-595-thread-1] INFO  storage.RaftStorageDirectory (RaftStorageDirectoryImpl.java:tryLock(230)) - Lock on /home/runner/work/ozone/ozone/hadoop-ozone/integration-test/target/test-dir/MiniOzoneClusterImpl-4c099742-f0a8-499d-a606-d482764d36d7/datanode-0/data/ratis/110c5adc-eefa-440f-b852-993c76073ec3/in_use.lock acquired by nodename 23420@fv-az291-317
2022-03-07 09:51:54,040 [pool-595-thread-1] INFO  storage.RaftStorage (RaftStorageImpl.java:format(89)) - Storage directory /home/runner/work/ozone/ozone/hadoop-ozone/integration-test/target/test-dir/MiniOzoneClusterImpl-4c099742-f0a8-499d-a606-d482764d36d7/datanode-0/data/ratis/110c5adc-eefa-440f-b852-993c76073ec3 has been successfully formatted.
2022-03-07 09:51:54,040 [pool-721-thread-1] INFO  util.JmxRegister (JmxRegister.java:tryRegister(44)) - Successfully registered JMX Bean with object name Ratis:service=RaftServer,group=group-A2AB75C9018A,id=79ee019c-6239-4f85-9f3b-dddcaaaeb0fb
2022-03-07 09:51:54,048 [pool-595-thread-1] INFO  ratis.ContainerStateMachine (ContainerStateMachine.java:loadSnapshot(236)) - group-993C76073EC3: The snapshot info is null. Setting the last applied indexto:(t:0, i:~)
2022-03-07 09:51:54,048 [pool-595-thread-1] INFO  server.RaftServerConfigKeys (ConfUtils.java:logGet(44)) - raft.server.notification.no-leader.timeout = 300000ms (custom)
2022-03-07 09:51:54,048 [pool-595-thread-1] INFO  server.RaftServerConfigKeys (ConfUtils.java:logGet(44)) - raft.server.log.use.memory = false (default)
2022-03-07 09:51:54,048 [pool-595-thread-1] INFO  server.RaftServerConfigKeys (ConfUtils.java:logGet(44)) - raft.server.log.purge.gap = 1000000 (custom)
2022-03-07 09:51:54,048 [pool-595-thread-1] INFO  server.RaftServerConfigKeys (ConfUtils.java:logGet(44)) - raft.server.log.appender.buffer.byte-limit = 33554432 (custom)
2022-03-07 09:51:54,048 [pool-595-thread-1] INFO  server.RaftServerConfigKeys (ConfUtils.java:logGet(44)) - raft.server.log.segment.size.max = 1048576 (custom)
2022-03-07 09:51:54,049 [pool-595-thread-1] INFO  server.RaftServerConfigKeys (ConfUtils.java:logGet(44)) - raft.server.log.segment.cache.num.max = 2 (custom)
2022-03-07 09:51:54,049 [pool-595-thread-1] INFO  server.RaftServerConfigKeys (ConfUtils.java:logGet(44)) - raft.server.log.segment.cache.size.max = 200MB (=209715200) (default)
2022-03-07 09:51:54,049 [pool-595-thread-1] INFO  segmented.SegmentedRaftLogWorker (SegmentedRaftLogWorker.java:<init>(182)) - new 728f99e8-418e-4b00-b2e8-36f688b477dd@group-993C76073EC3-SegmentedRaftLogWorker for RaftStorageImpl:Storage Directory /home/runner/work/ozone/ozone/hadoop-ozone/integration-test/target/test-dir/MiniOzoneClusterImpl-4c099742-f0a8-499d-a606-d482764d36d7/datanode-0/data/ratis/110c5adc-eefa-440f-b852-993c76073ec3
2022-03-07 09:51:54,049 [pool-595-thread-1] INFO  server.RaftServerConfigKeys (ConfUtils.java:logGet(44)) - raft.server.log.queue.byte-limit = 4294967296 (custom)
2022-03-07 09:51:54,049 [pool-595-thread-1] INFO  server.RaftServerConfigKeys (ConfUtils.java:logGet(44)) - raft.server.log.queue.element-limit = 1024 (custom)
2022-03-07 09:51:54,049 [pool-595-thread-1] INFO  server.RaftServerConfigKeys (ConfUtils.java:logGet(44)) - raft.server.log.segment.size.max = 1048576 (custom)
2022-03-07 09:51:54,049 [pool-595-thread-1] INFO  server.RaftServerConfigKeys (ConfUtils.java:logGet(44)) - raft.server.log.preallocated.size = 16384 (custom)
2022-03-07 09:51:54,049 [pool-595-thread-1] INFO  server.RaftServerConfigKeys (ConfUtils.java:logGet(44)) - raft.server.log.force.sync.num = 128 (default)
2022-03-07 09:51:54,049 [pool-595-thread-1] INFO  server.RaftServerConfigKeys (ConfUtils.java:logGet(44)) - raft.server.log.statemachine.data.sync = true (default)
2022-03-07 09:51:54,049 [pool-595-thread-1] INFO  server.RaftServerConfigKeys (ConfUtils.java:logGet(44)) - raft.server.log.statemachine.data.sync.timeout = 10s (default)
2022-03-07 09:51:54,049 [pool-595-thread-1] INFO  server.RaftServerConfigKeys (ConfUtils.java:logGet(44)) - raft.server.log.statemachine.data.sync.timeout.retry = -1 (default)
2022-03-07 09:51:54,050 [pool-595-thread-1] INFO  server.RaftServerConfigKeys (ConfUtils.java:logGet(44)) - raft.server.log.write.buffer.size = 1048576 (custom)
2022-03-07 09:51:54,050 [pool-595-thread-1] INFO  server.RaftServerConfigKeys (ConfUtils.java:logGet(44)) - raft.server.log.statemachine.data.caching.enabled = true (custom)
2022-03-07 09:51:54,050 [pool-595-thread-1] INFO  segmented.SegmentedRaftLogWorker (SegmentedRaftLogWorker.java:lambda$new$0(133)) - 728f99e8-418e-4b00-b2e8-36f688b477dd@group-993C76073EC3-SegmentedRaftLogWorker: flushIndex: setUnconditionally 0 -> -1
2022-03-07 09:51:54,050 [pool-595-thread-1] INFO  segmented.SegmentedRaftLogWorker (SegmentedRaftLogWorker.java:lambda$new$0(133)) - 728f99e8-418e-4b00-b2e8-36f688b477dd@group-993C76073EC3-SegmentedRaftLogWorker: safeCacheEvictIndex: setUnconditionally 0 -> -1
2022-03-07 09:51:54,052 [pool-595-thread-1] INFO  server.RaftServerConfigKeys (ConfUtils.java:logGet(44)) - raft.server.snapshot.auto.trigger.enabled = true (custom)
2022-03-07 09:51:54,052 [pool-595-thread-1] INFO  server.RaftServerConfigKeys (ConfUtils.java:logGet(44)) - raft.server.snapshot.auto.trigger.threshold = 10000 (custom)
2022-03-07 09:51:54,052 [pool-595-thread-1] INFO  server.RaftServerConfigKeys (ConfUtils.java:logGet(44)) - raft.server.snapshot.retention.file.num = 5 (custom)
2022-03-07 09:51:54,052 [pool-595-thread-1] INFO  server.RaftServerConfigKeys (ConfUtils.java:logGet(44)) - raft.server.log.purge.upto.snapshot.index = false (default)
2022-03-07 09:51:54,052 [pool-595-thread-1] INFO  server.RaftServerConfigKeys (ConfUtils.java:logGet(44)) - raft.server.retrycache.expirytime = 600000ms (custom)
2022-03-07 09:51:54,052 [pool-595-thread-1] INFO  server.RaftServerConfigKeys (ConfUtils.java:logGet(44)) - raft.server.retrycache.statistics.expirytime = 100μs (default)
2022-03-07 09:51:54,053 [pool-595-thread-1] INFO  server.RaftServer$Division (RaftServerImpl.java:start(301)) - 728f99e8-418e-4b00-b2e8-36f688b477dd@group-993C76073EC3: start as a follower, conf=-1: [728f99e8-418e-4b00-b2e8-36f688b477dd|rpc:10.1.0.49:44013|priority:0, 616d314c-ba0d-49c9-8f1d-797448dad8fd|rpc:10.1.0.49:39129|priority:1, 79ee019c-6239-4f85-9f3b-dddcaaaeb0fb|rpc:10.1.0.49:41163|priority:0], old=null
2022-03-07 09:51:54,053 [pool-595-thread-1] INFO  server.RaftServer$Division (RaftServerImpl.java:setRole(290)) - 728f99e8-418e-4b00-b2e8-36f688b477dd@group-993C76073EC3: changes role from      null to FOLLOWER at term 0 for startAsFollower
2022-03-07 09:51:54,053 [pool-595-thread-1] INFO  impl.RoleInfo (RoleInfo.java:updateAndGet(130)) - 728f99e8-418e-4b00-b2e8-36f688b477dd: start 728f99e8-418e-4b00-b2e8-36f688b477dd@group-993C76073EC3-FollowerState
2022-03-07 09:51:54,060 [pool-595-thread-1] INFO  util.JmxRegister (JmxRegister.java:tryRegister(44)) - Successfully registered JMX Bean with object name Ratis:service=RaftServer,group=group-993C76073EC3,id=728f99e8-418e-4b00-b2e8-36f688b477dd
2022-03-07 09:51:54,068 [Command processor thread] INFO  server.RaftServer (RaftServerProxy.java:addNew(95)) - 616d314c-ba0d-49c9-8f1d-797448dad8fd: addNew group-993C76073EC3:[728f99e8-418e-4b00-b2e8-36f688b477dd|rpc:10.1.0.49:44013|priority:0, 616d314c-ba0d-49c9-8f1d-797448dad8fd|rpc:10.1.0.49:39129|priority:1, 79ee019c-6239-4f85-9f3b-dddcaaaeb0fb|rpc:10.1.0.49:41163|priority:0] returns group-993C76073EC3:java.util.concurrent.CompletableFuture@24f97e3e[Not completed]
2022-03-07 09:51:54,069 [pool-616-thread-1] INFO  server.RaftServer$Division (RaftServerImpl.java:<init>(184)) - 616d314c-ba0d-49c9-8f1d-797448dad8fd: new RaftServerImpl for group-993C76073EC3:[728f99e8-418e-4b00-b2e8-36f688b477dd|rpc:10.1.0.49:44013|priority:0, 616d314c-ba0d-49c9-8f1d-797448dad8fd|rpc:10.1.0.49:39129|priority:1, 79ee019c-6239-4f85-9f3b-dddcaaaeb0fb|rpc:10.1.0.49:41163|priority:0] with ContainerStateMachine:uninitialized
2022-03-07 09:51:54,069 [pool-616-thread-1] INFO  server.RaftServerConfigKeys (ConfUtils.java:logGet(44)) - raft.server.rpc.timeout.min = 5s (custom)
2022-03-07 09:51:54,069 [pool-616-thread-1] INFO  server.RaftServerConfigKeys (ConfUtils.java:logGet(44)) - raft.server.rpc.timeout.max = 5200ms (custom)
2022-03-07 09:51:54,069 [pool-616-thread-1] INFO  server.RaftServerConfigKeys (ConfUtils.java:logGet(44)) - raft.server.rpc.sleep.time = 25ms (default)
2022-03-07 09:51:54,069 [pool-616-thread-1] INFO  server.RaftServerConfigKeys (ConfUtils.java:logGet(44)) - raft.server.rpc.slowness.timeout = 300000ms (custom)
2022-03-07 09:51:54,069 [pool-616-thread-1] INFO  server.RaftServerConfigKeys (ConfUtils.java:logGet(44)) - raft.server.leaderelection.leader.step-down.wait-time = 10s (default)
2022-03-07 09:51:54,069 [pool-616-thread-1] INFO  server.RaftServerConfigKeys (ConfUtils.java:logGet(44)) - raft.server.sleep.deviation.threshold = 300ms (default)
2022-03-07 09:51:54,069 [pool-616-thread-1] INFO  server.RaftServerConfigKeys (ConfUtils.java:logGet(44)) - raft.server.log.appender.install.snapshot.enabled = false (custom)
2022-03-07 09:51:54,069 [pool-616-thread-1] INFO  server.RaftServer$Division (ServerState.java:<init>(105)) - 616d314c-ba0d-49c9-8f1d-797448dad8fd@group-993C76073EC3: ConfigurationManager, init=-1: [728f99e8-418e-4b00-b2e8-36f688b477dd|rpc:10.1.0.49:44013|priority:0, 616d314c-ba0d-49c9-8f1d-797448dad8fd|rpc:10.1.0.49:39129|priority:1, 79ee019c-6239-4f85-9f3b-dddcaaaeb0fb|rpc:10.1.0.49:41163|priority:0], old=null, confs=<EMPTY_MAP>
2022-03-07 09:51:54,069 [pool-616-thread-1] INFO  server.RaftServerConfigKeys (ConfUtils.java:logGet(44)) - raft.server.storage.dir = [/home/runner/work/ozone/ozone/hadoop-ozone/integration-test/target/test-dir/MiniOzoneClusterImpl-4c099742-f0a8-499d-a606-d482764d36d7/datanode-1/data/ratis] (custom)
2022-03-07 09:51:54,069 [pool-616-thread-1] INFO  server.RaftServerConfigKeys (ConfUtils.java:logGet(44)) - raft.server.log.corruption.policy = EXCEPTION (default)
2022-03-07 09:51:54,069 [pool-616-thread-1] INFO  server.RaftServerConfigKeys (ConfUtils.java:logGet(44)) - raft.server.storage.free-space.min = 0MB (=0) (default)
2022-03-07 09:51:54,069 [pool-616-thread-1] INFO  storage.RaftStorageDirectory (RaftStorageDirectoryImpl.java:analyzeStorage(135)) - The storage directory /home/runner/work/ozone/ozone/hadoop-ozone/integration-test/target/test-dir/MiniOzoneClusterImpl-4c099742-f0a8-499d-a606-d482764d36d7/datanode-1/data/ratis/110c5adc-eefa-440f-b852-993c76073ec3 does not exist. Creating ...
2022-03-07 09:51:54,071 [Command processor thread] INFO  commandhandler.CreatePipelineCommandHandler (CreatePipelineCommandHandler.java:handle(106)) - Created Pipeline RATIS THREE PipelineID=60b5cb39-0ab8-4f61-9ad9-a2ab75c9018a.
2022-03-07 09:51:54,071 [Command processor thread] INFO  server.RaftServer (RaftServerProxy.java:addNew(95)) - cd9cff4b-1bd9-497e-976c-8eec10b9db64: addNew group-022B701C3610:[728f99e8-418e-4b00-b2e8-36f688b477dd|rpc:10.1.0.49:44013|priority:0, 79ee019c-6239-4f85-9f3b-dddcaaaeb0fb|rpc:10.1.0.49:41163|priority:0, cd9cff4b-1bd9-497e-976c-8eec10b9db64|rpc:10.1.0.49:42923|priority:1] returns group-022B701C3610:java.util.concurrent.CompletableFuture@22f95dca[Not completed]
2022-03-07 09:51:54,071 [pool-616-thread-1] INFO  storage.RaftStorageDirectory (RaftStorageDirectoryImpl.java:tryLock(230)) - Lock on /home/runner/work/ozone/ozone/hadoop-ozone/integration-test/target/test-dir/MiniOzoneClusterImpl-4c099742-f0a8-499d-a606-d482764d36d7/datanode-1/data/ratis/110c5adc-eefa-440f-b852-993c76073ec3/in_use.lock acquired by nodename 23420@fv-az291-317
2022-03-07 09:51:54,071 [pool-781-thread-1] INFO  server.RaftServer$Division (RaftServerImpl.java:<init>(184)) - cd9cff4b-1bd9-497e-976c-8eec10b9db64: new RaftServerImpl for group-022B701C3610:[728f99e8-418e-4b00-b2e8-36f688b477dd|rpc:10.1.0.49:44013|priority:0, 79ee019c-6239-4f85-9f3b-dddcaaaeb0fb|rpc:10.1.0.49:41163|priority:0, cd9cff4b-1bd9-497e-976c-8eec10b9db64|rpc:10.1.0.49:42923|priority:1] with ContainerStateMachine:uninitialized
2022-03-07 09:51:54,072 [pool-781-thread-1] INFO  server.RaftServerConfigKeys (ConfUtils.java:logGet(44)) - raft.server.rpc.timeout.min = 5s (custom)
2022-03-07 09:51:54,072 [pool-781-thread-1] INFO  server.RaftServerConfigKeys (ConfUtils.java:logGet(44)) - raft.server.rpc.timeout.max = 5200ms (custom)
2022-03-07 09:51:54,072 [pool-781-thread-1] INFO  server.RaftServerConfigKeys (ConfUtils.java:logGet(44)) - raft.server.rpc.sleep.time = 25ms (default)
2022-03-07 09:51:54,072 [pool-781-thread-1] INFO  server.RaftServerConfigKeys (ConfUtils.java:logGet(44)) - raft.server.rpc.slowness.timeout = 300000ms (custom)
2022-03-07 09:51:54,072 [pool-781-thread-1] INFO  server.RaftServerConfigKeys (ConfUtils.java:logGet(44)) - raft.server.leaderelection.leader.step-down.wait-time = 10s (default)
2022-03-07 09:51:54,072 [pool-781-thread-1] INFO  server.RaftServerConfigKeys (ConfUtils.java:logGet(44)) - raft.server.sleep.deviation.threshold = 300ms (default)
2022-03-07 09:51:54,072 [pool-781-thread-1] INFO  server.RaftServerConfigKeys (ConfUtils.java:logGet(44)) - raft.server.log.appender.install.snapshot.enabled = false (custom)
2022-03-07 09:51:54,072 [pool-781-thread-1] INFO  server.RaftServer$Division (ServerState.java:<init>(105)) - cd9cff4b-1bd9-497e-976c-8eec10b9db64@group-022B701C3610: ConfigurationManager, init=-1: [728f99e8-418e-4b00-b2e8-36f688b477dd|rpc:10.1.0.49:44013|priority:0, 79ee019c-6239-4f85-9f3b-dddcaaaeb0fb|rpc:10.1.0.49:41163|priority:0, cd9cff4b-1bd9-497e-976c-8eec10b9db64|rpc:10.1.0.49:42923|priority:1], old=null, confs=<EMPTY_MAP>
2022-03-07 09:51:54,072 [pool-781-thread-1] INFO  server.RaftServerConfigKeys (ConfUtils.java:logGet(44)) - raft.server.storage.dir = [/home/runner/work/ozone/ozone/hadoop-ozone/integration-test/target/test-dir/MiniOzoneClusterImpl-4c099742-f0a8-499d-a606-d482764d36d7/datanode-2/data/ratis] (custom)
2022-03-07 09:51:54,072 [pool-781-thread-1] INFO  server.RaftServerConfigKeys (ConfUtils.java:logGet(44)) - raft.server.log.corruption.policy = EXCEPTION (default)
2022-03-07 09:51:54,072 [pool-781-thread-1] INFO  server.RaftServerConfigKeys (ConfUtils.java:logGet(44)) - raft.server.storage.free-space.min = 0MB (=0) (default)
2022-03-07 09:51:54,072 [pool-781-thread-1] INFO  storage.RaftStorageDirectory (RaftStorageDirectoryImpl.java:analyzeStorage(135)) - The storage directory /home/runner/work/ozone/ozone/hadoop-ozone/integration-test/target/test-dir/MiniOzoneClusterImpl-4c099742-f0a8-499d-a606-d482764d36d7/datanode-2/data/ratis/b529f8ba-3bf9-49bc-adf3-022b701c3610 does not exist. Creating ...
2022-03-07 09:51:54,072 [pool-616-thread-1] INFO  storage.RaftStorage (RaftStorageImpl.java:format(89)) - Storage directory /home/runner/work/ozone/ozone/hadoop-ozone/integration-test/target/test-dir/MiniOzoneClusterImpl-4c099742-f0a8-499d-a606-d482764d36d7/datanode-1/data/ratis/110c5adc-eefa-440f-b852-993c76073ec3 has been successfully formatted.
2022-03-07 09:51:54,073 [pool-616-thread-1] INFO  ratis.ContainerStateMachine (ContainerStateMachine.java:loadSnapshot(236)) - group-993C76073EC3: The snapshot info is null. Setting the last applied indexto:(t:0, i:~)
2022-03-07 09:51:54,073 [pool-616-thread-1] INFO  server.RaftServerConfigKeys (ConfUtils.java:logGet(44)) - raft.server.notification.no-leader.timeout = 300000ms (custom)
2022-03-07 09:51:54,073 [pool-616-thread-1] INFO  server.RaftServerConfigKeys (ConfUtils.java:logGet(44)) - raft.server.log.use.memory = false (default)
2022-03-07 09:51:54,073 [pool-616-thread-1] INFO  server.RaftServerConfigKeys (ConfUtils.java:logGet(44)) - raft.server.log.purge.gap = 1000000 (custom)
2022-03-07 09:51:54,073 [pool-616-thread-1] INFO  server.RaftServerConfigKeys (ConfUtils.java:logGet(44)) - raft.server.log.appender.buffer.byte-limit = 33554432 (custom)
2022-03-07 09:51:54,073 [pool-616-thread-1] INFO  server.RaftServerConfigKeys (ConfUtils.java:logGet(44)) - raft.server.log.segment.size.max = 1048576 (custom)
2022-03-07 09:51:54,073 [pool-616-thread-1] INFO  server.RaftServerConfigKeys (ConfUtils.java:logGet(44)) - raft.server.log.segment.cache.num.max = 2 (custom)
2022-03-07 09:51:54,074 [pool-616-thread-1] INFO  server.RaftServerConfigKeys (ConfUtils.java:logGet(44)) - raft.server.log.segment.cache.size.max = 200MB (=209715200) (default)
2022-03-07 09:51:54,074 [pool-616-thread-1] INFO  segmented.SegmentedRaftLogWorker (SegmentedRaftLogWorker.java:<init>(182)) - new 616d314c-ba0d-49c9-8f1d-797448dad8fd@group-993C76073EC3-SegmentedRaftLogWorker for RaftStorageImpl:Storage Directory /home/runner/work/ozone/ozone/hadoop-ozone/integration-test/target/test-dir/MiniOzoneClusterImpl-4c099742-f0a8-499d-a606-d482764d36d7/datanode-1/data/ratis/110c5adc-eefa-440f-b852-993c76073ec3
2022-03-07 09:51:54,074 [pool-616-thread-1] INFO  server.RaftServerConfigKeys (ConfUtils.java:logGet(44)) - raft.server.log.queue.byte-limit = 4294967296 (custom)
2022-03-07 09:51:54,074 [pool-616-thread-1] INFO  server.RaftServerConfigKeys (ConfUtils.java:logGet(44)) - raft.server.log.queue.element-limit = 1024 (custom)
2022-03-07 09:51:54,074 [pool-616-thread-1] INFO  server.RaftServerConfigKeys (ConfUtils.java:logGet(44)) - raft.server.log.segment.size.max = 1048576 (custom)
2022-03-07 09:51:54,074 [pool-616-thread-1] INFO  server.RaftServerConfigKeys (ConfUtils.java:logGet(44)) - raft.server.log.preallocated.size = 16384 (custom)
2022-03-07 09:51:54,074 [pool-616-thread-1] INFO  server.RaftServerConfigKeys (ConfUtils.java:logGet(44)) - raft.server.log.force.sync.num = 128 (default)
2022-03-07 09:51:54,074 [pool-616-thread-1] INFO  server.RaftServerConfigKeys (ConfUtils.java:logGet(44)) - raft.server.log.statemachine.data.sync = true (default)
2022-03-07 09:51:54,074 [pool-616-thread-1] INFO  server.RaftServerConfigKeys (ConfUtils.java:logGet(44)) - raft.server.log.statemachine.data.sync.timeout = 10s (default)
2022-03-07 09:51:54,074 [pool-616-thread-1] INFO  server.RaftServerConfigKeys (ConfUtils.java:logGet(44)) - raft.server.log.statemachine.data.sync.timeout.retry = -1 (default)
2022-03-07 09:51:54,075 [pool-616-thread-1] INFO  server.RaftServerConfigKeys (ConfUtils.java:logGet(44)) - raft.server.log.write.buffer.size = 1048576 (custom)
2022-03-07 09:51:54,075 [pool-616-thread-1] INFO  server.RaftServerConfigKeys (ConfUtils.java:logGet(44)) - raft.server.log.statemachine.data.caching.enabled = true (custom)
2022-03-07 09:51:54,075 [pool-616-thread-1] INFO  segmented.SegmentedRaftLogWorker (SegmentedRaftLogWorker.java:lambda$new$0(133)) - 616d314c-ba0d-49c9-8f1d-797448dad8fd@group-993C76073EC3-SegmentedRaftLogWorker: flushIndex: setUnconditionally 0 -> -1
2022-03-07 09:51:54,075 [pool-616-thread-1] INFO  segmented.SegmentedRaftLogWorker (SegmentedRaftLogWorker.java:lambda$new$0(133)) - 616d314c-ba0d-49c9-8f1d-797448dad8fd@group-993C76073EC3-SegmentedRaftLogWorker: safeCacheEvictIndex: setUnconditionally 0 -> -1
2022-03-07 09:51:54,077 [pool-781-thread-1] INFO  storage.RaftStorageDirectory (RaftStorageDirectoryImpl.java:tryLock(230)) - Lock on /home/runner/work/ozone/ozone/hadoop-ozone/integration-test/target/test-dir/MiniOzoneClusterImpl-4c099742-f0a8-499d-a606-d482764d36d7/datanode-2/data/ratis/b529f8ba-3bf9-49bc-adf3-022b701c3610/in_use.lock acquired by nodename 23420@fv-az291-317
2022-03-07 09:51:54,079 [pool-616-thread-1] INFO  server.RaftServerConfigKeys (ConfUtils.java:logGet(44)) - raft.server.snapshot.auto.trigger.enabled = true (custom)
2022-03-07 09:51:54,079 [pool-616-thread-1] INFO  server.RaftServerConfigKeys (ConfUtils.java:logGet(44)) - raft.server.snapshot.auto.trigger.threshold = 10000 (custom)
2022-03-07 09:51:54,079 [pool-616-thread-1] INFO  server.RaftServerConfigKeys (ConfUtils.java:logGet(44)) - raft.server.snapshot.retention.file.num = 5 (custom)
2022-03-07 09:51:54,079 [pool-616-thread-1] INFO  server.RaftServerConfigKeys (ConfUtils.java:logGet(44)) - raft.server.log.purge.upto.snapshot.index = false (default)
2022-03-07 09:51:54,079 [pool-616-thread-1] INFO  server.RaftServerConfigKeys (ConfUtils.java:logGet(44)) - raft.server.retrycache.expirytime = 600000ms (custom)
2022-03-07 09:51:54,079 [pool-616-thread-1] INFO  server.RaftServerConfigKeys (ConfUtils.java:logGet(44)) - raft.server.retrycache.statistics.expirytime = 100μs (default)
2022-03-07 09:51:54,081 [pool-616-thread-1] INFO  server.RaftServer$Division (RaftServerImpl.java:start(301)) - 616d314c-ba0d-49c9-8f1d-797448dad8fd@group-993C76073EC3: start as a follower, conf=-1: [728f99e8-418e-4b00-b2e8-36f688b477dd|rpc:10.1.0.49:44013|priority:0, 616d314c-ba0d-49c9-8f1d-797448dad8fd|rpc:10.1.0.49:39129|priority:1, 79ee019c-6239-4f85-9f3b-dddcaaaeb0fb|rpc:10.1.0.49:41163|priority:0], old=null
2022-03-07 09:51:54,081 [pool-616-thread-1] INFO  server.RaftServer$Division (RaftServerImpl.java:setRole(290)) - 616d314c-ba0d-49c9-8f1d-797448dad8fd@group-993C76073EC3: changes role from      null to FOLLOWER at term 0 for startAsFollower
2022-03-07 09:51:54,081 [pool-616-thread-1] INFO  impl.RoleInfo (RoleInfo.java:updateAndGet(130)) - 616d314c-ba0d-49c9-8f1d-797448dad8fd: start 616d314c-ba0d-49c9-8f1d-797448dad8fd@group-993C76073EC3-FollowerState
2022-03-07 09:51:54,081 [pool-616-thread-1] INFO  util.JmxRegister (JmxRegister.java:tryRegister(44)) - Successfully registered JMX Bean with object name Ratis:service=RaftServer,group=group-993C76073EC3,id=616d314c-ba0d-49c9-8f1d-797448dad8fd
2022-03-07 09:51:54,081 [pool-781-thread-1] INFO  storage.RaftStorage (RaftStorageImpl.java:format(89)) - Storage directory /home/runner/work/ozone/ozone/hadoop-ozone/integration-test/target/test-dir/MiniOzoneClusterImpl-4c099742-f0a8-499d-a606-d482764d36d7/datanode-2/data/ratis/b529f8ba-3bf9-49bc-adf3-022b701c3610 has been successfully formatted.
2022-03-07 09:51:54,082 [pool-781-thread-1] INFO  ratis.ContainerStateMachine (ContainerStateMachine.java:loadSnapshot(236)) - group-022B701C3610: The snapshot info is null. Setting the last applied indexto:(t:0, i:~)
2022-03-07 09:51:54,082 [pool-781-thread-1] INFO  server.RaftServerConfigKeys (ConfUtils.java:logGet(44)) - raft.server.notification.no-leader.timeout = 300000ms (custom)
2022-03-07 09:51:54,082 [pool-781-thread-1] INFO  server.RaftServerConfigKeys (ConfUtils.java:logGet(44)) - raft.server.log.use.memory = false (default)
2022-03-07 09:51:54,082 [pool-781-thread-1] INFO  server.RaftServerConfigKeys (ConfUtils.java:logGet(44)) - raft.server.log.purge.gap = 1000000 (custom)
2022-03-07 09:51:54,082 [pool-781-thread-1] INFO  server.RaftServerConfigKeys (ConfUtils.java:logGet(44)) - raft.server.log.appender.buffer.byte-limit = 33554432 (custom)
2022-03-07 09:51:54,082 [pool-781-thread-1] INFO  server.RaftServerConfigKeys (ConfUtils.java:logGet(44)) - raft.server.log.segment.size.max = 1048576 (custom)
2022-03-07 09:51:54,083 [pool-781-thread-1] INFO  server.RaftServerConfigKeys (ConfUtils.java:logGet(44)) - raft.server.log.segment.cache.num.max = 2 (custom)
2022-03-07 09:51:54,083 [pool-781-thread-1] INFO  server.RaftServerConfigKeys (ConfUtils.java:logGet(44)) - raft.server.log.segment.cache.size.max = 200MB (=209715200) (default)
2022-03-07 09:51:54,083 [pool-781-thread-1] INFO  segmented.SegmentedRaftLogWorker (SegmentedRaftLogWorker.java:<init>(182)) - new cd9cff4b-1bd9-497e-976c-8eec10b9db64@group-022B701C3610-SegmentedRaftLogWorker for RaftStorageImpl:Storage Directory /home/runner/work/ozone/ozone/hadoop-ozone/integration-test/target/test-dir/MiniOzoneClusterImpl-4c099742-f0a8-499d-a606-d482764d36d7/datanode-2/data/ratis/b529f8ba-3bf9-49bc-adf3-022b701c3610
2022-03-07 09:51:54,083 [pool-781-thread-1] INFO  server.RaftServerConfigKeys (ConfUtils.java:logGet(44)) - raft.server.log.queue.byte-limit = 4294967296 (custom)
2022-03-07 09:51:54,083 [pool-781-thread-1] INFO  server.RaftServerConfigKeys (ConfUtils.java:logGet(44)) - raft.server.log.queue.element-limit = 1024 (custom)
2022-03-07 09:51:54,083 [pool-781-thread-1] INFO  server.RaftServerConfigKeys (ConfUtils.java:logGet(44)) - raft.server.log.segment.size.max = 1048576 (custom)
2022-03-07 09:51:54,083 [pool-781-thread-1] INFO  server.RaftServerConfigKeys (ConfUtils.java:logGet(44)) - raft.server.log.preallocated.size = 16384 (custom)
2022-03-07 09:51:54,083 [pool-781-thread-1] INFO  server.RaftServerConfigKeys (ConfUtils.java:logGet(44)) - raft.server.log.force.sync.num = 128 (default)
2022-03-07 09:51:54,083 [pool-781-thread-1] INFO  server.RaftServerConfigKeys (ConfUtils.java:logGet(44)) - raft.server.log.statemachine.data.sync = true (default)
2022-03-07 09:51:54,083 [pool-781-thread-1] INFO  server.RaftServerConfigKeys (ConfUtils.java:logGet(44)) - raft.server.log.statemachine.data.sync.timeout = 10s (default)
2022-03-07 09:51:54,083 [pool-781-thread-1] INFO  server.RaftServerConfigKeys (ConfUtils.java:logGet(44)) - raft.server.log.statemachine.data.sync.timeout.retry = -1 (default)
2022-03-07 09:51:54,088 [pool-781-thread-1] INFO  server.RaftServerConfigKeys (ConfUtils.java:logGet(44)) - raft.server.log.write.buffer.size = 1048576 (custom)
2022-03-07 09:51:54,089 [pool-781-thread-1] INFO  server.RaftServerConfigKeys (ConfUtils.java:logGet(44)) - raft.server.log.statemachine.data.caching.enabled = true (custom)
2022-03-07 09:51:54,097 [pool-781-thread-1] INFO  segmented.SegmentedRaftLogWorker (SegmentedRaftLogWorker.java:lambda$new$0(133)) - cd9cff4b-1bd9-497e-976c-8eec10b9db64@group-022B701C3610-SegmentedRaftLogWorker: flushIndex: setUnconditionally 0 -> -1
2022-03-07 09:51:54,097 [pool-781-thread-1] INFO  segmented.SegmentedRaftLogWorker (SegmentedRaftLogWorker.java:lambda$new$0(133)) - cd9cff4b-1bd9-497e-976c-8eec10b9db64@group-022B701C3610-SegmentedRaftLogWorker: safeCacheEvictIndex: setUnconditionally 0 -> -1
2022-03-07 09:51:54,102 [pool-781-thread-1] INFO  server.RaftServerConfigKeys (ConfUtils.java:logGet(44)) - raft.server.snapshot.auto.trigger.enabled = true (custom)
2022-03-07 09:51:54,102 [pool-781-thread-1] INFO  server.RaftServerConfigKeys (ConfUtils.java:logGet(44)) - raft.server.snapshot.auto.trigger.threshold = 10000 (custom)
2022-03-07 09:51:54,102 [pool-781-thread-1] INFO  server.RaftServerConfigKeys (ConfUtils.java:logGet(44)) - raft.server.snapshot.retention.file.num = 5 (custom)
2022-03-07 09:51:54,102 [pool-781-thread-1] INFO  server.RaftServerConfigKeys (ConfUtils.java:logGet(44)) - raft.server.log.purge.upto.snapshot.index = false (default)
2022-03-07 09:51:54,102 [pool-781-thread-1] INFO  server.RaftServerConfigKeys (ConfUtils.java:logGet(44)) - raft.server.retrycache.expirytime = 600000ms (custom)
2022-03-07 09:51:54,102 [pool-781-thread-1] INFO  server.RaftServerConfigKeys (ConfUtils.java:logGet(44)) - raft.server.retrycache.statistics.expirytime = 100μs (default)
2022-03-07 09:51:54,103 [pool-781-thread-1] INFO  server.RaftServer$Division (RaftServerImpl.java:start(301)) - cd9cff4b-1bd9-497e-976c-8eec10b9db64@group-022B701C3610: start as a follower, conf=-1: [728f99e8-418e-4b00-b2e8-36f688b477dd|rpc:10.1.0.49:44013|priority:0, 79ee019c-6239-4f85-9f3b-dddcaaaeb0fb|rpc:10.1.0.49:41163|priority:0, cd9cff4b-1bd9-497e-976c-8eec10b9db64|rpc:10.1.0.49:42923|priority:1], old=null
2022-03-07 09:51:54,111 [pool-781-thread-1] INFO  server.RaftServer$Division (RaftServerImpl.java:setRole(290)) - cd9cff4b-1bd9-497e-976c-8eec10b9db64@group-022B701C3610: changes role from      null to FOLLOWER at term 0 for startAsFollower
2022-03-07 09:51:54,111 [pool-781-thread-1] INFO  impl.RoleInfo (RoleInfo.java:updateAndGet(130)) - cd9cff4b-1bd9-497e-976c-8eec10b9db64: start cd9cff4b-1bd9-497e-976c-8eec10b9db64@group-022B701C3610-FollowerState
2022-03-07 09:51:54,111 [pool-781-thread-1] INFO  util.JmxRegister (JmxRegister.java:tryRegister(44)) - Successfully registered JMX Bean with object name Ratis:service=RaftServer,group=group-022B701C3610,id=cd9cff4b-1bd9-497e-976c-8eec10b9db64
2022-03-07 09:51:54,112 [Command processor thread] INFO  ratis.XceiverServerRatis (XceiverServerRatis.java:addGroup(769)) - Created group PipelineID=110c5adc-eefa-440f-b852-993c76073ec3
2022-03-07 09:51:54,114 [Command processor thread] INFO  ratis.XceiverServerRatis (XceiverServerRatis.java:addGroup(769)) - Created group PipelineID=b529f8ba-3bf9-49bc-adf3-022b701c3610
2022-03-07 09:51:54,124 [grpc-default-executor-2] INFO  server.RaftServer (RaftServerProxy.java:addNew(95)) - 79ee019c-6239-4f85-9f3b-dddcaaaeb0fb: addNew group-022B701C3610:[728f99e8-418e-4b00-b2e8-36f688b477dd|rpc:10.1.0.49:44013|dataStream:|priority:0, 79ee019c-6239-4f85-9f3b-dddcaaaeb0fb|rpc:10.1.0.49:41163|dataStream:|priority:0, cd9cff4b-1bd9-497e-976c-8eec10b9db64|rpc:10.1.0.49:42923|dataStream:|priority:1] returns group-022B701C3610:java.util.concurrent.CompletableFuture@51f0d94d[Not completed]
2022-03-07 09:51:54,125 [pool-721-thread-1] INFO  server.RaftServer$Division (RaftServerImpl.java:<init>(184)) - 79ee019c-6239-4f85-9f3b-dddcaaaeb0fb: new RaftServerImpl for group-022B701C3610:[728f99e8-418e-4b00-b2e8-36f688b477dd|rpc:10.1.0.49:44013|dataStream:|priority:0, 79ee019c-6239-4f85-9f3b-dddcaaaeb0fb|rpc:10.1.0.49:41163|dataStream:|priority:0, cd9cff4b-1bd9-497e-976c-8eec10b9db64|rpc:10.1.0.49:42923|dataStream:|priority:1] with ContainerStateMachine:uninitialized
2022-03-07 09:51:54,125 [pool-721-thread-1] INFO  server.RaftServerConfigKeys (ConfUtils.java:logGet(44)) - raft.server.rpc.timeout.min = 5s (custom)
2022-03-07 09:51:54,125 [pool-721-thread-1] INFO  server.RaftServerConfigKeys (ConfUtils.java:logGet(44)) - raft.server.rpc.timeout.max = 5200ms (custom)
2022-03-07 09:51:54,125 [pool-721-thread-1] INFO  server.RaftServerConfigKeys (ConfUtils.java:logGet(44)) - raft.server.rpc.sleep.time = 25ms (default)
2022-03-07 09:51:54,125 [pool-721-thread-1] INFO  server.RaftServerConfigKeys (ConfUtils.java:logGet(44)) - raft.server.rpc.slowness.timeout = 300000ms (custom)
2022-03-07 09:51:54,125 [pool-721-thread-1] INFO  server.RaftServerConfigKeys (ConfUtils.java:logGet(44)) - raft.server.leaderelection.leader.step-down.wait-time = 10s (default)
2022-03-07 09:51:54,125 [pool-721-thread-1] INFO  server.RaftServerConfigKeys (ConfUtils.java:logGet(44)) - raft.server.sleep.deviation.threshold = 300ms (default)
2022-03-07 09:51:54,125 [pool-721-thread-1] INFO  server.RaftServerConfigKeys (ConfUtils.java:logGet(44)) - raft.server.log.appender.install.snapshot.enabled = false (custom)
2022-03-07 09:51:54,125 [pool-721-thread-1] INFO  server.RaftServer$Division (ServerState.java:<init>(105)) - 79ee019c-6239-4f85-9f3b-dddcaaaeb0fb@group-022B701C3610: ConfigurationManager, init=-1: [728f99e8-418e-4b00-b2e8-36f688b477dd|rpc:10.1.0.49:44013|dataStream:|priority:0, 79ee019c-6239-4f85-9f3b-dddcaaaeb0fb|rpc:10.1.0.49:41163|dataStream:|priority:0, cd9cff4b-1bd9-497e-976c-8eec10b9db64|rpc:10.1.0.49:42923|dataStream:|priority:1], old=null, confs=<EMPTY_MAP>
2022-03-07 09:51:54,125 [pool-721-thread-1] INFO  server.RaftServerConfigKeys (ConfUtils.java:logGet(44)) - raft.server.storage.dir = [/home/runner/work/ozone/ozone/hadoop-ozone/integration-test/target/test-dir/MiniOzoneClusterImpl-4c099742-f0a8-499d-a606-d482764d36d7/datanode-6/data/ratis] (custom)
2022-03-07 09:51:54,125 [pool-721-thread-1] INFO  server.RaftServerConfigKeys (ConfUtils.java:logGet(44)) - raft.server.log.corruption.policy = EXCEPTION (default)
2022-03-07 09:51:54,125 [pool-721-thread-1] INFO  server.RaftServerConfigKeys (ConfUtils.java:logGet(44)) - raft.server.storage.free-space.min = 0MB (=0) (default)
2022-03-07 09:51:54,125 [pool-721-thread-1] INFO  storage.RaftStorageDirectory (RaftStorageDirectoryImpl.java:analyzeStorage(135)) - The storage directory /home/runner/work/ozone/ozone/hadoop-ozone/integration-test/target/test-dir/MiniOzoneClusterImpl-4c099742-f0a8-499d-a606-d482764d36d7/datanode-6/data/ratis/b529f8ba-3bf9-49bc-adf3-022b701c3610 does not exist. Creating ...
2022-03-07 09:51:54,128 [Command processor thread] INFO  ratis.XceiverServerRatis (XceiverServerRatis.java:addGroup(769)) - Created group PipelineID=110c5adc-eefa-440f-b852-993c76073ec3
2022-03-07 09:51:54,130 [pool-721-thread-1] INFO  storage.RaftStorageDirectory (RaftStorageDirectoryImpl.java:tryLock(230)) - Lock on /home/runner/work/ozone/ozone/hadoop-ozone/integration-test/target/test-dir/MiniOzoneClusterImpl-4c099742-f0a8-499d-a606-d482764d36d7/datanode-6/data/ratis/b529f8ba-3bf9-49bc-adf3-022b701c3610/in_use.lock acquired by nodename 23420@fv-az291-317
2022-03-07 09:51:54,134 [pool-721-thread-1] INFO  storage.RaftStorage (RaftStorageImpl.java:format(89)) - Storage directory /home/runner/work/ozone/ozone/hadoop-ozone/integration-test/target/test-dir/MiniOzoneClusterImpl-4c099742-f0a8-499d-a606-d482764d36d7/datanode-6/data/ratis/b529f8ba-3bf9-49bc-adf3-022b701c3610 has been successfully formatted.
2022-03-07 09:51:54,135 [grpc-default-executor-2] INFO  server.RaftServer (RaftServerProxy.java:addNew(95)) - 79ee019c-6239-4f85-9f3b-dddcaaaeb0fb: addNew group-993C76073EC3:[728f99e8-418e-4b00-b2e8-36f688b477dd|rpc:10.1.0.49:44013|dataStream:|priority:0, 616d314c-ba0d-49c9-8f1d-797448dad8fd|rpc:10.1.0.49:39129|dataStream:|priority:1, 79ee019c-6239-4f85-9f3b-dddcaaaeb0fb|rpc:10.1.0.49:41163|dataStream:|priority:0] returns group-993C76073EC3:java.util.concurrent.CompletableFuture@1850e750[Not completed]
2022-03-07 09:51:54,169 [pool-721-thread-1] INFO  ratis.ContainerStateMachine (ContainerStateMachine.java:loadSnapshot(236)) - group-022B701C3610: The snapshot info is null. Setting the last applied indexto:(t:0, i:~)
2022-03-07 09:51:54,169 [pool-721-thread-1] INFO  server.RaftServerConfigKeys (ConfUtils.java:logGet(44)) - raft.server.notification.no-leader.timeout = 300000ms (custom)
2022-03-07 09:51:54,169 [pool-721-thread-1] INFO  server.RaftServerConfigKeys (ConfUtils.java:logGet(44)) - raft.server.log.use.memory = false (default)
2022-03-07 09:51:54,170 [pool-721-thread-1] INFO  server.RaftServerConfigKeys (ConfUtils.java:logGet(44)) - raft.server.log.purge.gap = 1000000 (custom)
2022-03-07 09:51:54,170 [pool-721-thread-1] INFO  server.RaftServerConfigKeys (ConfUtils.java:logGet(44)) - raft.server.log.appender.buffer.byte-limit = 33554432 (custom)
2022-03-07 09:51:54,170 [pool-721-thread-1] INFO  server.RaftServerConfigKeys (ConfUtils.java:logGet(44)) - raft.server.log.segment.size.max = 1048576 (custom)
2022-03-07 09:51:54,170 [pool-721-thread-1] INFO  server.RaftServerConfigKeys (ConfUtils.java:logGet(44)) - raft.server.log.segment.cache.num.max = 2 (custom)
2022-03-07 09:51:54,170 [pool-721-thread-1] INFO  server.RaftServerConfigKeys (ConfUtils.java:logGet(44)) - raft.server.log.segment.cache.size.max = 200MB (=209715200) (default)
2022-03-07 09:51:54,170 [pool-721-thread-1] INFO  segmented.SegmentedRaftLogWorker (SegmentedRaftLogWorker.java:<init>(182)) - new 79ee019c-6239-4f85-9f3b-dddcaaaeb0fb@group-022B701C3610-SegmentedRaftLogWorker for RaftStorageImpl:Storage Directory /home/runner/work/ozone/ozone/hadoop-ozone/integration-test/target/test-dir/MiniOzoneClusterImpl-4c099742-f0a8-499d-a606-d482764d36d7/datanode-6/data/ratis/b529f8ba-3bf9-49bc-adf3-022b701c3610
2022-03-07 09:51:54,170 [pool-721-thread-1] INFO  server.RaftServerConfigKeys (ConfUtils.java:logGet(44)) - raft.server.log.queue.byte-limit = 4294967296 (custom)
2022-03-07 09:51:54,170 [pool-721-thread-1] INFO  server.RaftServerConfigKeys (ConfUtils.java:logGet(44)) - raft.server.log.queue.element-limit = 1024 (custom)
2022-03-07 09:51:54,170 [pool-721-thread-1] INFO  server.RaftServerConfigKeys (ConfUtils.java:logGet(44)) - raft.server.log.segment.size.max = 1048576 (custom)
2022-03-07 09:51:54,170 [pool-721-thread-1] INFO  server.RaftServerConfigKeys (ConfUtils.java:logGet(44)) - raft.server.log.preallocated.size = 16384 (custom)
2022-03-07 09:51:54,170 [pool-721-thread-1] INFO  server.RaftServerConfigKeys (ConfUtils.java:logGet(44)) - raft.server.log.force.sync.num = 128 (default)
2022-03-07 09:51:54,170 [pool-721-thread-1] INFO  server.RaftServerConfigKeys (ConfUtils.java:logGet(44)) - raft.server.log.statemachine.data.sync = true (default)
2022-03-07 09:51:54,170 [pool-721-thread-1] INFO  server.RaftServerConfigKeys (ConfUtils.java:logGet(44)) - raft.server.log.statemachine.data.sync.timeout = 10s (default)
2022-03-07 09:51:54,170 [pool-721-thread-1] INFO  server.RaftServerConfigKeys (ConfUtils.java:logGet(44)) - raft.server.log.statemachine.data.sync.timeout.retry = -1 (default)
2022-03-07 09:51:54,171 [pool-721-thread-1] INFO  server.RaftServerConfigKeys (ConfUtils.java:logGet(44)) - raft.server.log.write.buffer.size = 1048576 (custom)
2022-03-07 09:51:54,180 [pool-721-thread-1] INFO  server.RaftServerConfigKeys (ConfUtils.java:logGet(44)) - raft.server.log.statemachine.data.caching.enabled = true (custom)
2022-03-07 09:51:54,180 [pool-721-thread-1] INFO  segmented.SegmentedRaftLogWorker (SegmentedRaftLogWorker.java:lambda$new$0(133)) - 79ee019c-6239-4f85-9f3b-dddcaaaeb0fb@group-022B701C3610-SegmentedRaftLogWorker: flushIndex: setUnconditionally 0 -> -1
2022-03-07 09:51:54,180 [pool-721-thread-1] INFO  segmented.SegmentedRaftLogWorker (SegmentedRaftLogWorker.java:lambda$new$0(133)) - 79ee019c-6239-4f85-9f3b-dddcaaaeb0fb@group-022B701C3610-SegmentedRaftLogWorker: safeCacheEvictIndex: setUnconditionally 0 -> -1
2022-03-07 09:51:54,195 [pool-721-thread-1] INFO  server.RaftServerConfigKeys (ConfUtils.java:logGet(44)) - raft.server.snapshot.auto.trigger.enabled = true (custom)
2022-03-07 09:51:54,195 [pool-721-thread-1] INFO  server.RaftServerConfigKeys (ConfUtils.java:logGet(44)) - raft.server.snapshot.auto.trigger.threshold = 10000 (custom)
2022-03-07 09:51:54,195 [pool-721-thread-1] INFO  server.RaftServerConfigKeys (ConfUtils.java:logGet(44)) - raft.server.snapshot.retention.file.num = 5 (custom)
2022-03-07 09:51:54,195 [pool-721-thread-1] INFO  server.RaftServerConfigKeys (ConfUtils.java:logGet(44)) - raft.server.log.purge.upto.snapshot.index = false (default)
2022-03-07 09:51:54,195 [pool-721-thread-1] INFO  server.RaftServerConfigKeys (ConfUtils.java:logGet(44)) - raft.server.retrycache.expirytime = 600000ms (custom)
2022-03-07 09:51:54,195 [pool-721-thread-1] INFO  server.RaftServerConfigKeys (ConfUtils.java:logGet(44)) - raft.server.retrycache.statistics.expirytime = 100μs (default)
2022-03-07 09:51:54,201 [pool-721-thread-1] INFO  server.RaftServer$Division (RaftServerImpl.java:<init>(184)) - 79ee019c-6239-4f85-9f3b-dddcaaaeb0fb: new RaftServerImpl for group-993C76073EC3:[728f99e8-418e-4b00-b2e8-36f688b477dd|rpc:10.1.0.49:44013|dataStream:|priority:0, 616d314c-ba0d-49c9-8f1d-797448dad8fd|rpc:10.1.0.49:39129|dataStream:|priority:1, 79ee019c-6239-4f85-9f3b-dddcaaaeb0fb|rpc:10.1.0.49:41163|dataStream:|priority:0] with ContainerStateMachine:uninitialized
2022-03-07 09:51:54,201 [pool-721-thread-1] INFO  server.RaftServerConfigKeys (ConfUtils.java:logGet(44)) - raft.server.rpc.timeout.min = 5s (custom)
2022-03-07 09:51:54,201 [pool-721-thread-1] INFO  server.RaftServerConfigKeys (ConfUtils.java:logGet(44)) - raft.server.rpc.timeout.max = 5200ms (custom)
2022-03-07 09:51:54,201 [pool-721-thread-1] INFO  server.RaftServerConfigKeys (ConfUtils.java:logGet(44)) - raft.server.rpc.sleep.time = 25ms (default)
2022-03-07 09:51:54,201 [pool-721-thread-1] INFO  server.RaftServerConfigKeys (ConfUtils.java:logGet(44)) - raft.server.rpc.slowness.timeout = 300000ms (custom)
2022-03-07 09:51:54,201 [pool-721-thread-1] INFO  server.RaftServerConfigKeys (ConfUtils.java:logGet(44)) - raft.server.leaderelection.leader.step-down.wait-time = 10s (default)
2022-03-07 09:51:54,201 [pool-721-thread-1] INFO  server.RaftServerConfigKeys (ConfUtils.java:logGet(44)) - raft.server.sleep.deviation.threshold = 300ms (default)
2022-03-07 09:51:54,201 [pool-721-thread-1] INFO  server.RaftServerConfigKeys (ConfUtils.java:logGet(44)) - raft.server.log.appender.install.snapshot.enabled = false (custom)
2022-03-07 09:51:54,202 [pool-721-thread-1] INFO  server.RaftServer$Division (ServerState.java:<init>(105)) - 79ee019c-6239-4f85-9f3b-dddcaaaeb0fb@group-993C76073EC3: ConfigurationManager, init=-1: [728f99e8-418e-4b00-b2e8-36f688b477dd|rpc:10.1.0.49:44013|dataStream:|priority:0, 616d314c-ba0d-49c9-8f1d-797448dad8fd|rpc:10.1.0.49:39129|dataStream:|priority:1, 79ee019c-6239-4f85-9f3b-dddcaaaeb0fb|rpc:10.1.0.49:41163|dataStream:|priority:0], old=null, confs=<EMPTY_MAP>
2022-03-07 09:51:54,202 [pool-721-thread-1] INFO  server.RaftServerConfigKeys (ConfUtils.java:logGet(44)) - raft.server.storage.dir = [/home/runner/work/ozone/ozone/hadoop-ozone/integration-test/target/test-dir/MiniOzoneClusterImpl-4c099742-f0a8-499d-a606-d482764d36d7/datanode-6/data/ratis] (custom)
2022-03-07 09:51:54,202 [pool-721-thread-1] INFO  server.RaftServerConfigKeys (ConfUtils.java:logGet(44)) - raft.server.log.corruption.policy = EXCEPTION (default)
2022-03-07 09:51:54,202 [pool-721-thread-1] INFO  server.RaftServerConfigKeys (ConfUtils.java:logGet(44)) - raft.server.storage.free-space.min = 0MB (=0) (default)
2022-03-07 09:51:54,202 [pool-721-thread-1] INFO  storage.RaftStorageDirectory (RaftStorageDirectoryImpl.java:analyzeStorage(135)) - The storage directory /home/runner/work/ozone/ozone/hadoop-ozone/integration-test/target/test-dir/MiniOzoneClusterImpl-4c099742-f0a8-499d-a606-d482764d36d7/datanode-6/data/ratis/110c5adc-eefa-440f-b852-993c76073ec3 does not exist. Creating ...
2022-03-07 09:51:54,207 [Listener at 127.0.0.1/40579] INFO  ozone.MiniOzoneClusterImpl (MiniOzoneClusterImpl.java:shutdown(449)) - Shutting down the Mini Ozone Cluster
2022-03-07 09:51:54,207 [Listener at 127.0.0.1/40579] INFO  ozone.MiniOzoneClusterImpl (MiniOzoneClusterImpl.java:stop(464)) - Stopping the Mini Ozone Cluster
2022-03-07 09:51:54,207 [Listener at 127.0.0.1/40579] INFO  ozone.MiniOzoneClusterImpl (MiniOzoneClusterImpl.java:stopOM(546)) - Stopping the OzoneManager
2022-03-07 09:51:54,207 [Listener at 127.0.0.1/40579] INFO  om.OzoneManager (OzoneManager.java:stop(1893)) - om1[localhost:0]: Stopping Ozone Manager
2022-03-07 09:51:54,207 [Listener at 127.0.0.1/40579] INFO  ipc.Server (Server.java:stop(3414)) - Stopping server on 40579
2022-03-07 09:51:54,224 [pool-721-thread-1] INFO  storage.RaftStorageDirectory (RaftStorageDirectoryImpl.java:tryLock(230)) - Lock on /home/runner/work/ozone/ozone/hadoop-ozone/integration-test/target/test-dir/MiniOzoneClusterImpl-4c099742-f0a8-499d-a606-d482764d36d7/datanode-6/data/ratis/110c5adc-eefa-440f-b852-993c76073ec3/in_use.lock acquired by nodename 23420@fv-az291-317
2022-03-07 09:51:54,227 [pool-721-thread-1] INFO  storage.RaftStorage (RaftStorageImpl.java:format(89)) - Storage directory /home/runner/work/ozone/ozone/hadoop-ozone/integration-test/target/test-dir/MiniOzoneClusterImpl-4c099742-f0a8-499d-a606-d482764d36d7/datanode-6/data/ratis/110c5adc-eefa-440f-b852-993c76073ec3 has been successfully formatted.
2022-03-07 09:51:54,227 [pool-721-thread-1] INFO  ratis.ContainerStateMachine (ContainerStateMachine.java:loadSnapshot(236)) - group-993C76073EC3: The snapshot info is null. Setting the last applied indexto:(t:0, i:~)
2022-03-07 09:51:54,228 [pool-721-thread-1] INFO  server.RaftServerConfigKeys (ConfUtils.java:logGet(44)) - raft.server.notification.no-leader.timeout = 300000ms (custom)
2022-03-07 09:51:54,228 [pool-721-thread-1] INFO  server.RaftServerConfigKeys (ConfUtils.java:logGet(44)) - raft.server.log.use.memory = false (default)
2022-03-07 09:51:54,228 [pool-721-thread-1] INFO  server.RaftServerConfigKeys (ConfUtils.java:logGet(44)) - raft.server.log.purge.gap = 1000000 (custom)
2022-03-07 09:51:54,228 [pool-721-thread-1] INFO  server.RaftServerConfigKeys (ConfUtils.java:logGet(44)) - raft.server.log.appender.buffer.byte-limit = 33554432 (custom)
2022-03-07 09:51:54,229 [pool-721-thread-1] INFO  server.RaftServerConfigKeys (ConfUtils.java:logGet(44)) - raft.server.log.segment.size.max = 1048576 (custom)
2022-03-07 09:51:54,229 [pool-721-thread-1] INFO  server.RaftServerConfigKeys (ConfUtils.java:logGet(44)) - raft.server.log.segment.cache.num.max = 2 (custom)
2022-03-07 09:51:54,235 [pool-721-thread-1] INFO  server.RaftServerConfigKeys (ConfUtils.java:logGet(44)) - raft.server.log.segment.cache.size.max = 200MB (=209715200) (default)
2022-03-07 09:51:54,235 [pool-721-thread-1] INFO  segmented.SegmentedRaftLogWorker (SegmentedRaftLogWorker.java:<init>(182)) - new 79ee019c-6239-4f85-9f3b-dddcaaaeb0fb@group-993C76073EC3-SegmentedRaftLogWorker for RaftStorageImpl:Storage Directory /home/runner/work/ozone/ozone/hadoop-ozone/integration-test/target/test-dir/MiniOzoneClusterImpl-4c099742-f0a8-499d-a606-d482764d36d7/datanode-6/data/ratis/110c5adc-eefa-440f-b852-993c76073ec3
2022-03-07 09:51:54,236 [pool-721-thread-1] INFO  server.RaftServerConfigKeys (ConfUtils.java:logGet(44)) - raft.server.log.queue.byte-limit = 4294967296 (custom)
2022-03-07 09:51:54,236 [pool-721-thread-1] INFO  server.RaftServerConfigKeys (ConfUtils.java:logGet(44)) - raft.server.log.queue.element-limit = 1024 (custom)
2022-03-07 09:51:54,272 [pool-721-thread-1] INFO  server.RaftServerConfigKeys (ConfUtils.java:logGet(44)) - raft.server.log.segment.size.max = 1048576 (custom)
2022-03-07 09:51:54,272 [pool-721-thread-1] INFO  server.RaftServerConfigKeys (ConfUtils.java:logGet(44)) - raft.server.log.preallocated.size = 16384 (custom)
2022-03-07 09:51:54,272 [pool-721-thread-1] INFO  server.RaftServerConfigKeys (ConfUtils.java:logGet(44)) - raft.server.log.force.sync.num = 128 (default)
2022-03-07 09:51:54,272 [pool-721-thread-1] INFO  server.RaftServerConfigKeys (ConfUtils.java:logGet(44)) - raft.server.log.statemachine.data.sync = true (default)
2022-03-07 09:51:54,273 [pool-721-thread-1] INFO  server.RaftServerConfigKeys (ConfUtils.java:logGet(44)) - raft.server.log.statemachine.data.sync.timeout = 10s (default)
2022-03-07 09:51:54,273 [pool-721-thread-1] INFO  server.RaftServerConfigKeys (ConfUtils.java:logGet(44)) - raft.server.log.statemachine.data.sync.timeout.retry = -1 (default)
2022-03-07 09:51:54,274 [pool-721-thread-1] INFO  server.RaftServerConfigKeys (ConfUtils.java:logGet(44)) - raft.server.log.write.buffer.size = 1048576 (custom)
2022-03-07 09:51:54,274 [pool-721-thread-1] INFO  server.RaftServerConfigKeys (ConfUtils.java:logGet(44)) - raft.server.log.statemachine.data.caching.enabled = true (custom)
2022-03-07 09:51:54,274 [pool-721-thread-1] INFO  segmented.SegmentedRaftLogWorker (SegmentedRaftLogWorker.java:lambda$new$0(133)) - 79ee019c-6239-4f85-9f3b-dddcaaaeb0fb@group-993C76073EC3-SegmentedRaftLogWorker: flushIndex: setUnconditionally 0 -> -1
2022-03-07 09:51:54,275 [pool-721-thread-1] INFO  segmented.SegmentedRaftLogWorker (SegmentedRaftLogWorker.java:lambda$new$0(133)) - 79ee019c-6239-4f85-9f3b-dddcaaaeb0fb@group-993C76073EC3-SegmentedRaftLogWorker: safeCacheEvictIndex: setUnconditionally 0 -> -1
2022-03-07 09:51:54,265 [IPC Server Responder] INFO  ipc.Server (Server.java:run(1512)) - Stopping IPC Server Responder
2022-03-07 09:51:54,264 [Listener at 127.0.0.1/40579] INFO  server.RaftServer (RaftServerProxy.java:lambda$close$6(391)) - om1: close
2022-03-07 09:51:54,264 [IPC Server listener on 0] INFO  ipc.Server (Server.java:run(1376)) - Stopping IPC Server listener on 0
2022-03-07 09:51:54,276 [Listener at 127.0.0.1/40579] INFO  server.RaftServer$Division (RaftServerImpl.java:lambda$close$4(412)) - om1@group-C5BA1605619E: shutdown
2022-03-07 09:51:54,276 [Listener at 127.0.0.1/40579] INFO  util.JmxRegister (JmxRegister.java:unregister(73)) - Successfully un-registered JMX Bean with object name Ratis:service=RaftServer,group=group-C5BA1605619E,id=om1
2022-03-07 09:51:54,276 [Listener at 127.0.0.1/40579] INFO  impl.RoleInfo (RoleInfo.java:shutdownLeaderState(91)) - om1: shutdown om1@group-C5BA1605619E-LeaderStateImpl
2022-03-07 09:51:54,277 [Listener at 127.0.0.1/40579] INFO  impl.PendingRequests (PendingRequests.java:sendNotLeaderResponses(282)) - om1@group-C5BA1605619E-PendingRequests: sendNotLeaderResponses
2022-03-07 09:51:54,279 [pool-721-thread-1] INFO  server.RaftServerConfigKeys (ConfUtils.java:logGet(44)) - raft.server.snapshot.auto.trigger.enabled = true (custom)
2022-03-07 09:51:54,279 [pool-721-thread-1] INFO  server.RaftServerConfigKeys (ConfUtils.java:logGet(44)) - raft.server.snapshot.auto.trigger.threshold = 10000 (custom)
2022-03-07 09:51:54,279 [pool-721-thread-1] INFO  server.RaftServerConfigKeys (ConfUtils.java:logGet(44)) - raft.server.snapshot.retention.file.num = 5 (custom)
2022-03-07 09:51:54,279 [pool-721-thread-1] INFO  server.RaftServerConfigKeys (ConfUtils.java:logGet(44)) - raft.server.log.purge.upto.snapshot.index = false (default)
2022-03-07 09:51:54,279 [pool-721-thread-1] INFO  server.RaftServerConfigKeys (ConfUtils.java:logGet(44)) - raft.server.retrycache.expirytime = 600000ms (custom)
2022-03-07 09:51:54,279 [pool-721-thread-1] INFO  server.RaftServerConfigKeys (ConfUtils.java:logGet(44)) - raft.server.retrycache.statistics.expirytime = 100μs (default)
2022-03-07 09:51:54,281 [pool-721-thread-1] INFO  server.RaftServer$Division (RaftServerImpl.java:start(301)) - 79ee019c-6239-4f85-9f3b-dddcaaaeb0fb@group-022B701C3610: start as a follower, conf=-1: [728f99e8-418e-4b00-b2e8-36f688b477dd|rpc:10.1.0.49:44013|dataStream:|priority:0, 79ee019c-6239-4f85-9f3b-dddcaaaeb0fb|rpc:10.1.0.49:41163|dataStream:|priority:0, cd9cff4b-1bd9-497e-976c-8eec10b9db64|rpc:10.1.0.49:42923|dataStream:|priority:1], old=null
2022-03-07 09:51:54,281 [pool-721-thread-1] INFO  server.RaftServer$Division (RaftServerImpl.java:setRole(290)) - 79ee019c-6239-4f85-9f3b-dddcaaaeb0fb@group-022B701C3610: changes role from      null to FOLLOWER at term 0 for startAsFollower
2022-03-07 09:51:54,281 [pool-721-thread-1] INFO  impl.RoleInfo (RoleInfo.java:updateAndGet(130)) - 79ee019c-6239-4f85-9f3b-dddcaaaeb0fb: start 79ee019c-6239-4f85-9f3b-dddcaaaeb0fb@group-022B701C3610-FollowerState
2022-03-07 09:51:54,282 [pool-721-thread-1] INFO  util.JmxRegister (JmxRegister.java:tryRegister(44)) - Successfully registered JMX Bean with object name Ratis:service=RaftServer,group=group-022B701C3610,id=79ee019c-6239-4f85-9f3b-dddcaaaeb0fb
2022-03-07 09:51:54,283 [pool-721-thread-1] INFO  server.RaftServer$Division (RaftServerImpl.java:start(301)) - 79ee019c-6239-4f85-9f3b-dddcaaaeb0fb@group-993C76073EC3: start as a follower, conf=-1: [728f99e8-418e-4b00-b2e8-36f688b477dd|rpc:10.1.0.49:44013|dataStream:|priority:0, 616d314c-ba0d-49c9-8f1d-797448dad8fd|rpc:10.1.0.49:39129|dataStream:|priority:1, 79ee019c-6239-4f85-9f3b-dddcaaaeb0fb|rpc:10.1.0.49:41163|dataStream:|priority:0], old=null
2022-03-07 09:51:54,283 [pool-721-thread-1] INFO  server.RaftServer$Division (RaftServerImpl.java:setRole(290)) - 79ee019c-6239-4f85-9f3b-dddcaaaeb0fb@group-993C76073EC3: changes role from      null to FOLLOWER at term 0 for startAsFollower
2022-03-07 09:51:54,283 [pool-721-thread-1] INFO  impl.RoleInfo (RoleInfo.java:updateAndGet(130)) - 79ee019c-6239-4f85-9f3b-dddcaaaeb0fb: start 79ee019c-6239-4f85-9f3b-dddcaaaeb0fb@group-993C76073EC3-FollowerState
2022-03-07 09:51:54,284 [pool-721-thread-1] INFO  util.JmxRegister (JmxRegister.java:tryRegister(44)) - Successfully registered JMX Bean with object name Ratis:service=RaftServer,group=group-993C76073EC3,id=79ee019c-6239-4f85-9f3b-dddcaaaeb0fb
2022-03-07 09:51:54,323 [Listener at 127.0.0.1/40579] INFO  impl.StateMachineUpdater (StateMachineUpdater.java:stopAndJoin(149)) - om1@group-C5BA1605619E-StateMachineUpdater: set stopIndex = 10
2022-03-07 09:51:54,328 [om1@group-C5BA1605619E-StateMachineUpdater] INFO  ratis.OzoneManagerStateMachine (OzoneManagerStateMachine.java:takeSnapshot(417)) - Current Snapshot Index (t:1, i:10)
2022-03-07 09:51:54,328 [om1@group-C5BA1605619E-StateMachineUpdater] INFO  impl.StateMachineUpdater (StateMachineUpdater.java:takeSnapshot(281)) - om1@group-C5BA1605619E-StateMachineUpdater: Took a snapshot at index 10
2022-03-07 09:51:54,328 [om1@group-C5BA1605619E-StateMachineUpdater] INFO  impl.StateMachineUpdater (StateMachineUpdater.java:lambda$new$0(89)) - om1@group-C5BA1605619E-StateMachineUpdater: snapshotIndex: updateIncreasingly -1 -> 10
2022-03-07 09:51:54,328 [om1@group-C5BA1605619E-StateMachineUpdater] INFO  ratis.OzoneManagerStateMachine (OzoneManagerStateMachine.java:close(471)) - StateMachine has shutdown. Shutdown OzoneManager if not already shutdown.
2022-03-07 09:51:54,328 [Listener at 127.0.0.1/40579] INFO  server.RaftServer$Division (ServerState.java:close(419)) - om1@group-C5BA1605619E: closes. applyIndex: 10
2022-03-07 09:51:54,332 [om1@group-C5BA1605619E-SegmentedRaftLogWorker] INFO  segmented.SegmentedRaftLogWorker (SegmentedRaftLogWorker.java:run(327)) - om1@group-C5BA1605619E-SegmentedRaftLogWorker was interrupted, exiting. There are 0 tasks remaining in the queue.
2022-03-07 09:51:54,346 [grpc-default-executor-2] INFO  server.RaftServer (RaftServerProxy.java:addNew(95)) - 728f99e8-418e-4b00-b2e8-36f688b477dd: addNew group-022B701C3610:[728f99e8-418e-4b00-b2e8-36f688b477dd|rpc:10.1.0.49:44013|dataStream:|priority:0, 79ee019c-6239-4f85-9f3b-dddcaaaeb0fb|rpc:10.1.0.49:41163|dataStream:|priority:0, cd9cff4b-1bd9-497e-976c-8eec10b9db64|rpc:10.1.0.49:42923|dataStream:|priority:1] returns group-022B701C3610:java.util.concurrent.CompletableFuture@4fbd7fa6[Not completed]
2022-03-07 09:51:54,347 [pool-595-thread-1] INFO  server.RaftServer$Division (RaftServerImpl.java:<init>(184)) - 728f99e8-418e-4b00-b2e8-36f688b477dd: new RaftServerImpl for group-022B701C3610:[728f99e8-418e-4b00-b2e8-36f688b477dd|rpc:10.1.0.49:44013|dataStream:|priority:0, 79ee019c-6239-4f85-9f3b-dddcaaaeb0fb|rpc:10.1.0.49:41163|dataStream:|priority:0, cd9cff4b-1bd9-497e-976c-8eec10b9db64|rpc:10.1.0.49:42923|dataStream:|priority:1] with ContainerStateMachine:uninitialized
2022-03-07 09:51:54,347 [pool-595-thread-1] INFO  server.RaftServerConfigKeys (ConfUtils.java:logGet(44)) - raft.server.rpc.timeout.min = 5s (custom)
2022-03-07 09:51:54,347 [pool-595-thread-1] INFO  server.RaftServerConfigKeys (ConfUtils.java:logGet(44)) - raft.server.rpc.timeout.max = 5200ms (custom)
2022-03-07 09:51:54,347 [pool-595-thread-1] INFO  server.RaftServerConfigKeys (ConfUtils.java:logGet(44)) - raft.server.rpc.sleep.time = 25ms (default)
2022-03-07 09:51:54,347 [pool-595-thread-1] INFO  server.RaftServerConfigKeys (ConfUtils.java:logGet(44)) - raft.server.rpc.slowness.timeout = 300000ms (custom)
2022-03-07 09:51:54,347 [pool-595-thread-1] INFO  server.RaftServerConfigKeys (ConfUtils.java:logGet(44)) - raft.server.leaderelection.leader.step-down.wait-time = 10s (default)
2022-03-07 09:51:54,347 [pool-595-thread-1] INFO  server.RaftServerConfigKeys (ConfUtils.java:logGet(44)) - raft.server.sleep.deviation.threshold = 300ms (default)
2022-03-07 09:51:54,347 [pool-595-thread-1] INFO  server.RaftServerConfigKeys (ConfUtils.java:logGet(44)) - raft.server.log.appender.install.snapshot.enabled = false (custom)
2022-03-07 09:51:54,347 [pool-595-thread-1] INFO  server.RaftServer$Division (ServerState.java:<init>(105)) - 728f99e8-418e-4b00-b2e8-36f688b477dd@group-022B701C3610: ConfigurationManager, init=-1: [728f99e8-418e-4b00-b2e8-36f688b477dd|rpc:10.1.0.49:44013|dataStream:|priority:0, 79ee019c-6239-4f85-9f3b-dddcaaaeb0fb|rpc:10.1.0.49:41163|dataStream:|priority:0, cd9cff4b-1bd9-497e-976c-8eec10b9db64|rpc:10.1.0.49:42923|dataStream:|priority:1], old=null, confs=<EMPTY_MAP>
2022-03-07 09:51:54,347 [pool-595-thread-1] INFO  server.RaftServerConfigKeys (ConfUtils.java:logGet(44)) - raft.server.storage.dir = [/home/runner/work/ozone/ozone/hadoop-ozone/integration-test/target/test-dir/MiniOzoneClusterImpl-4c099742-f0a8-499d-a606-d482764d36d7/datanode-0/data/ratis] (custom)
2022-03-07 09:51:54,348 [pool-595-thread-1] INFO  server.RaftServerConfigKeys (ConfUtils.java:logGet(44)) - raft.server.log.corruption.policy = EXCEPTION (default)
2022-03-07 09:51:54,348 [pool-595-thread-1] INFO  server.RaftServerConfigKeys (ConfUtils.java:logGet(44)) - raft.server.storage.free-space.min = 0MB (=0) (default)
2022-03-07 09:51:54,348 [pool-595-thread-1] INFO  storage.RaftStorageDirectory (RaftStorageDirectoryImpl.java:analyzeStorage(135)) - The storage directory /home/runner/work/ozone/ozone/hadoop-ozone/integration-test/target/test-dir/MiniOzoneClusterImpl-4c099742-f0a8-499d-a606-d482764d36d7/datanode-0/data/ratis/b529f8ba-3bf9-49bc-adf3-022b701c3610 does not exist. Creating ...
2022-03-07 09:51:54,349 [pool-595-thread-1] INFO  storage.RaftStorageDirectory (RaftStorageDirectoryImpl.java:tryLock(230)) - Lock on /home/runner/work/ozone/ozone/hadoop-ozone/integration-test/target/test-dir/MiniOzoneClusterImpl-4c099742-f0a8-499d-a606-d482764d36d7/datanode-0/data/ratis/b529f8ba-3bf9-49bc-adf3-022b701c3610/in_use.lock acquired by nodename 23420@fv-az291-317
2022-03-07 09:51:54,350 [pool-595-thread-1] INFO  storage.RaftStorage (RaftStorageImpl.java:format(89)) - Storage directory /home/runner/work/ozone/ozone/hadoop-ozone/integration-test/target/test-dir/MiniOzoneClusterImpl-4c099742-f0a8-499d-a606-d482764d36d7/datanode-0/data/ratis/b529f8ba-3bf9-49bc-adf3-022b701c3610 has been successfully formatted.
2022-03-07 09:51:54,350 [pool-595-thread-1] INFO  ratis.ContainerStateMachine (ContainerStateMachine.java:loadSnapshot(236)) - group-022B701C3610: The snapshot info is null. Setting the last applied indexto:(t:0, i:~)
2022-03-07 09:51:54,351 [pool-595-thread-1] INFO  server.RaftServerConfigKeys (ConfUtils.java:logGet(44)) - raft.server.notification.no-leader.timeout = 300000ms (custom)
2022-03-07 09:51:54,351 [pool-595-thread-1] INFO  server.RaftServerConfigKeys (ConfUtils.java:logGet(44)) - raft.server.log.use.memory = false (default)
2022-03-07 09:51:54,351 [pool-595-thread-1] INFO  server.RaftServerConfigKeys (ConfUtils.java:logGet(44)) - raft.server.log.purge.gap = 1000000 (custom)
2022-03-07 09:51:54,351 [pool-595-thread-1] INFO  server.RaftServerConfigKeys (ConfUtils.java:logGet(44)) - raft.server.log.appender.buffer.byte-limit = 33554432 (custom)
2022-03-07 09:51:54,351 [pool-595-thread-1] INFO  server.RaftServerConfigKeys (ConfUtils.java:logGet(44)) - raft.server.log.segment.size.max = 1048576 (custom)
2022-03-07 09:51:54,351 [pool-595-thread-1] INFO  server.RaftServerConfigKeys (ConfUtils.java:logGet(44)) - raft.server.log.segment.cache.num.max = 2 (custom)
2022-03-07 09:51:54,351 [pool-595-thread-1] INFO  server.RaftServerConfigKeys (ConfUtils.java:logGet(44)) - raft.server.log.segment.cache.size.max = 200MB (=209715200) (default)
2022-03-07 09:51:54,351 [pool-595-thread-1] INFO  segmented.SegmentedRaftLogWorker (SegmentedRaftLogWorker.java:<init>(182)) - new 728f99e8-418e-4b00-b2e8-36f688b477dd@group-022B701C3610-SegmentedRaftLogWorker for RaftStorageImpl:Storage Directory /home/runner/work/ozone/ozone/hadoop-ozone/integration-test/target/test-dir/MiniOzoneClusterImpl-4c099742-f0a8-499d-a606-d482764d36d7/datanode-0/data/ratis/b529f8ba-3bf9-49bc-adf3-022b701c3610
2022-03-07 09:51:54,351 [pool-595-thread-1] INFO  server.RaftServerConfigKeys (ConfUtils.java:logGet(44)) - raft.server.log.queue.byte-limit = 4294967296 (custom)
2022-03-07 09:51:54,351 [pool-595-thread-1] INFO  server.RaftServerConfigKeys (ConfUtils.java:logGet(44)) - raft.server.log.queue.element-limit = 1024 (custom)
2022-03-07 09:51:54,351 [pool-595-thread-1] INFO  server.RaftServerConfigKeys (ConfUtils.java:logGet(44)) - raft.server.log.segment.size.max = 1048576 (custom)
2022-03-07 09:51:54,352 [pool-595-thread-1] INFO  server.RaftServerConfigKeys (ConfUtils.java:logGet(44)) - raft.server.log.preallocated.size = 16384 (custom)
2022-03-07 09:51:54,352 [pool-595-thread-1] INFO  server.RaftServerConfigKeys (ConfUtils.java:logGet(44)) - raft.server.log.force.sync.num = 128 (default)
2022-03-07 09:51:54,352 [pool-595-thread-1] INFO  server.RaftServerConfigKeys (ConfUtils.java:logGet(44)) - raft.server.log.statemachine.data.sync = true (default)
2022-03-07 09:51:54,352 [pool-595-thread-1] INFO  server.RaftServerConfigKeys (ConfUtils.java:logGet(44)) - raft.server.log.statemachine.data.sync.timeout = 10s (default)
2022-03-07 09:51:54,352 [pool-595-thread-1] INFO  server.RaftServerConfigKeys (ConfUtils.java:logGet(44)) - raft.server.log.statemachine.data.sync.timeout.retry = -1 (default)
2022-03-07 09:51:54,392 [Listener at 127.0.0.1/40579] INFO  segmented.SegmentedRaftLogWorker (SegmentedRaftLogWorker.java:close(237)) - om1@group-C5BA1605619E-SegmentedRaftLogWorker close()
2022-03-07 09:51:54,393 [pool-595-thread-1] INFO  server.RaftServerConfigKeys (ConfUtils.java:logGet(44)) - raft.server.log.write.buffer.size = 1048576 (custom)
2022-03-07 09:51:54,394 [pool-595-thread-1] INFO  server.RaftServerConfigKeys (ConfUtils.java:logGet(44)) - raft.server.log.statemachine.data.caching.enabled = true (custom)
2022-03-07 09:51:54,394 [pool-595-thread-1] INFO  segmented.SegmentedRaftLogWorker (SegmentedRaftLogWorker.java:lambda$new$0(133)) - 728f99e8-418e-4b00-b2e8-36f688b477dd@group-022B701C3610-SegmentedRaftLogWorker: flushIndex: setUnconditionally 0 -> -1
2022-03-07 09:51:54,394 [pool-595-thread-1] INFO  segmented.SegmentedRaftLogWorker (SegmentedRaftLogWorker.java:lambda$new$0(133)) - 728f99e8-418e-4b00-b2e8-36f688b477dd@group-022B701C3610-SegmentedRaftLogWorker: safeCacheEvictIndex: setUnconditionally 0 -> -1
2022-03-07 09:51:54,397 [pool-595-thread-1] INFO  server.RaftServerConfigKeys (ConfUtils.java:logGet(44)) - raft.server.snapshot.auto.trigger.enabled = true (custom)
2022-03-07 09:51:54,397 [pool-595-thread-1] INFO  server.RaftServerConfigKeys (ConfUtils.java:logGet(44)) - raft.server.snapshot.auto.trigger.threshold = 10000 (custom)
2022-03-07 09:51:54,397 [pool-595-thread-1] INFO  server.RaftServerConfigKeys (ConfUtils.java:logGet(44)) - raft.server.snapshot.retention.file.num = 5 (custom)
2022-03-07 09:51:54,397 [pool-595-thread-1] INFO  server.RaftServerConfigKeys (ConfUtils.java:logGet(44)) - raft.server.log.purge.upto.snapshot.index = false (default)
2022-03-07 09:51:54,398 [pool-595-thread-1] INFO  server.RaftServerConfigKeys (ConfUtils.java:logGet(44)) - raft.server.retrycache.expirytime = 600000ms (custom)
2022-03-07 09:51:54,398 [pool-595-thread-1] INFO  server.RaftServerConfigKeys (ConfUtils.java:logGet(44)) - raft.server.retrycache.statistics.expirytime = 100μs (default)
2022-03-07 09:51:54,399 [pool-595-thread-1] INFO  server.RaftServer$Division (RaftServerImpl.java:start(301)) - 728f99e8-418e-4b00-b2e8-36f688b477dd@group-022B701C3610: start as a follower, conf=-1: [728f99e8-418e-4b00-b2e8-36f688b477dd|rpc:10.1.0.49:44013|dataStream:|priority:0, 79ee019c-6239-4f85-9f3b-dddcaaaeb0fb|rpc:10.1.0.49:41163|dataStream:|priority:0, cd9cff4b-1bd9-497e-976c-8eec10b9db64|rpc:10.1.0.49:42923|dataStream:|priority:1], old=null
2022-03-07 09:51:54,399 [pool-595-thread-1] INFO  server.RaftServer$Division (RaftServerImpl.java:setRole(290)) - 728f99e8-418e-4b00-b2e8-36f688b477dd@group-022B701C3610: changes role from      null to FOLLOWER at term 0 for startAsFollower
2022-03-07 09:51:54,408 [Listener at 127.0.0.1/40579] INFO  server.GrpcService (GrpcService.java:closeImpl(262)) - om1: shutdown server with port 9872 now
2022-03-07 09:51:54,413 [Listener at 127.0.0.1/40579] INFO  server.GrpcService (GrpcService.java:closeImpl(271)) - om1: shutdown server with port 9872 successfully
2022-03-07 09:51:54,413 [org.apache.ratis.util.JvmPauseMonitor$$Lambda$431/73409498@2189eced] INFO  util.JvmPauseMonitor (JvmPauseMonitor.java:run(109)) - JvmPauseMonitor-om1: Stopped
2022-03-07 09:51:54,414 [Listener at 127.0.0.1/40579] INFO  ratis.OzoneManagerDoubleBuffer (OzoneManagerDoubleBuffer.java:stop(437)) - Stopping OMDoubleBuffer flush thread
2022-03-07 09:51:54,414 [OMDoubleBufferFlushThread] INFO  ratis.OzoneManagerDoubleBuffer (OzoneManagerDoubleBuffer.java:flushTransactions(356)) - OMDoubleBuffer flush thread OMDoubleBufferFlushThread is interrupted and will exit. OMDoubleBufferFlushThread
2022-03-07 09:51:54,416 [Listener at 127.0.0.1/40579] INFO  utils.BackgroundService (BackgroundService.java:shutdown(132)) - Shutting down service KeyDeletingService
2022-03-07 09:51:54,416 [Listener at 127.0.0.1/40579] INFO  utils.BackgroundService (BackgroundService.java:shutdown(132)) - Shutting down service DirectoryDeletingService
2022-03-07 09:51:54,417 [Listener at 127.0.0.1/40579] INFO  handler.ContextHandler (ContextHandler.java:doStop(1153)) - Stopped o.e.j.w.WebAppContext@76fbe249{ozoneManager,/,null,STOPPED}{file:/home/runner/work/ozone/ozone/hadoop-ozone/integration-test/target/test-classes/webapps/ozoneManager}
2022-03-07 09:51:54,418 [Listener at 127.0.0.1/40579] INFO  server.AbstractConnector (AbstractConnector.java:doStop(381)) - Stopped ServerConnector@2d121431{HTTP/1.1, (http/1.1)}{0.0.0.0:0}
2022-03-07 09:51:54,418 [Listener at 127.0.0.1/40579] INFO  server.session (HouseKeeper.java:stopScavenging(149)) - node0 Stopped scavenging
2022-03-07 09:51:54,418 [Listener at 127.0.0.1/40579] INFO  handler.ContextHandler (ContextHandler.java:doStop(1153)) - Stopped o.e.j.s.ServletContextHandler@5d39394c{static,/static,file:///home/runner/work/ozone/ozone/hadoop-ozone/integration-test/target/test-classes/webapps/static,STOPPED}
2022-03-07 09:51:54,418 [Listener at 127.0.0.1/40579] INFO  handler.ContextHandler (ContextHandler.java:doStop(1153)) - Stopped o.e.j.s.ServletContextHandler@374c6a4d{logs,/logs,file:///home/runner/work/ozone/ozone/hadoop-ozone/integration-test/target/log,STOPPED}
2022-03-07 09:51:54,422 [Listener at 127.0.0.1/40579] INFO  ozone.MiniOzoneClusterImpl (MiniOzoneClusterImpl.java:stopDatanodes(523)) - Stopping the HddsDatanodes
2022-03-07 09:51:54,429 [Command processor thread] INFO  commandhandler.CreatePipelineCommandHandler (CreatePipelineCommandHandler.java:handle(106)) - Created Pipeline RATIS THREE PipelineID=110c5adc-eefa-440f-b852-993c76073ec3.
2022-03-07 09:51:54,425 [pool-595-thread-1] INFO  impl.RoleInfo (RoleInfo.java:updateAndGet(130)) - 728f99e8-418e-4b00-b2e8-36f688b477dd: start 728f99e8-418e-4b00-b2e8-36f688b477dd@group-022B701C3610-FollowerState
2022-03-07 09:51:54,454 [pool-595-thread-1] INFO  util.JmxRegister (JmxRegister.java:tryRegister(44)) - Successfully registered JMX Bean with object name Ratis:service=RaftServer,group=group-022B701C3610,id=728f99e8-418e-4b00-b2e8-36f688b477dd
2022-03-07 09:51:54,496 [Command processor thread] INFO  commandhandler.CreatePipelineCommandHandler (CreatePipelineCommandHandler.java:handle(106)) - Created Pipeline RATIS THREE PipelineID=110c5adc-eefa-440f-b852-993c76073ec3.
2022-03-07 09:51:58,738 [cd9cff4b-1bd9-497e-976c-8eec10b9db64@group-5927A3A2A91C-FollowerState] INFO  impl.FollowerState (FollowerState.java:run(134)) - cd9cff4b-1bd9-497e-976c-8eec10b9db64@group-5927A3A2A91C-FollowerState: change to CANDIDATE, lastRpcElapsedTime:5162129253ns, electionTimeout:5137ms
2022-03-07 09:51:58,738 [cd9cff4b-1bd9-497e-976c-8eec10b9db64@group-5927A3A2A91C-FollowerState] INFO  impl.RoleInfo (RoleInfo.java:shutdownFollowerState(108)) - cd9cff4b-1bd9-497e-976c-8eec10b9db64: shutdown cd9cff4b-1bd9-497e-976c-8eec10b9db64@group-5927A3A2A91C-FollowerState
2022-03-07 09:51:58,738 [cd9cff4b-1bd9-497e-976c-8eec10b9db64@group-5927A3A2A91C-FollowerState] INFO  server.RaftServer$Division (RaftServerImpl.java:setRole(290)) - cd9cff4b-1bd9-497e-976c-8eec10b9db64@group-5927A3A2A91C: changes role from  FOLLOWER to CANDIDATE at term 0 for changeToCandidate
2022-03-07 09:51:58,738 [cd9cff4b-1bd9-497e-976c-8eec10b9db64@group-5927A3A2A91C-FollowerState] INFO  server.RaftServerConfigKeys (ConfUtils.java:logGet(44)) - raft.server.leaderelection.pre-vote = false (custom)
2022-03-07 09:51:58,738 [cd9cff4b-1bd9-497e-976c-8eec10b9db64@group-5927A3A2A91C-FollowerState] INFO  impl.RoleInfo (RoleInfo.java:updateAndGet(130)) - cd9cff4b-1bd9-497e-976c-8eec10b9db64: start cd9cff4b-1bd9-497e-976c-8eec10b9db64@group-5927A3A2A91C-LeaderElection106
2022-03-07 09:51:58,752 [cd9cff4b-1bd9-497e-976c-8eec10b9db64@group-5927A3A2A91C-LeaderElection106] INFO  impl.LeaderElection (LeaderElection.java:askForVotes(306)) - cd9cff4b-1bd9-497e-976c-8eec10b9db64@group-5927A3A2A91C-LeaderElection106 ELECTION round 0: submit vote requests at term 1 for -1: [cd9cff4b-1bd9-497e-976c-8eec10b9db64|rpc:10.1.0.49:42923|priority:1], old=null
2022-03-07 09:51:58,752 [cd9cff4b-1bd9-497e-976c-8eec10b9db64@group-5927A3A2A91C-LeaderElection106] INFO  impl.LeaderElection (LeaderElection.java:askForVotes(308)) - cd9cff4b-1bd9-497e-976c-8eec10b9db64@group-5927A3A2A91C-LeaderElection106 ELECTION round 0: result PASSED (term=1)
2022-03-07 09:51:58,752 [cd9cff4b-1bd9-497e-976c-8eec10b9db64@group-5927A3A2A91C-LeaderElection106] INFO  impl.RoleInfo (RoleInfo.java:shutdownLeaderElection(121)) - cd9cff4b-1bd9-497e-976c-8eec10b9db64: shutdown cd9cff4b-1bd9-497e-976c-8eec10b9db64@group-5927A3A2A91C-LeaderElection106
2022-03-07 09:51:58,752 [cd9cff4b-1bd9-497e-976c-8eec10b9db64@group-5927A3A2A91C-LeaderElection106] INFO  server.RaftServer$Division (RaftServerImpl.java:setRole(290)) - cd9cff4b-1bd9-497e-976c-8eec10b9db64@group-5927A3A2A91C: changes role from CANDIDATE to LEADER at term 1 for changeToLeader
2022-03-07 09:51:58,752 [cd9cff4b-1bd9-497e-976c-8eec10b9db64@group-5927A3A2A91C-LeaderElection106] INFO  ratis.XceiverServerRatis (XceiverServerRatis.java:handleLeaderChangedNotification(867)) - Leader change notification received for group: group-5927A3A2A91C with new leaderId: cd9cff4b-1bd9-497e-976c-8eec10b9db64
2022-03-07 09:51:58,754 [cd9cff4b-1bd9-497e-976c-8eec10b9db64@group-5927A3A2A91C-LeaderElection106] INFO  server.RaftServer$Division (ServerState.java:setLeader(285)) - cd9cff4b-1bd9-497e-976c-8eec10b9db64@group-5927A3A2A91C: change Leader from null to cd9cff4b-1bd9-497e-976c-8eec10b9db64 at term 1 for becomeLeader, leader elected after 5208ms
2022-03-07 09:51:58,754 [cd9cff4b-1bd9-497e-976c-8eec10b9db64@group-5927A3A2A91C-LeaderElection106] INFO  server.RaftServerConfigKeys (ConfUtils.java:logGet(44)) - raft.server.staging.catchup.gap = 1000 (default)
2022-03-07 09:51:58,754 [cd9cff4b-1bd9-497e-976c-8eec10b9db64@group-5927A3A2A91C-LeaderElection106] INFO  server.RaftServerConfigKeys (ConfUtils.java:logGet(44)) - raft.server.write.element-limit = 1024 (custom)
2022-03-07 09:51:58,754 [cd9cff4b-1bd9-497e-976c-8eec10b9db64@group-5927A3A2A91C-LeaderElection106] INFO  server.RaftServerConfigKeys (ConfUtils.java:logGet(44)) - raft.server.write.byte-limit = 1024 M (=1073741824) (custom)
2022-03-07 09:51:58,755 [cd9cff4b-1bd9-497e-976c-8eec10b9db64@group-5927A3A2A91C-LeaderElection106] INFO  server.RaftServerConfigKeys (ConfUtils.java:logGet(44)) - raft.server.watch.timeout = 3000ms (custom)
2022-03-07 09:51:58,755 [cd9cff4b-1bd9-497e-976c-8eec10b9db64@group-5927A3A2A91C-LeaderElection106] INFO  server.RaftServerConfigKeys (ConfUtils.java:logGet(44)) - raft.server.watch.timeout.denomination = 1s (default)
2022-03-07 09:51:58,755 [cd9cff4b-1bd9-497e-976c-8eec10b9db64@group-5927A3A2A91C-LeaderElection106] INFO  server.RaftServerConfigKeys (ConfUtils.java:logGet(44)) - raft.server.watch.element-limit = 65536 (default)
2022-03-07 09:51:58,755 [cd9cff4b-1bd9-497e-976c-8eec10b9db64@group-5927A3A2A91C-LeaderElection106] INFO  server.RaftServerConfigKeys (ConfUtils.java:logGet(44)) - raft.server.write.element-limit = 1024 (custom)
2022-03-07 09:51:58,755 [cd9cff4b-1bd9-497e-976c-8eec10b9db64@group-5927A3A2A91C-LeaderElection106] INFO  server.RaftServerConfigKeys (ConfUtils.java:logGet(44)) - raft.server.write.follower.gap.ratio.max = -1.0 (default)
2022-03-07 09:51:58,755 [cd9cff4b-1bd9-497e-976c-8eec10b9db64@group-5927A3A2A91C-LeaderElection106] INFO  impl.RoleInfo (RoleInfo.java:updateAndGet(130)) - cd9cff4b-1bd9-497e-976c-8eec10b9db64: start cd9cff4b-1bd9-497e-976c-8eec10b9db64@group-5927A3A2A91C-LeaderStateImpl
2022-03-07 09:51:58,755 [cd9cff4b-1bd9-497e-976c-8eec10b9db64@group-5927A3A2A91C-LeaderElection106] INFO  segmented.SegmentedRaftLogWorker (SegmentedRaftLogWorker.java:startLogSegment(394)) - cd9cff4b-1bd9-497e-976c-8eec10b9db64@group-5927A3A2A91C-SegmentedRaftLogWorker: Starting segment from index:0
2022-03-07 09:51:58,761 [cd9cff4b-1bd9-497e-976c-8eec10b9db64@group-5927A3A2A91C-SegmentedRaftLogWorker] INFO  segmented.SegmentedRaftLogWorker (SegmentedRaftLogWorker.java:execute(601)) - cd9cff4b-1bd9-497e-976c-8eec10b9db64@group-5927A3A2A91C-SegmentedRaftLogWorker: created new log segment /home/runner/work/ozone/ozone/hadoop-ozone/integration-test/target/test-dir/MiniOzoneClusterImpl-4c099742-f0a8-499d-a606-d482764d36d7/datanode-2/data/ratis/7dd851b1-46e0-4a93-8071-5927a3a2a91c/current/log_inprogress_0
2022-03-07 09:51:58,769 [cd9cff4b-1bd9-497e-976c-8eec10b9db64@group-5927A3A2A91C-LeaderElection106] INFO  server.RaftServer$Division (ServerState.java:setRaftConf(387)) - cd9cff4b-1bd9-497e-976c-8eec10b9db64@group-5927A3A2A91C: set configuration 0: [cd9cff4b-1bd9-497e-976c-8eec10b9db64|rpc:10.1.0.49:42923|dataStream:|priority:1], old=null
2022-03-07 09:51:58,780 [728f99e8-418e-4b00-b2e8-36f688b477dd@group-A2AB75C9018A-FollowerState] INFO  impl.FollowerState (FollowerState.java:run(134)) - 728f99e8-418e-4b00-b2e8-36f688b477dd@group-A2AB75C9018A-FollowerState: change to CANDIDATE, lastRpcElapsedTime:5041619381ns, electionTimeout:5038ms
2022-03-07 09:51:58,780 [728f99e8-418e-4b00-b2e8-36f688b477dd@group-A2AB75C9018A-FollowerState] INFO  impl.RoleInfo (RoleInfo.java:shutdownFollowerState(108)) - 728f99e8-418e-4b00-b2e8-36f688b477dd: shutdown 728f99e8-418e-4b00-b2e8-36f688b477dd@group-A2AB75C9018A-FollowerState
2022-03-07 09:51:58,780 [728f99e8-418e-4b00-b2e8-36f688b477dd@group-A2AB75C9018A-FollowerState] INFO  server.RaftServer$Division (RaftServerImpl.java:setRole(290)) - 728f99e8-418e-4b00-b2e8-36f688b477dd@group-A2AB75C9018A: changes role from  FOLLOWER to CANDIDATE at term 0 for changeToCandidate
2022-03-07 09:51:58,780 [728f99e8-418e-4b00-b2e8-36f688b477dd@group-A2AB75C9018A-FollowerState] INFO  server.RaftServerConfigKeys (ConfUtils.java:logGet(44)) - raft.server.leaderelection.pre-vote = false (custom)
2022-03-07 09:51:58,780 [728f99e8-418e-4b00-b2e8-36f688b477dd@group-A2AB75C9018A-FollowerState] INFO  impl.RoleInfo (RoleInfo.java:updateAndGet(130)) - 728f99e8-418e-4b00-b2e8-36f688b477dd: start 728f99e8-418e-4b00-b2e8-36f688b477dd@group-A2AB75C9018A-LeaderElection107
2022-03-07 09:51:58,790 [728f99e8-418e-4b00-b2e8-36f688b477dd@group-A2AB75C9018A-LeaderElection107] INFO  impl.LeaderElection (LeaderElection.java:askForVotes(306)) - 728f99e8-418e-4b00-b2e8-36f688b477dd@group-A2AB75C9018A-LeaderElection107 ELECTION round 0: submit vote requests at term 1 for -1: [728f99e8-418e-4b00-b2e8-36f688b477dd|rpc:10.1.0.49:44013|priority:0, 79ee019c-6239-4f85-9f3b-dddcaaaeb0fb|rpc:10.1.0.49:41163|priority:1, cd9cff4b-1bd9-497e-976c-8eec10b9db64|rpc:10.1.0.49:42923|priority:0], old=null
2022-03-07 09:51:58,795 [grpc-default-executor-2] INFO  server.RaftServer$Division (RaftServerImpl.java:requestVote(1046)) - 79ee019c-6239-4f85-9f3b-dddcaaaeb0fb@group-A2AB75C9018A: receive requestVote(ELECTION, 728f99e8-418e-4b00-b2e8-36f688b477dd, group-A2AB75C9018A, 1, (t:0, i:0))
2022-03-07 09:51:58,795 [grpc-default-executor-2] INFO  impl.VoteContext (VoteContext.java:log(48)) - 79ee019c-6239-4f85-9f3b-dddcaaaeb0fb@group-A2AB75C9018A-FOLLOWER: reject ELECTION from 728f99e8-418e-4b00-b2e8-36f688b477dd: our priority 1 > candidate's priority 0
2022-03-07 09:51:58,795 [grpc-default-executor-2] INFO  server.RaftServer$Division (RaftServerImpl.java:setRole(290)) - 79ee019c-6239-4f85-9f3b-dddcaaaeb0fb@group-A2AB75C9018A: changes role from  FOLLOWER to FOLLOWER at term 1 for candidate:728f99e8-418e-4b00-b2e8-36f688b477dd
2022-03-07 09:51:58,795 [grpc-default-executor-2] INFO  impl.RoleInfo (RoleInfo.java:shutdownFollowerState(108)) - 79ee019c-6239-4f85-9f3b-dddcaaaeb0fb: shutdown 79ee019c-6239-4f85-9f3b-dddcaaaeb0fb@group-A2AB75C9018A-FollowerState
2022-03-07 09:51:58,795 [grpc-default-executor-2] INFO  impl.RoleInfo (RoleInfo.java:updateAndGet(130)) - 79ee019c-6239-4f85-9f3b-dddcaaaeb0fb: start 79ee019c-6239-4f85-9f3b-dddcaaaeb0fb@group-A2AB75C9018A-FollowerState
2022-03-07 09:51:58,795 [79ee019c-6239-4f85-9f3b-dddcaaaeb0fb@group-A2AB75C9018A-FollowerState] INFO  impl.FollowerState (FollowerState.java:run(143)) - 79ee019c-6239-4f85-9f3b-dddcaaaeb0fb@group-A2AB75C9018A-FollowerState was interrupted: {}
java.lang.InterruptedException: sleep interrupted
	at java.lang.Thread.sleep(Native Method)
	at java.lang.Thread.sleep(Thread.java:342)
	at java.util.concurrent.TimeUnit.sleep(TimeUnit.java:386)
	at org.apache.ratis.util.TimeDuration.sleep(TimeDuration.java:324)
	at org.apache.ratis.util.TimeDuration.sleep(TimeDuration.java:309)
	at org.apache.ratis.server.impl.FollowerState.run(FollowerState.java:118)
2022-03-07 09:51:58,796 [grpc-default-executor-4] INFO  server.RaftServer$Division (RaftServerImpl.java:requestVote(1046)) - cd9cff4b-1bd9-497e-976c-8eec10b9db64@group-A2AB75C9018A: receive requestVote(ELECTION, 728f99e8-418e-4b00-b2e8-36f688b477dd, group-A2AB75C9018A, 1, (t:0, i:0))
2022-03-07 09:51:58,797 [grpc-default-executor-4] INFO  impl.VoteContext (VoteContext.java:log(48)) - cd9cff4b-1bd9-497e-976c-8eec10b9db64@group-A2AB75C9018A-FOLLOWER: accept ELECTION from 728f99e8-418e-4b00-b2e8-36f688b477dd: our priority 0 <= candidate's priority 0
2022-03-07 09:51:58,797 [grpc-default-executor-4] INFO  server.RaftServer$Division (RaftServerImpl.java:setRole(290)) - cd9cff4b-1bd9-497e-976c-8eec10b9db64@group-A2AB75C9018A: changes role from  FOLLOWER to FOLLOWER at term 1 for candidate:728f99e8-418e-4b00-b2e8-36f688b477dd
2022-03-07 09:51:58,797 [grpc-default-executor-4] INFO  impl.RoleInfo (RoleInfo.java:shutdownFollowerState(108)) - cd9cff4b-1bd9-497e-976c-8eec10b9db64: shutdown cd9cff4b-1bd9-497e-976c-8eec10b9db64@group-A2AB75C9018A-FollowerState
2022-03-07 09:51:58,797 [grpc-default-executor-4] INFO  impl.RoleInfo (RoleInfo.java:updateAndGet(130)) - cd9cff4b-1bd9-497e-976c-8eec10b9db64: start cd9cff4b-1bd9-497e-976c-8eec10b9db64@group-A2AB75C9018A-FollowerState
2022-03-07 09:51:58,798 [cd9cff4b-1bd9-497e-976c-8eec10b9db64@group-A2AB75C9018A-FollowerState] INFO  impl.FollowerState (FollowerState.java:run(143)) - cd9cff4b-1bd9-497e-976c-8eec10b9db64@group-A2AB75C9018A-FollowerState was interrupted: {}
java.lang.InterruptedException: sleep interrupted
	at java.lang.Thread.sleep(Native Method)
	at java.lang.Thread.sleep(Thread.java:342)
	at java.util.concurrent.TimeUnit.sleep(TimeUnit.java:386)
	at org.apache.ratis.util.TimeDuration.sleep(TimeDuration.java:324)
	at org.apache.ratis.util.TimeDuration.sleep(TimeDuration.java:309)
	at org.apache.ratis.server.impl.FollowerState.run(FollowerState.java:118)
2022-03-07 09:51:58,799 [grpc-default-executor-2] INFO  server.RaftServer$Division (RaftServerImpl.java:requestVote(1078)) - 79ee019c-6239-4f85-9f3b-dddcaaaeb0fb@group-A2AB75C9018A replies to ELECTION vote request: 728f99e8-418e-4b00-b2e8-36f688b477dd<-79ee019c-6239-4f85-9f3b-dddcaaaeb0fb#0:FAIL-t1. Peer's state: 79ee019c-6239-4f85-9f3b-dddcaaaeb0fb@group-A2AB75C9018A:t1, leader=null, voted=null, raftlog=79ee019c-6239-4f85-9f3b-dddcaaaeb0fb@group-A2AB75C9018A-SegmentedRaftLog:OPENED:c-1, conf=-1: [728f99e8-418e-4b00-b2e8-36f688b477dd|rpc:10.1.0.49:44013|dataStream:|priority:0, 79ee019c-6239-4f85-9f3b-dddcaaaeb0fb|rpc:10.1.0.49:41163|dataStream:|priority:1, cd9cff4b-1bd9-497e-976c-8eec10b9db64|rpc:10.1.0.49:42923|dataStream:|priority:0], old=null
2022-03-07 09:51:58,799 [grpc-default-executor-4] INFO  server.RaftServer$Division (RaftServerImpl.java:requestVote(1078)) - cd9cff4b-1bd9-497e-976c-8eec10b9db64@group-A2AB75C9018A replies to ELECTION vote request: 728f99e8-418e-4b00-b2e8-36f688b477dd<-cd9cff4b-1bd9-497e-976c-8eec10b9db64#0:OK-t1. Peer's state: cd9cff4b-1bd9-497e-976c-8eec10b9db64@group-A2AB75C9018A:t1, leader=null, voted=728f99e8-418e-4b00-b2e8-36f688b477dd, raftlog=cd9cff4b-1bd9-497e-976c-8eec10b9db64@group-A2AB75C9018A-SegmentedRaftLog:OPENED:c-1, conf=-1: [728f99e8-418e-4b00-b2e8-36f688b477dd|rpc:10.1.0.49:44013|priority:0, 79ee019c-6239-4f85-9f3b-dddcaaaeb0fb|rpc:10.1.0.49:41163|priority:1, cd9cff4b-1bd9-497e-976c-8eec10b9db64|rpc:10.1.0.49:42923|priority:0], old=null
2022-03-07 09:51:58,802 [728f99e8-418e-4b00-b2e8-36f688b477dd@group-A2AB75C9018A-LeaderElection107] INFO  impl.LeaderElection (LeaderElection.java:logAndReturn(89)) - 728f99e8-418e-4b00-b2e8-36f688b477dd@group-A2AB75C9018A-LeaderElection107: ELECTION REJECTED received 1 response(s) and 0 exception(s):
2022-03-07 09:51:58,802 [728f99e8-418e-4b00-b2e8-36f688b477dd@group-A2AB75C9018A-LeaderElection107] INFO  impl.LeaderElection (LeaderElection.java:logAndReturn(93)) -   Response 0: 728f99e8-418e-4b00-b2e8-36f688b477dd<-79ee019c-6239-4f85-9f3b-dddcaaaeb0fb#0:FAIL-t1
2022-03-07 09:51:58,802 [728f99e8-418e-4b00-b2e8-36f688b477dd@group-A2AB75C9018A-LeaderElection107] INFO  impl.LeaderElection (LeaderElection.java:askForVotes(308)) - 728f99e8-418e-4b00-b2e8-36f688b477dd@group-A2AB75C9018A-LeaderElection107 ELECTION round 0: result REJECTED
2022-03-07 09:51:58,802 [728f99e8-418e-4b00-b2e8-36f688b477dd@group-A2AB75C9018A-LeaderElection107] INFO  server.RaftServer$Division (RaftServerImpl.java:setRole(290)) - 728f99e8-418e-4b00-b2e8-36f688b477dd@group-A2AB75C9018A: changes role from CANDIDATE to FOLLOWER at term 1 for REJECTED
2022-03-07 09:51:58,802 [728f99e8-418e-4b00-b2e8-36f688b477dd@group-A2AB75C9018A-LeaderElection107] INFO  impl.RoleInfo (RoleInfo.java:shutdownLeaderElection(121)) - 728f99e8-418e-4b00-b2e8-36f688b477dd: shutdown 728f99e8-418e-4b00-b2e8-36f688b477dd@group-A2AB75C9018A-LeaderElection107
2022-03-07 09:51:58,802 [728f99e8-418e-4b00-b2e8-36f688b477dd@group-A2AB75C9018A-LeaderElection107] INFO  impl.RoleInfo (RoleInfo.java:updateAndGet(130)) - 728f99e8-418e-4b00-b2e8-36f688b477dd: start 728f99e8-418e-4b00-b2e8-36f688b477dd@group-A2AB75C9018A-FollowerState
2022-03-07 09:51:59,221 [728f99e8-418e-4b00-b2e8-36f688b477dd@group-993C76073EC3-FollowerState] INFO  impl.FollowerState (FollowerState.java:run(134)) - 728f99e8-418e-4b00-b2e8-36f688b477dd@group-993C76073EC3-FollowerState: change to CANDIDATE, lastRpcElapsedTime:5167219704ns, electionTimeout:5158ms
2022-03-07 09:51:59,221 [728f99e8-418e-4b00-b2e8-36f688b477dd@group-993C76073EC3-FollowerState] INFO  impl.RoleInfo (RoleInfo.java:shutdownFollowerState(108)) - 728f99e8-418e-4b00-b2e8-36f688b477dd: shutdown 728f99e8-418e-4b00-b2e8-36f688b477dd@group-993C76073EC3-FollowerState
2022-03-07 09:51:59,221 [728f99e8-418e-4b00-b2e8-36f688b477dd@group-993C76073EC3-FollowerState] INFO  server.RaftServer$Division (RaftServerImpl.java:setRole(290)) - 728f99e8-418e-4b00-b2e8-36f688b477dd@group-993C76073EC3: changes role from  FOLLOWER to CANDIDATE at term 0 for changeToCandidate
2022-03-07 09:51:59,221 [728f99e8-418e-4b00-b2e8-36f688b477dd@group-993C76073EC3-FollowerState] INFO  server.RaftServerConfigKeys (ConfUtils.java:logGet(44)) - raft.server.leaderelection.pre-vote = false (custom)
2022-03-07 09:51:59,221 [728f99e8-418e-4b00-b2e8-36f688b477dd@group-993C76073EC3-FollowerState] INFO  impl.RoleInfo (RoleInfo.java:updateAndGet(130)) - 728f99e8-418e-4b00-b2e8-36f688b477dd: start 728f99e8-418e-4b00-b2e8-36f688b477dd@group-993C76073EC3-LeaderElection108
2022-03-07 09:51:59,240 [728f99e8-418e-4b00-b2e8-36f688b477dd@group-993C76073EC3-LeaderElection108] INFO  impl.LeaderElection (LeaderElection.java:askForVotes(306)) - 728f99e8-418e-4b00-b2e8-36f688b477dd@group-993C76073EC3-LeaderElection108 ELECTION round 0: submit vote requests at term 1 for -1: [728f99e8-418e-4b00-b2e8-36f688b477dd|rpc:10.1.0.49:44013|priority:0, 616d314c-ba0d-49c9-8f1d-797448dad8fd|rpc:10.1.0.49:39129|priority:1, 79ee019c-6239-4f85-9f3b-dddcaaaeb0fb|rpc:10.1.0.49:41163|priority:0], old=null
2022-03-07 09:51:59,250 [grpc-default-executor-4] INFO  server.RaftServer$Division (RaftServerImpl.java:requestVote(1046)) - 616d314c-ba0d-49c9-8f1d-797448dad8fd@group-993C76073EC3: receive requestVote(ELECTION, 728f99e8-418e-4b00-b2e8-36f688b477dd, group-993C76073EC3, 1, (t:0, i:0))
2022-03-07 09:51:59,251 [grpc-default-executor-4] INFO  impl.VoteContext (VoteContext.java:log(48)) - 616d314c-ba0d-49c9-8f1d-797448dad8fd@group-993C76073EC3-FOLLOWER: reject ELECTION from 728f99e8-418e-4b00-b2e8-36f688b477dd: our priority 1 > candidate's priority 0
2022-03-07 09:51:59,251 [grpc-default-executor-4] INFO  server.RaftServer$Division (RaftServerImpl.java:setRole(290)) - 616d314c-ba0d-49c9-8f1d-797448dad8fd@group-993C76073EC3: changes role from  FOLLOWER to FOLLOWER at term 1 for candidate:728f99e8-418e-4b00-b2e8-36f688b477dd
2022-03-07 09:51:59,251 [grpc-default-executor-4] INFO  impl.RoleInfo (RoleInfo.java:shutdownFollowerState(108)) - 616d314c-ba0d-49c9-8f1d-797448dad8fd: shutdown 616d314c-ba0d-49c9-8f1d-797448dad8fd@group-993C76073EC3-FollowerState
2022-03-07 09:51:59,254 [grpc-default-executor-4] INFO  impl.RoleInfo (RoleInfo.java:updateAndGet(130)) - 616d314c-ba0d-49c9-8f1d-797448dad8fd: start 616d314c-ba0d-49c9-8f1d-797448dad8fd@group-993C76073EC3-FollowerState
2022-03-07 09:51:59,255 [616d314c-ba0d-49c9-8f1d-797448dad8fd@group-993C76073EC3-FollowerState] INFO  impl.FollowerState (FollowerState.java:run(143)) - 616d314c-ba0d-49c9-8f1d-797448dad8fd@group-993C76073EC3-FollowerState was interrupted: {}
java.lang.InterruptedException: sleep interrupted
	at java.lang.Thread.sleep(Native Method)
	at java.lang.Thread.sleep(Thread.java:342)
	at java.util.concurrent.TimeUnit.sleep(TimeUnit.java:386)
	at org.apache.ratis.util.TimeDuration.sleep(TimeDuration.java:324)
	at org.apache.ratis.util.TimeDuration.sleep(TimeDuration.java:309)
	at org.apache.ratis.server.impl.FollowerState.run(FollowerState.java:118)
2022-03-07 09:51:59,260 [grpc-default-executor-2] INFO  server.RaftServer$Division (RaftServerImpl.java:requestVote(1046)) - 79ee019c-6239-4f85-9f3b-dddcaaaeb0fb@group-993C76073EC3: receive requestVote(ELECTION, 728f99e8-418e-4b00-b2e8-36f688b477dd, group-993C76073EC3, 1, (t:0, i:0))
2022-03-07 09:51:59,260 [grpc-default-executor-2] INFO  impl.VoteContext (VoteContext.java:log(48)) - 79ee019c-6239-4f85-9f3b-dddcaaaeb0fb@group-993C76073EC3-FOLLOWER: accept ELECTION from 728f99e8-418e-4b00-b2e8-36f688b477dd: our priority 0 <= candidate's priority 0
2022-03-07 09:51:59,260 [grpc-default-executor-2] INFO  server.RaftServer$Division (RaftServerImpl.java:setRole(290)) - 79ee019c-6239-4f85-9f3b-dddcaaaeb0fb@group-993C76073EC3: changes role from  FOLLOWER to FOLLOWER at term 1 for candidate:728f99e8-418e-4b00-b2e8-36f688b477dd
2022-03-07 09:51:59,260 [grpc-default-executor-2] INFO  impl.RoleInfo (RoleInfo.java:shutdownFollowerState(108)) - 79ee019c-6239-4f85-9f3b-dddcaaaeb0fb: shutdown 79ee019c-6239-4f85-9f3b-dddcaaaeb0fb@group-993C76073EC3-FollowerState
2022-03-07 09:51:59,266 [grpc-default-executor-2] INFO  impl.RoleInfo (RoleInfo.java:updateAndGet(130)) - 79ee019c-6239-4f85-9f3b-dddcaaaeb0fb: start 79ee019c-6239-4f85-9f3b-dddcaaaeb0fb@group-993C76073EC3-FollowerState
2022-03-07 09:51:59,266 [79ee019c-6239-4f85-9f3b-dddcaaaeb0fb@group-993C76073EC3-FollowerState] INFO  impl.FollowerState (FollowerState.java:run(143)) - 79ee019c-6239-4f85-9f3b-dddcaaaeb0fb@group-993C76073EC3-FollowerState was interrupted: {}
java.lang.InterruptedException: sleep interrupted
	at java.lang.Thread.sleep(Native Method)
	at java.lang.Thread.sleep(Thread.java:342)
	at java.util.concurrent.TimeUnit.sleep(TimeUnit.java:386)
	at org.apache.ratis.util.TimeDuration.sleep(TimeDuration.java:324)
	at org.apache.ratis.util.TimeDuration.sleep(TimeDuration.java:309)
	at org.apache.ratis.server.impl.FollowerState.run(FollowerState.java:118)
2022-03-07 09:51:59,268 [grpc-default-executor-4] INFO  server.RaftServer$Division (RaftServerImpl.java:requestVote(1078)) - 616d314c-ba0d-49c9-8f1d-797448dad8fd@group-993C76073EC3 replies to ELECTION vote request: 728f99e8-418e-4b00-b2e8-36f688b477dd<-616d314c-ba0d-49c9-8f1d-797448dad8fd#0:FAIL-t1. Peer's state: 616d314c-ba0d-49c9-8f1d-797448dad8fd@group-993C76073EC3:t1, leader=null, voted=null, raftlog=616d314c-ba0d-49c9-8f1d-797448dad8fd@group-993C76073EC3-SegmentedRaftLog:OPENED:c-1, conf=-1: [728f99e8-418e-4b00-b2e8-36f688b477dd|rpc:10.1.0.49:44013|priority:0, 616d314c-ba0d-49c9-8f1d-797448dad8fd|rpc:10.1.0.49:39129|priority:1, 79ee019c-6239-4f85-9f3b-dddcaaaeb0fb|rpc:10.1.0.49:41163|priority:0], old=null
2022-03-07 09:51:59,270 [728f99e8-418e-4b00-b2e8-36f688b477dd@group-993C76073EC3-LeaderElection108] INFO  impl.LeaderElection (LeaderElection.java:logAndReturn(89)) - 728f99e8-418e-4b00-b2e8-36f688b477dd@group-993C76073EC3-LeaderElection108: ELECTION REJECTED received 1 response(s) and 0 exception(s):
2022-03-07 09:51:59,270 [728f99e8-418e-4b00-b2e8-36f688b477dd@group-993C76073EC3-LeaderElection108] INFO  impl.LeaderElection (LeaderElection.java:logAndReturn(93)) -   Response 0: 728f99e8-418e-4b00-b2e8-36f688b477dd<-616d314c-ba0d-49c9-8f1d-797448dad8fd#0:FAIL-t1
2022-03-07 09:51:59,270 [728f99e8-418e-4b00-b2e8-36f688b477dd@group-993C76073EC3-LeaderElection108] INFO  impl.LeaderElection (LeaderElection.java:askForVotes(308)) - 728f99e8-418e-4b00-b2e8-36f688b477dd@group-993C76073EC3-LeaderElection108 ELECTION round 0: result REJECTED
2022-03-07 09:51:59,270 [728f99e8-418e-4b00-b2e8-36f688b477dd@group-993C76073EC3-LeaderElection108] INFO  server.RaftServer$Division (RaftServerImpl.java:setRole(290)) - 728f99e8-418e-4b00-b2e8-36f688b477dd@group-993C76073EC3: changes role from CANDIDATE to FOLLOWER at term 1 for REJECTED
2022-03-07 09:51:59,270 [728f99e8-418e-4b00-b2e8-36f688b477dd@group-993C76073EC3-LeaderElection108] INFO  impl.RoleInfo (RoleInfo.java:shutdownLeaderElection(121)) - 728f99e8-418e-4b00-b2e8-36f688b477dd: shutdown 728f99e8-418e-4b00-b2e8-36f688b477dd@group-993C76073EC3-LeaderElection108
2022-03-07 09:51:59,270 [728f99e8-418e-4b00-b2e8-36f688b477dd@group-993C76073EC3-LeaderElection108] INFO  impl.RoleInfo (RoleInfo.java:updateAndGet(130)) - 728f99e8-418e-4b00-b2e8-36f688b477dd: start 728f99e8-418e-4b00-b2e8-36f688b477dd@group-993C76073EC3-FollowerState
2022-03-07 09:51:59,272 [grpc-default-executor-2] INFO  server.RaftServer$Division (RaftServerImpl.java:requestVote(1078)) - 79ee019c-6239-4f85-9f3b-dddcaaaeb0fb@group-993C76073EC3 replies to ELECTION vote request: 728f99e8-418e-4b00-b2e8-36f688b477dd<-79ee019c-6239-4f85-9f3b-dddcaaaeb0fb#0:OK-t1. Peer's state: 79ee019c-6239-4f85-9f3b-dddcaaaeb0fb@group-993C76073EC3:t1, leader=null, voted=728f99e8-418e-4b00-b2e8-36f688b477dd, raftlog=79ee019c-6239-4f85-9f3b-dddcaaaeb0fb@group-993C76073EC3-SegmentedRaftLog:OPENED:c-1, conf=-1: [728f99e8-418e-4b00-b2e8-36f688b477dd|rpc:10.1.0.49:44013|dataStream:|priority:0, 616d314c-ba0d-49c9-8f1d-797448dad8fd|rpc:10.1.0.49:39129|dataStream:|priority:1, 79ee019c-6239-4f85-9f3b-dddcaaaeb0fb|rpc:10.1.0.49:41163|dataStream:|priority:0], old=null
2022-03-07 09:51:59,304 [cd9cff4b-1bd9-497e-976c-8eec10b9db64@group-022B701C3610-FollowerState] INFO  impl.FollowerState (FollowerState.java:run(134)) - cd9cff4b-1bd9-497e-976c-8eec10b9db64@group-022B701C3610-FollowerState: change to CANDIDATE, lastRpcElapsedTime:5193024876ns, electionTimeout:5192ms
2022-03-07 09:51:59,304 [cd9cff4b-1bd9-497e-976c-8eec10b9db64@group-022B701C3610-FollowerState] INFO  impl.RoleInfo (RoleInfo.java:shutdownFollowerState(108)) - cd9cff4b-1bd9-497e-976c-8eec10b9db64: shutdown cd9cff4b-1bd9-497e-976c-8eec10b9db64@group-022B701C3610-FollowerState
2022-03-07 09:51:59,304 [cd9cff4b-1bd9-497e-976c-8eec10b9db64@group-022B701C3610-FollowerState] INFO  server.RaftServer$Division (RaftServerImpl.java:setRole(290)) - cd9cff4b-1bd9-497e-976c-8eec10b9db64@group-022B701C3610: changes role from  FOLLOWER to CANDIDATE at term 0 for changeToCandidate
2022-03-07 09:51:59,304 [cd9cff4b-1bd9-497e-976c-8eec10b9db64@group-022B701C3610-FollowerState] INFO  server.RaftServerConfigKeys (ConfUtils.java:logGet(44)) - raft.server.leaderelection.pre-vote = false (custom)
2022-03-07 09:51:59,304 [cd9cff4b-1bd9-497e-976c-8eec10b9db64@group-022B701C3610-FollowerState] INFO  impl.RoleInfo (RoleInfo.java:updateAndGet(130)) - cd9cff4b-1bd9-497e-976c-8eec10b9db64: start cd9cff4b-1bd9-497e-976c-8eec10b9db64@group-022B701C3610-LeaderElection109
2022-03-07 09:51:59,312 [cd9cff4b-1bd9-497e-976c-8eec10b9db64@group-022B701C3610-LeaderElection109] INFO  impl.LeaderElection (LeaderElection.java:askForVotes(306)) - cd9cff4b-1bd9-497e-976c-8eec10b9db64@group-022B701C3610-LeaderElection109 ELECTION round 0: submit vote requests at term 1 for -1: [728f99e8-418e-4b00-b2e8-36f688b477dd|rpc:10.1.0.49:44013|priority:0, 79ee019c-6239-4f85-9f3b-dddcaaaeb0fb|rpc:10.1.0.49:41163|priority:0, cd9cff4b-1bd9-497e-976c-8eec10b9db64|rpc:10.1.0.49:42923|priority:1], old=null
2022-03-07 09:51:59,314 [grpc-default-executor-2] INFO  server.RaftServer$Division (RaftServerImpl.java:requestVote(1046)) - 728f99e8-418e-4b00-b2e8-36f688b477dd@group-022B701C3610: receive requestVote(ELECTION, cd9cff4b-1bd9-497e-976c-8eec10b9db64, group-022B701C3610, 1, (t:0, i:0))
2022-03-07 09:51:59,314 [grpc-default-executor-2] INFO  impl.VoteContext (VoteContext.java:log(48)) - 728f99e8-418e-4b00-b2e8-36f688b477dd@group-022B701C3610-FOLLOWER: accept ELECTION from cd9cff4b-1bd9-497e-976c-8eec10b9db64: our priority 0 <= candidate's priority 1
2022-03-07 09:51:59,314 [grpc-default-executor-2] INFO  server.RaftServer$Division (RaftServerImpl.java:setRole(290)) - 728f99e8-418e-4b00-b2e8-36f688b477dd@group-022B701C3610: changes role from  FOLLOWER to FOLLOWER at term 1 for candidate:cd9cff4b-1bd9-497e-976c-8eec10b9db64
2022-03-07 09:51:59,314 [grpc-default-executor-2] INFO  impl.RoleInfo (RoleInfo.java:shutdownFollowerState(108)) - 728f99e8-418e-4b00-b2e8-36f688b477dd: shutdown 728f99e8-418e-4b00-b2e8-36f688b477dd@group-022B701C3610-FollowerState
2022-03-07 09:51:59,315 [grpc-default-executor-2] INFO  impl.RoleInfo (RoleInfo.java:updateAndGet(130)) - 728f99e8-418e-4b00-b2e8-36f688b477dd: start 728f99e8-418e-4b00-b2e8-36f688b477dd@group-022B701C3610-FollowerState
2022-03-07 09:51:59,316 [728f99e8-418e-4b00-b2e8-36f688b477dd@group-022B701C3610-FollowerState] INFO  impl.FollowerState (FollowerState.java:run(143)) - 728f99e8-418e-4b00-b2e8-36f688b477dd@group-022B701C3610-FollowerState was interrupted: {}
java.lang.InterruptedException: sleep interrupted
	at java.lang.Thread.sleep(Native Method)
	at java.lang.Thread.sleep(Thread.java:342)
	at java.util.concurrent.TimeUnit.sleep(TimeUnit.java:386)
	at org.apache.ratis.util.TimeDuration.sleep(TimeDuration.java:324)
	at org.apache.ratis.util.TimeDuration.sleep(TimeDuration.java:309)
	at org.apache.ratis.server.impl.FollowerState.run(FollowerState.java:118)
2022-03-07 09:51:59,322 [grpc-default-executor-2] INFO  server.RaftServer$Division (RaftServerImpl.java:requestVote(1078)) - 728f99e8-418e-4b00-b2e8-36f688b477dd@group-022B701C3610 replies to ELECTION vote request: cd9cff4b-1bd9-497e-976c-8eec10b9db64<-728f99e8-418e-4b00-b2e8-36f688b477dd#0:OK-t1. Peer's state: 728f99e8-418e-4b00-b2e8-36f688b477dd@group-022B701C3610:t1, leader=null, voted=cd9cff4b-1bd9-497e-976c-8eec10b9db64, raftlog=728f99e8-418e-4b00-b2e8-36f688b477dd@group-022B701C3610-SegmentedRaftLog:OPENED:c-1, conf=-1: [728f99e8-418e-4b00-b2e8-36f688b477dd|rpc:10.1.0.49:44013|dataStream:|priority:0, 79ee019c-6239-4f85-9f3b-dddcaaaeb0fb|rpc:10.1.0.49:41163|dataStream:|priority:0, cd9cff4b-1bd9-497e-976c-8eec10b9db64|rpc:10.1.0.49:42923|dataStream:|priority:1], old=null
2022-03-07 09:51:59,322 [cd9cff4b-1bd9-497e-976c-8eec10b9db64@group-022B701C3610-LeaderElection109] INFO  impl.LeaderElection (LeaderElection.java:logAndReturn(89)) - cd9cff4b-1bd9-497e-976c-8eec10b9db64@group-022B701C3610-LeaderElection109: ELECTION PASSED received 1 response(s) and 0 exception(s):
2022-03-07 09:51:59,323 [cd9cff4b-1bd9-497e-976c-8eec10b9db64@group-022B701C3610-LeaderElection109] INFO  impl.LeaderElection (LeaderElection.java:logAndReturn(93)) -   Response 0: cd9cff4b-1bd9-497e-976c-8eec10b9db64<-728f99e8-418e-4b00-b2e8-36f688b477dd#0:OK-t1
2022-03-07 09:51:59,323 [cd9cff4b-1bd9-497e-976c-8eec10b9db64@group-022B701C3610-LeaderElection109] INFO  impl.LeaderElection (LeaderElection.java:askForVotes(308)) - cd9cff4b-1bd9-497e-976c-8eec10b9db64@group-022B701C3610-LeaderElection109 ELECTION round 0: result PASSED
2022-03-07 09:51:59,323 [cd9cff4b-1bd9-497e-976c-8eec10b9db64@group-022B701C3610-LeaderElection109] INFO  impl.RoleInfo (RoleInfo.java:shutdownLeaderElection(121)) - cd9cff4b-1bd9-497e-976c-8eec10b9db64: shutdown cd9cff4b-1bd9-497e-976c-8eec10b9db64@group-022B701C3610-LeaderElection109
2022-03-07 09:51:59,323 [cd9cff4b-1bd9-497e-976c-8eec10b9db64@group-022B701C3610-LeaderElection109] INFO  server.RaftServer$Division (RaftServerImpl.java:setRole(290)) - cd9cff4b-1bd9-497e-976c-8eec10b9db64@group-022B701C3610: changes role from CANDIDATE to LEADER at term 1 for changeToLeader
2022-03-07 09:51:59,323 [cd9cff4b-1bd9-497e-976c-8eec10b9db64@group-022B701C3610-LeaderElection109] INFO  ratis.XceiverServerRatis (XceiverServerRatis.java:handleLeaderChangedNotification(867)) - Leader change notification received for group: group-022B701C3610 with new leaderId: cd9cff4b-1bd9-497e-976c-8eec10b9db64
2022-03-07 09:51:59,323 [cd9cff4b-1bd9-497e-976c-8eec10b9db64@group-022B701C3610-LeaderElection109] INFO  server.RaftServer$Division (ServerState.java:setLeader(285)) - cd9cff4b-1bd9-497e-976c-8eec10b9db64@group-022B701C3610: change Leader from null to cd9cff4b-1bd9-497e-976c-8eec10b9db64 at term 1 for becomeLeader, leader elected after 5240ms
2022-03-07 09:51:59,323 [cd9cff4b-1bd9-497e-976c-8eec10b9db64@group-022B701C3610-LeaderElection109] INFO  server.RaftServerConfigKeys (ConfUtils.java:logGet(44)) - raft.server.staging.catchup.gap = 1000 (default)
2022-03-07 09:51:59,323 [cd9cff4b-1bd9-497e-976c-8eec10b9db64@group-022B701C3610-LeaderElection109] INFO  server.RaftServerConfigKeys (ConfUtils.java:logGet(44)) - raft.server.write.element-limit = 1024 (custom)
2022-03-07 09:51:59,323 [cd9cff4b-1bd9-497e-976c-8eec10b9db64@group-022B701C3610-LeaderElection109] INFO  server.RaftServerConfigKeys (ConfUtils.java:logGet(44)) - raft.server.write.byte-limit = 1024 M (=1073741824) (custom)
2022-03-07 09:51:59,323 [cd9cff4b-1bd9-497e-976c-8eec10b9db64@group-022B701C3610-LeaderElection109] INFO  server.RaftServerConfigKeys (ConfUtils.java:logGet(44)) - raft.server.watch.timeout = 3000ms (custom)
2022-03-07 09:51:59,324 [cd9cff4b-1bd9-497e-976c-8eec10b9db64@group-022B701C3610-LeaderElection109] INFO  server.RaftServerConfigKeys (ConfUtils.java:logGet(44)) - raft.server.watch.timeout.denomination = 1s (default)
2022-03-07 09:51:59,324 [cd9cff4b-1bd9-497e-976c-8eec10b9db64@group-022B701C3610-LeaderElection109] INFO  server.RaftServerConfigKeys (ConfUtils.java:logGet(44)) - raft.server.watch.element-limit = 65536 (default)
2022-03-07 09:51:59,324 [cd9cff4b-1bd9-497e-976c-8eec10b9db64@group-022B701C3610-LeaderElection109] INFO  server.RaftServerConfigKeys (ConfUtils.java:logGet(44)) - raft.server.write.element-limit = 1024 (custom)
2022-03-07 09:51:59,324 [cd9cff4b-1bd9-497e-976c-8eec10b9db64@group-022B701C3610-LeaderElection109] INFO  server.RaftServerConfigKeys (ConfUtils.java:logGet(44)) - raft.server.write.follower.gap.ratio.max = -1.0 (default)
2022-03-07 09:51:59,324 [cd9cff4b-1bd9-497e-976c-8eec10b9db64@group-022B701C3610-LeaderElection109] INFO  server.RaftServerConfigKeys (ConfUtils.java:logGet(44)) - raft.server.log.appender.snapshot.chunk.size.max = 16MB (=16777216) (default)
2022-03-07 09:51:59,326 [cd9cff4b-1bd9-497e-976c-8eec10b9db64@group-022B701C3610-LeaderElection109] INFO  server.RaftServerConfigKeys (ConfUtils.java:logGet(44)) - raft.server.log.appender.buffer.byte-limit = 33554432 (custom)
2022-03-07 09:51:59,326 [cd9cff4b-1bd9-497e-976c-8eec10b9db64@group-022B701C3610-LeaderElection109] INFO  server.RaftServerConfigKeys (ConfUtils.java:logGet(44)) - raft.server.log.appender.buffer.element-limit = 1 (custom)
2022-03-07 09:51:59,326 [cd9cff4b-1bd9-497e-976c-8eec10b9db64@group-022B701C3610-LeaderElection109] INFO  grpc.GrpcConfigKeys (ConfUtils.java:logGet(44)) - raft.grpc.server.leader.outstanding.appends.max = 128 (default)
2022-03-07 09:51:59,326 [cd9cff4b-1bd9-497e-976c-8eec10b9db64@group-022B701C3610-LeaderElection109] INFO  server.RaftServerConfigKeys (ConfUtils.java:logGet(44)) - raft.server.rpc.request.timeout = 3000ms (default)
2022-03-07 09:51:59,326 [cd9cff4b-1bd9-497e-976c-8eec10b9db64@group-022B701C3610-LeaderElection109] INFO  server.RaftServerConfigKeys (ConfUtils.java:logGet(44)) - raft.server.log.appender.install.snapshot.enabled = false (custom)
2022-03-07 09:51:59,327 [cd9cff4b-1bd9-497e-976c-8eec10b9db64@group-022B701C3610-LeaderElection109] INFO  server.RaftServerConfigKeys (ConfUtils.java:logGet(44)) - raft.server.log.appender.snapshot.chunk.size.max = 16MB (=16777216) (default)
2022-03-07 09:51:59,328 [cd9cff4b-1bd9-497e-976c-8eec10b9db64@group-022B701C3610-LeaderElection109] INFO  server.RaftServerConfigKeys (ConfUtils.java:logGet(44)) - raft.server.log.appender.buffer.byte-limit = 33554432 (custom)
2022-03-07 09:51:59,328 [cd9cff4b-1bd9-497e-976c-8eec10b9db64@group-022B701C3610-LeaderElection109] INFO  server.RaftServerConfigKeys (ConfUtils.java:logGet(44)) - raft.server.log.appender.buffer.element-limit = 1 (custom)
2022-03-07 09:51:59,328 [cd9cff4b-1bd9-497e-976c-8eec10b9db64@group-022B701C3610-LeaderElection109] INFO  grpc.GrpcConfigKeys (ConfUtils.java:logGet(44)) - raft.grpc.server.leader.outstanding.appends.max = 128 (default)
2022-03-07 09:51:59,328 [cd9cff4b-1bd9-497e-976c-8eec10b9db64@group-022B701C3610-LeaderElection109] INFO  server.RaftServerConfigKeys (ConfUtils.java:logGet(44)) - raft.server.rpc.request.timeout = 3000ms (default)
2022-03-07 09:51:59,328 [cd9cff4b-1bd9-497e-976c-8eec10b9db64@group-022B701C3610-LeaderElection109] INFO  server.RaftServerConfigKeys (ConfUtils.java:logGet(44)) - raft.server.log.appender.install.snapshot.enabled = false (custom)
2022-03-07 09:51:59,326 [EventQueue-PipelineReportForPipelineReportHandler] INFO  pipeline.PipelineManagerImpl (PipelineManagerImpl.java:openPipeline(291)) - Pipeline Pipeline[ Id: b529f8ba-3bf9-49bc-adf3-022b701c3610, Nodes: 79ee019c-6239-4f85-9f3b-dddcaaaeb0fb{ip: 10.1.0.49, host: fv-az291-317.wgnan5asplgejimfprtllbpdch.jx.internal.cloudapp.net, ports: [REPLICATION=42249, RATIS=41163, RATIS_ADMIN=41163, RATIS_SERVER=41163, STANDALONE=43119], networkLocation: /default-rack, certSerialId: null, persistedOpState: IN_SERVICE, persistedOpStateExpiryEpochSec: 0}728f99e8-418e-4b00-b2e8-36f688b477dd{ip: 10.1.0.49, host: fv-az291-317.wgnan5asplgejimfprtllbpdch.jx.internal.cloudapp.net, ports: [REPLICATION=38547, RATIS=44013, RATIS_ADMIN=44013, RATIS_SERVER=44013, STANDALONE=41573], networkLocation: /default-rack, certSerialId: null, persistedOpState: IN_SERVICE, persistedOpStateExpiryEpochSec: 0}cd9cff4b-1bd9-497e-976c-8eec10b9db64{ip: 10.1.0.49, host: fv-az291-317.wgnan5asplgejimfprtllbpdch.jx.internal.cloudapp.net, ports: [REPLICATION=46825, RATIS=42923, RATIS_ADMIN=42923, RATIS_SERVER=42923, STANDALONE=43941], networkLocation: /default-rack, certSerialId: null, persistedOpState: IN_SERVICE, persistedOpStateExpiryEpochSec: 0}, ReplicationConfig: RATIS/THREE, State:ALLOCATED, leaderId:cd9cff4b-1bd9-497e-976c-8eec10b9db64, CreationTimestamp2022-03-07T09:51:52.565Z[Etc/UTC]] moved to OPEN state
2022-03-07 09:51:59,336 [grpc-default-executor-2] INFO  server.RaftServer$Division (RaftServerImpl.java:requestVote(1046)) - 79ee019c-6239-4f85-9f3b-dddcaaaeb0fb@group-022B701C3610: receive requestVote(ELECTION, cd9cff4b-1bd9-497e-976c-8eec10b9db64, group-022B701C3610, 1, (t:0, i:0))
2022-03-07 09:51:59,336 [grpc-default-executor-2] INFO  impl.VoteContext (VoteContext.java:log(48)) - 79ee019c-6239-4f85-9f3b-dddcaaaeb0fb@group-022B701C3610-FOLLOWER: accept ELECTION from cd9cff4b-1bd9-497e-976c-8eec10b9db64: our priority 0 <= candidate's priority 1
2022-03-07 09:51:59,336 [grpc-default-executor-2] INFO  server.RaftServer$Division (RaftServerImpl.java:setRole(290)) - 79ee019c-6239-4f85-9f3b-dddcaaaeb0fb@group-022B701C3610: changes role from  FOLLOWER to FOLLOWER at term 1 for candidate:cd9cff4b-1bd9-497e-976c-8eec10b9db64
2022-03-07 09:51:59,336 [grpc-default-executor-2] INFO  impl.RoleInfo (RoleInfo.java:shutdownFollowerState(108)) - 79ee019c-6239-4f85-9f3b-dddcaaaeb0fb: shutdown 79ee019c-6239-4f85-9f3b-dddcaaaeb0fb@group-022B701C3610-FollowerState
2022-03-07 09:51:59,336 [grpc-default-executor-2] INFO  impl.RoleInfo (RoleInfo.java:updateAndGet(130)) - 79ee019c-6239-4f85-9f3b-dddcaaaeb0fb: start 79ee019c-6239-4f85-9f3b-dddcaaaeb0fb@group-022B701C3610-FollowerState
2022-03-07 09:51:59,336 [79ee019c-6239-4f85-9f3b-dddcaaaeb0fb@group-022B701C3610-FollowerState] INFO  impl.FollowerState (FollowerState.java:run(143)) - 79ee019c-6239-4f85-9f3b-dddcaaaeb0fb@group-022B701C3610-FollowerState was interrupted: {}
java.lang.InterruptedException: sleep interrupted
	at java.lang.Thread.sleep(Native Method)
	at java.lang.Thread.sleep(Thread.java:342)
	at java.util.concurrent.TimeUnit.sleep(TimeUnit.java:386)
	at org.apache.ratis.util.TimeDuration.sleep(TimeDuration.java:324)
	at org.apache.ratis.util.TimeDuration.sleep(TimeDuration.java:309)
	at org.apache.ratis.server.impl.FollowerState.run(FollowerState.java:118)
2022-03-07 09:51:59,348 [cd9cff4b-1bd9-497e-976c-8eec10b9db64@group-022B701C3610-LeaderElection109] INFO  impl.RoleInfo (RoleInfo.java:updateAndGet(130)) - cd9cff4b-1bd9-497e-976c-8eec10b9db64: start cd9cff4b-1bd9-497e-976c-8eec10b9db64@group-022B701C3610-LeaderStateImpl
2022-03-07 09:51:59,348 [cd9cff4b-1bd9-497e-976c-8eec10b9db64@group-022B701C3610-LeaderElection109] INFO  segmented.SegmentedRaftLogWorker (SegmentedRaftLogWorker.java:startLogSegment(394)) - cd9cff4b-1bd9-497e-976c-8eec10b9db64@group-022B701C3610-SegmentedRaftLogWorker: Starting segment from index:0
2022-03-07 09:51:59,350 [cd9cff4b-1bd9-497e-976c-8eec10b9db64@group-022B701C3610-SegmentedRaftLogWorker] INFO  segmented.SegmentedRaftLogWorker (SegmentedRaftLogWorker.java:execute(601)) - cd9cff4b-1bd9-497e-976c-8eec10b9db64@group-022B701C3610-SegmentedRaftLogWorker: created new log segment /home/runner/work/ozone/ozone/hadoop-ozone/integration-test/target/test-dir/MiniOzoneClusterImpl-4c099742-f0a8-499d-a606-d482764d36d7/datanode-2/data/ratis/b529f8ba-3bf9-49bc-adf3-022b701c3610/current/log_inprogress_0
2022-03-07 09:51:59,351 [grpc-default-executor-2] INFO  server.RaftServer$Division (RaftServerImpl.java:requestVote(1078)) - 79ee019c-6239-4f85-9f3b-dddcaaaeb0fb@group-022B701C3610 replies to ELECTION vote request: cd9cff4b-1bd9-497e-976c-8eec10b9db64<-79ee019c-6239-4f85-9f3b-dddcaaaeb0fb#0:OK-t1. Peer's state: 79ee019c-6239-4f85-9f3b-dddcaaaeb0fb@group-022B701C3610:t1, leader=null, voted=cd9cff4b-1bd9-497e-976c-8eec10b9db64, raftlog=79ee019c-6239-4f85-9f3b-dddcaaaeb0fb@group-022B701C3610-SegmentedRaftLog:OPENED:c-1, conf=-1: [728f99e8-418e-4b00-b2e8-36f688b477dd|rpc:10.1.0.49:44013|dataStream:|priority:0, 79ee019c-6239-4f85-9f3b-dddcaaaeb0fb|rpc:10.1.0.49:41163|dataStream:|priority:0, cd9cff4b-1bd9-497e-976c-8eec10b9db64|rpc:10.1.0.49:42923|dataStream:|priority:1], old=null
2022-03-07 09:51:59,357 [grpc-default-executor-2] INFO  ratis.XceiverServerRatis (XceiverServerRatis.java:handleLeaderChangedNotification(867)) - Leader change notification received for group: group-022B701C3610 with new leaderId: cd9cff4b-1bd9-497e-976c-8eec10b9db64
2022-03-07 09:51:59,357 [grpc-default-executor-2] INFO  server.RaftServer$Division (ServerState.java:setLeader(285)) - 79ee019c-6239-4f85-9f3b-dddcaaaeb0fb@group-022B701C3610: change Leader from null to cd9cff4b-1bd9-497e-976c-8eec10b9db64 at term 1 for appendEntries, leader elected after 5187ms
2022-03-07 09:51:59,370 [cd9cff4b-1bd9-497e-976c-8eec10b9db64@group-022B701C3610-LeaderElection109] INFO  server.RaftServer$Division (ServerState.java:setRaftConf(387)) - cd9cff4b-1bd9-497e-976c-8eec10b9db64@group-022B701C3610: set configuration 0: [728f99e8-418e-4b00-b2e8-36f688b477dd|rpc:10.1.0.49:44013|dataStream:|priority:0, 79ee019c-6239-4f85-9f3b-dddcaaaeb0fb|rpc:10.1.0.49:41163|dataStream:|priority:0, cd9cff4b-1bd9-497e-976c-8eec10b9db64|rpc:10.1.0.49:42923|dataStream:|priority:1], old=null
2022-03-07 09:51:59,390 [grpc-default-executor-2] INFO  server.RaftServer$Division (ServerState.java:setRaftConf(387)) - 79ee019c-6239-4f85-9f3b-dddcaaaeb0fb@group-022B701C3610: set configuration 0: [728f99e8-418e-4b00-b2e8-36f688b477dd|rpc:10.1.0.49:44013|dataStream:|priority:0, 79ee019c-6239-4f85-9f3b-dddcaaaeb0fb|rpc:10.1.0.49:41163|dataStream:|priority:0, cd9cff4b-1bd9-497e-976c-8eec10b9db64|rpc:10.1.0.49:42923|dataStream:|priority:1], old=null
2022-03-07 09:51:59,390 [grpc-default-executor-2] INFO  segmented.SegmentedRaftLogWorker (SegmentedRaftLogWorker.java:startLogSegment(394)) - 79ee019c-6239-4f85-9f3b-dddcaaaeb0fb@group-022B701C3610-SegmentedRaftLogWorker: Starting segment from index:0
2022-03-07 09:51:59,392 [79ee019c-6239-4f85-9f3b-dddcaaaeb0fb@group-022B701C3610-SegmentedRaftLogWorker] INFO  segmented.SegmentedRaftLogWorker (SegmentedRaftLogWorker.java:execute(601)) - 79ee019c-6239-4f85-9f3b-dddcaaaeb0fb@group-022B701C3610-SegmentedRaftLogWorker: created new log segment /home/runner/work/ozone/ozone/hadoop-ozone/integration-test/target/test-dir/MiniOzoneClusterImpl-4c099742-f0a8-499d-a606-d482764d36d7/datanode-6/data/ratis/b529f8ba-3bf9-49bc-adf3-022b701c3610/current/log_inprogress_0
2022-03-07 09:51:59,410 [grpc-default-executor-5] INFO  ratis.XceiverServerRatis (XceiverServerRatis.java:handleLeaderChangedNotification(867)) - Leader change notification received for group: group-022B701C3610 with new leaderId: cd9cff4b-1bd9-497e-976c-8eec10b9db64
2022-03-07 09:51:59,411 [grpc-default-executor-5] INFO  server.RaftServer$Division (ServerState.java:setLeader(285)) - 728f99e8-418e-4b00-b2e8-36f688b477dd@group-022B701C3610: change Leader from null to cd9cff4b-1bd9-497e-976c-8eec10b9db64 at term 1 for appendEntries, leader elected after 5059ms
2022-03-07 09:51:59,425 [grpc-default-executor-5] INFO  server.RaftServer$Division (ServerState.java:setRaftConf(387)) - 728f99e8-418e-4b00-b2e8-36f688b477dd@group-022B701C3610: set configuration 0: [728f99e8-418e-4b00-b2e8-36f688b477dd|rpc:10.1.0.49:44013|dataStream:|priority:0, 79ee019c-6239-4f85-9f3b-dddcaaaeb0fb|rpc:10.1.0.49:41163|dataStream:|priority:0, cd9cff4b-1bd9-497e-976c-8eec10b9db64|rpc:10.1.0.49:42923|dataStream:|priority:1], old=null
2022-03-07 09:51:59,426 [grpc-default-executor-5] INFO  segmented.SegmentedRaftLogWorker (SegmentedRaftLogWorker.java:startLogSegment(394)) - 728f99e8-418e-4b00-b2e8-36f688b477dd@group-022B701C3610-SegmentedRaftLogWorker: Starting segment from index:0
2022-03-07 09:51:59,430 [728f99e8-418e-4b00-b2e8-36f688b477dd@group-022B701C3610-SegmentedRaftLogWorker] INFO  segmented.SegmentedRaftLogWorker (SegmentedRaftLogWorker.java:execute(601)) - 728f99e8-418e-4b00-b2e8-36f688b477dd@group-022B701C3610-SegmentedRaftLogWorker: created new log segment /home/runner/work/ozone/ozone/hadoop-ozone/integration-test/target/test-dir/MiniOzoneClusterImpl-4c099742-f0a8-499d-a606-d482764d36d7/datanode-0/data/ratis/b529f8ba-3bf9-49bc-adf3-022b701c3610/current/log_inprogress_0
2022-03-07 09:51:59,450 [Listener at 127.0.0.1/40579] INFO  ozoneimpl.OzoneContainer (OzoneContainer.java:stop(356)) - Attempting to stop container services.
2022-03-07 09:51:59,450 [ForkJoinPool.commonPool-worker-1] INFO  ozoneimpl.OzoneContainer (OzoneContainer.java:stop(356)) - Attempting to stop container services.
2022-03-07 09:51:59,451 [ForkJoinPool.commonPool-worker-1] INFO  server.RaftServer (RaftServerProxy.java:lambda$close$6(391)) - 616d314c-ba0d-49c9-8f1d-797448dad8fd: close
2022-03-07 09:51:59,451 [ForkJoinPool.commonPool-worker-1] INFO  server.RaftServer$Division (RaftServerImpl.java:lambda$close$4(412)) - 616d314c-ba0d-49c9-8f1d-797448dad8fd@group-8D08D2C66B42: shutdown
2022-03-07 09:51:59,451 [ForkJoinPool.commonPool-worker-1] INFO  util.JmxRegister (JmxRegister.java:unregister(73)) - Successfully un-registered JMX Bean with object name Ratis:service=RaftServer,group=group-8D08D2C66B42,id=616d314c-ba0d-49c9-8f1d-797448dad8fd
2022-03-07 09:51:59,451 [ForkJoinPool.commonPool-worker-1] INFO  impl.RoleInfo (RoleInfo.java:shutdownLeaderState(91)) - 616d314c-ba0d-49c9-8f1d-797448dad8fd: shutdown 616d314c-ba0d-49c9-8f1d-797448dad8fd@group-8D08D2C66B42-LeaderStateImpl
2022-03-07 09:51:59,451 [ForkJoinPool.commonPool-worker-1] INFO  impl.PendingRequests (PendingRequests.java:sendNotLeaderResponses(282)) - 616d314c-ba0d-49c9-8f1d-797448dad8fd@group-8D08D2C66B42-PendingRequests: sendNotLeaderResponses
2022-03-07 09:51:59,452 [ForkJoinPool.commonPool-worker-1] INFO  impl.StateMachineUpdater (StateMachineUpdater.java:stopAndJoin(149)) - 616d314c-ba0d-49c9-8f1d-797448dad8fd@group-8D08D2C66B42-StateMachineUpdater: set stopIndex = 0
2022-03-07 09:51:59,452 [Listener at 127.0.0.1/40579] INFO  server.RaftServer (RaftServerProxy.java:lambda$close$6(391)) - 84008c31-6636-4a62-b386-f7fb7e7ffddc: close
2022-03-07 09:51:59,452 [Listener at 127.0.0.1/40579] INFO  server.RaftServer$Division (RaftServerImpl.java:lambda$close$4(412)) - 84008c31-6636-4a62-b386-f7fb7e7ffddc@group-7EB04D50015F: shutdown
2022-03-07 09:51:59,452 [Listener at 127.0.0.1/40579] INFO  util.JmxRegister (JmxRegister.java:unregister(73)) - Successfully un-registered JMX Bean with object name Ratis:service=RaftServer,group=group-7EB04D50015F,id=84008c31-6636-4a62-b386-f7fb7e7ffddc
2022-03-07 09:51:59,452 [Listener at 127.0.0.1/40579] INFO  impl.RoleInfo (RoleInfo.java:shutdownFollowerState(108)) - 84008c31-6636-4a62-b386-f7fb7e7ffddc: shutdown 84008c31-6636-4a62-b386-f7fb7e7ffddc@group-7EB04D50015F-FollowerState
2022-03-07 09:51:59,453 [Listener at 127.0.0.1/40579] INFO  impl.StateMachineUpdater (StateMachineUpdater.java:stopAndJoin(149)) - 84008c31-6636-4a62-b386-f7fb7e7ffddc@group-7EB04D50015F-StateMachineUpdater: set stopIndex = 0
2022-03-07 09:51:59,453 [84008c31-6636-4a62-b386-f7fb7e7ffddc@group-7EB04D50015F-FollowerState] INFO  impl.FollowerState (FollowerState.java:run(143)) - 84008c31-6636-4a62-b386-f7fb7e7ffddc@group-7EB04D50015F-FollowerState was interrupted: {}
java.lang.InterruptedException: sleep interrupted
	at java.lang.Thread.sleep(Native Method)
	at java.lang.Thread.sleep(Thread.java:342)
	at java.util.concurrent.TimeUnit.sleep(TimeUnit.java:386)
	at org.apache.ratis.util.TimeDuration.sleep(TimeDuration.java:324)
	at org.apache.ratis.util.TimeDuration.sleep(TimeDuration.java:309)
	at org.apache.ratis.server.impl.FollowerState.run(FollowerState.java:118)
2022-03-07 09:51:59,453 [84008c31-6636-4a62-b386-f7fb7e7ffddc@group-7EB04D50015F-StateMachineUpdater] INFO  ratis.ContainerStateMachine (ContainerStateMachine.java:takeSnapshot(304)) - group-7EB04D50015F: Taking a snapshot at:(t:2, i:0) file /home/runner/work/ozone/ozone/hadoop-ozone/integration-test/target/test-dir/MiniOzoneClusterImpl-4c099742-f0a8-499d-a606-d482764d36d7/datanode-4/data/ratis/c80e71a3-a3ae-4d9c-b7b4-7eb04d50015f/sm/snapshot.2_0
2022-03-07 09:51:59,452 [616d314c-ba0d-49c9-8f1d-797448dad8fd@group-8D08D2C66B42-StateMachineUpdater] INFO  ratis.ContainerStateMachine (ContainerStateMachine.java:takeSnapshot(304)) - group-8D08D2C66B42: Taking a snapshot at:(t:1, i:0) file /home/runner/work/ozone/ozone/hadoop-ozone/integration-test/target/test-dir/MiniOzoneClusterImpl-4c099742-f0a8-499d-a606-d482764d36d7/datanode-1/data/ratis/923a3941-3f74-42f8-9986-8d08d2c66b42/sm/snapshot.1_0
2022-03-07 09:51:59,454 [84008c31-6636-4a62-b386-f7fb7e7ffddc@group-7EB04D50015F-StateMachineUpdater] INFO  ratis.ContainerStateMachine (ContainerStateMachine.java:takeSnapshot(315)) - group-7EB04D50015F: Finished taking a snapshot at:(t:2, i:0) file:/home/runner/work/ozone/ozone/hadoop-ozone/integration-test/target/test-dir/MiniOzoneClusterImpl-4c099742-f0a8-499d-a606-d482764d36d7/datanode-4/data/ratis/c80e71a3-a3ae-4d9c-b7b4-7eb04d50015f/sm/snapshot.2_0 took: 0 ms
2022-03-07 09:51:59,454 [616d314c-ba0d-49c9-8f1d-797448dad8fd@group-8D08D2C66B42-StateMachineUpdater] INFO  ratis.ContainerStateMachine (ContainerStateMachine.java:takeSnapshot(315)) - group-8D08D2C66B42: Finished taking a snapshot at:(t:1, i:0) file:/home/runner/work/ozone/ozone/hadoop-ozone/integration-test/target/test-dir/MiniOzoneClusterImpl-4c099742-f0a8-499d-a606-d482764d36d7/datanode-1/data/ratis/923a3941-3f74-42f8-9986-8d08d2c66b42/sm/snapshot.1_0 took: 1 ms
2022-03-07 09:51:59,454 [616d314c-ba0d-49c9-8f1d-797448dad8fd@group-8D08D2C66B42-StateMachineUpdater] INFO  impl.StateMachineUpdater (StateMachineUpdater.java:takeSnapshot(281)) - 616d314c-ba0d-49c9-8f1d-797448dad8fd@group-8D08D2C66B42-StateMachineUpdater: Took a snapshot at index 0
2022-03-07 09:51:59,454 [616d314c-ba0d-49c9-8f1d-797448dad8fd@group-8D08D2C66B42-StateMachineUpdater] INFO  impl.StateMachineUpdater (StateMachineUpdater.java:lambda$new$0(89)) - 616d314c-ba0d-49c9-8f1d-797448dad8fd@group-8D08D2C66B42-StateMachineUpdater: snapshotIndex: updateIncreasingly -1 -> 0
2022-03-07 09:51:59,454 [84008c31-6636-4a62-b386-f7fb7e7ffddc@group-7EB04D50015F-StateMachineUpdater] INFO  impl.StateMachineUpdater (StateMachineUpdater.java:takeSnapshot(281)) - 84008c31-6636-4a62-b386-f7fb7e7ffddc@group-7EB04D50015F-StateMachineUpdater: Took a snapshot at index 0
2022-03-07 09:51:59,454 [84008c31-6636-4a62-b386-f7fb7e7ffddc@group-7EB04D50015F-StateMachineUpdater] INFO  impl.StateMachineUpdater (StateMachineUpdater.java:lambda$new$0(89)) - 84008c31-6636-4a62-b386-f7fb7e7ffddc@group-7EB04D50015F-StateMachineUpdater: snapshotIndex: updateIncreasingly -1 -> 0
2022-03-07 09:51:59,455 [Listener at 127.0.0.1/40579] INFO  server.RaftServer$Division (ServerState.java:close(419)) - 84008c31-6636-4a62-b386-f7fb7e7ffddc@group-7EB04D50015F: closes. applyIndex: 0
2022-03-07 09:51:59,455 [84008c31-6636-4a62-b386-f7fb7e7ffddc@group-7EB04D50015F-SegmentedRaftLogWorker] INFO  segmented.SegmentedRaftLogWorker (SegmentedRaftLogWorker.java:run(327)) - 84008c31-6636-4a62-b386-f7fb7e7ffddc@group-7EB04D50015F-SegmentedRaftLogWorker was interrupted, exiting. There are 0 tasks remaining in the queue.
2022-03-07 09:51:59,456 [Listener at 127.0.0.1/40579] INFO  segmented.SegmentedRaftLogWorker (SegmentedRaftLogWorker.java:close(237)) - 84008c31-6636-4a62-b386-f7fb7e7ffddc@group-7EB04D50015F-SegmentedRaftLogWorker close()
2022-03-07 09:51:59,456 [ForkJoinPool.commonPool-worker-1] INFO  server.RaftServer$Division (ServerState.java:close(419)) - 616d314c-ba0d-49c9-8f1d-797448dad8fd@group-8D08D2C66B42: closes. applyIndex: 0
2022-03-07 09:51:59,456 [616d314c-ba0d-49c9-8f1d-797448dad8fd@group-8D08D2C66B42-SegmentedRaftLogWorker] INFO  segmented.SegmentedRaftLogWorker (SegmentedRaftLogWorker.java:run(327)) - 616d314c-ba0d-49c9-8f1d-797448dad8fd@group-8D08D2C66B42-SegmentedRaftLogWorker was interrupted, exiting. There are 0 tasks remaining in the queue.
2022-03-07 09:51:59,456 [ForkJoinPool.commonPool-worker-1] INFO  segmented.SegmentedRaftLogWorker (SegmentedRaftLogWorker.java:close(237)) - 616d314c-ba0d-49c9-8f1d-797448dad8fd@group-8D08D2C66B42-SegmentedRaftLogWorker close()
2022-03-07 09:51:59,478 [ForkJoinPool.commonPool-worker-1] INFO  server.RaftServer$Division (RaftServerImpl.java:lambda$close$4(412)) - 616d314c-ba0d-49c9-8f1d-797448dad8fd@group-993C76073EC3: shutdown
2022-03-07 09:51:59,479 [ForkJoinPool.commonPool-worker-1] INFO  util.JmxRegister (JmxRegister.java:unregister(73)) - Successfully un-registered JMX Bean with object name Ratis:service=RaftServer,group=group-993C76073EC3,id=616d314c-ba0d-49c9-8f1d-797448dad8fd
2022-03-07 09:51:59,479 [ForkJoinPool.commonPool-worker-1] INFO  impl.RoleInfo (RoleInfo.java:shutdownFollowerState(108)) - 616d314c-ba0d-49c9-8f1d-797448dad8fd: shutdown 616d314c-ba0d-49c9-8f1d-797448dad8fd@group-993C76073EC3-FollowerState
2022-03-07 09:51:59,479 [Listener at 127.0.0.1/40579] INFO  server.RaftServer$Division (RaftServerImpl.java:lambda$close$4(412)) - 84008c31-6636-4a62-b386-f7fb7e7ffddc@group-C003513866D6: shutdown
2022-03-07 09:51:59,479 [Listener at 127.0.0.1/40579] INFO  util.JmxRegister (JmxRegister.java:unregister(73)) - Successfully un-registered JMX Bean with object name Ratis:service=RaftServer,group=group-C003513866D6,id=84008c31-6636-4a62-b386-f7fb7e7ffddc
2022-03-07 09:51:59,479 [Listener at 127.0.0.1/40579] INFO  impl.RoleInfo (RoleInfo.java:shutdownLeaderState(91)) - 84008c31-6636-4a62-b386-f7fb7e7ffddc: shutdown 84008c31-6636-4a62-b386-f7fb7e7ffddc@group-C003513866D6-LeaderStateImpl
2022-03-07 09:51:59,479 [Listener at 127.0.0.1/40579] INFO  impl.PendingRequests (PendingRequests.java:sendNotLeaderResponses(282)) - 84008c31-6636-4a62-b386-f7fb7e7ffddc@group-C003513866D6-PendingRequests: sendNotLeaderResponses
2022-03-07 09:51:59,480 [616d314c-ba0d-49c9-8f1d-797448dad8fd@group-993C76073EC3-FollowerState] INFO  impl.FollowerState (FollowerState.java:run(143)) - 616d314c-ba0d-49c9-8f1d-797448dad8fd@group-993C76073EC3-FollowerState was interrupted: {}
java.lang.InterruptedException: sleep interrupted
	at java.lang.Thread.sleep(Native Method)
	at java.lang.Thread.sleep(Thread.java:342)
	at java.util.concurrent.TimeUnit.sleep(TimeUnit.java:386)
	at org.apache.ratis.util.TimeDuration.sleep(TimeDuration.java:324)
	at org.apache.ratis.util.TimeDuration.sleep(TimeDuration.java:309)
	at org.apache.ratis.server.impl.FollowerState.run(FollowerState.java:118)
2022-03-07 09:51:59,480 [ForkJoinPool.commonPool-worker-1] INFO  impl.StateMachineUpdater (StateMachineUpdater.java:stopAndJoin(149)) - 616d314c-ba0d-49c9-8f1d-797448dad8fd@group-993C76073EC3-StateMachineUpdater: set stopIndex = -1
2022-03-07 09:51:59,480 [ForkJoinPool.commonPool-worker-1] INFO  server.RaftServer$Division (ServerState.java:close(419)) - 616d314c-ba0d-49c9-8f1d-797448dad8fd@group-993C76073EC3: closes. applyIndex: -1
2022-03-07 09:51:59,480 [616d314c-ba0d-49c9-8f1d-797448dad8fd@group-993C76073EC3-SegmentedRaftLogWorker] INFO  segmented.SegmentedRaftLogWorker (SegmentedRaftLogWorker.java:run(327)) - 616d314c-ba0d-49c9-8f1d-797448dad8fd@group-993C76073EC3-SegmentedRaftLogWorker was interrupted, exiting. There are 0 tasks remaining in the queue.
2022-03-07 09:51:59,481 [ForkJoinPool.commonPool-worker-1] INFO  segmented.SegmentedRaftLogWorker (SegmentedRaftLogWorker.java:close(237)) - 616d314c-ba0d-49c9-8f1d-797448dad8fd@group-993C76073EC3-SegmentedRaftLogWorker close()
2022-03-07 09:51:59,493 [ForkJoinPool.commonPool-worker-1] INFO  server.GrpcService (GrpcService.java:closeImpl(262)) - 616d314c-ba0d-49c9-8f1d-797448dad8fd: shutdown server with port 39129 now
2022-03-07 09:51:59,497 [Listener at 127.0.0.1/40579] INFO  impl.StateMachineUpdater (StateMachineUpdater.java:stopAndJoin(149)) - 84008c31-6636-4a62-b386-f7fb7e7ffddc@group-C003513866D6-StateMachineUpdater: set stopIndex = 0
2022-03-07 09:51:59,499 [ForkJoinPool.commonPool-worker-1] INFO  server.GrpcService (GrpcService.java:closeImpl(271)) - 616d314c-ba0d-49c9-8f1d-797448dad8fd: shutdown server with port 39129 successfully
2022-03-07 09:51:59,499 [org.apache.ratis.util.JvmPauseMonitor$$Lambda$431/73409498@15e4666f] INFO  util.JvmPauseMonitor (JvmPauseMonitor.java:run(109)) - JvmPauseMonitor-616d314c-ba0d-49c9-8f1d-797448dad8fd: Stopped
2022-03-07 09:51:59,504 [84008c31-6636-4a62-b386-f7fb7e7ffddc@group-C003513866D6-StateMachineUpdater] INFO  ratis.ContainerStateMachine (ContainerStateMachine.java:takeSnapshot(304)) - group-C003513866D6: Taking a snapshot at:(t:1, i:0) file /home/runner/work/ozone/ozone/hadoop-ozone/integration-test/target/test-dir/MiniOzoneClusterImpl-4c099742-f0a8-499d-a606-d482764d36d7/datanode-4/data/ratis/b21d2323-80ac-42b3-81aa-c003513866d6/sm/snapshot.1_0
2022-03-07 09:51:59,505 [84008c31-6636-4a62-b386-f7fb7e7ffddc@group-C003513866D6-StateMachineUpdater] INFO  ratis.ContainerStateMachine (ContainerStateMachine.java:takeSnapshot(315)) - group-C003513866D6: Finished taking a snapshot at:(t:1, i:0) file:/home/runner/work/ozone/ozone/hadoop-ozone/integration-test/target/test-dir/MiniOzoneClusterImpl-4c099742-f0a8-499d-a606-d482764d36d7/datanode-4/data/ratis/b21d2323-80ac-42b3-81aa-c003513866d6/sm/snapshot.1_0 took: 1 ms
2022-03-07 09:51:59,505 [84008c31-6636-4a62-b386-f7fb7e7ffddc@group-C003513866D6-StateMachineUpdater] INFO  impl.StateMachineUpdater (StateMachineUpdater.java:takeSnapshot(281)) - 84008c31-6636-4a62-b386-f7fb7e7ffddc@group-C003513866D6-StateMachineUpdater: Took a snapshot at index 0
2022-03-07 09:51:59,505 [84008c31-6636-4a62-b386-f7fb7e7ffddc@group-C003513866D6-StateMachineUpdater] INFO  impl.StateMachineUpdater (StateMachineUpdater.java:lambda$new$0(89)) - 84008c31-6636-4a62-b386-f7fb7e7ffddc@group-C003513866D6-StateMachineUpdater: snapshotIndex: updateIncreasingly -1 -> 0
2022-03-07 09:51:59,507 [Listener at 127.0.0.1/40579] INFO  server.RaftServer$Division (ServerState.java:close(419)) - 84008c31-6636-4a62-b386-f7fb7e7ffddc@group-C003513866D6: closes. applyIndex: 0
2022-03-07 09:51:59,509 [84008c31-6636-4a62-b386-f7fb7e7ffddc@group-C003513866D6-SegmentedRaftLogWorker] INFO  segmented.SegmentedRaftLogWorker (SegmentedRaftLogWorker.java:run(327)) - 84008c31-6636-4a62-b386-f7fb7e7ffddc@group-C003513866D6-SegmentedRaftLogWorker was interrupted, exiting. There are 0 tasks remaining in the queue.
2022-03-07 09:51:59,509 [Listener at 127.0.0.1/40579] INFO  segmented.SegmentedRaftLogWorker (SegmentedRaftLogWorker.java:close(237)) - 84008c31-6636-4a62-b386-f7fb7e7ffddc@group-C003513866D6-SegmentedRaftLogWorker close()
2022-03-07 09:51:59,514 [Listener at 127.0.0.1/40579] INFO  server.RaftServer$Division (RaftServerImpl.java:lambda$close$4(412)) - 84008c31-6636-4a62-b386-f7fb7e7ffddc@group-B74B02AAA056: shutdown
2022-03-07 09:51:59,514 [Listener at 127.0.0.1/40579] INFO  util.JmxRegister (JmxRegister.java:unregister(73)) - Successfully un-registered JMX Bean with object name Ratis:service=RaftServer,group=group-B74B02AAA056,id=84008c31-6636-4a62-b386-f7fb7e7ffddc
2022-03-07 09:51:59,514 [Listener at 127.0.0.1/40579] INFO  impl.RoleInfo (RoleInfo.java:shutdownFollowerState(108)) - 84008c31-6636-4a62-b386-f7fb7e7ffddc: shutdown 84008c31-6636-4a62-b386-f7fb7e7ffddc@group-B74B02AAA056-FollowerState
2022-03-07 09:51:59,514 [Listener at 127.0.0.1/40579] INFO  impl.StateMachineUpdater (StateMachineUpdater.java:stopAndJoin(149)) - 84008c31-6636-4a62-b386-f7fb7e7ffddc@group-B74B02AAA056-StateMachineUpdater: set stopIndex = 0
2022-03-07 09:51:59,514 [84008c31-6636-4a62-b386-f7fb7e7ffddc@group-B74B02AAA056-StateMachineUpdater] INFO  ratis.ContainerStateMachine (ContainerStateMachine.java:takeSnapshot(304)) - group-B74B02AAA056: Taking a snapshot at:(t:1, i:0) file /home/runner/work/ozone/ozone/hadoop-ozone/integration-test/target/test-dir/MiniOzoneClusterImpl-4c099742-f0a8-499d-a606-d482764d36d7/datanode-4/data/ratis/5b1c4279-099c-4815-8e9c-b74b02aaa056/sm/snapshot.1_0
2022-03-07 09:51:59,515 [84008c31-6636-4a62-b386-f7fb7e7ffddc@group-B74B02AAA056-StateMachineUpdater] INFO  ratis.ContainerStateMachine (ContainerStateMachine.java:takeSnapshot(315)) - group-B74B02AAA056: Finished taking a snapshot at:(t:1, i:0) file:/home/runner/work/ozone/ozone/hadoop-ozone/integration-test/target/test-dir/MiniOzoneClusterImpl-4c099742-f0a8-499d-a606-d482764d36d7/datanode-4/data/ratis/5b1c4279-099c-4815-8e9c-b74b02aaa056/sm/snapshot.1_0 took: 0 ms
2022-03-07 09:51:59,515 [84008c31-6636-4a62-b386-f7fb7e7ffddc@group-B74B02AAA056-StateMachineUpdater] INFO  impl.StateMachineUpdater (StateMachineUpdater.java:takeSnapshot(281)) - 84008c31-6636-4a62-b386-f7fb7e7ffddc@group-B74B02AAA056-StateMachineUpdater: Took a snapshot at index 0
2022-03-07 09:51:59,515 [84008c31-6636-4a62-b386-f7fb7e7ffddc@group-B74B02AAA056-StateMachineUpdater] INFO  impl.StateMachineUpdater (StateMachineUpdater.java:lambda$new$0(89)) - 84008c31-6636-4a62-b386-f7fb7e7ffddc@group-B74B02AAA056-StateMachineUpdater: snapshotIndex: updateIncreasingly -1 -> 0
2022-03-07 09:51:59,515 [Listener at 127.0.0.1/40579] INFO  server.RaftServer$Division (ServerState.java:close(419)) - 84008c31-6636-4a62-b386-f7fb7e7ffddc@group-B74B02AAA056: closes. applyIndex: 0
2022-03-07 09:51:59,516 [84008c31-6636-4a62-b386-f7fb7e7ffddc@group-B74B02AAA056-SegmentedRaftLogWorker] INFO  segmented.SegmentedRaftLogWorker (SegmentedRaftLogWorker.java:run(327)) - 84008c31-6636-4a62-b386-f7fb7e7ffddc@group-B74B02AAA056-SegmentedRaftLogWorker was interrupted, exiting. There are 0 tasks remaining in the queue.
2022-03-07 09:51:59,516 [Listener at 127.0.0.1/40579] INFO  segmented.SegmentedRaftLogWorker (SegmentedRaftLogWorker.java:close(237)) - 84008c31-6636-4a62-b386-f7fb7e7ffddc@group-B74B02AAA056-SegmentedRaftLogWorker close()
2022-03-07 09:51:59,516 [Listener at 127.0.0.1/40579] INFO  server.RaftServer$Division (RaftServerImpl.java:lambda$close$4(412)) - 84008c31-6636-4a62-b386-f7fb7e7ffddc@group-5B77DECE4517: shutdown
2022-03-07 09:51:59,516 [Listener at 127.0.0.1/40579] INFO  util.JmxRegister (JmxRegister.java:unregister(73)) - Successfully un-registered JMX Bean with object name Ratis:service=RaftServer,group=group-5B77DECE4517,id=84008c31-6636-4a62-b386-f7fb7e7ffddc
2022-03-07 09:51:59,516 [Listener at 127.0.0.1/40579] INFO  impl.RoleInfo (RoleInfo.java:shutdownLeaderState(91)) - 84008c31-6636-4a62-b386-f7fb7e7ffddc: shutdown 84008c31-6636-4a62-b386-f7fb7e7ffddc@group-5B77DECE4517-LeaderStateImpl
2022-03-07 09:51:59,516 [Listener at 127.0.0.1/40579] INFO  impl.PendingRequests (PendingRequests.java:sendNotLeaderResponses(282)) - 84008c31-6636-4a62-b386-f7fb7e7ffddc@group-5B77DECE4517-PendingRequests: sendNotLeaderResponses
2022-03-07 09:51:59,517 [Listener at 127.0.0.1/40579] INFO  impl.StateMachineUpdater (StateMachineUpdater.java:stopAndJoin(149)) - 84008c31-6636-4a62-b386-f7fb7e7ffddc@group-5B77DECE4517-StateMachineUpdater: set stopIndex = 0
2022-03-07 09:51:59,517 [84008c31-6636-4a62-b386-f7fb7e7ffddc@group-5B77DECE4517-StateMachineUpdater] INFO  ratis.ContainerStateMachine (ContainerStateMachine.java:takeSnapshot(304)) - group-5B77DECE4517: Taking a snapshot at:(t:4, i:0) file /home/runner/work/ozone/ozone/hadoop-ozone/integration-test/target/test-dir/MiniOzoneClusterImpl-4c099742-f0a8-499d-a606-d482764d36d7/datanode-4/data/ratis/27d35f41-3a25-4561-aa12-5b77dece4517/sm/snapshot.4_0
2022-03-07 09:51:59,518 [84008c31-6636-4a62-b386-f7fb7e7ffddc@group-5B77DECE4517-StateMachineUpdater] INFO  ratis.ContainerStateMachine (ContainerStateMachine.java:takeSnapshot(315)) - group-5B77DECE4517: Finished taking a snapshot at:(t:4, i:0) file:/home/runner/work/ozone/ozone/hadoop-ozone/integration-test/target/test-dir/MiniOzoneClusterImpl-4c099742-f0a8-499d-a606-d482764d36d7/datanode-4/data/ratis/27d35f41-3a25-4561-aa12-5b77dece4517/sm/snapshot.4_0 took: 1 ms
2022-03-07 09:51:59,518 [84008c31-6636-4a62-b386-f7fb7e7ffddc@group-5B77DECE4517-StateMachineUpdater] INFO  impl.StateMachineUpdater (StateMachineUpdater.java:takeSnapshot(281)) - 84008c31-6636-4a62-b386-f7fb7e7ffddc@group-5B77DECE4517-StateMachineUpdater: Took a snapshot at index 0
2022-03-07 09:51:59,518 [84008c31-6636-4a62-b386-f7fb7e7ffddc@group-5B77DECE4517-StateMachineUpdater] INFO  impl.StateMachineUpdater (StateMachineUpdater.java:lambda$new$0(89)) - 84008c31-6636-4a62-b386-f7fb7e7ffddc@group-5B77DECE4517-StateMachineUpdater: snapshotIndex: updateIncreasingly -1 -> 0
2022-03-07 09:51:59,519 [Listener at 127.0.0.1/40579] INFO  server.RaftServer$Division (ServerState.java:close(419)) - 84008c31-6636-4a62-b386-f7fb7e7ffddc@group-5B77DECE4517: closes. applyIndex: 0
2022-03-07 09:51:59,519 [84008c31-6636-4a62-b386-f7fb7e7ffddc@group-5B77DECE4517-SegmentedRaftLogWorker] INFO  segmented.SegmentedRaftLogWorker (SegmentedRaftLogWorker.java:run(327)) - 84008c31-6636-4a62-b386-f7fb7e7ffddc@group-5B77DECE4517-SegmentedRaftLogWorker was interrupted, exiting. There are 0 tasks remaining in the queue.
2022-03-07 09:51:59,519 [Listener at 127.0.0.1/40579] INFO  segmented.SegmentedRaftLogWorker (SegmentedRaftLogWorker.java:close(237)) - 84008c31-6636-4a62-b386-f7fb7e7ffddc@group-5B77DECE4517-SegmentedRaftLogWorker close()
2022-03-07 09:51:59,519 [84008c31-6636-4a62-b386-f7fb7e7ffddc@group-5B77DECE4517->edf60a86-ae5b-4f71-bc37-25062be06587-GrpcLogAppender-LogAppenderDaemon] WARN  server.GrpcLogAppender (GrpcLogAppender.java:mayWait(177)) - 84008c31-6636-4a62-b386-f7fb7e7ffddc@group-5B77DECE4517->edf60a86-ae5b-4f71-bc37-25062be06587-GrpcLogAppender: Wait interrupted by java.lang.InterruptedException
2022-03-07 09:51:59,519 [84008c31-6636-4a62-b386-f7fb7e7ffddc@group-5B77DECE4517->7fca689d-043b-47bb-bf18-12adf35ba2bc-GrpcLogAppender-LogAppenderDaemon] WARN  server.GrpcLogAppender (GrpcLogAppender.java:mayWait(177)) - 84008c31-6636-4a62-b386-f7fb7e7ffddc@group-5B77DECE4517->7fca689d-043b-47bb-bf18-12adf35ba2bc-GrpcLogAppender: Wait interrupted by java.lang.InterruptedException
2022-03-07 09:51:59,519 [84008c31-6636-4a62-b386-f7fb7e7ffddc@group-B74B02AAA056-FollowerState] INFO  impl.FollowerState (FollowerState.java:run(143)) - 84008c31-6636-4a62-b386-f7fb7e7ffddc@group-B74B02AAA056-FollowerState was interrupted: {}
java.lang.InterruptedException: sleep interrupted
	at java.lang.Thread.sleep(Native Method)
	at java.lang.Thread.sleep(Thread.java:342)
	at java.util.concurrent.TimeUnit.sleep(TimeUnit.java:386)
	at org.apache.ratis.util.TimeDuration.sleep(TimeDuration.java:324)
	at org.apache.ratis.util.TimeDuration.sleep(TimeDuration.java:309)
	at org.apache.ratis.server.impl.FollowerState.run(FollowerState.java:118)
2022-03-07 09:51:59,520 [Listener at 127.0.0.1/40579] INFO  server.GrpcService (GrpcService.java:closeImpl(262)) - 84008c31-6636-4a62-b386-f7fb7e7ffddc: shutdown server with port 44263 now
2022-03-07 09:51:59,520 [grpc-default-executor-5] INFO  server.GrpcServerProtocolService (GrpcServerProtocolService.java:onCompleted(140)) - edf60a86-ae5b-4f71-bc37-25062be06587: Completed APPEND_ENTRIES, lastRequest: 84008c31-6636-4a62-b386-f7fb7e7ffddc->edf60a86-ae5b-4f71-bc37-25062be06587#1-t4,previous=(t:0, i:0),leaderCommit=0,initializing? true,entries: size=1, first=(t:4, i:0), CONFIGURATIONENTRY
2022-03-07 09:51:59,520 [grpc-default-executor-2] INFO  server.GrpcServerProtocolService (GrpcServerProtocolService.java:onCompleted(140)) - 7fca689d-043b-47bb-bf18-12adf35ba2bc: Completed APPEND_ENTRIES, lastRequest: 84008c31-6636-4a62-b386-f7fb7e7ffddc->7fca689d-043b-47bb-bf18-12adf35ba2bc#1-t4,previous=(t:0, i:0),leaderCommit=-1,initializing? true,entries: size=1, first=(t:4, i:0), CONFIGURATIONENTRY
2022-03-07 09:51:59,521 [grpc-default-executor-2] INFO  server.GrpcLogAppender (GrpcLogAppender.java:onCompleted(346)) - 84008c31-6636-4a62-b386-f7fb7e7ffddc@group-5B77DECE4517->edf60a86-ae5b-4f71-bc37-25062be06587-AppendLogResponseHandler: follower responses appendEntries COMPLETED
2022-03-07 09:51:59,521 [grpc-default-executor-2] INFO  leader.FollowerInfo (FollowerInfoImpl.java:lambda$new$0(47)) - 84008c31-6636-4a62-b386-f7fb7e7ffddc@group-5B77DECE4517->edf60a86-ae5b-4f71-bc37-25062be06587: nextIndex: updateUnconditionally 1 -> 0
2022-03-07 09:51:59,522 [grpc-default-executor-5] INFO  server.GrpcLogAppender (GrpcLogAppender.java:onCompleted(346)) - 84008c31-6636-4a62-b386-f7fb7e7ffddc@group-5B77DECE4517->7fca689d-043b-47bb-bf18-12adf35ba2bc-AppendLogResponseHandler: follower responses appendEntries COMPLETED
2022-03-07 09:51:59,522 [grpc-default-executor-5] INFO  leader.FollowerInfo (FollowerInfoImpl.java:lambda$new$0(47)) - 84008c31-6636-4a62-b386-f7fb7e7ffddc@group-5B77DECE4517->7fca689d-043b-47bb-bf18-12adf35ba2bc: nextIndex: updateUnconditionally 1 -> 0
2022-03-07 09:51:59,524 [grpc-default-executor-0] WARN  server.GrpcServerProtocolService (LogUtils.java:warn(122)) - 84008c31-6636-4a62-b386-f7fb7e7ffddc: installSnapshot onError, lastRequest: 7fca689d-043b-47bb-bf18-12adf35ba2bc->84008c31-6636-4a62-b386-f7fb7e7ffddc#1-t1,previous=(t:0, i:0),leaderCommit=0,initializing? true,entries: size=1, first=(t:1, i:0), CONFIGURATIONENTRY: org.apache.ratis.thirdparty.io.grpc.StatusRuntimeException: CANCELLED: client cancelled
2022-03-07 09:51:59,524 [grpc-default-executor-3] WARN  server.GrpcLogAppender (LogUtils.java:warn(122)) - edf60a86-ae5b-4f71-bc37-25062be06587@group-7EB04D50015F->84008c31-6636-4a62-b386-f7fb7e7ffddc-AppendLogResponseHandler: Failed appendEntries: org.apache.ratis.thirdparty.io.grpc.StatusRuntimeException: CANCELLED: HTTP/2 error code: CANCEL
Received Rst Stream
2022-03-07 09:51:59,524 [grpc-default-executor-3] WARN  server.GrpcLogAppender (GrpcLogAppender.java:resetClient(110)) - edf60a86-ae5b-4f71-bc37-25062be06587@group-7EB04D50015F->84008c31-6636-4a62-b386-f7fb7e7ffddc-GrpcLogAppender: Leader has not got in touch with Follower edf60a86-ae5b-4f71-bc37-25062be06587@group-7EB04D50015F->84008c31-6636-4a62-b386-f7fb7e7ffddc(c0,m0,n1, attendVote=true, lastRpcSendTime=233, lastRpcResponseTime=227) yet, just keep nextIndex unchanged and retry.
2022-03-07 09:51:59,524 [grpc-default-executor-2] WARN  server.GrpcServerProtocolService (LogUtils.java:warn(122)) - 84008c31-6636-4a62-b386-f7fb7e7ffddc: installSnapshot onError, lastRequest: edf60a86-ae5b-4f71-bc37-25062be06587->84008c31-6636-4a62-b386-f7fb7e7ffddc#1-t2,previous=(t:0, i:0),leaderCommit=0,initializing? true,entries: size=1, first=(t:2, i:0), CONFIGURATIONENTRY: org.apache.ratis.thirdparty.io.grpc.StatusRuntimeException: CANCELLED: client cancelled
2022-03-07 09:51:59,524 [grpc-default-executor-5] WARN  server.GrpcLogAppender (LogUtils.java:warn(122)) - 7fca689d-043b-47bb-bf18-12adf35ba2bc@group-B74B02AAA056->84008c31-6636-4a62-b386-f7fb7e7ffddc-AppendLogResponseHandler: Failed appendEntries: org.apache.ratis.thirdparty.io.grpc.StatusRuntimeException: CANCELLED: HTTP/2 error code: CANCEL
Received Rst Stream
2022-03-07 09:51:59,525 [grpc-default-executor-5] WARN  server.GrpcLogAppender (GrpcLogAppender.java:resetClient(110)) - 7fca689d-043b-47bb-bf18-12adf35ba2bc@group-B74B02AAA056->84008c31-6636-4a62-b386-f7fb7e7ffddc-GrpcLogAppender: Leader has not got in touch with Follower 7fca689d-043b-47bb-bf18-12adf35ba2bc@group-B74B02AAA056->84008c31-6636-4a62-b386-f7fb7e7ffddc(c0,m0,n1, attendVote=true, lastRpcSendTime=992, lastRpcResponseTime=988) yet, just keep nextIndex unchanged and retry.
2022-03-07 09:51:59,547 [Listener at 127.0.0.1/40579] INFO  server.GrpcService (GrpcService.java:closeImpl(271)) - 84008c31-6636-4a62-b386-f7fb7e7ffddc: shutdown server with port 44263 successfully
2022-03-07 09:51:59,548 [org.apache.ratis.util.JvmPauseMonitor$$Lambda$431/73409498@161ef3d5] INFO  util.JvmPauseMonitor (JvmPauseMonitor.java:run(109)) - JvmPauseMonitor-84008c31-6636-4a62-b386-f7fb7e7ffddc: Stopped
2022-03-07 09:52:01,041 [grpc-default-executor-5] WARN  server.GrpcLogAppender (LogUtils.java:warn(122)) - 7fca689d-043b-47bb-bf18-12adf35ba2bc@group-B74B02AAA056->84008c31-6636-4a62-b386-f7fb7e7ffddc-AppendLogResponseHandler: Failed appendEntries: org.apache.ratis.thirdparty.io.grpc.StatusRuntimeException: UNAVAILABLE: io exception
2022-03-07 09:52:01,042 [grpc-default-executor-5] WARN  server.GrpcLogAppender (GrpcLogAppender.java:resetClient(110)) - 7fca689d-043b-47bb-bf18-12adf35ba2bc@group-B74B02AAA056->84008c31-6636-4a62-b386-f7fb7e7ffddc-GrpcLogAppender: Leader has not got in touch with Follower 7fca689d-043b-47bb-bf18-12adf35ba2bc@group-B74B02AAA056->84008c31-6636-4a62-b386-f7fb7e7ffddc(c0,m0,n1, attendVote=true, lastRpcSendTime=2509, lastRpcResponseTime=2505) yet, just keep nextIndex unchanged and retry.
2022-03-07 09:52:01,665 [ForkJoinPool.commonPool-worker-1] INFO  utils.BackgroundService (BackgroundService.java:shutdown(132)) - Shutting down service BlockDeletingService
2022-03-07 09:52:01,706 [Listener at 127.0.0.1/40579] INFO  utils.BackgroundService (BackgroundService.java:shutdown(132)) - Shutting down service BlockDeletingService
2022-03-07 09:52:01,817 [grpc-default-executor-2] WARN  server.GrpcLogAppender (LogUtils.java:warn(122)) - edf60a86-ae5b-4f71-bc37-25062be06587@group-7EB04D50015F->84008c31-6636-4a62-b386-f7fb7e7ffddc-AppendLogResponseHandler: Failed appendEntries: org.apache.ratis.thirdparty.io.grpc.StatusRuntimeException: UNAVAILABLE: io exception
2022-03-07 09:52:01,818 [grpc-default-executor-2] WARN  server.GrpcLogAppender (GrpcLogAppender.java:resetClient(110)) - edf60a86-ae5b-4f71-bc37-25062be06587@group-7EB04D50015F->84008c31-6636-4a62-b386-f7fb7e7ffddc-GrpcLogAppender: Leader has not got in touch with Follower edf60a86-ae5b-4f71-bc37-25062be06587@group-7EB04D50015F->84008c31-6636-4a62-b386-f7fb7e7ffddc(c0,m0,n1, attendVote=true, lastRpcSendTime=3, lastRpcResponseTime=2521) yet, just keep nextIndex unchanged and retry.
2022-03-07 09:52:03,546 [grpc-default-executor-5] WARN  server.GrpcLogAppender (LogUtils.java:warn(122)) - 7fca689d-043b-47bb-bf18-12adf35ba2bc@group-B74B02AAA056->84008c31-6636-4a62-b386-f7fb7e7ffddc-AppendLogResponseHandler: Failed appendEntries: org.apache.ratis.thirdparty.io.grpc.StatusRuntimeException: UNAVAILABLE: io exception
2022-03-07 09:52:03,547 [grpc-default-executor-5] WARN  server.GrpcLogAppender (GrpcLogAppender.java:resetClient(110)) - 7fca689d-043b-47bb-bf18-12adf35ba2bc@group-B74B02AAA056->84008c31-6636-4a62-b386-f7fb7e7ffddc-GrpcLogAppender: Leader has not got in touch with Follower 7fca689d-043b-47bb-bf18-12adf35ba2bc@group-B74B02AAA056->84008c31-6636-4a62-b386-f7fb7e7ffddc(c0,m0,n1, attendVote=true, lastRpcSendTime=2504, lastRpcResponseTime=5010) yet, just keep nextIndex unchanged and retry.
2022-03-07 09:52:03,856 [728f99e8-418e-4b00-b2e8-36f688b477dd@group-A2AB75C9018A-FollowerState] INFO  impl.FollowerState (FollowerState.java:run(134)) - 728f99e8-418e-4b00-b2e8-36f688b477dd@group-A2AB75C9018A-FollowerState: change to CANDIDATE, lastRpcElapsedTime:5053896279ns, electionTimeout:5039ms
2022-03-07 09:52:03,856 [728f99e8-418e-4b00-b2e8-36f688b477dd@group-A2AB75C9018A-FollowerState] INFO  impl.RoleInfo (RoleInfo.java:shutdownFollowerState(108)) - 728f99e8-418e-4b00-b2e8-36f688b477dd: shutdown 728f99e8-418e-4b00-b2e8-36f688b477dd@group-A2AB75C9018A-FollowerState
2022-03-07 09:52:03,856 [728f99e8-418e-4b00-b2e8-36f688b477dd@group-A2AB75C9018A-FollowerState] INFO  server.RaftServer$Division (RaftServerImpl.java:setRole(290)) - 728f99e8-418e-4b00-b2e8-36f688b477dd@group-A2AB75C9018A: changes role from  FOLLOWER to CANDIDATE at term 1 for changeToCandidate
2022-03-07 09:52:03,856 [728f99e8-418e-4b00-b2e8-36f688b477dd@group-A2AB75C9018A-FollowerState] INFO  server.RaftServerConfigKeys (ConfUtils.java:logGet(44)) - raft.server.leaderelection.pre-vote = false (custom)
2022-03-07 09:52:03,856 [728f99e8-418e-4b00-b2e8-36f688b477dd@group-A2AB75C9018A-FollowerState] INFO  impl.RoleInfo (RoleInfo.java:updateAndGet(130)) - 728f99e8-418e-4b00-b2e8-36f688b477dd: start 728f99e8-418e-4b00-b2e8-36f688b477dd@group-A2AB75C9018A-LeaderElection110
2022-03-07 09:52:03,865 [728f99e8-418e-4b00-b2e8-36f688b477dd@group-A2AB75C9018A-LeaderElection110] INFO  impl.LeaderElection (LeaderElection.java:askForVotes(306)) - 728f99e8-418e-4b00-b2e8-36f688b477dd@group-A2AB75C9018A-LeaderElection110 ELECTION round 0: submit vote requests at term 2 for -1: [728f99e8-418e-4b00-b2e8-36f688b477dd|rpc:10.1.0.49:44013|priority:0, 79ee019c-6239-4f85-9f3b-dddcaaaeb0fb|rpc:10.1.0.49:41163|priority:1, cd9cff4b-1bd9-497e-976c-8eec10b9db64|rpc:10.1.0.49:42923|priority:0], old=null
2022-03-07 09:52:03,916 [79ee019c-6239-4f85-9f3b-dddcaaaeb0fb@group-A2AB75C9018A-FollowerState] INFO  impl.FollowerState (FollowerState.java:run(134)) - 79ee019c-6239-4f85-9f3b-dddcaaaeb0fb@group-A2AB75C9018A-FollowerState: change to CANDIDATE, lastRpcElapsedTime:5120706183ns, electionTimeout:5115ms
2022-03-07 09:52:03,916 [79ee019c-6239-4f85-9f3b-dddcaaaeb0fb@group-A2AB75C9018A-FollowerState] INFO  impl.RoleInfo (RoleInfo.java:shutdownFollowerState(108)) - 79ee019c-6239-4f85-9f3b-dddcaaaeb0fb: shutdown 79ee019c-6239-4f85-9f3b-dddcaaaeb0fb@group-A2AB75C9018A-FollowerState
2022-03-07 09:52:03,916 [79ee019c-6239-4f85-9f3b-dddcaaaeb0fb@group-A2AB75C9018A-FollowerState] INFO  server.RaftServer$Division (RaftServerImpl.java:setRole(290)) - 79ee019c-6239-4f85-9f3b-dddcaaaeb0fb@group-A2AB75C9018A: changes role from  FOLLOWER to CANDIDATE at term 1 for changeToCandidate
2022-03-07 09:52:03,938 [grpc-default-executor-5] INFO  server.RaftServer$Division (RaftServerImpl.java:requestVote(1046)) - 79ee019c-6239-4f85-9f3b-dddcaaaeb0fb@group-A2AB75C9018A: receive requestVote(ELECTION, 728f99e8-418e-4b00-b2e8-36f688b477dd, group-A2AB75C9018A, 2, (t:0, i:0))
2022-03-07 09:52:03,943 [EventQueue-StaleNodeForStaleNodeHandler] INFO  node.StaleNodeHandler (StaleNodeHandler.java:onMessage(58)) - Datanode 84008c31-6636-4a62-b386-f7fb7e7ffddc{ip: 10.1.0.49, host: fv-az291-317.wgnan5asplgejimfprtllbpdch.jx.internal.cloudapp.net, ports: [REPLICATION=42827, RATIS=44263, RATIS_ADMIN=44263, RATIS_SERVER=44263, STANDALONE=33245], networkLocation: /default-rack, certSerialId: null, persistedOpState: IN_SERVICE, persistedOpStateExpiryEpochSec: 0} moved to stale state. Finalizing its pipelines [PipelineID=c80e71a3-a3ae-4d9c-b7b4-7eb04d50015f, PipelineID=b21d2323-80ac-42b3-81aa-c003513866d6, PipelineID=5b1c4279-099c-4815-8e9c-b74b02aaa056, PipelineID=27d35f41-3a25-4561-aa12-5b77dece4517]
2022-03-07 09:52:03,946 [EventQueue-StaleNodeForStaleNodeHandler] INFO  pipeline.PipelineManagerImpl (PipelineManagerImpl.java:closePipeline(365)) - Pipeline Pipeline[ Id: c80e71a3-a3ae-4d9c-b7b4-7eb04d50015f, Nodes: 7fca689d-043b-47bb-bf18-12adf35ba2bc{ip: 10.1.0.49, host: fv-az291-317.wgnan5asplgejimfprtllbpdch.jx.internal.cloudapp.net, ports: [REPLICATION=35909, RATIS=42461, RATIS_ADMIN=42461, RATIS_SERVER=42461, STANDALONE=44961], networkLocation: /default-rack, certSerialId: null, persistedOpState: IN_SERVICE, persistedOpStateExpiryEpochSec: 0}84008c31-6636-4a62-b386-f7fb7e7ffddc{ip: 10.1.0.49, host: fv-az291-317.wgnan5asplgejimfprtllbpdch.jx.internal.cloudapp.net, ports: [REPLICATION=42827, RATIS=44263, RATIS_ADMIN=44263, RATIS_SERVER=44263, STANDALONE=33245], networkLocation: /default-rack, certSerialId: null, persistedOpState: IN_SERVICE, persistedOpStateExpiryEpochSec: 0}edf60a86-ae5b-4f71-bc37-25062be06587{ip: 10.1.0.49, host: fv-az291-317.wgnan5asplgejimfprtllbpdch.jx.internal.cloudapp.net, ports: [REPLICATION=46727, RATIS=38621, RATIS_ADMIN=38621, RATIS_SERVER=38621, STANDALONE=45115], networkLocation: /default-rack, certSerialId: null, persistedOpState: IN_SERVICE, persistedOpStateExpiryEpochSec: 0}, ReplicationConfig: RATIS/THREE, State:OPEN, leaderId:edf60a86-ae5b-4f71-bc37-25062be06587, CreationTimestamp2022-03-07T09:50:55.776Z[Etc/UTC]] moved to CLOSED state
2022-03-07 09:52:03,947 [EventQueue-StaleNodeForStaleNodeHandler] INFO  pipeline.PipelineManagerImpl (PipelineManagerImpl.java:closePipeline(365)) - Pipeline Pipeline[ Id: b21d2323-80ac-42b3-81aa-c003513866d6, Nodes: 84008c31-6636-4a62-b386-f7fb7e7ffddc{ip: 10.1.0.49, host: fv-az291-317.wgnan5asplgejimfprtllbpdch.jx.internal.cloudapp.net, ports: [REPLICATION=42827, RATIS=44263, RATIS_ADMIN=44263, RATIS_SERVER=44263, STANDALONE=33245], networkLocation: /default-rack, certSerialId: null, persistedOpState: IN_SERVICE, persistedOpStateExpiryEpochSec: 0}, ReplicationConfig: RATIS/ONE, State:OPEN, leaderId:84008c31-6636-4a62-b386-f7fb7e7ffddc, CreationTimestamp2022-03-07T09:50:55.253Z[Etc/UTC]] moved to CLOSED state
2022-03-07 09:52:03,952 [EventQueue-StaleNodeForStaleNodeHandler] INFO  pipeline.PipelineManagerImpl (PipelineManagerImpl.java:closePipeline(365)) - Pipeline Pipeline[ Id: 5b1c4279-099c-4815-8e9c-b74b02aaa056, Nodes: 84008c31-6636-4a62-b386-f7fb7e7ffddc{ip: 10.1.0.49, host: fv-az291-317.wgnan5asplgejimfprtllbpdch.jx.internal.cloudapp.net, ports: [REPLICATION=42827, RATIS=44263, RATIS_ADMIN=44263, RATIS_SERVER=44263, STANDALONE=33245], networkLocation: /default-rack, certSerialId: null, persistedOpState: IN_SERVICE, persistedOpStateExpiryEpochSec: 0}7fca689d-043b-47bb-bf18-12adf35ba2bc{ip: 10.1.0.49, host: fv-az291-317.wgnan5asplgejimfprtllbpdch.jx.internal.cloudapp.net, ports: [REPLICATION=35909, RATIS=42461, RATIS_ADMIN=42461, RATIS_SERVER=42461, STANDALONE=44961], networkLocation: /default-rack, certSerialId: null, persistedOpState: IN_SERVICE, persistedOpStateExpiryEpochSec: 0}edf60a86-ae5b-4f71-bc37-25062be06587{ip: 10.1.0.49, host: fv-az291-317.wgnan5asplgejimfprtllbpdch.jx.internal.cloudapp.net, ports: [REPLICATION=46727, RATIS=38621, RATIS_ADMIN=38621, RATIS_SERVER=38621, STANDALONE=45115], networkLocation: /default-rack, certSerialId: null, persistedOpState: IN_SERVICE, persistedOpStateExpiryEpochSec: 0}, ReplicationConfig: RATIS/THREE, State:OPEN, leaderId:7fca689d-043b-47bb-bf18-12adf35ba2bc, CreationTimestamp2022-03-07T09:50:55.771Z[Etc/UTC]] moved to CLOSED state
2022-03-07 09:52:03,953 [EventQueue-StaleNodeForStaleNodeHandler] INFO  pipeline.PipelineManagerImpl (PipelineManagerImpl.java:closePipeline(365)) - Pipeline Pipeline[ Id: 27d35f41-3a25-4561-aa12-5b77dece4517, Nodes: 84008c31-6636-4a62-b386-f7fb7e7ffddc{ip: 10.1.0.49, host: fv-az291-317.wgnan5asplgejimfprtllbpdch.jx.internal.cloudapp.net, ports: [REPLICATION=42827, RATIS=44263, RATIS_ADMIN=44263, RATIS_SERVER=44263, STANDALONE=33245], networkLocation: /default-rack, certSerialId: null, persistedOpState: IN_SERVICE, persistedOpStateExpiryEpochSec: 0}edf60a86-ae5b-4f71-bc37-25062be06587{ip: 10.1.0.49, host: fv-az291-317.wgnan5asplgejimfprtllbpdch.jx.internal.cloudapp.net, ports: [REPLICATION=46727, RATIS=38621, RATIS_ADMIN=38621, RATIS_SERVER=38621, STANDALONE=45115], networkLocation: /default-rack, certSerialId: null, persistedOpState: IN_SERVICE, persistedOpStateExpiryEpochSec: 0}7fca689d-043b-47bb-bf18-12adf35ba2bc{ip: 10.1.0.49, host: fv-az291-317.wgnan5asplgejimfprtllbpdch.jx.internal.cloudapp.net, ports: [REPLICATION=35909, RATIS=42461, RATIS_ADMIN=42461, RATIS_SERVER=42461, STANDALONE=44961], networkLocation: /default-rack, certSerialId: null, persistedOpState: IN_SERVICE, persistedOpStateExpiryEpochSec: 0}, ReplicationConfig: RATIS/THREE, State:OPEN, leaderId:84008c31-6636-4a62-b386-f7fb7e7ffddc, CreationTimestamp2022-03-07T09:50:55.773Z[Etc/UTC]] moved to CLOSED state
2022-03-07 09:52:03,961 [79ee019c-6239-4f85-9f3b-dddcaaaeb0fb@group-A2AB75C9018A-FollowerState] INFO  server.RaftServerConfigKeys (ConfUtils.java:logGet(44)) - raft.server.leaderelection.pre-vote = false (custom)
2022-03-07 09:52:03,961 [79ee019c-6239-4f85-9f3b-dddcaaaeb0fb@group-A2AB75C9018A-FollowerState] INFO  impl.RoleInfo (RoleInfo.java:updateAndGet(130)) - 79ee019c-6239-4f85-9f3b-dddcaaaeb0fb: start 79ee019c-6239-4f85-9f3b-dddcaaaeb0fb@group-A2AB75C9018A-LeaderElection111
2022-03-07 09:52:03,962 [grpc-default-executor-2] INFO  server.RaftServer$Division (RaftServerImpl.java:requestVote(1046)) - cd9cff4b-1bd9-497e-976c-8eec10b9db64@group-A2AB75C9018A: receive requestVote(ELECTION, 728f99e8-418e-4b00-b2e8-36f688b477dd, group-A2AB75C9018A, 2, (t:0, i:0))
2022-03-07 09:52:03,962 [grpc-default-executor-2] INFO  impl.VoteContext (VoteContext.java:log(48)) - cd9cff4b-1bd9-497e-976c-8eec10b9db64@group-A2AB75C9018A-FOLLOWER: accept ELECTION from 728f99e8-418e-4b00-b2e8-36f688b477dd: our priority 0 <= candidate's priority 0
2022-03-07 09:52:03,962 [grpc-default-executor-2] INFO  server.RaftServer$Division (RaftServerImpl.java:setRole(290)) - cd9cff4b-1bd9-497e-976c-8eec10b9db64@group-A2AB75C9018A: changes role from  FOLLOWER to FOLLOWER at term 2 for candidate:728f99e8-418e-4b00-b2e8-36f688b477dd
2022-03-07 09:52:03,962 [grpc-default-executor-2] INFO  impl.RoleInfo (RoleInfo.java:shutdownFollowerState(108)) - cd9cff4b-1bd9-497e-976c-8eec10b9db64: shutdown cd9cff4b-1bd9-497e-976c-8eec10b9db64@group-A2AB75C9018A-FollowerState
2022-03-07 09:52:03,971 [grpc-default-executor-2] INFO  impl.RoleInfo (RoleInfo.java:updateAndGet(130)) - cd9cff4b-1bd9-497e-976c-8eec10b9db64: start cd9cff4b-1bd9-497e-976c-8eec10b9db64@group-A2AB75C9018A-FollowerState
2022-03-07 09:52:03,971 [cd9cff4b-1bd9-497e-976c-8eec10b9db64@group-A2AB75C9018A-FollowerState] INFO  impl.FollowerState (FollowerState.java:run(143)) - cd9cff4b-1bd9-497e-976c-8eec10b9db64@group-A2AB75C9018A-FollowerState was interrupted: {}
java.lang.InterruptedException: sleep interrupted
	at java.lang.Thread.sleep(Native Method)
	at java.lang.Thread.sleep(Thread.java:342)
	at java.util.concurrent.TimeUnit.sleep(TimeUnit.java:386)
	at org.apache.ratis.util.TimeDuration.sleep(TimeDuration.java:324)
	at org.apache.ratis.util.TimeDuration.sleep(TimeDuration.java:309)
	at org.apache.ratis.server.impl.FollowerState.run(FollowerState.java:118)
2022-03-07 09:52:03,975 [79ee019c-6239-4f85-9f3b-dddcaaaeb0fb@group-A2AB75C9018A-LeaderElection111] INFO  impl.LeaderElection (LeaderElection.java:askForVotes(306)) - 79ee019c-6239-4f85-9f3b-dddcaaaeb0fb@group-A2AB75C9018A-LeaderElection111 ELECTION round 0: submit vote requests at term 2 for -1: [728f99e8-418e-4b00-b2e8-36f688b477dd|rpc:10.1.0.49:44013|dataStream:|priority:0, 79ee019c-6239-4f85-9f3b-dddcaaaeb0fb|rpc:10.1.0.49:41163|dataStream:|priority:1, cd9cff4b-1bd9-497e-976c-8eec10b9db64|rpc:10.1.0.49:42923|dataStream:|priority:0], old=null
2022-03-07 09:52:03,975 [grpc-default-executor-5] INFO  impl.VoteContext (VoteContext.java:log(48)) - 79ee019c-6239-4f85-9f3b-dddcaaaeb0fb@group-A2AB75C9018A-CANDIDATE: reject ELECTION from 728f99e8-418e-4b00-b2e8-36f688b477dd: already has voted for 79ee019c-6239-4f85-9f3b-dddcaaaeb0fb at current term 2
2022-03-07 09:52:03,975 [grpc-default-executor-5] INFO  server.RaftServer$Division (RaftServerImpl.java:requestVote(1078)) - 79ee019c-6239-4f85-9f3b-dddcaaaeb0fb@group-A2AB75C9018A replies to ELECTION vote request: 728f99e8-418e-4b00-b2e8-36f688b477dd<-79ee019c-6239-4f85-9f3b-dddcaaaeb0fb#0:FAIL-t2. Peer's state: 79ee019c-6239-4f85-9f3b-dddcaaaeb0fb@group-A2AB75C9018A:t2, leader=null, voted=79ee019c-6239-4f85-9f3b-dddcaaaeb0fb, raftlog=79ee019c-6239-4f85-9f3b-dddcaaaeb0fb@group-A2AB75C9018A-SegmentedRaftLog:OPENED:c-1, conf=-1: [728f99e8-418e-4b00-b2e8-36f688b477dd|rpc:10.1.0.49:44013|dataStream:|priority:0, 79ee019c-6239-4f85-9f3b-dddcaaaeb0fb|rpc:10.1.0.49:41163|dataStream:|priority:1, cd9cff4b-1bd9-497e-976c-8eec10b9db64|rpc:10.1.0.49:42923|dataStream:|priority:0], old=null
2022-03-07 09:52:04,010 [728f99e8-418e-4b00-b2e8-36f688b477dd@group-A2AB75C9018A-LeaderElection110] INFO  impl.LeaderElection (LeaderElection.java:logAndReturn(89)) - 728f99e8-418e-4b00-b2e8-36f688b477dd@group-A2AB75C9018A-LeaderElection110: ELECTION REJECTED received 1 response(s) and 0 exception(s):
2022-03-07 09:52:04,010 [728f99e8-418e-4b00-b2e8-36f688b477dd@group-A2AB75C9018A-LeaderElection110] INFO  impl.LeaderElection (LeaderElection.java:logAndReturn(93)) -   Response 0: 728f99e8-418e-4b00-b2e8-36f688b477dd<-79ee019c-6239-4f85-9f3b-dddcaaaeb0fb#0:FAIL-t2
2022-03-07 09:52:04,010 [728f99e8-418e-4b00-b2e8-36f688b477dd@group-A2AB75C9018A-LeaderElection110] INFO  impl.LeaderElection (LeaderElection.java:askForVotes(308)) - 728f99e8-418e-4b00-b2e8-36f688b477dd@group-A2AB75C9018A-LeaderElection110 ELECTION round 0: result REJECTED
2022-03-07 09:52:04,010 [728f99e8-418e-4b00-b2e8-36f688b477dd@group-A2AB75C9018A-LeaderElection110] INFO  server.RaftServer$Division (RaftServerImpl.java:setRole(290)) - 728f99e8-418e-4b00-b2e8-36f688b477dd@group-A2AB75C9018A: changes role from CANDIDATE to FOLLOWER at term 2 for REJECTED
2022-03-07 09:52:04,010 [728f99e8-418e-4b00-b2e8-36f688b477dd@group-A2AB75C9018A-LeaderElection110] INFO  impl.RoleInfo (RoleInfo.java:shutdownLeaderElection(121)) - 728f99e8-418e-4b00-b2e8-36f688b477dd: shutdown 728f99e8-418e-4b00-b2e8-36f688b477dd@group-A2AB75C9018A-LeaderElection110
2022-03-07 09:52:04,010 [728f99e8-418e-4b00-b2e8-36f688b477dd@group-A2AB75C9018A-LeaderElection110] INFO  impl.RoleInfo (RoleInfo.java:updateAndGet(130)) - 728f99e8-418e-4b00-b2e8-36f688b477dd: start 728f99e8-418e-4b00-b2e8-36f688b477dd@group-A2AB75C9018A-FollowerState
2022-03-07 09:52:04,015 [grpc-default-executor-2] INFO  server.RaftServer$Division (RaftServerImpl.java:requestVote(1078)) - cd9cff4b-1bd9-497e-976c-8eec10b9db64@group-A2AB75C9018A replies to ELECTION vote request: 728f99e8-418e-4b00-b2e8-36f688b477dd<-cd9cff4b-1bd9-497e-976c-8eec10b9db64#0:OK-t2. Peer's state: cd9cff4b-1bd9-497e-976c-8eec10b9db64@group-A2AB75C9018A:t2, leader=null, voted=728f99e8-418e-4b00-b2e8-36f688b477dd, raftlog=cd9cff4b-1bd9-497e-976c-8eec10b9db64@group-A2AB75C9018A-SegmentedRaftLog:OPENED:c-1, conf=-1: [728f99e8-418e-4b00-b2e8-36f688b477dd|rpc:10.1.0.49:44013|priority:0, 79ee019c-6239-4f85-9f3b-dddcaaaeb0fb|rpc:10.1.0.49:41163|priority:1, cd9cff4b-1bd9-497e-976c-8eec10b9db64|rpc:10.1.0.49:42923|priority:0], old=null
2022-03-07 09:52:04,053 [grpc-default-executor-2] INFO  server.RaftServer$Division (RaftServerImpl.java:requestVote(1046)) - 728f99e8-418e-4b00-b2e8-36f688b477dd@group-A2AB75C9018A: receive requestVote(ELECTION, 79ee019c-6239-4f85-9f3b-dddcaaaeb0fb, group-A2AB75C9018A, 2, (t:0, i:0))
2022-03-07 09:52:04,053 [grpc-default-executor-2] INFO  impl.VoteContext (VoteContext.java:log(48)) - 728f99e8-418e-4b00-b2e8-36f688b477dd@group-A2AB75C9018A-FOLLOWER: reject ELECTION from 79ee019c-6239-4f85-9f3b-dddcaaaeb0fb: already has voted for 728f99e8-418e-4b00-b2e8-36f688b477dd at current term 2
2022-03-07 09:52:04,054 [grpc-default-executor-2] INFO  server.RaftServer$Division (RaftServerImpl.java:requestVote(1078)) - 728f99e8-418e-4b00-b2e8-36f688b477dd@group-A2AB75C9018A replies to ELECTION vote request: 79ee019c-6239-4f85-9f3b-dddcaaaeb0fb<-728f99e8-418e-4b00-b2e8-36f688b477dd#0:FAIL-t2. Peer's state: 728f99e8-418e-4b00-b2e8-36f688b477dd@group-A2AB75C9018A:t2, leader=null, voted=728f99e8-418e-4b00-b2e8-36f688b477dd, raftlog=728f99e8-418e-4b00-b2e8-36f688b477dd@group-A2AB75C9018A-SegmentedRaftLog:OPENED:c-1, conf=-1: [728f99e8-418e-4b00-b2e8-36f688b477dd|rpc:10.1.0.49:44013|priority:0, 79ee019c-6239-4f85-9f3b-dddcaaaeb0fb|rpc:10.1.0.49:41163|priority:1, cd9cff4b-1bd9-497e-976c-8eec10b9db64|rpc:10.1.0.49:42923|priority:0], old=null
2022-03-07 09:52:04,134 [grpc-default-executor-2] INFO  server.RaftServer$Division (RaftServerImpl.java:requestVote(1046)) - cd9cff4b-1bd9-497e-976c-8eec10b9db64@group-A2AB75C9018A: receive requestVote(ELECTION, 79ee019c-6239-4f85-9f3b-dddcaaaeb0fb, group-A2AB75C9018A, 2, (t:0, i:0))
2022-03-07 09:52:04,134 [grpc-default-executor-2] INFO  impl.VoteContext (VoteContext.java:log(48)) - cd9cff4b-1bd9-497e-976c-8eec10b9db64@group-A2AB75C9018A-FOLLOWER: reject ELECTION from 79ee019c-6239-4f85-9f3b-dddcaaaeb0fb: already has voted for 728f99e8-418e-4b00-b2e8-36f688b477dd at current term 2
2022-03-07 09:52:04,134 [grpc-default-executor-2] INFO  server.RaftServer$Division (RaftServerImpl.java:requestVote(1078)) - cd9cff4b-1bd9-497e-976c-8eec10b9db64@group-A2AB75C9018A replies to ELECTION vote request: 79ee019c-6239-4f85-9f3b-dddcaaaeb0fb<-cd9cff4b-1bd9-497e-976c-8eec10b9db64#0:FAIL-t2. Peer's state: cd9cff4b-1bd9-497e-976c-8eec10b9db64@group-A2AB75C9018A:t2, leader=null, voted=728f99e8-418e-4b00-b2e8-36f688b477dd, raftlog=cd9cff4b-1bd9-497e-976c-8eec10b9db64@group-A2AB75C9018A-SegmentedRaftLog:OPENED:c-1, conf=-1: [728f99e8-418e-4b00-b2e8-36f688b477dd|rpc:10.1.0.49:44013|priority:0, 79ee019c-6239-4f85-9f3b-dddcaaaeb0fb|rpc:10.1.0.49:41163|priority:1, cd9cff4b-1bd9-497e-976c-8eec10b9db64|rpc:10.1.0.49:42923|priority:0], old=null
2022-03-07 09:52:04,136 [79ee019c-6239-4f85-9f3b-dddcaaaeb0fb@group-A2AB75C9018A-LeaderElection111] INFO  impl.LeaderElection (LeaderElection.java:logAndReturn(89)) - 79ee019c-6239-4f85-9f3b-dddcaaaeb0fb@group-A2AB75C9018A-LeaderElection111: ELECTION REJECTED received 2 response(s) and 0 exception(s):
2022-03-07 09:52:04,136 [79ee019c-6239-4f85-9f3b-dddcaaaeb0fb@group-A2AB75C9018A-LeaderElection111] INFO  impl.LeaderElection (LeaderElection.java:logAndReturn(93)) -   Response 0: 79ee019c-6239-4f85-9f3b-dddcaaaeb0fb<-728f99e8-418e-4b00-b2e8-36f688b477dd#0:FAIL-t2
2022-03-07 09:52:04,136 [79ee019c-6239-4f85-9f3b-dddcaaaeb0fb@group-A2AB75C9018A-LeaderElection111] INFO  impl.LeaderElection (LeaderElection.java:logAndReturn(93)) -   Response 1: 79ee019c-6239-4f85-9f3b-dddcaaaeb0fb<-cd9cff4b-1bd9-497e-976c-8eec10b9db64#0:FAIL-t2
2022-03-07 09:52:04,136 [79ee019c-6239-4f85-9f3b-dddcaaaeb0fb@group-A2AB75C9018A-LeaderElection111] INFO  impl.LeaderElection (LeaderElection.java:askForVotes(308)) - 79ee019c-6239-4f85-9f3b-dddcaaaeb0fb@group-A2AB75C9018A-LeaderElection111 ELECTION round 0: result REJECTED
2022-03-07 09:52:04,137 [79ee019c-6239-4f85-9f3b-dddcaaaeb0fb@group-A2AB75C9018A-LeaderElection111] INFO  server.RaftServer$Division (RaftServerImpl.java:setRole(290)) - 79ee019c-6239-4f85-9f3b-dddcaaaeb0fb@group-A2AB75C9018A: changes role from CANDIDATE to FOLLOWER at term 2 for REJECTED
2022-03-07 09:52:04,137 [79ee019c-6239-4f85-9f3b-dddcaaaeb0fb@group-A2AB75C9018A-LeaderElection111] INFO  impl.RoleInfo (RoleInfo.java:shutdownLeaderElection(121)) - 79ee019c-6239-4f85-9f3b-dddcaaaeb0fb: shutdown 79ee019c-6239-4f85-9f3b-dddcaaaeb0fb@group-A2AB75C9018A-LeaderElection111
2022-03-07 09:52:04,137 [79ee019c-6239-4f85-9f3b-dddcaaaeb0fb@group-A2AB75C9018A-LeaderElection111] INFO  impl.RoleInfo (RoleInfo.java:updateAndGet(130)) - 79ee019c-6239-4f85-9f3b-dddcaaaeb0fb: start 79ee019c-6239-4f85-9f3b-dddcaaaeb0fb@group-A2AB75C9018A-FollowerState
2022-03-07 09:52:04,147 [EventQueue-StaleNodeForStaleNodeHandler] INFO  node.StaleNodeHandler (StaleNodeHandler.java:onMessage(58)) - Datanode 616d314c-ba0d-49c9-8f1d-797448dad8fd{ip: 10.1.0.49, host: fv-az291-317.wgnan5asplgejimfprtllbpdch.jx.internal.cloudapp.net, ports: [REPLICATION=32797, RATIS=39129, RATIS_ADMIN=39129, RATIS_SERVER=39129, STANDALONE=37787], networkLocation: /default-rack, certSerialId: null, persistedOpState: IN_SERVICE, persistedOpStateExpiryEpochSec: 0} moved to stale state. Finalizing its pipelines [PipelineID=923a3941-3f74-42f8-9986-8d08d2c66b42, PipelineID=110c5adc-eefa-440f-b852-993c76073ec3]
2022-03-07 09:52:04,149 [EventQueue-StaleNodeForStaleNodeHandler] INFO  pipeline.PipelineManagerImpl (PipelineManagerImpl.java:closePipeline(365)) - Pipeline Pipeline[ Id: 923a3941-3f74-42f8-9986-8d08d2c66b42, Nodes: 616d314c-ba0d-49c9-8f1d-797448dad8fd{ip: 10.1.0.49, host: fv-az291-317.wgnan5asplgejimfprtllbpdch.jx.internal.cloudapp.net, ports: [REPLICATION=32797, RATIS=39129, RATIS_ADMIN=39129, RATIS_SERVER=39129, STANDALONE=37787], networkLocation: /default-rack, certSerialId: null, persistedOpState: IN_SERVICE, persistedOpStateExpiryEpochSec: 0}, ReplicationConfig: RATIS/ONE, State:OPEN, leaderId:616d314c-ba0d-49c9-8f1d-797448dad8fd, CreationTimestamp2022-03-07T09:50:53.830Z[Etc/UTC]] moved to CLOSED state
2022-03-07 09:52:04,150 [EventQueue-StaleNodeForStaleNodeHandler] INFO  pipeline.PipelineManagerImpl (PipelineManagerImpl.java:closePipeline(365)) - Pipeline Pipeline[ Id: 110c5adc-eefa-440f-b852-993c76073ec3, Nodes: 79ee019c-6239-4f85-9f3b-dddcaaaeb0fb{ip: 10.1.0.49, host: fv-az291-317.wgnan5asplgejimfprtllbpdch.jx.internal.cloudapp.net, ports: [REPLICATION=42249, RATIS=41163, RATIS_ADMIN=41163, RATIS_SERVER=41163, STANDALONE=43119], networkLocation: /default-rack, certSerialId: null, persistedOpState: IN_SERVICE, persistedOpStateExpiryEpochSec: 0}728f99e8-418e-4b00-b2e8-36f688b477dd{ip: 10.1.0.49, host: fv-az291-317.wgnan5asplgejimfprtllbpdch.jx.internal.cloudapp.net, ports: [REPLICATION=38547, RATIS=44013, RATIS_ADMIN=44013, RATIS_SERVER=44013, STANDALONE=41573], networkLocation: /default-rack, certSerialId: null, persistedOpState: IN_SERVICE, persistedOpStateExpiryEpochSec: 0}616d314c-ba0d-49c9-8f1d-797448dad8fd{ip: 10.1.0.49, host: fv-az291-317.wgnan5asplgejimfprtllbpdch.jx.internal.cloudapp.net, ports: [REPLICATION=32797, RATIS=39129, RATIS_ADMIN=39129, RATIS_SERVER=39129, STANDALONE=37787], networkLocation: /default-rack, certSerialId: null, persistedOpState: IN_SERVICE, persistedOpStateExpiryEpochSec: 0}, ReplicationConfig: RATIS/THREE, State:ALLOCATED, leaderId:, CreationTimestamp2022-03-07T09:51:52.562Z[Etc/UTC]] moved to CLOSED state
2022-03-07 09:52:04,324 [grpc-default-executor-2] WARN  server.GrpcLogAppender (LogUtils.java:warn(122)) - edf60a86-ae5b-4f71-bc37-25062be06587@group-7EB04D50015F->84008c31-6636-4a62-b386-f7fb7e7ffddc-AppendLogResponseHandler: Failed appendEntries: org.apache.ratis.thirdparty.io.grpc.StatusRuntimeException: UNAVAILABLE: io exception
2022-03-07 09:52:04,325 [grpc-default-executor-2] WARN  server.GrpcLogAppender (GrpcLogAppender.java:resetClient(110)) - edf60a86-ae5b-4f71-bc37-25062be06587@group-7EB04D50015F->84008c31-6636-4a62-b386-f7fb7e7ffddc-GrpcLogAppender: Leader has not got in touch with Follower edf60a86-ae5b-4f71-bc37-25062be06587@group-7EB04D50015F->84008c31-6636-4a62-b386-f7fb7e7ffddc(c0,m0,n1, attendVote=true, lastRpcSendTime=2509, lastRpcResponseTime=5028) yet, just keep nextIndex unchanged and retry.
2022-03-07 09:52:04,428 [728f99e8-418e-4b00-b2e8-36f688b477dd@group-993C76073EC3-FollowerState] INFO  impl.FollowerState (FollowerState.java:run(134)) - 728f99e8-418e-4b00-b2e8-36f688b477dd@group-993C76073EC3-FollowerState: change to CANDIDATE, lastRpcElapsedTime:5157820872ns, electionTimeout:5157ms
2022-03-07 09:52:04,428 [728f99e8-418e-4b00-b2e8-36f688b477dd@group-993C76073EC3-FollowerState] INFO  impl.RoleInfo (RoleInfo.java:shutdownFollowerState(108)) - 728f99e8-418e-4b00-b2e8-36f688b477dd: shutdown 728f99e8-418e-4b00-b2e8-36f688b477dd@group-993C76073EC3-FollowerState
2022-03-07 09:52:04,428 [728f99e8-418e-4b00-b2e8-36f688b477dd@group-993C76073EC3-FollowerState] INFO  server.RaftServer$Division (RaftServerImpl.java:setRole(290)) - 728f99e8-418e-4b00-b2e8-36f688b477dd@group-993C76073EC3: changes role from  FOLLOWER to CANDIDATE at term 1 for changeToCandidate
2022-03-07 09:52:04,428 [728f99e8-418e-4b00-b2e8-36f688b477dd@group-993C76073EC3-FollowerState] INFO  server.RaftServerConfigKeys (ConfUtils.java:logGet(44)) - raft.server.leaderelection.pre-vote = false (custom)
2022-03-07 09:52:04,428 [728f99e8-418e-4b00-b2e8-36f688b477dd@group-993C76073EC3-FollowerState] INFO  impl.RoleInfo (RoleInfo.java:updateAndGet(130)) - 728f99e8-418e-4b00-b2e8-36f688b477dd: start 728f99e8-418e-4b00-b2e8-36f688b477dd@group-993C76073EC3-LeaderElection112
2022-03-07 09:52:04,486 [728f99e8-418e-4b00-b2e8-36f688b477dd@group-993C76073EC3-LeaderElection112] INFO  impl.LeaderElection (LeaderElection.java:askForVotes(306)) - 728f99e8-418e-4b00-b2e8-36f688b477dd@group-993C76073EC3-LeaderElection112 ELECTION round 0: submit vote requests at term 2 for -1: [728f99e8-418e-4b00-b2e8-36f688b477dd|rpc:10.1.0.49:44013|priority:0, 616d314c-ba0d-49c9-8f1d-797448dad8fd|rpc:10.1.0.49:39129|priority:1, 79ee019c-6239-4f85-9f3b-dddcaaaeb0fb|rpc:10.1.0.49:41163|priority:0], old=null
2022-03-07 09:52:04,514 [728f99e8-418e-4b00-b2e8-36f688b477dd@group-993C76073EC3-LeaderElection112] INFO  impl.LeaderElection (LogUtils.java:infoOrTrace(137)) - 728f99e8-418e-4b00-b2e8-36f688b477dd@group-993C76073EC3-LeaderElection112 got exception when requesting votes: java.util.concurrent.ExecutionException: org.apache.ratis.thirdparty.io.grpc.StatusRuntimeException: UNAVAILABLE: io exception
2022-03-07 09:52:04,527 [grpc-default-executor-2] INFO  server.RaftServer$Division (RaftServerImpl.java:requestVote(1046)) - 79ee019c-6239-4f85-9f3b-dddcaaaeb0fb@group-993C76073EC3: receive requestVote(ELECTION, 728f99e8-418e-4b00-b2e8-36f688b477dd, group-993C76073EC3, 2, (t:0, i:0))
2022-03-07 09:52:04,527 [grpc-default-executor-2] INFO  impl.VoteContext (VoteContext.java:log(48)) - 79ee019c-6239-4f85-9f3b-dddcaaaeb0fb@group-993C76073EC3-FOLLOWER: accept ELECTION from 728f99e8-418e-4b00-b2e8-36f688b477dd: our priority 0 <= candidate's priority 0
2022-03-07 09:52:04,527 [grpc-default-executor-2] INFO  server.RaftServer$Division (RaftServerImpl.java:setRole(290)) - 79ee019c-6239-4f85-9f3b-dddcaaaeb0fb@group-993C76073EC3: changes role from  FOLLOWER to FOLLOWER at term 2 for candidate:728f99e8-418e-4b00-b2e8-36f688b477dd
2022-03-07 09:52:04,527 [grpc-default-executor-2] INFO  impl.RoleInfo (RoleInfo.java:shutdownFollowerState(108)) - 79ee019c-6239-4f85-9f3b-dddcaaaeb0fb: shutdown 79ee019c-6239-4f85-9f3b-dddcaaaeb0fb@group-993C76073EC3-FollowerState
2022-03-07 09:52:04,527 [grpc-default-executor-2] INFO  impl.RoleInfo (RoleInfo.java:updateAndGet(130)) - 79ee019c-6239-4f85-9f3b-dddcaaaeb0fb: start 79ee019c-6239-4f85-9f3b-dddcaaaeb0fb@group-993C76073EC3-FollowerState
2022-03-07 09:52:04,528 [79ee019c-6239-4f85-9f3b-dddcaaaeb0fb@group-993C76073EC3-FollowerState] INFO  impl.FollowerState (FollowerState.java:run(143)) - 79ee019c-6239-4f85-9f3b-dddcaaaeb0fb@group-993C76073EC3-FollowerState was interrupted: {}
java.lang.InterruptedException: sleep interrupted
	at java.lang.Thread.sleep(Native Method)
	at java.lang.Thread.sleep(Thread.java:342)
	at java.util.concurrent.TimeUnit.sleep(TimeUnit.java:386)
	at org.apache.ratis.util.TimeDuration.sleep(TimeDuration.java:324)
	at org.apache.ratis.util.TimeDuration.sleep(TimeDuration.java:309)
	at org.apache.ratis.server.impl.FollowerState.run(FollowerState.java:118)
2022-03-07 09:52:04,531 [grpc-default-executor-2] INFO  server.RaftServer$Division (RaftServerImpl.java:requestVote(1078)) - 79ee019c-6239-4f85-9f3b-dddcaaaeb0fb@group-993C76073EC3 replies to ELECTION vote request: 728f99e8-418e-4b00-b2e8-36f688b477dd<-79ee019c-6239-4f85-9f3b-dddcaaaeb0fb#0:OK-t2. Peer's state: 79ee019c-6239-4f85-9f3b-dddcaaaeb0fb@group-993C76073EC3:t2, leader=null, voted=728f99e8-418e-4b00-b2e8-36f688b477dd, raftlog=79ee019c-6239-4f85-9f3b-dddcaaaeb0fb@group-993C76073EC3-SegmentedRaftLog:OPENED:c-1, conf=-1: [728f99e8-418e-4b00-b2e8-36f688b477dd|rpc:10.1.0.49:44013|dataStream:|priority:0, 616d314c-ba0d-49c9-8f1d-797448dad8fd|rpc:10.1.0.49:39129|dataStream:|priority:1, 79ee019c-6239-4f85-9f3b-dddcaaaeb0fb|rpc:10.1.0.49:41163|dataStream:|priority:0], old=null
2022-03-07 09:52:04,532 [728f99e8-418e-4b00-b2e8-36f688b477dd@group-993C76073EC3-LeaderElection112] INFO  impl.LeaderElection (LeaderElection.java:logAndReturn(89)) - 728f99e8-418e-4b00-b2e8-36f688b477dd@group-993C76073EC3-LeaderElection112: ELECTION PASSED received 1 response(s) and 1 exception(s):
2022-03-07 09:52:04,532 [728f99e8-418e-4b00-b2e8-36f688b477dd@group-993C76073EC3-LeaderElection112] INFO  impl.LeaderElection (LeaderElection.java:logAndReturn(93)) -   Response 0: 728f99e8-418e-4b00-b2e8-36f688b477dd<-79ee019c-6239-4f85-9f3b-dddcaaaeb0fb#0:OK-t2
2022-03-07 09:52:04,532 [728f99e8-418e-4b00-b2e8-36f688b477dd@group-993C76073EC3-LeaderElection112] INFO  impl.LeaderElection (LogUtils.java:infoOrTrace(137)) -   Exception 1: java.util.concurrent.ExecutionException: org.apache.ratis.thirdparty.io.grpc.StatusRuntimeException: UNAVAILABLE: io exception
2022-03-07 09:52:04,532 [728f99e8-418e-4b00-b2e8-36f688b477dd@group-993C76073EC3-LeaderElection112] INFO  impl.LeaderElection (LeaderElection.java:askForVotes(308)) - 728f99e8-418e-4b00-b2e8-36f688b477dd@group-993C76073EC3-LeaderElection112 ELECTION round 0: result PASSED
2022-03-07 09:52:04,532 [728f99e8-418e-4b00-b2e8-36f688b477dd@group-993C76073EC3-LeaderElection112] INFO  impl.RoleInfo (RoleInfo.java:shutdownLeaderElection(121)) - 728f99e8-418e-4b00-b2e8-36f688b477dd: shutdown 728f99e8-418e-4b00-b2e8-36f688b477dd@group-993C76073EC3-LeaderElection112
2022-03-07 09:52:04,532 [728f99e8-418e-4b00-b2e8-36f688b477dd@group-993C76073EC3-LeaderElection112] INFO  server.RaftServer$Division (RaftServerImpl.java:setRole(290)) - 728f99e8-418e-4b00-b2e8-36f688b477dd@group-993C76073EC3: changes role from CANDIDATE to LEADER at term 2 for changeToLeader
2022-03-07 09:52:04,532 [728f99e8-418e-4b00-b2e8-36f688b477dd@group-993C76073EC3-LeaderElection112] INFO  ratis.XceiverServerRatis (XceiverServerRatis.java:handleLeaderChangedNotification(867)) - Leader change notification received for group: group-993C76073EC3 with new leaderId: 728f99e8-418e-4b00-b2e8-36f688b477dd
2022-03-07 09:52:04,532 [728f99e8-418e-4b00-b2e8-36f688b477dd@group-993C76073EC3-LeaderElection112] INFO  server.RaftServer$Division (ServerState.java:setLeader(285)) - 728f99e8-418e-4b00-b2e8-36f688b477dd@group-993C76073EC3: change Leader from null to 728f99e8-418e-4b00-b2e8-36f688b477dd at term 2 for becomeLeader, leader elected after 10483ms
2022-03-07 09:52:04,532 [728f99e8-418e-4b00-b2e8-36f688b477dd@group-993C76073EC3-LeaderElection112] INFO  server.RaftServerConfigKeys (ConfUtils.java:logGet(44)) - raft.server.staging.catchup.gap = 1000 (default)
2022-03-07 09:52:04,532 [728f99e8-418e-4b00-b2e8-36f688b477dd@group-993C76073EC3-LeaderElection112] INFO  server.RaftServerConfigKeys (ConfUtils.java:logGet(44)) - raft.server.write.element-limit = 1024 (custom)
2022-03-07 09:52:04,532 [728f99e8-418e-4b00-b2e8-36f688b477dd@group-993C76073EC3-LeaderElection112] INFO  server.RaftServerConfigKeys (ConfUtils.java:logGet(44)) - raft.server.write.byte-limit = 1024 M (=1073741824) (custom)
2022-03-07 09:52:04,533 [728f99e8-418e-4b00-b2e8-36f688b477dd@group-993C76073EC3-LeaderElection112] INFO  server.RaftServerConfigKeys (ConfUtils.java:logGet(44)) - raft.server.watch.timeout = 3000ms (custom)
2022-03-07 09:52:04,533 [728f99e8-418e-4b00-b2e8-36f688b477dd@group-993C76073EC3-LeaderElection112] INFO  server.RaftServerConfigKeys (ConfUtils.java:logGet(44)) - raft.server.watch.timeout.denomination = 1s (default)
2022-03-07 09:52:04,533 [728f99e8-418e-4b00-b2e8-36f688b477dd@group-993C76073EC3-LeaderElection112] INFO  server.RaftServerConfigKeys (ConfUtils.java:logGet(44)) - raft.server.watch.element-limit = 65536 (default)
2022-03-07 09:52:04,533 [728f99e8-418e-4b00-b2e8-36f688b477dd@group-993C76073EC3-LeaderElection112] INFO  server.RaftServerConfigKeys (ConfUtils.java:logGet(44)) - raft.server.write.element-limit = 1024 (custom)
2022-03-07 09:52:04,533 [728f99e8-418e-4b00-b2e8-36f688b477dd@group-993C76073EC3-LeaderElection112] INFO  server.RaftServerConfigKeys (ConfUtils.java:logGet(44)) - raft.server.write.follower.gap.ratio.max = -1.0 (default)
2022-03-07 09:52:04,533 [728f99e8-418e-4b00-b2e8-36f688b477dd@group-993C76073EC3-LeaderElection112] INFO  server.RaftServerConfigKeys (ConfUtils.java:logGet(44)) - raft.server.log.appender.snapshot.chunk.size.max = 16MB (=16777216) (default)
2022-03-07 09:52:04,533 [728f99e8-418e-4b00-b2e8-36f688b477dd@group-993C76073EC3-LeaderElection112] INFO  server.RaftServerConfigKeys (ConfUtils.java:logGet(44)) - raft.server.log.appender.buffer.byte-limit = 33554432 (custom)
2022-03-07 09:52:04,533 [728f99e8-418e-4b00-b2e8-36f688b477dd@group-993C76073EC3-LeaderElection112] INFO  server.RaftServerConfigKeys (ConfUtils.java:logGet(44)) - raft.server.log.appender.buffer.element-limit = 1 (custom)
2022-03-07 09:52:04,533 [728f99e8-418e-4b00-b2e8-36f688b477dd@group-993C76073EC3-LeaderElection112] INFO  grpc.GrpcConfigKeys (ConfUtils.java:logGet(44)) - raft.grpc.server.leader.outstanding.appends.max = 128 (default)
2022-03-07 09:52:04,533 [728f99e8-418e-4b00-b2e8-36f688b477dd@group-993C76073EC3-LeaderElection112] INFO  server.RaftServerConfigKeys (ConfUtils.java:logGet(44)) - raft.server.rpc.request.timeout = 3000ms (default)
2022-03-07 09:52:04,533 [728f99e8-418e-4b00-b2e8-36f688b477dd@group-993C76073EC3-LeaderElection112] INFO  server.RaftServerConfigKeys (ConfUtils.java:logGet(44)) - raft.server.log.appender.install.snapshot.enabled = false (custom)
2022-03-07 09:52:04,534 [728f99e8-418e-4b00-b2e8-36f688b477dd@group-993C76073EC3-LeaderElection112] INFO  server.RaftServerConfigKeys (ConfUtils.java:logGet(44)) - raft.server.log.appender.snapshot.chunk.size.max = 16MB (=16777216) (default)
2022-03-07 09:52:04,534 [728f99e8-418e-4b00-b2e8-36f688b477dd@group-993C76073EC3-LeaderElection112] INFO  server.RaftServerConfigKeys (ConfUtils.java:logGet(44)) - raft.server.log.appender.buffer.byte-limit = 33554432 (custom)
2022-03-07 09:52:04,534 [728f99e8-418e-4b00-b2e8-36f688b477dd@group-993C76073EC3-LeaderElection112] INFO  server.RaftServerConfigKeys (ConfUtils.java:logGet(44)) - raft.server.log.appender.buffer.element-limit = 1 (custom)
2022-03-07 09:52:04,534 [728f99e8-418e-4b00-b2e8-36f688b477dd@group-993C76073EC3-LeaderElection112] INFO  grpc.GrpcConfigKeys (ConfUtils.java:logGet(44)) - raft.grpc.server.leader.outstanding.appends.max = 128 (default)
2022-03-07 09:52:04,534 [728f99e8-418e-4b00-b2e8-36f688b477dd@group-993C76073EC3-LeaderElection112] INFO  server.RaftServerConfigKeys (ConfUtils.java:logGet(44)) - raft.server.rpc.request.timeout = 3000ms (default)
2022-03-07 09:52:04,534 [728f99e8-418e-4b00-b2e8-36f688b477dd@group-993C76073EC3-LeaderElection112] INFO  server.RaftServerConfigKeys (ConfUtils.java:logGet(44)) - raft.server.log.appender.install.snapshot.enabled = false (custom)
2022-03-07 09:52:04,537 [728f99e8-418e-4b00-b2e8-36f688b477dd@group-993C76073EC3-LeaderElection112] INFO  impl.RoleInfo (RoleInfo.java:updateAndGet(130)) - 728f99e8-418e-4b00-b2e8-36f688b477dd: start 728f99e8-418e-4b00-b2e8-36f688b477dd@group-993C76073EC3-LeaderStateImpl
2022-03-07 09:52:04,537 [728f99e8-418e-4b00-b2e8-36f688b477dd@group-993C76073EC3-LeaderElection112] INFO  segmented.SegmentedRaftLogWorker (SegmentedRaftLogWorker.java:startLogSegment(394)) - 728f99e8-418e-4b00-b2e8-36f688b477dd@group-993C76073EC3-SegmentedRaftLogWorker: Starting segment from index:0
2022-03-07 09:52:04,545 [728f99e8-418e-4b00-b2e8-36f688b477dd@group-993C76073EC3-SegmentedRaftLogWorker] INFO  segmented.SegmentedRaftLogWorker (SegmentedRaftLogWorker.java:execute(601)) - 728f99e8-418e-4b00-b2e8-36f688b477dd@group-993C76073EC3-SegmentedRaftLogWorker: created new log segment /home/runner/work/ozone/ozone/hadoop-ozone/integration-test/target/test-dir/MiniOzoneClusterImpl-4c099742-f0a8-499d-a606-d482764d36d7/datanode-0/data/ratis/110c5adc-eefa-440f-b852-993c76073ec3/current/log_inprogress_0
2022-03-07 09:52:04,553 [grpc-default-executor-3] INFO  ratis.XceiverServerRatis (XceiverServerRatis.java:handleLeaderChangedNotification(867)) - Leader change notification received for group: group-993C76073EC3 with new leaderId: 728f99e8-418e-4b00-b2e8-36f688b477dd
2022-03-07 09:52:04,553 [grpc-default-executor-3] INFO  server.RaftServer$Division (ServerState.java:setLeader(285)) - 79ee019c-6239-4f85-9f3b-dddcaaaeb0fb@group-993C76073EC3: change Leader from null to 728f99e8-418e-4b00-b2e8-36f688b477dd at term 2 for appendEntries, leader elected after 10325ms
2022-03-07 09:52:04,554 [grpc-default-executor-5] WARN  server.GrpcLogAppender (LogUtils.java:warn(122)) - 728f99e8-418e-4b00-b2e8-36f688b477dd@group-993C76073EC3->616d314c-ba0d-49c9-8f1d-797448dad8fd-AppendLogResponseHandler: Failed appendEntries: org.apache.ratis.thirdparty.io.grpc.StatusRuntimeException: UNAVAILABLE: io exception
2022-03-07 09:52:04,575 [grpc-default-executor-5] WARN  server.GrpcLogAppender (GrpcLogAppender.java:resetClient(110)) - 728f99e8-418e-4b00-b2e8-36f688b477dd@group-993C76073EC3->616d314c-ba0d-49c9-8f1d-797448dad8fd-GrpcLogAppender: Leader has not got in touch with Follower 728f99e8-418e-4b00-b2e8-36f688b477dd@group-993C76073EC3->616d314c-ba0d-49c9-8f1d-797448dad8fd(c-1,m0,n0, attendVote=true, lastRpcSendTime=5242, lastRpcResponseTime=5242) yet, just keep nextIndex unchanged and retry.
2022-03-07 09:52:04,576 [grpc-default-executor-5] WARN  server.GrpcLogAppender (LogUtils.java:warn(122)) - 728f99e8-418e-4b00-b2e8-36f688b477dd@group-993C76073EC3->616d314c-ba0d-49c9-8f1d-797448dad8fd-AppendLogResponseHandler: Failed appendEntries: org.apache.ratis.thirdparty.io.grpc.StatusRuntimeException: UNAVAILABLE: io exception
2022-03-07 09:52:04,577 [grpc-default-executor-5] WARN  server.GrpcLogAppender (GrpcLogAppender.java:resetClient(110)) - 728f99e8-418e-4b00-b2e8-36f688b477dd@group-993C76073EC3->616d314c-ba0d-49c9-8f1d-797448dad8fd-GrpcLogAppender: Leader has not got in touch with Follower 728f99e8-418e-4b00-b2e8-36f688b477dd@group-993C76073EC3->616d314c-ba0d-49c9-8f1d-797448dad8fd(c-1,m0,n1, attendVote=true, lastRpcSendTime=0, lastRpcResponseTime=5243) yet, just keep nextIndex unchanged and retry.
2022-03-07 09:52:04,595 [728f99e8-418e-4b00-b2e8-36f688b477dd@group-993C76073EC3-LeaderElection112] INFO  server.RaftServer$Division (ServerState.java:setRaftConf(387)) - 728f99e8-418e-4b00-b2e8-36f688b477dd@group-993C76073EC3: set configuration 0: [728f99e8-418e-4b00-b2e8-36f688b477dd|rpc:10.1.0.49:44013|dataStream:|priority:0, 616d314c-ba0d-49c9-8f1d-797448dad8fd|rpc:10.1.0.49:39129|dataStream:|priority:1, 79ee019c-6239-4f85-9f3b-dddcaaaeb0fb|rpc:10.1.0.49:41163|dataStream:|priority:0], old=null
2022-03-07 09:52:04,685 [grpc-default-executor-3] INFO  server.RaftServer$Division (ServerState.java:setRaftConf(387)) - 79ee019c-6239-4f85-9f3b-dddcaaaeb0fb@group-993C76073EC3: set configuration 0: [728f99e8-418e-4b00-b2e8-36f688b477dd|rpc:10.1.0.49:44013|dataStream:|priority:0, 616d314c-ba0d-49c9-8f1d-797448dad8fd|rpc:10.1.0.49:39129|dataStream:|priority:1, 79ee019c-6239-4f85-9f3b-dddcaaaeb0fb|rpc:10.1.0.49:41163|dataStream:|priority:0], old=null
2022-03-07 09:52:04,685 [grpc-default-executor-3] INFO  segmented.SegmentedRaftLogWorker (SegmentedRaftLogWorker.java:startLogSegment(394)) - 79ee019c-6239-4f85-9f3b-dddcaaaeb0fb@group-993C76073EC3-SegmentedRaftLogWorker: Starting segment from index:0
2022-03-07 09:52:04,686 [79ee019c-6239-4f85-9f3b-dddcaaaeb0fb@group-993C76073EC3-SegmentedRaftLogWorker] INFO  segmented.SegmentedRaftLogWorker (SegmentedRaftLogWorker.java:execute(601)) - 79ee019c-6239-4f85-9f3b-dddcaaaeb0fb@group-993C76073EC3-SegmentedRaftLogWorker: created new log segment /home/runner/work/ozone/ozone/hadoop-ozone/integration-test/target/test-dir/MiniOzoneClusterImpl-4c099742-f0a8-499d-a606-d482764d36d7/datanode-6/data/ratis/110c5adc-eefa-440f-b852-993c76073ec3/current/log_inprogress_0
2022-03-07 09:52:04,706 [ForkJoinPool.commonPool-worker-1] INFO  statemachine.DatanodeStateMachine (DatanodeStateMachine.java:stopDaemon(529)) - Ozone container server stopped.
2022-03-07 09:52:04,784 [ForkJoinPool.commonPool-worker-1] INFO  handler.ContextHandler (ContextHandler.java:doStop(1153)) - Stopped o.e.j.w.WebAppContext@232f084c{hddsDatanode,/,null,STOPPED}{jar:file:/home/runner/.m2/repository/org/apache/ozone/hdds-container-service/1.3.0-SNAPSHOT/hdds-container-service-1.3.0-SNAPSHOT.jar!/webapps/hddsDatanode}
2022-03-07 09:52:04,796 [ForkJoinPool.commonPool-worker-1] INFO  server.AbstractConnector (AbstractConnector.java:doStop(381)) - Stopped ServerConnector@76054f93{HTTP/1.1, (http/1.1)}{0.0.0.0:0}
2022-03-07 09:52:04,796 [ForkJoinPool.commonPool-worker-1] INFO  server.session (HouseKeeper.java:stopScavenging(149)) - node0 Stopped scavenging
2022-03-07 09:52:04,806 [ForkJoinPool.commonPool-worker-1] INFO  handler.ContextHandler (ContextHandler.java:doStop(1153)) - Stopped o.e.j.s.ServletContextHandler@20d4a477{static,/static,jar:file:/home/runner/.m2/repository/org/apache/ozone/hdds-container-service/1.3.0-SNAPSHOT/hdds-container-service-1.3.0-SNAPSHOT.jar!/webapps/static,STOPPED}
2022-03-07 09:52:04,806 [ForkJoinPool.commonPool-worker-1] INFO  handler.ContextHandler (ContextHandler.java:doStop(1153)) - Stopped o.e.j.s.ServletContextHandler@490cd122{logs,/logs,file:///home/runner/work/ozone/ozone/hadoop-ozone/integration-test/target/log,STOPPED}
2022-03-07 09:52:04,817 [Listener at 127.0.0.1/40579] INFO  statemachine.DatanodeStateMachine (DatanodeStateMachine.java:stopDaemon(529)) - Ozone container server stopped.
2022-03-07 09:52:04,817 [Listener at 127.0.0.1/40579] INFO  handler.ContextHandler (ContextHandler.java:doStop(1153)) - Stopped o.e.j.w.WebAppContext@2034a4d2{hddsDatanode,/,null,STOPPED}{jar:file:/home/runner/.m2/repository/org/apache/ozone/hdds-container-service/1.3.0-SNAPSHOT/hdds-container-service-1.3.0-SNAPSHOT.jar!/webapps/hddsDatanode}
2022-03-07 09:52:04,824 [Listener at 127.0.0.1/40579] INFO  server.AbstractConnector (AbstractConnector.java:doStop(381)) - Stopped ServerConnector@1da36a83{HTTP/1.1, (http/1.1)}{0.0.0.0:0}
2022-03-07 09:52:04,824 [Listener at 127.0.0.1/40579] INFO  server.session (HouseKeeper.java:stopScavenging(149)) - node0 Stopped scavenging
2022-03-07 09:52:04,824 [Listener at 127.0.0.1/40579] INFO  handler.ContextHandler (ContextHandler.java:doStop(1153)) - Stopped o.e.j.s.ServletContextHandler@2cf0c3e6{static,/static,jar:file:/home/runner/.m2/repository/org/apache/ozone/hdds-container-service/1.3.0-SNAPSHOT/hdds-container-service-1.3.0-SNAPSHOT.jar!/webapps/static,STOPPED}
2022-03-07 09:52:04,824 [Listener at 127.0.0.1/40579] INFO  handler.ContextHandler (ContextHandler.java:doStop(1153)) - Stopped o.e.j.s.ServletContextHandler@3bba50d1{logs,/logs,file:///home/runner/work/ozone/ozone/hadoop-ozone/integration-test/target/log,STOPPED}
2022-03-07 09:52:04,901 [edf60a86-ae5b-4f71-bc37-25062be06587@group-5B77DECE4517-FollowerState] INFO  impl.FollowerState (FollowerState.java:run(134)) - edf60a86-ae5b-4f71-bc37-25062be06587@group-5B77DECE4517-FollowerState: change to CANDIDATE, lastRpcElapsedTime:7854536507ns, electionTimeout:5145ms
2022-03-07 09:52:04,901 [edf60a86-ae5b-4f71-bc37-25062be06587@group-5B77DECE4517-FollowerState] INFO  impl.RoleInfo (RoleInfo.java:shutdownFollowerState(108)) - edf60a86-ae5b-4f71-bc37-25062be06587: shutdown edf60a86-ae5b-4f71-bc37-25062be06587@group-5B77DECE4517-FollowerState
2022-03-07 09:52:04,901 [edf60a86-ae5b-4f71-bc37-25062be06587@group-5B77DECE4517-FollowerState] INFO  server.RaftServer$Division (RaftServerImpl.java:setRole(290)) - edf60a86-ae5b-4f71-bc37-25062be06587@group-5B77DECE4517: changes role from  FOLLOWER to CANDIDATE at term 4 for changeToCandidate
2022-03-07 09:52:04,901 [edf60a86-ae5b-4f71-bc37-25062be06587@group-5B77DECE4517-FollowerState] INFO  server.RaftServerConfigKeys (ConfUtils.java:logGet(44)) - raft.server.leaderelection.pre-vote = false (custom)
2022-03-07 09:52:04,901 [edf60a86-ae5b-4f71-bc37-25062be06587@group-5B77DECE4517-FollowerState] INFO  impl.RoleInfo (RoleInfo.java:updateAndGet(130)) - edf60a86-ae5b-4f71-bc37-25062be06587: start edf60a86-ae5b-4f71-bc37-25062be06587@group-5B77DECE4517-LeaderElection113
2022-03-07 09:52:04,943 [edf60a86-ae5b-4f71-bc37-25062be06587@group-5B77DECE4517-LeaderElection113] INFO  server.RaftServer$Division (ServerState.java:setLeader(285)) - edf60a86-ae5b-4f71-bc37-25062be06587@group-5B77DECE4517: change Leader from 84008c31-6636-4a62-b386-f7fb7e7ffddc to null at term 4 for ELECTION
2022-03-07 09:52:04,945 [edf60a86-ae5b-4f71-bc37-25062be06587@group-5B77DECE4517-LeaderElection113] INFO  impl.LeaderElection (LeaderElection.java:askForVotes(306)) - edf60a86-ae5b-4f71-bc37-25062be06587@group-5B77DECE4517-LeaderElection113 ELECTION round 0: submit vote requests at term 5 for 0: [edf60a86-ae5b-4f71-bc37-25062be06587|rpc:10.1.0.49:38621|dataStream:|priority:0, 7fca689d-043b-47bb-bf18-12adf35ba2bc|rpc:10.1.0.49:42461|dataStream:|priority:0, 84008c31-6636-4a62-b386-f7fb7e7ffddc|rpc:10.1.0.49:44263|dataStream:|priority:1], old=null
2022-03-07 09:52:04,992 [grpc-default-executor-3] INFO  server.RaftServer$Division (RaftServerImpl.java:requestVote(1046)) - 7fca689d-043b-47bb-bf18-12adf35ba2bc@group-5B77DECE4517: receive requestVote(ELECTION, edf60a86-ae5b-4f71-bc37-25062be06587, group-5B77DECE4517, 5, (t:4, i:0))
2022-03-07 09:52:04,993 [grpc-default-executor-3] INFO  impl.VoteContext (VoteContext.java:log(48)) - 7fca689d-043b-47bb-bf18-12adf35ba2bc@group-5B77DECE4517-FOLLOWER: accept ELECTION from edf60a86-ae5b-4f71-bc37-25062be06587: our priority 0 <= candidate's priority 0
2022-03-07 09:52:04,993 [grpc-default-executor-3] INFO  server.RaftServer$Division (ServerState.java:setLeader(285)) - 7fca689d-043b-47bb-bf18-12adf35ba2bc@group-5B77DECE4517: change Leader from 84008c31-6636-4a62-b386-f7fb7e7ffddc to null at term 5 for updateCurrentTerm
2022-03-07 09:52:04,993 [grpc-default-executor-3] INFO  server.RaftServer$Division (RaftServerImpl.java:setRole(290)) - 7fca689d-043b-47bb-bf18-12adf35ba2bc@group-5B77DECE4517: changes role from  FOLLOWER to FOLLOWER at term 5 for candidate:edf60a86-ae5b-4f71-bc37-25062be06587
2022-03-07 09:52:04,993 [grpc-default-executor-3] INFO  impl.RoleInfo (RoleInfo.java:shutdownFollowerState(108)) - 7fca689d-043b-47bb-bf18-12adf35ba2bc: shutdown 7fca689d-043b-47bb-bf18-12adf35ba2bc@group-5B77DECE4517-FollowerState
2022-03-07 09:52:05,048 [grpc-default-executor-3] INFO  impl.RoleInfo (RoleInfo.java:updateAndGet(130)) - 7fca689d-043b-47bb-bf18-12adf35ba2bc: start 7fca689d-043b-47bb-bf18-12adf35ba2bc@group-5B77DECE4517-FollowerState
2022-03-07 09:52:05,056 [edf60a86-ae5b-4f71-bc37-25062be06587@group-5B77DECE4517-LeaderElection113] INFO  impl.LeaderElection (LogUtils.java:infoOrTrace(137)) - edf60a86-ae5b-4f71-bc37-25062be06587@group-5B77DECE4517-LeaderElection113 got exception when requesting votes: java.util.concurrent.ExecutionException: org.apache.ratis.thirdparty.io.grpc.StatusRuntimeException: UNAVAILABLE: io exception
2022-03-07 09:52:05,068 [grpc-default-executor-3] INFO  server.RaftServer$Division (RaftServerImpl.java:requestVote(1078)) - 7fca689d-043b-47bb-bf18-12adf35ba2bc@group-5B77DECE4517 replies to ELECTION vote request: edf60a86-ae5b-4f71-bc37-25062be06587<-7fca689d-043b-47bb-bf18-12adf35ba2bc#0:OK-t5. Peer's state: 7fca689d-043b-47bb-bf18-12adf35ba2bc@group-5B77DECE4517:t5, leader=null, voted=edf60a86-ae5b-4f71-bc37-25062be06587, raftlog=7fca689d-043b-47bb-bf18-12adf35ba2bc@group-5B77DECE4517-SegmentedRaftLog:OPENED:c0, conf=0: [edf60a86-ae5b-4f71-bc37-25062be06587|rpc:10.1.0.49:38621|dataStream:|priority:0, 7fca689d-043b-47bb-bf18-12adf35ba2bc|rpc:10.1.0.49:42461|dataStream:|priority:0, 84008c31-6636-4a62-b386-f7fb7e7ffddc|rpc:10.1.0.49:44263|dataStream:|priority:1], old=null
2022-03-07 09:52:05,072 [edf60a86-ae5b-4f71-bc37-25062be06587@group-5B77DECE4517-LeaderElection113] INFO  impl.LeaderElection (LeaderElection.java:logAndReturn(89)) - edf60a86-ae5b-4f71-bc37-25062be06587@group-5B77DECE4517-LeaderElection113: ELECTION PASSED received 1 response(s) and 1 exception(s):
2022-03-07 09:52:05,072 [edf60a86-ae5b-4f71-bc37-25062be06587@group-5B77DECE4517-LeaderElection113] INFO  impl.LeaderElection (LeaderElection.java:logAndReturn(93)) -   Response 0: edf60a86-ae5b-4f71-bc37-25062be06587<-7fca689d-043b-47bb-bf18-12adf35ba2bc#0:OK-t5
2022-03-07 09:52:05,072 [edf60a86-ae5b-4f71-bc37-25062be06587@group-5B77DECE4517-LeaderElection113] INFO  impl.LeaderElection (LogUtils.java:infoOrTrace(137)) -   Exception 1: java.util.concurrent.ExecutionException: org.apache.ratis.thirdparty.io.grpc.StatusRuntimeException: UNAVAILABLE: io exception
2022-03-07 09:52:05,072 [edf60a86-ae5b-4f71-bc37-25062be06587@group-5B77DECE4517-LeaderElection113] INFO  impl.LeaderElection (LeaderElection.java:askForVotes(308)) - edf60a86-ae5b-4f71-bc37-25062be06587@group-5B77DECE4517-LeaderElection113 ELECTION round 0: result PASSED
2022-03-07 09:52:05,073 [edf60a86-ae5b-4f71-bc37-25062be06587@group-5B77DECE4517-LeaderElection113] INFO  impl.RoleInfo (RoleInfo.java:shutdownLeaderElection(121)) - edf60a86-ae5b-4f71-bc37-25062be06587: shutdown edf60a86-ae5b-4f71-bc37-25062be06587@group-5B77DECE4517-LeaderElection113
2022-03-07 09:52:05,073 [edf60a86-ae5b-4f71-bc37-25062be06587@group-5B77DECE4517-LeaderElection113] INFO  server.RaftServer$Division (RaftServerImpl.java:setRole(290)) - edf60a86-ae5b-4f71-bc37-25062be06587@group-5B77DECE4517: changes role from CANDIDATE to LEADER at term 5 for changeToLeader
2022-03-07 09:52:05,073 [edf60a86-ae5b-4f71-bc37-25062be06587@group-5B77DECE4517-LeaderElection113] INFO  ratis.XceiverServerRatis (XceiverServerRatis.java:handleLeaderChangedNotification(867)) - Leader change notification received for group: group-5B77DECE4517 with new leaderId: edf60a86-ae5b-4f71-bc37-25062be06587
2022-03-07 09:52:05,073 [edf60a86-ae5b-4f71-bc37-25062be06587@group-5B77DECE4517-LeaderElection113] INFO  server.RaftServer$Division (ServerState.java:setLeader(285)) - edf60a86-ae5b-4f71-bc37-25062be06587@group-5B77DECE4517: change Leader from null to edf60a86-ae5b-4f71-bc37-25062be06587 at term 5 for becomeLeader, leader elected after 130ms
2022-03-07 09:52:05,073 [edf60a86-ae5b-4f71-bc37-25062be06587@group-5B77DECE4517-LeaderElection113] INFO  server.RaftServerConfigKeys (ConfUtils.java:logGet(44)) - raft.server.staging.catchup.gap = 1000 (default)
2022-03-07 09:52:05,073 [edf60a86-ae5b-4f71-bc37-25062be06587@group-5B77DECE4517-LeaderElection113] INFO  server.RaftServerConfigKeys (ConfUtils.java:logGet(44)) - raft.server.write.element-limit = 1024 (custom)
2022-03-07 09:52:05,073 [edf60a86-ae5b-4f71-bc37-25062be06587@group-5B77DECE4517-LeaderElection113] INFO  server.RaftServerConfigKeys (ConfUtils.java:logGet(44)) - raft.server.write.byte-limit = 1024 M (=1073741824) (custom)
2022-03-07 09:52:05,073 [edf60a86-ae5b-4f71-bc37-25062be06587@group-5B77DECE4517-LeaderElection113] INFO  server.RaftServerConfigKeys (ConfUtils.java:logGet(44)) - raft.server.watch.timeout = 3000ms (custom)
2022-03-07 09:52:05,073 [edf60a86-ae5b-4f71-bc37-25062be06587@group-5B77DECE4517-LeaderElection113] INFO  server.RaftServerConfigKeys (ConfUtils.java:logGet(44)) - raft.server.watch.timeout.denomination = 1s (default)
2022-03-07 09:52:05,074 [edf60a86-ae5b-4f71-bc37-25062be06587@group-5B77DECE4517-LeaderElection113] INFO  server.RaftServerConfigKeys (ConfUtils.java:logGet(44)) - raft.server.watch.element-limit = 65536 (default)
2022-03-07 09:52:05,074 [edf60a86-ae5b-4f71-bc37-25062be06587@group-5B77DECE4517-LeaderElection113] INFO  server.RaftServerConfigKeys (ConfUtils.java:logGet(44)) - raft.server.write.element-limit = 1024 (custom)
2022-03-07 09:52:05,074 [edf60a86-ae5b-4f71-bc37-25062be06587@group-5B77DECE4517-LeaderElection113] INFO  server.RaftServerConfigKeys (ConfUtils.java:logGet(44)) - raft.server.write.follower.gap.ratio.max = -1.0 (default)
2022-03-07 09:52:05,074 [edf60a86-ae5b-4f71-bc37-25062be06587@group-5B77DECE4517-LeaderElection113] INFO  server.RaftServerConfigKeys (ConfUtils.java:logGet(44)) - raft.server.log.appender.snapshot.chunk.size.max = 16MB (=16777216) (default)
2022-03-07 09:52:05,074 [edf60a86-ae5b-4f71-bc37-25062be06587@group-5B77DECE4517-LeaderElection113] INFO  server.RaftServerConfigKeys (ConfUtils.java:logGet(44)) - raft.server.log.appender.buffer.byte-limit = 33554432 (custom)
2022-03-07 09:52:05,074 [edf60a86-ae5b-4f71-bc37-25062be06587@group-5B77DECE4517-LeaderElection113] INFO  server.RaftServerConfigKeys (ConfUtils.java:logGet(44)) - raft.server.log.appender.buffer.element-limit = 1 (custom)
2022-03-07 09:52:05,074 [edf60a86-ae5b-4f71-bc37-25062be06587@group-5B77DECE4517-LeaderElection113] INFO  grpc.GrpcConfigKeys (ConfUtils.java:logGet(44)) - raft.grpc.server.leader.outstanding.appends.max = 128 (default)
2022-03-07 09:52:05,074 [edf60a86-ae5b-4f71-bc37-25062be06587@group-5B77DECE4517-LeaderElection113] INFO  server.RaftServerConfigKeys (ConfUtils.java:logGet(44)) - raft.server.rpc.request.timeout = 3000ms (default)
2022-03-07 09:52:05,074 [edf60a86-ae5b-4f71-bc37-25062be06587@group-5B77DECE4517-LeaderElection113] INFO  server.RaftServerConfigKeys (ConfUtils.java:logGet(44)) - raft.server.log.appender.install.snapshot.enabled = false (custom)
2022-03-07 09:52:05,076 [edf60a86-ae5b-4f71-bc37-25062be06587@group-5B77DECE4517-LeaderElection113] INFO  server.RaftServerConfigKeys (ConfUtils.java:logGet(44)) - raft.server.log.appender.snapshot.chunk.size.max = 16MB (=16777216) (default)
2022-03-07 09:52:05,076 [edf60a86-ae5b-4f71-bc37-25062be06587@group-5B77DECE4517-LeaderElection113] INFO  server.RaftServerConfigKeys (ConfUtils.java:logGet(44)) - raft.server.log.appender.buffer.byte-limit = 33554432 (custom)
2022-03-07 09:52:05,076 [edf60a86-ae5b-4f71-bc37-25062be06587@group-5B77DECE4517-LeaderElection113] INFO  server.RaftServerConfigKeys (ConfUtils.java:logGet(44)) - raft.server.log.appender.buffer.element-limit = 1 (custom)
2022-03-07 09:52:05,076 [edf60a86-ae5b-4f71-bc37-25062be06587@group-5B77DECE4517-LeaderElection113] INFO  grpc.GrpcConfigKeys (ConfUtils.java:logGet(44)) - raft.grpc.server.leader.outstanding.appends.max = 128 (default)
2022-03-07 09:52:05,076 [edf60a86-ae5b-4f71-bc37-25062be06587@group-5B77DECE4517-LeaderElection113] INFO  server.RaftServerConfigKeys (ConfUtils.java:logGet(44)) - raft.server.rpc.request.timeout = 3000ms (default)
2022-03-07 09:52:05,076 [edf60a86-ae5b-4f71-bc37-25062be06587@group-5B77DECE4517-LeaderElection113] INFO  server.RaftServerConfigKeys (ConfUtils.java:logGet(44)) - raft.server.log.appender.install.snapshot.enabled = false (custom)
2022-03-07 09:52:05,077 [edf60a86-ae5b-4f71-bc37-25062be06587@group-5B77DECE4517-LeaderElection113] INFO  impl.RoleInfo (RoleInfo.java:updateAndGet(130)) - edf60a86-ae5b-4f71-bc37-25062be06587: start edf60a86-ae5b-4f71-bc37-25062be06587@group-5B77DECE4517-LeaderStateImpl
2022-03-07 09:52:05,077 [edf60a86-ae5b-4f71-bc37-25062be06587@group-5B77DECE4517-LeaderElection113] INFO  segmented.SegmentedRaftLogWorker (SegmentedRaftLogWorker.java:rollLogSegment(399)) - edf60a86-ae5b-4f71-bc37-25062be06587@group-5B77DECE4517-SegmentedRaftLogWorker: Rolling segment log-0_0 to index:0
2022-03-07 09:52:05,080 [edf60a86-ae5b-4f71-bc37-25062be06587@group-5B77DECE4517-SegmentedRaftLogWorker] INFO  segmented.SegmentedRaftLogWorker (SegmentedRaftLogWorker.java:execute(558)) - edf60a86-ae5b-4f71-bc37-25062be06587@group-5B77DECE4517-SegmentedRaftLogWorker: Rolled log segment from /home/runner/work/ozone/ozone/hadoop-ozone/integration-test/target/test-dir/MiniOzoneClusterImpl-4c099742-f0a8-499d-a606-d482764d36d7/datanode-5/data/ratis/27d35f41-3a25-4561-aa12-5b77dece4517/current/log_inprogress_0 to /home/runner/work/ozone/ozone/hadoop-ozone/integration-test/target/test-dir/MiniOzoneClusterImpl-4c099742-f0a8-499d-a606-d482764d36d7/datanode-5/data/ratis/27d35f41-3a25-4561-aa12-5b77dece4517/current/log_0-0
2022-03-07 09:52:05,081 [7fca689d-043b-47bb-bf18-12adf35ba2bc@group-5B77DECE4517-FollowerState] INFO  impl.FollowerState (FollowerState.java:run(143)) - 7fca689d-043b-47bb-bf18-12adf35ba2bc@group-5B77DECE4517-FollowerState was interrupted: {}
java.lang.InterruptedException: sleep interrupted
	at java.lang.Thread.sleep(Native Method)
	at java.lang.Thread.sleep(Thread.java:342)
	at java.util.concurrent.TimeUnit.sleep(TimeUnit.java:386)
	at org.apache.ratis.util.TimeDuration.sleep(TimeDuration.java:324)
	at org.apache.ratis.util.TimeDuration.sleep(TimeDuration.java:309)
	at org.apache.ratis.server.impl.FollowerState.run(FollowerState.java:118)
2022-03-07 09:52:05,088 [edf60a86-ae5b-4f71-bc37-25062be06587@group-5B77DECE4517-SegmentedRaftLogWorker] INFO  segmented.SegmentedRaftLogWorker (SegmentedRaftLogWorker.java:execute(601)) - edf60a86-ae5b-4f71-bc37-25062be06587@group-5B77DECE4517-SegmentedRaftLogWorker: created new log segment /home/runner/work/ozone/ozone/hadoop-ozone/integration-test/target/test-dir/MiniOzoneClusterImpl-4c099742-f0a8-499d-a606-d482764d36d7/datanode-5/data/ratis/27d35f41-3a25-4561-aa12-5b77dece4517/current/log_inprogress_1
2022-03-07 09:52:05,140 [grpc-default-executor-3] WARN  server.GrpcLogAppender (LogUtils.java:warn(122)) - edf60a86-ae5b-4f71-bc37-25062be06587@group-5B77DECE4517->84008c31-6636-4a62-b386-f7fb7e7ffddc-AppendLogResponseHandler: Failed appendEntries: org.apache.ratis.thirdparty.io.grpc.StatusRuntimeException: UNAVAILABLE: io exception
2022-03-07 09:52:05,141 [grpc-default-executor-3] WARN  server.GrpcLogAppender (GrpcLogAppender.java:resetClient(110)) - edf60a86-ae5b-4f71-bc37-25062be06587@group-5B77DECE4517->84008c31-6636-4a62-b386-f7fb7e7ffddc-GrpcLogAppender: Leader has not got in touch with Follower edf60a86-ae5b-4f71-bc37-25062be06587@group-5B77DECE4517->84008c31-6636-4a62-b386-f7fb7e7ffddc(c-1,m0,n1, attendVote=true, lastRpcSendTime=5267, lastRpcResponseTime=5267) yet, just keep nextIndex unchanged and retry.
2022-03-07 09:52:05,144 [grpc-default-executor-3] WARN  server.GrpcLogAppender (LogUtils.java:warn(122)) - edf60a86-ae5b-4f71-bc37-25062be06587@group-5B77DECE4517->84008c31-6636-4a62-b386-f7fb7e7ffddc-AppendLogResponseHandler: Failed appendEntries: org.apache.ratis.thirdparty.io.grpc.StatusRuntimeException: UNAVAILABLE: io exception
2022-03-07 09:52:05,144 [grpc-default-executor-3] WARN  server.GrpcLogAppender (GrpcLogAppender.java:resetClient(110)) - edf60a86-ae5b-4f71-bc37-25062be06587@group-5B77DECE4517->84008c31-6636-4a62-b386-f7fb7e7ffddc-GrpcLogAppender: Leader has not got in touch with Follower edf60a86-ae5b-4f71-bc37-25062be06587@group-5B77DECE4517->84008c31-6636-4a62-b386-f7fb7e7ffddc(c-1,m0,n2, attendVote=true, lastRpcSendTime=3, lastRpcResponseTime=5270) yet, just keep nextIndex unchanged and retry.
2022-03-07 09:52:05,166 [edf60a86-ae5b-4f71-bc37-25062be06587@group-5B77DECE4517-LeaderElection113] INFO  server.RaftServer$Division (ServerState.java:setRaftConf(387)) - edf60a86-ae5b-4f71-bc37-25062be06587@group-5B77DECE4517: set configuration 1: [edf60a86-ae5b-4f71-bc37-25062be06587|rpc:10.1.0.49:38621|dataStream:|priority:0, 7fca689d-043b-47bb-bf18-12adf35ba2bc|rpc:10.1.0.49:42461|dataStream:|priority:0, 84008c31-6636-4a62-b386-f7fb7e7ffddc|rpc:10.1.0.49:44263|dataStream:|priority:1], old=null
2022-03-07 09:52:05,169 [grpc-default-executor-3] INFO  ratis.XceiverServerRatis (XceiverServerRatis.java:handleLeaderChangedNotification(867)) - Leader change notification received for group: group-5B77DECE4517 with new leaderId: edf60a86-ae5b-4f71-bc37-25062be06587
2022-03-07 09:52:05,169 [grpc-default-executor-3] INFO  server.RaftServer$Division (ServerState.java:setLeader(285)) - 7fca689d-043b-47bb-bf18-12adf35ba2bc@group-5B77DECE4517: change Leader from null to edf60a86-ae5b-4f71-bc37-25062be06587 at term 5 for appendEntries, leader elected after 175ms
2022-03-07 09:52:05,189 [grpc-default-executor-3] INFO  server.RaftServer$Division (ServerState.java:setRaftConf(387)) - 7fca689d-043b-47bb-bf18-12adf35ba2bc@group-5B77DECE4517: set configuration 1: [edf60a86-ae5b-4f71-bc37-25062be06587|rpc:10.1.0.49:38621|dataStream:|priority:0, 7fca689d-043b-47bb-bf18-12adf35ba2bc|rpc:10.1.0.49:42461|dataStream:|priority:0, 84008c31-6636-4a62-b386-f7fb7e7ffddc|rpc:10.1.0.49:44263|dataStream:|priority:1], old=null
2022-03-07 09:52:05,189 [grpc-default-executor-3] INFO  segmented.SegmentedRaftLogWorker (SegmentedRaftLogWorker.java:rollLogSegment(399)) - 7fca689d-043b-47bb-bf18-12adf35ba2bc@group-5B77DECE4517-SegmentedRaftLogWorker: Rolling segment log-0_0 to index:0
2022-03-07 09:52:05,190 [7fca689d-043b-47bb-bf18-12adf35ba2bc@group-5B77DECE4517-SegmentedRaftLogWorker] INFO  segmented.SegmentedRaftLogWorker (SegmentedRaftLogWorker.java:execute(558)) - 7fca689d-043b-47bb-bf18-12adf35ba2bc@group-5B77DECE4517-SegmentedRaftLogWorker: Rolled log segment from /home/runner/work/ozone/ozone/hadoop-ozone/integration-test/target/test-dir/MiniOzoneClusterImpl-4c099742-f0a8-499d-a606-d482764d36d7/datanode-3/data/ratis/27d35f41-3a25-4561-aa12-5b77dece4517/current/log_inprogress_0 to /home/runner/work/ozone/ozone/hadoop-ozone/integration-test/target/test-dir/MiniOzoneClusterImpl-4c099742-f0a8-499d-a606-d482764d36d7/datanode-3/data/ratis/27d35f41-3a25-4561-aa12-5b77dece4517/current/log_0-0
2022-03-07 09:52:05,196 [7fca689d-043b-47bb-bf18-12adf35ba2bc@group-5B77DECE4517-SegmentedRaftLogWorker] INFO  segmented.SegmentedRaftLogWorker (SegmentedRaftLogWorker.java:execute(601)) - 7fca689d-043b-47bb-bf18-12adf35ba2bc@group-5B77DECE4517-SegmentedRaftLogWorker: created new log segment /home/runner/work/ozone/ozone/hadoop-ozone/integration-test/target/test-dir/MiniOzoneClusterImpl-4c099742-f0a8-499d-a606-d482764d36d7/datanode-3/data/ratis/27d35f41-3a25-4561-aa12-5b77dece4517/current/log_inprogress_1
2022-03-07 09:52:05,249 [grpc-default-executor-3] WARN  server.GrpcLogAppender (LogUtils.java:warn(122)) - edf60a86-ae5b-4f71-bc37-25062be06587@group-5B77DECE4517->84008c31-6636-4a62-b386-f7fb7e7ffddc-AppendLogResponseHandler: Failed appendEntries: org.apache.ratis.thirdparty.io.grpc.StatusRuntimeException: UNAVAILABLE: io exception
2022-03-07 09:52:05,249 [grpc-default-executor-3] WARN  server.GrpcLogAppender (GrpcLogAppender.java:resetClient(110)) - edf60a86-ae5b-4f71-bc37-25062be06587@group-5B77DECE4517->84008c31-6636-4a62-b386-f7fb7e7ffddc-GrpcLogAppender: Leader has not got in touch with Follower edf60a86-ae5b-4f71-bc37-25062be06587@group-5B77DECE4517->84008c31-6636-4a62-b386-f7fb7e7ffddc(c-1,m0,n3, attendVote=true, lastRpcSendTime=0, lastRpcResponseTime=5375) yet, just keep nextIndex unchanged and retry.
2022-03-07 09:52:06,060 [grpc-default-executor-3] WARN  server.GrpcLogAppender (LogUtils.java:warn(122)) - 7fca689d-043b-47bb-bf18-12adf35ba2bc@group-B74B02AAA056->84008c31-6636-4a62-b386-f7fb7e7ffddc-AppendLogResponseHandler: Failed appendEntries: org.apache.ratis.thirdparty.io.grpc.StatusRuntimeException: UNAVAILABLE: io exception
2022-03-07 09:52:06,061 [grpc-default-executor-3] WARN  server.GrpcLogAppender (GrpcLogAppender.java:resetClient(110)) - 7fca689d-043b-47bb-bf18-12adf35ba2bc@group-B74B02AAA056->84008c31-6636-4a62-b386-f7fb7e7ffddc-GrpcLogAppender: Leader has not got in touch with Follower 7fca689d-043b-47bb-bf18-12adf35ba2bc@group-B74B02AAA056->84008c31-6636-4a62-b386-f7fb7e7ffddc(c0,m0,n1, attendVote=true, lastRpcSendTime=2513, lastRpcResponseTime=7524) yet, just keep nextIndex unchanged and retry.
2022-03-07 09:52:06,836 [grpc-default-executor-3] WARN  server.GrpcLogAppender (LogUtils.java:warn(122)) - edf60a86-ae5b-4f71-bc37-25062be06587@group-7EB04D50015F->84008c31-6636-4a62-b386-f7fb7e7ffddc-AppendLogResponseHandler: Failed appendEntries: org.apache.ratis.thirdparty.io.grpc.StatusRuntimeException: UNAVAILABLE: io exception
2022-03-07 09:52:06,837 [grpc-default-executor-3] WARN  server.GrpcLogAppender (GrpcLogAppender.java:resetClient(110)) - edf60a86-ae5b-4f71-bc37-25062be06587@group-7EB04D50015F->84008c31-6636-4a62-b386-f7fb7e7ffddc-GrpcLogAppender: Leader has not got in touch with Follower edf60a86-ae5b-4f71-bc37-25062be06587@group-7EB04D50015F->84008c31-6636-4a62-b386-f7fb7e7ffddc(c0,m0,n1, attendVote=true, lastRpcSendTime=2510, lastRpcResponseTime=7540) yet, just keep nextIndex unchanged and retry.
2022-03-07 09:52:07,080 [grpc-default-executor-5] WARN  server.GrpcLogAppender (LogUtils.java:warn(122)) - 728f99e8-418e-4b00-b2e8-36f688b477dd@group-993C76073EC3->616d314c-ba0d-49c9-8f1d-797448dad8fd-AppendLogResponseHandler: Failed appendEntries: org.apache.ratis.thirdparty.io.grpc.StatusRuntimeException: UNAVAILABLE: io exception
2022-03-07 09:52:07,083 [grpc-default-executor-5] WARN  server.GrpcLogAppender (GrpcLogAppender.java:resetClient(110)) - 728f99e8-418e-4b00-b2e8-36f688b477dd@group-993C76073EC3->616d314c-ba0d-49c9-8f1d-797448dad8fd-GrpcLogAppender: Leader has not got in touch with Follower 728f99e8-418e-4b00-b2e8-36f688b477dd@group-993C76073EC3->616d314c-ba0d-49c9-8f1d-797448dad8fd(c-1,m0,n1, attendVote=true, lastRpcSendTime=2506, lastRpcResponseTime=7750) yet, just keep nextIndex unchanged and retry.
2022-03-07 09:52:07,749 [grpc-default-executor-3] WARN  server.GrpcLogAppender (LogUtils.java:warn(122)) - edf60a86-ae5b-4f71-bc37-25062be06587@group-5B77DECE4517->84008c31-6636-4a62-b386-f7fb7e7ffddc-AppendLogResponseHandler: Failed appendEntries: org.apache.ratis.thirdparty.io.grpc.StatusRuntimeException: UNAVAILABLE: io exception
2022-03-07 09:52:07,750 [grpc-default-executor-3] WARN  server.GrpcLogAppender (GrpcLogAppender.java:resetClient(110)) - edf60a86-ae5b-4f71-bc37-25062be06587@group-5B77DECE4517->84008c31-6636-4a62-b386-f7fb7e7ffddc-GrpcLogAppender: Leader has not got in touch with Follower edf60a86-ae5b-4f71-bc37-25062be06587@group-5B77DECE4517->84008c31-6636-4a62-b386-f7fb7e7ffddc(c-1,m0,n3, attendVote=true, lastRpcSendTime=0, lastRpcResponseTime=7876) yet, just keep nextIndex unchanged and retry.
2022-03-07 09:52:08,575 [grpc-default-executor-3] WARN  server.GrpcLogAppender (LogUtils.java:warn(122)) - 7fca689d-043b-47bb-bf18-12adf35ba2bc@group-B74B02AAA056->84008c31-6636-4a62-b386-f7fb7e7ffddc-AppendLogResponseHandler: Failed appendEntries: org.apache.ratis.thirdparty.io.grpc.StatusRuntimeException: UNAVAILABLE: io exception
2022-03-07 09:52:08,576 [grpc-default-executor-3] WARN  server.GrpcLogAppender (GrpcLogAppender.java:resetClient(110)) - 7fca689d-043b-47bb-bf18-12adf35ba2bc@group-B74B02AAA056->84008c31-6636-4a62-b386-f7fb7e7ffddc-GrpcLogAppender: Leader has not got in touch with Follower 7fca689d-043b-47bb-bf18-12adf35ba2bc@group-B74B02AAA056->84008c31-6636-4a62-b386-f7fb7e7ffddc(c0,m0,n1, attendVote=true, lastRpcSendTime=2512, lastRpcResponseTime=10039) yet, just keep nextIndex unchanged and retry.
2022-03-07 09:52:09,175 [728f99e8-418e-4b00-b2e8-36f688b477dd@group-A2AB75C9018A-FollowerState] INFO  impl.FollowerState (FollowerState.java:run(134)) - 728f99e8-418e-4b00-b2e8-36f688b477dd@group-A2AB75C9018A-FollowerState: change to CANDIDATE, lastRpcElapsedTime:5165015417ns, electionTimeout:5147ms
2022-03-07 09:52:09,175 [728f99e8-418e-4b00-b2e8-36f688b477dd@group-A2AB75C9018A-FollowerState] INFO  impl.RoleInfo (RoleInfo.java:shutdownFollowerState(108)) - 728f99e8-418e-4b00-b2e8-36f688b477dd: shutdown 728f99e8-418e-4b00-b2e8-36f688b477dd@group-A2AB75C9018A-FollowerState
2022-03-07 09:52:09,175 [728f99e8-418e-4b00-b2e8-36f688b477dd@group-A2AB75C9018A-FollowerState] INFO  server.RaftServer$Division (RaftServerImpl.java:setRole(290)) - 728f99e8-418e-4b00-b2e8-36f688b477dd@group-A2AB75C9018A: changes role from  FOLLOWER to CANDIDATE at term 2 for changeToCandidate
2022-03-07 09:52:09,175 [728f99e8-418e-4b00-b2e8-36f688b477dd@group-A2AB75C9018A-FollowerState] INFO  server.RaftServerConfigKeys (ConfUtils.java:logGet(44)) - raft.server.leaderelection.pre-vote = false (custom)
2022-03-07 09:52:09,175 [728f99e8-418e-4b00-b2e8-36f688b477dd@group-A2AB75C9018A-FollowerState] INFO  impl.RoleInfo (RoleInfo.java:updateAndGet(130)) - 728f99e8-418e-4b00-b2e8-36f688b477dd: start 728f99e8-418e-4b00-b2e8-36f688b477dd@group-A2AB75C9018A-LeaderElection114
2022-03-07 09:52:09,179 [79ee019c-6239-4f85-9f3b-dddcaaaeb0fb@group-A2AB75C9018A-FollowerState] INFO  impl.FollowerState (FollowerState.java:run(134)) - 79ee019c-6239-4f85-9f3b-dddcaaaeb0fb@group-A2AB75C9018A-FollowerState: change to CANDIDATE, lastRpcElapsedTime:5042641527ns, electionTimeout:5037ms
2022-03-07 09:52:09,179 [79ee019c-6239-4f85-9f3b-dddcaaaeb0fb@group-A2AB75C9018A-FollowerState] INFO  impl.RoleInfo (RoleInfo.java:shutdownFollowerState(108)) - 79ee019c-6239-4f85-9f3b-dddcaaaeb0fb: shutdown 79ee019c-6239-4f85-9f3b-dddcaaaeb0fb@group-A2AB75C9018A-FollowerState
2022-03-07 09:52:09,179 [79ee019c-6239-4f85-9f3b-dddcaaaeb0fb@group-A2AB75C9018A-FollowerState] INFO  server.RaftServer$Division (RaftServerImpl.java:setRole(290)) - 79ee019c-6239-4f85-9f3b-dddcaaaeb0fb@group-A2AB75C9018A: changes role from  FOLLOWER to CANDIDATE at term 2 for changeToCandidate
2022-03-07 09:52:09,184 [79ee019c-6239-4f85-9f3b-dddcaaaeb0fb@group-A2AB75C9018A-FollowerState] INFO  server.RaftServerConfigKeys (ConfUtils.java:logGet(44)) - raft.server.leaderelection.pre-vote = false (custom)
2022-03-07 09:52:09,184 [79ee019c-6239-4f85-9f3b-dddcaaaeb0fb@group-A2AB75C9018A-FollowerState] INFO  impl.RoleInfo (RoleInfo.java:updateAndGet(130)) - 79ee019c-6239-4f85-9f3b-dddcaaaeb0fb: start 79ee019c-6239-4f85-9f3b-dddcaaaeb0fb@group-A2AB75C9018A-LeaderElection115
2022-03-07 09:52:09,186 [728f99e8-418e-4b00-b2e8-36f688b477dd@group-A2AB75C9018A-LeaderElection114] INFO  impl.LeaderElection (LeaderElection.java:askForVotes(306)) - 728f99e8-418e-4b00-b2e8-36f688b477dd@group-A2AB75C9018A-LeaderElection114 ELECTION round 0: submit vote requests at term 3 for -1: [728f99e8-418e-4b00-b2e8-36f688b477dd|rpc:10.1.0.49:44013|priority:0, 79ee019c-6239-4f85-9f3b-dddcaaaeb0fb|rpc:10.1.0.49:41163|priority:1, cd9cff4b-1bd9-497e-976c-8eec10b9db64|rpc:10.1.0.49:42923|priority:0], old=null
2022-03-07 09:52:09,192 [79ee019c-6239-4f85-9f3b-dddcaaaeb0fb@group-A2AB75C9018A-LeaderElection115] INFO  impl.LeaderElection (LeaderElection.java:askForVotes(306)) - 79ee019c-6239-4f85-9f3b-dddcaaaeb0fb@group-A2AB75C9018A-LeaderElection115 ELECTION round 0: submit vote requests at term 3 for -1: [728f99e8-418e-4b00-b2e8-36f688b477dd|rpc:10.1.0.49:44013|dataStream:|priority:0, 79ee019c-6239-4f85-9f3b-dddcaaaeb0fb|rpc:10.1.0.49:41163|dataStream:|priority:1, cd9cff4b-1bd9-497e-976c-8eec10b9db64|rpc:10.1.0.49:42923|dataStream:|priority:0], old=null
2022-03-07 09:52:09,197 [grpc-default-executor-3] INFO  server.RaftServer$Division (RaftServerImpl.java:requestVote(1046)) - 79ee019c-6239-4f85-9f3b-dddcaaaeb0fb@group-A2AB75C9018A: receive requestVote(ELECTION, 728f99e8-418e-4b00-b2e8-36f688b477dd, group-A2AB75C9018A, 3, (t:0, i:0))
2022-03-07 09:52:09,197 [grpc-default-executor-3] INFO  impl.VoteContext (VoteContext.java:log(48)) - 79ee019c-6239-4f85-9f3b-dddcaaaeb0fb@group-A2AB75C9018A-CANDIDATE: reject ELECTION from 728f99e8-418e-4b00-b2e8-36f688b477dd: already has voted for 79ee019c-6239-4f85-9f3b-dddcaaaeb0fb at current term 3
2022-03-07 09:52:09,197 [grpc-default-executor-3] INFO  server.RaftServer$Division (RaftServerImpl.java:requestVote(1078)) - 79ee019c-6239-4f85-9f3b-dddcaaaeb0fb@group-A2AB75C9018A replies to ELECTION vote request: 728f99e8-418e-4b00-b2e8-36f688b477dd<-79ee019c-6239-4f85-9f3b-dddcaaaeb0fb#0:FAIL-t3. Peer's state: 79ee019c-6239-4f85-9f3b-dddcaaaeb0fb@group-A2AB75C9018A:t3, leader=null, voted=79ee019c-6239-4f85-9f3b-dddcaaaeb0fb, raftlog=79ee019c-6239-4f85-9f3b-dddcaaaeb0fb@group-A2AB75C9018A-SegmentedRaftLog:OPENED:c-1, conf=-1: [728f99e8-418e-4b00-b2e8-36f688b477dd|rpc:10.1.0.49:44013|dataStream:|priority:0, 79ee019c-6239-4f85-9f3b-dddcaaaeb0fb|rpc:10.1.0.49:41163|dataStream:|priority:1, cd9cff4b-1bd9-497e-976c-8eec10b9db64|rpc:10.1.0.49:42923|dataStream:|priority:0], old=null
2022-03-07 09:52:09,250 [grpc-default-executor-5] INFO  server.RaftServer$Division (RaftServerImpl.java:requestVote(1046)) - cd9cff4b-1bd9-497e-976c-8eec10b9db64@group-A2AB75C9018A: receive requestVote(ELECTION, 728f99e8-418e-4b00-b2e8-36f688b477dd, group-A2AB75C9018A, 3, (t:0, i:0))
2022-03-07 09:52:09,250 [grpc-default-executor-5] INFO  impl.VoteContext (VoteContext.java:log(48)) - cd9cff4b-1bd9-497e-976c-8eec10b9db64@group-A2AB75C9018A-FOLLOWER: accept ELECTION from 728f99e8-418e-4b00-b2e8-36f688b477dd: our priority 0 <= candidate's priority 0
2022-03-07 09:52:09,250 [grpc-default-executor-5] INFO  server.RaftServer$Division (RaftServerImpl.java:setRole(290)) - cd9cff4b-1bd9-497e-976c-8eec10b9db64@group-A2AB75C9018A: changes role from  FOLLOWER to FOLLOWER at term 3 for candidate:728f99e8-418e-4b00-b2e8-36f688b477dd
2022-03-07 09:52:09,250 [grpc-default-executor-5] INFO  impl.RoleInfo (RoleInfo.java:shutdownFollowerState(108)) - cd9cff4b-1bd9-497e-976c-8eec10b9db64: shutdown cd9cff4b-1bd9-497e-976c-8eec10b9db64@group-A2AB75C9018A-FollowerState
2022-03-07 09:52:09,251 [grpc-default-executor-5] INFO  impl.RoleInfo (RoleInfo.java:updateAndGet(130)) - cd9cff4b-1bd9-497e-976c-8eec10b9db64: start cd9cff4b-1bd9-497e-976c-8eec10b9db64@group-A2AB75C9018A-FollowerState
2022-03-07 09:52:09,251 [cd9cff4b-1bd9-497e-976c-8eec10b9db64@group-A2AB75C9018A-FollowerState] INFO  impl.FollowerState (FollowerState.java:run(143)) - cd9cff4b-1bd9-497e-976c-8eec10b9db64@group-A2AB75C9018A-FollowerState was interrupted: {}
java.lang.InterruptedException: sleep interrupted
	at java.lang.Thread.sleep(Native Method)
	at java.lang.Thread.sleep(Thread.java:342)
	at java.util.concurrent.TimeUnit.sleep(TimeUnit.java:386)
	at org.apache.ratis.util.TimeDuration.sleep(TimeDuration.java:324)
	at org.apache.ratis.util.TimeDuration.sleep(TimeDuration.java:309)
	at org.apache.ratis.server.impl.FollowerState.run(FollowerState.java:118)
2022-03-07 09:52:09,251 [grpc-default-executor-3] INFO  server.RaftServer$Division (RaftServerImpl.java:requestVote(1046)) - 728f99e8-418e-4b00-b2e8-36f688b477dd@group-A2AB75C9018A: receive requestVote(ELECTION, 79ee019c-6239-4f85-9f3b-dddcaaaeb0fb, group-A2AB75C9018A, 3, (t:0, i:0))
2022-03-07 09:52:09,251 [grpc-default-executor-3] INFO  impl.VoteContext (VoteContext.java:log(48)) - 728f99e8-418e-4b00-b2e8-36f688b477dd@group-A2AB75C9018A-CANDIDATE: reject ELECTION from 79ee019c-6239-4f85-9f3b-dddcaaaeb0fb: already has voted for 728f99e8-418e-4b00-b2e8-36f688b477dd at current term 3
2022-03-07 09:52:09,251 [grpc-default-executor-3] INFO  server.RaftServer$Division (RaftServerImpl.java:requestVote(1078)) - 728f99e8-418e-4b00-b2e8-36f688b477dd@group-A2AB75C9018A replies to ELECTION vote request: 79ee019c-6239-4f85-9f3b-dddcaaaeb0fb<-728f99e8-418e-4b00-b2e8-36f688b477dd#0:FAIL-t3. Peer's state: 728f99e8-418e-4b00-b2e8-36f688b477dd@group-A2AB75C9018A:t3, leader=null, voted=728f99e8-418e-4b00-b2e8-36f688b477dd, raftlog=728f99e8-418e-4b00-b2e8-36f688b477dd@group-A2AB75C9018A-SegmentedRaftLog:OPENED:c-1, conf=-1: [728f99e8-418e-4b00-b2e8-36f688b477dd|rpc:10.1.0.49:44013|priority:0, 79ee019c-6239-4f85-9f3b-dddcaaaeb0fb|rpc:10.1.0.49:41163|priority:1, cd9cff4b-1bd9-497e-976c-8eec10b9db64|rpc:10.1.0.49:42923|priority:0], old=null
2022-03-07 09:52:09,272 [728f99e8-418e-4b00-b2e8-36f688b477dd@group-A2AB75C9018A-LeaderElection114] INFO  impl.LeaderElection (LeaderElection.java:logAndReturn(89)) - 728f99e8-418e-4b00-b2e8-36f688b477dd@group-A2AB75C9018A-LeaderElection114: ELECTION REJECTED received 1 response(s) and 0 exception(s):
2022-03-07 09:52:09,272 [728f99e8-418e-4b00-b2e8-36f688b477dd@group-A2AB75C9018A-LeaderElection114] INFO  impl.LeaderElection (LeaderElection.java:logAndReturn(93)) -   Response 0: 728f99e8-418e-4b00-b2e8-36f688b477dd<-79ee019c-6239-4f85-9f3b-dddcaaaeb0fb#0:FAIL-t3
2022-03-07 09:52:09,272 [728f99e8-418e-4b00-b2e8-36f688b477dd@group-A2AB75C9018A-LeaderElection114] INFO  impl.LeaderElection (LeaderElection.java:askForVotes(308)) - 728f99e8-418e-4b00-b2e8-36f688b477dd@group-A2AB75C9018A-LeaderElection114 ELECTION round 0: result REJECTED
2022-03-07 09:52:09,272 [728f99e8-418e-4b00-b2e8-36f688b477dd@group-A2AB75C9018A-LeaderElection114] INFO  server.RaftServer$Division (RaftServerImpl.java:setRole(290)) - 728f99e8-418e-4b00-b2e8-36f688b477dd@group-A2AB75C9018A: changes role from CANDIDATE to FOLLOWER at term 3 for REJECTED
2022-03-07 09:52:09,272 [728f99e8-418e-4b00-b2e8-36f688b477dd@group-A2AB75C9018A-LeaderElection114] INFO  impl.RoleInfo (RoleInfo.java:shutdownLeaderElection(121)) - 728f99e8-418e-4b00-b2e8-36f688b477dd: shutdown 728f99e8-418e-4b00-b2e8-36f688b477dd@group-A2AB75C9018A-LeaderElection114
2022-03-07 09:52:09,272 [728f99e8-418e-4b00-b2e8-36f688b477dd@group-A2AB75C9018A-LeaderElection114] INFO  impl.RoleInfo (RoleInfo.java:updateAndGet(130)) - 728f99e8-418e-4b00-b2e8-36f688b477dd: start 728f99e8-418e-4b00-b2e8-36f688b477dd@group-A2AB75C9018A-FollowerState
2022-03-07 09:52:09,273 [grpc-default-executor-3] INFO  server.RaftServer$Division (RaftServerImpl.java:requestVote(1046)) - cd9cff4b-1bd9-497e-976c-8eec10b9db64@group-A2AB75C9018A: receive requestVote(ELECTION, 79ee019c-6239-4f85-9f3b-dddcaaaeb0fb, group-A2AB75C9018A, 3, (t:0, i:0))
2022-03-07 09:52:09,274 [grpc-default-executor-5] INFO  server.RaftServer$Division (RaftServerImpl.java:requestVote(1078)) - cd9cff4b-1bd9-497e-976c-8eec10b9db64@group-A2AB75C9018A replies to ELECTION vote request: 728f99e8-418e-4b00-b2e8-36f688b477dd<-cd9cff4b-1bd9-497e-976c-8eec10b9db64#0:OK-t3. Peer's state: cd9cff4b-1bd9-497e-976c-8eec10b9db64@group-A2AB75C9018A:t3, leader=null, voted=728f99e8-418e-4b00-b2e8-36f688b477dd, raftlog=cd9cff4b-1bd9-497e-976c-8eec10b9db64@group-A2AB75C9018A-SegmentedRaftLog:OPENED:c-1, conf=-1: [728f99e8-418e-4b00-b2e8-36f688b477dd|rpc:10.1.0.49:44013|priority:0, 79ee019c-6239-4f85-9f3b-dddcaaaeb0fb|rpc:10.1.0.49:41163|priority:1, cd9cff4b-1bd9-497e-976c-8eec10b9db64|rpc:10.1.0.49:42923|priority:0], old=null
2022-03-07 09:52:09,274 [grpc-default-executor-3] INFO  impl.VoteContext (VoteContext.java:log(48)) - cd9cff4b-1bd9-497e-976c-8eec10b9db64@group-A2AB75C9018A-FOLLOWER: reject ELECTION from 79ee019c-6239-4f85-9f3b-dddcaaaeb0fb: already has voted for 728f99e8-418e-4b00-b2e8-36f688b477dd at current term 3
2022-03-07 09:52:09,275 [grpc-default-executor-3] INFO  server.RaftServer$Division (RaftServerImpl.java:requestVote(1078)) - cd9cff4b-1bd9-497e-976c-8eec10b9db64@group-A2AB75C9018A replies to ELECTION vote request: 79ee019c-6239-4f85-9f3b-dddcaaaeb0fb<-cd9cff4b-1bd9-497e-976c-8eec10b9db64#0:FAIL-t3. Peer's state: cd9cff4b-1bd9-497e-976c-8eec10b9db64@group-A2AB75C9018A:t3, leader=null, voted=728f99e8-418e-4b00-b2e8-36f688b477dd, raftlog=cd9cff4b-1bd9-497e-976c-8eec10b9db64@group-A2AB75C9018A-SegmentedRaftLog:OPENED:c-1, conf=-1: [728f99e8-418e-4b00-b2e8-36f688b477dd|rpc:10.1.0.49:44013|priority:0, 79ee019c-6239-4f85-9f3b-dddcaaaeb0fb|rpc:10.1.0.49:41163|priority:1, cd9cff4b-1bd9-497e-976c-8eec10b9db64|rpc:10.1.0.49:42923|priority:0], old=null
2022-03-07 09:52:09,286 [79ee019c-6239-4f85-9f3b-dddcaaaeb0fb@group-A2AB75C9018A-LeaderElection115] INFO  impl.LeaderElection (LeaderElection.java:logAndReturn(89)) - 79ee019c-6239-4f85-9f3b-dddcaaaeb0fb@group-A2AB75C9018A-LeaderElection115: ELECTION REJECTED received 2 response(s) and 0 exception(s):
2022-03-07 09:52:09,286 [79ee019c-6239-4f85-9f3b-dddcaaaeb0fb@group-A2AB75C9018A-LeaderElection115] INFO  impl.LeaderElection (LeaderElection.java:logAndReturn(93)) -   Response 0: 79ee019c-6239-4f85-9f3b-dddcaaaeb0fb<-728f99e8-418e-4b00-b2e8-36f688b477dd#0:FAIL-t3
2022-03-07 09:52:09,286 [79ee019c-6239-4f85-9f3b-dddcaaaeb0fb@group-A2AB75C9018A-LeaderElection115] INFO  impl.LeaderElection (LeaderElection.java:logAndReturn(93)) -   Response 1: 79ee019c-6239-4f85-9f3b-dddcaaaeb0fb<-cd9cff4b-1bd9-497e-976c-8eec10b9db64#0:FAIL-t3
2022-03-07 09:52:09,286 [79ee019c-6239-4f85-9f3b-dddcaaaeb0fb@group-A2AB75C9018A-LeaderElection115] INFO  impl.LeaderElection (LeaderElection.java:askForVotes(308)) - 79ee019c-6239-4f85-9f3b-dddcaaaeb0fb@group-A2AB75C9018A-LeaderElection115 ELECTION round 0: result REJECTED
2022-03-07 09:52:09,286 [79ee019c-6239-4f85-9f3b-dddcaaaeb0fb@group-A2AB75C9018A-LeaderElection115] INFO  server.RaftServer$Division (RaftServerImpl.java:setRole(290)) - 79ee019c-6239-4f85-9f3b-dddcaaaeb0fb@group-A2AB75C9018A: changes role from CANDIDATE to FOLLOWER at term 3 for REJECTED
2022-03-07 09:52:09,286 [79ee019c-6239-4f85-9f3b-dddcaaaeb0fb@group-A2AB75C9018A-LeaderElection115] INFO  impl.RoleInfo (RoleInfo.java:shutdownLeaderElection(121)) - 79ee019c-6239-4f85-9f3b-dddcaaaeb0fb: shutdown 79ee019c-6239-4f85-9f3b-dddcaaaeb0fb@group-A2AB75C9018A-LeaderElection115
2022-03-07 09:52:09,287 [79ee019c-6239-4f85-9f3b-dddcaaaeb0fb@group-A2AB75C9018A-LeaderElection115] INFO  impl.RoleInfo (RoleInfo.java:updateAndGet(130)) - 79ee019c-6239-4f85-9f3b-dddcaaaeb0fb: start 79ee019c-6239-4f85-9f3b-dddcaaaeb0fb@group-A2AB75C9018A-FollowerState
2022-03-07 09:52:09,351 [grpc-default-executor-5] WARN  server.GrpcLogAppender (LogUtils.java:warn(122)) - edf60a86-ae5b-4f71-bc37-25062be06587@group-7EB04D50015F->84008c31-6636-4a62-b386-f7fb7e7ffddc-AppendLogResponseHandler: Failed appendEntries: org.apache.ratis.thirdparty.io.grpc.StatusRuntimeException: UNAVAILABLE: io exception
2022-03-07 09:52:09,351 [grpc-default-executor-5] WARN  server.GrpcLogAppender (GrpcLogAppender.java:resetClient(110)) - edf60a86-ae5b-4f71-bc37-25062be06587@group-7EB04D50015F->84008c31-6636-4a62-b386-f7fb7e7ffddc-GrpcLogAppender: Leader has not got in touch with Follower edf60a86-ae5b-4f71-bc37-25062be06587@group-7EB04D50015F->84008c31-6636-4a62-b386-f7fb7e7ffddc(c0,m0,n1, attendVote=true, lastRpcSendTime=0, lastRpcResponseTime=10054) yet, just keep nextIndex unchanged and retry.
2022-03-07 09:52:09,608 [grpc-default-executor-3] WARN  server.GrpcLogAppender (LogUtils.java:warn(122)) - 728f99e8-418e-4b00-b2e8-36f688b477dd@group-993C76073EC3->616d314c-ba0d-49c9-8f1d-797448dad8fd-AppendLogResponseHandler: Failed appendEntries: org.apache.ratis.thirdparty.io.grpc.StatusRuntimeException: UNAVAILABLE: io exception
2022-03-07 09:52:09,614 [grpc-default-executor-3] WARN  server.GrpcLogAppender (GrpcLogAppender.java:resetClient(110)) - 728f99e8-418e-4b00-b2e8-36f688b477dd@group-993C76073EC3->616d314c-ba0d-49c9-8f1d-797448dad8fd-GrpcLogAppender: Leader has not got in touch with Follower 728f99e8-418e-4b00-b2e8-36f688b477dd@group-993C76073EC3->616d314c-ba0d-49c9-8f1d-797448dad8fd(c-1,m0,n1, attendVote=true, lastRpcSendTime=2530, lastRpcResponseTime=10281) yet, just keep nextIndex unchanged and retry.
2022-03-07 09:52:09,800 [728f99e8-418e-4b00-b2e8-36f688b477dd@group-993C76073EC3-LeaderStateImpl] INFO  server.RaftServer$Division (LeaderStateImpl.java:yieldLeaderToHigherPriorityPeer(930)) - 728f99e8-418e-4b00-b2e8-36f688b477dd@group-993C76073EC3-LeaderStateImpl send StartLeaderElectionRequest to follower:616d314c-ba0d-49c9-8f1d-797448dad8fd on term:2 because follower's priority:1 is higher than leader's:0 and follower's lastEntry index:0 catch up with leader's:0
2022-03-07 09:52:09,817 [ForkJoinPool.commonPool-worker-1] INFO  ozoneimpl.OzoneContainer (OzoneContainer.java:stop(356)) - Attempting to stop container services.
2022-03-07 09:52:09,818 [ForkJoinPool.commonPool-worker-1] INFO  server.RaftServer (RaftServerProxy.java:lambda$close$6(391)) - cd9cff4b-1bd9-497e-976c-8eec10b9db64: close
2022-03-07 09:52:09,818 [ForkJoinPool.commonPool-worker-1] INFO  server.RaftServer$Division (RaftServerImpl.java:lambda$close$4(412)) - cd9cff4b-1bd9-497e-976c-8eec10b9db64@group-5927A3A2A91C: shutdown
2022-03-07 09:52:09,818 [ForkJoinPool.commonPool-worker-1] INFO  util.JmxRegister (JmxRegister.java:unregister(73)) - Successfully un-registered JMX Bean with object name Ratis:service=RaftServer,group=group-5927A3A2A91C,id=cd9cff4b-1bd9-497e-976c-8eec10b9db64
2022-03-07 09:52:09,818 [ForkJoinPool.commonPool-worker-1] INFO  impl.RoleInfo (RoleInfo.java:shutdownLeaderState(91)) - cd9cff4b-1bd9-497e-976c-8eec10b9db64: shutdown cd9cff4b-1bd9-497e-976c-8eec10b9db64@group-5927A3A2A91C-LeaderStateImpl
2022-03-07 09:52:09,818 [ForkJoinPool.commonPool-worker-1] INFO  impl.PendingRequests (PendingRequests.java:sendNotLeaderResponses(282)) - cd9cff4b-1bd9-497e-976c-8eec10b9db64@group-5927A3A2A91C-PendingRequests: sendNotLeaderResponses
2022-03-07 09:52:09,819 [ForkJoinPool.commonPool-worker-1] INFO  impl.StateMachineUpdater (StateMachineUpdater.java:stopAndJoin(149)) - cd9cff4b-1bd9-497e-976c-8eec10b9db64@group-5927A3A2A91C-StateMachineUpdater: set stopIndex = 0
2022-03-07 09:52:09,819 [cd9cff4b-1bd9-497e-976c-8eec10b9db64@group-5927A3A2A91C-StateMachineUpdater] INFO  ratis.ContainerStateMachine (ContainerStateMachine.java:takeSnapshot(304)) - group-5927A3A2A91C: Taking a snapshot at:(t:1, i:0) file /home/runner/work/ozone/ozone/hadoop-ozone/integration-test/target/test-dir/MiniOzoneClusterImpl-4c099742-f0a8-499d-a606-d482764d36d7/datanode-2/data/ratis/7dd851b1-46e0-4a93-8071-5927a3a2a91c/sm/snapshot.1_0
2022-03-07 09:52:09,820 [cd9cff4b-1bd9-497e-976c-8eec10b9db64@group-5927A3A2A91C-StateMachineUpdater] INFO  ratis.ContainerStateMachine (ContainerStateMachine.java:takeSnapshot(315)) - group-5927A3A2A91C: Finished taking a snapshot at:(t:1, i:0) file:/home/runner/work/ozone/ozone/hadoop-ozone/integration-test/target/test-dir/MiniOzoneClusterImpl-4c099742-f0a8-499d-a606-d482764d36d7/datanode-2/data/ratis/7dd851b1-46e0-4a93-8071-5927a3a2a91c/sm/snapshot.1_0 took: 1 ms
2022-03-07 09:52:09,820 [cd9cff4b-1bd9-497e-976c-8eec10b9db64@group-5927A3A2A91C-StateMachineUpdater] INFO  impl.StateMachineUpdater (StateMachineUpdater.java:takeSnapshot(281)) - cd9cff4b-1bd9-497e-976c-8eec10b9db64@group-5927A3A2A91C-StateMachineUpdater: Took a snapshot at index 0
2022-03-07 09:52:09,820 [cd9cff4b-1bd9-497e-976c-8eec10b9db64@group-5927A3A2A91C-StateMachineUpdater] INFO  impl.StateMachineUpdater (StateMachineUpdater.java:lambda$new$0(89)) - cd9cff4b-1bd9-497e-976c-8eec10b9db64@group-5927A3A2A91C-StateMachineUpdater: snapshotIndex: updateIncreasingly -1 -> 0
2022-03-07 09:52:09,820 [ForkJoinPool.commonPool-worker-1] INFO  server.RaftServer$Division (ServerState.java:close(419)) - cd9cff4b-1bd9-497e-976c-8eec10b9db64@group-5927A3A2A91C: closes. applyIndex: 0
2022-03-07 09:52:09,820 [cd9cff4b-1bd9-497e-976c-8eec10b9db64@group-5927A3A2A91C-SegmentedRaftLogWorker] INFO  segmented.SegmentedRaftLogWorker (SegmentedRaftLogWorker.java:run(327)) - cd9cff4b-1bd9-497e-976c-8eec10b9db64@group-5927A3A2A91C-SegmentedRaftLogWorker was interrupted, exiting. There are 0 tasks remaining in the queue.
2022-03-07 09:52:09,822 [ForkJoinPool.commonPool-worker-1] INFO  segmented.SegmentedRaftLogWorker (SegmentedRaftLogWorker.java:close(237)) - cd9cff4b-1bd9-497e-976c-8eec10b9db64@group-5927A3A2A91C-SegmentedRaftLogWorker close()
2022-03-07 09:52:09,830 [ForkJoinPool.commonPool-worker-1] INFO  server.RaftServer$Division (RaftServerImpl.java:lambda$close$4(412)) - cd9cff4b-1bd9-497e-976c-8eec10b9db64@group-022B701C3610: shutdown
2022-03-07 09:52:09,831 [ForkJoinPool.commonPool-worker-1] INFO  util.JmxRegister (JmxRegister.java:unregister(73)) - Successfully un-registered JMX Bean with object name Ratis:service=RaftServer,group=group-022B701C3610,id=cd9cff4b-1bd9-497e-976c-8eec10b9db64
2022-03-07 09:52:09,831 [ForkJoinPool.commonPool-worker-1] INFO  impl.RoleInfo (RoleInfo.java:shutdownLeaderState(91)) - cd9cff4b-1bd9-497e-976c-8eec10b9db64: shutdown cd9cff4b-1bd9-497e-976c-8eec10b9db64@group-022B701C3610-LeaderStateImpl
2022-03-07 09:52:09,831 [ForkJoinPool.commonPool-worker-1] INFO  impl.PendingRequests (PendingRequests.java:sendNotLeaderResponses(282)) - cd9cff4b-1bd9-497e-976c-8eec10b9db64@group-022B701C3610-PendingRequests: sendNotLeaderResponses
2022-03-07 09:52:09,831 [ForkJoinPool.commonPool-worker-1] INFO  impl.StateMachineUpdater (StateMachineUpdater.java:stopAndJoin(149)) - cd9cff4b-1bd9-497e-976c-8eec10b9db64@group-022B701C3610-StateMachineUpdater: set stopIndex = 0
2022-03-07 09:52:09,832 [cd9cff4b-1bd9-497e-976c-8eec10b9db64@group-022B701C3610-StateMachineUpdater] INFO  ratis.ContainerStateMachine (ContainerStateMachine.java:takeSnapshot(304)) - group-022B701C3610: Taking a snapshot at:(t:1, i:0) file /home/runner/work/ozone/ozone/hadoop-ozone/integration-test/target/test-dir/MiniOzoneClusterImpl-4c099742-f0a8-499d-a606-d482764d36d7/datanode-2/data/ratis/b529f8ba-3bf9-49bc-adf3-022b701c3610/sm/snapshot.1_0
2022-03-07 09:52:09,832 [cd9cff4b-1bd9-497e-976c-8eec10b9db64@group-022B701C3610->79ee019c-6239-4f85-9f3b-dddcaaaeb0fb-GrpcLogAppender-LogAppenderDaemon] WARN  server.GrpcLogAppender (GrpcLogAppender.java:mayWait(177)) - cd9cff4b-1bd9-497e-976c-8eec10b9db64@group-022B701C3610->79ee019c-6239-4f85-9f3b-dddcaaaeb0fb-GrpcLogAppender: Wait interrupted by java.lang.InterruptedException
2022-03-07 09:52:09,832 [cd9cff4b-1bd9-497e-976c-8eec10b9db64@group-022B701C3610->728f99e8-418e-4b00-b2e8-36f688b477dd-GrpcLogAppender-LogAppenderDaemon] WARN  server.GrpcLogAppender (GrpcLogAppender.java:mayWait(177)) - cd9cff4b-1bd9-497e-976c-8eec10b9db64@group-022B701C3610->728f99e8-418e-4b00-b2e8-36f688b477dd-GrpcLogAppender: Wait interrupted by java.lang.InterruptedException
2022-03-07 09:52:09,832 [cd9cff4b-1bd9-497e-976c-8eec10b9db64@group-022B701C3610-StateMachineUpdater] INFO  ratis.ContainerStateMachine (ContainerStateMachine.java:takeSnapshot(315)) - group-022B701C3610: Finished taking a snapshot at:(t:1, i:0) file:/home/runner/work/ozone/ozone/hadoop-ozone/integration-test/target/test-dir/MiniOzoneClusterImpl-4c099742-f0a8-499d-a606-d482764d36d7/datanode-2/data/ratis/b529f8ba-3bf9-49bc-adf3-022b701c3610/sm/snapshot.1_0 took: 1 ms
2022-03-07 09:52:09,833 [cd9cff4b-1bd9-497e-976c-8eec10b9db64@group-022B701C3610-StateMachineUpdater] INFO  impl.StateMachineUpdater (StateMachineUpdater.java:takeSnapshot(281)) - cd9cff4b-1bd9-497e-976c-8eec10b9db64@group-022B701C3610-StateMachineUpdater: Took a snapshot at index 0
2022-03-07 09:52:09,833 [grpc-default-executor-5] INFO  server.GrpcServerProtocolService (GrpcServerProtocolService.java:onCompleted(140)) - 79ee019c-6239-4f85-9f3b-dddcaaaeb0fb: Completed APPEND_ENTRIES, lastRequest: cd9cff4b-1bd9-497e-976c-8eec10b9db64->79ee019c-6239-4f85-9f3b-dddcaaaeb0fb#1-t1,previous=(t:0, i:0),leaderCommit=-1,initializing? true,entries: size=1, first=(t:1, i:0), CONFIGURATIONENTRY
2022-03-07 09:52:09,833 [grpc-default-executor-3] INFO  server.GrpcServerProtocolService (GrpcServerProtocolService.java:onCompleted(140)) - 728f99e8-418e-4b00-b2e8-36f688b477dd: Completed APPEND_ENTRIES, lastRequest: cd9cff4b-1bd9-497e-976c-8eec10b9db64->728f99e8-418e-4b00-b2e8-36f688b477dd#1-t1,previous=(t:0, i:0),leaderCommit=0,initializing? true,entries: size=1, first=(t:1, i:0), CONFIGURATIONENTRY
2022-03-07 09:52:09,834 [grpc-default-executor-3] INFO  server.GrpcLogAppender (GrpcLogAppender.java:onCompleted(346)) - cd9cff4b-1bd9-497e-976c-8eec10b9db64@group-022B701C3610->728f99e8-418e-4b00-b2e8-36f688b477dd-AppendLogResponseHandler: follower responses appendEntries COMPLETED
2022-03-07 09:52:09,834 [grpc-default-executor-3] INFO  leader.FollowerInfo (FollowerInfoImpl.java:lambda$new$0(47)) - cd9cff4b-1bd9-497e-976c-8eec10b9db64@group-022B701C3610->728f99e8-418e-4b00-b2e8-36f688b477dd: nextIndex: updateUnconditionally 1 -> 0
2022-03-07 09:52:09,834 [grpc-default-executor-2] INFO  server.GrpcLogAppender (GrpcLogAppender.java:onCompleted(346)) - cd9cff4b-1bd9-497e-976c-8eec10b9db64@group-022B701C3610->79ee019c-6239-4f85-9f3b-dddcaaaeb0fb-AppendLogResponseHandler: follower responses appendEntries COMPLETED
2022-03-07 09:52:09,834 [grpc-default-executor-2] INFO  leader.FollowerInfo (FollowerInfoImpl.java:lambda$new$0(47)) - cd9cff4b-1bd9-497e-976c-8eec10b9db64@group-022B701C3610->79ee019c-6239-4f85-9f3b-dddcaaaeb0fb: nextIndex: updateUnconditionally 1 -> 0
2022-03-07 09:52:09,833 [cd9cff4b-1bd9-497e-976c-8eec10b9db64@group-022B701C3610-StateMachineUpdater] INFO  impl.StateMachineUpdater (StateMachineUpdater.java:lambda$new$0(89)) - cd9cff4b-1bd9-497e-976c-8eec10b9db64@group-022B701C3610-StateMachineUpdater: snapshotIndex: updateIncreasingly -1 -> 0
2022-03-07 09:52:09,834 [ForkJoinPool.commonPool-worker-1] INFO  server.RaftServer$Division (ServerState.java:close(419)) - cd9cff4b-1bd9-497e-976c-8eec10b9db64@group-022B701C3610: closes. applyIndex: 0
2022-03-07 09:52:09,835 [cd9cff4b-1bd9-497e-976c-8eec10b9db64@group-022B701C3610-SegmentedRaftLogWorker] INFO  segmented.SegmentedRaftLogWorker (SegmentedRaftLogWorker.java:run(327)) - cd9cff4b-1bd9-497e-976c-8eec10b9db64@group-022B701C3610-SegmentedRaftLogWorker was interrupted, exiting. There are 0 tasks remaining in the queue.
2022-03-07 09:52:09,841 [ForkJoinPool.commonPool-worker-1] INFO  segmented.SegmentedRaftLogWorker (SegmentedRaftLogWorker.java:close(237)) - cd9cff4b-1bd9-497e-976c-8eec10b9db64@group-022B701C3610-SegmentedRaftLogWorker close()
2022-03-07 09:52:09,842 [ForkJoinPool.commonPool-worker-1] INFO  server.RaftServer$Division (RaftServerImpl.java:lambda$close$4(412)) - cd9cff4b-1bd9-497e-976c-8eec10b9db64@group-A2AB75C9018A: shutdown
2022-03-07 09:52:09,842 [ForkJoinPool.commonPool-worker-1] INFO  util.JmxRegister (JmxRegister.java:unregister(73)) - Successfully un-registered JMX Bean with object name Ratis:service=RaftServer,group=group-A2AB75C9018A,id=cd9cff4b-1bd9-497e-976c-8eec10b9db64
2022-03-07 09:52:09,842 [ForkJoinPool.commonPool-worker-1] INFO  impl.RoleInfo (RoleInfo.java:shutdownFollowerState(108)) - cd9cff4b-1bd9-497e-976c-8eec10b9db64: shutdown cd9cff4b-1bd9-497e-976c-8eec10b9db64@group-A2AB75C9018A-FollowerState
2022-03-07 09:52:09,843 [cd9cff4b-1bd9-497e-976c-8eec10b9db64@group-A2AB75C9018A-FollowerState] INFO  impl.FollowerState (FollowerState.java:run(143)) - cd9cff4b-1bd9-497e-976c-8eec10b9db64@group-A2AB75C9018A-FollowerState was interrupted: {}
java.lang.InterruptedException: sleep interrupted
	at java.lang.Thread.sleep(Native Method)
	at java.lang.Thread.sleep(Thread.java:342)
	at java.util.concurrent.TimeUnit.sleep(TimeUnit.java:386)
	at org.apache.ratis.util.TimeDuration.sleep(TimeDuration.java:324)
	at org.apache.ratis.util.TimeDuration.sleep(TimeDuration.java:309)
	at org.apache.ratis.server.impl.FollowerState.run(FollowerState.java:118)
2022-03-07 09:52:09,843 [ForkJoinPool.commonPool-worker-1] INFO  impl.StateMachineUpdater (StateMachineUpdater.java:stopAndJoin(149)) - cd9cff4b-1bd9-497e-976c-8eec10b9db64@group-A2AB75C9018A-StateMachineUpdater: set stopIndex = -1
2022-03-07 09:52:09,845 [ForkJoinPool.commonPool-worker-1] INFO  server.RaftServer$Division (ServerState.java:close(419)) - cd9cff4b-1bd9-497e-976c-8eec10b9db64@group-A2AB75C9018A: closes. applyIndex: -1
2022-03-07 09:52:09,845 [cd9cff4b-1bd9-497e-976c-8eec10b9db64@group-A2AB75C9018A-SegmentedRaftLogWorker] INFO  segmented.SegmentedRaftLogWorker (SegmentedRaftLogWorker.java:run(327)) - cd9cff4b-1bd9-497e-976c-8eec10b9db64@group-A2AB75C9018A-SegmentedRaftLogWorker was interrupted, exiting. There are 0 tasks remaining in the queue.
2022-03-07 09:52:09,845 [ForkJoinPool.commonPool-worker-1] INFO  segmented.SegmentedRaftLogWorker (SegmentedRaftLogWorker.java:close(237)) - cd9cff4b-1bd9-497e-976c-8eec10b9db64@group-A2AB75C9018A-SegmentedRaftLogWorker close()
2022-03-07 09:52:09,852 [ForkJoinPool.commonPool-worker-1] INFO  server.GrpcService (GrpcService.java:closeImpl(262)) - cd9cff4b-1bd9-497e-976c-8eec10b9db64: shutdown server with port 42923 now
2022-03-07 09:52:09,885 [ForkJoinPool.commonPool-worker-1] INFO  server.GrpcService (GrpcService.java:closeImpl(271)) - cd9cff4b-1bd9-497e-976c-8eec10b9db64: shutdown server with port 42923 successfully
2022-03-07 09:52:09,890 [org.apache.ratis.util.JvmPauseMonitor$$Lambda$431/73409498@4110a2dd] INFO  util.JvmPauseMonitor (JvmPauseMonitor.java:run(109)) - JvmPauseMonitor-cd9cff4b-1bd9-497e-976c-8eec10b9db64: Stopped
2022-03-07 09:52:09,928 [Listener at 127.0.0.1/40579] INFO  ozoneimpl.OzoneContainer (OzoneContainer.java:stop(356)) - Attempting to stop container services.
2022-03-07 09:52:09,930 [Listener at 127.0.0.1/40579] INFO  server.RaftServer (RaftServerProxy.java:lambda$close$6(391)) - 728f99e8-418e-4b00-b2e8-36f688b477dd: close
2022-03-07 09:52:09,930 [Listener at 127.0.0.1/40579] INFO  server.RaftServer$Division (RaftServerImpl.java:lambda$close$4(412)) - 728f99e8-418e-4b00-b2e8-36f688b477dd@group-296081326884: shutdown
2022-03-07 09:52:09,930 [Listener at 127.0.0.1/40579] INFO  util.JmxRegister (JmxRegister.java:unregister(73)) - Successfully un-registered JMX Bean with object name Ratis:service=RaftServer,group=group-296081326884,id=728f99e8-418e-4b00-b2e8-36f688b477dd
2022-03-07 09:52:09,930 [Listener at 127.0.0.1/40579] INFO  impl.RoleInfo (RoleInfo.java:shutdownLeaderState(91)) - 728f99e8-418e-4b00-b2e8-36f688b477dd: shutdown 728f99e8-418e-4b00-b2e8-36f688b477dd@group-296081326884-LeaderStateImpl
2022-03-07 09:52:09,931 [Listener at 127.0.0.1/40579] INFO  impl.PendingRequests (PendingRequests.java:sendNotLeaderResponses(282)) - 728f99e8-418e-4b00-b2e8-36f688b477dd@group-296081326884-PendingRequests: sendNotLeaderResponses
2022-03-07 09:52:09,976 [Listener at 127.0.0.1/40579] INFO  impl.StateMachineUpdater (StateMachineUpdater.java:stopAndJoin(149)) - 728f99e8-418e-4b00-b2e8-36f688b477dd@group-296081326884-StateMachineUpdater: set stopIndex = 13
2022-03-07 09:52:09,976 [728f99e8-418e-4b00-b2e8-36f688b477dd@group-296081326884-StateMachineUpdater] INFO  ratis.ContainerStateMachine (ContainerStateMachine.java:takeSnapshot(304)) - group-296081326884: Taking a snapshot at:(t:1, i:13) file /home/runner/work/ozone/ozone/hadoop-ozone/integration-test/target/test-dir/MiniOzoneClusterImpl-4c099742-f0a8-499d-a606-d482764d36d7/datanode-0/data/ratis/6774cf86-b56c-416d-81c1-296081326884/sm/snapshot.1_13
2022-03-07 09:52:09,978 [728f99e8-418e-4b00-b2e8-36f688b477dd@group-296081326884-StateMachineUpdater] INFO  ratis.ContainerStateMachine (ContainerStateMachine.java:takeSnapshot(315)) - group-296081326884: Finished taking a snapshot at:(t:1, i:13) file:/home/runner/work/ozone/ozone/hadoop-ozone/integration-test/target/test-dir/MiniOzoneClusterImpl-4c099742-f0a8-499d-a606-d482764d36d7/datanode-0/data/ratis/6774cf86-b56c-416d-81c1-296081326884/sm/snapshot.1_13 took: 1 ms
2022-03-07 09:52:09,978 [728f99e8-418e-4b00-b2e8-36f688b477dd@group-296081326884-StateMachineUpdater] INFO  impl.StateMachineUpdater (StateMachineUpdater.java:takeSnapshot(281)) - 728f99e8-418e-4b00-b2e8-36f688b477dd@group-296081326884-StateMachineUpdater: Took a snapshot at index 13
2022-03-07 09:52:09,978 [728f99e8-418e-4b00-b2e8-36f688b477dd@group-296081326884-StateMachineUpdater] INFO  impl.StateMachineUpdater (StateMachineUpdater.java:lambda$new$0(89)) - 728f99e8-418e-4b00-b2e8-36f688b477dd@group-296081326884-StateMachineUpdater: snapshotIndex: updateIncreasingly -1 -> 13
2022-03-07 09:52:09,979 [Listener at 127.0.0.1/40579] INFO  server.RaftServer$Division (ServerState.java:close(419)) - 728f99e8-418e-4b00-b2e8-36f688b477dd@group-296081326884: closes. applyIndex: 13
2022-03-07 09:52:09,979 [728f99e8-418e-4b00-b2e8-36f688b477dd@group-296081326884-SegmentedRaftLogWorker] INFO  segmented.SegmentedRaftLogWorker (SegmentedRaftLogWorker.java:run(327)) - 728f99e8-418e-4b00-b2e8-36f688b477dd@group-296081326884-SegmentedRaftLogWorker was interrupted, exiting. There are 0 tasks remaining in the queue.
2022-03-07 09:52:09,981 [Listener at 127.0.0.1/40579] INFO  segmented.SegmentedRaftLogWorker (SegmentedRaftLogWorker.java:close(237)) - 728f99e8-418e-4b00-b2e8-36f688b477dd@group-296081326884-SegmentedRaftLogWorker close()
2022-03-07 09:52:09,981 [Listener at 127.0.0.1/40579] INFO  server.RaftServer$Division (RaftServerImpl.java:lambda$close$4(412)) - 728f99e8-418e-4b00-b2e8-36f688b477dd@group-A2AB75C9018A: shutdown
2022-03-07 09:52:09,981 [Listener at 127.0.0.1/40579] INFO  util.JmxRegister (JmxRegister.java:unregister(73)) - Successfully un-registered JMX Bean with object name Ratis:service=RaftServer,group=group-A2AB75C9018A,id=728f99e8-418e-4b00-b2e8-36f688b477dd
2022-03-07 09:52:09,981 [Listener at 127.0.0.1/40579] INFO  impl.RoleInfo (RoleInfo.java:shutdownFollowerState(108)) - 728f99e8-418e-4b00-b2e8-36f688b477dd: shutdown 728f99e8-418e-4b00-b2e8-36f688b477dd@group-A2AB75C9018A-FollowerState
2022-03-07 09:52:09,981 [Listener at 127.0.0.1/40579] INFO  impl.StateMachineUpdater (StateMachineUpdater.java:stopAndJoin(149)) - 728f99e8-418e-4b00-b2e8-36f688b477dd@group-A2AB75C9018A-StateMachineUpdater: set stopIndex = -1
2022-03-07 09:52:09,982 [Listener at 127.0.0.1/40579] INFO  server.RaftServer$Division (ServerState.java:close(419)) - 728f99e8-418e-4b00-b2e8-36f688b477dd@group-A2AB75C9018A: closes. applyIndex: -1
2022-03-07 09:52:09,982 [728f99e8-418e-4b00-b2e8-36f688b477dd@group-A2AB75C9018A-SegmentedRaftLogWorker] INFO  segmented.SegmentedRaftLogWorker (SegmentedRaftLogWorker.java:run(327)) - 728f99e8-418e-4b00-b2e8-36f688b477dd@group-A2AB75C9018A-SegmentedRaftLogWorker was interrupted, exiting. There are 0 tasks remaining in the queue.
2022-03-07 09:52:09,982 [Listener at 127.0.0.1/40579] INFO  segmented.SegmentedRaftLogWorker (SegmentedRaftLogWorker.java:close(237)) - 728f99e8-418e-4b00-b2e8-36f688b477dd@group-A2AB75C9018A-SegmentedRaftLogWorker close()
2022-03-07 09:52:09,983 [Listener at 127.0.0.1/40579] INFO  server.RaftServer$Division (RaftServerImpl.java:lambda$close$4(412)) - 728f99e8-418e-4b00-b2e8-36f688b477dd@group-022B701C3610: shutdown
2022-03-07 09:52:09,983 [Listener at 127.0.0.1/40579] INFO  util.JmxRegister (JmxRegister.java:unregister(73)) - Successfully un-registered JMX Bean with object name Ratis:service=RaftServer,group=group-022B701C3610,id=728f99e8-418e-4b00-b2e8-36f688b477dd
2022-03-07 09:52:09,983 [Listener at 127.0.0.1/40579] INFO  impl.RoleInfo (RoleInfo.java:shutdownFollowerState(108)) - 728f99e8-418e-4b00-b2e8-36f688b477dd: shutdown 728f99e8-418e-4b00-b2e8-36f688b477dd@group-022B701C3610-FollowerState
2022-03-07 09:52:09,983 [Listener at 127.0.0.1/40579] INFO  impl.StateMachineUpdater (StateMachineUpdater.java:stopAndJoin(149)) - 728f99e8-418e-4b00-b2e8-36f688b477dd@group-022B701C3610-StateMachineUpdater: set stopIndex = 0
2022-03-07 09:52:09,983 [728f99e8-418e-4b00-b2e8-36f688b477dd@group-022B701C3610-FollowerState] INFO  impl.FollowerState (FollowerState.java:run(143)) - 728f99e8-418e-4b00-b2e8-36f688b477dd@group-022B701C3610-FollowerState was interrupted: {}
java.lang.InterruptedException: sleep interrupted
	at java.lang.Thread.sleep(Native Method)
	at java.lang.Thread.sleep(Thread.java:342)
	at java.util.concurrent.TimeUnit.sleep(TimeUnit.java:386)
	at org.apache.ratis.util.TimeDuration.sleep(TimeDuration.java:324)
	at org.apache.ratis.util.TimeDuration.sleep(TimeDuration.java:309)
	at org.apache.ratis.server.impl.FollowerState.run(FollowerState.java:118)
2022-03-07 09:52:09,984 [728f99e8-418e-4b00-b2e8-36f688b477dd@group-022B701C3610-StateMachineUpdater] INFO  ratis.ContainerStateMachine (ContainerStateMachine.java:takeSnapshot(304)) - group-022B701C3610: Taking a snapshot at:(t:1, i:0) file /home/runner/work/ozone/ozone/hadoop-ozone/integration-test/target/test-dir/MiniOzoneClusterImpl-4c099742-f0a8-499d-a606-d482764d36d7/datanode-0/data/ratis/b529f8ba-3bf9-49bc-adf3-022b701c3610/sm/snapshot.1_0
2022-03-07 09:52:09,988 [728f99e8-418e-4b00-b2e8-36f688b477dd@group-022B701C3610-StateMachineUpdater] INFO  ratis.ContainerStateMachine (ContainerStateMachine.java:takeSnapshot(315)) - group-022B701C3610: Finished taking a snapshot at:(t:1, i:0) file:/home/runner/work/ozone/ozone/hadoop-ozone/integration-test/target/test-dir/MiniOzoneClusterImpl-4c099742-f0a8-499d-a606-d482764d36d7/datanode-0/data/ratis/b529f8ba-3bf9-49bc-adf3-022b701c3610/sm/snapshot.1_0 took: 3 ms
2022-03-07 09:52:09,988 [728f99e8-418e-4b00-b2e8-36f688b477dd@group-022B701C3610-StateMachineUpdater] INFO  impl.StateMachineUpdater (StateMachineUpdater.java:takeSnapshot(281)) - 728f99e8-418e-4b00-b2e8-36f688b477dd@group-022B701C3610-StateMachineUpdater: Took a snapshot at index 0
2022-03-07 09:52:09,988 [728f99e8-418e-4b00-b2e8-36f688b477dd@group-022B701C3610-StateMachineUpdater] INFO  impl.StateMachineUpdater (StateMachineUpdater.java:lambda$new$0(89)) - 728f99e8-418e-4b00-b2e8-36f688b477dd@group-022B701C3610-StateMachineUpdater: snapshotIndex: updateIncreasingly -1 -> 0
2022-03-07 09:52:09,996 [Listener at 127.0.0.1/40579] INFO  server.RaftServer$Division (ServerState.java:close(419)) - 728f99e8-418e-4b00-b2e8-36f688b477dd@group-022B701C3610: closes. applyIndex: 0
2022-03-07 09:52:09,996 [728f99e8-418e-4b00-b2e8-36f688b477dd@group-022B701C3610-SegmentedRaftLogWorker] INFO  segmented.SegmentedRaftLogWorker (SegmentedRaftLogWorker.java:run(327)) - 728f99e8-418e-4b00-b2e8-36f688b477dd@group-022B701C3610-SegmentedRaftLogWorker was interrupted, exiting. There are 0 tasks remaining in the queue.
2022-03-07 09:52:10,021 [Listener at 127.0.0.1/40579] INFO  segmented.SegmentedRaftLogWorker (SegmentedRaftLogWorker.java:close(237)) - 728f99e8-418e-4b00-b2e8-36f688b477dd@group-022B701C3610-SegmentedRaftLogWorker close()
2022-03-07 09:52:10,027 [Listener at 127.0.0.1/40579] INFO  server.RaftServer$Division (RaftServerImpl.java:lambda$close$4(412)) - 728f99e8-418e-4b00-b2e8-36f688b477dd@group-993C76073EC3: shutdown
2022-03-07 09:52:10,027 [Listener at 127.0.0.1/40579] INFO  util.JmxRegister (JmxRegister.java:unregister(73)) - Successfully un-registered JMX Bean with object name Ratis:service=RaftServer,group=group-993C76073EC3,id=728f99e8-418e-4b00-b2e8-36f688b477dd
2022-03-07 09:52:10,027 [Listener at 127.0.0.1/40579] INFO  impl.RoleInfo (RoleInfo.java:shutdownLeaderState(91)) - 728f99e8-418e-4b00-b2e8-36f688b477dd: shutdown 728f99e8-418e-4b00-b2e8-36f688b477dd@group-993C76073EC3-LeaderStateImpl
2022-03-07 09:52:10,027 [Listener at 127.0.0.1/40579] INFO  impl.PendingRequests (PendingRequests.java:sendNotLeaderResponses(282)) - 728f99e8-418e-4b00-b2e8-36f688b477dd@group-993C76073EC3-PendingRequests: sendNotLeaderResponses
2022-03-07 09:52:10,029 [728f99e8-418e-4b00-b2e8-36f688b477dd@group-993C76073EC3-StateMachineUpdater] INFO  ratis.ContainerStateMachine (ContainerStateMachine.java:takeSnapshot(304)) - group-993C76073EC3: Taking a snapshot at:(t:2, i:0) file /home/runner/work/ozone/ozone/hadoop-ozone/integration-test/target/test-dir/MiniOzoneClusterImpl-4c099742-f0a8-499d-a606-d482764d36d7/datanode-0/data/ratis/110c5adc-eefa-440f-b852-993c76073ec3/sm/snapshot.2_0
2022-03-07 09:52:10,029 [Listener at 127.0.0.1/40579] INFO  impl.StateMachineUpdater (StateMachineUpdater.java:stopAndJoin(149)) - 728f99e8-418e-4b00-b2e8-36f688b477dd@group-993C76073EC3-StateMachineUpdater: set stopIndex = 0
2022-03-07 09:52:10,030 [728f99e8-418e-4b00-b2e8-36f688b477dd@group-993C76073EC3->79ee019c-6239-4f85-9f3b-dddcaaaeb0fb-GrpcLogAppender-LogAppenderDaemon] WARN  server.GrpcLogAppender (GrpcLogAppender.java:mayWait(177)) - 728f99e8-418e-4b00-b2e8-36f688b477dd@group-993C76073EC3->79ee019c-6239-4f85-9f3b-dddcaaaeb0fb-GrpcLogAppender: Wait interrupted by java.lang.InterruptedException
2022-03-07 09:52:10,031 [grpc-default-executor-2] INFO  server.GrpcServerProtocolService (GrpcServerProtocolService.java:onCompleted(140)) - 79ee019c-6239-4f85-9f3b-dddcaaaeb0fb: Completed APPEND_ENTRIES, lastRequest: 728f99e8-418e-4b00-b2e8-36f688b477dd->79ee019c-6239-4f85-9f3b-dddcaaaeb0fb#1-t2,previous=(t:0, i:0),leaderCommit=-1,initializing? true,entries: size=1, first=(t:2, i:0), CONFIGURATIONENTRY
2022-03-07 09:52:10,031 [728f99e8-418e-4b00-b2e8-36f688b477dd@group-993C76073EC3-StateMachineUpdater] INFO  ratis.ContainerStateMachine (ContainerStateMachine.java:takeSnapshot(315)) - group-993C76073EC3: Finished taking a snapshot at:(t:2, i:0) file:/home/runner/work/ozone/ozone/hadoop-ozone/integration-test/target/test-dir/MiniOzoneClusterImpl-4c099742-f0a8-499d-a606-d482764d36d7/datanode-0/data/ratis/110c5adc-eefa-440f-b852-993c76073ec3/sm/snapshot.2_0 took: 3 ms
2022-03-07 09:52:10,031 [728f99e8-418e-4b00-b2e8-36f688b477dd@group-993C76073EC3-StateMachineUpdater] INFO  impl.StateMachineUpdater (StateMachineUpdater.java:takeSnapshot(281)) - 728f99e8-418e-4b00-b2e8-36f688b477dd@group-993C76073EC3-StateMachineUpdater: Took a snapshot at index 0
2022-03-07 09:52:10,031 [728f99e8-418e-4b00-b2e8-36f688b477dd@group-993C76073EC3-StateMachineUpdater] INFO  impl.StateMachineUpdater (StateMachineUpdater.java:lambda$new$0(89)) - 728f99e8-418e-4b00-b2e8-36f688b477dd@group-993C76073EC3-StateMachineUpdater: snapshotIndex: updateIncreasingly -1 -> 0
2022-03-07 09:52:10,031 [grpc-default-executor-5] INFO  server.GrpcLogAppender (GrpcLogAppender.java:onCompleted(346)) - 728f99e8-418e-4b00-b2e8-36f688b477dd@group-993C76073EC3->79ee019c-6239-4f85-9f3b-dddcaaaeb0fb-AppendLogResponseHandler: follower responses appendEntries COMPLETED
2022-03-07 09:52:10,032 [grpc-default-executor-5] INFO  leader.FollowerInfo (FollowerInfoImpl.java:lambda$new$0(47)) - 728f99e8-418e-4b00-b2e8-36f688b477dd@group-993C76073EC3->79ee019c-6239-4f85-9f3b-dddcaaaeb0fb: nextIndex: updateUnconditionally 1 -> 0
2022-03-07 09:52:10,034 [Listener at 127.0.0.1/40579] INFO  server.RaftServer$Division (ServerState.java:close(419)) - 728f99e8-418e-4b00-b2e8-36f688b477dd@group-993C76073EC3: closes. applyIndex: 0
2022-03-07 09:52:10,034 [728f99e8-418e-4b00-b2e8-36f688b477dd@group-993C76073EC3-SegmentedRaftLogWorker] INFO  segmented.SegmentedRaftLogWorker (SegmentedRaftLogWorker.java:run(327)) - 728f99e8-418e-4b00-b2e8-36f688b477dd@group-993C76073EC3-SegmentedRaftLogWorker was interrupted, exiting. There are 0 tasks remaining in the queue.
2022-03-07 09:52:10,053 [Listener at 127.0.0.1/40579] INFO  segmented.SegmentedRaftLogWorker (SegmentedRaftLogWorker.java:close(237)) - 728f99e8-418e-4b00-b2e8-36f688b477dd@group-993C76073EC3-SegmentedRaftLogWorker close()
2022-03-07 09:52:10,056 [Listener at 127.0.0.1/40579] INFO  server.GrpcService (GrpcService.java:closeImpl(262)) - 728f99e8-418e-4b00-b2e8-36f688b477dd: shutdown server with port 44013 now
2022-03-07 09:52:10,066 [728f99e8-418e-4b00-b2e8-36f688b477dd@group-A2AB75C9018A-FollowerState] INFO  impl.FollowerState (FollowerState.java:run(143)) - 728f99e8-418e-4b00-b2e8-36f688b477dd@group-A2AB75C9018A-FollowerState was interrupted: {}
java.lang.InterruptedException: sleep interrupted
	at java.lang.Thread.sleep(Native Method)
	at java.lang.Thread.sleep(Thread.java:342)
	at java.util.concurrent.TimeUnit.sleep(TimeUnit.java:386)
	at org.apache.ratis.util.TimeDuration.sleep(TimeDuration.java:324)
	at org.apache.ratis.util.TimeDuration.sleep(TimeDuration.java:309)
	at org.apache.ratis.server.impl.FollowerState.run(FollowerState.java:118)
2022-03-07 09:52:10,139 [Listener at 127.0.0.1/40579] INFO  server.GrpcService (GrpcService.java:closeImpl(271)) - 728f99e8-418e-4b00-b2e8-36f688b477dd: shutdown server with port 44013 successfully
2022-03-07 09:52:10,139 [org.apache.ratis.util.JvmPauseMonitor$$Lambda$431/73409498@7de3df95] INFO  util.JvmPauseMonitor (JvmPauseMonitor.java:run(109)) - JvmPauseMonitor-728f99e8-418e-4b00-b2e8-36f688b477dd: Stopped
2022-03-07 09:52:10,257 [grpc-default-executor-5] WARN  server.GrpcLogAppender (LogUtils.java:warn(122)) - edf60a86-ae5b-4f71-bc37-25062be06587@group-5B77DECE4517->84008c31-6636-4a62-b386-f7fb7e7ffddc-AppendLogResponseHandler: Failed appendEntries: org.apache.ratis.thirdparty.io.grpc.StatusRuntimeException: UNAVAILABLE: io exception
2022-03-07 09:52:10,258 [grpc-default-executor-5] WARN  server.GrpcLogAppender (GrpcLogAppender.java:resetClient(110)) - edf60a86-ae5b-4f71-bc37-25062be06587@group-5B77DECE4517->84008c31-6636-4a62-b386-f7fb7e7ffddc-GrpcLogAppender: Leader has not got in touch with Follower edf60a86-ae5b-4f71-bc37-25062be06587@group-5B77DECE4517->84008c31-6636-4a62-b386-f7fb7e7ffddc(c-1,m0,n3, attendVote=true, lastRpcSendTime=0, lastRpcResponseTime=10383) yet, just keep nextIndex unchanged and retry.
2022-03-07 09:52:11,081 [grpc-default-executor-5] WARN  server.GrpcLogAppender (LogUtils.java:warn(122)) - 7fca689d-043b-47bb-bf18-12adf35ba2bc@group-B74B02AAA056->84008c31-6636-4a62-b386-f7fb7e7ffddc-AppendLogResponseHandler: Failed appendEntries: org.apache.ratis.thirdparty.io.grpc.StatusRuntimeException: UNAVAILABLE: io exception
2022-03-07 09:52:11,082 [grpc-default-executor-5] WARN  server.GrpcLogAppender (GrpcLogAppender.java:resetClient(110)) - 7fca689d-043b-47bb-bf18-12adf35ba2bc@group-B74B02AAA056->84008c31-6636-4a62-b386-f7fb7e7ffddc-GrpcLogAppender: Leader has not got in touch with Follower 7fca689d-043b-47bb-bf18-12adf35ba2bc@group-B74B02AAA056->84008c31-6636-4a62-b386-f7fb7e7ffddc(c0,m0,n1, attendVote=true, lastRpcSendTime=2505, lastRpcResponseTime=12545) yet, just keep nextIndex unchanged and retry.
2022-03-07 09:52:11,902 [grpc-default-executor-5] WARN  server.GrpcLogAppender (LogUtils.java:warn(122)) - edf60a86-ae5b-4f71-bc37-25062be06587@group-7EB04D50015F->84008c31-6636-4a62-b386-f7fb7e7ffddc-AppendLogResponseHandler: Failed appendEntries: org.apache.ratis.thirdparty.io.grpc.StatusRuntimeException: UNAVAILABLE: io exception
2022-03-07 09:52:11,903 [grpc-default-executor-5] WARN  server.GrpcLogAppender (GrpcLogAppender.java:resetClient(110)) - edf60a86-ae5b-4f71-bc37-25062be06587@group-7EB04D50015F->84008c31-6636-4a62-b386-f7fb7e7ffddc-GrpcLogAppender: Leader has not got in touch with Follower edf60a86-ae5b-4f71-bc37-25062be06587@group-7EB04D50015F->84008c31-6636-4a62-b386-f7fb7e7ffddc(c0,m0,n1, attendVote=true, lastRpcSendTime=10, lastRpcResponseTime=12606) yet, just keep nextIndex unchanged and retry.
2022-03-07 09:52:12,017 [ForkJoinPool.commonPool-worker-1] INFO  utils.BackgroundService (BackgroundService.java:shutdown(132)) - Shutting down service BlockDeletingService
2022-03-07 09:52:12,248 [Listener at 127.0.0.1/40579] INFO  utils.BackgroundService (BackgroundService.java:shutdown(132)) - Shutting down service BlockDeletingService
2022-03-07 09:52:12,791 [grpc-default-executor-5] WARN  server.GrpcLogAppender (LogUtils.java:warn(122)) - edf60a86-ae5b-4f71-bc37-25062be06587@group-5B77DECE4517->84008c31-6636-4a62-b386-f7fb7e7ffddc-AppendLogResponseHandler: Failed appendEntries: org.apache.ratis.thirdparty.io.grpc.StatusRuntimeException: UNAVAILABLE: io exception
2022-03-07 09:52:12,791 [grpc-default-executor-5] WARN  server.GrpcLogAppender (GrpcLogAppender.java:resetClient(110)) - edf60a86-ae5b-4f71-bc37-25062be06587@group-5B77DECE4517->84008c31-6636-4a62-b386-f7fb7e7ffddc-GrpcLogAppender: Leader has not got in touch with Follower edf60a86-ae5b-4f71-bc37-25062be06587@group-5B77DECE4517->84008c31-6636-4a62-b386-f7fb7e7ffddc(c-1,m0,n3, attendVote=true, lastRpcSendTime=0, lastRpcResponseTime=12917) yet, just keep nextIndex unchanged and retry.
2022-03-07 09:52:13,602 [grpc-default-executor-5] WARN  server.GrpcLogAppender (LogUtils.java:warn(122)) - 7fca689d-043b-47bb-bf18-12adf35ba2bc@group-B74B02AAA056->84008c31-6636-4a62-b386-f7fb7e7ffddc-AppendLogResponseHandler: Failed appendEntries: org.apache.ratis.thirdparty.io.grpc.StatusRuntimeException: UNAVAILABLE: io exception
2022-03-07 09:52:13,603 [grpc-default-executor-5] WARN  server.GrpcLogAppender (GrpcLogAppender.java:resetClient(110)) - 7fca689d-043b-47bb-bf18-12adf35ba2bc@group-B74B02AAA056->84008c31-6636-4a62-b386-f7fb7e7ffddc-GrpcLogAppender: Leader has not got in touch with Follower 7fca689d-043b-47bb-bf18-12adf35ba2bc@group-B74B02AAA056->84008c31-6636-4a62-b386-f7fb7e7ffddc(c0,m0,n1, attendVote=true, lastRpcSendTime=2520, lastRpcResponseTime=15066) yet, just keep nextIndex unchanged and retry.
2022-03-07 09:52:14,014 [EventQueue-DeadNodeForDeadNodeHandler] INFO  node.DeadNodeHandler (DeadNodeHandler.java:onMessage(80)) - A dead datanode is detected. 84008c31-6636-4a62-b386-f7fb7e7ffddc{ip: 10.1.0.49, host: fv-az291-317.wgnan5asplgejimfprtllbpdch.jx.internal.cloudapp.net, ports: [REPLICATION=42827, RATIS=44263, RATIS_ADMIN=44263, RATIS_SERVER=44263, STANDALONE=33245], networkLocation: /default-rack, certSerialId: null, persistedOpState: IN_SERVICE, persistedOpStateExpiryEpochSec: 0}
2022-03-07 09:52:14,014 [EventQueue-DeadNodeForDeadNodeHandler] INFO  pipeline.RatisPipelineProvider (RatisPipelineProvider.java:lambda$close$1(222)) - Send pipeline:PipelineID=c80e71a3-a3ae-4d9c-b7b4-7eb04d50015f close command to datanode 7fca689d-043b-47bb-bf18-12adf35ba2bc
2022-03-07 09:52:14,014 [EventQueue-DeadNodeForDeadNodeHandler] INFO  pipeline.RatisPipelineProvider (RatisPipelineProvider.java:lambda$close$1(222)) - Send pipeline:PipelineID=c80e71a3-a3ae-4d9c-b7b4-7eb04d50015f close command to datanode 84008c31-6636-4a62-b386-f7fb7e7ffddc
2022-03-07 09:52:14,014 [EventQueue-DeadNodeForDeadNodeHandler] INFO  pipeline.RatisPipelineProvider (RatisPipelineProvider.java:lambda$close$1(222)) - Send pipeline:PipelineID=c80e71a3-a3ae-4d9c-b7b4-7eb04d50015f close command to datanode edf60a86-ae5b-4f71-bc37-25062be06587
2022-03-07 09:52:14,025 [9fd2d42e-0817-4c6b-b2b7-8c945e0a68b4@group-D482764D36D7-StateMachineUpdater] INFO  pipeline.PipelineStateManagerImpl (PipelineStateManagerImpl.java:removePipeline(223)) - Pipeline Pipeline[ Id: c80e71a3-a3ae-4d9c-b7b4-7eb04d50015f, Nodes: 7fca689d-043b-47bb-bf18-12adf35ba2bc{ip: 10.1.0.49, host: fv-az291-317.wgnan5asplgejimfprtllbpdch.jx.internal.cloudapp.net, ports: [REPLICATION=35909, RATIS=42461, RATIS_ADMIN=42461, RATIS_SERVER=42461, STANDALONE=44961], networkLocation: /default-rack, certSerialId: null, persistedOpState: IN_SERVICE, persistedOpStateExpiryEpochSec: 0}84008c31-6636-4a62-b386-f7fb7e7ffddc{ip: 10.1.0.49, host: fv-az291-317.wgnan5asplgejimfprtllbpdch.jx.internal.cloudapp.net, ports: [REPLICATION=42827, RATIS=44263, RATIS_ADMIN=44263, RATIS_SERVER=44263, STANDALONE=33245], networkLocation: /default-rack, certSerialId: null, persistedOpState: IN_SERVICE, persistedOpStateExpiryEpochSec: 0}edf60a86-ae5b-4f71-bc37-25062be06587{ip: 10.1.0.49, host: fv-az291-317.wgnan5asplgejimfprtllbpdch.jx.internal.cloudapp.net, ports: [REPLICATION=46727, RATIS=38621, RATIS_ADMIN=38621, RATIS_SERVER=38621, STANDALONE=45115], networkLocation: /default-rack, certSerialId: null, persistedOpState: IN_SERVICE, persistedOpStateExpiryEpochSec: 0}, ReplicationConfig: RATIS/THREE, State:CLOSED, leaderId:edf60a86-ae5b-4f71-bc37-25062be06587, CreationTimestamp2022-03-07T09:50:55.776Z[Etc/UTC]] removed.
2022-03-07 09:52:14,027 [EventQueue-DeadNodeForDeadNodeHandler] INFO  pipeline.RatisPipelineProvider (RatisPipelineProvider.java:lambda$close$1(222)) - Send pipeline:PipelineID=b21d2323-80ac-42b3-81aa-c003513866d6 close command to datanode 84008c31-6636-4a62-b386-f7fb7e7ffddc
2022-03-07 09:52:14,044 [9fd2d42e-0817-4c6b-b2b7-8c945e0a68b4@group-D482764D36D7-StateMachineUpdater] INFO  pipeline.PipelineStateManagerImpl (PipelineStateManagerImpl.java:removePipeline(223)) - Pipeline Pipeline[ Id: b21d2323-80ac-42b3-81aa-c003513866d6, Nodes: 84008c31-6636-4a62-b386-f7fb7e7ffddc{ip: 10.1.0.49, host: fv-az291-317.wgnan5asplgejimfprtllbpdch.jx.internal.cloudapp.net, ports: [REPLICATION=42827, RATIS=44263, RATIS_ADMIN=44263, RATIS_SERVER=44263, STANDALONE=33245], networkLocation: /default-rack, certSerialId: null, persistedOpState: IN_SERVICE, persistedOpStateExpiryEpochSec: 0}, ReplicationConfig: RATIS/ONE, State:CLOSED, leaderId:84008c31-6636-4a62-b386-f7fb7e7ffddc, CreationTimestamp2022-03-07T09:50:55.253Z[Etc/UTC]] removed.
2022-03-07 09:52:14,044 [EventQueue-DeadNodeForDeadNodeHandler] INFO  pipeline.RatisPipelineProvider (RatisPipelineProvider.java:lambda$close$1(222)) - Send pipeline:PipelineID=5b1c4279-099c-4815-8e9c-b74b02aaa056 close command to datanode 84008c31-6636-4a62-b386-f7fb7e7ffddc
2022-03-07 09:52:14,044 [EventQueue-DeadNodeForDeadNodeHandler] INFO  pipeline.RatisPipelineProvider (RatisPipelineProvider.java:lambda$close$1(222)) - Send pipeline:PipelineID=5b1c4279-099c-4815-8e9c-b74b02aaa056 close command to datanode 7fca689d-043b-47bb-bf18-12adf35ba2bc
2022-03-07 09:52:14,044 [EventQueue-DeadNodeForDeadNodeHandler] INFO  pipeline.RatisPipelineProvider (RatisPipelineProvider.java:lambda$close$1(222)) - Send pipeline:PipelineID=5b1c4279-099c-4815-8e9c-b74b02aaa056 close command to datanode edf60a86-ae5b-4f71-bc37-25062be06587
2022-03-07 09:52:14,045 [9fd2d42e-0817-4c6b-b2b7-8c945e0a68b4@group-D482764D36D7-StateMachineUpdater] INFO  pipeline.PipelineStateManagerImpl (PipelineStateManagerImpl.java:removePipeline(223)) - Pipeline Pipeline[ Id: 5b1c4279-099c-4815-8e9c-b74b02aaa056, Nodes: 84008c31-6636-4a62-b386-f7fb7e7ffddc{ip: 10.1.0.49, host: fv-az291-317.wgnan5asplgejimfprtllbpdch.jx.internal.cloudapp.net, ports: [REPLICATION=42827, RATIS=44263, RATIS_ADMIN=44263, RATIS_SERVER=44263, STANDALONE=33245], networkLocation: /default-rack, certSerialId: null, persistedOpState: IN_SERVICE, persistedOpStateExpiryEpochSec: 0}7fca689d-043b-47bb-bf18-12adf35ba2bc{ip: 10.1.0.49, host: fv-az291-317.wgnan5asplgejimfprtllbpdch.jx.internal.cloudapp.net, ports: [REPLICATION=35909, RATIS=42461, RATIS_ADMIN=42461, RATIS_SERVER=42461, STANDALONE=44961], networkLocation: /default-rack, certSerialId: null, persistedOpState: IN_SERVICE, persistedOpStateExpiryEpochSec: 0}edf60a86-ae5b-4f71-bc37-25062be06587{ip: 10.1.0.49, host: fv-az291-317.wgnan5asplgejimfprtllbpdch.jx.internal.cloudapp.net, ports: [REPLICATION=46727, RATIS=38621, RATIS_ADMIN=38621, RATIS_SERVER=38621, STANDALONE=45115], networkLocation: /default-rack, certSerialId: null, persistedOpState: IN_SERVICE, persistedOpStateExpiryEpochSec: 0}, ReplicationConfig: RATIS/THREE, State:CLOSED, leaderId:7fca689d-043b-47bb-bf18-12adf35ba2bc, CreationTimestamp2022-03-07T09:50:55.771Z[Etc/UTC]] removed.
2022-03-07 09:52:14,046 [EventQueue-DeadNodeForDeadNodeHandler] INFO  pipeline.RatisPipelineProvider (RatisPipelineProvider.java:lambda$close$1(222)) - Send pipeline:PipelineID=27d35f41-3a25-4561-aa12-5b77dece4517 close command to datanode 84008c31-6636-4a62-b386-f7fb7e7ffddc
2022-03-07 09:52:14,046 [EventQueue-DeadNodeForDeadNodeHandler] INFO  pipeline.RatisPipelineProvider (RatisPipelineProvider.java:lambda$close$1(222)) - Send pipeline:PipelineID=27d35f41-3a25-4561-aa12-5b77dece4517 close command to datanode edf60a86-ae5b-4f71-bc37-25062be06587
2022-03-07 09:52:14,046 [EventQueue-DeadNodeForDeadNodeHandler] INFO  pipeline.RatisPipelineProvider (RatisPipelineProvider.java:lambda$close$1(222)) - Send pipeline:PipelineID=27d35f41-3a25-4561-aa12-5b77dece4517 close command to datanode 7fca689d-043b-47bb-bf18-12adf35ba2bc
2022-03-07 09:52:14,047 [9fd2d42e-0817-4c6b-b2b7-8c945e0a68b4@group-D482764D36D7-StateMachineUpdater] INFO  pipeline.PipelineStateManagerImpl (PipelineStateManagerImpl.java:removePipeline(223)) - Pipeline Pipeline[ Id: 27d35f41-3a25-4561-aa12-5b77dece4517, Nodes: 84008c31-6636-4a62-b386-f7fb7e7ffddc{ip: 10.1.0.49, host: fv-az291-317.wgnan5asplgejimfprtllbpdch.jx.internal.cloudapp.net, ports: [REPLICATION=42827, RATIS=44263, RATIS_ADMIN=44263, RATIS_SERVER=44263, STANDALONE=33245], networkLocation: /default-rack, certSerialId: null, persistedOpState: IN_SERVICE, persistedOpStateExpiryEpochSec: 0}edf60a86-ae5b-4f71-bc37-25062be06587{ip: 10.1.0.49, host: fv-az291-317.wgnan5asplgejimfprtllbpdch.jx.internal.cloudapp.net, ports: [REPLICATION=46727, RATIS=38621, RATIS_ADMIN=38621, RATIS_SERVER=38621, STANDALONE=45115], networkLocation: /default-rack, certSerialId: null, persistedOpState: IN_SERVICE, persistedOpStateExpiryEpochSec: 0}7fca689d-043b-47bb-bf18-12adf35ba2bc{ip: 10.1.0.49, host: fv-az291-317.wgnan5asplgejimfprtllbpdch.jx.internal.cloudapp.net, ports: [REPLICATION=35909, RATIS=42461, RATIS_ADMIN=42461, RATIS_SERVER=42461, STANDALONE=44961], networkLocation: /default-rack, certSerialId: null, persistedOpState: IN_SERVICE, persistedOpStateExpiryEpochSec: 0}, ReplicationConfig: RATIS/THREE, State:CLOSED, leaderId:edf60a86-ae5b-4f71-bc37-25062be06587, CreationTimestamp2022-03-07T09:50:55.773Z[Etc/UTC]] removed.
2022-03-07 09:52:14,047 [EventQueue-DeadNodeForDeadNodeHandler] INFO  net.NetworkTopologyImpl (NetworkTopologyImpl.java:remove(137)) - Removed a node: /default-rack/84008c31-6636-4a62-b386-f7fb7e7ffddc
2022-03-07 09:52:14,114 [EventQueue-DeadNodeForDeadNodeHandler] INFO  node.DeadNodeHandler (DeadNodeHandler.java:onMessage(80)) - A dead datanode is detected. 616d314c-ba0d-49c9-8f1d-797448dad8fd{ip: 10.1.0.49, host: fv-az291-317.wgnan5asplgejimfprtllbpdch.jx.internal.cloudapp.net, ports: [REPLICATION=32797, RATIS=39129, RATIS_ADMIN=39129, RATIS_SERVER=39129, STANDALONE=37787], networkLocation: /default-rack, certSerialId: null, persistedOpState: IN_SERVICE, persistedOpStateExpiryEpochSec: 0}
2022-03-07 09:52:14,114 [EventQueue-DeadNodeForDeadNodeHandler] INFO  pipeline.RatisPipelineProvider (RatisPipelineProvider.java:lambda$close$1(222)) - Send pipeline:PipelineID=923a3941-3f74-42f8-9986-8d08d2c66b42 close command to datanode 616d314c-ba0d-49c9-8f1d-797448dad8fd
2022-03-07 09:52:14,115 [9fd2d42e-0817-4c6b-b2b7-8c945e0a68b4@group-D482764D36D7-StateMachineUpdater] INFO  pipeline.PipelineStateManagerImpl (PipelineStateManagerImpl.java:removePipeline(223)) - Pipeline Pipeline[ Id: 923a3941-3f74-42f8-9986-8d08d2c66b42, Nodes: 616d314c-ba0d-49c9-8f1d-797448dad8fd{ip: 10.1.0.49, host: fv-az291-317.wgnan5asplgejimfprtllbpdch.jx.internal.cloudapp.net, ports: [REPLICATION=32797, RATIS=39129, RATIS_ADMIN=39129, RATIS_SERVER=39129, STANDALONE=37787], networkLocation: /default-rack, certSerialId: null, persistedOpState: IN_SERVICE, persistedOpStateExpiryEpochSec: 0}, ReplicationConfig: RATIS/ONE, State:CLOSED, leaderId:616d314c-ba0d-49c9-8f1d-797448dad8fd, CreationTimestamp2022-03-07T09:50:53.830Z[Etc/UTC]] removed.
2022-03-07 09:52:14,116 [EventQueue-DeadNodeForDeadNodeHandler] INFO  pipeline.RatisPipelineProvider (RatisPipelineProvider.java:lambda$close$1(222)) - Send pipeline:PipelineID=110c5adc-eefa-440f-b852-993c76073ec3 close command to datanode 79ee019c-6239-4f85-9f3b-dddcaaaeb0fb
2022-03-07 09:52:14,116 [EventQueue-DeadNodeForDeadNodeHandler] INFO  pipeline.RatisPipelineProvider (RatisPipelineProvider.java:lambda$close$1(222)) - Send pipeline:PipelineID=110c5adc-eefa-440f-b852-993c76073ec3 close command to datanode 728f99e8-418e-4b00-b2e8-36f688b477dd
2022-03-07 09:52:14,116 [EventQueue-DeadNodeForDeadNodeHandler] INFO  pipeline.RatisPipelineProvider (RatisPipelineProvider.java:lambda$close$1(222)) - Send pipeline:PipelineID=110c5adc-eefa-440f-b852-993c76073ec3 close command to datanode 616d314c-ba0d-49c9-8f1d-797448dad8fd
2022-03-07 09:52:14,117 [9fd2d42e-0817-4c6b-b2b7-8c945e0a68b4@group-D482764D36D7-StateMachineUpdater] INFO  pipeline.PipelineStateManagerImpl (PipelineStateManagerImpl.java:removePipeline(223)) - Pipeline Pipeline[ Id: 110c5adc-eefa-440f-b852-993c76073ec3, Nodes: 79ee019c-6239-4f85-9f3b-dddcaaaeb0fb{ip: 10.1.0.49, host: fv-az291-317.wgnan5asplgejimfprtllbpdch.jx.internal.cloudapp.net, ports: [REPLICATION=42249, RATIS=41163, RATIS_ADMIN=41163, RATIS_SERVER=41163, STANDALONE=43119], networkLocation: /default-rack, certSerialId: null, persistedOpState: IN_SERVICE, persistedOpStateExpiryEpochSec: 0}728f99e8-418e-4b00-b2e8-36f688b477dd{ip: 10.1.0.49, host: fv-az291-317.wgnan5asplgejimfprtllbpdch.jx.internal.cloudapp.net, ports: [REPLICATION=38547, RATIS=44013, RATIS_ADMIN=44013, RATIS_SERVER=44013, STANDALONE=41573], networkLocation: /default-rack, certSerialId: null, persistedOpState: IN_SERVICE, persistedOpStateExpiryEpochSec: 0}616d314c-ba0d-49c9-8f1d-797448dad8fd{ip: 10.1.0.49, host: fv-az291-317.wgnan5asplgejimfprtllbpdch.jx.internal.cloudapp.net, ports: [REPLICATION=32797, RATIS=39129, RATIS_ADMIN=39129, RATIS_SERVER=39129, STANDALONE=37787], networkLocation: /default-rack, certSerialId: null, persistedOpState: IN_SERVICE, persistedOpStateExpiryEpochSec: 0}, ReplicationConfig: RATIS/THREE, State:CLOSED, leaderId:728f99e8-418e-4b00-b2e8-36f688b477dd, CreationTimestamp2022-03-07T09:51:52.562Z[Etc/UTC]] removed.
2022-03-07 09:52:14,117 [EventQueue-DeadNodeForDeadNodeHandler] INFO  net.NetworkTopologyImpl (NetworkTopologyImpl.java:remove(137)) - Removed a node: /default-rack/616d314c-ba0d-49c9-8f1d-797448dad8fd
2022-03-07 09:52:14,414 [EventQueue-StaleNodeForStaleNodeHandler] INFO  node.StaleNodeHandler (StaleNodeHandler.java:onMessage(58)) - Datanode cd9cff4b-1bd9-497e-976c-8eec10b9db64{ip: 10.1.0.49, host: fv-az291-317.wgnan5asplgejimfprtllbpdch.jx.internal.cloudapp.net, ports: [REPLICATION=46825, RATIS=42923, RATIS_ADMIN=42923, RATIS_SERVER=42923, STANDALONE=43941], networkLocation: /default-rack, certSerialId: null, persistedOpState: IN_SERVICE, persistedOpStateExpiryEpochSec: 0} moved to stale state. Finalizing its pipelines [PipelineID=7dd851b1-46e0-4a93-8071-5927a3a2a91c, PipelineID=b529f8ba-3bf9-49bc-adf3-022b701c3610, PipelineID=60b5cb39-0ab8-4f61-9ad9-a2ab75c9018a]
2022-03-07 09:52:14,421 [EventQueue-StaleNodeForStaleNodeHandler] INFO  pipeline.PipelineManagerImpl (PipelineManagerImpl.java:closePipeline(365)) - Pipeline Pipeline[ Id: 7dd851b1-46e0-4a93-8071-5927a3a2a91c, Nodes: cd9cff4b-1bd9-497e-976c-8eec10b9db64{ip: 10.1.0.49, host: fv-az291-317.wgnan5asplgejimfprtllbpdch.jx.internal.cloudapp.net, ports: [REPLICATION=46825, RATIS=42923, RATIS_ADMIN=42923, RATIS_SERVER=42923, STANDALONE=43941], networkLocation: /default-rack, certSerialId: null, persistedOpState: IN_SERVICE, persistedOpStateExpiryEpochSec: 0}, ReplicationConfig: RATIS/ONE, State:OPEN, leaderId:cd9cff4b-1bd9-497e-976c-8eec10b9db64, CreationTimestamp2022-03-07T09:51:52.552Z[Etc/UTC]] moved to CLOSED state
2022-03-07 09:52:14,440 [EventQueue-StaleNodeForStaleNodeHandler] INFO  pipeline.PipelineManagerImpl (PipelineManagerImpl.java:closePipeline(365)) - Pipeline Pipeline[ Id: b529f8ba-3bf9-49bc-adf3-022b701c3610, Nodes: 79ee019c-6239-4f85-9f3b-dddcaaaeb0fb{ip: 10.1.0.49, host: fv-az291-317.wgnan5asplgejimfprtllbpdch.jx.internal.cloudapp.net, ports: [REPLICATION=42249, RATIS=41163, RATIS_ADMIN=41163, RATIS_SERVER=41163, STANDALONE=43119], networkLocation: /default-rack, certSerialId: null, persistedOpState: IN_SERVICE, persistedOpStateExpiryEpochSec: 0}728f99e8-418e-4b00-b2e8-36f688b477dd{ip: 10.1.0.49, host: fv-az291-317.wgnan5asplgejimfprtllbpdch.jx.internal.cloudapp.net, ports: [REPLICATION=38547, RATIS=44013, RATIS_ADMIN=44013, RATIS_SERVER=44013, STANDALONE=41573], networkLocation: /default-rack, certSerialId: null, persistedOpState: IN_SERVICE, persistedOpStateExpiryEpochSec: 0}cd9cff4b-1bd9-497e-976c-8eec10b9db64{ip: 10.1.0.49, host: fv-az291-317.wgnan5asplgejimfprtllbpdch.jx.internal.cloudapp.net, ports: [REPLICATION=46825, RATIS=42923, RATIS_ADMIN=42923, RATIS_SERVER=42923, STANDALONE=43941], networkLocation: /default-rack, certSerialId: null, persistedOpState: IN_SERVICE, persistedOpStateExpiryEpochSec: 0}, ReplicationConfig: RATIS/THREE, State:OPEN, leaderId:cd9cff4b-1bd9-497e-976c-8eec10b9db64, CreationTimestamp2022-03-07T09:51:52.565Z[Etc/UTC]] moved to CLOSED state
2022-03-07 09:52:14,442 [EventQueue-StaleNodeForStaleNodeHandler] INFO  pipeline.PipelineManagerImpl (PipelineManagerImpl.java:closePipeline(365)) - Pipeline Pipeline[ Id: 60b5cb39-0ab8-4f61-9ad9-a2ab75c9018a, Nodes: 728f99e8-418e-4b00-b2e8-36f688b477dd{ip: 10.1.0.49, host: fv-az291-317.wgnan5asplgejimfprtllbpdch.jx.internal.cloudapp.net, ports: [REPLICATION=38547, RATIS=44013, RATIS_ADMIN=44013, RATIS_SERVER=44013, STANDALONE=41573], networkLocation: /default-rack, certSerialId: null, persistedOpState: IN_SERVICE, persistedOpStateExpiryEpochSec: 0}cd9cff4b-1bd9-497e-976c-8eec10b9db64{ip: 10.1.0.49, host: fv-az291-317.wgnan5asplgejimfprtllbpdch.jx.internal.cloudapp.net, ports: [REPLICATION=46825, RATIS=42923, RATIS_ADMIN=42923, RATIS_SERVER=42923, STANDALONE=43941], networkLocation: /default-rack, certSerialId: null, persistedOpState: IN_SERVICE, persistedOpStateExpiryEpochSec: 0}79ee019c-6239-4f85-9f3b-dddcaaaeb0fb{ip: 10.1.0.49, host: fv-az291-317.wgnan5asplgejimfprtllbpdch.jx.internal.cloudapp.net, ports: [REPLICATION=42249, RATIS=41163, RATIS_ADMIN=41163, RATIS_SERVER=41163, STANDALONE=43119], networkLocation: /default-rack, certSerialId: null, persistedOpState: IN_SERVICE, persistedOpStateExpiryEpochSec: 0}, ReplicationConfig: RATIS/THREE, State:ALLOCATED, leaderId:, CreationTimestamp2022-03-07T09:51:52.557Z[Etc/UTC]] moved to CLOSED state
2022-03-07 09:52:14,451 [grpc-default-executor-5] WARN  server.GrpcLogAppender (LogUtils.java:warn(122)) - edf60a86-ae5b-4f71-bc37-25062be06587@group-7EB04D50015F->84008c31-6636-4a62-b386-f7fb7e7ffddc-AppendLogResponseHandler: Failed appendEntries: org.apache.ratis.thirdparty.io.grpc.StatusRuntimeException: UNAVAILABLE: io exception
2022-03-07 09:52:14,451 [grpc-default-executor-5] WARN  server.GrpcLogAppender (GrpcLogAppender.java:resetClient(110)) - edf60a86-ae5b-4f71-bc37-25062be06587@group-7EB04D50015F->84008c31-6636-4a62-b386-f7fb7e7ffddc-GrpcLogAppender: Leader has not got in touch with Follower edf60a86-ae5b-4f71-bc37-25062be06587@group-7EB04D50015F->84008c31-6636-4a62-b386-f7fb7e7ffddc(c0,m0,n1, attendVote=true, lastRpcSendTime=2559, lastRpcResponseTime=15154) yet, just keep nextIndex unchanged and retry.
2022-03-07 09:52:14,452 [79ee019c-6239-4f85-9f3b-dddcaaaeb0fb@group-A2AB75C9018A-FollowerState] INFO  impl.FollowerState (FollowerState.java:run(134)) - 79ee019c-6239-4f85-9f3b-dddcaaaeb0fb@group-A2AB75C9018A-FollowerState: change to CANDIDATE, lastRpcElapsedTime:5165288488ns, electionTimeout:5083ms
2022-03-07 09:52:14,452 [79ee019c-6239-4f85-9f3b-dddcaaaeb0fb@group-A2AB75C9018A-FollowerState] INFO  impl.RoleInfo (RoleInfo.java:shutdownFollowerState(108)) - 79ee019c-6239-4f85-9f3b-dddcaaaeb0fb: shutdown 79ee019c-6239-4f85-9f3b-dddcaaaeb0fb@group-A2AB75C9018A-FollowerState
2022-03-07 09:52:14,452 [79ee019c-6239-4f85-9f3b-dddcaaaeb0fb@group-A2AB75C9018A-FollowerState] INFO  server.RaftServer$Division (RaftServerImpl.java:setRole(290)) - 79ee019c-6239-4f85-9f3b-dddcaaaeb0fb@group-A2AB75C9018A: changes role from  FOLLOWER to CANDIDATE at term 3 for changeToCandidate
2022-03-07 09:52:14,452 [79ee019c-6239-4f85-9f3b-dddcaaaeb0fb@group-A2AB75C9018A-FollowerState] INFO  server.RaftServerConfigKeys (ConfUtils.java:logGet(44)) - raft.server.leaderelection.pre-vote = false (custom)
2022-03-07 09:52:14,452 [79ee019c-6239-4f85-9f3b-dddcaaaeb0fb@group-A2AB75C9018A-FollowerState] INFO  impl.RoleInfo (RoleInfo.java:updateAndGet(130)) - 79ee019c-6239-4f85-9f3b-dddcaaaeb0fb: start 79ee019c-6239-4f85-9f3b-dddcaaaeb0fb@group-A2AB75C9018A-LeaderElection116
2022-03-07 09:52:14,472 [79ee019c-6239-4f85-9f3b-dddcaaaeb0fb@group-A2AB75C9018A-LeaderElection116] INFO  impl.LeaderElection (LeaderElection.java:askForVotes(306)) - 79ee019c-6239-4f85-9f3b-dddcaaaeb0fb@group-A2AB75C9018A-LeaderElection116 ELECTION round 0: submit vote requests at term 4 for -1: [728f99e8-418e-4b00-b2e8-36f688b477dd|rpc:10.1.0.49:44013|dataStream:|priority:0, 79ee019c-6239-4f85-9f3b-dddcaaaeb0fb|rpc:10.1.0.49:41163|dataStream:|priority:1, cd9cff4b-1bd9-497e-976c-8eec10b9db64|rpc:10.1.0.49:42923|dataStream:|priority:0], old=null
2022-03-07 09:52:14,560 [79ee019c-6239-4f85-9f3b-dddcaaaeb0fb@group-A2AB75C9018A-LeaderElection116] INFO  impl.LeaderElection (LogUtils.java:infoOrTrace(137)) - 79ee019c-6239-4f85-9f3b-dddcaaaeb0fb@group-A2AB75C9018A-LeaderElection116 got exception when requesting votes: java.util.concurrent.ExecutionException: org.apache.ratis.thirdparty.io.grpc.StatusRuntimeException: UNAVAILABLE: io exception
2022-03-07 09:52:14,564 [79ee019c-6239-4f85-9f3b-dddcaaaeb0fb@group-A2AB75C9018A-LeaderElection116] INFO  impl.LeaderElection (LogUtils.java:infoOrTrace(137)) - 79ee019c-6239-4f85-9f3b-dddcaaaeb0fb@group-A2AB75C9018A-LeaderElection116 got exception when requesting votes: java.util.concurrent.ExecutionException: org.apache.ratis.thirdparty.io.grpc.StatusRuntimeException: UNAVAILABLE: io exception
2022-03-07 09:52:14,564 [79ee019c-6239-4f85-9f3b-dddcaaaeb0fb@group-A2AB75C9018A-LeaderElection116] INFO  impl.LeaderElection (LeaderElection.java:logAndReturn(89)) - 79ee019c-6239-4f85-9f3b-dddcaaaeb0fb@group-A2AB75C9018A-LeaderElection116: ELECTION REJECTED received 0 response(s) and 2 exception(s):
2022-03-07 09:52:14,564 [79ee019c-6239-4f85-9f3b-dddcaaaeb0fb@group-A2AB75C9018A-LeaderElection116] INFO  impl.LeaderElection (LogUtils.java:infoOrTrace(137)) -   Exception 0: java.util.concurrent.ExecutionException: org.apache.ratis.thirdparty.io.grpc.StatusRuntimeException: UNAVAILABLE: io exception
2022-03-07 09:52:14,564 [79ee019c-6239-4f85-9f3b-dddcaaaeb0fb@group-A2AB75C9018A-LeaderElection116] INFO  impl.LeaderElection (LogUtils.java:infoOrTrace(137)) -   Exception 1: java.util.concurrent.ExecutionException: org.apache.ratis.thirdparty.io.grpc.StatusRuntimeException: UNAVAILABLE: io exception
2022-03-07 09:52:14,564 [79ee019c-6239-4f85-9f3b-dddcaaaeb0fb@group-A2AB75C9018A-LeaderElection116] INFO  impl.LeaderElection (LeaderElection.java:askForVotes(308)) - 79ee019c-6239-4f85-9f3b-dddcaaaeb0fb@group-A2AB75C9018A-LeaderElection116 ELECTION round 0: result REJECTED
2022-03-07 09:52:14,564 [79ee019c-6239-4f85-9f3b-dddcaaaeb0fb@group-A2AB75C9018A-LeaderElection116] INFO  server.RaftServer$Division (RaftServerImpl.java:setRole(290)) - 79ee019c-6239-4f85-9f3b-dddcaaaeb0fb@group-A2AB75C9018A: changes role from CANDIDATE to FOLLOWER at term 4 for REJECTED
2022-03-07 09:52:14,564 [79ee019c-6239-4f85-9f3b-dddcaaaeb0fb@group-A2AB75C9018A-LeaderElection116] INFO  impl.RoleInfo (RoleInfo.java:shutdownLeaderElection(121)) - 79ee019c-6239-4f85-9f3b-dddcaaaeb0fb: shutdown 79ee019c-6239-4f85-9f3b-dddcaaaeb0fb@group-A2AB75C9018A-LeaderElection116
2022-03-07 09:52:14,564 [79ee019c-6239-4f85-9f3b-dddcaaaeb0fb@group-A2AB75C9018A-LeaderElection116] INFO  impl.RoleInfo (RoleInfo.java:updateAndGet(130)) - 79ee019c-6239-4f85-9f3b-dddcaaaeb0fb: start 79ee019c-6239-4f85-9f3b-dddcaaaeb0fb@group-A2AB75C9018A-FollowerState
2022-03-07 09:52:14,614 [EventQueue-StaleNodeForStaleNodeHandler] INFO  node.StaleNodeHandler (StaleNodeHandler.java:onMessage(58)) - Datanode 728f99e8-418e-4b00-b2e8-36f688b477dd{ip: 10.1.0.49, host: fv-az291-317.wgnan5asplgejimfprtllbpdch.jx.internal.cloudapp.net, ports: [REPLICATION=38547, RATIS=44013, RATIS_ADMIN=44013, RATIS_SERVER=44013, STANDALONE=41573], networkLocation: /default-rack, certSerialId: null, persistedOpState: IN_SERVICE, persistedOpStateExpiryEpochSec: 0} moved to stale state. Finalizing its pipelines [PipelineID=b529f8ba-3bf9-49bc-adf3-022b701c3610, PipelineID=6774cf86-b56c-416d-81c1-296081326884, PipelineID=60b5cb39-0ab8-4f61-9ad9-a2ab75c9018a]
2022-03-07 09:52:14,618 [EventQueue-StaleNodeForStaleNodeHandler] INFO  pipeline.PipelineManagerImpl (PipelineManagerImpl.java:closeContainersForPipeline(344)) - Container #2 closed for pipeline=PipelineID=6774cf86-b56c-416d-81c1-296081326884
2022-03-07 09:52:14,621 [EventQueue-StaleNodeForStaleNodeHandler] INFO  pipeline.PipelineManagerImpl (PipelineManagerImpl.java:closePipeline(365)) - Pipeline Pipeline[ Id: 6774cf86-b56c-416d-81c1-296081326884, Nodes: 728f99e8-418e-4b00-b2e8-36f688b477dd{ip: 10.1.0.49, host: fv-az291-317.wgnan5asplgejimfprtllbpdch.jx.internal.cloudapp.net, ports: [REPLICATION=38547, RATIS=44013, RATIS_ADMIN=44013, RATIS_SERVER=44013, STANDALONE=41573], networkLocation: /default-rack, certSerialId: null, persistedOpState: IN_SERVICE, persistedOpStateExpiryEpochSec: 0}, ReplicationConfig: RATIS/ONE, State:OPEN, leaderId:728f99e8-418e-4b00-b2e8-36f688b477dd, CreationTimestamp2022-03-07T09:50:53.402Z[Etc/UTC]] moved to CLOSED state
2022-03-07 09:52:14,621 [EventQueue-CloseContainerForCloseContainerEventHandler] INFO  container.CloseContainerEventHandler (CloseContainerEventHandler.java:onMessage(69)) - Close container Event triggered for container : #2
2022-03-07 09:52:15,079 [ForkJoinPool.commonPool-worker-1] INFO  statemachine.DatanodeStateMachine (DatanodeStateMachine.java:stopDaemon(529)) - Ozone container server stopped.
2022-03-07 09:52:15,083 [ForkJoinPool.commonPool-worker-1] INFO  handler.ContextHandler (ContextHandler.java:doStop(1153)) - Stopped o.e.j.w.WebAppContext@688a1a9f{hddsDatanode,/,null,STOPPED}{jar:file:/home/runner/.m2/repository/org/apache/ozone/hdds-container-service/1.3.0-SNAPSHOT/hdds-container-service-1.3.0-SNAPSHOT.jar!/webapps/hddsDatanode}
2022-03-07 09:52:15,083 [ForkJoinPool.commonPool-worker-1] INFO  server.AbstractConnector (AbstractConnector.java:doStop(381)) - Stopped ServerConnector@739a5e35{HTTP/1.1, (http/1.1)}{0.0.0.0:37315}
2022-03-07 09:52:15,083 [ForkJoinPool.commonPool-worker-1] INFO  server.session (HouseKeeper.java:stopScavenging(149)) - node0 Stopped scavenging
2022-03-07 09:52:15,083 [ForkJoinPool.commonPool-worker-1] INFO  handler.ContextHandler (ContextHandler.java:doStop(1153)) - Stopped o.e.j.s.ServletContextHandler@492c018d{static,/static,jar:file:/home/runner/.m2/repository/org/apache/ozone/hdds-container-service/1.3.0-SNAPSHOT/hdds-container-service-1.3.0-SNAPSHOT.jar!/webapps/static,STOPPED}
2022-03-07 09:52:15,083 [ForkJoinPool.commonPool-worker-1] INFO  handler.ContextHandler (ContextHandler.java:doStop(1153)) - Stopped o.e.j.s.ServletContextHandler@315a9365{logs,/logs,file:///home/runner/work/ozone/ozone/hadoop-ozone/integration-test/target/log,STOPPED}
2022-03-07 09:52:15,251 [Command processor thread] INFO  server.RaftServer (RaftServerProxy.java:remove(106)) - 79ee019c-6239-4f85-9f3b-dddcaaaeb0fb: remove  FOLLOWER 79ee019c-6239-4f85-9f3b-dddcaaaeb0fb@group-993C76073EC3:t2, leader=728f99e8-418e-4b00-b2e8-36f688b477dd, voted=728f99e8-418e-4b00-b2e8-36f688b477dd, raftlog=79ee019c-6239-4f85-9f3b-dddcaaaeb0fb@group-993C76073EC3-SegmentedRaftLog:OPENED:c0, conf=0: [728f99e8-418e-4b00-b2e8-36f688b477dd|rpc:10.1.0.49:44013|dataStream:|priority:0, 616d314c-ba0d-49c9-8f1d-797448dad8fd|rpc:10.1.0.49:39129|dataStream:|priority:1, 79ee019c-6239-4f85-9f3b-dddcaaaeb0fb|rpc:10.1.0.49:41163|dataStream:|priority:0], old=null RUNNING
2022-03-07 09:52:15,251 [Command processor thread] INFO  server.RaftServer$Division (RaftServerImpl.java:lambda$close$4(412)) - 79ee019c-6239-4f85-9f3b-dddcaaaeb0fb@group-993C76073EC3: shutdown
2022-03-07 09:52:15,251 [Command processor thread] INFO  util.JmxRegister (JmxRegister.java:unregister(73)) - Successfully un-registered JMX Bean with object name Ratis:service=RaftServer,group=group-993C76073EC3,id=79ee019c-6239-4f85-9f3b-dddcaaaeb0fb
2022-03-07 09:52:15,251 [Command processor thread] INFO  impl.RoleInfo (RoleInfo.java:shutdownFollowerState(108)) - 79ee019c-6239-4f85-9f3b-dddcaaaeb0fb: shutdown 79ee019c-6239-4f85-9f3b-dddcaaaeb0fb@group-993C76073EC3-FollowerState
2022-03-07 09:52:15,252 [Command processor thread] INFO  impl.StateMachineUpdater (StateMachineUpdater.java:stopAndJoin(149)) - 79ee019c-6239-4f85-9f3b-dddcaaaeb0fb@group-993C76073EC3-StateMachineUpdater: set stopIndex = 0
2022-03-07 09:52:15,252 [79ee019c-6239-4f85-9f3b-dddcaaaeb0fb@group-993C76073EC3-FollowerState] INFO  impl.FollowerState (FollowerState.java:run(143)) - 79ee019c-6239-4f85-9f3b-dddcaaaeb0fb@group-993C76073EC3-FollowerState was interrupted: {}
java.lang.InterruptedException: sleep interrupted
	at java.lang.Thread.sleep(Native Method)
	at java.lang.Thread.sleep(Thread.java:342)
	at java.util.concurrent.TimeUnit.sleep(TimeUnit.java:386)
	at org.apache.ratis.util.TimeDuration.sleep(TimeDuration.java:324)
	at org.apache.ratis.util.TimeDuration.sleep(TimeDuration.java:309)
	at org.apache.ratis.server.impl.FollowerState.run(FollowerState.java:118)
2022-03-07 09:52:15,252 [79ee019c-6239-4f85-9f3b-dddcaaaeb0fb@group-993C76073EC3-StateMachineUpdater] INFO  ratis.ContainerStateMachine (ContainerStateMachine.java:takeSnapshot(304)) - group-993C76073EC3: Taking a snapshot at:(t:2, i:0) file /home/runner/work/ozone/ozone/hadoop-ozone/integration-test/target/test-dir/MiniOzoneClusterImpl-4c099742-f0a8-499d-a606-d482764d36d7/datanode-6/data/ratis/110c5adc-eefa-440f-b852-993c76073ec3/sm/snapshot.2_0
2022-03-07 09:52:15,256 [79ee019c-6239-4f85-9f3b-dddcaaaeb0fb@group-993C76073EC3-StateMachineUpdater] INFO  ratis.ContainerStateMachine (ContainerStateMachine.java:takeSnapshot(315)) - group-993C76073EC3: Finished taking a snapshot at:(t:2, i:0) file:/home/runner/work/ozone/ozone/hadoop-ozone/integration-test/target/test-dir/MiniOzoneClusterImpl-4c099742-f0a8-499d-a606-d482764d36d7/datanode-6/data/ratis/110c5adc-eefa-440f-b852-993c76073ec3/sm/snapshot.2_0 took: 3 ms
2022-03-07 09:52:15,256 [79ee019c-6239-4f85-9f3b-dddcaaaeb0fb@group-993C76073EC3-StateMachineUpdater] INFO  impl.StateMachineUpdater (StateMachineUpdater.java:takeSnapshot(281)) - 79ee019c-6239-4f85-9f3b-dddcaaaeb0fb@group-993C76073EC3-StateMachineUpdater: Took a snapshot at index 0
2022-03-07 09:52:15,256 [79ee019c-6239-4f85-9f3b-dddcaaaeb0fb@group-993C76073EC3-StateMachineUpdater] INFO  impl.StateMachineUpdater (StateMachineUpdater.java:lambda$new$0(89)) - 79ee019c-6239-4f85-9f3b-dddcaaaeb0fb@group-993C76073EC3-StateMachineUpdater: snapshotIndex: updateIncreasingly -1 -> 0
2022-03-07 09:52:15,256 [Command processor thread] INFO  server.RaftServer$Division (ServerState.java:close(419)) - 79ee019c-6239-4f85-9f3b-dddcaaaeb0fb@group-993C76073EC3: closes. applyIndex: 0
2022-03-07 09:52:15,257 [79ee019c-6239-4f85-9f3b-dddcaaaeb0fb@group-993C76073EC3-SegmentedRaftLogWorker] INFO  segmented.SegmentedRaftLogWorker (SegmentedRaftLogWorker.java:run(327)) - 79ee019c-6239-4f85-9f3b-dddcaaaeb0fb@group-993C76073EC3-SegmentedRaftLogWorker was interrupted, exiting. There are 0 tasks remaining in the queue.
2022-03-07 09:52:15,257 [Command processor thread] INFO  segmented.SegmentedRaftLogWorker (SegmentedRaftLogWorker.java:close(237)) - 79ee019c-6239-4f85-9f3b-dddcaaaeb0fb@group-993C76073EC3-SegmentedRaftLogWorker close()
2022-03-07 09:52:15,257 [Command processor thread] INFO  server.RaftServer$Division (RaftServerImpl.java:groupRemove(382)) - 79ee019c-6239-4f85-9f3b-dddcaaaeb0fb@group-993C76073EC3: Succeed to remove RaftStorageDirectory Storage Directory /home/runner/work/ozone/ozone/hadoop-ozone/integration-test/target/test-dir/MiniOzoneClusterImpl-4c099742-f0a8-499d-a606-d482764d36d7/datanode-6/data/ratis/110c5adc-eefa-440f-b852-993c76073ec3
2022-03-07 09:52:15,258 [Command processor thread] INFO  commandhandler.ClosePipelineCommandHandler (ClosePipelineCommandHandler.java:handle(78)) - Close Pipeline PipelineID=110c5adc-eefa-440f-b852-993c76073ec3 command on datanode 79ee019c-6239-4f85-9f3b-dddcaaaeb0fb.
2022-03-07 09:52:15,272 [Listener at 127.0.0.1/40579] INFO  statemachine.DatanodeStateMachine (DatanodeStateMachine.java:stopDaemon(529)) - Ozone container server stopped.
2022-03-07 09:52:15,272 [Listener at 127.0.0.1/40579] INFO  handler.ContextHandler (ContextHandler.java:doStop(1153)) - Stopped o.e.j.w.WebAppContext@19208cf1{hddsDatanode,/,null,STOPPED}{jar:file:/home/runner/.m2/repository/org/apache/ozone/hdds-container-service/1.3.0-SNAPSHOT/hdds-container-service-1.3.0-SNAPSHOT.jar!/webapps/hddsDatanode}
2022-03-07 09:52:15,276 [Listener at 127.0.0.1/40579] INFO  server.AbstractConnector (AbstractConnector.java:doStop(381)) - Stopped ServerConnector@600bf52a{HTTP/1.1, (http/1.1)}{0.0.0.0:0}
2022-03-07 09:52:15,276 [Listener at 127.0.0.1/40579] INFO  server.session (HouseKeeper.java:stopScavenging(149)) - node0 Stopped scavenging
2022-03-07 09:52:15,276 [Listener at 127.0.0.1/40579] INFO  handler.ContextHandler (ContextHandler.java:doStop(1153)) - Stopped o.e.j.s.ServletContextHandler@690265ee{static,/static,jar:file:/home/runner/.m2/repository/org/apache/ozone/hdds-container-service/1.3.0-SNAPSHOT/hdds-container-service-1.3.0-SNAPSHOT.jar!/webapps/static,STOPPED}
2022-03-07 09:52:15,276 [Listener at 127.0.0.1/40579] INFO  handler.ContextHandler (ContextHandler.java:doStop(1153)) - Stopped o.e.j.s.ServletContextHandler@3de689aa{logs,/logs,file:///home/runner/work/ozone/ozone/hadoop-ozone/integration-test/target/log,STOPPED}
2022-03-07 09:52:15,336 [grpc-default-executor-2] WARN  server.GrpcLogAppender (LogUtils.java:warn(122)) - edf60a86-ae5b-4f71-bc37-25062be06587@group-5B77DECE4517->84008c31-6636-4a62-b386-f7fb7e7ffddc-AppendLogResponseHandler: Failed appendEntries: org.apache.ratis.thirdparty.io.grpc.StatusRuntimeException: UNAVAILABLE: io exception
2022-03-07 09:52:15,336 [grpc-default-executor-2] WARN  server.GrpcLogAppender (GrpcLogAppender.java:resetClient(110)) - edf60a86-ae5b-4f71-bc37-25062be06587@group-5B77DECE4517->84008c31-6636-4a62-b386-f7fb7e7ffddc-GrpcLogAppender: Leader has not got in touch with Follower edf60a86-ae5b-4f71-bc37-25062be06587@group-5B77DECE4517->84008c31-6636-4a62-b386-f7fb7e7ffddc(c-1,m0,n3, attendVote=true, lastRpcSendTime=2545, lastRpcResponseTime=15462) yet, just keep nextIndex unchanged and retry.
2022-03-07 09:52:16,110 [grpc-default-executor-2] WARN  server.GrpcLogAppender (LogUtils.java:warn(122)) - 7fca689d-043b-47bb-bf18-12adf35ba2bc@group-B74B02AAA056->84008c31-6636-4a62-b386-f7fb7e7ffddc-AppendLogResponseHandler: Failed appendEntries: org.apache.ratis.thirdparty.io.grpc.StatusRuntimeException: UNAVAILABLE: io exception
2022-03-07 09:52:16,111 [grpc-default-executor-2] WARN  server.GrpcLogAppender (GrpcLogAppender.java:resetClient(110)) - 7fca689d-043b-47bb-bf18-12adf35ba2bc@group-B74B02AAA056->84008c31-6636-4a62-b386-f7fb7e7ffddc-GrpcLogAppender: Leader has not got in touch with Follower 7fca689d-043b-47bb-bf18-12adf35ba2bc@group-B74B02AAA056->84008c31-6636-4a62-b386-f7fb7e7ffddc(c0,m0,n1, attendVote=true, lastRpcSendTime=2, lastRpcResponseTime=17574) yet, just keep nextIndex unchanged and retry.
2022-03-07 09:52:16,112 [Command processor thread] INFO  server.RaftServer (RaftServerProxy.java:remove(106)) - edf60a86-ae5b-4f71-bc37-25062be06587: remove    LEADER edf60a86-ae5b-4f71-bc37-25062be06587@group-7EB04D50015F:t2, leader=edf60a86-ae5b-4f71-bc37-25062be06587, voted=edf60a86-ae5b-4f71-bc37-25062be06587, raftlog=edf60a86-ae5b-4f71-bc37-25062be06587@group-7EB04D50015F-SegmentedRaftLog:OPENED:c0, conf=0: [edf60a86-ae5b-4f71-bc37-25062be06587|rpc:10.1.0.49:38621|dataStream:|priority:1, 7fca689d-043b-47bb-bf18-12adf35ba2bc|rpc:10.1.0.49:42461|dataStream:|priority:0, 84008c31-6636-4a62-b386-f7fb7e7ffddc|rpc:10.1.0.49:44263|dataStream:|priority:0], old=null RUNNING
2022-03-07 09:52:16,112 [Command processor thread] INFO  server.RaftServer$Division (RaftServerImpl.java:lambda$close$4(412)) - edf60a86-ae5b-4f71-bc37-25062be06587@group-7EB04D50015F: shutdown
2022-03-07 09:52:16,112 [Command processor thread] INFO  util.JmxRegister (JmxRegister.java:unregister(73)) - Successfully un-registered JMX Bean with object name Ratis:service=RaftServer,group=group-7EB04D50015F,id=edf60a86-ae5b-4f71-bc37-25062be06587
2022-03-07 09:52:16,112 [Command processor thread] INFO  impl.RoleInfo (RoleInfo.java:shutdownLeaderState(91)) - edf60a86-ae5b-4f71-bc37-25062be06587: shutdown edf60a86-ae5b-4f71-bc37-25062be06587@group-7EB04D50015F-LeaderStateImpl
2022-03-07 09:52:16,113 [Command processor thread] INFO  impl.PendingRequests (PendingRequests.java:sendNotLeaderResponses(282)) - edf60a86-ae5b-4f71-bc37-25062be06587@group-7EB04D50015F-PendingRequests: sendNotLeaderResponses
2022-03-07 09:52:16,113 [Command processor thread] INFO  impl.StateMachineUpdater (StateMachineUpdater.java:stopAndJoin(149)) - edf60a86-ae5b-4f71-bc37-25062be06587@group-7EB04D50015F-StateMachineUpdater: set stopIndex = 0
2022-03-07 09:52:16,113 [edf60a86-ae5b-4f71-bc37-25062be06587@group-7EB04D50015F->7fca689d-043b-47bb-bf18-12adf35ba2bc-GrpcLogAppender-LogAppenderDaemon] WARN  server.GrpcLogAppender (GrpcLogAppender.java:mayWait(177)) - edf60a86-ae5b-4f71-bc37-25062be06587@group-7EB04D50015F->7fca689d-043b-47bb-bf18-12adf35ba2bc-GrpcLogAppender: Wait interrupted by java.lang.InterruptedException
2022-03-07 09:52:16,116 [edf60a86-ae5b-4f71-bc37-25062be06587@group-7EB04D50015F-StateMachineUpdater] INFO  ratis.ContainerStateMachine (ContainerStateMachine.java:takeSnapshot(304)) - group-7EB04D50015F: Taking a snapshot at:(t:2, i:0) file /home/runner/work/ozone/ozone/hadoop-ozone/integration-test/target/test-dir/MiniOzoneClusterImpl-4c099742-f0a8-499d-a606-d482764d36d7/datanode-5/data/ratis/c80e71a3-a3ae-4d9c-b7b4-7eb04d50015f/sm/snapshot.2_0
2022-03-07 09:52:16,117 [grpc-default-executor-2] INFO  server.GrpcServerProtocolService (GrpcServerProtocolService.java:onCompleted(140)) - 7fca689d-043b-47bb-bf18-12adf35ba2bc: Completed APPEND_ENTRIES, lastRequest: edf60a86-ae5b-4f71-bc37-25062be06587->7fca689d-043b-47bb-bf18-12adf35ba2bc#1-t2,previous=(t:0, i:0),leaderCommit=-1,initializing? true,entries: size=1, first=(t:2, i:0), CONFIGURATIONENTRY
2022-03-07 09:52:16,117 [grpc-default-executor-5] INFO  server.GrpcLogAppender (GrpcLogAppender.java:onCompleted(346)) - edf60a86-ae5b-4f71-bc37-25062be06587@group-7EB04D50015F->7fca689d-043b-47bb-bf18-12adf35ba2bc-AppendLogResponseHandler: follower responses appendEntries COMPLETED
2022-03-07 09:52:16,117 [grpc-default-executor-5] INFO  leader.FollowerInfo (FollowerInfoImpl.java:lambda$new$0(47)) - edf60a86-ae5b-4f71-bc37-25062be06587@group-7EB04D50015F->7fca689d-043b-47bb-bf18-12adf35ba2bc: nextIndex: updateUnconditionally 1 -> 0
2022-03-07 09:52:16,117 [edf60a86-ae5b-4f71-bc37-25062be06587@group-7EB04D50015F-StateMachineUpdater] INFO  ratis.ContainerStateMachine (ContainerStateMachine.java:takeSnapshot(315)) - group-7EB04D50015F: Finished taking a snapshot at:(t:2, i:0) file:/home/runner/work/ozone/ozone/hadoop-ozone/integration-test/target/test-dir/MiniOzoneClusterImpl-4c099742-f0a8-499d-a606-d482764d36d7/datanode-5/data/ratis/c80e71a3-a3ae-4d9c-b7b4-7eb04d50015f/sm/snapshot.2_0 took: 1 ms
2022-03-07 09:52:16,118 [edf60a86-ae5b-4f71-bc37-25062be06587@group-7EB04D50015F-StateMachineUpdater] INFO  impl.StateMachineUpdater (StateMachineUpdater.java:takeSnapshot(281)) - edf60a86-ae5b-4f71-bc37-25062be06587@group-7EB04D50015F-StateMachineUpdater: Took a snapshot at index 0
2022-03-07 09:52:16,118 [edf60a86-ae5b-4f71-bc37-25062be06587@group-7EB04D50015F-StateMachineUpdater] INFO  impl.StateMachineUpdater (StateMachineUpdater.java:lambda$new$0(89)) - edf60a86-ae5b-4f71-bc37-25062be06587@group-7EB04D50015F-StateMachineUpdater: snapshotIndex: updateIncreasingly -1 -> 0
2022-03-07 09:52:16,119 [Command processor thread] INFO  server.RaftServer$Division (ServerState.java:close(419)) - edf60a86-ae5b-4f71-bc37-25062be06587@group-7EB04D50015F: closes. applyIndex: 0
2022-03-07 09:52:16,119 [edf60a86-ae5b-4f71-bc37-25062be06587@group-7EB04D50015F-SegmentedRaftLogWorker] INFO  segmented.SegmentedRaftLogWorker (SegmentedRaftLogWorker.java:run(327)) - edf60a86-ae5b-4f71-bc37-25062be06587@group-7EB04D50015F-SegmentedRaftLogWorker was interrupted, exiting. There are 0 tasks remaining in the queue.
2022-03-07 09:52:16,120 [Command processor thread] INFO  segmented.SegmentedRaftLogWorker (SegmentedRaftLogWorker.java:close(237)) - edf60a86-ae5b-4f71-bc37-25062be06587@group-7EB04D50015F-SegmentedRaftLogWorker close()
2022-03-07 09:52:16,120 [Command processor thread] INFO  server.RaftServer$Division (RaftServerImpl.java:groupRemove(382)) - edf60a86-ae5b-4f71-bc37-25062be06587@group-7EB04D50015F: Succeed to remove RaftStorageDirectory Storage Directory /home/runner/work/ozone/ozone/hadoop-ozone/integration-test/target/test-dir/MiniOzoneClusterImpl-4c099742-f0a8-499d-a606-d482764d36d7/datanode-5/data/ratis/c80e71a3-a3ae-4d9c-b7b4-7eb04d50015f
2022-03-07 09:52:16,120 [Command processor thread] INFO  commandhandler.ClosePipelineCommandHandler (ClosePipelineCommandHandler.java:handle(78)) - Close Pipeline PipelineID=c80e71a3-a3ae-4d9c-b7b4-7eb04d50015f command on datanode edf60a86-ae5b-4f71-bc37-25062be06587.
2022-03-07 09:52:16,120 [Command processor thread] INFO  server.RaftServer (RaftServerProxy.java:remove(106)) - edf60a86-ae5b-4f71-bc37-25062be06587: remove  FOLLOWER edf60a86-ae5b-4f71-bc37-25062be06587@group-B74B02AAA056:t1, leader=7fca689d-043b-47bb-bf18-12adf35ba2bc, voted=7fca689d-043b-47bb-bf18-12adf35ba2bc, raftlog=edf60a86-ae5b-4f71-bc37-25062be06587@group-B74B02AAA056-SegmentedRaftLog:OPENED:c0, conf=0: [edf60a86-ae5b-4f71-bc37-25062be06587|rpc:10.1.0.49:38621|dataStream:|priority:0, 7fca689d-043b-47bb-bf18-12adf35ba2bc|rpc:10.1.0.49:42461|dataStream:|priority:1, 84008c31-6636-4a62-b386-f7fb7e7ffddc|rpc:10.1.0.49:44263|dataStream:|priority:0], old=null RUNNING
2022-03-07 09:52:16,121 [Command processor thread] INFO  server.RaftServer$Division (RaftServerImpl.java:lambda$close$4(412)) - edf60a86-ae5b-4f71-bc37-25062be06587@group-B74B02AAA056: shutdown
2022-03-07 09:52:16,121 [Command processor thread] INFO  util.JmxRegister (JmxRegister.java:unregister(73)) - Successfully un-registered JMX Bean with object name Ratis:service=RaftServer,group=group-B74B02AAA056,id=edf60a86-ae5b-4f71-bc37-25062be06587
2022-03-07 09:52:16,121 [Command processor thread] INFO  impl.RoleInfo (RoleInfo.java:shutdownFollowerState(108)) - edf60a86-ae5b-4f71-bc37-25062be06587: shutdown edf60a86-ae5b-4f71-bc37-25062be06587@group-B74B02AAA056-FollowerState
2022-03-07 09:52:16,121 [Command processor thread] INFO  impl.StateMachineUpdater (StateMachineUpdater.java:stopAndJoin(149)) - edf60a86-ae5b-4f71-bc37-25062be06587@group-B74B02AAA056-StateMachineUpdater: set stopIndex = 0
2022-03-07 09:52:16,122 [edf60a86-ae5b-4f71-bc37-25062be06587@group-B74B02AAA056-FollowerState] INFO  impl.FollowerState (FollowerState.java:run(143)) - edf60a86-ae5b-4f71-bc37-25062be06587@group-B74B02AAA056-FollowerState was interrupted: {}
java.lang.InterruptedException: sleep interrupted
	at java.lang.Thread.sleep(Native Method)
	at java.lang.Thread.sleep(Thread.java:342)
	at java.util.concurrent.TimeUnit.sleep(TimeUnit.java:386)
	at org.apache.ratis.util.TimeDuration.sleep(TimeDuration.java:324)
	at org.apache.ratis.util.TimeDuration.sleep(TimeDuration.java:309)
	at org.apache.ratis.server.impl.FollowerState.run(FollowerState.java:118)
2022-03-07 09:52:16,123 [edf60a86-ae5b-4f71-bc37-25062be06587@group-B74B02AAA056-StateMachineUpdater] INFO  ratis.ContainerStateMachine (ContainerStateMachine.java:takeSnapshot(304)) - group-B74B02AAA056: Taking a snapshot at:(t:1, i:0) file /home/runner/work/ozone/ozone/hadoop-ozone/integration-test/target/test-dir/MiniOzoneClusterImpl-4c099742-f0a8-499d-a606-d482764d36d7/datanode-5/data/ratis/5b1c4279-099c-4815-8e9c-b74b02aaa056/sm/snapshot.1_0
2022-03-07 09:52:16,127 [edf60a86-ae5b-4f71-bc37-25062be06587@group-B74B02AAA056-StateMachineUpdater] INFO  ratis.ContainerStateMachine (ContainerStateMachine.java:takeSnapshot(315)) - group-B74B02AAA056: Finished taking a snapshot at:(t:1, i:0) file:/home/runner/work/ozone/ozone/hadoop-ozone/integration-test/target/test-dir/MiniOzoneClusterImpl-4c099742-f0a8-499d-a606-d482764d36d7/datanode-5/data/ratis/5b1c4279-099c-4815-8e9c-b74b02aaa056/sm/snapshot.1_0 took: 5 ms
2022-03-07 09:52:16,128 [edf60a86-ae5b-4f71-bc37-25062be06587@group-B74B02AAA056-StateMachineUpdater] INFO  impl.StateMachineUpdater (StateMachineUpdater.java:takeSnapshot(281)) - edf60a86-ae5b-4f71-bc37-25062be06587@group-B74B02AAA056-StateMachineUpdater: Took a snapshot at index 0
2022-03-07 09:52:16,128 [edf60a86-ae5b-4f71-bc37-25062be06587@group-B74B02AAA056-StateMachineUpdater] INFO  impl.StateMachineUpdater (StateMachineUpdater.java:lambda$new$0(89)) - edf60a86-ae5b-4f71-bc37-25062be06587@group-B74B02AAA056-StateMachineUpdater: snapshotIndex: updateIncreasingly -1 -> 0
2022-03-07 09:52:16,128 [Command processor thread] INFO  server.RaftServer$Division (ServerState.java:close(419)) - edf60a86-ae5b-4f71-bc37-25062be06587@group-B74B02AAA056: closes. applyIndex: 0
2022-03-07 09:52:16,128 [edf60a86-ae5b-4f71-bc37-25062be06587@group-B74B02AAA056-SegmentedRaftLogWorker] INFO  segmented.SegmentedRaftLogWorker (SegmentedRaftLogWorker.java:run(327)) - edf60a86-ae5b-4f71-bc37-25062be06587@group-B74B02AAA056-SegmentedRaftLogWorker was interrupted, exiting. There are 0 tasks remaining in the queue.
2022-03-07 09:52:16,128 [Command processor thread] INFO  segmented.SegmentedRaftLogWorker (SegmentedRaftLogWorker.java:close(237)) - edf60a86-ae5b-4f71-bc37-25062be06587@group-B74B02AAA056-SegmentedRaftLogWorker close()
2022-03-07 09:52:16,129 [Command processor thread] INFO  server.RaftServer$Division (RaftServerImpl.java:groupRemove(382)) - edf60a86-ae5b-4f71-bc37-25062be06587@group-B74B02AAA056: Succeed to remove RaftStorageDirectory Storage Directory /home/runner/work/ozone/ozone/hadoop-ozone/integration-test/target/test-dir/MiniOzoneClusterImpl-4c099742-f0a8-499d-a606-d482764d36d7/datanode-5/data/ratis/5b1c4279-099c-4815-8e9c-b74b02aaa056
2022-03-07 09:52:16,129 [Command processor thread] INFO  commandhandler.ClosePipelineCommandHandler (ClosePipelineCommandHandler.java:handle(78)) - Close Pipeline PipelineID=5b1c4279-099c-4815-8e9c-b74b02aaa056 command on datanode edf60a86-ae5b-4f71-bc37-25062be06587.
2022-03-07 09:52:16,129 [Command processor thread] INFO  server.RaftServer (RaftServerProxy.java:remove(106)) - edf60a86-ae5b-4f71-bc37-25062be06587: remove    LEADER edf60a86-ae5b-4f71-bc37-25062be06587@group-5B77DECE4517:t5, leader=edf60a86-ae5b-4f71-bc37-25062be06587, voted=edf60a86-ae5b-4f71-bc37-25062be06587, raftlog=edf60a86-ae5b-4f71-bc37-25062be06587@group-5B77DECE4517-SegmentedRaftLog:OPENED:c2, conf=1: [edf60a86-ae5b-4f71-bc37-25062be06587|rpc:10.1.0.49:38621|dataStream:|priority:0, 7fca689d-043b-47bb-bf18-12adf35ba2bc|rpc:10.1.0.49:42461|dataStream:|priority:0, 84008c31-6636-4a62-b386-f7fb7e7ffddc|rpc:10.1.0.49:44263|dataStream:|priority:1], old=null RUNNING
2022-03-07 09:52:16,129 [Command processor thread] INFO  server.RaftServer$Division (RaftServerImpl.java:lambda$close$4(412)) - edf60a86-ae5b-4f71-bc37-25062be06587@group-5B77DECE4517: shutdown
2022-03-07 09:52:16,129 [Command processor thread] INFO  util.JmxRegister (JmxRegister.java:unregister(73)) - Successfully un-registered JMX Bean with object name Ratis:service=RaftServer,group=group-5B77DECE4517,id=edf60a86-ae5b-4f71-bc37-25062be06587
2022-03-07 09:52:16,129 [Command processor thread] INFO  impl.RoleInfo (RoleInfo.java:shutdownLeaderState(91)) - edf60a86-ae5b-4f71-bc37-25062be06587: shutdown edf60a86-ae5b-4f71-bc37-25062be06587@group-5B77DECE4517-LeaderStateImpl
2022-03-07 09:52:16,129 [edf60a86-ae5b-4f71-bc37-25062be06587@group-5B77DECE4517->7fca689d-043b-47bb-bf18-12adf35ba2bc-GrpcLogAppender-LogAppenderDaemon] WARN  server.GrpcLogAppender (GrpcLogAppender.java:mayWait(177)) - edf60a86-ae5b-4f71-bc37-25062be06587@group-5B77DECE4517->7fca689d-043b-47bb-bf18-12adf35ba2bc-GrpcLogAppender: Wait interrupted by java.lang.InterruptedException
2022-03-07 09:52:16,130 [grpc-default-executor-5] INFO  server.GrpcServerProtocolService (GrpcServerProtocolService.java:onCompleted(140)) - 7fca689d-043b-47bb-bf18-12adf35ba2bc: Completed APPEND_ENTRIES, lastRequest: edf60a86-ae5b-4f71-bc37-25062be06587->7fca689d-043b-47bb-bf18-12adf35ba2bc#2-t5,previous=(t:5, i:1),leaderCommit=1,initializing? true,entries: size=1, first=(t:5, i:2), METADATAENTRY(c:1)
2022-03-07 09:52:16,130 [Command processor thread] INFO  impl.PendingRequests (PendingRequests.java:sendNotLeaderResponses(282)) - edf60a86-ae5b-4f71-bc37-25062be06587@group-5B77DECE4517-PendingRequests: sendNotLeaderResponses
2022-03-07 09:52:16,130 [grpc-default-executor-2] INFO  server.GrpcLogAppender (GrpcLogAppender.java:onCompleted(346)) - edf60a86-ae5b-4f71-bc37-25062be06587@group-5B77DECE4517->7fca689d-043b-47bb-bf18-12adf35ba2bc-AppendLogResponseHandler: follower responses appendEntries COMPLETED
2022-03-07 09:52:16,132 [grpc-default-executor-2] INFO  leader.FollowerInfo (FollowerInfoImpl.java:lambda$new$0(47)) - edf60a86-ae5b-4f71-bc37-25062be06587@group-5B77DECE4517->7fca689d-043b-47bb-bf18-12adf35ba2bc: nextIndex: updateUnconditionally 3 -> 2
2022-03-07 09:52:16,134 [edf60a86-ae5b-4f71-bc37-25062be06587@group-5B77DECE4517-StateMachineUpdater] INFO  ratis.ContainerStateMachine (ContainerStateMachine.java:takeSnapshot(304)) - group-5B77DECE4517: Taking a snapshot at:(t:5, i:2) file /home/runner/work/ozone/ozone/hadoop-ozone/integration-test/target/test-dir/MiniOzoneClusterImpl-4c099742-f0a8-499d-a606-d482764d36d7/datanode-5/data/ratis/27d35f41-3a25-4561-aa12-5b77dece4517/sm/snapshot.5_2
2022-03-07 09:52:16,135 [Command processor thread] INFO  impl.StateMachineUpdater (StateMachineUpdater.java:stopAndJoin(149)) - edf60a86-ae5b-4f71-bc37-25062be06587@group-5B77DECE4517-StateMachineUpdater: set stopIndex = 2
2022-03-07 09:52:16,135 [edf60a86-ae5b-4f71-bc37-25062be06587@group-5B77DECE4517-StateMachineUpdater] INFO  ratis.ContainerStateMachine (ContainerStateMachine.java:takeSnapshot(315)) - group-5B77DECE4517: Finished taking a snapshot at:(t:5, i:2) file:/home/runner/work/ozone/ozone/hadoop-ozone/integration-test/target/test-dir/MiniOzoneClusterImpl-4c099742-f0a8-499d-a606-d482764d36d7/datanode-5/data/ratis/27d35f41-3a25-4561-aa12-5b77dece4517/sm/snapshot.5_2 took: 1 ms
2022-03-07 09:52:16,135 [edf60a86-ae5b-4f71-bc37-25062be06587@group-5B77DECE4517-StateMachineUpdater] INFO  impl.StateMachineUpdater (StateMachineUpdater.java:takeSnapshot(281)) - edf60a86-ae5b-4f71-bc37-25062be06587@group-5B77DECE4517-StateMachineUpdater: Took a snapshot at index 2
2022-03-07 09:52:16,135 [edf60a86-ae5b-4f71-bc37-25062be06587@group-5B77DECE4517-StateMachineUpdater] INFO  impl.StateMachineUpdater (StateMachineUpdater.java:lambda$new$0(89)) - edf60a86-ae5b-4f71-bc37-25062be06587@group-5B77DECE4517-StateMachineUpdater: snapshotIndex: updateIncreasingly -1 -> 2
2022-03-07 09:52:16,142 [Command processor thread] INFO  server.RaftServer$Division (ServerState.java:close(419)) - edf60a86-ae5b-4f71-bc37-25062be06587@group-5B77DECE4517: closes. applyIndex: 2
2022-03-07 09:52:16,142 [edf60a86-ae5b-4f71-bc37-25062be06587@group-5B77DECE4517-SegmentedRaftLogWorker] INFO  segmented.SegmentedRaftLogWorker (SegmentedRaftLogWorker.java:run(327)) - edf60a86-ae5b-4f71-bc37-25062be06587@group-5B77DECE4517-SegmentedRaftLogWorker was interrupted, exiting. There are 0 tasks remaining in the queue.
2022-03-07 09:52:16,142 [Command processor thread] INFO  segmented.SegmentedRaftLogWorker (SegmentedRaftLogWorker.java:close(237)) - edf60a86-ae5b-4f71-bc37-25062be06587@group-5B77DECE4517-SegmentedRaftLogWorker close()
2022-03-07 09:52:16,142 [Command processor thread] INFO  server.RaftServer$Division (RaftServerImpl.java:groupRemove(382)) - edf60a86-ae5b-4f71-bc37-25062be06587@group-5B77DECE4517: Succeed to remove RaftStorageDirectory Storage Directory /home/runner/work/ozone/ozone/hadoop-ozone/integration-test/target/test-dir/MiniOzoneClusterImpl-4c099742-f0a8-499d-a606-d482764d36d7/datanode-5/data/ratis/27d35f41-3a25-4561-aa12-5b77dece4517
2022-03-07 09:52:16,142 [Command processor thread] INFO  commandhandler.ClosePipelineCommandHandler (ClosePipelineCommandHandler.java:handle(78)) - Close Pipeline PipelineID=27d35f41-3a25-4561-aa12-5b77dece4517 command on datanode edf60a86-ae5b-4f71-bc37-25062be06587.
2022-03-07 09:52:16,166 [Command processor thread] INFO  server.RaftServer (RaftServerProxy.java:remove(106)) - 7fca689d-043b-47bb-bf18-12adf35ba2bc: remove  FOLLOWER 7fca689d-043b-47bb-bf18-12adf35ba2bc@group-7EB04D50015F:t2, leader=edf60a86-ae5b-4f71-bc37-25062be06587, voted=edf60a86-ae5b-4f71-bc37-25062be06587, raftlog=7fca689d-043b-47bb-bf18-12adf35ba2bc@group-7EB04D50015F-SegmentedRaftLog:OPENED:c0, conf=0: [edf60a86-ae5b-4f71-bc37-25062be06587|rpc:10.1.0.49:38621|dataStream:|priority:1, 7fca689d-043b-47bb-bf18-12adf35ba2bc|rpc:10.1.0.49:42461|dataStream:|priority:0, 84008c31-6636-4a62-b386-f7fb7e7ffddc|rpc:10.1.0.49:44263|dataStream:|priority:0], old=null RUNNING
2022-03-07 09:52:16,166 [Command processor thread] INFO  server.RaftServer$Division (RaftServerImpl.java:lambda$close$4(412)) - 7fca689d-043b-47bb-bf18-12adf35ba2bc@group-7EB04D50015F: shutdown
2022-03-07 09:52:16,167 [Command processor thread] INFO  util.JmxRegister (JmxRegister.java:unregister(73)) - Successfully un-registered JMX Bean with object name Ratis:service=RaftServer,group=group-7EB04D50015F,id=7fca689d-043b-47bb-bf18-12adf35ba2bc
2022-03-07 09:52:16,167 [Command processor thread] INFO  impl.RoleInfo (RoleInfo.java:shutdownFollowerState(108)) - 7fca689d-043b-47bb-bf18-12adf35ba2bc: shutdown 7fca689d-043b-47bb-bf18-12adf35ba2bc@group-7EB04D50015F-FollowerState
2022-03-07 09:52:16,167 [Command processor thread] INFO  impl.StateMachineUpdater (StateMachineUpdater.java:stopAndJoin(149)) - 7fca689d-043b-47bb-bf18-12adf35ba2bc@group-7EB04D50015F-StateMachineUpdater: set stopIndex = 0
2022-03-07 09:52:16,167 [7fca689d-043b-47bb-bf18-12adf35ba2bc@group-7EB04D50015F-FollowerState] INFO  impl.FollowerState (FollowerState.java:run(143)) - 7fca689d-043b-47bb-bf18-12adf35ba2bc@group-7EB04D50015F-FollowerState was interrupted: {}
java.lang.InterruptedException: sleep interrupted
	at java.lang.Thread.sleep(Native Method)
	at java.lang.Thread.sleep(Thread.java:342)
	at java.util.concurrent.TimeUnit.sleep(TimeUnit.java:386)
	at org.apache.ratis.util.TimeDuration.sleep(TimeDuration.java:324)
	at org.apache.ratis.util.TimeDuration.sleep(TimeDuration.java:309)
	at org.apache.ratis.server.impl.FollowerState.run(FollowerState.java:118)
2022-03-07 09:52:16,167 [7fca689d-043b-47bb-bf18-12adf35ba2bc@group-7EB04D50015F-StateMachineUpdater] INFO  ratis.ContainerStateMachine (ContainerStateMachine.java:takeSnapshot(304)) - group-7EB04D50015F: Taking a snapshot at:(t:2, i:0) file /home/runner/work/ozone/ozone/hadoop-ozone/integration-test/target/test-dir/MiniOzoneClusterImpl-4c099742-f0a8-499d-a606-d482764d36d7/datanode-3/data/ratis/c80e71a3-a3ae-4d9c-b7b4-7eb04d50015f/sm/snapshot.2_0
2022-03-07 09:52:16,168 [7fca689d-043b-47bb-bf18-12adf35ba2bc@group-7EB04D50015F-StateMachineUpdater] INFO  ratis.ContainerStateMachine (ContainerStateMachine.java:takeSnapshot(315)) - group-7EB04D50015F: Finished taking a snapshot at:(t:2, i:0) file:/home/runner/work/ozone/ozone/hadoop-ozone/integration-test/target/test-dir/MiniOzoneClusterImpl-4c099742-f0a8-499d-a606-d482764d36d7/datanode-3/data/ratis/c80e71a3-a3ae-4d9c-b7b4-7eb04d50015f/sm/snapshot.2_0 took: 1 ms
2022-03-07 09:52:16,168 [7fca689d-043b-47bb-bf18-12adf35ba2bc@group-7EB04D50015F-StateMachineUpdater] INFO  impl.StateMachineUpdater (StateMachineUpdater.java:takeSnapshot(281)) - 7fca689d-043b-47bb-bf18-12adf35ba2bc@group-7EB04D50015F-StateMachineUpdater: Took a snapshot at index 0
2022-03-07 09:52:16,168 [7fca689d-043b-47bb-bf18-12adf35ba2bc@group-7EB04D50015F-StateMachineUpdater] INFO  impl.StateMachineUpdater (StateMachineUpdater.java:lambda$new$0(89)) - 7fca689d-043b-47bb-bf18-12adf35ba2bc@group-7EB04D50015F-StateMachineUpdater: snapshotIndex: updateIncreasingly -1 -> 0
2022-03-07 09:52:16,168 [Command processor thread] INFO  server.RaftServer$Division (ServerState.java:close(419)) - 7fca689d-043b-47bb-bf18-12adf35ba2bc@group-7EB04D50015F: closes. applyIndex: 0
2022-03-07 09:52:16,169 [7fca689d-043b-47bb-bf18-12adf35ba2bc@group-7EB04D50015F-SegmentedRaftLogWorker] INFO  segmented.SegmentedRaftLogWorker (SegmentedRaftLogWorker.java:run(327)) - 7fca689d-043b-47bb-bf18-12adf35ba2bc@group-7EB04D50015F-SegmentedRaftLogWorker was interrupted, exiting. There are 0 tasks remaining in the queue.
2022-03-07 09:52:16,169 [Command processor thread] INFO  segmented.SegmentedRaftLogWorker (SegmentedRaftLogWorker.java:close(237)) - 7fca689d-043b-47bb-bf18-12adf35ba2bc@group-7EB04D50015F-SegmentedRaftLogWorker close()
2022-03-07 09:52:16,169 [Command processor thread] INFO  server.RaftServer$Division (RaftServerImpl.java:groupRemove(382)) - 7fca689d-043b-47bb-bf18-12adf35ba2bc@group-7EB04D50015F: Succeed to remove RaftStorageDirectory Storage Directory /home/runner/work/ozone/ozone/hadoop-ozone/integration-test/target/test-dir/MiniOzoneClusterImpl-4c099742-f0a8-499d-a606-d482764d36d7/datanode-3/data/ratis/c80e71a3-a3ae-4d9c-b7b4-7eb04d50015f
2022-03-07 09:52:16,169 [Command processor thread] INFO  commandhandler.ClosePipelineCommandHandler (ClosePipelineCommandHandler.java:handle(78)) - Close Pipeline PipelineID=c80e71a3-a3ae-4d9c-b7b4-7eb04d50015f command on datanode 7fca689d-043b-47bb-bf18-12adf35ba2bc.
2022-03-07 09:52:16,169 [Command processor thread] INFO  server.RaftServer (RaftServerProxy.java:remove(106)) - 7fca689d-043b-47bb-bf18-12adf35ba2bc: remove    LEADER 7fca689d-043b-47bb-bf18-12adf35ba2bc@group-B74B02AAA056:t1, leader=7fca689d-043b-47bb-bf18-12adf35ba2bc, voted=7fca689d-043b-47bb-bf18-12adf35ba2bc, raftlog=7fca689d-043b-47bb-bf18-12adf35ba2bc@group-B74B02AAA056-SegmentedRaftLog:OPENED:c0, conf=0: [edf60a86-ae5b-4f71-bc37-25062be06587|rpc:10.1.0.49:38621|dataStream:|priority:0, 7fca689d-043b-47bb-bf18-12adf35ba2bc|rpc:10.1.0.49:42461|dataStream:|priority:1, 84008c31-6636-4a62-b386-f7fb7e7ffddc|rpc:10.1.0.49:44263|dataStream:|priority:0], old=null RUNNING
2022-03-07 09:52:16,170 [Command processor thread] INFO  server.RaftServer$Division (RaftServerImpl.java:lambda$close$4(412)) - 7fca689d-043b-47bb-bf18-12adf35ba2bc@group-B74B02AAA056: shutdown
2022-03-07 09:52:16,170 [Command processor thread] INFO  util.JmxRegister (JmxRegister.java:unregister(73)) - Successfully un-registered JMX Bean with object name Ratis:service=RaftServer,group=group-B74B02AAA056,id=7fca689d-043b-47bb-bf18-12adf35ba2bc
2022-03-07 09:52:16,170 [Command processor thread] INFO  impl.RoleInfo (RoleInfo.java:shutdownLeaderState(91)) - 7fca689d-043b-47bb-bf18-12adf35ba2bc: shutdown 7fca689d-043b-47bb-bf18-12adf35ba2bc@group-B74B02AAA056-LeaderStateImpl
2022-03-07 09:52:16,170 [7fca689d-043b-47bb-bf18-12adf35ba2bc@group-B74B02AAA056->edf60a86-ae5b-4f71-bc37-25062be06587-GrpcLogAppender-LogAppenderDaemon] WARN  server.GrpcLogAppender (GrpcLogAppender.java:mayWait(177)) - 7fca689d-043b-47bb-bf18-12adf35ba2bc@group-B74B02AAA056->edf60a86-ae5b-4f71-bc37-25062be06587-GrpcLogAppender: Wait interrupted by java.lang.InterruptedException
2022-03-07 09:52:16,170 [Command processor thread] INFO  impl.PendingRequests (PendingRequests.java:sendNotLeaderResponses(282)) - 7fca689d-043b-47bb-bf18-12adf35ba2bc@group-B74B02AAA056-PendingRequests: sendNotLeaderResponses
2022-03-07 09:52:16,170 [grpc-default-executor-2] INFO  server.GrpcServerProtocolService (GrpcServerProtocolService.java:onCompleted(140)) - edf60a86-ae5b-4f71-bc37-25062be06587: Completed APPEND_ENTRIES, lastRequest: 7fca689d-043b-47bb-bf18-12adf35ba2bc->edf60a86-ae5b-4f71-bc37-25062be06587#1-t1,previous=(t:0, i:0),leaderCommit=0,initializing? true,entries: size=1, first=(t:1, i:0), CONFIGURATIONENTRY
2022-03-07 09:52:16,171 [7fca689d-043b-47bb-bf18-12adf35ba2bc@group-B74B02AAA056-StateMachineUpdater] INFO  ratis.ContainerStateMachine (ContainerStateMachine.java:takeSnapshot(304)) - group-B74B02AAA056: Taking a snapshot at:(t:1, i:0) file /home/runner/work/ozone/ozone/hadoop-ozone/integration-test/target/test-dir/MiniOzoneClusterImpl-4c099742-f0a8-499d-a606-d482764d36d7/datanode-3/data/ratis/5b1c4279-099c-4815-8e9c-b74b02aaa056/sm/snapshot.1_0
2022-03-07 09:52:16,171 [Command processor thread] INFO  impl.StateMachineUpdater (StateMachineUpdater.java:stopAndJoin(149)) - 7fca689d-043b-47bb-bf18-12adf35ba2bc@group-B74B02AAA056-StateMachineUpdater: set stopIndex = 0
2022-03-07 09:52:16,171 [grpc-default-executor-5] INFO  server.GrpcLogAppender (GrpcLogAppender.java:onCompleted(346)) - 7fca689d-043b-47bb-bf18-12adf35ba2bc@group-B74B02AAA056->edf60a86-ae5b-4f71-bc37-25062be06587-AppendLogResponseHandler: follower responses appendEntries COMPLETED
2022-03-07 09:52:16,171 [grpc-default-executor-5] INFO  leader.FollowerInfo (FollowerInfoImpl.java:lambda$new$0(47)) - 7fca689d-043b-47bb-bf18-12adf35ba2bc@group-B74B02AAA056->edf60a86-ae5b-4f71-bc37-25062be06587: nextIndex: updateUnconditionally 1 -> 0
2022-03-07 09:52:16,171 [7fca689d-043b-47bb-bf18-12adf35ba2bc@group-B74B02AAA056-StateMachineUpdater] INFO  ratis.ContainerStateMachine (ContainerStateMachine.java:takeSnapshot(315)) - group-B74B02AAA056: Finished taking a snapshot at:(t:1, i:0) file:/home/runner/work/ozone/ozone/hadoop-ozone/integration-test/target/test-dir/MiniOzoneClusterImpl-4c099742-f0a8-499d-a606-d482764d36d7/datanode-3/data/ratis/5b1c4279-099c-4815-8e9c-b74b02aaa056/sm/snapshot.1_0 took: 1 ms
2022-03-07 09:52:16,172 [7fca689d-043b-47bb-bf18-12adf35ba2bc@group-B74B02AAA056-StateMachineUpdater] INFO  impl.StateMachineUpdater (StateMachineUpdater.java:takeSnapshot(281)) - 7fca689d-043b-47bb-bf18-12adf35ba2bc@group-B74B02AAA056-StateMachineUpdater: Took a snapshot at index 0
2022-03-07 09:52:16,172 [7fca689d-043b-47bb-bf18-12adf35ba2bc@group-B74B02AAA056-StateMachineUpdater] INFO  impl.StateMachineUpdater (StateMachineUpdater.java:lambda$new$0(89)) - 7fca689d-043b-47bb-bf18-12adf35ba2bc@group-B74B02AAA056-StateMachineUpdater: snapshotIndex: updateIncreasingly -1 -> 0
2022-03-07 09:52:16,172 [Command processor thread] INFO  server.RaftServer$Division (ServerState.java:close(419)) - 7fca689d-043b-47bb-bf18-12adf35ba2bc@group-B74B02AAA056: closes. applyIndex: 0
2022-03-07 09:52:16,172 [7fca689d-043b-47bb-bf18-12adf35ba2bc@group-B74B02AAA056-SegmentedRaftLogWorker] INFO  segmented.SegmentedRaftLogWorker (SegmentedRaftLogWorker.java:run(327)) - 7fca689d-043b-47bb-bf18-12adf35ba2bc@group-B74B02AAA056-SegmentedRaftLogWorker was interrupted, exiting. There are 0 tasks remaining in the queue.
2022-03-07 09:52:16,172 [Command processor thread] INFO  segmented.SegmentedRaftLogWorker (SegmentedRaftLogWorker.java:close(237)) - 7fca689d-043b-47bb-bf18-12adf35ba2bc@group-B74B02AAA056-SegmentedRaftLogWorker close()
2022-03-07 09:52:16,173 [Command processor thread] INFO  server.RaftServer$Division (RaftServerImpl.java:groupRemove(382)) - 7fca689d-043b-47bb-bf18-12adf35ba2bc@group-B74B02AAA056: Succeed to remove RaftStorageDirectory Storage Directory /home/runner/work/ozone/ozone/hadoop-ozone/integration-test/target/test-dir/MiniOzoneClusterImpl-4c099742-f0a8-499d-a606-d482764d36d7/datanode-3/data/ratis/5b1c4279-099c-4815-8e9c-b74b02aaa056
2022-03-07 09:52:16,173 [Command processor thread] INFO  commandhandler.ClosePipelineCommandHandler (ClosePipelineCommandHandler.java:handle(78)) - Close Pipeline PipelineID=5b1c4279-099c-4815-8e9c-b74b02aaa056 command on datanode 7fca689d-043b-47bb-bf18-12adf35ba2bc.
2022-03-07 09:52:16,173 [Command processor thread] INFO  server.RaftServer (RaftServerProxy.java:remove(106)) - 7fca689d-043b-47bb-bf18-12adf35ba2bc: remove  FOLLOWER 7fca689d-043b-47bb-bf18-12adf35ba2bc@group-5B77DECE4517:t5, leader=edf60a86-ae5b-4f71-bc37-25062be06587, voted=edf60a86-ae5b-4f71-bc37-25062be06587, raftlog=7fca689d-043b-47bb-bf18-12adf35ba2bc@group-5B77DECE4517-SegmentedRaftLog:OPENED:c2, conf=1: [edf60a86-ae5b-4f71-bc37-25062be06587|rpc:10.1.0.49:38621|dataStream:|priority:0, 7fca689d-043b-47bb-bf18-12adf35ba2bc|rpc:10.1.0.49:42461|dataStream:|priority:0, 84008c31-6636-4a62-b386-f7fb7e7ffddc|rpc:10.1.0.49:44263|dataStream:|priority:1], old=null RUNNING
2022-03-07 09:52:16,173 [Command processor thread] INFO  server.RaftServer$Division (RaftServerImpl.java:lambda$close$4(412)) - 7fca689d-043b-47bb-bf18-12adf35ba2bc@group-5B77DECE4517: shutdown
2022-03-07 09:52:16,173 [Command processor thread] INFO  util.JmxRegister (JmxRegister.java:unregister(73)) - Successfully un-registered JMX Bean with object name Ratis:service=RaftServer,group=group-5B77DECE4517,id=7fca689d-043b-47bb-bf18-12adf35ba2bc
2022-03-07 09:52:16,173 [Command processor thread] INFO  impl.RoleInfo (RoleInfo.java:shutdownFollowerState(108)) - 7fca689d-043b-47bb-bf18-12adf35ba2bc: shutdown 7fca689d-043b-47bb-bf18-12adf35ba2bc@group-5B77DECE4517-FollowerState
2022-03-07 09:52:16,173 [7fca689d-043b-47bb-bf18-12adf35ba2bc@group-5B77DECE4517-FollowerState] INFO  impl.FollowerState (FollowerState.java:run(143)) - 7fca689d-043b-47bb-bf18-12adf35ba2bc@group-5B77DECE4517-FollowerState was interrupted: {}
java.lang.InterruptedException: sleep interrupted
	at java.lang.Thread.sleep(Native Method)
	at java.lang.Thread.sleep(Thread.java:342)
	at java.util.concurrent.TimeUnit.sleep(TimeUnit.java:386)
	at org.apache.ratis.util.TimeDuration.sleep(TimeDuration.java:324)
	at org.apache.ratis.util.TimeDuration.sleep(TimeDuration.java:309)
	at org.apache.ratis.server.impl.FollowerState.run(FollowerState.java:118)
2022-03-07 09:52:16,174 [Command processor thread] INFO  impl.StateMachineUpdater (StateMachineUpdater.java:stopAndJoin(149)) - 7fca689d-043b-47bb-bf18-12adf35ba2bc@group-5B77DECE4517-StateMachineUpdater: set stopIndex = 2
2022-03-07 09:52:16,174 [7fca689d-043b-47bb-bf18-12adf35ba2bc@group-5B77DECE4517-StateMachineUpdater] INFO  ratis.ContainerStateMachine (ContainerStateMachine.java:takeSnapshot(304)) - group-5B77DECE4517: Taking a snapshot at:(t:5, i:2) file /home/runner/work/ozone/ozone/hadoop-ozone/integration-test/target/test-dir/MiniOzoneClusterImpl-4c099742-f0a8-499d-a606-d482764d36d7/datanode-3/data/ratis/27d35f41-3a25-4561-aa12-5b77dece4517/sm/snapshot.5_2
2022-03-07 09:52:16,175 [7fca689d-043b-47bb-bf18-12adf35ba2bc@group-5B77DECE4517-StateMachineUpdater] INFO  ratis.ContainerStateMachine (ContainerStateMachine.java:takeSnapshot(315)) - group-5B77DECE4517: Finished taking a snapshot at:(t:5, i:2) file:/home/runner/work/ozone/ozone/hadoop-ozone/integration-test/target/test-dir/MiniOzoneClusterImpl-4c099742-f0a8-499d-a606-d482764d36d7/datanode-3/data/ratis/27d35f41-3a25-4561-aa12-5b77dece4517/sm/snapshot.5_2 took: 2 ms
2022-03-07 09:52:16,176 [7fca689d-043b-47bb-bf18-12adf35ba2bc@group-5B77DECE4517-StateMachineUpdater] INFO  impl.StateMachineUpdater (StateMachineUpdater.java:takeSnapshot(281)) - 7fca689d-043b-47bb-bf18-12adf35ba2bc@group-5B77DECE4517-StateMachineUpdater: Took a snapshot at index 2
2022-03-07 09:52:16,176 [7fca689d-043b-47bb-bf18-12adf35ba2bc@group-5B77DECE4517-StateMachineUpdater] INFO  impl.StateMachineUpdater (StateMachineUpdater.java:lambda$new$0(89)) - 7fca689d-043b-47bb-bf18-12adf35ba2bc@group-5B77DECE4517-StateMachineUpdater: snapshotIndex: updateIncreasingly -1 -> 2
2022-03-07 09:52:16,176 [Command processor thread] INFO  server.RaftServer$Division (ServerState.java:close(419)) - 7fca689d-043b-47bb-bf18-12adf35ba2bc@group-5B77DECE4517: closes. applyIndex: 2
2022-03-07 09:52:16,176 [7fca689d-043b-47bb-bf18-12adf35ba2bc@group-5B77DECE4517-SegmentedRaftLogWorker] INFO  segmented.SegmentedRaftLogWorker (SegmentedRaftLogWorker.java:run(327)) - 7fca689d-043b-47bb-bf18-12adf35ba2bc@group-5B77DECE4517-SegmentedRaftLogWorker was interrupted, exiting. There are 0 tasks remaining in the queue.
2022-03-07 09:52:16,176 [Command processor thread] INFO  segmented.SegmentedRaftLogWorker (SegmentedRaftLogWorker.java:close(237)) - 7fca689d-043b-47bb-bf18-12adf35ba2bc@group-5B77DECE4517-SegmentedRaftLogWorker close()
2022-03-07 09:52:16,177 [Command processor thread] INFO  server.RaftServer$Division (RaftServerImpl.java:groupRemove(382)) - 7fca689d-043b-47bb-bf18-12adf35ba2bc@group-5B77DECE4517: Succeed to remove RaftStorageDirectory Storage Directory /home/runner/work/ozone/ozone/hadoop-ozone/integration-test/target/test-dir/MiniOzoneClusterImpl-4c099742-f0a8-499d-a606-d482764d36d7/datanode-3/data/ratis/27d35f41-3a25-4561-aa12-5b77dece4517
2022-03-07 09:52:16,177 [Command processor thread] INFO  commandhandler.ClosePipelineCommandHandler (ClosePipelineCommandHandler.java:handle(78)) - Close Pipeline PipelineID=27d35f41-3a25-4561-aa12-5b77dece4517 command on datanode 7fca689d-043b-47bb-bf18-12adf35ba2bc.
2022-03-07 09:52:19,688 [79ee019c-6239-4f85-9f3b-dddcaaaeb0fb@group-A2AB75C9018A-FollowerState] INFO  impl.FollowerState (FollowerState.java:run(134)) - 79ee019c-6239-4f85-9f3b-dddcaaaeb0fb@group-A2AB75C9018A-FollowerState: change to CANDIDATE, lastRpcElapsedTime:5123544516ns, electionTimeout:5110ms
2022-03-07 09:52:19,688 [79ee019c-6239-4f85-9f3b-dddcaaaeb0fb@group-A2AB75C9018A-FollowerState] INFO  impl.RoleInfo (RoleInfo.java:shutdownFollowerState(108)) - 79ee019c-6239-4f85-9f3b-dddcaaaeb0fb: shutdown 79ee019c-6239-4f85-9f3b-dddcaaaeb0fb@group-A2AB75C9018A-FollowerState
2022-03-07 09:52:19,688 [79ee019c-6239-4f85-9f3b-dddcaaaeb0fb@group-A2AB75C9018A-FollowerState] INFO  server.RaftServer$Division (RaftServerImpl.java:setRole(290)) - 79ee019c-6239-4f85-9f3b-dddcaaaeb0fb@group-A2AB75C9018A: changes role from  FOLLOWER to CANDIDATE at term 4 for changeToCandidate
2022-03-07 09:52:19,688 [79ee019c-6239-4f85-9f3b-dddcaaaeb0fb@group-A2AB75C9018A-FollowerState] INFO  server.RaftServerConfigKeys (ConfUtils.java:logGet(44)) - raft.server.leaderelection.pre-vote = false (custom)
2022-03-07 09:52:19,688 [79ee019c-6239-4f85-9f3b-dddcaaaeb0fb@group-A2AB75C9018A-FollowerState] INFO  impl.RoleInfo (RoleInfo.java:updateAndGet(130)) - 79ee019c-6239-4f85-9f3b-dddcaaaeb0fb: start 79ee019c-6239-4f85-9f3b-dddcaaaeb0fb@group-A2AB75C9018A-LeaderElection117
2022-03-07 09:52:19,692 [79ee019c-6239-4f85-9f3b-dddcaaaeb0fb@group-A2AB75C9018A-LeaderElection117] INFO  impl.LeaderElection (LeaderElection.java:askForVotes(306)) - 79ee019c-6239-4f85-9f3b-dddcaaaeb0fb@group-A2AB75C9018A-LeaderElection117 ELECTION round 0: submit vote requests at term 5 for -1: [728f99e8-418e-4b00-b2e8-36f688b477dd|rpc:10.1.0.49:44013|dataStream:|priority:0, 79ee019c-6239-4f85-9f3b-dddcaaaeb0fb|rpc:10.1.0.49:41163|dataStream:|priority:1, cd9cff4b-1bd9-497e-976c-8eec10b9db64|rpc:10.1.0.49:42923|dataStream:|priority:0], old=null
2022-03-07 09:52:19,695 [79ee019c-6239-4f85-9f3b-dddcaaaeb0fb@group-A2AB75C9018A-LeaderElection117] INFO  impl.LeaderElection (LogUtils.java:infoOrTrace(137)) - 79ee019c-6239-4f85-9f3b-dddcaaaeb0fb@group-A2AB75C9018A-LeaderElection117 got exception when requesting votes: java.util.concurrent.ExecutionException: org.apache.ratis.thirdparty.io.grpc.StatusRuntimeException: UNAVAILABLE: io exception
2022-03-07 09:52:19,695 [79ee019c-6239-4f85-9f3b-dddcaaaeb0fb@group-A2AB75C9018A-LeaderElection117] INFO  impl.LeaderElection (LogUtils.java:infoOrTrace(137)) - 79ee019c-6239-4f85-9f3b-dddcaaaeb0fb@group-A2AB75C9018A-LeaderElection117 got exception when requesting votes: java.util.concurrent.ExecutionException: org.apache.ratis.thirdparty.io.grpc.StatusRuntimeException: UNAVAILABLE: io exception
2022-03-07 09:52:19,695 [79ee019c-6239-4f85-9f3b-dddcaaaeb0fb@group-A2AB75C9018A-LeaderElection117] INFO  impl.LeaderElection (LeaderElection.java:logAndReturn(89)) - 79ee019c-6239-4f85-9f3b-dddcaaaeb0fb@group-A2AB75C9018A-LeaderElection117: ELECTION REJECTED received 0 response(s) and 2 exception(s):
2022-03-07 09:52:19,696 [79ee019c-6239-4f85-9f3b-dddcaaaeb0fb@group-A2AB75C9018A-LeaderElection117] INFO  impl.LeaderElection (LogUtils.java:infoOrTrace(137)) -   Exception 0: java.util.concurrent.ExecutionException: org.apache.ratis.thirdparty.io.grpc.StatusRuntimeException: UNAVAILABLE: io exception
2022-03-07 09:52:19,696 [79ee019c-6239-4f85-9f3b-dddcaaaeb0fb@group-A2AB75C9018A-LeaderElection117] INFO  impl.LeaderElection (LogUtils.java:infoOrTrace(137)) -   Exception 1: java.util.concurrent.ExecutionException: org.apache.ratis.thirdparty.io.grpc.StatusRuntimeException: UNAVAILABLE: io exception
2022-03-07 09:52:19,696 [79ee019c-6239-4f85-9f3b-dddcaaaeb0fb@group-A2AB75C9018A-LeaderElection117] INFO  impl.LeaderElection (LeaderElection.java:askForVotes(308)) - 79ee019c-6239-4f85-9f3b-dddcaaaeb0fb@group-A2AB75C9018A-LeaderElection117 ELECTION round 0: result REJECTED
2022-03-07 09:52:19,696 [79ee019c-6239-4f85-9f3b-dddcaaaeb0fb@group-A2AB75C9018A-LeaderElection117] INFO  server.RaftServer$Division (RaftServerImpl.java:setRole(290)) - 79ee019c-6239-4f85-9f3b-dddcaaaeb0fb@group-A2AB75C9018A: changes role from CANDIDATE to FOLLOWER at term 5 for REJECTED
2022-03-07 09:52:19,696 [79ee019c-6239-4f85-9f3b-dddcaaaeb0fb@group-A2AB75C9018A-LeaderElection117] INFO  impl.RoleInfo (RoleInfo.java:shutdownLeaderElection(121)) - 79ee019c-6239-4f85-9f3b-dddcaaaeb0fb: shutdown 79ee019c-6239-4f85-9f3b-dddcaaaeb0fb@group-A2AB75C9018A-LeaderElection117
2022-03-07 09:52:19,696 [79ee019c-6239-4f85-9f3b-dddcaaaeb0fb@group-A2AB75C9018A-LeaderElection117] INFO  impl.RoleInfo (RoleInfo.java:updateAndGet(130)) - 79ee019c-6239-4f85-9f3b-dddcaaaeb0fb: start 79ee019c-6239-4f85-9f3b-dddcaaaeb0fb@group-A2AB75C9018A-FollowerState
2022-03-07 09:52:19,722 [79ee019c-6239-4f85-9f3b-dddcaaaeb0fb@group-022B701C3610-FollowerState] INFO  impl.FollowerState (FollowerState.java:run(134)) - 79ee019c-6239-4f85-9f3b-dddcaaaeb0fb@group-022B701C3610-FollowerState: change to CANDIDATE, lastRpcElapsedTime:10111481133ns, electionTimeout:5162ms
2022-03-07 09:52:19,722 [79ee019c-6239-4f85-9f3b-dddcaaaeb0fb@group-022B701C3610-FollowerState] INFO  impl.RoleInfo (RoleInfo.java:shutdownFollowerState(108)) - 79ee019c-6239-4f85-9f3b-dddcaaaeb0fb: shutdown 79ee019c-6239-4f85-9f3b-dddcaaaeb0fb@group-022B701C3610-FollowerState
2022-03-07 09:52:19,722 [79ee019c-6239-4f85-9f3b-dddcaaaeb0fb@group-022B701C3610-FollowerState] INFO  server.RaftServer$Division (RaftServerImpl.java:setRole(290)) - 79ee019c-6239-4f85-9f3b-dddcaaaeb0fb@group-022B701C3610: changes role from  FOLLOWER to CANDIDATE at term 1 for changeToCandidate
2022-03-07 09:52:19,722 [79ee019c-6239-4f85-9f3b-dddcaaaeb0fb@group-022B701C3610-FollowerState] INFO  server.RaftServerConfigKeys (ConfUtils.java:logGet(44)) - raft.server.leaderelection.pre-vote = false (custom)
2022-03-07 09:52:19,722 [79ee019c-6239-4f85-9f3b-dddcaaaeb0fb@group-022B701C3610-FollowerState] INFO  impl.RoleInfo (RoleInfo.java:updateAndGet(130)) - 79ee019c-6239-4f85-9f3b-dddcaaaeb0fb: start 79ee019c-6239-4f85-9f3b-dddcaaaeb0fb@group-022B701C3610-LeaderElection118
2022-03-07 09:52:19,724 [79ee019c-6239-4f85-9f3b-dddcaaaeb0fb@group-022B701C3610-LeaderElection118] INFO  server.RaftServer$Division (ServerState.java:setLeader(285)) - 79ee019c-6239-4f85-9f3b-dddcaaaeb0fb@group-022B701C3610: change Leader from cd9cff4b-1bd9-497e-976c-8eec10b9db64 to null at term 1 for ELECTION
2022-03-07 09:52:19,730 [79ee019c-6239-4f85-9f3b-dddcaaaeb0fb@group-022B701C3610-LeaderElection118] INFO  impl.LeaderElection (LeaderElection.java:askForVotes(306)) - 79ee019c-6239-4f85-9f3b-dddcaaaeb0fb@group-022B701C3610-LeaderElection118 ELECTION round 0: submit vote requests at term 2 for 0: [728f99e8-418e-4b00-b2e8-36f688b477dd|rpc:10.1.0.49:44013|dataStream:|priority:0, 79ee019c-6239-4f85-9f3b-dddcaaaeb0fb|rpc:10.1.0.49:41163|dataStream:|priority:0, cd9cff4b-1bd9-497e-976c-8eec10b9db64|rpc:10.1.0.49:42923|dataStream:|priority:1], old=null
2022-03-07 09:52:19,733 [79ee019c-6239-4f85-9f3b-dddcaaaeb0fb@group-022B701C3610-LeaderElection118] INFO  impl.LeaderElection (LogUtils.java:infoOrTrace(137)) - 79ee019c-6239-4f85-9f3b-dddcaaaeb0fb@group-022B701C3610-LeaderElection118 got exception when requesting votes: java.util.concurrent.ExecutionException: org.apache.ratis.thirdparty.io.grpc.StatusRuntimeException: UNAVAILABLE: io exception
2022-03-07 09:52:19,733 [79ee019c-6239-4f85-9f3b-dddcaaaeb0fb@group-022B701C3610-LeaderElection118] INFO  impl.LeaderElection (LogUtils.java:infoOrTrace(137)) - 79ee019c-6239-4f85-9f3b-dddcaaaeb0fb@group-022B701C3610-LeaderElection118 got exception when requesting votes: java.util.concurrent.ExecutionException: org.apache.ratis.thirdparty.io.grpc.StatusRuntimeException: UNAVAILABLE: io exception
2022-03-07 09:52:19,734 [79ee019c-6239-4f85-9f3b-dddcaaaeb0fb@group-022B701C3610-LeaderElection118] INFO  impl.LeaderElection (LeaderElection.java:logAndReturn(89)) - 79ee019c-6239-4f85-9f3b-dddcaaaeb0fb@group-022B701C3610-LeaderElection118: ELECTION REJECTED received 0 response(s) and 2 exception(s):
2022-03-07 09:52:19,734 [79ee019c-6239-4f85-9f3b-dddcaaaeb0fb@group-022B701C3610-LeaderElection118] INFO  impl.LeaderElection (LogUtils.java:infoOrTrace(137)) -   Exception 0: java.util.concurrent.ExecutionException: org.apache.ratis.thirdparty.io.grpc.StatusRuntimeException: UNAVAILABLE: io exception
2022-03-07 09:52:19,734 [79ee019c-6239-4f85-9f3b-dddcaaaeb0fb@group-022B701C3610-LeaderElection118] INFO  impl.LeaderElection (LogUtils.java:infoOrTrace(137)) -   Exception 1: java.util.concurrent.ExecutionException: org.apache.ratis.thirdparty.io.grpc.StatusRuntimeException: UNAVAILABLE: io exception
2022-03-07 09:52:19,734 [79ee019c-6239-4f85-9f3b-dddcaaaeb0fb@group-022B701C3610-LeaderElection118] INFO  impl.LeaderElection (LeaderElection.java:askForVotes(308)) - 79ee019c-6239-4f85-9f3b-dddcaaaeb0fb@group-022B701C3610-LeaderElection118 ELECTION round 0: result REJECTED
2022-03-07 09:52:19,734 [79ee019c-6239-4f85-9f3b-dddcaaaeb0fb@group-022B701C3610-LeaderElection118] INFO  server.RaftServer$Division (RaftServerImpl.java:setRole(290)) - 79ee019c-6239-4f85-9f3b-dddcaaaeb0fb@group-022B701C3610: changes role from CANDIDATE to FOLLOWER at term 2 for REJECTED
2022-03-07 09:52:19,734 [79ee019c-6239-4f85-9f3b-dddcaaaeb0fb@group-022B701C3610-LeaderElection118] INFO  impl.RoleInfo (RoleInfo.java:shutdownLeaderElection(121)) - 79ee019c-6239-4f85-9f3b-dddcaaaeb0fb: shutdown 79ee019c-6239-4f85-9f3b-dddcaaaeb0fb@group-022B701C3610-LeaderElection118
2022-03-07 09:52:19,734 [79ee019c-6239-4f85-9f3b-dddcaaaeb0fb@group-022B701C3610-LeaderElection118] INFO  impl.RoleInfo (RoleInfo.java:updateAndGet(130)) - 79ee019c-6239-4f85-9f3b-dddcaaaeb0fb: start 79ee019c-6239-4f85-9f3b-dddcaaaeb0fb@group-022B701C3610-FollowerState
2022-03-07 09:52:20,281 [Listener at 127.0.0.1/40579] INFO  ozoneimpl.OzoneContainer (OzoneContainer.java:stop(356)) - Attempting to stop container services.
2022-03-07 09:52:20,283 [Listener at 127.0.0.1/40579] INFO  server.RaftServer (RaftServerProxy.java:lambda$close$6(391)) - 79ee019c-6239-4f85-9f3b-dddcaaaeb0fb: close
2022-03-07 09:52:20,283 [Listener at 127.0.0.1/40579] INFO  server.RaftServer$Division (RaftServerImpl.java:lambda$close$4(412)) - 79ee019c-6239-4f85-9f3b-dddcaaaeb0fb@group-022B701C3610: shutdown
2022-03-07 09:52:20,283 [Listener at 127.0.0.1/40579] INFO  util.JmxRegister (JmxRegister.java:unregister(73)) - Successfully un-registered JMX Bean with object name Ratis:service=RaftServer,group=group-022B701C3610,id=79ee019c-6239-4f85-9f3b-dddcaaaeb0fb
2022-03-07 09:52:20,283 [Listener at 127.0.0.1/40579] INFO  impl.RoleInfo (RoleInfo.java:shutdownFollowerState(108)) - 79ee019c-6239-4f85-9f3b-dddcaaaeb0fb: shutdown 79ee019c-6239-4f85-9f3b-dddcaaaeb0fb@group-022B701C3610-FollowerState
2022-03-07 09:52:20,283 [Listener at 127.0.0.1/40579] INFO  impl.StateMachineUpdater (StateMachineUpdater.java:stopAndJoin(149)) - 79ee019c-6239-4f85-9f3b-dddcaaaeb0fb@group-022B701C3610-StateMachineUpdater: set stopIndex = 0
2022-03-07 09:52:20,284 [79ee019c-6239-4f85-9f3b-dddcaaaeb0fb@group-022B701C3610-StateMachineUpdater] INFO  ratis.ContainerStateMachine (ContainerStateMachine.java:takeSnapshot(304)) - group-022B701C3610: Taking a snapshot at:(t:1, i:0) file /home/runner/work/ozone/ozone/hadoop-ozone/integration-test/target/test-dir/MiniOzoneClusterImpl-4c099742-f0a8-499d-a606-d482764d36d7/datanode-6/data/ratis/b529f8ba-3bf9-49bc-adf3-022b701c3610/sm/snapshot.1_0
2022-03-07 09:52:20,285 [79ee019c-6239-4f85-9f3b-dddcaaaeb0fb@group-022B701C3610-FollowerState] INFO  impl.FollowerState (FollowerState.java:run(143)) - 79ee019c-6239-4f85-9f3b-dddcaaaeb0fb@group-022B701C3610-FollowerState was interrupted: {}
java.lang.InterruptedException: sleep interrupted
	at java.lang.Thread.sleep(Native Method)
	at java.lang.Thread.sleep(Thread.java:342)
	at java.util.concurrent.TimeUnit.sleep(TimeUnit.java:386)
	at org.apache.ratis.util.TimeDuration.sleep(TimeDuration.java:324)
	at org.apache.ratis.util.TimeDuration.sleep(TimeDuration.java:309)
	at org.apache.ratis.server.impl.FollowerState.run(FollowerState.java:118)
2022-03-07 09:52:20,288 [79ee019c-6239-4f85-9f3b-dddcaaaeb0fb@group-022B701C3610-StateMachineUpdater] INFO  ratis.ContainerStateMachine (ContainerStateMachine.java:takeSnapshot(315)) - group-022B701C3610: Finished taking a snapshot at:(t:1, i:0) file:/home/runner/work/ozone/ozone/hadoop-ozone/integration-test/target/test-dir/MiniOzoneClusterImpl-4c099742-f0a8-499d-a606-d482764d36d7/datanode-6/data/ratis/b529f8ba-3bf9-49bc-adf3-022b701c3610/sm/snapshot.1_0 took: 3 ms
2022-03-07 09:52:20,288 [79ee019c-6239-4f85-9f3b-dddcaaaeb0fb@group-022B701C3610-StateMachineUpdater] INFO  impl.StateMachineUpdater (StateMachineUpdater.java:takeSnapshot(281)) - 79ee019c-6239-4f85-9f3b-dddcaaaeb0fb@group-022B701C3610-StateMachineUpdater: Took a snapshot at index 0
2022-03-07 09:52:20,288 [79ee019c-6239-4f85-9f3b-dddcaaaeb0fb@group-022B701C3610-StateMachineUpdater] INFO  impl.StateMachineUpdater (StateMachineUpdater.java:lambda$new$0(89)) - 79ee019c-6239-4f85-9f3b-dddcaaaeb0fb@group-022B701C3610-StateMachineUpdater: snapshotIndex: updateIncreasingly -1 -> 0
2022-03-07 09:52:20,288 [Listener at 127.0.0.1/40579] INFO  server.RaftServer$Division (ServerState.java:close(419)) - 79ee019c-6239-4f85-9f3b-dddcaaaeb0fb@group-022B701C3610: closes. applyIndex: 0
2022-03-07 09:52:20,289 [79ee019c-6239-4f85-9f3b-dddcaaaeb0fb@group-022B701C3610-SegmentedRaftLogWorker] INFO  segmented.SegmentedRaftLogWorker (SegmentedRaftLogWorker.java:run(327)) - 79ee019c-6239-4f85-9f3b-dddcaaaeb0fb@group-022B701C3610-SegmentedRaftLogWorker was interrupted, exiting. There are 0 tasks remaining in the queue.
2022-03-07 09:52:20,289 [Listener at 127.0.0.1/40579] INFO  segmented.SegmentedRaftLogWorker (SegmentedRaftLogWorker.java:close(237)) - 79ee019c-6239-4f85-9f3b-dddcaaaeb0fb@group-022B701C3610-SegmentedRaftLogWorker close()
2022-03-07 09:52:20,289 [Listener at 127.0.0.1/40579] INFO  server.RaftServer$Division (RaftServerImpl.java:lambda$close$4(412)) - 79ee019c-6239-4f85-9f3b-dddcaaaeb0fb@group-A2AB75C9018A: shutdown
2022-03-07 09:52:20,289 [Listener at 127.0.0.1/40579] INFO  util.JmxRegister (JmxRegister.java:unregister(73)) - Successfully un-registered JMX Bean with object name Ratis:service=RaftServer,group=group-A2AB75C9018A,id=79ee019c-6239-4f85-9f3b-dddcaaaeb0fb
2022-03-07 09:52:20,289 [Listener at 127.0.0.1/40579] INFO  impl.RoleInfo (RoleInfo.java:shutdownFollowerState(108)) - 79ee019c-6239-4f85-9f3b-dddcaaaeb0fb: shutdown 79ee019c-6239-4f85-9f3b-dddcaaaeb0fb@group-A2AB75C9018A-FollowerState
2022-03-07 09:52:20,290 [Listener at 127.0.0.1/40579] INFO  impl.StateMachineUpdater (StateMachineUpdater.java:stopAndJoin(149)) - 79ee019c-6239-4f85-9f3b-dddcaaaeb0fb@group-A2AB75C9018A-StateMachineUpdater: set stopIndex = -1
2022-03-07 09:52:20,290 [79ee019c-6239-4f85-9f3b-dddcaaaeb0fb@group-A2AB75C9018A-FollowerState] INFO  impl.FollowerState (FollowerState.java:run(143)) - 79ee019c-6239-4f85-9f3b-dddcaaaeb0fb@group-A2AB75C9018A-FollowerState was interrupted: {}
java.lang.InterruptedException: sleep interrupted
	at java.lang.Thread.sleep(Native Method)
	at java.lang.Thread.sleep(Thread.java:342)
	at java.util.concurrent.TimeUnit.sleep(TimeUnit.java:386)
	at org.apache.ratis.util.TimeDuration.sleep(TimeDuration.java:324)
	at org.apache.ratis.util.TimeDuration.sleep(TimeDuration.java:309)
	at org.apache.ratis.server.impl.FollowerState.run(FollowerState.java:118)
2022-03-07 09:52:20,290 [Listener at 127.0.0.1/40579] INFO  server.RaftServer$Division (ServerState.java:close(419)) - 79ee019c-6239-4f85-9f3b-dddcaaaeb0fb@group-A2AB75C9018A: closes. applyIndex: -1
2022-03-07 09:52:20,290 [79ee019c-6239-4f85-9f3b-dddcaaaeb0fb@group-A2AB75C9018A-SegmentedRaftLogWorker] INFO  segmented.SegmentedRaftLogWorker (SegmentedRaftLogWorker.java:run(327)) - 79ee019c-6239-4f85-9f3b-dddcaaaeb0fb@group-A2AB75C9018A-SegmentedRaftLogWorker was interrupted, exiting. There are 0 tasks remaining in the queue.
2022-03-07 09:52:20,290 [Listener at 127.0.0.1/40579] INFO  segmented.SegmentedRaftLogWorker (SegmentedRaftLogWorker.java:close(237)) - 79ee019c-6239-4f85-9f3b-dddcaaaeb0fb@group-A2AB75C9018A-SegmentedRaftLogWorker close()
2022-03-07 09:52:20,291 [Listener at 127.0.0.1/40579] INFO  server.RaftServer$Division (RaftServerImpl.java:lambda$close$4(412)) - 79ee019c-6239-4f85-9f3b-dddcaaaeb0fb@group-C4519756B354: shutdown
2022-03-07 09:52:20,291 [Listener at 127.0.0.1/40579] INFO  util.JmxRegister (JmxRegister.java:unregister(73)) - Successfully un-registered JMX Bean with object name Ratis:service=RaftServer,group=group-C4519756B354,id=79ee019c-6239-4f85-9f3b-dddcaaaeb0fb
2022-03-07 09:52:20,291 [Listener at 127.0.0.1/40579] INFO  impl.RoleInfo (RoleInfo.java:shutdownLeaderState(91)) - 79ee019c-6239-4f85-9f3b-dddcaaaeb0fb: shutdown 79ee019c-6239-4f85-9f3b-dddcaaaeb0fb@group-C4519756B354-LeaderStateImpl
2022-03-07 09:52:20,291 [Listener at 127.0.0.1/40579] INFO  impl.PendingRequests (PendingRequests.java:sendNotLeaderResponses(282)) - 79ee019c-6239-4f85-9f3b-dddcaaaeb0fb@group-C4519756B354-PendingRequests: sendNotLeaderResponses
2022-03-07 09:52:20,292 [79ee019c-6239-4f85-9f3b-dddcaaaeb0fb@group-C4519756B354-StateMachineUpdater] INFO  ratis.ContainerStateMachine (ContainerStateMachine.java:takeSnapshot(304)) - group-C4519756B354: Taking a snapshot at:(t:1, i:0) file /home/runner/work/ozone/ozone/hadoop-ozone/integration-test/target/test-dir/MiniOzoneClusterImpl-4c099742-f0a8-499d-a606-d482764d36d7/datanode-6/data/ratis/2fb996d2-0b8f-4226-89bb-c4519756b354/sm/snapshot.1_0
2022-03-07 09:52:20,292 [Listener at 127.0.0.1/40579] INFO  impl.StateMachineUpdater (StateMachineUpdater.java:stopAndJoin(149)) - 79ee019c-6239-4f85-9f3b-dddcaaaeb0fb@group-C4519756B354-StateMachineUpdater: set stopIndex = 0
2022-03-07 09:52:20,293 [79ee019c-6239-4f85-9f3b-dddcaaaeb0fb@group-C4519756B354-StateMachineUpdater] INFO  ratis.ContainerStateMachine (ContainerStateMachine.java:takeSnapshot(315)) - group-C4519756B354: Finished taking a snapshot at:(t:1, i:0) file:/home/runner/work/ozone/ozone/hadoop-ozone/integration-test/target/test-dir/MiniOzoneClusterImpl-4c099742-f0a8-499d-a606-d482764d36d7/datanode-6/data/ratis/2fb996d2-0b8f-4226-89bb-c4519756b354/sm/snapshot.1_0 took: 2 ms
2022-03-07 09:52:20,293 [79ee019c-6239-4f85-9f3b-dddcaaaeb0fb@group-C4519756B354-StateMachineUpdater] INFO  impl.StateMachineUpdater (StateMachineUpdater.java:takeSnapshot(281)) - 79ee019c-6239-4f85-9f3b-dddcaaaeb0fb@group-C4519756B354-StateMachineUpdater: Took a snapshot at index 0
2022-03-07 09:52:20,293 [79ee019c-6239-4f85-9f3b-dddcaaaeb0fb@group-C4519756B354-StateMachineUpdater] INFO  impl.StateMachineUpdater (StateMachineUpdater.java:lambda$new$0(89)) - 79ee019c-6239-4f85-9f3b-dddcaaaeb0fb@group-C4519756B354-StateMachineUpdater: snapshotIndex: updateIncreasingly -1 -> 0
2022-03-07 09:52:20,297 [Listener at 127.0.0.1/40579] INFO  server.RaftServer$Division (ServerState.java:close(419)) - 79ee019c-6239-4f85-9f3b-dddcaaaeb0fb@group-C4519756B354: closes. applyIndex: 0
2022-03-07 09:52:20,297 [79ee019c-6239-4f85-9f3b-dddcaaaeb0fb@group-C4519756B354-SegmentedRaftLogWorker] INFO  segmented.SegmentedRaftLogWorker (SegmentedRaftLogWorker.java:run(327)) - 79ee019c-6239-4f85-9f3b-dddcaaaeb0fb@group-C4519756B354-SegmentedRaftLogWorker was interrupted, exiting. There are 0 tasks remaining in the queue.
2022-03-07 09:52:20,297 [Listener at 127.0.0.1/40579] INFO  segmented.SegmentedRaftLogWorker (SegmentedRaftLogWorker.java:close(237)) - 79ee019c-6239-4f85-9f3b-dddcaaaeb0fb@group-C4519756B354-SegmentedRaftLogWorker close()
2022-03-07 09:52:20,298 [Listener at 127.0.0.1/40579] INFO  server.GrpcService (GrpcService.java:closeImpl(262)) - 79ee019c-6239-4f85-9f3b-dddcaaaeb0fb: shutdown server with port 41163 now
2022-03-07 09:52:20,352 [Listener at 127.0.0.1/40579] INFO  server.GrpcService (GrpcService.java:closeImpl(271)) - 79ee019c-6239-4f85-9f3b-dddcaaaeb0fb: shutdown server with port 41163 successfully
2022-03-07 09:52:20,356 [org.apache.ratis.util.JvmPauseMonitor$$Lambda$431/73409498@445dd345] INFO  util.JvmPauseMonitor (JvmPauseMonitor.java:run(109)) - JvmPauseMonitor-79ee019c-6239-4f85-9f3b-dddcaaaeb0fb: Stopped
2022-03-07 09:52:22,376 [Listener at 127.0.0.1/40579] INFO  utils.BackgroundService (BackgroundService.java:shutdown(132)) - Shutting down service BlockDeletingService
2022-03-07 09:52:24,384 [EventQueue-DeadNodeForDeadNodeHandler] INFO  node.DeadNodeHandler (DeadNodeHandler.java:onMessage(80)) - A dead datanode is detected. cd9cff4b-1bd9-497e-976c-8eec10b9db64{ip: 10.1.0.49, host: fv-az291-317.wgnan5asplgejimfprtllbpdch.jx.internal.cloudapp.net, ports: [REPLICATION=46825, RATIS=42923, RATIS_ADMIN=42923, RATIS_SERVER=42923, STANDALONE=43941], networkLocation: /default-rack, certSerialId: null, persistedOpState: IN_SERVICE, persistedOpStateExpiryEpochSec: 0}
2022-03-07 09:52:24,384 [EventQueue-DeadNodeForDeadNodeHandler] INFO  pipeline.RatisPipelineProvider (RatisPipelineProvider.java:lambda$close$1(222)) - Send pipeline:PipelineID=7dd851b1-46e0-4a93-8071-5927a3a2a91c close command to datanode cd9cff4b-1bd9-497e-976c-8eec10b9db64
2022-03-07 09:52:24,388 [9fd2d42e-0817-4c6b-b2b7-8c945e0a68b4@group-D482764D36D7-StateMachineUpdater] INFO  pipeline.PipelineStateManagerImpl (PipelineStateManagerImpl.java:removePipeline(223)) - Pipeline Pipeline[ Id: 7dd851b1-46e0-4a93-8071-5927a3a2a91c, Nodes: cd9cff4b-1bd9-497e-976c-8eec10b9db64{ip: 10.1.0.49, host: fv-az291-317.wgnan5asplgejimfprtllbpdch.jx.internal.cloudapp.net, ports: [REPLICATION=46825, RATIS=42923, RATIS_ADMIN=42923, RATIS_SERVER=42923, STANDALONE=43941], networkLocation: /default-rack, certSerialId: null, persistedOpState: IN_SERVICE, persistedOpStateExpiryEpochSec: 0}, ReplicationConfig: RATIS/ONE, State:CLOSED, leaderId:cd9cff4b-1bd9-497e-976c-8eec10b9db64, CreationTimestamp2022-03-07T09:51:52.552Z[Etc/UTC]] removed.
2022-03-07 09:52:24,389 [EventQueue-DeadNodeForDeadNodeHandler] INFO  pipeline.RatisPipelineProvider (RatisPipelineProvider.java:lambda$close$1(222)) - Send pipeline:PipelineID=b529f8ba-3bf9-49bc-adf3-022b701c3610 close command to datanode 79ee019c-6239-4f85-9f3b-dddcaaaeb0fb
2022-03-07 09:52:24,390 [EventQueue-DeadNodeForDeadNodeHandler] INFO  pipeline.RatisPipelineProvider (RatisPipelineProvider.java:lambda$close$1(222)) - Send pipeline:PipelineID=b529f8ba-3bf9-49bc-adf3-022b701c3610 close command to datanode 728f99e8-418e-4b00-b2e8-36f688b477dd
2022-03-07 09:52:24,390 [EventQueue-DeadNodeForDeadNodeHandler] INFO  pipeline.RatisPipelineProvider (RatisPipelineProvider.java:lambda$close$1(222)) - Send pipeline:PipelineID=b529f8ba-3bf9-49bc-adf3-022b701c3610 close command to datanode cd9cff4b-1bd9-497e-976c-8eec10b9db64
2022-03-07 09:52:24,393 [9fd2d42e-0817-4c6b-b2b7-8c945e0a68b4@group-D482764D36D7-StateMachineUpdater] INFO  pipeline.PipelineStateManagerImpl (PipelineStateManagerImpl.java:removePipeline(223)) - Pipeline Pipeline[ Id: b529f8ba-3bf9-49bc-adf3-022b701c3610, Nodes: 79ee019c-6239-4f85-9f3b-dddcaaaeb0fb{ip: 10.1.0.49, host: fv-az291-317.wgnan5asplgejimfprtllbpdch.jx.internal.cloudapp.net, ports: [REPLICATION=42249, RATIS=41163, RATIS_ADMIN=41163, RATIS_SERVER=41163, STANDALONE=43119], networkLocation: /default-rack, certSerialId: null, persistedOpState: IN_SERVICE, persistedOpStateExpiryEpochSec: 0}728f99e8-418e-4b00-b2e8-36f688b477dd{ip: 10.1.0.49, host: fv-az291-317.wgnan5asplgejimfprtllbpdch.jx.internal.cloudapp.net, ports: [REPLICATION=38547, RATIS=44013, RATIS_ADMIN=44013, RATIS_SERVER=44013, STANDALONE=41573], networkLocation: /default-rack, certSerialId: null, persistedOpState: IN_SERVICE, persistedOpStateExpiryEpochSec: 0}cd9cff4b-1bd9-497e-976c-8eec10b9db64{ip: 10.1.0.49, host: fv-az291-317.wgnan5asplgejimfprtllbpdch.jx.internal.cloudapp.net, ports: [REPLICATION=46825, RATIS=42923, RATIS_ADMIN=42923, RATIS_SERVER=42923, STANDALONE=43941], networkLocation: /default-rack, certSerialId: null, persistedOpState: IN_SERVICE, persistedOpStateExpiryEpochSec: 0}, ReplicationConfig: RATIS/THREE, State:CLOSED, leaderId:cd9cff4b-1bd9-497e-976c-8eec10b9db64, CreationTimestamp2022-03-07T09:51:52.565Z[Etc/UTC]] removed.
2022-03-07 09:52:24,393 [EventQueue-DeadNodeForDeadNodeHandler] INFO  pipeline.RatisPipelineProvider (RatisPipelineProvider.java:lambda$close$1(222)) - Send pipeline:PipelineID=60b5cb39-0ab8-4f61-9ad9-a2ab75c9018a close command to datanode 728f99e8-418e-4b00-b2e8-36f688b477dd
2022-03-07 09:52:24,393 [EventQueue-DeadNodeForDeadNodeHandler] INFO  pipeline.RatisPipelineProvider (RatisPipelineProvider.java:lambda$close$1(222)) - Send pipeline:PipelineID=60b5cb39-0ab8-4f61-9ad9-a2ab75c9018a close command to datanode cd9cff4b-1bd9-497e-976c-8eec10b9db64
2022-03-07 09:52:24,393 [EventQueue-DeadNodeForDeadNodeHandler] INFO  pipeline.RatisPipelineProvider (RatisPipelineProvider.java:lambda$close$1(222)) - Send pipeline:PipelineID=60b5cb39-0ab8-4f61-9ad9-a2ab75c9018a close command to datanode 79ee019c-6239-4f85-9f3b-dddcaaaeb0fb
2022-03-07 09:52:24,394 [9fd2d42e-0817-4c6b-b2b7-8c945e0a68b4@group-D482764D36D7-StateMachineUpdater] INFO  pipeline.PipelineStateManagerImpl (PipelineStateManagerImpl.java:removePipeline(223)) - Pipeline Pipeline[ Id: 60b5cb39-0ab8-4f61-9ad9-a2ab75c9018a, Nodes: 728f99e8-418e-4b00-b2e8-36f688b477dd{ip: 10.1.0.49, host: fv-az291-317.wgnan5asplgejimfprtllbpdch.jx.internal.cloudapp.net, ports: [REPLICATION=38547, RATIS=44013, RATIS_ADMIN=44013, RATIS_SERVER=44013, STANDALONE=41573], networkLocation: /default-rack, certSerialId: null, persistedOpState: IN_SERVICE, persistedOpStateExpiryEpochSec: 0}cd9cff4b-1bd9-497e-976c-8eec10b9db64{ip: 10.1.0.49, host: fv-az291-317.wgnan5asplgejimfprtllbpdch.jx.internal.cloudapp.net, ports: [REPLICATION=46825, RATIS=42923, RATIS_ADMIN=42923, RATIS_SERVER=42923, STANDALONE=43941], networkLocation: /default-rack, certSerialId: null, persistedOpState: IN_SERVICE, persistedOpStateExpiryEpochSec: 0}79ee019c-6239-4f85-9f3b-dddcaaaeb0fb{ip: 10.1.0.49, host: fv-az291-317.wgnan5asplgejimfprtllbpdch.jx.internal.cloudapp.net, ports: [REPLICATION=42249, RATIS=41163, RATIS_ADMIN=41163, RATIS_SERVER=41163, STANDALONE=43119], networkLocation: /default-rack, certSerialId: null, persistedOpState: IN_SERVICE, persistedOpStateExpiryEpochSec: 0}, ReplicationConfig: RATIS/THREE, State:CLOSED, leaderId:, CreationTimestamp2022-03-07T09:51:52.557Z[Etc/UTC]] removed.
2022-03-07 09:52:24,394 [EventQueue-DeadNodeForDeadNodeHandler] INFO  net.NetworkTopologyImpl (NetworkTopologyImpl.java:remove(137)) - Removed a node: /default-rack/cd9cff4b-1bd9-497e-976c-8eec10b9db64
2022-03-07 09:52:24,581 [EventQueue-DeadNodeForDeadNodeHandler] INFO  node.DeadNodeHandler (DeadNodeHandler.java:onMessage(80)) - A dead datanode is detected. 728f99e8-418e-4b00-b2e8-36f688b477dd{ip: 10.1.0.49, host: fv-az291-317.wgnan5asplgejimfprtllbpdch.jx.internal.cloudapp.net, ports: [REPLICATION=38547, RATIS=44013, RATIS_ADMIN=44013, RATIS_SERVER=44013, STANDALONE=41573], networkLocation: /default-rack, certSerialId: null, persistedOpState: IN_SERVICE, persistedOpStateExpiryEpochSec: 0}
2022-03-07 09:52:24,581 [EventQueue-DeadNodeForDeadNodeHandler] INFO  pipeline.RatisPipelineProvider (RatisPipelineProvider.java:lambda$close$1(222)) - Send pipeline:PipelineID=6774cf86-b56c-416d-81c1-296081326884 close command to datanode 728f99e8-418e-4b00-b2e8-36f688b477dd
2022-03-07 09:52:24,583 [9fd2d42e-0817-4c6b-b2b7-8c945e0a68b4@group-D482764D36D7-StateMachineUpdater] INFO  pipeline.PipelineStateManagerImpl (PipelineStateManagerImpl.java:removePipeline(223)) - Pipeline Pipeline[ Id: 6774cf86-b56c-416d-81c1-296081326884, Nodes: 728f99e8-418e-4b00-b2e8-36f688b477dd{ip: 10.1.0.49, host: fv-az291-317.wgnan5asplgejimfprtllbpdch.jx.internal.cloudapp.net, ports: [REPLICATION=38547, RATIS=44013, RATIS_ADMIN=44013, RATIS_SERVER=44013, STANDALONE=41573], networkLocation: /default-rack, certSerialId: null, persistedOpState: IN_SERVICE, persistedOpStateExpiryEpochSec: 0}, ReplicationConfig: RATIS/ONE, State:CLOSED, leaderId:728f99e8-418e-4b00-b2e8-36f688b477dd, CreationTimestamp2022-03-07T09:50:53.402Z[Etc/UTC]] removed.
2022-03-07 09:52:24,583 [EventQueue-DeadNodeForDeadNodeHandler] INFO  net.NetworkTopologyImpl (NetworkTopologyImpl.java:remove(137)) - Removed a node: /default-rack/728f99e8-418e-4b00-b2e8-36f688b477dd
2022-03-07 09:52:25,282 [EventQueue-StaleNodeForStaleNodeHandler] INFO  node.StaleNodeHandler (StaleNodeHandler.java:onMessage(58)) - Datanode 79ee019c-6239-4f85-9f3b-dddcaaaeb0fb{ip: 10.1.0.49, host: fv-az291-317.wgnan5asplgejimfprtllbpdch.jx.internal.cloudapp.net, ports: [REPLICATION=42249, RATIS=41163, RATIS_ADMIN=41163, RATIS_SERVER=41163, STANDALONE=43119], networkLocation: /default-rack, certSerialId: null, persistedOpState: IN_SERVICE, persistedOpStateExpiryEpochSec: 0} moved to stale state. Finalizing its pipelines [PipelineID=2fb996d2-0b8f-4226-89bb-c4519756b354]
2022-03-07 09:52:25,284 [EventQueue-StaleNodeForStaleNodeHandler] INFO  pipeline.PipelineManagerImpl (PipelineManagerImpl.java:closePipeline(365)) - Pipeline Pipeline[ Id: 2fb996d2-0b8f-4226-89bb-c4519756b354, Nodes: 79ee019c-6239-4f85-9f3b-dddcaaaeb0fb{ip: 10.1.0.49, host: fv-az291-317.wgnan5asplgejimfprtllbpdch.jx.internal.cloudapp.net, ports: [REPLICATION=42249, RATIS=41163, RATIS_ADMIN=41163, RATIS_SERVER=41163, STANDALONE=43119], networkLocation: /default-rack, certSerialId: null, persistedOpState: IN_SERVICE, persistedOpStateExpiryEpochSec: 0}, ReplicationConfig: RATIS/ONE, State:OPEN, leaderId:79ee019c-6239-4f85-9f3b-dddcaaaeb0fb, CreationTimestamp2022-03-07T09:50:56.579Z[Etc/UTC]] moved to CLOSED state
2022-03-07 09:52:25,385 [Listener at 127.0.0.1/40579] INFO  statemachine.DatanodeStateMachine (DatanodeStateMachine.java:stopDaemon(529)) - Ozone container server stopped.
2022-03-07 09:52:25,386 [Listener at 127.0.0.1/40579] INFO  handler.ContextHandler (ContextHandler.java:doStop(1153)) - Stopped o.e.j.w.WebAppContext@1ea08117{hddsDatanode,/,null,STOPPED}{jar:file:/home/runner/.m2/repository/org/apache/ozone/hdds-container-service/1.3.0-SNAPSHOT/hdds-container-service-1.3.0-SNAPSHOT.jar!/webapps/hddsDatanode}
2022-03-07 09:52:25,389 [Listener at 127.0.0.1/40579] INFO  server.AbstractConnector (AbstractConnector.java:doStop(381)) - Stopped ServerConnector@4afd4f20{HTTP/1.1, (http/1.1)}{0.0.0.0:0}
2022-03-07 09:52:25,389 [Listener at 127.0.0.1/40579] INFO  server.session (HouseKeeper.java:stopScavenging(149)) - node0 Stopped scavenging
2022-03-07 09:52:25,389 [Listener at 127.0.0.1/40579] INFO  handler.ContextHandler (ContextHandler.java:doStop(1153)) - Stopped o.e.j.s.ServletContextHandler@10b27a53{static,/static,jar:file:/home/runner/.m2/repository/org/apache/ozone/hdds-container-service/1.3.0-SNAPSHOT/hdds-container-service-1.3.0-SNAPSHOT.jar!/webapps/static,STOPPED}
2022-03-07 09:52:25,389 [Listener at 127.0.0.1/40579] INFO  handler.ContextHandler (ContextHandler.java:doStop(1153)) - Stopped o.e.j.s.ServletContextHandler@3c8bf866{logs,/logs,file:///home/runner/work/ozone/ozone/hadoop-ozone/integration-test/target/log,STOPPED}
2022-03-07 09:52:30,393 [Listener at 127.0.0.1/40579] INFO  ozoneimpl.OzoneContainer (OzoneContainer.java:stop(356)) - Attempting to stop container services.
2022-03-07 09:52:30,394 [Listener at 127.0.0.1/40579] INFO  server.RaftServer (RaftServerProxy.java:lambda$close$6(391)) - edf60a86-ae5b-4f71-bc37-25062be06587: close
2022-03-07 09:52:30,394 [Listener at 127.0.0.1/40579] INFO  server.RaftServer$Division (RaftServerImpl.java:lambda$close$4(412)) - edf60a86-ae5b-4f71-bc37-25062be06587@group-8FC2BBB632AF: shutdown
2022-03-07 09:52:30,394 [Listener at 127.0.0.1/40579] INFO  util.JmxRegister (JmxRegister.java:unregister(73)) - Successfully un-registered JMX Bean with object name Ratis:service=RaftServer,group=group-8FC2BBB632AF,id=edf60a86-ae5b-4f71-bc37-25062be06587
2022-03-07 09:52:30,394 [Listener at 127.0.0.1/40579] INFO  impl.RoleInfo (RoleInfo.java:shutdownLeaderState(91)) - edf60a86-ae5b-4f71-bc37-25062be06587: shutdown edf60a86-ae5b-4f71-bc37-25062be06587@group-8FC2BBB632AF-LeaderStateImpl
2022-03-07 09:52:30,394 [Listener at 127.0.0.1/40579] INFO  impl.PendingRequests (PendingRequests.java:sendNotLeaderResponses(282)) - edf60a86-ae5b-4f71-bc37-25062be06587@group-8FC2BBB632AF-PendingRequests: sendNotLeaderResponses
2022-03-07 09:52:30,395 [Listener at 127.0.0.1/40579] INFO  impl.StateMachineUpdater (StateMachineUpdater.java:stopAndJoin(149)) - edf60a86-ae5b-4f71-bc37-25062be06587@group-8FC2BBB632AF-StateMachineUpdater: set stopIndex = 0
2022-03-07 09:52:30,396 [edf60a86-ae5b-4f71-bc37-25062be06587@group-8FC2BBB632AF-StateMachineUpdater] INFO  ratis.ContainerStateMachine (ContainerStateMachine.java:takeSnapshot(304)) - group-8FC2BBB632AF: Taking a snapshot at:(t:1, i:0) file /home/runner/work/ozone/ozone/hadoop-ozone/integration-test/target/test-dir/MiniOzoneClusterImpl-4c099742-f0a8-499d-a606-d482764d36d7/datanode-5/data/ratis/b8f304be-f1b1-478f-9c2c-8fc2bbb632af/sm/snapshot.1_0
2022-03-07 09:52:30,397 [edf60a86-ae5b-4f71-bc37-25062be06587@group-8FC2BBB632AF-StateMachineUpdater] INFO  ratis.ContainerStateMachine (ContainerStateMachine.java:takeSnapshot(315)) - group-8FC2BBB632AF: Finished taking a snapshot at:(t:1, i:0) file:/home/runner/work/ozone/ozone/hadoop-ozone/integration-test/target/test-dir/MiniOzoneClusterImpl-4c099742-f0a8-499d-a606-d482764d36d7/datanode-5/data/ratis/b8f304be-f1b1-478f-9c2c-8fc2bbb632af/sm/snapshot.1_0 took: 1 ms
2022-03-07 09:52:30,397 [edf60a86-ae5b-4f71-bc37-25062be06587@group-8FC2BBB632AF-StateMachineUpdater] INFO  impl.StateMachineUpdater (StateMachineUpdater.java:takeSnapshot(281)) - edf60a86-ae5b-4f71-bc37-25062be06587@group-8FC2BBB632AF-StateMachineUpdater: Took a snapshot at index 0
2022-03-07 09:52:30,397 [edf60a86-ae5b-4f71-bc37-25062be06587@group-8FC2BBB632AF-StateMachineUpdater] INFO  impl.StateMachineUpdater (StateMachineUpdater.java:lambda$new$0(89)) - edf60a86-ae5b-4f71-bc37-25062be06587@group-8FC2BBB632AF-StateMachineUpdater: snapshotIndex: updateIncreasingly -1 -> 0
2022-03-07 09:52:30,397 [Listener at 127.0.0.1/40579] INFO  server.RaftServer$Division (ServerState.java:close(419)) - edf60a86-ae5b-4f71-bc37-25062be06587@group-8FC2BBB632AF: closes. applyIndex: 0
2022-03-07 09:52:30,398 [edf60a86-ae5b-4f71-bc37-25062be06587@group-8FC2BBB632AF-SegmentedRaftLogWorker] INFO  segmented.SegmentedRaftLogWorker (SegmentedRaftLogWorker.java:run(327)) - edf60a86-ae5b-4f71-bc37-25062be06587@group-8FC2BBB632AF-SegmentedRaftLogWorker was interrupted, exiting. There are 0 tasks remaining in the queue.
2022-03-07 09:52:30,398 [Listener at 127.0.0.1/40579] INFO  segmented.SegmentedRaftLogWorker (SegmentedRaftLogWorker.java:close(237)) - edf60a86-ae5b-4f71-bc37-25062be06587@group-8FC2BBB632AF-SegmentedRaftLogWorker close()
2022-03-07 09:52:30,398 [Listener at 127.0.0.1/40579] INFO  server.GrpcService (GrpcService.java:closeImpl(262)) - edf60a86-ae5b-4f71-bc37-25062be06587: shutdown server with port 38621 now
2022-03-07 09:52:30,410 [Listener at 127.0.0.1/40579] INFO  server.GrpcService (GrpcService.java:closeImpl(271)) - edf60a86-ae5b-4f71-bc37-25062be06587: shutdown server with port 38621 successfully
2022-03-07 09:52:30,410 [org.apache.ratis.util.JvmPauseMonitor$$Lambda$431/73409498@4743a573] INFO  util.JvmPauseMonitor (JvmPauseMonitor.java:run(109)) - JvmPauseMonitor-edf60a86-ae5b-4f71-bc37-25062be06587: Stopped
2022-03-07 09:52:32,421 [Listener at 127.0.0.1/40579] INFO  utils.BackgroundService (BackgroundService.java:shutdown(132)) - Shutting down service BlockDeletingService
2022-03-07 09:52:35,218 [EventQueue-StaleNodeForStaleNodeHandler] INFO  node.StaleNodeHandler (StaleNodeHandler.java:onMessage(58)) - Datanode edf60a86-ae5b-4f71-bc37-25062be06587{ip: 10.1.0.49, host: fv-az291-317.wgnan5asplgejimfprtllbpdch.jx.internal.cloudapp.net, ports: [REPLICATION=46727, RATIS=38621, RATIS_ADMIN=38621, RATIS_SERVER=38621, STANDALONE=45115], networkLocation: /default-rack, certSerialId: null, persistedOpState: IN_SERVICE, persistedOpStateExpiryEpochSec: 0} moved to stale state. Finalizing its pipelines [PipelineID=b8f304be-f1b1-478f-9c2c-8fc2bbb632af]
2022-03-07 09:52:35,220 [EventQueue-StaleNodeForStaleNodeHandler] INFO  pipeline.PipelineManagerImpl (PipelineManagerImpl.java:closePipeline(365)) - Pipeline Pipeline[ Id: b8f304be-f1b1-478f-9c2c-8fc2bbb632af, Nodes: edf60a86-ae5b-4f71-bc37-25062be06587{ip: 10.1.0.49, host: fv-az291-317.wgnan5asplgejimfprtllbpdch.jx.internal.cloudapp.net, ports: [REPLICATION=46727, RATIS=38621, RATIS_ADMIN=38621, RATIS_SERVER=38621, STANDALONE=45115], networkLocation: /default-rack, certSerialId: null, persistedOpState: IN_SERVICE, persistedOpStateExpiryEpochSec: 0}, ReplicationConfig: RATIS/ONE, State:OPEN, leaderId:edf60a86-ae5b-4f71-bc37-25062be06587, CreationTimestamp2022-03-07T09:50:55.768Z[Etc/UTC]] moved to CLOSED state
2022-03-07 09:52:35,317 [EventQueue-DeadNodeForDeadNodeHandler] INFO  node.DeadNodeHandler (DeadNodeHandler.java:onMessage(80)) - A dead datanode is detected. 79ee019c-6239-4f85-9f3b-dddcaaaeb0fb{ip: 10.1.0.49, host: fv-az291-317.wgnan5asplgejimfprtllbpdch.jx.internal.cloudapp.net, ports: [REPLICATION=42249, RATIS=41163, RATIS_ADMIN=41163, RATIS_SERVER=41163, STANDALONE=43119], networkLocation: /default-rack, certSerialId: null, persistedOpState: IN_SERVICE, persistedOpStateExpiryEpochSec: 0}
2022-03-07 09:52:35,318 [EventQueue-DeadNodeForDeadNodeHandler] INFO  pipeline.RatisPipelineProvider (RatisPipelineProvider.java:lambda$close$1(222)) - Send pipeline:PipelineID=2fb996d2-0b8f-4226-89bb-c4519756b354 close command to datanode 79ee019c-6239-4f85-9f3b-dddcaaaeb0fb
2022-03-07 09:52:35,325 [9fd2d42e-0817-4c6b-b2b7-8c945e0a68b4@group-D482764D36D7-StateMachineUpdater] INFO  pipeline.PipelineStateManagerImpl (PipelineStateManagerImpl.java:removePipeline(223)) - Pipeline Pipeline[ Id: 2fb996d2-0b8f-4226-89bb-c4519756b354, Nodes: 79ee019c-6239-4f85-9f3b-dddcaaaeb0fb{ip: 10.1.0.49, host: fv-az291-317.wgnan5asplgejimfprtllbpdch.jx.internal.cloudapp.net, ports: [REPLICATION=42249, RATIS=41163, RATIS_ADMIN=41163, RATIS_SERVER=41163, STANDALONE=43119], networkLocation: /default-rack, certSerialId: null, persistedOpState: IN_SERVICE, persistedOpStateExpiryEpochSec: 0}, ReplicationConfig: RATIS/ONE, State:CLOSED, leaderId:79ee019c-6239-4f85-9f3b-dddcaaaeb0fb, CreationTimestamp2022-03-07T09:50:56.579Z[Etc/UTC]] removed.
2022-03-07 09:52:35,327 [EventQueue-DeadNodeForDeadNodeHandler] INFO  net.NetworkTopologyImpl (NetworkTopologyImpl.java:remove(137)) - Removed a node: /default-rack/79ee019c-6239-4f85-9f3b-dddcaaaeb0fb
2022-03-07 09:52:35,433 [Listener at 127.0.0.1/40579] INFO  statemachine.DatanodeStateMachine (DatanodeStateMachine.java:stopDaemon(529)) - Ozone container server stopped.
2022-03-07 09:52:35,433 [Listener at 127.0.0.1/40579] INFO  handler.ContextHandler (ContextHandler.java:doStop(1153)) - Stopped o.e.j.w.WebAppContext@3141c6b3{hddsDatanode,/,null,STOPPED}{jar:file:/home/runner/.m2/repository/org/apache/ozone/hdds-container-service/1.3.0-SNAPSHOT/hdds-container-service-1.3.0-SNAPSHOT.jar!/webapps/hddsDatanode}
2022-03-07 09:52:35,436 [Listener at 127.0.0.1/40579] INFO  server.AbstractConnector (AbstractConnector.java:doStop(381)) - Stopped ServerConnector@3ce9764d{HTTP/1.1, (http/1.1)}{0.0.0.0:0}
2022-03-07 09:52:35,436 [Listener at 127.0.0.1/40579] INFO  server.session (HouseKeeper.java:stopScavenging(149)) - node0 Stopped scavenging
2022-03-07 09:52:35,436 [Listener at 127.0.0.1/40579] INFO  handler.ContextHandler (ContextHandler.java:doStop(1153)) - Stopped o.e.j.s.ServletContextHandler@59ff672c{static,/static,jar:file:/home/runner/.m2/repository/org/apache/ozone/hdds-container-service/1.3.0-SNAPSHOT/hdds-container-service-1.3.0-SNAPSHOT.jar!/webapps/static,STOPPED}
2022-03-07 09:52:35,436 [Listener at 127.0.0.1/40579] INFO  handler.ContextHandler (ContextHandler.java:doStop(1153)) - Stopped o.e.j.s.ServletContextHandler@66682673{logs,/logs,file:///home/runner/work/ozone/ozone/hadoop-ozone/integration-test/target/log,STOPPED}
2022-03-07 09:52:40,439 [Listener at 127.0.0.1/40579] INFO  ozoneimpl.OzoneContainer (OzoneContainer.java:stop(356)) - Attempting to stop container services.
2022-03-07 09:52:40,444 [Listener at 127.0.0.1/40579] INFO  server.RaftServer (RaftServerProxy.java:lambda$close$6(391)) - 7fca689d-043b-47bb-bf18-12adf35ba2bc: close
2022-03-07 09:52:40,445 [Listener at 127.0.0.1/40579] INFO  server.RaftServer$Division (RaftServerImpl.java:lambda$close$4(412)) - 7fca689d-043b-47bb-bf18-12adf35ba2bc@group-BC98A6F06252: shutdown
2022-03-07 09:52:40,445 [Listener at 127.0.0.1/40579] INFO  util.JmxRegister (JmxRegister.java:unregister(73)) - Successfully un-registered JMX Bean with object name Ratis:service=RaftServer,group=group-BC98A6F06252,id=7fca689d-043b-47bb-bf18-12adf35ba2bc
2022-03-07 09:52:40,445 [Listener at 127.0.0.1/40579] INFO  impl.RoleInfo (RoleInfo.java:shutdownLeaderState(91)) - 7fca689d-043b-47bb-bf18-12adf35ba2bc: shutdown 7fca689d-043b-47bb-bf18-12adf35ba2bc@group-BC98A6F06252-LeaderStateImpl
2022-03-07 09:52:40,445 [Listener at 127.0.0.1/40579] INFO  impl.PendingRequests (PendingRequests.java:sendNotLeaderResponses(282)) - 7fca689d-043b-47bb-bf18-12adf35ba2bc@group-BC98A6F06252-PendingRequests: sendNotLeaderResponses
2022-03-07 09:52:40,446 [Listener at 127.0.0.1/40579] INFO  impl.StateMachineUpdater (StateMachineUpdater.java:stopAndJoin(149)) - 7fca689d-043b-47bb-bf18-12adf35ba2bc@group-BC98A6F06252-StateMachineUpdater: set stopIndex = 0
2022-03-07 09:52:40,446 [7fca689d-043b-47bb-bf18-12adf35ba2bc@group-BC98A6F06252-StateMachineUpdater] INFO  ratis.ContainerStateMachine (ContainerStateMachine.java:takeSnapshot(304)) - group-BC98A6F06252: Taking a snapshot at:(t:1, i:0) file /home/runner/work/ozone/ozone/hadoop-ozone/integration-test/target/test-dir/MiniOzoneClusterImpl-4c099742-f0a8-499d-a606-d482764d36d7/datanode-3/data/ratis/c8644cdc-a540-45f0-a4e8-bc98a6f06252/sm/snapshot.1_0
2022-03-07 09:52:40,448 [7fca689d-043b-47bb-bf18-12adf35ba2bc@group-BC98A6F06252-StateMachineUpdater] INFO  ratis.ContainerStateMachine (ContainerStateMachine.java:takeSnapshot(315)) - group-BC98A6F06252: Finished taking a snapshot at:(t:1, i:0) file:/home/runner/work/ozone/ozone/hadoop-ozone/integration-test/target/test-dir/MiniOzoneClusterImpl-4c099742-f0a8-499d-a606-d482764d36d7/datanode-3/data/ratis/c8644cdc-a540-45f0-a4e8-bc98a6f06252/sm/snapshot.1_0 took: 1 ms
2022-03-07 09:52:40,448 [7fca689d-043b-47bb-bf18-12adf35ba2bc@group-BC98A6F06252-StateMachineUpdater] INFO  impl.StateMachineUpdater (StateMachineUpdater.java:takeSnapshot(281)) - 7fca689d-043b-47bb-bf18-12adf35ba2bc@group-BC98A6F06252-StateMachineUpdater: Took a snapshot at index 0
2022-03-07 09:52:40,448 [7fca689d-043b-47bb-bf18-12adf35ba2bc@group-BC98A6F06252-StateMachineUpdater] INFO  impl.StateMachineUpdater (StateMachineUpdater.java:lambda$new$0(89)) - 7fca689d-043b-47bb-bf18-12adf35ba2bc@group-BC98A6F06252-StateMachineUpdater: snapshotIndex: updateIncreasingly -1 -> 0
2022-03-07 09:52:40,448 [Listener at 127.0.0.1/40579] INFO  server.RaftServer$Division (ServerState.java:close(419)) - 7fca689d-043b-47bb-bf18-12adf35ba2bc@group-BC98A6F06252: closes. applyIndex: 0
2022-03-07 09:52:40,449 [7fca689d-043b-47bb-bf18-12adf35ba2bc@group-BC98A6F06252-SegmentedRaftLogWorker] INFO  segmented.SegmentedRaftLogWorker (SegmentedRaftLogWorker.java:run(327)) - 7fca689d-043b-47bb-bf18-12adf35ba2bc@group-BC98A6F06252-SegmentedRaftLogWorker was interrupted, exiting. There are 0 tasks remaining in the queue.
2022-03-07 09:52:40,449 [Listener at 127.0.0.1/40579] INFO  segmented.SegmentedRaftLogWorker (SegmentedRaftLogWorker.java:close(237)) - 7fca689d-043b-47bb-bf18-12adf35ba2bc@group-BC98A6F06252-SegmentedRaftLogWorker close()
2022-03-07 09:52:40,449 [Listener at 127.0.0.1/40579] INFO  server.GrpcService (GrpcService.java:closeImpl(262)) - 7fca689d-043b-47bb-bf18-12adf35ba2bc: shutdown server with port 42461 now
2022-03-07 09:52:40,485 [Listener at 127.0.0.1/40579] INFO  server.GrpcService (GrpcService.java:closeImpl(271)) - 7fca689d-043b-47bb-bf18-12adf35ba2bc: shutdown server with port 42461 successfully
2022-03-07 09:52:40,485 [org.apache.ratis.util.JvmPauseMonitor$$Lambda$431/73409498@50f70062] INFO  util.JvmPauseMonitor (JvmPauseMonitor.java:run(109)) - JvmPauseMonitor-7fca689d-043b-47bb-bf18-12adf35ba2bc: Stopped
2022-03-07 09:52:42,499 [Listener at 127.0.0.1/40579] INFO  utils.BackgroundService (BackgroundService.java:shutdown(132)) - Shutting down service BlockDeletingService
2022-03-07 09:52:45,158 [EventQueue-DeadNodeForDeadNodeHandler] INFO  node.DeadNodeHandler (DeadNodeHandler.java:onMessage(80)) - A dead datanode is detected. edf60a86-ae5b-4f71-bc37-25062be06587{ip: 10.1.0.49, host: fv-az291-317.wgnan5asplgejimfprtllbpdch.jx.internal.cloudapp.net, ports: [REPLICATION=46727, RATIS=38621, RATIS_ADMIN=38621, RATIS_SERVER=38621, STANDALONE=45115], networkLocation: /default-rack, certSerialId: null, persistedOpState: IN_SERVICE, persistedOpStateExpiryEpochSec: 0}
2022-03-07 09:52:45,158 [EventQueue-DeadNodeForDeadNodeHandler] INFO  pipeline.RatisPipelineProvider (RatisPipelineProvider.java:lambda$close$1(222)) - Send pipeline:PipelineID=b8f304be-f1b1-478f-9c2c-8fc2bbb632af close command to datanode edf60a86-ae5b-4f71-bc37-25062be06587
2022-03-07 09:52:45,160 [9fd2d42e-0817-4c6b-b2b7-8c945e0a68b4@group-D482764D36D7-StateMachineUpdater] INFO  pipeline.PipelineStateManagerImpl (PipelineStateManagerImpl.java:removePipeline(223)) - Pipeline Pipeline[ Id: b8f304be-f1b1-478f-9c2c-8fc2bbb632af, Nodes: edf60a86-ae5b-4f71-bc37-25062be06587{ip: 10.1.0.49, host: fv-az291-317.wgnan5asplgejimfprtllbpdch.jx.internal.cloudapp.net, ports: [REPLICATION=46727, RATIS=38621, RATIS_ADMIN=38621, RATIS_SERVER=38621, STANDALONE=45115], networkLocation: /default-rack, certSerialId: null, persistedOpState: IN_SERVICE, persistedOpStateExpiryEpochSec: 0}, ReplicationConfig: RATIS/ONE, State:CLOSED, leaderId:edf60a86-ae5b-4f71-bc37-25062be06587, CreationTimestamp2022-03-07T09:50:55.768Z[Etc/UTC]] removed.
2022-03-07 09:52:45,165 [EventQueue-DeadNodeForDeadNodeHandler] INFO  net.NetworkTopologyImpl (NetworkTopologyImpl.java:remove(137)) - Removed a node: /default-rack/edf60a86-ae5b-4f71-bc37-25062be06587
2022-03-07 09:52:45,258 [EventQueue-StaleNodeForStaleNodeHandler] INFO  node.StaleNodeHandler (StaleNodeHandler.java:onMessage(58)) - Datanode 7fca689d-043b-47bb-bf18-12adf35ba2bc{ip: 10.1.0.49, host: fv-az291-317.wgnan5asplgejimfprtllbpdch.jx.internal.cloudapp.net, ports: [REPLICATION=35909, RATIS=42461, RATIS_ADMIN=42461, RATIS_SERVER=42461, STANDALONE=44961], networkLocation: /default-rack, certSerialId: null, persistedOpState: IN_SERVICE, persistedOpStateExpiryEpochSec: 0} moved to stale state. Finalizing its pipelines [PipelineID=c8644cdc-a540-45f0-a4e8-bc98a6f06252]
2022-03-07 09:52:45,260 [EventQueue-StaleNodeForStaleNodeHandler] INFO  pipeline.PipelineManagerImpl (PipelineManagerImpl.java:closePipeline(365)) - Pipeline Pipeline[ Id: c8644cdc-a540-45f0-a4e8-bc98a6f06252, Nodes: 7fca689d-043b-47bb-bf18-12adf35ba2bc{ip: 10.1.0.49, host: fv-az291-317.wgnan5asplgejimfprtllbpdch.jx.internal.cloudapp.net, ports: [REPLICATION=35909, RATIS=42461, RATIS_ADMIN=42461, RATIS_SERVER=42461, STANDALONE=44961], networkLocation: /default-rack, certSerialId: null, persistedOpState: IN_SERVICE, persistedOpStateExpiryEpochSec: 0}, ReplicationConfig: RATIS/ONE, State:OPEN, leaderId:7fca689d-043b-47bb-bf18-12adf35ba2bc, CreationTimestamp2022-03-07T09:50:54.798Z[Etc/UTC]] moved to CLOSED state
2022-03-07 09:52:45,519 [Listener at 127.0.0.1/40579] INFO  statemachine.DatanodeStateMachine (DatanodeStateMachine.java:stopDaemon(529)) - Ozone container server stopped.
2022-03-07 09:52:45,520 [Listener at 127.0.0.1/40579] INFO  handler.ContextHandler (ContextHandler.java:doStop(1153)) - Stopped o.e.j.w.WebAppContext@729e51f0{hddsDatanode,/,null,STOPPED}{jar:file:/home/runner/.m2/repository/org/apache/ozone/hdds-container-service/1.3.0-SNAPSHOT/hdds-container-service-1.3.0-SNAPSHOT.jar!/webapps/hddsDatanode}
2022-03-07 09:52:45,521 [Listener at 127.0.0.1/40579] INFO  server.AbstractConnector (AbstractConnector.java:doStop(381)) - Stopped ServerConnector@6a703d66{HTTP/1.1, (http/1.1)}{0.0.0.0:0}
2022-03-07 09:52:45,521 [Listener at 127.0.0.1/40579] INFO  server.session (HouseKeeper.java:stopScavenging(149)) - node0 Stopped scavenging
2022-03-07 09:52:45,521 [Listener at 127.0.0.1/40579] INFO  handler.ContextHandler (ContextHandler.java:doStop(1153)) - Stopped o.e.j.s.ServletContextHandler@7f3c4fb{static,/static,jar:file:/home/runner/.m2/repository/org/apache/ozone/hdds-container-service/1.3.0-SNAPSHOT/hdds-container-service-1.3.0-SNAPSHOT.jar!/webapps/static,STOPPED}
2022-03-07 09:52:45,521 [Listener at 127.0.0.1/40579] INFO  handler.ContextHandler (ContextHandler.java:doStop(1153)) - Stopped o.e.j.s.ServletContextHandler@7baf944c{logs,/logs,file:///home/runner/work/ozone/ozone/hadoop-ozone/integration-test/target/log,STOPPED}
2022-03-07 09:52:55,187 [EventQueue-DeadNodeForDeadNodeHandler] INFO  node.DeadNodeHandler (DeadNodeHandler.java:onMessage(80)) - A dead datanode is detected. 7fca689d-043b-47bb-bf18-12adf35ba2bc{ip: 10.1.0.49, host: fv-az291-317.wgnan5asplgejimfprtllbpdch.jx.internal.cloudapp.net, ports: [REPLICATION=35909, RATIS=42461, RATIS_ADMIN=42461, RATIS_SERVER=42461, STANDALONE=44961], networkLocation: /default-rack, certSerialId: null, persistedOpState: IN_SERVICE, persistedOpStateExpiryEpochSec: 0}
2022-03-07 09:52:55,188 [EventQueue-DeadNodeForDeadNodeHandler] INFO  pipeline.RatisPipelineProvider (RatisPipelineProvider.java:lambda$close$1(222)) - Send pipeline:PipelineID=c8644cdc-a540-45f0-a4e8-bc98a6f06252 close command to datanode 7fca689d-043b-47bb-bf18-12adf35ba2bc
2022-03-07 09:52:55,190 [9fd2d42e-0817-4c6b-b2b7-8c945e0a68b4@group-D482764D36D7-StateMachineUpdater] INFO  pipeline.PipelineStateManagerImpl (PipelineStateManagerImpl.java:removePipeline(223)) - Pipeline Pipeline[ Id: c8644cdc-a540-45f0-a4e8-bc98a6f06252, Nodes: 7fca689d-043b-47bb-bf18-12adf35ba2bc{ip: 10.1.0.49, host: fv-az291-317.wgnan5asplgejimfprtllbpdch.jx.internal.cloudapp.net, ports: [REPLICATION=35909, RATIS=42461, RATIS_ADMIN=42461, RATIS_SERVER=42461, STANDALONE=44961], networkLocation: /default-rack, certSerialId: null, persistedOpState: IN_SERVICE, persistedOpStateExpiryEpochSec: 0}, ReplicationConfig: RATIS/ONE, State:CLOSED, leaderId:7fca689d-043b-47bb-bf18-12adf35ba2bc, CreationTimestamp2022-03-07T09:50:54.798Z[Etc/UTC]] removed.
2022-03-07 09:52:55,190 [EventQueue-DeadNodeForDeadNodeHandler] INFO  net.NetworkTopologyImpl (NetworkTopologyImpl.java:remove(137)) - Removed a node: /default-rack/7fca689d-043b-47bb-bf18-12adf35ba2bc
2022-03-07 09:53:52,571 [RatisPipelineUtilsThread - 0] ERROR scm.SCMCommonPlacementPolicy (SCMCommonPlacementPolicy.java:filterNodesWithSpace(171)) - Unable to find enough nodes that meet the space requirement of 1073741824 bytes for metadata and 5368709120 bytes for data in healthy node set. Required 3. Found 0.
]]></system-out>
  </testcase>
  <testcase name="testWatchForCommitDatanodeFailure" classname="org.apache.hadoop.ozone.client.rpc.TestBlockOutputStreamWithFailuresFlushDelay" time="0.196">
    <error message="Not started" type="java.lang.IllegalStateException">java.lang.IllegalStateException: Not started
	at org.apache.ratis.thirdparty.com.google.common.base.Preconditions.checkState(Preconditions.java:508)
	at org.apache.ratis.thirdparty.io.grpc.internal.ServerImpl.getPort(ServerImpl.java:196)
	at org.apache.ratis.grpc.server.GrpcService.closeImpl(GrpcService.java:261)
	at org.apache.ratis.util.LifeCycle.lambda$checkStateAndClose$4(LifeCycle.java:299)
	at org.apache.ratis.util.LifeCycle.checkStateAndClose(LifeCycle.java:319)
	at org.apache.ratis.util.LifeCycle.checkStateAndClose(LifeCycle.java:297)
	at org.apache.ratis.server.RaftServerRpcWithProxy.close(RaftServerRpcWithProxy.java:80)
	at org.apache.ratis.server.impl.RaftServerProxy.lambda$close$6(RaftServerProxy.java:395)
	at org.apache.ratis.util.LifeCycle.lambda$checkStateAndClose$4(LifeCycle.java:299)
	at org.apache.ratis.util.LifeCycle.checkStateAndClose(LifeCycle.java:319)
	at org.apache.ratis.util.LifeCycle.checkStateAndClose(LifeCycle.java:297)
	at org.apache.ratis.server.impl.RaftServerProxy.close(RaftServerProxy.java:390)
	at org.apache.hadoop.hdds.scm.ha.SCMRatisServerImpl.initialize(SCMRatisServerImpl.java:125)
	at org.apache.hadoop.ozone.MiniOzoneClusterImpl$Builder.initializeScmStorage(MiniOzoneClusterImpl.java:743)
	at org.apache.hadoop.ozone.MiniOzoneClusterImpl$Builder.createSCM(MiniOzoneClusterImpl.java:717)
	at org.apache.hadoop.ozone.MiniOzoneClusterImpl$Builder.build(MiniOzoneClusterImpl.java:587)
	at org.apache.hadoop.ozone.client.rpc.TestBlockOutputStreamWithFailuresFlushDelay.init(TestBlockOutputStreamWithFailuresFlushDelay.java:136)
	at sun.reflect.NativeMethodAccessorImpl.invoke0(Native Method)
	at sun.reflect.NativeMethodAccessorImpl.invoke(NativeMethodAccessorImpl.java:62)
	at sun.reflect.DelegatingMethodAccessorImpl.invoke(DelegatingMethodAccessorImpl.java:43)
	at java.lang.reflect.Method.invoke(Method.java:498)
	at org.junit.runners.model.FrameworkMethod$1.runReflectiveCall(FrameworkMethod.java:59)
	at org.junit.internal.runners.model.ReflectiveCallable.run(ReflectiveCallable.java:12)
	at org.junit.runners.model.FrameworkMethod.invokeExplosively(FrameworkMethod.java:56)
	at org.junit.internal.runners.statements.RunBefores.invokeMethod(RunBefores.java:33)
	at org.junit.internal.runners.statements.RunBefores.evaluate(RunBefores.java:24)
	at org.junit.internal.runners.statements.RunAfters.evaluate(RunAfters.java:27)
	at org.junit.internal.runners.statements.FailOnTimeout$CallableStatement.call(FailOnTimeout.java:288)
	at org.junit.internal.runners.statements.FailOnTimeout$CallableStatement.call(FailOnTimeout.java:282)
	at java.util.concurrent.FutureTask.run(FutureTask.java:266)
	at java.lang.Thread.run(Thread.java:750)
</error>
    <system-out><![CDATA[2022-03-07 09:55:35,303 [Time-limited test] WARN  server.ServerUtils (ServerUtils.java:getScmDbDir(148)) - ozone.scm.db.dirs is not configured. We recommend adding this setting. Falling back to ozone.metadata.dirs instead.
2022-03-07 09:55:35,324 [Time-limited test] INFO  ha.SCMHANodeDetails (SCMHANodeDetails.java:loadSCMHAConfig(157)) - ServiceID for StorageContainerManager is null
2022-03-07 09:55:35,324 [Time-limited test] INFO  ha.SCMHANodeDetails (SCMHANodeDetails.java:loadSCMHAConfig(162)) - ozone.scm.default.service.id is not defined, falling back to ozone.scm.service.ids to find serviceID for StorageContainerManager if it is HA enabled cluster
2022-03-07 09:55:35,328 [Time-limited test] INFO  server.RaftServer (ConfUtils.java:logGet(44)) - raft.rpc.type = GRPC (default)
2022-03-07 09:55:35,329 [Time-limited test] INFO  grpc.GrpcFactory (GrpcFactory.java:checkPooledByteBufAllocatorUseCacheForAllThreads(48)) - PERFORMANCE WARNING: useCacheForAllThreads is true that may cause Netty to create a lot garbage objects and, as a result, trigger GC.
	It is recommended to disable useCacheForAllThreads by setting -Dorg.apache.ratis.thirdparty.io.netty.allocator.useCacheForAllThreads=false in command line.
2022-03-07 09:55:35,329 [Time-limited test] INFO  grpc.GrpcConfigKeys (ConfUtils.java:logGet(44)) - raft.grpc.admin.port = -1 (default)
2022-03-07 09:55:35,329 [Time-limited test] INFO  grpc.GrpcConfigKeys (ConfUtils.java:logGet(44)) - raft.grpc.server.port = 9894 (custom)
2022-03-07 09:55:35,329 [Time-limited test] INFO  grpc.GrpcConfigKeys (ConfUtils.java:logGet(44)) - raft.grpc.client.port = -1 (default)
2022-03-07 09:55:35,329 [Time-limited test] INFO  grpc.GrpcConfigKeys (ConfUtils.java:logGet(44)) - raft.grpc.server.port = 9894 (custom)
2022-03-07 09:55:35,329 [Time-limited test] INFO  grpc.GrpcConfigKeys (ConfUtils.java:logGet(44)) - raft.grpc.server.port = 9894 (custom)
2022-03-07 09:55:35,329 [Time-limited test] INFO  server.GrpcService (ConfUtils.java:logGet(44)) - raft.grpc.message.size.max = 32m (=33554432) (custom)
2022-03-07 09:55:35,329 [Time-limited test] INFO  server.RaftServerConfigKeys (ConfUtils.java:logGet(44)) - raft.server.log.appender.buffer.byte-limit = 33554432 (custom)
2022-03-07 09:55:35,329 [Time-limited test] INFO  server.GrpcService (ConfUtils.java:logGet(44)) - raft.grpc.flow.control.window = 1MB (=1048576) (default)
2022-03-07 09:55:35,329 [Time-limited test] INFO  server.RaftServerConfigKeys (ConfUtils.java:logGet(44)) - raft.server.rpc.request.timeout = 30000ms (custom)
2022-03-07 09:55:35,332 [Time-limited test] INFO  impl.DataStreamServerImpl (ConfUtils.java:logGet(44)) - raft.datastream.type = DISABLED (default)
2022-03-07 09:55:35,332 [Time-limited test] INFO  server.RaftServerConfigKeys (ConfUtils.java:logGet(44)) - raft.server.rpc.slowness.timeout = 120000ms (custom)
2022-03-07 09:55:35,332 [Time-limited test] INFO  server.RaftServerConfigKeys (ConfUtils.java:logGet(44)) - raft.server.leaderelection.leader.step-down.wait-time = 10s (default)
2022-03-07 09:55:35,332 [Time-limited test] INFO  server.RaftServerConfigKeys (ConfUtils.java:logGet(44)) - raft.server.storage.dir = [/home/runner/work/ozone/ozone/hadoop-ozone/integration-test/target/test-dir/MiniOzoneClusterImpl-41a885bd-3bf4-4fa3-b9ad-e1f9edc6523a/ozone-meta/scm-ha] (custom)
2022-03-07 09:55:35,344 [Time-limited test] INFO  server.RaftServer (RaftServerProxy.java:addNew(95)) - 23897e7b-ee2c-43c9-88e6-26d7fc4ed1cd: addNew group-E1F9EDC6523A:[23897e7b-ee2c-43c9-88e6-26d7fc4ed1cd|rpc:fv-az291-317:9894|priority:0] returns group-E1F9EDC6523A:java.util.concurrent.CompletableFuture@dcf1796[Not completed]
2022-03-07 09:55:35,344 [pool-805-thread-1] INFO  server.RaftServer$Division (RaftServerImpl.java:<init>(184)) - 23897e7b-ee2c-43c9-88e6-26d7fc4ed1cd: new RaftServerImpl for group-E1F9EDC6523A:[23897e7b-ee2c-43c9-88e6-26d7fc4ed1cd|rpc:fv-az291-317:9894|priority:0] with SCMStateMachine:uninitialized
2022-03-07 09:55:35,368 [pool-805-thread-1] INFO  server.RaftServerConfigKeys (ConfUtils.java:logGet(44)) - raft.server.rpc.timeout.min = 5000ms (custom)
2022-03-07 09:55:35,368 [pool-805-thread-1] INFO  server.RaftServerConfigKeys (ConfUtils.java:logGet(44)) - raft.server.rpc.timeout.max = 5200ms (custom)
2022-03-07 09:55:35,368 [pool-805-thread-1] INFO  server.RaftServerConfigKeys (ConfUtils.java:logGet(44)) - raft.server.rpc.sleep.time = 25ms (default)
2022-03-07 09:55:35,368 [pool-805-thread-1] INFO  server.RaftServerConfigKeys (ConfUtils.java:logGet(44)) - raft.server.rpc.slowness.timeout = 120000ms (custom)
2022-03-07 09:55:35,368 [pool-805-thread-1] INFO  server.RaftServerConfigKeys (ConfUtils.java:logGet(44)) - raft.server.leaderelection.leader.step-down.wait-time = 10s (default)
2022-03-07 09:55:35,368 [pool-805-thread-1] INFO  server.RaftServerConfigKeys (ConfUtils.java:logGet(44)) - raft.server.sleep.deviation.threshold = 300ms (default)
2022-03-07 09:55:35,368 [pool-805-thread-1] INFO  server.RaftServerConfigKeys (ConfUtils.java:logGet(44)) - raft.server.log.appender.install.snapshot.enabled = false (custom)
2022-03-07 09:55:35,368 [pool-805-thread-1] INFO  server.RaftServer$Division (ServerState.java:<init>(105)) - 23897e7b-ee2c-43c9-88e6-26d7fc4ed1cd@group-E1F9EDC6523A: ConfigurationManager, init=-1: [23897e7b-ee2c-43c9-88e6-26d7fc4ed1cd|rpc:fv-az291-317:9894|priority:0], old=null, confs=<EMPTY_MAP>
2022-03-07 09:55:35,368 [pool-805-thread-1] INFO  server.RaftServerConfigKeys (ConfUtils.java:logGet(44)) - raft.server.storage.dir = [/home/runner/work/ozone/ozone/hadoop-ozone/integration-test/target/test-dir/MiniOzoneClusterImpl-41a885bd-3bf4-4fa3-b9ad-e1f9edc6523a/ozone-meta/scm-ha] (custom)
2022-03-07 09:55:35,368 [pool-805-thread-1] INFO  server.RaftServerConfigKeys (ConfUtils.java:logGet(44)) - raft.server.log.corruption.policy = EXCEPTION (default)
2022-03-07 09:55:35,368 [pool-805-thread-1] INFO  server.RaftServerConfigKeys (ConfUtils.java:logGet(44)) - raft.server.storage.free-space.min = 0MB (=0) (default)
2022-03-07 09:55:35,369 [pool-805-thread-1] INFO  storage.RaftStorageDirectory (RaftStorageDirectoryImpl.java:analyzeStorage(135)) - The storage directory /home/runner/work/ozone/ozone/hadoop-ozone/integration-test/target/test-dir/MiniOzoneClusterImpl-41a885bd-3bf4-4fa3-b9ad-e1f9edc6523a/ozone-meta/scm-ha/41a885bd-3bf4-4fa3-b9ad-e1f9edc6523a does not exist. Creating ...
2022-03-07 09:55:35,375 [pool-805-thread-1] INFO  storage.RaftStorageDirectory (RaftStorageDirectoryImpl.java:tryLock(230)) - Lock on /home/runner/work/ozone/ozone/hadoop-ozone/integration-test/target/test-dir/MiniOzoneClusterImpl-41a885bd-3bf4-4fa3-b9ad-e1f9edc6523a/ozone-meta/scm-ha/41a885bd-3bf4-4fa3-b9ad-e1f9edc6523a/in_use.lock acquired by nodename 23420@fv-az291-317
2022-03-07 09:55:35,385 [pool-805-thread-1] INFO  storage.RaftStorage (RaftStorageImpl.java:format(89)) - Storage directory /home/runner/work/ozone/ozone/hadoop-ozone/integration-test/target/test-dir/MiniOzoneClusterImpl-41a885bd-3bf4-4fa3-b9ad-e1f9edc6523a/ozone-meta/scm-ha/41a885bd-3bf4-4fa3-b9ad-e1f9edc6523a has been successfully formatted.
2022-03-07 09:55:35,386 [pool-805-thread-1] INFO  server.RaftServerConfigKeys (ConfUtils.java:logGet(44)) - raft.server.notification.no-leader.timeout = 60s (default)
2022-03-07 09:55:35,387 [pool-805-thread-1] INFO  server.RaftServerConfigKeys (ConfUtils.java:logGet(44)) - raft.server.log.use.memory = false (default)
2022-03-07 09:55:35,388 [pool-805-thread-1] INFO  server.RaftServerConfigKeys (ConfUtils.java:logGet(44)) - raft.server.log.purge.gap = 1000000 (custom)
2022-03-07 09:55:35,388 [pool-805-thread-1] INFO  server.RaftServerConfigKeys (ConfUtils.java:logGet(44)) - raft.server.log.appender.buffer.byte-limit = 33554432 (custom)
2022-03-07 09:55:35,388 [pool-805-thread-1] INFO  server.RaftServerConfigKeys (ConfUtils.java:logGet(44)) - raft.server.log.segment.size.max = 4194304 (custom)
2022-03-07 09:55:35,388 [pool-805-thread-1] INFO  server.RaftServerConfigKeys (ConfUtils.java:logGet(44)) - raft.server.log.segment.cache.num.max = 2 (custom)
2022-03-07 09:55:35,388 [pool-805-thread-1] INFO  server.RaftServerConfigKeys (ConfUtils.java:logGet(44)) - raft.server.log.segment.cache.size.max = 200MB (=209715200) (default)
2022-03-07 09:55:35,388 [pool-805-thread-1] INFO  segmented.SegmentedRaftLogWorker (SegmentedRaftLogWorker.java:<init>(182)) - new 23897e7b-ee2c-43c9-88e6-26d7fc4ed1cd@group-E1F9EDC6523A-SegmentedRaftLogWorker for RaftStorageImpl:Storage Directory /home/runner/work/ozone/ozone/hadoop-ozone/integration-test/target/test-dir/MiniOzoneClusterImpl-41a885bd-3bf4-4fa3-b9ad-e1f9edc6523a/ozone-meta/scm-ha/41a885bd-3bf4-4fa3-b9ad-e1f9edc6523a
2022-03-07 09:55:35,389 [pool-805-thread-1] INFO  server.RaftServerConfigKeys (ConfUtils.java:logGet(44)) - raft.server.log.queue.byte-limit = 64MB (=67108864) (default)
2022-03-07 09:55:35,389 [pool-805-thread-1] INFO  server.RaftServerConfigKeys (ConfUtils.java:logGet(44)) - raft.server.log.queue.element-limit = 4096 (default)
2022-03-07 09:55:35,389 [pool-805-thread-1] INFO  server.RaftServerConfigKeys (ConfUtils.java:logGet(44)) - raft.server.log.segment.size.max = 4194304 (custom)
2022-03-07 09:55:35,389 [pool-805-thread-1] INFO  server.RaftServerConfigKeys (ConfUtils.java:logGet(44)) - raft.server.log.preallocated.size = 4194304 (custom)
2022-03-07 09:55:35,389 [pool-805-thread-1] INFO  server.RaftServerConfigKeys (ConfUtils.java:logGet(44)) - raft.server.log.force.sync.num = 128 (default)
2022-03-07 09:55:35,389 [pool-805-thread-1] INFO  server.RaftServerConfigKeys (ConfUtils.java:logGet(44)) - raft.server.log.statemachine.data.sync = true (default)
2022-03-07 09:55:35,389 [pool-805-thread-1] INFO  server.RaftServerConfigKeys (ConfUtils.java:logGet(44)) - raft.server.log.statemachine.data.sync.timeout = 10s (default)
2022-03-07 09:55:35,389 [pool-805-thread-1] INFO  server.RaftServerConfigKeys (ConfUtils.java:logGet(44)) - raft.server.log.statemachine.data.sync.timeout.retry = -1 (default)
2022-03-07 09:55:35,390 [pool-805-thread-1] INFO  server.RaftServerConfigKeys (ConfUtils.java:logGet(44)) - raft.server.log.write.buffer.size = 64KB (=65536) (default)
2022-03-07 09:55:35,390 [pool-805-thread-1] INFO  server.RaftServerConfigKeys (ConfUtils.java:logGet(44)) - raft.server.log.statemachine.data.caching.enabled = false (default)
2022-03-07 09:55:35,390 [pool-805-thread-1] INFO  segmented.SegmentedRaftLogWorker (SegmentedRaftLogWorker.java:lambda$new$0(133)) - 23897e7b-ee2c-43c9-88e6-26d7fc4ed1cd@group-E1F9EDC6523A-SegmentedRaftLogWorker: flushIndex: setUnconditionally 0 -> -1
2022-03-07 09:55:35,390 [pool-805-thread-1] INFO  segmented.SegmentedRaftLogWorker (SegmentedRaftLogWorker.java:lambda$new$0(133)) - 23897e7b-ee2c-43c9-88e6-26d7fc4ed1cd@group-E1F9EDC6523A-SegmentedRaftLogWorker: safeCacheEvictIndex: setUnconditionally 0 -> -1
2022-03-07 09:55:35,401 [pool-805-thread-1] INFO  server.RaftServerConfigKeys (ConfUtils.java:logGet(44)) - raft.server.snapshot.auto.trigger.enabled = true (custom)
2022-03-07 09:55:35,401 [pool-805-thread-1] INFO  server.RaftServerConfigKeys (ConfUtils.java:logGet(44)) - raft.server.snapshot.auto.trigger.threshold = 1000 (custom)
2022-03-07 09:55:35,401 [pool-805-thread-1] INFO  server.RaftServerConfigKeys (ConfUtils.java:logGet(44)) - raft.server.snapshot.retention.file.num = -1 (default)
2022-03-07 09:55:35,401 [pool-805-thread-1] INFO  server.RaftServerConfigKeys (ConfUtils.java:logGet(44)) - raft.server.log.purge.upto.snapshot.index = false (default)
2022-03-07 09:55:35,401 [pool-805-thread-1] INFO  server.RaftServerConfigKeys (ConfUtils.java:logGet(44)) - raft.server.retrycache.expirytime = 60000ms (default)
2022-03-07 09:55:35,401 [pool-805-thread-1] INFO  server.RaftServerConfigKeys (ConfUtils.java:logGet(44)) - raft.server.retrycache.statistics.expirytime = 100μs (default)
2022-03-07 09:55:35,402 [Time-limited test] INFO  server.RaftServer$Division (RaftServerImpl.java:start(301)) - 23897e7b-ee2c-43c9-88e6-26d7fc4ed1cd@group-E1F9EDC6523A: start as a follower, conf=-1: [23897e7b-ee2c-43c9-88e6-26d7fc4ed1cd|rpc:fv-az291-317:9894|priority:0], old=null
2022-03-07 09:55:35,402 [Time-limited test] INFO  server.RaftServer$Division (RaftServerImpl.java:setRole(290)) - 23897e7b-ee2c-43c9-88e6-26d7fc4ed1cd@group-E1F9EDC6523A: changes role from      null to FOLLOWER at term 0 for startAsFollower
2022-03-07 09:55:35,402 [Time-limited test] INFO  impl.RoleInfo (RoleInfo.java:updateAndGet(130)) - 23897e7b-ee2c-43c9-88e6-26d7fc4ed1cd: start 23897e7b-ee2c-43c9-88e6-26d7fc4ed1cd@group-E1F9EDC6523A-FollowerState
2022-03-07 09:55:35,405 [Time-limited test] INFO  util.JmxRegister (JmxRegister.java:tryRegister(44)) - Successfully registered JMX Bean with object name Ratis:service=RaftServer,group=group-E1F9EDC6523A,id=23897e7b-ee2c-43c9-88e6-26d7fc4ed1cd
2022-03-07 09:55:35,412 [Time-limited test] INFO  server.RaftServer (RaftServerProxy.java:lambda$start$5(374)) - 23897e7b-ee2c-43c9-88e6-26d7fc4ed1cd: start RPC server
2022-03-07 09:55:35,414 [Time-limited test] ERROR server.GrpcService (ExitUtils.java:terminate(133)) - Terminating with exit status 1: Failed to start Grpc server
java.io.IOException: Failed to bind
	at org.apache.ratis.thirdparty.io.grpc.netty.NettyServer.start(NettyServer.java:264)
	at org.apache.ratis.thirdparty.io.grpc.internal.ServerImpl.start(ServerImpl.java:183)
	at org.apache.ratis.thirdparty.io.grpc.internal.ServerImpl.start(ServerImpl.java:90)
	at org.apache.ratis.grpc.server.GrpcService.startImpl(GrpcService.java:249)
	at org.apache.ratis.util.LifeCycle.startAndTransition(LifeCycle.java:270)
	at org.apache.ratis.server.RaftServerRpcWithProxy.start(RaftServerRpcWithProxy.java:72)
	at org.apache.ratis.server.impl.RaftServerProxy.lambda$start$5(RaftServerProxy.java:375)
	at org.apache.ratis.util.LifeCycle.startAndTransition(LifeCycle.java:270)
	at org.apache.ratis.server.impl.RaftServerProxy.start(RaftServerProxy.java:373)
	at org.apache.hadoop.hdds.scm.ha.SCMRatisServerImpl.initialize(SCMRatisServerImpl.java:121)
	at org.apache.hadoop.ozone.MiniOzoneClusterImpl$Builder.initializeScmStorage(MiniOzoneClusterImpl.java:743)
	at org.apache.hadoop.ozone.MiniOzoneClusterImpl$Builder.createSCM(MiniOzoneClusterImpl.java:717)
	at org.apache.hadoop.ozone.MiniOzoneClusterImpl$Builder.build(MiniOzoneClusterImpl.java:587)
	at org.apache.hadoop.ozone.client.rpc.TestBlockOutputStreamWithFailuresFlushDelay.init(TestBlockOutputStreamWithFailuresFlushDelay.java:136)
	at sun.reflect.NativeMethodAccessorImpl.invoke0(Native Method)
	at sun.reflect.NativeMethodAccessorImpl.invoke(NativeMethodAccessorImpl.java:62)
	at sun.reflect.DelegatingMethodAccessorImpl.invoke(DelegatingMethodAccessorImpl.java:43)
	at java.lang.reflect.Method.invoke(Method.java:498)
	at org.junit.runners.model.FrameworkMethod$1.runReflectiveCall(FrameworkMethod.java:59)
	at org.junit.internal.runners.model.ReflectiveCallable.run(ReflectiveCallable.java:12)
	at org.junit.runners.model.FrameworkMethod.invokeExplosively(FrameworkMethod.java:56)
	at org.junit.internal.runners.statements.RunBefores.invokeMethod(RunBefores.java:33)
	at org.junit.internal.runners.statements.RunBefores.evaluate(RunBefores.java:24)
	at org.junit.internal.runners.statements.RunAfters.evaluate(RunAfters.java:27)
	at org.junit.internal.runners.statements.FailOnTimeout$CallableStatement.call(FailOnTimeout.java:288)
	at org.junit.internal.runners.statements.FailOnTimeout$CallableStatement.call(FailOnTimeout.java:282)
	at java.util.concurrent.FutureTask.run(FutureTask.java:266)
	at java.lang.Thread.run(Thread.java:750)
Caused by: org.apache.ratis.thirdparty.io.netty.channel.unix.Errors$NativeIoException: bind(..) failed: Address already in use
2022-03-07 09:55:35,415 [Time-limited test] INFO  server.RaftServer (RaftServerProxy.java:lambda$close$6(391)) - 23897e7b-ee2c-43c9-88e6-26d7fc4ed1cd: close
2022-03-07 09:55:35,415 [Time-limited test] INFO  server.RaftServer$Division (RaftServerImpl.java:lambda$close$4(412)) - 23897e7b-ee2c-43c9-88e6-26d7fc4ed1cd@group-E1F9EDC6523A: shutdown
2022-03-07 09:55:35,416 [Time-limited test] INFO  util.JmxRegister (JmxRegister.java:unregister(73)) - Successfully un-registered JMX Bean with object name Ratis:service=RaftServer,group=group-E1F9EDC6523A,id=23897e7b-ee2c-43c9-88e6-26d7fc4ed1cd
2022-03-07 09:55:35,416 [Time-limited test] INFO  impl.RoleInfo (RoleInfo.java:shutdownFollowerState(108)) - 23897e7b-ee2c-43c9-88e6-26d7fc4ed1cd: shutdown 23897e7b-ee2c-43c9-88e6-26d7fc4ed1cd@group-E1F9EDC6523A-FollowerState
2022-03-07 09:55:35,416 [Time-limited test] INFO  impl.StateMachineUpdater (StateMachineUpdater.java:stopAndJoin(149)) - 23897e7b-ee2c-43c9-88e6-26d7fc4ed1cd@group-E1F9EDC6523A-StateMachineUpdater: set stopIndex = -1
2022-03-07 09:55:35,416 [23897e7b-ee2c-43c9-88e6-26d7fc4ed1cd@group-E1F9EDC6523A-FollowerState] INFO  impl.FollowerState (FollowerState.java:run(143)) - 23897e7b-ee2c-43c9-88e6-26d7fc4ed1cd@group-E1F9EDC6523A-FollowerState was interrupted: {}
java.lang.InterruptedException: sleep interrupted
	at java.lang.Thread.sleep(Native Method)
	at java.lang.Thread.sleep(Thread.java:342)
	at java.util.concurrent.TimeUnit.sleep(TimeUnit.java:386)
	at org.apache.ratis.util.TimeDuration.sleep(TimeDuration.java:324)
	at org.apache.ratis.util.TimeDuration.sleep(TimeDuration.java:309)
	at org.apache.ratis.server.impl.FollowerState.run(FollowerState.java:118)
2022-03-07 09:55:35,416 [Time-limited test] INFO  server.RaftServer$Division (ServerState.java:close(419)) - 23897e7b-ee2c-43c9-88e6-26d7fc4ed1cd@group-E1F9EDC6523A: closes. applyIndex: -1
2022-03-07 09:55:35,416 [23897e7b-ee2c-43c9-88e6-26d7fc4ed1cd@group-E1F9EDC6523A-SegmentedRaftLogWorker] INFO  segmented.SegmentedRaftLogWorker (SegmentedRaftLogWorker.java:run(327)) - 23897e7b-ee2c-43c9-88e6-26d7fc4ed1cd@group-E1F9EDC6523A-SegmentedRaftLogWorker was interrupted, exiting. There are 0 tasks remaining in the queue.
2022-03-07 09:55:35,416 [Time-limited test] INFO  segmented.SegmentedRaftLogWorker (SegmentedRaftLogWorker.java:close(237)) - 23897e7b-ee2c-43c9-88e6-26d7fc4ed1cd@group-E1F9EDC6523A-SegmentedRaftLogWorker close()
]]></system-out>
  </testcase>
  <testcase name="testContainerClose" classname="org.apache.hadoop.ozone.client.rpc.TestBlockOutputStreamWithFailuresFlushDelay" time="0.219">
    <error message="Not started" type="java.lang.IllegalStateException">java.lang.IllegalStateException: Not started
	at org.apache.ratis.thirdparty.com.google.common.base.Preconditions.checkState(Preconditions.java:508)
	at org.apache.ratis.thirdparty.io.grpc.internal.ServerImpl.getPort(ServerImpl.java:196)
	at org.apache.ratis.grpc.server.GrpcService.closeImpl(GrpcService.java:261)
	at org.apache.ratis.util.LifeCycle.lambda$checkStateAndClose$4(LifeCycle.java:299)
	at org.apache.ratis.util.LifeCycle.checkStateAndClose(LifeCycle.java:319)
	at org.apache.ratis.util.LifeCycle.checkStateAndClose(LifeCycle.java:297)
	at org.apache.ratis.server.RaftServerRpcWithProxy.close(RaftServerRpcWithProxy.java:80)
	at org.apache.ratis.server.impl.RaftServerProxy.lambda$close$6(RaftServerProxy.java:395)
	at org.apache.ratis.util.LifeCycle.lambda$checkStateAndClose$4(LifeCycle.java:299)
	at org.apache.ratis.util.LifeCycle.checkStateAndClose(LifeCycle.java:319)
	at org.apache.ratis.util.LifeCycle.checkStateAndClose(LifeCycle.java:297)
	at org.apache.ratis.server.impl.RaftServerProxy.close(RaftServerProxy.java:390)
	at org.apache.hadoop.hdds.scm.ha.SCMRatisServerImpl.initialize(SCMRatisServerImpl.java:125)
	at org.apache.hadoop.ozone.MiniOzoneClusterImpl$Builder.initializeScmStorage(MiniOzoneClusterImpl.java:743)
	at org.apache.hadoop.ozone.MiniOzoneClusterImpl$Builder.createSCM(MiniOzoneClusterImpl.java:717)
	at org.apache.hadoop.ozone.MiniOzoneClusterImpl$Builder.build(MiniOzoneClusterImpl.java:587)
	at org.apache.hadoop.ozone.client.rpc.TestBlockOutputStreamWithFailuresFlushDelay.init(TestBlockOutputStreamWithFailuresFlushDelay.java:136)
	at sun.reflect.NativeMethodAccessorImpl.invoke0(Native Method)
	at sun.reflect.NativeMethodAccessorImpl.invoke(NativeMethodAccessorImpl.java:62)
	at sun.reflect.DelegatingMethodAccessorImpl.invoke(DelegatingMethodAccessorImpl.java:43)
	at java.lang.reflect.Method.invoke(Method.java:498)
	at org.junit.runners.model.FrameworkMethod$1.runReflectiveCall(FrameworkMethod.java:59)
	at org.junit.internal.runners.model.ReflectiveCallable.run(ReflectiveCallable.java:12)
	at org.junit.runners.model.FrameworkMethod.invokeExplosively(FrameworkMethod.java:56)
	at org.junit.internal.runners.statements.RunBefores.invokeMethod(RunBefores.java:33)
	at org.junit.internal.runners.statements.RunBefores.evaluate(RunBefores.java:24)
	at org.junit.internal.runners.statements.RunAfters.evaluate(RunAfters.java:27)
	at org.junit.internal.runners.statements.FailOnTimeout$CallableStatement.call(FailOnTimeout.java:288)
	at org.junit.internal.runners.statements.FailOnTimeout$CallableStatement.call(FailOnTimeout.java:282)
	at java.util.concurrent.FutureTask.run(FutureTask.java:266)
	at java.lang.Thread.run(Thread.java:750)
</error>
    <system-out><![CDATA[2022-03-07 09:55:35,488 [Time-limited test] WARN  server.ServerUtils (ServerUtils.java:getScmDbDir(148)) - ozone.scm.db.dirs is not configured. We recommend adding this setting. Falling back to ozone.metadata.dirs instead.
2022-03-07 09:55:35,491 [Time-limited test] INFO  ha.SCMHANodeDetails (SCMHANodeDetails.java:loadSCMHAConfig(157)) - ServiceID for StorageContainerManager is null
2022-03-07 09:55:35,491 [Time-limited test] INFO  ha.SCMHANodeDetails (SCMHANodeDetails.java:loadSCMHAConfig(162)) - ozone.scm.default.service.id is not defined, falling back to ozone.scm.service.ids to find serviceID for StorageContainerManager if it is HA enabled cluster
2022-03-07 09:55:35,491 [Time-limited test] INFO  server.RaftServer (ConfUtils.java:logGet(44)) - raft.rpc.type = GRPC (default)
2022-03-07 09:55:35,491 [Time-limited test] INFO  grpc.GrpcFactory (GrpcFactory.java:checkPooledByteBufAllocatorUseCacheForAllThreads(48)) - PERFORMANCE WARNING: useCacheForAllThreads is true that may cause Netty to create a lot garbage objects and, as a result, trigger GC.
	It is recommended to disable useCacheForAllThreads by setting -Dorg.apache.ratis.thirdparty.io.netty.allocator.useCacheForAllThreads=false in command line.
2022-03-07 09:55:35,492 [Time-limited test] INFO  grpc.GrpcConfigKeys (ConfUtils.java:logGet(44)) - raft.grpc.admin.port = -1 (default)
2022-03-07 09:55:35,492 [Time-limited test] INFO  grpc.GrpcConfigKeys (ConfUtils.java:logGet(44)) - raft.grpc.server.port = 9894 (custom)
2022-03-07 09:55:35,492 [Time-limited test] INFO  grpc.GrpcConfigKeys (ConfUtils.java:logGet(44)) - raft.grpc.client.port = -1 (default)
2022-03-07 09:55:35,497 [Time-limited test] INFO  grpc.GrpcConfigKeys (ConfUtils.java:logGet(44)) - raft.grpc.server.port = 9894 (custom)
2022-03-07 09:55:35,498 [Time-limited test] INFO  grpc.GrpcConfigKeys (ConfUtils.java:logGet(44)) - raft.grpc.server.port = 9894 (custom)
2022-03-07 09:55:35,498 [Time-limited test] INFO  server.GrpcService (ConfUtils.java:logGet(44)) - raft.grpc.message.size.max = 32m (=33554432) (custom)
2022-03-07 09:55:35,498 [Time-limited test] INFO  server.RaftServerConfigKeys (ConfUtils.java:logGet(44)) - raft.server.log.appender.buffer.byte-limit = 33554432 (custom)
2022-03-07 09:55:35,498 [Time-limited test] INFO  server.GrpcService (ConfUtils.java:logGet(44)) - raft.grpc.flow.control.window = 1MB (=1048576) (default)
2022-03-07 09:55:35,498 [Time-limited test] INFO  server.RaftServerConfigKeys (ConfUtils.java:logGet(44)) - raft.server.rpc.request.timeout = 30000ms (custom)
2022-03-07 09:55:35,500 [Time-limited test] INFO  impl.DataStreamServerImpl (ConfUtils.java:logGet(44)) - raft.datastream.type = DISABLED (default)
2022-03-07 09:55:35,508 [Time-limited test] INFO  server.RaftServerConfigKeys (ConfUtils.java:logGet(44)) - raft.server.rpc.slowness.timeout = 120000ms (custom)
2022-03-07 09:55:35,508 [Time-limited test] INFO  server.RaftServerConfigKeys (ConfUtils.java:logGet(44)) - raft.server.leaderelection.leader.step-down.wait-time = 10s (default)
2022-03-07 09:55:35,508 [Time-limited test] INFO  server.RaftServerConfigKeys (ConfUtils.java:logGet(44)) - raft.server.storage.dir = [/home/runner/work/ozone/ozone/hadoop-ozone/integration-test/target/test-dir/MiniOzoneClusterImpl-35eae250-f3c1-4f16-865f-56115b431900/ozone-meta/scm-ha] (custom)
2022-03-07 09:55:35,528 [Time-limited test] INFO  server.RaftServer (RaftServerProxy.java:addNew(95)) - f6c6e318-3caf-49d5-bab3-7f00aa84b872: addNew group-56115B431900:[f6c6e318-3caf-49d5-bab3-7f00aa84b872|rpc:fv-az291-317:9894|priority:0] returns group-56115B431900:java.util.concurrent.CompletableFuture@d12b6f0[Not completed]
2022-03-07 09:55:35,528 [pool-806-thread-1] INFO  server.RaftServer$Division (RaftServerImpl.java:<init>(184)) - f6c6e318-3caf-49d5-bab3-7f00aa84b872: new RaftServerImpl for group-56115B431900:[f6c6e318-3caf-49d5-bab3-7f00aa84b872|rpc:fv-az291-317:9894|priority:0] with SCMStateMachine:uninitialized
2022-03-07 09:55:35,593 [pool-806-thread-1] INFO  server.RaftServerConfigKeys (ConfUtils.java:logGet(44)) - raft.server.rpc.timeout.min = 5000ms (custom)
2022-03-07 09:55:35,593 [pool-806-thread-1] INFO  server.RaftServerConfigKeys (ConfUtils.java:logGet(44)) - raft.server.rpc.timeout.max = 5200ms (custom)
2022-03-07 09:55:35,593 [pool-806-thread-1] INFO  server.RaftServerConfigKeys (ConfUtils.java:logGet(44)) - raft.server.rpc.sleep.time = 25ms (default)
2022-03-07 09:55:35,593 [pool-806-thread-1] INFO  server.RaftServerConfigKeys (ConfUtils.java:logGet(44)) - raft.server.rpc.slowness.timeout = 120000ms (custom)
2022-03-07 09:55:35,593 [pool-806-thread-1] INFO  server.RaftServerConfigKeys (ConfUtils.java:logGet(44)) - raft.server.leaderelection.leader.step-down.wait-time = 10s (default)
2022-03-07 09:55:35,593 [pool-806-thread-1] INFO  server.RaftServerConfigKeys (ConfUtils.java:logGet(44)) - raft.server.sleep.deviation.threshold = 300ms (default)
2022-03-07 09:55:35,593 [pool-806-thread-1] INFO  server.RaftServerConfigKeys (ConfUtils.java:logGet(44)) - raft.server.log.appender.install.snapshot.enabled = false (custom)
2022-03-07 09:55:35,593 [pool-806-thread-1] INFO  server.RaftServer$Division (ServerState.java:<init>(105)) - f6c6e318-3caf-49d5-bab3-7f00aa84b872@group-56115B431900: ConfigurationManager, init=-1: [f6c6e318-3caf-49d5-bab3-7f00aa84b872|rpc:fv-az291-317:9894|priority:0], old=null, confs=<EMPTY_MAP>
2022-03-07 09:55:35,593 [pool-806-thread-1] INFO  server.RaftServerConfigKeys (ConfUtils.java:logGet(44)) - raft.server.storage.dir = [/home/runner/work/ozone/ozone/hadoop-ozone/integration-test/target/test-dir/MiniOzoneClusterImpl-35eae250-f3c1-4f16-865f-56115b431900/ozone-meta/scm-ha] (custom)
2022-03-07 09:55:35,593 [pool-806-thread-1] INFO  server.RaftServerConfigKeys (ConfUtils.java:logGet(44)) - raft.server.log.corruption.policy = EXCEPTION (default)
2022-03-07 09:55:35,593 [pool-806-thread-1] INFO  server.RaftServerConfigKeys (ConfUtils.java:logGet(44)) - raft.server.storage.free-space.min = 0MB (=0) (default)
2022-03-07 09:55:35,594 [pool-806-thread-1] INFO  storage.RaftStorageDirectory (RaftStorageDirectoryImpl.java:analyzeStorage(135)) - The storage directory /home/runner/work/ozone/ozone/hadoop-ozone/integration-test/target/test-dir/MiniOzoneClusterImpl-35eae250-f3c1-4f16-865f-56115b431900/ozone-meta/scm-ha/35eae250-f3c1-4f16-865f-56115b431900 does not exist. Creating ...
2022-03-07 09:55:35,596 [pool-806-thread-1] INFO  storage.RaftStorageDirectory (RaftStorageDirectoryImpl.java:tryLock(230)) - Lock on /home/runner/work/ozone/ozone/hadoop-ozone/integration-test/target/test-dir/MiniOzoneClusterImpl-35eae250-f3c1-4f16-865f-56115b431900/ozone-meta/scm-ha/35eae250-f3c1-4f16-865f-56115b431900/in_use.lock acquired by nodename 23420@fv-az291-317
2022-03-07 09:55:35,598 [pool-806-thread-1] INFO  storage.RaftStorage (RaftStorageImpl.java:format(89)) - Storage directory /home/runner/work/ozone/ozone/hadoop-ozone/integration-test/target/test-dir/MiniOzoneClusterImpl-35eae250-f3c1-4f16-865f-56115b431900/ozone-meta/scm-ha/35eae250-f3c1-4f16-865f-56115b431900 has been successfully formatted.
2022-03-07 09:55:35,599 [pool-806-thread-1] INFO  server.RaftServerConfigKeys (ConfUtils.java:logGet(44)) - raft.server.notification.no-leader.timeout = 60s (default)
2022-03-07 09:55:35,599 [pool-806-thread-1] INFO  server.RaftServerConfigKeys (ConfUtils.java:logGet(44)) - raft.server.log.use.memory = false (default)
2022-03-07 09:55:35,599 [pool-806-thread-1] INFO  server.RaftServerConfigKeys (ConfUtils.java:logGet(44)) - raft.server.log.purge.gap = 1000000 (custom)
2022-03-07 09:55:35,599 [pool-806-thread-1] INFO  server.RaftServerConfigKeys (ConfUtils.java:logGet(44)) - raft.server.log.appender.buffer.byte-limit = 33554432 (custom)
2022-03-07 09:55:35,599 [pool-806-thread-1] INFO  server.RaftServerConfigKeys (ConfUtils.java:logGet(44)) - raft.server.log.segment.size.max = 4194304 (custom)
2022-03-07 09:55:35,599 [pool-806-thread-1] INFO  server.RaftServerConfigKeys (ConfUtils.java:logGet(44)) - raft.server.log.segment.cache.num.max = 2 (custom)
2022-03-07 09:55:35,599 [pool-806-thread-1] INFO  server.RaftServerConfigKeys (ConfUtils.java:logGet(44)) - raft.server.log.segment.cache.size.max = 200MB (=209715200) (default)
2022-03-07 09:55:35,599 [pool-806-thread-1] INFO  segmented.SegmentedRaftLogWorker (SegmentedRaftLogWorker.java:<init>(182)) - new f6c6e318-3caf-49d5-bab3-7f00aa84b872@group-56115B431900-SegmentedRaftLogWorker for RaftStorageImpl:Storage Directory /home/runner/work/ozone/ozone/hadoop-ozone/integration-test/target/test-dir/MiniOzoneClusterImpl-35eae250-f3c1-4f16-865f-56115b431900/ozone-meta/scm-ha/35eae250-f3c1-4f16-865f-56115b431900
2022-03-07 09:55:35,599 [pool-806-thread-1] INFO  server.RaftServerConfigKeys (ConfUtils.java:logGet(44)) - raft.server.log.queue.byte-limit = 64MB (=67108864) (default)
2022-03-07 09:55:35,600 [pool-806-thread-1] INFO  server.RaftServerConfigKeys (ConfUtils.java:logGet(44)) - raft.server.log.queue.element-limit = 4096 (default)
2022-03-07 09:55:35,600 [pool-806-thread-1] INFO  server.RaftServerConfigKeys (ConfUtils.java:logGet(44)) - raft.server.log.segment.size.max = 4194304 (custom)
2022-03-07 09:55:35,600 [pool-806-thread-1] INFO  server.RaftServerConfigKeys (ConfUtils.java:logGet(44)) - raft.server.log.preallocated.size = 4194304 (custom)
2022-03-07 09:55:35,600 [pool-806-thread-1] INFO  server.RaftServerConfigKeys (ConfUtils.java:logGet(44)) - raft.server.log.force.sync.num = 128 (default)
2022-03-07 09:55:35,600 [pool-806-thread-1] INFO  server.RaftServerConfigKeys (ConfUtils.java:logGet(44)) - raft.server.log.statemachine.data.sync = true (default)
2022-03-07 09:55:35,600 [pool-806-thread-1] INFO  server.RaftServerConfigKeys (ConfUtils.java:logGet(44)) - raft.server.log.statemachine.data.sync.timeout = 10s (default)
2022-03-07 09:55:35,600 [pool-806-thread-1] INFO  server.RaftServerConfigKeys (ConfUtils.java:logGet(44)) - raft.server.log.statemachine.data.sync.timeout.retry = -1 (default)
2022-03-07 09:55:35,601 [pool-806-thread-1] INFO  server.RaftServerConfigKeys (ConfUtils.java:logGet(44)) - raft.server.log.write.buffer.size = 64KB (=65536) (default)
2022-03-07 09:55:35,601 [pool-806-thread-1] INFO  server.RaftServerConfigKeys (ConfUtils.java:logGet(44)) - raft.server.log.statemachine.data.caching.enabled = false (default)
2022-03-07 09:55:35,601 [pool-806-thread-1] INFO  segmented.SegmentedRaftLogWorker (SegmentedRaftLogWorker.java:lambda$new$0(133)) - f6c6e318-3caf-49d5-bab3-7f00aa84b872@group-56115B431900-SegmentedRaftLogWorker: flushIndex: setUnconditionally 0 -> -1
2022-03-07 09:55:35,601 [pool-806-thread-1] INFO  segmented.SegmentedRaftLogWorker (SegmentedRaftLogWorker.java:lambda$new$0(133)) - f6c6e318-3caf-49d5-bab3-7f00aa84b872@group-56115B431900-SegmentedRaftLogWorker: safeCacheEvictIndex: setUnconditionally 0 -> -1
2022-03-07 09:55:35,601 [pool-806-thread-1] INFO  server.RaftServerConfigKeys (ConfUtils.java:logGet(44)) - raft.server.snapshot.auto.trigger.enabled = true (custom)
2022-03-07 09:55:35,601 [pool-806-thread-1] INFO  server.RaftServerConfigKeys (ConfUtils.java:logGet(44)) - raft.server.snapshot.auto.trigger.threshold = 1000 (custom)
2022-03-07 09:55:35,601 [pool-806-thread-1] INFO  server.RaftServerConfigKeys (ConfUtils.java:logGet(44)) - raft.server.snapshot.retention.file.num = -1 (default)
2022-03-07 09:55:35,601 [pool-806-thread-1] INFO  server.RaftServerConfigKeys (ConfUtils.java:logGet(44)) - raft.server.log.purge.upto.snapshot.index = false (default)
2022-03-07 09:55:35,601 [pool-806-thread-1] INFO  server.RaftServerConfigKeys (ConfUtils.java:logGet(44)) - raft.server.retrycache.expirytime = 60000ms (default)
2022-03-07 09:55:35,601 [pool-806-thread-1] INFO  server.RaftServerConfigKeys (ConfUtils.java:logGet(44)) - raft.server.retrycache.statistics.expirytime = 100μs (default)
2022-03-07 09:55:35,603 [Time-limited test] INFO  server.RaftServer$Division (RaftServerImpl.java:start(301)) - f6c6e318-3caf-49d5-bab3-7f00aa84b872@group-56115B431900: start as a follower, conf=-1: [f6c6e318-3caf-49d5-bab3-7f00aa84b872|rpc:fv-az291-317:9894|priority:0], old=null
2022-03-07 09:55:35,603 [Time-limited test] INFO  server.RaftServer$Division (RaftServerImpl.java:setRole(290)) - f6c6e318-3caf-49d5-bab3-7f00aa84b872@group-56115B431900: changes role from      null to FOLLOWER at term 0 for startAsFollower
2022-03-07 09:55:35,603 [Time-limited test] INFO  impl.RoleInfo (RoleInfo.java:updateAndGet(130)) - f6c6e318-3caf-49d5-bab3-7f00aa84b872: start f6c6e318-3caf-49d5-bab3-7f00aa84b872@group-56115B431900-FollowerState
2022-03-07 09:55:35,603 [Time-limited test] INFO  util.JmxRegister (JmxRegister.java:tryRegister(44)) - Successfully registered JMX Bean with object name Ratis:service=RaftServer,group=group-56115B431900,id=f6c6e318-3caf-49d5-bab3-7f00aa84b872
2022-03-07 09:55:35,608 [Time-limited test] INFO  server.RaftServer (RaftServerProxy.java:lambda$start$5(374)) - f6c6e318-3caf-49d5-bab3-7f00aa84b872: start RPC server
2022-03-07 09:55:35,608 [Time-limited test] ERROR server.GrpcService (ExitUtils.java:terminate(133)) - Terminating with exit status 1: Failed to start Grpc server
java.io.IOException: Failed to bind
	at org.apache.ratis.thirdparty.io.grpc.netty.NettyServer.start(NettyServer.java:264)
	at org.apache.ratis.thirdparty.io.grpc.internal.ServerImpl.start(ServerImpl.java:183)
	at org.apache.ratis.thirdparty.io.grpc.internal.ServerImpl.start(ServerImpl.java:90)
	at org.apache.ratis.grpc.server.GrpcService.startImpl(GrpcService.java:249)
	at org.apache.ratis.util.LifeCycle.startAndTransition(LifeCycle.java:270)
	at org.apache.ratis.server.RaftServerRpcWithProxy.start(RaftServerRpcWithProxy.java:72)
	at org.apache.ratis.server.impl.RaftServerProxy.lambda$start$5(RaftServerProxy.java:375)
	at org.apache.ratis.util.LifeCycle.startAndTransition(LifeCycle.java:270)
	at org.apache.ratis.server.impl.RaftServerProxy.start(RaftServerProxy.java:373)
	at org.apache.hadoop.hdds.scm.ha.SCMRatisServerImpl.initialize(SCMRatisServerImpl.java:121)
	at org.apache.hadoop.ozone.MiniOzoneClusterImpl$Builder.initializeScmStorage(MiniOzoneClusterImpl.java:743)
	at org.apache.hadoop.ozone.MiniOzoneClusterImpl$Builder.createSCM(MiniOzoneClusterImpl.java:717)
	at org.apache.hadoop.ozone.MiniOzoneClusterImpl$Builder.build(MiniOzoneClusterImpl.java:587)
	at org.apache.hadoop.ozone.client.rpc.TestBlockOutputStreamWithFailuresFlushDelay.init(TestBlockOutputStreamWithFailuresFlushDelay.java:136)
	at sun.reflect.NativeMethodAccessorImpl.invoke0(Native Method)
	at sun.reflect.NativeMethodAccessorImpl.invoke(NativeMethodAccessorImpl.java:62)
	at sun.reflect.DelegatingMethodAccessorImpl.invoke(DelegatingMethodAccessorImpl.java:43)
	at java.lang.reflect.Method.invoke(Method.java:498)
	at org.junit.runners.model.FrameworkMethod$1.runReflectiveCall(FrameworkMethod.java:59)
	at org.junit.internal.runners.model.ReflectiveCallable.run(ReflectiveCallable.java:12)
	at org.junit.runners.model.FrameworkMethod.invokeExplosively(FrameworkMethod.java:56)
	at org.junit.internal.runners.statements.RunBefores.invokeMethod(RunBefores.java:33)
	at org.junit.internal.runners.statements.RunBefores.evaluate(RunBefores.java:24)
	at org.junit.internal.runners.statements.RunAfters.evaluate(RunAfters.java:27)
	at org.junit.internal.runners.statements.FailOnTimeout$CallableStatement.call(FailOnTimeout.java:288)
	at org.junit.internal.runners.statements.FailOnTimeout$CallableStatement.call(FailOnTimeout.java:282)
	at java.util.concurrent.FutureTask.run(FutureTask.java:266)
	at java.lang.Thread.run(Thread.java:750)
Caused by: org.apache.ratis.thirdparty.io.netty.channel.unix.Errors$NativeIoException: bind(..) failed: Address already in use
2022-03-07 09:55:35,614 [Time-limited test] INFO  server.RaftServer (RaftServerProxy.java:lambda$close$6(391)) - f6c6e318-3caf-49d5-bab3-7f00aa84b872: close
2022-03-07 09:55:35,614 [Time-limited test] INFO  server.RaftServer$Division (RaftServerImpl.java:lambda$close$4(412)) - f6c6e318-3caf-49d5-bab3-7f00aa84b872@group-56115B431900: shutdown
2022-03-07 09:55:35,614 [Time-limited test] INFO  util.JmxRegister (JmxRegister.java:unregister(73)) - Successfully un-registered JMX Bean with object name Ratis:service=RaftServer,group=group-56115B431900,id=f6c6e318-3caf-49d5-bab3-7f00aa84b872
2022-03-07 09:55:35,614 [Time-limited test] INFO  impl.RoleInfo (RoleInfo.java:shutdownFollowerState(108)) - f6c6e318-3caf-49d5-bab3-7f00aa84b872: shutdown f6c6e318-3caf-49d5-bab3-7f00aa84b872@group-56115B431900-FollowerState
2022-03-07 09:55:35,615 [Time-limited test] INFO  impl.StateMachineUpdater (StateMachineUpdater.java:stopAndJoin(149)) - f6c6e318-3caf-49d5-bab3-7f00aa84b872@group-56115B431900-StateMachineUpdater: set stopIndex = -1
2022-03-07 09:55:35,624 [f6c6e318-3caf-49d5-bab3-7f00aa84b872@group-56115B431900-FollowerState] INFO  impl.FollowerState (FollowerState.java:run(143)) - f6c6e318-3caf-49d5-bab3-7f00aa84b872@group-56115B431900-FollowerState was interrupted: {}
java.lang.InterruptedException: sleep interrupted
	at java.lang.Thread.sleep(Native Method)
	at java.lang.Thread.sleep(Thread.java:342)
	at java.util.concurrent.TimeUnit.sleep(TimeUnit.java:386)
	at org.apache.ratis.util.TimeDuration.sleep(TimeDuration.java:324)
	at org.apache.ratis.util.TimeDuration.sleep(TimeDuration.java:309)
	at org.apache.ratis.server.impl.FollowerState.run(FollowerState.java:118)
2022-03-07 09:55:35,644 [Time-limited test] INFO  server.RaftServer$Division (ServerState.java:close(419)) - f6c6e318-3caf-49d5-bab3-7f00aa84b872@group-56115B431900: closes. applyIndex: -1
2022-03-07 09:55:35,644 [f6c6e318-3caf-49d5-bab3-7f00aa84b872@group-56115B431900-SegmentedRaftLogWorker] INFO  segmented.SegmentedRaftLogWorker (SegmentedRaftLogWorker.java:run(327)) - f6c6e318-3caf-49d5-bab3-7f00aa84b872@group-56115B431900-SegmentedRaftLogWorker was interrupted, exiting. There are 0 tasks remaining in the queue.
2022-03-07 09:55:35,645 [Time-limited test] INFO  segmented.SegmentedRaftLogWorker (SegmentedRaftLogWorker.java:close(237)) - f6c6e318-3caf-49d5-bab3-7f00aa84b872@group-56115B431900-SegmentedRaftLogWorker close()
]]></system-out>
  </testcase>
</testsuite>