<?xml version="1.0" encoding="UTF-8"?>
<testsuite xmlns:xsi="http://www.w3.org/2001/XMLSchema-instance" xsi:noNamespaceSchemaLocation="https://maven.apache.org/surefire/maven-surefire-plugin/xsd/surefire-test-report.xsd" version="3.0.2" name="org.apache.hadoop.hdds.scm.node.TestQueryNode" time="29.833" tests="1" errors="1" skipped="0" failures="0">
  <properties>
    <property name="java.specification.version" value="21"/>
    <property name="sun.jnu.encoding" value="UTF-8"/>
    <property name="java.class.path" value="/home/runner/work/ozone/ozone/hadoop-ozone/integration-test/target/test-classes:/home/runner/work/ozone/ozone/hadoop-ozone/integration-test/target/classes:/home/runner/.m2/repository/ch/qos/reload4j/reload4j/1.2.26/reload4j-1.2.26.jar:/home/runner/.m2/repository/com/fasterxml/jackson/core/jackson-core/2.16.2/jackson-core-2.16.2.jar:/home/runner/.m2/repository/com/fasterxml/jackson/core/jackson-databind/2.16.2/jackson-databind-2.16.2.jar:/home/runner/.m2/repository/com/fasterxml/jackson/core/jackson-annotations/2.16.2/jackson-annotations-2.16.2.jar:/home/runner/.m2/repository/com/github/stephenc/jcip/jcip-annotations/1.0-1/jcip-annotations-1.0-1.jar:/home/runner/.m2/repository/com/google/guava/guava/32.1.3-jre/guava-32.1.3-jre.jar:/home/runner/.m2/repository/com/google/guava/failureaccess/1.0.1/failureaccess-1.0.1.jar:/home/runner/.m2/repository/com/google/guava/listenablefuture/9999.0-empty-to-avoid-conflict-with-guava/listenablefuture-9999.0-empty-to-avoid-conflict-with-guava.jar:/home/runner/.m2/repository/org/checkerframework/checker-qual/3.37.0/checker-qual-3.37.0.jar:/home/runner/.m2/repository/com/google/errorprone/error_prone_annotations/2.29.2/error_prone_annotations-2.29.2.jar:/home/runner/.m2/repository/com/google/j2objc/j2objc-annotations/2.8/j2objc-annotations-2.8.jar:/home/runner/.m2/repository/com/google/protobuf/protobuf-java/2.5.0/protobuf-java-2.5.0.jar:/home/runner/.m2/repository/com/squareup/okhttp3/okhttp/4.12.0/okhttp-4.12.0.jar:/home/runner/.m2/repository/com/squareup/okio/okio/3.6.0/okio-3.6.0.jar:/home/runner/.m2/repository/com/squareup/okio/okio-jvm/3.6.0/okio-jvm-3.6.0.jar:/home/runner/.m2/repository/org/jetbrains/kotlin/kotlin-stdlib-common/1.9.25/kotlin-stdlib-common-1.9.25.jar:/home/runner/.m2/repository/org/jetbrains/kotlin/kotlin-stdlib-jdk8/1.9.25/kotlin-stdlib-jdk8-1.9.25.jar:/home/runner/.m2/repository/org/jetbrains/kotlin/kotlin-stdlib-jdk7/1.9.25/kotlin-stdlib-jdk7-1.9.25.jar:/home/runner/.m2/repository/commons-codec/commons-codec/1.17.1/commons-codec-1.17.1.jar:/home/runner/.m2/repository/commons-io/commons-io/2.18.0/commons-io-2.18.0.jar:/home/runner/.m2/repository/commons-validator/commons-validator/1.6/commons-validator-1.6.jar:/home/runner/.m2/repository/commons-beanutils/commons-beanutils/1.9.4/commons-beanutils-1.9.4.jar:/home/runner/.m2/repository/commons-digester/commons-digester/1.8.1/commons-digester-1.8.1.jar:/home/runner/.m2/repository/commons-collections/commons-collections/3.2.2/commons-collections-3.2.2.jar:/home/runner/.m2/repository/info/picocli/picocli/4.7.7/picocli-4.7.7.jar:/home/runner/.m2/repository/jakarta/annotation/jakarta.annotation-api/2.1.1/jakarta.annotation-api-2.1.1.jar:/home/runner/.m2/repository/jakarta/xml/bind/jakarta.xml.bind-api/2.3.3/jakarta.xml.bind-api-2.3.3.jar:/home/runner/.m2/repository/jakarta/activation/jakarta.activation-api/1.2.2/jakarta.activation-api-1.2.2.jar:/home/runner/.m2/repository/javax/servlet/javax.servlet-api/3.1.0/javax.servlet-api-3.1.0.jar:/home/runner/.m2/repository/javax/ws/rs/jsr311-api/1.1.1/jsr311-api-1.1.1.jar:/home/runner/.m2/repository/org/apache/commons/commons-compress/1.27.1/commons-compress-1.27.1.jar:/home/runner/.m2/repository/org/apache/commons/commons-lang3/3.17.0/commons-lang3-3.17.0.jar:/home/runner/.m2/repository/org/apache/commons/commons-text/1.12.0/commons-text-1.12.0.jar:/home/runner/.m2/repository/org/apache/hadoop/hadoop-auth/3.4.1/hadoop-auth-3.4.1.jar:/home/runner/.m2/repository/com/nimbusds/nimbus-jose-jwt/9.40/nimbus-jose-jwt-9.40.jar:/home/runner/.m2/repository/io/dropwizard/metrics/metrics-core/3.2.6/metrics-core-3.2.6.jar:/home/runner/.m2/repository/org/apache/kerby/kerb-core/1.0.1/kerb-core-1.0.1.jar:/home/runner/.m2/repository/org/apache/kerby/kerby-pkix/1.0.1/kerby-pkix-1.0.1.jar:/home/runner/.m2/repository/org/apache/kerby/kerby-asn1/1.0.1/kerby-asn1-1.0.1.jar:/home/runner/.m2/repository/org/apache/kerby/kerb-util/1.0.1/kerb-util-1.0.1.jar:/home/runner/.m2/repository/org/apache/kerby/kerby-config/1.0.1/kerby-config-1.0.1.jar:/home/runner/.m2/repository/org/apache/kerby/kerb-crypto/1.0.1/kerb-crypto-1.0.1.jar:/home/runner/.m2/repository/org/apache/hadoop/thirdparty/hadoop-shaded-guava/1.3.0/hadoop-shaded-guava-1.3.0.jar:/home/runner/.m2/repository/org/apache/hadoop/hadoop-common/3.4.1/hadoop-common-3.4.1.jar:/home/runner/.m2/repository/org/apache/hadoop/thirdparty/hadoop-shaded-protobuf_3_25/1.4.0/hadoop-shaded-protobuf_3_25-1.4.0.jar:/home/runner/.m2/repository/org/apache/hadoop/hadoop-annotations/3.4.1/hadoop-annotations-3.4.1.jar:/home/runner/.m2/repository/commons-cli/commons-cli/1.8.0/commons-cli-1.8.0.jar:/home/runner/.m2/repository/commons-net/commons-net/3.11.1/commons-net-3.11.1.jar:/home/runner/.m2/repository/org/eclipse/jetty/jetty-server/9.4.57.v20241219/jetty-server-9.4.57.v20241219.jar:/home/runner/.m2/repository/org/eclipse/jetty/jetty-util/9.4.57.v20241219/jetty-util-9.4.57.v20241219.jar:/home/runner/.m2/repository/org/eclipse/jetty/jetty-servlet/9.4.57.v20241219/jetty-servlet-9.4.57.v20241219.jar:/home/runner/.m2/repository/org/eclipse/jetty/jetty-security/9.4.57.v20241219/jetty-security-9.4.57.v20241219.jar:/home/runner/.m2/repository/org/eclipse/jetty/jetty-webapp/9.4.57.v20241219/jetty-webapp-9.4.57.v20241219.jar:/home/runner/.m2/repository/org/eclipse/jetty/jetty-xml/9.4.57.v20241219/jetty-xml-9.4.57.v20241219.jar:/home/runner/.m2/repository/javax/servlet/jsp/jsp-api/2.1/jsp-api-2.1.jar:/home/runner/.m2/repository/org/codehaus/jettison/jettison/1.5.4/jettison-1.5.4.jar:/home/runner/.m2/repository/org/apache/commons/commons-configuration2/2.11.0/commons-configuration2-2.11.0.jar:/home/runner/.m2/repository/com/google/re2j/re2j/1.7/re2j-1.7.jar:/home/runner/.m2/repository/com/google/code/gson/gson/2.10.1/gson-2.10.1.jar:/home/runner/.m2/repository/com/jcraft/jsch/0.1.55/jsch-0.1.55.jar:/home/runner/.m2/repository/io/netty/netty-handler/4.1.109.Final/netty-handler-4.1.109.Final.jar:/home/runner/.m2/repository/io/netty/netty-resolver/4.1.109.Final/netty-resolver-4.1.109.Final.jar:/home/runner/.m2/repository/io/netty/netty-transport-native-epoll/4.1.109.Final/netty-transport-native-epoll-4.1.109.Final.jar:/home/runner/.m2/repository/org/bouncycastle/bcprov-jdk18on/1.80/bcprov-jdk18on-1.80.jar:/home/runner/.m2/repository/org/codehaus/woodstox/stax2-api/4.2.1/stax2-api-4.2.1.jar:/home/runner/.m2/repository/com/fasterxml/woodstox/woodstox-core/5.4.0/woodstox-core-5.4.0.jar:/home/runner/.m2/repository/dnsjava/dnsjava/3.6.1/dnsjava-3.6.1.jar:/home/runner/.m2/repository/org/apache/hadoop/hadoop-common/3.4.1/hadoop-common-3.4.1-tests.jar:/home/runner/.m2/repository/org/apache/commons/commons-math3/3.6.1/commons-math3-3.6.1.jar:/home/runner/.m2/repository/com/sun/jersey/jersey-core/1.19.4/jersey-core-1.19.4.jar:/home/runner/.m2/repository/com/sun/jersey/jersey-servlet/1.19.4/jersey-servlet-1.19.4.jar:/home/runner/.m2/repository/com/github/pjfanning/jersey-json/1.22.0/jersey-json-1.22.0.jar:/home/runner/.m2/repository/com/sun/xml/bind/jaxb-impl/2.2.3-1/jaxb-impl-2.2.3-1.jar:/home/runner/.m2/repository/com/sun/jersey/jersey-server/1.19.4/jersey-server-1.19.4.jar:/home/runner/.m2/repository/org/slf4j/slf4j-reload4j/2.0.17/slf4j-reload4j-2.0.17.jar:/home/runner/.m2/repository/org/apache/avro/avro/1.9.2/avro-1.9.2.jar:/home/runner/.m2/repository/org/apache/curator/curator-client/4.2.0/curator-client-4.2.0.jar:/home/runner/.m2/repository/org/apache/curator/curator-recipes/5.2.0/curator-recipes-5.2.0.jar:/home/runner/.m2/repository/org/apache/curator/curator-framework/4.2.0/curator-framework-4.2.0.jar:/home/runner/.m2/repository/com/google/code/findbugs/jsr305/3.0.2/jsr305-3.0.2.jar:/home/runner/.m2/repository/org/apache/zookeeper/zookeeper/3.8.4/zookeeper-3.8.4.jar:/home/runner/.m2/repository/org/apache/zookeeper/zookeeper-jute/3.8.4/zookeeper-jute-3.8.4.jar:/home/runner/.m2/repository/org/apache/yetus/audience-annotations/0.12.0/audience-annotations-0.12.0.jar:/home/runner/.m2/repository/org/xerial/snappy/snappy-java/1.1.10.7/snappy-java-1.1.10.7.jar:/home/runner/.m2/repository/org/apache/hadoop/hadoop-distcp/3.4.1/hadoop-distcp-3.4.1.jar:/home/runner/.m2/repository/org/apache/hadoop/hadoop-distcp/3.4.1/hadoop-distcp-3.4.1-tests.jar:/home/runner/.m2/repository/org/apache/hadoop/hadoop-hdfs/3.4.1/hadoop-hdfs-3.4.1.jar:/home/runner/.m2/repository/org/eclipse/jetty/jetty-util-ajax/9.4.57.v20241219/jetty-util-ajax-9.4.57.v20241219.jar:/home/runner/.m2/repository/commons-daemon/commons-daemon/1.4.0/commons-daemon-1.4.0.jar:/home/runner/.m2/repository/org/apache/hadoop/hadoop-hdfs/3.4.1/hadoop-hdfs-3.4.1-tests.jar:/home/runner/.m2/repository/io/netty/netty-all/4.1.109.Final/netty-all-4.1.109.Final.jar:/home/runner/.m2/repository/io/netty/netty-codec-dns/4.1.109.Final/netty-codec-dns-4.1.109.Final.jar:/home/runner/.m2/repository/io/netty/netty-codec-haproxy/4.1.109.Final/netty-codec-haproxy-4.1.109.Final.jar:/home/runner/.m2/repository/io/netty/netty-codec-http/4.1.109.Final/netty-codec-http-4.1.109.Final.jar:/home/runner/.m2/repository/io/netty/netty-codec-memcache/4.1.109.Final/netty-codec-memcache-4.1.109.Final.jar:/home/runner/.m2/repository/io/netty/netty-codec-mqtt/4.1.109.Final/netty-codec-mqtt-4.1.109.Final.jar:/home/runner/.m2/repository/io/netty/netty-codec-redis/4.1.109.Final/netty-codec-redis-4.1.109.Final.jar:/home/runner/.m2/repository/io/netty/netty-codec-smtp/4.1.109.Final/netty-codec-smtp-4.1.109.Final.jar:/home/runner/.m2/repository/io/netty/netty-codec-socks/4.1.109.Final/netty-codec-socks-4.1.109.Final.jar:/home/runner/.m2/repository/io/netty/netty-codec-stomp/4.1.109.Final/netty-codec-stomp-4.1.109.Final.jar:/home/runner/.m2/repository/io/netty/netty-codec-xml/4.1.109.Final/netty-codec-xml-4.1.109.Final.jar:/home/runner/.m2/repository/io/netty/netty-handler-ssl-ocsp/4.1.109.Final/netty-handler-ssl-ocsp-4.1.109.Final.jar:/home/runner/.m2/repository/io/netty/netty-resolver-dns/4.1.109.Final/netty-resolver-dns-4.1.109.Final.jar:/home/runner/.m2/repository/io/netty/netty-transport-rxtx/4.1.109.Final/netty-transport-rxtx-4.1.109.Final.jar:/home/runner/.m2/repository/io/netty/netty-transport-sctp/4.1.109.Final/netty-transport-sctp-4.1.109.Final.jar:/home/runner/.m2/repository/io/netty/netty-transport-udt/4.1.109.Final/netty-transport-udt-4.1.109.Final.jar:/home/runner/.m2/repository/io/netty/netty-transport-classes-kqueue/4.1.109.Final/netty-transport-classes-kqueue-4.1.109.Final.jar:/home/runner/.m2/repository/io/netty/netty-resolver-dns-classes-macos/4.1.109.Final/netty-resolver-dns-classes-macos-4.1.109.Final.jar:/home/runner/.m2/repository/io/netty/netty-transport-native-epoll/4.1.109.Final/netty-transport-native-epoll-4.1.109.Final-linux-aarch_64.jar:/home/runner/.m2/repository/io/netty/netty-transport-native-epoll/4.1.109.Final/netty-transport-native-epoll-4.1.109.Final-linux-riscv64.jar:/home/runner/.m2/repository/io/netty/netty-transport-native-kqueue/4.1.109.Final/netty-transport-native-kqueue-4.1.109.Final-osx-x86_64.jar:/home/runner/.m2/repository/io/netty/netty-transport-native-kqueue/4.1.109.Final/netty-transport-native-kqueue-4.1.109.Final-osx-aarch_64.jar:/home/runner/.m2/repository/io/netty/netty-resolver-dns-native-macos/4.1.109.Final/netty-resolver-dns-native-macos-4.1.109.Final-osx-x86_64.jar:/home/runner/.m2/repository/io/netty/netty-resolver-dns-native-macos/4.1.109.Final/netty-resolver-dns-native-macos-4.1.109.Final-osx-aarch_64.jar:/home/runner/.m2/repository/org/fusesource/leveldbjni/leveldbjni-all/1.8/leveldbjni-all-1.8.jar:/home/runner/.m2/repository/org/apache/hadoop/hadoop-hdfs-client/3.4.1/hadoop-hdfs-client-3.4.1.jar:/home/runner/.m2/repository/org/apache/hadoop/hadoop-kms/3.4.1/hadoop-kms-3.4.1.jar:/home/runner/.m2/repository/org/apache/hadoop/hadoop-kms/3.4.1/hadoop-kms-3.4.1-tests.jar:/home/runner/.m2/repository/org/apache/hadoop/hadoop-mapreduce-client-core/3.4.1/hadoop-mapreduce-client-core-3.4.1.jar:/home/runner/.m2/repository/org/apache/hadoop/hadoop-yarn-client/3.4.1/hadoop-yarn-client-3.4.1.jar:/home/runner/.m2/repository/org/eclipse/jetty/websocket/websocket-client/9.4.53.v20231009/websocket-client-9.4.53.v20231009.jar:/home/runner/.m2/repository/org/eclipse/jetty/jetty-client/9.4.57.v20241219/jetty-client-9.4.57.v20241219.jar:/home/runner/.m2/repository/org/eclipse/jetty/websocket/websocket-common/9.4.53.v20231009/websocket-common-9.4.53.v20231009.jar:/home/runner/.m2/repository/org/eclipse/jetty/websocket/websocket-api/9.4.53.v20231009/websocket-api-9.4.53.v20231009.jar:/home/runner/.m2/repository/org/apache/hadoop/hadoop-yarn-api/3.4.1/hadoop-yarn-api-3.4.1.jar:/home/runner/.m2/repository/org/apache/hadoop/hadoop-yarn-common/3.4.1/hadoop-yarn-common-3.4.1.jar:/home/runner/.m2/repository/javax/xml/bind/jaxb-api/2.2.11/jaxb-api-2.2.11.jar:/home/runner/.m2/repository/com/sun/jersey/contribs/jersey-guice/1.19.4/jersey-guice-1.19.4.jar:/home/runner/.m2/repository/com/fasterxml/jackson/module/jackson-module-jaxb-annotations/2.16.2/jackson-module-jaxb-annotations-2.16.2.jar:/home/runner/.m2/repository/com/fasterxml/jackson/jaxrs/jackson-jaxrs-json-provider/2.16.2/jackson-jaxrs-json-provider-2.16.2.jar:/home/runner/.m2/repository/com/google/inject/extensions/guice-servlet/6.0.0/guice-servlet-6.0.0.jar:/home/runner/.m2/repository/org/apache/hadoop/hadoop-mapreduce-client-jobclient/3.4.1/hadoop-mapreduce-client-jobclient-3.4.1.jar:/home/runner/.m2/repository/org/apache/hadoop/hadoop-mapreduce-client-common/3.4.1/hadoop-mapreduce-client-common-3.4.1.jar:/home/runner/.m2/repository/org/apache/hadoop/hadoop-minikdc/3.4.1/hadoop-minikdc-3.4.1.jar:/home/runner/.m2/repository/org/apache/kerby/kerb-simplekdc/2.0.3/kerb-simplekdc-2.0.3.jar:/home/runner/.m2/repository/org/apache/kerby/kerb-client/2.0.3/kerb-client-2.0.3.jar:/home/runner/.m2/repository/org/apache/kerby/kerb-common/2.0.3/kerb-common-2.0.3.jar:/home/runner/.m2/repository/org/apache/kerby/token-provider/2.0.3/token-provider-2.0.3.jar:/home/runner/.m2/repository/org/apache/kerby/kerb-admin/2.0.3/kerb-admin-2.0.3.jar:/home/runner/.m2/repository/org/apache/kerby/kerb-server/2.0.3/kerb-server-2.0.3.jar:/home/runner/.m2/repository/org/apache/kerby/kerb-identity/2.0.3/kerb-identity-2.0.3.jar:/home/runner/.m2/repository/org/apache/kerby/kerby-xdr/2.0.3/kerby-xdr-2.0.3.jar:/home/runner/.m2/repository/junit/junit/4.13.2/junit-4.13.2.jar:/home/runner/.m2/repository/org/hamcrest/hamcrest-core/1.3/hamcrest-core-1.3.jar:/home/runner/.m2/repository/org/apache/httpcomponents/httpclient/4.5.14/httpclient-4.5.14.jar:/home/runner/.m2/repository/org/apache/httpcomponents/httpcore/4.4.16/httpcore-4.4.16.jar:/home/runner/.m2/repository/org/apache/kerby/kerby-util/1.0.1/kerby-util-1.0.1.jar:/home/runner/work/ozone/ozone/hadoop-hdds/client/target/hdds-client-2.1.0-SNAPSHOT.jar:/home/runner/.m2/repository/io/opentracing/opentracing-api/0.33.0/opentracing-api-0.33.0.jar:/home/runner/.m2/repository/io/opentracing/opentracing-util/0.33.0/opentracing-util-0.33.0.jar:/home/runner/.m2/repository/io/opentracing/opentracing-noop/0.33.0/opentracing-noop-0.33.0.jar:/home/runner/work/ozone/ozone/hadoop-hdds/erasurecode/target/hdds-erasurecode-2.1.0-SNAPSHOT.jar:/home/runner/work/ozone/ozone/hadoop-hdds/common/target/hdds-common-2.1.0-SNAPSHOT.jar:/home/runner/.m2/repository/com/fasterxml/jackson/datatype/jackson-datatype-jsr310/2.16.2/jackson-datatype-jsr310-2.16.2.jar:/home/runner/.m2/repository/io/jaegertracing/jaeger-core/1.8.1/jaeger-core-1.8.1.jar:/home/runner/.m2/repository/javax/annotation/javax.annotation-api/1.3.2/javax.annotation-api-1.3.2.jar:/home/runner/work/ozone/ozone/hadoop-hdds/annotations/target/hdds-annotation-processing-2.1.0-SNAPSHOT.jar:/home/runner/.m2/repository/org/apache/ratis/ratis-netty/3.1.2/ratis-netty-3.1.2.jar:/home/runner/.m2/repository/org/jetbrains/kotlin/kotlin-stdlib/1.9.25/kotlin-stdlib-1.9.25.jar:/home/runner/.m2/repository/org/jetbrains/annotations/13.0/annotations-13.0.jar:/home/runner/.m2/repository/org/reflections/reflections/0.10.2/reflections-0.10.2.jar:/home/runner/.m2/repository/org/yaml/snakeyaml/2.0/snakeyaml-2.0.jar:/home/runner/.m2/repository/io/jaegertracing/jaeger-client/1.8.1/jaeger-client-1.8.1.jar:/home/runner/.m2/repository/io/jaegertracing/jaeger-thrift/1.8.1/jaeger-thrift-1.8.1.jar:/home/runner/.m2/repository/org/apache/thrift/libthrift/0.15.0/libthrift-0.15.0.jar:/home/runner/.m2/repository/io/jaegertracing/jaeger-tracerresolver/1.8.1/jaeger-tracerresolver-1.8.1.jar:/home/runner/.m2/repository/io/opentracing/contrib/opentracing-tracerresolver/0.1.8/opentracing-tracerresolver-0.1.8.jar:/home/runner/.m2/repository/org/apache/ratis/ratis-metrics-dropwizard3/3.1.2/ratis-metrics-dropwizard3-3.1.2.jar:/home/runner/.m2/repository/org/slf4j/jcl-over-slf4j/2.0.17/jcl-over-slf4j-2.0.17.jar:/home/runner/work/ozone/ozone/hadoop-hdds/common/target/hdds-common-2.1.0-SNAPSHOT-tests.jar:/home/runner/work/ozone/ozone/hadoop-hdds/config/target/hdds-config-2.1.0-SNAPSHOT.jar:/home/runner/work/ozone/ozone/hadoop-hdds/container-service/target/hdds-container-service-2.1.0-SNAPSHOT.jar:/home/runner/.m2/repository/io/netty/netty-buffer/4.1.109.Final/netty-buffer-4.1.109.Final.jar:/home/runner/.m2/repository/io/netty/netty-codec/4.1.109.Final/netty-codec-4.1.109.Final.jar:/home/runner/.m2/repository/io/netty/netty-common/4.1.109.Final/netty-common-4.1.109.Final.jar:/home/runner/.m2/repository/io/netty/netty-transport/4.1.109.Final/netty-transport-4.1.109.Final.jar:/home/runner/.m2/repository/org/apache/logging/log4j/log4j-api/2.24.2/log4j-api-2.24.2.jar:/home/runner/.m2/repository/com/github/luben/zstd-jni/1.5.7-3/zstd-jni-1.5.7-3.jar:/home/runner/.m2/repository/log4j/apache-log4j-extras/1.2.17/apache-log4j-extras-1.2.17.jar:/home/runner/.m2/repository/org/glassfish/jaxb/jaxb-runtime/2.3.9/jaxb-runtime-2.3.9.jar:/home/runner/.m2/repository/org/glassfish/jaxb/txw2/2.3.9/txw2-2.3.9.jar:/home/runner/.m2/repository/com/sun/istack/istack-commons-runtime/3.0.12/istack-commons-runtime-3.0.12.jar:/home/runner/.m2/repository/com/sun/activation/jakarta.activation/1.2.2/jakarta.activation-1.2.2.jar:/home/runner/work/ozone/ozone/hadoop-hdds/container-service/target/hdds-container-service-2.1.0-SNAPSHOT-tests.jar:/home/runner/work/ozone/ozone/hadoop-hdds/interface-admin/target/hdds-interface-admin-2.1.0-SNAPSHOT.jar:/home/runner/work/ozone/ozone/hadoop-hdds/interface-client/target/hdds-interface-client-2.1.0-SNAPSHOT.jar:/home/runner/work/ozone/ozone/hadoop-hdds/interface-server/target/hdds-interface-server-2.1.0-SNAPSHOT.jar:/home/runner/work/ozone/ozone/hadoop-hdds/managed-rocksdb/target/hdds-managed-rocksdb-2.1.0-SNAPSHOT.jar:/home/runner/work/ozone/ozone/hadoop-hdds/rocks-native/target/hdds-rocks-native-2.1.0-SNAPSHOT.jar:/home/runner/.m2/repository/org/eclipse/jetty/jetty-io/9.4.57.v20241219/jetty-io-9.4.57.v20241219.jar:/home/runner/work/ozone/ozone/hadoop-hdds/framework/target/hdds-server-framework-2.1.0-SNAPSHOT.jar:/home/runner/.m2/repository/com/github/jnr/jnr-constants/0.10.4/jnr-constants-0.10.4.jar:/home/runner/.m2/repository/com/github/jnr/jnr-posix/3.1.20/jnr-posix-3.1.20.jar:/home/runner/.m2/repository/com/github/jnr/jnr-ffi/2.2.17/jnr-ffi-2.2.17.jar:/home/runner/.m2/repository/com/github/jnr/jffi/1.3.13/jffi-1.3.13.jar:/home/runner/.m2/repository/com/github/jnr/jffi/1.3.13/jffi-1.3.13-native.jar:/home/runner/.m2/repository/org/ow2/asm/asm/9.7.1/asm-9.7.1.jar:/home/runner/.m2/repository/org/ow2/asm/asm-commons/9.7.1/asm-commons-9.7.1.jar:/home/runner/.m2/repository/org/ow2/asm/asm-analysis/9.7.1/asm-analysis-9.7.1.jar:/home/runner/.m2/repository/org/ow2/asm/asm-tree/9.7.1/asm-tree-9.7.1.jar:/home/runner/.m2/repository/org/ow2/asm/asm-util/9.7.1/asm-util-9.7.1.jar:/home/runner/.m2/repository/com/github/jnr/jnr-a64asm/1.0.0/jnr-a64asm-1.0.0.jar:/home/runner/.m2/repository/com/github/jnr/jnr-x86asm/1.0.2/jnr-x86asm-1.0.2.jar:/home/runner/.m2/repository/commons-fileupload/commons-fileupload/1.5/commons-fileupload-1.5.jar:/home/runner/.m2/repository/io/grpc/grpc-api/1.58.0/grpc-api-1.58.0.jar:/home/runner/.m2/repository/io/prometheus/simpleclient/0.16.0/simpleclient-0.16.0.jar:/home/runner/.m2/repository/io/prometheus/simpleclient_common/0.16.0/simpleclient_common-0.16.0.jar:/home/runner/.m2/repository/io/prometheus/simpleclient_dropwizard/0.16.0/simpleclient_dropwizard-0.16.0.jar:/home/runner/.m2/repository/jakarta/ws/rs/jakarta.ws.rs-api/2.1.6/jakarta.ws.rs-api-2.1.6.jar:/home/runner/.m2/repository/org/eclipse/jetty/jetty-http/9.4.57.v20241219/jetty-http-9.4.57.v20241219.jar:/home/runner/.m2/repository/org/glassfish/jersey/containers/jersey-container-servlet-core/2.46/jersey-container-servlet-core-2.46.jar:/home/runner/.m2/repository/org/glassfish/jersey/core/jersey-server/2.46/jersey-server-2.46.jar:/home/runner/.m2/repository/org/glassfish/jersey/core/jersey-client/2.46/jersey-client-2.46.jar:/home/runner/.m2/repository/com/lmax/disruptor/3.4.4/disruptor-3.4.4.jar:/home/runner/.m2/repository/org/apache/logging/log4j/log4j-core/2.24.2/log4j-core-2.24.2.jar:/home/runner/work/ozone/ozone/hadoop-hdds/framework/target/hdds-server-framework-2.1.0-SNAPSHOT-tests.jar:/home/runner/work/ozone/ozone/hadoop-hdds/server-scm/target/hdds-server-scm-2.1.0-SNAPSHOT.jar:/home/runner/work/ozone/ozone/hadoop-hdds/server-scm/target/hdds-server-scm-2.1.0-SNAPSHOT-tests.jar:/home/runner/work/ozone/ozone/hadoop-hdds/test-utils/target/hdds-test-utils-2.1.0-SNAPSHOT-tests.jar:/home/runner/work/ozone/ozone/hadoop-ozone/cli-admin/target/ozone-cli-admin-2.1.0-SNAPSHOT.jar:/home/runner/work/ozone/ozone/hadoop-ozone/cli-shell/target/ozone-cli-shell-2.1.0-SNAPSHOT.jar:/home/runner/.m2/repository/info/picocli/picocli-shell-jline3/4.7.7/picocli-shell-jline3-4.7.7.jar:/home/runner/.m2/repository/org/jline/jline/3.30.3/jline-3.30.3.jar:/home/runner/work/ozone/ozone/hadoop-ozone/client/target/ozone-client-2.1.0-SNAPSHOT.jar:/home/runner/work/ozone/ozone/hadoop-ozone/common/target/ozone-common-2.1.0-SNAPSHOT.jar:/home/runner/.m2/repository/io/grpc/grpc-netty/1.58.0/grpc-netty-1.58.0.jar:/home/runner/.m2/repository/io/grpc/grpc-core/1.58.0/grpc-core-1.58.0.jar:/home/runner/.m2/repository/com/google/android/annotations/4.1.1.4/annotations-4.1.1.4.jar:/home/runner/.m2/repository/org/codehaus/mojo/animal-sniffer-annotations/1.23/animal-sniffer-annotations-1.23.jar:/home/runner/.m2/repository/io/grpc/grpc-context/1.58.0/grpc-context-1.58.0.jar:/home/runner/.m2/repository/io/grpc/grpc-util/1.58.0/grpc-util-1.58.0.jar:/home/runner/.m2/repository/io/perfmark/perfmark-api/0.26.0/perfmark-api-0.26.0.jar:/home/runner/.m2/repository/io/netty/netty-codec-http2/4.1.109.Final/netty-codec-http2-4.1.109.Final.jar:/home/runner/.m2/repository/io/netty/netty-handler-proxy/4.1.109.Final/netty-handler-proxy-4.1.109.Final.jar:/home/runner/.m2/repository/io/netty/netty-tcnative-boringssl-static/2.0.65.Final/netty-tcnative-boringssl-static-2.0.65.Final.jar:/home/runner/.m2/repository/io/netty/netty-tcnative-classes/2.0.65.Final/netty-tcnative-classes-2.0.65.Final.jar:/home/runner/.m2/repository/io/netty/netty-tcnative-boringssl-static/2.0.65.Final/netty-tcnative-boringssl-static-2.0.65.Final-linux-x86_64.jar:/home/runner/.m2/repository/io/netty/netty-tcnative-boringssl-static/2.0.65.Final/netty-tcnative-boringssl-static-2.0.65.Final-linux-aarch_64.jar:/home/runner/.m2/repository/io/netty/netty-tcnative-boringssl-static/2.0.65.Final/netty-tcnative-boringssl-static-2.0.65.Final-osx-x86_64.jar:/home/runner/.m2/repository/io/netty/netty-tcnative-boringssl-static/2.0.65.Final/netty-tcnative-boringssl-static-2.0.65.Final-osx-aarch_64.jar:/home/runner/.m2/repository/io/netty/netty-tcnative-boringssl-static/2.0.65.Final/netty-tcnative-boringssl-static-2.0.65.Final-windows-x86_64.jar:/home/runner/work/ozone/ozone/hadoop-ozone/csi/target/ozone-csi-2.1.0-SNAPSHOT.jar:/home/runner/.m2/repository/com/google/protobuf/protobuf-java-util/3.19.6/protobuf-java-util-3.19.6.jar:/home/runner/.m2/repository/io/grpc/grpc-protobuf/1.58.0/grpc-protobuf-1.58.0.jar:/home/runner/.m2/repository/com/google/api/grpc/proto-google-common-protos/2.22.0/proto-google-common-protos-2.22.0.jar:/home/runner/.m2/repository/io/grpc/grpc-protobuf-lite/1.58.0/grpc-protobuf-lite-1.58.0.jar:/home/runner/.m2/repository/io/grpc/grpc-stub/1.58.0/grpc-stub-1.58.0.jar:/home/runner/.m2/repository/io/netty/netty-transport-classes-epoll/4.1.109.Final/netty-transport-classes-epoll-4.1.109.Final.jar:/home/runner/.m2/repository/io/netty/netty-transport-native-unix-common/4.1.109.Final/netty-transport-native-unix-common-4.1.109.Final.jar:/home/runner/.m2/repository/io/netty/netty-transport-native-epoll/4.1.109.Final/netty-transport-native-epoll-4.1.109.Final-linux-x86_64.jar:/home/runner/work/ozone/ozone/hadoop-ozone/ozonefs/target/ozone-filesystem-2.1.0-SNAPSHOT.jar:/home/runner/work/ozone/ozone/hadoop-ozone/ozonefs-common/target/ozone-filesystem-common-2.1.0-SNAPSHOT.jar:/home/runner/work/ozone/ozone/hadoop-ozone/freon/target/ozone-freon-2.1.0-SNAPSHOT.jar:/home/runner/.m2/repository/com/amazonaws/aws-java-sdk-core/1.12.661/aws-java-sdk-core-1.12.661.jar:/home/runner/.m2/repository/com/fasterxml/jackson/dataformat/jackson-dataformat-cbor/2.16.2/jackson-dataformat-cbor-2.16.2.jar:/home/runner/.m2/repository/joda-time/joda-time/2.12.7/joda-time-2.12.7.jar:/home/runner/.m2/repository/com/amazonaws/aws-java-sdk-s3/1.12.661/aws-java-sdk-s3-1.12.661.jar:/home/runner/.m2/repository/com/amazonaws/aws-java-sdk-kms/1.12.661/aws-java-sdk-kms-1.12.661.jar:/home/runner/.m2/repository/com/amazonaws/jmespath-java/1.12.661/jmespath-java-1.12.661.jar:/home/runner/.m2/repository/org/kohsuke/metainf-services/metainf-services/1.11/metainf-services-1.11.jar:/home/runner/work/ozone/ozone/hadoop-ozone/interface-client/target/ozone-interface-client-2.1.0-SNAPSHOT.jar:/home/runner/work/ozone/ozone/hadoop-ozone/interface-storage/target/ozone-interface-storage-2.1.0-SNAPSHOT.jar:/home/runner/work/ozone/ozone/hadoop-ozone/ozone-manager/target/ozone-manager-2.1.0-SNAPSHOT.jar:/home/runner/.m2/repository/com/sun/jersey/jersey-client/1.19.4/jersey-client-1.19.4.jar:/home/runner/.m2/repository/org/apache/ranger/ranger-plugins-common/2.6.0/ranger-plugins-common-2.6.0.jar:/home/runner/.m2/repository/com/fasterxml/jackson/jaxrs/jackson-jaxrs-base/2.16.2/jackson-jaxrs-base-2.16.2.jar:/home/runner/.m2/repository/com/kstruct/gethostname4j/1.0.0/gethostname4j-1.0.0.jar:/home/runner/.m2/repository/commons-lang/commons-lang/2.6/commons-lang-2.6.jar:/home/runner/.m2/repository/net/java/dev/jna/jna/5.2.0/jna-5.2.0.jar:/home/runner/.m2/repository/net/java/dev/jna/jna-platform/5.2.0/jna-platform-5.2.0.jar:/home/runner/.m2/repository/org/apache/ranger/ranger-plugin-classloader/2.6.0/ranger-plugin-classloader-2.6.0.jar:/home/runner/.m2/repository/org/apache/ranger/ranger-plugins-audit/2.6.0/ranger-plugins-audit-2.6.0.jar:/home/runner/.m2/repository/com/amazonaws/aws-java-sdk-logs/1.12.765/aws-java-sdk-logs-1.12.765.jar:/home/runner/.m2/repository/com/carrotsearch/hppc/0.8.0/hppc-0.8.0.jar:/home/runner/.m2/repository/io/airlift/aircompressor/0.27/aircompressor-0.27.jar:/home/runner/.m2/repository/org/apache/httpcomponents/httpasyncclient/4.1.4/httpasyncclient-4.1.4.jar:/home/runner/.m2/repository/org/apache/httpcomponents/httpcore-nio/4.4.16/httpcore-nio-4.4.16.jar:/home/runner/.m2/repository/org/apache/httpcomponents/httpmime/4.5.13/httpmime-4.5.13.jar:/home/runner/.m2/repository/org/apache/orc/orc-core/1.5.8/orc-core-1.5.8.jar:/home/runner/.m2/repository/org/apache/orc/orc-shims/1.5.8/orc-shims-1.5.8.jar:/home/runner/.m2/repository/org/apache/ranger/ranger-plugins-cred/2.6.0/ranger-plugins-cred-2.6.0.jar:/home/runner/.m2/repository/org/aspectj/aspectjrt/1.9.7/aspectjrt-1.9.7.jar:/home/runner/.m2/repository/org/aspectj/aspectjweaver/1.9.7/aspectjweaver-1.9.7.jar:/home/runner/work/ozone/ozone/hadoop-ozone/ozone-manager/target/ozone-manager-2.1.0-SNAPSHOT-tests.jar:/home/runner/work/ozone/ozone/hadoop-ozone/mini-cluster/target/ozone-mini-cluster-2.1.0-SNAPSHOT.jar:/home/runner/work/ozone/ozone/hadoop-ozone/recon/target/ozone-recon-2.1.0-SNAPSHOT.jar:/home/runner/.m2/repository/aopalliance/aopalliance/1.0/aopalliance-1.0.jar:/home/runner/.m2/repository/com/google/inject/guice/6.0.0/guice-6.0.0.jar:/home/runner/.m2/repository/jakarta/inject/jakarta.inject-api/2.0.1/jakarta.inject-api-2.0.1.jar:/home/runner/.m2/repository/com/jolbox/bonecp/0.8.0.RELEASE/bonecp-0.8.0.RELEASE.jar:/home/runner/.m2/repository/jakarta/validation/jakarta.validation-api/2.0.2/jakarta.validation-api-2.0.2.jar:/home/runner/.m2/repository/javax/inject/javax.inject/1/javax.inject-1.jar:/home/runner/.m2/repository/org/apache/derby/derby/10.14.2.0/derby-10.14.2.0.jar:/home/runner/.m2/repository/org/glassfish/hk2/guice-bridge/2.6.1/guice-bridge-2.6.1.jar:/home/runner/.m2/repository/org/glassfish/hk2/hk2-api/2.6.1/hk2-api-2.6.1.jar:/home/runner/.m2/repository/org/glassfish/hk2/hk2-utils/2.6.1/hk2-utils-2.6.1.jar:/home/runner/.m2/repository/org/glassfish/hk2/external/aopalliance-repackaged/2.6.1/aopalliance-repackaged-2.6.1.jar:/home/runner/.m2/repository/org/glassfish/jersey/containers/jersey-container-servlet/2.46/jersey-container-servlet-2.46.jar:/home/runner/.m2/repository/org/glassfish/jersey/core/jersey-common/2.46/jersey-common-2.46.jar:/home/runner/.m2/repository/org/glassfish/hk2/osgi-resource-locator/1.0.3/osgi-resource-locator-1.0.3.jar:/home/runner/.m2/repository/org/javassist/javassist/3.30.2-GA/javassist-3.30.2-GA.jar:/home/runner/.m2/repository/org/jooq/jooq/3.11.10/jooq-3.11.10.jar:/home/runner/.m2/repository/org/jooq/jooq-codegen/3.11.10/jooq-codegen-3.11.10.jar:/home/runner/.m2/repository/org/jooq/jooq-meta/3.11.10/jooq-meta-3.11.10.jar:/home/runner/.m2/repository/org/springframework/spring-core/5.3.39/spring-core-5.3.39.jar:/home/runner/.m2/repository/org/springframework/spring-jdbc/5.3.39/spring-jdbc-5.3.39.jar:/home/runner/.m2/repository/org/springframework/spring-beans/5.3.39/spring-beans-5.3.39.jar:/home/runner/.m2/repository/org/springframework/spring-tx/5.3.39/spring-tx-5.3.39.jar:/home/runner/.m2/repository/org/xerial/sqlite-jdbc/3.49.1.0/sqlite-jdbc-3.49.1.0.jar:/home/runner/.m2/repository/com/google/inject/extensions/guice-assistedinject/6.0.0/guice-assistedinject-6.0.0.jar:/home/runner/.m2/repository/org/glassfish/hk2/external/jakarta.inject/2.6.1/jakarta.inject-2.6.1.jar:/home/runner/.m2/repository/org/glassfish/jersey/inject/jersey-hk2/2.46/jersey-hk2-2.46.jar:/home/runner/.m2/repository/org/glassfish/hk2/hk2-locator/2.6.1/hk2-locator-2.6.1.jar:/home/runner/.m2/repository/org/glassfish/jersey/media/jersey-media-jaxb/2.46/jersey-media-jaxb-2.46.jar:/home/runner/.m2/repository/org/glassfish/jersey/media/jersey-media-json-jackson/2.46/jersey-media-json-jackson-2.46.jar:/home/runner/.m2/repository/org/glassfish/jersey/ext/jersey-entity-filtering/2.46/jersey-entity-filtering-2.46.jar:/home/runner/work/ozone/ozone/hadoop-ozone/recon-codegen/target/ozone-reconcodegen-2.1.0-SNAPSHOT.jar:/home/runner/work/ozone/ozone/hadoop-ozone/s3gateway/target/ozone-s3gateway-2.1.0-SNAPSHOT.jar:/home/runner/work/ozone/ozone/hadoop-ozone/tools/target/ozone-tools-2.1.0-SNAPSHOT.jar:/home/runner/.m2/repository/com/github/vlsi/mxgraph/jgraphx/3.9.12/jgraphx-3.9.12.jar:/home/runner/.m2/repository/org/apache/ratis/ratis-shell/3.1.2/ratis-shell-3.1.2.jar:/home/runner/.m2/repository/org/apache/ratis/ratis-tools/3.1.2/ratis-tools-3.1.2.jar:/home/runner/.m2/repository/org/jgrapht/jgrapht-core/1.4.0/jgrapht-core-1.4.0.jar:/home/runner/.m2/repository/org/jheaps/jheaps/0.11/jheaps-0.11.jar:/home/runner/.m2/repository/org/jgrapht/jgrapht-ext/1.4.0/jgrapht-ext-1.4.0.jar:/home/runner/work/ozone/ozone/hadoop-hdds/rocksdb-checkpoint-differ/target/rocksdb-checkpoint-differ-2.1.0-SNAPSHOT.jar:/home/runner/.m2/repository/org/apache/ranger/ranger-intg/2.6.0/ranger-intg-2.6.0.jar:/home/runner/.m2/repository/org/apache/ratis/ratis-client/3.1.2/ratis-client-3.1.2.jar:/home/runner/.m2/repository/org/apache/ratis/ratis-common/3.1.2/ratis-common-3.1.2.jar:/home/runner/.m2/repository/org/apache/ratis/ratis-grpc/3.1.2/ratis-grpc-3.1.2.jar:/home/runner/.m2/repository/org/apache/ratis/ratis-metrics-api/3.1.2/ratis-metrics-api-3.1.2.jar:/home/runner/.m2/repository/org/apache/ratis/ratis-proto/3.1.2/ratis-proto-3.1.2.jar:/home/runner/.m2/repository/org/apache/ratis/ratis-server/3.1.2/ratis-server-3.1.2.jar:/home/runner/.m2/repository/org/apache/ratis/ratis-server-api/3.1.2/ratis-server-api-3.1.2.jar:/home/runner/.m2/repository/org/apache/ratis/ratis-thirdparty-misc/1.0.6/ratis-thirdparty-misc-1.0.6.jar:/home/runner/.m2/repository/org/bouncycastle/bcpkix-jdk18on/1.80/bcpkix-jdk18on-1.80.jar:/home/runner/.m2/repository/org/bouncycastle/bcutil-jdk18on/1.80/bcutil-jdk18on-1.80.jar:/home/runner/.m2/repository/org/hamcrest/hamcrest/2.2/hamcrest-2.2.jar:/home/runner/.m2/repository/org/rocksdb/rocksdbjni/7.7.3/rocksdbjni-7.7.3.jar:/home/runner/.m2/repository/org/slf4j/jul-to-slf4j/2.0.17/jul-to-slf4j-2.0.17.jar:/home/runner/.m2/repository/org/slf4j/slf4j-api/2.0.17/slf4j-api-2.0.17.jar:/home/runner/.m2/repository/org/assertj/assertj-core/3.27.3/assertj-core-3.27.3.jar:/home/runner/.m2/repository/net/bytebuddy/byte-buddy/1.15.11/byte-buddy-1.15.11.jar:/home/runner/.m2/repository/org/junit/jupiter/junit-jupiter-api/5.12.2/junit-jupiter-api-5.12.2.jar:/home/runner/.m2/repository/org/opentest4j/opentest4j/1.3.0/opentest4j-1.3.0.jar:/home/runner/.m2/repository/org/junit/platform/junit-platform-commons/1.12.2/junit-platform-commons-1.12.2.jar:/home/runner/.m2/repository/org/apiguardian/apiguardian-api/1.1.2/apiguardian-api-1.1.2.jar:/home/runner/.m2/repository/org/junit/jupiter/junit-jupiter-params/5.12.2/junit-jupiter-params-5.12.2.jar:/home/runner/.m2/repository/org/mockito/mockito-core/4.11.0/mockito-core-4.11.0.jar:/home/runner/.m2/repository/net/bytebuddy/byte-buddy-agent/1.12.19/byte-buddy-agent-1.12.19.jar:/home/runner/.m2/repository/org/objenesis/objenesis/3.3/objenesis-3.3.jar:/home/runner/.m2/repository/org/mockito/mockito-inline/4.11.0/mockito-inline-4.11.0.jar:/home/runner/.m2/repository/org/mockito/mockito-junit-jupiter/4.11.0/mockito-junit-jupiter-4.11.0.jar:/home/runner/work/ozone/ozone/hadoop-ozone/integration-test/target/gradle-enterprise/test-listeners.jar:"/>
    <property name="java.vm.vendor" value="Eclipse Adoptium"/>
    <property name="sun.arch.data.model" value="64"/>
    <property name="test.build.dir" value="/home/runner/work/ozone/ozone/hadoop-ozone/integration-test/target/test-dir"/>
    <property name="test.cache.data" value=""/>
    <property name="java.vendor.url" value="https://adoptium.net/"/>
    <property name="user.timezone" value="Etc/UTC"/>
    <property name="maven-surefire-plugin.argLineAccessArgs" value=" --add-opens java.management/com.sun.jmx.mbeanserver=ALL-UNNAMED --add-exports java.management/com.sun.jmx.mbeanserver=ALL-UNNAMED --add-opens java.base/java.nio=ALL-UNNAMED --add-opens java.base/java.lang=ALL-UNNAMED --add-opens java.base/java.lang.reflect=ALL-UNNAMED"/>
    <property name="os.name" value="Linux"/>
    <property name="java.vm.specification.version" value="21"/>
    <property name="test.build.data" value="/home/runner/work/ozone/ozone/hadoop-ozone/integration-test/target/test-dir"/>
    <property name="sun.java.launcher" value="SUN_STANDARD"/>
    <property name="sun.boot.library.path" value="/usr/lib/jvm/temurin-21-jdk-amd64/lib"/>
    <property name="sun.java.command" value="/home/runner/work/ozone/ozone/hadoop-ozone/integration-test/target/surefire/surefirebooter-20250528150848092_1379.jar /home/runner/work/ozone/ozone/hadoop-ozone/integration-test/target/surefire 2025-05-28T14-51-49_377-jvmRun1 surefire-20250528150848092_1377tmp surefire_199-20250528150848092_1378tmp"/>
    <property name="jdk.debug" value="release"/>
    <property name="native.lib.tmp.dir" value="/tmp"/>
    <property name="surefire.test.class.path" value="/home/runner/work/ozone/ozone/hadoop-ozone/integration-test/target/test-classes:/home/runner/work/ozone/ozone/hadoop-ozone/integration-test/target/classes:/home/runner/.m2/repository/ch/qos/reload4j/reload4j/1.2.26/reload4j-1.2.26.jar:/home/runner/.m2/repository/com/fasterxml/jackson/core/jackson-core/2.16.2/jackson-core-2.16.2.jar:/home/runner/.m2/repository/com/fasterxml/jackson/core/jackson-databind/2.16.2/jackson-databind-2.16.2.jar:/home/runner/.m2/repository/com/fasterxml/jackson/core/jackson-annotations/2.16.2/jackson-annotations-2.16.2.jar:/home/runner/.m2/repository/com/github/stephenc/jcip/jcip-annotations/1.0-1/jcip-annotations-1.0-1.jar:/home/runner/.m2/repository/com/google/guava/guava/32.1.3-jre/guava-32.1.3-jre.jar:/home/runner/.m2/repository/com/google/guava/failureaccess/1.0.1/failureaccess-1.0.1.jar:/home/runner/.m2/repository/com/google/guava/listenablefuture/9999.0-empty-to-avoid-conflict-with-guava/listenablefuture-9999.0-empty-to-avoid-conflict-with-guava.jar:/home/runner/.m2/repository/org/checkerframework/checker-qual/3.37.0/checker-qual-3.37.0.jar:/home/runner/.m2/repository/com/google/errorprone/error_prone_annotations/2.29.2/error_prone_annotations-2.29.2.jar:/home/runner/.m2/repository/com/google/j2objc/j2objc-annotations/2.8/j2objc-annotations-2.8.jar:/home/runner/.m2/repository/com/google/protobuf/protobuf-java/2.5.0/protobuf-java-2.5.0.jar:/home/runner/.m2/repository/com/squareup/okhttp3/okhttp/4.12.0/okhttp-4.12.0.jar:/home/runner/.m2/repository/com/squareup/okio/okio/3.6.0/okio-3.6.0.jar:/home/runner/.m2/repository/com/squareup/okio/okio-jvm/3.6.0/okio-jvm-3.6.0.jar:/home/runner/.m2/repository/org/jetbrains/kotlin/kotlin-stdlib-common/1.9.25/kotlin-stdlib-common-1.9.25.jar:/home/runner/.m2/repository/org/jetbrains/kotlin/kotlin-stdlib-jdk8/1.9.25/kotlin-stdlib-jdk8-1.9.25.jar:/home/runner/.m2/repository/org/jetbrains/kotlin/kotlin-stdlib-jdk7/1.9.25/kotlin-stdlib-jdk7-1.9.25.jar:/home/runner/.m2/repository/commons-codec/commons-codec/1.17.1/commons-codec-1.17.1.jar:/home/runner/.m2/repository/commons-io/commons-io/2.18.0/commons-io-2.18.0.jar:/home/runner/.m2/repository/commons-validator/commons-validator/1.6/commons-validator-1.6.jar:/home/runner/.m2/repository/commons-beanutils/commons-beanutils/1.9.4/commons-beanutils-1.9.4.jar:/home/runner/.m2/repository/commons-digester/commons-digester/1.8.1/commons-digester-1.8.1.jar:/home/runner/.m2/repository/commons-collections/commons-collections/3.2.2/commons-collections-3.2.2.jar:/home/runner/.m2/repository/info/picocli/picocli/4.7.7/picocli-4.7.7.jar:/home/runner/.m2/repository/jakarta/annotation/jakarta.annotation-api/2.1.1/jakarta.annotation-api-2.1.1.jar:/home/runner/.m2/repository/jakarta/xml/bind/jakarta.xml.bind-api/2.3.3/jakarta.xml.bind-api-2.3.3.jar:/home/runner/.m2/repository/jakarta/activation/jakarta.activation-api/1.2.2/jakarta.activation-api-1.2.2.jar:/home/runner/.m2/repository/javax/servlet/javax.servlet-api/3.1.0/javax.servlet-api-3.1.0.jar:/home/runner/.m2/repository/javax/ws/rs/jsr311-api/1.1.1/jsr311-api-1.1.1.jar:/home/runner/.m2/repository/org/apache/commons/commons-compress/1.27.1/commons-compress-1.27.1.jar:/home/runner/.m2/repository/org/apache/commons/commons-lang3/3.17.0/commons-lang3-3.17.0.jar:/home/runner/.m2/repository/org/apache/commons/commons-text/1.12.0/commons-text-1.12.0.jar:/home/runner/.m2/repository/org/apache/hadoop/hadoop-auth/3.4.1/hadoop-auth-3.4.1.jar:/home/runner/.m2/repository/com/nimbusds/nimbus-jose-jwt/9.40/nimbus-jose-jwt-9.40.jar:/home/runner/.m2/repository/io/dropwizard/metrics/metrics-core/3.2.6/metrics-core-3.2.6.jar:/home/runner/.m2/repository/org/apache/kerby/kerb-core/1.0.1/kerb-core-1.0.1.jar:/home/runner/.m2/repository/org/apache/kerby/kerby-pkix/1.0.1/kerby-pkix-1.0.1.jar:/home/runner/.m2/repository/org/apache/kerby/kerby-asn1/1.0.1/kerby-asn1-1.0.1.jar:/home/runner/.m2/repository/org/apache/kerby/kerb-util/1.0.1/kerb-util-1.0.1.jar:/home/runner/.m2/repository/org/apache/kerby/kerby-config/1.0.1/kerby-config-1.0.1.jar:/home/runner/.m2/repository/org/apache/kerby/kerb-crypto/1.0.1/kerb-crypto-1.0.1.jar:/home/runner/.m2/repository/org/apache/hadoop/thirdparty/hadoop-shaded-guava/1.3.0/hadoop-shaded-guava-1.3.0.jar:/home/runner/.m2/repository/org/apache/hadoop/hadoop-common/3.4.1/hadoop-common-3.4.1.jar:/home/runner/.m2/repository/org/apache/hadoop/thirdparty/hadoop-shaded-protobuf_3_25/1.4.0/hadoop-shaded-protobuf_3_25-1.4.0.jar:/home/runner/.m2/repository/org/apache/hadoop/hadoop-annotations/3.4.1/hadoop-annotations-3.4.1.jar:/home/runner/.m2/repository/commons-cli/commons-cli/1.8.0/commons-cli-1.8.0.jar:/home/runner/.m2/repository/commons-net/commons-net/3.11.1/commons-net-3.11.1.jar:/home/runner/.m2/repository/org/eclipse/jetty/jetty-server/9.4.57.v20241219/jetty-server-9.4.57.v20241219.jar:/home/runner/.m2/repository/org/eclipse/jetty/jetty-util/9.4.57.v20241219/jetty-util-9.4.57.v20241219.jar:/home/runner/.m2/repository/org/eclipse/jetty/jetty-servlet/9.4.57.v20241219/jetty-servlet-9.4.57.v20241219.jar:/home/runner/.m2/repository/org/eclipse/jetty/jetty-security/9.4.57.v20241219/jetty-security-9.4.57.v20241219.jar:/home/runner/.m2/repository/org/eclipse/jetty/jetty-webapp/9.4.57.v20241219/jetty-webapp-9.4.57.v20241219.jar:/home/runner/.m2/repository/org/eclipse/jetty/jetty-xml/9.4.57.v20241219/jetty-xml-9.4.57.v20241219.jar:/home/runner/.m2/repository/javax/servlet/jsp/jsp-api/2.1/jsp-api-2.1.jar:/home/runner/.m2/repository/org/codehaus/jettison/jettison/1.5.4/jettison-1.5.4.jar:/home/runner/.m2/repository/org/apache/commons/commons-configuration2/2.11.0/commons-configuration2-2.11.0.jar:/home/runner/.m2/repository/com/google/re2j/re2j/1.7/re2j-1.7.jar:/home/runner/.m2/repository/com/google/code/gson/gson/2.10.1/gson-2.10.1.jar:/home/runner/.m2/repository/com/jcraft/jsch/0.1.55/jsch-0.1.55.jar:/home/runner/.m2/repository/io/netty/netty-handler/4.1.109.Final/netty-handler-4.1.109.Final.jar:/home/runner/.m2/repository/io/netty/netty-resolver/4.1.109.Final/netty-resolver-4.1.109.Final.jar:/home/runner/.m2/repository/io/netty/netty-transport-native-epoll/4.1.109.Final/netty-transport-native-epoll-4.1.109.Final.jar:/home/runner/.m2/repository/org/bouncycastle/bcprov-jdk18on/1.80/bcprov-jdk18on-1.80.jar:/home/runner/.m2/repository/org/codehaus/woodstox/stax2-api/4.2.1/stax2-api-4.2.1.jar:/home/runner/.m2/repository/com/fasterxml/woodstox/woodstox-core/5.4.0/woodstox-core-5.4.0.jar:/home/runner/.m2/repository/dnsjava/dnsjava/3.6.1/dnsjava-3.6.1.jar:/home/runner/.m2/repository/org/apache/hadoop/hadoop-common/3.4.1/hadoop-common-3.4.1-tests.jar:/home/runner/.m2/repository/org/apache/commons/commons-math3/3.6.1/commons-math3-3.6.1.jar:/home/runner/.m2/repository/com/sun/jersey/jersey-core/1.19.4/jersey-core-1.19.4.jar:/home/runner/.m2/repository/com/sun/jersey/jersey-servlet/1.19.4/jersey-servlet-1.19.4.jar:/home/runner/.m2/repository/com/github/pjfanning/jersey-json/1.22.0/jersey-json-1.22.0.jar:/home/runner/.m2/repository/com/sun/xml/bind/jaxb-impl/2.2.3-1/jaxb-impl-2.2.3-1.jar:/home/runner/.m2/repository/com/sun/jersey/jersey-server/1.19.4/jersey-server-1.19.4.jar:/home/runner/.m2/repository/org/slf4j/slf4j-reload4j/2.0.17/slf4j-reload4j-2.0.17.jar:/home/runner/.m2/repository/org/apache/avro/avro/1.9.2/avro-1.9.2.jar:/home/runner/.m2/repository/org/apache/curator/curator-client/4.2.0/curator-client-4.2.0.jar:/home/runner/.m2/repository/org/apache/curator/curator-recipes/5.2.0/curator-recipes-5.2.0.jar:/home/runner/.m2/repository/org/apache/curator/curator-framework/4.2.0/curator-framework-4.2.0.jar:/home/runner/.m2/repository/com/google/code/findbugs/jsr305/3.0.2/jsr305-3.0.2.jar:/home/runner/.m2/repository/org/apache/zookeeper/zookeeper/3.8.4/zookeeper-3.8.4.jar:/home/runner/.m2/repository/org/apache/zookeeper/zookeeper-jute/3.8.4/zookeeper-jute-3.8.4.jar:/home/runner/.m2/repository/org/apache/yetus/audience-annotations/0.12.0/audience-annotations-0.12.0.jar:/home/runner/.m2/repository/org/xerial/snappy/snappy-java/1.1.10.7/snappy-java-1.1.10.7.jar:/home/runner/.m2/repository/org/apache/hadoop/hadoop-distcp/3.4.1/hadoop-distcp-3.4.1.jar:/home/runner/.m2/repository/org/apache/hadoop/hadoop-distcp/3.4.1/hadoop-distcp-3.4.1-tests.jar:/home/runner/.m2/repository/org/apache/hadoop/hadoop-hdfs/3.4.1/hadoop-hdfs-3.4.1.jar:/home/runner/.m2/repository/org/eclipse/jetty/jetty-util-ajax/9.4.57.v20241219/jetty-util-ajax-9.4.57.v20241219.jar:/home/runner/.m2/repository/commons-daemon/commons-daemon/1.4.0/commons-daemon-1.4.0.jar:/home/runner/.m2/repository/org/apache/hadoop/hadoop-hdfs/3.4.1/hadoop-hdfs-3.4.1-tests.jar:/home/runner/.m2/repository/io/netty/netty-all/4.1.109.Final/netty-all-4.1.109.Final.jar:/home/runner/.m2/repository/io/netty/netty-codec-dns/4.1.109.Final/netty-codec-dns-4.1.109.Final.jar:/home/runner/.m2/repository/io/netty/netty-codec-haproxy/4.1.109.Final/netty-codec-haproxy-4.1.109.Final.jar:/home/runner/.m2/repository/io/netty/netty-codec-http/4.1.109.Final/netty-codec-http-4.1.109.Final.jar:/home/runner/.m2/repository/io/netty/netty-codec-memcache/4.1.109.Final/netty-codec-memcache-4.1.109.Final.jar:/home/runner/.m2/repository/io/netty/netty-codec-mqtt/4.1.109.Final/netty-codec-mqtt-4.1.109.Final.jar:/home/runner/.m2/repository/io/netty/netty-codec-redis/4.1.109.Final/netty-codec-redis-4.1.109.Final.jar:/home/runner/.m2/repository/io/netty/netty-codec-smtp/4.1.109.Final/netty-codec-smtp-4.1.109.Final.jar:/home/runner/.m2/repository/io/netty/netty-codec-socks/4.1.109.Final/netty-codec-socks-4.1.109.Final.jar:/home/runner/.m2/repository/io/netty/netty-codec-stomp/4.1.109.Final/netty-codec-stomp-4.1.109.Final.jar:/home/runner/.m2/repository/io/netty/netty-codec-xml/4.1.109.Final/netty-codec-xml-4.1.109.Final.jar:/home/runner/.m2/repository/io/netty/netty-handler-ssl-ocsp/4.1.109.Final/netty-handler-ssl-ocsp-4.1.109.Final.jar:/home/runner/.m2/repository/io/netty/netty-resolver-dns/4.1.109.Final/netty-resolver-dns-4.1.109.Final.jar:/home/runner/.m2/repository/io/netty/netty-transport-rxtx/4.1.109.Final/netty-transport-rxtx-4.1.109.Final.jar:/home/runner/.m2/repository/io/netty/netty-transport-sctp/4.1.109.Final/netty-transport-sctp-4.1.109.Final.jar:/home/runner/.m2/repository/io/netty/netty-transport-udt/4.1.109.Final/netty-transport-udt-4.1.109.Final.jar:/home/runner/.m2/repository/io/netty/netty-transport-classes-kqueue/4.1.109.Final/netty-transport-classes-kqueue-4.1.109.Final.jar:/home/runner/.m2/repository/io/netty/netty-resolver-dns-classes-macos/4.1.109.Final/netty-resolver-dns-classes-macos-4.1.109.Final.jar:/home/runner/.m2/repository/io/netty/netty-transport-native-epoll/4.1.109.Final/netty-transport-native-epoll-4.1.109.Final-linux-aarch_64.jar:/home/runner/.m2/repository/io/netty/netty-transport-native-epoll/4.1.109.Final/netty-transport-native-epoll-4.1.109.Final-linux-riscv64.jar:/home/runner/.m2/repository/io/netty/netty-transport-native-kqueue/4.1.109.Final/netty-transport-native-kqueue-4.1.109.Final-osx-x86_64.jar:/home/runner/.m2/repository/io/netty/netty-transport-native-kqueue/4.1.109.Final/netty-transport-native-kqueue-4.1.109.Final-osx-aarch_64.jar:/home/runner/.m2/repository/io/netty/netty-resolver-dns-native-macos/4.1.109.Final/netty-resolver-dns-native-macos-4.1.109.Final-osx-x86_64.jar:/home/runner/.m2/repository/io/netty/netty-resolver-dns-native-macos/4.1.109.Final/netty-resolver-dns-native-macos-4.1.109.Final-osx-aarch_64.jar:/home/runner/.m2/repository/org/fusesource/leveldbjni/leveldbjni-all/1.8/leveldbjni-all-1.8.jar:/home/runner/.m2/repository/org/apache/hadoop/hadoop-hdfs-client/3.4.1/hadoop-hdfs-client-3.4.1.jar:/home/runner/.m2/repository/org/apache/hadoop/hadoop-kms/3.4.1/hadoop-kms-3.4.1.jar:/home/runner/.m2/repository/org/apache/hadoop/hadoop-kms/3.4.1/hadoop-kms-3.4.1-tests.jar:/home/runner/.m2/repository/org/apache/hadoop/hadoop-mapreduce-client-core/3.4.1/hadoop-mapreduce-client-core-3.4.1.jar:/home/runner/.m2/repository/org/apache/hadoop/hadoop-yarn-client/3.4.1/hadoop-yarn-client-3.4.1.jar:/home/runner/.m2/repository/org/eclipse/jetty/websocket/websocket-client/9.4.53.v20231009/websocket-client-9.4.53.v20231009.jar:/home/runner/.m2/repository/org/eclipse/jetty/jetty-client/9.4.57.v20241219/jetty-client-9.4.57.v20241219.jar:/home/runner/.m2/repository/org/eclipse/jetty/websocket/websocket-common/9.4.53.v20231009/websocket-common-9.4.53.v20231009.jar:/home/runner/.m2/repository/org/eclipse/jetty/websocket/websocket-api/9.4.53.v20231009/websocket-api-9.4.53.v20231009.jar:/home/runner/.m2/repository/org/apache/hadoop/hadoop-yarn-api/3.4.1/hadoop-yarn-api-3.4.1.jar:/home/runner/.m2/repository/org/apache/hadoop/hadoop-yarn-common/3.4.1/hadoop-yarn-common-3.4.1.jar:/home/runner/.m2/repository/javax/xml/bind/jaxb-api/2.2.11/jaxb-api-2.2.11.jar:/home/runner/.m2/repository/com/sun/jersey/contribs/jersey-guice/1.19.4/jersey-guice-1.19.4.jar:/home/runner/.m2/repository/com/fasterxml/jackson/module/jackson-module-jaxb-annotations/2.16.2/jackson-module-jaxb-annotations-2.16.2.jar:/home/runner/.m2/repository/com/fasterxml/jackson/jaxrs/jackson-jaxrs-json-provider/2.16.2/jackson-jaxrs-json-provider-2.16.2.jar:/home/runner/.m2/repository/com/google/inject/extensions/guice-servlet/6.0.0/guice-servlet-6.0.0.jar:/home/runner/.m2/repository/org/apache/hadoop/hadoop-mapreduce-client-jobclient/3.4.1/hadoop-mapreduce-client-jobclient-3.4.1.jar:/home/runner/.m2/repository/org/apache/hadoop/hadoop-mapreduce-client-common/3.4.1/hadoop-mapreduce-client-common-3.4.1.jar:/home/runner/.m2/repository/org/apache/hadoop/hadoop-minikdc/3.4.1/hadoop-minikdc-3.4.1.jar:/home/runner/.m2/repository/org/apache/kerby/kerb-simplekdc/2.0.3/kerb-simplekdc-2.0.3.jar:/home/runner/.m2/repository/org/apache/kerby/kerb-client/2.0.3/kerb-client-2.0.3.jar:/home/runner/.m2/repository/org/apache/kerby/kerb-common/2.0.3/kerb-common-2.0.3.jar:/home/runner/.m2/repository/org/apache/kerby/token-provider/2.0.3/token-provider-2.0.3.jar:/home/runner/.m2/repository/org/apache/kerby/kerb-admin/2.0.3/kerb-admin-2.0.3.jar:/home/runner/.m2/repository/org/apache/kerby/kerb-server/2.0.3/kerb-server-2.0.3.jar:/home/runner/.m2/repository/org/apache/kerby/kerb-identity/2.0.3/kerb-identity-2.0.3.jar:/home/runner/.m2/repository/org/apache/kerby/kerby-xdr/2.0.3/kerby-xdr-2.0.3.jar:/home/runner/.m2/repository/junit/junit/4.13.2/junit-4.13.2.jar:/home/runner/.m2/repository/org/hamcrest/hamcrest-core/1.3/hamcrest-core-1.3.jar:/home/runner/.m2/repository/org/apache/httpcomponents/httpclient/4.5.14/httpclient-4.5.14.jar:/home/runner/.m2/repository/org/apache/httpcomponents/httpcore/4.4.16/httpcore-4.4.16.jar:/home/runner/.m2/repository/org/apache/kerby/kerby-util/1.0.1/kerby-util-1.0.1.jar:/home/runner/work/ozone/ozone/hadoop-hdds/client/target/hdds-client-2.1.0-SNAPSHOT.jar:/home/runner/.m2/repository/io/opentracing/opentracing-api/0.33.0/opentracing-api-0.33.0.jar:/home/runner/.m2/repository/io/opentracing/opentracing-util/0.33.0/opentracing-util-0.33.0.jar:/home/runner/.m2/repository/io/opentracing/opentracing-noop/0.33.0/opentracing-noop-0.33.0.jar:/home/runner/work/ozone/ozone/hadoop-hdds/erasurecode/target/hdds-erasurecode-2.1.0-SNAPSHOT.jar:/home/runner/work/ozone/ozone/hadoop-hdds/common/target/hdds-common-2.1.0-SNAPSHOT.jar:/home/runner/.m2/repository/com/fasterxml/jackson/datatype/jackson-datatype-jsr310/2.16.2/jackson-datatype-jsr310-2.16.2.jar:/home/runner/.m2/repository/io/jaegertracing/jaeger-core/1.8.1/jaeger-core-1.8.1.jar:/home/runner/.m2/repository/javax/annotation/javax.annotation-api/1.3.2/javax.annotation-api-1.3.2.jar:/home/runner/work/ozone/ozone/hadoop-hdds/annotations/target/hdds-annotation-processing-2.1.0-SNAPSHOT.jar:/home/runner/.m2/repository/org/apache/ratis/ratis-netty/3.1.2/ratis-netty-3.1.2.jar:/home/runner/.m2/repository/org/jetbrains/kotlin/kotlin-stdlib/1.9.25/kotlin-stdlib-1.9.25.jar:/home/runner/.m2/repository/org/jetbrains/annotations/13.0/annotations-13.0.jar:/home/runner/.m2/repository/org/reflections/reflections/0.10.2/reflections-0.10.2.jar:/home/runner/.m2/repository/org/yaml/snakeyaml/2.0/snakeyaml-2.0.jar:/home/runner/.m2/repository/io/jaegertracing/jaeger-client/1.8.1/jaeger-client-1.8.1.jar:/home/runner/.m2/repository/io/jaegertracing/jaeger-thrift/1.8.1/jaeger-thrift-1.8.1.jar:/home/runner/.m2/repository/org/apache/thrift/libthrift/0.15.0/libthrift-0.15.0.jar:/home/runner/.m2/repository/io/jaegertracing/jaeger-tracerresolver/1.8.1/jaeger-tracerresolver-1.8.1.jar:/home/runner/.m2/repository/io/opentracing/contrib/opentracing-tracerresolver/0.1.8/opentracing-tracerresolver-0.1.8.jar:/home/runner/.m2/repository/org/apache/ratis/ratis-metrics-dropwizard3/3.1.2/ratis-metrics-dropwizard3-3.1.2.jar:/home/runner/.m2/repository/org/slf4j/jcl-over-slf4j/2.0.17/jcl-over-slf4j-2.0.17.jar:/home/runner/work/ozone/ozone/hadoop-hdds/common/target/hdds-common-2.1.0-SNAPSHOT-tests.jar:/home/runner/work/ozone/ozone/hadoop-hdds/config/target/hdds-config-2.1.0-SNAPSHOT.jar:/home/runner/work/ozone/ozone/hadoop-hdds/container-service/target/hdds-container-service-2.1.0-SNAPSHOT.jar:/home/runner/.m2/repository/io/netty/netty-buffer/4.1.109.Final/netty-buffer-4.1.109.Final.jar:/home/runner/.m2/repository/io/netty/netty-codec/4.1.109.Final/netty-codec-4.1.109.Final.jar:/home/runner/.m2/repository/io/netty/netty-common/4.1.109.Final/netty-common-4.1.109.Final.jar:/home/runner/.m2/repository/io/netty/netty-transport/4.1.109.Final/netty-transport-4.1.109.Final.jar:/home/runner/.m2/repository/org/apache/logging/log4j/log4j-api/2.24.2/log4j-api-2.24.2.jar:/home/runner/.m2/repository/com/github/luben/zstd-jni/1.5.7-3/zstd-jni-1.5.7-3.jar:/home/runner/.m2/repository/log4j/apache-log4j-extras/1.2.17/apache-log4j-extras-1.2.17.jar:/home/runner/.m2/repository/org/glassfish/jaxb/jaxb-runtime/2.3.9/jaxb-runtime-2.3.9.jar:/home/runner/.m2/repository/org/glassfish/jaxb/txw2/2.3.9/txw2-2.3.9.jar:/home/runner/.m2/repository/com/sun/istack/istack-commons-runtime/3.0.12/istack-commons-runtime-3.0.12.jar:/home/runner/.m2/repository/com/sun/activation/jakarta.activation/1.2.2/jakarta.activation-1.2.2.jar:/home/runner/work/ozone/ozone/hadoop-hdds/container-service/target/hdds-container-service-2.1.0-SNAPSHOT-tests.jar:/home/runner/work/ozone/ozone/hadoop-hdds/interface-admin/target/hdds-interface-admin-2.1.0-SNAPSHOT.jar:/home/runner/work/ozone/ozone/hadoop-hdds/interface-client/target/hdds-interface-client-2.1.0-SNAPSHOT.jar:/home/runner/work/ozone/ozone/hadoop-hdds/interface-server/target/hdds-interface-server-2.1.0-SNAPSHOT.jar:/home/runner/work/ozone/ozone/hadoop-hdds/managed-rocksdb/target/hdds-managed-rocksdb-2.1.0-SNAPSHOT.jar:/home/runner/work/ozone/ozone/hadoop-hdds/rocks-native/target/hdds-rocks-native-2.1.0-SNAPSHOT.jar:/home/runner/.m2/repository/org/eclipse/jetty/jetty-io/9.4.57.v20241219/jetty-io-9.4.57.v20241219.jar:/home/runner/work/ozone/ozone/hadoop-hdds/framework/target/hdds-server-framework-2.1.0-SNAPSHOT.jar:/home/runner/.m2/repository/com/github/jnr/jnr-constants/0.10.4/jnr-constants-0.10.4.jar:/home/runner/.m2/repository/com/github/jnr/jnr-posix/3.1.20/jnr-posix-3.1.20.jar:/home/runner/.m2/repository/com/github/jnr/jnr-ffi/2.2.17/jnr-ffi-2.2.17.jar:/home/runner/.m2/repository/com/github/jnr/jffi/1.3.13/jffi-1.3.13.jar:/home/runner/.m2/repository/com/github/jnr/jffi/1.3.13/jffi-1.3.13-native.jar:/home/runner/.m2/repository/org/ow2/asm/asm/9.7.1/asm-9.7.1.jar:/home/runner/.m2/repository/org/ow2/asm/asm-commons/9.7.1/asm-commons-9.7.1.jar:/home/runner/.m2/repository/org/ow2/asm/asm-analysis/9.7.1/asm-analysis-9.7.1.jar:/home/runner/.m2/repository/org/ow2/asm/asm-tree/9.7.1/asm-tree-9.7.1.jar:/home/runner/.m2/repository/org/ow2/asm/asm-util/9.7.1/asm-util-9.7.1.jar:/home/runner/.m2/repository/com/github/jnr/jnr-a64asm/1.0.0/jnr-a64asm-1.0.0.jar:/home/runner/.m2/repository/com/github/jnr/jnr-x86asm/1.0.2/jnr-x86asm-1.0.2.jar:/home/runner/.m2/repository/commons-fileupload/commons-fileupload/1.5/commons-fileupload-1.5.jar:/home/runner/.m2/repository/io/grpc/grpc-api/1.58.0/grpc-api-1.58.0.jar:/home/runner/.m2/repository/io/prometheus/simpleclient/0.16.0/simpleclient-0.16.0.jar:/home/runner/.m2/repository/io/prometheus/simpleclient_common/0.16.0/simpleclient_common-0.16.0.jar:/home/runner/.m2/repository/io/prometheus/simpleclient_dropwizard/0.16.0/simpleclient_dropwizard-0.16.0.jar:/home/runner/.m2/repository/jakarta/ws/rs/jakarta.ws.rs-api/2.1.6/jakarta.ws.rs-api-2.1.6.jar:/home/runner/.m2/repository/org/eclipse/jetty/jetty-http/9.4.57.v20241219/jetty-http-9.4.57.v20241219.jar:/home/runner/.m2/repository/org/glassfish/jersey/containers/jersey-container-servlet-core/2.46/jersey-container-servlet-core-2.46.jar:/home/runner/.m2/repository/org/glassfish/jersey/core/jersey-server/2.46/jersey-server-2.46.jar:/home/runner/.m2/repository/org/glassfish/jersey/core/jersey-client/2.46/jersey-client-2.46.jar:/home/runner/.m2/repository/com/lmax/disruptor/3.4.4/disruptor-3.4.4.jar:/home/runner/.m2/repository/org/apache/logging/log4j/log4j-core/2.24.2/log4j-core-2.24.2.jar:/home/runner/work/ozone/ozone/hadoop-hdds/framework/target/hdds-server-framework-2.1.0-SNAPSHOT-tests.jar:/home/runner/work/ozone/ozone/hadoop-hdds/server-scm/target/hdds-server-scm-2.1.0-SNAPSHOT.jar:/home/runner/work/ozone/ozone/hadoop-hdds/server-scm/target/hdds-server-scm-2.1.0-SNAPSHOT-tests.jar:/home/runner/work/ozone/ozone/hadoop-hdds/test-utils/target/hdds-test-utils-2.1.0-SNAPSHOT-tests.jar:/home/runner/work/ozone/ozone/hadoop-ozone/cli-admin/target/ozone-cli-admin-2.1.0-SNAPSHOT.jar:/home/runner/work/ozone/ozone/hadoop-ozone/cli-shell/target/ozone-cli-shell-2.1.0-SNAPSHOT.jar:/home/runner/.m2/repository/info/picocli/picocli-shell-jline3/4.7.7/picocli-shell-jline3-4.7.7.jar:/home/runner/.m2/repository/org/jline/jline/3.30.3/jline-3.30.3.jar:/home/runner/work/ozone/ozone/hadoop-ozone/client/target/ozone-client-2.1.0-SNAPSHOT.jar:/home/runner/work/ozone/ozone/hadoop-ozone/common/target/ozone-common-2.1.0-SNAPSHOT.jar:/home/runner/.m2/repository/io/grpc/grpc-netty/1.58.0/grpc-netty-1.58.0.jar:/home/runner/.m2/repository/io/grpc/grpc-core/1.58.0/grpc-core-1.58.0.jar:/home/runner/.m2/repository/com/google/android/annotations/4.1.1.4/annotations-4.1.1.4.jar:/home/runner/.m2/repository/org/codehaus/mojo/animal-sniffer-annotations/1.23/animal-sniffer-annotations-1.23.jar:/home/runner/.m2/repository/io/grpc/grpc-context/1.58.0/grpc-context-1.58.0.jar:/home/runner/.m2/repository/io/grpc/grpc-util/1.58.0/grpc-util-1.58.0.jar:/home/runner/.m2/repository/io/perfmark/perfmark-api/0.26.0/perfmark-api-0.26.0.jar:/home/runner/.m2/repository/io/netty/netty-codec-http2/4.1.109.Final/netty-codec-http2-4.1.109.Final.jar:/home/runner/.m2/repository/io/netty/netty-handler-proxy/4.1.109.Final/netty-handler-proxy-4.1.109.Final.jar:/home/runner/.m2/repository/io/netty/netty-tcnative-boringssl-static/2.0.65.Final/netty-tcnative-boringssl-static-2.0.65.Final.jar:/home/runner/.m2/repository/io/netty/netty-tcnative-classes/2.0.65.Final/netty-tcnative-classes-2.0.65.Final.jar:/home/runner/.m2/repository/io/netty/netty-tcnative-boringssl-static/2.0.65.Final/netty-tcnative-boringssl-static-2.0.65.Final-linux-x86_64.jar:/home/runner/.m2/repository/io/netty/netty-tcnative-boringssl-static/2.0.65.Final/netty-tcnative-boringssl-static-2.0.65.Final-linux-aarch_64.jar:/home/runner/.m2/repository/io/netty/netty-tcnative-boringssl-static/2.0.65.Final/netty-tcnative-boringssl-static-2.0.65.Final-osx-x86_64.jar:/home/runner/.m2/repository/io/netty/netty-tcnative-boringssl-static/2.0.65.Final/netty-tcnative-boringssl-static-2.0.65.Final-osx-aarch_64.jar:/home/runner/.m2/repository/io/netty/netty-tcnative-boringssl-static/2.0.65.Final/netty-tcnative-boringssl-static-2.0.65.Final-windows-x86_64.jar:/home/runner/work/ozone/ozone/hadoop-ozone/csi/target/ozone-csi-2.1.0-SNAPSHOT.jar:/home/runner/.m2/repository/com/google/protobuf/protobuf-java-util/3.19.6/protobuf-java-util-3.19.6.jar:/home/runner/.m2/repository/io/grpc/grpc-protobuf/1.58.0/grpc-protobuf-1.58.0.jar:/home/runner/.m2/repository/com/google/api/grpc/proto-google-common-protos/2.22.0/proto-google-common-protos-2.22.0.jar:/home/runner/.m2/repository/io/grpc/grpc-protobuf-lite/1.58.0/grpc-protobuf-lite-1.58.0.jar:/home/runner/.m2/repository/io/grpc/grpc-stub/1.58.0/grpc-stub-1.58.0.jar:/home/runner/.m2/repository/io/netty/netty-transport-classes-epoll/4.1.109.Final/netty-transport-classes-epoll-4.1.109.Final.jar:/home/runner/.m2/repository/io/netty/netty-transport-native-unix-common/4.1.109.Final/netty-transport-native-unix-common-4.1.109.Final.jar:/home/runner/.m2/repository/io/netty/netty-transport-native-epoll/4.1.109.Final/netty-transport-native-epoll-4.1.109.Final-linux-x86_64.jar:/home/runner/work/ozone/ozone/hadoop-ozone/ozonefs/target/ozone-filesystem-2.1.0-SNAPSHOT.jar:/home/runner/work/ozone/ozone/hadoop-ozone/ozonefs-common/target/ozone-filesystem-common-2.1.0-SNAPSHOT.jar:/home/runner/work/ozone/ozone/hadoop-ozone/freon/target/ozone-freon-2.1.0-SNAPSHOT.jar:/home/runner/.m2/repository/com/amazonaws/aws-java-sdk-core/1.12.661/aws-java-sdk-core-1.12.661.jar:/home/runner/.m2/repository/com/fasterxml/jackson/dataformat/jackson-dataformat-cbor/2.16.2/jackson-dataformat-cbor-2.16.2.jar:/home/runner/.m2/repository/joda-time/joda-time/2.12.7/joda-time-2.12.7.jar:/home/runner/.m2/repository/com/amazonaws/aws-java-sdk-s3/1.12.661/aws-java-sdk-s3-1.12.661.jar:/home/runner/.m2/repository/com/amazonaws/aws-java-sdk-kms/1.12.661/aws-java-sdk-kms-1.12.661.jar:/home/runner/.m2/repository/com/amazonaws/jmespath-java/1.12.661/jmespath-java-1.12.661.jar:/home/runner/.m2/repository/org/kohsuke/metainf-services/metainf-services/1.11/metainf-services-1.11.jar:/home/runner/work/ozone/ozone/hadoop-ozone/interface-client/target/ozone-interface-client-2.1.0-SNAPSHOT.jar:/home/runner/work/ozone/ozone/hadoop-ozone/interface-storage/target/ozone-interface-storage-2.1.0-SNAPSHOT.jar:/home/runner/work/ozone/ozone/hadoop-ozone/ozone-manager/target/ozone-manager-2.1.0-SNAPSHOT.jar:/home/runner/.m2/repository/com/sun/jersey/jersey-client/1.19.4/jersey-client-1.19.4.jar:/home/runner/.m2/repository/org/apache/ranger/ranger-plugins-common/2.6.0/ranger-plugins-common-2.6.0.jar:/home/runner/.m2/repository/com/fasterxml/jackson/jaxrs/jackson-jaxrs-base/2.16.2/jackson-jaxrs-base-2.16.2.jar:/home/runner/.m2/repository/com/kstruct/gethostname4j/1.0.0/gethostname4j-1.0.0.jar:/home/runner/.m2/repository/commons-lang/commons-lang/2.6/commons-lang-2.6.jar:/home/runner/.m2/repository/net/java/dev/jna/jna/5.2.0/jna-5.2.0.jar:/home/runner/.m2/repository/net/java/dev/jna/jna-platform/5.2.0/jna-platform-5.2.0.jar:/home/runner/.m2/repository/org/apache/ranger/ranger-plugin-classloader/2.6.0/ranger-plugin-classloader-2.6.0.jar:/home/runner/.m2/repository/org/apache/ranger/ranger-plugins-audit/2.6.0/ranger-plugins-audit-2.6.0.jar:/home/runner/.m2/repository/com/amazonaws/aws-java-sdk-logs/1.12.765/aws-java-sdk-logs-1.12.765.jar:/home/runner/.m2/repository/com/carrotsearch/hppc/0.8.0/hppc-0.8.0.jar:/home/runner/.m2/repository/io/airlift/aircompressor/0.27/aircompressor-0.27.jar:/home/runner/.m2/repository/org/apache/httpcomponents/httpasyncclient/4.1.4/httpasyncclient-4.1.4.jar:/home/runner/.m2/repository/org/apache/httpcomponents/httpcore-nio/4.4.16/httpcore-nio-4.4.16.jar:/home/runner/.m2/repository/org/apache/httpcomponents/httpmime/4.5.13/httpmime-4.5.13.jar:/home/runner/.m2/repository/org/apache/orc/orc-core/1.5.8/orc-core-1.5.8.jar:/home/runner/.m2/repository/org/apache/orc/orc-shims/1.5.8/orc-shims-1.5.8.jar:/home/runner/.m2/repository/org/apache/ranger/ranger-plugins-cred/2.6.0/ranger-plugins-cred-2.6.0.jar:/home/runner/.m2/repository/org/aspectj/aspectjrt/1.9.7/aspectjrt-1.9.7.jar:/home/runner/.m2/repository/org/aspectj/aspectjweaver/1.9.7/aspectjweaver-1.9.7.jar:/home/runner/work/ozone/ozone/hadoop-ozone/ozone-manager/target/ozone-manager-2.1.0-SNAPSHOT-tests.jar:/home/runner/work/ozone/ozone/hadoop-ozone/mini-cluster/target/ozone-mini-cluster-2.1.0-SNAPSHOT.jar:/home/runner/work/ozone/ozone/hadoop-ozone/recon/target/ozone-recon-2.1.0-SNAPSHOT.jar:/home/runner/.m2/repository/aopalliance/aopalliance/1.0/aopalliance-1.0.jar:/home/runner/.m2/repository/com/google/inject/guice/6.0.0/guice-6.0.0.jar:/home/runner/.m2/repository/jakarta/inject/jakarta.inject-api/2.0.1/jakarta.inject-api-2.0.1.jar:/home/runner/.m2/repository/com/jolbox/bonecp/0.8.0.RELEASE/bonecp-0.8.0.RELEASE.jar:/home/runner/.m2/repository/jakarta/validation/jakarta.validation-api/2.0.2/jakarta.validation-api-2.0.2.jar:/home/runner/.m2/repository/javax/inject/javax.inject/1/javax.inject-1.jar:/home/runner/.m2/repository/org/apache/derby/derby/10.14.2.0/derby-10.14.2.0.jar:/home/runner/.m2/repository/org/glassfish/hk2/guice-bridge/2.6.1/guice-bridge-2.6.1.jar:/home/runner/.m2/repository/org/glassfish/hk2/hk2-api/2.6.1/hk2-api-2.6.1.jar:/home/runner/.m2/repository/org/glassfish/hk2/hk2-utils/2.6.1/hk2-utils-2.6.1.jar:/home/runner/.m2/repository/org/glassfish/hk2/external/aopalliance-repackaged/2.6.1/aopalliance-repackaged-2.6.1.jar:/home/runner/.m2/repository/org/glassfish/jersey/containers/jersey-container-servlet/2.46/jersey-container-servlet-2.46.jar:/home/runner/.m2/repository/org/glassfish/jersey/core/jersey-common/2.46/jersey-common-2.46.jar:/home/runner/.m2/repository/org/glassfish/hk2/osgi-resource-locator/1.0.3/osgi-resource-locator-1.0.3.jar:/home/runner/.m2/repository/org/javassist/javassist/3.30.2-GA/javassist-3.30.2-GA.jar:/home/runner/.m2/repository/org/jooq/jooq/3.11.10/jooq-3.11.10.jar:/home/runner/.m2/repository/org/jooq/jooq-codegen/3.11.10/jooq-codegen-3.11.10.jar:/home/runner/.m2/repository/org/jooq/jooq-meta/3.11.10/jooq-meta-3.11.10.jar:/home/runner/.m2/repository/org/springframework/spring-core/5.3.39/spring-core-5.3.39.jar:/home/runner/.m2/repository/org/springframework/spring-jdbc/5.3.39/spring-jdbc-5.3.39.jar:/home/runner/.m2/repository/org/springframework/spring-beans/5.3.39/spring-beans-5.3.39.jar:/home/runner/.m2/repository/org/springframework/spring-tx/5.3.39/spring-tx-5.3.39.jar:/home/runner/.m2/repository/org/xerial/sqlite-jdbc/3.49.1.0/sqlite-jdbc-3.49.1.0.jar:/home/runner/.m2/repository/com/google/inject/extensions/guice-assistedinject/6.0.0/guice-assistedinject-6.0.0.jar:/home/runner/.m2/repository/org/glassfish/hk2/external/jakarta.inject/2.6.1/jakarta.inject-2.6.1.jar:/home/runner/.m2/repository/org/glassfish/jersey/inject/jersey-hk2/2.46/jersey-hk2-2.46.jar:/home/runner/.m2/repository/org/glassfish/hk2/hk2-locator/2.6.1/hk2-locator-2.6.1.jar:/home/runner/.m2/repository/org/glassfish/jersey/media/jersey-media-jaxb/2.46/jersey-media-jaxb-2.46.jar:/home/runner/.m2/repository/org/glassfish/jersey/media/jersey-media-json-jackson/2.46/jersey-media-json-jackson-2.46.jar:/home/runner/.m2/repository/org/glassfish/jersey/ext/jersey-entity-filtering/2.46/jersey-entity-filtering-2.46.jar:/home/runner/work/ozone/ozone/hadoop-ozone/recon-codegen/target/ozone-reconcodegen-2.1.0-SNAPSHOT.jar:/home/runner/work/ozone/ozone/hadoop-ozone/s3gateway/target/ozone-s3gateway-2.1.0-SNAPSHOT.jar:/home/runner/work/ozone/ozone/hadoop-ozone/tools/target/ozone-tools-2.1.0-SNAPSHOT.jar:/home/runner/.m2/repository/com/github/vlsi/mxgraph/jgraphx/3.9.12/jgraphx-3.9.12.jar:/home/runner/.m2/repository/org/apache/ratis/ratis-shell/3.1.2/ratis-shell-3.1.2.jar:/home/runner/.m2/repository/org/apache/ratis/ratis-tools/3.1.2/ratis-tools-3.1.2.jar:/home/runner/.m2/repository/org/jgrapht/jgrapht-core/1.4.0/jgrapht-core-1.4.0.jar:/home/runner/.m2/repository/org/jheaps/jheaps/0.11/jheaps-0.11.jar:/home/runner/.m2/repository/org/jgrapht/jgrapht-ext/1.4.0/jgrapht-ext-1.4.0.jar:/home/runner/work/ozone/ozone/hadoop-hdds/rocksdb-checkpoint-differ/target/rocksdb-checkpoint-differ-2.1.0-SNAPSHOT.jar:/home/runner/.m2/repository/org/apache/ranger/ranger-intg/2.6.0/ranger-intg-2.6.0.jar:/home/runner/.m2/repository/org/apache/ratis/ratis-client/3.1.2/ratis-client-3.1.2.jar:/home/runner/.m2/repository/org/apache/ratis/ratis-common/3.1.2/ratis-common-3.1.2.jar:/home/runner/.m2/repository/org/apache/ratis/ratis-grpc/3.1.2/ratis-grpc-3.1.2.jar:/home/runner/.m2/repository/org/apache/ratis/ratis-metrics-api/3.1.2/ratis-metrics-api-3.1.2.jar:/home/runner/.m2/repository/org/apache/ratis/ratis-proto/3.1.2/ratis-proto-3.1.2.jar:/home/runner/.m2/repository/org/apache/ratis/ratis-server/3.1.2/ratis-server-3.1.2.jar:/home/runner/.m2/repository/org/apache/ratis/ratis-server-api/3.1.2/ratis-server-api-3.1.2.jar:/home/runner/.m2/repository/org/apache/ratis/ratis-thirdparty-misc/1.0.6/ratis-thirdparty-misc-1.0.6.jar:/home/runner/.m2/repository/org/bouncycastle/bcpkix-jdk18on/1.80/bcpkix-jdk18on-1.80.jar:/home/runner/.m2/repository/org/bouncycastle/bcutil-jdk18on/1.80/bcutil-jdk18on-1.80.jar:/home/runner/.m2/repository/org/hamcrest/hamcrest/2.2/hamcrest-2.2.jar:/home/runner/.m2/repository/org/rocksdb/rocksdbjni/7.7.3/rocksdbjni-7.7.3.jar:/home/runner/.m2/repository/org/slf4j/jul-to-slf4j/2.0.17/jul-to-slf4j-2.0.17.jar:/home/runner/.m2/repository/org/slf4j/slf4j-api/2.0.17/slf4j-api-2.0.17.jar:/home/runner/.m2/repository/org/assertj/assertj-core/3.27.3/assertj-core-3.27.3.jar:/home/runner/.m2/repository/net/bytebuddy/byte-buddy/1.15.11/byte-buddy-1.15.11.jar:/home/runner/.m2/repository/org/junit/jupiter/junit-jupiter-api/5.12.2/junit-jupiter-api-5.12.2.jar:/home/runner/.m2/repository/org/opentest4j/opentest4j/1.3.0/opentest4j-1.3.0.jar:/home/runner/.m2/repository/org/junit/platform/junit-platform-commons/1.12.2/junit-platform-commons-1.12.2.jar:/home/runner/.m2/repository/org/apiguardian/apiguardian-api/1.1.2/apiguardian-api-1.1.2.jar:/home/runner/.m2/repository/org/junit/jupiter/junit-jupiter-params/5.12.2/junit-jupiter-params-5.12.2.jar:/home/runner/.m2/repository/org/mockito/mockito-core/4.11.0/mockito-core-4.11.0.jar:/home/runner/.m2/repository/net/bytebuddy/byte-buddy-agent/1.12.19/byte-buddy-agent-1.12.19.jar:/home/runner/.m2/repository/org/objenesis/objenesis/3.3/objenesis-3.3.jar:/home/runner/.m2/repository/org/mockito/mockito-inline/4.11.0/mockito-inline-4.11.0.jar:/home/runner/.m2/repository/org/mockito/mockito-junit-jupiter/4.11.0/mockito-junit-jupiter-4.11.0.jar:/home/runner/work/ozone/ozone/hadoop-ozone/integration-test/target/gradle-enterprise/test-listeners.jar:"/>
    <property name="sun.cpu.endian" value="little"/>
    <property name="user.home" value="/home/runner"/>
    <property name="user.language" value="en"/>
    <property name="java.specification.vendor" value="Oracle Corporation"/>
    <property name="skipRecon" value="true"/>
    <property name="java.version.date" value="2025-04-15"/>
    <property name="java.home" value="/usr/lib/jvm/temurin-21-jdk-amd64"/>
    <property name="java.security.krb5.conf" value="/home/runner/work/ozone/ozone/hadoop-ozone/integration-test/target/test-classes/krb5.conf"/>
    <property name="file.separator" value="/"/>
    <property name="basedir" value="/home/runner/work/ozone/ozone/hadoop-ozone/integration-test"/>
    <property name="java.vm.compressedOopsMode" value="Zero based"/>
    <property name="line.separator" value="&#10;"/>
    <property name="java.vm.specification.vendor" value="Oracle Corporation"/>
    <property name="java.specification.name" value="Java Platform API Specification"/>
    <property name="surefire.real.class.path" value="/home/runner/work/ozone/ozone/hadoop-ozone/integration-test/target/surefire/surefirebooter-20250528150848092_1379.jar"/>
    <property name="hadoop.log.dir" value="/home/runner/work/ozone/ozone/hadoop-ozone/integration-test/target/log"/>
    <property name="sun.management.compiler" value="HotSpot 64-Bit Tiered Compilers"/>
    <property name="skipShade" value="true"/>
    <property name="java.runtime.version" value="21.0.7+6-LTS"/>
    <property name="user.name" value="runner"/>
    <property name="java.net.preferIPv4Stack" value="true"/>
    <property name="stdout.encoding" value="UTF-8"/>
    <property name="path.separator" value=":"/>
    <property name="java.security.egd" value="file:///dev/urandom"/>
    <property name="os.version" value="6.11.0-1014-azure"/>
    <property name="java.runtime.name" value="OpenJDK Runtime Environment"/>
    <property name="com.gradle.maven.scan.extension.test.listener.junitplatform.NestedExecutionSafeDelegatingTestExecutionListener" value="6340e5f0"/>
    <property name="file.encoding" value="UTF-8"/>
    <property name="java.vm.name" value="OpenJDK 64-Bit Server VM"/>
    <property name="rocks_tools_native" value="true"/>
    <property name="java.vendor.version" value="Temurin-21.0.7+6"/>
    <property name="test.build.webapps" value=""/>
    <property name="develocity.listener.surefire.forkId" value="1"/>
    <property name="localRepository" value="/home/runner/.m2/repository"/>
    <property name="java.vendor.url.bug" value="https://github.com/adoptium/adoptium-support/issues"/>
    <property name="jetty.git.hash" value="df524e6b29271c2e09ba9aea83c18dc9db464a31"/>
    <property name="java.io.tmpdir" value="/tmp"/>
    <property name="require.test.libhadoop" value=""/>
    <property name="java.version" value="21.0.7"/>
    <property name="user.dir" value="/home/runner/work/ozone/ozone/hadoop-ozone/integration-test"/>
    <property name="os.arch" value="amd64"/>
    <property name="java.vm.specification.name" value="Java Virtual Machine Specification"/>
    <property name="test.build.classes" value="/home/runner/work/ozone/ozone/hadoop-ozone/integration-test/target/test-classes"/>
    <property name="org.apache.ratis.thirdparty.io.netty.allocator.useCacheForAllThreads" value="false"/>
    <property name="native.encoding" value="UTF-8"/>
    <property name="hadoop.tmp.dir" value="/home/runner/work/ozone/ozone/hadoop-ozone/integration-test/target/tmp"/>
    <property name="java.library.path" value="/usr/java/packages/lib:/usr/lib64:/lib64:/lib:/usr/lib"/>
    <property name="java.vm.info" value="mixed mode, sharing"/>
    <property name="stderr.encoding" value="UTF-8"/>
    <property name="java.vendor" value="Eclipse Adoptium"/>
    <property name="java.vm.version" value="21.0.7+6-LTS"/>
    <property name="sun.io.unicode.encoding" value="UnicodeLittle"/>
    <property name="develocity.listener.port" value="44371"/>
    <property name="java.class.version" value="65.0"/>
  </properties>
  <testcase name="testStaleNodesCount" classname="org.apache.hadoop.hdds.scm.node.TestQueryNode" time="29.781">
    <error message="Timed out waiting for condition. Thread diagnostics:&#10;Timestamp: 2025-05-28 03:17:28,208&#10;&#10;&quot;IPC Server handler 78 on default port 15000&quot; daemon prio=5 tid=204 timed_waiting&#10;java.lang.Thread.State: TIMED_WAITING&#10;        at java.base@21.0.7/jdk.internal.misc.Unsafe.park(Native Method)&#10;        at java.base@21.0.7/java.util.concurrent.locks.LockSupport.parkNanos(LockSupport.java:269)&#10;        at java.base@21.0.7/java.util.concurrent.locks.AbstractQueuedSynchronizer$ConditionObject.awaitNanos(AbstractQueuedSynchronizer.java:1763)&#10;        at java.base@21.0.7/java.util.concurrent.LinkedBlockingQueue.poll(LinkedBlockingQueue.java:460)&#10;        at app//org.apache.hadoop.ipc.CallQueueManager.take(CallQueueManager.java:370)&#10;        at app//org.apache.hadoop.ipc.Server$Handler.run(Server.java:3165)&#10;&quot;CompactionDagPruningService&quot; daemon prio=5 tid=445 timed_waiting&#10;java.lang.Thread.State: TIMED_WAITING&#10;        at java.base@21.0.7/jdk.internal.misc.Unsafe.park(Native Method)&#10;        at java.base@21.0.7/java.util.concurrent.locks.LockSupport.parkNanos(LockSupport.java:269)&#10;        at java.base@21.0.7/java.util.concurrent.locks.AbstractQueuedSynchronizer$ConditionObject.awaitNanos(AbstractQueuedSynchronizer.java:1763)&#10;        at java.base@21.0.7/java.util.concurrent.ScheduledThreadPoolExecutor$DelayedWorkQueue.take(ScheduledThreadPoolExecutor.java:1182)&#10;        at java.base@21.0.7/java.util.concurrent.ScheduledThreadPoolExecutor$DelayedWorkQueue.take(ScheduledThreadPoolExecutor.java:899)&#10;        at java.base@21.0.7/java.util.concurrent.ThreadPoolExecutor.getTask(ThreadPoolExecutor.java:1070)&#10;        at java.base@21.0.7/java.util.concurrent.ThreadPoolExecutor.runWorker(ThreadPoolExecutor.java:1130)&#10;        at java.base@21.0.7/java.util.concurrent.ThreadPoolExecutor$Worker.run(ThreadPoolExecutor.java:642)&#10;        at java.base@21.0.7/java.lang.Thread.runWith(Thread.java:1596)&#10;        at java.base@21.0.7/java.lang.Thread.run(Thread.java:1583)&#10;&quot;Hadoop-Metrics-Updater-0&quot; daemon prio=5 tid=732 timed_waiting&#10;java.lang.Thread.State: TIMED_WAITING&#10;        at java.base@21.0.7/jdk.internal.misc.Unsafe.park(Native Method)&#10;        at java.base@21.0.7/java.util.concurrent.locks.LockSupport.parkNanos(LockSupport.java:269)&#10;        at java.base@21.0.7/java.util.concurrent.locks.AbstractQueuedSynchronizer$ConditionObject.awaitNanos(AbstractQueuedSynchronizer.java:1763)&#10;        at java.base@21.0.7/java.util.concurrent.ScheduledThreadPoolExecutor$DelayedWorkQueue.take(ScheduledThreadPoolExecutor.java:1182)&#10;        at java.base@21.0.7/java.util.concurrent.ScheduledThreadPoolExecutor$DelayedWorkQueue.take(ScheduledThreadPoolExecutor.java:899)&#10;        at java.base@21.0.7/java.util.concurrent.ThreadPoolExecutor.getTask(ThreadPoolExecutor.java:1070)&#10;        at java.base@21.0.7/java.util.concurrent.ThreadPoolExecutor.runWorker(ThreadPoolExecutor.java:1130)&#10;        at java.base@21.0.7/java.util.concurrent.ThreadPoolExecutor$Worker.run(ThreadPoolExecutor.java:642)&#10;        at java.base@21.0.7/java.lang.Thread.runWith(Thread.java:1596)&#10;        at java.base@21.0.7/java.lang.Thread.run(Thread.java:1583)&#10;&quot;IPC Server handler 6 on default port 15000&quot; daemon prio=5 tid=132 timed_waiting&#10;java.lang.Thread.State: TIMED_WAITING&#10;        at java.base@21.0.7/jdk.internal.misc.Unsafe.park(Native Method)&#10;        at java.base@21.0.7/java.util.concurrent.locks.LockSupport.parkNanos(LockSupport.java:269)&#10;        at java.base@21.0.7/java.util.concurrent.locks.AbstractQueuedSynchronizer$ConditionObject.awaitNanos(AbstractQueuedSynchronizer.java:1763)&#10;        at java.base@21.0.7/java.util.concurrent.LinkedBlockingQueue.poll(LinkedBlockingQueue.java:460)&#10;        at app//org.apache.hadoop.ipc.CallQueueManager.take(CallQueueManager.java:370)&#10;        at app//org.apache.hadoop.ipc.Server$Handler.run(Server.java:3165)&#10;&quot;IPC Server handler 91 on default port 15001&quot; daemon prio=5 tid=317 timed_waiting&#10;java.lang.Thread.State: TIMED_WAITING&#10;        at java.base@21.0.7/jdk.internal.misc.Unsafe.park(Native Method)&#10;        at java.base@21.0.7/java.util.concurrent.locks.LockSupport.parkNanos(LockSupport.java:269)&#10;        at java.base@21.0.7/java.util.concurrent.locks.AbstractQueuedSynchronizer$ConditionObject.awaitNanos(AbstractQueuedSynchronizer.java:1763)&#10;        at java.base@21.0.7/java.util.concurrent.LinkedBlockingQueue.poll(LinkedBlockingQueue.java:460)&#10;        at app//org.apache.hadoop.ipc.CallQueueManager.take(CallQueueManager.java:370)&#10;        at app//org.apache.hadoop.ipc.Server$Handler.run(Server.java:3165)&#10;&quot;qtp207012443-631&quot; daemon prio=5 tid=631 timed_waiting&#10;java.lang.Thread.State: TIMED_WAITING&#10;        at java.base@21.0.7/jdk.internal.misc.Unsafe.park(Native Method)&#10;        at java.base@21.0.7/java.util.concurrent.locks.LockSupport.parkNanos(LockSupport.java:269)&#10;        at java.base@21.0.7/java.util.concurrent.locks.AbstractQueuedSynchronizer$ConditionObject.awaitNanos(AbstractQueuedSynchronizer.java:1763)&#10;        at app//org.eclipse.jetty.util.BlockingArrayQueue.poll(BlockingArrayQueue.java:382)&#10;        at app//org.eclipse.jetty.util.thread.QueuedThreadPool$Runner.idleJobPoll(QueuedThreadPool.java:974)&#10;        at app//org.eclipse.jetty.util.thread.QueuedThreadPool$Runner.run(QueuedThreadPool.java:1018)&#10;        at java.base@21.0.7/java.lang.Thread.runWith(Thread.java:1596)&#10;        at java.base@21.0.7/java.lang.Thread.run(Thread.java:1583)&#10;&quot;Socket Reader #3 for port 15006&quot;  prio=5 tid=458 runnable&#10;java.lang.Thread.State: RUNNABLE&#10;        at java.base@21.0.7/sun.nio.ch.EPoll.wait(Native Method)&#10;        at java.base@21.0.7/sun.nio.ch.EPollSelectorImpl.doSelect(EPollSelectorImpl.java:121)&#10;        at java.base@21.0.7/sun.nio.ch.SelectorImpl.lockAndDoSelect(SelectorImpl.java:130)&#10;        at java.base@21.0.7/sun.nio.ch.SelectorImpl.select(SelectorImpl.java:147)&#10;        at app//org.apache.hadoop.ipc.Server$Listener$Reader.doRunLoop(Server.java:1497)&#10;        at app//org.apache.hadoop.ipc.Server$Listener$Reader.run(Server.java:1476)&#10;&quot;IPC Server handler 7 on default port 15043&quot; daemon prio=5 tid=795 timed_waiting&#10;java.lang.Thread.State: TIMED_WAITING&#10;        at java.base@21.0.7/jdk.internal.misc.Unsafe.park(Native Method)&#10;        at java.base@21.0.7/java.util.concurrent.locks.LockSupport.parkNanos(LockSupport.java:269)&#10;        at java.base@21.0.7/java.util.concurrent.locks.AbstractQueuedSynchronizer$ConditionObject.awaitNanos(AbstractQueuedSynchronizer.java:1763)&#10;        at java.base@21.0.7/java.util.concurrent.LinkedBlockingQueue.poll(LinkedBlockingQueue.java:460)&#10;        at app//org.apache.hadoop.ipc.CallQueueManager.take(CallQueueManager.java:370)&#10;        at app//org.apache.hadoop.ipc.Server$Handler.run(Server.java:3165)&#10;&quot;Timer-0&quot;  prio=5 tid=474 timed_waiting&#10;java.lang.Thread.State: TIMED_WAITING&#10;        at java.base@21.0.7/java.lang.Object.wait0(Native Method)&#10;        at java.base@21.0.7/java.lang.Object.wait(Object.java:366)&#10;        at java.base@21.0.7/java.util.TimerThread.mainLoop(Timer.java:563)&#10;        at java.base@21.0.7/java.util.TimerThread.run(Timer.java:516)&#10;&quot;78b7fabf-ca2a-4b70-8534-e46926e2083c-BlockDeletingService#0&quot; daemon prio=5 tid=856 timed_waiting&#10;java.lang.Thread.State: TIMED_WAITING&#10;        at java.base@21.0.7/jdk.internal.misc.Unsafe.park(Native Method)&#10;        at java.base@21.0.7/java.util.concurrent.locks.LockSupport.parkNanos(LockSupport.java:269)&#10;        at java.base@21.0.7/java.util.concurrent.locks.AbstractQueuedSynchronizer$ConditionObject.awaitNanos(AbstractQueuedSynchronizer.java:1763)&#10;        at java.base@21.0.7/java.util.concurrent.ScheduledThreadPoolExecutor$DelayedWorkQueue.take(ScheduledThreadPoolExecutor.java:1182)&#10;        at java.base@21.0.7/java.util.concurrent.ScheduledThreadPoolExecutor$DelayedWorkQueue.take(ScheduledThreadPoolExecutor.java:899)&#10;        at java.base@21.0.7/java.util.concurrent.ThreadPoolExecutor.getTask(ThreadPoolExecutor.java:1070)&#10;        at java.base@21.0.7/java.util.concurrent.ThreadPoolExecutor.runWorker(ThreadPoolExecutor.java:1130)&#10;        at java.base@21.0.7/java.util.concurrent.ThreadPoolExecutor$Worker.run(ThreadPoolExecutor.java:642)&#10;        at java.base@21.0.7/java.lang.Thread.runWith(Thread.java:1596)&#10;        at java.base@21.0.7/java.lang.Thread.run(Thread.java:1583)&#10;&quot;IPC Server handler 42 on default port 15001&quot; daemon prio=5 tid=268 timed_waiting&#10;java.lang.Thread.State: TIMED_WAITING&#10;        at java.base@21.0.7/jdk.internal.misc.Unsafe.park(Native Method)&#10;        at java.base@21.0.7/java.util.concurrent.locks.LockSupport.parkNanos(LockSupport.java:269)&#10;        at java.base@21.0.7/java.util.concurrent.locks.AbstractQueuedSynchronizer$ConditionObject.awaitNanos(AbstractQueuedSynchronizer.java:1763)&#10;        at java.base@21.0.7/java.util.concurrent.LinkedBlockingQueue.poll(LinkedBlockingQueue.java:460)&#10;        at app//org.apache.hadoop.ipc.CallQueueManager.take(CallQueueManager.java:370)&#10;        at app//org.apache.hadoop.ipc.Server$Handler.run(Server.java:3165)&#10;&quot;pool-182-thread-1&quot; daemon prio=5 tid=847 timed_waiting&#10;java.lang.Thread.State: TIMED_WAITING&#10;        at java.base@21.0.7/jdk.internal.misc.Unsafe.park(Native Method)&#10;        at java.base@21.0.7/java.util.concurrent.locks.LockSupport.parkNanos(LockSupport.java:269)&#10;        at java.base@21.0.7/java.util.concurrent.locks.AbstractQueuedSynchronizer$ConditionObject.awaitNanos(AbstractQueuedSynchronizer.java:1763)&#10;        at java.base@21.0.7/java.util.concurrent.ScheduledThreadPoolExecutor$DelayedWorkQueue.take(ScheduledThreadPoolExecutor.java:1182)&#10;        at java.base@21.0.7/java.util.concurrent.ScheduledThreadPoolExecutor$DelayedWorkQueue.take(ScheduledThreadPoolExecutor.java:899)&#10;        at java.base@21.0.7/java.util.concurrent.ThreadPoolExecutor.getTask(ThreadPoolExecutor.java:1070)&#10;        at java.base@21.0.7/java.util.concurrent.ThreadPoolExecutor.runWorker(ThreadPoolExecutor.java:1130)&#10;        at java.base@21.0.7/java.util.concurrent.ThreadPoolExecutor$Worker.run(ThreadPoolExecutor.java:642)&#10;        at java.base@21.0.7/java.lang.Thread.runWith(Thread.java:1596)&#10;        at java.base@21.0.7/java.lang.Thread.run(Thread.java:1583)&#10;&quot;qtp1334632116-763&quot; daemon prio=5 tid=763 timed_waiting&#10;java.lang.Thread.State: TIMED_WAITING&#10;        at java.base@21.0.7/jdk.internal.misc.Unsafe.park(Native Method)&#10;        at java.base@21.0.7/java.util.concurrent.locks.LockSupport.parkNanos(LockSupport.java:269)&#10;        at java.base@21.0.7/java.util.concurrent.locks.AbstractQueuedSynchronizer$ConditionObject.awaitNanos(AbstractQueuedSynchronizer.java:1763)&#10;        at app//org.eclipse.jetty.util.BlockingArrayQueue.poll(BlockingArrayQueue.java:382)&#10;        at app//org.eclipse.jetty.util.thread.QueuedThreadPool$Runner.idleJobPoll(QueuedThreadPool.java:974)&#10;        at app//org.eclipse.jetty.util.thread.QueuedThreadPool$Runner.run(QueuedThreadPool.java:1018)&#10;        at java.base@21.0.7/java.lang.Thread.runWith(Thread.java:1596)&#10;        at java.base@21.0.7/java.lang.Thread.run(Thread.java:1583)&#10;&quot;2b1bfca1-1fdc-4b0a-9b4d-c21112718afa-NettyServerStreamRpc-bossGroup--thread1&quot;  prio=5 tid=672 runnable&#10;java.lang.Thread.State: RUNNABLE&#10;        at app//org.apache.ratis.thirdparty.io.netty.channel.epoll.Native.epollWait(Native Method)&#10;        at app//org.apache.ratis.thirdparty.io.netty.channel.epoll.Native.epollWait(Native.java:220)&#10;        at app//org.apache.ratis.thirdparty.io.netty.channel.epoll.Native.epollWait(Native.java:213)&#10;        at app//org.apache.ratis.thirdparty.io.netty.channel.epoll.EpollEventLoop.epollWaitNoTimerChange(EpollEventLoop.java:308)&#10;        at app//org.apache.ratis.thirdparty.io.netty.channel.epoll.EpollEventLoop.run(EpollEventLoop.java:365)&#10;        at app//org.apache.ratis.thirdparty.io.netty.util.concurrent.SingleThreadEventExecutor$4.run(SingleThreadEventExecutor.java:997)&#10;        at app//org.apache.ratis.thirdparty.io.netty.util.internal.ThreadExecutorMap$2.run(ThreadExecutorMap.java:74)&#10;        at java.base@21.0.7/java.lang.Thread.runWith(Thread.java:1596)&#10;        at java.base@21.0.7/java.lang.Thread.run(Thread.java:1583)&#10;&quot;IPC Server handler 21 on default port 15000&quot; daemon prio=5 tid=147 timed_waiting&#10;java.lang.Thread.State: TIMED_WAITING&#10;        at java.base@21.0.7/jdk.internal.misc.Unsafe.park(Native Method)&#10;        at java.base@21.0.7/java.util.concurrent.locks.LockSupport.parkNanos(LockSupport.java:269)&#10;        at java.base@21.0.7/java.util.concurrent.locks.AbstractQueuedSynchronizer$ConditionObject.awaitNanos(AbstractQueuedSynchronizer.java:1763)&#10;        at java.base@21.0.7/java.util.concurrent.LinkedBlockingQueue.poll(LinkedBlockingQueue.java:460)&#10;        at app//org.apache.hadoop.ipc.CallQueueManager.take(CallQueueManager.java:370)&#10;        at app//org.apache.hadoop.ipc.Server$Handler.run(Server.java:3165)&#10;&quot;Socket Reader #3 for port 15043&quot;  prio=5 tid=777 runnable&#10;java.lang.Thread.State: RUNNABLE&#10;        at java.base@21.0.7/sun.nio.ch.EPoll.wait(Native Method)&#10;        at java.base@21.0.7/sun.nio.ch.EPollSelectorImpl.doSelect(EPollSelectorImpl.java:121)&#10;        at java.base@21.0.7/sun.nio.ch.SelectorImpl.lockAndDoSelect(SelectorImpl.java:130)&#10;        at java.base@21.0.7/sun.nio.ch.SelectorImpl.select(SelectorImpl.java:147)&#10;        at app//org.apache.hadoop.ipc.Server$Listener$Reader.doRunLoop(Server.java:1497)&#10;        at app//org.apache.hadoop.ipc.Server$Listener$Reader.run(Server.java:1476)&#10;&quot;qtp1334632116-756&quot; daemon prio=5 tid=756 runnable&#10;java.lang.Thread.State: RUNNABLE&#10;        at java.base@21.0.7/sun.nio.ch.EPoll.wait(Native Method)&#10;        at java.base@21.0.7/sun.nio.ch.EPollSelectorImpl.doSelect(EPollSelectorImpl.java:121)&#10;        at java.base@21.0.7/sun.nio.ch.SelectorImpl.lockAndDoSelect(SelectorImpl.java:130)&#10;        at java.base@21.0.7/sun.nio.ch.SelectorImpl.select(SelectorImpl.java:147)&#10;        at app//org.eclipse.jetty.io.ManagedSelector.nioSelect(ManagedSelector.java:183)&#10;        at app//org.eclipse.jetty.io.ManagedSelector.select(ManagedSelector.java:190)&#10;        at app//org.eclipse.jetty.io.ManagedSelector$SelectorProducer.select(ManagedSelector.java:606)&#10;        at app//org.eclipse.jetty.io.ManagedSelector$SelectorProducer.produce(ManagedSelector.java:543)&#10;        at app//org.eclipse.jetty.util.thread.strategy.EatWhatYouKill.produceTask(EatWhatYouKill.java:362)&#10;        at app//org.eclipse.jetty.util.thread.strategy.EatWhatYouKill.doProduce(EatWhatYouKill.java:186)&#10;        at app//org.eclipse.jetty.util.thread.strategy.EatWhatYouKill.tryProduce(EatWhatYouKill.java:173)&#10;        at app//org.eclipse.jetty.util.thread.strategy.EatWhatYouKill.produce(EatWhatYouKill.java:137)&#10;        at app//org.eclipse.jetty.io.ManagedSelector$$Lambda/0x00007fe9046a5948.run(Unknown Source)&#10;        at app//org.eclipse.jetty.util.thread.QueuedThreadPool.runJob(QueuedThreadPool.java:883)&#10;        at app//org.eclipse.jetty.util.thread.QueuedThreadPool$Runner.run(QueuedThreadPool.java:1034)&#10;        at java.base@21.0.7/java.lang.Thread.runWith(Thread.java:1596)&#10;        at java.base@21.0.7/java.lang.Thread.run(Thread.java:1583)&#10;&quot;IPC Server handler 80 on default port 15000&quot; daemon prio=5 tid=206 timed_waiting&#10;java.lang.Thread.State: TIMED_WAITING&#10;        at java.base@21.0.7/jdk.internal.misc.Unsafe.park(Native Method)&#10;        at java.base@21.0.7/java.util.concurrent.locks.LockSupport.parkNanos(LockSupport.java:269)&#10;        at java.base@21.0.7/java.util.concurrent.locks.AbstractQueuedSynchronizer$ConditionObject.awaitNanos(AbstractQueuedSynchronizer.java:1763)&#10;        at java.base@21.0.7/java.util.concurrent.LinkedBlockingQueue.poll(LinkedBlockingQueue.java:460)&#10;        at app//org.apache.hadoop.ipc.CallQueueManager.take(CallQueueManager.java:370)&#10;        at app//org.apache.hadoop.ipc.Server$Handler.run(Server.java:3165)&#10;&quot;bucketTable_FullTableCache-Cleanup-0&quot; daemon prio=5 tid=447 timed_waiting&#10;java.lang.Thread.State: TIMED_WAITING&#10;        at java.base@21.0.7/jdk.internal.misc.Unsafe.park(Native Method)&#10;        at java.base@21.0.7/java.util.concurrent.locks.LockSupport.parkNanos(LockSupport.java:269)&#10;        at java.base@21.0.7/java.util.concurrent.locks.AbstractQueuedSynchronizer$ConditionObject.awaitNanos(AbstractQueuedSynchronizer.java:1763)&#10;        at java.base@21.0.7/java.util.concurrent.ScheduledThreadPoolExecutor$DelayedWorkQueue.take(ScheduledThreadPoolExecutor.java:1182)&#10;        at java.base@21.0.7/java.util.concurrent.ScheduledThreadPoolExecutor$DelayedWorkQueue.take(ScheduledThreadPoolExecutor.java:899)&#10;        at java.base@21.0.7/java.util.concurrent.ThreadPoolExecutor.getTask(ThreadPoolExecutor.java:1070)&#10;        at java.base@21.0.7/java.util.concurrent.ThreadPoolExecutor.runWorker(ThreadPoolExecutor.java:1130)&#10;        at java.base@21.0.7/java.util.concurrent.ThreadPoolExecutor$Worker.run(ThreadPoolExecutor.java:642)&#10;        at java.base@21.0.7/java.lang.Thread.runWith(Thread.java:1596)&#10;        at java.base@21.0.7/java.lang.Thread.run(Thread.java:1583)&#10;&quot;om1-MultipartUploadCleanupService#0&quot; daemon prio=5 tid=489 timed_waiting&#10;java.lang.Thread.State: TIMED_WAITING&#10;        at java.base@21.0.7/jdk.internal.misc.Unsafe.park(Native Method)&#10;        at java.base@21.0.7/java.util.concurrent.locks.LockSupport.parkNanos(LockSupport.java:269)&#10;        at java.base@21.0.7/java.util.concurrent.locks.AbstractQueuedSynchronizer$ConditionObject.awaitNanos(AbstractQueuedSynchronizer.java:1763)&#10;        at java.base@21.0.7/java.util.concurrent.ScheduledThreadPoolExecutor$DelayedWorkQueue.take(ScheduledThreadPoolExecutor.java:1182)&#10;        at java.base@21.0.7/java.util.concurrent.ScheduledThreadPoolExecutor$DelayedWorkQueue.take(ScheduledThreadPoolExecutor.java:899)&#10;        at java.base@21.0.7/java.util.concurrent.ThreadPoolExecutor.getTask(ThreadPoolExecutor.java:1070)&#10;        at java.base@21.0.7/java.util.concurrent.ThreadPoolExecutor.runWorker(ThreadPoolExecutor.java:1130)&#10;        at java.base@21.0.7/java.util.concurrent.ThreadPoolExecutor$Worker.run(ThreadPoolExecutor.java:642)&#10;        at java.base@21.0.7/java.lang.Thread.runWith(Thread.java:1596)&#10;        at java.base@21.0.7/java.lang.Thread.run(Thread.java:1583)&#10;&quot;2b1bfca1-1fdc-4b0a-9b4d-c21112718afa-DatanodeStateMachineTaskThread-0&quot;  prio=5 tid=749 in Object.wait()&#10;java.lang.Thread.State: WAITING (on object monitor)&#10;        at java.base@21.0.7/jdk.internal.misc.Unsafe.park(Native Method)&#10;        at java.base@21.0.7/java.util.concurrent.locks.LockSupport.park(LockSupport.java:371)&#10;        at java.base@21.0.7/java.util.concurrent.locks.AbstractQueuedSynchronizer$ConditionNode.block(AbstractQueuedSynchronizer.java:519)&#10;        at java.base@21.0.7/java.util.concurrent.ForkJoinPool.unmanagedBlock(ForkJoinPool.java:3780)&#10;        at java.base@21.0.7/java.util.concurrent.ForkJoinPool.managedBlock(ForkJoinPool.java:3725)&#10;        at java.base@21.0.7/java.util.concurrent.locks.AbstractQueuedSynchronizer$ConditionObject.await(AbstractQueuedSynchronizer.java:1712)&#10;        at java.base@21.0.7/java.util.concurrent.LinkedBlockingQueue.take(LinkedBlockingQueue.java:435)&#10;        at java.base@21.0.7/java.util.concurrent.ThreadPoolExecutor.getTask(ThreadPoolExecutor.java:1070)&#10;        at java.base@21.0.7/java.util.concurrent.ThreadPoolExecutor.runWorker(ThreadPoolExecutor.java:1130)&#10;        at java.base@21.0.7/java.util.concurrent.ThreadPoolExecutor$Worker.run(ThreadPoolExecutor.java:642)&#10;        at java.base@21.0.7/java.lang.Thread.runWith(Thread.java:1596)&#10;        at java.base@21.0.7/java.lang.Thread.run(Thread.java:1583)&#10;&quot;IPC Server handler 55 on default port 15001&quot; daemon prio=5 tid=281 timed_waiting&#10;java.lang.Thread.State: TIMED_WAITING&#10;        at java.base@21.0.7/jdk.internal.misc.Unsafe.park(Native Method)&#10;        at java.base@21.0.7/java.util.concurrent.locks.LockSupport.parkNanos(LockSupport.java:269)&#10;        at java.base@21.0.7/java.util.concurrent.locks.AbstractQueuedSynchronizer$ConditionObject.awaitNanos(AbstractQueuedSynchronizer.java:1763)&#10;        at java.base@21.0.7/java.util.concurrent.LinkedBlockingQueue.poll(LinkedBlockingQueue.java:460)&#10;        at app//org.apache.hadoop.ipc.CallQueueManager.take(CallQueueManager.java:370)&#10;        at app//org.apache.hadoop.ipc.Server$Handler.run(Server.java:3165)&#10;&quot;IPC Server handler 73 on default port 15002&quot; daemon prio=5 tid=417 timed_waiting&#10;java.lang.Thread.State: TIMED_WAITING&#10;        at java.base@21.0.7/jdk.internal.misc.Unsafe.park(Native Method)&#10;        at java.base@21.0.7/java.util.concurrent.locks.LockSupport.parkNanos(LockSupport.java:269)&#10;        at java.base@21.0.7/java.util.concurrent.locks.AbstractQueuedSynchronizer$ConditionObject.awaitNanos(AbstractQueuedSynchronizer.java:1763)&#10;        at java.base@21.0.7/java.util.concurrent.LinkedBlockingQueue.poll(LinkedBlockingQueue.java:460)&#10;        at app//org.apache.hadoop.ipc.CallQueueManager.take(CallQueueManager.java:370)&#10;        at app//org.apache.hadoop.ipc.Server$Handler.run(Server.java:3165)&#10;&quot;IPC Server handler 0 on default port 15027&quot; daemon prio=5 tid=653 timed_waiting&#10;java.lang.Thread.State: TIMED_WAITING&#10;        at java.base@21.0.7/jdk.internal.misc.Unsafe.park(Native Method)&#10;        at java.base@21.0.7/java.util.concurrent.locks.LockSupport.parkNanos(LockSupport.java:269)&#10;        at java.base@21.0.7/java.util.concurrent.locks.AbstractQueuedSynchronizer$ConditionObject.awaitNanos(AbstractQueuedSynchronizer.java:1763)&#10;        at java.base@21.0.7/java.util.concurrent.LinkedBlockingQueue.poll(LinkedBlockingQueue.java:460)&#10;        at app//org.apache.hadoop.ipc.CallQueueManager.take(CallQueueManager.java:370)&#10;        at app//org.apache.hadoop.ipc.Server$Handler.run(Server.java:3165)&#10;&quot;IPC Server handler 46 on default port 15002&quot; daemon prio=5 tid=390 timed_waiting&#10;java.lang.Thread.State: TIMED_WAITING&#10;        at java.base@21.0.7/jdk.internal.misc.Unsafe.park(Native Method)&#10;        at java.base@21.0.7/java.util.concurrent.locks.LockSupport.parkNanos(LockSupport.java:269)&#10;        at java.base@21.0.7/java.util.concurrent.locks.AbstractQueuedSynchronizer$ConditionObject.awaitNanos(AbstractQueuedSynchronizer.java:1763)&#10;        at java.base@21.0.7/java.util.concurrent.LinkedBlockingQueue.poll(LinkedBlockingQueue.java:460)&#10;        at app//org.apache.hadoop.ipc.CallQueueManager.take(CallQueueManager.java:370)&#10;        at app//org.apache.hadoop.ipc.Server$Handler.run(Server.java:3165)&#10;&quot;IPC Server handler 0 on default port 15000&quot; daemon prio=5 tid=126 timed_waiting&#10;java.lang.Thread.State: TIMED_WAITING&#10;        at java.base@21.0.7/jdk.internal.misc.Unsafe.park(Native Method)&#10;        at java.base@21.0.7/java.util.concurrent.locks.LockSupport.parkNanos(LockSupport.java:269)&#10;        at java.base@21.0.7/java.util.concurrent.locks.AbstractQueuedSynchronizer$ConditionObject.awaitNanos(AbstractQueuedSynchronizer.java:1763)&#10;        at java.base@21.0.7/java.util.concurrent.LinkedBlockingQueue.poll(LinkedBlockingQueue.java:460)&#10;        at app//org.apache.hadoop.ipc.CallQueueManager.take(CallQueueManager.java:370)&#10;        at app//org.apache.hadoop.ipc.Server$Handler.run(Server.java:3165)&#10;&quot;IPC Server handler 45 on default port 15000&quot; daemon prio=5 tid=171 timed_waiting&#10;java.lang.Thread.State: TIMED_WAITING&#10;        at java.base@21.0.7/jdk.internal.misc.Unsafe.park(Native Method)&#10;        at java.base@21.0.7/java.util.concurrent.locks.LockSupport.parkNanos(LockSupport.java:269)&#10;        at java.base@21.0.7/java.util.concurrent.locks.AbstractQueuedSynchronizer$ConditionObject.awaitNanos(AbstractQueuedSynchronizer.java:1763)&#10;        at java.base@21.0.7/java.util.concurrent.LinkedBlockingQueue.poll(LinkedBlockingQueue.java:460)&#10;        at app//org.apache.hadoop.ipc.CallQueueManager.take(CallQueueManager.java:370)&#10;        at app//org.apache.hadoop.ipc.Server$Handler.run(Server.java:3165)&#10;&quot;om1-DirectoryDeletingService#6&quot; daemon prio=5 tid=491 in Object.wait()&#10;java.lang.Thread.State: WAITING (on object monitor)&#10;        at java.base@21.0.7/jdk.internal.misc.Unsafe.park(Native Method)&#10;        at java.base@21.0.7/java.util.concurrent.locks.LockSupport.park(LockSupport.java:371)&#10;        at java.base@21.0.7/java.util.concurrent.locks.AbstractQueuedSynchronizer$ConditionNode.block(AbstractQueuedSynchronizer.java:519)&#10;        at java.base@21.0.7/java.util.concurrent.ForkJoinPool.unmanagedBlock(ForkJoinPool.java:3780)&#10;        at java.base@21.0.7/java.util.concurrent.ForkJoinPool.managedBlock(ForkJoinPool.java:3725)&#10;        at java.base@21.0.7/java.util.concurrent.locks.AbstractQueuedSynchronizer$ConditionObject.await(AbstractQueuedSynchronizer.java:1712)&#10;        at java.base@21.0.7/java.util.concurrent.ScheduledThreadPoolExecutor$DelayedWorkQueue.take(ScheduledThreadPoolExecutor.java:1170)&#10;        at java.base@21.0.7/java.util.concurrent.ScheduledThreadPoolExecutor$DelayedWorkQueue.take(ScheduledThreadPoolExecutor.java:899)&#10;        at java.base@21.0.7/java.util.concurrent.ThreadPoolExecutor.getTask(ThreadPoolExecutor.java:1070)&#10;        at java.base@21.0.7/java.util.concurrent.ThreadPoolExecutor.runWorker(ThreadPoolExecutor.java:1130)&#10;        at java.base@21.0.7/java.util.concurrent.ThreadPoolExecutor$Worker.run(ThreadPoolExecutor.java:642)&#10;        at java.base@21.0.7/java.lang.Thread.runWith(Thread.java:1596)&#10;        at java.base@21.0.7/java.lang.Thread.run(Thread.java:1583)&#10;&quot;IPC Server handler 5 on default port 15043&quot; daemon prio=5 tid=793 timed_waiting&#10;java.lang.Thread.State: TIMED_WAITING&#10;        at java.base@21.0.7/jdk.internal.misc.Unsafe.park(Native Method)&#10;        at java.base@21.0.7/java.util.concurrent.locks.LockSupport.parkNanos(LockSupport.java:269)&#10;        at java.base@21.0.7/java.util.concurrent.locks.AbstractQueuedSynchronizer$ConditionObject.awaitNanos(AbstractQueuedSynchronizer.java:1763)&#10;        at java.base@21.0.7/java.util.concurrent.LinkedBlockingQueue.poll(LinkedBlockingQueue.java:460)&#10;        at app//org.apache.hadoop.ipc.CallQueueManager.take(CallQueueManager.java:370)&#10;        at app//org.apache.hadoop.ipc.Server$Handler.run(Server.java:3165)&#10;&quot;2b1bfca1-1fdc-4b0a-9b4d-c21112718afa-RocksDBCompactionThread-0&quot;  prio=5 tid=671 timed_waiting&#10;java.lang.Thread.State: TIMED_WAITING&#10;        at java.base@21.0.7/jdk.internal.misc.Unsafe.park(Native Method)&#10;        at java.base@21.0.7/java.util.concurrent.locks.LockSupport.parkNanos(LockSupport.java:269)&#10;        at java.base@21.0.7/java.util.concurrent.locks.AbstractQueuedSynchronizer$ConditionObject.awaitNanos(AbstractQueuedSynchronizer.java:1763)&#10;        at java.base@21.0.7/java.util.concurrent.ScheduledThreadPoolExecutor$DelayedWorkQueue.take(ScheduledThreadPoolExecutor.java:1182)&#10;        at java.base@21.0.7/java.util.concurrent.ScheduledThreadPoolExecutor$DelayedWorkQueue.take(ScheduledThreadPoolExecutor.java:899)&#10;        at java.base@21.0.7/java.util.concurrent.ThreadPoolExecutor.getTask(ThreadPoolExecutor.java:1070)&#10;        at java.base@21.0.7/java.util.concurrent.ThreadPoolExecutor.runWorker(ThreadPoolExecutor.java:1130)&#10;        at java.base@21.0.7/java.util.concurrent.ThreadPoolExecutor$Worker.run(ThreadPoolExecutor.java:642)&#10;        at java.base@21.0.7/java.lang.Thread.runWith(Thread.java:1596)&#10;        at java.base@21.0.7/java.lang.Thread.run(Thread.java:1583)&#10;&quot;dacc202e-cd42-4a7a-b335-fe62dff69130-BlockDeletingService#1&quot; daemon prio=5 tid=820 in Object.wait()&#10;java.lang.Thread.State: WAITING (on object monitor)&#10;        at java.base@21.0.7/jdk.internal.misc.Unsafe.park(Native Method)&#10;        at java.base@21.0.7/java.util.concurrent.locks.LockSupport.park(LockSupport.java:371)&#10;        at java.base@21.0.7/java.util.concurrent.locks.AbstractQueuedSynchronizer$ConditionNode.block(AbstractQueuedSynchronizer.java:519)&#10;        at java.base@21.0.7/java.util.concurrent.ForkJoinPool.unmanagedBlock(ForkJoinPool.java:3780)&#10;        at java.base@21.0.7/java.util.concurrent.ForkJoinPool.managedBlock(ForkJoinPool.java:3725)&#10;        at java.base@21.0.7/java.util.concurrent.locks.AbstractQueuedSynchronizer$ConditionObject.await(AbstractQueuedSynchronizer.java:1712)&#10;        at java.base@21.0.7/java.util.concurrent.ScheduledThreadPoolExecutor$DelayedWorkQueue.take(ScheduledThreadPoolExecutor.java:1177)&#10;        at java.base@21.0.7/java.util.concurrent.ScheduledThreadPoolExecutor$DelayedWorkQueue.take(ScheduledThreadPoolExecutor.java:899)&#10;        at java.base@21.0.7/java.util.concurrent.ThreadPoolExecutor.getTask(ThreadPoolExecutor.java:1070)&#10;        at java.base@21.0.7/java.util.concurrent.ThreadPoolExecutor.runWorker(ThreadPoolExecutor.java:1130)&#10;        at java.base@21.0.7/java.util.concurrent.ThreadPoolExecutor$Worker.run(ThreadPoolExecutor.java:642)&#10;        at java.base@21.0.7/java.lang.Thread.runWith(Thread.java:1596)&#10;        at java.base@21.0.7/java.lang.Thread.run(Thread.java:1583)&#10;&quot;ExpiredContainerReplicaOpScrubber&quot; daemon prio=5 tid=61 timed_waiting&#10;java.lang.Thread.State: TIMED_WAITING&#10;        at java.base@21.0.7/java.lang.Object.wait0(Native Method)&#10;        at java.base@21.0.7/java.lang.Object.wait(Object.java:366)&#10;        at app//org.apache.hadoop.hdds.scm.ha.BackgroundSCMService.run(BackgroundSCMService.java:106)&#10;        at app//org.apache.hadoop.hdds.scm.ha.BackgroundSCMService$$Lambda/0x00007fe904502d28.run(Unknown Source)&#10;        at java.base@21.0.7/java.lang.Thread.runWith(Thread.java:1596)&#10;        at java.base@21.0.7/java.lang.Thread.run(Thread.java:1583)&#10;&quot;IPC Server handler 52 on default port 15001&quot; daemon prio=5 tid=278 timed_waiting&#10;java.lang.Thread.State: TIMED_WAITING&#10;        at java.base@21.0.7/jdk.internal.misc.Unsafe.park(Native Method)&#10;        at java.base@21.0.7/java.util.concurrent.locks.LockSupport.parkNanos(LockSupport.java:269)&#10;        at java.base@21.0.7/java.util.concurrent.locks.AbstractQueuedSynchronizer$ConditionObject.awaitNanos(AbstractQueuedSynchronizer.java:1763)&#10;        at java.base@21.0.7/java.util.concurrent.LinkedBlockingQueue.poll(LinkedBlockingQueue.java:460)&#10;        at app//org.apache.hadoop.ipc.CallQueueManager.take(CallQueueManager.java:370)&#10;        at app//org.apache.hadoop.ipc.Server$Handler.run(Server.java:3165)&#10;&quot;process reaper&quot; daemon prio=10 tid=29 timed_waiting&#10;java.lang.Thread.State: TIMED_WAITING&#10;        at java.base@21.0.7/jdk.internal.misc.Unsafe.park(Native Method)&#10;        at java.base@21.0.7/java.util.concurrent.locks.LockSupport.parkNanos(LockSupport.java:410)&#10;        at java.base@21.0.7/java.util.concurrent.LinkedTransferQueue$DualNode.await(LinkedTransferQueue.java:452)&#10;        at java.base@21.0.7/java.util.concurrent.SynchronousQueue$Transferer.xferLifo(SynchronousQueue.java:194)&#10;        at java.base@21.0.7/java.util.concurrent.SynchronousQueue.xfer(SynchronousQueue.java:235)&#10;        at java.base@21.0.7/java.util.concurrent.SynchronousQueue.poll(SynchronousQueue.java:338)&#10;        at java.base@21.0.7/java.util.concurrent.ThreadPoolExecutor.getTask(ThreadPoolExecutor.java:1069)&#10;        at java.base@21.0.7/java.util.concurrent.ThreadPoolExecutor.runWorker(ThreadPoolExecutor.java:1130)&#10;        at java.base@21.0.7/java.util.concurrent.ThreadPoolExecutor$Worker.run(ThreadPoolExecutor.java:642)&#10;        at java.base@21.0.7/java.lang.Thread.runWith(Thread.java:1596)&#10;        at java.base@21.0.7/java.lang.Thread.run(Thread.java:1583)&#10;        at java.base@21.0.7/jdk.internal.misc.InnocuousThread.run(InnocuousThread.java:186)&#10;&quot;IPC Server handler 58 on default port 15001&quot; daemon prio=5 tid=284 timed_waiting&#10;java.lang.Thread.State: TIMED_WAITING&#10;        at java.base@21.0.7/jdk.internal.misc.Unsafe.park(Native Method)&#10;        at java.base@21.0.7/java.util.concurrent.locks.LockSupport.parkNanos(LockSupport.java:269)&#10;        at java.base@21.0.7/java.util.concurrent.locks.AbstractQueuedSynchronizer$ConditionObject.awaitNanos(AbstractQueuedSynchronizer.java:1763)&#10;        at java.base@21.0.7/java.util.concurrent.LinkedBlockingQueue.poll(LinkedBlockingQueue.java:460)&#10;        at app//org.apache.hadoop.ipc.CallQueueManager.take(CallQueueManager.java:370)&#10;        at app//org.apache.hadoop.ipc.Server$Handler.run(Server.java:3165)&#10;&quot;qtp207012443-626-acceptor-0@74692456-ServerConnector@4b6e9c75{HTTP/1.1, (http/1.1)}{0.0.0.0:15026}&quot; daemon prio=3 tid=626 runnable&#10;java.lang.Thread.State: RUNNABLE&#10;        at java.base@21.0.7/sun.nio.ch.Net.accept(Native Method)&#10;        at java.base@21.0.7/sun.nio.ch.ServerSocketChannelImpl.implAccept(ServerSocketChannelImpl.java:433)&#10;        at java.base@21.0.7/sun.nio.ch.ServerSocketChannelImpl.accept(ServerSocketChannelImpl.java:399)&#10;        at app//org.eclipse.jetty.server.ServerConnector.accept(ServerConnector.java:388)&#10;        at app//org.eclipse.jetty.server.AbstractConnector$Acceptor.run(AbstractConnector.java:704)&#10;        at app//org.eclipse.jetty.util.thread.QueuedThreadPool.runJob(QueuedThreadPool.java:883)&#10;        at app//org.eclipse.jetty.util.thread.QueuedThreadPool$Runner.run(QueuedThreadPool.java:1034)&#10;        at java.base@21.0.7/java.lang.Thread.runWith(Thread.java:1596)&#10;        at java.base@21.0.7/java.lang.Thread.run(Thread.java:1583)&#10;&quot;qtp256443308-500&quot; daemon prio=5 tid=500 timed_waiting&#10;java.lang.Thread.State: TIMED_WAITING&#10;        at java.base@21.0.7/jdk.internal.misc.Unsafe.park(Native Method)&#10;        at java.base@21.0.7/java.util.concurrent.locks.LockSupport.parkNanos(LockSupport.java:269)&#10;        at java.base@21.0.7/java.util.concurrent.locks.AbstractQueuedSynchronizer$ConditionObject.awaitNanos(AbstractQueuedSynchronizer.java:1763)&#10;        at app//org.eclipse.jetty.util.BlockingArrayQueue.poll(BlockingArrayQueue.java:382)&#10;        at app//org.eclipse.jetty.util.thread.QueuedThreadPool$Runner.idleJobPoll(QueuedThreadPool.java:974)&#10;        at app//org.eclipse.jetty.util.thread.QueuedThreadPool$Runner.run(QueuedThreadPool.java:1018)&#10;        at java.base@21.0.7/java.lang.Thread.runWith(Thread.java:1596)&#10;        at java.base@21.0.7/java.lang.Thread.run(Thread.java:1583)&#10;&quot;78b7fabf-ca2a-4b70-8534-e46926e2083c-RocksDBCompactionThread-0&quot;  prio=5 tid=751 timed_waiting&#10;java.lang.Thread.State: TIMED_WAITING&#10;        at java.base@21.0.7/jdk.internal.misc.Unsafe.park(Native Method)&#10;        at java.base@21.0.7/java.util.concurrent.locks.LockSupport.parkNanos(LockSupport.java:269)&#10;        at java.base@21.0.7/java.util.concurrent.locks.AbstractQueuedSynchronizer$ConditionObject.awaitNanos(AbstractQueuedSynchronizer.java:1763)&#10;        at java.base@21.0.7/java.util.concurrent.ScheduledThreadPoolExecutor$DelayedWorkQueue.take(ScheduledThreadPoolExecutor.java:1182)&#10;        at java.base@21.0.7/java.util.concurrent.ScheduledThreadPoolExecutor$DelayedWorkQueue.take(ScheduledThreadPoolExecutor.java:899)&#10;        at java.base@21.0.7/java.util.concurrent.ThreadPoolExecutor.getTask(ThreadPoolExecutor.java:1070)&#10;        at java.base@21.0.7/java.util.concurrent.ThreadPoolExecutor.runWorker(ThreadPoolExecutor.java:1130)&#10;        at java.base@21.0.7/java.util.concurrent.ThreadPoolExecutor$Worker.run(ThreadPoolExecutor.java:642)&#10;        at java.base@21.0.7/java.lang.Thread.runWith(Thread.java:1596)&#10;        at java.base@21.0.7/java.lang.Thread.run(Thread.java:1583)&#10;&quot;IPC Server handler 1 on default port 15043&quot; daemon prio=5 tid=789 timed_waiting&#10;java.lang.Thread.State: TIMED_WAITING&#10;        at java.base@21.0.7/jdk.internal.misc.Unsafe.park(Native Method)&#10;        at java.base@21.0.7/java.util.concurrent.locks.LockSupport.parkNanos(LockSupport.java:269)&#10;        at java.base@21.0.7/java.util.concurrent.locks.AbstractQueuedSynchronizer$ConditionObject.awaitNanos(AbstractQueuedSynchronizer.java:1763)&#10;        at java.base@21.0.7/java.util.concurrent.LinkedBlockingQueue.poll(LinkedBlockingQueue.java:460)&#10;        at app//org.apache.hadoop.ipc.CallQueueManager.take(CallQueueManager.java:370)&#10;        at app//org.apache.hadoop.ipc.Server$Handler.run(Server.java:3165)&#10;&quot;IPC Server handler 56 on default port 15002&quot; daemon prio=5 tid=400 timed_waiting&#10;java.lang.Thread.State: TIMED_WAITING&#10;        at java.base@21.0.7/jdk.internal.misc.Unsafe.park(Native Method)&#10;        at java.base@21.0.7/java.util.concurrent.locks.LockSupport.parkNanos(LockSupport.java:269)&#10;        at java.base@21.0.7/java.util.concurrent.locks.AbstractQueuedSynchronizer$ConditionObject.awaitNanos(AbstractQueuedSynchronizer.java:1763)&#10;        at java.base@21.0.7/java.util.concurrent.LinkedBlockingQueue.poll(LinkedBlockingQueue.java:460)&#10;        at app//org.apache.hadoop.ipc.CallQueueManager.take(CallQueueManager.java:370)&#10;        at app//org.apache.hadoop.ipc.Server$Handler.run(Server.java:3165)&#10;&quot;om1@group-C5BA1605619E-cacheEviction-AwaitToRun&quot; daemon prio=5 tid=469 in Object.wait()&#10;java.lang.Thread.State: WAITING (on object monitor)&#10;        at java.base@21.0.7/jdk.internal.misc.Unsafe.park(Native Method)&#10;        at java.base@21.0.7/java.util.concurrent.locks.LockSupport.park(LockSupport.java:371)&#10;        at java.base@21.0.7/java.util.concurrent.locks.AbstractQueuedSynchronizer$ConditionNode.block(AbstractQueuedSynchronizer.java:519)&#10;        at java.base@21.0.7/java.util.concurrent.ForkJoinPool.unmanagedBlock(ForkJoinPool.java:3780)&#10;        at java.base@21.0.7/java.util.concurrent.ForkJoinPool.managedBlock(ForkJoinPool.java:3725)&#10;        at java.base@21.0.7/java.util.concurrent.locks.AbstractQueuedSynchronizer$ConditionObject.await(AbstractQueuedSynchronizer.java:1712)&#10;        at app//org.apache.ratis.util.AwaitForSignal.await(AwaitForSignal.java:48)&#10;        at app//org.apache.ratis.util.AwaitToRun$RunnableImpl.run(AwaitToRun.java:47)&#10;        at java.base@21.0.7/java.lang.Thread.runWith(Thread.java:1596)&#10;        at java.base@21.0.7/java.lang.Thread.run(Thread.java:1583)&#10;&quot;IPC Server handler 7 on default port 15002&quot; daemon prio=5 tid=351 timed_waiting&#10;java.lang.Thread.State: TIMED_WAITING&#10;        at java.base@21.0.7/jdk.internal.misc.Unsafe.park(Native Method)&#10;        at java.base@21.0.7/java.util.concurrent.locks.LockSupport.parkNanos(LockSupport.java:269)&#10;        at java.base@21.0.7/java.util.concurrent.locks.AbstractQueuedSynchronizer$ConditionObject.awaitNanos(AbstractQueuedSynchronizer.java:1763)&#10;        at java.base@21.0.7/java.util.concurrent.LinkedBlockingQueue.poll(LinkedBlockingQueue.java:460)&#10;        at app//org.apache.hadoop.ipc.CallQueueManager.take(CallQueueManager.java:370)&#10;        at app//org.apache.hadoop.ipc.Server$Handler.run(Server.java:3165)&#10;&quot;IPC Server handler 9 on default port 15006&quot; daemon prio=5 tid=514 timed_waiting&#10;java.lang.Thread.State: TIMED_WAITING&#10;        at java.base@21.0.7/jdk.internal.misc.Unsafe.park(Native Method)&#10;        at java.base@21.0.7/java.util.concurrent.locks.LockSupport.parkNanos(LockSupport.java:269)&#10;        at java.base@21.0.7/java.util.concurrent.locks.AbstractQueuedSynchronizer$ConditionObject.awaitNanos(AbstractQueuedSynchronizer.java:1763)&#10;        at java.base@21.0.7/java.util.concurrent.LinkedBlockingQueue.poll(LinkedBlockingQueue.java:460)&#10;        at app//org.apache.hadoop.ipc.CallQueueManager.take(CallQueueManager.java:370)&#10;        at app//org.apache.hadoop.ipc.Server$Handler.run(Server.java:3165)&#10;&quot;IPC Server handler 2 on default port 15027&quot; daemon prio=5 tid=655 timed_waiting&#10;java.lang.Thread.State: TIMED_WAITING&#10;        at java.base@21.0.7/jdk.internal.misc.Unsafe.park(Native Method)&#10;        at java.base@21.0.7/java.util.concurrent.locks.LockSupport.parkNanos(LockSupport.java:269)&#10;        at java.base@21.0.7/java.util.concurrent.locks.AbstractQueuedSynchronizer$ConditionObject.awaitNanos(AbstractQueuedSynchronizer.java:1763)&#10;        at java.base@21.0.7/java.util.concurrent.LinkedBlockingQueue.poll(LinkedBlockingQueue.java:460)&#10;        at app//org.apache.hadoop.ipc.CallQueueManager.take(CallQueueManager.java:370)&#10;        at app//org.apache.hadoop.ipc.Server$Handler.run(Server.java:3165)&#10;&quot;IPC Server handler 78 on default port 15001&quot; daemon prio=5 tid=304 timed_waiting&#10;java.lang.Thread.State: TIMED_WAITING&#10;        at java.base@21.0.7/jdk.internal.misc.Unsafe.park(Native Method)&#10;        at java.base@21.0.7/java.util.concurrent.locks.LockSupport.parkNanos(LockSupport.java:269)&#10;        at java.base@21.0.7/java.util.concurrent.locks.AbstractQueuedSynchronizer$ConditionObject.awaitNanos(AbstractQueuedSynchronizer.java:1763)&#10;        at java.base@21.0.7/java.util.concurrent.LinkedBlockingQueue.poll(LinkedBlockingQueue.java:460)&#10;        at app//org.apache.hadoop.ipc.CallQueueManager.take(CallQueueManager.java:370)&#10;        at app//org.apache.hadoop.ipc.Server$Handler.run(Server.java:3165)&#10;&quot;om1-DirectoryDeletingService#7&quot; daemon prio=5 tid=492 in Object.wait()&#10;java.lang.Thread.State: WAITING (on object monitor)&#10;        at java.base@21.0.7/jdk.internal.misc.Unsafe.park(Native Method)&#10;        at java.base@21.0.7/java.util.concurrent.locks.LockSupport.park(LockSupport.java:371)&#10;        at java.base@21.0.7/java.util.concurrent.locks.AbstractQueuedSynchronizer$ConditionNode.block(AbstractQueuedSynchronizer.java:519)&#10;        at java.base@21.0.7/java.util.concurrent.ForkJoinPool.unmanagedBlock(ForkJoinPool.java:3780)&#10;        at java.base@21.0.7/java.util.concurrent.ForkJoinPool.managedBlock(ForkJoinPool.java:3725)&#10;        at java.base@21.0.7/java.util.concurrent.locks.AbstractQueuedSynchronizer$ConditionObject.await(AbstractQueuedSynchronizer.java:1712)&#10;        at java.base@21.0.7/java.util.concurrent.ScheduledThreadPoolExecutor$DelayedWorkQueue.take(ScheduledThreadPoolExecutor.java:1170)&#10;        at java.base@21.0.7/java.util.concurrent.ScheduledThreadPoolExecutor$DelayedWorkQueue.take(ScheduledThreadPoolExecutor.java:899)&#10;        at java.base@21.0.7/java.util.concurrent.ThreadPoolExecutor.getTask(ThreadPoolExecutor.java:1070)&#10;        at java.base@21.0.7/java.util.concurrent.ThreadPoolExecutor.runWorker(ThreadPoolExecutor.java:1130)&#10;        at java.base@21.0.7/java.util.concurrent.ThreadPoolExecutor$Worker.run(ThreadPoolExecutor.java:642)&#10;        at java.base@21.0.7/java.lang.Thread.runWith(Thread.java:1596)&#10;        at java.base@21.0.7/java.lang.Thread.run(Thread.java:1583)&#10;&quot;IPC Server handler 2 on default port 15019&quot; daemon prio=5 tid=603 timed_waiting&#10;java.lang.Thread.State: TIMED_WAITING&#10;        at java.base@21.0.7/jdk.internal.misc.Unsafe.park(Native Method)&#10;        at java.base@21.0.7/java.util.concurrent.locks.LockSupport.parkNanos(LockSupport.java:269)&#10;        at java.base@21.0.7/java.util.concurrent.locks.AbstractQueuedSynchronizer$ConditionObject.awaitNanos(AbstractQueuedSynchronizer.java:1763)&#10;        at java.base@21.0.7/java.util.concurrent.LinkedBlockingQueue.poll(LinkedBlockingQueue.java:460)&#10;        at app//org.apache.hadoop.ipc.CallQueueManager.take(CallQueueManager.java:370)&#10;        at app//org.apache.hadoop.ipc.Server$Handler.run(Server.java:3165)&#10;&quot;ForkJoinPool.commonPool-worker-3&quot; daemon prio=5 tid=454 in Object.wait()&#10;java.lang.Thread.State: WAITING (on object monitor)&#10;        at java.base@21.0.7/jdk.internal.misc.Unsafe.park(Native Method)&#10;        at java.base@21.0.7/java.util.concurrent.locks.LockSupport.park(LockSupport.java:371)&#10;        at java.base@21.0.7/java.util.concurrent.ForkJoinPool.awaitWork(ForkJoinPool.java:1893)&#10;        at java.base@21.0.7/java.util.concurrent.ForkJoinPool.runWorker(ForkJoinPool.java:1809)&#10;        at java.base@21.0.7/java.util.concurrent.ForkJoinWorkerThread.run(ForkJoinWorkerThread.java:188)&#10;&quot;IPC Server handler 54 on default port 15002&quot; daemon prio=5 tid=398 timed_waiting&#10;java.lang.Thread.State: TIMED_WAITING&#10;        at java.base@21.0.7/jdk.internal.misc.Unsafe.park(Native Method)&#10;        at java.base@21.0.7/java.util.concurrent.locks.LockSupport.parkNanos(LockSupport.java:269)&#10;        at java.base@21.0.7/java.util.concurrent.locks.AbstractQueuedSynchronizer$ConditionObject.awaitNanos(AbstractQueuedSynchronizer.java:1763)&#10;        at java.base@21.0.7/java.util.concurrent.LinkedBlockingQueue.poll(LinkedBlockingQueue.java:460)&#10;        at app//org.apache.hadoop.ipc.CallQueueManager.take(CallQueueManager.java:370)&#10;        at app//org.apache.hadoop.ipc.Server$Handler.run(Server.java:3165)&#10;&quot;IPC Server handler 23 on default port 15001&quot; daemon prio=5 tid=249 timed_waiting&#10;java.lang.Thread.State: TIMED_WAITING&#10;        at java.base@21.0.7/jdk.internal.misc.Unsafe.park(Native Method)&#10;        at java.base@21.0.7/java.util.concurrent.locks.LockSupport.parkNanos(LockSupport.java:269)&#10;        at java.base@21.0.7/java.util.concurrent.locks.AbstractQueuedSynchronizer$ConditionObject.awaitNanos(AbstractQueuedSynchronizer.java:1763)&#10;        at java.base@21.0.7/java.util.concurrent.LinkedBlockingQueue.poll(LinkedBlockingQueue.java:460)&#10;        at app//org.apache.hadoop.ipc.CallQueueManager.take(CallQueueManager.java:370)&#10;        at app//org.apache.hadoop.ipc.Server$Handler.run(Server.java:3165)&#10;&quot;Socket Reader #6 for port 15035&quot;  prio=5 tid=725 runnable&#10;java.lang.Thread.State: RUNNABLE&#10;        at java.base@21.0.7/sun.nio.ch.EPoll.wait(Native Method)&#10;        at java.base@21.0.7/sun.nio.ch.EPollSelectorImpl.doSelect(EPollSelectorImpl.java:121)&#10;        at java.base@21.0.7/sun.nio.ch.SelectorImpl.lockAndDoSelect(SelectorImpl.java:130)&#10;        at java.base@21.0.7/sun.nio.ch.SelectorImpl.select(SelectorImpl.java:147)&#10;        at app//org.apache.hadoop.ipc.Server$Listener$Reader.doRunLoop(Server.java:1497)&#10;        at app//org.apache.hadoop.ipc.Server$Listener$Reader.run(Server.java:1476)&#10;&quot;IPC Server handler 29 on default port 15002&quot; daemon prio=5 tid=373 timed_waiting&#10;java.lang.Thread.State: TIMED_WAITING&#10;        at java.base@21.0.7/jdk.internal.misc.Unsafe.park(Native Method)&#10;        at java.base@21.0.7/java.util.concurrent.locks.LockSupport.parkNanos(LockSupport.java:269)&#10;        at java.base@21.0.7/java.util.concurrent.locks.AbstractQueuedSynchronizer$ConditionObject.awaitNanos(AbstractQueuedSynchronizer.java:1763)&#10;        at java.base@21.0.7/java.util.concurrent.LinkedBlockingQueue.poll(LinkedBlockingQueue.java:460)&#10;        at app//org.apache.hadoop.ipc.CallQueueManager.take(CallQueueManager.java:370)&#10;        at app//org.apache.hadoop.ipc.Server$Handler.run(Server.java:3165)&#10;&quot;Socket Reader #8 for port 15002&quot;  prio=5 tid=74 runnable&#10;java.lang.Thread.State: RUNNABLE&#10;        at java.base@21.0.7/sun.nio.ch.EPoll.wait(Native Method)&#10;        at java.base@21.0.7/sun.nio.ch.EPollSelectorImpl.doSelect(EPollSelectorImpl.java:121)&#10;        at java.base@21.0.7/sun.nio.ch.SelectorImpl.lockAndDoSelect(SelectorImpl.java:130)&#10;        at java.base@21.0.7/sun.nio.ch.SelectorImpl.select(SelectorImpl.java:147)&#10;        at app//org.apache.hadoop.ipc.Server$Listener$Reader.doRunLoop(Server.java:1497)&#10;        at app//org.apache.hadoop.ipc.Server$Listener$Reader.run(Server.java:1476)&#10;&quot;IPC Server handler 62 on default port 15002&quot; daemon prio=5 tid=406 timed_waiting&#10;java.lang.Thread.State: TIMED_WAITING&#10;        at java.base@21.0.7/jdk.internal.misc.Unsafe.park(Native Method)&#10;        at java.base@21.0.7/java.util.concurrent.locks.LockSupport.parkNanos(LockSupport.java:269)&#10;        at java.base@21.0.7/java.util.concurrent.locks.AbstractQueuedSynchronizer$ConditionObject.awaitNanos(AbstractQueuedSynchronizer.java:1763)&#10;        at java.base@21.0.7/java.util.concurrent.LinkedBlockingQueue.poll(LinkedBlockingQueue.java:460)&#10;        at app//org.apache.hadoop.ipc.CallQueueManager.take(CallQueueManager.java:370)&#10;        at app//org.apache.hadoop.ipc.Server$Handler.run(Server.java:3165)&#10;&quot;Socket Reader #7 for port 15006&quot;  prio=5 tid=462 runnable&#10;java.lang.Thread.State: RUNNABLE&#10;        at java.base@21.0.7/sun.nio.ch.EPoll.wait(Native Method)&#10;        at java.base@21.0.7/sun.nio.ch.EPollSelectorImpl.doSelect(EPollSelectorImpl.java:121)&#10;        at java.base@21.0.7/sun.nio.ch.SelectorImpl.lockAndDoSelect(SelectorImpl.java:130)&#10;        at java.base@21.0.7/sun.nio.ch.SelectorImpl.select(SelectorImpl.java:147)&#10;        at app//org.apache.hadoop.ipc.Server$Listener$Reader.doRunLoop(Server.java:1497)&#10;        at app//org.apache.hadoop.ipc.Server$Listener$Reader.run(Server.java:1476)&#10;&quot;IPC Server handler 30 on default port 15002&quot; daemon prio=5 tid=374 timed_waiting&#10;java.lang.Thread.State: TIMED_WAITING&#10;        at java.base@21.0.7/jdk.internal.misc.Unsafe.park(Native Method)&#10;        at java.base@21.0.7/java.util.concurrent.locks.LockSupport.parkNanos(LockSupport.java:269)&#10;        at java.base@21.0.7/java.util.concurrent.locks.AbstractQueuedSynchronizer$ConditionObject.awaitNanos(AbstractQueuedSynchronizer.java:1763)&#10;        at java.base@21.0.7/java.util.concurrent.LinkedBlockingQueue.poll(LinkedBlockingQueue.java:460)&#10;        at app//org.apache.hadoop.ipc.CallQueueManager.take(CallQueueManager.java:370)&#10;        at app//org.apache.hadoop.ipc.Server$Handler.run(Server.java:3165)&#10;&quot;ContainerDataScanner(/home/runner/work/ozone/ozone/hadoop-ozone/integration-test/target/test-dir/MiniOzoneClusterImpl-723737d7-d862-4a19-a51f-6b1567aa62b1/ozone-meta/datanode-3/data-0/hdds)&quot; daemon prio=5 tid=811 timed_waiting&#10;java.lang.Thread.State: TIMED_WAITING&#10;        at java.base@21.0.7/java.lang.Thread.sleep0(Native Method)&#10;        at java.base@21.0.7/java.lang.Thread.sleep(Thread.java:509)&#10;        at app//org.apache.hadoop.ozone.container.ozoneimpl.AbstractBackgroundContainerScanner.handleRemainingSleep(AbstractBackgroundContainerScanner.java:133)&#10;        at app//org.apache.hadoop.ozone.container.ozoneimpl.AbstractBackgroundContainerScanner.runIteration(AbstractBackgroundContainerScanner.java:100)&#10;        at app//org.apache.hadoop.ozone.container.ozoneimpl.AbstractBackgroundContainerScanner.run(AbstractBackgroundContainerScanner.java:59)&#10;        at java.base@21.0.7/java.lang.Thread.runWith(Thread.java:1596)&#10;        at java.base@21.0.7/java.lang.Thread.run(Thread.java:1583)&#10;&quot;IPC Server handler 71 on default port 15001&quot; daemon prio=5 tid=297 timed_waiting&#10;java.lang.Thread.State: TIMED_WAITING&#10;        at java.base@21.0.7/jdk.internal.misc.Unsafe.park(Native Method)&#10;        at java.base@21.0.7/java.util.concurrent.locks.LockSupport.parkNanos(LockSupport.java:269)&#10;        at java.base@21.0.7/java.util.concurrent.locks.AbstractQueuedSynchronizer$ConditionObject.awaitNanos(AbstractQueuedSynchronizer.java:1763)&#10;        at java.base@21.0.7/java.util.concurrent.LinkedBlockingQueue.poll(LinkedBlockingQueue.java:460)&#10;        at app//org.apache.hadoop.ipc.CallQueueManager.take(CallQueueManager.java:370)&#10;        at app//org.apache.hadoop.ipc.Server$Handler.run(Server.java:3165)&#10;&quot;IPC Server handler 12 on default port 15000&quot; daemon prio=5 tid=138 timed_waiting&#10;java.lang.Thread.State: TIMED_WAITING&#10;        at java.base@21.0.7/jdk.internal.misc.Unsafe.park(Native Method)&#10;        at java.base@21.0.7/java.util.concurrent.locks.LockSupport.parkNanos(LockSupport.java:269)&#10;        at java.base@21.0.7/java.util.concurrent.locks.AbstractQueuedSynchronizer$ConditionObject.awaitNanos(AbstractQueuedSynchronizer.java:1763)&#10;        at java.base@21.0.7/java.util.concurrent.LinkedBlockingQueue.poll(LinkedBlockingQueue.java:460)&#10;        at app//org.apache.hadoop.ipc.CallQueueManager.take(CallQueueManager.java:370)&#10;        at app//org.apache.hadoop.ipc.Server$Handler.run(Server.java:3165)&#10;&quot;Socket Reader #4 for port 15019&quot;  prio=5 tid=591 runnable&#10;java.lang.Thread.State: RUNNABLE&#10;        at java.base@21.0.7/sun.nio.ch.EPoll.wait(Native Method)&#10;        at java.base@21.0.7/sun.nio.ch.EPollSelectorImpl.doSelect(EPollSelectorImpl.java:121)&#10;        at java.base@21.0.7/sun.nio.ch.SelectorImpl.lockAndDoSelect(SelectorImpl.java:130)&#10;        at java.base@21.0.7/sun.nio.ch.SelectorImpl.select(SelectorImpl.java:147)&#10;        at app//org.apache.hadoop.ipc.Server$Listener$Reader.doRunLoop(Server.java:1497)&#10;        at app//org.apache.hadoop.ipc.Server$Listener$Reader.run(Server.java:1476)&#10;&quot;dacc202e-cd42-4a7a-b335-fe62dff69130-DatanodeReportManager-1&quot; daemon prio=5 tid=665 in Object.wait()&#10;java.lang.Thread.State: WAITING (on object monitor)&#10;        at java.base@21.0.7/jdk.internal.misc.Unsafe.park(Native Method)&#10;        at java.base@21.0.7/java.util.concurrent.locks.LockSupport.park(LockSupport.java:371)&#10;        at java.base@21.0.7/java.util.concurrent.locks.AbstractQueuedSynchronizer$ConditionNode.block(AbstractQueuedSynchronizer.java:519)&#10;        at java.base@21.0.7/java.util.concurrent.ForkJoinPool.unmanagedBlock(ForkJoinPool.java:3780)&#10;        at java.base@21.0.7/java.util.concurrent.ForkJoinPool.managedBlock(ForkJoinPool.java:3725)&#10;        at java.base@21.0.7/java.util.concurrent.locks.AbstractQueuedSynchronizer$ConditionObject.await(AbstractQueuedSynchronizer.java:1712)&#10;        at java.base@21.0.7/java.util.concurrent.ScheduledThreadPoolExecutor$DelayedWorkQueue.take(ScheduledThreadPoolExecutor.java:1177)&#10;        at java.base@21.0.7/java.util.concurrent.ScheduledThreadPoolExecutor$DelayedWorkQueue.take(ScheduledThreadPoolExecutor.java:899)&#10;        at java.base@21.0.7/java.util.concurrent.ThreadPoolExecutor.getTask(ThreadPoolExecutor.java:1070)&#10;        at java.base@21.0.7/java.util.concurrent.ThreadPoolExecutor.runWorker(ThreadPoolExecutor.java:1130)&#10;        at java.base@21.0.7/java.util.concurrent.ThreadPoolExecutor$Worker.run(ThreadPoolExecutor.java:642)&#10;        at java.base@21.0.7/java.lang.Thread.runWith(Thread.java:1596)&#10;        at java.base@21.0.7/java.lang.Thread.run(Thread.java:1583)&#10;&quot;ForkJoinPool.commonPool-worker-1&quot; daemon prio=5 tid=35 timed_waiting&#10;java.lang.Thread.State: TIMED_WAITING&#10;        at java.base@21.0.7/jdk.internal.misc.Unsafe.park(Native Method)&#10;        at java.base@21.0.7/java.util.concurrent.locks.LockSupport.parkUntil(LockSupport.java:449)&#10;        at java.base@21.0.7/java.util.concurrent.ForkJoinPool.awaitWork(ForkJoinPool.java:1891)&#10;        at java.base@21.0.7/java.util.concurrent.ForkJoinPool.runWorker(ForkJoinPool.java:1809)&#10;        at java.base@21.0.7/java.util.concurrent.ForkJoinWorkerThread.run(ForkJoinWorkerThread.java:188)&#10;&quot;Socket Reader #1 for port 15043&quot;  prio=5 tid=775 runnable&#10;java.lang.Thread.State: RUNNABLE&#10;        at java.base@21.0.7/sun.nio.ch.EPoll.wait(Native Method)&#10;        at java.base@21.0.7/sun.nio.ch.EPollSelectorImpl.doSelect(EPollSelectorImpl.java:121)&#10;        at java.base@21.0.7/sun.nio.ch.SelectorImpl.lockAndDoSelect(SelectorImpl.java:130)&#10;        at java.base@21.0.7/sun.nio.ch.SelectorImpl.select(SelectorImpl.java:147)&#10;        at app//org.apache.hadoop.ipc.Server$Listener$Reader.doRunLoop(Server.java:1497)&#10;        at app//org.apache.hadoop.ipc.Server$Listener$Reader.run(Server.java:1476)&#10;&quot;pool-144-thread-1&quot; daemon prio=5 tid=827 timed_waiting&#10;java.lang.Thread.State: TIMED_WAITING&#10;        at java.base@21.0.7/jdk.internal.misc.Unsafe.park(Native Method)&#10;        at java.base@21.0.7/java.util.concurrent.locks.LockSupport.parkNanos(LockSupport.java:269)&#10;        at java.base@21.0.7/java.util.concurrent.locks.AbstractQueuedSynchronizer$ConditionObject.awaitNanos(AbstractQueuedSynchronizer.java:1763)&#10;        at java.base@21.0.7/java.util.concurrent.ScheduledThreadPoolExecutor$DelayedWorkQueue.take(ScheduledThreadPoolExecutor.java:1182)&#10;        at java.base@21.0.7/java.util.concurrent.ScheduledThreadPoolExecutor$DelayedWorkQueue.take(ScheduledThreadPoolExecutor.java:899)&#10;        at java.base@21.0.7/java.util.concurrent.ThreadPoolExecutor.getTask(ThreadPoolExecutor.java:1070)&#10;        at java.base@21.0.7/java.util.concurrent.ThreadPoolExecutor.runWorker(ThreadPoolExecutor.java:1130)&#10;        at java.base@21.0.7/java.util.concurrent.ThreadPoolExecutor$Worker.run(ThreadPoolExecutor.java:642)&#10;        at java.base@21.0.7/java.lang.Thread.runWith(Thread.java:1596)&#10;        at java.base@21.0.7/java.lang.Thread.run(Thread.java:1583)&#10;&quot;78b7fabf-ca2a-4b70-8534-e46926e2083c-DatanodeStateMachineDaemonThread&quot; daemon prio=10 tid=798 timed_waiting&#10;java.lang.Thread.State: TIMED_WAITING&#10;        at java.base@21.0.7/java.lang.Thread.sleep0(Native Method)&#10;        at java.base@21.0.7/java.lang.Thread.sleep(Thread.java:509)&#10;        at app//org.apache.hadoop.ozone.container.common.statemachine.DatanodeStateMachine.startStateMachineThread(DatanodeStateMachine.java:361)&#10;        at app//org.apache.hadoop.ozone.container.common.statemachine.DatanodeStateMachine.lambda$startDaemon$1(DatanodeStateMachine.java:547)&#10;        at app//org.apache.hadoop.ozone.container.common.statemachine.DatanodeStateMachine$$Lambda/0x00007fe904822e48.run(Unknown Source)&#10;        at java.base@21.0.7/java.lang.Thread.runWith(Thread.java:1596)&#10;        at java.base@21.0.7/java.lang.Thread.run(Thread.java:1583)&#10;&quot;IPC Server handler 28 on default port 15002&quot; daemon prio=5 tid=372 timed_waiting&#10;java.lang.Thread.State: TIMED_WAITING&#10;        at java.base@21.0.7/jdk.internal.misc.Unsafe.park(Native Method)&#10;        at java.base@21.0.7/java.util.concurrent.locks.LockSupport.parkNanos(LockSupport.java:269)&#10;        at java.base@21.0.7/java.util.concurrent.locks.AbstractQueuedSynchronizer$ConditionObject.awaitNanos(AbstractQueuedSynchronizer.java:1763)&#10;        at java.base@21.0.7/java.util.concurrent.LinkedBlockingQueue.poll(LinkedBlockingQueue.java:460)&#10;        at app//org.apache.hadoop.ipc.CallQueueManager.take(CallQueueManager.java:370)&#10;        at app//org.apache.hadoop.ipc.Server$Handler.run(Server.java:3165)&#10;&quot;IPC Server handler 97 on default port 15000&quot; daemon prio=5 tid=223 timed_waiting&#10;java.lang.Thread.State: TIMED_WAITING&#10;        at java.base@21.0.7/jdk.internal.misc.Unsafe.park(Native Method)&#10;        at java.base@21.0.7/java.util.concurrent.locks.LockSupport.parkNanos(LockSupport.java:269)&#10;        at java.base@21.0.7/java.util.concurrent.locks.AbstractQueuedSynchronizer$ConditionObject.awaitNanos(AbstractQueuedSynchronizer.java:1763)&#10;        at java.base@21.0.7/java.util.concurrent.LinkedBlockingQueue.poll(LinkedBlockingQueue.java:460)&#10;        at app//org.apache.hadoop.ipc.CallQueueManager.take(CallQueueManager.java:370)&#10;        at app//org.apache.hadoop.ipc.Server$Handler.run(Server.java:3165)&#10;&quot;Socket Reader #7 for port 15001&quot;  prio=5 tid=87 runnable&#10;java.lang.Thread.State: RUNNABLE&#10;        at java.base@21.0.7/sun.nio.ch.EPoll.wait(Native Method)&#10;        at java.base@21.0.7/sun.nio.ch.EPollSelectorImpl.doSelect(EPollSelectorImpl.java:121)&#10;        at java.base@21.0.7/sun.nio.ch.SelectorImpl.lockAndDoSelect(SelectorImpl.java:130)&#10;        at java.base@21.0.7/sun.nio.ch.SelectorImpl.select(SelectorImpl.java:147)&#10;        at app//org.apache.hadoop.ipc.Server$Listener$Reader.doRunLoop(Server.java:1497)&#10;        at app//org.apache.hadoop.ipc.Server$Listener$Reader.run(Server.java:1476)&#10;&quot;IPC Server handler 16 on default port 15006&quot; daemon prio=5 tid=521 timed_waiting&#10;java.lang.Thread.State: TIMED_WAITING&#10;        at java.base@21.0.7/jdk.internal.misc.Unsafe.park(Native Method)&#10;        at java.base@21.0.7/java.util.concurrent.locks.LockSupport.parkNanos(LockSupport.java:269)&#10;        at java.base@21.0.7/java.util.concurrent.locks.AbstractQueuedSynchronizer$ConditionObject.awaitNanos(AbstractQueuedSynchronizer.java:1763)&#10;        at java.base@21.0.7/java.util.concurrent.LinkedBlockingQueue.poll(LinkedBlockingQueue.java:460)&#10;        at app//org.apache.hadoop.ipc.CallQueueManager.take(CallQueueManager.java:370)&#10;        at app//org.apache.hadoop.ipc.Server$Handler.run(Server.java:3165)&#10;&quot;IPC Server handler 2 on default port 15043&quot; daemon prio=5 tid=790 timed_waiting&#10;java.lang.Thread.State: TIMED_WAITING&#10;        at java.base@21.0.7/jdk.internal.misc.Unsafe.park(Native Method)&#10;        at java.base@21.0.7/java.util.concurrent.locks.LockSupport.parkNanos(LockSupport.java:269)&#10;        at java.base@21.0.7/java.util.concurrent.locks.AbstractQueuedSynchronizer$ConditionObject.awaitNanos(AbstractQueuedSynchronizer.java:1763)&#10;        at java.base@21.0.7/java.util.concurrent.LinkedBlockingQueue.poll(LinkedBlockingQueue.java:460)&#10;        at app//org.apache.hadoop.ipc.CallQueueManager.take(CallQueueManager.java:370)&#10;        at app//org.apache.hadoop.ipc.Server$Handler.run(Server.java:3165)&#10;&quot;qtp1334632116-759&quot; daemon prio=5 tid=759 timed_waiting&#10;java.lang.Thread.State: TIMED_WAITING&#10;        at java.base@21.0.7/jdk.internal.misc.Unsafe.park(Native Method)&#10;        at java.base@21.0.7/java.util.concurrent.locks.LockSupport.parkNanos(LockSupport.java:269)&#10;        at java.base@21.0.7/java.util.concurrent.locks.AbstractQueuedSynchronizer$ConditionObject.awaitNanos(AbstractQueuedSynchronizer.java:1763)&#10;        at app//org.eclipse.jetty.util.BlockingArrayQueue.poll(BlockingArrayQueue.java:382)&#10;        at app//org.eclipse.jetty.util.thread.QueuedThreadPool$Runner.idleJobPoll(QueuedThreadPool.java:974)&#10;        at app//org.eclipse.jetty.util.thread.QueuedThreadPool$Runner.run(QueuedThreadPool.java:1018)&#10;        at java.base@21.0.7/java.lang.Thread.runWith(Thread.java:1596)&#10;        at java.base@21.0.7/java.lang.Thread.run(Thread.java:1583)&#10;&quot;IPC Server handler 8 on default port 15001&quot; daemon prio=5 tid=234 timed_waiting&#10;java.lang.Thread.State: TIMED_WAITING&#10;        at java.base@21.0.7/jdk.internal.misc.Unsafe.park(Native Method)&#10;        at java.base@21.0.7/java.util.concurrent.locks.LockSupport.parkNanos(LockSupport.java:269)&#10;        at java.base@21.0.7/java.util.concurrent.locks.AbstractQueuedSynchronizer$ConditionObject.awaitNanos(AbstractQueuedSynchronizer.java:1763)&#10;        at java.base@21.0.7/java.util.concurrent.LinkedBlockingQueue.poll(LinkedBlockingQueue.java:460)&#10;        at app//org.apache.hadoop.ipc.CallQueueManager.take(CallQueueManager.java:370)&#10;        at app//org.apache.hadoop.ipc.Server$Handler.run(Server.java:3165)&#10;&quot;0cf558f4-2ca5-4c9f-a057-d7d7b755ef43@group-6B1567AA62B1-StateMachineUpdater&quot; daemon prio=5 tid=121 timed_waiting&#10;java.lang.Thread.State: TIMED_WAITING&#10;        at java.base@21.0.7/jdk.internal.misc.Unsafe.park(Native Method)&#10;        at java.base@21.0.7/java.util.concurrent.locks.LockSupport.parkNanos(LockSupport.java:269)&#10;        at java.base@21.0.7/java.util.concurrent.locks.AbstractQueuedSynchronizer$ConditionObject.await(AbstractQueuedSynchronizer.java:1852)&#10;        at app//org.apache.ratis.util.AwaitForSignal.await(AwaitForSignal.java:65)&#10;        at app//org.apache.ratis.server.impl.StateMachineUpdater.waitForCommit(StateMachineUpdater.java:219)&#10;        at app//org.apache.ratis.server.impl.StateMachineUpdater.run(StateMachineUpdater.java:187)&#10;        at java.base@21.0.7/java.lang.Thread.runWith(Thread.java:1596)&#10;        at java.base@21.0.7/java.lang.Thread.run(Thread.java:1583)&#10;&quot;78b7fabf-ca2a-4b70-8534-e46926e2083c-PeriodicHDDSVolumeChecker&quot; daemon prio=5 tid=845 timed_waiting&#10;java.lang.Thread.State: TIMED_WAITING&#10;        at java.base@21.0.7/jdk.internal.misc.Unsafe.park(Native Method)&#10;        at java.base@21.0.7/java.util.concurrent.locks.LockSupport.parkNanos(LockSupport.java:269)&#10;        at java.base@21.0.7/java.util.concurrent.locks.AbstractQueuedSynchronizer$ConditionObject.awaitNanos(AbstractQueuedSynchronizer.java:1763)&#10;        at java.base@21.0.7/java.util.concurrent.ScheduledThreadPoolExecutor$DelayedWorkQueue.take(ScheduledThreadPoolExecutor.java:1182)&#10;        at java.base@21.0.7/java.util.concurrent.ScheduledThreadPoolExecutor$DelayedWorkQueue.take(ScheduledThreadPoolExecutor.java:899)&#10;        at java.base@21.0.7/java.util.concurrent.ThreadPoolExecutor.getTask(ThreadPoolExecutor.java:1070)&#10;        at java.base@21.0.7/java.util.concurrent.ThreadPoolExecutor.runWorker(ThreadPoolExecutor.java:1130)&#10;        at java.base@21.0.7/java.util.concurrent.ThreadPoolExecutor$Worker.run(ThreadPoolExecutor.java:642)&#10;        at java.base@21.0.7/java.lang.Thread.runWith(Thread.java:1596)&#10;        at java.base@21.0.7/java.lang.Thread.run(Thread.java:1583)&#10;&quot;IPC Server handler 35 on default port 15001&quot; daemon prio=5 tid=261 timed_waiting&#10;java.lang.Thread.State: TIMED_WAITING&#10;        at java.base@21.0.7/jdk.internal.misc.Unsafe.park(Native Method)&#10;        at java.base@21.0.7/java.util.concurrent.locks.LockSupport.parkNanos(LockSupport.java:269)&#10;        at java.base@21.0.7/java.util.concurrent.locks.AbstractQueuedSynchronizer$ConditionObject.awaitNanos(AbstractQueuedSynchronizer.java:1763)&#10;        at java.base@21.0.7/java.util.concurrent.LinkedBlockingQueue.poll(LinkedBlockingQueue.java:460)&#10;        at app//org.apache.hadoop.ipc.CallQueueManager.take(CallQueueManager.java:370)&#10;        at app//org.apache.hadoop.ipc.Server$Handler.run(Server.java:3165)&#10;&quot;IPC Server handler 95 on default port 15000&quot; daemon prio=5 tid=221 timed_waiting&#10;java.lang.Thread.State: TIMED_WAITING&#10;        at java.base@21.0.7/jdk.internal.misc.Unsafe.park(Native Method)&#10;        at java.base@21.0.7/java.util.concurrent.locks.LockSupport.parkNanos(LockSupport.java:269)&#10;        at java.base@21.0.7/java.util.concurrent.locks.AbstractQueuedSynchronizer$ConditionObject.awaitNanos(AbstractQueuedSynchronizer.java:1763)&#10;        at java.base@21.0.7/java.util.concurrent.LinkedBlockingQueue.poll(LinkedBlockingQueue.java:460)&#10;        at app//org.apache.hadoop.ipc.CallQueueManager.take(CallQueueManager.java:370)&#10;        at app//org.apache.hadoop.ipc.Server$Handler.run(Server.java:3165)&#10;&quot;IPC Server handler 14 on default port 15001&quot; daemon prio=5 tid=240 timed_waiting&#10;java.lang.Thread.State: TIMED_WAITING&#10;        at java.base@21.0.7/jdk.internal.misc.Unsafe.park(Native Method)&#10;        at java.base@21.0.7/java.util.concurrent.locks.LockSupport.parkNanos(LockSupport.java:269)&#10;        at java.base@21.0.7/java.util.concurrent.locks.AbstractQueuedSynchronizer$ConditionObject.awaitNanos(AbstractQueuedSynchronizer.java:1763)&#10;        at java.base@21.0.7/java.util.concurrent.LinkedBlockingQueue.poll(LinkedBlockingQueue.java:460)&#10;        at app//org.apache.hadoop.ipc.CallQueueManager.take(CallQueueManager.java:370)&#10;        at app//org.apache.hadoop.ipc.Server$Handler.run(Server.java:3165)&#10;&quot;IPC Server handler 77 on default port 15001&quot; daemon prio=5 tid=303 timed_waiting&#10;java.lang.Thread.State: TIMED_WAITING&#10;        at java.base@21.0.7/jdk.internal.misc.Unsafe.park(Native Method)&#10;        at java.base@21.0.7/java.util.concurrent.locks.LockSupport.parkNanos(LockSupport.java:269)&#10;        at java.base@21.0.7/java.util.concurrent.locks.AbstractQueuedSynchronizer$ConditionObject.awaitNanos(AbstractQueuedSynchronizer.java:1763)&#10;        at java.base@21.0.7/java.util.concurrent.LinkedBlockingQueue.poll(LinkedBlockingQueue.java:460)&#10;        at app//org.apache.hadoop.ipc.CallQueueManager.take(CallQueueManager.java:370)&#10;        at app//org.apache.hadoop.ipc.Server$Handler.run(Server.java:3165)&#10;&quot;Socket Reader #6 for port 15001&quot;  prio=5 tid=86 runnable&#10;java.lang.Thread.State: RUNNABLE&#10;        at java.base@21.0.7/sun.nio.ch.EPoll.wait(Native Method)&#10;        at java.base@21.0.7/sun.nio.ch.EPollSelectorImpl.doSelect(EPollSelectorImpl.java:121)&#10;        at java.base@21.0.7/sun.nio.ch.SelectorImpl.lockAndDoSelect(SelectorImpl.java:130)&#10;        at java.base@21.0.7/sun.nio.ch.SelectorImpl.select(SelectorImpl.java:147)&#10;        at app//org.apache.hadoop.ipc.Server$Listener$Reader.doRunLoop(Server.java:1497)&#10;        at app//org.apache.hadoop.ipc.Server$Listener$Reader.run(Server.java:1476)&#10;&quot;IPC Server idle connection scanner for port 15027&quot; daemon prio=5 tid=650 timed_waiting&#10;java.lang.Thread.State: TIMED_WAITING&#10;        at java.base@21.0.7/java.lang.Object.wait0(Native Method)&#10;        at java.base@21.0.7/java.lang.Object.wait(Object.java:366)&#10;        at java.base@21.0.7/java.util.TimerThread.mainLoop(Timer.java:563)&#10;        at java.base@21.0.7/java.util.TimerThread.run(Timer.java:516)&#10;&quot;om1-OMDoubleBufferFlushThread&quot; daemon prio=5 tid=451 timed_waiting&#10;java.lang.Thread.State: TIMED_WAITING&#10;        at java.base@21.0.7/java.lang.Object.wait0(Native Method)&#10;        at java.base@21.0.7/java.lang.Object.wait(Object.java:366)&#10;        at app//org.apache.hadoop.ozone.om.ratis.OzoneManagerDoubleBuffer.canFlush(OzoneManagerDoubleBuffer.java:547)&#10;        at app//org.apache.hadoop.ozone.om.ratis.OzoneManagerDoubleBuffer.flushTransactions(OzoneManagerDoubleBuffer.java:279)&#10;        at app//org.apache.hadoop.ozone.om.ratis.OzoneManagerDoubleBuffer$$Lambda/0x00007fe904771f80.run(Unknown Source)&#10;        at java.base@21.0.7/java.lang.Thread.runWith(Thread.java:1596)&#10;        at java.base@21.0.7/java.lang.Thread.run(Thread.java:1583)&#10;&quot;qtp256443308-499&quot; daemon prio=5 tid=499 timed_waiting&#10;java.lang.Thread.State: TIMED_WAITING&#10;        at java.base@21.0.7/jdk.internal.misc.Unsafe.park(Native Method)&#10;        at java.base@21.0.7/java.util.concurrent.locks.LockSupport.parkNanos(LockSupport.java:269)&#10;        at java.base@21.0.7/java.util.concurrent.locks.AbstractQueuedSynchronizer$ConditionObject.awaitNanos(AbstractQueuedSynchronizer.java:1763)&#10;        at app//org.eclipse.jetty.util.BlockingArrayQueue.poll(BlockingArrayQueue.java:382)&#10;        at app//org.eclipse.jetty.util.thread.QueuedThreadPool$Runner.idleJobPoll(QueuedThreadPool.java:974)&#10;        at app//org.eclipse.jetty.util.thread.QueuedThreadPool$Runner.run(QueuedThreadPool.java:1018)&#10;        at java.base@21.0.7/java.lang.Thread.runWith(Thread.java:1596)&#10;        at java.base@21.0.7/java.lang.Thread.run(Thread.java:1583)&#10;&quot;IPC Server handler 67 on default port 15000&quot; daemon prio=5 tid=193 timed_waiting&#10;java.lang.Thread.State: TIMED_WAITING&#10;        at java.base@21.0.7/jdk.internal.misc.Unsafe.park(Native Method)&#10;        at java.base@21.0.7/java.util.concurrent.locks.LockSupport.parkNanos(LockSupport.java:269)&#10;        at java.base@21.0.7/java.util.concurrent.locks.AbstractQueuedSynchronizer$ConditionObject.awaitNanos(AbstractQueuedSynchronizer.java:1763)&#10;        at java.base@21.0.7/java.util.concurrent.LinkedBlockingQueue.poll(LinkedBlockingQueue.java:460)&#10;        at app//org.apache.hadoop.ipc.CallQueueManager.take(CallQueueManager.java:370)&#10;        at app//org.apache.hadoop.ipc.Server$Handler.run(Server.java:3165)&#10;&quot;IPC Server handler 49 on default port 15002&quot; daemon prio=5 tid=393 timed_waiting&#10;java.lang.Thread.State: TIMED_WAITING&#10;        at java.base@21.0.7/jdk.internal.misc.Unsafe.park(Native Method)&#10;        at java.base@21.0.7/java.util.concurrent.locks.LockSupport.parkNanos(LockSupport.java:269)&#10;        at java.base@21.0.7/java.util.concurrent.locks.AbstractQueuedSynchronizer$ConditionObject.awaitNanos(AbstractQueuedSynchronizer.java:1763)&#10;        at java.base@21.0.7/java.util.concurrent.LinkedBlockingQueue.poll(LinkedBlockingQueue.java:460)&#10;        at app//org.apache.hadoop.ipc.CallQueueManager.take(CallQueueManager.java:370)&#10;        at app//org.apache.hadoop.ipc.Server$Handler.run(Server.java:3165)&#10;&quot;JvmPauseMonitor2&quot; daemon prio=5 tid=473 timed_waiting&#10;java.lang.Thread.State: TIMED_WAITING&#10;        at java.base@21.0.7/java.lang.Thread.sleep0(Native Method)&#10;        at java.base@21.0.7/java.lang.Thread.sleep(Thread.java:558)&#10;        at java.base@21.0.7/java.util.concurrent.TimeUnit.sleep(TimeUnit.java:446)&#10;        at app//org.apache.ratis.util.TimeDuration.sleep(TimeDuration.java:353)&#10;        at app//org.apache.ratis.util.TimeDuration.sleep(TimeDuration.java:338)&#10;        at app//org.apache.ratis.util.JvmPauseMonitor.detectPause(JvmPauseMonitor.java:160)&#10;        at app//org.apache.ratis.util.JvmPauseMonitor.run(JvmPauseMonitor.java:149)&#10;        at app//org.apache.ratis.util.JvmPauseMonitor$$Lambda/0x00007fe90439a488.run(Unknown Source)&#10;        at java.base@21.0.7/java.lang.Thread.runWith(Thread.java:1596)&#10;        at java.base@21.0.7/java.lang.Thread.run(Thread.java:1583)&#10;&quot;IPC Server handler 48 on default port 15000&quot; daemon prio=5 tid=174 timed_waiting&#10;java.lang.Thread.State: TIMED_WAITING&#10;        at java.base@21.0.7/jdk.internal.misc.Unsafe.park(Native Method)&#10;        at java.base@21.0.7/java.util.concurrent.locks.LockSupport.parkNanos(LockSupport.java:269)&#10;        at java.base@21.0.7/java.util.concurrent.locks.AbstractQueuedSynchronizer$ConditionObject.awaitNanos(AbstractQueuedSynchronizer.java:1763)&#10;        at java.base@21.0.7/java.util.concurrent.LinkedBlockingQueue.poll(LinkedBlockingQueue.java:460)&#10;        at app//org.apache.hadoop.ipc.CallQueueManager.take(CallQueueManager.java:370)&#10;        at app//org.apache.hadoop.ipc.Server$Handler.run(Server.java:3165)&#10;&quot;78b7fabf-ca2a-4b70-8534-e46926e2083c@group-24323FEED52C-SegmentedRaftLogWorker&quot;  prio=5 tid=968 timed_waiting&#10;java.lang.Thread.State: TIMED_WAITING&#10;        at java.base@21.0.7/jdk.internal.misc.Unsafe.park(Native Method)&#10;        at java.base@21.0.7/java.util.concurrent.locks.LockSupport.parkNanos(LockSupport.java:269)&#10;        at java.base@21.0.7/java.util.concurrent.locks.AbstractQueuedSynchronizer$ConditionObject.awaitNanos(AbstractQueuedSynchronizer.java:1763)&#10;        at app//org.apache.ratis.util.DataBlockingQueue.poll(DataBlockingQueue.java:148)&#10;        at app//org.apache.ratis.server.raftlog.segmented.SegmentedRaftLogWorker.run(SegmentedRaftLogWorker.java:307)&#10;        at app//org.apache.ratis.server.raftlog.segmented.SegmentedRaftLogWorker$$Lambda/0x00007fe904381950.run(Unknown Source)&#10;        at java.base@21.0.7/java.util.concurrent.Executors$RunnableAdapter.call(Executors.java:572)&#10;        at java.base@21.0.7/java.util.concurrent.FutureTask.run(FutureTask.java:317)&#10;        at java.base@21.0.7/java.util.concurrent.ThreadPoolExecutor.runWorker(ThreadPoolExecutor.java:1144)&#10;        at java.base@21.0.7/java.util.concurrent.ThreadPoolExecutor$Worker.run(ThreadPoolExecutor.java:642)&#10;        at java.base@21.0.7/java.lang.Thread.runWith(Thread.java:1596)&#10;        at java.base@21.0.7/java.lang.Thread.run(Thread.java:1583)&#10;&quot;org.apache.hadoop.ozone.container.common.statemachine.commandhandler.DeleteBlocksCommandHandler$DeleteCmdWorker@5eaa3349&quot; daemon prio=5 tid=754 timed_waiting&#10;java.lang.Thread.State: TIMED_WAITING&#10;        at java.base@21.0.7/java.lang.Thread.sleep0(Native Method)&#10;        at java.base@21.0.7/java.lang.Thread.sleep(Thread.java:509)&#10;        at app//org.apache.hadoop.ozone.container.common.statemachine.commandhandler.DeleteBlocksCommandHandler$DeleteCmdWorker.run(DeleteBlocksCommandHandler.java:260)&#10;        at java.base@21.0.7/java.lang.Thread.runWith(Thread.java:1596)&#10;        at java.base@21.0.7/java.lang.Thread.run(Thread.java:1583)&#10;&quot;IPC Server handler 83 on default port 15001&quot; daemon prio=5 tid=309 timed_waiting&#10;java.lang.Thread.State: TIMED_WAITING&#10;        at java.base@21.0.7/jdk.internal.misc.Unsafe.park(Native Method)&#10;        at java.base@21.0.7/java.util.concurrent.locks.LockSupport.parkNanos(LockSupport.java:269)&#10;        at java.base@21.0.7/java.util.concurrent.locks.AbstractQueuedSynchronizer$ConditionObject.awaitNanos(AbstractQueuedSynchronizer.java:1763)&#10;        at java.base@21.0.7/java.util.concurrent.LinkedBlockingQueue.poll(LinkedBlockingQueue.java:460)&#10;        at app//org.apache.hadoop.ipc.CallQueueManager.take(CallQueueManager.java:370)&#10;        at app//org.apache.hadoop.ipc.Server$Handler.run(Server.java:3165)&#10;&quot;IPC Server handler 27 on default port 15000&quot; daemon prio=5 tid=153 timed_waiting&#10;java.lang.Thread.State: TIMED_WAITING&#10;        at java.base@21.0.7/jdk.internal.misc.Unsafe.park(Native Method)&#10;        at java.base@21.0.7/java.util.concurrent.locks.LockSupport.parkNanos(LockSupport.java:269)&#10;        at java.base@21.0.7/java.util.concurrent.locks.AbstractQueuedSynchronizer$ConditionObject.awaitNanos(AbstractQueuedSynchronizer.java:1763)&#10;        at java.base@21.0.7/java.util.concurrent.LinkedBlockingQueue.poll(LinkedBlockingQueue.java:460)&#10;        at app//org.apache.hadoop.ipc.CallQueueManager.take(CallQueueManager.java:370)&#10;        at app//org.apache.hadoop.ipc.Server$Handler.run(Server.java:3165)&#10;&quot;Socket Reader #1 for port 15035&quot;  prio=5 tid=720 runnable&#10;java.lang.Thread.State: RUNNABLE&#10;        at java.base@21.0.7/sun.nio.ch.EPoll.wait(Native Method)&#10;        at java.base@21.0.7/sun.nio.ch.EPollSelectorImpl.doSelect(EPollSelectorImpl.java:121)&#10;        at java.base@21.0.7/sun.nio.ch.SelectorImpl.lockAndDoSelect(SelectorImpl.java:130)&#10;        at java.base@21.0.7/sun.nio.ch.SelectorImpl.select(SelectorImpl.java:147)&#10;        at app//org.apache.hadoop.ipc.Server$Listener$Reader.doRunLoop(Server.java:1497)&#10;        at app//org.apache.hadoop.ipc.Server$Listener$Reader.run(Server.java:1476)&#10;&quot;IPC Server handler 63 on default port 15002&quot; daemon prio=5 tid=407 timed_waiting&#10;java.lang.Thread.State: TIMED_WAITING&#10;        at java.base@21.0.7/jdk.internal.misc.Unsafe.park(Native Method)&#10;        at java.base@21.0.7/java.util.concurrent.locks.LockSupport.parkNanos(LockSupport.java:269)&#10;        at java.base@21.0.7/java.util.concurrent.locks.AbstractQueuedSynchronizer$ConditionObject.awaitNanos(AbstractQueuedSynchronizer.java:1763)&#10;        at java.base@21.0.7/java.util.concurrent.LinkedBlockingQueue.poll(LinkedBlockingQueue.java:460)&#10;        at app//org.apache.hadoop.ipc.CallQueueManager.take(CallQueueManager.java:370)&#10;        at app//org.apache.hadoop.ipc.Server$Handler.run(Server.java:3165)&#10;&quot;Session-HouseKeeper-9addea4-1&quot;  prio=5 tid=632 timed_waiting&#10;java.lang.Thread.State: TIMED_WAITING&#10;        at java.base@21.0.7/jdk.internal.misc.Unsafe.park(Native Method)&#10;        at java.base@21.0.7/java.util.concurrent.locks.LockSupport.parkNanos(LockSupport.java:269)&#10;        at java.base@21.0.7/java.util.concurrent.locks.AbstractQueuedSynchronizer$ConditionObject.awaitNanos(AbstractQueuedSynchronizer.java:1763)&#10;        at java.base@21.0.7/java.util.concurrent.ScheduledThreadPoolExecutor$DelayedWorkQueue.take(ScheduledThreadPoolExecutor.java:1182)&#10;        at java.base@21.0.7/java.util.concurrent.ScheduledThreadPoolExecutor$DelayedWorkQueue.take(ScheduledThreadPoolExecutor.java:899)&#10;        at java.base@21.0.7/java.util.concurrent.ThreadPoolExecutor.getTask(ThreadPoolExecutor.java:1070)&#10;        at java.base@21.0.7/java.util.concurrent.ThreadPoolExecutor.runWorker(ThreadPoolExecutor.java:1130)&#10;        at java.base@21.0.7/java.util.concurrent.ThreadPoolExecutor$Worker.run(ThreadPoolExecutor.java:642)&#10;        at java.base@21.0.7/java.lang.Thread.runWith(Thread.java:1596)&#10;        at java.base@21.0.7/java.lang.Thread.run(Thread.java:1583)&#10;&quot;IPC Server handler 44 on default port 15000&quot; daemon prio=5 tid=170 timed_waiting&#10;java.lang.Thread.State: TIMED_WAITING&#10;        at java.base@21.0.7/jdk.internal.misc.Unsafe.park(Native Method)&#10;        at java.base@21.0.7/java.util.concurrent.locks.LockSupport.parkNanos(LockSupport.java:269)&#10;        at java.base@21.0.7/java.util.concurrent.locks.AbstractQueuedSynchronizer$ConditionObject.awaitNanos(AbstractQueuedSynchronizer.java:1763)&#10;        at java.base@21.0.7/java.util.concurrent.LinkedBlockingQueue.poll(LinkedBlockingQueue.java:460)&#10;        at app//org.apache.hadoop.ipc.CallQueueManager.take(CallQueueManager.java:370)&#10;        at app//org.apache.hadoop.ipc.Server$Handler.run(Server.java:3165)&#10;&quot;dacc202e-cd42-4a7a-b335-fe62dff69130-ChunkWriter-1-0&quot; daemon prio=5 tid=813 in Object.wait()&#10;java.lang.Thread.State: WAITING (on object monitor)&#10;        at java.base@21.0.7/jdk.internal.misc.Unsafe.park(Native Method)&#10;        at java.base@21.0.7/java.util.concurrent.locks.LockSupport.park(LockSupport.java:371)&#10;        at java.base@21.0.7/java.util.concurrent.locks.AbstractQueuedSynchronizer$ConditionNode.block(AbstractQueuedSynchronizer.java:519)&#10;        at java.base@21.0.7/java.util.concurrent.ForkJoinPool.unmanagedBlock(ForkJoinPool.java:3780)&#10;        at java.base@21.0.7/java.util.concurrent.ForkJoinPool.managedBlock(ForkJoinPool.java:3725)&#10;        at java.base@21.0.7/java.util.concurrent.locks.AbstractQueuedSynchronizer$ConditionObject.await(AbstractQueuedSynchronizer.java:1712)&#10;        at java.base@21.0.7/java.util.concurrent.LinkedBlockingDeque.takeFirst(LinkedBlockingDeque.java:485)&#10;        at java.base@21.0.7/java.util.concurrent.LinkedBlockingDeque.take(LinkedBlockingDeque.java:673)&#10;        at java.base@21.0.7/java.util.concurrent.ThreadPoolExecutor.getTask(ThreadPoolExecutor.java:1070)&#10;        at java.base@21.0.7/java.util.concurrent.ThreadPoolExecutor.runWorker(ThreadPoolExecutor.java:1130)&#10;        at java.base@21.0.7/java.util.concurrent.ThreadPoolExecutor$Worker.run(ThreadPoolExecutor.java:642)&#10;        at java.base@21.0.7/java.lang.Thread.runWith(Thread.java:1596)&#10;        at java.base@21.0.7/java.lang.Thread.run(Thread.java:1583)&#10;&quot;2b1bfca1-1fdc-4b0a-9b4d-c21112718afa-DatanodeStateMachineDaemonThread&quot; daemon prio=10 tid=743 timed_waiting&#10;java.lang.Thread.State: TIMED_WAITING&#10;        at java.base@21.0.7/java.lang.Thread.sleep0(Native Method)&#10;        at java.base@21.0.7/java.lang.Thread.sleep(Thread.java:509)&#10;        at app//org.apache.hadoop.ozone.container.common.statemachine.DatanodeStateMachine.startStateMachineThread(DatanodeStateMachine.java:361)&#10;        at app//org.apache.hadoop.ozone.container.common.statemachine.DatanodeStateMachine.lambda$startDaemon$1(DatanodeStateMachine.java:547)&#10;        at app//org.apache.hadoop.ozone.container.common.statemachine.DatanodeStateMachine$$Lambda/0x00007fe904822e48.run(Unknown Source)&#10;        at java.base@21.0.7/java.lang.Thread.runWith(Thread.java:1596)&#10;        at java.base@21.0.7/java.lang.Thread.run(Thread.java:1583)&#10;&quot;FixedThreadPoolWithAffinityExecutor-4-0&quot; daemon prio=5 tid=112 timed_waiting&#10;java.lang.Thread.State: TIMED_WAITING&#10;        at java.base@21.0.7/jdk.internal.misc.Unsafe.park(Native Method)&#10;        at java.base@21.0.7/java.util.concurrent.locks.LockSupport.parkNanos(LockSupport.java:269)&#10;        at java.base@21.0.7/java.util.concurrent.locks.AbstractQueuedSynchronizer$ConditionObject.awaitNanos(AbstractQueuedSynchronizer.java:1763)&#10;        at java.base@21.0.7/java.util.concurrent.LinkedBlockingQueue.poll(LinkedBlockingQueue.java:460)&#10;        at app//org.apache.hadoop.hdds.scm.server.ContainerReportQueue.poll(ContainerReportQueue.java:269)&#10;        at app//org.apache.hadoop.hdds.scm.server.ContainerReportQueue.poll(ContainerReportQueue.java:42)&#10;        at app//org.apache.hadoop.hdds.server.events.FixedThreadPoolWithAffinityExecutor$ContainerReportProcessTask.run(FixedThreadPoolWithAffinityExecutor.java:228)&#10;        at java.base@21.0.7/java.util.concurrent.Executors$RunnableAdapter.call(Executors.java:572)&#10;        at java.base@21.0.7/java.util.concurrent.FutureTask.run(FutureTask.java:317)&#10;        at java.base@21.0.7/java.util.concurrent.ThreadPoolExecutor.runWorker(ThreadPoolExecutor.java:1144)&#10;        at java.base@21.0.7/java.util.concurrent.ThreadPoolExecutor$Worker.run(ThreadPoolExecutor.java:642)&#10;        at java.base@21.0.7/java.lang.Thread.runWith(Thread.java:1596)&#10;        at java.base@21.0.7/java.lang.Thread.run(Thread.java:1583)&#10;&quot;2b1bfca1-1fdc-4b0a-9b4d-c21112718afa@group-0D69DBD4F9B0-cacheEviction-AwaitToRun&quot; daemon prio=5 tid=959 in Object.wait()&#10;java.lang.Thread.State: WAITING (on object monitor)&#10;        at java.base@21.0.7/jdk.internal.misc.Unsafe.park(Native Method)&#10;        at java.base@21.0.7/java.util.concurrent.locks.LockSupport.park(LockSupport.java:371)&#10;        at java.base@21.0.7/java.util.concurrent.locks.AbstractQueuedSynchronizer$ConditionNode.block(AbstractQueuedSynchronizer.java:519)&#10;        at java.base@21.0.7/java.util.concurrent.ForkJoinPool.unmanagedBlock(ForkJoinPool.java:3780)&#10;        at java.base@21.0.7/java.util.concurrent.ForkJoinPool.managedBlock(ForkJoinPool.java:3725)&#10;        at java.base@21.0.7/java.util.concurrent.locks.AbstractQueuedSynchronizer$ConditionObject.await(AbstractQueuedSynchronizer.java:1712)&#10;        at app//org.apache.ratis.util.AwaitForSignal.await(AwaitForSignal.java:48)&#10;        at app//org.apache.ratis.util.AwaitToRun$RunnableImpl.run(AwaitToRun.java:47)&#10;        at java.base@21.0.7/java.lang.Thread.runWith(Thread.java:1596)&#10;        at java.base@21.0.7/java.lang.Thread.run(Thread.java:1583)&#10;&quot;IPC Server handler 2 on default port 15035&quot; daemon prio=5 tid=735 timed_waiting&#10;java.lang.Thread.State: TIMED_WAITING&#10;        at java.base@21.0.7/jdk.internal.misc.Unsafe.park(Native Method)&#10;        at java.base@21.0.7/java.util.concurrent.locks.LockSupport.parkNanos(LockSupport.java:269)&#10;        at java.base@21.0.7/java.util.concurrent.locks.AbstractQueuedSynchronizer$ConditionObject.awaitNanos(AbstractQueuedSynchronizer.java:1763)&#10;        at java.base@21.0.7/java.util.concurrent.LinkedBlockingQueue.poll(LinkedBlockingQueue.java:460)&#10;        at app//org.apache.hadoop.ipc.CallQueueManager.take(CallQueueManager.java:370)&#10;        at app//org.apache.hadoop.ipc.Server$Handler.run(Server.java:3165)&#10;&quot;78b7fabf-ca2a-4b70-8534-e46926e2083c-DataNodeDiskCheckerThread-0&quot; daemon prio=5 tid=846 timed_waiting&#10;java.lang.Thread.State: TIMED_WAITING&#10;        at java.base@21.0.7/jdk.internal.misc.Unsafe.park(Native Method)&#10;        at java.base@21.0.7/java.util.concurrent.locks.LockSupport.parkNanos(LockSupport.java:410)&#10;        at java.base@21.0.7/java.util.concurrent.LinkedTransferQueue$DualNode.await(LinkedTransferQueue.java:452)&#10;        at java.base@21.0.7/java.util.concurrent.SynchronousQueue$Transferer.xferLifo(SynchronousQueue.java:194)&#10;        at java.base@21.0.7/java.util.concurrent.SynchronousQueue.xfer(SynchronousQueue.java:235)&#10;        at java.base@21.0.7/java.util.concurrent.SynchronousQueue.poll(SynchronousQueue.java:338)&#10;        at java.base@21.0.7/java.util.concurrent.ThreadPoolExecutor.getTask(ThreadPoolExecutor.java:1069)&#10;        at java.base@21.0.7/java.util.concurrent.ThreadPoolExecutor.runWorker(ThreadPoolExecutor.java:1130)&#10;        at java.base@21.0.7/java.util.concurrent.ThreadPoolExecutor$Worker.run(ThreadPoolExecutor.java:642)&#10;        at java.base@21.0.7/java.lang.Thread.runWith(Thread.java:1596)&#10;        at java.base@21.0.7/java.lang.Thread.run(Thread.java:1583)&#10;&quot;IPC Server Responder&quot; daemon prio=5 tid=599 runnable&#10;java.lang.Thread.State: RUNNABLE&#10;        at java.base@21.0.7/sun.nio.ch.EPoll.wait(Native Method)&#10;        at java.base@21.0.7/sun.nio.ch.EPollSelectorImpl.doSelect(EPollSelectorImpl.java:121)&#10;        at java.base@21.0.7/sun.nio.ch.SelectorImpl.lockAndDoSelect(SelectorImpl.java:130)&#10;        at java.base@21.0.7/sun.nio.ch.SelectorImpl.select(SelectorImpl.java:142)&#10;        at app//org.apache.hadoop.ipc.Server$Responder.doRunLoop(Server.java:1733)&#10;        at app//org.apache.hadoop.ipc.Server$Responder.run(Server.java:1716)&#10;&quot;IPC Server handler 84 on default port 15002&quot; daemon prio=5 tid=428 timed_waiting&#10;java.lang.Thread.State: TIMED_WAITING&#10;        at java.base@21.0.7/jdk.internal.misc.Unsafe.park(Native Method)&#10;        at java.base@21.0.7/java.util.concurrent.locks.LockSupport.parkNanos(LockSupport.java:269)&#10;        at java.base@21.0.7/java.util.concurrent.locks.AbstractQueuedSynchronizer$ConditionObject.awaitNanos(AbstractQueuedSynchronizer.java:1763)&#10;        at java.base@21.0.7/java.util.concurrent.LinkedBlockingQueue.poll(LinkedBlockingQueue.java:460)&#10;        at app//org.apache.hadoop.ipc.CallQueueManager.take(CallQueueManager.java:370)&#10;        at app//org.apache.hadoop.ipc.Server$Handler.run(Server.java:3165)&#10;&quot;pool-119-thread-1&quot; daemon prio=5 tid=809 timed_waiting&#10;java.lang.Thread.State: TIMED_WAITING&#10;        at java.base@21.0.7/jdk.internal.misc.Unsafe.park(Native Method)&#10;        at java.base@21.0.7/java.util.concurrent.locks.LockSupport.parkNanos(LockSupport.java:269)&#10;        at java.base@21.0.7/java.util.concurrent.locks.AbstractQueuedSynchronizer$ConditionObject.awaitNanos(AbstractQueuedSynchronizer.java:1763)&#10;        at java.base@21.0.7/java.util.concurrent.ScheduledThreadPoolExecutor$DelayedWorkQueue.take(ScheduledThreadPoolExecutor.java:1182)&#10;        at java.base@21.0.7/java.util.concurrent.ScheduledThreadPoolExecutor$DelayedWorkQueue.take(ScheduledThreadPoolExecutor.java:899)&#10;        at java.base@21.0.7/java.util.concurrent.ThreadPoolExecutor.getTask(ThreadPoolExecutor.java:1070)&#10;        at java.base@21.0.7/java.util.concurrent.ThreadPoolExecutor.runWorker(ThreadPoolExecutor.java:1130)&#10;        at java.base@21.0.7/java.util.concurrent.ThreadPoolExecutor$Worker.run(ThreadPoolExecutor.java:642)&#10;        at java.base@21.0.7/java.lang.Thread.runWith(Thread.java:1596)&#10;        at java.base@21.0.7/java.lang.Thread.run(Thread.java:1583)&#10;&quot;78b7fabf-ca2a-4b70-8534-e46926e2083c-DatanodeStateMachineTaskThread-1&quot;  prio=5 tid=842 in Object.wait()&#10;java.lang.Thread.State: WAITING (on object monitor)&#10;        at java.base@21.0.7/jdk.internal.misc.Unsafe.park(Native Method)&#10;        at java.base@21.0.7/java.util.concurrent.locks.LockSupport.park(LockSupport.java:371)&#10;        at java.base@21.0.7/java.util.concurrent.locks.AbstractQueuedSynchronizer$ConditionNode.block(AbstractQueuedSynchronizer.java:519)&#10;        at java.base@21.0.7/java.util.concurrent.ForkJoinPool.unmanagedBlock(ForkJoinPool.java:3780)&#10;        at java.base@21.0.7/java.util.concurrent.ForkJoinPool.managedBlock(ForkJoinPool.java:3725)&#10;        at java.base@21.0.7/java.util.concurrent.locks.AbstractQueuedSynchronizer$ConditionObject.await(AbstractQueuedSynchronizer.java:1712)&#10;        at java.base@21.0.7/java.util.concurrent.LinkedBlockingQueue.take(LinkedBlockingQueue.java:435)&#10;        at java.base@21.0.7/java.util.concurrent.ThreadPoolExecutor.getTask(ThreadPoolExecutor.java:1070)&#10;        at java.base@21.0.7/java.util.concurrent.ThreadPoolExecutor.runWorker(ThreadPoolExecutor.java:1130)&#10;        at java.base@21.0.7/java.util.concurrent.ThreadPoolExecutor$Worker.run(ThreadPoolExecutor.java:642)&#10;        at java.base@21.0.7/java.lang.Thread.runWith(Thread.java:1596)&#10;        at java.base@21.0.7/java.lang.Thread.run(Thread.java:1583)&#10;&quot;SnapshotCacheCleanupService&quot; daemon prio=5 tid=448 timed_waiting&#10;java.lang.Thread.State: TIMED_WAITING&#10;        at java.base@21.0.7/jdk.internal.misc.Unsafe.park(Native Method)&#10;        at java.base@21.0.7/java.util.concurrent.locks.LockSupport.parkNanos(LockSupport.java:269)&#10;        at java.base@21.0.7/java.util.concurrent.locks.AbstractQueuedSynchronizer$ConditionObject.awaitNanos(AbstractQueuedSynchronizer.java:1763)&#10;        at java.base@21.0.7/java.util.concurrent.ScheduledThreadPoolExecutor$DelayedWorkQueue.take(ScheduledThreadPoolExecutor.java:1182)&#10;        at java.base@21.0.7/java.util.concurrent.ScheduledThreadPoolExecutor$DelayedWorkQueue.take(ScheduledThreadPoolExecutor.java:899)&#10;        at java.base@21.0.7/java.util.concurrent.ThreadPoolExecutor.getTask(ThreadPoolExecutor.java:1070)&#10;        at java.base@21.0.7/java.util.concurrent.ThreadPoolExecutor.runWorker(ThreadPoolExecutor.java:1130)&#10;        at java.base@21.0.7/java.util.concurrent.ThreadPoolExecutor$Worker.run(ThreadPoolExecutor.java:642)&#10;        at java.base@21.0.7/java.lang.Thread.runWith(Thread.java:1596)&#10;        at java.base@21.0.7/java.lang.Thread.run(Thread.java:1583)&#10;&quot;IPC Server handler 7 on default port 15027&quot; daemon prio=5 tid=660 timed_waiting&#10;java.lang.Thread.State: TIMED_WAITING&#10;        at java.base@21.0.7/jdk.internal.misc.Unsafe.park(Native Method)&#10;        at java.base@21.0.7/java.util.concurrent.locks.LockSupport.parkNanos(LockSupport.java:269)&#10;        at java.base@21.0.7/java.util.concurrent.locks.AbstractQueuedSynchronizer$ConditionObject.awaitNanos(AbstractQueuedSynchronizer.java:1763)&#10;        at java.base@21.0.7/java.util.concurrent.LinkedBlockingQueue.poll(LinkedBlockingQueue.java:460)&#10;        at app//org.apache.hadoop.ipc.CallQueueManager.take(CallQueueManager.java:370)&#10;        at app//org.apache.hadoop.ipc.Server$Handler.run(Server.java:3165)&#10;&quot;org.apache.hadoop.ozone.container.common.statemachine.commandhandler.DeleteBlocksCommandHandler$DeleteCmdWorker@6169de0c&quot; daemon prio=5 tid=576 timed_waiting&#10;java.lang.Thread.State: TIMED_WAITING&#10;        at java.base@21.0.7/java.lang.Thread.sleep0(Native Method)&#10;        at java.base@21.0.7/java.lang.Thread.sleep(Thread.java:509)&#10;        at app//org.apache.hadoop.ozone.container.common.statemachine.commandhandler.DeleteBlocksCommandHandler$DeleteCmdWorker.run(DeleteBlocksCommandHandler.java:260)&#10;        at java.base@21.0.7/java.lang.Thread.runWith(Thread.java:1596)&#10;        at java.base@21.0.7/java.lang.Thread.run(Thread.java:1583)&#10;&quot;IPC Server idle connection scanner for port 15043&quot; daemon prio=5 tid=785 timed_waiting&#10;java.lang.Thread.State: TIMED_WAITING&#10;        at java.base@21.0.7/java.lang.Object.wait0(Native Method)&#10;        at java.base@21.0.7/java.lang.Object.wait(Object.java:366)&#10;        at java.base@21.0.7/java.util.TimerThread.mainLoop(Timer.java:563)&#10;        at java.base@21.0.7/java.util.TimerThread.run(Timer.java:516)&#10;&quot;IPC Server handler 11 on default port 15001&quot; daemon prio=5 tid=237 timed_waiting&#10;java.lang.Thread.State: TIMED_WAITING&#10;        at java.base@21.0.7/jdk.internal.misc.Unsafe.park(Native Method)&#10;        at java.base@21.0.7/java.util.concurrent.locks.LockSupport.parkNanos(LockSupport.java:269)&#10;        at java.base@21.0.7/java.util.concurrent.locks.AbstractQueuedSynchronizer$ConditionObject.awaitNanos(AbstractQueuedSynchronizer.java:1763)&#10;        at java.base@21.0.7/java.util.concurrent.LinkedBlockingQueue.poll(LinkedBlockingQueue.java:460)&#10;        at app//org.apache.hadoop.ipc.CallQueueManager.take(CallQueueManager.java:370)&#10;        at app//org.apache.hadoop.ipc.Server$Handler.run(Server.java:3165)&#10;&quot;qtp256443308-498-acceptor-0@79d1372e-ServerConnector@6e886e25{HTTP/1.1, (http/1.1)}{0.0.0.0:15007}&quot; daemon prio=3 tid=498 runnable&#10;java.lang.Thread.State: RUNNABLE&#10;        at java.base@21.0.7/sun.nio.ch.Net.accept(Native Method)&#10;        at java.base@21.0.7/sun.nio.ch.ServerSocketChannelImpl.implAccept(ServerSocketChannelImpl.java:433)&#10;        at java.base@21.0.7/sun.nio.ch.ServerSocketChannelImpl.accept(ServerSocketChannelImpl.java:399)&#10;        at app//org.eclipse.jetty.server.ServerConnector.accept(ServerConnector.java:388)&#10;        at app//org.eclipse.jetty.server.AbstractConnector$Acceptor.run(AbstractConnector.java:704)&#10;        at app//org.eclipse.jetty.util.thread.QueuedThreadPool.runJob(QueuedThreadPool.java:883)&#10;        at app//org.eclipse.jetty.util.thread.QueuedThreadPool$Runner.run(QueuedThreadPool.java:1034)&#10;        at java.base@21.0.7/java.lang.Thread.runWith(Thread.java:1596)&#10;        at java.base@21.0.7/java.lang.Thread.run(Thread.java:1583)&#10;&quot;IPC Server handler 98 on default port 15002&quot; daemon prio=5 tid=442 timed_waiting&#10;java.lang.Thread.State: TIMED_WAITING&#10;        at java.base@21.0.7/jdk.internal.misc.Unsafe.park(Native Method)&#10;        at java.base@21.0.7/java.util.concurrent.locks.LockSupport.parkNanos(LockSupport.java:269)&#10;        at java.base@21.0.7/java.util.concurrent.locks.AbstractQueuedSynchronizer$ConditionObject.awaitNanos(AbstractQueuedSynchronizer.java:1763)&#10;        at java.base@21.0.7/java.util.concurrent.LinkedBlockingQueue.poll(LinkedBlockingQueue.java:460)&#10;        at app//org.apache.hadoop.ipc.CallQueueManager.take(CallQueueManager.java:370)&#10;        at app//org.apache.hadoop.ipc.Server$Handler.run(Server.java:3165)&#10;&quot;2b1bfca1-1fdc-4b0a-9b4d-c21112718afa-EndpointStateMachineTaskThread-/0.0.0.0:15002-0 &quot;  prio=5 tid=823 in Object.wait()&#10;java.lang.Thread.State: WAITING (on object monitor)&#10;        at java.base@21.0.7/jdk.internal.misc.Unsafe.park(Native Method)&#10;        at java.base@21.0.7/java.util.concurrent.locks.LockSupport.park(LockSupport.java:371)&#10;        at java.base@21.0.7/java.util.concurrent.locks.AbstractQueuedSynchronizer$ConditionNode.block(AbstractQueuedSynchronizer.java:519)&#10;        at java.base@21.0.7/java.util.concurrent.ForkJoinPool.unmanagedBlock(ForkJoinPool.java:3780)&#10;        at java.base@21.0.7/java.util.concurrent.ForkJoinPool.managedBlock(ForkJoinPool.java:3725)&#10;        at java.base@21.0.7/java.util.concurrent.locks.AbstractQueuedSynchronizer$ConditionObject.await(AbstractQueuedSynchronizer.java:1712)&#10;        at java.base@21.0.7/java.util.concurrent.LinkedBlockingQueue.take(LinkedBlockingQueue.java:435)&#10;        at java.base@21.0.7/java.util.concurrent.ThreadPoolExecutor.getTask(ThreadPoolExecutor.java:1070)&#10;        at java.base@21.0.7/java.util.concurrent.ThreadPoolExecutor.runWorker(ThreadPoolExecutor.java:1130)&#10;        at java.base@21.0.7/java.util.concurrent.ThreadPoolExecutor$Worker.run(ThreadPoolExecutor.java:642)&#10;        at java.base@21.0.7/java.lang.Thread.runWith(Thread.java:1596)&#10;        at java.base@21.0.7/java.lang.Thread.run(Thread.java:1583)&#10;&quot;FixedThreadPoolWithAffinityExecutor-3-0&quot; daemon prio=5 tid=111 timed_waiting&#10;java.lang.Thread.State: TIMED_WAITING&#10;        at java.base@21.0.7/jdk.internal.misc.Unsafe.park(Native Method)&#10;        at java.base@21.0.7/java.util.concurrent.locks.LockSupport.parkNanos(LockSupport.java:269)&#10;        at java.base@21.0.7/java.util.concurrent.locks.AbstractQueuedSynchronizer$ConditionObject.awaitNanos(AbstractQueuedSynchronizer.java:1763)&#10;        at java.base@21.0.7/java.util.concurrent.LinkedBlockingQueue.poll(LinkedBlockingQueue.java:460)&#10;        at app//org.apache.hadoop.hdds.scm.server.ContainerReportQueue.poll(ContainerReportQueue.java:269)&#10;        at app//org.apache.hadoop.hdds.scm.server.ContainerReportQueue.poll(ContainerReportQueue.java:42)&#10;        at app//org.apache.hadoop.hdds.server.events.FixedThreadPoolWithAffinityExecutor$ContainerReportProcessTask.run(FixedThreadPoolWithAffinityExecutor.java:228)&#10;        at java.base@21.0.7/java.util.concurrent.Executors$RunnableAdapter.call(Executors.java:572)&#10;        at java.base@21.0.7/java.util.concurrent.FutureTask.run(FutureTask.java:317)&#10;        at java.base@21.0.7/java.util.concurrent.ThreadPoolExecutor.runWorker(ThreadPoolExecutor.java:1144)&#10;        at java.base@21.0.7/java.util.concurrent.ThreadPoolExecutor$Worker.run(ThreadPoolExecutor.java:642)&#10;        at java.base@21.0.7/java.lang.Thread.runWith(Thread.java:1596)&#10;        at java.base@21.0.7/java.lang.Thread.run(Thread.java:1583)&#10;&quot;IPC Server handler 94 on default port 15002&quot; daemon prio=5 tid=438 timed_waiting&#10;java.lang.Thread.State: TIMED_WAITING&#10;        at java.base@21.0.7/jdk.internal.misc.Unsafe.park(Native Method)&#10;        at java.base@21.0.7/java.util.concurrent.locks.LockSupport.parkNanos(LockSupport.java:269)&#10;        at java.base@21.0.7/java.util.concurrent.locks.AbstractQueuedSynchronizer$ConditionObject.awaitNanos(AbstractQueuedSynchronizer.java:1763)&#10;        at java.base@21.0.7/java.util.concurrent.LinkedBlockingQueue.poll(LinkedBlockingQueue.java:460)&#10;        at app//org.apache.hadoop.ipc.CallQueueManager.take(CallQueueManager.java:370)&#10;        at app//org.apache.hadoop.ipc.Server$Handler.run(Server.java:3165)&#10;&quot;qtp256443308-496&quot; daemon prio=5 tid=496 runnable&#10;java.lang.Thread.State: RUNNABLE&#10;        at java.base@21.0.7/sun.nio.ch.EPoll.wait(Native Method)&#10;        at java.base@21.0.7/sun.nio.ch.EPollSelectorImpl.doSelect(EPollSelectorImpl.java:121)&#10;        at java.base@21.0.7/sun.nio.ch.SelectorImpl.lockAndDoSelect(SelectorImpl.java:130)&#10;        at java.base@21.0.7/sun.nio.ch.SelectorImpl.select(SelectorImpl.java:147)&#10;        at app//org.eclipse.jetty.io.ManagedSelector.nioSelect(ManagedSelector.java:183)&#10;        at app//org.eclipse.jetty.io.ManagedSelector.select(ManagedSelector.java:190)&#10;        at app//org.eclipse.jetty.io.ManagedSelector$SelectorProducer.select(ManagedSelector.java:606)&#10;        at app//org.eclipse.jetty.io.ManagedSelector$SelectorProducer.produce(ManagedSelector.java:543)&#10;        at app//org.eclipse.jetty.util.thread.strategy.EatWhatYouKill.produceTask(EatWhatYouKill.java:362)&#10;        at app//org.eclipse.jetty.util.thread.strategy.EatWhatYouKill.doProduce(EatWhatYouKill.java:186)&#10;        at app//org.eclipse.jetty.util.thread.strategy.EatWhatYouKill.tryProduce(EatWhatYouKill.java:173)&#10;        at app//org.eclipse.jetty.util.thread.strategy.EatWhatYouKill.produce(EatWhatYouKill.java:137)&#10;        at app//org.eclipse.jetty.io.ManagedSelector$$Lambda/0x00007fe9046a5948.run(Unknown Source)&#10;        at app//org.eclipse.jetty.util.thread.QueuedThreadPool.runJob(QueuedThreadPool.java:883)&#10;        at app//org.eclipse.jetty.util.thread.QueuedThreadPool$Runner.run(QueuedThreadPool.java:1034)&#10;        at java.base@21.0.7/java.lang.Thread.runWith(Thread.java:1596)&#10;        at java.base@21.0.7/java.lang.Thread.run(Thread.java:1583)&#10;&quot;IPC Server handler 6 on default port 15019&quot; daemon prio=5 tid=607 timed_waiting&#10;java.lang.Thread.State: TIMED_WAITING&#10;        at java.base@21.0.7/jdk.internal.misc.Unsafe.park(Native Method)&#10;        at java.base@21.0.7/java.util.concurrent.locks.LockSupport.parkNanos(LockSupport.java:269)&#10;        at java.base@21.0.7/java.util.concurrent.locks.AbstractQueuedSynchronizer$ConditionObject.awaitNanos(AbstractQueuedSynchronizer.java:1763)&#10;        at java.base@21.0.7/java.util.concurrent.LinkedBlockingQueue.poll(LinkedBlockingQueue.java:460)&#10;        at app//org.apache.hadoop.ipc.CallQueueManager.take(CallQueueManager.java:370)&#10;        at app//org.apache.hadoop.ipc.Server$Handler.run(Server.java:3165)&#10;&quot;IPC Server handler 6 on default port 15001&quot; daemon prio=5 tid=232 timed_waiting&#10;java.lang.Thread.State: TIMED_WAITING&#10;        at java.base@21.0.7/jdk.internal.misc.Unsafe.park(Native Method)&#10;        at java.base@21.0.7/java.util.concurrent.locks.LockSupport.parkNanos(LockSupport.java:269)&#10;        at java.base@21.0.7/java.util.concurrent.locks.AbstractQueuedSynchronizer$ConditionObject.awaitNanos(AbstractQueuedSynchronizer.java:1763)&#10;        at java.base@21.0.7/java.util.concurrent.LinkedBlockingQueue.poll(LinkedBlockingQueue.java:460)&#10;        at app//org.apache.hadoop.ipc.CallQueueManager.take(CallQueueManager.java:370)&#10;        at app//org.apache.hadoop.ipc.Server$Handler.run(Server.java:3165)&#10;&quot;IPC Server handler 53 on default port 15001&quot; daemon prio=5 tid=279 timed_waiting&#10;java.lang.Thread.State: TIMED_WAITING&#10;        at java.base@21.0.7/jdk.internal.misc.Unsafe.park(Native Method)&#10;        at java.base@21.0.7/java.util.concurrent.locks.LockSupport.parkNanos(LockSupport.java:269)&#10;        at java.base@21.0.7/java.util.concurrent.locks.AbstractQueuedSynchronizer$ConditionObject.awaitNanos(AbstractQueuedSynchronizer.java:1763)&#10;        at java.base@21.0.7/java.util.concurrent.LinkedBlockingQueue.poll(LinkedBlockingQueue.java:460)&#10;        at app//org.apache.hadoop.ipc.CallQueueManager.take(CallQueueManager.java:370)&#10;        at app//org.apache.hadoop.ipc.Server$Handler.run(Server.java:3165)&#10;&quot;IPC Server handler 34 on default port 15001&quot; daemon prio=5 tid=260 timed_waiting&#10;java.lang.Thread.State: TIMED_WAITING&#10;        at java.base@21.0.7/jdk.internal.misc.Unsafe.park(Native Method)&#10;        at java.base@21.0.7/java.util.concurrent.locks.LockSupport.parkNanos(LockSupport.java:269)&#10;        at java.base@21.0.7/java.util.concurrent.locks.AbstractQueuedSynchronizer$ConditionObject.awaitNanos(AbstractQueuedSynchronizer.java:1763)&#10;        at java.base@21.0.7/java.util.concurrent.LinkedBlockingQueue.poll(LinkedBlockingQueue.java:460)&#10;        at app//org.apache.hadoop.ipc.CallQueueManager.take(CallQueueManager.java:370)&#10;        at app//org.apache.hadoop.ipc.Server$Handler.run(Server.java:3165)&#10;&quot;IPC Server handler 9 on default port 15019&quot; daemon prio=5 tid=610 timed_waiting&#10;java.lang.Thread.State: TIMED_WAITING&#10;        at java.base@21.0.7/jdk.internal.misc.Unsafe.park(Native Method)&#10;        at java.base@21.0.7/java.util.concurrent.locks.LockSupport.parkNanos(LockSupport.java:269)&#10;        at java.base@21.0.7/java.util.concurrent.locks.AbstractQueuedSynchronizer$ConditionObject.awaitNanos(AbstractQueuedSynchronizer.java:1763)&#10;        at java.base@21.0.7/java.util.concurrent.LinkedBlockingQueue.poll(LinkedBlockingQueue.java:460)&#10;        at app//org.apache.hadoop.ipc.CallQueueManager.take(CallQueueManager.java:370)&#10;        at app//org.apache.hadoop.ipc.Server$Handler.run(Server.java:3165)&#10;&quot;EventQueue-PipelineReportForPipelineReportHandler&quot; daemon prio=5 tid=768 in Object.wait()&#10;java.lang.Thread.State: WAITING (on object monitor)&#10;        at java.base@21.0.7/jdk.internal.misc.Unsafe.park(Native Method)&#10;        at java.base@21.0.7/java.util.concurrent.locks.LockSupport.park(LockSupport.java:371)&#10;        at java.base@21.0.7/java.util.concurrent.locks.AbstractQueuedSynchronizer$ConditionNode.block(AbstractQueuedSynchronizer.java:519)&#10;        at java.base@21.0.7/java.util.concurrent.ForkJoinPool.unmanagedBlock(ForkJoinPool.java:3780)&#10;        at java.base@21.0.7/java.util.concurrent.ForkJoinPool.managedBlock(ForkJoinPool.java:3725)&#10;        at java.base@21.0.7/java.util.concurrent.locks.AbstractQueuedSynchronizer$ConditionObject.await(AbstractQueuedSynchronizer.java:1712)&#10;        at java.base@21.0.7/java.util.concurrent.LinkedBlockingQueue.take(LinkedBlockingQueue.java:435)&#10;        at java.base@21.0.7/java.util.concurrent.ThreadPoolExecutor.getTask(ThreadPoolExecutor.java:1070)&#10;        at java.base@21.0.7/java.util.concurrent.ThreadPoolExecutor.runWorker(ThreadPoolExecutor.java:1130)&#10;        at java.base@21.0.7/java.util.concurrent.ThreadPoolExecutor$Worker.run(ThreadPoolExecutor.java:642)&#10;        at java.base@21.0.7/java.lang.Thread.runWith(Thread.java:1596)&#10;        at java.base@21.0.7/java.lang.Thread.run(Thread.java:1583)&#10;&quot;IPC Server listener on 15002&quot; daemon prio=5 tid=66 runnable&#10;java.lang.Thread.State: RUNNABLE&#10;        at java.base@21.0.7/sun.nio.ch.EPoll.wait(Native Method)&#10;        at java.base@21.0.7/sun.nio.ch.EPollSelectorImpl.doSelect(EPollSelectorImpl.java:121)&#10;        at java.base@21.0.7/sun.nio.ch.SelectorImpl.lockAndDoSelect(SelectorImpl.java:130)&#10;        at java.base@21.0.7/sun.nio.ch.SelectorImpl.select(SelectorImpl.java:147)&#10;        at app//org.apache.hadoop.ipc.Server$Listener.run(Server.java:1559)&#10;&quot;IPC Server handler 96 on default port 15002&quot; daemon prio=5 tid=440 timed_waiting&#10;java.lang.Thread.State: TIMED_WAITING&#10;        at java.base@21.0.7/jdk.internal.misc.Unsafe.park(Native Method)&#10;        at java.base@21.0.7/java.util.concurrent.locks.LockSupport.parkNanos(LockSupport.java:269)&#10;        at java.base@21.0.7/java.util.concurrent.locks.AbstractQueuedSynchronizer$ConditionObject.awaitNanos(AbstractQueuedSynchronizer.java:1763)&#10;        at java.base@21.0.7/java.util.concurrent.LinkedBlockingQueue.poll(LinkedBlockingQueue.java:460)&#10;        at app//org.apache.hadoop.ipc.CallQueueManager.take(CallQueueManager.java:370)&#10;        at app//org.apache.hadoop.ipc.Server$Handler.run(Server.java:3165)&#10;&quot;Socket Reader #2 for port 15043&quot;  prio=5 tid=776 runnable&#10;java.lang.Thread.State: RUNNABLE&#10;        at java.base@21.0.7/sun.nio.ch.EPoll.wait(Native Method)&#10;        at java.base@21.0.7/sun.nio.ch.EPollSelectorImpl.doSelect(EPollSelectorImpl.java:121)&#10;        at java.base@21.0.7/sun.nio.ch.SelectorImpl.lockAndDoSelect(SelectorImpl.java:130)&#10;        at java.base@21.0.7/sun.nio.ch.SelectorImpl.select(SelectorImpl.java:147)&#10;        at app//org.apache.hadoop.ipc.Server$Listener$Reader.doRunLoop(Server.java:1497)&#10;        at app//org.apache.hadoop.ipc.Server$Listener$Reader.run(Server.java:1476)&#10;&quot;IPC Server handler 83 on default port 15000&quot; daemon prio=5 tid=209 timed_waiting&#10;java.lang.Thread.State: TIMED_WAITING&#10;        at java.base@21.0.7/jdk.internal.misc.Unsafe.park(Native Method)&#10;        at java.base@21.0.7/java.util.concurrent.locks.LockSupport.parkNanos(LockSupport.java:269)&#10;        at java.base@21.0.7/java.util.concurrent.locks.AbstractQueuedSynchronizer$ConditionObject.awaitNanos(AbstractQueuedSynchronizer.java:1763)&#10;        at java.base@21.0.7/java.util.concurrent.LinkedBlockingQueue.poll(LinkedBlockingQueue.java:460)&#10;        at app//org.apache.hadoop.ipc.CallQueueManager.take(CallQueueManager.java:370)&#10;        at app//org.apache.hadoop.ipc.Server$Handler.run(Server.java:3165)&#10;&quot;IPC Server handler 38 on default port 15002&quot; daemon prio=5 tid=382 timed_waiting&#10;java.lang.Thread.State: TIMED_WAITING&#10;        at java.base@21.0.7/jdk.internal.misc.Unsafe.park(Native Method)&#10;        at java.base@21.0.7/java.util.concurrent.locks.LockSupport.parkNanos(LockSupport.java:269)&#10;        at java.base@21.0.7/java.util.concurrent.locks.AbstractQueuedSynchronizer$ConditionObject.awaitNanos(AbstractQueuedSynchronizer.java:1763)&#10;        at java.base@21.0.7/java.util.concurrent.LinkedBlockingQueue.poll(LinkedBlockingQueue.java:460)&#10;        at app//org.apache.hadoop.ipc.CallQueueManager.take(CallQueueManager.java:370)&#10;        at app//org.apache.hadoop.ipc.Server$Handler.run(Server.java:3165)&#10;&quot;IPC Server handler 41 on default port 15001&quot; daemon prio=5 tid=267 timed_waiting&#10;java.lang.Thread.State: TIMED_WAITING&#10;        at java.base@21.0.7/jdk.internal.misc.Unsafe.park(Native Method)&#10;        at java.base@21.0.7/java.util.concurrent.locks.LockSupport.parkNanos(LockSupport.java:269)&#10;        at java.base@21.0.7/java.util.concurrent.locks.AbstractQueuedSynchronizer$ConditionObject.awaitNanos(AbstractQueuedSynchronizer.java:1763)&#10;        at java.base@21.0.7/java.util.concurrent.LinkedBlockingQueue.poll(LinkedBlockingQueue.java:460)&#10;        at app//org.apache.hadoop.ipc.CallQueueManager.take(CallQueueManager.java:370)&#10;        at app//org.apache.hadoop.ipc.Server$Handler.run(Server.java:3165)&#10;&quot;qtp1044130468-580-acceptor-0@1d521f3c-ServerConnector@1c9e9bfb{HTTP/1.1, (http/1.1)}{0.0.0.0:15018}&quot; daemon prio=3 tid=580 runnable&#10;java.lang.Thread.State: RUNNABLE&#10;        at java.base@21.0.7/sun.nio.ch.Net.accept(Native Method)&#10;        at java.base@21.0.7/sun.nio.ch.ServerSocketChannelImpl.implAccept(ServerSocketChannelImpl.java:433)&#10;        at java.base@21.0.7/sun.nio.ch.ServerSocketChannelImpl.accept(ServerSocketChannelImpl.java:399)&#10;        at app//org.eclipse.jetty.server.ServerConnector.accept(ServerConnector.java:388)&#10;        at app//org.eclipse.jetty.server.AbstractConnector$Acceptor.run(AbstractConnector.java:704)&#10;        at app//org.eclipse.jetty.util.thread.QueuedThreadPool.runJob(QueuedThreadPool.java:883)&#10;        at app//org.eclipse.jetty.util.thread.QueuedThreadPool$Runner.run(QueuedThreadPool.java:1034)&#10;        at java.base@21.0.7/java.lang.Thread.runWith(Thread.java:1596)&#10;        at java.base@21.0.7/java.lang.Thread.run(Thread.java:1583)&#10;&quot;SCMHATransactionMonitor&quot; daemon prio=5 tid=124 timed_waiting&#10;java.lang.Thread.State: TIMED_WAITING&#10;        at java.base@21.0.7/java.lang.Object.wait0(Native Method)&#10;        at java.base@21.0.7/java.lang.Object.wait(Object.java:366)&#10;        at app//org.apache.hadoop.hdds.scm.ha.BackgroundSCMService.run(BackgroundSCMService.java:106)&#10;        at app//org.apache.hadoop.hdds.scm.ha.BackgroundSCMService$$Lambda/0x00007fe904502d28.run(Unknown Source)&#10;        at java.base@21.0.7/java.lang.Thread.runWith(Thread.java:1596)&#10;        at java.base@21.0.7/java.lang.Thread.run(Thread.java:1583)&#10;&quot;IPC Server handler 38 on default port 15001&quot; daemon prio=5 tid=264 timed_waiting&#10;java.lang.Thread.State: TIMED_WAITING&#10;        at java.base@21.0.7/jdk.internal.misc.Unsafe.park(Native Method)&#10;        at java.base@21.0.7/java.util.concurrent.locks.LockSupport.parkNanos(LockSupport.java:269)&#10;        at java.base@21.0.7/java.util.concurrent.locks.AbstractQueuedSynchronizer$ConditionObject.awaitNanos(AbstractQueuedSynchronizer.java:1763)&#10;        at java.base@21.0.7/java.util.concurrent.LinkedBlockingQueue.poll(LinkedBlockingQueue.java:460)&#10;        at app//org.apache.hadoop.ipc.CallQueueManager.take(CallQueueManager.java:370)&#10;        at app//org.apache.hadoop.ipc.Server$Handler.run(Server.java:3165)&#10;&quot;IPC Server handler 48 on default port 15002&quot; daemon prio=5 tid=392 timed_waiting&#10;java.lang.Thread.State: TIMED_WAITING&#10;        at java.base@21.0.7/jdk.internal.misc.Unsafe.park(Native Method)&#10;        at java.base@21.0.7/java.util.concurrent.locks.LockSupport.parkNanos(LockSupport.java:269)&#10;        at java.base@21.0.7/java.util.concurrent.locks.AbstractQueuedSynchronizer$ConditionObject.awaitNanos(AbstractQueuedSynchronizer.java:1763)&#10;        at java.base@21.0.7/java.util.concurrent.LinkedBlockingQueue.poll(LinkedBlockingQueue.java:460)&#10;        at app//org.apache.hadoop.ipc.CallQueueManager.take(CallQueueManager.java:370)&#10;        at app//org.apache.hadoop.ipc.Server$Handler.run(Server.java:3165)&#10;&quot;IPC Server handler 13 on default port 15000&quot; daemon prio=5 tid=139 timed_waiting&#10;java.lang.Thread.State: TIMED_WAITING&#10;        at java.base@21.0.7/jdk.internal.misc.Unsafe.park(Native Method)&#10;        at java.base@21.0.7/java.util.concurrent.locks.LockSupport.parkNanos(LockSupport.java:269)&#10;        at java.base@21.0.7/java.util.concurrent.locks.AbstractQueuedSynchronizer$ConditionObject.awaitNanos(AbstractQueuedSynchronizer.java:1763)&#10;        at java.base@21.0.7/java.util.concurrent.LinkedBlockingQueue.poll(LinkedBlockingQueue.java:460)&#10;        at app//org.apache.hadoop.ipc.CallQueueManager.take(CallQueueManager.java:370)&#10;        at app//org.apache.hadoop.ipc.Server$Handler.run(Server.java:3165)&#10;&quot;Socket Reader #10 for port 15027&quot;  prio=5 tid=649 runnable&#10;java.lang.Thread.State: RUNNABLE&#10;        at java.base@21.0.7/sun.nio.ch.EPoll.wait(Native Method)&#10;        at java.base@21.0.7/sun.nio.ch.EPollSelectorImpl.doSelect(EPollSelectorImpl.java:121)&#10;        at java.base@21.0.7/sun.nio.ch.SelectorImpl.lockAndDoSelect(SelectorImpl.java:130)&#10;        at java.base@21.0.7/sun.nio.ch.SelectorImpl.select(SelectorImpl.java:147)&#10;        at app//org.apache.hadoop.ipc.Server$Listener$Reader.doRunLoop(Server.java:1497)&#10;        at app//org.apache.hadoop.ipc.Server$Listener$Reader.run(Server.java:1476)&#10;&quot;IPC Server handler 49 on default port 15000&quot; daemon prio=5 tid=175 timed_waiting&#10;java.lang.Thread.State: TIMED_WAITING&#10;        at java.base@21.0.7/jdk.internal.misc.Unsafe.park(Native Method)&#10;        at java.base@21.0.7/java.util.concurrent.locks.LockSupport.parkNanos(LockSupport.java:269)&#10;        at java.base@21.0.7/java.util.concurrent.locks.AbstractQueuedSynchronizer$ConditionObject.awaitNanos(AbstractQueuedSynchronizer.java:1763)&#10;        at java.base@21.0.7/java.util.concurrent.LinkedBlockingQueue.poll(LinkedBlockingQueue.java:460)&#10;        at app//org.apache.hadoop.ipc.CallQueueManager.take(CallQueueManager.java:370)&#10;        at app//org.apache.hadoop.ipc.Server$Handler.run(Server.java:3165)&#10;&quot;IPC Server handler 71 on default port 15000&quot; daemon prio=5 tid=197 timed_waiting&#10;java.lang.Thread.State: TIMED_WAITING&#10;        at java.base@21.0.7/jdk.internal.misc.Unsafe.park(Native Method)&#10;        at java.base@21.0.7/java.util.concurrent.locks.LockSupport.parkNanos(LockSupport.java:269)&#10;        at java.base@21.0.7/java.util.concurrent.locks.AbstractQueuedSynchronizer$ConditionObject.awaitNanos(AbstractQueuedSynchronizer.java:1763)&#10;        at java.base@21.0.7/java.util.concurrent.LinkedBlockingQueue.poll(LinkedBlockingQueue.java:460)&#10;        at app//org.apache.hadoop.ipc.CallQueueManager.take(CallQueueManager.java:370)&#10;        at app//org.apache.hadoop.ipc.Server$Handler.run(Server.java:3165)&#10;&quot;dacc202e-cd42-4a7a-b335-fe62dff69130-RocksDBCompactionThread-0&quot;  prio=5 tid=619 timed_waiting&#10;java.lang.Thread.State: TIMED_WAITING&#10;        at java.base@21.0.7/jdk.internal.misc.Unsafe.park(Native Method)&#10;        at java.base@21.0.7/java.util.concurrent.locks.LockSupport.parkNanos(LockSupport.java:269)&#10;        at java.base@21.0.7/java.util.concurrent.locks.AbstractQueuedSynchronizer$ConditionObject.awaitNanos(AbstractQueuedSynchronizer.java:1763)&#10;        at java.base@21.0.7/java.util.concurrent.ScheduledThreadPoolExecutor$DelayedWorkQueue.take(ScheduledThreadPoolExecutor.java:1182)&#10;        at java.base@21.0.7/java.util.concurrent.ScheduledThreadPoolExecutor$DelayedWorkQueue.take(ScheduledThreadPoolExecutor.java:899)&#10;        at java.base@21.0.7/java.util.concurrent.ThreadPoolExecutor.getTask(ThreadPoolExecutor.java:1070)&#10;        at java.base@21.0.7/java.util.concurrent.ThreadPoolExecutor.runWorker(ThreadPoolExecutor.java:1130)&#10;        at java.base@21.0.7/java.util.concurrent.ThreadPoolExecutor$Worker.run(ThreadPoolExecutor.java:642)&#10;        at java.base@21.0.7/java.lang.Thread.runWith(Thread.java:1596)&#10;        at java.base@21.0.7/java.lang.Thread.run(Thread.java:1583)&#10;&quot;timer2&quot; daemon prio=5 tid=998 timed_waiting&#10;java.lang.Thread.State: TIMED_WAITING&#10;        at java.base@21.0.7/java.lang.Object.wait0(Native Method)&#10;        at java.base@21.0.7/java.lang.Object.wait(Object.java:366)&#10;        at java.base@21.0.7/java.util.TimerThread.mainLoop(Timer.java:563)&#10;        at java.base@21.0.7/java.util.TimerThread.run(Timer.java:516)&#10;&quot;qtp2014583896-336&quot; daemon prio=5 tid=336 timed_waiting&#10;java.lang.Thread.State: TIMED_WAITING&#10;        at java.base@21.0.7/jdk.internal.misc.Unsafe.park(Native Method)&#10;        at java.base@21.0.7/java.util.concurrent.locks.LockSupport.parkNanos(LockSupport.java:269)&#10;        at java.base@21.0.7/java.util.concurrent.locks.AbstractQueuedSynchronizer$ConditionObject.awaitNanos(AbstractQueuedSynchronizer.java:1763)&#10;        at app//org.eclipse.jetty.util.BlockingArrayQueue.poll(BlockingArrayQueue.java:382)&#10;        at app//org.eclipse.jetty.util.thread.QueuedThreadPool$Runner.idleJobPoll(QueuedThreadPool.java:974)&#10;        at app//org.eclipse.jetty.util.thread.QueuedThreadPool$Runner.run(QueuedThreadPool.java:1018)&#10;        at java.base@21.0.7/java.lang.Thread.runWith(Thread.java:1596)&#10;        at java.base@21.0.7/java.lang.Thread.run(Thread.java:1583)&#10;&quot;Socket Reader #7 for port 15043&quot;  prio=5 tid=781 runnable&#10;java.lang.Thread.State: RUNNABLE&#10;        at java.base@21.0.7/sun.nio.ch.EPoll.wait(Native Method)&#10;        at java.base@21.0.7/sun.nio.ch.EPollSelectorImpl.doSelect(EPollSelectorImpl.java:121)&#10;        at java.base@21.0.7/sun.nio.ch.SelectorImpl.lockAndDoSelect(SelectorImpl.java:130)&#10;        at java.base@21.0.7/sun.nio.ch.SelectorImpl.select(SelectorImpl.java:147)&#10;        at app//org.apache.hadoop.ipc.Server$Listener$Reader.doRunLoop(Server.java:1497)&#10;        at app//org.apache.hadoop.ipc.Server$Listener$Reader.run(Server.java:1476)&#10;&quot;2b1bfca1-1fdc-4b0a-9b4d-c21112718afa-BlockDeletingService#0&quot; daemon prio=5 tid=836 timed_waiting&#10;java.lang.Thread.State: TIMED_WAITING&#10;        at java.base@21.0.7/jdk.internal.misc.Unsafe.park(Native Method)&#10;        at java.base@21.0.7/java.util.concurrent.locks.LockSupport.parkNanos(LockSupport.java:269)&#10;        at java.base@21.0.7/java.util.concurrent.locks.AbstractQueuedSynchronizer$ConditionObject.awaitNanos(AbstractQueuedSynchronizer.java:1763)&#10;        at java.base@21.0.7/java.util.concurrent.ScheduledThreadPoolExecutor$DelayedWorkQueue.take(ScheduledThreadPoolExecutor.java:1182)&#10;        at java.base@21.0.7/java.util.concurrent.ScheduledThreadPoolExecutor$DelayedWorkQueue.take(ScheduledThreadPoolExecutor.java:899)&#10;        at java.base@21.0.7/java.util.concurrent.ThreadPoolExecutor.getTask(ThreadPoolExecutor.java:1070)&#10;        at java.base@21.0.7/java.util.concurrent.ThreadPoolExecutor.runWorker(ThreadPoolExecutor.java:1130)&#10;        at java.base@21.0.7/java.util.concurrent.ThreadPoolExecutor$Worker.run(ThreadPoolExecutor.java:642)&#10;        at java.base@21.0.7/java.lang.Thread.runWith(Thread.java:1596)&#10;        at java.base@21.0.7/java.lang.Thread.run(Thread.java:1583)&#10;&quot;Socket Reader #4 for port 15035&quot;  prio=5 tid=723 runnable&#10;java.lang.Thread.State: RUNNABLE&#10;        at java.base@21.0.7/sun.nio.ch.EPoll.wait(Native Method)&#10;        at java.base@21.0.7/sun.nio.ch.EPollSelectorImpl.doSelect(EPollSelectorImpl.java:121)&#10;        at java.base@21.0.7/sun.nio.ch.SelectorImpl.lockAndDoSelect(SelectorImpl.java:130)&#10;        at java.base@21.0.7/sun.nio.ch.SelectorImpl.select(SelectorImpl.java:147)&#10;        at app//org.apache.hadoop.ipc.Server$Listener$Reader.doRunLoop(Server.java:1497)&#10;        at app//org.apache.hadoop.ipc.Server$Listener$Reader.run(Server.java:1476)&#10;&quot;IPC Server handler 5 on default port 15006&quot; daemon prio=5 tid=510 timed_waiting&#10;java.lang.Thread.State: TIMED_WAITING&#10;        at java.base@21.0.7/jdk.internal.misc.Unsafe.park(Native Method)&#10;        at java.base@21.0.7/java.util.concurrent.locks.LockSupport.parkNanos(LockSupport.java:269)&#10;        at java.base@21.0.7/java.util.concurrent.locks.AbstractQueuedSynchronizer$ConditionObject.awaitNanos(AbstractQueuedSynchronizer.java:1763)&#10;        at java.base@21.0.7/java.util.concurrent.LinkedBlockingQueue.poll(LinkedBlockingQueue.java:460)&#10;        at app//org.apache.hadoop.ipc.CallQueueManager.take(CallQueueManager.java:370)&#10;        at app//org.apache.hadoop.ipc.Server$Handler.run(Server.java:3165)&#10;&quot;Hadoop-Metrics-Updater-0&quot; daemon prio=5 tid=79 timed_waiting&#10;java.lang.Thread.State: TIMED_WAITING&#10;        at java.base@21.0.7/jdk.internal.misc.Unsafe.park(Native Method)&#10;        at java.base@21.0.7/java.util.concurrent.locks.LockSupport.parkNanos(LockSupport.java:269)&#10;        at java.base@21.0.7/java.util.concurrent.locks.AbstractQueuedSynchronizer$ConditionObject.awaitNanos(AbstractQueuedSynchronizer.java:1763)&#10;        at java.base@21.0.7/java.util.concurrent.ScheduledThreadPoolExecutor$DelayedWorkQueue.take(ScheduledThreadPoolExecutor.java:1182)&#10;        at java.base@21.0.7/java.util.concurrent.ScheduledThreadPoolExecutor$DelayedWorkQueue.take(ScheduledThreadPoolExecutor.java:899)&#10;        at java.base@21.0.7/java.util.concurrent.ThreadPoolExecutor.getTask(ThreadPoolExecutor.java:1070)&#10;        at java.base@21.0.7/java.util.concurrent.ThreadPoolExecutor.runWorker(ThreadPoolExecutor.java:1130)&#10;        at java.base@21.0.7/java.util.concurrent.ThreadPoolExecutor$Worker.run(ThreadPoolExecutor.java:642)&#10;        at java.base@21.0.7/java.lang.Thread.runWith(Thread.java:1596)&#10;        at java.base@21.0.7/java.lang.Thread.run(Thread.java:1583)&#10;&quot;IPC Server handler 84 on default port 15000&quot; daemon prio=5 tid=210 timed_waiting&#10;java.lang.Thread.State: TIMED_WAITING&#10;        at java.base@21.0.7/jdk.internal.misc.Unsafe.park(Native Method)&#10;        at java.base@21.0.7/java.util.concurrent.locks.LockSupport.parkNanos(LockSupport.java:269)&#10;        at java.base@21.0.7/java.util.concurrent.locks.AbstractQueuedSynchronizer$ConditionObject.awaitNanos(AbstractQueuedSynchronizer.java:1763)&#10;        at java.base@21.0.7/java.util.concurrent.LinkedBlockingQueue.poll(LinkedBlockingQueue.java:460)&#10;        at app//org.apache.hadoop.ipc.CallQueueManager.take(CallQueueManager.java:370)&#10;        at app//org.apache.hadoop.ipc.Server$Handler.run(Server.java:3165)&#10;&quot;IPC Server handler 88 on default port 15002&quot; daemon prio=5 tid=432 timed_waiting&#10;java.lang.Thread.State: TIMED_WAITING&#10;        at java.base@21.0.7/jdk.internal.misc.Unsafe.park(Native Method)&#10;        at java.base@21.0.7/java.util.concurrent.locks.LockSupport.parkNanos(LockSupport.java:269)&#10;        at java.base@21.0.7/java.util.concurrent.locks.AbstractQueuedSynchronizer$ConditionObject.awaitNanos(AbstractQueuedSynchronizer.java:1763)&#10;        at java.base@21.0.7/java.util.concurrent.LinkedBlockingQueue.poll(LinkedBlockingQueue.java:460)&#10;        at app//org.apache.hadoop.ipc.CallQueueManager.take(CallQueueManager.java:370)&#10;        at app//org.apache.hadoop.ipc.Server$Handler.run(Server.java:3165)&#10;&quot;IPC Server Responder&quot; daemon prio=5 tid=786 runnable&#10;java.lang.Thread.State: RUNNABLE&#10;        at java.base@21.0.7/sun.nio.ch.EPoll.wait(Native Method)&#10;        at java.base@21.0.7/sun.nio.ch.EPollSelectorImpl.doSelect(EPollSelectorImpl.java:121)&#10;        at java.base@21.0.7/sun.nio.ch.SelectorImpl.lockAndDoSelect(SelectorImpl.java:130)&#10;        at java.base@21.0.7/sun.nio.ch.SelectorImpl.select(SelectorImpl.java:142)&#10;        at app//org.apache.hadoop.ipc.Server$Responder.doRunLoop(Server.java:1733)&#10;        at app//org.apache.hadoop.ipc.Server$Responder.run(Server.java:1716)&#10;&quot;IPC Server handler 61 on default port 15000&quot; daemon prio=5 tid=187 timed_waiting&#10;java.lang.Thread.State: TIMED_WAITING&#10;        at java.base@21.0.7/jdk.internal.misc.Unsafe.park(Native Method)&#10;        at java.base@21.0.7/java.util.concurrent.locks.LockSupport.parkNanos(LockSupport.java:269)&#10;        at java.base@21.0.7/java.util.concurrent.locks.AbstractQueuedSynchronizer$ConditionObject.awaitNanos(AbstractQueuedSynchronizer.java:1763)&#10;        at java.base@21.0.7/java.util.concurrent.LinkedBlockingQueue.poll(LinkedBlockingQueue.java:460)&#10;        at app//org.apache.hadoop.ipc.CallQueueManager.take(CallQueueManager.java:370)&#10;        at app//org.apache.hadoop.ipc.Server$Handler.run(Server.java:3165)&#10;&quot;IPC Server handler 76 on default port 15001&quot; daemon prio=5 tid=302 timed_waiting&#10;java.lang.Thread.State: TIMED_WAITING&#10;        at java.base@21.0.7/jdk.internal.misc.Unsafe.park(Native Method)&#10;        at java.base@21.0.7/java.util.concurrent.locks.LockSupport.parkNanos(LockSupport.java:269)&#10;        at java.base@21.0.7/java.util.concurrent.locks.AbstractQueuedSynchronizer$ConditionObject.awaitNanos(AbstractQueuedSynchronizer.java:1763)&#10;        at java.base@21.0.7/java.util.concurrent.LinkedBlockingQueue.poll(LinkedBlockingQueue.java:460)&#10;        at app//org.apache.hadoop.ipc.CallQueueManager.take(CallQueueManager.java:370)&#10;        at app//org.apache.hadoop.ipc.Server$Handler.run(Server.java:3165)&#10;&quot;Socket Reader #1 for port 15027&quot;  prio=5 tid=640 runnable&#10;java.lang.Thread.State: RUNNABLE&#10;        at java.base@21.0.7/sun.nio.ch.EPoll.wait(Native Method)&#10;        at java.base@21.0.7/sun.nio.ch.EPollSelectorImpl.doSelect(EPollSelectorImpl.java:121)&#10;        at java.base@21.0.7/sun.nio.ch.SelectorImpl.lockAndDoSelect(SelectorImpl.java:130)&#10;        at java.base@21.0.7/sun.nio.ch.SelectorImpl.select(SelectorImpl.java:147)&#10;        at app//org.apache.hadoop.ipc.Server$Listener$Reader.doRunLoop(Server.java:1497)&#10;        at app//org.apache.hadoop.ipc.Server$Listener$Reader.run(Server.java:1476)&#10;&quot;IPC Server handler 36 on default port 15001&quot; daemon prio=5 tid=262 timed_waiting&#10;java.lang.Thread.State: TIMED_WAITING&#10;        at java.base@21.0.7/jdk.internal.misc.Unsafe.park(Native Method)&#10;        at java.base@21.0.7/java.util.concurrent.locks.LockSupport.parkNanos(LockSupport.java:269)&#10;        at java.base@21.0.7/java.util.concurrent.locks.AbstractQueuedSynchronizer$ConditionObject.awaitNanos(AbstractQueuedSynchronizer.java:1763)&#10;        at java.base@21.0.7/java.util.concurrent.LinkedBlockingQueue.poll(LinkedBlockingQueue.java:460)&#10;        at app//org.apache.hadoop.ipc.CallQueueManager.take(CallQueueManager.java:370)&#10;        at app//org.apache.hadoop.ipc.Server$Handler.run(Server.java:3165)&#10;&quot;IPC Server handler 42 on default port 15002&quot; daemon prio=5 tid=386 timed_waiting&#10;java.lang.Thread.State: TIMED_WAITING&#10;        at java.base@21.0.7/jdk.internal.misc.Unsafe.park(Native Method)&#10;        at java.base@21.0.7/java.util.concurrent.locks.LockSupport.parkNanos(LockSupport.java:269)&#10;        at java.base@21.0.7/java.util.concurrent.locks.AbstractQueuedSynchronizer$ConditionObject.awaitNanos(AbstractQueuedSynchronizer.java:1763)&#10;        at java.base@21.0.7/java.util.concurrent.LinkedBlockingQueue.poll(LinkedBlockingQueue.java:460)&#10;        at app//org.apache.hadoop.ipc.CallQueueManager.take(CallQueueManager.java:370)&#10;        at app//org.apache.hadoop.ipc.Server$Handler.run(Server.java:3165)&#10;&quot;org.apache.hadoop.ozone.container.common.statemachine.commandhandler.DeleteBlocksCommandHandler$DeleteCmdWorker@47046907&quot; daemon prio=5 tid=622 timed_waiting&#10;java.lang.Thread.State: TIMED_WAITING&#10;        at java.base@21.0.7/java.lang.Thread.sleep0(Native Method)&#10;        at java.base@21.0.7/java.lang.Thread.sleep(Thread.java:509)&#10;        at app//org.apache.hadoop.ozone.container.common.statemachine.commandhandler.DeleteBlocksCommandHandler$DeleteCmdWorker.run(DeleteBlocksCommandHandler.java:260)&#10;        at java.base@21.0.7/java.lang.Thread.runWith(Thread.java:1596)&#10;        at java.base@21.0.7/java.lang.Thread.run(Thread.java:1583)&#10;&quot;Signal Dispatcher&quot; daemon prio=9 tid=11 runnable&#10;java.lang.Thread.State: RUNNABLE&#10;&quot;IPC Server handler 3 on default port 15006&quot; daemon prio=5 tid=508 timed_waiting&#10;java.lang.Thread.State: TIMED_WAITING&#10;        at java.base@21.0.7/jdk.internal.misc.Unsafe.park(Native Method)&#10;        at java.base@21.0.7/java.util.concurrent.locks.LockSupport.parkNanos(LockSupport.java:269)&#10;        at java.base@21.0.7/java.util.concurrent.locks.AbstractQueuedSynchronizer$ConditionObject.awaitNanos(AbstractQueuedSynchronizer.java:1763)&#10;        at java.base@21.0.7/java.util.concurrent.LinkedBlockingQueue.poll(LinkedBlockingQueue.java:460)&#10;        at app//org.apache.hadoop.ipc.CallQueueManager.take(CallQueueManager.java:370)&#10;        at app//org.apache.hadoop.ipc.Server$Handler.run(Server.java:3165)&#10;&quot;pool-237-thread-1&quot;  prio=5 tid=1015 in Object.wait()&#10;java.lang.Thread.State: WAITING (on object monitor)&#10;        at java.base@21.0.7/java.lang.Object.wait0(Native Method)&#10;        at java.base@21.0.7/java.lang.Object.wait(Object.java:366)&#10;        at java.base@21.0.7/java.lang.Object.wait(Object.java:339)&#10;        at app//org.apache.ratis.thirdparty.io.netty.util.concurrent.DefaultPromise.await(DefaultPromise.java:254)&#10;        at app//org.apache.ratis.thirdparty.io.netty.util.concurrent.DefaultPromise.sync(DefaultPromise.java:405)&#10;        at app//org.apache.ratis.thirdparty.io.netty.util.concurrent.DefaultPromise.sync(DefaultPromise.java:35)&#10;        at app//org.apache.hadoop.ozone.container.common.transport.server.XceiverServerGrpc.stop(XceiverServerGrpc.java:209)&#10;        at app//org.apache.hadoop.ozone.container.ozoneimpl.OzoneContainer.stop(OzoneContainer.java:540)&#10;        at app//org.apache.hadoop.ozone.container.common.statemachine.DatanodeStateMachine.close(DatanodeStateMachine.java:439)&#10;        at app//org.apache.hadoop.ozone.container.common.statemachine.DatanodeStateMachine.stopDaemon(DatanodeStateMachine.java:629)&#10;        at app//org.apache.hadoop.ozone.HddsDatanodeService.stop(HddsDatanodeService.java:544)&#10;        at app//org.apache.hadoop.ozone.MiniOzoneClusterImpl.stopDatanode(MiniOzoneClusterImpl.java:443)&#10;        at app//org.apache.hadoop.ozone.MiniOzoneClusterImpl.shutdownHddsDatanode(MiniOzoneClusterImpl.java:349)&#10;        at app//org.apache.hadoop.hdds.scm.node.TestQueryNode.lambda$testStaleNodesCount$0(TestQueryNode.java:84)&#10;        at app//org.apache.hadoop.hdds.scm.node.TestQueryNode$$Lambda/0x00007fe9049693a0.run(Unknown Source)&#10;        at java.base@21.0.7/java.util.concurrent.ThreadPoolExecutor.runWorker(ThreadPoolExecutor.java:1144)&#10;        at java.base@21.0.7/java.util.concurrent.ThreadPoolExecutor$Worker.run(ThreadPoolExecutor.java:642)&#10;        at java.base@21.0.7/java.lang.Thread.runWith(Thread.java:1596)&#10;        at java.base@21.0.7/java.lang.Thread.run(Thread.java:1583)&#10;&quot;IPC Server handler 10 on default port 15000&quot; daemon prio=5 tid=136 timed_waiting&#10;java.lang.Thread.State: TIMED_WAITING&#10;        at java.base@21.0.7/jdk.internal.misc.Unsafe.park(Native Method)&#10;        at java.base@21.0.7/java.util.concurrent.locks.LockSupport.parkNanos(LockSupport.java:269)&#10;        at java.base@21.0.7/java.util.concurrent.locks.AbstractQueuedSynchronizer$ConditionObject.awaitNanos(AbstractQueuedSynchronizer.java:1763)&#10;        at java.base@21.0.7/java.util.concurrent.LinkedBlockingQueue.poll(LinkedBlockingQueue.java:460)&#10;        at app//org.apache.hadoop.ipc.CallQueueManager.take(CallQueueManager.java:370)&#10;        at app//org.apache.hadoop.ipc.Server$Handler.run(Server.java:3165)&#10;&quot;IPC Server idle connection scanner for port 15006&quot; daemon prio=5 tid=466 timed_waiting&#10;java.lang.Thread.State: TIMED_WAITING&#10;        at java.base@21.0.7/java.lang.Object.wait0(Native Method)&#10;        at java.base@21.0.7/java.lang.Object.wait(Object.java:366)&#10;        at java.base@21.0.7/java.util.TimerThread.mainLoop(Timer.java:563)&#10;        at java.base@21.0.7/java.util.TimerThread.run(Timer.java:516)&#10;&quot;IPC Client (305799597) connection to 0.0.0.0/0.0.0.0:15002 from runner&quot; daemon prio=5 tid=637 timed_waiting&#10;java.lang.Thread.State: TIMED_WAITING&#10;        at java.base@21.0.7/java.lang.Object.wait0(Native Method)&#10;        at java.base@21.0.7/java.lang.Object.wait(Object.java:366)&#10;        at app//org.apache.hadoop.ipc.Client$Connection.waitForWork(Client.java:1042)&#10;        at app//org.apache.hadoop.ipc.Client$Connection.run(Client.java:1093)&#10;&quot;Socket Reader #3 for port 15027&quot;  prio=5 tid=642 runnable&#10;java.lang.Thread.State: RUNNABLE&#10;        at java.base@21.0.7/sun.nio.ch.EPoll.wait(Native Method)&#10;        at java.base@21.0.7/sun.nio.ch.EPollSelectorImpl.doSelect(EPollSelectorImpl.java:121)&#10;        at java.base@21.0.7/sun.nio.ch.SelectorImpl.lockAndDoSelect(SelectorImpl.java:130)&#10;        at java.base@21.0.7/sun.nio.ch.SelectorImpl.select(SelectorImpl.java:147)&#10;        at app//org.apache.hadoop.ipc.Server$Listener$Reader.doRunLoop(Server.java:1497)&#10;        at app//org.apache.hadoop.ipc.Server$Listener$Reader.run(Server.java:1476)&#10;&quot;Socket Reader #6 for port 15043&quot;  prio=5 tid=780 runnable&#10;java.lang.Thread.State: RUNNABLE&#10;        at java.base@21.0.7/sun.nio.ch.EPoll.wait(Native Method)&#10;        at java.base@21.0.7/sun.nio.ch.EPollSelectorImpl.doSelect(EPollSelectorImpl.java:121)&#10;        at java.base@21.0.7/sun.nio.ch.SelectorImpl.lockAndDoSelect(SelectorImpl.java:130)&#10;        at java.base@21.0.7/sun.nio.ch.SelectorImpl.select(SelectorImpl.java:147)&#10;        at app//org.apache.hadoop.ipc.Server$Listener$Reader.doRunLoop(Server.java:1497)&#10;        at app//org.apache.hadoop.ipc.Server$Listener$Reader.run(Server.java:1476)&#10;&quot;Socket Reader #1 for port 15001&quot;  prio=5 tid=81 runnable&#10;java.lang.Thread.State: RUNNABLE&#10;        at java.base@21.0.7/sun.nio.ch.EPoll.wait(Native Method)&#10;        at java.base@21.0.7/sun.nio.ch.EPollSelectorImpl.doSelect(EPollSelectorImpl.java:121)&#10;        at java.base@21.0.7/sun.nio.ch.SelectorImpl.lockAndDoSelect(SelectorImpl.java:130)&#10;        at java.base@21.0.7/sun.nio.ch.SelectorImpl.select(SelectorImpl.java:147)&#10;        at app//org.apache.hadoop.ipc.Server$Listener$Reader.doRunLoop(Server.java:1497)&#10;        at app//org.apache.hadoop.ipc.Server$Listener$Reader.run(Server.java:1476)&#10;&quot;qtp588626443-686&quot; daemon prio=5 tid=686 timed_waiting&#10;java.lang.Thread.State: TIMED_WAITING&#10;        at java.base@21.0.7/jdk.internal.misc.Unsafe.park(Native Method)&#10;        at java.base@21.0.7/java.util.concurrent.locks.LockSupport.parkNanos(LockSupport.java:269)&#10;        at java.base@21.0.7/java.util.concurrent.locks.AbstractQueuedSynchronizer$ConditionObject.awaitNanos(AbstractQueuedSynchronizer.java:1763)&#10;        at app//org.eclipse.jetty.util.BlockingArrayQueue.poll(BlockingArrayQueue.java:382)&#10;        at app//org.eclipse.jetty.util.thread.QueuedThreadPool$Runner.idleJobPoll(QueuedThreadPool.java:974)&#10;        at app//org.eclipse.jetty.util.thread.QueuedThreadPool$Runner.run(QueuedThreadPool.java:1018)&#10;        at java.base@21.0.7/java.lang.Thread.runWith(Thread.java:1596)&#10;        at java.base@21.0.7/java.lang.Thread.run(Thread.java:1583)&#10;&quot;Socket Reader #3 for port 15035&quot;  prio=5 tid=722 runnable&#10;java.lang.Thread.State: RUNNABLE&#10;        at java.base@21.0.7/sun.nio.ch.EPoll.wait(Native Method)&#10;        at java.base@21.0.7/sun.nio.ch.EPollSelectorImpl.doSelect(EPollSelectorImpl.java:121)&#10;        at java.base@21.0.7/sun.nio.ch.SelectorImpl.lockAndDoSelect(SelectorImpl.java:130)&#10;        at java.base@21.0.7/sun.nio.ch.SelectorImpl.select(SelectorImpl.java:147)&#10;        at app//org.apache.hadoop.ipc.Server$Listener$Reader.doRunLoop(Server.java:1497)&#10;        at app//org.apache.hadoop.ipc.Server$Listener$Reader.run(Server.java:1476)&#10;&quot;IPC Server handler 73 on default port 15000&quot; daemon prio=5 tid=199 timed_waiting&#10;java.lang.Thread.State: TIMED_WAITING&#10;        at java.base@21.0.7/jdk.internal.misc.Unsafe.park(Native Method)&#10;        at java.base@21.0.7/java.util.concurrent.locks.LockSupport.parkNanos(LockSupport.java:269)&#10;        at java.base@21.0.7/java.util.concurrent.locks.AbstractQueuedSynchronizer$ConditionObject.awaitNanos(AbstractQueuedSynchronizer.java:1763)&#10;        at java.base@21.0.7/java.util.concurrent.LinkedBlockingQueue.poll(LinkedBlockingQueue.java:460)&#10;        at app//org.apache.hadoop.ipc.CallQueueManager.take(CallQueueManager.java:370)&#10;        at app//org.apache.hadoop.ipc.Server$Handler.run(Server.java:3165)&#10;&quot;IPC Server handler 47 on default port 15002&quot; daemon prio=5 tid=391 timed_waiting&#10;java.lang.Thread.State: TIMED_WAITING&#10;        at java.base@21.0.7/jdk.internal.misc.Unsafe.park(Native Method)&#10;        at java.base@21.0.7/java.util.concurrent.locks.LockSupport.parkNanos(LockSupport.java:269)&#10;        at java.base@21.0.7/java.util.concurrent.locks.AbstractQueuedSynchronizer$ConditionObject.awaitNanos(AbstractQueuedSynchronizer.java:1763)&#10;        at java.base@21.0.7/java.util.concurrent.LinkedBlockingQueue.poll(LinkedBlockingQueue.java:460)&#10;        at app//org.apache.hadoop.ipc.CallQueueManager.take(CallQueueManager.java:370)&#10;        at app//org.apache.hadoop.ipc.Server$Handler.run(Server.java:3165)&#10;&quot;IPC Server handler 76 on default port 15000&quot; daemon prio=5 tid=202 timed_waiting&#10;java.lang.Thread.State: TIMED_WAITING&#10;        at java.base@21.0.7/jdk.internal.misc.Unsafe.park(Native Method)&#10;        at java.base@21.0.7/java.util.concurrent.locks.LockSupport.parkNanos(LockSupport.java:269)&#10;        at java.base@21.0.7/java.util.concurrent.locks.AbstractQueuedSynchronizer$ConditionObject.awaitNanos(AbstractQueuedSynchronizer.java:1763)&#10;        at java.base@21.0.7/java.util.concurrent.LinkedBlockingQueue.poll(LinkedBlockingQueue.java:460)&#10;        at app//org.apache.hadoop.ipc.CallQueueManager.take(CallQueueManager.java:370)&#10;        at app//org.apache.hadoop.ipc.Server$Handler.run(Server.java:3165)&#10;&quot;IPC Server handler 37 on default port 15002&quot; daemon prio=5 tid=381 timed_waiting&#10;java.lang.Thread.State: TIMED_WAITING&#10;        at java.base@21.0.7/jdk.internal.misc.Unsafe.park(Native Method)&#10;        at java.base@21.0.7/java.util.concurrent.locks.LockSupport.parkNanos(LockSupport.java:269)&#10;        at java.base@21.0.7/java.util.concurrent.locks.AbstractQueuedSynchronizer$ConditionObject.awaitNanos(AbstractQueuedSynchronizer.java:1763)&#10;        at java.base@21.0.7/java.util.concurrent.LinkedBlockingQueue.poll(LinkedBlockingQueue.java:460)&#10;        at app//org.apache.hadoop.ipc.CallQueueManager.take(CallQueueManager.java:370)&#10;        at app//org.apache.hadoop.ipc.Server$Handler.run(Server.java:3165)&#10;&quot;pool-113-thread-1&quot;  prio=5 tid=577 timed_waiting&#10;java.lang.Thread.State: TIMED_WAITING&#10;        at java.base@21.0.7/jdk.internal.misc.Unsafe.park(Native Method)&#10;        at java.base@21.0.7/java.util.concurrent.locks.LockSupport.parkNanos(LockSupport.java:269)&#10;        at java.base@21.0.7/java.util.concurrent.locks.AbstractQueuedSynchronizer$ConditionObject.awaitNanos(AbstractQueuedSynchronizer.java:1763)&#10;        at java.base@21.0.7/java.util.concurrent.ScheduledThreadPoolExecutor$DelayedWorkQueue.take(ScheduledThreadPoolExecutor.java:1182)&#10;        at java.base@21.0.7/java.util.concurrent.ScheduledThreadPoolExecutor$DelayedWorkQueue.take(ScheduledThreadPoolExecutor.java:899)&#10;        at java.base@21.0.7/java.util.concurrent.ThreadPoolExecutor.getTask(ThreadPoolExecutor.java:1070)&#10;        at java.base@21.0.7/java.util.concurrent.ThreadPoolExecutor.runWorker(ThreadPoolExecutor.java:1130)&#10;        at java.base@21.0.7/java.util.concurrent.ThreadPoolExecutor$Worker.run(ThreadPoolExecutor.java:642)&#10;        at java.base@21.0.7/java.lang.Thread.runWith(Thread.java:1596)&#10;        at java.base@21.0.7/java.lang.Thread.run(Thread.java:1583)&#10;&quot;qtp2014583896-335&quot; daemon prio=5 tid=335 timed_waiting&#10;java.lang.Thread.State: TIMED_WAITING&#10;        at java.base@21.0.7/jdk.internal.misc.Unsafe.park(Native Method)&#10;        at java.base@21.0.7/java.util.concurrent.locks.LockSupport.parkNanos(LockSupport.java:269)&#10;        at java.base@21.0.7/java.util.concurrent.locks.AbstractQueuedSynchronizer$ConditionObject.awaitNanos(AbstractQueuedSynchronizer.java:1763)&#10;        at app//org.eclipse.jetty.util.BlockingArrayQueue.poll(BlockingArrayQueue.java:382)&#10;        at app//org.eclipse.jetty.util.thread.QueuedThreadPool$Runner.idleJobPoll(QueuedThreadPool.java:974)&#10;        at app//org.eclipse.jetty.util.thread.QueuedThreadPool$Runner.run(QueuedThreadPool.java:1018)&#10;        at java.base@21.0.7/java.lang.Thread.runWith(Thread.java:1596)&#10;        at java.base@21.0.7/java.lang.Thread.run(Thread.java:1583)&#10;&quot;a755fe32-7d9a-4996-bc51-d7fbc67ab218@group-3199EF5D7496-LeaderStateImpl&quot; daemon prio=5 tid=989 timed_waiting&#10;java.lang.Thread.State: TIMED_WAITING&#10;        at java.base@21.0.7/jdk.internal.misc.Unsafe.park(Native Method)&#10;        at java.base@21.0.7/java.util.concurrent.locks.LockSupport.parkNanos(LockSupport.java:269)&#10;        at java.base@21.0.7/java.util.concurrent.locks.AbstractQueuedSynchronizer$ConditionObject.awaitNanos(AbstractQueuedSynchronizer.java:1763)&#10;        at java.base@21.0.7/java.util.concurrent.ArrayBlockingQueue.poll(ArrayBlockingQueue.java:435)&#10;        at app//org.apache.ratis.server.impl.LeaderStateImpl$EventQueue.poll(LeaderStateImpl.java:164)&#10;        at app//org.apache.ratis.server.impl.LeaderStateImpl$EventProcessor.run(LeaderStateImpl.java:763)&#10;&quot;UnderReplicatedProcessor&quot; daemon prio=5 tid=63 timed_waiting&#10;java.lang.Thread.State: TIMED_WAITING&#10;        at java.base@21.0.7/java.lang.Object.wait0(Native Method)&#10;        at java.base@21.0.7/java.lang.Object.wait(Object.java:366)&#10;        at app//org.apache.hadoop.hdds.scm.container.replication.UnhealthyReplicationProcessor.run(UnhealthyReplicationProcessor.java:172)&#10;        at java.base@21.0.7/java.lang.Thread.runWith(Thread.java:1596)&#10;        at java.base@21.0.7/java.lang.Thread.run(Thread.java:1583)&#10;&quot;IPC Server handler 52 on default port 15000&quot; daemon prio=5 tid=178 timed_waiting&#10;java.lang.Thread.State: TIMED_WAITING&#10;        at java.base@21.0.7/jdk.internal.misc.Unsafe.park(Native Method)&#10;        at java.base@21.0.7/java.util.concurrent.locks.LockSupport.parkNanos(LockSupport.java:269)&#10;        at java.base@21.0.7/java.util.concurrent.locks.AbstractQueuedSynchronizer$ConditionObject.awaitNanos(AbstractQueuedSynchronizer.java:1763)&#10;        at java.base@21.0.7/java.util.concurrent.LinkedBlockingQueue.poll(LinkedBlockingQueue.java:460)&#10;        at app//org.apache.hadoop.ipc.CallQueueManager.take(CallQueueManager.java:370)&#10;        at app//org.apache.hadoop.ipc.Server$Handler.run(Server.java:3165)&#10;&quot;JvmPauseMonitor6&quot; daemon prio=5 tid=834 timed_waiting&#10;java.lang.Thread.State: TIMED_WAITING&#10;        at java.base@21.0.7/java.lang.Thread.sleep0(Native Method)&#10;        at java.base@21.0.7/java.lang.Thread.sleep(Thread.java:558)&#10;        at java.base@21.0.7/java.util.concurrent.TimeUnit.sleep(TimeUnit.java:446)&#10;        at app//org.apache.ratis.util.TimeDuration.sleep(TimeDuration.java:353)&#10;        at app//org.apache.ratis.util.TimeDuration.sleep(TimeDuration.java:338)&#10;        at app//org.apache.ratis.util.JvmPauseMonitor.detectPause(JvmPauseMonitor.java:160)&#10;        at app//org.apache.ratis.util.JvmPauseMonitor.run(JvmPauseMonitor.java:149)&#10;        at app//org.apache.ratis.util.JvmPauseMonitor$$Lambda/0x00007fe90439a488.run(Unknown Source)&#10;        at java.base@21.0.7/java.lang.Thread.runWith(Thread.java:1596)&#10;        at java.base@21.0.7/java.lang.Thread.run(Thread.java:1583)&#10;&quot;2b1bfca1-1fdc-4b0a-9b4d-c21112718afa-DatanodeReportManager-2&quot; daemon prio=5 tid=746 timed_waiting&#10;java.lang.Thread.State: TIMED_WAITING&#10;        at java.base@21.0.7/jdk.internal.misc.Unsafe.park(Native Method)&#10;        at java.base@21.0.7/java.util.concurrent.locks.LockSupport.parkNanos(LockSupport.java:269)&#10;        at java.base@21.0.7/java.util.concurrent.locks.AbstractQueuedSynchronizer$ConditionObject.awaitNanos(AbstractQueuedSynchronizer.java:1763)&#10;        at java.base@21.0.7/java.util.concurrent.ScheduledThreadPoolExecutor$DelayedWorkQueue.take(ScheduledThreadPoolExecutor.java:1182)&#10;        at java.base@21.0.7/java.util.concurrent.ScheduledThreadPoolExecutor$DelayedWorkQueue.take(ScheduledThreadPoolExecutor.java:899)&#10;        at java.base@21.0.7/java.util.concurrent.ThreadPoolExecutor.getTask(ThreadPoolExecutor.java:1070)&#10;        at java.base@21.0.7/java.util.concurrent.ThreadPoolExecutor.runWorker(ThreadPoolExecutor.java:1130)&#10;        at java.base@21.0.7/java.util.concurrent.ThreadPoolExecutor$Worker.run(ThreadPoolExecutor.java:642)&#10;        at java.base@21.0.7/java.lang.Thread.runWith(Thread.java:1596)&#10;        at java.base@21.0.7/java.lang.Thread.run(Thread.java:1583)&#10;&quot;Socket Reader #5 for port 15001&quot;  prio=5 tid=85 runnable&#10;java.lang.Thread.State: RUNNABLE&#10;        at java.base@21.0.7/sun.nio.ch.EPoll.wait(Native Method)&#10;        at java.base@21.0.7/sun.nio.ch.EPollSelectorImpl.doSelect(EPollSelectorImpl.java:121)&#10;        at java.base@21.0.7/sun.nio.ch.SelectorImpl.lockAndDoSelect(SelectorImpl.java:130)&#10;        at java.base@21.0.7/sun.nio.ch.SelectorImpl.select(SelectorImpl.java:147)&#10;        at app//org.apache.hadoop.ipc.Server$Listener$Reader.doRunLoop(Server.java:1497)&#10;        at app//org.apache.hadoop.ipc.Server$Listener$Reader.run(Server.java:1476)&#10;&quot;IPC Server handler 98 on default port 15001&quot; daemon prio=5 tid=324 timed_waiting&#10;java.lang.Thread.State: TIMED_WAITING&#10;        at java.base@21.0.7/jdk.internal.misc.Unsafe.park(Native Method)&#10;        at java.base@21.0.7/java.util.concurrent.locks.LockSupport.parkNanos(LockSupport.java:269)&#10;        at java.base@21.0.7/java.util.concurrent.locks.AbstractQueuedSynchronizer$ConditionObject.awaitNanos(AbstractQueuedSynchronizer.java:1763)&#10;        at java.base@21.0.7/java.util.concurrent.LinkedBlockingQueue.poll(LinkedBlockingQueue.java:460)&#10;        at app//org.apache.hadoop.ipc.CallQueueManager.take(CallQueueManager.java:370)&#10;        at app//org.apache.hadoop.ipc.Server$Handler.run(Server.java:3165)&#10;&quot;Socket Reader #5 for port 15019&quot;  prio=5 tid=592 runnable&#10;java.lang.Thread.State: RUNNABLE&#10;        at java.base@21.0.7/sun.nio.ch.EPoll.wait(Native Method)&#10;        at java.base@21.0.7/sun.nio.ch.EPollSelectorImpl.doSelect(EPollSelectorImpl.java:121)&#10;        at java.base@21.0.7/sun.nio.ch.SelectorImpl.lockAndDoSelect(SelectorImpl.java:130)&#10;        at java.base@21.0.7/sun.nio.ch.SelectorImpl.select(SelectorImpl.java:147)&#10;        at app//org.apache.hadoop.ipc.Server$Listener$Reader.doRunLoop(Server.java:1497)&#10;        at app//org.apache.hadoop.ipc.Server$Listener$Reader.run(Server.java:1476)&#10;&quot;Socket Reader #7 for port 15035&quot;  prio=5 tid=726 runnable&#10;java.lang.Thread.State: RUNNABLE&#10;        at java.base@21.0.7/sun.nio.ch.EPoll.wait(Native Method)&#10;        at java.base@21.0.7/sun.nio.ch.EPollSelectorImpl.doSelect(EPollSelectorImpl.java:121)&#10;        at java.base@21.0.7/sun.nio.ch.SelectorImpl.lockAndDoSelect(SelectorImpl.java:130)&#10;        at java.base@21.0.7/sun.nio.ch.SelectorImpl.select(SelectorImpl.java:147)&#10;        at app//org.apache.hadoop.ipc.Server$Listener$Reader.doRunLoop(Server.java:1497)&#10;        at app//org.apache.hadoop.ipc.Server$Listener$Reader.run(Server.java:1476)&#10;&quot;0cf558f4-2ca5-4c9f-a057-d7d7b755ef43-client-thread1&quot;  prio=5 tid=805 timed_waiting&#10;java.lang.Thread.State: TIMED_WAITING&#10;        at java.base@21.0.7/jdk.internal.misc.Unsafe.park(Native Method)&#10;        at java.base@21.0.7/java.util.concurrent.locks.LockSupport.parkNanos(LockSupport.java:410)&#10;        at java.base@21.0.7/java.util.concurrent.LinkedTransferQueue$DualNode.await(LinkedTransferQueue.java:452)&#10;        at java.base@21.0.7/java.util.concurrent.SynchronousQueue$Transferer.xferLifo(SynchronousQueue.java:194)&#10;        at java.base@21.0.7/java.util.concurrent.SynchronousQueue.xfer(SynchronousQueue.java:235)&#10;        at java.base@21.0.7/java.util.concurrent.SynchronousQueue.poll(SynchronousQueue.java:338)&#10;        at java.base@21.0.7/java.util.concurrent.ThreadPoolExecutor.getTask(ThreadPoolExecutor.java:1069)&#10;        at java.base@21.0.7/java.util.concurrent.ThreadPoolExecutor.runWorker(ThreadPoolExecutor.java:1130)&#10;        at java.base@21.0.7/java.util.concurrent.ThreadPoolExecutor$Worker.run(ThreadPoolExecutor.java:642)&#10;        at java.base@21.0.7/java.lang.Thread.runWith(Thread.java:1596)&#10;        at java.base@21.0.7/java.lang.Thread.run(Thread.java:1583)&#10;&quot;qtp2014583896-331-acceptor-0@37f4a1ee-ServerConnector@40b958c5{HTTP/1.1, (http/1.1)}{0.0.0.0:15003}&quot; daemon prio=3 tid=331 runnable&#10;java.lang.Thread.State: RUNNABLE&#10;        at java.base@21.0.7/sun.nio.ch.Net.accept(Native Method)&#10;        at java.base@21.0.7/sun.nio.ch.ServerSocketChannelImpl.implAccept(ServerSocketChannelImpl.java:433)&#10;        at java.base@21.0.7/sun.nio.ch.ServerSocketChannelImpl.accept(ServerSocketChannelImpl.java:399)&#10;        at app//org.eclipse.jetty.server.ServerConnector.accept(ServerConnector.java:388)&#10;        at app//org.eclipse.jetty.server.AbstractConnector$Acceptor.run(AbstractConnector.java:704)&#10;        at app//org.eclipse.jetty.util.thread.QueuedThreadPool.runJob(QueuedThreadPool.java:883)&#10;        at app//org.eclipse.jetty.util.thread.QueuedThreadPool$Runner.run(QueuedThreadPool.java:1034)&#10;        at java.base@21.0.7/java.lang.Thread.runWith(Thread.java:1596)&#10;        at java.base@21.0.7/java.lang.Thread.run(Thread.java:1583)&#10;&quot;Socket Reader #8 for port 15027&quot;  prio=5 tid=647 runnable&#10;java.lang.Thread.State: RUNNABLE&#10;        at java.base@21.0.7/sun.nio.ch.EPoll.wait(Native Method)&#10;        at java.base@21.0.7/sun.nio.ch.EPollSelectorImpl.doSelect(EPollSelectorImpl.java:121)&#10;        at java.base@21.0.7/sun.nio.ch.SelectorImpl.lockAndDoSelect(SelectorImpl.java:130)&#10;        at java.base@21.0.7/sun.nio.ch.SelectorImpl.select(SelectorImpl.java:147)&#10;        at app//org.apache.hadoop.ipc.Server$Listener$Reader.doRunLoop(Server.java:1497)&#10;        at app//org.apache.hadoop.ipc.Server$Listener$Reader.run(Server.java:1476)&#10;&quot;IPC Server handler 61 on default port 15001&quot; daemon prio=5 tid=287 timed_waiting&#10;java.lang.Thread.State: TIMED_WAITING&#10;        at java.base@21.0.7/jdk.internal.misc.Unsafe.park(Native Method)&#10;        at java.base@21.0.7/java.util.concurrent.locks.LockSupport.parkNanos(LockSupport.java:269)&#10;        at java.base@21.0.7/java.util.concurrent.locks.AbstractQueuedSynchronizer$ConditionObject.awaitNanos(AbstractQueuedSynchronizer.java:1763)&#10;        at java.base@21.0.7/java.util.concurrent.LinkedBlockingQueue.poll(LinkedBlockingQueue.java:460)&#10;        at app//org.apache.hadoop.ipc.CallQueueManager.take(CallQueueManager.java:370)&#10;        at app//org.apache.hadoop.ipc.Server$Handler.run(Server.java:3165)&#10;&quot;IPC Server handler 94 on default port 15000&quot; daemon prio=5 tid=220 timed_waiting&#10;java.lang.Thread.State: TIMED_WAITING&#10;        at java.base@21.0.7/jdk.internal.misc.Unsafe.park(Native Method)&#10;        at java.base@21.0.7/java.util.concurrent.locks.LockSupport.parkNanos(LockSupport.java:269)&#10;        at java.base@21.0.7/java.util.concurrent.locks.AbstractQueuedSynchronizer$ConditionObject.awaitNanos(AbstractQueuedSynchronizer.java:1763)&#10;        at java.base@21.0.7/java.util.concurrent.LinkedBlockingQueue.poll(LinkedBlockingQueue.java:460)&#10;        at app//org.apache.hadoop.ipc.CallQueueManager.take(CallQueueManager.java:370)&#10;        at app//org.apache.hadoop.ipc.Server$Handler.run(Server.java:3165)&#10;&quot;grpc-default-worker-ELG-5-2&quot; daemon prio=5 tid=873 runnable&#10;java.lang.Thread.State: RUNNABLE&#10;        at app//org.apache.ratis.thirdparty.io.netty.channel.epoll.Native.epollWait0(Native Method)&#10;        at app//org.apache.ratis.thirdparty.io.netty.channel.epoll.Native.epollWait(Native.java:193)&#10;        at app//org.apache.ratis.thirdparty.io.netty.channel.epoll.EpollEventLoop.epollWait(EpollEventLoop.java:304)&#10;        at app//org.apache.ratis.thirdparty.io.netty.channel.epoll.EpollEventLoop.run(EpollEventLoop.java:368)&#10;        at app//org.apache.ratis.thirdparty.io.netty.util.concurrent.SingleThreadEventExecutor$4.run(SingleThreadEventExecutor.java:997)&#10;        at app//org.apache.ratis.thirdparty.io.netty.util.internal.ThreadExecutorMap$2.run(ThreadExecutorMap.java:74)&#10;        at app//org.apache.ratis.thirdparty.io.netty.util.concurrent.FastThreadLocalRunnable.run(FastThreadLocalRunnable.java:30)&#10;        at java.base@21.0.7/java.lang.Thread.runWith(Thread.java:1596)&#10;        at java.base@21.0.7/java.lang.Thread.run(Thread.java:1583)&#10;&quot;IPC Server handler 64 on default port 15002&quot; daemon prio=5 tid=408 timed_waiting&#10;java.lang.Thread.State: TIMED_WAITING&#10;        at java.base@21.0.7/jdk.internal.misc.Unsafe.park(Native Method)&#10;        at java.base@21.0.7/java.util.concurrent.locks.LockSupport.parkNanos(LockSupport.java:269)&#10;        at java.base@21.0.7/java.util.concurrent.locks.AbstractQueuedSynchronizer$ConditionObject.awaitNanos(AbstractQueuedSynchronizer.java:1763)&#10;        at java.base@21.0.7/java.util.concurrent.LinkedBlockingQueue.poll(LinkedBlockingQueue.java:460)&#10;        at app//org.apache.hadoop.ipc.CallQueueManager.take(CallQueueManager.java:370)&#10;        at app//org.apache.hadoop.ipc.Server$Handler.run(Server.java:3165)&#10;&quot;IPC Server handler 6 on default port 15035&quot; daemon prio=5 tid=739 timed_waiting&#10;java.lang.Thread.State: TIMED_WAITING&#10;        at java.base@21.0.7/jdk.internal.misc.Unsafe.park(Native Method)&#10;        at java.base@21.0.7/java.util.concurrent.locks.LockSupport.parkNanos(LockSupport.java:269)&#10;        at java.base@21.0.7/java.util.concurrent.locks.AbstractQueuedSynchronizer$ConditionObject.awaitNanos(AbstractQueuedSynchronizer.java:1763)&#10;        at java.base@21.0.7/java.util.concurrent.LinkedBlockingQueue.poll(LinkedBlockingQueue.java:460)&#10;        at app//org.apache.hadoop.ipc.CallQueueManager.take(CallQueueManager.java:370)&#10;        at app//org.apache.hadoop.ipc.Server$Handler.run(Server.java:3165)&#10;&quot;IPC Server handler 50 on default port 15000&quot; daemon prio=5 tid=176 timed_waiting&#10;java.lang.Thread.State: TIMED_WAITING&#10;        at java.base@21.0.7/jdk.internal.misc.Unsafe.park(Native Method)&#10;        at java.base@21.0.7/java.util.concurrent.locks.LockSupport.parkNanos(LockSupport.java:269)&#10;        at java.base@21.0.7/java.util.concurrent.locks.AbstractQueuedSynchronizer$ConditionObject.awaitNanos(AbstractQueuedSynchronizer.java:1763)&#10;        at java.base@21.0.7/java.util.concurrent.LinkedBlockingQueue.poll(LinkedBlockingQueue.java:460)&#10;        at app//org.apache.hadoop.ipc.CallQueueManager.take(CallQueueManager.java:370)&#10;        at app//org.apache.hadoop.ipc.Server$Handler.run(Server.java:3165)&#10;&quot;IPC Server handler 87 on default port 15001&quot; daemon prio=5 tid=313 timed_waiting&#10;java.lang.Thread.State: TIMED_WAITING&#10;        at java.base@21.0.7/jdk.internal.misc.Unsafe.park(Native Method)&#10;        at java.base@21.0.7/java.util.concurrent.locks.LockSupport.parkNanos(LockSupport.java:269)&#10;        at java.base@21.0.7/java.util.concurrent.locks.AbstractQueuedSynchronizer$ConditionObject.awaitNanos(AbstractQueuedSynchronizer.java:1763)&#10;        at java.base@21.0.7/java.util.concurrent.LinkedBlockingQueue.poll(LinkedBlockingQueue.java:460)&#10;        at app//org.apache.hadoop.ipc.CallQueueManager.take(CallQueueManager.java:370)&#10;        at app//org.apache.hadoop.ipc.Server$Handler.run(Server.java:3165)&#10;&quot;LeakDetector-ManagedRocksObject0&quot; daemon prio=5 tid=49 in Object.wait()&#10;java.lang.Thread.State: WAITING (on object monitor)&#10;        at java.base@21.0.7/jdk.internal.misc.Unsafe.park(Native Method)&#10;        at java.base@21.0.7/java.util.concurrent.locks.LockSupport.park(LockSupport.java:371)&#10;        at java.base@21.0.7/java.util.concurrent.locks.AbstractQueuedSynchronizer$ConditionNode.block(AbstractQueuedSynchronizer.java:519)&#10;        at java.base@21.0.7/java.util.concurrent.ForkJoinPool.unmanagedBlock(ForkJoinPool.java:3780)&#10;        at java.base@21.0.7/java.util.concurrent.ForkJoinPool.managedBlock(ForkJoinPool.java:3725)&#10;        at java.base@21.0.7/java.util.concurrent.locks.AbstractQueuedSynchronizer$ConditionObject.await(AbstractQueuedSynchronizer.java:1712)&#10;        at java.base@21.0.7/java.lang.ref.ReferenceQueue.await(ReferenceQueue.java:67)&#10;        at java.base@21.0.7/java.lang.ref.ReferenceQueue.remove0(ReferenceQueue.java:158)&#10;        at java.base@21.0.7/java.lang.ref.ReferenceQueue.remove(ReferenceQueue.java:234)&#10;        at app//org.apache.hadoop.hdds.utils.LeakDetector.run(LeakDetector.java:79)&#10;        at app//org.apache.hadoop.hdds.utils.LeakDetector$$Lambda/0x00007fe904436198.run(Unknown Source)&#10;        at java.base@21.0.7/java.lang.Thread.runWith(Thread.java:1596)&#10;        at java.base@21.0.7/java.lang.Thread.run(Thread.java:1583)&#10;&quot;IPC Server handler 89 on default port 15002&quot; daemon prio=5 tid=433 timed_waiting&#10;java.lang.Thread.State: TIMED_WAITING&#10;        at java.base@21.0.7/jdk.internal.misc.Unsafe.park(Native Method)&#10;        at java.base@21.0.7/java.util.concurrent.locks.LockSupport.parkNanos(LockSupport.java:269)&#10;        at java.base@21.0.7/java.util.concurrent.locks.AbstractQueuedSynchronizer$ConditionObject.awaitNanos(AbstractQueuedSynchronizer.java:1763)&#10;        at java.base@21.0.7/java.util.concurrent.LinkedBlockingQueue.poll(LinkedBlockingQueue.java:460)&#10;        at app//org.apache.hadoop.ipc.CallQueueManager.take(CallQueueManager.java:370)&#10;        at app//org.apache.hadoop.ipc.Server$Handler.run(Server.java:3165)&#10;&quot;dacc202e-cd42-4a7a-b335-fe62dff69130-CommandProcessorThread&quot; daemon prio=5 tid=668 timed_waiting&#10;java.lang.Thread.State: TIMED_WAITING&#10;        at java.base@21.0.7/java.lang.Thread.sleep0(Native Method)&#10;        at java.base@21.0.7/java.lang.Thread.sleep(Thread.java:509)&#10;        at app//org.apache.hadoop.ozone.container.common.statemachine.DatanodeStateMachine.lambda$initCommandHandlerThread$4(DatanodeStateMachine.java:674)&#10;        at app//org.apache.hadoop.ozone.container.common.statemachine.DatanodeStateMachine$$Lambda/0x00007fe904823f58.run(Unknown Source)&#10;        at java.base@21.0.7/java.lang.Thread.runWith(Thread.java:1596)&#10;        at java.base@21.0.7/java.lang.Thread.run(Thread.java:1583)&#10;&quot;IPC Server handler 32 on default port 15001&quot; daemon prio=5 tid=258 timed_waiting&#10;java.lang.Thread.State: TIMED_WAITING&#10;        at java.base@21.0.7/jdk.internal.misc.Unsafe.park(Native Method)&#10;        at java.base@21.0.7/java.util.concurrent.locks.LockSupport.parkNanos(LockSupport.java:269)&#10;        at java.base@21.0.7/java.util.concurrent.locks.AbstractQueuedSynchronizer$ConditionObject.awaitNanos(AbstractQueuedSynchronizer.java:1763)&#10;        at java.base@21.0.7/java.util.concurrent.LinkedBlockingQueue.poll(LinkedBlockingQueue.java:460)&#10;        at app//org.apache.hadoop.ipc.CallQueueManager.take(CallQueueManager.java:370)&#10;        at app//org.apache.hadoop.ipc.Server$Handler.run(Server.java:3165)&#10;&quot;IPC Server handler 27 on default port 15001&quot; daemon prio=5 tid=253 timed_waiting&#10;java.lang.Thread.State: TIMED_WAITING&#10;        at java.base@21.0.7/jdk.internal.misc.Unsafe.park(Native Method)&#10;        at java.base@21.0.7/java.util.concurrent.locks.LockSupport.parkNanos(LockSupport.java:269)&#10;        at java.base@21.0.7/java.util.concurrent.locks.AbstractQueuedSynchronizer$ConditionObject.awaitNanos(AbstractQueuedSynchronizer.java:1763)&#10;        at java.base@21.0.7/java.util.concurrent.LinkedBlockingQueue.poll(LinkedBlockingQueue.java:460)&#10;        at app//org.apache.hadoop.ipc.CallQueueManager.take(CallQueueManager.java:370)&#10;        at app//org.apache.hadoop.ipc.Server$Handler.run(Server.java:3165)&#10;&quot;Session-HouseKeeper-7c182cb8-1&quot;  prio=5 tid=586 timed_waiting&#10;java.lang.Thread.State: TIMED_WAITING&#10;        at java.base@21.0.7/jdk.internal.misc.Unsafe.park(Native Method)&#10;        at java.base@21.0.7/java.util.concurrent.locks.LockSupport.parkNanos(LockSupport.java:269)&#10;        at java.base@21.0.7/java.util.concurrent.locks.AbstractQueuedSynchronizer$ConditionObject.awaitNanos(AbstractQueuedSynchronizer.java:1763)&#10;        at java.base@21.0.7/java.util.concurrent.ScheduledThreadPoolExecutor$DelayedWorkQueue.take(ScheduledThreadPoolExecutor.java:1182)&#10;        at java.base@21.0.7/java.util.concurrent.ScheduledThreadPoolExecutor$DelayedWorkQueue.take(ScheduledThreadPoolExecutor.java:899)&#10;        at java.base@21.0.7/java.util.concurrent.ThreadPoolExecutor.getTask(ThreadPoolExecutor.java:1070)&#10;        at java.base@21.0.7/java.util.concurrent.ThreadPoolExecutor.runWorker(ThreadPoolExecutor.java:1130)&#10;        at java.base@21.0.7/java.util.concurrent.ThreadPoolExecutor$Worker.run(ThreadPoolExecutor.java:642)&#10;        at java.base@21.0.7/java.lang.Thread.runWith(Thread.java:1596)&#10;        at java.base@21.0.7/java.lang.Thread.run(Thread.java:1583)&#10;&quot;IPC Server handler 90 on default port 15000&quot; daemon prio=5 tid=216 timed_waiting&#10;java.lang.Thread.State: TIMED_WAITING&#10;        at java.base@21.0.7/jdk.internal.misc.Unsafe.park(Native Method)&#10;        at java.base@21.0.7/java.util.concurrent.locks.LockSupport.parkNanos(LockSupport.java:269)&#10;        at java.base@21.0.7/java.util.concurrent.locks.AbstractQueuedSynchronizer$ConditionObject.awaitNanos(AbstractQueuedSynchronizer.java:1763)&#10;        at java.base@21.0.7/java.util.concurrent.LinkedBlockingQueue.poll(LinkedBlockingQueue.java:460)&#10;        at app//org.apache.hadoop.ipc.CallQueueManager.take(CallQueueManager.java:370)&#10;        at app//org.apache.hadoop.ipc.Server$Handler.run(Server.java:3165)&#10;&quot;IPC Server handler 29 on default port 15001&quot; daemon prio=5 tid=255 timed_waiting&#10;java.lang.Thread.State: TIMED_WAITING&#10;        at java.base@21.0.7/jdk.internal.misc.Unsafe.park(Native Method)&#10;        at java.base@21.0.7/java.util.concurrent.locks.LockSupport.parkNanos(LockSupport.java:269)&#10;        at java.base@21.0.7/java.util.concurrent.locks.AbstractQueuedSynchronizer$ConditionObject.awaitNanos(AbstractQueuedSynchronizer.java:1763)&#10;        at java.base@21.0.7/java.util.concurrent.LinkedBlockingQueue.poll(LinkedBlockingQueue.java:460)&#10;        at app//org.apache.hadoop.ipc.CallQueueManager.take(CallQueueManager.java:370)&#10;        at app//org.apache.hadoop.ipc.Server$Handler.run(Server.java:3165)&#10;&quot;IPC Server handler 99 on default port 15000&quot; daemon prio=5 tid=225 timed_waiting&#10;java.lang.Thread.State: TIMED_WAITING&#10;        at java.base@21.0.7/jdk.internal.misc.Unsafe.park(Native Method)&#10;        at java.base@21.0.7/java.util.concurrent.locks.LockSupport.parkNanos(LockSupport.java:269)&#10;        at java.base@21.0.7/java.util.concurrent.locks.AbstractQueuedSynchronizer$ConditionObject.awaitNanos(AbstractQueuedSynchronizer.java:1763)&#10;        at java.base@21.0.7/java.util.concurrent.LinkedBlockingQueue.poll(LinkedBlockingQueue.java:460)&#10;        at app//org.apache.hadoop.ipc.CallQueueManager.take(CallQueueManager.java:370)&#10;        at app//org.apache.hadoop.ipc.Server$Handler.run(Server.java:3165)&#10;&quot;Socket Reader #1 for port 15006&quot;  prio=5 tid=456 runnable&#10;java.lang.Thread.State: RUNNABLE&#10;        at java.base@21.0.7/sun.nio.ch.EPoll.wait(Native Method)&#10;        at java.base@21.0.7/sun.nio.ch.EPollSelectorImpl.doSelect(EPollSelectorImpl.java:121)&#10;        at java.base@21.0.7/sun.nio.ch.SelectorImpl.lockAndDoSelect(SelectorImpl.java:130)&#10;        at java.base@21.0.7/sun.nio.ch.SelectorImpl.select(SelectorImpl.java:147)&#10;        at app//org.apache.hadoop.ipc.Server$Listener$Reader.doRunLoop(Server.java:1497)&#10;        at app//org.apache.hadoop.ipc.Server$Listener$Reader.run(Server.java:1476)&#10;&quot;Socket Reader #7 for port 15019&quot;  prio=5 tid=594 runnable&#10;java.lang.Thread.State: RUNNABLE&#10;        at java.base@21.0.7/sun.nio.ch.EPoll.wait(Native Method)&#10;        at java.base@21.0.7/sun.nio.ch.EPollSelectorImpl.doSelect(EPollSelectorImpl.java:121)&#10;        at java.base@21.0.7/sun.nio.ch.SelectorImpl.lockAndDoSelect(SelectorImpl.java:130)&#10;        at java.base@21.0.7/sun.nio.ch.SelectorImpl.select(SelectorImpl.java:147)&#10;        at app//org.apache.hadoop.ipc.Server$Listener$Reader.doRunLoop(Server.java:1497)&#10;        at app//org.apache.hadoop.ipc.Server$Listener$Reader.run(Server.java:1476)&#10;&quot;IPC Server handler 24 on default port 15001&quot; daemon prio=5 tid=250 timed_waiting&#10;java.lang.Thread.State: TIMED_WAITING&#10;        at java.base@21.0.7/jdk.internal.misc.Unsafe.park(Native Method)&#10;        at java.base@21.0.7/java.util.concurrent.locks.LockSupport.parkNanos(LockSupport.java:269)&#10;        at java.base@21.0.7/java.util.concurrent.locks.AbstractQueuedSynchronizer$ConditionObject.awaitNanos(AbstractQueuedSynchronizer.java:1763)&#10;        at java.base@21.0.7/java.util.concurrent.LinkedBlockingQueue.poll(LinkedBlockingQueue.java:460)&#10;        at app//org.apache.hadoop.ipc.CallQueueManager.take(CallQueueManager.java:370)&#10;        at app//org.apache.hadoop.ipc.Server$Handler.run(Server.java:3165)&#10;&quot;IPC Server handler 59 on default port 15002&quot; daemon prio=5 tid=403 timed_waiting&#10;java.lang.Thread.State: TIMED_WAITING&#10;        at java.base@21.0.7/jdk.internal.misc.Unsafe.park(Native Method)&#10;        at java.base@21.0.7/java.util.concurrent.locks.LockSupport.parkNanos(LockSupport.java:269)&#10;        at java.base@21.0.7/java.util.concurrent.locks.AbstractQueuedSynchronizer$ConditionObject.awaitNanos(AbstractQueuedSynchronizer.java:1763)&#10;        at java.base@21.0.7/java.util.concurrent.LinkedBlockingQueue.poll(LinkedBlockingQueue.java:460)&#10;        at app//org.apache.hadoop.ipc.CallQueueManager.take(CallQueueManager.java:370)&#10;        at app//org.apache.hadoop.ipc.Server$Handler.run(Server.java:3165)&#10;&quot;JvmPauseMonitor1&quot; daemon prio=5 tid=123 timed_waiting&#10;java.lang.Thread.State: TIMED_WAITING&#10;        at java.base@21.0.7/java.lang.Thread.sleep0(Native Method)&#10;        at java.base@21.0.7/java.lang.Thread.sleep(Thread.java:558)&#10;        at java.base@21.0.7/java.util.concurrent.TimeUnit.sleep(TimeUnit.java:446)&#10;        at app//org.apache.ratis.util.TimeDuration.sleep(TimeDuration.java:353)&#10;        at app//org.apache.ratis.util.TimeDuration.sleep(TimeDuration.java:338)&#10;        at app//org.apache.ratis.util.JvmPauseMonitor.detectPause(JvmPauseMonitor.java:160)&#10;        at app//org.apache.ratis.util.JvmPauseMonitor.run(JvmPauseMonitor.java:149)&#10;        at app//org.apache.ratis.util.JvmPauseMonitor$$Lambda/0x00007fe90439a488.run(Unknown Source)&#10;        at java.base@21.0.7/java.lang.Thread.runWith(Thread.java:1596)&#10;        at java.base@21.0.7/java.lang.Thread.run(Thread.java:1583)&#10;&quot;ContainerDataScanner(/home/runner/work/ozone/ozone/hadoop-ozone/integration-test/target/test-dir/MiniOzoneClusterImpl-723737d7-d862-4a19-a51f-6b1567aa62b1/ozone-meta/datanode-4/data-0/hdds)&quot; daemon prio=5 tid=829 timed_waiting&#10;java.lang.Thread.State: TIMED_WAITING&#10;        at java.base@21.0.7/java.lang.Thread.sleep0(Native Method)&#10;        at java.base@21.0.7/java.lang.Thread.sleep(Thread.java:509)&#10;        at app//org.apache.hadoop.ozone.container.ozoneimpl.AbstractBackgroundContainerScanner.handleRemainingSleep(AbstractBackgroundContainerScanner.java:133)&#10;        at app//org.apache.hadoop.ozone.container.ozoneimpl.AbstractBackgroundContainerScanner.runIteration(AbstractBackgroundContainerScanner.java:100)&#10;        at app//org.apache.hadoop.ozone.container.ozoneimpl.AbstractBackgroundContainerScanner.run(AbstractBackgroundContainerScanner.java:59)&#10;        at java.base@21.0.7/java.lang.Thread.runWith(Thread.java:1596)&#10;        at java.base@21.0.7/java.lang.Thread.run(Thread.java:1583)&#10;&quot;qtp1334632116-761&quot; daemon prio=5 tid=761 timed_waiting&#10;java.lang.Thread.State: TIMED_WAITING&#10;        at java.base@21.0.7/jdk.internal.misc.Unsafe.park(Native Method)&#10;        at java.base@21.0.7/java.util.concurrent.locks.LockSupport.parkNanos(LockSupport.java:269)&#10;        at java.base@21.0.7/java.util.concurrent.locks.AbstractQueuedSynchronizer$ConditionObject.awaitNanos(AbstractQueuedSynchronizer.java:1763)&#10;        at app//org.eclipse.jetty.util.BlockingArrayQueue.poll(BlockingArrayQueue.java:382)&#10;        at app//org.eclipse.jetty.util.thread.QueuedThreadPool$Runner.idleJobPoll(QueuedThreadPool.java:974)&#10;        at app//org.eclipse.jetty.util.thread.QueuedThreadPool$Runner.run(QueuedThreadPool.java:1018)&#10;        at java.base@21.0.7/java.lang.Thread.runWith(Thread.java:1596)&#10;        at java.base@21.0.7/java.lang.Thread.run(Thread.java:1583)&#10;&quot;Socket Reader #5 for port 15000&quot;  prio=5 tid=99 runnable&#10;java.lang.Thread.State: RUNNABLE&#10;        at java.base@21.0.7/sun.nio.ch.EPoll.wait(Native Method)&#10;        at java.base@21.0.7/sun.nio.ch.EPollSelectorImpl.doSelect(EPollSelectorImpl.java:121)&#10;        at java.base@21.0.7/sun.nio.ch.SelectorImpl.lockAndDoSelect(SelectorImpl.java:130)&#10;        at java.base@21.0.7/sun.nio.ch.SelectorImpl.select(SelectorImpl.java:147)&#10;        at app//org.apache.hadoop.ipc.Server$Listener$Reader.doRunLoop(Server.java:1497)&#10;        at app//org.apache.hadoop.ipc.Server$Listener$Reader.run(Server.java:1476)&#10;&quot;IPC Server handler 62 on default port 15000&quot; daemon prio=5 tid=188 timed_waiting&#10;java.lang.Thread.State: TIMED_WAITING&#10;        at java.base@21.0.7/jdk.internal.misc.Unsafe.park(Native Method)&#10;        at java.base@21.0.7/java.util.concurrent.locks.LockSupport.parkNanos(LockSupport.java:269)&#10;        at java.base@21.0.7/java.util.concurrent.locks.AbstractQueuedSynchronizer$ConditionObject.awaitNanos(AbstractQueuedSynchronizer.java:1763)&#10;        at java.base@21.0.7/java.util.concurrent.LinkedBlockingQueue.poll(LinkedBlockingQueue.java:460)&#10;        at app//org.apache.hadoop.ipc.CallQueueManager.take(CallQueueManager.java:370)&#10;        at app//org.apache.hadoop.ipc.Server$Handler.run(Server.java:3165)&#10;&quot;IPC Server handler 34 on default port 15002&quot; daemon prio=5 tid=378 timed_waiting&#10;java.lang.Thread.State: TIMED_WAITING&#10;        at java.base@21.0.7/jdk.internal.misc.Unsafe.park(Native Method)&#10;        at java.base@21.0.7/java.util.concurrent.locks.LockSupport.parkNanos(LockSupport.java:269)&#10;        at java.base@21.0.7/java.util.concurrent.locks.AbstractQueuedSynchronizer$ConditionObject.awaitNanos(AbstractQueuedSynchronizer.java:1763)&#10;        at java.base@21.0.7/java.util.concurrent.LinkedBlockingQueue.poll(LinkedBlockingQueue.java:460)&#10;        at app//org.apache.hadoop.ipc.CallQueueManager.take(CallQueueManager.java:370)&#10;        at app//org.apache.hadoop.ipc.Server$Handler.run(Server.java:3165)&#10;&quot;IPC Server handler 2 on default port 15006&quot; daemon prio=5 tid=507 timed_waiting&#10;java.lang.Thread.State: TIMED_WAITING&#10;        at java.base@21.0.7/jdk.internal.misc.Unsafe.park(Native Method)&#10;        at java.base@21.0.7/java.util.concurrent.locks.LockSupport.parkNanos(LockSupport.java:269)&#10;        at java.base@21.0.7/java.util.concurrent.locks.AbstractQueuedSynchronizer$ConditionObject.awaitNanos(AbstractQueuedSynchronizer.java:1763)&#10;        at java.base@21.0.7/java.util.concurrent.LinkedBlockingQueue.poll(LinkedBlockingQueue.java:460)&#10;        at app//org.apache.hadoop.ipc.CallQueueManager.take(CallQueueManager.java:370)&#10;        at app//org.apache.hadoop.ipc.Server$Handler.run(Server.java:3165)&#10;&quot;IPC Server handler 92 on default port 15002&quot; daemon prio=5 tid=436 timed_waiting&#10;java.lang.Thread.State: TIMED_WAITING&#10;        at java.base@21.0.7/jdk.internal.misc.Unsafe.park(Native Method)&#10;        at java.base@21.0.7/java.util.concurrent.locks.LockSupport.parkNanos(LockSupport.java:269)&#10;        at java.base@21.0.7/java.util.concurrent.locks.AbstractQueuedSynchronizer$ConditionObject.awaitNanos(AbstractQueuedSynchronizer.java:1763)&#10;        at java.base@21.0.7/java.util.concurrent.LinkedBlockingQueue.poll(LinkedBlockingQueue.java:460)&#10;        at app//org.apache.hadoop.ipc.CallQueueManager.take(CallQueueManager.java:370)&#10;        at app//org.apache.hadoop.ipc.Server$Handler.run(Server.java:3165)&#10;&quot;a755fe32-7d9a-4996-bc51-d7fbc67ab218-RocksDBCompactionThread-0&quot;  prio=5 tid=573 timed_waiting&#10;java.lang.Thread.State: TIMED_WAITING&#10;        at java.base@21.0.7/jdk.internal.misc.Unsafe.park(Native Method)&#10;        at java.base@21.0.7/java.util.concurrent.locks.LockSupport.parkNanos(LockSupport.java:269)&#10;        at java.base@21.0.7/java.util.concurrent.locks.AbstractQueuedSynchronizer$ConditionObject.awaitNanos(AbstractQueuedSynchronizer.java:1763)&#10;        at java.base@21.0.7/java.util.concurrent.ScheduledThreadPoolExecutor$DelayedWorkQueue.take(ScheduledThreadPoolExecutor.java:1182)&#10;        at java.base@21.0.7/java.util.concurrent.ScheduledThreadPoolExecutor$DelayedWorkQueue.take(ScheduledThreadPoolExecutor.java:899)&#10;        at java.base@21.0.7/java.util.concurrent.ThreadPoolExecutor.getTask(ThreadPoolExecutor.java:1070)&#10;        at java.base@21.0.7/java.util.concurrent.ThreadPoolExecutor.runWorker(ThreadPoolExecutor.java:1130)&#10;        at java.base@21.0.7/java.util.concurrent.ThreadPoolExecutor$Worker.run(ThreadPoolExecutor.java:642)&#10;        at java.base@21.0.7/java.lang.Thread.runWith(Thread.java:1596)&#10;        at java.base@21.0.7/java.lang.Thread.run(Thread.java:1583)&#10;&quot;qtp1044130468-579&quot; daemon prio=5 tid=579 runnable&#10;java.lang.Thread.State: RUNNABLE&#10;        at java.base@21.0.7/sun.nio.ch.EPoll.wait(Native Method)&#10;        at java.base@21.0.7/sun.nio.ch.EPollSelectorImpl.doSelect(EPollSelectorImpl.java:121)&#10;        at java.base@21.0.7/sun.nio.ch.SelectorImpl.lockAndDoSelect(SelectorImpl.java:130)&#10;        at java.base@21.0.7/sun.nio.ch.SelectorImpl.select(SelectorImpl.java:147)&#10;        at app//org.eclipse.jetty.io.ManagedSelector.nioSelect(ManagedSelector.java:183)&#10;        at app//org.eclipse.jetty.io.ManagedSelector.select(ManagedSelector.java:190)&#10;        at app//org.eclipse.jetty.io.ManagedSelector$SelectorProducer.select(ManagedSelector.java:606)&#10;        at app//org.eclipse.jetty.io.ManagedSelector$SelectorProducer.produce(ManagedSelector.java:543)&#10;        at app//org.eclipse.jetty.util.thread.strategy.EatWhatYouKill.produceTask(EatWhatYouKill.java:362)&#10;        at app//org.eclipse.jetty.util.thread.strategy.EatWhatYouKill.doProduce(EatWhatYouKill.java:186)&#10;        at app//org.eclipse.jetty.util.thread.strategy.EatWhatYouKill.tryProduce(EatWhatYouKill.java:173)&#10;        at app//org.eclipse.jetty.util.thread.strategy.EatWhatYouKill.produce(EatWhatYouKill.java:137)&#10;        at app//org.eclipse.jetty.io.ManagedSelector$$Lambda/0x00007fe9046a5948.run(Unknown Source)&#10;        at app//org.eclipse.jetty.util.thread.QueuedThreadPool.runJob(QueuedThreadPool.java:883)&#10;        at app//org.eclipse.jetty.util.thread.QueuedThreadPool$Runner.run(QueuedThreadPool.java:1034)&#10;        at java.base@21.0.7/java.lang.Thread.runWith(Thread.java:1596)&#10;        at java.base@21.0.7/java.lang.Thread.run(Thread.java:1583)&#10;&quot;grpc-default-executor-5&quot; daemon prio=5 tid=994 timed_waiting&#10;java.lang.Thread.State: TIMED_WAITING&#10;        at java.base@21.0.7/jdk.internal.misc.Unsafe.park(Native Method)&#10;        at java.base@21.0.7/java.util.concurrent.locks.LockSupport.parkNanos(LockSupport.java:410)&#10;        at java.base@21.0.7/java.util.concurrent.LinkedTransferQueue$DualNode.await(LinkedTransferQueue.java:452)&#10;        at java.base@21.0.7/java.util.concurrent.SynchronousQueue$Transferer.xferLifo(SynchronousQueue.java:194)&#10;        at java.base@21.0.7/java.util.concurrent.SynchronousQueue.xfer(SynchronousQueue.java:235)&#10;        at java.base@21.0.7/java.util.concurrent.SynchronousQueue.poll(SynchronousQueue.java:338)&#10;        at java.base@21.0.7/java.util.concurrent.ThreadPoolExecutor.getTask(ThreadPoolExecutor.java:1069)&#10;        at java.base@21.0.7/java.util.concurrent.ThreadPoolExecutor.runWorker(ThreadPoolExecutor.java:1130)&#10;        at java.base@21.0.7/java.util.concurrent.ThreadPoolExecutor$Worker.run(ThreadPoolExecutor.java:642)&#10;        at java.base@21.0.7/java.lang.Thread.runWith(Thread.java:1596)&#10;        at java.base@21.0.7/java.lang.Thread.run(Thread.java:1583)&#10;&quot;IPC Server handler 0 on default port 15002&quot; daemon prio=5 tid=344 timed_waiting&#10;java.lang.Thread.State: TIMED_WAITING&#10;        at java.base@21.0.7/jdk.internal.misc.Unsafe.park(Native Method)&#10;        at java.base@21.0.7/java.util.concurrent.locks.LockSupport.parkNanos(LockSupport.java:269)&#10;        at java.base@21.0.7/java.util.concurrent.locks.AbstractQueuedSynchronizer$ConditionObject.awaitNanos(AbstractQueuedSynchronizer.java:1763)&#10;        at java.base@21.0.7/java.util.concurrent.LinkedBlockingQueue.poll(LinkedBlockingQueue.java:460)&#10;        at app//org.apache.hadoop.ipc.CallQueueManager.take(CallQueueManager.java:370)&#10;        at app//org.apache.hadoop.ipc.Server$Handler.run(Server.java:3165)&#10;&quot;IPC Server handler 1 on default port 15002&quot; daemon prio=5 tid=345 timed_waiting&#10;java.lang.Thread.State: TIMED_WAITING&#10;        at java.base@21.0.7/jdk.internal.misc.Unsafe.park(Native Method)&#10;        at java.base@21.0.7/java.util.concurrent.locks.LockSupport.parkNanos(LockSupport.java:269)&#10;        at java.base@21.0.7/java.util.concurrent.locks.AbstractQueuedSynchronizer$ConditionObject.awaitNanos(AbstractQueuedSynchronizer.java:1763)&#10;        at java.base@21.0.7/java.util.concurrent.LinkedBlockingQueue.poll(LinkedBlockingQueue.java:460)&#10;        at app//org.apache.hadoop.ipc.CallQueueManager.take(CallQueueManager.java:370)&#10;        at app//org.apache.hadoop.ipc.Server$Handler.run(Server.java:3165)&#10;&quot;om1@group-C5BA1605619E-LeaderStateImpl&quot; daemon prio=5 tid=634 timed_waiting&#10;java.lang.Thread.State: TIMED_WAITING&#10;        at java.base@21.0.7/jdk.internal.misc.Unsafe.park(Native Method)&#10;        at java.base@21.0.7/java.util.concurrent.locks.LockSupport.parkNanos(LockSupport.java:269)&#10;        at java.base@21.0.7/java.util.concurrent.locks.AbstractQueuedSynchronizer$ConditionObject.awaitNanos(AbstractQueuedSynchronizer.java:1763)&#10;        at java.base@21.0.7/java.util.concurrent.ArrayBlockingQueue.poll(ArrayBlockingQueue.java:435)&#10;        at app//org.apache.ratis.server.impl.LeaderStateImpl$EventQueue.poll(LeaderStateImpl.java:164)&#10;        at app//org.apache.ratis.server.impl.LeaderStateImpl$EventProcessor.run(LeaderStateImpl.java:763)&#10;&quot;78b7fabf-ca2a-4b70-8534-e46926e2083c-groupManagement&quot;  prio=5 tid=964 in Object.wait()&#10;java.lang.Thread.State: WAITING (on object monitor)&#10;        at java.base@21.0.7/jdk.internal.misc.Unsafe.park(Native Method)&#10;        at java.base@21.0.7/java.util.concurrent.locks.LockSupport.park(LockSupport.java:371)&#10;        at java.base@21.0.7/java.util.concurrent.locks.AbstractQueuedSynchronizer$ConditionNode.block(AbstractQueuedSynchronizer.java:519)&#10;        at java.base@21.0.7/java.util.concurrent.ForkJoinPool.unmanagedBlock(ForkJoinPool.java:3780)&#10;        at java.base@21.0.7/java.util.concurrent.ForkJoinPool.managedBlock(ForkJoinPool.java:3725)&#10;        at java.base@21.0.7/java.util.concurrent.locks.AbstractQueuedSynchronizer$ConditionObject.await(AbstractQueuedSynchronizer.java:1712)&#10;        at java.base@21.0.7/java.util.concurrent.LinkedBlockingQueue.take(LinkedBlockingQueue.java:435)&#10;        at java.base@21.0.7/java.util.concurrent.ThreadPoolExecutor.getTask(ThreadPoolExecutor.java:1070)&#10;        at java.base@21.0.7/java.util.concurrent.ThreadPoolExecutor.runWorker(ThreadPoolExecutor.java:1130)&#10;        at java.base@21.0.7/java.util.concurrent.ThreadPoolExecutor$Worker.run(ThreadPoolExecutor.java:642)&#10;        at java.base@21.0.7/java.lang.Thread.runWith(Thread.java:1596)&#10;        at java.base@21.0.7/java.lang.Thread.run(Thread.java:1583)&#10;&quot;grpc-default-worker-ELG-5-1&quot; daemon prio=5 tid=871 runnable&#10;java.lang.Thread.State: RUNNABLE&#10;        at app//org.apache.ratis.thirdparty.io.netty.channel.epoll.Native.epollWait0(Native Method)&#10;        at app//org.apache.ratis.thirdparty.io.netty.channel.epoll.Native.epollWait(Native.java:193)&#10;        at app//org.apache.ratis.thirdparty.io.netty.channel.epoll.EpollEventLoop.epollWait(EpollEventLoop.java:304)&#10;        at app//org.apache.ratis.thirdparty.io.netty.channel.epoll.EpollEventLoop.run(EpollEventLoop.java:368)&#10;        at app//org.apache.ratis.thirdparty.io.netty.util.concurrent.SingleThreadEventExecutor$4.run(SingleThreadEventExecutor.java:997)&#10;        at app//org.apache.ratis.thirdparty.io.netty.util.internal.ThreadExecutorMap$2.run(ThreadExecutorMap.java:74)&#10;        at app//org.apache.ratis.thirdparty.io.netty.util.concurrent.FastThreadLocalRunnable.run(FastThreadLocalRunnable.java:30)&#10;        at java.base@21.0.7/java.lang.Thread.runWith(Thread.java:1596)&#10;        at java.base@21.0.7/java.lang.Thread.run(Thread.java:1583)&#10;&quot;IPC Server handler 43 on default port 15000&quot; daemon prio=5 tid=169 timed_waiting&#10;java.lang.Thread.State: TIMED_WAITING&#10;        at java.base@21.0.7/jdk.internal.misc.Unsafe.park(Native Method)&#10;        at java.base@21.0.7/java.util.concurrent.locks.LockSupport.parkNanos(LockSupport.java:269)&#10;        at java.base@21.0.7/java.util.concurrent.locks.AbstractQueuedSynchronizer$ConditionObject.awaitNanos(AbstractQueuedSynchronizer.java:1763)&#10;        at java.base@21.0.7/java.util.concurrent.LinkedBlockingQueue.poll(LinkedBlockingQueue.java:460)&#10;        at app//org.apache.hadoop.ipc.CallQueueManager.take(CallQueueManager.java:370)&#10;        at app//org.apache.hadoop.ipc.Server$Handler.run(Server.java:3165)&#10;&quot;78b7fabf-ca2a-4b70-8534-e46926e2083c@group-24323FEED52C-cacheEviction-AwaitToRun&quot; daemon prio=5 tid=966 in Object.wait()&#10;java.lang.Thread.State: WAITING (on object monitor)&#10;        at java.base@21.0.7/jdk.internal.misc.Unsafe.park(Native Method)&#10;        at java.base@21.0.7/java.util.concurrent.locks.LockSupport.park(LockSupport.java:371)&#10;        at java.base@21.0.7/java.util.concurrent.locks.AbstractQueuedSynchronizer$ConditionNode.block(AbstractQueuedSynchronizer.java:519)&#10;        at java.base@21.0.7/java.util.concurrent.ForkJoinPool.unmanagedBlock(ForkJoinPool.java:3780)&#10;        at java.base@21.0.7/java.util.concurrent.ForkJoinPool.managedBlock(ForkJoinPool.java:3725)&#10;        at java.base@21.0.7/java.util.concurrent.locks.AbstractQueuedSynchronizer$ConditionObject.await(AbstractQueuedSynchronizer.java:1712)&#10;        at app//org.apache.ratis.util.AwaitForSignal.await(AwaitForSignal.java:48)&#10;        at app//org.apache.ratis.util.AwaitToRun$RunnableImpl.run(AwaitToRun.java:47)&#10;        at java.base@21.0.7/java.lang.Thread.runWith(Thread.java:1596)&#10;        at java.base@21.0.7/java.lang.Thread.run(Thread.java:1583)&#10;&quot;qtp207012443-625&quot; daemon prio=5 tid=625 runnable&#10;java.lang.Thread.State: RUNNABLE&#10;        at java.base@21.0.7/sun.nio.ch.EPoll.wait(Native Method)&#10;        at java.base@21.0.7/sun.nio.ch.EPollSelectorImpl.doSelect(EPollSelectorImpl.java:121)&#10;        at java.base@21.0.7/sun.nio.ch.SelectorImpl.lockAndDoSelect(SelectorImpl.java:130)&#10;        at java.base@21.0.7/sun.nio.ch.SelectorImpl.select(SelectorImpl.java:147)&#10;        at app//org.eclipse.jetty.io.ManagedSelector.nioSelect(ManagedSelector.java:183)&#10;        at app//org.eclipse.jetty.io.ManagedSelector.select(ManagedSelector.java:190)&#10;        at app//org.eclipse.jetty.io.ManagedSelector$SelectorProducer.select(ManagedSelector.java:606)&#10;        at app//org.eclipse.jetty.io.ManagedSelector$SelectorProducer.produce(ManagedSelector.java:543)&#10;        at app//org.eclipse.jetty.util.thread.strategy.EatWhatYouKill.produceTask(EatWhatYouKill.java:362)&#10;        at app//org.eclipse.jetty.util.thread.strategy.EatWhatYouKill.doProduce(EatWhatYouKill.java:186)&#10;        at app//org.eclipse.jetty.util.thread.strategy.EatWhatYouKill.tryProduce(EatWhatYouKill.java:173)&#10;        at app//org.eclipse.jetty.util.thread.strategy.EatWhatYouKill.produce(EatWhatYouKill.java:137)&#10;        at app//org.eclipse.jetty.io.ManagedSelector$$Lambda/0x00007fe9046a5948.run(Unknown Source)&#10;        at app//org.eclipse.jetty.util.thread.QueuedThreadPool.runJob(QueuedThreadPool.java:883)&#10;        at app//org.eclipse.jetty.util.thread.QueuedThreadPool$Runner.run(QueuedThreadPool.java:1034)&#10;        at java.base@21.0.7/java.lang.Thread.runWith(Thread.java:1596)&#10;        at java.base@21.0.7/java.lang.Thread.run(Thread.java:1583)&#10;&quot;0cf558f4-2ca5-4c9f-a057-d7d7b755ef43@group-6B1567AA62B1-SegmentedRaftLogWorker&quot;  prio=5 tid=119 timed_waiting&#10;java.lang.Thread.State: TIMED_WAITING&#10;        at java.base@21.0.7/jdk.internal.misc.Unsafe.park(Native Method)&#10;        at java.base@21.0.7/java.util.concurrent.locks.LockSupport.parkNanos(LockSupport.java:269)&#10;        at java.base@21.0.7/java.util.concurrent.locks.AbstractQueuedSynchronizer$ConditionObject.awaitNanos(AbstractQueuedSynchronizer.java:1763)&#10;        at app//org.apache.ratis.util.DataBlockingQueue.poll(DataBlockingQueue.java:148)&#10;        at app//org.apache.ratis.server.raftlog.segmented.SegmentedRaftLogWorker.run(SegmentedRaftLogWorker.java:307)&#10;        at app//org.apache.ratis.server.raftlog.segmented.SegmentedRaftLogWorker$$Lambda/0x00007fe904381950.run(Unknown Source)&#10;        at java.base@21.0.7/java.util.concurrent.Executors$RunnableAdapter.call(Executors.java:572)&#10;        at java.base@21.0.7/java.util.concurrent.FutureTask.run(FutureTask.java:317)&#10;        at java.base@21.0.7/java.util.concurrent.ThreadPoolExecutor.runWorker(ThreadPoolExecutor.java:1144)&#10;        at java.base@21.0.7/java.util.concurrent.ThreadPoolExecutor$Worker.run(ThreadPoolExecutor.java:642)&#10;        at java.base@21.0.7/java.lang.Thread.runWith(Thread.java:1596)&#10;        at java.base@21.0.7/java.lang.Thread.run(Thread.java:1583)&#10;&quot;IPC Server handler 24 on default port 15000&quot; daemon prio=5 tid=150 timed_waiting&#10;java.lang.Thread.State: TIMED_WAITING&#10;        at java.base@21.0.7/jdk.internal.misc.Unsafe.park(Native Method)&#10;        at java.base@21.0.7/java.util.concurrent.locks.LockSupport.parkNanos(LockSupport.java:269)&#10;        at java.base@21.0.7/java.util.concurrent.locks.AbstractQueuedSynchronizer$ConditionObject.awaitNanos(AbstractQueuedSynchronizer.java:1763)&#10;        at java.base@21.0.7/java.util.concurrent.LinkedBlockingQueue.poll(LinkedBlockingQueue.java:460)&#10;        at app//org.apache.hadoop.ipc.CallQueueManager.take(CallQueueManager.java:370)&#10;        at app//org.apache.hadoop.ipc.Server$Handler.run(Server.java:3165)&#10;&quot;0cf558f4-2ca5-4c9f-a057-d7d7b755ef43-groupManagement&quot;  prio=5 tid=57 in Object.wait()&#10;java.lang.Thread.State: WAITING (on object monitor)&#10;        at java.base@21.0.7/jdk.internal.misc.Unsafe.park(Native Method)&#10;        at java.base@21.0.7/java.util.concurrent.locks.LockSupport.park(LockSupport.java:371)&#10;        at java.base@21.0.7/java.util.concurrent.locks.AbstractQueuedSynchronizer$ConditionNode.block(AbstractQueuedSynchronizer.java:519)&#10;        at java.base@21.0.7/java.util.concurrent.ForkJoinPool.unmanagedBlock(ForkJoinPool.java:3780)&#10;        at java.base@21.0.7/java.util.concurrent.ForkJoinPool.managedBlock(ForkJoinPool.java:3725)&#10;        at java.base@21.0.7/java.util.concurrent.locks.AbstractQueuedSynchronizer$ConditionObject.await(AbstractQueuedSynchronizer.java:1712)&#10;        at java.base@21.0.7/java.util.concurrent.LinkedBlockingQueue.take(LinkedBlockingQueue.java:435)&#10;        at java.base@21.0.7/java.util.concurrent.ThreadPoolExecutor.getTask(ThreadPoolExecutor.java:1070)&#10;        at java.base@21.0.7/java.util.concurrent.ThreadPoolExecutor.runWorker(ThreadPoolExecutor.java:1130)&#10;        at java.base@21.0.7/java.util.concurrent.ThreadPoolExecutor$Worker.run(ThreadPoolExecutor.java:642)&#10;        at java.base@21.0.7/java.lang.Thread.runWith(Thread.java:1596)&#10;        at java.base@21.0.7/java.lang.Thread.run(Thread.java:1583)&#10;&quot;Socket Reader #2 for port 15027&quot;  prio=5 tid=641 runnable&#10;java.lang.Thread.State: RUNNABLE&#10;        at java.base@21.0.7/sun.nio.ch.EPoll.wait(Native Method)&#10;        at java.base@21.0.7/sun.nio.ch.EPollSelectorImpl.doSelect(EPollSelectorImpl.java:121)&#10;        at java.base@21.0.7/sun.nio.ch.SelectorImpl.lockAndDoSelect(SelectorImpl.java:130)&#10;        at java.base@21.0.7/sun.nio.ch.SelectorImpl.select(SelectorImpl.java:147)&#10;        at app//org.apache.hadoop.ipc.Server$Listener$Reader.doRunLoop(Server.java:1497)&#10;        at app//org.apache.hadoop.ipc.Server$Listener$Reader.run(Server.java:1476)&#10;&quot;IPC Server handler 54 on default port 15000&quot; daemon prio=5 tid=180 timed_waiting&#10;java.lang.Thread.State: TIMED_WAITING&#10;        at java.base@21.0.7/jdk.internal.misc.Unsafe.park(Native Method)&#10;        at java.base@21.0.7/java.util.concurrent.locks.LockSupport.parkNanos(LockSupport.java:269)&#10;        at java.base@21.0.7/java.util.concurrent.locks.AbstractQueuedSynchronizer$ConditionObject.awaitNanos(AbstractQueuedSynchronizer.java:1763)&#10;        at java.base@21.0.7/java.util.concurrent.LinkedBlockingQueue.poll(LinkedBlockingQueue.java:460)&#10;        at app//org.apache.hadoop.ipc.CallQueueManager.take(CallQueueManager.java:370)&#10;        at app//org.apache.hadoop.ipc.Server$Handler.run(Server.java:3165)&#10;&quot;IPC Server handler 7 on default port 15035&quot; daemon prio=5 tid=740 timed_waiting&#10;java.lang.Thread.State: TIMED_WAITING&#10;        at java.base@21.0.7/jdk.internal.misc.Unsafe.park(Native Method)&#10;        at java.base@21.0.7/java.util.concurrent.locks.LockSupport.parkNanos(LockSupport.java:269)&#10;        at java.base@21.0.7/java.util.concurrent.locks.AbstractQueuedSynchronizer$ConditionObject.awaitNanos(AbstractQueuedSynchronizer.java:1763)&#10;        at java.base@21.0.7/java.util.concurrent.LinkedBlockingQueue.poll(LinkedBlockingQueue.java:460)&#10;        at app//org.apache.hadoop.ipc.CallQueueManager.take(CallQueueManager.java:370)&#10;        at app//org.apache.hadoop.ipc.Server$Handler.run(Server.java:3165)&#10;&quot;IPC Server handler 61 on default port 15002&quot; daemon prio=5 tid=405 timed_waiting&#10;java.lang.Thread.State: TIMED_WAITING&#10;        at java.base@21.0.7/jdk.internal.misc.Unsafe.park(Native Method)&#10;        at java.base@21.0.7/java.util.concurrent.locks.LockSupport.parkNanos(LockSupport.java:269)&#10;        at java.base@21.0.7/java.util.concurrent.locks.AbstractQueuedSynchronizer$ConditionObject.awaitNanos(AbstractQueuedSynchronizer.java:1763)&#10;        at java.base@21.0.7/java.util.concurrent.LinkedBlockingQueue.poll(LinkedBlockingQueue.java:460)&#10;        at app//org.apache.hadoop.ipc.CallQueueManager.take(CallQueueManager.java:370)&#10;        at app//org.apache.hadoop.ipc.Server$Handler.run(Server.java:3165)&#10;&quot;IPC Server idle connection scanner for port 15035&quot; daemon prio=5 tid=730 timed_waiting&#10;java.lang.Thread.State: TIMED_WAITING&#10;        at java.base@21.0.7/java.lang.Object.wait0(Native Method)&#10;        at java.base@21.0.7/java.lang.Object.wait(Object.java:366)&#10;        at java.base@21.0.7/java.util.TimerThread.mainLoop(Timer.java:563)&#10;        at java.base@21.0.7/java.util.TimerThread.run(Timer.java:516)&#10;&quot;Socket Reader #6 for port 15000&quot;  prio=5 tid=100 runnable&#10;java.lang.Thread.State: RUNNABLE&#10;        at java.base@21.0.7/sun.nio.ch.EPoll.wait(Native Method)&#10;        at java.base@21.0.7/sun.nio.ch.EPollSelectorImpl.doSelect(EPollSelectorImpl.java:121)&#10;        at java.base@21.0.7/sun.nio.ch.SelectorImpl.lockAndDoSelect(SelectorImpl.java:130)&#10;        at java.base@21.0.7/sun.nio.ch.SelectorImpl.select(SelectorImpl.java:147)&#10;        at app//org.apache.hadoop.ipc.Server$Listener$Reader.doRunLoop(Server.java:1497)&#10;        at app//org.apache.hadoop.ipc.Server$Listener$Reader.run(Server.java:1476)&#10;&quot;qtp588626443-682-acceptor-0@4ee100c-ServerConnector@2eac7950{HTTP/1.1, (http/1.1)}{0.0.0.0:15034}&quot; daemon prio=3 tid=682 runnable&#10;java.lang.Thread.State: RUNNABLE&#10;        at java.base@21.0.7/sun.nio.ch.Net.accept(Native Method)&#10;        at java.base@21.0.7/sun.nio.ch.ServerSocketChannelImpl.implAccept(ServerSocketChannelImpl.java:433)&#10;        at java.base@21.0.7/sun.nio.ch.ServerSocketChannelImpl.accept(ServerSocketChannelImpl.java:399)&#10;        at app//org.eclipse.jetty.server.ServerConnector.accept(ServerConnector.java:388)&#10;        at app//org.eclipse.jetty.server.AbstractConnector$Acceptor.run(AbstractConnector.java:704)&#10;        at app//org.eclipse.jetty.util.thread.QueuedThreadPool.runJob(QueuedThreadPool.java:883)&#10;        at app//org.eclipse.jetty.util.thread.QueuedThreadPool$Runner.run(QueuedThreadPool.java:1034)&#10;        at java.base@21.0.7/java.lang.Thread.runWith(Thread.java:1596)&#10;        at java.base@21.0.7/java.lang.Thread.run(Thread.java:1583)&#10;&quot;Socket Reader #4 for port 15027&quot;  prio=5 tid=643 runnable&#10;java.lang.Thread.State: RUNNABLE&#10;        at java.base@21.0.7/sun.nio.ch.EPoll.wait(Native Method)&#10;        at java.base@21.0.7/sun.nio.ch.EPollSelectorImpl.doSelect(EPollSelectorImpl.java:121)&#10;        at java.base@21.0.7/sun.nio.ch.SelectorImpl.lockAndDoSelect(SelectorImpl.java:130)&#10;        at java.base@21.0.7/sun.nio.ch.SelectorImpl.select(SelectorImpl.java:147)&#10;        at app//org.apache.hadoop.ipc.Server$Listener$Reader.doRunLoop(Server.java:1497)&#10;        at app//org.apache.hadoop.ipc.Server$Listener$Reader.run(Server.java:1476)&#10;&quot;FixedThreadPoolWithAffinityExecutor-0-0&quot; daemon prio=5 tid=108 timed_waiting&#10;java.lang.Thread.State: TIMED_WAITING&#10;        at java.base@21.0.7/jdk.internal.misc.Unsafe.park(Native Method)&#10;        at java.base@21.0.7/java.util.concurrent.locks.LockSupport.parkNanos(LockSupport.java:269)&#10;        at java.base@21.0.7/java.util.concurrent.locks.AbstractQueuedSynchronizer$ConditionObject.awaitNanos(AbstractQueuedSynchronizer.java:1763)&#10;        at java.base@21.0.7/java.util.concurrent.LinkedBlockingQueue.poll(LinkedBlockingQueue.java:460)&#10;        at app//org.apache.hadoop.hdds.scm.server.ContainerReportQueue.poll(ContainerReportQueue.java:269)&#10;        at app//org.apache.hadoop.hdds.scm.server.ContainerReportQueue.poll(ContainerReportQueue.java:42)&#10;        at app//org.apache.hadoop.hdds.server.events.FixedThreadPoolWithAffinityExecutor$ContainerReportProcessTask.run(FixedThreadPoolWithAffinityExecutor.java:228)&#10;        at java.base@21.0.7/java.util.concurrent.Executors$RunnableAdapter.call(Executors.java:572)&#10;        at java.base@21.0.7/java.util.concurrent.FutureTask.run(FutureTask.java:317)&#10;        at java.base@21.0.7/java.util.concurrent.ThreadPoolExecutor.runWorker(ThreadPoolExecutor.java:1144)&#10;        at java.base@21.0.7/java.util.concurrent.ThreadPoolExecutor$Worker.run(ThreadPoolExecutor.java:642)&#10;        at java.base@21.0.7/java.lang.Thread.runWith(Thread.java:1596)&#10;        at java.base@21.0.7/java.lang.Thread.run(Thread.java:1583)&#10;&quot;dacc202e-cd42-4a7a-b335-fe62dff69130-DatanodeStateMachineDaemonThread&quot; daemon prio=10 tid=663 timed_waiting&#10;java.lang.Thread.State: TIMED_WAITING&#10;        at java.base@21.0.7/java.lang.Thread.sleep0(Native Method)&#10;        at java.base@21.0.7/java.lang.Thread.sleep(Thread.java:509)&#10;        at app//org.apache.hadoop.ozone.container.common.statemachine.DatanodeStateMachine.startStateMachineThread(DatanodeStateMachine.java:361)&#10;        at app//org.apache.hadoop.ozone.container.common.statemachine.DatanodeStateMachine.lambda$startDaemon$1(DatanodeStateMachine.java:547)&#10;        at app//org.apache.hadoop.ozone.container.common.statemachine.DatanodeStateMachine$$Lambda/0x00007fe904822e48.run(Unknown Source)&#10;        at java.base@21.0.7/java.lang.Thread.runWith(Thread.java:1596)&#10;        at java.base@21.0.7/java.lang.Thread.run(Thread.java:1583)&#10;&quot;IPC Server handler 42 on default port 15000&quot; daemon prio=5 tid=168 timed_waiting&#10;java.lang.Thread.State: TIMED_WAITING&#10;        at java.base@21.0.7/jdk.internal.misc.Unsafe.park(Native Method)&#10;        at java.base@21.0.7/java.util.concurrent.locks.LockSupport.parkNanos(LockSupport.java:269)&#10;        at java.base@21.0.7/java.util.concurrent.locks.AbstractQueuedSynchronizer$ConditionObject.awaitNanos(AbstractQueuedSynchronizer.java:1763)&#10;        at java.base@21.0.7/java.util.concurrent.LinkedBlockingQueue.poll(LinkedBlockingQueue.java:460)&#10;        at app//org.apache.hadoop.ipc.CallQueueManager.take(CallQueueManager.java:370)&#10;        at app//org.apache.hadoop.ipc.Server$Handler.run(Server.java:3165)&#10;&quot;IPC Server handler 85 on default port 15001&quot; daemon prio=5 tid=311 timed_waiting&#10;java.lang.Thread.State: TIMED_WAITING&#10;        at java.base@21.0.7/jdk.internal.misc.Unsafe.park(Native Method)&#10;        at java.base@21.0.7/java.util.concurrent.locks.LockSupport.parkNanos(LockSupport.java:269)&#10;        at java.base@21.0.7/java.util.concurrent.locks.AbstractQueuedSynchronizer$ConditionObject.awaitNanos(AbstractQueuedSynchronizer.java:1763)&#10;        at java.base@21.0.7/java.util.concurrent.LinkedBlockingQueue.poll(LinkedBlockingQueue.java:460)&#10;        at app//org.apache.hadoop.ipc.CallQueueManager.take(CallQueueManager.java:370)&#10;        at app//org.apache.hadoop.ipc.Server$Handler.run(Server.java:3165)&#10;&quot;qtp588626443-683&quot; daemon prio=5 tid=683 timed_waiting&#10;java.lang.Thread.State: TIMED_WAITING&#10;        at java.base@21.0.7/jdk.internal.misc.Unsafe.park(Native Method)&#10;        at java.base@21.0.7/java.util.concurrent.locks.LockSupport.parkNanos(LockSupport.java:269)&#10;        at java.base@21.0.7/java.util.concurrent.locks.AbstractQueuedSynchronizer$ConditionObject.awaitNanos(AbstractQueuedSynchronizer.java:1763)&#10;        at app//org.eclipse.jetty.util.BlockingArrayQueue.poll(BlockingArrayQueue.java:382)&#10;        at app//org.eclipse.jetty.util.thread.QueuedThreadPool$Runner.idleJobPoll(QueuedThreadPool.java:974)&#10;        at app//org.eclipse.jetty.util.thread.QueuedThreadPool$Runner.run(QueuedThreadPool.java:1018)&#10;        at java.base@21.0.7/java.lang.Thread.runWith(Thread.java:1596)&#10;        at java.base@21.0.7/java.lang.Thread.run(Thread.java:1583)&#10;&quot;IPC Server idle connection scanner for port 15002&quot; daemon prio=5 tid=77 timed_waiting&#10;java.lang.Thread.State: TIMED_WAITING&#10;        at java.base@21.0.7/java.lang.Object.wait0(Native Method)&#10;        at java.base@21.0.7/java.lang.Object.wait(Object.java:366)&#10;        at java.base@21.0.7/java.util.TimerThread.mainLoop(Timer.java:563)&#10;        at java.base@21.0.7/java.util.TimerThread.run(Timer.java:516)&#10;&quot;IPC Server Responder&quot; daemon prio=5 tid=78 runnable&#10;java.lang.Thread.State: RUNNABLE&#10;        at java.base@21.0.7/sun.nio.ch.EPoll.wait(Native Method)&#10;        at java.base@21.0.7/sun.nio.ch.EPollSelectorImpl.doSelect(EPollSelectorImpl.java:121)&#10;        at java.base@21.0.7/sun.nio.ch.SelectorImpl.lockAndDoSelect(SelectorImpl.java:130)&#10;        at java.base@21.0.7/sun.nio.ch.SelectorImpl.select(SelectorImpl.java:142)&#10;        at app//org.apache.hadoop.ipc.Server$Responder.doRunLoop(Server.java:1733)&#10;        at app//org.apache.hadoop.ipc.Server$Responder.run(Server.java:1716)&#10;&quot;IPC Server handler 26 on default port 15001&quot; daemon prio=5 tid=252 timed_waiting&#10;java.lang.Thread.State: TIMED_WAITING&#10;        at java.base@21.0.7/jdk.internal.misc.Unsafe.park(Native Method)&#10;        at java.base@21.0.7/java.util.concurrent.locks.LockSupport.parkNanos(LockSupport.java:269)&#10;        at java.base@21.0.7/java.util.concurrent.locks.AbstractQueuedSynchronizer$ConditionObject.awaitNanos(AbstractQueuedSynchronizer.java:1763)&#10;        at java.base@21.0.7/java.util.concurrent.LinkedBlockingQueue.poll(LinkedBlockingQueue.java:460)&#10;        at app//org.apache.hadoop.ipc.CallQueueManager.take(CallQueueManager.java:370)&#10;        at app//org.apache.hadoop.ipc.Server$Handler.run(Server.java:3165)&#10;&quot;IPC Server handler 4 on default port 15035&quot; daemon prio=5 tid=737 timed_waiting&#10;java.lang.Thread.State: TIMED_WAITING&#10;        at java.base@21.0.7/jdk.internal.misc.Unsafe.park(Native Method)&#10;        at java.base@21.0.7/java.util.concurrent.locks.LockSupport.parkNanos(LockSupport.java:269)&#10;        at java.base@21.0.7/java.util.concurrent.locks.AbstractQueuedSynchronizer$ConditionObject.awaitNanos(AbstractQueuedSynchronizer.java:1763)&#10;        at java.base@21.0.7/java.util.concurrent.LinkedBlockingQueue.poll(LinkedBlockingQueue.java:460)&#10;        at app//org.apache.hadoop.ipc.CallQueueManager.take(CallQueueManager.java:370)&#10;        at app//org.apache.hadoop.ipc.Server$Handler.run(Server.java:3165)&#10;&quot;Timer for &apos;StorageContainerManager&apos; metrics system&quot; daemon prio=5 tid=125 timed_waiting&#10;java.lang.Thread.State: TIMED_WAITING&#10;        at java.base@21.0.7/java.lang.Object.wait0(Native Method)&#10;        at java.base@21.0.7/java.lang.Object.wait(Object.java:366)&#10;        at java.base@21.0.7/java.util.TimerThread.mainLoop(Timer.java:563)&#10;        at java.base@21.0.7/java.util.TimerThread.run(Timer.java:516)&#10;&quot;IPC Server handler 54 on default port 15001&quot; daemon prio=5 tid=280 timed_waiting&#10;java.lang.Thread.State: TIMED_WAITING&#10;        at java.base@21.0.7/jdk.internal.misc.Unsafe.park(Native Method)&#10;        at java.base@21.0.7/java.util.concurrent.locks.LockSupport.parkNanos(LockSupport.java:269)&#10;        at java.base@21.0.7/java.util.concurrent.locks.AbstractQueuedSynchronizer$ConditionObject.awaitNanos(AbstractQueuedSynchronizer.java:1763)&#10;        at java.base@21.0.7/java.util.concurrent.LinkedBlockingQueue.poll(LinkedBlockingQueue.java:460)&#10;        at app//org.apache.hadoop.ipc.CallQueueManager.take(CallQueueManager.java:370)&#10;        at app//org.apache.hadoop.ipc.Server$Handler.run(Server.java:3165)&#10;&quot;IPC Server handler 95 on default port 15001&quot; daemon prio=5 tid=321 timed_waiting&#10;java.lang.Thread.State: TIMED_WAITING&#10;        at java.base@21.0.7/jdk.internal.misc.Unsafe.park(Native Method)&#10;        at java.base@21.0.7/java.util.concurrent.locks.LockSupport.parkNanos(LockSupport.java:269)&#10;        at java.base@21.0.7/java.util.concurrent.locks.AbstractQueuedSynchronizer$ConditionObject.awaitNanos(AbstractQueuedSynchronizer.java:1763)&#10;        at java.base@21.0.7/java.util.concurrent.LinkedBlockingQueue.poll(LinkedBlockingQueue.java:460)&#10;        at app//org.apache.hadoop.ipc.CallQueueManager.take(CallQueueManager.java:370)&#10;        at app//org.apache.hadoop.ipc.Server$Handler.run(Server.java:3165)&#10;&quot;IPC Server handler 74 on default port 15002&quot; daemon prio=5 tid=418 timed_waiting&#10;java.lang.Thread.State: TIMED_WAITING&#10;        at java.base@21.0.7/jdk.internal.misc.Unsafe.park(Native Method)&#10;        at java.base@21.0.7/java.util.concurrent.locks.LockSupport.parkNanos(LockSupport.java:269)&#10;        at java.base@21.0.7/java.util.concurrent.locks.AbstractQueuedSynchronizer$ConditionObject.awaitNanos(AbstractQueuedSynchronizer.java:1763)&#10;        at java.base@21.0.7/java.util.concurrent.LinkedBlockingQueue.poll(LinkedBlockingQueue.java:460)&#10;        at app//org.apache.hadoop.ipc.CallQueueManager.take(CallQueueManager.java:370)&#10;        at app//org.apache.hadoop.ipc.Server$Handler.run(Server.java:3165)&#10;&quot;2b1bfca1-1fdc-4b0a-9b4d-c21112718afa-BlockDeletingService#1&quot; daemon prio=5 tid=839 in Object.wait()&#10;java.lang.Thread.State: WAITING (on object monitor)&#10;        at java.base@21.0.7/jdk.internal.misc.Unsafe.park(Native Method)&#10;        at java.base@21.0.7/java.util.concurrent.locks.LockSupport.park(LockSupport.java:371)&#10;        at java.base@21.0.7/java.util.concurrent.locks.AbstractQueuedSynchronizer$ConditionNode.block(AbstractQueuedSynchronizer.java:519)&#10;        at java.base@21.0.7/java.util.concurrent.ForkJoinPool.unmanagedBlock(ForkJoinPool.java:3780)&#10;        at java.base@21.0.7/java.util.concurrent.ForkJoinPool.managedBlock(ForkJoinPool.java:3725)&#10;        at java.base@21.0.7/java.util.concurrent.locks.AbstractQueuedSynchronizer$ConditionObject.await(AbstractQueuedSynchronizer.java:1712)&#10;        at java.base@21.0.7/java.util.concurrent.ScheduledThreadPoolExecutor$DelayedWorkQueue.take(ScheduledThreadPoolExecutor.java:1177)&#10;        at java.base@21.0.7/java.util.concurrent.ScheduledThreadPoolExecutor$DelayedWorkQueue.take(ScheduledThreadPoolExecutor.java:899)&#10;        at java.base@21.0.7/java.util.concurrent.ThreadPoolExecutor.getTask(ThreadPoolExecutor.java:1070)&#10;        at java.base@21.0.7/java.util.concurrent.ThreadPoolExecutor.runWorker(ThreadPoolExecutor.java:1130)&#10;        at java.base@21.0.7/java.util.concurrent.ThreadPoolExecutor$Worker.run(ThreadPoolExecutor.java:642)&#10;        at java.base@21.0.7/java.lang.Thread.runWith(Thread.java:1596)&#10;        at java.base@21.0.7/java.lang.Thread.run(Thread.java:1583)&#10;&quot;grpc-default-executor-3&quot; daemon prio=5 tid=992 timed_waiting&#10;java.lang.Thread.State: TIMED_WAITING&#10;        at java.base@21.0.7/jdk.internal.misc.Unsafe.park(Native Method)&#10;        at java.base@21.0.7/java.util.concurrent.locks.LockSupport.parkNanos(LockSupport.java:410)&#10;        at java.base@21.0.7/java.util.concurrent.LinkedTransferQueue$DualNode.await(LinkedTransferQueue.java:452)&#10;        at java.base@21.0.7/java.util.concurrent.SynchronousQueue$Transferer.xferLifo(SynchronousQueue.java:194)&#10;        at java.base@21.0.7/java.util.concurrent.SynchronousQueue.xfer(SynchronousQueue.java:235)&#10;        at java.base@21.0.7/java.util.concurrent.SynchronousQueue.poll(SynchronousQueue.java:338)&#10;        at java.base@21.0.7/java.util.concurrent.ThreadPoolExecutor.getTask(ThreadPoolExecutor.java:1069)&#10;        at java.base@21.0.7/java.util.concurrent.ThreadPoolExecutor.runWorker(ThreadPoolExecutor.java:1130)&#10;        at java.base@21.0.7/java.util.concurrent.ThreadPoolExecutor$Worker.run(ThreadPoolExecutor.java:642)&#10;        at java.base@21.0.7/java.lang.Thread.runWith(Thread.java:1596)&#10;        at java.base@21.0.7/java.lang.Thread.run(Thread.java:1583)&#10;&quot;FixedThreadPoolWithAffinityExecutor-6-0&quot; daemon prio=5 tid=114 timed_waiting&#10;java.lang.Thread.State: TIMED_WAITING&#10;        at java.base@21.0.7/jdk.internal.misc.Unsafe.park(Native Method)&#10;        at java.base@21.0.7/java.util.concurrent.locks.LockSupport.parkNanos(LockSupport.java:269)&#10;        at java.base@21.0.7/java.util.concurrent.locks.AbstractQueuedSynchronizer$ConditionObject.awaitNanos(AbstractQueuedSynchronizer.java:1763)&#10;        at java.base@21.0.7/java.util.concurrent.LinkedBlockingQueue.poll(LinkedBlockingQueue.java:460)&#10;        at app//org.apache.hadoop.hdds.scm.server.ContainerReportQueue.poll(ContainerReportQueue.java:269)&#10;        at app//org.apache.hadoop.hdds.scm.server.ContainerReportQueue.poll(ContainerReportQueue.java:42)&#10;        at app//org.apache.hadoop.hdds.server.events.FixedThreadPoolWithAffinityExecutor$ContainerReportProcessTask.run(FixedThreadPoolWithAffinityExecutor.java:228)&#10;        at java.base@21.0.7/java.util.concurrent.Executors$RunnableAdapter.call(Executors.java:572)&#10;        at java.base@21.0.7/java.util.concurrent.FutureTask.run(FutureTask.java:317)&#10;        at java.base@21.0.7/java.util.concurrent.ThreadPoolExecutor.runWorker(ThreadPoolExecutor.java:1144)&#10;        at java.base@21.0.7/java.util.concurrent.ThreadPoolExecutor$Worker.run(ThreadPoolExecutor.java:642)&#10;        at java.base@21.0.7/java.lang.Thread.runWith(Thread.java:1596)&#10;        at java.base@21.0.7/java.lang.Thread.run(Thread.java:1583)&#10;&quot;IPC Server handler 87 on default port 15000&quot; daemon prio=5 tid=213 timed_waiting&#10;java.lang.Thread.State: TIMED_WAITING&#10;        at java.base@21.0.7/jdk.internal.misc.Unsafe.park(Native Method)&#10;        at java.base@21.0.7/java.util.concurrent.locks.LockSupport.parkNanos(LockSupport.java:269)&#10;        at java.base@21.0.7/java.util.concurrent.locks.AbstractQueuedSynchronizer$ConditionObject.awaitNanos(AbstractQueuedSynchronizer.java:1763)&#10;        at java.base@21.0.7/java.util.concurrent.LinkedBlockingQueue.poll(LinkedBlockingQueue.java:460)&#10;        at app//org.apache.hadoop.ipc.CallQueueManager.take(CallQueueManager.java:370)&#10;        at app//org.apache.hadoop.ipc.Server$Handler.run(Server.java:3165)&#10;&quot;2b1bfca1-1fdc-4b0a-9b4d-c21112718afa@group-0D69DBD4F9B0-StateMachineUpdater&quot; daemon prio=5 tid=962 timed_waiting&#10;java.lang.Thread.State: TIMED_WAITING&#10;        at java.base@21.0.7/jdk.internal.misc.Unsafe.park(Native Method)&#10;        at java.base@21.0.7/java.util.concurrent.locks.LockSupport.parkNanos(LockSupport.java:269)&#10;        at java.base@21.0.7/java.util.concurrent.locks.AbstractQueuedSynchronizer$ConditionObject.await(AbstractQueuedSynchronizer.java:1852)&#10;        at app//org.apache.ratis.util.AwaitForSignal.await(AwaitForSignal.java:65)&#10;        at app//org.apache.ratis.server.impl.StateMachineUpdater.waitForCommit(StateMachineUpdater.java:219)&#10;        at app//org.apache.ratis.server.impl.StateMachineUpdater.run(StateMachineUpdater.java:187)&#10;        at java.base@21.0.7/java.lang.Thread.runWith(Thread.java:1596)&#10;        at java.base@21.0.7/java.lang.Thread.run(Thread.java:1583)&#10;&quot;2b1bfca1-1fdc-4b0a-9b4d-c21112718afa@group-0D69DBD4F9B0-SegmentedRaftLogWorker&quot;  prio=5 tid=960 timed_waiting&#10;java.lang.Thread.State: TIMED_WAITING&#10;        at java.base@21.0.7/jdk.internal.misc.Unsafe.park(Native Method)&#10;        at java.base@21.0.7/java.util.concurrent.locks.LockSupport.parkNanos(LockSupport.java:269)&#10;        at java.base@21.0.7/java.util.concurrent.locks.AbstractQueuedSynchronizer$ConditionObject.awaitNanos(AbstractQueuedSynchronizer.java:1763)&#10;        at app//org.apache.ratis.util.DataBlockingQueue.poll(DataBlockingQueue.java:148)&#10;        at app//org.apache.ratis.server.raftlog.segmented.SegmentedRaftLogWorker.run(SegmentedRaftLogWorker.java:307)&#10;        at app//org.apache.ratis.server.raftlog.segmented.SegmentedRaftLogWorker$$Lambda/0x00007fe904381950.run(Unknown Source)&#10;        at java.base@21.0.7/java.util.concurrent.Executors$RunnableAdapter.call(Executors.java:572)&#10;        at java.base@21.0.7/java.util.concurrent.FutureTask.run(FutureTask.java:317)&#10;        at java.base@21.0.7/java.util.concurrent.ThreadPoolExecutor.runWorker(ThreadPoolExecutor.java:1144)&#10;        at java.base@21.0.7/java.util.concurrent.ThreadPoolExecutor$Worker.run(ThreadPoolExecutor.java:642)&#10;        at java.base@21.0.7/java.lang.Thread.runWith(Thread.java:1596)&#10;        at java.base@21.0.7/java.lang.Thread.run(Thread.java:1583)&#10;&quot;Socket Reader #4 for port 15002&quot;  prio=5 tid=70 runnable&#10;java.lang.Thread.State: RUNNABLE&#10;        at java.base@21.0.7/sun.nio.ch.EPoll.wait(Native Method)&#10;        at java.base@21.0.7/sun.nio.ch.EPollSelectorImpl.doSelect(EPollSelectorImpl.java:121)&#10;        at java.base@21.0.7/sun.nio.ch.SelectorImpl.lockAndDoSelect(SelectorImpl.java:130)&#10;        at java.base@21.0.7/sun.nio.ch.SelectorImpl.select(SelectorImpl.java:147)&#10;        at app//org.apache.hadoop.ipc.Server$Listener$Reader.doRunLoop(Server.java:1497)&#10;        at app//org.apache.hadoop.ipc.Server$Listener$Reader.run(Server.java:1476)&#10;&quot;IPC Server handler 59 on default port 15000&quot; daemon prio=5 tid=185 timed_waiting&#10;java.lang.Thread.State: TIMED_WAITING&#10;        at java.base@21.0.7/jdk.internal.misc.Unsafe.park(Native Method)&#10;        at java.base@21.0.7/java.util.concurrent.locks.LockSupport.parkNanos(LockSupport.java:269)&#10;        at java.base@21.0.7/java.util.concurrent.locks.AbstractQueuedSynchronizer$ConditionObject.awaitNanos(AbstractQueuedSynchronizer.java:1763)&#10;        at java.base@21.0.7/java.util.concurrent.LinkedBlockingQueue.poll(LinkedBlockingQueue.java:460)&#10;        at app//org.apache.hadoop.ipc.CallQueueManager.take(CallQueueManager.java:370)&#10;        at app//org.apache.hadoop.ipc.Server$Handler.run(Server.java:3165)&#10;&quot;IPC Server handler 15 on default port 15006&quot; daemon prio=5 tid=520 timed_waiting&#10;java.lang.Thread.State: TIMED_WAITING&#10;        at java.base@21.0.7/jdk.internal.misc.Unsafe.park(Native Method)&#10;        at java.base@21.0.7/java.util.concurrent.locks.LockSupport.parkNanos(LockSupport.java:269)&#10;        at java.base@21.0.7/java.util.concurrent.locks.AbstractQueuedSynchronizer$ConditionObject.awaitNanos(AbstractQueuedSynchronizer.java:1763)&#10;        at java.base@21.0.7/java.util.concurrent.LinkedBlockingQueue.poll(LinkedBlockingQueue.java:460)&#10;        at app//org.apache.hadoop.ipc.CallQueueManager.take(CallQueueManager.java:370)&#10;        at app//org.apache.hadoop.ipc.Server$Handler.run(Server.java:3165)&#10;&quot;IPC Server handler 15 on default port 15001&quot; daemon prio=5 tid=241 timed_waiting&#10;java.lang.Thread.State: TIMED_WAITING&#10;        at java.base@21.0.7/jdk.internal.misc.Unsafe.park(Native Method)&#10;        at java.base@21.0.7/java.util.concurrent.locks.LockSupport.parkNanos(LockSupport.java:269)&#10;        at java.base@21.0.7/java.util.concurrent.locks.AbstractQueuedSynchronizer$ConditionObject.awaitNanos(AbstractQueuedSynchronizer.java:1763)&#10;        at java.base@21.0.7/java.util.concurrent.LinkedBlockingQueue.poll(LinkedBlockingQueue.java:460)&#10;        at app//org.apache.hadoop.ipc.CallQueueManager.take(CallQueueManager.java:370)&#10;        at app//org.apache.hadoop.ipc.Server$Handler.run(Server.java:3165)&#10;&quot;ContainerDataScanner(/home/runner/work/ozone/ozone/hadoop-ozone/integration-test/target/test-dir/MiniOzoneClusterImpl-723737d7-d862-4a19-a51f-6b1567aa62b1/ozone-meta/datanode-5/data-0/hdds)&quot; daemon prio=5 tid=849 timed_waiting&#10;java.lang.Thread.State: TIMED_WAITING&#10;        at java.base@21.0.7/java.lang.Thread.sleep0(Native Method)&#10;        at java.base@21.0.7/java.lang.Thread.sleep(Thread.java:509)&#10;        at app//org.apache.hadoop.ozone.container.ozoneimpl.AbstractBackgroundContainerScanner.handleRemainingSleep(AbstractBackgroundContainerScanner.java:133)&#10;        at app//org.apache.hadoop.ozone.container.ozoneimpl.AbstractBackgroundContainerScanner.runIteration(AbstractBackgroundContainerScanner.java:100)&#10;        at app//org.apache.hadoop.ozone.container.ozoneimpl.AbstractBackgroundContainerScanner.run(AbstractBackgroundContainerScanner.java:59)&#10;        at java.base@21.0.7/java.lang.Thread.runWith(Thread.java:1596)&#10;        at java.base@21.0.7/java.lang.Thread.run(Thread.java:1583)&#10;&quot;IPC Server handler 10 on default port 15001&quot; daemon prio=5 tid=236 timed_waiting&#10;java.lang.Thread.State: TIMED_WAITING&#10;        at java.base@21.0.7/jdk.internal.misc.Unsafe.park(Native Method)&#10;        at java.base@21.0.7/java.util.concurrent.locks.LockSupport.parkNanos(LockSupport.java:269)&#10;        at java.base@21.0.7/java.util.concurrent.locks.AbstractQueuedSynchronizer$ConditionObject.awaitNanos(AbstractQueuedSynchronizer.java:1763)&#10;        at java.base@21.0.7/java.util.concurrent.LinkedBlockingQueue.poll(LinkedBlockingQueue.java:460)&#10;        at app//org.apache.hadoop.ipc.CallQueueManager.take(CallQueueManager.java:370)&#10;        at app//org.apache.hadoop.ipc.Server$Handler.run(Server.java:3165)&#10;&quot;IPC Server handler 5 on default port 15027&quot; daemon prio=5 tid=658 timed_waiting&#10;java.lang.Thread.State: TIMED_WAITING&#10;        at java.base@21.0.7/jdk.internal.misc.Unsafe.park(Native Method)&#10;        at java.base@21.0.7/java.util.concurrent.locks.LockSupport.parkNanos(LockSupport.java:269)&#10;        at java.base@21.0.7/java.util.concurrent.locks.AbstractQueuedSynchronizer$ConditionObject.awaitNanos(AbstractQueuedSynchronizer.java:1763)&#10;        at java.base@21.0.7/java.util.concurrent.LinkedBlockingQueue.poll(LinkedBlockingQueue.java:460)&#10;        at app//org.apache.hadoop.ipc.CallQueueManager.take(CallQueueManager.java:370)&#10;        at app//org.apache.hadoop.ipc.Server$Handler.run(Server.java:3165)&#10;&quot;DatanodeAdminManager-0&quot; daemon prio=5 tid=65 timed_waiting&#10;java.lang.Thread.State: TIMED_WAITING&#10;        at java.base@21.0.7/jdk.internal.misc.Unsafe.park(Native Method)&#10;        at java.base@21.0.7/java.util.concurrent.locks.LockSupport.parkNanos(LockSupport.java:269)&#10;        at java.base@21.0.7/java.util.concurrent.locks.AbstractQueuedSynchronizer$ConditionObject.awaitNanos(AbstractQueuedSynchronizer.java:1763)&#10;        at java.base@21.0.7/java.util.concurrent.ScheduledThreadPoolExecutor$DelayedWorkQueue.take(ScheduledThreadPoolExecutor.java:1182)&#10;        at java.base@21.0.7/java.util.concurrent.ScheduledThreadPoolExecutor$DelayedWorkQueue.take(ScheduledThreadPoolExecutor.java:899)&#10;        at java.base@21.0.7/java.util.concurrent.ThreadPoolExecutor.getTask(ThreadPoolExecutor.java:1070)&#10;        at java.base@21.0.7/java.util.concurrent.ThreadPoolExecutor.runWorker(ThreadPoolExecutor.java:1130)&#10;        at java.base@21.0.7/java.util.concurrent.ThreadPoolExecutor$Worker.run(ThreadPoolExecutor.java:642)&#10;        at java.base@21.0.7/java.lang.Thread.runWith(Thread.java:1596)&#10;        at java.base@21.0.7/java.lang.Thread.run(Thread.java:1583)&#10;&quot;dacc202e-cd42-4a7a-b335-fe62dff69130-DatanodeReportManager-0&quot; daemon prio=5 tid=664 in Object.wait()&#10;java.lang.Thread.State: WAITING (on object monitor)&#10;        at java.base@21.0.7/jdk.internal.misc.Unsafe.park(Native Method)&#10;        at java.base@21.0.7/java.util.concurrent.locks.LockSupport.park(LockSupport.java:371)&#10;        at java.base@21.0.7/java.util.concurrent.locks.AbstractQueuedSynchronizer$ConditionNode.block(AbstractQueuedSynchronizer.java:519)&#10;        at java.base@21.0.7/java.util.concurrent.ForkJoinPool.unmanagedBlock(ForkJoinPool.java:3780)&#10;        at java.base@21.0.7/java.util.concurrent.ForkJoinPool.managedBlock(ForkJoinPool.java:3725)&#10;        at java.base@21.0.7/java.util.concurrent.locks.AbstractQueuedSynchronizer$ConditionObject.await(AbstractQueuedSynchronizer.java:1712)&#10;        at java.base@21.0.7/java.util.concurrent.ScheduledThreadPoolExecutor$DelayedWorkQueue.take(ScheduledThreadPoolExecutor.java:1177)&#10;        at java.base@21.0.7/java.util.concurrent.ScheduledThreadPoolExecutor$DelayedWorkQueue.take(ScheduledThreadPoolExecutor.java:899)&#10;        at java.base@21.0.7/java.util.concurrent.ThreadPoolExecutor.getTask(ThreadPoolExecutor.java:1070)&#10;        at java.base@21.0.7/java.util.concurrent.ThreadPoolExecutor.runWorker(ThreadPoolExecutor.java:1130)&#10;        at java.base@21.0.7/java.util.concurrent.ThreadPoolExecutor$Worker.run(ThreadPoolExecutor.java:642)&#10;        at java.base@21.0.7/java.lang.Thread.runWith(Thread.java:1596)&#10;        at java.base@21.0.7/java.lang.Thread.run(Thread.java:1583)&#10;&quot;IPC Server handler 1 on default port 15027&quot; daemon prio=5 tid=654 timed_waiting&#10;java.lang.Thread.State: TIMED_WAITING&#10;        at java.base@21.0.7/jdk.internal.misc.Unsafe.park(Native Method)&#10;        at java.base@21.0.7/java.util.concurrent.locks.LockSupport.parkNanos(LockSupport.java:269)&#10;        at java.base@21.0.7/java.util.concurrent.locks.AbstractQueuedSynchronizer$ConditionObject.awaitNanos(AbstractQueuedSynchronizer.java:1763)&#10;        at java.base@21.0.7/java.util.concurrent.LinkedBlockingQueue.poll(LinkedBlockingQueue.java:460)&#10;        at app//org.apache.hadoop.ipc.CallQueueManager.take(CallQueueManager.java:370)&#10;        at app//org.apache.hadoop.ipc.Server$Handler.run(Server.java:3165)&#10;&quot;IPC Server handler 96 on default port 15001&quot; daemon prio=5 tid=322 timed_waiting&#10;java.lang.Thread.State: TIMED_WAITING&#10;        at java.base@21.0.7/jdk.internal.misc.Unsafe.park(Native Method)&#10;        at java.base@21.0.7/java.util.concurrent.locks.LockSupport.parkNanos(LockSupport.java:269)&#10;        at java.base@21.0.7/java.util.concurrent.locks.AbstractQueuedSynchronizer$ConditionObject.awaitNanos(AbstractQueuedSynchronizer.java:1763)&#10;        at java.base@21.0.7/java.util.concurrent.LinkedBlockingQueue.poll(LinkedBlockingQueue.java:460)&#10;        at app//org.apache.hadoop.ipc.CallQueueManager.take(CallQueueManager.java:370)&#10;        at app//org.apache.hadoop.ipc.Server$Handler.run(Server.java:3165)&#10;&quot;IPC Server handler 0 on default port 15001&quot; daemon prio=5 tid=226 timed_waiting&#10;java.lang.Thread.State: TIMED_WAITING&#10;        at java.base@21.0.7/jdk.internal.misc.Unsafe.park(Native Method)&#10;        at java.base@21.0.7/java.util.concurrent.locks.LockSupport.parkNanos(LockSupport.java:269)&#10;        at java.base@21.0.7/java.util.concurrent.locks.AbstractQueuedSynchronizer$ConditionObject.awaitNanos(AbstractQueuedSynchronizer.java:1763)&#10;        at java.base@21.0.7/java.util.concurrent.LinkedBlockingQueue.poll(LinkedBlockingQueue.java:460)&#10;        at app//org.apache.hadoop.ipc.CallQueueManager.take(CallQueueManager.java:370)&#10;        at app//org.apache.hadoop.ipc.Server$Handler.run(Server.java:3165)&#10;&quot;timer3&quot; daemon prio=5 tid=1001 timed_waiting&#10;java.lang.Thread.State: TIMED_WAITING&#10;        at java.base@21.0.7/java.lang.Object.wait0(Native Method)&#10;        at java.base@21.0.7/java.lang.Object.wait(Object.java:366)&#10;        at java.base@21.0.7/java.util.TimerThread.mainLoop(Timer.java:563)&#10;        at java.base@21.0.7/java.util.TimerThread.run(Timer.java:516)&#10;&quot;surefire-forkedjvm-ping-30s&quot; daemon prio=5 tid=27 timed_waiting&#10;java.lang.Thread.State: TIMED_WAITING&#10;        at java.base@21.0.7/jdk.internal.misc.Unsafe.park(Native Method)&#10;        at java.base@21.0.7/java.util.concurrent.locks.LockSupport.parkNanos(LockSupport.java:269)&#10;        at java.base@21.0.7/java.util.concurrent.locks.AbstractQueuedSynchronizer$ConditionObject.awaitNanos(AbstractQueuedSynchronizer.java:1763)&#10;        at java.base@21.0.7/java.util.concurrent.ScheduledThreadPoolExecutor$DelayedWorkQueue.take(ScheduledThreadPoolExecutor.java:1182)&#10;        at java.base@21.0.7/java.util.concurrent.ScheduledThreadPoolExecutor$DelayedWorkQueue.take(ScheduledThreadPoolExecutor.java:899)&#10;        at java.base@21.0.7/java.util.concurrent.ThreadPoolExecutor.getTask(ThreadPoolExecutor.java:1070)&#10;        at java.base@21.0.7/java.util.concurrent.ThreadPoolExecutor.runWorker(ThreadPoolExecutor.java:1130)&#10;        at java.base@21.0.7/java.util.concurrent.ThreadPoolExecutor$Worker.run(ThreadPoolExecutor.java:642)&#10;        at java.base@21.0.7/java.lang.Thread.runWith(Thread.java:1596)&#10;        at java.base@21.0.7/java.lang.Thread.run(Thread.java:1583)&#10;&quot;EventQueue-StaleNodeForStaleNodeHandler&quot; daemon prio=5 tid=1050 in Object.wait()&#10;java.lang.Thread.State: WAITING (on object monitor)&#10;        at java.base@21.0.7/jdk.internal.misc.Unsafe.park(Native Method)&#10;        at java.base@21.0.7/java.util.concurrent.locks.LockSupport.park(LockSupport.java:371)&#10;        at java.base@21.0.7/java.util.concurrent.locks.AbstractQueuedSynchronizer$ConditionNode.block(AbstractQueuedSynchronizer.java:519)&#10;        at java.base@21.0.7/java.util.concurrent.ForkJoinPool.unmanagedBlock(ForkJoinPool.java:3780)&#10;        at java.base@21.0.7/java.util.concurrent.ForkJoinPool.managedBlock(ForkJoinPool.java:3725)&#10;        at java.base@21.0.7/java.util.concurrent.locks.AbstractQueuedSynchronizer$ConditionObject.await(AbstractQueuedSynchronizer.java:1712)&#10;        at java.base@21.0.7/java.util.concurrent.LinkedBlockingQueue.take(LinkedBlockingQueue.java:435)&#10;        at java.base@21.0.7/java.util.concurrent.ThreadPoolExecutor.getTask(ThreadPoolExecutor.java:1070)&#10;        at java.base@21.0.7/java.util.concurrent.ThreadPoolExecutor.runWorker(ThreadPoolExecutor.java:1130)&#10;        at java.base@21.0.7/java.util.concurrent.ThreadPoolExecutor$Worker.run(ThreadPoolExecutor.java:642)&#10;        at java.base@21.0.7/java.lang.Thread.runWith(Thread.java:1596)&#10;        at java.base@21.0.7/java.lang.Thread.run(Thread.java:1583)&#10;&quot;IPC Server handler 79 on default port 15001&quot; daemon prio=5 tid=305 timed_waiting&#10;java.lang.Thread.State: TIMED_WAITING&#10;        at java.base@21.0.7/jdk.internal.misc.Unsafe.park(Native Method)&#10;        at java.base@21.0.7/java.util.concurrent.locks.LockSupport.parkNanos(LockSupport.java:269)&#10;        at java.base@21.0.7/java.util.concurrent.locks.AbstractQueuedSynchronizer$ConditionObject.awaitNanos(AbstractQueuedSynchronizer.java:1763)&#10;        at java.base@21.0.7/java.util.concurrent.LinkedBlockingQueue.poll(LinkedBlockingQueue.java:460)&#10;        at app//org.apache.hadoop.ipc.CallQueueManager.take(CallQueueManager.java:370)&#10;        at app//org.apache.hadoop.ipc.Server$Handler.run(Server.java:3165)&#10;&quot;IPC Server handler 64 on default port 15000&quot; daemon prio=5 tid=190 timed_waiting&#10;java.lang.Thread.State: TIMED_WAITING&#10;        at java.base@21.0.7/jdk.internal.misc.Unsafe.park(Native Method)&#10;        at java.base@21.0.7/java.util.concurrent.locks.LockSupport.parkNanos(LockSupport.java:269)&#10;        at java.base@21.0.7/java.util.concurrent.locks.AbstractQueuedSynchronizer$ConditionObject.awaitNanos(AbstractQueuedSynchronizer.java:1763)&#10;        at java.base@21.0.7/java.util.concurrent.LinkedBlockingQueue.poll(LinkedBlockingQueue.java:460)&#10;        at app//org.apache.hadoop.ipc.CallQueueManager.take(CallQueueManager.java:370)&#10;        at app//org.apache.hadoop.ipc.Server$Handler.run(Server.java:3165)&#10;&quot;SCMHeartbeatProcessor-0&quot; daemon prio=5 tid=58 timed_waiting&#10;java.lang.Thread.State: TIMED_WAITING&#10;        at java.base@21.0.7/jdk.internal.misc.Unsafe.park(Native Method)&#10;        at java.base@21.0.7/java.util.concurrent.locks.LockSupport.parkNanos(LockSupport.java:269)&#10;        at java.base@21.0.7/java.util.concurrent.locks.AbstractQueuedSynchronizer$ConditionObject.awaitNanos(AbstractQueuedSynchronizer.java:1763)&#10;        at java.base@21.0.7/java.util.concurrent.ScheduledThreadPoolExecutor$DelayedWorkQueue.take(ScheduledThreadPoolExecutor.java:1182)&#10;        at java.base@21.0.7/java.util.concurrent.ScheduledThreadPoolExecutor$DelayedWorkQueue.take(ScheduledThreadPoolExecutor.java:899)&#10;        at java.base@21.0.7/java.util.concurrent.ThreadPoolExecutor.getTask(ThreadPoolExecutor.java:1070)&#10;        at java.base@21.0.7/java.util.concurrent.ThreadPoolExecutor.runWorker(ThreadPoolExecutor.java:1130)&#10;        at java.base@21.0.7/java.util.concurrent.ThreadPoolExecutor$Worker.run(ThreadPoolExecutor.java:642)&#10;        at java.base@21.0.7/java.lang.Thread.runWith(Thread.java:1596)&#10;        at java.base@21.0.7/java.lang.Thread.run(Thread.java:1583)&#10;&quot;Socket Reader #4 for port 15043&quot;  prio=5 tid=778 runnable&#10;java.lang.Thread.State: RUNNABLE&#10;        at java.base@21.0.7/sun.nio.ch.EPoll.wait(Native Method)&#10;        at java.base@21.0.7/sun.nio.ch.EPollSelectorImpl.doSelect(EPollSelectorImpl.java:121)&#10;        at java.base@21.0.7/sun.nio.ch.SelectorImpl.lockAndDoSelect(SelectorImpl.java:130)&#10;        at java.base@21.0.7/sun.nio.ch.SelectorImpl.select(SelectorImpl.java:147)&#10;        at app//org.apache.hadoop.ipc.Server$Listener$Reader.doRunLoop(Server.java:1497)&#10;        at app//org.apache.hadoop.ipc.Server$Listener$Reader.run(Server.java:1476)&#10;&quot;StaleRecoveringContainerScrubbingService#1&quot; daemon prio=5 tid=859 in Object.wait()&#10;java.lang.Thread.State: WAITING (on object monitor)&#10;        at java.base@21.0.7/jdk.internal.misc.Unsafe.park(Native Method)&#10;        at java.base@21.0.7/java.util.concurrent.locks.LockSupport.park(LockSupport.java:371)&#10;        at java.base@21.0.7/java.util.concurrent.locks.AbstractQueuedSynchronizer$ConditionNode.block(AbstractQueuedSynchronizer.java:519)&#10;        at java.base@21.0.7/java.util.concurrent.ForkJoinPool.unmanagedBlock(ForkJoinPool.java:3780)&#10;        at java.base@21.0.7/java.util.concurrent.ForkJoinPool.managedBlock(ForkJoinPool.java:3725)&#10;        at java.base@21.0.7/java.util.concurrent.locks.AbstractQueuedSynchronizer$ConditionObject.await(AbstractQueuedSynchronizer.java:1712)&#10;        at java.base@21.0.7/java.util.concurrent.ScheduledThreadPoolExecutor$DelayedWorkQueue.take(ScheduledThreadPoolExecutor.java:1177)&#10;        at java.base@21.0.7/java.util.concurrent.ScheduledThreadPoolExecutor$DelayedWorkQueue.take(ScheduledThreadPoolExecutor.java:899)&#10;        at java.base@21.0.7/java.util.concurrent.ThreadPoolExecutor.getTask(ThreadPoolExecutor.java:1070)&#10;        at java.base@21.0.7/java.util.concurrent.ThreadPoolExecutor.runWorker(ThreadPoolExecutor.java:1130)&#10;        at java.base@21.0.7/java.util.concurrent.ThreadPoolExecutor$Worker.run(ThreadPoolExecutor.java:642)&#10;        at java.base@21.0.7/java.lang.Thread.runWith(Thread.java:1596)&#10;        at java.base@21.0.7/java.lang.Thread.run(Thread.java:1583)&#10;&quot;IPC Server handler 31 on default port 15001&quot; daemon prio=5 tid=257 timed_waiting&#10;java.lang.Thread.State: TIMED_WAITING&#10;        at java.base@21.0.7/jdk.internal.misc.Unsafe.park(Native Method)&#10;        at java.base@21.0.7/java.util.concurrent.locks.LockSupport.parkNanos(LockSupport.java:269)&#10;        at java.base@21.0.7/java.util.concurrent.locks.AbstractQueuedSynchronizer$ConditionObject.awaitNanos(AbstractQueuedSynchronizer.java:1763)&#10;        at java.base@21.0.7/java.util.concurrent.LinkedBlockingQueue.poll(LinkedBlockingQueue.java:460)&#10;        at app//org.apache.hadoop.ipc.CallQueueManager.take(CallQueueManager.java:370)&#10;        at app//org.apache.hadoop.ipc.Server$Handler.run(Server.java:3165)&#10;&quot;IPC Server handler 5 on default port 15002&quot; daemon prio=5 tid=349 timed_waiting&#10;java.lang.Thread.State: TIMED_WAITING&#10;        at java.base@21.0.7/jdk.internal.misc.Unsafe.park(Native Method)&#10;        at java.base@21.0.7/java.util.concurrent.locks.LockSupport.parkNanos(LockSupport.java:269)&#10;        at java.base@21.0.7/java.util.concurrent.locks.AbstractQueuedSynchronizer$ConditionObject.awaitNanos(AbstractQueuedSynchronizer.java:1763)&#10;        at java.base@21.0.7/java.util.concurrent.LinkedBlockingQueue.poll(LinkedBlockingQueue.java:460)&#10;        at app//org.apache.hadoop.ipc.CallQueueManager.take(CallQueueManager.java:370)&#10;        at app//org.apache.hadoop.ipc.Server$Handler.run(Server.java:3165)&#10;&quot;IPC Server handler 26 on default port 15000&quot; daemon prio=5 tid=152 timed_waiting&#10;java.lang.Thread.State: TIMED_WAITING&#10;        at java.base@21.0.7/jdk.internal.misc.Unsafe.park(Native Method)&#10;        at java.base@21.0.7/java.util.concurrent.locks.LockSupport.parkNanos(LockSupport.java:269)&#10;        at java.base@21.0.7/java.util.concurrent.locks.AbstractQueuedSynchronizer$ConditionObject.awaitNanos(AbstractQueuedSynchronizer.java:1763)&#10;        at java.base@21.0.7/java.util.concurrent.LinkedBlockingQueue.poll(LinkedBlockingQueue.java:460)&#10;        at app//org.apache.hadoop.ipc.CallQueueManager.take(CallQueueManager.java:370)&#10;        at app//org.apache.hadoop.ipc.Server$Handler.run(Server.java:3165)&#10;&quot;qtp207012443-627&quot; daemon prio=5 tid=627 timed_waiting&#10;java.lang.Thread.State: TIMED_WAITING&#10;        at java.base@21.0.7/jdk.internal.misc.Unsafe.park(Native Method)&#10;        at java.base@21.0.7/java.util.concurrent.locks.LockSupport.parkNanos(LockSupport.java:269)&#10;        at java.base@21.0.7/java.util.concurrent.locks.AbstractQueuedSynchronizer$ConditionObject.awaitNanos(AbstractQueuedSynchronizer.java:1763)&#10;        at app//org.eclipse.jetty.util.BlockingArrayQueue.poll(BlockingArrayQueue.java:382)&#10;        at app//org.eclipse.jetty.util.thread.QueuedThreadPool$Runner.idleJobPoll(QueuedThreadPool.java:974)&#10;        at app//org.eclipse.jetty.util.thread.QueuedThreadPool$Runner.run(QueuedThreadPool.java:1018)&#10;        at java.base@21.0.7/java.lang.Thread.runWith(Thread.java:1596)&#10;        at java.base@21.0.7/java.lang.Thread.run(Thread.java:1583)&#10;&quot;IPC Server handler 3 on default port 15043&quot; daemon prio=5 tid=791 timed_waiting&#10;java.lang.Thread.State: TIMED_WAITING&#10;        at java.base@21.0.7/jdk.internal.misc.Unsafe.park(Native Method)&#10;        at java.base@21.0.7/java.util.concurrent.locks.LockSupport.parkNanos(LockSupport.java:269)&#10;        at java.base@21.0.7/java.util.concurrent.locks.AbstractQueuedSynchronizer$ConditionObject.awaitNanos(AbstractQueuedSynchronizer.java:1763)&#10;        at java.base@21.0.7/java.util.concurrent.LinkedBlockingQueue.poll(LinkedBlockingQueue.java:460)&#10;        at app//org.apache.hadoop.ipc.CallQueueManager.take(CallQueueManager.java:370)&#10;        at app//org.apache.hadoop.ipc.Server$Handler.run(Server.java:3165)&#10;&quot;Socket Reader #3 for port 15000&quot;  prio=5 tid=97 runnable&#10;java.lang.Thread.State: RUNNABLE&#10;        at java.base@21.0.7/sun.nio.ch.EPoll.wait(Native Method)&#10;        at java.base@21.0.7/sun.nio.ch.EPollSelectorImpl.doSelect(EPollSelectorImpl.java:121)&#10;        at java.base@21.0.7/sun.nio.ch.SelectorImpl.lockAndDoSelect(SelectorImpl.java:130)&#10;        at java.base@21.0.7/sun.nio.ch.SelectorImpl.select(SelectorImpl.java:147)&#10;        at app//org.apache.hadoop.ipc.Server$Listener$Reader.doRunLoop(Server.java:1497)&#10;        at app//org.apache.hadoop.ipc.Server$Listener$Reader.run(Server.java:1476)&#10;&quot;IPC Server handler 2 on default port 15000&quot; daemon prio=5 tid=128 timed_waiting&#10;java.lang.Thread.State: TIMED_WAITING&#10;        at java.base@21.0.7/jdk.internal.misc.Unsafe.park(Native Method)&#10;        at java.base@21.0.7/java.util.concurrent.locks.LockSupport.parkNanos(LockSupport.java:269)&#10;        at java.base@21.0.7/java.util.concurrent.locks.AbstractQueuedSynchronizer$ConditionObject.awaitNanos(AbstractQueuedSynchronizer.java:1763)&#10;        at java.base@21.0.7/java.util.concurrent.LinkedBlockingQueue.poll(LinkedBlockingQueue.java:460)&#10;        at app//org.apache.hadoop.ipc.CallQueueManager.take(CallQueueManager.java:370)&#10;        at app//org.apache.hadoop.ipc.Server$Handler.run(Server.java:3165)&#10;&quot;Socket Reader #4 for port 15001&quot;  prio=5 tid=84 runnable&#10;java.lang.Thread.State: RUNNABLE&#10;        at java.base@21.0.7/sun.nio.ch.EPoll.wait(Native Method)&#10;        at java.base@21.0.7/sun.nio.ch.EPollSelectorImpl.doSelect(EPollSelectorImpl.java:121)&#10;        at java.base@21.0.7/sun.nio.ch.SelectorImpl.lockAndDoSelect(SelectorImpl.java:130)&#10;        at java.base@21.0.7/sun.nio.ch.SelectorImpl.select(SelectorImpl.java:147)&#10;        at app//org.apache.hadoop.ipc.Server$Listener$Reader.doRunLoop(Server.java:1497)&#10;        at app//org.apache.hadoop.ipc.Server$Listener$Reader.run(Server.java:1476)&#10;&quot;IPC Server handler 10 on default port 15002&quot; daemon prio=5 tid=354 timed_waiting&#10;java.lang.Thread.State: TIMED_WAITING&#10;        at java.base@21.0.7/jdk.internal.misc.Unsafe.park(Native Method)&#10;        at java.base@21.0.7/java.util.concurrent.locks.LockSupport.parkNanos(LockSupport.java:269)&#10;        at java.base@21.0.7/java.util.concurrent.locks.AbstractQueuedSynchronizer$ConditionObject.awaitNanos(AbstractQueuedSynchronizer.java:1763)&#10;        at java.base@21.0.7/java.util.concurrent.LinkedBlockingQueue.poll(LinkedBlockingQueue.java:460)&#10;        at app//org.apache.hadoop.ipc.CallQueueManager.take(CallQueueManager.java:370)&#10;        at app//org.apache.hadoop.ipc.Server$Handler.run(Server.java:3165)&#10;&quot;org.apache.hadoop.ozone.container.common.statemachine.commandhandler.DeleteBlocksCommandHandler$DeleteCmdWorker@54a6c0ad&quot; daemon prio=5 tid=674 timed_waiting&#10;java.lang.Thread.State: TIMED_WAITING&#10;        at java.base@21.0.7/java.lang.Thread.sleep0(Native Method)&#10;        at java.base@21.0.7/java.lang.Thread.sleep(Thread.java:509)&#10;        at app//org.apache.hadoop.ozone.container.common.statemachine.commandhandler.DeleteBlocksCommandHandler$DeleteCmdWorker.run(DeleteBlocksCommandHandler.java:260)&#10;        at java.base@21.0.7/java.lang.Thread.runWith(Thread.java:1596)&#10;        at java.base@21.0.7/java.lang.Thread.run(Thread.java:1583)&#10;&quot;IPC Server handler 82 on default port 15000&quot; daemon prio=5 tid=208 timed_waiting&#10;java.lang.Thread.State: TIMED_WAITING&#10;        at java.base@21.0.7/jdk.internal.misc.Unsafe.park(Native Method)&#10;        at java.base@21.0.7/java.util.concurrent.locks.LockSupport.parkNanos(LockSupport.java:269)&#10;        at java.base@21.0.7/java.util.concurrent.locks.AbstractQueuedSynchronizer$ConditionObject.awaitNanos(AbstractQueuedSynchronizer.java:1763)&#10;        at java.base@21.0.7/java.util.concurrent.LinkedBlockingQueue.poll(LinkedBlockingQueue.java:460)&#10;        at app//org.apache.hadoop.ipc.CallQueueManager.take(CallQueueManager.java:370)&#10;        at app//org.apache.hadoop.ipc.Server$Handler.run(Server.java:3165)&#10;&quot;qtp1334632116-760&quot; daemon prio=5 tid=760 timed_waiting&#10;java.lang.Thread.State: TIMED_WAITING&#10;        at java.base@21.0.7/jdk.internal.misc.Unsafe.park(Native Method)&#10;        at java.base@21.0.7/java.util.concurrent.locks.LockSupport.parkNanos(LockSupport.java:269)&#10;        at java.base@21.0.7/java.util.concurrent.locks.AbstractQueuedSynchronizer$ConditionObject.awaitNanos(AbstractQueuedSynchronizer.java:1763)&#10;        at app//org.eclipse.jetty.util.BlockingArrayQueue.poll(BlockingArrayQueue.java:382)&#10;        at app//org.eclipse.jetty.util.thread.QueuedThreadPool$Runner.idleJobPoll(QueuedThreadPool.java:974)&#10;        at app//org.eclipse.jetty.util.thread.QueuedThreadPool$Runner.run(QueuedThreadPool.java:1018)&#10;        at java.base@21.0.7/java.lang.Thread.runWith(Thread.java:1596)&#10;        at java.base@21.0.7/java.lang.Thread.run(Thread.java:1583)&#10;&quot;Socket Reader #4 for port 15000&quot;  prio=5 tid=98 runnable&#10;java.lang.Thread.State: RUNNABLE&#10;        at java.base@21.0.7/sun.nio.ch.EPoll.wait(Native Method)&#10;        at java.base@21.0.7/sun.nio.ch.EPollSelectorImpl.doSelect(EPollSelectorImpl.java:121)&#10;        at java.base@21.0.7/sun.nio.ch.SelectorImpl.lockAndDoSelect(SelectorImpl.java:130)&#10;        at java.base@21.0.7/sun.nio.ch.SelectorImpl.select(SelectorImpl.java:147)&#10;        at app//org.apache.hadoop.ipc.Server$Listener$Reader.doRunLoop(Server.java:1497)&#10;        at app//org.apache.hadoop.ipc.Server$Listener$Reader.run(Server.java:1476)&#10;&quot;IPC Server handler 79 on default port 15000&quot; daemon prio=5 tid=205 timed_waiting&#10;java.lang.Thread.State: TIMED_WAITING&#10;        at java.base@21.0.7/jdk.internal.misc.Unsafe.park(Native Method)&#10;        at java.base@21.0.7/java.util.concurrent.locks.LockSupport.parkNanos(LockSupport.java:269)&#10;        at java.base@21.0.7/java.util.concurrent.locks.AbstractQueuedSynchronizer$ConditionObject.awaitNanos(AbstractQueuedSynchronizer.java:1763)&#10;        at java.base@21.0.7/java.util.concurrent.LinkedBlockingQueue.poll(LinkedBlockingQueue.java:460)&#10;        at app//org.apache.hadoop.ipc.CallQueueManager.take(CallQueueManager.java:370)&#10;        at app//org.apache.hadoop.ipc.Server$Handler.run(Server.java:3165)&#10;&quot;78b7fabf-ca2a-4b70-8534-e46926e2083c-DatanodeReportManager-0&quot; daemon prio=5 tid=799 in Object.wait()&#10;java.lang.Thread.State: WAITING (on object monitor)&#10;        at java.base@21.0.7/jdk.internal.misc.Unsafe.park(Native Method)&#10;        at java.base@21.0.7/java.util.concurrent.locks.LockSupport.park(LockSupport.java:371)&#10;        at java.base@21.0.7/java.util.concurrent.locks.AbstractQueuedSynchronizer$ConditionNode.block(AbstractQueuedSynchronizer.java:519)&#10;        at java.base@21.0.7/java.util.concurrent.ForkJoinPool.unmanagedBlock(ForkJoinPool.java:3780)&#10;        at java.base@21.0.7/java.util.concurrent.ForkJoinPool.managedBlock(ForkJoinPool.java:3725)&#10;        at java.base@21.0.7/java.util.concurrent.locks.AbstractQueuedSynchronizer$ConditionObject.await(AbstractQueuedSynchronizer.java:1712)&#10;        at java.base@21.0.7/java.util.concurrent.ScheduledThreadPoolExecutor$DelayedWorkQueue.take(ScheduledThreadPoolExecutor.java:1177)&#10;        at java.base@21.0.7/java.util.concurrent.ScheduledThreadPoolExecutor$DelayedWorkQueue.take(ScheduledThreadPoolExecutor.java:899)&#10;        at java.base@21.0.7/java.util.concurrent.ThreadPoolExecutor.getTask(ThreadPoolExecutor.java:1070)&#10;        at java.base@21.0.7/java.util.concurrent.ThreadPoolExecutor.runWorker(ThreadPoolExecutor.java:1130)&#10;        at java.base@21.0.7/java.util.concurrent.ThreadPoolExecutor$Worker.run(ThreadPoolExecutor.java:642)&#10;        at java.base@21.0.7/java.lang.Thread.runWith(Thread.java:1596)&#10;        at java.base@21.0.7/java.lang.Thread.run(Thread.java:1583)&#10;&quot;EventQueue-NodeReportForNodeReportHandler&quot; daemon prio=5 tid=841 in Object.wait()&#10;java.lang.Thread.State: WAITING (on object monitor)&#10;        at java.base@21.0.7/jdk.internal.misc.Unsafe.park(Native Method)&#10;        at java.base@21.0.7/java.util.concurrent.locks.LockSupport.park(LockSupport.java:371)&#10;        at java.base@21.0.7/java.util.concurrent.locks.AbstractQueuedSynchronizer$ConditionNode.block(AbstractQueuedSynchronizer.java:519)&#10;        at java.base@21.0.7/java.util.concurrent.ForkJoinPool.unmanagedBlock(ForkJoinPool.java:3780)&#10;        at java.base@21.0.7/java.util.concurrent.ForkJoinPool.managedBlock(ForkJoinPool.java:3725)&#10;        at java.base@21.0.7/java.util.concurrent.locks.AbstractQueuedSynchronizer$ConditionObject.await(AbstractQueuedSynchronizer.java:1712)&#10;        at java.base@21.0.7/java.util.concurrent.LinkedBlockingQueue.take(LinkedBlockingQueue.java:435)&#10;        at java.base@21.0.7/java.util.concurrent.ThreadPoolExecutor.getTask(ThreadPoolExecutor.java:1070)&#10;        at java.base@21.0.7/java.util.concurrent.ThreadPoolExecutor.runWorker(ThreadPoolExecutor.java:1130)&#10;        at java.base@21.0.7/java.util.concurrent.ThreadPoolExecutor$Worker.run(ThreadPoolExecutor.java:642)&#10;        at java.base@21.0.7/java.lang.Thread.runWith(Thread.java:1596)&#10;        at java.base@21.0.7/java.lang.Thread.run(Thread.java:1583)&#10;&quot;IPC Parameter Sending Thread for 0.0.0.0/0.0.0.0:15001&quot; daemon prio=5 tid=476 timed_waiting&#10;java.lang.Thread.State: TIMED_WAITING&#10;        at java.base@21.0.7/jdk.internal.misc.Unsafe.park(Native Method)&#10;        at java.base@21.0.7/java.util.concurrent.locks.LockSupport.parkNanos(LockSupport.java:410)&#10;        at java.base@21.0.7/java.util.concurrent.LinkedTransferQueue$DualNode.await(LinkedTransferQueue.java:452)&#10;        at java.base@21.0.7/java.util.concurrent.LinkedTransferQueue.xfer(LinkedTransferQueue.java:613)&#10;        at java.base@21.0.7/java.util.concurrent.SynchronousQueue.xfer(SynchronousQueue.java:235)&#10;        at java.base@21.0.7/java.util.concurrent.SynchronousQueue.poll(SynchronousQueue.java:338)&#10;        at app//org.apache.hadoop.ipc.Client$Connection$RpcRequestSender.run(Client.java:1121)&#10;        at java.base@21.0.7/java.lang.Thread.runWith(Thread.java:1596)&#10;        at java.base@21.0.7/java.lang.Thread.run(Thread.java:1583)&#10;&quot;Socket Reader #8 for port 15019&quot;  prio=5 tid=595 runnable&#10;java.lang.Thread.State: RUNNABLE&#10;        at java.base@21.0.7/sun.nio.ch.EPoll.wait(Native Method)&#10;        at java.base@21.0.7/sun.nio.ch.EPollSelectorImpl.doSelect(EPollSelectorImpl.java:121)&#10;        at java.base@21.0.7/sun.nio.ch.SelectorImpl.lockAndDoSelect(SelectorImpl.java:130)&#10;        at java.base@21.0.7/sun.nio.ch.SelectorImpl.select(SelectorImpl.java:147)&#10;        at app//org.apache.hadoop.ipc.Server$Listener$Reader.doRunLoop(Server.java:1497)&#10;        at app//org.apache.hadoop.ipc.Server$Listener$Reader.run(Server.java:1476)&#10;&quot;StaleRecoveringContainerScrubbingService#0&quot; daemon prio=5 tid=716 timed_waiting&#10;java.lang.Thread.State: TIMED_WAITING&#10;        at java.base@21.0.7/jdk.internal.misc.Unsafe.park(Native Method)&#10;        at java.base@21.0.7/java.util.concurrent.locks.LockSupport.parkNanos(LockSupport.java:269)&#10;        at java.base@21.0.7/java.util.concurrent.locks.AbstractQueuedSynchronizer$ConditionObject.awaitNanos(AbstractQueuedSynchronizer.java:1763)&#10;        at java.base@21.0.7/java.util.concurrent.ScheduledThreadPoolExecutor$DelayedWorkQueue.take(ScheduledThreadPoolExecutor.java:1182)&#10;        at java.base@21.0.7/java.util.concurrent.ScheduledThreadPoolExecutor$DelayedWorkQueue.take(ScheduledThreadPoolExecutor.java:899)&#10;        at java.base@21.0.7/java.util.concurrent.ThreadPoolExecutor.getTask(ThreadPoolExecutor.java:1070)&#10;        at java.base@21.0.7/java.util.concurrent.ThreadPoolExecutor.runWorker(ThreadPoolExecutor.java:1130)&#10;        at java.base@21.0.7/java.util.concurrent.ThreadPoolExecutor$Worker.run(ThreadPoolExecutor.java:642)&#10;        at java.base@21.0.7/java.lang.Thread.runWith(Thread.java:1596)&#10;        at java.base@21.0.7/java.lang.Thread.run(Thread.java:1583)&#10;&quot;StaleRecoveringContainerScrubbingService#1&quot; daemon prio=5 tid=821 in Object.wait()&#10;java.lang.Thread.State: WAITING (on object monitor)&#10;        at java.base@21.0.7/jdk.internal.misc.Unsafe.park(Native Method)&#10;        at java.base@21.0.7/java.util.concurrent.locks.LockSupport.park(LockSupport.java:371)&#10;        at java.base@21.0.7/java.util.concurrent.locks.AbstractQueuedSynchronizer$ConditionNode.block(AbstractQueuedSynchronizer.java:519)&#10;        at java.base@21.0.7/java.util.concurrent.ForkJoinPool.unmanagedBlock(ForkJoinPool.java:3780)&#10;        at java.base@21.0.7/java.util.concurrent.ForkJoinPool.managedBlock(ForkJoinPool.java:3725)&#10;        at java.base@21.0.7/java.util.concurrent.locks.AbstractQueuedSynchronizer$ConditionObject.await(AbstractQueuedSynchronizer.java:1712)&#10;        at java.base@21.0.7/java.util.concurrent.ScheduledThreadPoolExecutor$DelayedWorkQueue.take(ScheduledThreadPoolExecutor.java:1177)&#10;        at java.base@21.0.7/java.util.concurrent.ScheduledThreadPoolExecutor$DelayedWorkQueue.take(ScheduledThreadPoolExecutor.java:899)&#10;        at java.base@21.0.7/java.util.concurrent.ThreadPoolExecutor.getTask(ThreadPoolExecutor.java:1070)&#10;        at java.base@21.0.7/java.util.concurrent.ThreadPoolExecutor.runWorker(ThreadPoolExecutor.java:1130)&#10;        at java.base@21.0.7/java.util.concurrent.ThreadPoolExecutor$Worker.run(ThreadPoolExecutor.java:642)&#10;        at java.base@21.0.7/java.lang.Thread.runWith(Thread.java:1596)&#10;        at java.base@21.0.7/java.lang.Thread.run(Thread.java:1583)&#10;&quot;IPC Server handler 67 on default port 15002&quot; daemon prio=5 tid=411 timed_waiting&#10;java.lang.Thread.State: TIMED_WAITING&#10;        at java.base@21.0.7/jdk.internal.misc.Unsafe.park(Native Method)&#10;        at java.base@21.0.7/java.util.concurrent.locks.LockSupport.parkNanos(LockSupport.java:269)&#10;        at java.base@21.0.7/java.util.concurrent.locks.AbstractQueuedSynchronizer$ConditionObject.awaitNanos(AbstractQueuedSynchronizer.java:1763)&#10;        at java.base@21.0.7/java.util.concurrent.LinkedBlockingQueue.poll(LinkedBlockingQueue.java:460)&#10;        at app//org.apache.hadoop.ipc.CallQueueManager.take(CallQueueManager.java:370)&#10;        at app//org.apache.hadoop.ipc.Server$Handler.run(Server.java:3165)&#10;&quot;2b1bfca1-1fdc-4b0a-9b4d-c21112718afa@group-0D69DBD4F9B0-LeaderStateImpl&quot; daemon prio=5 tid=1047 timed_waiting&#10;java.lang.Thread.State: TIMED_WAITING&#10;        at java.base@21.0.7/jdk.internal.misc.Unsafe.park(Native Method)&#10;        at java.base@21.0.7/java.util.concurrent.locks.LockSupport.parkNanos(LockSupport.java:269)&#10;        at java.base@21.0.7/java.util.concurrent.locks.AbstractQueuedSynchronizer$ConditionObject.awaitNanos(AbstractQueuedSynchronizer.java:1763)&#10;        at java.base@21.0.7/java.util.concurrent.ArrayBlockingQueue.poll(ArrayBlockingQueue.java:435)&#10;        at app//org.apache.ratis.server.impl.LeaderStateImpl$EventQueue.poll(LeaderStateImpl.java:164)&#10;        at app//org.apache.ratis.server.impl.LeaderStateImpl$EventProcessor.run(LeaderStateImpl.java:763)&#10;&quot;a755fe32-7d9a-4996-bc51-d7fbc67ab218-BlockDeletingService#0&quot; daemon prio=5 tid=715 timed_waiting&#10;java.lang.Thread.State: TIMED_WAITING&#10;        at java.base@21.0.7/jdk.internal.misc.Unsafe.park(Native Method)&#10;        at java.base@21.0.7/java.util.concurrent.locks.LockSupport.parkNanos(LockSupport.java:269)&#10;        at java.base@21.0.7/java.util.concurrent.locks.AbstractQueuedSynchronizer$ConditionObject.awaitNanos(AbstractQueuedSynchronizer.java:1763)&#10;        at java.base@21.0.7/java.util.concurrent.ScheduledThreadPoolExecutor$DelayedWorkQueue.take(ScheduledThreadPoolExecutor.java:1182)&#10;        at java.base@21.0.7/java.util.concurrent.ScheduledThreadPoolExecutor$DelayedWorkQueue.take(ScheduledThreadPoolExecutor.java:899)&#10;        at java.base@21.0.7/java.util.concurrent.ThreadPoolExecutor.getTask(ThreadPoolExecutor.java:1070)&#10;        at java.base@21.0.7/java.util.concurrent.ThreadPoolExecutor.runWorker(ThreadPoolExecutor.java:1130)&#10;        at java.base@21.0.7/java.util.concurrent.ThreadPoolExecutor$Worker.run(ThreadPoolExecutor.java:642)&#10;        at java.base@21.0.7/java.lang.Thread.runWith(Thread.java:1596)&#10;        at java.base@21.0.7/java.lang.Thread.run(Thread.java:1583)&#10;&quot;IPC Server handler 5 on default port 15035&quot; daemon prio=5 tid=738 timed_waiting&#10;java.lang.Thread.State: TIMED_WAITING&#10;        at java.base@21.0.7/jdk.internal.misc.Unsafe.park(Native Method)&#10;        at java.base@21.0.7/java.util.concurrent.locks.LockSupport.parkNanos(LockSupport.java:269)&#10;        at java.base@21.0.7/java.util.concurrent.locks.AbstractQueuedSynchronizer$ConditionObject.awaitNanos(AbstractQueuedSynchronizer.java:1763)&#10;        at java.base@21.0.7/java.util.concurrent.LinkedBlockingQueue.poll(LinkedBlockingQueue.java:460)&#10;        at app//org.apache.hadoop.ipc.CallQueueManager.take(CallQueueManager.java:370)&#10;        at app//org.apache.hadoop.ipc.Server$Handler.run(Server.java:3165)&#10;&quot;dacc202e-cd42-4a7a-b335-fe62dff69130-DataNodeDiskCheckerThread-0&quot; daemon prio=5 tid=808 timed_waiting&#10;java.lang.Thread.State: TIMED_WAITING&#10;        at java.base@21.0.7/jdk.internal.misc.Unsafe.park(Native Method)&#10;        at java.base@21.0.7/java.util.concurrent.locks.LockSupport.parkNanos(LockSupport.java:410)&#10;        at java.base@21.0.7/java.util.concurrent.LinkedTransferQueue$DualNode.await(LinkedTransferQueue.java:452)&#10;        at java.base@21.0.7/java.util.concurrent.SynchronousQueue$Transferer.xferLifo(SynchronousQueue.java:194)&#10;        at java.base@21.0.7/java.util.concurrent.SynchronousQueue.xfer(SynchronousQueue.java:235)&#10;        at java.base@21.0.7/java.util.concurrent.SynchronousQueue.poll(SynchronousQueue.java:338)&#10;        at java.base@21.0.7/java.util.concurrent.ThreadPoolExecutor.getTask(ThreadPoolExecutor.java:1069)&#10;        at java.base@21.0.7/java.util.concurrent.ThreadPoolExecutor.runWorker(ThreadPoolExecutor.java:1130)&#10;        at java.base@21.0.7/java.util.concurrent.ThreadPoolExecutor$Worker.run(ThreadPoolExecutor.java:642)&#10;        at java.base@21.0.7/java.lang.Thread.runWith(Thread.java:1596)&#10;        at java.base@21.0.7/java.lang.Thread.run(Thread.java:1583)&#10;&quot;dacc202e-cd42-4a7a-b335-fe62dff69130-DatanodeStateMachineTaskThread-1&quot;  prio=5 tid=770 in Object.wait()&#10;java.lang.Thread.State: WAITING (on object monitor)&#10;        at java.base@21.0.7/jdk.internal.misc.Unsafe.park(Native Method)&#10;        at java.base@21.0.7/java.util.concurrent.locks.LockSupport.park(LockSupport.java:371)&#10;        at java.base@21.0.7/java.util.concurrent.locks.AbstractQueuedSynchronizer$ConditionNode.block(AbstractQueuedSynchronizer.java:519)&#10;        at java.base@21.0.7/java.util.concurrent.ForkJoinPool.unmanagedBlock(ForkJoinPool.java:3780)&#10;        at java.base@21.0.7/java.util.concurrent.ForkJoinPool.managedBlock(ForkJoinPool.java:3725)&#10;        at java.base@21.0.7/java.util.concurrent.locks.AbstractQueuedSynchronizer$ConditionObject.await(AbstractQueuedSynchronizer.java:1712)&#10;        at java.base@21.0.7/java.util.concurrent.LinkedBlockingQueue.take(LinkedBlockingQueue.java:435)&#10;        at java.base@21.0.7/java.util.concurrent.ThreadPoolExecutor.getTask(ThreadPoolExecutor.java:1070)&#10;        at java.base@21.0.7/java.util.concurrent.ThreadPoolExecutor.runWorker(ThreadPoolExecutor.java:1130)&#10;        at java.base@21.0.7/java.util.concurrent.ThreadPoolExecutor$Worker.run(ThreadPoolExecutor.java:642)&#10;        at java.base@21.0.7/java.lang.Thread.runWith(Thread.java:1596)&#10;        at java.base@21.0.7/java.lang.Thread.run(Thread.java:1583)&#10;&quot;ReplicationMonitor&quot; daemon prio=5 tid=62 timed_waiting&#10;java.lang.Thread.State: TIMED_WAITING&#10;        at java.base@21.0.7/java.lang.Object.wait0(Native Method)&#10;        at java.base@21.0.7/java.lang.Object.wait(Object.java:366)&#10;        at app//org.apache.hadoop.hdds.scm.container.replication.ReplicationManager.run(ReplicationManager.java:932)&#10;        at app//org.apache.hadoop.hdds.scm.container.replication.ReplicationManager$$Lambda/0x00007fe904521448.run(Unknown Source)&#10;        at java.base@21.0.7/java.lang.Thread.runWith(Thread.java:1596)&#10;        at java.base@21.0.7/java.lang.Thread.run(Thread.java:1583)&#10;&quot;IPC Server handler 50 on default port 15001&quot; daemon prio=5 tid=276 timed_waiting&#10;java.lang.Thread.State: TIMED_WAITING&#10;        at java.base@21.0.7/jdk.internal.misc.Unsafe.park(Native Method)&#10;        at java.base@21.0.7/java.util.concurrent.locks.LockSupport.parkNanos(LockSupport.java:269)&#10;        at java.base@21.0.7/java.util.concurrent.locks.AbstractQueuedSynchronizer$ConditionObject.awaitNanos(AbstractQueuedSynchronizer.java:1763)&#10;        at java.base@21.0.7/java.util.concurrent.LinkedBlockingQueue.poll(LinkedBlockingQueue.java:460)&#10;        at app//org.apache.hadoop.ipc.CallQueueManager.take(CallQueueManager.java:370)&#10;        at app//org.apache.hadoop.ipc.Server$Handler.run(Server.java:3165)&#10;&quot;dacc202e-cd42-4a7a-b335-fe62dff69130-BlockDeletingService#0&quot; daemon prio=5 tid=818 timed_waiting&#10;java.lang.Thread.State: TIMED_WAITING&#10;        at java.base@21.0.7/jdk.internal.misc.Unsafe.park(Native Method)&#10;        at java.base@21.0.7/java.util.concurrent.locks.LockSupport.parkNanos(LockSupport.java:269)&#10;        at java.base@21.0.7/java.util.concurrent.locks.AbstractQueuedSynchronizer$ConditionObject.awaitNanos(AbstractQueuedSynchronizer.java:1763)&#10;        at java.base@21.0.7/java.util.concurrent.ScheduledThreadPoolExecutor$DelayedWorkQueue.take(ScheduledThreadPoolExecutor.java:1182)&#10;        at java.base@21.0.7/java.util.concurrent.ScheduledThreadPoolExecutor$DelayedWorkQueue.take(ScheduledThreadPoolExecutor.java:899)&#10;        at java.base@21.0.7/java.util.concurrent.ThreadPoolExecutor.getTask(ThreadPoolExecutor.java:1070)&#10;        at java.base@21.0.7/java.util.concurrent.ThreadPoolExecutor.runWorker(ThreadPoolExecutor.java:1130)&#10;        at java.base@21.0.7/java.util.concurrent.ThreadPoolExecutor$Worker.run(ThreadPoolExecutor.java:642)&#10;        at java.base@21.0.7/java.lang.Thread.runWith(Thread.java:1596)&#10;        at java.base@21.0.7/java.lang.Thread.run(Thread.java:1583)&#10;&quot;IPC Server handler 7 on default port 15006&quot; daemon prio=5 tid=512 timed_waiting&#10;java.lang.Thread.State: TIMED_WAITING&#10;        at java.base@21.0.7/jdk.internal.misc.Unsafe.park(Native Method)&#10;        at java.base@21.0.7/java.util.concurrent.locks.LockSupport.parkNanos(LockSupport.java:269)&#10;        at java.base@21.0.7/java.util.concurrent.locks.AbstractQueuedSynchronizer$ConditionObject.awaitNanos(AbstractQueuedSynchronizer.java:1763)&#10;        at java.base@21.0.7/java.util.concurrent.LinkedBlockingQueue.poll(LinkedBlockingQueue.java:460)&#10;        at app//org.apache.hadoop.ipc.CallQueueManager.take(CallQueueManager.java:370)&#10;        at app//org.apache.hadoop.ipc.Server$Handler.run(Server.java:3165)&#10;&quot;IPC Server handler 22 on default port 15002&quot; daemon prio=5 tid=366 timed_waiting&#10;java.lang.Thread.State: TIMED_WAITING&#10;        at java.base@21.0.7/jdk.internal.misc.Unsafe.park(Native Method)&#10;        at java.base@21.0.7/java.util.concurrent.locks.LockSupport.parkNanos(LockSupport.java:269)&#10;        at java.base@21.0.7/java.util.concurrent.locks.AbstractQueuedSynchronizer$ConditionObject.awaitNanos(AbstractQueuedSynchronizer.java:1763)&#10;        at java.base@21.0.7/java.util.concurrent.LinkedBlockingQueue.poll(LinkedBlockingQueue.java:460)&#10;        at app//org.apache.hadoop.ipc.CallQueueManager.take(CallQueueManager.java:370)&#10;        at app//org.apache.hadoop.ipc.Server$Handler.run(Server.java:3165)&#10;&quot;IPC Server handler 35 on default port 15002&quot; daemon prio=5 tid=379 timed_waiting&#10;java.lang.Thread.State: TIMED_WAITING&#10;        at java.base@21.0.7/jdk.internal.misc.Unsafe.park(Native Method)&#10;        at java.base@21.0.7/java.util.concurrent.locks.LockSupport.parkNanos(LockSupport.java:269)&#10;        at java.base@21.0.7/java.util.concurrent.locks.AbstractQueuedSynchronizer$ConditionObject.awaitNanos(AbstractQueuedSynchronizer.java:1763)&#10;        at java.base@21.0.7/java.util.concurrent.LinkedBlockingQueue.poll(LinkedBlockingQueue.java:460)&#10;        at app//org.apache.hadoop.ipc.CallQueueManager.take(CallQueueManager.java:370)&#10;        at app//org.apache.hadoop.ipc.Server$Handler.run(Server.java:3165)&#10;&quot;IPC Server handler 33 on default port 15002&quot; daemon prio=5 tid=377 timed_waiting&#10;java.lang.Thread.State: TIMED_WAITING&#10;        at java.base@21.0.7/jdk.internal.misc.Unsafe.park(Native Method)&#10;        at java.base@21.0.7/java.util.concurrent.locks.LockSupport.parkNanos(LockSupport.java:269)&#10;        at java.base@21.0.7/java.util.concurrent.locks.AbstractQueuedSynchronizer$ConditionObject.awaitNanos(AbstractQueuedSynchronizer.java:1763)&#10;        at java.base@21.0.7/java.util.concurrent.LinkedBlockingQueue.poll(LinkedBlockingQueue.java:460)&#10;        at app//org.apache.hadoop.ipc.CallQueueManager.take(CallQueueManager.java:370)&#10;        at app//org.apache.hadoop.ipc.Server$Handler.run(Server.java:3165)&#10;&quot;IPC Server handler 10 on default port 15006&quot; daemon prio=5 tid=515 timed_waiting&#10;java.lang.Thread.State: TIMED_WAITING&#10;        at java.base@21.0.7/jdk.internal.misc.Unsafe.park(Native Method)&#10;        at java.base@21.0.7/java.util.concurrent.locks.LockSupport.parkNanos(LockSupport.java:269)&#10;        at java.base@21.0.7/java.util.concurrent.locks.AbstractQueuedSynchronizer$ConditionObject.awaitNanos(AbstractQueuedSynchronizer.java:1763)&#10;        at java.base@21.0.7/java.util.concurrent.LinkedBlockingQueue.poll(LinkedBlockingQueue.java:460)&#10;        at app//org.apache.hadoop.ipc.CallQueueManager.take(CallQueueManager.java:370)&#10;        at app//org.apache.hadoop.ipc.Server$Handler.run(Server.java:3165)&#10;&quot;IPC Server handler 64 on default port 15001&quot; daemon prio=5 tid=290 timed_waiting&#10;java.lang.Thread.State: TIMED_WAITING&#10;        at java.base@21.0.7/jdk.internal.misc.Unsafe.park(Native Method)&#10;        at java.base@21.0.7/java.util.concurrent.locks.LockSupport.parkNanos(LockSupport.java:269)&#10;        at java.base@21.0.7/java.util.concurrent.locks.AbstractQueuedSynchronizer$ConditionObject.awaitNanos(AbstractQueuedSynchronizer.java:1763)&#10;        at java.base@21.0.7/java.util.concurrent.LinkedBlockingQueue.poll(LinkedBlockingQueue.java:460)&#10;        at app//org.apache.hadoop.ipc.CallQueueManager.take(CallQueueManager.java:370)&#10;        at app//org.apache.hadoop.ipc.Server$Handler.run(Server.java:3165)&#10;&quot;IPC Server handler 9 on default port 15035&quot; daemon prio=5 tid=742 timed_waiting&#10;java.lang.Thread.State: TIMED_WAITING&#10;        at java.base@21.0.7/jdk.internal.misc.Unsafe.park(Native Method)&#10;        at java.base@21.0.7/java.util.concurrent.locks.LockSupport.parkNanos(LockSupport.java:269)&#10;        at java.base@21.0.7/java.util.concurrent.locks.AbstractQueuedSynchronizer$ConditionObject.awaitNanos(AbstractQueuedSynchronizer.java:1763)&#10;        at java.base@21.0.7/java.util.concurrent.LinkedBlockingQueue.poll(LinkedBlockingQueue.java:460)&#10;        at app//org.apache.hadoop.ipc.CallQueueManager.take(CallQueueManager.java:370)&#10;        at app//org.apache.hadoop.ipc.Server$Handler.run(Server.java:3165)&#10;&quot;2b1bfca1-1fdc-4b0a-9b4d-c21112718afa-impl-thread1&quot;  prio=5 tid=673 timed_waiting&#10;java.lang.Thread.State: TIMED_WAITING&#10;        at java.base@21.0.7/jdk.internal.misc.Unsafe.park(Native Method)&#10;        at java.base@21.0.7/java.util.concurrent.locks.LockSupport.parkNanos(LockSupport.java:410)&#10;        at java.base@21.0.7/java.util.concurrent.LinkedTransferQueue$DualNode.await(LinkedTransferQueue.java:452)&#10;        at java.base@21.0.7/java.util.concurrent.SynchronousQueue$Transferer.xferLifo(SynchronousQueue.java:194)&#10;        at java.base@21.0.7/java.util.concurrent.SynchronousQueue.xfer(SynchronousQueue.java:235)&#10;        at java.base@21.0.7/java.util.concurrent.SynchronousQueue.poll(SynchronousQueue.java:338)&#10;        at java.base@21.0.7/java.util.concurrent.ThreadPoolExecutor.getTask(ThreadPoolExecutor.java:1069)&#10;        at java.base@21.0.7/java.util.concurrent.ThreadPoolExecutor.runWorker(ThreadPoolExecutor.java:1130)&#10;        at java.base@21.0.7/java.util.concurrent.ThreadPoolExecutor$Worker.run(ThreadPoolExecutor.java:642)&#10;        at java.base@21.0.7/java.lang.Thread.runWith(Thread.java:1596)&#10;        at java.base@21.0.7/java.lang.Thread.run(Thread.java:1583)&#10;&quot;78b7fabf-ca2a-4b70-8534-e46926e2083c-ChunkWriter-1-0&quot; daemon prio=5 tid=851 in Object.wait()&#10;java.lang.Thread.State: WAITING (on object monitor)&#10;        at java.base@21.0.7/jdk.internal.misc.Unsafe.park(Native Method)&#10;        at java.base@21.0.7/java.util.concurrent.locks.LockSupport.park(LockSupport.java:371)&#10;        at java.base@21.0.7/java.util.concurrent.locks.AbstractQueuedSynchronizer$ConditionNode.block(AbstractQueuedSynchronizer.java:519)&#10;        at java.base@21.0.7/java.util.concurrent.ForkJoinPool.unmanagedBlock(ForkJoinPool.java:3780)&#10;        at java.base@21.0.7/java.util.concurrent.ForkJoinPool.managedBlock(ForkJoinPool.java:3725)&#10;        at java.base@21.0.7/java.util.concurrent.locks.AbstractQueuedSynchronizer$ConditionObject.await(AbstractQueuedSynchronizer.java:1712)&#10;        at java.base@21.0.7/java.util.concurrent.LinkedBlockingDeque.takeFirst(LinkedBlockingDeque.java:485)&#10;        at java.base@21.0.7/java.util.concurrent.LinkedBlockingDeque.take(LinkedBlockingDeque.java:673)&#10;        at java.base@21.0.7/java.util.concurrent.ThreadPoolExecutor.getTask(ThreadPoolExecutor.java:1070)&#10;        at java.base@21.0.7/java.util.concurrent.ThreadPoolExecutor.runWorker(ThreadPoolExecutor.java:1130)&#10;        at java.base@21.0.7/java.util.concurrent.ThreadPoolExecutor$Worker.run(ThreadPoolExecutor.java:642)&#10;        at java.base@21.0.7/java.lang.Thread.runWith(Thread.java:1596)&#10;        at java.base@21.0.7/java.lang.Thread.run(Thread.java:1583)&#10;&quot;a755fe32-7d9a-4996-bc51-d7fbc67ab218-PeriodicHDDSVolumeChecker&quot; daemon prio=5 tid=704 timed_waiting&#10;java.lang.Thread.State: TIMED_WAITING&#10;        at java.base@21.0.7/jdk.internal.misc.Unsafe.park(Native Method)&#10;        at java.base@21.0.7/java.util.concurrent.locks.LockSupport.parkNanos(LockSupport.java:269)&#10;        at java.base@21.0.7/java.util.concurrent.locks.AbstractQueuedSynchronizer$ConditionObject.awaitNanos(AbstractQueuedSynchronizer.java:1763)&#10;        at java.base@21.0.7/java.util.concurrent.ScheduledThreadPoolExecutor$DelayedWorkQueue.take(ScheduledThreadPoolExecutor.java:1182)&#10;        at java.base@21.0.7/java.util.concurrent.ScheduledThreadPoolExecutor$DelayedWorkQueue.take(ScheduledThreadPoolExecutor.java:899)&#10;        at java.base@21.0.7/java.util.concurrent.ThreadPoolExecutor.getTask(ThreadPoolExecutor.java:1070)&#10;        at java.base@21.0.7/java.util.concurrent.ThreadPoolExecutor.runWorker(ThreadPoolExecutor.java:1130)&#10;        at java.base@21.0.7/java.util.concurrent.ThreadPoolExecutor$Worker.run(ThreadPoolExecutor.java:642)&#10;        at java.base@21.0.7/java.lang.Thread.runWith(Thread.java:1596)&#10;        at java.base@21.0.7/java.lang.Thread.run(Thread.java:1583)&#10;&quot;IPC Server handler 18 on default port 15000&quot; daemon prio=5 tid=144 timed_waiting&#10;java.lang.Thread.State: TIMED_WAITING&#10;        at java.base@21.0.7/jdk.internal.misc.Unsafe.park(Native Method)&#10;        at java.base@21.0.7/java.util.concurrent.locks.LockSupport.parkNanos(LockSupport.java:269)&#10;        at java.base@21.0.7/java.util.concurrent.locks.AbstractQueuedSynchronizer$ConditionObject.awaitNanos(AbstractQueuedSynchronizer.java:1763)&#10;        at java.base@21.0.7/java.util.concurrent.LinkedBlockingQueue.poll(LinkedBlockingQueue.java:460)&#10;        at app//org.apache.hadoop.ipc.CallQueueManager.take(CallQueueManager.java:370)&#10;        at app//org.apache.hadoop.ipc.Server$Handler.run(Server.java:3165)&#10;&quot;NetworkTopologyPoller&quot; daemon prio=5 tid=477 timed_waiting&#10;java.lang.Thread.State: TIMED_WAITING&#10;        at java.base@21.0.7/jdk.internal.misc.Unsafe.park(Native Method)&#10;        at java.base@21.0.7/java.util.concurrent.locks.LockSupport.parkNanos(LockSupport.java:269)&#10;        at java.base@21.0.7/java.util.concurrent.locks.AbstractQueuedSynchronizer$ConditionObject.awaitNanos(AbstractQueuedSynchronizer.java:1763)&#10;        at java.base@21.0.7/java.util.concurrent.ScheduledThreadPoolExecutor$DelayedWorkQueue.take(ScheduledThreadPoolExecutor.java:1182)&#10;        at java.base@21.0.7/java.util.concurrent.ScheduledThreadPoolExecutor$DelayedWorkQueue.take(ScheduledThreadPoolExecutor.java:899)&#10;        at java.base@21.0.7/java.util.concurrent.ThreadPoolExecutor.getTask(ThreadPoolExecutor.java:1070)&#10;        at java.base@21.0.7/java.util.concurrent.ThreadPoolExecutor.runWorker(ThreadPoolExecutor.java:1130)&#10;        at java.base@21.0.7/java.util.concurrent.ThreadPoolExecutor$Worker.run(ThreadPoolExecutor.java:642)&#10;        at java.base@21.0.7/java.lang.Thread.runWith(Thread.java:1596)&#10;        at java.base@21.0.7/java.lang.Thread.run(Thread.java:1583)&#10;&quot;StaleRecoveringContainerScrubbingService#1&quot; daemon prio=5 tid=838 in Object.wait()&#10;java.lang.Thread.State: WAITING (on object monitor)&#10;        at java.base@21.0.7/jdk.internal.misc.Unsafe.park(Native Method)&#10;        at java.base@21.0.7/java.util.concurrent.locks.LockSupport.park(LockSupport.java:371)&#10;        at java.base@21.0.7/java.util.concurrent.locks.AbstractQueuedSynchronizer$ConditionNode.block(AbstractQueuedSynchronizer.java:519)&#10;        at java.base@21.0.7/java.util.concurrent.ForkJoinPool.unmanagedBlock(ForkJoinPool.java:3780)&#10;        at java.base@21.0.7/java.util.concurrent.ForkJoinPool.managedBlock(ForkJoinPool.java:3725)&#10;        at java.base@21.0.7/java.util.concurrent.locks.AbstractQueuedSynchronizer$ConditionObject.await(AbstractQueuedSynchronizer.java:1712)&#10;        at java.base@21.0.7/java.util.concurrent.ScheduledThreadPoolExecutor$DelayedWorkQueue.take(ScheduledThreadPoolExecutor.java:1177)&#10;        at java.base@21.0.7/java.util.concurrent.ScheduledThreadPoolExecutor$DelayedWorkQueue.take(ScheduledThreadPoolExecutor.java:899)&#10;        at java.base@21.0.7/java.util.concurrent.ThreadPoolExecutor.getTask(ThreadPoolExecutor.java:1070)&#10;        at java.base@21.0.7/java.util.concurrent.ThreadPoolExecutor.runWorker(ThreadPoolExecutor.java:1130)&#10;        at java.base@21.0.7/java.util.concurrent.ThreadPoolExecutor$Worker.run(ThreadPoolExecutor.java:642)&#10;        at java.base@21.0.7/java.lang.Thread.runWith(Thread.java:1596)&#10;        at java.base@21.0.7/java.lang.Thread.run(Thread.java:1583)&#10;&quot;qtp1334632116-757&quot; daemon prio=5 tid=757 runnable&#10;java.lang.Thread.State: RUNNABLE&#10;        at java.base@21.0.7/sun.nio.ch.EPoll.wait(Native Method)&#10;        at java.base@21.0.7/sun.nio.ch.EPollSelectorImpl.doSelect(EPollSelectorImpl.java:121)&#10;        at java.base@21.0.7/sun.nio.ch.SelectorImpl.lockAndDoSelect(SelectorImpl.java:130)&#10;        at java.base@21.0.7/sun.nio.ch.SelectorImpl.select(SelectorImpl.java:147)&#10;        at app//org.eclipse.jetty.io.ManagedSelector.nioSelect(ManagedSelector.java:183)&#10;        at app//org.eclipse.jetty.io.ManagedSelector.select(ManagedSelector.java:190)&#10;        at app//org.eclipse.jetty.io.ManagedSelector$SelectorProducer.select(ManagedSelector.java:606)&#10;        at app//org.eclipse.jetty.io.ManagedSelector$SelectorProducer.produce(ManagedSelector.java:543)&#10;        at app//org.eclipse.jetty.util.thread.strategy.EatWhatYouKill.produceTask(EatWhatYouKill.java:362)&#10;        at app//org.eclipse.jetty.util.thread.strategy.EatWhatYouKill.doProduce(EatWhatYouKill.java:186)&#10;        at app//org.eclipse.jetty.util.thread.strategy.EatWhatYouKill.tryProduce(EatWhatYouKill.java:173)&#10;        at app//org.eclipse.jetty.util.thread.strategy.EatWhatYouKill.produce(EatWhatYouKill.java:137)&#10;        at app//org.eclipse.jetty.io.ManagedSelector$$Lambda/0x00007fe9046a5948.run(Unknown Source)&#10;        at app//org.eclipse.jetty.util.thread.QueuedThreadPool.runJob(QueuedThreadPool.java:883)&#10;        at app//org.eclipse.jetty.util.thread.QueuedThreadPool$Runner.run(QueuedThreadPool.java:1034)&#10;        at java.base@21.0.7/java.lang.Thread.runWith(Thread.java:1596)&#10;        at java.base@21.0.7/java.lang.Thread.run(Thread.java:1583)&#10;&quot;IPC Server handler 3 on default port 15035&quot; daemon prio=5 tid=736 timed_waiting&#10;java.lang.Thread.State: TIMED_WAITING&#10;        at java.base@21.0.7/jdk.internal.misc.Unsafe.park(Native Method)&#10;        at java.base@21.0.7/java.util.concurrent.locks.LockSupport.parkNanos(LockSupport.java:269)&#10;        at java.base@21.0.7/java.util.concurrent.locks.AbstractQueuedSynchronizer$ConditionObject.awaitNanos(AbstractQueuedSynchronizer.java:1763)&#10;        at java.base@21.0.7/java.util.concurrent.LinkedBlockingQueue.poll(LinkedBlockingQueue.java:460)&#10;        at app//org.apache.hadoop.ipc.CallQueueManager.take(CallQueueManager.java:370)&#10;        at app//org.apache.hadoop.ipc.Server$Handler.run(Server.java:3165)&#10;&quot;IPC Server handler 20 on default port 15001&quot; daemon prio=5 tid=246 timed_waiting&#10;java.lang.Thread.State: TIMED_WAITING&#10;        at java.base@21.0.7/jdk.internal.misc.Unsafe.park(Native Method)&#10;        at java.base@21.0.7/java.util.concurrent.locks.LockSupport.parkNanos(LockSupport.java:269)&#10;        at java.base@21.0.7/java.util.concurrent.locks.AbstractQueuedSynchronizer$ConditionObject.awaitNanos(AbstractQueuedSynchronizer.java:1763)&#10;        at java.base@21.0.7/java.util.concurrent.LinkedBlockingQueue.poll(LinkedBlockingQueue.java:460)&#10;        at app//org.apache.hadoop.ipc.CallQueueManager.take(CallQueueManager.java:370)&#10;        at app//org.apache.hadoop.ipc.Server$Handler.run(Server.java:3165)&#10;&quot;IPC Server handler 75 on default port 15002&quot; daemon prio=5 tid=419 timed_waiting&#10;java.lang.Thread.State: TIMED_WAITING&#10;        at java.base@21.0.7/jdk.internal.misc.Unsafe.park(Native Method)&#10;        at java.base@21.0.7/java.util.concurrent.locks.LockSupport.parkNanos(LockSupport.java:269)&#10;        at java.base@21.0.7/java.util.concurrent.locks.AbstractQueuedSynchronizer$ConditionObject.awaitNanos(AbstractQueuedSynchronizer.java:1763)&#10;        at java.base@21.0.7/java.util.concurrent.LinkedBlockingQueue.poll(LinkedBlockingQueue.java:460)&#10;        at app//org.apache.hadoop.ipc.CallQueueManager.take(CallQueueManager.java:370)&#10;        at app//org.apache.hadoop.ipc.Server$Handler.run(Server.java:3165)&#10;&quot;om1-SstFilteringService#0&quot; daemon prio=5 tid=483 timed_waiting&#10;java.lang.Thread.State: TIMED_WAITING&#10;        at java.base@21.0.7/jdk.internal.misc.Unsafe.park(Native Method)&#10;        at java.base@21.0.7/java.util.concurrent.locks.LockSupport.parkNanos(LockSupport.java:269)&#10;        at java.base@21.0.7/java.util.concurrent.locks.AbstractQueuedSynchronizer$ConditionObject.awaitNanos(AbstractQueuedSynchronizer.java:1763)&#10;        at java.base@21.0.7/java.util.concurrent.ScheduledThreadPoolExecutor$DelayedWorkQueue.take(ScheduledThreadPoolExecutor.java:1182)&#10;        at java.base@21.0.7/java.util.concurrent.ScheduledThreadPoolExecutor$DelayedWorkQueue.take(ScheduledThreadPoolExecutor.java:899)&#10;        at java.base@21.0.7/java.util.concurrent.ThreadPoolExecutor.getTask(ThreadPoolExecutor.java:1070)&#10;        at java.base@21.0.7/java.util.concurrent.ThreadPoolExecutor.runWorker(ThreadPoolExecutor.java:1130)&#10;        at java.base@21.0.7/java.util.concurrent.ThreadPoolExecutor$Worker.run(ThreadPoolExecutor.java:642)&#10;        at java.base@21.0.7/java.lang.Thread.runWith(Thread.java:1596)&#10;        at java.base@21.0.7/java.lang.Thread.run(Thread.java:1583)&#10;&quot;Socket Reader #8 for port 15035&quot;  prio=5 tid=727 runnable&#10;java.lang.Thread.State: RUNNABLE&#10;        at java.base@21.0.7/sun.nio.ch.EPoll.wait(Native Method)&#10;        at java.base@21.0.7/sun.nio.ch.EPollSelectorImpl.doSelect(EPollSelectorImpl.java:121)&#10;        at java.base@21.0.7/sun.nio.ch.SelectorImpl.lockAndDoSelect(SelectorImpl.java:130)&#10;        at java.base@21.0.7/sun.nio.ch.SelectorImpl.select(SelectorImpl.java:147)&#10;        at app//org.apache.hadoop.ipc.Server$Listener$Reader.doRunLoop(Server.java:1497)&#10;        at app//org.apache.hadoop.ipc.Server$Listener$Reader.run(Server.java:1476)&#10;&quot;IPC Server handler 46 on default port 15001&quot; daemon prio=5 tid=272 timed_waiting&#10;java.lang.Thread.State: TIMED_WAITING&#10;        at java.base@21.0.7/jdk.internal.misc.Unsafe.park(Native Method)&#10;        at java.base@21.0.7/java.util.concurrent.locks.LockSupport.parkNanos(LockSupport.java:269)&#10;        at java.base@21.0.7/java.util.concurrent.locks.AbstractQueuedSynchronizer$ConditionObject.awaitNanos(AbstractQueuedSynchronizer.java:1763)&#10;        at java.base@21.0.7/java.util.concurrent.LinkedBlockingQueue.poll(LinkedBlockingQueue.java:460)&#10;        at app//org.apache.hadoop.ipc.CallQueueManager.take(CallQueueManager.java:370)&#10;        at app//org.apache.hadoop.ipc.Server$Handler.run(Server.java:3165)&#10;&quot;IPC Server handler 9 on default port 15027&quot; daemon prio=5 tid=662 timed_waiting&#10;java.lang.Thread.State: TIMED_WAITING&#10;        at java.base@21.0.7/jdk.internal.misc.Unsafe.park(Native Method)&#10;        at java.base@21.0.7/java.util.concurrent.locks.LockSupport.parkNanos(LockSupport.java:269)&#10;        at java.base@21.0.7/java.util.concurrent.locks.AbstractQueuedSynchronizer$ConditionObject.awaitNanos(AbstractQueuedSynchronizer.java:1763)&#10;        at java.base@21.0.7/java.util.concurrent.LinkedBlockingQueue.poll(LinkedBlockingQueue.java:460)&#10;        at app//org.apache.hadoop.ipc.CallQueueManager.take(CallQueueManager.java:370)&#10;        at app//org.apache.hadoop.ipc.Server$Handler.run(Server.java:3165)&#10;&quot;IPC Server handler 16 on default port 15000&quot; daemon prio=5 tid=142 timed_waiting&#10;java.lang.Thread.State: TIMED_WAITING&#10;        at java.base@21.0.7/jdk.internal.misc.Unsafe.park(Native Method)&#10;        at java.base@21.0.7/java.util.concurrent.locks.LockSupport.parkNanos(LockSupport.java:269)&#10;        at java.base@21.0.7/java.util.concurrent.locks.AbstractQueuedSynchronizer$ConditionObject.awaitNanos(AbstractQueuedSynchronizer.java:1763)&#10;        at java.base@21.0.7/java.util.concurrent.LinkedBlockingQueue.poll(LinkedBlockingQueue.java:460)&#10;        at app//org.apache.hadoop.ipc.CallQueueManager.take(CallQueueManager.java:370)&#10;        at app//org.apache.hadoop.ipc.Server$Handler.run(Server.java:3165)&#10;&quot;IPC Server handler 27 on default port 15002&quot; daemon prio=5 tid=371 timed_waiting&#10;java.lang.Thread.State: TIMED_WAITING&#10;        at java.base@21.0.7/jdk.internal.misc.Unsafe.park(Native Method)&#10;        at java.base@21.0.7/java.util.concurrent.locks.LockSupport.parkNanos(LockSupport.java:269)&#10;        at java.base@21.0.7/java.util.concurrent.locks.AbstractQueuedSynchronizer$ConditionObject.awaitNanos(AbstractQueuedSynchronizer.java:1763)&#10;        at java.base@21.0.7/java.util.concurrent.LinkedBlockingQueue.poll(LinkedBlockingQueue.java:460)&#10;        at app//org.apache.hadoop.ipc.CallQueueManager.take(CallQueueManager.java:370)&#10;        at app//org.apache.hadoop.ipc.Server$Handler.run(Server.java:3165)&#10;&quot;IPC Server handler 88 on default port 15001&quot; daemon prio=5 tid=314 timed_waiting&#10;java.lang.Thread.State: TIMED_WAITING&#10;        at java.base@21.0.7/jdk.internal.misc.Unsafe.park(Native Method)&#10;        at java.base@21.0.7/java.util.concurrent.locks.LockSupport.parkNanos(LockSupport.java:269)&#10;        at java.base@21.0.7/java.util.concurrent.locks.AbstractQueuedSynchronizer$ConditionObject.awaitNanos(AbstractQueuedSynchronizer.java:1763)&#10;        at java.base@21.0.7/java.util.concurrent.LinkedBlockingQueue.poll(LinkedBlockingQueue.java:460)&#10;        at app//org.apache.hadoop.ipc.CallQueueManager.take(CallQueueManager.java:370)&#10;        at app//org.apache.hadoop.ipc.Server$Handler.run(Server.java:3165)&#10;&quot;2b1bfca1-1fdc-4b0a-9b4d-c21112718afa-CommandProcessorThread&quot; daemon prio=5 tid=748 timed_waiting&#10;java.lang.Thread.State: TIMED_WAITING&#10;        at java.base@21.0.7/java.lang.Thread.sleep0(Native Method)&#10;        at java.base@21.0.7/java.lang.Thread.sleep(Thread.java:509)&#10;        at app//org.apache.hadoop.ozone.container.common.statemachine.DatanodeStateMachine.lambda$initCommandHandlerThread$4(DatanodeStateMachine.java:674)&#10;        at app//org.apache.hadoop.ozone.container.common.statemachine.DatanodeStateMachine$$Lambda/0x00007fe904823f58.run(Unknown Source)&#10;        at java.base@21.0.7/java.lang.Thread.runWith(Thread.java:1596)&#10;        at java.base@21.0.7/java.lang.Thread.run(Thread.java:1583)&#10;&quot;dacc202e-cd42-4a7a-b335-fe62dff69130-ChunkWriter-0-0&quot; daemon prio=5 tid=812 in Object.wait()&#10;java.lang.Thread.State: WAITING (on object monitor)&#10;        at java.base@21.0.7/jdk.internal.misc.Unsafe.park(Native Method)&#10;        at java.base@21.0.7/java.util.concurrent.locks.LockSupport.park(LockSupport.java:371)&#10;        at java.base@21.0.7/java.util.concurrent.locks.AbstractQueuedSynchronizer$ConditionNode.block(AbstractQueuedSynchronizer.java:519)&#10;        at java.base@21.0.7/java.util.concurrent.ForkJoinPool.unmanagedBlock(ForkJoinPool.java:3780)&#10;        at java.base@21.0.7/java.util.concurrent.ForkJoinPool.managedBlock(ForkJoinPool.java:3725)&#10;        at java.base@21.0.7/java.util.concurrent.locks.AbstractQueuedSynchronizer$ConditionObject.await(AbstractQueuedSynchronizer.java:1712)&#10;        at java.base@21.0.7/java.util.concurrent.LinkedBlockingDeque.takeFirst(LinkedBlockingDeque.java:485)&#10;        at java.base@21.0.7/java.util.concurrent.LinkedBlockingDeque.take(LinkedBlockingDeque.java:673)&#10;        at java.base@21.0.7/java.util.concurrent.ThreadPoolExecutor.getTask(ThreadPoolExecutor.java:1070)&#10;        at java.base@21.0.7/java.util.concurrent.ThreadPoolExecutor.runWorker(ThreadPoolExecutor.java:1130)&#10;        at java.base@21.0.7/java.util.concurrent.ThreadPoolExecutor$Worker.run(ThreadPoolExecutor.java:642)&#10;        at java.base@21.0.7/java.lang.Thread.runWith(Thread.java:1596)&#10;        at java.base@21.0.7/java.lang.Thread.run(Thread.java:1583)&#10;&quot;78b7fabf-ca2a-4b70-8534-e46926e2083c-NettyServerStreamRpc-bossGroup--thread1&quot;  prio=5 tid=752 runnable&#10;java.lang.Thread.State: RUNNABLE&#10;        at app//org.apache.ratis.thirdparty.io.netty.channel.epoll.Native.epollWait(Native Method)&#10;        at app//org.apache.ratis.thirdparty.io.netty.channel.epoll.Native.epollWait(Native.java:220)&#10;        at app//org.apache.ratis.thirdparty.io.netty.channel.epoll.Native.epollWait(Native.java:213)&#10;        at app//org.apache.ratis.thirdparty.io.netty.channel.epoll.EpollEventLoop.epollWaitNoTimerChange(EpollEventLoop.java:308)&#10;        at app//org.apache.ratis.thirdparty.io.netty.channel.epoll.EpollEventLoop.run(EpollEventLoop.java:365)&#10;        at app//org.apache.ratis.thirdparty.io.netty.util.concurrent.SingleThreadEventExecutor$4.run(SingleThreadEventExecutor.java:997)&#10;        at app//org.apache.ratis.thirdparty.io.netty.util.internal.ThreadExecutorMap$2.run(ThreadExecutorMap.java:74)&#10;        at java.base@21.0.7/java.lang.Thread.runWith(Thread.java:1596)&#10;        at java.base@21.0.7/java.lang.Thread.run(Thread.java:1583)&#10;&quot;IPC Server handler 16 on default port 15001&quot; daemon prio=5 tid=242 timed_waiting&#10;java.lang.Thread.State: TIMED_WAITING&#10;        at java.base@21.0.7/jdk.internal.misc.Unsafe.park(Native Method)&#10;        at java.base@21.0.7/java.util.concurrent.locks.LockSupport.parkNanos(LockSupport.java:269)&#10;        at java.base@21.0.7/java.util.concurrent.locks.AbstractQueuedSynchronizer$ConditionObject.awaitNanos(AbstractQueuedSynchronizer.java:1763)&#10;        at java.base@21.0.7/java.util.concurrent.LinkedBlockingQueue.poll(LinkedBlockingQueue.java:460)&#10;        at app//org.apache.hadoop.ipc.CallQueueManager.take(CallQueueManager.java:370)&#10;        at app//org.apache.hadoop.ipc.Server$Handler.run(Server.java:3165)&#10;&quot;78b7fabf-ca2a-4b70-8534-e46926e2083c-DatanodeReportManager-3&quot; daemon prio=5 tid=802 in Object.wait()&#10;java.lang.Thread.State: WAITING (on object monitor)&#10;        at java.base@21.0.7/jdk.internal.misc.Unsafe.park(Native Method)&#10;        at java.base@21.0.7/java.util.concurrent.locks.LockSupport.park(LockSupport.java:371)&#10;        at java.base@21.0.7/java.util.concurrent.locks.AbstractQueuedSynchronizer$ConditionNode.block(AbstractQueuedSynchronizer.java:519)&#10;        at java.base@21.0.7/java.util.concurrent.ForkJoinPool.unmanagedBlock(ForkJoinPool.java:3780)&#10;        at java.base@21.0.7/java.util.concurrent.ForkJoinPool.managedBlock(ForkJoinPool.java:3725)&#10;        at java.base@21.0.7/java.util.concurrent.locks.AbstractQueuedSynchronizer$ConditionObject.await(AbstractQueuedSynchronizer.java:1712)&#10;        at java.base@21.0.7/java.util.concurrent.ScheduledThreadPoolExecutor$DelayedWorkQueue.take(ScheduledThreadPoolExecutor.java:1177)&#10;        at java.base@21.0.7/java.util.concurrent.ScheduledThreadPoolExecutor$DelayedWorkQueue.take(ScheduledThreadPoolExecutor.java:899)&#10;        at java.base@21.0.7/java.util.concurrent.ThreadPoolExecutor.getTask(ThreadPoolExecutor.java:1070)&#10;        at java.base@21.0.7/java.util.concurrent.ThreadPoolExecutor.runWorker(ThreadPoolExecutor.java:1130)&#10;        at java.base@21.0.7/java.util.concurrent.ThreadPoolExecutor$Worker.run(ThreadPoolExecutor.java:642)&#10;        at java.base@21.0.7/java.lang.Thread.runWith(Thread.java:1596)&#10;        at java.base@21.0.7/java.lang.Thread.run(Thread.java:1583)&#10;&quot;Socket Reader #3 for port 15001&quot;  prio=5 tid=83 runnable&#10;java.lang.Thread.State: RUNNABLE&#10;        at java.base@21.0.7/sun.nio.ch.EPoll.wait(Native Method)&#10;        at java.base@21.0.7/sun.nio.ch.EPollSelectorImpl.doSelect(EPollSelectorImpl.java:121)&#10;        at java.base@21.0.7/sun.nio.ch.SelectorImpl.lockAndDoSelect(SelectorImpl.java:130)&#10;        at java.base@21.0.7/sun.nio.ch.SelectorImpl.select(SelectorImpl.java:147)&#10;        at app//org.apache.hadoop.ipc.Server$Listener$Reader.doRunLoop(Server.java:1497)&#10;        at app//org.apache.hadoop.ipc.Server$Listener$Reader.run(Server.java:1476)&#10;&quot;IPC Server handler 12 on default port 15006&quot; daemon prio=5 tid=517 timed_waiting&#10;java.lang.Thread.State: TIMED_WAITING&#10;        at java.base@21.0.7/jdk.internal.misc.Unsafe.park(Native Method)&#10;        at java.base@21.0.7/java.util.concurrent.locks.LockSupport.parkNanos(LockSupport.java:269)&#10;        at java.base@21.0.7/java.util.concurrent.locks.AbstractQueuedSynchronizer$ConditionObject.awaitNanos(AbstractQueuedSynchronizer.java:1763)&#10;        at java.base@21.0.7/java.util.concurrent.LinkedBlockingQueue.poll(LinkedBlockingQueue.java:460)&#10;        at app//org.apache.hadoop.ipc.CallQueueManager.take(CallQueueManager.java:370)&#10;        at app//org.apache.hadoop.ipc.Server$Handler.run(Server.java:3165)&#10;&quot;dacc202e-cd42-4a7a-b335-fe62dff69130-PeriodicHDDSVolumeChecker&quot; daemon prio=5 tid=807 timed_waiting&#10;java.lang.Thread.State: TIMED_WAITING&#10;        at java.base@21.0.7/jdk.internal.misc.Unsafe.park(Native Method)&#10;        at java.base@21.0.7/java.util.concurrent.locks.LockSupport.parkNanos(LockSupport.java:269)&#10;        at java.base@21.0.7/java.util.concurrent.locks.AbstractQueuedSynchronizer$ConditionObject.awaitNanos(AbstractQueuedSynchronizer.java:1763)&#10;        at java.base@21.0.7/java.util.concurrent.ScheduledThreadPoolExecutor$DelayedWorkQueue.take(ScheduledThreadPoolExecutor.java:1182)&#10;        at java.base@21.0.7/java.util.concurrent.ScheduledThreadPoolExecutor$DelayedWorkQueue.take(ScheduledThreadPoolExecutor.java:899)&#10;        at java.base@21.0.7/java.util.concurrent.ThreadPoolExecutor.getTask(ThreadPoolExecutor.java:1070)&#10;        at java.base@21.0.7/java.util.concurrent.ThreadPoolExecutor.runWorker(ThreadPoolExecutor.java:1130)&#10;        at java.base@21.0.7/java.util.concurrent.ThreadPoolExecutor$Worker.run(ThreadPoolExecutor.java:642)&#10;        at java.base@21.0.7/java.lang.Thread.runWith(Thread.java:1596)&#10;        at java.base@21.0.7/java.lang.Thread.run(Thread.java:1583)&#10;&quot;a755fe32-7d9a-4996-bc51-d7fbc67ab218@group-49974E48289D-LeaderStateImpl&quot; daemon prio=5 tid=976 terminated&#10;java.lang.Thread.State: TERMINATED&#10;        at java.base@21.0.7/jdk.internal.misc.Unsafe.park(Native Method)&#10;        at java.base@21.0.7/java.util.concurrent.locks.LockSupport.parkNanos(LockSupport.java:269)&#10;        at java.base@21.0.7/java.util.concurrent.locks.AbstractQueuedSynchronizer$ConditionObject.awaitNanos(AbstractQueuedSynchronizer.java:1763)&#10;        at java.base@21.0.7/java.util.concurrent.ArrayBlockingQueue.poll(ArrayBlockingQueue.java:435)&#10;        at app//org.apache.ratis.server.impl.LeaderStateImpl$EventQueue.poll(LeaderStateImpl.java:164)&#10;        at app//org.apache.ratis.server.impl.LeaderStateImpl$EventProcessor.run(LeaderStateImpl.java:763)&#10;&quot;IPC Server handler 28 on default port 15000&quot; daemon prio=5 tid=154 timed_waiting&#10;java.lang.Thread.State: TIMED_WAITING&#10;        at java.base@21.0.7/jdk.internal.misc.Unsafe.park(Native Method)&#10;        at java.base@21.0.7/java.util.concurrent.locks.LockSupport.parkNanos(LockSupport.java:269)&#10;        at java.base@21.0.7/java.util.concurrent.locks.AbstractQueuedSynchronizer$ConditionObject.awaitNanos(AbstractQueuedSynchronizer.java:1763)&#10;        at java.base@21.0.7/java.util.concurrent.LinkedBlockingQueue.poll(LinkedBlockingQueue.java:460)&#10;        at app//org.apache.hadoop.ipc.CallQueueManager.take(CallQueueManager.java:370)&#10;        at app//org.apache.hadoop.ipc.Server$Handler.run(Server.java:3165)&#10;&quot;IPC Server handler 81 on default port 15001&quot; daemon prio=5 tid=307 timed_waiting&#10;java.lang.Thread.State: TIMED_WAITING&#10;        at java.base@21.0.7/jdk.internal.misc.Unsafe.park(Native Method)&#10;        at java.base@21.0.7/java.util.concurrent.locks.LockSupport.parkNanos(LockSupport.java:269)&#10;        at java.base@21.0.7/java.util.concurrent.locks.AbstractQueuedSynchronizer$ConditionObject.awaitNanos(AbstractQueuedSynchronizer.java:1763)&#10;        at java.base@21.0.7/java.util.concurrent.LinkedBlockingQueue.poll(LinkedBlockingQueue.java:460)&#10;        at app//org.apache.hadoop.ipc.CallQueueManager.take(CallQueueManager.java:370)&#10;        at app//org.apache.hadoop.ipc.Server$Handler.run(Server.java:3165)&#10;&quot;om1-DirectoryDeletingService#8&quot; daemon prio=5 tid=493 in Object.wait()&#10;java.lang.Thread.State: WAITING (on object monitor)&#10;        at java.base@21.0.7/jdk.internal.misc.Unsafe.park(Native Method)&#10;        at java.base@21.0.7/java.util.concurrent.locks.LockSupport.park(LockSupport.java:371)&#10;        at java.base@21.0.7/java.util.concurrent.locks.AbstractQueuedSynchronizer$ConditionNode.block(AbstractQueuedSynchronizer.java:519)&#10;        at java.base@21.0.7/java.util.concurrent.ForkJoinPool.unmanagedBlock(ForkJoinPool.java:3780)&#10;        at java.base@21.0.7/java.util.concurrent.ForkJoinPool.managedBlock(ForkJoinPool.java:3725)&#10;        at java.base@21.0.7/java.util.concurrent.locks.AbstractQueuedSynchronizer$ConditionObject.await(AbstractQueuedSynchronizer.java:1712)&#10;        at java.base@21.0.7/java.util.concurrent.ScheduledThreadPoolExecutor$DelayedWorkQueue.take(ScheduledThreadPoolExecutor.java:1170)&#10;        at java.base@21.0.7/java.util.concurrent.ScheduledThreadPoolExecutor$DelayedWorkQueue.take(ScheduledThreadPoolExecutor.java:899)&#10;        at java.base@21.0.7/java.util.concurrent.ThreadPoolExecutor.getTask(ThreadPoolExecutor.java:1070)&#10;        at java.base@21.0.7/java.util.concurrent.ThreadPoolExecutor.runWorker(ThreadPoolExecutor.java:1130)&#10;        at java.base@21.0.7/java.util.concurrent.ThreadPoolExecutor$Worker.run(ThreadPoolExecutor.java:642)&#10;        at java.base@21.0.7/java.lang.Thread.runWith(Thread.java:1596)&#10;        at java.base@21.0.7/java.lang.Thread.run(Thread.java:1583)&#10;&quot;qtp207012443-628&quot; daemon prio=5 tid=628 timed_waiting&#10;java.lang.Thread.State: TIMED_WAITING&#10;        at java.base@21.0.7/jdk.internal.misc.Unsafe.park(Native Method)&#10;        at java.base@21.0.7/java.util.concurrent.locks.LockSupport.parkNanos(LockSupport.java:269)&#10;        at java.base@21.0.7/java.util.concurrent.locks.AbstractQueuedSynchronizer$ConditionObject.awaitNanos(AbstractQueuedSynchronizer.java:1763)&#10;        at app//org.eclipse.jetty.util.BlockingArrayQueue.poll(BlockingArrayQueue.java:382)&#10;        at app//org.eclipse.jetty.util.thread.QueuedThreadPool$Runner.idleJobPoll(QueuedThreadPool.java:974)&#10;        at app//org.eclipse.jetty.util.thread.QueuedThreadPool$Runner.run(QueuedThreadPool.java:1018)&#10;        at java.base@21.0.7/java.lang.Thread.runWith(Thread.java:1596)&#10;        at java.base@21.0.7/java.lang.Thread.run(Thread.java:1583)&#10;&quot;IPC Server handler 4 on default port 15027&quot; daemon prio=5 tid=657 timed_waiting&#10;java.lang.Thread.State: TIMED_WAITING&#10;        at java.base@21.0.7/jdk.internal.misc.Unsafe.park(Native Method)&#10;        at java.base@21.0.7/java.util.concurrent.locks.LockSupport.parkNanos(LockSupport.java:269)&#10;        at java.base@21.0.7/java.util.concurrent.locks.AbstractQueuedSynchronizer$ConditionObject.awaitNanos(AbstractQueuedSynchronizer.java:1763)&#10;        at java.base@21.0.7/java.util.concurrent.LinkedBlockingQueue.poll(LinkedBlockingQueue.java:460)&#10;        at app//org.apache.hadoop.ipc.CallQueueManager.take(CallQueueManager.java:370)&#10;        at app//org.apache.hadoop.ipc.Server$Handler.run(Server.java:3165)&#10;&quot;IPC Server handler 67 on default port 15001&quot; daemon prio=5 tid=293 timed_waiting&#10;java.lang.Thread.State: TIMED_WAITING&#10;        at java.base@21.0.7/jdk.internal.misc.Unsafe.park(Native Method)&#10;        at java.base@21.0.7/java.util.concurrent.locks.LockSupport.parkNanos(LockSupport.java:269)&#10;        at java.base@21.0.7/java.util.concurrent.locks.AbstractQueuedSynchronizer$ConditionObject.awaitNanos(AbstractQueuedSynchronizer.java:1763)&#10;        at java.base@21.0.7/java.util.concurrent.LinkedBlockingQueue.poll(LinkedBlockingQueue.java:460)&#10;        at app//org.apache.hadoop.ipc.CallQueueManager.take(CallQueueManager.java:370)&#10;        at app//org.apache.hadoop.ipc.Server$Handler.run(Server.java:3165)&#10;&quot;IPC Server handler 1 on default port 15035&quot; daemon prio=5 tid=734 timed_waiting&#10;java.lang.Thread.State: TIMED_WAITING&#10;        at java.base@21.0.7/jdk.internal.misc.Unsafe.park(Native Method)&#10;        at java.base@21.0.7/java.util.concurrent.locks.LockSupport.parkNanos(LockSupport.java:269)&#10;        at java.base@21.0.7/java.util.concurrent.locks.AbstractQueuedSynchronizer$ConditionObject.awaitNanos(AbstractQueuedSynchronizer.java:1763)&#10;        at java.base@21.0.7/java.util.concurrent.LinkedBlockingQueue.poll(LinkedBlockingQueue.java:460)&#10;        at app//org.apache.hadoop.ipc.CallQueueManager.take(CallQueueManager.java:370)&#10;        at app//org.apache.hadoop.ipc.Server$Handler.run(Server.java:3165)&#10;&quot;Socket Reader #7 for port 15002&quot;  prio=5 tid=73 runnable&#10;java.lang.Thread.State: RUNNABLE&#10;        at java.base@21.0.7/sun.nio.ch.EPoll.wait(Native Method)&#10;        at java.base@21.0.7/sun.nio.ch.EPollSelectorImpl.doSelect(EPollSelectorImpl.java:121)&#10;        at java.base@21.0.7/sun.nio.ch.SelectorImpl.lockAndDoSelect(SelectorImpl.java:130)&#10;        at java.base@21.0.7/sun.nio.ch.SelectorImpl.select(SelectorImpl.java:147)&#10;        at app//org.apache.hadoop.ipc.Server$Listener$Reader.doRunLoop(Server.java:1497)&#10;        at app//org.apache.hadoop.ipc.Server$Listener$Reader.run(Server.java:1476)&#10;&quot;IPC Server handler 1 on default port 15000&quot; daemon prio=5 tid=127 timed_waiting&#10;java.lang.Thread.State: TIMED_WAITING&#10;        at java.base@21.0.7/jdk.internal.misc.Unsafe.park(Native Method)&#10;        at java.base@21.0.7/java.util.concurrent.locks.LockSupport.parkNanos(LockSupport.java:269)&#10;        at java.base@21.0.7/java.util.concurrent.locks.AbstractQueuedSynchronizer$ConditionObject.awaitNanos(AbstractQueuedSynchronizer.java:1763)&#10;        at java.base@21.0.7/java.util.concurrent.LinkedBlockingQueue.poll(LinkedBlockingQueue.java:460)&#10;        at app//org.apache.hadoop.ipc.CallQueueManager.take(CallQueueManager.java:370)&#10;        at app//org.apache.hadoop.ipc.Server$Handler.run(Server.java:3165)&#10;&quot;qtp256443308-501&quot; daemon prio=5 tid=501 timed_waiting&#10;java.lang.Thread.State: TIMED_WAITING&#10;        at java.base@21.0.7/jdk.internal.misc.Unsafe.park(Native Method)&#10;        at java.base@21.0.7/java.util.concurrent.locks.LockSupport.parkNanos(LockSupport.java:269)&#10;        at java.base@21.0.7/java.util.concurrent.locks.AbstractQueuedSynchronizer$ConditionObject.awaitNanos(AbstractQueuedSynchronizer.java:1763)&#10;        at app//org.eclipse.jetty.util.BlockingArrayQueue.poll(BlockingArrayQueue.java:382)&#10;        at app//org.eclipse.jetty.util.thread.QueuedThreadPool$Runner.idleJobPoll(QueuedThreadPool.java:974)&#10;        at app//org.eclipse.jetty.util.thread.QueuedThreadPool$Runner.run(QueuedThreadPool.java:1018)&#10;        at java.base@21.0.7/java.lang.Thread.runWith(Thread.java:1596)&#10;        at java.base@21.0.7/java.lang.Thread.run(Thread.java:1583)&#10;&quot;IPC Server handler 77 on default port 15000&quot; daemon prio=5 tid=203 timed_waiting&#10;java.lang.Thread.State: TIMED_WAITING&#10;        at java.base@21.0.7/jdk.internal.misc.Unsafe.park(Native Method)&#10;        at java.base@21.0.7/java.util.concurrent.locks.LockSupport.parkNanos(LockSupport.java:269)&#10;        at java.base@21.0.7/java.util.concurrent.locks.AbstractQueuedSynchronizer$ConditionObject.awaitNanos(AbstractQueuedSynchronizer.java:1763)&#10;        at java.base@21.0.7/java.util.concurrent.LinkedBlockingQueue.poll(LinkedBlockingQueue.java:460)&#10;        at app//org.apache.hadoop.ipc.CallQueueManager.take(CallQueueManager.java:370)&#10;        at app//org.apache.hadoop.ipc.Server$Handler.run(Server.java:3165)&#10;&quot;IPC Server handler 47 on default port 15001&quot; daemon prio=5 tid=273 timed_waiting&#10;java.lang.Thread.State: TIMED_WAITING&#10;        at java.base@21.0.7/jdk.internal.misc.Unsafe.park(Native Method)&#10;        at java.base@21.0.7/java.util.concurrent.locks.LockSupport.parkNanos(LockSupport.java:269)&#10;        at java.base@21.0.7/java.util.concurrent.locks.AbstractQueuedSynchronizer$ConditionObject.awaitNanos(AbstractQueuedSynchronizer.java:1763)&#10;        at java.base@21.0.7/java.util.concurrent.LinkedBlockingQueue.poll(LinkedBlockingQueue.java:460)&#10;        at app//org.apache.hadoop.ipc.CallQueueManager.take(CallQueueManager.java:370)&#10;        at app//org.apache.hadoop.ipc.Server$Handler.run(Server.java:3165)&#10;&quot;timer5&quot; daemon prio=5 tid=1037 timed_waiting&#10;java.lang.Thread.State: TIMED_WAITING&#10;        at java.base@21.0.7/java.lang.Object.wait0(Native Method)&#10;        at java.base@21.0.7/java.lang.Object.wait(Object.java:366)&#10;        at java.base@21.0.7/java.util.TimerThread.mainLoop(Timer.java:563)&#10;        at java.base@21.0.7/java.util.TimerThread.run(Timer.java:516)&#10;&quot;IPC Server handler 57 on default port 15000&quot; daemon prio=5 tid=183 timed_waiting&#10;java.lang.Thread.State: TIMED_WAITING&#10;        at java.base@21.0.7/jdk.internal.misc.Unsafe.park(Native Method)&#10;        at java.base@21.0.7/java.util.concurrent.locks.LockSupport.parkNanos(LockSupport.java:269)&#10;        at java.base@21.0.7/java.util.concurrent.locks.AbstractQueuedSynchronizer$ConditionObject.awaitNanos(AbstractQueuedSynchronizer.java:1763)&#10;        at java.base@21.0.7/java.util.concurrent.LinkedBlockingQueue.poll(LinkedBlockingQueue.java:460)&#10;        at app//org.apache.hadoop.ipc.CallQueueManager.take(CallQueueManager.java:370)&#10;        at app//org.apache.hadoop.ipc.Server$Handler.run(Server.java:3165)&#10;&quot;EventQueue-DatanodeCommandForSCMNodeManager&quot;  prio=5 tid=773 in Object.wait()&#10;java.lang.Thread.State: WAITING (on object monitor)&#10;        at java.base@21.0.7/jdk.internal.misc.Unsafe.park(Native Method)&#10;        at java.base@21.0.7/java.util.concurrent.locks.LockSupport.park(LockSupport.java:371)&#10;        at java.base@21.0.7/java.util.concurrent.locks.AbstractQueuedSynchronizer$ConditionNode.block(AbstractQueuedSynchronizer.java:519)&#10;        at java.base@21.0.7/java.util.concurrent.ForkJoinPool.unmanagedBlock(ForkJoinPool.java:3780)&#10;        at java.base@21.0.7/java.util.concurrent.ForkJoinPool.managedBlock(ForkJoinPool.java:3725)&#10;        at java.base@21.0.7/java.util.concurrent.locks.AbstractQueuedSynchronizer$ConditionObject.await(AbstractQueuedSynchronizer.java:1712)&#10;        at java.base@21.0.7/java.util.concurrent.LinkedBlockingQueue.take(LinkedBlockingQueue.java:435)&#10;        at java.base@21.0.7/java.util.concurrent.ThreadPoolExecutor.getTask(ThreadPoolExecutor.java:1070)&#10;        at java.base@21.0.7/java.util.concurrent.ThreadPoolExecutor.runWorker(ThreadPoolExecutor.java:1130)&#10;        at java.base@21.0.7/java.util.concurrent.ThreadPoolExecutor$Worker.run(ThreadPoolExecutor.java:642)&#10;        at java.base@21.0.7/java.lang.Thread.runWith(Thread.java:1596)&#10;        at java.base@21.0.7/java.lang.Thread.run(Thread.java:1583)&#10;&quot;IPC Server handler 37 on default port 15001&quot; daemon prio=5 tid=263 timed_waiting&#10;java.lang.Thread.State: TIMED_WAITING&#10;        at java.base@21.0.7/jdk.internal.misc.Unsafe.park(Native Method)&#10;        at java.base@21.0.7/java.util.concurrent.locks.LockSupport.parkNanos(LockSupport.java:269)&#10;        at java.base@21.0.7/java.util.concurrent.locks.AbstractQueuedSynchronizer$ConditionObject.awaitNanos(AbstractQueuedSynchronizer.java:1763)&#10;        at java.base@21.0.7/java.util.concurrent.LinkedBlockingQueue.poll(LinkedBlockingQueue.java:460)&#10;        at app//org.apache.hadoop.ipc.CallQueueManager.take(CallQueueManager.java:370)&#10;        at app//org.apache.hadoop.ipc.Server$Handler.run(Server.java:3165)&#10;&quot;IPC Server handler 82 on default port 15001&quot; daemon prio=5 tid=308 timed_waiting&#10;java.lang.Thread.State: TIMED_WAITING&#10;        at java.base@21.0.7/jdk.internal.misc.Unsafe.park(Native Method)&#10;        at java.base@21.0.7/java.util.concurrent.locks.LockSupport.parkNanos(LockSupport.java:269)&#10;        at java.base@21.0.7/java.util.concurrent.locks.AbstractQueuedSynchronizer$ConditionObject.awaitNanos(AbstractQueuedSynchronizer.java:1763)&#10;        at java.base@21.0.7/java.util.concurrent.LinkedBlockingQueue.poll(LinkedBlockingQueue.java:460)&#10;        at app//org.apache.hadoop.ipc.CallQueueManager.take(CallQueueManager.java:370)&#10;        at app//org.apache.hadoop.ipc.Server$Handler.run(Server.java:3165)&#10;&quot;main&quot;  prio=5 tid=1 runnable&#10;java.lang.Thread.State: RUNNABLE&#10;        at java.base@21.0.7/java.lang.Thread.dumpThreads(Native Method)&#10;        at java.base@21.0.7/java.lang.Thread.getAllStackTraces(Thread.java:2522)&#10;        at app//org.apache.ozone.test.TimedOutTestsListener.buildThreadDump(TimedOutTestsListener.java:81)&#10;        at app//org.apache.ozone.test.TimedOutTestsListener.buildThreadDiagnosticString(TimedOutTestsListener.java:67)&#10;        at app//org.apache.ozone.test.GenericTestUtils.waitFor(GenericTestUtils.java:116)&#10;        at app//org.apache.hadoop.hdds.scm.node.TestQueryNode.testStaleNodesCount(TestQueryNode.java:86)&#10;        at java.base@21.0.7/java.lang.invoke.LambdaForm$DMH/0x00007fe904130400.invokeVirtual(LambdaForm$DMH)&#10;        at java.base@21.0.7/java.lang.invoke.LambdaForm$MH/0x00007fe904154400.invoke(LambdaForm$MH)&#10;        at java.base@21.0.7/java.lang.invoke.Invokers$Holder.invokeExact_MT(Invokers$Holder)&#10;        at java.base@21.0.7/jdk.internal.reflect.DirectMethodHandleAccessor.invokeImpl(DirectMethodHandleAccessor.java:153)&#10;        at java.base@21.0.7/jdk.internal.reflect.DirectMethodHandleAccessor.invoke(DirectMethodHandleAccessor.java:103)&#10;        at java.base@21.0.7/java.lang.reflect.Method.invoke(Method.java:580)&#10;        at app//org.junit.platform.commons.util.ReflectionUtils.invokeMethod(ReflectionUtils.java:775)&#10;        at app//org.junit.platform.commons.support.ReflectionSupport.invokeMethod(ReflectionSupport.java:479)&#10;        at app//org.junit.jupiter.engine.execution.MethodInvocation.proceed(MethodInvocation.java:60)&#10;        at app//org.junit.jupiter.engine.execution.InvocationInterceptorChain$ValidatingInvocation.proceed(InvocationInterceptorChain.java:131)&#10;        at app//org.junit.jupiter.engine.extension.SameThreadTimeoutInvocation.proceed(SameThreadTimeoutInvocation.java:49)&#10;        at app//org.junit.jupiter.engine.extension.TimeoutExtension.intercept(TimeoutExtension.java:161)&#10;        at app//org.junit.jupiter.engine.extension.TimeoutExtension.interceptTestableMethod(TimeoutExtension.java:152)&#10;        at app//org.junit.jupiter.engine.extension.TimeoutExtension.interceptTestMethod(TimeoutExtension.java:91)&#10;        at app//org.junit.jupiter.engine.descriptor.TestMethodTestDescriptor$$Lambda/0x00007fe9040bc000.apply(Unknown Source)&#10;        at app//org.junit.jupiter.engine.execution.InterceptingExecutableInvoker$ReflectiveInterceptorCall.lambda$ofVoidMethod$0(InterceptingExecutableInvoker.java:112)&#10;        at app//org.junit.jupiter.engine.execution.InterceptingExecutableInvoker$ReflectiveInterceptorCall$$Lambda/0x00007fe9040bc400.apply(Unknown Source)&#10;        at app//org.junit.jupiter.engine.execution.InterceptingExecutableInvoker.lambda$invoke$0(InterceptingExecutableInvoker.java:94)&#10;        at app//org.junit.jupiter.engine.execution.InterceptingExecutableInvoker$$Lambda/0x00007fe90414fd98.apply(Unknown Source)&#10;        at app//org.junit.jupiter.engine.execution.InvocationInterceptorChain$InterceptedInvocation.proceed(InvocationInterceptorChain.java:106)&#10;        at app//org.junit.jupiter.engine.execution.InvocationInterceptorChain.proceed(InvocationInterceptorChain.java:64)&#10;        at app//org.junit.jupiter.engine.execution.InvocationInterceptorChain.chainAndInvoke(InvocationInterceptorChain.java:45)&#10;        at app//org.junit.jupiter.engine.execution.InvocationInterceptorChain.invoke(InvocationInterceptorChain.java:37)&#10;        at app//org.junit.jupiter.engine.execution.InterceptingExecutableInvoker.invoke(InterceptingExecutableInvoker.java:93)&#10;        at app//org.junit.jupiter.engine.execution.InterceptingExecutableInvoker.invoke(InterceptingExecutableInvoker.java:87)&#10;        at app//org.junit.jupiter.engine.descriptor.TestMethodTestDescriptor.lambda$invokeTestMethod$7(TestMethodTestDescriptor.java:216)&#10;        at app//org.junit.jupiter.engine.descriptor.TestMethodTestDescriptor$$Lambda/0x00007fe9049688e0.execute(Unknown Source)&#10;        at app//org.junit.platform.engine.support.hierarchical.ThrowableCollector.execute(ThrowableCollector.java:73)&#10;        at app//org.junit.jupiter.engine.descriptor.TestMethodTestDescriptor.invokeTestMethod(TestMethodTestDescriptor.java:212)&#10;        at app//org.junit.jupiter.engine.descriptor.TestMethodTestDescriptor.execute(TestMethodTestDescriptor.java:137)&#10;        at app//org.junit.jupiter.engine.descriptor.TestMethodTestDescriptor.execute(TestMethodTestDescriptor.java:69)&#10;        at app//org.junit.platform.engine.support.hierarchical.NodeTestTask.lambda$executeRecursively$6(NodeTestTask.java:156)&#10;        at app//org.junit.platform.engine.support.hierarchical.NodeTestTask$$Lambda/0x00007fe904136b08.execute(Unknown Source)&#10;        at app//org.junit.platform.engine.support.hierarchical.ThrowableCollector.execute(ThrowableCollector.java:73)&#10;        at app//org.junit.platform.engine.support.hierarchical.NodeTestTask.lambda$executeRecursively$8(NodeTestTask.java:146)&#10;        at app//org.junit.platform.engine.support.hierarchical.NodeTestTask$$Lambda/0x00007fe9041368f0.invoke(Unknown Source)&#10;        at app//org.junit.platform.engine.support.hierarchical.Node.around(Node.java:137)&#10;        at app//org.junit.platform.engine.support.hierarchical.NodeTestTask.lambda$executeRecursively$9(NodeTestTask.java:144)&#10;        at app//org.junit.platform.engine.support.hierarchical.NodeTestTask$$Lambda/0x00007fe9041364e8.execute(Unknown Source)&#10;        at app//org.junit.platform.engine.support.hierarchical.ThrowableCollector.execute(ThrowableCollector.java:73)&#10;        at app//org.junit.platform.engine.support.hierarchical.NodeTestTask.executeRecursively(NodeTestTask.java:143)&#10;        at app//org.junit.platform.engine.support.hierarchical.NodeTestTask.execute(NodeTestTask.java:100)&#10;        at app//org.junit.platform.engine.support.hierarchical.SameThreadHierarchicalTestExecutorService$$Lambda/0x00007fe904137a40.accept(Unknown Source)&#10;        at java.base@21.0.7/java.util.ArrayList.forEach(ArrayList.java:1596)&#10;        at app//org.junit.platform.engine.support.hierarchical.SameThreadHierarchicalTestExecutorService.invokeAll(SameThreadHierarchicalTestExecutorService.java:41)&#10;        at app//org.junit.platform.engine.support.hierarchical.NodeTestTask.lambda$executeRecursively$6(NodeTestTask.java:160)&#10;        at app//org.junit.platform.engine.support.hierarchical.NodeTestTask$$Lambda/0x00007fe904136b08.execute(Unknown Source)&#10;        at app//org.junit.platform.engine.support.hierarchical.ThrowableCollector.execute(ThrowableCollector.java:73)&#10;        at app//org.junit.platform.engine.support.hierarchical.NodeTestTask.lambda$executeRecursively$8(NodeTestTask.java:146)&#10;        at app//org.junit.platform.engine.support.hierarchical.NodeTestTask$$Lambda/0x00007fe9041368f0.invoke(Unknown Source)&#10;        at app//org.junit.platform.engine.support.hierarchical.Node.around(Node.java:137)&#10;        at app//org.junit.platform.engine.support.hierarchical.NodeTestTask.lambda$executeRecursively$9(NodeTestTask.java:144)&#10;        at app//org.junit.platform.engine.support.hierarchical.NodeTestTask$$Lambda/0x00007fe9041364e8.execute(Unknown Source)&#10;        at app//org.junit.platform.engine.support.hierarchical.ThrowableCollector.execute(ThrowableCollector.java:73)&#10;        at app//org.junit.platform.engine.support.hierarchical.NodeTestTask.executeRecursively(NodeTestTask.java:143)&#10;        at app//org.junit.platform.engine.support.hierarchical.NodeTestTask.execute(NodeTestTask.java:100)&#10;        at app//org.junit.platform.engine.support.hierarchical.SameThreadHierarchicalTestExecutorService$$Lambda/0x00007fe904137a40.accept(Unknown Source)&#10;        at java.base@21.0.7/java.util.ArrayList.forEach(ArrayList.java:1596)&#10;        at app//org.junit.platform.engine.support.hierarchical.SameThreadHierarchicalTestExecutorService.invokeAll(SameThreadHierarchicalTestExecutorService.java:41)&#10;        at app//org.junit.platform.engine.support.hierarchical.NodeTestTask.lambda$executeRecursively$6(NodeTestTask.java:160)&#10;        at app//org.junit.platform.engine.support.hierarchical.NodeTestTask$$Lambda/0x00007fe904136b08.execute(Unknown Source)&#10;        at app//org.junit.platform.engine.support.hierarchical.ThrowableCollector.execute(ThrowableCollector.java:73)&#10;        at app//org.junit.platform.engine.support.hierarchical.NodeTestTask.lambda$executeRecursively$8(NodeTestTask.java:146)&#10;        at app//org.junit.platform.engine.support.hierarchical.NodeTestTask$$Lambda/0x00007fe9041368f0.invoke(Unknown Source)&#10;        at app//org.junit.platform.engine.support.hierarchical.Node.around(Node.java:137)&#10;        at app//org.junit.platform.engine.support.hierarchical.NodeTestTask.lambda$executeRecursively$9(NodeTestTask.java:144)&#10;        at app//org.junit.platform.engine.support.hierarchical.NodeTestTask$$Lambda/0x00007fe9041364e8.execute(Unknown Source)&#10;        at app//org.junit.platform.engine.support.hierarchical.ThrowableCollector.execute(ThrowableCollector.java:73)&#10;        at app//org.junit.platform.engine.support.hierarchical.NodeTestTask.executeRecursively(NodeTestTask.java:143)&#10;        at app//org.junit.platform.engine.support.hierarchical.NodeTestTask.execute(NodeTestTask.java:100)&#10;        at app//org.junit.platform.engine.support.hierarchical.SameThreadHierarchicalTestExecutorService.submit(SameThreadHierarchicalTestExecutorService.java:35)&#10;        at app//org.junit.platform.engine.support.hierarchical.HierarchicalTestExecutor.execute(HierarchicalTestExecutor.java:57)&#10;        at app//org.junit.platform.engine.support.hierarchical.HierarchicalTestEngine.execute(HierarchicalTestEngine.java:54)&#10;        at app//org.junit.platform.launcher.core.EngineExecutionOrchestrator.execute(EngineExecutionOrchestrator.java:201)&#10;        at app//org.junit.platform.launcher.core.EngineExecutionOrchestrator.execute(EngineExecutionOrchestrator.java:170)&#10;        at app//org.junit.platform.launcher.core.EngineExecutionOrchestrator.execute(EngineExecutionOrchestrator.java:94)&#10;        at app//org.junit.platform.launcher.core.EngineExecutionOrchestrator.lambda$execute$0(EngineExecutionOrchestrator.java:59)&#10;        at app//org.junit.platform.launcher.core.EngineExecutionOrchestrator$$Lambda/0x00007fe90410af78.accept(Unknown Source)&#10;        at app//org.junit.platform.launcher.core.EngineExecutionOrchestrator.withInterceptedStreams(EngineExecutionOrchestrator.java:142)&#10;        at app//org.junit.platform.launcher.core.EngineExecutionOrchestrator.execute(EngineExecutionOrchestrator.java:58)&#10;        at app//org.junit.platform.launcher.core.DefaultLauncher.execute(DefaultLauncher.java:103)&#10;        at app//org.junit.platform.launcher.core.DefaultLauncher.execute(DefaultLauncher.java:85)&#10;        at app//org.junit.platform.launcher.core.DelegatingLauncher.execute(DelegatingLauncher.java:47)&#10;        at app//org.junit.platform.launcher.core.InterceptingLauncher.lambda$execute$1(InterceptingLauncher.java:39)&#10;        at app//org.junit.platform.launcher.core.InterceptingLauncher$$Lambda/0x00007fe9040964b8.proceed(Unknown Source)&#10;        at app//org.junit.platform.launcher.core.ClasspathAlignmentCheckingLauncherInterceptor.intercept(ClasspathAlignmentCheckingLauncherInterceptor.java:25)&#10;        at app//org.junit.platform.launcher.core.InterceptingLauncher.execute(InterceptingLauncher.java:38)&#10;        at app//org.junit.platform.launcher.core.DelegatingLauncher.execute(DelegatingLauncher.java:47)&#10;        at app//org.apache.maven.surefire.junitplatform.LazyLauncher.execute(LazyLauncher.java:56)&#10;        at app//org.apache.maven.surefire.junitplatform.JUnitPlatformProvider.execute(JUnitPlatformProvider.java:184)&#10;        at app//org.apache.maven.surefire.junitplatform.JUnitPlatformProvider.invokeAllTests(JUnitPlatformProvider.java:148)&#10;        at app//org.apache.maven.surefire.junitplatform.JUnitPlatformProvider.invoke(JUnitPlatformProvider.java:120)&#10;        at app//org.apache.maven.surefire.booter.ForkedBooter.runSuitesInProcess(ForkedBooter.java:385)&#10;        at app//org.apache.maven.surefire.booter.ForkedBooter.execute(ForkedBooter.java:162)&#10;        at app//org.apache.maven.surefire.booter.ForkedBooter.run(ForkedBooter.java:507)&#10;        at app//org.apache.maven.surefire.booter.ForkedBooter.main(ForkedBooter.java:495)&#10;&quot;IPC Server handler 0 on default port 15043&quot; daemon prio=5 tid=788 timed_waiting&#10;java.lang.Thread.State: TIMED_WAITING&#10;        at java.base@21.0.7/jdk.internal.misc.Unsafe.park(Native Method)&#10;        at java.base@21.0.7/java.util.concurrent.locks.LockSupport.parkNanos(LockSupport.java:269)&#10;        at java.base@21.0.7/java.util.concurrent.locks.AbstractQueuedSynchronizer$ConditionObject.awaitNanos(AbstractQueuedSynchronizer.java:1763)&#10;        at java.base@21.0.7/java.util.concurrent.LinkedBlockingQueue.poll(LinkedBlockingQueue.java:460)&#10;        at app//org.apache.hadoop.ipc.CallQueueManager.take(CallQueueManager.java:370)&#10;        at app//org.apache.hadoop.ipc.Server$Handler.run(Server.java:3165)&#10;&quot;IPC Server handler 74 on default port 15001&quot; daemon prio=5 tid=300 timed_waiting&#10;java.lang.Thread.State: TIMED_WAITING&#10;        at java.base@21.0.7/jdk.internal.misc.Unsafe.park(Native Method)&#10;        at java.base@21.0.7/java.util.concurrent.locks.LockSupport.parkNanos(LockSupport.java:269)&#10;        at java.base@21.0.7/java.util.concurrent.locks.AbstractQueuedSynchronizer$ConditionObject.awaitNanos(AbstractQueuedSynchronizer.java:1763)&#10;        at java.base@21.0.7/java.util.concurrent.LinkedBlockingQueue.poll(LinkedBlockingQueue.java:460)&#10;        at app//org.apache.hadoop.ipc.CallQueueManager.take(CallQueueManager.java:370)&#10;        at app//org.apache.hadoop.ipc.Server$Handler.run(Server.java:3165)&#10;&quot;IPC Server handler 13 on default port 15002&quot; daemon prio=5 tid=357 timed_waiting&#10;java.lang.Thread.State: TIMED_WAITING&#10;        at java.base@21.0.7/jdk.internal.misc.Unsafe.park(Native Method)&#10;        at java.base@21.0.7/java.util.concurrent.locks.LockSupport.parkNanos(LockSupport.java:269)&#10;        at java.base@21.0.7/java.util.concurrent.locks.AbstractQueuedSynchronizer$ConditionObject.awaitNanos(AbstractQueuedSynchronizer.java:1763)&#10;        at java.base@21.0.7/java.util.concurrent.LinkedBlockingQueue.poll(LinkedBlockingQueue.java:460)&#10;        at app//org.apache.hadoop.ipc.CallQueueManager.take(CallQueueManager.java:370)&#10;        at app//org.apache.hadoop.ipc.Server$Handler.run(Server.java:3165)&#10;&quot;Socket Reader #10 for port 15002&quot;  prio=5 tid=76 runnable&#10;java.lang.Thread.State: RUNNABLE&#10;        at java.base@21.0.7/sun.nio.ch.EPoll.wait(Native Method)&#10;        at java.base@21.0.7/sun.nio.ch.EPollSelectorImpl.doSelect(EPollSelectorImpl.java:121)&#10;        at java.base@21.0.7/sun.nio.ch.SelectorImpl.lockAndDoSelect(SelectorImpl.java:130)&#10;        at java.base@21.0.7/sun.nio.ch.SelectorImpl.select(SelectorImpl.java:147)&#10;        at app//org.apache.hadoop.ipc.Server$Listener$Reader.doRunLoop(Server.java:1497)&#10;        at app//org.apache.hadoop.ipc.Server$Listener$Reader.run(Server.java:1476)&#10;&quot;FixedThreadPoolWithAffinityExecutor-2-0&quot; daemon prio=5 tid=110 timed_waiting&#10;java.lang.Thread.State: TIMED_WAITING&#10;        at java.base@21.0.7/jdk.internal.misc.Unsafe.park(Native Method)&#10;        at java.base@21.0.7/java.util.concurrent.locks.LockSupport.parkNanos(LockSupport.java:269)&#10;        at java.base@21.0.7/java.util.concurrent.locks.AbstractQueuedSynchronizer$ConditionObject.awaitNanos(AbstractQueuedSynchronizer.java:1763)&#10;        at java.base@21.0.7/java.util.concurrent.LinkedBlockingQueue.poll(LinkedBlockingQueue.java:460)&#10;        at app//org.apache.hadoop.hdds.scm.server.ContainerReportQueue.poll(ContainerReportQueue.java:269)&#10;        at app//org.apache.hadoop.hdds.scm.server.ContainerReportQueue.poll(ContainerReportQueue.java:42)&#10;        at app//org.apache.hadoop.hdds.server.events.FixedThreadPoolWithAffinityExecutor$ContainerReportProcessTask.run(FixedThreadPoolWithAffinityExecutor.java:228)&#10;        at java.base@21.0.7/java.util.concurrent.Executors$RunnableAdapter.call(Executors.java:572)&#10;        at java.base@21.0.7/java.util.concurrent.FutureTask.run(FutureTask.java:317)&#10;        at java.base@21.0.7/java.util.concurrent.ThreadPoolExecutor.runWorker(ThreadPoolExecutor.java:1144)&#10;        at java.base@21.0.7/java.util.concurrent.ThreadPoolExecutor$Worker.run(ThreadPoolExecutor.java:642)&#10;        at java.base@21.0.7/java.lang.Thread.runWith(Thread.java:1596)&#10;        at java.base@21.0.7/java.lang.Thread.run(Thread.java:1583)&#10;&quot;EventQueue-NewNodeForNewNodeHandler&quot; daemon prio=5 tid=765 in Object.wait()&#10;java.lang.Thread.State: WAITING (on object monitor)&#10;        at java.base@21.0.7/jdk.internal.misc.Unsafe.park(Native Method)&#10;        at java.base@21.0.7/java.util.concurrent.locks.LockSupport.park(LockSupport.java:371)&#10;        at java.base@21.0.7/java.util.concurrent.locks.AbstractQueuedSynchronizer$ConditionNode.block(AbstractQueuedSynchronizer.java:519)&#10;        at java.base@21.0.7/java.util.concurrent.ForkJoinPool.unmanagedBlock(ForkJoinPool.java:3780)&#10;        at java.base@21.0.7/java.util.concurrent.ForkJoinPool.managedBlock(ForkJoinPool.java:3725)&#10;        at java.base@21.0.7/java.util.concurrent.locks.AbstractQueuedSynchronizer$ConditionObject.await(AbstractQueuedSynchronizer.java:1712)&#10;        at java.base@21.0.7/java.util.concurrent.LinkedBlockingQueue.take(LinkedBlockingQueue.java:435)&#10;        at java.base@21.0.7/java.util.concurrent.ThreadPoolExecutor.getTask(ThreadPoolExecutor.java:1070)&#10;        at java.base@21.0.7/java.util.concurrent.ThreadPoolExecutor.runWorker(ThreadPoolExecutor.java:1130)&#10;        at java.base@21.0.7/java.util.concurrent.ThreadPoolExecutor$Worker.run(ThreadPoolExecutor.java:642)&#10;        at java.base@21.0.7/java.lang.Thread.runWith(Thread.java:1596)&#10;        at java.base@21.0.7/java.lang.Thread.run(Thread.java:1583)&#10;&quot;Socket Reader #8 for port 15006&quot;  prio=5 tid=463 runnable&#10;java.lang.Thread.State: RUNNABLE&#10;        at java.base@21.0.7/sun.nio.ch.EPoll.wait(Native Method)&#10;        at java.base@21.0.7/sun.nio.ch.EPollSelectorImpl.doSelect(EPollSelectorImpl.java:121)&#10;        at java.base@21.0.7/sun.nio.ch.SelectorImpl.lockAndDoSelect(SelectorImpl.java:130)&#10;        at java.base@21.0.7/sun.nio.ch.SelectorImpl.select(SelectorImpl.java:147)&#10;        at app//org.apache.hadoop.ipc.Server$Listener$Reader.doRunLoop(Server.java:1497)&#10;        at app//org.apache.hadoop.ipc.Server$Listener$Reader.run(Server.java:1476)&#10;&quot;IPC Server handler 95 on default port 15002&quot; daemon prio=5 tid=439 timed_waiting&#10;java.lang.Thread.State: TIMED_WAITING&#10;        at java.base@21.0.7/jdk.internal.misc.Unsafe.park(Native Method)&#10;        at java.base@21.0.7/java.util.concurrent.locks.LockSupport.parkNanos(LockSupport.java:269)&#10;        at java.base@21.0.7/java.util.concurrent.locks.AbstractQueuedSynchronizer$ConditionObject.awaitNanos(AbstractQueuedSynchronizer.java:1763)&#10;        at java.base@21.0.7/java.util.concurrent.LinkedBlockingQueue.poll(LinkedBlockingQueue.java:460)&#10;        at app//org.apache.hadoop.ipc.CallQueueManager.take(CallQueueManager.java:370)&#10;        at app//org.apache.hadoop.ipc.Server$Handler.run(Server.java:3165)&#10;&quot;timer0&quot; daemon prio=5 tid=1041 timed_waiting&#10;java.lang.Thread.State: TIMED_WAITING&#10;        at java.base@21.0.7/java.lang.Object.wait0(Native Method)&#10;        at java.base@21.0.7/java.lang.Object.wait(Object.java:366)&#10;        at java.base@21.0.7/java.util.TimerThread.mainLoop(Timer.java:563)&#10;        at java.base@21.0.7/java.util.TimerThread.run(Timer.java:516)&#10;&quot;2b1bfca1-1fdc-4b0a-9b4d-c21112718afa-DatanodeReportManager-3&quot; daemon prio=5 tid=747 in Object.wait()&#10;java.lang.Thread.State: WAITING (on object monitor)&#10;        at java.base@21.0.7/jdk.internal.misc.Unsafe.park(Native Method)&#10;        at java.base@21.0.7/java.util.concurrent.locks.LockSupport.park(LockSupport.java:371)&#10;        at java.base@21.0.7/java.util.concurrent.locks.AbstractQueuedSynchronizer$ConditionNode.block(AbstractQueuedSynchronizer.java:519)&#10;        at java.base@21.0.7/java.util.concurrent.ForkJoinPool.unmanagedBlock(ForkJoinPool.java:3780)&#10;        at java.base@21.0.7/java.util.concurrent.ForkJoinPool.managedBlock(ForkJoinPool.java:3725)&#10;        at java.base@21.0.7/java.util.concurrent.locks.AbstractQueuedSynchronizer$ConditionObject.await(AbstractQueuedSynchronizer.java:1712)&#10;        at java.base@21.0.7/java.util.concurrent.ScheduledThreadPoolExecutor$DelayedWorkQueue.take(ScheduledThreadPoolExecutor.java:1177)&#10;        at java.base@21.0.7/java.util.concurrent.ScheduledThreadPoolExecutor$DelayedWorkQueue.take(ScheduledThreadPoolExecutor.java:899)&#10;        at java.base@21.0.7/java.util.concurrent.ThreadPoolExecutor.getTask(ThreadPoolExecutor.java:1070)&#10;        at java.base@21.0.7/java.util.concurrent.ThreadPoolExecutor.runWorker(ThreadPoolExecutor.java:1130)&#10;        at java.base@21.0.7/java.util.concurrent.ThreadPoolExecutor$Worker.run(ThreadPoolExecutor.java:642)&#10;        at java.base@21.0.7/java.lang.Thread.runWith(Thread.java:1596)&#10;        at java.base@21.0.7/java.lang.Thread.run(Thread.java:1583)&#10;&quot;Socket Reader #6 for port 15027&quot;  prio=5 tid=645 runnable&#10;java.lang.Thread.State: RUNNABLE&#10;        at java.base@21.0.7/sun.nio.ch.EPoll.wait(Native Method)&#10;        at java.base@21.0.7/sun.nio.ch.EPollSelectorImpl.doSelect(EPollSelectorImpl.java:121)&#10;        at java.base@21.0.7/sun.nio.ch.SelectorImpl.lockAndDoSelect(SelectorImpl.java:130)&#10;        at java.base@21.0.7/sun.nio.ch.SelectorImpl.select(SelectorImpl.java:147)&#10;        at app//org.apache.hadoop.ipc.Server$Listener$Reader.doRunLoop(Server.java:1497)&#10;        at app//org.apache.hadoop.ipc.Server$Listener$Reader.run(Server.java:1476)&#10;&quot;IPC Server handler 28 on default port 15001&quot; daemon prio=5 tid=254 timed_waiting&#10;java.lang.Thread.State: TIMED_WAITING&#10;        at java.base@21.0.7/jdk.internal.misc.Unsafe.park(Native Method)&#10;        at java.base@21.0.7/java.util.concurrent.locks.LockSupport.parkNanos(LockSupport.java:269)&#10;        at java.base@21.0.7/java.util.concurrent.locks.AbstractQueuedSynchronizer$ConditionObject.awaitNanos(AbstractQueuedSynchronizer.java:1763)&#10;        at java.base@21.0.7/java.util.concurrent.LinkedBlockingQueue.poll(LinkedBlockingQueue.java:460)&#10;        at app//org.apache.hadoop.ipc.CallQueueManager.take(CallQueueManager.java:370)&#10;        at app//org.apache.hadoop.ipc.Server$Handler.run(Server.java:3165)&#10;&quot;om1-DirectoryDeletingService#2&quot; daemon prio=5 tid=485 in Object.wait()&#10;java.lang.Thread.State: WAITING (on object monitor)&#10;        at java.base@21.0.7/jdk.internal.misc.Unsafe.park(Native Method)&#10;        at java.base@21.0.7/java.util.concurrent.locks.LockSupport.park(LockSupport.java:371)&#10;        at java.base@21.0.7/java.util.concurrent.locks.AbstractQueuedSynchronizer$ConditionNode.block(AbstractQueuedSynchronizer.java:519)&#10;        at java.base@21.0.7/java.util.concurrent.ForkJoinPool.unmanagedBlock(ForkJoinPool.java:3780)&#10;        at java.base@21.0.7/java.util.concurrent.ForkJoinPool.managedBlock(ForkJoinPool.java:3725)&#10;        at java.base@21.0.7/java.util.concurrent.locks.AbstractQueuedSynchronizer$ConditionObject.await(AbstractQueuedSynchronizer.java:1712)&#10;        at java.base@21.0.7/java.util.concurrent.ScheduledThreadPoolExecutor$DelayedWorkQueue.take(ScheduledThreadPoolExecutor.java:1170)&#10;        at java.base@21.0.7/java.util.concurrent.ScheduledThreadPoolExecutor$DelayedWorkQueue.take(ScheduledThreadPoolExecutor.java:899)&#10;        at java.base@21.0.7/java.util.concurrent.ThreadPoolExecutor.getTask(ThreadPoolExecutor.java:1070)&#10;        at java.base@21.0.7/java.util.concurrent.ThreadPoolExecutor.runWorker(ThreadPoolExecutor.java:1130)&#10;        at java.base@21.0.7/java.util.concurrent.ThreadPoolExecutor$Worker.run(ThreadPoolExecutor.java:642)&#10;        at java.base@21.0.7/java.lang.Thread.runWith(Thread.java:1596)&#10;        at java.base@21.0.7/java.lang.Thread.run(Thread.java:1583)&#10;&quot;qtp1044130468-582&quot; daemon prio=5 tid=582 timed_waiting&#10;java.lang.Thread.State: TIMED_WAITING&#10;        at java.base@21.0.7/jdk.internal.misc.Unsafe.park(Native Method)&#10;        at java.base@21.0.7/java.util.concurrent.locks.LockSupport.parkNanos(LockSupport.java:269)&#10;        at java.base@21.0.7/java.util.concurrent.locks.AbstractQueuedSynchronizer$ConditionObject.awaitNanos(AbstractQueuedSynchronizer.java:1763)&#10;        at app//org.eclipse.jetty.util.BlockingArrayQueue.poll(BlockingArrayQueue.java:382)&#10;        at app//org.eclipse.jetty.util.thread.QueuedThreadPool$Runner.idleJobPoll(QueuedThreadPool.java:974)&#10;        at app//org.eclipse.jetty.util.thread.QueuedThreadPool$Runner.run(QueuedThreadPool.java:1018)&#10;        at java.base@21.0.7/java.lang.Thread.runWith(Thread.java:1596)&#10;        at java.base@21.0.7/java.lang.Thread.run(Thread.java:1583)&#10;&quot;qtp1044130468-584&quot; daemon prio=5 tid=584 timed_waiting&#10;java.lang.Thread.State: TIMED_WAITING&#10;        at java.base@21.0.7/jdk.internal.misc.Unsafe.park(Native Method)&#10;        at java.base@21.0.7/java.util.concurrent.locks.LockSupport.parkNanos(LockSupport.java:269)&#10;        at java.base@21.0.7/java.util.concurrent.locks.AbstractQueuedSynchronizer$ConditionObject.awaitNanos(AbstractQueuedSynchronizer.java:1763)&#10;        at app//org.eclipse.jetty.util.BlockingArrayQueue.poll(BlockingArrayQueue.java:382)&#10;        at app//org.eclipse.jetty.util.thread.QueuedThreadPool$Runner.idleJobPoll(QueuedThreadPool.java:974)&#10;        at app//org.eclipse.jetty.util.thread.QueuedThreadPool$Runner.run(QueuedThreadPool.java:1018)&#10;        at java.base@21.0.7/java.lang.Thread.runWith(Thread.java:1596)&#10;        at java.base@21.0.7/java.lang.Thread.run(Thread.java:1583)&#10;&quot;78b7fabf-ca2a-4b70-8534-e46926e2083c@group-24323FEED52C-StateMachineUpdater&quot; daemon prio=5 tid=970 timed_waiting&#10;java.lang.Thread.State: TIMED_WAITING&#10;        at java.base@21.0.7/jdk.internal.misc.Unsafe.park(Native Method)&#10;        at java.base@21.0.7/java.util.concurrent.locks.LockSupport.parkNanos(LockSupport.java:269)&#10;        at java.base@21.0.7/java.util.concurrent.locks.AbstractQueuedSynchronizer$ConditionObject.await(AbstractQueuedSynchronizer.java:1852)&#10;        at app//org.apache.ratis.util.AwaitForSignal.await(AwaitForSignal.java:65)&#10;        at app//org.apache.ratis.server.impl.StateMachineUpdater.waitForCommit(StateMachineUpdater.java:219)&#10;        at app//org.apache.ratis.server.impl.StateMachineUpdater.run(StateMachineUpdater.java:187)&#10;        at java.base@21.0.7/java.lang.Thread.runWith(Thread.java:1596)&#10;        at java.base@21.0.7/java.lang.Thread.run(Thread.java:1583)&#10;&quot;IPC Server handler 63 on default port 15000&quot; daemon prio=5 tid=189 timed_waiting&#10;java.lang.Thread.State: TIMED_WAITING&#10;        at java.base@21.0.7/jdk.internal.misc.Unsafe.park(Native Method)&#10;        at java.base@21.0.7/java.util.concurrent.locks.LockSupport.parkNanos(LockSupport.java:269)&#10;        at java.base@21.0.7/java.util.concurrent.locks.AbstractQueuedSynchronizer$ConditionObject.awaitNanos(AbstractQueuedSynchronizer.java:1763)&#10;        at java.base@21.0.7/java.util.concurrent.LinkedBlockingQueue.poll(LinkedBlockingQueue.java:460)&#10;        at app//org.apache.hadoop.ipc.CallQueueManager.take(CallQueueManager.java:370)&#10;        at app//org.apache.hadoop.ipc.Server$Handler.run(Server.java:3165)&#10;&quot;EventQueue-OpenPipelineForHealthyPipelineSafeModeRule&quot; daemon prio=5 tid=863 in Object.wait()&#10;java.lang.Thread.State: WAITING (on object monitor)&#10;        at java.base@21.0.7/jdk.internal.misc.Unsafe.park(Native Method)&#10;        at java.base@21.0.7/java.util.concurrent.locks.LockSupport.park(LockSupport.java:371)&#10;        at java.base@21.0.7/java.util.concurrent.locks.AbstractQueuedSynchronizer$ConditionNode.block(AbstractQueuedSynchronizer.java:519)&#10;        at java.base@21.0.7/java.util.concurrent.ForkJoinPool.unmanagedBlock(ForkJoinPool.java:3780)&#10;        at java.base@21.0.7/java.util.concurrent.ForkJoinPool.managedBlock(ForkJoinPool.java:3725)&#10;        at java.base@21.0.7/java.util.concurrent.locks.AbstractQueuedSynchronizer$ConditionObject.await(AbstractQueuedSynchronizer.java:1712)&#10;        at java.base@21.0.7/java.util.concurrent.LinkedBlockingQueue.take(LinkedBlockingQueue.java:435)&#10;        at java.base@21.0.7/java.util.concurrent.ThreadPoolExecutor.getTask(ThreadPoolExecutor.java:1070)&#10;        at java.base@21.0.7/java.util.concurrent.ThreadPoolExecutor.runWorker(ThreadPoolExecutor.java:1130)&#10;        at java.base@21.0.7/java.util.concurrent.ThreadPoolExecutor$Worker.run(ThreadPoolExecutor.java:642)&#10;        at java.base@21.0.7/java.lang.Thread.runWith(Thread.java:1596)&#10;        at java.base@21.0.7/java.lang.Thread.run(Thread.java:1583)&#10;&quot;Socket Reader #2 for port 15019&quot;  prio=5 tid=589 runnable&#10;java.lang.Thread.State: RUNNABLE&#10;        at java.base@21.0.7/sun.nio.ch.EPoll.wait(Native Method)&#10;        at java.base@21.0.7/sun.nio.ch.EPollSelectorImpl.doSelect(EPollSelectorImpl.java:121)&#10;        at java.base@21.0.7/sun.nio.ch.SelectorImpl.lockAndDoSelect(SelectorImpl.java:130)&#10;        at java.base@21.0.7/sun.nio.ch.SelectorImpl.select(SelectorImpl.java:147)&#10;        at app//org.apache.hadoop.ipc.Server$Listener$Reader.doRunLoop(Server.java:1497)&#10;        at app//org.apache.hadoop.ipc.Server$Listener$Reader.run(Server.java:1476)&#10;&quot;IPC Server handler 19 on default port 15001&quot; daemon prio=5 tid=245 timed_waiting&#10;java.lang.Thread.State: TIMED_WAITING&#10;        at java.base@21.0.7/jdk.internal.misc.Unsafe.park(Native Method)&#10;        at java.base@21.0.7/java.util.concurrent.locks.LockSupport.parkNanos(LockSupport.java:269)&#10;        at java.base@21.0.7/java.util.concurrent.locks.AbstractQueuedSynchronizer$ConditionObject.awaitNanos(AbstractQueuedSynchronizer.java:1763)&#10;        at java.base@21.0.7/java.util.concurrent.LinkedBlockingQueue.poll(LinkedBlockingQueue.java:460)&#10;        at app//org.apache.hadoop.ipc.CallQueueManager.take(CallQueueManager.java:370)&#10;        at app//org.apache.hadoop.ipc.Server$Handler.run(Server.java:3165)&#10;&quot;2b1bfca1-1fdc-4b0a-9b4d-c21112718afa-DatanodeReportManager-1&quot; daemon prio=5 tid=745 in Object.wait()&#10;java.lang.Thread.State: WAITING (on object monitor)&#10;        at java.base@21.0.7/jdk.internal.misc.Unsafe.park(Native Method)&#10;        at java.base@21.0.7/java.util.concurrent.locks.LockSupport.park(LockSupport.java:371)&#10;        at java.base@21.0.7/java.util.concurrent.locks.AbstractQueuedSynchronizer$ConditionNode.block(AbstractQueuedSynchronizer.java:519)&#10;        at java.base@21.0.7/java.util.concurrent.ForkJoinPool.unmanagedBlock(ForkJoinPool.java:3780)&#10;        at java.base@21.0.7/java.util.concurrent.ForkJoinPool.managedBlock(ForkJoinPool.java:3725)&#10;        at java.base@21.0.7/java.util.concurrent.locks.AbstractQueuedSynchronizer$ConditionObject.await(AbstractQueuedSynchronizer.java:1712)&#10;        at java.base@21.0.7/java.util.concurrent.ScheduledThreadPoolExecutor$DelayedWorkQueue.take(ScheduledThreadPoolExecutor.java:1177)&#10;        at java.base@21.0.7/java.util.concurrent.ScheduledThreadPoolExecutor$DelayedWorkQueue.take(ScheduledThreadPoolExecutor.java:899)&#10;        at java.base@21.0.7/java.util.concurrent.ThreadPoolExecutor.getTask(ThreadPoolExecutor.java:1070)&#10;        at java.base@21.0.7/java.util.concurrent.ThreadPoolExecutor.runWorker(ThreadPoolExecutor.java:1130)&#10;        at java.base@21.0.7/java.util.concurrent.ThreadPoolExecutor$Worker.run(ThreadPoolExecutor.java:642)&#10;        at java.base@21.0.7/java.lang.Thread.runWith(Thread.java:1596)&#10;        at java.base@21.0.7/java.lang.Thread.run(Thread.java:1583)&#10;&quot;IPC Server handler 90 on default port 15002&quot; daemon prio=5 tid=434 timed_waiting&#10;java.lang.Thread.State: TIMED_WAITING&#10;        at java.base@21.0.7/jdk.internal.misc.Unsafe.park(Native Method)&#10;        at java.base@21.0.7/java.util.concurrent.locks.LockSupport.parkNanos(LockSupport.java:269)&#10;        at java.base@21.0.7/java.util.concurrent.locks.AbstractQueuedSynchronizer$ConditionObject.awaitNanos(AbstractQueuedSynchronizer.java:1763)&#10;        at java.base@21.0.7/java.util.concurrent.LinkedBlockingQueue.poll(LinkedBlockingQueue.java:460)&#10;        at app//org.apache.hadoop.ipc.CallQueueManager.take(CallQueueManager.java:370)&#10;        at app//org.apache.hadoop.ipc.Server$Handler.run(Server.java:3165)&#10;&quot;0cf558f4-2ca5-4c9f-a057-d7d7b755ef43-impl-thread1&quot;  prio=5 tid=56 timed_waiting&#10;java.lang.Thread.State: TIMED_WAITING&#10;        at java.base@21.0.7/jdk.internal.misc.Unsafe.park(Native Method)&#10;        at java.base@21.0.7/java.util.concurrent.locks.LockSupport.parkNanos(LockSupport.java:410)&#10;        at java.base@21.0.7/java.util.concurrent.LinkedTransferQueue$DualNode.await(LinkedTransferQueue.java:452)&#10;        at java.base@21.0.7/java.util.concurrent.SynchronousQueue$Transferer.xferLifo(SynchronousQueue.java:194)&#10;        at java.base@21.0.7/java.util.concurrent.SynchronousQueue.xfer(SynchronousQueue.java:235)&#10;        at java.base@21.0.7/java.util.concurrent.SynchronousQueue.poll(SynchronousQueue.java:338)&#10;        at java.base@21.0.7/java.util.concurrent.ThreadPoolExecutor.getTask(ThreadPoolExecutor.java:1069)&#10;        at java.base@21.0.7/java.util.concurrent.ThreadPoolExecutor.runWorker(ThreadPoolExecutor.java:1130)&#10;        at java.base@21.0.7/java.util.concurrent.ThreadPoolExecutor$Worker.run(ThreadPoolExecutor.java:642)&#10;        at java.base@21.0.7/java.lang.Thread.runWith(Thread.java:1596)&#10;        at java.base@21.0.7/java.lang.Thread.run(Thread.java:1583)&#10;&quot;Socket Reader #9 for port 15006&quot;  prio=5 tid=464 runnable&#10;java.lang.Thread.State: RUNNABLE&#10;        at java.base@21.0.7/sun.nio.ch.EPoll.wait(Native Method)&#10;        at java.base@21.0.7/sun.nio.ch.EPollSelectorImpl.doSelect(EPollSelectorImpl.java:121)&#10;        at java.base@21.0.7/sun.nio.ch.SelectorImpl.lockAndDoSelect(SelectorImpl.java:130)&#10;        at java.base@21.0.7/sun.nio.ch.SelectorImpl.select(SelectorImpl.java:147)&#10;        at app//org.apache.hadoop.ipc.Server$Listener$Reader.doRunLoop(Server.java:1497)&#10;        at app//org.apache.hadoop.ipc.Server$Listener$Reader.run(Server.java:1476)&#10;&quot;IPC Server handler 39 on default port 15002&quot; daemon prio=5 tid=383 timed_waiting&#10;java.lang.Thread.State: TIMED_WAITING&#10;        at java.base@21.0.7/jdk.internal.misc.Unsafe.park(Native Method)&#10;        at java.base@21.0.7/java.util.concurrent.locks.LockSupport.parkNanos(LockSupport.java:269)&#10;        at java.base@21.0.7/java.util.concurrent.locks.AbstractQueuedSynchronizer$ConditionObject.awaitNanos(AbstractQueuedSynchronizer.java:1763)&#10;        at java.base@21.0.7/java.util.concurrent.LinkedBlockingQueue.poll(LinkedBlockingQueue.java:460)&#10;        at app//org.apache.hadoop.ipc.CallQueueManager.take(CallQueueManager.java:370)&#10;        at app//org.apache.hadoop.ipc.Server$Handler.run(Server.java:3165)&#10;&quot;IPC Server handler 50 on default port 15002&quot; daemon prio=5 tid=394 timed_waiting&#10;java.lang.Thread.State: TIMED_WAITING&#10;        at java.base@21.0.7/jdk.internal.misc.Unsafe.park(Native Method)&#10;        at java.base@21.0.7/java.util.concurrent.locks.LockSupport.parkNanos(LockSupport.java:269)&#10;        at java.base@21.0.7/java.util.concurrent.locks.AbstractQueuedSynchronizer$ConditionObject.awaitNanos(AbstractQueuedSynchronizer.java:1763)&#10;        at java.base@21.0.7/java.util.concurrent.LinkedBlockingQueue.poll(LinkedBlockingQueue.java:460)&#10;        at app//org.apache.hadoop.ipc.CallQueueManager.take(CallQueueManager.java:370)&#10;        at app//org.apache.hadoop.ipc.Server$Handler.run(Server.java:3165)&#10;&quot;2b1bfca1-1fdc-4b0a-9b4d-c21112718afa-DatanodeStateMachineTaskThread-1&quot;  prio=5 tid=822 in Object.wait()&#10;java.lang.Thread.State: WAITING (on object monitor)&#10;        at java.base@21.0.7/jdk.internal.misc.Unsafe.park(Native Method)&#10;        at java.base@21.0.7/java.util.concurrent.locks.LockSupport.park(LockSupport.java:371)&#10;        at java.base@21.0.7/java.util.concurrent.locks.AbstractQueuedSynchronizer$ConditionNode.block(AbstractQueuedSynchronizer.java:519)&#10;        at java.base@21.0.7/java.util.concurrent.ForkJoinPool.unmanagedBlock(ForkJoinPool.java:3780)&#10;        at java.base@21.0.7/java.util.concurrent.ForkJoinPool.managedBlock(ForkJoinPool.java:3725)&#10;        at java.base@21.0.7/java.util.concurrent.locks.AbstractQueuedSynchronizer$ConditionObject.await(AbstractQueuedSynchronizer.java:1712)&#10;        at java.base@21.0.7/java.util.concurrent.LinkedBlockingQueue.take(LinkedBlockingQueue.java:435)&#10;        at java.base@21.0.7/java.util.concurrent.ThreadPoolExecutor.getTask(ThreadPoolExecutor.java:1070)&#10;        at java.base@21.0.7/java.util.concurrent.ThreadPoolExecutor.runWorker(ThreadPoolExecutor.java:1130)&#10;        at java.base@21.0.7/java.util.concurrent.ThreadPoolExecutor$Worker.run(ThreadPoolExecutor.java:642)&#10;        at java.base@21.0.7/java.lang.Thread.runWith(Thread.java:1596)&#10;        at java.base@21.0.7/java.lang.Thread.run(Thread.java:1583)&#10;&quot;IPC Server handler 36 on default port 15000&quot; daemon prio=5 tid=162 timed_waiting&#10;java.lang.Thread.State: TIMED_WAITING&#10;        at java.base@21.0.7/jdk.internal.misc.Unsafe.park(Native Method)&#10;        at java.base@21.0.7/java.util.concurrent.locks.LockSupport.parkNanos(LockSupport.java:269)&#10;        at java.base@21.0.7/java.util.concurrent.locks.AbstractQueuedSynchronizer$ConditionObject.awaitNanos(AbstractQueuedSynchronizer.java:1763)&#10;        at java.base@21.0.7/java.util.concurrent.LinkedBlockingQueue.poll(LinkedBlockingQueue.java:460)&#10;        at app//org.apache.hadoop.ipc.CallQueueManager.take(CallQueueManager.java:370)&#10;        at app//org.apache.hadoop.ipc.Server$Handler.run(Server.java:3165)&#10;&quot;IPC Server handler 86 on default port 15001&quot; daemon prio=5 tid=312 timed_waiting&#10;java.lang.Thread.State: TIMED_WAITING&#10;        at java.base@21.0.7/jdk.internal.misc.Unsafe.park(Native Method)&#10;        at java.base@21.0.7/java.util.concurrent.locks.LockSupport.parkNanos(LockSupport.java:269)&#10;        at java.base@21.0.7/java.util.concurrent.locks.AbstractQueuedSynchronizer$ConditionObject.awaitNanos(AbstractQueuedSynchronizer.java:1763)&#10;        at java.base@21.0.7/java.util.concurrent.LinkedBlockingQueue.poll(LinkedBlockingQueue.java:460)&#10;        at app//org.apache.hadoop.ipc.CallQueueManager.take(CallQueueManager.java:370)&#10;        at app//org.apache.hadoop.ipc.Server$Handler.run(Server.java:3165)&#10;&quot;IPC Server handler 66 on default port 15000&quot; daemon prio=5 tid=192 timed_waiting&#10;java.lang.Thread.State: TIMED_WAITING&#10;        at java.base@21.0.7/jdk.internal.misc.Unsafe.park(Native Method)&#10;        at java.base@21.0.7/java.util.concurrent.locks.LockSupport.parkNanos(LockSupport.java:269)&#10;        at java.base@21.0.7/java.util.concurrent.locks.AbstractQueuedSynchronizer$ConditionObject.awaitNanos(AbstractQueuedSynchronizer.java:1763)&#10;        at java.base@21.0.7/java.util.concurrent.LinkedBlockingQueue.poll(LinkedBlockingQueue.java:460)&#10;        at app//org.apache.hadoop.ipc.CallQueueManager.take(CallQueueManager.java:370)&#10;        at app//org.apache.hadoop.ipc.Server$Handler.run(Server.java:3165)&#10;&quot;78b7fabf-ca2a-4b70-8534-e46926e2083c-DatanodeStateMachineTaskThread-0&quot;  prio=5 tid=804 in Object.wait()&#10;java.lang.Thread.State: WAITING (on object monitor)&#10;        at java.base@21.0.7/jdk.internal.misc.Unsafe.park(Native Method)&#10;        at java.base@21.0.7/java.util.concurrent.locks.LockSupport.park(LockSupport.java:371)&#10;        at java.base@21.0.7/java.util.concurrent.locks.AbstractQueuedSynchronizer$ConditionNode.block(AbstractQueuedSynchronizer.java:519)&#10;        at java.base@21.0.7/java.util.concurrent.ForkJoinPool.unmanagedBlock(ForkJoinPool.java:3780)&#10;        at java.base@21.0.7/java.util.concurrent.ForkJoinPool.managedBlock(ForkJoinPool.java:3725)&#10;        at java.base@21.0.7/java.util.concurrent.locks.AbstractQueuedSynchronizer$ConditionObject.await(AbstractQueuedSynchronizer.java:1712)&#10;        at java.base@21.0.7/java.util.concurrent.LinkedBlockingQueue.take(LinkedBlockingQueue.java:435)&#10;        at java.base@21.0.7/java.util.concurrent.ThreadPoolExecutor.getTask(ThreadPoolExecutor.java:1070)&#10;        at java.base@21.0.7/java.util.concurrent.ThreadPoolExecutor.runWorker(ThreadPoolExecutor.java:1130)&#10;        at java.base@21.0.7/java.util.concurrent.ThreadPoolExecutor$Worker.run(ThreadPoolExecutor.java:642)&#10;        at java.base@21.0.7/java.lang.Thread.runWith(Thread.java:1596)&#10;        at java.base@21.0.7/java.lang.Thread.run(Thread.java:1583)&#10;&quot;a755fe32-7d9a-4996-bc51-d7fbc67ab218-DataNodeDiskCheckerThread-0&quot; daemon prio=5 tid=705 timed_waiting&#10;java.lang.Thread.State: TIMED_WAITING&#10;        at java.base@21.0.7/jdk.internal.misc.Unsafe.park(Native Method)&#10;        at java.base@21.0.7/java.util.concurrent.locks.LockSupport.parkNanos(LockSupport.java:410)&#10;        at java.base@21.0.7/java.util.concurrent.LinkedTransferQueue$DualNode.await(LinkedTransferQueue.java:452)&#10;        at java.base@21.0.7/java.util.concurrent.SynchronousQueue$Transferer.xferLifo(SynchronousQueue.java:194)&#10;        at java.base@21.0.7/java.util.concurrent.SynchronousQueue.xfer(SynchronousQueue.java:235)&#10;        at java.base@21.0.7/java.util.concurrent.SynchronousQueue.poll(SynchronousQueue.java:338)&#10;        at java.base@21.0.7/java.util.concurrent.ThreadPoolExecutor.getTask(ThreadPoolExecutor.java:1069)&#10;        at java.base@21.0.7/java.util.concurrent.ThreadPoolExecutor.runWorker(ThreadPoolExecutor.java:1130)&#10;        at java.base@21.0.7/java.util.concurrent.ThreadPoolExecutor$Worker.run(ThreadPoolExecutor.java:642)&#10;        at java.base@21.0.7/java.lang.Thread.runWith(Thread.java:1596)&#10;        at java.base@21.0.7/java.lang.Thread.run(Thread.java:1583)&#10;&quot;dacc202e-cd42-4a7a-b335-fe62dff69130-groupManagement&quot; daemon prio=5 tid=887 in Object.wait()&#10;java.lang.Thread.State: WAITING (on object monitor)&#10;        at java.base@21.0.7/jdk.internal.misc.Unsafe.park(Native Method)&#10;        at java.base@21.0.7/java.util.concurrent.locks.LockSupport.park(LockSupport.java:371)&#10;        at java.base@21.0.7/java.util.concurrent.locks.AbstractQueuedSynchronizer$ConditionNode.block(AbstractQueuedSynchronizer.java:519)&#10;        at java.base@21.0.7/java.util.concurrent.ForkJoinPool.unmanagedBlock(ForkJoinPool.java:3780)&#10;        at java.base@21.0.7/java.util.concurrent.ForkJoinPool.managedBlock(ForkJoinPool.java:3725)&#10;        at java.base@21.0.7/java.util.concurrent.locks.AbstractQueuedSynchronizer$ConditionObject.await(AbstractQueuedSynchronizer.java:1712)&#10;        at java.base@21.0.7/java.util.concurrent.LinkedBlockingQueue.take(LinkedBlockingQueue.java:435)&#10;        at java.base@21.0.7/java.util.concurrent.ThreadPoolExecutor.getTask(ThreadPoolExecutor.java:1070)&#10;        at java.base@21.0.7/java.util.concurrent.ThreadPoolExecutor.runWorker(ThreadPoolExecutor.java:1130)&#10;        at java.base@21.0.7/java.util.concurrent.ThreadPoolExecutor$Worker.run(ThreadPoolExecutor.java:642)&#10;        at java.base@21.0.7/java.lang.Thread.runWith(Thread.java:1596)&#10;        at java.base@21.0.7/java.lang.Thread.run(Thread.java:1583)&#10;&quot;BackgroundPipelineScrubber&quot; daemon prio=5 tid=60 timed_waiting&#10;java.lang.Thread.State: TIMED_WAITING&#10;        at java.base@21.0.7/java.lang.Object.wait0(Native Method)&#10;        at java.base@21.0.7/java.lang.Object.wait(Object.java:366)&#10;        at app//org.apache.hadoop.hdds.scm.ha.BackgroundSCMService.run(BackgroundSCMService.java:106)&#10;        at app//org.apache.hadoop.hdds.scm.ha.BackgroundSCMService$$Lambda/0x00007fe904502d28.run(Unknown Source)&#10;        at java.base@21.0.7/java.lang.Thread.runWith(Thread.java:1596)&#10;        at java.base@21.0.7/java.lang.Thread.run(Thread.java:1583)&#10;&quot;IPC Server handler 45 on default port 15002&quot; daemon prio=5 tid=389 timed_waiting&#10;java.lang.Thread.State: TIMED_WAITING&#10;        at java.base@21.0.7/jdk.internal.misc.Unsafe.park(Native Method)&#10;        at java.base@21.0.7/java.util.concurrent.locks.LockSupport.parkNanos(LockSupport.java:269)&#10;        at java.base@21.0.7/java.util.concurrent.locks.AbstractQueuedSynchronizer$ConditionObject.awaitNanos(AbstractQueuedSynchronizer.java:1763)&#10;        at java.base@21.0.7/java.util.concurrent.LinkedBlockingQueue.poll(LinkedBlockingQueue.java:460)&#10;        at app//org.apache.hadoop.ipc.CallQueueManager.take(CallQueueManager.java:370)&#10;        at app//org.apache.hadoop.ipc.Server$Handler.run(Server.java:3165)&#10;&quot;RatisPipelineUtilsThread-0&quot;  prio=5 tid=59 timed_waiting&#10;java.lang.Thread.State: TIMED_WAITING&#10;        at java.base@21.0.7/java.lang.Object.wait0(Native Method)&#10;        at java.base@21.0.7/java.lang.Object.wait(Object.java:366)&#10;        at app//org.apache.hadoop.hdds.scm.pipeline.BackgroundPipelineCreator.run(BackgroundPipelineCreator.java:181)&#10;        at app//org.apache.hadoop.hdds.scm.pipeline.BackgroundPipelineCreator$$Lambda/0x00007fe904502470.run(Unknown Source)&#10;        at java.base@21.0.7/java.lang.Thread.runWith(Thread.java:1596)&#10;        at java.base@21.0.7/java.lang.Thread.run(Thread.java:1583)&#10;&quot;IPC Server listener on 15006&quot; daemon prio=5 tid=455 runnable&#10;java.lang.Thread.State: RUNNABLE&#10;        at java.base@21.0.7/sun.nio.ch.EPoll.wait(Native Method)&#10;        at java.base@21.0.7/sun.nio.ch.EPollSelectorImpl.doSelect(EPollSelectorImpl.java:121)&#10;        at java.base@21.0.7/sun.nio.ch.SelectorImpl.lockAndDoSelect(SelectorImpl.java:130)&#10;        at java.base@21.0.7/sun.nio.ch.SelectorImpl.select(SelectorImpl.java:147)&#10;        at app//org.apache.hadoop.ipc.Server$Listener.run(Server.java:1559)&#10;&quot;LeaseManager#LeaseMonitor&quot; daemon prio=5 tid=327 timed_waiting&#10;java.lang.Thread.State: TIMED_WAITING&#10;        at java.base@21.0.7/jdk.internal.misc.Unsafe.park(Native Method)&#10;        at java.base@21.0.7/java.util.concurrent.locks.LockSupport.parkNanos(LockSupport.java:269)&#10;        at java.base@21.0.7/java.util.concurrent.locks.AbstractQueuedSynchronizer.acquire(AbstractQueuedSynchronizer.java:756)&#10;        at java.base@21.0.7/java.util.concurrent.locks.AbstractQueuedSynchronizer.tryAcquireSharedNanos(AbstractQueuedSynchronizer.java:1126)&#10;        at java.base@21.0.7/java.util.concurrent.Semaphore.tryAcquire(Semaphore.java:415)&#10;        at app//org.apache.hadoop.ozone.lease.LeaseManager$LeaseMonitor.run(LeaseManager.java:283)&#10;        at java.base@21.0.7/java.lang.Thread.runWith(Thread.java:1596)&#10;        at java.base@21.0.7/java.lang.Thread.run(Thread.java:1583)&#10;&quot;IPC Server handler 78 on default port 15002&quot; daemon prio=5 tid=422 timed_waiting&#10;java.lang.Thread.State: TIMED_WAITING&#10;        at java.base@21.0.7/jdk.internal.misc.Unsafe.park(Native Method)&#10;        at java.base@21.0.7/java.util.concurrent.locks.LockSupport.parkNanos(LockSupport.java:269)&#10;        at java.base@21.0.7/java.util.concurrent.locks.AbstractQueuedSynchronizer$ConditionObject.awaitNanos(AbstractQueuedSynchronizer.java:1763)&#10;        at java.base@21.0.7/java.util.concurrent.LinkedBlockingQueue.poll(LinkedBlockingQueue.java:460)&#10;        at app//org.apache.hadoop.ipc.CallQueueManager.take(CallQueueManager.java:370)&#10;        at app//org.apache.hadoop.ipc.Server$Handler.run(Server.java:3165)&#10;&quot;IPC Server handler 39 on default port 15001&quot; daemon prio=5 tid=265 timed_waiting&#10;java.lang.Thread.State: TIMED_WAITING&#10;        at java.base@21.0.7/jdk.internal.misc.Unsafe.park(Native Method)&#10;        at java.base@21.0.7/java.util.concurrent.locks.LockSupport.parkNanos(LockSupport.java:269)&#10;        at java.base@21.0.7/java.util.concurrent.locks.AbstractQueuedSynchronizer$ConditionObject.awaitNanos(AbstractQueuedSynchronizer.java:1763)&#10;        at java.base@21.0.7/java.util.concurrent.LinkedBlockingQueue.poll(LinkedBlockingQueue.java:460)&#10;        at app//org.apache.hadoop.ipc.CallQueueManager.take(CallQueueManager.java:370)&#10;        at app//org.apache.hadoop.ipc.Server$Handler.run(Server.java:3165)&#10;&quot;IPC Server handler 16 on default port 15002&quot; daemon prio=5 tid=360 timed_waiting&#10;java.lang.Thread.State: TIMED_WAITING&#10;        at java.base@21.0.7/jdk.internal.misc.Unsafe.park(Native Method)&#10;        at java.base@21.0.7/java.util.concurrent.locks.LockSupport.parkNanos(LockSupport.java:269)&#10;        at java.base@21.0.7/java.util.concurrent.locks.AbstractQueuedSynchronizer$ConditionObject.awaitNanos(AbstractQueuedSynchronizer.java:1763)&#10;        at java.base@21.0.7/java.util.concurrent.LinkedBlockingQueue.poll(LinkedBlockingQueue.java:460)&#10;        at app//org.apache.hadoop.ipc.CallQueueManager.take(CallQueueManager.java:370)&#10;        at app//org.apache.hadoop.ipc.Server$Handler.run(Server.java:3165)&#10;&quot;grpc-default-worker-ELG-5-4&quot; daemon prio=5 tid=877 runnable&#10;java.lang.Thread.State: RUNNABLE&#10;        at app//org.apache.ratis.thirdparty.io.netty.channel.epoll.Native.epollWait0(Native Method)&#10;        at app//org.apache.ratis.thirdparty.io.netty.channel.epoll.Native.epollWait(Native.java:193)&#10;        at app//org.apache.ratis.thirdparty.io.netty.channel.epoll.EpollEventLoop.epollWait(EpollEventLoop.java:304)&#10;        at app//org.apache.ratis.thirdparty.io.netty.channel.epoll.EpollEventLoop.run(EpollEventLoop.java:368)&#10;        at app//org.apache.ratis.thirdparty.io.netty.util.concurrent.SingleThreadEventExecutor$4.run(SingleThreadEventExecutor.java:997)&#10;        at app//org.apache.ratis.thirdparty.io.netty.util.internal.ThreadExecutorMap$2.run(ThreadExecutorMap.java:74)&#10;        at app//org.apache.ratis.thirdparty.io.netty.util.concurrent.FastThreadLocalRunnable.run(FastThreadLocalRunnable.java:30)&#10;        at java.base@21.0.7/java.lang.Thread.runWith(Thread.java:1596)&#10;        at java.base@21.0.7/java.lang.Thread.run(Thread.java:1583)&#10;&quot;IPC Server Responder&quot; daemon prio=5 tid=106 runnable&#10;java.lang.Thread.State: RUNNABLE&#10;        at java.base@21.0.7/sun.nio.ch.EPoll.wait(Native Method)&#10;        at java.base@21.0.7/sun.nio.ch.EPollSelectorImpl.doSelect(EPollSelectorImpl.java:121)&#10;        at java.base@21.0.7/sun.nio.ch.SelectorImpl.lockAndDoSelect(SelectorImpl.java:130)&#10;        at java.base@21.0.7/sun.nio.ch.SelectorImpl.select(SelectorImpl.java:142)&#10;        at app//org.apache.hadoop.ipc.Server$Responder.doRunLoop(Server.java:1733)&#10;        at app//org.apache.hadoop.ipc.Server$Responder.run(Server.java:1716)&#10;&quot;78b7fabf-ca2a-4b70-8534-e46926e2083c-impl-thread1&quot;  prio=5 tid=753 timed_waiting&#10;java.lang.Thread.State: TIMED_WAITING&#10;        at java.base@21.0.7/jdk.internal.misc.Unsafe.park(Native Method)&#10;        at java.base@21.0.7/java.util.concurrent.locks.LockSupport.parkNanos(LockSupport.java:410)&#10;        at java.base@21.0.7/java.util.concurrent.LinkedTransferQueue$DualNode.await(LinkedTransferQueue.java:452)&#10;        at java.base@21.0.7/java.util.concurrent.SynchronousQueue$Transferer.xferLifo(SynchronousQueue.java:194)&#10;        at java.base@21.0.7/java.util.concurrent.SynchronousQueue.xfer(SynchronousQueue.java:235)&#10;        at java.base@21.0.7/java.util.concurrent.SynchronousQueue.poll(SynchronousQueue.java:338)&#10;        at java.base@21.0.7/java.util.concurrent.ThreadPoolExecutor.getTask(ThreadPoolExecutor.java:1069)&#10;        at java.base@21.0.7/java.util.concurrent.ThreadPoolExecutor.runWorker(ThreadPoolExecutor.java:1130)&#10;        at java.base@21.0.7/java.util.concurrent.ThreadPoolExecutor$Worker.run(ThreadPoolExecutor.java:642)&#10;        at java.base@21.0.7/java.lang.Thread.runWith(Thread.java:1596)&#10;        at java.base@21.0.7/java.lang.Thread.run(Thread.java:1583)&#10;&quot;Socket Reader #10 for port 15000&quot;  prio=5 tid=104 runnable&#10;java.lang.Thread.State: RUNNABLE&#10;        at java.base@21.0.7/sun.nio.ch.EPoll.wait(Native Method)&#10;        at java.base@21.0.7/sun.nio.ch.EPollSelectorImpl.doSelect(EPollSelectorImpl.java:121)&#10;        at java.base@21.0.7/sun.nio.ch.SelectorImpl.lockAndDoSelect(SelectorImpl.java:130)&#10;        at java.base@21.0.7/sun.nio.ch.SelectorImpl.select(SelectorImpl.java:147)&#10;        at app//org.apache.hadoop.ipc.Server$Listener$Reader.doRunLoop(Server.java:1497)&#10;        at app//org.apache.hadoop.ipc.Server$Listener$Reader.run(Server.java:1476)&#10;&quot;IPC Server handler 4 on default port 15000&quot; daemon prio=5 tid=130 timed_waiting&#10;java.lang.Thread.State: TIMED_WAITING&#10;        at java.base@21.0.7/jdk.internal.misc.Unsafe.park(Native Method)&#10;        at java.base@21.0.7/java.util.concurrent.locks.LockSupport.parkNanos(LockSupport.java:269)&#10;        at java.base@21.0.7/java.util.concurrent.locks.AbstractQueuedSynchronizer$ConditionObject.awaitNanos(AbstractQueuedSynchronizer.java:1763)&#10;        at java.base@21.0.7/java.util.concurrent.LinkedBlockingQueue.poll(LinkedBlockingQueue.java:460)&#10;        at app//org.apache.hadoop.ipc.CallQueueManager.take(CallQueueManager.java:370)&#10;        at app//org.apache.hadoop.ipc.Server$Handler.run(Server.java:3165)&#10;&quot;Reference Handler&quot; daemon prio=10 tid=9 runnable&#10;java.lang.Thread.State: RUNNABLE&#10;        at java.base@21.0.7/java.lang.ref.Reference.waitForReferencePendingList(Native Method)&#10;        at java.base@21.0.7/java.lang.ref.Reference.processPendingReferences(Reference.java:246)&#10;        at java.base@21.0.7/java.lang.ref.Reference$ReferenceHandler.run(Reference.java:208)&#10;&quot;IPC Server handler 3 on default port 15019&quot; daemon prio=5 tid=604 timed_waiting&#10;java.lang.Thread.State: TIMED_WAITING&#10;        at java.base@21.0.7/jdk.internal.misc.Unsafe.park(Native Method)&#10;        at java.base@21.0.7/java.util.concurrent.locks.LockSupport.parkNanos(LockSupport.java:269)&#10;        at java.base@21.0.7/java.util.concurrent.locks.AbstractQueuedSynchronizer$ConditionObject.awaitNanos(AbstractQueuedSynchronizer.java:1763)&#10;        at java.base@21.0.7/java.util.concurrent.LinkedBlockingQueue.poll(LinkedBlockingQueue.java:460)&#10;        at app//org.apache.hadoop.ipc.CallQueueManager.take(CallQueueManager.java:370)&#10;        at app//org.apache.hadoop.ipc.Server$Handler.run(Server.java:3165)&#10;&quot;Socket Reader #2 for port 15000&quot;  prio=5 tid=96 runnable&#10;java.lang.Thread.State: RUNNABLE&#10;        at java.base@21.0.7/sun.nio.ch.EPoll.wait(Native Method)&#10;        at java.base@21.0.7/sun.nio.ch.EPollSelectorImpl.doSelect(EPollSelectorImpl.java:121)&#10;        at java.base@21.0.7/sun.nio.ch.SelectorImpl.lockAndDoSelect(SelectorImpl.java:130)&#10;        at java.base@21.0.7/sun.nio.ch.SelectorImpl.select(SelectorImpl.java:147)&#10;        at app//org.apache.hadoop.ipc.Server$Listener$Reader.doRunLoop(Server.java:1497)&#10;        at app//org.apache.hadoop.ipc.Server$Listener$Reader.run(Server.java:1476)&#10;&quot;IPC Server handler 75 on default port 15000&quot; daemon prio=5 tid=201 timed_waiting&#10;java.lang.Thread.State: TIMED_WAITING&#10;        at java.base@21.0.7/jdk.internal.misc.Unsafe.park(Native Method)&#10;        at java.base@21.0.7/java.util.concurrent.locks.LockSupport.parkNanos(LockSupport.java:269)&#10;        at java.base@21.0.7/java.util.concurrent.locks.AbstractQueuedSynchronizer$ConditionObject.awaitNanos(AbstractQueuedSynchronizer.java:1763)&#10;        at java.base@21.0.7/java.util.concurrent.LinkedBlockingQueue.poll(LinkedBlockingQueue.java:460)&#10;        at app//org.apache.hadoop.ipc.CallQueueManager.take(CallQueueManager.java:370)&#10;        at app//org.apache.hadoop.ipc.Server$Handler.run(Server.java:3165)&#10;&quot;IPC Server handler 69 on default port 15001&quot; daemon prio=5 tid=295 timed_waiting&#10;java.lang.Thread.State: TIMED_WAITING&#10;        at java.base@21.0.7/jdk.internal.misc.Unsafe.park(Native Method)&#10;        at java.base@21.0.7/java.util.concurrent.locks.LockSupport.parkNanos(LockSupport.java:269)&#10;        at java.base@21.0.7/java.util.concurrent.locks.AbstractQueuedSynchronizer$ConditionObject.awaitNanos(AbstractQueuedSynchronizer.java:1763)&#10;        at java.base@21.0.7/java.util.concurrent.LinkedBlockingQueue.poll(LinkedBlockingQueue.java:460)&#10;        at app//org.apache.hadoop.ipc.CallQueueManager.take(CallQueueManager.java:370)&#10;        at app//org.apache.hadoop.ipc.Server$Handler.run(Server.java:3165)&#10;&quot;IPC Server handler 6 on default port 15043&quot; daemon prio=5 tid=794 timed_waiting&#10;java.lang.Thread.State: TIMED_WAITING&#10;        at java.base@21.0.7/jdk.internal.misc.Unsafe.park(Native Method)&#10;        at java.base@21.0.7/java.util.concurrent.locks.LockSupport.parkNanos(LockSupport.java:269)&#10;        at java.base@21.0.7/java.util.concurrent.locks.AbstractQueuedSynchronizer$ConditionObject.awaitNanos(AbstractQueuedSynchronizer.java:1763)&#10;        at java.base@21.0.7/java.util.concurrent.LinkedBlockingQueue.poll(LinkedBlockingQueue.java:460)&#10;        at app//org.apache.hadoop.ipc.CallQueueManager.take(CallQueueManager.java:370)&#10;        at app//org.apache.hadoop.ipc.Server$Handler.run(Server.java:3165)&#10;&quot;IPC Server handler 90 on default port 15001&quot; daemon prio=5 tid=316 timed_waiting&#10;java.lang.Thread.State: TIMED_WAITING&#10;        at java.base@21.0.7/jdk.internal.misc.Unsafe.park(Native Method)&#10;        at java.base@21.0.7/java.util.concurrent.locks.LockSupport.parkNanos(LockSupport.java:269)&#10;        at java.base@21.0.7/java.util.concurrent.locks.AbstractQueuedSynchronizer$ConditionObject.awaitNanos(AbstractQueuedSynchronizer.java:1763)&#10;        at java.base@21.0.7/java.util.concurrent.LinkedBlockingQueue.poll(LinkedBlockingQueue.java:460)&#10;        at app//org.apache.hadoop.ipc.CallQueueManager.take(CallQueueManager.java:370)&#10;        at app//org.apache.hadoop.ipc.Server$Handler.run(Server.java:3165)&#10;&quot;StaleRecoveringContainerScrubbingService#1&quot; daemon prio=5 tid=718 in Object.wait()&#10;java.lang.Thread.State: WAITING (on object monitor)&#10;        at java.base@21.0.7/jdk.internal.misc.Unsafe.park(Native Method)&#10;        at java.base@21.0.7/java.util.concurrent.locks.LockSupport.park(LockSupport.java:371)&#10;        at java.base@21.0.7/java.util.concurrent.locks.AbstractQueuedSynchronizer$ConditionNode.block(AbstractQueuedSynchronizer.java:519)&#10;        at java.base@21.0.7/java.util.concurrent.ForkJoinPool.unmanagedBlock(ForkJoinPool.java:3780)&#10;        at java.base@21.0.7/java.util.concurrent.ForkJoinPool.managedBlock(ForkJoinPool.java:3725)&#10;        at java.base@21.0.7/java.util.concurrent.locks.AbstractQueuedSynchronizer$ConditionObject.await(AbstractQueuedSynchronizer.java:1712)&#10;        at java.base@21.0.7/java.util.concurrent.ScheduledThreadPoolExecutor$DelayedWorkQueue.take(ScheduledThreadPoolExecutor.java:1177)&#10;        at java.base@21.0.7/java.util.concurrent.ScheduledThreadPoolExecutor$DelayedWorkQueue.take(ScheduledThreadPoolExecutor.java:899)&#10;        at java.base@21.0.7/java.util.concurrent.ThreadPoolExecutor.getTask(ThreadPoolExecutor.java:1070)&#10;        at java.base@21.0.7/java.util.concurrent.ThreadPoolExecutor.runWorker(ThreadPoolExecutor.java:1130)&#10;        at java.base@21.0.7/java.util.concurrent.ThreadPoolExecutor$Worker.run(ThreadPoolExecutor.java:642)&#10;        at java.base@21.0.7/java.lang.Thread.runWith(Thread.java:1596)&#10;        at java.base@21.0.7/java.lang.Thread.run(Thread.java:1583)&#10;&quot;IPC Server handler 60 on default port 15001&quot; daemon prio=5 tid=286 timed_waiting&#10;java.lang.Thread.State: TIMED_WAITING&#10;        at java.base@21.0.7/jdk.internal.misc.Unsafe.park(Native Method)&#10;        at java.base@21.0.7/java.util.concurrent.locks.LockSupport.parkNanos(LockSupport.java:269)&#10;        at java.base@21.0.7/java.util.concurrent.locks.AbstractQueuedSynchronizer$ConditionObject.awaitNanos(AbstractQueuedSynchronizer.java:1763)&#10;        at java.base@21.0.7/java.util.concurrent.LinkedBlockingQueue.poll(LinkedBlockingQueue.java:460)&#10;        at app//org.apache.hadoop.ipc.CallQueueManager.take(CallQueueManager.java:370)&#10;        at app//org.apache.hadoop.ipc.Server$Handler.run(Server.java:3165)&#10;&quot;JvmPauseMonitor5&quot; daemon prio=5 tid=816 timed_waiting&#10;java.lang.Thread.State: TIMED_WAITING&#10;        at java.base@21.0.7/java.lang.Thread.sleep0(Native Method)&#10;        at java.base@21.0.7/java.lang.Thread.sleep(Thread.java:558)&#10;        at java.base@21.0.7/java.util.concurrent.TimeUnit.sleep(TimeUnit.java:446)&#10;        at app//org.apache.ratis.util.TimeDuration.sleep(TimeDuration.java:353)&#10;        at app//org.apache.ratis.util.TimeDuration.sleep(TimeDuration.java:338)&#10;        at app//org.apache.ratis.util.JvmPauseMonitor.detectPause(JvmPauseMonitor.java:160)&#10;        at app//org.apache.ratis.util.JvmPauseMonitor.run(JvmPauseMonitor.java:149)&#10;        at app//org.apache.ratis.util.JvmPauseMonitor$$Lambda/0x00007fe90439a488.run(Unknown Source)&#10;        at java.base@21.0.7/java.lang.Thread.runWith(Thread.java:1596)&#10;        at java.base@21.0.7/java.lang.Thread.run(Thread.java:1583)&#10;&quot;grpc-default-executor-0&quot; daemon prio=5 tid=872 timed_waiting&#10;java.lang.Thread.State: TIMED_WAITING&#10;        at java.base@21.0.7/jdk.internal.misc.Unsafe.park(Native Method)&#10;        at java.base@21.0.7/java.util.concurrent.locks.LockSupport.parkNanos(LockSupport.java:410)&#10;        at java.base@21.0.7/java.util.concurrent.LinkedTransferQueue$DualNode.await(LinkedTransferQueue.java:452)&#10;        at java.base@21.0.7/java.util.concurrent.SynchronousQueue$Transferer.xferLifo(SynchronousQueue.java:194)&#10;        at java.base@21.0.7/java.util.concurrent.SynchronousQueue.xfer(SynchronousQueue.java:235)&#10;        at java.base@21.0.7/java.util.concurrent.SynchronousQueue.poll(SynchronousQueue.java:338)&#10;        at java.base@21.0.7/java.util.concurrent.ThreadPoolExecutor.getTask(ThreadPoolExecutor.java:1069)&#10;        at java.base@21.0.7/java.util.concurrent.ThreadPoolExecutor.runWorker(ThreadPoolExecutor.java:1130)&#10;        at java.base@21.0.7/java.util.concurrent.ThreadPoolExecutor$Worker.run(ThreadPoolExecutor.java:642)&#10;        at java.base@21.0.7/java.lang.Thread.runWith(Thread.java:1596)&#10;        at java.base@21.0.7/java.lang.Thread.run(Thread.java:1583)&#10;&quot;IPC Server handler 58 on default port 15002&quot; daemon prio=5 tid=402 timed_waiting&#10;java.lang.Thread.State: TIMED_WAITING&#10;        at java.base@21.0.7/jdk.internal.misc.Unsafe.park(Native Method)&#10;        at java.base@21.0.7/java.util.concurrent.locks.LockSupport.parkNanos(LockSupport.java:269)&#10;        at java.base@21.0.7/java.util.concurrent.locks.AbstractQueuedSynchronizer$ConditionObject.awaitNanos(AbstractQueuedSynchronizer.java:1763)&#10;        at java.base@21.0.7/java.util.concurrent.LinkedBlockingQueue.poll(LinkedBlockingQueue.java:460)&#10;        at app//org.apache.hadoop.ipc.CallQueueManager.take(CallQueueManager.java:370)&#10;        at app//org.apache.hadoop.ipc.Server$Handler.run(Server.java:3165)&#10;&quot;qtp256443308-502&quot; daemon prio=5 tid=502 timed_waiting&#10;java.lang.Thread.State: TIMED_WAITING&#10;        at java.base@21.0.7/jdk.internal.misc.Unsafe.park(Native Method)&#10;        at java.base@21.0.7/java.util.concurrent.locks.LockSupport.parkNanos(LockSupport.java:269)&#10;        at java.base@21.0.7/java.util.concurrent.locks.AbstractQueuedSynchronizer$ConditionObject.awaitNanos(AbstractQueuedSynchronizer.java:1763)&#10;        at app//org.eclipse.jetty.util.BlockingArrayQueue.poll(BlockingArrayQueue.java:382)&#10;        at app//org.eclipse.jetty.util.thread.QueuedThreadPool$Runner.idleJobPoll(QueuedThreadPool.java:974)&#10;        at app//org.eclipse.jetty.util.thread.QueuedThreadPool$Runner.run(QueuedThreadPool.java:1018)&#10;        at java.base@21.0.7/java.lang.Thread.runWith(Thread.java:1596)&#10;        at java.base@21.0.7/java.lang.Thread.run(Thread.java:1583)&#10;&quot;IPC Server handler 30 on default port 15000&quot; daemon prio=5 tid=156 timed_waiting&#10;java.lang.Thread.State: TIMED_WAITING&#10;        at java.base@21.0.7/jdk.internal.misc.Unsafe.park(Native Method)&#10;        at java.base@21.0.7/java.util.concurrent.locks.LockSupport.parkNanos(LockSupport.java:269)&#10;        at java.base@21.0.7/java.util.concurrent.locks.AbstractQueuedSynchronizer$ConditionObject.awaitNanos(AbstractQueuedSynchronizer.java:1763)&#10;        at java.base@21.0.7/java.util.concurrent.LinkedBlockingQueue.poll(LinkedBlockingQueue.java:460)&#10;        at app//org.apache.hadoop.ipc.CallQueueManager.take(CallQueueManager.java:370)&#10;        at app//org.apache.hadoop.ipc.Server$Handler.run(Server.java:3165)&#10;&quot;dacc202e-cd42-4a7a-b335-fe62dff69130-DatanodeStateMachineTaskThread-0&quot;  prio=5 tid=669 in Object.wait()&#10;java.lang.Thread.State: WAITING (on object monitor)&#10;        at java.base@21.0.7/jdk.internal.misc.Unsafe.park(Native Method)&#10;        at java.base@21.0.7/java.util.concurrent.locks.LockSupport.park(LockSupport.java:371)&#10;        at java.base@21.0.7/java.util.concurrent.locks.AbstractQueuedSynchronizer$ConditionNode.block(AbstractQueuedSynchronizer.java:519)&#10;        at java.base@21.0.7/java.util.concurrent.ForkJoinPool.unmanagedBlock(ForkJoinPool.java:3780)&#10;        at java.base@21.0.7/java.util.concurrent.ForkJoinPool.managedBlock(ForkJoinPool.java:3725)&#10;        at java.base@21.0.7/java.util.concurrent.locks.AbstractQueuedSynchronizer$ConditionObject.await(AbstractQueuedSynchronizer.java:1712)&#10;        at java.base@21.0.7/java.util.concurrent.LinkedBlockingQueue.take(LinkedBlockingQueue.java:435)&#10;        at java.base@21.0.7/java.util.concurrent.ThreadPoolExecutor.getTask(ThreadPoolExecutor.java:1070)&#10;        at java.base@21.0.7/java.util.concurrent.ThreadPoolExecutor.runWorker(ThreadPoolExecutor.java:1130)&#10;        at java.base@21.0.7/java.util.concurrent.ThreadPoolExecutor$Worker.run(ThreadPoolExecutor.java:642)&#10;        at java.base@21.0.7/java.lang.Thread.runWith(Thread.java:1596)&#10;        at java.base@21.0.7/java.lang.Thread.run(Thread.java:1583)&#10;&quot;IPC Server Responder&quot; daemon prio=5 tid=467 runnable&#10;java.lang.Thread.State: RUNNABLE&#10;        at java.base@21.0.7/sun.nio.ch.EPoll.wait(Native Method)&#10;        at java.base@21.0.7/sun.nio.ch.EPollSelectorImpl.doSelect(EPollSelectorImpl.java:121)&#10;        at java.base@21.0.7/sun.nio.ch.SelectorImpl.lockAndDoSelect(SelectorImpl.java:130)&#10;        at java.base@21.0.7/sun.nio.ch.SelectorImpl.select(SelectorImpl.java:142)&#10;        at app//org.apache.hadoop.ipc.Server$Responder.doRunLoop(Server.java:1733)&#10;        at app//org.apache.hadoop.ipc.Server$Responder.run(Server.java:1716)&#10;&quot;IPC Server handler 4 on default port 15019&quot; daemon prio=5 tid=605 timed_waiting&#10;java.lang.Thread.State: TIMED_WAITING&#10;        at java.base@21.0.7/jdk.internal.misc.Unsafe.park(Native Method)&#10;        at java.base@21.0.7/java.util.concurrent.locks.LockSupport.parkNanos(LockSupport.java:269)&#10;        at java.base@21.0.7/java.util.concurrent.locks.AbstractQueuedSynchronizer$ConditionObject.awaitNanos(AbstractQueuedSynchronizer.java:1763)&#10;        at java.base@21.0.7/java.util.concurrent.LinkedBlockingQueue.poll(LinkedBlockingQueue.java:460)&#10;        at app//org.apache.hadoop.ipc.CallQueueManager.take(CallQueueManager.java:370)&#10;        at app//org.apache.hadoop.ipc.Server$Handler.run(Server.java:3165)&#10;&quot;StaleRecoveringContainerScrubbingService#0&quot; daemon prio=5 tid=819 timed_waiting&#10;java.lang.Thread.State: TIMED_WAITING&#10;        at java.base@21.0.7/jdk.internal.misc.Unsafe.park(Native Method)&#10;        at java.base@21.0.7/java.util.concurrent.locks.LockSupport.parkNanos(LockSupport.java:269)&#10;        at java.base@21.0.7/java.util.concurrent.locks.AbstractQueuedSynchronizer$ConditionObject.awaitNanos(AbstractQueuedSynchronizer.java:1763)&#10;        at java.base@21.0.7/java.util.concurrent.ScheduledThreadPoolExecutor$DelayedWorkQueue.take(ScheduledThreadPoolExecutor.java:1182)&#10;        at java.base@21.0.7/java.util.concurrent.ScheduledThreadPoolExecutor$DelayedWorkQueue.take(ScheduledThreadPoolExecutor.java:899)&#10;        at java.base@21.0.7/java.util.concurrent.ThreadPoolExecutor.getTask(ThreadPoolExecutor.java:1070)&#10;        at java.base@21.0.7/java.util.concurrent.ThreadPoolExecutor.runWorker(ThreadPoolExecutor.java:1130)&#10;        at java.base@21.0.7/java.util.concurrent.ThreadPoolExecutor$Worker.run(ThreadPoolExecutor.java:642)&#10;        at java.base@21.0.7/java.lang.Thread.runWith(Thread.java:1596)&#10;        at java.base@21.0.7/java.lang.Thread.run(Thread.java:1583)&#10;&quot;IPC Server handler 9 on default port 15000&quot; daemon prio=5 tid=135 timed_waiting&#10;java.lang.Thread.State: TIMED_WAITING&#10;        at java.base@21.0.7/jdk.internal.misc.Unsafe.park(Native Method)&#10;        at java.base@21.0.7/java.util.concurrent.locks.LockSupport.parkNanos(LockSupport.java:269)&#10;        at java.base@21.0.7/java.util.concurrent.locks.AbstractQueuedSynchronizer$ConditionObject.awaitNanos(AbstractQueuedSynchronizer.java:1763)&#10;        at java.base@21.0.7/java.util.concurrent.LinkedBlockingQueue.poll(LinkedBlockingQueue.java:460)&#10;        at app//org.apache.hadoop.ipc.CallQueueManager.take(CallQueueManager.java:370)&#10;        at app//org.apache.hadoop.ipc.Server$Handler.run(Server.java:3165)&#10;&quot;Session-HouseKeeper-475f30ee-1&quot;  prio=5 tid=688 timed_waiting&#10;java.lang.Thread.State: TIMED_WAITING&#10;        at java.base@21.0.7/jdk.internal.misc.Unsafe.park(Native Method)&#10;        at java.base@21.0.7/java.util.concurrent.locks.LockSupport.parkNanos(LockSupport.java:269)&#10;        at java.base@21.0.7/java.util.concurrent.locks.AbstractQueuedSynchronizer$ConditionObject.awaitNanos(AbstractQueuedSynchronizer.java:1763)&#10;        at java.base@21.0.7/java.util.concurrent.ScheduledThreadPoolExecutor$DelayedWorkQueue.take(ScheduledThreadPoolExecutor.java:1182)&#10;        at java.base@21.0.7/java.util.concurrent.ScheduledThreadPoolExecutor$DelayedWorkQueue.take(ScheduledThreadPoolExecutor.java:899)&#10;        at java.base@21.0.7/java.util.concurrent.ThreadPoolExecutor.getTask(ThreadPoolExecutor.java:1070)&#10;        at java.base@21.0.7/java.util.concurrent.ThreadPoolExecutor.runWorker(ThreadPoolExecutor.java:1130)&#10;        at java.base@21.0.7/java.util.concurrent.ThreadPoolExecutor$Worker.run(ThreadPoolExecutor.java:642)&#10;        at java.base@21.0.7/java.lang.Thread.runWith(Thread.java:1596)&#10;        at java.base@21.0.7/java.lang.Thread.run(Thread.java:1583)&#10;&quot;IPC Server handler 1 on default port 15006&quot; daemon prio=5 tid=506 timed_waiting&#10;java.lang.Thread.State: TIMED_WAITING&#10;        at java.base@21.0.7/jdk.internal.misc.Unsafe.park(Native Method)&#10;        at java.base@21.0.7/java.util.concurrent.locks.LockSupport.parkNanos(LockSupport.java:269)&#10;        at java.base@21.0.7/java.util.concurrent.locks.AbstractQueuedSynchronizer$ConditionObject.awaitNanos(AbstractQueuedSynchronizer.java:1763)&#10;        at java.base@21.0.7/java.util.concurrent.LinkedBlockingQueue.poll(LinkedBlockingQueue.java:460)&#10;        at app//org.apache.hadoop.ipc.CallQueueManager.take(CallQueueManager.java:370)&#10;        at app//org.apache.hadoop.ipc.Server$Handler.run(Server.java:3165)&#10;&quot;qtp256443308-503&quot; daemon prio=5 tid=503 timed_waiting&#10;java.lang.Thread.State: TIMED_WAITING&#10;        at java.base@21.0.7/jdk.internal.misc.Unsafe.park(Native Method)&#10;        at java.base@21.0.7/java.util.concurrent.locks.LockSupport.parkNanos(LockSupport.java:269)&#10;        at java.base@21.0.7/java.util.concurrent.locks.AbstractQueuedSynchronizer$ConditionObject.awaitNanos(AbstractQueuedSynchronizer.java:1763)&#10;        at app//org.eclipse.jetty.util.BlockingArrayQueue.poll(BlockingArrayQueue.java:382)&#10;        at app//org.eclipse.jetty.util.thread.QueuedThreadPool$Runner.idleJobPoll(QueuedThreadPool.java:974)&#10;        at app//org.eclipse.jetty.util.thread.QueuedThreadPool$Runner.run(QueuedThreadPool.java:1018)&#10;        at java.base@21.0.7/java.lang.Thread.runWith(Thread.java:1596)&#10;        at java.base@21.0.7/java.lang.Thread.run(Thread.java:1583)&#10;&quot;Session-HouseKeeper-4af3cacb-1&quot;  prio=5 tid=504 timed_waiting&#10;java.lang.Thread.State: TIMED_WAITING&#10;        at java.base@21.0.7/jdk.internal.misc.Unsafe.park(Native Method)&#10;        at java.base@21.0.7/java.util.concurrent.locks.LockSupport.parkNanos(LockSupport.java:269)&#10;        at java.base@21.0.7/java.util.concurrent.locks.AbstractQueuedSynchronizer$ConditionObject.awaitNanos(AbstractQueuedSynchronizer.java:1763)&#10;        at java.base@21.0.7/java.util.concurrent.ScheduledThreadPoolExecutor$DelayedWorkQueue.take(ScheduledThreadPoolExecutor.java:1182)&#10;        at java.base@21.0.7/java.util.concurrent.ScheduledThreadPoolExecutor$DelayedWorkQueue.take(ScheduledThreadPoolExecutor.java:899)&#10;        at java.base@21.0.7/java.util.concurrent.ThreadPoolExecutor.getTask(ThreadPoolExecutor.java:1070)&#10;        at java.base@21.0.7/java.util.concurrent.ThreadPoolExecutor.runWorker(ThreadPoolExecutor.java:1130)&#10;        at java.base@21.0.7/java.util.concurrent.ThreadPoolExecutor$Worker.run(ThreadPoolExecutor.java:642)&#10;        at java.base@21.0.7/java.lang.Thread.runWith(Thread.java:1596)&#10;        at java.base@21.0.7/java.lang.Thread.run(Thread.java:1583)&#10;&quot;IPC Server handler 19 on default port 15000&quot; daemon prio=5 tid=145 timed_waiting&#10;java.lang.Thread.State: TIMED_WAITING&#10;        at java.base@21.0.7/jdk.internal.misc.Unsafe.park(Native Method)&#10;        at java.base@21.0.7/java.util.concurrent.locks.LockSupport.parkNanos(LockSupport.java:269)&#10;        at java.base@21.0.7/java.util.concurrent.locks.AbstractQueuedSynchronizer$ConditionObject.awaitNanos(AbstractQueuedSynchronizer.java:1763)&#10;        at java.base@21.0.7/java.util.concurrent.LinkedBlockingQueue.poll(LinkedBlockingQueue.java:460)&#10;        at app//org.apache.hadoop.ipc.CallQueueManager.take(CallQueueManager.java:370)&#10;        at app//org.apache.hadoop.ipc.Server$Handler.run(Server.java:3165)&#10;&quot;78b7fabf-ca2a-4b70-8534-e46926e2083c@group-24323FEED52C-LeaderStateImpl&quot; daemon prio=5 tid=1049 timed_waiting&#10;java.lang.Thread.State: TIMED_WAITING&#10;        at java.base@21.0.7/jdk.internal.misc.Unsafe.park(Native Method)&#10;        at java.base@21.0.7/java.util.concurrent.locks.LockSupport.parkNanos(LockSupport.java:269)&#10;        at java.base@21.0.7/java.util.concurrent.locks.AbstractQueuedSynchronizer$ConditionObject.awaitNanos(AbstractQueuedSynchronizer.java:1763)&#10;        at java.base@21.0.7/java.util.concurrent.ArrayBlockingQueue.poll(ArrayBlockingQueue.java:435)&#10;        at app//org.apache.ratis.server.impl.LeaderStateImpl$EventQueue.poll(LeaderStateImpl.java:164)&#10;        at app//org.apache.ratis.server.impl.LeaderStateImpl$EventProcessor.run(LeaderStateImpl.java:763)&#10;&quot;IPC Server handler 45 on default port 15001&quot; daemon prio=5 tid=271 timed_waiting&#10;java.lang.Thread.State: TIMED_WAITING&#10;        at java.base@21.0.7/jdk.internal.misc.Unsafe.park(Native Method)&#10;        at java.base@21.0.7/java.util.concurrent.locks.LockSupport.parkNanos(LockSupport.java:269)&#10;        at java.base@21.0.7/java.util.concurrent.locks.AbstractQueuedSynchronizer$ConditionObject.awaitNanos(AbstractQueuedSynchronizer.java:1763)&#10;        at java.base@21.0.7/java.util.concurrent.LinkedBlockingQueue.poll(LinkedBlockingQueue.java:460)&#10;        at app//org.apache.hadoop.ipc.CallQueueManager.take(CallQueueManager.java:370)&#10;        at app//org.apache.hadoop.ipc.Server$Handler.run(Server.java:3165)&#10;&quot;IPC Server handler 25 on default port 15001&quot; daemon prio=5 tid=251 timed_waiting&#10;java.lang.Thread.State: TIMED_WAITING&#10;        at java.base@21.0.7/jdk.internal.misc.Unsafe.park(Native Method)&#10;        at java.base@21.0.7/java.util.concurrent.locks.LockSupport.parkNanos(LockSupport.java:269)&#10;        at java.base@21.0.7/java.util.concurrent.locks.AbstractQueuedSynchronizer$ConditionObject.awaitNanos(AbstractQueuedSynchronizer.java:1763)&#10;        at java.base@21.0.7/java.util.concurrent.LinkedBlockingQueue.poll(LinkedBlockingQueue.java:460)&#10;        at app//org.apache.hadoop.ipc.CallQueueManager.take(CallQueueManager.java:370)&#10;        at app//org.apache.hadoop.ipc.Server$Handler.run(Server.java:3165)&#10;&quot;timer4&quot; daemon prio=5 tid=1002 timed_waiting&#10;java.lang.Thread.State: TIMED_WAITING&#10;        at java.base@21.0.7/java.lang.Object.wait0(Native Method)&#10;        at java.base@21.0.7/java.lang.Object.wait(Object.java:366)&#10;        at java.base@21.0.7/java.util.TimerThread.mainLoop(Timer.java:563)&#10;        at java.base@21.0.7/java.util.TimerThread.run(Timer.java:516)&#10;&quot;IPC Server handler 5 on default port 15000&quot; daemon prio=5 tid=131 timed_waiting&#10;java.lang.Thread.State: TIMED_WAITING&#10;        at java.base@21.0.7/jdk.internal.misc.Unsafe.park(Native Method)&#10;        at java.base@21.0.7/java.util.concurrent.locks.LockSupport.parkNanos(LockSupport.java:269)&#10;        at java.base@21.0.7/java.util.concurrent.locks.AbstractQueuedSynchronizer$ConditionObject.awaitNanos(AbstractQueuedSynchronizer.java:1763)&#10;        at java.base@21.0.7/java.util.concurrent.LinkedBlockingQueue.poll(LinkedBlockingQueue.java:460)&#10;        at app//org.apache.hadoop.ipc.CallQueueManager.take(CallQueueManager.java:370)&#10;        at app//org.apache.hadoop.ipc.Server$Handler.run(Server.java:3165)&#10;&quot;pool-65-thread-1&quot;  prio=5 tid=495 timed_waiting&#10;java.lang.Thread.State: TIMED_WAITING&#10;        at java.base@21.0.7/jdk.internal.misc.Unsafe.park(Native Method)&#10;        at java.base@21.0.7/java.util.concurrent.locks.LockSupport.parkNanos(LockSupport.java:269)&#10;        at java.base@21.0.7/java.util.concurrent.locks.AbstractQueuedSynchronizer$ConditionObject.awaitNanos(AbstractQueuedSynchronizer.java:1763)&#10;        at java.base@21.0.7/java.util.concurrent.ScheduledThreadPoolExecutor$DelayedWorkQueue.take(ScheduledThreadPoolExecutor.java:1182)&#10;        at java.base@21.0.7/java.util.concurrent.ScheduledThreadPoolExecutor$DelayedWorkQueue.take(ScheduledThreadPoolExecutor.java:899)&#10;        at java.base@21.0.7/java.util.concurrent.ThreadPoolExecutor.getTask(ThreadPoolExecutor.java:1070)&#10;        at java.base@21.0.7/java.util.concurrent.ThreadPoolExecutor.runWorker(ThreadPoolExecutor.java:1130)&#10;        at java.base@21.0.7/java.util.concurrent.ThreadPoolExecutor$Worker.run(ThreadPoolExecutor.java:642)&#10;        at java.base@21.0.7/java.lang.Thread.runWith(Thread.java:1596)&#10;        at java.base@21.0.7/java.lang.Thread.run(Thread.java:1583)&#10;&quot;dacc202e-cd42-4a7a-b335-fe62dff69130-NettyServerStreamRpc-bossGroup--thread1&quot;  prio=5 tid=620 runnable&#10;java.lang.Thread.State: RUNNABLE&#10;        at app//org.apache.ratis.thirdparty.io.netty.channel.epoll.Native.epollWait(Native Method)&#10;        at app//org.apache.ratis.thirdparty.io.netty.channel.epoll.Native.epollWait(Native.java:220)&#10;        at app//org.apache.ratis.thirdparty.io.netty.channel.epoll.Native.epollWait(Native.java:213)&#10;        at app//org.apache.ratis.thirdparty.io.netty.channel.epoll.EpollEventLoop.epollWaitNoTimerChange(EpollEventLoop.java:308)&#10;        at app//org.apache.ratis.thirdparty.io.netty.channel.epoll.EpollEventLoop.run(EpollEventLoop.java:365)&#10;        at app//org.apache.ratis.thirdparty.io.netty.util.concurrent.SingleThreadEventExecutor$4.run(SingleThreadEventExecutor.java:997)&#10;        at app//org.apache.ratis.thirdparty.io.netty.util.internal.ThreadExecutorMap$2.run(ThreadExecutorMap.java:74)&#10;        at java.base@21.0.7/java.lang.Thread.runWith(Thread.java:1596)&#10;        at java.base@21.0.7/java.lang.Thread.run(Thread.java:1583)&#10;&quot;IPC Server handler 57 on default port 15002&quot; daemon prio=5 tid=401 timed_waiting&#10;java.lang.Thread.State: TIMED_WAITING&#10;        at java.base@21.0.7/jdk.internal.misc.Unsafe.park(Native Method)&#10;        at java.base@21.0.7/java.util.concurrent.locks.LockSupport.parkNanos(LockSupport.java:269)&#10;        at java.base@21.0.7/java.util.concurrent.locks.AbstractQueuedSynchronizer$ConditionObject.awaitNanos(AbstractQueuedSynchronizer.java:1763)&#10;        at java.base@21.0.7/java.util.concurrent.LinkedBlockingQueue.poll(LinkedBlockingQueue.java:460)&#10;        at app//org.apache.hadoop.ipc.CallQueueManager.take(CallQueueManager.java:370)&#10;        at app//org.apache.hadoop.ipc.Server$Handler.run(Server.java:3165)&#10;&quot;Socket Reader #6 for port 15019&quot;  prio=5 tid=593 runnable&#10;java.lang.Thread.State: RUNNABLE&#10;        at java.base@21.0.7/sun.nio.ch.EPoll.wait(Native Method)&#10;        at java.base@21.0.7/sun.nio.ch.EPollSelectorImpl.doSelect(EPollSelectorImpl.java:121)&#10;        at java.base@21.0.7/sun.nio.ch.SelectorImpl.lockAndDoSelect(SelectorImpl.java:130)&#10;        at java.base@21.0.7/sun.nio.ch.SelectorImpl.select(SelectorImpl.java:147)&#10;        at app//org.apache.hadoop.ipc.Server$Listener$Reader.doRunLoop(Server.java:1497)&#10;        at app//org.apache.hadoop.ipc.Server$Listener$Reader.run(Server.java:1476)&#10;&quot;OverReplicatedProcessor&quot; daemon prio=5 tid=64 timed_waiting&#10;java.lang.Thread.State: TIMED_WAITING&#10;        at java.base@21.0.7/java.lang.Object.wait0(Native Method)&#10;        at java.base@21.0.7/java.lang.Object.wait(Object.java:366)&#10;        at app//org.apache.hadoop.hdds.scm.container.replication.UnhealthyReplicationProcessor.run(UnhealthyReplicationProcessor.java:172)&#10;        at java.base@21.0.7/java.lang.Thread.runWith(Thread.java:1596)&#10;        at java.base@21.0.7/java.lang.Thread.run(Thread.java:1583)&#10;&quot;IPC Server handler 65 on default port 15001&quot; daemon prio=5 tid=291 timed_waiting&#10;java.lang.Thread.State: TIMED_WAITING&#10;        at java.base@21.0.7/jdk.internal.misc.Unsafe.park(Native Method)&#10;        at java.base@21.0.7/java.util.concurrent.locks.LockSupport.parkNanos(LockSupport.java:269)&#10;        at java.base@21.0.7/java.util.concurrent.locks.AbstractQueuedSynchronizer$ConditionObject.awaitNanos(AbstractQueuedSynchronizer.java:1763)&#10;        at java.base@21.0.7/java.util.concurrent.LinkedBlockingQueue.poll(LinkedBlockingQueue.java:460)&#10;        at app//org.apache.hadoop.ipc.CallQueueManager.take(CallQueueManager.java:370)&#10;        at app//org.apache.hadoop.ipc.Server$Handler.run(Server.java:3165)&#10;&quot;IPC Server handler 82 on default port 15002&quot; daemon prio=5 tid=426 timed_waiting&#10;java.lang.Thread.State: TIMED_WAITING&#10;        at java.base@21.0.7/jdk.internal.misc.Unsafe.park(Native Method)&#10;        at java.base@21.0.7/java.util.concurrent.locks.LockSupport.parkNanos(LockSupport.java:269)&#10;        at java.base@21.0.7/java.util.concurrent.locks.AbstractQueuedSynchronizer$ConditionObject.awaitNanos(AbstractQueuedSynchronizer.java:1763)&#10;        at java.base@21.0.7/java.util.concurrent.LinkedBlockingQueue.poll(LinkedBlockingQueue.java:460)&#10;        at app//org.apache.hadoop.ipc.CallQueueManager.take(CallQueueManager.java:370)&#10;        at app//org.apache.hadoop.ipc.Server$Handler.run(Server.java:3165)&#10;&quot;IPC Server handler 13 on default port 15006&quot; daemon prio=5 tid=518 timed_waiting&#10;java.lang.Thread.State: TIMED_WAITING&#10;        at java.base@21.0.7/jdk.internal.misc.Unsafe.park(Native Method)&#10;        at java.base@21.0.7/java.util.concurrent.locks.LockSupport.parkNanos(LockSupport.java:269)&#10;        at java.base@21.0.7/java.util.concurrent.locks.AbstractQueuedSynchronizer$ConditionObject.awaitNanos(AbstractQueuedSynchronizer.java:1763)&#10;        at java.base@21.0.7/java.util.concurrent.LinkedBlockingQueue.poll(LinkedBlockingQueue.java:460)&#10;        at app//org.apache.hadoop.ipc.CallQueueManager.take(CallQueueManager.java:370)&#10;        at app//org.apache.hadoop.ipc.Server$Handler.run(Server.java:3165)&#10;&quot;IPC Server listener on 15035&quot; daemon prio=5 tid=719 runnable&#10;java.lang.Thread.State: RUNNABLE&#10;        at java.base@21.0.7/sun.nio.ch.EPoll.wait(Native Method)&#10;        at java.base@21.0.7/sun.nio.ch.EPollSelectorImpl.doSelect(EPollSelectorImpl.java:121)&#10;        at java.base@21.0.7/sun.nio.ch.SelectorImpl.lockAndDoSelect(SelectorImpl.java:130)&#10;        at java.base@21.0.7/sun.nio.ch.SelectorImpl.select(SelectorImpl.java:147)&#10;        at app//org.apache.hadoop.ipc.Server$Listener.run(Server.java:1559)&#10;&quot;om1-KeyDeletingService#0&quot; daemon prio=5 tid=478 timed_waiting&#10;java.lang.Thread.State: TIMED_WAITING&#10;        at java.base@21.0.7/jdk.internal.misc.Unsafe.park(Native Method)&#10;        at java.base@21.0.7/java.util.concurrent.locks.LockSupport.parkNanos(LockSupport.java:269)&#10;        at java.base@21.0.7/java.util.concurrent.locks.AbstractQueuedSynchronizer$ConditionObject.awaitNanos(AbstractQueuedSynchronizer.java:1763)&#10;        at java.base@21.0.7/java.util.concurrent.ScheduledThreadPoolExecutor$DelayedWorkQueue.take(ScheduledThreadPoolExecutor.java:1182)&#10;        at java.base@21.0.7/java.util.concurrent.ScheduledThreadPoolExecutor$DelayedWorkQueue.take(ScheduledThreadPoolExecutor.java:899)&#10;        at java.base@21.0.7/java.util.concurrent.ThreadPoolExecutor.getTask(ThreadPoolExecutor.java:1070)&#10;        at java.base@21.0.7/java.util.concurrent.ThreadPoolExecutor.runWorker(ThreadPoolExecutor.java:1130)&#10;        at java.base@21.0.7/java.util.concurrent.ThreadPoolExecutor$Worker.run(ThreadPoolExecutor.java:642)&#10;        at java.base@21.0.7/java.lang.Thread.runWith(Thread.java:1596)&#10;        at java.base@21.0.7/java.lang.Thread.run(Thread.java:1583)&#10;&quot;grpc-default-executor-1&quot; daemon prio=5 tid=886 timed_waiting&#10;java.lang.Thread.State: TIMED_WAITING&#10;        at java.base@21.0.7/jdk.internal.misc.Unsafe.park(Native Method)&#10;        at java.base@21.0.7/java.util.concurrent.locks.LockSupport.parkNanos(LockSupport.java:410)&#10;        at java.base@21.0.7/java.util.concurrent.LinkedTransferQueue$DualNode.await(LinkedTransferQueue.java:452)&#10;        at java.base@21.0.7/java.util.concurrent.SynchronousQueue$Transferer.xferLifo(SynchronousQueue.java:194)&#10;        at java.base@21.0.7/java.util.concurrent.SynchronousQueue.xfer(SynchronousQueue.java:235)&#10;        at java.base@21.0.7/java.util.concurrent.SynchronousQueue.poll(SynchronousQueue.java:338)&#10;        at java.base@21.0.7/java.util.concurrent.ThreadPoolExecutor.getTask(ThreadPoolExecutor.java:1069)&#10;        at java.base@21.0.7/java.util.concurrent.ThreadPoolExecutor.runWorker(ThreadPoolExecutor.java:1130)&#10;        at java.base@21.0.7/java.util.concurrent.ThreadPoolExecutor$Worker.run(ThreadPoolExecutor.java:642)&#10;        at java.base@21.0.7/java.lang.Thread.runWith(Thread.java:1596)&#10;        at java.base@21.0.7/java.lang.Thread.run(Thread.java:1583)&#10;&quot;StaleRecoveringContainerScrubbingService#0&quot; daemon prio=5 tid=837 timed_waiting&#10;java.lang.Thread.State: TIMED_WAITING&#10;        at java.base@21.0.7/jdk.internal.misc.Unsafe.park(Native Method)&#10;        at java.base@21.0.7/java.util.concurrent.locks.LockSupport.parkNanos(LockSupport.java:269)&#10;        at java.base@21.0.7/java.util.concurrent.locks.AbstractQueuedSynchronizer$ConditionObject.awaitNanos(AbstractQueuedSynchronizer.java:1763)&#10;        at java.base@21.0.7/java.util.concurrent.ScheduledThreadPoolExecutor$DelayedWorkQueue.take(ScheduledThreadPoolExecutor.java:1182)&#10;        at java.base@21.0.7/java.util.concurrent.ScheduledThreadPoolExecutor$DelayedWorkQueue.take(ScheduledThreadPoolExecutor.java:899)&#10;        at java.base@21.0.7/java.util.concurrent.ThreadPoolExecutor.getTask(ThreadPoolExecutor.java:1070)&#10;        at java.base@21.0.7/java.util.concurrent.ThreadPoolExecutor.runWorker(ThreadPoolExecutor.java:1130)&#10;        at java.base@21.0.7/java.util.concurrent.ThreadPoolExecutor$Worker.run(ThreadPoolExecutor.java:642)&#10;        at java.base@21.0.7/java.lang.Thread.runWith(Thread.java:1596)&#10;        at java.base@21.0.7/java.lang.Thread.run(Thread.java:1583)&#10;&quot;FixedThreadPoolWithAffinityExecutor-9-0&quot; daemon prio=5 tid=117 timed_waiting&#10;java.lang.Thread.State: TIMED_WAITING&#10;        at java.base@21.0.7/jdk.internal.misc.Unsafe.park(Native Method)&#10;        at java.base@21.0.7/java.util.concurrent.locks.LockSupport.parkNanos(LockSupport.java:269)&#10;        at java.base@21.0.7/java.util.concurrent.locks.AbstractQueuedSynchronizer$ConditionObject.awaitNanos(AbstractQueuedSynchronizer.java:1763)&#10;        at java.base@21.0.7/java.util.concurrent.LinkedBlockingQueue.poll(LinkedBlockingQueue.java:460)&#10;        at app//org.apache.hadoop.hdds.scm.server.ContainerReportQueue.poll(ContainerReportQueue.java:269)&#10;        at app//org.apache.hadoop.hdds.scm.server.ContainerReportQueue.poll(ContainerReportQueue.java:42)&#10;        at app//org.apache.hadoop.hdds.server.events.FixedThreadPoolWithAffinityExecutor$ContainerReportProcessTask.run(FixedThreadPoolWithAffinityExecutor.java:228)&#10;        at java.base@21.0.7/java.util.concurrent.Executors$RunnableAdapter.call(Executors.java:572)&#10;        at java.base@21.0.7/java.util.concurrent.FutureTask.run(FutureTask.java:317)&#10;        at java.base@21.0.7/java.util.concurrent.ThreadPoolExecutor.runWorker(ThreadPoolExecutor.java:1144)&#10;        at java.base@21.0.7/java.util.concurrent.ThreadPoolExecutor$Worker.run(ThreadPoolExecutor.java:642)&#10;        at java.base@21.0.7/java.lang.Thread.runWith(Thread.java:1596)&#10;        at java.base@21.0.7/java.lang.Thread.run(Thread.java:1583)&#10;&quot;IPC Server handler 84 on default port 15001&quot; daemon prio=5 tid=310 timed_waiting&#10;java.lang.Thread.State: TIMED_WAITING&#10;        at java.base@21.0.7/jdk.internal.misc.Unsafe.park(Native Method)&#10;        at java.base@21.0.7/java.util.concurrent.locks.LockSupport.parkNanos(LockSupport.java:269)&#10;        at java.base@21.0.7/java.util.concurrent.locks.AbstractQueuedSynchronizer$ConditionObject.awaitNanos(AbstractQueuedSynchronizer.java:1763)&#10;        at java.base@21.0.7/java.util.concurrent.LinkedBlockingQueue.poll(LinkedBlockingQueue.java:460)&#10;        at app//org.apache.hadoop.ipc.CallQueueManager.take(CallQueueManager.java:370)&#10;        at app//org.apache.hadoop.ipc.Server$Handler.run(Server.java:3165)&#10;&quot;Socket Reader #9 for port 15035&quot;  prio=5 tid=728 runnable&#10;java.lang.Thread.State: RUNNABLE&#10;        at java.base@21.0.7/sun.nio.ch.EPoll.wait(Native Method)&#10;        at java.base@21.0.7/sun.nio.ch.EPollSelectorImpl.doSelect(EPollSelectorImpl.java:121)&#10;        at java.base@21.0.7/sun.nio.ch.SelectorImpl.lockAndDoSelect(SelectorImpl.java:130)&#10;        at java.base@21.0.7/sun.nio.ch.SelectorImpl.select(SelectorImpl.java:147)&#10;        at app//org.apache.hadoop.ipc.Server$Listener$Reader.doRunLoop(Server.java:1497)&#10;        at app//org.apache.hadoop.ipc.Server$Listener$Reader.run(Server.java:1476)&#10;&quot;EventQueue-DeadNodeForDeadNodeHandler&quot; daemon prio=5 tid=1051 in Object.wait()&#10;java.lang.Thread.State: WAITING (on object monitor)&#10;        at java.base@21.0.7/jdk.internal.misc.Unsafe.park(Native Method)&#10;        at java.base@21.0.7/java.util.concurrent.locks.LockSupport.park(LockSupport.java:371)&#10;        at java.base@21.0.7/java.util.concurrent.locks.AbstractQueuedSynchronizer$ConditionNode.block(AbstractQueuedSynchronizer.java:519)&#10;        at java.base@21.0.7/java.util.concurrent.ForkJoinPool.unmanagedBlock(ForkJoinPool.java:3780)&#10;        at java.base@21.0.7/java.util.concurrent.ForkJoinPool.managedBlock(ForkJoinPool.java:3725)&#10;        at java.base@21.0.7/java.util.concurrent.locks.AbstractQueuedSynchronizer$ConditionObject.await(AbstractQueuedSynchronizer.java:1712)&#10;        at java.base@21.0.7/java.util.concurrent.LinkedBlockingQueue.take(LinkedBlockingQueue.java:435)&#10;        at java.base@21.0.7/java.util.concurrent.ThreadPoolExecutor.getTask(ThreadPoolExecutor.java:1070)&#10;        at java.base@21.0.7/java.util.concurrent.ThreadPoolExecutor.runWorker(ThreadPoolExecutor.java:1130)&#10;        at java.base@21.0.7/java.util.concurrent.ThreadPoolExecutor$Worker.run(ThreadPoolExecutor.java:642)&#10;        at java.base@21.0.7/java.lang.Thread.runWith(Thread.java:1596)&#10;        at java.base@21.0.7/java.lang.Thread.run(Thread.java:1583)&#10;&quot;IPC Server handler 69 on default port 15002&quot; daemon prio=5 tid=413 timed_waiting&#10;java.lang.Thread.State: TIMED_WAITING&#10;        at java.base@21.0.7/jdk.internal.misc.Unsafe.park(Native Method)&#10;        at java.base@21.0.7/java.util.concurrent.locks.LockSupport.parkNanos(LockSupport.java:269)&#10;        at java.base@21.0.7/java.util.concurrent.locks.AbstractQueuedSynchronizer$ConditionObject.awaitNanos(AbstractQueuedSynchronizer.java:1763)&#10;        at java.base@21.0.7/java.util.concurrent.LinkedBlockingQueue.poll(LinkedBlockingQueue.java:460)&#10;        at app//org.apache.hadoop.ipc.CallQueueManager.take(CallQueueManager.java:370)&#10;        at app//org.apache.hadoop.ipc.Server$Handler.run(Server.java:3165)&#10;&quot;Socket Reader #2 for port 15035&quot;  prio=5 tid=721 runnable&#10;java.lang.Thread.State: RUNNABLE&#10;        at java.base@21.0.7/sun.nio.ch.EPoll.wait(Native Method)&#10;        at java.base@21.0.7/sun.nio.ch.EPollSelectorImpl.doSelect(EPollSelectorImpl.java:121)&#10;        at java.base@21.0.7/sun.nio.ch.SelectorImpl.lockAndDoSelect(SelectorImpl.java:130)&#10;        at java.base@21.0.7/sun.nio.ch.SelectorImpl.select(SelectorImpl.java:147)&#10;        at app//org.apache.hadoop.ipc.Server$Listener$Reader.doRunLoop(Server.java:1497)&#10;        at app//org.apache.hadoop.ipc.Server$Listener$Reader.run(Server.java:1476)&#10;&quot;Hadoop-Metrics-Updater-0&quot; daemon prio=5 tid=107 timed_waiting&#10;java.lang.Thread.State: TIMED_WAITING&#10;        at java.base@21.0.7/jdk.internal.misc.Unsafe.park(Native Method)&#10;        at java.base@21.0.7/java.util.concurrent.locks.LockSupport.parkNanos(LockSupport.java:269)&#10;        at java.base@21.0.7/java.util.concurrent.locks.AbstractQueuedSynchronizer$ConditionObject.awaitNanos(AbstractQueuedSynchronizer.java:1763)&#10;        at java.base@21.0.7/java.util.concurrent.ScheduledThreadPoolExecutor$DelayedWorkQueue.take(ScheduledThreadPoolExecutor.java:1182)&#10;        at java.base@21.0.7/java.util.concurrent.ScheduledThreadPoolExecutor$DelayedWorkQueue.take(ScheduledThreadPoolExecutor.java:899)&#10;        at java.base@21.0.7/java.util.concurrent.ThreadPoolExecutor.getTask(ThreadPoolExecutor.java:1070)&#10;        at java.base@21.0.7/java.util.concurrent.ThreadPoolExecutor.runWorker(ThreadPoolExecutor.java:1130)&#10;        at java.base@21.0.7/java.util.concurrent.ThreadPoolExecutor$Worker.run(ThreadPoolExecutor.java:642)&#10;        at java.base@21.0.7/java.lang.Thread.runWith(Thread.java:1596)&#10;        at java.base@21.0.7/java.lang.Thread.run(Thread.java:1583)&#10;&quot;Socket Reader #7 for port 15000&quot;  prio=5 tid=101 runnable&#10;java.lang.Thread.State: RUNNABLE&#10;        at java.base@21.0.7/sun.nio.ch.EPoll.wait(Native Method)&#10;        at java.base@21.0.7/sun.nio.ch.EPollSelectorImpl.doSelect(EPollSelectorImpl.java:121)&#10;        at java.base@21.0.7/sun.nio.ch.SelectorImpl.lockAndDoSelect(SelectorImpl.java:130)&#10;        at java.base@21.0.7/sun.nio.ch.SelectorImpl.select(SelectorImpl.java:147)&#10;        at app//org.apache.hadoop.ipc.Server$Listener$Reader.doRunLoop(Server.java:1497)&#10;        at app//org.apache.hadoop.ipc.Server$Listener$Reader.run(Server.java:1476)&#10;&quot;IPC Server handler 32 on default port 15002&quot; daemon prio=5 tid=376 timed_waiting&#10;java.lang.Thread.State: TIMED_WAITING&#10;        at java.base@21.0.7/jdk.internal.misc.Unsafe.park(Native Method)&#10;        at java.base@21.0.7/java.util.concurrent.locks.LockSupport.parkNanos(LockSupport.java:269)&#10;        at java.base@21.0.7/java.util.concurrent.locks.AbstractQueuedSynchronizer$ConditionObject.awaitNanos(AbstractQueuedSynchronizer.java:1763)&#10;        at java.base@21.0.7/java.util.concurrent.LinkedBlockingQueue.poll(LinkedBlockingQueue.java:460)&#10;        at app//org.apache.hadoop.ipc.CallQueueManager.take(CallQueueManager.java:370)&#10;        at app//org.apache.hadoop.ipc.Server$Handler.run(Server.java:3165)&#10;&quot;IPC Server handler 0 on default port 15019&quot; daemon prio=5 tid=601 timed_waiting&#10;java.lang.Thread.State: TIMED_WAITING&#10;        at java.base@21.0.7/jdk.internal.misc.Unsafe.park(Native Method)&#10;        at java.base@21.0.7/java.util.concurrent.locks.LockSupport.parkNanos(LockSupport.java:269)&#10;        at java.base@21.0.7/java.util.concurrent.locks.AbstractQueuedSynchronizer$ConditionObject.awaitNanos(AbstractQueuedSynchronizer.java:1763)&#10;        at java.base@21.0.7/java.util.concurrent.LinkedBlockingQueue.poll(LinkedBlockingQueue.java:460)&#10;        at app//org.apache.hadoop.ipc.CallQueueManager.take(CallQueueManager.java:370)&#10;        at app//org.apache.hadoop.ipc.Server$Handler.run(Server.java:3165)&#10;&quot;FixedThreadPoolWithAffinityExecutor-8-0&quot; daemon prio=5 tid=116 timed_waiting&#10;java.lang.Thread.State: TIMED_WAITING&#10;        at java.base@21.0.7/jdk.internal.misc.Unsafe.park(Native Method)&#10;        at java.base@21.0.7/java.util.concurrent.locks.LockSupport.parkNanos(LockSupport.java:269)&#10;        at java.base@21.0.7/java.util.concurrent.locks.AbstractQueuedSynchronizer$ConditionObject.awaitNanos(AbstractQueuedSynchronizer.java:1763)&#10;        at java.base@21.0.7/java.util.concurrent.LinkedBlockingQueue.poll(LinkedBlockingQueue.java:460)&#10;        at app//org.apache.hadoop.hdds.scm.server.ContainerReportQueue.poll(ContainerReportQueue.java:269)&#10;        at app//org.apache.hadoop.hdds.scm.server.ContainerReportQueue.poll(ContainerReportQueue.java:42)&#10;        at app//org.apache.hadoop.hdds.server.events.FixedThreadPoolWithAffinityExecutor$ContainerReportProcessTask.run(FixedThreadPoolWithAffinityExecutor.java:228)&#10;        at java.base@21.0.7/java.util.concurrent.Executors$RunnableAdapter.call(Executors.java:572)&#10;        at java.base@21.0.7/java.util.concurrent.FutureTask.run(FutureTask.java:317)&#10;        at java.base@21.0.7/java.util.concurrent.ThreadPoolExecutor.runWorker(ThreadPoolExecutor.java:1144)&#10;        at java.base@21.0.7/java.util.concurrent.ThreadPoolExecutor$Worker.run(ThreadPoolExecutor.java:642)&#10;        at java.base@21.0.7/java.lang.Thread.runWith(Thread.java:1596)&#10;        at java.base@21.0.7/java.lang.Thread.run(Thread.java:1583)&#10;&quot;IPC Server handler 69 on default port 15000&quot; daemon prio=5 tid=195 timed_waiting&#10;java.lang.Thread.State: TIMED_WAITING&#10;        at java.base@21.0.7/jdk.internal.misc.Unsafe.park(Native Method)&#10;        at java.base@21.0.7/java.util.concurrent.locks.LockSupport.parkNanos(LockSupport.java:269)&#10;        at java.base@21.0.7/java.util.concurrent.locks.AbstractQueuedSynchronizer$ConditionObject.awaitNanos(AbstractQueuedSynchronizer.java:1763)&#10;        at java.base@21.0.7/java.util.concurrent.LinkedBlockingQueue.poll(LinkedBlockingQueue.java:460)&#10;        at app//org.apache.hadoop.ipc.CallQueueManager.take(CallQueueManager.java:370)&#10;        at app//org.apache.hadoop.ipc.Server$Handler.run(Server.java:3165)&#10;&quot;IPC Server handler 15 on default port 15000&quot; daemon prio=5 tid=141 timed_waiting&#10;java.lang.Thread.State: TIMED_WAITING&#10;        at java.base@21.0.7/jdk.internal.misc.Unsafe.park(Native Method)&#10;        at java.base@21.0.7/java.util.concurrent.locks.LockSupport.parkNanos(LockSupport.java:269)&#10;        at java.base@21.0.7/java.util.concurrent.locks.AbstractQueuedSynchronizer$ConditionObject.awaitNanos(AbstractQueuedSynchronizer.java:1763)&#10;        at java.base@21.0.7/java.util.concurrent.LinkedBlockingQueue.poll(LinkedBlockingQueue.java:460)&#10;        at app//org.apache.hadoop.ipc.CallQueueManager.take(CallQueueManager.java:370)&#10;        at app//org.apache.hadoop.ipc.Server$Handler.run(Server.java:3165)&#10;&quot;IPC Server handler 8 on default port 15027&quot; daemon prio=5 tid=661 timed_waiting&#10;java.lang.Thread.State: TIMED_WAITING&#10;        at java.base@21.0.7/jdk.internal.misc.Unsafe.park(Native Method)&#10;        at java.base@21.0.7/java.util.concurrent.locks.LockSupport.parkNanos(LockSupport.java:269)&#10;        at java.base@21.0.7/java.util.concurrent.locks.AbstractQueuedSynchronizer$ConditionObject.awaitNanos(AbstractQueuedSynchronizer.java:1763)&#10;        at java.base@21.0.7/java.util.concurrent.LinkedBlockingQueue.poll(LinkedBlockingQueue.java:460)&#10;        at app//org.apache.hadoop.ipc.CallQueueManager.take(CallQueueManager.java:370)&#10;        at app//org.apache.hadoop.ipc.Server$Handler.run(Server.java:3165)&#10;&quot;IPC Server listener on 15043&quot; daemon prio=5 tid=774 runnable&#10;java.lang.Thread.State: RUNNABLE&#10;        at java.base@21.0.7/sun.nio.ch.EPoll.wait(Native Method)&#10;        at java.base@21.0.7/sun.nio.ch.EPollSelectorImpl.doSelect(EPollSelectorImpl.java:121)&#10;        at java.base@21.0.7/sun.nio.ch.SelectorImpl.lockAndDoSelect(SelectorImpl.java:130)&#10;        at java.base@21.0.7/sun.nio.ch.SelectorImpl.select(SelectorImpl.java:147)&#10;        at app//org.apache.hadoop.ipc.Server$Listener.run(Server.java:1559)&#10;&quot;2b1bfca1-1fdc-4b0a-9b4d-c21112718afa-ChunkReader-ELG-0&quot; daemon prio=5 tid=835 runnable&#10;java.lang.Thread.State: RUNNABLE&#10;        at app//org.apache.ratis.thirdparty.io.netty.channel.epoll.Native.epollWait(Native Method)&#10;        at app//org.apache.ratis.thirdparty.io.netty.channel.epoll.Native.epollWait(Native.java:220)&#10;        at app//org.apache.ratis.thirdparty.io.netty.channel.epoll.Native.epollWait(Native.java:213)&#10;        at app//org.apache.ratis.thirdparty.io.netty.channel.epoll.EpollEventLoop.epollWaitNoTimerChange(EpollEventLoop.java:308)&#10;        at app//org.apache.ratis.thirdparty.io.netty.channel.epoll.EpollEventLoop.run(EpollEventLoop.java:365)&#10;        at app//org.apache.ratis.thirdparty.io.netty.util.concurrent.SingleThreadEventExecutor$4.run(SingleThreadEventExecutor.java:997)&#10;        at app//org.apache.ratis.thirdparty.io.netty.util.internal.ThreadExecutorMap$2.run(ThreadExecutorMap.java:74)&#10;        at java.base@21.0.7/java.lang.Thread.runWith(Thread.java:1596)&#10;        at java.base@21.0.7/java.lang.Thread.run(Thread.java:1583)&#10;&quot;qtp2014583896-334&quot; daemon prio=5 tid=334 timed_waiting&#10;java.lang.Thread.State: TIMED_WAITING&#10;        at java.base@21.0.7/jdk.internal.misc.Unsafe.park(Native Method)&#10;        at java.base@21.0.7/java.util.concurrent.locks.LockSupport.parkNanos(LockSupport.java:269)&#10;        at java.base@21.0.7/java.util.concurrent.locks.AbstractQueuedSynchronizer$ConditionObject.awaitNanos(AbstractQueuedSynchronizer.java:1763)&#10;        at app//org.eclipse.jetty.util.BlockingArrayQueue.poll(BlockingArrayQueue.java:382)&#10;        at app//org.eclipse.jetty.util.thread.QueuedThreadPool$Runner.idleJobPoll(QueuedThreadPool.java:974)&#10;        at app//org.eclipse.jetty.util.thread.QueuedThreadPool$Runner.run(QueuedThreadPool.java:1018)&#10;        at java.base@21.0.7/java.lang.Thread.runWith(Thread.java:1596)&#10;        at java.base@21.0.7/java.lang.Thread.run(Thread.java:1583)&#10;&quot;FixedThreadPoolWithAffinityExecutor-5-0&quot; daemon prio=5 tid=113 timed_waiting&#10;java.lang.Thread.State: TIMED_WAITING&#10;        at java.base@21.0.7/jdk.internal.misc.Unsafe.park(Native Method)&#10;        at java.base@21.0.7/java.util.concurrent.locks.LockSupport.parkNanos(LockSupport.java:269)&#10;        at java.base@21.0.7/java.util.concurrent.locks.AbstractQueuedSynchronizer$ConditionObject.awaitNanos(AbstractQueuedSynchronizer.java:1763)&#10;        at java.base@21.0.7/java.util.concurrent.LinkedBlockingQueue.poll(LinkedBlockingQueue.java:460)&#10;        at app//org.apache.hadoop.hdds.scm.server.ContainerReportQueue.poll(ContainerReportQueue.java:269)&#10;        at app//org.apache.hadoop.hdds.scm.server.ContainerReportQueue.poll(ContainerReportQueue.java:42)&#10;        at app//org.apache.hadoop.hdds.server.events.FixedThreadPoolWithAffinityExecutor$ContainerReportProcessTask.run(FixedThreadPoolWithAffinityExecutor.java:228)&#10;        at java.base@21.0.7/java.util.concurrent.Executors$RunnableAdapter.call(Executors.java:572)&#10;        at java.base@21.0.7/java.util.concurrent.FutureTask.run(FutureTask.java:317)&#10;        at java.base@21.0.7/java.util.concurrent.ThreadPoolExecutor.runWorker(ThreadPoolExecutor.java:1144)&#10;        at java.base@21.0.7/java.util.concurrent.ThreadPoolExecutor$Worker.run(ThreadPoolExecutor.java:642)&#10;        at java.base@21.0.7/java.lang.Thread.runWith(Thread.java:1596)&#10;        at java.base@21.0.7/java.lang.Thread.run(Thread.java:1583)&#10;&quot;IPC Server handler 85 on default port 15000&quot; daemon prio=5 tid=211 timed_waiting&#10;java.lang.Thread.State: TIMED_WAITING&#10;        at java.base@21.0.7/jdk.internal.misc.Unsafe.park(Native Method)&#10;        at java.base@21.0.7/java.util.concurrent.locks.LockSupport.parkNanos(LockSupport.java:269)&#10;        at java.base@21.0.7/java.util.concurrent.locks.AbstractQueuedSynchronizer$ConditionObject.awaitNanos(AbstractQueuedSynchronizer.java:1763)&#10;        at java.base@21.0.7/java.util.concurrent.LinkedBlockingQueue.poll(LinkedBlockingQueue.java:460)&#10;        at app//org.apache.hadoop.ipc.CallQueueManager.take(CallQueueManager.java:370)&#10;        at app//org.apache.hadoop.ipc.Server$Handler.run(Server.java:3165)&#10;&quot;IPC Server handler 23 on default port 15000&quot; daemon prio=5 tid=149 timed_waiting&#10;java.lang.Thread.State: TIMED_WAITING&#10;        at java.base@21.0.7/jdk.internal.misc.Unsafe.park(Native Method)&#10;        at java.base@21.0.7/java.util.concurrent.locks.LockSupport.parkNanos(LockSupport.java:269)&#10;        at java.base@21.0.7/java.util.concurrent.locks.AbstractQueuedSynchronizer$ConditionObject.awaitNanos(AbstractQueuedSynchronizer.java:1763)&#10;        at java.base@21.0.7/java.util.concurrent.LinkedBlockingQueue.poll(LinkedBlockingQueue.java:460)&#10;        at app//org.apache.hadoop.ipc.CallQueueManager.take(CallQueueManager.java:370)&#10;        at app//org.apache.hadoop.ipc.Server$Handler.run(Server.java:3165)&#10;&quot;IPC Server handler 46 on default port 15000&quot; daemon prio=5 tid=172 timed_waiting&#10;java.lang.Thread.State: TIMED_WAITING&#10;        at java.base@21.0.7/jdk.internal.misc.Unsafe.park(Native Method)&#10;        at java.base@21.0.7/java.util.concurrent.locks.LockSupport.parkNanos(LockSupport.java:269)&#10;        at java.base@21.0.7/java.util.concurrent.locks.AbstractQueuedSynchronizer$ConditionObject.awaitNanos(AbstractQueuedSynchronizer.java:1763)&#10;        at java.base@21.0.7/java.util.concurrent.LinkedBlockingQueue.poll(LinkedBlockingQueue.java:460)&#10;        at app//org.apache.hadoop.ipc.CallQueueManager.take(CallQueueManager.java:370)&#10;        at app//org.apache.hadoop.ipc.Server$Handler.run(Server.java:3165)&#10;&quot;qtp207012443-630&quot; daemon prio=5 tid=630 timed_waiting&#10;java.lang.Thread.State: TIMED_WAITING&#10;        at java.base@21.0.7/jdk.internal.misc.Unsafe.park(Native Method)&#10;        at java.base@21.0.7/java.util.concurrent.locks.LockSupport.parkNanos(LockSupport.java:269)&#10;        at java.base@21.0.7/java.util.concurrent.locks.AbstractQueuedSynchronizer$ConditionObject.awaitNanos(AbstractQueuedSynchronizer.java:1763)&#10;        at app//org.eclipse.jetty.util.BlockingArrayQueue.poll(BlockingArrayQueue.java:382)&#10;        at app//org.eclipse.jetty.util.thread.QueuedThreadPool$Runner.idleJobPoll(QueuedThreadPool.java:974)&#10;        at app//org.eclipse.jetty.util.thread.QueuedThreadPool$Runner.run(QueuedThreadPool.java:1018)&#10;        at java.base@21.0.7/java.lang.Thread.runWith(Thread.java:1596)&#10;        at java.base@21.0.7/java.lang.Thread.run(Thread.java:1583)&#10;&quot;EventQueue-DatanodeCommandQueueUpdatedForDatanodeCommandCountUpdatedHandler&quot; daemon prio=5 tid=840 in Object.wait()&#10;java.lang.Thread.State: WAITING (on object monitor)&#10;        at java.base@21.0.7/jdk.internal.misc.Unsafe.park(Native Method)&#10;        at java.base@21.0.7/java.util.concurrent.locks.LockSupport.park(LockSupport.java:371)&#10;        at java.base@21.0.7/java.util.concurrent.locks.AbstractQueuedSynchronizer$ConditionNode.block(AbstractQueuedSynchronizer.java:519)&#10;        at java.base@21.0.7/java.util.concurrent.ForkJoinPool.unmanagedBlock(ForkJoinPool.java:3780)&#10;        at java.base@21.0.7/java.util.concurrent.ForkJoinPool.managedBlock(ForkJoinPool.java:3725)&#10;        at java.base@21.0.7/java.util.concurrent.locks.AbstractQueuedSynchronizer$ConditionObject.await(AbstractQueuedSynchronizer.java:1712)&#10;        at java.base@21.0.7/java.util.concurrent.LinkedBlockingQueue.take(LinkedBlockingQueue.java:435)&#10;        at java.base@21.0.7/java.util.concurrent.ThreadPoolExecutor.getTask(ThreadPoolExecutor.java:1070)&#10;        at java.base@21.0.7/java.util.concurrent.ThreadPoolExecutor.runWorker(ThreadPoolExecutor.java:1130)&#10;        at java.base@21.0.7/java.util.concurrent.ThreadPoolExecutor$Worker.run(ThreadPoolExecutor.java:642)&#10;        at java.base@21.0.7/java.lang.Thread.runWith(Thread.java:1596)&#10;        at java.base@21.0.7/java.lang.Thread.run(Thread.java:1583)&#10;&quot;IPC Server handler 41 on default port 15002&quot; daemon prio=5 tid=385 timed_waiting&#10;java.lang.Thread.State: TIMED_WAITING&#10;        at java.base@21.0.7/jdk.internal.misc.Unsafe.park(Native Method)&#10;        at java.base@21.0.7/java.util.concurrent.locks.LockSupport.parkNanos(LockSupport.java:269)&#10;        at java.base@21.0.7/java.util.concurrent.locks.AbstractQueuedSynchronizer$ConditionObject.awaitNanos(AbstractQueuedSynchronizer.java:1763)&#10;        at java.base@21.0.7/java.util.concurrent.LinkedBlockingQueue.poll(LinkedBlockingQueue.java:460)&#10;        at app//org.apache.hadoop.ipc.CallQueueManager.take(CallQueueManager.java:370)&#10;        at app//org.apache.hadoop.ipc.Server$Handler.run(Server.java:3165)&#10;&quot;IPC Client (305799597) connection to 0.0.0.0/0.0.0.0:15000 from runner&quot; daemon prio=5 tid=1026 timed_waiting&#10;java.lang.Thread.State: TIMED_WAITING&#10;        at java.base@21.0.7/java.lang.Object.wait0(Native Method)&#10;        at java.base@21.0.7/java.lang.Object.wait(Object.java:366)&#10;        at app//org.apache.hadoop.ipc.Client$Connection.waitForWork(Client.java:1042)&#10;        at app//org.apache.hadoop.ipc.Client$Connection.run(Client.java:1093)&#10;&quot;Socket Reader #10 for port 15006&quot;  prio=5 tid=465 runnable&#10;java.lang.Thread.State: RUNNABLE&#10;        at java.base@21.0.7/sun.nio.ch.EPoll.wait(Native Method)&#10;        at java.base@21.0.7/sun.nio.ch.EPollSelectorImpl.doSelect(EPollSelectorImpl.java:121)&#10;        at java.base@21.0.7/sun.nio.ch.SelectorImpl.lockAndDoSelect(SelectorImpl.java:130)&#10;        at java.base@21.0.7/sun.nio.ch.SelectorImpl.select(SelectorImpl.java:147)&#10;        at app//org.apache.hadoop.ipc.Server$Listener$Reader.doRunLoop(Server.java:1497)&#10;        at app//org.apache.hadoop.ipc.Server$Listener$Reader.run(Server.java:1476)&#10;&quot;IPC Parameter Sending Thread for 0.0.0.0/0.0.0.0:15002&quot; daemon prio=5 tid=638 timed_waiting&#10;java.lang.Thread.State: TIMED_WAITING&#10;        at java.base@21.0.7/jdk.internal.misc.Unsafe.park(Native Method)&#10;        at java.base@21.0.7/java.util.concurrent.locks.LockSupport.parkNanos(LockSupport.java:410)&#10;        at java.base@21.0.7/java.util.concurrent.LinkedTransferQueue$DualNode.await(LinkedTransferQueue.java:452)&#10;        at java.base@21.0.7/java.util.concurrent.LinkedTransferQueue.xfer(LinkedTransferQueue.java:613)&#10;        at java.base@21.0.7/java.util.concurrent.SynchronousQueue.xfer(SynchronousQueue.java:235)&#10;        at java.base@21.0.7/java.util.concurrent.SynchronousQueue.poll(SynchronousQueue.java:338)&#10;        at app//org.apache.hadoop.ipc.Client$Connection$RpcRequestSender.run(Client.java:1121)&#10;        at java.base@21.0.7/java.lang.Thread.runWith(Thread.java:1596)&#10;        at java.base@21.0.7/java.lang.Thread.run(Thread.java:1583)&#10;&quot;IPC Server handler 51 on default port 15000&quot; daemon prio=5 tid=177 timed_waiting&#10;java.lang.Thread.State: TIMED_WAITING&#10;        at java.base@21.0.7/jdk.internal.misc.Unsafe.park(Native Method)&#10;        at java.base@21.0.7/java.util.concurrent.locks.LockSupport.parkNanos(LockSupport.java:269)&#10;        at java.base@21.0.7/java.util.concurrent.locks.AbstractQueuedSynchronizer$ConditionObject.awaitNanos(AbstractQueuedSynchronizer.java:1763)&#10;        at java.base@21.0.7/java.util.concurrent.LinkedBlockingQueue.poll(LinkedBlockingQueue.java:460)&#10;        at app//org.apache.hadoop.ipc.CallQueueManager.take(CallQueueManager.java:370)&#10;        at app//org.apache.hadoop.ipc.Server$Handler.run(Server.java:3165)&#10;&quot;IPC Server handler 21 on default port 15001&quot; daemon prio=5 tid=247 timed_waiting&#10;java.lang.Thread.State: TIMED_WAITING&#10;        at java.base@21.0.7/jdk.internal.misc.Unsafe.park(Native Method)&#10;        at java.base@21.0.7/java.util.concurrent.locks.LockSupport.parkNanos(LockSupport.java:269)&#10;        at java.base@21.0.7/java.util.concurrent.locks.AbstractQueuedSynchronizer$ConditionObject.awaitNanos(AbstractQueuedSynchronizer.java:1763)&#10;        at java.base@21.0.7/java.util.concurrent.LinkedBlockingQueue.poll(LinkedBlockingQueue.java:460)&#10;        at app//org.apache.hadoop.ipc.CallQueueManager.take(CallQueueManager.java:370)&#10;        at app//org.apache.hadoop.ipc.Server$Handler.run(Server.java:3165)&#10;&quot;IPC Server handler 59 on default port 15001&quot; daemon prio=5 tid=285 timed_waiting&#10;java.lang.Thread.State: TIMED_WAITING&#10;        at java.base@21.0.7/jdk.internal.misc.Unsafe.park(Native Method)&#10;        at java.base@21.0.7/java.util.concurrent.locks.LockSupport.parkNanos(LockSupport.java:269)&#10;        at java.base@21.0.7/java.util.concurrent.locks.AbstractQueuedSynchronizer$ConditionObject.awaitNanos(AbstractQueuedSynchronizer.java:1763)&#10;        at java.base@21.0.7/java.util.concurrent.LinkedBlockingQueue.poll(LinkedBlockingQueue.java:460)&#10;        at app//org.apache.hadoop.ipc.CallQueueManager.take(CallQueueManager.java:370)&#10;        at app//org.apache.hadoop.ipc.Server$Handler.run(Server.java:3165)&#10;&quot;FixedThreadPoolWithAffinityExecutor-7-0&quot; daemon prio=5 tid=115 timed_waiting&#10;java.lang.Thread.State: TIMED_WAITING&#10;        at java.base@21.0.7/jdk.internal.misc.Unsafe.park(Native Method)&#10;        at java.base@21.0.7/java.util.concurrent.locks.LockSupport.parkNanos(LockSupport.java:269)&#10;        at java.base@21.0.7/java.util.concurrent.locks.AbstractQueuedSynchronizer$ConditionObject.awaitNanos(AbstractQueuedSynchronizer.java:1763)&#10;        at java.base@21.0.7/java.util.concurrent.LinkedBlockingQueue.poll(LinkedBlockingQueue.java:460)&#10;        at app//org.apache.hadoop.hdds.scm.server.ContainerReportQueue.poll(ContainerReportQueue.java:269)&#10;        at app//org.apache.hadoop.hdds.scm.server.ContainerReportQueue.poll(ContainerReportQueue.java:42)&#10;        at app//org.apache.hadoop.hdds.server.events.FixedThreadPoolWithAffinityExecutor$ContainerReportProcessTask.run(FixedThreadPoolWithAffinityExecutor.java:228)&#10;        at java.base@21.0.7/java.util.concurrent.Executors$RunnableAdapter.call(Executors.java:572)&#10;        at java.base@21.0.7/java.util.concurrent.FutureTask.run(FutureTask.java:317)&#10;        at java.base@21.0.7/java.util.concurrent.ThreadPoolExecutor.runWorker(ThreadPoolExecutor.java:1144)&#10;        at java.base@21.0.7/java.util.concurrent.ThreadPoolExecutor$Worker.run(ThreadPoolExecutor.java:642)&#10;        at java.base@21.0.7/java.lang.Thread.runWith(Thread.java:1596)&#10;        at java.base@21.0.7/java.lang.Thread.run(Thread.java:1583)&#10;&quot;Socket Reader #10 for port 15035&quot;  prio=5 tid=729 runnable&#10;java.lang.Thread.State: RUNNABLE&#10;        at java.base@21.0.7/sun.nio.ch.EPoll.wait(Native Method)&#10;        at java.base@21.0.7/sun.nio.ch.EPollSelectorImpl.doSelect(EPollSelectorImpl.java:121)&#10;        at java.base@21.0.7/sun.nio.ch.SelectorImpl.lockAndDoSelect(SelectorImpl.java:130)&#10;        at java.base@21.0.7/sun.nio.ch.SelectorImpl.select(SelectorImpl.java:147)&#10;        at app//org.apache.hadoop.ipc.Server$Listener$Reader.doRunLoop(Server.java:1497)&#10;        at app//org.apache.hadoop.ipc.Server$Listener$Reader.run(Server.java:1476)&#10;&quot;IPC Server handler 51 on default port 15001&quot; daemon prio=5 tid=277 timed_waiting&#10;java.lang.Thread.State: TIMED_WAITING&#10;        at java.base@21.0.7/jdk.internal.misc.Unsafe.park(Native Method)&#10;        at java.base@21.0.7/java.util.concurrent.locks.LockSupport.parkNanos(LockSupport.java:269)&#10;        at java.base@21.0.7/java.util.concurrent.locks.AbstractQueuedSynchronizer$ConditionObject.awaitNanos(AbstractQueuedSynchronizer.java:1763)&#10;        at java.base@21.0.7/java.util.concurrent.LinkedBlockingQueue.poll(LinkedBlockingQueue.java:460)&#10;        at app//org.apache.hadoop.ipc.CallQueueManager.take(CallQueueManager.java:370)&#10;        at app//org.apache.hadoop.ipc.Server$Handler.run(Server.java:3165)&#10;&quot;Socket Reader #2 for port 15002&quot;  prio=5 tid=68 runnable&#10;java.lang.Thread.State: RUNNABLE&#10;        at java.base@21.0.7/sun.nio.ch.EPoll.wait(Native Method)&#10;        at java.base@21.0.7/sun.nio.ch.EPollSelectorImpl.doSelect(EPollSelectorImpl.java:121)&#10;        at java.base@21.0.7/sun.nio.ch.SelectorImpl.lockAndDoSelect(SelectorImpl.java:130)&#10;        at java.base@21.0.7/sun.nio.ch.SelectorImpl.select(SelectorImpl.java:147)&#10;        at app//org.apache.hadoop.ipc.Server$Listener$Reader.doRunLoop(Server.java:1497)&#10;        at app//org.apache.hadoop.ipc.Server$Listener$Reader.run(Server.java:1476)&#10;&quot;IPC Server handler 14 on default port 15002&quot; daemon prio=5 tid=358 timed_waiting&#10;java.lang.Thread.State: TIMED_WAITING&#10;        at java.base@21.0.7/jdk.internal.misc.Unsafe.park(Native Method)&#10;        at java.base@21.0.7/java.util.concurrent.locks.LockSupport.parkNanos(LockSupport.java:269)&#10;        at java.base@21.0.7/java.util.concurrent.locks.AbstractQueuedSynchronizer$ConditionObject.awaitNanos(AbstractQueuedSynchronizer.java:1763)&#10;        at java.base@21.0.7/java.util.concurrent.LinkedBlockingQueue.poll(LinkedBlockingQueue.java:460)&#10;        at app//org.apache.hadoop.ipc.CallQueueManager.take(CallQueueManager.java:370)&#10;        at app//org.apache.hadoop.ipc.Server$Handler.run(Server.java:3165)&#10;&quot;SCMBlockDeletingService#0&quot; daemon prio=5 tid=326 timed_waiting&#10;java.lang.Thread.State: TIMED_WAITING&#10;        at java.base@21.0.7/jdk.internal.misc.Unsafe.park(Native Method)&#10;        at java.base@21.0.7/java.util.concurrent.locks.LockSupport.parkNanos(LockSupport.java:269)&#10;        at java.base@21.0.7/java.util.concurrent.locks.AbstractQueuedSynchronizer$ConditionObject.awaitNanos(AbstractQueuedSynchronizer.java:1763)&#10;        at java.base@21.0.7/java.util.concurrent.ScheduledThreadPoolExecutor$DelayedWorkQueue.take(ScheduledThreadPoolExecutor.java:1182)&#10;        at java.base@21.0.7/java.util.concurrent.ScheduledThreadPoolExecutor$DelayedWorkQueue.take(ScheduledThreadPoolExecutor.java:899)&#10;        at java.base@21.0.7/java.util.concurrent.ThreadPoolExecutor.getTask(ThreadPoolExecutor.java:1070)&#10;        at java.base@21.0.7/java.util.concurrent.ThreadPoolExecutor.runWorker(ThreadPoolExecutor.java:1130)&#10;        at java.base@21.0.7/java.util.concurrent.ThreadPoolExecutor$Worker.run(ThreadPoolExecutor.java:642)&#10;        at java.base@21.0.7/java.lang.Thread.runWith(Thread.java:1596)&#10;        at java.base@21.0.7/java.lang.Thread.run(Thread.java:1583)&#10;&quot;IPC Server handler 12 on default port 15002&quot; daemon prio=5 tid=356 timed_waiting&#10;java.lang.Thread.State: TIMED_WAITING&#10;        at java.base@21.0.7/jdk.internal.misc.Unsafe.park(Native Method)&#10;        at java.base@21.0.7/java.util.concurrent.locks.LockSupport.parkNanos(LockSupport.java:269)&#10;        at java.base@21.0.7/java.util.concurrent.locks.AbstractQueuedSynchronizer$ConditionObject.awaitNanos(AbstractQueuedSynchronizer.java:1763)&#10;        at java.base@21.0.7/java.util.concurrent.LinkedBlockingQueue.poll(LinkedBlockingQueue.java:460)&#10;        at app//org.apache.hadoop.ipc.CallQueueManager.take(CallQueueManager.java:370)&#10;        at app//org.apache.hadoop.ipc.Server$Handler.run(Server.java:3165)&#10;&quot;om1@group-C5BA1605619E-SegmentedRaftLogWorker&quot;  prio=5 tid=470 timed_waiting&#10;java.lang.Thread.State: TIMED_WAITING&#10;        at java.base@21.0.7/jdk.internal.misc.Unsafe.park(Native Method)&#10;        at java.base@21.0.7/java.util.concurrent.locks.LockSupport.parkNanos(LockSupport.java:269)&#10;        at java.base@21.0.7/java.util.concurrent.locks.AbstractQueuedSynchronizer$ConditionObject.awaitNanos(AbstractQueuedSynchronizer.java:1763)&#10;        at app//org.apache.ratis.util.DataBlockingQueue.poll(DataBlockingQueue.java:148)&#10;        at app//org.apache.ratis.server.raftlog.segmented.SegmentedRaftLogWorker.run(SegmentedRaftLogWorker.java:307)&#10;        at app//org.apache.ratis.server.raftlog.segmented.SegmentedRaftLogWorker$$Lambda/0x00007fe904381950.run(Unknown Source)&#10;        at java.base@21.0.7/java.util.concurrent.Executors$RunnableAdapter.call(Executors.java:572)&#10;        at java.base@21.0.7/java.util.concurrent.FutureTask.run(FutureTask.java:317)&#10;        at java.base@21.0.7/java.util.concurrent.ThreadPoolExecutor.runWorker(ThreadPoolExecutor.java:1144)&#10;        at java.base@21.0.7/java.util.concurrent.ThreadPoolExecutor$Worker.run(ThreadPoolExecutor.java:642)&#10;        at java.base@21.0.7/java.lang.Thread.runWith(Thread.java:1596)&#10;        at java.base@21.0.7/java.lang.Thread.run(Thread.java:1583)&#10;&quot;IPC Server listener on 15027&quot; daemon prio=5 tid=639 runnable&#10;java.lang.Thread.State: RUNNABLE&#10;        at java.base@21.0.7/sun.nio.ch.EPoll.wait(Native Method)&#10;        at java.base@21.0.7/sun.nio.ch.EPollSelectorImpl.doSelect(EPollSelectorImpl.java:121)&#10;        at java.base@21.0.7/sun.nio.ch.SelectorImpl.lockAndDoSelect(SelectorImpl.java:130)&#10;        at java.base@21.0.7/sun.nio.ch.SelectorImpl.select(SelectorImpl.java:147)&#10;        at app//org.apache.hadoop.ipc.Server$Listener.run(Server.java:1559)&#10;&quot;IPC Server handler 4 on default port 15002&quot; daemon prio=5 tid=348 timed_waiting&#10;java.lang.Thread.State: TIMED_WAITING&#10;        at java.base@21.0.7/jdk.internal.misc.Unsafe.park(Native Method)&#10;        at java.base@21.0.7/java.util.concurrent.locks.LockSupport.parkNanos(LockSupport.java:269)&#10;        at java.base@21.0.7/java.util.concurrent.locks.AbstractQueuedSynchronizer$ConditionObject.awaitNanos(AbstractQueuedSynchronizer.java:1763)&#10;        at java.base@21.0.7/java.util.concurrent.LinkedBlockingQueue.poll(LinkedBlockingQueue.java:460)&#10;        at app//org.apache.hadoop.ipc.CallQueueManager.take(CallQueueManager.java:370)&#10;        at app//org.apache.hadoop.ipc.Server$Handler.run(Server.java:3165)&#10;&quot;om1-SnapshotDiffCleanupService#0&quot; daemon prio=5 tid=449 timed_waiting&#10;java.lang.Thread.State: TIMED_WAITING&#10;        at java.base@21.0.7/jdk.internal.misc.Unsafe.park(Native Method)&#10;        at java.base@21.0.7/java.util.concurrent.locks.LockSupport.parkNanos(LockSupport.java:269)&#10;        at java.base@21.0.7/java.util.concurrent.locks.AbstractQueuedSynchronizer$ConditionObject.awaitNanos(AbstractQueuedSynchronizer.java:1763)&#10;        at java.base@21.0.7/java.util.concurrent.ScheduledThreadPoolExecutor$DelayedWorkQueue.take(ScheduledThreadPoolExecutor.java:1182)&#10;        at java.base@21.0.7/java.util.concurrent.ScheduledThreadPoolExecutor$DelayedWorkQueue.take(ScheduledThreadPoolExecutor.java:899)&#10;        at java.base@21.0.7/java.util.concurrent.ThreadPoolExecutor.getTask(ThreadPoolExecutor.java:1070)&#10;        at java.base@21.0.7/java.util.concurrent.ThreadPoolExecutor.runWorker(ThreadPoolExecutor.java:1130)&#10;        at java.base@21.0.7/java.util.concurrent.ThreadPoolExecutor$Worker.run(ThreadPoolExecutor.java:642)&#10;        at java.base@21.0.7/java.lang.Thread.runWith(Thread.java:1596)&#10;        at java.base@21.0.7/java.lang.Thread.run(Thread.java:1583)&#10;&quot;IPC Server handler 53 on default port 15000&quot; daemon prio=5 tid=179 timed_waiting&#10;java.lang.Thread.State: TIMED_WAITING&#10;        at java.base@21.0.7/jdk.internal.misc.Unsafe.park(Native Method)&#10;        at java.base@21.0.7/java.util.concurrent.locks.LockSupport.parkNanos(LockSupport.java:269)&#10;        at java.base@21.0.7/java.util.concurrent.locks.AbstractQueuedSynchronizer$ConditionObject.awaitNanos(AbstractQueuedSynchronizer.java:1763)&#10;        at java.base@21.0.7/java.util.concurrent.LinkedBlockingQueue.poll(LinkedBlockingQueue.java:460)&#10;        at app//org.apache.hadoop.ipc.CallQueueManager.take(CallQueueManager.java:370)&#10;        at app//org.apache.hadoop.ipc.Server$Handler.run(Server.java:3165)&#10;&quot;qtp588626443-687&quot; daemon prio=5 tid=687 timed_waiting&#10;java.lang.Thread.State: TIMED_WAITING&#10;        at java.base@21.0.7/jdk.internal.misc.Unsafe.park(Native Method)&#10;        at java.base@21.0.7/java.util.concurrent.locks.LockSupport.parkNanos(LockSupport.java:269)&#10;        at java.base@21.0.7/java.util.concurrent.locks.AbstractQueuedSynchronizer$ConditionObject.awaitNanos(AbstractQueuedSynchronizer.java:1763)&#10;        at app//org.eclipse.jetty.util.BlockingArrayQueue.poll(BlockingArrayQueue.java:382)&#10;        at app//org.eclipse.jetty.util.thread.QueuedThreadPool$Runner.idleJobPoll(QueuedThreadPool.java:974)&#10;        at app//org.eclipse.jetty.util.thread.QueuedThreadPool$Runner.run(QueuedThreadPool.java:1018)&#10;        at java.base@21.0.7/java.lang.Thread.runWith(Thread.java:1596)&#10;        at java.base@21.0.7/java.lang.Thread.run(Thread.java:1583)&#10;&quot;IPC Server handler 49 on default port 15001&quot; daemon prio=5 tid=275 timed_waiting&#10;java.lang.Thread.State: TIMED_WAITING&#10;        at java.base@21.0.7/jdk.internal.misc.Unsafe.park(Native Method)&#10;        at java.base@21.0.7/java.util.concurrent.locks.LockSupport.parkNanos(LockSupport.java:269)&#10;        at java.base@21.0.7/java.util.concurrent.locks.AbstractQueuedSynchronizer$ConditionObject.awaitNanos(AbstractQueuedSynchronizer.java:1763)&#10;        at java.base@21.0.7/java.util.concurrent.LinkedBlockingQueue.poll(LinkedBlockingQueue.java:460)&#10;        at app//org.apache.hadoop.ipc.CallQueueManager.take(CallQueueManager.java:370)&#10;        at app//org.apache.hadoop.ipc.Server$Handler.run(Server.java:3165)&#10;&quot;IPC Server handler 48 on default port 15001&quot; daemon prio=5 tid=274 timed_waiting&#10;java.lang.Thread.State: TIMED_WAITING&#10;        at java.base@21.0.7/jdk.internal.misc.Unsafe.park(Native Method)&#10;        at java.base@21.0.7/java.util.concurrent.locks.LockSupport.parkNanos(LockSupport.java:269)&#10;        at java.base@21.0.7/java.util.concurrent.locks.AbstractQueuedSynchronizer$ConditionObject.awaitNanos(AbstractQueuedSynchronizer.java:1763)&#10;        at java.base@21.0.7/java.util.concurrent.LinkedBlockingQueue.poll(LinkedBlockingQueue.java:460)&#10;        at app//org.apache.hadoop.ipc.CallQueueManager.take(CallQueueManager.java:370)&#10;        at app//org.apache.hadoop.ipc.Server$Handler.run(Server.java:3165)&#10;&quot;IPC Server handler 99 on default port 15001&quot; daemon prio=5 tid=325 timed_waiting&#10;java.lang.Thread.State: TIMED_WAITING&#10;        at java.base@21.0.7/jdk.internal.misc.Unsafe.park(Native Method)&#10;        at java.base@21.0.7/java.util.concurrent.locks.LockSupport.parkNanos(LockSupport.java:269)&#10;        at java.base@21.0.7/java.util.concurrent.locks.AbstractQueuedSynchronizer$ConditionObject.awaitNanos(AbstractQueuedSynchronizer.java:1763)&#10;        at java.base@21.0.7/java.util.concurrent.LinkedBlockingQueue.poll(LinkedBlockingQueue.java:460)&#10;        at app//org.apache.hadoop.ipc.CallQueueManager.take(CallQueueManager.java:370)&#10;        at app//org.apache.hadoop.ipc.Server$Handler.run(Server.java:3165)&#10;&quot;Socket Reader #5 for port 15006&quot;  prio=5 tid=460 runnable&#10;java.lang.Thread.State: RUNNABLE&#10;        at java.base@21.0.7/sun.nio.ch.EPoll.wait(Native Method)&#10;        at java.base@21.0.7/sun.nio.ch.EPollSelectorImpl.doSelect(EPollSelectorImpl.java:121)&#10;        at java.base@21.0.7/sun.nio.ch.SelectorImpl.lockAndDoSelect(SelectorImpl.java:130)&#10;        at java.base@21.0.7/sun.nio.ch.SelectorImpl.select(SelectorImpl.java:147)&#10;        at app//org.apache.hadoop.ipc.Server$Listener$Reader.doRunLoop(Server.java:1497)&#10;        at app//org.apache.hadoop.ipc.Server$Listener$Reader.run(Server.java:1476)&#10;&quot;Socket Reader #10 for port 15019&quot;  prio=5 tid=597 runnable&#10;java.lang.Thread.State: RUNNABLE&#10;        at java.base@21.0.7/sun.nio.ch.EPoll.wait(Native Method)&#10;        at java.base@21.0.7/sun.nio.ch.EPollSelectorImpl.doSelect(EPollSelectorImpl.java:121)&#10;        at java.base@21.0.7/sun.nio.ch.SelectorImpl.lockAndDoSelect(SelectorImpl.java:130)&#10;        at java.base@21.0.7/sun.nio.ch.SelectorImpl.select(SelectorImpl.java:147)&#10;        at app//org.apache.hadoop.ipc.Server$Listener$Reader.doRunLoop(Server.java:1497)&#10;        at app//org.apache.hadoop.ipc.Server$Listener$Reader.run(Server.java:1476)&#10;&quot;IPC Server handler 43 on default port 15002&quot; daemon prio=5 tid=387 timed_waiting&#10;java.lang.Thread.State: TIMED_WAITING&#10;        at java.base@21.0.7/jdk.internal.misc.Unsafe.park(Native Method)&#10;        at java.base@21.0.7/java.util.concurrent.locks.LockSupport.parkNanos(LockSupport.java:269)&#10;        at java.base@21.0.7/java.util.concurrent.locks.AbstractQueuedSynchronizer$ConditionObject.awaitNanos(AbstractQueuedSynchronizer.java:1763)&#10;        at java.base@21.0.7/java.util.concurrent.LinkedBlockingQueue.poll(LinkedBlockingQueue.java:460)&#10;        at app//org.apache.hadoop.ipc.CallQueueManager.take(CallQueueManager.java:370)&#10;        at app//org.apache.hadoop.ipc.Server$Handler.run(Server.java:3165)&#10;&quot;om1-SnapshotDeletingService#0&quot; daemon prio=5 tid=486 timed_waiting&#10;java.lang.Thread.State: TIMED_WAITING&#10;        at java.base@21.0.7/jdk.internal.misc.Unsafe.park(Native Method)&#10;        at java.base@21.0.7/java.util.concurrent.locks.LockSupport.parkNanos(LockSupport.java:269)&#10;        at java.base@21.0.7/java.util.concurrent.locks.AbstractQueuedSynchronizer$ConditionObject.awaitNanos(AbstractQueuedSynchronizer.java:1763)&#10;        at java.base@21.0.7/java.util.concurrent.ScheduledThreadPoolExecutor$DelayedWorkQueue.take(ScheduledThreadPoolExecutor.java:1182)&#10;        at java.base@21.0.7/java.util.concurrent.ScheduledThreadPoolExecutor$DelayedWorkQueue.take(ScheduledThreadPoolExecutor.java:899)&#10;        at java.base@21.0.7/java.util.concurrent.ThreadPoolExecutor.getTask(ThreadPoolExecutor.java:1070)&#10;        at java.base@21.0.7/java.util.concurrent.ThreadPoolExecutor.runWorker(ThreadPoolExecutor.java:1130)&#10;        at java.base@21.0.7/java.util.concurrent.ThreadPoolExecutor$Worker.run(ThreadPoolExecutor.java:642)&#10;        at java.base@21.0.7/java.lang.Thread.runWith(Thread.java:1596)&#10;        at java.base@21.0.7/java.lang.Thread.run(Thread.java:1583)&#10;&quot;a755fe32-7d9a-4996-bc51-d7fbc67ab218-BlockDeletingService#1&quot; daemon prio=5 tid=717 in Object.wait()&#10;java.lang.Thread.State: WAITING (on object monitor)&#10;        at java.base@21.0.7/jdk.internal.misc.Unsafe.park(Native Method)&#10;        at java.base@21.0.7/java.util.concurrent.locks.LockSupport.park(LockSupport.java:371)&#10;        at java.base@21.0.7/java.util.concurrent.locks.AbstractQueuedSynchronizer$ConditionNode.block(AbstractQueuedSynchronizer.java:519)&#10;        at java.base@21.0.7/java.util.concurrent.ForkJoinPool.unmanagedBlock(ForkJoinPool.java:3780)&#10;        at java.base@21.0.7/java.util.concurrent.ForkJoinPool.managedBlock(ForkJoinPool.java:3725)&#10;        at java.base@21.0.7/java.util.concurrent.locks.AbstractQueuedSynchronizer$ConditionObject.await(AbstractQueuedSynchronizer.java:1712)&#10;        at java.base@21.0.7/java.util.concurrent.ScheduledThreadPoolExecutor$DelayedWorkQueue.take(ScheduledThreadPoolExecutor.java:1177)&#10;        at java.base@21.0.7/java.util.concurrent.ScheduledThreadPoolExecutor$DelayedWorkQueue.take(ScheduledThreadPoolExecutor.java:899)&#10;        at java.base@21.0.7/java.util.concurrent.ThreadPoolExecutor.getTask(ThreadPoolExecutor.java:1070)&#10;        at java.base@21.0.7/java.util.concurrent.ThreadPoolExecutor.runWorker(ThreadPoolExecutor.java:1130)&#10;        at java.base@21.0.7/java.util.concurrent.ThreadPoolExecutor$Worker.run(ThreadPoolExecutor.java:642)&#10;        at java.base@21.0.7/java.lang.Thread.runWith(Thread.java:1596)&#10;        at java.base@21.0.7/java.lang.Thread.run(Thread.java:1583)&#10;&quot;IPC Server handler 0 on default port 15035&quot; daemon prio=5 tid=733 timed_waiting&#10;java.lang.Thread.State: TIMED_WAITING&#10;        at java.base@21.0.7/jdk.internal.misc.Unsafe.park(Native Method)&#10;        at java.base@21.0.7/java.util.concurrent.locks.LockSupport.parkNanos(LockSupport.java:269)&#10;        at java.base@21.0.7/java.util.concurrent.locks.AbstractQueuedSynchronizer$ConditionObject.awaitNanos(AbstractQueuedSynchronizer.java:1763)&#10;        at java.base@21.0.7/java.util.concurrent.LinkedBlockingQueue.poll(LinkedBlockingQueue.java:460)&#10;        at app//org.apache.hadoop.ipc.CallQueueManager.take(CallQueueManager.java:370)&#10;        at app//org.apache.hadoop.ipc.Server$Handler.run(Server.java:3165)&#10;&quot;timer7&quot; daemon prio=5 tid=1040 timed_waiting&#10;java.lang.Thread.State: TIMED_WAITING&#10;        at java.base@21.0.7/java.lang.Object.wait0(Native Method)&#10;        at java.base@21.0.7/java.lang.Object.wait(Object.java:366)&#10;        at java.base@21.0.7/java.util.TimerThread.mainLoop(Timer.java:563)&#10;        at java.base@21.0.7/java.util.TimerThread.run(Timer.java:516)&#10;&quot;dacc202e-cd42-4a7a-b335-fe62dff69130-impl-thread1&quot;  prio=5 tid=621 timed_waiting&#10;java.lang.Thread.State: TIMED_WAITING&#10;        at java.base@21.0.7/jdk.internal.misc.Unsafe.park(Native Method)&#10;        at java.base@21.0.7/java.util.concurrent.locks.LockSupport.parkNanos(LockSupport.java:410)&#10;        at java.base@21.0.7/java.util.concurrent.LinkedTransferQueue$DualNode.await(LinkedTransferQueue.java:452)&#10;        at java.base@21.0.7/java.util.concurrent.SynchronousQueue$Transferer.xferLifo(SynchronousQueue.java:194)&#10;        at java.base@21.0.7/java.util.concurrent.SynchronousQueue.xfer(SynchronousQueue.java:235)&#10;        at java.base@21.0.7/java.util.concurrent.SynchronousQueue.poll(SynchronousQueue.java:338)&#10;        at java.base@21.0.7/java.util.concurrent.ThreadPoolExecutor.getTask(ThreadPoolExecutor.java:1069)&#10;        at java.base@21.0.7/java.util.concurrent.ThreadPoolExecutor.runWorker(ThreadPoolExecutor.java:1130)&#10;        at java.base@21.0.7/java.util.concurrent.ThreadPoolExecutor$Worker.run(ThreadPoolExecutor.java:642)&#10;        at java.base@21.0.7/java.lang.Thread.runWith(Thread.java:1596)&#10;        at java.base@21.0.7/java.lang.Thread.run(Thread.java:1583)&#10;&quot;IPC Server handler 15 on default port 15002&quot; daemon prio=5 tid=359 timed_waiting&#10;java.lang.Thread.State: TIMED_WAITING&#10;        at java.base@21.0.7/jdk.internal.misc.Unsafe.park(Native Method)&#10;        at java.base@21.0.7/java.util.concurrent.locks.LockSupport.parkNanos(LockSupport.java:269)&#10;        at java.base@21.0.7/java.util.concurrent.locks.AbstractQueuedSynchronizer$ConditionObject.awaitNanos(AbstractQueuedSynchronizer.java:1763)&#10;        at java.base@21.0.7/java.util.concurrent.LinkedBlockingQueue.poll(LinkedBlockingQueue.java:460)&#10;        at app//org.apache.hadoop.ipc.CallQueueManager.take(CallQueueManager.java:370)&#10;        at app//org.apache.hadoop.ipc.Server$Handler.run(Server.java:3165)&#10;&quot;IPC Server handler 73 on default port 15001&quot; daemon prio=5 tid=299 timed_waiting&#10;java.lang.Thread.State: TIMED_WAITING&#10;        at java.base@21.0.7/jdk.internal.misc.Unsafe.park(Native Method)&#10;        at java.base@21.0.7/java.util.concurrent.locks.LockSupport.parkNanos(LockSupport.java:269)&#10;        at java.base@21.0.7/java.util.concurrent.locks.AbstractQueuedSynchronizer$ConditionObject.awaitNanos(AbstractQueuedSynchronizer.java:1763)&#10;        at java.base@21.0.7/java.util.concurrent.LinkedBlockingQueue.poll(LinkedBlockingQueue.java:460)&#10;        at app//org.apache.hadoop.ipc.CallQueueManager.take(CallQueueManager.java:370)&#10;        at app//org.apache.hadoop.ipc.Server$Handler.run(Server.java:3165)&#10;&quot;Common-Cleaner&quot; daemon prio=8 tid=17 timed_waiting&#10;java.lang.Thread.State: TIMED_WAITING&#10;        at java.base@21.0.7/jdk.internal.misc.Unsafe.park(Native Method)&#10;        at java.base@21.0.7/java.util.concurrent.locks.LockSupport.parkNanos(LockSupport.java:269)&#10;        at java.base@21.0.7/java.util.concurrent.locks.AbstractQueuedSynchronizer$ConditionObject.await(AbstractQueuedSynchronizer.java:1852)&#10;        at java.base@21.0.7/java.lang.ref.ReferenceQueue.await(ReferenceQueue.java:71)&#10;        at java.base@21.0.7/java.lang.ref.ReferenceQueue.remove0(ReferenceQueue.java:143)&#10;        at java.base@21.0.7/java.lang.ref.ReferenceQueue.remove(ReferenceQueue.java:218)&#10;        at java.base@21.0.7/jdk.internal.ref.CleanerImpl.run(CleanerImpl.java:140)&#10;        at java.base@21.0.7/java.lang.Thread.runWith(Thread.java:1596)&#10;        at java.base@21.0.7/java.lang.Thread.run(Thread.java:1583)&#10;        at java.base@21.0.7/jdk.internal.misc.InnocuousThread.run(InnocuousThread.java:186)&#10;&quot;IPC Server handler 94 on default port 15001&quot; daemon prio=5 tid=320 timed_waiting&#10;java.lang.Thread.State: TIMED_WAITING&#10;        at java.base@21.0.7/jdk.internal.misc.Unsafe.park(Native Method)&#10;        at java.base@21.0.7/java.util.concurrent.locks.LockSupport.parkNanos(LockSupport.java:269)&#10;        at java.base@21.0.7/java.util.concurrent.locks.AbstractQueuedSynchronizer$ConditionObject.awaitNanos(AbstractQueuedSynchronizer.java:1763)&#10;        at java.base@21.0.7/java.util.concurrent.LinkedBlockingQueue.poll(LinkedBlockingQueue.java:460)&#10;        at app//org.apache.hadoop.ipc.CallQueueManager.take(CallQueueManager.java:370)&#10;        at app//org.apache.hadoop.ipc.Server$Handler.run(Server.java:3165)&#10;&quot;IPC Server handler 44 on default port 15002&quot; daemon prio=5 tid=388 timed_waiting&#10;java.lang.Thread.State: TIMED_WAITING&#10;        at java.base@21.0.7/jdk.internal.misc.Unsafe.park(Native Method)&#10;        at java.base@21.0.7/java.util.concurrent.locks.LockSupport.parkNanos(LockSupport.java:269)&#10;        at java.base@21.0.7/java.util.concurrent.locks.AbstractQueuedSynchronizer$ConditionObject.awaitNanos(AbstractQueuedSynchronizer.java:1763)&#10;        at java.base@21.0.7/java.util.concurrent.LinkedBlockingQueue.poll(LinkedBlockingQueue.java:460)&#10;        at app//org.apache.hadoop.ipc.CallQueueManager.take(CallQueueManager.java:370)&#10;        at app//org.apache.hadoop.ipc.Server$Handler.run(Server.java:3165)&#10;&quot;2b1bfca1-1fdc-4b0a-9b4d-c21112718afa-groupManagement&quot;  prio=5 tid=958 in Object.wait()&#10;java.lang.Thread.State: WAITING (on object monitor)&#10;        at java.base@21.0.7/jdk.internal.misc.Unsafe.park(Native Method)&#10;        at java.base@21.0.7/java.util.concurrent.locks.LockSupport.park(LockSupport.java:371)&#10;        at java.base@21.0.7/java.util.concurrent.locks.AbstractQueuedSynchronizer$ConditionNode.block(AbstractQueuedSynchronizer.java:519)&#10;        at java.base@21.0.7/java.util.concurrent.ForkJoinPool.unmanagedBlock(ForkJoinPool.java:3780)&#10;        at java.base@21.0.7/java.util.concurrent.ForkJoinPool.managedBlock(ForkJoinPool.java:3725)&#10;        at java.base@21.0.7/java.util.concurrent.locks.AbstractQueuedSynchronizer$ConditionObject.await(AbstractQueuedSynchronizer.java:1712)&#10;        at java.base@21.0.7/java.util.concurrent.LinkedBlockingQueue.take(LinkedBlockingQueue.java:435)&#10;        at java.base@21.0.7/java.util.concurrent.ThreadPoolExecutor.getTask(ThreadPoolExecutor.java:1070)&#10;        at java.base@21.0.7/java.util.concurrent.ThreadPoolExecutor.runWorker(ThreadPoolExecutor.java:1130)&#10;        at java.base@21.0.7/java.util.concurrent.ThreadPoolExecutor$Worker.run(ThreadPoolExecutor.java:642)&#10;        at java.base@21.0.7/java.lang.Thread.runWith(Thread.java:1596)&#10;        at java.base@21.0.7/java.lang.Thread.run(Thread.java:1583)&#10;&quot;IPC Server handler 3 on default port 15002&quot; daemon prio=5 tid=347 timed_waiting&#10;java.lang.Thread.State: TIMED_WAITING&#10;        at java.base@21.0.7/jdk.internal.misc.Unsafe.park(Native Method)&#10;        at java.base@21.0.7/java.util.concurrent.locks.LockSupport.parkNanos(LockSupport.java:269)&#10;        at java.base@21.0.7/java.util.concurrent.locks.AbstractQueuedSynchronizer$ConditionObject.awaitNanos(AbstractQueuedSynchronizer.java:1763)&#10;        at java.base@21.0.7/java.util.concurrent.LinkedBlockingQueue.poll(LinkedBlockingQueue.java:460)&#10;        at app//org.apache.hadoop.ipc.CallQueueManager.take(CallQueueManager.java:370)&#10;        at app//org.apache.hadoop.ipc.Server$Handler.run(Server.java:3165)&#10;&quot;2b1bfca1-1fdc-4b0a-9b4d-c21112718afa-ChunkWriter-0-0&quot; daemon prio=5 tid=830 in Object.wait()&#10;java.lang.Thread.State: WAITING (on object monitor)&#10;        at java.base@21.0.7/jdk.internal.misc.Unsafe.park(Native Method)&#10;        at java.base@21.0.7/java.util.concurrent.locks.LockSupport.park(LockSupport.java:371)&#10;        at java.base@21.0.7/java.util.concurrent.locks.AbstractQueuedSynchronizer$ConditionNode.block(AbstractQueuedSynchronizer.java:519)&#10;        at java.base@21.0.7/java.util.concurrent.ForkJoinPool.unmanagedBlock(ForkJoinPool.java:3780)&#10;        at java.base@21.0.7/java.util.concurrent.ForkJoinPool.managedBlock(ForkJoinPool.java:3725)&#10;        at java.base@21.0.7/java.util.concurrent.locks.AbstractQueuedSynchronizer$ConditionObject.await(AbstractQueuedSynchronizer.java:1712)&#10;        at java.base@21.0.7/java.util.concurrent.LinkedBlockingDeque.takeFirst(LinkedBlockingDeque.java:485)&#10;        at java.base@21.0.7/java.util.concurrent.LinkedBlockingDeque.take(LinkedBlockingDeque.java:673)&#10;        at java.base@21.0.7/java.util.concurrent.ThreadPoolExecutor.getTask(ThreadPoolExecutor.java:1070)&#10;        at java.base@21.0.7/java.util.concurrent.ThreadPoolExecutor.runWorker(ThreadPoolExecutor.java:1130)&#10;        at java.base@21.0.7/java.util.concurrent.ThreadPoolExecutor$Worker.run(ThreadPoolExecutor.java:642)&#10;        at java.base@21.0.7/java.lang.Thread.runWith(Thread.java:1596)&#10;        at java.base@21.0.7/java.lang.Thread.run(Thread.java:1583)&#10;&quot;Hadoop-Metrics-Updater-0&quot; daemon prio=5 tid=93 timed_waiting&#10;java.lang.Thread.State: TIMED_WAITING&#10;        at java.base@21.0.7/jdk.internal.misc.Unsafe.park(Native Method)&#10;        at java.base@21.0.7/java.util.concurrent.locks.LockSupport.parkNanos(LockSupport.java:269)&#10;        at java.base@21.0.7/java.util.concurrent.locks.AbstractQueuedSynchronizer$ConditionObject.awaitNanos(AbstractQueuedSynchronizer.java:1763)&#10;        at java.base@21.0.7/java.util.concurrent.ScheduledThreadPoolExecutor$DelayedWorkQueue.take(ScheduledThreadPoolExecutor.java:1182)&#10;        at java.base@21.0.7/java.util.concurrent.ScheduledThreadPoolExecutor$DelayedWorkQueue.take(ScheduledThreadPoolExecutor.java:899)&#10;        at java.base@21.0.7/java.util.concurrent.ThreadPoolExecutor.getTask(ThreadPoolExecutor.java:1070)&#10;        at java.base@21.0.7/java.util.concurrent.ThreadPoolExecutor.runWorker(ThreadPoolExecutor.java:1130)&#10;        at java.base@21.0.7/java.util.concurrent.ThreadPoolExecutor$Worker.run(ThreadPoolExecutor.java:642)&#10;        at java.base@21.0.7/java.lang.Thread.runWith(Thread.java:1596)&#10;        at java.base@21.0.7/java.lang.Thread.run(Thread.java:1583)&#10;&quot;2b1bfca1-1fdc-4b0a-9b4d-c21112718afa-DataNodeDiskCheckerThread-0&quot; daemon prio=5 tid=826 timed_waiting&#10;java.lang.Thread.State: TIMED_WAITING&#10;        at java.base@21.0.7/jdk.internal.misc.Unsafe.park(Native Method)&#10;        at java.base@21.0.7/java.util.concurrent.locks.LockSupport.parkNanos(LockSupport.java:410)&#10;        at java.base@21.0.7/java.util.concurrent.LinkedTransferQueue$DualNode.await(LinkedTransferQueue.java:452)&#10;        at java.base@21.0.7/java.util.concurrent.SynchronousQueue$Transferer.xferLifo(SynchronousQueue.java:194)&#10;        at java.base@21.0.7/java.util.concurrent.SynchronousQueue.xfer(SynchronousQueue.java:235)&#10;        at java.base@21.0.7/java.util.concurrent.SynchronousQueue.poll(SynchronousQueue.java:338)&#10;        at java.base@21.0.7/java.util.concurrent.ThreadPoolExecutor.getTask(ThreadPoolExecutor.java:1069)&#10;        at java.base@21.0.7/java.util.concurrent.ThreadPoolExecutor.runWorker(ThreadPoolExecutor.java:1130)&#10;        at java.base@21.0.7/java.util.concurrent.ThreadPoolExecutor$Worker.run(ThreadPoolExecutor.java:642)&#10;        at java.base@21.0.7/java.lang.Thread.runWith(Thread.java:1596)&#10;        at java.base@21.0.7/java.lang.Thread.run(Thread.java:1583)&#10;&quot;surefire-forkedjvm-stream-flusher&quot; daemon prio=5 tid=23 timed_waiting&#10;java.lang.Thread.State: TIMED_WAITING&#10;        at java.base@21.0.7/jdk.internal.misc.Unsafe.park(Native Method)&#10;        at java.base@21.0.7/java.util.concurrent.locks.LockSupport.parkNanos(LockSupport.java:269)&#10;        at java.base@21.0.7/java.util.concurrent.locks.AbstractQueuedSynchronizer$ConditionObject.awaitNanos(AbstractQueuedSynchronizer.java:1763)&#10;        at java.base@21.0.7/java.util.concurrent.ScheduledThreadPoolExecutor$DelayedWorkQueue.take(ScheduledThreadPoolExecutor.java:1182)&#10;        at java.base@21.0.7/java.util.concurrent.ScheduledThreadPoolExecutor$DelayedWorkQueue.take(ScheduledThreadPoolExecutor.java:899)&#10;        at java.base@21.0.7/java.util.concurrent.ThreadPoolExecutor.getTask(ThreadPoolExecutor.java:1070)&#10;        at java.base@21.0.7/java.util.concurrent.ThreadPoolExecutor.runWorker(ThreadPoolExecutor.java:1130)&#10;        at java.base@21.0.7/java.util.concurrent.ThreadPoolExecutor$Worker.run(ThreadPoolExecutor.java:642)&#10;        at java.base@21.0.7/java.lang.Thread.runWith(Thread.java:1596)&#10;        at java.base@21.0.7/java.lang.Thread.run(Thread.java:1583)&#10;&quot;IPC Server handler 99 on default port 15002&quot; daemon prio=5 tid=443 timed_waiting&#10;java.lang.Thread.State: TIMED_WAITING&#10;        at java.base@21.0.7/jdk.internal.misc.Unsafe.park(Native Method)&#10;        at java.base@21.0.7/java.util.concurrent.locks.LockSupport.parkNanos(LockSupport.java:269)&#10;        at java.base@21.0.7/java.util.concurrent.locks.AbstractQueuedSynchronizer$ConditionObject.awaitNanos(AbstractQueuedSynchronizer.java:1763)&#10;        at java.base@21.0.7/java.util.concurrent.LinkedBlockingQueue.poll(LinkedBlockingQueue.java:460)&#10;        at app//org.apache.hadoop.ipc.CallQueueManager.take(CallQueueManager.java:370)&#10;        at app//org.apache.hadoop.ipc.Server$Handler.run(Server.java:3165)&#10;&quot;IPC Server Responder&quot; daemon prio=5 tid=651 runnable&#10;java.lang.Thread.State: RUNNABLE&#10;        at java.base@21.0.7/sun.nio.ch.EPoll.wait(Native Method)&#10;        at java.base@21.0.7/sun.nio.ch.EPollSelectorImpl.doSelect(EPollSelectorImpl.java:121)&#10;        at java.base@21.0.7/sun.nio.ch.SelectorImpl.lockAndDoSelect(SelectorImpl.java:130)&#10;        at java.base@21.0.7/sun.nio.ch.SelectorImpl.select(SelectorImpl.java:142)&#10;        at app//org.apache.hadoop.ipc.Server$Responder.doRunLoop(Server.java:1733)&#10;        at app//org.apache.hadoop.ipc.Server$Responder.run(Server.java:1716)&#10;&quot;IPC Server handler 3 on default port 15001&quot; daemon prio=5 tid=229 timed_waiting&#10;java.lang.Thread.State: TIMED_WAITING&#10;        at java.base@21.0.7/jdk.internal.misc.Unsafe.park(Native Method)&#10;        at java.base@21.0.7/java.util.concurrent.locks.LockSupport.parkNanos(LockSupport.java:269)&#10;        at java.base@21.0.7/java.util.concurrent.locks.AbstractQueuedSynchronizer$ConditionObject.awaitNanos(AbstractQueuedSynchronizer.java:1763)&#10;        at java.base@21.0.7/java.util.concurrent.LinkedBlockingQueue.poll(LinkedBlockingQueue.java:460)&#10;        at app//org.apache.hadoop.ipc.CallQueueManager.take(CallQueueManager.java:370)&#10;        at app//org.apache.hadoop.ipc.Server$Handler.run(Server.java:3165)&#10;&quot;IPC Server handler 8 on default port 15019&quot; daemon prio=5 tid=609 timed_waiting&#10;java.lang.Thread.State: TIMED_WAITING&#10;        at java.base@21.0.7/jdk.internal.misc.Unsafe.park(Native Method)&#10;        at java.base@21.0.7/java.util.concurrent.locks.LockSupport.parkNanos(LockSupport.java:269)&#10;        at java.base@21.0.7/java.util.concurrent.locks.AbstractQueuedSynchronizer$ConditionObject.awaitNanos(AbstractQueuedSynchronizer.java:1763)&#10;        at java.base@21.0.7/java.util.concurrent.LinkedBlockingQueue.poll(LinkedBlockingQueue.java:460)&#10;        at app//org.apache.hadoop.ipc.CallQueueManager.take(CallQueueManager.java:370)&#10;        at app//org.apache.hadoop.ipc.Server$Handler.run(Server.java:3165)&#10;&quot;Notification Thread&quot; daemon prio=9 tid=22 runnable&#10;java.lang.Thread.State: RUNNABLE&#10;&quot;IPC Server handler 11 on default port 15002&quot; daemon prio=5 tid=355 timed_waiting&#10;java.lang.Thread.State: TIMED_WAITING&#10;        at java.base@21.0.7/jdk.internal.misc.Unsafe.park(Native Method)&#10;        at java.base@21.0.7/java.util.concurrent.locks.LockSupport.parkNanos(LockSupport.java:269)&#10;        at java.base@21.0.7/java.util.concurrent.locks.AbstractQueuedSynchronizer$ConditionObject.awaitNanos(AbstractQueuedSynchronizer.java:1763)&#10;        at java.base@21.0.7/java.util.concurrent.LinkedBlockingQueue.poll(LinkedBlockingQueue.java:460)&#10;        at app//org.apache.hadoop.ipc.CallQueueManager.take(CallQueueManager.java:370)&#10;        at app//org.apache.hadoop.ipc.Server$Handler.run(Server.java:3165)&#10;&quot;Socket Reader #1 for port 15019&quot;  prio=5 tid=588 runnable&#10;java.lang.Thread.State: RUNNABLE&#10;        at java.base@21.0.7/sun.nio.ch.EPoll.wait(Native Method)&#10;        at java.base@21.0.7/sun.nio.ch.EPollSelectorImpl.doSelect(EPollSelectorImpl.java:121)&#10;        at java.base@21.0.7/sun.nio.ch.SelectorImpl.lockAndDoSelect(SelectorImpl.java:130)&#10;        at java.base@21.0.7/sun.nio.ch.SelectorImpl.select(SelectorImpl.java:147)&#10;        at app//org.apache.hadoop.ipc.Server$Listener$Reader.doRunLoop(Server.java:1497)&#10;        at app//org.apache.hadoop.ipc.Server$Listener$Reader.run(Server.java:1476)&#10;&quot;qtp1044130468-583&quot; daemon prio=5 tid=583 timed_waiting&#10;java.lang.Thread.State: TIMED_WAITING&#10;        at java.base@21.0.7/jdk.internal.misc.Unsafe.park(Native Method)&#10;        at java.base@21.0.7/java.util.concurrent.locks.LockSupport.parkNanos(LockSupport.java:269)&#10;        at java.base@21.0.7/java.util.concurrent.locks.AbstractQueuedSynchronizer$ConditionObject.awaitNanos(AbstractQueuedSynchronizer.java:1763)&#10;        at app//org.eclipse.jetty.util.BlockingArrayQueue.poll(BlockingArrayQueue.java:382)&#10;        at app//org.eclipse.jetty.util.thread.QueuedThreadPool$Runner.idleJobPoll(QueuedThreadPool.java:974)&#10;        at app//org.eclipse.jetty.util.thread.QueuedThreadPool$Runner.run(QueuedThreadPool.java:1018)&#10;        at java.base@21.0.7/java.lang.Thread.runWith(Thread.java:1596)&#10;        at java.base@21.0.7/java.lang.Thread.run(Thread.java:1583)&#10;&quot;IPC Server handler 70 on default port 15001&quot; daemon prio=5 tid=296 timed_waiting&#10;java.lang.Thread.State: TIMED_WAITING&#10;        at java.base@21.0.7/jdk.internal.misc.Unsafe.park(Native Method)&#10;        at java.base@21.0.7/java.util.concurrent.locks.LockSupport.parkNanos(LockSupport.java:269)&#10;        at java.base@21.0.7/java.util.concurrent.locks.AbstractQueuedSynchronizer$ConditionObject.awaitNanos(AbstractQueuedSynchronizer.java:1763)&#10;        at java.base@21.0.7/java.util.concurrent.LinkedBlockingQueue.poll(LinkedBlockingQueue.java:460)&#10;        at app//org.apache.hadoop.ipc.CallQueueManager.take(CallQueueManager.java:370)&#10;        at app//org.apache.hadoop.ipc.Server$Handler.run(Server.java:3165)&#10;&quot;IPC Server handler 60 on default port 15002&quot; daemon prio=5 tid=404 timed_waiting&#10;java.lang.Thread.State: TIMED_WAITING&#10;        at java.base@21.0.7/jdk.internal.misc.Unsafe.park(Native Method)&#10;        at java.base@21.0.7/java.util.concurrent.locks.LockSupport.parkNanos(LockSupport.java:269)&#10;        at java.base@21.0.7/java.util.concurrent.locks.AbstractQueuedSynchronizer$ConditionObject.awaitNanos(AbstractQueuedSynchronizer.java:1763)&#10;        at java.base@21.0.7/java.util.concurrent.LinkedBlockingQueue.poll(LinkedBlockingQueue.java:460)&#10;        at app//org.apache.hadoop.ipc.CallQueueManager.take(CallQueueManager.java:370)&#10;        at app//org.apache.hadoop.ipc.Server$Handler.run(Server.java:3165)&#10;&quot;MutableQuantiles-0&quot; daemon prio=5 tid=526 timed_waiting&#10;java.lang.Thread.State: TIMED_WAITING&#10;        at java.base@21.0.7/jdk.internal.misc.Unsafe.park(Native Method)&#10;        at java.base@21.0.7/java.util.concurrent.locks.LockSupport.parkNanos(LockSupport.java:269)&#10;        at java.base@21.0.7/java.util.concurrent.locks.AbstractQueuedSynchronizer$ConditionObject.awaitNanos(AbstractQueuedSynchronizer.java:1763)&#10;        at java.base@21.0.7/java.util.concurrent.ScheduledThreadPoolExecutor$DelayedWorkQueue.take(ScheduledThreadPoolExecutor.java:1182)&#10;        at java.base@21.0.7/java.util.concurrent.ScheduledThreadPoolExecutor$DelayedWorkQueue.take(ScheduledThreadPoolExecutor.java:899)&#10;        at java.base@21.0.7/java.util.concurrent.ThreadPoolExecutor.getTask(ThreadPoolExecutor.java:1070)&#10;        at java.base@21.0.7/java.util.concurrent.ThreadPoolExecutor.runWorker(ThreadPoolExecutor.java:1130)&#10;        at java.base@21.0.7/java.util.concurrent.ThreadPoolExecutor$Worker.run(ThreadPoolExecutor.java:642)&#10;        at java.base@21.0.7/java.lang.Thread.runWith(Thread.java:1596)&#10;        at java.base@21.0.7/java.lang.Thread.run(Thread.java:1583)&#10;&quot;timer6&quot; daemon prio=5 tid=1039 timed_waiting&#10;java.lang.Thread.State: TIMED_WAITING&#10;        at java.base@21.0.7/java.lang.Object.wait0(Native Method)&#10;        at java.base@21.0.7/java.lang.Object.wait(Object.java:366)&#10;        at java.base@21.0.7/java.util.TimerThread.mainLoop(Timer.java:563)&#10;        at java.base@21.0.7/java.util.TimerThread.run(Timer.java:516)&#10;&quot;Socket Reader #4 for port 15006&quot;  prio=5 tid=459 runnable&#10;java.lang.Thread.State: RUNNABLE&#10;        at java.base@21.0.7/sun.nio.ch.EPoll.wait(Native Method)&#10;        at java.base@21.0.7/sun.nio.ch.EPollSelectorImpl.doSelect(EPollSelectorImpl.java:121)&#10;        at java.base@21.0.7/sun.nio.ch.SelectorImpl.lockAndDoSelect(SelectorImpl.java:130)&#10;        at java.base@21.0.7/sun.nio.ch.SelectorImpl.select(SelectorImpl.java:147)&#10;        at app//org.apache.hadoop.ipc.Server$Listener$Reader.doRunLoop(Server.java:1497)&#10;        at app//org.apache.hadoop.ipc.Server$Listener$Reader.run(Server.java:1476)&#10;&quot;78b7fabf-ca2a-4b70-8534-e46926e2083c-DatanodeReportManager-2&quot; daemon prio=5 tid=801 timed_waiting&#10;java.lang.Thread.State: TIMED_WAITING&#10;        at java.base@21.0.7/jdk.internal.misc.Unsafe.park(Native Method)&#10;        at java.base@21.0.7/java.util.concurrent.locks.LockSupport.parkNanos(LockSupport.java:269)&#10;        at java.base@21.0.7/java.util.concurrent.locks.AbstractQueuedSynchronizer$ConditionObject.awaitNanos(AbstractQueuedSynchronizer.java:1763)&#10;        at java.base@21.0.7/java.util.concurrent.ScheduledThreadPoolExecutor$DelayedWorkQueue.take(ScheduledThreadPoolExecutor.java:1182)&#10;        at java.base@21.0.7/java.util.concurrent.ScheduledThreadPoolExecutor$DelayedWorkQueue.take(ScheduledThreadPoolExecutor.java:899)&#10;        at java.base@21.0.7/java.util.concurrent.ThreadPoolExecutor.getTask(ThreadPoolExecutor.java:1070)&#10;        at java.base@21.0.7/java.util.concurrent.ThreadPoolExecutor.runWorker(ThreadPoolExecutor.java:1130)&#10;        at java.base@21.0.7/java.util.concurrent.ThreadPoolExecutor$Worker.run(ThreadPoolExecutor.java:642)&#10;        at java.base@21.0.7/java.lang.Thread.runWith(Thread.java:1596)&#10;        at java.base@21.0.7/java.lang.Thread.run(Thread.java:1583)&#10;&quot;om1-DirectoryDeletingService#0&quot; daemon prio=5 tid=480 timed_waiting&#10;java.lang.Thread.State: TIMED_WAITING&#10;        at java.base@21.0.7/jdk.internal.misc.Unsafe.park(Native Method)&#10;        at java.base@21.0.7/java.util.concurrent.locks.LockSupport.parkNanos(LockSupport.java:269)&#10;        at java.base@21.0.7/java.util.concurrent.locks.AbstractQueuedSynchronizer$ConditionObject.awaitNanos(AbstractQueuedSynchronizer.java:1763)&#10;        at java.base@21.0.7/java.util.concurrent.ScheduledThreadPoolExecutor$DelayedWorkQueue.take(ScheduledThreadPoolExecutor.java:1182)&#10;        at java.base@21.0.7/java.util.concurrent.ScheduledThreadPoolExecutor$DelayedWorkQueue.take(ScheduledThreadPoolExecutor.java:899)&#10;        at java.base@21.0.7/java.util.concurrent.ThreadPoolExecutor.getTask(ThreadPoolExecutor.java:1070)&#10;        at java.base@21.0.7/java.util.concurrent.ThreadPoolExecutor.runWorker(ThreadPoolExecutor.java:1130)&#10;        at java.base@21.0.7/java.util.concurrent.ThreadPoolExecutor$Worker.run(ThreadPoolExecutor.java:642)&#10;        at java.base@21.0.7/java.lang.Thread.runWith(Thread.java:1596)&#10;        at java.base@21.0.7/java.lang.Thread.run(Thread.java:1583)&#10;&quot;om1-DirectoryDeletingService#1&quot; daemon prio=5 tid=484 in Object.wait()&#10;java.lang.Thread.State: WAITING (on object monitor)&#10;        at java.base@21.0.7/jdk.internal.misc.Unsafe.park(Native Method)&#10;        at java.base@21.0.7/java.util.concurrent.locks.LockSupport.park(LockSupport.java:371)&#10;        at java.base@21.0.7/java.util.concurrent.locks.AbstractQueuedSynchronizer$ConditionNode.block(AbstractQueuedSynchronizer.java:519)&#10;        at java.base@21.0.7/java.util.concurrent.ForkJoinPool.unmanagedBlock(ForkJoinPool.java:3780)&#10;        at java.base@21.0.7/java.util.concurrent.ForkJoinPool.managedBlock(ForkJoinPool.java:3725)&#10;        at java.base@21.0.7/java.util.concurrent.locks.AbstractQueuedSynchronizer$ConditionObject.await(AbstractQueuedSynchronizer.java:1712)&#10;        at java.base@21.0.7/java.util.concurrent.ScheduledThreadPoolExecutor$DelayedWorkQueue.take(ScheduledThreadPoolExecutor.java:1170)&#10;        at java.base@21.0.7/java.util.concurrent.ScheduledThreadPoolExecutor$DelayedWorkQueue.take(ScheduledThreadPoolExecutor.java:899)&#10;        at java.base@21.0.7/java.util.concurrent.ThreadPoolExecutor.getTask(ThreadPoolExecutor.java:1070)&#10;        at java.base@21.0.7/java.util.concurrent.ThreadPoolExecutor.runWorker(ThreadPoolExecutor.java:1130)&#10;        at java.base@21.0.7/java.util.concurrent.ThreadPoolExecutor$Worker.run(ThreadPoolExecutor.java:642)&#10;        at java.base@21.0.7/java.lang.Thread.runWith(Thread.java:1596)&#10;        at java.base@21.0.7/java.lang.Thread.run(Thread.java:1583)&#10;&quot;IPC Server handler 41 on default port 15000&quot; daemon prio=5 tid=167 timed_waiting&#10;java.lang.Thread.State: TIMED_WAITING&#10;        at java.base@21.0.7/jdk.internal.misc.Unsafe.park(Native Method)&#10;        at java.base@21.0.7/java.util.concurrent.locks.LockSupport.parkNanos(LockSupport.java:269)&#10;        at java.base@21.0.7/java.util.concurrent.locks.AbstractQueuedSynchronizer$ConditionObject.awaitNanos(AbstractQueuedSynchronizer.java:1763)&#10;        at java.base@21.0.7/java.util.concurrent.LinkedBlockingQueue.poll(LinkedBlockingQueue.java:460)&#10;        at app//org.apache.hadoop.ipc.CallQueueManager.take(CallQueueManager.java:370)&#10;        at app//org.apache.hadoop.ipc.Server$Handler.run(Server.java:3165)&#10;&quot;dacc202e-cd42-4a7a-b335-fe62dff69130-DatanodeReportManager-2&quot; daemon prio=5 tid=666 in Object.wait()&#10;java.lang.Thread.State: WAITING (on object monitor)&#10;        at java.base@21.0.7/jdk.internal.misc.Unsafe.park(Native Method)&#10;        at java.base@21.0.7/java.util.concurrent.locks.LockSupport.park(LockSupport.java:371)&#10;        at java.base@21.0.7/java.util.concurrent.locks.AbstractQueuedSynchronizer$ConditionNode.block(AbstractQueuedSynchronizer.java:519)&#10;        at java.base@21.0.7/java.util.concurrent.ForkJoinPool.unmanagedBlock(ForkJoinPool.java:3780)&#10;        at java.base@21.0.7/java.util.concurrent.ForkJoinPool.managedBlock(ForkJoinPool.java:3725)&#10;        at java.base@21.0.7/java.util.concurrent.locks.AbstractQueuedSynchronizer$ConditionObject.await(AbstractQueuedSynchronizer.java:1712)&#10;        at java.base@21.0.7/java.util.concurrent.ScheduledThreadPoolExecutor$DelayedWorkQueue.take(ScheduledThreadPoolExecutor.java:1177)&#10;        at java.base@21.0.7/java.util.concurrent.ScheduledThreadPoolExecutor$DelayedWorkQueue.take(ScheduledThreadPoolExecutor.java:899)&#10;        at java.base@21.0.7/java.util.concurrent.ThreadPoolExecutor.getTask(ThreadPoolExecutor.java:1070)&#10;        at java.base@21.0.7/java.util.concurrent.ThreadPoolExecutor.runWorker(ThreadPoolExecutor.java:1130)&#10;        at java.base@21.0.7/java.util.concurrent.ThreadPoolExecutor$Worker.run(ThreadPoolExecutor.java:642)&#10;        at java.base@21.0.7/java.lang.Thread.runWith(Thread.java:1596)&#10;        at java.base@21.0.7/java.lang.Thread.run(Thread.java:1583)&#10;&quot;IPC Server handler 25 on default port 15002&quot; daemon prio=5 tid=369 timed_waiting&#10;java.lang.Thread.State: TIMED_WAITING&#10;        at java.base@21.0.7/jdk.internal.misc.Unsafe.park(Native Method)&#10;        at java.base@21.0.7/java.util.concurrent.locks.LockSupport.parkNanos(LockSupport.java:269)&#10;        at java.base@21.0.7/java.util.concurrent.locks.AbstractQueuedSynchronizer$ConditionObject.awaitNanos(AbstractQueuedSynchronizer.java:1763)&#10;        at java.base@21.0.7/java.util.concurrent.LinkedBlockingQueue.poll(LinkedBlockingQueue.java:460)&#10;        at app//org.apache.hadoop.ipc.CallQueueManager.take(CallQueueManager.java:370)&#10;        at app//org.apache.hadoop.ipc.Server$Handler.run(Server.java:3165)&#10;&quot;IPC Server listener on 15019&quot; daemon prio=5 tid=587 runnable&#10;java.lang.Thread.State: RUNNABLE&#10;        at java.base@21.0.7/sun.nio.ch.EPoll.wait(Native Method)&#10;        at java.base@21.0.7/sun.nio.ch.EPollSelectorImpl.doSelect(EPollSelectorImpl.java:121)&#10;        at java.base@21.0.7/sun.nio.ch.SelectorImpl.lockAndDoSelect(SelectorImpl.java:130)&#10;        at java.base@21.0.7/sun.nio.ch.SelectorImpl.select(SelectorImpl.java:147)&#10;        at app//org.apache.hadoop.ipc.Server$Listener.run(Server.java:1559)&#10;&quot;IPC Server handler 62 on default port 15001&quot; daemon prio=5 tid=288 timed_waiting&#10;java.lang.Thread.State: TIMED_WAITING&#10;        at java.base@21.0.7/jdk.internal.misc.Unsafe.park(Native Method)&#10;        at java.base@21.0.7/java.util.concurrent.locks.LockSupport.parkNanos(LockSupport.java:269)&#10;        at java.base@21.0.7/java.util.concurrent.locks.AbstractQueuedSynchronizer$ConditionObject.awaitNanos(AbstractQueuedSynchronizer.java:1763)&#10;        at java.base@21.0.7/java.util.concurrent.LinkedBlockingQueue.poll(LinkedBlockingQueue.java:460)&#10;        at app//org.apache.hadoop.ipc.CallQueueManager.take(CallQueueManager.java:370)&#10;        at app//org.apache.hadoop.ipc.Server$Handler.run(Server.java:3165)&#10;&quot;dacc202e-cd42-4a7a-b335-fe62dff69130-ChunkWriter-2-0&quot; daemon prio=5 tid=814 in Object.wait()&#10;java.lang.Thread.State: WAITING (on object monitor)&#10;        at java.base@21.0.7/jdk.internal.misc.Unsafe.park(Native Method)&#10;        at java.base@21.0.7/java.util.concurrent.locks.LockSupport.park(LockSupport.java:371)&#10;        at java.base@21.0.7/java.util.concurrent.locks.AbstractQueuedSynchronizer$ConditionNode.block(AbstractQueuedSynchronizer.java:519)&#10;        at java.base@21.0.7/java.util.concurrent.ForkJoinPool.unmanagedBlock(ForkJoinPool.java:3780)&#10;        at java.base@21.0.7/java.util.concurrent.ForkJoinPool.managedBlock(ForkJoinPool.java:3725)&#10;        at java.base@21.0.7/java.util.concurrent.locks.AbstractQueuedSynchronizer$ConditionObject.await(AbstractQueuedSynchronizer.java:1712)&#10;        at java.base@21.0.7/java.util.concurrent.LinkedBlockingDeque.takeFirst(LinkedBlockingDeque.java:485)&#10;        at java.base@21.0.7/java.util.concurrent.LinkedBlockingDeque.take(LinkedBlockingDeque.java:673)&#10;        at java.base@21.0.7/java.util.concurrent.ThreadPoolExecutor.getTask(ThreadPoolExecutor.java:1070)&#10;        at java.base@21.0.7/java.util.concurrent.ThreadPoolExecutor.runWorker(ThreadPoolExecutor.java:1130)&#10;        at java.base@21.0.7/java.util.concurrent.ThreadPoolExecutor$Worker.run(ThreadPoolExecutor.java:642)&#10;        at java.base@21.0.7/java.lang.Thread.runWith(Thread.java:1596)&#10;        at java.base@21.0.7/java.lang.Thread.run(Thread.java:1583)&#10;&quot;pool-169-thread-1&quot;  prio=5 tid=677 timed_waiting&#10;java.lang.Thread.State: TIMED_WAITING&#10;        at java.base@21.0.7/jdk.internal.misc.Unsafe.park(Native Method)&#10;        at java.base@21.0.7/java.util.concurrent.locks.LockSupport.parkNanos(LockSupport.java:269)&#10;        at java.base@21.0.7/java.util.concurrent.locks.AbstractQueuedSynchronizer$ConditionObject.awaitNanos(AbstractQueuedSynchronizer.java:1763)&#10;        at java.base@21.0.7/java.util.concurrent.ScheduledThreadPoolExecutor$DelayedWorkQueue.take(ScheduledThreadPoolExecutor.java:1182)&#10;        at java.base@21.0.7/java.util.concurrent.ScheduledThreadPoolExecutor$DelayedWorkQueue.take(ScheduledThreadPoolExecutor.java:899)&#10;        at java.base@21.0.7/java.util.concurrent.ThreadPoolExecutor.getTask(ThreadPoolExecutor.java:1070)&#10;        at java.base@21.0.7/java.util.concurrent.ThreadPoolExecutor.runWorker(ThreadPoolExecutor.java:1130)&#10;        at java.base@21.0.7/java.util.concurrent.ThreadPoolExecutor$Worker.run(ThreadPoolExecutor.java:642)&#10;        at java.base@21.0.7/java.lang.Thread.runWith(Thread.java:1596)&#10;        at java.base@21.0.7/java.lang.Thread.run(Thread.java:1583)&#10;&quot;IPC Server handler 1 on default port 15001&quot; daemon prio=5 tid=227 timed_waiting&#10;java.lang.Thread.State: TIMED_WAITING&#10;        at java.base@21.0.7/jdk.internal.misc.Unsafe.park(Native Method)&#10;        at java.base@21.0.7/java.util.concurrent.locks.LockSupport.parkNanos(LockSupport.java:269)&#10;        at java.base@21.0.7/java.util.concurrent.locks.AbstractQueuedSynchronizer$ConditionObject.awaitNanos(AbstractQueuedSynchronizer.java:1763)&#10;        at java.base@21.0.7/java.util.concurrent.LinkedBlockingQueue.poll(LinkedBlockingQueue.java:460)&#10;        at app//org.apache.hadoop.ipc.CallQueueManager.take(CallQueueManager.java:370)&#10;        at app//org.apache.hadoop.ipc.Server$Handler.run(Server.java:3165)&#10;&quot;IPC Server handler 9 on default port 15001&quot; daemon prio=5 tid=235 timed_waiting&#10;java.lang.Thread.State: TIMED_WAITING&#10;        at java.base@21.0.7/jdk.internal.misc.Unsafe.park(Native Method)&#10;        at java.base@21.0.7/java.util.concurrent.locks.LockSupport.parkNanos(LockSupport.java:269)&#10;        at java.base@21.0.7/java.util.concurrent.locks.AbstractQueuedSynchronizer$ConditionObject.awaitNanos(AbstractQueuedSynchronizer.java:1763)&#10;        at java.base@21.0.7/java.util.concurrent.LinkedBlockingQueue.poll(LinkedBlockingQueue.java:460)&#10;        at app//org.apache.hadoop.ipc.CallQueueManager.take(CallQueueManager.java:370)&#10;        at app//org.apache.hadoop.ipc.Server$Handler.run(Server.java:3165)&#10;&quot;IPC Server handler 2 on default port 15002&quot; daemon prio=5 tid=346 timed_waiting&#10;java.lang.Thread.State: TIMED_WAITING&#10;        at java.base@21.0.7/jdk.internal.misc.Unsafe.park(Native Method)&#10;        at java.base@21.0.7/java.util.concurrent.locks.LockSupport.parkNanos(LockSupport.java:269)&#10;        at java.base@21.0.7/java.util.concurrent.locks.AbstractQueuedSynchronizer$ConditionObject.awaitNanos(AbstractQueuedSynchronizer.java:1763)&#10;        at java.base@21.0.7/java.util.concurrent.LinkedBlockingQueue.poll(LinkedBlockingQueue.java:460)&#10;        at app//org.apache.hadoop.ipc.CallQueueManager.take(CallQueueManager.java:370)&#10;        at app//org.apache.hadoop.ipc.Server$Handler.run(Server.java:3165)&#10;&quot;78b7fabf-ca2a-4b70-8534-e46926e2083c-ChunkWriter-2-0&quot; daemon prio=5 tid=852 in Object.wait()&#10;java.lang.Thread.State: WAITING (on object monitor)&#10;        at java.base@21.0.7/jdk.internal.misc.Unsafe.park(Native Method)&#10;        at java.base@21.0.7/java.util.concurrent.locks.LockSupport.park(LockSupport.java:371)&#10;        at java.base@21.0.7/java.util.concurrent.locks.AbstractQueuedSynchronizer$ConditionNode.block(AbstractQueuedSynchronizer.java:519)&#10;        at java.base@21.0.7/java.util.concurrent.ForkJoinPool.unmanagedBlock(ForkJoinPool.java:3780)&#10;        at java.base@21.0.7/java.util.concurrent.ForkJoinPool.managedBlock(ForkJoinPool.java:3725)&#10;        at java.base@21.0.7/java.util.concurrent.locks.AbstractQueuedSynchronizer$ConditionObject.await(AbstractQueuedSynchronizer.java:1712)&#10;        at java.base@21.0.7/java.util.concurrent.LinkedBlockingDeque.takeFirst(LinkedBlockingDeque.java:485)&#10;        at java.base@21.0.7/java.util.concurrent.LinkedBlockingDeque.take(LinkedBlockingDeque.java:673)&#10;        at java.base@21.0.7/java.util.concurrent.ThreadPoolExecutor.getTask(ThreadPoolExecutor.java:1070)&#10;        at java.base@21.0.7/java.util.concurrent.ThreadPoolExecutor.runWorker(ThreadPoolExecutor.java:1130)&#10;        at java.base@21.0.7/java.util.concurrent.ThreadPoolExecutor$Worker.run(ThreadPoolExecutor.java:642)&#10;        at java.base@21.0.7/java.lang.Thread.runWith(Thread.java:1596)&#10;        at java.base@21.0.7/java.lang.Thread.run(Thread.java:1583)&#10;&quot;2b1bfca1-1fdc-4b0a-9b4d-c21112718afa-ChunkWriter-3-0&quot; daemon prio=5 tid=833 in Object.wait()&#10;java.lang.Thread.State: WAITING (on object monitor)&#10;        at java.base@21.0.7/jdk.internal.misc.Unsafe.park(Native Method)&#10;        at java.base@21.0.7/java.util.concurrent.locks.LockSupport.park(LockSupport.java:371)&#10;        at java.base@21.0.7/java.util.concurrent.locks.AbstractQueuedSynchronizer$ConditionNode.block(AbstractQueuedSynchronizer.java:519)&#10;        at java.base@21.0.7/java.util.concurrent.ForkJoinPool.unmanagedBlock(ForkJoinPool.java:3780)&#10;        at java.base@21.0.7/java.util.concurrent.ForkJoinPool.managedBlock(ForkJoinPool.java:3725)&#10;        at java.base@21.0.7/java.util.concurrent.locks.AbstractQueuedSynchronizer$ConditionObject.await(AbstractQueuedSynchronizer.java:1712)&#10;        at java.base@21.0.7/java.util.concurrent.LinkedBlockingDeque.takeFirst(LinkedBlockingDeque.java:485)&#10;        at java.base@21.0.7/java.util.concurrent.LinkedBlockingDeque.take(LinkedBlockingDeque.java:673)&#10;        at java.base@21.0.7/java.util.concurrent.ThreadPoolExecutor.getTask(ThreadPoolExecutor.java:1070)&#10;        at java.base@21.0.7/java.util.concurrent.ThreadPoolExecutor.runWorker(ThreadPoolExecutor.java:1130)&#10;        at java.base@21.0.7/java.util.concurrent.ThreadPoolExecutor$Worker.run(ThreadPoolExecutor.java:642)&#10;        at java.base@21.0.7/java.lang.Thread.runWith(Thread.java:1596)&#10;        at java.base@21.0.7/java.lang.Thread.run(Thread.java:1583)&#10;&quot;ForkJoinPool.commonPool-worker-2&quot; daemon prio=5 tid=36 in Object.wait()&#10;java.lang.Thread.State: WAITING (on object monitor)&#10;        at java.base@21.0.7/jdk.internal.misc.Unsafe.park(Native Method)&#10;        at java.base@21.0.7/java.util.concurrent.locks.LockSupport.park(LockSupport.java:371)&#10;        at java.base@21.0.7/java.util.concurrent.ForkJoinPool.awaitWork(ForkJoinPool.java:1893)&#10;        at java.base@21.0.7/java.util.concurrent.ForkJoinPool.runWorker(ForkJoinPool.java:1809)&#10;        at java.base@21.0.7/java.util.concurrent.ForkJoinWorkerThread.run(ForkJoinWorkerThread.java:188)&#10;&quot;Socket Reader #10 for port 15043&quot;  prio=5 tid=784 runnable&#10;java.lang.Thread.State: RUNNABLE&#10;        at java.base@21.0.7/sun.nio.ch.EPoll.wait(Native Method)&#10;        at java.base@21.0.7/sun.nio.ch.EPollSelectorImpl.doSelect(EPollSelectorImpl.java:121)&#10;        at java.base@21.0.7/sun.nio.ch.SelectorImpl.lockAndDoSelect(SelectorImpl.java:130)&#10;        at java.base@21.0.7/sun.nio.ch.SelectorImpl.select(SelectorImpl.java:147)&#10;        at app//org.apache.hadoop.ipc.Server$Listener$Reader.doRunLoop(Server.java:1497)&#10;        at app//org.apache.hadoop.ipc.Server$Listener$Reader.run(Server.java:1476)&#10;&quot;EventQueue-PipelineReportForOneReplicaPipelineSafeModeRule&quot; daemon prio=5 tid=771 in Object.wait()&#10;java.lang.Thread.State: WAITING (on object monitor)&#10;        at java.base@21.0.7/jdk.internal.misc.Unsafe.park(Native Method)&#10;        at java.base@21.0.7/java.util.concurrent.locks.LockSupport.park(LockSupport.java:371)&#10;        at java.base@21.0.7/java.util.concurrent.locks.AbstractQueuedSynchronizer$ConditionNode.block(AbstractQueuedSynchronizer.java:519)&#10;        at java.base@21.0.7/java.util.concurrent.ForkJoinPool.unmanagedBlock(ForkJoinPool.java:3780)&#10;        at java.base@21.0.7/java.util.concurrent.ForkJoinPool.managedBlock(ForkJoinPool.java:3725)&#10;        at java.base@21.0.7/java.util.concurrent.locks.AbstractQueuedSynchronizer$ConditionObject.await(AbstractQueuedSynchronizer.java:1712)&#10;        at java.base@21.0.7/java.util.concurrent.LinkedBlockingQueue.take(LinkedBlockingQueue.java:435)&#10;        at java.base@21.0.7/java.util.concurrent.ThreadPoolExecutor.getTask(ThreadPoolExecutor.java:1070)&#10;        at java.base@21.0.7/java.util.concurrent.ThreadPoolExecutor.runWorker(ThreadPoolExecutor.java:1130)&#10;        at java.base@21.0.7/java.util.concurrent.ThreadPoolExecutor$Worker.run(ThreadPoolExecutor.java:642)&#10;        at java.base@21.0.7/java.lang.Thread.runWith(Thread.java:1596)&#10;        at java.base@21.0.7/java.lang.Thread.run(Thread.java:1583)&#10;&quot;dacc202e-cd42-4a7a-b335-fe62dff69130@group-F8F976EC3E9D-SegmentedRaftLogWorker&quot; daemon prio=5 tid=938 timed_waiting&#10;java.lang.Thread.State: TIMED_WAITING&#10;        at java.base@21.0.7/jdk.internal.misc.Unsafe.park(Native Method)&#10;        at java.base@21.0.7/java.util.concurrent.locks.LockSupport.parkNanos(LockSupport.java:269)&#10;        at java.base@21.0.7/java.util.concurrent.locks.AbstractQueuedSynchronizer$ConditionObject.awaitNanos(AbstractQueuedSynchronizer.java:1763)&#10;        at app//org.apache.ratis.util.DataBlockingQueue.poll(DataBlockingQueue.java:148)&#10;        at app//org.apache.ratis.server.raftlog.segmented.SegmentedRaftLogWorker.run(SegmentedRaftLogWorker.java:307)&#10;        at app//org.apache.ratis.server.raftlog.segmented.SegmentedRaftLogWorker$$Lambda/0x00007fe904381950.run(Unknown Source)&#10;        at java.base@21.0.7/java.util.concurrent.Executors$RunnableAdapter.call(Executors.java:572)&#10;        at java.base@21.0.7/java.util.concurrent.FutureTask.run(FutureTask.java:317)&#10;        at java.base@21.0.7/java.util.concurrent.ThreadPoolExecutor.runWorker(ThreadPoolExecutor.java:1144)&#10;        at java.base@21.0.7/java.util.concurrent.ThreadPoolExecutor$Worker.run(ThreadPoolExecutor.java:642)&#10;        at java.base@21.0.7/java.lang.Thread.runWith(Thread.java:1596)&#10;        at java.base@21.0.7/java.lang.Thread.run(Thread.java:1583)&#10;&quot;grpc-default-executor-4&quot; daemon prio=5 tid=993 timed_waiting&#10;java.lang.Thread.State: TIMED_WAITING&#10;        at java.base@21.0.7/jdk.internal.misc.Unsafe.park(Native Method)&#10;        at java.base@21.0.7/java.util.concurrent.locks.LockSupport.parkNanos(LockSupport.java:410)&#10;        at java.base@21.0.7/java.util.concurrent.LinkedTransferQueue$DualNode.await(LinkedTransferQueue.java:452)&#10;        at java.base@21.0.7/java.util.concurrent.SynchronousQueue$Transferer.xferLifo(SynchronousQueue.java:194)&#10;        at java.base@21.0.7/java.util.concurrent.SynchronousQueue.xfer(SynchronousQueue.java:235)&#10;        at java.base@21.0.7/java.util.concurrent.SynchronousQueue.poll(SynchronousQueue.java:338)&#10;        at java.base@21.0.7/java.util.concurrent.ThreadPoolExecutor.getTask(ThreadPoolExecutor.java:1069)&#10;        at java.base@21.0.7/java.util.concurrent.ThreadPoolExecutor.runWorker(ThreadPoolExecutor.java:1130)&#10;        at java.base@21.0.7/java.util.concurrent.ThreadPoolExecutor$Worker.run(ThreadPoolExecutor.java:642)&#10;        at java.base@21.0.7/java.lang.Thread.runWith(Thread.java:1596)&#10;        at java.base@21.0.7/java.lang.Thread.run(Thread.java:1583)&#10;&quot;IPC Server handler 65 on default port 15002&quot; daemon prio=5 tid=409 timed_waiting&#10;java.lang.Thread.State: TIMED_WAITING&#10;        at java.base@21.0.7/jdk.internal.misc.Unsafe.park(Native Method)&#10;        at java.base@21.0.7/java.util.concurrent.locks.LockSupport.parkNanos(LockSupport.java:269)&#10;        at java.base@21.0.7/java.util.concurrent.locks.AbstractQueuedSynchronizer$ConditionObject.awaitNanos(AbstractQueuedSynchronizer.java:1763)&#10;        at java.base@21.0.7/java.util.concurrent.LinkedBlockingQueue.poll(LinkedBlockingQueue.java:460)&#10;        at app//org.apache.hadoop.ipc.CallQueueManager.take(CallQueueManager.java:370)&#10;        at app//org.apache.hadoop.ipc.Server$Handler.run(Server.java:3165)&#10;&quot;Socket Reader #5 for port 15035&quot;  prio=5 tid=724 runnable&#10;java.lang.Thread.State: RUNNABLE&#10;        at java.base@21.0.7/sun.nio.ch.EPoll.wait(Native Method)&#10;        at java.base@21.0.7/sun.nio.ch.EPollSelectorImpl.doSelect(EPollSelectorImpl.java:121)&#10;        at java.base@21.0.7/sun.nio.ch.SelectorImpl.lockAndDoSelect(SelectorImpl.java:130)&#10;        at java.base@21.0.7/sun.nio.ch.SelectorImpl.select(SelectorImpl.java:147)&#10;        at app//org.apache.hadoop.ipc.Server$Listener$Reader.doRunLoop(Server.java:1497)&#10;        at app//org.apache.hadoop.ipc.Server$Listener$Reader.run(Server.java:1476)&#10;&quot;grpc-default-boss-ELG-4-1&quot; daemon prio=5 tid=122 runnable&#10;java.lang.Thread.State: RUNNABLE&#10;        at app//org.apache.ratis.thirdparty.io.netty.channel.epoll.Native.epollWait(Native Method)&#10;        at app//org.apache.ratis.thirdparty.io.netty.channel.epoll.Native.epollWait(Native.java:220)&#10;        at app//org.apache.ratis.thirdparty.io.netty.channel.epoll.Native.epollWait(Native.java:213)&#10;        at app//org.apache.ratis.thirdparty.io.netty.channel.epoll.EpollEventLoop.epollWaitNoTimerChange(EpollEventLoop.java:308)&#10;        at app//org.apache.ratis.thirdparty.io.netty.channel.epoll.EpollEventLoop.run(EpollEventLoop.java:365)&#10;        at app//org.apache.ratis.thirdparty.io.netty.util.concurrent.SingleThreadEventExecutor$4.run(SingleThreadEventExecutor.java:997)&#10;        at app//org.apache.ratis.thirdparty.io.netty.util.internal.ThreadExecutorMap$2.run(ThreadExecutorMap.java:74)&#10;        at app//org.apache.ratis.thirdparty.io.netty.util.concurrent.FastThreadLocalRunnable.run(FastThreadLocalRunnable.java:30)&#10;        at java.base@21.0.7/java.lang.Thread.runWith(Thread.java:1596)&#10;        at java.base@21.0.7/java.lang.Thread.run(Thread.java:1583)&#10;&quot;78b7fabf-ca2a-4b70-8534-e46926e2083c-EndpointStateMachineTaskThread-/0.0.0.0:15002-0 &quot;  prio=5 tid=843 in Object.wait()&#10;java.lang.Thread.State: WAITING (on object monitor)&#10;        at java.base@21.0.7/jdk.internal.misc.Unsafe.park(Native Method)&#10;        at java.base@21.0.7/java.util.concurrent.locks.LockSupport.park(LockSupport.java:371)&#10;        at java.base@21.0.7/java.util.concurrent.locks.AbstractQueuedSynchronizer$ConditionNode.block(AbstractQueuedSynchronizer.java:519)&#10;        at java.base@21.0.7/java.util.concurrent.ForkJoinPool.unmanagedBlock(ForkJoinPool.java:3780)&#10;        at java.base@21.0.7/java.util.concurrent.ForkJoinPool.managedBlock(ForkJoinPool.java:3725)&#10;        at java.base@21.0.7/java.util.concurrent.locks.AbstractQueuedSynchronizer$ConditionObject.await(AbstractQueuedSynchronizer.java:1712)&#10;        at java.base@21.0.7/java.util.concurrent.LinkedBlockingQueue.take(LinkedBlockingQueue.java:435)&#10;        at java.base@21.0.7/java.util.concurrent.ThreadPoolExecutor.getTask(ThreadPoolExecutor.java:1070)&#10;        at java.base@21.0.7/java.util.concurrent.ThreadPoolExecutor.runWorker(ThreadPoolExecutor.java:1130)&#10;        at java.base@21.0.7/java.util.concurrent.ThreadPoolExecutor$Worker.run(ThreadPoolExecutor.java:642)&#10;        at java.base@21.0.7/java.lang.Thread.runWith(Thread.java:1596)&#10;        at java.base@21.0.7/java.lang.Thread.run(Thread.java:1583)&#10;&quot;Session-HouseKeeper-5a20f793-1&quot;  prio=5 tid=337 timed_waiting&#10;java.lang.Thread.State: TIMED_WAITING&#10;        at java.base@21.0.7/jdk.internal.misc.Unsafe.park(Native Method)&#10;        at java.base@21.0.7/java.util.concurrent.locks.LockSupport.parkNanos(LockSupport.java:269)&#10;        at java.base@21.0.7/java.util.concurrent.locks.AbstractQueuedSynchronizer$ConditionObject.awaitNanos(AbstractQueuedSynchronizer.java:1763)&#10;        at java.base@21.0.7/java.util.concurrent.ScheduledThreadPoolExecutor$DelayedWorkQueue.take(ScheduledThreadPoolExecutor.java:1182)&#10;        at java.base@21.0.7/java.util.concurrent.ScheduledThreadPoolExecutor$DelayedWorkQueue.take(ScheduledThreadPoolExecutor.java:899)&#10;        at java.base@21.0.7/java.util.concurrent.ThreadPoolExecutor.getTask(ThreadPoolExecutor.java:1070)&#10;        at java.base@21.0.7/java.util.concurrent.ThreadPoolExecutor.runWorker(ThreadPoolExecutor.java:1130)&#10;        at java.base@21.0.7/java.util.concurrent.ThreadPoolExecutor$Worker.run(ThreadPoolExecutor.java:642)&#10;        at java.base@21.0.7/java.lang.Thread.runWith(Thread.java:1596)&#10;        at java.base@21.0.7/java.lang.Thread.run(Thread.java:1583)&#10;&quot;IPC Server handler 3 on default port 15000&quot; daemon prio=5 tid=129 timed_waiting&#10;java.lang.Thread.State: TIMED_WAITING&#10;        at java.base@21.0.7/jdk.internal.misc.Unsafe.park(Native Method)&#10;        at java.base@21.0.7/java.util.concurrent.locks.LockSupport.parkNanos(LockSupport.java:269)&#10;        at java.base@21.0.7/java.util.concurrent.locks.AbstractQueuedSynchronizer$ConditionObject.awaitNanos(AbstractQueuedSynchronizer.java:1763)&#10;        at java.base@21.0.7/java.util.concurrent.LinkedBlockingQueue.poll(LinkedBlockingQueue.java:460)&#10;        at app//org.apache.hadoop.ipc.CallQueueManager.take(CallQueueManager.java:370)&#10;        at app//org.apache.hadoop.ipc.Server$Handler.run(Server.java:3165)&#10;&quot;IPC Server handler 81 on default port 15002&quot; daemon prio=5 tid=425 timed_waiting&#10;java.lang.Thread.State: TIMED_WAITING&#10;        at java.base@21.0.7/jdk.internal.misc.Unsafe.park(Native Method)&#10;        at java.base@21.0.7/java.util.concurrent.locks.LockSupport.parkNanos(LockSupport.java:269)&#10;        at java.base@21.0.7/java.util.concurrent.locks.AbstractQueuedSynchronizer$ConditionObject.awaitNanos(AbstractQueuedSynchronizer.java:1763)&#10;        at java.base@21.0.7/java.util.concurrent.LinkedBlockingQueue.poll(LinkedBlockingQueue.java:460)&#10;        at app//org.apache.hadoop.ipc.CallQueueManager.take(CallQueueManager.java:370)&#10;        at app//org.apache.hadoop.ipc.Server$Handler.run(Server.java:3165)&#10;&quot;Socket Reader #9 for port 15043&quot;  prio=5 tid=783 runnable&#10;java.lang.Thread.State: RUNNABLE&#10;        at java.base@21.0.7/sun.nio.ch.EPoll.wait(Native Method)&#10;        at java.base@21.0.7/sun.nio.ch.EPollSelectorImpl.doSelect(EPollSelectorImpl.java:121)&#10;        at java.base@21.0.7/sun.nio.ch.SelectorImpl.lockAndDoSelect(SelectorImpl.java:130)&#10;        at java.base@21.0.7/sun.nio.ch.SelectorImpl.select(SelectorImpl.java:147)&#10;        at app//org.apache.hadoop.ipc.Server$Listener$Reader.doRunLoop(Server.java:1497)&#10;        at app//org.apache.hadoop.ipc.Server$Listener$Reader.run(Server.java:1476)&#10;&quot;dacc202e-cd42-4a7a-b335-fe62dff69130-PipelineCommandHandlerThread-0&quot;  prio=5 tid=932 in Object.wait()&#10;java.lang.Thread.State: WAITING (on object monitor)&#10;        at java.base@21.0.7/jdk.internal.misc.Unsafe.park(Native Method)&#10;        at java.base@21.0.7/java.util.concurrent.locks.LockSupport.park(LockSupport.java:371)&#10;        at java.base@21.0.7/java.util.concurrent.locks.AbstractQueuedSynchronizer$ConditionNode.block(AbstractQueuedSynchronizer.java:519)&#10;        at java.base@21.0.7/java.util.concurrent.ForkJoinPool.unmanagedBlock(ForkJoinPool.java:3780)&#10;        at java.base@21.0.7/java.util.concurrent.ForkJoinPool.managedBlock(ForkJoinPool.java:3725)&#10;        at java.base@21.0.7/java.util.concurrent.locks.AbstractQueuedSynchronizer$ConditionObject.await(AbstractQueuedSynchronizer.java:1712)&#10;        at java.base@21.0.7/java.util.concurrent.LinkedBlockingQueue.take(LinkedBlockingQueue.java:435)&#10;        at java.base@21.0.7/java.util.concurrent.ThreadPoolExecutor.getTask(ThreadPoolExecutor.java:1070)&#10;        at java.base@21.0.7/java.util.concurrent.ThreadPoolExecutor.runWorker(ThreadPoolExecutor.java:1130)&#10;        at java.base@21.0.7/java.util.concurrent.ThreadPoolExecutor$Worker.run(ThreadPoolExecutor.java:642)&#10;        at java.base@21.0.7/java.lang.Thread.runWith(Thread.java:1596)&#10;        at java.base@21.0.7/java.lang.Thread.run(Thread.java:1583)&#10;&quot;IPC Server handler 74 on default port 15000&quot; daemon prio=5 tid=200 timed_waiting&#10;java.lang.Thread.State: TIMED_WAITING&#10;        at java.base@21.0.7/jdk.internal.misc.Unsafe.park(Native Method)&#10;        at java.base@21.0.7/java.util.concurrent.locks.LockSupport.parkNanos(LockSupport.java:269)&#10;        at java.base@21.0.7/java.util.concurrent.locks.AbstractQueuedSynchronizer$ConditionObject.awaitNanos(AbstractQueuedSynchronizer.java:1763)&#10;        at java.base@21.0.7/java.util.concurrent.LinkedBlockingQueue.poll(LinkedBlockingQueue.java:460)&#10;        at app//org.apache.hadoop.ipc.CallQueueManager.take(CallQueueManager.java:370)&#10;        at app//org.apache.hadoop.ipc.Server$Handler.run(Server.java:3165)&#10;&quot;EventQueue-ContainerRegistrationReportForRatisContainerSafeModeRule&quot; daemon prio=5 tid=767 in Object.wait()&#10;java.lang.Thread.State: WAITING (on object monitor)&#10;        at java.base@21.0.7/jdk.internal.misc.Unsafe.park(Native Method)&#10;        at java.base@21.0.7/java.util.concurrent.locks.LockSupport.park(LockSupport.java:371)&#10;        at java.base@21.0.7/java.util.concurrent.locks.AbstractQueuedSynchronizer$ConditionNode.block(AbstractQueuedSynchronizer.java:519)&#10;        at java.base@21.0.7/java.util.concurrent.ForkJoinPool.unmanagedBlock(ForkJoinPool.java:3780)&#10;        at java.base@21.0.7/java.util.concurrent.ForkJoinPool.managedBlock(ForkJoinPool.java:3725)&#10;        at java.base@21.0.7/java.util.concurrent.locks.AbstractQueuedSynchronizer$ConditionObject.await(AbstractQueuedSynchronizer.java:1712)&#10;        at java.base@21.0.7/java.util.concurrent.LinkedBlockingQueue.take(LinkedBlockingQueue.java:435)&#10;        at java.base@21.0.7/java.util.concurrent.ThreadPoolExecutor.getTask(ThreadPoolExecutor.java:1070)&#10;        at java.base@21.0.7/java.util.concurrent.ThreadPoolExecutor.runWorker(ThreadPoolExecutor.java:1130)&#10;        at java.base@21.0.7/java.util.concurrent.ThreadPoolExecutor$Worker.run(ThreadPoolExecutor.java:642)&#10;        at java.base@21.0.7/java.lang.Thread.runWith(Thread.java:1596)&#10;        at java.base@21.0.7/java.lang.Thread.run(Thread.java:1583)&#10;&quot;IPC Server handler 29 on default port 15000&quot; daemon prio=5 tid=155 timed_waiting&#10;java.lang.Thread.State: TIMED_WAITING&#10;        at java.base@21.0.7/jdk.internal.misc.Unsafe.park(Native Method)&#10;        at java.base@21.0.7/java.util.concurrent.locks.LockSupport.parkNanos(LockSupport.java:269)&#10;        at java.base@21.0.7/java.util.concurrent.locks.AbstractQueuedSynchronizer$ConditionObject.awaitNanos(AbstractQueuedSynchronizer.java:1763)&#10;        at java.base@21.0.7/java.util.concurrent.LinkedBlockingQueue.poll(LinkedBlockingQueue.java:460)&#10;        at app//org.apache.hadoop.ipc.CallQueueManager.take(CallQueueManager.java:370)&#10;        at app//org.apache.hadoop.ipc.Server$Handler.run(Server.java:3165)&#10;&quot;IPC Server handler 70 on default port 15000&quot; daemon prio=5 tid=196 timed_waiting&#10;java.lang.Thread.State: TIMED_WAITING&#10;        at java.base@21.0.7/jdk.internal.misc.Unsafe.park(Native Method)&#10;        at java.base@21.0.7/java.util.concurrent.locks.LockSupport.parkNanos(LockSupport.java:269)&#10;        at java.base@21.0.7/java.util.concurrent.locks.AbstractQueuedSynchronizer$ConditionObject.awaitNanos(AbstractQueuedSynchronizer.java:1763)&#10;        at java.base@21.0.7/java.util.concurrent.LinkedBlockingQueue.poll(LinkedBlockingQueue.java:460)&#10;        at app//org.apache.hadoop.ipc.CallQueueManager.take(CallQueueManager.java:370)&#10;        at app//org.apache.hadoop.ipc.Server$Handler.run(Server.java:3165)&#10;&quot;IPC Server handler 4 on default port 15001&quot; daemon prio=5 tid=230 timed_waiting&#10;java.lang.Thread.State: TIMED_WAITING&#10;        at java.base@21.0.7/jdk.internal.misc.Unsafe.park(Native Method)&#10;        at java.base@21.0.7/java.util.concurrent.locks.LockSupport.parkNanos(LockSupport.java:269)&#10;        at java.base@21.0.7/java.util.concurrent.locks.AbstractQueuedSynchronizer$ConditionObject.awaitNanos(AbstractQueuedSynchronizer.java:1763)&#10;        at java.base@21.0.7/java.util.concurrent.LinkedBlockingQueue.poll(LinkedBlockingQueue.java:460)&#10;        at app//org.apache.hadoop.ipc.CallQueueManager.take(CallQueueManager.java:370)&#10;        at app//org.apache.hadoop.ipc.Server$Handler.run(Server.java:3165)&#10;&quot;IPC Server handler 79 on default port 15002&quot; daemon prio=5 tid=423 timed_waiting&#10;java.lang.Thread.State: TIMED_WAITING&#10;        at java.base@21.0.7/jdk.internal.misc.Unsafe.park(Native Method)&#10;        at java.base@21.0.7/java.util.concurrent.locks.LockSupport.parkNanos(LockSupport.java:269)&#10;        at java.base@21.0.7/java.util.concurrent.locks.AbstractQueuedSynchronizer$ConditionObject.awaitNanos(AbstractQueuedSynchronizer.java:1763)&#10;        at java.base@21.0.7/java.util.concurrent.LinkedBlockingQueue.poll(LinkedBlockingQueue.java:460)&#10;        at app//org.apache.hadoop.ipc.CallQueueManager.take(CallQueueManager.java:370)&#10;        at app//org.apache.hadoop.ipc.Server$Handler.run(Server.java:3165)&#10;&quot;IPC Server handler 40 on default port 15000&quot; daemon prio=5 tid=166 timed_waiting&#10;java.lang.Thread.State: TIMED_WAITING&#10;        at java.base@21.0.7/jdk.internal.misc.Unsafe.park(Native Method)&#10;        at java.base@21.0.7/java.util.concurrent.locks.LockSupport.parkNanos(LockSupport.java:269)&#10;        at java.base@21.0.7/java.util.concurrent.locks.AbstractQueuedSynchronizer$ConditionObject.awaitNanos(AbstractQueuedSynchronizer.java:1763)&#10;        at java.base@21.0.7/java.util.concurrent.LinkedBlockingQueue.poll(LinkedBlockingQueue.java:460)&#10;        at app//org.apache.hadoop.ipc.CallQueueManager.take(CallQueueManager.java:370)&#10;        at app//org.apache.hadoop.ipc.Server$Handler.run(Server.java:3165)&#10;&quot;timer1&quot; daemon prio=5 tid=995 timed_waiting&#10;java.lang.Thread.State: TIMED_WAITING&#10;        at java.base@21.0.7/java.lang.Object.wait0(Native Method)&#10;        at java.base@21.0.7/java.lang.Object.wait(Object.java:366)&#10;        at java.base@21.0.7/java.util.TimerThread.mainLoop(Timer.java:563)&#10;        at java.base@21.0.7/java.util.TimerThread.run(Timer.java:516)&#10;&quot;IPC Server handler 92 on default port 15000&quot; daemon prio=5 tid=218 timed_waiting&#10;java.lang.Thread.State: TIMED_WAITING&#10;        at java.base@21.0.7/jdk.internal.misc.Unsafe.park(Native Method)&#10;        at java.base@21.0.7/java.util.concurrent.locks.LockSupport.parkNanos(LockSupport.java:269)&#10;        at java.base@21.0.7/java.util.concurrent.locks.AbstractQueuedSynchronizer$ConditionObject.awaitNanos(AbstractQueuedSynchronizer.java:1763)&#10;        at java.base@21.0.7/java.util.concurrent.LinkedBlockingQueue.poll(LinkedBlockingQueue.java:460)&#10;        at app//org.apache.hadoop.ipc.CallQueueManager.take(CallQueueManager.java:370)&#10;        at app//org.apache.hadoop.ipc.Server$Handler.run(Server.java:3165)&#10;&quot;IPC Server handler 92 on default port 15001&quot; daemon prio=5 tid=318 timed_waiting&#10;java.lang.Thread.State: TIMED_WAITING&#10;        at java.base@21.0.7/jdk.internal.misc.Unsafe.park(Native Method)&#10;        at java.base@21.0.7/java.util.concurrent.locks.LockSupport.parkNanos(LockSupport.java:269)&#10;        at java.base@21.0.7/java.util.concurrent.locks.AbstractQueuedSynchronizer$ConditionObject.awaitNanos(AbstractQueuedSynchronizer.java:1763)&#10;        at java.base@21.0.7/java.util.concurrent.LinkedBlockingQueue.poll(LinkedBlockingQueue.java:460)&#10;        at app//org.apache.hadoop.ipc.CallQueueManager.take(CallQueueManager.java:370)&#10;        at app//org.apache.hadoop.ipc.Server$Handler.run(Server.java:3165)&#10;&quot;qtp2014583896-330&quot; daemon prio=5 tid=330 runnable&#10;java.lang.Thread.State: RUNNABLE&#10;        at java.base@21.0.7/sun.nio.ch.EPoll.wait(Native Method)&#10;        at java.base@21.0.7/sun.nio.ch.EPollSelectorImpl.doSelect(EPollSelectorImpl.java:121)&#10;        at java.base@21.0.7/sun.nio.ch.SelectorImpl.lockAndDoSelect(SelectorImpl.java:130)&#10;        at java.base@21.0.7/sun.nio.ch.SelectorImpl.select(SelectorImpl.java:147)&#10;        at app//org.eclipse.jetty.io.ManagedSelector.nioSelect(ManagedSelector.java:183)&#10;        at app//org.eclipse.jetty.io.ManagedSelector.select(ManagedSelector.java:190)&#10;        at app//org.eclipse.jetty.io.ManagedSelector$SelectorProducer.select(ManagedSelector.java:606)&#10;        at app//org.eclipse.jetty.io.ManagedSelector$SelectorProducer.produce(ManagedSelector.java:543)&#10;        at app//org.eclipse.jetty.util.thread.strategy.EatWhatYouKill.produceTask(EatWhatYouKill.java:362)&#10;        at app//org.eclipse.jetty.util.thread.strategy.EatWhatYouKill.doProduce(EatWhatYouKill.java:186)&#10;        at app//org.eclipse.jetty.util.thread.strategy.EatWhatYouKill.tryProduce(EatWhatYouKill.java:173)&#10;        at app//org.eclipse.jetty.util.thread.strategy.EatWhatYouKill.produce(EatWhatYouKill.java:137)&#10;        at app//org.eclipse.jetty.io.ManagedSelector$$Lambda/0x00007fe9046a5948.run(Unknown Source)&#10;        at app//org.eclipse.jetty.util.thread.QueuedThreadPool.runJob(QueuedThreadPool.java:883)&#10;        at app//org.eclipse.jetty.util.thread.QueuedThreadPool$Runner.run(QueuedThreadPool.java:1034)&#10;        at java.base@21.0.7/java.lang.Thread.runWith(Thread.java:1596)&#10;        at java.base@21.0.7/java.lang.Thread.run(Thread.java:1583)&#10;&quot;IPC Server handler 80 on default port 15001&quot; daemon prio=5 tid=306 timed_waiting&#10;java.lang.Thread.State: TIMED_WAITING&#10;        at java.base@21.0.7/jdk.internal.misc.Unsafe.park(Native Method)&#10;        at java.base@21.0.7/java.util.concurrent.locks.LockSupport.parkNanos(LockSupport.java:269)&#10;        at java.base@21.0.7/java.util.concurrent.locks.AbstractQueuedSynchronizer$ConditionObject.awaitNanos(AbstractQueuedSynchronizer.java:1763)&#10;        at java.base@21.0.7/java.util.concurrent.LinkedBlockingQueue.poll(LinkedBlockingQueue.java:460)&#10;        at app//org.apache.hadoop.ipc.CallQueueManager.take(CallQueueManager.java:370)&#10;        at app//org.apache.hadoop.ipc.Server$Handler.run(Server.java:3165)&#10;&quot;IPC Server handler 17 on default port 15000&quot; daemon prio=5 tid=143 timed_waiting&#10;java.lang.Thread.State: TIMED_WAITING&#10;        at java.base@21.0.7/jdk.internal.misc.Unsafe.park(Native Method)&#10;        at java.base@21.0.7/java.util.concurrent.locks.LockSupport.parkNanos(LockSupport.java:269)&#10;        at java.base@21.0.7/java.util.concurrent.locks.AbstractQueuedSynchronizer$ConditionObject.awaitNanos(AbstractQueuedSynchronizer.java:1763)&#10;        at java.base@21.0.7/java.util.concurrent.LinkedBlockingQueue.poll(LinkedBlockingQueue.java:460)&#10;        at app//org.apache.hadoop.ipc.CallQueueManager.take(CallQueueManager.java:370)&#10;        at app//org.apache.hadoop.ipc.Server$Handler.run(Server.java:3165)&#10;&quot;IPC Server handler 25 on default port 15000&quot; daemon prio=5 tid=151 timed_waiting&#10;java.lang.Thread.State: TIMED_WAITING&#10;        at java.base@21.0.7/jdk.internal.misc.Unsafe.park(Native Method)&#10;        at java.base@21.0.7/java.util.concurrent.locks.LockSupport.parkNanos(LockSupport.java:269)&#10;        at java.base@21.0.7/java.util.concurrent.locks.AbstractQueuedSynchronizer$ConditionObject.awaitNanos(AbstractQueuedSynchronizer.java:1763)&#10;        at java.base@21.0.7/java.util.concurrent.LinkedBlockingQueue.poll(LinkedBlockingQueue.java:460)&#10;        at app//org.apache.hadoop.ipc.CallQueueManager.take(CallQueueManager.java:370)&#10;        at app//org.apache.hadoop.ipc.Server$Handler.run(Server.java:3165)&#10;&quot;qtp1044130468-585&quot; daemon prio=5 tid=585 timed_waiting&#10;java.lang.Thread.State: TIMED_WAITING&#10;        at java.base@21.0.7/jdk.internal.misc.Unsafe.park(Native Method)&#10;        at java.base@21.0.7/java.util.concurrent.locks.LockSupport.parkNanos(LockSupport.java:269)&#10;        at java.base@21.0.7/java.util.concurrent.locks.AbstractQueuedSynchronizer$ConditionObject.awaitNanos(AbstractQueuedSynchronizer.java:1763)&#10;        at app//org.eclipse.jetty.util.BlockingArrayQueue.poll(BlockingArrayQueue.java:382)&#10;        at app//org.eclipse.jetty.util.thread.QueuedThreadPool$Runner.idleJobPoll(QueuedThreadPool.java:974)&#10;        at app//org.eclipse.jetty.util.thread.QueuedThreadPool$Runner.run(QueuedThreadPool.java:1018)&#10;        at java.base@21.0.7/java.lang.Thread.runWith(Thread.java:1596)&#10;        at java.base@21.0.7/java.lang.Thread.run(Thread.java:1583)&#10;&quot;dacc202e-cd42-4a7a-b335-fe62dff69130@group-F8F976EC3E9D-StateMachineUpdater&quot; daemon prio=5 tid=940 timed_waiting&#10;java.lang.Thread.State: TIMED_WAITING&#10;        at java.base@21.0.7/jdk.internal.misc.Unsafe.park(Native Method)&#10;        at java.base@21.0.7/java.util.concurrent.locks.LockSupport.parkNanos(LockSupport.java:269)&#10;        at java.base@21.0.7/java.util.concurrent.locks.AbstractQueuedSynchronizer$ConditionObject.await(AbstractQueuedSynchronizer.java:1852)&#10;        at app//org.apache.ratis.util.AwaitForSignal.await(AwaitForSignal.java:65)&#10;        at app//org.apache.ratis.server.impl.StateMachineUpdater.waitForCommit(StateMachineUpdater.java:219)&#10;        at app//org.apache.ratis.server.impl.StateMachineUpdater.run(StateMachineUpdater.java:187)&#10;        at java.base@21.0.7/java.lang.Thread.runWith(Thread.java:1596)&#10;        at java.base@21.0.7/java.lang.Thread.run(Thread.java:1583)&#10;&quot;qtp207012443-624&quot; daemon prio=5 tid=624 runnable&#10;java.lang.Thread.State: RUNNABLE&#10;        at java.base@21.0.7/sun.nio.ch.EPoll.wait(Native Method)&#10;        at java.base@21.0.7/sun.nio.ch.EPollSelectorImpl.doSelect(EPollSelectorImpl.java:121)&#10;        at java.base@21.0.7/sun.nio.ch.SelectorImpl.lockAndDoSelect(SelectorImpl.java:130)&#10;        at java.base@21.0.7/sun.nio.ch.SelectorImpl.select(SelectorImpl.java:147)&#10;        at app//org.eclipse.jetty.io.ManagedSelector.nioSelect(ManagedSelector.java:183)&#10;        at app//org.eclipse.jetty.io.ManagedSelector.select(ManagedSelector.java:190)&#10;        at app//org.eclipse.jetty.io.ManagedSelector$SelectorProducer.select(ManagedSelector.java:606)&#10;        at app//org.eclipse.jetty.io.ManagedSelector$SelectorProducer.produce(ManagedSelector.java:543)&#10;        at app//org.eclipse.jetty.util.thread.strategy.EatWhatYouKill.produceTask(EatWhatYouKill.java:362)&#10;        at app//org.eclipse.jetty.util.thread.strategy.EatWhatYouKill.doProduce(EatWhatYouKill.java:186)&#10;        at app//org.eclipse.jetty.util.thread.strategy.EatWhatYouKill.tryProduce(EatWhatYouKill.java:173)&#10;        at app//org.eclipse.jetty.util.thread.strategy.EatWhatYouKill.produce(EatWhatYouKill.java:137)&#10;        at app//org.eclipse.jetty.io.ManagedSelector$$Lambda/0x00007fe9046a5948.run(Unknown Source)&#10;        at app//org.eclipse.jetty.util.thread.QueuedThreadPool.runJob(QueuedThreadPool.java:883)&#10;        at app//org.eclipse.jetty.util.thread.QueuedThreadPool$Runner.run(QueuedThreadPool.java:1034)&#10;        at java.base@21.0.7/java.lang.Thread.runWith(Thread.java:1596)&#10;        at java.base@21.0.7/java.lang.Thread.run(Thread.java:1583)&#10;&quot;78b7fabf-ca2a-4b70-8534-e46926e2083c-ChunkWriter-3-0&quot; daemon prio=5 tid=853 in Object.wait()&#10;java.lang.Thread.State: WAITING (on object monitor)&#10;        at java.base@21.0.7/jdk.internal.misc.Unsafe.park(Native Method)&#10;        at java.base@21.0.7/java.util.concurrent.locks.LockSupport.park(LockSupport.java:371)&#10;        at java.base@21.0.7/java.util.concurrent.locks.AbstractQueuedSynchronizer$ConditionNode.block(AbstractQueuedSynchronizer.java:519)&#10;        at java.base@21.0.7/java.util.concurrent.ForkJoinPool.unmanagedBlock(ForkJoinPool.java:3780)&#10;        at java.base@21.0.7/java.util.concurrent.ForkJoinPool.managedBlock(ForkJoinPool.java:3725)&#10;        at java.base@21.0.7/java.util.concurrent.locks.AbstractQueuedSynchronizer$ConditionObject.await(AbstractQueuedSynchronizer.java:1712)&#10;        at java.base@21.0.7/java.util.concurrent.LinkedBlockingDeque.takeFirst(LinkedBlockingDeque.java:485)&#10;        at java.base@21.0.7/java.util.concurrent.LinkedBlockingDeque.take(LinkedBlockingDeque.java:673)&#10;        at java.base@21.0.7/java.util.concurrent.ThreadPoolExecutor.getTask(ThreadPoolExecutor.java:1070)&#10;        at java.base@21.0.7/java.util.concurrent.ThreadPoolExecutor.runWorker(ThreadPoolExecutor.java:1130)&#10;        at java.base@21.0.7/java.util.concurrent.ThreadPoolExecutor$Worker.run(ThreadPoolExecutor.java:642)&#10;        at java.base@21.0.7/java.lang.Thread.runWith(Thread.java:1596)&#10;        at java.base@21.0.7/java.lang.Thread.run(Thread.java:1583)&#10;&quot;JvmPauseMonitor7&quot; daemon prio=5 tid=854 timed_waiting&#10;java.lang.Thread.State: TIMED_WAITING&#10;        at java.base@21.0.7/java.lang.Thread.sleep0(Native Method)&#10;        at java.base@21.0.7/java.lang.Thread.sleep(Thread.java:558)&#10;        at java.base@21.0.7/java.util.concurrent.TimeUnit.sleep(TimeUnit.java:446)&#10;        at app//org.apache.ratis.util.TimeDuration.sleep(TimeDuration.java:353)&#10;        at app//org.apache.ratis.util.TimeDuration.sleep(TimeDuration.java:338)&#10;        at app//org.apache.ratis.util.JvmPauseMonitor.detectPause(JvmPauseMonitor.java:160)&#10;        at app//org.apache.ratis.util.JvmPauseMonitor.run(JvmPauseMonitor.java:149)&#10;        at app//org.apache.ratis.util.JvmPauseMonitor$$Lambda/0x00007fe90439a488.run(Unknown Source)&#10;        at java.base@21.0.7/java.lang.Thread.runWith(Thread.java:1596)&#10;        at java.base@21.0.7/java.lang.Thread.run(Thread.java:1583)&#10;&quot;EventQueue-NodeRegistrationContainerReportForDataNodeSafeModeRule&quot; daemon prio=5 tid=766 in Object.wait()&#10;java.lang.Thread.State: WAITING (on object monitor)&#10;        at java.base@21.0.7/jdk.internal.misc.Unsafe.park(Native Method)&#10;        at java.base@21.0.7/java.util.concurrent.locks.LockSupport.park(LockSupport.java:371)&#10;        at java.base@21.0.7/java.util.concurrent.locks.AbstractQueuedSynchronizer$ConditionNode.block(AbstractQueuedSynchronizer.java:519)&#10;        at java.base@21.0.7/java.util.concurrent.ForkJoinPool.unmanagedBlock(ForkJoinPool.java:3780)&#10;        at java.base@21.0.7/java.util.concurrent.ForkJoinPool.managedBlock(ForkJoinPool.java:3725)&#10;        at java.base@21.0.7/java.util.concurrent.locks.AbstractQueuedSynchronizer$ConditionObject.await(AbstractQueuedSynchronizer.java:1712)&#10;        at java.base@21.0.7/java.util.concurrent.LinkedBlockingQueue.take(LinkedBlockingQueue.java:435)&#10;        at java.base@21.0.7/java.util.concurrent.ThreadPoolExecutor.getTask(ThreadPoolExecutor.java:1070)&#10;        at java.base@21.0.7/java.util.concurrent.ThreadPoolExecutor.runWorker(ThreadPoolExecutor.java:1130)&#10;        at java.base@21.0.7/java.util.concurrent.ThreadPoolExecutor$Worker.run(ThreadPoolExecutor.java:642)&#10;        at java.base@21.0.7/java.lang.Thread.runWith(Thread.java:1596)&#10;        at java.base@21.0.7/java.lang.Thread.run(Thread.java:1583)&#10;&quot;78b7fabf-ca2a-4b70-8534-e46926e2083c-ChunkWriter-0-0&quot; daemon prio=5 tid=850 in Object.wait()&#10;java.lang.Thread.State: WAITING (on object monitor)&#10;        at java.base@21.0.7/jdk.internal.misc.Unsafe.park(Native Method)&#10;        at java.base@21.0.7/java.util.concurrent.locks.LockSupport.park(LockSupport.java:371)&#10;        at java.base@21.0.7/java.util.concurrent.locks.AbstractQueuedSynchronizer$ConditionNode.block(AbstractQueuedSynchronizer.java:519)&#10;        at java.base@21.0.7/java.util.concurrent.ForkJoinPool.unmanagedBlock(ForkJoinPool.java:3780)&#10;        at java.base@21.0.7/java.util.concurrent.ForkJoinPool.managedBlock(ForkJoinPool.java:3725)&#10;        at java.base@21.0.7/java.util.concurrent.locks.AbstractQueuedSynchronizer$ConditionObject.await(AbstractQueuedSynchronizer.java:1712)&#10;        at java.base@21.0.7/java.util.concurrent.LinkedBlockingDeque.takeFirst(LinkedBlockingDeque.java:485)&#10;        at java.base@21.0.7/java.util.concurrent.LinkedBlockingDeque.take(LinkedBlockingDeque.java:673)&#10;        at java.base@21.0.7/java.util.concurrent.ThreadPoolExecutor.getTask(ThreadPoolExecutor.java:1070)&#10;        at java.base@21.0.7/java.util.concurrent.ThreadPoolExecutor.runWorker(ThreadPoolExecutor.java:1130)&#10;        at java.base@21.0.7/java.util.concurrent.ThreadPoolExecutor$Worker.run(ThreadPoolExecutor.java:642)&#10;        at java.base@21.0.7/java.lang.Thread.runWith(Thread.java:1596)&#10;        at java.base@21.0.7/java.lang.Thread.run(Thread.java:1583)&#10;&quot;IPC Server handler 18 on default port 15006&quot; daemon prio=5 tid=523 timed_waiting&#10;java.lang.Thread.State: TIMED_WAITING&#10;        at java.base@21.0.7/jdk.internal.misc.Unsafe.park(Native Method)&#10;        at java.base@21.0.7/java.util.concurrent.locks.LockSupport.parkNanos(LockSupport.java:269)&#10;        at java.base@21.0.7/java.util.concurrent.locks.AbstractQueuedSynchronizer$ConditionObject.awaitNanos(AbstractQueuedSynchronizer.java:1763)&#10;        at java.base@21.0.7/java.util.concurrent.LinkedBlockingQueue.poll(LinkedBlockingQueue.java:460)&#10;        at app//org.apache.hadoop.ipc.CallQueueManager.take(CallQueueManager.java:370)&#10;        at app//org.apache.hadoop.ipc.Server$Handler.run(Server.java:3165)&#10;&quot;IPC Server Responder&quot; daemon prio=5 tid=731 runnable&#10;java.lang.Thread.State: RUNNABLE&#10;        at java.base@21.0.7/sun.nio.ch.EPoll.wait(Native Method)&#10;        at java.base@21.0.7/sun.nio.ch.EPollSelectorImpl.doSelect(EPollSelectorImpl.java:121)&#10;        at java.base@21.0.7/sun.nio.ch.SelectorImpl.lockAndDoSelect(SelectorImpl.java:130)&#10;        at java.base@21.0.7/sun.nio.ch.SelectorImpl.select(SelectorImpl.java:142)&#10;        at app//org.apache.hadoop.ipc.Server$Responder.doRunLoop(Server.java:1733)&#10;        at app//org.apache.hadoop.ipc.Server$Responder.run(Server.java:1716)&#10;&quot;IPC Server handler 4 on default port 15043&quot; daemon prio=5 tid=792 timed_waiting&#10;java.lang.Thread.State: TIMED_WAITING&#10;        at java.base@21.0.7/jdk.internal.misc.Unsafe.park(Native Method)&#10;        at java.base@21.0.7/java.util.concurrent.locks.LockSupport.parkNanos(LockSupport.java:269)&#10;        at java.base@21.0.7/java.util.concurrent.locks.AbstractQueuedSynchronizer$ConditionObject.awaitNanos(AbstractQueuedSynchronizer.java:1763)&#10;        at java.base@21.0.7/java.util.concurrent.LinkedBlockingQueue.poll(LinkedBlockingQueue.java:460)&#10;        at app//org.apache.hadoop.ipc.CallQueueManager.take(CallQueueManager.java:370)&#10;        at app//org.apache.hadoop.ipc.Server$Handler.run(Server.java:3165)&#10;&quot;qtp2014583896-329&quot; daemon prio=5 tid=329 runnable&#10;java.lang.Thread.State: RUNNABLE&#10;        at java.base@21.0.7/sun.nio.ch.EPoll.wait(Native Method)&#10;        at java.base@21.0.7/sun.nio.ch.EPollSelectorImpl.doSelect(EPollSelectorImpl.java:121)&#10;        at java.base@21.0.7/sun.nio.ch.SelectorImpl.lockAndDoSelect(SelectorImpl.java:130)&#10;        at java.base@21.0.7/sun.nio.ch.SelectorImpl.select(SelectorImpl.java:147)&#10;        at app//org.eclipse.jetty.io.ManagedSelector.nioSelect(ManagedSelector.java:183)&#10;        at app//org.eclipse.jetty.io.ManagedSelector.select(ManagedSelector.java:190)&#10;        at app//org.eclipse.jetty.io.ManagedSelector$SelectorProducer.select(ManagedSelector.java:606)&#10;        at app//org.eclipse.jetty.io.ManagedSelector$SelectorProducer.produce(ManagedSelector.java:543)&#10;        at app//org.eclipse.jetty.util.thread.strategy.EatWhatYouKill.produceTask(EatWhatYouKill.java:362)&#10;        at app//org.eclipse.jetty.util.thread.strategy.EatWhatYouKill.doProduce(EatWhatYouKill.java:186)&#10;        at app//org.eclipse.jetty.util.thread.strategy.EatWhatYouKill.tryProduce(EatWhatYouKill.java:173)&#10;        at app//org.eclipse.jetty.util.thread.strategy.EatWhatYouKill.produce(EatWhatYouKill.java:137)&#10;        at app//org.eclipse.jetty.io.ManagedSelector$$Lambda/0x00007fe9046a5948.run(Unknown Source)&#10;        at app//org.eclipse.jetty.util.thread.QueuedThreadPool.runJob(QueuedThreadPool.java:883)&#10;        at app//org.eclipse.jetty.util.thread.QueuedThreadPool$Runner.run(QueuedThreadPool.java:1034)&#10;        at java.base@21.0.7/java.lang.Thread.runWith(Thread.java:1596)&#10;        at java.base@21.0.7/java.lang.Thread.run(Thread.java:1583)&#10;&quot;IPC Server handler 75 on default port 15001&quot; daemon prio=5 tid=301 timed_waiting&#10;java.lang.Thread.State: TIMED_WAITING&#10;        at java.base@21.0.7/jdk.internal.misc.Unsafe.park(Native Method)&#10;        at java.base@21.0.7/java.util.concurrent.locks.LockSupport.parkNanos(LockSupport.java:269)&#10;        at java.base@21.0.7/java.util.concurrent.locks.AbstractQueuedSynchronizer$ConditionObject.awaitNanos(AbstractQueuedSynchronizer.java:1763)&#10;        at java.base@21.0.7/java.util.concurrent.LinkedBlockingQueue.poll(LinkedBlockingQueue.java:460)&#10;        at app//org.apache.hadoop.ipc.CallQueueManager.take(CallQueueManager.java:370)&#10;        at app//org.apache.hadoop.ipc.Server$Handler.run(Server.java:3165)&#10;&quot;78b7fabf-ca2a-4b70-8534-e46926e2083c-ChunkReader-ELG-0&quot; daemon prio=5 tid=855 runnable&#10;java.lang.Thread.State: RUNNABLE&#10;        at app//org.apache.ratis.thirdparty.io.netty.channel.epoll.Native.epollWait(Native Method)&#10;        at app//org.apache.ratis.thirdparty.io.netty.channel.epoll.Native.epollWait(Native.java:220)&#10;        at app//org.apache.ratis.thirdparty.io.netty.channel.epoll.Native.epollWait(Native.java:213)&#10;        at app//org.apache.ratis.thirdparty.io.netty.channel.epoll.EpollEventLoop.epollWaitNoTimerChange(EpollEventLoop.java:308)&#10;        at app//org.apache.ratis.thirdparty.io.netty.channel.epoll.EpollEventLoop.run(EpollEventLoop.java:365)&#10;        at app//org.apache.ratis.thirdparty.io.netty.util.concurrent.SingleThreadEventExecutor$4.run(SingleThreadEventExecutor.java:997)&#10;        at app//org.apache.ratis.thirdparty.io.netty.util.internal.ThreadExecutorMap$2.run(ThreadExecutorMap.java:74)&#10;        at java.base@21.0.7/java.lang.Thread.runWith(Thread.java:1596)&#10;        at java.base@21.0.7/java.lang.Thread.run(Thread.java:1583)&#10;&quot;IPC Server handler 93 on default port 15000&quot; daemon prio=5 tid=219 timed_waiting&#10;java.lang.Thread.State: TIMED_WAITING&#10;        at java.base@21.0.7/jdk.internal.misc.Unsafe.park(Native Method)&#10;        at java.base@21.0.7/java.util.concurrent.locks.LockSupport.parkNanos(LockSupport.java:269)&#10;        at java.base@21.0.7/java.util.concurrent.locks.AbstractQueuedSynchronizer$ConditionObject.awaitNanos(AbstractQueuedSynchronizer.java:1763)&#10;        at java.base@21.0.7/java.util.concurrent.LinkedBlockingQueue.poll(LinkedBlockingQueue.java:460)&#10;        at app//org.apache.hadoop.ipc.CallQueueManager.take(CallQueueManager.java:370)&#10;        at app//org.apache.hadoop.ipc.Server$Handler.run(Server.java:3165)&#10;&quot;IPC Server handler 31 on default port 15002&quot; daemon prio=5 tid=375 timed_waiting&#10;java.lang.Thread.State: TIMED_WAITING&#10;        at java.base@21.0.7/jdk.internal.misc.Unsafe.park(Native Method)&#10;        at java.base@21.0.7/java.util.concurrent.locks.LockSupport.parkNanos(LockSupport.java:269)&#10;        at java.base@21.0.7/java.util.concurrent.locks.AbstractQueuedSynchronizer$ConditionObject.awaitNanos(AbstractQueuedSynchronizer.java:1763)&#10;        at java.base@21.0.7/java.util.concurrent.LinkedBlockingQueue.poll(LinkedBlockingQueue.java:460)&#10;        at app//org.apache.hadoop.ipc.CallQueueManager.take(CallQueueManager.java:370)&#10;        at app//org.apache.hadoop.ipc.Server$Handler.run(Server.java:3165)&#10;&quot;junit-jupiter-timeout-watcher&quot;  prio=10 tid=33 timed_waiting&#10;java.lang.Thread.State: TIMED_WAITING&#10;        at java.base@21.0.7/jdk.internal.misc.Unsafe.park(Native Method)&#10;        at java.base@21.0.7/java.util.concurrent.locks.LockSupport.parkNanos(LockSupport.java:269)&#10;        at java.base@21.0.7/java.util.concurrent.locks.AbstractQueuedSynchronizer$ConditionObject.awaitNanos(AbstractQueuedSynchronizer.java:1763)&#10;        at java.base@21.0.7/java.util.concurrent.ScheduledThreadPoolExecutor$DelayedWorkQueue.take(ScheduledThreadPoolExecutor.java:1182)&#10;        at java.base@21.0.7/java.util.concurrent.ScheduledThreadPoolExecutor$DelayedWorkQueue.take(ScheduledThreadPoolExecutor.java:899)&#10;        at java.base@21.0.7/java.util.concurrent.ThreadPoolExecutor.getTask(ThreadPoolExecutor.java:1070)&#10;        at java.base@21.0.7/java.util.concurrent.ThreadPoolExecutor.runWorker(ThreadPoolExecutor.java:1130)&#10;        at java.base@21.0.7/java.util.concurrent.ThreadPoolExecutor$Worker.run(ThreadPoolExecutor.java:642)&#10;        at java.base@21.0.7/java.lang.Thread.runWith(Thread.java:1596)&#10;        at java.base@21.0.7/java.lang.Thread.run(Thread.java:1583)&#10;&quot;IPC Server handler 52 on default port 15002&quot; daemon prio=5 tid=396 timed_waiting&#10;java.lang.Thread.State: TIMED_WAITING&#10;        at java.base@21.0.7/jdk.internal.misc.Unsafe.park(Native Method)&#10;        at java.base@21.0.7/java.util.concurrent.locks.LockSupport.parkNanos(LockSupport.java:269)&#10;        at java.base@21.0.7/java.util.concurrent.locks.AbstractQueuedSynchronizer$ConditionObject.awaitNanos(AbstractQueuedSynchronizer.java:1763)&#10;        at java.base@21.0.7/java.util.concurrent.LinkedBlockingQueue.poll(LinkedBlockingQueue.java:460)&#10;        at app//org.apache.hadoop.ipc.CallQueueManager.take(CallQueueManager.java:370)&#10;        at app//org.apache.hadoop.ipc.Server$Handler.run(Server.java:3165)&#10;&quot;IPC Server handler 34 on default port 15000&quot; daemon prio=5 tid=160 timed_waiting&#10;java.lang.Thread.State: TIMED_WAITING&#10;        at java.base@21.0.7/jdk.internal.misc.Unsafe.park(Native Method)&#10;        at java.base@21.0.7/java.util.concurrent.locks.LockSupport.parkNanos(LockSupport.java:269)&#10;        at java.base@21.0.7/java.util.concurrent.locks.AbstractQueuedSynchronizer$ConditionObject.awaitNanos(AbstractQueuedSynchronizer.java:1763)&#10;        at java.base@21.0.7/java.util.concurrent.LinkedBlockingQueue.poll(LinkedBlockingQueue.java:460)&#10;        at app//org.apache.hadoop.ipc.CallQueueManager.take(CallQueueManager.java:370)&#10;        at app//org.apache.hadoop.ipc.Server$Handler.run(Server.java:3165)&#10;&quot;IPC Server handler 55 on default port 15002&quot; daemon prio=5 tid=399 timed_waiting&#10;java.lang.Thread.State: TIMED_WAITING&#10;        at java.base@21.0.7/jdk.internal.misc.Unsafe.park(Native Method)&#10;        at java.base@21.0.7/java.util.concurrent.locks.LockSupport.parkNanos(LockSupport.java:269)&#10;        at java.base@21.0.7/java.util.concurrent.locks.AbstractQueuedSynchronizer$ConditionObject.awaitNanos(AbstractQueuedSynchronizer.java:1763)&#10;        at java.base@21.0.7/java.util.concurrent.LinkedBlockingQueue.poll(LinkedBlockingQueue.java:460)&#10;        at app//org.apache.hadoop.ipc.CallQueueManager.take(CallQueueManager.java:370)&#10;        at app//org.apache.hadoop.ipc.Server$Handler.run(Server.java:3165)&#10;&quot;IPC Server handler 20 on default port 15000&quot; daemon prio=5 tid=146 timed_waiting&#10;java.lang.Thread.State: TIMED_WAITING&#10;        at java.base@21.0.7/jdk.internal.misc.Unsafe.park(Native Method)&#10;        at java.base@21.0.7/java.util.concurrent.locks.LockSupport.parkNanos(LockSupport.java:269)&#10;        at java.base@21.0.7/java.util.concurrent.locks.AbstractQueuedSynchronizer$ConditionObject.awaitNanos(AbstractQueuedSynchronizer.java:1763)&#10;        at java.base@21.0.7/java.util.concurrent.LinkedBlockingQueue.poll(LinkedBlockingQueue.java:460)&#10;        at app//org.apache.hadoop.ipc.CallQueueManager.take(CallQueueManager.java:370)&#10;        at app//org.apache.hadoop.ipc.Server$Handler.run(Server.java:3165)&#10;&quot;Socket Reader #2 for port 15001&quot;  prio=5 tid=82 runnable&#10;java.lang.Thread.State: RUNNABLE&#10;        at java.base@21.0.7/sun.nio.ch.EPoll.wait(Native Method)&#10;        at java.base@21.0.7/sun.nio.ch.EPollSelectorImpl.doSelect(EPollSelectorImpl.java:121)&#10;        at java.base@21.0.7/sun.nio.ch.SelectorImpl.lockAndDoSelect(SelectorImpl.java:130)&#10;        at java.base@21.0.7/sun.nio.ch.SelectorImpl.select(SelectorImpl.java:147)&#10;        at app//org.apache.hadoop.ipc.Server$Listener$Reader.doRunLoop(Server.java:1497)&#10;        at app//org.apache.hadoop.ipc.Server$Listener$Reader.run(Server.java:1476)&#10;&quot;qtp1044130468-578&quot; daemon prio=5 tid=578 runnable&#10;java.lang.Thread.State: RUNNABLE&#10;        at java.base@21.0.7/sun.nio.ch.EPoll.wait(Native Method)&#10;        at java.base@21.0.7/sun.nio.ch.EPollSelectorImpl.doSelect(EPollSelectorImpl.java:121)&#10;        at java.base@21.0.7/sun.nio.ch.SelectorImpl.lockAndDoSelect(SelectorImpl.java:130)&#10;        at java.base@21.0.7/sun.nio.ch.SelectorImpl.select(SelectorImpl.java:147)&#10;        at app//org.eclipse.jetty.io.ManagedSelector.nioSelect(ManagedSelector.java:183)&#10;        at app//org.eclipse.jetty.io.ManagedSelector.select(ManagedSelector.java:190)&#10;        at app//org.eclipse.jetty.io.ManagedSelector$SelectorProducer.select(ManagedSelector.java:606)&#10;        at app//org.eclipse.jetty.io.ManagedSelector$SelectorProducer.produce(ManagedSelector.java:543)&#10;        at app//org.eclipse.jetty.util.thread.strategy.EatWhatYouKill.produceTask(EatWhatYouKill.java:362)&#10;        at app//org.eclipse.jetty.util.thread.strategy.EatWhatYouKill.doProduce(EatWhatYouKill.java:186)&#10;        at app//org.eclipse.jetty.util.thread.strategy.EatWhatYouKill.tryProduce(EatWhatYouKill.java:173)&#10;        at app//org.eclipse.jetty.util.thread.strategy.EatWhatYouKill.produce(EatWhatYouKill.java:137)&#10;        at app//org.eclipse.jetty.io.ManagedSelector$$Lambda/0x00007fe9046a5948.run(Unknown Source)&#10;        at app//org.eclipse.jetty.util.thread.QueuedThreadPool.runJob(QueuedThreadPool.java:883)&#10;        at app//org.eclipse.jetty.util.thread.QueuedThreadPool$Runner.run(QueuedThreadPool.java:1034)&#10;        at java.base@21.0.7/java.lang.Thread.runWith(Thread.java:1596)&#10;        at java.base@21.0.7/java.lang.Thread.run(Thread.java:1583)&#10;&quot;Session-HouseKeeper-5ccb26a0-1&quot;  prio=5 tid=764 timed_waiting&#10;java.lang.Thread.State: TIMED_WAITING&#10;        at java.base@21.0.7/jdk.internal.misc.Unsafe.park(Native Method)&#10;        at java.base@21.0.7/java.util.concurrent.locks.LockSupport.parkNanos(LockSupport.java:269)&#10;        at java.base@21.0.7/java.util.concurrent.locks.AbstractQueuedSynchronizer$ConditionObject.awaitNanos(AbstractQueuedSynchronizer.java:1763)&#10;        at java.base@21.0.7/java.util.concurrent.ScheduledThreadPoolExecutor$DelayedWorkQueue.take(ScheduledThreadPoolExecutor.java:1182)&#10;        at java.base@21.0.7/java.util.concurrent.ScheduledThreadPoolExecutor$DelayedWorkQueue.take(ScheduledThreadPoolExecutor.java:899)&#10;        at java.base@21.0.7/java.util.concurrent.ThreadPoolExecutor.getTask(ThreadPoolExecutor.java:1070)&#10;        at java.base@21.0.7/java.util.concurrent.ThreadPoolExecutor.runWorker(ThreadPoolExecutor.java:1130)&#10;        at java.base@21.0.7/java.util.concurrent.ThreadPoolExecutor$Worker.run(ThreadPoolExecutor.java:642)&#10;        at java.base@21.0.7/java.lang.Thread.runWith(Thread.java:1596)&#10;        at java.base@21.0.7/java.lang.Thread.run(Thread.java:1583)&#10;&quot;dacc202e-cd42-4a7a-b335-fe62dff69130@group-F8F976EC3E9D-cacheEviction-AwaitToRun&quot; daemon prio=5 tid=934 in Object.wait()&#10;java.lang.Thread.State: WAITING (on object monitor)&#10;        at java.base@21.0.7/jdk.internal.misc.Unsafe.park(Native Method)&#10;        at java.base@21.0.7/java.util.concurrent.locks.LockSupport.park(LockSupport.java:371)&#10;        at java.base@21.0.7/java.util.concurrent.locks.AbstractQueuedSynchronizer$ConditionNode.block(AbstractQueuedSynchronizer.java:519)&#10;        at java.base@21.0.7/java.util.concurrent.ForkJoinPool.unmanagedBlock(ForkJoinPool.java:3780)&#10;        at java.base@21.0.7/java.util.concurrent.ForkJoinPool.managedBlock(ForkJoinPool.java:3725)&#10;        at java.base@21.0.7/java.util.concurrent.locks.AbstractQueuedSynchronizer$ConditionObject.await(AbstractQueuedSynchronizer.java:1712)&#10;        at app//org.apache.ratis.util.AwaitForSignal.await(AwaitForSignal.java:48)&#10;        at app//org.apache.ratis.util.AwaitToRun$RunnableImpl.run(AwaitToRun.java:47)&#10;        at java.base@21.0.7/java.lang.Thread.runWith(Thread.java:1596)&#10;        at java.base@21.0.7/java.lang.Thread.run(Thread.java:1583)&#10;&quot;IPC Server listener on 15000&quot; daemon prio=5 tid=94 runnable&#10;java.lang.Thread.State: RUNNABLE&#10;        at java.base@21.0.7/sun.nio.ch.EPoll.wait(Native Method)&#10;        at java.base@21.0.7/sun.nio.ch.EPollSelectorImpl.doSelect(EPollSelectorImpl.java:121)&#10;        at java.base@21.0.7/sun.nio.ch.SelectorImpl.lockAndDoSelect(SelectorImpl.java:130)&#10;        at java.base@21.0.7/sun.nio.ch.SelectorImpl.select(SelectorImpl.java:147)&#10;        at app//org.apache.hadoop.ipc.Server$Listener.run(Server.java:1559)&#10;&quot;IPC Server handler 37 on default port 15000&quot; daemon prio=5 tid=163 timed_waiting&#10;java.lang.Thread.State: TIMED_WAITING&#10;        at java.base@21.0.7/jdk.internal.misc.Unsafe.park(Native Method)&#10;        at java.base@21.0.7/java.util.concurrent.locks.LockSupport.parkNanos(LockSupport.java:269)&#10;        at java.base@21.0.7/java.util.concurrent.locks.AbstractQueuedSynchronizer$ConditionObject.awaitNanos(AbstractQueuedSynchronizer.java:1763)&#10;        at java.base@21.0.7/java.util.concurrent.LinkedBlockingQueue.poll(LinkedBlockingQueue.java:460)&#10;        at app//org.apache.hadoop.ipc.CallQueueManager.take(CallQueueManager.java:370)&#10;        at app//org.apache.hadoop.ipc.Server$Handler.run(Server.java:3165)&#10;&quot;pool-94-thread-1&quot; daemon prio=5 tid=706 timed_waiting&#10;java.lang.Thread.State: TIMED_WAITING&#10;        at java.base@21.0.7/jdk.internal.misc.Unsafe.park(Native Method)&#10;        at java.base@21.0.7/java.util.concurrent.locks.LockSupport.parkNanos(LockSupport.java:269)&#10;        at java.base@21.0.7/java.util.concurrent.locks.AbstractQueuedSynchronizer$ConditionObject.awaitNanos(AbstractQueuedSynchronizer.java:1763)&#10;        at java.base@21.0.7/java.util.concurrent.ScheduledThreadPoolExecutor$DelayedWorkQueue.take(ScheduledThreadPoolExecutor.java:1182)&#10;        at java.base@21.0.7/java.util.concurrent.ScheduledThreadPoolExecutor$DelayedWorkQueue.take(ScheduledThreadPoolExecutor.java:899)&#10;        at java.base@21.0.7/java.util.concurrent.ThreadPoolExecutor.getTask(ThreadPoolExecutor.java:1070)&#10;        at java.base@21.0.7/java.util.concurrent.ThreadPoolExecutor.runWorker(ThreadPoolExecutor.java:1130)&#10;        at java.base@21.0.7/java.util.concurrent.ThreadPoolExecutor$Worker.run(ThreadPoolExecutor.java:642)&#10;        at java.base@21.0.7/java.lang.Thread.runWith(Thread.java:1596)&#10;        at java.base@21.0.7/java.lang.Thread.run(Thread.java:1583)&#10;&quot;IPC Server handler 80 on default port 15002&quot; daemon prio=5 tid=424 timed_waiting&#10;java.lang.Thread.State: TIMED_WAITING&#10;        at java.base@21.0.7/jdk.internal.misc.Unsafe.park(Native Method)&#10;        at java.base@21.0.7/java.util.concurrent.locks.LockSupport.parkNanos(LockSupport.java:269)&#10;        at java.base@21.0.7/java.util.concurrent.locks.AbstractQueuedSynchronizer$ConditionObject.awaitNanos(AbstractQueuedSynchronizer.java:1763)&#10;        at java.base@21.0.7/java.util.concurrent.LinkedBlockingQueue.poll(LinkedBlockingQueue.java:460)&#10;        at app//org.apache.hadoop.ipc.CallQueueManager.take(CallQueueManager.java:370)&#10;        at app//org.apache.hadoop.ipc.Server$Handler.run(Server.java:3165)&#10;&quot;IPC Server handler 2 on default port 15001&quot; daemon prio=5 tid=228 timed_waiting&#10;java.lang.Thread.State: TIMED_WAITING&#10;        at java.base@21.0.7/jdk.internal.misc.Unsafe.park(Native Method)&#10;        at java.base@21.0.7/java.util.concurrent.locks.LockSupport.parkNanos(LockSupport.java:269)&#10;        at java.base@21.0.7/java.util.concurrent.locks.AbstractQueuedSynchronizer$ConditionObject.awaitNanos(AbstractQueuedSynchronizer.java:1763)&#10;        at java.base@21.0.7/java.util.concurrent.LinkedBlockingQueue.poll(LinkedBlockingQueue.java:460)&#10;        at app//org.apache.hadoop.ipc.CallQueueManager.take(CallQueueManager.java:370)&#10;        at app//org.apache.hadoop.ipc.Server$Handler.run(Server.java:3165)&#10;&quot;IPC Server handler 0 on default port 15006&quot; daemon prio=5 tid=505 timed_waiting&#10;java.lang.Thread.State: TIMED_WAITING&#10;        at java.base@21.0.7/jdk.internal.misc.Unsafe.park(Native Method)&#10;        at java.base@21.0.7/java.util.concurrent.locks.LockSupport.parkNanos(LockSupport.java:269)&#10;        at java.base@21.0.7/java.util.concurrent.locks.AbstractQueuedSynchronizer$ConditionObject.awaitNanos(AbstractQueuedSynchronizer.java:1763)&#10;        at java.base@21.0.7/java.util.concurrent.LinkedBlockingQueue.poll(LinkedBlockingQueue.java:460)&#10;        at app//org.apache.hadoop.ipc.CallQueueManager.take(CallQueueManager.java:370)&#10;        at app//org.apache.hadoop.ipc.Server$Handler.run(Server.java:3165)&#10;&quot;Socket Reader #9 for port 15001&quot;  prio=5 tid=89 runnable&#10;java.lang.Thread.State: RUNNABLE&#10;        at java.base@21.0.7/sun.nio.ch.EPoll.wait(Native Method)&#10;        at java.base@21.0.7/sun.nio.ch.EPollSelectorImpl.doSelect(EPollSelectorImpl.java:121)&#10;        at java.base@21.0.7/sun.nio.ch.SelectorImpl.lockAndDoSelect(SelectorImpl.java:130)&#10;        at java.base@21.0.7/sun.nio.ch.SelectorImpl.select(SelectorImpl.java:147)&#10;        at app//org.apache.hadoop.ipc.Server$Listener$Reader.doRunLoop(Server.java:1497)&#10;        at app//org.apache.hadoop.ipc.Server$Listener$Reader.run(Server.java:1476)&#10;&quot;Socket Reader #10 for port 15001&quot;  prio=5 tid=90 runnable&#10;java.lang.Thread.State: RUNNABLE&#10;        at java.base@21.0.7/sun.nio.ch.EPoll.wait(Native Method)&#10;        at java.base@21.0.7/sun.nio.ch.EPollSelectorImpl.doSelect(EPollSelectorImpl.java:121)&#10;        at java.base@21.0.7/sun.nio.ch.SelectorImpl.lockAndDoSelect(SelectorImpl.java:130)&#10;        at java.base@21.0.7/sun.nio.ch.SelectorImpl.select(SelectorImpl.java:147)&#10;        at app//org.apache.hadoop.ipc.Server$Listener$Reader.doRunLoop(Server.java:1497)&#10;        at app//org.apache.hadoop.ipc.Server$Listener$Reader.run(Server.java:1476)&#10;&quot;IPC Server handler 19 on default port 15002&quot; daemon prio=5 tid=363 timed_waiting&#10;java.lang.Thread.State: TIMED_WAITING&#10;        at java.base@21.0.7/jdk.internal.misc.Unsafe.park(Native Method)&#10;        at java.base@21.0.7/java.util.concurrent.locks.LockSupport.parkNanos(LockSupport.java:269)&#10;        at java.base@21.0.7/java.util.concurrent.locks.AbstractQueuedSynchronizer$ConditionObject.awaitNanos(AbstractQueuedSynchronizer.java:1763)&#10;        at java.base@21.0.7/java.util.concurrent.LinkedBlockingQueue.poll(LinkedBlockingQueue.java:460)&#10;        at app//org.apache.hadoop.ipc.CallQueueManager.take(CallQueueManager.java:370)&#10;        at app//org.apache.hadoop.ipc.Server$Handler.run(Server.java:3165)&#10;&quot;Socket Reader #5 for port 15002&quot;  prio=5 tid=71 runnable&#10;java.lang.Thread.State: RUNNABLE&#10;        at java.base@21.0.7/sun.nio.ch.EPoll.wait(Native Method)&#10;        at java.base@21.0.7/sun.nio.ch.EPollSelectorImpl.doSelect(EPollSelectorImpl.java:121)&#10;        at java.base@21.0.7/sun.nio.ch.SelectorImpl.lockAndDoSelect(SelectorImpl.java:130)&#10;        at java.base@21.0.7/sun.nio.ch.SelectorImpl.select(SelectorImpl.java:147)&#10;        at app//org.apache.hadoop.ipc.Server$Listener$Reader.doRunLoop(Server.java:1497)&#10;        at app//org.apache.hadoop.ipc.Server$Listener$Reader.run(Server.java:1476)&#10;&quot;IPC Server handler 8 on default port 15000&quot; daemon prio=5 tid=134 timed_waiting&#10;java.lang.Thread.State: TIMED_WAITING&#10;        at java.base@21.0.7/jdk.internal.misc.Unsafe.park(Native Method)&#10;        at java.base@21.0.7/java.util.concurrent.locks.LockSupport.parkNanos(LockSupport.java:269)&#10;        at java.base@21.0.7/java.util.concurrent.locks.AbstractQueuedSynchronizer$ConditionObject.awaitNanos(AbstractQueuedSynchronizer.java:1763)&#10;        at java.base@21.0.7/java.util.concurrent.LinkedBlockingQueue.poll(LinkedBlockingQueue.java:460)&#10;        at app//org.apache.hadoop.ipc.CallQueueManager.take(CallQueueManager.java:370)&#10;        at app//org.apache.hadoop.ipc.Server$Handler.run(Server.java:3165)&#10;&quot;IPC Server handler 47 on default port 15000&quot; daemon prio=5 tid=173 timed_waiting&#10;java.lang.Thread.State: TIMED_WAITING&#10;        at java.base@21.0.7/jdk.internal.misc.Unsafe.park(Native Method)&#10;        at java.base@21.0.7/java.util.concurrent.locks.LockSupport.parkNanos(LockSupport.java:269)&#10;        at java.base@21.0.7/java.util.concurrent.locks.AbstractQueuedSynchronizer$ConditionObject.awaitNanos(AbstractQueuedSynchronizer.java:1763)&#10;        at java.base@21.0.7/java.util.concurrent.LinkedBlockingQueue.poll(LinkedBlockingQueue.java:460)&#10;        at app//org.apache.hadoop.ipc.CallQueueManager.take(CallQueueManager.java:370)&#10;        at app//org.apache.hadoop.ipc.Server$Handler.run(Server.java:3165)&#10;&quot;IPC Server handler 89 on default port 15001&quot; daemon prio=5 tid=315 timed_waiting&#10;java.lang.Thread.State: TIMED_WAITING&#10;        at java.base@21.0.7/jdk.internal.misc.Unsafe.park(Native Method)&#10;        at java.base@21.0.7/java.util.concurrent.locks.LockSupport.parkNanos(LockSupport.java:269)&#10;        at java.base@21.0.7/java.util.concurrent.locks.AbstractQueuedSynchronizer$ConditionObject.awaitNanos(AbstractQueuedSynchronizer.java:1763)&#10;        at java.base@21.0.7/java.util.concurrent.LinkedBlockingQueue.poll(LinkedBlockingQueue.java:460)&#10;        at app//org.apache.hadoop.ipc.CallQueueManager.take(CallQueueManager.java:370)&#10;        at app//org.apache.hadoop.ipc.Server$Handler.run(Server.java:3165)&#10;&quot;IPC Server handler 11 on default port 15006&quot; daemon prio=5 tid=516 timed_waiting&#10;java.lang.Thread.State: TIMED_WAITING&#10;        at java.base@21.0.7/jdk.internal.misc.Unsafe.park(Native Method)&#10;        at java.base@21.0.7/java.util.concurrent.locks.LockSupport.parkNanos(LockSupport.java:269)&#10;        at java.base@21.0.7/java.util.concurrent.locks.AbstractQueuedSynchronizer$ConditionObject.awaitNanos(AbstractQueuedSynchronizer.java:1763)&#10;        at java.base@21.0.7/java.util.concurrent.LinkedBlockingQueue.poll(LinkedBlockingQueue.java:460)&#10;        at app//org.apache.hadoop.ipc.CallQueueManager.take(CallQueueManager.java:370)&#10;        at app//org.apache.hadoop.ipc.Server$Handler.run(Server.java:3165)&#10;&quot;IPC Server handler 33 on default port 15000&quot; daemon prio=5 tid=159 timed_waiting&#10;java.lang.Thread.State: TIMED_WAITING&#10;        at java.base@21.0.7/jdk.internal.misc.Unsafe.park(Native Method)&#10;        at java.base@21.0.7/java.util.concurrent.locks.LockSupport.parkNanos(LockSupport.java:269)&#10;        at java.base@21.0.7/java.util.concurrent.locks.AbstractQueuedSynchronizer$ConditionObject.awaitNanos(AbstractQueuedSynchronizer.java:1763)&#10;        at java.base@21.0.7/java.util.concurrent.LinkedBlockingQueue.poll(LinkedBlockingQueue.java:460)&#10;        at app//org.apache.hadoop.ipc.CallQueueManager.take(CallQueueManager.java:370)&#10;        at app//org.apache.hadoop.ipc.Server$Handler.run(Server.java:3165)&#10;&quot;IPC Server handler 21 on default port 15002&quot; daemon prio=5 tid=365 timed_waiting&#10;java.lang.Thread.State: TIMED_WAITING&#10;        at java.base@21.0.7/jdk.internal.misc.Unsafe.park(Native Method)&#10;        at java.base@21.0.7/java.util.concurrent.locks.LockSupport.parkNanos(LockSupport.java:269)&#10;        at java.base@21.0.7/java.util.concurrent.locks.AbstractQueuedSynchronizer$ConditionObject.awaitNanos(AbstractQueuedSynchronizer.java:1763)&#10;        at java.base@21.0.7/java.util.concurrent.LinkedBlockingQueue.poll(LinkedBlockingQueue.java:460)&#10;        at app//org.apache.hadoop.ipc.CallQueueManager.take(CallQueueManager.java:370)&#10;        at app//org.apache.hadoop.ipc.Server$Handler.run(Server.java:3165)&#10;&quot;IPC Server handler 72 on default port 15000&quot; daemon prio=5 tid=198 timed_waiting&#10;java.lang.Thread.State: TIMED_WAITING&#10;        at java.base@21.0.7/jdk.internal.misc.Unsafe.park(Native Method)&#10;        at java.base@21.0.7/java.util.concurrent.locks.LockSupport.parkNanos(LockSupport.java:269)&#10;        at java.base@21.0.7/java.util.concurrent.locks.AbstractQueuedSynchronizer$ConditionObject.awaitNanos(AbstractQueuedSynchronizer.java:1763)&#10;        at java.base@21.0.7/java.util.concurrent.LinkedBlockingQueue.poll(LinkedBlockingQueue.java:460)&#10;        at app//org.apache.hadoop.ipc.CallQueueManager.take(CallQueueManager.java:370)&#10;        at app//org.apache.hadoop.ipc.Server$Handler.run(Server.java:3165)&#10;&quot;om1-DirectoryDeletingService#9&quot; daemon prio=5 tid=494 in Object.wait()&#10;java.lang.Thread.State: WAITING (on object monitor)&#10;        at java.base@21.0.7/jdk.internal.misc.Unsafe.park(Native Method)&#10;        at java.base@21.0.7/java.util.concurrent.locks.LockSupport.park(LockSupport.java:371)&#10;        at java.base@21.0.7/java.util.concurrent.locks.AbstractQueuedSynchronizer$ConditionNode.block(AbstractQueuedSynchronizer.java:519)&#10;        at java.base@21.0.7/java.util.concurrent.ForkJoinPool.unmanagedBlock(ForkJoinPool.java:3780)&#10;        at java.base@21.0.7/java.util.concurrent.ForkJoinPool.managedBlock(ForkJoinPool.java:3725)&#10;        at java.base@21.0.7/java.util.concurrent.locks.AbstractQueuedSynchronizer$ConditionObject.await(AbstractQueuedSynchronizer.java:1712)&#10;        at java.base@21.0.7/java.util.concurrent.ScheduledThreadPoolExecutor$DelayedWorkQueue.take(ScheduledThreadPoolExecutor.java:1170)&#10;        at java.base@21.0.7/java.util.concurrent.ScheduledThreadPoolExecutor$DelayedWorkQueue.take(ScheduledThreadPoolExecutor.java:899)&#10;        at java.base@21.0.7/java.util.concurrent.ThreadPoolExecutor.getTask(ThreadPoolExecutor.java:1070)&#10;        at java.base@21.0.7/java.util.concurrent.ThreadPoolExecutor.runWorker(ThreadPoolExecutor.java:1130)&#10;        at java.base@21.0.7/java.util.concurrent.ThreadPoolExecutor$Worker.run(ThreadPoolExecutor.java:642)&#10;        at java.base@21.0.7/java.lang.Thread.runWith(Thread.java:1596)&#10;        at java.base@21.0.7/java.lang.Thread.run(Thread.java:1583)&#10;&quot;IPC Server handler 66 on default port 15002&quot; daemon prio=5 tid=410 timed_waiting&#10;java.lang.Thread.State: TIMED_WAITING&#10;        at java.base@21.0.7/jdk.internal.misc.Unsafe.park(Native Method)&#10;        at java.base@21.0.7/java.util.concurrent.locks.LockSupport.parkNanos(LockSupport.java:269)&#10;        at java.base@21.0.7/java.util.concurrent.locks.AbstractQueuedSynchronizer$ConditionObject.awaitNanos(AbstractQueuedSynchronizer.java:1763)&#10;        at java.base@21.0.7/java.util.concurrent.LinkedBlockingQueue.poll(LinkedBlockingQueue.java:460)&#10;        at app//org.apache.hadoop.ipc.CallQueueManager.take(CallQueueManager.java:370)&#10;        at app//org.apache.hadoop.ipc.Server$Handler.run(Server.java:3165)&#10;&quot;2b1bfca1-1fdc-4b0a-9b4d-c21112718afa-DatanodeReportManager-0&quot; daemon prio=5 tid=744 in Object.wait()&#10;java.lang.Thread.State: WAITING (on object monitor)&#10;        at java.base@21.0.7/jdk.internal.misc.Unsafe.park(Native Method)&#10;        at java.base@21.0.7/java.util.concurrent.locks.LockSupport.park(LockSupport.java:371)&#10;        at java.base@21.0.7/java.util.concurrent.locks.AbstractQueuedSynchronizer$ConditionNode.block(AbstractQueuedSynchronizer.java:519)&#10;        at java.base@21.0.7/java.util.concurrent.ForkJoinPool.unmanagedBlock(ForkJoinPool.java:3780)&#10;        at java.base@21.0.7/java.util.concurrent.ForkJoinPool.managedBlock(ForkJoinPool.java:3725)&#10;        at java.base@21.0.7/java.util.concurrent.locks.AbstractQueuedSynchronizer$ConditionObject.await(AbstractQueuedSynchronizer.java:1712)&#10;        at java.base@21.0.7/java.util.concurrent.ScheduledThreadPoolExecutor$DelayedWorkQueue.take(ScheduledThreadPoolExecutor.java:1177)&#10;        at java.base@21.0.7/java.util.concurrent.ScheduledThreadPoolExecutor$DelayedWorkQueue.take(ScheduledThreadPoolExecutor.java:899)&#10;        at java.base@21.0.7/java.util.concurrent.ThreadPoolExecutor.getTask(ThreadPoolExecutor.java:1070)&#10;        at java.base@21.0.7/java.util.concurrent.ThreadPoolExecutor.runWorker(ThreadPoolExecutor.java:1130)&#10;        at java.base@21.0.7/java.util.concurrent.ThreadPoolExecutor$Worker.run(ThreadPoolExecutor.java:642)&#10;        at java.base@21.0.7/java.lang.Thread.runWith(Thread.java:1596)&#10;        at java.base@21.0.7/java.lang.Thread.run(Thread.java:1583)&#10;&quot;2b1bfca1-1fdc-4b0a-9b4d-c21112718afa-ChunkWriter-1-0&quot; daemon prio=5 tid=831 in Object.wait()&#10;java.lang.Thread.State: WAITING (on object monitor)&#10;        at java.base@21.0.7/jdk.internal.misc.Unsafe.park(Native Method)&#10;        at java.base@21.0.7/java.util.concurrent.locks.LockSupport.park(LockSupport.java:371)&#10;        at java.base@21.0.7/java.util.concurrent.locks.AbstractQueuedSynchronizer$ConditionNode.block(AbstractQueuedSynchronizer.java:519)&#10;        at java.base@21.0.7/java.util.concurrent.ForkJoinPool.unmanagedBlock(ForkJoinPool.java:3780)&#10;        at java.base@21.0.7/java.util.concurrent.ForkJoinPool.managedBlock(ForkJoinPool.java:3725)&#10;        at java.base@21.0.7/java.util.concurrent.locks.AbstractQueuedSynchronizer$ConditionObject.await(AbstractQueuedSynchronizer.java:1712)&#10;        at java.base@21.0.7/java.util.concurrent.LinkedBlockingDeque.takeFirst(LinkedBlockingDeque.java:485)&#10;        at java.base@21.0.7/java.util.concurrent.LinkedBlockingDeque.take(LinkedBlockingDeque.java:673)&#10;        at java.base@21.0.7/java.util.concurrent.ThreadPoolExecutor.getTask(ThreadPoolExecutor.java:1070)&#10;        at java.base@21.0.7/java.util.concurrent.ThreadPoolExecutor.runWorker(ThreadPoolExecutor.java:1130)&#10;        at java.base@21.0.7/java.util.concurrent.ThreadPoolExecutor$Worker.run(ThreadPoolExecutor.java:642)&#10;        at java.base@21.0.7/java.lang.Thread.runWith(Thread.java:1596)&#10;        at java.base@21.0.7/java.lang.Thread.run(Thread.java:1583)&#10;&quot;qtp1334632116-758-acceptor-0@5aebd251-ServerConnector@2cbd2385{HTTP/1.1, (http/1.1)}{0.0.0.0:15042}&quot; daemon prio=3 tid=758 runnable&#10;java.lang.Thread.State: RUNNABLE&#10;        at java.base@21.0.7/sun.nio.ch.Net.accept(Native Method)&#10;        at java.base@21.0.7/sun.nio.ch.ServerSocketChannelImpl.implAccept(ServerSocketChannelImpl.java:433)&#10;        at java.base@21.0.7/sun.nio.ch.ServerSocketChannelImpl.accept(ServerSocketChannelImpl.java:399)&#10;        at app//org.eclipse.jetty.server.ServerConnector.accept(ServerConnector.java:388)&#10;        at app//org.eclipse.jetty.server.AbstractConnector$Acceptor.run(AbstractConnector.java:704)&#10;        at app//org.eclipse.jetty.util.thread.QueuedThreadPool.runJob(QueuedThreadPool.java:883)&#10;        at app//org.eclipse.jetty.util.thread.QueuedThreadPool$Runner.run(QueuedThreadPool.java:1034)&#10;        at java.base@21.0.7/java.lang.Thread.runWith(Thread.java:1596)&#10;        at java.base@21.0.7/java.lang.Thread.run(Thread.java:1583)&#10;&quot;IPC Server handler 8 on default port 15035&quot; daemon prio=5 tid=741 timed_waiting&#10;java.lang.Thread.State: TIMED_WAITING&#10;        at java.base@21.0.7/jdk.internal.misc.Unsafe.park(Native Method)&#10;        at java.base@21.0.7/java.util.concurrent.locks.LockSupport.parkNanos(LockSupport.java:269)&#10;        at java.base@21.0.7/java.util.concurrent.locks.AbstractQueuedSynchronizer$ConditionObject.awaitNanos(AbstractQueuedSynchronizer.java:1763)&#10;        at java.base@21.0.7/java.util.concurrent.LinkedBlockingQueue.poll(LinkedBlockingQueue.java:460)&#10;        at app//org.apache.hadoop.ipc.CallQueueManager.take(CallQueueManager.java:370)&#10;        at app//org.apache.hadoop.ipc.Server$Handler.run(Server.java:3165)&#10;&quot;2b1bfca1-1fdc-4b0a-9b4d-c21112718afa-PipelineCommandHandlerThread-0&quot;  prio=5 tid=957 in Object.wait()&#10;java.lang.Thread.State: WAITING (on object monitor)&#10;        at java.base@21.0.7/jdk.internal.misc.Unsafe.park(Native Method)&#10;        at java.base@21.0.7/java.util.concurrent.locks.LockSupport.park(LockSupport.java:371)&#10;        at java.base@21.0.7/java.util.concurrent.locks.AbstractQueuedSynchronizer$ConditionNode.block(AbstractQueuedSynchronizer.java:519)&#10;        at java.base@21.0.7/java.util.concurrent.ForkJoinPool.unmanagedBlock(ForkJoinPool.java:3780)&#10;        at java.base@21.0.7/java.util.concurrent.ForkJoinPool.managedBlock(ForkJoinPool.java:3725)&#10;        at java.base@21.0.7/java.util.concurrent.locks.AbstractQueuedSynchronizer$ConditionObject.await(AbstractQueuedSynchronizer.java:1712)&#10;        at java.base@21.0.7/java.util.concurrent.LinkedBlockingQueue.take(LinkedBlockingQueue.java:435)&#10;        at java.base@21.0.7/java.util.concurrent.ThreadPoolExecutor.getTask(ThreadPoolExecutor.java:1070)&#10;        at java.base@21.0.7/java.util.concurrent.ThreadPoolExecutor.runWorker(ThreadPoolExecutor.java:1130)&#10;        at java.base@21.0.7/java.util.concurrent.ThreadPoolExecutor$Worker.run(ThreadPoolExecutor.java:642)&#10;        at java.base@21.0.7/java.lang.Thread.runWith(Thread.java:1596)&#10;        at java.base@21.0.7/java.lang.Thread.run(Thread.java:1583)&#10;&quot;IPC Server handler 22 on default port 15001&quot; daemon prio=5 tid=248 timed_waiting&#10;java.lang.Thread.State: TIMED_WAITING&#10;        at java.base@21.0.7/jdk.internal.misc.Unsafe.park(Native Method)&#10;        at java.base@21.0.7/java.util.concurrent.locks.LockSupport.parkNanos(LockSupport.java:269)&#10;        at java.base@21.0.7/java.util.concurrent.locks.AbstractQueuedSynchronizer$ConditionObject.awaitNanos(AbstractQueuedSynchronizer.java:1763)&#10;        at java.base@21.0.7/java.util.concurrent.LinkedBlockingQueue.poll(LinkedBlockingQueue.java:460)&#10;        at app//org.apache.hadoop.ipc.CallQueueManager.take(CallQueueManager.java:370)&#10;        at app//org.apache.hadoop.ipc.Server$Handler.run(Server.java:3165)&#10;&quot;IPC Server handler 6 on default port 15002&quot; daemon prio=5 tid=350 timed_waiting&#10;java.lang.Thread.State: TIMED_WAITING&#10;        at java.base@21.0.7/jdk.internal.misc.Unsafe.park(Native Method)&#10;        at java.base@21.0.7/java.util.concurrent.locks.LockSupport.parkNanos(LockSupport.java:269)&#10;        at java.base@21.0.7/java.util.concurrent.locks.AbstractQueuedSynchronizer$ConditionObject.awaitNanos(AbstractQueuedSynchronizer.java:1763)&#10;        at java.base@21.0.7/java.util.concurrent.LinkedBlockingQueue.poll(LinkedBlockingQueue.java:460)&#10;        at app//org.apache.hadoop.ipc.CallQueueManager.take(CallQueueManager.java:370)&#10;        at app//org.apache.hadoop.ipc.Server$Handler.run(Server.java:3165)&#10;&quot;IPC Server handler 93 on default port 15001&quot; daemon prio=5 tid=319 timed_waiting&#10;java.lang.Thread.State: TIMED_WAITING&#10;        at java.base@21.0.7/jdk.internal.misc.Unsafe.park(Native Method)&#10;        at java.base@21.0.7/java.util.concurrent.locks.LockSupport.parkNanos(LockSupport.java:269)&#10;        at java.base@21.0.7/java.util.concurrent.locks.AbstractQueuedSynchronizer$ConditionObject.awaitNanos(AbstractQueuedSynchronizer.java:1763)&#10;        at java.base@21.0.7/java.util.concurrent.LinkedBlockingQueue.poll(LinkedBlockingQueue.java:460)&#10;        at app//org.apache.hadoop.ipc.CallQueueManager.take(CallQueueManager.java:370)&#10;        at app//org.apache.hadoop.ipc.Server$Handler.run(Server.java:3165)&#10;&quot;qtp256443308-497&quot; daemon prio=5 tid=497 runnable&#10;java.lang.Thread.State: RUNNABLE&#10;        at java.base@21.0.7/sun.nio.ch.EPoll.wait(Native Method)&#10;        at java.base@21.0.7/sun.nio.ch.EPollSelectorImpl.doSelect(EPollSelectorImpl.java:121)&#10;        at java.base@21.0.7/sun.nio.ch.SelectorImpl.lockAndDoSelect(SelectorImpl.java:130)&#10;        at java.base@21.0.7/sun.nio.ch.SelectorImpl.select(SelectorImpl.java:147)&#10;        at app//org.eclipse.jetty.io.ManagedSelector.nioSelect(ManagedSelector.java:183)&#10;        at app//org.eclipse.jetty.io.ManagedSelector.select(ManagedSelector.java:190)&#10;        at app//org.eclipse.jetty.io.ManagedSelector$SelectorProducer.select(ManagedSelector.java:606)&#10;        at app//org.eclipse.jetty.io.ManagedSelector$SelectorProducer.produce(ManagedSelector.java:543)&#10;        at app//org.eclipse.jetty.util.thread.strategy.EatWhatYouKill.produceTask(EatWhatYouKill.java:362)&#10;        at app//org.eclipse.jetty.util.thread.strategy.EatWhatYouKill.doProduce(EatWhatYouKill.java:186)&#10;        at app//org.eclipse.jetty.util.thread.strategy.EatWhatYouKill.tryProduce(EatWhatYouKill.java:173)&#10;        at app//org.eclipse.jetty.util.thread.strategy.EatWhatYouKill.produce(EatWhatYouKill.java:137)&#10;        at app//org.eclipse.jetty.io.ManagedSelector$$Lambda/0x00007fe9046a5948.run(Unknown Source)&#10;        at app//org.eclipse.jetty.util.thread.QueuedThreadPool.runJob(QueuedThreadPool.java:883)&#10;        at app//org.eclipse.jetty.util.thread.QueuedThreadPool$Runner.run(QueuedThreadPool.java:1034)&#10;        at java.base@21.0.7/java.lang.Thread.runWith(Thread.java:1596)&#10;        at java.base@21.0.7/java.lang.Thread.run(Thread.java:1583)&#10;&quot;pool-138-thread-1&quot;  prio=5 tid=623 timed_waiting&#10;java.lang.Thread.State: TIMED_WAITING&#10;        at java.base@21.0.7/jdk.internal.misc.Unsafe.park(Native Method)&#10;        at java.base@21.0.7/java.util.concurrent.locks.LockSupport.parkNanos(LockSupport.java:269)&#10;        at java.base@21.0.7/java.util.concurrent.locks.AbstractQueuedSynchronizer$ConditionObject.awaitNanos(AbstractQueuedSynchronizer.java:1763)&#10;        at java.base@21.0.7/java.util.concurrent.ScheduledThreadPoolExecutor$DelayedWorkQueue.take(ScheduledThreadPoolExecutor.java:1182)&#10;        at java.base@21.0.7/java.util.concurrent.ScheduledThreadPoolExecutor$DelayedWorkQueue.take(ScheduledThreadPoolExecutor.java:899)&#10;        at java.base@21.0.7/java.util.concurrent.ThreadPoolExecutor.getTask(ThreadPoolExecutor.java:1070)&#10;        at java.base@21.0.7/java.util.concurrent.ThreadPoolExecutor.runWorker(ThreadPoolExecutor.java:1130)&#10;        at java.base@21.0.7/java.util.concurrent.ThreadPoolExecutor$Worker.run(ThreadPoolExecutor.java:642)&#10;        at java.base@21.0.7/java.lang.Thread.runWith(Thread.java:1596)&#10;        at java.base@21.0.7/java.lang.Thread.run(Thread.java:1583)&#10;&quot;om1-DirectoryDeletingService#4&quot; daemon prio=5 tid=488 in Object.wait()&#10;java.lang.Thread.State: WAITING (on object monitor)&#10;        at java.base@21.0.7/jdk.internal.misc.Unsafe.park(Native Method)&#10;        at java.base@21.0.7/java.util.concurrent.locks.LockSupport.park(LockSupport.java:371)&#10;        at java.base@21.0.7/java.util.concurrent.locks.AbstractQueuedSynchronizer$ConditionNode.block(AbstractQueuedSynchronizer.java:519)&#10;        at java.base@21.0.7/java.util.concurrent.ForkJoinPool.unmanagedBlock(ForkJoinPool.java:3780)&#10;        at java.base@21.0.7/java.util.concurrent.ForkJoinPool.managedBlock(ForkJoinPool.java:3725)&#10;        at java.base@21.0.7/java.util.concurrent.locks.AbstractQueuedSynchronizer$ConditionObject.await(AbstractQueuedSynchronizer.java:1712)&#10;        at java.base@21.0.7/java.util.concurrent.ScheduledThreadPoolExecutor$DelayedWorkQueue.take(ScheduledThreadPoolExecutor.java:1170)&#10;        at java.base@21.0.7/java.util.concurrent.ScheduledThreadPoolExecutor$DelayedWorkQueue.take(ScheduledThreadPoolExecutor.java:899)&#10;        at java.base@21.0.7/java.util.concurrent.ThreadPoolExecutor.getTask(ThreadPoolExecutor.java:1070)&#10;        at java.base@21.0.7/java.util.concurrent.ThreadPoolExecutor.runWorker(ThreadPoolExecutor.java:1130)&#10;        at java.base@21.0.7/java.util.concurrent.ThreadPoolExecutor$Worker.run(ThreadPoolExecutor.java:642)&#10;        at java.base@21.0.7/java.lang.Thread.runWith(Thread.java:1596)&#10;        at java.base@21.0.7/java.lang.Thread.run(Thread.java:1583)&#10;&quot;qtp588626443-684&quot; daemon prio=5 tid=684 timed_waiting&#10;java.lang.Thread.State: TIMED_WAITING&#10;        at java.base@21.0.7/jdk.internal.misc.Unsafe.park(Native Method)&#10;        at java.base@21.0.7/java.util.concurrent.locks.LockSupport.parkNanos(LockSupport.java:269)&#10;        at java.base@21.0.7/java.util.concurrent.locks.AbstractQueuedSynchronizer$ConditionObject.awaitNanos(AbstractQueuedSynchronizer.java:1763)&#10;        at app//org.eclipse.jetty.util.BlockingArrayQueue.poll(BlockingArrayQueue.java:382)&#10;        at app//org.eclipse.jetty.util.thread.QueuedThreadPool$Runner.idleJobPoll(QueuedThreadPool.java:974)&#10;        at app//org.eclipse.jetty.util.thread.QueuedThreadPool$Runner.run(QueuedThreadPool.java:1018)&#10;        at java.base@21.0.7/java.lang.Thread.runWith(Thread.java:1596)&#10;        at java.base@21.0.7/java.lang.Thread.run(Thread.java:1583)&#10;&quot;Socket Reader #8 for port 15001&quot;  prio=5 tid=88 runnable&#10;java.lang.Thread.State: RUNNABLE&#10;        at java.base@21.0.7/sun.nio.ch.EPoll.wait(Native Method)&#10;        at java.base@21.0.7/sun.nio.ch.EPollSelectorImpl.doSelect(EPollSelectorImpl.java:121)&#10;        at java.base@21.0.7/sun.nio.ch.SelectorImpl.lockAndDoSelect(SelectorImpl.java:130)&#10;        at java.base@21.0.7/sun.nio.ch.SelectorImpl.select(SelectorImpl.java:147)&#10;        at app//org.apache.hadoop.ipc.Server$Listener$Reader.doRunLoop(Server.java:1497)&#10;        at app//org.apache.hadoop.ipc.Server$Listener$Reader.run(Server.java:1476)&#10;&quot;qtp588626443-681&quot; daemon prio=5 tid=681 runnable&#10;java.lang.Thread.State: RUNNABLE&#10;        at java.base@21.0.7/sun.nio.ch.EPoll.wait(Native Method)&#10;        at java.base@21.0.7/sun.nio.ch.EPollSelectorImpl.doSelect(EPollSelectorImpl.java:121)&#10;        at java.base@21.0.7/sun.nio.ch.SelectorImpl.lockAndDoSelect(SelectorImpl.java:130)&#10;        at java.base@21.0.7/sun.nio.ch.SelectorImpl.select(SelectorImpl.java:147)&#10;        at app//org.eclipse.jetty.io.ManagedSelector.nioSelect(ManagedSelector.java:183)&#10;        at app//org.eclipse.jetty.io.ManagedSelector.select(ManagedSelector.java:190)&#10;        at app//org.eclipse.jetty.io.ManagedSelector$SelectorProducer.select(ManagedSelector.java:606)&#10;        at app//org.eclipse.jetty.io.ManagedSelector$SelectorProducer.produce(ManagedSelector.java:543)&#10;        at app//org.eclipse.jetty.util.thread.strategy.EatWhatYouKill.produceTask(EatWhatYouKill.java:362)&#10;        at app//org.eclipse.jetty.util.thread.strategy.EatWhatYouKill.doProduce(EatWhatYouKill.java:186)&#10;        at app//org.eclipse.jetty.util.thread.strategy.EatWhatYouKill.tryProduce(EatWhatYouKill.java:173)&#10;        at app//org.eclipse.jetty.util.thread.strategy.EatWhatYouKill.produce(EatWhatYouKill.java:137)&#10;        at app//org.eclipse.jetty.io.ManagedSelector$$Lambda/0x00007fe9046a5948.run(Unknown Source)&#10;        at app//org.eclipse.jetty.util.thread.QueuedThreadPool.runJob(QueuedThreadPool.java:883)&#10;        at app//org.eclipse.jetty.util.thread.QueuedThreadPool$Runner.run(QueuedThreadPool.java:1034)&#10;        at java.base@21.0.7/java.lang.Thread.runWith(Thread.java:1596)&#10;        at java.base@21.0.7/java.lang.Thread.run(Thread.java:1583)&#10;&quot;Socket Reader #5 for port 15027&quot;  prio=5 tid=644 runnable&#10;java.lang.Thread.State: RUNNABLE&#10;        at java.base@21.0.7/sun.nio.ch.EPoll.wait(Native Method)&#10;        at java.base@21.0.7/sun.nio.ch.EPollSelectorImpl.doSelect(EPollSelectorImpl.java:121)&#10;        at java.base@21.0.7/sun.nio.ch.SelectorImpl.lockAndDoSelect(SelectorImpl.java:130)&#10;        at java.base@21.0.7/sun.nio.ch.SelectorImpl.select(SelectorImpl.java:147)&#10;        at app//org.apache.hadoop.ipc.Server$Listener$Reader.doRunLoop(Server.java:1497)&#10;        at app//org.apache.hadoop.ipc.Server$Listener$Reader.run(Server.java:1476)&#10;&quot;IPC Server handler 14 on default port 15006&quot; daemon prio=5 tid=519 timed_waiting&#10;java.lang.Thread.State: TIMED_WAITING&#10;        at java.base@21.0.7/jdk.internal.misc.Unsafe.park(Native Method)&#10;        at java.base@21.0.7/java.util.concurrent.locks.LockSupport.parkNanos(LockSupport.java:269)&#10;        at java.base@21.0.7/java.util.concurrent.locks.AbstractQueuedSynchronizer$ConditionObject.awaitNanos(AbstractQueuedSynchronizer.java:1763)&#10;        at java.base@21.0.7/java.util.concurrent.LinkedBlockingQueue.poll(LinkedBlockingQueue.java:460)&#10;        at app//org.apache.hadoop.ipc.CallQueueManager.take(CallQueueManager.java:370)&#10;        at app//org.apache.hadoop.ipc.Server$Handler.run(Server.java:3165)&#10;&quot;IPC Server handler 18 on default port 15002&quot; daemon prio=5 tid=362 timed_waiting&#10;java.lang.Thread.State: TIMED_WAITING&#10;        at java.base@21.0.7/jdk.internal.misc.Unsafe.park(Native Method)&#10;        at java.base@21.0.7/java.util.concurrent.locks.LockSupport.parkNanos(LockSupport.java:269)&#10;        at java.base@21.0.7/java.util.concurrent.locks.AbstractQueuedSynchronizer$ConditionObject.awaitNanos(AbstractQueuedSynchronizer.java:1763)&#10;        at java.base@21.0.7/java.util.concurrent.LinkedBlockingQueue.poll(LinkedBlockingQueue.java:460)&#10;        at app//org.apache.hadoop.ipc.CallQueueManager.take(CallQueueManager.java:370)&#10;        at app//org.apache.hadoop.ipc.Server$Handler.run(Server.java:3165)&#10;&quot;om1-impl-thread1&quot;  prio=5 tid=452 timed_waiting&#10;java.lang.Thread.State: TIMED_WAITING&#10;        at java.base@21.0.7/jdk.internal.misc.Unsafe.park(Native Method)&#10;        at java.base@21.0.7/java.util.concurrent.locks.LockSupport.parkNanos(LockSupport.java:410)&#10;        at java.base@21.0.7/java.util.concurrent.LinkedTransferQueue$DualNode.await(LinkedTransferQueue.java:452)&#10;        at java.base@21.0.7/java.util.concurrent.SynchronousQueue$Transferer.xferLifo(SynchronousQueue.java:194)&#10;        at java.base@21.0.7/java.util.concurrent.SynchronousQueue.xfer(SynchronousQueue.java:235)&#10;        at java.base@21.0.7/java.util.concurrent.SynchronousQueue.poll(SynchronousQueue.java:338)&#10;        at java.base@21.0.7/java.util.concurrent.ThreadPoolExecutor.getTask(ThreadPoolExecutor.java:1069)&#10;        at java.base@21.0.7/java.util.concurrent.ThreadPoolExecutor.runWorker(ThreadPoolExecutor.java:1130)&#10;        at java.base@21.0.7/java.util.concurrent.ThreadPoolExecutor$Worker.run(ThreadPoolExecutor.java:642)&#10;        at java.base@21.0.7/java.lang.Thread.runWith(Thread.java:1596)&#10;        at java.base@21.0.7/java.lang.Thread.run(Thread.java:1583)&#10;&quot;dacc202e-cd42-4a7a-b335-fe62dff69130@group-F8F976EC3E9D-LeaderStateImpl&quot; daemon prio=5 tid=1022 timed_waiting&#10;java.lang.Thread.State: TIMED_WAITING&#10;        at java.base@21.0.7/jdk.internal.misc.Unsafe.park(Native Method)&#10;        at java.base@21.0.7/java.util.concurrent.locks.LockSupport.parkNanos(LockSupport.java:269)&#10;        at java.base@21.0.7/java.util.concurrent.locks.AbstractQueuedSynchronizer$ConditionObject.awaitNanos(AbstractQueuedSynchronizer.java:1763)&#10;        at java.base@21.0.7/java.util.concurrent.ArrayBlockingQueue.poll(ArrayBlockingQueue.java:435)&#10;        at app//org.apache.ratis.server.impl.LeaderStateImpl$EventQueue.poll(LeaderStateImpl.java:164)&#10;        at app//org.apache.ratis.server.impl.LeaderStateImpl$EventProcessor.run(LeaderStateImpl.java:763)&#10;&quot;pool-201-thread-1&quot;  prio=5 tid=755 timed_waiting&#10;java.lang.Thread.State: TIMED_WAITING&#10;        at java.base@21.0.7/jdk.internal.misc.Unsafe.park(Native Method)&#10;        at java.base@21.0.7/java.util.concurrent.locks.LockSupport.parkNanos(LockSupport.java:269)&#10;        at java.base@21.0.7/java.util.concurrent.locks.AbstractQueuedSynchronizer$ConditionObject.awaitNanos(AbstractQueuedSynchronizer.java:1763)&#10;        at java.base@21.0.7/java.util.concurrent.ScheduledThreadPoolExecutor$DelayedWorkQueue.take(ScheduledThreadPoolExecutor.java:1182)&#10;        at java.base@21.0.7/java.util.concurrent.ScheduledThreadPoolExecutor$DelayedWorkQueue.take(ScheduledThreadPoolExecutor.java:899)&#10;        at java.base@21.0.7/java.util.concurrent.ThreadPoolExecutor.getTask(ThreadPoolExecutor.java:1070)&#10;        at java.base@21.0.7/java.util.concurrent.ThreadPoolExecutor.runWorker(ThreadPoolExecutor.java:1130)&#10;        at java.base@21.0.7/java.util.concurrent.ThreadPoolExecutor$Worker.run(ThreadPoolExecutor.java:642)&#10;        at java.base@21.0.7/java.lang.Thread.runWith(Thread.java:1596)&#10;        at java.base@21.0.7/java.lang.Thread.run(Thread.java:1583)&#10;&quot;dacc202e-cd42-4a7a-b335-fe62dff69130-ChunkWriter-3-0&quot; daemon prio=5 tid=815 in Object.wait()&#10;java.lang.Thread.State: WAITING (on object monitor)&#10;        at java.base@21.0.7/jdk.internal.misc.Unsafe.park(Native Method)&#10;        at java.base@21.0.7/java.util.concurrent.locks.LockSupport.park(LockSupport.java:371)&#10;        at java.base@21.0.7/java.util.concurrent.locks.AbstractQueuedSynchronizer$ConditionNode.block(AbstractQueuedSynchronizer.java:519)&#10;        at java.base@21.0.7/java.util.concurrent.ForkJoinPool.unmanagedBlock(ForkJoinPool.java:3780)&#10;        at java.base@21.0.7/java.util.concurrent.ForkJoinPool.managedBlock(ForkJoinPool.java:3725)&#10;        at java.base@21.0.7/java.util.concurrent.locks.AbstractQueuedSynchronizer$ConditionObject.await(AbstractQueuedSynchronizer.java:1712)&#10;        at java.base@21.0.7/java.util.concurrent.LinkedBlockingDeque.takeFirst(LinkedBlockingDeque.java:485)&#10;        at java.base@21.0.7/java.util.concurrent.LinkedBlockingDeque.take(LinkedBlockingDeque.java:673)&#10;        at java.base@21.0.7/java.util.concurrent.ThreadPoolExecutor.getTask(ThreadPoolExecutor.java:1070)&#10;        at java.base@21.0.7/java.util.concurrent.ThreadPoolExecutor.runWorker(ThreadPoolExecutor.java:1130)&#10;        at java.base@21.0.7/java.util.concurrent.ThreadPoolExecutor$Worker.run(ThreadPoolExecutor.java:642)&#10;        at java.base@21.0.7/java.lang.Thread.runWith(Thread.java:1596)&#10;        at java.base@21.0.7/java.lang.Thread.run(Thread.java:1583)&#10;&quot;IPC Server handler 12 on default port 15001&quot; daemon prio=5 tid=238 timed_waiting&#10;java.lang.Thread.State: TIMED_WAITING&#10;        at java.base@21.0.7/jdk.internal.misc.Unsafe.park(Native Method)&#10;        at java.base@21.0.7/java.util.concurrent.locks.LockSupport.parkNanos(LockSupport.java:269)&#10;        at java.base@21.0.7/java.util.concurrent.locks.AbstractQueuedSynchronizer$ConditionObject.awaitNanos(AbstractQueuedSynchronizer.java:1763)&#10;        at java.base@21.0.7/java.util.concurrent.LinkedBlockingQueue.poll(LinkedBlockingQueue.java:460)&#10;        at app//org.apache.hadoop.ipc.CallQueueManager.take(CallQueueManager.java:370)&#10;        at app//org.apache.hadoop.ipc.Server$Handler.run(Server.java:3165)&#10;&quot;IPC Server handler 57 on default port 15001&quot; daemon prio=5 tid=283 timed_waiting&#10;java.lang.Thread.State: TIMED_WAITING&#10;        at java.base@21.0.7/jdk.internal.misc.Unsafe.park(Native Method)&#10;        at java.base@21.0.7/java.util.concurrent.locks.LockSupport.parkNanos(LockSupport.java:269)&#10;        at java.base@21.0.7/java.util.concurrent.locks.AbstractQueuedSynchronizer$ConditionObject.awaitNanos(AbstractQueuedSynchronizer.java:1763)&#10;        at java.base@21.0.7/java.util.concurrent.LinkedBlockingQueue.poll(LinkedBlockingQueue.java:460)&#10;        at app//org.apache.hadoop.ipc.CallQueueManager.take(CallQueueManager.java:370)&#10;        at app//org.apache.hadoop.ipc.Server$Handler.run(Server.java:3165)&#10;&quot;78b7fabf-ca2a-4b70-8534-e46926e2083c-PipelineCommandHandlerThread-0&quot;  prio=5 tid=963 in Object.wait()&#10;java.lang.Thread.State: WAITING (on object monitor)&#10;        at java.base@21.0.7/jdk.internal.misc.Unsafe.park(Native Method)&#10;        at java.base@21.0.7/java.util.concurrent.locks.LockSupport.park(LockSupport.java:371)&#10;        at java.base@21.0.7/java.util.concurrent.locks.AbstractQueuedSynchronizer$ConditionNode.block(AbstractQueuedSynchronizer.java:519)&#10;        at java.base@21.0.7/java.util.concurrent.ForkJoinPool.unmanagedBlock(ForkJoinPool.java:3780)&#10;        at java.base@21.0.7/java.util.concurrent.ForkJoinPool.managedBlock(ForkJoinPool.java:3725)&#10;        at java.base@21.0.7/java.util.concurrent.locks.AbstractQueuedSynchronizer$ConditionObject.await(AbstractQueuedSynchronizer.java:1712)&#10;        at java.base@21.0.7/java.util.concurrent.LinkedBlockingQueue.take(LinkedBlockingQueue.java:435)&#10;        at java.base@21.0.7/java.util.concurrent.ThreadPoolExecutor.getTask(ThreadPoolExecutor.java:1070)&#10;        at java.base@21.0.7/java.util.concurrent.ThreadPoolExecutor.runWorker(ThreadPoolExecutor.java:1130)&#10;        at java.base@21.0.7/java.util.concurrent.ThreadPoolExecutor$Worker.run(ThreadPoolExecutor.java:642)&#10;        at java.base@21.0.7/java.lang.Thread.runWith(Thread.java:1596)&#10;        at java.base@21.0.7/java.lang.Thread.run(Thread.java:1583)&#10;&quot;ContainerMetadataScanner&quot; daemon prio=5 tid=848 timed_waiting&#10;java.lang.Thread.State: TIMED_WAITING&#10;        at java.base@21.0.7/java.lang.Thread.sleep0(Native Method)&#10;        at java.base@21.0.7/java.lang.Thread.sleep(Thread.java:509)&#10;        at app//org.apache.hadoop.ozone.container.ozoneimpl.AbstractBackgroundContainerScanner.handleRemainingSleep(AbstractBackgroundContainerScanner.java:133)&#10;        at app//org.apache.hadoop.ozone.container.ozoneimpl.AbstractBackgroundContainerScanner.runIteration(AbstractBackgroundContainerScanner.java:100)&#10;        at app//org.apache.hadoop.ozone.container.ozoneimpl.AbstractBackgroundContainerScanner.run(AbstractBackgroundContainerScanner.java:59)&#10;        at java.base@21.0.7/java.lang.Thread.runWith(Thread.java:1596)&#10;        at java.base@21.0.7/java.lang.Thread.run(Thread.java:1583)&#10;&quot;IPC Server handler 43 on default port 15001&quot; daemon prio=5 tid=269 timed_waiting&#10;java.lang.Thread.State: TIMED_WAITING&#10;        at java.base@21.0.7/jdk.internal.misc.Unsafe.park(Native Method)&#10;        at java.base@21.0.7/java.util.concurrent.locks.LockSupport.parkNanos(LockSupport.java:269)&#10;        at java.base@21.0.7/java.util.concurrent.locks.AbstractQueuedSynchronizer$ConditionObject.awaitNanos(AbstractQueuedSynchronizer.java:1763)&#10;        at java.base@21.0.7/java.util.concurrent.LinkedBlockingQueue.poll(LinkedBlockingQueue.java:460)&#10;        at app//org.apache.hadoop.ipc.CallQueueManager.take(CallQueueManager.java:370)&#10;        at app//org.apache.hadoop.ipc.Server$Handler.run(Server.java:3165)&#10;&quot;IPC Server handler 7 on default port 15019&quot; daemon prio=5 tid=608 timed_waiting&#10;java.lang.Thread.State: TIMED_WAITING&#10;        at java.base@21.0.7/jdk.internal.misc.Unsafe.park(Native Method)&#10;        at java.base@21.0.7/java.util.concurrent.locks.LockSupport.parkNanos(LockSupport.java:269)&#10;        at java.base@21.0.7/java.util.concurrent.locks.AbstractQueuedSynchronizer$ConditionObject.awaitNanos(AbstractQueuedSynchronizer.java:1763)&#10;        at java.base@21.0.7/java.util.concurrent.LinkedBlockingQueue.poll(LinkedBlockingQueue.java:460)&#10;        at app//org.apache.hadoop.ipc.CallQueueManager.take(CallQueueManager.java:370)&#10;        at app//org.apache.hadoop.ipc.Server$Handler.run(Server.java:3165)&#10;&quot;grpc-default-executor-2&quot; daemon prio=5 tid=983 timed_waiting&#10;java.lang.Thread.State: TIMED_WAITING&#10;        at java.base@21.0.7/jdk.internal.misc.Unsafe.park(Native Method)&#10;        at java.base@21.0.7/java.util.concurrent.locks.LockSupport.parkNanos(LockSupport.java:410)&#10;        at java.base@21.0.7/java.util.concurrent.LinkedTransferQueue$DualNode.await(LinkedTransferQueue.java:452)&#10;        at java.base@21.0.7/java.util.concurrent.SynchronousQueue$Transferer.xferLifo(SynchronousQueue.java:194)&#10;        at java.base@21.0.7/java.util.concurrent.SynchronousQueue.xfer(SynchronousQueue.java:235)&#10;        at java.base@21.0.7/java.util.concurrent.SynchronousQueue.poll(SynchronousQueue.java:338)&#10;        at java.base@21.0.7/java.util.concurrent.ThreadPoolExecutor.getTask(ThreadPoolExecutor.java:1069)&#10;        at java.base@21.0.7/java.util.concurrent.ThreadPoolExecutor.runWorker(ThreadPoolExecutor.java:1130)&#10;        at java.base@21.0.7/java.util.concurrent.ThreadPoolExecutor$Worker.run(ThreadPoolExecutor.java:642)&#10;        at java.base@21.0.7/java.lang.Thread.runWith(Thread.java:1596)&#10;        at java.base@21.0.7/java.lang.Thread.run(Thread.java:1583)&#10;&quot;IPC Server handler 5 on default port 15001&quot; daemon prio=5 tid=231 timed_waiting&#10;java.lang.Thread.State: TIMED_WAITING&#10;        at java.base@21.0.7/jdk.internal.misc.Unsafe.park(Native Method)&#10;        at java.base@21.0.7/java.util.concurrent.locks.LockSupport.parkNanos(LockSupport.java:269)&#10;        at java.base@21.0.7/java.util.concurrent.locks.AbstractQueuedSynchronizer$ConditionObject.awaitNanos(AbstractQueuedSynchronizer.java:1763)&#10;        at java.base@21.0.7/java.util.concurrent.LinkedBlockingQueue.poll(LinkedBlockingQueue.java:460)&#10;        at app//org.apache.hadoop.ipc.CallQueueManager.take(CallQueueManager.java:370)&#10;        at app//org.apache.hadoop.ipc.Server$Handler.run(Server.java:3165)&#10;&quot;IPC Server handler 19 on default port 15006&quot; daemon prio=5 tid=524 timed_waiting&#10;java.lang.Thread.State: TIMED_WAITING&#10;        at java.base@21.0.7/jdk.internal.misc.Unsafe.park(Native Method)&#10;        at java.base@21.0.7/java.util.concurrent.locks.LockSupport.parkNanos(LockSupport.java:269)&#10;        at java.base@21.0.7/java.util.concurrent.locks.AbstractQueuedSynchronizer$ConditionObject.awaitNanos(AbstractQueuedSynchronizer.java:1763)&#10;        at java.base@21.0.7/java.util.concurrent.LinkedBlockingQueue.poll(LinkedBlockingQueue.java:460)&#10;        at app//org.apache.hadoop.ipc.CallQueueManager.take(CallQueueManager.java:370)&#10;        at app//org.apache.hadoop.ipc.Server$Handler.run(Server.java:3165)&#10;&quot;Socket Reader #5 for port 15043&quot;  prio=5 tid=779 runnable&#10;java.lang.Thread.State: RUNNABLE&#10;        at java.base@21.0.7/sun.nio.ch.EPoll.wait(Native Method)&#10;        at java.base@21.0.7/sun.nio.ch.EPollSelectorImpl.doSelect(EPollSelectorImpl.java:121)&#10;        at java.base@21.0.7/sun.nio.ch.SelectorImpl.lockAndDoSelect(SelectorImpl.java:130)&#10;        at java.base@21.0.7/sun.nio.ch.SelectorImpl.select(SelectorImpl.java:147)&#10;        at app//org.apache.hadoop.ipc.Server$Listener$Reader.doRunLoop(Server.java:1497)&#10;        at app//org.apache.hadoop.ipc.Server$Listener$Reader.run(Server.java:1476)&#10;&quot;qtp1334632116-762&quot; daemon prio=5 tid=762 timed_waiting&#10;java.lang.Thread.State: TIMED_WAITING&#10;        at java.base@21.0.7/jdk.internal.misc.Unsafe.park(Native Method)&#10;        at java.base@21.0.7/java.util.concurrent.locks.LockSupport.parkNanos(LockSupport.java:269)&#10;        at java.base@21.0.7/java.util.concurrent.locks.AbstractQueuedSynchronizer$ConditionObject.awaitNanos(AbstractQueuedSynchronizer.java:1763)&#10;        at app//org.eclipse.jetty.util.BlockingArrayQueue.poll(BlockingArrayQueue.java:382)&#10;        at app//org.eclipse.jetty.util.thread.QueuedThreadPool$Runner.idleJobPoll(QueuedThreadPool.java:974)&#10;        at app//org.eclipse.jetty.util.thread.QueuedThreadPool$Runner.run(QueuedThreadPool.java:1018)&#10;        at java.base@21.0.7/java.lang.Thread.runWith(Thread.java:1596)&#10;        at java.base@21.0.7/java.lang.Thread.run(Thread.java:1583)&#10;&quot;Socket Reader #3 for port 15002&quot;  prio=5 tid=69 runnable&#10;java.lang.Thread.State: RUNNABLE&#10;        at java.base@21.0.7/sun.nio.ch.EPoll.wait(Native Method)&#10;        at java.base@21.0.7/sun.nio.ch.EPollSelectorImpl.doSelect(EPollSelectorImpl.java:121)&#10;        at java.base@21.0.7/sun.nio.ch.SelectorImpl.lockAndDoSelect(SelectorImpl.java:130)&#10;        at java.base@21.0.7/sun.nio.ch.SelectorImpl.select(SelectorImpl.java:147)&#10;        at app//org.apache.hadoop.ipc.Server$Listener$Reader.doRunLoop(Server.java:1497)&#10;        at app//org.apache.hadoop.ipc.Server$Listener$Reader.run(Server.java:1476)&#10;&quot;IPC Server handler 81 on default port 15000&quot; daemon prio=5 tid=207 timed_waiting&#10;java.lang.Thread.State: TIMED_WAITING&#10;        at java.base@21.0.7/jdk.internal.misc.Unsafe.park(Native Method)&#10;        at java.base@21.0.7/java.util.concurrent.locks.LockSupport.parkNanos(LockSupport.java:269)&#10;        at java.base@21.0.7/java.util.concurrent.locks.AbstractQueuedSynchronizer$ConditionObject.awaitNanos(AbstractQueuedSynchronizer.java:1763)&#10;        at java.base@21.0.7/java.util.concurrent.LinkedBlockingQueue.poll(LinkedBlockingQueue.java:460)&#10;        at app//org.apache.hadoop.ipc.CallQueueManager.take(CallQueueManager.java:370)&#10;        at app//org.apache.hadoop.ipc.Server$Handler.run(Server.java:3165)&#10;&quot;prometheus&quot; daemon prio=5 tid=338 in Object.wait()&#10;java.lang.Thread.State: WAITING (on object monitor)&#10;        at java.base@21.0.7/java.lang.Object.wait0(Native Method)&#10;        at java.base@21.0.7/java.lang.Object.wait(Object.java:366)&#10;        at java.base@21.0.7/java.lang.Object.wait(Object.java:339)&#10;        at app//org.apache.hadoop.metrics2.impl.SinkQueue.waitForData(SinkQueue.java:114)&#10;        at app//org.apache.hadoop.metrics2.impl.SinkQueue.consumeAll(SinkQueue.java:83)&#10;        at app//org.apache.hadoop.metrics2.impl.MetricsSinkAdapter.publishMetricsFromQueue(MetricsSinkAdapter.java:135)&#10;        at app//org.apache.hadoop.metrics2.impl.MetricsSinkAdapter$1.run(MetricsSinkAdapter.java:89)&#10;&quot;2b1bfca1-1fdc-4b0a-9b4d-c21112718afa-PeriodicHDDSVolumeChecker&quot; daemon prio=5 tid=825 timed_waiting&#10;java.lang.Thread.State: TIMED_WAITING&#10;        at java.base@21.0.7/jdk.internal.misc.Unsafe.park(Native Method)&#10;        at java.base@21.0.7/java.util.concurrent.locks.LockSupport.parkNanos(LockSupport.java:269)&#10;        at java.base@21.0.7/java.util.concurrent.locks.AbstractQueuedSynchronizer$ConditionObject.awaitNanos(AbstractQueuedSynchronizer.java:1763)&#10;        at java.base@21.0.7/java.util.concurrent.ScheduledThreadPoolExecutor$DelayedWorkQueue.take(ScheduledThreadPoolExecutor.java:1182)&#10;        at java.base@21.0.7/java.util.concurrent.ScheduledThreadPoolExecutor$DelayedWorkQueue.take(ScheduledThreadPoolExecutor.java:899)&#10;        at java.base@21.0.7/java.util.concurrent.ThreadPoolExecutor.getTask(ThreadPoolExecutor.java:1070)&#10;        at java.base@21.0.7/java.util.concurrent.ThreadPoolExecutor.runWorker(ThreadPoolExecutor.java:1130)&#10;        at java.base@21.0.7/java.util.concurrent.ThreadPoolExecutor$Worker.run(ThreadPoolExecutor.java:642)&#10;        at java.base@21.0.7/java.lang.Thread.runWith(Thread.java:1596)&#10;        at java.base@21.0.7/java.lang.Thread.run(Thread.java:1583)&#10;&quot;qtp2014583896-332&quot; daemon prio=5 tid=332 timed_waiting&#10;java.lang.Thread.State: TIMED_WAITING&#10;        at java.base@21.0.7/jdk.internal.misc.Unsafe.park(Native Method)&#10;        at java.base@21.0.7/java.util.concurrent.locks.LockSupport.parkNanos(LockSupport.java:269)&#10;        at java.base@21.0.7/java.util.concurrent.locks.AbstractQueuedSynchronizer$ConditionObject.awaitNanos(AbstractQueuedSynchronizer.java:1763)&#10;        at app//org.eclipse.jetty.util.BlockingArrayQueue.poll(BlockingArrayQueue.java:382)&#10;        at app//org.eclipse.jetty.util.thread.QueuedThreadPool$Runner.idleJobPoll(QueuedThreadPool.java:974)&#10;        at app//org.eclipse.jetty.util.thread.QueuedThreadPool$Runner.run(QueuedThreadPool.java:1018)&#10;        at java.base@21.0.7/java.lang.Thread.runWith(Thread.java:1596)&#10;        at java.base@21.0.7/java.lang.Thread.run(Thread.java:1583)&#10;&quot;IPC Server handler 39 on default port 15000&quot; daemon prio=5 tid=165 timed_waiting&#10;java.lang.Thread.State: TIMED_WAITING&#10;        at java.base@21.0.7/jdk.internal.misc.Unsafe.park(Native Method)&#10;        at java.base@21.0.7/java.util.concurrent.locks.LockSupport.parkNanos(LockSupport.java:269)&#10;        at java.base@21.0.7/java.util.concurrent.locks.AbstractQueuedSynchronizer$ConditionObject.awaitNanos(AbstractQueuedSynchronizer.java:1763)&#10;        at java.base@21.0.7/java.util.concurrent.LinkedBlockingQueue.poll(LinkedBlockingQueue.java:460)&#10;        at app//org.apache.hadoop.ipc.CallQueueManager.take(CallQueueManager.java:370)&#10;        at app//org.apache.hadoop.ipc.Server$Handler.run(Server.java:3165)&#10;&quot;om1-DirectoryDeletingService#3&quot; daemon prio=5 tid=487 in Object.wait()&#10;java.lang.Thread.State: WAITING (on object monitor)&#10;        at java.base@21.0.7/jdk.internal.misc.Unsafe.park(Native Method)&#10;        at java.base@21.0.7/java.util.concurrent.locks.LockSupport.park(LockSupport.java:371)&#10;        at java.base@21.0.7/java.util.concurrent.locks.AbstractQueuedSynchronizer$ConditionNode.block(AbstractQueuedSynchronizer.java:519)&#10;        at java.base@21.0.7/java.util.concurrent.ForkJoinPool.unmanagedBlock(ForkJoinPool.java:3780)&#10;        at java.base@21.0.7/java.util.concurrent.ForkJoinPool.managedBlock(ForkJoinPool.java:3725)&#10;        at java.base@21.0.7/java.util.concurrent.locks.AbstractQueuedSynchronizer$ConditionObject.await(AbstractQueuedSynchronizer.java:1712)&#10;        at java.base@21.0.7/java.util.concurrent.ScheduledThreadPoolExecutor$DelayedWorkQueue.take(ScheduledThreadPoolExecutor.java:1177)&#10;        at java.base@21.0.7/java.util.concurrent.ScheduledThreadPoolExecutor$DelayedWorkQueue.take(ScheduledThreadPoolExecutor.java:899)&#10;        at java.base@21.0.7/java.util.concurrent.ThreadPoolExecutor.getTask(ThreadPoolExecutor.java:1070)&#10;        at java.base@21.0.7/java.util.concurrent.ThreadPoolExecutor.runWorker(ThreadPoolExecutor.java:1130)&#10;        at java.base@21.0.7/java.util.concurrent.ThreadPoolExecutor$Worker.run(ThreadPoolExecutor.java:642)&#10;        at java.base@21.0.7/java.lang.Thread.runWith(Thread.java:1596)&#10;        at java.base@21.0.7/java.lang.Thread.run(Thread.java:1583)&#10;&quot;Finalizer&quot; daemon prio=8 tid=10 in Object.wait()&#10;java.lang.Thread.State: WAITING (on object monitor)&#10;        at java.base@21.0.7/java.lang.Object.wait0(Native Method)&#10;        at java.base@21.0.7/java.lang.Object.wait(Object.java:366)&#10;        at java.base@21.0.7/java.lang.Object.wait(Object.java:339)&#10;        at java.base@21.0.7/java.lang.ref.NativeReferenceQueue.await(NativeReferenceQueue.java:48)&#10;        at java.base@21.0.7/java.lang.ref.ReferenceQueue.remove0(ReferenceQueue.java:158)&#10;        at java.base@21.0.7/java.lang.ref.NativeReferenceQueue.remove(NativeReferenceQueue.java:89)&#10;        at java.base@21.0.7/java.lang.ref.Finalizer$FinalizerThread.run(Finalizer.java:173)&#10;&quot;IPC Server listener on 15001&quot; daemon prio=5 tid=80 runnable&#10;java.lang.Thread.State: RUNNABLE&#10;        at java.base@21.0.7/sun.nio.ch.EPoll.wait(Native Method)&#10;        at java.base@21.0.7/sun.nio.ch.EPollSelectorImpl.doSelect(EPollSelectorImpl.java:121)&#10;        at java.base@21.0.7/sun.nio.ch.SelectorImpl.lockAndDoSelect(SelectorImpl.java:130)&#10;        at java.base@21.0.7/sun.nio.ch.SelectorImpl.select(SelectorImpl.java:147)&#10;        at app//org.apache.hadoop.ipc.Server$Listener.run(Server.java:1559)&#10;&quot;IPC Server handler 4 on default port 15006&quot; daemon prio=5 tid=509 timed_waiting&#10;java.lang.Thread.State: TIMED_WAITING&#10;        at java.base@21.0.7/jdk.internal.misc.Unsafe.park(Native Method)&#10;        at java.base@21.0.7/java.util.concurrent.locks.LockSupport.parkNanos(LockSupport.java:269)&#10;        at java.base@21.0.7/java.util.concurrent.locks.AbstractQueuedSynchronizer$ConditionObject.awaitNanos(AbstractQueuedSynchronizer.java:1763)&#10;        at java.base@21.0.7/java.util.concurrent.LinkedBlockingQueue.poll(LinkedBlockingQueue.java:460)&#10;        at app//org.apache.hadoop.ipc.CallQueueManager.take(CallQueueManager.java:370)&#10;        at app//org.apache.hadoop.ipc.Server$Handler.run(Server.java:3165)&#10;&quot;IPC Server handler 44 on default port 15001&quot; daemon prio=5 tid=270 timed_waiting&#10;java.lang.Thread.State: TIMED_WAITING&#10;        at java.base@21.0.7/jdk.internal.misc.Unsafe.park(Native Method)&#10;        at java.base@21.0.7/java.util.concurrent.locks.LockSupport.parkNanos(LockSupport.java:269)&#10;        at java.base@21.0.7/java.util.concurrent.locks.AbstractQueuedSynchronizer$ConditionObject.awaitNanos(AbstractQueuedSynchronizer.java:1763)&#10;        at java.base@21.0.7/java.util.concurrent.LinkedBlockingQueue.poll(LinkedBlockingQueue.java:460)&#10;        at app//org.apache.hadoop.ipc.CallQueueManager.take(CallQueueManager.java:370)&#10;        at app//org.apache.hadoop.ipc.Server$Handler.run(Server.java:3165)&#10;&quot;IPC Server handler 8 on default port 15006&quot; daemon prio=5 tid=513 timed_waiting&#10;java.lang.Thread.State: TIMED_WAITING&#10;        at java.base@21.0.7/jdk.internal.misc.Unsafe.park(Native Method)&#10;        at java.base@21.0.7/java.util.concurrent.locks.LockSupport.parkNanos(LockSupport.java:269)&#10;        at java.base@21.0.7/java.util.concurrent.locks.AbstractQueuedSynchronizer$ConditionObject.awaitNanos(AbstractQueuedSynchronizer.java:1763)&#10;        at java.base@21.0.7/java.util.concurrent.LinkedBlockingQueue.poll(LinkedBlockingQueue.java:460)&#10;        at app//org.apache.hadoop.ipc.CallQueueManager.take(CallQueueManager.java:370)&#10;        at app//org.apache.hadoop.ipc.Server$Handler.run(Server.java:3165)&#10;&quot;IPC Server handler 8 on default port 15043&quot; daemon prio=5 tid=796 timed_waiting&#10;java.lang.Thread.State: TIMED_WAITING&#10;        at java.base@21.0.7/jdk.internal.misc.Unsafe.park(Native Method)&#10;        at java.base@21.0.7/java.util.concurrent.locks.LockSupport.parkNanos(LockSupport.java:269)&#10;        at java.base@21.0.7/java.util.concurrent.locks.AbstractQueuedSynchronizer$ConditionObject.awaitNanos(AbstractQueuedSynchronizer.java:1763)&#10;        at java.base@21.0.7/java.util.concurrent.LinkedBlockingQueue.poll(LinkedBlockingQueue.java:460)&#10;        at app//org.apache.hadoop.ipc.CallQueueManager.take(CallQueueManager.java:370)&#10;        at app//org.apache.hadoop.ipc.Server$Handler.run(Server.java:3165)&#10;&quot;IPC Server handler 17 on default port 15006&quot; daemon prio=5 tid=522 timed_waiting&#10;java.lang.Thread.State: TIMED_WAITING&#10;        at java.base@21.0.7/jdk.internal.misc.Unsafe.park(Native Method)&#10;        at java.base@21.0.7/java.util.concurrent.locks.LockSupport.parkNanos(LockSupport.java:269)&#10;        at java.base@21.0.7/java.util.concurrent.locks.AbstractQueuedSynchronizer$ConditionObject.awaitNanos(AbstractQueuedSynchronizer.java:1763)&#10;        at java.base@21.0.7/java.util.concurrent.LinkedBlockingQueue.poll(LinkedBlockingQueue.java:460)&#10;        at app//org.apache.hadoop.ipc.CallQueueManager.take(CallQueueManager.java:370)&#10;        at app//org.apache.hadoop.ipc.Server$Handler.run(Server.java:3165)&#10;&quot;IPC Server handler 23 on default port 15002&quot; daemon prio=5 tid=367 timed_waiting&#10;java.lang.Thread.State: TIMED_WAITING&#10;        at java.base@21.0.7/jdk.internal.misc.Unsafe.park(Native Method)&#10;        at java.base@21.0.7/java.util.concurrent.locks.LockSupport.parkNanos(LockSupport.java:269)&#10;        at java.base@21.0.7/java.util.concurrent.locks.AbstractQueuedSynchronizer$ConditionObject.awaitNanos(AbstractQueuedSynchronizer.java:1763)&#10;        at java.base@21.0.7/java.util.concurrent.LinkedBlockingQueue.poll(LinkedBlockingQueue.java:460)&#10;        at app//org.apache.hadoop.ipc.CallQueueManager.take(CallQueueManager.java:370)&#10;        at app//org.apache.hadoop.ipc.Server$Handler.run(Server.java:3165)&#10;&quot;IPC Server handler 86 on default port 15000&quot; daemon prio=5 tid=212 timed_waiting&#10;java.lang.Thread.State: TIMED_WAITING&#10;        at java.base@21.0.7/jdk.internal.misc.Unsafe.park(Native Method)&#10;        at java.base@21.0.7/java.util.concurrent.locks.LockSupport.parkNanos(LockSupport.java:269)&#10;        at java.base@21.0.7/java.util.concurrent.locks.AbstractQueuedSynchronizer$ConditionObject.awaitNanos(AbstractQueuedSynchronizer.java:1763)&#10;        at java.base@21.0.7/java.util.concurrent.LinkedBlockingQueue.poll(LinkedBlockingQueue.java:460)&#10;        at app//org.apache.hadoop.ipc.CallQueueManager.take(CallQueueManager.java:370)&#10;        at app//org.apache.hadoop.ipc.Server$Handler.run(Server.java:3165)&#10;&quot;Socket Reader #1 for port 15002&quot;  prio=5 tid=67 runnable&#10;java.lang.Thread.State: RUNNABLE&#10;        at java.base@21.0.7/sun.nio.ch.EPoll.wait(Native Method)&#10;        at java.base@21.0.7/sun.nio.ch.EPollSelectorImpl.doSelect(EPollSelectorImpl.java:121)&#10;        at java.base@21.0.7/sun.nio.ch.SelectorImpl.lockAndDoSelect(SelectorImpl.java:130)&#10;        at java.base@21.0.7/sun.nio.ch.SelectorImpl.select(SelectorImpl.java:147)&#10;        at app//org.apache.hadoop.ipc.Server$Listener$Reader.doRunLoop(Server.java:1497)&#10;        at app//org.apache.hadoop.ipc.Server$Listener$Reader.run(Server.java:1476)&#10;&quot;IPC Server handler 89 on default port 15000&quot; daemon prio=5 tid=215 timed_waiting&#10;java.lang.Thread.State: TIMED_WAITING&#10;        at java.base@21.0.7/jdk.internal.misc.Unsafe.park(Native Method)&#10;        at java.base@21.0.7/java.util.concurrent.locks.LockSupport.parkNanos(LockSupport.java:269)&#10;        at java.base@21.0.7/java.util.concurrent.locks.AbstractQueuedSynchronizer$ConditionObject.awaitNanos(AbstractQueuedSynchronizer.java:1763)&#10;        at java.base@21.0.7/java.util.concurrent.LinkedBlockingQueue.poll(LinkedBlockingQueue.java:460)&#10;        at app//org.apache.hadoop.ipc.CallQueueManager.take(CallQueueManager.java:370)&#10;        at app//org.apache.hadoop.ipc.Server$Handler.run(Server.java:3165)&#10;&quot;grpc-default-worker-ELG-5-3&quot; daemon prio=5 tid=874 runnable&#10;java.lang.Thread.State: RUNNABLE&#10;        at app//org.apache.ratis.thirdparty.io.netty.channel.epoll.Native.epollWait0(Native Method)&#10;        at app//org.apache.ratis.thirdparty.io.netty.channel.epoll.Native.epollWait(Native.java:193)&#10;        at app//org.apache.ratis.thirdparty.io.netty.channel.epoll.EpollEventLoop.epollWait(EpollEventLoop.java:304)&#10;        at app//org.apache.ratis.thirdparty.io.netty.channel.epoll.EpollEventLoop.run(EpollEventLoop.java:368)&#10;        at app//org.apache.ratis.thirdparty.io.netty.util.concurrent.SingleThreadEventExecutor$4.run(SingleThreadEventExecutor.java:997)&#10;        at app//org.apache.ratis.thirdparty.io.netty.util.internal.ThreadExecutorMap$2.run(ThreadExecutorMap.java:74)&#10;        at app//org.apache.ratis.thirdparty.io.netty.util.concurrent.FastThreadLocalRunnable.run(FastThreadLocalRunnable.java:30)&#10;        at java.base@21.0.7/java.lang.Thread.runWith(Thread.java:1596)&#10;        at java.base@21.0.7/java.lang.Thread.run(Thread.java:1583)&#10;&quot;EventQueue-ReplicationManagerNotifyForReplicationManagerEventHandler&quot; daemon prio=5 tid=1052 in Object.wait()&#10;java.lang.Thread.State: WAITING (on object monitor)&#10;        at java.base@21.0.7/jdk.internal.misc.Unsafe.park(Native Method)&#10;        at java.base@21.0.7/java.util.concurrent.locks.LockSupport.park(LockSupport.java:371)&#10;        at java.base@21.0.7/java.util.concurrent.locks.AbstractQueuedSynchronizer$ConditionNode.block(AbstractQueuedSynchronizer.java:519)&#10;        at java.base@21.0.7/java.util.concurrent.ForkJoinPool.unmanagedBlock(ForkJoinPool.java:3780)&#10;        at java.base@21.0.7/java.util.concurrent.ForkJoinPool.managedBlock(ForkJoinPool.java:3725)&#10;        at java.base@21.0.7/java.util.concurrent.locks.AbstractQueuedSynchronizer$ConditionObject.await(AbstractQueuedSynchronizer.java:1712)&#10;        at java.base@21.0.7/java.util.concurrent.LinkedBlockingQueue.take(LinkedBlockingQueue.java:435)&#10;        at java.base@21.0.7/java.util.concurrent.ThreadPoolExecutor.getTask(ThreadPoolExecutor.java:1070)&#10;        at java.base@21.0.7/java.util.concurrent.ThreadPoolExecutor.runWorker(ThreadPoolExecutor.java:1130)&#10;        at java.base@21.0.7/java.util.concurrent.ThreadPoolExecutor$Worker.run(ThreadPoolExecutor.java:642)&#10;        at java.base@21.0.7/java.lang.Thread.runWith(Thread.java:1596)&#10;        at java.base@21.0.7/java.lang.Thread.run(Thread.java:1583)&#10;&quot;IPC Server handler 32 on default port 15000&quot; daemon prio=5 tid=158 timed_waiting&#10;java.lang.Thread.State: TIMED_WAITING&#10;        at java.base@21.0.7/jdk.internal.misc.Unsafe.park(Native Method)&#10;        at java.base@21.0.7/java.util.concurrent.locks.LockSupport.parkNanos(LockSupport.java:269)&#10;        at java.base@21.0.7/java.util.concurrent.locks.AbstractQueuedSynchronizer$ConditionObject.awaitNanos(AbstractQueuedSynchronizer.java:1763)&#10;        at java.base@21.0.7/java.util.concurrent.LinkedBlockingQueue.poll(LinkedBlockingQueue.java:460)&#10;        at app//org.apache.hadoop.ipc.CallQueueManager.take(CallQueueManager.java:370)&#10;        at app//org.apache.hadoop.ipc.Server$Handler.run(Server.java:3165)&#10;&quot;IPC Server handler 70 on default port 15002&quot; daemon prio=5 tid=414 timed_waiting&#10;java.lang.Thread.State: TIMED_WAITING&#10;        at java.base@21.0.7/jdk.internal.misc.Unsafe.park(Native Method)&#10;        at java.base@21.0.7/java.util.concurrent.locks.LockSupport.parkNanos(LockSupport.java:269)&#10;        at java.base@21.0.7/java.util.concurrent.locks.AbstractQueuedSynchronizer$ConditionObject.awaitNanos(AbstractQueuedSynchronizer.java:1763)&#10;        at java.base@21.0.7/java.util.concurrent.LinkedBlockingQueue.poll(LinkedBlockingQueue.java:460)&#10;        at app//org.apache.hadoop.ipc.CallQueueManager.take(CallQueueManager.java:370)&#10;        at app//org.apache.hadoop.ipc.Server$Handler.run(Server.java:3165)&#10;&quot;Hadoop-Metrics-Updater-0&quot; daemon prio=5 tid=787 timed_waiting&#10;java.lang.Thread.State: TIMED_WAITING&#10;        at java.base@21.0.7/jdk.internal.misc.Unsafe.park(Native Method)&#10;        at java.base@21.0.7/java.util.concurrent.locks.LockSupport.parkNanos(LockSupport.java:269)&#10;        at java.base@21.0.7/java.util.concurrent.locks.AbstractQueuedSynchronizer$ConditionObject.awaitNanos(AbstractQueuedSynchronizer.java:1763)&#10;        at java.base@21.0.7/java.util.concurrent.ScheduledThreadPoolExecutor$DelayedWorkQueue.take(ScheduledThreadPoolExecutor.java:1182)&#10;        at java.base@21.0.7/java.util.concurrent.ScheduledThreadPoolExecutor$DelayedWorkQueue.take(ScheduledThreadPoolExecutor.java:899)&#10;        at java.base@21.0.7/java.util.concurrent.ThreadPoolExecutor.getTask(ThreadPoolExecutor.java:1070)&#10;        at java.base@21.0.7/java.util.concurrent.ThreadPoolExecutor.runWorker(ThreadPoolExecutor.java:1130)&#10;        at java.base@21.0.7/java.util.concurrent.ThreadPoolExecutor$Worker.run(ThreadPoolExecutor.java:642)&#10;        at java.base@21.0.7/java.lang.Thread.runWith(Thread.java:1596)&#10;        at java.base@21.0.7/java.lang.Thread.run(Thread.java:1583)&#10;&quot;IPC Server idle connection scanner for port 15001&quot; daemon prio=5 tid=91 timed_waiting&#10;java.lang.Thread.State: TIMED_WAITING&#10;        at java.base@21.0.7/java.lang.Object.wait0(Native Method)&#10;        at java.base@21.0.7/java.lang.Object.wait(Object.java:366)&#10;        at java.base@21.0.7/java.util.TimerThread.mainLoop(Timer.java:563)&#10;        at java.base@21.0.7/java.util.TimerThread.run(Timer.java:516)&#10;&quot;IPC Server handler 35 on default port 15000&quot; daemon prio=5 tid=161 timed_waiting&#10;java.lang.Thread.State: TIMED_WAITING&#10;        at java.base@21.0.7/jdk.internal.misc.Unsafe.park(Native Method)&#10;        at java.base@21.0.7/java.util.concurrent.locks.LockSupport.parkNanos(LockSupport.java:269)&#10;        at java.base@21.0.7/java.util.concurrent.locks.AbstractQueuedSynchronizer$ConditionObject.awaitNanos(AbstractQueuedSynchronizer.java:1763)&#10;        at java.base@21.0.7/java.util.concurrent.LinkedBlockingQueue.poll(LinkedBlockingQueue.java:460)&#10;        at app//org.apache.hadoop.ipc.CallQueueManager.take(CallQueueManager.java:370)&#10;        at app//org.apache.hadoop.ipc.Server$Handler.run(Server.java:3165)&#10;&quot;IPC Server idle connection scanner for port 15019&quot; daemon prio=5 tid=598 timed_waiting&#10;java.lang.Thread.State: TIMED_WAITING&#10;        at java.base@21.0.7/java.lang.Object.wait0(Native Method)&#10;        at java.base@21.0.7/java.lang.Object.wait(Object.java:366)&#10;        at java.base@21.0.7/java.util.TimerThread.mainLoop(Timer.java:563)&#10;        at java.base@21.0.7/java.util.TimerThread.run(Timer.java:516)&#10;&quot;IPC Server handler 53 on default port 15002&quot; daemon prio=5 tid=397 timed_waiting&#10;java.lang.Thread.State: TIMED_WAITING&#10;        at java.base@21.0.7/jdk.internal.misc.Unsafe.park(Native Method)&#10;        at java.base@21.0.7/java.util.concurrent.locks.LockSupport.parkNanos(LockSupport.java:269)&#10;        at java.base@21.0.7/java.util.concurrent.locks.AbstractQueuedSynchronizer$ConditionObject.awaitNanos(AbstractQueuedSynchronizer.java:1763)&#10;        at java.base@21.0.7/java.util.concurrent.LinkedBlockingQueue.poll(LinkedBlockingQueue.java:460)&#10;        at app//org.apache.hadoop.ipc.CallQueueManager.take(CallQueueManager.java:370)&#10;        at app//org.apache.hadoop.ipc.Server$Handler.run(Server.java:3165)&#10;&quot;IPC Server handler 72 on default port 15002&quot; daemon prio=5 tid=416 timed_waiting&#10;java.lang.Thread.State: TIMED_WAITING&#10;        at java.base@21.0.7/jdk.internal.misc.Unsafe.park(Native Method)&#10;        at java.base@21.0.7/java.util.concurrent.locks.LockSupport.parkNanos(LockSupport.java:269)&#10;        at java.base@21.0.7/java.util.concurrent.locks.AbstractQueuedSynchronizer$ConditionObject.awaitNanos(AbstractQueuedSynchronizer.java:1763)&#10;        at java.base@21.0.7/java.util.concurrent.LinkedBlockingQueue.poll(LinkedBlockingQueue.java:460)&#10;        at app//org.apache.hadoop.ipc.CallQueueManager.take(CallQueueManager.java:370)&#10;        at app//org.apache.hadoop.ipc.Server$Handler.run(Server.java:3165)&#10;&quot;qtp2014583896-333&quot; daemon prio=5 tid=333 timed_waiting&#10;java.lang.Thread.State: TIMED_WAITING&#10;        at java.base@21.0.7/jdk.internal.misc.Unsafe.park(Native Method)&#10;        at java.base@21.0.7/java.util.concurrent.locks.LockSupport.parkNanos(LockSupport.java:269)&#10;        at java.base@21.0.7/java.util.concurrent.locks.AbstractQueuedSynchronizer$ConditionObject.awaitNanos(AbstractQueuedSynchronizer.java:1763)&#10;        at app//org.eclipse.jetty.util.BlockingArrayQueue.poll(BlockingArrayQueue.java:382)&#10;        at app//org.eclipse.jetty.util.thread.QueuedThreadPool$Runner.idleJobPoll(QueuedThreadPool.java:974)&#10;        at app//org.eclipse.jetty.util.thread.QueuedThreadPool$Runner.run(QueuedThreadPool.java:1018)&#10;        at java.base@21.0.7/java.lang.Thread.runWith(Thread.java:1596)&#10;        at java.base@21.0.7/java.lang.Thread.run(Thread.java:1583)&#10;&quot;IPC Server handler 33 on default port 15001&quot; daemon prio=5 tid=259 timed_waiting&#10;java.lang.Thread.State: TIMED_WAITING&#10;        at java.base@21.0.7/jdk.internal.misc.Unsafe.park(Native Method)&#10;        at java.base@21.0.7/java.util.concurrent.locks.LockSupport.parkNanos(LockSupport.java:269)&#10;        at java.base@21.0.7/java.util.concurrent.locks.AbstractQueuedSynchronizer$ConditionObject.awaitNanos(AbstractQueuedSynchronizer.java:1763)&#10;        at java.base@21.0.7/java.util.concurrent.LinkedBlockingQueue.poll(LinkedBlockingQueue.java:460)&#10;        at app//org.apache.hadoop.ipc.CallQueueManager.take(CallQueueManager.java:370)&#10;        at app//org.apache.hadoop.ipc.Server$Handler.run(Server.java:3165)&#10;&quot;qtp1044130468-581&quot; daemon prio=5 tid=581 timed_waiting&#10;java.lang.Thread.State: TIMED_WAITING&#10;        at java.base@21.0.7/jdk.internal.misc.Unsafe.park(Native Method)&#10;        at java.base@21.0.7/java.util.concurrent.locks.LockSupport.parkNanos(LockSupport.java:269)&#10;        at java.base@21.0.7/java.util.concurrent.locks.AbstractQueuedSynchronizer$ConditionObject.awaitNanos(AbstractQueuedSynchronizer.java:1763)&#10;        at app//org.eclipse.jetty.util.BlockingArrayQueue.poll(BlockingArrayQueue.java:382)&#10;        at app//org.eclipse.jetty.util.thread.QueuedThreadPool$Runner.idleJobPoll(QueuedThreadPool.java:974)&#10;        at app//org.eclipse.jetty.util.thread.QueuedThreadPool$Runner.run(QueuedThreadPool.java:1018)&#10;        at java.base@21.0.7/java.lang.Thread.runWith(Thread.java:1596)&#10;        at java.base@21.0.7/java.lang.Thread.run(Thread.java:1583)&#10;&quot;om1-KeyDeletingService#2&quot; daemon prio=5 tid=481 in Object.wait()&#10;java.lang.Thread.State: WAITING (on object monitor)&#10;        at java.base@21.0.7/jdk.internal.misc.Unsafe.park(Native Method)&#10;        at java.base@21.0.7/java.util.concurrent.locks.LockSupport.park(LockSupport.java:371)&#10;        at java.base@21.0.7/java.util.concurrent.locks.AbstractQueuedSynchronizer$ConditionNode.block(AbstractQueuedSynchronizer.java:519)&#10;        at java.base@21.0.7/java.util.concurrent.ForkJoinPool.unmanagedBlock(ForkJoinPool.java:3780)&#10;        at java.base@21.0.7/java.util.concurrent.ForkJoinPool.managedBlock(ForkJoinPool.java:3725)&#10;        at java.base@21.0.7/java.util.concurrent.locks.AbstractQueuedSynchronizer$ConditionObject.await(AbstractQueuedSynchronizer.java:1712)&#10;        at java.base@21.0.7/java.util.concurrent.ScheduledThreadPoolExecutor$DelayedWorkQueue.take(ScheduledThreadPoolExecutor.java:1177)&#10;        at java.base@21.0.7/java.util.concurrent.ScheduledThreadPoolExecutor$DelayedWorkQueue.take(ScheduledThreadPoolExecutor.java:899)&#10;        at java.base@21.0.7/java.util.concurrent.ThreadPoolExecutor.getTask(ThreadPoolExecutor.java:1070)&#10;        at java.base@21.0.7/java.util.concurrent.ThreadPoolExecutor.runWorker(ThreadPoolExecutor.java:1130)&#10;        at java.base@21.0.7/java.util.concurrent.ThreadPoolExecutor$Worker.run(ThreadPoolExecutor.java:642)&#10;        at java.base@21.0.7/java.lang.Thread.runWith(Thread.java:1596)&#10;        at java.base@21.0.7/java.lang.Thread.run(Thread.java:1583)&#10;&quot;surefire-process-checker&quot; daemon prio=5 tid=26 timed_waiting&#10;java.lang.Thread.State: TIMED_WAITING&#10;        at java.base@21.0.7/jdk.internal.misc.Unsafe.park(Native Method)&#10;        at java.base@21.0.7/java.util.concurrent.locks.LockSupport.parkNanos(LockSupport.java:269)&#10;        at java.base@21.0.7/java.util.concurrent.locks.AbstractQueuedSynchronizer$ConditionObject.awaitNanos(AbstractQueuedSynchronizer.java:1763)&#10;        at java.base@21.0.7/java.util.concurrent.ScheduledThreadPoolExecutor$DelayedWorkQueue.take(ScheduledThreadPoolExecutor.java:1182)&#10;        at java.base@21.0.7/java.util.concurrent.ScheduledThreadPoolExecutor$DelayedWorkQueue.take(ScheduledThreadPoolExecutor.java:899)&#10;        at java.base@21.0.7/java.util.concurrent.ThreadPoolExecutor.getTask(ThreadPoolExecutor.java:1070)&#10;        at java.base@21.0.7/java.util.concurrent.ThreadPoolExecutor.runWorker(ThreadPoolExecutor.java:1130)&#10;        at java.base@21.0.7/java.util.concurrent.ThreadPoolExecutor$Worker.run(ThreadPoolExecutor.java:642)&#10;        at java.base@21.0.7/java.lang.Thread.runWith(Thread.java:1596)&#10;        at java.base@21.0.7/java.lang.Thread.run(Thread.java:1583)&#10;&quot;IPC Server handler 5 on default port 15019&quot; daemon prio=5 tid=606 timed_waiting&#10;java.lang.Thread.State: TIMED_WAITING&#10;        at java.base@21.0.7/jdk.internal.misc.Unsafe.park(Native Method)&#10;        at java.base@21.0.7/java.util.concurrent.locks.LockSupport.parkNanos(LockSupport.java:269)&#10;        at java.base@21.0.7/java.util.concurrent.locks.AbstractQueuedSynchronizer$ConditionObject.awaitNanos(AbstractQueuedSynchronizer.java:1763)&#10;        at java.base@21.0.7/java.util.concurrent.LinkedBlockingQueue.poll(LinkedBlockingQueue.java:460)&#10;        at app//org.apache.hadoop.ipc.CallQueueManager.take(CallQueueManager.java:370)&#10;        at app//org.apache.hadoop.ipc.Server$Handler.run(Server.java:3165)&#10;&quot;IPC Server handler 17 on default port 15001&quot; daemon prio=5 tid=243 timed_waiting&#10;java.lang.Thread.State: TIMED_WAITING&#10;        at java.base@21.0.7/jdk.internal.misc.Unsafe.park(Native Method)&#10;        at java.base@21.0.7/java.util.concurrent.locks.LockSupport.parkNanos(LockSupport.java:269)&#10;        at java.base@21.0.7/java.util.concurrent.locks.AbstractQueuedSynchronizer$ConditionObject.awaitNanos(AbstractQueuedSynchronizer.java:1763)&#10;        at java.base@21.0.7/java.util.concurrent.LinkedBlockingQueue.poll(LinkedBlockingQueue.java:460)&#10;        at app//org.apache.hadoop.ipc.CallQueueManager.take(CallQueueManager.java:370)&#10;        at app//org.apache.hadoop.ipc.Server$Handler.run(Server.java:3165)&#10;&quot;qtp588626443-680&quot; daemon prio=5 tid=680 runnable&#10;java.lang.Thread.State: RUNNABLE&#10;        at java.base@21.0.7/sun.nio.ch.EPoll.wait(Native Method)&#10;        at java.base@21.0.7/sun.nio.ch.EPollSelectorImpl.doSelect(EPollSelectorImpl.java:121)&#10;        at java.base@21.0.7/sun.nio.ch.SelectorImpl.lockAndDoSelect(SelectorImpl.java:130)&#10;        at java.base@21.0.7/sun.nio.ch.SelectorImpl.select(SelectorImpl.java:147)&#10;        at app//org.eclipse.jetty.io.ManagedSelector.nioSelect(ManagedSelector.java:183)&#10;        at app//org.eclipse.jetty.io.ManagedSelector.select(ManagedSelector.java:190)&#10;        at app//org.eclipse.jetty.io.ManagedSelector$SelectorProducer.select(ManagedSelector.java:606)&#10;        at app//org.eclipse.jetty.io.ManagedSelector$SelectorProducer.produce(ManagedSelector.java:543)&#10;        at app//org.eclipse.jetty.util.thread.strategy.EatWhatYouKill.produceTask(EatWhatYouKill.java:362)&#10;        at app//org.eclipse.jetty.util.thread.strategy.EatWhatYouKill.doProduce(EatWhatYouKill.java:186)&#10;        at app//org.eclipse.jetty.util.thread.strategy.EatWhatYouKill.tryProduce(EatWhatYouKill.java:173)&#10;        at app//org.eclipse.jetty.util.thread.strategy.EatWhatYouKill.produce(EatWhatYouKill.java:137)&#10;        at app//org.eclipse.jetty.io.ManagedSelector$$Lambda/0x00007fe9046a5948.run(Unknown Source)&#10;        at app//org.eclipse.jetty.util.thread.QueuedThreadPool.runJob(QueuedThreadPool.java:883)&#10;        at app//org.eclipse.jetty.util.thread.QueuedThreadPool$Runner.run(QueuedThreadPool.java:1034)&#10;        at java.base@21.0.7/java.lang.Thread.runWith(Thread.java:1596)&#10;        at java.base@21.0.7/java.lang.Thread.run(Thread.java:1583)&#10;&quot;Socket Reader #8 for port 15000&quot;  prio=5 tid=102 runnable&#10;java.lang.Thread.State: RUNNABLE&#10;        at java.base@21.0.7/sun.nio.ch.EPoll.wait(Native Method)&#10;        at java.base@21.0.7/sun.nio.ch.EPollSelectorImpl.doSelect(EPollSelectorImpl.java:121)&#10;        at java.base@21.0.7/sun.nio.ch.SelectorImpl.lockAndDoSelect(SelectorImpl.java:130)&#10;        at java.base@21.0.7/sun.nio.ch.SelectorImpl.select(SelectorImpl.java:147)&#10;        at app//org.apache.hadoop.ipc.Server$Listener$Reader.doRunLoop(Server.java:1497)&#10;        at app//org.apache.hadoop.ipc.Server$Listener$Reader.run(Server.java:1476)&#10;&quot;Socket Reader #2 for port 15006&quot;  prio=5 tid=457 runnable&#10;java.lang.Thread.State: RUNNABLE&#10;        at java.base@21.0.7/sun.nio.ch.EPoll.wait(Native Method)&#10;        at java.base@21.0.7/sun.nio.ch.EPollSelectorImpl.doSelect(EPollSelectorImpl.java:121)&#10;        at java.base@21.0.7/sun.nio.ch.SelectorImpl.lockAndDoSelect(SelectorImpl.java:130)&#10;        at java.base@21.0.7/sun.nio.ch.SelectorImpl.select(SelectorImpl.java:147)&#10;        at app//org.apache.hadoop.ipc.Server$Listener$Reader.doRunLoop(Server.java:1497)&#10;        at app//org.apache.hadoop.ipc.Server$Listener$Reader.run(Server.java:1476)&#10;&quot;78b7fabf-ca2a-4b70-8534-e46926e2083c-DatanodeReportManager-1&quot; daemon prio=5 tid=800 in Object.wait()&#10;java.lang.Thread.State: WAITING (on object monitor)&#10;        at java.base@21.0.7/jdk.internal.misc.Unsafe.park(Native Method)&#10;        at java.base@21.0.7/java.util.concurrent.locks.LockSupport.park(LockSupport.java:371)&#10;        at java.base@21.0.7/java.util.concurrent.locks.AbstractQueuedSynchronizer$ConditionNode.block(AbstractQueuedSynchronizer.java:519)&#10;        at java.base@21.0.7/java.util.concurrent.ForkJoinPool.unmanagedBlock(ForkJoinPool.java:3780)&#10;        at java.base@21.0.7/java.util.concurrent.ForkJoinPool.managedBlock(ForkJoinPool.java:3725)&#10;        at java.base@21.0.7/java.util.concurrent.locks.AbstractQueuedSynchronizer$ConditionObject.await(AbstractQueuedSynchronizer.java:1712)&#10;        at java.base@21.0.7/java.util.concurrent.ScheduledThreadPoolExecutor$DelayedWorkQueue.take(ScheduledThreadPoolExecutor.java:1177)&#10;        at java.base@21.0.7/java.util.concurrent.ScheduledThreadPoolExecutor$DelayedWorkQueue.take(ScheduledThreadPoolExecutor.java:899)&#10;        at java.base@21.0.7/java.util.concurrent.ThreadPoolExecutor.getTask(ThreadPoolExecutor.java:1070)&#10;        at java.base@21.0.7/java.util.concurrent.ThreadPoolExecutor.runWorker(ThreadPoolExecutor.java:1130)&#10;        at java.base@21.0.7/java.util.concurrent.ThreadPoolExecutor$Worker.run(ThreadPoolExecutor.java:642)&#10;        at java.base@21.0.7/java.lang.Thread.runWith(Thread.java:1596)&#10;        at java.base@21.0.7/java.lang.Thread.run(Thread.java:1583)&#10;&quot;Hadoop-Metrics-Updater-0&quot; daemon prio=5 tid=652 timed_waiting&#10;java.lang.Thread.State: TIMED_WAITING&#10;        at java.base@21.0.7/jdk.internal.misc.Unsafe.park(Native Method)&#10;        at java.base@21.0.7/java.util.concurrent.locks.LockSupport.parkNanos(LockSupport.java:269)&#10;        at java.base@21.0.7/java.util.concurrent.locks.AbstractQueuedSynchronizer$ConditionObject.awaitNanos(AbstractQueuedSynchronizer.java:1763)&#10;        at java.base@21.0.7/java.util.concurrent.ScheduledThreadPoolExecutor$DelayedWorkQueue.take(ScheduledThreadPoolExecutor.java:1182)&#10;        at java.base@21.0.7/java.util.concurrent.ScheduledThreadPoolExecutor$DelayedWorkQueue.take(ScheduledThreadPoolExecutor.java:899)&#10;        at java.base@21.0.7/java.util.concurrent.ThreadPoolExecutor.getTask(ThreadPoolExecutor.java:1070)&#10;        at java.base@21.0.7/java.util.concurrent.ThreadPoolExecutor.runWorker(ThreadPoolExecutor.java:1130)&#10;        at java.base@21.0.7/java.util.concurrent.ThreadPoolExecutor$Worker.run(ThreadPoolExecutor.java:642)&#10;        at java.base@21.0.7/java.lang.Thread.runWith(Thread.java:1596)&#10;        at java.base@21.0.7/java.lang.Thread.run(Thread.java:1583)&#10;&quot;IPC Server handler 30 on default port 15001&quot; daemon prio=5 tid=256 timed_waiting&#10;java.lang.Thread.State: TIMED_WAITING&#10;        at java.base@21.0.7/jdk.internal.misc.Unsafe.park(Native Method)&#10;        at java.base@21.0.7/java.util.concurrent.locks.LockSupport.parkNanos(LockSupport.java:269)&#10;        at java.base@21.0.7/java.util.concurrent.locks.AbstractQueuedSynchronizer$ConditionObject.awaitNanos(AbstractQueuedSynchronizer.java:1763)&#10;        at java.base@21.0.7/java.util.concurrent.LinkedBlockingQueue.poll(LinkedBlockingQueue.java:460)&#10;        at app//org.apache.hadoop.ipc.CallQueueManager.take(CallQueueManager.java:370)&#10;        at app//org.apache.hadoop.ipc.Server$Handler.run(Server.java:3165)&#10;&quot;IPC Server handler 26 on default port 15002&quot; daemon prio=5 tid=370 timed_waiting&#10;java.lang.Thread.State: TIMED_WAITING&#10;        at java.base@21.0.7/jdk.internal.misc.Unsafe.park(Native Method)&#10;        at java.base@21.0.7/java.util.concurrent.locks.LockSupport.parkNanos(LockSupport.java:269)&#10;        at java.base@21.0.7/java.util.concurrent.locks.AbstractQueuedSynchronizer$ConditionObject.awaitNanos(AbstractQueuedSynchronizer.java:1763)&#10;        at java.base@21.0.7/java.util.concurrent.LinkedBlockingQueue.poll(LinkedBlockingQueue.java:460)&#10;        at app//org.apache.hadoop.ipc.CallQueueManager.take(CallQueueManager.java:370)&#10;        at app//org.apache.hadoop.ipc.Server$Handler.run(Server.java:3165)&#10;&quot;IPC Server handler 31 on default port 15000&quot; daemon prio=5 tid=157 timed_waiting&#10;java.lang.Thread.State: TIMED_WAITING&#10;        at java.base@21.0.7/jdk.internal.misc.Unsafe.park(Native Method)&#10;        at java.base@21.0.7/java.util.concurrent.locks.LockSupport.parkNanos(LockSupport.java:269)&#10;        at java.base@21.0.7/java.util.concurrent.locks.AbstractQueuedSynchronizer$ConditionObject.awaitNanos(AbstractQueuedSynchronizer.java:1763)&#10;        at java.base@21.0.7/java.util.concurrent.LinkedBlockingQueue.poll(LinkedBlockingQueue.java:460)&#10;        at app//org.apache.hadoop.ipc.CallQueueManager.take(CallQueueManager.java:370)&#10;        at app//org.apache.hadoop.ipc.Server$Handler.run(Server.java:3165)&#10;&quot;IPC Server handler 76 on default port 15002&quot; daemon prio=5 tid=420 timed_waiting&#10;java.lang.Thread.State: TIMED_WAITING&#10;        at java.base@21.0.7/jdk.internal.misc.Unsafe.park(Native Method)&#10;        at java.base@21.0.7/java.util.concurrent.locks.LockSupport.parkNanos(LockSupport.java:269)&#10;        at java.base@21.0.7/java.util.concurrent.locks.AbstractQueuedSynchronizer$ConditionObject.awaitNanos(AbstractQueuedSynchronizer.java:1763)&#10;        at java.base@21.0.7/java.util.concurrent.LinkedBlockingQueue.poll(LinkedBlockingQueue.java:460)&#10;        at app//org.apache.hadoop.ipc.CallQueueManager.take(CallQueueManager.java:370)&#10;        at app//org.apache.hadoop.ipc.Server$Handler.run(Server.java:3165)&#10;&quot;IPC Server handler 65 on default port 15000&quot; daemon prio=5 tid=191 timed_waiting&#10;java.lang.Thread.State: TIMED_WAITING&#10;        at java.base@21.0.7/jdk.internal.misc.Unsafe.park(Native Method)&#10;        at java.base@21.0.7/java.util.concurrent.locks.LockSupport.parkNanos(LockSupport.java:269)&#10;        at java.base@21.0.7/java.util.concurrent.locks.AbstractQueuedSynchronizer$ConditionObject.awaitNanos(AbstractQueuedSynchronizer.java:1763)&#10;        at java.base@21.0.7/java.util.concurrent.LinkedBlockingQueue.poll(LinkedBlockingQueue.java:460)&#10;        at app//org.apache.hadoop.ipc.CallQueueManager.take(CallQueueManager.java:370)&#10;        at app//org.apache.hadoop.ipc.Server$Handler.run(Server.java:3165)&#10;&quot;IPC Server handler 88 on default port 15000&quot; daemon prio=5 tid=214 timed_waiting&#10;java.lang.Thread.State: TIMED_WAITING&#10;        at java.base@21.0.7/jdk.internal.misc.Unsafe.park(Native Method)&#10;        at java.base@21.0.7/java.util.concurrent.locks.LockSupport.parkNanos(LockSupport.java:269)&#10;        at java.base@21.0.7/java.util.concurrent.locks.AbstractQueuedSynchronizer$ConditionObject.awaitNanos(AbstractQueuedSynchronizer.java:1763)&#10;        at java.base@21.0.7/java.util.concurrent.LinkedBlockingQueue.poll(LinkedBlockingQueue.java:460)&#10;        at app//org.apache.hadoop.ipc.CallQueueManager.take(CallQueueManager.java:370)&#10;        at app//org.apache.hadoop.ipc.Server$Handler.run(Server.java:3165)&#10;&quot;IPC Server handler 11 on default port 15000&quot; daemon prio=5 tid=137 timed_waiting&#10;java.lang.Thread.State: TIMED_WAITING&#10;        at java.base@21.0.7/jdk.internal.misc.Unsafe.park(Native Method)&#10;        at java.base@21.0.7/java.util.concurrent.locks.LockSupport.parkNanos(LockSupport.java:269)&#10;        at java.base@21.0.7/java.util.concurrent.locks.AbstractQueuedSynchronizer$ConditionObject.awaitNanos(AbstractQueuedSynchronizer.java:1763)&#10;        at java.base@21.0.7/java.util.concurrent.LinkedBlockingQueue.poll(LinkedBlockingQueue.java:460)&#10;        at app//org.apache.hadoop.ipc.CallQueueManager.take(CallQueueManager.java:370)&#10;        at app//org.apache.hadoop.ipc.Server$Handler.run(Server.java:3165)&#10;&quot;Socket Reader #1 for port 15000&quot;  prio=5 tid=95 runnable&#10;java.lang.Thread.State: RUNNABLE&#10;        at java.base@21.0.7/sun.nio.ch.EPoll.wait(Native Method)&#10;        at java.base@21.0.7/sun.nio.ch.EPollSelectorImpl.doSelect(EPollSelectorImpl.java:121)&#10;        at java.base@21.0.7/sun.nio.ch.SelectorImpl.lockAndDoSelect(SelectorImpl.java:130)&#10;        at java.base@21.0.7/sun.nio.ch.SelectorImpl.select(SelectorImpl.java:147)&#10;        at app//org.apache.hadoop.ipc.Server$Listener$Reader.doRunLoop(Server.java:1497)&#10;        at app//org.apache.hadoop.ipc.Server$Listener$Reader.run(Server.java:1476)&#10;&quot;IPC Server handler 66 on default port 15001&quot; daemon prio=5 tid=292 timed_waiting&#10;java.lang.Thread.State: TIMED_WAITING&#10;        at java.base@21.0.7/jdk.internal.misc.Unsafe.park(Native Method)&#10;        at java.base@21.0.7/java.util.concurrent.locks.LockSupport.parkNanos(LockSupport.java:269)&#10;        at java.base@21.0.7/java.util.concurrent.locks.AbstractQueuedSynchronizer$ConditionObject.awaitNanos(AbstractQueuedSynchronizer.java:1763)&#10;        at java.base@21.0.7/java.util.concurrent.LinkedBlockingQueue.poll(LinkedBlockingQueue.java:460)&#10;        at app//org.apache.hadoop.ipc.CallQueueManager.take(CallQueueManager.java:370)&#10;        at app//org.apache.hadoop.ipc.Server$Handler.run(Server.java:3165)&#10;&quot;dacc202e-cd42-4a7a-b335-fe62dff69130-DatanodeReportManager-3&quot; daemon prio=5 tid=667 timed_waiting&#10;java.lang.Thread.State: TIMED_WAITING&#10;        at java.base@21.0.7/jdk.internal.misc.Unsafe.park(Native Method)&#10;        at java.base@21.0.7/java.util.concurrent.locks.LockSupport.parkNanos(LockSupport.java:269)&#10;        at java.base@21.0.7/java.util.concurrent.locks.AbstractQueuedSynchronizer$ConditionObject.awaitNanos(AbstractQueuedSynchronizer.java:1763)&#10;        at java.base@21.0.7/java.util.concurrent.ScheduledThreadPoolExecutor$DelayedWorkQueue.take(ScheduledThreadPoolExecutor.java:1182)&#10;        at java.base@21.0.7/java.util.concurrent.ScheduledThreadPoolExecutor$DelayedWorkQueue.take(ScheduledThreadPoolExecutor.java:899)&#10;        at java.base@21.0.7/java.util.concurrent.ThreadPoolExecutor.getTask(ThreadPoolExecutor.java:1070)&#10;        at java.base@21.0.7/java.util.concurrent.ThreadPoolExecutor.runWorker(ThreadPoolExecutor.java:1130)&#10;        at java.base@21.0.7/java.util.concurrent.ThreadPoolExecutor$Worker.run(ThreadPoolExecutor.java:642)&#10;        at java.base@21.0.7/java.lang.Thread.runWith(Thread.java:1596)&#10;        at java.base@21.0.7/java.lang.Thread.run(Thread.java:1583)&#10;&quot;qtp207012443-629&quot; daemon prio=5 tid=629 timed_waiting&#10;java.lang.Thread.State: TIMED_WAITING&#10;        at java.base@21.0.7/jdk.internal.misc.Unsafe.park(Native Method)&#10;        at java.base@21.0.7/java.util.concurrent.locks.LockSupport.parkNanos(LockSupport.java:269)&#10;        at java.base@21.0.7/java.util.concurrent.locks.AbstractQueuedSynchronizer$ConditionObject.awaitNanos(AbstractQueuedSynchronizer.java:1763)&#10;        at app//org.eclipse.jetty.util.BlockingArrayQueue.poll(BlockingArrayQueue.java:382)&#10;        at app//org.eclipse.jetty.util.thread.QueuedThreadPool$Runner.idleJobPoll(QueuedThreadPool.java:974)&#10;        at app//org.eclipse.jetty.util.thread.QueuedThreadPool$Runner.run(QueuedThreadPool.java:1018)&#10;        at java.base@21.0.7/java.lang.Thread.runWith(Thread.java:1596)&#10;        at java.base@21.0.7/java.lang.Thread.run(Thread.java:1583)&#10;&quot;IPC Server handler 13 on default port 15001&quot; daemon prio=5 tid=239 timed_waiting&#10;java.lang.Thread.State: TIMED_WAITING&#10;        at java.base@21.0.7/jdk.internal.misc.Unsafe.park(Native Method)&#10;        at java.base@21.0.7/java.util.concurrent.locks.LockSupport.parkNanos(LockSupport.java:269)&#10;        at java.base@21.0.7/java.util.concurrent.locks.AbstractQueuedSynchronizer$ConditionObject.awaitNanos(AbstractQueuedSynchronizer.java:1763)&#10;        at java.base@21.0.7/java.util.concurrent.LinkedBlockingQueue.poll(LinkedBlockingQueue.java:460)&#10;        at app//org.apache.hadoop.ipc.CallQueueManager.take(CallQueueManager.java:370)&#10;        at app//org.apache.hadoop.ipc.Server$Handler.run(Server.java:3165)&#10;&quot;om1@group-C5BA1605619E-StateMachineUpdater&quot; daemon prio=5 tid=472 timed_waiting&#10;java.lang.Thread.State: TIMED_WAITING&#10;        at java.base@21.0.7/jdk.internal.misc.Unsafe.park(Native Method)&#10;        at java.base@21.0.7/java.util.concurrent.locks.LockSupport.parkNanos(LockSupport.java:269)&#10;        at java.base@21.0.7/java.util.concurrent.locks.AbstractQueuedSynchronizer$ConditionObject.await(AbstractQueuedSynchronizer.java:1852)&#10;        at app//org.apache.ratis.util.AwaitForSignal.await(AwaitForSignal.java:65)&#10;        at app//org.apache.ratis.server.impl.StateMachineUpdater.waitForCommit(StateMachineUpdater.java:219)&#10;        at app//org.apache.ratis.server.impl.StateMachineUpdater.run(StateMachineUpdater.java:187)&#10;        at java.base@21.0.7/java.lang.Thread.runWith(Thread.java:1596)&#10;        at java.base@21.0.7/java.lang.Thread.run(Thread.java:1583)&#10;&quot;IPC Server handler 58 on default port 15000&quot; daemon prio=5 tid=184 timed_waiting&#10;java.lang.Thread.State: TIMED_WAITING&#10;        at java.base@21.0.7/jdk.internal.misc.Unsafe.park(Native Method)&#10;        at java.base@21.0.7/java.util.concurrent.locks.LockSupport.parkNanos(LockSupport.java:269)&#10;        at java.base@21.0.7/java.util.concurrent.locks.AbstractQueuedSynchronizer$ConditionObject.awaitNanos(AbstractQueuedSynchronizer.java:1763)&#10;        at java.base@21.0.7/java.util.concurrent.LinkedBlockingQueue.poll(LinkedBlockingQueue.java:460)&#10;        at app//org.apache.hadoop.ipc.CallQueueManager.take(CallQueueManager.java:370)&#10;        at app//org.apache.hadoop.ipc.Server$Handler.run(Server.java:3165)&#10;&quot;qtp588626443-685&quot; daemon prio=5 tid=685 timed_waiting&#10;java.lang.Thread.State: TIMED_WAITING&#10;        at java.base@21.0.7/jdk.internal.misc.Unsafe.park(Native Method)&#10;        at java.base@21.0.7/java.util.concurrent.locks.LockSupport.parkNanos(LockSupport.java:269)&#10;        at java.base@21.0.7/java.util.concurrent.locks.AbstractQueuedSynchronizer$ConditionObject.awaitNanos(AbstractQueuedSynchronizer.java:1763)&#10;        at app//org.eclipse.jetty.util.BlockingArrayQueue.poll(BlockingArrayQueue.java:382)&#10;        at app//org.eclipse.jetty.util.thread.QueuedThreadPool$Runner.idleJobPoll(QueuedThreadPool.java:974)&#10;        at app//org.eclipse.jetty.util.thread.QueuedThreadPool$Runner.run(QueuedThreadPool.java:1018)&#10;        at java.base@21.0.7/java.lang.Thread.runWith(Thread.java:1596)&#10;        at java.base@21.0.7/java.lang.Thread.run(Thread.java:1583)&#10;&quot;volumeTable_FullTableCache-Cleanup-0&quot; daemon prio=5 tid=446 timed_waiting&#10;java.lang.Thread.State: TIMED_WAITING&#10;        at java.base@21.0.7/jdk.internal.misc.Unsafe.park(Native Method)&#10;        at java.base@21.0.7/java.util.concurrent.locks.LockSupport.parkNanos(LockSupport.java:269)&#10;        at java.base@21.0.7/java.util.concurrent.locks.AbstractQueuedSynchronizer$ConditionObject.awaitNanos(AbstractQueuedSynchronizer.java:1763)&#10;        at java.base@21.0.7/java.util.concurrent.ScheduledThreadPoolExecutor$DelayedWorkQueue.take(ScheduledThreadPoolExecutor.java:1182)&#10;        at java.base@21.0.7/java.util.concurrent.ScheduledThreadPoolExecutor$DelayedWorkQueue.take(ScheduledThreadPoolExecutor.java:899)&#10;        at java.base@21.0.7/java.util.concurrent.ThreadPoolExecutor.getTask(ThreadPoolExecutor.java:1070)&#10;        at java.base@21.0.7/java.util.concurrent.ThreadPoolExecutor.runWorker(ThreadPoolExecutor.java:1130)&#10;        at java.base@21.0.7/java.util.concurrent.ThreadPoolExecutor$Worker.run(ThreadPoolExecutor.java:642)&#10;        at java.base@21.0.7/java.lang.Thread.runWith(Thread.java:1596)&#10;        at java.base@21.0.7/java.lang.Thread.run(Thread.java:1583)&#10;&quot;Hadoop-Metrics-Updater-0&quot; daemon prio=5 tid=600 timed_waiting&#10;java.lang.Thread.State: TIMED_WAITING&#10;        at java.base@21.0.7/jdk.internal.misc.Unsafe.park(Native Method)&#10;        at java.base@21.0.7/java.util.concurrent.locks.LockSupport.parkNanos(LockSupport.java:269)&#10;        at java.base@21.0.7/java.util.concurrent.locks.AbstractQueuedSynchronizer$ConditionObject.awaitNanos(AbstractQueuedSynchronizer.java:1763)&#10;        at java.base@21.0.7/java.util.concurrent.ScheduledThreadPoolExecutor$DelayedWorkQueue.take(ScheduledThreadPoolExecutor.java:1182)&#10;        at java.base@21.0.7/java.util.concurrent.ScheduledThreadPoolExecutor$DelayedWorkQueue.take(ScheduledThreadPoolExecutor.java:899)&#10;        at java.base@21.0.7/java.util.concurrent.ThreadPoolExecutor.getTask(ThreadPoolExecutor.java:1070)&#10;        at java.base@21.0.7/java.util.concurrent.ThreadPoolExecutor.runWorker(ThreadPoolExecutor.java:1130)&#10;        at java.base@21.0.7/java.util.concurrent.ThreadPoolExecutor$Worker.run(ThreadPoolExecutor.java:642)&#10;        at java.base@21.0.7/java.lang.Thread.runWith(Thread.java:1596)&#10;        at java.base@21.0.7/java.lang.Thread.run(Thread.java:1583)&#10;&quot;IPC Server handler 9 on default port 15002&quot; daemon prio=5 tid=353 timed_waiting&#10;java.lang.Thread.State: TIMED_WAITING&#10;        at java.base@21.0.7/jdk.internal.misc.Unsafe.park(Native Method)&#10;        at java.base@21.0.7/java.util.concurrent.locks.LockSupport.parkNanos(LockSupport.java:269)&#10;        at java.base@21.0.7/java.util.concurrent.locks.AbstractQueuedSynchronizer$ConditionObject.awaitNanos(AbstractQueuedSynchronizer.java:1763)&#10;        at java.base@21.0.7/java.util.concurrent.LinkedBlockingQueue.poll(LinkedBlockingQueue.java:460)&#10;        at app//org.apache.hadoop.ipc.CallQueueManager.take(CallQueueManager.java:370)&#10;        at app//org.apache.hadoop.ipc.Server$Handler.run(Server.java:3165)&#10;&quot;IPC Server handler 9 on default port 15043&quot; daemon prio=5 tid=797 timed_waiting&#10;java.lang.Thread.State: TIMED_WAITING&#10;        at java.base@21.0.7/jdk.internal.misc.Unsafe.park(Native Method)&#10;        at java.base@21.0.7/java.util.concurrent.locks.LockSupport.parkNanos(LockSupport.java:269)&#10;        at java.base@21.0.7/java.util.concurrent.locks.AbstractQueuedSynchronizer$ConditionObject.awaitNanos(AbstractQueuedSynchronizer.java:1763)&#10;        at java.base@21.0.7/java.util.concurrent.LinkedBlockingQueue.poll(LinkedBlockingQueue.java:460)&#10;        at app//org.apache.hadoop.ipc.CallQueueManager.take(CallQueueManager.java:370)&#10;        at app//org.apache.hadoop.ipc.Server$Handler.run(Server.java:3165)&#10;&quot;IPC Server handler 97 on default port 15001&quot; daemon prio=5 tid=323 timed_waiting&#10;java.lang.Thread.State: TIMED_WAITING&#10;        at java.base@21.0.7/jdk.internal.misc.Unsafe.park(Native Method)&#10;        at java.base@21.0.7/java.util.concurrent.locks.LockSupport.parkNanos(LockSupport.java:269)&#10;        at java.base@21.0.7/java.util.concurrent.locks.AbstractQueuedSynchronizer$ConditionObject.awaitNanos(AbstractQueuedSynchronizer.java:1763)&#10;        at java.base@21.0.7/java.util.concurrent.LinkedBlockingQueue.poll(LinkedBlockingQueue.java:460)&#10;        at app//org.apache.hadoop.ipc.CallQueueManager.take(CallQueueManager.java:370)&#10;        at app//org.apache.hadoop.ipc.Server$Handler.run(Server.java:3165)&#10;&quot;IPC Server handler 51 on default port 15002&quot; daemon prio=5 tid=395 timed_waiting&#10;java.lang.Thread.State: TIMED_WAITING&#10;        at java.base@21.0.7/jdk.internal.misc.Unsafe.park(Native Method)&#10;        at java.base@21.0.7/java.util.concurrent.locks.LockSupport.parkNanos(LockSupport.java:269)&#10;        at java.base@21.0.7/java.util.concurrent.locks.AbstractQueuedSynchronizer$ConditionObject.awaitNanos(AbstractQueuedSynchronizer.java:1763)&#10;        at java.base@21.0.7/java.util.concurrent.LinkedBlockingQueue.poll(LinkedBlockingQueue.java:460)&#10;        at app//org.apache.hadoop.ipc.CallQueueManager.take(CallQueueManager.java:370)&#10;        at app//org.apache.hadoop.ipc.Server$Handler.run(Server.java:3165)&#10;&quot;Socket Reader #8 for port 15043&quot;  prio=5 tid=782 runnable&#10;java.lang.Thread.State: RUNNABLE&#10;        at java.base@21.0.7/sun.nio.ch.EPoll.wait(Native Method)&#10;        at java.base@21.0.7/sun.nio.ch.EPollSelectorImpl.doSelect(EPollSelectorImpl.java:121)&#10;        at java.base@21.0.7/sun.nio.ch.SelectorImpl.lockAndDoSelect(SelectorImpl.java:130)&#10;        at java.base@21.0.7/sun.nio.ch.SelectorImpl.select(SelectorImpl.java:147)&#10;        at app//org.apache.hadoop.ipc.Server$Listener$Reader.doRunLoop(Server.java:1497)&#10;        at app//org.apache.hadoop.ipc.Server$Listener$Reader.run(Server.java:1476)&#10;&quot;ContainerMetadataScanner&quot; daemon prio=5 tid=810 timed_waiting&#10;java.lang.Thread.State: TIMED_WAITING&#10;        at java.base@21.0.7/java.lang.Thread.sleep0(Native Method)&#10;        at java.base@21.0.7/java.lang.Thread.sleep(Thread.java:509)&#10;        at app//org.apache.hadoop.ozone.container.ozoneimpl.AbstractBackgroundContainerScanner.handleRemainingSleep(AbstractBackgroundContainerScanner.java:133)&#10;        at app//org.apache.hadoop.ozone.container.ozoneimpl.AbstractBackgroundContainerScanner.runIteration(AbstractBackgroundContainerScanner.java:100)&#10;        at app//org.apache.hadoop.ozone.container.ozoneimpl.AbstractBackgroundContainerScanner.run(AbstractBackgroundContainerScanner.java:59)&#10;        at java.base@21.0.7/java.lang.Thread.runWith(Thread.java:1596)&#10;        at java.base@21.0.7/java.lang.Thread.run(Thread.java:1583)&#10;&quot;IPC Server handler 77 on default port 15002&quot; daemon prio=5 tid=421 timed_waiting&#10;java.lang.Thread.State: TIMED_WAITING&#10;        at java.base@21.0.7/jdk.internal.misc.Unsafe.park(Native Method)&#10;        at java.base@21.0.7/java.util.concurrent.locks.LockSupport.parkNanos(LockSupport.java:269)&#10;        at java.base@21.0.7/java.util.concurrent.locks.AbstractQueuedSynchronizer$ConditionObject.awaitNanos(AbstractQueuedSynchronizer.java:1763)&#10;        at java.base@21.0.7/java.util.concurrent.LinkedBlockingQueue.poll(LinkedBlockingQueue.java:460)&#10;        at app//org.apache.hadoop.ipc.CallQueueManager.take(CallQueueManager.java:370)&#10;        at app//org.apache.hadoop.ipc.Server$Handler.run(Server.java:3165)&#10;&quot;IPC Server handler 97 on default port 15002&quot; daemon prio=5 tid=441 timed_waiting&#10;java.lang.Thread.State: TIMED_WAITING&#10;        at java.base@21.0.7/jdk.internal.misc.Unsafe.park(Native Method)&#10;        at java.base@21.0.7/java.util.concurrent.locks.LockSupport.parkNanos(LockSupport.java:269)&#10;        at java.base@21.0.7/java.util.concurrent.locks.AbstractQueuedSynchronizer$ConditionObject.awaitNanos(AbstractQueuedSynchronizer.java:1763)&#10;        at java.base@21.0.7/java.util.concurrent.LinkedBlockingQueue.poll(LinkedBlockingQueue.java:460)&#10;        at app//org.apache.hadoop.ipc.CallQueueManager.take(CallQueueManager.java:370)&#10;        at app//org.apache.hadoop.ipc.Server$Handler.run(Server.java:3165)&#10;&quot;IPC Server handler 6 on default port 15027&quot; daemon prio=5 tid=659 timed_waiting&#10;java.lang.Thread.State: TIMED_WAITING&#10;        at java.base@21.0.7/jdk.internal.misc.Unsafe.park(Native Method)&#10;        at java.base@21.0.7/java.util.concurrent.locks.LockSupport.parkNanos(LockSupport.java:269)&#10;        at java.base@21.0.7/java.util.concurrent.locks.AbstractQueuedSynchronizer$ConditionObject.awaitNanos(AbstractQueuedSynchronizer.java:1763)&#10;        at java.base@21.0.7/java.util.concurrent.LinkedBlockingQueue.poll(LinkedBlockingQueue.java:460)&#10;        at app//org.apache.hadoop.ipc.CallQueueManager.take(CallQueueManager.java:370)&#10;        at app//org.apache.hadoop.ipc.Server$Handler.run(Server.java:3165)&#10;&quot;78b7fabf-ca2a-4b70-8534-e46926e2083c-CommandProcessorThread&quot; daemon prio=5 tid=803 timed_waiting&#10;java.lang.Thread.State: TIMED_WAITING&#10;        at java.base@21.0.7/java.lang.Thread.sleep0(Native Method)&#10;        at java.base@21.0.7/java.lang.Thread.sleep(Thread.java:509)&#10;        at app//org.apache.hadoop.ozone.container.common.statemachine.DatanodeStateMachine.lambda$initCommandHandlerThread$4(DatanodeStateMachine.java:674)&#10;        at app//org.apache.hadoop.ozone.container.common.statemachine.DatanodeStateMachine$$Lambda/0x00007fe904823f58.run(Unknown Source)&#10;        at java.base@21.0.7/java.lang.Thread.runWith(Thread.java:1596)&#10;        at java.base@21.0.7/java.lang.Thread.run(Thread.java:1583)&#10;&quot;IPC Server handler 98 on default port 15000&quot; daemon prio=5 tid=224 timed_waiting&#10;java.lang.Thread.State: TIMED_WAITING&#10;        at java.base@21.0.7/jdk.internal.misc.Unsafe.park(Native Method)&#10;        at java.base@21.0.7/java.util.concurrent.locks.LockSupport.parkNanos(LockSupport.java:269)&#10;        at java.base@21.0.7/java.util.concurrent.locks.AbstractQueuedSynchronizer$ConditionObject.awaitNanos(AbstractQueuedSynchronizer.java:1763)&#10;        at java.base@21.0.7/java.util.concurrent.LinkedBlockingQueue.poll(LinkedBlockingQueue.java:460)&#10;        at app//org.apache.hadoop.ipc.CallQueueManager.take(CallQueueManager.java:370)&#10;        at app//org.apache.hadoop.ipc.Server$Handler.run(Server.java:3165)&#10;&quot;Socket Reader #9 for port 15019&quot;  prio=5 tid=596 runnable&#10;java.lang.Thread.State: RUNNABLE&#10;        at java.base@21.0.7/sun.nio.ch.EPoll.wait(Native Method)&#10;        at java.base@21.0.7/sun.nio.ch.EPollSelectorImpl.doSelect(EPollSelectorImpl.java:121)&#10;        at java.base@21.0.7/sun.nio.ch.SelectorImpl.lockAndDoSelect(SelectorImpl.java:130)&#10;        at java.base@21.0.7/sun.nio.ch.SelectorImpl.select(SelectorImpl.java:147)&#10;        at app//org.apache.hadoop.ipc.Server$Listener$Reader.doRunLoop(Server.java:1497)&#10;        at app//org.apache.hadoop.ipc.Server$Listener$Reader.run(Server.java:1476)&#10;&quot;a755fe32-7d9a-4996-bc51-d7fbc67ab218-ChunkReader-ELG-0&quot; daemon prio=5 tid=714 timed_waiting&#10;java.lang.Thread.State: TIMED_WAITING&#10;        at java.base@21.0.7/java.lang.Thread.sleep0(Native Method)&#10;        at java.base@21.0.7/java.lang.Thread.sleep(Thread.java:509)&#10;        at app//org.apache.ratis.thirdparty.io.netty.util.concurrent.SingleThreadEventExecutor.confirmShutdown(SingleThreadEventExecutor.java:790)&#10;        at app//org.apache.ratis.thirdparty.io.netty.channel.epoll.EpollEventLoop.run(EpollEventLoop.java:423)&#10;        at app//org.apache.ratis.thirdparty.io.netty.util.concurrent.SingleThreadEventExecutor$4.run(SingleThreadEventExecutor.java:997)&#10;        at app//org.apache.ratis.thirdparty.io.netty.util.internal.ThreadExecutorMap$2.run(ThreadExecutorMap.java:74)&#10;        at java.base@21.0.7/java.lang.Thread.runWith(Thread.java:1596)&#10;        at java.base@21.0.7/java.lang.Thread.run(Thread.java:1583)&#10;&quot;IPC Server handler 91 on default port 15002&quot; daemon prio=5 tid=435 timed_waiting&#10;java.lang.Thread.State: TIMED_WAITING&#10;        at java.base@21.0.7/jdk.internal.misc.Unsafe.park(Native Method)&#10;        at java.base@21.0.7/java.util.concurrent.locks.LockSupport.parkNanos(LockSupport.java:269)&#10;        at java.base@21.0.7/java.util.concurrent.locks.AbstractQueuedSynchronizer$ConditionObject.awaitNanos(AbstractQueuedSynchronizer.java:1763)&#10;        at java.base@21.0.7/java.util.concurrent.LinkedBlockingQueue.poll(LinkedBlockingQueue.java:460)&#10;        at app//org.apache.hadoop.ipc.CallQueueManager.take(CallQueueManager.java:370)&#10;        at app//org.apache.hadoop.ipc.Server$Handler.run(Server.java:3165)&#10;&quot;IPC Server handler 17 on default port 15002&quot; daemon prio=5 tid=361 timed_waiting&#10;java.lang.Thread.State: TIMED_WAITING&#10;        at java.base@21.0.7/jdk.internal.misc.Unsafe.park(Native Method)&#10;        at java.base@21.0.7/java.util.concurrent.locks.LockSupport.parkNanos(LockSupport.java:269)&#10;        at java.base@21.0.7/java.util.concurrent.locks.AbstractQueuedSynchronizer$ConditionObject.awaitNanos(AbstractQueuedSynchronizer.java:1763)&#10;        at java.base@21.0.7/java.util.concurrent.LinkedBlockingQueue.poll(LinkedBlockingQueue.java:460)&#10;        at app//org.apache.hadoop.ipc.CallQueueManager.take(CallQueueManager.java:370)&#10;        at app//org.apache.hadoop.ipc.Server$Handler.run(Server.java:3165)&#10;&quot;dacc202e-cd42-4a7a-b335-fe62dff69130-ChunkReader-ELG-0&quot; daemon prio=5 tid=817 runnable&#10;java.lang.Thread.State: RUNNABLE&#10;        at app//org.apache.ratis.thirdparty.io.netty.channel.epoll.Native.epollWait(Native Method)&#10;        at app//org.apache.ratis.thirdparty.io.netty.channel.epoll.Native.epollWait(Native.java:220)&#10;        at app//org.apache.ratis.thirdparty.io.netty.channel.epoll.Native.epollWait(Native.java:213)&#10;        at app//org.apache.ratis.thirdparty.io.netty.channel.epoll.EpollEventLoop.epollWaitNoTimerChange(EpollEventLoop.java:308)&#10;        at app//org.apache.ratis.thirdparty.io.netty.channel.epoll.EpollEventLoop.run(EpollEventLoop.java:365)&#10;        at app//org.apache.ratis.thirdparty.io.netty.util.concurrent.SingleThreadEventExecutor$4.run(SingleThreadEventExecutor.java:997)&#10;        at app//org.apache.ratis.thirdparty.io.netty.util.internal.ThreadExecutorMap$2.run(ThreadExecutorMap.java:74)&#10;        at java.base@21.0.7/java.lang.Thread.runWith(Thread.java:1596)&#10;        at java.base@21.0.7/java.lang.Thread.run(Thread.java:1583)&#10;&quot;IPC Server handler 20 on default port 15002&quot; daemon prio=5 tid=364 timed_waiting&#10;java.lang.Thread.State: TIMED_WAITING&#10;        at java.base@21.0.7/jdk.internal.misc.Unsafe.park(Native Method)&#10;        at java.base@21.0.7/java.util.concurrent.locks.LockSupport.parkNanos(LockSupport.java:269)&#10;        at java.base@21.0.7/java.util.concurrent.locks.AbstractQueuedSynchronizer$ConditionObject.awaitNanos(AbstractQueuedSynchronizer.java:1763)&#10;        at java.base@21.0.7/java.util.concurrent.LinkedBlockingQueue.poll(LinkedBlockingQueue.java:460)&#10;        at app//org.apache.hadoop.ipc.CallQueueManager.take(CallQueueManager.java:370)&#10;        at app//org.apache.hadoop.ipc.Server$Handler.run(Server.java:3165)&#10;&quot;dacc202e-cd42-4a7a-b335-fe62dff69130-EndpointStateMachineTaskThread-/0.0.0.0:15002-0 &quot;  prio=5 tid=772 in Object.wait()&#10;java.lang.Thread.State: WAITING (on object monitor)&#10;        at java.base@21.0.7/jdk.internal.misc.Unsafe.park(Native Method)&#10;        at java.base@21.0.7/java.util.concurrent.locks.LockSupport.park(LockSupport.java:371)&#10;        at java.base@21.0.7/java.util.concurrent.locks.AbstractQueuedSynchronizer$ConditionNode.block(AbstractQueuedSynchronizer.java:519)&#10;        at java.base@21.0.7/java.util.concurrent.ForkJoinPool.unmanagedBlock(ForkJoinPool.java:3780)&#10;        at java.base@21.0.7/java.util.concurrent.ForkJoinPool.managedBlock(ForkJoinPool.java:3725)&#10;        at java.base@21.0.7/java.util.concurrent.locks.AbstractQueuedSynchronizer$ConditionObject.await(AbstractQueuedSynchronizer.java:1712)&#10;        at java.base@21.0.7/java.util.concurrent.LinkedBlockingQueue.take(LinkedBlockingQueue.java:435)&#10;        at java.base@21.0.7/java.util.concurrent.ThreadPoolExecutor.getTask(ThreadPoolExecutor.java:1070)&#10;        at java.base@21.0.7/java.util.concurrent.ThreadPoolExecutor.runWorker(ThreadPoolExecutor.java:1130)&#10;        at java.base@21.0.7/java.util.concurrent.ThreadPoolExecutor$Worker.run(ThreadPoolExecutor.java:642)&#10;        at java.base@21.0.7/java.lang.Thread.runWith(Thread.java:1596)&#10;        at java.base@21.0.7/java.lang.Thread.run(Thread.java:1583)&#10;&quot;IPC Server handler 7 on default port 15001&quot; daemon prio=5 tid=233 timed_waiting&#10;java.lang.Thread.State: TIMED_WAITING&#10;        at java.base@21.0.7/jdk.internal.misc.Unsafe.park(Native Method)&#10;        at java.base@21.0.7/java.util.concurrent.locks.LockSupport.parkNanos(LockSupport.java:269)&#10;        at java.base@21.0.7/java.util.concurrent.locks.AbstractQueuedSynchronizer$ConditionObject.awaitNanos(AbstractQueuedSynchronizer.java:1763)&#10;        at java.base@21.0.7/java.util.concurrent.LinkedBlockingQueue.poll(LinkedBlockingQueue.java:460)&#10;        at app//org.apache.hadoop.ipc.CallQueueManager.take(CallQueueManager.java:370)&#10;        at app//org.apache.hadoop.ipc.Server$Handler.run(Server.java:3165)&#10;&quot;dacc202e-cd42-4a7a-b335-fe62dff69130@group-A574A09B74EF-LeaderStateImpl&quot; daemon prio=5 tid=1034 timed_waiting&#10;java.lang.Thread.State: TIMED_WAITING&#10;        at java.base@21.0.7/jdk.internal.misc.Unsafe.park(Native Method)&#10;        at java.base@21.0.7/java.util.concurrent.locks.LockSupport.parkNanos(LockSupport.java:269)&#10;        at java.base@21.0.7/java.util.concurrent.locks.AbstractQueuedSynchronizer$ConditionObject.awaitNanos(AbstractQueuedSynchronizer.java:1763)&#10;        at java.base@21.0.7/java.util.concurrent.ArrayBlockingQueue.poll(ArrayBlockingQueue.java:435)&#10;        at app//org.apache.ratis.server.impl.LeaderStateImpl$EventQueue.poll(LeaderStateImpl.java:164)&#10;        at app//org.apache.ratis.server.impl.LeaderStateImpl$EventProcessor.run(LeaderStateImpl.java:763)&#10;&quot;IPC Server handler 91 on default port 15000&quot; daemon prio=5 tid=217 timed_waiting&#10;java.lang.Thread.State: TIMED_WAITING&#10;        at java.base@21.0.7/jdk.internal.misc.Unsafe.park(Native Method)&#10;        at java.base@21.0.7/java.util.concurrent.locks.LockSupport.parkNanos(LockSupport.java:269)&#10;        at java.base@21.0.7/java.util.concurrent.locks.AbstractQueuedSynchronizer$ConditionObject.awaitNanos(AbstractQueuedSynchronizer.java:1763)&#10;        at java.base@21.0.7/java.util.concurrent.LinkedBlockingQueue.poll(LinkedBlockingQueue.java:460)&#10;        at app//org.apache.hadoop.ipc.CallQueueManager.take(CallQueueManager.java:370)&#10;        at app//org.apache.hadoop.ipc.Server$Handler.run(Server.java:3165)&#10;&quot;0cf558f4-2ca5-4c9f-a057-d7d7b755ef43@group-6B1567AA62B1-LeaderStateImpl&quot; daemon prio=5 tid=342 timed_waiting&#10;java.lang.Thread.State: TIMED_WAITING&#10;        at java.base@21.0.7/jdk.internal.misc.Unsafe.park(Native Method)&#10;        at java.base@21.0.7/java.util.concurrent.locks.LockSupport.parkNanos(LockSupport.java:269)&#10;        at java.base@21.0.7/java.util.concurrent.locks.AbstractQueuedSynchronizer$ConditionObject.awaitNanos(AbstractQueuedSynchronizer.java:1763)&#10;        at java.base@21.0.7/java.util.concurrent.ArrayBlockingQueue.poll(ArrayBlockingQueue.java:435)&#10;        at app//org.apache.ratis.server.impl.LeaderStateImpl$EventQueue.poll(LeaderStateImpl.java:164)&#10;        at app//org.apache.ratis.server.impl.LeaderStateImpl$EventProcessor.run(LeaderStateImpl.java:763)&#10;&quot;Socket Reader #7 for port 15027&quot;  prio=5 tid=646 runnable&#10;java.lang.Thread.State: RUNNABLE&#10;        at java.base@21.0.7/sun.nio.ch.EPoll.wait(Native Method)&#10;        at java.base@21.0.7/sun.nio.ch.EPollSelectorImpl.doSelect(EPollSelectorImpl.java:121)&#10;        at java.base@21.0.7/sun.nio.ch.SelectorImpl.lockAndDoSelect(SelectorImpl.java:130)&#10;        at java.base@21.0.7/sun.nio.ch.SelectorImpl.select(SelectorImpl.java:147)&#10;        at app//org.apache.hadoop.ipc.Server$Listener$Reader.doRunLoop(Server.java:1497)&#10;        at app//org.apache.hadoop.ipc.Server$Listener$Reader.run(Server.java:1476)&#10;&quot;IPC Server handler 3 on default port 15027&quot; daemon prio=5 tid=656 timed_waiting&#10;java.lang.Thread.State: TIMED_WAITING&#10;        at java.base@21.0.7/jdk.internal.misc.Unsafe.park(Native Method)&#10;        at java.base@21.0.7/java.util.concurrent.locks.LockSupport.parkNanos(LockSupport.java:269)&#10;        at java.base@21.0.7/java.util.concurrent.locks.AbstractQueuedSynchronizer$ConditionObject.awaitNanos(AbstractQueuedSynchronizer.java:1763)&#10;        at java.base@21.0.7/java.util.concurrent.LinkedBlockingQueue.poll(LinkedBlockingQueue.java:460)&#10;        at app//org.apache.hadoop.ipc.CallQueueManager.take(CallQueueManager.java:370)&#10;        at app//org.apache.hadoop.ipc.Server$Handler.run(Server.java:3165)&#10;&quot;surefire-forkedjvm-command-thread&quot; daemon prio=5 tid=25 runnable&#10;java.lang.Thread.State: RUNNABLE&#10;        at java.base@21.0.7/java.io.FileInputStream.readBytes(Native Method)&#10;        at java.base@21.0.7/java.io.FileInputStream.read(FileInputStream.java:287)&#10;        at java.base@21.0.7/java.io.BufferedInputStream.read1(BufferedInputStream.java:345)&#10;        at java.base@21.0.7/java.io.BufferedInputStream.implRead(BufferedInputStream.java:420)&#10;        at java.base@21.0.7/java.io.BufferedInputStream.read(BufferedInputStream.java:399)&#10;        at java.base@21.0.7/java.io.BufferedInputStream.fill(BufferedInputStream.java:291)&#10;        at java.base@21.0.7/java.io.BufferedInputStream.read1(BufferedInputStream.java:347)&#10;        at java.base@21.0.7/java.io.BufferedInputStream.implRead(BufferedInputStream.java:420)&#10;        at java.base@21.0.7/java.io.BufferedInputStream.read(BufferedInputStream.java:399)&#10;        at app//org.apache.maven.surefire.api.util.internal.Channels$3.readImpl(Channels.java:169)&#10;        at app//org.apache.maven.surefire.api.util.internal.AbstractNoninterruptibleReadableChannel.read(AbstractNoninterruptibleReadableChannel.java:50)&#10;        at app//org.apache.maven.surefire.api.stream.AbstractStreamDecoder.read(AbstractStreamDecoder.java:430)&#10;        at app//org.apache.maven.surefire.api.stream.AbstractStreamDecoder.read(AbstractStreamDecoder.java:419)&#10;        at app//org.apache.maven.surefire.api.stream.AbstractStreamDecoder.readMessageType(AbstractStreamDecoder.java:116)&#10;        at app//org.apache.maven.surefire.booter.stream.CommandDecoder.decode(CommandDecoder.java:77)&#10;        at app//org.apache.maven.surefire.booter.spi.CommandChannelDecoder.decode(CommandChannelDecoder.java:60)&#10;        at app//org.apache.maven.surefire.booter.CommandReader$CommandRunnable.run(CommandReader.java:290)&#10;        at java.base@21.0.7/java.lang.Thread.runWith(Thread.java:1596)&#10;        at java.base@21.0.7/java.lang.Thread.run(Thread.java:1583)&#10;&quot;Socket Reader #6 for port 15002&quot;  prio=5 tid=72 runnable&#10;java.lang.Thread.State: RUNNABLE&#10;        at java.base@21.0.7/sun.nio.ch.EPoll.wait(Native Method)&#10;        at java.base@21.0.7/sun.nio.ch.EPollSelectorImpl.doSelect(EPollSelectorImpl.java:121)&#10;        at java.base@21.0.7/sun.nio.ch.SelectorImpl.lockAndDoSelect(SelectorImpl.java:130)&#10;        at java.base@21.0.7/sun.nio.ch.SelectorImpl.select(SelectorImpl.java:147)&#10;        at app//org.apache.hadoop.ipc.Server$Listener$Reader.doRunLoop(Server.java:1497)&#10;        at app//org.apache.hadoop.ipc.Server$Listener$Reader.run(Server.java:1476)&#10;&quot;IPC Server handler 22 on default port 15000&quot; daemon prio=5 tid=148 timed_waiting&#10;java.lang.Thread.State: TIMED_WAITING&#10;        at java.base@21.0.7/jdk.internal.misc.Unsafe.park(Native Method)&#10;        at java.base@21.0.7/java.util.concurrent.locks.LockSupport.parkNanos(LockSupport.java:269)&#10;        at java.base@21.0.7/java.util.concurrent.locks.AbstractQueuedSynchronizer$ConditionObject.awaitNanos(AbstractQueuedSynchronizer.java:1763)&#10;        at java.base@21.0.7/java.util.concurrent.LinkedBlockingQueue.poll(LinkedBlockingQueue.java:460)&#10;        at app//org.apache.hadoop.ipc.CallQueueManager.take(CallQueueManager.java:370)&#10;        at app//org.apache.hadoop.ipc.Server$Handler.run(Server.java:3165)&#10;&quot;IPC Server idle connection scanner for port 15000&quot; daemon prio=5 tid=105 timed_waiting&#10;java.lang.Thread.State: TIMED_WAITING&#10;        at java.base@21.0.7/java.lang.Object.wait0(Native Method)&#10;        at java.base@21.0.7/java.lang.Object.wait(Object.java:366)&#10;        at java.base@21.0.7/java.util.TimerThread.mainLoop(Timer.java:563)&#10;        at java.base@21.0.7/java.util.TimerThread.run(Timer.java:516)&#10;&quot;IPC Server handler 83 on default port 15002&quot; daemon prio=5 tid=427 timed_waiting&#10;java.lang.Thread.State: TIMED_WAITING&#10;        at java.base@21.0.7/jdk.internal.misc.Unsafe.park(Native Method)&#10;        at java.base@21.0.7/java.util.concurrent.locks.LockSupport.parkNanos(LockSupport.java:269)&#10;        at java.base@21.0.7/java.util.concurrent.locks.AbstractQueuedSynchronizer$ConditionObject.awaitNanos(AbstractQueuedSynchronizer.java:1763)&#10;        at java.base@21.0.7/java.util.concurrent.LinkedBlockingQueue.poll(LinkedBlockingQueue.java:460)&#10;        at app//org.apache.hadoop.ipc.CallQueueManager.take(CallQueueManager.java:370)&#10;        at app//org.apache.hadoop.ipc.Server$Handler.run(Server.java:3165)&#10;&quot;IPC Server handler 7 on default port 15000&quot; daemon prio=5 tid=133 timed_waiting&#10;java.lang.Thread.State: TIMED_WAITING&#10;        at java.base@21.0.7/jdk.internal.misc.Unsafe.park(Native Method)&#10;        at java.base@21.0.7/java.util.concurrent.locks.LockSupport.parkNanos(LockSupport.java:269)&#10;        at java.base@21.0.7/java.util.concurrent.locks.AbstractQueuedSynchronizer$ConditionObject.awaitNanos(AbstractQueuedSynchronizer.java:1763)&#10;        at java.base@21.0.7/java.util.concurrent.LinkedBlockingQueue.poll(LinkedBlockingQueue.java:460)&#10;        at app//org.apache.hadoop.ipc.CallQueueManager.take(CallQueueManager.java:370)&#10;        at app//org.apache.hadoop.ipc.Server$Handler.run(Server.java:3165)&#10;&quot;Socket Reader #6 for port 15006&quot;  prio=5 tid=461 runnable&#10;java.lang.Thread.State: RUNNABLE&#10;        at java.base@21.0.7/sun.nio.ch.EPoll.wait(Native Method)&#10;        at java.base@21.0.7/sun.nio.ch.EPollSelectorImpl.doSelect(EPollSelectorImpl.java:121)&#10;        at java.base@21.0.7/sun.nio.ch.SelectorImpl.lockAndDoSelect(SelectorImpl.java:130)&#10;        at java.base@21.0.7/sun.nio.ch.SelectorImpl.select(SelectorImpl.java:147)&#10;        at app//org.apache.hadoop.ipc.Server$Listener$Reader.doRunLoop(Server.java:1497)&#10;        at app//org.apache.hadoop.ipc.Server$Listener$Reader.run(Server.java:1476)&#10;&quot;Socket Reader #9 for port 15027&quot;  prio=5 tid=648 runnable&#10;java.lang.Thread.State: RUNNABLE&#10;        at java.base@21.0.7/sun.nio.ch.EPoll.wait(Native Method)&#10;        at java.base@21.0.7/sun.nio.ch.EPollSelectorImpl.doSelect(EPollSelectorImpl.java:121)&#10;        at java.base@21.0.7/sun.nio.ch.SelectorImpl.lockAndDoSelect(SelectorImpl.java:130)&#10;        at java.base@21.0.7/sun.nio.ch.SelectorImpl.select(SelectorImpl.java:147)&#10;        at app//org.apache.hadoop.ipc.Server$Listener$Reader.doRunLoop(Server.java:1497)&#10;        at app//org.apache.hadoop.ipc.Server$Listener$Reader.run(Server.java:1476)&#10;&quot;IPC Server handler 68 on default port 15000&quot; daemon prio=5 tid=194 timed_waiting&#10;java.lang.Thread.State: TIMED_WAITING&#10;        at java.base@21.0.7/jdk.internal.misc.Unsafe.park(Native Method)&#10;        at java.base@21.0.7/java.util.concurrent.locks.LockSupport.parkNanos(LockSupport.java:269)&#10;        at java.base@21.0.7/java.util.concurrent.locks.AbstractQueuedSynchronizer$ConditionObject.awaitNanos(AbstractQueuedSynchronizer.java:1763)&#10;        at java.base@21.0.7/java.util.concurrent.LinkedBlockingQueue.poll(LinkedBlockingQueue.java:460)&#10;        at app//org.apache.hadoop.ipc.CallQueueManager.take(CallQueueManager.java:370)&#10;        at app//org.apache.hadoop.ipc.Server$Handler.run(Server.java:3165)&#10;&quot;IPC Server handler 8 on default port 15002&quot; daemon prio=5 tid=352 timed_waiting&#10;java.lang.Thread.State: TIMED_WAITING&#10;        at java.base@21.0.7/jdk.internal.misc.Unsafe.park(Native Method)&#10;        at java.base@21.0.7/java.util.concurrent.locks.LockSupport.parkNanos(LockSupport.java:269)&#10;        at java.base@21.0.7/java.util.concurrent.locks.AbstractQueuedSynchronizer$ConditionObject.awaitNanos(AbstractQueuedSynchronizer.java:1763)&#10;        at java.base@21.0.7/java.util.concurrent.LinkedBlockingQueue.poll(LinkedBlockingQueue.java:460)&#10;        at app//org.apache.hadoop.ipc.CallQueueManager.take(CallQueueManager.java:370)&#10;        at app//org.apache.hadoop.ipc.Server$Handler.run(Server.java:3165)&#10;&quot;IPC Server handler 14 on default port 15000&quot; daemon prio=5 tid=140 timed_waiting&#10;java.lang.Thread.State: TIMED_WAITING&#10;        at java.base@21.0.7/jdk.internal.misc.Unsafe.park(Native Method)&#10;        at java.base@21.0.7/java.util.concurrent.locks.LockSupport.parkNanos(LockSupport.java:269)&#10;        at java.base@21.0.7/java.util.concurrent.locks.AbstractQueuedSynchronizer$ConditionObject.awaitNanos(AbstractQueuedSynchronizer.java:1763)&#10;        at java.base@21.0.7/java.util.concurrent.LinkedBlockingQueue.poll(LinkedBlockingQueue.java:460)&#10;        at app//org.apache.hadoop.ipc.CallQueueManager.take(CallQueueManager.java:370)&#10;        at app//org.apache.hadoop.ipc.Server$Handler.run(Server.java:3165)&#10;&quot;Hadoop-Metrics-Updater-0&quot; daemon prio=5 tid=468 timed_waiting&#10;java.lang.Thread.State: TIMED_WAITING&#10;        at java.base@21.0.7/jdk.internal.misc.Unsafe.park(Native Method)&#10;        at java.base@21.0.7/java.util.concurrent.locks.LockSupport.parkNanos(LockSupport.java:269)&#10;        at java.base@21.0.7/java.util.concurrent.locks.AbstractQueuedSynchronizer$ConditionObject.awaitNanos(AbstractQueuedSynchronizer.java:1763)&#10;        at java.base@21.0.7/java.util.concurrent.ScheduledThreadPoolExecutor$DelayedWorkQueue.take(ScheduledThreadPoolExecutor.java:1182)&#10;        at java.base@21.0.7/java.util.concurrent.ScheduledThreadPoolExecutor$DelayedWorkQueue.take(ScheduledThreadPoolExecutor.java:899)&#10;        at java.base@21.0.7/java.util.concurrent.ThreadPoolExecutor.getTask(ThreadPoolExecutor.java:1070)&#10;        at java.base@21.0.7/java.util.concurrent.ThreadPoolExecutor.runWorker(ThreadPoolExecutor.java:1130)&#10;        at java.base@21.0.7/java.util.concurrent.ThreadPoolExecutor$Worker.run(ThreadPoolExecutor.java:642)&#10;        at java.base@21.0.7/java.lang.Thread.runWith(Thread.java:1596)&#10;        at java.base@21.0.7/java.lang.Thread.run(Thread.java:1583)&#10;&quot;IPC Server handler 40 on default port 15002&quot; daemon prio=5 tid=384 timed_waiting&#10;java.lang.Thread.State: TIMED_WAITING&#10;        at java.base@21.0.7/jdk.internal.misc.Unsafe.park(Native Method)&#10;        at java.base@21.0.7/java.util.concurrent.locks.LockSupport.parkNanos(LockSupport.java:269)&#10;        at java.base@21.0.7/java.util.concurrent.locks.AbstractQueuedSynchronizer$ConditionObject.awaitNanos(AbstractQueuedSynchronizer.java:1763)&#10;        at java.base@21.0.7/java.util.concurrent.LinkedBlockingQueue.poll(LinkedBlockingQueue.java:460)&#10;        at app//org.apache.hadoop.ipc.CallQueueManager.take(CallQueueManager.java:370)&#10;        at app//org.apache.hadoop.ipc.Server$Handler.run(Server.java:3165)&#10;&quot;IPC Server handler 38 on default port 15000&quot; daemon prio=5 tid=164 timed_waiting&#10;java.lang.Thread.State: TIMED_WAITING&#10;        at java.base@21.0.7/jdk.internal.misc.Unsafe.park(Native Method)&#10;        at java.base@21.0.7/java.util.concurrent.locks.LockSupport.parkNanos(LockSupport.java:269)&#10;        at java.base@21.0.7/java.util.concurrent.locks.AbstractQueuedSynchronizer$ConditionObject.awaitNanos(AbstractQueuedSynchronizer.java:1763)&#10;        at java.base@21.0.7/java.util.concurrent.LinkedBlockingQueue.poll(LinkedBlockingQueue.java:460)&#10;        at app//org.apache.hadoop.ipc.CallQueueManager.take(CallQueueManager.java:370)&#10;        at app//org.apache.hadoop.ipc.Server$Handler.run(Server.java:3165)&#10;&quot;IPC Server handler 18 on default port 15001&quot; daemon prio=5 tid=244 timed_waiting&#10;java.lang.Thread.State: TIMED_WAITING&#10;        at java.base@21.0.7/jdk.internal.misc.Unsafe.park(Native Method)&#10;        at java.base@21.0.7/java.util.concurrent.locks.LockSupport.parkNanos(LockSupport.java:269)&#10;        at java.base@21.0.7/java.util.concurrent.locks.AbstractQueuedSynchronizer$ConditionObject.awaitNanos(AbstractQueuedSynchronizer.java:1763)&#10;        at java.base@21.0.7/java.util.concurrent.LinkedBlockingQueue.poll(LinkedBlockingQueue.java:460)&#10;        at app//org.apache.hadoop.ipc.CallQueueManager.take(CallQueueManager.java:370)&#10;        at app//org.apache.hadoop.ipc.Server$Handler.run(Server.java:3165)&#10;&quot;om1-groupManagement&quot;  prio=5 tid=453 in Object.wait()&#10;java.lang.Thread.State: WAITING (on object monitor)&#10;        at java.base@21.0.7/jdk.internal.misc.Unsafe.park(Native Method)&#10;        at java.base@21.0.7/java.util.concurrent.locks.LockSupport.park(LockSupport.java:371)&#10;        at java.base@21.0.7/java.util.concurrent.locks.AbstractQueuedSynchronizer$ConditionNode.block(AbstractQueuedSynchronizer.java:519)&#10;        at java.base@21.0.7/java.util.concurrent.ForkJoinPool.unmanagedBlock(ForkJoinPool.java:3780)&#10;        at java.base@21.0.7/java.util.concurrent.ForkJoinPool.managedBlock(ForkJoinPool.java:3725)&#10;        at java.base@21.0.7/java.util.concurrent.locks.AbstractQueuedSynchronizer$ConditionObject.await(AbstractQueuedSynchronizer.java:1712)&#10;        at java.base@21.0.7/java.util.concurrent.LinkedBlockingQueue.take(LinkedBlockingQueue.java:435)&#10;        at java.base@21.0.7/java.util.concurrent.ThreadPoolExecutor.getTask(ThreadPoolExecutor.java:1070)&#10;        at java.base@21.0.7/java.util.concurrent.ThreadPoolExecutor.runWorker(ThreadPoolExecutor.java:1130)&#10;        at java.base@21.0.7/java.util.concurrent.ThreadPoolExecutor$Worker.run(ThreadPoolExecutor.java:642)&#10;        at java.base@21.0.7/java.lang.Thread.runWith(Thread.java:1596)&#10;        at java.base@21.0.7/java.lang.Thread.run(Thread.java:1583)&#10;&quot;IPC Server handler 24 on default port 15002&quot; daemon prio=5 tid=368 timed_waiting&#10;java.lang.Thread.State: TIMED_WAITING&#10;        at java.base@21.0.7/jdk.internal.misc.Unsafe.park(Native Method)&#10;        at java.base@21.0.7/java.util.concurrent.locks.LockSupport.parkNanos(LockSupport.java:269)&#10;        at java.base@21.0.7/java.util.concurrent.locks.AbstractQueuedSynchronizer$ConditionObject.awaitNanos(AbstractQueuedSynchronizer.java:1763)&#10;        at java.base@21.0.7/java.util.concurrent.LinkedBlockingQueue.poll(LinkedBlockingQueue.java:460)&#10;        at app//org.apache.hadoop.ipc.CallQueueManager.take(CallQueueManager.java:370)&#10;        at app//org.apache.hadoop.ipc.Server$Handler.run(Server.java:3165)&#10;&quot;IPC Server handler 68 on default port 15001&quot; daemon prio=5 tid=294 timed_waiting&#10;java.lang.Thread.State: TIMED_WAITING&#10;        at java.base@21.0.7/jdk.internal.misc.Unsafe.park(Native Method)&#10;        at java.base@21.0.7/java.util.concurrent.locks.LockSupport.parkNanos(LockSupport.java:269)&#10;        at java.base@21.0.7/java.util.concurrent.locks.AbstractQueuedSynchronizer$ConditionObject.awaitNanos(AbstractQueuedSynchronizer.java:1763)&#10;        at java.base@21.0.7/java.util.concurrent.LinkedBlockingQueue.poll(LinkedBlockingQueue.java:460)&#10;        at app//org.apache.hadoop.ipc.CallQueueManager.take(CallQueueManager.java:370)&#10;        at app//org.apache.hadoop.ipc.Server$Handler.run(Server.java:3165)&#10;&quot;78b7fabf-ca2a-4b70-8534-e46926e2083c-BlockDeletingService#1&quot; daemon prio=5 tid=858 in Object.wait()&#10;java.lang.Thread.State: WAITING (on object monitor)&#10;        at java.base@21.0.7/jdk.internal.misc.Unsafe.park(Native Method)&#10;        at java.base@21.0.7/java.util.concurrent.locks.LockSupport.park(LockSupport.java:371)&#10;        at java.base@21.0.7/java.util.concurrent.locks.AbstractQueuedSynchronizer$ConditionNode.block(AbstractQueuedSynchronizer.java:519)&#10;        at java.base@21.0.7/java.util.concurrent.ForkJoinPool.unmanagedBlock(ForkJoinPool.java:3780)&#10;        at java.base@21.0.7/java.util.concurrent.ForkJoinPool.managedBlock(ForkJoinPool.java:3725)&#10;        at java.base@21.0.7/java.util.concurrent.locks.AbstractQueuedSynchronizer$ConditionObject.await(AbstractQueuedSynchronizer.java:1712)&#10;        at java.base@21.0.7/java.util.concurrent.ScheduledThreadPoolExecutor$DelayedWorkQueue.take(ScheduledThreadPoolExecutor.java:1177)&#10;        at java.base@21.0.7/java.util.concurrent.ScheduledThreadPoolExecutor$DelayedWorkQueue.take(ScheduledThreadPoolExecutor.java:899)&#10;        at java.base@21.0.7/java.util.concurrent.ThreadPoolExecutor.getTask(ThreadPoolExecutor.java:1070)&#10;        at java.base@21.0.7/java.util.concurrent.ThreadPoolExecutor.runWorker(ThreadPoolExecutor.java:1130)&#10;        at java.base@21.0.7/java.util.concurrent.ThreadPoolExecutor$Worker.run(ThreadPoolExecutor.java:642)&#10;        at java.base@21.0.7/java.lang.Thread.runWith(Thread.java:1596)&#10;        at java.base@21.0.7/java.lang.Thread.run(Thread.java:1583)&#10;&quot;IPC Server handler 55 on default port 15000&quot; daemon prio=5 tid=181 timed_waiting&#10;java.lang.Thread.State: TIMED_WAITING&#10;        at java.base@21.0.7/jdk.internal.misc.Unsafe.park(Native Method)&#10;        at java.base@21.0.7/java.util.concurrent.locks.LockSupport.parkNanos(LockSupport.java:269)&#10;        at java.base@21.0.7/java.util.concurrent.locks.AbstractQueuedSynchronizer$ConditionObject.awaitNanos(AbstractQueuedSynchronizer.java:1763)&#10;        at java.base@21.0.7/java.util.concurrent.LinkedBlockingQueue.poll(LinkedBlockingQueue.java:460)&#10;        at app//org.apache.hadoop.ipc.CallQueueManager.take(CallQueueManager.java:370)&#10;        at app//org.apache.hadoop.ipc.Server$Handler.run(Server.java:3165)&#10;&quot;IPC Server handler 60 on default port 15000&quot; daemon prio=5 tid=186 timed_waiting&#10;java.lang.Thread.State: TIMED_WAITING&#10;        at java.base@21.0.7/jdk.internal.misc.Unsafe.park(Native Method)&#10;        at java.base@21.0.7/java.util.concurrent.locks.LockSupport.parkNanos(LockSupport.java:269)&#10;        at java.base@21.0.7/java.util.concurrent.locks.AbstractQueuedSynchronizer$ConditionObject.awaitNanos(AbstractQueuedSynchronizer.java:1763)&#10;        at java.base@21.0.7/java.util.concurrent.LinkedBlockingQueue.poll(LinkedBlockingQueue.java:460)&#10;        at app//org.apache.hadoop.ipc.CallQueueManager.take(CallQueueManager.java:370)&#10;        at app//org.apache.hadoop.ipc.Server$Handler.run(Server.java:3165)&#10;&quot;om1-KeyDeletingService#1&quot; daemon prio=5 tid=479 in Object.wait()&#10;java.lang.Thread.State: WAITING (on object monitor)&#10;        at java.base@21.0.7/jdk.internal.misc.Unsafe.park(Native Method)&#10;        at java.base@21.0.7/java.util.concurrent.locks.LockSupport.park(LockSupport.java:371)&#10;        at java.base@21.0.7/java.util.concurrent.locks.AbstractQueuedSynchronizer$ConditionNode.block(AbstractQueuedSynchronizer.java:519)&#10;        at java.base@21.0.7/java.util.concurrent.ForkJoinPool.unmanagedBlock(ForkJoinPool.java:3780)&#10;        at java.base@21.0.7/java.util.concurrent.ForkJoinPool.managedBlock(ForkJoinPool.java:3725)&#10;        at java.base@21.0.7/java.util.concurrent.locks.AbstractQueuedSynchronizer$ConditionObject.await(AbstractQueuedSynchronizer.java:1712)&#10;        at java.base@21.0.7/java.util.concurrent.ScheduledThreadPoolExecutor$DelayedWorkQueue.take(ScheduledThreadPoolExecutor.java:1177)&#10;        at java.base@21.0.7/java.util.concurrent.ScheduledThreadPoolExecutor$DelayedWorkQueue.take(ScheduledThreadPoolExecutor.java:899)&#10;        at java.base@21.0.7/java.util.concurrent.ThreadPoolExecutor.getTask(ThreadPoolExecutor.java:1070)&#10;        at java.base@21.0.7/java.util.concurrent.ThreadPoolExecutor.runWorker(ThreadPoolExecutor.java:1130)&#10;        at java.base@21.0.7/java.util.concurrent.ThreadPoolExecutor$Worker.run(ThreadPoolExecutor.java:642)&#10;        at java.base@21.0.7/java.lang.Thread.runWith(Thread.java:1596)&#10;        at java.base@21.0.7/java.lang.Thread.run(Thread.java:1583)&#10;&quot;IPC Server handler 85 on default port 15002&quot; daemon prio=5 tid=429 timed_waiting&#10;java.lang.Thread.State: TIMED_WAITING&#10;        at java.base@21.0.7/jdk.internal.misc.Unsafe.park(Native Method)&#10;        at java.base@21.0.7/java.util.concurrent.locks.LockSupport.parkNanos(LockSupport.java:269)&#10;        at java.base@21.0.7/java.util.concurrent.locks.AbstractQueuedSynchronizer$ConditionObject.awaitNanos(AbstractQueuedSynchronizer.java:1763)&#10;        at java.base@21.0.7/java.util.concurrent.LinkedBlockingQueue.poll(LinkedBlockingQueue.java:460)&#10;        at app//org.apache.hadoop.ipc.CallQueueManager.take(CallQueueManager.java:370)&#10;        at app//org.apache.hadoop.ipc.Server$Handler.run(Server.java:3165)&#10;&quot;ContainerMetadataScanner&quot; daemon prio=5 tid=828 timed_waiting&#10;java.lang.Thread.State: TIMED_WAITING&#10;        at java.base@21.0.7/java.lang.Thread.sleep0(Native Method)&#10;        at java.base@21.0.7/java.lang.Thread.sleep(Thread.java:509)&#10;        at app//org.apache.hadoop.ozone.container.ozoneimpl.AbstractBackgroundContainerScanner.handleRemainingSleep(AbstractBackgroundContainerScanner.java:133)&#10;        at app//org.apache.hadoop.ozone.container.ozoneimpl.AbstractBackgroundContainerScanner.runIteration(AbstractBackgroundContainerScanner.java:100)&#10;        at app//org.apache.hadoop.ozone.container.ozoneimpl.AbstractBackgroundContainerScanner.run(AbstractBackgroundContainerScanner.java:59)&#10;        at java.base@21.0.7/java.lang.Thread.runWith(Thread.java:1596)&#10;        at java.base@21.0.7/java.lang.Thread.run(Thread.java:1583)&#10;&quot;IPC Server handler 56 on default port 15001&quot; daemon prio=5 tid=282 timed_waiting&#10;java.lang.Thread.State: TIMED_WAITING&#10;        at java.base@21.0.7/jdk.internal.misc.Unsafe.park(Native Method)&#10;        at java.base@21.0.7/java.util.concurrent.locks.LockSupport.parkNanos(LockSupport.java:269)&#10;        at java.base@21.0.7/java.util.concurrent.locks.AbstractQueuedSynchronizer$ConditionObject.awaitNanos(AbstractQueuedSynchronizer.java:1763)&#10;        at java.base@21.0.7/java.util.concurrent.LinkedBlockingQueue.poll(LinkedBlockingQueue.java:460)&#10;        at app//org.apache.hadoop.ipc.CallQueueManager.take(CallQueueManager.java:370)&#10;        at app//org.apache.hadoop.ipc.Server$Handler.run(Server.java:3165)&#10;&quot;EventQueue-ContainerRegistrationReportForECContainerSafeModeRule&quot; daemon prio=5 tid=769 in Object.wait()&#10;java.lang.Thread.State: WAITING (on object monitor)&#10;        at java.base@21.0.7/jdk.internal.misc.Unsafe.park(Native Method)&#10;        at java.base@21.0.7/java.util.concurrent.locks.LockSupport.park(LockSupport.java:371)&#10;        at java.base@21.0.7/java.util.concurrent.locks.AbstractQueuedSynchronizer$ConditionNode.block(AbstractQueuedSynchronizer.java:519)&#10;        at java.base@21.0.7/java.util.concurrent.ForkJoinPool.unmanagedBlock(ForkJoinPool.java:3780)&#10;        at java.base@21.0.7/java.util.concurrent.ForkJoinPool.managedBlock(ForkJoinPool.java:3725)&#10;        at java.base@21.0.7/java.util.concurrent.locks.AbstractQueuedSynchronizer$ConditionObject.await(AbstractQueuedSynchronizer.java:1712)&#10;        at java.base@21.0.7/java.util.concurrent.LinkedBlockingQueue.take(LinkedBlockingQueue.java:435)&#10;        at java.base@21.0.7/java.util.concurrent.ThreadPoolExecutor.getTask(ThreadPoolExecutor.java:1070)&#10;        at java.base@21.0.7/java.util.concurrent.ThreadPoolExecutor.runWorker(ThreadPoolExecutor.java:1130)&#10;        at java.base@21.0.7/java.util.concurrent.ThreadPoolExecutor$Worker.run(ThreadPoolExecutor.java:642)&#10;        at java.base@21.0.7/java.lang.Thread.runWith(Thread.java:1596)&#10;        at java.base@21.0.7/java.lang.Thread.run(Thread.java:1583)&#10;&quot;pool-36-thread-1&quot;  prio=5 tid=328 timed_waiting&#10;java.lang.Thread.State: TIMED_WAITING&#10;        at java.base@21.0.7/jdk.internal.misc.Unsafe.park(Native Method)&#10;        at java.base@21.0.7/java.util.concurrent.locks.LockSupport.parkNanos(LockSupport.java:269)&#10;        at java.base@21.0.7/java.util.concurrent.locks.AbstractQueuedSynchronizer$ConditionObject.awaitNanos(AbstractQueuedSynchronizer.java:1763)&#10;        at java.base@21.0.7/java.util.concurrent.ScheduledThreadPoolExecutor$DelayedWorkQueue.take(ScheduledThreadPoolExecutor.java:1182)&#10;        at java.base@21.0.7/java.util.concurrent.ScheduledThreadPoolExecutor$DelayedWorkQueue.take(ScheduledThreadPoolExecutor.java:899)&#10;        at java.base@21.0.7/java.util.concurrent.ThreadPoolExecutor.getTask(ThreadPoolExecutor.java:1070)&#10;        at java.base@21.0.7/java.util.concurrent.ThreadPoolExecutor.runWorker(ThreadPoolExecutor.java:1130)&#10;        at java.base@21.0.7/java.util.concurrent.ThreadPoolExecutor$Worker.run(ThreadPoolExecutor.java:642)&#10;        at java.base@21.0.7/java.lang.Thread.runWith(Thread.java:1596)&#10;        at java.base@21.0.7/java.lang.Thread.run(Thread.java:1583)&#10;&quot;IPC Server handler 1 on default port 15019&quot; daemon prio=5 tid=602 timed_waiting&#10;java.lang.Thread.State: TIMED_WAITING&#10;        at java.base@21.0.7/jdk.internal.misc.Unsafe.park(Native Method)&#10;        at java.base@21.0.7/java.util.concurrent.locks.LockSupport.parkNanos(LockSupport.java:269)&#10;        at java.base@21.0.7/java.util.concurrent.locks.AbstractQueuedSynchronizer$ConditionObject.awaitNanos(AbstractQueuedSynchronizer.java:1763)&#10;        at java.base@21.0.7/java.util.concurrent.LinkedBlockingQueue.poll(LinkedBlockingQueue.java:460)&#10;        at app//org.apache.hadoop.ipc.CallQueueManager.take(CallQueueManager.java:370)&#10;        at app//org.apache.hadoop.ipc.Server$Handler.run(Server.java:3165)&#10;&quot;IPC Server handler 87 on default port 15002&quot; daemon prio=5 tid=431 timed_waiting&#10;java.lang.Thread.State: TIMED_WAITING&#10;        at java.base@21.0.7/jdk.internal.misc.Unsafe.park(Native Method)&#10;        at java.base@21.0.7/java.util.concurrent.locks.LockSupport.parkNanos(LockSupport.java:269)&#10;        at java.base@21.0.7/java.util.concurrent.locks.AbstractQueuedSynchronizer$ConditionObject.awaitNanos(AbstractQueuedSynchronizer.java:1763)&#10;        at java.base@21.0.7/java.util.concurrent.LinkedBlockingQueue.poll(LinkedBlockingQueue.java:460)&#10;        at app//org.apache.hadoop.ipc.CallQueueManager.take(CallQueueManager.java:370)&#10;        at app//org.apache.hadoop.ipc.Server$Handler.run(Server.java:3165)&#10;&quot;IPC Server handler 93 on default port 15002&quot; daemon prio=5 tid=437 timed_waiting&#10;java.lang.Thread.State: TIMED_WAITING&#10;        at java.base@21.0.7/jdk.internal.misc.Unsafe.park(Native Method)&#10;        at java.base@21.0.7/java.util.concurrent.locks.LockSupport.parkNanos(LockSupport.java:269)&#10;        at java.base@21.0.7/java.util.concurrent.locks.AbstractQueuedSynchronizer$ConditionObject.awaitNanos(AbstractQueuedSynchronizer.java:1763)&#10;        at java.base@21.0.7/java.util.concurrent.LinkedBlockingQueue.poll(LinkedBlockingQueue.java:460)&#10;        at app//org.apache.hadoop.ipc.CallQueueManager.take(CallQueueManager.java:370)&#10;        at app//org.apache.hadoop.ipc.Server$Handler.run(Server.java:3165)&#10;&quot;IPC Server handler 96 on default port 15000&quot; daemon prio=5 tid=222 timed_waiting&#10;java.lang.Thread.State: TIMED_WAITING&#10;        at java.base@21.0.7/jdk.internal.misc.Unsafe.park(Native Method)&#10;        at java.base@21.0.7/java.util.concurrent.locks.LockSupport.parkNanos(LockSupport.java:269)&#10;        at java.base@21.0.7/java.util.concurrent.locks.AbstractQueuedSynchronizer$ConditionObject.awaitNanos(AbstractQueuedSynchronizer.java:1763)&#10;        at java.base@21.0.7/java.util.concurrent.LinkedBlockingQueue.poll(LinkedBlockingQueue.java:460)&#10;        at app//org.apache.hadoop.ipc.CallQueueManager.take(CallQueueManager.java:370)&#10;        at app//org.apache.hadoop.ipc.Server$Handler.run(Server.java:3165)&#10;&quot;IPC Server handler 56 on default port 15000&quot; daemon prio=5 tid=182 timed_waiting&#10;java.lang.Thread.State: TIMED_WAITING&#10;        at java.base@21.0.7/jdk.internal.misc.Unsafe.park(Native Method)&#10;        at java.base@21.0.7/java.util.concurrent.locks.LockSupport.parkNanos(LockSupport.java:269)&#10;        at java.base@21.0.7/java.util.concurrent.locks.AbstractQueuedSynchronizer$ConditionObject.awaitNanos(AbstractQueuedSynchronizer.java:1763)&#10;        at java.base@21.0.7/java.util.concurrent.LinkedBlockingQueue.poll(LinkedBlockingQueue.java:460)&#10;        at app//org.apache.hadoop.ipc.CallQueueManager.take(CallQueueManager.java:370)&#10;        at app//org.apache.hadoop.ipc.Server$Handler.run(Server.java:3165)&#10;&quot;IPC Parameter Sending Thread for 0.0.0.0/0.0.0.0:15000&quot; daemon prio=5 tid=1027 timed_waiting&#10;java.lang.Thread.State: TIMED_WAITING&#10;        at java.base@21.0.7/jdk.internal.misc.Unsafe.park(Native Method)&#10;        at java.base@21.0.7/java.util.concurrent.locks.LockSupport.parkNanos(LockSupport.java:410)&#10;        at java.base@21.0.7/java.util.concurrent.LinkedTransferQueue$DualNode.await(LinkedTransferQueue.java:452)&#10;        at java.base@21.0.7/java.util.concurrent.LinkedTransferQueue.xfer(LinkedTransferQueue.java:613)&#10;        at java.base@21.0.7/java.util.concurrent.SynchronousQueue.xfer(SynchronousQueue.java:235)&#10;        at java.base@21.0.7/java.util.concurrent.SynchronousQueue.poll(SynchronousQueue.java:338)&#10;        at app//org.apache.hadoop.ipc.Client$Connection$RpcRequestSender.run(Client.java:1121)&#10;        at java.base@21.0.7/java.lang.Thread.runWith(Thread.java:1596)&#10;        at java.base@21.0.7/java.lang.Thread.run(Thread.java:1583)&#10;&quot;IPC Server handler 40 on default port 15001&quot; daemon prio=5 tid=266 timed_waiting&#10;java.lang.Thread.State: TIMED_WAITING&#10;        at java.base@21.0.7/jdk.internal.misc.Unsafe.park(Native Method)&#10;        at java.base@21.0.7/java.util.concurrent.locks.LockSupport.parkNanos(LockSupport.java:269)&#10;        at java.base@21.0.7/java.util.concurrent.locks.AbstractQueuedSynchronizer$ConditionObject.awaitNanos(AbstractQueuedSynchronizer.java:1763)&#10;        at java.base@21.0.7/java.util.concurrent.LinkedBlockingQueue.poll(LinkedBlockingQueue.java:460)&#10;        at app//org.apache.hadoop.ipc.CallQueueManager.take(CallQueueManager.java:370)&#10;        at app//org.apache.hadoop.ipc.Server$Handler.run(Server.java:3165)&#10;&quot;2b1bfca1-1fdc-4b0a-9b4d-c21112718afa-ChunkWriter-2-0&quot; daemon prio=5 tid=832 in Object.wait()&#10;java.lang.Thread.State: WAITING (on object monitor)&#10;        at java.base@21.0.7/jdk.internal.misc.Unsafe.park(Native Method)&#10;        at java.base@21.0.7/java.util.concurrent.locks.LockSupport.park(LockSupport.java:371)&#10;        at java.base@21.0.7/java.util.concurrent.locks.AbstractQueuedSynchronizer$ConditionNode.block(AbstractQueuedSynchronizer.java:519)&#10;        at java.base@21.0.7/java.util.concurrent.ForkJoinPool.unmanagedBlock(ForkJoinPool.java:3780)&#10;        at java.base@21.0.7/java.util.concurrent.ForkJoinPool.managedBlock(ForkJoinPool.java:3725)&#10;        at java.base@21.0.7/java.util.concurrent.locks.AbstractQueuedSynchronizer$ConditionObject.await(AbstractQueuedSynchronizer.java:1712)&#10;        at java.base@21.0.7/java.util.concurrent.LinkedBlockingDeque.takeFirst(LinkedBlockingDeque.java:485)&#10;        at java.base@21.0.7/java.util.concurrent.LinkedBlockingDeque.take(LinkedBlockingDeque.java:673)&#10;        at java.base@21.0.7/java.util.concurrent.ThreadPoolExecutor.getTask(ThreadPoolExecutor.java:1070)&#10;        at java.base@21.0.7/java.util.concurrent.ThreadPoolExecutor.runWorker(ThreadPoolExecutor.java:1130)&#10;        at java.base@21.0.7/java.util.concurrent.ThreadPoolExecutor$Worker.run(ThreadPoolExecutor.java:642)&#10;        at java.base@21.0.7/java.lang.Thread.runWith(Thread.java:1596)&#10;        at java.base@21.0.7/java.lang.Thread.run(Thread.java:1583)&#10;&quot;IPC Server handler 63 on default port 15001&quot; daemon prio=5 tid=289 timed_waiting&#10;java.lang.Thread.State: TIMED_WAITING&#10;        at java.base@21.0.7/jdk.internal.misc.Unsafe.park(Native Method)&#10;        at java.base@21.0.7/java.util.concurrent.locks.LockSupport.parkNanos(LockSupport.java:269)&#10;        at java.base@21.0.7/java.util.concurrent.locks.AbstractQueuedSynchronizer$ConditionObject.awaitNanos(AbstractQueuedSynchronizer.java:1763)&#10;        at java.base@21.0.7/java.util.concurrent.LinkedBlockingQueue.poll(LinkedBlockingQueue.java:460)&#10;        at app//org.apache.hadoop.ipc.CallQueueManager.take(CallQueueManager.java:370)&#10;        at app//org.apache.hadoop.ipc.Server$Handler.run(Server.java:3165)&#10;&quot;FixedThreadPoolWithAffinityExecutor-1-0&quot; daemon prio=5 tid=109 timed_waiting&#10;java.lang.Thread.State: TIMED_WAITING&#10;        at java.base@21.0.7/jdk.internal.misc.Unsafe.park(Native Method)&#10;        at java.base@21.0.7/java.util.concurrent.locks.LockSupport.parkNanos(LockSupport.java:269)&#10;        at java.base@21.0.7/java.util.concurrent.locks.AbstractQueuedSynchronizer$ConditionObject.awaitNanos(AbstractQueuedSynchronizer.java:1763)&#10;        at java.base@21.0.7/java.util.concurrent.LinkedBlockingQueue.poll(LinkedBlockingQueue.java:460)&#10;        at app//org.apache.hadoop.hdds.scm.server.ContainerReportQueue.poll(ContainerReportQueue.java:269)&#10;        at app//org.apache.hadoop.hdds.scm.server.ContainerReportQueue.poll(ContainerReportQueue.java:42)&#10;        at app//org.apache.hadoop.hdds.server.events.FixedThreadPoolWithAffinityExecutor$ContainerReportProcessTask.run(FixedThreadPoolWithAffinityExecutor.java:228)&#10;        at java.base@21.0.7/java.util.concurrent.Executors$RunnableAdapter.call(Executors.java:572)&#10;        at java.base@21.0.7/java.util.concurrent.FutureTask.run(FutureTask.java:317)&#10;        at java.base@21.0.7/java.util.concurrent.ThreadPoolExecutor.runWorker(ThreadPoolExecutor.java:1144)&#10;        at java.base@21.0.7/java.util.concurrent.ThreadPoolExecutor$Worker.run(ThreadPoolExecutor.java:642)&#10;        at java.base@21.0.7/java.lang.Thread.runWith(Thread.java:1596)&#10;        at java.base@21.0.7/java.lang.Thread.run(Thread.java:1583)&#10;&quot;IPC Server handler 68 on default port 15002&quot; daemon prio=5 tid=412 timed_waiting&#10;java.lang.Thread.State: TIMED_WAITING&#10;        at java.base@21.0.7/jdk.internal.misc.Unsafe.park(Native Method)&#10;        at java.base@21.0.7/java.util.concurrent.locks.LockSupport.parkNanos(LockSupport.java:269)&#10;        at java.base@21.0.7/java.util.concurrent.locks.AbstractQueuedSynchronizer$ConditionObject.awaitNanos(AbstractQueuedSynchronizer.java:1763)&#10;        at java.base@21.0.7/java.util.concurrent.LinkedBlockingQueue.poll(LinkedBlockingQueue.java:460)&#10;        at app//org.apache.hadoop.ipc.CallQueueManager.take(CallQueueManager.java:370)&#10;        at app//org.apache.hadoop.ipc.Server$Handler.run(Server.java:3165)&#10;&quot;IPC Server handler 86 on default port 15002&quot; daemon prio=5 tid=430 timed_waiting&#10;java.lang.Thread.State: TIMED_WAITING&#10;        at java.base@21.0.7/jdk.internal.misc.Unsafe.park(Native Method)&#10;        at java.base@21.0.7/java.util.concurrent.locks.LockSupport.parkNanos(LockSupport.java:269)&#10;        at java.base@21.0.7/java.util.concurrent.locks.AbstractQueuedSynchronizer$ConditionObject.awaitNanos(AbstractQueuedSynchronizer.java:1763)&#10;        at java.base@21.0.7/java.util.concurrent.LinkedBlockingQueue.poll(LinkedBlockingQueue.java:460)&#10;        at app//org.apache.hadoop.ipc.CallQueueManager.take(CallQueueManager.java:370)&#10;        at app//org.apache.hadoop.ipc.Server$Handler.run(Server.java:3165)&#10;&quot;IPC Server handler 6 on default port 15006&quot; daemon prio=5 tid=511 timed_waiting&#10;java.lang.Thread.State: TIMED_WAITING&#10;        at java.base@21.0.7/jdk.internal.misc.Unsafe.park(Native Method)&#10;        at java.base@21.0.7/java.util.concurrent.locks.LockSupport.parkNanos(LockSupport.java:269)&#10;        at java.base@21.0.7/java.util.concurrent.locks.AbstractQueuedSynchronizer$ConditionObject.awaitNanos(AbstractQueuedSynchronizer.java:1763)&#10;        at java.base@21.0.7/java.util.concurrent.LinkedBlockingQueue.poll(LinkedBlockingQueue.java:460)&#10;        at app//org.apache.hadoop.ipc.CallQueueManager.take(CallQueueManager.java:370)&#10;        at app//org.apache.hadoop.ipc.Server$Handler.run(Server.java:3165)&#10;&quot;IPC Server handler 71 on default port 15002&quot; daemon prio=5 tid=415 timed_waiting&#10;java.lang.Thread.State: TIMED_WAITING&#10;        at java.base@21.0.7/jdk.internal.misc.Unsafe.park(Native Method)&#10;        at java.base@21.0.7/java.util.concurrent.locks.LockSupport.parkNanos(LockSupport.java:269)&#10;        at java.base@21.0.7/java.util.concurrent.locks.AbstractQueuedSynchronizer$ConditionObject.awaitNanos(AbstractQueuedSynchronizer.java:1763)&#10;        at java.base@21.0.7/java.util.concurrent.LinkedBlockingQueue.poll(LinkedBlockingQueue.java:460)&#10;        at app//org.apache.hadoop.ipc.CallQueueManager.take(CallQueueManager.java:370)&#10;        at app//org.apache.hadoop.ipc.Server$Handler.run(Server.java:3165)&#10;&quot;om1-OpenKeyCleanupService#0&quot; daemon prio=5 tid=482 timed_waiting&#10;java.lang.Thread.State: TIMED_WAITING&#10;        at java.base@21.0.7/jdk.internal.misc.Unsafe.park(Native Method)&#10;        at java.base@21.0.7/java.util.concurrent.locks.LockSupport.parkNanos(LockSupport.java:269)&#10;        at java.base@21.0.7/java.util.concurrent.locks.AbstractQueuedSynchronizer$ConditionObject.awaitNanos(AbstractQueuedSynchronizer.java:1763)&#10;        at java.base@21.0.7/java.util.concurrent.ScheduledThreadPoolExecutor$DelayedWorkQueue.take(ScheduledThreadPoolExecutor.java:1182)&#10;        at java.base@21.0.7/java.util.concurrent.ScheduledThreadPoolExecutor$DelayedWorkQueue.take(ScheduledThreadPoolExecutor.java:899)&#10;        at java.base@21.0.7/java.util.concurrent.ThreadPoolExecutor.getTask(ThreadPoolExecutor.java:1070)&#10;        at java.base@21.0.7/java.util.concurrent.ThreadPoolExecutor.runWorker(ThreadPoolExecutor.java:1130)&#10;        at java.base@21.0.7/java.util.concurrent.ThreadPoolExecutor$Worker.run(ThreadPoolExecutor.java:642)&#10;        at java.base@21.0.7/java.lang.Thread.runWith(Thread.java:1596)&#10;        at java.base@21.0.7/java.lang.Thread.run(Thread.java:1583)&#10;&quot;IPC Server handler 72 on default port 15001&quot; daemon prio=5 tid=298 timed_waiting&#10;java.lang.Thread.State: TIMED_WAITING&#10;        at java.base@21.0.7/jdk.internal.misc.Unsafe.park(Native Method)&#10;        at java.base@21.0.7/java.util.concurrent.locks.LockSupport.parkNanos(LockSupport.java:269)&#10;        at java.base@21.0.7/java.util.concurrent.locks.AbstractQueuedSynchronizer$ConditionObject.awaitNanos(AbstractQueuedSynchronizer.java:1763)&#10;        at java.base@21.0.7/java.util.concurrent.LinkedBlockingQueue.poll(LinkedBlockingQueue.java:460)&#10;        at app//org.apache.hadoop.ipc.CallQueueManager.take(CallQueueManager.java:370)&#10;        at app//org.apache.hadoop.ipc.Server$Handler.run(Server.java:3165)&#10;&quot;gradle-enterprise-test-client-gradle-enterprise-test-listener&quot;  prio=5 tid=31 in Object.wait()&#10;java.lang.Thread.State: WAITING (on object monitor)&#10;        at java.base@21.0.7/jdk.internal.misc.Unsafe.park(Native Method)&#10;        at java.base@21.0.7/java.util.concurrent.locks.LockSupport.park(LockSupport.java:371)&#10;        at java.base@21.0.7/java.util.concurrent.locks.AbstractQueuedSynchronizer$ConditionNode.block(AbstractQueuedSynchronizer.java:519)&#10;        at java.base@21.0.7/java.util.concurrent.ForkJoinPool.unmanagedBlock(ForkJoinPool.java:3780)&#10;        at java.base@21.0.7/java.util.concurrent.ForkJoinPool.managedBlock(ForkJoinPool.java:3725)&#10;        at java.base@21.0.7/java.util.concurrent.locks.AbstractQueuedSynchronizer$ConditionObject.await(AbstractQueuedSynchronizer.java:1712)&#10;        at java.base@21.0.7/java.util.concurrent.ArrayBlockingQueue.take(ArrayBlockingQueue.java:420)&#10;        at app//com.gradle.maven.scan.extension.test.listener.obfuscated.k.a.a(SourceFile:130)&#10;        at app//com.gradle.maven.scan.extension.test.listener.obfuscated.k.a.b(SourceFile:93)&#10;        at app//com.gradle.maven.scan.extension.test.listener.obfuscated.k.a$$Lambda/0x00007fe904117a30.run(Unknown Source)&#10;        at java.base@21.0.7/java.util.concurrent.Executors$RunnableAdapter.call(Executors.java:572)&#10;        at java.base@21.0.7/java.util.concurrent.FutureTask.run(FutureTask.java:317)&#10;        at java.base@21.0.7/java.util.concurrent.ThreadPoolExecutor.runWorker(ThreadPoolExecutor.java:1144)&#10;        at java.base@21.0.7/java.util.concurrent.ThreadPoolExecutor$Worker.run(ThreadPoolExecutor.java:642)&#10;        at java.base@21.0.7/java.lang.Thread.runWith(Thread.java:1596)&#10;        at java.base@21.0.7/java.lang.Thread.run(Thread.java:1583)&#10;&quot;Socket Reader #9 for port 15002&quot;  prio=5 tid=75 runnable&#10;java.lang.Thread.State: RUNNABLE&#10;        at java.base@21.0.7/sun.nio.ch.EPoll.wait(Native Method)&#10;        at java.base@21.0.7/sun.nio.ch.EPollSelectorImpl.doSelect(EPollSelectorImpl.java:121)&#10;        at java.base@21.0.7/sun.nio.ch.SelectorImpl.lockAndDoSelect(SelectorImpl.java:130)&#10;        at java.base@21.0.7/sun.nio.ch.SelectorImpl.select(SelectorImpl.java:147)&#10;        at app//org.apache.hadoop.ipc.Server$Listener$Reader.doRunLoop(Server.java:1497)&#10;        at app//org.apache.hadoop.ipc.Server$Listener$Reader.run(Server.java:1476)&#10;&quot;StaleRecoveringContainerScrubbingService#0&quot; daemon prio=5 tid=857 timed_waiting&#10;java.lang.Thread.State: TIMED_WAITING&#10;        at java.base@21.0.7/jdk.internal.misc.Unsafe.park(Native Method)&#10;        at java.base@21.0.7/java.util.concurrent.locks.LockSupport.parkNanos(LockSupport.java:269)&#10;        at java.base@21.0.7/java.util.concurrent.locks.AbstractQueuedSynchronizer$ConditionObject.awaitNanos(AbstractQueuedSynchronizer.java:1763)&#10;        at java.base@21.0.7/java.util.concurrent.ScheduledThreadPoolExecutor$DelayedWorkQueue.take(ScheduledThreadPoolExecutor.java:1182)&#10;        at java.base@21.0.7/java.util.concurrent.ScheduledThreadPoolExecutor$DelayedWorkQueue.take(ScheduledThreadPoolExecutor.java:899)&#10;        at java.base@21.0.7/java.util.concurrent.ThreadPoolExecutor.getTask(ThreadPoolExecutor.java:1070)&#10;        at java.base@21.0.7/java.util.concurrent.ThreadPoolExecutor.runWorker(ThreadPoolExecutor.java:1130)&#10;        at java.base@21.0.7/java.util.concurrent.ThreadPoolExecutor$Worker.run(ThreadPoolExecutor.java:642)&#10;        at java.base@21.0.7/java.lang.Thread.runWith(Thread.java:1596)&#10;        at java.base@21.0.7/java.lang.Thread.run(Thread.java:1583)&#10;&quot;0cf558f4-2ca5-4c9f-a057-d7d7b755ef43@group-6B1567AA62B1-cacheEviction-AwaitToRun&quot; daemon prio=5 tid=118 in Object.wait()&#10;java.lang.Thread.State: WAITING (on object monitor)&#10;        at java.base@21.0.7/jdk.internal.misc.Unsafe.park(Native Method)&#10;        at java.base@21.0.7/java.util.concurrent.locks.LockSupport.park(LockSupport.java:371)&#10;        at java.base@21.0.7/java.util.concurrent.locks.AbstractQueuedSynchronizer$ConditionNode.block(AbstractQueuedSynchronizer.java:519)&#10;        at java.base@21.0.7/java.util.concurrent.ForkJoinPool.unmanagedBlock(ForkJoinPool.java:3780)&#10;        at java.base@21.0.7/java.util.concurrent.ForkJoinPool.managedBlock(ForkJoinPool.java:3725)&#10;        at java.base@21.0.7/java.util.concurrent.locks.AbstractQueuedSynchronizer$ConditionObject.await(AbstractQueuedSynchronizer.java:1712)&#10;        at app//org.apache.ratis.util.AwaitForSignal.await(AwaitForSignal.java:48)&#10;        at app//org.apache.ratis.util.AwaitToRun$RunnableImpl.run(AwaitToRun.java:47)&#10;        at java.base@21.0.7/java.lang.Thread.runWith(Thread.java:1596)&#10;        at java.base@21.0.7/java.lang.Thread.run(Thread.java:1583)&#10;&quot;IPC Server handler 36 on default port 15002&quot; daemon prio=5 tid=380 timed_waiting&#10;java.lang.Thread.State: TIMED_WAITING&#10;        at java.base@21.0.7/jdk.internal.misc.Unsafe.park(Native Method)&#10;        at java.base@21.0.7/java.util.concurrent.locks.LockSupport.parkNanos(LockSupport.java:269)&#10;        at java.base@21.0.7/java.util.concurrent.locks.AbstractQueuedSynchronizer$ConditionObject.awaitNanos(AbstractQueuedSynchronizer.java:1763)&#10;        at java.base@21.0.7/java.util.concurrent.LinkedBlockingQueue.poll(LinkedBlockingQueue.java:460)&#10;        at app//org.apache.hadoop.ipc.CallQueueManager.take(CallQueueManager.java:370)&#10;        at app//org.apache.hadoop.ipc.Server$Handler.run(Server.java:3165)&#10;&quot;Socket Reader #3 for port 15019&quot;  prio=5 tid=590 runnable&#10;java.lang.Thread.State: RUNNABLE&#10;        at java.base@21.0.7/sun.nio.ch.EPoll.wait(Native Method)&#10;        at java.base@21.0.7/sun.nio.ch.EPollSelectorImpl.doSelect(EPollSelectorImpl.java:121)&#10;        at java.base@21.0.7/sun.nio.ch.SelectorImpl.lockAndDoSelect(SelectorImpl.java:130)&#10;        at java.base@21.0.7/sun.nio.ch.SelectorImpl.select(SelectorImpl.java:147)&#10;        at app//org.apache.hadoop.ipc.Server$Listener$Reader.doRunLoop(Server.java:1497)&#10;        at app//org.apache.hadoop.ipc.Server$Listener$Reader.run(Server.java:1476)&#10;&quot;om1-DirectoryDeletingService#5&quot; daemon prio=5 tid=490 in Object.wait()&#10;java.lang.Thread.State: WAITING (on object monitor)&#10;        at java.base@21.0.7/jdk.internal.misc.Unsafe.park(Native Method)&#10;        at java.base@21.0.7/java.util.concurrent.locks.LockSupport.park(LockSupport.java:371)&#10;        at java.base@21.0.7/java.util.concurrent.locks.AbstractQueuedSynchronizer$ConditionNode.block(AbstractQueuedSynchronizer.java:519)&#10;        at java.base@21.0.7/java.util.concurrent.ForkJoinPool.unmanagedBlock(ForkJoinPool.java:3780)&#10;        at java.base@21.0.7/java.util.concurrent.ForkJoinPool.managedBlock(ForkJoinPool.java:3725)&#10;        at java.base@21.0.7/java.util.concurrent.locks.AbstractQueuedSynchronizer$ConditionObject.await(AbstractQueuedSynchronizer.java:1712)&#10;        at java.base@21.0.7/java.util.concurrent.ScheduledThreadPoolExecutor$DelayedWorkQueue.take(ScheduledThreadPoolExecutor.java:1177)&#10;        at java.base@21.0.7/java.util.concurrent.ScheduledThreadPoolExecutor$DelayedWorkQueue.take(ScheduledThreadPoolExecutor.java:899)&#10;        at java.base@21.0.7/java.util.concurrent.ThreadPoolExecutor.getTask(ThreadPoolExecutor.java:1070)&#10;        at java.base@21.0.7/java.util.concurrent.ThreadPoolExecutor.runWorker(ThreadPoolExecutor.java:1130)&#10;        at java.base@21.0.7/java.util.concurrent.ThreadPoolExecutor$Worker.run(ThreadPoolExecutor.java:642)&#10;        at java.base@21.0.7/java.lang.Thread.runWith(Thread.java:1596)&#10;        at java.base@21.0.7/java.lang.Thread.run(Thread.java:1583)&#10;&quot;Socket Reader #9 for port 15000&quot;  prio=5 tid=103 runnable&#10;java.lang.Thread.State: RUNNABLE&#10;        at java.base@21.0.7/sun.nio.ch.EPoll.wait(Native Method)&#10;        at java.base@21.0.7/sun.nio.ch.EPollSelectorImpl.doSelect(EPollSelectorImpl.java:121)&#10;        at java.base@21.0.7/sun.nio.ch.SelectorImpl.lockAndDoSelect(SelectorImpl.java:130)&#10;        at java.base@21.0.7/sun.nio.ch.SelectorImpl.select(SelectorImpl.java:147)&#10;        at app//org.apache.hadoop.ipc.Server$Listener$Reader.doRunLoop(Server.java:1497)&#10;        at app//org.apache.hadoop.ipc.Server$Listener$Reader.run(Server.java:1476)&#10;&quot;IPC Server Responder&quot; daemon prio=5 tid=92 runnable&#10;java.lang.Thread.State: RUNNABLE&#10;        at java.base@21.0.7/sun.nio.ch.EPoll.wait(Native Method)&#10;        at java.base@21.0.7/sun.nio.ch.EPollSelectorImpl.doSelect(EPollSelectorImpl.java:121)&#10;        at java.base@21.0.7/sun.nio.ch.SelectorImpl.lockAndDoSelect(SelectorImpl.java:130)&#10;        at java.base@21.0.7/sun.nio.ch.SelectorImpl.select(SelectorImpl.java:142)&#10;        at app//org.apache.hadoop.ipc.Server$Responder.doRunLoop(Server.java:1733)&#10;        at app//org.apache.hadoop.ipc.Server$Responder.run(Server.java:1716)&#10;&#10;" type="java.util.concurrent.TimeoutException"><![CDATA[java.util.concurrent.TimeoutException: 
Timed out waiting for condition. Thread diagnostics:
Timestamp: 2025-05-28 03:17:28,208

"IPC Server handler 78 on default port 15000" daemon prio=5 tid=204 timed_waiting
java.lang.Thread.State: TIMED_WAITING
        at java.base@21.0.7/jdk.internal.misc.Unsafe.park(Native Method)
        at java.base@21.0.7/java.util.concurrent.locks.LockSupport.parkNanos(LockSupport.java:269)
        at java.base@21.0.7/java.util.concurrent.locks.AbstractQueuedSynchronizer$ConditionObject.awaitNanos(AbstractQueuedSynchronizer.java:1763)
        at java.base@21.0.7/java.util.concurrent.LinkedBlockingQueue.poll(LinkedBlockingQueue.java:460)
        at app//org.apache.hadoop.ipc.CallQueueManager.take(CallQueueManager.java:370)
        at app//org.apache.hadoop.ipc.Server$Handler.run(Server.java:3165)
"CompactionDagPruningService" daemon prio=5 tid=445 timed_waiting
java.lang.Thread.State: TIMED_WAITING
        at java.base@21.0.7/jdk.internal.misc.Unsafe.park(Native Method)
        at java.base@21.0.7/java.util.concurrent.locks.LockSupport.parkNanos(LockSupport.java:269)
        at java.base@21.0.7/java.util.concurrent.locks.AbstractQueuedSynchronizer$ConditionObject.awaitNanos(AbstractQueuedSynchronizer.java:1763)
        at java.base@21.0.7/java.util.concurrent.ScheduledThreadPoolExecutor$DelayedWorkQueue.take(ScheduledThreadPoolExecutor.java:1182)
        at java.base@21.0.7/java.util.concurrent.ScheduledThreadPoolExecutor$DelayedWorkQueue.take(ScheduledThreadPoolExecutor.java:899)
        at java.base@21.0.7/java.util.concurrent.ThreadPoolExecutor.getTask(ThreadPoolExecutor.java:1070)
        at java.base@21.0.7/java.util.concurrent.ThreadPoolExecutor.runWorker(ThreadPoolExecutor.java:1130)
        at java.base@21.0.7/java.util.concurrent.ThreadPoolExecutor$Worker.run(ThreadPoolExecutor.java:642)
        at java.base@21.0.7/java.lang.Thread.runWith(Thread.java:1596)
        at java.base@21.0.7/java.lang.Thread.run(Thread.java:1583)
"Hadoop-Metrics-Updater-0" daemon prio=5 tid=732 timed_waiting
java.lang.Thread.State: TIMED_WAITING
        at java.base@21.0.7/jdk.internal.misc.Unsafe.park(Native Method)
        at java.base@21.0.7/java.util.concurrent.locks.LockSupport.parkNanos(LockSupport.java:269)
        at java.base@21.0.7/java.util.concurrent.locks.AbstractQueuedSynchronizer$ConditionObject.awaitNanos(AbstractQueuedSynchronizer.java:1763)
        at java.base@21.0.7/java.util.concurrent.ScheduledThreadPoolExecutor$DelayedWorkQueue.take(ScheduledThreadPoolExecutor.java:1182)
        at java.base@21.0.7/java.util.concurrent.ScheduledThreadPoolExecutor$DelayedWorkQueue.take(ScheduledThreadPoolExecutor.java:899)
        at java.base@21.0.7/java.util.concurrent.ThreadPoolExecutor.getTask(ThreadPoolExecutor.java:1070)
        at java.base@21.0.7/java.util.concurrent.ThreadPoolExecutor.runWorker(ThreadPoolExecutor.java:1130)
        at java.base@21.0.7/java.util.concurrent.ThreadPoolExecutor$Worker.run(ThreadPoolExecutor.java:642)
        at java.base@21.0.7/java.lang.Thread.runWith(Thread.java:1596)
        at java.base@21.0.7/java.lang.Thread.run(Thread.java:1583)
"IPC Server handler 6 on default port 15000" daemon prio=5 tid=132 timed_waiting
java.lang.Thread.State: TIMED_WAITING
        at java.base@21.0.7/jdk.internal.misc.Unsafe.park(Native Method)
        at java.base@21.0.7/java.util.concurrent.locks.LockSupport.parkNanos(LockSupport.java:269)
        at java.base@21.0.7/java.util.concurrent.locks.AbstractQueuedSynchronizer$ConditionObject.awaitNanos(AbstractQueuedSynchronizer.java:1763)
        at java.base@21.0.7/java.util.concurrent.LinkedBlockingQueue.poll(LinkedBlockingQueue.java:460)
        at app//org.apache.hadoop.ipc.CallQueueManager.take(CallQueueManager.java:370)
        at app//org.apache.hadoop.ipc.Server$Handler.run(Server.java:3165)
"IPC Server handler 91 on default port 15001" daemon prio=5 tid=317 timed_waiting
java.lang.Thread.State: TIMED_WAITING
        at java.base@21.0.7/jdk.internal.misc.Unsafe.park(Native Method)
        at java.base@21.0.7/java.util.concurrent.locks.LockSupport.parkNanos(LockSupport.java:269)
        at java.base@21.0.7/java.util.concurrent.locks.AbstractQueuedSynchronizer$ConditionObject.awaitNanos(AbstractQueuedSynchronizer.java:1763)
        at java.base@21.0.7/java.util.concurrent.LinkedBlockingQueue.poll(LinkedBlockingQueue.java:460)
        at app//org.apache.hadoop.ipc.CallQueueManager.take(CallQueueManager.java:370)
        at app//org.apache.hadoop.ipc.Server$Handler.run(Server.java:3165)
"qtp207012443-631" daemon prio=5 tid=631 timed_waiting
java.lang.Thread.State: TIMED_WAITING
        at java.base@21.0.7/jdk.internal.misc.Unsafe.park(Native Method)
        at java.base@21.0.7/java.util.concurrent.locks.LockSupport.parkNanos(LockSupport.java:269)
        at java.base@21.0.7/java.util.concurrent.locks.AbstractQueuedSynchronizer$ConditionObject.awaitNanos(AbstractQueuedSynchronizer.java:1763)
        at app//org.eclipse.jetty.util.BlockingArrayQueue.poll(BlockingArrayQueue.java:382)
        at app//org.eclipse.jetty.util.thread.QueuedThreadPool$Runner.idleJobPoll(QueuedThreadPool.java:974)
        at app//org.eclipse.jetty.util.thread.QueuedThreadPool$Runner.run(QueuedThreadPool.java:1018)
        at java.base@21.0.7/java.lang.Thread.runWith(Thread.java:1596)
        at java.base@21.0.7/java.lang.Thread.run(Thread.java:1583)
"Socket Reader #3 for port 15006"  prio=5 tid=458 runnable
java.lang.Thread.State: RUNNABLE
        at java.base@21.0.7/sun.nio.ch.EPoll.wait(Native Method)
        at java.base@21.0.7/sun.nio.ch.EPollSelectorImpl.doSelect(EPollSelectorImpl.java:121)
        at java.base@21.0.7/sun.nio.ch.SelectorImpl.lockAndDoSelect(SelectorImpl.java:130)
        at java.base@21.0.7/sun.nio.ch.SelectorImpl.select(SelectorImpl.java:147)
        at app//org.apache.hadoop.ipc.Server$Listener$Reader.doRunLoop(Server.java:1497)
        at app//org.apache.hadoop.ipc.Server$Listener$Reader.run(Server.java:1476)
"IPC Server handler 7 on default port 15043" daemon prio=5 tid=795 timed_waiting
java.lang.Thread.State: TIMED_WAITING
        at java.base@21.0.7/jdk.internal.misc.Unsafe.park(Native Method)
        at java.base@21.0.7/java.util.concurrent.locks.LockSupport.parkNanos(LockSupport.java:269)
        at java.base@21.0.7/java.util.concurrent.locks.AbstractQueuedSynchronizer$ConditionObject.awaitNanos(AbstractQueuedSynchronizer.java:1763)
        at java.base@21.0.7/java.util.concurrent.LinkedBlockingQueue.poll(LinkedBlockingQueue.java:460)
        at app//org.apache.hadoop.ipc.CallQueueManager.take(CallQueueManager.java:370)
        at app//org.apache.hadoop.ipc.Server$Handler.run(Server.java:3165)
"Timer-0"  prio=5 tid=474 timed_waiting
java.lang.Thread.State: TIMED_WAITING
        at java.base@21.0.7/java.lang.Object.wait0(Native Method)
        at java.base@21.0.7/java.lang.Object.wait(Object.java:366)
        at java.base@21.0.7/java.util.TimerThread.mainLoop(Timer.java:563)
        at java.base@21.0.7/java.util.TimerThread.run(Timer.java:516)
"78b7fabf-ca2a-4b70-8534-e46926e2083c-BlockDeletingService#0" daemon prio=5 tid=856 timed_waiting
java.lang.Thread.State: TIMED_WAITING
        at java.base@21.0.7/jdk.internal.misc.Unsafe.park(Native Method)
        at java.base@21.0.7/java.util.concurrent.locks.LockSupport.parkNanos(LockSupport.java:269)
        at java.base@21.0.7/java.util.concurrent.locks.AbstractQueuedSynchronizer$ConditionObject.awaitNanos(AbstractQueuedSynchronizer.java:1763)
        at java.base@21.0.7/java.util.concurrent.ScheduledThreadPoolExecutor$DelayedWorkQueue.take(ScheduledThreadPoolExecutor.java:1182)
        at java.base@21.0.7/java.util.concurrent.ScheduledThreadPoolExecutor$DelayedWorkQueue.take(ScheduledThreadPoolExecutor.java:899)
        at java.base@21.0.7/java.util.concurrent.ThreadPoolExecutor.getTask(ThreadPoolExecutor.java:1070)
        at java.base@21.0.7/java.util.concurrent.ThreadPoolExecutor.runWorker(ThreadPoolExecutor.java:1130)
        at java.base@21.0.7/java.util.concurrent.ThreadPoolExecutor$Worker.run(ThreadPoolExecutor.java:642)
        at java.base@21.0.7/java.lang.Thread.runWith(Thread.java:1596)
        at java.base@21.0.7/java.lang.Thread.run(Thread.java:1583)
"IPC Server handler 42 on default port 15001" daemon prio=5 tid=268 timed_waiting
java.lang.Thread.State: TIMED_WAITING
        at java.base@21.0.7/jdk.internal.misc.Unsafe.park(Native Method)
        at java.base@21.0.7/java.util.concurrent.locks.LockSupport.parkNanos(LockSupport.java:269)
        at java.base@21.0.7/java.util.concurrent.locks.AbstractQueuedSynchronizer$ConditionObject.awaitNanos(AbstractQueuedSynchronizer.java:1763)
        at java.base@21.0.7/java.util.concurrent.LinkedBlockingQueue.poll(LinkedBlockingQueue.java:460)
        at app//org.apache.hadoop.ipc.CallQueueManager.take(CallQueueManager.java:370)
        at app//org.apache.hadoop.ipc.Server$Handler.run(Server.java:3165)
"pool-182-thread-1" daemon prio=5 tid=847 timed_waiting
java.lang.Thread.State: TIMED_WAITING
        at java.base@21.0.7/jdk.internal.misc.Unsafe.park(Native Method)
        at java.base@21.0.7/java.util.concurrent.locks.LockSupport.parkNanos(LockSupport.java:269)
        at java.base@21.0.7/java.util.concurrent.locks.AbstractQueuedSynchronizer$ConditionObject.awaitNanos(AbstractQueuedSynchronizer.java:1763)
        at java.base@21.0.7/java.util.concurrent.ScheduledThreadPoolExecutor$DelayedWorkQueue.take(ScheduledThreadPoolExecutor.java:1182)
        at java.base@21.0.7/java.util.concurrent.ScheduledThreadPoolExecutor$DelayedWorkQueue.take(ScheduledThreadPoolExecutor.java:899)
        at java.base@21.0.7/java.util.concurrent.ThreadPoolExecutor.getTask(ThreadPoolExecutor.java:1070)
        at java.base@21.0.7/java.util.concurrent.ThreadPoolExecutor.runWorker(ThreadPoolExecutor.java:1130)
        at java.base@21.0.7/java.util.concurrent.ThreadPoolExecutor$Worker.run(ThreadPoolExecutor.java:642)
        at java.base@21.0.7/java.lang.Thread.runWith(Thread.java:1596)
        at java.base@21.0.7/java.lang.Thread.run(Thread.java:1583)
"qtp1334632116-763" daemon prio=5 tid=763 timed_waiting
java.lang.Thread.State: TIMED_WAITING
        at java.base@21.0.7/jdk.internal.misc.Unsafe.park(Native Method)
        at java.base@21.0.7/java.util.concurrent.locks.LockSupport.parkNanos(LockSupport.java:269)
        at java.base@21.0.7/java.util.concurrent.locks.AbstractQueuedSynchronizer$ConditionObject.awaitNanos(AbstractQueuedSynchronizer.java:1763)
        at app//org.eclipse.jetty.util.BlockingArrayQueue.poll(BlockingArrayQueue.java:382)
        at app//org.eclipse.jetty.util.thread.QueuedThreadPool$Runner.idleJobPoll(QueuedThreadPool.java:974)
        at app//org.eclipse.jetty.util.thread.QueuedThreadPool$Runner.run(QueuedThreadPool.java:1018)
        at java.base@21.0.7/java.lang.Thread.runWith(Thread.java:1596)
        at java.base@21.0.7/java.lang.Thread.run(Thread.java:1583)
"2b1bfca1-1fdc-4b0a-9b4d-c21112718afa-NettyServerStreamRpc-bossGroup--thread1"  prio=5 tid=672 runnable
java.lang.Thread.State: RUNNABLE
        at app//org.apache.ratis.thirdparty.io.netty.channel.epoll.Native.epollWait(Native Method)
        at app//org.apache.ratis.thirdparty.io.netty.channel.epoll.Native.epollWait(Native.java:220)
        at app//org.apache.ratis.thirdparty.io.netty.channel.epoll.Native.epollWait(Native.java:213)
        at app//org.apache.ratis.thirdparty.io.netty.channel.epoll.EpollEventLoop.epollWaitNoTimerChange(EpollEventLoop.java:308)
        at app//org.apache.ratis.thirdparty.io.netty.channel.epoll.EpollEventLoop.run(EpollEventLoop.java:365)
        at app//org.apache.ratis.thirdparty.io.netty.util.concurrent.SingleThreadEventExecutor$4.run(SingleThreadEventExecutor.java:997)
        at app//org.apache.ratis.thirdparty.io.netty.util.internal.ThreadExecutorMap$2.run(ThreadExecutorMap.java:74)
        at java.base@21.0.7/java.lang.Thread.runWith(Thread.java:1596)
        at java.base@21.0.7/java.lang.Thread.run(Thread.java:1583)
"IPC Server handler 21 on default port 15000" daemon prio=5 tid=147 timed_waiting
java.lang.Thread.State: TIMED_WAITING
        at java.base@21.0.7/jdk.internal.misc.Unsafe.park(Native Method)
        at java.base@21.0.7/java.util.concurrent.locks.LockSupport.parkNanos(LockSupport.java:269)
        at java.base@21.0.7/java.util.concurrent.locks.AbstractQueuedSynchronizer$ConditionObject.awaitNanos(AbstractQueuedSynchronizer.java:1763)
        at java.base@21.0.7/java.util.concurrent.LinkedBlockingQueue.poll(LinkedBlockingQueue.java:460)
        at app//org.apache.hadoop.ipc.CallQueueManager.take(CallQueueManager.java:370)
        at app//org.apache.hadoop.ipc.Server$Handler.run(Server.java:3165)
"Socket Reader #3 for port 15043"  prio=5 tid=777 runnable
java.lang.Thread.State: RUNNABLE
        at java.base@21.0.7/sun.nio.ch.EPoll.wait(Native Method)
        at java.base@21.0.7/sun.nio.ch.EPollSelectorImpl.doSelect(EPollSelectorImpl.java:121)
        at java.base@21.0.7/sun.nio.ch.SelectorImpl.lockAndDoSelect(SelectorImpl.java:130)
        at java.base@21.0.7/sun.nio.ch.SelectorImpl.select(SelectorImpl.java:147)
        at app//org.apache.hadoop.ipc.Server$Listener$Reader.doRunLoop(Server.java:1497)
        at app//org.apache.hadoop.ipc.Server$Listener$Reader.run(Server.java:1476)
"qtp1334632116-756" daemon prio=5 tid=756 runnable
java.lang.Thread.State: RUNNABLE
        at java.base@21.0.7/sun.nio.ch.EPoll.wait(Native Method)
        at java.base@21.0.7/sun.nio.ch.EPollSelectorImpl.doSelect(EPollSelectorImpl.java:121)
        at java.base@21.0.7/sun.nio.ch.SelectorImpl.lockAndDoSelect(SelectorImpl.java:130)
        at java.base@21.0.7/sun.nio.ch.SelectorImpl.select(SelectorImpl.java:147)
        at app//org.eclipse.jetty.io.ManagedSelector.nioSelect(ManagedSelector.java:183)
        at app//org.eclipse.jetty.io.ManagedSelector.select(ManagedSelector.java:190)
        at app//org.eclipse.jetty.io.ManagedSelector$SelectorProducer.select(ManagedSelector.java:606)
        at app//org.eclipse.jetty.io.ManagedSelector$SelectorProducer.produce(ManagedSelector.java:543)
        at app//org.eclipse.jetty.util.thread.strategy.EatWhatYouKill.produceTask(EatWhatYouKill.java:362)
        at app//org.eclipse.jetty.util.thread.strategy.EatWhatYouKill.doProduce(EatWhatYouKill.java:186)
        at app//org.eclipse.jetty.util.thread.strategy.EatWhatYouKill.tryProduce(EatWhatYouKill.java:173)
        at app//org.eclipse.jetty.util.thread.strategy.EatWhatYouKill.produce(EatWhatYouKill.java:137)
        at app//org.eclipse.jetty.io.ManagedSelector$$Lambda/0x00007fe9046a5948.run(Unknown Source)
        at app//org.eclipse.jetty.util.thread.QueuedThreadPool.runJob(QueuedThreadPool.java:883)
        at app//org.eclipse.jetty.util.thread.QueuedThreadPool$Runner.run(QueuedThreadPool.java:1034)
        at java.base@21.0.7/java.lang.Thread.runWith(Thread.java:1596)
        at java.base@21.0.7/java.lang.Thread.run(Thread.java:1583)
"IPC Server handler 80 on default port 15000" daemon prio=5 tid=206 timed_waiting
java.lang.Thread.State: TIMED_WAITING
        at java.base@21.0.7/jdk.internal.misc.Unsafe.park(Native Method)
        at java.base@21.0.7/java.util.concurrent.locks.LockSupport.parkNanos(LockSupport.java:269)
        at java.base@21.0.7/java.util.concurrent.locks.AbstractQueuedSynchronizer$ConditionObject.awaitNanos(AbstractQueuedSynchronizer.java:1763)
        at java.base@21.0.7/java.util.concurrent.LinkedBlockingQueue.poll(LinkedBlockingQueue.java:460)
        at app//org.apache.hadoop.ipc.CallQueueManager.take(CallQueueManager.java:370)
        at app//org.apache.hadoop.ipc.Server$Handler.run(Server.java:3165)
"bucketTable_FullTableCache-Cleanup-0" daemon prio=5 tid=447 timed_waiting
java.lang.Thread.State: TIMED_WAITING
        at java.base@21.0.7/jdk.internal.misc.Unsafe.park(Native Method)
        at java.base@21.0.7/java.util.concurrent.locks.LockSupport.parkNanos(LockSupport.java:269)
        at java.base@21.0.7/java.util.concurrent.locks.AbstractQueuedSynchronizer$ConditionObject.awaitNanos(AbstractQueuedSynchronizer.java:1763)
        at java.base@21.0.7/java.util.concurrent.ScheduledThreadPoolExecutor$DelayedWorkQueue.take(ScheduledThreadPoolExecutor.java:1182)
        at java.base@21.0.7/java.util.concurrent.ScheduledThreadPoolExecutor$DelayedWorkQueue.take(ScheduledThreadPoolExecutor.java:899)
        at java.base@21.0.7/java.util.concurrent.ThreadPoolExecutor.getTask(ThreadPoolExecutor.java:1070)
        at java.base@21.0.7/java.util.concurrent.ThreadPoolExecutor.runWorker(ThreadPoolExecutor.java:1130)
        at java.base@21.0.7/java.util.concurrent.ThreadPoolExecutor$Worker.run(ThreadPoolExecutor.java:642)
        at java.base@21.0.7/java.lang.Thread.runWith(Thread.java:1596)
        at java.base@21.0.7/java.lang.Thread.run(Thread.java:1583)
"om1-MultipartUploadCleanupService#0" daemon prio=5 tid=489 timed_waiting
java.lang.Thread.State: TIMED_WAITING
        at java.base@21.0.7/jdk.internal.misc.Unsafe.park(Native Method)
        at java.base@21.0.7/java.util.concurrent.locks.LockSupport.parkNanos(LockSupport.java:269)
        at java.base@21.0.7/java.util.concurrent.locks.AbstractQueuedSynchronizer$ConditionObject.awaitNanos(AbstractQueuedSynchronizer.java:1763)
        at java.base@21.0.7/java.util.concurrent.ScheduledThreadPoolExecutor$DelayedWorkQueue.take(ScheduledThreadPoolExecutor.java:1182)
        at java.base@21.0.7/java.util.concurrent.ScheduledThreadPoolExecutor$DelayedWorkQueue.take(ScheduledThreadPoolExecutor.java:899)
        at java.base@21.0.7/java.util.concurrent.ThreadPoolExecutor.getTask(ThreadPoolExecutor.java:1070)
        at java.base@21.0.7/java.util.concurrent.ThreadPoolExecutor.runWorker(ThreadPoolExecutor.java:1130)
        at java.base@21.0.7/java.util.concurrent.ThreadPoolExecutor$Worker.run(ThreadPoolExecutor.java:642)
        at java.base@21.0.7/java.lang.Thread.runWith(Thread.java:1596)
        at java.base@21.0.7/java.lang.Thread.run(Thread.java:1583)
"2b1bfca1-1fdc-4b0a-9b4d-c21112718afa-DatanodeStateMachineTaskThread-0"  prio=5 tid=749 in Object.wait()
java.lang.Thread.State: WAITING (on object monitor)
        at java.base@21.0.7/jdk.internal.misc.Unsafe.park(Native Method)
        at java.base@21.0.7/java.util.concurrent.locks.LockSupport.park(LockSupport.java:371)
        at java.base@21.0.7/java.util.concurrent.locks.AbstractQueuedSynchronizer$ConditionNode.block(AbstractQueuedSynchronizer.java:519)
        at java.base@21.0.7/java.util.concurrent.ForkJoinPool.unmanagedBlock(ForkJoinPool.java:3780)
        at java.base@21.0.7/java.util.concurrent.ForkJoinPool.managedBlock(ForkJoinPool.java:3725)
        at java.base@21.0.7/java.util.concurrent.locks.AbstractQueuedSynchronizer$ConditionObject.await(AbstractQueuedSynchronizer.java:1712)
        at java.base@21.0.7/java.util.concurrent.LinkedBlockingQueue.take(LinkedBlockingQueue.java:435)
        at java.base@21.0.7/java.util.concurrent.ThreadPoolExecutor.getTask(ThreadPoolExecutor.java:1070)
        at java.base@21.0.7/java.util.concurrent.ThreadPoolExecutor.runWorker(ThreadPoolExecutor.java:1130)
        at java.base@21.0.7/java.util.concurrent.ThreadPoolExecutor$Worker.run(ThreadPoolExecutor.java:642)
        at java.base@21.0.7/java.lang.Thread.runWith(Thread.java:1596)
        at java.base@21.0.7/java.lang.Thread.run(Thread.java:1583)
"IPC Server handler 55 on default port 15001" daemon prio=5 tid=281 timed_waiting
java.lang.Thread.State: TIMED_WAITING
        at java.base@21.0.7/jdk.internal.misc.Unsafe.park(Native Method)
        at java.base@21.0.7/java.util.concurrent.locks.LockSupport.parkNanos(LockSupport.java:269)
        at java.base@21.0.7/java.util.concurrent.locks.AbstractQueuedSynchronizer$ConditionObject.awaitNanos(AbstractQueuedSynchronizer.java:1763)
        at java.base@21.0.7/java.util.concurrent.LinkedBlockingQueue.poll(LinkedBlockingQueue.java:460)
        at app//org.apache.hadoop.ipc.CallQueueManager.take(CallQueueManager.java:370)
        at app//org.apache.hadoop.ipc.Server$Handler.run(Server.java:3165)
"IPC Server handler 73 on default port 15002" daemon prio=5 tid=417 timed_waiting
java.lang.Thread.State: TIMED_WAITING
        at java.base@21.0.7/jdk.internal.misc.Unsafe.park(Native Method)
        at java.base@21.0.7/java.util.concurrent.locks.LockSupport.parkNanos(LockSupport.java:269)
        at java.base@21.0.7/java.util.concurrent.locks.AbstractQueuedSynchronizer$ConditionObject.awaitNanos(AbstractQueuedSynchronizer.java:1763)
        at java.base@21.0.7/java.util.concurrent.LinkedBlockingQueue.poll(LinkedBlockingQueue.java:460)
        at app//org.apache.hadoop.ipc.CallQueueManager.take(CallQueueManager.java:370)
        at app//org.apache.hadoop.ipc.Server$Handler.run(Server.java:3165)
"IPC Server handler 0 on default port 15027" daemon prio=5 tid=653 timed_waiting
java.lang.Thread.State: TIMED_WAITING
        at java.base@21.0.7/jdk.internal.misc.Unsafe.park(Native Method)
        at java.base@21.0.7/java.util.concurrent.locks.LockSupport.parkNanos(LockSupport.java:269)
        at java.base@21.0.7/java.util.concurrent.locks.AbstractQueuedSynchronizer$ConditionObject.awaitNanos(AbstractQueuedSynchronizer.java:1763)
        at java.base@21.0.7/java.util.concurrent.LinkedBlockingQueue.poll(LinkedBlockingQueue.java:460)
        at app//org.apache.hadoop.ipc.CallQueueManager.take(CallQueueManager.java:370)
        at app//org.apache.hadoop.ipc.Server$Handler.run(Server.java:3165)
"IPC Server handler 46 on default port 15002" daemon prio=5 tid=390 timed_waiting
java.lang.Thread.State: TIMED_WAITING
        at java.base@21.0.7/jdk.internal.misc.Unsafe.park(Native Method)
        at java.base@21.0.7/java.util.concurrent.locks.LockSupport.parkNanos(LockSupport.java:269)
        at java.base@21.0.7/java.util.concurrent.locks.AbstractQueuedSynchronizer$ConditionObject.awaitNanos(AbstractQueuedSynchronizer.java:1763)
        at java.base@21.0.7/java.util.concurrent.LinkedBlockingQueue.poll(LinkedBlockingQueue.java:460)
        at app//org.apache.hadoop.ipc.CallQueueManager.take(CallQueueManager.java:370)
        at app//org.apache.hadoop.ipc.Server$Handler.run(Server.java:3165)
"IPC Server handler 0 on default port 15000" daemon prio=5 tid=126 timed_waiting
java.lang.Thread.State: TIMED_WAITING
        at java.base@21.0.7/jdk.internal.misc.Unsafe.park(Native Method)
        at java.base@21.0.7/java.util.concurrent.locks.LockSupport.parkNanos(LockSupport.java:269)
        at java.base@21.0.7/java.util.concurrent.locks.AbstractQueuedSynchronizer$ConditionObject.awaitNanos(AbstractQueuedSynchronizer.java:1763)
        at java.base@21.0.7/java.util.concurrent.LinkedBlockingQueue.poll(LinkedBlockingQueue.java:460)
        at app//org.apache.hadoop.ipc.CallQueueManager.take(CallQueueManager.java:370)
        at app//org.apache.hadoop.ipc.Server$Handler.run(Server.java:3165)
"IPC Server handler 45 on default port 15000" daemon prio=5 tid=171 timed_waiting
java.lang.Thread.State: TIMED_WAITING
        at java.base@21.0.7/jdk.internal.misc.Unsafe.park(Native Method)
        at java.base@21.0.7/java.util.concurrent.locks.LockSupport.parkNanos(LockSupport.java:269)
        at java.base@21.0.7/java.util.concurrent.locks.AbstractQueuedSynchronizer$ConditionObject.awaitNanos(AbstractQueuedSynchronizer.java:1763)
        at java.base@21.0.7/java.util.concurrent.LinkedBlockingQueue.poll(LinkedBlockingQueue.java:460)
        at app//org.apache.hadoop.ipc.CallQueueManager.take(CallQueueManager.java:370)
        at app//org.apache.hadoop.ipc.Server$Handler.run(Server.java:3165)
"om1-DirectoryDeletingService#6" daemon prio=5 tid=491 in Object.wait()
java.lang.Thread.State: WAITING (on object monitor)
        at java.base@21.0.7/jdk.internal.misc.Unsafe.park(Native Method)
        at java.base@21.0.7/java.util.concurrent.locks.LockSupport.park(LockSupport.java:371)
        at java.base@21.0.7/java.util.concurrent.locks.AbstractQueuedSynchronizer$ConditionNode.block(AbstractQueuedSynchronizer.java:519)
        at java.base@21.0.7/java.util.concurrent.ForkJoinPool.unmanagedBlock(ForkJoinPool.java:3780)
        at java.base@21.0.7/java.util.concurrent.ForkJoinPool.managedBlock(ForkJoinPool.java:3725)
        at java.base@21.0.7/java.util.concurrent.locks.AbstractQueuedSynchronizer$ConditionObject.await(AbstractQueuedSynchronizer.java:1712)
        at java.base@21.0.7/java.util.concurrent.ScheduledThreadPoolExecutor$DelayedWorkQueue.take(ScheduledThreadPoolExecutor.java:1170)
        at java.base@21.0.7/java.util.concurrent.ScheduledThreadPoolExecutor$DelayedWorkQueue.take(ScheduledThreadPoolExecutor.java:899)
        at java.base@21.0.7/java.util.concurrent.ThreadPoolExecutor.getTask(ThreadPoolExecutor.java:1070)
        at java.base@21.0.7/java.util.concurrent.ThreadPoolExecutor.runWorker(ThreadPoolExecutor.java:1130)
        at java.base@21.0.7/java.util.concurrent.ThreadPoolExecutor$Worker.run(ThreadPoolExecutor.java:642)
        at java.base@21.0.7/java.lang.Thread.runWith(Thread.java:1596)
        at java.base@21.0.7/java.lang.Thread.run(Thread.java:1583)
"IPC Server handler 5 on default port 15043" daemon prio=5 tid=793 timed_waiting
java.lang.Thread.State: TIMED_WAITING
        at java.base@21.0.7/jdk.internal.misc.Unsafe.park(Native Method)
        at java.base@21.0.7/java.util.concurrent.locks.LockSupport.parkNanos(LockSupport.java:269)
        at java.base@21.0.7/java.util.concurrent.locks.AbstractQueuedSynchronizer$ConditionObject.awaitNanos(AbstractQueuedSynchronizer.java:1763)
        at java.base@21.0.7/java.util.concurrent.LinkedBlockingQueue.poll(LinkedBlockingQueue.java:460)
        at app//org.apache.hadoop.ipc.CallQueueManager.take(CallQueueManager.java:370)
        at app//org.apache.hadoop.ipc.Server$Handler.run(Server.java:3165)
"2b1bfca1-1fdc-4b0a-9b4d-c21112718afa-RocksDBCompactionThread-0"  prio=5 tid=671 timed_waiting
java.lang.Thread.State: TIMED_WAITING
        at java.base@21.0.7/jdk.internal.misc.Unsafe.park(Native Method)
        at java.base@21.0.7/java.util.concurrent.locks.LockSupport.parkNanos(LockSupport.java:269)
        at java.base@21.0.7/java.util.concurrent.locks.AbstractQueuedSynchronizer$ConditionObject.awaitNanos(AbstractQueuedSynchronizer.java:1763)
        at java.base@21.0.7/java.util.concurrent.ScheduledThreadPoolExecutor$DelayedWorkQueue.take(ScheduledThreadPoolExecutor.java:1182)
        at java.base@21.0.7/java.util.concurrent.ScheduledThreadPoolExecutor$DelayedWorkQueue.take(ScheduledThreadPoolExecutor.java:899)
        at java.base@21.0.7/java.util.concurrent.ThreadPoolExecutor.getTask(ThreadPoolExecutor.java:1070)
        at java.base@21.0.7/java.util.concurrent.ThreadPoolExecutor.runWorker(ThreadPoolExecutor.java:1130)
        at java.base@21.0.7/java.util.concurrent.ThreadPoolExecutor$Worker.run(ThreadPoolExecutor.java:642)
        at java.base@21.0.7/java.lang.Thread.runWith(Thread.java:1596)
        at java.base@21.0.7/java.lang.Thread.run(Thread.java:1583)
"dacc202e-cd42-4a7a-b335-fe62dff69130-BlockDeletingService#1" daemon prio=5 tid=820 in Object.wait()
java.lang.Thread.State: WAITING (on object monitor)
        at java.base@21.0.7/jdk.internal.misc.Unsafe.park(Native Method)
        at java.base@21.0.7/java.util.concurrent.locks.LockSupport.park(LockSupport.java:371)
        at java.base@21.0.7/java.util.concurrent.locks.AbstractQueuedSynchronizer$ConditionNode.block(AbstractQueuedSynchronizer.java:519)
        at java.base@21.0.7/java.util.concurrent.ForkJoinPool.unmanagedBlock(ForkJoinPool.java:3780)
        at java.base@21.0.7/java.util.concurrent.ForkJoinPool.managedBlock(ForkJoinPool.java:3725)
        at java.base@21.0.7/java.util.concurrent.locks.AbstractQueuedSynchronizer$ConditionObject.await(AbstractQueuedSynchronizer.java:1712)
        at java.base@21.0.7/java.util.concurrent.ScheduledThreadPoolExecutor$DelayedWorkQueue.take(ScheduledThreadPoolExecutor.java:1177)
        at java.base@21.0.7/java.util.concurrent.ScheduledThreadPoolExecutor$DelayedWorkQueue.take(ScheduledThreadPoolExecutor.java:899)
        at java.base@21.0.7/java.util.concurrent.ThreadPoolExecutor.getTask(ThreadPoolExecutor.java:1070)
        at java.base@21.0.7/java.util.concurrent.ThreadPoolExecutor.runWorker(ThreadPoolExecutor.java:1130)
        at java.base@21.0.7/java.util.concurrent.ThreadPoolExecutor$Worker.run(ThreadPoolExecutor.java:642)
        at java.base@21.0.7/java.lang.Thread.runWith(Thread.java:1596)
        at java.base@21.0.7/java.lang.Thread.run(Thread.java:1583)
"ExpiredContainerReplicaOpScrubber" daemon prio=5 tid=61 timed_waiting
java.lang.Thread.State: TIMED_WAITING
        at java.base@21.0.7/java.lang.Object.wait0(Native Method)
        at java.base@21.0.7/java.lang.Object.wait(Object.java:366)
        at app//org.apache.hadoop.hdds.scm.ha.BackgroundSCMService.run(BackgroundSCMService.java:106)
        at app//org.apache.hadoop.hdds.scm.ha.BackgroundSCMService$$Lambda/0x00007fe904502d28.run(Unknown Source)
        at java.base@21.0.7/java.lang.Thread.runWith(Thread.java:1596)
        at java.base@21.0.7/java.lang.Thread.run(Thread.java:1583)
"IPC Server handler 52 on default port 15001" daemon prio=5 tid=278 timed_waiting
java.lang.Thread.State: TIMED_WAITING
        at java.base@21.0.7/jdk.internal.misc.Unsafe.park(Native Method)
        at java.base@21.0.7/java.util.concurrent.locks.LockSupport.parkNanos(LockSupport.java:269)
        at java.base@21.0.7/java.util.concurrent.locks.AbstractQueuedSynchronizer$ConditionObject.awaitNanos(AbstractQueuedSynchronizer.java:1763)
        at java.base@21.0.7/java.util.concurrent.LinkedBlockingQueue.poll(LinkedBlockingQueue.java:460)
        at app//org.apache.hadoop.ipc.CallQueueManager.take(CallQueueManager.java:370)
        at app//org.apache.hadoop.ipc.Server$Handler.run(Server.java:3165)
"process reaper" daemon prio=10 tid=29 timed_waiting
java.lang.Thread.State: TIMED_WAITING
        at java.base@21.0.7/jdk.internal.misc.Unsafe.park(Native Method)
        at java.base@21.0.7/java.util.concurrent.locks.LockSupport.parkNanos(LockSupport.java:410)
        at java.base@21.0.7/java.util.concurrent.LinkedTransferQueue$DualNode.await(LinkedTransferQueue.java:452)
        at java.base@21.0.7/java.util.concurrent.SynchronousQueue$Transferer.xferLifo(SynchronousQueue.java:194)
        at java.base@21.0.7/java.util.concurrent.SynchronousQueue.xfer(SynchronousQueue.java:235)
        at java.base@21.0.7/java.util.concurrent.SynchronousQueue.poll(SynchronousQueue.java:338)
        at java.base@21.0.7/java.util.concurrent.ThreadPoolExecutor.getTask(ThreadPoolExecutor.java:1069)
        at java.base@21.0.7/java.util.concurrent.ThreadPoolExecutor.runWorker(ThreadPoolExecutor.java:1130)
        at java.base@21.0.7/java.util.concurrent.ThreadPoolExecutor$Worker.run(ThreadPoolExecutor.java:642)
        at java.base@21.0.7/java.lang.Thread.runWith(Thread.java:1596)
        at java.base@21.0.7/java.lang.Thread.run(Thread.java:1583)
        at java.base@21.0.7/jdk.internal.misc.InnocuousThread.run(InnocuousThread.java:186)
"IPC Server handler 58 on default port 15001" daemon prio=5 tid=284 timed_waiting
java.lang.Thread.State: TIMED_WAITING
        at java.base@21.0.7/jdk.internal.misc.Unsafe.park(Native Method)
        at java.base@21.0.7/java.util.concurrent.locks.LockSupport.parkNanos(LockSupport.java:269)
        at java.base@21.0.7/java.util.concurrent.locks.AbstractQueuedSynchronizer$ConditionObject.awaitNanos(AbstractQueuedSynchronizer.java:1763)
        at java.base@21.0.7/java.util.concurrent.LinkedBlockingQueue.poll(LinkedBlockingQueue.java:460)
        at app//org.apache.hadoop.ipc.CallQueueManager.take(CallQueueManager.java:370)
        at app//org.apache.hadoop.ipc.Server$Handler.run(Server.java:3165)
"qtp207012443-626-acceptor-0@74692456-ServerConnector@4b6e9c75{HTTP/1.1, (http/1.1)}{0.0.0.0:15026}" daemon prio=3 tid=626 runnable
java.lang.Thread.State: RUNNABLE
        at java.base@21.0.7/sun.nio.ch.Net.accept(Native Method)
        at java.base@21.0.7/sun.nio.ch.ServerSocketChannelImpl.implAccept(ServerSocketChannelImpl.java:433)
        at java.base@21.0.7/sun.nio.ch.ServerSocketChannelImpl.accept(ServerSocketChannelImpl.java:399)
        at app//org.eclipse.jetty.server.ServerConnector.accept(ServerConnector.java:388)
        at app//org.eclipse.jetty.server.AbstractConnector$Acceptor.run(AbstractConnector.java:704)
        at app//org.eclipse.jetty.util.thread.QueuedThreadPool.runJob(QueuedThreadPool.java:883)
        at app//org.eclipse.jetty.util.thread.QueuedThreadPool$Runner.run(QueuedThreadPool.java:1034)
        at java.base@21.0.7/java.lang.Thread.runWith(Thread.java:1596)
        at java.base@21.0.7/java.lang.Thread.run(Thread.java:1583)
"qtp256443308-500" daemon prio=5 tid=500 timed_waiting
java.lang.Thread.State: TIMED_WAITING
        at java.base@21.0.7/jdk.internal.misc.Unsafe.park(Native Method)
        at java.base@21.0.7/java.util.concurrent.locks.LockSupport.parkNanos(LockSupport.java:269)
        at java.base@21.0.7/java.util.concurrent.locks.AbstractQueuedSynchronizer$ConditionObject.awaitNanos(AbstractQueuedSynchronizer.java:1763)
        at app//org.eclipse.jetty.util.BlockingArrayQueue.poll(BlockingArrayQueue.java:382)
        at app//org.eclipse.jetty.util.thread.QueuedThreadPool$Runner.idleJobPoll(QueuedThreadPool.java:974)
        at app//org.eclipse.jetty.util.thread.QueuedThreadPool$Runner.run(QueuedThreadPool.java:1018)
        at java.base@21.0.7/java.lang.Thread.runWith(Thread.java:1596)
        at java.base@21.0.7/java.lang.Thread.run(Thread.java:1583)
"78b7fabf-ca2a-4b70-8534-e46926e2083c-RocksDBCompactionThread-0"  prio=5 tid=751 timed_waiting
java.lang.Thread.State: TIMED_WAITING
        at java.base@21.0.7/jdk.internal.misc.Unsafe.park(Native Method)
        at java.base@21.0.7/java.util.concurrent.locks.LockSupport.parkNanos(LockSupport.java:269)
        at java.base@21.0.7/java.util.concurrent.locks.AbstractQueuedSynchronizer$ConditionObject.awaitNanos(AbstractQueuedSynchronizer.java:1763)
        at java.base@21.0.7/java.util.concurrent.ScheduledThreadPoolExecutor$DelayedWorkQueue.take(ScheduledThreadPoolExecutor.java:1182)
        at java.base@21.0.7/java.util.concurrent.ScheduledThreadPoolExecutor$DelayedWorkQueue.take(ScheduledThreadPoolExecutor.java:899)
        at java.base@21.0.7/java.util.concurrent.ThreadPoolExecutor.getTask(ThreadPoolExecutor.java:1070)
        at java.base@21.0.7/java.util.concurrent.ThreadPoolExecutor.runWorker(ThreadPoolExecutor.java:1130)
        at java.base@21.0.7/java.util.concurrent.ThreadPoolExecutor$Worker.run(ThreadPoolExecutor.java:642)
        at java.base@21.0.7/java.lang.Thread.runWith(Thread.java:1596)
        at java.base@21.0.7/java.lang.Thread.run(Thread.java:1583)
"IPC Server handler 1 on default port 15043" daemon prio=5 tid=789 timed_waiting
java.lang.Thread.State: TIMED_WAITING
        at java.base@21.0.7/jdk.internal.misc.Unsafe.park(Native Method)
        at java.base@21.0.7/java.util.concurrent.locks.LockSupport.parkNanos(LockSupport.java:269)
        at java.base@21.0.7/java.util.concurrent.locks.AbstractQueuedSynchronizer$ConditionObject.awaitNanos(AbstractQueuedSynchronizer.java:1763)
        at java.base@21.0.7/java.util.concurrent.LinkedBlockingQueue.poll(LinkedBlockingQueue.java:460)
        at app//org.apache.hadoop.ipc.CallQueueManager.take(CallQueueManager.java:370)
        at app//org.apache.hadoop.ipc.Server$Handler.run(Server.java:3165)
"IPC Server handler 56 on default port 15002" daemon prio=5 tid=400 timed_waiting
java.lang.Thread.State: TIMED_WAITING
        at java.base@21.0.7/jdk.internal.misc.Unsafe.park(Native Method)
        at java.base@21.0.7/java.util.concurrent.locks.LockSupport.parkNanos(LockSupport.java:269)
        at java.base@21.0.7/java.util.concurrent.locks.AbstractQueuedSynchronizer$ConditionObject.awaitNanos(AbstractQueuedSynchronizer.java:1763)
        at java.base@21.0.7/java.util.concurrent.LinkedBlockingQueue.poll(LinkedBlockingQueue.java:460)
        at app//org.apache.hadoop.ipc.CallQueueManager.take(CallQueueManager.java:370)
        at app//org.apache.hadoop.ipc.Server$Handler.run(Server.java:3165)
"om1@group-C5BA1605619E-cacheEviction-AwaitToRun" daemon prio=5 tid=469 in Object.wait()
java.lang.Thread.State: WAITING (on object monitor)
        at java.base@21.0.7/jdk.internal.misc.Unsafe.park(Native Method)
        at java.base@21.0.7/java.util.concurrent.locks.LockSupport.park(LockSupport.java:371)
        at java.base@21.0.7/java.util.concurrent.locks.AbstractQueuedSynchronizer$ConditionNode.block(AbstractQueuedSynchronizer.java:519)
        at java.base@21.0.7/java.util.concurrent.ForkJoinPool.unmanagedBlock(ForkJoinPool.java:3780)
        at java.base@21.0.7/java.util.concurrent.ForkJoinPool.managedBlock(ForkJoinPool.java:3725)
        at java.base@21.0.7/java.util.concurrent.locks.AbstractQueuedSynchronizer$ConditionObject.await(AbstractQueuedSynchronizer.java:1712)
        at app//org.apache.ratis.util.AwaitForSignal.await(AwaitForSignal.java:48)
        at app//org.apache.ratis.util.AwaitToRun$RunnableImpl.run(AwaitToRun.java:47)
        at java.base@21.0.7/java.lang.Thread.runWith(Thread.java:1596)
        at java.base@21.0.7/java.lang.Thread.run(Thread.java:1583)
"IPC Server handler 7 on default port 15002" daemon prio=5 tid=351 timed_waiting
java.lang.Thread.State: TIMED_WAITING
        at java.base@21.0.7/jdk.internal.misc.Unsafe.park(Native Method)
        at java.base@21.0.7/java.util.concurrent.locks.LockSupport.parkNanos(LockSupport.java:269)
        at java.base@21.0.7/java.util.concurrent.locks.AbstractQueuedSynchronizer$ConditionObject.awaitNanos(AbstractQueuedSynchronizer.java:1763)
        at java.base@21.0.7/java.util.concurrent.LinkedBlockingQueue.poll(LinkedBlockingQueue.java:460)
        at app//org.apache.hadoop.ipc.CallQueueManager.take(CallQueueManager.java:370)
        at app//org.apache.hadoop.ipc.Server$Handler.run(Server.java:3165)
"IPC Server handler 9 on default port 15006" daemon prio=5 tid=514 timed_waiting
java.lang.Thread.State: TIMED_WAITING
        at java.base@21.0.7/jdk.internal.misc.Unsafe.park(Native Method)
        at java.base@21.0.7/java.util.concurrent.locks.LockSupport.parkNanos(LockSupport.java:269)
        at java.base@21.0.7/java.util.concurrent.locks.AbstractQueuedSynchronizer$ConditionObject.awaitNanos(AbstractQueuedSynchronizer.java:1763)
        at java.base@21.0.7/java.util.concurrent.LinkedBlockingQueue.poll(LinkedBlockingQueue.java:460)
        at app//org.apache.hadoop.ipc.CallQueueManager.take(CallQueueManager.java:370)
        at app//org.apache.hadoop.ipc.Server$Handler.run(Server.java:3165)
"IPC Server handler 2 on default port 15027" daemon prio=5 tid=655 timed_waiting
java.lang.Thread.State: TIMED_WAITING
        at java.base@21.0.7/jdk.internal.misc.Unsafe.park(Native Method)
        at java.base@21.0.7/java.util.concurrent.locks.LockSupport.parkNanos(LockSupport.java:269)
        at java.base@21.0.7/java.util.concurrent.locks.AbstractQueuedSynchronizer$ConditionObject.awaitNanos(AbstractQueuedSynchronizer.java:1763)
        at java.base@21.0.7/java.util.concurrent.LinkedBlockingQueue.poll(LinkedBlockingQueue.java:460)
        at app//org.apache.hadoop.ipc.CallQueueManager.take(CallQueueManager.java:370)
        at app//org.apache.hadoop.ipc.Server$Handler.run(Server.java:3165)
"IPC Server handler 78 on default port 15001" daemon prio=5 tid=304 timed_waiting
java.lang.Thread.State: TIMED_WAITING
        at java.base@21.0.7/jdk.internal.misc.Unsafe.park(Native Method)
        at java.base@21.0.7/java.util.concurrent.locks.LockSupport.parkNanos(LockSupport.java:269)
        at java.base@21.0.7/java.util.concurrent.locks.AbstractQueuedSynchronizer$ConditionObject.awaitNanos(AbstractQueuedSynchronizer.java:1763)
        at java.base@21.0.7/java.util.concurrent.LinkedBlockingQueue.poll(LinkedBlockingQueue.java:460)
        at app//org.apache.hadoop.ipc.CallQueueManager.take(CallQueueManager.java:370)
        at app//org.apache.hadoop.ipc.Server$Handler.run(Server.java:3165)
"om1-DirectoryDeletingService#7" daemon prio=5 tid=492 in Object.wait()
java.lang.Thread.State: WAITING (on object monitor)
        at java.base@21.0.7/jdk.internal.misc.Unsafe.park(Native Method)
        at java.base@21.0.7/java.util.concurrent.locks.LockSupport.park(LockSupport.java:371)
        at java.base@21.0.7/java.util.concurrent.locks.AbstractQueuedSynchronizer$ConditionNode.block(AbstractQueuedSynchronizer.java:519)
        at java.base@21.0.7/java.util.concurrent.ForkJoinPool.unmanagedBlock(ForkJoinPool.java:3780)
        at java.base@21.0.7/java.util.concurrent.ForkJoinPool.managedBlock(ForkJoinPool.java:3725)
        at java.base@21.0.7/java.util.concurrent.locks.AbstractQueuedSynchronizer$ConditionObject.await(AbstractQueuedSynchronizer.java:1712)
        at java.base@21.0.7/java.util.concurrent.ScheduledThreadPoolExecutor$DelayedWorkQueue.take(ScheduledThreadPoolExecutor.java:1170)
        at java.base@21.0.7/java.util.concurrent.ScheduledThreadPoolExecutor$DelayedWorkQueue.take(ScheduledThreadPoolExecutor.java:899)
        at java.base@21.0.7/java.util.concurrent.ThreadPoolExecutor.getTask(ThreadPoolExecutor.java:1070)
        at java.base@21.0.7/java.util.concurrent.ThreadPoolExecutor.runWorker(ThreadPoolExecutor.java:1130)
        at java.base@21.0.7/java.util.concurrent.ThreadPoolExecutor$Worker.run(ThreadPoolExecutor.java:642)
        at java.base@21.0.7/java.lang.Thread.runWith(Thread.java:1596)
        at java.base@21.0.7/java.lang.Thread.run(Thread.java:1583)
"IPC Server handler 2 on default port 15019" daemon prio=5 tid=603 timed_waiting
java.lang.Thread.State: TIMED_WAITING
        at java.base@21.0.7/jdk.internal.misc.Unsafe.park(Native Method)
        at java.base@21.0.7/java.util.concurrent.locks.LockSupport.parkNanos(LockSupport.java:269)
        at java.base@21.0.7/java.util.concurrent.locks.AbstractQueuedSynchronizer$ConditionObject.awaitNanos(AbstractQueuedSynchronizer.java:1763)
        at java.base@21.0.7/java.util.concurrent.LinkedBlockingQueue.poll(LinkedBlockingQueue.java:460)
        at app//org.apache.hadoop.ipc.CallQueueManager.take(CallQueueManager.java:370)
        at app//org.apache.hadoop.ipc.Server$Handler.run(Server.java:3165)
"ForkJoinPool.commonPool-worker-3" daemon prio=5 tid=454 in Object.wait()
java.lang.Thread.State: WAITING (on object monitor)
        at java.base@21.0.7/jdk.internal.misc.Unsafe.park(Native Method)
        at java.base@21.0.7/java.util.concurrent.locks.LockSupport.park(LockSupport.java:371)
        at java.base@21.0.7/java.util.concurrent.ForkJoinPool.awaitWork(ForkJoinPool.java:1893)
        at java.base@21.0.7/java.util.concurrent.ForkJoinPool.runWorker(ForkJoinPool.java:1809)
        at java.base@21.0.7/java.util.concurrent.ForkJoinWorkerThread.run(ForkJoinWorkerThread.java:188)
"IPC Server handler 54 on default port 15002" daemon prio=5 tid=398 timed_waiting
java.lang.Thread.State: TIMED_WAITING
        at java.base@21.0.7/jdk.internal.misc.Unsafe.park(Native Method)
        at java.base@21.0.7/java.util.concurrent.locks.LockSupport.parkNanos(LockSupport.java:269)
        at java.base@21.0.7/java.util.concurrent.locks.AbstractQueuedSynchronizer$ConditionObject.awaitNanos(AbstractQueuedSynchronizer.java:1763)
        at java.base@21.0.7/java.util.concurrent.LinkedBlockingQueue.poll(LinkedBlockingQueue.java:460)
        at app//org.apache.hadoop.ipc.CallQueueManager.take(CallQueueManager.java:370)
        at app//org.apache.hadoop.ipc.Server$Handler.run(Server.java:3165)
"IPC Server handler 23 on default port 15001" daemon prio=5 tid=249 timed_waiting
java.lang.Thread.State: TIMED_WAITING
        at java.base@21.0.7/jdk.internal.misc.Unsafe.park(Native Method)
        at java.base@21.0.7/java.util.concurrent.locks.LockSupport.parkNanos(LockSupport.java:269)
        at java.base@21.0.7/java.util.concurrent.locks.AbstractQueuedSynchronizer$ConditionObject.awaitNanos(AbstractQueuedSynchronizer.java:1763)
        at java.base@21.0.7/java.util.concurrent.LinkedBlockingQueue.poll(LinkedBlockingQueue.java:460)
        at app//org.apache.hadoop.ipc.CallQueueManager.take(CallQueueManager.java:370)
        at app//org.apache.hadoop.ipc.Server$Handler.run(Server.java:3165)
"Socket Reader #6 for port 15035"  prio=5 tid=725 runnable
java.lang.Thread.State: RUNNABLE
        at java.base@21.0.7/sun.nio.ch.EPoll.wait(Native Method)
        at java.base@21.0.7/sun.nio.ch.EPollSelectorImpl.doSelect(EPollSelectorImpl.java:121)
        at java.base@21.0.7/sun.nio.ch.SelectorImpl.lockAndDoSelect(SelectorImpl.java:130)
        at java.base@21.0.7/sun.nio.ch.SelectorImpl.select(SelectorImpl.java:147)
        at app//org.apache.hadoop.ipc.Server$Listener$Reader.doRunLoop(Server.java:1497)
        at app//org.apache.hadoop.ipc.Server$Listener$Reader.run(Server.java:1476)
"IPC Server handler 29 on default port 15002" daemon prio=5 tid=373 timed_waiting
java.lang.Thread.State: TIMED_WAITING
        at java.base@21.0.7/jdk.internal.misc.Unsafe.park(Native Method)
        at java.base@21.0.7/java.util.concurrent.locks.LockSupport.parkNanos(LockSupport.java:269)
        at java.base@21.0.7/java.util.concurrent.locks.AbstractQueuedSynchronizer$ConditionObject.awaitNanos(AbstractQueuedSynchronizer.java:1763)
        at java.base@21.0.7/java.util.concurrent.LinkedBlockingQueue.poll(LinkedBlockingQueue.java:460)
        at app//org.apache.hadoop.ipc.CallQueueManager.take(CallQueueManager.java:370)
        at app//org.apache.hadoop.ipc.Server$Handler.run(Server.java:3165)
"Socket Reader #8 for port 15002"  prio=5 tid=74 runnable
java.lang.Thread.State: RUNNABLE
        at java.base@21.0.7/sun.nio.ch.EPoll.wait(Native Method)
        at java.base@21.0.7/sun.nio.ch.EPollSelectorImpl.doSelect(EPollSelectorImpl.java:121)
        at java.base@21.0.7/sun.nio.ch.SelectorImpl.lockAndDoSelect(SelectorImpl.java:130)
        at java.base@21.0.7/sun.nio.ch.SelectorImpl.select(SelectorImpl.java:147)
        at app//org.apache.hadoop.ipc.Server$Listener$Reader.doRunLoop(Server.java:1497)
        at app//org.apache.hadoop.ipc.Server$Listener$Reader.run(Server.java:1476)
"IPC Server handler 62 on default port 15002" daemon prio=5 tid=406 timed_waiting
java.lang.Thread.State: TIMED_WAITING
        at java.base@21.0.7/jdk.internal.misc.Unsafe.park(Native Method)
        at java.base@21.0.7/java.util.concurrent.locks.LockSupport.parkNanos(LockSupport.java:269)
        at java.base@21.0.7/java.util.concurrent.locks.AbstractQueuedSynchronizer$ConditionObject.awaitNanos(AbstractQueuedSynchronizer.java:1763)
        at java.base@21.0.7/java.util.concurrent.LinkedBlockingQueue.poll(LinkedBlockingQueue.java:460)
        at app//org.apache.hadoop.ipc.CallQueueManager.take(CallQueueManager.java:370)
        at app//org.apache.hadoop.ipc.Server$Handler.run(Server.java:3165)
"Socket Reader #7 for port 15006"  prio=5 tid=462 runnable
java.lang.Thread.State: RUNNABLE
        at java.base@21.0.7/sun.nio.ch.EPoll.wait(Native Method)
        at java.base@21.0.7/sun.nio.ch.EPollSelectorImpl.doSelect(EPollSelectorImpl.java:121)
        at java.base@21.0.7/sun.nio.ch.SelectorImpl.lockAndDoSelect(SelectorImpl.java:130)
        at java.base@21.0.7/sun.nio.ch.SelectorImpl.select(SelectorImpl.java:147)
        at app//org.apache.hadoop.ipc.Server$Listener$Reader.doRunLoop(Server.java:1497)
        at app//org.apache.hadoop.ipc.Server$Listener$Reader.run(Server.java:1476)
"IPC Server handler 30 on default port 15002" daemon prio=5 tid=374 timed_waiting
java.lang.Thread.State: TIMED_WAITING
        at java.base@21.0.7/jdk.internal.misc.Unsafe.park(Native Method)
        at java.base@21.0.7/java.util.concurrent.locks.LockSupport.parkNanos(LockSupport.java:269)
        at java.base@21.0.7/java.util.concurrent.locks.AbstractQueuedSynchronizer$ConditionObject.awaitNanos(AbstractQueuedSynchronizer.java:1763)
        at java.base@21.0.7/java.util.concurrent.LinkedBlockingQueue.poll(LinkedBlockingQueue.java:460)
        at app//org.apache.hadoop.ipc.CallQueueManager.take(CallQueueManager.java:370)
        at app//org.apache.hadoop.ipc.Server$Handler.run(Server.java:3165)
"ContainerDataScanner(/home/runner/work/ozone/ozone/hadoop-ozone/integration-test/target/test-dir/MiniOzoneClusterImpl-723737d7-d862-4a19-a51f-6b1567aa62b1/ozone-meta/datanode-3/data-0/hdds)" daemon prio=5 tid=811 timed_waiting
java.lang.Thread.State: TIMED_WAITING
        at java.base@21.0.7/java.lang.Thread.sleep0(Native Method)
        at java.base@21.0.7/java.lang.Thread.sleep(Thread.java:509)
        at app//org.apache.hadoop.ozone.container.ozoneimpl.AbstractBackgroundContainerScanner.handleRemainingSleep(AbstractBackgroundContainerScanner.java:133)
        at app//org.apache.hadoop.ozone.container.ozoneimpl.AbstractBackgroundContainerScanner.runIteration(AbstractBackgroundContainerScanner.java:100)
        at app//org.apache.hadoop.ozone.container.ozoneimpl.AbstractBackgroundContainerScanner.run(AbstractBackgroundContainerScanner.java:59)
        at java.base@21.0.7/java.lang.Thread.runWith(Thread.java:1596)
        at java.base@21.0.7/java.lang.Thread.run(Thread.java:1583)
"IPC Server handler 71 on default port 15001" daemon prio=5 tid=297 timed_waiting
java.lang.Thread.State: TIMED_WAITING
        at java.base@21.0.7/jdk.internal.misc.Unsafe.park(Native Method)
        at java.base@21.0.7/java.util.concurrent.locks.LockSupport.parkNanos(LockSupport.java:269)
        at java.base@21.0.7/java.util.concurrent.locks.AbstractQueuedSynchronizer$ConditionObject.awaitNanos(AbstractQueuedSynchronizer.java:1763)
        at java.base@21.0.7/java.util.concurrent.LinkedBlockingQueue.poll(LinkedBlockingQueue.java:460)
        at app//org.apache.hadoop.ipc.CallQueueManager.take(CallQueueManager.java:370)
        at app//org.apache.hadoop.ipc.Server$Handler.run(Server.java:3165)
"IPC Server handler 12 on default port 15000" daemon prio=5 tid=138 timed_waiting
java.lang.Thread.State: TIMED_WAITING
        at java.base@21.0.7/jdk.internal.misc.Unsafe.park(Native Method)
        at java.base@21.0.7/java.util.concurrent.locks.LockSupport.parkNanos(LockSupport.java:269)
        at java.base@21.0.7/java.util.concurrent.locks.AbstractQueuedSynchronizer$ConditionObject.awaitNanos(AbstractQueuedSynchronizer.java:1763)
        at java.base@21.0.7/java.util.concurrent.LinkedBlockingQueue.poll(LinkedBlockingQueue.java:460)
        at app//org.apache.hadoop.ipc.CallQueueManager.take(CallQueueManager.java:370)
        at app//org.apache.hadoop.ipc.Server$Handler.run(Server.java:3165)
"Socket Reader #4 for port 15019"  prio=5 tid=591 runnable
java.lang.Thread.State: RUNNABLE
        at java.base@21.0.7/sun.nio.ch.EPoll.wait(Native Method)
        at java.base@21.0.7/sun.nio.ch.EPollSelectorImpl.doSelect(EPollSelectorImpl.java:121)
        at java.base@21.0.7/sun.nio.ch.SelectorImpl.lockAndDoSelect(SelectorImpl.java:130)
        at java.base@21.0.7/sun.nio.ch.SelectorImpl.select(SelectorImpl.java:147)
        at app//org.apache.hadoop.ipc.Server$Listener$Reader.doRunLoop(Server.java:1497)
        at app//org.apache.hadoop.ipc.Server$Listener$Reader.run(Server.java:1476)
"dacc202e-cd42-4a7a-b335-fe62dff69130-DatanodeReportManager-1" daemon prio=5 tid=665 in Object.wait()
java.lang.Thread.State: WAITING (on object monitor)
        at java.base@21.0.7/jdk.internal.misc.Unsafe.park(Native Method)
        at java.base@21.0.7/java.util.concurrent.locks.LockSupport.park(LockSupport.java:371)
        at java.base@21.0.7/java.util.concurrent.locks.AbstractQueuedSynchronizer$ConditionNode.block(AbstractQueuedSynchronizer.java:519)
        at java.base@21.0.7/java.util.concurrent.ForkJoinPool.unmanagedBlock(ForkJoinPool.java:3780)
        at java.base@21.0.7/java.util.concurrent.ForkJoinPool.managedBlock(ForkJoinPool.java:3725)
        at java.base@21.0.7/java.util.concurrent.locks.AbstractQueuedSynchronizer$ConditionObject.await(AbstractQueuedSynchronizer.java:1712)
        at java.base@21.0.7/java.util.concurrent.ScheduledThreadPoolExecutor$DelayedWorkQueue.take(ScheduledThreadPoolExecutor.java:1177)
        at java.base@21.0.7/java.util.concurrent.ScheduledThreadPoolExecutor$DelayedWorkQueue.take(ScheduledThreadPoolExecutor.java:899)
        at java.base@21.0.7/java.util.concurrent.ThreadPoolExecutor.getTask(ThreadPoolExecutor.java:1070)
        at java.base@21.0.7/java.util.concurrent.ThreadPoolExecutor.runWorker(ThreadPoolExecutor.java:1130)
        at java.base@21.0.7/java.util.concurrent.ThreadPoolExecutor$Worker.run(ThreadPoolExecutor.java:642)
        at java.base@21.0.7/java.lang.Thread.runWith(Thread.java:1596)
        at java.base@21.0.7/java.lang.Thread.run(Thread.java:1583)
"ForkJoinPool.commonPool-worker-1" daemon prio=5 tid=35 timed_waiting
java.lang.Thread.State: TIMED_WAITING
        at java.base@21.0.7/jdk.internal.misc.Unsafe.park(Native Method)
        at java.base@21.0.7/java.util.concurrent.locks.LockSupport.parkUntil(LockSupport.java:449)
        at java.base@21.0.7/java.util.concurrent.ForkJoinPool.awaitWork(ForkJoinPool.java:1891)
        at java.base@21.0.7/java.util.concurrent.ForkJoinPool.runWorker(ForkJoinPool.java:1809)
        at java.base@21.0.7/java.util.concurrent.ForkJoinWorkerThread.run(ForkJoinWorkerThread.java:188)
"Socket Reader #1 for port 15043"  prio=5 tid=775 runnable
java.lang.Thread.State: RUNNABLE
        at java.base@21.0.7/sun.nio.ch.EPoll.wait(Native Method)
        at java.base@21.0.7/sun.nio.ch.EPollSelectorImpl.doSelect(EPollSelectorImpl.java:121)
        at java.base@21.0.7/sun.nio.ch.SelectorImpl.lockAndDoSelect(SelectorImpl.java:130)
        at java.base@21.0.7/sun.nio.ch.SelectorImpl.select(SelectorImpl.java:147)
        at app//org.apache.hadoop.ipc.Server$Listener$Reader.doRunLoop(Server.java:1497)
        at app//org.apache.hadoop.ipc.Server$Listener$Reader.run(Server.java:1476)
"pool-144-thread-1" daemon prio=5 tid=827 timed_waiting
java.lang.Thread.State: TIMED_WAITING
        at java.base@21.0.7/jdk.internal.misc.Unsafe.park(Native Method)
        at java.base@21.0.7/java.util.concurrent.locks.LockSupport.parkNanos(LockSupport.java:269)
        at java.base@21.0.7/java.util.concurrent.locks.AbstractQueuedSynchronizer$ConditionObject.awaitNanos(AbstractQueuedSynchronizer.java:1763)
        at java.base@21.0.7/java.util.concurrent.ScheduledThreadPoolExecutor$DelayedWorkQueue.take(ScheduledThreadPoolExecutor.java:1182)
        at java.base@21.0.7/java.util.concurrent.ScheduledThreadPoolExecutor$DelayedWorkQueue.take(ScheduledThreadPoolExecutor.java:899)
        at java.base@21.0.7/java.util.concurrent.ThreadPoolExecutor.getTask(ThreadPoolExecutor.java:1070)
        at java.base@21.0.7/java.util.concurrent.ThreadPoolExecutor.runWorker(ThreadPoolExecutor.java:1130)
        at java.base@21.0.7/java.util.concurrent.ThreadPoolExecutor$Worker.run(ThreadPoolExecutor.java:642)
        at java.base@21.0.7/java.lang.Thread.runWith(Thread.java:1596)
        at java.base@21.0.7/java.lang.Thread.run(Thread.java:1583)
"78b7fabf-ca2a-4b70-8534-e46926e2083c-DatanodeStateMachineDaemonThread" daemon prio=10 tid=798 timed_waiting
java.lang.Thread.State: TIMED_WAITING
        at java.base@21.0.7/java.lang.Thread.sleep0(Native Method)
        at java.base@21.0.7/java.lang.Thread.sleep(Thread.java:509)
        at app//org.apache.hadoop.ozone.container.common.statemachine.DatanodeStateMachine.startStateMachineThread(DatanodeStateMachine.java:361)
        at app//org.apache.hadoop.ozone.container.common.statemachine.DatanodeStateMachine.lambda$startDaemon$1(DatanodeStateMachine.java:547)
        at app//org.apache.hadoop.ozone.container.common.statemachine.DatanodeStateMachine$$Lambda/0x00007fe904822e48.run(Unknown Source)
        at java.base@21.0.7/java.lang.Thread.runWith(Thread.java:1596)
        at java.base@21.0.7/java.lang.Thread.run(Thread.java:1583)
"IPC Server handler 28 on default port 15002" daemon prio=5 tid=372 timed_waiting
java.lang.Thread.State: TIMED_WAITING
        at java.base@21.0.7/jdk.internal.misc.Unsafe.park(Native Method)
        at java.base@21.0.7/java.util.concurrent.locks.LockSupport.parkNanos(LockSupport.java:269)
        at java.base@21.0.7/java.util.concurrent.locks.AbstractQueuedSynchronizer$ConditionObject.awaitNanos(AbstractQueuedSynchronizer.java:1763)
        at java.base@21.0.7/java.util.concurrent.LinkedBlockingQueue.poll(LinkedBlockingQueue.java:460)
        at app//org.apache.hadoop.ipc.CallQueueManager.take(CallQueueManager.java:370)
        at app//org.apache.hadoop.ipc.Server$Handler.run(Server.java:3165)
"IPC Server handler 97 on default port 15000" daemon prio=5 tid=223 timed_waiting
java.lang.Thread.State: TIMED_WAITING
        at java.base@21.0.7/jdk.internal.misc.Unsafe.park(Native Method)
        at java.base@21.0.7/java.util.concurrent.locks.LockSupport.parkNanos(LockSupport.java:269)
        at java.base@21.0.7/java.util.concurrent.locks.AbstractQueuedSynchronizer$ConditionObject.awaitNanos(AbstractQueuedSynchronizer.java:1763)
        at java.base@21.0.7/java.util.concurrent.LinkedBlockingQueue.poll(LinkedBlockingQueue.java:460)
        at app//org.apache.hadoop.ipc.CallQueueManager.take(CallQueueManager.java:370)
        at app//org.apache.hadoop.ipc.Server$Handler.run(Server.java:3165)
"Socket Reader #7 for port 15001"  prio=5 tid=87 runnable
java.lang.Thread.State: RUNNABLE
        at java.base@21.0.7/sun.nio.ch.EPoll.wait(Native Method)
        at java.base@21.0.7/sun.nio.ch.EPollSelectorImpl.doSelect(EPollSelectorImpl.java:121)
        at java.base@21.0.7/sun.nio.ch.SelectorImpl.lockAndDoSelect(SelectorImpl.java:130)
        at java.base@21.0.7/sun.nio.ch.SelectorImpl.select(SelectorImpl.java:147)
        at app//org.apache.hadoop.ipc.Server$Listener$Reader.doRunLoop(Server.java:1497)
        at app//org.apache.hadoop.ipc.Server$Listener$Reader.run(Server.java:1476)
"IPC Server handler 16 on default port 15006" daemon prio=5 tid=521 timed_waiting
java.lang.Thread.State: TIMED_WAITING
        at java.base@21.0.7/jdk.internal.misc.Unsafe.park(Native Method)
        at java.base@21.0.7/java.util.concurrent.locks.LockSupport.parkNanos(LockSupport.java:269)
        at java.base@21.0.7/java.util.concurrent.locks.AbstractQueuedSynchronizer$ConditionObject.awaitNanos(AbstractQueuedSynchronizer.java:1763)
        at java.base@21.0.7/java.util.concurrent.LinkedBlockingQueue.poll(LinkedBlockingQueue.java:460)
        at app//org.apache.hadoop.ipc.CallQueueManager.take(CallQueueManager.java:370)
        at app//org.apache.hadoop.ipc.Server$Handler.run(Server.java:3165)
"IPC Server handler 2 on default port 15043" daemon prio=5 tid=790 timed_waiting
java.lang.Thread.State: TIMED_WAITING
        at java.base@21.0.7/jdk.internal.misc.Unsafe.park(Native Method)
        at java.base@21.0.7/java.util.concurrent.locks.LockSupport.parkNanos(LockSupport.java:269)
        at java.base@21.0.7/java.util.concurrent.locks.AbstractQueuedSynchronizer$ConditionObject.awaitNanos(AbstractQueuedSynchronizer.java:1763)
        at java.base@21.0.7/java.util.concurrent.LinkedBlockingQueue.poll(LinkedBlockingQueue.java:460)
        at app//org.apache.hadoop.ipc.CallQueueManager.take(CallQueueManager.java:370)
        at app//org.apache.hadoop.ipc.Server$Handler.run(Server.java:3165)
"qtp1334632116-759" daemon prio=5 tid=759 timed_waiting
java.lang.Thread.State: TIMED_WAITING
        at java.base@21.0.7/jdk.internal.misc.Unsafe.park(Native Method)
        at java.base@21.0.7/java.util.concurrent.locks.LockSupport.parkNanos(LockSupport.java:269)
        at java.base@21.0.7/java.util.concurrent.locks.AbstractQueuedSynchronizer$ConditionObject.awaitNanos(AbstractQueuedSynchronizer.java:1763)
        at app//org.eclipse.jetty.util.BlockingArrayQueue.poll(BlockingArrayQueue.java:382)
        at app//org.eclipse.jetty.util.thread.QueuedThreadPool$Runner.idleJobPoll(QueuedThreadPool.java:974)
        at app//org.eclipse.jetty.util.thread.QueuedThreadPool$Runner.run(QueuedThreadPool.java:1018)
        at java.base@21.0.7/java.lang.Thread.runWith(Thread.java:1596)
        at java.base@21.0.7/java.lang.Thread.run(Thread.java:1583)
"IPC Server handler 8 on default port 15001" daemon prio=5 tid=234 timed_waiting
java.lang.Thread.State: TIMED_WAITING
        at java.base@21.0.7/jdk.internal.misc.Unsafe.park(Native Method)
        at java.base@21.0.7/java.util.concurrent.locks.LockSupport.parkNanos(LockSupport.java:269)
        at java.base@21.0.7/java.util.concurrent.locks.AbstractQueuedSynchronizer$ConditionObject.awaitNanos(AbstractQueuedSynchronizer.java:1763)
        at java.base@21.0.7/java.util.concurrent.LinkedBlockingQueue.poll(LinkedBlockingQueue.java:460)
        at app//org.apache.hadoop.ipc.CallQueueManager.take(CallQueueManager.java:370)
        at app//org.apache.hadoop.ipc.Server$Handler.run(Server.java:3165)
"0cf558f4-2ca5-4c9f-a057-d7d7b755ef43@group-6B1567AA62B1-StateMachineUpdater" daemon prio=5 tid=121 timed_waiting
java.lang.Thread.State: TIMED_WAITING
        at java.base@21.0.7/jdk.internal.misc.Unsafe.park(Native Method)
        at java.base@21.0.7/java.util.concurrent.locks.LockSupport.parkNanos(LockSupport.java:269)
        at java.base@21.0.7/java.util.concurrent.locks.AbstractQueuedSynchronizer$ConditionObject.await(AbstractQueuedSynchronizer.java:1852)
        at app//org.apache.ratis.util.AwaitForSignal.await(AwaitForSignal.java:65)
        at app//org.apache.ratis.server.impl.StateMachineUpdater.waitForCommit(StateMachineUpdater.java:219)
        at app//org.apache.ratis.server.impl.StateMachineUpdater.run(StateMachineUpdater.java:187)
        at java.base@21.0.7/java.lang.Thread.runWith(Thread.java:1596)
        at java.base@21.0.7/java.lang.Thread.run(Thread.java:1583)
"78b7fabf-ca2a-4b70-8534-e46926e2083c-PeriodicHDDSVolumeChecker" daemon prio=5 tid=845 timed_waiting
java.lang.Thread.State: TIMED_WAITING
        at java.base@21.0.7/jdk.internal.misc.Unsafe.park(Native Method)
        at java.base@21.0.7/java.util.concurrent.locks.LockSupport.parkNanos(LockSupport.java:269)
        at java.base@21.0.7/java.util.concurrent.locks.AbstractQueuedSynchronizer$ConditionObject.awaitNanos(AbstractQueuedSynchronizer.java:1763)
        at java.base@21.0.7/java.util.concurrent.ScheduledThreadPoolExecutor$DelayedWorkQueue.take(ScheduledThreadPoolExecutor.java:1182)
        at java.base@21.0.7/java.util.concurrent.ScheduledThreadPoolExecutor$DelayedWorkQueue.take(ScheduledThreadPoolExecutor.java:899)
        at java.base@21.0.7/java.util.concurrent.ThreadPoolExecutor.getTask(ThreadPoolExecutor.java:1070)
        at java.base@21.0.7/java.util.concurrent.ThreadPoolExecutor.runWorker(ThreadPoolExecutor.java:1130)
        at java.base@21.0.7/java.util.concurrent.ThreadPoolExecutor$Worker.run(ThreadPoolExecutor.java:642)
        at java.base@21.0.7/java.lang.Thread.runWith(Thread.java:1596)
        at java.base@21.0.7/java.lang.Thread.run(Thread.java:1583)
"IPC Server handler 35 on default port 15001" daemon prio=5 tid=261 timed_waiting
java.lang.Thread.State: TIMED_WAITING
        at java.base@21.0.7/jdk.internal.misc.Unsafe.park(Native Method)
        at java.base@21.0.7/java.util.concurrent.locks.LockSupport.parkNanos(LockSupport.java:269)
        at java.base@21.0.7/java.util.concurrent.locks.AbstractQueuedSynchronizer$ConditionObject.awaitNanos(AbstractQueuedSynchronizer.java:1763)
        at java.base@21.0.7/java.util.concurrent.LinkedBlockingQueue.poll(LinkedBlockingQueue.java:460)
        at app//org.apache.hadoop.ipc.CallQueueManager.take(CallQueueManager.java:370)
        at app//org.apache.hadoop.ipc.Server$Handler.run(Server.java:3165)
"IPC Server handler 95 on default port 15000" daemon prio=5 tid=221 timed_waiting
java.lang.Thread.State: TIMED_WAITING
        at java.base@21.0.7/jdk.internal.misc.Unsafe.park(Native Method)
        at java.base@21.0.7/java.util.concurrent.locks.LockSupport.parkNanos(LockSupport.java:269)
        at java.base@21.0.7/java.util.concurrent.locks.AbstractQueuedSynchronizer$ConditionObject.awaitNanos(AbstractQueuedSynchronizer.java:1763)
        at java.base@21.0.7/java.util.concurrent.LinkedBlockingQueue.poll(LinkedBlockingQueue.java:460)
        at app//org.apache.hadoop.ipc.CallQueueManager.take(CallQueueManager.java:370)
        at app//org.apache.hadoop.ipc.Server$Handler.run(Server.java:3165)
"IPC Server handler 14 on default port 15001" daemon prio=5 tid=240 timed_waiting
java.lang.Thread.State: TIMED_WAITING
        at java.base@21.0.7/jdk.internal.misc.Unsafe.park(Native Method)
        at java.base@21.0.7/java.util.concurrent.locks.LockSupport.parkNanos(LockSupport.java:269)
        at java.base@21.0.7/java.util.concurrent.locks.AbstractQueuedSynchronizer$ConditionObject.awaitNanos(AbstractQueuedSynchronizer.java:1763)
        at java.base@21.0.7/java.util.concurrent.LinkedBlockingQueue.poll(LinkedBlockingQueue.java:460)
        at app//org.apache.hadoop.ipc.CallQueueManager.take(CallQueueManager.java:370)
        at app//org.apache.hadoop.ipc.Server$Handler.run(Server.java:3165)
"IPC Server handler 77 on default port 15001" daemon prio=5 tid=303 timed_waiting
java.lang.Thread.State: TIMED_WAITING
        at java.base@21.0.7/jdk.internal.misc.Unsafe.park(Native Method)
        at java.base@21.0.7/java.util.concurrent.locks.LockSupport.parkNanos(LockSupport.java:269)
        at java.base@21.0.7/java.util.concurrent.locks.AbstractQueuedSynchronizer$ConditionObject.awaitNanos(AbstractQueuedSynchronizer.java:1763)
        at java.base@21.0.7/java.util.concurrent.LinkedBlockingQueue.poll(LinkedBlockingQueue.java:460)
        at app//org.apache.hadoop.ipc.CallQueueManager.take(CallQueueManager.java:370)
        at app//org.apache.hadoop.ipc.Server$Handler.run(Server.java:3165)
"Socket Reader #6 for port 15001"  prio=5 tid=86 runnable
java.lang.Thread.State: RUNNABLE
        at java.base@21.0.7/sun.nio.ch.EPoll.wait(Native Method)
        at java.base@21.0.7/sun.nio.ch.EPollSelectorImpl.doSelect(EPollSelectorImpl.java:121)
        at java.base@21.0.7/sun.nio.ch.SelectorImpl.lockAndDoSelect(SelectorImpl.java:130)
        at java.base@21.0.7/sun.nio.ch.SelectorImpl.select(SelectorImpl.java:147)
        at app//org.apache.hadoop.ipc.Server$Listener$Reader.doRunLoop(Server.java:1497)
        at app//org.apache.hadoop.ipc.Server$Listener$Reader.run(Server.java:1476)
"IPC Server idle connection scanner for port 15027" daemon prio=5 tid=650 timed_waiting
java.lang.Thread.State: TIMED_WAITING
        at java.base@21.0.7/java.lang.Object.wait0(Native Method)
        at java.base@21.0.7/java.lang.Object.wait(Object.java:366)
        at java.base@21.0.7/java.util.TimerThread.mainLoop(Timer.java:563)
        at java.base@21.0.7/java.util.TimerThread.run(Timer.java:516)
"om1-OMDoubleBufferFlushThread" daemon prio=5 tid=451 timed_waiting
java.lang.Thread.State: TIMED_WAITING
        at java.base@21.0.7/java.lang.Object.wait0(Native Method)
        at java.base@21.0.7/java.lang.Object.wait(Object.java:366)
        at app//org.apache.hadoop.ozone.om.ratis.OzoneManagerDoubleBuffer.canFlush(OzoneManagerDoubleBuffer.java:547)
        at app//org.apache.hadoop.ozone.om.ratis.OzoneManagerDoubleBuffer.flushTransactions(OzoneManagerDoubleBuffer.java:279)
        at app//org.apache.hadoop.ozone.om.ratis.OzoneManagerDoubleBuffer$$Lambda/0x00007fe904771f80.run(Unknown Source)
        at java.base@21.0.7/java.lang.Thread.runWith(Thread.java:1596)
        at java.base@21.0.7/java.lang.Thread.run(Thread.java:1583)
"qtp256443308-499" daemon prio=5 tid=499 timed_waiting
java.lang.Thread.State: TIMED_WAITING
        at java.base@21.0.7/jdk.internal.misc.Unsafe.park(Native Method)
        at java.base@21.0.7/java.util.concurrent.locks.LockSupport.parkNanos(LockSupport.java:269)
        at java.base@21.0.7/java.util.concurrent.locks.AbstractQueuedSynchronizer$ConditionObject.awaitNanos(AbstractQueuedSynchronizer.java:1763)
        at app//org.eclipse.jetty.util.BlockingArrayQueue.poll(BlockingArrayQueue.java:382)
        at app//org.eclipse.jetty.util.thread.QueuedThreadPool$Runner.idleJobPoll(QueuedThreadPool.java:974)
        at app//org.eclipse.jetty.util.thread.QueuedThreadPool$Runner.run(QueuedThreadPool.java:1018)
        at java.base@21.0.7/java.lang.Thread.runWith(Thread.java:1596)
        at java.base@21.0.7/java.lang.Thread.run(Thread.java:1583)
"IPC Server handler 67 on default port 15000" daemon prio=5 tid=193 timed_waiting
java.lang.Thread.State: TIMED_WAITING
        at java.base@21.0.7/jdk.internal.misc.Unsafe.park(Native Method)
        at java.base@21.0.7/java.util.concurrent.locks.LockSupport.parkNanos(LockSupport.java:269)
        at java.base@21.0.7/java.util.concurrent.locks.AbstractQueuedSynchronizer$ConditionObject.awaitNanos(AbstractQueuedSynchronizer.java:1763)
        at java.base@21.0.7/java.util.concurrent.LinkedBlockingQueue.poll(LinkedBlockingQueue.java:460)
        at app//org.apache.hadoop.ipc.CallQueueManager.take(CallQueueManager.java:370)
        at app//org.apache.hadoop.ipc.Server$Handler.run(Server.java:3165)
"IPC Server handler 49 on default port 15002" daemon prio=5 tid=393 timed_waiting
java.lang.Thread.State: TIMED_WAITING
        at java.base@21.0.7/jdk.internal.misc.Unsafe.park(Native Method)
        at java.base@21.0.7/java.util.concurrent.locks.LockSupport.parkNanos(LockSupport.java:269)
        at java.base@21.0.7/java.util.concurrent.locks.AbstractQueuedSynchronizer$ConditionObject.awaitNanos(AbstractQueuedSynchronizer.java:1763)
        at java.base@21.0.7/java.util.concurrent.LinkedBlockingQueue.poll(LinkedBlockingQueue.java:460)
        at app//org.apache.hadoop.ipc.CallQueueManager.take(CallQueueManager.java:370)
        at app//org.apache.hadoop.ipc.Server$Handler.run(Server.java:3165)
"JvmPauseMonitor2" daemon prio=5 tid=473 timed_waiting
java.lang.Thread.State: TIMED_WAITING
        at java.base@21.0.7/java.lang.Thread.sleep0(Native Method)
        at java.base@21.0.7/java.lang.Thread.sleep(Thread.java:558)
        at java.base@21.0.7/java.util.concurrent.TimeUnit.sleep(TimeUnit.java:446)
        at app//org.apache.ratis.util.TimeDuration.sleep(TimeDuration.java:353)
        at app//org.apache.ratis.util.TimeDuration.sleep(TimeDuration.java:338)
        at app//org.apache.ratis.util.JvmPauseMonitor.detectPause(JvmPauseMonitor.java:160)
        at app//org.apache.ratis.util.JvmPauseMonitor.run(JvmPauseMonitor.java:149)
        at app//org.apache.ratis.util.JvmPauseMonitor$$Lambda/0x00007fe90439a488.run(Unknown Source)
        at java.base@21.0.7/java.lang.Thread.runWith(Thread.java:1596)
        at java.base@21.0.7/java.lang.Thread.run(Thread.java:1583)
"IPC Server handler 48 on default port 15000" daemon prio=5 tid=174 timed_waiting
java.lang.Thread.State: TIMED_WAITING
        at java.base@21.0.7/jdk.internal.misc.Unsafe.park(Native Method)
        at java.base@21.0.7/java.util.concurrent.locks.LockSupport.parkNanos(LockSupport.java:269)
        at java.base@21.0.7/java.util.concurrent.locks.AbstractQueuedSynchronizer$ConditionObject.awaitNanos(AbstractQueuedSynchronizer.java:1763)
        at java.base@21.0.7/java.util.concurrent.LinkedBlockingQueue.poll(LinkedBlockingQueue.java:460)
        at app//org.apache.hadoop.ipc.CallQueueManager.take(CallQueueManager.java:370)
        at app//org.apache.hadoop.ipc.Server$Handler.run(Server.java:3165)
"78b7fabf-ca2a-4b70-8534-e46926e2083c@group-24323FEED52C-SegmentedRaftLogWorker"  prio=5 tid=968 timed_waiting
java.lang.Thread.State: TIMED_WAITING
        at java.base@21.0.7/jdk.internal.misc.Unsafe.park(Native Method)
        at java.base@21.0.7/java.util.concurrent.locks.LockSupport.parkNanos(LockSupport.java:269)
        at java.base@21.0.7/java.util.concurrent.locks.AbstractQueuedSynchronizer$ConditionObject.awaitNanos(AbstractQueuedSynchronizer.java:1763)
        at app//org.apache.ratis.util.DataBlockingQueue.poll(DataBlockingQueue.java:148)
        at app//org.apache.ratis.server.raftlog.segmented.SegmentedRaftLogWorker.run(SegmentedRaftLogWorker.java:307)
        at app//org.apache.ratis.server.raftlog.segmented.SegmentedRaftLogWorker$$Lambda/0x00007fe904381950.run(Unknown Source)
        at java.base@21.0.7/java.util.concurrent.Executors$RunnableAdapter.call(Executors.java:572)
        at java.base@21.0.7/java.util.concurrent.FutureTask.run(FutureTask.java:317)
        at java.base@21.0.7/java.util.concurrent.ThreadPoolExecutor.runWorker(ThreadPoolExecutor.java:1144)
        at java.base@21.0.7/java.util.concurrent.ThreadPoolExecutor$Worker.run(ThreadPoolExecutor.java:642)
        at java.base@21.0.7/java.lang.Thread.runWith(Thread.java:1596)
        at java.base@21.0.7/java.lang.Thread.run(Thread.java:1583)
"org.apache.hadoop.ozone.container.common.statemachine.commandhandler.DeleteBlocksCommandHandler$DeleteCmdWorker@5eaa3349" daemon prio=5 tid=754 timed_waiting
java.lang.Thread.State: TIMED_WAITING
        at java.base@21.0.7/java.lang.Thread.sleep0(Native Method)
        at java.base@21.0.7/java.lang.Thread.sleep(Thread.java:509)
        at app//org.apache.hadoop.ozone.container.common.statemachine.commandhandler.DeleteBlocksCommandHandler$DeleteCmdWorker.run(DeleteBlocksCommandHandler.java:260)
        at java.base@21.0.7/java.lang.Thread.runWith(Thread.java:1596)
        at java.base@21.0.7/java.lang.Thread.run(Thread.java:1583)
"IPC Server handler 83 on default port 15001" daemon prio=5 tid=309 timed_waiting
java.lang.Thread.State: TIMED_WAITING
        at java.base@21.0.7/jdk.internal.misc.Unsafe.park(Native Method)
        at java.base@21.0.7/java.util.concurrent.locks.LockSupport.parkNanos(LockSupport.java:269)
        at java.base@21.0.7/java.util.concurrent.locks.AbstractQueuedSynchronizer$ConditionObject.awaitNanos(AbstractQueuedSynchronizer.java:1763)
        at java.base@21.0.7/java.util.concurrent.LinkedBlockingQueue.poll(LinkedBlockingQueue.java:460)
        at app//org.apache.hadoop.ipc.CallQueueManager.take(CallQueueManager.java:370)
        at app//org.apache.hadoop.ipc.Server$Handler.run(Server.java:3165)
"IPC Server handler 27 on default port 15000" daemon prio=5 tid=153 timed_waiting
java.lang.Thread.State: TIMED_WAITING
        at java.base@21.0.7/jdk.internal.misc.Unsafe.park(Native Method)
        at java.base@21.0.7/java.util.concurrent.locks.LockSupport.parkNanos(LockSupport.java:269)
        at java.base@21.0.7/java.util.concurrent.locks.AbstractQueuedSynchronizer$ConditionObject.awaitNanos(AbstractQueuedSynchronizer.java:1763)
        at java.base@21.0.7/java.util.concurrent.LinkedBlockingQueue.poll(LinkedBlockingQueue.java:460)
        at app//org.apache.hadoop.ipc.CallQueueManager.take(CallQueueManager.java:370)
        at app//org.apache.hadoop.ipc.Server$Handler.run(Server.java:3165)
"Socket Reader #1 for port 15035"  prio=5 tid=720 runnable
java.lang.Thread.State: RUNNABLE
        at java.base@21.0.7/sun.nio.ch.EPoll.wait(Native Method)
        at java.base@21.0.7/sun.nio.ch.EPollSelectorImpl.doSelect(EPollSelectorImpl.java:121)
        at java.base@21.0.7/sun.nio.ch.SelectorImpl.lockAndDoSelect(SelectorImpl.java:130)
        at java.base@21.0.7/sun.nio.ch.SelectorImpl.select(SelectorImpl.java:147)
        at app//org.apache.hadoop.ipc.Server$Listener$Reader.doRunLoop(Server.java:1497)
        at app//org.apache.hadoop.ipc.Server$Listener$Reader.run(Server.java:1476)
"IPC Server handler 63 on default port 15002" daemon prio=5 tid=407 timed_waiting
java.lang.Thread.State: TIMED_WAITING
        at java.base@21.0.7/jdk.internal.misc.Unsafe.park(Native Method)
        at java.base@21.0.7/java.util.concurrent.locks.LockSupport.parkNanos(LockSupport.java:269)
        at java.base@21.0.7/java.util.concurrent.locks.AbstractQueuedSynchronizer$ConditionObject.awaitNanos(AbstractQueuedSynchronizer.java:1763)
        at java.base@21.0.7/java.util.concurrent.LinkedBlockingQueue.poll(LinkedBlockingQueue.java:460)
        at app//org.apache.hadoop.ipc.CallQueueManager.take(CallQueueManager.java:370)
        at app//org.apache.hadoop.ipc.Server$Handler.run(Server.java:3165)
"Session-HouseKeeper-9addea4-1"  prio=5 tid=632 timed_waiting
java.lang.Thread.State: TIMED_WAITING
        at java.base@21.0.7/jdk.internal.misc.Unsafe.park(Native Method)
        at java.base@21.0.7/java.util.concurrent.locks.LockSupport.parkNanos(LockSupport.java:269)
        at java.base@21.0.7/java.util.concurrent.locks.AbstractQueuedSynchronizer$ConditionObject.awaitNanos(AbstractQueuedSynchronizer.java:1763)
        at java.base@21.0.7/java.util.concurrent.ScheduledThreadPoolExecutor$DelayedWorkQueue.take(ScheduledThreadPoolExecutor.java:1182)
        at java.base@21.0.7/java.util.concurrent.ScheduledThreadPoolExecutor$DelayedWorkQueue.take(ScheduledThreadPoolExecutor.java:899)
        at java.base@21.0.7/java.util.concurrent.ThreadPoolExecutor.getTask(ThreadPoolExecutor.java:1070)
        at java.base@21.0.7/java.util.concurrent.ThreadPoolExecutor.runWorker(ThreadPoolExecutor.java:1130)
        at java.base@21.0.7/java.util.concurrent.ThreadPoolExecutor$Worker.run(ThreadPoolExecutor.java:642)
        at java.base@21.0.7/java.lang.Thread.runWith(Thread.java:1596)
        at java.base@21.0.7/java.lang.Thread.run(Thread.java:1583)
"IPC Server handler 44 on default port 15000" daemon prio=5 tid=170 timed_waiting
java.lang.Thread.State: TIMED_WAITING
        at java.base@21.0.7/jdk.internal.misc.Unsafe.park(Native Method)
        at java.base@21.0.7/java.util.concurrent.locks.LockSupport.parkNanos(LockSupport.java:269)
        at java.base@21.0.7/java.util.concurrent.locks.AbstractQueuedSynchronizer$ConditionObject.awaitNanos(AbstractQueuedSynchronizer.java:1763)
        at java.base@21.0.7/java.util.concurrent.LinkedBlockingQueue.poll(LinkedBlockingQueue.java:460)
        at app//org.apache.hadoop.ipc.CallQueueManager.take(CallQueueManager.java:370)
        at app//org.apache.hadoop.ipc.Server$Handler.run(Server.java:3165)
"dacc202e-cd42-4a7a-b335-fe62dff69130-ChunkWriter-1-0" daemon prio=5 tid=813 in Object.wait()
java.lang.Thread.State: WAITING (on object monitor)
        at java.base@21.0.7/jdk.internal.misc.Unsafe.park(Native Method)
        at java.base@21.0.7/java.util.concurrent.locks.LockSupport.park(LockSupport.java:371)
        at java.base@21.0.7/java.util.concurrent.locks.AbstractQueuedSynchronizer$ConditionNode.block(AbstractQueuedSynchronizer.java:519)
        at java.base@21.0.7/java.util.concurrent.ForkJoinPool.unmanagedBlock(ForkJoinPool.java:3780)
        at java.base@21.0.7/java.util.concurrent.ForkJoinPool.managedBlock(ForkJoinPool.java:3725)
        at java.base@21.0.7/java.util.concurrent.locks.AbstractQueuedSynchronizer$ConditionObject.await(AbstractQueuedSynchronizer.java:1712)
        at java.base@21.0.7/java.util.concurrent.LinkedBlockingDeque.takeFirst(LinkedBlockingDeque.java:485)
        at java.base@21.0.7/java.util.concurrent.LinkedBlockingDeque.take(LinkedBlockingDeque.java:673)
        at java.base@21.0.7/java.util.concurrent.ThreadPoolExecutor.getTask(ThreadPoolExecutor.java:1070)
        at java.base@21.0.7/java.util.concurrent.ThreadPoolExecutor.runWorker(ThreadPoolExecutor.java:1130)
        at java.base@21.0.7/java.util.concurrent.ThreadPoolExecutor$Worker.run(ThreadPoolExecutor.java:642)
        at java.base@21.0.7/java.lang.Thread.runWith(Thread.java:1596)
        at java.base@21.0.7/java.lang.Thread.run(Thread.java:1583)
"2b1bfca1-1fdc-4b0a-9b4d-c21112718afa-DatanodeStateMachineDaemonThread" daemon prio=10 tid=743 timed_waiting
java.lang.Thread.State: TIMED_WAITING
        at java.base@21.0.7/java.lang.Thread.sleep0(Native Method)
        at java.base@21.0.7/java.lang.Thread.sleep(Thread.java:509)
        at app//org.apache.hadoop.ozone.container.common.statemachine.DatanodeStateMachine.startStateMachineThread(DatanodeStateMachine.java:361)
        at app//org.apache.hadoop.ozone.container.common.statemachine.DatanodeStateMachine.lambda$startDaemon$1(DatanodeStateMachine.java:547)
        at app//org.apache.hadoop.ozone.container.common.statemachine.DatanodeStateMachine$$Lambda/0x00007fe904822e48.run(Unknown Source)
        at java.base@21.0.7/java.lang.Thread.runWith(Thread.java:1596)
        at java.base@21.0.7/java.lang.Thread.run(Thread.java:1583)
"FixedThreadPoolWithAffinityExecutor-4-0" daemon prio=5 tid=112 timed_waiting
java.lang.Thread.State: TIMED_WAITING
        at java.base@21.0.7/jdk.internal.misc.Unsafe.park(Native Method)
        at java.base@21.0.7/java.util.concurrent.locks.LockSupport.parkNanos(LockSupport.java:269)
        at java.base@21.0.7/java.util.concurrent.locks.AbstractQueuedSynchronizer$ConditionObject.awaitNanos(AbstractQueuedSynchronizer.java:1763)
        at java.base@21.0.7/java.util.concurrent.LinkedBlockingQueue.poll(LinkedBlockingQueue.java:460)
        at app//org.apache.hadoop.hdds.scm.server.ContainerReportQueue.poll(ContainerReportQueue.java:269)
        at app//org.apache.hadoop.hdds.scm.server.ContainerReportQueue.poll(ContainerReportQueue.java:42)
        at app//org.apache.hadoop.hdds.server.events.FixedThreadPoolWithAffinityExecutor$ContainerReportProcessTask.run(FixedThreadPoolWithAffinityExecutor.java:228)
        at java.base@21.0.7/java.util.concurrent.Executors$RunnableAdapter.call(Executors.java:572)
        at java.base@21.0.7/java.util.concurrent.FutureTask.run(FutureTask.java:317)
        at java.base@21.0.7/java.util.concurrent.ThreadPoolExecutor.runWorker(ThreadPoolExecutor.java:1144)
        at java.base@21.0.7/java.util.concurrent.ThreadPoolExecutor$Worker.run(ThreadPoolExecutor.java:642)
        at java.base@21.0.7/java.lang.Thread.runWith(Thread.java:1596)
        at java.base@21.0.7/java.lang.Thread.run(Thread.java:1583)
"2b1bfca1-1fdc-4b0a-9b4d-c21112718afa@group-0D69DBD4F9B0-cacheEviction-AwaitToRun" daemon prio=5 tid=959 in Object.wait()
java.lang.Thread.State: WAITING (on object monitor)
        at java.base@21.0.7/jdk.internal.misc.Unsafe.park(Native Method)
        at java.base@21.0.7/java.util.concurrent.locks.LockSupport.park(LockSupport.java:371)
        at java.base@21.0.7/java.util.concurrent.locks.AbstractQueuedSynchronizer$ConditionNode.block(AbstractQueuedSynchronizer.java:519)
        at java.base@21.0.7/java.util.concurrent.ForkJoinPool.unmanagedBlock(ForkJoinPool.java:3780)
        at java.base@21.0.7/java.util.concurrent.ForkJoinPool.managedBlock(ForkJoinPool.java:3725)
        at java.base@21.0.7/java.util.concurrent.locks.AbstractQueuedSynchronizer$ConditionObject.await(AbstractQueuedSynchronizer.java:1712)
        at app//org.apache.ratis.util.AwaitForSignal.await(AwaitForSignal.java:48)
        at app//org.apache.ratis.util.AwaitToRun$RunnableImpl.run(AwaitToRun.java:47)
        at java.base@21.0.7/java.lang.Thread.runWith(Thread.java:1596)
        at java.base@21.0.7/java.lang.Thread.run(Thread.java:1583)
"IPC Server handler 2 on default port 15035" daemon prio=5 tid=735 timed_waiting
java.lang.Thread.State: TIMED_WAITING
        at java.base@21.0.7/jdk.internal.misc.Unsafe.park(Native Method)
        at java.base@21.0.7/java.util.concurrent.locks.LockSupport.parkNanos(LockSupport.java:269)
        at java.base@21.0.7/java.util.concurrent.locks.AbstractQueuedSynchronizer$ConditionObject.awaitNanos(AbstractQueuedSynchronizer.java:1763)
        at java.base@21.0.7/java.util.concurrent.LinkedBlockingQueue.poll(LinkedBlockingQueue.java:460)
        at app//org.apache.hadoop.ipc.CallQueueManager.take(CallQueueManager.java:370)
        at app//org.apache.hadoop.ipc.Server$Handler.run(Server.java:3165)
"78b7fabf-ca2a-4b70-8534-e46926e2083c-DataNodeDiskCheckerThread-0" daemon prio=5 tid=846 timed_waiting
java.lang.Thread.State: TIMED_WAITING
        at java.base@21.0.7/jdk.internal.misc.Unsafe.park(Native Method)
        at java.base@21.0.7/java.util.concurrent.locks.LockSupport.parkNanos(LockSupport.java:410)
        at java.base@21.0.7/java.util.concurrent.LinkedTransferQueue$DualNode.await(LinkedTransferQueue.java:452)
        at java.base@21.0.7/java.util.concurrent.SynchronousQueue$Transferer.xferLifo(SynchronousQueue.java:194)
        at java.base@21.0.7/java.util.concurrent.SynchronousQueue.xfer(SynchronousQueue.java:235)
        at java.base@21.0.7/java.util.concurrent.SynchronousQueue.poll(SynchronousQueue.java:338)
        at java.base@21.0.7/java.util.concurrent.ThreadPoolExecutor.getTask(ThreadPoolExecutor.java:1069)
        at java.base@21.0.7/java.util.concurrent.ThreadPoolExecutor.runWorker(ThreadPoolExecutor.java:1130)
        at java.base@21.0.7/java.util.concurrent.ThreadPoolExecutor$Worker.run(ThreadPoolExecutor.java:642)
        at java.base@21.0.7/java.lang.Thread.runWith(Thread.java:1596)
        at java.base@21.0.7/java.lang.Thread.run(Thread.java:1583)
"IPC Server Responder" daemon prio=5 tid=599 runnable
java.lang.Thread.State: RUNNABLE
        at java.base@21.0.7/sun.nio.ch.EPoll.wait(Native Method)
        at java.base@21.0.7/sun.nio.ch.EPollSelectorImpl.doSelect(EPollSelectorImpl.java:121)
        at java.base@21.0.7/sun.nio.ch.SelectorImpl.lockAndDoSelect(SelectorImpl.java:130)
        at java.base@21.0.7/sun.nio.ch.SelectorImpl.select(SelectorImpl.java:142)
        at app//org.apache.hadoop.ipc.Server$Responder.doRunLoop(Server.java:1733)
        at app//org.apache.hadoop.ipc.Server$Responder.run(Server.java:1716)
"IPC Server handler 84 on default port 15002" daemon prio=5 tid=428 timed_waiting
java.lang.Thread.State: TIMED_WAITING
        at java.base@21.0.7/jdk.internal.misc.Unsafe.park(Native Method)
        at java.base@21.0.7/java.util.concurrent.locks.LockSupport.parkNanos(LockSupport.java:269)
        at java.base@21.0.7/java.util.concurrent.locks.AbstractQueuedSynchronizer$ConditionObject.awaitNanos(AbstractQueuedSynchronizer.java:1763)
        at java.base@21.0.7/java.util.concurrent.LinkedBlockingQueue.poll(LinkedBlockingQueue.java:460)
        at app//org.apache.hadoop.ipc.CallQueueManager.take(CallQueueManager.java:370)
        at app//org.apache.hadoop.ipc.Server$Handler.run(Server.java:3165)
"pool-119-thread-1" daemon prio=5 tid=809 timed_waiting
java.lang.Thread.State: TIMED_WAITING
        at java.base@21.0.7/jdk.internal.misc.Unsafe.park(Native Method)
        at java.base@21.0.7/java.util.concurrent.locks.LockSupport.parkNanos(LockSupport.java:269)
        at java.base@21.0.7/java.util.concurrent.locks.AbstractQueuedSynchronizer$ConditionObject.awaitNanos(AbstractQueuedSynchronizer.java:1763)
        at java.base@21.0.7/java.util.concurrent.ScheduledThreadPoolExecutor$DelayedWorkQueue.take(ScheduledThreadPoolExecutor.java:1182)
        at java.base@21.0.7/java.util.concurrent.ScheduledThreadPoolExecutor$DelayedWorkQueue.take(ScheduledThreadPoolExecutor.java:899)
        at java.base@21.0.7/java.util.concurrent.ThreadPoolExecutor.getTask(ThreadPoolExecutor.java:1070)
        at java.base@21.0.7/java.util.concurrent.ThreadPoolExecutor.runWorker(ThreadPoolExecutor.java:1130)
        at java.base@21.0.7/java.util.concurrent.ThreadPoolExecutor$Worker.run(ThreadPoolExecutor.java:642)
        at java.base@21.0.7/java.lang.Thread.runWith(Thread.java:1596)
        at java.base@21.0.7/java.lang.Thread.run(Thread.java:1583)
"78b7fabf-ca2a-4b70-8534-e46926e2083c-DatanodeStateMachineTaskThread-1"  prio=5 tid=842 in Object.wait()
java.lang.Thread.State: WAITING (on object monitor)
        at java.base@21.0.7/jdk.internal.misc.Unsafe.park(Native Method)
        at java.base@21.0.7/java.util.concurrent.locks.LockSupport.park(LockSupport.java:371)
        at java.base@21.0.7/java.util.concurrent.locks.AbstractQueuedSynchronizer$ConditionNode.block(AbstractQueuedSynchronizer.java:519)
        at java.base@21.0.7/java.util.concurrent.ForkJoinPool.unmanagedBlock(ForkJoinPool.java:3780)
        at java.base@21.0.7/java.util.concurrent.ForkJoinPool.managedBlock(ForkJoinPool.java:3725)
        at java.base@21.0.7/java.util.concurrent.locks.AbstractQueuedSynchronizer$ConditionObject.await(AbstractQueuedSynchronizer.java:1712)
        at java.base@21.0.7/java.util.concurrent.LinkedBlockingQueue.take(LinkedBlockingQueue.java:435)
        at java.base@21.0.7/java.util.concurrent.ThreadPoolExecutor.getTask(ThreadPoolExecutor.java:1070)
        at java.base@21.0.7/java.util.concurrent.ThreadPoolExecutor.runWorker(ThreadPoolExecutor.java:1130)
        at java.base@21.0.7/java.util.concurrent.ThreadPoolExecutor$Worker.run(ThreadPoolExecutor.java:642)
        at java.base@21.0.7/java.lang.Thread.runWith(Thread.java:1596)
        at java.base@21.0.7/java.lang.Thread.run(Thread.java:1583)
"SnapshotCacheCleanupService" daemon prio=5 tid=448 timed_waiting
java.lang.Thread.State: TIMED_WAITING
        at java.base@21.0.7/jdk.internal.misc.Unsafe.park(Native Method)
        at java.base@21.0.7/java.util.concurrent.locks.LockSupport.parkNanos(LockSupport.java:269)
        at java.base@21.0.7/java.util.concurrent.locks.AbstractQueuedSynchronizer$ConditionObject.awaitNanos(AbstractQueuedSynchronizer.java:1763)
        at java.base@21.0.7/java.util.concurrent.ScheduledThreadPoolExecutor$DelayedWorkQueue.take(ScheduledThreadPoolExecutor.java:1182)
        at java.base@21.0.7/java.util.concurrent.ScheduledThreadPoolExecutor$DelayedWorkQueue.take(ScheduledThreadPoolExecutor.java:899)
        at java.base@21.0.7/java.util.concurrent.ThreadPoolExecutor.getTask(ThreadPoolExecutor.java:1070)
        at java.base@21.0.7/java.util.concurrent.ThreadPoolExecutor.runWorker(ThreadPoolExecutor.java:1130)
        at java.base@21.0.7/java.util.concurrent.ThreadPoolExecutor$Worker.run(ThreadPoolExecutor.java:642)
        at java.base@21.0.7/java.lang.Thread.runWith(Thread.java:1596)
        at java.base@21.0.7/java.lang.Thread.run(Thread.java:1583)
"IPC Server handler 7 on default port 15027" daemon prio=5 tid=660 timed_waiting
java.lang.Thread.State: TIMED_WAITING
        at java.base@21.0.7/jdk.internal.misc.Unsafe.park(Native Method)
        at java.base@21.0.7/java.util.concurrent.locks.LockSupport.parkNanos(LockSupport.java:269)
        at java.base@21.0.7/java.util.concurrent.locks.AbstractQueuedSynchronizer$ConditionObject.awaitNanos(AbstractQueuedSynchronizer.java:1763)
        at java.base@21.0.7/java.util.concurrent.LinkedBlockingQueue.poll(LinkedBlockingQueue.java:460)
        at app//org.apache.hadoop.ipc.CallQueueManager.take(CallQueueManager.java:370)
        at app//org.apache.hadoop.ipc.Server$Handler.run(Server.java:3165)
"org.apache.hadoop.ozone.container.common.statemachine.commandhandler.DeleteBlocksCommandHandler$DeleteCmdWorker@6169de0c" daemon prio=5 tid=576 timed_waiting
java.lang.Thread.State: TIMED_WAITING
        at java.base@21.0.7/java.lang.Thread.sleep0(Native Method)
        at java.base@21.0.7/java.lang.Thread.sleep(Thread.java:509)
        at app//org.apache.hadoop.ozone.container.common.statemachine.commandhandler.DeleteBlocksCommandHandler$DeleteCmdWorker.run(DeleteBlocksCommandHandler.java:260)
        at java.base@21.0.7/java.lang.Thread.runWith(Thread.java:1596)
        at java.base@21.0.7/java.lang.Thread.run(Thread.java:1583)
"IPC Server idle connection scanner for port 15043" daemon prio=5 tid=785 timed_waiting
java.lang.Thread.State: TIMED_WAITING
        at java.base@21.0.7/java.lang.Object.wait0(Native Method)
        at java.base@21.0.7/java.lang.Object.wait(Object.java:366)
        at java.base@21.0.7/java.util.TimerThread.mainLoop(Timer.java:563)
        at java.base@21.0.7/java.util.TimerThread.run(Timer.java:516)
"IPC Server handler 11 on default port 15001" daemon prio=5 tid=237 timed_waiting
java.lang.Thread.State: TIMED_WAITING
        at java.base@21.0.7/jdk.internal.misc.Unsafe.park(Native Method)
        at java.base@21.0.7/java.util.concurrent.locks.LockSupport.parkNanos(LockSupport.java:269)
        at java.base@21.0.7/java.util.concurrent.locks.AbstractQueuedSynchronizer$ConditionObject.awaitNanos(AbstractQueuedSynchronizer.java:1763)
        at java.base@21.0.7/java.util.concurrent.LinkedBlockingQueue.poll(LinkedBlockingQueue.java:460)
        at app//org.apache.hadoop.ipc.CallQueueManager.take(CallQueueManager.java:370)
        at app//org.apache.hadoop.ipc.Server$Handler.run(Server.java:3165)
"qtp256443308-498-acceptor-0@79d1372e-ServerConnector@6e886e25{HTTP/1.1, (http/1.1)}{0.0.0.0:15007}" daemon prio=3 tid=498 runnable
java.lang.Thread.State: RUNNABLE
        at java.base@21.0.7/sun.nio.ch.Net.accept(Native Method)
        at java.base@21.0.7/sun.nio.ch.ServerSocketChannelImpl.implAccept(ServerSocketChannelImpl.java:433)
        at java.base@21.0.7/sun.nio.ch.ServerSocketChannelImpl.accept(ServerSocketChannelImpl.java:399)
        at app//org.eclipse.jetty.server.ServerConnector.accept(ServerConnector.java:388)
        at app//org.eclipse.jetty.server.AbstractConnector$Acceptor.run(AbstractConnector.java:704)
        at app//org.eclipse.jetty.util.thread.QueuedThreadPool.runJob(QueuedThreadPool.java:883)
        at app//org.eclipse.jetty.util.thread.QueuedThreadPool$Runner.run(QueuedThreadPool.java:1034)
        at java.base@21.0.7/java.lang.Thread.runWith(Thread.java:1596)
        at java.base@21.0.7/java.lang.Thread.run(Thread.java:1583)
"IPC Server handler 98 on default port 15002" daemon prio=5 tid=442 timed_waiting
java.lang.Thread.State: TIMED_WAITING
        at java.base@21.0.7/jdk.internal.misc.Unsafe.park(Native Method)
        at java.base@21.0.7/java.util.concurrent.locks.LockSupport.parkNanos(LockSupport.java:269)
        at java.base@21.0.7/java.util.concurrent.locks.AbstractQueuedSynchronizer$ConditionObject.awaitNanos(AbstractQueuedSynchronizer.java:1763)
        at java.base@21.0.7/java.util.concurrent.LinkedBlockingQueue.poll(LinkedBlockingQueue.java:460)
        at app//org.apache.hadoop.ipc.CallQueueManager.take(CallQueueManager.java:370)
        at app//org.apache.hadoop.ipc.Server$Handler.run(Server.java:3165)
"2b1bfca1-1fdc-4b0a-9b4d-c21112718afa-EndpointStateMachineTaskThread-/0.0.0.0:15002-0 "  prio=5 tid=823 in Object.wait()
java.lang.Thread.State: WAITING (on object monitor)
        at java.base@21.0.7/jdk.internal.misc.Unsafe.park(Native Method)
        at java.base@21.0.7/java.util.concurrent.locks.LockSupport.park(LockSupport.java:371)
        at java.base@21.0.7/java.util.concurrent.locks.AbstractQueuedSynchronizer$ConditionNode.block(AbstractQueuedSynchronizer.java:519)
        at java.base@21.0.7/java.util.concurrent.ForkJoinPool.unmanagedBlock(ForkJoinPool.java:3780)
        at java.base@21.0.7/java.util.concurrent.ForkJoinPool.managedBlock(ForkJoinPool.java:3725)
        at java.base@21.0.7/java.util.concurrent.locks.AbstractQueuedSynchronizer$ConditionObject.await(AbstractQueuedSynchronizer.java:1712)
        at java.base@21.0.7/java.util.concurrent.LinkedBlockingQueue.take(LinkedBlockingQueue.java:435)
        at java.base@21.0.7/java.util.concurrent.ThreadPoolExecutor.getTask(ThreadPoolExecutor.java:1070)
        at java.base@21.0.7/java.util.concurrent.ThreadPoolExecutor.runWorker(ThreadPoolExecutor.java:1130)
        at java.base@21.0.7/java.util.concurrent.ThreadPoolExecutor$Worker.run(ThreadPoolExecutor.java:642)
        at java.base@21.0.7/java.lang.Thread.runWith(Thread.java:1596)
        at java.base@21.0.7/java.lang.Thread.run(Thread.java:1583)
"FixedThreadPoolWithAffinityExecutor-3-0" daemon prio=5 tid=111 timed_waiting
java.lang.Thread.State: TIMED_WAITING
        at java.base@21.0.7/jdk.internal.misc.Unsafe.park(Native Method)
        at java.base@21.0.7/java.util.concurrent.locks.LockSupport.parkNanos(LockSupport.java:269)
        at java.base@21.0.7/java.util.concurrent.locks.AbstractQueuedSynchronizer$ConditionObject.awaitNanos(AbstractQueuedSynchronizer.java:1763)
        at java.base@21.0.7/java.util.concurrent.LinkedBlockingQueue.poll(LinkedBlockingQueue.java:460)
        at app//org.apache.hadoop.hdds.scm.server.ContainerReportQueue.poll(ContainerReportQueue.java:269)
        at app//org.apache.hadoop.hdds.scm.server.ContainerReportQueue.poll(ContainerReportQueue.java:42)
        at app//org.apache.hadoop.hdds.server.events.FixedThreadPoolWithAffinityExecutor$ContainerReportProcessTask.run(FixedThreadPoolWithAffinityExecutor.java:228)
        at java.base@21.0.7/java.util.concurrent.Executors$RunnableAdapter.call(Executors.java:572)
        at java.base@21.0.7/java.util.concurrent.FutureTask.run(FutureTask.java:317)
        at java.base@21.0.7/java.util.concurrent.ThreadPoolExecutor.runWorker(ThreadPoolExecutor.java:1144)
        at java.base@21.0.7/java.util.concurrent.ThreadPoolExecutor$Worker.run(ThreadPoolExecutor.java:642)
        at java.base@21.0.7/java.lang.Thread.runWith(Thread.java:1596)
        at java.base@21.0.7/java.lang.Thread.run(Thread.java:1583)
"IPC Server handler 94 on default port 15002" daemon prio=5 tid=438 timed_waiting
java.lang.Thread.State: TIMED_WAITING
        at java.base@21.0.7/jdk.internal.misc.Unsafe.park(Native Method)
        at java.base@21.0.7/java.util.concurrent.locks.LockSupport.parkNanos(LockSupport.java:269)
        at java.base@21.0.7/java.util.concurrent.locks.AbstractQueuedSynchronizer$ConditionObject.awaitNanos(AbstractQueuedSynchronizer.java:1763)
        at java.base@21.0.7/java.util.concurrent.LinkedBlockingQueue.poll(LinkedBlockingQueue.java:460)
        at app//org.apache.hadoop.ipc.CallQueueManager.take(CallQueueManager.java:370)
        at app//org.apache.hadoop.ipc.Server$Handler.run(Server.java:3165)
"qtp256443308-496" daemon prio=5 tid=496 runnable
java.lang.Thread.State: RUNNABLE
        at java.base@21.0.7/sun.nio.ch.EPoll.wait(Native Method)
        at java.base@21.0.7/sun.nio.ch.EPollSelectorImpl.doSelect(EPollSelectorImpl.java:121)
        at java.base@21.0.7/sun.nio.ch.SelectorImpl.lockAndDoSelect(SelectorImpl.java:130)
        at java.base@21.0.7/sun.nio.ch.SelectorImpl.select(SelectorImpl.java:147)
        at app//org.eclipse.jetty.io.ManagedSelector.nioSelect(ManagedSelector.java:183)
        at app//org.eclipse.jetty.io.ManagedSelector.select(ManagedSelector.java:190)
        at app//org.eclipse.jetty.io.ManagedSelector$SelectorProducer.select(ManagedSelector.java:606)
        at app//org.eclipse.jetty.io.ManagedSelector$SelectorProducer.produce(ManagedSelector.java:543)
        at app//org.eclipse.jetty.util.thread.strategy.EatWhatYouKill.produceTask(EatWhatYouKill.java:362)
        at app//org.eclipse.jetty.util.thread.strategy.EatWhatYouKill.doProduce(EatWhatYouKill.java:186)
        at app//org.eclipse.jetty.util.thread.strategy.EatWhatYouKill.tryProduce(EatWhatYouKill.java:173)
        at app//org.eclipse.jetty.util.thread.strategy.EatWhatYouKill.produce(EatWhatYouKill.java:137)
        at app//org.eclipse.jetty.io.ManagedSelector$$Lambda/0x00007fe9046a5948.run(Unknown Source)
        at app//org.eclipse.jetty.util.thread.QueuedThreadPool.runJob(QueuedThreadPool.java:883)
        at app//org.eclipse.jetty.util.thread.QueuedThreadPool$Runner.run(QueuedThreadPool.java:1034)
        at java.base@21.0.7/java.lang.Thread.runWith(Thread.java:1596)
        at java.base@21.0.7/java.lang.Thread.run(Thread.java:1583)
"IPC Server handler 6 on default port 15019" daemon prio=5 tid=607 timed_waiting
java.lang.Thread.State: TIMED_WAITING
        at java.base@21.0.7/jdk.internal.misc.Unsafe.park(Native Method)
        at java.base@21.0.7/java.util.concurrent.locks.LockSupport.parkNanos(LockSupport.java:269)
        at java.base@21.0.7/java.util.concurrent.locks.AbstractQueuedSynchronizer$ConditionObject.awaitNanos(AbstractQueuedSynchronizer.java:1763)
        at java.base@21.0.7/java.util.concurrent.LinkedBlockingQueue.poll(LinkedBlockingQueue.java:460)
        at app//org.apache.hadoop.ipc.CallQueueManager.take(CallQueueManager.java:370)
        at app//org.apache.hadoop.ipc.Server$Handler.run(Server.java:3165)
"IPC Server handler 6 on default port 15001" daemon prio=5 tid=232 timed_waiting
java.lang.Thread.State: TIMED_WAITING
        at java.base@21.0.7/jdk.internal.misc.Unsafe.park(Native Method)
        at java.base@21.0.7/java.util.concurrent.locks.LockSupport.parkNanos(LockSupport.java:269)
        at java.base@21.0.7/java.util.concurrent.locks.AbstractQueuedSynchronizer$ConditionObject.awaitNanos(AbstractQueuedSynchronizer.java:1763)
        at java.base@21.0.7/java.util.concurrent.LinkedBlockingQueue.poll(LinkedBlockingQueue.java:460)
        at app//org.apache.hadoop.ipc.CallQueueManager.take(CallQueueManager.java:370)
        at app//org.apache.hadoop.ipc.Server$Handler.run(Server.java:3165)
"IPC Server handler 53 on default port 15001" daemon prio=5 tid=279 timed_waiting
java.lang.Thread.State: TIMED_WAITING
        at java.base@21.0.7/jdk.internal.misc.Unsafe.park(Native Method)
        at java.base@21.0.7/java.util.concurrent.locks.LockSupport.parkNanos(LockSupport.java:269)
        at java.base@21.0.7/java.util.concurrent.locks.AbstractQueuedSynchronizer$ConditionObject.awaitNanos(AbstractQueuedSynchronizer.java:1763)
        at java.base@21.0.7/java.util.concurrent.LinkedBlockingQueue.poll(LinkedBlockingQueue.java:460)
        at app//org.apache.hadoop.ipc.CallQueueManager.take(CallQueueManager.java:370)
        at app//org.apache.hadoop.ipc.Server$Handler.run(Server.java:3165)
"IPC Server handler 34 on default port 15001" daemon prio=5 tid=260 timed_waiting
java.lang.Thread.State: TIMED_WAITING
        at java.base@21.0.7/jdk.internal.misc.Unsafe.park(Native Method)
        at java.base@21.0.7/java.util.concurrent.locks.LockSupport.parkNanos(LockSupport.java:269)
        at java.base@21.0.7/java.util.concurrent.locks.AbstractQueuedSynchronizer$ConditionObject.awaitNanos(AbstractQueuedSynchronizer.java:1763)
        at java.base@21.0.7/java.util.concurrent.LinkedBlockingQueue.poll(LinkedBlockingQueue.java:460)
        at app//org.apache.hadoop.ipc.CallQueueManager.take(CallQueueManager.java:370)
        at app//org.apache.hadoop.ipc.Server$Handler.run(Server.java:3165)
"IPC Server handler 9 on default port 15019" daemon prio=5 tid=610 timed_waiting
java.lang.Thread.State: TIMED_WAITING
        at java.base@21.0.7/jdk.internal.misc.Unsafe.park(Native Method)
        at java.base@21.0.7/java.util.concurrent.locks.LockSupport.parkNanos(LockSupport.java:269)
        at java.base@21.0.7/java.util.concurrent.locks.AbstractQueuedSynchronizer$ConditionObject.awaitNanos(AbstractQueuedSynchronizer.java:1763)
        at java.base@21.0.7/java.util.concurrent.LinkedBlockingQueue.poll(LinkedBlockingQueue.java:460)
        at app//org.apache.hadoop.ipc.CallQueueManager.take(CallQueueManager.java:370)
        at app//org.apache.hadoop.ipc.Server$Handler.run(Server.java:3165)
"EventQueue-PipelineReportForPipelineReportHandler" daemon prio=5 tid=768 in Object.wait()
java.lang.Thread.State: WAITING (on object monitor)
        at java.base@21.0.7/jdk.internal.misc.Unsafe.park(Native Method)
        at java.base@21.0.7/java.util.concurrent.locks.LockSupport.park(LockSupport.java:371)
        at java.base@21.0.7/java.util.concurrent.locks.AbstractQueuedSynchronizer$ConditionNode.block(AbstractQueuedSynchronizer.java:519)
        at java.base@21.0.7/java.util.concurrent.ForkJoinPool.unmanagedBlock(ForkJoinPool.java:3780)
        at java.base@21.0.7/java.util.concurrent.ForkJoinPool.managedBlock(ForkJoinPool.java:3725)
        at java.base@21.0.7/java.util.concurrent.locks.AbstractQueuedSynchronizer$ConditionObject.await(AbstractQueuedSynchronizer.java:1712)
        at java.base@21.0.7/java.util.concurrent.LinkedBlockingQueue.take(LinkedBlockingQueue.java:435)
        at java.base@21.0.7/java.util.concurrent.ThreadPoolExecutor.getTask(ThreadPoolExecutor.java:1070)
        at java.base@21.0.7/java.util.concurrent.ThreadPoolExecutor.runWorker(ThreadPoolExecutor.java:1130)
        at java.base@21.0.7/java.util.concurrent.ThreadPoolExecutor$Worker.run(ThreadPoolExecutor.java:642)
        at java.base@21.0.7/java.lang.Thread.runWith(Thread.java:1596)
        at java.base@21.0.7/java.lang.Thread.run(Thread.java:1583)
"IPC Server listener on 15002" daemon prio=5 tid=66 runnable
java.lang.Thread.State: RUNNABLE
        at java.base@21.0.7/sun.nio.ch.EPoll.wait(Native Method)
        at java.base@21.0.7/sun.nio.ch.EPollSelectorImpl.doSelect(EPollSelectorImpl.java:121)
        at java.base@21.0.7/sun.nio.ch.SelectorImpl.lockAndDoSelect(SelectorImpl.java:130)
        at java.base@21.0.7/sun.nio.ch.SelectorImpl.select(SelectorImpl.java:147)
        at app//org.apache.hadoop.ipc.Server$Listener.run(Server.java:1559)
"IPC Server handler 96 on default port 15002" daemon prio=5 tid=440 timed_waiting
java.lang.Thread.State: TIMED_WAITING
        at java.base@21.0.7/jdk.internal.misc.Unsafe.park(Native Method)
        at java.base@21.0.7/java.util.concurrent.locks.LockSupport.parkNanos(LockSupport.java:269)
        at java.base@21.0.7/java.util.concurrent.locks.AbstractQueuedSynchronizer$ConditionObject.awaitNanos(AbstractQueuedSynchronizer.java:1763)
        at java.base@21.0.7/java.util.concurrent.LinkedBlockingQueue.poll(LinkedBlockingQueue.java:460)
        at app//org.apache.hadoop.ipc.CallQueueManager.take(CallQueueManager.java:370)
        at app//org.apache.hadoop.ipc.Server$Handler.run(Server.java:3165)
"Socket Reader #2 for port 15043"  prio=5 tid=776 runnable
java.lang.Thread.State: RUNNABLE
        at java.base@21.0.7/sun.nio.ch.EPoll.wait(Native Method)
        at java.base@21.0.7/sun.nio.ch.EPollSelectorImpl.doSelect(EPollSelectorImpl.java:121)
        at java.base@21.0.7/sun.nio.ch.SelectorImpl.lockAndDoSelect(SelectorImpl.java:130)
        at java.base@21.0.7/sun.nio.ch.SelectorImpl.select(SelectorImpl.java:147)
        at app//org.apache.hadoop.ipc.Server$Listener$Reader.doRunLoop(Server.java:1497)
        at app//org.apache.hadoop.ipc.Server$Listener$Reader.run(Server.java:1476)
"IPC Server handler 83 on default port 15000" daemon prio=5 tid=209 timed_waiting
java.lang.Thread.State: TIMED_WAITING
        at java.base@21.0.7/jdk.internal.misc.Unsafe.park(Native Method)
        at java.base@21.0.7/java.util.concurrent.locks.LockSupport.parkNanos(LockSupport.java:269)
        at java.base@21.0.7/java.util.concurrent.locks.AbstractQueuedSynchronizer$ConditionObject.awaitNanos(AbstractQueuedSynchronizer.java:1763)
        at java.base@21.0.7/java.util.concurrent.LinkedBlockingQueue.poll(LinkedBlockingQueue.java:460)
        at app//org.apache.hadoop.ipc.CallQueueManager.take(CallQueueManager.java:370)
        at app//org.apache.hadoop.ipc.Server$Handler.run(Server.java:3165)
"IPC Server handler 38 on default port 15002" daemon prio=5 tid=382 timed_waiting
java.lang.Thread.State: TIMED_WAITING
        at java.base@21.0.7/jdk.internal.misc.Unsafe.park(Native Method)
        at java.base@21.0.7/java.util.concurrent.locks.LockSupport.parkNanos(LockSupport.java:269)
        at java.base@21.0.7/java.util.concurrent.locks.AbstractQueuedSynchronizer$ConditionObject.awaitNanos(AbstractQueuedSynchronizer.java:1763)
        at java.base@21.0.7/java.util.concurrent.LinkedBlockingQueue.poll(LinkedBlockingQueue.java:460)
        at app//org.apache.hadoop.ipc.CallQueueManager.take(CallQueueManager.java:370)
        at app//org.apache.hadoop.ipc.Server$Handler.run(Server.java:3165)
"IPC Server handler 41 on default port 15001" daemon prio=5 tid=267 timed_waiting
java.lang.Thread.State: TIMED_WAITING
        at java.base@21.0.7/jdk.internal.misc.Unsafe.park(Native Method)
        at java.base@21.0.7/java.util.concurrent.locks.LockSupport.parkNanos(LockSupport.java:269)
        at java.base@21.0.7/java.util.concurrent.locks.AbstractQueuedSynchronizer$ConditionObject.awaitNanos(AbstractQueuedSynchronizer.java:1763)
        at java.base@21.0.7/java.util.concurrent.LinkedBlockingQueue.poll(LinkedBlockingQueue.java:460)
        at app//org.apache.hadoop.ipc.CallQueueManager.take(CallQueueManager.java:370)
        at app//org.apache.hadoop.ipc.Server$Handler.run(Server.java:3165)
"qtp1044130468-580-acceptor-0@1d521f3c-ServerConnector@1c9e9bfb{HTTP/1.1, (http/1.1)}{0.0.0.0:15018}" daemon prio=3 tid=580 runnable
java.lang.Thread.State: RUNNABLE
        at java.base@21.0.7/sun.nio.ch.Net.accept(Native Method)
        at java.base@21.0.7/sun.nio.ch.ServerSocketChannelImpl.implAccept(ServerSocketChannelImpl.java:433)
        at java.base@21.0.7/sun.nio.ch.ServerSocketChannelImpl.accept(ServerSocketChannelImpl.java:399)
        at app//org.eclipse.jetty.server.ServerConnector.accept(ServerConnector.java:388)
        at app//org.eclipse.jetty.server.AbstractConnector$Acceptor.run(AbstractConnector.java:704)
        at app//org.eclipse.jetty.util.thread.QueuedThreadPool.runJob(QueuedThreadPool.java:883)
        at app//org.eclipse.jetty.util.thread.QueuedThreadPool$Runner.run(QueuedThreadPool.java:1034)
        at java.base@21.0.7/java.lang.Thread.runWith(Thread.java:1596)
        at java.base@21.0.7/java.lang.Thread.run(Thread.java:1583)
"SCMHATransactionMonitor" daemon prio=5 tid=124 timed_waiting
java.lang.Thread.State: TIMED_WAITING
        at java.base@21.0.7/java.lang.Object.wait0(Native Method)
        at java.base@21.0.7/java.lang.Object.wait(Object.java:366)
        at app//org.apache.hadoop.hdds.scm.ha.BackgroundSCMService.run(BackgroundSCMService.java:106)
        at app//org.apache.hadoop.hdds.scm.ha.BackgroundSCMService$$Lambda/0x00007fe904502d28.run(Unknown Source)
        at java.base@21.0.7/java.lang.Thread.runWith(Thread.java:1596)
        at java.base@21.0.7/java.lang.Thread.run(Thread.java:1583)
"IPC Server handler 38 on default port 15001" daemon prio=5 tid=264 timed_waiting
java.lang.Thread.State: TIMED_WAITING
        at java.base@21.0.7/jdk.internal.misc.Unsafe.park(Native Method)
        at java.base@21.0.7/java.util.concurrent.locks.LockSupport.parkNanos(LockSupport.java:269)
        at java.base@21.0.7/java.util.concurrent.locks.AbstractQueuedSynchronizer$ConditionObject.awaitNanos(AbstractQueuedSynchronizer.java:1763)
        at java.base@21.0.7/java.util.concurrent.LinkedBlockingQueue.poll(LinkedBlockingQueue.java:460)
        at app//org.apache.hadoop.ipc.CallQueueManager.take(CallQueueManager.java:370)
        at app//org.apache.hadoop.ipc.Server$Handler.run(Server.java:3165)
"IPC Server handler 48 on default port 15002" daemon prio=5 tid=392 timed_waiting
java.lang.Thread.State: TIMED_WAITING
        at java.base@21.0.7/jdk.internal.misc.Unsafe.park(Native Method)
        at java.base@21.0.7/java.util.concurrent.locks.LockSupport.parkNanos(LockSupport.java:269)
        at java.base@21.0.7/java.util.concurrent.locks.AbstractQueuedSynchronizer$ConditionObject.awaitNanos(AbstractQueuedSynchronizer.java:1763)
        at java.base@21.0.7/java.util.concurrent.LinkedBlockingQueue.poll(LinkedBlockingQueue.java:460)
        at app//org.apache.hadoop.ipc.CallQueueManager.take(CallQueueManager.java:370)
        at app//org.apache.hadoop.ipc.Server$Handler.run(Server.java:3165)
"IPC Server handler 13 on default port 15000" daemon prio=5 tid=139 timed_waiting
java.lang.Thread.State: TIMED_WAITING
        at java.base@21.0.7/jdk.internal.misc.Unsafe.park(Native Method)
        at java.base@21.0.7/java.util.concurrent.locks.LockSupport.parkNanos(LockSupport.java:269)
        at java.base@21.0.7/java.util.concurrent.locks.AbstractQueuedSynchronizer$ConditionObject.awaitNanos(AbstractQueuedSynchronizer.java:1763)
        at java.base@21.0.7/java.util.concurrent.LinkedBlockingQueue.poll(LinkedBlockingQueue.java:460)
        at app//org.apache.hadoop.ipc.CallQueueManager.take(CallQueueManager.java:370)
        at app//org.apache.hadoop.ipc.Server$Handler.run(Server.java:3165)
"Socket Reader #10 for port 15027"  prio=5 tid=649 runnable
java.lang.Thread.State: RUNNABLE
        at java.base@21.0.7/sun.nio.ch.EPoll.wait(Native Method)
        at java.base@21.0.7/sun.nio.ch.EPollSelectorImpl.doSelect(EPollSelectorImpl.java:121)
        at java.base@21.0.7/sun.nio.ch.SelectorImpl.lockAndDoSelect(SelectorImpl.java:130)
        at java.base@21.0.7/sun.nio.ch.SelectorImpl.select(SelectorImpl.java:147)
        at app//org.apache.hadoop.ipc.Server$Listener$Reader.doRunLoop(Server.java:1497)
        at app//org.apache.hadoop.ipc.Server$Listener$Reader.run(Server.java:1476)
"IPC Server handler 49 on default port 15000" daemon prio=5 tid=175 timed_waiting
java.lang.Thread.State: TIMED_WAITING
        at java.base@21.0.7/jdk.internal.misc.Unsafe.park(Native Method)
        at java.base@21.0.7/java.util.concurrent.locks.LockSupport.parkNanos(LockSupport.java:269)
        at java.base@21.0.7/java.util.concurrent.locks.AbstractQueuedSynchronizer$ConditionObject.awaitNanos(AbstractQueuedSynchronizer.java:1763)
        at java.base@21.0.7/java.util.concurrent.LinkedBlockingQueue.poll(LinkedBlockingQueue.java:460)
        at app//org.apache.hadoop.ipc.CallQueueManager.take(CallQueueManager.java:370)
        at app//org.apache.hadoop.ipc.Server$Handler.run(Server.java:3165)
"IPC Server handler 71 on default port 15000" daemon prio=5 tid=197 timed_waiting
java.lang.Thread.State: TIMED_WAITING
        at java.base@21.0.7/jdk.internal.misc.Unsafe.park(Native Method)
        at java.base@21.0.7/java.util.concurrent.locks.LockSupport.parkNanos(LockSupport.java:269)
        at java.base@21.0.7/java.util.concurrent.locks.AbstractQueuedSynchronizer$ConditionObject.awaitNanos(AbstractQueuedSynchronizer.java:1763)
        at java.base@21.0.7/java.util.concurrent.LinkedBlockingQueue.poll(LinkedBlockingQueue.java:460)
        at app//org.apache.hadoop.ipc.CallQueueManager.take(CallQueueManager.java:370)
        at app//org.apache.hadoop.ipc.Server$Handler.run(Server.java:3165)
"dacc202e-cd42-4a7a-b335-fe62dff69130-RocksDBCompactionThread-0"  prio=5 tid=619 timed_waiting
java.lang.Thread.State: TIMED_WAITING
        at java.base@21.0.7/jdk.internal.misc.Unsafe.park(Native Method)
        at java.base@21.0.7/java.util.concurrent.locks.LockSupport.parkNanos(LockSupport.java:269)
        at java.base@21.0.7/java.util.concurrent.locks.AbstractQueuedSynchronizer$ConditionObject.awaitNanos(AbstractQueuedSynchronizer.java:1763)
        at java.base@21.0.7/java.util.concurrent.ScheduledThreadPoolExecutor$DelayedWorkQueue.take(ScheduledThreadPoolExecutor.java:1182)
        at java.base@21.0.7/java.util.concurrent.ScheduledThreadPoolExecutor$DelayedWorkQueue.take(ScheduledThreadPoolExecutor.java:899)
        at java.base@21.0.7/java.util.concurrent.ThreadPoolExecutor.getTask(ThreadPoolExecutor.java:1070)
        at java.base@21.0.7/java.util.concurrent.ThreadPoolExecutor.runWorker(ThreadPoolExecutor.java:1130)
        at java.base@21.0.7/java.util.concurrent.ThreadPoolExecutor$Worker.run(ThreadPoolExecutor.java:642)
        at java.base@21.0.7/java.lang.Thread.runWith(Thread.java:1596)
        at java.base@21.0.7/java.lang.Thread.run(Thread.java:1583)
"timer2" daemon prio=5 tid=998 timed_waiting
java.lang.Thread.State: TIMED_WAITING
        at java.base@21.0.7/java.lang.Object.wait0(Native Method)
        at java.base@21.0.7/java.lang.Object.wait(Object.java:366)
        at java.base@21.0.7/java.util.TimerThread.mainLoop(Timer.java:563)
        at java.base@21.0.7/java.util.TimerThread.run(Timer.java:516)
"qtp2014583896-336" daemon prio=5 tid=336 timed_waiting
java.lang.Thread.State: TIMED_WAITING
        at java.base@21.0.7/jdk.internal.misc.Unsafe.park(Native Method)
        at java.base@21.0.7/java.util.concurrent.locks.LockSupport.parkNanos(LockSupport.java:269)
        at java.base@21.0.7/java.util.concurrent.locks.AbstractQueuedSynchronizer$ConditionObject.awaitNanos(AbstractQueuedSynchronizer.java:1763)
        at app//org.eclipse.jetty.util.BlockingArrayQueue.poll(BlockingArrayQueue.java:382)
        at app//org.eclipse.jetty.util.thread.QueuedThreadPool$Runner.idleJobPoll(QueuedThreadPool.java:974)
        at app//org.eclipse.jetty.util.thread.QueuedThreadPool$Runner.run(QueuedThreadPool.java:1018)
        at java.base@21.0.7/java.lang.Thread.runWith(Thread.java:1596)
        at java.base@21.0.7/java.lang.Thread.run(Thread.java:1583)
"Socket Reader #7 for port 15043"  prio=5 tid=781 runnable
java.lang.Thread.State: RUNNABLE
        at java.base@21.0.7/sun.nio.ch.EPoll.wait(Native Method)
        at java.base@21.0.7/sun.nio.ch.EPollSelectorImpl.doSelect(EPollSelectorImpl.java:121)
        at java.base@21.0.7/sun.nio.ch.SelectorImpl.lockAndDoSelect(SelectorImpl.java:130)
        at java.base@21.0.7/sun.nio.ch.SelectorImpl.select(SelectorImpl.java:147)
        at app//org.apache.hadoop.ipc.Server$Listener$Reader.doRunLoop(Server.java:1497)
        at app//org.apache.hadoop.ipc.Server$Listener$Reader.run(Server.java:1476)
"2b1bfca1-1fdc-4b0a-9b4d-c21112718afa-BlockDeletingService#0" daemon prio=5 tid=836 timed_waiting
java.lang.Thread.State: TIMED_WAITING
        at java.base@21.0.7/jdk.internal.misc.Unsafe.park(Native Method)
        at java.base@21.0.7/java.util.concurrent.locks.LockSupport.parkNanos(LockSupport.java:269)
        at java.base@21.0.7/java.util.concurrent.locks.AbstractQueuedSynchronizer$ConditionObject.awaitNanos(AbstractQueuedSynchronizer.java:1763)
        at java.base@21.0.7/java.util.concurrent.ScheduledThreadPoolExecutor$DelayedWorkQueue.take(ScheduledThreadPoolExecutor.java:1182)
        at java.base@21.0.7/java.util.concurrent.ScheduledThreadPoolExecutor$DelayedWorkQueue.take(ScheduledThreadPoolExecutor.java:899)
        at java.base@21.0.7/java.util.concurrent.ThreadPoolExecutor.getTask(ThreadPoolExecutor.java:1070)
        at java.base@21.0.7/java.util.concurrent.ThreadPoolExecutor.runWorker(ThreadPoolExecutor.java:1130)
        at java.base@21.0.7/java.util.concurrent.ThreadPoolExecutor$Worker.run(ThreadPoolExecutor.java:642)
        at java.base@21.0.7/java.lang.Thread.runWith(Thread.java:1596)
        at java.base@21.0.7/java.lang.Thread.run(Thread.java:1583)
"Socket Reader #4 for port 15035"  prio=5 tid=723 runnable
java.lang.Thread.State: RUNNABLE
        at java.base@21.0.7/sun.nio.ch.EPoll.wait(Native Method)
        at java.base@21.0.7/sun.nio.ch.EPollSelectorImpl.doSelect(EPollSelectorImpl.java:121)
        at java.base@21.0.7/sun.nio.ch.SelectorImpl.lockAndDoSelect(SelectorImpl.java:130)
        at java.base@21.0.7/sun.nio.ch.SelectorImpl.select(SelectorImpl.java:147)
        at app//org.apache.hadoop.ipc.Server$Listener$Reader.doRunLoop(Server.java:1497)
        at app//org.apache.hadoop.ipc.Server$Listener$Reader.run(Server.java:1476)
"IPC Server handler 5 on default port 15006" daemon prio=5 tid=510 timed_waiting
java.lang.Thread.State: TIMED_WAITING
        at java.base@21.0.7/jdk.internal.misc.Unsafe.park(Native Method)
        at java.base@21.0.7/java.util.concurrent.locks.LockSupport.parkNanos(LockSupport.java:269)
        at java.base@21.0.7/java.util.concurrent.locks.AbstractQueuedSynchronizer$ConditionObject.awaitNanos(AbstractQueuedSynchronizer.java:1763)
        at java.base@21.0.7/java.util.concurrent.LinkedBlockingQueue.poll(LinkedBlockingQueue.java:460)
        at app//org.apache.hadoop.ipc.CallQueueManager.take(CallQueueManager.java:370)
        at app//org.apache.hadoop.ipc.Server$Handler.run(Server.java:3165)
"Hadoop-Metrics-Updater-0" daemon prio=5 tid=79 timed_waiting
java.lang.Thread.State: TIMED_WAITING
        at java.base@21.0.7/jdk.internal.misc.Unsafe.park(Native Method)
        at java.base@21.0.7/java.util.concurrent.locks.LockSupport.parkNanos(LockSupport.java:269)
        at java.base@21.0.7/java.util.concurrent.locks.AbstractQueuedSynchronizer$ConditionObject.awaitNanos(AbstractQueuedSynchronizer.java:1763)
        at java.base@21.0.7/java.util.concurrent.ScheduledThreadPoolExecutor$DelayedWorkQueue.take(ScheduledThreadPoolExecutor.java:1182)
        at java.base@21.0.7/java.util.concurrent.ScheduledThreadPoolExecutor$DelayedWorkQueue.take(ScheduledThreadPoolExecutor.java:899)
        at java.base@21.0.7/java.util.concurrent.ThreadPoolExecutor.getTask(ThreadPoolExecutor.java:1070)
        at java.base@21.0.7/java.util.concurrent.ThreadPoolExecutor.runWorker(ThreadPoolExecutor.java:1130)
        at java.base@21.0.7/java.util.concurrent.ThreadPoolExecutor$Worker.run(ThreadPoolExecutor.java:642)
        at java.base@21.0.7/java.lang.Thread.runWith(Thread.java:1596)
        at java.base@21.0.7/java.lang.Thread.run(Thread.java:1583)
"IPC Server handler 84 on default port 15000" daemon prio=5 tid=210 timed_waiting
java.lang.Thread.State: TIMED_WAITING
        at java.base@21.0.7/jdk.internal.misc.Unsafe.park(Native Method)
        at java.base@21.0.7/java.util.concurrent.locks.LockSupport.parkNanos(LockSupport.java:269)
        at java.base@21.0.7/java.util.concurrent.locks.AbstractQueuedSynchronizer$ConditionObject.awaitNanos(AbstractQueuedSynchronizer.java:1763)
        at java.base@21.0.7/java.util.concurrent.LinkedBlockingQueue.poll(LinkedBlockingQueue.java:460)
        at app//org.apache.hadoop.ipc.CallQueueManager.take(CallQueueManager.java:370)
        at app//org.apache.hadoop.ipc.Server$Handler.run(Server.java:3165)
"IPC Server handler 88 on default port 15002" daemon prio=5 tid=432 timed_waiting
java.lang.Thread.State: TIMED_WAITING
        at java.base@21.0.7/jdk.internal.misc.Unsafe.park(Native Method)
        at java.base@21.0.7/java.util.concurrent.locks.LockSupport.parkNanos(LockSupport.java:269)
        at java.base@21.0.7/java.util.concurrent.locks.AbstractQueuedSynchronizer$ConditionObject.awaitNanos(AbstractQueuedSynchronizer.java:1763)
        at java.base@21.0.7/java.util.concurrent.LinkedBlockingQueue.poll(LinkedBlockingQueue.java:460)
        at app//org.apache.hadoop.ipc.CallQueueManager.take(CallQueueManager.java:370)
        at app//org.apache.hadoop.ipc.Server$Handler.run(Server.java:3165)
"IPC Server Responder" daemon prio=5 tid=786 runnable
java.lang.Thread.State: RUNNABLE
        at java.base@21.0.7/sun.nio.ch.EPoll.wait(Native Method)
        at java.base@21.0.7/sun.nio.ch.EPollSelectorImpl.doSelect(EPollSelectorImpl.java:121)
        at java.base@21.0.7/sun.nio.ch.SelectorImpl.lockAndDoSelect(SelectorImpl.java:130)
        at java.base@21.0.7/sun.nio.ch.SelectorImpl.select(SelectorImpl.java:142)
        at app//org.apache.hadoop.ipc.Server$Responder.doRunLoop(Server.java:1733)
        at app//org.apache.hadoop.ipc.Server$Responder.run(Server.java:1716)
"IPC Server handler 61 on default port 15000" daemon prio=5 tid=187 timed_waiting
java.lang.Thread.State: TIMED_WAITING
        at java.base@21.0.7/jdk.internal.misc.Unsafe.park(Native Method)
        at java.base@21.0.7/java.util.concurrent.locks.LockSupport.parkNanos(LockSupport.java:269)
        at java.base@21.0.7/java.util.concurrent.locks.AbstractQueuedSynchronizer$ConditionObject.awaitNanos(AbstractQueuedSynchronizer.java:1763)
        at java.base@21.0.7/java.util.concurrent.LinkedBlockingQueue.poll(LinkedBlockingQueue.java:460)
        at app//org.apache.hadoop.ipc.CallQueueManager.take(CallQueueManager.java:370)
        at app//org.apache.hadoop.ipc.Server$Handler.run(Server.java:3165)
"IPC Server handler 76 on default port 15001" daemon prio=5 tid=302 timed_waiting
java.lang.Thread.State: TIMED_WAITING
        at java.base@21.0.7/jdk.internal.misc.Unsafe.park(Native Method)
        at java.base@21.0.7/java.util.concurrent.locks.LockSupport.parkNanos(LockSupport.java:269)
        at java.base@21.0.7/java.util.concurrent.locks.AbstractQueuedSynchronizer$ConditionObject.awaitNanos(AbstractQueuedSynchronizer.java:1763)
        at java.base@21.0.7/java.util.concurrent.LinkedBlockingQueue.poll(LinkedBlockingQueue.java:460)
        at app//org.apache.hadoop.ipc.CallQueueManager.take(CallQueueManager.java:370)
        at app//org.apache.hadoop.ipc.Server$Handler.run(Server.java:3165)
"Socket Reader #1 for port 15027"  prio=5 tid=640 runnable
java.lang.Thread.State: RUNNABLE
        at java.base@21.0.7/sun.nio.ch.EPoll.wait(Native Method)
        at java.base@21.0.7/sun.nio.ch.EPollSelectorImpl.doSelect(EPollSelectorImpl.java:121)
        at java.base@21.0.7/sun.nio.ch.SelectorImpl.lockAndDoSelect(SelectorImpl.java:130)
        at java.base@21.0.7/sun.nio.ch.SelectorImpl.select(SelectorImpl.java:147)
        at app//org.apache.hadoop.ipc.Server$Listener$Reader.doRunLoop(Server.java:1497)
        at app//org.apache.hadoop.ipc.Server$Listener$Reader.run(Server.java:1476)
"IPC Server handler 36 on default port 15001" daemon prio=5 tid=262 timed_waiting
java.lang.Thread.State: TIMED_WAITING
        at java.base@21.0.7/jdk.internal.misc.Unsafe.park(Native Method)
        at java.base@21.0.7/java.util.concurrent.locks.LockSupport.parkNanos(LockSupport.java:269)
        at java.base@21.0.7/java.util.concurrent.locks.AbstractQueuedSynchronizer$ConditionObject.awaitNanos(AbstractQueuedSynchronizer.java:1763)
        at java.base@21.0.7/java.util.concurrent.LinkedBlockingQueue.poll(LinkedBlockingQueue.java:460)
        at app//org.apache.hadoop.ipc.CallQueueManager.take(CallQueueManager.java:370)
        at app//org.apache.hadoop.ipc.Server$Handler.run(Server.java:3165)
"IPC Server handler 42 on default port 15002" daemon prio=5 tid=386 timed_waiting
java.lang.Thread.State: TIMED_WAITING
        at java.base@21.0.7/jdk.internal.misc.Unsafe.park(Native Method)
        at java.base@21.0.7/java.util.concurrent.locks.LockSupport.parkNanos(LockSupport.java:269)
        at java.base@21.0.7/java.util.concurrent.locks.AbstractQueuedSynchronizer$ConditionObject.awaitNanos(AbstractQueuedSynchronizer.java:1763)
        at java.base@21.0.7/java.util.concurrent.LinkedBlockingQueue.poll(LinkedBlockingQueue.java:460)
        at app//org.apache.hadoop.ipc.CallQueueManager.take(CallQueueManager.java:370)
        at app//org.apache.hadoop.ipc.Server$Handler.run(Server.java:3165)
"org.apache.hadoop.ozone.container.common.statemachine.commandhandler.DeleteBlocksCommandHandler$DeleteCmdWorker@47046907" daemon prio=5 tid=622 timed_waiting
java.lang.Thread.State: TIMED_WAITING
        at java.base@21.0.7/java.lang.Thread.sleep0(Native Method)
        at java.base@21.0.7/java.lang.Thread.sleep(Thread.java:509)
        at app//org.apache.hadoop.ozone.container.common.statemachine.commandhandler.DeleteBlocksCommandHandler$DeleteCmdWorker.run(DeleteBlocksCommandHandler.java:260)
        at java.base@21.0.7/java.lang.Thread.runWith(Thread.java:1596)
        at java.base@21.0.7/java.lang.Thread.run(Thread.java:1583)
"Signal Dispatcher" daemon prio=9 tid=11 runnable
java.lang.Thread.State: RUNNABLE
"IPC Server handler 3 on default port 15006" daemon prio=5 tid=508 timed_waiting
java.lang.Thread.State: TIMED_WAITING
        at java.base@21.0.7/jdk.internal.misc.Unsafe.park(Native Method)
        at java.base@21.0.7/java.util.concurrent.locks.LockSupport.parkNanos(LockSupport.java:269)
        at java.base@21.0.7/java.util.concurrent.locks.AbstractQueuedSynchronizer$ConditionObject.awaitNanos(AbstractQueuedSynchronizer.java:1763)
        at java.base@21.0.7/java.util.concurrent.LinkedBlockingQueue.poll(LinkedBlockingQueue.java:460)
        at app//org.apache.hadoop.ipc.CallQueueManager.take(CallQueueManager.java:370)
        at app//org.apache.hadoop.ipc.Server$Handler.run(Server.java:3165)
"pool-237-thread-1"  prio=5 tid=1015 in Object.wait()
java.lang.Thread.State: WAITING (on object monitor)
        at java.base@21.0.7/java.lang.Object.wait0(Native Method)
        at java.base@21.0.7/java.lang.Object.wait(Object.java:366)
        at java.base@21.0.7/java.lang.Object.wait(Object.java:339)
        at app//org.apache.ratis.thirdparty.io.netty.util.concurrent.DefaultPromise.await(DefaultPromise.java:254)
        at app//org.apache.ratis.thirdparty.io.netty.util.concurrent.DefaultPromise.sync(DefaultPromise.java:405)
        at app//org.apache.ratis.thirdparty.io.netty.util.concurrent.DefaultPromise.sync(DefaultPromise.java:35)
        at app//org.apache.hadoop.ozone.container.common.transport.server.XceiverServerGrpc.stop(XceiverServerGrpc.java:209)
        at app//org.apache.hadoop.ozone.container.ozoneimpl.OzoneContainer.stop(OzoneContainer.java:540)
        at app//org.apache.hadoop.ozone.container.common.statemachine.DatanodeStateMachine.close(DatanodeStateMachine.java:439)
        at app//org.apache.hadoop.ozone.container.common.statemachine.DatanodeStateMachine.stopDaemon(DatanodeStateMachine.java:629)
        at app//org.apache.hadoop.ozone.HddsDatanodeService.stop(HddsDatanodeService.java:544)
        at app//org.apache.hadoop.ozone.MiniOzoneClusterImpl.stopDatanode(MiniOzoneClusterImpl.java:443)
        at app//org.apache.hadoop.ozone.MiniOzoneClusterImpl.shutdownHddsDatanode(MiniOzoneClusterImpl.java:349)
        at app//org.apache.hadoop.hdds.scm.node.TestQueryNode.lambda$testStaleNodesCount$0(TestQueryNode.java:84)
        at app//org.apache.hadoop.hdds.scm.node.TestQueryNode$$Lambda/0x00007fe9049693a0.run(Unknown Source)
        at java.base@21.0.7/java.util.concurrent.ThreadPoolExecutor.runWorker(ThreadPoolExecutor.java:1144)
        at java.base@21.0.7/java.util.concurrent.ThreadPoolExecutor$Worker.run(ThreadPoolExecutor.java:642)
        at java.base@21.0.7/java.lang.Thread.runWith(Thread.java:1596)
        at java.base@21.0.7/java.lang.Thread.run(Thread.java:1583)
"IPC Server handler 10 on default port 15000" daemon prio=5 tid=136 timed_waiting
java.lang.Thread.State: TIMED_WAITING
        at java.base@21.0.7/jdk.internal.misc.Unsafe.park(Native Method)
        at java.base@21.0.7/java.util.concurrent.locks.LockSupport.parkNanos(LockSupport.java:269)
        at java.base@21.0.7/java.util.concurrent.locks.AbstractQueuedSynchronizer$ConditionObject.awaitNanos(AbstractQueuedSynchronizer.java:1763)
        at java.base@21.0.7/java.util.concurrent.LinkedBlockingQueue.poll(LinkedBlockingQueue.java:460)
        at app//org.apache.hadoop.ipc.CallQueueManager.take(CallQueueManager.java:370)
        at app//org.apache.hadoop.ipc.Server$Handler.run(Server.java:3165)
"IPC Server idle connection scanner for port 15006" daemon prio=5 tid=466 timed_waiting
java.lang.Thread.State: TIMED_WAITING
        at java.base@21.0.7/java.lang.Object.wait0(Native Method)
        at java.base@21.0.7/java.lang.Object.wait(Object.java:366)
        at java.base@21.0.7/java.util.TimerThread.mainLoop(Timer.java:563)
        at java.base@21.0.7/java.util.TimerThread.run(Timer.java:516)
"IPC Client (305799597) connection to 0.0.0.0/0.0.0.0:15002 from runner" daemon prio=5 tid=637 timed_waiting
java.lang.Thread.State: TIMED_WAITING
        at java.base@21.0.7/java.lang.Object.wait0(Native Method)
        at java.base@21.0.7/java.lang.Object.wait(Object.java:366)
        at app//org.apache.hadoop.ipc.Client$Connection.waitForWork(Client.java:1042)
        at app//org.apache.hadoop.ipc.Client$Connection.run(Client.java:1093)
"Socket Reader #3 for port 15027"  prio=5 tid=642 runnable
java.lang.Thread.State: RUNNABLE
        at java.base@21.0.7/sun.nio.ch.EPoll.wait(Native Method)
        at java.base@21.0.7/sun.nio.ch.EPollSelectorImpl.doSelect(EPollSelectorImpl.java:121)
        at java.base@21.0.7/sun.nio.ch.SelectorImpl.lockAndDoSelect(SelectorImpl.java:130)
        at java.base@21.0.7/sun.nio.ch.SelectorImpl.select(SelectorImpl.java:147)
        at app//org.apache.hadoop.ipc.Server$Listener$Reader.doRunLoop(Server.java:1497)
        at app//org.apache.hadoop.ipc.Server$Listener$Reader.run(Server.java:1476)
"Socket Reader #6 for port 15043"  prio=5 tid=780 runnable
java.lang.Thread.State: RUNNABLE
        at java.base@21.0.7/sun.nio.ch.EPoll.wait(Native Method)
        at java.base@21.0.7/sun.nio.ch.EPollSelectorImpl.doSelect(EPollSelectorImpl.java:121)
        at java.base@21.0.7/sun.nio.ch.SelectorImpl.lockAndDoSelect(SelectorImpl.java:130)
        at java.base@21.0.7/sun.nio.ch.SelectorImpl.select(SelectorImpl.java:147)
        at app//org.apache.hadoop.ipc.Server$Listener$Reader.doRunLoop(Server.java:1497)
        at app//org.apache.hadoop.ipc.Server$Listener$Reader.run(Server.java:1476)
"Socket Reader #1 for port 15001"  prio=5 tid=81 runnable
java.lang.Thread.State: RUNNABLE
        at java.base@21.0.7/sun.nio.ch.EPoll.wait(Native Method)
        at java.base@21.0.7/sun.nio.ch.EPollSelectorImpl.doSelect(EPollSelectorImpl.java:121)
        at java.base@21.0.7/sun.nio.ch.SelectorImpl.lockAndDoSelect(SelectorImpl.java:130)
        at java.base@21.0.7/sun.nio.ch.SelectorImpl.select(SelectorImpl.java:147)
        at app//org.apache.hadoop.ipc.Server$Listener$Reader.doRunLoop(Server.java:1497)
        at app//org.apache.hadoop.ipc.Server$Listener$Reader.run(Server.java:1476)
"qtp588626443-686" daemon prio=5 tid=686 timed_waiting
java.lang.Thread.State: TIMED_WAITING
        at java.base@21.0.7/jdk.internal.misc.Unsafe.park(Native Method)
        at java.base@21.0.7/java.util.concurrent.locks.LockSupport.parkNanos(LockSupport.java:269)
        at java.base@21.0.7/java.util.concurrent.locks.AbstractQueuedSynchronizer$ConditionObject.awaitNanos(AbstractQueuedSynchronizer.java:1763)
        at app//org.eclipse.jetty.util.BlockingArrayQueue.poll(BlockingArrayQueue.java:382)
        at app//org.eclipse.jetty.util.thread.QueuedThreadPool$Runner.idleJobPoll(QueuedThreadPool.java:974)
        at app//org.eclipse.jetty.util.thread.QueuedThreadPool$Runner.run(QueuedThreadPool.java:1018)
        at java.base@21.0.7/java.lang.Thread.runWith(Thread.java:1596)
        at java.base@21.0.7/java.lang.Thread.run(Thread.java:1583)
"Socket Reader #3 for port 15035"  prio=5 tid=722 runnable
java.lang.Thread.State: RUNNABLE
        at java.base@21.0.7/sun.nio.ch.EPoll.wait(Native Method)
        at java.base@21.0.7/sun.nio.ch.EPollSelectorImpl.doSelect(EPollSelectorImpl.java:121)
        at java.base@21.0.7/sun.nio.ch.SelectorImpl.lockAndDoSelect(SelectorImpl.java:130)
        at java.base@21.0.7/sun.nio.ch.SelectorImpl.select(SelectorImpl.java:147)
        at app//org.apache.hadoop.ipc.Server$Listener$Reader.doRunLoop(Server.java:1497)
        at app//org.apache.hadoop.ipc.Server$Listener$Reader.run(Server.java:1476)
"IPC Server handler 73 on default port 15000" daemon prio=5 tid=199 timed_waiting
java.lang.Thread.State: TIMED_WAITING
        at java.base@21.0.7/jdk.internal.misc.Unsafe.park(Native Method)
        at java.base@21.0.7/java.util.concurrent.locks.LockSupport.parkNanos(LockSupport.java:269)
        at java.base@21.0.7/java.util.concurrent.locks.AbstractQueuedSynchronizer$ConditionObject.awaitNanos(AbstractQueuedSynchronizer.java:1763)
        at java.base@21.0.7/java.util.concurrent.LinkedBlockingQueue.poll(LinkedBlockingQueue.java:460)
        at app//org.apache.hadoop.ipc.CallQueueManager.take(CallQueueManager.java:370)
        at app//org.apache.hadoop.ipc.Server$Handler.run(Server.java:3165)
"IPC Server handler 47 on default port 15002" daemon prio=5 tid=391 timed_waiting
java.lang.Thread.State: TIMED_WAITING
        at java.base@21.0.7/jdk.internal.misc.Unsafe.park(Native Method)
        at java.base@21.0.7/java.util.concurrent.locks.LockSupport.parkNanos(LockSupport.java:269)
        at java.base@21.0.7/java.util.concurrent.locks.AbstractQueuedSynchronizer$ConditionObject.awaitNanos(AbstractQueuedSynchronizer.java:1763)
        at java.base@21.0.7/java.util.concurrent.LinkedBlockingQueue.poll(LinkedBlockingQueue.java:460)
        at app//org.apache.hadoop.ipc.CallQueueManager.take(CallQueueManager.java:370)
        at app//org.apache.hadoop.ipc.Server$Handler.run(Server.java:3165)
"IPC Server handler 76 on default port 15000" daemon prio=5 tid=202 timed_waiting
java.lang.Thread.State: TIMED_WAITING
        at java.base@21.0.7/jdk.internal.misc.Unsafe.park(Native Method)
        at java.base@21.0.7/java.util.concurrent.locks.LockSupport.parkNanos(LockSupport.java:269)
        at java.base@21.0.7/java.util.concurrent.locks.AbstractQueuedSynchronizer$ConditionObject.awaitNanos(AbstractQueuedSynchronizer.java:1763)
        at java.base@21.0.7/java.util.concurrent.LinkedBlockingQueue.poll(LinkedBlockingQueue.java:460)
        at app//org.apache.hadoop.ipc.CallQueueManager.take(CallQueueManager.java:370)
        at app//org.apache.hadoop.ipc.Server$Handler.run(Server.java:3165)
"IPC Server handler 37 on default port 15002" daemon prio=5 tid=381 timed_waiting
java.lang.Thread.State: TIMED_WAITING
        at java.base@21.0.7/jdk.internal.misc.Unsafe.park(Native Method)
        at java.base@21.0.7/java.util.concurrent.locks.LockSupport.parkNanos(LockSupport.java:269)
        at java.base@21.0.7/java.util.concurrent.locks.AbstractQueuedSynchronizer$ConditionObject.awaitNanos(AbstractQueuedSynchronizer.java:1763)
        at java.base@21.0.7/java.util.concurrent.LinkedBlockingQueue.poll(LinkedBlockingQueue.java:460)
        at app//org.apache.hadoop.ipc.CallQueueManager.take(CallQueueManager.java:370)
        at app//org.apache.hadoop.ipc.Server$Handler.run(Server.java:3165)
"pool-113-thread-1"  prio=5 tid=577 timed_waiting
java.lang.Thread.State: TIMED_WAITING
        at java.base@21.0.7/jdk.internal.misc.Unsafe.park(Native Method)
        at java.base@21.0.7/java.util.concurrent.locks.LockSupport.parkNanos(LockSupport.java:269)
        at java.base@21.0.7/java.util.concurrent.locks.AbstractQueuedSynchronizer$ConditionObject.awaitNanos(AbstractQueuedSynchronizer.java:1763)
        at java.base@21.0.7/java.util.concurrent.ScheduledThreadPoolExecutor$DelayedWorkQueue.take(ScheduledThreadPoolExecutor.java:1182)
        at java.base@21.0.7/java.util.concurrent.ScheduledThreadPoolExecutor$DelayedWorkQueue.take(ScheduledThreadPoolExecutor.java:899)
        at java.base@21.0.7/java.util.concurrent.ThreadPoolExecutor.getTask(ThreadPoolExecutor.java:1070)
        at java.base@21.0.7/java.util.concurrent.ThreadPoolExecutor.runWorker(ThreadPoolExecutor.java:1130)
        at java.base@21.0.7/java.util.concurrent.ThreadPoolExecutor$Worker.run(ThreadPoolExecutor.java:642)
        at java.base@21.0.7/java.lang.Thread.runWith(Thread.java:1596)
        at java.base@21.0.7/java.lang.Thread.run(Thread.java:1583)
"qtp2014583896-335" daemon prio=5 tid=335 timed_waiting
java.lang.Thread.State: TIMED_WAITING
        at java.base@21.0.7/jdk.internal.misc.Unsafe.park(Native Method)
        at java.base@21.0.7/java.util.concurrent.locks.LockSupport.parkNanos(LockSupport.java:269)
        at java.base@21.0.7/java.util.concurrent.locks.AbstractQueuedSynchronizer$ConditionObject.awaitNanos(AbstractQueuedSynchronizer.java:1763)
        at app//org.eclipse.jetty.util.BlockingArrayQueue.poll(BlockingArrayQueue.java:382)
        at app//org.eclipse.jetty.util.thread.QueuedThreadPool$Runner.idleJobPoll(QueuedThreadPool.java:974)
        at app//org.eclipse.jetty.util.thread.QueuedThreadPool$Runner.run(QueuedThreadPool.java:1018)
        at java.base@21.0.7/java.lang.Thread.runWith(Thread.java:1596)
        at java.base@21.0.7/java.lang.Thread.run(Thread.java:1583)
"a755fe32-7d9a-4996-bc51-d7fbc67ab218@group-3199EF5D7496-LeaderStateImpl" daemon prio=5 tid=989 timed_waiting
java.lang.Thread.State: TIMED_WAITING
        at java.base@21.0.7/jdk.internal.misc.Unsafe.park(Native Method)
        at java.base@21.0.7/java.util.concurrent.locks.LockSupport.parkNanos(LockSupport.java:269)
        at java.base@21.0.7/java.util.concurrent.locks.AbstractQueuedSynchronizer$ConditionObject.awaitNanos(AbstractQueuedSynchronizer.java:1763)
        at java.base@21.0.7/java.util.concurrent.ArrayBlockingQueue.poll(ArrayBlockingQueue.java:435)
        at app//org.apache.ratis.server.impl.LeaderStateImpl$EventQueue.poll(LeaderStateImpl.java:164)
        at app//org.apache.ratis.server.impl.LeaderStateImpl$EventProcessor.run(LeaderStateImpl.java:763)
"UnderReplicatedProcessor" daemon prio=5 tid=63 timed_waiting
java.lang.Thread.State: TIMED_WAITING
        at java.base@21.0.7/java.lang.Object.wait0(Native Method)
        at java.base@21.0.7/java.lang.Object.wait(Object.java:366)
        at app//org.apache.hadoop.hdds.scm.container.replication.UnhealthyReplicationProcessor.run(UnhealthyReplicationProcessor.java:172)
        at java.base@21.0.7/java.lang.Thread.runWith(Thread.java:1596)
        at java.base@21.0.7/java.lang.Thread.run(Thread.java:1583)
"IPC Server handler 52 on default port 15000" daemon prio=5 tid=178 timed_waiting
java.lang.Thread.State: TIMED_WAITING
        at java.base@21.0.7/jdk.internal.misc.Unsafe.park(Native Method)
        at java.base@21.0.7/java.util.concurrent.locks.LockSupport.parkNanos(LockSupport.java:269)
        at java.base@21.0.7/java.util.concurrent.locks.AbstractQueuedSynchronizer$ConditionObject.awaitNanos(AbstractQueuedSynchronizer.java:1763)
        at java.base@21.0.7/java.util.concurrent.LinkedBlockingQueue.poll(LinkedBlockingQueue.java:460)
        at app//org.apache.hadoop.ipc.CallQueueManager.take(CallQueueManager.java:370)
        at app//org.apache.hadoop.ipc.Server$Handler.run(Server.java:3165)
"JvmPauseMonitor6" daemon prio=5 tid=834 timed_waiting
java.lang.Thread.State: TIMED_WAITING
        at java.base@21.0.7/java.lang.Thread.sleep0(Native Method)
        at java.base@21.0.7/java.lang.Thread.sleep(Thread.java:558)
        at java.base@21.0.7/java.util.concurrent.TimeUnit.sleep(TimeUnit.java:446)
        at app//org.apache.ratis.util.TimeDuration.sleep(TimeDuration.java:353)
        at app//org.apache.ratis.util.TimeDuration.sleep(TimeDuration.java:338)
        at app//org.apache.ratis.util.JvmPauseMonitor.detectPause(JvmPauseMonitor.java:160)
        at app//org.apache.ratis.util.JvmPauseMonitor.run(JvmPauseMonitor.java:149)
        at app//org.apache.ratis.util.JvmPauseMonitor$$Lambda/0x00007fe90439a488.run(Unknown Source)
        at java.base@21.0.7/java.lang.Thread.runWith(Thread.java:1596)
        at java.base@21.0.7/java.lang.Thread.run(Thread.java:1583)
"2b1bfca1-1fdc-4b0a-9b4d-c21112718afa-DatanodeReportManager-2" daemon prio=5 tid=746 timed_waiting
java.lang.Thread.State: TIMED_WAITING
        at java.base@21.0.7/jdk.internal.misc.Unsafe.park(Native Method)
        at java.base@21.0.7/java.util.concurrent.locks.LockSupport.parkNanos(LockSupport.java:269)
        at java.base@21.0.7/java.util.concurrent.locks.AbstractQueuedSynchronizer$ConditionObject.awaitNanos(AbstractQueuedSynchronizer.java:1763)
        at java.base@21.0.7/java.util.concurrent.ScheduledThreadPoolExecutor$DelayedWorkQueue.take(ScheduledThreadPoolExecutor.java:1182)
        at java.base@21.0.7/java.util.concurrent.ScheduledThreadPoolExecutor$DelayedWorkQueue.take(ScheduledThreadPoolExecutor.java:899)
        at java.base@21.0.7/java.util.concurrent.ThreadPoolExecutor.getTask(ThreadPoolExecutor.java:1070)
        at java.base@21.0.7/java.util.concurrent.ThreadPoolExecutor.runWorker(ThreadPoolExecutor.java:1130)
        at java.base@21.0.7/java.util.concurrent.ThreadPoolExecutor$Worker.run(ThreadPoolExecutor.java:642)
        at java.base@21.0.7/java.lang.Thread.runWith(Thread.java:1596)
        at java.base@21.0.7/java.lang.Thread.run(Thread.java:1583)
"Socket Reader #5 for port 15001"  prio=5 tid=85 runnable
java.lang.Thread.State: RUNNABLE
        at java.base@21.0.7/sun.nio.ch.EPoll.wait(Native Method)
        at java.base@21.0.7/sun.nio.ch.EPollSelectorImpl.doSelect(EPollSelectorImpl.java:121)
        at java.base@21.0.7/sun.nio.ch.SelectorImpl.lockAndDoSelect(SelectorImpl.java:130)
        at java.base@21.0.7/sun.nio.ch.SelectorImpl.select(SelectorImpl.java:147)
        at app//org.apache.hadoop.ipc.Server$Listener$Reader.doRunLoop(Server.java:1497)
        at app//org.apache.hadoop.ipc.Server$Listener$Reader.run(Server.java:1476)
"IPC Server handler 98 on default port 15001" daemon prio=5 tid=324 timed_waiting
java.lang.Thread.State: TIMED_WAITING
        at java.base@21.0.7/jdk.internal.misc.Unsafe.park(Native Method)
        at java.base@21.0.7/java.util.concurrent.locks.LockSupport.parkNanos(LockSupport.java:269)
        at java.base@21.0.7/java.util.concurrent.locks.AbstractQueuedSynchronizer$ConditionObject.awaitNanos(AbstractQueuedSynchronizer.java:1763)
        at java.base@21.0.7/java.util.concurrent.LinkedBlockingQueue.poll(LinkedBlockingQueue.java:460)
        at app//org.apache.hadoop.ipc.CallQueueManager.take(CallQueueManager.java:370)
        at app//org.apache.hadoop.ipc.Server$Handler.run(Server.java:3165)
"Socket Reader #5 for port 15019"  prio=5 tid=592 runnable
java.lang.Thread.State: RUNNABLE
        at java.base@21.0.7/sun.nio.ch.EPoll.wait(Native Method)
        at java.base@21.0.7/sun.nio.ch.EPollSelectorImpl.doSelect(EPollSelectorImpl.java:121)
        at java.base@21.0.7/sun.nio.ch.SelectorImpl.lockAndDoSelect(SelectorImpl.java:130)
        at java.base@21.0.7/sun.nio.ch.SelectorImpl.select(SelectorImpl.java:147)
        at app//org.apache.hadoop.ipc.Server$Listener$Reader.doRunLoop(Server.java:1497)
        at app//org.apache.hadoop.ipc.Server$Listener$Reader.run(Server.java:1476)
"Socket Reader #7 for port 15035"  prio=5 tid=726 runnable
java.lang.Thread.State: RUNNABLE
        at java.base@21.0.7/sun.nio.ch.EPoll.wait(Native Method)
        at java.base@21.0.7/sun.nio.ch.EPollSelectorImpl.doSelect(EPollSelectorImpl.java:121)
        at java.base@21.0.7/sun.nio.ch.SelectorImpl.lockAndDoSelect(SelectorImpl.java:130)
        at java.base@21.0.7/sun.nio.ch.SelectorImpl.select(SelectorImpl.java:147)
        at app//org.apache.hadoop.ipc.Server$Listener$Reader.doRunLoop(Server.java:1497)
        at app//org.apache.hadoop.ipc.Server$Listener$Reader.run(Server.java:1476)
"0cf558f4-2ca5-4c9f-a057-d7d7b755ef43-client-thread1"  prio=5 tid=805 timed_waiting
java.lang.Thread.State: TIMED_WAITING
        at java.base@21.0.7/jdk.internal.misc.Unsafe.park(Native Method)
        at java.base@21.0.7/java.util.concurrent.locks.LockSupport.parkNanos(LockSupport.java:410)
        at java.base@21.0.7/java.util.concurrent.LinkedTransferQueue$DualNode.await(LinkedTransferQueue.java:452)
        at java.base@21.0.7/java.util.concurrent.SynchronousQueue$Transferer.xferLifo(SynchronousQueue.java:194)
        at java.base@21.0.7/java.util.concurrent.SynchronousQueue.xfer(SynchronousQueue.java:235)
        at java.base@21.0.7/java.util.concurrent.SynchronousQueue.poll(SynchronousQueue.java:338)
        at java.base@21.0.7/java.util.concurrent.ThreadPoolExecutor.getTask(ThreadPoolExecutor.java:1069)
        at java.base@21.0.7/java.util.concurrent.ThreadPoolExecutor.runWorker(ThreadPoolExecutor.java:1130)
        at java.base@21.0.7/java.util.concurrent.ThreadPoolExecutor$Worker.run(ThreadPoolExecutor.java:642)
        at java.base@21.0.7/java.lang.Thread.runWith(Thread.java:1596)
        at java.base@21.0.7/java.lang.Thread.run(Thread.java:1583)
"qtp2014583896-331-acceptor-0@37f4a1ee-ServerConnector@40b958c5{HTTP/1.1, (http/1.1)}{0.0.0.0:15003}" daemon prio=3 tid=331 runnable
java.lang.Thread.State: RUNNABLE
        at java.base@21.0.7/sun.nio.ch.Net.accept(Native Method)
        at java.base@21.0.7/sun.nio.ch.ServerSocketChannelImpl.implAccept(ServerSocketChannelImpl.java:433)
        at java.base@21.0.7/sun.nio.ch.ServerSocketChannelImpl.accept(ServerSocketChannelImpl.java:399)
        at app//org.eclipse.jetty.server.ServerConnector.accept(ServerConnector.java:388)
        at app//org.eclipse.jetty.server.AbstractConnector$Acceptor.run(AbstractConnector.java:704)
        at app//org.eclipse.jetty.util.thread.QueuedThreadPool.runJob(QueuedThreadPool.java:883)
        at app//org.eclipse.jetty.util.thread.QueuedThreadPool$Runner.run(QueuedThreadPool.java:1034)
        at java.base@21.0.7/java.lang.Thread.runWith(Thread.java:1596)
        at java.base@21.0.7/java.lang.Thread.run(Thread.java:1583)
"Socket Reader #8 for port 15027"  prio=5 tid=647 runnable
java.lang.Thread.State: RUNNABLE
        at java.base@21.0.7/sun.nio.ch.EPoll.wait(Native Method)
        at java.base@21.0.7/sun.nio.ch.EPollSelectorImpl.doSelect(EPollSelectorImpl.java:121)
        at java.base@21.0.7/sun.nio.ch.SelectorImpl.lockAndDoSelect(SelectorImpl.java:130)
        at java.base@21.0.7/sun.nio.ch.SelectorImpl.select(SelectorImpl.java:147)
        at app//org.apache.hadoop.ipc.Server$Listener$Reader.doRunLoop(Server.java:1497)
        at app//org.apache.hadoop.ipc.Server$Listener$Reader.run(Server.java:1476)
"IPC Server handler 61 on default port 15001" daemon prio=5 tid=287 timed_waiting
java.lang.Thread.State: TIMED_WAITING
        at java.base@21.0.7/jdk.internal.misc.Unsafe.park(Native Method)
        at java.base@21.0.7/java.util.concurrent.locks.LockSupport.parkNanos(LockSupport.java:269)
        at java.base@21.0.7/java.util.concurrent.locks.AbstractQueuedSynchronizer$ConditionObject.awaitNanos(AbstractQueuedSynchronizer.java:1763)
        at java.base@21.0.7/java.util.concurrent.LinkedBlockingQueue.poll(LinkedBlockingQueue.java:460)
        at app//org.apache.hadoop.ipc.CallQueueManager.take(CallQueueManager.java:370)
        at app//org.apache.hadoop.ipc.Server$Handler.run(Server.java:3165)
"IPC Server handler 94 on default port 15000" daemon prio=5 tid=220 timed_waiting
java.lang.Thread.State: TIMED_WAITING
        at java.base@21.0.7/jdk.internal.misc.Unsafe.park(Native Method)
        at java.base@21.0.7/java.util.concurrent.locks.LockSupport.parkNanos(LockSupport.java:269)
        at java.base@21.0.7/java.util.concurrent.locks.AbstractQueuedSynchronizer$ConditionObject.awaitNanos(AbstractQueuedSynchronizer.java:1763)
        at java.base@21.0.7/java.util.concurrent.LinkedBlockingQueue.poll(LinkedBlockingQueue.java:460)
        at app//org.apache.hadoop.ipc.CallQueueManager.take(CallQueueManager.java:370)
        at app//org.apache.hadoop.ipc.Server$Handler.run(Server.java:3165)
"grpc-default-worker-ELG-5-2" daemon prio=5 tid=873 runnable
java.lang.Thread.State: RUNNABLE
        at app//org.apache.ratis.thirdparty.io.netty.channel.epoll.Native.epollWait0(Native Method)
        at app//org.apache.ratis.thirdparty.io.netty.channel.epoll.Native.epollWait(Native.java:193)
        at app//org.apache.ratis.thirdparty.io.netty.channel.epoll.EpollEventLoop.epollWait(EpollEventLoop.java:304)
        at app//org.apache.ratis.thirdparty.io.netty.channel.epoll.EpollEventLoop.run(EpollEventLoop.java:368)
        at app//org.apache.ratis.thirdparty.io.netty.util.concurrent.SingleThreadEventExecutor$4.run(SingleThreadEventExecutor.java:997)
        at app//org.apache.ratis.thirdparty.io.netty.util.internal.ThreadExecutorMap$2.run(ThreadExecutorMap.java:74)
        at app//org.apache.ratis.thirdparty.io.netty.util.concurrent.FastThreadLocalRunnable.run(FastThreadLocalRunnable.java:30)
        at java.base@21.0.7/java.lang.Thread.runWith(Thread.java:1596)
        at java.base@21.0.7/java.lang.Thread.run(Thread.java:1583)
"IPC Server handler 64 on default port 15002" daemon prio=5 tid=408 timed_waiting
java.lang.Thread.State: TIMED_WAITING
        at java.base@21.0.7/jdk.internal.misc.Unsafe.park(Native Method)
        at java.base@21.0.7/java.util.concurrent.locks.LockSupport.parkNanos(LockSupport.java:269)
        at java.base@21.0.7/java.util.concurrent.locks.AbstractQueuedSynchronizer$ConditionObject.awaitNanos(AbstractQueuedSynchronizer.java:1763)
        at java.base@21.0.7/java.util.concurrent.LinkedBlockingQueue.poll(LinkedBlockingQueue.java:460)
        at app//org.apache.hadoop.ipc.CallQueueManager.take(CallQueueManager.java:370)
        at app//org.apache.hadoop.ipc.Server$Handler.run(Server.java:3165)
"IPC Server handler 6 on default port 15035" daemon prio=5 tid=739 timed_waiting
java.lang.Thread.State: TIMED_WAITING
        at java.base@21.0.7/jdk.internal.misc.Unsafe.park(Native Method)
        at java.base@21.0.7/java.util.concurrent.locks.LockSupport.parkNanos(LockSupport.java:269)
        at java.base@21.0.7/java.util.concurrent.locks.AbstractQueuedSynchronizer$ConditionObject.awaitNanos(AbstractQueuedSynchronizer.java:1763)
        at java.base@21.0.7/java.util.concurrent.LinkedBlockingQueue.poll(LinkedBlockingQueue.java:460)
        at app//org.apache.hadoop.ipc.CallQueueManager.take(CallQueueManager.java:370)
        at app//org.apache.hadoop.ipc.Server$Handler.run(Server.java:3165)
"IPC Server handler 50 on default port 15000" daemon prio=5 tid=176 timed_waiting
java.lang.Thread.State: TIMED_WAITING
        at java.base@21.0.7/jdk.internal.misc.Unsafe.park(Native Method)
        at java.base@21.0.7/java.util.concurrent.locks.LockSupport.parkNanos(LockSupport.java:269)
        at java.base@21.0.7/java.util.concurrent.locks.AbstractQueuedSynchronizer$ConditionObject.awaitNanos(AbstractQueuedSynchronizer.java:1763)
        at java.base@21.0.7/java.util.concurrent.LinkedBlockingQueue.poll(LinkedBlockingQueue.java:460)
        at app//org.apache.hadoop.ipc.CallQueueManager.take(CallQueueManager.java:370)
        at app//org.apache.hadoop.ipc.Server$Handler.run(Server.java:3165)
"IPC Server handler 87 on default port 15001" daemon prio=5 tid=313 timed_waiting
java.lang.Thread.State: TIMED_WAITING
        at java.base@21.0.7/jdk.internal.misc.Unsafe.park(Native Method)
        at java.base@21.0.7/java.util.concurrent.locks.LockSupport.parkNanos(LockSupport.java:269)
        at java.base@21.0.7/java.util.concurrent.locks.AbstractQueuedSynchronizer$ConditionObject.awaitNanos(AbstractQueuedSynchronizer.java:1763)
        at java.base@21.0.7/java.util.concurrent.LinkedBlockingQueue.poll(LinkedBlockingQueue.java:460)
        at app//org.apache.hadoop.ipc.CallQueueManager.take(CallQueueManager.java:370)
        at app//org.apache.hadoop.ipc.Server$Handler.run(Server.java:3165)
"LeakDetector-ManagedRocksObject0" daemon prio=5 tid=49 in Object.wait()
java.lang.Thread.State: WAITING (on object monitor)
        at java.base@21.0.7/jdk.internal.misc.Unsafe.park(Native Method)
        at java.base@21.0.7/java.util.concurrent.locks.LockSupport.park(LockSupport.java:371)
        at java.base@21.0.7/java.util.concurrent.locks.AbstractQueuedSynchronizer$ConditionNode.block(AbstractQueuedSynchronizer.java:519)
        at java.base@21.0.7/java.util.concurrent.ForkJoinPool.unmanagedBlock(ForkJoinPool.java:3780)
        at java.base@21.0.7/java.util.concurrent.ForkJoinPool.managedBlock(ForkJoinPool.java:3725)
        at java.base@21.0.7/java.util.concurrent.locks.AbstractQueuedSynchronizer$ConditionObject.await(AbstractQueuedSynchronizer.java:1712)
        at java.base@21.0.7/java.lang.ref.ReferenceQueue.await(ReferenceQueue.java:67)
        at java.base@21.0.7/java.lang.ref.ReferenceQueue.remove0(ReferenceQueue.java:158)
        at java.base@21.0.7/java.lang.ref.ReferenceQueue.remove(ReferenceQueue.java:234)
        at app//org.apache.hadoop.hdds.utils.LeakDetector.run(LeakDetector.java:79)
        at app//org.apache.hadoop.hdds.utils.LeakDetector$$Lambda/0x00007fe904436198.run(Unknown Source)
        at java.base@21.0.7/java.lang.Thread.runWith(Thread.java:1596)
        at java.base@21.0.7/java.lang.Thread.run(Thread.java:1583)
"IPC Server handler 89 on default port 15002" daemon prio=5 tid=433 timed_waiting
java.lang.Thread.State: TIMED_WAITING
        at java.base@21.0.7/jdk.internal.misc.Unsafe.park(Native Method)
        at java.base@21.0.7/java.util.concurrent.locks.LockSupport.parkNanos(LockSupport.java:269)
        at java.base@21.0.7/java.util.concurrent.locks.AbstractQueuedSynchronizer$ConditionObject.awaitNanos(AbstractQueuedSynchronizer.java:1763)
        at java.base@21.0.7/java.util.concurrent.LinkedBlockingQueue.poll(LinkedBlockingQueue.java:460)
        at app//org.apache.hadoop.ipc.CallQueueManager.take(CallQueueManager.java:370)
        at app//org.apache.hadoop.ipc.Server$Handler.run(Server.java:3165)
"dacc202e-cd42-4a7a-b335-fe62dff69130-CommandProcessorThread" daemon prio=5 tid=668 timed_waiting
java.lang.Thread.State: TIMED_WAITING
        at java.base@21.0.7/java.lang.Thread.sleep0(Native Method)
        at java.base@21.0.7/java.lang.Thread.sleep(Thread.java:509)
        at app//org.apache.hadoop.ozone.container.common.statemachine.DatanodeStateMachine.lambda$initCommandHandlerThread$4(DatanodeStateMachine.java:674)
        at app//org.apache.hadoop.ozone.container.common.statemachine.DatanodeStateMachine$$Lambda/0x00007fe904823f58.run(Unknown Source)
        at java.base@21.0.7/java.lang.Thread.runWith(Thread.java:1596)
        at java.base@21.0.7/java.lang.Thread.run(Thread.java:1583)
"IPC Server handler 32 on default port 15001" daemon prio=5 tid=258 timed_waiting
java.lang.Thread.State: TIMED_WAITING
        at java.base@21.0.7/jdk.internal.misc.Unsafe.park(Native Method)
        at java.base@21.0.7/java.util.concurrent.locks.LockSupport.parkNanos(LockSupport.java:269)
        at java.base@21.0.7/java.util.concurrent.locks.AbstractQueuedSynchronizer$ConditionObject.awaitNanos(AbstractQueuedSynchronizer.java:1763)
        at java.base@21.0.7/java.util.concurrent.LinkedBlockingQueue.poll(LinkedBlockingQueue.java:460)
        at app//org.apache.hadoop.ipc.CallQueueManager.take(CallQueueManager.java:370)
        at app//org.apache.hadoop.ipc.Server$Handler.run(Server.java:3165)
"IPC Server handler 27 on default port 15001" daemon prio=5 tid=253 timed_waiting
java.lang.Thread.State: TIMED_WAITING
        at java.base@21.0.7/jdk.internal.misc.Unsafe.park(Native Method)
        at java.base@21.0.7/java.util.concurrent.locks.LockSupport.parkNanos(LockSupport.java:269)
        at java.base@21.0.7/java.util.concurrent.locks.AbstractQueuedSynchronizer$ConditionObject.awaitNanos(AbstractQueuedSynchronizer.java:1763)
        at java.base@21.0.7/java.util.concurrent.LinkedBlockingQueue.poll(LinkedBlockingQueue.java:460)
        at app//org.apache.hadoop.ipc.CallQueueManager.take(CallQueueManager.java:370)
        at app//org.apache.hadoop.ipc.Server$Handler.run(Server.java:3165)
"Session-HouseKeeper-7c182cb8-1"  prio=5 tid=586 timed_waiting
java.lang.Thread.State: TIMED_WAITING
        at java.base@21.0.7/jdk.internal.misc.Unsafe.park(Native Method)
        at java.base@21.0.7/java.util.concurrent.locks.LockSupport.parkNanos(LockSupport.java:269)
        at java.base@21.0.7/java.util.concurrent.locks.AbstractQueuedSynchronizer$ConditionObject.awaitNanos(AbstractQueuedSynchronizer.java:1763)
        at java.base@21.0.7/java.util.concurrent.ScheduledThreadPoolExecutor$DelayedWorkQueue.take(ScheduledThreadPoolExecutor.java:1182)
        at java.base@21.0.7/java.util.concurrent.ScheduledThreadPoolExecutor$DelayedWorkQueue.take(ScheduledThreadPoolExecutor.java:899)
        at java.base@21.0.7/java.util.concurrent.ThreadPoolExecutor.getTask(ThreadPoolExecutor.java:1070)
        at java.base@21.0.7/java.util.concurrent.ThreadPoolExecutor.runWorker(ThreadPoolExecutor.java:1130)
        at java.base@21.0.7/java.util.concurrent.ThreadPoolExecutor$Worker.run(ThreadPoolExecutor.java:642)
        at java.base@21.0.7/java.lang.Thread.runWith(Thread.java:1596)
        at java.base@21.0.7/java.lang.Thread.run(Thread.java:1583)
"IPC Server handler 90 on default port 15000" daemon prio=5 tid=216 timed_waiting
java.lang.Thread.State: TIMED_WAITING
        at java.base@21.0.7/jdk.internal.misc.Unsafe.park(Native Method)
        at java.base@21.0.7/java.util.concurrent.locks.LockSupport.parkNanos(LockSupport.java:269)
        at java.base@21.0.7/java.util.concurrent.locks.AbstractQueuedSynchronizer$ConditionObject.awaitNanos(AbstractQueuedSynchronizer.java:1763)
        at java.base@21.0.7/java.util.concurrent.LinkedBlockingQueue.poll(LinkedBlockingQueue.java:460)
        at app//org.apache.hadoop.ipc.CallQueueManager.take(CallQueueManager.java:370)
        at app//org.apache.hadoop.ipc.Server$Handler.run(Server.java:3165)
"IPC Server handler 29 on default port 15001" daemon prio=5 tid=255 timed_waiting
java.lang.Thread.State: TIMED_WAITING
        at java.base@21.0.7/jdk.internal.misc.Unsafe.park(Native Method)
        at java.base@21.0.7/java.util.concurrent.locks.LockSupport.parkNanos(LockSupport.java:269)
        at java.base@21.0.7/java.util.concurrent.locks.AbstractQueuedSynchronizer$ConditionObject.awaitNanos(AbstractQueuedSynchronizer.java:1763)
        at java.base@21.0.7/java.util.concurrent.LinkedBlockingQueue.poll(LinkedBlockingQueue.java:460)
        at app//org.apache.hadoop.ipc.CallQueueManager.take(CallQueueManager.java:370)
        at app//org.apache.hadoop.ipc.Server$Handler.run(Server.java:3165)
"IPC Server handler 99 on default port 15000" daemon prio=5 tid=225 timed_waiting
java.lang.Thread.State: TIMED_WAITING
        at java.base@21.0.7/jdk.internal.misc.Unsafe.park(Native Method)
        at java.base@21.0.7/java.util.concurrent.locks.LockSupport.parkNanos(LockSupport.java:269)
        at java.base@21.0.7/java.util.concurrent.locks.AbstractQueuedSynchronizer$ConditionObject.awaitNanos(AbstractQueuedSynchronizer.java:1763)
        at java.base@21.0.7/java.util.concurrent.LinkedBlockingQueue.poll(LinkedBlockingQueue.java:460)
        at app//org.apache.hadoop.ipc.CallQueueManager.take(CallQueueManager.java:370)
        at app//org.apache.hadoop.ipc.Server$Handler.run(Server.java:3165)
"Socket Reader #1 for port 15006"  prio=5 tid=456 runnable
java.lang.Thread.State: RUNNABLE
        at java.base@21.0.7/sun.nio.ch.EPoll.wait(Native Method)
        at java.base@21.0.7/sun.nio.ch.EPollSelectorImpl.doSelect(EPollSelectorImpl.java:121)
        at java.base@21.0.7/sun.nio.ch.SelectorImpl.lockAndDoSelect(SelectorImpl.java:130)
        at java.base@21.0.7/sun.nio.ch.SelectorImpl.select(SelectorImpl.java:147)
        at app//org.apache.hadoop.ipc.Server$Listener$Reader.doRunLoop(Server.java:1497)
        at app//org.apache.hadoop.ipc.Server$Listener$Reader.run(Server.java:1476)
"Socket Reader #7 for port 15019"  prio=5 tid=594 runnable
java.lang.Thread.State: RUNNABLE
        at java.base@21.0.7/sun.nio.ch.EPoll.wait(Native Method)
        at java.base@21.0.7/sun.nio.ch.EPollSelectorImpl.doSelect(EPollSelectorImpl.java:121)
        at java.base@21.0.7/sun.nio.ch.SelectorImpl.lockAndDoSelect(SelectorImpl.java:130)
        at java.base@21.0.7/sun.nio.ch.SelectorImpl.select(SelectorImpl.java:147)
        at app//org.apache.hadoop.ipc.Server$Listener$Reader.doRunLoop(Server.java:1497)
        at app//org.apache.hadoop.ipc.Server$Listener$Reader.run(Server.java:1476)
"IPC Server handler 24 on default port 15001" daemon prio=5 tid=250 timed_waiting
java.lang.Thread.State: TIMED_WAITING
        at java.base@21.0.7/jdk.internal.misc.Unsafe.park(Native Method)
        at java.base@21.0.7/java.util.concurrent.locks.LockSupport.parkNanos(LockSupport.java:269)
        at java.base@21.0.7/java.util.concurrent.locks.AbstractQueuedSynchronizer$ConditionObject.awaitNanos(AbstractQueuedSynchronizer.java:1763)
        at java.base@21.0.7/java.util.concurrent.LinkedBlockingQueue.poll(LinkedBlockingQueue.java:460)
        at app//org.apache.hadoop.ipc.CallQueueManager.take(CallQueueManager.java:370)
        at app//org.apache.hadoop.ipc.Server$Handler.run(Server.java:3165)
"IPC Server handler 59 on default port 15002" daemon prio=5 tid=403 timed_waiting
java.lang.Thread.State: TIMED_WAITING
        at java.base@21.0.7/jdk.internal.misc.Unsafe.park(Native Method)
        at java.base@21.0.7/java.util.concurrent.locks.LockSupport.parkNanos(LockSupport.java:269)
        at java.base@21.0.7/java.util.concurrent.locks.AbstractQueuedSynchronizer$ConditionObject.awaitNanos(AbstractQueuedSynchronizer.java:1763)
        at java.base@21.0.7/java.util.concurrent.LinkedBlockingQueue.poll(LinkedBlockingQueue.java:460)
        at app//org.apache.hadoop.ipc.CallQueueManager.take(CallQueueManager.java:370)
        at app//org.apache.hadoop.ipc.Server$Handler.run(Server.java:3165)
"JvmPauseMonitor1" daemon prio=5 tid=123 timed_waiting
java.lang.Thread.State: TIMED_WAITING
        at java.base@21.0.7/java.lang.Thread.sleep0(Native Method)
        at java.base@21.0.7/java.lang.Thread.sleep(Thread.java:558)
        at java.base@21.0.7/java.util.concurrent.TimeUnit.sleep(TimeUnit.java:446)
        at app//org.apache.ratis.util.TimeDuration.sleep(TimeDuration.java:353)
        at app//org.apache.ratis.util.TimeDuration.sleep(TimeDuration.java:338)
        at app//org.apache.ratis.util.JvmPauseMonitor.detectPause(JvmPauseMonitor.java:160)
        at app//org.apache.ratis.util.JvmPauseMonitor.run(JvmPauseMonitor.java:149)
        at app//org.apache.ratis.util.JvmPauseMonitor$$Lambda/0x00007fe90439a488.run(Unknown Source)
        at java.base@21.0.7/java.lang.Thread.runWith(Thread.java:1596)
        at java.base@21.0.7/java.lang.Thread.run(Thread.java:1583)
"ContainerDataScanner(/home/runner/work/ozone/ozone/hadoop-ozone/integration-test/target/test-dir/MiniOzoneClusterImpl-723737d7-d862-4a19-a51f-6b1567aa62b1/ozone-meta/datanode-4/data-0/hdds)" daemon prio=5 tid=829 timed_waiting
java.lang.Thread.State: TIMED_WAITING
        at java.base@21.0.7/java.lang.Thread.sleep0(Native Method)
        at java.base@21.0.7/java.lang.Thread.sleep(Thread.java:509)
        at app//org.apache.hadoop.ozone.container.ozoneimpl.AbstractBackgroundContainerScanner.handleRemainingSleep(AbstractBackgroundContainerScanner.java:133)
        at app//org.apache.hadoop.ozone.container.ozoneimpl.AbstractBackgroundContainerScanner.runIteration(AbstractBackgroundContainerScanner.java:100)
        at app//org.apache.hadoop.ozone.container.ozoneimpl.AbstractBackgroundContainerScanner.run(AbstractBackgroundContainerScanner.java:59)
        at java.base@21.0.7/java.lang.Thread.runWith(Thread.java:1596)
        at java.base@21.0.7/java.lang.Thread.run(Thread.java:1583)
"qtp1334632116-761" daemon prio=5 tid=761 timed_waiting
java.lang.Thread.State: TIMED_WAITING
        at java.base@21.0.7/jdk.internal.misc.Unsafe.park(Native Method)
        at java.base@21.0.7/java.util.concurrent.locks.LockSupport.parkNanos(LockSupport.java:269)
        at java.base@21.0.7/java.util.concurrent.locks.AbstractQueuedSynchronizer$ConditionObject.awaitNanos(AbstractQueuedSynchronizer.java:1763)
        at app//org.eclipse.jetty.util.BlockingArrayQueue.poll(BlockingArrayQueue.java:382)
        at app//org.eclipse.jetty.util.thread.QueuedThreadPool$Runner.idleJobPoll(QueuedThreadPool.java:974)
        at app//org.eclipse.jetty.util.thread.QueuedThreadPool$Runner.run(QueuedThreadPool.java:1018)
        at java.base@21.0.7/java.lang.Thread.runWith(Thread.java:1596)
        at java.base@21.0.7/java.lang.Thread.run(Thread.java:1583)
"Socket Reader #5 for port 15000"  prio=5 tid=99 runnable
java.lang.Thread.State: RUNNABLE
        at java.base@21.0.7/sun.nio.ch.EPoll.wait(Native Method)
        at java.base@21.0.7/sun.nio.ch.EPollSelectorImpl.doSelect(EPollSelectorImpl.java:121)
        at java.base@21.0.7/sun.nio.ch.SelectorImpl.lockAndDoSelect(SelectorImpl.java:130)
        at java.base@21.0.7/sun.nio.ch.SelectorImpl.select(SelectorImpl.java:147)
        at app//org.apache.hadoop.ipc.Server$Listener$Reader.doRunLoop(Server.java:1497)
        at app//org.apache.hadoop.ipc.Server$Listener$Reader.run(Server.java:1476)
"IPC Server handler 62 on default port 15000" daemon prio=5 tid=188 timed_waiting
java.lang.Thread.State: TIMED_WAITING
        at java.base@21.0.7/jdk.internal.misc.Unsafe.park(Native Method)
        at java.base@21.0.7/java.util.concurrent.locks.LockSupport.parkNanos(LockSupport.java:269)
        at java.base@21.0.7/java.util.concurrent.locks.AbstractQueuedSynchronizer$ConditionObject.awaitNanos(AbstractQueuedSynchronizer.java:1763)
        at java.base@21.0.7/java.util.concurrent.LinkedBlockingQueue.poll(LinkedBlockingQueue.java:460)
        at app//org.apache.hadoop.ipc.CallQueueManager.take(CallQueueManager.java:370)
        at app//org.apache.hadoop.ipc.Server$Handler.run(Server.java:3165)
"IPC Server handler 34 on default port 15002" daemon prio=5 tid=378 timed_waiting
java.lang.Thread.State: TIMED_WAITING
        at java.base@21.0.7/jdk.internal.misc.Unsafe.park(Native Method)
        at java.base@21.0.7/java.util.concurrent.locks.LockSupport.parkNanos(LockSupport.java:269)
        at java.base@21.0.7/java.util.concurrent.locks.AbstractQueuedSynchronizer$ConditionObject.awaitNanos(AbstractQueuedSynchronizer.java:1763)
        at java.base@21.0.7/java.util.concurrent.LinkedBlockingQueue.poll(LinkedBlockingQueue.java:460)
        at app//org.apache.hadoop.ipc.CallQueueManager.take(CallQueueManager.java:370)
        at app//org.apache.hadoop.ipc.Server$Handler.run(Server.java:3165)
"IPC Server handler 2 on default port 15006" daemon prio=5 tid=507 timed_waiting
java.lang.Thread.State: TIMED_WAITING
        at java.base@21.0.7/jdk.internal.misc.Unsafe.park(Native Method)
        at java.base@21.0.7/java.util.concurrent.locks.LockSupport.parkNanos(LockSupport.java:269)
        at java.base@21.0.7/java.util.concurrent.locks.AbstractQueuedSynchronizer$ConditionObject.awaitNanos(AbstractQueuedSynchronizer.java:1763)
        at java.base@21.0.7/java.util.concurrent.LinkedBlockingQueue.poll(LinkedBlockingQueue.java:460)
        at app//org.apache.hadoop.ipc.CallQueueManager.take(CallQueueManager.java:370)
        at app//org.apache.hadoop.ipc.Server$Handler.run(Server.java:3165)
"IPC Server handler 92 on default port 15002" daemon prio=5 tid=436 timed_waiting
java.lang.Thread.State: TIMED_WAITING
        at java.base@21.0.7/jdk.internal.misc.Unsafe.park(Native Method)
        at java.base@21.0.7/java.util.concurrent.locks.LockSupport.parkNanos(LockSupport.java:269)
        at java.base@21.0.7/java.util.concurrent.locks.AbstractQueuedSynchronizer$ConditionObject.awaitNanos(AbstractQueuedSynchronizer.java:1763)
        at java.base@21.0.7/java.util.concurrent.LinkedBlockingQueue.poll(LinkedBlockingQueue.java:460)
        at app//org.apache.hadoop.ipc.CallQueueManager.take(CallQueueManager.java:370)
        at app//org.apache.hadoop.ipc.Server$Handler.run(Server.java:3165)
"a755fe32-7d9a-4996-bc51-d7fbc67ab218-RocksDBCompactionThread-0"  prio=5 tid=573 timed_waiting
java.lang.Thread.State: TIMED_WAITING
        at java.base@21.0.7/jdk.internal.misc.Unsafe.park(Native Method)
        at java.base@21.0.7/java.util.concurrent.locks.LockSupport.parkNanos(LockSupport.java:269)
        at java.base@21.0.7/java.util.concurrent.locks.AbstractQueuedSynchronizer$ConditionObject.awaitNanos(AbstractQueuedSynchronizer.java:1763)
        at java.base@21.0.7/java.util.concurrent.ScheduledThreadPoolExecutor$DelayedWorkQueue.take(ScheduledThreadPoolExecutor.java:1182)
        at java.base@21.0.7/java.util.concurrent.ScheduledThreadPoolExecutor$DelayedWorkQueue.take(ScheduledThreadPoolExecutor.java:899)
        at java.base@21.0.7/java.util.concurrent.ThreadPoolExecutor.getTask(ThreadPoolExecutor.java:1070)
        at java.base@21.0.7/java.util.concurrent.ThreadPoolExecutor.runWorker(ThreadPoolExecutor.java:1130)
        at java.base@21.0.7/java.util.concurrent.ThreadPoolExecutor$Worker.run(ThreadPoolExecutor.java:642)
        at java.base@21.0.7/java.lang.Thread.runWith(Thread.java:1596)
        at java.base@21.0.7/java.lang.Thread.run(Thread.java:1583)
"qtp1044130468-579" daemon prio=5 tid=579 runnable
java.lang.Thread.State: RUNNABLE
        at java.base@21.0.7/sun.nio.ch.EPoll.wait(Native Method)
        at java.base@21.0.7/sun.nio.ch.EPollSelectorImpl.doSelect(EPollSelectorImpl.java:121)
        at java.base@21.0.7/sun.nio.ch.SelectorImpl.lockAndDoSelect(SelectorImpl.java:130)
        at java.base@21.0.7/sun.nio.ch.SelectorImpl.select(SelectorImpl.java:147)
        at app//org.eclipse.jetty.io.ManagedSelector.nioSelect(ManagedSelector.java:183)
        at app//org.eclipse.jetty.io.ManagedSelector.select(ManagedSelector.java:190)
        at app//org.eclipse.jetty.io.ManagedSelector$SelectorProducer.select(ManagedSelector.java:606)
        at app//org.eclipse.jetty.io.ManagedSelector$SelectorProducer.produce(ManagedSelector.java:543)
        at app//org.eclipse.jetty.util.thread.strategy.EatWhatYouKill.produceTask(EatWhatYouKill.java:362)
        at app//org.eclipse.jetty.util.thread.strategy.EatWhatYouKill.doProduce(EatWhatYouKill.java:186)
        at app//org.eclipse.jetty.util.thread.strategy.EatWhatYouKill.tryProduce(EatWhatYouKill.java:173)
        at app//org.eclipse.jetty.util.thread.strategy.EatWhatYouKill.produce(EatWhatYouKill.java:137)
        at app//org.eclipse.jetty.io.ManagedSelector$$Lambda/0x00007fe9046a5948.run(Unknown Source)
        at app//org.eclipse.jetty.util.thread.QueuedThreadPool.runJob(QueuedThreadPool.java:883)
        at app//org.eclipse.jetty.util.thread.QueuedThreadPool$Runner.run(QueuedThreadPool.java:1034)
        at java.base@21.0.7/java.lang.Thread.runWith(Thread.java:1596)
        at java.base@21.0.7/java.lang.Thread.run(Thread.java:1583)
"grpc-default-executor-5" daemon prio=5 tid=994 timed_waiting
java.lang.Thread.State: TIMED_WAITING
        at java.base@21.0.7/jdk.internal.misc.Unsafe.park(Native Method)
        at java.base@21.0.7/java.util.concurrent.locks.LockSupport.parkNanos(LockSupport.java:410)
        at java.base@21.0.7/java.util.concurrent.LinkedTransferQueue$DualNode.await(LinkedTransferQueue.java:452)
        at java.base@21.0.7/java.util.concurrent.SynchronousQueue$Transferer.xferLifo(SynchronousQueue.java:194)
        at java.base@21.0.7/java.util.concurrent.SynchronousQueue.xfer(SynchronousQueue.java:235)
        at java.base@21.0.7/java.util.concurrent.SynchronousQueue.poll(SynchronousQueue.java:338)
        at java.base@21.0.7/java.util.concurrent.ThreadPoolExecutor.getTask(ThreadPoolExecutor.java:1069)
        at java.base@21.0.7/java.util.concurrent.ThreadPoolExecutor.runWorker(ThreadPoolExecutor.java:1130)
        at java.base@21.0.7/java.util.concurrent.ThreadPoolExecutor$Worker.run(ThreadPoolExecutor.java:642)
        at java.base@21.0.7/java.lang.Thread.runWith(Thread.java:1596)
        at java.base@21.0.7/java.lang.Thread.run(Thread.java:1583)
"IPC Server handler 0 on default port 15002" daemon prio=5 tid=344 timed_waiting
java.lang.Thread.State: TIMED_WAITING
        at java.base@21.0.7/jdk.internal.misc.Unsafe.park(Native Method)
        at java.base@21.0.7/java.util.concurrent.locks.LockSupport.parkNanos(LockSupport.java:269)
        at java.base@21.0.7/java.util.concurrent.locks.AbstractQueuedSynchronizer$ConditionObject.awaitNanos(AbstractQueuedSynchronizer.java:1763)
        at java.base@21.0.7/java.util.concurrent.LinkedBlockingQueue.poll(LinkedBlockingQueue.java:460)
        at app//org.apache.hadoop.ipc.CallQueueManager.take(CallQueueManager.java:370)
        at app//org.apache.hadoop.ipc.Server$Handler.run(Server.java:3165)
"IPC Server handler 1 on default port 15002" daemon prio=5 tid=345 timed_waiting
java.lang.Thread.State: TIMED_WAITING
        at java.base@21.0.7/jdk.internal.misc.Unsafe.park(Native Method)
        at java.base@21.0.7/java.util.concurrent.locks.LockSupport.parkNanos(LockSupport.java:269)
        at java.base@21.0.7/java.util.concurrent.locks.AbstractQueuedSynchronizer$ConditionObject.awaitNanos(AbstractQueuedSynchronizer.java:1763)
        at java.base@21.0.7/java.util.concurrent.LinkedBlockingQueue.poll(LinkedBlockingQueue.java:460)
        at app//org.apache.hadoop.ipc.CallQueueManager.take(CallQueueManager.java:370)
        at app//org.apache.hadoop.ipc.Server$Handler.run(Server.java:3165)
"om1@group-C5BA1605619E-LeaderStateImpl" daemon prio=5 tid=634 timed_waiting
java.lang.Thread.State: TIMED_WAITING
        at java.base@21.0.7/jdk.internal.misc.Unsafe.park(Native Method)
        at java.base@21.0.7/java.util.concurrent.locks.LockSupport.parkNanos(LockSupport.java:269)
        at java.base@21.0.7/java.util.concurrent.locks.AbstractQueuedSynchronizer$ConditionObject.awaitNanos(AbstractQueuedSynchronizer.java:1763)
        at java.base@21.0.7/java.util.concurrent.ArrayBlockingQueue.poll(ArrayBlockingQueue.java:435)
        at app//org.apache.ratis.server.impl.LeaderStateImpl$EventQueue.poll(LeaderStateImpl.java:164)
        at app//org.apache.ratis.server.impl.LeaderStateImpl$EventProcessor.run(LeaderStateImpl.java:763)
"78b7fabf-ca2a-4b70-8534-e46926e2083c-groupManagement"  prio=5 tid=964 in Object.wait()
java.lang.Thread.State: WAITING (on object monitor)
        at java.base@21.0.7/jdk.internal.misc.Unsafe.park(Native Method)
        at java.base@21.0.7/java.util.concurrent.locks.LockSupport.park(LockSupport.java:371)
        at java.base@21.0.7/java.util.concurrent.locks.AbstractQueuedSynchronizer$ConditionNode.block(AbstractQueuedSynchronizer.java:519)
        at java.base@21.0.7/java.util.concurrent.ForkJoinPool.unmanagedBlock(ForkJoinPool.java:3780)
        at java.base@21.0.7/java.util.concurrent.ForkJoinPool.managedBlock(ForkJoinPool.java:3725)
        at java.base@21.0.7/java.util.concurrent.locks.AbstractQueuedSynchronizer$ConditionObject.await(AbstractQueuedSynchronizer.java:1712)
        at java.base@21.0.7/java.util.concurrent.LinkedBlockingQueue.take(LinkedBlockingQueue.java:435)
        at java.base@21.0.7/java.util.concurrent.ThreadPoolExecutor.getTask(ThreadPoolExecutor.java:1070)
        at java.base@21.0.7/java.util.concurrent.ThreadPoolExecutor.runWorker(ThreadPoolExecutor.java:1130)
        at java.base@21.0.7/java.util.concurrent.ThreadPoolExecutor$Worker.run(ThreadPoolExecutor.java:642)
        at java.base@21.0.7/java.lang.Thread.runWith(Thread.java:1596)
        at java.base@21.0.7/java.lang.Thread.run(Thread.java:1583)
"grpc-default-worker-ELG-5-1" daemon prio=5 tid=871 runnable
java.lang.Thread.State: RUNNABLE
        at app//org.apache.ratis.thirdparty.io.netty.channel.epoll.Native.epollWait0(Native Method)
        at app//org.apache.ratis.thirdparty.io.netty.channel.epoll.Native.epollWait(Native.java:193)
        at app//org.apache.ratis.thirdparty.io.netty.channel.epoll.EpollEventLoop.epollWait(EpollEventLoop.java:304)
        at app//org.apache.ratis.thirdparty.io.netty.channel.epoll.EpollEventLoop.run(EpollEventLoop.java:368)
        at app//org.apache.ratis.thirdparty.io.netty.util.concurrent.SingleThreadEventExecutor$4.run(SingleThreadEventExecutor.java:997)
        at app//org.apache.ratis.thirdparty.io.netty.util.internal.ThreadExecutorMap$2.run(ThreadExecutorMap.java:74)
        at app//org.apache.ratis.thirdparty.io.netty.util.concurrent.FastThreadLocalRunnable.run(FastThreadLocalRunnable.java:30)
        at java.base@21.0.7/java.lang.Thread.runWith(Thread.java:1596)
        at java.base@21.0.7/java.lang.Thread.run(Thread.java:1583)
"IPC Server handler 43 on default port 15000" daemon prio=5 tid=169 timed_waiting
java.lang.Thread.State: TIMED_WAITING
        at java.base@21.0.7/jdk.internal.misc.Unsafe.park(Native Method)
        at java.base@21.0.7/java.util.concurrent.locks.LockSupport.parkNanos(LockSupport.java:269)
        at java.base@21.0.7/java.util.concurrent.locks.AbstractQueuedSynchronizer$ConditionObject.awaitNanos(AbstractQueuedSynchronizer.java:1763)
        at java.base@21.0.7/java.util.concurrent.LinkedBlockingQueue.poll(LinkedBlockingQueue.java:460)
        at app//org.apache.hadoop.ipc.CallQueueManager.take(CallQueueManager.java:370)
        at app//org.apache.hadoop.ipc.Server$Handler.run(Server.java:3165)
"78b7fabf-ca2a-4b70-8534-e46926e2083c@group-24323FEED52C-cacheEviction-AwaitToRun" daemon prio=5 tid=966 in Object.wait()
java.lang.Thread.State: WAITING (on object monitor)
        at java.base@21.0.7/jdk.internal.misc.Unsafe.park(Native Method)
        at java.base@21.0.7/java.util.concurrent.locks.LockSupport.park(LockSupport.java:371)
        at java.base@21.0.7/java.util.concurrent.locks.AbstractQueuedSynchronizer$ConditionNode.block(AbstractQueuedSynchronizer.java:519)
        at java.base@21.0.7/java.util.concurrent.ForkJoinPool.unmanagedBlock(ForkJoinPool.java:3780)
        at java.base@21.0.7/java.util.concurrent.ForkJoinPool.managedBlock(ForkJoinPool.java:3725)
        at java.base@21.0.7/java.util.concurrent.locks.AbstractQueuedSynchronizer$ConditionObject.await(AbstractQueuedSynchronizer.java:1712)
        at app//org.apache.ratis.util.AwaitForSignal.await(AwaitForSignal.java:48)
        at app//org.apache.ratis.util.AwaitToRun$RunnableImpl.run(AwaitToRun.java:47)
        at java.base@21.0.7/java.lang.Thread.runWith(Thread.java:1596)
        at java.base@21.0.7/java.lang.Thread.run(Thread.java:1583)
"qtp207012443-625" daemon prio=5 tid=625 runnable
java.lang.Thread.State: RUNNABLE
        at java.base@21.0.7/sun.nio.ch.EPoll.wait(Native Method)
        at java.base@21.0.7/sun.nio.ch.EPollSelectorImpl.doSelect(EPollSelectorImpl.java:121)
        at java.base@21.0.7/sun.nio.ch.SelectorImpl.lockAndDoSelect(SelectorImpl.java:130)
        at java.base@21.0.7/sun.nio.ch.SelectorImpl.select(SelectorImpl.java:147)
        at app//org.eclipse.jetty.io.ManagedSelector.nioSelect(ManagedSelector.java:183)
        at app//org.eclipse.jetty.io.ManagedSelector.select(ManagedSelector.java:190)
        at app//org.eclipse.jetty.io.ManagedSelector$SelectorProducer.select(ManagedSelector.java:606)
        at app//org.eclipse.jetty.io.ManagedSelector$SelectorProducer.produce(ManagedSelector.java:543)
        at app//org.eclipse.jetty.util.thread.strategy.EatWhatYouKill.produceTask(EatWhatYouKill.java:362)
        at app//org.eclipse.jetty.util.thread.strategy.EatWhatYouKill.doProduce(EatWhatYouKill.java:186)
        at app//org.eclipse.jetty.util.thread.strategy.EatWhatYouKill.tryProduce(EatWhatYouKill.java:173)
        at app//org.eclipse.jetty.util.thread.strategy.EatWhatYouKill.produce(EatWhatYouKill.java:137)
        at app//org.eclipse.jetty.io.ManagedSelector$$Lambda/0x00007fe9046a5948.run(Unknown Source)
        at app//org.eclipse.jetty.util.thread.QueuedThreadPool.runJob(QueuedThreadPool.java:883)
        at app//org.eclipse.jetty.util.thread.QueuedThreadPool$Runner.run(QueuedThreadPool.java:1034)
        at java.base@21.0.7/java.lang.Thread.runWith(Thread.java:1596)
        at java.base@21.0.7/java.lang.Thread.run(Thread.java:1583)
"0cf558f4-2ca5-4c9f-a057-d7d7b755ef43@group-6B1567AA62B1-SegmentedRaftLogWorker"  prio=5 tid=119 timed_waiting
java.lang.Thread.State: TIMED_WAITING
        at java.base@21.0.7/jdk.internal.misc.Unsafe.park(Native Method)
        at java.base@21.0.7/java.util.concurrent.locks.LockSupport.parkNanos(LockSupport.java:269)
        at java.base@21.0.7/java.util.concurrent.locks.AbstractQueuedSynchronizer$ConditionObject.awaitNanos(AbstractQueuedSynchronizer.java:1763)
        at app//org.apache.ratis.util.DataBlockingQueue.poll(DataBlockingQueue.java:148)
        at app//org.apache.ratis.server.raftlog.segmented.SegmentedRaftLogWorker.run(SegmentedRaftLogWorker.java:307)
        at app//org.apache.ratis.server.raftlog.segmented.SegmentedRaftLogWorker$$Lambda/0x00007fe904381950.run(Unknown Source)
        at java.base@21.0.7/java.util.concurrent.Executors$RunnableAdapter.call(Executors.java:572)
        at java.base@21.0.7/java.util.concurrent.FutureTask.run(FutureTask.java:317)
        at java.base@21.0.7/java.util.concurrent.ThreadPoolExecutor.runWorker(ThreadPoolExecutor.java:1144)
        at java.base@21.0.7/java.util.concurrent.ThreadPoolExecutor$Worker.run(ThreadPoolExecutor.java:642)
        at java.base@21.0.7/java.lang.Thread.runWith(Thread.java:1596)
        at java.base@21.0.7/java.lang.Thread.run(Thread.java:1583)
"IPC Server handler 24 on default port 15000" daemon prio=5 tid=150 timed_waiting
java.lang.Thread.State: TIMED_WAITING
        at java.base@21.0.7/jdk.internal.misc.Unsafe.park(Native Method)
        at java.base@21.0.7/java.util.concurrent.locks.LockSupport.parkNanos(LockSupport.java:269)
        at java.base@21.0.7/java.util.concurrent.locks.AbstractQueuedSynchronizer$ConditionObject.awaitNanos(AbstractQueuedSynchronizer.java:1763)
        at java.base@21.0.7/java.util.concurrent.LinkedBlockingQueue.poll(LinkedBlockingQueue.java:460)
        at app//org.apache.hadoop.ipc.CallQueueManager.take(CallQueueManager.java:370)
        at app//org.apache.hadoop.ipc.Server$Handler.run(Server.java:3165)
"0cf558f4-2ca5-4c9f-a057-d7d7b755ef43-groupManagement"  prio=5 tid=57 in Object.wait()
java.lang.Thread.State: WAITING (on object monitor)
        at java.base@21.0.7/jdk.internal.misc.Unsafe.park(Native Method)
        at java.base@21.0.7/java.util.concurrent.locks.LockSupport.park(LockSupport.java:371)
        at java.base@21.0.7/java.util.concurrent.locks.AbstractQueuedSynchronizer$ConditionNode.block(AbstractQueuedSynchronizer.java:519)
        at java.base@21.0.7/java.util.concurrent.ForkJoinPool.unmanagedBlock(ForkJoinPool.java:3780)
        at java.base@21.0.7/java.util.concurrent.ForkJoinPool.managedBlock(ForkJoinPool.java:3725)
        at java.base@21.0.7/java.util.concurrent.locks.AbstractQueuedSynchronizer$ConditionObject.await(AbstractQueuedSynchronizer.java:1712)
        at java.base@21.0.7/java.util.concurrent.LinkedBlockingQueue.take(LinkedBlockingQueue.java:435)
        at java.base@21.0.7/java.util.concurrent.ThreadPoolExecutor.getTask(ThreadPoolExecutor.java:1070)
        at java.base@21.0.7/java.util.concurrent.ThreadPoolExecutor.runWorker(ThreadPoolExecutor.java:1130)
        at java.base@21.0.7/java.util.concurrent.ThreadPoolExecutor$Worker.run(ThreadPoolExecutor.java:642)
        at java.base@21.0.7/java.lang.Thread.runWith(Thread.java:1596)
        at java.base@21.0.7/java.lang.Thread.run(Thread.java:1583)
"Socket Reader #2 for port 15027"  prio=5 tid=641 runnable
java.lang.Thread.State: RUNNABLE
        at java.base@21.0.7/sun.nio.ch.EPoll.wait(Native Method)
        at java.base@21.0.7/sun.nio.ch.EPollSelectorImpl.doSelect(EPollSelectorImpl.java:121)
        at java.base@21.0.7/sun.nio.ch.SelectorImpl.lockAndDoSelect(SelectorImpl.java:130)
        at java.base@21.0.7/sun.nio.ch.SelectorImpl.select(SelectorImpl.java:147)
        at app//org.apache.hadoop.ipc.Server$Listener$Reader.doRunLoop(Server.java:1497)
        at app//org.apache.hadoop.ipc.Server$Listener$Reader.run(Server.java:1476)
"IPC Server handler 54 on default port 15000" daemon prio=5 tid=180 timed_waiting
java.lang.Thread.State: TIMED_WAITING
        at java.base@21.0.7/jdk.internal.misc.Unsafe.park(Native Method)
        at java.base@21.0.7/java.util.concurrent.locks.LockSupport.parkNanos(LockSupport.java:269)
        at java.base@21.0.7/java.util.concurrent.locks.AbstractQueuedSynchronizer$ConditionObject.awaitNanos(AbstractQueuedSynchronizer.java:1763)
        at java.base@21.0.7/java.util.concurrent.LinkedBlockingQueue.poll(LinkedBlockingQueue.java:460)
        at app//org.apache.hadoop.ipc.CallQueueManager.take(CallQueueManager.java:370)
        at app//org.apache.hadoop.ipc.Server$Handler.run(Server.java:3165)
"IPC Server handler 7 on default port 15035" daemon prio=5 tid=740 timed_waiting
java.lang.Thread.State: TIMED_WAITING
        at java.base@21.0.7/jdk.internal.misc.Unsafe.park(Native Method)
        at java.base@21.0.7/java.util.concurrent.locks.LockSupport.parkNanos(LockSupport.java:269)
        at java.base@21.0.7/java.util.concurrent.locks.AbstractQueuedSynchronizer$ConditionObject.awaitNanos(AbstractQueuedSynchronizer.java:1763)
        at java.base@21.0.7/java.util.concurrent.LinkedBlockingQueue.poll(LinkedBlockingQueue.java:460)
        at app//org.apache.hadoop.ipc.CallQueueManager.take(CallQueueManager.java:370)
        at app//org.apache.hadoop.ipc.Server$Handler.run(Server.java:3165)
"IPC Server handler 61 on default port 15002" daemon prio=5 tid=405 timed_waiting
java.lang.Thread.State: TIMED_WAITING
        at java.base@21.0.7/jdk.internal.misc.Unsafe.park(Native Method)
        at java.base@21.0.7/java.util.concurrent.locks.LockSupport.parkNanos(LockSupport.java:269)
        at java.base@21.0.7/java.util.concurrent.locks.AbstractQueuedSynchronizer$ConditionObject.awaitNanos(AbstractQueuedSynchronizer.java:1763)
        at java.base@21.0.7/java.util.concurrent.LinkedBlockingQueue.poll(LinkedBlockingQueue.java:460)
        at app//org.apache.hadoop.ipc.CallQueueManager.take(CallQueueManager.java:370)
        at app//org.apache.hadoop.ipc.Server$Handler.run(Server.java:3165)
"IPC Server idle connection scanner for port 15035" daemon prio=5 tid=730 timed_waiting
java.lang.Thread.State: TIMED_WAITING
        at java.base@21.0.7/java.lang.Object.wait0(Native Method)
        at java.base@21.0.7/java.lang.Object.wait(Object.java:366)
        at java.base@21.0.7/java.util.TimerThread.mainLoop(Timer.java:563)
        at java.base@21.0.7/java.util.TimerThread.run(Timer.java:516)
"Socket Reader #6 for port 15000"  prio=5 tid=100 runnable
java.lang.Thread.State: RUNNABLE
        at java.base@21.0.7/sun.nio.ch.EPoll.wait(Native Method)
        at java.base@21.0.7/sun.nio.ch.EPollSelectorImpl.doSelect(EPollSelectorImpl.java:121)
        at java.base@21.0.7/sun.nio.ch.SelectorImpl.lockAndDoSelect(SelectorImpl.java:130)
        at java.base@21.0.7/sun.nio.ch.SelectorImpl.select(SelectorImpl.java:147)
        at app//org.apache.hadoop.ipc.Server$Listener$Reader.doRunLoop(Server.java:1497)
        at app//org.apache.hadoop.ipc.Server$Listener$Reader.run(Server.java:1476)
"qtp588626443-682-acceptor-0@4ee100c-ServerConnector@2eac7950{HTTP/1.1, (http/1.1)}{0.0.0.0:15034}" daemon prio=3 tid=682 runnable
java.lang.Thread.State: RUNNABLE
        at java.base@21.0.7/sun.nio.ch.Net.accept(Native Method)
        at java.base@21.0.7/sun.nio.ch.ServerSocketChannelImpl.implAccept(ServerSocketChannelImpl.java:433)
        at java.base@21.0.7/sun.nio.ch.ServerSocketChannelImpl.accept(ServerSocketChannelImpl.java:399)
        at app//org.eclipse.jetty.server.ServerConnector.accept(ServerConnector.java:388)
        at app//org.eclipse.jetty.server.AbstractConnector$Acceptor.run(AbstractConnector.java:704)
        at app//org.eclipse.jetty.util.thread.QueuedThreadPool.runJob(QueuedThreadPool.java:883)
        at app//org.eclipse.jetty.util.thread.QueuedThreadPool$Runner.run(QueuedThreadPool.java:1034)
        at java.base@21.0.7/java.lang.Thread.runWith(Thread.java:1596)
        at java.base@21.0.7/java.lang.Thread.run(Thread.java:1583)
"Socket Reader #4 for port 15027"  prio=5 tid=643 runnable
java.lang.Thread.State: RUNNABLE
        at java.base@21.0.7/sun.nio.ch.EPoll.wait(Native Method)
        at java.base@21.0.7/sun.nio.ch.EPollSelectorImpl.doSelect(EPollSelectorImpl.java:121)
        at java.base@21.0.7/sun.nio.ch.SelectorImpl.lockAndDoSelect(SelectorImpl.java:130)
        at java.base@21.0.7/sun.nio.ch.SelectorImpl.select(SelectorImpl.java:147)
        at app//org.apache.hadoop.ipc.Server$Listener$Reader.doRunLoop(Server.java:1497)
        at app//org.apache.hadoop.ipc.Server$Listener$Reader.run(Server.java:1476)
"FixedThreadPoolWithAffinityExecutor-0-0" daemon prio=5 tid=108 timed_waiting
java.lang.Thread.State: TIMED_WAITING
        at java.base@21.0.7/jdk.internal.misc.Unsafe.park(Native Method)
        at java.base@21.0.7/java.util.concurrent.locks.LockSupport.parkNanos(LockSupport.java:269)
        at java.base@21.0.7/java.util.concurrent.locks.AbstractQueuedSynchronizer$ConditionObject.awaitNanos(AbstractQueuedSynchronizer.java:1763)
        at java.base@21.0.7/java.util.concurrent.LinkedBlockingQueue.poll(LinkedBlockingQueue.java:460)
        at app//org.apache.hadoop.hdds.scm.server.ContainerReportQueue.poll(ContainerReportQueue.java:269)
        at app//org.apache.hadoop.hdds.scm.server.ContainerReportQueue.poll(ContainerReportQueue.java:42)
        at app//org.apache.hadoop.hdds.server.events.FixedThreadPoolWithAffinityExecutor$ContainerReportProcessTask.run(FixedThreadPoolWithAffinityExecutor.java:228)
        at java.base@21.0.7/java.util.concurrent.Executors$RunnableAdapter.call(Executors.java:572)
        at java.base@21.0.7/java.util.concurrent.FutureTask.run(FutureTask.java:317)
        at java.base@21.0.7/java.util.concurrent.ThreadPoolExecutor.runWorker(ThreadPoolExecutor.java:1144)
        at java.base@21.0.7/java.util.concurrent.ThreadPoolExecutor$Worker.run(ThreadPoolExecutor.java:642)
        at java.base@21.0.7/java.lang.Thread.runWith(Thread.java:1596)
        at java.base@21.0.7/java.lang.Thread.run(Thread.java:1583)
"dacc202e-cd42-4a7a-b335-fe62dff69130-DatanodeStateMachineDaemonThread" daemon prio=10 tid=663 timed_waiting
java.lang.Thread.State: TIMED_WAITING
        at java.base@21.0.7/java.lang.Thread.sleep0(Native Method)
        at java.base@21.0.7/java.lang.Thread.sleep(Thread.java:509)
        at app//org.apache.hadoop.ozone.container.common.statemachine.DatanodeStateMachine.startStateMachineThread(DatanodeStateMachine.java:361)
        at app//org.apache.hadoop.ozone.container.common.statemachine.DatanodeStateMachine.lambda$startDaemon$1(DatanodeStateMachine.java:547)
        at app//org.apache.hadoop.ozone.container.common.statemachine.DatanodeStateMachine$$Lambda/0x00007fe904822e48.run(Unknown Source)
        at java.base@21.0.7/java.lang.Thread.runWith(Thread.java:1596)
        at java.base@21.0.7/java.lang.Thread.run(Thread.java:1583)
"IPC Server handler 42 on default port 15000" daemon prio=5 tid=168 timed_waiting
java.lang.Thread.State: TIMED_WAITING
        at java.base@21.0.7/jdk.internal.misc.Unsafe.park(Native Method)
        at java.base@21.0.7/java.util.concurrent.locks.LockSupport.parkNanos(LockSupport.java:269)
        at java.base@21.0.7/java.util.concurrent.locks.AbstractQueuedSynchronizer$ConditionObject.awaitNanos(AbstractQueuedSynchronizer.java:1763)
        at java.base@21.0.7/java.util.concurrent.LinkedBlockingQueue.poll(LinkedBlockingQueue.java:460)
        at app//org.apache.hadoop.ipc.CallQueueManager.take(CallQueueManager.java:370)
        at app//org.apache.hadoop.ipc.Server$Handler.run(Server.java:3165)
"IPC Server handler 85 on default port 15001" daemon prio=5 tid=311 timed_waiting
java.lang.Thread.State: TIMED_WAITING
        at java.base@21.0.7/jdk.internal.misc.Unsafe.park(Native Method)
        at java.base@21.0.7/java.util.concurrent.locks.LockSupport.parkNanos(LockSupport.java:269)
        at java.base@21.0.7/java.util.concurrent.locks.AbstractQueuedSynchronizer$ConditionObject.awaitNanos(AbstractQueuedSynchronizer.java:1763)
        at java.base@21.0.7/java.util.concurrent.LinkedBlockingQueue.poll(LinkedBlockingQueue.java:460)
        at app//org.apache.hadoop.ipc.CallQueueManager.take(CallQueueManager.java:370)
        at app//org.apache.hadoop.ipc.Server$Handler.run(Server.java:3165)
"qtp588626443-683" daemon prio=5 tid=683 timed_waiting
java.lang.Thread.State: TIMED_WAITING
        at java.base@21.0.7/jdk.internal.misc.Unsafe.park(Native Method)
        at java.base@21.0.7/java.util.concurrent.locks.LockSupport.parkNanos(LockSupport.java:269)
        at java.base@21.0.7/java.util.concurrent.locks.AbstractQueuedSynchronizer$ConditionObject.awaitNanos(AbstractQueuedSynchronizer.java:1763)
        at app//org.eclipse.jetty.util.BlockingArrayQueue.poll(BlockingArrayQueue.java:382)
        at app//org.eclipse.jetty.util.thread.QueuedThreadPool$Runner.idleJobPoll(QueuedThreadPool.java:974)
        at app//org.eclipse.jetty.util.thread.QueuedThreadPool$Runner.run(QueuedThreadPool.java:1018)
        at java.base@21.0.7/java.lang.Thread.runWith(Thread.java:1596)
        at java.base@21.0.7/java.lang.Thread.run(Thread.java:1583)
"IPC Server idle connection scanner for port 15002" daemon prio=5 tid=77 timed_waiting
java.lang.Thread.State: TIMED_WAITING
        at java.base@21.0.7/java.lang.Object.wait0(Native Method)
        at java.base@21.0.7/java.lang.Object.wait(Object.java:366)
        at java.base@21.0.7/java.util.TimerThread.mainLoop(Timer.java:563)
        at java.base@21.0.7/java.util.TimerThread.run(Timer.java:516)
"IPC Server Responder" daemon prio=5 tid=78 runnable
java.lang.Thread.State: RUNNABLE
        at java.base@21.0.7/sun.nio.ch.EPoll.wait(Native Method)
        at java.base@21.0.7/sun.nio.ch.EPollSelectorImpl.doSelect(EPollSelectorImpl.java:121)
        at java.base@21.0.7/sun.nio.ch.SelectorImpl.lockAndDoSelect(SelectorImpl.java:130)
        at java.base@21.0.7/sun.nio.ch.SelectorImpl.select(SelectorImpl.java:142)
        at app//org.apache.hadoop.ipc.Server$Responder.doRunLoop(Server.java:1733)
        at app//org.apache.hadoop.ipc.Server$Responder.run(Server.java:1716)
"IPC Server handler 26 on default port 15001" daemon prio=5 tid=252 timed_waiting
java.lang.Thread.State: TIMED_WAITING
        at java.base@21.0.7/jdk.internal.misc.Unsafe.park(Native Method)
        at java.base@21.0.7/java.util.concurrent.locks.LockSupport.parkNanos(LockSupport.java:269)
        at java.base@21.0.7/java.util.concurrent.locks.AbstractQueuedSynchronizer$ConditionObject.awaitNanos(AbstractQueuedSynchronizer.java:1763)
        at java.base@21.0.7/java.util.concurrent.LinkedBlockingQueue.poll(LinkedBlockingQueue.java:460)
        at app//org.apache.hadoop.ipc.CallQueueManager.take(CallQueueManager.java:370)
        at app//org.apache.hadoop.ipc.Server$Handler.run(Server.java:3165)
"IPC Server handler 4 on default port 15035" daemon prio=5 tid=737 timed_waiting
java.lang.Thread.State: TIMED_WAITING
        at java.base@21.0.7/jdk.internal.misc.Unsafe.park(Native Method)
        at java.base@21.0.7/java.util.concurrent.locks.LockSupport.parkNanos(LockSupport.java:269)
        at java.base@21.0.7/java.util.concurrent.locks.AbstractQueuedSynchronizer$ConditionObject.awaitNanos(AbstractQueuedSynchronizer.java:1763)
        at java.base@21.0.7/java.util.concurrent.LinkedBlockingQueue.poll(LinkedBlockingQueue.java:460)
        at app//org.apache.hadoop.ipc.CallQueueManager.take(CallQueueManager.java:370)
        at app//org.apache.hadoop.ipc.Server$Handler.run(Server.java:3165)
"Timer for 'StorageContainerManager' metrics system" daemon prio=5 tid=125 timed_waiting
java.lang.Thread.State: TIMED_WAITING
        at java.base@21.0.7/java.lang.Object.wait0(Native Method)
        at java.base@21.0.7/java.lang.Object.wait(Object.java:366)
        at java.base@21.0.7/java.util.TimerThread.mainLoop(Timer.java:563)
        at java.base@21.0.7/java.util.TimerThread.run(Timer.java:516)
"IPC Server handler 54 on default port 15001" daemon prio=5 tid=280 timed_waiting
java.lang.Thread.State: TIMED_WAITING
        at java.base@21.0.7/jdk.internal.misc.Unsafe.park(Native Method)
        at java.base@21.0.7/java.util.concurrent.locks.LockSupport.parkNanos(LockSupport.java:269)
        at java.base@21.0.7/java.util.concurrent.locks.AbstractQueuedSynchronizer$ConditionObject.awaitNanos(AbstractQueuedSynchronizer.java:1763)
        at java.base@21.0.7/java.util.concurrent.LinkedBlockingQueue.poll(LinkedBlockingQueue.java:460)
        at app//org.apache.hadoop.ipc.CallQueueManager.take(CallQueueManager.java:370)
        at app//org.apache.hadoop.ipc.Server$Handler.run(Server.java:3165)
"IPC Server handler 95 on default port 15001" daemon prio=5 tid=321 timed_waiting
java.lang.Thread.State: TIMED_WAITING
        at java.base@21.0.7/jdk.internal.misc.Unsafe.park(Native Method)
        at java.base@21.0.7/java.util.concurrent.locks.LockSupport.parkNanos(LockSupport.java:269)
        at java.base@21.0.7/java.util.concurrent.locks.AbstractQueuedSynchronizer$ConditionObject.awaitNanos(AbstractQueuedSynchronizer.java:1763)
        at java.base@21.0.7/java.util.concurrent.LinkedBlockingQueue.poll(LinkedBlockingQueue.java:460)
        at app//org.apache.hadoop.ipc.CallQueueManager.take(CallQueueManager.java:370)
        at app//org.apache.hadoop.ipc.Server$Handler.run(Server.java:3165)
"IPC Server handler 74 on default port 15002" daemon prio=5 tid=418 timed_waiting
java.lang.Thread.State: TIMED_WAITING
        at java.base@21.0.7/jdk.internal.misc.Unsafe.park(Native Method)
        at java.base@21.0.7/java.util.concurrent.locks.LockSupport.parkNanos(LockSupport.java:269)
        at java.base@21.0.7/java.util.concurrent.locks.AbstractQueuedSynchronizer$ConditionObject.awaitNanos(AbstractQueuedSynchronizer.java:1763)
        at java.base@21.0.7/java.util.concurrent.LinkedBlockingQueue.poll(LinkedBlockingQueue.java:460)
        at app//org.apache.hadoop.ipc.CallQueueManager.take(CallQueueManager.java:370)
        at app//org.apache.hadoop.ipc.Server$Handler.run(Server.java:3165)
"2b1bfca1-1fdc-4b0a-9b4d-c21112718afa-BlockDeletingService#1" daemon prio=5 tid=839 in Object.wait()
java.lang.Thread.State: WAITING (on object monitor)
        at java.base@21.0.7/jdk.internal.misc.Unsafe.park(Native Method)
        at java.base@21.0.7/java.util.concurrent.locks.LockSupport.park(LockSupport.java:371)
        at java.base@21.0.7/java.util.concurrent.locks.AbstractQueuedSynchronizer$ConditionNode.block(AbstractQueuedSynchronizer.java:519)
        at java.base@21.0.7/java.util.concurrent.ForkJoinPool.unmanagedBlock(ForkJoinPool.java:3780)
        at java.base@21.0.7/java.util.concurrent.ForkJoinPool.managedBlock(ForkJoinPool.java:3725)
        at java.base@21.0.7/java.util.concurrent.locks.AbstractQueuedSynchronizer$ConditionObject.await(AbstractQueuedSynchronizer.java:1712)
        at java.base@21.0.7/java.util.concurrent.ScheduledThreadPoolExecutor$DelayedWorkQueue.take(ScheduledThreadPoolExecutor.java:1177)
        at java.base@21.0.7/java.util.concurrent.ScheduledThreadPoolExecutor$DelayedWorkQueue.take(ScheduledThreadPoolExecutor.java:899)
        at java.base@21.0.7/java.util.concurrent.ThreadPoolExecutor.getTask(ThreadPoolExecutor.java:1070)
        at java.base@21.0.7/java.util.concurrent.ThreadPoolExecutor.runWorker(ThreadPoolExecutor.java:1130)
        at java.base@21.0.7/java.util.concurrent.ThreadPoolExecutor$Worker.run(ThreadPoolExecutor.java:642)
        at java.base@21.0.7/java.lang.Thread.runWith(Thread.java:1596)
        at java.base@21.0.7/java.lang.Thread.run(Thread.java:1583)
"grpc-default-executor-3" daemon prio=5 tid=992 timed_waiting
java.lang.Thread.State: TIMED_WAITING
        at java.base@21.0.7/jdk.internal.misc.Unsafe.park(Native Method)
        at java.base@21.0.7/java.util.concurrent.locks.LockSupport.parkNanos(LockSupport.java:410)
        at java.base@21.0.7/java.util.concurrent.LinkedTransferQueue$DualNode.await(LinkedTransferQueue.java:452)
        at java.base@21.0.7/java.util.concurrent.SynchronousQueue$Transferer.xferLifo(SynchronousQueue.java:194)
        at java.base@21.0.7/java.util.concurrent.SynchronousQueue.xfer(SynchronousQueue.java:235)
        at java.base@21.0.7/java.util.concurrent.SynchronousQueue.poll(SynchronousQueue.java:338)
        at java.base@21.0.7/java.util.concurrent.ThreadPoolExecutor.getTask(ThreadPoolExecutor.java:1069)
        at java.base@21.0.7/java.util.concurrent.ThreadPoolExecutor.runWorker(ThreadPoolExecutor.java:1130)
        at java.base@21.0.7/java.util.concurrent.ThreadPoolExecutor$Worker.run(ThreadPoolExecutor.java:642)
        at java.base@21.0.7/java.lang.Thread.runWith(Thread.java:1596)
        at java.base@21.0.7/java.lang.Thread.run(Thread.java:1583)
"FixedThreadPoolWithAffinityExecutor-6-0" daemon prio=5 tid=114 timed_waiting
java.lang.Thread.State: TIMED_WAITING
        at java.base@21.0.7/jdk.internal.misc.Unsafe.park(Native Method)
        at java.base@21.0.7/java.util.concurrent.locks.LockSupport.parkNanos(LockSupport.java:269)
        at java.base@21.0.7/java.util.concurrent.locks.AbstractQueuedSynchronizer$ConditionObject.awaitNanos(AbstractQueuedSynchronizer.java:1763)
        at java.base@21.0.7/java.util.concurrent.LinkedBlockingQueue.poll(LinkedBlockingQueue.java:460)
        at app//org.apache.hadoop.hdds.scm.server.ContainerReportQueue.poll(ContainerReportQueue.java:269)
        at app//org.apache.hadoop.hdds.scm.server.ContainerReportQueue.poll(ContainerReportQueue.java:42)
        at app//org.apache.hadoop.hdds.server.events.FixedThreadPoolWithAffinityExecutor$ContainerReportProcessTask.run(FixedThreadPoolWithAffinityExecutor.java:228)
        at java.base@21.0.7/java.util.concurrent.Executors$RunnableAdapter.call(Executors.java:572)
        at java.base@21.0.7/java.util.concurrent.FutureTask.run(FutureTask.java:317)
        at java.base@21.0.7/java.util.concurrent.ThreadPoolExecutor.runWorker(ThreadPoolExecutor.java:1144)
        at java.base@21.0.7/java.util.concurrent.ThreadPoolExecutor$Worker.run(ThreadPoolExecutor.java:642)
        at java.base@21.0.7/java.lang.Thread.runWith(Thread.java:1596)
        at java.base@21.0.7/java.lang.Thread.run(Thread.java:1583)
"IPC Server handler 87 on default port 15000" daemon prio=5 tid=213 timed_waiting
java.lang.Thread.State: TIMED_WAITING
        at java.base@21.0.7/jdk.internal.misc.Unsafe.park(Native Method)
        at java.base@21.0.7/java.util.concurrent.locks.LockSupport.parkNanos(LockSupport.java:269)
        at java.base@21.0.7/java.util.concurrent.locks.AbstractQueuedSynchronizer$ConditionObject.awaitNanos(AbstractQueuedSynchronizer.java:1763)
        at java.base@21.0.7/java.util.concurrent.LinkedBlockingQueue.poll(LinkedBlockingQueue.java:460)
        at app//org.apache.hadoop.ipc.CallQueueManager.take(CallQueueManager.java:370)
        at app//org.apache.hadoop.ipc.Server$Handler.run(Server.java:3165)
"2b1bfca1-1fdc-4b0a-9b4d-c21112718afa@group-0D69DBD4F9B0-StateMachineUpdater" daemon prio=5 tid=962 timed_waiting
java.lang.Thread.State: TIMED_WAITING
        at java.base@21.0.7/jdk.internal.misc.Unsafe.park(Native Method)
        at java.base@21.0.7/java.util.concurrent.locks.LockSupport.parkNanos(LockSupport.java:269)
        at java.base@21.0.7/java.util.concurrent.locks.AbstractQueuedSynchronizer$ConditionObject.await(AbstractQueuedSynchronizer.java:1852)
        at app//org.apache.ratis.util.AwaitForSignal.await(AwaitForSignal.java:65)
        at app//org.apache.ratis.server.impl.StateMachineUpdater.waitForCommit(StateMachineUpdater.java:219)
        at app//org.apache.ratis.server.impl.StateMachineUpdater.run(StateMachineUpdater.java:187)
        at java.base@21.0.7/java.lang.Thread.runWith(Thread.java:1596)
        at java.base@21.0.7/java.lang.Thread.run(Thread.java:1583)
"2b1bfca1-1fdc-4b0a-9b4d-c21112718afa@group-0D69DBD4F9B0-SegmentedRaftLogWorker"  prio=5 tid=960 timed_waiting
java.lang.Thread.State: TIMED_WAITING
        at java.base@21.0.7/jdk.internal.misc.Unsafe.park(Native Method)
        at java.base@21.0.7/java.util.concurrent.locks.LockSupport.parkNanos(LockSupport.java:269)
        at java.base@21.0.7/java.util.concurrent.locks.AbstractQueuedSynchronizer$ConditionObject.awaitNanos(AbstractQueuedSynchronizer.java:1763)
        at app//org.apache.ratis.util.DataBlockingQueue.poll(DataBlockingQueue.java:148)
        at app//org.apache.ratis.server.raftlog.segmented.SegmentedRaftLogWorker.run(SegmentedRaftLogWorker.java:307)
        at app//org.apache.ratis.server.raftlog.segmented.SegmentedRaftLogWorker$$Lambda/0x00007fe904381950.run(Unknown Source)
        at java.base@21.0.7/java.util.concurrent.Executors$RunnableAdapter.call(Executors.java:572)
        at java.base@21.0.7/java.util.concurrent.FutureTask.run(FutureTask.java:317)
        at java.base@21.0.7/java.util.concurrent.ThreadPoolExecutor.runWorker(ThreadPoolExecutor.java:1144)
        at java.base@21.0.7/java.util.concurrent.ThreadPoolExecutor$Worker.run(ThreadPoolExecutor.java:642)
        at java.base@21.0.7/java.lang.Thread.runWith(Thread.java:1596)
        at java.base@21.0.7/java.lang.Thread.run(Thread.java:1583)
"Socket Reader #4 for port 15002"  prio=5 tid=70 runnable
java.lang.Thread.State: RUNNABLE
        at java.base@21.0.7/sun.nio.ch.EPoll.wait(Native Method)
        at java.base@21.0.7/sun.nio.ch.EPollSelectorImpl.doSelect(EPollSelectorImpl.java:121)
        at java.base@21.0.7/sun.nio.ch.SelectorImpl.lockAndDoSelect(SelectorImpl.java:130)
        at java.base@21.0.7/sun.nio.ch.SelectorImpl.select(SelectorImpl.java:147)
        at app//org.apache.hadoop.ipc.Server$Listener$Reader.doRunLoop(Server.java:1497)
        at app//org.apache.hadoop.ipc.Server$Listener$Reader.run(Server.java:1476)
"IPC Server handler 59 on default port 15000" daemon prio=5 tid=185 timed_waiting
java.lang.Thread.State: TIMED_WAITING
        at java.base@21.0.7/jdk.internal.misc.Unsafe.park(Native Method)
        at java.base@21.0.7/java.util.concurrent.locks.LockSupport.parkNanos(LockSupport.java:269)
        at java.base@21.0.7/java.util.concurrent.locks.AbstractQueuedSynchronizer$ConditionObject.awaitNanos(AbstractQueuedSynchronizer.java:1763)
        at java.base@21.0.7/java.util.concurrent.LinkedBlockingQueue.poll(LinkedBlockingQueue.java:460)
        at app//org.apache.hadoop.ipc.CallQueueManager.take(CallQueueManager.java:370)
        at app//org.apache.hadoop.ipc.Server$Handler.run(Server.java:3165)
"IPC Server handler 15 on default port 15006" daemon prio=5 tid=520 timed_waiting
java.lang.Thread.State: TIMED_WAITING
        at java.base@21.0.7/jdk.internal.misc.Unsafe.park(Native Method)
        at java.base@21.0.7/java.util.concurrent.locks.LockSupport.parkNanos(LockSupport.java:269)
        at java.base@21.0.7/java.util.concurrent.locks.AbstractQueuedSynchronizer$ConditionObject.awaitNanos(AbstractQueuedSynchronizer.java:1763)
        at java.base@21.0.7/java.util.concurrent.LinkedBlockingQueue.poll(LinkedBlockingQueue.java:460)
        at app//org.apache.hadoop.ipc.CallQueueManager.take(CallQueueManager.java:370)
        at app//org.apache.hadoop.ipc.Server$Handler.run(Server.java:3165)
"IPC Server handler 15 on default port 15001" daemon prio=5 tid=241 timed_waiting
java.lang.Thread.State: TIMED_WAITING
        at java.base@21.0.7/jdk.internal.misc.Unsafe.park(Native Method)
        at java.base@21.0.7/java.util.concurrent.locks.LockSupport.parkNanos(LockSupport.java:269)
        at java.base@21.0.7/java.util.concurrent.locks.AbstractQueuedSynchronizer$ConditionObject.awaitNanos(AbstractQueuedSynchronizer.java:1763)
        at java.base@21.0.7/java.util.concurrent.LinkedBlockingQueue.poll(LinkedBlockingQueue.java:460)
        at app//org.apache.hadoop.ipc.CallQueueManager.take(CallQueueManager.java:370)
        at app//org.apache.hadoop.ipc.Server$Handler.run(Server.java:3165)
"ContainerDataScanner(/home/runner/work/ozone/ozone/hadoop-ozone/integration-test/target/test-dir/MiniOzoneClusterImpl-723737d7-d862-4a19-a51f-6b1567aa62b1/ozone-meta/datanode-5/data-0/hdds)" daemon prio=5 tid=849 timed_waiting
java.lang.Thread.State: TIMED_WAITING
        at java.base@21.0.7/java.lang.Thread.sleep0(Native Method)
        at java.base@21.0.7/java.lang.Thread.sleep(Thread.java:509)
        at app//org.apache.hadoop.ozone.container.ozoneimpl.AbstractBackgroundContainerScanner.handleRemainingSleep(AbstractBackgroundContainerScanner.java:133)
        at app//org.apache.hadoop.ozone.container.ozoneimpl.AbstractBackgroundContainerScanner.runIteration(AbstractBackgroundContainerScanner.java:100)
        at app//org.apache.hadoop.ozone.container.ozoneimpl.AbstractBackgroundContainerScanner.run(AbstractBackgroundContainerScanner.java:59)
        at java.base@21.0.7/java.lang.Thread.runWith(Thread.java:1596)
        at java.base@21.0.7/java.lang.Thread.run(Thread.java:1583)
"IPC Server handler 10 on default port 15001" daemon prio=5 tid=236 timed_waiting
java.lang.Thread.State: TIMED_WAITING
        at java.base@21.0.7/jdk.internal.misc.Unsafe.park(Native Method)
        at java.base@21.0.7/java.util.concurrent.locks.LockSupport.parkNanos(LockSupport.java:269)
        at java.base@21.0.7/java.util.concurrent.locks.AbstractQueuedSynchronizer$ConditionObject.awaitNanos(AbstractQueuedSynchronizer.java:1763)
        at java.base@21.0.7/java.util.concurrent.LinkedBlockingQueue.poll(LinkedBlockingQueue.java:460)
        at app//org.apache.hadoop.ipc.CallQueueManager.take(CallQueueManager.java:370)
        at app//org.apache.hadoop.ipc.Server$Handler.run(Server.java:3165)
"IPC Server handler 5 on default port 15027" daemon prio=5 tid=658 timed_waiting
java.lang.Thread.State: TIMED_WAITING
        at java.base@21.0.7/jdk.internal.misc.Unsafe.park(Native Method)
        at java.base@21.0.7/java.util.concurrent.locks.LockSupport.parkNanos(LockSupport.java:269)
        at java.base@21.0.7/java.util.concurrent.locks.AbstractQueuedSynchronizer$ConditionObject.awaitNanos(AbstractQueuedSynchronizer.java:1763)
        at java.base@21.0.7/java.util.concurrent.LinkedBlockingQueue.poll(LinkedBlockingQueue.java:460)
        at app//org.apache.hadoop.ipc.CallQueueManager.take(CallQueueManager.java:370)
        at app//org.apache.hadoop.ipc.Server$Handler.run(Server.java:3165)
"DatanodeAdminManager-0" daemon prio=5 tid=65 timed_waiting
java.lang.Thread.State: TIMED_WAITING
        at java.base@21.0.7/jdk.internal.misc.Unsafe.park(Native Method)
        at java.base@21.0.7/java.util.concurrent.locks.LockSupport.parkNanos(LockSupport.java:269)
        at java.base@21.0.7/java.util.concurrent.locks.AbstractQueuedSynchronizer$ConditionObject.awaitNanos(AbstractQueuedSynchronizer.java:1763)
        at java.base@21.0.7/java.util.concurrent.ScheduledThreadPoolExecutor$DelayedWorkQueue.take(ScheduledThreadPoolExecutor.java:1182)
        at java.base@21.0.7/java.util.concurrent.ScheduledThreadPoolExecutor$DelayedWorkQueue.take(ScheduledThreadPoolExecutor.java:899)
        at java.base@21.0.7/java.util.concurrent.ThreadPoolExecutor.getTask(ThreadPoolExecutor.java:1070)
        at java.base@21.0.7/java.util.concurrent.ThreadPoolExecutor.runWorker(ThreadPoolExecutor.java:1130)
        at java.base@21.0.7/java.util.concurrent.ThreadPoolExecutor$Worker.run(ThreadPoolExecutor.java:642)
        at java.base@21.0.7/java.lang.Thread.runWith(Thread.java:1596)
        at java.base@21.0.7/java.lang.Thread.run(Thread.java:1583)
"dacc202e-cd42-4a7a-b335-fe62dff69130-DatanodeReportManager-0" daemon prio=5 tid=664 in Object.wait()
java.lang.Thread.State: WAITING (on object monitor)
        at java.base@21.0.7/jdk.internal.misc.Unsafe.park(Native Method)
        at java.base@21.0.7/java.util.concurrent.locks.LockSupport.park(LockSupport.java:371)
        at java.base@21.0.7/java.util.concurrent.locks.AbstractQueuedSynchronizer$ConditionNode.block(AbstractQueuedSynchronizer.java:519)
        at java.base@21.0.7/java.util.concurrent.ForkJoinPool.unmanagedBlock(ForkJoinPool.java:3780)
        at java.base@21.0.7/java.util.concurrent.ForkJoinPool.managedBlock(ForkJoinPool.java:3725)
        at java.base@21.0.7/java.util.concurrent.locks.AbstractQueuedSynchronizer$ConditionObject.await(AbstractQueuedSynchronizer.java:1712)
        at java.base@21.0.7/java.util.concurrent.ScheduledThreadPoolExecutor$DelayedWorkQueue.take(ScheduledThreadPoolExecutor.java:1177)
        at java.base@21.0.7/java.util.concurrent.ScheduledThreadPoolExecutor$DelayedWorkQueue.take(ScheduledThreadPoolExecutor.java:899)
        at java.base@21.0.7/java.util.concurrent.ThreadPoolExecutor.getTask(ThreadPoolExecutor.java:1070)
        at java.base@21.0.7/java.util.concurrent.ThreadPoolExecutor.runWorker(ThreadPoolExecutor.java:1130)
        at java.base@21.0.7/java.util.concurrent.ThreadPoolExecutor$Worker.run(ThreadPoolExecutor.java:642)
        at java.base@21.0.7/java.lang.Thread.runWith(Thread.java:1596)
        at java.base@21.0.7/java.lang.Thread.run(Thread.java:1583)
"IPC Server handler 1 on default port 15027" daemon prio=5 tid=654 timed_waiting
java.lang.Thread.State: TIMED_WAITING
        at java.base@21.0.7/jdk.internal.misc.Unsafe.park(Native Method)
        at java.base@21.0.7/java.util.concurrent.locks.LockSupport.parkNanos(LockSupport.java:269)
        at java.base@21.0.7/java.util.concurrent.locks.AbstractQueuedSynchronizer$ConditionObject.awaitNanos(AbstractQueuedSynchronizer.java:1763)
        at java.base@21.0.7/java.util.concurrent.LinkedBlockingQueue.poll(LinkedBlockingQueue.java:460)
        at app//org.apache.hadoop.ipc.CallQueueManager.take(CallQueueManager.java:370)
        at app//org.apache.hadoop.ipc.Server$Handler.run(Server.java:3165)
"IPC Server handler 96 on default port 15001" daemon prio=5 tid=322 timed_waiting
java.lang.Thread.State: TIMED_WAITING
        at java.base@21.0.7/jdk.internal.misc.Unsafe.park(Native Method)
        at java.base@21.0.7/java.util.concurrent.locks.LockSupport.parkNanos(LockSupport.java:269)
        at java.base@21.0.7/java.util.concurrent.locks.AbstractQueuedSynchronizer$ConditionObject.awaitNanos(AbstractQueuedSynchronizer.java:1763)
        at java.base@21.0.7/java.util.concurrent.LinkedBlockingQueue.poll(LinkedBlockingQueue.java:460)
        at app//org.apache.hadoop.ipc.CallQueueManager.take(CallQueueManager.java:370)
        at app//org.apache.hadoop.ipc.Server$Handler.run(Server.java:3165)
"IPC Server handler 0 on default port 15001" daemon prio=5 tid=226 timed_waiting
java.lang.Thread.State: TIMED_WAITING
        at java.base@21.0.7/jdk.internal.misc.Unsafe.park(Native Method)
        at java.base@21.0.7/java.util.concurrent.locks.LockSupport.parkNanos(LockSupport.java:269)
        at java.base@21.0.7/java.util.concurrent.locks.AbstractQueuedSynchronizer$ConditionObject.awaitNanos(AbstractQueuedSynchronizer.java:1763)
        at java.base@21.0.7/java.util.concurrent.LinkedBlockingQueue.poll(LinkedBlockingQueue.java:460)
        at app//org.apache.hadoop.ipc.CallQueueManager.take(CallQueueManager.java:370)
        at app//org.apache.hadoop.ipc.Server$Handler.run(Server.java:3165)
"timer3" daemon prio=5 tid=1001 timed_waiting
java.lang.Thread.State: TIMED_WAITING
        at java.base@21.0.7/java.lang.Object.wait0(Native Method)
        at java.base@21.0.7/java.lang.Object.wait(Object.java:366)
        at java.base@21.0.7/java.util.TimerThread.mainLoop(Timer.java:563)
        at java.base@21.0.7/java.util.TimerThread.run(Timer.java:516)
"surefire-forkedjvm-ping-30s" daemon prio=5 tid=27 timed_waiting
java.lang.Thread.State: TIMED_WAITING
        at java.base@21.0.7/jdk.internal.misc.Unsafe.park(Native Method)
        at java.base@21.0.7/java.util.concurrent.locks.LockSupport.parkNanos(LockSupport.java:269)
        at java.base@21.0.7/java.util.concurrent.locks.AbstractQueuedSynchronizer$ConditionObject.awaitNanos(AbstractQueuedSynchronizer.java:1763)
        at java.base@21.0.7/java.util.concurrent.ScheduledThreadPoolExecutor$DelayedWorkQueue.take(ScheduledThreadPoolExecutor.java:1182)
        at java.base@21.0.7/java.util.concurrent.ScheduledThreadPoolExecutor$DelayedWorkQueue.take(ScheduledThreadPoolExecutor.java:899)
        at java.base@21.0.7/java.util.concurrent.ThreadPoolExecutor.getTask(ThreadPoolExecutor.java:1070)
        at java.base@21.0.7/java.util.concurrent.ThreadPoolExecutor.runWorker(ThreadPoolExecutor.java:1130)
        at java.base@21.0.7/java.util.concurrent.ThreadPoolExecutor$Worker.run(ThreadPoolExecutor.java:642)
        at java.base@21.0.7/java.lang.Thread.runWith(Thread.java:1596)
        at java.base@21.0.7/java.lang.Thread.run(Thread.java:1583)
"EventQueue-StaleNodeForStaleNodeHandler" daemon prio=5 tid=1050 in Object.wait()
java.lang.Thread.State: WAITING (on object monitor)
        at java.base@21.0.7/jdk.internal.misc.Unsafe.park(Native Method)
        at java.base@21.0.7/java.util.concurrent.locks.LockSupport.park(LockSupport.java:371)
        at java.base@21.0.7/java.util.concurrent.locks.AbstractQueuedSynchronizer$ConditionNode.block(AbstractQueuedSynchronizer.java:519)
        at java.base@21.0.7/java.util.concurrent.ForkJoinPool.unmanagedBlock(ForkJoinPool.java:3780)
        at java.base@21.0.7/java.util.concurrent.ForkJoinPool.managedBlock(ForkJoinPool.java:3725)
        at java.base@21.0.7/java.util.concurrent.locks.AbstractQueuedSynchronizer$ConditionObject.await(AbstractQueuedSynchronizer.java:1712)
        at java.base@21.0.7/java.util.concurrent.LinkedBlockingQueue.take(LinkedBlockingQueue.java:435)
        at java.base@21.0.7/java.util.concurrent.ThreadPoolExecutor.getTask(ThreadPoolExecutor.java:1070)
        at java.base@21.0.7/java.util.concurrent.ThreadPoolExecutor.runWorker(ThreadPoolExecutor.java:1130)
        at java.base@21.0.7/java.util.concurrent.ThreadPoolExecutor$Worker.run(ThreadPoolExecutor.java:642)
        at java.base@21.0.7/java.lang.Thread.runWith(Thread.java:1596)
        at java.base@21.0.7/java.lang.Thread.run(Thread.java:1583)
"IPC Server handler 79 on default port 15001" daemon prio=5 tid=305 timed_waiting
java.lang.Thread.State: TIMED_WAITING
        at java.base@21.0.7/jdk.internal.misc.Unsafe.park(Native Method)
        at java.base@21.0.7/java.util.concurrent.locks.LockSupport.parkNanos(LockSupport.java:269)
        at java.base@21.0.7/java.util.concurrent.locks.AbstractQueuedSynchronizer$ConditionObject.awaitNanos(AbstractQueuedSynchronizer.java:1763)
        at java.base@21.0.7/java.util.concurrent.LinkedBlockingQueue.poll(LinkedBlockingQueue.java:460)
        at app//org.apache.hadoop.ipc.CallQueueManager.take(CallQueueManager.java:370)
        at app//org.apache.hadoop.ipc.Server$Handler.run(Server.java:3165)
"IPC Server handler 64 on default port 15000" daemon prio=5 tid=190 timed_waiting
java.lang.Thread.State: TIMED_WAITING
        at java.base@21.0.7/jdk.internal.misc.Unsafe.park(Native Method)
        at java.base@21.0.7/java.util.concurrent.locks.LockSupport.parkNanos(LockSupport.java:269)
        at java.base@21.0.7/java.util.concurrent.locks.AbstractQueuedSynchronizer$ConditionObject.awaitNanos(AbstractQueuedSynchronizer.java:1763)
        at java.base@21.0.7/java.util.concurrent.LinkedBlockingQueue.poll(LinkedBlockingQueue.java:460)
        at app//org.apache.hadoop.ipc.CallQueueManager.take(CallQueueManager.java:370)
        at app//org.apache.hadoop.ipc.Server$Handler.run(Server.java:3165)
"SCMHeartbeatProcessor-0" daemon prio=5 tid=58 timed_waiting
java.lang.Thread.State: TIMED_WAITING
        at java.base@21.0.7/jdk.internal.misc.Unsafe.park(Native Method)
        at java.base@21.0.7/java.util.concurrent.locks.LockSupport.parkNanos(LockSupport.java:269)
        at java.base@21.0.7/java.util.concurrent.locks.AbstractQueuedSynchronizer$ConditionObject.awaitNanos(AbstractQueuedSynchronizer.java:1763)
        at java.base@21.0.7/java.util.concurrent.ScheduledThreadPoolExecutor$DelayedWorkQueue.take(ScheduledThreadPoolExecutor.java:1182)
        at java.base@21.0.7/java.util.concurrent.ScheduledThreadPoolExecutor$DelayedWorkQueue.take(ScheduledThreadPoolExecutor.java:899)
        at java.base@21.0.7/java.util.concurrent.ThreadPoolExecutor.getTask(ThreadPoolExecutor.java:1070)
        at java.base@21.0.7/java.util.concurrent.ThreadPoolExecutor.runWorker(ThreadPoolExecutor.java:1130)
        at java.base@21.0.7/java.util.concurrent.ThreadPoolExecutor$Worker.run(ThreadPoolExecutor.java:642)
        at java.base@21.0.7/java.lang.Thread.runWith(Thread.java:1596)
        at java.base@21.0.7/java.lang.Thread.run(Thread.java:1583)
"Socket Reader #4 for port 15043"  prio=5 tid=778 runnable
java.lang.Thread.State: RUNNABLE
        at java.base@21.0.7/sun.nio.ch.EPoll.wait(Native Method)
        at java.base@21.0.7/sun.nio.ch.EPollSelectorImpl.doSelect(EPollSelectorImpl.java:121)
        at java.base@21.0.7/sun.nio.ch.SelectorImpl.lockAndDoSelect(SelectorImpl.java:130)
        at java.base@21.0.7/sun.nio.ch.SelectorImpl.select(SelectorImpl.java:147)
        at app//org.apache.hadoop.ipc.Server$Listener$Reader.doRunLoop(Server.java:1497)
        at app//org.apache.hadoop.ipc.Server$Listener$Reader.run(Server.java:1476)
"StaleRecoveringContainerScrubbingService#1" daemon prio=5 tid=859 in Object.wait()
java.lang.Thread.State: WAITING (on object monitor)
        at java.base@21.0.7/jdk.internal.misc.Unsafe.park(Native Method)
        at java.base@21.0.7/java.util.concurrent.locks.LockSupport.park(LockSupport.java:371)
        at java.base@21.0.7/java.util.concurrent.locks.AbstractQueuedSynchronizer$ConditionNode.block(AbstractQueuedSynchronizer.java:519)
        at java.base@21.0.7/java.util.concurrent.ForkJoinPool.unmanagedBlock(ForkJoinPool.java:3780)
        at java.base@21.0.7/java.util.concurrent.ForkJoinPool.managedBlock(ForkJoinPool.java:3725)
        at java.base@21.0.7/java.util.concurrent.locks.AbstractQueuedSynchronizer$ConditionObject.await(AbstractQueuedSynchronizer.java:1712)
        at java.base@21.0.7/java.util.concurrent.ScheduledThreadPoolExecutor$DelayedWorkQueue.take(ScheduledThreadPoolExecutor.java:1177)
        at java.base@21.0.7/java.util.concurrent.ScheduledThreadPoolExecutor$DelayedWorkQueue.take(ScheduledThreadPoolExecutor.java:899)
        at java.base@21.0.7/java.util.concurrent.ThreadPoolExecutor.getTask(ThreadPoolExecutor.java:1070)
        at java.base@21.0.7/java.util.concurrent.ThreadPoolExecutor.runWorker(ThreadPoolExecutor.java:1130)
        at java.base@21.0.7/java.util.concurrent.ThreadPoolExecutor$Worker.run(ThreadPoolExecutor.java:642)
        at java.base@21.0.7/java.lang.Thread.runWith(Thread.java:1596)
        at java.base@21.0.7/java.lang.Thread.run(Thread.java:1583)
"IPC Server handler 31 on default port 15001" daemon prio=5 tid=257 timed_waiting
java.lang.Thread.State: TIMED_WAITING
        at java.base@21.0.7/jdk.internal.misc.Unsafe.park(Native Method)
        at java.base@21.0.7/java.util.concurrent.locks.LockSupport.parkNanos(LockSupport.java:269)
        at java.base@21.0.7/java.util.concurrent.locks.AbstractQueuedSynchronizer$ConditionObject.awaitNanos(AbstractQueuedSynchronizer.java:1763)
        at java.base@21.0.7/java.util.concurrent.LinkedBlockingQueue.poll(LinkedBlockingQueue.java:460)
        at app//org.apache.hadoop.ipc.CallQueueManager.take(CallQueueManager.java:370)
        at app//org.apache.hadoop.ipc.Server$Handler.run(Server.java:3165)
"IPC Server handler 5 on default port 15002" daemon prio=5 tid=349 timed_waiting
java.lang.Thread.State: TIMED_WAITING
        at java.base@21.0.7/jdk.internal.misc.Unsafe.park(Native Method)
        at java.base@21.0.7/java.util.concurrent.locks.LockSupport.parkNanos(LockSupport.java:269)
        at java.base@21.0.7/java.util.concurrent.locks.AbstractQueuedSynchronizer$ConditionObject.awaitNanos(AbstractQueuedSynchronizer.java:1763)
        at java.base@21.0.7/java.util.concurrent.LinkedBlockingQueue.poll(LinkedBlockingQueue.java:460)
        at app//org.apache.hadoop.ipc.CallQueueManager.take(CallQueueManager.java:370)
        at app//org.apache.hadoop.ipc.Server$Handler.run(Server.java:3165)
"IPC Server handler 26 on default port 15000" daemon prio=5 tid=152 timed_waiting
java.lang.Thread.State: TIMED_WAITING
        at java.base@21.0.7/jdk.internal.misc.Unsafe.park(Native Method)
        at java.base@21.0.7/java.util.concurrent.locks.LockSupport.parkNanos(LockSupport.java:269)
        at java.base@21.0.7/java.util.concurrent.locks.AbstractQueuedSynchronizer$ConditionObject.awaitNanos(AbstractQueuedSynchronizer.java:1763)
        at java.base@21.0.7/java.util.concurrent.LinkedBlockingQueue.poll(LinkedBlockingQueue.java:460)
        at app//org.apache.hadoop.ipc.CallQueueManager.take(CallQueueManager.java:370)
        at app//org.apache.hadoop.ipc.Server$Handler.run(Server.java:3165)
"qtp207012443-627" daemon prio=5 tid=627 timed_waiting
java.lang.Thread.State: TIMED_WAITING
        at java.base@21.0.7/jdk.internal.misc.Unsafe.park(Native Method)
        at java.base@21.0.7/java.util.concurrent.locks.LockSupport.parkNanos(LockSupport.java:269)
        at java.base@21.0.7/java.util.concurrent.locks.AbstractQueuedSynchronizer$ConditionObject.awaitNanos(AbstractQueuedSynchronizer.java:1763)
        at app//org.eclipse.jetty.util.BlockingArrayQueue.poll(BlockingArrayQueue.java:382)
        at app//org.eclipse.jetty.util.thread.QueuedThreadPool$Runner.idleJobPoll(QueuedThreadPool.java:974)
        at app//org.eclipse.jetty.util.thread.QueuedThreadPool$Runner.run(QueuedThreadPool.java:1018)
        at java.base@21.0.7/java.lang.Thread.runWith(Thread.java:1596)
        at java.base@21.0.7/java.lang.Thread.run(Thread.java:1583)
"IPC Server handler 3 on default port 15043" daemon prio=5 tid=791 timed_waiting
java.lang.Thread.State: TIMED_WAITING
        at java.base@21.0.7/jdk.internal.misc.Unsafe.park(Native Method)
        at java.base@21.0.7/java.util.concurrent.locks.LockSupport.parkNanos(LockSupport.java:269)
        at java.base@21.0.7/java.util.concurrent.locks.AbstractQueuedSynchronizer$ConditionObject.awaitNanos(AbstractQueuedSynchronizer.java:1763)
        at java.base@21.0.7/java.util.concurrent.LinkedBlockingQueue.poll(LinkedBlockingQueue.java:460)
        at app//org.apache.hadoop.ipc.CallQueueManager.take(CallQueueManager.java:370)
        at app//org.apache.hadoop.ipc.Server$Handler.run(Server.java:3165)
"Socket Reader #3 for port 15000"  prio=5 tid=97 runnable
java.lang.Thread.State: RUNNABLE
        at java.base@21.0.7/sun.nio.ch.EPoll.wait(Native Method)
        at java.base@21.0.7/sun.nio.ch.EPollSelectorImpl.doSelect(EPollSelectorImpl.java:121)
        at java.base@21.0.7/sun.nio.ch.SelectorImpl.lockAndDoSelect(SelectorImpl.java:130)
        at java.base@21.0.7/sun.nio.ch.SelectorImpl.select(SelectorImpl.java:147)
        at app//org.apache.hadoop.ipc.Server$Listener$Reader.doRunLoop(Server.java:1497)
        at app//org.apache.hadoop.ipc.Server$Listener$Reader.run(Server.java:1476)
"IPC Server handler 2 on default port 15000" daemon prio=5 tid=128 timed_waiting
java.lang.Thread.State: TIMED_WAITING
        at java.base@21.0.7/jdk.internal.misc.Unsafe.park(Native Method)
        at java.base@21.0.7/java.util.concurrent.locks.LockSupport.parkNanos(LockSupport.java:269)
        at java.base@21.0.7/java.util.concurrent.locks.AbstractQueuedSynchronizer$ConditionObject.awaitNanos(AbstractQueuedSynchronizer.java:1763)
        at java.base@21.0.7/java.util.concurrent.LinkedBlockingQueue.poll(LinkedBlockingQueue.java:460)
        at app//org.apache.hadoop.ipc.CallQueueManager.take(CallQueueManager.java:370)
        at app//org.apache.hadoop.ipc.Server$Handler.run(Server.java:3165)
"Socket Reader #4 for port 15001"  prio=5 tid=84 runnable
java.lang.Thread.State: RUNNABLE
        at java.base@21.0.7/sun.nio.ch.EPoll.wait(Native Method)
        at java.base@21.0.7/sun.nio.ch.EPollSelectorImpl.doSelect(EPollSelectorImpl.java:121)
        at java.base@21.0.7/sun.nio.ch.SelectorImpl.lockAndDoSelect(SelectorImpl.java:130)
        at java.base@21.0.7/sun.nio.ch.SelectorImpl.select(SelectorImpl.java:147)
        at app//org.apache.hadoop.ipc.Server$Listener$Reader.doRunLoop(Server.java:1497)
        at app//org.apache.hadoop.ipc.Server$Listener$Reader.run(Server.java:1476)
"IPC Server handler 10 on default port 15002" daemon prio=5 tid=354 timed_waiting
java.lang.Thread.State: TIMED_WAITING
        at java.base@21.0.7/jdk.internal.misc.Unsafe.park(Native Method)
        at java.base@21.0.7/java.util.concurrent.locks.LockSupport.parkNanos(LockSupport.java:269)
        at java.base@21.0.7/java.util.concurrent.locks.AbstractQueuedSynchronizer$ConditionObject.awaitNanos(AbstractQueuedSynchronizer.java:1763)
        at java.base@21.0.7/java.util.concurrent.LinkedBlockingQueue.poll(LinkedBlockingQueue.java:460)
        at app//org.apache.hadoop.ipc.CallQueueManager.take(CallQueueManager.java:370)
        at app//org.apache.hadoop.ipc.Server$Handler.run(Server.java:3165)
"org.apache.hadoop.ozone.container.common.statemachine.commandhandler.DeleteBlocksCommandHandler$DeleteCmdWorker@54a6c0ad" daemon prio=5 tid=674 timed_waiting
java.lang.Thread.State: TIMED_WAITING
        at java.base@21.0.7/java.lang.Thread.sleep0(Native Method)
        at java.base@21.0.7/java.lang.Thread.sleep(Thread.java:509)
        at app//org.apache.hadoop.ozone.container.common.statemachine.commandhandler.DeleteBlocksCommandHandler$DeleteCmdWorker.run(DeleteBlocksCommandHandler.java:260)
        at java.base@21.0.7/java.lang.Thread.runWith(Thread.java:1596)
        at java.base@21.0.7/java.lang.Thread.run(Thread.java:1583)
"IPC Server handler 82 on default port 15000" daemon prio=5 tid=208 timed_waiting
java.lang.Thread.State: TIMED_WAITING
        at java.base@21.0.7/jdk.internal.misc.Unsafe.park(Native Method)
        at java.base@21.0.7/java.util.concurrent.locks.LockSupport.parkNanos(LockSupport.java:269)
        at java.base@21.0.7/java.util.concurrent.locks.AbstractQueuedSynchronizer$ConditionObject.awaitNanos(AbstractQueuedSynchronizer.java:1763)
        at java.base@21.0.7/java.util.concurrent.LinkedBlockingQueue.poll(LinkedBlockingQueue.java:460)
        at app//org.apache.hadoop.ipc.CallQueueManager.take(CallQueueManager.java:370)
        at app//org.apache.hadoop.ipc.Server$Handler.run(Server.java:3165)
"qtp1334632116-760" daemon prio=5 tid=760 timed_waiting
java.lang.Thread.State: TIMED_WAITING
        at java.base@21.0.7/jdk.internal.misc.Unsafe.park(Native Method)
        at java.base@21.0.7/java.util.concurrent.locks.LockSupport.parkNanos(LockSupport.java:269)
        at java.base@21.0.7/java.util.concurrent.locks.AbstractQueuedSynchronizer$ConditionObject.awaitNanos(AbstractQueuedSynchronizer.java:1763)
        at app//org.eclipse.jetty.util.BlockingArrayQueue.poll(BlockingArrayQueue.java:382)
        at app//org.eclipse.jetty.util.thread.QueuedThreadPool$Runner.idleJobPoll(QueuedThreadPool.java:974)
        at app//org.eclipse.jetty.util.thread.QueuedThreadPool$Runner.run(QueuedThreadPool.java:1018)
        at java.base@21.0.7/java.lang.Thread.runWith(Thread.java:1596)
        at java.base@21.0.7/java.lang.Thread.run(Thread.java:1583)
"Socket Reader #4 for port 15000"  prio=5 tid=98 runnable
java.lang.Thread.State: RUNNABLE
        at java.base@21.0.7/sun.nio.ch.EPoll.wait(Native Method)
        at java.base@21.0.7/sun.nio.ch.EPollSelectorImpl.doSelect(EPollSelectorImpl.java:121)
        at java.base@21.0.7/sun.nio.ch.SelectorImpl.lockAndDoSelect(SelectorImpl.java:130)
        at java.base@21.0.7/sun.nio.ch.SelectorImpl.select(SelectorImpl.java:147)
        at app//org.apache.hadoop.ipc.Server$Listener$Reader.doRunLoop(Server.java:1497)
        at app//org.apache.hadoop.ipc.Server$Listener$Reader.run(Server.java:1476)
"IPC Server handler 79 on default port 15000" daemon prio=5 tid=205 timed_waiting
java.lang.Thread.State: TIMED_WAITING
        at java.base@21.0.7/jdk.internal.misc.Unsafe.park(Native Method)
        at java.base@21.0.7/java.util.concurrent.locks.LockSupport.parkNanos(LockSupport.java:269)
        at java.base@21.0.7/java.util.concurrent.locks.AbstractQueuedSynchronizer$ConditionObject.awaitNanos(AbstractQueuedSynchronizer.java:1763)
        at java.base@21.0.7/java.util.concurrent.LinkedBlockingQueue.poll(LinkedBlockingQueue.java:460)
        at app//org.apache.hadoop.ipc.CallQueueManager.take(CallQueueManager.java:370)
        at app//org.apache.hadoop.ipc.Server$Handler.run(Server.java:3165)
"78b7fabf-ca2a-4b70-8534-e46926e2083c-DatanodeReportManager-0" daemon prio=5 tid=799 in Object.wait()
java.lang.Thread.State: WAITING (on object monitor)
        at java.base@21.0.7/jdk.internal.misc.Unsafe.park(Native Method)
        at java.base@21.0.7/java.util.concurrent.locks.LockSupport.park(LockSupport.java:371)
        at java.base@21.0.7/java.util.concurrent.locks.AbstractQueuedSynchronizer$ConditionNode.block(AbstractQueuedSynchronizer.java:519)
        at java.base@21.0.7/java.util.concurrent.ForkJoinPool.unmanagedBlock(ForkJoinPool.java:3780)
        at java.base@21.0.7/java.util.concurrent.ForkJoinPool.managedBlock(ForkJoinPool.java:3725)
        at java.base@21.0.7/java.util.concurrent.locks.AbstractQueuedSynchronizer$ConditionObject.await(AbstractQueuedSynchronizer.java:1712)
        at java.base@21.0.7/java.util.concurrent.ScheduledThreadPoolExecutor$DelayedWorkQueue.take(ScheduledThreadPoolExecutor.java:1177)
        at java.base@21.0.7/java.util.concurrent.ScheduledThreadPoolExecutor$DelayedWorkQueue.take(ScheduledThreadPoolExecutor.java:899)
        at java.base@21.0.7/java.util.concurrent.ThreadPoolExecutor.getTask(ThreadPoolExecutor.java:1070)
        at java.base@21.0.7/java.util.concurrent.ThreadPoolExecutor.runWorker(ThreadPoolExecutor.java:1130)
        at java.base@21.0.7/java.util.concurrent.ThreadPoolExecutor$Worker.run(ThreadPoolExecutor.java:642)
        at java.base@21.0.7/java.lang.Thread.runWith(Thread.java:1596)
        at java.base@21.0.7/java.lang.Thread.run(Thread.java:1583)
"EventQueue-NodeReportForNodeReportHandler" daemon prio=5 tid=841 in Object.wait()
java.lang.Thread.State: WAITING (on object monitor)
        at java.base@21.0.7/jdk.internal.misc.Unsafe.park(Native Method)
        at java.base@21.0.7/java.util.concurrent.locks.LockSupport.park(LockSupport.java:371)
        at java.base@21.0.7/java.util.concurrent.locks.AbstractQueuedSynchronizer$ConditionNode.block(AbstractQueuedSynchronizer.java:519)
        at java.base@21.0.7/java.util.concurrent.ForkJoinPool.unmanagedBlock(ForkJoinPool.java:3780)
        at java.base@21.0.7/java.util.concurrent.ForkJoinPool.managedBlock(ForkJoinPool.java:3725)
        at java.base@21.0.7/java.util.concurrent.locks.AbstractQueuedSynchronizer$ConditionObject.await(AbstractQueuedSynchronizer.java:1712)
        at java.base@21.0.7/java.util.concurrent.LinkedBlockingQueue.take(LinkedBlockingQueue.java:435)
        at java.base@21.0.7/java.util.concurrent.ThreadPoolExecutor.getTask(ThreadPoolExecutor.java:1070)
        at java.base@21.0.7/java.util.concurrent.ThreadPoolExecutor.runWorker(ThreadPoolExecutor.java:1130)
        at java.base@21.0.7/java.util.concurrent.ThreadPoolExecutor$Worker.run(ThreadPoolExecutor.java:642)
        at java.base@21.0.7/java.lang.Thread.runWith(Thread.java:1596)
        at java.base@21.0.7/java.lang.Thread.run(Thread.java:1583)
"IPC Parameter Sending Thread for 0.0.0.0/0.0.0.0:15001" daemon prio=5 tid=476 timed_waiting
java.lang.Thread.State: TIMED_WAITING
        at java.base@21.0.7/jdk.internal.misc.Unsafe.park(Native Method)
        at java.base@21.0.7/java.util.concurrent.locks.LockSupport.parkNanos(LockSupport.java:410)
        at java.base@21.0.7/java.util.concurrent.LinkedTransferQueue$DualNode.await(LinkedTransferQueue.java:452)
        at java.base@21.0.7/java.util.concurrent.LinkedTransferQueue.xfer(LinkedTransferQueue.java:613)
        at java.base@21.0.7/java.util.concurrent.SynchronousQueue.xfer(SynchronousQueue.java:235)
        at java.base@21.0.7/java.util.concurrent.SynchronousQueue.poll(SynchronousQueue.java:338)
        at app//org.apache.hadoop.ipc.Client$Connection$RpcRequestSender.run(Client.java:1121)
        at java.base@21.0.7/java.lang.Thread.runWith(Thread.java:1596)
        at java.base@21.0.7/java.lang.Thread.run(Thread.java:1583)
"Socket Reader #8 for port 15019"  prio=5 tid=595 runnable
java.lang.Thread.State: RUNNABLE
        at java.base@21.0.7/sun.nio.ch.EPoll.wait(Native Method)
        at java.base@21.0.7/sun.nio.ch.EPollSelectorImpl.doSelect(EPollSelectorImpl.java:121)
        at java.base@21.0.7/sun.nio.ch.SelectorImpl.lockAndDoSelect(SelectorImpl.java:130)
        at java.base@21.0.7/sun.nio.ch.SelectorImpl.select(SelectorImpl.java:147)
        at app//org.apache.hadoop.ipc.Server$Listener$Reader.doRunLoop(Server.java:1497)
        at app//org.apache.hadoop.ipc.Server$Listener$Reader.run(Server.java:1476)
"StaleRecoveringContainerScrubbingService#0" daemon prio=5 tid=716 timed_waiting
java.lang.Thread.State: TIMED_WAITING
        at java.base@21.0.7/jdk.internal.misc.Unsafe.park(Native Method)
        at java.base@21.0.7/java.util.concurrent.locks.LockSupport.parkNanos(LockSupport.java:269)
        at java.base@21.0.7/java.util.concurrent.locks.AbstractQueuedSynchronizer$ConditionObject.awaitNanos(AbstractQueuedSynchronizer.java:1763)
        at java.base@21.0.7/java.util.concurrent.ScheduledThreadPoolExecutor$DelayedWorkQueue.take(ScheduledThreadPoolExecutor.java:1182)
        at java.base@21.0.7/java.util.concurrent.ScheduledThreadPoolExecutor$DelayedWorkQueue.take(ScheduledThreadPoolExecutor.java:899)
        at java.base@21.0.7/java.util.concurrent.ThreadPoolExecutor.getTask(ThreadPoolExecutor.java:1070)
        at java.base@21.0.7/java.util.concurrent.ThreadPoolExecutor.runWorker(ThreadPoolExecutor.java:1130)
        at java.base@21.0.7/java.util.concurrent.ThreadPoolExecutor$Worker.run(ThreadPoolExecutor.java:642)
        at java.base@21.0.7/java.lang.Thread.runWith(Thread.java:1596)
        at java.base@21.0.7/java.lang.Thread.run(Thread.java:1583)
"StaleRecoveringContainerScrubbingService#1" daemon prio=5 tid=821 in Object.wait()
java.lang.Thread.State: WAITING (on object monitor)
        at java.base@21.0.7/jdk.internal.misc.Unsafe.park(Native Method)
        at java.base@21.0.7/java.util.concurrent.locks.LockSupport.park(LockSupport.java:371)
        at java.base@21.0.7/java.util.concurrent.locks.AbstractQueuedSynchronizer$ConditionNode.block(AbstractQueuedSynchronizer.java:519)
        at java.base@21.0.7/java.util.concurrent.ForkJoinPool.unmanagedBlock(ForkJoinPool.java:3780)
        at java.base@21.0.7/java.util.concurrent.ForkJoinPool.managedBlock(ForkJoinPool.java:3725)
        at java.base@21.0.7/java.util.concurrent.locks.AbstractQueuedSynchronizer$ConditionObject.await(AbstractQueuedSynchronizer.java:1712)
        at java.base@21.0.7/java.util.concurrent.ScheduledThreadPoolExecutor$DelayedWorkQueue.take(ScheduledThreadPoolExecutor.java:1177)
        at java.base@21.0.7/java.util.concurrent.ScheduledThreadPoolExecutor$DelayedWorkQueue.take(ScheduledThreadPoolExecutor.java:899)
        at java.base@21.0.7/java.util.concurrent.ThreadPoolExecutor.getTask(ThreadPoolExecutor.java:1070)
        at java.base@21.0.7/java.util.concurrent.ThreadPoolExecutor.runWorker(ThreadPoolExecutor.java:1130)
        at java.base@21.0.7/java.util.concurrent.ThreadPoolExecutor$Worker.run(ThreadPoolExecutor.java:642)
        at java.base@21.0.7/java.lang.Thread.runWith(Thread.java:1596)
        at java.base@21.0.7/java.lang.Thread.run(Thread.java:1583)
"IPC Server handler 67 on default port 15002" daemon prio=5 tid=411 timed_waiting
java.lang.Thread.State: TIMED_WAITING
        at java.base@21.0.7/jdk.internal.misc.Unsafe.park(Native Method)
        at java.base@21.0.7/java.util.concurrent.locks.LockSupport.parkNanos(LockSupport.java:269)
        at java.base@21.0.7/java.util.concurrent.locks.AbstractQueuedSynchronizer$ConditionObject.awaitNanos(AbstractQueuedSynchronizer.java:1763)
        at java.base@21.0.7/java.util.concurrent.LinkedBlockingQueue.poll(LinkedBlockingQueue.java:460)
        at app//org.apache.hadoop.ipc.CallQueueManager.take(CallQueueManager.java:370)
        at app//org.apache.hadoop.ipc.Server$Handler.run(Server.java:3165)
"2b1bfca1-1fdc-4b0a-9b4d-c21112718afa@group-0D69DBD4F9B0-LeaderStateImpl" daemon prio=5 tid=1047 timed_waiting
java.lang.Thread.State: TIMED_WAITING
        at java.base@21.0.7/jdk.internal.misc.Unsafe.park(Native Method)
        at java.base@21.0.7/java.util.concurrent.locks.LockSupport.parkNanos(LockSupport.java:269)
        at java.base@21.0.7/java.util.concurrent.locks.AbstractQueuedSynchronizer$ConditionObject.awaitNanos(AbstractQueuedSynchronizer.java:1763)
        at java.base@21.0.7/java.util.concurrent.ArrayBlockingQueue.poll(ArrayBlockingQueue.java:435)
        at app//org.apache.ratis.server.impl.LeaderStateImpl$EventQueue.poll(LeaderStateImpl.java:164)
        at app//org.apache.ratis.server.impl.LeaderStateImpl$EventProcessor.run(LeaderStateImpl.java:763)
"a755fe32-7d9a-4996-bc51-d7fbc67ab218-BlockDeletingService#0" daemon prio=5 tid=715 timed_waiting
java.lang.Thread.State: TIMED_WAITING
        at java.base@21.0.7/jdk.internal.misc.Unsafe.park(Native Method)
        at java.base@21.0.7/java.util.concurrent.locks.LockSupport.parkNanos(LockSupport.java:269)
        at java.base@21.0.7/java.util.concurrent.locks.AbstractQueuedSynchronizer$ConditionObject.awaitNanos(AbstractQueuedSynchronizer.java:1763)
        at java.base@21.0.7/java.util.concurrent.ScheduledThreadPoolExecutor$DelayedWorkQueue.take(ScheduledThreadPoolExecutor.java:1182)
        at java.base@21.0.7/java.util.concurrent.ScheduledThreadPoolExecutor$DelayedWorkQueue.take(ScheduledThreadPoolExecutor.java:899)
        at java.base@21.0.7/java.util.concurrent.ThreadPoolExecutor.getTask(ThreadPoolExecutor.java:1070)
        at java.base@21.0.7/java.util.concurrent.ThreadPoolExecutor.runWorker(ThreadPoolExecutor.java:1130)
        at java.base@21.0.7/java.util.concurrent.ThreadPoolExecutor$Worker.run(ThreadPoolExecutor.java:642)
        at java.base@21.0.7/java.lang.Thread.runWith(Thread.java:1596)
        at java.base@21.0.7/java.lang.Thread.run(Thread.java:1583)
"IPC Server handler 5 on default port 15035" daemon prio=5 tid=738 timed_waiting
java.lang.Thread.State: TIMED_WAITING
        at java.base@21.0.7/jdk.internal.misc.Unsafe.park(Native Method)
        at java.base@21.0.7/java.util.concurrent.locks.LockSupport.parkNanos(LockSupport.java:269)
        at java.base@21.0.7/java.util.concurrent.locks.AbstractQueuedSynchronizer$ConditionObject.awaitNanos(AbstractQueuedSynchronizer.java:1763)
        at java.base@21.0.7/java.util.concurrent.LinkedBlockingQueue.poll(LinkedBlockingQueue.java:460)
        at app//org.apache.hadoop.ipc.CallQueueManager.take(CallQueueManager.java:370)
        at app//org.apache.hadoop.ipc.Server$Handler.run(Server.java:3165)
"dacc202e-cd42-4a7a-b335-fe62dff69130-DataNodeDiskCheckerThread-0" daemon prio=5 tid=808 timed_waiting
java.lang.Thread.State: TIMED_WAITING
        at java.base@21.0.7/jdk.internal.misc.Unsafe.park(Native Method)
        at java.base@21.0.7/java.util.concurrent.locks.LockSupport.parkNanos(LockSupport.java:410)
        at java.base@21.0.7/java.util.concurrent.LinkedTransferQueue$DualNode.await(LinkedTransferQueue.java:452)
        at java.base@21.0.7/java.util.concurrent.SynchronousQueue$Transferer.xferLifo(SynchronousQueue.java:194)
        at java.base@21.0.7/java.util.concurrent.SynchronousQueue.xfer(SynchronousQueue.java:235)
        at java.base@21.0.7/java.util.concurrent.SynchronousQueue.poll(SynchronousQueue.java:338)
        at java.base@21.0.7/java.util.concurrent.ThreadPoolExecutor.getTask(ThreadPoolExecutor.java:1069)
        at java.base@21.0.7/java.util.concurrent.ThreadPoolExecutor.runWorker(ThreadPoolExecutor.java:1130)
        at java.base@21.0.7/java.util.concurrent.ThreadPoolExecutor$Worker.run(ThreadPoolExecutor.java:642)
        at java.base@21.0.7/java.lang.Thread.runWith(Thread.java:1596)
        at java.base@21.0.7/java.lang.Thread.run(Thread.java:1583)
"dacc202e-cd42-4a7a-b335-fe62dff69130-DatanodeStateMachineTaskThread-1"  prio=5 tid=770 in Object.wait()
java.lang.Thread.State: WAITING (on object monitor)
        at java.base@21.0.7/jdk.internal.misc.Unsafe.park(Native Method)
        at java.base@21.0.7/java.util.concurrent.locks.LockSupport.park(LockSupport.java:371)
        at java.base@21.0.7/java.util.concurrent.locks.AbstractQueuedSynchronizer$ConditionNode.block(AbstractQueuedSynchronizer.java:519)
        at java.base@21.0.7/java.util.concurrent.ForkJoinPool.unmanagedBlock(ForkJoinPool.java:3780)
        at java.base@21.0.7/java.util.concurrent.ForkJoinPool.managedBlock(ForkJoinPool.java:3725)
        at java.base@21.0.7/java.util.concurrent.locks.AbstractQueuedSynchronizer$ConditionObject.await(AbstractQueuedSynchronizer.java:1712)
        at java.base@21.0.7/java.util.concurrent.LinkedBlockingQueue.take(LinkedBlockingQueue.java:435)
        at java.base@21.0.7/java.util.concurrent.ThreadPoolExecutor.getTask(ThreadPoolExecutor.java:1070)
        at java.base@21.0.7/java.util.concurrent.ThreadPoolExecutor.runWorker(ThreadPoolExecutor.java:1130)
        at java.base@21.0.7/java.util.concurrent.ThreadPoolExecutor$Worker.run(ThreadPoolExecutor.java:642)
        at java.base@21.0.7/java.lang.Thread.runWith(Thread.java:1596)
        at java.base@21.0.7/java.lang.Thread.run(Thread.java:1583)
"ReplicationMonitor" daemon prio=5 tid=62 timed_waiting
java.lang.Thread.State: TIMED_WAITING
        at java.base@21.0.7/java.lang.Object.wait0(Native Method)
        at java.base@21.0.7/java.lang.Object.wait(Object.java:366)
        at app//org.apache.hadoop.hdds.scm.container.replication.ReplicationManager.run(ReplicationManager.java:932)
        at app//org.apache.hadoop.hdds.scm.container.replication.ReplicationManager$$Lambda/0x00007fe904521448.run(Unknown Source)
        at java.base@21.0.7/java.lang.Thread.runWith(Thread.java:1596)
        at java.base@21.0.7/java.lang.Thread.run(Thread.java:1583)
"IPC Server handler 50 on default port 15001" daemon prio=5 tid=276 timed_waiting
java.lang.Thread.State: TIMED_WAITING
        at java.base@21.0.7/jdk.internal.misc.Unsafe.park(Native Method)
        at java.base@21.0.7/java.util.concurrent.locks.LockSupport.parkNanos(LockSupport.java:269)
        at java.base@21.0.7/java.util.concurrent.locks.AbstractQueuedSynchronizer$ConditionObject.awaitNanos(AbstractQueuedSynchronizer.java:1763)
        at java.base@21.0.7/java.util.concurrent.LinkedBlockingQueue.poll(LinkedBlockingQueue.java:460)
        at app//org.apache.hadoop.ipc.CallQueueManager.take(CallQueueManager.java:370)
        at app//org.apache.hadoop.ipc.Server$Handler.run(Server.java:3165)
"dacc202e-cd42-4a7a-b335-fe62dff69130-BlockDeletingService#0" daemon prio=5 tid=818 timed_waiting
java.lang.Thread.State: TIMED_WAITING
        at java.base@21.0.7/jdk.internal.misc.Unsafe.park(Native Method)
        at java.base@21.0.7/java.util.concurrent.locks.LockSupport.parkNanos(LockSupport.java:269)
        at java.base@21.0.7/java.util.concurrent.locks.AbstractQueuedSynchronizer$ConditionObject.awaitNanos(AbstractQueuedSynchronizer.java:1763)
        at java.base@21.0.7/java.util.concurrent.ScheduledThreadPoolExecutor$DelayedWorkQueue.take(ScheduledThreadPoolExecutor.java:1182)
        at java.base@21.0.7/java.util.concurrent.ScheduledThreadPoolExecutor$DelayedWorkQueue.take(ScheduledThreadPoolExecutor.java:899)
        at java.base@21.0.7/java.util.concurrent.ThreadPoolExecutor.getTask(ThreadPoolExecutor.java:1070)
        at java.base@21.0.7/java.util.concurrent.ThreadPoolExecutor.runWorker(ThreadPoolExecutor.java:1130)
        at java.base@21.0.7/java.util.concurrent.ThreadPoolExecutor$Worker.run(ThreadPoolExecutor.java:642)
        at java.base@21.0.7/java.lang.Thread.runWith(Thread.java:1596)
        at java.base@21.0.7/java.lang.Thread.run(Thread.java:1583)
"IPC Server handler 7 on default port 15006" daemon prio=5 tid=512 timed_waiting
java.lang.Thread.State: TIMED_WAITING
        at java.base@21.0.7/jdk.internal.misc.Unsafe.park(Native Method)
        at java.base@21.0.7/java.util.concurrent.locks.LockSupport.parkNanos(LockSupport.java:269)
        at java.base@21.0.7/java.util.concurrent.locks.AbstractQueuedSynchronizer$ConditionObject.awaitNanos(AbstractQueuedSynchronizer.java:1763)
        at java.base@21.0.7/java.util.concurrent.LinkedBlockingQueue.poll(LinkedBlockingQueue.java:460)
        at app//org.apache.hadoop.ipc.CallQueueManager.take(CallQueueManager.java:370)
        at app//org.apache.hadoop.ipc.Server$Handler.run(Server.java:3165)
"IPC Server handler 22 on default port 15002" daemon prio=5 tid=366 timed_waiting
java.lang.Thread.State: TIMED_WAITING
        at java.base@21.0.7/jdk.internal.misc.Unsafe.park(Native Method)
        at java.base@21.0.7/java.util.concurrent.locks.LockSupport.parkNanos(LockSupport.java:269)
        at java.base@21.0.7/java.util.concurrent.locks.AbstractQueuedSynchronizer$ConditionObject.awaitNanos(AbstractQueuedSynchronizer.java:1763)
        at java.base@21.0.7/java.util.concurrent.LinkedBlockingQueue.poll(LinkedBlockingQueue.java:460)
        at app//org.apache.hadoop.ipc.CallQueueManager.take(CallQueueManager.java:370)
        at app//org.apache.hadoop.ipc.Server$Handler.run(Server.java:3165)
"IPC Server handler 35 on default port 15002" daemon prio=5 tid=379 timed_waiting
java.lang.Thread.State: TIMED_WAITING
        at java.base@21.0.7/jdk.internal.misc.Unsafe.park(Native Method)
        at java.base@21.0.7/java.util.concurrent.locks.LockSupport.parkNanos(LockSupport.java:269)
        at java.base@21.0.7/java.util.concurrent.locks.AbstractQueuedSynchronizer$ConditionObject.awaitNanos(AbstractQueuedSynchronizer.java:1763)
        at java.base@21.0.7/java.util.concurrent.LinkedBlockingQueue.poll(LinkedBlockingQueue.java:460)
        at app//org.apache.hadoop.ipc.CallQueueManager.take(CallQueueManager.java:370)
        at app//org.apache.hadoop.ipc.Server$Handler.run(Server.java:3165)
"IPC Server handler 33 on default port 15002" daemon prio=5 tid=377 timed_waiting
java.lang.Thread.State: TIMED_WAITING
        at java.base@21.0.7/jdk.internal.misc.Unsafe.park(Native Method)
        at java.base@21.0.7/java.util.concurrent.locks.LockSupport.parkNanos(LockSupport.java:269)
        at java.base@21.0.7/java.util.concurrent.locks.AbstractQueuedSynchronizer$ConditionObject.awaitNanos(AbstractQueuedSynchronizer.java:1763)
        at java.base@21.0.7/java.util.concurrent.LinkedBlockingQueue.poll(LinkedBlockingQueue.java:460)
        at app//org.apache.hadoop.ipc.CallQueueManager.take(CallQueueManager.java:370)
        at app//org.apache.hadoop.ipc.Server$Handler.run(Server.java:3165)
"IPC Server handler 10 on default port 15006" daemon prio=5 tid=515 timed_waiting
java.lang.Thread.State: TIMED_WAITING
        at java.base@21.0.7/jdk.internal.misc.Unsafe.park(Native Method)
        at java.base@21.0.7/java.util.concurrent.locks.LockSupport.parkNanos(LockSupport.java:269)
        at java.base@21.0.7/java.util.concurrent.locks.AbstractQueuedSynchronizer$ConditionObject.awaitNanos(AbstractQueuedSynchronizer.java:1763)
        at java.base@21.0.7/java.util.concurrent.LinkedBlockingQueue.poll(LinkedBlockingQueue.java:460)
        at app//org.apache.hadoop.ipc.CallQueueManager.take(CallQueueManager.java:370)
        at app//org.apache.hadoop.ipc.Server$Handler.run(Server.java:3165)
"IPC Server handler 64 on default port 15001" daemon prio=5 tid=290 timed_waiting
java.lang.Thread.State: TIMED_WAITING
        at java.base@21.0.7/jdk.internal.misc.Unsafe.park(Native Method)
        at java.base@21.0.7/java.util.concurrent.locks.LockSupport.parkNanos(LockSupport.java:269)
        at java.base@21.0.7/java.util.concurrent.locks.AbstractQueuedSynchronizer$ConditionObject.awaitNanos(AbstractQueuedSynchronizer.java:1763)
        at java.base@21.0.7/java.util.concurrent.LinkedBlockingQueue.poll(LinkedBlockingQueue.java:460)
        at app//org.apache.hadoop.ipc.CallQueueManager.take(CallQueueManager.java:370)
        at app//org.apache.hadoop.ipc.Server$Handler.run(Server.java:3165)
"IPC Server handler 9 on default port 15035" daemon prio=5 tid=742 timed_waiting
java.lang.Thread.State: TIMED_WAITING
        at java.base@21.0.7/jdk.internal.misc.Unsafe.park(Native Method)
        at java.base@21.0.7/java.util.concurrent.locks.LockSupport.parkNanos(LockSupport.java:269)
        at java.base@21.0.7/java.util.concurrent.locks.AbstractQueuedSynchronizer$ConditionObject.awaitNanos(AbstractQueuedSynchronizer.java:1763)
        at java.base@21.0.7/java.util.concurrent.LinkedBlockingQueue.poll(LinkedBlockingQueue.java:460)
        at app//org.apache.hadoop.ipc.CallQueueManager.take(CallQueueManager.java:370)
        at app//org.apache.hadoop.ipc.Server$Handler.run(Server.java:3165)
"2b1bfca1-1fdc-4b0a-9b4d-c21112718afa-impl-thread1"  prio=5 tid=673 timed_waiting
java.lang.Thread.State: TIMED_WAITING
        at java.base@21.0.7/jdk.internal.misc.Unsafe.park(Native Method)
        at java.base@21.0.7/java.util.concurrent.locks.LockSupport.parkNanos(LockSupport.java:410)
        at java.base@21.0.7/java.util.concurrent.LinkedTransferQueue$DualNode.await(LinkedTransferQueue.java:452)
        at java.base@21.0.7/java.util.concurrent.SynchronousQueue$Transferer.xferLifo(SynchronousQueue.java:194)
        at java.base@21.0.7/java.util.concurrent.SynchronousQueue.xfer(SynchronousQueue.java:235)
        at java.base@21.0.7/java.util.concurrent.SynchronousQueue.poll(SynchronousQueue.java:338)
        at java.base@21.0.7/java.util.concurrent.ThreadPoolExecutor.getTask(ThreadPoolExecutor.java:1069)
        at java.base@21.0.7/java.util.concurrent.ThreadPoolExecutor.runWorker(ThreadPoolExecutor.java:1130)
        at java.base@21.0.7/java.util.concurrent.ThreadPoolExecutor$Worker.run(ThreadPoolExecutor.java:642)
        at java.base@21.0.7/java.lang.Thread.runWith(Thread.java:1596)
        at java.base@21.0.7/java.lang.Thread.run(Thread.java:1583)
"78b7fabf-ca2a-4b70-8534-e46926e2083c-ChunkWriter-1-0" daemon prio=5 tid=851 in Object.wait()
java.lang.Thread.State: WAITING (on object monitor)
        at java.base@21.0.7/jdk.internal.misc.Unsafe.park(Native Method)
        at java.base@21.0.7/java.util.concurrent.locks.LockSupport.park(LockSupport.java:371)
        at java.base@21.0.7/java.util.concurrent.locks.AbstractQueuedSynchronizer$ConditionNode.block(AbstractQueuedSynchronizer.java:519)
        at java.base@21.0.7/java.util.concurrent.ForkJoinPool.unmanagedBlock(ForkJoinPool.java:3780)
        at java.base@21.0.7/java.util.concurrent.ForkJoinPool.managedBlock(ForkJoinPool.java:3725)
        at java.base@21.0.7/java.util.concurrent.locks.AbstractQueuedSynchronizer$ConditionObject.await(AbstractQueuedSynchronizer.java:1712)
        at java.base@21.0.7/java.util.concurrent.LinkedBlockingDeque.takeFirst(LinkedBlockingDeque.java:485)
        at java.base@21.0.7/java.util.concurrent.LinkedBlockingDeque.take(LinkedBlockingDeque.java:673)
        at java.base@21.0.7/java.util.concurrent.ThreadPoolExecutor.getTask(ThreadPoolExecutor.java:1070)
        at java.base@21.0.7/java.util.concurrent.ThreadPoolExecutor.runWorker(ThreadPoolExecutor.java:1130)
        at java.base@21.0.7/java.util.concurrent.ThreadPoolExecutor$Worker.run(ThreadPoolExecutor.java:642)
        at java.base@21.0.7/java.lang.Thread.runWith(Thread.java:1596)
        at java.base@21.0.7/java.lang.Thread.run(Thread.java:1583)
"a755fe32-7d9a-4996-bc51-d7fbc67ab218-PeriodicHDDSVolumeChecker" daemon prio=5 tid=704 timed_waiting
java.lang.Thread.State: TIMED_WAITING
        at java.base@21.0.7/jdk.internal.misc.Unsafe.park(Native Method)
        at java.base@21.0.7/java.util.concurrent.locks.LockSupport.parkNanos(LockSupport.java:269)
        at java.base@21.0.7/java.util.concurrent.locks.AbstractQueuedSynchronizer$ConditionObject.awaitNanos(AbstractQueuedSynchronizer.java:1763)
        at java.base@21.0.7/java.util.concurrent.ScheduledThreadPoolExecutor$DelayedWorkQueue.take(ScheduledThreadPoolExecutor.java:1182)
        at java.base@21.0.7/java.util.concurrent.ScheduledThreadPoolExecutor$DelayedWorkQueue.take(ScheduledThreadPoolExecutor.java:899)
        at java.base@21.0.7/java.util.concurrent.ThreadPoolExecutor.getTask(ThreadPoolExecutor.java:1070)
        at java.base@21.0.7/java.util.concurrent.ThreadPoolExecutor.runWorker(ThreadPoolExecutor.java:1130)
        at java.base@21.0.7/java.util.concurrent.ThreadPoolExecutor$Worker.run(ThreadPoolExecutor.java:642)
        at java.base@21.0.7/java.lang.Thread.runWith(Thread.java:1596)
        at java.base@21.0.7/java.lang.Thread.run(Thread.java:1583)
"IPC Server handler 18 on default port 15000" daemon prio=5 tid=144 timed_waiting
java.lang.Thread.State: TIMED_WAITING
        at java.base@21.0.7/jdk.internal.misc.Unsafe.park(Native Method)
        at java.base@21.0.7/java.util.concurrent.locks.LockSupport.parkNanos(LockSupport.java:269)
        at java.base@21.0.7/java.util.concurrent.locks.AbstractQueuedSynchronizer$ConditionObject.awaitNanos(AbstractQueuedSynchronizer.java:1763)
        at java.base@21.0.7/java.util.concurrent.LinkedBlockingQueue.poll(LinkedBlockingQueue.java:460)
        at app//org.apache.hadoop.ipc.CallQueueManager.take(CallQueueManager.java:370)
        at app//org.apache.hadoop.ipc.Server$Handler.run(Server.java:3165)
"NetworkTopologyPoller" daemon prio=5 tid=477 timed_waiting
java.lang.Thread.State: TIMED_WAITING
        at java.base@21.0.7/jdk.internal.misc.Unsafe.park(Native Method)
        at java.base@21.0.7/java.util.concurrent.locks.LockSupport.parkNanos(LockSupport.java:269)
        at java.base@21.0.7/java.util.concurrent.locks.AbstractQueuedSynchronizer$ConditionObject.awaitNanos(AbstractQueuedSynchronizer.java:1763)
        at java.base@21.0.7/java.util.concurrent.ScheduledThreadPoolExecutor$DelayedWorkQueue.take(ScheduledThreadPoolExecutor.java:1182)
        at java.base@21.0.7/java.util.concurrent.ScheduledThreadPoolExecutor$DelayedWorkQueue.take(ScheduledThreadPoolExecutor.java:899)
        at java.base@21.0.7/java.util.concurrent.ThreadPoolExecutor.getTask(ThreadPoolExecutor.java:1070)
        at java.base@21.0.7/java.util.concurrent.ThreadPoolExecutor.runWorker(ThreadPoolExecutor.java:1130)
        at java.base@21.0.7/java.util.concurrent.ThreadPoolExecutor$Worker.run(ThreadPoolExecutor.java:642)
        at java.base@21.0.7/java.lang.Thread.runWith(Thread.java:1596)
        at java.base@21.0.7/java.lang.Thread.run(Thread.java:1583)
"StaleRecoveringContainerScrubbingService#1" daemon prio=5 tid=838 in Object.wait()
java.lang.Thread.State: WAITING (on object monitor)
        at java.base@21.0.7/jdk.internal.misc.Unsafe.park(Native Method)
        at java.base@21.0.7/java.util.concurrent.locks.LockSupport.park(LockSupport.java:371)
        at java.base@21.0.7/java.util.concurrent.locks.AbstractQueuedSynchronizer$ConditionNode.block(AbstractQueuedSynchronizer.java:519)
        at java.base@21.0.7/java.util.concurrent.ForkJoinPool.unmanagedBlock(ForkJoinPool.java:3780)
        at java.base@21.0.7/java.util.concurrent.ForkJoinPool.managedBlock(ForkJoinPool.java:3725)
        at java.base@21.0.7/java.util.concurrent.locks.AbstractQueuedSynchronizer$ConditionObject.await(AbstractQueuedSynchronizer.java:1712)
        at java.base@21.0.7/java.util.concurrent.ScheduledThreadPoolExecutor$DelayedWorkQueue.take(ScheduledThreadPoolExecutor.java:1177)
        at java.base@21.0.7/java.util.concurrent.ScheduledThreadPoolExecutor$DelayedWorkQueue.take(ScheduledThreadPoolExecutor.java:899)
        at java.base@21.0.7/java.util.concurrent.ThreadPoolExecutor.getTask(ThreadPoolExecutor.java:1070)
        at java.base@21.0.7/java.util.concurrent.ThreadPoolExecutor.runWorker(ThreadPoolExecutor.java:1130)
        at java.base@21.0.7/java.util.concurrent.ThreadPoolExecutor$Worker.run(ThreadPoolExecutor.java:642)
        at java.base@21.0.7/java.lang.Thread.runWith(Thread.java:1596)
        at java.base@21.0.7/java.lang.Thread.run(Thread.java:1583)
"qtp1334632116-757" daemon prio=5 tid=757 runnable
java.lang.Thread.State: RUNNABLE
        at java.base@21.0.7/sun.nio.ch.EPoll.wait(Native Method)
        at java.base@21.0.7/sun.nio.ch.EPollSelectorImpl.doSelect(EPollSelectorImpl.java:121)
        at java.base@21.0.7/sun.nio.ch.SelectorImpl.lockAndDoSelect(SelectorImpl.java:130)
        at java.base@21.0.7/sun.nio.ch.SelectorImpl.select(SelectorImpl.java:147)
        at app//org.eclipse.jetty.io.ManagedSelector.nioSelect(ManagedSelector.java:183)
        at app//org.eclipse.jetty.io.ManagedSelector.select(ManagedSelector.java:190)
        at app//org.eclipse.jetty.io.ManagedSelector$SelectorProducer.select(ManagedSelector.java:606)
        at app//org.eclipse.jetty.io.ManagedSelector$SelectorProducer.produce(ManagedSelector.java:543)
        at app//org.eclipse.jetty.util.thread.strategy.EatWhatYouKill.produceTask(EatWhatYouKill.java:362)
        at app//org.eclipse.jetty.util.thread.strategy.EatWhatYouKill.doProduce(EatWhatYouKill.java:186)
        at app//org.eclipse.jetty.util.thread.strategy.EatWhatYouKill.tryProduce(EatWhatYouKill.java:173)
        at app//org.eclipse.jetty.util.thread.strategy.EatWhatYouKill.produce(EatWhatYouKill.java:137)
        at app//org.eclipse.jetty.io.ManagedSelector$$Lambda/0x00007fe9046a5948.run(Unknown Source)
        at app//org.eclipse.jetty.util.thread.QueuedThreadPool.runJob(QueuedThreadPool.java:883)
        at app//org.eclipse.jetty.util.thread.QueuedThreadPool$Runner.run(QueuedThreadPool.java:1034)
        at java.base@21.0.7/java.lang.Thread.runWith(Thread.java:1596)
        at java.base@21.0.7/java.lang.Thread.run(Thread.java:1583)
"IPC Server handler 3 on default port 15035" daemon prio=5 tid=736 timed_waiting
java.lang.Thread.State: TIMED_WAITING
        at java.base@21.0.7/jdk.internal.misc.Unsafe.park(Native Method)
        at java.base@21.0.7/java.util.concurrent.locks.LockSupport.parkNanos(LockSupport.java:269)
        at java.base@21.0.7/java.util.concurrent.locks.AbstractQueuedSynchronizer$ConditionObject.awaitNanos(AbstractQueuedSynchronizer.java:1763)
        at java.base@21.0.7/java.util.concurrent.LinkedBlockingQueue.poll(LinkedBlockingQueue.java:460)
        at app//org.apache.hadoop.ipc.CallQueueManager.take(CallQueueManager.java:370)
        at app//org.apache.hadoop.ipc.Server$Handler.run(Server.java:3165)
"IPC Server handler 20 on default port 15001" daemon prio=5 tid=246 timed_waiting
java.lang.Thread.State: TIMED_WAITING
        at java.base@21.0.7/jdk.internal.misc.Unsafe.park(Native Method)
        at java.base@21.0.7/java.util.concurrent.locks.LockSupport.parkNanos(LockSupport.java:269)
        at java.base@21.0.7/java.util.concurrent.locks.AbstractQueuedSynchronizer$ConditionObject.awaitNanos(AbstractQueuedSynchronizer.java:1763)
        at java.base@21.0.7/java.util.concurrent.LinkedBlockingQueue.poll(LinkedBlockingQueue.java:460)
        at app//org.apache.hadoop.ipc.CallQueueManager.take(CallQueueManager.java:370)
        at app//org.apache.hadoop.ipc.Server$Handler.run(Server.java:3165)
"IPC Server handler 75 on default port 15002" daemon prio=5 tid=419 timed_waiting
java.lang.Thread.State: TIMED_WAITING
        at java.base@21.0.7/jdk.internal.misc.Unsafe.park(Native Method)
        at java.base@21.0.7/java.util.concurrent.locks.LockSupport.parkNanos(LockSupport.java:269)
        at java.base@21.0.7/java.util.concurrent.locks.AbstractQueuedSynchronizer$ConditionObject.awaitNanos(AbstractQueuedSynchronizer.java:1763)
        at java.base@21.0.7/java.util.concurrent.LinkedBlockingQueue.poll(LinkedBlockingQueue.java:460)
        at app//org.apache.hadoop.ipc.CallQueueManager.take(CallQueueManager.java:370)
        at app//org.apache.hadoop.ipc.Server$Handler.run(Server.java:3165)
"om1-SstFilteringService#0" daemon prio=5 tid=483 timed_waiting
java.lang.Thread.State: TIMED_WAITING
        at java.base@21.0.7/jdk.internal.misc.Unsafe.park(Native Method)
        at java.base@21.0.7/java.util.concurrent.locks.LockSupport.parkNanos(LockSupport.java:269)
        at java.base@21.0.7/java.util.concurrent.locks.AbstractQueuedSynchronizer$ConditionObject.awaitNanos(AbstractQueuedSynchronizer.java:1763)
        at java.base@21.0.7/java.util.concurrent.ScheduledThreadPoolExecutor$DelayedWorkQueue.take(ScheduledThreadPoolExecutor.java:1182)
        at java.base@21.0.7/java.util.concurrent.ScheduledThreadPoolExecutor$DelayedWorkQueue.take(ScheduledThreadPoolExecutor.java:899)
        at java.base@21.0.7/java.util.concurrent.ThreadPoolExecutor.getTask(ThreadPoolExecutor.java:1070)
        at java.base@21.0.7/java.util.concurrent.ThreadPoolExecutor.runWorker(ThreadPoolExecutor.java:1130)
        at java.base@21.0.7/java.util.concurrent.ThreadPoolExecutor$Worker.run(ThreadPoolExecutor.java:642)
        at java.base@21.0.7/java.lang.Thread.runWith(Thread.java:1596)
        at java.base@21.0.7/java.lang.Thread.run(Thread.java:1583)
"Socket Reader #8 for port 15035"  prio=5 tid=727 runnable
java.lang.Thread.State: RUNNABLE
        at java.base@21.0.7/sun.nio.ch.EPoll.wait(Native Method)
        at java.base@21.0.7/sun.nio.ch.EPollSelectorImpl.doSelect(EPollSelectorImpl.java:121)
        at java.base@21.0.7/sun.nio.ch.SelectorImpl.lockAndDoSelect(SelectorImpl.java:130)
        at java.base@21.0.7/sun.nio.ch.SelectorImpl.select(SelectorImpl.java:147)
        at app//org.apache.hadoop.ipc.Server$Listener$Reader.doRunLoop(Server.java:1497)
        at app//org.apache.hadoop.ipc.Server$Listener$Reader.run(Server.java:1476)
"IPC Server handler 46 on default port 15001" daemon prio=5 tid=272 timed_waiting
java.lang.Thread.State: TIMED_WAITING
        at java.base@21.0.7/jdk.internal.misc.Unsafe.park(Native Method)
        at java.base@21.0.7/java.util.concurrent.locks.LockSupport.parkNanos(LockSupport.java:269)
        at java.base@21.0.7/java.util.concurrent.locks.AbstractQueuedSynchronizer$ConditionObject.awaitNanos(AbstractQueuedSynchronizer.java:1763)
        at java.base@21.0.7/java.util.concurrent.LinkedBlockingQueue.poll(LinkedBlockingQueue.java:460)
        at app//org.apache.hadoop.ipc.CallQueueManager.take(CallQueueManager.java:370)
        at app//org.apache.hadoop.ipc.Server$Handler.run(Server.java:3165)
"IPC Server handler 9 on default port 15027" daemon prio=5 tid=662 timed_waiting
java.lang.Thread.State: TIMED_WAITING
        at java.base@21.0.7/jdk.internal.misc.Unsafe.park(Native Method)
        at java.base@21.0.7/java.util.concurrent.locks.LockSupport.parkNanos(LockSupport.java:269)
        at java.base@21.0.7/java.util.concurrent.locks.AbstractQueuedSynchronizer$ConditionObject.awaitNanos(AbstractQueuedSynchronizer.java:1763)
        at java.base@21.0.7/java.util.concurrent.LinkedBlockingQueue.poll(LinkedBlockingQueue.java:460)
        at app//org.apache.hadoop.ipc.CallQueueManager.take(CallQueueManager.java:370)
        at app//org.apache.hadoop.ipc.Server$Handler.run(Server.java:3165)
"IPC Server handler 16 on default port 15000" daemon prio=5 tid=142 timed_waiting
java.lang.Thread.State: TIMED_WAITING
        at java.base@21.0.7/jdk.internal.misc.Unsafe.park(Native Method)
        at java.base@21.0.7/java.util.concurrent.locks.LockSupport.parkNanos(LockSupport.java:269)
        at java.base@21.0.7/java.util.concurrent.locks.AbstractQueuedSynchronizer$ConditionObject.awaitNanos(AbstractQueuedSynchronizer.java:1763)
        at java.base@21.0.7/java.util.concurrent.LinkedBlockingQueue.poll(LinkedBlockingQueue.java:460)
        at app//org.apache.hadoop.ipc.CallQueueManager.take(CallQueueManager.java:370)
        at app//org.apache.hadoop.ipc.Server$Handler.run(Server.java:3165)
"IPC Server handler 27 on default port 15002" daemon prio=5 tid=371 timed_waiting
java.lang.Thread.State: TIMED_WAITING
        at java.base@21.0.7/jdk.internal.misc.Unsafe.park(Native Method)
        at java.base@21.0.7/java.util.concurrent.locks.LockSupport.parkNanos(LockSupport.java:269)
        at java.base@21.0.7/java.util.concurrent.locks.AbstractQueuedSynchronizer$ConditionObject.awaitNanos(AbstractQueuedSynchronizer.java:1763)
        at java.base@21.0.7/java.util.concurrent.LinkedBlockingQueue.poll(LinkedBlockingQueue.java:460)
        at app//org.apache.hadoop.ipc.CallQueueManager.take(CallQueueManager.java:370)
        at app//org.apache.hadoop.ipc.Server$Handler.run(Server.java:3165)
"IPC Server handler 88 on default port 15001" daemon prio=5 tid=314 timed_waiting
java.lang.Thread.State: TIMED_WAITING
        at java.base@21.0.7/jdk.internal.misc.Unsafe.park(Native Method)
        at java.base@21.0.7/java.util.concurrent.locks.LockSupport.parkNanos(LockSupport.java:269)
        at java.base@21.0.7/java.util.concurrent.locks.AbstractQueuedSynchronizer$ConditionObject.awaitNanos(AbstractQueuedSynchronizer.java:1763)
        at java.base@21.0.7/java.util.concurrent.LinkedBlockingQueue.poll(LinkedBlockingQueue.java:460)
        at app//org.apache.hadoop.ipc.CallQueueManager.take(CallQueueManager.java:370)
        at app//org.apache.hadoop.ipc.Server$Handler.run(Server.java:3165)
"2b1bfca1-1fdc-4b0a-9b4d-c21112718afa-CommandProcessorThread" daemon prio=5 tid=748 timed_waiting
java.lang.Thread.State: TIMED_WAITING
        at java.base@21.0.7/java.lang.Thread.sleep0(Native Method)
        at java.base@21.0.7/java.lang.Thread.sleep(Thread.java:509)
        at app//org.apache.hadoop.ozone.container.common.statemachine.DatanodeStateMachine.lambda$initCommandHandlerThread$4(DatanodeStateMachine.java:674)
        at app//org.apache.hadoop.ozone.container.common.statemachine.DatanodeStateMachine$$Lambda/0x00007fe904823f58.run(Unknown Source)
        at java.base@21.0.7/java.lang.Thread.runWith(Thread.java:1596)
        at java.base@21.0.7/java.lang.Thread.run(Thread.java:1583)
"dacc202e-cd42-4a7a-b335-fe62dff69130-ChunkWriter-0-0" daemon prio=5 tid=812 in Object.wait()
java.lang.Thread.State: WAITING (on object monitor)
        at java.base@21.0.7/jdk.internal.misc.Unsafe.park(Native Method)
        at java.base@21.0.7/java.util.concurrent.locks.LockSupport.park(LockSupport.java:371)
        at java.base@21.0.7/java.util.concurrent.locks.AbstractQueuedSynchronizer$ConditionNode.block(AbstractQueuedSynchronizer.java:519)
        at java.base@21.0.7/java.util.concurrent.ForkJoinPool.unmanagedBlock(ForkJoinPool.java:3780)
        at java.base@21.0.7/java.util.concurrent.ForkJoinPool.managedBlock(ForkJoinPool.java:3725)
        at java.base@21.0.7/java.util.concurrent.locks.AbstractQueuedSynchronizer$ConditionObject.await(AbstractQueuedSynchronizer.java:1712)
        at java.base@21.0.7/java.util.concurrent.LinkedBlockingDeque.takeFirst(LinkedBlockingDeque.java:485)
        at java.base@21.0.7/java.util.concurrent.LinkedBlockingDeque.take(LinkedBlockingDeque.java:673)
        at java.base@21.0.7/java.util.concurrent.ThreadPoolExecutor.getTask(ThreadPoolExecutor.java:1070)
        at java.base@21.0.7/java.util.concurrent.ThreadPoolExecutor.runWorker(ThreadPoolExecutor.java:1130)
        at java.base@21.0.7/java.util.concurrent.ThreadPoolExecutor$Worker.run(ThreadPoolExecutor.java:642)
        at java.base@21.0.7/java.lang.Thread.runWith(Thread.java:1596)
        at java.base@21.0.7/java.lang.Thread.run(Thread.java:1583)
"78b7fabf-ca2a-4b70-8534-e46926e2083c-NettyServerStreamRpc-bossGroup--thread1"  prio=5 tid=752 runnable
java.lang.Thread.State: RUNNABLE
        at app//org.apache.ratis.thirdparty.io.netty.channel.epoll.Native.epollWait(Native Method)
        at app//org.apache.ratis.thirdparty.io.netty.channel.epoll.Native.epollWait(Native.java:220)
        at app//org.apache.ratis.thirdparty.io.netty.channel.epoll.Native.epollWait(Native.java:213)
        at app//org.apache.ratis.thirdparty.io.netty.channel.epoll.EpollEventLoop.epollWaitNoTimerChange(EpollEventLoop.java:308)
        at app//org.apache.ratis.thirdparty.io.netty.channel.epoll.EpollEventLoop.run(EpollEventLoop.java:365)
        at app//org.apache.ratis.thirdparty.io.netty.util.concurrent.SingleThreadEventExecutor$4.run(SingleThreadEventExecutor.java:997)
        at app//org.apache.ratis.thirdparty.io.netty.util.internal.ThreadExecutorMap$2.run(ThreadExecutorMap.java:74)
        at java.base@21.0.7/java.lang.Thread.runWith(Thread.java:1596)
        at java.base@21.0.7/java.lang.Thread.run(Thread.java:1583)
"IPC Server handler 16 on default port 15001" daemon prio=5 tid=242 timed_waiting
java.lang.Thread.State: TIMED_WAITING
        at java.base@21.0.7/jdk.internal.misc.Unsafe.park(Native Method)
        at java.base@21.0.7/java.util.concurrent.locks.LockSupport.parkNanos(LockSupport.java:269)
        at java.base@21.0.7/java.util.concurrent.locks.AbstractQueuedSynchronizer$ConditionObject.awaitNanos(AbstractQueuedSynchronizer.java:1763)
        at java.base@21.0.7/java.util.concurrent.LinkedBlockingQueue.poll(LinkedBlockingQueue.java:460)
        at app//org.apache.hadoop.ipc.CallQueueManager.take(CallQueueManager.java:370)
        at app//org.apache.hadoop.ipc.Server$Handler.run(Server.java:3165)
"78b7fabf-ca2a-4b70-8534-e46926e2083c-DatanodeReportManager-3" daemon prio=5 tid=802 in Object.wait()
java.lang.Thread.State: WAITING (on object monitor)
        at java.base@21.0.7/jdk.internal.misc.Unsafe.park(Native Method)
        at java.base@21.0.7/java.util.concurrent.locks.LockSupport.park(LockSupport.java:371)
        at java.base@21.0.7/java.util.concurrent.locks.AbstractQueuedSynchronizer$ConditionNode.block(AbstractQueuedSynchronizer.java:519)
        at java.base@21.0.7/java.util.concurrent.ForkJoinPool.unmanagedBlock(ForkJoinPool.java:3780)
        at java.base@21.0.7/java.util.concurrent.ForkJoinPool.managedBlock(ForkJoinPool.java:3725)
        at java.base@21.0.7/java.util.concurrent.locks.AbstractQueuedSynchronizer$ConditionObject.await(AbstractQueuedSynchronizer.java:1712)
        at java.base@21.0.7/java.util.concurrent.ScheduledThreadPoolExecutor$DelayedWorkQueue.take(ScheduledThreadPoolExecutor.java:1177)
        at java.base@21.0.7/java.util.concurrent.ScheduledThreadPoolExecutor$DelayedWorkQueue.take(ScheduledThreadPoolExecutor.java:899)
        at java.base@21.0.7/java.util.concurrent.ThreadPoolExecutor.getTask(ThreadPoolExecutor.java:1070)
        at java.base@21.0.7/java.util.concurrent.ThreadPoolExecutor.runWorker(ThreadPoolExecutor.java:1130)
        at java.base@21.0.7/java.util.concurrent.ThreadPoolExecutor$Worker.run(ThreadPoolExecutor.java:642)
        at java.base@21.0.7/java.lang.Thread.runWith(Thread.java:1596)
        at java.base@21.0.7/java.lang.Thread.run(Thread.java:1583)
"Socket Reader #3 for port 15001"  prio=5 tid=83 runnable
java.lang.Thread.State: RUNNABLE
        at java.base@21.0.7/sun.nio.ch.EPoll.wait(Native Method)
        at java.base@21.0.7/sun.nio.ch.EPollSelectorImpl.doSelect(EPollSelectorImpl.java:121)
        at java.base@21.0.7/sun.nio.ch.SelectorImpl.lockAndDoSelect(SelectorImpl.java:130)
        at java.base@21.0.7/sun.nio.ch.SelectorImpl.select(SelectorImpl.java:147)
        at app//org.apache.hadoop.ipc.Server$Listener$Reader.doRunLoop(Server.java:1497)
        at app//org.apache.hadoop.ipc.Server$Listener$Reader.run(Server.java:1476)
"IPC Server handler 12 on default port 15006" daemon prio=5 tid=517 timed_waiting
java.lang.Thread.State: TIMED_WAITING
        at java.base@21.0.7/jdk.internal.misc.Unsafe.park(Native Method)
        at java.base@21.0.7/java.util.concurrent.locks.LockSupport.parkNanos(LockSupport.java:269)
        at java.base@21.0.7/java.util.concurrent.locks.AbstractQueuedSynchronizer$ConditionObject.awaitNanos(AbstractQueuedSynchronizer.java:1763)
        at java.base@21.0.7/java.util.concurrent.LinkedBlockingQueue.poll(LinkedBlockingQueue.java:460)
        at app//org.apache.hadoop.ipc.CallQueueManager.take(CallQueueManager.java:370)
        at app//org.apache.hadoop.ipc.Server$Handler.run(Server.java:3165)
"dacc202e-cd42-4a7a-b335-fe62dff69130-PeriodicHDDSVolumeChecker" daemon prio=5 tid=807 timed_waiting
java.lang.Thread.State: TIMED_WAITING
        at java.base@21.0.7/jdk.internal.misc.Unsafe.park(Native Method)
        at java.base@21.0.7/java.util.concurrent.locks.LockSupport.parkNanos(LockSupport.java:269)
        at java.base@21.0.7/java.util.concurrent.locks.AbstractQueuedSynchronizer$ConditionObject.awaitNanos(AbstractQueuedSynchronizer.java:1763)
        at java.base@21.0.7/java.util.concurrent.ScheduledThreadPoolExecutor$DelayedWorkQueue.take(ScheduledThreadPoolExecutor.java:1182)
        at java.base@21.0.7/java.util.concurrent.ScheduledThreadPoolExecutor$DelayedWorkQueue.take(ScheduledThreadPoolExecutor.java:899)
        at java.base@21.0.7/java.util.concurrent.ThreadPoolExecutor.getTask(ThreadPoolExecutor.java:1070)
        at java.base@21.0.7/java.util.concurrent.ThreadPoolExecutor.runWorker(ThreadPoolExecutor.java:1130)
        at java.base@21.0.7/java.util.concurrent.ThreadPoolExecutor$Worker.run(ThreadPoolExecutor.java:642)
        at java.base@21.0.7/java.lang.Thread.runWith(Thread.java:1596)
        at java.base@21.0.7/java.lang.Thread.run(Thread.java:1583)
"a755fe32-7d9a-4996-bc51-d7fbc67ab218@group-49974E48289D-LeaderStateImpl" daemon prio=5 tid=976 terminated
java.lang.Thread.State: TERMINATED
        at java.base@21.0.7/jdk.internal.misc.Unsafe.park(Native Method)
        at java.base@21.0.7/java.util.concurrent.locks.LockSupport.parkNanos(LockSupport.java:269)
        at java.base@21.0.7/java.util.concurrent.locks.AbstractQueuedSynchronizer$ConditionObject.awaitNanos(AbstractQueuedSynchronizer.java:1763)
        at java.base@21.0.7/java.util.concurrent.ArrayBlockingQueue.poll(ArrayBlockingQueue.java:435)
        at app//org.apache.ratis.server.impl.LeaderStateImpl$EventQueue.poll(LeaderStateImpl.java:164)
        at app//org.apache.ratis.server.impl.LeaderStateImpl$EventProcessor.run(LeaderStateImpl.java:763)
"IPC Server handler 28 on default port 15000" daemon prio=5 tid=154 timed_waiting
java.lang.Thread.State: TIMED_WAITING
        at java.base@21.0.7/jdk.internal.misc.Unsafe.park(Native Method)
        at java.base@21.0.7/java.util.concurrent.locks.LockSupport.parkNanos(LockSupport.java:269)
        at java.base@21.0.7/java.util.concurrent.locks.AbstractQueuedSynchronizer$ConditionObject.awaitNanos(AbstractQueuedSynchronizer.java:1763)
        at java.base@21.0.7/java.util.concurrent.LinkedBlockingQueue.poll(LinkedBlockingQueue.java:460)
        at app//org.apache.hadoop.ipc.CallQueueManager.take(CallQueueManager.java:370)
        at app//org.apache.hadoop.ipc.Server$Handler.run(Server.java:3165)
"IPC Server handler 81 on default port 15001" daemon prio=5 tid=307 timed_waiting
java.lang.Thread.State: TIMED_WAITING
        at java.base@21.0.7/jdk.internal.misc.Unsafe.park(Native Method)
        at java.base@21.0.7/java.util.concurrent.locks.LockSupport.parkNanos(LockSupport.java:269)
        at java.base@21.0.7/java.util.concurrent.locks.AbstractQueuedSynchronizer$ConditionObject.awaitNanos(AbstractQueuedSynchronizer.java:1763)
        at java.base@21.0.7/java.util.concurrent.LinkedBlockingQueue.poll(LinkedBlockingQueue.java:460)
        at app//org.apache.hadoop.ipc.CallQueueManager.take(CallQueueManager.java:370)
        at app//org.apache.hadoop.ipc.Server$Handler.run(Server.java:3165)
"om1-DirectoryDeletingService#8" daemon prio=5 tid=493 in Object.wait()
java.lang.Thread.State: WAITING (on object monitor)
        at java.base@21.0.7/jdk.internal.misc.Unsafe.park(Native Method)
        at java.base@21.0.7/java.util.concurrent.locks.LockSupport.park(LockSupport.java:371)
        at java.base@21.0.7/java.util.concurrent.locks.AbstractQueuedSynchronizer$ConditionNode.block(AbstractQueuedSynchronizer.java:519)
        at java.base@21.0.7/java.util.concurrent.ForkJoinPool.unmanagedBlock(ForkJoinPool.java:3780)
        at java.base@21.0.7/java.util.concurrent.ForkJoinPool.managedBlock(ForkJoinPool.java:3725)
        at java.base@21.0.7/java.util.concurrent.locks.AbstractQueuedSynchronizer$ConditionObject.await(AbstractQueuedSynchronizer.java:1712)
        at java.base@21.0.7/java.util.concurrent.ScheduledThreadPoolExecutor$DelayedWorkQueue.take(ScheduledThreadPoolExecutor.java:1170)
        at java.base@21.0.7/java.util.concurrent.ScheduledThreadPoolExecutor$DelayedWorkQueue.take(ScheduledThreadPoolExecutor.java:899)
        at java.base@21.0.7/java.util.concurrent.ThreadPoolExecutor.getTask(ThreadPoolExecutor.java:1070)
        at java.base@21.0.7/java.util.concurrent.ThreadPoolExecutor.runWorker(ThreadPoolExecutor.java:1130)
        at java.base@21.0.7/java.util.concurrent.ThreadPoolExecutor$Worker.run(ThreadPoolExecutor.java:642)
        at java.base@21.0.7/java.lang.Thread.runWith(Thread.java:1596)
        at java.base@21.0.7/java.lang.Thread.run(Thread.java:1583)
"qtp207012443-628" daemon prio=5 tid=628 timed_waiting
java.lang.Thread.State: TIMED_WAITING
        at java.base@21.0.7/jdk.internal.misc.Unsafe.park(Native Method)
        at java.base@21.0.7/java.util.concurrent.locks.LockSupport.parkNanos(LockSupport.java:269)
        at java.base@21.0.7/java.util.concurrent.locks.AbstractQueuedSynchronizer$ConditionObject.awaitNanos(AbstractQueuedSynchronizer.java:1763)
        at app//org.eclipse.jetty.util.BlockingArrayQueue.poll(BlockingArrayQueue.java:382)
        at app//org.eclipse.jetty.util.thread.QueuedThreadPool$Runner.idleJobPoll(QueuedThreadPool.java:974)
        at app//org.eclipse.jetty.util.thread.QueuedThreadPool$Runner.run(QueuedThreadPool.java:1018)
        at java.base@21.0.7/java.lang.Thread.runWith(Thread.java:1596)
        at java.base@21.0.7/java.lang.Thread.run(Thread.java:1583)
"IPC Server handler 4 on default port 15027" daemon prio=5 tid=657 timed_waiting
java.lang.Thread.State: TIMED_WAITING
        at java.base@21.0.7/jdk.internal.misc.Unsafe.park(Native Method)
        at java.base@21.0.7/java.util.concurrent.locks.LockSupport.parkNanos(LockSupport.java:269)
        at java.base@21.0.7/java.util.concurrent.locks.AbstractQueuedSynchronizer$ConditionObject.awaitNanos(AbstractQueuedSynchronizer.java:1763)
        at java.base@21.0.7/java.util.concurrent.LinkedBlockingQueue.poll(LinkedBlockingQueue.java:460)
        at app//org.apache.hadoop.ipc.CallQueueManager.take(CallQueueManager.java:370)
        at app//org.apache.hadoop.ipc.Server$Handler.run(Server.java:3165)
"IPC Server handler 67 on default port 15001" daemon prio=5 tid=293 timed_waiting
java.lang.Thread.State: TIMED_WAITING
        at java.base@21.0.7/jdk.internal.misc.Unsafe.park(Native Method)
        at java.base@21.0.7/java.util.concurrent.locks.LockSupport.parkNanos(LockSupport.java:269)
        at java.base@21.0.7/java.util.concurrent.locks.AbstractQueuedSynchronizer$ConditionObject.awaitNanos(AbstractQueuedSynchronizer.java:1763)
        at java.base@21.0.7/java.util.concurrent.LinkedBlockingQueue.poll(LinkedBlockingQueue.java:460)
        at app//org.apache.hadoop.ipc.CallQueueManager.take(CallQueueManager.java:370)
        at app//org.apache.hadoop.ipc.Server$Handler.run(Server.java:3165)
"IPC Server handler 1 on default port 15035" daemon prio=5 tid=734 timed_waiting
java.lang.Thread.State: TIMED_WAITING
        at java.base@21.0.7/jdk.internal.misc.Unsafe.park(Native Method)
        at java.base@21.0.7/java.util.concurrent.locks.LockSupport.parkNanos(LockSupport.java:269)
        at java.base@21.0.7/java.util.concurrent.locks.AbstractQueuedSynchronizer$ConditionObject.awaitNanos(AbstractQueuedSynchronizer.java:1763)
        at java.base@21.0.7/java.util.concurrent.LinkedBlockingQueue.poll(LinkedBlockingQueue.java:460)
        at app//org.apache.hadoop.ipc.CallQueueManager.take(CallQueueManager.java:370)
        at app//org.apache.hadoop.ipc.Server$Handler.run(Server.java:3165)
"Socket Reader #7 for port 15002"  prio=5 tid=73 runnable
java.lang.Thread.State: RUNNABLE
        at java.base@21.0.7/sun.nio.ch.EPoll.wait(Native Method)
        at java.base@21.0.7/sun.nio.ch.EPollSelectorImpl.doSelect(EPollSelectorImpl.java:121)
        at java.base@21.0.7/sun.nio.ch.SelectorImpl.lockAndDoSelect(SelectorImpl.java:130)
        at java.base@21.0.7/sun.nio.ch.SelectorImpl.select(SelectorImpl.java:147)
        at app//org.apache.hadoop.ipc.Server$Listener$Reader.doRunLoop(Server.java:1497)
        at app//org.apache.hadoop.ipc.Server$Listener$Reader.run(Server.java:1476)
"IPC Server handler 1 on default port 15000" daemon prio=5 tid=127 timed_waiting
java.lang.Thread.State: TIMED_WAITING
        at java.base@21.0.7/jdk.internal.misc.Unsafe.park(Native Method)
        at java.base@21.0.7/java.util.concurrent.locks.LockSupport.parkNanos(LockSupport.java:269)
        at java.base@21.0.7/java.util.concurrent.locks.AbstractQueuedSynchronizer$ConditionObject.awaitNanos(AbstractQueuedSynchronizer.java:1763)
        at java.base@21.0.7/java.util.concurrent.LinkedBlockingQueue.poll(LinkedBlockingQueue.java:460)
        at app//org.apache.hadoop.ipc.CallQueueManager.take(CallQueueManager.java:370)
        at app//org.apache.hadoop.ipc.Server$Handler.run(Server.java:3165)
"qtp256443308-501" daemon prio=5 tid=501 timed_waiting
java.lang.Thread.State: TIMED_WAITING
        at java.base@21.0.7/jdk.internal.misc.Unsafe.park(Native Method)
        at java.base@21.0.7/java.util.concurrent.locks.LockSupport.parkNanos(LockSupport.java:269)
        at java.base@21.0.7/java.util.concurrent.locks.AbstractQueuedSynchronizer$ConditionObject.awaitNanos(AbstractQueuedSynchronizer.java:1763)
        at app//org.eclipse.jetty.util.BlockingArrayQueue.poll(BlockingArrayQueue.java:382)
        at app//org.eclipse.jetty.util.thread.QueuedThreadPool$Runner.idleJobPoll(QueuedThreadPool.java:974)
        at app//org.eclipse.jetty.util.thread.QueuedThreadPool$Runner.run(QueuedThreadPool.java:1018)
        at java.base@21.0.7/java.lang.Thread.runWith(Thread.java:1596)
        at java.base@21.0.7/java.lang.Thread.run(Thread.java:1583)
"IPC Server handler 77 on default port 15000" daemon prio=5 tid=203 timed_waiting
java.lang.Thread.State: TIMED_WAITING
        at java.base@21.0.7/jdk.internal.misc.Unsafe.park(Native Method)
        at java.base@21.0.7/java.util.concurrent.locks.LockSupport.parkNanos(LockSupport.java:269)
        at java.base@21.0.7/java.util.concurrent.locks.AbstractQueuedSynchronizer$ConditionObject.awaitNanos(AbstractQueuedSynchronizer.java:1763)
        at java.base@21.0.7/java.util.concurrent.LinkedBlockingQueue.poll(LinkedBlockingQueue.java:460)
        at app//org.apache.hadoop.ipc.CallQueueManager.take(CallQueueManager.java:370)
        at app//org.apache.hadoop.ipc.Server$Handler.run(Server.java:3165)
"IPC Server handler 47 on default port 15001" daemon prio=5 tid=273 timed_waiting
java.lang.Thread.State: TIMED_WAITING
        at java.base@21.0.7/jdk.internal.misc.Unsafe.park(Native Method)
        at java.base@21.0.7/java.util.concurrent.locks.LockSupport.parkNanos(LockSupport.java:269)
        at java.base@21.0.7/java.util.concurrent.locks.AbstractQueuedSynchronizer$ConditionObject.awaitNanos(AbstractQueuedSynchronizer.java:1763)
        at java.base@21.0.7/java.util.concurrent.LinkedBlockingQueue.poll(LinkedBlockingQueue.java:460)
        at app//org.apache.hadoop.ipc.CallQueueManager.take(CallQueueManager.java:370)
        at app//org.apache.hadoop.ipc.Server$Handler.run(Server.java:3165)
"timer5" daemon prio=5 tid=1037 timed_waiting
java.lang.Thread.State: TIMED_WAITING
        at java.base@21.0.7/java.lang.Object.wait0(Native Method)
        at java.base@21.0.7/java.lang.Object.wait(Object.java:366)
        at java.base@21.0.7/java.util.TimerThread.mainLoop(Timer.java:563)
        at java.base@21.0.7/java.util.TimerThread.run(Timer.java:516)
"IPC Server handler 57 on default port 15000" daemon prio=5 tid=183 timed_waiting
java.lang.Thread.State: TIMED_WAITING
        at java.base@21.0.7/jdk.internal.misc.Unsafe.park(Native Method)
        at java.base@21.0.7/java.util.concurrent.locks.LockSupport.parkNanos(LockSupport.java:269)
        at java.base@21.0.7/java.util.concurrent.locks.AbstractQueuedSynchronizer$ConditionObject.awaitNanos(AbstractQueuedSynchronizer.java:1763)
        at java.base@21.0.7/java.util.concurrent.LinkedBlockingQueue.poll(LinkedBlockingQueue.java:460)
        at app//org.apache.hadoop.ipc.CallQueueManager.take(CallQueueManager.java:370)
        at app//org.apache.hadoop.ipc.Server$Handler.run(Server.java:3165)
"EventQueue-DatanodeCommandForSCMNodeManager"  prio=5 tid=773 in Object.wait()
java.lang.Thread.State: WAITING (on object monitor)
        at java.base@21.0.7/jdk.internal.misc.Unsafe.park(Native Method)
        at java.base@21.0.7/java.util.concurrent.locks.LockSupport.park(LockSupport.java:371)
        at java.base@21.0.7/java.util.concurrent.locks.AbstractQueuedSynchronizer$ConditionNode.block(AbstractQueuedSynchronizer.java:519)
        at java.base@21.0.7/java.util.concurrent.ForkJoinPool.unmanagedBlock(ForkJoinPool.java:3780)
        at java.base@21.0.7/java.util.concurrent.ForkJoinPool.managedBlock(ForkJoinPool.java:3725)
        at java.base@21.0.7/java.util.concurrent.locks.AbstractQueuedSynchronizer$ConditionObject.await(AbstractQueuedSynchronizer.java:1712)
        at java.base@21.0.7/java.util.concurrent.LinkedBlockingQueue.take(LinkedBlockingQueue.java:435)
        at java.base@21.0.7/java.util.concurrent.ThreadPoolExecutor.getTask(ThreadPoolExecutor.java:1070)
        at java.base@21.0.7/java.util.concurrent.ThreadPoolExecutor.runWorker(ThreadPoolExecutor.java:1130)
        at java.base@21.0.7/java.util.concurrent.ThreadPoolExecutor$Worker.run(ThreadPoolExecutor.java:642)
        at java.base@21.0.7/java.lang.Thread.runWith(Thread.java:1596)
        at java.base@21.0.7/java.lang.Thread.run(Thread.java:1583)
"IPC Server handler 37 on default port 15001" daemon prio=5 tid=263 timed_waiting
java.lang.Thread.State: TIMED_WAITING
        at java.base@21.0.7/jdk.internal.misc.Unsafe.park(Native Method)
        at java.base@21.0.7/java.util.concurrent.locks.LockSupport.parkNanos(LockSupport.java:269)
        at java.base@21.0.7/java.util.concurrent.locks.AbstractQueuedSynchronizer$ConditionObject.awaitNanos(AbstractQueuedSynchronizer.java:1763)
        at java.base@21.0.7/java.util.concurrent.LinkedBlockingQueue.poll(LinkedBlockingQueue.java:460)
        at app//org.apache.hadoop.ipc.CallQueueManager.take(CallQueueManager.java:370)
        at app//org.apache.hadoop.ipc.Server$Handler.run(Server.java:3165)
"IPC Server handler 82 on default port 15001" daemon prio=5 tid=308 timed_waiting
java.lang.Thread.State: TIMED_WAITING
        at java.base@21.0.7/jdk.internal.misc.Unsafe.park(Native Method)
        at java.base@21.0.7/java.util.concurrent.locks.LockSupport.parkNanos(LockSupport.java:269)
        at java.base@21.0.7/java.util.concurrent.locks.AbstractQueuedSynchronizer$ConditionObject.awaitNanos(AbstractQueuedSynchronizer.java:1763)
        at java.base@21.0.7/java.util.concurrent.LinkedBlockingQueue.poll(LinkedBlockingQueue.java:460)
        at app//org.apache.hadoop.ipc.CallQueueManager.take(CallQueueManager.java:370)
        at app//org.apache.hadoop.ipc.Server$Handler.run(Server.java:3165)
"main"  prio=5 tid=1 runnable
java.lang.Thread.State: RUNNABLE
        at java.base@21.0.7/java.lang.Thread.dumpThreads(Native Method)
        at java.base@21.0.7/java.lang.Thread.getAllStackTraces(Thread.java:2522)
        at app//org.apache.ozone.test.TimedOutTestsListener.buildThreadDump(TimedOutTestsListener.java:81)
        at app//org.apache.ozone.test.TimedOutTestsListener.buildThreadDiagnosticString(TimedOutTestsListener.java:67)
        at app//org.apache.ozone.test.GenericTestUtils.waitFor(GenericTestUtils.java:116)
        at app//org.apache.hadoop.hdds.scm.node.TestQueryNode.testStaleNodesCount(TestQueryNode.java:86)
        at java.base@21.0.7/java.lang.invoke.LambdaForm$DMH/0x00007fe904130400.invokeVirtual(LambdaForm$DMH)
        at java.base@21.0.7/java.lang.invoke.LambdaForm$MH/0x00007fe904154400.invoke(LambdaForm$MH)
        at java.base@21.0.7/java.lang.invoke.Invokers$Holder.invokeExact_MT(Invokers$Holder)
        at java.base@21.0.7/jdk.internal.reflect.DirectMethodHandleAccessor.invokeImpl(DirectMethodHandleAccessor.java:153)
        at java.base@21.0.7/jdk.internal.reflect.DirectMethodHandleAccessor.invoke(DirectMethodHandleAccessor.java:103)
        at java.base@21.0.7/java.lang.reflect.Method.invoke(Method.java:580)
        at app//org.junit.platform.commons.util.ReflectionUtils.invokeMethod(ReflectionUtils.java:775)
        at app//org.junit.platform.commons.support.ReflectionSupport.invokeMethod(ReflectionSupport.java:479)
        at app//org.junit.jupiter.engine.execution.MethodInvocation.proceed(MethodInvocation.java:60)
        at app//org.junit.jupiter.engine.execution.InvocationInterceptorChain$ValidatingInvocation.proceed(InvocationInterceptorChain.java:131)
        at app//org.junit.jupiter.engine.extension.SameThreadTimeoutInvocation.proceed(SameThreadTimeoutInvocation.java:49)
        at app//org.junit.jupiter.engine.extension.TimeoutExtension.intercept(TimeoutExtension.java:161)
        at app//org.junit.jupiter.engine.extension.TimeoutExtension.interceptTestableMethod(TimeoutExtension.java:152)
        at app//org.junit.jupiter.engine.extension.TimeoutExtension.interceptTestMethod(TimeoutExtension.java:91)
        at app//org.junit.jupiter.engine.descriptor.TestMethodTestDescriptor$$Lambda/0x00007fe9040bc000.apply(Unknown Source)
        at app//org.junit.jupiter.engine.execution.InterceptingExecutableInvoker$ReflectiveInterceptorCall.lambda$ofVoidMethod$0(InterceptingExecutableInvoker.java:112)
        at app//org.junit.jupiter.engine.execution.InterceptingExecutableInvoker$ReflectiveInterceptorCall$$Lambda/0x00007fe9040bc400.apply(Unknown Source)
        at app//org.junit.jupiter.engine.execution.InterceptingExecutableInvoker.lambda$invoke$0(InterceptingExecutableInvoker.java:94)
        at app//org.junit.jupiter.engine.execution.InterceptingExecutableInvoker$$Lambda/0x00007fe90414fd98.apply(Unknown Source)
        at app//org.junit.jupiter.engine.execution.InvocationInterceptorChain$InterceptedInvocation.proceed(InvocationInterceptorChain.java:106)
        at app//org.junit.jupiter.engine.execution.InvocationInterceptorChain.proceed(InvocationInterceptorChain.java:64)
        at app//org.junit.jupiter.engine.execution.InvocationInterceptorChain.chainAndInvoke(InvocationInterceptorChain.java:45)
        at app//org.junit.jupiter.engine.execution.InvocationInterceptorChain.invoke(InvocationInterceptorChain.java:37)
        at app//org.junit.jupiter.engine.execution.InterceptingExecutableInvoker.invoke(InterceptingExecutableInvoker.java:93)
        at app//org.junit.jupiter.engine.execution.InterceptingExecutableInvoker.invoke(InterceptingExecutableInvoker.java:87)
        at app//org.junit.jupiter.engine.descriptor.TestMethodTestDescriptor.lambda$invokeTestMethod$7(TestMethodTestDescriptor.java:216)
        at app//org.junit.jupiter.engine.descriptor.TestMethodTestDescriptor$$Lambda/0x00007fe9049688e0.execute(Unknown Source)
        at app//org.junit.platform.engine.support.hierarchical.ThrowableCollector.execute(ThrowableCollector.java:73)
        at app//org.junit.jupiter.engine.descriptor.TestMethodTestDescriptor.invokeTestMethod(TestMethodTestDescriptor.java:212)
        at app//org.junit.jupiter.engine.descriptor.TestMethodTestDescriptor.execute(TestMethodTestDescriptor.java:137)
        at app//org.junit.jupiter.engine.descriptor.TestMethodTestDescriptor.execute(TestMethodTestDescriptor.java:69)
        at app//org.junit.platform.engine.support.hierarchical.NodeTestTask.lambda$executeRecursively$6(NodeTestTask.java:156)
        at app//org.junit.platform.engine.support.hierarchical.NodeTestTask$$Lambda/0x00007fe904136b08.execute(Unknown Source)
        at app//org.junit.platform.engine.support.hierarchical.ThrowableCollector.execute(ThrowableCollector.java:73)
        at app//org.junit.platform.engine.support.hierarchical.NodeTestTask.lambda$executeRecursively$8(NodeTestTask.java:146)
        at app//org.junit.platform.engine.support.hierarchical.NodeTestTask$$Lambda/0x00007fe9041368f0.invoke(Unknown Source)
        at app//org.junit.platform.engine.support.hierarchical.Node.around(Node.java:137)
        at app//org.junit.platform.engine.support.hierarchical.NodeTestTask.lambda$executeRecursively$9(NodeTestTask.java:144)
        at app//org.junit.platform.engine.support.hierarchical.NodeTestTask$$Lambda/0x00007fe9041364e8.execute(Unknown Source)
        at app//org.junit.platform.engine.support.hierarchical.ThrowableCollector.execute(ThrowableCollector.java:73)
        at app//org.junit.platform.engine.support.hierarchical.NodeTestTask.executeRecursively(NodeTestTask.java:143)
        at app//org.junit.platform.engine.support.hierarchical.NodeTestTask.execute(NodeTestTask.java:100)
        at app//org.junit.platform.engine.support.hierarchical.SameThreadHierarchicalTestExecutorService$$Lambda/0x00007fe904137a40.accept(Unknown Source)
        at java.base@21.0.7/java.util.ArrayList.forEach(ArrayList.java:1596)
        at app//org.junit.platform.engine.support.hierarchical.SameThreadHierarchicalTestExecutorService.invokeAll(SameThreadHierarchicalTestExecutorService.java:41)
        at app//org.junit.platform.engine.support.hierarchical.NodeTestTask.lambda$executeRecursively$6(NodeTestTask.java:160)
        at app//org.junit.platform.engine.support.hierarchical.NodeTestTask$$Lambda/0x00007fe904136b08.execute(Unknown Source)
        at app//org.junit.platform.engine.support.hierarchical.ThrowableCollector.execute(ThrowableCollector.java:73)
        at app//org.junit.platform.engine.support.hierarchical.NodeTestTask.lambda$executeRecursively$8(NodeTestTask.java:146)
        at app//org.junit.platform.engine.support.hierarchical.NodeTestTask$$Lambda/0x00007fe9041368f0.invoke(Unknown Source)
        at app//org.junit.platform.engine.support.hierarchical.Node.around(Node.java:137)
        at app//org.junit.platform.engine.support.hierarchical.NodeTestTask.lambda$executeRecursively$9(NodeTestTask.java:144)
        at app//org.junit.platform.engine.support.hierarchical.NodeTestTask$$Lambda/0x00007fe9041364e8.execute(Unknown Source)
        at app//org.junit.platform.engine.support.hierarchical.ThrowableCollector.execute(ThrowableCollector.java:73)
        at app//org.junit.platform.engine.support.hierarchical.NodeTestTask.executeRecursively(NodeTestTask.java:143)
        at app//org.junit.platform.engine.support.hierarchical.NodeTestTask.execute(NodeTestTask.java:100)
        at app//org.junit.platform.engine.support.hierarchical.SameThreadHierarchicalTestExecutorService$$Lambda/0x00007fe904137a40.accept(Unknown Source)
        at java.base@21.0.7/java.util.ArrayList.forEach(ArrayList.java:1596)
        at app//org.junit.platform.engine.support.hierarchical.SameThreadHierarchicalTestExecutorService.invokeAll(SameThreadHierarchicalTestExecutorService.java:41)
        at app//org.junit.platform.engine.support.hierarchical.NodeTestTask.lambda$executeRecursively$6(NodeTestTask.java:160)
        at app//org.junit.platform.engine.support.hierarchical.NodeTestTask$$Lambda/0x00007fe904136b08.execute(Unknown Source)
        at app//org.junit.platform.engine.support.hierarchical.ThrowableCollector.execute(ThrowableCollector.java:73)
        at app//org.junit.platform.engine.support.hierarchical.NodeTestTask.lambda$executeRecursively$8(NodeTestTask.java:146)
        at app//org.junit.platform.engine.support.hierarchical.NodeTestTask$$Lambda/0x00007fe9041368f0.invoke(Unknown Source)
        at app//org.junit.platform.engine.support.hierarchical.Node.around(Node.java:137)
        at app//org.junit.platform.engine.support.hierarchical.NodeTestTask.lambda$executeRecursively$9(NodeTestTask.java:144)
        at app//org.junit.platform.engine.support.hierarchical.NodeTestTask$$Lambda/0x00007fe9041364e8.execute(Unknown Source)
        at app//org.junit.platform.engine.support.hierarchical.ThrowableCollector.execute(ThrowableCollector.java:73)
        at app//org.junit.platform.engine.support.hierarchical.NodeTestTask.executeRecursively(NodeTestTask.java:143)
        at app//org.junit.platform.engine.support.hierarchical.NodeTestTask.execute(NodeTestTask.java:100)
        at app//org.junit.platform.engine.support.hierarchical.SameThreadHierarchicalTestExecutorService.submit(SameThreadHierarchicalTestExecutorService.java:35)
        at app//org.junit.platform.engine.support.hierarchical.HierarchicalTestExecutor.execute(HierarchicalTestExecutor.java:57)
        at app//org.junit.platform.engine.support.hierarchical.HierarchicalTestEngine.execute(HierarchicalTestEngine.java:54)
        at app//org.junit.platform.launcher.core.EngineExecutionOrchestrator.execute(EngineExecutionOrchestrator.java:201)
        at app//org.junit.platform.launcher.core.EngineExecutionOrchestrator.execute(EngineExecutionOrchestrator.java:170)
        at app//org.junit.platform.launcher.core.EngineExecutionOrchestrator.execute(EngineExecutionOrchestrator.java:94)
        at app//org.junit.platform.launcher.core.EngineExecutionOrchestrator.lambda$execute$0(EngineExecutionOrchestrator.java:59)
        at app//org.junit.platform.launcher.core.EngineExecutionOrchestrator$$Lambda/0x00007fe90410af78.accept(Unknown Source)
        at app//org.junit.platform.launcher.core.EngineExecutionOrchestrator.withInterceptedStreams(EngineExecutionOrchestrator.java:142)
        at app//org.junit.platform.launcher.core.EngineExecutionOrchestrator.execute(EngineExecutionOrchestrator.java:58)
        at app//org.junit.platform.launcher.core.DefaultLauncher.execute(DefaultLauncher.java:103)
        at app//org.junit.platform.launcher.core.DefaultLauncher.execute(DefaultLauncher.java:85)
        at app//org.junit.platform.launcher.core.DelegatingLauncher.execute(DelegatingLauncher.java:47)
        at app//org.junit.platform.launcher.core.InterceptingLauncher.lambda$execute$1(InterceptingLauncher.java:39)
        at app//org.junit.platform.launcher.core.InterceptingLauncher$$Lambda/0x00007fe9040964b8.proceed(Unknown Source)
        at app//org.junit.platform.launcher.core.ClasspathAlignmentCheckingLauncherInterceptor.intercept(ClasspathAlignmentCheckingLauncherInterceptor.java:25)
        at app//org.junit.platform.launcher.core.InterceptingLauncher.execute(InterceptingLauncher.java:38)
        at app//org.junit.platform.launcher.core.DelegatingLauncher.execute(DelegatingLauncher.java:47)
        at app//org.apache.maven.surefire.junitplatform.LazyLauncher.execute(LazyLauncher.java:56)
        at app//org.apache.maven.surefire.junitplatform.JUnitPlatformProvider.execute(JUnitPlatformProvider.java:184)
        at app//org.apache.maven.surefire.junitplatform.JUnitPlatformProvider.invokeAllTests(JUnitPlatformProvider.java:148)
        at app//org.apache.maven.surefire.junitplatform.JUnitPlatformProvider.invoke(JUnitPlatformProvider.java:120)
        at app//org.apache.maven.surefire.booter.ForkedBooter.runSuitesInProcess(ForkedBooter.java:385)
        at app//org.apache.maven.surefire.booter.ForkedBooter.execute(ForkedBooter.java:162)
        at app//org.apache.maven.surefire.booter.ForkedBooter.run(ForkedBooter.java:507)
        at app//org.apache.maven.surefire.booter.ForkedBooter.main(ForkedBooter.java:495)
"IPC Server handler 0 on default port 15043" daemon prio=5 tid=788 timed_waiting
java.lang.Thread.State: TIMED_WAITING
        at java.base@21.0.7/jdk.internal.misc.Unsafe.park(Native Method)
        at java.base@21.0.7/java.util.concurrent.locks.LockSupport.parkNanos(LockSupport.java:269)
        at java.base@21.0.7/java.util.concurrent.locks.AbstractQueuedSynchronizer$ConditionObject.awaitNanos(AbstractQueuedSynchronizer.java:1763)
        at java.base@21.0.7/java.util.concurrent.LinkedBlockingQueue.poll(LinkedBlockingQueue.java:460)
        at app//org.apache.hadoop.ipc.CallQueueManager.take(CallQueueManager.java:370)
        at app//org.apache.hadoop.ipc.Server$Handler.run(Server.java:3165)
"IPC Server handler 74 on default port 15001" daemon prio=5 tid=300 timed_waiting
java.lang.Thread.State: TIMED_WAITING
        at java.base@21.0.7/jdk.internal.misc.Unsafe.park(Native Method)
        at java.base@21.0.7/java.util.concurrent.locks.LockSupport.parkNanos(LockSupport.java:269)
        at java.base@21.0.7/java.util.concurrent.locks.AbstractQueuedSynchronizer$ConditionObject.awaitNanos(AbstractQueuedSynchronizer.java:1763)
        at java.base@21.0.7/java.util.concurrent.LinkedBlockingQueue.poll(LinkedBlockingQueue.java:460)
        at app//org.apache.hadoop.ipc.CallQueueManager.take(CallQueueManager.java:370)
        at app//org.apache.hadoop.ipc.Server$Handler.run(Server.java:3165)
"IPC Server handler 13 on default port 15002" daemon prio=5 tid=357 timed_waiting
java.lang.Thread.State: TIMED_WAITING
        at java.base@21.0.7/jdk.internal.misc.Unsafe.park(Native Method)
        at java.base@21.0.7/java.util.concurrent.locks.LockSupport.parkNanos(LockSupport.java:269)
        at java.base@21.0.7/java.util.concurrent.locks.AbstractQueuedSynchronizer$ConditionObject.awaitNanos(AbstractQueuedSynchronizer.java:1763)
        at java.base@21.0.7/java.util.concurrent.LinkedBlockingQueue.poll(LinkedBlockingQueue.java:460)
        at app//org.apache.hadoop.ipc.CallQueueManager.take(CallQueueManager.java:370)
        at app//org.apache.hadoop.ipc.Server$Handler.run(Server.java:3165)
"Socket Reader #10 for port 15002"  prio=5 tid=76 runnable
java.lang.Thread.State: RUNNABLE
        at java.base@21.0.7/sun.nio.ch.EPoll.wait(Native Method)
        at java.base@21.0.7/sun.nio.ch.EPollSelectorImpl.doSelect(EPollSelectorImpl.java:121)
        at java.base@21.0.7/sun.nio.ch.SelectorImpl.lockAndDoSelect(SelectorImpl.java:130)
        at java.base@21.0.7/sun.nio.ch.SelectorImpl.select(SelectorImpl.java:147)
        at app//org.apache.hadoop.ipc.Server$Listener$Reader.doRunLoop(Server.java:1497)
        at app//org.apache.hadoop.ipc.Server$Listener$Reader.run(Server.java:1476)
"FixedThreadPoolWithAffinityExecutor-2-0" daemon prio=5 tid=110 timed_waiting
java.lang.Thread.State: TIMED_WAITING
        at java.base@21.0.7/jdk.internal.misc.Unsafe.park(Native Method)
        at java.base@21.0.7/java.util.concurrent.locks.LockSupport.parkNanos(LockSupport.java:269)
        at java.base@21.0.7/java.util.concurrent.locks.AbstractQueuedSynchronizer$ConditionObject.awaitNanos(AbstractQueuedSynchronizer.java:1763)
        at java.base@21.0.7/java.util.concurrent.LinkedBlockingQueue.poll(LinkedBlockingQueue.java:460)
        at app//org.apache.hadoop.hdds.scm.server.ContainerReportQueue.poll(ContainerReportQueue.java:269)
        at app//org.apache.hadoop.hdds.scm.server.ContainerReportQueue.poll(ContainerReportQueue.java:42)
        at app//org.apache.hadoop.hdds.server.events.FixedThreadPoolWithAffinityExecutor$ContainerReportProcessTask.run(FixedThreadPoolWithAffinityExecutor.java:228)
        at java.base@21.0.7/java.util.concurrent.Executors$RunnableAdapter.call(Executors.java:572)
        at java.base@21.0.7/java.util.concurrent.FutureTask.run(FutureTask.java:317)
        at java.base@21.0.7/java.util.concurrent.ThreadPoolExecutor.runWorker(ThreadPoolExecutor.java:1144)
        at java.base@21.0.7/java.util.concurrent.ThreadPoolExecutor$Worker.run(ThreadPoolExecutor.java:642)
        at java.base@21.0.7/java.lang.Thread.runWith(Thread.java:1596)
        at java.base@21.0.7/java.lang.Thread.run(Thread.java:1583)
"EventQueue-NewNodeForNewNodeHandler" daemon prio=5 tid=765 in Object.wait()
java.lang.Thread.State: WAITING (on object monitor)
        at java.base@21.0.7/jdk.internal.misc.Unsafe.park(Native Method)
        at java.base@21.0.7/java.util.concurrent.locks.LockSupport.park(LockSupport.java:371)
        at java.base@21.0.7/java.util.concurrent.locks.AbstractQueuedSynchronizer$ConditionNode.block(AbstractQueuedSynchronizer.java:519)
        at java.base@21.0.7/java.util.concurrent.ForkJoinPool.unmanagedBlock(ForkJoinPool.java:3780)
        at java.base@21.0.7/java.util.concurrent.ForkJoinPool.managedBlock(ForkJoinPool.java:3725)
        at java.base@21.0.7/java.util.concurrent.locks.AbstractQueuedSynchronizer$ConditionObject.await(AbstractQueuedSynchronizer.java:1712)
        at java.base@21.0.7/java.util.concurrent.LinkedBlockingQueue.take(LinkedBlockingQueue.java:435)
        at java.base@21.0.7/java.util.concurrent.ThreadPoolExecutor.getTask(ThreadPoolExecutor.java:1070)
        at java.base@21.0.7/java.util.concurrent.ThreadPoolExecutor.runWorker(ThreadPoolExecutor.java:1130)
        at java.base@21.0.7/java.util.concurrent.ThreadPoolExecutor$Worker.run(ThreadPoolExecutor.java:642)
        at java.base@21.0.7/java.lang.Thread.runWith(Thread.java:1596)
        at java.base@21.0.7/java.lang.Thread.run(Thread.java:1583)
"Socket Reader #8 for port 15006"  prio=5 tid=463 runnable
java.lang.Thread.State: RUNNABLE
        at java.base@21.0.7/sun.nio.ch.EPoll.wait(Native Method)
        at java.base@21.0.7/sun.nio.ch.EPollSelectorImpl.doSelect(EPollSelectorImpl.java:121)
        at java.base@21.0.7/sun.nio.ch.SelectorImpl.lockAndDoSelect(SelectorImpl.java:130)
        at java.base@21.0.7/sun.nio.ch.SelectorImpl.select(SelectorImpl.java:147)
        at app//org.apache.hadoop.ipc.Server$Listener$Reader.doRunLoop(Server.java:1497)
        at app//org.apache.hadoop.ipc.Server$Listener$Reader.run(Server.java:1476)
"IPC Server handler 95 on default port 15002" daemon prio=5 tid=439 timed_waiting
java.lang.Thread.State: TIMED_WAITING
        at java.base@21.0.7/jdk.internal.misc.Unsafe.park(Native Method)
        at java.base@21.0.7/java.util.concurrent.locks.LockSupport.parkNanos(LockSupport.java:269)
        at java.base@21.0.7/java.util.concurrent.locks.AbstractQueuedSynchronizer$ConditionObject.awaitNanos(AbstractQueuedSynchronizer.java:1763)
        at java.base@21.0.7/java.util.concurrent.LinkedBlockingQueue.poll(LinkedBlockingQueue.java:460)
        at app//org.apache.hadoop.ipc.CallQueueManager.take(CallQueueManager.java:370)
        at app//org.apache.hadoop.ipc.Server$Handler.run(Server.java:3165)
"timer0" daemon prio=5 tid=1041 timed_waiting
java.lang.Thread.State: TIMED_WAITING
        at java.base@21.0.7/java.lang.Object.wait0(Native Method)
        at java.base@21.0.7/java.lang.Object.wait(Object.java:366)
        at java.base@21.0.7/java.util.TimerThread.mainLoop(Timer.java:563)
        at java.base@21.0.7/java.util.TimerThread.run(Timer.java:516)
"2b1bfca1-1fdc-4b0a-9b4d-c21112718afa-DatanodeReportManager-3" daemon prio=5 tid=747 in Object.wait()
java.lang.Thread.State: WAITING (on object monitor)
        at java.base@21.0.7/jdk.internal.misc.Unsafe.park(Native Method)
        at java.base@21.0.7/java.util.concurrent.locks.LockSupport.park(LockSupport.java:371)
        at java.base@21.0.7/java.util.concurrent.locks.AbstractQueuedSynchronizer$ConditionNode.block(AbstractQueuedSynchronizer.java:519)
        at java.base@21.0.7/java.util.concurrent.ForkJoinPool.unmanagedBlock(ForkJoinPool.java:3780)
        at java.base@21.0.7/java.util.concurrent.ForkJoinPool.managedBlock(ForkJoinPool.java:3725)
        at java.base@21.0.7/java.util.concurrent.locks.AbstractQueuedSynchronizer$ConditionObject.await(AbstractQueuedSynchronizer.java:1712)
        at java.base@21.0.7/java.util.concurrent.ScheduledThreadPoolExecutor$DelayedWorkQueue.take(ScheduledThreadPoolExecutor.java:1177)
        at java.base@21.0.7/java.util.concurrent.ScheduledThreadPoolExecutor$DelayedWorkQueue.take(ScheduledThreadPoolExecutor.java:899)
        at java.base@21.0.7/java.util.concurrent.ThreadPoolExecutor.getTask(ThreadPoolExecutor.java:1070)
        at java.base@21.0.7/java.util.concurrent.ThreadPoolExecutor.runWorker(ThreadPoolExecutor.java:1130)
        at java.base@21.0.7/java.util.concurrent.ThreadPoolExecutor$Worker.run(ThreadPoolExecutor.java:642)
        at java.base@21.0.7/java.lang.Thread.runWith(Thread.java:1596)
        at java.base@21.0.7/java.lang.Thread.run(Thread.java:1583)
"Socket Reader #6 for port 15027"  prio=5 tid=645 runnable
java.lang.Thread.State: RUNNABLE
        at java.base@21.0.7/sun.nio.ch.EPoll.wait(Native Method)
        at java.base@21.0.7/sun.nio.ch.EPollSelectorImpl.doSelect(EPollSelectorImpl.java:121)
        at java.base@21.0.7/sun.nio.ch.SelectorImpl.lockAndDoSelect(SelectorImpl.java:130)
        at java.base@21.0.7/sun.nio.ch.SelectorImpl.select(SelectorImpl.java:147)
        at app//org.apache.hadoop.ipc.Server$Listener$Reader.doRunLoop(Server.java:1497)
        at app//org.apache.hadoop.ipc.Server$Listener$Reader.run(Server.java:1476)
"IPC Server handler 28 on default port 15001" daemon prio=5 tid=254 timed_waiting
java.lang.Thread.State: TIMED_WAITING
        at java.base@21.0.7/jdk.internal.misc.Unsafe.park(Native Method)
        at java.base@21.0.7/java.util.concurrent.locks.LockSupport.parkNanos(LockSupport.java:269)
        at java.base@21.0.7/java.util.concurrent.locks.AbstractQueuedSynchronizer$ConditionObject.awaitNanos(AbstractQueuedSynchronizer.java:1763)
        at java.base@21.0.7/java.util.concurrent.LinkedBlockingQueue.poll(LinkedBlockingQueue.java:460)
        at app//org.apache.hadoop.ipc.CallQueueManager.take(CallQueueManager.java:370)
        at app//org.apache.hadoop.ipc.Server$Handler.run(Server.java:3165)
"om1-DirectoryDeletingService#2" daemon prio=5 tid=485 in Object.wait()
java.lang.Thread.State: WAITING (on object monitor)
        at java.base@21.0.7/jdk.internal.misc.Unsafe.park(Native Method)
        at java.base@21.0.7/java.util.concurrent.locks.LockSupport.park(LockSupport.java:371)
        at java.base@21.0.7/java.util.concurrent.locks.AbstractQueuedSynchronizer$ConditionNode.block(AbstractQueuedSynchronizer.java:519)
        at java.base@21.0.7/java.util.concurrent.ForkJoinPool.unmanagedBlock(ForkJoinPool.java:3780)
        at java.base@21.0.7/java.util.concurrent.ForkJoinPool.managedBlock(ForkJoinPool.java:3725)
        at java.base@21.0.7/java.util.concurrent.locks.AbstractQueuedSynchronizer$ConditionObject.await(AbstractQueuedSynchronizer.java:1712)
        at java.base@21.0.7/java.util.concurrent.ScheduledThreadPoolExecutor$DelayedWorkQueue.take(ScheduledThreadPoolExecutor.java:1170)
        at java.base@21.0.7/java.util.concurrent.ScheduledThreadPoolExecutor$DelayedWorkQueue.take(ScheduledThreadPoolExecutor.java:899)
        at java.base@21.0.7/java.util.concurrent.ThreadPoolExecutor.getTask(ThreadPoolExecutor.java:1070)
        at java.base@21.0.7/java.util.concurrent.ThreadPoolExecutor.runWorker(ThreadPoolExecutor.java:1130)
        at java.base@21.0.7/java.util.concurrent.ThreadPoolExecutor$Worker.run(ThreadPoolExecutor.java:642)
        at java.base@21.0.7/java.lang.Thread.runWith(Thread.java:1596)
        at java.base@21.0.7/java.lang.Thread.run(Thread.java:1583)
"qtp1044130468-582" daemon prio=5 tid=582 timed_waiting
java.lang.Thread.State: TIMED_WAITING
        at java.base@21.0.7/jdk.internal.misc.Unsafe.park(Native Method)
        at java.base@21.0.7/java.util.concurrent.locks.LockSupport.parkNanos(LockSupport.java:269)
        at java.base@21.0.7/java.util.concurrent.locks.AbstractQueuedSynchronizer$ConditionObject.awaitNanos(AbstractQueuedSynchronizer.java:1763)
        at app//org.eclipse.jetty.util.BlockingArrayQueue.poll(BlockingArrayQueue.java:382)
        at app//org.eclipse.jetty.util.thread.QueuedThreadPool$Runner.idleJobPoll(QueuedThreadPool.java:974)
        at app//org.eclipse.jetty.util.thread.QueuedThreadPool$Runner.run(QueuedThreadPool.java:1018)
        at java.base@21.0.7/java.lang.Thread.runWith(Thread.java:1596)
        at java.base@21.0.7/java.lang.Thread.run(Thread.java:1583)
"qtp1044130468-584" daemon prio=5 tid=584 timed_waiting
java.lang.Thread.State: TIMED_WAITING
        at java.base@21.0.7/jdk.internal.misc.Unsafe.park(Native Method)
        at java.base@21.0.7/java.util.concurrent.locks.LockSupport.parkNanos(LockSupport.java:269)
        at java.base@21.0.7/java.util.concurrent.locks.AbstractQueuedSynchronizer$ConditionObject.awaitNanos(AbstractQueuedSynchronizer.java:1763)
        at app//org.eclipse.jetty.util.BlockingArrayQueue.poll(BlockingArrayQueue.java:382)
        at app//org.eclipse.jetty.util.thread.QueuedThreadPool$Runner.idleJobPoll(QueuedThreadPool.java:974)
        at app//org.eclipse.jetty.util.thread.QueuedThreadPool$Runner.run(QueuedThreadPool.java:1018)
        at java.base@21.0.7/java.lang.Thread.runWith(Thread.java:1596)
        at java.base@21.0.7/java.lang.Thread.run(Thread.java:1583)
"78b7fabf-ca2a-4b70-8534-e46926e2083c@group-24323FEED52C-StateMachineUpdater" daemon prio=5 tid=970 timed_waiting
java.lang.Thread.State: TIMED_WAITING
        at java.base@21.0.7/jdk.internal.misc.Unsafe.park(Native Method)
        at java.base@21.0.7/java.util.concurrent.locks.LockSupport.parkNanos(LockSupport.java:269)
        at java.base@21.0.7/java.util.concurrent.locks.AbstractQueuedSynchronizer$ConditionObject.await(AbstractQueuedSynchronizer.java:1852)
        at app//org.apache.ratis.util.AwaitForSignal.await(AwaitForSignal.java:65)
        at app//org.apache.ratis.server.impl.StateMachineUpdater.waitForCommit(StateMachineUpdater.java:219)
        at app//org.apache.ratis.server.impl.StateMachineUpdater.run(StateMachineUpdater.java:187)
        at java.base@21.0.7/java.lang.Thread.runWith(Thread.java:1596)
        at java.base@21.0.7/java.lang.Thread.run(Thread.java:1583)
"IPC Server handler 63 on default port 15000" daemon prio=5 tid=189 timed_waiting
java.lang.Thread.State: TIMED_WAITING
        at java.base@21.0.7/jdk.internal.misc.Unsafe.park(Native Method)
        at java.base@21.0.7/java.util.concurrent.locks.LockSupport.parkNanos(LockSupport.java:269)
        at java.base@21.0.7/java.util.concurrent.locks.AbstractQueuedSynchronizer$ConditionObject.awaitNanos(AbstractQueuedSynchronizer.java:1763)
        at java.base@21.0.7/java.util.concurrent.LinkedBlockingQueue.poll(LinkedBlockingQueue.java:460)
        at app//org.apache.hadoop.ipc.CallQueueManager.take(CallQueueManager.java:370)
        at app//org.apache.hadoop.ipc.Server$Handler.run(Server.java:3165)
"EventQueue-OpenPipelineForHealthyPipelineSafeModeRule" daemon prio=5 tid=863 in Object.wait()
java.lang.Thread.State: WAITING (on object monitor)
        at java.base@21.0.7/jdk.internal.misc.Unsafe.park(Native Method)
        at java.base@21.0.7/java.util.concurrent.locks.LockSupport.park(LockSupport.java:371)
        at java.base@21.0.7/java.util.concurrent.locks.AbstractQueuedSynchronizer$ConditionNode.block(AbstractQueuedSynchronizer.java:519)
        at java.base@21.0.7/java.util.concurrent.ForkJoinPool.unmanagedBlock(ForkJoinPool.java:3780)
        at java.base@21.0.7/java.util.concurrent.ForkJoinPool.managedBlock(ForkJoinPool.java:3725)
        at java.base@21.0.7/java.util.concurrent.locks.AbstractQueuedSynchronizer$ConditionObject.await(AbstractQueuedSynchronizer.java:1712)
        at java.base@21.0.7/java.util.concurrent.LinkedBlockingQueue.take(LinkedBlockingQueue.java:435)
        at java.base@21.0.7/java.util.concurrent.ThreadPoolExecutor.getTask(ThreadPoolExecutor.java:1070)
        at java.base@21.0.7/java.util.concurrent.ThreadPoolExecutor.runWorker(ThreadPoolExecutor.java:1130)
        at java.base@21.0.7/java.util.concurrent.ThreadPoolExecutor$Worker.run(ThreadPoolExecutor.java:642)
        at java.base@21.0.7/java.lang.Thread.runWith(Thread.java:1596)
        at java.base@21.0.7/java.lang.Thread.run(Thread.java:1583)
"Socket Reader #2 for port 15019"  prio=5 tid=589 runnable
java.lang.Thread.State: RUNNABLE
        at java.base@21.0.7/sun.nio.ch.EPoll.wait(Native Method)
        at java.base@21.0.7/sun.nio.ch.EPollSelectorImpl.doSelect(EPollSelectorImpl.java:121)
        at java.base@21.0.7/sun.nio.ch.SelectorImpl.lockAndDoSelect(SelectorImpl.java:130)
        at java.base@21.0.7/sun.nio.ch.SelectorImpl.select(SelectorImpl.java:147)
        at app//org.apache.hadoop.ipc.Server$Listener$Reader.doRunLoop(Server.java:1497)
        at app//org.apache.hadoop.ipc.Server$Listener$Reader.run(Server.java:1476)
"IPC Server handler 19 on default port 15001" daemon prio=5 tid=245 timed_waiting
java.lang.Thread.State: TIMED_WAITING
        at java.base@21.0.7/jdk.internal.misc.Unsafe.park(Native Method)
        at java.base@21.0.7/java.util.concurrent.locks.LockSupport.parkNanos(LockSupport.java:269)
        at java.base@21.0.7/java.util.concurrent.locks.AbstractQueuedSynchronizer$ConditionObject.awaitNanos(AbstractQueuedSynchronizer.java:1763)
        at java.base@21.0.7/java.util.concurrent.LinkedBlockingQueue.poll(LinkedBlockingQueue.java:460)
        at app//org.apache.hadoop.ipc.CallQueueManager.take(CallQueueManager.java:370)
        at app//org.apache.hadoop.ipc.Server$Handler.run(Server.java:3165)
"2b1bfca1-1fdc-4b0a-9b4d-c21112718afa-DatanodeReportManager-1" daemon prio=5 tid=745 in Object.wait()
java.lang.Thread.State: WAITING (on object monitor)
        at java.base@21.0.7/jdk.internal.misc.Unsafe.park(Native Method)
        at java.base@21.0.7/java.util.concurrent.locks.LockSupport.park(LockSupport.java:371)
        at java.base@21.0.7/java.util.concurrent.locks.AbstractQueuedSynchronizer$ConditionNode.block(AbstractQueuedSynchronizer.java:519)
        at java.base@21.0.7/java.util.concurrent.ForkJoinPool.unmanagedBlock(ForkJoinPool.java:3780)
        at java.base@21.0.7/java.util.concurrent.ForkJoinPool.managedBlock(ForkJoinPool.java:3725)
        at java.base@21.0.7/java.util.concurrent.locks.AbstractQueuedSynchronizer$ConditionObject.await(AbstractQueuedSynchronizer.java:1712)
        at java.base@21.0.7/java.util.concurrent.ScheduledThreadPoolExecutor$DelayedWorkQueue.take(ScheduledThreadPoolExecutor.java:1177)
        at java.base@21.0.7/java.util.concurrent.ScheduledThreadPoolExecutor$DelayedWorkQueue.take(ScheduledThreadPoolExecutor.java:899)
        at java.base@21.0.7/java.util.concurrent.ThreadPoolExecutor.getTask(ThreadPoolExecutor.java:1070)
        at java.base@21.0.7/java.util.concurrent.ThreadPoolExecutor.runWorker(ThreadPoolExecutor.java:1130)
        at java.base@21.0.7/java.util.concurrent.ThreadPoolExecutor$Worker.run(ThreadPoolExecutor.java:642)
        at java.base@21.0.7/java.lang.Thread.runWith(Thread.java:1596)
        at java.base@21.0.7/java.lang.Thread.run(Thread.java:1583)
"IPC Server handler 90 on default port 15002" daemon prio=5 tid=434 timed_waiting
java.lang.Thread.State: TIMED_WAITING
        at java.base@21.0.7/jdk.internal.misc.Unsafe.park(Native Method)
        at java.base@21.0.7/java.util.concurrent.locks.LockSupport.parkNanos(LockSupport.java:269)
        at java.base@21.0.7/java.util.concurrent.locks.AbstractQueuedSynchronizer$ConditionObject.awaitNanos(AbstractQueuedSynchronizer.java:1763)
        at java.base@21.0.7/java.util.concurrent.LinkedBlockingQueue.poll(LinkedBlockingQueue.java:460)
        at app//org.apache.hadoop.ipc.CallQueueManager.take(CallQueueManager.java:370)
        at app//org.apache.hadoop.ipc.Server$Handler.run(Server.java:3165)
"0cf558f4-2ca5-4c9f-a057-d7d7b755ef43-impl-thread1"  prio=5 tid=56 timed_waiting
java.lang.Thread.State: TIMED_WAITING
        at java.base@21.0.7/jdk.internal.misc.Unsafe.park(Native Method)
        at java.base@21.0.7/java.util.concurrent.locks.LockSupport.parkNanos(LockSupport.java:410)
        at java.base@21.0.7/java.util.concurrent.LinkedTransferQueue$DualNode.await(LinkedTransferQueue.java:452)
        at java.base@21.0.7/java.util.concurrent.SynchronousQueue$Transferer.xferLifo(SynchronousQueue.java:194)
        at java.base@21.0.7/java.util.concurrent.SynchronousQueue.xfer(SynchronousQueue.java:235)
        at java.base@21.0.7/java.util.concurrent.SynchronousQueue.poll(SynchronousQueue.java:338)
        at java.base@21.0.7/java.util.concurrent.ThreadPoolExecutor.getTask(ThreadPoolExecutor.java:1069)
        at java.base@21.0.7/java.util.concurrent.ThreadPoolExecutor.runWorker(ThreadPoolExecutor.java:1130)
        at java.base@21.0.7/java.util.concurrent.ThreadPoolExecutor$Worker.run(ThreadPoolExecutor.java:642)
        at java.base@21.0.7/java.lang.Thread.runWith(Thread.java:1596)
        at java.base@21.0.7/java.lang.Thread.run(Thread.java:1583)
"Socket Reader #9 for port 15006"  prio=5 tid=464 runnable
java.lang.Thread.State: RUNNABLE
        at java.base@21.0.7/sun.nio.ch.EPoll.wait(Native Method)
        at java.base@21.0.7/sun.nio.ch.EPollSelectorImpl.doSelect(EPollSelectorImpl.java:121)
        at java.base@21.0.7/sun.nio.ch.SelectorImpl.lockAndDoSelect(SelectorImpl.java:130)
        at java.base@21.0.7/sun.nio.ch.SelectorImpl.select(SelectorImpl.java:147)
        at app//org.apache.hadoop.ipc.Server$Listener$Reader.doRunLoop(Server.java:1497)
        at app//org.apache.hadoop.ipc.Server$Listener$Reader.run(Server.java:1476)
"IPC Server handler 39 on default port 15002" daemon prio=5 tid=383 timed_waiting
java.lang.Thread.State: TIMED_WAITING
        at java.base@21.0.7/jdk.internal.misc.Unsafe.park(Native Method)
        at java.base@21.0.7/java.util.concurrent.locks.LockSupport.parkNanos(LockSupport.java:269)
        at java.base@21.0.7/java.util.concurrent.locks.AbstractQueuedSynchronizer$ConditionObject.awaitNanos(AbstractQueuedSynchronizer.java:1763)
        at java.base@21.0.7/java.util.concurrent.LinkedBlockingQueue.poll(LinkedBlockingQueue.java:460)
        at app//org.apache.hadoop.ipc.CallQueueManager.take(CallQueueManager.java:370)
        at app//org.apache.hadoop.ipc.Server$Handler.run(Server.java:3165)
"IPC Server handler 50 on default port 15002" daemon prio=5 tid=394 timed_waiting
java.lang.Thread.State: TIMED_WAITING
        at java.base@21.0.7/jdk.internal.misc.Unsafe.park(Native Method)
        at java.base@21.0.7/java.util.concurrent.locks.LockSupport.parkNanos(LockSupport.java:269)
        at java.base@21.0.7/java.util.concurrent.locks.AbstractQueuedSynchronizer$ConditionObject.awaitNanos(AbstractQueuedSynchronizer.java:1763)
        at java.base@21.0.7/java.util.concurrent.LinkedBlockingQueue.poll(LinkedBlockingQueue.java:460)
        at app//org.apache.hadoop.ipc.CallQueueManager.take(CallQueueManager.java:370)
        at app//org.apache.hadoop.ipc.Server$Handler.run(Server.java:3165)
"2b1bfca1-1fdc-4b0a-9b4d-c21112718afa-DatanodeStateMachineTaskThread-1"  prio=5 tid=822 in Object.wait()
java.lang.Thread.State: WAITING (on object monitor)
        at java.base@21.0.7/jdk.internal.misc.Unsafe.park(Native Method)
        at java.base@21.0.7/java.util.concurrent.locks.LockSupport.park(LockSupport.java:371)
        at java.base@21.0.7/java.util.concurrent.locks.AbstractQueuedSynchronizer$ConditionNode.block(AbstractQueuedSynchronizer.java:519)
        at java.base@21.0.7/java.util.concurrent.ForkJoinPool.unmanagedBlock(ForkJoinPool.java:3780)
        at java.base@21.0.7/java.util.concurrent.ForkJoinPool.managedBlock(ForkJoinPool.java:3725)
        at java.base@21.0.7/java.util.concurrent.locks.AbstractQueuedSynchronizer$ConditionObject.await(AbstractQueuedSynchronizer.java:1712)
        at java.base@21.0.7/java.util.concurrent.LinkedBlockingQueue.take(LinkedBlockingQueue.java:435)
        at java.base@21.0.7/java.util.concurrent.ThreadPoolExecutor.getTask(ThreadPoolExecutor.java:1070)
        at java.base@21.0.7/java.util.concurrent.ThreadPoolExecutor.runWorker(ThreadPoolExecutor.java:1130)
        at java.base@21.0.7/java.util.concurrent.ThreadPoolExecutor$Worker.run(ThreadPoolExecutor.java:642)
        at java.base@21.0.7/java.lang.Thread.runWith(Thread.java:1596)
        at java.base@21.0.7/java.lang.Thread.run(Thread.java:1583)
"IPC Server handler 36 on default port 15000" daemon prio=5 tid=162 timed_waiting
java.lang.Thread.State: TIMED_WAITING
        at java.base@21.0.7/jdk.internal.misc.Unsafe.park(Native Method)
        at java.base@21.0.7/java.util.concurrent.locks.LockSupport.parkNanos(LockSupport.java:269)
        at java.base@21.0.7/java.util.concurrent.locks.AbstractQueuedSynchronizer$ConditionObject.awaitNanos(AbstractQueuedSynchronizer.java:1763)
        at java.base@21.0.7/java.util.concurrent.LinkedBlockingQueue.poll(LinkedBlockingQueue.java:460)
        at app//org.apache.hadoop.ipc.CallQueueManager.take(CallQueueManager.java:370)
        at app//org.apache.hadoop.ipc.Server$Handler.run(Server.java:3165)
"IPC Server handler 86 on default port 15001" daemon prio=5 tid=312 timed_waiting
java.lang.Thread.State: TIMED_WAITING
        at java.base@21.0.7/jdk.internal.misc.Unsafe.park(Native Method)
        at java.base@21.0.7/java.util.concurrent.locks.LockSupport.parkNanos(LockSupport.java:269)
        at java.base@21.0.7/java.util.concurrent.locks.AbstractQueuedSynchronizer$ConditionObject.awaitNanos(AbstractQueuedSynchronizer.java:1763)
        at java.base@21.0.7/java.util.concurrent.LinkedBlockingQueue.poll(LinkedBlockingQueue.java:460)
        at app//org.apache.hadoop.ipc.CallQueueManager.take(CallQueueManager.java:370)
        at app//org.apache.hadoop.ipc.Server$Handler.run(Server.java:3165)
"IPC Server handler 66 on default port 15000" daemon prio=5 tid=192 timed_waiting
java.lang.Thread.State: TIMED_WAITING
        at java.base@21.0.7/jdk.internal.misc.Unsafe.park(Native Method)
        at java.base@21.0.7/java.util.concurrent.locks.LockSupport.parkNanos(LockSupport.java:269)
        at java.base@21.0.7/java.util.concurrent.locks.AbstractQueuedSynchronizer$ConditionObject.awaitNanos(AbstractQueuedSynchronizer.java:1763)
        at java.base@21.0.7/java.util.concurrent.LinkedBlockingQueue.poll(LinkedBlockingQueue.java:460)
        at app//org.apache.hadoop.ipc.CallQueueManager.take(CallQueueManager.java:370)
        at app//org.apache.hadoop.ipc.Server$Handler.run(Server.java:3165)
"78b7fabf-ca2a-4b70-8534-e46926e2083c-DatanodeStateMachineTaskThread-0"  prio=5 tid=804 in Object.wait()
java.lang.Thread.State: WAITING (on object monitor)
        at java.base@21.0.7/jdk.internal.misc.Unsafe.park(Native Method)
        at java.base@21.0.7/java.util.concurrent.locks.LockSupport.park(LockSupport.java:371)
        at java.base@21.0.7/java.util.concurrent.locks.AbstractQueuedSynchronizer$ConditionNode.block(AbstractQueuedSynchronizer.java:519)
        at java.base@21.0.7/java.util.concurrent.ForkJoinPool.unmanagedBlock(ForkJoinPool.java:3780)
        at java.base@21.0.7/java.util.concurrent.ForkJoinPool.managedBlock(ForkJoinPool.java:3725)
        at java.base@21.0.7/java.util.concurrent.locks.AbstractQueuedSynchronizer$ConditionObject.await(AbstractQueuedSynchronizer.java:1712)
        at java.base@21.0.7/java.util.concurrent.LinkedBlockingQueue.take(LinkedBlockingQueue.java:435)
        at java.base@21.0.7/java.util.concurrent.ThreadPoolExecutor.getTask(ThreadPoolExecutor.java:1070)
        at java.base@21.0.7/java.util.concurrent.ThreadPoolExecutor.runWorker(ThreadPoolExecutor.java:1130)
        at java.base@21.0.7/java.util.concurrent.ThreadPoolExecutor$Worker.run(ThreadPoolExecutor.java:642)
        at java.base@21.0.7/java.lang.Thread.runWith(Thread.java:1596)
        at java.base@21.0.7/java.lang.Thread.run(Thread.java:1583)
"a755fe32-7d9a-4996-bc51-d7fbc67ab218-DataNodeDiskCheckerThread-0" daemon prio=5 tid=705 timed_waiting
java.lang.Thread.State: TIMED_WAITING
        at java.base@21.0.7/jdk.internal.misc.Unsafe.park(Native Method)
        at java.base@21.0.7/java.util.concurrent.locks.LockSupport.parkNanos(LockSupport.java:410)
        at java.base@21.0.7/java.util.concurrent.LinkedTransferQueue$DualNode.await(LinkedTransferQueue.java:452)
        at java.base@21.0.7/java.util.concurrent.SynchronousQueue$Transferer.xferLifo(SynchronousQueue.java:194)
        at java.base@21.0.7/java.util.concurrent.SynchronousQueue.xfer(SynchronousQueue.java:235)
        at java.base@21.0.7/java.util.concurrent.SynchronousQueue.poll(SynchronousQueue.java:338)
        at java.base@21.0.7/java.util.concurrent.ThreadPoolExecutor.getTask(ThreadPoolExecutor.java:1069)
        at java.base@21.0.7/java.util.concurrent.ThreadPoolExecutor.runWorker(ThreadPoolExecutor.java:1130)
        at java.base@21.0.7/java.util.concurrent.ThreadPoolExecutor$Worker.run(ThreadPoolExecutor.java:642)
        at java.base@21.0.7/java.lang.Thread.runWith(Thread.java:1596)
        at java.base@21.0.7/java.lang.Thread.run(Thread.java:1583)
"dacc202e-cd42-4a7a-b335-fe62dff69130-groupManagement" daemon prio=5 tid=887 in Object.wait()
java.lang.Thread.State: WAITING (on object monitor)
        at java.base@21.0.7/jdk.internal.misc.Unsafe.park(Native Method)
        at java.base@21.0.7/java.util.concurrent.locks.LockSupport.park(LockSupport.java:371)
        at java.base@21.0.7/java.util.concurrent.locks.AbstractQueuedSynchronizer$ConditionNode.block(AbstractQueuedSynchronizer.java:519)
        at java.base@21.0.7/java.util.concurrent.ForkJoinPool.unmanagedBlock(ForkJoinPool.java:3780)
        at java.base@21.0.7/java.util.concurrent.ForkJoinPool.managedBlock(ForkJoinPool.java:3725)
        at java.base@21.0.7/java.util.concurrent.locks.AbstractQueuedSynchronizer$ConditionObject.await(AbstractQueuedSynchronizer.java:1712)
        at java.base@21.0.7/java.util.concurrent.LinkedBlockingQueue.take(LinkedBlockingQueue.java:435)
        at java.base@21.0.7/java.util.concurrent.ThreadPoolExecutor.getTask(ThreadPoolExecutor.java:1070)
        at java.base@21.0.7/java.util.concurrent.ThreadPoolExecutor.runWorker(ThreadPoolExecutor.java:1130)
        at java.base@21.0.7/java.util.concurrent.ThreadPoolExecutor$Worker.run(ThreadPoolExecutor.java:642)
        at java.base@21.0.7/java.lang.Thread.runWith(Thread.java:1596)
        at java.base@21.0.7/java.lang.Thread.run(Thread.java:1583)
"BackgroundPipelineScrubber" daemon prio=5 tid=60 timed_waiting
java.lang.Thread.State: TIMED_WAITING
        at java.base@21.0.7/java.lang.Object.wait0(Native Method)
        at java.base@21.0.7/java.lang.Object.wait(Object.java:366)
        at app//org.apache.hadoop.hdds.scm.ha.BackgroundSCMService.run(BackgroundSCMService.java:106)
        at app//org.apache.hadoop.hdds.scm.ha.BackgroundSCMService$$Lambda/0x00007fe904502d28.run(Unknown Source)
        at java.base@21.0.7/java.lang.Thread.runWith(Thread.java:1596)
        at java.base@21.0.7/java.lang.Thread.run(Thread.java:1583)
"IPC Server handler 45 on default port 15002" daemon prio=5 tid=389 timed_waiting
java.lang.Thread.State: TIMED_WAITING
        at java.base@21.0.7/jdk.internal.misc.Unsafe.park(Native Method)
        at java.base@21.0.7/java.util.concurrent.locks.LockSupport.parkNanos(LockSupport.java:269)
        at java.base@21.0.7/java.util.concurrent.locks.AbstractQueuedSynchronizer$ConditionObject.awaitNanos(AbstractQueuedSynchronizer.java:1763)
        at java.base@21.0.7/java.util.concurrent.LinkedBlockingQueue.poll(LinkedBlockingQueue.java:460)
        at app//org.apache.hadoop.ipc.CallQueueManager.take(CallQueueManager.java:370)
        at app//org.apache.hadoop.ipc.Server$Handler.run(Server.java:3165)
"RatisPipelineUtilsThread-0"  prio=5 tid=59 timed_waiting
java.lang.Thread.State: TIMED_WAITING
        at java.base@21.0.7/java.lang.Object.wait0(Native Method)
        at java.base@21.0.7/java.lang.Object.wait(Object.java:366)
        at app//org.apache.hadoop.hdds.scm.pipeline.BackgroundPipelineCreator.run(BackgroundPipelineCreator.java:181)
        at app//org.apache.hadoop.hdds.scm.pipeline.BackgroundPipelineCreator$$Lambda/0x00007fe904502470.run(Unknown Source)
        at java.base@21.0.7/java.lang.Thread.runWith(Thread.java:1596)
        at java.base@21.0.7/java.lang.Thread.run(Thread.java:1583)
"IPC Server listener on 15006" daemon prio=5 tid=455 runnable
java.lang.Thread.State: RUNNABLE
        at java.base@21.0.7/sun.nio.ch.EPoll.wait(Native Method)
        at java.base@21.0.7/sun.nio.ch.EPollSelectorImpl.doSelect(EPollSelectorImpl.java:121)
        at java.base@21.0.7/sun.nio.ch.SelectorImpl.lockAndDoSelect(SelectorImpl.java:130)
        at java.base@21.0.7/sun.nio.ch.SelectorImpl.select(SelectorImpl.java:147)
        at app//org.apache.hadoop.ipc.Server$Listener.run(Server.java:1559)
"LeaseManager#LeaseMonitor" daemon prio=5 tid=327 timed_waiting
java.lang.Thread.State: TIMED_WAITING
        at java.base@21.0.7/jdk.internal.misc.Unsafe.park(Native Method)
        at java.base@21.0.7/java.util.concurrent.locks.LockSupport.parkNanos(LockSupport.java:269)
        at java.base@21.0.7/java.util.concurrent.locks.AbstractQueuedSynchronizer.acquire(AbstractQueuedSynchronizer.java:756)
        at java.base@21.0.7/java.util.concurrent.locks.AbstractQueuedSynchronizer.tryAcquireSharedNanos(AbstractQueuedSynchronizer.java:1126)
        at java.base@21.0.7/java.util.concurrent.Semaphore.tryAcquire(Semaphore.java:415)
        at app//org.apache.hadoop.ozone.lease.LeaseManager$LeaseMonitor.run(LeaseManager.java:283)
        at java.base@21.0.7/java.lang.Thread.runWith(Thread.java:1596)
        at java.base@21.0.7/java.lang.Thread.run(Thread.java:1583)
"IPC Server handler 78 on default port 15002" daemon prio=5 tid=422 timed_waiting
java.lang.Thread.State: TIMED_WAITING
        at java.base@21.0.7/jdk.internal.misc.Unsafe.park(Native Method)
        at java.base@21.0.7/java.util.concurrent.locks.LockSupport.parkNanos(LockSupport.java:269)
        at java.base@21.0.7/java.util.concurrent.locks.AbstractQueuedSynchronizer$ConditionObject.awaitNanos(AbstractQueuedSynchronizer.java:1763)
        at java.base@21.0.7/java.util.concurrent.LinkedBlockingQueue.poll(LinkedBlockingQueue.java:460)
        at app//org.apache.hadoop.ipc.CallQueueManager.take(CallQueueManager.java:370)
        at app//org.apache.hadoop.ipc.Server$Handler.run(Server.java:3165)
"IPC Server handler 39 on default port 15001" daemon prio=5 tid=265 timed_waiting
java.lang.Thread.State: TIMED_WAITING
        at java.base@21.0.7/jdk.internal.misc.Unsafe.park(Native Method)
        at java.base@21.0.7/java.util.concurrent.locks.LockSupport.parkNanos(LockSupport.java:269)
        at java.base@21.0.7/java.util.concurrent.locks.AbstractQueuedSynchronizer$ConditionObject.awaitNanos(AbstractQueuedSynchronizer.java:1763)
        at java.base@21.0.7/java.util.concurrent.LinkedBlockingQueue.poll(LinkedBlockingQueue.java:460)
        at app//org.apache.hadoop.ipc.CallQueueManager.take(CallQueueManager.java:370)
        at app//org.apache.hadoop.ipc.Server$Handler.run(Server.java:3165)
"IPC Server handler 16 on default port 15002" daemon prio=5 tid=360 timed_waiting
java.lang.Thread.State: TIMED_WAITING
        at java.base@21.0.7/jdk.internal.misc.Unsafe.park(Native Method)
        at java.base@21.0.7/java.util.concurrent.locks.LockSupport.parkNanos(LockSupport.java:269)
        at java.base@21.0.7/java.util.concurrent.locks.AbstractQueuedSynchronizer$ConditionObject.awaitNanos(AbstractQueuedSynchronizer.java:1763)
        at java.base@21.0.7/java.util.concurrent.LinkedBlockingQueue.poll(LinkedBlockingQueue.java:460)
        at app//org.apache.hadoop.ipc.CallQueueManager.take(CallQueueManager.java:370)
        at app//org.apache.hadoop.ipc.Server$Handler.run(Server.java:3165)
"grpc-default-worker-ELG-5-4" daemon prio=5 tid=877 runnable
java.lang.Thread.State: RUNNABLE
        at app//org.apache.ratis.thirdparty.io.netty.channel.epoll.Native.epollWait0(Native Method)
        at app//org.apache.ratis.thirdparty.io.netty.channel.epoll.Native.epollWait(Native.java:193)
        at app//org.apache.ratis.thirdparty.io.netty.channel.epoll.EpollEventLoop.epollWait(EpollEventLoop.java:304)
        at app//org.apache.ratis.thirdparty.io.netty.channel.epoll.EpollEventLoop.run(EpollEventLoop.java:368)
        at app//org.apache.ratis.thirdparty.io.netty.util.concurrent.SingleThreadEventExecutor$4.run(SingleThreadEventExecutor.java:997)
        at app//org.apache.ratis.thirdparty.io.netty.util.internal.ThreadExecutorMap$2.run(ThreadExecutorMap.java:74)
        at app//org.apache.ratis.thirdparty.io.netty.util.concurrent.FastThreadLocalRunnable.run(FastThreadLocalRunnable.java:30)
        at java.base@21.0.7/java.lang.Thread.runWith(Thread.java:1596)
        at java.base@21.0.7/java.lang.Thread.run(Thread.java:1583)
"IPC Server Responder" daemon prio=5 tid=106 runnable
java.lang.Thread.State: RUNNABLE
        at java.base@21.0.7/sun.nio.ch.EPoll.wait(Native Method)
        at java.base@21.0.7/sun.nio.ch.EPollSelectorImpl.doSelect(EPollSelectorImpl.java:121)
        at java.base@21.0.7/sun.nio.ch.SelectorImpl.lockAndDoSelect(SelectorImpl.java:130)
        at java.base@21.0.7/sun.nio.ch.SelectorImpl.select(SelectorImpl.java:142)
        at app//org.apache.hadoop.ipc.Server$Responder.doRunLoop(Server.java:1733)
        at app//org.apache.hadoop.ipc.Server$Responder.run(Server.java:1716)
"78b7fabf-ca2a-4b70-8534-e46926e2083c-impl-thread1"  prio=5 tid=753 timed_waiting
java.lang.Thread.State: TIMED_WAITING
        at java.base@21.0.7/jdk.internal.misc.Unsafe.park(Native Method)
        at java.base@21.0.7/java.util.concurrent.locks.LockSupport.parkNanos(LockSupport.java:410)
        at java.base@21.0.7/java.util.concurrent.LinkedTransferQueue$DualNode.await(LinkedTransferQueue.java:452)
        at java.base@21.0.7/java.util.concurrent.SynchronousQueue$Transferer.xferLifo(SynchronousQueue.java:194)
        at java.base@21.0.7/java.util.concurrent.SynchronousQueue.xfer(SynchronousQueue.java:235)
        at java.base@21.0.7/java.util.concurrent.SynchronousQueue.poll(SynchronousQueue.java:338)
        at java.base@21.0.7/java.util.concurrent.ThreadPoolExecutor.getTask(ThreadPoolExecutor.java:1069)
        at java.base@21.0.7/java.util.concurrent.ThreadPoolExecutor.runWorker(ThreadPoolExecutor.java:1130)
        at java.base@21.0.7/java.util.concurrent.ThreadPoolExecutor$Worker.run(ThreadPoolExecutor.java:642)
        at java.base@21.0.7/java.lang.Thread.runWith(Thread.java:1596)
        at java.base@21.0.7/java.lang.Thread.run(Thread.java:1583)
"Socket Reader #10 for port 15000"  prio=5 tid=104 runnable
java.lang.Thread.State: RUNNABLE
        at java.base@21.0.7/sun.nio.ch.EPoll.wait(Native Method)
        at java.base@21.0.7/sun.nio.ch.EPollSelectorImpl.doSelect(EPollSelectorImpl.java:121)
        at java.base@21.0.7/sun.nio.ch.SelectorImpl.lockAndDoSelect(SelectorImpl.java:130)
        at java.base@21.0.7/sun.nio.ch.SelectorImpl.select(SelectorImpl.java:147)
        at app//org.apache.hadoop.ipc.Server$Listener$Reader.doRunLoop(Server.java:1497)
        at app//org.apache.hadoop.ipc.Server$Listener$Reader.run(Server.java:1476)
"IPC Server handler 4 on default port 15000" daemon prio=5 tid=130 timed_waiting
java.lang.Thread.State: TIMED_WAITING
        at java.base@21.0.7/jdk.internal.misc.Unsafe.park(Native Method)
        at java.base@21.0.7/java.util.concurrent.locks.LockSupport.parkNanos(LockSupport.java:269)
        at java.base@21.0.7/java.util.concurrent.locks.AbstractQueuedSynchronizer$ConditionObject.awaitNanos(AbstractQueuedSynchronizer.java:1763)
        at java.base@21.0.7/java.util.concurrent.LinkedBlockingQueue.poll(LinkedBlockingQueue.java:460)
        at app//org.apache.hadoop.ipc.CallQueueManager.take(CallQueueManager.java:370)
        at app//org.apache.hadoop.ipc.Server$Handler.run(Server.java:3165)
"Reference Handler" daemon prio=10 tid=9 runnable
java.lang.Thread.State: RUNNABLE
        at java.base@21.0.7/java.lang.ref.Reference.waitForReferencePendingList(Native Method)
        at java.base@21.0.7/java.lang.ref.Reference.processPendingReferences(Reference.java:246)
        at java.base@21.0.7/java.lang.ref.Reference$ReferenceHandler.run(Reference.java:208)
"IPC Server handler 3 on default port 15019" daemon prio=5 tid=604 timed_waiting
java.lang.Thread.State: TIMED_WAITING
        at java.base@21.0.7/jdk.internal.misc.Unsafe.park(Native Method)
        at java.base@21.0.7/java.util.concurrent.locks.LockSupport.parkNanos(LockSupport.java:269)
        at java.base@21.0.7/java.util.concurrent.locks.AbstractQueuedSynchronizer$ConditionObject.awaitNanos(AbstractQueuedSynchronizer.java:1763)
        at java.base@21.0.7/java.util.concurrent.LinkedBlockingQueue.poll(LinkedBlockingQueue.java:460)
        at app//org.apache.hadoop.ipc.CallQueueManager.take(CallQueueManager.java:370)
        at app//org.apache.hadoop.ipc.Server$Handler.run(Server.java:3165)
"Socket Reader #2 for port 15000"  prio=5 tid=96 runnable
java.lang.Thread.State: RUNNABLE
        at java.base@21.0.7/sun.nio.ch.EPoll.wait(Native Method)
        at java.base@21.0.7/sun.nio.ch.EPollSelectorImpl.doSelect(EPollSelectorImpl.java:121)
        at java.base@21.0.7/sun.nio.ch.SelectorImpl.lockAndDoSelect(SelectorImpl.java:130)
        at java.base@21.0.7/sun.nio.ch.SelectorImpl.select(SelectorImpl.java:147)
        at app//org.apache.hadoop.ipc.Server$Listener$Reader.doRunLoop(Server.java:1497)
        at app//org.apache.hadoop.ipc.Server$Listener$Reader.run(Server.java:1476)
"IPC Server handler 75 on default port 15000" daemon prio=5 tid=201 timed_waiting
java.lang.Thread.State: TIMED_WAITING
        at java.base@21.0.7/jdk.internal.misc.Unsafe.park(Native Method)
        at java.base@21.0.7/java.util.concurrent.locks.LockSupport.parkNanos(LockSupport.java:269)
        at java.base@21.0.7/java.util.concurrent.locks.AbstractQueuedSynchronizer$ConditionObject.awaitNanos(AbstractQueuedSynchronizer.java:1763)
        at java.base@21.0.7/java.util.concurrent.LinkedBlockingQueue.poll(LinkedBlockingQueue.java:460)
        at app//org.apache.hadoop.ipc.CallQueueManager.take(CallQueueManager.java:370)
        at app//org.apache.hadoop.ipc.Server$Handler.run(Server.java:3165)
"IPC Server handler 69 on default port 15001" daemon prio=5 tid=295 timed_waiting
java.lang.Thread.State: TIMED_WAITING
        at java.base@21.0.7/jdk.internal.misc.Unsafe.park(Native Method)
        at java.base@21.0.7/java.util.concurrent.locks.LockSupport.parkNanos(LockSupport.java:269)
        at java.base@21.0.7/java.util.concurrent.locks.AbstractQueuedSynchronizer$ConditionObject.awaitNanos(AbstractQueuedSynchronizer.java:1763)
        at java.base@21.0.7/java.util.concurrent.LinkedBlockingQueue.poll(LinkedBlockingQueue.java:460)
        at app//org.apache.hadoop.ipc.CallQueueManager.take(CallQueueManager.java:370)
        at app//org.apache.hadoop.ipc.Server$Handler.run(Server.java:3165)
"IPC Server handler 6 on default port 15043" daemon prio=5 tid=794 timed_waiting
java.lang.Thread.State: TIMED_WAITING
        at java.base@21.0.7/jdk.internal.misc.Unsafe.park(Native Method)
        at java.base@21.0.7/java.util.concurrent.locks.LockSupport.parkNanos(LockSupport.java:269)
        at java.base@21.0.7/java.util.concurrent.locks.AbstractQueuedSynchronizer$ConditionObject.awaitNanos(AbstractQueuedSynchronizer.java:1763)
        at java.base@21.0.7/java.util.concurrent.LinkedBlockingQueue.poll(LinkedBlockingQueue.java:460)
        at app//org.apache.hadoop.ipc.CallQueueManager.take(CallQueueManager.java:370)
        at app//org.apache.hadoop.ipc.Server$Handler.run(Server.java:3165)
"IPC Server handler 90 on default port 15001" daemon prio=5 tid=316 timed_waiting
java.lang.Thread.State: TIMED_WAITING
        at java.base@21.0.7/jdk.internal.misc.Unsafe.park(Native Method)
        at java.base@21.0.7/java.util.concurrent.locks.LockSupport.parkNanos(LockSupport.java:269)
        at java.base@21.0.7/java.util.concurrent.locks.AbstractQueuedSynchronizer$ConditionObject.awaitNanos(AbstractQueuedSynchronizer.java:1763)
        at java.base@21.0.7/java.util.concurrent.LinkedBlockingQueue.poll(LinkedBlockingQueue.java:460)
        at app//org.apache.hadoop.ipc.CallQueueManager.take(CallQueueManager.java:370)
        at app//org.apache.hadoop.ipc.Server$Handler.run(Server.java:3165)
"StaleRecoveringContainerScrubbingService#1" daemon prio=5 tid=718 in Object.wait()
java.lang.Thread.State: WAITING (on object monitor)
        at java.base@21.0.7/jdk.internal.misc.Unsafe.park(Native Method)
        at java.base@21.0.7/java.util.concurrent.locks.LockSupport.park(LockSupport.java:371)
        at java.base@21.0.7/java.util.concurrent.locks.AbstractQueuedSynchronizer$ConditionNode.block(AbstractQueuedSynchronizer.java:519)
        at java.base@21.0.7/java.util.concurrent.ForkJoinPool.unmanagedBlock(ForkJoinPool.java:3780)
        at java.base@21.0.7/java.util.concurrent.ForkJoinPool.managedBlock(ForkJoinPool.java:3725)
        at java.base@21.0.7/java.util.concurrent.locks.AbstractQueuedSynchronizer$ConditionObject.await(AbstractQueuedSynchronizer.java:1712)
        at java.base@21.0.7/java.util.concurrent.ScheduledThreadPoolExecutor$DelayedWorkQueue.take(ScheduledThreadPoolExecutor.java:1177)
        at java.base@21.0.7/java.util.concurrent.ScheduledThreadPoolExecutor$DelayedWorkQueue.take(ScheduledThreadPoolExecutor.java:899)
        at java.base@21.0.7/java.util.concurrent.ThreadPoolExecutor.getTask(ThreadPoolExecutor.java:1070)
        at java.base@21.0.7/java.util.concurrent.ThreadPoolExecutor.runWorker(ThreadPoolExecutor.java:1130)
        at java.base@21.0.7/java.util.concurrent.ThreadPoolExecutor$Worker.run(ThreadPoolExecutor.java:642)
        at java.base@21.0.7/java.lang.Thread.runWith(Thread.java:1596)
        at java.base@21.0.7/java.lang.Thread.run(Thread.java:1583)
"IPC Server handler 60 on default port 15001" daemon prio=5 tid=286 timed_waiting
java.lang.Thread.State: TIMED_WAITING
        at java.base@21.0.7/jdk.internal.misc.Unsafe.park(Native Method)
        at java.base@21.0.7/java.util.concurrent.locks.LockSupport.parkNanos(LockSupport.java:269)
        at java.base@21.0.7/java.util.concurrent.locks.AbstractQueuedSynchronizer$ConditionObject.awaitNanos(AbstractQueuedSynchronizer.java:1763)
        at java.base@21.0.7/java.util.concurrent.LinkedBlockingQueue.poll(LinkedBlockingQueue.java:460)
        at app//org.apache.hadoop.ipc.CallQueueManager.take(CallQueueManager.java:370)
        at app//org.apache.hadoop.ipc.Server$Handler.run(Server.java:3165)
"JvmPauseMonitor5" daemon prio=5 tid=816 timed_waiting
java.lang.Thread.State: TIMED_WAITING
        at java.base@21.0.7/java.lang.Thread.sleep0(Native Method)
        at java.base@21.0.7/java.lang.Thread.sleep(Thread.java:558)
        at java.base@21.0.7/java.util.concurrent.TimeUnit.sleep(TimeUnit.java:446)
        at app//org.apache.ratis.util.TimeDuration.sleep(TimeDuration.java:353)
        at app//org.apache.ratis.util.TimeDuration.sleep(TimeDuration.java:338)
        at app//org.apache.ratis.util.JvmPauseMonitor.detectPause(JvmPauseMonitor.java:160)
        at app//org.apache.ratis.util.JvmPauseMonitor.run(JvmPauseMonitor.java:149)
        at app//org.apache.ratis.util.JvmPauseMonitor$$Lambda/0x00007fe90439a488.run(Unknown Source)
        at java.base@21.0.7/java.lang.Thread.runWith(Thread.java:1596)
        at java.base@21.0.7/java.lang.Thread.run(Thread.java:1583)
"grpc-default-executor-0" daemon prio=5 tid=872 timed_waiting
java.lang.Thread.State: TIMED_WAITING
        at java.base@21.0.7/jdk.internal.misc.Unsafe.park(Native Method)
        at java.base@21.0.7/java.util.concurrent.locks.LockSupport.parkNanos(LockSupport.java:410)
        at java.base@21.0.7/java.util.concurrent.LinkedTransferQueue$DualNode.await(LinkedTransferQueue.java:452)
        at java.base@21.0.7/java.util.concurrent.SynchronousQueue$Transferer.xferLifo(SynchronousQueue.java:194)
        at java.base@21.0.7/java.util.concurrent.SynchronousQueue.xfer(SynchronousQueue.java:235)
        at java.base@21.0.7/java.util.concurrent.SynchronousQueue.poll(SynchronousQueue.java:338)
        at java.base@21.0.7/java.util.concurrent.ThreadPoolExecutor.getTask(ThreadPoolExecutor.java:1069)
        at java.base@21.0.7/java.util.concurrent.ThreadPoolExecutor.runWorker(ThreadPoolExecutor.java:1130)
        at java.base@21.0.7/java.util.concurrent.ThreadPoolExecutor$Worker.run(ThreadPoolExecutor.java:642)
        at java.base@21.0.7/java.lang.Thread.runWith(Thread.java:1596)
        at java.base@21.0.7/java.lang.Thread.run(Thread.java:1583)
"IPC Server handler 58 on default port 15002" daemon prio=5 tid=402 timed_waiting
java.lang.Thread.State: TIMED_WAITING
        at java.base@21.0.7/jdk.internal.misc.Unsafe.park(Native Method)
        at java.base@21.0.7/java.util.concurrent.locks.LockSupport.parkNanos(LockSupport.java:269)
        at java.base@21.0.7/java.util.concurrent.locks.AbstractQueuedSynchronizer$ConditionObject.awaitNanos(AbstractQueuedSynchronizer.java:1763)
        at java.base@21.0.7/java.util.concurrent.LinkedBlockingQueue.poll(LinkedBlockingQueue.java:460)
        at app//org.apache.hadoop.ipc.CallQueueManager.take(CallQueueManager.java:370)
        at app//org.apache.hadoop.ipc.Server$Handler.run(Server.java:3165)
"qtp256443308-502" daemon prio=5 tid=502 timed_waiting
java.lang.Thread.State: TIMED_WAITING
        at java.base@21.0.7/jdk.internal.misc.Unsafe.park(Native Method)
        at java.base@21.0.7/java.util.concurrent.locks.LockSupport.parkNanos(LockSupport.java:269)
        at java.base@21.0.7/java.util.concurrent.locks.AbstractQueuedSynchronizer$ConditionObject.awaitNanos(AbstractQueuedSynchronizer.java:1763)
        at app//org.eclipse.jetty.util.BlockingArrayQueue.poll(BlockingArrayQueue.java:382)
        at app//org.eclipse.jetty.util.thread.QueuedThreadPool$Runner.idleJobPoll(QueuedThreadPool.java:974)
        at app//org.eclipse.jetty.util.thread.QueuedThreadPool$Runner.run(QueuedThreadPool.java:1018)
        at java.base@21.0.7/java.lang.Thread.runWith(Thread.java:1596)
        at java.base@21.0.7/java.lang.Thread.run(Thread.java:1583)
"IPC Server handler 30 on default port 15000" daemon prio=5 tid=156 timed_waiting
java.lang.Thread.State: TIMED_WAITING
        at java.base@21.0.7/jdk.internal.misc.Unsafe.park(Native Method)
        at java.base@21.0.7/java.util.concurrent.locks.LockSupport.parkNanos(LockSupport.java:269)
        at java.base@21.0.7/java.util.concurrent.locks.AbstractQueuedSynchronizer$ConditionObject.awaitNanos(AbstractQueuedSynchronizer.java:1763)
        at java.base@21.0.7/java.util.concurrent.LinkedBlockingQueue.poll(LinkedBlockingQueue.java:460)
        at app//org.apache.hadoop.ipc.CallQueueManager.take(CallQueueManager.java:370)
        at app//org.apache.hadoop.ipc.Server$Handler.run(Server.java:3165)
"dacc202e-cd42-4a7a-b335-fe62dff69130-DatanodeStateMachineTaskThread-0"  prio=5 tid=669 in Object.wait()
java.lang.Thread.State: WAITING (on object monitor)
        at java.base@21.0.7/jdk.internal.misc.Unsafe.park(Native Method)
        at java.base@21.0.7/java.util.concurrent.locks.LockSupport.park(LockSupport.java:371)
        at java.base@21.0.7/java.util.concurrent.locks.AbstractQueuedSynchronizer$ConditionNode.block(AbstractQueuedSynchronizer.java:519)
        at java.base@21.0.7/java.util.concurrent.ForkJoinPool.unmanagedBlock(ForkJoinPool.java:3780)
        at java.base@21.0.7/java.util.concurrent.ForkJoinPool.managedBlock(ForkJoinPool.java:3725)
        at java.base@21.0.7/java.util.concurrent.locks.AbstractQueuedSynchronizer$ConditionObject.await(AbstractQueuedSynchronizer.java:1712)
        at java.base@21.0.7/java.util.concurrent.LinkedBlockingQueue.take(LinkedBlockingQueue.java:435)
        at java.base@21.0.7/java.util.concurrent.ThreadPoolExecutor.getTask(ThreadPoolExecutor.java:1070)
        at java.base@21.0.7/java.util.concurrent.ThreadPoolExecutor.runWorker(ThreadPoolExecutor.java:1130)
        at java.base@21.0.7/java.util.concurrent.ThreadPoolExecutor$Worker.run(ThreadPoolExecutor.java:642)
        at java.base@21.0.7/java.lang.Thread.runWith(Thread.java:1596)
        at java.base@21.0.7/java.lang.Thread.run(Thread.java:1583)
"IPC Server Responder" daemon prio=5 tid=467 runnable
java.lang.Thread.State: RUNNABLE
        at java.base@21.0.7/sun.nio.ch.EPoll.wait(Native Method)
        at java.base@21.0.7/sun.nio.ch.EPollSelectorImpl.doSelect(EPollSelectorImpl.java:121)
        at java.base@21.0.7/sun.nio.ch.SelectorImpl.lockAndDoSelect(SelectorImpl.java:130)
        at java.base@21.0.7/sun.nio.ch.SelectorImpl.select(SelectorImpl.java:142)
        at app//org.apache.hadoop.ipc.Server$Responder.doRunLoop(Server.java:1733)
        at app//org.apache.hadoop.ipc.Server$Responder.run(Server.java:1716)
"IPC Server handler 4 on default port 15019" daemon prio=5 tid=605 timed_waiting
java.lang.Thread.State: TIMED_WAITING
        at java.base@21.0.7/jdk.internal.misc.Unsafe.park(Native Method)
        at java.base@21.0.7/java.util.concurrent.locks.LockSupport.parkNanos(LockSupport.java:269)
        at java.base@21.0.7/java.util.concurrent.locks.AbstractQueuedSynchronizer$ConditionObject.awaitNanos(AbstractQueuedSynchronizer.java:1763)
        at java.base@21.0.7/java.util.concurrent.LinkedBlockingQueue.poll(LinkedBlockingQueue.java:460)
        at app//org.apache.hadoop.ipc.CallQueueManager.take(CallQueueManager.java:370)
        at app//org.apache.hadoop.ipc.Server$Handler.run(Server.java:3165)
"StaleRecoveringContainerScrubbingService#0" daemon prio=5 tid=819 timed_waiting
java.lang.Thread.State: TIMED_WAITING
        at java.base@21.0.7/jdk.internal.misc.Unsafe.park(Native Method)
        at java.base@21.0.7/java.util.concurrent.locks.LockSupport.parkNanos(LockSupport.java:269)
        at java.base@21.0.7/java.util.concurrent.locks.AbstractQueuedSynchronizer$ConditionObject.awaitNanos(AbstractQueuedSynchronizer.java:1763)
        at java.base@21.0.7/java.util.concurrent.ScheduledThreadPoolExecutor$DelayedWorkQueue.take(ScheduledThreadPoolExecutor.java:1182)
        at java.base@21.0.7/java.util.concurrent.ScheduledThreadPoolExecutor$DelayedWorkQueue.take(ScheduledThreadPoolExecutor.java:899)
        at java.base@21.0.7/java.util.concurrent.ThreadPoolExecutor.getTask(ThreadPoolExecutor.java:1070)
        at java.base@21.0.7/java.util.concurrent.ThreadPoolExecutor.runWorker(ThreadPoolExecutor.java:1130)
        at java.base@21.0.7/java.util.concurrent.ThreadPoolExecutor$Worker.run(ThreadPoolExecutor.java:642)
        at java.base@21.0.7/java.lang.Thread.runWith(Thread.java:1596)
        at java.base@21.0.7/java.lang.Thread.run(Thread.java:1583)
"IPC Server handler 9 on default port 15000" daemon prio=5 tid=135 timed_waiting
java.lang.Thread.State: TIMED_WAITING
        at java.base@21.0.7/jdk.internal.misc.Unsafe.park(Native Method)
        at java.base@21.0.7/java.util.concurrent.locks.LockSupport.parkNanos(LockSupport.java:269)
        at java.base@21.0.7/java.util.concurrent.locks.AbstractQueuedSynchronizer$ConditionObject.awaitNanos(AbstractQueuedSynchronizer.java:1763)
        at java.base@21.0.7/java.util.concurrent.LinkedBlockingQueue.poll(LinkedBlockingQueue.java:460)
        at app//org.apache.hadoop.ipc.CallQueueManager.take(CallQueueManager.java:370)
        at app//org.apache.hadoop.ipc.Server$Handler.run(Server.java:3165)
"Session-HouseKeeper-475f30ee-1"  prio=5 tid=688 timed_waiting
java.lang.Thread.State: TIMED_WAITING
        at java.base@21.0.7/jdk.internal.misc.Unsafe.park(Native Method)
        at java.base@21.0.7/java.util.concurrent.locks.LockSupport.parkNanos(LockSupport.java:269)
        at java.base@21.0.7/java.util.concurrent.locks.AbstractQueuedSynchronizer$ConditionObject.awaitNanos(AbstractQueuedSynchronizer.java:1763)
        at java.base@21.0.7/java.util.concurrent.ScheduledThreadPoolExecutor$DelayedWorkQueue.take(ScheduledThreadPoolExecutor.java:1182)
        at java.base@21.0.7/java.util.concurrent.ScheduledThreadPoolExecutor$DelayedWorkQueue.take(ScheduledThreadPoolExecutor.java:899)
        at java.base@21.0.7/java.util.concurrent.ThreadPoolExecutor.getTask(ThreadPoolExecutor.java:1070)
        at java.base@21.0.7/java.util.concurrent.ThreadPoolExecutor.runWorker(ThreadPoolExecutor.java:1130)
        at java.base@21.0.7/java.util.concurrent.ThreadPoolExecutor$Worker.run(ThreadPoolExecutor.java:642)
        at java.base@21.0.7/java.lang.Thread.runWith(Thread.java:1596)
        at java.base@21.0.7/java.lang.Thread.run(Thread.java:1583)
"IPC Server handler 1 on default port 15006" daemon prio=5 tid=506 timed_waiting
java.lang.Thread.State: TIMED_WAITING
        at java.base@21.0.7/jdk.internal.misc.Unsafe.park(Native Method)
        at java.base@21.0.7/java.util.concurrent.locks.LockSupport.parkNanos(LockSupport.java:269)
        at java.base@21.0.7/java.util.concurrent.locks.AbstractQueuedSynchronizer$ConditionObject.awaitNanos(AbstractQueuedSynchronizer.java:1763)
        at java.base@21.0.7/java.util.concurrent.LinkedBlockingQueue.poll(LinkedBlockingQueue.java:460)
        at app//org.apache.hadoop.ipc.CallQueueManager.take(CallQueueManager.java:370)
        at app//org.apache.hadoop.ipc.Server$Handler.run(Server.java:3165)
"qtp256443308-503" daemon prio=5 tid=503 timed_waiting
java.lang.Thread.State: TIMED_WAITING
        at java.base@21.0.7/jdk.internal.misc.Unsafe.park(Native Method)
        at java.base@21.0.7/java.util.concurrent.locks.LockSupport.parkNanos(LockSupport.java:269)
        at java.base@21.0.7/java.util.concurrent.locks.AbstractQueuedSynchronizer$ConditionObject.awaitNanos(AbstractQueuedSynchronizer.java:1763)
        at app//org.eclipse.jetty.util.BlockingArrayQueue.poll(BlockingArrayQueue.java:382)
        at app//org.eclipse.jetty.util.thread.QueuedThreadPool$Runner.idleJobPoll(QueuedThreadPool.java:974)
        at app//org.eclipse.jetty.util.thread.QueuedThreadPool$Runner.run(QueuedThreadPool.java:1018)
        at java.base@21.0.7/java.lang.Thread.runWith(Thread.java:1596)
        at java.base@21.0.7/java.lang.Thread.run(Thread.java:1583)
"Session-HouseKeeper-4af3cacb-1"  prio=5 tid=504 timed_waiting
java.lang.Thread.State: TIMED_WAITING
        at java.base@21.0.7/jdk.internal.misc.Unsafe.park(Native Method)
        at java.base@21.0.7/java.util.concurrent.locks.LockSupport.parkNanos(LockSupport.java:269)
        at java.base@21.0.7/java.util.concurrent.locks.AbstractQueuedSynchronizer$ConditionObject.awaitNanos(AbstractQueuedSynchronizer.java:1763)
        at java.base@21.0.7/java.util.concurrent.ScheduledThreadPoolExecutor$DelayedWorkQueue.take(ScheduledThreadPoolExecutor.java:1182)
        at java.base@21.0.7/java.util.concurrent.ScheduledThreadPoolExecutor$DelayedWorkQueue.take(ScheduledThreadPoolExecutor.java:899)
        at java.base@21.0.7/java.util.concurrent.ThreadPoolExecutor.getTask(ThreadPoolExecutor.java:1070)
        at java.base@21.0.7/java.util.concurrent.ThreadPoolExecutor.runWorker(ThreadPoolExecutor.java:1130)
        at java.base@21.0.7/java.util.concurrent.ThreadPoolExecutor$Worker.run(ThreadPoolExecutor.java:642)
        at java.base@21.0.7/java.lang.Thread.runWith(Thread.java:1596)
        at java.base@21.0.7/java.lang.Thread.run(Thread.java:1583)
"IPC Server handler 19 on default port 15000" daemon prio=5 tid=145 timed_waiting
java.lang.Thread.State: TIMED_WAITING
        at java.base@21.0.7/jdk.internal.misc.Unsafe.park(Native Method)
        at java.base@21.0.7/java.util.concurrent.locks.LockSupport.parkNanos(LockSupport.java:269)
        at java.base@21.0.7/java.util.concurrent.locks.AbstractQueuedSynchronizer$ConditionObject.awaitNanos(AbstractQueuedSynchronizer.java:1763)
        at java.base@21.0.7/java.util.concurrent.LinkedBlockingQueue.poll(LinkedBlockingQueue.java:460)
        at app//org.apache.hadoop.ipc.CallQueueManager.take(CallQueueManager.java:370)
        at app//org.apache.hadoop.ipc.Server$Handler.run(Server.java:3165)
"78b7fabf-ca2a-4b70-8534-e46926e2083c@group-24323FEED52C-LeaderStateImpl" daemon prio=5 tid=1049 timed_waiting
java.lang.Thread.State: TIMED_WAITING
        at java.base@21.0.7/jdk.internal.misc.Unsafe.park(Native Method)
        at java.base@21.0.7/java.util.concurrent.locks.LockSupport.parkNanos(LockSupport.java:269)
        at java.base@21.0.7/java.util.concurrent.locks.AbstractQueuedSynchronizer$ConditionObject.awaitNanos(AbstractQueuedSynchronizer.java:1763)
        at java.base@21.0.7/java.util.concurrent.ArrayBlockingQueue.poll(ArrayBlockingQueue.java:435)
        at app//org.apache.ratis.server.impl.LeaderStateImpl$EventQueue.poll(LeaderStateImpl.java:164)
        at app//org.apache.ratis.server.impl.LeaderStateImpl$EventProcessor.run(LeaderStateImpl.java:763)
"IPC Server handler 45 on default port 15001" daemon prio=5 tid=271 timed_waiting
java.lang.Thread.State: TIMED_WAITING
        at java.base@21.0.7/jdk.internal.misc.Unsafe.park(Native Method)
        at java.base@21.0.7/java.util.concurrent.locks.LockSupport.parkNanos(LockSupport.java:269)
        at java.base@21.0.7/java.util.concurrent.locks.AbstractQueuedSynchronizer$ConditionObject.awaitNanos(AbstractQueuedSynchronizer.java:1763)
        at java.base@21.0.7/java.util.concurrent.LinkedBlockingQueue.poll(LinkedBlockingQueue.java:460)
        at app//org.apache.hadoop.ipc.CallQueueManager.take(CallQueueManager.java:370)
        at app//org.apache.hadoop.ipc.Server$Handler.run(Server.java:3165)
"IPC Server handler 25 on default port 15001" daemon prio=5 tid=251 timed_waiting
java.lang.Thread.State: TIMED_WAITING
        at java.base@21.0.7/jdk.internal.misc.Unsafe.park(Native Method)
        at java.base@21.0.7/java.util.concurrent.locks.LockSupport.parkNanos(LockSupport.java:269)
        at java.base@21.0.7/java.util.concurrent.locks.AbstractQueuedSynchronizer$ConditionObject.awaitNanos(AbstractQueuedSynchronizer.java:1763)
        at java.base@21.0.7/java.util.concurrent.LinkedBlockingQueue.poll(LinkedBlockingQueue.java:460)
        at app//org.apache.hadoop.ipc.CallQueueManager.take(CallQueueManager.java:370)
        at app//org.apache.hadoop.ipc.Server$Handler.run(Server.java:3165)
"timer4" daemon prio=5 tid=1002 timed_waiting
java.lang.Thread.State: TIMED_WAITING
        at java.base@21.0.7/java.lang.Object.wait0(Native Method)
        at java.base@21.0.7/java.lang.Object.wait(Object.java:366)
        at java.base@21.0.7/java.util.TimerThread.mainLoop(Timer.java:563)
        at java.base@21.0.7/java.util.TimerThread.run(Timer.java:516)
"IPC Server handler 5 on default port 15000" daemon prio=5 tid=131 timed_waiting
java.lang.Thread.State: TIMED_WAITING
        at java.base@21.0.7/jdk.internal.misc.Unsafe.park(Native Method)
        at java.base@21.0.7/java.util.concurrent.locks.LockSupport.parkNanos(LockSupport.java:269)
        at java.base@21.0.7/java.util.concurrent.locks.AbstractQueuedSynchronizer$ConditionObject.awaitNanos(AbstractQueuedSynchronizer.java:1763)
        at java.base@21.0.7/java.util.concurrent.LinkedBlockingQueue.poll(LinkedBlockingQueue.java:460)
        at app//org.apache.hadoop.ipc.CallQueueManager.take(CallQueueManager.java:370)
        at app//org.apache.hadoop.ipc.Server$Handler.run(Server.java:3165)
"pool-65-thread-1"  prio=5 tid=495 timed_waiting
java.lang.Thread.State: TIMED_WAITING
        at java.base@21.0.7/jdk.internal.misc.Unsafe.park(Native Method)
        at java.base@21.0.7/java.util.concurrent.locks.LockSupport.parkNanos(LockSupport.java:269)
        at java.base@21.0.7/java.util.concurrent.locks.AbstractQueuedSynchronizer$ConditionObject.awaitNanos(AbstractQueuedSynchronizer.java:1763)
        at java.base@21.0.7/java.util.concurrent.ScheduledThreadPoolExecutor$DelayedWorkQueue.take(ScheduledThreadPoolExecutor.java:1182)
        at java.base@21.0.7/java.util.concurrent.ScheduledThreadPoolExecutor$DelayedWorkQueue.take(ScheduledThreadPoolExecutor.java:899)
        at java.base@21.0.7/java.util.concurrent.ThreadPoolExecutor.getTask(ThreadPoolExecutor.java:1070)
        at java.base@21.0.7/java.util.concurrent.ThreadPoolExecutor.runWorker(ThreadPoolExecutor.java:1130)
        at java.base@21.0.7/java.util.concurrent.ThreadPoolExecutor$Worker.run(ThreadPoolExecutor.java:642)
        at java.base@21.0.7/java.lang.Thread.runWith(Thread.java:1596)
        at java.base@21.0.7/java.lang.Thread.run(Thread.java:1583)
"dacc202e-cd42-4a7a-b335-fe62dff69130-NettyServerStreamRpc-bossGroup--thread1"  prio=5 tid=620 runnable
java.lang.Thread.State: RUNNABLE
        at app//org.apache.ratis.thirdparty.io.netty.channel.epoll.Native.epollWait(Native Method)
        at app//org.apache.ratis.thirdparty.io.netty.channel.epoll.Native.epollWait(Native.java:220)
        at app//org.apache.ratis.thirdparty.io.netty.channel.epoll.Native.epollWait(Native.java:213)
        at app//org.apache.ratis.thirdparty.io.netty.channel.epoll.EpollEventLoop.epollWaitNoTimerChange(EpollEventLoop.java:308)
        at app//org.apache.ratis.thirdparty.io.netty.channel.epoll.EpollEventLoop.run(EpollEventLoop.java:365)
        at app//org.apache.ratis.thirdparty.io.netty.util.concurrent.SingleThreadEventExecutor$4.run(SingleThreadEventExecutor.java:997)
        at app//org.apache.ratis.thirdparty.io.netty.util.internal.ThreadExecutorMap$2.run(ThreadExecutorMap.java:74)
        at java.base@21.0.7/java.lang.Thread.runWith(Thread.java:1596)
        at java.base@21.0.7/java.lang.Thread.run(Thread.java:1583)
"IPC Server handler 57 on default port 15002" daemon prio=5 tid=401 timed_waiting
java.lang.Thread.State: TIMED_WAITING
        at java.base@21.0.7/jdk.internal.misc.Unsafe.park(Native Method)
        at java.base@21.0.7/java.util.concurrent.locks.LockSupport.parkNanos(LockSupport.java:269)
        at java.base@21.0.7/java.util.concurrent.locks.AbstractQueuedSynchronizer$ConditionObject.awaitNanos(AbstractQueuedSynchronizer.java:1763)
        at java.base@21.0.7/java.util.concurrent.LinkedBlockingQueue.poll(LinkedBlockingQueue.java:460)
        at app//org.apache.hadoop.ipc.CallQueueManager.take(CallQueueManager.java:370)
        at app//org.apache.hadoop.ipc.Server$Handler.run(Server.java:3165)
"Socket Reader #6 for port 15019"  prio=5 tid=593 runnable
java.lang.Thread.State: RUNNABLE
        at java.base@21.0.7/sun.nio.ch.EPoll.wait(Native Method)
        at java.base@21.0.7/sun.nio.ch.EPollSelectorImpl.doSelect(EPollSelectorImpl.java:121)
        at java.base@21.0.7/sun.nio.ch.SelectorImpl.lockAndDoSelect(SelectorImpl.java:130)
        at java.base@21.0.7/sun.nio.ch.SelectorImpl.select(SelectorImpl.java:147)
        at app//org.apache.hadoop.ipc.Server$Listener$Reader.doRunLoop(Server.java:1497)
        at app//org.apache.hadoop.ipc.Server$Listener$Reader.run(Server.java:1476)
"OverReplicatedProcessor" daemon prio=5 tid=64 timed_waiting
java.lang.Thread.State: TIMED_WAITING
        at java.base@21.0.7/java.lang.Object.wait0(Native Method)
        at java.base@21.0.7/java.lang.Object.wait(Object.java:366)
        at app//org.apache.hadoop.hdds.scm.container.replication.UnhealthyReplicationProcessor.run(UnhealthyReplicationProcessor.java:172)
        at java.base@21.0.7/java.lang.Thread.runWith(Thread.java:1596)
        at java.base@21.0.7/java.lang.Thread.run(Thread.java:1583)
"IPC Server handler 65 on default port 15001" daemon prio=5 tid=291 timed_waiting
java.lang.Thread.State: TIMED_WAITING
        at java.base@21.0.7/jdk.internal.misc.Unsafe.park(Native Method)
        at java.base@21.0.7/java.util.concurrent.locks.LockSupport.parkNanos(LockSupport.java:269)
        at java.base@21.0.7/java.util.concurrent.locks.AbstractQueuedSynchronizer$ConditionObject.awaitNanos(AbstractQueuedSynchronizer.java:1763)
        at java.base@21.0.7/java.util.concurrent.LinkedBlockingQueue.poll(LinkedBlockingQueue.java:460)
        at app//org.apache.hadoop.ipc.CallQueueManager.take(CallQueueManager.java:370)
        at app//org.apache.hadoop.ipc.Server$Handler.run(Server.java:3165)
"IPC Server handler 82 on default port 15002" daemon prio=5 tid=426 timed_waiting
java.lang.Thread.State: TIMED_WAITING
        at java.base@21.0.7/jdk.internal.misc.Unsafe.park(Native Method)
        at java.base@21.0.7/java.util.concurrent.locks.LockSupport.parkNanos(LockSupport.java:269)
        at java.base@21.0.7/java.util.concurrent.locks.AbstractQueuedSynchronizer$ConditionObject.awaitNanos(AbstractQueuedSynchronizer.java:1763)
        at java.base@21.0.7/java.util.concurrent.LinkedBlockingQueue.poll(LinkedBlockingQueue.java:460)
        at app//org.apache.hadoop.ipc.CallQueueManager.take(CallQueueManager.java:370)
        at app//org.apache.hadoop.ipc.Server$Handler.run(Server.java:3165)
"IPC Server handler 13 on default port 15006" daemon prio=5 tid=518 timed_waiting
java.lang.Thread.State: TIMED_WAITING
        at java.base@21.0.7/jdk.internal.misc.Unsafe.park(Native Method)
        at java.base@21.0.7/java.util.concurrent.locks.LockSupport.parkNanos(LockSupport.java:269)
        at java.base@21.0.7/java.util.concurrent.locks.AbstractQueuedSynchronizer$ConditionObject.awaitNanos(AbstractQueuedSynchronizer.java:1763)
        at java.base@21.0.7/java.util.concurrent.LinkedBlockingQueue.poll(LinkedBlockingQueue.java:460)
        at app//org.apache.hadoop.ipc.CallQueueManager.take(CallQueueManager.java:370)
        at app//org.apache.hadoop.ipc.Server$Handler.run(Server.java:3165)
"IPC Server listener on 15035" daemon prio=5 tid=719 runnable
java.lang.Thread.State: RUNNABLE
        at java.base@21.0.7/sun.nio.ch.EPoll.wait(Native Method)
        at java.base@21.0.7/sun.nio.ch.EPollSelectorImpl.doSelect(EPollSelectorImpl.java:121)
        at java.base@21.0.7/sun.nio.ch.SelectorImpl.lockAndDoSelect(SelectorImpl.java:130)
        at java.base@21.0.7/sun.nio.ch.SelectorImpl.select(SelectorImpl.java:147)
        at app//org.apache.hadoop.ipc.Server$Listener.run(Server.java:1559)
"om1-KeyDeletingService#0" daemon prio=5 tid=478 timed_waiting
java.lang.Thread.State: TIMED_WAITING
        at java.base@21.0.7/jdk.internal.misc.Unsafe.park(Native Method)
        at java.base@21.0.7/java.util.concurrent.locks.LockSupport.parkNanos(LockSupport.java:269)
        at java.base@21.0.7/java.util.concurrent.locks.AbstractQueuedSynchronizer$ConditionObject.awaitNanos(AbstractQueuedSynchronizer.java:1763)
        at java.base@21.0.7/java.util.concurrent.ScheduledThreadPoolExecutor$DelayedWorkQueue.take(ScheduledThreadPoolExecutor.java:1182)
        at java.base@21.0.7/java.util.concurrent.ScheduledThreadPoolExecutor$DelayedWorkQueue.take(ScheduledThreadPoolExecutor.java:899)
        at java.base@21.0.7/java.util.concurrent.ThreadPoolExecutor.getTask(ThreadPoolExecutor.java:1070)
        at java.base@21.0.7/java.util.concurrent.ThreadPoolExecutor.runWorker(ThreadPoolExecutor.java:1130)
        at java.base@21.0.7/java.util.concurrent.ThreadPoolExecutor$Worker.run(ThreadPoolExecutor.java:642)
        at java.base@21.0.7/java.lang.Thread.runWith(Thread.java:1596)
        at java.base@21.0.7/java.lang.Thread.run(Thread.java:1583)
"grpc-default-executor-1" daemon prio=5 tid=886 timed_waiting
java.lang.Thread.State: TIMED_WAITING
        at java.base@21.0.7/jdk.internal.misc.Unsafe.park(Native Method)
        at java.base@21.0.7/java.util.concurrent.locks.LockSupport.parkNanos(LockSupport.java:410)
        at java.base@21.0.7/java.util.concurrent.LinkedTransferQueue$DualNode.await(LinkedTransferQueue.java:452)
        at java.base@21.0.7/java.util.concurrent.SynchronousQueue$Transferer.xferLifo(SynchronousQueue.java:194)
        at java.base@21.0.7/java.util.concurrent.SynchronousQueue.xfer(SynchronousQueue.java:235)
        at java.base@21.0.7/java.util.concurrent.SynchronousQueue.poll(SynchronousQueue.java:338)
        at java.base@21.0.7/java.util.concurrent.ThreadPoolExecutor.getTask(ThreadPoolExecutor.java:1069)
        at java.base@21.0.7/java.util.concurrent.ThreadPoolExecutor.runWorker(ThreadPoolExecutor.java:1130)
        at java.base@21.0.7/java.util.concurrent.ThreadPoolExecutor$Worker.run(ThreadPoolExecutor.java:642)
        at java.base@21.0.7/java.lang.Thread.runWith(Thread.java:1596)
        at java.base@21.0.7/java.lang.Thread.run(Thread.java:1583)
"StaleRecoveringContainerScrubbingService#0" daemon prio=5 tid=837 timed_waiting
java.lang.Thread.State: TIMED_WAITING
        at java.base@21.0.7/jdk.internal.misc.Unsafe.park(Native Method)
        at java.base@21.0.7/java.util.concurrent.locks.LockSupport.parkNanos(LockSupport.java:269)
        at java.base@21.0.7/java.util.concurrent.locks.AbstractQueuedSynchronizer$ConditionObject.awaitNanos(AbstractQueuedSynchronizer.java:1763)
        at java.base@21.0.7/java.util.concurrent.ScheduledThreadPoolExecutor$DelayedWorkQueue.take(ScheduledThreadPoolExecutor.java:1182)
        at java.base@21.0.7/java.util.concurrent.ScheduledThreadPoolExecutor$DelayedWorkQueue.take(ScheduledThreadPoolExecutor.java:899)
        at java.base@21.0.7/java.util.concurrent.ThreadPoolExecutor.getTask(ThreadPoolExecutor.java:1070)
        at java.base@21.0.7/java.util.concurrent.ThreadPoolExecutor.runWorker(ThreadPoolExecutor.java:1130)
        at java.base@21.0.7/java.util.concurrent.ThreadPoolExecutor$Worker.run(ThreadPoolExecutor.java:642)
        at java.base@21.0.7/java.lang.Thread.runWith(Thread.java:1596)
        at java.base@21.0.7/java.lang.Thread.run(Thread.java:1583)
"FixedThreadPoolWithAffinityExecutor-9-0" daemon prio=5 tid=117 timed_waiting
java.lang.Thread.State: TIMED_WAITING
        at java.base@21.0.7/jdk.internal.misc.Unsafe.park(Native Method)
        at java.base@21.0.7/java.util.concurrent.locks.LockSupport.parkNanos(LockSupport.java:269)
        at java.base@21.0.7/java.util.concurrent.locks.AbstractQueuedSynchronizer$ConditionObject.awaitNanos(AbstractQueuedSynchronizer.java:1763)
        at java.base@21.0.7/java.util.concurrent.LinkedBlockingQueue.poll(LinkedBlockingQueue.java:460)
        at app//org.apache.hadoop.hdds.scm.server.ContainerReportQueue.poll(ContainerReportQueue.java:269)
        at app//org.apache.hadoop.hdds.scm.server.ContainerReportQueue.poll(ContainerReportQueue.java:42)
        at app//org.apache.hadoop.hdds.server.events.FixedThreadPoolWithAffinityExecutor$ContainerReportProcessTask.run(FixedThreadPoolWithAffinityExecutor.java:228)
        at java.base@21.0.7/java.util.concurrent.Executors$RunnableAdapter.call(Executors.java:572)
        at java.base@21.0.7/java.util.concurrent.FutureTask.run(FutureTask.java:317)
        at java.base@21.0.7/java.util.concurrent.ThreadPoolExecutor.runWorker(ThreadPoolExecutor.java:1144)
        at java.base@21.0.7/java.util.concurrent.ThreadPoolExecutor$Worker.run(ThreadPoolExecutor.java:642)
        at java.base@21.0.7/java.lang.Thread.runWith(Thread.java:1596)
        at java.base@21.0.7/java.lang.Thread.run(Thread.java:1583)
"IPC Server handler 84 on default port 15001" daemon prio=5 tid=310 timed_waiting
java.lang.Thread.State: TIMED_WAITING
        at java.base@21.0.7/jdk.internal.misc.Unsafe.park(Native Method)
        at java.base@21.0.7/java.util.concurrent.locks.LockSupport.parkNanos(LockSupport.java:269)
        at java.base@21.0.7/java.util.concurrent.locks.AbstractQueuedSynchronizer$ConditionObject.awaitNanos(AbstractQueuedSynchronizer.java:1763)
        at java.base@21.0.7/java.util.concurrent.LinkedBlockingQueue.poll(LinkedBlockingQueue.java:460)
        at app//org.apache.hadoop.ipc.CallQueueManager.take(CallQueueManager.java:370)
        at app//org.apache.hadoop.ipc.Server$Handler.run(Server.java:3165)
"Socket Reader #9 for port 15035"  prio=5 tid=728 runnable
java.lang.Thread.State: RUNNABLE
        at java.base@21.0.7/sun.nio.ch.EPoll.wait(Native Method)
        at java.base@21.0.7/sun.nio.ch.EPollSelectorImpl.doSelect(EPollSelectorImpl.java:121)
        at java.base@21.0.7/sun.nio.ch.SelectorImpl.lockAndDoSelect(SelectorImpl.java:130)
        at java.base@21.0.7/sun.nio.ch.SelectorImpl.select(SelectorImpl.java:147)
        at app//org.apache.hadoop.ipc.Server$Listener$Reader.doRunLoop(Server.java:1497)
        at app//org.apache.hadoop.ipc.Server$Listener$Reader.run(Server.java:1476)
"EventQueue-DeadNodeForDeadNodeHandler" daemon prio=5 tid=1051 in Object.wait()
java.lang.Thread.State: WAITING (on object monitor)
        at java.base@21.0.7/jdk.internal.misc.Unsafe.park(Native Method)
        at java.base@21.0.7/java.util.concurrent.locks.LockSupport.park(LockSupport.java:371)
        at java.base@21.0.7/java.util.concurrent.locks.AbstractQueuedSynchronizer$ConditionNode.block(AbstractQueuedSynchronizer.java:519)
        at java.base@21.0.7/java.util.concurrent.ForkJoinPool.unmanagedBlock(ForkJoinPool.java:3780)
        at java.base@21.0.7/java.util.concurrent.ForkJoinPool.managedBlock(ForkJoinPool.java:3725)
        at java.base@21.0.7/java.util.concurrent.locks.AbstractQueuedSynchronizer$ConditionObject.await(AbstractQueuedSynchronizer.java:1712)
        at java.base@21.0.7/java.util.concurrent.LinkedBlockingQueue.take(LinkedBlockingQueue.java:435)
        at java.base@21.0.7/java.util.concurrent.ThreadPoolExecutor.getTask(ThreadPoolExecutor.java:1070)
        at java.base@21.0.7/java.util.concurrent.ThreadPoolExecutor.runWorker(ThreadPoolExecutor.java:1130)
        at java.base@21.0.7/java.util.concurrent.ThreadPoolExecutor$Worker.run(ThreadPoolExecutor.java:642)
        at java.base@21.0.7/java.lang.Thread.runWith(Thread.java:1596)
        at java.base@21.0.7/java.lang.Thread.run(Thread.java:1583)
"IPC Server handler 69 on default port 15002" daemon prio=5 tid=413 timed_waiting
java.lang.Thread.State: TIMED_WAITING
        at java.base@21.0.7/jdk.internal.misc.Unsafe.park(Native Method)
        at java.base@21.0.7/java.util.concurrent.locks.LockSupport.parkNanos(LockSupport.java:269)
        at java.base@21.0.7/java.util.concurrent.locks.AbstractQueuedSynchronizer$ConditionObject.awaitNanos(AbstractQueuedSynchronizer.java:1763)
        at java.base@21.0.7/java.util.concurrent.LinkedBlockingQueue.poll(LinkedBlockingQueue.java:460)
        at app//org.apache.hadoop.ipc.CallQueueManager.take(CallQueueManager.java:370)
        at app//org.apache.hadoop.ipc.Server$Handler.run(Server.java:3165)
"Socket Reader #2 for port 15035"  prio=5 tid=721 runnable
java.lang.Thread.State: RUNNABLE
        at java.base@21.0.7/sun.nio.ch.EPoll.wait(Native Method)
        at java.base@21.0.7/sun.nio.ch.EPollSelectorImpl.doSelect(EPollSelectorImpl.java:121)
        at java.base@21.0.7/sun.nio.ch.SelectorImpl.lockAndDoSelect(SelectorImpl.java:130)
        at java.base@21.0.7/sun.nio.ch.SelectorImpl.select(SelectorImpl.java:147)
        at app//org.apache.hadoop.ipc.Server$Listener$Reader.doRunLoop(Server.java:1497)
        at app//org.apache.hadoop.ipc.Server$Listener$Reader.run(Server.java:1476)
"Hadoop-Metrics-Updater-0" daemon prio=5 tid=107 timed_waiting
java.lang.Thread.State: TIMED_WAITING
        at java.base@21.0.7/jdk.internal.misc.Unsafe.park(Native Method)
        at java.base@21.0.7/java.util.concurrent.locks.LockSupport.parkNanos(LockSupport.java:269)
        at java.base@21.0.7/java.util.concurrent.locks.AbstractQueuedSynchronizer$ConditionObject.awaitNanos(AbstractQueuedSynchronizer.java:1763)
        at java.base@21.0.7/java.util.concurrent.ScheduledThreadPoolExecutor$DelayedWorkQueue.take(ScheduledThreadPoolExecutor.java:1182)
        at java.base@21.0.7/java.util.concurrent.ScheduledThreadPoolExecutor$DelayedWorkQueue.take(ScheduledThreadPoolExecutor.java:899)
        at java.base@21.0.7/java.util.concurrent.ThreadPoolExecutor.getTask(ThreadPoolExecutor.java:1070)
        at java.base@21.0.7/java.util.concurrent.ThreadPoolExecutor.runWorker(ThreadPoolExecutor.java:1130)
        at java.base@21.0.7/java.util.concurrent.ThreadPoolExecutor$Worker.run(ThreadPoolExecutor.java:642)
        at java.base@21.0.7/java.lang.Thread.runWith(Thread.java:1596)
        at java.base@21.0.7/java.lang.Thread.run(Thread.java:1583)
"Socket Reader #7 for port 15000"  prio=5 tid=101 runnable
java.lang.Thread.State: RUNNABLE
        at java.base@21.0.7/sun.nio.ch.EPoll.wait(Native Method)
        at java.base@21.0.7/sun.nio.ch.EPollSelectorImpl.doSelect(EPollSelectorImpl.java:121)
        at java.base@21.0.7/sun.nio.ch.SelectorImpl.lockAndDoSelect(SelectorImpl.java:130)
        at java.base@21.0.7/sun.nio.ch.SelectorImpl.select(SelectorImpl.java:147)
        at app//org.apache.hadoop.ipc.Server$Listener$Reader.doRunLoop(Server.java:1497)
        at app//org.apache.hadoop.ipc.Server$Listener$Reader.run(Server.java:1476)
"IPC Server handler 32 on default port 15002" daemon prio=5 tid=376 timed_waiting
java.lang.Thread.State: TIMED_WAITING
        at java.base@21.0.7/jdk.internal.misc.Unsafe.park(Native Method)
        at java.base@21.0.7/java.util.concurrent.locks.LockSupport.parkNanos(LockSupport.java:269)
        at java.base@21.0.7/java.util.concurrent.locks.AbstractQueuedSynchronizer$ConditionObject.awaitNanos(AbstractQueuedSynchronizer.java:1763)
        at java.base@21.0.7/java.util.concurrent.LinkedBlockingQueue.poll(LinkedBlockingQueue.java:460)
        at app//org.apache.hadoop.ipc.CallQueueManager.take(CallQueueManager.java:370)
        at app//org.apache.hadoop.ipc.Server$Handler.run(Server.java:3165)
"IPC Server handler 0 on default port 15019" daemon prio=5 tid=601 timed_waiting
java.lang.Thread.State: TIMED_WAITING
        at java.base@21.0.7/jdk.internal.misc.Unsafe.park(Native Method)
        at java.base@21.0.7/java.util.concurrent.locks.LockSupport.parkNanos(LockSupport.java:269)
        at java.base@21.0.7/java.util.concurrent.locks.AbstractQueuedSynchronizer$ConditionObject.awaitNanos(AbstractQueuedSynchronizer.java:1763)
        at java.base@21.0.7/java.util.concurrent.LinkedBlockingQueue.poll(LinkedBlockingQueue.java:460)
        at app//org.apache.hadoop.ipc.CallQueueManager.take(CallQueueManager.java:370)
        at app//org.apache.hadoop.ipc.Server$Handler.run(Server.java:3165)
"FixedThreadPoolWithAffinityExecutor-8-0" daemon prio=5 tid=116 timed_waiting
java.lang.Thread.State: TIMED_WAITING
        at java.base@21.0.7/jdk.internal.misc.Unsafe.park(Native Method)
        at java.base@21.0.7/java.util.concurrent.locks.LockSupport.parkNanos(LockSupport.java:269)
        at java.base@21.0.7/java.util.concurrent.locks.AbstractQueuedSynchronizer$ConditionObject.awaitNanos(AbstractQueuedSynchronizer.java:1763)
        at java.base@21.0.7/java.util.concurrent.LinkedBlockingQueue.poll(LinkedBlockingQueue.java:460)
        at app//org.apache.hadoop.hdds.scm.server.ContainerReportQueue.poll(ContainerReportQueue.java:269)
        at app//org.apache.hadoop.hdds.scm.server.ContainerReportQueue.poll(ContainerReportQueue.java:42)
        at app//org.apache.hadoop.hdds.server.events.FixedThreadPoolWithAffinityExecutor$ContainerReportProcessTask.run(FixedThreadPoolWithAffinityExecutor.java:228)
        at java.base@21.0.7/java.util.concurrent.Executors$RunnableAdapter.call(Executors.java:572)
        at java.base@21.0.7/java.util.concurrent.FutureTask.run(FutureTask.java:317)
        at java.base@21.0.7/java.util.concurrent.ThreadPoolExecutor.runWorker(ThreadPoolExecutor.java:1144)
        at java.base@21.0.7/java.util.concurrent.ThreadPoolExecutor$Worker.run(ThreadPoolExecutor.java:642)
        at java.base@21.0.7/java.lang.Thread.runWith(Thread.java:1596)
        at java.base@21.0.7/java.lang.Thread.run(Thread.java:1583)
"IPC Server handler 69 on default port 15000" daemon prio=5 tid=195 timed_waiting
java.lang.Thread.State: TIMED_WAITING
        at java.base@21.0.7/jdk.internal.misc.Unsafe.park(Native Method)
        at java.base@21.0.7/java.util.concurrent.locks.LockSupport.parkNanos(LockSupport.java:269)
        at java.base@21.0.7/java.util.concurrent.locks.AbstractQueuedSynchronizer$ConditionObject.awaitNanos(AbstractQueuedSynchronizer.java:1763)
        at java.base@21.0.7/java.util.concurrent.LinkedBlockingQueue.poll(LinkedBlockingQueue.java:460)
        at app//org.apache.hadoop.ipc.CallQueueManager.take(CallQueueManager.java:370)
        at app//org.apache.hadoop.ipc.Server$Handler.run(Server.java:3165)
"IPC Server handler 15 on default port 15000" daemon prio=5 tid=141 timed_waiting
java.lang.Thread.State: TIMED_WAITING
        at java.base@21.0.7/jdk.internal.misc.Unsafe.park(Native Method)
        at java.base@21.0.7/java.util.concurrent.locks.LockSupport.parkNanos(LockSupport.java:269)
        at java.base@21.0.7/java.util.concurrent.locks.AbstractQueuedSynchronizer$ConditionObject.awaitNanos(AbstractQueuedSynchronizer.java:1763)
        at java.base@21.0.7/java.util.concurrent.LinkedBlockingQueue.poll(LinkedBlockingQueue.java:460)
        at app//org.apache.hadoop.ipc.CallQueueManager.take(CallQueueManager.java:370)
        at app//org.apache.hadoop.ipc.Server$Handler.run(Server.java:3165)
"IPC Server handler 8 on default port 15027" daemon prio=5 tid=661 timed_waiting
java.lang.Thread.State: TIMED_WAITING
        at java.base@21.0.7/jdk.internal.misc.Unsafe.park(Native Method)
        at java.base@21.0.7/java.util.concurrent.locks.LockSupport.parkNanos(LockSupport.java:269)
        at java.base@21.0.7/java.util.concurrent.locks.AbstractQueuedSynchronizer$ConditionObject.awaitNanos(AbstractQueuedSynchronizer.java:1763)
        at java.base@21.0.7/java.util.concurrent.LinkedBlockingQueue.poll(LinkedBlockingQueue.java:460)
        at app//org.apache.hadoop.ipc.CallQueueManager.take(CallQueueManager.java:370)
        at app//org.apache.hadoop.ipc.Server$Handler.run(Server.java:3165)
"IPC Server listener on 15043" daemon prio=5 tid=774 runnable
java.lang.Thread.State: RUNNABLE
        at java.base@21.0.7/sun.nio.ch.EPoll.wait(Native Method)
        at java.base@21.0.7/sun.nio.ch.EPollSelectorImpl.doSelect(EPollSelectorImpl.java:121)
        at java.base@21.0.7/sun.nio.ch.SelectorImpl.lockAndDoSelect(SelectorImpl.java:130)
        at java.base@21.0.7/sun.nio.ch.SelectorImpl.select(SelectorImpl.java:147)
        at app//org.apache.hadoop.ipc.Server$Listener.run(Server.java:1559)
"2b1bfca1-1fdc-4b0a-9b4d-c21112718afa-ChunkReader-ELG-0" daemon prio=5 tid=835 runnable
java.lang.Thread.State: RUNNABLE
        at app//org.apache.ratis.thirdparty.io.netty.channel.epoll.Native.epollWait(Native Method)
        at app//org.apache.ratis.thirdparty.io.netty.channel.epoll.Native.epollWait(Native.java:220)
        at app//org.apache.ratis.thirdparty.io.netty.channel.epoll.Native.epollWait(Native.java:213)
        at app//org.apache.ratis.thirdparty.io.netty.channel.epoll.EpollEventLoop.epollWaitNoTimerChange(EpollEventLoop.java:308)
        at app//org.apache.ratis.thirdparty.io.netty.channel.epoll.EpollEventLoop.run(EpollEventLoop.java:365)
        at app//org.apache.ratis.thirdparty.io.netty.util.concurrent.SingleThreadEventExecutor$4.run(SingleThreadEventExecutor.java:997)
        at app//org.apache.ratis.thirdparty.io.netty.util.internal.ThreadExecutorMap$2.run(ThreadExecutorMap.java:74)
        at java.base@21.0.7/java.lang.Thread.runWith(Thread.java:1596)
        at java.base@21.0.7/java.lang.Thread.run(Thread.java:1583)
"qtp2014583896-334" daemon prio=5 tid=334 timed_waiting
java.lang.Thread.State: TIMED_WAITING
        at java.base@21.0.7/jdk.internal.misc.Unsafe.park(Native Method)
        at java.base@21.0.7/java.util.concurrent.locks.LockSupport.parkNanos(LockSupport.java:269)
        at java.base@21.0.7/java.util.concurrent.locks.AbstractQueuedSynchronizer$ConditionObject.awaitNanos(AbstractQueuedSynchronizer.java:1763)
        at app//org.eclipse.jetty.util.BlockingArrayQueue.poll(BlockingArrayQueue.java:382)
        at app//org.eclipse.jetty.util.thread.QueuedThreadPool$Runner.idleJobPoll(QueuedThreadPool.java:974)
        at app//org.eclipse.jetty.util.thread.QueuedThreadPool$Runner.run(QueuedThreadPool.java:1018)
        at java.base@21.0.7/java.lang.Thread.runWith(Thread.java:1596)
        at java.base@21.0.7/java.lang.Thread.run(Thread.java:1583)
"FixedThreadPoolWithAffinityExecutor-5-0" daemon prio=5 tid=113 timed_waiting
java.lang.Thread.State: TIMED_WAITING
        at java.base@21.0.7/jdk.internal.misc.Unsafe.park(Native Method)
        at java.base@21.0.7/java.util.concurrent.locks.LockSupport.parkNanos(LockSupport.java:269)
        at java.base@21.0.7/java.util.concurrent.locks.AbstractQueuedSynchronizer$ConditionObject.awaitNanos(AbstractQueuedSynchronizer.java:1763)
        at java.base@21.0.7/java.util.concurrent.LinkedBlockingQueue.poll(LinkedBlockingQueue.java:460)
        at app//org.apache.hadoop.hdds.scm.server.ContainerReportQueue.poll(ContainerReportQueue.java:269)
        at app//org.apache.hadoop.hdds.scm.server.ContainerReportQueue.poll(ContainerReportQueue.java:42)
        at app//org.apache.hadoop.hdds.server.events.FixedThreadPoolWithAffinityExecutor$ContainerReportProcessTask.run(FixedThreadPoolWithAffinityExecutor.java:228)
        at java.base@21.0.7/java.util.concurrent.Executors$RunnableAdapter.call(Executors.java:572)
        at java.base@21.0.7/java.util.concurrent.FutureTask.run(FutureTask.java:317)
        at java.base@21.0.7/java.util.concurrent.ThreadPoolExecutor.runWorker(ThreadPoolExecutor.java:1144)
        at java.base@21.0.7/java.util.concurrent.ThreadPoolExecutor$Worker.run(ThreadPoolExecutor.java:642)
        at java.base@21.0.7/java.lang.Thread.runWith(Thread.java:1596)
        at java.base@21.0.7/java.lang.Thread.run(Thread.java:1583)
"IPC Server handler 85 on default port 15000" daemon prio=5 tid=211 timed_waiting
java.lang.Thread.State: TIMED_WAITING
        at java.base@21.0.7/jdk.internal.misc.Unsafe.park(Native Method)
        at java.base@21.0.7/java.util.concurrent.locks.LockSupport.parkNanos(LockSupport.java:269)
        at java.base@21.0.7/java.util.concurrent.locks.AbstractQueuedSynchronizer$ConditionObject.awaitNanos(AbstractQueuedSynchronizer.java:1763)
        at java.base@21.0.7/java.util.concurrent.LinkedBlockingQueue.poll(LinkedBlockingQueue.java:460)
        at app//org.apache.hadoop.ipc.CallQueueManager.take(CallQueueManager.java:370)
        at app//org.apache.hadoop.ipc.Server$Handler.run(Server.java:3165)
"IPC Server handler 23 on default port 15000" daemon prio=5 tid=149 timed_waiting
java.lang.Thread.State: TIMED_WAITING
        at java.base@21.0.7/jdk.internal.misc.Unsafe.park(Native Method)
        at java.base@21.0.7/java.util.concurrent.locks.LockSupport.parkNanos(LockSupport.java:269)
        at java.base@21.0.7/java.util.concurrent.locks.AbstractQueuedSynchronizer$ConditionObject.awaitNanos(AbstractQueuedSynchronizer.java:1763)
        at java.base@21.0.7/java.util.concurrent.LinkedBlockingQueue.poll(LinkedBlockingQueue.java:460)
        at app//org.apache.hadoop.ipc.CallQueueManager.take(CallQueueManager.java:370)
        at app//org.apache.hadoop.ipc.Server$Handler.run(Server.java:3165)
"IPC Server handler 46 on default port 15000" daemon prio=5 tid=172 timed_waiting
java.lang.Thread.State: TIMED_WAITING
        at java.base@21.0.7/jdk.internal.misc.Unsafe.park(Native Method)
        at java.base@21.0.7/java.util.concurrent.locks.LockSupport.parkNanos(LockSupport.java:269)
        at java.base@21.0.7/java.util.concurrent.locks.AbstractQueuedSynchronizer$ConditionObject.awaitNanos(AbstractQueuedSynchronizer.java:1763)
        at java.base@21.0.7/java.util.concurrent.LinkedBlockingQueue.poll(LinkedBlockingQueue.java:460)
        at app//org.apache.hadoop.ipc.CallQueueManager.take(CallQueueManager.java:370)
        at app//org.apache.hadoop.ipc.Server$Handler.run(Server.java:3165)
"qtp207012443-630" daemon prio=5 tid=630 timed_waiting
java.lang.Thread.State: TIMED_WAITING
        at java.base@21.0.7/jdk.internal.misc.Unsafe.park(Native Method)
        at java.base@21.0.7/java.util.concurrent.locks.LockSupport.parkNanos(LockSupport.java:269)
        at java.base@21.0.7/java.util.concurrent.locks.AbstractQueuedSynchronizer$ConditionObject.awaitNanos(AbstractQueuedSynchronizer.java:1763)
        at app//org.eclipse.jetty.util.BlockingArrayQueue.poll(BlockingArrayQueue.java:382)
        at app//org.eclipse.jetty.util.thread.QueuedThreadPool$Runner.idleJobPoll(QueuedThreadPool.java:974)
        at app//org.eclipse.jetty.util.thread.QueuedThreadPool$Runner.run(QueuedThreadPool.java:1018)
        at java.base@21.0.7/java.lang.Thread.runWith(Thread.java:1596)
        at java.base@21.0.7/java.lang.Thread.run(Thread.java:1583)
"EventQueue-DatanodeCommandQueueUpdatedForDatanodeCommandCountUpdatedHandler" daemon prio=5 tid=840 in Object.wait()
java.lang.Thread.State: WAITING (on object monitor)
        at java.base@21.0.7/jdk.internal.misc.Unsafe.park(Native Method)
        at java.base@21.0.7/java.util.concurrent.locks.LockSupport.park(LockSupport.java:371)
        at java.base@21.0.7/java.util.concurrent.locks.AbstractQueuedSynchronizer$ConditionNode.block(AbstractQueuedSynchronizer.java:519)
        at java.base@21.0.7/java.util.concurrent.ForkJoinPool.unmanagedBlock(ForkJoinPool.java:3780)
        at java.base@21.0.7/java.util.concurrent.ForkJoinPool.managedBlock(ForkJoinPool.java:3725)
        at java.base@21.0.7/java.util.concurrent.locks.AbstractQueuedSynchronizer$ConditionObject.await(AbstractQueuedSynchronizer.java:1712)
        at java.base@21.0.7/java.util.concurrent.LinkedBlockingQueue.take(LinkedBlockingQueue.java:435)
        at java.base@21.0.7/java.util.concurrent.ThreadPoolExecutor.getTask(ThreadPoolExecutor.java:1070)
        at java.base@21.0.7/java.util.concurrent.ThreadPoolExecutor.runWorker(ThreadPoolExecutor.java:1130)
        at java.base@21.0.7/java.util.concurrent.ThreadPoolExecutor$Worker.run(ThreadPoolExecutor.java:642)
        at java.base@21.0.7/java.lang.Thread.runWith(Thread.java:1596)
        at java.base@21.0.7/java.lang.Thread.run(Thread.java:1583)
"IPC Server handler 41 on default port 15002" daemon prio=5 tid=385 timed_waiting
java.lang.Thread.State: TIMED_WAITING
        at java.base@21.0.7/jdk.internal.misc.Unsafe.park(Native Method)
        at java.base@21.0.7/java.util.concurrent.locks.LockSupport.parkNanos(LockSupport.java:269)
        at java.base@21.0.7/java.util.concurrent.locks.AbstractQueuedSynchronizer$ConditionObject.awaitNanos(AbstractQueuedSynchronizer.java:1763)
        at java.base@21.0.7/java.util.concurrent.LinkedBlockingQueue.poll(LinkedBlockingQueue.java:460)
        at app//org.apache.hadoop.ipc.CallQueueManager.take(CallQueueManager.java:370)
        at app//org.apache.hadoop.ipc.Server$Handler.run(Server.java:3165)
"IPC Client (305799597) connection to 0.0.0.0/0.0.0.0:15000 from runner" daemon prio=5 tid=1026 timed_waiting
java.lang.Thread.State: TIMED_WAITING
        at java.base@21.0.7/java.lang.Object.wait0(Native Method)
        at java.base@21.0.7/java.lang.Object.wait(Object.java:366)
        at app//org.apache.hadoop.ipc.Client$Connection.waitForWork(Client.java:1042)
        at app//org.apache.hadoop.ipc.Client$Connection.run(Client.java:1093)
"Socket Reader #10 for port 15006"  prio=5 tid=465 runnable
java.lang.Thread.State: RUNNABLE
        at java.base@21.0.7/sun.nio.ch.EPoll.wait(Native Method)
        at java.base@21.0.7/sun.nio.ch.EPollSelectorImpl.doSelect(EPollSelectorImpl.java:121)
        at java.base@21.0.7/sun.nio.ch.SelectorImpl.lockAndDoSelect(SelectorImpl.java:130)
        at java.base@21.0.7/sun.nio.ch.SelectorImpl.select(SelectorImpl.java:147)
        at app//org.apache.hadoop.ipc.Server$Listener$Reader.doRunLoop(Server.java:1497)
        at app//org.apache.hadoop.ipc.Server$Listener$Reader.run(Server.java:1476)
"IPC Parameter Sending Thread for 0.0.0.0/0.0.0.0:15002" daemon prio=5 tid=638 timed_waiting
java.lang.Thread.State: TIMED_WAITING
        at java.base@21.0.7/jdk.internal.misc.Unsafe.park(Native Method)
        at java.base@21.0.7/java.util.concurrent.locks.LockSupport.parkNanos(LockSupport.java:410)
        at java.base@21.0.7/java.util.concurrent.LinkedTransferQueue$DualNode.await(LinkedTransferQueue.java:452)
        at java.base@21.0.7/java.util.concurrent.LinkedTransferQueue.xfer(LinkedTransferQueue.java:613)
        at java.base@21.0.7/java.util.concurrent.SynchronousQueue.xfer(SynchronousQueue.java:235)
        at java.base@21.0.7/java.util.concurrent.SynchronousQueue.poll(SynchronousQueue.java:338)
        at app//org.apache.hadoop.ipc.Client$Connection$RpcRequestSender.run(Client.java:1121)
        at java.base@21.0.7/java.lang.Thread.runWith(Thread.java:1596)
        at java.base@21.0.7/java.lang.Thread.run(Thread.java:1583)
"IPC Server handler 51 on default port 15000" daemon prio=5 tid=177 timed_waiting
java.lang.Thread.State: TIMED_WAITING
        at java.base@21.0.7/jdk.internal.misc.Unsafe.park(Native Method)
        at java.base@21.0.7/java.util.concurrent.locks.LockSupport.parkNanos(LockSupport.java:269)
        at java.base@21.0.7/java.util.concurrent.locks.AbstractQueuedSynchronizer$ConditionObject.awaitNanos(AbstractQueuedSynchronizer.java:1763)
        at java.base@21.0.7/java.util.concurrent.LinkedBlockingQueue.poll(LinkedBlockingQueue.java:460)
        at app//org.apache.hadoop.ipc.CallQueueManager.take(CallQueueManager.java:370)
        at app//org.apache.hadoop.ipc.Server$Handler.run(Server.java:3165)
"IPC Server handler 21 on default port 15001" daemon prio=5 tid=247 timed_waiting
java.lang.Thread.State: TIMED_WAITING
        at java.base@21.0.7/jdk.internal.misc.Unsafe.park(Native Method)
        at java.base@21.0.7/java.util.concurrent.locks.LockSupport.parkNanos(LockSupport.java:269)
        at java.base@21.0.7/java.util.concurrent.locks.AbstractQueuedSynchronizer$ConditionObject.awaitNanos(AbstractQueuedSynchronizer.java:1763)
        at java.base@21.0.7/java.util.concurrent.LinkedBlockingQueue.poll(LinkedBlockingQueue.java:460)
        at app//org.apache.hadoop.ipc.CallQueueManager.take(CallQueueManager.java:370)
        at app//org.apache.hadoop.ipc.Server$Handler.run(Server.java:3165)
"IPC Server handler 59 on default port 15001" daemon prio=5 tid=285 timed_waiting
java.lang.Thread.State: TIMED_WAITING
        at java.base@21.0.7/jdk.internal.misc.Unsafe.park(Native Method)
        at java.base@21.0.7/java.util.concurrent.locks.LockSupport.parkNanos(LockSupport.java:269)
        at java.base@21.0.7/java.util.concurrent.locks.AbstractQueuedSynchronizer$ConditionObject.awaitNanos(AbstractQueuedSynchronizer.java:1763)
        at java.base@21.0.7/java.util.concurrent.LinkedBlockingQueue.poll(LinkedBlockingQueue.java:460)
        at app//org.apache.hadoop.ipc.CallQueueManager.take(CallQueueManager.java:370)
        at app//org.apache.hadoop.ipc.Server$Handler.run(Server.java:3165)
"FixedThreadPoolWithAffinityExecutor-7-0" daemon prio=5 tid=115 timed_waiting
java.lang.Thread.State: TIMED_WAITING
        at java.base@21.0.7/jdk.internal.misc.Unsafe.park(Native Method)
        at java.base@21.0.7/java.util.concurrent.locks.LockSupport.parkNanos(LockSupport.java:269)
        at java.base@21.0.7/java.util.concurrent.locks.AbstractQueuedSynchronizer$ConditionObject.awaitNanos(AbstractQueuedSynchronizer.java:1763)
        at java.base@21.0.7/java.util.concurrent.LinkedBlockingQueue.poll(LinkedBlockingQueue.java:460)
        at app//org.apache.hadoop.hdds.scm.server.ContainerReportQueue.poll(ContainerReportQueue.java:269)
        at app//org.apache.hadoop.hdds.scm.server.ContainerReportQueue.poll(ContainerReportQueue.java:42)
        at app//org.apache.hadoop.hdds.server.events.FixedThreadPoolWithAffinityExecutor$ContainerReportProcessTask.run(FixedThreadPoolWithAffinityExecutor.java:228)
        at java.base@21.0.7/java.util.concurrent.Executors$RunnableAdapter.call(Executors.java:572)
        at java.base@21.0.7/java.util.concurrent.FutureTask.run(FutureTask.java:317)
        at java.base@21.0.7/java.util.concurrent.ThreadPoolExecutor.runWorker(ThreadPoolExecutor.java:1144)
        at java.base@21.0.7/java.util.concurrent.ThreadPoolExecutor$Worker.run(ThreadPoolExecutor.java:642)
        at java.base@21.0.7/java.lang.Thread.runWith(Thread.java:1596)
        at java.base@21.0.7/java.lang.Thread.run(Thread.java:1583)
"Socket Reader #10 for port 15035"  prio=5 tid=729 runnable
java.lang.Thread.State: RUNNABLE
        at java.base@21.0.7/sun.nio.ch.EPoll.wait(Native Method)
        at java.base@21.0.7/sun.nio.ch.EPollSelectorImpl.doSelect(EPollSelectorImpl.java:121)
        at java.base@21.0.7/sun.nio.ch.SelectorImpl.lockAndDoSelect(SelectorImpl.java:130)
        at java.base@21.0.7/sun.nio.ch.SelectorImpl.select(SelectorImpl.java:147)
        at app//org.apache.hadoop.ipc.Server$Listener$Reader.doRunLoop(Server.java:1497)
        at app//org.apache.hadoop.ipc.Server$Listener$Reader.run(Server.java:1476)
"IPC Server handler 51 on default port 15001" daemon prio=5 tid=277 timed_waiting
java.lang.Thread.State: TIMED_WAITING
        at java.base@21.0.7/jdk.internal.misc.Unsafe.park(Native Method)
        at java.base@21.0.7/java.util.concurrent.locks.LockSupport.parkNanos(LockSupport.java:269)
        at java.base@21.0.7/java.util.concurrent.locks.AbstractQueuedSynchronizer$ConditionObject.awaitNanos(AbstractQueuedSynchronizer.java:1763)
        at java.base@21.0.7/java.util.concurrent.LinkedBlockingQueue.poll(LinkedBlockingQueue.java:460)
        at app//org.apache.hadoop.ipc.CallQueueManager.take(CallQueueManager.java:370)
        at app//org.apache.hadoop.ipc.Server$Handler.run(Server.java:3165)
"Socket Reader #2 for port 15002"  prio=5 tid=68 runnable
java.lang.Thread.State: RUNNABLE
        at java.base@21.0.7/sun.nio.ch.EPoll.wait(Native Method)
        at java.base@21.0.7/sun.nio.ch.EPollSelectorImpl.doSelect(EPollSelectorImpl.java:121)
        at java.base@21.0.7/sun.nio.ch.SelectorImpl.lockAndDoSelect(SelectorImpl.java:130)
        at java.base@21.0.7/sun.nio.ch.SelectorImpl.select(SelectorImpl.java:147)
        at app//org.apache.hadoop.ipc.Server$Listener$Reader.doRunLoop(Server.java:1497)
        at app//org.apache.hadoop.ipc.Server$Listener$Reader.run(Server.java:1476)
"IPC Server handler 14 on default port 15002" daemon prio=5 tid=358 timed_waiting
java.lang.Thread.State: TIMED_WAITING
        at java.base@21.0.7/jdk.internal.misc.Unsafe.park(Native Method)
        at java.base@21.0.7/java.util.concurrent.locks.LockSupport.parkNanos(LockSupport.java:269)
        at java.base@21.0.7/java.util.concurrent.locks.AbstractQueuedSynchronizer$ConditionObject.awaitNanos(AbstractQueuedSynchronizer.java:1763)
        at java.base@21.0.7/java.util.concurrent.LinkedBlockingQueue.poll(LinkedBlockingQueue.java:460)
        at app//org.apache.hadoop.ipc.CallQueueManager.take(CallQueueManager.java:370)
        at app//org.apache.hadoop.ipc.Server$Handler.run(Server.java:3165)
"SCMBlockDeletingService#0" daemon prio=5 tid=326 timed_waiting
java.lang.Thread.State: TIMED_WAITING
        at java.base@21.0.7/jdk.internal.misc.Unsafe.park(Native Method)
        at java.base@21.0.7/java.util.concurrent.locks.LockSupport.parkNanos(LockSupport.java:269)
        at java.base@21.0.7/java.util.concurrent.locks.AbstractQueuedSynchronizer$ConditionObject.awaitNanos(AbstractQueuedSynchronizer.java:1763)
        at java.base@21.0.7/java.util.concurrent.ScheduledThreadPoolExecutor$DelayedWorkQueue.take(ScheduledThreadPoolExecutor.java:1182)
        at java.base@21.0.7/java.util.concurrent.ScheduledThreadPoolExecutor$DelayedWorkQueue.take(ScheduledThreadPoolExecutor.java:899)
        at java.base@21.0.7/java.util.concurrent.ThreadPoolExecutor.getTask(ThreadPoolExecutor.java:1070)
        at java.base@21.0.7/java.util.concurrent.ThreadPoolExecutor.runWorker(ThreadPoolExecutor.java:1130)
        at java.base@21.0.7/java.util.concurrent.ThreadPoolExecutor$Worker.run(ThreadPoolExecutor.java:642)
        at java.base@21.0.7/java.lang.Thread.runWith(Thread.java:1596)
        at java.base@21.0.7/java.lang.Thread.run(Thread.java:1583)
"IPC Server handler 12 on default port 15002" daemon prio=5 tid=356 timed_waiting
java.lang.Thread.State: TIMED_WAITING
        at java.base@21.0.7/jdk.internal.misc.Unsafe.park(Native Method)
        at java.base@21.0.7/java.util.concurrent.locks.LockSupport.parkNanos(LockSupport.java:269)
        at java.base@21.0.7/java.util.concurrent.locks.AbstractQueuedSynchronizer$ConditionObject.awaitNanos(AbstractQueuedSynchronizer.java:1763)
        at java.base@21.0.7/java.util.concurrent.LinkedBlockingQueue.poll(LinkedBlockingQueue.java:460)
        at app//org.apache.hadoop.ipc.CallQueueManager.take(CallQueueManager.java:370)
        at app//org.apache.hadoop.ipc.Server$Handler.run(Server.java:3165)
"om1@group-C5BA1605619E-SegmentedRaftLogWorker"  prio=5 tid=470 timed_waiting
java.lang.Thread.State: TIMED_WAITING
        at java.base@21.0.7/jdk.internal.misc.Unsafe.park(Native Method)
        at java.base@21.0.7/java.util.concurrent.locks.LockSupport.parkNanos(LockSupport.java:269)
        at java.base@21.0.7/java.util.concurrent.locks.AbstractQueuedSynchronizer$ConditionObject.awaitNanos(AbstractQueuedSynchronizer.java:1763)
        at app//org.apache.ratis.util.DataBlockingQueue.poll(DataBlockingQueue.java:148)
        at app//org.apache.ratis.server.raftlog.segmented.SegmentedRaftLogWorker.run(SegmentedRaftLogWorker.java:307)
        at app//org.apache.ratis.server.raftlog.segmented.SegmentedRaftLogWorker$$Lambda/0x00007fe904381950.run(Unknown Source)
        at java.base@21.0.7/java.util.concurrent.Executors$RunnableAdapter.call(Executors.java:572)
        at java.base@21.0.7/java.util.concurrent.FutureTask.run(FutureTask.java:317)
        at java.base@21.0.7/java.util.concurrent.ThreadPoolExecutor.runWorker(ThreadPoolExecutor.java:1144)
        at java.base@21.0.7/java.util.concurrent.ThreadPoolExecutor$Worker.run(ThreadPoolExecutor.java:642)
        at java.base@21.0.7/java.lang.Thread.runWith(Thread.java:1596)
        at java.base@21.0.7/java.lang.Thread.run(Thread.java:1583)
"IPC Server listener on 15027" daemon prio=5 tid=639 runnable
java.lang.Thread.State: RUNNABLE
        at java.base@21.0.7/sun.nio.ch.EPoll.wait(Native Method)
        at java.base@21.0.7/sun.nio.ch.EPollSelectorImpl.doSelect(EPollSelectorImpl.java:121)
        at java.base@21.0.7/sun.nio.ch.SelectorImpl.lockAndDoSelect(SelectorImpl.java:130)
        at java.base@21.0.7/sun.nio.ch.SelectorImpl.select(SelectorImpl.java:147)
        at app//org.apache.hadoop.ipc.Server$Listener.run(Server.java:1559)
"IPC Server handler 4 on default port 15002" daemon prio=5 tid=348 timed_waiting
java.lang.Thread.State: TIMED_WAITING
        at java.base@21.0.7/jdk.internal.misc.Unsafe.park(Native Method)
        at java.base@21.0.7/java.util.concurrent.locks.LockSupport.parkNanos(LockSupport.java:269)
        at java.base@21.0.7/java.util.concurrent.locks.AbstractQueuedSynchronizer$ConditionObject.awaitNanos(AbstractQueuedSynchronizer.java:1763)
        at java.base@21.0.7/java.util.concurrent.LinkedBlockingQueue.poll(LinkedBlockingQueue.java:460)
        at app//org.apache.hadoop.ipc.CallQueueManager.take(CallQueueManager.java:370)
        at app//org.apache.hadoop.ipc.Server$Handler.run(Server.java:3165)
"om1-SnapshotDiffCleanupService#0" daemon prio=5 tid=449 timed_waiting
java.lang.Thread.State: TIMED_WAITING
        at java.base@21.0.7/jdk.internal.misc.Unsafe.park(Native Method)
        at java.base@21.0.7/java.util.concurrent.locks.LockSupport.parkNanos(LockSupport.java:269)
        at java.base@21.0.7/java.util.concurrent.locks.AbstractQueuedSynchronizer$ConditionObject.awaitNanos(AbstractQueuedSynchronizer.java:1763)
        at java.base@21.0.7/java.util.concurrent.ScheduledThreadPoolExecutor$DelayedWorkQueue.take(ScheduledThreadPoolExecutor.java:1182)
        at java.base@21.0.7/java.util.concurrent.ScheduledThreadPoolExecutor$DelayedWorkQueue.take(ScheduledThreadPoolExecutor.java:899)
        at java.base@21.0.7/java.util.concurrent.ThreadPoolExecutor.getTask(ThreadPoolExecutor.java:1070)
        at java.base@21.0.7/java.util.concurrent.ThreadPoolExecutor.runWorker(ThreadPoolExecutor.java:1130)
        at java.base@21.0.7/java.util.concurrent.ThreadPoolExecutor$Worker.run(ThreadPoolExecutor.java:642)
        at java.base@21.0.7/java.lang.Thread.runWith(Thread.java:1596)
        at java.base@21.0.7/java.lang.Thread.run(Thread.java:1583)
"IPC Server handler 53 on default port 15000" daemon prio=5 tid=179 timed_waiting
java.lang.Thread.State: TIMED_WAITING
        at java.base@21.0.7/jdk.internal.misc.Unsafe.park(Native Method)
        at java.base@21.0.7/java.util.concurrent.locks.LockSupport.parkNanos(LockSupport.java:269)
        at java.base@21.0.7/java.util.concurrent.locks.AbstractQueuedSynchronizer$ConditionObject.awaitNanos(AbstractQueuedSynchronizer.java:1763)
        at java.base@21.0.7/java.util.concurrent.LinkedBlockingQueue.poll(LinkedBlockingQueue.java:460)
        at app//org.apache.hadoop.ipc.CallQueueManager.take(CallQueueManager.java:370)
        at app//org.apache.hadoop.ipc.Server$Handler.run(Server.java:3165)
"qtp588626443-687" daemon prio=5 tid=687 timed_waiting
java.lang.Thread.State: TIMED_WAITING
        at java.base@21.0.7/jdk.internal.misc.Unsafe.park(Native Method)
        at java.base@21.0.7/java.util.concurrent.locks.LockSupport.parkNanos(LockSupport.java:269)
        at java.base@21.0.7/java.util.concurrent.locks.AbstractQueuedSynchronizer$ConditionObject.awaitNanos(AbstractQueuedSynchronizer.java:1763)
        at app//org.eclipse.jetty.util.BlockingArrayQueue.poll(BlockingArrayQueue.java:382)
        at app//org.eclipse.jetty.util.thread.QueuedThreadPool$Runner.idleJobPoll(QueuedThreadPool.java:974)
        at app//org.eclipse.jetty.util.thread.QueuedThreadPool$Runner.run(QueuedThreadPool.java:1018)
        at java.base@21.0.7/java.lang.Thread.runWith(Thread.java:1596)
        at java.base@21.0.7/java.lang.Thread.run(Thread.java:1583)
"IPC Server handler 49 on default port 15001" daemon prio=5 tid=275 timed_waiting
java.lang.Thread.State: TIMED_WAITING
        at java.base@21.0.7/jdk.internal.misc.Unsafe.park(Native Method)
        at java.base@21.0.7/java.util.concurrent.locks.LockSupport.parkNanos(LockSupport.java:269)
        at java.base@21.0.7/java.util.concurrent.locks.AbstractQueuedSynchronizer$ConditionObject.awaitNanos(AbstractQueuedSynchronizer.java:1763)
        at java.base@21.0.7/java.util.concurrent.LinkedBlockingQueue.poll(LinkedBlockingQueue.java:460)
        at app//org.apache.hadoop.ipc.CallQueueManager.take(CallQueueManager.java:370)
        at app//org.apache.hadoop.ipc.Server$Handler.run(Server.java:3165)
"IPC Server handler 48 on default port 15001" daemon prio=5 tid=274 timed_waiting
java.lang.Thread.State: TIMED_WAITING
        at java.base@21.0.7/jdk.internal.misc.Unsafe.park(Native Method)
        at java.base@21.0.7/java.util.concurrent.locks.LockSupport.parkNanos(LockSupport.java:269)
        at java.base@21.0.7/java.util.concurrent.locks.AbstractQueuedSynchronizer$ConditionObject.awaitNanos(AbstractQueuedSynchronizer.java:1763)
        at java.base@21.0.7/java.util.concurrent.LinkedBlockingQueue.poll(LinkedBlockingQueue.java:460)
        at app//org.apache.hadoop.ipc.CallQueueManager.take(CallQueueManager.java:370)
        at app//org.apache.hadoop.ipc.Server$Handler.run(Server.java:3165)
"IPC Server handler 99 on default port 15001" daemon prio=5 tid=325 timed_waiting
java.lang.Thread.State: TIMED_WAITING
        at java.base@21.0.7/jdk.internal.misc.Unsafe.park(Native Method)
        at java.base@21.0.7/java.util.concurrent.locks.LockSupport.parkNanos(LockSupport.java:269)
        at java.base@21.0.7/java.util.concurrent.locks.AbstractQueuedSynchronizer$ConditionObject.awaitNanos(AbstractQueuedSynchronizer.java:1763)
        at java.base@21.0.7/java.util.concurrent.LinkedBlockingQueue.poll(LinkedBlockingQueue.java:460)
        at app//org.apache.hadoop.ipc.CallQueueManager.take(CallQueueManager.java:370)
        at app//org.apache.hadoop.ipc.Server$Handler.run(Server.java:3165)
"Socket Reader #5 for port 15006"  prio=5 tid=460 runnable
java.lang.Thread.State: RUNNABLE
        at java.base@21.0.7/sun.nio.ch.EPoll.wait(Native Method)
        at java.base@21.0.7/sun.nio.ch.EPollSelectorImpl.doSelect(EPollSelectorImpl.java:121)
        at java.base@21.0.7/sun.nio.ch.SelectorImpl.lockAndDoSelect(SelectorImpl.java:130)
        at java.base@21.0.7/sun.nio.ch.SelectorImpl.select(SelectorImpl.java:147)
        at app//org.apache.hadoop.ipc.Server$Listener$Reader.doRunLoop(Server.java:1497)
        at app//org.apache.hadoop.ipc.Server$Listener$Reader.run(Server.java:1476)
"Socket Reader #10 for port 15019"  prio=5 tid=597 runnable
java.lang.Thread.State: RUNNABLE
        at java.base@21.0.7/sun.nio.ch.EPoll.wait(Native Method)
        at java.base@21.0.7/sun.nio.ch.EPollSelectorImpl.doSelect(EPollSelectorImpl.java:121)
        at java.base@21.0.7/sun.nio.ch.SelectorImpl.lockAndDoSelect(SelectorImpl.java:130)
        at java.base@21.0.7/sun.nio.ch.SelectorImpl.select(SelectorImpl.java:147)
        at app//org.apache.hadoop.ipc.Server$Listener$Reader.doRunLoop(Server.java:1497)
        at app//org.apache.hadoop.ipc.Server$Listener$Reader.run(Server.java:1476)
"IPC Server handler 43 on default port 15002" daemon prio=5 tid=387 timed_waiting
java.lang.Thread.State: TIMED_WAITING
        at java.base@21.0.7/jdk.internal.misc.Unsafe.park(Native Method)
        at java.base@21.0.7/java.util.concurrent.locks.LockSupport.parkNanos(LockSupport.java:269)
        at java.base@21.0.7/java.util.concurrent.locks.AbstractQueuedSynchronizer$ConditionObject.awaitNanos(AbstractQueuedSynchronizer.java:1763)
        at java.base@21.0.7/java.util.concurrent.LinkedBlockingQueue.poll(LinkedBlockingQueue.java:460)
        at app//org.apache.hadoop.ipc.CallQueueManager.take(CallQueueManager.java:370)
        at app//org.apache.hadoop.ipc.Server$Handler.run(Server.java:3165)
"om1-SnapshotDeletingService#0" daemon prio=5 tid=486 timed_waiting
java.lang.Thread.State: TIMED_WAITING
        at java.base@21.0.7/jdk.internal.misc.Unsafe.park(Native Method)
        at java.base@21.0.7/java.util.concurrent.locks.LockSupport.parkNanos(LockSupport.java:269)
        at java.base@21.0.7/java.util.concurrent.locks.AbstractQueuedSynchronizer$ConditionObject.awaitNanos(AbstractQueuedSynchronizer.java:1763)
        at java.base@21.0.7/java.util.concurrent.ScheduledThreadPoolExecutor$DelayedWorkQueue.take(ScheduledThreadPoolExecutor.java:1182)
        at java.base@21.0.7/java.util.concurrent.ScheduledThreadPoolExecutor$DelayedWorkQueue.take(ScheduledThreadPoolExecutor.java:899)
        at java.base@21.0.7/java.util.concurrent.ThreadPoolExecutor.getTask(ThreadPoolExecutor.java:1070)
        at java.base@21.0.7/java.util.concurrent.ThreadPoolExecutor.runWorker(ThreadPoolExecutor.java:1130)
        at java.base@21.0.7/java.util.concurrent.ThreadPoolExecutor$Worker.run(ThreadPoolExecutor.java:642)
        at java.base@21.0.7/java.lang.Thread.runWith(Thread.java:1596)
        at java.base@21.0.7/java.lang.Thread.run(Thread.java:1583)
"a755fe32-7d9a-4996-bc51-d7fbc67ab218-BlockDeletingService#1" daemon prio=5 tid=717 in Object.wait()
java.lang.Thread.State: WAITING (on object monitor)
        at java.base@21.0.7/jdk.internal.misc.Unsafe.park(Native Method)
        at java.base@21.0.7/java.util.concurrent.locks.LockSupport.park(LockSupport.java:371)
        at java.base@21.0.7/java.util.concurrent.locks.AbstractQueuedSynchronizer$ConditionNode.block(AbstractQueuedSynchronizer.java:519)
        at java.base@21.0.7/java.util.concurrent.ForkJoinPool.unmanagedBlock(ForkJoinPool.java:3780)
        at java.base@21.0.7/java.util.concurrent.ForkJoinPool.managedBlock(ForkJoinPool.java:3725)
        at java.base@21.0.7/java.util.concurrent.locks.AbstractQueuedSynchronizer$ConditionObject.await(AbstractQueuedSynchronizer.java:1712)
        at java.base@21.0.7/java.util.concurrent.ScheduledThreadPoolExecutor$DelayedWorkQueue.take(ScheduledThreadPoolExecutor.java:1177)
        at java.base@21.0.7/java.util.concurrent.ScheduledThreadPoolExecutor$DelayedWorkQueue.take(ScheduledThreadPoolExecutor.java:899)
        at java.base@21.0.7/java.util.concurrent.ThreadPoolExecutor.getTask(ThreadPoolExecutor.java:1070)
        at java.base@21.0.7/java.util.concurrent.ThreadPoolExecutor.runWorker(ThreadPoolExecutor.java:1130)
        at java.base@21.0.7/java.util.concurrent.ThreadPoolExecutor$Worker.run(ThreadPoolExecutor.java:642)
        at java.base@21.0.7/java.lang.Thread.runWith(Thread.java:1596)
        at java.base@21.0.7/java.lang.Thread.run(Thread.java:1583)
"IPC Server handler 0 on default port 15035" daemon prio=5 tid=733 timed_waiting
java.lang.Thread.State: TIMED_WAITING
        at java.base@21.0.7/jdk.internal.misc.Unsafe.park(Native Method)
        at java.base@21.0.7/java.util.concurrent.locks.LockSupport.parkNanos(LockSupport.java:269)
        at java.base@21.0.7/java.util.concurrent.locks.AbstractQueuedSynchronizer$ConditionObject.awaitNanos(AbstractQueuedSynchronizer.java:1763)
        at java.base@21.0.7/java.util.concurrent.LinkedBlockingQueue.poll(LinkedBlockingQueue.java:460)
        at app//org.apache.hadoop.ipc.CallQueueManager.take(CallQueueManager.java:370)
        at app//org.apache.hadoop.ipc.Server$Handler.run(Server.java:3165)
"timer7" daemon prio=5 tid=1040 timed_waiting
java.lang.Thread.State: TIMED_WAITING
        at java.base@21.0.7/java.lang.Object.wait0(Native Method)
        at java.base@21.0.7/java.lang.Object.wait(Object.java:366)
        at java.base@21.0.7/java.util.TimerThread.mainLoop(Timer.java:563)
        at java.base@21.0.7/java.util.TimerThread.run(Timer.java:516)
"dacc202e-cd42-4a7a-b335-fe62dff69130-impl-thread1"  prio=5 tid=621 timed_waiting
java.lang.Thread.State: TIMED_WAITING
        at java.base@21.0.7/jdk.internal.misc.Unsafe.park(Native Method)
        at java.base@21.0.7/java.util.concurrent.locks.LockSupport.parkNanos(LockSupport.java:410)
        at java.base@21.0.7/java.util.concurrent.LinkedTransferQueue$DualNode.await(LinkedTransferQueue.java:452)
        at java.base@21.0.7/java.util.concurrent.SynchronousQueue$Transferer.xferLifo(SynchronousQueue.java:194)
        at java.base@21.0.7/java.util.concurrent.SynchronousQueue.xfer(SynchronousQueue.java:235)
        at java.base@21.0.7/java.util.concurrent.SynchronousQueue.poll(SynchronousQueue.java:338)
        at java.base@21.0.7/java.util.concurrent.ThreadPoolExecutor.getTask(ThreadPoolExecutor.java:1069)
        at java.base@21.0.7/java.util.concurrent.ThreadPoolExecutor.runWorker(ThreadPoolExecutor.java:1130)
        at java.base@21.0.7/java.util.concurrent.ThreadPoolExecutor$Worker.run(ThreadPoolExecutor.java:642)
        at java.base@21.0.7/java.lang.Thread.runWith(Thread.java:1596)
        at java.base@21.0.7/java.lang.Thread.run(Thread.java:1583)
"IPC Server handler 15 on default port 15002" daemon prio=5 tid=359 timed_waiting
java.lang.Thread.State: TIMED_WAITING
        at java.base@21.0.7/jdk.internal.misc.Unsafe.park(Native Method)
        at java.base@21.0.7/java.util.concurrent.locks.LockSupport.parkNanos(LockSupport.java:269)
        at java.base@21.0.7/java.util.concurrent.locks.AbstractQueuedSynchronizer$ConditionObject.awaitNanos(AbstractQueuedSynchronizer.java:1763)
        at java.base@21.0.7/java.util.concurrent.LinkedBlockingQueue.poll(LinkedBlockingQueue.java:460)
        at app//org.apache.hadoop.ipc.CallQueueManager.take(CallQueueManager.java:370)
        at app//org.apache.hadoop.ipc.Server$Handler.run(Server.java:3165)
"IPC Server handler 73 on default port 15001" daemon prio=5 tid=299 timed_waiting
java.lang.Thread.State: TIMED_WAITING
        at java.base@21.0.7/jdk.internal.misc.Unsafe.park(Native Method)
        at java.base@21.0.7/java.util.concurrent.locks.LockSupport.parkNanos(LockSupport.java:269)
        at java.base@21.0.7/java.util.concurrent.locks.AbstractQueuedSynchronizer$ConditionObject.awaitNanos(AbstractQueuedSynchronizer.java:1763)
        at java.base@21.0.7/java.util.concurrent.LinkedBlockingQueue.poll(LinkedBlockingQueue.java:460)
        at app//org.apache.hadoop.ipc.CallQueueManager.take(CallQueueManager.java:370)
        at app//org.apache.hadoop.ipc.Server$Handler.run(Server.java:3165)
"Common-Cleaner" daemon prio=8 tid=17 timed_waiting
java.lang.Thread.State: TIMED_WAITING
        at java.base@21.0.7/jdk.internal.misc.Unsafe.park(Native Method)
        at java.base@21.0.7/java.util.concurrent.locks.LockSupport.parkNanos(LockSupport.java:269)
        at java.base@21.0.7/java.util.concurrent.locks.AbstractQueuedSynchronizer$ConditionObject.await(AbstractQueuedSynchronizer.java:1852)
        at java.base@21.0.7/java.lang.ref.ReferenceQueue.await(ReferenceQueue.java:71)
        at java.base@21.0.7/java.lang.ref.ReferenceQueue.remove0(ReferenceQueue.java:143)
        at java.base@21.0.7/java.lang.ref.ReferenceQueue.remove(ReferenceQueue.java:218)
        at java.base@21.0.7/jdk.internal.ref.CleanerImpl.run(CleanerImpl.java:140)
        at java.base@21.0.7/java.lang.Thread.runWith(Thread.java:1596)
        at java.base@21.0.7/java.lang.Thread.run(Thread.java:1583)
        at java.base@21.0.7/jdk.internal.misc.InnocuousThread.run(InnocuousThread.java:186)
"IPC Server handler 94 on default port 15001" daemon prio=5 tid=320 timed_waiting
java.lang.Thread.State: TIMED_WAITING
        at java.base@21.0.7/jdk.internal.misc.Unsafe.park(Native Method)
        at java.base@21.0.7/java.util.concurrent.locks.LockSupport.parkNanos(LockSupport.java:269)
        at java.base@21.0.7/java.util.concurrent.locks.AbstractQueuedSynchronizer$ConditionObject.awaitNanos(AbstractQueuedSynchronizer.java:1763)
        at java.base@21.0.7/java.util.concurrent.LinkedBlockingQueue.poll(LinkedBlockingQueue.java:460)
        at app//org.apache.hadoop.ipc.CallQueueManager.take(CallQueueManager.java:370)
        at app//org.apache.hadoop.ipc.Server$Handler.run(Server.java:3165)
"IPC Server handler 44 on default port 15002" daemon prio=5 tid=388 timed_waiting
java.lang.Thread.State: TIMED_WAITING
        at java.base@21.0.7/jdk.internal.misc.Unsafe.park(Native Method)
        at java.base@21.0.7/java.util.concurrent.locks.LockSupport.parkNanos(LockSupport.java:269)
        at java.base@21.0.7/java.util.concurrent.locks.AbstractQueuedSynchronizer$ConditionObject.awaitNanos(AbstractQueuedSynchronizer.java:1763)
        at java.base@21.0.7/java.util.concurrent.LinkedBlockingQueue.poll(LinkedBlockingQueue.java:460)
        at app//org.apache.hadoop.ipc.CallQueueManager.take(CallQueueManager.java:370)
        at app//org.apache.hadoop.ipc.Server$Handler.run(Server.java:3165)
"2b1bfca1-1fdc-4b0a-9b4d-c21112718afa-groupManagement"  prio=5 tid=958 in Object.wait()
java.lang.Thread.State: WAITING (on object monitor)
        at java.base@21.0.7/jdk.internal.misc.Unsafe.park(Native Method)
        at java.base@21.0.7/java.util.concurrent.locks.LockSupport.park(LockSupport.java:371)
        at java.base@21.0.7/java.util.concurrent.locks.AbstractQueuedSynchronizer$ConditionNode.block(AbstractQueuedSynchronizer.java:519)
        at java.base@21.0.7/java.util.concurrent.ForkJoinPool.unmanagedBlock(ForkJoinPool.java:3780)
        at java.base@21.0.7/java.util.concurrent.ForkJoinPool.managedBlock(ForkJoinPool.java:3725)
        at java.base@21.0.7/java.util.concurrent.locks.AbstractQueuedSynchronizer$ConditionObject.await(AbstractQueuedSynchronizer.java:1712)
        at java.base@21.0.7/java.util.concurrent.LinkedBlockingQueue.take(LinkedBlockingQueue.java:435)
        at java.base@21.0.7/java.util.concurrent.ThreadPoolExecutor.getTask(ThreadPoolExecutor.java:1070)
        at java.base@21.0.7/java.util.concurrent.ThreadPoolExecutor.runWorker(ThreadPoolExecutor.java:1130)
        at java.base@21.0.7/java.util.concurrent.ThreadPoolExecutor$Worker.run(ThreadPoolExecutor.java:642)
        at java.base@21.0.7/java.lang.Thread.runWith(Thread.java:1596)
        at java.base@21.0.7/java.lang.Thread.run(Thread.java:1583)
"IPC Server handler 3 on default port 15002" daemon prio=5 tid=347 timed_waiting
java.lang.Thread.State: TIMED_WAITING
        at java.base@21.0.7/jdk.internal.misc.Unsafe.park(Native Method)
        at java.base@21.0.7/java.util.concurrent.locks.LockSupport.parkNanos(LockSupport.java:269)
        at java.base@21.0.7/java.util.concurrent.locks.AbstractQueuedSynchronizer$ConditionObject.awaitNanos(AbstractQueuedSynchronizer.java:1763)
        at java.base@21.0.7/java.util.concurrent.LinkedBlockingQueue.poll(LinkedBlockingQueue.java:460)
        at app//org.apache.hadoop.ipc.CallQueueManager.take(CallQueueManager.java:370)
        at app//org.apache.hadoop.ipc.Server$Handler.run(Server.java:3165)
"2b1bfca1-1fdc-4b0a-9b4d-c21112718afa-ChunkWriter-0-0" daemon prio=5 tid=830 in Object.wait()
java.lang.Thread.State: WAITING (on object monitor)
        at java.base@21.0.7/jdk.internal.misc.Unsafe.park(Native Method)
        at java.base@21.0.7/java.util.concurrent.locks.LockSupport.park(LockSupport.java:371)
        at java.base@21.0.7/java.util.concurrent.locks.AbstractQueuedSynchronizer$ConditionNode.block(AbstractQueuedSynchronizer.java:519)
        at java.base@21.0.7/java.util.concurrent.ForkJoinPool.unmanagedBlock(ForkJoinPool.java:3780)
        at java.base@21.0.7/java.util.concurrent.ForkJoinPool.managedBlock(ForkJoinPool.java:3725)
        at java.base@21.0.7/java.util.concurrent.locks.AbstractQueuedSynchronizer$ConditionObject.await(AbstractQueuedSynchronizer.java:1712)
        at java.base@21.0.7/java.util.concurrent.LinkedBlockingDeque.takeFirst(LinkedBlockingDeque.java:485)
        at java.base@21.0.7/java.util.concurrent.LinkedBlockingDeque.take(LinkedBlockingDeque.java:673)
        at java.base@21.0.7/java.util.concurrent.ThreadPoolExecutor.getTask(ThreadPoolExecutor.java:1070)
        at java.base@21.0.7/java.util.concurrent.ThreadPoolExecutor.runWorker(ThreadPoolExecutor.java:1130)
        at java.base@21.0.7/java.util.concurrent.ThreadPoolExecutor$Worker.run(ThreadPoolExecutor.java:642)
        at java.base@21.0.7/java.lang.Thread.runWith(Thread.java:1596)
        at java.base@21.0.7/java.lang.Thread.run(Thread.java:1583)
"Hadoop-Metrics-Updater-0" daemon prio=5 tid=93 timed_waiting
java.lang.Thread.State: TIMED_WAITING
        at java.base@21.0.7/jdk.internal.misc.Unsafe.park(Native Method)
        at java.base@21.0.7/java.util.concurrent.locks.LockSupport.parkNanos(LockSupport.java:269)
        at java.base@21.0.7/java.util.concurrent.locks.AbstractQueuedSynchronizer$ConditionObject.awaitNanos(AbstractQueuedSynchronizer.java:1763)
        at java.base@21.0.7/java.util.concurrent.ScheduledThreadPoolExecutor$DelayedWorkQueue.take(ScheduledThreadPoolExecutor.java:1182)
        at java.base@21.0.7/java.util.concurrent.ScheduledThreadPoolExecutor$DelayedWorkQueue.take(ScheduledThreadPoolExecutor.java:899)
        at java.base@21.0.7/java.util.concurrent.ThreadPoolExecutor.getTask(ThreadPoolExecutor.java:1070)
        at java.base@21.0.7/java.util.concurrent.ThreadPoolExecutor.runWorker(ThreadPoolExecutor.java:1130)
        at java.base@21.0.7/java.util.concurrent.ThreadPoolExecutor$Worker.run(ThreadPoolExecutor.java:642)
        at java.base@21.0.7/java.lang.Thread.runWith(Thread.java:1596)
        at java.base@21.0.7/java.lang.Thread.run(Thread.java:1583)
"2b1bfca1-1fdc-4b0a-9b4d-c21112718afa-DataNodeDiskCheckerThread-0" daemon prio=5 tid=826 timed_waiting
java.lang.Thread.State: TIMED_WAITING
        at java.base@21.0.7/jdk.internal.misc.Unsafe.park(Native Method)
        at java.base@21.0.7/java.util.concurrent.locks.LockSupport.parkNanos(LockSupport.java:410)
        at java.base@21.0.7/java.util.concurrent.LinkedTransferQueue$DualNode.await(LinkedTransferQueue.java:452)
        at java.base@21.0.7/java.util.concurrent.SynchronousQueue$Transferer.xferLifo(SynchronousQueue.java:194)
        at java.base@21.0.7/java.util.concurrent.SynchronousQueue.xfer(SynchronousQueue.java:235)
        at java.base@21.0.7/java.util.concurrent.SynchronousQueue.poll(SynchronousQueue.java:338)
        at java.base@21.0.7/java.util.concurrent.ThreadPoolExecutor.getTask(ThreadPoolExecutor.java:1069)
        at java.base@21.0.7/java.util.concurrent.ThreadPoolExecutor.runWorker(ThreadPoolExecutor.java:1130)
        at java.base@21.0.7/java.util.concurrent.ThreadPoolExecutor$Worker.run(ThreadPoolExecutor.java:642)
        at java.base@21.0.7/java.lang.Thread.runWith(Thread.java:1596)
        at java.base@21.0.7/java.lang.Thread.run(Thread.java:1583)
"surefire-forkedjvm-stream-flusher" daemon prio=5 tid=23 timed_waiting
java.lang.Thread.State: TIMED_WAITING
        at java.base@21.0.7/jdk.internal.misc.Unsafe.park(Native Method)
        at java.base@21.0.7/java.util.concurrent.locks.LockSupport.parkNanos(LockSupport.java:269)
        at java.base@21.0.7/java.util.concurrent.locks.AbstractQueuedSynchronizer$ConditionObject.awaitNanos(AbstractQueuedSynchronizer.java:1763)
        at java.base@21.0.7/java.util.concurrent.ScheduledThreadPoolExecutor$DelayedWorkQueue.take(ScheduledThreadPoolExecutor.java:1182)
        at java.base@21.0.7/java.util.concurrent.ScheduledThreadPoolExecutor$DelayedWorkQueue.take(ScheduledThreadPoolExecutor.java:899)
        at java.base@21.0.7/java.util.concurrent.ThreadPoolExecutor.getTask(ThreadPoolExecutor.java:1070)
        at java.base@21.0.7/java.util.concurrent.ThreadPoolExecutor.runWorker(ThreadPoolExecutor.java:1130)
        at java.base@21.0.7/java.util.concurrent.ThreadPoolExecutor$Worker.run(ThreadPoolExecutor.java:642)
        at java.base@21.0.7/java.lang.Thread.runWith(Thread.java:1596)
        at java.base@21.0.7/java.lang.Thread.run(Thread.java:1583)
"IPC Server handler 99 on default port 15002" daemon prio=5 tid=443 timed_waiting
java.lang.Thread.State: TIMED_WAITING
        at java.base@21.0.7/jdk.internal.misc.Unsafe.park(Native Method)
        at java.base@21.0.7/java.util.concurrent.locks.LockSupport.parkNanos(LockSupport.java:269)
        at java.base@21.0.7/java.util.concurrent.locks.AbstractQueuedSynchronizer$ConditionObject.awaitNanos(AbstractQueuedSynchronizer.java:1763)
        at java.base@21.0.7/java.util.concurrent.LinkedBlockingQueue.poll(LinkedBlockingQueue.java:460)
        at app//org.apache.hadoop.ipc.CallQueueManager.take(CallQueueManager.java:370)
        at app//org.apache.hadoop.ipc.Server$Handler.run(Server.java:3165)
"IPC Server Responder" daemon prio=5 tid=651 runnable
java.lang.Thread.State: RUNNABLE
        at java.base@21.0.7/sun.nio.ch.EPoll.wait(Native Method)
        at java.base@21.0.7/sun.nio.ch.EPollSelectorImpl.doSelect(EPollSelectorImpl.java:121)
        at java.base@21.0.7/sun.nio.ch.SelectorImpl.lockAndDoSelect(SelectorImpl.java:130)
        at java.base@21.0.7/sun.nio.ch.SelectorImpl.select(SelectorImpl.java:142)
        at app//org.apache.hadoop.ipc.Server$Responder.doRunLoop(Server.java:1733)
        at app//org.apache.hadoop.ipc.Server$Responder.run(Server.java:1716)
"IPC Server handler 3 on default port 15001" daemon prio=5 tid=229 timed_waiting
java.lang.Thread.State: TIMED_WAITING
        at java.base@21.0.7/jdk.internal.misc.Unsafe.park(Native Method)
        at java.base@21.0.7/java.util.concurrent.locks.LockSupport.parkNanos(LockSupport.java:269)
        at java.base@21.0.7/java.util.concurrent.locks.AbstractQueuedSynchronizer$ConditionObject.awaitNanos(AbstractQueuedSynchronizer.java:1763)
        at java.base@21.0.7/java.util.concurrent.LinkedBlockingQueue.poll(LinkedBlockingQueue.java:460)
        at app//org.apache.hadoop.ipc.CallQueueManager.take(CallQueueManager.java:370)
        at app//org.apache.hadoop.ipc.Server$Handler.run(Server.java:3165)
"IPC Server handler 8 on default port 15019" daemon prio=5 tid=609 timed_waiting
java.lang.Thread.State: TIMED_WAITING
        at java.base@21.0.7/jdk.internal.misc.Unsafe.park(Native Method)
        at java.base@21.0.7/java.util.concurrent.locks.LockSupport.parkNanos(LockSupport.java:269)
        at java.base@21.0.7/java.util.concurrent.locks.AbstractQueuedSynchronizer$ConditionObject.awaitNanos(AbstractQueuedSynchronizer.java:1763)
        at java.base@21.0.7/java.util.concurrent.LinkedBlockingQueue.poll(LinkedBlockingQueue.java:460)
        at app//org.apache.hadoop.ipc.CallQueueManager.take(CallQueueManager.java:370)
        at app//org.apache.hadoop.ipc.Server$Handler.run(Server.java:3165)
"Notification Thread" daemon prio=9 tid=22 runnable
java.lang.Thread.State: RUNNABLE
"IPC Server handler 11 on default port 15002" daemon prio=5 tid=355 timed_waiting
java.lang.Thread.State: TIMED_WAITING
        at java.base@21.0.7/jdk.internal.misc.Unsafe.park(Native Method)
        at java.base@21.0.7/java.util.concurrent.locks.LockSupport.parkNanos(LockSupport.java:269)
        at java.base@21.0.7/java.util.concurrent.locks.AbstractQueuedSynchronizer$ConditionObject.awaitNanos(AbstractQueuedSynchronizer.java:1763)
        at java.base@21.0.7/java.util.concurrent.LinkedBlockingQueue.poll(LinkedBlockingQueue.java:460)
        at app//org.apache.hadoop.ipc.CallQueueManager.take(CallQueueManager.java:370)
        at app//org.apache.hadoop.ipc.Server$Handler.run(Server.java:3165)
"Socket Reader #1 for port 15019"  prio=5 tid=588 runnable
java.lang.Thread.State: RUNNABLE
        at java.base@21.0.7/sun.nio.ch.EPoll.wait(Native Method)
        at java.base@21.0.7/sun.nio.ch.EPollSelectorImpl.doSelect(EPollSelectorImpl.java:121)
        at java.base@21.0.7/sun.nio.ch.SelectorImpl.lockAndDoSelect(SelectorImpl.java:130)
        at java.base@21.0.7/sun.nio.ch.SelectorImpl.select(SelectorImpl.java:147)
        at app//org.apache.hadoop.ipc.Server$Listener$Reader.doRunLoop(Server.java:1497)
        at app//org.apache.hadoop.ipc.Server$Listener$Reader.run(Server.java:1476)
"qtp1044130468-583" daemon prio=5 tid=583 timed_waiting
java.lang.Thread.State: TIMED_WAITING
        at java.base@21.0.7/jdk.internal.misc.Unsafe.park(Native Method)
        at java.base@21.0.7/java.util.concurrent.locks.LockSupport.parkNanos(LockSupport.java:269)
        at java.base@21.0.7/java.util.concurrent.locks.AbstractQueuedSynchronizer$ConditionObject.awaitNanos(AbstractQueuedSynchronizer.java:1763)
        at app//org.eclipse.jetty.util.BlockingArrayQueue.poll(BlockingArrayQueue.java:382)
        at app//org.eclipse.jetty.util.thread.QueuedThreadPool$Runner.idleJobPoll(QueuedThreadPool.java:974)
        at app//org.eclipse.jetty.util.thread.QueuedThreadPool$Runner.run(QueuedThreadPool.java:1018)
        at java.base@21.0.7/java.lang.Thread.runWith(Thread.java:1596)
        at java.base@21.0.7/java.lang.Thread.run(Thread.java:1583)
"IPC Server handler 70 on default port 15001" daemon prio=5 tid=296 timed_waiting
java.lang.Thread.State: TIMED_WAITING
        at java.base@21.0.7/jdk.internal.misc.Unsafe.park(Native Method)
        at java.base@21.0.7/java.util.concurrent.locks.LockSupport.parkNanos(LockSupport.java:269)
        at java.base@21.0.7/java.util.concurrent.locks.AbstractQueuedSynchronizer$ConditionObject.awaitNanos(AbstractQueuedSynchronizer.java:1763)
        at java.base@21.0.7/java.util.concurrent.LinkedBlockingQueue.poll(LinkedBlockingQueue.java:460)
        at app//org.apache.hadoop.ipc.CallQueueManager.take(CallQueueManager.java:370)
        at app//org.apache.hadoop.ipc.Server$Handler.run(Server.java:3165)
"IPC Server handler 60 on default port 15002" daemon prio=5 tid=404 timed_waiting
java.lang.Thread.State: TIMED_WAITING
        at java.base@21.0.7/jdk.internal.misc.Unsafe.park(Native Method)
        at java.base@21.0.7/java.util.concurrent.locks.LockSupport.parkNanos(LockSupport.java:269)
        at java.base@21.0.7/java.util.concurrent.locks.AbstractQueuedSynchronizer$ConditionObject.awaitNanos(AbstractQueuedSynchronizer.java:1763)
        at java.base@21.0.7/java.util.concurrent.LinkedBlockingQueue.poll(LinkedBlockingQueue.java:460)
        at app//org.apache.hadoop.ipc.CallQueueManager.take(CallQueueManager.java:370)
        at app//org.apache.hadoop.ipc.Server$Handler.run(Server.java:3165)
"MutableQuantiles-0" daemon prio=5 tid=526 timed_waiting
java.lang.Thread.State: TIMED_WAITING
        at java.base@21.0.7/jdk.internal.misc.Unsafe.park(Native Method)
        at java.base@21.0.7/java.util.concurrent.locks.LockSupport.parkNanos(LockSupport.java:269)
        at java.base@21.0.7/java.util.concurrent.locks.AbstractQueuedSynchronizer$ConditionObject.awaitNanos(AbstractQueuedSynchronizer.java:1763)
        at java.base@21.0.7/java.util.concurrent.ScheduledThreadPoolExecutor$DelayedWorkQueue.take(ScheduledThreadPoolExecutor.java:1182)
        at java.base@21.0.7/java.util.concurrent.ScheduledThreadPoolExecutor$DelayedWorkQueue.take(ScheduledThreadPoolExecutor.java:899)
        at java.base@21.0.7/java.util.concurrent.ThreadPoolExecutor.getTask(ThreadPoolExecutor.java:1070)
        at java.base@21.0.7/java.util.concurrent.ThreadPoolExecutor.runWorker(ThreadPoolExecutor.java:1130)
        at java.base@21.0.7/java.util.concurrent.ThreadPoolExecutor$Worker.run(ThreadPoolExecutor.java:642)
        at java.base@21.0.7/java.lang.Thread.runWith(Thread.java:1596)
        at java.base@21.0.7/java.lang.Thread.run(Thread.java:1583)
"timer6" daemon prio=5 tid=1039 timed_waiting
java.lang.Thread.State: TIMED_WAITING
        at java.base@21.0.7/java.lang.Object.wait0(Native Method)
        at java.base@21.0.7/java.lang.Object.wait(Object.java:366)
        at java.base@21.0.7/java.util.TimerThread.mainLoop(Timer.java:563)
        at java.base@21.0.7/java.util.TimerThread.run(Timer.java:516)
"Socket Reader #4 for port 15006"  prio=5 tid=459 runnable
java.lang.Thread.State: RUNNABLE
        at java.base@21.0.7/sun.nio.ch.EPoll.wait(Native Method)
        at java.base@21.0.7/sun.nio.ch.EPollSelectorImpl.doSelect(EPollSelectorImpl.java:121)
        at java.base@21.0.7/sun.nio.ch.SelectorImpl.lockAndDoSelect(SelectorImpl.java:130)
        at java.base@21.0.7/sun.nio.ch.SelectorImpl.select(SelectorImpl.java:147)
        at app//org.apache.hadoop.ipc.Server$Listener$Reader.doRunLoop(Server.java:1497)
        at app//org.apache.hadoop.ipc.Server$Listener$Reader.run(Server.java:1476)
"78b7fabf-ca2a-4b70-8534-e46926e2083c-DatanodeReportManager-2" daemon prio=5 tid=801 timed_waiting
java.lang.Thread.State: TIMED_WAITING
        at java.base@21.0.7/jdk.internal.misc.Unsafe.park(Native Method)
        at java.base@21.0.7/java.util.concurrent.locks.LockSupport.parkNanos(LockSupport.java:269)
        at java.base@21.0.7/java.util.concurrent.locks.AbstractQueuedSynchronizer$ConditionObject.awaitNanos(AbstractQueuedSynchronizer.java:1763)
        at java.base@21.0.7/java.util.concurrent.ScheduledThreadPoolExecutor$DelayedWorkQueue.take(ScheduledThreadPoolExecutor.java:1182)
        at java.base@21.0.7/java.util.concurrent.ScheduledThreadPoolExecutor$DelayedWorkQueue.take(ScheduledThreadPoolExecutor.java:899)
        at java.base@21.0.7/java.util.concurrent.ThreadPoolExecutor.getTask(ThreadPoolExecutor.java:1070)
        at java.base@21.0.7/java.util.concurrent.ThreadPoolExecutor.runWorker(ThreadPoolExecutor.java:1130)
        at java.base@21.0.7/java.util.concurrent.ThreadPoolExecutor$Worker.run(ThreadPoolExecutor.java:642)
        at java.base@21.0.7/java.lang.Thread.runWith(Thread.java:1596)
        at java.base@21.0.7/java.lang.Thread.run(Thread.java:1583)
"om1-DirectoryDeletingService#0" daemon prio=5 tid=480 timed_waiting
java.lang.Thread.State: TIMED_WAITING
        at java.base@21.0.7/jdk.internal.misc.Unsafe.park(Native Method)
        at java.base@21.0.7/java.util.concurrent.locks.LockSupport.parkNanos(LockSupport.java:269)
        at java.base@21.0.7/java.util.concurrent.locks.AbstractQueuedSynchronizer$ConditionObject.awaitNanos(AbstractQueuedSynchronizer.java:1763)
        at java.base@21.0.7/java.util.concurrent.ScheduledThreadPoolExecutor$DelayedWorkQueue.take(ScheduledThreadPoolExecutor.java:1182)
        at java.base@21.0.7/java.util.concurrent.ScheduledThreadPoolExecutor$DelayedWorkQueue.take(ScheduledThreadPoolExecutor.java:899)
        at java.base@21.0.7/java.util.concurrent.ThreadPoolExecutor.getTask(ThreadPoolExecutor.java:1070)
        at java.base@21.0.7/java.util.concurrent.ThreadPoolExecutor.runWorker(ThreadPoolExecutor.java:1130)
        at java.base@21.0.7/java.util.concurrent.ThreadPoolExecutor$Worker.run(ThreadPoolExecutor.java:642)
        at java.base@21.0.7/java.lang.Thread.runWith(Thread.java:1596)
        at java.base@21.0.7/java.lang.Thread.run(Thread.java:1583)
"om1-DirectoryDeletingService#1" daemon prio=5 tid=484 in Object.wait()
java.lang.Thread.State: WAITING (on object monitor)
        at java.base@21.0.7/jdk.internal.misc.Unsafe.park(Native Method)
        at java.base@21.0.7/java.util.concurrent.locks.LockSupport.park(LockSupport.java:371)
        at java.base@21.0.7/java.util.concurrent.locks.AbstractQueuedSynchronizer$ConditionNode.block(AbstractQueuedSynchronizer.java:519)
        at java.base@21.0.7/java.util.concurrent.ForkJoinPool.unmanagedBlock(ForkJoinPool.java:3780)
        at java.base@21.0.7/java.util.concurrent.ForkJoinPool.managedBlock(ForkJoinPool.java:3725)
        at java.base@21.0.7/java.util.concurrent.locks.AbstractQueuedSynchronizer$ConditionObject.await(AbstractQueuedSynchronizer.java:1712)
        at java.base@21.0.7/java.util.concurrent.ScheduledThreadPoolExecutor$DelayedWorkQueue.take(ScheduledThreadPoolExecutor.java:1170)
        at java.base@21.0.7/java.util.concurrent.ScheduledThreadPoolExecutor$DelayedWorkQueue.take(ScheduledThreadPoolExecutor.java:899)
        at java.base@21.0.7/java.util.concurrent.ThreadPoolExecutor.getTask(ThreadPoolExecutor.java:1070)
        at java.base@21.0.7/java.util.concurrent.ThreadPoolExecutor.runWorker(ThreadPoolExecutor.java:1130)
        at java.base@21.0.7/java.util.concurrent.ThreadPoolExecutor$Worker.run(ThreadPoolExecutor.java:642)
        at java.base@21.0.7/java.lang.Thread.runWith(Thread.java:1596)
        at java.base@21.0.7/java.lang.Thread.run(Thread.java:1583)
"IPC Server handler 41 on default port 15000" daemon prio=5 tid=167 timed_waiting
java.lang.Thread.State: TIMED_WAITING
        at java.base@21.0.7/jdk.internal.misc.Unsafe.park(Native Method)
        at java.base@21.0.7/java.util.concurrent.locks.LockSupport.parkNanos(LockSupport.java:269)
        at java.base@21.0.7/java.util.concurrent.locks.AbstractQueuedSynchronizer$ConditionObject.awaitNanos(AbstractQueuedSynchronizer.java:1763)
        at java.base@21.0.7/java.util.concurrent.LinkedBlockingQueue.poll(LinkedBlockingQueue.java:460)
        at app//org.apache.hadoop.ipc.CallQueueManager.take(CallQueueManager.java:370)
        at app//org.apache.hadoop.ipc.Server$Handler.run(Server.java:3165)
"dacc202e-cd42-4a7a-b335-fe62dff69130-DatanodeReportManager-2" daemon prio=5 tid=666 in Object.wait()
java.lang.Thread.State: WAITING (on object monitor)
        at java.base@21.0.7/jdk.internal.misc.Unsafe.park(Native Method)
        at java.base@21.0.7/java.util.concurrent.locks.LockSupport.park(LockSupport.java:371)
        at java.base@21.0.7/java.util.concurrent.locks.AbstractQueuedSynchronizer$ConditionNode.block(AbstractQueuedSynchronizer.java:519)
        at java.base@21.0.7/java.util.concurrent.ForkJoinPool.unmanagedBlock(ForkJoinPool.java:3780)
        at java.base@21.0.7/java.util.concurrent.ForkJoinPool.managedBlock(ForkJoinPool.java:3725)
        at java.base@21.0.7/java.util.concurrent.locks.AbstractQueuedSynchronizer$ConditionObject.await(AbstractQueuedSynchronizer.java:1712)
        at java.base@21.0.7/java.util.concurrent.ScheduledThreadPoolExecutor$DelayedWorkQueue.take(ScheduledThreadPoolExecutor.java:1177)
        at java.base@21.0.7/java.util.concurrent.ScheduledThreadPoolExecutor$DelayedWorkQueue.take(ScheduledThreadPoolExecutor.java:899)
        at java.base@21.0.7/java.util.concurrent.ThreadPoolExecutor.getTask(ThreadPoolExecutor.java:1070)
        at java.base@21.0.7/java.util.concurrent.ThreadPoolExecutor.runWorker(ThreadPoolExecutor.java:1130)
        at java.base@21.0.7/java.util.concurrent.ThreadPoolExecutor$Worker.run(ThreadPoolExecutor.java:642)
        at java.base@21.0.7/java.lang.Thread.runWith(Thread.java:1596)
        at java.base@21.0.7/java.lang.Thread.run(Thread.java:1583)
"IPC Server handler 25 on default port 15002" daemon prio=5 tid=369 timed_waiting
java.lang.Thread.State: TIMED_WAITING
        at java.base@21.0.7/jdk.internal.misc.Unsafe.park(Native Method)
        at java.base@21.0.7/java.util.concurrent.locks.LockSupport.parkNanos(LockSupport.java:269)
        at java.base@21.0.7/java.util.concurrent.locks.AbstractQueuedSynchronizer$ConditionObject.awaitNanos(AbstractQueuedSynchronizer.java:1763)
        at java.base@21.0.7/java.util.concurrent.LinkedBlockingQueue.poll(LinkedBlockingQueue.java:460)
        at app//org.apache.hadoop.ipc.CallQueueManager.take(CallQueueManager.java:370)
        at app//org.apache.hadoop.ipc.Server$Handler.run(Server.java:3165)
"IPC Server listener on 15019" daemon prio=5 tid=587 runnable
java.lang.Thread.State: RUNNABLE
        at java.base@21.0.7/sun.nio.ch.EPoll.wait(Native Method)
        at java.base@21.0.7/sun.nio.ch.EPollSelectorImpl.doSelect(EPollSelectorImpl.java:121)
        at java.base@21.0.7/sun.nio.ch.SelectorImpl.lockAndDoSelect(SelectorImpl.java:130)
        at java.base@21.0.7/sun.nio.ch.SelectorImpl.select(SelectorImpl.java:147)
        at app//org.apache.hadoop.ipc.Server$Listener.run(Server.java:1559)
"IPC Server handler 62 on default port 15001" daemon prio=5 tid=288 timed_waiting
java.lang.Thread.State: TIMED_WAITING
        at java.base@21.0.7/jdk.internal.misc.Unsafe.park(Native Method)
        at java.base@21.0.7/java.util.concurrent.locks.LockSupport.parkNanos(LockSupport.java:269)
        at java.base@21.0.7/java.util.concurrent.locks.AbstractQueuedSynchronizer$ConditionObject.awaitNanos(AbstractQueuedSynchronizer.java:1763)
        at java.base@21.0.7/java.util.concurrent.LinkedBlockingQueue.poll(LinkedBlockingQueue.java:460)
        at app//org.apache.hadoop.ipc.CallQueueManager.take(CallQueueManager.java:370)
        at app//org.apache.hadoop.ipc.Server$Handler.run(Server.java:3165)
"dacc202e-cd42-4a7a-b335-fe62dff69130-ChunkWriter-2-0" daemon prio=5 tid=814 in Object.wait()
java.lang.Thread.State: WAITING (on object monitor)
        at java.base@21.0.7/jdk.internal.misc.Unsafe.park(Native Method)
        at java.base@21.0.7/java.util.concurrent.locks.LockSupport.park(LockSupport.java:371)
        at java.base@21.0.7/java.util.concurrent.locks.AbstractQueuedSynchronizer$ConditionNode.block(AbstractQueuedSynchronizer.java:519)
        at java.base@21.0.7/java.util.concurrent.ForkJoinPool.unmanagedBlock(ForkJoinPool.java:3780)
        at java.base@21.0.7/java.util.concurrent.ForkJoinPool.managedBlock(ForkJoinPool.java:3725)
        at java.base@21.0.7/java.util.concurrent.locks.AbstractQueuedSynchronizer$ConditionObject.await(AbstractQueuedSynchronizer.java:1712)
        at java.base@21.0.7/java.util.concurrent.LinkedBlockingDeque.takeFirst(LinkedBlockingDeque.java:485)
        at java.base@21.0.7/java.util.concurrent.LinkedBlockingDeque.take(LinkedBlockingDeque.java:673)
        at java.base@21.0.7/java.util.concurrent.ThreadPoolExecutor.getTask(ThreadPoolExecutor.java:1070)
        at java.base@21.0.7/java.util.concurrent.ThreadPoolExecutor.runWorker(ThreadPoolExecutor.java:1130)
        at java.base@21.0.7/java.util.concurrent.ThreadPoolExecutor$Worker.run(ThreadPoolExecutor.java:642)
        at java.base@21.0.7/java.lang.Thread.runWith(Thread.java:1596)
        at java.base@21.0.7/java.lang.Thread.run(Thread.java:1583)
"pool-169-thread-1"  prio=5 tid=677 timed_waiting
java.lang.Thread.State: TIMED_WAITING
        at java.base@21.0.7/jdk.internal.misc.Unsafe.park(Native Method)
        at java.base@21.0.7/java.util.concurrent.locks.LockSupport.parkNanos(LockSupport.java:269)
        at java.base@21.0.7/java.util.concurrent.locks.AbstractQueuedSynchronizer$ConditionObject.awaitNanos(AbstractQueuedSynchronizer.java:1763)
        at java.base@21.0.7/java.util.concurrent.ScheduledThreadPoolExecutor$DelayedWorkQueue.take(ScheduledThreadPoolExecutor.java:1182)
        at java.base@21.0.7/java.util.concurrent.ScheduledThreadPoolExecutor$DelayedWorkQueue.take(ScheduledThreadPoolExecutor.java:899)
        at java.base@21.0.7/java.util.concurrent.ThreadPoolExecutor.getTask(ThreadPoolExecutor.java:1070)
        at java.base@21.0.7/java.util.concurrent.ThreadPoolExecutor.runWorker(ThreadPoolExecutor.java:1130)
        at java.base@21.0.7/java.util.concurrent.ThreadPoolExecutor$Worker.run(ThreadPoolExecutor.java:642)
        at java.base@21.0.7/java.lang.Thread.runWith(Thread.java:1596)
        at java.base@21.0.7/java.lang.Thread.run(Thread.java:1583)
"IPC Server handler 1 on default port 15001" daemon prio=5 tid=227 timed_waiting
java.lang.Thread.State: TIMED_WAITING
        at java.base@21.0.7/jdk.internal.misc.Unsafe.park(Native Method)
        at java.base@21.0.7/java.util.concurrent.locks.LockSupport.parkNanos(LockSupport.java:269)
        at java.base@21.0.7/java.util.concurrent.locks.AbstractQueuedSynchronizer$ConditionObject.awaitNanos(AbstractQueuedSynchronizer.java:1763)
        at java.base@21.0.7/java.util.concurrent.LinkedBlockingQueue.poll(LinkedBlockingQueue.java:460)
        at app//org.apache.hadoop.ipc.CallQueueManager.take(CallQueueManager.java:370)
        at app//org.apache.hadoop.ipc.Server$Handler.run(Server.java:3165)
"IPC Server handler 9 on default port 15001" daemon prio=5 tid=235 timed_waiting
java.lang.Thread.State: TIMED_WAITING
        at java.base@21.0.7/jdk.internal.misc.Unsafe.park(Native Method)
        at java.base@21.0.7/java.util.concurrent.locks.LockSupport.parkNanos(LockSupport.java:269)
        at java.base@21.0.7/java.util.concurrent.locks.AbstractQueuedSynchronizer$ConditionObject.awaitNanos(AbstractQueuedSynchronizer.java:1763)
        at java.base@21.0.7/java.util.concurrent.LinkedBlockingQueue.poll(LinkedBlockingQueue.java:460)
        at app//org.apache.hadoop.ipc.CallQueueManager.take(CallQueueManager.java:370)
        at app//org.apache.hadoop.ipc.Server$Handler.run(Server.java:3165)
"IPC Server handler 2 on default port 15002" daemon prio=5 tid=346 timed_waiting
java.lang.Thread.State: TIMED_WAITING
        at java.base@21.0.7/jdk.internal.misc.Unsafe.park(Native Method)
        at java.base@21.0.7/java.util.concurrent.locks.LockSupport.parkNanos(LockSupport.java:269)
        at java.base@21.0.7/java.util.concurrent.locks.AbstractQueuedSynchronizer$ConditionObject.awaitNanos(AbstractQueuedSynchronizer.java:1763)
        at java.base@21.0.7/java.util.concurrent.LinkedBlockingQueue.poll(LinkedBlockingQueue.java:460)
        at app//org.apache.hadoop.ipc.CallQueueManager.take(CallQueueManager.java:370)
        at app//org.apache.hadoop.ipc.Server$Handler.run(Server.java:3165)
"78b7fabf-ca2a-4b70-8534-e46926e2083c-ChunkWriter-2-0" daemon prio=5 tid=852 in Object.wait()
java.lang.Thread.State: WAITING (on object monitor)
        at java.base@21.0.7/jdk.internal.misc.Unsafe.park(Native Method)
        at java.base@21.0.7/java.util.concurrent.locks.LockSupport.park(LockSupport.java:371)
        at java.base@21.0.7/java.util.concurrent.locks.AbstractQueuedSynchronizer$ConditionNode.block(AbstractQueuedSynchronizer.java:519)
        at java.base@21.0.7/java.util.concurrent.ForkJoinPool.unmanagedBlock(ForkJoinPool.java:3780)
        at java.base@21.0.7/java.util.concurrent.ForkJoinPool.managedBlock(ForkJoinPool.java:3725)
        at java.base@21.0.7/java.util.concurrent.locks.AbstractQueuedSynchronizer$ConditionObject.await(AbstractQueuedSynchronizer.java:1712)
        at java.base@21.0.7/java.util.concurrent.LinkedBlockingDeque.takeFirst(LinkedBlockingDeque.java:485)
        at java.base@21.0.7/java.util.concurrent.LinkedBlockingDeque.take(LinkedBlockingDeque.java:673)
        at java.base@21.0.7/java.util.concurrent.ThreadPoolExecutor.getTask(ThreadPoolExecutor.java:1070)
        at java.base@21.0.7/java.util.concurrent.ThreadPoolExecutor.runWorker(ThreadPoolExecutor.java:1130)
        at java.base@21.0.7/java.util.concurrent.ThreadPoolExecutor$Worker.run(ThreadPoolExecutor.java:642)
        at java.base@21.0.7/java.lang.Thread.runWith(Thread.java:1596)
        at java.base@21.0.7/java.lang.Thread.run(Thread.java:1583)
"2b1bfca1-1fdc-4b0a-9b4d-c21112718afa-ChunkWriter-3-0" daemon prio=5 tid=833 in Object.wait()
java.lang.Thread.State: WAITING (on object monitor)
        at java.base@21.0.7/jdk.internal.misc.Unsafe.park(Native Method)
        at java.base@21.0.7/java.util.concurrent.locks.LockSupport.park(LockSupport.java:371)
        at java.base@21.0.7/java.util.concurrent.locks.AbstractQueuedSynchronizer$ConditionNode.block(AbstractQueuedSynchronizer.java:519)
        at java.base@21.0.7/java.util.concurrent.ForkJoinPool.unmanagedBlock(ForkJoinPool.java:3780)
        at java.base@21.0.7/java.util.concurrent.ForkJoinPool.managedBlock(ForkJoinPool.java:3725)
        at java.base@21.0.7/java.util.concurrent.locks.AbstractQueuedSynchronizer$ConditionObject.await(AbstractQueuedSynchronizer.java:1712)
        at java.base@21.0.7/java.util.concurrent.LinkedBlockingDeque.takeFirst(LinkedBlockingDeque.java:485)
        at java.base@21.0.7/java.util.concurrent.LinkedBlockingDeque.take(LinkedBlockingDeque.java:673)
        at java.base@21.0.7/java.util.concurrent.ThreadPoolExecutor.getTask(ThreadPoolExecutor.java:1070)
        at java.base@21.0.7/java.util.concurrent.ThreadPoolExecutor.runWorker(ThreadPoolExecutor.java:1130)
        at java.base@21.0.7/java.util.concurrent.ThreadPoolExecutor$Worker.run(ThreadPoolExecutor.java:642)
        at java.base@21.0.7/java.lang.Thread.runWith(Thread.java:1596)
        at java.base@21.0.7/java.lang.Thread.run(Thread.java:1583)
"ForkJoinPool.commonPool-worker-2" daemon prio=5 tid=36 in Object.wait()
java.lang.Thread.State: WAITING (on object monitor)
        at java.base@21.0.7/jdk.internal.misc.Unsafe.park(Native Method)
        at java.base@21.0.7/java.util.concurrent.locks.LockSupport.park(LockSupport.java:371)
        at java.base@21.0.7/java.util.concurrent.ForkJoinPool.awaitWork(ForkJoinPool.java:1893)
        at java.base@21.0.7/java.util.concurrent.ForkJoinPool.runWorker(ForkJoinPool.java:1809)
        at java.base@21.0.7/java.util.concurrent.ForkJoinWorkerThread.run(ForkJoinWorkerThread.java:188)
"Socket Reader #10 for port 15043"  prio=5 tid=784 runnable
java.lang.Thread.State: RUNNABLE
        at java.base@21.0.7/sun.nio.ch.EPoll.wait(Native Method)
        at java.base@21.0.7/sun.nio.ch.EPollSelectorImpl.doSelect(EPollSelectorImpl.java:121)
        at java.base@21.0.7/sun.nio.ch.SelectorImpl.lockAndDoSelect(SelectorImpl.java:130)
        at java.base@21.0.7/sun.nio.ch.SelectorImpl.select(SelectorImpl.java:147)
        at app//org.apache.hadoop.ipc.Server$Listener$Reader.doRunLoop(Server.java:1497)
        at app//org.apache.hadoop.ipc.Server$Listener$Reader.run(Server.java:1476)
"EventQueue-PipelineReportForOneReplicaPipelineSafeModeRule" daemon prio=5 tid=771 in Object.wait()
java.lang.Thread.State: WAITING (on object monitor)
        at java.base@21.0.7/jdk.internal.misc.Unsafe.park(Native Method)
        at java.base@21.0.7/java.util.concurrent.locks.LockSupport.park(LockSupport.java:371)
        at java.base@21.0.7/java.util.concurrent.locks.AbstractQueuedSynchronizer$ConditionNode.block(AbstractQueuedSynchronizer.java:519)
        at java.base@21.0.7/java.util.concurrent.ForkJoinPool.unmanagedBlock(ForkJoinPool.java:3780)
        at java.base@21.0.7/java.util.concurrent.ForkJoinPool.managedBlock(ForkJoinPool.java:3725)
        at java.base@21.0.7/java.util.concurrent.locks.AbstractQueuedSynchronizer$ConditionObject.await(AbstractQueuedSynchronizer.java:1712)
        at java.base@21.0.7/java.util.concurrent.LinkedBlockingQueue.take(LinkedBlockingQueue.java:435)
        at java.base@21.0.7/java.util.concurrent.ThreadPoolExecutor.getTask(ThreadPoolExecutor.java:1070)
        at java.base@21.0.7/java.util.concurrent.ThreadPoolExecutor.runWorker(ThreadPoolExecutor.java:1130)
        at java.base@21.0.7/java.util.concurrent.ThreadPoolExecutor$Worker.run(ThreadPoolExecutor.java:642)
        at java.base@21.0.7/java.lang.Thread.runWith(Thread.java:1596)
        at java.base@21.0.7/java.lang.Thread.run(Thread.java:1583)
"dacc202e-cd42-4a7a-b335-fe62dff69130@group-F8F976EC3E9D-SegmentedRaftLogWorker" daemon prio=5 tid=938 timed_waiting
java.lang.Thread.State: TIMED_WAITING
        at java.base@21.0.7/jdk.internal.misc.Unsafe.park(Native Method)
        at java.base@21.0.7/java.util.concurrent.locks.LockSupport.parkNanos(LockSupport.java:269)
        at java.base@21.0.7/java.util.concurrent.locks.AbstractQueuedSynchronizer$ConditionObject.awaitNanos(AbstractQueuedSynchronizer.java:1763)
        at app//org.apache.ratis.util.DataBlockingQueue.poll(DataBlockingQueue.java:148)
        at app//org.apache.ratis.server.raftlog.segmented.SegmentedRaftLogWorker.run(SegmentedRaftLogWorker.java:307)
        at app//org.apache.ratis.server.raftlog.segmented.SegmentedRaftLogWorker$$Lambda/0x00007fe904381950.run(Unknown Source)
        at java.base@21.0.7/java.util.concurrent.Executors$RunnableAdapter.call(Executors.java:572)
        at java.base@21.0.7/java.util.concurrent.FutureTask.run(FutureTask.java:317)
        at java.base@21.0.7/java.util.concurrent.ThreadPoolExecutor.runWorker(ThreadPoolExecutor.java:1144)
        at java.base@21.0.7/java.util.concurrent.ThreadPoolExecutor$Worker.run(ThreadPoolExecutor.java:642)
        at java.base@21.0.7/java.lang.Thread.runWith(Thread.java:1596)
        at java.base@21.0.7/java.lang.Thread.run(Thread.java:1583)
"grpc-default-executor-4" daemon prio=5 tid=993 timed_waiting
java.lang.Thread.State: TIMED_WAITING
        at java.base@21.0.7/jdk.internal.misc.Unsafe.park(Native Method)
        at java.base@21.0.7/java.util.concurrent.locks.LockSupport.parkNanos(LockSupport.java:410)
        at java.base@21.0.7/java.util.concurrent.LinkedTransferQueue$DualNode.await(LinkedTransferQueue.java:452)
        at java.base@21.0.7/java.util.concurrent.SynchronousQueue$Transferer.xferLifo(SynchronousQueue.java:194)
        at java.base@21.0.7/java.util.concurrent.SynchronousQueue.xfer(SynchronousQueue.java:235)
        at java.base@21.0.7/java.util.concurrent.SynchronousQueue.poll(SynchronousQueue.java:338)
        at java.base@21.0.7/java.util.concurrent.ThreadPoolExecutor.getTask(ThreadPoolExecutor.java:1069)
        at java.base@21.0.7/java.util.concurrent.ThreadPoolExecutor.runWorker(ThreadPoolExecutor.java:1130)
        at java.base@21.0.7/java.util.concurrent.ThreadPoolExecutor$Worker.run(ThreadPoolExecutor.java:642)
        at java.base@21.0.7/java.lang.Thread.runWith(Thread.java:1596)
        at java.base@21.0.7/java.lang.Thread.run(Thread.java:1583)
"IPC Server handler 65 on default port 15002" daemon prio=5 tid=409 timed_waiting
java.lang.Thread.State: TIMED_WAITING
        at java.base@21.0.7/jdk.internal.misc.Unsafe.park(Native Method)
        at java.base@21.0.7/java.util.concurrent.locks.LockSupport.parkNanos(LockSupport.java:269)
        at java.base@21.0.7/java.util.concurrent.locks.AbstractQueuedSynchronizer$ConditionObject.awaitNanos(AbstractQueuedSynchronizer.java:1763)
        at java.base@21.0.7/java.util.concurrent.LinkedBlockingQueue.poll(LinkedBlockingQueue.java:460)
        at app//org.apache.hadoop.ipc.CallQueueManager.take(CallQueueManager.java:370)
        at app//org.apache.hadoop.ipc.Server$Handler.run(Server.java:3165)
"Socket Reader #5 for port 15035"  prio=5 tid=724 runnable
java.lang.Thread.State: RUNNABLE
        at java.base@21.0.7/sun.nio.ch.EPoll.wait(Native Method)
        at java.base@21.0.7/sun.nio.ch.EPollSelectorImpl.doSelect(EPollSelectorImpl.java:121)
        at java.base@21.0.7/sun.nio.ch.SelectorImpl.lockAndDoSelect(SelectorImpl.java:130)
        at java.base@21.0.7/sun.nio.ch.SelectorImpl.select(SelectorImpl.java:147)
        at app//org.apache.hadoop.ipc.Server$Listener$Reader.doRunLoop(Server.java:1497)
        at app//org.apache.hadoop.ipc.Server$Listener$Reader.run(Server.java:1476)
"grpc-default-boss-ELG-4-1" daemon prio=5 tid=122 runnable
java.lang.Thread.State: RUNNABLE
        at app//org.apache.ratis.thirdparty.io.netty.channel.epoll.Native.epollWait(Native Method)
        at app//org.apache.ratis.thirdparty.io.netty.channel.epoll.Native.epollWait(Native.java:220)
        at app//org.apache.ratis.thirdparty.io.netty.channel.epoll.Native.epollWait(Native.java:213)
        at app//org.apache.ratis.thirdparty.io.netty.channel.epoll.EpollEventLoop.epollWaitNoTimerChange(EpollEventLoop.java:308)
        at app//org.apache.ratis.thirdparty.io.netty.channel.epoll.EpollEventLoop.run(EpollEventLoop.java:365)
        at app//org.apache.ratis.thirdparty.io.netty.util.concurrent.SingleThreadEventExecutor$4.run(SingleThreadEventExecutor.java:997)
        at app//org.apache.ratis.thirdparty.io.netty.util.internal.ThreadExecutorMap$2.run(ThreadExecutorMap.java:74)
        at app//org.apache.ratis.thirdparty.io.netty.util.concurrent.FastThreadLocalRunnable.run(FastThreadLocalRunnable.java:30)
        at java.base@21.0.7/java.lang.Thread.runWith(Thread.java:1596)
        at java.base@21.0.7/java.lang.Thread.run(Thread.java:1583)
"78b7fabf-ca2a-4b70-8534-e46926e2083c-EndpointStateMachineTaskThread-/0.0.0.0:15002-0 "  prio=5 tid=843 in Object.wait()
java.lang.Thread.State: WAITING (on object monitor)
        at java.base@21.0.7/jdk.internal.misc.Unsafe.park(Native Method)
        at java.base@21.0.7/java.util.concurrent.locks.LockSupport.park(LockSupport.java:371)
        at java.base@21.0.7/java.util.concurrent.locks.AbstractQueuedSynchronizer$ConditionNode.block(AbstractQueuedSynchronizer.java:519)
        at java.base@21.0.7/java.util.concurrent.ForkJoinPool.unmanagedBlock(ForkJoinPool.java:3780)
        at java.base@21.0.7/java.util.concurrent.ForkJoinPool.managedBlock(ForkJoinPool.java:3725)
        at java.base@21.0.7/java.util.concurrent.locks.AbstractQueuedSynchronizer$ConditionObject.await(AbstractQueuedSynchronizer.java:1712)
        at java.base@21.0.7/java.util.concurrent.LinkedBlockingQueue.take(LinkedBlockingQueue.java:435)
        at java.base@21.0.7/java.util.concurrent.ThreadPoolExecutor.getTask(ThreadPoolExecutor.java:1070)
        at java.base@21.0.7/java.util.concurrent.ThreadPoolExecutor.runWorker(ThreadPoolExecutor.java:1130)
        at java.base@21.0.7/java.util.concurrent.ThreadPoolExecutor$Worker.run(ThreadPoolExecutor.java:642)
        at java.base@21.0.7/java.lang.Thread.runWith(Thread.java:1596)
        at java.base@21.0.7/java.lang.Thread.run(Thread.java:1583)
"Session-HouseKeeper-5a20f793-1"  prio=5 tid=337 timed_waiting
java.lang.Thread.State: TIMED_WAITING
        at java.base@21.0.7/jdk.internal.misc.Unsafe.park(Native Method)
        at java.base@21.0.7/java.util.concurrent.locks.LockSupport.parkNanos(LockSupport.java:269)
        at java.base@21.0.7/java.util.concurrent.locks.AbstractQueuedSynchronizer$ConditionObject.awaitNanos(AbstractQueuedSynchronizer.java:1763)
        at java.base@21.0.7/java.util.concurrent.ScheduledThreadPoolExecutor$DelayedWorkQueue.take(ScheduledThreadPoolExecutor.java:1182)
        at java.base@21.0.7/java.util.concurrent.ScheduledThreadPoolExecutor$DelayedWorkQueue.take(ScheduledThreadPoolExecutor.java:899)
        at java.base@21.0.7/java.util.concurrent.ThreadPoolExecutor.getTask(ThreadPoolExecutor.java:1070)
        at java.base@21.0.7/java.util.concurrent.ThreadPoolExecutor.runWorker(ThreadPoolExecutor.java:1130)
        at java.base@21.0.7/java.util.concurrent.ThreadPoolExecutor$Worker.run(ThreadPoolExecutor.java:642)
        at java.base@21.0.7/java.lang.Thread.runWith(Thread.java:1596)
        at java.base@21.0.7/java.lang.Thread.run(Thread.java:1583)
"IPC Server handler 3 on default port 15000" daemon prio=5 tid=129 timed_waiting
java.lang.Thread.State: TIMED_WAITING
        at java.base@21.0.7/jdk.internal.misc.Unsafe.park(Native Method)
        at java.base@21.0.7/java.util.concurrent.locks.LockSupport.parkNanos(LockSupport.java:269)
        at java.base@21.0.7/java.util.concurrent.locks.AbstractQueuedSynchronizer$ConditionObject.awaitNanos(AbstractQueuedSynchronizer.java:1763)
        at java.base@21.0.7/java.util.concurrent.LinkedBlockingQueue.poll(LinkedBlockingQueue.java:460)
        at app//org.apache.hadoop.ipc.CallQueueManager.take(CallQueueManager.java:370)
        at app//org.apache.hadoop.ipc.Server$Handler.run(Server.java:3165)
"IPC Server handler 81 on default port 15002" daemon prio=5 tid=425 timed_waiting
java.lang.Thread.State: TIMED_WAITING
        at java.base@21.0.7/jdk.internal.misc.Unsafe.park(Native Method)
        at java.base@21.0.7/java.util.concurrent.locks.LockSupport.parkNanos(LockSupport.java:269)
        at java.base@21.0.7/java.util.concurrent.locks.AbstractQueuedSynchronizer$ConditionObject.awaitNanos(AbstractQueuedSynchronizer.java:1763)
        at java.base@21.0.7/java.util.concurrent.LinkedBlockingQueue.poll(LinkedBlockingQueue.java:460)
        at app//org.apache.hadoop.ipc.CallQueueManager.take(CallQueueManager.java:370)
        at app//org.apache.hadoop.ipc.Server$Handler.run(Server.java:3165)
"Socket Reader #9 for port 15043"  prio=5 tid=783 runnable
java.lang.Thread.State: RUNNABLE
        at java.base@21.0.7/sun.nio.ch.EPoll.wait(Native Method)
        at java.base@21.0.7/sun.nio.ch.EPollSelectorImpl.doSelect(EPollSelectorImpl.java:121)
        at java.base@21.0.7/sun.nio.ch.SelectorImpl.lockAndDoSelect(SelectorImpl.java:130)
        at java.base@21.0.7/sun.nio.ch.SelectorImpl.select(SelectorImpl.java:147)
        at app//org.apache.hadoop.ipc.Server$Listener$Reader.doRunLoop(Server.java:1497)
        at app//org.apache.hadoop.ipc.Server$Listener$Reader.run(Server.java:1476)
"dacc202e-cd42-4a7a-b335-fe62dff69130-PipelineCommandHandlerThread-0"  prio=5 tid=932 in Object.wait()
java.lang.Thread.State: WAITING (on object monitor)
        at java.base@21.0.7/jdk.internal.misc.Unsafe.park(Native Method)
        at java.base@21.0.7/java.util.concurrent.locks.LockSupport.park(LockSupport.java:371)
        at java.base@21.0.7/java.util.concurrent.locks.AbstractQueuedSynchronizer$ConditionNode.block(AbstractQueuedSynchronizer.java:519)
        at java.base@21.0.7/java.util.concurrent.ForkJoinPool.unmanagedBlock(ForkJoinPool.java:3780)
        at java.base@21.0.7/java.util.concurrent.ForkJoinPool.managedBlock(ForkJoinPool.java:3725)
        at java.base@21.0.7/java.util.concurrent.locks.AbstractQueuedSynchronizer$ConditionObject.await(AbstractQueuedSynchronizer.java:1712)
        at java.base@21.0.7/java.util.concurrent.LinkedBlockingQueue.take(LinkedBlockingQueue.java:435)
        at java.base@21.0.7/java.util.concurrent.ThreadPoolExecutor.getTask(ThreadPoolExecutor.java:1070)
        at java.base@21.0.7/java.util.concurrent.ThreadPoolExecutor.runWorker(ThreadPoolExecutor.java:1130)
        at java.base@21.0.7/java.util.concurrent.ThreadPoolExecutor$Worker.run(ThreadPoolExecutor.java:642)
        at java.base@21.0.7/java.lang.Thread.runWith(Thread.java:1596)
        at java.base@21.0.7/java.lang.Thread.run(Thread.java:1583)
"IPC Server handler 74 on default port 15000" daemon prio=5 tid=200 timed_waiting
java.lang.Thread.State: TIMED_WAITING
        at java.base@21.0.7/jdk.internal.misc.Unsafe.park(Native Method)
        at java.base@21.0.7/java.util.concurrent.locks.LockSupport.parkNanos(LockSupport.java:269)
        at java.base@21.0.7/java.util.concurrent.locks.AbstractQueuedSynchronizer$ConditionObject.awaitNanos(AbstractQueuedSynchronizer.java:1763)
        at java.base@21.0.7/java.util.concurrent.LinkedBlockingQueue.poll(LinkedBlockingQueue.java:460)
        at app//org.apache.hadoop.ipc.CallQueueManager.take(CallQueueManager.java:370)
        at app//org.apache.hadoop.ipc.Server$Handler.run(Server.java:3165)
"EventQueue-ContainerRegistrationReportForRatisContainerSafeModeRule" daemon prio=5 tid=767 in Object.wait()
java.lang.Thread.State: WAITING (on object monitor)
        at java.base@21.0.7/jdk.internal.misc.Unsafe.park(Native Method)
        at java.base@21.0.7/java.util.concurrent.locks.LockSupport.park(LockSupport.java:371)
        at java.base@21.0.7/java.util.concurrent.locks.AbstractQueuedSynchronizer$ConditionNode.block(AbstractQueuedSynchronizer.java:519)
        at java.base@21.0.7/java.util.concurrent.ForkJoinPool.unmanagedBlock(ForkJoinPool.java:3780)
        at java.base@21.0.7/java.util.concurrent.ForkJoinPool.managedBlock(ForkJoinPool.java:3725)
        at java.base@21.0.7/java.util.concurrent.locks.AbstractQueuedSynchronizer$ConditionObject.await(AbstractQueuedSynchronizer.java:1712)
        at java.base@21.0.7/java.util.concurrent.LinkedBlockingQueue.take(LinkedBlockingQueue.java:435)
        at java.base@21.0.7/java.util.concurrent.ThreadPoolExecutor.getTask(ThreadPoolExecutor.java:1070)
        at java.base@21.0.7/java.util.concurrent.ThreadPoolExecutor.runWorker(ThreadPoolExecutor.java:1130)
        at java.base@21.0.7/java.util.concurrent.ThreadPoolExecutor$Worker.run(ThreadPoolExecutor.java:642)
        at java.base@21.0.7/java.lang.Thread.runWith(Thread.java:1596)
        at java.base@21.0.7/java.lang.Thread.run(Thread.java:1583)
"IPC Server handler 29 on default port 15000" daemon prio=5 tid=155 timed_waiting
java.lang.Thread.State: TIMED_WAITING
        at java.base@21.0.7/jdk.internal.misc.Unsafe.park(Native Method)
        at java.base@21.0.7/java.util.concurrent.locks.LockSupport.parkNanos(LockSupport.java:269)
        at java.base@21.0.7/java.util.concurrent.locks.AbstractQueuedSynchronizer$ConditionObject.awaitNanos(AbstractQueuedSynchronizer.java:1763)
        at java.base@21.0.7/java.util.concurrent.LinkedBlockingQueue.poll(LinkedBlockingQueue.java:460)
        at app//org.apache.hadoop.ipc.CallQueueManager.take(CallQueueManager.java:370)
        at app//org.apache.hadoop.ipc.Server$Handler.run(Server.java:3165)
"IPC Server handler 70 on default port 15000" daemon prio=5 tid=196 timed_waiting
java.lang.Thread.State: TIMED_WAITING
        at java.base@21.0.7/jdk.internal.misc.Unsafe.park(Native Method)
        at java.base@21.0.7/java.util.concurrent.locks.LockSupport.parkNanos(LockSupport.java:269)
        at java.base@21.0.7/java.util.concurrent.locks.AbstractQueuedSynchronizer$ConditionObject.awaitNanos(AbstractQueuedSynchronizer.java:1763)
        at java.base@21.0.7/java.util.concurrent.LinkedBlockingQueue.poll(LinkedBlockingQueue.java:460)
        at app//org.apache.hadoop.ipc.CallQueueManager.take(CallQueueManager.java:370)
        at app//org.apache.hadoop.ipc.Server$Handler.run(Server.java:3165)
"IPC Server handler 4 on default port 15001" daemon prio=5 tid=230 timed_waiting
java.lang.Thread.State: TIMED_WAITING
        at java.base@21.0.7/jdk.internal.misc.Unsafe.park(Native Method)
        at java.base@21.0.7/java.util.concurrent.locks.LockSupport.parkNanos(LockSupport.java:269)
        at java.base@21.0.7/java.util.concurrent.locks.AbstractQueuedSynchronizer$ConditionObject.awaitNanos(AbstractQueuedSynchronizer.java:1763)
        at java.base@21.0.7/java.util.concurrent.LinkedBlockingQueue.poll(LinkedBlockingQueue.java:460)
        at app//org.apache.hadoop.ipc.CallQueueManager.take(CallQueueManager.java:370)
        at app//org.apache.hadoop.ipc.Server$Handler.run(Server.java:3165)
"IPC Server handler 79 on default port 15002" daemon prio=5 tid=423 timed_waiting
java.lang.Thread.State: TIMED_WAITING
        at java.base@21.0.7/jdk.internal.misc.Unsafe.park(Native Method)
        at java.base@21.0.7/java.util.concurrent.locks.LockSupport.parkNanos(LockSupport.java:269)
        at java.base@21.0.7/java.util.concurrent.locks.AbstractQueuedSynchronizer$ConditionObject.awaitNanos(AbstractQueuedSynchronizer.java:1763)
        at java.base@21.0.7/java.util.concurrent.LinkedBlockingQueue.poll(LinkedBlockingQueue.java:460)
        at app//org.apache.hadoop.ipc.CallQueueManager.take(CallQueueManager.java:370)
        at app//org.apache.hadoop.ipc.Server$Handler.run(Server.java:3165)
"IPC Server handler 40 on default port 15000" daemon prio=5 tid=166 timed_waiting
java.lang.Thread.State: TIMED_WAITING
        at java.base@21.0.7/jdk.internal.misc.Unsafe.park(Native Method)
        at java.base@21.0.7/java.util.concurrent.locks.LockSupport.parkNanos(LockSupport.java:269)
        at java.base@21.0.7/java.util.concurrent.locks.AbstractQueuedSynchronizer$ConditionObject.awaitNanos(AbstractQueuedSynchronizer.java:1763)
        at java.base@21.0.7/java.util.concurrent.LinkedBlockingQueue.poll(LinkedBlockingQueue.java:460)
        at app//org.apache.hadoop.ipc.CallQueueManager.take(CallQueueManager.java:370)
        at app//org.apache.hadoop.ipc.Server$Handler.run(Server.java:3165)
"timer1" daemon prio=5 tid=995 timed_waiting
java.lang.Thread.State: TIMED_WAITING
        at java.base@21.0.7/java.lang.Object.wait0(Native Method)
        at java.base@21.0.7/java.lang.Object.wait(Object.java:366)
        at java.base@21.0.7/java.util.TimerThread.mainLoop(Timer.java:563)
        at java.base@21.0.7/java.util.TimerThread.run(Timer.java:516)
"IPC Server handler 92 on default port 15000" daemon prio=5 tid=218 timed_waiting
java.lang.Thread.State: TIMED_WAITING
        at java.base@21.0.7/jdk.internal.misc.Unsafe.park(Native Method)
        at java.base@21.0.7/java.util.concurrent.locks.LockSupport.parkNanos(LockSupport.java:269)
        at java.base@21.0.7/java.util.concurrent.locks.AbstractQueuedSynchronizer$ConditionObject.awaitNanos(AbstractQueuedSynchronizer.java:1763)
        at java.base@21.0.7/java.util.concurrent.LinkedBlockingQueue.poll(LinkedBlockingQueue.java:460)
        at app//org.apache.hadoop.ipc.CallQueueManager.take(CallQueueManager.java:370)
        at app//org.apache.hadoop.ipc.Server$Handler.run(Server.java:3165)
"IPC Server handler 92 on default port 15001" daemon prio=5 tid=318 timed_waiting
java.lang.Thread.State: TIMED_WAITING
        at java.base@21.0.7/jdk.internal.misc.Unsafe.park(Native Method)
        at java.base@21.0.7/java.util.concurrent.locks.LockSupport.parkNanos(LockSupport.java:269)
        at java.base@21.0.7/java.util.concurrent.locks.AbstractQueuedSynchronizer$ConditionObject.awaitNanos(AbstractQueuedSynchronizer.java:1763)
        at java.base@21.0.7/java.util.concurrent.LinkedBlockingQueue.poll(LinkedBlockingQueue.java:460)
        at app//org.apache.hadoop.ipc.CallQueueManager.take(CallQueueManager.java:370)
        at app//org.apache.hadoop.ipc.Server$Handler.run(Server.java:3165)
"qtp2014583896-330" daemon prio=5 tid=330 runnable
java.lang.Thread.State: RUNNABLE
        at java.base@21.0.7/sun.nio.ch.EPoll.wait(Native Method)
        at java.base@21.0.7/sun.nio.ch.EPollSelectorImpl.doSelect(EPollSelectorImpl.java:121)
        at java.base@21.0.7/sun.nio.ch.SelectorImpl.lockAndDoSelect(SelectorImpl.java:130)
        at java.base@21.0.7/sun.nio.ch.SelectorImpl.select(SelectorImpl.java:147)
        at app//org.eclipse.jetty.io.ManagedSelector.nioSelect(ManagedSelector.java:183)
        at app//org.eclipse.jetty.io.ManagedSelector.select(ManagedSelector.java:190)
        at app//org.eclipse.jetty.io.ManagedSelector$SelectorProducer.select(ManagedSelector.java:606)
        at app//org.eclipse.jetty.io.ManagedSelector$SelectorProducer.produce(ManagedSelector.java:543)
        at app//org.eclipse.jetty.util.thread.strategy.EatWhatYouKill.produceTask(EatWhatYouKill.java:362)
        at app//org.eclipse.jetty.util.thread.strategy.EatWhatYouKill.doProduce(EatWhatYouKill.java:186)
        at app//org.eclipse.jetty.util.thread.strategy.EatWhatYouKill.tryProduce(EatWhatYouKill.java:173)
        at app//org.eclipse.jetty.util.thread.strategy.EatWhatYouKill.produce(EatWhatYouKill.java:137)
        at app//org.eclipse.jetty.io.ManagedSelector$$Lambda/0x00007fe9046a5948.run(Unknown Source)
        at app//org.eclipse.jetty.util.thread.QueuedThreadPool.runJob(QueuedThreadPool.java:883)
        at app//org.eclipse.jetty.util.thread.QueuedThreadPool$Runner.run(QueuedThreadPool.java:1034)
        at java.base@21.0.7/java.lang.Thread.runWith(Thread.java:1596)
        at java.base@21.0.7/java.lang.Thread.run(Thread.java:1583)
"IPC Server handler 80 on default port 15001" daemon prio=5 tid=306 timed_waiting
java.lang.Thread.State: TIMED_WAITING
        at java.base@21.0.7/jdk.internal.misc.Unsafe.park(Native Method)
        at java.base@21.0.7/java.util.concurrent.locks.LockSupport.parkNanos(LockSupport.java:269)
        at java.base@21.0.7/java.util.concurrent.locks.AbstractQueuedSynchronizer$ConditionObject.awaitNanos(AbstractQueuedSynchronizer.java:1763)
        at java.base@21.0.7/java.util.concurrent.LinkedBlockingQueue.poll(LinkedBlockingQueue.java:460)
        at app//org.apache.hadoop.ipc.CallQueueManager.take(CallQueueManager.java:370)
        at app//org.apache.hadoop.ipc.Server$Handler.run(Server.java:3165)
"IPC Server handler 17 on default port 15000" daemon prio=5 tid=143 timed_waiting
java.lang.Thread.State: TIMED_WAITING
        at java.base@21.0.7/jdk.internal.misc.Unsafe.park(Native Method)
        at java.base@21.0.7/java.util.concurrent.locks.LockSupport.parkNanos(LockSupport.java:269)
        at java.base@21.0.7/java.util.concurrent.locks.AbstractQueuedSynchronizer$ConditionObject.awaitNanos(AbstractQueuedSynchronizer.java:1763)
        at java.base@21.0.7/java.util.concurrent.LinkedBlockingQueue.poll(LinkedBlockingQueue.java:460)
        at app//org.apache.hadoop.ipc.CallQueueManager.take(CallQueueManager.java:370)
        at app//org.apache.hadoop.ipc.Server$Handler.run(Server.java:3165)
"IPC Server handler 25 on default port 15000" daemon prio=5 tid=151 timed_waiting
java.lang.Thread.State: TIMED_WAITING
        at java.base@21.0.7/jdk.internal.misc.Unsafe.park(Native Method)
        at java.base@21.0.7/java.util.concurrent.locks.LockSupport.parkNanos(LockSupport.java:269)
        at java.base@21.0.7/java.util.concurrent.locks.AbstractQueuedSynchronizer$ConditionObject.awaitNanos(AbstractQueuedSynchronizer.java:1763)
        at java.base@21.0.7/java.util.concurrent.LinkedBlockingQueue.poll(LinkedBlockingQueue.java:460)
        at app//org.apache.hadoop.ipc.CallQueueManager.take(CallQueueManager.java:370)
        at app//org.apache.hadoop.ipc.Server$Handler.run(Server.java:3165)
"qtp1044130468-585" daemon prio=5 tid=585 timed_waiting
java.lang.Thread.State: TIMED_WAITING
        at java.base@21.0.7/jdk.internal.misc.Unsafe.park(Native Method)
        at java.base@21.0.7/java.util.concurrent.locks.LockSupport.parkNanos(LockSupport.java:269)
        at java.base@21.0.7/java.util.concurrent.locks.AbstractQueuedSynchronizer$ConditionObject.awaitNanos(AbstractQueuedSynchronizer.java:1763)
        at app//org.eclipse.jetty.util.BlockingArrayQueue.poll(BlockingArrayQueue.java:382)
        at app//org.eclipse.jetty.util.thread.QueuedThreadPool$Runner.idleJobPoll(QueuedThreadPool.java:974)
        at app//org.eclipse.jetty.util.thread.QueuedThreadPool$Runner.run(QueuedThreadPool.java:1018)
        at java.base@21.0.7/java.lang.Thread.runWith(Thread.java:1596)
        at java.base@21.0.7/java.lang.Thread.run(Thread.java:1583)
"dacc202e-cd42-4a7a-b335-fe62dff69130@group-F8F976EC3E9D-StateMachineUpdater" daemon prio=5 tid=940 timed_waiting
java.lang.Thread.State: TIMED_WAITING
        at java.base@21.0.7/jdk.internal.misc.Unsafe.park(Native Method)
        at java.base@21.0.7/java.util.concurrent.locks.LockSupport.parkNanos(LockSupport.java:269)
        at java.base@21.0.7/java.util.concurrent.locks.AbstractQueuedSynchronizer$ConditionObject.await(AbstractQueuedSynchronizer.java:1852)
        at app//org.apache.ratis.util.AwaitForSignal.await(AwaitForSignal.java:65)
        at app//org.apache.ratis.server.impl.StateMachineUpdater.waitForCommit(StateMachineUpdater.java:219)
        at app//org.apache.ratis.server.impl.StateMachineUpdater.run(StateMachineUpdater.java:187)
        at java.base@21.0.7/java.lang.Thread.runWith(Thread.java:1596)
        at java.base@21.0.7/java.lang.Thread.run(Thread.java:1583)
"qtp207012443-624" daemon prio=5 tid=624 runnable
java.lang.Thread.State: RUNNABLE
        at java.base@21.0.7/sun.nio.ch.EPoll.wait(Native Method)
        at java.base@21.0.7/sun.nio.ch.EPollSelectorImpl.doSelect(EPollSelectorImpl.java:121)
        at java.base@21.0.7/sun.nio.ch.SelectorImpl.lockAndDoSelect(SelectorImpl.java:130)
        at java.base@21.0.7/sun.nio.ch.SelectorImpl.select(SelectorImpl.java:147)
        at app//org.eclipse.jetty.io.ManagedSelector.nioSelect(ManagedSelector.java:183)
        at app//org.eclipse.jetty.io.ManagedSelector.select(ManagedSelector.java:190)
        at app//org.eclipse.jetty.io.ManagedSelector$SelectorProducer.select(ManagedSelector.java:606)
        at app//org.eclipse.jetty.io.ManagedSelector$SelectorProducer.produce(ManagedSelector.java:543)
        at app//org.eclipse.jetty.util.thread.strategy.EatWhatYouKill.produceTask(EatWhatYouKill.java:362)
        at app//org.eclipse.jetty.util.thread.strategy.EatWhatYouKill.doProduce(EatWhatYouKill.java:186)
        at app//org.eclipse.jetty.util.thread.strategy.EatWhatYouKill.tryProduce(EatWhatYouKill.java:173)
        at app//org.eclipse.jetty.util.thread.strategy.EatWhatYouKill.produce(EatWhatYouKill.java:137)
        at app//org.eclipse.jetty.io.ManagedSelector$$Lambda/0x00007fe9046a5948.run(Unknown Source)
        at app//org.eclipse.jetty.util.thread.QueuedThreadPool.runJob(QueuedThreadPool.java:883)
        at app//org.eclipse.jetty.util.thread.QueuedThreadPool$Runner.run(QueuedThreadPool.java:1034)
        at java.base@21.0.7/java.lang.Thread.runWith(Thread.java:1596)
        at java.base@21.0.7/java.lang.Thread.run(Thread.java:1583)
"78b7fabf-ca2a-4b70-8534-e46926e2083c-ChunkWriter-3-0" daemon prio=5 tid=853 in Object.wait()
java.lang.Thread.State: WAITING (on object monitor)
        at java.base@21.0.7/jdk.internal.misc.Unsafe.park(Native Method)
        at java.base@21.0.7/java.util.concurrent.locks.LockSupport.park(LockSupport.java:371)
        at java.base@21.0.7/java.util.concurrent.locks.AbstractQueuedSynchronizer$ConditionNode.block(AbstractQueuedSynchronizer.java:519)
        at java.base@21.0.7/java.util.concurrent.ForkJoinPool.unmanagedBlock(ForkJoinPool.java:3780)
        at java.base@21.0.7/java.util.concurrent.ForkJoinPool.managedBlock(ForkJoinPool.java:3725)
        at java.base@21.0.7/java.util.concurrent.locks.AbstractQueuedSynchronizer$ConditionObject.await(AbstractQueuedSynchronizer.java:1712)
        at java.base@21.0.7/java.util.concurrent.LinkedBlockingDeque.takeFirst(LinkedBlockingDeque.java:485)
        at java.base@21.0.7/java.util.concurrent.LinkedBlockingDeque.take(LinkedBlockingDeque.java:673)
        at java.base@21.0.7/java.util.concurrent.ThreadPoolExecutor.getTask(ThreadPoolExecutor.java:1070)
        at java.base@21.0.7/java.util.concurrent.ThreadPoolExecutor.runWorker(ThreadPoolExecutor.java:1130)
        at java.base@21.0.7/java.util.concurrent.ThreadPoolExecutor$Worker.run(ThreadPoolExecutor.java:642)
        at java.base@21.0.7/java.lang.Thread.runWith(Thread.java:1596)
        at java.base@21.0.7/java.lang.Thread.run(Thread.java:1583)
"JvmPauseMonitor7" daemon prio=5 tid=854 timed_waiting
java.lang.Thread.State: TIMED_WAITING
        at java.base@21.0.7/java.lang.Thread.sleep0(Native Method)
        at java.base@21.0.7/java.lang.Thread.sleep(Thread.java:558)
        at java.base@21.0.7/java.util.concurrent.TimeUnit.sleep(TimeUnit.java:446)
        at app//org.apache.ratis.util.TimeDuration.sleep(TimeDuration.java:353)
        at app//org.apache.ratis.util.TimeDuration.sleep(TimeDuration.java:338)
        at app//org.apache.ratis.util.JvmPauseMonitor.detectPause(JvmPauseMonitor.java:160)
        at app//org.apache.ratis.util.JvmPauseMonitor.run(JvmPauseMonitor.java:149)
        at app//org.apache.ratis.util.JvmPauseMonitor$$Lambda/0x00007fe90439a488.run(Unknown Source)
        at java.base@21.0.7/java.lang.Thread.runWith(Thread.java:1596)
        at java.base@21.0.7/java.lang.Thread.run(Thread.java:1583)
"EventQueue-NodeRegistrationContainerReportForDataNodeSafeModeRule" daemon prio=5 tid=766 in Object.wait()
java.lang.Thread.State: WAITING (on object monitor)
        at java.base@21.0.7/jdk.internal.misc.Unsafe.park(Native Method)
        at java.base@21.0.7/java.util.concurrent.locks.LockSupport.park(LockSupport.java:371)
        at java.base@21.0.7/java.util.concurrent.locks.AbstractQueuedSynchronizer$ConditionNode.block(AbstractQueuedSynchronizer.java:519)
        at java.base@21.0.7/java.util.concurrent.ForkJoinPool.unmanagedBlock(ForkJoinPool.java:3780)
        at java.base@21.0.7/java.util.concurrent.ForkJoinPool.managedBlock(ForkJoinPool.java:3725)
        at java.base@21.0.7/java.util.concurrent.locks.AbstractQueuedSynchronizer$ConditionObject.await(AbstractQueuedSynchronizer.java:1712)
        at java.base@21.0.7/java.util.concurrent.LinkedBlockingQueue.take(LinkedBlockingQueue.java:435)
        at java.base@21.0.7/java.util.concurrent.ThreadPoolExecutor.getTask(ThreadPoolExecutor.java:1070)
        at java.base@21.0.7/java.util.concurrent.ThreadPoolExecutor.runWorker(ThreadPoolExecutor.java:1130)
        at java.base@21.0.7/java.util.concurrent.ThreadPoolExecutor$Worker.run(ThreadPoolExecutor.java:642)
        at java.base@21.0.7/java.lang.Thread.runWith(Thread.java:1596)
        at java.base@21.0.7/java.lang.Thread.run(Thread.java:1583)
"78b7fabf-ca2a-4b70-8534-e46926e2083c-ChunkWriter-0-0" daemon prio=5 tid=850 in Object.wait()
java.lang.Thread.State: WAITING (on object monitor)
        at java.base@21.0.7/jdk.internal.misc.Unsafe.park(Native Method)
        at java.base@21.0.7/java.util.concurrent.locks.LockSupport.park(LockSupport.java:371)
        at java.base@21.0.7/java.util.concurrent.locks.AbstractQueuedSynchronizer$ConditionNode.block(AbstractQueuedSynchronizer.java:519)
        at java.base@21.0.7/java.util.concurrent.ForkJoinPool.unmanagedBlock(ForkJoinPool.java:3780)
        at java.base@21.0.7/java.util.concurrent.ForkJoinPool.managedBlock(ForkJoinPool.java:3725)
        at java.base@21.0.7/java.util.concurrent.locks.AbstractQueuedSynchronizer$ConditionObject.await(AbstractQueuedSynchronizer.java:1712)
        at java.base@21.0.7/java.util.concurrent.LinkedBlockingDeque.takeFirst(LinkedBlockingDeque.java:485)
        at java.base@21.0.7/java.util.concurrent.LinkedBlockingDeque.take(LinkedBlockingDeque.java:673)
        at java.base@21.0.7/java.util.concurrent.ThreadPoolExecutor.getTask(ThreadPoolExecutor.java:1070)
        at java.base@21.0.7/java.util.concurrent.ThreadPoolExecutor.runWorker(ThreadPoolExecutor.java:1130)
        at java.base@21.0.7/java.util.concurrent.ThreadPoolExecutor$Worker.run(ThreadPoolExecutor.java:642)
        at java.base@21.0.7/java.lang.Thread.runWith(Thread.java:1596)
        at java.base@21.0.7/java.lang.Thread.run(Thread.java:1583)
"IPC Server handler 18 on default port 15006" daemon prio=5 tid=523 timed_waiting
java.lang.Thread.State: TIMED_WAITING
        at java.base@21.0.7/jdk.internal.misc.Unsafe.park(Native Method)
        at java.base@21.0.7/java.util.concurrent.locks.LockSupport.parkNanos(LockSupport.java:269)
        at java.base@21.0.7/java.util.concurrent.locks.AbstractQueuedSynchronizer$ConditionObject.awaitNanos(AbstractQueuedSynchronizer.java:1763)
        at java.base@21.0.7/java.util.concurrent.LinkedBlockingQueue.poll(LinkedBlockingQueue.java:460)
        at app//org.apache.hadoop.ipc.CallQueueManager.take(CallQueueManager.java:370)
        at app//org.apache.hadoop.ipc.Server$Handler.run(Server.java:3165)
"IPC Server Responder" daemon prio=5 tid=731 runnable
java.lang.Thread.State: RUNNABLE
        at java.base@21.0.7/sun.nio.ch.EPoll.wait(Native Method)
        at java.base@21.0.7/sun.nio.ch.EPollSelectorImpl.doSelect(EPollSelectorImpl.java:121)
        at java.base@21.0.7/sun.nio.ch.SelectorImpl.lockAndDoSelect(SelectorImpl.java:130)
        at java.base@21.0.7/sun.nio.ch.SelectorImpl.select(SelectorImpl.java:142)
        at app//org.apache.hadoop.ipc.Server$Responder.doRunLoop(Server.java:1733)
        at app//org.apache.hadoop.ipc.Server$Responder.run(Server.java:1716)
"IPC Server handler 4 on default port 15043" daemon prio=5 tid=792 timed_waiting
java.lang.Thread.State: TIMED_WAITING
        at java.base@21.0.7/jdk.internal.misc.Unsafe.park(Native Method)
        at java.base@21.0.7/java.util.concurrent.locks.LockSupport.parkNanos(LockSupport.java:269)
        at java.base@21.0.7/java.util.concurrent.locks.AbstractQueuedSynchronizer$ConditionObject.awaitNanos(AbstractQueuedSynchronizer.java:1763)
        at java.base@21.0.7/java.util.concurrent.LinkedBlockingQueue.poll(LinkedBlockingQueue.java:460)
        at app//org.apache.hadoop.ipc.CallQueueManager.take(CallQueueManager.java:370)
        at app//org.apache.hadoop.ipc.Server$Handler.run(Server.java:3165)
"qtp2014583896-329" daemon prio=5 tid=329 runnable
java.lang.Thread.State: RUNNABLE
        at java.base@21.0.7/sun.nio.ch.EPoll.wait(Native Method)
        at java.base@21.0.7/sun.nio.ch.EPollSelectorImpl.doSelect(EPollSelectorImpl.java:121)
        at java.base@21.0.7/sun.nio.ch.SelectorImpl.lockAndDoSelect(SelectorImpl.java:130)
        at java.base@21.0.7/sun.nio.ch.SelectorImpl.select(SelectorImpl.java:147)
        at app//org.eclipse.jetty.io.ManagedSelector.nioSelect(ManagedSelector.java:183)
        at app//org.eclipse.jetty.io.ManagedSelector.select(ManagedSelector.java:190)
        at app//org.eclipse.jetty.io.ManagedSelector$SelectorProducer.select(ManagedSelector.java:606)
        at app//org.eclipse.jetty.io.ManagedSelector$SelectorProducer.produce(ManagedSelector.java:543)
        at app//org.eclipse.jetty.util.thread.strategy.EatWhatYouKill.produceTask(EatWhatYouKill.java:362)
        at app//org.eclipse.jetty.util.thread.strategy.EatWhatYouKill.doProduce(EatWhatYouKill.java:186)
        at app//org.eclipse.jetty.util.thread.strategy.EatWhatYouKill.tryProduce(EatWhatYouKill.java:173)
        at app//org.eclipse.jetty.util.thread.strategy.EatWhatYouKill.produce(EatWhatYouKill.java:137)
        at app//org.eclipse.jetty.io.ManagedSelector$$Lambda/0x00007fe9046a5948.run(Unknown Source)
        at app//org.eclipse.jetty.util.thread.QueuedThreadPool.runJob(QueuedThreadPool.java:883)
        at app//org.eclipse.jetty.util.thread.QueuedThreadPool$Runner.run(QueuedThreadPool.java:1034)
        at java.base@21.0.7/java.lang.Thread.runWith(Thread.java:1596)
        at java.base@21.0.7/java.lang.Thread.run(Thread.java:1583)
"IPC Server handler 75 on default port 15001" daemon prio=5 tid=301 timed_waiting
java.lang.Thread.State: TIMED_WAITING
        at java.base@21.0.7/jdk.internal.misc.Unsafe.park(Native Method)
        at java.base@21.0.7/java.util.concurrent.locks.LockSupport.parkNanos(LockSupport.java:269)
        at java.base@21.0.7/java.util.concurrent.locks.AbstractQueuedSynchronizer$ConditionObject.awaitNanos(AbstractQueuedSynchronizer.java:1763)
        at java.base@21.0.7/java.util.concurrent.LinkedBlockingQueue.poll(LinkedBlockingQueue.java:460)
        at app//org.apache.hadoop.ipc.CallQueueManager.take(CallQueueManager.java:370)
        at app//org.apache.hadoop.ipc.Server$Handler.run(Server.java:3165)
"78b7fabf-ca2a-4b70-8534-e46926e2083c-ChunkReader-ELG-0" daemon prio=5 tid=855 runnable
java.lang.Thread.State: RUNNABLE
        at app//org.apache.ratis.thirdparty.io.netty.channel.epoll.Native.epollWait(Native Method)
        at app//org.apache.ratis.thirdparty.io.netty.channel.epoll.Native.epollWait(Native.java:220)
        at app//org.apache.ratis.thirdparty.io.netty.channel.epoll.Native.epollWait(Native.java:213)
        at app//org.apache.ratis.thirdparty.io.netty.channel.epoll.EpollEventLoop.epollWaitNoTimerChange(EpollEventLoop.java:308)
        at app//org.apache.ratis.thirdparty.io.netty.channel.epoll.EpollEventLoop.run(EpollEventLoop.java:365)
        at app//org.apache.ratis.thirdparty.io.netty.util.concurrent.SingleThreadEventExecutor$4.run(SingleThreadEventExecutor.java:997)
        at app//org.apache.ratis.thirdparty.io.netty.util.internal.ThreadExecutorMap$2.run(ThreadExecutorMap.java:74)
        at java.base@21.0.7/java.lang.Thread.runWith(Thread.java:1596)
        at java.base@21.0.7/java.lang.Thread.run(Thread.java:1583)
"IPC Server handler 93 on default port 15000" daemon prio=5 tid=219 timed_waiting
java.lang.Thread.State: TIMED_WAITING
        at java.base@21.0.7/jdk.internal.misc.Unsafe.park(Native Method)
        at java.base@21.0.7/java.util.concurrent.locks.LockSupport.parkNanos(LockSupport.java:269)
        at java.base@21.0.7/java.util.concurrent.locks.AbstractQueuedSynchronizer$ConditionObject.awaitNanos(AbstractQueuedSynchronizer.java:1763)
        at java.base@21.0.7/java.util.concurrent.LinkedBlockingQueue.poll(LinkedBlockingQueue.java:460)
        at app//org.apache.hadoop.ipc.CallQueueManager.take(CallQueueManager.java:370)
        at app//org.apache.hadoop.ipc.Server$Handler.run(Server.java:3165)
"IPC Server handler 31 on default port 15002" daemon prio=5 tid=375 timed_waiting
java.lang.Thread.State: TIMED_WAITING
        at java.base@21.0.7/jdk.internal.misc.Unsafe.park(Native Method)
        at java.base@21.0.7/java.util.concurrent.locks.LockSupport.parkNanos(LockSupport.java:269)
        at java.base@21.0.7/java.util.concurrent.locks.AbstractQueuedSynchronizer$ConditionObject.awaitNanos(AbstractQueuedSynchronizer.java:1763)
        at java.base@21.0.7/java.util.concurrent.LinkedBlockingQueue.poll(LinkedBlockingQueue.java:460)
        at app//org.apache.hadoop.ipc.CallQueueManager.take(CallQueueManager.java:370)
        at app//org.apache.hadoop.ipc.Server$Handler.run(Server.java:3165)
"junit-jupiter-timeout-watcher"  prio=10 tid=33 timed_waiting
java.lang.Thread.State: TIMED_WAITING
        at java.base@21.0.7/jdk.internal.misc.Unsafe.park(Native Method)
        at java.base@21.0.7/java.util.concurrent.locks.LockSupport.parkNanos(LockSupport.java:269)
        at java.base@21.0.7/java.util.concurrent.locks.AbstractQueuedSynchronizer$ConditionObject.awaitNanos(AbstractQueuedSynchronizer.java:1763)
        at java.base@21.0.7/java.util.concurrent.ScheduledThreadPoolExecutor$DelayedWorkQueue.take(ScheduledThreadPoolExecutor.java:1182)
        at java.base@21.0.7/java.util.concurrent.ScheduledThreadPoolExecutor$DelayedWorkQueue.take(ScheduledThreadPoolExecutor.java:899)
        at java.base@21.0.7/java.util.concurrent.ThreadPoolExecutor.getTask(ThreadPoolExecutor.java:1070)
        at java.base@21.0.7/java.util.concurrent.ThreadPoolExecutor.runWorker(ThreadPoolExecutor.java:1130)
        at java.base@21.0.7/java.util.concurrent.ThreadPoolExecutor$Worker.run(ThreadPoolExecutor.java:642)
        at java.base@21.0.7/java.lang.Thread.runWith(Thread.java:1596)
        at java.base@21.0.7/java.lang.Thread.run(Thread.java:1583)
"IPC Server handler 52 on default port 15002" daemon prio=5 tid=396 timed_waiting
java.lang.Thread.State: TIMED_WAITING
        at java.base@21.0.7/jdk.internal.misc.Unsafe.park(Native Method)
        at java.base@21.0.7/java.util.concurrent.locks.LockSupport.parkNanos(LockSupport.java:269)
        at java.base@21.0.7/java.util.concurrent.locks.AbstractQueuedSynchronizer$ConditionObject.awaitNanos(AbstractQueuedSynchronizer.java:1763)
        at java.base@21.0.7/java.util.concurrent.LinkedBlockingQueue.poll(LinkedBlockingQueue.java:460)
        at app//org.apache.hadoop.ipc.CallQueueManager.take(CallQueueManager.java:370)
        at app//org.apache.hadoop.ipc.Server$Handler.run(Server.java:3165)
"IPC Server handler 34 on default port 15000" daemon prio=5 tid=160 timed_waiting
java.lang.Thread.State: TIMED_WAITING
        at java.base@21.0.7/jdk.internal.misc.Unsafe.park(Native Method)
        at java.base@21.0.7/java.util.concurrent.locks.LockSupport.parkNanos(LockSupport.java:269)
        at java.base@21.0.7/java.util.concurrent.locks.AbstractQueuedSynchronizer$ConditionObject.awaitNanos(AbstractQueuedSynchronizer.java:1763)
        at java.base@21.0.7/java.util.concurrent.LinkedBlockingQueue.poll(LinkedBlockingQueue.java:460)
        at app//org.apache.hadoop.ipc.CallQueueManager.take(CallQueueManager.java:370)
        at app//org.apache.hadoop.ipc.Server$Handler.run(Server.java:3165)
"IPC Server handler 55 on default port 15002" daemon prio=5 tid=399 timed_waiting
java.lang.Thread.State: TIMED_WAITING
        at java.base@21.0.7/jdk.internal.misc.Unsafe.park(Native Method)
        at java.base@21.0.7/java.util.concurrent.locks.LockSupport.parkNanos(LockSupport.java:269)
        at java.base@21.0.7/java.util.concurrent.locks.AbstractQueuedSynchronizer$ConditionObject.awaitNanos(AbstractQueuedSynchronizer.java:1763)
        at java.base@21.0.7/java.util.concurrent.LinkedBlockingQueue.poll(LinkedBlockingQueue.java:460)
        at app//org.apache.hadoop.ipc.CallQueueManager.take(CallQueueManager.java:370)
        at app//org.apache.hadoop.ipc.Server$Handler.run(Server.java:3165)
"IPC Server handler 20 on default port 15000" daemon prio=5 tid=146 timed_waiting
java.lang.Thread.State: TIMED_WAITING
        at java.base@21.0.7/jdk.internal.misc.Unsafe.park(Native Method)
        at java.base@21.0.7/java.util.concurrent.locks.LockSupport.parkNanos(LockSupport.java:269)
        at java.base@21.0.7/java.util.concurrent.locks.AbstractQueuedSynchronizer$ConditionObject.awaitNanos(AbstractQueuedSynchronizer.java:1763)
        at java.base@21.0.7/java.util.concurrent.LinkedBlockingQueue.poll(LinkedBlockingQueue.java:460)
        at app//org.apache.hadoop.ipc.CallQueueManager.take(CallQueueManager.java:370)
        at app//org.apache.hadoop.ipc.Server$Handler.run(Server.java:3165)
"Socket Reader #2 for port 15001"  prio=5 tid=82 runnable
java.lang.Thread.State: RUNNABLE
        at java.base@21.0.7/sun.nio.ch.EPoll.wait(Native Method)
        at java.base@21.0.7/sun.nio.ch.EPollSelectorImpl.doSelect(EPollSelectorImpl.java:121)
        at java.base@21.0.7/sun.nio.ch.SelectorImpl.lockAndDoSelect(SelectorImpl.java:130)
        at java.base@21.0.7/sun.nio.ch.SelectorImpl.select(SelectorImpl.java:147)
        at app//org.apache.hadoop.ipc.Server$Listener$Reader.doRunLoop(Server.java:1497)
        at app//org.apache.hadoop.ipc.Server$Listener$Reader.run(Server.java:1476)
"qtp1044130468-578" daemon prio=5 tid=578 runnable
java.lang.Thread.State: RUNNABLE
        at java.base@21.0.7/sun.nio.ch.EPoll.wait(Native Method)
        at java.base@21.0.7/sun.nio.ch.EPollSelectorImpl.doSelect(EPollSelectorImpl.java:121)
        at java.base@21.0.7/sun.nio.ch.SelectorImpl.lockAndDoSelect(SelectorImpl.java:130)
        at java.base@21.0.7/sun.nio.ch.SelectorImpl.select(SelectorImpl.java:147)
        at app//org.eclipse.jetty.io.ManagedSelector.nioSelect(ManagedSelector.java:183)
        at app//org.eclipse.jetty.io.ManagedSelector.select(ManagedSelector.java:190)
        at app//org.eclipse.jetty.io.ManagedSelector$SelectorProducer.select(ManagedSelector.java:606)
        at app//org.eclipse.jetty.io.ManagedSelector$SelectorProducer.produce(ManagedSelector.java:543)
        at app//org.eclipse.jetty.util.thread.strategy.EatWhatYouKill.produceTask(EatWhatYouKill.java:362)
        at app//org.eclipse.jetty.util.thread.strategy.EatWhatYouKill.doProduce(EatWhatYouKill.java:186)
        at app//org.eclipse.jetty.util.thread.strategy.EatWhatYouKill.tryProduce(EatWhatYouKill.java:173)
        at app//org.eclipse.jetty.util.thread.strategy.EatWhatYouKill.produce(EatWhatYouKill.java:137)
        at app//org.eclipse.jetty.io.ManagedSelector$$Lambda/0x00007fe9046a5948.run(Unknown Source)
        at app//org.eclipse.jetty.util.thread.QueuedThreadPool.runJob(QueuedThreadPool.java:883)
        at app//org.eclipse.jetty.util.thread.QueuedThreadPool$Runner.run(QueuedThreadPool.java:1034)
        at java.base@21.0.7/java.lang.Thread.runWith(Thread.java:1596)
        at java.base@21.0.7/java.lang.Thread.run(Thread.java:1583)
"Session-HouseKeeper-5ccb26a0-1"  prio=5 tid=764 timed_waiting
java.lang.Thread.State: TIMED_WAITING
        at java.base@21.0.7/jdk.internal.misc.Unsafe.park(Native Method)
        at java.base@21.0.7/java.util.concurrent.locks.LockSupport.parkNanos(LockSupport.java:269)
        at java.base@21.0.7/java.util.concurrent.locks.AbstractQueuedSynchronizer$ConditionObject.awaitNanos(AbstractQueuedSynchronizer.java:1763)
        at java.base@21.0.7/java.util.concurrent.ScheduledThreadPoolExecutor$DelayedWorkQueue.take(ScheduledThreadPoolExecutor.java:1182)
        at java.base@21.0.7/java.util.concurrent.ScheduledThreadPoolExecutor$DelayedWorkQueue.take(ScheduledThreadPoolExecutor.java:899)
        at java.base@21.0.7/java.util.concurrent.ThreadPoolExecutor.getTask(ThreadPoolExecutor.java:1070)
        at java.base@21.0.7/java.util.concurrent.ThreadPoolExecutor.runWorker(ThreadPoolExecutor.java:1130)
        at java.base@21.0.7/java.util.concurrent.ThreadPoolExecutor$Worker.run(ThreadPoolExecutor.java:642)
        at java.base@21.0.7/java.lang.Thread.runWith(Thread.java:1596)
        at java.base@21.0.7/java.lang.Thread.run(Thread.java:1583)
"dacc202e-cd42-4a7a-b335-fe62dff69130@group-F8F976EC3E9D-cacheEviction-AwaitToRun" daemon prio=5 tid=934 in Object.wait()
java.lang.Thread.State: WAITING (on object monitor)
        at java.base@21.0.7/jdk.internal.misc.Unsafe.park(Native Method)
        at java.base@21.0.7/java.util.concurrent.locks.LockSupport.park(LockSupport.java:371)
        at java.base@21.0.7/java.util.concurrent.locks.AbstractQueuedSynchronizer$ConditionNode.block(AbstractQueuedSynchronizer.java:519)
        at java.base@21.0.7/java.util.concurrent.ForkJoinPool.unmanagedBlock(ForkJoinPool.java:3780)
        at java.base@21.0.7/java.util.concurrent.ForkJoinPool.managedBlock(ForkJoinPool.java:3725)
        at java.base@21.0.7/java.util.concurrent.locks.AbstractQueuedSynchronizer$ConditionObject.await(AbstractQueuedSynchronizer.java:1712)
        at app//org.apache.ratis.util.AwaitForSignal.await(AwaitForSignal.java:48)
        at app//org.apache.ratis.util.AwaitToRun$RunnableImpl.run(AwaitToRun.java:47)
        at java.base@21.0.7/java.lang.Thread.runWith(Thread.java:1596)
        at java.base@21.0.7/java.lang.Thread.run(Thread.java:1583)
"IPC Server listener on 15000" daemon prio=5 tid=94 runnable
java.lang.Thread.State: RUNNABLE
        at java.base@21.0.7/sun.nio.ch.EPoll.wait(Native Method)
        at java.base@21.0.7/sun.nio.ch.EPollSelectorImpl.doSelect(EPollSelectorImpl.java:121)
        at java.base@21.0.7/sun.nio.ch.SelectorImpl.lockAndDoSelect(SelectorImpl.java:130)
        at java.base@21.0.7/sun.nio.ch.SelectorImpl.select(SelectorImpl.java:147)
        at app//org.apache.hadoop.ipc.Server$Listener.run(Server.java:1559)
"IPC Server handler 37 on default port 15000" daemon prio=5 tid=163 timed_waiting
java.lang.Thread.State: TIMED_WAITING
        at java.base@21.0.7/jdk.internal.misc.Unsafe.park(Native Method)
        at java.base@21.0.7/java.util.concurrent.locks.LockSupport.parkNanos(LockSupport.java:269)
        at java.base@21.0.7/java.util.concurrent.locks.AbstractQueuedSynchronizer$ConditionObject.awaitNanos(AbstractQueuedSynchronizer.java:1763)
        at java.base@21.0.7/java.util.concurrent.LinkedBlockingQueue.poll(LinkedBlockingQueue.java:460)
        at app//org.apache.hadoop.ipc.CallQueueManager.take(CallQueueManager.java:370)
        at app//org.apache.hadoop.ipc.Server$Handler.run(Server.java:3165)
"pool-94-thread-1" daemon prio=5 tid=706 timed_waiting
java.lang.Thread.State: TIMED_WAITING
        at java.base@21.0.7/jdk.internal.misc.Unsafe.park(Native Method)
        at java.base@21.0.7/java.util.concurrent.locks.LockSupport.parkNanos(LockSupport.java:269)
        at java.base@21.0.7/java.util.concurrent.locks.AbstractQueuedSynchronizer$ConditionObject.awaitNanos(AbstractQueuedSynchronizer.java:1763)
        at java.base@21.0.7/java.util.concurrent.ScheduledThreadPoolExecutor$DelayedWorkQueue.take(ScheduledThreadPoolExecutor.java:1182)
        at java.base@21.0.7/java.util.concurrent.ScheduledThreadPoolExecutor$DelayedWorkQueue.take(ScheduledThreadPoolExecutor.java:899)
        at java.base@21.0.7/java.util.concurrent.ThreadPoolExecutor.getTask(ThreadPoolExecutor.java:1070)
        at java.base@21.0.7/java.util.concurrent.ThreadPoolExecutor.runWorker(ThreadPoolExecutor.java:1130)
        at java.base@21.0.7/java.util.concurrent.ThreadPoolExecutor$Worker.run(ThreadPoolExecutor.java:642)
        at java.base@21.0.7/java.lang.Thread.runWith(Thread.java:1596)
        at java.base@21.0.7/java.lang.Thread.run(Thread.java:1583)
"IPC Server handler 80 on default port 15002" daemon prio=5 tid=424 timed_waiting
java.lang.Thread.State: TIMED_WAITING
        at java.base@21.0.7/jdk.internal.misc.Unsafe.park(Native Method)
        at java.base@21.0.7/java.util.concurrent.locks.LockSupport.parkNanos(LockSupport.java:269)
        at java.base@21.0.7/java.util.concurrent.locks.AbstractQueuedSynchronizer$ConditionObject.awaitNanos(AbstractQueuedSynchronizer.java:1763)
        at java.base@21.0.7/java.util.concurrent.LinkedBlockingQueue.poll(LinkedBlockingQueue.java:460)
        at app//org.apache.hadoop.ipc.CallQueueManager.take(CallQueueManager.java:370)
        at app//org.apache.hadoop.ipc.Server$Handler.run(Server.java:3165)
"IPC Server handler 2 on default port 15001" daemon prio=5 tid=228 timed_waiting
java.lang.Thread.State: TIMED_WAITING
        at java.base@21.0.7/jdk.internal.misc.Unsafe.park(Native Method)
        at java.base@21.0.7/java.util.concurrent.locks.LockSupport.parkNanos(LockSupport.java:269)
        at java.base@21.0.7/java.util.concurrent.locks.AbstractQueuedSynchronizer$ConditionObject.awaitNanos(AbstractQueuedSynchronizer.java:1763)
        at java.base@21.0.7/java.util.concurrent.LinkedBlockingQueue.poll(LinkedBlockingQueue.java:460)
        at app//org.apache.hadoop.ipc.CallQueueManager.take(CallQueueManager.java:370)
        at app//org.apache.hadoop.ipc.Server$Handler.run(Server.java:3165)
"IPC Server handler 0 on default port 15006" daemon prio=5 tid=505 timed_waiting
java.lang.Thread.State: TIMED_WAITING
        at java.base@21.0.7/jdk.internal.misc.Unsafe.park(Native Method)
        at java.base@21.0.7/java.util.concurrent.locks.LockSupport.parkNanos(LockSupport.java:269)
        at java.base@21.0.7/java.util.concurrent.locks.AbstractQueuedSynchronizer$ConditionObject.awaitNanos(AbstractQueuedSynchronizer.java:1763)
        at java.base@21.0.7/java.util.concurrent.LinkedBlockingQueue.poll(LinkedBlockingQueue.java:460)
        at app//org.apache.hadoop.ipc.CallQueueManager.take(CallQueueManager.java:370)
        at app//org.apache.hadoop.ipc.Server$Handler.run(Server.java:3165)
"Socket Reader #9 for port 15001"  prio=5 tid=89 runnable
java.lang.Thread.State: RUNNABLE
        at java.base@21.0.7/sun.nio.ch.EPoll.wait(Native Method)
        at java.base@21.0.7/sun.nio.ch.EPollSelectorImpl.doSelect(EPollSelectorImpl.java:121)
        at java.base@21.0.7/sun.nio.ch.SelectorImpl.lockAndDoSelect(SelectorImpl.java:130)
        at java.base@21.0.7/sun.nio.ch.SelectorImpl.select(SelectorImpl.java:147)
        at app//org.apache.hadoop.ipc.Server$Listener$Reader.doRunLoop(Server.java:1497)
        at app//org.apache.hadoop.ipc.Server$Listener$Reader.run(Server.java:1476)
"Socket Reader #10 for port 15001"  prio=5 tid=90 runnable
java.lang.Thread.State: RUNNABLE
        at java.base@21.0.7/sun.nio.ch.EPoll.wait(Native Method)
        at java.base@21.0.7/sun.nio.ch.EPollSelectorImpl.doSelect(EPollSelectorImpl.java:121)
        at java.base@21.0.7/sun.nio.ch.SelectorImpl.lockAndDoSelect(SelectorImpl.java:130)
        at java.base@21.0.7/sun.nio.ch.SelectorImpl.select(SelectorImpl.java:147)
        at app//org.apache.hadoop.ipc.Server$Listener$Reader.doRunLoop(Server.java:1497)
        at app//org.apache.hadoop.ipc.Server$Listener$Reader.run(Server.java:1476)
"IPC Server handler 19 on default port 15002" daemon prio=5 tid=363 timed_waiting
java.lang.Thread.State: TIMED_WAITING
        at java.base@21.0.7/jdk.internal.misc.Unsafe.park(Native Method)
        at java.base@21.0.7/java.util.concurrent.locks.LockSupport.parkNanos(LockSupport.java:269)
        at java.base@21.0.7/java.util.concurrent.locks.AbstractQueuedSynchronizer$ConditionObject.awaitNanos(AbstractQueuedSynchronizer.java:1763)
        at java.base@21.0.7/java.util.concurrent.LinkedBlockingQueue.poll(LinkedBlockingQueue.java:460)
        at app//org.apache.hadoop.ipc.CallQueueManager.take(CallQueueManager.java:370)
        at app//org.apache.hadoop.ipc.Server$Handler.run(Server.java:3165)
"Socket Reader #5 for port 15002"  prio=5 tid=71 runnable
java.lang.Thread.State: RUNNABLE
        at java.base@21.0.7/sun.nio.ch.EPoll.wait(Native Method)
        at java.base@21.0.7/sun.nio.ch.EPollSelectorImpl.doSelect(EPollSelectorImpl.java:121)
        at java.base@21.0.7/sun.nio.ch.SelectorImpl.lockAndDoSelect(SelectorImpl.java:130)
        at java.base@21.0.7/sun.nio.ch.SelectorImpl.select(SelectorImpl.java:147)
        at app//org.apache.hadoop.ipc.Server$Listener$Reader.doRunLoop(Server.java:1497)
        at app//org.apache.hadoop.ipc.Server$Listener$Reader.run(Server.java:1476)
"IPC Server handler 8 on default port 15000" daemon prio=5 tid=134 timed_waiting
java.lang.Thread.State: TIMED_WAITING
        at java.base@21.0.7/jdk.internal.misc.Unsafe.park(Native Method)
        at java.base@21.0.7/java.util.concurrent.locks.LockSupport.parkNanos(LockSupport.java:269)
        at java.base@21.0.7/java.util.concurrent.locks.AbstractQueuedSynchronizer$ConditionObject.awaitNanos(AbstractQueuedSynchronizer.java:1763)
        at java.base@21.0.7/java.util.concurrent.LinkedBlockingQueue.poll(LinkedBlockingQueue.java:460)
        at app//org.apache.hadoop.ipc.CallQueueManager.take(CallQueueManager.java:370)
        at app//org.apache.hadoop.ipc.Server$Handler.run(Server.java:3165)
"IPC Server handler 47 on default port 15000" daemon prio=5 tid=173 timed_waiting
java.lang.Thread.State: TIMED_WAITING
        at java.base@21.0.7/jdk.internal.misc.Unsafe.park(Native Method)
        at java.base@21.0.7/java.util.concurrent.locks.LockSupport.parkNanos(LockSupport.java:269)
        at java.base@21.0.7/java.util.concurrent.locks.AbstractQueuedSynchronizer$ConditionObject.awaitNanos(AbstractQueuedSynchronizer.java:1763)
        at java.base@21.0.7/java.util.concurrent.LinkedBlockingQueue.poll(LinkedBlockingQueue.java:460)
        at app//org.apache.hadoop.ipc.CallQueueManager.take(CallQueueManager.java:370)
        at app//org.apache.hadoop.ipc.Server$Handler.run(Server.java:3165)
"IPC Server handler 89 on default port 15001" daemon prio=5 tid=315 timed_waiting
java.lang.Thread.State: TIMED_WAITING
        at java.base@21.0.7/jdk.internal.misc.Unsafe.park(Native Method)
        at java.base@21.0.7/java.util.concurrent.locks.LockSupport.parkNanos(LockSupport.java:269)
        at java.base@21.0.7/java.util.concurrent.locks.AbstractQueuedSynchronizer$ConditionObject.awaitNanos(AbstractQueuedSynchronizer.java:1763)
        at java.base@21.0.7/java.util.concurrent.LinkedBlockingQueue.poll(LinkedBlockingQueue.java:460)
        at app//org.apache.hadoop.ipc.CallQueueManager.take(CallQueueManager.java:370)
        at app//org.apache.hadoop.ipc.Server$Handler.run(Server.java:3165)
"IPC Server handler 11 on default port 15006" daemon prio=5 tid=516 timed_waiting
java.lang.Thread.State: TIMED_WAITING
        at java.base@21.0.7/jdk.internal.misc.Unsafe.park(Native Method)
        at java.base@21.0.7/java.util.concurrent.locks.LockSupport.parkNanos(LockSupport.java:269)
        at java.base@21.0.7/java.util.concurrent.locks.AbstractQueuedSynchronizer$ConditionObject.awaitNanos(AbstractQueuedSynchronizer.java:1763)
        at java.base@21.0.7/java.util.concurrent.LinkedBlockingQueue.poll(LinkedBlockingQueue.java:460)
        at app//org.apache.hadoop.ipc.CallQueueManager.take(CallQueueManager.java:370)
        at app//org.apache.hadoop.ipc.Server$Handler.run(Server.java:3165)
"IPC Server handler 33 on default port 15000" daemon prio=5 tid=159 timed_waiting
java.lang.Thread.State: TIMED_WAITING
        at java.base@21.0.7/jdk.internal.misc.Unsafe.park(Native Method)
        at java.base@21.0.7/java.util.concurrent.locks.LockSupport.parkNanos(LockSupport.java:269)
        at java.base@21.0.7/java.util.concurrent.locks.AbstractQueuedSynchronizer$ConditionObject.awaitNanos(AbstractQueuedSynchronizer.java:1763)
        at java.base@21.0.7/java.util.concurrent.LinkedBlockingQueue.poll(LinkedBlockingQueue.java:460)
        at app//org.apache.hadoop.ipc.CallQueueManager.take(CallQueueManager.java:370)
        at app//org.apache.hadoop.ipc.Server$Handler.run(Server.java:3165)
"IPC Server handler 21 on default port 15002" daemon prio=5 tid=365 timed_waiting
java.lang.Thread.State: TIMED_WAITING
        at java.base@21.0.7/jdk.internal.misc.Unsafe.park(Native Method)
        at java.base@21.0.7/java.util.concurrent.locks.LockSupport.parkNanos(LockSupport.java:269)
        at java.base@21.0.7/java.util.concurrent.locks.AbstractQueuedSynchronizer$ConditionObject.awaitNanos(AbstractQueuedSynchronizer.java:1763)
        at java.base@21.0.7/java.util.concurrent.LinkedBlockingQueue.poll(LinkedBlockingQueue.java:460)
        at app//org.apache.hadoop.ipc.CallQueueManager.take(CallQueueManager.java:370)
        at app//org.apache.hadoop.ipc.Server$Handler.run(Server.java:3165)
"IPC Server handler 72 on default port 15000" daemon prio=5 tid=198 timed_waiting
java.lang.Thread.State: TIMED_WAITING
        at java.base@21.0.7/jdk.internal.misc.Unsafe.park(Native Method)
        at java.base@21.0.7/java.util.concurrent.locks.LockSupport.parkNanos(LockSupport.java:269)
        at java.base@21.0.7/java.util.concurrent.locks.AbstractQueuedSynchronizer$ConditionObject.awaitNanos(AbstractQueuedSynchronizer.java:1763)
        at java.base@21.0.7/java.util.concurrent.LinkedBlockingQueue.poll(LinkedBlockingQueue.java:460)
        at app//org.apache.hadoop.ipc.CallQueueManager.take(CallQueueManager.java:370)
        at app//org.apache.hadoop.ipc.Server$Handler.run(Server.java:3165)
"om1-DirectoryDeletingService#9" daemon prio=5 tid=494 in Object.wait()
java.lang.Thread.State: WAITING (on object monitor)
        at java.base@21.0.7/jdk.internal.misc.Unsafe.park(Native Method)
        at java.base@21.0.7/java.util.concurrent.locks.LockSupport.park(LockSupport.java:371)
        at java.base@21.0.7/java.util.concurrent.locks.AbstractQueuedSynchronizer$ConditionNode.block(AbstractQueuedSynchronizer.java:519)
        at java.base@21.0.7/java.util.concurrent.ForkJoinPool.unmanagedBlock(ForkJoinPool.java:3780)
        at java.base@21.0.7/java.util.concurrent.ForkJoinPool.managedBlock(ForkJoinPool.java:3725)
        at java.base@21.0.7/java.util.concurrent.locks.AbstractQueuedSynchronizer$ConditionObject.await(AbstractQueuedSynchronizer.java:1712)
        at java.base@21.0.7/java.util.concurrent.ScheduledThreadPoolExecutor$DelayedWorkQueue.take(ScheduledThreadPoolExecutor.java:1170)
        at java.base@21.0.7/java.util.concurrent.ScheduledThreadPoolExecutor$DelayedWorkQueue.take(ScheduledThreadPoolExecutor.java:899)
        at java.base@21.0.7/java.util.concurrent.ThreadPoolExecutor.getTask(ThreadPoolExecutor.java:1070)
        at java.base@21.0.7/java.util.concurrent.ThreadPoolExecutor.runWorker(ThreadPoolExecutor.java:1130)
        at java.base@21.0.7/java.util.concurrent.ThreadPoolExecutor$Worker.run(ThreadPoolExecutor.java:642)
        at java.base@21.0.7/java.lang.Thread.runWith(Thread.java:1596)
        at java.base@21.0.7/java.lang.Thread.run(Thread.java:1583)
"IPC Server handler 66 on default port 15002" daemon prio=5 tid=410 timed_waiting
java.lang.Thread.State: TIMED_WAITING
        at java.base@21.0.7/jdk.internal.misc.Unsafe.park(Native Method)
        at java.base@21.0.7/java.util.concurrent.locks.LockSupport.parkNanos(LockSupport.java:269)
        at java.base@21.0.7/java.util.concurrent.locks.AbstractQueuedSynchronizer$ConditionObject.awaitNanos(AbstractQueuedSynchronizer.java:1763)
        at java.base@21.0.7/java.util.concurrent.LinkedBlockingQueue.poll(LinkedBlockingQueue.java:460)
        at app//org.apache.hadoop.ipc.CallQueueManager.take(CallQueueManager.java:370)
        at app//org.apache.hadoop.ipc.Server$Handler.run(Server.java:3165)
"2b1bfca1-1fdc-4b0a-9b4d-c21112718afa-DatanodeReportManager-0" daemon prio=5 tid=744 in Object.wait()
java.lang.Thread.State: WAITING (on object monitor)
        at java.base@21.0.7/jdk.internal.misc.Unsafe.park(Native Method)
        at java.base@21.0.7/java.util.concurrent.locks.LockSupport.park(LockSupport.java:371)
        at java.base@21.0.7/java.util.concurrent.locks.AbstractQueuedSynchronizer$ConditionNode.block(AbstractQueuedSynchronizer.java:519)
        at java.base@21.0.7/java.util.concurrent.ForkJoinPool.unmanagedBlock(ForkJoinPool.java:3780)
        at java.base@21.0.7/java.util.concurrent.ForkJoinPool.managedBlock(ForkJoinPool.java:3725)
        at java.base@21.0.7/java.util.concurrent.locks.AbstractQueuedSynchronizer$ConditionObject.await(AbstractQueuedSynchronizer.java:1712)
        at java.base@21.0.7/java.util.concurrent.ScheduledThreadPoolExecutor$DelayedWorkQueue.take(ScheduledThreadPoolExecutor.java:1177)
        at java.base@21.0.7/java.util.concurrent.ScheduledThreadPoolExecutor$DelayedWorkQueue.take(ScheduledThreadPoolExecutor.java:899)
        at java.base@21.0.7/java.util.concurrent.ThreadPoolExecutor.getTask(ThreadPoolExecutor.java:1070)
        at java.base@21.0.7/java.util.concurrent.ThreadPoolExecutor.runWorker(ThreadPoolExecutor.java:1130)
        at java.base@21.0.7/java.util.concurrent.ThreadPoolExecutor$Worker.run(ThreadPoolExecutor.java:642)
        at java.base@21.0.7/java.lang.Thread.runWith(Thread.java:1596)
        at java.base@21.0.7/java.lang.Thread.run(Thread.java:1583)
"2b1bfca1-1fdc-4b0a-9b4d-c21112718afa-ChunkWriter-1-0" daemon prio=5 tid=831 in Object.wait()
java.lang.Thread.State: WAITING (on object monitor)
        at java.base@21.0.7/jdk.internal.misc.Unsafe.park(Native Method)
        at java.base@21.0.7/java.util.concurrent.locks.LockSupport.park(LockSupport.java:371)
        at java.base@21.0.7/java.util.concurrent.locks.AbstractQueuedSynchronizer$ConditionNode.block(AbstractQueuedSynchronizer.java:519)
        at java.base@21.0.7/java.util.concurrent.ForkJoinPool.unmanagedBlock(ForkJoinPool.java:3780)
        at java.base@21.0.7/java.util.concurrent.ForkJoinPool.managedBlock(ForkJoinPool.java:3725)
        at java.base@21.0.7/java.util.concurrent.locks.AbstractQueuedSynchronizer$ConditionObject.await(AbstractQueuedSynchronizer.java:1712)
        at java.base@21.0.7/java.util.concurrent.LinkedBlockingDeque.takeFirst(LinkedBlockingDeque.java:485)
        at java.base@21.0.7/java.util.concurrent.LinkedBlockingDeque.take(LinkedBlockingDeque.java:673)
        at java.base@21.0.7/java.util.concurrent.ThreadPoolExecutor.getTask(ThreadPoolExecutor.java:1070)
        at java.base@21.0.7/java.util.concurrent.ThreadPoolExecutor.runWorker(ThreadPoolExecutor.java:1130)
        at java.base@21.0.7/java.util.concurrent.ThreadPoolExecutor$Worker.run(ThreadPoolExecutor.java:642)
        at java.base@21.0.7/java.lang.Thread.runWith(Thread.java:1596)
        at java.base@21.0.7/java.lang.Thread.run(Thread.java:1583)
"qtp1334632116-758-acceptor-0@5aebd251-ServerConnector@2cbd2385{HTTP/1.1, (http/1.1)}{0.0.0.0:15042}" daemon prio=3 tid=758 runnable
java.lang.Thread.State: RUNNABLE
        at java.base@21.0.7/sun.nio.ch.Net.accept(Native Method)
        at java.base@21.0.7/sun.nio.ch.ServerSocketChannelImpl.implAccept(ServerSocketChannelImpl.java:433)
        at java.base@21.0.7/sun.nio.ch.ServerSocketChannelImpl.accept(ServerSocketChannelImpl.java:399)
        at app//org.eclipse.jetty.server.ServerConnector.accept(ServerConnector.java:388)
        at app//org.eclipse.jetty.server.AbstractConnector$Acceptor.run(AbstractConnector.java:704)
        at app//org.eclipse.jetty.util.thread.QueuedThreadPool.runJob(QueuedThreadPool.java:883)
        at app//org.eclipse.jetty.util.thread.QueuedThreadPool$Runner.run(QueuedThreadPool.java:1034)
        at java.base@21.0.7/java.lang.Thread.runWith(Thread.java:1596)
        at java.base@21.0.7/java.lang.Thread.run(Thread.java:1583)
"IPC Server handler 8 on default port 15035" daemon prio=5 tid=741 timed_waiting
java.lang.Thread.State: TIMED_WAITING
        at java.base@21.0.7/jdk.internal.misc.Unsafe.park(Native Method)
        at java.base@21.0.7/java.util.concurrent.locks.LockSupport.parkNanos(LockSupport.java:269)
        at java.base@21.0.7/java.util.concurrent.locks.AbstractQueuedSynchronizer$ConditionObject.awaitNanos(AbstractQueuedSynchronizer.java:1763)
        at java.base@21.0.7/java.util.concurrent.LinkedBlockingQueue.poll(LinkedBlockingQueue.java:460)
        at app//org.apache.hadoop.ipc.CallQueueManager.take(CallQueueManager.java:370)
        at app//org.apache.hadoop.ipc.Server$Handler.run(Server.java:3165)
"2b1bfca1-1fdc-4b0a-9b4d-c21112718afa-PipelineCommandHandlerThread-0"  prio=5 tid=957 in Object.wait()
java.lang.Thread.State: WAITING (on object monitor)
        at java.base@21.0.7/jdk.internal.misc.Unsafe.park(Native Method)
        at java.base@21.0.7/java.util.concurrent.locks.LockSupport.park(LockSupport.java:371)
        at java.base@21.0.7/java.util.concurrent.locks.AbstractQueuedSynchronizer$ConditionNode.block(AbstractQueuedSynchronizer.java:519)
        at java.base@21.0.7/java.util.concurrent.ForkJoinPool.unmanagedBlock(ForkJoinPool.java:3780)
        at java.base@21.0.7/java.util.concurrent.ForkJoinPool.managedBlock(ForkJoinPool.java:3725)
        at java.base@21.0.7/java.util.concurrent.locks.AbstractQueuedSynchronizer$ConditionObject.await(AbstractQueuedSynchronizer.java:1712)
        at java.base@21.0.7/java.util.concurrent.LinkedBlockingQueue.take(LinkedBlockingQueue.java:435)
        at java.base@21.0.7/java.util.concurrent.ThreadPoolExecutor.getTask(ThreadPoolExecutor.java:1070)
        at java.base@21.0.7/java.util.concurrent.ThreadPoolExecutor.runWorker(ThreadPoolExecutor.java:1130)
        at java.base@21.0.7/java.util.concurrent.ThreadPoolExecutor$Worker.run(ThreadPoolExecutor.java:642)
        at java.base@21.0.7/java.lang.Thread.runWith(Thread.java:1596)
        at java.base@21.0.7/java.lang.Thread.run(Thread.java:1583)
"IPC Server handler 22 on default port 15001" daemon prio=5 tid=248 timed_waiting
java.lang.Thread.State: TIMED_WAITING
        at java.base@21.0.7/jdk.internal.misc.Unsafe.park(Native Method)
        at java.base@21.0.7/java.util.concurrent.locks.LockSupport.parkNanos(LockSupport.java:269)
        at java.base@21.0.7/java.util.concurrent.locks.AbstractQueuedSynchronizer$ConditionObject.awaitNanos(AbstractQueuedSynchronizer.java:1763)
        at java.base@21.0.7/java.util.concurrent.LinkedBlockingQueue.poll(LinkedBlockingQueue.java:460)
        at app//org.apache.hadoop.ipc.CallQueueManager.take(CallQueueManager.java:370)
        at app//org.apache.hadoop.ipc.Server$Handler.run(Server.java:3165)
"IPC Server handler 6 on default port 15002" daemon prio=5 tid=350 timed_waiting
java.lang.Thread.State: TIMED_WAITING
        at java.base@21.0.7/jdk.internal.misc.Unsafe.park(Native Method)
        at java.base@21.0.7/java.util.concurrent.locks.LockSupport.parkNanos(LockSupport.java:269)
        at java.base@21.0.7/java.util.concurrent.locks.AbstractQueuedSynchronizer$ConditionObject.awaitNanos(AbstractQueuedSynchronizer.java:1763)
        at java.base@21.0.7/java.util.concurrent.LinkedBlockingQueue.poll(LinkedBlockingQueue.java:460)
        at app//org.apache.hadoop.ipc.CallQueueManager.take(CallQueueManager.java:370)
        at app//org.apache.hadoop.ipc.Server$Handler.run(Server.java:3165)
"IPC Server handler 93 on default port 15001" daemon prio=5 tid=319 timed_waiting
java.lang.Thread.State: TIMED_WAITING
        at java.base@21.0.7/jdk.internal.misc.Unsafe.park(Native Method)
        at java.base@21.0.7/java.util.concurrent.locks.LockSupport.parkNanos(LockSupport.java:269)
        at java.base@21.0.7/java.util.concurrent.locks.AbstractQueuedSynchronizer$ConditionObject.awaitNanos(AbstractQueuedSynchronizer.java:1763)
        at java.base@21.0.7/java.util.concurrent.LinkedBlockingQueue.poll(LinkedBlockingQueue.java:460)
        at app//org.apache.hadoop.ipc.CallQueueManager.take(CallQueueManager.java:370)
        at app//org.apache.hadoop.ipc.Server$Handler.run(Server.java:3165)
"qtp256443308-497" daemon prio=5 tid=497 runnable
java.lang.Thread.State: RUNNABLE
        at java.base@21.0.7/sun.nio.ch.EPoll.wait(Native Method)
        at java.base@21.0.7/sun.nio.ch.EPollSelectorImpl.doSelect(EPollSelectorImpl.java:121)
        at java.base@21.0.7/sun.nio.ch.SelectorImpl.lockAndDoSelect(SelectorImpl.java:130)
        at java.base@21.0.7/sun.nio.ch.SelectorImpl.select(SelectorImpl.java:147)
        at app//org.eclipse.jetty.io.ManagedSelector.nioSelect(ManagedSelector.java:183)
        at app//org.eclipse.jetty.io.ManagedSelector.select(ManagedSelector.java:190)
        at app//org.eclipse.jetty.io.ManagedSelector$SelectorProducer.select(ManagedSelector.java:606)
        at app//org.eclipse.jetty.io.ManagedSelector$SelectorProducer.produce(ManagedSelector.java:543)
        at app//org.eclipse.jetty.util.thread.strategy.EatWhatYouKill.produceTask(EatWhatYouKill.java:362)
        at app//org.eclipse.jetty.util.thread.strategy.EatWhatYouKill.doProduce(EatWhatYouKill.java:186)
        at app//org.eclipse.jetty.util.thread.strategy.EatWhatYouKill.tryProduce(EatWhatYouKill.java:173)
        at app//org.eclipse.jetty.util.thread.strategy.EatWhatYouKill.produce(EatWhatYouKill.java:137)
        at app//org.eclipse.jetty.io.ManagedSelector$$Lambda/0x00007fe9046a5948.run(Unknown Source)
        at app//org.eclipse.jetty.util.thread.QueuedThreadPool.runJob(QueuedThreadPool.java:883)
        at app//org.eclipse.jetty.util.thread.QueuedThreadPool$Runner.run(QueuedThreadPool.java:1034)
        at java.base@21.0.7/java.lang.Thread.runWith(Thread.java:1596)
        at java.base@21.0.7/java.lang.Thread.run(Thread.java:1583)
"pool-138-thread-1"  prio=5 tid=623 timed_waiting
java.lang.Thread.State: TIMED_WAITING
        at java.base@21.0.7/jdk.internal.misc.Unsafe.park(Native Method)
        at java.base@21.0.7/java.util.concurrent.locks.LockSupport.parkNanos(LockSupport.java:269)
        at java.base@21.0.7/java.util.concurrent.locks.AbstractQueuedSynchronizer$ConditionObject.awaitNanos(AbstractQueuedSynchronizer.java:1763)
        at java.base@21.0.7/java.util.concurrent.ScheduledThreadPoolExecutor$DelayedWorkQueue.take(ScheduledThreadPoolExecutor.java:1182)
        at java.base@21.0.7/java.util.concurrent.ScheduledThreadPoolExecutor$DelayedWorkQueue.take(ScheduledThreadPoolExecutor.java:899)
        at java.base@21.0.7/java.util.concurrent.ThreadPoolExecutor.getTask(ThreadPoolExecutor.java:1070)
        at java.base@21.0.7/java.util.concurrent.ThreadPoolExecutor.runWorker(ThreadPoolExecutor.java:1130)
        at java.base@21.0.7/java.util.concurrent.ThreadPoolExecutor$Worker.run(ThreadPoolExecutor.java:642)
        at java.base@21.0.7/java.lang.Thread.runWith(Thread.java:1596)
        at java.base@21.0.7/java.lang.Thread.run(Thread.java:1583)
"om1-DirectoryDeletingService#4" daemon prio=5 tid=488 in Object.wait()
java.lang.Thread.State: WAITING (on object monitor)
        at java.base@21.0.7/jdk.internal.misc.Unsafe.park(Native Method)
        at java.base@21.0.7/java.util.concurrent.locks.LockSupport.park(LockSupport.java:371)
        at java.base@21.0.7/java.util.concurrent.locks.AbstractQueuedSynchronizer$ConditionNode.block(AbstractQueuedSynchronizer.java:519)
        at java.base@21.0.7/java.util.concurrent.ForkJoinPool.unmanagedBlock(ForkJoinPool.java:3780)
        at java.base@21.0.7/java.util.concurrent.ForkJoinPool.managedBlock(ForkJoinPool.java:3725)
        at java.base@21.0.7/java.util.concurrent.locks.AbstractQueuedSynchronizer$ConditionObject.await(AbstractQueuedSynchronizer.java:1712)
        at java.base@21.0.7/java.util.concurrent.ScheduledThreadPoolExecutor$DelayedWorkQueue.take(ScheduledThreadPoolExecutor.java:1170)
        at java.base@21.0.7/java.util.concurrent.ScheduledThreadPoolExecutor$DelayedWorkQueue.take(ScheduledThreadPoolExecutor.java:899)
        at java.base@21.0.7/java.util.concurrent.ThreadPoolExecutor.getTask(ThreadPoolExecutor.java:1070)
        at java.base@21.0.7/java.util.concurrent.ThreadPoolExecutor.runWorker(ThreadPoolExecutor.java:1130)
        at java.base@21.0.7/java.util.concurrent.ThreadPoolExecutor$Worker.run(ThreadPoolExecutor.java:642)
        at java.base@21.0.7/java.lang.Thread.runWith(Thread.java:1596)
        at java.base@21.0.7/java.lang.Thread.run(Thread.java:1583)
"qtp588626443-684" daemon prio=5 tid=684 timed_waiting
java.lang.Thread.State: TIMED_WAITING
        at java.base@21.0.7/jdk.internal.misc.Unsafe.park(Native Method)
        at java.base@21.0.7/java.util.concurrent.locks.LockSupport.parkNanos(LockSupport.java:269)
        at java.base@21.0.7/java.util.concurrent.locks.AbstractQueuedSynchronizer$ConditionObject.awaitNanos(AbstractQueuedSynchronizer.java:1763)
        at app//org.eclipse.jetty.util.BlockingArrayQueue.poll(BlockingArrayQueue.java:382)
        at app//org.eclipse.jetty.util.thread.QueuedThreadPool$Runner.idleJobPoll(QueuedThreadPool.java:974)
        at app//org.eclipse.jetty.util.thread.QueuedThreadPool$Runner.run(QueuedThreadPool.java:1018)
        at java.base@21.0.7/java.lang.Thread.runWith(Thread.java:1596)
        at java.base@21.0.7/java.lang.Thread.run(Thread.java:1583)
"Socket Reader #8 for port 15001"  prio=5 tid=88 runnable
java.lang.Thread.State: RUNNABLE
        at java.base@21.0.7/sun.nio.ch.EPoll.wait(Native Method)
        at java.base@21.0.7/sun.nio.ch.EPollSelectorImpl.doSelect(EPollSelectorImpl.java:121)
        at java.base@21.0.7/sun.nio.ch.SelectorImpl.lockAndDoSelect(SelectorImpl.java:130)
        at java.base@21.0.7/sun.nio.ch.SelectorImpl.select(SelectorImpl.java:147)
        at app//org.apache.hadoop.ipc.Server$Listener$Reader.doRunLoop(Server.java:1497)
        at app//org.apache.hadoop.ipc.Server$Listener$Reader.run(Server.java:1476)
"qtp588626443-681" daemon prio=5 tid=681 runnable
java.lang.Thread.State: RUNNABLE
        at java.base@21.0.7/sun.nio.ch.EPoll.wait(Native Method)
        at java.base@21.0.7/sun.nio.ch.EPollSelectorImpl.doSelect(EPollSelectorImpl.java:121)
        at java.base@21.0.7/sun.nio.ch.SelectorImpl.lockAndDoSelect(SelectorImpl.java:130)
        at java.base@21.0.7/sun.nio.ch.SelectorImpl.select(SelectorImpl.java:147)
        at app//org.eclipse.jetty.io.ManagedSelector.nioSelect(ManagedSelector.java:183)
        at app//org.eclipse.jetty.io.ManagedSelector.select(ManagedSelector.java:190)
        at app//org.eclipse.jetty.io.ManagedSelector$SelectorProducer.select(ManagedSelector.java:606)
        at app//org.eclipse.jetty.io.ManagedSelector$SelectorProducer.produce(ManagedSelector.java:543)
        at app//org.eclipse.jetty.util.thread.strategy.EatWhatYouKill.produceTask(EatWhatYouKill.java:362)
        at app//org.eclipse.jetty.util.thread.strategy.EatWhatYouKill.doProduce(EatWhatYouKill.java:186)
        at app//org.eclipse.jetty.util.thread.strategy.EatWhatYouKill.tryProduce(EatWhatYouKill.java:173)
        at app//org.eclipse.jetty.util.thread.strategy.EatWhatYouKill.produce(EatWhatYouKill.java:137)
        at app//org.eclipse.jetty.io.ManagedSelector$$Lambda/0x00007fe9046a5948.run(Unknown Source)
        at app//org.eclipse.jetty.util.thread.QueuedThreadPool.runJob(QueuedThreadPool.java:883)
        at app//org.eclipse.jetty.util.thread.QueuedThreadPool$Runner.run(QueuedThreadPool.java:1034)
        at java.base@21.0.7/java.lang.Thread.runWith(Thread.java:1596)
        at java.base@21.0.7/java.lang.Thread.run(Thread.java:1583)
"Socket Reader #5 for port 15027"  prio=5 tid=644 runnable
java.lang.Thread.State: RUNNABLE
        at java.base@21.0.7/sun.nio.ch.EPoll.wait(Native Method)
        at java.base@21.0.7/sun.nio.ch.EPollSelectorImpl.doSelect(EPollSelectorImpl.java:121)
        at java.base@21.0.7/sun.nio.ch.SelectorImpl.lockAndDoSelect(SelectorImpl.java:130)
        at java.base@21.0.7/sun.nio.ch.SelectorImpl.select(SelectorImpl.java:147)
        at app//org.apache.hadoop.ipc.Server$Listener$Reader.doRunLoop(Server.java:1497)
        at app//org.apache.hadoop.ipc.Server$Listener$Reader.run(Server.java:1476)
"IPC Server handler 14 on default port 15006" daemon prio=5 tid=519 timed_waiting
java.lang.Thread.State: TIMED_WAITING
        at java.base@21.0.7/jdk.internal.misc.Unsafe.park(Native Method)
        at java.base@21.0.7/java.util.concurrent.locks.LockSupport.parkNanos(LockSupport.java:269)
        at java.base@21.0.7/java.util.concurrent.locks.AbstractQueuedSynchronizer$ConditionObject.awaitNanos(AbstractQueuedSynchronizer.java:1763)
        at java.base@21.0.7/java.util.concurrent.LinkedBlockingQueue.poll(LinkedBlockingQueue.java:460)
        at app//org.apache.hadoop.ipc.CallQueueManager.take(CallQueueManager.java:370)
        at app//org.apache.hadoop.ipc.Server$Handler.run(Server.java:3165)
"IPC Server handler 18 on default port 15002" daemon prio=5 tid=362 timed_waiting
java.lang.Thread.State: TIMED_WAITING
        at java.base@21.0.7/jdk.internal.misc.Unsafe.park(Native Method)
        at java.base@21.0.7/java.util.concurrent.locks.LockSupport.parkNanos(LockSupport.java:269)
        at java.base@21.0.7/java.util.concurrent.locks.AbstractQueuedSynchronizer$ConditionObject.awaitNanos(AbstractQueuedSynchronizer.java:1763)
        at java.base@21.0.7/java.util.concurrent.LinkedBlockingQueue.poll(LinkedBlockingQueue.java:460)
        at app//org.apache.hadoop.ipc.CallQueueManager.take(CallQueueManager.java:370)
        at app//org.apache.hadoop.ipc.Server$Handler.run(Server.java:3165)
"om1-impl-thread1"  prio=5 tid=452 timed_waiting
java.lang.Thread.State: TIMED_WAITING
        at java.base@21.0.7/jdk.internal.misc.Unsafe.park(Native Method)
        at java.base@21.0.7/java.util.concurrent.locks.LockSupport.parkNanos(LockSupport.java:410)
        at java.base@21.0.7/java.util.concurrent.LinkedTransferQueue$DualNode.await(LinkedTransferQueue.java:452)
        at java.base@21.0.7/java.util.concurrent.SynchronousQueue$Transferer.xferLifo(SynchronousQueue.java:194)
        at java.base@21.0.7/java.util.concurrent.SynchronousQueue.xfer(SynchronousQueue.java:235)
        at java.base@21.0.7/java.util.concurrent.SynchronousQueue.poll(SynchronousQueue.java:338)
        at java.base@21.0.7/java.util.concurrent.ThreadPoolExecutor.getTask(ThreadPoolExecutor.java:1069)
        at java.base@21.0.7/java.util.concurrent.ThreadPoolExecutor.runWorker(ThreadPoolExecutor.java:1130)
        at java.base@21.0.7/java.util.concurrent.ThreadPoolExecutor$Worker.run(ThreadPoolExecutor.java:642)
        at java.base@21.0.7/java.lang.Thread.runWith(Thread.java:1596)
        at java.base@21.0.7/java.lang.Thread.run(Thread.java:1583)
"dacc202e-cd42-4a7a-b335-fe62dff69130@group-F8F976EC3E9D-LeaderStateImpl" daemon prio=5 tid=1022 timed_waiting
java.lang.Thread.State: TIMED_WAITING
        at java.base@21.0.7/jdk.internal.misc.Unsafe.park(Native Method)
        at java.base@21.0.7/java.util.concurrent.locks.LockSupport.parkNanos(LockSupport.java:269)
        at java.base@21.0.7/java.util.concurrent.locks.AbstractQueuedSynchronizer$ConditionObject.awaitNanos(AbstractQueuedSynchronizer.java:1763)
        at java.base@21.0.7/java.util.concurrent.ArrayBlockingQueue.poll(ArrayBlockingQueue.java:435)
        at app//org.apache.ratis.server.impl.LeaderStateImpl$EventQueue.poll(LeaderStateImpl.java:164)
        at app//org.apache.ratis.server.impl.LeaderStateImpl$EventProcessor.run(LeaderStateImpl.java:763)
"pool-201-thread-1"  prio=5 tid=755 timed_waiting
java.lang.Thread.State: TIMED_WAITING
        at java.base@21.0.7/jdk.internal.misc.Unsafe.park(Native Method)
        at java.base@21.0.7/java.util.concurrent.locks.LockSupport.parkNanos(LockSupport.java:269)
        at java.base@21.0.7/java.util.concurrent.locks.AbstractQueuedSynchronizer$ConditionObject.awaitNanos(AbstractQueuedSynchronizer.java:1763)
        at java.base@21.0.7/java.util.concurrent.ScheduledThreadPoolExecutor$DelayedWorkQueue.take(ScheduledThreadPoolExecutor.java:1182)
        at java.base@21.0.7/java.util.concurrent.ScheduledThreadPoolExecutor$DelayedWorkQueue.take(ScheduledThreadPoolExecutor.java:899)
        at java.base@21.0.7/java.util.concurrent.ThreadPoolExecutor.getTask(ThreadPoolExecutor.java:1070)
        at java.base@21.0.7/java.util.concurrent.ThreadPoolExecutor.runWorker(ThreadPoolExecutor.java:1130)
        at java.base@21.0.7/java.util.concurrent.ThreadPoolExecutor$Worker.run(ThreadPoolExecutor.java:642)
        at java.base@21.0.7/java.lang.Thread.runWith(Thread.java:1596)
        at java.base@21.0.7/java.lang.Thread.run(Thread.java:1583)
"dacc202e-cd42-4a7a-b335-fe62dff69130-ChunkWriter-3-0" daemon prio=5 tid=815 in Object.wait()
java.lang.Thread.State: WAITING (on object monitor)
        at java.base@21.0.7/jdk.internal.misc.Unsafe.park(Native Method)
        at java.base@21.0.7/java.util.concurrent.locks.LockSupport.park(LockSupport.java:371)
        at java.base@21.0.7/java.util.concurrent.locks.AbstractQueuedSynchronizer$ConditionNode.block(AbstractQueuedSynchronizer.java:519)
        at java.base@21.0.7/java.util.concurrent.ForkJoinPool.unmanagedBlock(ForkJoinPool.java:3780)
        at java.base@21.0.7/java.util.concurrent.ForkJoinPool.managedBlock(ForkJoinPool.java:3725)
        at java.base@21.0.7/java.util.concurrent.locks.AbstractQueuedSynchronizer$ConditionObject.await(AbstractQueuedSynchronizer.java:1712)
        at java.base@21.0.7/java.util.concurrent.LinkedBlockingDeque.takeFirst(LinkedBlockingDeque.java:485)
        at java.base@21.0.7/java.util.concurrent.LinkedBlockingDeque.take(LinkedBlockingDeque.java:673)
        at java.base@21.0.7/java.util.concurrent.ThreadPoolExecutor.getTask(ThreadPoolExecutor.java:1070)
        at java.base@21.0.7/java.util.concurrent.ThreadPoolExecutor.runWorker(ThreadPoolExecutor.java:1130)
        at java.base@21.0.7/java.util.concurrent.ThreadPoolExecutor$Worker.run(ThreadPoolExecutor.java:642)
        at java.base@21.0.7/java.lang.Thread.runWith(Thread.java:1596)
        at java.base@21.0.7/java.lang.Thread.run(Thread.java:1583)
"IPC Server handler 12 on default port 15001" daemon prio=5 tid=238 timed_waiting
java.lang.Thread.State: TIMED_WAITING
        at java.base@21.0.7/jdk.internal.misc.Unsafe.park(Native Method)
        at java.base@21.0.7/java.util.concurrent.locks.LockSupport.parkNanos(LockSupport.java:269)
        at java.base@21.0.7/java.util.concurrent.locks.AbstractQueuedSynchronizer$ConditionObject.awaitNanos(AbstractQueuedSynchronizer.java:1763)
        at java.base@21.0.7/java.util.concurrent.LinkedBlockingQueue.poll(LinkedBlockingQueue.java:460)
        at app//org.apache.hadoop.ipc.CallQueueManager.take(CallQueueManager.java:370)
        at app//org.apache.hadoop.ipc.Server$Handler.run(Server.java:3165)
"IPC Server handler 57 on default port 15001" daemon prio=5 tid=283 timed_waiting
java.lang.Thread.State: TIMED_WAITING
        at java.base@21.0.7/jdk.internal.misc.Unsafe.park(Native Method)
        at java.base@21.0.7/java.util.concurrent.locks.LockSupport.parkNanos(LockSupport.java:269)
        at java.base@21.0.7/java.util.concurrent.locks.AbstractQueuedSynchronizer$ConditionObject.awaitNanos(AbstractQueuedSynchronizer.java:1763)
        at java.base@21.0.7/java.util.concurrent.LinkedBlockingQueue.poll(LinkedBlockingQueue.java:460)
        at app//org.apache.hadoop.ipc.CallQueueManager.take(CallQueueManager.java:370)
        at app//org.apache.hadoop.ipc.Server$Handler.run(Server.java:3165)
"78b7fabf-ca2a-4b70-8534-e46926e2083c-PipelineCommandHandlerThread-0"  prio=5 tid=963 in Object.wait()
java.lang.Thread.State: WAITING (on object monitor)
        at java.base@21.0.7/jdk.internal.misc.Unsafe.park(Native Method)
        at java.base@21.0.7/java.util.concurrent.locks.LockSupport.park(LockSupport.java:371)
        at java.base@21.0.7/java.util.concurrent.locks.AbstractQueuedSynchronizer$ConditionNode.block(AbstractQueuedSynchronizer.java:519)
        at java.base@21.0.7/java.util.concurrent.ForkJoinPool.unmanagedBlock(ForkJoinPool.java:3780)
        at java.base@21.0.7/java.util.concurrent.ForkJoinPool.managedBlock(ForkJoinPool.java:3725)
        at java.base@21.0.7/java.util.concurrent.locks.AbstractQueuedSynchronizer$ConditionObject.await(AbstractQueuedSynchronizer.java:1712)
        at java.base@21.0.7/java.util.concurrent.LinkedBlockingQueue.take(LinkedBlockingQueue.java:435)
        at java.base@21.0.7/java.util.concurrent.ThreadPoolExecutor.getTask(ThreadPoolExecutor.java:1070)
        at java.base@21.0.7/java.util.concurrent.ThreadPoolExecutor.runWorker(ThreadPoolExecutor.java:1130)
        at java.base@21.0.7/java.util.concurrent.ThreadPoolExecutor$Worker.run(ThreadPoolExecutor.java:642)
        at java.base@21.0.7/java.lang.Thread.runWith(Thread.java:1596)
        at java.base@21.0.7/java.lang.Thread.run(Thread.java:1583)
"ContainerMetadataScanner" daemon prio=5 tid=848 timed_waiting
java.lang.Thread.State: TIMED_WAITING
        at java.base@21.0.7/java.lang.Thread.sleep0(Native Method)
        at java.base@21.0.7/java.lang.Thread.sleep(Thread.java:509)
        at app//org.apache.hadoop.ozone.container.ozoneimpl.AbstractBackgroundContainerScanner.handleRemainingSleep(AbstractBackgroundContainerScanner.java:133)
        at app//org.apache.hadoop.ozone.container.ozoneimpl.AbstractBackgroundContainerScanner.runIteration(AbstractBackgroundContainerScanner.java:100)
        at app//org.apache.hadoop.ozone.container.ozoneimpl.AbstractBackgroundContainerScanner.run(AbstractBackgroundContainerScanner.java:59)
        at java.base@21.0.7/java.lang.Thread.runWith(Thread.java:1596)
        at java.base@21.0.7/java.lang.Thread.run(Thread.java:1583)
"IPC Server handler 43 on default port 15001" daemon prio=5 tid=269 timed_waiting
java.lang.Thread.State: TIMED_WAITING
        at java.base@21.0.7/jdk.internal.misc.Unsafe.park(Native Method)
        at java.base@21.0.7/java.util.concurrent.locks.LockSupport.parkNanos(LockSupport.java:269)
        at java.base@21.0.7/java.util.concurrent.locks.AbstractQueuedSynchronizer$ConditionObject.awaitNanos(AbstractQueuedSynchronizer.java:1763)
        at java.base@21.0.7/java.util.concurrent.LinkedBlockingQueue.poll(LinkedBlockingQueue.java:460)
        at app//org.apache.hadoop.ipc.CallQueueManager.take(CallQueueManager.java:370)
        at app//org.apache.hadoop.ipc.Server$Handler.run(Server.java:3165)
"IPC Server handler 7 on default port 15019" daemon prio=5 tid=608 timed_waiting
java.lang.Thread.State: TIMED_WAITING
        at java.base@21.0.7/jdk.internal.misc.Unsafe.park(Native Method)
        at java.base@21.0.7/java.util.concurrent.locks.LockSupport.parkNanos(LockSupport.java:269)
        at java.base@21.0.7/java.util.concurrent.locks.AbstractQueuedSynchronizer$ConditionObject.awaitNanos(AbstractQueuedSynchronizer.java:1763)
        at java.base@21.0.7/java.util.concurrent.LinkedBlockingQueue.poll(LinkedBlockingQueue.java:460)
        at app//org.apache.hadoop.ipc.CallQueueManager.take(CallQueueManager.java:370)
        at app//org.apache.hadoop.ipc.Server$Handler.run(Server.java:3165)
"grpc-default-executor-2" daemon prio=5 tid=983 timed_waiting
java.lang.Thread.State: TIMED_WAITING
        at java.base@21.0.7/jdk.internal.misc.Unsafe.park(Native Method)
        at java.base@21.0.7/java.util.concurrent.locks.LockSupport.parkNanos(LockSupport.java:410)
        at java.base@21.0.7/java.util.concurrent.LinkedTransferQueue$DualNode.await(LinkedTransferQueue.java:452)
        at java.base@21.0.7/java.util.concurrent.SynchronousQueue$Transferer.xferLifo(SynchronousQueue.java:194)
        at java.base@21.0.7/java.util.concurrent.SynchronousQueue.xfer(SynchronousQueue.java:235)
        at java.base@21.0.7/java.util.concurrent.SynchronousQueue.poll(SynchronousQueue.java:338)
        at java.base@21.0.7/java.util.concurrent.ThreadPoolExecutor.getTask(ThreadPoolExecutor.java:1069)
        at java.base@21.0.7/java.util.concurrent.ThreadPoolExecutor.runWorker(ThreadPoolExecutor.java:1130)
        at java.base@21.0.7/java.util.concurrent.ThreadPoolExecutor$Worker.run(ThreadPoolExecutor.java:642)
        at java.base@21.0.7/java.lang.Thread.runWith(Thread.java:1596)
        at java.base@21.0.7/java.lang.Thread.run(Thread.java:1583)
"IPC Server handler 5 on default port 15001" daemon prio=5 tid=231 timed_waiting
java.lang.Thread.State: TIMED_WAITING
        at java.base@21.0.7/jdk.internal.misc.Unsafe.park(Native Method)
        at java.base@21.0.7/java.util.concurrent.locks.LockSupport.parkNanos(LockSupport.java:269)
        at java.base@21.0.7/java.util.concurrent.locks.AbstractQueuedSynchronizer$ConditionObject.awaitNanos(AbstractQueuedSynchronizer.java:1763)
        at java.base@21.0.7/java.util.concurrent.LinkedBlockingQueue.poll(LinkedBlockingQueue.java:460)
        at app//org.apache.hadoop.ipc.CallQueueManager.take(CallQueueManager.java:370)
        at app//org.apache.hadoop.ipc.Server$Handler.run(Server.java:3165)
"IPC Server handler 19 on default port 15006" daemon prio=5 tid=524 timed_waiting
java.lang.Thread.State: TIMED_WAITING
        at java.base@21.0.7/jdk.internal.misc.Unsafe.park(Native Method)
        at java.base@21.0.7/java.util.concurrent.locks.LockSupport.parkNanos(LockSupport.java:269)
        at java.base@21.0.7/java.util.concurrent.locks.AbstractQueuedSynchronizer$ConditionObject.awaitNanos(AbstractQueuedSynchronizer.java:1763)
        at java.base@21.0.7/java.util.concurrent.LinkedBlockingQueue.poll(LinkedBlockingQueue.java:460)
        at app//org.apache.hadoop.ipc.CallQueueManager.take(CallQueueManager.java:370)
        at app//org.apache.hadoop.ipc.Server$Handler.run(Server.java:3165)
"Socket Reader #5 for port 15043"  prio=5 tid=779 runnable
java.lang.Thread.State: RUNNABLE
        at java.base@21.0.7/sun.nio.ch.EPoll.wait(Native Method)
        at java.base@21.0.7/sun.nio.ch.EPollSelectorImpl.doSelect(EPollSelectorImpl.java:121)
        at java.base@21.0.7/sun.nio.ch.SelectorImpl.lockAndDoSelect(SelectorImpl.java:130)
        at java.base@21.0.7/sun.nio.ch.SelectorImpl.select(SelectorImpl.java:147)
        at app//org.apache.hadoop.ipc.Server$Listener$Reader.doRunLoop(Server.java:1497)
        at app//org.apache.hadoop.ipc.Server$Listener$Reader.run(Server.java:1476)
"qtp1334632116-762" daemon prio=5 tid=762 timed_waiting
java.lang.Thread.State: TIMED_WAITING
        at java.base@21.0.7/jdk.internal.misc.Unsafe.park(Native Method)
        at java.base@21.0.7/java.util.concurrent.locks.LockSupport.parkNanos(LockSupport.java:269)
        at java.base@21.0.7/java.util.concurrent.locks.AbstractQueuedSynchronizer$ConditionObject.awaitNanos(AbstractQueuedSynchronizer.java:1763)
        at app//org.eclipse.jetty.util.BlockingArrayQueue.poll(BlockingArrayQueue.java:382)
        at app//org.eclipse.jetty.util.thread.QueuedThreadPool$Runner.idleJobPoll(QueuedThreadPool.java:974)
        at app//org.eclipse.jetty.util.thread.QueuedThreadPool$Runner.run(QueuedThreadPool.java:1018)
        at java.base@21.0.7/java.lang.Thread.runWith(Thread.java:1596)
        at java.base@21.0.7/java.lang.Thread.run(Thread.java:1583)
"Socket Reader #3 for port 15002"  prio=5 tid=69 runnable
java.lang.Thread.State: RUNNABLE
        at java.base@21.0.7/sun.nio.ch.EPoll.wait(Native Method)
        at java.base@21.0.7/sun.nio.ch.EPollSelectorImpl.doSelect(EPollSelectorImpl.java:121)
        at java.base@21.0.7/sun.nio.ch.SelectorImpl.lockAndDoSelect(SelectorImpl.java:130)
        at java.base@21.0.7/sun.nio.ch.SelectorImpl.select(SelectorImpl.java:147)
        at app//org.apache.hadoop.ipc.Server$Listener$Reader.doRunLoop(Server.java:1497)
        at app//org.apache.hadoop.ipc.Server$Listener$Reader.run(Server.java:1476)
"IPC Server handler 81 on default port 15000" daemon prio=5 tid=207 timed_waiting
java.lang.Thread.State: TIMED_WAITING
        at java.base@21.0.7/jdk.internal.misc.Unsafe.park(Native Method)
        at java.base@21.0.7/java.util.concurrent.locks.LockSupport.parkNanos(LockSupport.java:269)
        at java.base@21.0.7/java.util.concurrent.locks.AbstractQueuedSynchronizer$ConditionObject.awaitNanos(AbstractQueuedSynchronizer.java:1763)
        at java.base@21.0.7/java.util.concurrent.LinkedBlockingQueue.poll(LinkedBlockingQueue.java:460)
        at app//org.apache.hadoop.ipc.CallQueueManager.take(CallQueueManager.java:370)
        at app//org.apache.hadoop.ipc.Server$Handler.run(Server.java:3165)
"prometheus" daemon prio=5 tid=338 in Object.wait()
java.lang.Thread.State: WAITING (on object monitor)
        at java.base@21.0.7/java.lang.Object.wait0(Native Method)
        at java.base@21.0.7/java.lang.Object.wait(Object.java:366)
        at java.base@21.0.7/java.lang.Object.wait(Object.java:339)
        at app//org.apache.hadoop.metrics2.impl.SinkQueue.waitForData(SinkQueue.java:114)
        at app//org.apache.hadoop.metrics2.impl.SinkQueue.consumeAll(SinkQueue.java:83)
        at app//org.apache.hadoop.metrics2.impl.MetricsSinkAdapter.publishMetricsFromQueue(MetricsSinkAdapter.java:135)
        at app//org.apache.hadoop.metrics2.impl.MetricsSinkAdapter$1.run(MetricsSinkAdapter.java:89)
"2b1bfca1-1fdc-4b0a-9b4d-c21112718afa-PeriodicHDDSVolumeChecker" daemon prio=5 tid=825 timed_waiting
java.lang.Thread.State: TIMED_WAITING
        at java.base@21.0.7/jdk.internal.misc.Unsafe.park(Native Method)
        at java.base@21.0.7/java.util.concurrent.locks.LockSupport.parkNanos(LockSupport.java:269)
        at java.base@21.0.7/java.util.concurrent.locks.AbstractQueuedSynchronizer$ConditionObject.awaitNanos(AbstractQueuedSynchronizer.java:1763)
        at java.base@21.0.7/java.util.concurrent.ScheduledThreadPoolExecutor$DelayedWorkQueue.take(ScheduledThreadPoolExecutor.java:1182)
        at java.base@21.0.7/java.util.concurrent.ScheduledThreadPoolExecutor$DelayedWorkQueue.take(ScheduledThreadPoolExecutor.java:899)
        at java.base@21.0.7/java.util.concurrent.ThreadPoolExecutor.getTask(ThreadPoolExecutor.java:1070)
        at java.base@21.0.7/java.util.concurrent.ThreadPoolExecutor.runWorker(ThreadPoolExecutor.java:1130)
        at java.base@21.0.7/java.util.concurrent.ThreadPoolExecutor$Worker.run(ThreadPoolExecutor.java:642)
        at java.base@21.0.7/java.lang.Thread.runWith(Thread.java:1596)
        at java.base@21.0.7/java.lang.Thread.run(Thread.java:1583)
"qtp2014583896-332" daemon prio=5 tid=332 timed_waiting
java.lang.Thread.State: TIMED_WAITING
        at java.base@21.0.7/jdk.internal.misc.Unsafe.park(Native Method)
        at java.base@21.0.7/java.util.concurrent.locks.LockSupport.parkNanos(LockSupport.java:269)
        at java.base@21.0.7/java.util.concurrent.locks.AbstractQueuedSynchronizer$ConditionObject.awaitNanos(AbstractQueuedSynchronizer.java:1763)
        at app//org.eclipse.jetty.util.BlockingArrayQueue.poll(BlockingArrayQueue.java:382)
        at app//org.eclipse.jetty.util.thread.QueuedThreadPool$Runner.idleJobPoll(QueuedThreadPool.java:974)
        at app//org.eclipse.jetty.util.thread.QueuedThreadPool$Runner.run(QueuedThreadPool.java:1018)
        at java.base@21.0.7/java.lang.Thread.runWith(Thread.java:1596)
        at java.base@21.0.7/java.lang.Thread.run(Thread.java:1583)
"IPC Server handler 39 on default port 15000" daemon prio=5 tid=165 timed_waiting
java.lang.Thread.State: TIMED_WAITING
        at java.base@21.0.7/jdk.internal.misc.Unsafe.park(Native Method)
        at java.base@21.0.7/java.util.concurrent.locks.LockSupport.parkNanos(LockSupport.java:269)
        at java.base@21.0.7/java.util.concurrent.locks.AbstractQueuedSynchronizer$ConditionObject.awaitNanos(AbstractQueuedSynchronizer.java:1763)
        at java.base@21.0.7/java.util.concurrent.LinkedBlockingQueue.poll(LinkedBlockingQueue.java:460)
        at app//org.apache.hadoop.ipc.CallQueueManager.take(CallQueueManager.java:370)
        at app//org.apache.hadoop.ipc.Server$Handler.run(Server.java:3165)
"om1-DirectoryDeletingService#3" daemon prio=5 tid=487 in Object.wait()
java.lang.Thread.State: WAITING (on object monitor)
        at java.base@21.0.7/jdk.internal.misc.Unsafe.park(Native Method)
        at java.base@21.0.7/java.util.concurrent.locks.LockSupport.park(LockSupport.java:371)
        at java.base@21.0.7/java.util.concurrent.locks.AbstractQueuedSynchronizer$ConditionNode.block(AbstractQueuedSynchronizer.java:519)
        at java.base@21.0.7/java.util.concurrent.ForkJoinPool.unmanagedBlock(ForkJoinPool.java:3780)
        at java.base@21.0.7/java.util.concurrent.ForkJoinPool.managedBlock(ForkJoinPool.java:3725)
        at java.base@21.0.7/java.util.concurrent.locks.AbstractQueuedSynchronizer$ConditionObject.await(AbstractQueuedSynchronizer.java:1712)
        at java.base@21.0.7/java.util.concurrent.ScheduledThreadPoolExecutor$DelayedWorkQueue.take(ScheduledThreadPoolExecutor.java:1177)
        at java.base@21.0.7/java.util.concurrent.ScheduledThreadPoolExecutor$DelayedWorkQueue.take(ScheduledThreadPoolExecutor.java:899)
        at java.base@21.0.7/java.util.concurrent.ThreadPoolExecutor.getTask(ThreadPoolExecutor.java:1070)
        at java.base@21.0.7/java.util.concurrent.ThreadPoolExecutor.runWorker(ThreadPoolExecutor.java:1130)
        at java.base@21.0.7/java.util.concurrent.ThreadPoolExecutor$Worker.run(ThreadPoolExecutor.java:642)
        at java.base@21.0.7/java.lang.Thread.runWith(Thread.java:1596)
        at java.base@21.0.7/java.lang.Thread.run(Thread.java:1583)
"Finalizer" daemon prio=8 tid=10 in Object.wait()
java.lang.Thread.State: WAITING (on object monitor)
        at java.base@21.0.7/java.lang.Object.wait0(Native Method)
        at java.base@21.0.7/java.lang.Object.wait(Object.java:366)
        at java.base@21.0.7/java.lang.Object.wait(Object.java:339)
        at java.base@21.0.7/java.lang.ref.NativeReferenceQueue.await(NativeReferenceQueue.java:48)
        at java.base@21.0.7/java.lang.ref.ReferenceQueue.remove0(ReferenceQueue.java:158)
        at java.base@21.0.7/java.lang.ref.NativeReferenceQueue.remove(NativeReferenceQueue.java:89)
        at java.base@21.0.7/java.lang.ref.Finalizer$FinalizerThread.run(Finalizer.java:173)
"IPC Server listener on 15001" daemon prio=5 tid=80 runnable
java.lang.Thread.State: RUNNABLE
        at java.base@21.0.7/sun.nio.ch.EPoll.wait(Native Method)
        at java.base@21.0.7/sun.nio.ch.EPollSelectorImpl.doSelect(EPollSelectorImpl.java:121)
        at java.base@21.0.7/sun.nio.ch.SelectorImpl.lockAndDoSelect(SelectorImpl.java:130)
        at java.base@21.0.7/sun.nio.ch.SelectorImpl.select(SelectorImpl.java:147)
        at app//org.apache.hadoop.ipc.Server$Listener.run(Server.java:1559)
"IPC Server handler 4 on default port 15006" daemon prio=5 tid=509 timed_waiting
java.lang.Thread.State: TIMED_WAITING
        at java.base@21.0.7/jdk.internal.misc.Unsafe.park(Native Method)
        at java.base@21.0.7/java.util.concurrent.locks.LockSupport.parkNanos(LockSupport.java:269)
        at java.base@21.0.7/java.util.concurrent.locks.AbstractQueuedSynchronizer$ConditionObject.awaitNanos(AbstractQueuedSynchronizer.java:1763)
        at java.base@21.0.7/java.util.concurrent.LinkedBlockingQueue.poll(LinkedBlockingQueue.java:460)
        at app//org.apache.hadoop.ipc.CallQueueManager.take(CallQueueManager.java:370)
        at app//org.apache.hadoop.ipc.Server$Handler.run(Server.java:3165)
"IPC Server handler 44 on default port 15001" daemon prio=5 tid=270 timed_waiting
java.lang.Thread.State: TIMED_WAITING
        at java.base@21.0.7/jdk.internal.misc.Unsafe.park(Native Method)
        at java.base@21.0.7/java.util.concurrent.locks.LockSupport.parkNanos(LockSupport.java:269)
        at java.base@21.0.7/java.util.concurrent.locks.AbstractQueuedSynchronizer$ConditionObject.awaitNanos(AbstractQueuedSynchronizer.java:1763)
        at java.base@21.0.7/java.util.concurrent.LinkedBlockingQueue.poll(LinkedBlockingQueue.java:460)
        at app//org.apache.hadoop.ipc.CallQueueManager.take(CallQueueManager.java:370)
        at app//org.apache.hadoop.ipc.Server$Handler.run(Server.java:3165)
"IPC Server handler 8 on default port 15006" daemon prio=5 tid=513 timed_waiting
java.lang.Thread.State: TIMED_WAITING
        at java.base@21.0.7/jdk.internal.misc.Unsafe.park(Native Method)
        at java.base@21.0.7/java.util.concurrent.locks.LockSupport.parkNanos(LockSupport.java:269)
        at java.base@21.0.7/java.util.concurrent.locks.AbstractQueuedSynchronizer$ConditionObject.awaitNanos(AbstractQueuedSynchronizer.java:1763)
        at java.base@21.0.7/java.util.concurrent.LinkedBlockingQueue.poll(LinkedBlockingQueue.java:460)
        at app//org.apache.hadoop.ipc.CallQueueManager.take(CallQueueManager.java:370)
        at app//org.apache.hadoop.ipc.Server$Handler.run(Server.java:3165)
"IPC Server handler 8 on default port 15043" daemon prio=5 tid=796 timed_waiting
java.lang.Thread.State: TIMED_WAITING
        at java.base@21.0.7/jdk.internal.misc.Unsafe.park(Native Method)
        at java.base@21.0.7/java.util.concurrent.locks.LockSupport.parkNanos(LockSupport.java:269)
        at java.base@21.0.7/java.util.concurrent.locks.AbstractQueuedSynchronizer$ConditionObject.awaitNanos(AbstractQueuedSynchronizer.java:1763)
        at java.base@21.0.7/java.util.concurrent.LinkedBlockingQueue.poll(LinkedBlockingQueue.java:460)
        at app//org.apache.hadoop.ipc.CallQueueManager.take(CallQueueManager.java:370)
        at app//org.apache.hadoop.ipc.Server$Handler.run(Server.java:3165)
"IPC Server handler 17 on default port 15006" daemon prio=5 tid=522 timed_waiting
java.lang.Thread.State: TIMED_WAITING
        at java.base@21.0.7/jdk.internal.misc.Unsafe.park(Native Method)
        at java.base@21.0.7/java.util.concurrent.locks.LockSupport.parkNanos(LockSupport.java:269)
        at java.base@21.0.7/java.util.concurrent.locks.AbstractQueuedSynchronizer$ConditionObject.awaitNanos(AbstractQueuedSynchronizer.java:1763)
        at java.base@21.0.7/java.util.concurrent.LinkedBlockingQueue.poll(LinkedBlockingQueue.java:460)
        at app//org.apache.hadoop.ipc.CallQueueManager.take(CallQueueManager.java:370)
        at app//org.apache.hadoop.ipc.Server$Handler.run(Server.java:3165)
"IPC Server handler 23 on default port 15002" daemon prio=5 tid=367 timed_waiting
java.lang.Thread.State: TIMED_WAITING
        at java.base@21.0.7/jdk.internal.misc.Unsafe.park(Native Method)
        at java.base@21.0.7/java.util.concurrent.locks.LockSupport.parkNanos(LockSupport.java:269)
        at java.base@21.0.7/java.util.concurrent.locks.AbstractQueuedSynchronizer$ConditionObject.awaitNanos(AbstractQueuedSynchronizer.java:1763)
        at java.base@21.0.7/java.util.concurrent.LinkedBlockingQueue.poll(LinkedBlockingQueue.java:460)
        at app//org.apache.hadoop.ipc.CallQueueManager.take(CallQueueManager.java:370)
        at app//org.apache.hadoop.ipc.Server$Handler.run(Server.java:3165)
"IPC Server handler 86 on default port 15000" daemon prio=5 tid=212 timed_waiting
java.lang.Thread.State: TIMED_WAITING
        at java.base@21.0.7/jdk.internal.misc.Unsafe.park(Native Method)
        at java.base@21.0.7/java.util.concurrent.locks.LockSupport.parkNanos(LockSupport.java:269)
        at java.base@21.0.7/java.util.concurrent.locks.AbstractQueuedSynchronizer$ConditionObject.awaitNanos(AbstractQueuedSynchronizer.java:1763)
        at java.base@21.0.7/java.util.concurrent.LinkedBlockingQueue.poll(LinkedBlockingQueue.java:460)
        at app//org.apache.hadoop.ipc.CallQueueManager.take(CallQueueManager.java:370)
        at app//org.apache.hadoop.ipc.Server$Handler.run(Server.java:3165)
"Socket Reader #1 for port 15002"  prio=5 tid=67 runnable
java.lang.Thread.State: RUNNABLE
        at java.base@21.0.7/sun.nio.ch.EPoll.wait(Native Method)
        at java.base@21.0.7/sun.nio.ch.EPollSelectorImpl.doSelect(EPollSelectorImpl.java:121)
        at java.base@21.0.7/sun.nio.ch.SelectorImpl.lockAndDoSelect(SelectorImpl.java:130)
        at java.base@21.0.7/sun.nio.ch.SelectorImpl.select(SelectorImpl.java:147)
        at app//org.apache.hadoop.ipc.Server$Listener$Reader.doRunLoop(Server.java:1497)
        at app//org.apache.hadoop.ipc.Server$Listener$Reader.run(Server.java:1476)
"IPC Server handler 89 on default port 15000" daemon prio=5 tid=215 timed_waiting
java.lang.Thread.State: TIMED_WAITING
        at java.base@21.0.7/jdk.internal.misc.Unsafe.park(Native Method)
        at java.base@21.0.7/java.util.concurrent.locks.LockSupport.parkNanos(LockSupport.java:269)
        at java.base@21.0.7/java.util.concurrent.locks.AbstractQueuedSynchronizer$ConditionObject.awaitNanos(AbstractQueuedSynchronizer.java:1763)
        at java.base@21.0.7/java.util.concurrent.LinkedBlockingQueue.poll(LinkedBlockingQueue.java:460)
        at app//org.apache.hadoop.ipc.CallQueueManager.take(CallQueueManager.java:370)
        at app//org.apache.hadoop.ipc.Server$Handler.run(Server.java:3165)
"grpc-default-worker-ELG-5-3" daemon prio=5 tid=874 runnable
java.lang.Thread.State: RUNNABLE
        at app//org.apache.ratis.thirdparty.io.netty.channel.epoll.Native.epollWait0(Native Method)
        at app//org.apache.ratis.thirdparty.io.netty.channel.epoll.Native.epollWait(Native.java:193)
        at app//org.apache.ratis.thirdparty.io.netty.channel.epoll.EpollEventLoop.epollWait(EpollEventLoop.java:304)
        at app//org.apache.ratis.thirdparty.io.netty.channel.epoll.EpollEventLoop.run(EpollEventLoop.java:368)
        at app//org.apache.ratis.thirdparty.io.netty.util.concurrent.SingleThreadEventExecutor$4.run(SingleThreadEventExecutor.java:997)
        at app//org.apache.ratis.thirdparty.io.netty.util.internal.ThreadExecutorMap$2.run(ThreadExecutorMap.java:74)
        at app//org.apache.ratis.thirdparty.io.netty.util.concurrent.FastThreadLocalRunnable.run(FastThreadLocalRunnable.java:30)
        at java.base@21.0.7/java.lang.Thread.runWith(Thread.java:1596)
        at java.base@21.0.7/java.lang.Thread.run(Thread.java:1583)
"EventQueue-ReplicationManagerNotifyForReplicationManagerEventHandler" daemon prio=5 tid=1052 in Object.wait()
java.lang.Thread.State: WAITING (on object monitor)
        at java.base@21.0.7/jdk.internal.misc.Unsafe.park(Native Method)
        at java.base@21.0.7/java.util.concurrent.locks.LockSupport.park(LockSupport.java:371)
        at java.base@21.0.7/java.util.concurrent.locks.AbstractQueuedSynchronizer$ConditionNode.block(AbstractQueuedSynchronizer.java:519)
        at java.base@21.0.7/java.util.concurrent.ForkJoinPool.unmanagedBlock(ForkJoinPool.java:3780)
        at java.base@21.0.7/java.util.concurrent.ForkJoinPool.managedBlock(ForkJoinPool.java:3725)
        at java.base@21.0.7/java.util.concurrent.locks.AbstractQueuedSynchronizer$ConditionObject.await(AbstractQueuedSynchronizer.java:1712)
        at java.base@21.0.7/java.util.concurrent.LinkedBlockingQueue.take(LinkedBlockingQueue.java:435)
        at java.base@21.0.7/java.util.concurrent.ThreadPoolExecutor.getTask(ThreadPoolExecutor.java:1070)
        at java.base@21.0.7/java.util.concurrent.ThreadPoolExecutor.runWorker(ThreadPoolExecutor.java:1130)
        at java.base@21.0.7/java.util.concurrent.ThreadPoolExecutor$Worker.run(ThreadPoolExecutor.java:642)
        at java.base@21.0.7/java.lang.Thread.runWith(Thread.java:1596)
        at java.base@21.0.7/java.lang.Thread.run(Thread.java:1583)
"IPC Server handler 32 on default port 15000" daemon prio=5 tid=158 timed_waiting
java.lang.Thread.State: TIMED_WAITING
        at java.base@21.0.7/jdk.internal.misc.Unsafe.park(Native Method)
        at java.base@21.0.7/java.util.concurrent.locks.LockSupport.parkNanos(LockSupport.java:269)
        at java.base@21.0.7/java.util.concurrent.locks.AbstractQueuedSynchronizer$ConditionObject.awaitNanos(AbstractQueuedSynchronizer.java:1763)
        at java.base@21.0.7/java.util.concurrent.LinkedBlockingQueue.poll(LinkedBlockingQueue.java:460)
        at app//org.apache.hadoop.ipc.CallQueueManager.take(CallQueueManager.java:370)
        at app//org.apache.hadoop.ipc.Server$Handler.run(Server.java:3165)
"IPC Server handler 70 on default port 15002" daemon prio=5 tid=414 timed_waiting
java.lang.Thread.State: TIMED_WAITING
        at java.base@21.0.7/jdk.internal.misc.Unsafe.park(Native Method)
        at java.base@21.0.7/java.util.concurrent.locks.LockSupport.parkNanos(LockSupport.java:269)
        at java.base@21.0.7/java.util.concurrent.locks.AbstractQueuedSynchronizer$ConditionObject.awaitNanos(AbstractQueuedSynchronizer.java:1763)
        at java.base@21.0.7/java.util.concurrent.LinkedBlockingQueue.poll(LinkedBlockingQueue.java:460)
        at app//org.apache.hadoop.ipc.CallQueueManager.take(CallQueueManager.java:370)
        at app//org.apache.hadoop.ipc.Server$Handler.run(Server.java:3165)
"Hadoop-Metrics-Updater-0" daemon prio=5 tid=787 timed_waiting
java.lang.Thread.State: TIMED_WAITING
        at java.base@21.0.7/jdk.internal.misc.Unsafe.park(Native Method)
        at java.base@21.0.7/java.util.concurrent.locks.LockSupport.parkNanos(LockSupport.java:269)
        at java.base@21.0.7/java.util.concurrent.locks.AbstractQueuedSynchronizer$ConditionObject.awaitNanos(AbstractQueuedSynchronizer.java:1763)
        at java.base@21.0.7/java.util.concurrent.ScheduledThreadPoolExecutor$DelayedWorkQueue.take(ScheduledThreadPoolExecutor.java:1182)
        at java.base@21.0.7/java.util.concurrent.ScheduledThreadPoolExecutor$DelayedWorkQueue.take(ScheduledThreadPoolExecutor.java:899)
        at java.base@21.0.7/java.util.concurrent.ThreadPoolExecutor.getTask(ThreadPoolExecutor.java:1070)
        at java.base@21.0.7/java.util.concurrent.ThreadPoolExecutor.runWorker(ThreadPoolExecutor.java:1130)
        at java.base@21.0.7/java.util.concurrent.ThreadPoolExecutor$Worker.run(ThreadPoolExecutor.java:642)
        at java.base@21.0.7/java.lang.Thread.runWith(Thread.java:1596)
        at java.base@21.0.7/java.lang.Thread.run(Thread.java:1583)
"IPC Server idle connection scanner for port 15001" daemon prio=5 tid=91 timed_waiting
java.lang.Thread.State: TIMED_WAITING
        at java.base@21.0.7/java.lang.Object.wait0(Native Method)
        at java.base@21.0.7/java.lang.Object.wait(Object.java:366)
        at java.base@21.0.7/java.util.TimerThread.mainLoop(Timer.java:563)
        at java.base@21.0.7/java.util.TimerThread.run(Timer.java:516)
"IPC Server handler 35 on default port 15000" daemon prio=5 tid=161 timed_waiting
java.lang.Thread.State: TIMED_WAITING
        at java.base@21.0.7/jdk.internal.misc.Unsafe.park(Native Method)
        at java.base@21.0.7/java.util.concurrent.locks.LockSupport.parkNanos(LockSupport.java:269)
        at java.base@21.0.7/java.util.concurrent.locks.AbstractQueuedSynchronizer$ConditionObject.awaitNanos(AbstractQueuedSynchronizer.java:1763)
        at java.base@21.0.7/java.util.concurrent.LinkedBlockingQueue.poll(LinkedBlockingQueue.java:460)
        at app//org.apache.hadoop.ipc.CallQueueManager.take(CallQueueManager.java:370)
        at app//org.apache.hadoop.ipc.Server$Handler.run(Server.java:3165)
"IPC Server idle connection scanner for port 15019" daemon prio=5 tid=598 timed_waiting
java.lang.Thread.State: TIMED_WAITING
        at java.base@21.0.7/java.lang.Object.wait0(Native Method)
        at java.base@21.0.7/java.lang.Object.wait(Object.java:366)
        at java.base@21.0.7/java.util.TimerThread.mainLoop(Timer.java:563)
        at java.base@21.0.7/java.util.TimerThread.run(Timer.java:516)
"IPC Server handler 53 on default port 15002" daemon prio=5 tid=397 timed_waiting
java.lang.Thread.State: TIMED_WAITING
        at java.base@21.0.7/jdk.internal.misc.Unsafe.park(Native Method)
        at java.base@21.0.7/java.util.concurrent.locks.LockSupport.parkNanos(LockSupport.java:269)
        at java.base@21.0.7/java.util.concurrent.locks.AbstractQueuedSynchronizer$ConditionObject.awaitNanos(AbstractQueuedSynchronizer.java:1763)
        at java.base@21.0.7/java.util.concurrent.LinkedBlockingQueue.poll(LinkedBlockingQueue.java:460)
        at app//org.apache.hadoop.ipc.CallQueueManager.take(CallQueueManager.java:370)
        at app//org.apache.hadoop.ipc.Server$Handler.run(Server.java:3165)
"IPC Server handler 72 on default port 15002" daemon prio=5 tid=416 timed_waiting
java.lang.Thread.State: TIMED_WAITING
        at java.base@21.0.7/jdk.internal.misc.Unsafe.park(Native Method)
        at java.base@21.0.7/java.util.concurrent.locks.LockSupport.parkNanos(LockSupport.java:269)
        at java.base@21.0.7/java.util.concurrent.locks.AbstractQueuedSynchronizer$ConditionObject.awaitNanos(AbstractQueuedSynchronizer.java:1763)
        at java.base@21.0.7/java.util.concurrent.LinkedBlockingQueue.poll(LinkedBlockingQueue.java:460)
        at app//org.apache.hadoop.ipc.CallQueueManager.take(CallQueueManager.java:370)
        at app//org.apache.hadoop.ipc.Server$Handler.run(Server.java:3165)
"qtp2014583896-333" daemon prio=5 tid=333 timed_waiting
java.lang.Thread.State: TIMED_WAITING
        at java.base@21.0.7/jdk.internal.misc.Unsafe.park(Native Method)
        at java.base@21.0.7/java.util.concurrent.locks.LockSupport.parkNanos(LockSupport.java:269)
        at java.base@21.0.7/java.util.concurrent.locks.AbstractQueuedSynchronizer$ConditionObject.awaitNanos(AbstractQueuedSynchronizer.java:1763)
        at app//org.eclipse.jetty.util.BlockingArrayQueue.poll(BlockingArrayQueue.java:382)
        at app//org.eclipse.jetty.util.thread.QueuedThreadPool$Runner.idleJobPoll(QueuedThreadPool.java:974)
        at app//org.eclipse.jetty.util.thread.QueuedThreadPool$Runner.run(QueuedThreadPool.java:1018)
        at java.base@21.0.7/java.lang.Thread.runWith(Thread.java:1596)
        at java.base@21.0.7/java.lang.Thread.run(Thread.java:1583)
"IPC Server handler 33 on default port 15001" daemon prio=5 tid=259 timed_waiting
java.lang.Thread.State: TIMED_WAITING
        at java.base@21.0.7/jdk.internal.misc.Unsafe.park(Native Method)
        at java.base@21.0.7/java.util.concurrent.locks.LockSupport.parkNanos(LockSupport.java:269)
        at java.base@21.0.7/java.util.concurrent.locks.AbstractQueuedSynchronizer$ConditionObject.awaitNanos(AbstractQueuedSynchronizer.java:1763)
        at java.base@21.0.7/java.util.concurrent.LinkedBlockingQueue.poll(LinkedBlockingQueue.java:460)
        at app//org.apache.hadoop.ipc.CallQueueManager.take(CallQueueManager.java:370)
        at app//org.apache.hadoop.ipc.Server$Handler.run(Server.java:3165)
"qtp1044130468-581" daemon prio=5 tid=581 timed_waiting
java.lang.Thread.State: TIMED_WAITING
        at java.base@21.0.7/jdk.internal.misc.Unsafe.park(Native Method)
        at java.base@21.0.7/java.util.concurrent.locks.LockSupport.parkNanos(LockSupport.java:269)
        at java.base@21.0.7/java.util.concurrent.locks.AbstractQueuedSynchronizer$ConditionObject.awaitNanos(AbstractQueuedSynchronizer.java:1763)
        at app//org.eclipse.jetty.util.BlockingArrayQueue.poll(BlockingArrayQueue.java:382)
        at app//org.eclipse.jetty.util.thread.QueuedThreadPool$Runner.idleJobPoll(QueuedThreadPool.java:974)
        at app//org.eclipse.jetty.util.thread.QueuedThreadPool$Runner.run(QueuedThreadPool.java:1018)
        at java.base@21.0.7/java.lang.Thread.runWith(Thread.java:1596)
        at java.base@21.0.7/java.lang.Thread.run(Thread.java:1583)
"om1-KeyDeletingService#2" daemon prio=5 tid=481 in Object.wait()
java.lang.Thread.State: WAITING (on object monitor)
        at java.base@21.0.7/jdk.internal.misc.Unsafe.park(Native Method)
        at java.base@21.0.7/java.util.concurrent.locks.LockSupport.park(LockSupport.java:371)
        at java.base@21.0.7/java.util.concurrent.locks.AbstractQueuedSynchronizer$ConditionNode.block(AbstractQueuedSynchronizer.java:519)
        at java.base@21.0.7/java.util.concurrent.ForkJoinPool.unmanagedBlock(ForkJoinPool.java:3780)
        at java.base@21.0.7/java.util.concurrent.ForkJoinPool.managedBlock(ForkJoinPool.java:3725)
        at java.base@21.0.7/java.util.concurrent.locks.AbstractQueuedSynchronizer$ConditionObject.await(AbstractQueuedSynchronizer.java:1712)
        at java.base@21.0.7/java.util.concurrent.ScheduledThreadPoolExecutor$DelayedWorkQueue.take(ScheduledThreadPoolExecutor.java:1177)
        at java.base@21.0.7/java.util.concurrent.ScheduledThreadPoolExecutor$DelayedWorkQueue.take(ScheduledThreadPoolExecutor.java:899)
        at java.base@21.0.7/java.util.concurrent.ThreadPoolExecutor.getTask(ThreadPoolExecutor.java:1070)
        at java.base@21.0.7/java.util.concurrent.ThreadPoolExecutor.runWorker(ThreadPoolExecutor.java:1130)
        at java.base@21.0.7/java.util.concurrent.ThreadPoolExecutor$Worker.run(ThreadPoolExecutor.java:642)
        at java.base@21.0.7/java.lang.Thread.runWith(Thread.java:1596)
        at java.base@21.0.7/java.lang.Thread.run(Thread.java:1583)
"surefire-process-checker" daemon prio=5 tid=26 timed_waiting
java.lang.Thread.State: TIMED_WAITING
        at java.base@21.0.7/jdk.internal.misc.Unsafe.park(Native Method)
        at java.base@21.0.7/java.util.concurrent.locks.LockSupport.parkNanos(LockSupport.java:269)
        at java.base@21.0.7/java.util.concurrent.locks.AbstractQueuedSynchronizer$ConditionObject.awaitNanos(AbstractQueuedSynchronizer.java:1763)
        at java.base@21.0.7/java.util.concurrent.ScheduledThreadPoolExecutor$DelayedWorkQueue.take(ScheduledThreadPoolExecutor.java:1182)
        at java.base@21.0.7/java.util.concurrent.ScheduledThreadPoolExecutor$DelayedWorkQueue.take(ScheduledThreadPoolExecutor.java:899)
        at java.base@21.0.7/java.util.concurrent.ThreadPoolExecutor.getTask(ThreadPoolExecutor.java:1070)
        at java.base@21.0.7/java.util.concurrent.ThreadPoolExecutor.runWorker(ThreadPoolExecutor.java:1130)
        at java.base@21.0.7/java.util.concurrent.ThreadPoolExecutor$Worker.run(ThreadPoolExecutor.java:642)
        at java.base@21.0.7/java.lang.Thread.runWith(Thread.java:1596)
        at java.base@21.0.7/java.lang.Thread.run(Thread.java:1583)
"IPC Server handler 5 on default port 15019" daemon prio=5 tid=606 timed_waiting
java.lang.Thread.State: TIMED_WAITING
        at java.base@21.0.7/jdk.internal.misc.Unsafe.park(Native Method)
        at java.base@21.0.7/java.util.concurrent.locks.LockSupport.parkNanos(LockSupport.java:269)
        at java.base@21.0.7/java.util.concurrent.locks.AbstractQueuedSynchronizer$ConditionObject.awaitNanos(AbstractQueuedSynchronizer.java:1763)
        at java.base@21.0.7/java.util.concurrent.LinkedBlockingQueue.poll(LinkedBlockingQueue.java:460)
        at app//org.apache.hadoop.ipc.CallQueueManager.take(CallQueueManager.java:370)
        at app//org.apache.hadoop.ipc.Server$Handler.run(Server.java:3165)
"IPC Server handler 17 on default port 15001" daemon prio=5 tid=243 timed_waiting
java.lang.Thread.State: TIMED_WAITING
        at java.base@21.0.7/jdk.internal.misc.Unsafe.park(Native Method)
        at java.base@21.0.7/java.util.concurrent.locks.LockSupport.parkNanos(LockSupport.java:269)
        at java.base@21.0.7/java.util.concurrent.locks.AbstractQueuedSynchronizer$ConditionObject.awaitNanos(AbstractQueuedSynchronizer.java:1763)
        at java.base@21.0.7/java.util.concurrent.LinkedBlockingQueue.poll(LinkedBlockingQueue.java:460)
        at app//org.apache.hadoop.ipc.CallQueueManager.take(CallQueueManager.java:370)
        at app//org.apache.hadoop.ipc.Server$Handler.run(Server.java:3165)
"qtp588626443-680" daemon prio=5 tid=680 runnable
java.lang.Thread.State: RUNNABLE
        at java.base@21.0.7/sun.nio.ch.EPoll.wait(Native Method)
        at java.base@21.0.7/sun.nio.ch.EPollSelectorImpl.doSelect(EPollSelectorImpl.java:121)
        at java.base@21.0.7/sun.nio.ch.SelectorImpl.lockAndDoSelect(SelectorImpl.java:130)
        at java.base@21.0.7/sun.nio.ch.SelectorImpl.select(SelectorImpl.java:147)
        at app//org.eclipse.jetty.io.ManagedSelector.nioSelect(ManagedSelector.java:183)
        at app//org.eclipse.jetty.io.ManagedSelector.select(ManagedSelector.java:190)
        at app//org.eclipse.jetty.io.ManagedSelector$SelectorProducer.select(ManagedSelector.java:606)
        at app//org.eclipse.jetty.io.ManagedSelector$SelectorProducer.produce(ManagedSelector.java:543)
        at app//org.eclipse.jetty.util.thread.strategy.EatWhatYouKill.produceTask(EatWhatYouKill.java:362)
        at app//org.eclipse.jetty.util.thread.strategy.EatWhatYouKill.doProduce(EatWhatYouKill.java:186)
        at app//org.eclipse.jetty.util.thread.strategy.EatWhatYouKill.tryProduce(EatWhatYouKill.java:173)
        at app//org.eclipse.jetty.util.thread.strategy.EatWhatYouKill.produce(EatWhatYouKill.java:137)
        at app//org.eclipse.jetty.io.ManagedSelector$$Lambda/0x00007fe9046a5948.run(Unknown Source)
        at app//org.eclipse.jetty.util.thread.QueuedThreadPool.runJob(QueuedThreadPool.java:883)
        at app//org.eclipse.jetty.util.thread.QueuedThreadPool$Runner.run(QueuedThreadPool.java:1034)
        at java.base@21.0.7/java.lang.Thread.runWith(Thread.java:1596)
        at java.base@21.0.7/java.lang.Thread.run(Thread.java:1583)
"Socket Reader #8 for port 15000"  prio=5 tid=102 runnable
java.lang.Thread.State: RUNNABLE
        at java.base@21.0.7/sun.nio.ch.EPoll.wait(Native Method)
        at java.base@21.0.7/sun.nio.ch.EPollSelectorImpl.doSelect(EPollSelectorImpl.java:121)
        at java.base@21.0.7/sun.nio.ch.SelectorImpl.lockAndDoSelect(SelectorImpl.java:130)
        at java.base@21.0.7/sun.nio.ch.SelectorImpl.select(SelectorImpl.java:147)
        at app//org.apache.hadoop.ipc.Server$Listener$Reader.doRunLoop(Server.java:1497)
        at app//org.apache.hadoop.ipc.Server$Listener$Reader.run(Server.java:1476)
"Socket Reader #2 for port 15006"  prio=5 tid=457 runnable
java.lang.Thread.State: RUNNABLE
        at java.base@21.0.7/sun.nio.ch.EPoll.wait(Native Method)
        at java.base@21.0.7/sun.nio.ch.EPollSelectorImpl.doSelect(EPollSelectorImpl.java:121)
        at java.base@21.0.7/sun.nio.ch.SelectorImpl.lockAndDoSelect(SelectorImpl.java:130)
        at java.base@21.0.7/sun.nio.ch.SelectorImpl.select(SelectorImpl.java:147)
        at app//org.apache.hadoop.ipc.Server$Listener$Reader.doRunLoop(Server.java:1497)
        at app//org.apache.hadoop.ipc.Server$Listener$Reader.run(Server.java:1476)
"78b7fabf-ca2a-4b70-8534-e46926e2083c-DatanodeReportManager-1" daemon prio=5 tid=800 in Object.wait()
java.lang.Thread.State: WAITING (on object monitor)
        at java.base@21.0.7/jdk.internal.misc.Unsafe.park(Native Method)
        at java.base@21.0.7/java.util.concurrent.locks.LockSupport.park(LockSupport.java:371)
        at java.base@21.0.7/java.util.concurrent.locks.AbstractQueuedSynchronizer$ConditionNode.block(AbstractQueuedSynchronizer.java:519)
        at java.base@21.0.7/java.util.concurrent.ForkJoinPool.unmanagedBlock(ForkJoinPool.java:3780)
        at java.base@21.0.7/java.util.concurrent.ForkJoinPool.managedBlock(ForkJoinPool.java:3725)
        at java.base@21.0.7/java.util.concurrent.locks.AbstractQueuedSynchronizer$ConditionObject.await(AbstractQueuedSynchronizer.java:1712)
        at java.base@21.0.7/java.util.concurrent.ScheduledThreadPoolExecutor$DelayedWorkQueue.take(ScheduledThreadPoolExecutor.java:1177)
        at java.base@21.0.7/java.util.concurrent.ScheduledThreadPoolExecutor$DelayedWorkQueue.take(ScheduledThreadPoolExecutor.java:899)
        at java.base@21.0.7/java.util.concurrent.ThreadPoolExecutor.getTask(ThreadPoolExecutor.java:1070)
        at java.base@21.0.7/java.util.concurrent.ThreadPoolExecutor.runWorker(ThreadPoolExecutor.java:1130)
        at java.base@21.0.7/java.util.concurrent.ThreadPoolExecutor$Worker.run(ThreadPoolExecutor.java:642)
        at java.base@21.0.7/java.lang.Thread.runWith(Thread.java:1596)
        at java.base@21.0.7/java.lang.Thread.run(Thread.java:1583)
"Hadoop-Metrics-Updater-0" daemon prio=5 tid=652 timed_waiting
java.lang.Thread.State: TIMED_WAITING
        at java.base@21.0.7/jdk.internal.misc.Unsafe.park(Native Method)
        at java.base@21.0.7/java.util.concurrent.locks.LockSupport.parkNanos(LockSupport.java:269)
        at java.base@21.0.7/java.util.concurrent.locks.AbstractQueuedSynchronizer$ConditionObject.awaitNanos(AbstractQueuedSynchronizer.java:1763)
        at java.base@21.0.7/java.util.concurrent.ScheduledThreadPoolExecutor$DelayedWorkQueue.take(ScheduledThreadPoolExecutor.java:1182)
        at java.base@21.0.7/java.util.concurrent.ScheduledThreadPoolExecutor$DelayedWorkQueue.take(ScheduledThreadPoolExecutor.java:899)
        at java.base@21.0.7/java.util.concurrent.ThreadPoolExecutor.getTask(ThreadPoolExecutor.java:1070)
        at java.base@21.0.7/java.util.concurrent.ThreadPoolExecutor.runWorker(ThreadPoolExecutor.java:1130)
        at java.base@21.0.7/java.util.concurrent.ThreadPoolExecutor$Worker.run(ThreadPoolExecutor.java:642)
        at java.base@21.0.7/java.lang.Thread.runWith(Thread.java:1596)
        at java.base@21.0.7/java.lang.Thread.run(Thread.java:1583)
"IPC Server handler 30 on default port 15001" daemon prio=5 tid=256 timed_waiting
java.lang.Thread.State: TIMED_WAITING
        at java.base@21.0.7/jdk.internal.misc.Unsafe.park(Native Method)
        at java.base@21.0.7/java.util.concurrent.locks.LockSupport.parkNanos(LockSupport.java:269)
        at java.base@21.0.7/java.util.concurrent.locks.AbstractQueuedSynchronizer$ConditionObject.awaitNanos(AbstractQueuedSynchronizer.java:1763)
        at java.base@21.0.7/java.util.concurrent.LinkedBlockingQueue.poll(LinkedBlockingQueue.java:460)
        at app//org.apache.hadoop.ipc.CallQueueManager.take(CallQueueManager.java:370)
        at app//org.apache.hadoop.ipc.Server$Handler.run(Server.java:3165)
"IPC Server handler 26 on default port 15002" daemon prio=5 tid=370 timed_waiting
java.lang.Thread.State: TIMED_WAITING
        at java.base@21.0.7/jdk.internal.misc.Unsafe.park(Native Method)
        at java.base@21.0.7/java.util.concurrent.locks.LockSupport.parkNanos(LockSupport.java:269)
        at java.base@21.0.7/java.util.concurrent.locks.AbstractQueuedSynchronizer$ConditionObject.awaitNanos(AbstractQueuedSynchronizer.java:1763)
        at java.base@21.0.7/java.util.concurrent.LinkedBlockingQueue.poll(LinkedBlockingQueue.java:460)
        at app//org.apache.hadoop.ipc.CallQueueManager.take(CallQueueManager.java:370)
        at app//org.apache.hadoop.ipc.Server$Handler.run(Server.java:3165)
"IPC Server handler 31 on default port 15000" daemon prio=5 tid=157 timed_waiting
java.lang.Thread.State: TIMED_WAITING
        at java.base@21.0.7/jdk.internal.misc.Unsafe.park(Native Method)
        at java.base@21.0.7/java.util.concurrent.locks.LockSupport.parkNanos(LockSupport.java:269)
        at java.base@21.0.7/java.util.concurrent.locks.AbstractQueuedSynchronizer$ConditionObject.awaitNanos(AbstractQueuedSynchronizer.java:1763)
        at java.base@21.0.7/java.util.concurrent.LinkedBlockingQueue.poll(LinkedBlockingQueue.java:460)
        at app//org.apache.hadoop.ipc.CallQueueManager.take(CallQueueManager.java:370)
        at app//org.apache.hadoop.ipc.Server$Handler.run(Server.java:3165)
"IPC Server handler 76 on default port 15002" daemon prio=5 tid=420 timed_waiting
java.lang.Thread.State: TIMED_WAITING
        at java.base@21.0.7/jdk.internal.misc.Unsafe.park(Native Method)
        at java.base@21.0.7/java.util.concurrent.locks.LockSupport.parkNanos(LockSupport.java:269)
        at java.base@21.0.7/java.util.concurrent.locks.AbstractQueuedSynchronizer$ConditionObject.awaitNanos(AbstractQueuedSynchronizer.java:1763)
        at java.base@21.0.7/java.util.concurrent.LinkedBlockingQueue.poll(LinkedBlockingQueue.java:460)
        at app//org.apache.hadoop.ipc.CallQueueManager.take(CallQueueManager.java:370)
        at app//org.apache.hadoop.ipc.Server$Handler.run(Server.java:3165)
"IPC Server handler 65 on default port 15000" daemon prio=5 tid=191 timed_waiting
java.lang.Thread.State: TIMED_WAITING
        at java.base@21.0.7/jdk.internal.misc.Unsafe.park(Native Method)
        at java.base@21.0.7/java.util.concurrent.locks.LockSupport.parkNanos(LockSupport.java:269)
        at java.base@21.0.7/java.util.concurrent.locks.AbstractQueuedSynchronizer$ConditionObject.awaitNanos(AbstractQueuedSynchronizer.java:1763)
        at java.base@21.0.7/java.util.concurrent.LinkedBlockingQueue.poll(LinkedBlockingQueue.java:460)
        at app//org.apache.hadoop.ipc.CallQueueManager.take(CallQueueManager.java:370)
        at app//org.apache.hadoop.ipc.Server$Handler.run(Server.java:3165)
"IPC Server handler 88 on default port 15000" daemon prio=5 tid=214 timed_waiting
java.lang.Thread.State: TIMED_WAITING
        at java.base@21.0.7/jdk.internal.misc.Unsafe.park(Native Method)
        at java.base@21.0.7/java.util.concurrent.locks.LockSupport.parkNanos(LockSupport.java:269)
        at java.base@21.0.7/java.util.concurrent.locks.AbstractQueuedSynchronizer$ConditionObject.awaitNanos(AbstractQueuedSynchronizer.java:1763)
        at java.base@21.0.7/java.util.concurrent.LinkedBlockingQueue.poll(LinkedBlockingQueue.java:460)
        at app//org.apache.hadoop.ipc.CallQueueManager.take(CallQueueManager.java:370)
        at app//org.apache.hadoop.ipc.Server$Handler.run(Server.java:3165)
"IPC Server handler 11 on default port 15000" daemon prio=5 tid=137 timed_waiting
java.lang.Thread.State: TIMED_WAITING
        at java.base@21.0.7/jdk.internal.misc.Unsafe.park(Native Method)
        at java.base@21.0.7/java.util.concurrent.locks.LockSupport.parkNanos(LockSupport.java:269)
        at java.base@21.0.7/java.util.concurrent.locks.AbstractQueuedSynchronizer$ConditionObject.awaitNanos(AbstractQueuedSynchronizer.java:1763)
        at java.base@21.0.7/java.util.concurrent.LinkedBlockingQueue.poll(LinkedBlockingQueue.java:460)
        at app//org.apache.hadoop.ipc.CallQueueManager.take(CallQueueManager.java:370)
        at app//org.apache.hadoop.ipc.Server$Handler.run(Server.java:3165)
"Socket Reader #1 for port 15000"  prio=5 tid=95 runnable
java.lang.Thread.State: RUNNABLE
        at java.base@21.0.7/sun.nio.ch.EPoll.wait(Native Method)
        at java.base@21.0.7/sun.nio.ch.EPollSelectorImpl.doSelect(EPollSelectorImpl.java:121)
        at java.base@21.0.7/sun.nio.ch.SelectorImpl.lockAndDoSelect(SelectorImpl.java:130)
        at java.base@21.0.7/sun.nio.ch.SelectorImpl.select(SelectorImpl.java:147)
        at app//org.apache.hadoop.ipc.Server$Listener$Reader.doRunLoop(Server.java:1497)
        at app//org.apache.hadoop.ipc.Server$Listener$Reader.run(Server.java:1476)
"IPC Server handler 66 on default port 15001" daemon prio=5 tid=292 timed_waiting
java.lang.Thread.State: TIMED_WAITING
        at java.base@21.0.7/jdk.internal.misc.Unsafe.park(Native Method)
        at java.base@21.0.7/java.util.concurrent.locks.LockSupport.parkNanos(LockSupport.java:269)
        at java.base@21.0.7/java.util.concurrent.locks.AbstractQueuedSynchronizer$ConditionObject.awaitNanos(AbstractQueuedSynchronizer.java:1763)
        at java.base@21.0.7/java.util.concurrent.LinkedBlockingQueue.poll(LinkedBlockingQueue.java:460)
        at app//org.apache.hadoop.ipc.CallQueueManager.take(CallQueueManager.java:370)
        at app//org.apache.hadoop.ipc.Server$Handler.run(Server.java:3165)
"dacc202e-cd42-4a7a-b335-fe62dff69130-DatanodeReportManager-3" daemon prio=5 tid=667 timed_waiting
java.lang.Thread.State: TIMED_WAITING
        at java.base@21.0.7/jdk.internal.misc.Unsafe.park(Native Method)
        at java.base@21.0.7/java.util.concurrent.locks.LockSupport.parkNanos(LockSupport.java:269)
        at java.base@21.0.7/java.util.concurrent.locks.AbstractQueuedSynchronizer$ConditionObject.awaitNanos(AbstractQueuedSynchronizer.java:1763)
        at java.base@21.0.7/java.util.concurrent.ScheduledThreadPoolExecutor$DelayedWorkQueue.take(ScheduledThreadPoolExecutor.java:1182)
        at java.base@21.0.7/java.util.concurrent.ScheduledThreadPoolExecutor$DelayedWorkQueue.take(ScheduledThreadPoolExecutor.java:899)
        at java.base@21.0.7/java.util.concurrent.ThreadPoolExecutor.getTask(ThreadPoolExecutor.java:1070)
        at java.base@21.0.7/java.util.concurrent.ThreadPoolExecutor.runWorker(ThreadPoolExecutor.java:1130)
        at java.base@21.0.7/java.util.concurrent.ThreadPoolExecutor$Worker.run(ThreadPoolExecutor.java:642)
        at java.base@21.0.7/java.lang.Thread.runWith(Thread.java:1596)
        at java.base@21.0.7/java.lang.Thread.run(Thread.java:1583)
"qtp207012443-629" daemon prio=5 tid=629 timed_waiting
java.lang.Thread.State: TIMED_WAITING
        at java.base@21.0.7/jdk.internal.misc.Unsafe.park(Native Method)
        at java.base@21.0.7/java.util.concurrent.locks.LockSupport.parkNanos(LockSupport.java:269)
        at java.base@21.0.7/java.util.concurrent.locks.AbstractQueuedSynchronizer$ConditionObject.awaitNanos(AbstractQueuedSynchronizer.java:1763)
        at app//org.eclipse.jetty.util.BlockingArrayQueue.poll(BlockingArrayQueue.java:382)
        at app//org.eclipse.jetty.util.thread.QueuedThreadPool$Runner.idleJobPoll(QueuedThreadPool.java:974)
        at app//org.eclipse.jetty.util.thread.QueuedThreadPool$Runner.run(QueuedThreadPool.java:1018)
        at java.base@21.0.7/java.lang.Thread.runWith(Thread.java:1596)
        at java.base@21.0.7/java.lang.Thread.run(Thread.java:1583)
"IPC Server handler 13 on default port 15001" daemon prio=5 tid=239 timed_waiting
java.lang.Thread.State: TIMED_WAITING
        at java.base@21.0.7/jdk.internal.misc.Unsafe.park(Native Method)
        at java.base@21.0.7/java.util.concurrent.locks.LockSupport.parkNanos(LockSupport.java:269)
        at java.base@21.0.7/java.util.concurrent.locks.AbstractQueuedSynchronizer$ConditionObject.awaitNanos(AbstractQueuedSynchronizer.java:1763)
        at java.base@21.0.7/java.util.concurrent.LinkedBlockingQueue.poll(LinkedBlockingQueue.java:460)
        at app//org.apache.hadoop.ipc.CallQueueManager.take(CallQueueManager.java:370)
        at app//org.apache.hadoop.ipc.Server$Handler.run(Server.java:3165)
"om1@group-C5BA1605619E-StateMachineUpdater" daemon prio=5 tid=472 timed_waiting
java.lang.Thread.State: TIMED_WAITING
        at java.base@21.0.7/jdk.internal.misc.Unsafe.park(Native Method)
        at java.base@21.0.7/java.util.concurrent.locks.LockSupport.parkNanos(LockSupport.java:269)
        at java.base@21.0.7/java.util.concurrent.locks.AbstractQueuedSynchronizer$ConditionObject.await(AbstractQueuedSynchronizer.java:1852)
        at app//org.apache.ratis.util.AwaitForSignal.await(AwaitForSignal.java:65)
        at app//org.apache.ratis.server.impl.StateMachineUpdater.waitForCommit(StateMachineUpdater.java:219)
        at app//org.apache.ratis.server.impl.StateMachineUpdater.run(StateMachineUpdater.java:187)
        at java.base@21.0.7/java.lang.Thread.runWith(Thread.java:1596)
        at java.base@21.0.7/java.lang.Thread.run(Thread.java:1583)
"IPC Server handler 58 on default port 15000" daemon prio=5 tid=184 timed_waiting
java.lang.Thread.State: TIMED_WAITING
        at java.base@21.0.7/jdk.internal.misc.Unsafe.park(Native Method)
        at java.base@21.0.7/java.util.concurrent.locks.LockSupport.parkNanos(LockSupport.java:269)
        at java.base@21.0.7/java.util.concurrent.locks.AbstractQueuedSynchronizer$ConditionObject.awaitNanos(AbstractQueuedSynchronizer.java:1763)
        at java.base@21.0.7/java.util.concurrent.LinkedBlockingQueue.poll(LinkedBlockingQueue.java:460)
        at app//org.apache.hadoop.ipc.CallQueueManager.take(CallQueueManager.java:370)
        at app//org.apache.hadoop.ipc.Server$Handler.run(Server.java:3165)
"qtp588626443-685" daemon prio=5 tid=685 timed_waiting
java.lang.Thread.State: TIMED_WAITING
        at java.base@21.0.7/jdk.internal.misc.Unsafe.park(Native Method)
        at java.base@21.0.7/java.util.concurrent.locks.LockSupport.parkNanos(LockSupport.java:269)
        at java.base@21.0.7/java.util.concurrent.locks.AbstractQueuedSynchronizer$ConditionObject.awaitNanos(AbstractQueuedSynchronizer.java:1763)
        at app//org.eclipse.jetty.util.BlockingArrayQueue.poll(BlockingArrayQueue.java:382)
        at app//org.eclipse.jetty.util.thread.QueuedThreadPool$Runner.idleJobPoll(QueuedThreadPool.java:974)
        at app//org.eclipse.jetty.util.thread.QueuedThreadPool$Runner.run(QueuedThreadPool.java:1018)
        at java.base@21.0.7/java.lang.Thread.runWith(Thread.java:1596)
        at java.base@21.0.7/java.lang.Thread.run(Thread.java:1583)
"volumeTable_FullTableCache-Cleanup-0" daemon prio=5 tid=446 timed_waiting
java.lang.Thread.State: TIMED_WAITING
        at java.base@21.0.7/jdk.internal.misc.Unsafe.park(Native Method)
        at java.base@21.0.7/java.util.concurrent.locks.LockSupport.parkNanos(LockSupport.java:269)
        at java.base@21.0.7/java.util.concurrent.locks.AbstractQueuedSynchronizer$ConditionObject.awaitNanos(AbstractQueuedSynchronizer.java:1763)
        at java.base@21.0.7/java.util.concurrent.ScheduledThreadPoolExecutor$DelayedWorkQueue.take(ScheduledThreadPoolExecutor.java:1182)
        at java.base@21.0.7/java.util.concurrent.ScheduledThreadPoolExecutor$DelayedWorkQueue.take(ScheduledThreadPoolExecutor.java:899)
        at java.base@21.0.7/java.util.concurrent.ThreadPoolExecutor.getTask(ThreadPoolExecutor.java:1070)
        at java.base@21.0.7/java.util.concurrent.ThreadPoolExecutor.runWorker(ThreadPoolExecutor.java:1130)
        at java.base@21.0.7/java.util.concurrent.ThreadPoolExecutor$Worker.run(ThreadPoolExecutor.java:642)
        at java.base@21.0.7/java.lang.Thread.runWith(Thread.java:1596)
        at java.base@21.0.7/java.lang.Thread.run(Thread.java:1583)
"Hadoop-Metrics-Updater-0" daemon prio=5 tid=600 timed_waiting
java.lang.Thread.State: TIMED_WAITING
        at java.base@21.0.7/jdk.internal.misc.Unsafe.park(Native Method)
        at java.base@21.0.7/java.util.concurrent.locks.LockSupport.parkNanos(LockSupport.java:269)
        at java.base@21.0.7/java.util.concurrent.locks.AbstractQueuedSynchronizer$ConditionObject.awaitNanos(AbstractQueuedSynchronizer.java:1763)
        at java.base@21.0.7/java.util.concurrent.ScheduledThreadPoolExecutor$DelayedWorkQueue.take(ScheduledThreadPoolExecutor.java:1182)
        at java.base@21.0.7/java.util.concurrent.ScheduledThreadPoolExecutor$DelayedWorkQueue.take(ScheduledThreadPoolExecutor.java:899)
        at java.base@21.0.7/java.util.concurrent.ThreadPoolExecutor.getTask(ThreadPoolExecutor.java:1070)
        at java.base@21.0.7/java.util.concurrent.ThreadPoolExecutor.runWorker(ThreadPoolExecutor.java:1130)
        at java.base@21.0.7/java.util.concurrent.ThreadPoolExecutor$Worker.run(ThreadPoolExecutor.java:642)
        at java.base@21.0.7/java.lang.Thread.runWith(Thread.java:1596)
        at java.base@21.0.7/java.lang.Thread.run(Thread.java:1583)
"IPC Server handler 9 on default port 15002" daemon prio=5 tid=353 timed_waiting
java.lang.Thread.State: TIMED_WAITING
        at java.base@21.0.7/jdk.internal.misc.Unsafe.park(Native Method)
        at java.base@21.0.7/java.util.concurrent.locks.LockSupport.parkNanos(LockSupport.java:269)
        at java.base@21.0.7/java.util.concurrent.locks.AbstractQueuedSynchronizer$ConditionObject.awaitNanos(AbstractQueuedSynchronizer.java:1763)
        at java.base@21.0.7/java.util.concurrent.LinkedBlockingQueue.poll(LinkedBlockingQueue.java:460)
        at app//org.apache.hadoop.ipc.CallQueueManager.take(CallQueueManager.java:370)
        at app//org.apache.hadoop.ipc.Server$Handler.run(Server.java:3165)
"IPC Server handler 9 on default port 15043" daemon prio=5 tid=797 timed_waiting
java.lang.Thread.State: TIMED_WAITING
        at java.base@21.0.7/jdk.internal.misc.Unsafe.park(Native Method)
        at java.base@21.0.7/java.util.concurrent.locks.LockSupport.parkNanos(LockSupport.java:269)
        at java.base@21.0.7/java.util.concurrent.locks.AbstractQueuedSynchronizer$ConditionObject.awaitNanos(AbstractQueuedSynchronizer.java:1763)
        at java.base@21.0.7/java.util.concurrent.LinkedBlockingQueue.poll(LinkedBlockingQueue.java:460)
        at app//org.apache.hadoop.ipc.CallQueueManager.take(CallQueueManager.java:370)
        at app//org.apache.hadoop.ipc.Server$Handler.run(Server.java:3165)
"IPC Server handler 97 on default port 15001" daemon prio=5 tid=323 timed_waiting
java.lang.Thread.State: TIMED_WAITING
        at java.base@21.0.7/jdk.internal.misc.Unsafe.park(Native Method)
        at java.base@21.0.7/java.util.concurrent.locks.LockSupport.parkNanos(LockSupport.java:269)
        at java.base@21.0.7/java.util.concurrent.locks.AbstractQueuedSynchronizer$ConditionObject.awaitNanos(AbstractQueuedSynchronizer.java:1763)
        at java.base@21.0.7/java.util.concurrent.LinkedBlockingQueue.poll(LinkedBlockingQueue.java:460)
        at app//org.apache.hadoop.ipc.CallQueueManager.take(CallQueueManager.java:370)
        at app//org.apache.hadoop.ipc.Server$Handler.run(Server.java:3165)
"IPC Server handler 51 on default port 15002" daemon prio=5 tid=395 timed_waiting
java.lang.Thread.State: TIMED_WAITING
        at java.base@21.0.7/jdk.internal.misc.Unsafe.park(Native Method)
        at java.base@21.0.7/java.util.concurrent.locks.LockSupport.parkNanos(LockSupport.java:269)
        at java.base@21.0.7/java.util.concurrent.locks.AbstractQueuedSynchronizer$ConditionObject.awaitNanos(AbstractQueuedSynchronizer.java:1763)
        at java.base@21.0.7/java.util.concurrent.LinkedBlockingQueue.poll(LinkedBlockingQueue.java:460)
        at app//org.apache.hadoop.ipc.CallQueueManager.take(CallQueueManager.java:370)
        at app//org.apache.hadoop.ipc.Server$Handler.run(Server.java:3165)
"Socket Reader #8 for port 15043"  prio=5 tid=782 runnable
java.lang.Thread.State: RUNNABLE
        at java.base@21.0.7/sun.nio.ch.EPoll.wait(Native Method)
        at java.base@21.0.7/sun.nio.ch.EPollSelectorImpl.doSelect(EPollSelectorImpl.java:121)
        at java.base@21.0.7/sun.nio.ch.SelectorImpl.lockAndDoSelect(SelectorImpl.java:130)
        at java.base@21.0.7/sun.nio.ch.SelectorImpl.select(SelectorImpl.java:147)
        at app//org.apache.hadoop.ipc.Server$Listener$Reader.doRunLoop(Server.java:1497)
        at app//org.apache.hadoop.ipc.Server$Listener$Reader.run(Server.java:1476)
"ContainerMetadataScanner" daemon prio=5 tid=810 timed_waiting
java.lang.Thread.State: TIMED_WAITING
        at java.base@21.0.7/java.lang.Thread.sleep0(Native Method)
        at java.base@21.0.7/java.lang.Thread.sleep(Thread.java:509)
        at app//org.apache.hadoop.ozone.container.ozoneimpl.AbstractBackgroundContainerScanner.handleRemainingSleep(AbstractBackgroundContainerScanner.java:133)
        at app//org.apache.hadoop.ozone.container.ozoneimpl.AbstractBackgroundContainerScanner.runIteration(AbstractBackgroundContainerScanner.java:100)
        at app//org.apache.hadoop.ozone.container.ozoneimpl.AbstractBackgroundContainerScanner.run(AbstractBackgroundContainerScanner.java:59)
        at java.base@21.0.7/java.lang.Thread.runWith(Thread.java:1596)
        at java.base@21.0.7/java.lang.Thread.run(Thread.java:1583)
"IPC Server handler 77 on default port 15002" daemon prio=5 tid=421 timed_waiting
java.lang.Thread.State: TIMED_WAITING
        at java.base@21.0.7/jdk.internal.misc.Unsafe.park(Native Method)
        at java.base@21.0.7/java.util.concurrent.locks.LockSupport.parkNanos(LockSupport.java:269)
        at java.base@21.0.7/java.util.concurrent.locks.AbstractQueuedSynchronizer$ConditionObject.awaitNanos(AbstractQueuedSynchronizer.java:1763)
        at java.base@21.0.7/java.util.concurrent.LinkedBlockingQueue.poll(LinkedBlockingQueue.java:460)
        at app//org.apache.hadoop.ipc.CallQueueManager.take(CallQueueManager.java:370)
        at app//org.apache.hadoop.ipc.Server$Handler.run(Server.java:3165)
"IPC Server handler 97 on default port 15002" daemon prio=5 tid=441 timed_waiting
java.lang.Thread.State: TIMED_WAITING
        at java.base@21.0.7/jdk.internal.misc.Unsafe.park(Native Method)
        at java.base@21.0.7/java.util.concurrent.locks.LockSupport.parkNanos(LockSupport.java:269)
        at java.base@21.0.7/java.util.concurrent.locks.AbstractQueuedSynchronizer$ConditionObject.awaitNanos(AbstractQueuedSynchronizer.java:1763)
        at java.base@21.0.7/java.util.concurrent.LinkedBlockingQueue.poll(LinkedBlockingQueue.java:460)
        at app//org.apache.hadoop.ipc.CallQueueManager.take(CallQueueManager.java:370)
        at app//org.apache.hadoop.ipc.Server$Handler.run(Server.java:3165)
"IPC Server handler 6 on default port 15027" daemon prio=5 tid=659 timed_waiting
java.lang.Thread.State: TIMED_WAITING
        at java.base@21.0.7/jdk.internal.misc.Unsafe.park(Native Method)
        at java.base@21.0.7/java.util.concurrent.locks.LockSupport.parkNanos(LockSupport.java:269)
        at java.base@21.0.7/java.util.concurrent.locks.AbstractQueuedSynchronizer$ConditionObject.awaitNanos(AbstractQueuedSynchronizer.java:1763)
        at java.base@21.0.7/java.util.concurrent.LinkedBlockingQueue.poll(LinkedBlockingQueue.java:460)
        at app//org.apache.hadoop.ipc.CallQueueManager.take(CallQueueManager.java:370)
        at app//org.apache.hadoop.ipc.Server$Handler.run(Server.java:3165)
"78b7fabf-ca2a-4b70-8534-e46926e2083c-CommandProcessorThread" daemon prio=5 tid=803 timed_waiting
java.lang.Thread.State: TIMED_WAITING
        at java.base@21.0.7/java.lang.Thread.sleep0(Native Method)
        at java.base@21.0.7/java.lang.Thread.sleep(Thread.java:509)
        at app//org.apache.hadoop.ozone.container.common.statemachine.DatanodeStateMachine.lambda$initCommandHandlerThread$4(DatanodeStateMachine.java:674)
        at app//org.apache.hadoop.ozone.container.common.statemachine.DatanodeStateMachine$$Lambda/0x00007fe904823f58.run(Unknown Source)
        at java.base@21.0.7/java.lang.Thread.runWith(Thread.java:1596)
        at java.base@21.0.7/java.lang.Thread.run(Thread.java:1583)
"IPC Server handler 98 on default port 15000" daemon prio=5 tid=224 timed_waiting
java.lang.Thread.State: TIMED_WAITING
        at java.base@21.0.7/jdk.internal.misc.Unsafe.park(Native Method)
        at java.base@21.0.7/java.util.concurrent.locks.LockSupport.parkNanos(LockSupport.java:269)
        at java.base@21.0.7/java.util.concurrent.locks.AbstractQueuedSynchronizer$ConditionObject.awaitNanos(AbstractQueuedSynchronizer.java:1763)
        at java.base@21.0.7/java.util.concurrent.LinkedBlockingQueue.poll(LinkedBlockingQueue.java:460)
        at app//org.apache.hadoop.ipc.CallQueueManager.take(CallQueueManager.java:370)
        at app//org.apache.hadoop.ipc.Server$Handler.run(Server.java:3165)
"Socket Reader #9 for port 15019"  prio=5 tid=596 runnable
java.lang.Thread.State: RUNNABLE
        at java.base@21.0.7/sun.nio.ch.EPoll.wait(Native Method)
        at java.base@21.0.7/sun.nio.ch.EPollSelectorImpl.doSelect(EPollSelectorImpl.java:121)
        at java.base@21.0.7/sun.nio.ch.SelectorImpl.lockAndDoSelect(SelectorImpl.java:130)
        at java.base@21.0.7/sun.nio.ch.SelectorImpl.select(SelectorImpl.java:147)
        at app//org.apache.hadoop.ipc.Server$Listener$Reader.doRunLoop(Server.java:1497)
        at app//org.apache.hadoop.ipc.Server$Listener$Reader.run(Server.java:1476)
"a755fe32-7d9a-4996-bc51-d7fbc67ab218-ChunkReader-ELG-0" daemon prio=5 tid=714 timed_waiting
java.lang.Thread.State: TIMED_WAITING
        at java.base@21.0.7/java.lang.Thread.sleep0(Native Method)
        at java.base@21.0.7/java.lang.Thread.sleep(Thread.java:509)
        at app//org.apache.ratis.thirdparty.io.netty.util.concurrent.SingleThreadEventExecutor.confirmShutdown(SingleThreadEventExecutor.java:790)
        at app//org.apache.ratis.thirdparty.io.netty.channel.epoll.EpollEventLoop.run(EpollEventLoop.java:423)
        at app//org.apache.ratis.thirdparty.io.netty.util.concurrent.SingleThreadEventExecutor$4.run(SingleThreadEventExecutor.java:997)
        at app//org.apache.ratis.thirdparty.io.netty.util.internal.ThreadExecutorMap$2.run(ThreadExecutorMap.java:74)
        at java.base@21.0.7/java.lang.Thread.runWith(Thread.java:1596)
        at java.base@21.0.7/java.lang.Thread.run(Thread.java:1583)
"IPC Server handler 91 on default port 15002" daemon prio=5 tid=435 timed_waiting
java.lang.Thread.State: TIMED_WAITING
        at java.base@21.0.7/jdk.internal.misc.Unsafe.park(Native Method)
        at java.base@21.0.7/java.util.concurrent.locks.LockSupport.parkNanos(LockSupport.java:269)
        at java.base@21.0.7/java.util.concurrent.locks.AbstractQueuedSynchronizer$ConditionObject.awaitNanos(AbstractQueuedSynchronizer.java:1763)
        at java.base@21.0.7/java.util.concurrent.LinkedBlockingQueue.poll(LinkedBlockingQueue.java:460)
        at app//org.apache.hadoop.ipc.CallQueueManager.take(CallQueueManager.java:370)
        at app//org.apache.hadoop.ipc.Server$Handler.run(Server.java:3165)
"IPC Server handler 17 on default port 15002" daemon prio=5 tid=361 timed_waiting
java.lang.Thread.State: TIMED_WAITING
        at java.base@21.0.7/jdk.internal.misc.Unsafe.park(Native Method)
        at java.base@21.0.7/java.util.concurrent.locks.LockSupport.parkNanos(LockSupport.java:269)
        at java.base@21.0.7/java.util.concurrent.locks.AbstractQueuedSynchronizer$ConditionObject.awaitNanos(AbstractQueuedSynchronizer.java:1763)
        at java.base@21.0.7/java.util.concurrent.LinkedBlockingQueue.poll(LinkedBlockingQueue.java:460)
        at app//org.apache.hadoop.ipc.CallQueueManager.take(CallQueueManager.java:370)
        at app//org.apache.hadoop.ipc.Server$Handler.run(Server.java:3165)
"dacc202e-cd42-4a7a-b335-fe62dff69130-ChunkReader-ELG-0" daemon prio=5 tid=817 runnable
java.lang.Thread.State: RUNNABLE
        at app//org.apache.ratis.thirdparty.io.netty.channel.epoll.Native.epollWait(Native Method)
        at app//org.apache.ratis.thirdparty.io.netty.channel.epoll.Native.epollWait(Native.java:220)
        at app//org.apache.ratis.thirdparty.io.netty.channel.epoll.Native.epollWait(Native.java:213)
        at app//org.apache.ratis.thirdparty.io.netty.channel.epoll.EpollEventLoop.epollWaitNoTimerChange(EpollEventLoop.java:308)
        at app//org.apache.ratis.thirdparty.io.netty.channel.epoll.EpollEventLoop.run(EpollEventLoop.java:365)
        at app//org.apache.ratis.thirdparty.io.netty.util.concurrent.SingleThreadEventExecutor$4.run(SingleThreadEventExecutor.java:997)
        at app//org.apache.ratis.thirdparty.io.netty.util.internal.ThreadExecutorMap$2.run(ThreadExecutorMap.java:74)
        at java.base@21.0.7/java.lang.Thread.runWith(Thread.java:1596)
        at java.base@21.0.7/java.lang.Thread.run(Thread.java:1583)
"IPC Server handler 20 on default port 15002" daemon prio=5 tid=364 timed_waiting
java.lang.Thread.State: TIMED_WAITING
        at java.base@21.0.7/jdk.internal.misc.Unsafe.park(Native Method)
        at java.base@21.0.7/java.util.concurrent.locks.LockSupport.parkNanos(LockSupport.java:269)
        at java.base@21.0.7/java.util.concurrent.locks.AbstractQueuedSynchronizer$ConditionObject.awaitNanos(AbstractQueuedSynchronizer.java:1763)
        at java.base@21.0.7/java.util.concurrent.LinkedBlockingQueue.poll(LinkedBlockingQueue.java:460)
        at app//org.apache.hadoop.ipc.CallQueueManager.take(CallQueueManager.java:370)
        at app//org.apache.hadoop.ipc.Server$Handler.run(Server.java:3165)
"dacc202e-cd42-4a7a-b335-fe62dff69130-EndpointStateMachineTaskThread-/0.0.0.0:15002-0 "  prio=5 tid=772 in Object.wait()
java.lang.Thread.State: WAITING (on object monitor)
        at java.base@21.0.7/jdk.internal.misc.Unsafe.park(Native Method)
        at java.base@21.0.7/java.util.concurrent.locks.LockSupport.park(LockSupport.java:371)
        at java.base@21.0.7/java.util.concurrent.locks.AbstractQueuedSynchronizer$ConditionNode.block(AbstractQueuedSynchronizer.java:519)
        at java.base@21.0.7/java.util.concurrent.ForkJoinPool.unmanagedBlock(ForkJoinPool.java:3780)
        at java.base@21.0.7/java.util.concurrent.ForkJoinPool.managedBlock(ForkJoinPool.java:3725)
        at java.base@21.0.7/java.util.concurrent.locks.AbstractQueuedSynchronizer$ConditionObject.await(AbstractQueuedSynchronizer.java:1712)
        at java.base@21.0.7/java.util.concurrent.LinkedBlockingQueue.take(LinkedBlockingQueue.java:435)
        at java.base@21.0.7/java.util.concurrent.ThreadPoolExecutor.getTask(ThreadPoolExecutor.java:1070)
        at java.base@21.0.7/java.util.concurrent.ThreadPoolExecutor.runWorker(ThreadPoolExecutor.java:1130)
        at java.base@21.0.7/java.util.concurrent.ThreadPoolExecutor$Worker.run(ThreadPoolExecutor.java:642)
        at java.base@21.0.7/java.lang.Thread.runWith(Thread.java:1596)
        at java.base@21.0.7/java.lang.Thread.run(Thread.java:1583)
"IPC Server handler 7 on default port 15001" daemon prio=5 tid=233 timed_waiting
java.lang.Thread.State: TIMED_WAITING
        at java.base@21.0.7/jdk.internal.misc.Unsafe.park(Native Method)
        at java.base@21.0.7/java.util.concurrent.locks.LockSupport.parkNanos(LockSupport.java:269)
        at java.base@21.0.7/java.util.concurrent.locks.AbstractQueuedSynchronizer$ConditionObject.awaitNanos(AbstractQueuedSynchronizer.java:1763)
        at java.base@21.0.7/java.util.concurrent.LinkedBlockingQueue.poll(LinkedBlockingQueue.java:460)
        at app//org.apache.hadoop.ipc.CallQueueManager.take(CallQueueManager.java:370)
        at app//org.apache.hadoop.ipc.Server$Handler.run(Server.java:3165)
"dacc202e-cd42-4a7a-b335-fe62dff69130@group-A574A09B74EF-LeaderStateImpl" daemon prio=5 tid=1034 timed_waiting
java.lang.Thread.State: TIMED_WAITING
        at java.base@21.0.7/jdk.internal.misc.Unsafe.park(Native Method)
        at java.base@21.0.7/java.util.concurrent.locks.LockSupport.parkNanos(LockSupport.java:269)
        at java.base@21.0.7/java.util.concurrent.locks.AbstractQueuedSynchronizer$ConditionObject.awaitNanos(AbstractQueuedSynchronizer.java:1763)
        at java.base@21.0.7/java.util.concurrent.ArrayBlockingQueue.poll(ArrayBlockingQueue.java:435)
        at app//org.apache.ratis.server.impl.LeaderStateImpl$EventQueue.poll(LeaderStateImpl.java:164)
        at app//org.apache.ratis.server.impl.LeaderStateImpl$EventProcessor.run(LeaderStateImpl.java:763)
"IPC Server handler 91 on default port 15000" daemon prio=5 tid=217 timed_waiting
java.lang.Thread.State: TIMED_WAITING
        at java.base@21.0.7/jdk.internal.misc.Unsafe.park(Native Method)
        at java.base@21.0.7/java.util.concurrent.locks.LockSupport.parkNanos(LockSupport.java:269)
        at java.base@21.0.7/java.util.concurrent.locks.AbstractQueuedSynchronizer$ConditionObject.awaitNanos(AbstractQueuedSynchronizer.java:1763)
        at java.base@21.0.7/java.util.concurrent.LinkedBlockingQueue.poll(LinkedBlockingQueue.java:460)
        at app//org.apache.hadoop.ipc.CallQueueManager.take(CallQueueManager.java:370)
        at app//org.apache.hadoop.ipc.Server$Handler.run(Server.java:3165)
"0cf558f4-2ca5-4c9f-a057-d7d7b755ef43@group-6B1567AA62B1-LeaderStateImpl" daemon prio=5 tid=342 timed_waiting
java.lang.Thread.State: TIMED_WAITING
        at java.base@21.0.7/jdk.internal.misc.Unsafe.park(Native Method)
        at java.base@21.0.7/java.util.concurrent.locks.LockSupport.parkNanos(LockSupport.java:269)
        at java.base@21.0.7/java.util.concurrent.locks.AbstractQueuedSynchronizer$ConditionObject.awaitNanos(AbstractQueuedSynchronizer.java:1763)
        at java.base@21.0.7/java.util.concurrent.ArrayBlockingQueue.poll(ArrayBlockingQueue.java:435)
        at app//org.apache.ratis.server.impl.LeaderStateImpl$EventQueue.poll(LeaderStateImpl.java:164)
        at app//org.apache.ratis.server.impl.LeaderStateImpl$EventProcessor.run(LeaderStateImpl.java:763)
"Socket Reader #7 for port 15027"  prio=5 tid=646 runnable
java.lang.Thread.State: RUNNABLE
        at java.base@21.0.7/sun.nio.ch.EPoll.wait(Native Method)
        at java.base@21.0.7/sun.nio.ch.EPollSelectorImpl.doSelect(EPollSelectorImpl.java:121)
        at java.base@21.0.7/sun.nio.ch.SelectorImpl.lockAndDoSelect(SelectorImpl.java:130)
        at java.base@21.0.7/sun.nio.ch.SelectorImpl.select(SelectorImpl.java:147)
        at app//org.apache.hadoop.ipc.Server$Listener$Reader.doRunLoop(Server.java:1497)
        at app//org.apache.hadoop.ipc.Server$Listener$Reader.run(Server.java:1476)
"IPC Server handler 3 on default port 15027" daemon prio=5 tid=656 timed_waiting
java.lang.Thread.State: TIMED_WAITING
        at java.base@21.0.7/jdk.internal.misc.Unsafe.park(Native Method)
        at java.base@21.0.7/java.util.concurrent.locks.LockSupport.parkNanos(LockSupport.java:269)
        at java.base@21.0.7/java.util.concurrent.locks.AbstractQueuedSynchronizer$ConditionObject.awaitNanos(AbstractQueuedSynchronizer.java:1763)
        at java.base@21.0.7/java.util.concurrent.LinkedBlockingQueue.poll(LinkedBlockingQueue.java:460)
        at app//org.apache.hadoop.ipc.CallQueueManager.take(CallQueueManager.java:370)
        at app//org.apache.hadoop.ipc.Server$Handler.run(Server.java:3165)
"surefire-forkedjvm-command-thread" daemon prio=5 tid=25 runnable
java.lang.Thread.State: RUNNABLE
        at java.base@21.0.7/java.io.FileInputStream.readBytes(Native Method)
        at java.base@21.0.7/java.io.FileInputStream.read(FileInputStream.java:287)
        at java.base@21.0.7/java.io.BufferedInputStream.read1(BufferedInputStream.java:345)
        at java.base@21.0.7/java.io.BufferedInputStream.implRead(BufferedInputStream.java:420)
        at java.base@21.0.7/java.io.BufferedInputStream.read(BufferedInputStream.java:399)
        at java.base@21.0.7/java.io.BufferedInputStream.fill(BufferedInputStream.java:291)
        at java.base@21.0.7/java.io.BufferedInputStream.read1(BufferedInputStream.java:347)
        at java.base@21.0.7/java.io.BufferedInputStream.implRead(BufferedInputStream.java:420)
        at java.base@21.0.7/java.io.BufferedInputStream.read(BufferedInputStream.java:399)
        at app//org.apache.maven.surefire.api.util.internal.Channels$3.readImpl(Channels.java:169)
        at app//org.apache.maven.surefire.api.util.internal.AbstractNoninterruptibleReadableChannel.read(AbstractNoninterruptibleReadableChannel.java:50)
        at app//org.apache.maven.surefire.api.stream.AbstractStreamDecoder.read(AbstractStreamDecoder.java:430)
        at app//org.apache.maven.surefire.api.stream.AbstractStreamDecoder.read(AbstractStreamDecoder.java:419)
        at app//org.apache.maven.surefire.api.stream.AbstractStreamDecoder.readMessageType(AbstractStreamDecoder.java:116)
        at app//org.apache.maven.surefire.booter.stream.CommandDecoder.decode(CommandDecoder.java:77)
        at app//org.apache.maven.surefire.booter.spi.CommandChannelDecoder.decode(CommandChannelDecoder.java:60)
        at app//org.apache.maven.surefire.booter.CommandReader$CommandRunnable.run(CommandReader.java:290)
        at java.base@21.0.7/java.lang.Thread.runWith(Thread.java:1596)
        at java.base@21.0.7/java.lang.Thread.run(Thread.java:1583)
"Socket Reader #6 for port 15002"  prio=5 tid=72 runnable
java.lang.Thread.State: RUNNABLE
        at java.base@21.0.7/sun.nio.ch.EPoll.wait(Native Method)
        at java.base@21.0.7/sun.nio.ch.EPollSelectorImpl.doSelect(EPollSelectorImpl.java:121)
        at java.base@21.0.7/sun.nio.ch.SelectorImpl.lockAndDoSelect(SelectorImpl.java:130)
        at java.base@21.0.7/sun.nio.ch.SelectorImpl.select(SelectorImpl.java:147)
        at app//org.apache.hadoop.ipc.Server$Listener$Reader.doRunLoop(Server.java:1497)
        at app//org.apache.hadoop.ipc.Server$Listener$Reader.run(Server.java:1476)
"IPC Server handler 22 on default port 15000" daemon prio=5 tid=148 timed_waiting
java.lang.Thread.State: TIMED_WAITING
        at java.base@21.0.7/jdk.internal.misc.Unsafe.park(Native Method)
        at java.base@21.0.7/java.util.concurrent.locks.LockSupport.parkNanos(LockSupport.java:269)
        at java.base@21.0.7/java.util.concurrent.locks.AbstractQueuedSynchronizer$ConditionObject.awaitNanos(AbstractQueuedSynchronizer.java:1763)
        at java.base@21.0.7/java.util.concurrent.LinkedBlockingQueue.poll(LinkedBlockingQueue.java:460)
        at app//org.apache.hadoop.ipc.CallQueueManager.take(CallQueueManager.java:370)
        at app//org.apache.hadoop.ipc.Server$Handler.run(Server.java:3165)
"IPC Server idle connection scanner for port 15000" daemon prio=5 tid=105 timed_waiting
java.lang.Thread.State: TIMED_WAITING
        at java.base@21.0.7/java.lang.Object.wait0(Native Method)
        at java.base@21.0.7/java.lang.Object.wait(Object.java:366)
        at java.base@21.0.7/java.util.TimerThread.mainLoop(Timer.java:563)
        at java.base@21.0.7/java.util.TimerThread.run(Timer.java:516)
"IPC Server handler 83 on default port 15002" daemon prio=5 tid=427 timed_waiting
java.lang.Thread.State: TIMED_WAITING
        at java.base@21.0.7/jdk.internal.misc.Unsafe.park(Native Method)
        at java.base@21.0.7/java.util.concurrent.locks.LockSupport.parkNanos(LockSupport.java:269)
        at java.base@21.0.7/java.util.concurrent.locks.AbstractQueuedSynchronizer$ConditionObject.awaitNanos(AbstractQueuedSynchronizer.java:1763)
        at java.base@21.0.7/java.util.concurrent.LinkedBlockingQueue.poll(LinkedBlockingQueue.java:460)
        at app//org.apache.hadoop.ipc.CallQueueManager.take(CallQueueManager.java:370)
        at app//org.apache.hadoop.ipc.Server$Handler.run(Server.java:3165)
"IPC Server handler 7 on default port 15000" daemon prio=5 tid=133 timed_waiting
java.lang.Thread.State: TIMED_WAITING
        at java.base@21.0.7/jdk.internal.misc.Unsafe.park(Native Method)
        at java.base@21.0.7/java.util.concurrent.locks.LockSupport.parkNanos(LockSupport.java:269)
        at java.base@21.0.7/java.util.concurrent.locks.AbstractQueuedSynchronizer$ConditionObject.awaitNanos(AbstractQueuedSynchronizer.java:1763)
        at java.base@21.0.7/java.util.concurrent.LinkedBlockingQueue.poll(LinkedBlockingQueue.java:460)
        at app//org.apache.hadoop.ipc.CallQueueManager.take(CallQueueManager.java:370)
        at app//org.apache.hadoop.ipc.Server$Handler.run(Server.java:3165)
"Socket Reader #6 for port 15006"  prio=5 tid=461 runnable
java.lang.Thread.State: RUNNABLE
        at java.base@21.0.7/sun.nio.ch.EPoll.wait(Native Method)
        at java.base@21.0.7/sun.nio.ch.EPollSelectorImpl.doSelect(EPollSelectorImpl.java:121)
        at java.base@21.0.7/sun.nio.ch.SelectorImpl.lockAndDoSelect(SelectorImpl.java:130)
        at java.base@21.0.7/sun.nio.ch.SelectorImpl.select(SelectorImpl.java:147)
        at app//org.apache.hadoop.ipc.Server$Listener$Reader.doRunLoop(Server.java:1497)
        at app//org.apache.hadoop.ipc.Server$Listener$Reader.run(Server.java:1476)
"Socket Reader #9 for port 15027"  prio=5 tid=648 runnable
java.lang.Thread.State: RUNNABLE
        at java.base@21.0.7/sun.nio.ch.EPoll.wait(Native Method)
        at java.base@21.0.7/sun.nio.ch.EPollSelectorImpl.doSelect(EPollSelectorImpl.java:121)
        at java.base@21.0.7/sun.nio.ch.SelectorImpl.lockAndDoSelect(SelectorImpl.java:130)
        at java.base@21.0.7/sun.nio.ch.SelectorImpl.select(SelectorImpl.java:147)
        at app//org.apache.hadoop.ipc.Server$Listener$Reader.doRunLoop(Server.java:1497)
        at app//org.apache.hadoop.ipc.Server$Listener$Reader.run(Server.java:1476)
"IPC Server handler 68 on default port 15000" daemon prio=5 tid=194 timed_waiting
java.lang.Thread.State: TIMED_WAITING
        at java.base@21.0.7/jdk.internal.misc.Unsafe.park(Native Method)
        at java.base@21.0.7/java.util.concurrent.locks.LockSupport.parkNanos(LockSupport.java:269)
        at java.base@21.0.7/java.util.concurrent.locks.AbstractQueuedSynchronizer$ConditionObject.awaitNanos(AbstractQueuedSynchronizer.java:1763)
        at java.base@21.0.7/java.util.concurrent.LinkedBlockingQueue.poll(LinkedBlockingQueue.java:460)
        at app//org.apache.hadoop.ipc.CallQueueManager.take(CallQueueManager.java:370)
        at app//org.apache.hadoop.ipc.Server$Handler.run(Server.java:3165)
"IPC Server handler 8 on default port 15002" daemon prio=5 tid=352 timed_waiting
java.lang.Thread.State: TIMED_WAITING
        at java.base@21.0.7/jdk.internal.misc.Unsafe.park(Native Method)
        at java.base@21.0.7/java.util.concurrent.locks.LockSupport.parkNanos(LockSupport.java:269)
        at java.base@21.0.7/java.util.concurrent.locks.AbstractQueuedSynchronizer$ConditionObject.awaitNanos(AbstractQueuedSynchronizer.java:1763)
        at java.base@21.0.7/java.util.concurrent.LinkedBlockingQueue.poll(LinkedBlockingQueue.java:460)
        at app//org.apache.hadoop.ipc.CallQueueManager.take(CallQueueManager.java:370)
        at app//org.apache.hadoop.ipc.Server$Handler.run(Server.java:3165)
"IPC Server handler 14 on default port 15000" daemon prio=5 tid=140 timed_waiting
java.lang.Thread.State: TIMED_WAITING
        at java.base@21.0.7/jdk.internal.misc.Unsafe.park(Native Method)
        at java.base@21.0.7/java.util.concurrent.locks.LockSupport.parkNanos(LockSupport.java:269)
        at java.base@21.0.7/java.util.concurrent.locks.AbstractQueuedSynchronizer$ConditionObject.awaitNanos(AbstractQueuedSynchronizer.java:1763)
        at java.base@21.0.7/java.util.concurrent.LinkedBlockingQueue.poll(LinkedBlockingQueue.java:460)
        at app//org.apache.hadoop.ipc.CallQueueManager.take(CallQueueManager.java:370)
        at app//org.apache.hadoop.ipc.Server$Handler.run(Server.java:3165)
"Hadoop-Metrics-Updater-0" daemon prio=5 tid=468 timed_waiting
java.lang.Thread.State: TIMED_WAITING
        at java.base@21.0.7/jdk.internal.misc.Unsafe.park(Native Method)
        at java.base@21.0.7/java.util.concurrent.locks.LockSupport.parkNanos(LockSupport.java:269)
        at java.base@21.0.7/java.util.concurrent.locks.AbstractQueuedSynchronizer$ConditionObject.awaitNanos(AbstractQueuedSynchronizer.java:1763)
        at java.base@21.0.7/java.util.concurrent.ScheduledThreadPoolExecutor$DelayedWorkQueue.take(ScheduledThreadPoolExecutor.java:1182)
        at java.base@21.0.7/java.util.concurrent.ScheduledThreadPoolExecutor$DelayedWorkQueue.take(ScheduledThreadPoolExecutor.java:899)
        at java.base@21.0.7/java.util.concurrent.ThreadPoolExecutor.getTask(ThreadPoolExecutor.java:1070)
        at java.base@21.0.7/java.util.concurrent.ThreadPoolExecutor.runWorker(ThreadPoolExecutor.java:1130)
        at java.base@21.0.7/java.util.concurrent.ThreadPoolExecutor$Worker.run(ThreadPoolExecutor.java:642)
        at java.base@21.0.7/java.lang.Thread.runWith(Thread.java:1596)
        at java.base@21.0.7/java.lang.Thread.run(Thread.java:1583)
"IPC Server handler 40 on default port 15002" daemon prio=5 tid=384 timed_waiting
java.lang.Thread.State: TIMED_WAITING
        at java.base@21.0.7/jdk.internal.misc.Unsafe.park(Native Method)
        at java.base@21.0.7/java.util.concurrent.locks.LockSupport.parkNanos(LockSupport.java:269)
        at java.base@21.0.7/java.util.concurrent.locks.AbstractQueuedSynchronizer$ConditionObject.awaitNanos(AbstractQueuedSynchronizer.java:1763)
        at java.base@21.0.7/java.util.concurrent.LinkedBlockingQueue.poll(LinkedBlockingQueue.java:460)
        at app//org.apache.hadoop.ipc.CallQueueManager.take(CallQueueManager.java:370)
        at app//org.apache.hadoop.ipc.Server$Handler.run(Server.java:3165)
"IPC Server handler 38 on default port 15000" daemon prio=5 tid=164 timed_waiting
java.lang.Thread.State: TIMED_WAITING
        at java.base@21.0.7/jdk.internal.misc.Unsafe.park(Native Method)
        at java.base@21.0.7/java.util.concurrent.locks.LockSupport.parkNanos(LockSupport.java:269)
        at java.base@21.0.7/java.util.concurrent.locks.AbstractQueuedSynchronizer$ConditionObject.awaitNanos(AbstractQueuedSynchronizer.java:1763)
        at java.base@21.0.7/java.util.concurrent.LinkedBlockingQueue.poll(LinkedBlockingQueue.java:460)
        at app//org.apache.hadoop.ipc.CallQueueManager.take(CallQueueManager.java:370)
        at app//org.apache.hadoop.ipc.Server$Handler.run(Server.java:3165)
"IPC Server handler 18 on default port 15001" daemon prio=5 tid=244 timed_waiting
java.lang.Thread.State: TIMED_WAITING
        at java.base@21.0.7/jdk.internal.misc.Unsafe.park(Native Method)
        at java.base@21.0.7/java.util.concurrent.locks.LockSupport.parkNanos(LockSupport.java:269)
        at java.base@21.0.7/java.util.concurrent.locks.AbstractQueuedSynchronizer$ConditionObject.awaitNanos(AbstractQueuedSynchronizer.java:1763)
        at java.base@21.0.7/java.util.concurrent.LinkedBlockingQueue.poll(LinkedBlockingQueue.java:460)
        at app//org.apache.hadoop.ipc.CallQueueManager.take(CallQueueManager.java:370)
        at app//org.apache.hadoop.ipc.Server$Handler.run(Server.java:3165)
"om1-groupManagement"  prio=5 tid=453 in Object.wait()
java.lang.Thread.State: WAITING (on object monitor)
        at java.base@21.0.7/jdk.internal.misc.Unsafe.park(Native Method)
        at java.base@21.0.7/java.util.concurrent.locks.LockSupport.park(LockSupport.java:371)
        at java.base@21.0.7/java.util.concurrent.locks.AbstractQueuedSynchronizer$ConditionNode.block(AbstractQueuedSynchronizer.java:519)
        at java.base@21.0.7/java.util.concurrent.ForkJoinPool.unmanagedBlock(ForkJoinPool.java:3780)
        at java.base@21.0.7/java.util.concurrent.ForkJoinPool.managedBlock(ForkJoinPool.java:3725)
        at java.base@21.0.7/java.util.concurrent.locks.AbstractQueuedSynchronizer$ConditionObject.await(AbstractQueuedSynchronizer.java:1712)
        at java.base@21.0.7/java.util.concurrent.LinkedBlockingQueue.take(LinkedBlockingQueue.java:435)
        at java.base@21.0.7/java.util.concurrent.ThreadPoolExecutor.getTask(ThreadPoolExecutor.java:1070)
        at java.base@21.0.7/java.util.concurrent.ThreadPoolExecutor.runWorker(ThreadPoolExecutor.java:1130)
        at java.base@21.0.7/java.util.concurrent.ThreadPoolExecutor$Worker.run(ThreadPoolExecutor.java:642)
        at java.base@21.0.7/java.lang.Thread.runWith(Thread.java:1596)
        at java.base@21.0.7/java.lang.Thread.run(Thread.java:1583)
"IPC Server handler 24 on default port 15002" daemon prio=5 tid=368 timed_waiting
java.lang.Thread.State: TIMED_WAITING
        at java.base@21.0.7/jdk.internal.misc.Unsafe.park(Native Method)
        at java.base@21.0.7/java.util.concurrent.locks.LockSupport.parkNanos(LockSupport.java:269)
        at java.base@21.0.7/java.util.concurrent.locks.AbstractQueuedSynchronizer$ConditionObject.awaitNanos(AbstractQueuedSynchronizer.java:1763)
        at java.base@21.0.7/java.util.concurrent.LinkedBlockingQueue.poll(LinkedBlockingQueue.java:460)
        at app//org.apache.hadoop.ipc.CallQueueManager.take(CallQueueManager.java:370)
        at app//org.apache.hadoop.ipc.Server$Handler.run(Server.java:3165)
"IPC Server handler 68 on default port 15001" daemon prio=5 tid=294 timed_waiting
java.lang.Thread.State: TIMED_WAITING
        at java.base@21.0.7/jdk.internal.misc.Unsafe.park(Native Method)
        at java.base@21.0.7/java.util.concurrent.locks.LockSupport.parkNanos(LockSupport.java:269)
        at java.base@21.0.7/java.util.concurrent.locks.AbstractQueuedSynchronizer$ConditionObject.awaitNanos(AbstractQueuedSynchronizer.java:1763)
        at java.base@21.0.7/java.util.concurrent.LinkedBlockingQueue.poll(LinkedBlockingQueue.java:460)
        at app//org.apache.hadoop.ipc.CallQueueManager.take(CallQueueManager.java:370)
        at app//org.apache.hadoop.ipc.Server$Handler.run(Server.java:3165)
"78b7fabf-ca2a-4b70-8534-e46926e2083c-BlockDeletingService#1" daemon prio=5 tid=858 in Object.wait()
java.lang.Thread.State: WAITING (on object monitor)
        at java.base@21.0.7/jdk.internal.misc.Unsafe.park(Native Method)
        at java.base@21.0.7/java.util.concurrent.locks.LockSupport.park(LockSupport.java:371)
        at java.base@21.0.7/java.util.concurrent.locks.AbstractQueuedSynchronizer$ConditionNode.block(AbstractQueuedSynchronizer.java:519)
        at java.base@21.0.7/java.util.concurrent.ForkJoinPool.unmanagedBlock(ForkJoinPool.java:3780)
        at java.base@21.0.7/java.util.concurrent.ForkJoinPool.managedBlock(ForkJoinPool.java:3725)
        at java.base@21.0.7/java.util.concurrent.locks.AbstractQueuedSynchronizer$ConditionObject.await(AbstractQueuedSynchronizer.java:1712)
        at java.base@21.0.7/java.util.concurrent.ScheduledThreadPoolExecutor$DelayedWorkQueue.take(ScheduledThreadPoolExecutor.java:1177)
        at java.base@21.0.7/java.util.concurrent.ScheduledThreadPoolExecutor$DelayedWorkQueue.take(ScheduledThreadPoolExecutor.java:899)
        at java.base@21.0.7/java.util.concurrent.ThreadPoolExecutor.getTask(ThreadPoolExecutor.java:1070)
        at java.base@21.0.7/java.util.concurrent.ThreadPoolExecutor.runWorker(ThreadPoolExecutor.java:1130)
        at java.base@21.0.7/java.util.concurrent.ThreadPoolExecutor$Worker.run(ThreadPoolExecutor.java:642)
        at java.base@21.0.7/java.lang.Thread.runWith(Thread.java:1596)
        at java.base@21.0.7/java.lang.Thread.run(Thread.java:1583)
"IPC Server handler 55 on default port 15000" daemon prio=5 tid=181 timed_waiting
java.lang.Thread.State: TIMED_WAITING
        at java.base@21.0.7/jdk.internal.misc.Unsafe.park(Native Method)
        at java.base@21.0.7/java.util.concurrent.locks.LockSupport.parkNanos(LockSupport.java:269)
        at java.base@21.0.7/java.util.concurrent.locks.AbstractQueuedSynchronizer$ConditionObject.awaitNanos(AbstractQueuedSynchronizer.java:1763)
        at java.base@21.0.7/java.util.concurrent.LinkedBlockingQueue.poll(LinkedBlockingQueue.java:460)
        at app//org.apache.hadoop.ipc.CallQueueManager.take(CallQueueManager.java:370)
        at app//org.apache.hadoop.ipc.Server$Handler.run(Server.java:3165)
"IPC Server handler 60 on default port 15000" daemon prio=5 tid=186 timed_waiting
java.lang.Thread.State: TIMED_WAITING
        at java.base@21.0.7/jdk.internal.misc.Unsafe.park(Native Method)
        at java.base@21.0.7/java.util.concurrent.locks.LockSupport.parkNanos(LockSupport.java:269)
        at java.base@21.0.7/java.util.concurrent.locks.AbstractQueuedSynchronizer$ConditionObject.awaitNanos(AbstractQueuedSynchronizer.java:1763)
        at java.base@21.0.7/java.util.concurrent.LinkedBlockingQueue.poll(LinkedBlockingQueue.java:460)
        at app//org.apache.hadoop.ipc.CallQueueManager.take(CallQueueManager.java:370)
        at app//org.apache.hadoop.ipc.Server$Handler.run(Server.java:3165)
"om1-KeyDeletingService#1" daemon prio=5 tid=479 in Object.wait()
java.lang.Thread.State: WAITING (on object monitor)
        at java.base@21.0.7/jdk.internal.misc.Unsafe.park(Native Method)
        at java.base@21.0.7/java.util.concurrent.locks.LockSupport.park(LockSupport.java:371)
        at java.base@21.0.7/java.util.concurrent.locks.AbstractQueuedSynchronizer$ConditionNode.block(AbstractQueuedSynchronizer.java:519)
        at java.base@21.0.7/java.util.concurrent.ForkJoinPool.unmanagedBlock(ForkJoinPool.java:3780)
        at java.base@21.0.7/java.util.concurrent.ForkJoinPool.managedBlock(ForkJoinPool.java:3725)
        at java.base@21.0.7/java.util.concurrent.locks.AbstractQueuedSynchronizer$ConditionObject.await(AbstractQueuedSynchronizer.java:1712)
        at java.base@21.0.7/java.util.concurrent.ScheduledThreadPoolExecutor$DelayedWorkQueue.take(ScheduledThreadPoolExecutor.java:1177)
        at java.base@21.0.7/java.util.concurrent.ScheduledThreadPoolExecutor$DelayedWorkQueue.take(ScheduledThreadPoolExecutor.java:899)
        at java.base@21.0.7/java.util.concurrent.ThreadPoolExecutor.getTask(ThreadPoolExecutor.java:1070)
        at java.base@21.0.7/java.util.concurrent.ThreadPoolExecutor.runWorker(ThreadPoolExecutor.java:1130)
        at java.base@21.0.7/java.util.concurrent.ThreadPoolExecutor$Worker.run(ThreadPoolExecutor.java:642)
        at java.base@21.0.7/java.lang.Thread.runWith(Thread.java:1596)
        at java.base@21.0.7/java.lang.Thread.run(Thread.java:1583)
"IPC Server handler 85 on default port 15002" daemon prio=5 tid=429 timed_waiting
java.lang.Thread.State: TIMED_WAITING
        at java.base@21.0.7/jdk.internal.misc.Unsafe.park(Native Method)
        at java.base@21.0.7/java.util.concurrent.locks.LockSupport.parkNanos(LockSupport.java:269)
        at java.base@21.0.7/java.util.concurrent.locks.AbstractQueuedSynchronizer$ConditionObject.awaitNanos(AbstractQueuedSynchronizer.java:1763)
        at java.base@21.0.7/java.util.concurrent.LinkedBlockingQueue.poll(LinkedBlockingQueue.java:460)
        at app//org.apache.hadoop.ipc.CallQueueManager.take(CallQueueManager.java:370)
        at app//org.apache.hadoop.ipc.Server$Handler.run(Server.java:3165)
"ContainerMetadataScanner" daemon prio=5 tid=828 timed_waiting
java.lang.Thread.State: TIMED_WAITING
        at java.base@21.0.7/java.lang.Thread.sleep0(Native Method)
        at java.base@21.0.7/java.lang.Thread.sleep(Thread.java:509)
        at app//org.apache.hadoop.ozone.container.ozoneimpl.AbstractBackgroundContainerScanner.handleRemainingSleep(AbstractBackgroundContainerScanner.java:133)
        at app//org.apache.hadoop.ozone.container.ozoneimpl.AbstractBackgroundContainerScanner.runIteration(AbstractBackgroundContainerScanner.java:100)
        at app//org.apache.hadoop.ozone.container.ozoneimpl.AbstractBackgroundContainerScanner.run(AbstractBackgroundContainerScanner.java:59)
        at java.base@21.0.7/java.lang.Thread.runWith(Thread.java:1596)
        at java.base@21.0.7/java.lang.Thread.run(Thread.java:1583)
"IPC Server handler 56 on default port 15001" daemon prio=5 tid=282 timed_waiting
java.lang.Thread.State: TIMED_WAITING
        at java.base@21.0.7/jdk.internal.misc.Unsafe.park(Native Method)
        at java.base@21.0.7/java.util.concurrent.locks.LockSupport.parkNanos(LockSupport.java:269)
        at java.base@21.0.7/java.util.concurrent.locks.AbstractQueuedSynchronizer$ConditionObject.awaitNanos(AbstractQueuedSynchronizer.java:1763)
        at java.base@21.0.7/java.util.concurrent.LinkedBlockingQueue.poll(LinkedBlockingQueue.java:460)
        at app//org.apache.hadoop.ipc.CallQueueManager.take(CallQueueManager.java:370)
        at app//org.apache.hadoop.ipc.Server$Handler.run(Server.java:3165)
"EventQueue-ContainerRegistrationReportForECContainerSafeModeRule" daemon prio=5 tid=769 in Object.wait()
java.lang.Thread.State: WAITING (on object monitor)
        at java.base@21.0.7/jdk.internal.misc.Unsafe.park(Native Method)
        at java.base@21.0.7/java.util.concurrent.locks.LockSupport.park(LockSupport.java:371)
        at java.base@21.0.7/java.util.concurrent.locks.AbstractQueuedSynchronizer$ConditionNode.block(AbstractQueuedSynchronizer.java:519)
        at java.base@21.0.7/java.util.concurrent.ForkJoinPool.unmanagedBlock(ForkJoinPool.java:3780)
        at java.base@21.0.7/java.util.concurrent.ForkJoinPool.managedBlock(ForkJoinPool.java:3725)
        at java.base@21.0.7/java.util.concurrent.locks.AbstractQueuedSynchronizer$ConditionObject.await(AbstractQueuedSynchronizer.java:1712)
        at java.base@21.0.7/java.util.concurrent.LinkedBlockingQueue.take(LinkedBlockingQueue.java:435)
        at java.base@21.0.7/java.util.concurrent.ThreadPoolExecutor.getTask(ThreadPoolExecutor.java:1070)
        at java.base@21.0.7/java.util.concurrent.ThreadPoolExecutor.runWorker(ThreadPoolExecutor.java:1130)
        at java.base@21.0.7/java.util.concurrent.ThreadPoolExecutor$Worker.run(ThreadPoolExecutor.java:642)
        at java.base@21.0.7/java.lang.Thread.runWith(Thread.java:1596)
        at java.base@21.0.7/java.lang.Thread.run(Thread.java:1583)
"pool-36-thread-1"  prio=5 tid=328 timed_waiting
java.lang.Thread.State: TIMED_WAITING
        at java.base@21.0.7/jdk.internal.misc.Unsafe.park(Native Method)
        at java.base@21.0.7/java.util.concurrent.locks.LockSupport.parkNanos(LockSupport.java:269)
        at java.base@21.0.7/java.util.concurrent.locks.AbstractQueuedSynchronizer$ConditionObject.awaitNanos(AbstractQueuedSynchronizer.java:1763)
        at java.base@21.0.7/java.util.concurrent.ScheduledThreadPoolExecutor$DelayedWorkQueue.take(ScheduledThreadPoolExecutor.java:1182)
        at java.base@21.0.7/java.util.concurrent.ScheduledThreadPoolExecutor$DelayedWorkQueue.take(ScheduledThreadPoolExecutor.java:899)
        at java.base@21.0.7/java.util.concurrent.ThreadPoolExecutor.getTask(ThreadPoolExecutor.java:1070)
        at java.base@21.0.7/java.util.concurrent.ThreadPoolExecutor.runWorker(ThreadPoolExecutor.java:1130)
        at java.base@21.0.7/java.util.concurrent.ThreadPoolExecutor$Worker.run(ThreadPoolExecutor.java:642)
        at java.base@21.0.7/java.lang.Thread.runWith(Thread.java:1596)
        at java.base@21.0.7/java.lang.Thread.run(Thread.java:1583)
"IPC Server handler 1 on default port 15019" daemon prio=5 tid=602 timed_waiting
java.lang.Thread.State: TIMED_WAITING
        at java.base@21.0.7/jdk.internal.misc.Unsafe.park(Native Method)
        at java.base@21.0.7/java.util.concurrent.locks.LockSupport.parkNanos(LockSupport.java:269)
        at java.base@21.0.7/java.util.concurrent.locks.AbstractQueuedSynchronizer$ConditionObject.awaitNanos(AbstractQueuedSynchronizer.java:1763)
        at java.base@21.0.7/java.util.concurrent.LinkedBlockingQueue.poll(LinkedBlockingQueue.java:460)
        at app//org.apache.hadoop.ipc.CallQueueManager.take(CallQueueManager.java:370)
        at app//org.apache.hadoop.ipc.Server$Handler.run(Server.java:3165)
"IPC Server handler 87 on default port 15002" daemon prio=5 tid=431 timed_waiting
java.lang.Thread.State: TIMED_WAITING
        at java.base@21.0.7/jdk.internal.misc.Unsafe.park(Native Method)
        at java.base@21.0.7/java.util.concurrent.locks.LockSupport.parkNanos(LockSupport.java:269)
        at java.base@21.0.7/java.util.concurrent.locks.AbstractQueuedSynchronizer$ConditionObject.awaitNanos(AbstractQueuedSynchronizer.java:1763)
        at java.base@21.0.7/java.util.concurrent.LinkedBlockingQueue.poll(LinkedBlockingQueue.java:460)
        at app//org.apache.hadoop.ipc.CallQueueManager.take(CallQueueManager.java:370)
        at app//org.apache.hadoop.ipc.Server$Handler.run(Server.java:3165)
"IPC Server handler 93 on default port 15002" daemon prio=5 tid=437 timed_waiting
java.lang.Thread.State: TIMED_WAITING
        at java.base@21.0.7/jdk.internal.misc.Unsafe.park(Native Method)
        at java.base@21.0.7/java.util.concurrent.locks.LockSupport.parkNanos(LockSupport.java:269)
        at java.base@21.0.7/java.util.concurrent.locks.AbstractQueuedSynchronizer$ConditionObject.awaitNanos(AbstractQueuedSynchronizer.java:1763)
        at java.base@21.0.7/java.util.concurrent.LinkedBlockingQueue.poll(LinkedBlockingQueue.java:460)
        at app//org.apache.hadoop.ipc.CallQueueManager.take(CallQueueManager.java:370)
        at app//org.apache.hadoop.ipc.Server$Handler.run(Server.java:3165)
"IPC Server handler 96 on default port 15000" daemon prio=5 tid=222 timed_waiting
java.lang.Thread.State: TIMED_WAITING
        at java.base@21.0.7/jdk.internal.misc.Unsafe.park(Native Method)
        at java.base@21.0.7/java.util.concurrent.locks.LockSupport.parkNanos(LockSupport.java:269)
        at java.base@21.0.7/java.util.concurrent.locks.AbstractQueuedSynchronizer$ConditionObject.awaitNanos(AbstractQueuedSynchronizer.java:1763)
        at java.base@21.0.7/java.util.concurrent.LinkedBlockingQueue.poll(LinkedBlockingQueue.java:460)
        at app//org.apache.hadoop.ipc.CallQueueManager.take(CallQueueManager.java:370)
        at app//org.apache.hadoop.ipc.Server$Handler.run(Server.java:3165)
"IPC Server handler 56 on default port 15000" daemon prio=5 tid=182 timed_waiting
java.lang.Thread.State: TIMED_WAITING
        at java.base@21.0.7/jdk.internal.misc.Unsafe.park(Native Method)
        at java.base@21.0.7/java.util.concurrent.locks.LockSupport.parkNanos(LockSupport.java:269)
        at java.base@21.0.7/java.util.concurrent.locks.AbstractQueuedSynchronizer$ConditionObject.awaitNanos(AbstractQueuedSynchronizer.java:1763)
        at java.base@21.0.7/java.util.concurrent.LinkedBlockingQueue.poll(LinkedBlockingQueue.java:460)
        at app//org.apache.hadoop.ipc.CallQueueManager.take(CallQueueManager.java:370)
        at app//org.apache.hadoop.ipc.Server$Handler.run(Server.java:3165)
"IPC Parameter Sending Thread for 0.0.0.0/0.0.0.0:15000" daemon prio=5 tid=1027 timed_waiting
java.lang.Thread.State: TIMED_WAITING
        at java.base@21.0.7/jdk.internal.misc.Unsafe.park(Native Method)
        at java.base@21.0.7/java.util.concurrent.locks.LockSupport.parkNanos(LockSupport.java:410)
        at java.base@21.0.7/java.util.concurrent.LinkedTransferQueue$DualNode.await(LinkedTransferQueue.java:452)
        at java.base@21.0.7/java.util.concurrent.LinkedTransferQueue.xfer(LinkedTransferQueue.java:613)
        at java.base@21.0.7/java.util.concurrent.SynchronousQueue.xfer(SynchronousQueue.java:235)
        at java.base@21.0.7/java.util.concurrent.SynchronousQueue.poll(SynchronousQueue.java:338)
        at app//org.apache.hadoop.ipc.Client$Connection$RpcRequestSender.run(Client.java:1121)
        at java.base@21.0.7/java.lang.Thread.runWith(Thread.java:1596)
        at java.base@21.0.7/java.lang.Thread.run(Thread.java:1583)
"IPC Server handler 40 on default port 15001" daemon prio=5 tid=266 timed_waiting
java.lang.Thread.State: TIMED_WAITING
        at java.base@21.0.7/jdk.internal.misc.Unsafe.park(Native Method)
        at java.base@21.0.7/java.util.concurrent.locks.LockSupport.parkNanos(LockSupport.java:269)
        at java.base@21.0.7/java.util.concurrent.locks.AbstractQueuedSynchronizer$ConditionObject.awaitNanos(AbstractQueuedSynchronizer.java:1763)
        at java.base@21.0.7/java.util.concurrent.LinkedBlockingQueue.poll(LinkedBlockingQueue.java:460)
        at app//org.apache.hadoop.ipc.CallQueueManager.take(CallQueueManager.java:370)
        at app//org.apache.hadoop.ipc.Server$Handler.run(Server.java:3165)
"2b1bfca1-1fdc-4b0a-9b4d-c21112718afa-ChunkWriter-2-0" daemon prio=5 tid=832 in Object.wait()
java.lang.Thread.State: WAITING (on object monitor)
        at java.base@21.0.7/jdk.internal.misc.Unsafe.park(Native Method)
        at java.base@21.0.7/java.util.concurrent.locks.LockSupport.park(LockSupport.java:371)
        at java.base@21.0.7/java.util.concurrent.locks.AbstractQueuedSynchronizer$ConditionNode.block(AbstractQueuedSynchronizer.java:519)
        at java.base@21.0.7/java.util.concurrent.ForkJoinPool.unmanagedBlock(ForkJoinPool.java:3780)
        at java.base@21.0.7/java.util.concurrent.ForkJoinPool.managedBlock(ForkJoinPool.java:3725)
        at java.base@21.0.7/java.util.concurrent.locks.AbstractQueuedSynchronizer$ConditionObject.await(AbstractQueuedSynchronizer.java:1712)
        at java.base@21.0.7/java.util.concurrent.LinkedBlockingDeque.takeFirst(LinkedBlockingDeque.java:485)
        at java.base@21.0.7/java.util.concurrent.LinkedBlockingDeque.take(LinkedBlockingDeque.java:673)
        at java.base@21.0.7/java.util.concurrent.ThreadPoolExecutor.getTask(ThreadPoolExecutor.java:1070)
        at java.base@21.0.7/java.util.concurrent.ThreadPoolExecutor.runWorker(ThreadPoolExecutor.java:1130)
        at java.base@21.0.7/java.util.concurrent.ThreadPoolExecutor$Worker.run(ThreadPoolExecutor.java:642)
        at java.base@21.0.7/java.lang.Thread.runWith(Thread.java:1596)
        at java.base@21.0.7/java.lang.Thread.run(Thread.java:1583)
"IPC Server handler 63 on default port 15001" daemon prio=5 tid=289 timed_waiting
java.lang.Thread.State: TIMED_WAITING
        at java.base@21.0.7/jdk.internal.misc.Unsafe.park(Native Method)
        at java.base@21.0.7/java.util.concurrent.locks.LockSupport.parkNanos(LockSupport.java:269)
        at java.base@21.0.7/java.util.concurrent.locks.AbstractQueuedSynchronizer$ConditionObject.awaitNanos(AbstractQueuedSynchronizer.java:1763)
        at java.base@21.0.7/java.util.concurrent.LinkedBlockingQueue.poll(LinkedBlockingQueue.java:460)
        at app//org.apache.hadoop.ipc.CallQueueManager.take(CallQueueManager.java:370)
        at app//org.apache.hadoop.ipc.Server$Handler.run(Server.java:3165)
"FixedThreadPoolWithAffinityExecutor-1-0" daemon prio=5 tid=109 timed_waiting
java.lang.Thread.State: TIMED_WAITING
        at java.base@21.0.7/jdk.internal.misc.Unsafe.park(Native Method)
        at java.base@21.0.7/java.util.concurrent.locks.LockSupport.parkNanos(LockSupport.java:269)
        at java.base@21.0.7/java.util.concurrent.locks.AbstractQueuedSynchronizer$ConditionObject.awaitNanos(AbstractQueuedSynchronizer.java:1763)
        at java.base@21.0.7/java.util.concurrent.LinkedBlockingQueue.poll(LinkedBlockingQueue.java:460)
        at app//org.apache.hadoop.hdds.scm.server.ContainerReportQueue.poll(ContainerReportQueue.java:269)
        at app//org.apache.hadoop.hdds.scm.server.ContainerReportQueue.poll(ContainerReportQueue.java:42)
        at app//org.apache.hadoop.hdds.server.events.FixedThreadPoolWithAffinityExecutor$ContainerReportProcessTask.run(FixedThreadPoolWithAffinityExecutor.java:228)
        at java.base@21.0.7/java.util.concurrent.Executors$RunnableAdapter.call(Executors.java:572)
        at java.base@21.0.7/java.util.concurrent.FutureTask.run(FutureTask.java:317)
        at java.base@21.0.7/java.util.concurrent.ThreadPoolExecutor.runWorker(ThreadPoolExecutor.java:1144)
        at java.base@21.0.7/java.util.concurrent.ThreadPoolExecutor$Worker.run(ThreadPoolExecutor.java:642)
        at java.base@21.0.7/java.lang.Thread.runWith(Thread.java:1596)
        at java.base@21.0.7/java.lang.Thread.run(Thread.java:1583)
"IPC Server handler 68 on default port 15002" daemon prio=5 tid=412 timed_waiting
java.lang.Thread.State: TIMED_WAITING
        at java.base@21.0.7/jdk.internal.misc.Unsafe.park(Native Method)
        at java.base@21.0.7/java.util.concurrent.locks.LockSupport.parkNanos(LockSupport.java:269)
        at java.base@21.0.7/java.util.concurrent.locks.AbstractQueuedSynchronizer$ConditionObject.awaitNanos(AbstractQueuedSynchronizer.java:1763)
        at java.base@21.0.7/java.util.concurrent.LinkedBlockingQueue.poll(LinkedBlockingQueue.java:460)
        at app//org.apache.hadoop.ipc.CallQueueManager.take(CallQueueManager.java:370)
        at app//org.apache.hadoop.ipc.Server$Handler.run(Server.java:3165)
"IPC Server handler 86 on default port 15002" daemon prio=5 tid=430 timed_waiting
java.lang.Thread.State: TIMED_WAITING
        at java.base@21.0.7/jdk.internal.misc.Unsafe.park(Native Method)
        at java.base@21.0.7/java.util.concurrent.locks.LockSupport.parkNanos(LockSupport.java:269)
        at java.base@21.0.7/java.util.concurrent.locks.AbstractQueuedSynchronizer$ConditionObject.awaitNanos(AbstractQueuedSynchronizer.java:1763)
        at java.base@21.0.7/java.util.concurrent.LinkedBlockingQueue.poll(LinkedBlockingQueue.java:460)
        at app//org.apache.hadoop.ipc.CallQueueManager.take(CallQueueManager.java:370)
        at app//org.apache.hadoop.ipc.Server$Handler.run(Server.java:3165)
"IPC Server handler 6 on default port 15006" daemon prio=5 tid=511 timed_waiting
java.lang.Thread.State: TIMED_WAITING
        at java.base@21.0.7/jdk.internal.misc.Unsafe.park(Native Method)
        at java.base@21.0.7/java.util.concurrent.locks.LockSupport.parkNanos(LockSupport.java:269)
        at java.base@21.0.7/java.util.concurrent.locks.AbstractQueuedSynchronizer$ConditionObject.awaitNanos(AbstractQueuedSynchronizer.java:1763)
        at java.base@21.0.7/java.util.concurrent.LinkedBlockingQueue.poll(LinkedBlockingQueue.java:460)
        at app//org.apache.hadoop.ipc.CallQueueManager.take(CallQueueManager.java:370)
        at app//org.apache.hadoop.ipc.Server$Handler.run(Server.java:3165)
"IPC Server handler 71 on default port 15002" daemon prio=5 tid=415 timed_waiting
java.lang.Thread.State: TIMED_WAITING
        at java.base@21.0.7/jdk.internal.misc.Unsafe.park(Native Method)
        at java.base@21.0.7/java.util.concurrent.locks.LockSupport.parkNanos(LockSupport.java:269)
        at java.base@21.0.7/java.util.concurrent.locks.AbstractQueuedSynchronizer$ConditionObject.awaitNanos(AbstractQueuedSynchronizer.java:1763)
        at java.base@21.0.7/java.util.concurrent.LinkedBlockingQueue.poll(LinkedBlockingQueue.java:460)
        at app//org.apache.hadoop.ipc.CallQueueManager.take(CallQueueManager.java:370)
        at app//org.apache.hadoop.ipc.Server$Handler.run(Server.java:3165)
"om1-OpenKeyCleanupService#0" daemon prio=5 tid=482 timed_waiting
java.lang.Thread.State: TIMED_WAITING
        at java.base@21.0.7/jdk.internal.misc.Unsafe.park(Native Method)
        at java.base@21.0.7/java.util.concurrent.locks.LockSupport.parkNanos(LockSupport.java:269)
        at java.base@21.0.7/java.util.concurrent.locks.AbstractQueuedSynchronizer$ConditionObject.awaitNanos(AbstractQueuedSynchronizer.java:1763)
        at java.base@21.0.7/java.util.concurrent.ScheduledThreadPoolExecutor$DelayedWorkQueue.take(ScheduledThreadPoolExecutor.java:1182)
        at java.base@21.0.7/java.util.concurrent.ScheduledThreadPoolExecutor$DelayedWorkQueue.take(ScheduledThreadPoolExecutor.java:899)
        at java.base@21.0.7/java.util.concurrent.ThreadPoolExecutor.getTask(ThreadPoolExecutor.java:1070)
        at java.base@21.0.7/java.util.concurrent.ThreadPoolExecutor.runWorker(ThreadPoolExecutor.java:1130)
        at java.base@21.0.7/java.util.concurrent.ThreadPoolExecutor$Worker.run(ThreadPoolExecutor.java:642)
        at java.base@21.0.7/java.lang.Thread.runWith(Thread.java:1596)
        at java.base@21.0.7/java.lang.Thread.run(Thread.java:1583)
"IPC Server handler 72 on default port 15001" daemon prio=5 tid=298 timed_waiting
java.lang.Thread.State: TIMED_WAITING
        at java.base@21.0.7/jdk.internal.misc.Unsafe.park(Native Method)
        at java.base@21.0.7/java.util.concurrent.locks.LockSupport.parkNanos(LockSupport.java:269)
        at java.base@21.0.7/java.util.concurrent.locks.AbstractQueuedSynchronizer$ConditionObject.awaitNanos(AbstractQueuedSynchronizer.java:1763)
        at java.base@21.0.7/java.util.concurrent.LinkedBlockingQueue.poll(LinkedBlockingQueue.java:460)
        at app//org.apache.hadoop.ipc.CallQueueManager.take(CallQueueManager.java:370)
        at app//org.apache.hadoop.ipc.Server$Handler.run(Server.java:3165)
"gradle-enterprise-test-client-gradle-enterprise-test-listener"  prio=5 tid=31 in Object.wait()
java.lang.Thread.State: WAITING (on object monitor)
        at java.base@21.0.7/jdk.internal.misc.Unsafe.park(Native Method)
        at java.base@21.0.7/java.util.concurrent.locks.LockSupport.park(LockSupport.java:371)
        at java.base@21.0.7/java.util.concurrent.locks.AbstractQueuedSynchronizer$ConditionNode.block(AbstractQueuedSynchronizer.java:519)
        at java.base@21.0.7/java.util.concurrent.ForkJoinPool.unmanagedBlock(ForkJoinPool.java:3780)
        at java.base@21.0.7/java.util.concurrent.ForkJoinPool.managedBlock(ForkJoinPool.java:3725)
        at java.base@21.0.7/java.util.concurrent.locks.AbstractQueuedSynchronizer$ConditionObject.await(AbstractQueuedSynchronizer.java:1712)
        at java.base@21.0.7/java.util.concurrent.ArrayBlockingQueue.take(ArrayBlockingQueue.java:420)
        at app//com.gradle.maven.scan.extension.test.listener.obfuscated.k.a.a(SourceFile:130)
        at app//com.gradle.maven.scan.extension.test.listener.obfuscated.k.a.b(SourceFile:93)
        at app//com.gradle.maven.scan.extension.test.listener.obfuscated.k.a$$Lambda/0x00007fe904117a30.run(Unknown Source)
        at java.base@21.0.7/java.util.concurrent.Executors$RunnableAdapter.call(Executors.java:572)
        at java.base@21.0.7/java.util.concurrent.FutureTask.run(FutureTask.java:317)
        at java.base@21.0.7/java.util.concurrent.ThreadPoolExecutor.runWorker(ThreadPoolExecutor.java:1144)
        at java.base@21.0.7/java.util.concurrent.ThreadPoolExecutor$Worker.run(ThreadPoolExecutor.java:642)
        at java.base@21.0.7/java.lang.Thread.runWith(Thread.java:1596)
        at java.base@21.0.7/java.lang.Thread.run(Thread.java:1583)
"Socket Reader #9 for port 15002"  prio=5 tid=75 runnable
java.lang.Thread.State: RUNNABLE
        at java.base@21.0.7/sun.nio.ch.EPoll.wait(Native Method)
        at java.base@21.0.7/sun.nio.ch.EPollSelectorImpl.doSelect(EPollSelectorImpl.java:121)
        at java.base@21.0.7/sun.nio.ch.SelectorImpl.lockAndDoSelect(SelectorImpl.java:130)
        at java.base@21.0.7/sun.nio.ch.SelectorImpl.select(SelectorImpl.java:147)
        at app//org.apache.hadoop.ipc.Server$Listener$Reader.doRunLoop(Server.java:1497)
        at app//org.apache.hadoop.ipc.Server$Listener$Reader.run(Server.java:1476)
"StaleRecoveringContainerScrubbingService#0" daemon prio=5 tid=857 timed_waiting
java.lang.Thread.State: TIMED_WAITING
        at java.base@21.0.7/jdk.internal.misc.Unsafe.park(Native Method)
        at java.base@21.0.7/java.util.concurrent.locks.LockSupport.parkNanos(LockSupport.java:269)
        at java.base@21.0.7/java.util.concurrent.locks.AbstractQueuedSynchronizer$ConditionObject.awaitNanos(AbstractQueuedSynchronizer.java:1763)
        at java.base@21.0.7/java.util.concurrent.ScheduledThreadPoolExecutor$DelayedWorkQueue.take(ScheduledThreadPoolExecutor.java:1182)
        at java.base@21.0.7/java.util.concurrent.ScheduledThreadPoolExecutor$DelayedWorkQueue.take(ScheduledThreadPoolExecutor.java:899)
        at java.base@21.0.7/java.util.concurrent.ThreadPoolExecutor.getTask(ThreadPoolExecutor.java:1070)
        at java.base@21.0.7/java.util.concurrent.ThreadPoolExecutor.runWorker(ThreadPoolExecutor.java:1130)
        at java.base@21.0.7/java.util.concurrent.ThreadPoolExecutor$Worker.run(ThreadPoolExecutor.java:642)
        at java.base@21.0.7/java.lang.Thread.runWith(Thread.java:1596)
        at java.base@21.0.7/java.lang.Thread.run(Thread.java:1583)
"0cf558f4-2ca5-4c9f-a057-d7d7b755ef43@group-6B1567AA62B1-cacheEviction-AwaitToRun" daemon prio=5 tid=118 in Object.wait()
java.lang.Thread.State: WAITING (on object monitor)
        at java.base@21.0.7/jdk.internal.misc.Unsafe.park(Native Method)
        at java.base@21.0.7/java.util.concurrent.locks.LockSupport.park(LockSupport.java:371)
        at java.base@21.0.7/java.util.concurrent.locks.AbstractQueuedSynchronizer$ConditionNode.block(AbstractQueuedSynchronizer.java:519)
        at java.base@21.0.7/java.util.concurrent.ForkJoinPool.unmanagedBlock(ForkJoinPool.java:3780)
        at java.base@21.0.7/java.util.concurrent.ForkJoinPool.managedBlock(ForkJoinPool.java:3725)
        at java.base@21.0.7/java.util.concurrent.locks.AbstractQueuedSynchronizer$ConditionObject.await(AbstractQueuedSynchronizer.java:1712)
        at app//org.apache.ratis.util.AwaitForSignal.await(AwaitForSignal.java:48)
        at app//org.apache.ratis.util.AwaitToRun$RunnableImpl.run(AwaitToRun.java:47)
        at java.base@21.0.7/java.lang.Thread.runWith(Thread.java:1596)
        at java.base@21.0.7/java.lang.Thread.run(Thread.java:1583)
"IPC Server handler 36 on default port 15002" daemon prio=5 tid=380 timed_waiting
java.lang.Thread.State: TIMED_WAITING
        at java.base@21.0.7/jdk.internal.misc.Unsafe.park(Native Method)
        at java.base@21.0.7/java.util.concurrent.locks.LockSupport.parkNanos(LockSupport.java:269)
        at java.base@21.0.7/java.util.concurrent.locks.AbstractQueuedSynchronizer$ConditionObject.awaitNanos(AbstractQueuedSynchronizer.java:1763)
        at java.base@21.0.7/java.util.concurrent.LinkedBlockingQueue.poll(LinkedBlockingQueue.java:460)
        at app//org.apache.hadoop.ipc.CallQueueManager.take(CallQueueManager.java:370)
        at app//org.apache.hadoop.ipc.Server$Handler.run(Server.java:3165)
"Socket Reader #3 for port 15019"  prio=5 tid=590 runnable
java.lang.Thread.State: RUNNABLE
        at java.base@21.0.7/sun.nio.ch.EPoll.wait(Native Method)
        at java.base@21.0.7/sun.nio.ch.EPollSelectorImpl.doSelect(EPollSelectorImpl.java:121)
        at java.base@21.0.7/sun.nio.ch.SelectorImpl.lockAndDoSelect(SelectorImpl.java:130)
        at java.base@21.0.7/sun.nio.ch.SelectorImpl.select(SelectorImpl.java:147)
        at app//org.apache.hadoop.ipc.Server$Listener$Reader.doRunLoop(Server.java:1497)
        at app//org.apache.hadoop.ipc.Server$Listener$Reader.run(Server.java:1476)
"om1-DirectoryDeletingService#5" daemon prio=5 tid=490 in Object.wait()
java.lang.Thread.State: WAITING (on object monitor)
        at java.base@21.0.7/jdk.internal.misc.Unsafe.park(Native Method)
        at java.base@21.0.7/java.util.concurrent.locks.LockSupport.park(LockSupport.java:371)
        at java.base@21.0.7/java.util.concurrent.locks.AbstractQueuedSynchronizer$ConditionNode.block(AbstractQueuedSynchronizer.java:519)
        at java.base@21.0.7/java.util.concurrent.ForkJoinPool.unmanagedBlock(ForkJoinPool.java:3780)
        at java.base@21.0.7/java.util.concurrent.ForkJoinPool.managedBlock(ForkJoinPool.java:3725)
        at java.base@21.0.7/java.util.concurrent.locks.AbstractQueuedSynchronizer$ConditionObject.await(AbstractQueuedSynchronizer.java:1712)
        at java.base@21.0.7/java.util.concurrent.ScheduledThreadPoolExecutor$DelayedWorkQueue.take(ScheduledThreadPoolExecutor.java:1177)
        at java.base@21.0.7/java.util.concurrent.ScheduledThreadPoolExecutor$DelayedWorkQueue.take(ScheduledThreadPoolExecutor.java:899)
        at java.base@21.0.7/java.util.concurrent.ThreadPoolExecutor.getTask(ThreadPoolExecutor.java:1070)
        at java.base@21.0.7/java.util.concurrent.ThreadPoolExecutor.runWorker(ThreadPoolExecutor.java:1130)
        at java.base@21.0.7/java.util.concurrent.ThreadPoolExecutor$Worker.run(ThreadPoolExecutor.java:642)
        at java.base@21.0.7/java.lang.Thread.runWith(Thread.java:1596)
        at java.base@21.0.7/java.lang.Thread.run(Thread.java:1583)
"Socket Reader #9 for port 15000"  prio=5 tid=103 runnable
java.lang.Thread.State: RUNNABLE
        at java.base@21.0.7/sun.nio.ch.EPoll.wait(Native Method)
        at java.base@21.0.7/sun.nio.ch.EPollSelectorImpl.doSelect(EPollSelectorImpl.java:121)
        at java.base@21.0.7/sun.nio.ch.SelectorImpl.lockAndDoSelect(SelectorImpl.java:130)
        at java.base@21.0.7/sun.nio.ch.SelectorImpl.select(SelectorImpl.java:147)
        at app//org.apache.hadoop.ipc.Server$Listener$Reader.doRunLoop(Server.java:1497)
        at app//org.apache.hadoop.ipc.Server$Listener$Reader.run(Server.java:1476)
"IPC Server Responder" daemon prio=5 tid=92 runnable
java.lang.Thread.State: RUNNABLE
        at java.base@21.0.7/sun.nio.ch.EPoll.wait(Native Method)
        at java.base@21.0.7/sun.nio.ch.EPollSelectorImpl.doSelect(EPollSelectorImpl.java:121)
        at java.base@21.0.7/sun.nio.ch.SelectorImpl.lockAndDoSelect(SelectorImpl.java:130)
        at java.base@21.0.7/sun.nio.ch.SelectorImpl.select(SelectorImpl.java:142)
        at app//org.apache.hadoop.ipc.Server$Responder.doRunLoop(Server.java:1733)
        at app//org.apache.hadoop.ipc.Server$Responder.run(Server.java:1716)


	at org.apache.ozone.test.GenericTestUtils.waitFor(GenericTestUtils.java:116)
	at org.apache.hadoop.hdds.scm.node.TestQueryNode.testStaleNodesCount(TestQueryNode.java:86)
	at java.base/java.lang.reflect.Method.invoke(Method.java:580)
	at java.base/java.util.ArrayList.forEach(ArrayList.java:1596)
	at java.base/java.util.ArrayList.forEach(ArrayList.java:1596)
]]></error>
    <system-out><![CDATA[2025-05-28 15:17:02,423 [main] WARN  server.ServerUtils (ServerUtils.java:getScmDbDir(138)) - ozone.scm.db.dirs is not configured. We recommend adding this setting. Falling back to ozone.metadata.dirs instead.
2025-05-28 15:17:02,633 [main] INFO  reflections.Reflections (Reflections.java:scan(219)) - Reflections took 175 ms to scan 7 urls, producing 166 keys and 368 values
2025-05-28 15:17:02,781 [main] INFO  ha.SCMHANodeDetails (SCMHANodeDetails.java:loadSCMHAConfig(162)) - ServiceID for StorageContainerManager is null
2025-05-28 15:17:02,781 [main] INFO  ha.SCMHANodeDetails (SCMHANodeDetails.java:loadSCMHAConfig(166)) - ozone.scm.default.service.id is not defined, falling back to ozone.scm.service.ids to find serviceID for StorageContainerManager if it is HA enabled cluster
2025-05-28 15:17:03,013 [main] INFO  server.RaftServerConfigKeys (ConfUtils.java:logGet(46)) - raft.server.log.appender.buffer.byte-limit = 4194304 (custom)
2025-05-28 15:17:03,041 [main] INFO  server.RaftServer (ConfUtils.java:logGet(46)) - raft.rpc.type = GRPC (default)
2025-05-28 15:17:03,090 [main] INFO  grpc.GrpcConfigKeys (ConfUtils.java:logFallback(53)) - raft.grpc.admin.host = null (fallback to raft.grpc.server.host)
2025-05-28 15:17:03,091 [main] INFO  grpc.GrpcConfigKeys (ConfUtils.java:logFallback(53)) - raft.grpc.admin.port = 15004 (fallback to raft.grpc.server.port)
2025-05-28 15:17:03,092 [main] INFO  grpc.GrpcConfigKeys (ConfUtils.java:logFallback(53)) - raft.grpc.client.host = null (fallback to raft.grpc.server.host)
2025-05-28 15:17:03,092 [main] INFO  grpc.GrpcConfigKeys (ConfUtils.java:logFallback(53)) - raft.grpc.client.port = 15004 (fallback to raft.grpc.server.port)
2025-05-28 15:17:03,093 [main] INFO  grpc.GrpcConfigKeys (ConfUtils.java:logGet(46)) - raft.grpc.server.host = null (default)
2025-05-28 15:17:03,093 [main] INFO  grpc.GrpcConfigKeys (ConfUtils.java:logGet(46)) - raft.grpc.server.port = 15004 (custom)
2025-05-28 15:17:03,094 [main] INFO  server.GrpcService (ConfUtils.java:logGet(46)) - raft.grpc.message.size.max = 5242880 (custom)
2025-05-28 15:17:03,094 [main] INFO  server.GrpcService (ConfUtils.java:logGet(46)) - raft.grpc.flow.control.window = 1MB (=1048576) (default)
2025-05-28 15:17:03,095 [main] INFO  server.RaftServerConfigKeys (ConfUtils.java:logGet(46)) - raft.server.rpc.request.timeout = 30000ms (custom)
2025-05-28 15:17:03,102 [main] INFO  grpc.GrpcConfigKeys (ConfUtils.java:logGet(46)) - raft.grpc.server.heartbeat.channel = true (default)
2025-05-28 15:17:03,102 [main] INFO  server.RaftServerConfigKeys (ConfUtils.java:logGet(46)) - raft.server.log.appender.buffer.byte-limit = 4194304 (custom)
2025-05-28 15:17:03,105 [main] INFO  grpc.GrpcConfigKeys (ConfUtils.java:logGet(46)) - raft.grpc.server.async.request.thread.pool.cached = true (default)
2025-05-28 15:17:03,105 [main] INFO  grpc.GrpcConfigKeys (ConfUtils.java:logGet(46)) - raft.grpc.server.async.request.thread.pool.size = 32 (default)
2025-05-28 15:17:03,291 [main] INFO  impl.DataStreamServerImpl (ConfUtils.java:logGet(46)) - raft.datastream.type = DISABLED (default)
2025-05-28 15:17:03,294 [main] INFO  server.RaftServerConfigKeys (ConfUtils.java:logGet(46)) - raft.server.sleep.deviation.threshold = 300ms (default)
2025-05-28 15:17:03,294 [main] INFO  server.RaftServerConfigKeys (ConfUtils.java:logGet(46)) - raft.server.close.threshold = 60s (default)
2025-05-28 15:17:03,295 [main] INFO  server.RaftServerConfigKeys (ConfUtils.java:logGet(46)) - raft.server.leaderelection.leader.step-down.wait-time = 10s (default)
2025-05-28 15:17:03,298 [main] INFO  server.RaftServerConfigKeys (ConfUtils.java:logGet(46)) - raft.server.storage.dir = [/home/runner/work/ozone/ozone/hadoop-ozone/integration-test/target/test-dir/MiniOzoneClusterImpl-723737d7-d862-4a19-a51f-6b1567aa62b1/ozone-meta/scm-ha] (custom)
2025-05-28 15:17:03,300 [main] INFO  server.RaftServerConfigKeys (ConfUtils.java:logGet(46)) - raft.server.threadpool.proxy.cached = true (default)
2025-05-28 15:17:03,300 [main] INFO  server.RaftServerConfigKeys (ConfUtils.java:logGet(46)) - raft.server.threadpool.proxy.size = 0 (default)
2025-05-28 15:17:03,306 [main] INFO  server.RaftServer (RaftServerProxy.java:addNew(100)) - 0cf558f4-2ca5-4c9f-a057-d7d7b755ef43: addNew group-6B1567AA62B1:[0cf558f4-2ca5-4c9f-a057-d7d7b755ef43|localhost:15004] returns group-6B1567AA62B1:java.util.concurrent.CompletableFuture@c2584d3[Not completed]
2025-05-28 15:17:03,324 [0cf558f4-2ca5-4c9f-a057-d7d7b755ef43-groupManagement] INFO  server.RaftServer$Division (RaftServerImpl.java:<init>(255)) - 0cf558f4-2ca5-4c9f-a057-d7d7b755ef43: new RaftServerImpl for group-6B1567AA62B1:[0cf558f4-2ca5-4c9f-a057-d7d7b755ef43|localhost:15004] with SCMStateMachine:uninitialized
2025-05-28 15:17:03,327 [0cf558f4-2ca5-4c9f-a057-d7d7b755ef43-groupManagement] INFO  server.RaftServerConfigKeys (ConfUtils.java:logGet(46)) - raft.server.rpc.timeout.min = 5000ms (custom)
2025-05-28 15:17:03,329 [0cf558f4-2ca5-4c9f-a057-d7d7b755ef43-groupManagement] INFO  server.RaftServerConfigKeys (ConfUtils.java:logGet(46)) - raft.server.rpc.timeout.max = 5200ms (custom)
2025-05-28 15:17:03,329 [0cf558f4-2ca5-4c9f-a057-d7d7b755ef43-groupManagement] INFO  server.RaftServerConfigKeys (ConfUtils.java:logGet(46)) - raft.server.rpc.sleep.time = 25ms (default)
2025-05-28 15:17:03,330 [0cf558f4-2ca5-4c9f-a057-d7d7b755ef43-groupManagement] INFO  server.RaftServerConfigKeys (ConfUtils.java:logGet(46)) - raft.server.rpc.slowness.timeout = 120000ms (custom)
2025-05-28 15:17:03,330 [0cf558f4-2ca5-4c9f-a057-d7d7b755ef43-groupManagement] INFO  server.RaftServerConfigKeys (ConfUtils.java:logGet(46)) - raft.server.leaderelection.leader.step-down.wait-time = 10s (default)
2025-05-28 15:17:03,330 [0cf558f4-2ca5-4c9f-a057-d7d7b755ef43-groupManagement] INFO  server.RaftServerConfigKeys (ConfUtils.java:logGet(46)) - raft.server.leaderelection.member.majority-add = false (default)
2025-05-28 15:17:03,331 [0cf558f4-2ca5-4c9f-a057-d7d7b755ef43-groupManagement] INFO  server.RaftServerConfigKeys (ConfUtils.java:logGet(46)) - raft.server.sleep.deviation.threshold = 300ms (default)
2025-05-28 15:17:03,336 [0cf558f4-2ca5-4c9f-a057-d7d7b755ef43-groupManagement] INFO  server.RaftServer$Division (ServerState.java:<init>(114)) - 0cf558f4-2ca5-4c9f-a057-d7d7b755ef43@group-6B1567AA62B1: ConfigurationManager, init=conf: {index: -1, cur=peers:[0cf558f4-2ca5-4c9f-a057-d7d7b755ef43|localhost:15004]|listeners:[], old=null}, confs=<EMPTY_MAP>
2025-05-28 15:17:03,341 [0cf558f4-2ca5-4c9f-a057-d7d7b755ef43-groupManagement] INFO  server.RaftServerConfigKeys (ConfUtils.java:logGet(46)) - raft.server.notification.no-leader.timeout = 60s (default)
2025-05-28 15:17:03,344 [0cf558f4-2ca5-4c9f-a057-d7d7b755ef43-groupManagement] INFO  server.RaftServerConfigKeys (ConfUtils.java:logGet(46)) - raft.server.read.timeout = 10s (default)
2025-05-28 15:17:03,347 [0cf558f4-2ca5-4c9f-a057-d7d7b755ef43-groupManagement] INFO  server.RaftServerConfigKeys (ConfUtils.java:logGet(46)) - raft.server.retrycache.expirytime = 60000ms (default)
2025-05-28 15:17:03,348 [0cf558f4-2ca5-4c9f-a057-d7d7b755ef43-groupManagement] INFO  server.RaftServerConfigKeys (ConfUtils.java:logGet(46)) - raft.server.retrycache.statistics.expirytime = 100ms (default)
2025-05-28 15:17:03,352 [0cf558f4-2ca5-4c9f-a057-d7d7b755ef43-groupManagement] INFO  server.RaftServerConfigKeys (ConfUtils.java:logGet(46)) - raft.server.read.option = DEFAULT (default)
2025-05-28 15:17:03,353 [0cf558f4-2ca5-4c9f-a057-d7d7b755ef43-groupManagement] INFO  server.RaftServerConfigKeys (ConfUtils.java:logGet(46)) - raft.server.read.read-after-write-consistent.write-index-cache.expiry-time = 60s (default)
2025-05-28 15:17:03,488 [0cf558f4-2ca5-4c9f-a057-d7d7b755ef43-groupManagement] INFO  server.RaftServerConfigKeys (ConfUtils.java:logGet(46)) - raft.server.rpc.request.timeout = 30000ms (custom)
2025-05-28 15:17:03,491 [0cf558f4-2ca5-4c9f-a057-d7d7b755ef43-groupManagement] INFO  server.RaftServerConfigKeys (ConfUtils.java:logGet(46)) - raft.server.log.appender.install.snapshot.enabled = false (custom)
2025-05-28 15:17:03,491 [0cf558f4-2ca5-4c9f-a057-d7d7b755ef43-groupManagement] INFO  server.RaftServerConfigKeys (ConfUtils.java:logGet(46)) - raft.server.threadpool.server.cached = true (default)
2025-05-28 15:17:03,491 [0cf558f4-2ca5-4c9f-a057-d7d7b755ef43-groupManagement] INFO  server.RaftServerConfigKeys (ConfUtils.java:logGet(46)) - raft.server.threadpool.server.size = 0 (default)
2025-05-28 15:17:03,492 [0cf558f4-2ca5-4c9f-a057-d7d7b755ef43-groupManagement] INFO  server.RaftServerConfigKeys (ConfUtils.java:logGet(46)) - raft.server.threadpool.client.cached = true (default)
2025-05-28 15:17:03,493 [0cf558f4-2ca5-4c9f-a057-d7d7b755ef43-groupManagement] INFO  server.RaftServerConfigKeys (ConfUtils.java:logGet(46)) - raft.server.threadpool.client.size = 0 (default)
2025-05-28 15:17:03,494 [0cf558f4-2ca5-4c9f-a057-d7d7b755ef43-impl-thread1] INFO  server.RaftServerConfigKeys (ConfUtils.java:logGet(46)) - raft.server.storage.free-space.min = 0MB (=0) (default)
2025-05-28 15:17:03,495 [0cf558f4-2ca5-4c9f-a057-d7d7b755ef43-impl-thread1] INFO  server.RaftServerConfigKeys (ConfUtils.java:logGet(46)) - raft.server.log.corruption.policy = EXCEPTION (default)
2025-05-28 15:17:03,495 [0cf558f4-2ca5-4c9f-a057-d7d7b755ef43-impl-thread1] INFO  server.RaftServerConfigKeys (ConfUtils.java:logGet(46)) - raft.server.storage.dir = [/home/runner/work/ozone/ozone/hadoop-ozone/integration-test/target/test-dir/MiniOzoneClusterImpl-723737d7-d862-4a19-a51f-6b1567aa62b1/ozone-meta/scm-ha] (custom)
2025-05-28 15:17:03,501 [0cf558f4-2ca5-4c9f-a057-d7d7b755ef43-impl-thread1] INFO  storage.RaftStorageDirectory (RaftStorageDirectoryImpl.java:analyzeStorage(138)) - The storage directory /home/runner/work/ozone/ozone/hadoop-ozone/integration-test/target/test-dir/MiniOzoneClusterImpl-723737d7-d862-4a19-a51f-6b1567aa62b1/ozone-meta/scm-ha/723737d7-d862-4a19-a51f-6b1567aa62b1 does not exist. Creating ...
2025-05-28 15:17:03,503 [0cf558f4-2ca5-4c9f-a057-d7d7b755ef43-impl-thread1] INFO  storage.RaftStorageDirectory (RaftStorageDirectoryImpl.java:tryLock(229)) - Lock on /home/runner/work/ozone/ozone/hadoop-ozone/integration-test/target/test-dir/MiniOzoneClusterImpl-723737d7-d862-4a19-a51f-6b1567aa62b1/ozone-meta/scm-ha/723737d7-d862-4a19-a51f-6b1567aa62b1/in_use.lock acquired by nodename 72973@localhost
2025-05-28 15:17:03,508 [0cf558f4-2ca5-4c9f-a057-d7d7b755ef43-impl-thread1] INFO  storage.RaftStorage (RaftStorageImpl.java:format(98)) - Storage directory /home/runner/work/ozone/ozone/hadoop-ozone/integration-test/target/test-dir/MiniOzoneClusterImpl-723737d7-d862-4a19-a51f-6b1567aa62b1/ozone-meta/scm-ha/723737d7-d862-4a19-a51f-6b1567aa62b1 has been successfully formatted.
2025-05-28 15:17:03,509 [0cf558f4-2ca5-4c9f-a057-d7d7b755ef43-impl-thread1] INFO  ha.SCMStateMachine (SCMStateMachine.java:lambda$initialize$0(135)) - 0cf558f4-2ca5-4c9f-a057-d7d7b755ef43: initialize group-6B1567AA62B1
2025-05-28 15:17:03,511 [0cf558f4-2ca5-4c9f-a057-d7d7b755ef43-impl-thread1] INFO  server.RaftServerConfigKeys (ConfUtils.java:logGet(46)) - raft.server.log.use.memory = false (default)
2025-05-28 15:17:03,518 [0cf558f4-2ca5-4c9f-a057-d7d7b755ef43-impl-thread1] INFO  server.RaftServerConfigKeys (ConfUtils.java:logGet(46)) - raft.server.log.purge.gap = 1000000 (custom)
2025-05-28 15:17:03,518 [0cf558f4-2ca5-4c9f-a057-d7d7b755ef43-impl-thread1] INFO  server.RaftServerConfigKeys (ConfUtils.java:logGet(46)) - raft.server.log.appender.buffer.byte-limit = 4194304 (custom)
2025-05-28 15:17:03,521 [0cf558f4-2ca5-4c9f-a057-d7d7b755ef43-impl-thread1] INFO  server.RaftServerConfigKeys (ConfUtils.java:logGet(46)) - raft.server.log.statemachine.data.read.timeout = 1000ms (default)
2025-05-28 15:17:03,521 [0cf558f4-2ca5-4c9f-a057-d7d7b755ef43-impl-thread1] INFO  server.RaftServerConfigKeys (ConfUtils.java:logGet(46)) - raft.server.log.purge.preservation.log.num = 0 (default)
2025-05-28 15:17:03,525 [0cf558f4-2ca5-4c9f-a057-d7d7b755ef43-impl-thread1] INFO  server.RaftServerConfigKeys (ConfUtils.java:logGet(46)) - raft.server.log.segment.size.max = 4194304 (custom)
2025-05-28 15:17:03,529 [0cf558f4-2ca5-4c9f-a057-d7d7b755ef43-impl-thread1] INFO  server.RaftServerConfigKeys (ConfUtils.java:logGet(46)) - raft.server.log.segment.cache.num.max = 2 (custom)
2025-05-28 15:17:03,529 [0cf558f4-2ca5-4c9f-a057-d7d7b755ef43-impl-thread1] INFO  server.RaftServerConfigKeys (ConfUtils.java:logGet(46)) - raft.server.log.segment.cache.size.max = 200MB (=209715200) (default)
2025-05-28 15:17:03,530 [0cf558f4-2ca5-4c9f-a057-d7d7b755ef43-impl-thread1] INFO  server.RaftServerConfigKeys (ConfUtils.java:logGet(46)) - raft.server.log.appender.buffer.byte-limit = 4194304 (custom)
2025-05-28 15:17:03,531 [0cf558f4-2ca5-4c9f-a057-d7d7b755ef43-impl-thread1] INFO  util.AwaitToRun (AwaitToRun.java:start(81)) - Thread[#39,0cf558f4-2ca5-4c9f-a057-d7d7b755ef43@group-6B1567AA62B1-cacheEviction-AwaitToRun,5,main] started
2025-05-28 15:17:03,535 [0cf558f4-2ca5-4c9f-a057-d7d7b755ef43-impl-thread1] INFO  segmented.SegmentedRaftLogWorker (SegmentedRaftLogWorker.java:<init>(188)) - new 0cf558f4-2ca5-4c9f-a057-d7d7b755ef43@group-6B1567AA62B1-SegmentedRaftLogWorker for RaftStorageImpl:Storage Directory /home/runner/work/ozone/ozone/hadoop-ozone/integration-test/target/test-dir/MiniOzoneClusterImpl-723737d7-d862-4a19-a51f-6b1567aa62b1/ozone-meta/scm-ha/723737d7-d862-4a19-a51f-6b1567aa62b1
2025-05-28 15:17:03,535 [0cf558f4-2ca5-4c9f-a057-d7d7b755ef43-impl-thread1] INFO  server.RaftServerConfigKeys (ConfUtils.java:logGet(46)) - raft.server.log.queue.byte-limit = 64MB (=67108864) (default)
2025-05-28 15:17:03,536 [0cf558f4-2ca5-4c9f-a057-d7d7b755ef43-impl-thread1] INFO  server.RaftServerConfigKeys (ConfUtils.java:logGet(46)) - raft.server.log.queue.element-limit = 4096 (default)
2025-05-28 15:17:03,537 [0cf558f4-2ca5-4c9f-a057-d7d7b755ef43-impl-thread1] INFO  server.RaftServerConfigKeys (ConfUtils.java:logGet(46)) - raft.server.log.segment.size.max = 4194304 (custom)
2025-05-28 15:17:03,538 [0cf558f4-2ca5-4c9f-a057-d7d7b755ef43-impl-thread1] INFO  server.RaftServerConfigKeys (ConfUtils.java:logGet(46)) - raft.server.log.preallocated.size = 4194304 (custom)
2025-05-28 15:17:03,538 [0cf558f4-2ca5-4c9f-a057-d7d7b755ef43-impl-thread1] INFO  server.RaftServerConfigKeys (ConfUtils.java:logGet(46)) - raft.server.log.force.sync.num = 128 (default)
2025-05-28 15:17:03,539 [0cf558f4-2ca5-4c9f-a057-d7d7b755ef43-impl-thread1] INFO  server.RaftServerConfigKeys (ConfUtils.java:logGet(46)) - raft.server.log.statemachine.data.sync = true (default)
2025-05-28 15:17:03,539 [0cf558f4-2ca5-4c9f-a057-d7d7b755ef43-impl-thread1] INFO  server.RaftServerConfigKeys (ConfUtils.java:logGet(46)) - raft.server.log.statemachine.data.sync.timeout = 10s (default)
2025-05-28 15:17:03,539 [0cf558f4-2ca5-4c9f-a057-d7d7b755ef43-impl-thread1] INFO  server.RaftServerConfigKeys (ConfUtils.java:logGet(46)) - raft.server.log.statemachine.data.sync.timeout.retry = -1 (default)
2025-05-28 15:17:03,541 [0cf558f4-2ca5-4c9f-a057-d7d7b755ef43-impl-thread1] INFO  server.RaftServerConfigKeys (ConfUtils.java:logGet(46)) - raft.server.log.write.buffer.size = 4194312 (custom)
2025-05-28 15:17:03,542 [0cf558f4-2ca5-4c9f-a057-d7d7b755ef43-impl-thread1] INFO  server.RaftServerConfigKeys (ConfUtils.java:logGet(46)) - raft.server.log.appender.buffer.byte-limit = 4194304 (custom)
2025-05-28 15:17:03,543 [0cf558f4-2ca5-4c9f-a057-d7d7b755ef43-impl-thread1] INFO  server.RaftServerConfigKeys (ConfUtils.java:logGet(46)) - raft.server.log.unsafe-flush.enabled = false (default)
2025-05-28 15:17:03,543 [0cf558f4-2ca5-4c9f-a057-d7d7b755ef43-impl-thread1] INFO  server.RaftServerConfigKeys (ConfUtils.java:logGet(46)) - raft.server.log.async-flush.enabled = false (default)
2025-05-28 15:17:03,543 [0cf558f4-2ca5-4c9f-a057-d7d7b755ef43-impl-thread1] INFO  server.RaftServerConfigKeys (ConfUtils.java:logGet(46)) - raft.server.log.statemachine.data.caching.enabled = false (default)
2025-05-28 15:17:03,548 [0cf558f4-2ca5-4c9f-a057-d7d7b755ef43-impl-thread1] INFO  segmented.SegmentedRaftLogWorker (SegmentedRaftLogWorker.java:lambda$new$0(139)) - 0cf558f4-2ca5-4c9f-a057-d7d7b755ef43@group-6B1567AA62B1-SegmentedRaftLogWorker: flushIndex: setUnconditionally 0 -> -1
2025-05-28 15:17:03,549 [0cf558f4-2ca5-4c9f-a057-d7d7b755ef43-impl-thread1] INFO  segmented.SegmentedRaftLogWorker (SegmentedRaftLogWorker.java:lambda$new$0(139)) - 0cf558f4-2ca5-4c9f-a057-d7d7b755ef43@group-6B1567AA62B1-SegmentedRaftLogWorker: safeCacheEvictIndex: setUnconditionally 0 -> -1
2025-05-28 15:17:03,550 [0cf558f4-2ca5-4c9f-a057-d7d7b755ef43-impl-thread1] INFO  server.RaftServer$Division (RaftServerImpl.java:start(391)) - 0cf558f4-2ca5-4c9f-a057-d7d7b755ef43@group-6B1567AA62B1: start as a follower, conf=conf: {index: -1, cur=peers:[0cf558f4-2ca5-4c9f-a057-d7d7b755ef43|localhost:15004]|listeners:[], old=null}
2025-05-28 15:17:03,550 [0cf558f4-2ca5-4c9f-a057-d7d7b755ef43-impl-thread1] INFO  server.RaftServer$Division (RaftServerImpl.java:setRole(378)) - 0cf558f4-2ca5-4c9f-a057-d7d7b755ef43@group-6B1567AA62B1: changes role from      null to FOLLOWER at term 0 for startAsFollower
2025-05-28 15:17:03,551 [0cf558f4-2ca5-4c9f-a057-d7d7b755ef43-impl-thread1] INFO  impl.RoleInfo (RoleInfo.java:updateAndGet(148)) - 0cf558f4-2ca5-4c9f-a057-d7d7b755ef43: start 0cf558f4-2ca5-4c9f-a057-d7d7b755ef43@group-6B1567AA62B1-FollowerState
2025-05-28 15:17:03,553 [0cf558f4-2ca5-4c9f-a057-d7d7b755ef43@group-6B1567AA62B1-FollowerState] INFO  server.RaftServerConfigKeys (ConfUtils.java:logGet(46)) - raft.server.rpc.first-election.timeout.min = 1000ms (custom)
2025-05-28 15:17:03,553 [0cf558f4-2ca5-4c9f-a057-d7d7b755ef43@group-6B1567AA62B1-FollowerState] INFO  server.RaftServerConfigKeys (ConfUtils.java:logGet(46)) - raft.server.rpc.first-election.timeout.max = 1200ms (custom)
2025-05-28 15:17:03,553 [0cf558f4-2ca5-4c9f-a057-d7d7b755ef43-impl-thread1] INFO  util.JmxRegister (JmxRegister.java:tryRegister(44)) - Successfully registered JMX Bean with object name Ratis:service=RaftServer,group=group-6B1567AA62B1,id=0cf558f4-2ca5-4c9f-a057-d7d7b755ef43
2025-05-28 15:17:03,553 [0cf558f4-2ca5-4c9f-a057-d7d7b755ef43-impl-thread1] INFO  util.JmxRegister (JmxRegister.java:register(58)) - register mxBean class org.apache.ratis.server.impl.RaftServerJmxAdapter as Ratis:service=RaftServer,group=group-6B1567AA62B1,id=0cf558f4-2ca5-4c9f-a057-d7d7b755ef43
2025-05-28 15:17:03,555 [0cf558f4-2ca5-4c9f-a057-d7d7b755ef43-impl-thread1] INFO  server.RaftServerConfigKeys (ConfUtils.java:logGet(46)) - raft.server.snapshot.trigger-when-stop.enabled = true (default)
2025-05-28 15:17:03,556 [0cf558f4-2ca5-4c9f-a057-d7d7b755ef43-impl-thread1] INFO  server.RaftServerConfigKeys (ConfUtils.java:logGet(46)) - raft.server.snapshot.trigger-when-remove.enabled = true (default)
2025-05-28 15:17:03,556 [0cf558f4-2ca5-4c9f-a057-d7d7b755ef43-impl-thread1] INFO  server.RaftServerConfigKeys (ConfUtils.java:logGet(46)) - raft.server.snapshot.auto.trigger.enabled = true (custom)
2025-05-28 15:17:03,556 [0cf558f4-2ca5-4c9f-a057-d7d7b755ef43-impl-thread1] INFO  server.RaftServerConfigKeys (ConfUtils.java:logGet(46)) - raft.server.snapshot.auto.trigger.threshold = 1000 (custom)
2025-05-28 15:17:03,557 [0cf558f4-2ca5-4c9f-a057-d7d7b755ef43-impl-thread1] INFO  server.RaftServerConfigKeys (ConfUtils.java:logGet(46)) - raft.server.snapshot.retention.file.num = -1 (default)
2025-05-28 15:17:03,557 [0cf558f4-2ca5-4c9f-a057-d7d7b755ef43-impl-thread1] INFO  server.RaftServerConfigKeys (ConfUtils.java:logGet(46)) - raft.server.log.purge.upto.snapshot.index = false (default)
2025-05-28 15:17:03,561 [0cf558f4-2ca5-4c9f-a057-d7d7b755ef43-impl-thread1] INFO  server.RaftServer$Division (RaftServerImpl.java:start(405)) - 0cf558f4-2ca5-4c9f-a057-d7d7b755ef43@group-6B1567AA62B1: Successfully started.
2025-05-28 15:17:03,561 [main] INFO  server.RaftServer (RaftServerProxy.java:startImpl(407)) - 0cf558f4-2ca5-4c9f-a057-d7d7b755ef43: start RPC server
2025-05-28 15:17:03,603 [main] INFO  server.GrpcService (GrpcService.java:startImpl(334)) - 0cf558f4-2ca5-4c9f-a057-d7d7b755ef43: GrpcService started, listening on 15004
2025-05-28 15:17:03,605 [JvmPauseMonitor0] INFO  util.JvmPauseMonitor (JvmPauseMonitor.java:run(146)) - JvmPauseMonitor-0cf558f4-2ca5-4c9f-a057-d7d7b755ef43: Started
2025-05-28 15:17:04,732 [0cf558f4-2ca5-4c9f-a057-d7d7b755ef43@group-6B1567AA62B1-FollowerState] INFO  impl.FollowerState (FollowerState.java:runImpl(161)) - 0cf558f4-2ca5-4c9f-a057-d7d7b755ef43@group-6B1567AA62B1-FollowerState: change to CANDIDATE, lastRpcElapsedTime:1180958396ns, electionTimeout:1178ms
2025-05-28 15:17:04,733 [0cf558f4-2ca5-4c9f-a057-d7d7b755ef43@group-6B1567AA62B1-FollowerState] INFO  impl.RoleInfo (RoleInfo.java:shutdownFollowerState(121)) - 0cf558f4-2ca5-4c9f-a057-d7d7b755ef43: shutdown 0cf558f4-2ca5-4c9f-a057-d7d7b755ef43@group-6B1567AA62B1-FollowerState
2025-05-28 15:17:04,733 [0cf558f4-2ca5-4c9f-a057-d7d7b755ef43@group-6B1567AA62B1-FollowerState] INFO  server.RaftServer$Division (RaftServerImpl.java:setRole(378)) - 0cf558f4-2ca5-4c9f-a057-d7d7b755ef43@group-6B1567AA62B1: changes role from  FOLLOWER to CANDIDATE at term 0 for changeToCandidate
2025-05-28 15:17:04,735 [0cf558f4-2ca5-4c9f-a057-d7d7b755ef43@group-6B1567AA62B1-FollowerState] INFO  server.RaftServerConfigKeys (ConfUtils.java:logGet(46)) - raft.server.leaderelection.pre-vote = true (default)
2025-05-28 15:17:04,735 [0cf558f4-2ca5-4c9f-a057-d7d7b755ef43@group-6B1567AA62B1-FollowerState] INFO  impl.RoleInfo (RoleInfo.java:updateAndGet(148)) - 0cf558f4-2ca5-4c9f-a057-d7d7b755ef43: start 0cf558f4-2ca5-4c9f-a057-d7d7b755ef43@group-6B1567AA62B1-LeaderElection1
2025-05-28 15:17:04,738 [0cf558f4-2ca5-4c9f-a057-d7d7b755ef43@group-6B1567AA62B1-LeaderElection1] INFO  impl.LeaderElection (LeaderElection.java:askForVotes(332)) - 0cf558f4-2ca5-4c9f-a057-d7d7b755ef43@group-6B1567AA62B1-LeaderElection1 PRE_VOTE round 0: submit vote requests at term 0 for conf: {index: -1, cur=peers:[0cf558f4-2ca5-4c9f-a057-d7d7b755ef43|localhost:15004]|listeners:[], old=null}
2025-05-28 15:17:04,739 [0cf558f4-2ca5-4c9f-a057-d7d7b755ef43@group-6B1567AA62B1-LeaderElection1] INFO  impl.LeaderElection (LeaderElection.java:askForVotes(334)) - 0cf558f4-2ca5-4c9f-a057-d7d7b755ef43@group-6B1567AA62B1-LeaderElection1 PRE_VOTE round 0: result PASSED (term=0)
2025-05-28 15:17:04,741 [0cf558f4-2ca5-4c9f-a057-d7d7b755ef43@group-6B1567AA62B1-LeaderElection1] INFO  impl.LeaderElection (LeaderElection.java:askForVotes(332)) - 0cf558f4-2ca5-4c9f-a057-d7d7b755ef43@group-6B1567AA62B1-LeaderElection1 ELECTION round 0: submit vote requests at term 1 for conf: {index: -1, cur=peers:[0cf558f4-2ca5-4c9f-a057-d7d7b755ef43|localhost:15004]|listeners:[], old=null}
2025-05-28 15:17:04,741 [0cf558f4-2ca5-4c9f-a057-d7d7b755ef43@group-6B1567AA62B1-LeaderElection1] INFO  impl.LeaderElection (LeaderElection.java:askForVotes(334)) - 0cf558f4-2ca5-4c9f-a057-d7d7b755ef43@group-6B1567AA62B1-LeaderElection1 ELECTION round 0: result PASSED (term=1)
2025-05-28 15:17:04,741 [0cf558f4-2ca5-4c9f-a057-d7d7b755ef43@group-6B1567AA62B1-LeaderElection1] INFO  impl.RoleInfo (RoleInfo.java:shutdownLeaderElection(141)) - 0cf558f4-2ca5-4c9f-a057-d7d7b755ef43: shutdown 0cf558f4-2ca5-4c9f-a057-d7d7b755ef43@group-6B1567AA62B1-LeaderElection1
2025-05-28 15:17:04,741 [0cf558f4-2ca5-4c9f-a057-d7d7b755ef43@group-6B1567AA62B1-LeaderElection1] INFO  server.RaftServer$Division (RaftServerImpl.java:setRole(378)) - 0cf558f4-2ca5-4c9f-a057-d7d7b755ef43@group-6B1567AA62B1: changes role from CANDIDATE to LEADER at term 1 for changeToLeader
2025-05-28 15:17:04,745 [0cf558f4-2ca5-4c9f-a057-d7d7b755ef43@group-6B1567AA62B1-LeaderElection1] INFO  server.RaftServerConfigKeys (ConfUtils.java:logGet(46)) - raft.server.staging.catchup.gap = 1000 (default)
2025-05-28 15:17:04,747 [0cf558f4-2ca5-4c9f-a057-d7d7b755ef43@group-6B1567AA62B1-LeaderElection1] INFO  server.RaftServerConfigKeys (ConfUtils.java:logGet(46)) - raft.server.write.element-limit = 4096 (default)
2025-05-28 15:17:04,748 [0cf558f4-2ca5-4c9f-a057-d7d7b755ef43@group-6B1567AA62B1-LeaderElection1] INFO  server.RaftServerConfigKeys (ConfUtils.java:logGet(46)) - raft.server.write.byte-limit = 64MB (=67108864) (default)
2025-05-28 15:17:04,750 [0cf558f4-2ca5-4c9f-a057-d7d7b755ef43@group-6B1567AA62B1-LeaderElection1] INFO  server.RaftServerConfigKeys (ConfUtils.java:logGet(46)) - raft.server.watch.timeout = 10s (default)
2025-05-28 15:17:04,750 [0cf558f4-2ca5-4c9f-a057-d7d7b755ef43@group-6B1567AA62B1-LeaderElection1] INFO  server.RaftServerConfigKeys (ConfUtils.java:logGet(46)) - raft.server.watch.timeout.denomination = 1s (default)
2025-05-28 15:17:04,751 [0cf558f4-2ca5-4c9f-a057-d7d7b755ef43@group-6B1567AA62B1-LeaderElection1] INFO  server.RaftServerConfigKeys (ConfUtils.java:logGet(46)) - raft.server.watch.element-limit = 65536 (default)
2025-05-28 15:17:04,757 [0cf558f4-2ca5-4c9f-a057-d7d7b755ef43@group-6B1567AA62B1-LeaderElection1] INFO  server.RaftServerConfigKeys (ConfUtils.java:logGet(46)) - raft.server.read.leader.lease.enabled = false (default)
2025-05-28 15:17:04,758 [0cf558f4-2ca5-4c9f-a057-d7d7b755ef43@group-6B1567AA62B1-LeaderElection1] INFO  server.RaftServerConfigKeys (ConfUtils.java:logGet(46)) - raft.server.read.leader.lease.timeout.ratio = 0.9 (default)
2025-05-28 15:17:04,759 [0cf558f4-2ca5-4c9f-a057-d7d7b755ef43@group-6B1567AA62B1-LeaderElection1] INFO  server.RaftServerConfigKeys (ConfUtils.java:logGet(46)) - raft.server.rpc.timeout.min = 5000ms (custom)
2025-05-28 15:17:04,759 [0cf558f4-2ca5-4c9f-a057-d7d7b755ef43@group-6B1567AA62B1-LeaderElection1] INFO  server.RaftServerConfigKeys (ConfUtils.java:logGet(46)) - raft.server.log.log-metadata.enabled = true (default)
2025-05-28 15:17:04,759 [0cf558f4-2ca5-4c9f-a057-d7d7b755ef43@group-6B1567AA62B1-LeaderElection1] INFO  server.RaftServerConfigKeys (ConfUtils.java:logGet(46)) - raft.server.write.element-limit = 4096 (default)
2025-05-28 15:17:04,759 [0cf558f4-2ca5-4c9f-a057-d7d7b755ef43@group-6B1567AA62B1-LeaderElection1] INFO  server.RaftServerConfigKeys (ConfUtils.java:logGet(46)) - raft.server.write.follower.gap.ratio.max = -1.0 (default)
2025-05-28 15:17:04,761 [0cf558f4-2ca5-4c9f-a057-d7d7b755ef43@group-6B1567AA62B1-LeaderElection1] INFO  impl.RoleInfo (RoleInfo.java:updateAndGet(148)) - 0cf558f4-2ca5-4c9f-a057-d7d7b755ef43: start 0cf558f4-2ca5-4c9f-a057-d7d7b755ef43@group-6B1567AA62B1-LeaderStateImpl
2025-05-28 15:17:04,761 [0cf558f4-2ca5-4c9f-a057-d7d7b755ef43@group-6B1567AA62B1-LeaderElection1] INFO  server.RaftServer$Division (RaftServerImpl.java:setFirstElection(562)) - 0cf558f4-2ca5-4c9f-a057-d7d7b755ef43@group-6B1567AA62B1: set firstElectionSinceStartup to false for becomeLeader
2025-05-28 15:17:04,761 [0cf558f4-2ca5-4c9f-a057-d7d7b755ef43@group-6B1567AA62B1-LeaderElection1] INFO  server.RaftServer$Division (ServerState.java:setLeader(272)) - 0cf558f4-2ca5-4c9f-a057-d7d7b755ef43@group-6B1567AA62B1: change Leader from null to 0cf558f4-2ca5-4c9f-a057-d7d7b755ef43 at term 1 for becomeLeader, leader elected after 1420ms
2025-05-28 15:17:04,775 [0cf558f4-2ca5-4c9f-a057-d7d7b755ef43@group-6B1567AA62B1-LeaderElection1] INFO  segmented.SegmentedRaftLogWorker (SegmentedRaftLogWorker.java:startLogSegment(438)) - 0cf558f4-2ca5-4c9f-a057-d7d7b755ef43@group-6B1567AA62B1-SegmentedRaftLogWorker: Starting segment from index:0
2025-05-28 15:17:04,790 [0cf558f4-2ca5-4c9f-a057-d7d7b755ef43@group-6B1567AA62B1-LeaderElection1] INFO  server.RaftServer$Division (ServerState.java:setRaftConf(386)) - 0cf558f4-2ca5-4c9f-a057-d7d7b755ef43@group-6B1567AA62B1: set configuration conf: {index: 0, cur=peers:[0cf558f4-2ca5-4c9f-a057-d7d7b755ef43|localhost:15004]|listeners:[], old=null}
2025-05-28 15:17:04,790 [0cf558f4-2ca5-4c9f-a057-d7d7b755ef43@group-6B1567AA62B1-SegmentedRaftLogWorker] INFO  segmented.BufferedWriteChannel (BufferedWriteChannel.java:open(61)) - open log_inprogress_0 at position 0
2025-05-28 15:17:04,799 [0cf558f4-2ca5-4c9f-a057-d7d7b755ef43@group-6B1567AA62B1-SegmentedRaftLogWorker] INFO  segmented.SegmentedRaftLogWorker (SegmentedRaftLogWorker.java:execute(644)) - 0cf558f4-2ca5-4c9f-a057-d7d7b755ef43@group-6B1567AA62B1-SegmentedRaftLogWorker: created new log segment /home/runner/work/ozone/ozone/hadoop-ozone/integration-test/target/test-dir/MiniOzoneClusterImpl-723737d7-d862-4a19-a51f-6b1567aa62b1/ozone-meta/scm-ha/723737d7-d862-4a19-a51f-6b1567aa62b1/current/log_inprogress_0
2025-05-28 15:17:04,809 [0cf558f4-2ca5-4c9f-a057-d7d7b755ef43@group-6B1567AA62B1-StateMachineUpdater] INFO  server.RaftServer$Division (LeaderStateImpl.java:checkStartIndex(313)) - Leader 0cf558f4-2ca5-4c9f-a057-d7d7b755ef43@group-6B1567AA62B1-LeaderStateImpl is ready since appliedIndex == startIndex == 0
2025-05-28 15:17:05,606 [main] INFO  server.RaftServer (RaftServerProxy.java:lambda$close$9(417)) - 0cf558f4-2ca5-4c9f-a057-d7d7b755ef43: close
2025-05-28 15:17:05,607 [0cf558f4-2ca5-4c9f-a057-d7d7b755ef43-impl-thread1] INFO  server.RaftServer$Division (RaftServerImpl.java:lambda$close$1(513)) - 0cf558f4-2ca5-4c9f-a057-d7d7b755ef43@group-6B1567AA62B1: shutdown
2025-05-28 15:17:05,607 [main] INFO  server.GrpcService (GrpcService.java:closeImpl(343)) - 0cf558f4-2ca5-4c9f-a057-d7d7b755ef43: shutdown server GrpcServerProtocolService now
2025-05-28 15:17:05,608 [0cf558f4-2ca5-4c9f-a057-d7d7b755ef43-impl-thread1] INFO  util.JmxRegister (JmxRegister.java:unregister(74)) - Successfully un-registered JMX Bean with object name Ratis:service=RaftServer,group=group-6B1567AA62B1,id=0cf558f4-2ca5-4c9f-a057-d7d7b755ef43
2025-05-28 15:17:05,608 [0cf558f4-2ca5-4c9f-a057-d7d7b755ef43-impl-thread1] INFO  impl.RoleInfo (RoleInfo.java:shutdownLeaderState(103)) - 0cf558f4-2ca5-4c9f-a057-d7d7b755ef43: shutdown 0cf558f4-2ca5-4c9f-a057-d7d7b755ef43@group-6B1567AA62B1-LeaderStateImpl
2025-05-28 15:17:05,611 [0cf558f4-2ca5-4c9f-a057-d7d7b755ef43-impl-thread1] INFO  impl.PendingRequests (PendingRequests.java:sendNotLeaderResponses(287)) - 0cf558f4-2ca5-4c9f-a057-d7d7b755ef43@group-6B1567AA62B1-PendingRequests: sendNotLeaderResponses
2025-05-28 15:17:05,613 [main] INFO  server.GrpcService (GrpcService.java:closeImpl(352)) - 0cf558f4-2ca5-4c9f-a057-d7d7b755ef43: shutdown server GrpcServerProtocolService successfully
2025-05-28 15:17:05,614 [0cf558f4-2ca5-4c9f-a057-d7d7b755ef43-impl-thread1] INFO  impl.StateMachineUpdater (StateMachineUpdater.java:stopAndJoin(164)) - 0cf558f4-2ca5-4c9f-a057-d7d7b755ef43@group-6B1567AA62B1-StateMachineUpdater: set stopIndex = 0
2025-05-28 15:17:05,614 [0cf558f4-2ca5-4c9f-a057-d7d7b755ef43@group-6B1567AA62B1-StateMachineUpdater] INFO  impl.StateMachineUpdater (StateMachineUpdater.java:takeSnapshot(303)) - 0cf558f4-2ca5-4c9f-a057-d7d7b755ef43@group-6B1567AA62B1-StateMachineUpdater: Took a snapshot at index 0
2025-05-28 15:17:05,614 [0cf558f4-2ca5-4c9f-a057-d7d7b755ef43@group-6B1567AA62B1-StateMachineUpdater] INFO  impl.StateMachineUpdater (StateMachineUpdater.java:lambda$new$0(102)) - 0cf558f4-2ca5-4c9f-a057-d7d7b755ef43@group-6B1567AA62B1-StateMachineUpdater: snapshotIndex: updateIncreasingly -1 -> 0
2025-05-28 15:17:05,616 [0cf558f4-2ca5-4c9f-a057-d7d7b755ef43@group-6B1567AA62B1-StateMachineUpdater] INFO  impl.StateMachineUpdater (StateMachineUpdater.java:stop(141)) - 0cf558f4-2ca5-4c9f-a057-d7d7b755ef43@group-6B1567AA62B1-StateMachineUpdater: closing SCMStateMachine, lastApplied=(t:1, i:0)
2025-05-28 15:17:05,617 [0cf558f4-2ca5-4c9f-a057-d7d7b755ef43@group-6B1567AA62B1-cacheEviction-AwaitToRun] INFO  util.AwaitToRun (AwaitToRun.java:run(49)) - 0cf558f4-2ca5-4c9f-a057-d7d7b755ef43@group-6B1567AA62B1-cacheEviction-AwaitToRun-AwaitForSignal is interrupted
2025-05-28 15:17:05,804 [0cf558f4-2ca5-4c9f-a057-d7d7b755ef43-impl-thread1] INFO  segmented.SegmentedRaftLogWorker (SegmentedRaftLogWorker.java:close(252)) - 0cf558f4-2ca5-4c9f-a057-d7d7b755ef43@group-6B1567AA62B1-SegmentedRaftLogWorker close()
2025-05-28 15:17:05,809 [JvmPauseMonitor0] INFO  util.JvmPauseMonitor (JvmPauseMonitor.java:run(152)) - JvmPauseMonitor-0cf558f4-2ca5-4c9f-a057-d7d7b755ef43: Stopped
2025-05-28 15:17:05,846 [main] WARN  server.ServerUtils (ServerUtils.java:getScmDbDir(138)) - ozone.scm.db.dirs is not configured. We recommend adding this setting. Falling back to ozone.metadata.dirs instead.
2025-05-28 15:17:05,848 [main] INFO  ha.SCMHANodeDetails (SCMHANodeDetails.java:loadSCMHAConfig(162)) - ServiceID for StorageContainerManager is null
2025-05-28 15:17:05,848 [main] INFO  ha.SCMHANodeDetails (SCMHANodeDetails.java:loadSCMHAConfig(166)) - ozone.scm.default.service.id is not defined, falling back to ozone.scm.service.ids to find serviceID for StorageContainerManager if it is HA enabled cluster
2025-05-28 15:17:06,318 [main] WARN  utils.HAUtils (HAUtils.java:getMetaDir(311)) - ozone.scm.db.dirs is not configured. We recommend adding this setting. Falling back to ozone.metadata.dirs instead.
2025-05-28 15:17:06,431 [main] WARN  db.DBStoreBuilder (DBStoreBuilder.java:getDBDirPath(160)) - ozone.scm.db.dirs is not configured. We recommend adding this setting. Falling back to ozone.metadata.dirs instead.
2025-05-28 15:17:06,604 [main] INFO  net.NodeSchemaLoader (NodeSchemaLoader.java:loadSchemaFromFile(128)) - Loading schema from [jar:file:/home/runner/work/ozone/ozone/hadoop-hdds/common/target/hdds-common-2.1.0-SNAPSHOT.jar!/network-topology-default.xml]
2025-05-28 15:17:06,606 [main] INFO  net.NodeSchemaLoader (NodeSchemaLoader.java:loadSchema(175)) - Loading network topology layer schema file
2025-05-28 15:17:06,739 [main] INFO  ha.SCMRatisServerImpl (SCMRatisServerImpl.java:<init>(100)) - starting Raft server for scm:0cf558f4-2ca5-4c9f-a057-d7d7b755ef43
2025-05-28 15:17:06,743 [main] INFO  server.RaftServerConfigKeys (ConfUtils.java:logGet(46)) - raft.server.log.appender.buffer.byte-limit = 4194304 (custom)
2025-05-28 15:17:06,746 [main] INFO  server.RaftServer (ConfUtils.java:logGet(46)) - raft.rpc.type = GRPC (default)
2025-05-28 15:17:06,746 [main] INFO  grpc.GrpcConfigKeys (ConfUtils.java:logFallback(53)) - raft.grpc.admin.host = null (fallback to raft.grpc.server.host)
2025-05-28 15:17:06,747 [main] INFO  grpc.GrpcConfigKeys (ConfUtils.java:logFallback(53)) - raft.grpc.admin.port = 15004 (fallback to raft.grpc.server.port)
2025-05-28 15:17:06,747 [main] INFO  grpc.GrpcConfigKeys (ConfUtils.java:logFallback(53)) - raft.grpc.client.host = null (fallback to raft.grpc.server.host)
2025-05-28 15:17:06,747 [main] INFO  grpc.GrpcConfigKeys (ConfUtils.java:logFallback(53)) - raft.grpc.client.port = 15004 (fallback to raft.grpc.server.port)
2025-05-28 15:17:06,747 [main] INFO  grpc.GrpcConfigKeys (ConfUtils.java:logGet(46)) - raft.grpc.server.host = null (default)
2025-05-28 15:17:06,747 [main] INFO  grpc.GrpcConfigKeys (ConfUtils.java:logGet(46)) - raft.grpc.server.port = 15004 (custom)
2025-05-28 15:17:06,747 [main] INFO  server.GrpcService (ConfUtils.java:logGet(46)) - raft.grpc.message.size.max = 5242880 (custom)
2025-05-28 15:17:06,748 [main] INFO  server.GrpcService (ConfUtils.java:logGet(46)) - raft.grpc.flow.control.window = 1MB (=1048576) (default)
2025-05-28 15:17:06,748 [main] INFO  server.RaftServerConfigKeys (ConfUtils.java:logGet(46)) - raft.server.rpc.request.timeout = 30000ms (custom)
2025-05-28 15:17:06,748 [main] INFO  grpc.GrpcConfigKeys (ConfUtils.java:logGet(46)) - raft.grpc.server.heartbeat.channel = true (default)
2025-05-28 15:17:06,748 [main] INFO  server.RaftServerConfigKeys (ConfUtils.java:logGet(46)) - raft.server.log.appender.buffer.byte-limit = 4194304 (custom)
2025-05-28 15:17:06,748 [main] INFO  grpc.GrpcConfigKeys (ConfUtils.java:logGet(46)) - raft.grpc.server.async.request.thread.pool.cached = true (default)
2025-05-28 15:17:06,749 [main] INFO  grpc.GrpcConfigKeys (ConfUtils.java:logGet(46)) - raft.grpc.server.async.request.thread.pool.size = 32 (default)
2025-05-28 15:17:06,750 [main] INFO  impl.DataStreamServerImpl (ConfUtils.java:logGet(46)) - raft.datastream.type = DISABLED (default)
2025-05-28 15:17:06,750 [main] INFO  server.RaftServerConfigKeys (ConfUtils.java:logGet(46)) - raft.server.sleep.deviation.threshold = 300ms (default)
2025-05-28 15:17:06,751 [main] INFO  server.RaftServerConfigKeys (ConfUtils.java:logGet(46)) - raft.server.close.threshold = 60s (default)
2025-05-28 15:17:06,751 [main] INFO  server.RaftServerConfigKeys (ConfUtils.java:logGet(46)) - raft.server.leaderelection.leader.step-down.wait-time = 10s (default)
2025-05-28 15:17:06,751 [main] INFO  server.RaftServerConfigKeys (ConfUtils.java:logGet(46)) - raft.server.storage.dir = [/home/runner/work/ozone/ozone/hadoop-ozone/integration-test/target/test-dir/MiniOzoneClusterImpl-723737d7-d862-4a19-a51f-6b1567aa62b1/ozone-meta/scm-ha] (custom)
2025-05-28 15:17:06,751 [main] INFO  server.RaftServerConfigKeys (ConfUtils.java:logGet(46)) - raft.server.threadpool.proxy.cached = true (default)
2025-05-28 15:17:06,752 [main] INFO  server.RaftServerConfigKeys (ConfUtils.java:logGet(46)) - raft.server.threadpool.proxy.size = 0 (default)
2025-05-28 15:17:06,752 [0cf558f4-2ca5-4c9f-a057-d7d7b755ef43-impl-thread1] INFO  server.RaftServer (RaftServerProxy.java:initGroupDir(265)) - 0cf558f4-2ca5-4c9f-a057-d7d7b755ef43: found a subdirectory /home/runner/work/ozone/ozone/hadoop-ozone/integration-test/target/test-dir/MiniOzoneClusterImpl-723737d7-d862-4a19-a51f-6b1567aa62b1/ozone-meta/scm-ha/723737d7-d862-4a19-a51f-6b1567aa62b1
2025-05-28 15:17:06,755 [main] INFO  server.RaftServer (RaftServerProxy.java:addNew(100)) - 0cf558f4-2ca5-4c9f-a057-d7d7b755ef43: addNew group-6B1567AA62B1:[] returns group-6B1567AA62B1:java.util.concurrent.CompletableFuture@dc59ec2[Not completed]
2025-05-28 15:17:06,757 [0cf558f4-2ca5-4c9f-a057-d7d7b755ef43-groupManagement] INFO  server.RaftServer$Division (RaftServerImpl.java:<init>(255)) - 0cf558f4-2ca5-4c9f-a057-d7d7b755ef43: new RaftServerImpl for group-6B1567AA62B1:[] with SCMStateMachine:uninitialized
2025-05-28 15:17:06,757 [0cf558f4-2ca5-4c9f-a057-d7d7b755ef43-groupManagement] INFO  server.RaftServerConfigKeys (ConfUtils.java:logGet(46)) - raft.server.rpc.timeout.min = 5000ms (custom)
2025-05-28 15:17:06,757 [0cf558f4-2ca5-4c9f-a057-d7d7b755ef43-groupManagement] INFO  server.RaftServerConfigKeys (ConfUtils.java:logGet(46)) - raft.server.rpc.timeout.max = 5200ms (custom)
2025-05-28 15:17:06,757 [0cf558f4-2ca5-4c9f-a057-d7d7b755ef43-groupManagement] INFO  server.RaftServerConfigKeys (ConfUtils.java:logGet(46)) - raft.server.rpc.sleep.time = 25ms (default)
2025-05-28 15:17:06,757 [0cf558f4-2ca5-4c9f-a057-d7d7b755ef43-groupManagement] INFO  server.RaftServerConfigKeys (ConfUtils.java:logGet(46)) - raft.server.rpc.slowness.timeout = 120000ms (custom)
2025-05-28 15:17:06,758 [0cf558f4-2ca5-4c9f-a057-d7d7b755ef43-groupManagement] INFO  server.RaftServerConfigKeys (ConfUtils.java:logGet(46)) - raft.server.leaderelection.leader.step-down.wait-time = 10s (default)
2025-05-28 15:17:06,758 [0cf558f4-2ca5-4c9f-a057-d7d7b755ef43-groupManagement] INFO  server.RaftServerConfigKeys (ConfUtils.java:logGet(46)) - raft.server.leaderelection.member.majority-add = false (default)
2025-05-28 15:17:06,758 [0cf558f4-2ca5-4c9f-a057-d7d7b755ef43-groupManagement] INFO  server.RaftServerConfigKeys (ConfUtils.java:logGet(46)) - raft.server.sleep.deviation.threshold = 300ms (default)
2025-05-28 15:17:06,758 [0cf558f4-2ca5-4c9f-a057-d7d7b755ef43-groupManagement] INFO  server.RaftServer$Division (ServerState.java:<init>(114)) - 0cf558f4-2ca5-4c9f-a057-d7d7b755ef43@group-6B1567AA62B1: ConfigurationManager, init=conf: {index: -1, cur=peers:[]|listeners:[], old=null}, confs=<EMPTY_MAP>
2025-05-28 15:17:06,758 [0cf558f4-2ca5-4c9f-a057-d7d7b755ef43-groupManagement] INFO  server.RaftServerConfigKeys (ConfUtils.java:logGet(46)) - raft.server.notification.no-leader.timeout = 60s (default)
2025-05-28 15:17:06,758 [0cf558f4-2ca5-4c9f-a057-d7d7b755ef43-groupManagement] INFO  server.RaftServerConfigKeys (ConfUtils.java:logGet(46)) - raft.server.read.timeout = 10s (default)
2025-05-28 15:17:06,759 [0cf558f4-2ca5-4c9f-a057-d7d7b755ef43-groupManagement] INFO  server.RaftServerConfigKeys (ConfUtils.java:logGet(46)) - raft.server.retrycache.expirytime = 60000ms (default)
2025-05-28 15:17:06,759 [0cf558f4-2ca5-4c9f-a057-d7d7b755ef43-groupManagement] INFO  server.RaftServerConfigKeys (ConfUtils.java:logGet(46)) - raft.server.retrycache.statistics.expirytime = 100ms (default)
2025-05-28 15:17:06,759 [0cf558f4-2ca5-4c9f-a057-d7d7b755ef43-groupManagement] INFO  server.RaftServerConfigKeys (ConfUtils.java:logGet(46)) - raft.server.read.option = DEFAULT (default)
2025-05-28 15:17:06,759 [0cf558f4-2ca5-4c9f-a057-d7d7b755ef43-groupManagement] INFO  server.RaftServerConfigKeys (ConfUtils.java:logGet(46)) - raft.server.read.read-after-write-consistent.write-index-cache.expiry-time = 60s (default)
2025-05-28 15:17:06,767 [0cf558f4-2ca5-4c9f-a057-d7d7b755ef43-groupManagement] INFO  server.RaftServerConfigKeys (ConfUtils.java:logGet(46)) - raft.server.rpc.request.timeout = 30000ms (custom)
2025-05-28 15:17:06,767 [0cf558f4-2ca5-4c9f-a057-d7d7b755ef43-groupManagement] INFO  server.RaftServerConfigKeys (ConfUtils.java:logGet(46)) - raft.server.log.appender.install.snapshot.enabled = false (custom)
2025-05-28 15:17:06,768 [0cf558f4-2ca5-4c9f-a057-d7d7b755ef43-groupManagement] INFO  server.RaftServerConfigKeys (ConfUtils.java:logGet(46)) - raft.server.threadpool.server.cached = true (default)
2025-05-28 15:17:06,768 [0cf558f4-2ca5-4c9f-a057-d7d7b755ef43-groupManagement] INFO  server.RaftServerConfigKeys (ConfUtils.java:logGet(46)) - raft.server.threadpool.server.size = 0 (default)
2025-05-28 15:17:06,768 [0cf558f4-2ca5-4c9f-a057-d7d7b755ef43-groupManagement] INFO  server.RaftServerConfigKeys (ConfUtils.java:logGet(46)) - raft.server.threadpool.client.cached = true (default)
2025-05-28 15:17:06,768 [0cf558f4-2ca5-4c9f-a057-d7d7b755ef43-groupManagement] INFO  server.RaftServerConfigKeys (ConfUtils.java:logGet(46)) - raft.server.threadpool.client.size = 0 (default)
2025-05-28 15:17:06,771 [main] INFO  ha.SCMSnapshotProvider (SCMSnapshotProvider.java:<init>(61)) - Initializing SCM Snapshot Provider
2025-05-28 15:17:06,771 [main] WARN  server.ServerUtils (ServerUtils.java:getDefaultRatisDirectory(304)) - Storage directory for Ratis is not configured. It is a good idea to map this to an SSD disk. Falling back to ozone.metadata.dirs
2025-05-28 15:17:06,772 [main] WARN  ha.SCMHAUtils (SCMHAUtils.java:getSCMRatisSnapshotDirectory(120)) - SCM snapshot dir is not configured. Falling back to ozone.metadata.dirs config
2025-05-28 15:17:06,804 [main] INFO  upgrade.AbstractLayoutVersionManager (AbstractLayoutVersionManager.java:init(80)) - Initializing Layout version manager with metadata layout = HBASE_SUPPORT (version = 8), software layout = HBASE_SUPPORT (version = 8)
2025-05-28 15:17:06,834 [main] INFO  ha.SequenceIdGenerator (SequenceIdGenerator.java:upgradeToSequenceId(355)) - upgrade localId to 115816896921600000
2025-05-28 15:17:06,836 [main] INFO  ha.SequenceIdGenerator (SequenceIdGenerator.java:upgradeToSequenceId(365)) - upgrade delTxnId to 0
2025-05-28 15:17:06,842 [main] INFO  ha.SequenceIdGenerator (SequenceIdGenerator.java:upgradeToSequenceId(382)) - upgrade containerId to 0
2025-05-28 15:17:06,844 [main] INFO  ha.SequenceIdGenerator (SequenceIdGenerator.java:upgradeToCertificateSequenceId(419)) - upgrade CertificateId to 2
2025-05-28 15:17:06,846 [main] INFO  ha.SequenceIdGenerator (SequenceIdGenerator.java:<init>(232)) - Init the HA SequenceIdGenerator.
2025-05-28 15:17:06,906 [main] INFO  node.SCMNodeManager (SCMNodeManager.java:<init>(181)) - Entering startup safe mode.
2025-05-28 15:17:06,920 [main] INFO  algorithms.ContainerPlacementPolicyFactory (ContainerPlacementPolicyFactory.java:getPolicyInternal(83)) - Create container placement policy of type org.apache.hadoop.hdds.scm.container.placement.algorithms.SCMContainerPlacementRackAware
2025-05-28 15:17:06,925 [main] INFO  algorithms.ContainerPlacementPolicyFactory (ContainerPlacementPolicyFactory.java:getPolicyInternal(83)) - Create container placement policy of type org.apache.hadoop.hdds.scm.container.placement.algorithms.SCMContainerPlacementRackScatter
2025-05-28 15:17:06,935 [main] INFO  pipeline.PipelineStateManagerImpl (PipelineStateManagerImpl.java:initialize(75)) - No pipeline exists in current db
2025-05-28 15:17:06,950 [main] INFO  algorithms.LeaderChoosePolicyFactory (LeaderChoosePolicyFactory.java:getPolicy(55)) - Create leader choose policy of type org.apache.hadoop.hdds.scm.pipeline.leader.choose.algorithms.MinLeaderCountChoosePolicy
2025-05-28 15:17:06,951 [main] INFO  algorithms.ContainerPlacementPolicyFactory (ContainerPlacementPolicyFactory.java:getPolicyInternal(83)) - Create container placement policy of type org.apache.hadoop.hdds.scm.container.placement.algorithms.SCMContainerPlacementRackScatter
2025-05-28 15:17:06,960 [main] INFO  ha.SCMServiceManager (SCMServiceManager.java:register(42)) - Registering service BackgroundPipelineCreator.
2025-05-28 15:17:06,960 [main] INFO  pipeline.BackgroundPipelineCreator (BackgroundPipelineCreator.java:start(126)) - Starting RatisPipelineUtilsThread.
2025-05-28 15:17:06,963 [main] INFO  BackgroundPipelineScrubber (BackgroundSCMService.java:start(64)) - Starting BackgroundPipelineScrubber Service.
2025-05-28 15:17:06,964 [main] INFO  ha.SCMServiceManager (SCMServiceManager.java:register(42)) - Registering service BackgroundPipelineScrubber.
2025-05-28 15:17:06,970 [main] INFO  ExpiredContainerReplicaOpScrubber (BackgroundSCMService.java:start(64)) - Starting ExpiredContainerReplicaOpScrubber Service.
2025-05-28 15:17:06,970 [main] INFO  ha.SCMServiceManager (SCMServiceManager.java:register(42)) - Registering service ExpiredContainerReplicaOpScrubber.
2025-05-28 15:17:06,999 [main] INFO  algorithms.PipelineChoosePolicyFactory (PipelineChoosePolicyFactory.java:createPipelineChoosePolicyFromClass(78)) - Create pipeline choose policy of type org.apache.hadoop.hdds.scm.pipeline.choose.algorithms.RandomPipelineChoosePolicy
2025-05-28 15:17:07,000 [main] INFO  algorithms.PipelineChoosePolicyFactory (PipelineChoosePolicyFactory.java:createPipelineChoosePolicyFromClass(78)) - Create pipeline choose policy of type org.apache.hadoop.hdds.scm.pipeline.choose.algorithms.RandomPipelineChoosePolicy
2025-05-28 15:17:07,035 [main] WARN  statemachine.DatanodeConfiguration (DatanodeConfiguration.java:validateMinFreeSpace(689)) - hdds.datanode.volume.min.free.space.percent = -1.0 is invalid, should be between 0 and 1
2025-05-28 15:17:07,036 [main] INFO  ha.SCMServiceManager (SCMServiceManager.java:register(42)) - Registering service SCMBlockDeletingService.
2025-05-28 15:17:07,092 [main] INFO  replication.ReplicationManager (ReplicationManager.java:start(285)) - Starting Replication Monitor Thread.
2025-05-28 15:17:07,094 [main] INFO  ha.SCMServiceManager (SCMServiceManager.java:register(42)) - Registering service ReplicationManager.
2025-05-28 15:17:07,105 [main] INFO  safemode.RatisContainerSafeModeRule (RatisContainerSafeModeRule.java:initializeRule(160)) - Refreshed Containers with one replica threshold count 0.
2025-05-28 15:17:07,107 [main] INFO  safemode.ECContainerSafeModeRule (ECContainerSafeModeRule.java:initializeRule(205)) - Refreshed Containers with ec n replica threshold count 0.
2025-05-28 15:17:07,111 [main] INFO  safemode.HealthyPipelineSafeModeRule (HealthyPipelineSafeModeRule.java:initializeRule(232)) - Total pipeline count is 0, healthy pipeline threshold count is 1
2025-05-28 15:17:07,114 [main] INFO  safemode.OneReplicaPipelineSafeModeRule (OneReplicaPipelineSafeModeRule.java:initializeRule(190)) - Total pipeline count is 0, pipeline's with at least one datanode reported threshold count is 0
2025-05-28 15:17:07,180 [main] INFO  server.StorageContainerManager (StorageContainerManager.java:<init>(430)) - SCM start with adminUsers: [runner]
2025-05-28 15:17:07,451 [main] INFO  audit.AuditLogger (AuditLogger.java:refreshDebugCmdSet(133)) - Refresh DebugCmdSet for SCMAudit to [].
2025-05-28 15:17:07,477 [main] INFO  ipc.CallQueueManager (CallQueueManager.java:<init>(93)) - Using callQueue: class java.util.concurrent.LinkedBlockingQueue, queueCapacity: 10000, scheduler: class org.apache.hadoop.ipc.DefaultRpcScheduler, ipcBackoff: false, ipcFailOver: false.
2025-05-28 15:17:07,503 [main] INFO  ipc.Server (Server.java:<init>(1438)) - Listener at 0.0.0.0:15002
2025-05-28 15:17:07,504 [Socket Reader #1 for port 15002] INFO  ipc.Server (Server.java:run(1474)) - Starting Socket Reader #1 for port 15002
2025-05-28 15:17:07,505 [Socket Reader #2 for port 15002] INFO  ipc.Server (Server.java:run(1474)) - Starting Socket Reader #2 for port 15002
2025-05-28 15:17:07,505 [Socket Reader #3 for port 15002] INFO  ipc.Server (Server.java:run(1474)) - Starting Socket Reader #3 for port 15002
2025-05-28 15:17:07,506 [Socket Reader #4 for port 15002] INFO  ipc.Server (Server.java:run(1474)) - Starting Socket Reader #4 for port 15002
2025-05-28 15:17:07,506 [Socket Reader #5 for port 15002] INFO  ipc.Server (Server.java:run(1474)) - Starting Socket Reader #5 for port 15002
2025-05-28 15:17:07,507 [Socket Reader #6 for port 15002] INFO  ipc.Server (Server.java:run(1474)) - Starting Socket Reader #6 for port 15002
2025-05-28 15:17:07,507 [Socket Reader #7 for port 15002] INFO  ipc.Server (Server.java:run(1474)) - Starting Socket Reader #7 for port 15002
2025-05-28 15:17:07,508 [Socket Reader #8 for port 15002] INFO  ipc.Server (Server.java:run(1474)) - Starting Socket Reader #8 for port 15002
2025-05-28 15:17:07,509 [Socket Reader #9 for port 15002] INFO  ipc.Server (Server.java:run(1474)) - Starting Socket Reader #9 for port 15002
2025-05-28 15:17:07,510 [Socket Reader #10 for port 15002] INFO  ipc.Server (Server.java:run(1474)) - Starting Socket Reader #10 for port 15002
2025-05-28 15:17:07,552 [main] INFO  audit.AuditLogger (AuditLogger.java:refreshDebugCmdSet(133)) - Refresh DebugCmdSet for SCMAudit to [].
2025-05-28 15:17:07,558 [main] INFO  ipc.CallQueueManager (CallQueueManager.java:<init>(93)) - Using callQueue: class java.util.concurrent.LinkedBlockingQueue, queueCapacity: 10000, scheduler: class org.apache.hadoop.ipc.DefaultRpcScheduler, ipcBackoff: false, ipcFailOver: false.
2025-05-28 15:17:07,558 [main] INFO  ipc.Server (Server.java:<init>(1438)) - Listener at 0.0.0.0:15001
2025-05-28 15:17:07,559 [Socket Reader #1 for port 15001] INFO  ipc.Server (Server.java:run(1474)) - Starting Socket Reader #1 for port 15001
2025-05-28 15:17:07,559 [Socket Reader #2 for port 15001] INFO  ipc.Server (Server.java:run(1474)) - Starting Socket Reader #2 for port 15001
2025-05-28 15:17:07,559 [Socket Reader #3 for port 15001] INFO  ipc.Server (Server.java:run(1474)) - Starting Socket Reader #3 for port 15001
2025-05-28 15:17:07,560 [Socket Reader #4 for port 15001] INFO  ipc.Server (Server.java:run(1474)) - Starting Socket Reader #4 for port 15001
2025-05-28 15:17:07,560 [Socket Reader #5 for port 15001] INFO  ipc.Server (Server.java:run(1474)) - Starting Socket Reader #5 for port 15001
2025-05-28 15:17:07,561 [Socket Reader #6 for port 15001] INFO  ipc.Server (Server.java:run(1474)) - Starting Socket Reader #6 for port 15001
2025-05-28 15:17:07,561 [Socket Reader #7 for port 15001] INFO  ipc.Server (Server.java:run(1474)) - Starting Socket Reader #7 for port 15001
2025-05-28 15:17:07,562 [Socket Reader #8 for port 15001] INFO  ipc.Server (Server.java:run(1474)) - Starting Socket Reader #8 for port 15001
2025-05-28 15:17:07,563 [Socket Reader #9 for port 15001] INFO  ipc.Server (Server.java:run(1474)) - Starting Socket Reader #9 for port 15001
2025-05-28 15:17:07,564 [Socket Reader #10 for port 15001] INFO  ipc.Server (Server.java:run(1474)) - Starting Socket Reader #10 for port 15001
2025-05-28 15:17:07,597 [main] INFO  audit.AuditLogger (AuditLogger.java:refreshDebugCmdSet(133)) - Refresh DebugCmdSet for SCMAudit to [].
2025-05-28 15:17:07,608 [main] INFO  ipc.CallQueueManager (CallQueueManager.java:<init>(93)) - Using callQueue: class java.util.concurrent.LinkedBlockingQueue, queueCapacity: 10000, scheduler: class org.apache.hadoop.ipc.DefaultRpcScheduler, ipcBackoff: false, ipcFailOver: false.
2025-05-28 15:17:07,608 [main] INFO  ipc.Server (Server.java:<init>(1438)) - Listener at 0.0.0.0:15000
2025-05-28 15:17:07,609 [Socket Reader #1 for port 15000] INFO  ipc.Server (Server.java:run(1474)) - Starting Socket Reader #1 for port 15000
2025-05-28 15:17:07,610 [Socket Reader #3 for port 15000] INFO  ipc.Server (Server.java:run(1474)) - Starting Socket Reader #3 for port 15000
2025-05-28 15:17:07,610 [Socket Reader #4 for port 15000] INFO  ipc.Server (Server.java:run(1474)) - Starting Socket Reader #4 for port 15000
2025-05-28 15:17:07,610 [Socket Reader #2 for port 15000] INFO  ipc.Server (Server.java:run(1474)) - Starting Socket Reader #2 for port 15000
2025-05-28 15:17:07,610 [Socket Reader #5 for port 15000] INFO  ipc.Server (Server.java:run(1474)) - Starting Socket Reader #5 for port 15000
2025-05-28 15:17:07,611 [Socket Reader #6 for port 15000] INFO  ipc.Server (Server.java:run(1474)) - Starting Socket Reader #6 for port 15000
2025-05-28 15:17:07,612 [Socket Reader #7 for port 15000] INFO  ipc.Server (Server.java:run(1474)) - Starting Socket Reader #7 for port 15000
2025-05-28 15:17:07,612 [Socket Reader #8 for port 15000] INFO  ipc.Server (Server.java:run(1474)) - Starting Socket Reader #8 for port 15000
2025-05-28 15:17:07,612 [Socket Reader #9 for port 15000] INFO  ipc.Server (Server.java:run(1474)) - Starting Socket Reader #9 for port 15000
2025-05-28 15:17:07,613 [Socket Reader #10 for port 15000] INFO  ipc.Server (Server.java:run(1474)) - Starting Socket Reader #10 for port 15000
2025-05-28 15:17:07,664 [main] INFO  ha.SCMServiceManager (SCMServiceManager.java:register(42)) - Registering service ContainerBalancer.
2025-05-28 15:17:07,664 [main] INFO  ha.SCMContext (SCMContext.java:updateSafeModeStatus(224)) - Update SafeModeStatus from SafeModeStatus{safeModeStatus=true, preCheckPassed=false} to SafeModeStatus{safeModeStatus=true, preCheckPassed=false}.
2025-05-28 15:17:07,672 [main] INFO  server.StorageContainerManager (StorageContainerManager.java:start(1507)) - StorageContainerLocationProtocol RPC server is listening at /0.0.0.0:15000
2025-05-28 15:17:07,673 [main] INFO  ha.SCMRatisServerImpl (SCMRatisServerImpl.java:start(203)) - starting ratis server 0.0.0.0:15004
2025-05-28 15:17:07,683 [0cf558f4-2ca5-4c9f-a057-d7d7b755ef43-impl-thread1] INFO  server.RaftServerConfigKeys (ConfUtils.java:logGet(46)) - raft.server.storage.free-space.min = 0MB (=0) (default)
2025-05-28 15:17:07,683 [0cf558f4-2ca5-4c9f-a057-d7d7b755ef43-impl-thread1] INFO  server.RaftServerConfigKeys (ConfUtils.java:logGet(46)) - raft.server.log.corruption.policy = EXCEPTION (default)
2025-05-28 15:17:07,683 [0cf558f4-2ca5-4c9f-a057-d7d7b755ef43-impl-thread1] INFO  server.RaftServerConfigKeys (ConfUtils.java:logGet(46)) - raft.server.storage.dir = [/home/runner/work/ozone/ozone/hadoop-ozone/integration-test/target/test-dir/MiniOzoneClusterImpl-723737d7-d862-4a19-a51f-6b1567aa62b1/ozone-meta/scm-ha] (custom)
2025-05-28 15:17:07,685 [0cf558f4-2ca5-4c9f-a057-d7d7b755ef43-impl-thread1] INFO  storage.RaftStorageDirectory (RaftStorageDirectoryImpl.java:tryLock(229)) - Lock on /home/runner/work/ozone/ozone/hadoop-ozone/integration-test/target/test-dir/MiniOzoneClusterImpl-723737d7-d862-4a19-a51f-6b1567aa62b1/ozone-meta/scm-ha/723737d7-d862-4a19-a51f-6b1567aa62b1/in_use.lock acquired by nodename 72973@localhost
2025-05-28 15:17:07,687 [0cf558f4-2ca5-4c9f-a057-d7d7b755ef43-impl-thread1] INFO  storage.RaftStorage (RaftStorageImpl.java:analyzeAndRecoverStorage(118)) - Read RaftStorageMetadata{term=1, votedFor=0cf558f4-2ca5-4c9f-a057-d7d7b755ef43} from /home/runner/work/ozone/ozone/hadoop-ozone/integration-test/target/test-dir/MiniOzoneClusterImpl-723737d7-d862-4a19-a51f-6b1567aa62b1/ozone-meta/scm-ha/723737d7-d862-4a19-a51f-6b1567aa62b1/current/raft-meta
2025-05-28 15:17:07,690 [0cf558f4-2ca5-4c9f-a057-d7d7b755ef43-impl-thread1] INFO  server.RaftServer$Division (ServerState.java:setRaftConf(386)) - 0cf558f4-2ca5-4c9f-a057-d7d7b755ef43@group-6B1567AA62B1: set configuration conf: {index: 0, cur=peers:[0cf558f4-2ca5-4c9f-a057-d7d7b755ef43|localhost:15004]|listeners:[], old=null}
2025-05-28 15:17:07,690 [0cf558f4-2ca5-4c9f-a057-d7d7b755ef43-impl-thread1] INFO  ha.SCMStateMachine (SCMStateMachine.java:lambda$initialize$0(135)) - 0cf558f4-2ca5-4c9f-a057-d7d7b755ef43: initialize group-6B1567AA62B1
2025-05-28 15:17:07,690 [0cf558f4-2ca5-4c9f-a057-d7d7b755ef43-impl-thread1] INFO  server.RaftServerConfigKeys (ConfUtils.java:logGet(46)) - raft.server.log.use.memory = false (default)
2025-05-28 15:17:07,691 [0cf558f4-2ca5-4c9f-a057-d7d7b755ef43-impl-thread1] INFO  server.RaftServerConfigKeys (ConfUtils.java:logGet(46)) - raft.server.log.purge.gap = 1000000 (custom)
2025-05-28 15:17:07,691 [0cf558f4-2ca5-4c9f-a057-d7d7b755ef43-impl-thread1] INFO  server.RaftServerConfigKeys (ConfUtils.java:logGet(46)) - raft.server.log.appender.buffer.byte-limit = 4194304 (custom)
2025-05-28 15:17:07,691 [0cf558f4-2ca5-4c9f-a057-d7d7b755ef43-impl-thread1] INFO  server.RaftServerConfigKeys (ConfUtils.java:logGet(46)) - raft.server.log.statemachine.data.read.timeout = 1000ms (default)
2025-05-28 15:17:07,691 [0cf558f4-2ca5-4c9f-a057-d7d7b755ef43-impl-thread1] INFO  server.RaftServerConfigKeys (ConfUtils.java:logGet(46)) - raft.server.log.purge.preservation.log.num = 0 (default)
2025-05-28 15:17:07,695 [0cf558f4-2ca5-4c9f-a057-d7d7b755ef43-impl-thread1] INFO  server.RaftServerConfigKeys (ConfUtils.java:logGet(46)) - raft.server.log.segment.size.max = 4194304 (custom)
2025-05-28 15:17:07,696 [0cf558f4-2ca5-4c9f-a057-d7d7b755ef43-impl-thread1] INFO  server.RaftServerConfigKeys (ConfUtils.java:logGet(46)) - raft.server.log.segment.cache.num.max = 2 (custom)
2025-05-28 15:17:07,696 [0cf558f4-2ca5-4c9f-a057-d7d7b755ef43-impl-thread1] INFO  server.RaftServerConfigKeys (ConfUtils.java:logGet(46)) - raft.server.log.segment.cache.size.max = 200MB (=209715200) (default)
2025-05-28 15:17:07,696 [0cf558f4-2ca5-4c9f-a057-d7d7b755ef43-impl-thread1] INFO  server.RaftServerConfigKeys (ConfUtils.java:logGet(46)) - raft.server.log.appender.buffer.byte-limit = 4194304 (custom)
2025-05-28 15:17:07,697 [0cf558f4-2ca5-4c9f-a057-d7d7b755ef43-impl-thread1] INFO  util.AwaitToRun (AwaitToRun.java:start(81)) - Thread[#118,0cf558f4-2ca5-4c9f-a057-d7d7b755ef43@group-6B1567AA62B1-cacheEviction-AwaitToRun,5,main] started
2025-05-28 15:17:07,697 [0cf558f4-2ca5-4c9f-a057-d7d7b755ef43-impl-thread1] INFO  segmented.SegmentedRaftLogWorker (SegmentedRaftLogWorker.java:<init>(188)) - new 0cf558f4-2ca5-4c9f-a057-d7d7b755ef43@group-6B1567AA62B1-SegmentedRaftLogWorker for RaftStorageImpl:Storage Directory /home/runner/work/ozone/ozone/hadoop-ozone/integration-test/target/test-dir/MiniOzoneClusterImpl-723737d7-d862-4a19-a51f-6b1567aa62b1/ozone-meta/scm-ha/723737d7-d862-4a19-a51f-6b1567aa62b1
2025-05-28 15:17:07,697 [0cf558f4-2ca5-4c9f-a057-d7d7b755ef43-impl-thread1] INFO  server.RaftServerConfigKeys (ConfUtils.java:logGet(46)) - raft.server.log.queue.byte-limit = 64MB (=67108864) (default)
2025-05-28 15:17:07,697 [0cf558f4-2ca5-4c9f-a057-d7d7b755ef43-impl-thread1] INFO  server.RaftServerConfigKeys (ConfUtils.java:logGet(46)) - raft.server.log.queue.element-limit = 4096 (default)
2025-05-28 15:17:07,697 [0cf558f4-2ca5-4c9f-a057-d7d7b755ef43-impl-thread1] INFO  server.RaftServerConfigKeys (ConfUtils.java:logGet(46)) - raft.server.log.segment.size.max = 4194304 (custom)
2025-05-28 15:17:07,697 [0cf558f4-2ca5-4c9f-a057-d7d7b755ef43-impl-thread1] INFO  server.RaftServerConfigKeys (ConfUtils.java:logGet(46)) - raft.server.log.preallocated.size = 4194304 (custom)
2025-05-28 15:17:07,698 [0cf558f4-2ca5-4c9f-a057-d7d7b755ef43-impl-thread1] INFO  server.RaftServerConfigKeys (ConfUtils.java:logGet(46)) - raft.server.log.force.sync.num = 128 (default)
2025-05-28 15:17:07,698 [0cf558f4-2ca5-4c9f-a057-d7d7b755ef43-impl-thread1] INFO  server.RaftServerConfigKeys (ConfUtils.java:logGet(46)) - raft.server.log.statemachine.data.sync = true (default)
2025-05-28 15:17:07,698 [0cf558f4-2ca5-4c9f-a057-d7d7b755ef43-impl-thread1] INFO  server.RaftServerConfigKeys (ConfUtils.java:logGet(46)) - raft.server.log.statemachine.data.sync.timeout = 10s (default)
2025-05-28 15:17:07,698 [0cf558f4-2ca5-4c9f-a057-d7d7b755ef43-impl-thread1] INFO  server.RaftServerConfigKeys (ConfUtils.java:logGet(46)) - raft.server.log.statemachine.data.sync.timeout.retry = -1 (default)
2025-05-28 15:17:07,698 [0cf558f4-2ca5-4c9f-a057-d7d7b755ef43-impl-thread1] INFO  server.RaftServerConfigKeys (ConfUtils.java:logGet(46)) - raft.server.log.write.buffer.size = 4194312 (custom)
2025-05-28 15:17:07,699 [0cf558f4-2ca5-4c9f-a057-d7d7b755ef43-impl-thread1] INFO  server.RaftServerConfigKeys (ConfUtils.java:logGet(46)) - raft.server.log.appender.buffer.byte-limit = 4194304 (custom)
2025-05-28 15:17:07,699 [0cf558f4-2ca5-4c9f-a057-d7d7b755ef43-impl-thread1] INFO  server.RaftServerConfigKeys (ConfUtils.java:logGet(46)) - raft.server.log.unsafe-flush.enabled = false (default)
2025-05-28 15:17:07,699 [0cf558f4-2ca5-4c9f-a057-d7d7b755ef43-impl-thread1] INFO  server.RaftServerConfigKeys (ConfUtils.java:logGet(46)) - raft.server.log.async-flush.enabled = false (default)
2025-05-28 15:17:07,699 [0cf558f4-2ca5-4c9f-a057-d7d7b755ef43-impl-thread1] INFO  server.RaftServerConfigKeys (ConfUtils.java:logGet(46)) - raft.server.log.statemachine.data.caching.enabled = false (default)
2025-05-28 15:17:07,705 [0cf558f4-2ca5-4c9f-a057-d7d7b755ef43-impl-thread1] INFO  server.RaftServer$Division (ServerState.java:setRaftConf(386)) - 0cf558f4-2ca5-4c9f-a057-d7d7b755ef43@group-6B1567AA62B1: set configuration conf: {index: 0, cur=peers:[0cf558f4-2ca5-4c9f-a057-d7d7b755ef43|localhost:15004]|listeners:[], old=null}
2025-05-28 15:17:07,705 [0cf558f4-2ca5-4c9f-a057-d7d7b755ef43-impl-thread1] INFO  segmented.LogSegment (LogSegment.java:loadSegment(171)) - Successfully read 1 entries from segment file /home/runner/work/ozone/ozone/hadoop-ozone/integration-test/target/test-dir/MiniOzoneClusterImpl-723737d7-d862-4a19-a51f-6b1567aa62b1/ozone-meta/scm-ha/723737d7-d862-4a19-a51f-6b1567aa62b1/current/log_inprogress_0
2025-05-28 15:17:07,706 [0cf558f4-2ca5-4c9f-a057-d7d7b755ef43-impl-thread1] INFO  segmented.SegmentedRaftLogWorker (SegmentedRaftLogWorker.java:lambda$new$0(139)) - 0cf558f4-2ca5-4c9f-a057-d7d7b755ef43@group-6B1567AA62B1-SegmentedRaftLogWorker: safeCacheEvictIndex: setUnconditionally 0 -> -1
2025-05-28 15:17:07,706 [0cf558f4-2ca5-4c9f-a057-d7d7b755ef43-impl-thread1] INFO  segmented.BufferedWriteChannel (BufferedWriteChannel.java:open(61)) - open log_inprogress_0 (append) at position 76
2025-05-28 15:17:07,706 [0cf558f4-2ca5-4c9f-a057-d7d7b755ef43-impl-thread1] INFO  server.RaftServer$Division (RaftServerImpl.java:start(391)) - 0cf558f4-2ca5-4c9f-a057-d7d7b755ef43@group-6B1567AA62B1: start as a follower, conf=conf: {index: 0, cur=peers:[0cf558f4-2ca5-4c9f-a057-d7d7b755ef43|localhost:15004]|listeners:[], old=null}
2025-05-28 15:17:07,707 [0cf558f4-2ca5-4c9f-a057-d7d7b755ef43-impl-thread1] INFO  server.RaftServer$Division (RaftServerImpl.java:setRole(378)) - 0cf558f4-2ca5-4c9f-a057-d7d7b755ef43@group-6B1567AA62B1: changes role from      null to FOLLOWER at term 1 for startAsFollower
2025-05-28 15:17:07,707 [0cf558f4-2ca5-4c9f-a057-d7d7b755ef43-impl-thread1] INFO  impl.RoleInfo (RoleInfo.java:updateAndGet(148)) - 0cf558f4-2ca5-4c9f-a057-d7d7b755ef43: start 0cf558f4-2ca5-4c9f-a057-d7d7b755ef43@group-6B1567AA62B1-FollowerState
2025-05-28 15:17:07,707 [0cf558f4-2ca5-4c9f-a057-d7d7b755ef43@group-6B1567AA62B1-FollowerState] INFO  server.RaftServerConfigKeys (ConfUtils.java:logGet(46)) - raft.server.rpc.first-election.timeout.min = 1000ms (custom)
2025-05-28 15:17:07,707 [0cf558f4-2ca5-4c9f-a057-d7d7b755ef43@group-6B1567AA62B1-FollowerState] INFO  server.RaftServerConfigKeys (ConfUtils.java:logGet(46)) - raft.server.rpc.first-election.timeout.max = 1200ms (custom)
2025-05-28 15:17:07,708 [0cf558f4-2ca5-4c9f-a057-d7d7b755ef43-impl-thread1] INFO  util.JmxRegister (JmxRegister.java:tryRegister(44)) - Successfully registered JMX Bean with object name Ratis:service=RaftServer,group=group-6B1567AA62B1,id=0cf558f4-2ca5-4c9f-a057-d7d7b755ef43
2025-05-28 15:17:07,708 [0cf558f4-2ca5-4c9f-a057-d7d7b755ef43-impl-thread1] INFO  util.JmxRegister (JmxRegister.java:register(58)) - register mxBean class org.apache.ratis.server.impl.RaftServerJmxAdapter as Ratis:service=RaftServer,group=group-6B1567AA62B1,id=0cf558f4-2ca5-4c9f-a057-d7d7b755ef43
2025-05-28 15:17:07,709 [0cf558f4-2ca5-4c9f-a057-d7d7b755ef43-impl-thread1] INFO  server.RaftServerConfigKeys (ConfUtils.java:logGet(46)) - raft.server.snapshot.trigger-when-stop.enabled = true (default)
2025-05-28 15:17:07,709 [0cf558f4-2ca5-4c9f-a057-d7d7b755ef43-impl-thread1] INFO  server.RaftServerConfigKeys (ConfUtils.java:logGet(46)) - raft.server.snapshot.trigger-when-remove.enabled = true (default)
2025-05-28 15:17:07,709 [0cf558f4-2ca5-4c9f-a057-d7d7b755ef43-impl-thread1] INFO  server.RaftServerConfigKeys (ConfUtils.java:logGet(46)) - raft.server.snapshot.auto.trigger.enabled = true (custom)
2025-05-28 15:17:07,709 [0cf558f4-2ca5-4c9f-a057-d7d7b755ef43-impl-thread1] INFO  server.RaftServerConfigKeys (ConfUtils.java:logGet(46)) - raft.server.snapshot.auto.trigger.threshold = 1000 (custom)
2025-05-28 15:17:07,709 [0cf558f4-2ca5-4c9f-a057-d7d7b755ef43-impl-thread1] INFO  server.RaftServerConfigKeys (ConfUtils.java:logGet(46)) - raft.server.snapshot.retention.file.num = -1 (default)
2025-05-28 15:17:07,709 [0cf558f4-2ca5-4c9f-a057-d7d7b755ef43-impl-thread1] INFO  server.RaftServerConfigKeys (ConfUtils.java:logGet(46)) - raft.server.log.purge.upto.snapshot.index = false (default)
2025-05-28 15:17:07,710 [0cf558f4-2ca5-4c9f-a057-d7d7b755ef43-impl-thread1] INFO  server.RaftServer$Division (RaftServerImpl.java:start(405)) - 0cf558f4-2ca5-4c9f-a057-d7d7b755ef43@group-6B1567AA62B1: Successfully started.
2025-05-28 15:17:07,710 [main] INFO  server.RaftServer (RaftServerProxy.java:startImpl(407)) - 0cf558f4-2ca5-4c9f-a057-d7d7b755ef43: start RPC server
2025-05-28 15:17:07,712 [main] INFO  server.GrpcService (GrpcService.java:startImpl(334)) - 0cf558f4-2ca5-4c9f-a057-d7d7b755ef43: GrpcService started, listening on 15004
2025-05-28 15:17:07,714 [JvmPauseMonitor1] INFO  util.JvmPauseMonitor (JvmPauseMonitor.java:run(146)) - JvmPauseMonitor-0cf558f4-2ca5-4c9f-a057-d7d7b755ef43: Started
2025-05-28 15:17:07,721 [main] INFO  ha.SCMHAManagerImpl (SCMHAManagerImpl.java:start(131)) -  scm role is FOLLOWER peers [0cf558f4-2ca5-4c9f-a057-d7d7b755ef43|localhost:15004]
2025-05-28 15:17:07,721 [main] INFO  ha.InterSCMGrpcService (InterSCMGrpcProtocolService.java:start(98)) - Starting SCM Grpc Service at port 15005
2025-05-28 15:17:07,723 [main] INFO  SCMHATransactionMonitor (BackgroundSCMService.java:start(64)) - Starting SCMHATransactionMonitor Service.
2025-05-28 15:17:07,723 [main] INFO  ha.SCMServiceManager (SCMServiceManager.java:register(42)) - Registering service SCMHATransactionMonitor.
2025-05-28 15:17:07,723 [main] INFO  SCMHATransactionMonitor (BackgroundSCMService.java:start(61)) - SCMHATransactionMonitor Service is already running, skip start.
2025-05-28 15:17:07,763 [main] WARN  impl.MetricsConfig (MetricsConfig.java:loadFirst(138)) - Cannot locate configuration: tried hadoop-metrics2-storagecontainermanager.properties,hadoop-metrics2.properties
2025-05-28 15:17:07,771 [main] INFO  impl.MetricsSystemImpl (MetricsSystemImpl.java:startTimer(378)) - Scheduled Metric snapshot period at 10 second(s).
2025-05-28 15:17:07,771 [main] INFO  impl.MetricsSystemImpl (MetricsSystemImpl.java:start(191)) - StorageContainerManager metrics system started
2025-05-28 15:17:07,909 [main] INFO  server.SCMClientProtocolServer (SCMClientProtocolServer.java:start(207)) - RPC server for Client  is listening at /0.0.0.0:15000
2025-05-28 15:17:07,910 [IPC Server Responder] INFO  ipc.Server (Server.java:run(1713)) - IPC Server Responder: starting
2025-05-28 15:17:07,911 [IPC Server listener on 15000] INFO  ipc.Server (Server.java:run(1553)) - IPC Server listener on 15000: starting
2025-05-28 15:17:07,927 [main] INFO  server.StorageContainerManager (StorageContainerManager.java:start(1520)) - ScmBlockLocationProtocol RPC server is listening at /0.0.0.0:15001
2025-05-28 15:17:07,928 [main] INFO  server.SCMBlockProtocolServer (SCMBlockProtocolServer.java:start(166)) - RPC server for Block Protocol is listening at /0.0.0.0:15001
2025-05-28 15:17:07,929 [IPC Server listener on 15001] INFO  ipc.Server (Server.java:run(1553)) - IPC Server listener on 15001: starting
2025-05-28 15:17:07,929 [IPC Server Responder] INFO  ipc.Server (Server.java:run(1713)) - IPC Server Responder: starting
2025-05-28 15:17:07,959 [main] INFO  http.BaseHttpServer (BaseHttpServer.java:newHttpServer2BuilderForOzone(229)) - Starting Web-server for scm at: http://0.0.0.0:15003
2025-05-28 15:17:07,959 [main] INFO  http.BaseHttpServer (BaseHttpServer.java:<init>(107)) - Hadoop Security Enabled: false Ozone Security Enabled: false Ozone HTTP Security Enabled: false 
2025-05-28 15:17:07,975 [main] INFO  util.log (Log.java:initialized(170)) - Logging initialized @6675ms to org.eclipse.jetty.util.log.Slf4jLog
2025-05-28 15:17:08,031 [main] WARN  server.AuthenticationFilter (AuthenticationFilter.java:constructSecretProvider(240)) - Unable to initialize FileSignerSecretProvider, falling back to use random secrets. Reason: Could not read signature secret file: /home/runner/hadoop-http-auth-signature-secret
2025-05-28 15:17:08,052 [main] INFO  http.HttpServer2 (HttpServer2.java:addGlobalFilter(1042)) - Added global filter 'safety' (class=org.apache.hadoop.hdds.server.http.HttpServer2$QuotingInputFilter)
2025-05-28 15:17:08,055 [main] INFO  http.HttpServer2 (HttpServer2.java:addFilter(1018)) - Added filter static_user_filter (class=org.apache.hadoop.http.lib.StaticUserWebFilter$StaticUserFilter) to context scm
2025-05-28 15:17:08,055 [main] INFO  http.HttpServer2 (HttpServer2.java:addFilter(1026)) - Added filter static_user_filter (class=org.apache.hadoop.http.lib.StaticUserWebFilter$StaticUserFilter) to context logs
2025-05-28 15:17:08,055 [main] INFO  http.HttpServer2 (HttpServer2.java:addFilter(1026)) - Added filter static_user_filter (class=org.apache.hadoop.http.lib.StaticUserWebFilter$StaticUserFilter) to context static
2025-05-28 15:17:08,080 [main] INFO  http.BaseHttpServer (BaseHttpServer.java:<init>(195)) - HTTP server of scm uses base directory /home/runner/work/ozone/ozone/hadoop-ozone/integration-test/target/test-dir/MiniOzoneClusterImpl-723737d7-d862-4a19-a51f-6b1567aa62b1/ozone-meta/webserver
2025-05-28 15:17:08,081 [main] INFO  http.HttpServer2 (HttpServer2.java:bindListener(1242)) - Jetty bound to port 15003
2025-05-28 15:17:08,082 [main] INFO  server.Server (Server.java:doStart(375)) - jetty-9.4.57.v20241219; built: 2025-01-08T21:24:30.412Z; git: df524e6b29271c2e09ba9aea83c18dc9db464a31; jvm 21.0.7+6-LTS
2025-05-28 15:17:08,100 [main] INFO  server.session (DefaultSessionIdManager.java:doStart(334)) - DefaultSessionIdManager workerName=node0
2025-05-28 15:17:08,101 [main] INFO  server.session (DefaultSessionIdManager.java:doStart(339)) - No SessionScavenger set, using defaults
2025-05-28 15:17:08,102 [main] INFO  server.session (HouseKeeper.java:startScavenging(132)) - node0 Scavenging every 600000ms
2025-05-28 15:17:08,109 [main] INFO  handler.ContextHandler (ContextHandler.java:doStart(921)) - Started o.e.j.s.ServletContextHandler@25511895{logs,/logs,file:///home/runner/work/ozone/ozone/hadoop-ozone/integration-test/target/log,AVAILABLE}
2025-05-28 15:17:08,110 [main] INFO  handler.ContextHandler (ContextHandler.java:doStart(921)) - Started o.e.j.s.ServletContextHandler@21202507{static,/static,file:///home/runner/work/ozone/ozone/hadoop-ozone/integration-test/target/test-classes/webapps/static,AVAILABLE}
2025-05-28 15:17:08,141 [main] INFO  handler.ContextHandler (ContextHandler.java:doStart(921)) - Started o.e.j.w.WebAppContext@66c32e15{scm,/,file:///home/runner/work/ozone/ozone/hadoop-ozone/integration-test/target/test-classes/webapps/scm/,AVAILABLE}{file:/home/runner/work/ozone/ozone/hadoop-ozone/integration-test/target/test-classes/webapps/scm}
2025-05-28 15:17:08,146 [main] INFO  server.AbstractConnector (AbstractConnector.java:doStart(333)) - Started ServerConnector@40b958c5{HTTP/1.1, (http/1.1)}{0.0.0.0:15003}
2025-05-28 15:17:08,146 [main] INFO  server.Server (Server.java:doStart(415)) - Started @6846ms
2025-05-28 15:17:08,147 [main] INFO  impl.MetricsSinkAdapter (MetricsSinkAdapter.java:start(204)) - Sink prometheus started
2025-05-28 15:17:08,148 [main] INFO  impl.MetricsSystemImpl (MetricsSystemImpl.java:registerSink(305)) - Registered sink prometheus
2025-05-28 15:17:08,148 [main] INFO  http.BaseHttpServer (BaseHttpServer.java:updateConnectorAddress(359)) - HTTP server of scm listening at http://localhost:15003
2025-05-28 15:17:08,154 [main] WARN  server.ServerUtils (ServerUtils.java:getDBPath(292)) - ozone.om.db.dirs is not configured. We recommend adding this setting. Falling back to ozone.metadata.dirs instead.
2025-05-28 15:17:08,218 [main] INFO  audit.AuditLogger (AuditLogger.java:refreshDebugCmdSet(133)) - Refresh DebugCmdSet for OMAudit to [].
2025-05-28 15:17:08,235 [main] INFO  audit.AuditLogger (AuditLogger.java:refreshDebugCmdSet(133)) - Refresh DebugCmdSet for OMSystemAudit to [].
2025-05-28 15:17:08,282 [main] INFO  ha.OMHANodeDetails (OMHANodeDetails.java:loadOMHAConfig(113)) - ozone.om.internal.service.id is not defined, falling back to ozone.om.service.ids to find serviceID for OzoneManager if it is HA enabled cluster
2025-05-28 15:17:08,285 [main] INFO  ha.OMHANodeDetails (OMHANodeDetails.java:loadOMHAConfig(224)) - Configuration does not have ozone.om.address set. Falling back to the default OM address /127.0.0.1:15006
2025-05-28 15:17:08,286 [main] INFO  ha.OMHANodeDetails (OMHANodeDetails.java:getOMNodeDetailsForNonHA(252)) - OM Service ID is not set. Setting it to the default ID: omServiceIdDefault
2025-05-28 15:17:08,286 [main] INFO  ha.OMHANodeDetails (OMHANodeDetails.java:getOMNodeDetailsForNonHA(259)) - OM Node ID is not set. Setting it to the default ID: om1
2025-05-28 15:17:08,289 [main] WARN  server.ServerUtils (ServerUtils.java:getDBPath(292)) - ozone.om.db.dirs is not configured. We recommend adding this setting. Falling back to ozone.metadata.dirs instead.
2025-05-28 15:17:08,293 [main] INFO  upgrade.AbstractLayoutVersionManager (AbstractLayoutVersionManager.java:init(80)) - Initializing Layout version manager with metadata layout = DELEGATION_TOKEN_SYMMETRIC_SIGN (version = 8), software layout = DELEGATION_TOKEN_SYMMETRIC_SIGN (version = 8)
2025-05-28 15:17:08,397 [main] INFO  reflections.Reflections (Reflections.java:scan(219)) - Reflections took 102 ms to scan 2 urls, producing 208 keys and 619 values
2025-05-28 15:17:08,401 [main] INFO  upgrade.OMLayoutVersionManager (OMLayoutVersionManager.java:lambda$0(110)) - Skipping Upgrade Action QuotaRepairUpgradeAction since it has been finalized.
2025-05-28 15:17:08,402 [main] INFO  upgrade.OMLayoutVersionManager (OMLayoutVersionManager.java:lambda$0(110)) - Skipping Upgrade Action MockOmUpgradeAction since it has been finalized.
2025-05-28 15:17:08,404 [main] WARN  server.ServerUtils (ServerUtils.java:getDBPath(292)) - ozone.om.db.dirs is not configured. We recommend adding this setting. Falling back to ozone.metadata.dirs instead.
2025-05-28 15:17:08,409 [main] INFO  om.OzoneManager (OzoneManager.java:setReplicationFromConfig(4606)) - Set default replication in OM: RATIS/3 -> RATIS/THREE
2025-05-28 15:17:08,416 [main] INFO  proxy.SCMContainerLocationFailoverProxyProvider (SCMFailoverProxyProviderBase.java:<init>(120)) - Created fail-over proxy for protocol StorageContainerLocationProtocolPB with 1 nodes: [nodeId=scmNodeId,nodeAddress=/0.0.0.0:15000]
2025-05-28 15:17:08,453 [main] INFO  proxy.SCMBlockLocationFailoverProxyProvider (SCMFailoverProxyProviderBase.java:<init>(120)) - Created fail-over proxy for protocol ScmBlockLocationProtocolPB with 1 nodes: [nodeId=scmNodeId,nodeAddress=/0.0.0.0:15001]
2025-05-28 15:17:08,467 [main] INFO  proxy.SCMBlockLocationFailoverProxyProvider (SCMFailoverProxyProviderBase.java:<init>(120)) - Created fail-over proxy for protocol ScmBlockLocationProtocolPB with 1 nodes: [nodeId=scmNodeId,nodeAddress=/0.0.0.0:15001]
2025-05-28 15:17:08,895 [0cf558f4-2ca5-4c9f-a057-d7d7b755ef43@group-6B1567AA62B1-FollowerState] INFO  impl.FollowerState (FollowerState.java:runImpl(161)) - 0cf558f4-2ca5-4c9f-a057-d7d7b755ef43@group-6B1567AA62B1-FollowerState: change to CANDIDATE, lastRpcElapsedTime:1187896821ns, electionTimeout:1187ms
2025-05-28 15:17:08,895 [0cf558f4-2ca5-4c9f-a057-d7d7b755ef43@group-6B1567AA62B1-FollowerState] INFO  impl.RoleInfo (RoleInfo.java:shutdownFollowerState(121)) - 0cf558f4-2ca5-4c9f-a057-d7d7b755ef43: shutdown 0cf558f4-2ca5-4c9f-a057-d7d7b755ef43@group-6B1567AA62B1-FollowerState
2025-05-28 15:17:08,895 [0cf558f4-2ca5-4c9f-a057-d7d7b755ef43@group-6B1567AA62B1-FollowerState] INFO  server.RaftServer$Division (RaftServerImpl.java:setRole(378)) - 0cf558f4-2ca5-4c9f-a057-d7d7b755ef43@group-6B1567AA62B1: changes role from  FOLLOWER to CANDIDATE at term 1 for changeToCandidate
2025-05-28 15:17:08,895 [0cf558f4-2ca5-4c9f-a057-d7d7b755ef43@group-6B1567AA62B1-FollowerState] INFO  server.RaftServerConfigKeys (ConfUtils.java:logGet(46)) - raft.server.leaderelection.pre-vote = true (default)
2025-05-28 15:17:08,896 [0cf558f4-2ca5-4c9f-a057-d7d7b755ef43@group-6B1567AA62B1-FollowerState] INFO  impl.RoleInfo (RoleInfo.java:updateAndGet(148)) - 0cf558f4-2ca5-4c9f-a057-d7d7b755ef43: start 0cf558f4-2ca5-4c9f-a057-d7d7b755ef43@group-6B1567AA62B1-LeaderElection2
2025-05-28 15:17:08,896 [0cf558f4-2ca5-4c9f-a057-d7d7b755ef43@group-6B1567AA62B1-LeaderElection2] INFO  impl.LeaderElection (LeaderElection.java:askForVotes(332)) - 0cf558f4-2ca5-4c9f-a057-d7d7b755ef43@group-6B1567AA62B1-LeaderElection2 PRE_VOTE round 0: submit vote requests at term 1 for conf: {index: 0, cur=peers:[0cf558f4-2ca5-4c9f-a057-d7d7b755ef43|localhost:15004]|listeners:[], old=null}
2025-05-28 15:17:08,896 [0cf558f4-2ca5-4c9f-a057-d7d7b755ef43@group-6B1567AA62B1-LeaderElection2] INFO  impl.LeaderElection (LeaderElection.java:askForVotes(334)) - 0cf558f4-2ca5-4c9f-a057-d7d7b755ef43@group-6B1567AA62B1-LeaderElection2 PRE_VOTE round 0: result PASSED (term=1)
2025-05-28 15:17:08,898 [0cf558f4-2ca5-4c9f-a057-d7d7b755ef43@group-6B1567AA62B1-LeaderElection2] INFO  impl.LeaderElection (LeaderElection.java:askForVotes(332)) - 0cf558f4-2ca5-4c9f-a057-d7d7b755ef43@group-6B1567AA62B1-LeaderElection2 ELECTION round 0: submit vote requests at term 2 for conf: {index: 0, cur=peers:[0cf558f4-2ca5-4c9f-a057-d7d7b755ef43|localhost:15004]|listeners:[], old=null}
2025-05-28 15:17:08,898 [0cf558f4-2ca5-4c9f-a057-d7d7b755ef43@group-6B1567AA62B1-LeaderElection2] INFO  impl.LeaderElection (LeaderElection.java:askForVotes(334)) - 0cf558f4-2ca5-4c9f-a057-d7d7b755ef43@group-6B1567AA62B1-LeaderElection2 ELECTION round 0: result PASSED (term=2)
2025-05-28 15:17:08,898 [0cf558f4-2ca5-4c9f-a057-d7d7b755ef43@group-6B1567AA62B1-LeaderElection2] INFO  impl.RoleInfo (RoleInfo.java:shutdownLeaderElection(141)) - 0cf558f4-2ca5-4c9f-a057-d7d7b755ef43: shutdown 0cf558f4-2ca5-4c9f-a057-d7d7b755ef43@group-6B1567AA62B1-LeaderElection2
2025-05-28 15:17:08,899 [0cf558f4-2ca5-4c9f-a057-d7d7b755ef43@group-6B1567AA62B1-LeaderElection2] INFO  server.RaftServer$Division (RaftServerImpl.java:setRole(378)) - 0cf558f4-2ca5-4c9f-a057-d7d7b755ef43@group-6B1567AA62B1: changes role from CANDIDATE to LEADER at term 2 for changeToLeader
2025-05-28 15:17:08,899 [0cf558f4-2ca5-4c9f-a057-d7d7b755ef43@group-6B1567AA62B1-LeaderElection2] INFO  server.RaftServerConfigKeys (ConfUtils.java:logGet(46)) - raft.server.staging.catchup.gap = 1000 (default)
2025-05-28 15:17:08,899 [0cf558f4-2ca5-4c9f-a057-d7d7b755ef43@group-6B1567AA62B1-LeaderElection2] INFO  server.RaftServerConfigKeys (ConfUtils.java:logGet(46)) - raft.server.write.element-limit = 4096 (default)
2025-05-28 15:17:08,899 [0cf558f4-2ca5-4c9f-a057-d7d7b755ef43@group-6B1567AA62B1-LeaderElection2] INFO  server.RaftServerConfigKeys (ConfUtils.java:logGet(46)) - raft.server.write.byte-limit = 64MB (=67108864) (default)
2025-05-28 15:17:08,900 [0cf558f4-2ca5-4c9f-a057-d7d7b755ef43@group-6B1567AA62B1-LeaderElection2] INFO  server.RaftServerConfigKeys (ConfUtils.java:logGet(46)) - raft.server.watch.timeout = 10s (default)
2025-05-28 15:17:08,900 [0cf558f4-2ca5-4c9f-a057-d7d7b755ef43@group-6B1567AA62B1-LeaderElection2] INFO  server.RaftServerConfigKeys (ConfUtils.java:logGet(46)) - raft.server.watch.timeout.denomination = 1s (default)
2025-05-28 15:17:08,900 [0cf558f4-2ca5-4c9f-a057-d7d7b755ef43@group-6B1567AA62B1-LeaderElection2] INFO  server.RaftServerConfigKeys (ConfUtils.java:logGet(46)) - raft.server.watch.element-limit = 65536 (default)
2025-05-28 15:17:08,900 [0cf558f4-2ca5-4c9f-a057-d7d7b755ef43@group-6B1567AA62B1-LeaderElection2] INFO  server.RaftServerConfigKeys (ConfUtils.java:logGet(46)) - raft.server.read.leader.lease.enabled = false (default)
2025-05-28 15:17:08,901 [0cf558f4-2ca5-4c9f-a057-d7d7b755ef43@group-6B1567AA62B1-LeaderElection2] INFO  server.RaftServerConfigKeys (ConfUtils.java:logGet(46)) - raft.server.read.leader.lease.timeout.ratio = 0.9 (default)
2025-05-28 15:17:08,901 [0cf558f4-2ca5-4c9f-a057-d7d7b755ef43@group-6B1567AA62B1-LeaderElection2] INFO  server.RaftServerConfigKeys (ConfUtils.java:logGet(46)) - raft.server.rpc.timeout.min = 5000ms (custom)
2025-05-28 15:17:08,901 [0cf558f4-2ca5-4c9f-a057-d7d7b755ef43@group-6B1567AA62B1-LeaderElection2] INFO  server.RaftServerConfigKeys (ConfUtils.java:logGet(46)) - raft.server.log.log-metadata.enabled = true (default)
2025-05-28 15:17:08,901 [0cf558f4-2ca5-4c9f-a057-d7d7b755ef43@group-6B1567AA62B1-LeaderElection2] INFO  server.RaftServerConfigKeys (ConfUtils.java:logGet(46)) - raft.server.write.element-limit = 4096 (default)
2025-05-28 15:17:08,901 [0cf558f4-2ca5-4c9f-a057-d7d7b755ef43@group-6B1567AA62B1-LeaderElection2] INFO  server.RaftServerConfigKeys (ConfUtils.java:logGet(46)) - raft.server.write.follower.gap.ratio.max = -1.0 (default)
2025-05-28 15:17:08,901 [0cf558f4-2ca5-4c9f-a057-d7d7b755ef43@group-6B1567AA62B1-LeaderElection2] INFO  impl.RoleInfo (RoleInfo.java:updateAndGet(148)) - 0cf558f4-2ca5-4c9f-a057-d7d7b755ef43: start 0cf558f4-2ca5-4c9f-a057-d7d7b755ef43@group-6B1567AA62B1-LeaderStateImpl
2025-05-28 15:17:08,901 [0cf558f4-2ca5-4c9f-a057-d7d7b755ef43@group-6B1567AA62B1-LeaderElection2] INFO  server.RaftServer$Division (RaftServerImpl.java:setFirstElection(562)) - 0cf558f4-2ca5-4c9f-a057-d7d7b755ef43@group-6B1567AA62B1: set firstElectionSinceStartup to false for becomeLeader
2025-05-28 15:17:08,902 [0cf558f4-2ca5-4c9f-a057-d7d7b755ef43@group-6B1567AA62B1-LeaderElection2] INFO  ha.SCMStateMachine (SCMStateMachine.java:notifyLeaderChanged(291)) - current SCM becomes leader of term 2.
2025-05-28 15:17:08,902 [0cf558f4-2ca5-4c9f-a057-d7d7b755ef43@group-6B1567AA62B1-LeaderElection2] INFO  ha.SCMContext (SCMContext.java:updateLeaderAndTerm(95)) - update <isLeader,term> from <false,0> to <true,2>
2025-05-28 15:17:08,905 [0cf558f4-2ca5-4c9f-a057-d7d7b755ef43@group-6B1567AA62B1-LeaderElection2] INFO  server.RaftServer$Division (ServerState.java:setLeader(272)) - 0cf558f4-2ca5-4c9f-a057-d7d7b755ef43@group-6B1567AA62B1: change Leader from null to 0cf558f4-2ca5-4c9f-a057-d7d7b755ef43 at term 2 for becomeLeader, leader elected after 2143ms
2025-05-28 15:17:08,906 [0cf558f4-2ca5-4c9f-a057-d7d7b755ef43@group-6B1567AA62B1-LeaderElection2] INFO  segmented.SegmentedRaftLogWorker (SegmentedRaftLogWorker.java:rollLogSegment(443)) - 0cf558f4-2ca5-4c9f-a057-d7d7b755ef43@group-6B1567AA62B1-SegmentedRaftLogWorker: Rolling segment log-0_0 to index:0
2025-05-28 15:17:08,907 [0cf558f4-2ca5-4c9f-a057-d7d7b755ef43@group-6B1567AA62B1-LeaderElection2] INFO  server.RaftServer$Division (ServerState.java:setRaftConf(386)) - 0cf558f4-2ca5-4c9f-a057-d7d7b755ef43@group-6B1567AA62B1: set configuration conf: {index: 1, cur=peers:[0cf558f4-2ca5-4c9f-a057-d7d7b755ef43|localhost:15004]|listeners:[], old=null}
2025-05-28 15:17:08,909 [0cf558f4-2ca5-4c9f-a057-d7d7b755ef43@group-6B1567AA62B1-SegmentedRaftLogWorker] INFO  segmented.SegmentedRaftLogWorker (SegmentedRaftLogWorker.java:execute(601)) - 0cf558f4-2ca5-4c9f-a057-d7d7b755ef43@group-6B1567AA62B1-SegmentedRaftLogWorker: Rolled log segment from /home/runner/work/ozone/ozone/hadoop-ozone/integration-test/target/test-dir/MiniOzoneClusterImpl-723737d7-d862-4a19-a51f-6b1567aa62b1/ozone-meta/scm-ha/723737d7-d862-4a19-a51f-6b1567aa62b1/current/log_inprogress_0 to /home/runner/work/ozone/ozone/hadoop-ozone/integration-test/target/test-dir/MiniOzoneClusterImpl-723737d7-d862-4a19-a51f-6b1567aa62b1/ozone-meta/scm-ha/723737d7-d862-4a19-a51f-6b1567aa62b1/current/log_0-0
2025-05-28 15:17:08,912 [0cf558f4-2ca5-4c9f-a057-d7d7b755ef43@group-6B1567AA62B1-SegmentedRaftLogWorker] INFO  segmented.BufferedWriteChannel (BufferedWriteChannel.java:open(61)) - open log_inprogress_1 at position 0
2025-05-28 15:17:08,923 [0cf558f4-2ca5-4c9f-a057-d7d7b755ef43@group-6B1567AA62B1-SegmentedRaftLogWorker] INFO  segmented.SegmentedRaftLogWorker (SegmentedRaftLogWorker.java:execute(644)) - 0cf558f4-2ca5-4c9f-a057-d7d7b755ef43@group-6B1567AA62B1-SegmentedRaftLogWorker: created new log segment /home/runner/work/ozone/ozone/hadoop-ozone/integration-test/target/test-dir/MiniOzoneClusterImpl-723737d7-d862-4a19-a51f-6b1567aa62b1/ozone-meta/scm-ha/723737d7-d862-4a19-a51f-6b1567aa62b1/current/log_inprogress_1
2025-05-28 15:17:08,928 [0cf558f4-2ca5-4c9f-a057-d7d7b755ef43@group-6B1567AA62B1-StateMachineUpdater] INFO  server.RaftServer$Division (LeaderStateImpl.java:checkStartIndex(313)) - Leader 0cf558f4-2ca5-4c9f-a057-d7d7b755ef43@group-6B1567AA62B1-LeaderStateImpl is ready since appliedIndex == startIndex == 1
2025-05-28 15:17:08,928 [0cf558f4-2ca5-4c9f-a057-d7d7b755ef43@group-6B1567AA62B1-StateMachineUpdater] INFO  ha.SCMContext (SCMContext.java:setLeaderReady(122)) - update <isLeaderReady> from <false> to <true>
2025-05-28 15:17:08,929 [0cf558f4-2ca5-4c9f-a057-d7d7b755ef43@group-6B1567AA62B1-StateMachineUpdater] INFO  pipeline.BackgroundPipelineCreator (BackgroundPipelineCreator.java:notifyStatusChanged(268)) - Service BackgroundPipelineCreator transitions to RUNNING.
2025-05-28 15:17:08,930 [0cf558f4-2ca5-4c9f-a057-d7d7b755ef43@group-6B1567AA62B1-StateMachineUpdater] INFO  safemode.RatisContainerSafeModeRule (RatisContainerSafeModeRule.java:initializeRule(160)) - Refreshed Containers with one replica threshold count 0.
2025-05-28 15:17:08,930 [0cf558f4-2ca5-4c9f-a057-d7d7b755ef43@group-6B1567AA62B1-StateMachineUpdater] INFO  safemode.HealthyPipelineSafeModeRule (HealthyPipelineSafeModeRule.java:initializeRule(228)) - Refreshed total pipeline count is 0, healthy pipeline threshold count is 1
2025-05-28 15:17:08,930 [0cf558f4-2ca5-4c9f-a057-d7d7b755ef43@group-6B1567AA62B1-StateMachineUpdater] INFO  safemode.ECContainerSafeModeRule (ECContainerSafeModeRule.java:initializeRule(205)) - Refreshed Containers with ec n replica threshold count 0.
2025-05-28 15:17:08,930 [0cf558f4-2ca5-4c9f-a057-d7d7b755ef43@group-6B1567AA62B1-StateMachineUpdater] INFO  safemode.OneReplicaPipelineSafeModeRule (OneReplicaPipelineSafeModeRule.java:initializeRule(186)) - Refreshed Total pipeline count is 0, pipeline's with at least one datanode reported threshold count is 0
2025-05-28 15:17:08,930 [0cf558f4-2ca5-4c9f-a057-d7d7b755ef43@group-6B1567AA62B1-StateMachineUpdater] INFO  server.SCMDatanodeProtocolServer (SCMDatanodeProtocolServer.java:start(193)) - ScmDatanodeProtocol RPC server for DataNodes is listening at /0.0.0.0:15002
2025-05-28 15:17:08,931 [IPC Server Responder] INFO  ipc.Server (Server.java:run(1713)) - IPC Server Responder: starting
2025-05-28 15:17:08,932 [IPC Server listener on 15002] INFO  ipc.Server (Server.java:run(1553)) - IPC Server listener on 15002: starting
2025-05-28 15:17:10,627 [main] INFO  om.OzoneManager (OzoneManager.java:<init>(670)) - OM start with adminUsers: [runner]
2025-05-28 15:17:10,644 [main] WARN  server.ServerUtils (ServerUtils.java:getDBPath(292)) - ozone.om.db.dirs is not configured. We recommend adding this setting. Falling back to ozone.metadata.dirs instead.
2025-05-28 15:17:10,734 [main] INFO  utils.NativeLibraryLoader (NativeLibraryLoader.java:loadLibrary(120)) - Loading Library: ozone_rocksdb_tools
2025-05-28 15:17:11,048 [main] INFO  om.OzoneManager (OzoneManager.java:instantiateServices(914)) - S3 Multi-Tenancy is disabled
2025-05-28 15:17:11,077 [main] INFO  om.OmSnapshotManager (OmSnapshotManager.java:<init>(187)) - Ozone filesystem snapshot feature is enabled.
2025-05-28 15:17:11,088 [main] WARN  server.ServerUtils (ServerUtils.java:getDBPath(292)) - ozone.om.snapshot.diff.db.dir is not configured. We recommend adding this setting. Falling back to ozone.metadata.dirs instead.
2025-05-28 15:17:11,178 [main] INFO  om.OzoneManager (OzoneManager.java:addS3GVolumeToDB(4664)) - Created Volume s3v With Owner runner required for S3Gateway operations.
2025-05-28 15:17:11,242 [main] WARN  server.ServerUtils (ServerUtils.java:getDefaultRatisDirectory(304)) - Storage directory for Ratis is not configured. It is a good idea to map this to an SSD disk. Falling back to ozone.metadata.dirs
2025-05-28 15:17:11,242 [main] WARN  utils.OzoneManagerRatisUtils (OzoneManagerRatisUtils.java:getOMRatisSnapshotDirectory(488)) - ozone.om.ratis.snapshot.dir is not configured. Falling back to ozone.metadata.dirs config
2025-05-28 15:17:11,247 [main] WARN  dropwizard3.Dm3MetricRegistriesImpl (Dm3MetricRegistriesImpl.java:addReporterRegistration(114)) - New reporters are added after registries were created. Some metrics will be missing from the reporter. Please add reporter before adding any new registry.
2025-05-28 15:17:11,247 [main] WARN  dropwizard3.Dm3MetricRegistriesImpl (Dm3MetricRegistriesImpl.java:addReporterRegistration(114)) - New reporters are added after registries were created. Some metrics will be missing from the reporter. Please add reporter before adding any new registry.
2025-05-28 15:17:11,247 [main] WARN  server.ServerUtils (ServerUtils.java:getDefaultRatisDirectory(304)) - Storage directory for Ratis is not configured. It is a good idea to map this to an SSD disk. Falling back to ozone.metadata.dirs
2025-05-28 15:17:11,248 [main] INFO  server.RaftServerConfigKeys (ConfUtils.java:logGet(46)) - raft.server.log.appender.buffer.byte-limit = 4194304 (custom)
2025-05-28 15:17:11,251 [main] INFO  ratis.OzoneManagerRatisServer (OzoneManagerRatisServer.java:<init>(167)) - Instantiating OM Ratis server with groupID: omServiceIdDefault and peers: localhost:15009
2025-05-28 15:17:11,257 [main] INFO  ratis.OzoneManagerStateMachine (OzoneManagerStateMachine.java:loadSnapshotInfoFromDB(618)) - TransactionInfo not found in OM DB.
2025-05-28 15:17:11,300 [main] INFO  server.RaftServer (ConfUtils.java:logGet(46)) - raft.rpc.type = GRPC (default)
2025-05-28 15:17:11,300 [main] INFO  grpc.GrpcConfigKeys (ConfUtils.java:logFallback(53)) - raft.grpc.admin.host = null (fallback to raft.grpc.server.host)
2025-05-28 15:17:11,300 [main] INFO  grpc.GrpcConfigKeys (ConfUtils.java:logFallback(53)) - raft.grpc.admin.port = 15009 (fallback to raft.grpc.server.port)
2025-05-28 15:17:11,301 [main] INFO  grpc.GrpcConfigKeys (ConfUtils.java:logFallback(53)) - raft.grpc.client.host = null (fallback to raft.grpc.server.host)
2025-05-28 15:17:11,301 [main] INFO  grpc.GrpcConfigKeys (ConfUtils.java:logFallback(53)) - raft.grpc.client.port = 15009 (fallback to raft.grpc.server.port)
2025-05-28 15:17:11,301 [main] INFO  grpc.GrpcConfigKeys (ConfUtils.java:logGet(46)) - raft.grpc.server.host = null (default)
2025-05-28 15:17:11,301 [main] INFO  grpc.GrpcConfigKeys (ConfUtils.java:logGet(46)) - raft.grpc.server.port = 15009 (custom)
2025-05-28 15:17:11,302 [main] INFO  server.GrpcService (ConfUtils.java:logGet(46)) - raft.grpc.message.size.max = 5242880 (custom)
2025-05-28 15:17:11,302 [main] INFO  server.GrpcService (ConfUtils.java:logGet(46)) - raft.grpc.flow.control.window = 1MB (=1048576) (default)
2025-05-28 15:17:11,302 [main] INFO  server.RaftServerConfigKeys (ConfUtils.java:logGet(46)) - raft.server.rpc.request.timeout = 3000ms (default)
2025-05-28 15:17:11,302 [main] INFO  grpc.GrpcConfigKeys (ConfUtils.java:logGet(46)) - raft.grpc.server.heartbeat.channel = true (default)
2025-05-28 15:17:11,302 [main] INFO  server.RaftServerConfigKeys (ConfUtils.java:logGet(46)) - raft.server.log.appender.buffer.byte-limit = 4194304 (custom)
2025-05-28 15:17:11,302 [main] INFO  grpc.GrpcConfigKeys (ConfUtils.java:logGet(46)) - raft.grpc.server.async.request.thread.pool.cached = true (default)
2025-05-28 15:17:11,302 [main] INFO  grpc.GrpcConfigKeys (ConfUtils.java:logGet(46)) - raft.grpc.server.async.request.thread.pool.size = 32 (default)
2025-05-28 15:17:11,304 [main] INFO  impl.DataStreamServerImpl (ConfUtils.java:logGet(46)) - raft.datastream.type = DISABLED (default)
2025-05-28 15:17:11,304 [main] INFO  server.RaftServerConfigKeys (ConfUtils.java:logGet(46)) - raft.server.sleep.deviation.threshold = 300ms (default)
2025-05-28 15:17:11,304 [main] INFO  server.RaftServerConfigKeys (ConfUtils.java:logGet(46)) - raft.server.close.threshold = 60s (default)
2025-05-28 15:17:11,304 [main] INFO  server.RaftServerConfigKeys (ConfUtils.java:logGet(46)) - raft.server.leaderelection.leader.step-down.wait-time = 10s (default)
2025-05-28 15:17:11,304 [main] INFO  server.RaftServerConfigKeys (ConfUtils.java:logGet(46)) - raft.server.storage.dir = [/home/runner/work/ozone/ozone/hadoop-ozone/integration-test/target/test-dir/MiniOzoneClusterImpl-723737d7-d862-4a19-a51f-6b1567aa62b1/ozone-meta/ratis] (custom)
2025-05-28 15:17:11,305 [main] INFO  server.RaftServerConfigKeys (ConfUtils.java:logGet(46)) - raft.server.threadpool.proxy.cached = true (default)
2025-05-28 15:17:11,305 [main] INFO  server.RaftServerConfigKeys (ConfUtils.java:logGet(46)) - raft.server.threadpool.proxy.size = 0 (default)
2025-05-28 15:17:11,306 [main] INFO  server.RaftServer (RaftServerProxy.java:addNew(100)) - om1: addNew group-C5BA1605619E:[om1|localhost:15009] returns group-C5BA1605619E:java.util.concurrent.CompletableFuture@2e26841f[Not completed]
2025-05-28 15:17:11,306 [main] INFO  om.OzoneManager (OzoneManager.java:initializeRatisServer(2294)) - OzoneManager Ratis server initialized at port 15009
2025-05-28 15:17:11,307 [om1-groupManagement] INFO  server.RaftServer$Division (RaftServerImpl.java:<init>(255)) - om1: new RaftServerImpl for group-C5BA1605619E:[om1|localhost:15009] with OzoneManagerStateMachine:uninitialized
2025-05-28 15:17:11,308 [om1-groupManagement] INFO  server.RaftServerConfigKeys (ConfUtils.java:logGet(46)) - raft.server.rpc.timeout.min = 1s (custom)
2025-05-28 15:17:11,308 [om1-groupManagement] INFO  server.RaftServerConfigKeys (ConfUtils.java:logGet(46)) - raft.server.rpc.timeout.max = 1200ms (custom)
2025-05-28 15:17:11,308 [om1-groupManagement] INFO  server.RaftServerConfigKeys (ConfUtils.java:logGet(46)) - raft.server.rpc.sleep.time = 25ms (default)
2025-05-28 15:17:11,308 [om1-groupManagement] INFO  server.RaftServerConfigKeys (ConfUtils.java:logGet(46)) - raft.server.rpc.slowness.timeout = 120s (custom)
2025-05-28 15:17:11,308 [om1-groupManagement] INFO  server.RaftServerConfigKeys (ConfUtils.java:logGet(46)) - raft.server.leaderelection.leader.step-down.wait-time = 10s (default)
2025-05-28 15:17:11,308 [om1-groupManagement] INFO  server.RaftServerConfigKeys (ConfUtils.java:logGet(46)) - raft.server.leaderelection.member.majority-add = false (default)
2025-05-28 15:17:11,308 [om1-groupManagement] INFO  server.RaftServerConfigKeys (ConfUtils.java:logGet(46)) - raft.server.sleep.deviation.threshold = 300ms (default)
2025-05-28 15:17:11,308 [om1-groupManagement] INFO  server.RaftServer$Division (ServerState.java:<init>(114)) - om1@group-C5BA1605619E: ConfigurationManager, init=conf: {index: -1, cur=peers:[om1|localhost:15009]|listeners:[], old=null}, confs=<EMPTY_MAP>
2025-05-28 15:17:11,309 [om1-groupManagement] INFO  server.RaftServerConfigKeys (ConfUtils.java:logGet(46)) - raft.server.notification.no-leader.timeout = 120s (custom)
2025-05-28 15:17:11,309 [om1-groupManagement] INFO  server.RaftServerConfigKeys (ConfUtils.java:logGet(46)) - raft.server.read.timeout = 10s (default)
2025-05-28 15:17:11,309 [om1-groupManagement] INFO  server.RaftServerConfigKeys (ConfUtils.java:logGet(46)) - raft.server.retrycache.expirytime = 300s (custom)
2025-05-28 15:17:11,309 [om1-groupManagement] INFO  server.RaftServerConfigKeys (ConfUtils.java:logGet(46)) - raft.server.retrycache.statistics.expirytime = 100ms (default)
2025-05-28 15:17:11,309 [om1-groupManagement] INFO  server.RaftServerConfigKeys (ConfUtils.java:logGet(46)) - raft.server.read.option = DEFAULT (default)
2025-05-28 15:17:11,309 [om1-groupManagement] INFO  server.RaftServerConfigKeys (ConfUtils.java:logGet(46)) - raft.server.read.read-after-write-consistent.write-index-cache.expiry-time = 60s (default)
2025-05-28 15:17:11,316 [main] INFO  om.OzoneManager (OzoneManager.java:getRpcServer(1350)) - Creating RPC Server
2025-05-28 15:17:11,318 [om1-groupManagement] INFO  server.RaftServerConfigKeys (ConfUtils.java:logGet(46)) - raft.server.rpc.request.timeout = 3000ms (default)
2025-05-28 15:17:11,320 [om1-groupManagement] INFO  server.RaftServerConfigKeys (ConfUtils.java:logGet(46)) - raft.server.log.appender.install.snapshot.enabled = false (custom)
2025-05-28 15:17:11,320 [om1-groupManagement] INFO  server.RaftServerConfigKeys (ConfUtils.java:logGet(46)) - raft.server.threadpool.server.cached = true (default)
2025-05-28 15:17:11,320 [om1-groupManagement] INFO  server.RaftServerConfigKeys (ConfUtils.java:logGet(46)) - raft.server.threadpool.server.size = 0 (default)
2025-05-28 15:17:11,321 [om1-groupManagement] INFO  server.RaftServerConfigKeys (ConfUtils.java:logGet(46)) - raft.server.threadpool.client.cached = true (default)
2025-05-28 15:17:11,321 [om1-groupManagement] INFO  server.RaftServerConfigKeys (ConfUtils.java:logGet(46)) - raft.server.threadpool.client.size = 0 (default)
2025-05-28 15:17:12,112 [main] INFO  reflections.Reflections (Reflections.java:scan(219)) - Reflections took 741 ms to scan 24 urls, producing 60 keys and 7548 values
2025-05-28 15:17:12,281 [main] INFO  ipc.CallQueueManager (CallQueueManager.java:<init>(93)) - Using callQueue: class java.util.concurrent.LinkedBlockingQueue, queueCapacity: 2000, scheduler: class org.apache.hadoop.ipc.DefaultRpcScheduler, ipcBackoff: false, ipcFailOver: false.
2025-05-28 15:17:12,282 [main] INFO  ipc.Server (Server.java:<init>(1438)) - Listener at 127.0.0.1:15006
2025-05-28 15:17:12,283 [Socket Reader #1 for port 15006] INFO  ipc.Server (Server.java:run(1474)) - Starting Socket Reader #1 for port 15006
2025-05-28 15:17:12,283 [Socket Reader #2 for port 15006] INFO  ipc.Server (Server.java:run(1474)) - Starting Socket Reader #2 for port 15006
2025-05-28 15:17:12,283 [Socket Reader #3 for port 15006] INFO  ipc.Server (Server.java:run(1474)) - Starting Socket Reader #3 for port 15006
2025-05-28 15:17:12,283 [Socket Reader #4 for port 15006] INFO  ipc.Server (Server.java:run(1474)) - Starting Socket Reader #4 for port 15006
2025-05-28 15:17:12,284 [Socket Reader #5 for port 15006] INFO  ipc.Server (Server.java:run(1474)) - Starting Socket Reader #5 for port 15006
2025-05-28 15:17:12,284 [Socket Reader #6 for port 15006] INFO  ipc.Server (Server.java:run(1474)) - Starting Socket Reader #6 for port 15006
2025-05-28 15:17:12,284 [Socket Reader #7 for port 15006] INFO  ipc.Server (Server.java:run(1474)) - Starting Socket Reader #7 for port 15006
2025-05-28 15:17:12,285 [Socket Reader #8 for port 15006] INFO  ipc.Server (Server.java:run(1474)) - Starting Socket Reader #8 for port 15006
2025-05-28 15:17:12,285 [Socket Reader #9 for port 15006] INFO  ipc.Server (Server.java:run(1474)) - Starting Socket Reader #9 for port 15006
2025-05-28 15:17:12,285 [Socket Reader #10 for port 15006] INFO  ipc.Server (Server.java:run(1474)) - Starting Socket Reader #10 for port 15006
2025-05-28 15:17:12,318 [main] INFO  impl.MetricsSystemImpl (MetricsSystemImpl.java:init(158)) - OzoneManager metrics system started (again)
2025-05-28 15:17:12,336 [main] INFO  om.OzoneManager (OzoneManager.java:start(1778)) - OzoneManager RPC server is listening at localhost/127.0.0.1:15006
2025-05-28 15:17:12,337 [main] INFO  ratis.OzoneManagerRatisServer (OzoneManagerRatisServer.java:start(628)) - Starting OzoneManagerRatisServer om1 at port 15009
2025-05-28 15:17:12,338 [om1-impl-thread1] INFO  server.RaftServerConfigKeys (ConfUtils.java:logGet(46)) - raft.server.storage.free-space.min = 0MB (=0) (default)
2025-05-28 15:17:12,338 [om1-impl-thread1] INFO  server.RaftServerConfigKeys (ConfUtils.java:logGet(46)) - raft.server.log.corruption.policy = EXCEPTION (default)
2025-05-28 15:17:12,338 [om1-impl-thread1] INFO  server.RaftServerConfigKeys (ConfUtils.java:logGet(46)) - raft.server.storage.dir = [/home/runner/work/ozone/ozone/hadoop-ozone/integration-test/target/test-dir/MiniOzoneClusterImpl-723737d7-d862-4a19-a51f-6b1567aa62b1/ozone-meta/ratis] (custom)
2025-05-28 15:17:12,338 [om1-impl-thread1] INFO  storage.RaftStorageDirectory (RaftStorageDirectoryImpl.java:analyzeStorage(138)) - The storage directory /home/runner/work/ozone/ozone/hadoop-ozone/integration-test/target/test-dir/MiniOzoneClusterImpl-723737d7-d862-4a19-a51f-6b1567aa62b1/ozone-meta/ratis/bf265839-605b-3f16-9796-c5ba1605619e does not exist. Creating ...
2025-05-28 15:17:12,340 [om1-impl-thread1] INFO  storage.RaftStorageDirectory (RaftStorageDirectoryImpl.java:tryLock(229)) - Lock on /home/runner/work/ozone/ozone/hadoop-ozone/integration-test/target/test-dir/MiniOzoneClusterImpl-723737d7-d862-4a19-a51f-6b1567aa62b1/ozone-meta/ratis/bf265839-605b-3f16-9796-c5ba1605619e/in_use.lock acquired by nodename 72973@localhost
2025-05-28 15:17:12,343 [om1-impl-thread1] INFO  storage.RaftStorage (RaftStorageImpl.java:format(98)) - Storage directory /home/runner/work/ozone/ozone/hadoop-ozone/integration-test/target/test-dir/MiniOzoneClusterImpl-723737d7-d862-4a19-a51f-6b1567aa62b1/ozone-meta/ratis/bf265839-605b-3f16-9796-c5ba1605619e has been successfully formatted.
2025-05-28 15:17:12,343 [om1-impl-thread1] INFO  ratis.OzoneManagerStateMachine (OzoneManagerStateMachine.java:lambda$0(138)) - om1: initialize group-C5BA1605619E with (t:0, i:~)
2025-05-28 15:17:12,343 [om1-impl-thread1] INFO  server.RaftServerConfigKeys (ConfUtils.java:logGet(46)) - raft.server.log.use.memory = false (default)
2025-05-28 15:17:12,344 [om1-impl-thread1] INFO  server.RaftServerConfigKeys (ConfUtils.java:logGet(46)) - raft.server.log.purge.gap = 1000000 (custom)
2025-05-28 15:17:12,344 [om1-impl-thread1] INFO  server.RaftServerConfigKeys (ConfUtils.java:logGet(46)) - raft.server.log.appender.buffer.byte-limit = 4194304 (custom)
2025-05-28 15:17:12,344 [om1-impl-thread1] INFO  server.RaftServerConfigKeys (ConfUtils.java:logGet(46)) - raft.server.log.statemachine.data.read.timeout = 1000ms (default)
2025-05-28 15:17:12,345 [om1-impl-thread1] INFO  server.RaftServerConfigKeys (ConfUtils.java:logGet(46)) - raft.server.log.purge.preservation.log.num = 0 (default)
2025-05-28 15:17:12,347 [om1-impl-thread1] INFO  server.RaftServerConfigKeys (ConfUtils.java:logGet(46)) - raft.server.log.segment.size.max = 4194304 (custom)
2025-05-28 15:17:12,348 [om1-impl-thread1] INFO  server.RaftServerConfigKeys (ConfUtils.java:logGet(46)) - raft.server.log.segment.cache.num.max = 2 (custom)
2025-05-28 15:17:12,348 [om1-impl-thread1] INFO  server.RaftServerConfigKeys (ConfUtils.java:logGet(46)) - raft.server.log.segment.cache.size.max = 200MB (=209715200) (default)
2025-05-28 15:17:12,348 [om1-impl-thread1] INFO  server.RaftServerConfigKeys (ConfUtils.java:logGet(46)) - raft.server.log.appender.buffer.byte-limit = 4194304 (custom)
2025-05-28 15:17:12,348 [om1-impl-thread1] INFO  util.AwaitToRun (AwaitToRun.java:start(81)) - Thread[#469,om1@group-C5BA1605619E-cacheEviction-AwaitToRun,5,main] started
2025-05-28 15:17:12,348 [om1-impl-thread1] INFO  segmented.SegmentedRaftLogWorker (SegmentedRaftLogWorker.java:<init>(188)) - new om1@group-C5BA1605619E-SegmentedRaftLogWorker for RaftStorageImpl:Storage Directory /home/runner/work/ozone/ozone/hadoop-ozone/integration-test/target/test-dir/MiniOzoneClusterImpl-723737d7-d862-4a19-a51f-6b1567aa62b1/ozone-meta/ratis/bf265839-605b-3f16-9796-c5ba1605619e
2025-05-28 15:17:12,349 [om1-impl-thread1] INFO  server.RaftServerConfigKeys (ConfUtils.java:logGet(46)) - raft.server.log.queue.byte-limit = 64MB (=67108864) (default)
2025-05-28 15:17:12,349 [om1-impl-thread1] INFO  server.RaftServerConfigKeys (ConfUtils.java:logGet(46)) - raft.server.log.queue.element-limit = 4096 (default)
2025-05-28 15:17:12,349 [om1-impl-thread1] INFO  server.RaftServerConfigKeys (ConfUtils.java:logGet(46)) - raft.server.log.segment.size.max = 4194304 (custom)
2025-05-28 15:17:12,349 [om1-impl-thread1] INFO  server.RaftServerConfigKeys (ConfUtils.java:logGet(46)) - raft.server.log.preallocated.size = 4194304 (custom)
2025-05-28 15:17:12,349 [om1-impl-thread1] INFO  server.RaftServerConfigKeys (ConfUtils.java:logGet(46)) - raft.server.log.force.sync.num = 128 (default)
2025-05-28 15:17:12,349 [om1-impl-thread1] INFO  server.RaftServerConfigKeys (ConfUtils.java:logGet(46)) - raft.server.log.statemachine.data.sync = true (default)
2025-05-28 15:17:12,349 [om1-impl-thread1] INFO  server.RaftServerConfigKeys (ConfUtils.java:logGet(46)) - raft.server.log.statemachine.data.sync.timeout = 10s (default)
2025-05-28 15:17:12,349 [om1-impl-thread1] INFO  server.RaftServerConfigKeys (ConfUtils.java:logGet(46)) - raft.server.log.statemachine.data.sync.timeout.retry = -1 (default)
2025-05-28 15:17:12,350 [om1-impl-thread1] INFO  server.RaftServerConfigKeys (ConfUtils.java:logGet(46)) - raft.server.log.write.buffer.size = 4194312 (custom)
2025-05-28 15:17:12,351 [om1-impl-thread1] INFO  server.RaftServerConfigKeys (ConfUtils.java:logGet(46)) - raft.server.log.appender.buffer.byte-limit = 4194304 (custom)
2025-05-28 15:17:12,351 [om1-impl-thread1] INFO  server.RaftServerConfigKeys (ConfUtils.java:logGet(46)) - raft.server.log.unsafe-flush.enabled = false (default)
2025-05-28 15:17:12,351 [om1-impl-thread1] INFO  server.RaftServerConfigKeys (ConfUtils.java:logGet(46)) - raft.server.log.async-flush.enabled = false (default)
2025-05-28 15:17:12,351 [om1-impl-thread1] INFO  server.RaftServerConfigKeys (ConfUtils.java:logGet(46)) - raft.server.log.statemachine.data.caching.enabled = false (default)
2025-05-28 15:17:12,351 [om1-impl-thread1] INFO  segmented.SegmentedRaftLogWorker (SegmentedRaftLogWorker.java:lambda$new$0(139)) - om1@group-C5BA1605619E-SegmentedRaftLogWorker: flushIndex: setUnconditionally 0 -> -1
2025-05-28 15:17:12,352 [om1-impl-thread1] INFO  segmented.SegmentedRaftLogWorker (SegmentedRaftLogWorker.java:lambda$new$0(139)) - om1@group-C5BA1605619E-SegmentedRaftLogWorker: safeCacheEvictIndex: setUnconditionally 0 -> -1
2025-05-28 15:17:12,352 [om1-impl-thread1] INFO  server.RaftServer$Division (RaftServerImpl.java:start(391)) - om1@group-C5BA1605619E: start as a follower, conf=conf: {index: -1, cur=peers:[om1|localhost:15009]|listeners:[], old=null}
2025-05-28 15:17:12,352 [om1-impl-thread1] INFO  server.RaftServer$Division (RaftServerImpl.java:setRole(378)) - om1@group-C5BA1605619E: changes role from      null to FOLLOWER at term 0 for startAsFollower
2025-05-28 15:17:12,352 [om1-impl-thread1] INFO  impl.RoleInfo (RoleInfo.java:updateAndGet(148)) - om1: start om1@group-C5BA1605619E-FollowerState
2025-05-28 15:17:12,353 [om1@group-C5BA1605619E-FollowerState] INFO  server.RaftServerConfigKeys (ConfUtils.java:logFallback(53)) - raft.server.rpc.first-election.timeout.min = 1s (fallback to raft.server.rpc.timeout.min)
2025-05-28 15:17:12,353 [om1@group-C5BA1605619E-FollowerState] INFO  server.RaftServerConfigKeys (ConfUtils.java:logFallback(53)) - raft.server.rpc.first-election.timeout.max = 1200ms (fallback to raft.server.rpc.timeout.max)
2025-05-28 15:17:12,353 [om1-impl-thread1] INFO  util.JmxRegister (JmxRegister.java:tryRegister(44)) - Successfully registered JMX Bean with object name Ratis:service=RaftServer,group=group-C5BA1605619E,id=om1
2025-05-28 15:17:12,353 [om1-impl-thread1] INFO  util.JmxRegister (JmxRegister.java:register(58)) - register mxBean class org.apache.ratis.server.impl.RaftServerJmxAdapter as Ratis:service=RaftServer,group=group-C5BA1605619E,id=om1
2025-05-28 15:17:12,353 [om1-impl-thread1] INFO  server.RaftServerConfigKeys (ConfUtils.java:logGet(46)) - raft.server.snapshot.trigger-when-stop.enabled = true (default)
2025-05-28 15:17:12,354 [om1-impl-thread1] INFO  server.RaftServerConfigKeys (ConfUtils.java:logGet(46)) - raft.server.snapshot.trigger-when-remove.enabled = true (default)
2025-05-28 15:17:12,354 [om1-impl-thread1] INFO  server.RaftServerConfigKeys (ConfUtils.java:logGet(46)) - raft.server.snapshot.auto.trigger.enabled = true (custom)
2025-05-28 15:17:12,354 [om1-impl-thread1] INFO  server.RaftServerConfigKeys (ConfUtils.java:logGet(46)) - raft.server.snapshot.auto.trigger.threshold = 400000 (default)
2025-05-28 15:17:12,354 [om1-impl-thread1] INFO  server.RaftServerConfigKeys (ConfUtils.java:logGet(46)) - raft.server.snapshot.retention.file.num = -1 (default)
2025-05-28 15:17:12,354 [om1-impl-thread1] INFO  server.RaftServerConfigKeys (ConfUtils.java:logGet(46)) - raft.server.log.purge.upto.snapshot.index = true (custom)
2025-05-28 15:17:12,355 [om1-impl-thread1] INFO  server.RaftServer$Division (RaftServerImpl.java:start(405)) - om1@group-C5BA1605619E: Successfully started.
2025-05-28 15:17:12,356 [main] INFO  server.RaftServer (RaftServerProxy.java:startImpl(407)) - om1: start RPC server
2025-05-28 15:17:12,357 [main] INFO  server.GrpcService (GrpcService.java:startImpl(334)) - om1: GrpcService started, listening on 15009
2025-05-28 15:17:12,358 [main] INFO  om.OzoneManager (OzoneManager.java:start(1793)) - Version File has different layout version (8) than OM DB (null). That is expected if this OM has never been finalized to a newer layout version.
2025-05-28 15:17:12,359 [JvmPauseMonitor2] INFO  util.JvmPauseMonitor (JvmPauseMonitor.java:run(146)) - JvmPauseMonitor-om1: Started
2025-05-28 15:17:12,376 [main] INFO  client.ScmTopologyClient (ScmTopologyClient.java:start(70)) - Initial network topology fetched from SCM: /.
2025-05-28 15:17:12,377 [main] INFO  net.NodeSchemaLoader (NodeSchemaLoader.java:loadSchemaFromFile(128)) - Loading schema from [jar:file:/home/runner/work/ozone/ozone/hadoop-hdds/common/target/hdds-common-2.1.0-SNAPSHOT.jar!/network-topology-default.xml]
2025-05-28 15:17:12,377 [main] INFO  net.NodeSchemaLoader (NodeSchemaLoader.java:loadSchema(175)) - Loading network topology layer schema file
2025-05-28 15:17:12,396 [main] INFO  http.BaseHttpServer (BaseHttpServer.java:newHttpServer2BuilderForOzone(229)) - Starting Web-server for ozoneManager at: http://0.0.0.0:15007
2025-05-28 15:17:12,397 [main] INFO  http.BaseHttpServer (BaseHttpServer.java:<init>(107)) - Hadoop Security Enabled: false Ozone Security Enabled: false Ozone HTTP Security Enabled: false 
2025-05-28 15:17:12,398 [main] WARN  server.AuthenticationFilter (AuthenticationFilter.java:constructSecretProvider(240)) - Unable to initialize FileSignerSecretProvider, falling back to use random secrets. Reason: Could not read signature secret file: /home/runner/hadoop-http-auth-signature-secret
2025-05-28 15:17:12,402 [main] INFO  http.HttpServer2 (HttpServer2.java:addGlobalFilter(1042)) - Added global filter 'safety' (class=org.apache.hadoop.hdds.server.http.HttpServer2$QuotingInputFilter)
2025-05-28 15:17:12,403 [main] INFO  http.HttpServer2 (HttpServer2.java:addFilter(1018)) - Added filter static_user_filter (class=org.apache.hadoop.http.lib.StaticUserWebFilter$StaticUserFilter) to context ozoneManager
2025-05-28 15:17:12,403 [main] INFO  http.HttpServer2 (HttpServer2.java:addFilter(1026)) - Added filter static_user_filter (class=org.apache.hadoop.http.lib.StaticUserWebFilter$StaticUserFilter) to context static
2025-05-28 15:17:12,403 [main] INFO  http.HttpServer2 (HttpServer2.java:addFilter(1026)) - Added filter static_user_filter (class=org.apache.hadoop.http.lib.StaticUserWebFilter$StaticUserFilter) to context logs
2025-05-28 15:17:12,404 [main] INFO  http.BaseHttpServer (BaseHttpServer.java:<init>(195)) - HTTP server of ozoneManager uses base directory /home/runner/work/ozone/ozone/hadoop-ozone/integration-test/target/test-dir/MiniOzoneClusterImpl-723737d7-d862-4a19-a51f-6b1567aa62b1/ozone-meta/webserver
2025-05-28 15:17:12,407 [main] INFO  http.HttpServer2 (HttpServer2.java:bindListener(1242)) - Jetty bound to port 15007
2025-05-28 15:17:12,407 [main] INFO  server.Server (Server.java:doStart(375)) - jetty-9.4.57.v20241219; built: 2025-01-08T21:24:30.412Z; git: df524e6b29271c2e09ba9aea83c18dc9db464a31; jvm 21.0.7+6-LTS
2025-05-28 15:17:12,409 [main] INFO  server.session (DefaultSessionIdManager.java:doStart(334)) - DefaultSessionIdManager workerName=node0
2025-05-28 15:17:12,409 [main] INFO  server.session (DefaultSessionIdManager.java:doStart(339)) - No SessionScavenger set, using defaults
2025-05-28 15:17:12,409 [main] INFO  server.session (HouseKeeper.java:startScavenging(132)) - node0 Scavenging every 600000ms
2025-05-28 15:17:12,410 [main] INFO  handler.ContextHandler (ContextHandler.java:doStart(921)) - Started o.e.j.s.ServletContextHandler@5f851718{logs,/logs,file:///home/runner/work/ozone/ozone/hadoop-ozone/integration-test/target/log,AVAILABLE}
2025-05-28 15:17:12,411 [main] INFO  handler.ContextHandler (ContextHandler.java:doStart(921)) - Started o.e.j.s.ServletContextHandler@36ebd261{static,/static,file:///home/runner/work/ozone/ozone/hadoop-ozone/integration-test/target/test-classes/webapps/static,AVAILABLE}
2025-05-28 15:17:12,421 [main] INFO  handler.ContextHandler (ContextHandler.java:doStart(921)) - Started o.e.j.w.WebAppContext@3f79660e{ozoneManager,/,file:///home/runner/work/ozone/ozone/hadoop-ozone/integration-test/target/test-classes/webapps/ozoneManager/,AVAILABLE}{file:/home/runner/work/ozone/ozone/hadoop-ozone/integration-test/target/test-classes/webapps/ozoneManager}
2025-05-28 15:17:12,422 [main] INFO  server.AbstractConnector (AbstractConnector.java:doStart(333)) - Started ServerConnector@6e886e25{HTTP/1.1, (http/1.1)}{0.0.0.0:15007}
2025-05-28 15:17:12,422 [main] INFO  server.Server (Server.java:doStart(415)) - Started @11122ms
2025-05-28 15:17:12,422 [main] WARN  impl.MetricsSystemImpl (MetricsSystemImpl.java:register(279)) - Sink prometheus already exists!
2025-05-28 15:17:12,422 [main] INFO  http.BaseHttpServer (BaseHttpServer.java:updateConnectorAddress(359)) - HTTP server of ozoneManager listening at http://localhost:15007
2025-05-28 15:17:12,423 [IPC Server Responder] INFO  ipc.Server (Server.java:run(1713)) - IPC Server Responder: starting
2025-05-28 15:17:12,423 [IPC Server listener on 15006] INFO  ipc.Server (Server.java:run(1553)) - IPC Server listener on 15006: starting
2025-05-28 15:17:12,425 [main] INFO  om.OzoneManager (OzoneManager.java:startTrashEmptier(2248)) - Trash Interval set to 0. Files deleted won't move to trash
2025-05-28 15:17:12,439 [main] INFO  db.CodecBuffer (CodecBuffer.java:set(85)) - Successfully set constructor to LeakDetector::newCodecBuffer: org.apache.hadoop.hdds.utils.db.CodecBuffer$$Lambda/0x00007fe9047bf340@62cf8fda
2025-05-28 15:17:12,510 [main] WARN  dropwizard3.Dm3MetricRegistriesImpl (Dm3MetricRegistriesImpl.java:addReporterRegistration(114)) - New reporters are added after registries were created. Some metrics will be missing from the reporter. Please add reporter before adding any new registry.
2025-05-28 15:17:12,510 [main] WARN  dropwizard3.Dm3MetricRegistriesImpl (Dm3MetricRegistriesImpl.java:addReporterRegistration(114)) - New reporters are added after registries were created. Some metrics will be missing from the reporter. Please add reporter before adding any new registry.
2025-05-28 15:17:12,510 [main] INFO  impl.MetricsSystemImpl (MetricsSystemImpl.java:init(158)) - HddsDatanode metrics system started (again)
2025-05-28 15:17:12,534 [main] INFO  protocol.DatanodeDetails (DatanodeDetails.java:validateDatanodeIpAddress(199)) - Updating IP address of datanode 4795f679-20b5-4d5a-9a13-c70766a2a14f(localhost/null) to 127.0.0.1
2025-05-28 15:17:12,534 [main] INFO  ozone.HddsDatanodeService (HddsDatanodeService.java:start(234)) - HddsDatanodeService 4795f679-20b5-4d5a-9a13-c70766a2a14f(localhost/127.0.0.1)
2025-05-28 15:17:12,540 [main] WARN  statemachine.DatanodeConfiguration (DatanodeConfiguration.java:validateMinFreeSpace(689)) - hdds.datanode.volume.min.free.space.percent = -1.0 is invalid, should be between 0 and 1
2025-05-28 15:17:12,541 [main] INFO  upgrade.AbstractLayoutVersionManager (AbstractLayoutVersionManager.java:init(80)) - Initializing Layout version manager with metadata layout = HBASE_SUPPORT (version = 8), software layout = HBASE_SUPPORT (version = 8)
2025-05-28 15:17:12,543 [main] INFO  statemachine.DatanodeStateMachine (DatanodeStateMachine.java:getEndPointTaskThreadPoolSize(298)) - Datanode State Machine Task Thread Pool size 2
2025-05-28 15:17:12,560 [main] WARN  statemachine.DatanodeConfiguration (DatanodeConfiguration.java:validateMinFreeSpace(689)) - hdds.datanode.volume.min.free.space.percent = -1.0 is invalid, should be between 0 and 1
2025-05-28 15:17:12,564 [main] WARN  statemachine.DatanodeConfiguration (DatanodeConfiguration.java:validateMinFreeSpace(689)) - hdds.datanode.volume.min.free.space.percent = -1.0 is invalid, should be between 0 and 1
2025-05-28 15:17:12,572 [main] WARN  statemachine.DatanodeConfiguration (DatanodeConfiguration.java:validateMinFreeSpace(689)) - hdds.datanode.volume.min.free.space.percent = -1.0 is invalid, should be between 0 and 1
2025-05-28 15:17:12,580 [main] WARN  statemachine.DatanodeConfiguration (DatanodeConfiguration.java:validateMinFreeSpace(689)) - hdds.datanode.volume.min.free.space.percent = -1.0 is invalid, should be between 0 and 1
2025-05-28 15:17:12,588 [main] INFO  volume.HddsVolume (HddsVolume.java:<init>(158)) - HddsVolume: { id=DS-b0b5e1c5-3fcf-4848-932f-191bae030d9f dir=/home/runner/work/ozone/ozone/hadoop-ozone/integration-test/target/test-dir/MiniOzoneClusterImpl-723737d7-d862-4a19-a51f-6b1567aa62b1/ozone-meta/datanode-1/data-0/hdds type=DISK capacity=9222449699674390527 used=0 available=9222449699674390527 minFree=9222450130714624 committed=0 }
2025-05-28 15:17:12,588 [main] INFO  volume.MutableVolumeSet (MutableVolumeSet.java:initializeVolumeSet(166)) - Added Volume : /home/runner/work/ozone/ozone/hadoop-ozone/integration-test/target/test-dir/MiniOzoneClusterImpl-723737d7-d862-4a19-a51f-6b1567aa62b1/ozone-meta/datanode-1/data-0/hdds to VolumeSet
2025-05-28 15:17:12,589 [main] WARN  statemachine.DatanodeConfiguration (DatanodeConfiguration.java:validateMinFreeSpace(689)) - hdds.datanode.volume.min.free.space.percent = -1.0 is invalid, should be between 0 and 1
2025-05-28 15:17:12,591 [main] WARN  statemachine.DatanodeConfiguration (DatanodeConfiguration.java:validateMinFreeSpace(689)) - hdds.datanode.volume.min.free.space.percent = -1.0 is invalid, should be between 0 and 1
2025-05-28 15:17:12,592 [main] INFO  volume.MutableVolumeSet (MutableVolumeSet.java:initializeVolumeSet(166)) - Added Volume : /home/runner/work/ozone/ozone/hadoop-ozone/integration-test/target/test-dir/MiniOzoneClusterImpl-723737d7-d862-4a19-a51f-6b1567aa62b1/ozone-meta/datanode-1/ratis to VolumeSet
2025-05-28 15:17:12,593 [main] WARN  statemachine.DatanodeConfiguration (DatanodeConfiguration.java:validateMinFreeSpace(689)) - hdds.datanode.volume.min.free.space.percent = -1.0 is invalid, should be between 0 and 1
2025-05-28 15:17:12,594 [main] WARN  statemachine.DatanodeConfiguration (DatanodeConfiguration.java:validateMinFreeSpace(689)) - hdds.datanode.volume.min.free.space.percent = -1.0 is invalid, should be between 0 and 1
2025-05-28 15:17:12,596 [main] INFO  ozoneimpl.OzoneContainer (HddsVolumeUtil.java:loadAllHddsVolumeDbStore(102)) - Load 1 volumes DbStore cost: 0ms
2025-05-28 15:17:12,599 [main] WARN  db.DBStoreBuilder (DBStoreBuilder.java:getDBDirPath(160)) - ozone.scm.datanode.id.dir is not configured. We recommend adding this setting. Falling back to ozone.metadata.dirs instead.
2025-05-28 15:17:12,603 [main] WARN  statemachine.DatanodeConfiguration (DatanodeConfiguration.java:validateMinFreeSpace(689)) - hdds.datanode.volume.min.free.space.percent = -1.0 is invalid, should be between 0 and 1
2025-05-28 15:17:12,604 [main] WARN  db.DBStoreBuilder (DBStoreBuilder.java:getDBDirPath(160)) - ozone.scm.datanode.id.dir is not configured. We recommend adding this setting. Falling back to ozone.metadata.dirs instead.
2025-05-28 15:17:12,630 [main] WARN  statemachine.DatanodeConfiguration (DatanodeConfiguration.java:validateMinFreeSpace(689)) - hdds.datanode.volume.min.free.space.percent = -1.0 is invalid, should be between 0 and 1
2025-05-28 15:17:12,634 [main] INFO  impl.FilePerChunkStrategy (FilePerChunkStrategy.java:<init>(79)) - ozone.chunk.read.mapped.buffer.max.count is load with 0
2025-05-28 15:17:12,636 [main] INFO  impl.FilePerBlockStrategy (FilePerBlockStrategy.java:<init>(87)) - ozone.chunk.read.mapped.buffer.max.count is load with 0
2025-05-28 15:17:12,637 [main] WARN  statemachine.DatanodeConfiguration (DatanodeConfiguration.java:validateMinFreeSpace(689)) - hdds.datanode.volume.min.free.space.percent = -1.0 is invalid, should be between 0 and 1
2025-05-28 15:17:12,658 [main] INFO  audit.AuditLogger (AuditLogger.java:refreshDebugCmdSet(133)) - Refresh DebugCmdSet for DNAudit to [].
2025-05-28 15:17:12,671 [main] INFO  server.RaftServerConfigKeys (ConfUtils.java:logGet(46)) - raft.server.log.appender.buffer.byte-limit = 33554432 (custom)
2025-05-28 15:17:12,680 [main] INFO  server.RaftServer (ConfUtils.java:logGet(46)) - raft.rpc.type = GRPC (default)
2025-05-28 15:17:12,680 [main] INFO  grpc.GrpcConfigKeys (ConfUtils.java:logFallback(53)) - raft.grpc.admin.host = null (fallback to raft.grpc.server.host)
2025-05-28 15:17:12,681 [main] INFO  grpc.GrpcConfigKeys (ConfUtils.java:logGet(46)) - raft.grpc.admin.port = 15014 (custom)
2025-05-28 15:17:12,681 [main] INFO  grpc.GrpcConfigKeys (ConfUtils.java:logFallback(53)) - raft.grpc.client.host = null (fallback to raft.grpc.server.host)
2025-05-28 15:17:12,681 [main] INFO  grpc.GrpcConfigKeys (ConfUtils.java:logGet(46)) - raft.grpc.client.port = 15013 (custom)
2025-05-28 15:17:12,681 [main] INFO  grpc.GrpcConfigKeys (ConfUtils.java:logGet(46)) - raft.grpc.server.host = null (default)
2025-05-28 15:17:12,681 [main] INFO  grpc.GrpcConfigKeys (ConfUtils.java:logGet(46)) - raft.grpc.server.port = 15015 (custom)
2025-05-28 15:17:12,681 [main] INFO  server.GrpcService (ConfUtils.java:logGet(46)) - raft.grpc.message.size.max = 34603008 (custom)
2025-05-28 15:17:12,682 [main] INFO  server.GrpcService (ConfUtils.java:logGet(46)) - raft.grpc.flow.control.window = 5MB (=5242880) (custom)
2025-05-28 15:17:12,682 [main] INFO  server.RaftServerConfigKeys (ConfUtils.java:logGet(46)) - raft.server.rpc.request.timeout = 60s (custom)
2025-05-28 15:17:12,682 [main] INFO  grpc.GrpcConfigKeys (ConfUtils.java:logGet(46)) - raft.grpc.server.heartbeat.channel = true (default)
2025-05-28 15:17:12,682 [main] INFO  server.RaftServerConfigKeys (ConfUtils.java:logGet(46)) - raft.server.log.appender.buffer.byte-limit = 33554432 (custom)
2025-05-28 15:17:12,682 [main] INFO  grpc.GrpcConfigKeys (ConfUtils.java:logGet(46)) - raft.grpc.server.async.request.thread.pool.cached = true (default)
2025-05-28 15:17:12,682 [main] INFO  grpc.GrpcConfigKeys (ConfUtils.java:logGet(46)) - raft.grpc.server.async.request.thread.pool.size = 32 (default)
2025-05-28 15:17:12,684 [main] INFO  impl.DataStreamServerImpl (ConfUtils.java:logGet(46)) - raft.datastream.type = NETTY (custom)
2025-05-28 15:17:12,693 [main] INFO  server.RaftServerConfigKeys (ConfUtils.java:logGet(46)) - raft.server.data-stream.async.request.thread.pool.cached = false (default)
2025-05-28 15:17:12,693 [main] INFO  server.RaftServerConfigKeys (ConfUtils.java:logGet(46)) - raft.server.data-stream.async.request.thread.pool.size = 20 (custom)
2025-05-28 15:17:12,693 [main] INFO  server.RaftServerConfigKeys (ConfUtils.java:logGet(46)) - raft.server.data-stream.async.write.thread.pool.size = 16 (default)
2025-05-28 15:17:12,695 [main] INFO  netty.NettyConfigKeys$DataStream (ConfUtils.java:logGet(46)) - raft.netty.dataStream.server.channel.inactive.grace-period = 10min (default)
2025-05-28 15:17:12,696 [main] INFO  server.RaftServerConfigKeys (ConfUtils.java:logGet(46)) - raft.server.data-stream.client.pool.size = 10 (default)
2025-05-28 15:17:12,697 [main] INFO  netty.NettyConfigKeys$DataStream (ConfUtils.java:logGet(46)) - raft.netty.dataStream.server.use-epoll = true (default)
2025-05-28 15:17:12,697 [main] INFO  netty.NettyConfigKeys$DataStream (ConfUtils.java:logGet(46)) - raft.netty.dataStream.server.boss-group.size = 0 (default)
2025-05-28 15:17:12,698 [main] INFO  netty.NettyUtils (NettyUtils.java:newEventLoopGroup(74)) - Create EpollEventLoopGroup for 4795f679-20b5-4d5a-9a13-c70766a2a14f-NettyServerStreamRpc-bossGroup; Thread size is 0.
2025-05-28 15:17:12,698 [main] INFO  netty.NettyConfigKeys$DataStream (ConfUtils.java:logGet(46)) - raft.netty.dataStream.server.worker-group.size = 0 (default)
2025-05-28 15:17:12,698 [main] INFO  netty.NettyUtils (NettyUtils.java:newEventLoopGroup(74)) - Create EpollEventLoopGroup for 4795f679-20b5-4d5a-9a13-c70766a2a14f-NettyServerStreamRpc-workerGroup; Thread size is 0.
2025-05-28 15:17:12,705 [main] INFO  netty.NettyConfigKeys$DataStream (ConfUtils.java:logGet(46)) - raft.netty.dataStream.server.tls.conf = null (default)
2025-05-28 15:17:12,706 [main] INFO  netty.NettyConfigKeys$DataStream (ConfUtils.java:logGet(46)) - raft.netty.dataStream.host = null (default)
2025-05-28 15:17:12,706 [main] INFO  netty.NettyConfigKeys$DataStream (ConfUtils.java:logGet(46)) - raft.netty.dataStream.port = 15016 (custom)
2025-05-28 15:17:12,710 [main] INFO  server.RaftServerConfigKeys (ConfUtils.java:logGet(46)) - raft.server.sleep.deviation.threshold = 300ms (default)
2025-05-28 15:17:12,710 [main] INFO  server.RaftServerConfigKeys (ConfUtils.java:logGet(46)) - raft.server.close.threshold = 60s (default)
2025-05-28 15:17:12,710 [main] INFO  server.RaftServerConfigKeys (ConfUtils.java:logGet(46)) - raft.server.leaderelection.leader.step-down.wait-time = 10s (default)
2025-05-28 15:17:12,711 [main] INFO  server.RaftServerConfigKeys (ConfUtils.java:logGet(46)) - raft.server.storage.dir = [/home/runner/work/ozone/ozone/hadoop-ozone/integration-test/target/test-dir/MiniOzoneClusterImpl-723737d7-d862-4a19-a51f-6b1567aa62b1/ozone-meta/datanode-1/ratis] (custom)
2025-05-28 15:17:12,711 [main] INFO  server.RaftServerConfigKeys (ConfUtils.java:logGet(46)) - raft.server.threadpool.proxy.cached = true (default)
2025-05-28 15:17:12,711 [main] INFO  server.RaftServerConfigKeys (ConfUtils.java:logGet(46)) - raft.server.threadpool.proxy.size = 0 (default)
2025-05-28 15:17:12,712 [4795f679-20b5-4d5a-9a13-c70766a2a14f-impl-thread1] INFO  server.RaftServer (RaftServerProxy.java:initGroupDir(265)) - 4795f679-20b5-4d5a-9a13-c70766a2a14f: found a subdirectory /home/runner/work/ozone/ozone/hadoop-ozone/integration-test/target/test-dir/MiniOzoneClusterImpl-723737d7-d862-4a19-a51f-6b1567aa62b1/ozone-meta/datanode-1/ratis/tmp
2025-05-28 15:17:12,712 [4795f679-20b5-4d5a-9a13-c70766a2a14f-impl-thread1] INFO  server.RaftServer (RaftServerProxy.java:initGroupDir(270)) - 4795f679-20b5-4d5a-9a13-c70766a2a14f: The directory /home/runner/work/ozone/ozone/hadoop-ozone/integration-test/target/test-dir/MiniOzoneClusterImpl-723737d7-d862-4a19-a51f-6b1567aa62b1/ozone-meta/datanode-1/ratis/tmp is not a group directory; ignoring it. 
2025-05-28 15:17:12,714 [main] INFO  replication.ReplicationServer (ReplicationServer.java:<init>(84)) - Initializing replication server with thread count = 10 queue length = 4096
2025-05-28 15:17:12,718 [4795f679-20b5-4d5a-9a13-c70766a2a14f-NettyServerStreamRpc-bossGroup--thread1] INFO  logging.LoggingHandler (AbstractInternalLogger.java:log(148)) - [id: 0x597c4185] REGISTERED
2025-05-28 15:17:12,719 [4795f679-20b5-4d5a-9a13-c70766a2a14f-NettyServerStreamRpc-bossGroup--thread1] INFO  logging.LoggingHandler (AbstractInternalLogger.java:log(148)) - [id: 0x597c4185] BIND: 0.0.0.0/0.0.0.0:15016
2025-05-28 15:17:12,719 [4795f679-20b5-4d5a-9a13-c70766a2a14f-NettyServerStreamRpc-bossGroup--thread1] INFO  logging.LoggingHandler (AbstractInternalLogger.java:log(148)) - [id: 0x597c4185, L:/0.0.0.0:15016] ACTIVE
2025-05-28 15:17:12,732 [main] WARN  statemachine.DatanodeConfiguration (DatanodeConfiguration.java:validateMinFreeSpace(689)) - hdds.datanode.volume.min.free.space.percent = -1.0 is invalid, should be between 0 and 1
2025-05-28 15:17:12,733 [main] INFO  server.XceiverServerGrpc (XceiverServerGrpc.java:<init>(130)) - GrpcServer channel type EpollServerSocketChannel
2025-05-28 15:17:12,747 [main] WARN  statemachine.DatanodeConfiguration (DatanodeConfiguration.java:validateMinFreeSpace(689)) - hdds.datanode.volume.min.free.space.percent = -1.0 is invalid, should be between 0 and 1
2025-05-28 15:17:12,759 [main] INFO  replication.ReplicationSupervisor (ReplicationSupervisor.java:build(169)) - Initializing replication supervisor with thread count = 10
2025-05-28 15:17:12,759 [main] INFO  replication.ReplicationSupervisor (ReplicationSupervisor.java:nodeStateUpdated(358)) - Node state updated to IN_SERVICE, scaling executor pool size to 10
2025-05-28 15:17:12,787 [main] INFO  lib.Interns (Interns.java:removeEldestEntry(50)) - Metrics intern cache overflow at 2011 for MetricsSystem={MetricsSystem=MetricsInfoImpl{name=MetricsSystem, description=MetricsSystem}, MetricsSystem record=MetricsInfoImpl{name=MetricsSystem, description=MetricsSystem record}}
2025-05-28 15:17:12,808 [main] INFO  http.BaseHttpServer (BaseHttpServer.java:newHttpServer2BuilderForOzone(229)) - Starting Web-server for hddsDatanode at: http://0.0.0.0:15010
2025-05-28 15:17:12,809 [main] INFO  http.BaseHttpServer (BaseHttpServer.java:<init>(107)) - Hadoop Security Enabled: false Ozone Security Enabled: false Ozone HTTP Security Enabled: false 
2025-05-28 15:17:12,810 [main] WARN  server.AuthenticationFilter (AuthenticationFilter.java:constructSecretProvider(240)) - Unable to initialize FileSignerSecretProvider, falling back to use random secrets. Reason: Could not read signature secret file: /home/runner/hadoop-http-auth-signature-secret
2025-05-28 15:17:12,814 [main] INFO  http.HttpServer2 (HttpServer2.java:addGlobalFilter(1042)) - Added global filter 'safety' (class=org.apache.hadoop.hdds.server.http.HttpServer2$QuotingInputFilter)
2025-05-28 15:17:12,815 [main] INFO  http.HttpServer2 (HttpServer2.java:addFilter(1018)) - Added filter static_user_filter (class=org.apache.hadoop.http.lib.StaticUserWebFilter$StaticUserFilter) to context hddsDatanode
2025-05-28 15:17:12,815 [main] INFO  http.HttpServer2 (HttpServer2.java:addFilter(1026)) - Added filter static_user_filter (class=org.apache.hadoop.http.lib.StaticUserWebFilter$StaticUserFilter) to context static
2025-05-28 15:17:12,815 [main] INFO  http.HttpServer2 (HttpServer2.java:addFilter(1026)) - Added filter static_user_filter (class=org.apache.hadoop.http.lib.StaticUserWebFilter$StaticUserFilter) to context logs
2025-05-28 15:17:12,816 [main] INFO  http.BaseHttpServer (BaseHttpServer.java:<init>(195)) - HTTP server of hddsDatanode uses base directory /home/runner/work/ozone/ozone/hadoop-ozone/integration-test/target/test-dir/MiniOzoneClusterImpl-723737d7-d862-4a19-a51f-6b1567aa62b1/ozone-meta/datanode-1/meta/webserver
2025-05-28 15:17:12,817 [main] INFO  http.HttpServer2 (HttpServer2.java:bindListener(1242)) - Jetty bound to port 15010
2025-05-28 15:17:12,817 [main] INFO  server.Server (Server.java:doStart(375)) - jetty-9.4.57.v20241219; built: 2025-01-08T21:24:30.412Z; git: df524e6b29271c2e09ba9aea83c18dc9db464a31; jvm 21.0.7+6-LTS
2025-05-28 15:17:12,819 [main] INFO  server.session (DefaultSessionIdManager.java:doStart(334)) - DefaultSessionIdManager workerName=node0
2025-05-28 15:17:12,819 [main] INFO  server.session (DefaultSessionIdManager.java:doStart(339)) - No SessionScavenger set, using defaults
2025-05-28 15:17:12,819 [main] INFO  server.session (HouseKeeper.java:startScavenging(132)) - node0 Scavenging every 600000ms
2025-05-28 15:17:12,820 [main] INFO  handler.ContextHandler (ContextHandler.java:doStart(921)) - Started o.e.j.s.ServletContextHandler@3a3a93b3{logs,/logs,file:///home/runner/work/ozone/ozone/hadoop-ozone/integration-test/target/log,AVAILABLE}
2025-05-28 15:17:12,821 [main] INFO  handler.ContextHandler (ContextHandler.java:doStart(921)) - Started o.e.j.s.ServletContextHandler@1e594828{static,/static,jar:file:/home/runner/work/ozone/ozone/hadoop-hdds/container-service/target/hdds-container-service-2.1.0-SNAPSHOT.jar!/webapps/static,AVAILABLE}
2025-05-28 15:17:12,985 [main] INFO  handler.ContextHandler (ContextHandler.java:doStart(921)) - Started o.e.j.w.WebAppContext@33101686{hddsDatanode,/,file:///home/runner/work/ozone/ozone/hadoop-ozone/integration-test/target/test-dir/MiniOzoneClusterImpl-723737d7-d862-4a19-a51f-6b1567aa62b1/ozone-meta/datanode-1/meta/webserver/jetty-0_0_0_0-15010-hdds-container-service-2_1_0-SNAPSHOT_jar-_-any-10739795383922764534/webapp/,AVAILABLE}{jar:file:/home/runner/work/ozone/ozone/hadoop-hdds/container-service/target/hdds-container-service-2.1.0-SNAPSHOT.jar!/webapps/hddsDatanode}
2025-05-28 15:17:12,986 [main] INFO  server.AbstractConnector (AbstractConnector.java:doStart(333)) - Started ServerConnector@15b810df{HTTP/1.1, (http/1.1)}{0.0.0.0:15010}
2025-05-28 15:17:12,986 [main] INFO  server.Server (Server.java:doStart(415)) - Started @11686ms
2025-05-28 15:17:12,986 [main] WARN  impl.MetricsSystemImpl (MetricsSystemImpl.java:register(279)) - Sink prometheus already exists!
2025-05-28 15:17:12,986 [main] INFO  http.BaseHttpServer (BaseHttpServer.java:updateConnectorAddress(359)) - HTTP server of hddsDatanode listening at http://localhost:15010
2025-05-28 15:17:12,989 [main] INFO  ipc.CallQueueManager (CallQueueManager.java:<init>(93)) - Using callQueue: class java.util.concurrent.LinkedBlockingQueue, queueCapacity: 1000, scheduler: class org.apache.hadoop.ipc.DefaultRpcScheduler, ipcBackoff: false, ipcFailOver: false.
2025-05-28 15:17:12,989 [main] INFO  ipc.Server (Server.java:<init>(1438)) - Listener at 0.0.0.0:15011
2025-05-28 15:17:12,990 [Socket Reader #1 for port 15011] INFO  ipc.Server (Server.java:run(1474)) - Starting Socket Reader #1 for port 15011
2025-05-28 15:17:12,990 [Socket Reader #2 for port 15011] INFO  ipc.Server (Server.java:run(1474)) - Starting Socket Reader #2 for port 15011
2025-05-28 15:17:12,990 [Socket Reader #3 for port 15011] INFO  ipc.Server (Server.java:run(1474)) - Starting Socket Reader #3 for port 15011
2025-05-28 15:17:12,990 [Socket Reader #4 for port 15011] INFO  ipc.Server (Server.java:run(1474)) - Starting Socket Reader #4 for port 15011
2025-05-28 15:17:12,991 [Socket Reader #5 for port 15011] INFO  ipc.Server (Server.java:run(1474)) - Starting Socket Reader #5 for port 15011
2025-05-28 15:17:12,991 [Socket Reader #6 for port 15011] INFO  ipc.Server (Server.java:run(1474)) - Starting Socket Reader #6 for port 15011
2025-05-28 15:17:12,991 [Socket Reader #7 for port 15011] INFO  ipc.Server (Server.java:run(1474)) - Starting Socket Reader #7 for port 15011
2025-05-28 15:17:12,991 [Socket Reader #8 for port 15011] INFO  ipc.Server (Server.java:run(1474)) - Starting Socket Reader #8 for port 15011
2025-05-28 15:17:12,991 [Socket Reader #9 for port 15011] INFO  ipc.Server (Server.java:run(1474)) - Starting Socket Reader #9 for port 15011
2025-05-28 15:17:12,991 [Socket Reader #10 for port 15011] INFO  ipc.Server (Server.java:run(1474)) - Starting Socket Reader #10 for port 15011
2025-05-28 15:17:12,994 [main] INFO  ozone.HddsDatanodeService (HddsDatanodeService.java:start(325)) - Datanode start with admins: [runner]
2025-05-28 15:17:12,994 [main] INFO  ozone.HddsDatanodeClientProtocolServer (HddsDatanodeClientProtocolServer.java:start(76)) - RPC server for Client /0.0.0.0:15011
2025-05-28 15:17:12,994 [IPC Server listener on 15011] INFO  ipc.Server (Server.java:run(1553)) - IPC Server listener on 15011: starting
2025-05-28 15:17:12,994 [IPC Server Responder] INFO  ipc.Server (Server.java:run(1713)) - IPC Server Responder: starting
2025-05-28 15:17:12,997 [main] WARN  dropwizard3.Dm3MetricRegistriesImpl (Dm3MetricRegistriesImpl.java:addReporterRegistration(114)) - New reporters are added after registries were created. Some metrics will be missing from the reporter. Please add reporter before adding any new registry.
2025-05-28 15:17:12,997 [main] WARN  dropwizard3.Dm3MetricRegistriesImpl (Dm3MetricRegistriesImpl.java:addReporterRegistration(114)) - New reporters are added after registries were created. Some metrics will be missing from the reporter. Please add reporter before adding any new registry.
2025-05-28 15:17:12,997 [main] INFO  impl.MetricsSystemImpl (MetricsSystemImpl.java:init(158)) - HddsDatanode metrics system started (again)
2025-05-28 15:17:13,000 [4795f679-20b5-4d5a-9a13-c70766a2a14f-DatanodeStateMachineDaemonThread] INFO  statemachine.DatanodeStateMachine (DatanodeStateMachine.java:startStateMachineThread(340)) - Ozone container server started.
2025-05-28 15:17:13,020 [main] INFO  protocol.DatanodeDetails (DatanodeDetails.java:validateDatanodeIpAddress(199)) - Updating IP address of datanode a755fe32-7d9a-4996-bc51-d7fbc67ab218(localhost/null) to 127.0.0.1
2025-05-28 15:17:13,020 [main] INFO  ozone.HddsDatanodeService (HddsDatanodeService.java:start(234)) - HddsDatanodeService a755fe32-7d9a-4996-bc51-d7fbc67ab218(localhost/127.0.0.1)
2025-05-28 15:17:13,024 [main] WARN  statemachine.DatanodeConfiguration (DatanodeConfiguration.java:validateMinFreeSpace(689)) - hdds.datanode.volume.min.free.space.percent = -1.0 is invalid, should be between 0 and 1
2025-05-28 15:17:13,025 [main] INFO  upgrade.AbstractLayoutVersionManager (AbstractLayoutVersionManager.java:init(80)) - Initializing Layout version manager with metadata layout = HBASE_SUPPORT (version = 8), software layout = HBASE_SUPPORT (version = 8)
2025-05-28 15:17:13,025 [main] INFO  statemachine.DatanodeStateMachine (DatanodeStateMachine.java:getEndPointTaskThreadPoolSize(298)) - Datanode State Machine Task Thread Pool size 2
2025-05-28 15:17:13,027 [main] WARN  statemachine.DatanodeConfiguration (DatanodeConfiguration.java:validateMinFreeSpace(689)) - hdds.datanode.volume.min.free.space.percent = -1.0 is invalid, should be between 0 and 1
2025-05-28 15:17:13,028 [main] WARN  statemachine.DatanodeConfiguration (DatanodeConfiguration.java:validateMinFreeSpace(689)) - hdds.datanode.volume.min.free.space.percent = -1.0 is invalid, should be between 0 and 1
2025-05-28 15:17:13,029 [main] WARN  statemachine.DatanodeConfiguration (DatanodeConfiguration.java:validateMinFreeSpace(689)) - hdds.datanode.volume.min.free.space.percent = -1.0 is invalid, should be between 0 and 1
2025-05-28 15:17:13,031 [main] WARN  statemachine.DatanodeConfiguration (DatanodeConfiguration.java:validateMinFreeSpace(689)) - hdds.datanode.volume.min.free.space.percent = -1.0 is invalid, should be between 0 and 1
2025-05-28 15:17:13,033 [main] INFO  volume.HddsVolume (HddsVolume.java:<init>(158)) - HddsVolume: { id=DS-a4511949-49d9-4102-b44d-14465da79898 dir=/home/runner/work/ozone/ozone/hadoop-ozone/integration-test/target/test-dir/MiniOzoneClusterImpl-723737d7-d862-4a19-a51f-6b1567aa62b1/ozone-meta/datanode-2/data-0/hdds type=DISK capacity=9222449699674390527 used=0 available=9222449699674390527 minFree=9222450130714624 committed=0 }
2025-05-28 15:17:13,033 [main] INFO  volume.MutableVolumeSet (MutableVolumeSet.java:initializeVolumeSet(166)) - Added Volume : /home/runner/work/ozone/ozone/hadoop-ozone/integration-test/target/test-dir/MiniOzoneClusterImpl-723737d7-d862-4a19-a51f-6b1567aa62b1/ozone-meta/datanode-2/data-0/hdds to VolumeSet
2025-05-28 15:17:13,034 [main] WARN  statemachine.DatanodeConfiguration (DatanodeConfiguration.java:validateMinFreeSpace(689)) - hdds.datanode.volume.min.free.space.percent = -1.0 is invalid, should be between 0 and 1
2025-05-28 15:17:13,035 [main] WARN  statemachine.DatanodeConfiguration (DatanodeConfiguration.java:validateMinFreeSpace(689)) - hdds.datanode.volume.min.free.space.percent = -1.0 is invalid, should be between 0 and 1
2025-05-28 15:17:13,036 [main] INFO  volume.MutableVolumeSet (MutableVolumeSet.java:initializeVolumeSet(166)) - Added Volume : /home/runner/work/ozone/ozone/hadoop-ozone/integration-test/target/test-dir/MiniOzoneClusterImpl-723737d7-d862-4a19-a51f-6b1567aa62b1/ozone-meta/datanode-2/ratis to VolumeSet
2025-05-28 15:17:13,036 [main] WARN  statemachine.DatanodeConfiguration (DatanodeConfiguration.java:validateMinFreeSpace(689)) - hdds.datanode.volume.min.free.space.percent = -1.0 is invalid, should be between 0 and 1
2025-05-28 15:17:13,037 [main] WARN  statemachine.DatanodeConfiguration (DatanodeConfiguration.java:validateMinFreeSpace(689)) - hdds.datanode.volume.min.free.space.percent = -1.0 is invalid, should be between 0 and 1
2025-05-28 15:17:13,038 [main] INFO  ozoneimpl.OzoneContainer (HddsVolumeUtil.java:loadAllHddsVolumeDbStore(102)) - Load 1 volumes DbStore cost: 1ms
2025-05-28 15:17:13,039 [main] WARN  db.DBStoreBuilder (DBStoreBuilder.java:getDBDirPath(160)) - ozone.scm.datanode.id.dir is not configured. We recommend adding this setting. Falling back to ozone.metadata.dirs instead.
2025-05-28 15:17:13,040 [main] WARN  statemachine.DatanodeConfiguration (DatanodeConfiguration.java:validateMinFreeSpace(689)) - hdds.datanode.volume.min.free.space.percent = -1.0 is invalid, should be between 0 and 1
2025-05-28 15:17:13,040 [main] WARN  db.DBStoreBuilder (DBStoreBuilder.java:getDBDirPath(160)) - ozone.scm.datanode.id.dir is not configured. We recommend adding this setting. Falling back to ozone.metadata.dirs instead.
2025-05-28 15:17:13,058 [main] WARN  statemachine.DatanodeConfiguration (DatanodeConfiguration.java:validateMinFreeSpace(689)) - hdds.datanode.volume.min.free.space.percent = -1.0 is invalid, should be between 0 and 1
2025-05-28 15:17:13,058 [main] INFO  impl.FilePerChunkStrategy (FilePerChunkStrategy.java:<init>(79)) - ozone.chunk.read.mapped.buffer.max.count is load with 0
2025-05-28 15:17:13,058 [main] INFO  impl.FilePerBlockStrategy (FilePerBlockStrategy.java:<init>(87)) - ozone.chunk.read.mapped.buffer.max.count is load with 0
2025-05-28 15:17:13,059 [main] WARN  statemachine.DatanodeConfiguration (DatanodeConfiguration.java:validateMinFreeSpace(689)) - hdds.datanode.volume.min.free.space.percent = -1.0 is invalid, should be between 0 and 1
2025-05-28 15:17:13,060 [main] INFO  server.RaftServerConfigKeys (ConfUtils.java:logGet(46)) - raft.server.log.appender.buffer.byte-limit = 33554432 (custom)
2025-05-28 15:17:13,063 [main] INFO  server.RaftServer (ConfUtils.java:logGet(46)) - raft.rpc.type = GRPC (default)
2025-05-28 15:17:13,063 [main] INFO  grpc.GrpcConfigKeys (ConfUtils.java:logFallback(53)) - raft.grpc.admin.host = null (fallback to raft.grpc.server.host)
2025-05-28 15:17:13,063 [main] INFO  grpc.GrpcConfigKeys (ConfUtils.java:logGet(46)) - raft.grpc.admin.port = 15022 (custom)
2025-05-28 15:17:13,063 [main] INFO  grpc.GrpcConfigKeys (ConfUtils.java:logFallback(53)) - raft.grpc.client.host = null (fallback to raft.grpc.server.host)
2025-05-28 15:17:13,063 [main] INFO  grpc.GrpcConfigKeys (ConfUtils.java:logGet(46)) - raft.grpc.client.port = 15021 (custom)
2025-05-28 15:17:13,064 [main] INFO  grpc.GrpcConfigKeys (ConfUtils.java:logGet(46)) - raft.grpc.server.host = null (default)
2025-05-28 15:17:13,064 [main] INFO  grpc.GrpcConfigKeys (ConfUtils.java:logGet(46)) - raft.grpc.server.port = 15023 (custom)
2025-05-28 15:17:13,064 [main] INFO  server.GrpcService (ConfUtils.java:logGet(46)) - raft.grpc.message.size.max = 34603008 (custom)
2025-05-28 15:17:13,064 [main] INFO  server.GrpcService (ConfUtils.java:logGet(46)) - raft.grpc.flow.control.window = 5MB (=5242880) (custom)
2025-05-28 15:17:13,064 [main] INFO  server.RaftServerConfigKeys (ConfUtils.java:logGet(46)) - raft.server.rpc.request.timeout = 60s (custom)
2025-05-28 15:17:13,064 [main] INFO  grpc.GrpcConfigKeys (ConfUtils.java:logGet(46)) - raft.grpc.server.heartbeat.channel = true (default)
2025-05-28 15:17:13,065 [main] INFO  server.RaftServerConfigKeys (ConfUtils.java:logGet(46)) - raft.server.log.appender.buffer.byte-limit = 33554432 (custom)
2025-05-28 15:17:13,065 [main] INFO  grpc.GrpcConfigKeys (ConfUtils.java:logGet(46)) - raft.grpc.server.async.request.thread.pool.cached = true (default)
2025-05-28 15:17:13,065 [main] INFO  grpc.GrpcConfigKeys (ConfUtils.java:logGet(46)) - raft.grpc.server.async.request.thread.pool.size = 32 (default)
2025-05-28 15:17:13,066 [4795f679-20b5-4d5a-9a13-c70766a2a14f-DatanodeStateMachineTaskThread-0] INFO  datanode.InitDatanodeState (InitDatanodeState.java:persistContainerDatanodeDetails(139)) - DatanodeDetails is persisted to /home/runner/work/ozone/ozone/hadoop-ozone/integration-test/target/test-dir/MiniOzoneClusterImpl-723737d7-d862-4a19-a51f-6b1567aa62b1/ozone-meta/datanode-1/meta/datanode.id
2025-05-28 15:17:13,067 [main] INFO  impl.DataStreamServerImpl (ConfUtils.java:logGet(46)) - raft.datastream.type = NETTY (custom)
2025-05-28 15:17:13,067 [main] INFO  server.RaftServerConfigKeys (ConfUtils.java:logGet(46)) - raft.server.data-stream.async.request.thread.pool.cached = false (default)
2025-05-28 15:17:13,068 [main] INFO  server.RaftServerConfigKeys (ConfUtils.java:logGet(46)) - raft.server.data-stream.async.request.thread.pool.size = 20 (custom)
2025-05-28 15:17:13,068 [main] INFO  server.RaftServerConfigKeys (ConfUtils.java:logGet(46)) - raft.server.data-stream.async.write.thread.pool.size = 16 (default)
2025-05-28 15:17:13,068 [main] INFO  netty.NettyConfigKeys$DataStream (ConfUtils.java:logGet(46)) - raft.netty.dataStream.server.channel.inactive.grace-period = 10min (default)
2025-05-28 15:17:13,068 [main] INFO  server.RaftServerConfigKeys (ConfUtils.java:logGet(46)) - raft.server.data-stream.client.pool.size = 10 (default)
2025-05-28 15:17:13,068 [main] INFO  netty.NettyConfigKeys$DataStream (ConfUtils.java:logGet(46)) - raft.netty.dataStream.server.use-epoll = true (default)
2025-05-28 15:17:13,068 [main] INFO  netty.NettyConfigKeys$DataStream (ConfUtils.java:logGet(46)) - raft.netty.dataStream.server.boss-group.size = 0 (default)
2025-05-28 15:17:13,069 [main] INFO  netty.NettyUtils (NettyUtils.java:newEventLoopGroup(74)) - Create EpollEventLoopGroup for a755fe32-7d9a-4996-bc51-d7fbc67ab218-NettyServerStreamRpc-bossGroup; Thread size is 0.
2025-05-28 15:17:13,069 [main] INFO  netty.NettyConfigKeys$DataStream (ConfUtils.java:logGet(46)) - raft.netty.dataStream.server.worker-group.size = 0 (default)
2025-05-28 15:17:13,069 [main] INFO  netty.NettyUtils (NettyUtils.java:newEventLoopGroup(74)) - Create EpollEventLoopGroup for a755fe32-7d9a-4996-bc51-d7fbc67ab218-NettyServerStreamRpc-workerGroup; Thread size is 0.
2025-05-28 15:17:13,070 [main] INFO  netty.NettyConfigKeys$DataStream (ConfUtils.java:logGet(46)) - raft.netty.dataStream.server.tls.conf = null (default)
2025-05-28 15:17:13,070 [main] INFO  netty.NettyConfigKeys$DataStream (ConfUtils.java:logGet(46)) - raft.netty.dataStream.host = null (default)
2025-05-28 15:17:13,070 [main] INFO  netty.NettyConfigKeys$DataStream (ConfUtils.java:logGet(46)) - raft.netty.dataStream.port = 15024 (custom)
2025-05-28 15:17:13,071 [main] INFO  server.RaftServerConfigKeys (ConfUtils.java:logGet(46)) - raft.server.sleep.deviation.threshold = 300ms (default)
2025-05-28 15:17:13,071 [main] INFO  server.RaftServerConfigKeys (ConfUtils.java:logGet(46)) - raft.server.close.threshold = 60s (default)
2025-05-28 15:17:13,071 [a755fe32-7d9a-4996-bc51-d7fbc67ab218-NettyServerStreamRpc-bossGroup--thread1] INFO  logging.LoggingHandler (AbstractInternalLogger.java:log(148)) - [id: 0xf0233f2b] REGISTERED
2025-05-28 15:17:13,071 [a755fe32-7d9a-4996-bc51-d7fbc67ab218-NettyServerStreamRpc-bossGroup--thread1] INFO  logging.LoggingHandler (AbstractInternalLogger.java:log(148)) - [id: 0xf0233f2b] BIND: 0.0.0.0/0.0.0.0:15024
2025-05-28 15:17:13,071 [a755fe32-7d9a-4996-bc51-d7fbc67ab218-NettyServerStreamRpc-bossGroup--thread1] INFO  logging.LoggingHandler (AbstractInternalLogger.java:log(148)) - [id: 0xf0233f2b, L:/0.0.0.0:15024] ACTIVE
2025-05-28 15:17:13,071 [main] INFO  server.RaftServerConfigKeys (ConfUtils.java:logGet(46)) - raft.server.leaderelection.leader.step-down.wait-time = 10s (default)
2025-05-28 15:17:13,072 [main] INFO  server.RaftServerConfigKeys (ConfUtils.java:logGet(46)) - raft.server.storage.dir = [/home/runner/work/ozone/ozone/hadoop-ozone/integration-test/target/test-dir/MiniOzoneClusterImpl-723737d7-d862-4a19-a51f-6b1567aa62b1/ozone-meta/datanode-2/ratis] (custom)
2025-05-28 15:17:13,072 [main] INFO  server.RaftServerConfigKeys (ConfUtils.java:logGet(46)) - raft.server.threadpool.proxy.cached = true (default)
2025-05-28 15:17:13,072 [main] INFO  server.RaftServerConfigKeys (ConfUtils.java:logGet(46)) - raft.server.threadpool.proxy.size = 0 (default)
2025-05-28 15:17:13,072 [a755fe32-7d9a-4996-bc51-d7fbc67ab218-impl-thread1] INFO  server.RaftServer (RaftServerProxy.java:initGroupDir(265)) - a755fe32-7d9a-4996-bc51-d7fbc67ab218: found a subdirectory /home/runner/work/ozone/ozone/hadoop-ozone/integration-test/target/test-dir/MiniOzoneClusterImpl-723737d7-d862-4a19-a51f-6b1567aa62b1/ozone-meta/datanode-2/ratis/tmp
2025-05-28 15:17:13,073 [a755fe32-7d9a-4996-bc51-d7fbc67ab218-impl-thread1] INFO  server.RaftServer (RaftServerProxy.java:initGroupDir(270)) - a755fe32-7d9a-4996-bc51-d7fbc67ab218: The directory /home/runner/work/ozone/ozone/hadoop-ozone/integration-test/target/test-dir/MiniOzoneClusterImpl-723737d7-d862-4a19-a51f-6b1567aa62b1/ozone-meta/datanode-2/ratis/tmp is not a group directory; ignoring it. 
2025-05-28 15:17:13,073 [main] INFO  replication.ReplicationServer (ReplicationServer.java:<init>(84)) - Initializing replication server with thread count = 10 queue length = 4096
2025-05-28 15:17:13,074 [main] WARN  statemachine.DatanodeConfiguration (DatanodeConfiguration.java:validateMinFreeSpace(689)) - hdds.datanode.volume.min.free.space.percent = -1.0 is invalid, should be between 0 and 1
2025-05-28 15:17:13,075 [main] INFO  server.XceiverServerGrpc (XceiverServerGrpc.java:<init>(130)) - GrpcServer channel type EpollServerSocketChannel
2025-05-28 15:17:13,076 [main] WARN  statemachine.DatanodeConfiguration (DatanodeConfiguration.java:validateMinFreeSpace(689)) - hdds.datanode.volume.min.free.space.percent = -1.0 is invalid, should be between 0 and 1
2025-05-28 15:17:13,078 [main] INFO  replication.ReplicationSupervisor (ReplicationSupervisor.java:build(169)) - Initializing replication supervisor with thread count = 10
2025-05-28 15:17:13,078 [main] INFO  replication.ReplicationSupervisor (ReplicationSupervisor.java:nodeStateUpdated(358)) - Node state updated to IN_SERVICE, scaling executor pool size to 10
2025-05-28 15:17:13,082 [main] INFO  http.BaseHttpServer (BaseHttpServer.java:newHttpServer2BuilderForOzone(229)) - Starting Web-server for hddsDatanode at: http://0.0.0.0:15018
2025-05-28 15:17:13,082 [main] INFO  http.BaseHttpServer (BaseHttpServer.java:<init>(107)) - Hadoop Security Enabled: false Ozone Security Enabled: false Ozone HTTP Security Enabled: false 
2025-05-28 15:17:13,083 [main] WARN  server.AuthenticationFilter (AuthenticationFilter.java:constructSecretProvider(240)) - Unable to initialize FileSignerSecretProvider, falling back to use random secrets. Reason: Could not read signature secret file: /home/runner/hadoop-http-auth-signature-secret
2025-05-28 15:17:13,087 [main] INFO  http.HttpServer2 (HttpServer2.java:addGlobalFilter(1042)) - Added global filter 'safety' (class=org.apache.hadoop.hdds.server.http.HttpServer2$QuotingInputFilter)
2025-05-28 15:17:13,088 [main] INFO  http.HttpServer2 (HttpServer2.java:addFilter(1018)) - Added filter static_user_filter (class=org.apache.hadoop.http.lib.StaticUserWebFilter$StaticUserFilter) to context hddsDatanode
2025-05-28 15:17:13,088 [main] INFO  http.HttpServer2 (HttpServer2.java:addFilter(1026)) - Added filter static_user_filter (class=org.apache.hadoop.http.lib.StaticUserWebFilter$StaticUserFilter) to context logs
2025-05-28 15:17:13,088 [main] INFO  http.HttpServer2 (HttpServer2.java:addFilter(1026)) - Added filter static_user_filter (class=org.apache.hadoop.http.lib.StaticUserWebFilter$StaticUserFilter) to context static
2025-05-28 15:17:13,089 [main] INFO  http.BaseHttpServer (BaseHttpServer.java:<init>(195)) - HTTP server of hddsDatanode uses base directory /home/runner/work/ozone/ozone/hadoop-ozone/integration-test/target/test-dir/MiniOzoneClusterImpl-723737d7-d862-4a19-a51f-6b1567aa62b1/ozone-meta/datanode-2/meta/webserver
2025-05-28 15:17:13,089 [main] INFO  http.HttpServer2 (HttpServer2.java:bindListener(1242)) - Jetty bound to port 15018
2025-05-28 15:17:13,089 [main] INFO  server.Server (Server.java:doStart(375)) - jetty-9.4.57.v20241219; built: 2025-01-08T21:24:30.412Z; git: df524e6b29271c2e09ba9aea83c18dc9db464a31; jvm 21.0.7+6-LTS
2025-05-28 15:17:13,091 [main] INFO  server.session (DefaultSessionIdManager.java:doStart(334)) - DefaultSessionIdManager workerName=node0
2025-05-28 15:17:13,091 [main] INFO  server.session (DefaultSessionIdManager.java:doStart(339)) - No SessionScavenger set, using defaults
2025-05-28 15:17:13,091 [main] INFO  server.session (HouseKeeper.java:startScavenging(132)) - node0 Scavenging every 600000ms
2025-05-28 15:17:13,092 [main] INFO  handler.ContextHandler (ContextHandler.java:doStart(921)) - Started o.e.j.s.ServletContextHandler@202684ba{logs,/logs,file:///home/runner/work/ozone/ozone/hadoop-ozone/integration-test/target/log,AVAILABLE}
2025-05-28 15:17:13,093 [main] INFO  handler.ContextHandler (ContextHandler.java:doStart(921)) - Started o.e.j.s.ServletContextHandler@7d12c4dd{static,/static,jar:file:/home/runner/work/ozone/ozone/hadoop-hdds/container-service/target/hdds-container-service-2.1.0-SNAPSHOT.jar!/webapps/static,AVAILABLE}
2025-05-28 15:17:13,227 [main] INFO  handler.ContextHandler (ContextHandler.java:doStart(921)) - Started o.e.j.w.WebAppContext@36e73413{hddsDatanode,/,file:///home/runner/work/ozone/ozone/hadoop-ozone/integration-test/target/test-dir/MiniOzoneClusterImpl-723737d7-d862-4a19-a51f-6b1567aa62b1/ozone-meta/datanode-2/meta/webserver/jetty-0_0_0_0-15018-hdds-container-service-2_1_0-SNAPSHOT_jar-_-any-12419231955964578583/webapp/,AVAILABLE}{jar:file:/home/runner/work/ozone/ozone/hadoop-hdds/container-service/target/hdds-container-service-2.1.0-SNAPSHOT.jar!/webapps/hddsDatanode}
2025-05-28 15:17:13,227 [main] INFO  server.AbstractConnector (AbstractConnector.java:doStart(333)) - Started ServerConnector@1c9e9bfb{HTTP/1.1, (http/1.1)}{0.0.0.0:15018}
2025-05-28 15:17:13,228 [main] INFO  server.Server (Server.java:doStart(415)) - Started @11928ms
2025-05-28 15:17:13,228 [main] WARN  impl.MetricsSystemImpl (MetricsSystemImpl.java:register(279)) - Sink prometheus already exists!
2025-05-28 15:17:13,228 [main] INFO  http.BaseHttpServer (BaseHttpServer.java:updateConnectorAddress(359)) - HTTP server of hddsDatanode listening at http://localhost:15018
2025-05-28 15:17:13,229 [main] INFO  ipc.CallQueueManager (CallQueueManager.java:<init>(93)) - Using callQueue: class java.util.concurrent.LinkedBlockingQueue, queueCapacity: 1000, scheduler: class org.apache.hadoop.ipc.DefaultRpcScheduler, ipcBackoff: false, ipcFailOver: false.
2025-05-28 15:17:13,229 [main] INFO  ipc.Server (Server.java:<init>(1438)) - Listener at 0.0.0.0:15019
2025-05-28 15:17:13,229 [Socket Reader #1 for port 15019] INFO  ipc.Server (Server.java:run(1474)) - Starting Socket Reader #1 for port 15019
2025-05-28 15:17:13,229 [Socket Reader #2 for port 15019] INFO  ipc.Server (Server.java:run(1474)) - Starting Socket Reader #2 for port 15019
2025-05-28 15:17:13,230 [Socket Reader #3 for port 15019] INFO  ipc.Server (Server.java:run(1474)) - Starting Socket Reader #3 for port 15019
2025-05-28 15:17:13,230 [Socket Reader #4 for port 15019] INFO  ipc.Server (Server.java:run(1474)) - Starting Socket Reader #4 for port 15019
2025-05-28 15:17:13,230 [Socket Reader #5 for port 15019] INFO  ipc.Server (Server.java:run(1474)) - Starting Socket Reader #5 for port 15019
2025-05-28 15:17:13,230 [Socket Reader #6 for port 15019] INFO  ipc.Server (Server.java:run(1474)) - Starting Socket Reader #6 for port 15019
2025-05-28 15:17:13,230 [Socket Reader #7 for port 15019] INFO  ipc.Server (Server.java:run(1474)) - Starting Socket Reader #7 for port 15019
2025-05-28 15:17:13,230 [Socket Reader #8 for port 15019] INFO  ipc.Server (Server.java:run(1474)) - Starting Socket Reader #8 for port 15019
2025-05-28 15:17:13,231 [Socket Reader #9 for port 15019] INFO  ipc.Server (Server.java:run(1474)) - Starting Socket Reader #9 for port 15019
2025-05-28 15:17:13,231 [Socket Reader #10 for port 15019] INFO  ipc.Server (Server.java:run(1474)) - Starting Socket Reader #10 for port 15019
2025-05-28 15:17:13,233 [main] INFO  ozone.HddsDatanodeService (HddsDatanodeService.java:start(325)) - Datanode start with admins: [runner]
2025-05-28 15:17:13,233 [main] INFO  ozone.HddsDatanodeClientProtocolServer (HddsDatanodeClientProtocolServer.java:start(76)) - RPC server for Client /0.0.0.0:15019
2025-05-28 15:17:13,233 [IPC Server Responder] INFO  ipc.Server (Server.java:run(1713)) - IPC Server Responder: starting
2025-05-28 15:17:13,233 [IPC Server listener on 15019] INFO  ipc.Server (Server.java:run(1553)) - IPC Server listener on 15019: starting
2025-05-28 15:17:13,235 [main] WARN  dropwizard3.Dm3MetricRegistriesImpl (Dm3MetricRegistriesImpl.java:addReporterRegistration(114)) - New reporters are added after registries were created. Some metrics will be missing from the reporter. Please add reporter before adding any new registry.
2025-05-28 15:17:13,235 [main] WARN  dropwizard3.Dm3MetricRegistriesImpl (Dm3MetricRegistriesImpl.java:addReporterRegistration(114)) - New reporters are added after registries were created. Some metrics will be missing from the reporter. Please add reporter before adding any new registry.
2025-05-28 15:17:13,235 [main] INFO  impl.MetricsSystemImpl (MetricsSystemImpl.java:init(158)) - HddsDatanode metrics system started (again)
2025-05-28 15:17:13,238 [a755fe32-7d9a-4996-bc51-d7fbc67ab218-DatanodeStateMachineDaemonThread] INFO  statemachine.DatanodeStateMachine (DatanodeStateMachine.java:startStateMachineThread(340)) - Ozone container server started.
2025-05-28 15:17:13,247 [a755fe32-7d9a-4996-bc51-d7fbc67ab218-DatanodeStateMachineTaskThread-0] INFO  datanode.InitDatanodeState (InitDatanodeState.java:persistContainerDatanodeDetails(139)) - DatanodeDetails is persisted to /home/runner/work/ozone/ozone/hadoop-ozone/integration-test/target/test-dir/MiniOzoneClusterImpl-723737d7-d862-4a19-a51f-6b1567aa62b1/ozone-meta/datanode-2/meta/datanode.id
2025-05-28 15:17:13,256 [main] INFO  protocol.DatanodeDetails (DatanodeDetails.java:validateDatanodeIpAddress(199)) - Updating IP address of datanode dacc202e-cd42-4a7a-b335-fe62dff69130(localhost/null) to 127.0.0.1
2025-05-28 15:17:13,257 [main] INFO  ozone.HddsDatanodeService (HddsDatanodeService.java:start(234)) - HddsDatanodeService dacc202e-cd42-4a7a-b335-fe62dff69130(localhost/127.0.0.1)
2025-05-28 15:17:13,260 [main] WARN  statemachine.DatanodeConfiguration (DatanodeConfiguration.java:validateMinFreeSpace(689)) - hdds.datanode.volume.min.free.space.percent = -1.0 is invalid, should be between 0 and 1
2025-05-28 15:17:13,260 [main] INFO  upgrade.AbstractLayoutVersionManager (AbstractLayoutVersionManager.java:init(80)) - Initializing Layout version manager with metadata layout = HBASE_SUPPORT (version = 8), software layout = HBASE_SUPPORT (version = 8)
2025-05-28 15:17:13,261 [main] INFO  statemachine.DatanodeStateMachine (DatanodeStateMachine.java:getEndPointTaskThreadPoolSize(298)) - Datanode State Machine Task Thread Pool size 2
2025-05-28 15:17:13,263 [main] WARN  statemachine.DatanodeConfiguration (DatanodeConfiguration.java:validateMinFreeSpace(689)) - hdds.datanode.volume.min.free.space.percent = -1.0 is invalid, should be between 0 and 1
2025-05-28 15:17:13,264 [main] WARN  statemachine.DatanodeConfiguration (DatanodeConfiguration.java:validateMinFreeSpace(689)) - hdds.datanode.volume.min.free.space.percent = -1.0 is invalid, should be between 0 and 1
2025-05-28 15:17:13,265 [main] WARN  statemachine.DatanodeConfiguration (DatanodeConfiguration.java:validateMinFreeSpace(689)) - hdds.datanode.volume.min.free.space.percent = -1.0 is invalid, should be between 0 and 1
2025-05-28 15:17:13,266 [main] WARN  statemachine.DatanodeConfiguration (DatanodeConfiguration.java:validateMinFreeSpace(689)) - hdds.datanode.volume.min.free.space.percent = -1.0 is invalid, should be between 0 and 1
2025-05-28 15:17:13,274 [main] INFO  volume.HddsVolume (HddsVolume.java:<init>(158)) - HddsVolume: { id=DS-7a89ca72-7b87-4d3f-b41a-7caad5fe4b10 dir=/home/runner/work/ozone/ozone/hadoop-ozone/integration-test/target/test-dir/MiniOzoneClusterImpl-723737d7-d862-4a19-a51f-6b1567aa62b1/ozone-meta/datanode-3/data-0/hdds type=DISK capacity=9222449699674390527 used=0 available=9222449699674390527 minFree=9222450130714624 committed=0 }
2025-05-28 15:17:13,274 [main] INFO  volume.MutableVolumeSet (MutableVolumeSet.java:initializeVolumeSet(166)) - Added Volume : /home/runner/work/ozone/ozone/hadoop-ozone/integration-test/target/test-dir/MiniOzoneClusterImpl-723737d7-d862-4a19-a51f-6b1567aa62b1/ozone-meta/datanode-3/data-0/hdds to VolumeSet
2025-05-28 15:17:13,275 [main] WARN  statemachine.DatanodeConfiguration (DatanodeConfiguration.java:validateMinFreeSpace(689)) - hdds.datanode.volume.min.free.space.percent = -1.0 is invalid, should be between 0 and 1
2025-05-28 15:17:13,276 [main] WARN  statemachine.DatanodeConfiguration (DatanodeConfiguration.java:validateMinFreeSpace(689)) - hdds.datanode.volume.min.free.space.percent = -1.0 is invalid, should be between 0 and 1
2025-05-28 15:17:13,276 [main] INFO  volume.MutableVolumeSet (MutableVolumeSet.java:initializeVolumeSet(166)) - Added Volume : /home/runner/work/ozone/ozone/hadoop-ozone/integration-test/target/test-dir/MiniOzoneClusterImpl-723737d7-d862-4a19-a51f-6b1567aa62b1/ozone-meta/datanode-3/ratis to VolumeSet
2025-05-28 15:17:13,282 [main] WARN  statemachine.DatanodeConfiguration (DatanodeConfiguration.java:validateMinFreeSpace(689)) - hdds.datanode.volume.min.free.space.percent = -1.0 is invalid, should be between 0 and 1
2025-05-28 15:17:13,282 [main] WARN  statemachine.DatanodeConfiguration (DatanodeConfiguration.java:validateMinFreeSpace(689)) - hdds.datanode.volume.min.free.space.percent = -1.0 is invalid, should be between 0 and 1
2025-05-28 15:17:13,283 [main] INFO  ozoneimpl.OzoneContainer (HddsVolumeUtil.java:loadAllHddsVolumeDbStore(102)) - Load 1 volumes DbStore cost: 1ms
2025-05-28 15:17:13,283 [main] WARN  db.DBStoreBuilder (DBStoreBuilder.java:getDBDirPath(160)) - ozone.scm.datanode.id.dir is not configured. We recommend adding this setting. Falling back to ozone.metadata.dirs instead.
2025-05-28 15:17:13,285 [main] WARN  statemachine.DatanodeConfiguration (DatanodeConfiguration.java:validateMinFreeSpace(689)) - hdds.datanode.volume.min.free.space.percent = -1.0 is invalid, should be between 0 and 1
2025-05-28 15:17:13,285 [main] WARN  db.DBStoreBuilder (DBStoreBuilder.java:getDBDirPath(160)) - ozone.scm.datanode.id.dir is not configured. We recommend adding this setting. Falling back to ozone.metadata.dirs instead.
2025-05-28 15:17:13,322 [main] WARN  statemachine.DatanodeConfiguration (DatanodeConfiguration.java:validateMinFreeSpace(689)) - hdds.datanode.volume.min.free.space.percent = -1.0 is invalid, should be between 0 and 1
2025-05-28 15:17:13,322 [main] INFO  impl.FilePerChunkStrategy (FilePerChunkStrategy.java:<init>(79)) - ozone.chunk.read.mapped.buffer.max.count is load with 0
2025-05-28 15:17:13,322 [main] INFO  impl.FilePerBlockStrategy (FilePerBlockStrategy.java:<init>(87)) - ozone.chunk.read.mapped.buffer.max.count is load with 0
2025-05-28 15:17:13,323 [main] WARN  statemachine.DatanodeConfiguration (DatanodeConfiguration.java:validateMinFreeSpace(689)) - hdds.datanode.volume.min.free.space.percent = -1.0 is invalid, should be between 0 and 1
2025-05-28 15:17:13,325 [main] INFO  server.RaftServerConfigKeys (ConfUtils.java:logGet(46)) - raft.server.log.appender.buffer.byte-limit = 33554432 (custom)
2025-05-28 15:17:13,330 [main] INFO  server.RaftServer (ConfUtils.java:logGet(46)) - raft.rpc.type = GRPC (default)
2025-05-28 15:17:13,330 [main] INFO  grpc.GrpcConfigKeys (ConfUtils.java:logFallback(53)) - raft.grpc.admin.host = null (fallback to raft.grpc.server.host)
2025-05-28 15:17:13,330 [main] INFO  grpc.GrpcConfigKeys (ConfUtils.java:logGet(46)) - raft.grpc.admin.port = 15030 (custom)
2025-05-28 15:17:13,330 [main] INFO  grpc.GrpcConfigKeys (ConfUtils.java:logFallback(53)) - raft.grpc.client.host = null (fallback to raft.grpc.server.host)
2025-05-28 15:17:13,330 [main] INFO  grpc.GrpcConfigKeys (ConfUtils.java:logGet(46)) - raft.grpc.client.port = 15029 (custom)
2025-05-28 15:17:13,330 [main] INFO  grpc.GrpcConfigKeys (ConfUtils.java:logGet(46)) - raft.grpc.server.host = null (default)
2025-05-28 15:17:13,330 [main] INFO  grpc.GrpcConfigKeys (ConfUtils.java:logGet(46)) - raft.grpc.server.port = 15031 (custom)
2025-05-28 15:17:13,330 [main] INFO  server.GrpcService (ConfUtils.java:logGet(46)) - raft.grpc.message.size.max = 34603008 (custom)
2025-05-28 15:17:13,331 [main] INFO  server.GrpcService (ConfUtils.java:logGet(46)) - raft.grpc.flow.control.window = 5MB (=5242880) (custom)
2025-05-28 15:17:13,331 [main] INFO  server.RaftServerConfigKeys (ConfUtils.java:logGet(46)) - raft.server.rpc.request.timeout = 60s (custom)
2025-05-28 15:17:13,331 [main] INFO  grpc.GrpcConfigKeys (ConfUtils.java:logGet(46)) - raft.grpc.server.heartbeat.channel = true (default)
2025-05-28 15:17:13,331 [main] INFO  server.RaftServerConfigKeys (ConfUtils.java:logGet(46)) - raft.server.log.appender.buffer.byte-limit = 33554432 (custom)
2025-05-28 15:17:13,331 [main] INFO  grpc.GrpcConfigKeys (ConfUtils.java:logGet(46)) - raft.grpc.server.async.request.thread.pool.cached = true (default)
2025-05-28 15:17:13,331 [main] INFO  grpc.GrpcConfigKeys (ConfUtils.java:logGet(46)) - raft.grpc.server.async.request.thread.pool.size = 32 (default)
2025-05-28 15:17:13,333 [main] INFO  impl.DataStreamServerImpl (ConfUtils.java:logGet(46)) - raft.datastream.type = NETTY (custom)
2025-05-28 15:17:13,334 [main] INFO  server.RaftServerConfigKeys (ConfUtils.java:logGet(46)) - raft.server.data-stream.async.request.thread.pool.cached = false (default)
2025-05-28 15:17:13,334 [main] INFO  server.RaftServerConfigKeys (ConfUtils.java:logGet(46)) - raft.server.data-stream.async.request.thread.pool.size = 20 (custom)
2025-05-28 15:17:13,335 [main] INFO  server.RaftServerConfigKeys (ConfUtils.java:logGet(46)) - raft.server.data-stream.async.write.thread.pool.size = 16 (default)
2025-05-28 15:17:13,335 [main] INFO  netty.NettyConfigKeys$DataStream (ConfUtils.java:logGet(46)) - raft.netty.dataStream.server.channel.inactive.grace-period = 10min (default)
2025-05-28 15:17:13,335 [main] INFO  server.RaftServerConfigKeys (ConfUtils.java:logGet(46)) - raft.server.data-stream.client.pool.size = 10 (default)
2025-05-28 15:17:13,336 [main] INFO  netty.NettyConfigKeys$DataStream (ConfUtils.java:logGet(46)) - raft.netty.dataStream.server.use-epoll = true (default)
2025-05-28 15:17:13,336 [main] INFO  netty.NettyConfigKeys$DataStream (ConfUtils.java:logGet(46)) - raft.netty.dataStream.server.boss-group.size = 0 (default)
2025-05-28 15:17:13,336 [main] INFO  netty.NettyUtils (NettyUtils.java:newEventLoopGroup(74)) - Create EpollEventLoopGroup for dacc202e-cd42-4a7a-b335-fe62dff69130-NettyServerStreamRpc-bossGroup; Thread size is 0.
2025-05-28 15:17:13,337 [main] INFO  netty.NettyConfigKeys$DataStream (ConfUtils.java:logGet(46)) - raft.netty.dataStream.server.worker-group.size = 0 (default)
2025-05-28 15:17:13,337 [main] INFO  netty.NettyUtils (NettyUtils.java:newEventLoopGroup(74)) - Create EpollEventLoopGroup for dacc202e-cd42-4a7a-b335-fe62dff69130-NettyServerStreamRpc-workerGroup; Thread size is 0.
2025-05-28 15:17:13,337 [main] INFO  netty.NettyConfigKeys$DataStream (ConfUtils.java:logGet(46)) - raft.netty.dataStream.server.tls.conf = null (default)
2025-05-28 15:17:13,338 [main] INFO  netty.NettyConfigKeys$DataStream (ConfUtils.java:logGet(46)) - raft.netty.dataStream.host = null (default)
2025-05-28 15:17:13,338 [main] INFO  netty.NettyConfigKeys$DataStream (ConfUtils.java:logGet(46)) - raft.netty.dataStream.port = 15032 (custom)
2025-05-28 15:17:13,338 [main] INFO  server.RaftServerConfigKeys (ConfUtils.java:logGet(46)) - raft.server.sleep.deviation.threshold = 300ms (default)
2025-05-28 15:17:13,338 [main] INFO  server.RaftServerConfigKeys (ConfUtils.java:logGet(46)) - raft.server.close.threshold = 60s (default)
2025-05-28 15:17:13,339 [main] INFO  server.RaftServerConfigKeys (ConfUtils.java:logGet(46)) - raft.server.leaderelection.leader.step-down.wait-time = 10s (default)
2025-05-28 15:17:13,339 [main] INFO  server.RaftServerConfigKeys (ConfUtils.java:logGet(46)) - raft.server.storage.dir = [/home/runner/work/ozone/ozone/hadoop-ozone/integration-test/target/test-dir/MiniOzoneClusterImpl-723737d7-d862-4a19-a51f-6b1567aa62b1/ozone-meta/datanode-3/ratis] (custom)
2025-05-28 15:17:13,339 [main] INFO  server.RaftServerConfigKeys (ConfUtils.java:logGet(46)) - raft.server.threadpool.proxy.cached = true (default)
2025-05-28 15:17:13,340 [main] INFO  server.RaftServerConfigKeys (ConfUtils.java:logGet(46)) - raft.server.threadpool.proxy.size = 0 (default)
2025-05-28 15:17:13,340 [dacc202e-cd42-4a7a-b335-fe62dff69130-NettyServerStreamRpc-bossGroup--thread1] INFO  logging.LoggingHandler (AbstractInternalLogger.java:log(148)) - [id: 0x5c287f46] REGISTERED
2025-05-28 15:17:13,340 [dacc202e-cd42-4a7a-b335-fe62dff69130-NettyServerStreamRpc-bossGroup--thread1] INFO  logging.LoggingHandler (AbstractInternalLogger.java:log(148)) - [id: 0x5c287f46] BIND: 0.0.0.0/0.0.0.0:15032
2025-05-28 15:17:13,340 [dacc202e-cd42-4a7a-b335-fe62dff69130-NettyServerStreamRpc-bossGroup--thread1] INFO  logging.LoggingHandler (AbstractInternalLogger.java:log(148)) - [id: 0x5c287f46, L:/0.0.0.0:15032] ACTIVE
2025-05-28 15:17:13,341 [dacc202e-cd42-4a7a-b335-fe62dff69130-impl-thread1] INFO  server.RaftServer (RaftServerProxy.java:initGroupDir(265)) - dacc202e-cd42-4a7a-b335-fe62dff69130: found a subdirectory /home/runner/work/ozone/ozone/hadoop-ozone/integration-test/target/test-dir/MiniOzoneClusterImpl-723737d7-d862-4a19-a51f-6b1567aa62b1/ozone-meta/datanode-3/ratis/tmp
2025-05-28 15:17:13,341 [dacc202e-cd42-4a7a-b335-fe62dff69130-impl-thread1] INFO  server.RaftServer (RaftServerProxy.java:initGroupDir(270)) - dacc202e-cd42-4a7a-b335-fe62dff69130: The directory /home/runner/work/ozone/ozone/hadoop-ozone/integration-test/target/test-dir/MiniOzoneClusterImpl-723737d7-d862-4a19-a51f-6b1567aa62b1/ozone-meta/datanode-3/ratis/tmp is not a group directory; ignoring it. 
2025-05-28 15:17:13,341 [main] INFO  replication.ReplicationServer (ReplicationServer.java:<init>(84)) - Initializing replication server with thread count = 10 queue length = 4096
2025-05-28 15:17:13,343 [main] WARN  statemachine.DatanodeConfiguration (DatanodeConfiguration.java:validateMinFreeSpace(689)) - hdds.datanode.volume.min.free.space.percent = -1.0 is invalid, should be between 0 and 1
2025-05-28 15:17:13,343 [main] INFO  server.XceiverServerGrpc (XceiverServerGrpc.java:<init>(130)) - GrpcServer channel type EpollServerSocketChannel
2025-05-28 15:17:13,345 [main] WARN  statemachine.DatanodeConfiguration (DatanodeConfiguration.java:validateMinFreeSpace(689)) - hdds.datanode.volume.min.free.space.percent = -1.0 is invalid, should be between 0 and 1
2025-05-28 15:17:13,346 [main] INFO  replication.ReplicationSupervisor (ReplicationSupervisor.java:build(169)) - Initializing replication supervisor with thread count = 10
2025-05-28 15:17:13,346 [main] INFO  replication.ReplicationSupervisor (ReplicationSupervisor.java:nodeStateUpdated(358)) - Node state updated to IN_SERVICE, scaling executor pool size to 10
2025-05-28 15:17:13,349 [main] INFO  http.BaseHttpServer (BaseHttpServer.java:newHttpServer2BuilderForOzone(229)) - Starting Web-server for hddsDatanode at: http://0.0.0.0:15026
2025-05-28 15:17:13,349 [main] INFO  http.BaseHttpServer (BaseHttpServer.java:<init>(107)) - Hadoop Security Enabled: false Ozone Security Enabled: false Ozone HTTP Security Enabled: false 
2025-05-28 15:17:13,351 [main] WARN  server.AuthenticationFilter (AuthenticationFilter.java:constructSecretProvider(240)) - Unable to initialize FileSignerSecretProvider, falling back to use random secrets. Reason: Could not read signature secret file: /home/runner/hadoop-http-auth-signature-secret
2025-05-28 15:17:13,354 [main] INFO  http.HttpServer2 (HttpServer2.java:addGlobalFilter(1042)) - Added global filter 'safety' (class=org.apache.hadoop.hdds.server.http.HttpServer2$QuotingInputFilter)
2025-05-28 15:17:13,356 [main] INFO  http.HttpServer2 (HttpServer2.java:addFilter(1018)) - Added filter static_user_filter (class=org.apache.hadoop.http.lib.StaticUserWebFilter$StaticUserFilter) to context hddsDatanode
2025-05-28 15:17:13,356 [main] INFO  http.HttpServer2 (HttpServer2.java:addFilter(1026)) - Added filter static_user_filter (class=org.apache.hadoop.http.lib.StaticUserWebFilter$StaticUserFilter) to context static
2025-05-28 15:17:13,356 [main] INFO  http.HttpServer2 (HttpServer2.java:addFilter(1026)) - Added filter static_user_filter (class=org.apache.hadoop.http.lib.StaticUserWebFilter$StaticUserFilter) to context logs
2025-05-28 15:17:13,357 [main] INFO  http.BaseHttpServer (BaseHttpServer.java:<init>(195)) - HTTP server of hddsDatanode uses base directory /home/runner/work/ozone/ozone/hadoop-ozone/integration-test/target/test-dir/MiniOzoneClusterImpl-723737d7-d862-4a19-a51f-6b1567aa62b1/ozone-meta/datanode-3/meta/webserver
2025-05-28 15:17:13,357 [main] INFO  http.HttpServer2 (HttpServer2.java:bindListener(1242)) - Jetty bound to port 15026
2025-05-28 15:17:13,357 [main] INFO  server.Server (Server.java:doStart(375)) - jetty-9.4.57.v20241219; built: 2025-01-08T21:24:30.412Z; git: df524e6b29271c2e09ba9aea83c18dc9db464a31; jvm 21.0.7+6-LTS
2025-05-28 15:17:13,359 [main] INFO  server.session (DefaultSessionIdManager.java:doStart(334)) - DefaultSessionIdManager workerName=node0
2025-05-28 15:17:13,360 [main] INFO  server.session (DefaultSessionIdManager.java:doStart(339)) - No SessionScavenger set, using defaults
2025-05-28 15:17:13,360 [main] INFO  server.session (HouseKeeper.java:startScavenging(132)) - node0 Scavenging every 660000ms
2025-05-28 15:17:13,361 [main] INFO  handler.ContextHandler (ContextHandler.java:doStart(921)) - Started o.e.j.s.ServletContextHandler@51e9f462{logs,/logs,file:///home/runner/work/ozone/ozone/hadoop-ozone/integration-test/target/log,AVAILABLE}
2025-05-28 15:17:13,361 [main] INFO  handler.ContextHandler (ContextHandler.java:doStart(921)) - Started o.e.j.s.ServletContextHandler@5a963a90{static,/static,jar:file:/home/runner/work/ozone/ozone/hadoop-hdds/container-service/target/hdds-container-service-2.1.0-SNAPSHOT.jar!/webapps/static,AVAILABLE}
2025-05-28 15:17:13,429 [om1@group-C5BA1605619E-FollowerState] INFO  impl.FollowerState (FollowerState.java:runImpl(161)) - om1@group-C5BA1605619E-FollowerState: change to CANDIDATE, lastRpcElapsedTime:1076845373ns, electionTimeout:1076ms
2025-05-28 15:17:13,430 [om1@group-C5BA1605619E-FollowerState] INFO  impl.RoleInfo (RoleInfo.java:shutdownFollowerState(121)) - om1: shutdown om1@group-C5BA1605619E-FollowerState
2025-05-28 15:17:13,430 [om1@group-C5BA1605619E-FollowerState] INFO  server.RaftServer$Division (RaftServerImpl.java:setRole(378)) - om1@group-C5BA1605619E: changes role from  FOLLOWER to CANDIDATE at term 0 for changeToCandidate
2025-05-28 15:17:13,431 [om1@group-C5BA1605619E-FollowerState] INFO  server.RaftServerConfigKeys (ConfUtils.java:logGet(46)) - raft.server.leaderelection.pre-vote = true (default)
2025-05-28 15:17:13,431 [om1@group-C5BA1605619E-FollowerState] INFO  impl.RoleInfo (RoleInfo.java:updateAndGet(148)) - om1: start om1@group-C5BA1605619E-LeaderElection3
2025-05-28 15:17:13,431 [om1@group-C5BA1605619E-LeaderElection3] INFO  impl.LeaderElection (LeaderElection.java:askForVotes(332)) - om1@group-C5BA1605619E-LeaderElection3 PRE_VOTE round 0: submit vote requests at term 0 for conf: {index: -1, cur=peers:[om1|localhost:15009]|listeners:[], old=null}
2025-05-28 15:17:13,432 [om1@group-C5BA1605619E-LeaderElection3] INFO  impl.LeaderElection (LeaderElection.java:askForVotes(334)) - om1@group-C5BA1605619E-LeaderElection3 PRE_VOTE round 0: result PASSED (term=0)
2025-05-28 15:17:13,436 [om1@group-C5BA1605619E-LeaderElection3] INFO  impl.LeaderElection (LeaderElection.java:askForVotes(332)) - om1@group-C5BA1605619E-LeaderElection3 ELECTION round 0: submit vote requests at term 1 for conf: {index: -1, cur=peers:[om1|localhost:15009]|listeners:[], old=null}
2025-05-28 15:17:13,436 [om1@group-C5BA1605619E-LeaderElection3] INFO  impl.LeaderElection (LeaderElection.java:askForVotes(334)) - om1@group-C5BA1605619E-LeaderElection3 ELECTION round 0: result PASSED (term=1)
2025-05-28 15:17:13,436 [om1@group-C5BA1605619E-LeaderElection3] INFO  impl.RoleInfo (RoleInfo.java:shutdownLeaderElection(141)) - om1: shutdown om1@group-C5BA1605619E-LeaderElection3
2025-05-28 15:17:13,437 [om1@group-C5BA1605619E-LeaderElection3] INFO  server.RaftServer$Division (RaftServerImpl.java:setRole(378)) - om1@group-C5BA1605619E: changes role from CANDIDATE to LEADER at term 1 for changeToLeader
2025-05-28 15:17:13,437 [om1@group-C5BA1605619E-LeaderElection3] INFO  server.RaftServerConfigKeys (ConfUtils.java:logGet(46)) - raft.server.staging.catchup.gap = 1000 (default)
2025-05-28 15:17:13,440 [om1@group-C5BA1605619E-LeaderElection3] INFO  server.RaftServerConfigKeys (ConfUtils.java:logGet(46)) - raft.server.write.element-limit = 4096 (default)
2025-05-28 15:17:13,441 [om1@group-C5BA1605619E-LeaderElection3] INFO  server.RaftServerConfigKeys (ConfUtils.java:logGet(46)) - raft.server.write.byte-limit = 64MB (=67108864) (default)
2025-05-28 15:17:13,441 [om1@group-C5BA1605619E-LeaderElection3] INFO  server.RaftServerConfigKeys (ConfUtils.java:logGet(46)) - raft.server.watch.timeout = 10s (default)
2025-05-28 15:17:13,441 [om1@group-C5BA1605619E-LeaderElection3] INFO  server.RaftServerConfigKeys (ConfUtils.java:logGet(46)) - raft.server.watch.timeout.denomination = 1s (default)
2025-05-28 15:17:13,441 [om1@group-C5BA1605619E-LeaderElection3] INFO  server.RaftServerConfigKeys (ConfUtils.java:logGet(46)) - raft.server.watch.element-limit = 65536 (default)
2025-05-28 15:17:13,443 [om1@group-C5BA1605619E-LeaderElection3] INFO  server.RaftServerConfigKeys (ConfUtils.java:logGet(46)) - raft.server.read.leader.lease.enabled = false (default)
2025-05-28 15:17:13,443 [om1@group-C5BA1605619E-LeaderElection3] INFO  server.RaftServerConfigKeys (ConfUtils.java:logGet(46)) - raft.server.read.leader.lease.timeout.ratio = 0.9 (default)
2025-05-28 15:17:13,443 [om1@group-C5BA1605619E-LeaderElection3] INFO  server.RaftServerConfigKeys (ConfUtils.java:logGet(46)) - raft.server.rpc.timeout.min = 1s (custom)
2025-05-28 15:17:13,443 [om1@group-C5BA1605619E-LeaderElection3] INFO  server.RaftServerConfigKeys (ConfUtils.java:logGet(46)) - raft.server.log.log-metadata.enabled = true (default)
2025-05-28 15:17:13,444 [om1@group-C5BA1605619E-LeaderElection3] INFO  server.RaftServerConfigKeys (ConfUtils.java:logGet(46)) - raft.server.write.element-limit = 4096 (default)
2025-05-28 15:17:13,444 [om1@group-C5BA1605619E-LeaderElection3] INFO  server.RaftServerConfigKeys (ConfUtils.java:logGet(46)) - raft.server.write.follower.gap.ratio.max = -1.0 (default)
2025-05-28 15:17:13,445 [om1@group-C5BA1605619E-LeaderElection3] INFO  impl.RoleInfo (RoleInfo.java:updateAndGet(148)) - om1: start om1@group-C5BA1605619E-LeaderStateImpl
2025-05-28 15:17:13,445 [om1@group-C5BA1605619E-LeaderElection3] INFO  server.RaftServer$Division (RaftServerImpl.java:setFirstElection(562)) - om1@group-C5BA1605619E: set firstElectionSinceStartup to false for becomeLeader
2025-05-28 15:17:13,449 [om1@group-C5BA1605619E-LeaderElection3] INFO  ratis.OzoneManagerStateMachine (OzoneManagerStateMachine.java:notifyLeaderChanged(174)) - om1@group-C5BA1605619E: leader changed to om1
2025-05-28 15:17:13,451 [om1@group-C5BA1605619E-LeaderElection3] INFO  server.RaftServer$Division (ServerState.java:setLeader(272)) - om1@group-C5BA1605619E: change Leader from null to om1 at term 1 for becomeLeader, leader elected after 2136ms
2025-05-28 15:17:13,451 [om1@group-C5BA1605619E-LeaderElection3] INFO  segmented.SegmentedRaftLogWorker (SegmentedRaftLogWorker.java:startLogSegment(438)) - om1@group-C5BA1605619E-SegmentedRaftLogWorker: Starting segment from index:0
2025-05-28 15:17:13,451 [om1@group-C5BA1605619E-LeaderElection3] INFO  server.RaftServer$Division (ServerState.java:setRaftConf(386)) - om1@group-C5BA1605619E: set configuration conf: {index: 0, cur=peers:[om1|localhost:15009]|listeners:[], old=null}
2025-05-28 15:17:13,454 [om1@group-C5BA1605619E-SegmentedRaftLogWorker] INFO  segmented.BufferedWriteChannel (BufferedWriteChannel.java:open(61)) - open log_inprogress_0 at position 0
2025-05-28 15:17:13,469 [om1@group-C5BA1605619E-SegmentedRaftLogWorker] INFO  segmented.SegmentedRaftLogWorker (SegmentedRaftLogWorker.java:execute(644)) - om1@group-C5BA1605619E-SegmentedRaftLogWorker: created new log segment /home/runner/work/ozone/ozone/hadoop-ozone/integration-test/target/test-dir/MiniOzoneClusterImpl-723737d7-d862-4a19-a51f-6b1567aa62b1/ozone-meta/ratis/bf265839-605b-3f16-9796-c5ba1605619e/current/log_inprogress_0
2025-05-28 15:17:13,472 [om1@group-C5BA1605619E-StateMachineUpdater] INFO  ratis.OzoneManagerStateMachine (OzoneManagerStateMachine.java:notifyConfigurationChanged(236)) - notifyConfigurationChanged from Ratis: term=1, index=0, New Peer list: om1(localhost:15009)
2025-05-28 15:17:13,473 [om1@group-C5BA1605619E-StateMachineUpdater] INFO  server.RaftServer$Division (LeaderStateImpl.java:checkStartIndex(313)) - Leader om1@group-C5BA1605619E-LeaderStateImpl is ready since appliedIndex == startIndex == 0
2025-05-28 15:17:13,527 [main] INFO  handler.ContextHandler (ContextHandler.java:doStart(921)) - Started o.e.j.w.WebAppContext@6ef0e08f{hddsDatanode,/,file:///home/runner/work/ozone/ozone/hadoop-ozone/integration-test/target/test-dir/MiniOzoneClusterImpl-723737d7-d862-4a19-a51f-6b1567aa62b1/ozone-meta/datanode-3/meta/webserver/jetty-0_0_0_0-15026-hdds-container-service-2_1_0-SNAPSHOT_jar-_-any-1648952288623930296/webapp/,AVAILABLE}{jar:file:/home/runner/work/ozone/ozone/hadoop-hdds/container-service/target/hdds-container-service-2.1.0-SNAPSHOT.jar!/webapps/hddsDatanode}
2025-05-28 15:17:13,528 [main] INFO  server.AbstractConnector (AbstractConnector.java:doStart(333)) - Started ServerConnector@4b6e9c75{HTTP/1.1, (http/1.1)}{0.0.0.0:15026}
2025-05-28 15:17:13,528 [main] INFO  server.Server (Server.java:doStart(415)) - Started @12229ms
2025-05-28 15:17:13,529 [main] WARN  impl.MetricsSystemImpl (MetricsSystemImpl.java:register(279)) - Sink prometheus already exists!
2025-05-28 15:17:13,529 [main] INFO  http.BaseHttpServer (BaseHttpServer.java:updateConnectorAddress(359)) - HTTP server of hddsDatanode listening at http://localhost:15026
2025-05-28 15:17:13,529 [main] INFO  ipc.CallQueueManager (CallQueueManager.java:<init>(93)) - Using callQueue: class java.util.concurrent.LinkedBlockingQueue, queueCapacity: 1000, scheduler: class org.apache.hadoop.ipc.DefaultRpcScheduler, ipcBackoff: false, ipcFailOver: false.
2025-05-28 15:17:13,529 [main] INFO  ipc.Server (Server.java:<init>(1438)) - Listener at 0.0.0.0:15027
2025-05-28 15:17:13,533 [Socket Reader #1 for port 15027] INFO  ipc.Server (Server.java:run(1474)) - Starting Socket Reader #1 for port 15027
2025-05-28 15:17:13,534 [Socket Reader #2 for port 15027] INFO  ipc.Server (Server.java:run(1474)) - Starting Socket Reader #2 for port 15027
2025-05-28 15:17:13,535 [Socket Reader #3 for port 15027] INFO  ipc.Server (Server.java:run(1474)) - Starting Socket Reader #3 for port 15027
2025-05-28 15:17:13,535 [Socket Reader #4 for port 15027] INFO  ipc.Server (Server.java:run(1474)) - Starting Socket Reader #4 for port 15027
2025-05-28 15:17:13,537 [Socket Reader #5 for port 15027] INFO  ipc.Server (Server.java:run(1474)) - Starting Socket Reader #5 for port 15027
2025-05-28 15:17:13,537 [Socket Reader #6 for port 15027] INFO  ipc.Server (Server.java:run(1474)) - Starting Socket Reader #6 for port 15027
2025-05-28 15:17:13,538 [Socket Reader #7 for port 15027] INFO  ipc.Server (Server.java:run(1474)) - Starting Socket Reader #7 for port 15027
2025-05-28 15:17:13,539 [Socket Reader #8 for port 15027] INFO  ipc.Server (Server.java:run(1474)) - Starting Socket Reader #8 for port 15027
2025-05-28 15:17:13,540 [Socket Reader #9 for port 15027] INFO  ipc.Server (Server.java:run(1474)) - Starting Socket Reader #9 for port 15027
2025-05-28 15:17:13,540 [Socket Reader #10 for port 15027] INFO  ipc.Server (Server.java:run(1474)) - Starting Socket Reader #10 for port 15027
2025-05-28 15:17:13,543 [main] INFO  ozone.HddsDatanodeService (HddsDatanodeService.java:start(325)) - Datanode start with admins: [runner]
2025-05-28 15:17:13,544 [main] INFO  ozone.HddsDatanodeClientProtocolServer (HddsDatanodeClientProtocolServer.java:start(76)) - RPC server for Client /0.0.0.0:15027
2025-05-28 15:17:13,545 [IPC Server Responder] INFO  ipc.Server (Server.java:run(1713)) - IPC Server Responder: starting
2025-05-28 15:17:13,545 [IPC Server listener on 15027] INFO  ipc.Server (Server.java:run(1553)) - IPC Server listener on 15027: starting
2025-05-28 15:17:13,547 [main] WARN  dropwizard3.Dm3MetricRegistriesImpl (Dm3MetricRegistriesImpl.java:addReporterRegistration(114)) - New reporters are added after registries were created. Some metrics will be missing from the reporter. Please add reporter before adding any new registry.
2025-05-28 15:17:13,547 [main] WARN  dropwizard3.Dm3MetricRegistriesImpl (Dm3MetricRegistriesImpl.java:addReporterRegistration(114)) - New reporters are added after registries were created. Some metrics will be missing from the reporter. Please add reporter before adding any new registry.
2025-05-28 15:17:13,548 [main] INFO  impl.MetricsSystemImpl (MetricsSystemImpl.java:init(158)) - HddsDatanode metrics system started (again)
2025-05-28 15:17:13,554 [dacc202e-cd42-4a7a-b335-fe62dff69130-DatanodeStateMachineDaemonThread] INFO  statemachine.DatanodeStateMachine (DatanodeStateMachine.java:startStateMachineThread(340)) - Ozone container server started.
2025-05-28 15:17:13,569 [dacc202e-cd42-4a7a-b335-fe62dff69130-DatanodeStateMachineTaskThread-0] INFO  datanode.InitDatanodeState (InitDatanodeState.java:persistContainerDatanodeDetails(139)) - DatanodeDetails is persisted to /home/runner/work/ozone/ozone/hadoop-ozone/integration-test/target/test-dir/MiniOzoneClusterImpl-723737d7-d862-4a19-a51f-6b1567aa62b1/ozone-meta/datanode-3/meta/datanode.id
2025-05-28 15:17:13,573 [main] INFO  protocol.DatanodeDetails (DatanodeDetails.java:validateDatanodeIpAddress(199)) - Updating IP address of datanode 2b1bfca1-1fdc-4b0a-9b4d-c21112718afa(localhost/null) to 127.0.0.1
2025-05-28 15:17:13,573 [main] INFO  ozone.HddsDatanodeService (HddsDatanodeService.java:start(234)) - HddsDatanodeService 2b1bfca1-1fdc-4b0a-9b4d-c21112718afa(localhost/127.0.0.1)
2025-05-28 15:17:13,579 [main] WARN  statemachine.DatanodeConfiguration (DatanodeConfiguration.java:validateMinFreeSpace(689)) - hdds.datanode.volume.min.free.space.percent = -1.0 is invalid, should be between 0 and 1
2025-05-28 15:17:13,579 [main] INFO  upgrade.AbstractLayoutVersionManager (AbstractLayoutVersionManager.java:init(80)) - Initializing Layout version manager with metadata layout = HBASE_SUPPORT (version = 8), software layout = HBASE_SUPPORT (version = 8)
2025-05-28 15:17:13,583 [main] INFO  statemachine.DatanodeStateMachine (DatanodeStateMachine.java:getEndPointTaskThreadPoolSize(298)) - Datanode State Machine Task Thread Pool size 2
2025-05-28 15:17:13,585 [4795f679-20b5-4d5a-9a13-c70766a2a14f-EndpointStateMachineTaskThread-/0.0.0.0:15002-0 ] WARN  statemachine.DatanodeConfiguration (DatanodeConfiguration.java:validateMinFreeSpace(689)) - hdds.datanode.volume.min.free.space.percent = -1.0 is invalid, should be between 0 and 1
2025-05-28 15:17:13,586 [main] WARN  statemachine.DatanodeConfiguration (DatanodeConfiguration.java:validateMinFreeSpace(689)) - hdds.datanode.volume.min.free.space.percent = -1.0 is invalid, should be between 0 and 1
2025-05-28 15:17:13,587 [main] WARN  statemachine.DatanodeConfiguration (DatanodeConfiguration.java:validateMinFreeSpace(689)) - hdds.datanode.volume.min.free.space.percent = -1.0 is invalid, should be between 0 and 1
2025-05-28 15:17:13,587 [4795f679-20b5-4d5a-9a13-c70766a2a14f-EndpointStateMachineTaskThread-/0.0.0.0:15002-0 ] WARN  statemachine.DatanodeConfiguration (DatanodeConfiguration.java:validateMinFreeSpace(689)) - hdds.datanode.volume.min.free.space.percent = -1.0 is invalid, should be between 0 and 1
2025-05-28 15:17:13,588 [main] WARN  statemachine.DatanodeConfiguration (DatanodeConfiguration.java:validateMinFreeSpace(689)) - hdds.datanode.volume.min.free.space.percent = -1.0 is invalid, should be between 0 and 1
2025-05-28 15:17:13,589 [4795f679-20b5-4d5a-9a13-c70766a2a14f-EndpointStateMachineTaskThread-/0.0.0.0:15002-0 ] WARN  statemachine.DatanodeConfiguration (DatanodeConfiguration.java:validateMinFreeSpace(689)) - hdds.datanode.volume.min.free.space.percent = -1.0 is invalid, should be between 0 and 1
2025-05-28 15:17:13,591 [main] WARN  statemachine.DatanodeConfiguration (DatanodeConfiguration.java:validateMinFreeSpace(689)) - hdds.datanode.volume.min.free.space.percent = -1.0 is invalid, should be between 0 and 1
2025-05-28 15:17:13,595 [main] INFO  volume.HddsVolume (HddsVolume.java:<init>(158)) - HddsVolume: { id=DS-0c4936f3-498f-40d5-9461-178e1868af62 dir=/home/runner/work/ozone/ozone/hadoop-ozone/integration-test/target/test-dir/MiniOzoneClusterImpl-723737d7-d862-4a19-a51f-6b1567aa62b1/ozone-meta/datanode-4/data-0/hdds type=DISK capacity=9222449699674390527 used=0 available=9222449699674390527 minFree=9222450130714624 committed=0 }
2025-05-28 15:17:13,595 [main] INFO  volume.MutableVolumeSet (MutableVolumeSet.java:initializeVolumeSet(166)) - Added Volume : /home/runner/work/ozone/ozone/hadoop-ozone/integration-test/target/test-dir/MiniOzoneClusterImpl-723737d7-d862-4a19-a51f-6b1567aa62b1/ozone-meta/datanode-4/data-0/hdds to VolumeSet
2025-05-28 15:17:13,595 [main] WARN  statemachine.DatanodeConfiguration (DatanodeConfiguration.java:validateMinFreeSpace(689)) - hdds.datanode.volume.min.free.space.percent = -1.0 is invalid, should be between 0 and 1
2025-05-28 15:17:13,598 [main] WARN  statemachine.DatanodeConfiguration (DatanodeConfiguration.java:validateMinFreeSpace(689)) - hdds.datanode.volume.min.free.space.percent = -1.0 is invalid, should be between 0 and 1
2025-05-28 15:17:13,599 [main] INFO  volume.MutableVolumeSet (MutableVolumeSet.java:initializeVolumeSet(166)) - Added Volume : /home/runner/work/ozone/ozone/hadoop-ozone/integration-test/target/test-dir/MiniOzoneClusterImpl-723737d7-d862-4a19-a51f-6b1567aa62b1/ozone-meta/datanode-4/ratis to VolumeSet
2025-05-28 15:17:13,600 [main] WARN  statemachine.DatanodeConfiguration (DatanodeConfiguration.java:validateMinFreeSpace(689)) - hdds.datanode.volume.min.free.space.percent = -1.0 is invalid, should be between 0 and 1
2025-05-28 15:17:13,602 [main] WARN  statemachine.DatanodeConfiguration (DatanodeConfiguration.java:validateMinFreeSpace(689)) - hdds.datanode.volume.min.free.space.percent = -1.0 is invalid, should be between 0 and 1
2025-05-28 15:17:13,603 [main] INFO  ozoneimpl.OzoneContainer (HddsVolumeUtil.java:loadAllHddsVolumeDbStore(102)) - Load 1 volumes DbStore cost: 1ms
2025-05-28 15:17:13,604 [main] WARN  db.DBStoreBuilder (DBStoreBuilder.java:getDBDirPath(160)) - ozone.scm.datanode.id.dir is not configured. We recommend adding this setting. Falling back to ozone.metadata.dirs instead.
2025-05-28 15:17:13,606 [main] WARN  statemachine.DatanodeConfiguration (DatanodeConfiguration.java:validateMinFreeSpace(689)) - hdds.datanode.volume.min.free.space.percent = -1.0 is invalid, should be between 0 and 1
2025-05-28 15:17:13,606 [main] WARN  db.DBStoreBuilder (DBStoreBuilder.java:getDBDirPath(160)) - ozone.scm.datanode.id.dir is not configured. We recommend adding this setting. Falling back to ozone.metadata.dirs instead.
2025-05-28 15:17:13,626 [main] WARN  statemachine.DatanodeConfiguration (DatanodeConfiguration.java:validateMinFreeSpace(689)) - hdds.datanode.volume.min.free.space.percent = -1.0 is invalid, should be between 0 and 1
2025-05-28 15:17:13,626 [main] INFO  impl.FilePerChunkStrategy (FilePerChunkStrategy.java:<init>(79)) - ozone.chunk.read.mapped.buffer.max.count is load with 0
2025-05-28 15:17:13,626 [main] INFO  impl.FilePerBlockStrategy (FilePerBlockStrategy.java:<init>(87)) - ozone.chunk.read.mapped.buffer.max.count is load with 0
2025-05-28 15:17:13,627 [main] WARN  statemachine.DatanodeConfiguration (DatanodeConfiguration.java:validateMinFreeSpace(689)) - hdds.datanode.volume.min.free.space.percent = -1.0 is invalid, should be between 0 and 1
2025-05-28 15:17:13,629 [main] INFO  server.RaftServerConfigKeys (ConfUtils.java:logGet(46)) - raft.server.log.appender.buffer.byte-limit = 33554432 (custom)
2025-05-28 15:17:13,631 [main] INFO  server.RaftServer (ConfUtils.java:logGet(46)) - raft.rpc.type = GRPC (default)
2025-05-28 15:17:13,631 [main] INFO  grpc.GrpcConfigKeys (ConfUtils.java:logFallback(53)) - raft.grpc.admin.host = null (fallback to raft.grpc.server.host)
2025-05-28 15:17:13,632 [main] INFO  grpc.GrpcConfigKeys (ConfUtils.java:logGet(46)) - raft.grpc.admin.port = 15038 (custom)
2025-05-28 15:17:13,632 [main] INFO  grpc.GrpcConfigKeys (ConfUtils.java:logFallback(53)) - raft.grpc.client.host = null (fallback to raft.grpc.server.host)
2025-05-28 15:17:13,632 [main] INFO  grpc.GrpcConfigKeys (ConfUtils.java:logGet(46)) - raft.grpc.client.port = 15037 (custom)
2025-05-28 15:17:13,632 [main] INFO  grpc.GrpcConfigKeys (ConfUtils.java:logGet(46)) - raft.grpc.server.host = null (default)
2025-05-28 15:17:13,632 [main] INFO  grpc.GrpcConfigKeys (ConfUtils.java:logGet(46)) - raft.grpc.server.port = 15039 (custom)
2025-05-28 15:17:13,632 [main] INFO  server.GrpcService (ConfUtils.java:logGet(46)) - raft.grpc.message.size.max = 34603008 (custom)
2025-05-28 15:17:13,632 [main] INFO  server.GrpcService (ConfUtils.java:logGet(46)) - raft.grpc.flow.control.window = 5MB (=5242880) (custom)
2025-05-28 15:17:13,633 [main] INFO  server.RaftServerConfigKeys (ConfUtils.java:logGet(46)) - raft.server.rpc.request.timeout = 60s (custom)
2025-05-28 15:17:13,633 [main] INFO  grpc.GrpcConfigKeys (ConfUtils.java:logGet(46)) - raft.grpc.server.heartbeat.channel = true (default)
2025-05-28 15:17:13,633 [main] INFO  server.RaftServerConfigKeys (ConfUtils.java:logGet(46)) - raft.server.log.appender.buffer.byte-limit = 33554432 (custom)
2025-05-28 15:17:13,633 [main] INFO  grpc.GrpcConfigKeys (ConfUtils.java:logGet(46)) - raft.grpc.server.async.request.thread.pool.cached = true (default)
2025-05-28 15:17:13,633 [main] INFO  grpc.GrpcConfigKeys (ConfUtils.java:logGet(46)) - raft.grpc.server.async.request.thread.pool.size = 32 (default)
2025-05-28 15:17:13,635 [main] INFO  impl.DataStreamServerImpl (ConfUtils.java:logGet(46)) - raft.datastream.type = NETTY (custom)
2025-05-28 15:17:13,635 [main] INFO  server.RaftServerConfigKeys (ConfUtils.java:logGet(46)) - raft.server.data-stream.async.request.thread.pool.cached = false (default)
2025-05-28 15:17:13,636 [main] INFO  server.RaftServerConfigKeys (ConfUtils.java:logGet(46)) - raft.server.data-stream.async.request.thread.pool.size = 20 (custom)
2025-05-28 15:17:13,636 [main] INFO  server.RaftServerConfigKeys (ConfUtils.java:logGet(46)) - raft.server.data-stream.async.write.thread.pool.size = 16 (default)
2025-05-28 15:17:13,636 [main] INFO  netty.NettyConfigKeys$DataStream (ConfUtils.java:logGet(46)) - raft.netty.dataStream.server.channel.inactive.grace-period = 10min (default)
2025-05-28 15:17:13,636 [main] INFO  server.RaftServerConfigKeys (ConfUtils.java:logGet(46)) - raft.server.data-stream.client.pool.size = 10 (default)
2025-05-28 15:17:13,636 [main] INFO  netty.NettyConfigKeys$DataStream (ConfUtils.java:logGet(46)) - raft.netty.dataStream.server.use-epoll = true (default)
2025-05-28 15:17:13,636 [main] INFO  netty.NettyConfigKeys$DataStream (ConfUtils.java:logGet(46)) - raft.netty.dataStream.server.boss-group.size = 0 (default)
2025-05-28 15:17:13,636 [main] INFO  netty.NettyUtils (NettyUtils.java:newEventLoopGroup(74)) - Create EpollEventLoopGroup for 2b1bfca1-1fdc-4b0a-9b4d-c21112718afa-NettyServerStreamRpc-bossGroup; Thread size is 0.
2025-05-28 15:17:13,637 [main] INFO  netty.NettyConfigKeys$DataStream (ConfUtils.java:logGet(46)) - raft.netty.dataStream.server.worker-group.size = 0 (default)
2025-05-28 15:17:13,637 [main] INFO  netty.NettyUtils (NettyUtils.java:newEventLoopGroup(74)) - Create EpollEventLoopGroup for 2b1bfca1-1fdc-4b0a-9b4d-c21112718afa-NettyServerStreamRpc-workerGroup; Thread size is 0.
2025-05-28 15:17:13,638 [main] INFO  netty.NettyConfigKeys$DataStream (ConfUtils.java:logGet(46)) - raft.netty.dataStream.server.tls.conf = null (default)
2025-05-28 15:17:13,638 [main] INFO  netty.NettyConfigKeys$DataStream (ConfUtils.java:logGet(46)) - raft.netty.dataStream.host = null (default)
2025-05-28 15:17:13,638 [main] INFO  netty.NettyConfigKeys$DataStream (ConfUtils.java:logGet(46)) - raft.netty.dataStream.port = 15040 (custom)
2025-05-28 15:17:13,639 [main] INFO  server.RaftServerConfigKeys (ConfUtils.java:logGet(46)) - raft.server.sleep.deviation.threshold = 300ms (default)
2025-05-28 15:17:13,639 [main] INFO  server.RaftServerConfigKeys (ConfUtils.java:logGet(46)) - raft.server.close.threshold = 60s (default)
2025-05-28 15:17:13,640 [main] INFO  server.RaftServerConfigKeys (ConfUtils.java:logGet(46)) - raft.server.leaderelection.leader.step-down.wait-time = 10s (default)
2025-05-28 15:17:13,640 [main] INFO  server.RaftServerConfigKeys (ConfUtils.java:logGet(46)) - raft.server.storage.dir = [/home/runner/work/ozone/ozone/hadoop-ozone/integration-test/target/test-dir/MiniOzoneClusterImpl-723737d7-d862-4a19-a51f-6b1567aa62b1/ozone-meta/datanode-4/ratis] (custom)
2025-05-28 15:17:13,639 [2b1bfca1-1fdc-4b0a-9b4d-c21112718afa-NettyServerStreamRpc-bossGroup--thread1] INFO  logging.LoggingHandler (AbstractInternalLogger.java:log(148)) - [id: 0xfdb69379] REGISTERED
2025-05-28 15:17:13,639 [4795f679-20b5-4d5a-9a13-c70766a2a14f-EndpointStateMachineTaskThread-/0.0.0.0:15002-0 ] INFO  utils.DatanodeStoreCache (DatanodeStoreCache.java:addDB(70)) - Added db /home/runner/work/ozone/ozone/hadoop-ozone/integration-test/target/test-dir/MiniOzoneClusterImpl-723737d7-d862-4a19-a51f-6b1567aa62b1/ozone-meta/datanode-1/data-0/hdds/723737d7-d862-4a19-a51f-6b1567aa62b1/DS-90e20c52-e033-4bf3-b7fb-3bfbbf92f9dc/container.db to cache
2025-05-28 15:17:13,641 [4795f679-20b5-4d5a-9a13-c70766a2a14f-EndpointStateMachineTaskThread-/0.0.0.0:15002-0 ] INFO  volume.HddsVolume (HddsVolume.java:createDbStore(510)) - SchemaV3 db is created and loaded at /home/runner/work/ozone/ozone/hadoop-ozone/integration-test/target/test-dir/MiniOzoneClusterImpl-723737d7-d862-4a19-a51f-6b1567aa62b1/ozone-meta/datanode-1/data-0/hdds/723737d7-d862-4a19-a51f-6b1567aa62b1/DS-90e20c52-e033-4bf3-b7fb-3bfbbf92f9dc/container.db for volume DS-90e20c52-e033-4bf3-b7fb-3bfbbf92f9dc
2025-05-28 15:17:13,641 [main] INFO  server.RaftServerConfigKeys (ConfUtils.java:logGet(46)) - raft.server.threadpool.proxy.cached = true (default)
2025-05-28 15:17:13,641 [main] INFO  server.RaftServerConfigKeys (ConfUtils.java:logGet(46)) - raft.server.threadpool.proxy.size = 0 (default)
2025-05-28 15:17:13,642 [4795f679-20b5-4d5a-9a13-c70766a2a14f-EndpointStateMachineTaskThread-/0.0.0.0:15002-0 ] WARN  statemachine.DatanodeConfiguration (DatanodeConfiguration.java:validateMinFreeSpace(689)) - hdds.datanode.volume.min.free.space.percent = -1.0 is invalid, should be between 0 and 1
2025-05-28 15:17:13,641 [2b1bfca1-1fdc-4b0a-9b4d-c21112718afa-NettyServerStreamRpc-bossGroup--thread1] INFO  logging.LoggingHandler (AbstractInternalLogger.java:log(148)) - [id: 0xfdb69379] BIND: 0.0.0.0/0.0.0.0:15040
2025-05-28 15:17:13,643 [2b1bfca1-1fdc-4b0a-9b4d-c21112718afa-impl-thread1] INFO  server.RaftServer (RaftServerProxy.java:initGroupDir(265)) - 2b1bfca1-1fdc-4b0a-9b4d-c21112718afa: found a subdirectory /home/runner/work/ozone/ozone/hadoop-ozone/integration-test/target/test-dir/MiniOzoneClusterImpl-723737d7-d862-4a19-a51f-6b1567aa62b1/ozone-meta/datanode-4/ratis/tmp
2025-05-28 15:17:13,643 [2b1bfca1-1fdc-4b0a-9b4d-c21112718afa-impl-thread1] INFO  server.RaftServer (RaftServerProxy.java:initGroupDir(270)) - 2b1bfca1-1fdc-4b0a-9b4d-c21112718afa: The directory /home/runner/work/ozone/ozone/hadoop-ozone/integration-test/target/test-dir/MiniOzoneClusterImpl-723737d7-d862-4a19-a51f-6b1567aa62b1/ozone-meta/datanode-4/ratis/tmp is not a group directory; ignoring it. 
2025-05-28 15:17:13,643 [2b1bfca1-1fdc-4b0a-9b4d-c21112718afa-NettyServerStreamRpc-bossGroup--thread1] INFO  logging.LoggingHandler (AbstractInternalLogger.java:log(148)) - [id: 0xfdb69379, L:/0.0.0.0:15040] ACTIVE
2025-05-28 15:17:13,643 [main] INFO  replication.ReplicationServer (ReplicationServer.java:<init>(84)) - Initializing replication server with thread count = 10 queue length = 4096
2025-05-28 15:17:13,644 [main] WARN  statemachine.DatanodeConfiguration (DatanodeConfiguration.java:validateMinFreeSpace(689)) - hdds.datanode.volume.min.free.space.percent = -1.0 is invalid, should be between 0 and 1
2025-05-28 15:17:13,645 [main] INFO  server.XceiverServerGrpc (XceiverServerGrpc.java:<init>(130)) - GrpcServer channel type EpollServerSocketChannel
2025-05-28 15:17:13,646 [main] WARN  statemachine.DatanodeConfiguration (DatanodeConfiguration.java:validateMinFreeSpace(689)) - hdds.datanode.volume.min.free.space.percent = -1.0 is invalid, should be between 0 and 1
2025-05-28 15:17:13,647 [main] INFO  replication.ReplicationSupervisor (ReplicationSupervisor.java:build(169)) - Initializing replication supervisor with thread count = 10
2025-05-28 15:17:13,648 [main] INFO  replication.ReplicationSupervisor (ReplicationSupervisor.java:nodeStateUpdated(358)) - Node state updated to IN_SERVICE, scaling executor pool size to 10
2025-05-28 15:17:13,652 [main] INFO  http.BaseHttpServer (BaseHttpServer.java:newHttpServer2BuilderForOzone(229)) - Starting Web-server for hddsDatanode at: http://0.0.0.0:15034
2025-05-28 15:17:13,652 [main] INFO  http.BaseHttpServer (BaseHttpServer.java:<init>(107)) - Hadoop Security Enabled: false Ozone Security Enabled: false Ozone HTTP Security Enabled: false 
2025-05-28 15:17:13,652 [4795f679-20b5-4d5a-9a13-c70766a2a14f-ContainerReader-0] INFO  ozoneimpl.ContainerReader (ContainerReader.java:readVolume(144)) - Start to verify containers on volume /home/runner/work/ozone/ozone/hadoop-ozone/integration-test/target/test-dir/MiniOzoneClusterImpl-723737d7-d862-4a19-a51f-6b1567aa62b1/ozone-meta/datanode-1/data-0/hdds
2025-05-28 15:17:13,653 [4795f679-20b5-4d5a-9a13-c70766a2a14f-ContainerReader-0] INFO  ozoneimpl.ContainerReader (ContainerReader.java:readVolume(174)) - Finish verifying containers on volume /home/runner/work/ozone/ozone/hadoop-ozone/integration-test/target/test-dir/MiniOzoneClusterImpl-723737d7-d862-4a19-a51f-6b1567aa62b1/ozone-meta/datanode-1/data-0/hdds
2025-05-28 15:17:13,654 [main] WARN  server.AuthenticationFilter (AuthenticationFilter.java:constructSecretProvider(240)) - Unable to initialize FileSignerSecretProvider, falling back to use random secrets. Reason: Could not read signature secret file: /home/runner/hadoop-http-auth-signature-secret
2025-05-28 15:17:13,655 [4795f679-20b5-4d5a-9a13-c70766a2a14f-EndpointStateMachineTaskThread-/0.0.0.0:15002-0 ] INFO  ozoneimpl.OzoneContainer (OzoneContainer.java:buildContainerSet(364)) - Build ContainerSet costs 0s
2025-05-28 15:17:13,655 [4795f679-20b5-4d5a-9a13-c70766a2a14f-EndpointStateMachineTaskThread-/0.0.0.0:15002-0 ] INFO  volume.ThrottledAsyncChecker (ThrottledAsyncChecker.java:schedule(138)) - Scheduling a check for /home/runner/work/ozone/ozone/hadoop-ozone/integration-test/target/test-dir/MiniOzoneClusterImpl-723737d7-d862-4a19-a51f-6b1567aa62b1/ozone-meta/datanode-1/data-0/hdds
2025-05-28 15:17:13,660 [main] INFO  http.HttpServer2 (HttpServer2.java:addGlobalFilter(1042)) - Added global filter 'safety' (class=org.apache.hadoop.hdds.server.http.HttpServer2$QuotingInputFilter)
2025-05-28 15:17:13,661 [main] INFO  http.HttpServer2 (HttpServer2.java:addFilter(1018)) - Added filter static_user_filter (class=org.apache.hadoop.http.lib.StaticUserWebFilter$StaticUserFilter) to context hddsDatanode
2025-05-28 15:17:13,662 [main] INFO  http.HttpServer2 (HttpServer2.java:addFilter(1026)) - Added filter static_user_filter (class=org.apache.hadoop.http.lib.StaticUserWebFilter$StaticUserFilter) to context logs
2025-05-28 15:17:13,662 [main] INFO  http.HttpServer2 (HttpServer2.java:addFilter(1026)) - Added filter static_user_filter (class=org.apache.hadoop.http.lib.StaticUserWebFilter$StaticUserFilter) to context static
2025-05-28 15:17:13,663 [main] INFO  http.BaseHttpServer (BaseHttpServer.java:<init>(195)) - HTTP server of hddsDatanode uses base directory /home/runner/work/ozone/ozone/hadoop-ozone/integration-test/target/test-dir/MiniOzoneClusterImpl-723737d7-d862-4a19-a51f-6b1567aa62b1/ozone-meta/datanode-4/meta/webserver
2025-05-28 15:17:13,663 [main] INFO  http.HttpServer2 (HttpServer2.java:bindListener(1242)) - Jetty bound to port 15034
2025-05-28 15:17:13,663 [4795f679-20b5-4d5a-9a13-c70766a2a14f-EndpointStateMachineTaskThread-/0.0.0.0:15002-0 ] INFO  volume.StorageVolumeChecker (StorageVolumeChecker.java:checkAllVolumes(215)) - Scheduled health check for volume /home/runner/work/ozone/ozone/hadoop-ozone/integration-test/target/test-dir/MiniOzoneClusterImpl-723737d7-d862-4a19-a51f-6b1567aa62b1/ozone-meta/datanode-1/data-0/hdds
2025-05-28 15:17:13,663 [main] INFO  server.Server (Server.java:doStart(375)) - jetty-9.4.57.v20241219; built: 2025-01-08T21:24:30.412Z; git: df524e6b29271c2e09ba9aea83c18dc9db464a31; jvm 21.0.7+6-LTS
2025-05-28 15:17:13,666 [main] INFO  server.session (DefaultSessionIdManager.java:doStart(334)) - DefaultSessionIdManager workerName=node0
2025-05-28 15:17:13,666 [main] INFO  server.session (DefaultSessionIdManager.java:doStart(339)) - No SessionScavenger set, using defaults
2025-05-28 15:17:13,666 [main] INFO  server.session (HouseKeeper.java:startScavenging(132)) - node0 Scavenging every 660000ms
2025-05-28 15:17:13,667 [main] INFO  handler.ContextHandler (ContextHandler.java:doStart(921)) - Started o.e.j.s.ServletContextHandler@7f31e2fb{logs,/logs,file:///home/runner/work/ozone/ozone/hadoop-ozone/integration-test/target/log,AVAILABLE}
2025-05-28 15:17:13,668 [main] INFO  handler.ContextHandler (ContextHandler.java:doStart(921)) - Started o.e.j.s.ServletContextHandler@7615eb9f{static,/static,jar:file:/home/runner/work/ozone/ozone/hadoop-hdds/container-service/target/hdds-container-service-2.1.0-SNAPSHOT.jar!/webapps/static,AVAILABLE}
2025-05-28 15:17:13,672 [4795f679-20b5-4d5a-9a13-c70766a2a14f-EndpointStateMachineTaskThread-/0.0.0.0:15002-0 ] INFO  volume.ThrottledAsyncChecker (ThrottledAsyncChecker.java:schedule(138)) - Scheduling a check for /home/runner/work/ozone/ozone/hadoop-ozone/integration-test/target/test-dir/MiniOzoneClusterImpl-723737d7-d862-4a19-a51f-6b1567aa62b1/ozone-meta/datanode-1/ratis
2025-05-28 15:17:13,672 [4795f679-20b5-4d5a-9a13-c70766a2a14f-EndpointStateMachineTaskThread-/0.0.0.0:15002-0 ] INFO  volume.StorageVolumeChecker (StorageVolumeChecker.java:checkAllVolumes(215)) - Scheduled health check for volume /home/runner/work/ozone/ozone/hadoop-ozone/integration-test/target/test-dir/MiniOzoneClusterImpl-723737d7-d862-4a19-a51f-6b1567aa62b1/ozone-meta/datanode-1/ratis
2025-05-28 15:17:13,673 [4795f679-20b5-4d5a-9a13-c70766a2a14f-EndpointStateMachineTaskThread-/0.0.0.0:15002-0 ] INFO  ozoneimpl.OzoneContainer (OzoneContainer.java:start(512)) - Attempting to start container services.
2025-05-28 15:17:13,682 [ContainerMetadataScanner] INFO  ozoneimpl.AbstractBackgroundContainerScanner (AbstractBackgroundContainerScanner.java:runIteration(89)) - Completed an iteration in 0 minutes. Number of iterations (since the data-node restart) : 1, Number of containers scanned in this iteration : 0, Number of unhealthy containers found in this iteration : 0
2025-05-28 15:17:13,686 [ContainerDataScanner(/home/runner/work/ozone/ozone/hadoop-ozone/integration-test/target/test-dir/MiniOzoneClusterImpl-723737d7-d862-4a19-a51f-6b1567aa62b1/ozone-meta/datanode-1/data-0/hdds)] INFO  ozoneimpl.AbstractBackgroundContainerScanner (AbstractBackgroundContainerScanner.java:runIteration(89)) - Completed an iteration in 0 minutes. Number of iterations (since the data-node restart) : 1, Number of containers scanned in this iteration : 0, Number of unhealthy containers found in this iteration : 0
2025-05-28 15:17:13,686 [4795f679-20b5-4d5a-9a13-c70766a2a14f-EndpointStateMachineTaskThread-/0.0.0.0:15002-0 ] INFO  replication.ReplicationServer (ReplicationServer.java:start(137)) - ReplicationServer is started using port 15017
2025-05-28 15:17:13,687 [4795f679-20b5-4d5a-9a13-c70766a2a14f-EndpointStateMachineTaskThread-/0.0.0.0:15002-0 ] INFO  ratis.XceiverServerRatis (XceiverServerRatis.java:start(559)) - Starting XceiverServerRatis(4795f679-20b5-4d5a-9a13-c70766a2a14f)
2025-05-28 15:17:13,688 [4795f679-20b5-4d5a-9a13-c70766a2a14f-EndpointStateMachineTaskThread-/0.0.0.0:15002-0 ] INFO  server.RaftServer (RaftServerProxy.java:startImpl(407)) - 4795f679-20b5-4d5a-9a13-c70766a2a14f: start RPC server
2025-05-28 15:17:13,688 [4795f679-20b5-4d5a-9a13-c70766a2a14f-EndpointStateMachineTaskThread-/0.0.0.0:15002-0 ] INFO  server.GrpcService (GrpcService.java:startImpl(334)) - 4795f679-20b5-4d5a-9a13-c70766a2a14f: GrpcService started, listening on 15013
2025-05-28 15:17:13,689 [4795f679-20b5-4d5a-9a13-c70766a2a14f-EndpointStateMachineTaskThread-/0.0.0.0:15002-0 ] INFO  server.GrpcService (GrpcService.java:startImpl(334)) - 4795f679-20b5-4d5a-9a13-c70766a2a14f: GrpcService started, listening on 15015
2025-05-28 15:17:13,689 [4795f679-20b5-4d5a-9a13-c70766a2a14f-EndpointStateMachineTaskThread-/0.0.0.0:15002-0 ] INFO  server.GrpcService (GrpcService.java:startImpl(334)) - 4795f679-20b5-4d5a-9a13-c70766a2a14f: GrpcService started, listening on 15014
2025-05-28 15:17:13,690 [JvmPauseMonitor3] INFO  util.JvmPauseMonitor (JvmPauseMonitor.java:run(146)) - JvmPauseMonitor-4795f679-20b5-4d5a-9a13-c70766a2a14f: Started
2025-05-28 15:17:13,690 [4795f679-20b5-4d5a-9a13-c70766a2a14f-EndpointStateMachineTaskThread-/0.0.0.0:15002-0 ] INFO  ratis.XceiverServerRatis (XceiverServerRatis.java:getRealPort(586)) - XceiverServerRatis(4795f679-20b5-4d5a-9a13-c70766a2a14f) is started using port RATIS=15013
2025-05-28 15:17:13,690 [4795f679-20b5-4d5a-9a13-c70766a2a14f-EndpointStateMachineTaskThread-/0.0.0.0:15002-0 ] INFO  ratis.XceiverServerRatis (XceiverServerRatis.java:getRealPort(586)) - XceiverServerRatis(4795f679-20b5-4d5a-9a13-c70766a2a14f) is started using port RATIS_ADMIN=15014
2025-05-28 15:17:13,691 [4795f679-20b5-4d5a-9a13-c70766a2a14f-EndpointStateMachineTaskThread-/0.0.0.0:15002-0 ] INFO  ratis.XceiverServerRatis (XceiverServerRatis.java:getRealPort(586)) - XceiverServerRatis(4795f679-20b5-4d5a-9a13-c70766a2a14f) is started using port RATIS_SERVER=15015
2025-05-28 15:17:13,691 [4795f679-20b5-4d5a-9a13-c70766a2a14f-EndpointStateMachineTaskThread-/0.0.0.0:15002-0 ] INFO  ratis.XceiverServerRatis (XceiverServerRatis.java:getRealPort(586)) - XceiverServerRatis(4795f679-20b5-4d5a-9a13-c70766a2a14f) is started using port RATIS_DATASTREAM=15016
2025-05-28 15:17:13,694 [4795f679-20b5-4d5a-9a13-c70766a2a14f-BlockDeletingService#0] INFO  interfaces.ContainerDeletionChoosingPolicyTemplate (ContainerDeletionChoosingPolicyTemplate.java:chooseContainerForBlockDeletion(83)) - Chosen 0/5000 blocks from 0 candidate containers.
2025-05-28 15:17:13,743 [a755fe32-7d9a-4996-bc51-d7fbc67ab218-EndpointStateMachineTaskThread-/0.0.0.0:15002-0 ] WARN  statemachine.DatanodeConfiguration (DatanodeConfiguration.java:validateMinFreeSpace(689)) - hdds.datanode.volume.min.free.space.percent = -1.0 is invalid, should be between 0 and 1
2025-05-28 15:17:13,744 [a755fe32-7d9a-4996-bc51-d7fbc67ab218-EndpointStateMachineTaskThread-/0.0.0.0:15002-0 ] WARN  statemachine.DatanodeConfiguration (DatanodeConfiguration.java:validateMinFreeSpace(689)) - hdds.datanode.volume.min.free.space.percent = -1.0 is invalid, should be between 0 and 1
2025-05-28 15:17:13,745 [a755fe32-7d9a-4996-bc51-d7fbc67ab218-EndpointStateMachineTaskThread-/0.0.0.0:15002-0 ] WARN  statemachine.DatanodeConfiguration (DatanodeConfiguration.java:validateMinFreeSpace(689)) - hdds.datanode.volume.min.free.space.percent = -1.0 is invalid, should be between 0 and 1
2025-05-28 15:17:13,779 [a755fe32-7d9a-4996-bc51-d7fbc67ab218-EndpointStateMachineTaskThread-/0.0.0.0:15002-0 ] INFO  utils.DatanodeStoreCache (DatanodeStoreCache.java:addDB(70)) - Added db /home/runner/work/ozone/ozone/hadoop-ozone/integration-test/target/test-dir/MiniOzoneClusterImpl-723737d7-d862-4a19-a51f-6b1567aa62b1/ozone-meta/datanode-2/data-0/hdds/723737d7-d862-4a19-a51f-6b1567aa62b1/DS-1d5211c9-e946-45bc-acd5-d43593fa47a5/container.db to cache
2025-05-28 15:17:13,779 [a755fe32-7d9a-4996-bc51-d7fbc67ab218-EndpointStateMachineTaskThread-/0.0.0.0:15002-0 ] INFO  volume.HddsVolume (HddsVolume.java:createDbStore(510)) - SchemaV3 db is created and loaded at /home/runner/work/ozone/ozone/hadoop-ozone/integration-test/target/test-dir/MiniOzoneClusterImpl-723737d7-d862-4a19-a51f-6b1567aa62b1/ozone-meta/datanode-2/data-0/hdds/723737d7-d862-4a19-a51f-6b1567aa62b1/DS-1d5211c9-e946-45bc-acd5-d43593fa47a5/container.db for volume DS-1d5211c9-e946-45bc-acd5-d43593fa47a5
2025-05-28 15:17:13,780 [a755fe32-7d9a-4996-bc51-d7fbc67ab218-EndpointStateMachineTaskThread-/0.0.0.0:15002-0 ] WARN  statemachine.DatanodeConfiguration (DatanodeConfiguration.java:validateMinFreeSpace(689)) - hdds.datanode.volume.min.free.space.percent = -1.0 is invalid, should be between 0 and 1
2025-05-28 15:17:13,782 [a755fe32-7d9a-4996-bc51-d7fbc67ab218-ContainerReader-0] INFO  ozoneimpl.ContainerReader (ContainerReader.java:readVolume(144)) - Start to verify containers on volume /home/runner/work/ozone/ozone/hadoop-ozone/integration-test/target/test-dir/MiniOzoneClusterImpl-723737d7-d862-4a19-a51f-6b1567aa62b1/ozone-meta/datanode-2/data-0/hdds
2025-05-28 15:17:13,782 [a755fe32-7d9a-4996-bc51-d7fbc67ab218-ContainerReader-0] INFO  ozoneimpl.ContainerReader (ContainerReader.java:readVolume(174)) - Finish verifying containers on volume /home/runner/work/ozone/ozone/hadoop-ozone/integration-test/target/test-dir/MiniOzoneClusterImpl-723737d7-d862-4a19-a51f-6b1567aa62b1/ozone-meta/datanode-2/data-0/hdds
2025-05-28 15:17:13,783 [a755fe32-7d9a-4996-bc51-d7fbc67ab218-EndpointStateMachineTaskThread-/0.0.0.0:15002-0 ] INFO  ozoneimpl.OzoneContainer (OzoneContainer.java:buildContainerSet(364)) - Build ContainerSet costs 0s
2025-05-28 15:17:13,783 [a755fe32-7d9a-4996-bc51-d7fbc67ab218-EndpointStateMachineTaskThread-/0.0.0.0:15002-0 ] INFO  volume.ThrottledAsyncChecker (ThrottledAsyncChecker.java:schedule(138)) - Scheduling a check for /home/runner/work/ozone/ozone/hadoop-ozone/integration-test/target/test-dir/MiniOzoneClusterImpl-723737d7-d862-4a19-a51f-6b1567aa62b1/ozone-meta/datanode-2/data-0/hdds
2025-05-28 15:17:13,783 [a755fe32-7d9a-4996-bc51-d7fbc67ab218-EndpointStateMachineTaskThread-/0.0.0.0:15002-0 ] INFO  volume.StorageVolumeChecker (StorageVolumeChecker.java:checkAllVolumes(215)) - Scheduled health check for volume /home/runner/work/ozone/ozone/hadoop-ozone/integration-test/target/test-dir/MiniOzoneClusterImpl-723737d7-d862-4a19-a51f-6b1567aa62b1/ozone-meta/datanode-2/data-0/hdds
2025-05-28 15:17:13,787 [a755fe32-7d9a-4996-bc51-d7fbc67ab218-EndpointStateMachineTaskThread-/0.0.0.0:15002-0 ] INFO  volume.ThrottledAsyncChecker (ThrottledAsyncChecker.java:schedule(138)) - Scheduling a check for /home/runner/work/ozone/ozone/hadoop-ozone/integration-test/target/test-dir/MiniOzoneClusterImpl-723737d7-d862-4a19-a51f-6b1567aa62b1/ozone-meta/datanode-2/ratis
2025-05-28 15:17:13,787 [a755fe32-7d9a-4996-bc51-d7fbc67ab218-EndpointStateMachineTaskThread-/0.0.0.0:15002-0 ] INFO  volume.StorageVolumeChecker (StorageVolumeChecker.java:checkAllVolumes(215)) - Scheduled health check for volume /home/runner/work/ozone/ozone/hadoop-ozone/integration-test/target/test-dir/MiniOzoneClusterImpl-723737d7-d862-4a19-a51f-6b1567aa62b1/ozone-meta/datanode-2/ratis
2025-05-28 15:17:13,788 [a755fe32-7d9a-4996-bc51-d7fbc67ab218-EndpointStateMachineTaskThread-/0.0.0.0:15002-0 ] INFO  ozoneimpl.OzoneContainer (OzoneContainer.java:start(512)) - Attempting to start container services.
2025-05-28 15:17:13,788 [a755fe32-7d9a-4996-bc51-d7fbc67ab218-EndpointStateMachineTaskThread-/0.0.0.0:15002-0 ] WARN  ozoneimpl.OnDemandContainerDataScanner (OnDemandContainerDataScanner.java:init(74)) - Trying to initialize on demand scanner a second time on a datanode.
2025-05-28 15:17:13,789 [ContainerMetadataScanner] INFO  ozoneimpl.AbstractBackgroundContainerScanner (AbstractBackgroundContainerScanner.java:runIteration(89)) - Completed an iteration in 0 minutes. Number of iterations (since the data-node restart) : 1, Number of containers scanned in this iteration : 0, Number of unhealthy containers found in this iteration : 0
2025-05-28 15:17:13,790 [ContainerDataScanner(/home/runner/work/ozone/ozone/hadoop-ozone/integration-test/target/test-dir/MiniOzoneClusterImpl-723737d7-d862-4a19-a51f-6b1567aa62b1/ozone-meta/datanode-2/data-0/hdds)] INFO  ozoneimpl.AbstractBackgroundContainerScanner (AbstractBackgroundContainerScanner.java:runIteration(89)) - Completed an iteration in 0 minutes. Number of iterations (since the data-node restart) : 1, Number of containers scanned in this iteration : 0, Number of unhealthy containers found in this iteration : 0
2025-05-28 15:17:13,790 [a755fe32-7d9a-4996-bc51-d7fbc67ab218-EndpointStateMachineTaskThread-/0.0.0.0:15002-0 ] INFO  replication.ReplicationServer (ReplicationServer.java:start(137)) - ReplicationServer is started using port 15025
2025-05-28 15:17:13,791 [a755fe32-7d9a-4996-bc51-d7fbc67ab218-EndpointStateMachineTaskThread-/0.0.0.0:15002-0 ] INFO  ratis.XceiverServerRatis (XceiverServerRatis.java:start(559)) - Starting XceiverServerRatis(a755fe32-7d9a-4996-bc51-d7fbc67ab218)
2025-05-28 15:17:13,792 [a755fe32-7d9a-4996-bc51-d7fbc67ab218-EndpointStateMachineTaskThread-/0.0.0.0:15002-0 ] INFO  server.RaftServer (RaftServerProxy.java:startImpl(407)) - a755fe32-7d9a-4996-bc51-d7fbc67ab218: start RPC server
2025-05-28 15:17:13,792 [a755fe32-7d9a-4996-bc51-d7fbc67ab218-EndpointStateMachineTaskThread-/0.0.0.0:15002-0 ] INFO  server.GrpcService (GrpcService.java:startImpl(334)) - a755fe32-7d9a-4996-bc51-d7fbc67ab218: GrpcService started, listening on 15021
2025-05-28 15:17:13,793 [a755fe32-7d9a-4996-bc51-d7fbc67ab218-EndpointStateMachineTaskThread-/0.0.0.0:15002-0 ] INFO  server.GrpcService (GrpcService.java:startImpl(334)) - a755fe32-7d9a-4996-bc51-d7fbc67ab218: GrpcService started, listening on 15023
2025-05-28 15:17:13,793 [a755fe32-7d9a-4996-bc51-d7fbc67ab218-EndpointStateMachineTaskThread-/0.0.0.0:15002-0 ] INFO  server.GrpcService (GrpcService.java:startImpl(334)) - a755fe32-7d9a-4996-bc51-d7fbc67ab218: GrpcService started, listening on 15022
2025-05-28 15:17:13,794 [a755fe32-7d9a-4996-bc51-d7fbc67ab218-EndpointStateMachineTaskThread-/0.0.0.0:15002-0 ] INFO  ratis.XceiverServerRatis (XceiverServerRatis.java:getRealPort(586)) - XceiverServerRatis(a755fe32-7d9a-4996-bc51-d7fbc67ab218) is started using port RATIS=15021
2025-05-28 15:17:13,794 [a755fe32-7d9a-4996-bc51-d7fbc67ab218-EndpointStateMachineTaskThread-/0.0.0.0:15002-0 ] INFO  ratis.XceiverServerRatis (XceiverServerRatis.java:getRealPort(586)) - XceiverServerRatis(a755fe32-7d9a-4996-bc51-d7fbc67ab218) is started using port RATIS_ADMIN=15022
2025-05-28 15:17:13,794 [a755fe32-7d9a-4996-bc51-d7fbc67ab218-EndpointStateMachineTaskThread-/0.0.0.0:15002-0 ] INFO  ratis.XceiverServerRatis (XceiverServerRatis.java:getRealPort(586)) - XceiverServerRatis(a755fe32-7d9a-4996-bc51-d7fbc67ab218) is started using port RATIS_SERVER=15023
2025-05-28 15:17:13,794 [a755fe32-7d9a-4996-bc51-d7fbc67ab218-EndpointStateMachineTaskThread-/0.0.0.0:15002-0 ] INFO  ratis.XceiverServerRatis (XceiverServerRatis.java:getRealPort(586)) - XceiverServerRatis(a755fe32-7d9a-4996-bc51-d7fbc67ab218) is started using port RATIS_DATASTREAM=15024
2025-05-28 15:17:13,794 [JvmPauseMonitor4] INFO  util.JvmPauseMonitor (JvmPauseMonitor.java:run(146)) - JvmPauseMonitor-a755fe32-7d9a-4996-bc51-d7fbc67ab218: Started
2025-05-28 15:17:13,795 [a755fe32-7d9a-4996-bc51-d7fbc67ab218-BlockDeletingService#0] INFO  interfaces.ContainerDeletionChoosingPolicyTemplate (ContainerDeletionChoosingPolicyTemplate.java:chooseContainerForBlockDeletion(83)) - Chosen 0/5000 blocks from 0 candidate containers.
2025-05-28 15:17:13,820 [main] INFO  handler.ContextHandler (ContextHandler.java:doStart(921)) - Started o.e.j.w.WebAppContext@60600939{hddsDatanode,/,file:///home/runner/work/ozone/ozone/hadoop-ozone/integration-test/target/test-dir/MiniOzoneClusterImpl-723737d7-d862-4a19-a51f-6b1567aa62b1/ozone-meta/datanode-4/meta/webserver/jetty-0_0_0_0-15034-hdds-container-service-2_1_0-SNAPSHOT_jar-_-any-2528845348191971237/webapp/,AVAILABLE}{jar:file:/home/runner/work/ozone/ozone/hadoop-hdds/container-service/target/hdds-container-service-2.1.0-SNAPSHOT.jar!/webapps/hddsDatanode}
2025-05-28 15:17:13,820 [main] INFO  server.AbstractConnector (AbstractConnector.java:doStart(333)) - Started ServerConnector@2eac7950{HTTP/1.1, (http/1.1)}{0.0.0.0:15034}
2025-05-28 15:17:13,820 [main] INFO  server.Server (Server.java:doStart(415)) - Started @12521ms
2025-05-28 15:17:13,821 [main] WARN  impl.MetricsSystemImpl (MetricsSystemImpl.java:register(279)) - Sink prometheus already exists!
2025-05-28 15:17:13,821 [main] INFO  http.BaseHttpServer (BaseHttpServer.java:updateConnectorAddress(359)) - HTTP server of hddsDatanode listening at http://localhost:15034
2025-05-28 15:17:13,821 [main] INFO  ipc.CallQueueManager (CallQueueManager.java:<init>(93)) - Using callQueue: class java.util.concurrent.LinkedBlockingQueue, queueCapacity: 1000, scheduler: class org.apache.hadoop.ipc.DefaultRpcScheduler, ipcBackoff: false, ipcFailOver: false.
2025-05-28 15:17:13,821 [main] INFO  ipc.Server (Server.java:<init>(1438)) - Listener at 0.0.0.0:15035
2025-05-28 15:17:13,822 [Socket Reader #1 for port 15035] INFO  ipc.Server (Server.java:run(1474)) - Starting Socket Reader #1 for port 15035
2025-05-28 15:17:13,822 [Socket Reader #2 for port 15035] INFO  ipc.Server (Server.java:run(1474)) - Starting Socket Reader #2 for port 15035
2025-05-28 15:17:13,822 [Socket Reader #3 for port 15035] INFO  ipc.Server (Server.java:run(1474)) - Starting Socket Reader #3 for port 15035
2025-05-28 15:17:13,823 [Socket Reader #4 for port 15035] INFO  ipc.Server (Server.java:run(1474)) - Starting Socket Reader #4 for port 15035
2025-05-28 15:17:13,823 [Socket Reader #5 for port 15035] INFO  ipc.Server (Server.java:run(1474)) - Starting Socket Reader #5 for port 15035
2025-05-28 15:17:13,824 [Socket Reader #6 for port 15035] INFO  ipc.Server (Server.java:run(1474)) - Starting Socket Reader #6 for port 15035
2025-05-28 15:17:13,824 [Socket Reader #7 for port 15035] INFO  ipc.Server (Server.java:run(1474)) - Starting Socket Reader #7 for port 15035
2025-05-28 15:17:13,824 [Socket Reader #8 for port 15035] INFO  ipc.Server (Server.java:run(1474)) - Starting Socket Reader #8 for port 15035
2025-05-28 15:17:13,825 [Socket Reader #9 for port 15035] INFO  ipc.Server (Server.java:run(1474)) - Starting Socket Reader #9 for port 15035
2025-05-28 15:17:13,825 [Socket Reader #10 for port 15035] INFO  ipc.Server (Server.java:run(1474)) - Starting Socket Reader #10 for port 15035
2025-05-28 15:17:13,827 [main] INFO  ozone.HddsDatanodeService (HddsDatanodeService.java:start(325)) - Datanode start with admins: [runner]
2025-05-28 15:17:13,827 [main] INFO  ozone.HddsDatanodeClientProtocolServer (HddsDatanodeClientProtocolServer.java:start(76)) - RPC server for Client /0.0.0.0:15035
2025-05-28 15:17:13,827 [IPC Server Responder] INFO  ipc.Server (Server.java:run(1713)) - IPC Server Responder: starting
2025-05-28 15:17:13,827 [IPC Server listener on 15035] INFO  ipc.Server (Server.java:run(1553)) - IPC Server listener on 15035: starting
2025-05-28 15:17:13,829 [main] WARN  dropwizard3.Dm3MetricRegistriesImpl (Dm3MetricRegistriesImpl.java:addReporterRegistration(114)) - New reporters are added after registries were created. Some metrics will be missing from the reporter. Please add reporter before adding any new registry.
2025-05-28 15:17:13,830 [main] WARN  dropwizard3.Dm3MetricRegistriesImpl (Dm3MetricRegistriesImpl.java:addReporterRegistration(114)) - New reporters are added after registries were created. Some metrics will be missing from the reporter. Please add reporter before adding any new registry.
2025-05-28 15:17:13,830 [main] INFO  impl.MetricsSystemImpl (MetricsSystemImpl.java:init(158)) - HddsDatanode metrics system started (again)
2025-05-28 15:17:13,834 [2b1bfca1-1fdc-4b0a-9b4d-c21112718afa-DatanodeStateMachineDaemonThread] INFO  statemachine.DatanodeStateMachine (DatanodeStateMachine.java:startStateMachineThread(340)) - Ozone container server started.
2025-05-28 15:17:13,841 [2b1bfca1-1fdc-4b0a-9b4d-c21112718afa-DatanodeStateMachineTaskThread-0] INFO  datanode.InitDatanodeState (InitDatanodeState.java:persistContainerDatanodeDetails(139)) - DatanodeDetails is persisted to /home/runner/work/ozone/ozone/hadoop-ozone/integration-test/target/test-dir/MiniOzoneClusterImpl-723737d7-d862-4a19-a51f-6b1567aa62b1/ozone-meta/datanode-4/meta/datanode.id
2025-05-28 15:17:13,850 [main] INFO  protocol.DatanodeDetails (DatanodeDetails.java:validateDatanodeIpAddress(199)) - Updating IP address of datanode 78b7fabf-ca2a-4b70-8534-e46926e2083c(localhost/null) to 127.0.0.1
2025-05-28 15:17:13,850 [main] INFO  ozone.HddsDatanodeService (HddsDatanodeService.java:start(234)) - HddsDatanodeService 78b7fabf-ca2a-4b70-8534-e46926e2083c(localhost/127.0.0.1)
2025-05-28 15:17:13,852 [main] WARN  statemachine.DatanodeConfiguration (DatanodeConfiguration.java:validateMinFreeSpace(689)) - hdds.datanode.volume.min.free.space.percent = -1.0 is invalid, should be between 0 and 1
2025-05-28 15:17:13,852 [main] INFO  upgrade.AbstractLayoutVersionManager (AbstractLayoutVersionManager.java:init(80)) - Initializing Layout version manager with metadata layout = HBASE_SUPPORT (version = 8), software layout = HBASE_SUPPORT (version = 8)
2025-05-28 15:17:13,853 [main] INFO  statemachine.DatanodeStateMachine (DatanodeStateMachine.java:getEndPointTaskThreadPoolSize(298)) - Datanode State Machine Task Thread Pool size 2
2025-05-28 15:17:13,854 [main] WARN  statemachine.DatanodeConfiguration (DatanodeConfiguration.java:validateMinFreeSpace(689)) - hdds.datanode.volume.min.free.space.percent = -1.0 is invalid, should be between 0 and 1
2025-05-28 15:17:13,854 [main] WARN  statemachine.DatanodeConfiguration (DatanodeConfiguration.java:validateMinFreeSpace(689)) - hdds.datanode.volume.min.free.space.percent = -1.0 is invalid, should be between 0 and 1
2025-05-28 15:17:13,855 [main] WARN  statemachine.DatanodeConfiguration (DatanodeConfiguration.java:validateMinFreeSpace(689)) - hdds.datanode.volume.min.free.space.percent = -1.0 is invalid, should be between 0 and 1
2025-05-28 15:17:13,856 [main] WARN  statemachine.DatanodeConfiguration (DatanodeConfiguration.java:validateMinFreeSpace(689)) - hdds.datanode.volume.min.free.space.percent = -1.0 is invalid, should be between 0 and 1
2025-05-28 15:17:13,858 [main] INFO  volume.HddsVolume (HddsVolume.java:<init>(158)) - HddsVolume: { id=DS-e299eb93-3b12-4cd6-8ad0-7f12cb77bfa2 dir=/home/runner/work/ozone/ozone/hadoop-ozone/integration-test/target/test-dir/MiniOzoneClusterImpl-723737d7-d862-4a19-a51f-6b1567aa62b1/ozone-meta/datanode-5/data-0/hdds type=DISK capacity=9222449699674390527 used=0 available=9222449699674390527 minFree=9222450130714624 committed=0 }
2025-05-28 15:17:13,858 [main] INFO  volume.MutableVolumeSet (MutableVolumeSet.java:initializeVolumeSet(166)) - Added Volume : /home/runner/work/ozone/ozone/hadoop-ozone/integration-test/target/test-dir/MiniOzoneClusterImpl-723737d7-d862-4a19-a51f-6b1567aa62b1/ozone-meta/datanode-5/data-0/hdds to VolumeSet
2025-05-28 15:17:13,858 [main] WARN  statemachine.DatanodeConfiguration (DatanodeConfiguration.java:validateMinFreeSpace(689)) - hdds.datanode.volume.min.free.space.percent = -1.0 is invalid, should be between 0 and 1
2025-05-28 15:17:13,859 [main] WARN  statemachine.DatanodeConfiguration (DatanodeConfiguration.java:validateMinFreeSpace(689)) - hdds.datanode.volume.min.free.space.percent = -1.0 is invalid, should be between 0 and 1
2025-05-28 15:17:13,860 [main] INFO  volume.MutableVolumeSet (MutableVolumeSet.java:initializeVolumeSet(166)) - Added Volume : /home/runner/work/ozone/ozone/hadoop-ozone/integration-test/target/test-dir/MiniOzoneClusterImpl-723737d7-d862-4a19-a51f-6b1567aa62b1/ozone-meta/datanode-5/ratis to VolumeSet
2025-05-28 15:17:13,860 [main] WARN  statemachine.DatanodeConfiguration (DatanodeConfiguration.java:validateMinFreeSpace(689)) - hdds.datanode.volume.min.free.space.percent = -1.0 is invalid, should be between 0 and 1
2025-05-28 15:17:13,861 [main] WARN  statemachine.DatanodeConfiguration (DatanodeConfiguration.java:validateMinFreeSpace(689)) - hdds.datanode.volume.min.free.space.percent = -1.0 is invalid, should be between 0 and 1
2025-05-28 15:17:13,861 [main] INFO  ozoneimpl.OzoneContainer (HddsVolumeUtil.java:loadAllHddsVolumeDbStore(102)) - Load 1 volumes DbStore cost: 0ms
2025-05-28 15:17:13,862 [main] WARN  db.DBStoreBuilder (DBStoreBuilder.java:getDBDirPath(160)) - ozone.scm.datanode.id.dir is not configured. We recommend adding this setting. Falling back to ozone.metadata.dirs instead.
2025-05-28 15:17:13,863 [main] WARN  statemachine.DatanodeConfiguration (DatanodeConfiguration.java:validateMinFreeSpace(689)) - hdds.datanode.volume.min.free.space.percent = -1.0 is invalid, should be between 0 and 1
2025-05-28 15:17:13,863 [main] WARN  db.DBStoreBuilder (DBStoreBuilder.java:getDBDirPath(160)) - ozone.scm.datanode.id.dir is not configured. We recommend adding this setting. Falling back to ozone.metadata.dirs instead.
2025-05-28 15:17:13,878 [main] WARN  statemachine.DatanodeConfiguration (DatanodeConfiguration.java:validateMinFreeSpace(689)) - hdds.datanode.volume.min.free.space.percent = -1.0 is invalid, should be between 0 and 1
2025-05-28 15:17:13,878 [main] INFO  impl.FilePerChunkStrategy (FilePerChunkStrategy.java:<init>(79)) - ozone.chunk.read.mapped.buffer.max.count is load with 0
2025-05-28 15:17:13,879 [main] INFO  impl.FilePerBlockStrategy (FilePerBlockStrategy.java:<init>(87)) - ozone.chunk.read.mapped.buffer.max.count is load with 0
2025-05-28 15:17:13,879 [main] WARN  statemachine.DatanodeConfiguration (DatanodeConfiguration.java:validateMinFreeSpace(689)) - hdds.datanode.volume.min.free.space.percent = -1.0 is invalid, should be between 0 and 1
2025-05-28 15:17:13,880 [main] INFO  server.RaftServerConfigKeys (ConfUtils.java:logGet(46)) - raft.server.log.appender.buffer.byte-limit = 33554432 (custom)
2025-05-28 15:17:13,881 [main] INFO  server.RaftServer (ConfUtils.java:logGet(46)) - raft.rpc.type = GRPC (default)
2025-05-28 15:17:13,881 [main] INFO  grpc.GrpcConfigKeys (ConfUtils.java:logFallback(53)) - raft.grpc.admin.host = null (fallback to raft.grpc.server.host)
2025-05-28 15:17:13,882 [main] INFO  grpc.GrpcConfigKeys (ConfUtils.java:logGet(46)) - raft.grpc.admin.port = 15046 (custom)
2025-05-28 15:17:13,882 [main] INFO  grpc.GrpcConfigKeys (ConfUtils.java:logFallback(53)) - raft.grpc.client.host = null (fallback to raft.grpc.server.host)
2025-05-28 15:17:13,882 [main] INFO  grpc.GrpcConfigKeys (ConfUtils.java:logGet(46)) - raft.grpc.client.port = 15045 (custom)
2025-05-28 15:17:13,882 [main] INFO  grpc.GrpcConfigKeys (ConfUtils.java:logGet(46)) - raft.grpc.server.host = null (default)
2025-05-28 15:17:13,882 [main] INFO  grpc.GrpcConfigKeys (ConfUtils.java:logGet(46)) - raft.grpc.server.port = 15047 (custom)
2025-05-28 15:17:13,882 [main] INFO  server.GrpcService (ConfUtils.java:logGet(46)) - raft.grpc.message.size.max = 34603008 (custom)
2025-05-28 15:17:13,882 [main] INFO  server.GrpcService (ConfUtils.java:logGet(46)) - raft.grpc.flow.control.window = 5MB (=5242880) (custom)
2025-05-28 15:17:13,882 [main] INFO  server.RaftServerConfigKeys (ConfUtils.java:logGet(46)) - raft.server.rpc.request.timeout = 60s (custom)
2025-05-28 15:17:13,883 [main] INFO  grpc.GrpcConfigKeys (ConfUtils.java:logGet(46)) - raft.grpc.server.heartbeat.channel = true (default)
2025-05-28 15:17:13,883 [main] INFO  server.RaftServerConfigKeys (ConfUtils.java:logGet(46)) - raft.server.log.appender.buffer.byte-limit = 33554432 (custom)
2025-05-28 15:17:13,883 [main] INFO  grpc.GrpcConfigKeys (ConfUtils.java:logGet(46)) - raft.grpc.server.async.request.thread.pool.cached = true (default)
2025-05-28 15:17:13,883 [main] INFO  grpc.GrpcConfigKeys (ConfUtils.java:logGet(46)) - raft.grpc.server.async.request.thread.pool.size = 32 (default)
2025-05-28 15:17:13,885 [main] INFO  impl.DataStreamServerImpl (ConfUtils.java:logGet(46)) - raft.datastream.type = NETTY (custom)
2025-05-28 15:17:13,885 [main] INFO  server.RaftServerConfigKeys (ConfUtils.java:logGet(46)) - raft.server.data-stream.async.request.thread.pool.cached = false (default)
2025-05-28 15:17:13,886 [main] INFO  server.RaftServerConfigKeys (ConfUtils.java:logGet(46)) - raft.server.data-stream.async.request.thread.pool.size = 20 (custom)
2025-05-28 15:17:13,886 [main] INFO  server.RaftServerConfigKeys (ConfUtils.java:logGet(46)) - raft.server.data-stream.async.write.thread.pool.size = 16 (default)
2025-05-28 15:17:13,886 [main] INFO  netty.NettyConfigKeys$DataStream (ConfUtils.java:logGet(46)) - raft.netty.dataStream.server.channel.inactive.grace-period = 10min (default)
2025-05-28 15:17:13,886 [main] INFO  server.RaftServerConfigKeys (ConfUtils.java:logGet(46)) - raft.server.data-stream.client.pool.size = 10 (default)
2025-05-28 15:17:13,886 [main] INFO  netty.NettyConfigKeys$DataStream (ConfUtils.java:logGet(46)) - raft.netty.dataStream.server.use-epoll = true (default)
2025-05-28 15:17:13,886 [main] INFO  netty.NettyConfigKeys$DataStream (ConfUtils.java:logGet(46)) - raft.netty.dataStream.server.boss-group.size = 0 (default)
2025-05-28 15:17:13,886 [main] INFO  netty.NettyUtils (NettyUtils.java:newEventLoopGroup(74)) - Create EpollEventLoopGroup for 78b7fabf-ca2a-4b70-8534-e46926e2083c-NettyServerStreamRpc-bossGroup; Thread size is 0.
2025-05-28 15:17:13,887 [main] INFO  netty.NettyConfigKeys$DataStream (ConfUtils.java:logGet(46)) - raft.netty.dataStream.server.worker-group.size = 0 (default)
2025-05-28 15:17:13,887 [main] INFO  netty.NettyUtils (NettyUtils.java:newEventLoopGroup(74)) - Create EpollEventLoopGroup for 78b7fabf-ca2a-4b70-8534-e46926e2083c-NettyServerStreamRpc-workerGroup; Thread size is 0.
2025-05-28 15:17:13,887 [main] INFO  netty.NettyConfigKeys$DataStream (ConfUtils.java:logGet(46)) - raft.netty.dataStream.server.tls.conf = null (default)
2025-05-28 15:17:13,887 [main] INFO  netty.NettyConfigKeys$DataStream (ConfUtils.java:logGet(46)) - raft.netty.dataStream.host = null (default)
2025-05-28 15:17:13,887 [main] INFO  netty.NettyConfigKeys$DataStream (ConfUtils.java:logGet(46)) - raft.netty.dataStream.port = 15048 (custom)
2025-05-28 15:17:13,889 [main] INFO  server.RaftServerConfigKeys (ConfUtils.java:logGet(46)) - raft.server.sleep.deviation.threshold = 300ms (default)
2025-05-28 15:17:13,889 [main] INFO  server.RaftServerConfigKeys (ConfUtils.java:logGet(46)) - raft.server.close.threshold = 60s (default)
2025-05-28 15:17:13,890 [main] INFO  server.RaftServerConfigKeys (ConfUtils.java:logGet(46)) - raft.server.leaderelection.leader.step-down.wait-time = 10s (default)
2025-05-28 15:17:13,890 [main] INFO  server.RaftServerConfigKeys (ConfUtils.java:logGet(46)) - raft.server.storage.dir = [/home/runner/work/ozone/ozone/hadoop-ozone/integration-test/target/test-dir/MiniOzoneClusterImpl-723737d7-d862-4a19-a51f-6b1567aa62b1/ozone-meta/datanode-5/ratis] (custom)
2025-05-28 15:17:13,890 [main] INFO  server.RaftServerConfigKeys (ConfUtils.java:logGet(46)) - raft.server.threadpool.proxy.cached = true (default)
2025-05-28 15:17:13,890 [main] INFO  server.RaftServerConfigKeys (ConfUtils.java:logGet(46)) - raft.server.threadpool.proxy.size = 0 (default)
2025-05-28 15:17:13,890 [78b7fabf-ca2a-4b70-8534-e46926e2083c-NettyServerStreamRpc-bossGroup--thread1] INFO  logging.LoggingHandler (AbstractInternalLogger.java:log(148)) - [id: 0xea6527a6] REGISTERED
2025-05-28 15:17:13,891 [78b7fabf-ca2a-4b70-8534-e46926e2083c-NettyServerStreamRpc-bossGroup--thread1] INFO  logging.LoggingHandler (AbstractInternalLogger.java:log(148)) - [id: 0xea6527a6] BIND: 0.0.0.0/0.0.0.0:15048
2025-05-28 15:17:13,891 [78b7fabf-ca2a-4b70-8534-e46926e2083c-NettyServerStreamRpc-bossGroup--thread1] INFO  logging.LoggingHandler (AbstractInternalLogger.java:log(148)) - [id: 0xea6527a6, L:/0.0.0.0:15048] ACTIVE
2025-05-28 15:17:13,891 [78b7fabf-ca2a-4b70-8534-e46926e2083c-impl-thread1] INFO  server.RaftServer (RaftServerProxy.java:initGroupDir(265)) - 78b7fabf-ca2a-4b70-8534-e46926e2083c: found a subdirectory /home/runner/work/ozone/ozone/hadoop-ozone/integration-test/target/test-dir/MiniOzoneClusterImpl-723737d7-d862-4a19-a51f-6b1567aa62b1/ozone-meta/datanode-5/ratis/tmp
2025-05-28 15:17:13,891 [78b7fabf-ca2a-4b70-8534-e46926e2083c-impl-thread1] INFO  server.RaftServer (RaftServerProxy.java:initGroupDir(270)) - 78b7fabf-ca2a-4b70-8534-e46926e2083c: The directory /home/runner/work/ozone/ozone/hadoop-ozone/integration-test/target/test-dir/MiniOzoneClusterImpl-723737d7-d862-4a19-a51f-6b1567aa62b1/ozone-meta/datanode-5/ratis/tmp is not a group directory; ignoring it. 
2025-05-28 15:17:13,892 [main] INFO  replication.ReplicationServer (ReplicationServer.java:<init>(84)) - Initializing replication server with thread count = 10 queue length = 4096
2025-05-28 15:17:13,893 [main] WARN  statemachine.DatanodeConfiguration (DatanodeConfiguration.java:validateMinFreeSpace(689)) - hdds.datanode.volume.min.free.space.percent = -1.0 is invalid, should be between 0 and 1
2025-05-28 15:17:13,893 [main] INFO  server.XceiverServerGrpc (XceiverServerGrpc.java:<init>(130)) - GrpcServer channel type EpollServerSocketChannel
2025-05-28 15:17:13,895 [main] WARN  statemachine.DatanodeConfiguration (DatanodeConfiguration.java:validateMinFreeSpace(689)) - hdds.datanode.volume.min.free.space.percent = -1.0 is invalid, should be between 0 and 1
2025-05-28 15:17:13,896 [main] INFO  replication.ReplicationSupervisor (ReplicationSupervisor.java:build(169)) - Initializing replication supervisor with thread count = 10
2025-05-28 15:17:13,896 [main] INFO  replication.ReplicationSupervisor (ReplicationSupervisor.java:nodeStateUpdated(358)) - Node state updated to IN_SERVICE, scaling executor pool size to 10
2025-05-28 15:17:13,900 [main] INFO  http.BaseHttpServer (BaseHttpServer.java:newHttpServer2BuilderForOzone(229)) - Starting Web-server for hddsDatanode at: http://0.0.0.0:15042
2025-05-28 15:17:13,900 [main] INFO  http.BaseHttpServer (BaseHttpServer.java:<init>(107)) - Hadoop Security Enabled: false Ozone Security Enabled: false Ozone HTTP Security Enabled: false 
2025-05-28 15:17:13,903 [main] WARN  server.AuthenticationFilter (AuthenticationFilter.java:constructSecretProvider(240)) - Unable to initialize FileSignerSecretProvider, falling back to use random secrets. Reason: Could not read signature secret file: /home/runner/hadoop-http-auth-signature-secret
2025-05-28 15:17:13,906 [main] INFO  http.HttpServer2 (HttpServer2.java:addGlobalFilter(1042)) - Added global filter 'safety' (class=org.apache.hadoop.hdds.server.http.HttpServer2$QuotingInputFilter)
2025-05-28 15:17:13,907 [main] INFO  http.HttpServer2 (HttpServer2.java:addFilter(1018)) - Added filter static_user_filter (class=org.apache.hadoop.http.lib.StaticUserWebFilter$StaticUserFilter) to context hddsDatanode
2025-05-28 15:17:13,907 [main] INFO  http.HttpServer2 (HttpServer2.java:addFilter(1026)) - Added filter static_user_filter (class=org.apache.hadoop.http.lib.StaticUserWebFilter$StaticUserFilter) to context logs
2025-05-28 15:17:13,907 [main] INFO  http.HttpServer2 (HttpServer2.java:addFilter(1026)) - Added filter static_user_filter (class=org.apache.hadoop.http.lib.StaticUserWebFilter$StaticUserFilter) to context static
2025-05-28 15:17:13,908 [main] INFO  http.BaseHttpServer (BaseHttpServer.java:<init>(195)) - HTTP server of hddsDatanode uses base directory /home/runner/work/ozone/ozone/hadoop-ozone/integration-test/target/test-dir/MiniOzoneClusterImpl-723737d7-d862-4a19-a51f-6b1567aa62b1/ozone-meta/datanode-5/meta/webserver
2025-05-28 15:17:13,909 [main] INFO  http.HttpServer2 (HttpServer2.java:bindListener(1242)) - Jetty bound to port 15042
2025-05-28 15:17:13,909 [main] INFO  server.Server (Server.java:doStart(375)) - jetty-9.4.57.v20241219; built: 2025-01-08T21:24:30.412Z; git: df524e6b29271c2e09ba9aea83c18dc9db464a31; jvm 21.0.7+6-LTS
2025-05-28 15:17:13,911 [main] INFO  server.session (DefaultSessionIdManager.java:doStart(334)) - DefaultSessionIdManager workerName=node0
2025-05-28 15:17:13,911 [main] INFO  server.session (DefaultSessionIdManager.java:doStart(339)) - No SessionScavenger set, using defaults
2025-05-28 15:17:13,912 [main] INFO  server.session (HouseKeeper.java:startScavenging(132)) - node0 Scavenging every 660000ms
2025-05-28 15:17:13,912 [main] INFO  handler.ContextHandler (ContextHandler.java:doStart(921)) - Started o.e.j.s.ServletContextHandler@3715c959{logs,/logs,file:///home/runner/work/ozone/ozone/hadoop-ozone/integration-test/target/log,AVAILABLE}
2025-05-28 15:17:13,913 [main] INFO  handler.ContextHandler (ContextHandler.java:doStart(921)) - Started o.e.j.s.ServletContextHandler@4d0d97e3{static,/static,jar:file:/home/runner/work/ozone/ozone/hadoop-hdds/container-service/target/hdds-container-service-2.1.0-SNAPSHOT.jar!/webapps/static,AVAILABLE}
2025-05-28 15:17:14,041 [IPC Server handler 0 on default port 15002] INFO  net.NetworkTopologyImpl (NetworkTopologyImpl.java:add(133)) - Added a new node: /default-rack/4795f679-20b5-4d5a-9a13-c70766a2a14f
2025-05-28 15:17:14,045 [IPC Server handler 0 on default port 15002] INFO  node.SCMNodeManager (SCMNodeManager.java:register(424)) - Registered datanode: 4795f679-20b5-4d5a-9a13-c70766a2a14f{ip: 127.0.0.1, host: localhost, ports: [HTTP=15010, CLIENT_RPC=15011, REPLICATION=15017, RATIS=15013, RATIS_ADMIN=15014, RATIS_SERVER=15015, RATIS_DATASTREAM=15016, STANDALONE=15012], networkLocation: /default-rack, certSerialId: null, persistedOpState: null, persistedOpStateExpiryEpochSec: 0}
2025-05-28 15:17:14,048 [EventQueue-NewNodeForNewNodeHandler] INFO  pipeline.BackgroundPipelineCreator (BackgroundPipelineCreator.java:notifyEventTriggered(290)) - trigger a one-shot run on RatisPipelineUtilsThread.
2025-05-28 15:17:14,053 [EventQueue-NodeRegistrationContainerReportForDataNodeSafeModeRule] INFO  safemode.SCMSafeModeManager (DataNodeSafeModeRule.java:process(80)) - SCM in safe mode. 1 DataNodes registered, 3 required.
2025-05-28 15:17:14,055 [EventQueue-ContainerRegistrationReportForRatisContainerSafeModeRule] INFO  safemode.SCMSafeModeManager (SCMSafeModeManager.java:validateSafeModeExitRules(140)) - RatisContainerSafeModeRule rule is successfully validated
2025-05-28 15:17:14,058 [EventQueue-ContainerRegistrationReportForECContainerSafeModeRule] INFO  safemode.SCMSafeModeManager (SCMSafeModeManager.java:validateSafeModeExitRules(140)) - ECContainerSafeModeRule rule is successfully validated
2025-05-28 15:17:14,059 [RatisPipelineUtilsThread-0] INFO  pipeline.RatisPipelineProvider (RatisPipelineProvider.java:lambda$create$0(208)) - Sending CreatePipelineCommand for pipeline:Pipeline-de08d823-7de2-489b-90ad-329227478ba6 to datanode:4795f679-20b5-4d5a-9a13-c70766a2a14f(localhost/127.0.0.1)
2025-05-28 15:17:14,062 [EventQueue-PipelineReportForOneReplicaPipelineSafeModeRule] INFO  safemode.SCMSafeModeManager (SCMSafeModeManager.java:validateSafeModeExitRules(140)) - AtleastOneDatanodeReportedRule rule is successfully validated
2025-05-28 15:17:14,065 [main] INFO  handler.ContextHandler (ContextHandler.java:doStart(921)) - Started o.e.j.w.WebAppContext@6cfc536a{hddsDatanode,/,file:///home/runner/work/ozone/ozone/hadoop-ozone/integration-test/target/test-dir/MiniOzoneClusterImpl-723737d7-d862-4a19-a51f-6b1567aa62b1/ozone-meta/datanode-5/meta/webserver/jetty-0_0_0_0-15042-hdds-container-service-2_1_0-SNAPSHOT_jar-_-any-7335449206051287591/webapp/,AVAILABLE}{jar:file:/home/runner/work/ozone/ozone/hadoop-hdds/container-service/target/hdds-container-service-2.1.0-SNAPSHOT.jar!/webapps/hddsDatanode}
2025-05-28 15:17:14,067 [main] INFO  server.AbstractConnector (AbstractConnector.java:doStart(333)) - Started ServerConnector@2cbd2385{HTTP/1.1, (http/1.1)}{0.0.0.0:15042}
2025-05-28 15:17:14,067 [main] INFO  server.Server (Server.java:doStart(415)) - Started @12767ms
2025-05-28 15:17:14,067 [main] WARN  impl.MetricsSystemImpl (MetricsSystemImpl.java:register(279)) - Sink prometheus already exists!
2025-05-28 15:17:14,067 [main] INFO  http.BaseHttpServer (BaseHttpServer.java:updateConnectorAddress(359)) - HTTP server of hddsDatanode listening at http://localhost:15042
2025-05-28 15:17:14,069 [main] INFO  ipc.CallQueueManager (CallQueueManager.java:<init>(93)) - Using callQueue: class java.util.concurrent.LinkedBlockingQueue, queueCapacity: 1000, scheduler: class org.apache.hadoop.ipc.DefaultRpcScheduler, ipcBackoff: false, ipcFailOver: false.
2025-05-28 15:17:14,069 [main] INFO  ipc.Server (Server.java:<init>(1438)) - Listener at 0.0.0.0:15043
2025-05-28 15:17:14,072 [Socket Reader #1 for port 15043] INFO  ipc.Server (Server.java:run(1474)) - Starting Socket Reader #1 for port 15043
2025-05-28 15:17:14,073 [dacc202e-cd42-4a7a-b335-fe62dff69130-EndpointStateMachineTaskThread-/0.0.0.0:15002-0 ] WARN  statemachine.DatanodeConfiguration (DatanodeConfiguration.java:validateMinFreeSpace(689)) - hdds.datanode.volume.min.free.space.percent = -1.0 is invalid, should be between 0 and 1
2025-05-28 15:17:14,073 [Socket Reader #2 for port 15043] INFO  ipc.Server (Server.java:run(1474)) - Starting Socket Reader #2 for port 15043
2025-05-28 15:17:14,073 [Socket Reader #3 for port 15043] INFO  ipc.Server (Server.java:run(1474)) - Starting Socket Reader #3 for port 15043
2025-05-28 15:17:14,074 [Socket Reader #4 for port 15043] INFO  ipc.Server (Server.java:run(1474)) - Starting Socket Reader #4 for port 15043
2025-05-28 15:17:14,074 [dacc202e-cd42-4a7a-b335-fe62dff69130-EndpointStateMachineTaskThread-/0.0.0.0:15002-0 ] WARN  statemachine.DatanodeConfiguration (DatanodeConfiguration.java:validateMinFreeSpace(689)) - hdds.datanode.volume.min.free.space.percent = -1.0 is invalid, should be between 0 and 1
2025-05-28 15:17:14,074 [Socket Reader #5 for port 15043] INFO  ipc.Server (Server.java:run(1474)) - Starting Socket Reader #5 for port 15043
2025-05-28 15:17:14,074 [dacc202e-cd42-4a7a-b335-fe62dff69130-EndpointStateMachineTaskThread-/0.0.0.0:15002-0 ] WARN  statemachine.DatanodeConfiguration (DatanodeConfiguration.java:validateMinFreeSpace(689)) - hdds.datanode.volume.min.free.space.percent = -1.0 is invalid, should be between 0 and 1
2025-05-28 15:17:14,074 [Socket Reader #6 for port 15043] INFO  ipc.Server (Server.java:run(1474)) - Starting Socket Reader #6 for port 15043
2025-05-28 15:17:14,075 [Socket Reader #7 for port 15043] INFO  ipc.Server (Server.java:run(1474)) - Starting Socket Reader #7 for port 15043
2025-05-28 15:17:14,075 [Socket Reader #8 for port 15043] INFO  ipc.Server (Server.java:run(1474)) - Starting Socket Reader #8 for port 15043
2025-05-28 15:17:14,076 [Socket Reader #9 for port 15043] INFO  ipc.Server (Server.java:run(1474)) - Starting Socket Reader #9 for port 15043
2025-05-28 15:17:14,078 [Socket Reader #10 for port 15043] INFO  ipc.Server (Server.java:run(1474)) - Starting Socket Reader #10 for port 15043
2025-05-28 15:17:14,081 [main] INFO  ozone.HddsDatanodeService (HddsDatanodeService.java:start(325)) - Datanode start with admins: [runner]
2025-05-28 15:17:14,082 [main] INFO  ozone.HddsDatanodeClientProtocolServer (HddsDatanodeClientProtocolServer.java:start(76)) - RPC server for Client /0.0.0.0:15043
2025-05-28 15:17:14,082 [IPC Server Responder] INFO  ipc.Server (Server.java:run(1713)) - IPC Server Responder: starting
2025-05-28 15:17:14,083 [IPC Server listener on 15043] INFO  ipc.Server (Server.java:run(1553)) - IPC Server listener on 15043: starting
2025-05-28 15:17:14,091 [main] INFO  ozone.MiniOzoneClusterImpl (MiniOzoneClusterImpl.java:lambda$waitForClusterToBeReady$0(173)) - Waiting for nodes to be ready. Got 1 of 5 DN Heartbeats.
2025-05-28 15:17:14,091 [main] INFO  ozone.MiniOzoneClusterImpl (MiniOzoneClusterImpl.java:lambda$waitForClusterToBeReady$0(176)) - Waiting for cluster to exit safe mode
2025-05-28 15:17:14,091 [main] INFO  ozone.MiniOzoneClusterImpl (MiniOzoneClusterImpl.java:lambda$waitForClusterToBeReady$0(178)) - SCM became leader
2025-05-28 15:17:14,094 [78b7fabf-ca2a-4b70-8534-e46926e2083c-DatanodeStateMachineDaemonThread] INFO  statemachine.DatanodeStateMachine (DatanodeStateMachine.java:startStateMachineThread(340)) - Ozone container server started.
2025-05-28 15:17:14,108 [78b7fabf-ca2a-4b70-8534-e46926e2083c-DatanodeStateMachineTaskThread-0] INFO  datanode.InitDatanodeState (InitDatanodeState.java:persistContainerDatanodeDetails(139)) - DatanodeDetails is persisted to /home/runner/work/ozone/ozone/hadoop-ozone/integration-test/target/test-dir/MiniOzoneClusterImpl-723737d7-d862-4a19-a51f-6b1567aa62b1/ozone-meta/datanode-5/meta/datanode.id
2025-05-28 15:17:14,127 [dacc202e-cd42-4a7a-b335-fe62dff69130-EndpointStateMachineTaskThread-/0.0.0.0:15002-0 ] INFO  utils.DatanodeStoreCache (DatanodeStoreCache.java:addDB(70)) - Added db /home/runner/work/ozone/ozone/hadoop-ozone/integration-test/target/test-dir/MiniOzoneClusterImpl-723737d7-d862-4a19-a51f-6b1567aa62b1/ozone-meta/datanode-3/data-0/hdds/723737d7-d862-4a19-a51f-6b1567aa62b1/DS-7af5c1f2-fd57-40ff-b91b-da2179e40e22/container.db to cache
2025-05-28 15:17:14,128 [dacc202e-cd42-4a7a-b335-fe62dff69130-EndpointStateMachineTaskThread-/0.0.0.0:15002-0 ] INFO  volume.HddsVolume (HddsVolume.java:createDbStore(510)) - SchemaV3 db is created and loaded at /home/runner/work/ozone/ozone/hadoop-ozone/integration-test/target/test-dir/MiniOzoneClusterImpl-723737d7-d862-4a19-a51f-6b1567aa62b1/ozone-meta/datanode-3/data-0/hdds/723737d7-d862-4a19-a51f-6b1567aa62b1/DS-7af5c1f2-fd57-40ff-b91b-da2179e40e22/container.db for volume DS-7af5c1f2-fd57-40ff-b91b-da2179e40e22
2025-05-28 15:17:14,128 [dacc202e-cd42-4a7a-b335-fe62dff69130-EndpointStateMachineTaskThread-/0.0.0.0:15002-0 ] WARN  statemachine.DatanodeConfiguration (DatanodeConfiguration.java:validateMinFreeSpace(689)) - hdds.datanode.volume.min.free.space.percent = -1.0 is invalid, should be between 0 and 1
2025-05-28 15:17:14,133 [dacc202e-cd42-4a7a-b335-fe62dff69130-ContainerReader-0] INFO  ozoneimpl.ContainerReader (ContainerReader.java:readVolume(144)) - Start to verify containers on volume /home/runner/work/ozone/ozone/hadoop-ozone/integration-test/target/test-dir/MiniOzoneClusterImpl-723737d7-d862-4a19-a51f-6b1567aa62b1/ozone-meta/datanode-3/data-0/hdds
2025-05-28 15:17:14,133 [dacc202e-cd42-4a7a-b335-fe62dff69130-ContainerReader-0] INFO  ozoneimpl.ContainerReader (ContainerReader.java:readVolume(174)) - Finish verifying containers on volume /home/runner/work/ozone/ozone/hadoop-ozone/integration-test/target/test-dir/MiniOzoneClusterImpl-723737d7-d862-4a19-a51f-6b1567aa62b1/ozone-meta/datanode-3/data-0/hdds
2025-05-28 15:17:14,133 [dacc202e-cd42-4a7a-b335-fe62dff69130-EndpointStateMachineTaskThread-/0.0.0.0:15002-0 ] INFO  ozoneimpl.OzoneContainer (OzoneContainer.java:buildContainerSet(364)) - Build ContainerSet costs 0s
2025-05-28 15:17:14,134 [dacc202e-cd42-4a7a-b335-fe62dff69130-EndpointStateMachineTaskThread-/0.0.0.0:15002-0 ] INFO  volume.ThrottledAsyncChecker (ThrottledAsyncChecker.java:schedule(138)) - Scheduling a check for /home/runner/work/ozone/ozone/hadoop-ozone/integration-test/target/test-dir/MiniOzoneClusterImpl-723737d7-d862-4a19-a51f-6b1567aa62b1/ozone-meta/datanode-3/data-0/hdds
2025-05-28 15:17:14,135 [dacc202e-cd42-4a7a-b335-fe62dff69130-EndpointStateMachineTaskThread-/0.0.0.0:15002-0 ] INFO  volume.StorageVolumeChecker (StorageVolumeChecker.java:checkAllVolumes(215)) - Scheduled health check for volume /home/runner/work/ozone/ozone/hadoop-ozone/integration-test/target/test-dir/MiniOzoneClusterImpl-723737d7-d862-4a19-a51f-6b1567aa62b1/ozone-meta/datanode-3/data-0/hdds
2025-05-28 15:17:14,136 [0cf558f4-2ca5-4c9f-a057-d7d7b755ef43@group-6B1567AA62B1-StateMachineUpdater] INFO  safemode.SCMSafeModeManager (SCMSafeModeManager.java:validateSafeModeExitRules(140)) - RatisContainerSafeModeRule rule is successfully validated
2025-05-28 15:17:14,137 [0cf558f4-2ca5-4c9f-a057-d7d7b755ef43@group-6B1567AA62B1-StateMachineUpdater] INFO  safemode.HealthyPipelineSafeModeRule (HealthyPipelineSafeModeRule.java:initializeRule(228)) - Refreshed total pipeline count is 0, healthy pipeline threshold count is 1
2025-05-28 15:17:14,137 [0cf558f4-2ca5-4c9f-a057-d7d7b755ef43@group-6B1567AA62B1-StateMachineUpdater] INFO  safemode.SCMSafeModeManager (SCMSafeModeManager.java:validateSafeModeExitRules(140)) - ECContainerSafeModeRule rule is successfully validated
2025-05-28 15:17:14,137 [0cf558f4-2ca5-4c9f-a057-d7d7b755ef43@group-6B1567AA62B1-StateMachineUpdater] INFO  safemode.SCMSafeModeManager (SCMSafeModeManager.java:validateSafeModeExitRules(140)) - AtleastOneDatanodeReportedRule rule is successfully validated
2025-05-28 15:17:14,141 [dacc202e-cd42-4a7a-b335-fe62dff69130-EndpointStateMachineTaskThread-/0.0.0.0:15002-0 ] INFO  volume.ThrottledAsyncChecker (ThrottledAsyncChecker.java:schedule(138)) - Scheduling a check for /home/runner/work/ozone/ozone/hadoop-ozone/integration-test/target/test-dir/MiniOzoneClusterImpl-723737d7-d862-4a19-a51f-6b1567aa62b1/ozone-meta/datanode-3/ratis
2025-05-28 15:17:14,141 [RatisPipelineUtilsThread-0] INFO  pipeline.BackgroundPipelineCreator (BackgroundPipelineCreator.java:createPipelines(246)) - Created new pipeline Pipeline{ Id: de08d823-7de2-489b-90ad-329227478ba6, Nodes: [ {4795f679-20b5-4d5a-9a13-c70766a2a14f(localhost/127.0.0.1), ReplicaIndex: 0},], ReplicationConfig: RATIS/ONE, State:ALLOCATED, leaderId:, CreationTimestamp2025-05-28T15:17:14.058290954Z[Etc/UTC]}
2025-05-28 15:17:14,143 [dacc202e-cd42-4a7a-b335-fe62dff69130-EndpointStateMachineTaskThread-/0.0.0.0:15002-0 ] INFO  volume.StorageVolumeChecker (StorageVolumeChecker.java:checkAllVolumes(215)) - Scheduled health check for volume /home/runner/work/ozone/ozone/hadoop-ozone/integration-test/target/test-dir/MiniOzoneClusterImpl-723737d7-d862-4a19-a51f-6b1567aa62b1/ozone-meta/datanode-3/ratis
2025-05-28 15:17:14,144 [dacc202e-cd42-4a7a-b335-fe62dff69130-EndpointStateMachineTaskThread-/0.0.0.0:15002-0 ] INFO  ozoneimpl.OzoneContainer (OzoneContainer.java:start(512)) - Attempting to start container services.
2025-05-28 15:17:14,145 [dacc202e-cd42-4a7a-b335-fe62dff69130-EndpointStateMachineTaskThread-/0.0.0.0:15002-0 ] WARN  ozoneimpl.OnDemandContainerDataScanner (OnDemandContainerDataScanner.java:init(74)) - Trying to initialize on demand scanner a second time on a datanode.
2025-05-28 15:17:14,146 [ContainerMetadataScanner] INFO  ozoneimpl.AbstractBackgroundContainerScanner (AbstractBackgroundContainerScanner.java:runIteration(89)) - Completed an iteration in 0 minutes. Number of iterations (since the data-node restart) : 1, Number of containers scanned in this iteration : 0, Number of unhealthy containers found in this iteration : 0
2025-05-28 15:17:14,146 [ContainerDataScanner(/home/runner/work/ozone/ozone/hadoop-ozone/integration-test/target/test-dir/MiniOzoneClusterImpl-723737d7-d862-4a19-a51f-6b1567aa62b1/ozone-meta/datanode-3/data-0/hdds)] INFO  ozoneimpl.AbstractBackgroundContainerScanner (AbstractBackgroundContainerScanner.java:runIteration(89)) - Completed an iteration in 0 minutes. Number of iterations (since the data-node restart) : 1, Number of containers scanned in this iteration : 0, Number of unhealthy containers found in this iteration : 0
2025-05-28 15:17:14,147 [dacc202e-cd42-4a7a-b335-fe62dff69130-EndpointStateMachineTaskThread-/0.0.0.0:15002-0 ] INFO  replication.ReplicationServer (ReplicationServer.java:start(137)) - ReplicationServer is started using port 15033
2025-05-28 15:17:14,148 [dacc202e-cd42-4a7a-b335-fe62dff69130-EndpointStateMachineTaskThread-/0.0.0.0:15002-0 ] INFO  ratis.XceiverServerRatis (XceiverServerRatis.java:start(559)) - Starting XceiverServerRatis(dacc202e-cd42-4a7a-b335-fe62dff69130)
2025-05-28 15:17:14,148 [dacc202e-cd42-4a7a-b335-fe62dff69130-EndpointStateMachineTaskThread-/0.0.0.0:15002-0 ] INFO  server.RaftServer (RaftServerProxy.java:startImpl(407)) - dacc202e-cd42-4a7a-b335-fe62dff69130: start RPC server
2025-05-28 15:17:14,149 [dacc202e-cd42-4a7a-b335-fe62dff69130-EndpointStateMachineTaskThread-/0.0.0.0:15002-0 ] INFO  server.GrpcService (GrpcService.java:startImpl(334)) - dacc202e-cd42-4a7a-b335-fe62dff69130: GrpcService started, listening on 15029
2025-05-28 15:17:14,149 [dacc202e-cd42-4a7a-b335-fe62dff69130-EndpointStateMachineTaskThread-/0.0.0.0:15002-0 ] INFO  server.GrpcService (GrpcService.java:startImpl(334)) - dacc202e-cd42-4a7a-b335-fe62dff69130: GrpcService started, listening on 15031
2025-05-28 15:17:14,150 [dacc202e-cd42-4a7a-b335-fe62dff69130-EndpointStateMachineTaskThread-/0.0.0.0:15002-0 ] INFO  server.GrpcService (GrpcService.java:startImpl(334)) - dacc202e-cd42-4a7a-b335-fe62dff69130: GrpcService started, listening on 15030
2025-05-28 15:17:14,151 [dacc202e-cd42-4a7a-b335-fe62dff69130-EndpointStateMachineTaskThread-/0.0.0.0:15002-0 ] INFO  ratis.XceiverServerRatis (XceiverServerRatis.java:getRealPort(586)) - XceiverServerRatis(dacc202e-cd42-4a7a-b335-fe62dff69130) is started using port RATIS=15029
2025-05-28 15:17:14,151 [dacc202e-cd42-4a7a-b335-fe62dff69130-EndpointStateMachineTaskThread-/0.0.0.0:15002-0 ] INFO  ratis.XceiverServerRatis (XceiverServerRatis.java:getRealPort(586)) - XceiverServerRatis(dacc202e-cd42-4a7a-b335-fe62dff69130) is started using port RATIS_ADMIN=15030
2025-05-28 15:17:14,151 [dacc202e-cd42-4a7a-b335-fe62dff69130-EndpointStateMachineTaskThread-/0.0.0.0:15002-0 ] INFO  ratis.XceiverServerRatis (XceiverServerRatis.java:getRealPort(586)) - XceiverServerRatis(dacc202e-cd42-4a7a-b335-fe62dff69130) is started using port RATIS_SERVER=15031
2025-05-28 15:17:14,151 [dacc202e-cd42-4a7a-b335-fe62dff69130-EndpointStateMachineTaskThread-/0.0.0.0:15002-0 ] INFO  ratis.XceiverServerRatis (XceiverServerRatis.java:getRealPort(586)) - XceiverServerRatis(dacc202e-cd42-4a7a-b335-fe62dff69130) is started using port RATIS_DATASTREAM=15032
2025-05-28 15:17:14,151 [JvmPauseMonitor5] INFO  util.JvmPauseMonitor (JvmPauseMonitor.java:run(146)) - JvmPauseMonitor-dacc202e-cd42-4a7a-b335-fe62dff69130: Started
2025-05-28 15:17:14,153 [dacc202e-cd42-4a7a-b335-fe62dff69130-BlockDeletingService#0] INFO  interfaces.ContainerDeletionChoosingPolicyTemplate (ContainerDeletionChoosingPolicyTemplate.java:chooseContainerForBlockDeletion(83)) - Chosen 0/5000 blocks from 0 candidate containers.
2025-05-28 15:17:14,240 [IPC Server handler 3 on default port 15002] INFO  net.NetworkTopologyImpl (NetworkTopologyImpl.java:add(133)) - Added a new node: /default-rack/a755fe32-7d9a-4996-bc51-d7fbc67ab218
2025-05-28 15:17:14,241 [IPC Server handler 3 on default port 15002] INFO  node.SCMNodeManager (SCMNodeManager.java:register(424)) - Registered datanode: a755fe32-7d9a-4996-bc51-d7fbc67ab218{ip: 127.0.0.1, host: localhost, ports: [HTTP=15018, CLIENT_RPC=15019, REPLICATION=15025, RATIS=15021, RATIS_ADMIN=15022, RATIS_SERVER=15023, RATIS_DATASTREAM=15024, STANDALONE=15020], networkLocation: /default-rack, certSerialId: null, persistedOpState: null, persistedOpStateExpiryEpochSec: 0}
2025-05-28 15:17:14,241 [EventQueue-PipelineReportForOneReplicaPipelineSafeModeRule] INFO  safemode.SCMSafeModeManager (SCMSafeModeManager.java:validateSafeModeExitRules(140)) - AtleastOneDatanodeReportedRule rule is successfully validated
2025-05-28 15:17:14,241 [EventQueue-NodeRegistrationContainerReportForDataNodeSafeModeRule] INFO  safemode.SCMSafeModeManager (DataNodeSafeModeRule.java:process(80)) - SCM in safe mode. 2 DataNodes registered, 3 required.
2025-05-28 15:17:14,241 [EventQueue-ContainerRegistrationReportForRatisContainerSafeModeRule] INFO  safemode.SCMSafeModeManager (SCMSafeModeManager.java:validateSafeModeExitRules(140)) - RatisContainerSafeModeRule rule is successfully validated
2025-05-28 15:17:14,241 [EventQueue-ContainerRegistrationReportForECContainerSafeModeRule] INFO  safemode.SCMSafeModeManager (SCMSafeModeManager.java:validateSafeModeExitRules(140)) - ECContainerSafeModeRule rule is successfully validated
2025-05-28 15:17:14,243 [EventQueue-NewNodeForNewNodeHandler] INFO  pipeline.BackgroundPipelineCreator (BackgroundPipelineCreator.java:notifyEventTriggered(290)) - trigger a one-shot run on RatisPipelineUtilsThread.
2025-05-28 15:17:14,243 [RatisPipelineUtilsThread-0] INFO  pipeline.RatisPipelineProvider (RatisPipelineProvider.java:lambda$create$0(208)) - Sending CreatePipelineCommand for pipeline:Pipeline-f117c5d4-1fac-41a1-a14c-49974e48289d to datanode:a755fe32-7d9a-4996-bc51-d7fbc67ab218(localhost/127.0.0.1)
2025-05-28 15:17:14,247 [0cf558f4-2ca5-4c9f-a057-d7d7b755ef43@group-6B1567AA62B1-StateMachineUpdater] INFO  safemode.SCMSafeModeManager (SCMSafeModeManager.java:validateSafeModeExitRules(140)) - RatisContainerSafeModeRule rule is successfully validated
2025-05-28 15:17:14,247 [0cf558f4-2ca5-4c9f-a057-d7d7b755ef43@group-6B1567AA62B1-StateMachineUpdater] INFO  safemode.HealthyPipelineSafeModeRule (HealthyPipelineSafeModeRule.java:initializeRule(228)) - Refreshed total pipeline count is 0, healthy pipeline threshold count is 1
2025-05-28 15:17:14,248 [0cf558f4-2ca5-4c9f-a057-d7d7b755ef43@group-6B1567AA62B1-StateMachineUpdater] INFO  safemode.SCMSafeModeManager (SCMSafeModeManager.java:validateSafeModeExitRules(140)) - ECContainerSafeModeRule rule is successfully validated
2025-05-28 15:17:14,248 [0cf558f4-2ca5-4c9f-a057-d7d7b755ef43@group-6B1567AA62B1-StateMachineUpdater] INFO  safemode.SCMSafeModeManager (SCMSafeModeManager.java:validateSafeModeExitRules(140)) - AtleastOneDatanodeReportedRule rule is successfully validated
2025-05-28 15:17:14,248 [RatisPipelineUtilsThread-0] INFO  pipeline.BackgroundPipelineCreator (BackgroundPipelineCreator.java:createPipelines(246)) - Created new pipeline Pipeline{ Id: f117c5d4-1fac-41a1-a14c-49974e48289d, Nodes: [ {a755fe32-7d9a-4996-bc51-d7fbc67ab218(localhost/127.0.0.1), ReplicaIndex: 0},], ReplicationConfig: RATIS/ONE, State:ALLOCATED, leaderId:, CreationTimestamp2025-05-28T15:17:14.243717725Z[Etc/UTC]}
2025-05-28 15:17:14,339 [2b1bfca1-1fdc-4b0a-9b4d-c21112718afa-EndpointStateMachineTaskThread-/0.0.0.0:15002-0 ] WARN  statemachine.DatanodeConfiguration (DatanodeConfiguration.java:validateMinFreeSpace(689)) - hdds.datanode.volume.min.free.space.percent = -1.0 is invalid, should be between 0 and 1
2025-05-28 15:17:14,340 [2b1bfca1-1fdc-4b0a-9b4d-c21112718afa-EndpointStateMachineTaskThread-/0.0.0.0:15002-0 ] WARN  statemachine.DatanodeConfiguration (DatanodeConfiguration.java:validateMinFreeSpace(689)) - hdds.datanode.volume.min.free.space.percent = -1.0 is invalid, should be between 0 and 1
2025-05-28 15:17:14,340 [2b1bfca1-1fdc-4b0a-9b4d-c21112718afa-EndpointStateMachineTaskThread-/0.0.0.0:15002-0 ] WARN  statemachine.DatanodeConfiguration (DatanodeConfiguration.java:validateMinFreeSpace(689)) - hdds.datanode.volume.min.free.space.percent = -1.0 is invalid, should be between 0 and 1
2025-05-28 15:17:14,368 [2b1bfca1-1fdc-4b0a-9b4d-c21112718afa-EndpointStateMachineTaskThread-/0.0.0.0:15002-0 ] INFO  utils.DatanodeStoreCache (DatanodeStoreCache.java:addDB(70)) - Added db /home/runner/work/ozone/ozone/hadoop-ozone/integration-test/target/test-dir/MiniOzoneClusterImpl-723737d7-d862-4a19-a51f-6b1567aa62b1/ozone-meta/datanode-4/data-0/hdds/723737d7-d862-4a19-a51f-6b1567aa62b1/DS-bf429ec0-a8b7-4c90-b82c-bf8f7808ba25/container.db to cache
2025-05-28 15:17:14,368 [2b1bfca1-1fdc-4b0a-9b4d-c21112718afa-EndpointStateMachineTaskThread-/0.0.0.0:15002-0 ] INFO  volume.HddsVolume (HddsVolume.java:createDbStore(510)) - SchemaV3 db is created and loaded at /home/runner/work/ozone/ozone/hadoop-ozone/integration-test/target/test-dir/MiniOzoneClusterImpl-723737d7-d862-4a19-a51f-6b1567aa62b1/ozone-meta/datanode-4/data-0/hdds/723737d7-d862-4a19-a51f-6b1567aa62b1/DS-bf429ec0-a8b7-4c90-b82c-bf8f7808ba25/container.db for volume DS-bf429ec0-a8b7-4c90-b82c-bf8f7808ba25
2025-05-28 15:17:14,368 [2b1bfca1-1fdc-4b0a-9b4d-c21112718afa-EndpointStateMachineTaskThread-/0.0.0.0:15002-0 ] WARN  statemachine.DatanodeConfiguration (DatanodeConfiguration.java:validateMinFreeSpace(689)) - hdds.datanode.volume.min.free.space.percent = -1.0 is invalid, should be between 0 and 1
2025-05-28 15:17:14,371 [2b1bfca1-1fdc-4b0a-9b4d-c21112718afa-ContainerReader-0] INFO  ozoneimpl.ContainerReader (ContainerReader.java:readVolume(144)) - Start to verify containers on volume /home/runner/work/ozone/ozone/hadoop-ozone/integration-test/target/test-dir/MiniOzoneClusterImpl-723737d7-d862-4a19-a51f-6b1567aa62b1/ozone-meta/datanode-4/data-0/hdds
2025-05-28 15:17:14,371 [2b1bfca1-1fdc-4b0a-9b4d-c21112718afa-ContainerReader-0] INFO  ozoneimpl.ContainerReader (ContainerReader.java:readVolume(174)) - Finish verifying containers on volume /home/runner/work/ozone/ozone/hadoop-ozone/integration-test/target/test-dir/MiniOzoneClusterImpl-723737d7-d862-4a19-a51f-6b1567aa62b1/ozone-meta/datanode-4/data-0/hdds
2025-05-28 15:17:14,371 [2b1bfca1-1fdc-4b0a-9b4d-c21112718afa-EndpointStateMachineTaskThread-/0.0.0.0:15002-0 ] INFO  ozoneimpl.OzoneContainer (OzoneContainer.java:buildContainerSet(364)) - Build ContainerSet costs 0s
2025-05-28 15:17:14,372 [2b1bfca1-1fdc-4b0a-9b4d-c21112718afa-EndpointStateMachineTaskThread-/0.0.0.0:15002-0 ] INFO  volume.ThrottledAsyncChecker (ThrottledAsyncChecker.java:schedule(138)) - Scheduling a check for /home/runner/work/ozone/ozone/hadoop-ozone/integration-test/target/test-dir/MiniOzoneClusterImpl-723737d7-d862-4a19-a51f-6b1567aa62b1/ozone-meta/datanode-4/data-0/hdds
2025-05-28 15:17:14,372 [2b1bfca1-1fdc-4b0a-9b4d-c21112718afa-EndpointStateMachineTaskThread-/0.0.0.0:15002-0 ] INFO  volume.StorageVolumeChecker (StorageVolumeChecker.java:checkAllVolumes(215)) - Scheduled health check for volume /home/runner/work/ozone/ozone/hadoop-ozone/integration-test/target/test-dir/MiniOzoneClusterImpl-723737d7-d862-4a19-a51f-6b1567aa62b1/ozone-meta/datanode-4/data-0/hdds
2025-05-28 15:17:14,376 [2b1bfca1-1fdc-4b0a-9b4d-c21112718afa-EndpointStateMachineTaskThread-/0.0.0.0:15002-0 ] INFO  volume.ThrottledAsyncChecker (ThrottledAsyncChecker.java:schedule(138)) - Scheduling a check for /home/runner/work/ozone/ozone/hadoop-ozone/integration-test/target/test-dir/MiniOzoneClusterImpl-723737d7-d862-4a19-a51f-6b1567aa62b1/ozone-meta/datanode-4/ratis
2025-05-28 15:17:14,376 [2b1bfca1-1fdc-4b0a-9b4d-c21112718afa-EndpointStateMachineTaskThread-/0.0.0.0:15002-0 ] INFO  volume.StorageVolumeChecker (StorageVolumeChecker.java:checkAllVolumes(215)) - Scheduled health check for volume /home/runner/work/ozone/ozone/hadoop-ozone/integration-test/target/test-dir/MiniOzoneClusterImpl-723737d7-d862-4a19-a51f-6b1567aa62b1/ozone-meta/datanode-4/ratis
2025-05-28 15:17:14,377 [2b1bfca1-1fdc-4b0a-9b4d-c21112718afa-EndpointStateMachineTaskThread-/0.0.0.0:15002-0 ] INFO  ozoneimpl.OzoneContainer (OzoneContainer.java:start(512)) - Attempting to start container services.
2025-05-28 15:17:14,377 [2b1bfca1-1fdc-4b0a-9b4d-c21112718afa-EndpointStateMachineTaskThread-/0.0.0.0:15002-0 ] WARN  ozoneimpl.OnDemandContainerDataScanner (OnDemandContainerDataScanner.java:init(74)) - Trying to initialize on demand scanner a second time on a datanode.
2025-05-28 15:17:14,378 [ContainerMetadataScanner] INFO  ozoneimpl.AbstractBackgroundContainerScanner (AbstractBackgroundContainerScanner.java:runIteration(89)) - Completed an iteration in 0 minutes. Number of iterations (since the data-node restart) : 1, Number of containers scanned in this iteration : 0, Number of unhealthy containers found in this iteration : 0
2025-05-28 15:17:14,379 [ContainerDataScanner(/home/runner/work/ozone/ozone/hadoop-ozone/integration-test/target/test-dir/MiniOzoneClusterImpl-723737d7-d862-4a19-a51f-6b1567aa62b1/ozone-meta/datanode-4/data-0/hdds)] INFO  ozoneimpl.AbstractBackgroundContainerScanner (AbstractBackgroundContainerScanner.java:runIteration(89)) - Completed an iteration in 0 minutes. Number of iterations (since the data-node restart) : 1, Number of containers scanned in this iteration : 0, Number of unhealthy containers found in this iteration : 0
2025-05-28 15:17:14,379 [2b1bfca1-1fdc-4b0a-9b4d-c21112718afa-EndpointStateMachineTaskThread-/0.0.0.0:15002-0 ] INFO  replication.ReplicationServer (ReplicationServer.java:start(137)) - ReplicationServer is started using port 15041
2025-05-28 15:17:14,380 [2b1bfca1-1fdc-4b0a-9b4d-c21112718afa-EndpointStateMachineTaskThread-/0.0.0.0:15002-0 ] INFO  ratis.XceiverServerRatis (XceiverServerRatis.java:start(559)) - Starting XceiverServerRatis(2b1bfca1-1fdc-4b0a-9b4d-c21112718afa)
2025-05-28 15:17:14,380 [2b1bfca1-1fdc-4b0a-9b4d-c21112718afa-EndpointStateMachineTaskThread-/0.0.0.0:15002-0 ] INFO  server.RaftServer (RaftServerProxy.java:startImpl(407)) - 2b1bfca1-1fdc-4b0a-9b4d-c21112718afa: start RPC server
2025-05-28 15:17:14,381 [2b1bfca1-1fdc-4b0a-9b4d-c21112718afa-EndpointStateMachineTaskThread-/0.0.0.0:15002-0 ] INFO  server.GrpcService (GrpcService.java:startImpl(334)) - 2b1bfca1-1fdc-4b0a-9b4d-c21112718afa: GrpcService started, listening on 15037
2025-05-28 15:17:14,382 [2b1bfca1-1fdc-4b0a-9b4d-c21112718afa-EndpointStateMachineTaskThread-/0.0.0.0:15002-0 ] INFO  server.GrpcService (GrpcService.java:startImpl(334)) - 2b1bfca1-1fdc-4b0a-9b4d-c21112718afa: GrpcService started, listening on 15039
2025-05-28 15:17:14,382 [2b1bfca1-1fdc-4b0a-9b4d-c21112718afa-EndpointStateMachineTaskThread-/0.0.0.0:15002-0 ] INFO  server.GrpcService (GrpcService.java:startImpl(334)) - 2b1bfca1-1fdc-4b0a-9b4d-c21112718afa: GrpcService started, listening on 15038
2025-05-28 15:17:14,382 [2b1bfca1-1fdc-4b0a-9b4d-c21112718afa-EndpointStateMachineTaskThread-/0.0.0.0:15002-0 ] INFO  ratis.XceiverServerRatis (XceiverServerRatis.java:getRealPort(586)) - XceiverServerRatis(2b1bfca1-1fdc-4b0a-9b4d-c21112718afa) is started using port RATIS=15037
2025-05-28 15:17:14,382 [2b1bfca1-1fdc-4b0a-9b4d-c21112718afa-EndpointStateMachineTaskThread-/0.0.0.0:15002-0 ] INFO  ratis.XceiverServerRatis (XceiverServerRatis.java:getRealPort(586)) - XceiverServerRatis(2b1bfca1-1fdc-4b0a-9b4d-c21112718afa) is started using port RATIS_ADMIN=15038
2025-05-28 15:17:14,382 [2b1bfca1-1fdc-4b0a-9b4d-c21112718afa-EndpointStateMachineTaskThread-/0.0.0.0:15002-0 ] INFO  ratis.XceiverServerRatis (XceiverServerRatis.java:getRealPort(586)) - XceiverServerRatis(2b1bfca1-1fdc-4b0a-9b4d-c21112718afa) is started using port RATIS_SERVER=15039
2025-05-28 15:17:14,383 [2b1bfca1-1fdc-4b0a-9b4d-c21112718afa-EndpointStateMachineTaskThread-/0.0.0.0:15002-0 ] INFO  ratis.XceiverServerRatis (XceiverServerRatis.java:getRealPort(586)) - XceiverServerRatis(2b1bfca1-1fdc-4b0a-9b4d-c21112718afa) is started using port RATIS_DATASTREAM=15040
2025-05-28 15:17:14,382 [JvmPauseMonitor6] INFO  util.JvmPauseMonitor (JvmPauseMonitor.java:run(146)) - JvmPauseMonitor-2b1bfca1-1fdc-4b0a-9b4d-c21112718afa: Started
2025-05-28 15:17:14,384 [2b1bfca1-1fdc-4b0a-9b4d-c21112718afa-BlockDeletingService#0] INFO  interfaces.ContainerDeletionChoosingPolicyTemplate (ContainerDeletionChoosingPolicyTemplate.java:chooseContainerForBlockDeletion(83)) - Chosen 0/5000 blocks from 0 candidate containers.
2025-05-28 15:17:14,524 [EventQueue-PipelineReportForOneReplicaPipelineSafeModeRule] INFO  safemode.SCMSafeModeManager (SCMSafeModeManager.java:validateSafeModeExitRules(140)) - AtleastOneDatanodeReportedRule rule is successfully validated
2025-05-28 15:17:14,556 [IPC Server handler 6 on default port 15002] INFO  net.NetworkTopologyImpl (NetworkTopologyImpl.java:add(133)) - Added a new node: /default-rack/dacc202e-cd42-4a7a-b335-fe62dff69130
2025-05-28 15:17:14,557 [IPC Server handler 6 on default port 15002] INFO  node.SCMNodeManager (SCMNodeManager.java:register(424)) - Registered datanode: dacc202e-cd42-4a7a-b335-fe62dff69130{ip: 127.0.0.1, host: localhost, ports: [HTTP=15026, CLIENT_RPC=15027, REPLICATION=15033, RATIS=15029, RATIS_ADMIN=15030, RATIS_SERVER=15031, RATIS_DATASTREAM=15032, STANDALONE=15028], networkLocation: /default-rack, certSerialId: null, persistedOpState: null, persistedOpStateExpiryEpochSec: 0}
2025-05-28 15:17:14,557 [EventQueue-NodeRegistrationContainerReportForDataNodeSafeModeRule] INFO  safemode.SCMSafeModeManager (DataNodeSafeModeRule.java:process(80)) - SCM in safe mode. 3 DataNodes registered, 3 required.
2025-05-28 15:17:14,557 [EventQueue-NodeRegistrationContainerReportForDataNodeSafeModeRule] INFO  safemode.SCMSafeModeManager (SCMSafeModeManager.java:validateSafeModeExitRules(140)) - DataNodeSafeModeRule rule is successfully validated
2025-05-28 15:17:14,557 [EventQueue-NodeRegistrationContainerReportForDataNodeSafeModeRule] INFO  safemode.SCMSafeModeManager (SCMSafeModeManager.java:completePreCheck(167)) - All SCM safe mode pre check rules have passed
2025-05-28 15:17:14,557 [EventQueue-NodeRegistrationContainerReportForDataNodeSafeModeRule] INFO  ha.SCMContext (SCMContext.java:updateSafeModeStatus(224)) - Update SafeModeStatus from SafeModeStatus{safeModeStatus=true, preCheckPassed=false} to SafeModeStatus{safeModeStatus=true, preCheckPassed=true}.
2025-05-28 15:17:14,557 [EventQueue-NodeRegistrationContainerReportForDataNodeSafeModeRule] INFO  pipeline.BackgroundPipelineCreator (BackgroundPipelineCreator.java:notifyEventTriggered(290)) - trigger a one-shot run on RatisPipelineUtilsThread.
2025-05-28 15:17:14,557 [EventQueue-NewNodeForNewNodeHandler] INFO  pipeline.BackgroundPipelineCreator (BackgroundPipelineCreator.java:notifyEventTriggered(290)) - trigger a one-shot run on RatisPipelineUtilsThread.
2025-05-28 15:17:14,558 [RatisPipelineUtilsThread-0] INFO  pipeline.RatisPipelineProvider (RatisPipelineProvider.java:lambda$create$0(208)) - Sending CreatePipelineCommand for pipeline:Pipeline-675c32b2-919d-4e26-8cce-f8f976ec3e9d to datanode:dacc202e-cd42-4a7a-b335-fe62dff69130(localhost/127.0.0.1)
2025-05-28 15:17:14,560 [EventQueue-ContainerRegistrationReportForRatisContainerSafeModeRule] INFO  safemode.SCMSafeModeManager (SCMSafeModeManager.java:validateSafeModeExitRules(140)) - RatisContainerSafeModeRule rule is successfully validated
2025-05-28 15:17:14,560 [EventQueue-PipelineReportForOneReplicaPipelineSafeModeRule] INFO  safemode.SCMSafeModeManager (SCMSafeModeManager.java:validateSafeModeExitRules(140)) - AtleastOneDatanodeReportedRule rule is successfully validated
2025-05-28 15:17:14,560 [EventQueue-ContainerRegistrationReportForECContainerSafeModeRule] INFO  safemode.SCMSafeModeManager (SCMSafeModeManager.java:validateSafeModeExitRules(140)) - ECContainerSafeModeRule rule is successfully validated
2025-05-28 15:17:14,563 [0cf558f4-2ca5-4c9f-a057-d7d7b755ef43@group-6B1567AA62B1-StateMachineUpdater] INFO  safemode.SCMSafeModeManager (SCMSafeModeManager.java:validateSafeModeExitRules(140)) - DataNodeSafeModeRule rule is successfully validated
2025-05-28 15:17:14,563 [0cf558f4-2ca5-4c9f-a057-d7d7b755ef43@group-6B1567AA62B1-StateMachineUpdater] INFO  safemode.SCMSafeModeManager (SCMSafeModeManager.java:validateSafeModeExitRules(140)) - RatisContainerSafeModeRule rule is successfully validated
2025-05-28 15:17:14,563 [0cf558f4-2ca5-4c9f-a057-d7d7b755ef43@group-6B1567AA62B1-StateMachineUpdater] INFO  safemode.HealthyPipelineSafeModeRule (HealthyPipelineSafeModeRule.java:initializeRule(228)) - Refreshed total pipeline count is 0, healthy pipeline threshold count is 1
2025-05-28 15:17:14,563 [0cf558f4-2ca5-4c9f-a057-d7d7b755ef43@group-6B1567AA62B1-StateMachineUpdater] INFO  safemode.SCMSafeModeManager (SCMSafeModeManager.java:validateSafeModeExitRules(140)) - ECContainerSafeModeRule rule is successfully validated
2025-05-28 15:17:14,563 [0cf558f4-2ca5-4c9f-a057-d7d7b755ef43@group-6B1567AA62B1-StateMachineUpdater] INFO  safemode.SCMSafeModeManager (SCMSafeModeManager.java:validateSafeModeExitRules(140)) - AtleastOneDatanodeReportedRule rule is successfully validated
2025-05-28 15:17:14,563 [RatisPipelineUtilsThread-0] INFO  pipeline.BackgroundPipelineCreator (BackgroundPipelineCreator.java:createPipelines(246)) - Created new pipeline Pipeline{ Id: 675c32b2-919d-4e26-8cce-f8f976ec3e9d, Nodes: [ {dacc202e-cd42-4a7a-b335-fe62dff69130(localhost/127.0.0.1), ReplicaIndex: 0},], ReplicationConfig: RATIS/ONE, State:ALLOCATED, leaderId:, CreationTimestamp2025-05-28T15:17:14.558348107Z[Etc/UTC]}
2025-05-28 15:17:14,568 [RatisPipelineUtilsThread-0] INFO  pipeline.RatisPipelineProvider (RatisPipelineProvider.java:lambda$create$0(208)) - Sending CreatePipelineCommand for pipeline:Pipeline-27a96606-79c9-41c9-8ccf-3199ef5d7496 to datanode:a755fe32-7d9a-4996-bc51-d7fbc67ab218(localhost/127.0.0.1)
2025-05-28 15:17:14,568 [RatisPipelineUtilsThread-0] INFO  pipeline.RatisPipelineProvider (RatisPipelineProvider.java:lambda$create$0(208)) - Sending CreatePipelineCommand for pipeline:Pipeline-27a96606-79c9-41c9-8ccf-3199ef5d7496 to datanode:dacc202e-cd42-4a7a-b335-fe62dff69130(localhost/127.0.0.1)
2025-05-28 15:17:14,568 [RatisPipelineUtilsThread-0] INFO  pipeline.RatisPipelineProvider (RatisPipelineProvider.java:lambda$create$0(208)) - Sending CreatePipelineCommand for pipeline:Pipeline-27a96606-79c9-41c9-8ccf-3199ef5d7496 to datanode:4795f679-20b5-4d5a-9a13-c70766a2a14f(localhost/127.0.0.1)
2025-05-28 15:17:14,571 [0cf558f4-2ca5-4c9f-a057-d7d7b755ef43@group-6B1567AA62B1-StateMachineUpdater] INFO  safemode.SCMSafeModeManager (SCMSafeModeManager.java:validateSafeModeExitRules(140)) - DataNodeSafeModeRule rule is successfully validated
2025-05-28 15:17:14,571 [0cf558f4-2ca5-4c9f-a057-d7d7b755ef43@group-6B1567AA62B1-StateMachineUpdater] INFO  safemode.SCMSafeModeManager (SCMSafeModeManager.java:validateSafeModeExitRules(140)) - RatisContainerSafeModeRule rule is successfully validated
2025-05-28 15:17:14,571 [0cf558f4-2ca5-4c9f-a057-d7d7b755ef43@group-6B1567AA62B1-StateMachineUpdater] INFO  safemode.HealthyPipelineSafeModeRule (HealthyPipelineSafeModeRule.java:initializeRule(228)) - Refreshed total pipeline count is 0, healthy pipeline threshold count is 1
2025-05-28 15:17:14,572 [0cf558f4-2ca5-4c9f-a057-d7d7b755ef43@group-6B1567AA62B1-StateMachineUpdater] INFO  safemode.SCMSafeModeManager (SCMSafeModeManager.java:validateSafeModeExitRules(140)) - ECContainerSafeModeRule rule is successfully validated
2025-05-28 15:17:14,572 [0cf558f4-2ca5-4c9f-a057-d7d7b755ef43@group-6B1567AA62B1-StateMachineUpdater] INFO  safemode.SCMSafeModeManager (SCMSafeModeManager.java:validateSafeModeExitRules(140)) - AtleastOneDatanodeReportedRule rule is successfully validated
2025-05-28 15:17:14,572 [RatisPipelineUtilsThread-0] INFO  pipeline.BackgroundPipelineCreator (BackgroundPipelineCreator.java:createPipelines(246)) - Created new pipeline Pipeline{ Id: 27a96606-79c9-41c9-8ccf-3199ef5d7496, Nodes: [ {a755fe32-7d9a-4996-bc51-d7fbc67ab218(localhost/127.0.0.1), ReplicaIndex: 0}, {dacc202e-cd42-4a7a-b335-fe62dff69130(localhost/127.0.0.1), ReplicaIndex: 0}, {4795f679-20b5-4d5a-9a13-c70766a2a14f(localhost/127.0.0.1), ReplicaIndex: 0},], ReplicationConfig: RATIS/THREE, State:ALLOCATED, leaderId:, CreationTimestamp2025-05-28T15:17:14.568155082Z[Etc/UTC]}
2025-05-28 15:17:14,573 [RatisPipelineUtilsThread-0] INFO  pipeline.RatisPipelineProvider (RatisPipelineProvider.java:lambda$create$0(208)) - Sending CreatePipelineCommand for pipeline:Pipeline-597178e3-698c-4789-b47c-ebc9b9187764 to datanode:a755fe32-7d9a-4996-bc51-d7fbc67ab218(localhost/127.0.0.1)
2025-05-28 15:17:14,573 [RatisPipelineUtilsThread-0] INFO  pipeline.RatisPipelineProvider (RatisPipelineProvider.java:lambda$create$0(208)) - Sending CreatePipelineCommand for pipeline:Pipeline-597178e3-698c-4789-b47c-ebc9b9187764 to datanode:4795f679-20b5-4d5a-9a13-c70766a2a14f(localhost/127.0.0.1)
2025-05-28 15:17:14,574 [RatisPipelineUtilsThread-0] INFO  pipeline.RatisPipelineProvider (RatisPipelineProvider.java:lambda$create$0(208)) - Sending CreatePipelineCommand for pipeline:Pipeline-597178e3-698c-4789-b47c-ebc9b9187764 to datanode:dacc202e-cd42-4a7a-b335-fe62dff69130(localhost/127.0.0.1)
2025-05-28 15:17:14,576 [0cf558f4-2ca5-4c9f-a057-d7d7b755ef43@group-6B1567AA62B1-StateMachineUpdater] INFO  safemode.SCMSafeModeManager (SCMSafeModeManager.java:validateSafeModeExitRules(140)) - DataNodeSafeModeRule rule is successfully validated
2025-05-28 15:17:14,577 [0cf558f4-2ca5-4c9f-a057-d7d7b755ef43@group-6B1567AA62B1-StateMachineUpdater] INFO  safemode.SCMSafeModeManager (SCMSafeModeManager.java:validateSafeModeExitRules(140)) - RatisContainerSafeModeRule rule is successfully validated
2025-05-28 15:17:14,577 [0cf558f4-2ca5-4c9f-a057-d7d7b755ef43@group-6B1567AA62B1-StateMachineUpdater] INFO  safemode.HealthyPipelineSafeModeRule (HealthyPipelineSafeModeRule.java:initializeRule(228)) - Refreshed total pipeline count is 0, healthy pipeline threshold count is 1
2025-05-28 15:17:14,577 [0cf558f4-2ca5-4c9f-a057-d7d7b755ef43@group-6B1567AA62B1-StateMachineUpdater] INFO  safemode.SCMSafeModeManager (SCMSafeModeManager.java:validateSafeModeExitRules(140)) - ECContainerSafeModeRule rule is successfully validated
2025-05-28 15:17:14,577 [0cf558f4-2ca5-4c9f-a057-d7d7b755ef43@group-6B1567AA62B1-StateMachineUpdater] INFO  safemode.SCMSafeModeManager (SCMSafeModeManager.java:validateSafeModeExitRules(140)) - AtleastOneDatanodeReportedRule rule is successfully validated
2025-05-28 15:17:14,577 [RatisPipelineUtilsThread-0] INFO  pipeline.PipelineManagerImpl (PipelineManagerImpl.java:recordMetricsForPipeline(906)) - Pipeline-597178e3-698c-4789-b47c-ebc9b9187764 and Pipeline-27a96606-79c9-41c9-8ccf-3199ef5d7496 have exactly the same set of datanodes: [a755fe32-7d9a-4996-bc51-d7fbc67ab218(localhost/127.0.0.1), 4795f679-20b5-4d5a-9a13-c70766a2a14f(localhost/127.0.0.1), dacc202e-cd42-4a7a-b335-fe62dff69130(localhost/127.0.0.1)]
2025-05-28 15:17:14,577 [RatisPipelineUtilsThread-0] INFO  pipeline.BackgroundPipelineCreator (BackgroundPipelineCreator.java:createPipelines(246)) - Created new pipeline Pipeline{ Id: 597178e3-698c-4789-b47c-ebc9b9187764, Nodes: [ {a755fe32-7d9a-4996-bc51-d7fbc67ab218(localhost/127.0.0.1), ReplicaIndex: 0}, {4795f679-20b5-4d5a-9a13-c70766a2a14f(localhost/127.0.0.1), ReplicaIndex: 0}, {dacc202e-cd42-4a7a-b335-fe62dff69130(localhost/127.0.0.1), ReplicaIndex: 0},], ReplicationConfig: RATIS/THREE, State:ALLOCATED, leaderId:, CreationTimestamp2025-05-28T15:17:14.573857813Z[Etc/UTC]}
2025-05-28 15:17:14,578 [RatisPipelineUtilsThread-0] INFO  pipeline.RatisPipelineProvider (RatisPipelineProvider.java:lambda$create$0(208)) - Sending CreatePipelineCommand for pipeline:Pipeline-2ff824fa-665a-4aec-aa79-a574a09b74ef to datanode:a755fe32-7d9a-4996-bc51-d7fbc67ab218(localhost/127.0.0.1)
2025-05-28 15:17:14,578 [RatisPipelineUtilsThread-0] INFO  pipeline.RatisPipelineProvider (RatisPipelineProvider.java:lambda$create$0(208)) - Sending CreatePipelineCommand for pipeline:Pipeline-2ff824fa-665a-4aec-aa79-a574a09b74ef to datanode:dacc202e-cd42-4a7a-b335-fe62dff69130(localhost/127.0.0.1)
2025-05-28 15:17:14,578 [RatisPipelineUtilsThread-0] INFO  pipeline.RatisPipelineProvider (RatisPipelineProvider.java:lambda$create$0(208)) - Sending CreatePipelineCommand for pipeline:Pipeline-2ff824fa-665a-4aec-aa79-a574a09b74ef to datanode:4795f679-20b5-4d5a-9a13-c70766a2a14f(localhost/127.0.0.1)
2025-05-28 15:17:14,581 [0cf558f4-2ca5-4c9f-a057-d7d7b755ef43@group-6B1567AA62B1-StateMachineUpdater] INFO  safemode.SCMSafeModeManager (SCMSafeModeManager.java:validateSafeModeExitRules(140)) - DataNodeSafeModeRule rule is successfully validated
2025-05-28 15:17:14,581 [0cf558f4-2ca5-4c9f-a057-d7d7b755ef43@group-6B1567AA62B1-StateMachineUpdater] INFO  safemode.SCMSafeModeManager (SCMSafeModeManager.java:validateSafeModeExitRules(140)) - RatisContainerSafeModeRule rule is successfully validated
2025-05-28 15:17:14,581 [0cf558f4-2ca5-4c9f-a057-d7d7b755ef43@group-6B1567AA62B1-StateMachineUpdater] INFO  safemode.HealthyPipelineSafeModeRule (HealthyPipelineSafeModeRule.java:initializeRule(228)) - Refreshed total pipeline count is 0, healthy pipeline threshold count is 1
2025-05-28 15:17:14,581 [0cf558f4-2ca5-4c9f-a057-d7d7b755ef43@group-6B1567AA62B1-StateMachineUpdater] INFO  safemode.SCMSafeModeManager (SCMSafeModeManager.java:validateSafeModeExitRules(140)) - ECContainerSafeModeRule rule is successfully validated
2025-05-28 15:17:14,581 [0cf558f4-2ca5-4c9f-a057-d7d7b755ef43@group-6B1567AA62B1-StateMachineUpdater] INFO  safemode.SCMSafeModeManager (SCMSafeModeManager.java:validateSafeModeExitRules(140)) - AtleastOneDatanodeReportedRule rule is successfully validated
2025-05-28 15:17:14,582 [RatisPipelineUtilsThread-0] INFO  pipeline.PipelineManagerImpl (PipelineManagerImpl.java:recordMetricsForPipeline(906)) - Pipeline-2ff824fa-665a-4aec-aa79-a574a09b74ef and Pipeline-27a96606-79c9-41c9-8ccf-3199ef5d7496 have exactly the same set of datanodes: [a755fe32-7d9a-4996-bc51-d7fbc67ab218(localhost/127.0.0.1), dacc202e-cd42-4a7a-b335-fe62dff69130(localhost/127.0.0.1), 4795f679-20b5-4d5a-9a13-c70766a2a14f(localhost/127.0.0.1)]
2025-05-28 15:17:14,582 [RatisPipelineUtilsThread-0] INFO  pipeline.PipelineManagerImpl (PipelineManagerImpl.java:recordMetricsForPipeline(906)) - Pipeline-2ff824fa-665a-4aec-aa79-a574a09b74ef and Pipeline-597178e3-698c-4789-b47c-ebc9b9187764 have exactly the same set of datanodes: [a755fe32-7d9a-4996-bc51-d7fbc67ab218(localhost/127.0.0.1), dacc202e-cd42-4a7a-b335-fe62dff69130(localhost/127.0.0.1), 4795f679-20b5-4d5a-9a13-c70766a2a14f(localhost/127.0.0.1)]
2025-05-28 15:17:14,582 [RatisPipelineUtilsThread-0] INFO  pipeline.BackgroundPipelineCreator (BackgroundPipelineCreator.java:createPipelines(246)) - Created new pipeline Pipeline{ Id: 2ff824fa-665a-4aec-aa79-a574a09b74ef, Nodes: [ {a755fe32-7d9a-4996-bc51-d7fbc67ab218(localhost/127.0.0.1), ReplicaIndex: 0}, {dacc202e-cd42-4a7a-b335-fe62dff69130(localhost/127.0.0.1), ReplicaIndex: 0}, {4795f679-20b5-4d5a-9a13-c70766a2a14f(localhost/127.0.0.1), ReplicaIndex: 0},], ReplicationConfig: RATIS/THREE, State:ALLOCATED, leaderId:, CreationTimestamp2025-05-28T15:17:14.578228891Z[Etc/UTC]}
2025-05-28 15:17:14,599 [78b7fabf-ca2a-4b70-8534-e46926e2083c-EndpointStateMachineTaskThread-/0.0.0.0:15002-0 ] WARN  statemachine.DatanodeConfiguration (DatanodeConfiguration.java:validateMinFreeSpace(689)) - hdds.datanode.volume.min.free.space.percent = -1.0 is invalid, should be between 0 and 1
2025-05-28 15:17:14,600 [78b7fabf-ca2a-4b70-8534-e46926e2083c-EndpointStateMachineTaskThread-/0.0.0.0:15002-0 ] WARN  statemachine.DatanodeConfiguration (DatanodeConfiguration.java:validateMinFreeSpace(689)) - hdds.datanode.volume.min.free.space.percent = -1.0 is invalid, should be between 0 and 1
2025-05-28 15:17:14,601 [78b7fabf-ca2a-4b70-8534-e46926e2083c-EndpointStateMachineTaskThread-/0.0.0.0:15002-0 ] WARN  statemachine.DatanodeConfiguration (DatanodeConfiguration.java:validateMinFreeSpace(689)) - hdds.datanode.volume.min.free.space.percent = -1.0 is invalid, should be between 0 and 1
2025-05-28 15:17:14,629 [78b7fabf-ca2a-4b70-8534-e46926e2083c-EndpointStateMachineTaskThread-/0.0.0.0:15002-0 ] INFO  utils.DatanodeStoreCache (DatanodeStoreCache.java:addDB(70)) - Added db /home/runner/work/ozone/ozone/hadoop-ozone/integration-test/target/test-dir/MiniOzoneClusterImpl-723737d7-d862-4a19-a51f-6b1567aa62b1/ozone-meta/datanode-5/data-0/hdds/723737d7-d862-4a19-a51f-6b1567aa62b1/DS-f4450203-fc06-478c-be34-987740df3407/container.db to cache
2025-05-28 15:17:14,629 [78b7fabf-ca2a-4b70-8534-e46926e2083c-EndpointStateMachineTaskThread-/0.0.0.0:15002-0 ] INFO  volume.HddsVolume (HddsVolume.java:createDbStore(510)) - SchemaV3 db is created and loaded at /home/runner/work/ozone/ozone/hadoop-ozone/integration-test/target/test-dir/MiniOzoneClusterImpl-723737d7-d862-4a19-a51f-6b1567aa62b1/ozone-meta/datanode-5/data-0/hdds/723737d7-d862-4a19-a51f-6b1567aa62b1/DS-f4450203-fc06-478c-be34-987740df3407/container.db for volume DS-f4450203-fc06-478c-be34-987740df3407
2025-05-28 15:17:14,630 [78b7fabf-ca2a-4b70-8534-e46926e2083c-EndpointStateMachineTaskThread-/0.0.0.0:15002-0 ] WARN  statemachine.DatanodeConfiguration (DatanodeConfiguration.java:validateMinFreeSpace(689)) - hdds.datanode.volume.min.free.space.percent = -1.0 is invalid, should be between 0 and 1
2025-05-28 15:17:14,632 [78b7fabf-ca2a-4b70-8534-e46926e2083c-ContainerReader-0] INFO  ozoneimpl.ContainerReader (ContainerReader.java:readVolume(144)) - Start to verify containers on volume /home/runner/work/ozone/ozone/hadoop-ozone/integration-test/target/test-dir/MiniOzoneClusterImpl-723737d7-d862-4a19-a51f-6b1567aa62b1/ozone-meta/datanode-5/data-0/hdds
2025-05-28 15:17:14,632 [78b7fabf-ca2a-4b70-8534-e46926e2083c-ContainerReader-0] INFO  ozoneimpl.ContainerReader (ContainerReader.java:readVolume(174)) - Finish verifying containers on volume /home/runner/work/ozone/ozone/hadoop-ozone/integration-test/target/test-dir/MiniOzoneClusterImpl-723737d7-d862-4a19-a51f-6b1567aa62b1/ozone-meta/datanode-5/data-0/hdds
2025-05-28 15:17:14,632 [78b7fabf-ca2a-4b70-8534-e46926e2083c-EndpointStateMachineTaskThread-/0.0.0.0:15002-0 ] INFO  ozoneimpl.OzoneContainer (OzoneContainer.java:buildContainerSet(364)) - Build ContainerSet costs 0s
2025-05-28 15:17:14,633 [78b7fabf-ca2a-4b70-8534-e46926e2083c-EndpointStateMachineTaskThread-/0.0.0.0:15002-0 ] INFO  volume.ThrottledAsyncChecker (ThrottledAsyncChecker.java:schedule(138)) - Scheduling a check for /home/runner/work/ozone/ozone/hadoop-ozone/integration-test/target/test-dir/MiniOzoneClusterImpl-723737d7-d862-4a19-a51f-6b1567aa62b1/ozone-meta/datanode-5/data-0/hdds
2025-05-28 15:17:14,633 [78b7fabf-ca2a-4b70-8534-e46926e2083c-EndpointStateMachineTaskThread-/0.0.0.0:15002-0 ] INFO  volume.StorageVolumeChecker (StorageVolumeChecker.java:checkAllVolumes(215)) - Scheduled health check for volume /home/runner/work/ozone/ozone/hadoop-ozone/integration-test/target/test-dir/MiniOzoneClusterImpl-723737d7-d862-4a19-a51f-6b1567aa62b1/ozone-meta/datanode-5/data-0/hdds
2025-05-28 15:17:14,637 [78b7fabf-ca2a-4b70-8534-e46926e2083c-EndpointStateMachineTaskThread-/0.0.0.0:15002-0 ] INFO  volume.ThrottledAsyncChecker (ThrottledAsyncChecker.java:schedule(138)) - Scheduling a check for /home/runner/work/ozone/ozone/hadoop-ozone/integration-test/target/test-dir/MiniOzoneClusterImpl-723737d7-d862-4a19-a51f-6b1567aa62b1/ozone-meta/datanode-5/ratis
2025-05-28 15:17:14,637 [78b7fabf-ca2a-4b70-8534-e46926e2083c-EndpointStateMachineTaskThread-/0.0.0.0:15002-0 ] INFO  volume.StorageVolumeChecker (StorageVolumeChecker.java:checkAllVolumes(215)) - Scheduled health check for volume /home/runner/work/ozone/ozone/hadoop-ozone/integration-test/target/test-dir/MiniOzoneClusterImpl-723737d7-d862-4a19-a51f-6b1567aa62b1/ozone-meta/datanode-5/ratis
2025-05-28 15:17:14,638 [78b7fabf-ca2a-4b70-8534-e46926e2083c-EndpointStateMachineTaskThread-/0.0.0.0:15002-0 ] INFO  ozoneimpl.OzoneContainer (OzoneContainer.java:start(512)) - Attempting to start container services.
2025-05-28 15:17:14,638 [78b7fabf-ca2a-4b70-8534-e46926e2083c-EndpointStateMachineTaskThread-/0.0.0.0:15002-0 ] WARN  ozoneimpl.OnDemandContainerDataScanner (OnDemandContainerDataScanner.java:init(74)) - Trying to initialize on demand scanner a second time on a datanode.
2025-05-28 15:17:14,639 [ContainerMetadataScanner] INFO  ozoneimpl.AbstractBackgroundContainerScanner (AbstractBackgroundContainerScanner.java:runIteration(89)) - Completed an iteration in 0 minutes. Number of iterations (since the data-node restart) : 1, Number of containers scanned in this iteration : 0, Number of unhealthy containers found in this iteration : 0
2025-05-28 15:17:14,639 [ContainerDataScanner(/home/runner/work/ozone/ozone/hadoop-ozone/integration-test/target/test-dir/MiniOzoneClusterImpl-723737d7-d862-4a19-a51f-6b1567aa62b1/ozone-meta/datanode-5/data-0/hdds)] INFO  ozoneimpl.AbstractBackgroundContainerScanner (AbstractBackgroundContainerScanner.java:runIteration(89)) - Completed an iteration in 0 minutes. Number of iterations (since the data-node restart) : 1, Number of containers scanned in this iteration : 0, Number of unhealthy containers found in this iteration : 0
2025-05-28 15:17:14,640 [78b7fabf-ca2a-4b70-8534-e46926e2083c-EndpointStateMachineTaskThread-/0.0.0.0:15002-0 ] INFO  replication.ReplicationServer (ReplicationServer.java:start(137)) - ReplicationServer is started using port 15049
2025-05-28 15:17:14,641 [78b7fabf-ca2a-4b70-8534-e46926e2083c-EndpointStateMachineTaskThread-/0.0.0.0:15002-0 ] INFO  ratis.XceiverServerRatis (XceiverServerRatis.java:start(559)) - Starting XceiverServerRatis(78b7fabf-ca2a-4b70-8534-e46926e2083c)
2025-05-28 15:17:14,642 [78b7fabf-ca2a-4b70-8534-e46926e2083c-EndpointStateMachineTaskThread-/0.0.0.0:15002-0 ] INFO  server.RaftServer (RaftServerProxy.java:startImpl(407)) - 78b7fabf-ca2a-4b70-8534-e46926e2083c: start RPC server
2025-05-28 15:17:14,642 [78b7fabf-ca2a-4b70-8534-e46926e2083c-EndpointStateMachineTaskThread-/0.0.0.0:15002-0 ] INFO  server.GrpcService (GrpcService.java:startImpl(334)) - 78b7fabf-ca2a-4b70-8534-e46926e2083c: GrpcService started, listening on 15045
2025-05-28 15:17:14,643 [78b7fabf-ca2a-4b70-8534-e46926e2083c-EndpointStateMachineTaskThread-/0.0.0.0:15002-0 ] INFO  server.GrpcService (GrpcService.java:startImpl(334)) - 78b7fabf-ca2a-4b70-8534-e46926e2083c: GrpcService started, listening on 15047
2025-05-28 15:17:14,643 [78b7fabf-ca2a-4b70-8534-e46926e2083c-EndpointStateMachineTaskThread-/0.0.0.0:15002-0 ] INFO  server.GrpcService (GrpcService.java:startImpl(334)) - 78b7fabf-ca2a-4b70-8534-e46926e2083c: GrpcService started, listening on 15046
2025-05-28 15:17:14,643 [78b7fabf-ca2a-4b70-8534-e46926e2083c-EndpointStateMachineTaskThread-/0.0.0.0:15002-0 ] INFO  ratis.XceiverServerRatis (XceiverServerRatis.java:getRealPort(586)) - XceiverServerRatis(78b7fabf-ca2a-4b70-8534-e46926e2083c) is started using port RATIS=15045
2025-05-28 15:17:14,643 [78b7fabf-ca2a-4b70-8534-e46926e2083c-EndpointStateMachineTaskThread-/0.0.0.0:15002-0 ] INFO  ratis.XceiverServerRatis (XceiverServerRatis.java:getRealPort(586)) - XceiverServerRatis(78b7fabf-ca2a-4b70-8534-e46926e2083c) is started using port RATIS_ADMIN=15046
2025-05-28 15:17:14,643 [78b7fabf-ca2a-4b70-8534-e46926e2083c-EndpointStateMachineTaskThread-/0.0.0.0:15002-0 ] INFO  ratis.XceiverServerRatis (XceiverServerRatis.java:getRealPort(586)) - XceiverServerRatis(78b7fabf-ca2a-4b70-8534-e46926e2083c) is started using port RATIS_SERVER=15047
2025-05-28 15:17:14,644 [78b7fabf-ca2a-4b70-8534-e46926e2083c-EndpointStateMachineTaskThread-/0.0.0.0:15002-0 ] INFO  ratis.XceiverServerRatis (XceiverServerRatis.java:getRealPort(586)) - XceiverServerRatis(78b7fabf-ca2a-4b70-8534-e46926e2083c) is started using port RATIS_DATASTREAM=15048
2025-05-28 15:17:14,644 [JvmPauseMonitor7] INFO  util.JvmPauseMonitor (JvmPauseMonitor.java:run(146)) - JvmPauseMonitor-78b7fabf-ca2a-4b70-8534-e46926e2083c: Started
2025-05-28 15:17:14,645 [78b7fabf-ca2a-4b70-8534-e46926e2083c-BlockDeletingService#0] INFO  interfaces.ContainerDeletionChoosingPolicyTemplate (ContainerDeletionChoosingPolicyTemplate.java:chooseContainerForBlockDeletion(83)) - Chosen 0/5000 blocks from 0 candidate containers.
2025-05-28 15:17:14,740 [EventQueue-PipelineReportForOneReplicaPipelineSafeModeRule] INFO  safemode.SCMSafeModeManager (SCMSafeModeManager.java:validateSafeModeExitRules(140)) - AtleastOneDatanodeReportedRule rule is successfully validated
2025-05-28 15:17:14,836 [IPC Server handler 8 on default port 15002] INFO  net.NetworkTopologyImpl (NetworkTopologyImpl.java:add(133)) - Added a new node: /default-rack/2b1bfca1-1fdc-4b0a-9b4d-c21112718afa
2025-05-28 15:17:14,836 [IPC Server handler 8 on default port 15002] INFO  node.SCMNodeManager (SCMNodeManager.java:register(424)) - Registered datanode: 2b1bfca1-1fdc-4b0a-9b4d-c21112718afa{ip: 127.0.0.1, host: localhost, ports: [HTTP=15034, CLIENT_RPC=15035, REPLICATION=15041, RATIS=15037, RATIS_ADMIN=15038, RATIS_SERVER=15039, RATIS_DATASTREAM=15040, STANDALONE=15036], networkLocation: /default-rack, certSerialId: null, persistedOpState: null, persistedOpStateExpiryEpochSec: 0}
2025-05-28 15:17:14,837 [EventQueue-ContainerRegistrationReportForRatisContainerSafeModeRule] INFO  safemode.SCMSafeModeManager (SCMSafeModeManager.java:validateSafeModeExitRules(140)) - RatisContainerSafeModeRule rule is successfully validated
2025-05-28 15:17:14,837 [EventQueue-ContainerRegistrationReportForECContainerSafeModeRule] INFO  safemode.SCMSafeModeManager (SCMSafeModeManager.java:validateSafeModeExitRules(140)) - ECContainerSafeModeRule rule is successfully validated
2025-05-28 15:17:14,837 [EventQueue-NewNodeForNewNodeHandler] INFO  pipeline.BackgroundPipelineCreator (BackgroundPipelineCreator.java:notifyEventTriggered(290)) - trigger a one-shot run on RatisPipelineUtilsThread.
2025-05-28 15:17:14,837 [EventQueue-NodeRegistrationContainerReportForDataNodeSafeModeRule] INFO  safemode.SCMSafeModeManager (SCMSafeModeManager.java:validateSafeModeExitRules(140)) - DataNodeSafeModeRule rule is successfully validated
2025-05-28 15:17:14,837 [EventQueue-PipelineReportForOneReplicaPipelineSafeModeRule] INFO  safemode.SCMSafeModeManager (SCMSafeModeManager.java:validateSafeModeExitRules(140)) - AtleastOneDatanodeReportedRule rule is successfully validated
2025-05-28 15:17:14,837 [RatisPipelineUtilsThread-0] INFO  pipeline.RatisPipelineProvider (RatisPipelineProvider.java:lambda$create$0(208)) - Sending CreatePipelineCommand for pipeline:Pipeline-521a3680-1f3f-469b-9590-0d69dbd4f9b0 to datanode:2b1bfca1-1fdc-4b0a-9b4d-c21112718afa(localhost/127.0.0.1)
2025-05-28 15:17:14,841 [0cf558f4-2ca5-4c9f-a057-d7d7b755ef43@group-6B1567AA62B1-StateMachineUpdater] INFO  safemode.SCMSafeModeManager (SCMSafeModeManager.java:validateSafeModeExitRules(140)) - DataNodeSafeModeRule rule is successfully validated
2025-05-28 15:17:14,841 [0cf558f4-2ca5-4c9f-a057-d7d7b755ef43@group-6B1567AA62B1-StateMachineUpdater] INFO  safemode.SCMSafeModeManager (SCMSafeModeManager.java:validateSafeModeExitRules(140)) - RatisContainerSafeModeRule rule is successfully validated
2025-05-28 15:17:14,841 [0cf558f4-2ca5-4c9f-a057-d7d7b755ef43@group-6B1567AA62B1-StateMachineUpdater] INFO  safemode.HealthyPipelineSafeModeRule (HealthyPipelineSafeModeRule.java:initializeRule(228)) - Refreshed total pipeline count is 0, healthy pipeline threshold count is 1
2025-05-28 15:17:14,841 [0cf558f4-2ca5-4c9f-a057-d7d7b755ef43@group-6B1567AA62B1-StateMachineUpdater] INFO  safemode.SCMSafeModeManager (SCMSafeModeManager.java:validateSafeModeExitRules(140)) - ECContainerSafeModeRule rule is successfully validated
2025-05-28 15:17:14,841 [0cf558f4-2ca5-4c9f-a057-d7d7b755ef43@group-6B1567AA62B1-StateMachineUpdater] INFO  safemode.SCMSafeModeManager (SCMSafeModeManager.java:validateSafeModeExitRules(140)) - AtleastOneDatanodeReportedRule rule is successfully validated
2025-05-28 15:17:14,841 [RatisPipelineUtilsThread-0] INFO  pipeline.BackgroundPipelineCreator (BackgroundPipelineCreator.java:createPipelines(246)) - Created new pipeline Pipeline{ Id: 521a3680-1f3f-469b-9590-0d69dbd4f9b0, Nodes: [ {2b1bfca1-1fdc-4b0a-9b4d-c21112718afa(localhost/127.0.0.1), ReplicaIndex: 0},], ReplicationConfig: RATIS/ONE, State:ALLOCATED, leaderId:, CreationTimestamp2025-05-28T15:17:14.837865460Z[Etc/UTC]}
2025-05-28 15:17:15,092 [main] INFO  ozone.MiniOzoneClusterImpl (MiniOzoneClusterImpl.java:lambda$waitForClusterToBeReady$0(173)) - Waiting for nodes to be ready. Got 4 of 5 DN Heartbeats.
2025-05-28 15:17:15,092 [main] INFO  ozone.MiniOzoneClusterImpl (MiniOzoneClusterImpl.java:lambda$waitForClusterToBeReady$0(176)) - Waiting for cluster to exit safe mode
2025-05-28 15:17:15,092 [main] INFO  ozone.MiniOzoneClusterImpl (MiniOzoneClusterImpl.java:lambda$waitForClusterToBeReady$0(178)) - SCM became leader
2025-05-28 15:17:15,097 [IPC Server handler 3 on default port 15002] INFO  net.NetworkTopologyImpl (NetworkTopologyImpl.java:add(133)) - Added a new node: /default-rack/78b7fabf-ca2a-4b70-8534-e46926e2083c
2025-05-28 15:17:15,097 [IPC Server handler 3 on default port 15002] INFO  node.SCMNodeManager (SCMNodeManager.java:register(424)) - Registered datanode: 78b7fabf-ca2a-4b70-8534-e46926e2083c{ip: 127.0.0.1, host: localhost, ports: [HTTP=15042, CLIENT_RPC=15043, REPLICATION=15049, RATIS=15045, RATIS_ADMIN=15046, RATIS_SERVER=15047, RATIS_DATASTREAM=15048, STANDALONE=15044], networkLocation: /default-rack, certSerialId: null, persistedOpState: null, persistedOpStateExpiryEpochSec: 0}
2025-05-28 15:17:15,098 [EventQueue-NodeRegistrationContainerReportForDataNodeSafeModeRule] INFO  safemode.SCMSafeModeManager (SCMSafeModeManager.java:validateSafeModeExitRules(140)) - DataNodeSafeModeRule rule is successfully validated
2025-05-28 15:17:15,098 [EventQueue-NewNodeForNewNodeHandler] INFO  pipeline.BackgroundPipelineCreator (BackgroundPipelineCreator.java:notifyEventTriggered(290)) - trigger a one-shot run on RatisPipelineUtilsThread.
2025-05-28 15:17:15,098 [EventQueue-ContainerRegistrationReportForECContainerSafeModeRule] INFO  safemode.SCMSafeModeManager (SCMSafeModeManager.java:validateSafeModeExitRules(140)) - ECContainerSafeModeRule rule is successfully validated
2025-05-28 15:17:15,098 [EventQueue-ContainerRegistrationReportForRatisContainerSafeModeRule] INFO  safemode.SCMSafeModeManager (SCMSafeModeManager.java:validateSafeModeExitRules(140)) - RatisContainerSafeModeRule rule is successfully validated
2025-05-28 15:17:15,098 [EventQueue-PipelineReportForOneReplicaPipelineSafeModeRule] INFO  safemode.SCMSafeModeManager (SCMSafeModeManager.java:validateSafeModeExitRules(140)) - AtleastOneDatanodeReportedRule rule is successfully validated
2025-05-28 15:17:15,098 [RatisPipelineUtilsThread-0] INFO  pipeline.RatisPipelineProvider (RatisPipelineProvider.java:lambda$create$0(208)) - Sending CreatePipelineCommand for pipeline:Pipeline-874f0c76-b28c-46e1-bd10-24323feed52c to datanode:78b7fabf-ca2a-4b70-8534-e46926e2083c(localhost/127.0.0.1)
2025-05-28 15:17:15,101 [0cf558f4-2ca5-4c9f-a057-d7d7b755ef43@group-6B1567AA62B1-StateMachineUpdater] INFO  safemode.SCMSafeModeManager (SCMSafeModeManager.java:validateSafeModeExitRules(140)) - DataNodeSafeModeRule rule is successfully validated
2025-05-28 15:17:15,101 [0cf558f4-2ca5-4c9f-a057-d7d7b755ef43@group-6B1567AA62B1-StateMachineUpdater] INFO  safemode.SCMSafeModeManager (SCMSafeModeManager.java:validateSafeModeExitRules(140)) - RatisContainerSafeModeRule rule is successfully validated
2025-05-28 15:17:15,101 [0cf558f4-2ca5-4c9f-a057-d7d7b755ef43@group-6B1567AA62B1-StateMachineUpdater] INFO  safemode.HealthyPipelineSafeModeRule (HealthyPipelineSafeModeRule.java:initializeRule(228)) - Refreshed total pipeline count is 0, healthy pipeline threshold count is 1
2025-05-28 15:17:15,101 [0cf558f4-2ca5-4c9f-a057-d7d7b755ef43@group-6B1567AA62B1-StateMachineUpdater] INFO  safemode.SCMSafeModeManager (SCMSafeModeManager.java:validateSafeModeExitRules(140)) - ECContainerSafeModeRule rule is successfully validated
2025-05-28 15:17:15,101 [0cf558f4-2ca5-4c9f-a057-d7d7b755ef43@group-6B1567AA62B1-StateMachineUpdater] INFO  safemode.SCMSafeModeManager (SCMSafeModeManager.java:validateSafeModeExitRules(140)) - AtleastOneDatanodeReportedRule rule is successfully validated
2025-05-28 15:17:15,102 [RatisPipelineUtilsThread-0] INFO  pipeline.BackgroundPipelineCreator (BackgroundPipelineCreator.java:createPipelines(246)) - Created new pipeline Pipeline{ Id: 874f0c76-b28c-46e1-bd10-24323feed52c, Nodes: [ {78b7fabf-ca2a-4b70-8534-e46926e2083c(localhost/127.0.0.1), ReplicaIndex: 0},], ReplicationConfig: RATIS/ONE, State:ALLOCATED, leaderId:, CreationTimestamp2025-05-28T15:17:15.098714517Z[Etc/UTC]}
2025-05-28 15:17:15,336 [EventQueue-PipelineReportForOneReplicaPipelineSafeModeRule] INFO  safemode.SCMSafeModeManager (SCMSafeModeManager.java:validateSafeModeExitRules(140)) - AtleastOneDatanodeReportedRule rule is successfully validated
2025-05-28 15:17:15,598 [EventQueue-PipelineReportForOneReplicaPipelineSafeModeRule] INFO  safemode.SCMSafeModeManager (SCMSafeModeManager.java:validateSafeModeExitRules(140)) - AtleastOneDatanodeReportedRule rule is successfully validated
2025-05-28 15:17:16,056 [EventQueue-PipelineReportForOneReplicaPipelineSafeModeRule] INFO  safemode.SCMSafeModeManager (SCMSafeModeManager.java:validateSafeModeExitRules(140)) - AtleastOneDatanodeReportedRule rule is successfully validated
2025-05-28 15:17:16,092 [main] INFO  ozone.MiniOzoneClusterImpl (MiniOzoneClusterImpl.java:lambda$waitForClusterToBeReady$0(173)) - Nodes are ready. Got 5 of 5 DN Heartbeats.
2025-05-28 15:17:16,092 [main] INFO  ozone.MiniOzoneClusterImpl (MiniOzoneClusterImpl.java:lambda$waitForClusterToBeReady$0(176)) - Waiting for cluster to exit safe mode
2025-05-28 15:17:16,092 [main] INFO  ozone.MiniOzoneClusterImpl (MiniOzoneClusterImpl.java:lambda$waitForClusterToBeReady$0(178)) - SCM became leader
2025-05-28 15:17:16,501 [EventQueue-PipelineReportForOneReplicaPipelineSafeModeRule] INFO  safemode.SCMSafeModeManager (SCMSafeModeManager.java:validateSafeModeExitRules(140)) - AtleastOneDatanodeReportedRule rule is successfully validated
2025-05-28 15:17:16,519 [4795f679-20b5-4d5a-9a13-c70766a2a14f-PipelineCommandHandlerThread-0] INFO  server.RaftServer (RaftServerProxy.java:addNew(100)) - 4795f679-20b5-4d5a-9a13-c70766a2a14f: addNew group-329227478BA6:[4795f679-20b5-4d5a-9a13-c70766a2a14f|127.0.0.1:15015] returns group-329227478BA6:java.util.concurrent.CompletableFuture@1827aee1[Not completed]
2025-05-28 15:17:16,525 [4795f679-20b5-4d5a-9a13-c70766a2a14f-groupManagement] WARN  statemachine.DatanodeConfiguration (DatanodeConfiguration.java:validateMinFreeSpace(689)) - hdds.datanode.volume.min.free.space.percent = -1.0 is invalid, should be between 0 and 1
2025-05-28 15:17:16,525 [4795f679-20b5-4d5a-9a13-c70766a2a14f-groupManagement] INFO  server.RaftServer$Division (RaftServerImpl.java:<init>(255)) - 4795f679-20b5-4d5a-9a13-c70766a2a14f: new RaftServerImpl for group-329227478BA6:[4795f679-20b5-4d5a-9a13-c70766a2a14f|127.0.0.1:15015] with ContainerStateMachine:uninitialized
2025-05-28 15:17:16,525 [4795f679-20b5-4d5a-9a13-c70766a2a14f-groupManagement] INFO  server.RaftServerConfigKeys (ConfUtils.java:logGet(46)) - raft.server.rpc.timeout.min = 5s (custom)
2025-05-28 15:17:16,525 [4795f679-20b5-4d5a-9a13-c70766a2a14f-groupManagement] INFO  server.RaftServerConfigKeys (ConfUtils.java:logGet(46)) - raft.server.rpc.timeout.max = 5200ms (custom)
2025-05-28 15:17:16,525 [4795f679-20b5-4d5a-9a13-c70766a2a14f-groupManagement] INFO  server.RaftServerConfigKeys (ConfUtils.java:logGet(46)) - raft.server.rpc.sleep.time = 25ms (default)
2025-05-28 15:17:16,526 [4795f679-20b5-4d5a-9a13-c70766a2a14f-groupManagement] INFO  server.RaftServerConfigKeys (ConfUtils.java:logGet(46)) - raft.server.rpc.slowness.timeout = 300s (custom)
2025-05-28 15:17:16,526 [4795f679-20b5-4d5a-9a13-c70766a2a14f-groupManagement] INFO  server.RaftServerConfigKeys (ConfUtils.java:logGet(46)) - raft.server.leaderelection.leader.step-down.wait-time = 10s (default)
2025-05-28 15:17:16,526 [4795f679-20b5-4d5a-9a13-c70766a2a14f-groupManagement] INFO  server.RaftServerConfigKeys (ConfUtils.java:logGet(46)) - raft.server.leaderelection.member.majority-add = false (default)
2025-05-28 15:17:16,526 [4795f679-20b5-4d5a-9a13-c70766a2a14f-groupManagement] INFO  server.RaftServerConfigKeys (ConfUtils.java:logGet(46)) - raft.server.sleep.deviation.threshold = 300ms (default)
2025-05-28 15:17:16,526 [4795f679-20b5-4d5a-9a13-c70766a2a14f-groupManagement] INFO  server.RaftServer$Division (ServerState.java:<init>(114)) - 4795f679-20b5-4d5a-9a13-c70766a2a14f@group-329227478BA6: ConfigurationManager, init=conf: {index: -1, cur=peers:[4795f679-20b5-4d5a-9a13-c70766a2a14f|127.0.0.1:15015]|listeners:[], old=null}, confs=<EMPTY_MAP>
2025-05-28 15:17:16,526 [4795f679-20b5-4d5a-9a13-c70766a2a14f-groupManagement] INFO  server.RaftServerConfigKeys (ConfUtils.java:logGet(46)) - raft.server.notification.no-leader.timeout = 300s (custom)
2025-05-28 15:17:16,526 [4795f679-20b5-4d5a-9a13-c70766a2a14f-groupManagement] INFO  server.RaftServerConfigKeys (ConfUtils.java:logGet(46)) - raft.server.read.timeout = 10s (default)
2025-05-28 15:17:16,526 [4795f679-20b5-4d5a-9a13-c70766a2a14f-groupManagement] INFO  server.RaftServerConfigKeys (ConfUtils.java:logGet(46)) - raft.server.retrycache.expirytime = 600000ms (custom)
2025-05-28 15:17:16,526 [4795f679-20b5-4d5a-9a13-c70766a2a14f-groupManagement] INFO  server.RaftServerConfigKeys (ConfUtils.java:logGet(46)) - raft.server.retrycache.statistics.expirytime = 100ms (default)
2025-05-28 15:17:16,526 [4795f679-20b5-4d5a-9a13-c70766a2a14f-groupManagement] INFO  server.RaftServerConfigKeys (ConfUtils.java:logGet(46)) - raft.server.read.option = DEFAULT (default)
2025-05-28 15:17:16,526 [4795f679-20b5-4d5a-9a13-c70766a2a14f-groupManagement] INFO  server.RaftServerConfigKeys (ConfUtils.java:logGet(46)) - raft.server.read.read-after-write-consistent.write-index-cache.expiry-time = 60s (default)
2025-05-28 15:17:16,537 [4795f679-20b5-4d5a-9a13-c70766a2a14f-groupManagement] INFO  server.RaftServerConfigKeys (ConfUtils.java:logGet(46)) - raft.server.rpc.request.timeout = 60s (custom)
2025-05-28 15:17:16,537 [4795f679-20b5-4d5a-9a13-c70766a2a14f-groupManagement] INFO  server.RaftServerConfigKeys (ConfUtils.java:logGet(46)) - raft.server.log.appender.install.snapshot.enabled = false (custom)
2025-05-28 15:17:16,537 [4795f679-20b5-4d5a-9a13-c70766a2a14f-groupManagement] INFO  server.RaftServerConfigKeys (ConfUtils.java:logGet(46)) - raft.server.threadpool.server.cached = true (default)
2025-05-28 15:17:16,537 [4795f679-20b5-4d5a-9a13-c70766a2a14f-groupManagement] INFO  server.RaftServerConfigKeys (ConfUtils.java:logGet(46)) - raft.server.threadpool.server.size = 0 (default)
2025-05-28 15:17:16,537 [4795f679-20b5-4d5a-9a13-c70766a2a14f-groupManagement] INFO  server.RaftServerConfigKeys (ConfUtils.java:logGet(46)) - raft.server.threadpool.client.cached = true (default)
2025-05-28 15:17:16,537 [4795f679-20b5-4d5a-9a13-c70766a2a14f-groupManagement] INFO  server.RaftServerConfigKeys (ConfUtils.java:logGet(46)) - raft.server.threadpool.client.size = 0 (default)
2025-05-28 15:17:16,537 [4795f679-20b5-4d5a-9a13-c70766a2a14f-groupManagement] INFO  server.RaftServerConfigKeys (ConfUtils.java:logGet(46)) - raft.server.storage.free-space.min = 0MB (=0) (default)
2025-05-28 15:17:16,538 [4795f679-20b5-4d5a-9a13-c70766a2a14f-groupManagement] INFO  server.RaftServerConfigKeys (ConfUtils.java:logGet(46)) - raft.server.log.corruption.policy = EXCEPTION (default)
2025-05-28 15:17:16,538 [4795f679-20b5-4d5a-9a13-c70766a2a14f-groupManagement] INFO  server.RaftServerConfigKeys (ConfUtils.java:logGet(46)) - raft.server.storage.dir = [/home/runner/work/ozone/ozone/hadoop-ozone/integration-test/target/test-dir/MiniOzoneClusterImpl-723737d7-d862-4a19-a51f-6b1567aa62b1/ozone-meta/datanode-1/ratis] (custom)
2025-05-28 15:17:16,538 [4795f679-20b5-4d5a-9a13-c70766a2a14f-groupManagement] INFO  storage.RaftStorageDirectory (RaftStorageDirectoryImpl.java:analyzeStorage(138)) - The storage directory /home/runner/work/ozone/ozone/hadoop-ozone/integration-test/target/test-dir/MiniOzoneClusterImpl-723737d7-d862-4a19-a51f-6b1567aa62b1/ozone-meta/datanode-1/ratis/de08d823-7de2-489b-90ad-329227478ba6 does not exist. Creating ...
2025-05-28 15:17:16,539 [4795f679-20b5-4d5a-9a13-c70766a2a14f-groupManagement] INFO  storage.RaftStorageDirectory (RaftStorageDirectoryImpl.java:tryLock(229)) - Lock on /home/runner/work/ozone/ozone/hadoop-ozone/integration-test/target/test-dir/MiniOzoneClusterImpl-723737d7-d862-4a19-a51f-6b1567aa62b1/ozone-meta/datanode-1/ratis/de08d823-7de2-489b-90ad-329227478ba6/in_use.lock acquired by nodename 72973@localhost
2025-05-28 15:17:16,540 [4795f679-20b5-4d5a-9a13-c70766a2a14f-groupManagement] INFO  storage.RaftStorage (RaftStorageImpl.java:format(98)) - Storage directory /home/runner/work/ozone/ozone/hadoop-ozone/integration-test/target/test-dir/MiniOzoneClusterImpl-723737d7-d862-4a19-a51f-6b1567aa62b1/ozone-meta/datanode-1/ratis/de08d823-7de2-489b-90ad-329227478ba6 has been successfully formatted.
2025-05-28 15:17:16,542 [4795f679-20b5-4d5a-9a13-c70766a2a14f-groupManagement] INFO  ratis.ContainerStateMachine (ContainerStateMachine.java:initialize(339)) - 4795f679-20b5-4d5a-9a13-c70766a2a14f: initialize group-329227478BA6
2025-05-28 15:17:16,542 [4795f679-20b5-4d5a-9a13-c70766a2a14f-groupManagement] INFO  ratis.ContainerStateMachine (ContainerStateMachine.java:loadSnapshot(347)) - group-329227478BA6: The snapshot info is null. Setting the last applied index to:(t:0, i:~)
2025-05-28 15:17:16,542 [4795f679-20b5-4d5a-9a13-c70766a2a14f-groupManagement] INFO  server.RaftServerConfigKeys (ConfUtils.java:logGet(46)) - raft.server.log.use.memory = false (default)
2025-05-28 15:17:16,542 [4795f679-20b5-4d5a-9a13-c70766a2a14f-groupManagement] INFO  server.RaftServerConfigKeys (ConfUtils.java:logGet(46)) - raft.server.log.purge.gap = 1000000 (custom)
2025-05-28 15:17:16,542 [4795f679-20b5-4d5a-9a13-c70766a2a14f-groupManagement] INFO  server.RaftServerConfigKeys (ConfUtils.java:logGet(46)) - raft.server.log.appender.buffer.byte-limit = 33554432 (custom)
2025-05-28 15:17:16,542 [4795f679-20b5-4d5a-9a13-c70766a2a14f-groupManagement] INFO  server.RaftServerConfigKeys (ConfUtils.java:logGet(46)) - raft.server.log.statemachine.data.read.timeout = 1000ms (default)
2025-05-28 15:17:16,543 [4795f679-20b5-4d5a-9a13-c70766a2a14f-groupManagement] INFO  server.RaftServerConfigKeys (ConfUtils.java:logGet(46)) - raft.server.log.purge.preservation.log.num = 0 (default)
2025-05-28 15:17:16,546 [EventQueue-PipelineReportForOneReplicaPipelineSafeModeRule] INFO  safemode.SCMSafeModeManager (SCMSafeModeManager.java:validateSafeModeExitRules(140)) - AtleastOneDatanodeReportedRule rule is successfully validated
2025-05-28 15:17:16,546 [4795f679-20b5-4d5a-9a13-c70766a2a14f-groupManagement] INFO  server.RaftServerConfigKeys (ConfUtils.java:logGet(46)) - raft.server.log.segment.size.max = 67108864 (custom)
2025-05-28 15:17:16,547 [4795f679-20b5-4d5a-9a13-c70766a2a14f-groupManagement] INFO  server.RaftServerConfigKeys (ConfUtils.java:logGet(46)) - raft.server.log.segment.cache.num.max = 2 (custom)
2025-05-28 15:17:16,547 [4795f679-20b5-4d5a-9a13-c70766a2a14f-groupManagement] INFO  server.RaftServerConfigKeys (ConfUtils.java:logGet(46)) - raft.server.log.segment.cache.size.max = 200MB (=209715200) (default)
2025-05-28 15:17:16,547 [4795f679-20b5-4d5a-9a13-c70766a2a14f-groupManagement] INFO  server.RaftServerConfigKeys (ConfUtils.java:logGet(46)) - raft.server.log.appender.buffer.byte-limit = 33554432 (custom)
2025-05-28 15:17:16,547 [4795f679-20b5-4d5a-9a13-c70766a2a14f-groupManagement] INFO  util.AwaitToRun (AwaitToRun.java:start(81)) - Thread[#862,4795f679-20b5-4d5a-9a13-c70766a2a14f@group-329227478BA6-cacheEviction-AwaitToRun,5,main] started
2025-05-28 15:17:16,548 [4795f679-20b5-4d5a-9a13-c70766a2a14f-groupManagement] INFO  segmented.SegmentedRaftLogWorker (SegmentedRaftLogWorker.java:<init>(188)) - new 4795f679-20b5-4d5a-9a13-c70766a2a14f@group-329227478BA6-SegmentedRaftLogWorker for RaftStorageImpl:Storage Directory /home/runner/work/ozone/ozone/hadoop-ozone/integration-test/target/test-dir/MiniOzoneClusterImpl-723737d7-d862-4a19-a51f-6b1567aa62b1/ozone-meta/datanode-1/ratis/de08d823-7de2-489b-90ad-329227478ba6
2025-05-28 15:17:16,548 [4795f679-20b5-4d5a-9a13-c70766a2a14f-groupManagement] INFO  server.RaftServerConfigKeys (ConfUtils.java:logGet(46)) - raft.server.log.queue.byte-limit = 4294967296 (custom)
2025-05-28 15:17:16,548 [4795f679-20b5-4d5a-9a13-c70766a2a14f-groupManagement] INFO  server.RaftServerConfigKeys (ConfUtils.java:logGet(46)) - raft.server.log.queue.element-limit = 1024 (custom)
2025-05-28 15:17:16,548 [4795f679-20b5-4d5a-9a13-c70766a2a14f-groupManagement] INFO  server.RaftServerConfigKeys (ConfUtils.java:logGet(46)) - raft.server.log.segment.size.max = 67108864 (custom)
2025-05-28 15:17:16,548 [4795f679-20b5-4d5a-9a13-c70766a2a14f-groupManagement] INFO  server.RaftServerConfigKeys (ConfUtils.java:logGet(46)) - raft.server.log.preallocated.size = 4194304 (custom)
2025-05-28 15:17:16,548 [4795f679-20b5-4d5a-9a13-c70766a2a14f-groupManagement] INFO  server.RaftServerConfigKeys (ConfUtils.java:logGet(46)) - raft.server.log.force.sync.num = 128 (default)
2025-05-28 15:17:16,548 [4795f679-20b5-4d5a-9a13-c70766a2a14f-groupManagement] INFO  server.RaftServerConfigKeys (ConfUtils.java:logGet(46)) - raft.server.log.statemachine.data.sync = true (default)
2025-05-28 15:17:16,548 [4795f679-20b5-4d5a-9a13-c70766a2a14f-groupManagement] INFO  server.RaftServerConfigKeys (ConfUtils.java:logGet(46)) - raft.server.log.statemachine.data.sync.timeout = 10s (default)
2025-05-28 15:17:16,548 [4795f679-20b5-4d5a-9a13-c70766a2a14f-groupManagement] INFO  server.RaftServerConfigKeys (ConfUtils.java:logGet(46)) - raft.server.log.statemachine.data.sync.timeout.retry = 30 (custom)
2025-05-28 15:17:16,549 [4795f679-20b5-4d5a-9a13-c70766a2a14f-groupManagement] INFO  server.RaftServerConfigKeys (ConfUtils.java:logGet(46)) - raft.server.log.write.buffer.size = 33554440 (custom)
2025-05-28 15:17:16,554 [0cf558f4-2ca5-4c9f-a057-d7d7b755ef43@group-6B1567AA62B1-StateMachineUpdater] INFO  safemode.SCMSafeModeManager (SCMSafeModeManager.java:validateSafeModeExitRules(140)) - DataNodeSafeModeRule rule is successfully validated
2025-05-28 15:17:16,554 [0cf558f4-2ca5-4c9f-a057-d7d7b755ef43@group-6B1567AA62B1-StateMachineUpdater] INFO  safemode.SCMSafeModeManager (SCMSafeModeManager.java:validateSafeModeExitRules(140)) - RatisContainerSafeModeRule rule is successfully validated
2025-05-28 15:17:16,554 [0cf558f4-2ca5-4c9f-a057-d7d7b755ef43@group-6B1567AA62B1-StateMachineUpdater] INFO  safemode.HealthyPipelineSafeModeRule (HealthyPipelineSafeModeRule.java:initializeRule(228)) - Refreshed total pipeline count is 0, healthy pipeline threshold count is 1
2025-05-28 15:17:16,555 [0cf558f4-2ca5-4c9f-a057-d7d7b755ef43@group-6B1567AA62B1-StateMachineUpdater] INFO  safemode.SCMSafeModeManager (SCMSafeModeManager.java:validateSafeModeExitRules(140)) - ECContainerSafeModeRule rule is successfully validated
2025-05-28 15:17:16,555 [0cf558f4-2ca5-4c9f-a057-d7d7b755ef43@group-6B1567AA62B1-StateMachineUpdater] INFO  safemode.SCMSafeModeManager (SCMSafeModeManager.java:validateSafeModeExitRules(140)) - AtleastOneDatanodeReportedRule rule is successfully validated
2025-05-28 15:17:16,556 [EventQueue-PipelineReportForPipelineReportHandler] INFO  pipeline.PipelineReportHandler (PipelineReportHandler.java:processPipelineReport(134)) - Opened pipeline Pipeline-de08d823-7de2-489b-90ad-329227478ba6
2025-05-28 15:17:16,556 [4795f679-20b5-4d5a-9a13-c70766a2a14f-groupManagement] INFO  server.RaftServerConfigKeys (ConfUtils.java:logGet(46)) - raft.server.log.appender.buffer.byte-limit = 33554432 (custom)
2025-05-28 15:17:16,556 [4795f679-20b5-4d5a-9a13-c70766a2a14f-groupManagement] INFO  server.RaftServerConfigKeys (ConfUtils.java:logGet(46)) - raft.server.log.unsafe-flush.enabled = false (default)
2025-05-28 15:17:16,556 [4795f679-20b5-4d5a-9a13-c70766a2a14f-groupManagement] INFO  server.RaftServerConfigKeys (ConfUtils.java:logGet(46)) - raft.server.log.async-flush.enabled = false (default)
2025-05-28 15:17:16,556 [4795f679-20b5-4d5a-9a13-c70766a2a14f-groupManagement] INFO  server.RaftServerConfigKeys (ConfUtils.java:logGet(46)) - raft.server.log.statemachine.data.caching.enabled = true (custom)
2025-05-28 15:17:16,557 [4795f679-20b5-4d5a-9a13-c70766a2a14f-groupManagement] INFO  segmented.SegmentedRaftLogWorker (SegmentedRaftLogWorker.java:lambda$new$0(139)) - 4795f679-20b5-4d5a-9a13-c70766a2a14f@group-329227478BA6-SegmentedRaftLogWorker: flushIndex: setUnconditionally 0 -> -1
2025-05-28 15:17:16,557 [4795f679-20b5-4d5a-9a13-c70766a2a14f-groupManagement] INFO  segmented.SegmentedRaftLogWorker (SegmentedRaftLogWorker.java:lambda$new$0(139)) - 4795f679-20b5-4d5a-9a13-c70766a2a14f@group-329227478BA6-SegmentedRaftLogWorker: safeCacheEvictIndex: setUnconditionally 0 -> -1
2025-05-28 15:17:16,557 [4795f679-20b5-4d5a-9a13-c70766a2a14f-groupManagement] INFO  server.RaftServer$Division (RaftServerImpl.java:start(391)) - 4795f679-20b5-4d5a-9a13-c70766a2a14f@group-329227478BA6: start as a follower, conf=conf: {index: -1, cur=peers:[4795f679-20b5-4d5a-9a13-c70766a2a14f|127.0.0.1:15015]|listeners:[], old=null}
2025-05-28 15:17:16,557 [4795f679-20b5-4d5a-9a13-c70766a2a14f-groupManagement] INFO  server.RaftServer$Division (RaftServerImpl.java:setRole(378)) - 4795f679-20b5-4d5a-9a13-c70766a2a14f@group-329227478BA6: changes role from      null to FOLLOWER at term 0 for startAsFollower
2025-05-28 15:17:16,557 [4795f679-20b5-4d5a-9a13-c70766a2a14f-groupManagement] INFO  impl.RoleInfo (RoleInfo.java:updateAndGet(148)) - 4795f679-20b5-4d5a-9a13-c70766a2a14f: start 4795f679-20b5-4d5a-9a13-c70766a2a14f@group-329227478BA6-FollowerState
2025-05-28 15:17:16,557 [4795f679-20b5-4d5a-9a13-c70766a2a14f@group-329227478BA6-FollowerState] INFO  server.RaftServerConfigKeys (ConfUtils.java:logGet(46)) - raft.server.rpc.first-election.timeout.min = 1000ms (custom)
2025-05-28 15:17:16,558 [4795f679-20b5-4d5a-9a13-c70766a2a14f@group-329227478BA6-FollowerState] INFO  server.RaftServerConfigKeys (ConfUtils.java:logGet(46)) - raft.server.rpc.first-election.timeout.max = 1200ms (custom)
2025-05-28 15:17:16,558 [4795f679-20b5-4d5a-9a13-c70766a2a14f-groupManagement] INFO  util.JmxRegister (JmxRegister.java:tryRegister(44)) - Successfully registered JMX Bean with object name Ratis:service=RaftServer,group=group-329227478BA6,id=4795f679-20b5-4d5a-9a13-c70766a2a14f
2025-05-28 15:17:16,558 [4795f679-20b5-4d5a-9a13-c70766a2a14f-groupManagement] INFO  util.JmxRegister (JmxRegister.java:register(58)) - register mxBean class org.apache.ratis.server.impl.RaftServerJmxAdapter as Ratis:service=RaftServer,group=group-329227478BA6,id=4795f679-20b5-4d5a-9a13-c70766a2a14f
2025-05-28 15:17:16,558 [4795f679-20b5-4d5a-9a13-c70766a2a14f-groupManagement] INFO  server.RaftServerConfigKeys (ConfUtils.java:logGet(46)) - raft.server.snapshot.trigger-when-stop.enabled = true (default)
2025-05-28 15:17:16,558 [4795f679-20b5-4d5a-9a13-c70766a2a14f-groupManagement] INFO  server.RaftServerConfigKeys (ConfUtils.java:logGet(46)) - raft.server.snapshot.trigger-when-remove.enabled = true (default)
2025-05-28 15:17:16,558 [4795f679-20b5-4d5a-9a13-c70766a2a14f-groupManagement] INFO  server.RaftServerConfigKeys (ConfUtils.java:logGet(46)) - raft.server.snapshot.auto.trigger.enabled = true (custom)
2025-05-28 15:17:16,558 [4795f679-20b5-4d5a-9a13-c70766a2a14f-groupManagement] INFO  server.RaftServerConfigKeys (ConfUtils.java:logGet(46)) - raft.server.snapshot.auto.trigger.threshold = 100000 (custom)
2025-05-28 15:17:16,558 [4795f679-20b5-4d5a-9a13-c70766a2a14f-groupManagement] INFO  server.RaftServerConfigKeys (ConfUtils.java:logGet(46)) - raft.server.snapshot.retention.file.num = 5 (custom)
2025-05-28 15:17:16,558 [4795f679-20b5-4d5a-9a13-c70766a2a14f-groupManagement] INFO  server.RaftServerConfigKeys (ConfUtils.java:logGet(46)) - raft.server.log.purge.upto.snapshot.index = false (default)
2025-05-28 15:17:16,559 [4795f679-20b5-4d5a-9a13-c70766a2a14f-groupManagement] INFO  server.RaftServer$Division (RaftServerImpl.java:start(405)) - 4795f679-20b5-4d5a-9a13-c70766a2a14f@group-329227478BA6: Successfully started.
2025-05-28 15:17:16,560 [4795f679-20b5-4d5a-9a13-c70766a2a14f-PipelineCommandHandlerThread-0] INFO  ratis.XceiverServerRatis (XceiverServerRatis.java:addGroup(843)) - Created group Pipeline-de08d823-7de2-489b-90ad-329227478ba6
2025-05-28 15:17:16,561 [4795f679-20b5-4d5a-9a13-c70766a2a14f-PipelineCommandHandlerThread-0] INFO  commandhandler.CreatePipelineCommandHandler (CreatePipelineCommandHandler.java:lambda$handle$2(127)) - Created Pipeline RATIS ONE Pipeline-de08d823-7de2-489b-90ad-329227478ba6.
2025-05-28 15:17:16,561 [4795f679-20b5-4d5a-9a13-c70766a2a14f-PipelineCommandHandlerThread-0] INFO  server.RaftServer (RaftServerProxy.java:addNew(100)) - 4795f679-20b5-4d5a-9a13-c70766a2a14f: addNew group-3199EF5D7496:[4795f679-20b5-4d5a-9a13-c70766a2a14f|127.0.0.1:15015, a755fe32-7d9a-4996-bc51-d7fbc67ab218|127.0.0.1:15023, dacc202e-cd42-4a7a-b335-fe62dff69130|127.0.0.1:15031] returns group-3199EF5D7496:java.util.concurrent.CompletableFuture@5be89aa[Not completed]
2025-05-28 15:17:16,563 [4795f679-20b5-4d5a-9a13-c70766a2a14f-groupManagement] WARN  statemachine.DatanodeConfiguration (DatanodeConfiguration.java:validateMinFreeSpace(689)) - hdds.datanode.volume.min.free.space.percent = -1.0 is invalid, should be between 0 and 1
2025-05-28 15:17:16,563 [4795f679-20b5-4d5a-9a13-c70766a2a14f-groupManagement] INFO  server.RaftServer$Division (RaftServerImpl.java:<init>(255)) - 4795f679-20b5-4d5a-9a13-c70766a2a14f: new RaftServerImpl for group-3199EF5D7496:[4795f679-20b5-4d5a-9a13-c70766a2a14f|127.0.0.1:15015, a755fe32-7d9a-4996-bc51-d7fbc67ab218|127.0.0.1:15023, dacc202e-cd42-4a7a-b335-fe62dff69130|127.0.0.1:15031] with ContainerStateMachine:uninitialized
2025-05-28 15:17:16,563 [4795f679-20b5-4d5a-9a13-c70766a2a14f-groupManagement] INFO  server.RaftServerConfigKeys (ConfUtils.java:logGet(46)) - raft.server.rpc.timeout.min = 5s (custom)
2025-05-28 15:17:16,563 [4795f679-20b5-4d5a-9a13-c70766a2a14f-groupManagement] INFO  server.RaftServerConfigKeys (ConfUtils.java:logGet(46)) - raft.server.rpc.timeout.max = 5200ms (custom)
2025-05-28 15:17:16,563 [4795f679-20b5-4d5a-9a13-c70766a2a14f-groupManagement] INFO  server.RaftServerConfigKeys (ConfUtils.java:logGet(46)) - raft.server.rpc.sleep.time = 25ms (default)
2025-05-28 15:17:16,563 [4795f679-20b5-4d5a-9a13-c70766a2a14f-groupManagement] INFO  server.RaftServerConfigKeys (ConfUtils.java:logGet(46)) - raft.server.rpc.slowness.timeout = 300s (custom)
2025-05-28 15:17:16,563 [4795f679-20b5-4d5a-9a13-c70766a2a14f-groupManagement] INFO  server.RaftServerConfigKeys (ConfUtils.java:logGet(46)) - raft.server.leaderelection.leader.step-down.wait-time = 10s (default)
2025-05-28 15:17:16,563 [4795f679-20b5-4d5a-9a13-c70766a2a14f-groupManagement] INFO  server.RaftServerConfigKeys (ConfUtils.java:logGet(46)) - raft.server.leaderelection.member.majority-add = false (default)
2025-05-28 15:17:16,564 [4795f679-20b5-4d5a-9a13-c70766a2a14f-groupManagement] INFO  server.RaftServerConfigKeys (ConfUtils.java:logGet(46)) - raft.server.sleep.deviation.threshold = 300ms (default)
2025-05-28 15:17:16,564 [4795f679-20b5-4d5a-9a13-c70766a2a14f-groupManagement] INFO  server.RaftServer$Division (ServerState.java:<init>(114)) - 4795f679-20b5-4d5a-9a13-c70766a2a14f@group-3199EF5D7496: ConfigurationManager, init=conf: {index: -1, cur=peers:[4795f679-20b5-4d5a-9a13-c70766a2a14f|127.0.0.1:15015, a755fe32-7d9a-4996-bc51-d7fbc67ab218|127.0.0.1:15023, dacc202e-cd42-4a7a-b335-fe62dff69130|127.0.0.1:15031]|listeners:[], old=null}, confs=<EMPTY_MAP>
2025-05-28 15:17:16,564 [4795f679-20b5-4d5a-9a13-c70766a2a14f-groupManagement] INFO  server.RaftServerConfigKeys (ConfUtils.java:logGet(46)) - raft.server.notification.no-leader.timeout = 300s (custom)
2025-05-28 15:17:16,564 [4795f679-20b5-4d5a-9a13-c70766a2a14f-groupManagement] INFO  server.RaftServerConfigKeys (ConfUtils.java:logGet(46)) - raft.server.read.timeout = 10s (default)
2025-05-28 15:17:16,564 [4795f679-20b5-4d5a-9a13-c70766a2a14f-groupManagement] INFO  server.RaftServerConfigKeys (ConfUtils.java:logGet(46)) - raft.server.retrycache.expirytime = 600000ms (custom)
2025-05-28 15:17:16,564 [4795f679-20b5-4d5a-9a13-c70766a2a14f-groupManagement] INFO  server.RaftServerConfigKeys (ConfUtils.java:logGet(46)) - raft.server.retrycache.statistics.expirytime = 100ms (default)
2025-05-28 15:17:16,564 [4795f679-20b5-4d5a-9a13-c70766a2a14f-groupManagement] INFO  server.RaftServerConfigKeys (ConfUtils.java:logGet(46)) - raft.server.read.option = DEFAULT (default)
2025-05-28 15:17:16,564 [4795f679-20b5-4d5a-9a13-c70766a2a14f-groupManagement] INFO  server.RaftServerConfigKeys (ConfUtils.java:logGet(46)) - raft.server.read.read-after-write-consistent.write-index-cache.expiry-time = 60s (default)
2025-05-28 15:17:16,570 [4795f679-20b5-4d5a-9a13-c70766a2a14f-groupManagement] INFO  server.RaftServerConfigKeys (ConfUtils.java:logGet(46)) - raft.server.rpc.request.timeout = 60s (custom)
2025-05-28 15:17:16,570 [4795f679-20b5-4d5a-9a13-c70766a2a14f-groupManagement] INFO  server.RaftServerConfigKeys (ConfUtils.java:logGet(46)) - raft.server.log.appender.install.snapshot.enabled = false (custom)
2025-05-28 15:17:16,570 [4795f679-20b5-4d5a-9a13-c70766a2a14f-groupManagement] INFO  server.RaftServerConfigKeys (ConfUtils.java:logGet(46)) - raft.server.threadpool.server.cached = true (default)
2025-05-28 15:17:16,570 [4795f679-20b5-4d5a-9a13-c70766a2a14f-groupManagement] INFO  server.RaftServerConfigKeys (ConfUtils.java:logGet(46)) - raft.server.threadpool.server.size = 0 (default)
2025-05-28 15:17:16,570 [4795f679-20b5-4d5a-9a13-c70766a2a14f-groupManagement] INFO  server.RaftServerConfigKeys (ConfUtils.java:logGet(46)) - raft.server.threadpool.client.cached = true (default)
2025-05-28 15:17:16,570 [4795f679-20b5-4d5a-9a13-c70766a2a14f-groupManagement] INFO  server.RaftServerConfigKeys (ConfUtils.java:logGet(46)) - raft.server.threadpool.client.size = 0 (default)
2025-05-28 15:17:16,570 [4795f679-20b5-4d5a-9a13-c70766a2a14f-groupManagement] INFO  server.RaftServerConfigKeys (ConfUtils.java:logGet(46)) - raft.server.storage.free-space.min = 0MB (=0) (default)
2025-05-28 15:17:16,570 [4795f679-20b5-4d5a-9a13-c70766a2a14f-groupManagement] INFO  server.RaftServerConfigKeys (ConfUtils.java:logGet(46)) - raft.server.log.corruption.policy = EXCEPTION (default)
2025-05-28 15:17:16,570 [4795f679-20b5-4d5a-9a13-c70766a2a14f-groupManagement] INFO  server.RaftServerConfigKeys (ConfUtils.java:logGet(46)) - raft.server.storage.dir = [/home/runner/work/ozone/ozone/hadoop-ozone/integration-test/target/test-dir/MiniOzoneClusterImpl-723737d7-d862-4a19-a51f-6b1567aa62b1/ozone-meta/datanode-1/ratis] (custom)
2025-05-28 15:17:16,571 [4795f679-20b5-4d5a-9a13-c70766a2a14f-groupManagement] INFO  storage.RaftStorageDirectory (RaftStorageDirectoryImpl.java:analyzeStorage(138)) - The storage directory /home/runner/work/ozone/ozone/hadoop-ozone/integration-test/target/test-dir/MiniOzoneClusterImpl-723737d7-d862-4a19-a51f-6b1567aa62b1/ozone-meta/datanode-1/ratis/27a96606-79c9-41c9-8ccf-3199ef5d7496 does not exist. Creating ...
2025-05-28 15:17:16,572 [4795f679-20b5-4d5a-9a13-c70766a2a14f-groupManagement] INFO  storage.RaftStorageDirectory (RaftStorageDirectoryImpl.java:tryLock(229)) - Lock on /home/runner/work/ozone/ozone/hadoop-ozone/integration-test/target/test-dir/MiniOzoneClusterImpl-723737d7-d862-4a19-a51f-6b1567aa62b1/ozone-meta/datanode-1/ratis/27a96606-79c9-41c9-8ccf-3199ef5d7496/in_use.lock acquired by nodename 72973@localhost
2025-05-28 15:17:16,573 [4795f679-20b5-4d5a-9a13-c70766a2a14f-groupManagement] INFO  storage.RaftStorage (RaftStorageImpl.java:format(98)) - Storage directory /home/runner/work/ozone/ozone/hadoop-ozone/integration-test/target/test-dir/MiniOzoneClusterImpl-723737d7-d862-4a19-a51f-6b1567aa62b1/ozone-meta/datanode-1/ratis/27a96606-79c9-41c9-8ccf-3199ef5d7496 has been successfully formatted.
2025-05-28 15:17:16,574 [4795f679-20b5-4d5a-9a13-c70766a2a14f-groupManagement] INFO  ratis.ContainerStateMachine (ContainerStateMachine.java:initialize(339)) - 4795f679-20b5-4d5a-9a13-c70766a2a14f: initialize group-3199EF5D7496
2025-05-28 15:17:16,574 [4795f679-20b5-4d5a-9a13-c70766a2a14f-groupManagement] INFO  ratis.ContainerStateMachine (ContainerStateMachine.java:loadSnapshot(347)) - group-3199EF5D7496: The snapshot info is null. Setting the last applied index to:(t:0, i:~)
2025-05-28 15:17:16,574 [4795f679-20b5-4d5a-9a13-c70766a2a14f-groupManagement] INFO  server.RaftServerConfigKeys (ConfUtils.java:logGet(46)) - raft.server.log.use.memory = false (default)
2025-05-28 15:17:16,574 [4795f679-20b5-4d5a-9a13-c70766a2a14f-groupManagement] INFO  server.RaftServerConfigKeys (ConfUtils.java:logGet(46)) - raft.server.log.purge.gap = 1000000 (custom)
2025-05-28 15:17:16,574 [4795f679-20b5-4d5a-9a13-c70766a2a14f-groupManagement] INFO  server.RaftServerConfigKeys (ConfUtils.java:logGet(46)) - raft.server.log.appender.buffer.byte-limit = 33554432 (custom)
2025-05-28 15:17:16,574 [4795f679-20b5-4d5a-9a13-c70766a2a14f-groupManagement] INFO  server.RaftServerConfigKeys (ConfUtils.java:logGet(46)) - raft.server.log.statemachine.data.read.timeout = 1000ms (default)
2025-05-28 15:17:16,574 [4795f679-20b5-4d5a-9a13-c70766a2a14f-groupManagement] INFO  server.RaftServerConfigKeys (ConfUtils.java:logGet(46)) - raft.server.log.purge.preservation.log.num = 0 (default)
2025-05-28 15:17:16,576 [EventQueue-PipelineReportForOneReplicaPipelineSafeModeRule] INFO  safemode.SCMSafeModeManager (SCMSafeModeManager.java:validateSafeModeExitRules(140)) - AtleastOneDatanodeReportedRule rule is successfully validated
2025-05-28 15:17:16,577 [4795f679-20b5-4d5a-9a13-c70766a2a14f-groupManagement] INFO  server.RaftServerConfigKeys (ConfUtils.java:logGet(46)) - raft.server.log.segment.size.max = 67108864 (custom)
2025-05-28 15:17:16,577 [4795f679-20b5-4d5a-9a13-c70766a2a14f-groupManagement] INFO  server.RaftServerConfigKeys (ConfUtils.java:logGet(46)) - raft.server.log.segment.cache.num.max = 2 (custom)
2025-05-28 15:17:16,577 [4795f679-20b5-4d5a-9a13-c70766a2a14f-groupManagement] INFO  server.RaftServerConfigKeys (ConfUtils.java:logGet(46)) - raft.server.log.segment.cache.size.max = 200MB (=209715200) (default)
2025-05-28 15:17:16,578 [4795f679-20b5-4d5a-9a13-c70766a2a14f-groupManagement] INFO  server.RaftServerConfigKeys (ConfUtils.java:logGet(46)) - raft.server.log.appender.buffer.byte-limit = 33554432 (custom)
2025-05-28 15:17:16,578 [4795f679-20b5-4d5a-9a13-c70766a2a14f-groupManagement] INFO  util.AwaitToRun (AwaitToRun.java:start(81)) - Thread[#867,4795f679-20b5-4d5a-9a13-c70766a2a14f@group-3199EF5D7496-cacheEviction-AwaitToRun,5,main] started
2025-05-28 15:17:16,578 [4795f679-20b5-4d5a-9a13-c70766a2a14f-groupManagement] INFO  segmented.SegmentedRaftLogWorker (SegmentedRaftLogWorker.java:<init>(188)) - new 4795f679-20b5-4d5a-9a13-c70766a2a14f@group-3199EF5D7496-SegmentedRaftLogWorker for RaftStorageImpl:Storage Directory /home/runner/work/ozone/ozone/hadoop-ozone/integration-test/target/test-dir/MiniOzoneClusterImpl-723737d7-d862-4a19-a51f-6b1567aa62b1/ozone-meta/datanode-1/ratis/27a96606-79c9-41c9-8ccf-3199ef5d7496
2025-05-28 15:17:16,578 [4795f679-20b5-4d5a-9a13-c70766a2a14f-groupManagement] INFO  server.RaftServerConfigKeys (ConfUtils.java:logGet(46)) - raft.server.log.queue.byte-limit = 4294967296 (custom)
2025-05-28 15:17:16,578 [4795f679-20b5-4d5a-9a13-c70766a2a14f-groupManagement] INFO  server.RaftServerConfigKeys (ConfUtils.java:logGet(46)) - raft.server.log.queue.element-limit = 1024 (custom)
2025-05-28 15:17:16,578 [4795f679-20b5-4d5a-9a13-c70766a2a14f-groupManagement] INFO  server.RaftServerConfigKeys (ConfUtils.java:logGet(46)) - raft.server.log.segment.size.max = 67108864 (custom)
2025-05-28 15:17:16,578 [4795f679-20b5-4d5a-9a13-c70766a2a14f-groupManagement] INFO  server.RaftServerConfigKeys (ConfUtils.java:logGet(46)) - raft.server.log.preallocated.size = 4194304 (custom)
2025-05-28 15:17:16,578 [4795f679-20b5-4d5a-9a13-c70766a2a14f-groupManagement] INFO  server.RaftServerConfigKeys (ConfUtils.java:logGet(46)) - raft.server.log.force.sync.num = 128 (default)
2025-05-28 15:17:16,578 [4795f679-20b5-4d5a-9a13-c70766a2a14f-groupManagement] INFO  server.RaftServerConfigKeys (ConfUtils.java:logGet(46)) - raft.server.log.statemachine.data.sync = true (default)
2025-05-28 15:17:16,578 [4795f679-20b5-4d5a-9a13-c70766a2a14f-groupManagement] INFO  server.RaftServerConfigKeys (ConfUtils.java:logGet(46)) - raft.server.log.statemachine.data.sync.timeout = 10s (default)
2025-05-28 15:17:16,578 [4795f679-20b5-4d5a-9a13-c70766a2a14f-groupManagement] INFO  server.RaftServerConfigKeys (ConfUtils.java:logGet(46)) - raft.server.log.statemachine.data.sync.timeout.retry = 30 (custom)
2025-05-28 15:17:16,579 [4795f679-20b5-4d5a-9a13-c70766a2a14f-groupManagement] INFO  server.RaftServerConfigKeys (ConfUtils.java:logGet(46)) - raft.server.log.write.buffer.size = 33554440 (custom)
2025-05-28 15:17:16,584 [4795f679-20b5-4d5a-9a13-c70766a2a14f-groupManagement] INFO  server.RaftServerConfigKeys (ConfUtils.java:logGet(46)) - raft.server.log.appender.buffer.byte-limit = 33554432 (custom)
2025-05-28 15:17:16,585 [4795f679-20b5-4d5a-9a13-c70766a2a14f-groupManagement] INFO  server.RaftServerConfigKeys (ConfUtils.java:logGet(46)) - raft.server.log.unsafe-flush.enabled = false (default)
2025-05-28 15:17:16,585 [4795f679-20b5-4d5a-9a13-c70766a2a14f-groupManagement] INFO  server.RaftServerConfigKeys (ConfUtils.java:logGet(46)) - raft.server.log.async-flush.enabled = false (default)
2025-05-28 15:17:16,585 [4795f679-20b5-4d5a-9a13-c70766a2a14f-groupManagement] INFO  server.RaftServerConfigKeys (ConfUtils.java:logGet(46)) - raft.server.log.statemachine.data.caching.enabled = true (custom)
2025-05-28 15:17:16,585 [4795f679-20b5-4d5a-9a13-c70766a2a14f-groupManagement] INFO  segmented.SegmentedRaftLogWorker (SegmentedRaftLogWorker.java:lambda$new$0(139)) - 4795f679-20b5-4d5a-9a13-c70766a2a14f@group-3199EF5D7496-SegmentedRaftLogWorker: flushIndex: setUnconditionally 0 -> -1
2025-05-28 15:17:16,585 [4795f679-20b5-4d5a-9a13-c70766a2a14f-groupManagement] INFO  segmented.SegmentedRaftLogWorker (SegmentedRaftLogWorker.java:lambda$new$0(139)) - 4795f679-20b5-4d5a-9a13-c70766a2a14f@group-3199EF5D7496-SegmentedRaftLogWorker: safeCacheEvictIndex: setUnconditionally 0 -> -1
2025-05-28 15:17:16,585 [4795f679-20b5-4d5a-9a13-c70766a2a14f-groupManagement] INFO  server.RaftServer$Division (RaftServerImpl.java:start(391)) - 4795f679-20b5-4d5a-9a13-c70766a2a14f@group-3199EF5D7496: start as a follower, conf=conf: {index: -1, cur=peers:[4795f679-20b5-4d5a-9a13-c70766a2a14f|127.0.0.1:15015, a755fe32-7d9a-4996-bc51-d7fbc67ab218|127.0.0.1:15023, dacc202e-cd42-4a7a-b335-fe62dff69130|127.0.0.1:15031]|listeners:[], old=null}
2025-05-28 15:17:16,586 [4795f679-20b5-4d5a-9a13-c70766a2a14f-groupManagement] INFO  server.RaftServer$Division (RaftServerImpl.java:setRole(378)) - 4795f679-20b5-4d5a-9a13-c70766a2a14f@group-3199EF5D7496: changes role from      null to FOLLOWER at term 0 for startAsFollower
2025-05-28 15:17:16,586 [4795f679-20b5-4d5a-9a13-c70766a2a14f-groupManagement] INFO  impl.RoleInfo (RoleInfo.java:updateAndGet(148)) - 4795f679-20b5-4d5a-9a13-c70766a2a14f: start 4795f679-20b5-4d5a-9a13-c70766a2a14f@group-3199EF5D7496-FollowerState
2025-05-28 15:17:16,586 [4795f679-20b5-4d5a-9a13-c70766a2a14f@group-3199EF5D7496-FollowerState] INFO  server.RaftServerConfigKeys (ConfUtils.java:logGet(46)) - raft.server.rpc.first-election.timeout.min = 1000ms (custom)
2025-05-28 15:17:16,586 [4795f679-20b5-4d5a-9a13-c70766a2a14f-groupManagement] INFO  util.JmxRegister (JmxRegister.java:tryRegister(44)) - Successfully registered JMX Bean with object name Ratis:service=RaftServer,group=group-3199EF5D7496,id=4795f679-20b5-4d5a-9a13-c70766a2a14f
2025-05-28 15:17:16,586 [4795f679-20b5-4d5a-9a13-c70766a2a14f@group-3199EF5D7496-FollowerState] INFO  server.RaftServerConfigKeys (ConfUtils.java:logGet(46)) - raft.server.rpc.first-election.timeout.max = 1200ms (custom)
2025-05-28 15:17:16,586 [4795f679-20b5-4d5a-9a13-c70766a2a14f-groupManagement] INFO  util.JmxRegister (JmxRegister.java:register(58)) - register mxBean class org.apache.ratis.server.impl.RaftServerJmxAdapter as Ratis:service=RaftServer,group=group-3199EF5D7496,id=4795f679-20b5-4d5a-9a13-c70766a2a14f
2025-05-28 15:17:16,586 [4795f679-20b5-4d5a-9a13-c70766a2a14f-groupManagement] INFO  server.RaftServerConfigKeys (ConfUtils.java:logGet(46)) - raft.server.snapshot.trigger-when-stop.enabled = true (default)
2025-05-28 15:17:16,586 [4795f679-20b5-4d5a-9a13-c70766a2a14f-groupManagement] INFO  server.RaftServerConfigKeys (ConfUtils.java:logGet(46)) - raft.server.snapshot.trigger-when-remove.enabled = true (default)
2025-05-28 15:17:16,586 [4795f679-20b5-4d5a-9a13-c70766a2a14f-groupManagement] INFO  server.RaftServerConfigKeys (ConfUtils.java:logGet(46)) - raft.server.snapshot.auto.trigger.enabled = true (custom)
2025-05-28 15:17:16,586 [4795f679-20b5-4d5a-9a13-c70766a2a14f-groupManagement] INFO  server.RaftServerConfigKeys (ConfUtils.java:logGet(46)) - raft.server.snapshot.auto.trigger.threshold = 100000 (custom)
2025-05-28 15:17:16,587 [4795f679-20b5-4d5a-9a13-c70766a2a14f-groupManagement] INFO  server.RaftServerConfigKeys (ConfUtils.java:logGet(46)) - raft.server.snapshot.retention.file.num = 5 (custom)
2025-05-28 15:17:16,587 [4795f679-20b5-4d5a-9a13-c70766a2a14f-groupManagement] INFO  server.RaftServerConfigKeys (ConfUtils.java:logGet(46)) - raft.server.log.purge.upto.snapshot.index = false (default)
2025-05-28 15:17:16,588 [4795f679-20b5-4d5a-9a13-c70766a2a14f-groupManagement] INFO  server.RaftServer$Division (RaftServerImpl.java:start(405)) - 4795f679-20b5-4d5a-9a13-c70766a2a14f@group-3199EF5D7496: Successfully started.
2025-05-28 15:17:16,588 [4795f679-20b5-4d5a-9a13-c70766a2a14f-PipelineCommandHandlerThread-0] INFO  ratis.XceiverServerRatis (XceiverServerRatis.java:addGroup(843)) - Created group Pipeline-27a96606-79c9-41c9-8ccf-3199ef5d7496
2025-05-28 15:17:16,597 [EventQueue-PipelineReportForOneReplicaPipelineSafeModeRule] INFO  safemode.SCMSafeModeManager (SCMSafeModeManager.java:validateSafeModeExitRules(140)) - AtleastOneDatanodeReportedRule rule is successfully validated
2025-05-28 15:17:16,741 [EventQueue-PipelineReportForOneReplicaPipelineSafeModeRule] INFO  safemode.SCMSafeModeManager (SCMSafeModeManager.java:validateSafeModeExitRules(140)) - AtleastOneDatanodeReportedRule rule is successfully validated
2025-05-28 15:17:16,742 [a755fe32-7d9a-4996-bc51-d7fbc67ab218-groupManagement] WARN  statemachine.DatanodeConfiguration (DatanodeConfiguration.java:validateMinFreeSpace(689)) - hdds.datanode.volume.min.free.space.percent = -1.0 is invalid, should be between 0 and 1
2025-05-28 15:17:16,743 [a755fe32-7d9a-4996-bc51-d7fbc67ab218-groupManagement] INFO  server.RaftServer$Division (RaftServerImpl.java:<init>(255)) - a755fe32-7d9a-4996-bc51-d7fbc67ab218: new RaftServerImpl for group-49974E48289D:[a755fe32-7d9a-4996-bc51-d7fbc67ab218|127.0.0.1:15023] with ContainerStateMachine:uninitialized
2025-05-28 15:17:16,743 [a755fe32-7d9a-4996-bc51-d7fbc67ab218-groupManagement] INFO  server.RaftServerConfigKeys (ConfUtils.java:logGet(46)) - raft.server.rpc.timeout.min = 5s (custom)
2025-05-28 15:17:16,743 [a755fe32-7d9a-4996-bc51-d7fbc67ab218-groupManagement] INFO  server.RaftServerConfigKeys (ConfUtils.java:logGet(46)) - raft.server.rpc.timeout.max = 5200ms (custom)
2025-05-28 15:17:16,743 [a755fe32-7d9a-4996-bc51-d7fbc67ab218-groupManagement] INFO  server.RaftServerConfigKeys (ConfUtils.java:logGet(46)) - raft.server.rpc.sleep.time = 25ms (default)
2025-05-28 15:17:16,743 [a755fe32-7d9a-4996-bc51-d7fbc67ab218-groupManagement] INFO  server.RaftServerConfigKeys (ConfUtils.java:logGet(46)) - raft.server.rpc.slowness.timeout = 300s (custom)
2025-05-28 15:17:16,743 [a755fe32-7d9a-4996-bc51-d7fbc67ab218-groupManagement] INFO  server.RaftServerConfigKeys (ConfUtils.java:logGet(46)) - raft.server.leaderelection.leader.step-down.wait-time = 10s (default)
2025-05-28 15:17:16,743 [a755fe32-7d9a-4996-bc51-d7fbc67ab218-groupManagement] INFO  server.RaftServerConfigKeys (ConfUtils.java:logGet(46)) - raft.server.leaderelection.member.majority-add = false (default)
2025-05-28 15:17:16,743 [a755fe32-7d9a-4996-bc51-d7fbc67ab218-groupManagement] INFO  server.RaftServerConfigKeys (ConfUtils.java:logGet(46)) - raft.server.sleep.deviation.threshold = 300ms (default)
2025-05-28 15:17:16,743 [a755fe32-7d9a-4996-bc51-d7fbc67ab218-groupManagement] INFO  server.RaftServer$Division (ServerState.java:<init>(114)) - a755fe32-7d9a-4996-bc51-d7fbc67ab218@group-49974E48289D: ConfigurationManager, init=conf: {index: -1, cur=peers:[a755fe32-7d9a-4996-bc51-d7fbc67ab218|127.0.0.1:15023]|listeners:[], old=null}, confs=<EMPTY_MAP>
2025-05-28 15:17:16,743 [a755fe32-7d9a-4996-bc51-d7fbc67ab218-groupManagement] INFO  server.RaftServerConfigKeys (ConfUtils.java:logGet(46)) - raft.server.notification.no-leader.timeout = 300s (custom)
2025-05-28 15:17:16,743 [a755fe32-7d9a-4996-bc51-d7fbc67ab218-PipelineCommandHandlerThread-0] INFO  server.RaftServer (RaftServerProxy.java:addNew(100)) - a755fe32-7d9a-4996-bc51-d7fbc67ab218: addNew group-49974E48289D:[a755fe32-7d9a-4996-bc51-d7fbc67ab218|127.0.0.1:15023] returns group-49974E48289D:java.util.concurrent.CompletableFuture@e4af364[Not completed]
2025-05-28 15:17:16,745 [a755fe32-7d9a-4996-bc51-d7fbc67ab218-groupManagement] INFO  server.RaftServerConfigKeys (ConfUtils.java:logGet(46)) - raft.server.read.timeout = 10s (default)
2025-05-28 15:17:16,745 [a755fe32-7d9a-4996-bc51-d7fbc67ab218-groupManagement] INFO  server.RaftServerConfigKeys (ConfUtils.java:logGet(46)) - raft.server.retrycache.expirytime = 600000ms (custom)
2025-05-28 15:17:16,745 [a755fe32-7d9a-4996-bc51-d7fbc67ab218-groupManagement] INFO  server.RaftServerConfigKeys (ConfUtils.java:logGet(46)) - raft.server.retrycache.statistics.expirytime = 100ms (default)
2025-05-28 15:17:16,746 [a755fe32-7d9a-4996-bc51-d7fbc67ab218-groupManagement] INFO  server.RaftServerConfigKeys (ConfUtils.java:logGet(46)) - raft.server.read.option = DEFAULT (default)
2025-05-28 15:17:16,746 [a755fe32-7d9a-4996-bc51-d7fbc67ab218-groupManagement] INFO  server.RaftServerConfigKeys (ConfUtils.java:logGet(46)) - raft.server.read.read-after-write-consistent.write-index-cache.expiry-time = 60s (default)
2025-05-28 15:17:16,757 [a755fe32-7d9a-4996-bc51-d7fbc67ab218-groupManagement] INFO  server.RaftServerConfigKeys (ConfUtils.java:logGet(46)) - raft.server.rpc.request.timeout = 60s (custom)
2025-05-28 15:17:16,757 [a755fe32-7d9a-4996-bc51-d7fbc67ab218-groupManagement] INFO  server.RaftServerConfigKeys (ConfUtils.java:logGet(46)) - raft.server.log.appender.install.snapshot.enabled = false (custom)
2025-05-28 15:17:16,757 [a755fe32-7d9a-4996-bc51-d7fbc67ab218-groupManagement] INFO  server.RaftServerConfigKeys (ConfUtils.java:logGet(46)) - raft.server.threadpool.server.cached = true (default)
2025-05-28 15:17:16,757 [a755fe32-7d9a-4996-bc51-d7fbc67ab218-groupManagement] INFO  server.RaftServerConfigKeys (ConfUtils.java:logGet(46)) - raft.server.threadpool.server.size = 0 (default)
2025-05-28 15:17:16,757 [a755fe32-7d9a-4996-bc51-d7fbc67ab218-groupManagement] INFO  server.RaftServerConfigKeys (ConfUtils.java:logGet(46)) - raft.server.threadpool.client.cached = true (default)
2025-05-28 15:17:16,757 [a755fe32-7d9a-4996-bc51-d7fbc67ab218-groupManagement] INFO  server.RaftServerConfigKeys (ConfUtils.java:logGet(46)) - raft.server.threadpool.client.size = 0 (default)
2025-05-28 15:17:16,757 [a755fe32-7d9a-4996-bc51-d7fbc67ab218-groupManagement] INFO  server.RaftServerConfigKeys (ConfUtils.java:logGet(46)) - raft.server.storage.free-space.min = 0MB (=0) (default)
2025-05-28 15:17:16,757 [a755fe32-7d9a-4996-bc51-d7fbc67ab218-groupManagement] INFO  server.RaftServerConfigKeys (ConfUtils.java:logGet(46)) - raft.server.log.corruption.policy = EXCEPTION (default)
2025-05-28 15:17:16,757 [a755fe32-7d9a-4996-bc51-d7fbc67ab218-groupManagement] INFO  server.RaftServerConfigKeys (ConfUtils.java:logGet(46)) - raft.server.storage.dir = [/home/runner/work/ozone/ozone/hadoop-ozone/integration-test/target/test-dir/MiniOzoneClusterImpl-723737d7-d862-4a19-a51f-6b1567aa62b1/ozone-meta/datanode-2/ratis] (custom)
2025-05-28 15:17:16,758 [a755fe32-7d9a-4996-bc51-d7fbc67ab218-groupManagement] INFO  storage.RaftStorageDirectory (RaftStorageDirectoryImpl.java:analyzeStorage(138)) - The storage directory /home/runner/work/ozone/ozone/hadoop-ozone/integration-test/target/test-dir/MiniOzoneClusterImpl-723737d7-d862-4a19-a51f-6b1567aa62b1/ozone-meta/datanode-2/ratis/f117c5d4-1fac-41a1-a14c-49974e48289d does not exist. Creating ...
2025-05-28 15:17:16,759 [a755fe32-7d9a-4996-bc51-d7fbc67ab218-groupManagement] INFO  storage.RaftStorageDirectory (RaftStorageDirectoryImpl.java:tryLock(229)) - Lock on /home/runner/work/ozone/ozone/hadoop-ozone/integration-test/target/test-dir/MiniOzoneClusterImpl-723737d7-d862-4a19-a51f-6b1567aa62b1/ozone-meta/datanode-2/ratis/f117c5d4-1fac-41a1-a14c-49974e48289d/in_use.lock acquired by nodename 72973@localhost
2025-05-28 15:17:16,762 [a755fe32-7d9a-4996-bc51-d7fbc67ab218-groupManagement] INFO  storage.RaftStorage (RaftStorageImpl.java:format(98)) - Storage directory /home/runner/work/ozone/ozone/hadoop-ozone/integration-test/target/test-dir/MiniOzoneClusterImpl-723737d7-d862-4a19-a51f-6b1567aa62b1/ozone-meta/datanode-2/ratis/f117c5d4-1fac-41a1-a14c-49974e48289d has been successfully formatted.
2025-05-28 15:17:16,763 [a755fe32-7d9a-4996-bc51-d7fbc67ab218-groupManagement] INFO  ratis.ContainerStateMachine (ContainerStateMachine.java:initialize(339)) - a755fe32-7d9a-4996-bc51-d7fbc67ab218: initialize group-49974E48289D
2025-05-28 15:17:16,763 [a755fe32-7d9a-4996-bc51-d7fbc67ab218-groupManagement] INFO  ratis.ContainerStateMachine (ContainerStateMachine.java:loadSnapshot(347)) - group-49974E48289D: The snapshot info is null. Setting the last applied index to:(t:0, i:~)
2025-05-28 15:17:16,763 [a755fe32-7d9a-4996-bc51-d7fbc67ab218-groupManagement] INFO  server.RaftServerConfigKeys (ConfUtils.java:logGet(46)) - raft.server.log.use.memory = false (default)
2025-05-28 15:17:16,764 [a755fe32-7d9a-4996-bc51-d7fbc67ab218-groupManagement] INFO  server.RaftServerConfigKeys (ConfUtils.java:logGet(46)) - raft.server.log.purge.gap = 1000000 (custom)
2025-05-28 15:17:16,764 [a755fe32-7d9a-4996-bc51-d7fbc67ab218-groupManagement] INFO  server.RaftServerConfigKeys (ConfUtils.java:logGet(46)) - raft.server.log.appender.buffer.byte-limit = 33554432 (custom)
2025-05-28 15:17:16,765 [a755fe32-7d9a-4996-bc51-d7fbc67ab218-groupManagement] INFO  server.RaftServerConfigKeys (ConfUtils.java:logGet(46)) - raft.server.log.statemachine.data.read.timeout = 1000ms (default)
2025-05-28 15:17:16,765 [a755fe32-7d9a-4996-bc51-d7fbc67ab218-groupManagement] INFO  server.RaftServerConfigKeys (ConfUtils.java:logGet(46)) - raft.server.log.purge.preservation.log.num = 0 (default)
2025-05-28 15:17:16,768 [EventQueue-PipelineReportForOneReplicaPipelineSafeModeRule] INFO  safemode.SCMSafeModeManager (SCMSafeModeManager.java:validateSafeModeExitRules(140)) - AtleastOneDatanodeReportedRule rule is successfully validated
2025-05-28 15:17:16,768 [a755fe32-7d9a-4996-bc51-d7fbc67ab218-groupManagement] INFO  server.RaftServerConfigKeys (ConfUtils.java:logGet(46)) - raft.server.log.segment.size.max = 67108864 (custom)
2025-05-28 15:17:16,769 [a755fe32-7d9a-4996-bc51-d7fbc67ab218-groupManagement] INFO  server.RaftServerConfigKeys (ConfUtils.java:logGet(46)) - raft.server.log.segment.cache.num.max = 2 (custom)
2025-05-28 15:17:16,769 [a755fe32-7d9a-4996-bc51-d7fbc67ab218-groupManagement] INFO  server.RaftServerConfigKeys (ConfUtils.java:logGet(46)) - raft.server.log.segment.cache.size.max = 200MB (=209715200) (default)
2025-05-28 15:17:16,769 [a755fe32-7d9a-4996-bc51-d7fbc67ab218-groupManagement] INFO  server.RaftServerConfigKeys (ConfUtils.java:logGet(46)) - raft.server.log.appender.buffer.byte-limit = 33554432 (custom)
2025-05-28 15:17:16,769 [a755fe32-7d9a-4996-bc51-d7fbc67ab218-groupManagement] INFO  util.AwaitToRun (AwaitToRun.java:start(81)) - Thread[#878,a755fe32-7d9a-4996-bc51-d7fbc67ab218@group-49974E48289D-cacheEviction-AwaitToRun,5,main] started
2025-05-28 15:17:16,770 [a755fe32-7d9a-4996-bc51-d7fbc67ab218-groupManagement] INFO  segmented.SegmentedRaftLogWorker (SegmentedRaftLogWorker.java:<init>(188)) - new a755fe32-7d9a-4996-bc51-d7fbc67ab218@group-49974E48289D-SegmentedRaftLogWorker for RaftStorageImpl:Storage Directory /home/runner/work/ozone/ozone/hadoop-ozone/integration-test/target/test-dir/MiniOzoneClusterImpl-723737d7-d862-4a19-a51f-6b1567aa62b1/ozone-meta/datanode-2/ratis/f117c5d4-1fac-41a1-a14c-49974e48289d
2025-05-28 15:17:16,770 [a755fe32-7d9a-4996-bc51-d7fbc67ab218-groupManagement] INFO  server.RaftServerConfigKeys (ConfUtils.java:logGet(46)) - raft.server.log.queue.byte-limit = 4294967296 (custom)
2025-05-28 15:17:16,771 [a755fe32-7d9a-4996-bc51-d7fbc67ab218-groupManagement] INFO  server.RaftServerConfigKeys (ConfUtils.java:logGet(46)) - raft.server.log.queue.element-limit = 1024 (custom)
2025-05-28 15:17:16,771 [a755fe32-7d9a-4996-bc51-d7fbc67ab218-groupManagement] INFO  server.RaftServerConfigKeys (ConfUtils.java:logGet(46)) - raft.server.log.segment.size.max = 67108864 (custom)
2025-05-28 15:17:16,771 [a755fe32-7d9a-4996-bc51-d7fbc67ab218-groupManagement] INFO  server.RaftServerConfigKeys (ConfUtils.java:logGet(46)) - raft.server.log.preallocated.size = 4194304 (custom)
2025-05-28 15:17:16,771 [a755fe32-7d9a-4996-bc51-d7fbc67ab218-groupManagement] INFO  server.RaftServerConfigKeys (ConfUtils.java:logGet(46)) - raft.server.log.force.sync.num = 128 (default)
2025-05-28 15:17:16,771 [0cf558f4-2ca5-4c9f-a057-d7d7b755ef43@group-6B1567AA62B1-StateMachineUpdater] INFO  safemode.SCMSafeModeManager (SCMSafeModeManager.java:validateSafeModeExitRules(140)) - DataNodeSafeModeRule rule is successfully validated
2025-05-28 15:17:16,771 [0cf558f4-2ca5-4c9f-a057-d7d7b755ef43@group-6B1567AA62B1-StateMachineUpdater] INFO  safemode.SCMSafeModeManager (SCMSafeModeManager.java:validateSafeModeExitRules(140)) - RatisContainerSafeModeRule rule is successfully validated
2025-05-28 15:17:16,771 [a755fe32-7d9a-4996-bc51-d7fbc67ab218-groupManagement] INFO  server.RaftServerConfigKeys (ConfUtils.java:logGet(46)) - raft.server.log.statemachine.data.sync = true (default)
2025-05-28 15:17:16,772 [a755fe32-7d9a-4996-bc51-d7fbc67ab218-groupManagement] INFO  server.RaftServerConfigKeys (ConfUtils.java:logGet(46)) - raft.server.log.statemachine.data.sync.timeout = 10s (default)
2025-05-28 15:17:16,772 [a755fe32-7d9a-4996-bc51-d7fbc67ab218-groupManagement] INFO  server.RaftServerConfigKeys (ConfUtils.java:logGet(46)) - raft.server.log.statemachine.data.sync.timeout.retry = 30 (custom)
2025-05-28 15:17:16,771 [0cf558f4-2ca5-4c9f-a057-d7d7b755ef43@group-6B1567AA62B1-StateMachineUpdater] INFO  safemode.HealthyPipelineSafeModeRule (HealthyPipelineSafeModeRule.java:initializeRule(228)) - Refreshed total pipeline count is 0, healthy pipeline threshold count is 1
2025-05-28 15:17:16,772 [0cf558f4-2ca5-4c9f-a057-d7d7b755ef43@group-6B1567AA62B1-StateMachineUpdater] INFO  safemode.SCMSafeModeManager (SCMSafeModeManager.java:validateSafeModeExitRules(140)) - ECContainerSafeModeRule rule is successfully validated
2025-05-28 15:17:16,772 [0cf558f4-2ca5-4c9f-a057-d7d7b755ef43@group-6B1567AA62B1-StateMachineUpdater] INFO  safemode.SCMSafeModeManager (SCMSafeModeManager.java:validateSafeModeExitRules(140)) - AtleastOneDatanodeReportedRule rule is successfully validated
2025-05-28 15:17:16,772 [a755fe32-7d9a-4996-bc51-d7fbc67ab218-groupManagement] INFO  server.RaftServerConfigKeys (ConfUtils.java:logGet(46)) - raft.server.log.write.buffer.size = 33554440 (custom)
2025-05-28 15:17:16,773 [EventQueue-PipelineReportForPipelineReportHandler] INFO  pipeline.PipelineReportHandler (PipelineReportHandler.java:processPipelineReport(134)) - Opened pipeline Pipeline-f117c5d4-1fac-41a1-a14c-49974e48289d
2025-05-28 15:17:16,779 [a755fe32-7d9a-4996-bc51-d7fbc67ab218-groupManagement] INFO  server.RaftServerConfigKeys (ConfUtils.java:logGet(46)) - raft.server.log.appender.buffer.byte-limit = 33554432 (custom)
2025-05-28 15:17:16,779 [a755fe32-7d9a-4996-bc51-d7fbc67ab218-groupManagement] INFO  server.RaftServerConfigKeys (ConfUtils.java:logGet(46)) - raft.server.log.unsafe-flush.enabled = false (default)
2025-05-28 15:17:16,779 [a755fe32-7d9a-4996-bc51-d7fbc67ab218-groupManagement] INFO  server.RaftServerConfigKeys (ConfUtils.java:logGet(46)) - raft.server.log.async-flush.enabled = false (default)
2025-05-28 15:17:16,779 [a755fe32-7d9a-4996-bc51-d7fbc67ab218-groupManagement] INFO  server.RaftServerConfigKeys (ConfUtils.java:logGet(46)) - raft.server.log.statemachine.data.caching.enabled = true (custom)
2025-05-28 15:17:16,780 [a755fe32-7d9a-4996-bc51-d7fbc67ab218-groupManagement] INFO  segmented.SegmentedRaftLogWorker (SegmentedRaftLogWorker.java:lambda$new$0(139)) - a755fe32-7d9a-4996-bc51-d7fbc67ab218@group-49974E48289D-SegmentedRaftLogWorker: flushIndex: setUnconditionally 0 -> -1
2025-05-28 15:17:16,780 [a755fe32-7d9a-4996-bc51-d7fbc67ab218-groupManagement] INFO  segmented.SegmentedRaftLogWorker (SegmentedRaftLogWorker.java:lambda$new$0(139)) - a755fe32-7d9a-4996-bc51-d7fbc67ab218@group-49974E48289D-SegmentedRaftLogWorker: safeCacheEvictIndex: setUnconditionally 0 -> -1
2025-05-28 15:17:16,781 [a755fe32-7d9a-4996-bc51-d7fbc67ab218-groupManagement] INFO  server.RaftServer$Division (RaftServerImpl.java:start(391)) - a755fe32-7d9a-4996-bc51-d7fbc67ab218@group-49974E48289D: start as a follower, conf=conf: {index: -1, cur=peers:[a755fe32-7d9a-4996-bc51-d7fbc67ab218|127.0.0.1:15023]|listeners:[], old=null}
2025-05-28 15:17:16,781 [a755fe32-7d9a-4996-bc51-d7fbc67ab218-groupManagement] INFO  server.RaftServer$Division (RaftServerImpl.java:setRole(378)) - a755fe32-7d9a-4996-bc51-d7fbc67ab218@group-49974E48289D: changes role from      null to FOLLOWER at term 0 for startAsFollower
2025-05-28 15:17:16,781 [a755fe32-7d9a-4996-bc51-d7fbc67ab218-groupManagement] INFO  impl.RoleInfo (RoleInfo.java:updateAndGet(148)) - a755fe32-7d9a-4996-bc51-d7fbc67ab218: start a755fe32-7d9a-4996-bc51-d7fbc67ab218@group-49974E48289D-FollowerState
2025-05-28 15:17:16,782 [a755fe32-7d9a-4996-bc51-d7fbc67ab218@group-49974E48289D-FollowerState] INFO  server.RaftServerConfigKeys (ConfUtils.java:logGet(46)) - raft.server.rpc.first-election.timeout.min = 1000ms (custom)
2025-05-28 15:17:16,782 [a755fe32-7d9a-4996-bc51-d7fbc67ab218-groupManagement] INFO  util.JmxRegister (JmxRegister.java:tryRegister(44)) - Successfully registered JMX Bean with object name Ratis:service=RaftServer,group=group-49974E48289D,id=a755fe32-7d9a-4996-bc51-d7fbc67ab218
2025-05-28 15:17:16,783 [a755fe32-7d9a-4996-bc51-d7fbc67ab218-groupManagement] INFO  util.JmxRegister (JmxRegister.java:register(58)) - register mxBean class org.apache.ratis.server.impl.RaftServerJmxAdapter as Ratis:service=RaftServer,group=group-49974E48289D,id=a755fe32-7d9a-4996-bc51-d7fbc67ab218
2025-05-28 15:17:16,783 [a755fe32-7d9a-4996-bc51-d7fbc67ab218-groupManagement] INFO  server.RaftServerConfigKeys (ConfUtils.java:logGet(46)) - raft.server.snapshot.trigger-when-stop.enabled = true (default)
2025-05-28 15:17:16,783 [a755fe32-7d9a-4996-bc51-d7fbc67ab218@group-49974E48289D-FollowerState] INFO  server.RaftServerConfigKeys (ConfUtils.java:logGet(46)) - raft.server.rpc.first-election.timeout.max = 1200ms (custom)
2025-05-28 15:17:16,783 [a755fe32-7d9a-4996-bc51-d7fbc67ab218-groupManagement] INFO  server.RaftServerConfigKeys (ConfUtils.java:logGet(46)) - raft.server.snapshot.trigger-when-remove.enabled = true (default)
2025-05-28 15:17:16,783 [a755fe32-7d9a-4996-bc51-d7fbc67ab218-groupManagement] INFO  server.RaftServerConfigKeys (ConfUtils.java:logGet(46)) - raft.server.snapshot.auto.trigger.enabled = true (custom)
2025-05-28 15:17:16,783 [a755fe32-7d9a-4996-bc51-d7fbc67ab218-groupManagement] INFO  server.RaftServerConfigKeys (ConfUtils.java:logGet(46)) - raft.server.snapshot.auto.trigger.threshold = 100000 (custom)
2025-05-28 15:17:16,783 [a755fe32-7d9a-4996-bc51-d7fbc67ab218-groupManagement] INFO  server.RaftServerConfigKeys (ConfUtils.java:logGet(46)) - raft.server.snapshot.retention.file.num = 5 (custom)
2025-05-28 15:17:16,783 [a755fe32-7d9a-4996-bc51-d7fbc67ab218-groupManagement] INFO  server.RaftServerConfigKeys (ConfUtils.java:logGet(46)) - raft.server.log.purge.upto.snapshot.index = false (default)
2025-05-28 15:17:16,784 [a755fe32-7d9a-4996-bc51-d7fbc67ab218-groupManagement] INFO  server.RaftServer$Division (RaftServerImpl.java:start(405)) - a755fe32-7d9a-4996-bc51-d7fbc67ab218@group-49974E48289D: Successfully started.
2025-05-28 15:17:16,785 [a755fe32-7d9a-4996-bc51-d7fbc67ab218-PipelineCommandHandlerThread-0] INFO  ratis.XceiverServerRatis (XceiverServerRatis.java:addGroup(843)) - Created group Pipeline-f117c5d4-1fac-41a1-a14c-49974e48289d
2025-05-28 15:17:16,785 [a755fe32-7d9a-4996-bc51-d7fbc67ab218-PipelineCommandHandlerThread-0] INFO  commandhandler.CreatePipelineCommandHandler (CreatePipelineCommandHandler.java:lambda$handle$2(127)) - Created Pipeline RATIS ONE Pipeline-f117c5d4-1fac-41a1-a14c-49974e48289d.
2025-05-28 15:17:16,785 [a755fe32-7d9a-4996-bc51-d7fbc67ab218-PipelineCommandHandlerThread-0] INFO  server.RaftServer (RaftServerProxy.java:addNew(100)) - a755fe32-7d9a-4996-bc51-d7fbc67ab218: addNew group-3199EF5D7496:[4795f679-20b5-4d5a-9a13-c70766a2a14f|127.0.0.1:15015, a755fe32-7d9a-4996-bc51-d7fbc67ab218|127.0.0.1:15023, dacc202e-cd42-4a7a-b335-fe62dff69130|127.0.0.1:15031] returns group-3199EF5D7496:java.util.concurrent.CompletableFuture@4f436d63[Not completed]
2025-05-28 15:17:16,789 [a755fe32-7d9a-4996-bc51-d7fbc67ab218-groupManagement] WARN  statemachine.DatanodeConfiguration (DatanodeConfiguration.java:validateMinFreeSpace(689)) - hdds.datanode.volume.min.free.space.percent = -1.0 is invalid, should be between 0 and 1
2025-05-28 15:17:16,789 [a755fe32-7d9a-4996-bc51-d7fbc67ab218-groupManagement] INFO  server.RaftServer$Division (RaftServerImpl.java:<init>(255)) - a755fe32-7d9a-4996-bc51-d7fbc67ab218: new RaftServerImpl for group-3199EF5D7496:[4795f679-20b5-4d5a-9a13-c70766a2a14f|127.0.0.1:15015, a755fe32-7d9a-4996-bc51-d7fbc67ab218|127.0.0.1:15023, dacc202e-cd42-4a7a-b335-fe62dff69130|127.0.0.1:15031] with ContainerStateMachine:uninitialized
2025-05-28 15:17:16,789 [a755fe32-7d9a-4996-bc51-d7fbc67ab218-groupManagement] INFO  server.RaftServerConfigKeys (ConfUtils.java:logGet(46)) - raft.server.rpc.timeout.min = 5s (custom)
2025-05-28 15:17:16,789 [a755fe32-7d9a-4996-bc51-d7fbc67ab218-groupManagement] INFO  server.RaftServerConfigKeys (ConfUtils.java:logGet(46)) - raft.server.rpc.timeout.max = 5200ms (custom)
2025-05-28 15:17:16,789 [a755fe32-7d9a-4996-bc51-d7fbc67ab218-groupManagement] INFO  server.RaftServerConfigKeys (ConfUtils.java:logGet(46)) - raft.server.rpc.sleep.time = 25ms (default)
2025-05-28 15:17:16,789 [a755fe32-7d9a-4996-bc51-d7fbc67ab218-groupManagement] INFO  server.RaftServerConfigKeys (ConfUtils.java:logGet(46)) - raft.server.rpc.slowness.timeout = 300s (custom)
2025-05-28 15:17:16,789 [a755fe32-7d9a-4996-bc51-d7fbc67ab218-groupManagement] INFO  server.RaftServerConfigKeys (ConfUtils.java:logGet(46)) - raft.server.leaderelection.leader.step-down.wait-time = 10s (default)
2025-05-28 15:17:16,789 [a755fe32-7d9a-4996-bc51-d7fbc67ab218-groupManagement] INFO  server.RaftServerConfigKeys (ConfUtils.java:logGet(46)) - raft.server.leaderelection.member.majority-add = false (default)
2025-05-28 15:17:16,789 [a755fe32-7d9a-4996-bc51-d7fbc67ab218-groupManagement] INFO  server.RaftServerConfigKeys (ConfUtils.java:logGet(46)) - raft.server.sleep.deviation.threshold = 300ms (default)
2025-05-28 15:17:16,789 [a755fe32-7d9a-4996-bc51-d7fbc67ab218-groupManagement] INFO  server.RaftServer$Division (ServerState.java:<init>(114)) - a755fe32-7d9a-4996-bc51-d7fbc67ab218@group-3199EF5D7496: ConfigurationManager, init=conf: {index: -1, cur=peers:[4795f679-20b5-4d5a-9a13-c70766a2a14f|127.0.0.1:15015, a755fe32-7d9a-4996-bc51-d7fbc67ab218|127.0.0.1:15023, dacc202e-cd42-4a7a-b335-fe62dff69130|127.0.0.1:15031]|listeners:[], old=null}, confs=<EMPTY_MAP>
2025-05-28 15:17:16,789 [a755fe32-7d9a-4996-bc51-d7fbc67ab218-groupManagement] INFO  server.RaftServerConfigKeys (ConfUtils.java:logGet(46)) - raft.server.notification.no-leader.timeout = 300s (custom)
2025-05-28 15:17:16,789 [a755fe32-7d9a-4996-bc51-d7fbc67ab218-groupManagement] INFO  server.RaftServerConfigKeys (ConfUtils.java:logGet(46)) - raft.server.read.timeout = 10s (default)
2025-05-28 15:17:16,790 [a755fe32-7d9a-4996-bc51-d7fbc67ab218-groupManagement] INFO  server.RaftServerConfigKeys (ConfUtils.java:logGet(46)) - raft.server.retrycache.expirytime = 600000ms (custom)
2025-05-28 15:17:16,790 [a755fe32-7d9a-4996-bc51-d7fbc67ab218-groupManagement] INFO  server.RaftServerConfigKeys (ConfUtils.java:logGet(46)) - raft.server.retrycache.statistics.expirytime = 100ms (default)
2025-05-28 15:17:16,790 [a755fe32-7d9a-4996-bc51-d7fbc67ab218-groupManagement] INFO  server.RaftServerConfigKeys (ConfUtils.java:logGet(46)) - raft.server.read.option = DEFAULT (default)
2025-05-28 15:17:16,790 [a755fe32-7d9a-4996-bc51-d7fbc67ab218-groupManagement] INFO  server.RaftServerConfigKeys (ConfUtils.java:logGet(46)) - raft.server.read.read-after-write-consistent.write-index-cache.expiry-time = 60s (default)
2025-05-28 15:17:16,796 [a755fe32-7d9a-4996-bc51-d7fbc67ab218-groupManagement] INFO  server.RaftServerConfigKeys (ConfUtils.java:logGet(46)) - raft.server.rpc.request.timeout = 60s (custom)
2025-05-28 15:17:16,797 [a755fe32-7d9a-4996-bc51-d7fbc67ab218-groupManagement] INFO  server.RaftServerConfigKeys (ConfUtils.java:logGet(46)) - raft.server.log.appender.install.snapshot.enabled = false (custom)
2025-05-28 15:17:16,797 [a755fe32-7d9a-4996-bc51-d7fbc67ab218-groupManagement] INFO  server.RaftServerConfigKeys (ConfUtils.java:logGet(46)) - raft.server.threadpool.server.cached = true (default)
2025-05-28 15:17:16,797 [a755fe32-7d9a-4996-bc51-d7fbc67ab218-groupManagement] INFO  server.RaftServerConfigKeys (ConfUtils.java:logGet(46)) - raft.server.threadpool.server.size = 0 (default)
2025-05-28 15:17:16,797 [a755fe32-7d9a-4996-bc51-d7fbc67ab218-groupManagement] INFO  server.RaftServerConfigKeys (ConfUtils.java:logGet(46)) - raft.server.threadpool.client.cached = true (default)
2025-05-28 15:17:16,797 [a755fe32-7d9a-4996-bc51-d7fbc67ab218-groupManagement] INFO  server.RaftServerConfigKeys (ConfUtils.java:logGet(46)) - raft.server.threadpool.client.size = 0 (default)
2025-05-28 15:17:16,797 [a755fe32-7d9a-4996-bc51-d7fbc67ab218-groupManagement] INFO  server.RaftServerConfigKeys (ConfUtils.java:logGet(46)) - raft.server.storage.free-space.min = 0MB (=0) (default)
2025-05-28 15:17:16,797 [a755fe32-7d9a-4996-bc51-d7fbc67ab218-groupManagement] INFO  server.RaftServerConfigKeys (ConfUtils.java:logGet(46)) - raft.server.log.corruption.policy = EXCEPTION (default)
2025-05-28 15:17:16,797 [a755fe32-7d9a-4996-bc51-d7fbc67ab218-groupManagement] INFO  server.RaftServerConfigKeys (ConfUtils.java:logGet(46)) - raft.server.storage.dir = [/home/runner/work/ozone/ozone/hadoop-ozone/integration-test/target/test-dir/MiniOzoneClusterImpl-723737d7-d862-4a19-a51f-6b1567aa62b1/ozone-meta/datanode-2/ratis] (custom)
2025-05-28 15:17:16,797 [a755fe32-7d9a-4996-bc51-d7fbc67ab218-groupManagement] INFO  storage.RaftStorageDirectory (RaftStorageDirectoryImpl.java:analyzeStorage(138)) - The storage directory /home/runner/work/ozone/ozone/hadoop-ozone/integration-test/target/test-dir/MiniOzoneClusterImpl-723737d7-d862-4a19-a51f-6b1567aa62b1/ozone-meta/datanode-2/ratis/27a96606-79c9-41c9-8ccf-3199ef5d7496 does not exist. Creating ...
2025-05-28 15:17:16,799 [a755fe32-7d9a-4996-bc51-d7fbc67ab218-groupManagement] INFO  storage.RaftStorageDirectory (RaftStorageDirectoryImpl.java:tryLock(229)) - Lock on /home/runner/work/ozone/ozone/hadoop-ozone/integration-test/target/test-dir/MiniOzoneClusterImpl-723737d7-d862-4a19-a51f-6b1567aa62b1/ozone-meta/datanode-2/ratis/27a96606-79c9-41c9-8ccf-3199ef5d7496/in_use.lock acquired by nodename 72973@localhost
2025-05-28 15:17:16,800 [a755fe32-7d9a-4996-bc51-d7fbc67ab218-groupManagement] INFO  storage.RaftStorage (RaftStorageImpl.java:format(98)) - Storage directory /home/runner/work/ozone/ozone/hadoop-ozone/integration-test/target/test-dir/MiniOzoneClusterImpl-723737d7-d862-4a19-a51f-6b1567aa62b1/ozone-meta/datanode-2/ratis/27a96606-79c9-41c9-8ccf-3199ef5d7496 has been successfully formatted.
2025-05-28 15:17:16,800 [a755fe32-7d9a-4996-bc51-d7fbc67ab218-groupManagement] INFO  ratis.ContainerStateMachine (ContainerStateMachine.java:initialize(339)) - a755fe32-7d9a-4996-bc51-d7fbc67ab218: initialize group-3199EF5D7496
2025-05-28 15:17:16,800 [a755fe32-7d9a-4996-bc51-d7fbc67ab218-groupManagement] INFO  ratis.ContainerStateMachine (ContainerStateMachine.java:loadSnapshot(347)) - group-3199EF5D7496: The snapshot info is null. Setting the last applied index to:(t:0, i:~)
2025-05-28 15:17:16,800 [a755fe32-7d9a-4996-bc51-d7fbc67ab218-groupManagement] INFO  server.RaftServerConfigKeys (ConfUtils.java:logGet(46)) - raft.server.log.use.memory = false (default)
2025-05-28 15:17:16,801 [a755fe32-7d9a-4996-bc51-d7fbc67ab218-groupManagement] INFO  server.RaftServerConfigKeys (ConfUtils.java:logGet(46)) - raft.server.log.purge.gap = 1000000 (custom)
2025-05-28 15:17:16,801 [a755fe32-7d9a-4996-bc51-d7fbc67ab218-groupManagement] INFO  server.RaftServerConfigKeys (ConfUtils.java:logGet(46)) - raft.server.log.appender.buffer.byte-limit = 33554432 (custom)
2025-05-28 15:17:16,801 [a755fe32-7d9a-4996-bc51-d7fbc67ab218-groupManagement] INFO  server.RaftServerConfigKeys (ConfUtils.java:logGet(46)) - raft.server.log.statemachine.data.read.timeout = 1000ms (default)
2025-05-28 15:17:16,801 [a755fe32-7d9a-4996-bc51-d7fbc67ab218-groupManagement] INFO  server.RaftServerConfigKeys (ConfUtils.java:logGet(46)) - raft.server.log.purge.preservation.log.num = 0 (default)
2025-05-28 15:17:16,803 [a755fe32-7d9a-4996-bc51-d7fbc67ab218-groupManagement] INFO  server.RaftServerConfigKeys (ConfUtils.java:logGet(46)) - raft.server.log.segment.size.max = 67108864 (custom)
2025-05-28 15:17:16,804 [a755fe32-7d9a-4996-bc51-d7fbc67ab218-groupManagement] INFO  server.RaftServerConfigKeys (ConfUtils.java:logGet(46)) - raft.server.log.segment.cache.num.max = 2 (custom)
2025-05-28 15:17:16,804 [a755fe32-7d9a-4996-bc51-d7fbc67ab218-groupManagement] INFO  server.RaftServerConfigKeys (ConfUtils.java:logGet(46)) - raft.server.log.segment.cache.size.max = 200MB (=209715200) (default)
2025-05-28 15:17:16,804 [a755fe32-7d9a-4996-bc51-d7fbc67ab218-groupManagement] INFO  server.RaftServerConfigKeys (ConfUtils.java:logGet(46)) - raft.server.log.appender.buffer.byte-limit = 33554432 (custom)
2025-05-28 15:17:16,804 [a755fe32-7d9a-4996-bc51-d7fbc67ab218-groupManagement] INFO  util.AwaitToRun (AwaitToRun.java:start(81)) - Thread[#882,a755fe32-7d9a-4996-bc51-d7fbc67ab218@group-3199EF5D7496-cacheEviction-AwaitToRun,5,main] started
2025-05-28 15:17:16,804 [a755fe32-7d9a-4996-bc51-d7fbc67ab218-groupManagement] INFO  segmented.SegmentedRaftLogWorker (SegmentedRaftLogWorker.java:<init>(188)) - new a755fe32-7d9a-4996-bc51-d7fbc67ab218@group-3199EF5D7496-SegmentedRaftLogWorker for RaftStorageImpl:Storage Directory /home/runner/work/ozone/ozone/hadoop-ozone/integration-test/target/test-dir/MiniOzoneClusterImpl-723737d7-d862-4a19-a51f-6b1567aa62b1/ozone-meta/datanode-2/ratis/27a96606-79c9-41c9-8ccf-3199ef5d7496
2025-05-28 15:17:16,804 [a755fe32-7d9a-4996-bc51-d7fbc67ab218-groupManagement] INFO  server.RaftServerConfigKeys (ConfUtils.java:logGet(46)) - raft.server.log.queue.byte-limit = 4294967296 (custom)
2025-05-28 15:17:16,804 [a755fe32-7d9a-4996-bc51-d7fbc67ab218-groupManagement] INFO  server.RaftServerConfigKeys (ConfUtils.java:logGet(46)) - raft.server.log.queue.element-limit = 1024 (custom)
2025-05-28 15:17:16,804 [a755fe32-7d9a-4996-bc51-d7fbc67ab218-groupManagement] INFO  server.RaftServerConfigKeys (ConfUtils.java:logGet(46)) - raft.server.log.segment.size.max = 67108864 (custom)
2025-05-28 15:17:16,804 [a755fe32-7d9a-4996-bc51-d7fbc67ab218-groupManagement] INFO  server.RaftServerConfigKeys (ConfUtils.java:logGet(46)) - raft.server.log.preallocated.size = 4194304 (custom)
2025-05-28 15:17:16,804 [a755fe32-7d9a-4996-bc51-d7fbc67ab218-groupManagement] INFO  server.RaftServerConfigKeys (ConfUtils.java:logGet(46)) - raft.server.log.force.sync.num = 128 (default)
2025-05-28 15:17:16,804 [a755fe32-7d9a-4996-bc51-d7fbc67ab218-groupManagement] INFO  server.RaftServerConfigKeys (ConfUtils.java:logGet(46)) - raft.server.log.statemachine.data.sync = true (default)
2025-05-28 15:17:16,805 [a755fe32-7d9a-4996-bc51-d7fbc67ab218-groupManagement] INFO  server.RaftServerConfigKeys (ConfUtils.java:logGet(46)) - raft.server.log.statemachine.data.sync.timeout = 10s (default)
2025-05-28 15:17:16,805 [a755fe32-7d9a-4996-bc51-d7fbc67ab218-groupManagement] INFO  server.RaftServerConfigKeys (ConfUtils.java:logGet(46)) - raft.server.log.statemachine.data.sync.timeout.retry = 30 (custom)
2025-05-28 15:17:16,805 [a755fe32-7d9a-4996-bc51-d7fbc67ab218-groupManagement] INFO  server.RaftServerConfigKeys (ConfUtils.java:logGet(46)) - raft.server.log.write.buffer.size = 33554440 (custom)
2025-05-28 15:17:16,807 [EventQueue-PipelineReportForOneReplicaPipelineSafeModeRule] INFO  safemode.SCMSafeModeManager (SCMSafeModeManager.java:validateSafeModeExitRules(140)) - AtleastOneDatanodeReportedRule rule is successfully validated
2025-05-28 15:17:16,811 [a755fe32-7d9a-4996-bc51-d7fbc67ab218-groupManagement] INFO  server.RaftServerConfigKeys (ConfUtils.java:logGet(46)) - raft.server.log.appender.buffer.byte-limit = 33554432 (custom)
2025-05-28 15:17:16,811 [a755fe32-7d9a-4996-bc51-d7fbc67ab218-groupManagement] INFO  server.RaftServerConfigKeys (ConfUtils.java:logGet(46)) - raft.server.log.unsafe-flush.enabled = false (default)
2025-05-28 15:17:16,811 [a755fe32-7d9a-4996-bc51-d7fbc67ab218-groupManagement] INFO  server.RaftServerConfigKeys (ConfUtils.java:logGet(46)) - raft.server.log.async-flush.enabled = false (default)
2025-05-28 15:17:16,811 [a755fe32-7d9a-4996-bc51-d7fbc67ab218-groupManagement] INFO  server.RaftServerConfigKeys (ConfUtils.java:logGet(46)) - raft.server.log.statemachine.data.caching.enabled = true (custom)
2025-05-28 15:17:16,813 [a755fe32-7d9a-4996-bc51-d7fbc67ab218-groupManagement] INFO  segmented.SegmentedRaftLogWorker (SegmentedRaftLogWorker.java:lambda$new$0(139)) - a755fe32-7d9a-4996-bc51-d7fbc67ab218@group-3199EF5D7496-SegmentedRaftLogWorker: flushIndex: setUnconditionally 0 -> -1
2025-05-28 15:17:16,813 [a755fe32-7d9a-4996-bc51-d7fbc67ab218-groupManagement] INFO  segmented.SegmentedRaftLogWorker (SegmentedRaftLogWorker.java:lambda$new$0(139)) - a755fe32-7d9a-4996-bc51-d7fbc67ab218@group-3199EF5D7496-SegmentedRaftLogWorker: safeCacheEvictIndex: setUnconditionally 0 -> -1
2025-05-28 15:17:16,814 [a755fe32-7d9a-4996-bc51-d7fbc67ab218-groupManagement] INFO  server.RaftServer$Division (RaftServerImpl.java:start(391)) - a755fe32-7d9a-4996-bc51-d7fbc67ab218@group-3199EF5D7496: start as a follower, conf=conf: {index: -1, cur=peers:[4795f679-20b5-4d5a-9a13-c70766a2a14f|127.0.0.1:15015, a755fe32-7d9a-4996-bc51-d7fbc67ab218|127.0.0.1:15023, dacc202e-cd42-4a7a-b335-fe62dff69130|127.0.0.1:15031]|listeners:[], old=null}
2025-05-28 15:17:16,814 [a755fe32-7d9a-4996-bc51-d7fbc67ab218-groupManagement] INFO  server.RaftServer$Division (RaftServerImpl.java:setRole(378)) - a755fe32-7d9a-4996-bc51-d7fbc67ab218@group-3199EF5D7496: changes role from      null to FOLLOWER at term 0 for startAsFollower
2025-05-28 15:17:16,815 [a755fe32-7d9a-4996-bc51-d7fbc67ab218-groupManagement] INFO  impl.RoleInfo (RoleInfo.java:updateAndGet(148)) - a755fe32-7d9a-4996-bc51-d7fbc67ab218: start a755fe32-7d9a-4996-bc51-d7fbc67ab218@group-3199EF5D7496-FollowerState
2025-05-28 15:17:16,815 [a755fe32-7d9a-4996-bc51-d7fbc67ab218@group-3199EF5D7496-FollowerState] INFO  server.RaftServerConfigKeys (ConfUtils.java:logGet(46)) - raft.server.rpc.first-election.timeout.min = 1000ms (custom)
2025-05-28 15:17:16,816 [a755fe32-7d9a-4996-bc51-d7fbc67ab218@group-3199EF5D7496-FollowerState] INFO  server.RaftServerConfigKeys (ConfUtils.java:logGet(46)) - raft.server.rpc.first-election.timeout.max = 1200ms (custom)
2025-05-28 15:17:16,816 [a755fe32-7d9a-4996-bc51-d7fbc67ab218-groupManagement] INFO  util.JmxRegister (JmxRegister.java:tryRegister(44)) - Successfully registered JMX Bean with object name Ratis:service=RaftServer,group=group-3199EF5D7496,id=a755fe32-7d9a-4996-bc51-d7fbc67ab218
2025-05-28 15:17:16,816 [a755fe32-7d9a-4996-bc51-d7fbc67ab218-groupManagement] INFO  util.JmxRegister (JmxRegister.java:register(58)) - register mxBean class org.apache.ratis.server.impl.RaftServerJmxAdapter as Ratis:service=RaftServer,group=group-3199EF5D7496,id=a755fe32-7d9a-4996-bc51-d7fbc67ab218
2025-05-28 15:17:16,816 [a755fe32-7d9a-4996-bc51-d7fbc67ab218-groupManagement] INFO  server.RaftServerConfigKeys (ConfUtils.java:logGet(46)) - raft.server.snapshot.trigger-when-stop.enabled = true (default)
2025-05-28 15:17:16,817 [a755fe32-7d9a-4996-bc51-d7fbc67ab218-groupManagement] INFO  server.RaftServerConfigKeys (ConfUtils.java:logGet(46)) - raft.server.snapshot.trigger-when-remove.enabled = true (default)
2025-05-28 15:17:16,818 [a755fe32-7d9a-4996-bc51-d7fbc67ab218-groupManagement] INFO  server.RaftServerConfigKeys (ConfUtils.java:logGet(46)) - raft.server.snapshot.auto.trigger.enabled = true (custom)
2025-05-28 15:17:16,818 [a755fe32-7d9a-4996-bc51-d7fbc67ab218-groupManagement] INFO  server.RaftServerConfigKeys (ConfUtils.java:logGet(46)) - raft.server.snapshot.auto.trigger.threshold = 100000 (custom)
2025-05-28 15:17:16,818 [a755fe32-7d9a-4996-bc51-d7fbc67ab218-groupManagement] INFO  server.RaftServerConfigKeys (ConfUtils.java:logGet(46)) - raft.server.snapshot.retention.file.num = 5 (custom)
2025-05-28 15:17:16,818 [a755fe32-7d9a-4996-bc51-d7fbc67ab218-groupManagement] INFO  server.RaftServerConfigKeys (ConfUtils.java:logGet(46)) - raft.server.log.purge.upto.snapshot.index = false (default)
2025-05-28 15:17:16,820 [a755fe32-7d9a-4996-bc51-d7fbc67ab218-groupManagement] INFO  server.RaftServer$Division (RaftServerImpl.java:start(405)) - a755fe32-7d9a-4996-bc51-d7fbc67ab218@group-3199EF5D7496: Successfully started.
2025-05-28 15:17:16,820 [a755fe32-7d9a-4996-bc51-d7fbc67ab218-PipelineCommandHandlerThread-0] INFO  ratis.XceiverServerRatis (XceiverServerRatis.java:addGroup(843)) - Created group Pipeline-27a96606-79c9-41c9-8ccf-3199ef5d7496
2025-05-28 15:17:16,840 [grpc-default-executor-1] INFO  server.RaftServer (RaftServerProxy.java:addNew(100)) - dacc202e-cd42-4a7a-b335-fe62dff69130: addNew group-3199EF5D7496:[4795f679-20b5-4d5a-9a13-c70766a2a14f|127.0.0.1:15015, a755fe32-7d9a-4996-bc51-d7fbc67ab218|127.0.0.1:15023, dacc202e-cd42-4a7a-b335-fe62dff69130|127.0.0.1:15031] returns group-3199EF5D7496:java.util.concurrent.CompletableFuture@47b67eca[Not completed]
2025-05-28 15:17:16,843 [dacc202e-cd42-4a7a-b335-fe62dff69130-groupManagement] WARN  statemachine.DatanodeConfiguration (DatanodeConfiguration.java:validateMinFreeSpace(689)) - hdds.datanode.volume.min.free.space.percent = -1.0 is invalid, should be between 0 and 1
2025-05-28 15:17:16,843 [dacc202e-cd42-4a7a-b335-fe62dff69130-groupManagement] INFO  server.RaftServer$Division (RaftServerImpl.java:<init>(255)) - dacc202e-cd42-4a7a-b335-fe62dff69130: new RaftServerImpl for group-3199EF5D7496:[4795f679-20b5-4d5a-9a13-c70766a2a14f|127.0.0.1:15015, a755fe32-7d9a-4996-bc51-d7fbc67ab218|127.0.0.1:15023, dacc202e-cd42-4a7a-b335-fe62dff69130|127.0.0.1:15031] with ContainerStateMachine:uninitialized
2025-05-28 15:17:16,843 [dacc202e-cd42-4a7a-b335-fe62dff69130-groupManagement] INFO  server.RaftServerConfigKeys (ConfUtils.java:logGet(46)) - raft.server.rpc.timeout.min = 5s (custom)
2025-05-28 15:17:16,844 [dacc202e-cd42-4a7a-b335-fe62dff69130-groupManagement] INFO  server.RaftServerConfigKeys (ConfUtils.java:logGet(46)) - raft.server.rpc.timeout.max = 5200ms (custom)
2025-05-28 15:17:16,844 [dacc202e-cd42-4a7a-b335-fe62dff69130-groupManagement] INFO  server.RaftServerConfigKeys (ConfUtils.java:logGet(46)) - raft.server.rpc.sleep.time = 25ms (default)
2025-05-28 15:17:16,844 [dacc202e-cd42-4a7a-b335-fe62dff69130-groupManagement] INFO  server.RaftServerConfigKeys (ConfUtils.java:logGet(46)) - raft.server.rpc.slowness.timeout = 300s (custom)
2025-05-28 15:17:16,844 [dacc202e-cd42-4a7a-b335-fe62dff69130-groupManagement] INFO  server.RaftServerConfigKeys (ConfUtils.java:logGet(46)) - raft.server.leaderelection.leader.step-down.wait-time = 10s (default)
2025-05-28 15:17:16,844 [dacc202e-cd42-4a7a-b335-fe62dff69130-groupManagement] INFO  server.RaftServerConfigKeys (ConfUtils.java:logGet(46)) - raft.server.leaderelection.member.majority-add = false (default)
2025-05-28 15:17:16,844 [dacc202e-cd42-4a7a-b335-fe62dff69130-groupManagement] INFO  server.RaftServerConfigKeys (ConfUtils.java:logGet(46)) - raft.server.sleep.deviation.threshold = 300ms (default)
2025-05-28 15:17:16,844 [dacc202e-cd42-4a7a-b335-fe62dff69130-groupManagement] INFO  server.RaftServer$Division (ServerState.java:<init>(114)) - dacc202e-cd42-4a7a-b335-fe62dff69130@group-3199EF5D7496: ConfigurationManager, init=conf: {index: -1, cur=peers:[4795f679-20b5-4d5a-9a13-c70766a2a14f|127.0.0.1:15015, a755fe32-7d9a-4996-bc51-d7fbc67ab218|127.0.0.1:15023, dacc202e-cd42-4a7a-b335-fe62dff69130|127.0.0.1:15031]|listeners:[], old=null}, confs=<EMPTY_MAP>
2025-05-28 15:17:16,844 [dacc202e-cd42-4a7a-b335-fe62dff69130-groupManagement] INFO  server.RaftServerConfigKeys (ConfUtils.java:logGet(46)) - raft.server.notification.no-leader.timeout = 300s (custom)
2025-05-28 15:17:16,844 [dacc202e-cd42-4a7a-b335-fe62dff69130-groupManagement] INFO  server.RaftServerConfigKeys (ConfUtils.java:logGet(46)) - raft.server.read.timeout = 10s (default)
2025-05-28 15:17:16,844 [dacc202e-cd42-4a7a-b335-fe62dff69130-groupManagement] INFO  server.RaftServerConfigKeys (ConfUtils.java:logGet(46)) - raft.server.retrycache.expirytime = 600000ms (custom)
2025-05-28 15:17:16,844 [dacc202e-cd42-4a7a-b335-fe62dff69130-groupManagement] INFO  server.RaftServerConfigKeys (ConfUtils.java:logGet(46)) - raft.server.retrycache.statistics.expirytime = 100ms (default)
2025-05-28 15:17:16,845 [dacc202e-cd42-4a7a-b335-fe62dff69130-groupManagement] INFO  server.RaftServerConfigKeys (ConfUtils.java:logGet(46)) - raft.server.read.option = DEFAULT (default)
2025-05-28 15:17:16,845 [dacc202e-cd42-4a7a-b335-fe62dff69130-groupManagement] INFO  server.RaftServerConfigKeys (ConfUtils.java:logGet(46)) - raft.server.read.read-after-write-consistent.write-index-cache.expiry-time = 60s (default)
2025-05-28 15:17:16,853 [dacc202e-cd42-4a7a-b335-fe62dff69130-groupManagement] INFO  server.RaftServerConfigKeys (ConfUtils.java:logGet(46)) - raft.server.rpc.request.timeout = 60s (custom)
2025-05-28 15:17:16,854 [dacc202e-cd42-4a7a-b335-fe62dff69130-groupManagement] INFO  server.RaftServerConfigKeys (ConfUtils.java:logGet(46)) - raft.server.log.appender.install.snapshot.enabled = false (custom)
2025-05-28 15:17:16,854 [dacc202e-cd42-4a7a-b335-fe62dff69130-groupManagement] INFO  server.RaftServerConfigKeys (ConfUtils.java:logGet(46)) - raft.server.threadpool.server.cached = true (default)
2025-05-28 15:17:16,854 [dacc202e-cd42-4a7a-b335-fe62dff69130-groupManagement] INFO  server.RaftServerConfigKeys (ConfUtils.java:logGet(46)) - raft.server.threadpool.server.size = 0 (default)
2025-05-28 15:17:16,855 [dacc202e-cd42-4a7a-b335-fe62dff69130-groupManagement] INFO  server.RaftServerConfigKeys (ConfUtils.java:logGet(46)) - raft.server.threadpool.client.cached = true (default)
2025-05-28 15:17:16,855 [dacc202e-cd42-4a7a-b335-fe62dff69130-groupManagement] INFO  server.RaftServerConfigKeys (ConfUtils.java:logGet(46)) - raft.server.threadpool.client.size = 0 (default)
2025-05-28 15:17:16,855 [dacc202e-cd42-4a7a-b335-fe62dff69130-groupManagement] INFO  server.RaftServerConfigKeys (ConfUtils.java:logGet(46)) - raft.server.storage.free-space.min = 0MB (=0) (default)
2025-05-28 15:17:16,855 [dacc202e-cd42-4a7a-b335-fe62dff69130-groupManagement] INFO  server.RaftServerConfigKeys (ConfUtils.java:logGet(46)) - raft.server.log.corruption.policy = EXCEPTION (default)
2025-05-28 15:17:16,855 [dacc202e-cd42-4a7a-b335-fe62dff69130-groupManagement] INFO  server.RaftServerConfigKeys (ConfUtils.java:logGet(46)) - raft.server.storage.dir = [/home/runner/work/ozone/ozone/hadoop-ozone/integration-test/target/test-dir/MiniOzoneClusterImpl-723737d7-d862-4a19-a51f-6b1567aa62b1/ozone-meta/datanode-3/ratis] (custom)
2025-05-28 15:17:16,855 [dacc202e-cd42-4a7a-b335-fe62dff69130-groupManagement] INFO  storage.RaftStorageDirectory (RaftStorageDirectoryImpl.java:analyzeStorage(138)) - The storage directory /home/runner/work/ozone/ozone/hadoop-ozone/integration-test/target/test-dir/MiniOzoneClusterImpl-723737d7-d862-4a19-a51f-6b1567aa62b1/ozone-meta/datanode-3/ratis/27a96606-79c9-41c9-8ccf-3199ef5d7496 does not exist. Creating ...
2025-05-28 15:17:16,857 [dacc202e-cd42-4a7a-b335-fe62dff69130-groupManagement] INFO  storage.RaftStorageDirectory (RaftStorageDirectoryImpl.java:tryLock(229)) - Lock on /home/runner/work/ozone/ozone/hadoop-ozone/integration-test/target/test-dir/MiniOzoneClusterImpl-723737d7-d862-4a19-a51f-6b1567aa62b1/ozone-meta/datanode-3/ratis/27a96606-79c9-41c9-8ccf-3199ef5d7496/in_use.lock acquired by nodename 72973@localhost
2025-05-28 15:17:16,861 [dacc202e-cd42-4a7a-b335-fe62dff69130-groupManagement] INFO  storage.RaftStorage (RaftStorageImpl.java:format(98)) - Storage directory /home/runner/work/ozone/ozone/hadoop-ozone/integration-test/target/test-dir/MiniOzoneClusterImpl-723737d7-d862-4a19-a51f-6b1567aa62b1/ozone-meta/datanode-3/ratis/27a96606-79c9-41c9-8ccf-3199ef5d7496 has been successfully formatted.
2025-05-28 15:17:16,861 [dacc202e-cd42-4a7a-b335-fe62dff69130-groupManagement] INFO  ratis.ContainerStateMachine (ContainerStateMachine.java:initialize(339)) - dacc202e-cd42-4a7a-b335-fe62dff69130: initialize group-3199EF5D7496
2025-05-28 15:17:16,862 [dacc202e-cd42-4a7a-b335-fe62dff69130-groupManagement] INFO  ratis.ContainerStateMachine (ContainerStateMachine.java:loadSnapshot(347)) - group-3199EF5D7496: The snapshot info is null. Setting the last applied index to:(t:0, i:~)
2025-05-28 15:17:16,862 [dacc202e-cd42-4a7a-b335-fe62dff69130-groupManagement] INFO  server.RaftServerConfigKeys (ConfUtils.java:logGet(46)) - raft.server.log.use.memory = false (default)
2025-05-28 15:17:16,862 [dacc202e-cd42-4a7a-b335-fe62dff69130-groupManagement] INFO  server.RaftServerConfigKeys (ConfUtils.java:logGet(46)) - raft.server.log.purge.gap = 1000000 (custom)
2025-05-28 15:17:16,862 [dacc202e-cd42-4a7a-b335-fe62dff69130-groupManagement] INFO  server.RaftServerConfigKeys (ConfUtils.java:logGet(46)) - raft.server.log.appender.buffer.byte-limit = 33554432 (custom)
2025-05-28 15:17:16,862 [dacc202e-cd42-4a7a-b335-fe62dff69130-groupManagement] INFO  server.RaftServerConfigKeys (ConfUtils.java:logGet(46)) - raft.server.log.statemachine.data.read.timeout = 1000ms (default)
2025-05-28 15:17:16,862 [dacc202e-cd42-4a7a-b335-fe62dff69130-groupManagement] INFO  server.RaftServerConfigKeys (ConfUtils.java:logGet(46)) - raft.server.log.purge.preservation.log.num = 0 (default)
2025-05-28 15:17:16,865 [dacc202e-cd42-4a7a-b335-fe62dff69130-groupManagement] INFO  server.RaftServerConfigKeys (ConfUtils.java:logGet(46)) - raft.server.log.segment.size.max = 67108864 (custom)
2025-05-28 15:17:16,866 [dacc202e-cd42-4a7a-b335-fe62dff69130-groupManagement] INFO  server.RaftServerConfigKeys (ConfUtils.java:logGet(46)) - raft.server.log.segment.cache.num.max = 2 (custom)
2025-05-28 15:17:16,867 [dacc202e-cd42-4a7a-b335-fe62dff69130-groupManagement] INFO  server.RaftServerConfigKeys (ConfUtils.java:logGet(46)) - raft.server.log.segment.cache.size.max = 200MB (=209715200) (default)
2025-05-28 15:17:16,869 [EventQueue-PipelineReportForOneReplicaPipelineSafeModeRule] INFO  safemode.SCMSafeModeManager (SCMSafeModeManager.java:validateSafeModeExitRules(140)) - AtleastOneDatanodeReportedRule rule is successfully validated
2025-05-28 15:17:16,869 [dacc202e-cd42-4a7a-b335-fe62dff69130-groupManagement] INFO  server.RaftServerConfigKeys (ConfUtils.java:logGet(46)) - raft.server.log.appender.buffer.byte-limit = 33554432 (custom)
2025-05-28 15:17:16,870 [dacc202e-cd42-4a7a-b335-fe62dff69130-groupManagement] INFO  util.AwaitToRun (AwaitToRun.java:start(81)) - Thread[#888,dacc202e-cd42-4a7a-b335-fe62dff69130@group-3199EF5D7496-cacheEviction-AwaitToRun,5,main] started
2025-05-28 15:17:16,871 [dacc202e-cd42-4a7a-b335-fe62dff69130-groupManagement] INFO  segmented.SegmentedRaftLogWorker (SegmentedRaftLogWorker.java:<init>(188)) - new dacc202e-cd42-4a7a-b335-fe62dff69130@group-3199EF5D7496-SegmentedRaftLogWorker for RaftStorageImpl:Storage Directory /home/runner/work/ozone/ozone/hadoop-ozone/integration-test/target/test-dir/MiniOzoneClusterImpl-723737d7-d862-4a19-a51f-6b1567aa62b1/ozone-meta/datanode-3/ratis/27a96606-79c9-41c9-8ccf-3199ef5d7496
2025-05-28 15:17:16,871 [dacc202e-cd42-4a7a-b335-fe62dff69130-groupManagement] INFO  server.RaftServerConfigKeys (ConfUtils.java:logGet(46)) - raft.server.log.queue.byte-limit = 4294967296 (custom)
2025-05-28 15:17:16,871 [dacc202e-cd42-4a7a-b335-fe62dff69130-groupManagement] INFO  server.RaftServerConfigKeys (ConfUtils.java:logGet(46)) - raft.server.log.queue.element-limit = 1024 (custom)
2025-05-28 15:17:16,871 [dacc202e-cd42-4a7a-b335-fe62dff69130-groupManagement] INFO  server.RaftServerConfigKeys (ConfUtils.java:logGet(46)) - raft.server.log.segment.size.max = 67108864 (custom)
2025-05-28 15:17:16,872 [dacc202e-cd42-4a7a-b335-fe62dff69130-groupManagement] INFO  server.RaftServerConfigKeys (ConfUtils.java:logGet(46)) - raft.server.log.preallocated.size = 4194304 (custom)
2025-05-28 15:17:16,872 [dacc202e-cd42-4a7a-b335-fe62dff69130-groupManagement] INFO  server.RaftServerConfigKeys (ConfUtils.java:logGet(46)) - raft.server.log.force.sync.num = 128 (default)
2025-05-28 15:17:16,872 [dacc202e-cd42-4a7a-b335-fe62dff69130-groupManagement] INFO  server.RaftServerConfigKeys (ConfUtils.java:logGet(46)) - raft.server.log.statemachine.data.sync = true (default)
2025-05-28 15:17:16,872 [dacc202e-cd42-4a7a-b335-fe62dff69130-groupManagement] INFO  server.RaftServerConfigKeys (ConfUtils.java:logGet(46)) - raft.server.log.statemachine.data.sync.timeout = 10s (default)
2025-05-28 15:17:16,872 [dacc202e-cd42-4a7a-b335-fe62dff69130-groupManagement] INFO  server.RaftServerConfigKeys (ConfUtils.java:logGet(46)) - raft.server.log.statemachine.data.sync.timeout.retry = 30 (custom)
2025-05-28 15:17:16,873 [dacc202e-cd42-4a7a-b335-fe62dff69130-groupManagement] INFO  server.RaftServerConfigKeys (ConfUtils.java:logGet(46)) - raft.server.log.write.buffer.size = 33554440 (custom)
2025-05-28 15:17:16,880 [dacc202e-cd42-4a7a-b335-fe62dff69130-groupManagement] INFO  server.RaftServerConfigKeys (ConfUtils.java:logGet(46)) - raft.server.log.appender.buffer.byte-limit = 33554432 (custom)
2025-05-28 15:17:16,881 [dacc202e-cd42-4a7a-b335-fe62dff69130-groupManagement] INFO  server.RaftServerConfigKeys (ConfUtils.java:logGet(46)) - raft.server.log.unsafe-flush.enabled = false (default)
2025-05-28 15:17:16,881 [dacc202e-cd42-4a7a-b335-fe62dff69130-groupManagement] INFO  server.RaftServerConfigKeys (ConfUtils.java:logGet(46)) - raft.server.log.async-flush.enabled = false (default)
2025-05-28 15:17:16,881 [dacc202e-cd42-4a7a-b335-fe62dff69130-groupManagement] INFO  server.RaftServerConfigKeys (ConfUtils.java:logGet(46)) - raft.server.log.statemachine.data.caching.enabled = true (custom)
2025-05-28 15:17:16,881 [dacc202e-cd42-4a7a-b335-fe62dff69130-groupManagement] INFO  segmented.SegmentedRaftLogWorker (SegmentedRaftLogWorker.java:lambda$new$0(139)) - dacc202e-cd42-4a7a-b335-fe62dff69130@group-3199EF5D7496-SegmentedRaftLogWorker: flushIndex: setUnconditionally 0 -> -1
2025-05-28 15:17:16,881 [dacc202e-cd42-4a7a-b335-fe62dff69130-groupManagement] INFO  segmented.SegmentedRaftLogWorker (SegmentedRaftLogWorker.java:lambda$new$0(139)) - dacc202e-cd42-4a7a-b335-fe62dff69130@group-3199EF5D7496-SegmentedRaftLogWorker: safeCacheEvictIndex: setUnconditionally 0 -> -1
2025-05-28 15:17:16,882 [dacc202e-cd42-4a7a-b335-fe62dff69130-groupManagement] INFO  server.RaftServer$Division (RaftServerImpl.java:start(391)) - dacc202e-cd42-4a7a-b335-fe62dff69130@group-3199EF5D7496: start as a follower, conf=conf: {index: -1, cur=peers:[4795f679-20b5-4d5a-9a13-c70766a2a14f|127.0.0.1:15015, a755fe32-7d9a-4996-bc51-d7fbc67ab218|127.0.0.1:15023, dacc202e-cd42-4a7a-b335-fe62dff69130|127.0.0.1:15031]|listeners:[], old=null}
2025-05-28 15:17:16,882 [dacc202e-cd42-4a7a-b335-fe62dff69130-groupManagement] INFO  server.RaftServer$Division (RaftServerImpl.java:setRole(378)) - dacc202e-cd42-4a7a-b335-fe62dff69130@group-3199EF5D7496: changes role from      null to FOLLOWER at term 0 for startAsFollower
2025-05-28 15:17:16,882 [dacc202e-cd42-4a7a-b335-fe62dff69130-groupManagement] INFO  impl.RoleInfo (RoleInfo.java:updateAndGet(148)) - dacc202e-cd42-4a7a-b335-fe62dff69130: start dacc202e-cd42-4a7a-b335-fe62dff69130@group-3199EF5D7496-FollowerState
2025-05-28 15:17:16,883 [dacc202e-cd42-4a7a-b335-fe62dff69130@group-3199EF5D7496-FollowerState] INFO  server.RaftServerConfigKeys (ConfUtils.java:logGet(46)) - raft.server.rpc.first-election.timeout.min = 1000ms (custom)
2025-05-28 15:17:16,883 [dacc202e-cd42-4a7a-b335-fe62dff69130@group-3199EF5D7496-FollowerState] INFO  server.RaftServerConfigKeys (ConfUtils.java:logGet(46)) - raft.server.rpc.first-election.timeout.max = 1200ms (custom)
2025-05-28 15:17:16,883 [dacc202e-cd42-4a7a-b335-fe62dff69130-groupManagement] INFO  util.JmxRegister (JmxRegister.java:tryRegister(44)) - Successfully registered JMX Bean with object name Ratis:service=RaftServer,group=group-3199EF5D7496,id=dacc202e-cd42-4a7a-b335-fe62dff69130
2025-05-28 15:17:16,883 [dacc202e-cd42-4a7a-b335-fe62dff69130-groupManagement] INFO  util.JmxRegister (JmxRegister.java:register(58)) - register mxBean class org.apache.ratis.server.impl.RaftServerJmxAdapter as Ratis:service=RaftServer,group=group-3199EF5D7496,id=dacc202e-cd42-4a7a-b335-fe62dff69130
2025-05-28 15:17:16,883 [dacc202e-cd42-4a7a-b335-fe62dff69130-groupManagement] INFO  server.RaftServerConfigKeys (ConfUtils.java:logGet(46)) - raft.server.snapshot.trigger-when-stop.enabled = true (default)
2025-05-28 15:17:16,883 [dacc202e-cd42-4a7a-b335-fe62dff69130-groupManagement] INFO  server.RaftServerConfigKeys (ConfUtils.java:logGet(46)) - raft.server.snapshot.trigger-when-remove.enabled = true (default)
2025-05-28 15:17:16,883 [dacc202e-cd42-4a7a-b335-fe62dff69130-groupManagement] INFO  server.RaftServerConfigKeys (ConfUtils.java:logGet(46)) - raft.server.snapshot.auto.trigger.enabled = true (custom)
2025-05-28 15:17:16,883 [dacc202e-cd42-4a7a-b335-fe62dff69130-groupManagement] INFO  server.RaftServerConfigKeys (ConfUtils.java:logGet(46)) - raft.server.snapshot.auto.trigger.threshold = 100000 (custom)
2025-05-28 15:17:16,883 [dacc202e-cd42-4a7a-b335-fe62dff69130-groupManagement] INFO  server.RaftServerConfigKeys (ConfUtils.java:logGet(46)) - raft.server.snapshot.retention.file.num = 5 (custom)
2025-05-28 15:17:16,883 [dacc202e-cd42-4a7a-b335-fe62dff69130-groupManagement] INFO  server.RaftServerConfigKeys (ConfUtils.java:logGet(46)) - raft.server.log.purge.upto.snapshot.index = false (default)
2025-05-28 15:17:16,884 [dacc202e-cd42-4a7a-b335-fe62dff69130-groupManagement] INFO  server.RaftServer$Division (RaftServerImpl.java:start(405)) - dacc202e-cd42-4a7a-b335-fe62dff69130@group-3199EF5D7496: Successfully started.
2025-05-28 15:17:16,914 [4795f679-20b5-4d5a-9a13-c70766a2a14f-PipelineCommandHandlerThread-0] INFO  commandhandler.CreatePipelineCommandHandler (CreatePipelineCommandHandler.java:lambda$handle$2(127)) - Created Pipeline RATIS THREE Pipeline-27a96606-79c9-41c9-8ccf-3199ef5d7496.
2025-05-28 15:17:16,915 [4795f679-20b5-4d5a-9a13-c70766a2a14f-PipelineCommandHandlerThread-0] INFO  server.RaftServer (RaftServerProxy.java:addNew(100)) - 4795f679-20b5-4d5a-9a13-c70766a2a14f: addNew group-EBC9B9187764:[4795f679-20b5-4d5a-9a13-c70766a2a14f|127.0.0.1:15015, a755fe32-7d9a-4996-bc51-d7fbc67ab218|127.0.0.1:15023, dacc202e-cd42-4a7a-b335-fe62dff69130|127.0.0.1:15031] returns group-EBC9B9187764:java.util.concurrent.CompletableFuture@28aa627[Not completed]
2025-05-28 15:17:16,917 [4795f679-20b5-4d5a-9a13-c70766a2a14f-groupManagement] WARN  statemachine.DatanodeConfiguration (DatanodeConfiguration.java:validateMinFreeSpace(689)) - hdds.datanode.volume.min.free.space.percent = -1.0 is invalid, should be between 0 and 1
2025-05-28 15:17:16,917 [4795f679-20b5-4d5a-9a13-c70766a2a14f-groupManagement] INFO  server.RaftServer$Division (RaftServerImpl.java:<init>(255)) - 4795f679-20b5-4d5a-9a13-c70766a2a14f: new RaftServerImpl for group-EBC9B9187764:[4795f679-20b5-4d5a-9a13-c70766a2a14f|127.0.0.1:15015, a755fe32-7d9a-4996-bc51-d7fbc67ab218|127.0.0.1:15023, dacc202e-cd42-4a7a-b335-fe62dff69130|127.0.0.1:15031] with ContainerStateMachine:uninitialized
2025-05-28 15:17:16,917 [4795f679-20b5-4d5a-9a13-c70766a2a14f-groupManagement] INFO  server.RaftServerConfigKeys (ConfUtils.java:logGet(46)) - raft.server.rpc.timeout.min = 5s (custom)
2025-05-28 15:17:16,917 [4795f679-20b5-4d5a-9a13-c70766a2a14f-groupManagement] INFO  server.RaftServerConfigKeys (ConfUtils.java:logGet(46)) - raft.server.rpc.timeout.max = 5200ms (custom)
2025-05-28 15:17:16,917 [4795f679-20b5-4d5a-9a13-c70766a2a14f-groupManagement] INFO  server.RaftServerConfigKeys (ConfUtils.java:logGet(46)) - raft.server.rpc.sleep.time = 25ms (default)
2025-05-28 15:17:16,917 [4795f679-20b5-4d5a-9a13-c70766a2a14f-groupManagement] INFO  server.RaftServerConfigKeys (ConfUtils.java:logGet(46)) - raft.server.rpc.slowness.timeout = 300s (custom)
2025-05-28 15:17:16,918 [4795f679-20b5-4d5a-9a13-c70766a2a14f-groupManagement] INFO  server.RaftServerConfigKeys (ConfUtils.java:logGet(46)) - raft.server.leaderelection.leader.step-down.wait-time = 10s (default)
2025-05-28 15:17:16,918 [4795f679-20b5-4d5a-9a13-c70766a2a14f-groupManagement] INFO  server.RaftServerConfigKeys (ConfUtils.java:logGet(46)) - raft.server.leaderelection.member.majority-add = false (default)
2025-05-28 15:17:16,918 [4795f679-20b5-4d5a-9a13-c70766a2a14f-groupManagement] INFO  server.RaftServerConfigKeys (ConfUtils.java:logGet(46)) - raft.server.sleep.deviation.threshold = 300ms (default)
2025-05-28 15:17:16,918 [4795f679-20b5-4d5a-9a13-c70766a2a14f-groupManagement] INFO  server.RaftServer$Division (ServerState.java:<init>(114)) - 4795f679-20b5-4d5a-9a13-c70766a2a14f@group-EBC9B9187764: ConfigurationManager, init=conf: {index: -1, cur=peers:[4795f679-20b5-4d5a-9a13-c70766a2a14f|127.0.0.1:15015, a755fe32-7d9a-4996-bc51-d7fbc67ab218|127.0.0.1:15023, dacc202e-cd42-4a7a-b335-fe62dff69130|127.0.0.1:15031]|listeners:[], old=null}, confs=<EMPTY_MAP>
2025-05-28 15:17:16,918 [4795f679-20b5-4d5a-9a13-c70766a2a14f-groupManagement] INFO  server.RaftServerConfigKeys (ConfUtils.java:logGet(46)) - raft.server.notification.no-leader.timeout = 300s (custom)
2025-05-28 15:17:16,918 [4795f679-20b5-4d5a-9a13-c70766a2a14f-groupManagement] INFO  server.RaftServerConfigKeys (ConfUtils.java:logGet(46)) - raft.server.read.timeout = 10s (default)
2025-05-28 15:17:16,918 [4795f679-20b5-4d5a-9a13-c70766a2a14f-groupManagement] INFO  server.RaftServerConfigKeys (ConfUtils.java:logGet(46)) - raft.server.retrycache.expirytime = 600000ms (custom)
2025-05-28 15:17:16,918 [4795f679-20b5-4d5a-9a13-c70766a2a14f-groupManagement] INFO  server.RaftServerConfigKeys (ConfUtils.java:logGet(46)) - raft.server.retrycache.statistics.expirytime = 100ms (default)
2025-05-28 15:17:16,918 [4795f679-20b5-4d5a-9a13-c70766a2a14f-groupManagement] INFO  server.RaftServerConfigKeys (ConfUtils.java:logGet(46)) - raft.server.read.option = DEFAULT (default)
2025-05-28 15:17:16,919 [4795f679-20b5-4d5a-9a13-c70766a2a14f-groupManagement] INFO  server.RaftServerConfigKeys (ConfUtils.java:logGet(46)) - raft.server.read.read-after-write-consistent.write-index-cache.expiry-time = 60s (default)
2025-05-28 15:17:16,927 [4795f679-20b5-4d5a-9a13-c70766a2a14f-groupManagement] INFO  server.RaftServerConfigKeys (ConfUtils.java:logGet(46)) - raft.server.rpc.request.timeout = 60s (custom)
2025-05-28 15:17:16,927 [4795f679-20b5-4d5a-9a13-c70766a2a14f-groupManagement] INFO  server.RaftServerConfigKeys (ConfUtils.java:logGet(46)) - raft.server.log.appender.install.snapshot.enabled = false (custom)
2025-05-28 15:17:16,928 [4795f679-20b5-4d5a-9a13-c70766a2a14f-groupManagement] INFO  server.RaftServerConfigKeys (ConfUtils.java:logGet(46)) - raft.server.threadpool.server.cached = true (default)
2025-05-28 15:17:16,928 [4795f679-20b5-4d5a-9a13-c70766a2a14f-groupManagement] INFO  server.RaftServerConfigKeys (ConfUtils.java:logGet(46)) - raft.server.threadpool.server.size = 0 (default)
2025-05-28 15:17:16,928 [4795f679-20b5-4d5a-9a13-c70766a2a14f-groupManagement] INFO  server.RaftServerConfigKeys (ConfUtils.java:logGet(46)) - raft.server.threadpool.client.cached = true (default)
2025-05-28 15:17:16,928 [4795f679-20b5-4d5a-9a13-c70766a2a14f-groupManagement] INFO  server.RaftServerConfigKeys (ConfUtils.java:logGet(46)) - raft.server.threadpool.client.size = 0 (default)
2025-05-28 15:17:16,928 [4795f679-20b5-4d5a-9a13-c70766a2a14f-groupManagement] INFO  server.RaftServerConfigKeys (ConfUtils.java:logGet(46)) - raft.server.storage.free-space.min = 0MB (=0) (default)
2025-05-28 15:17:16,928 [4795f679-20b5-4d5a-9a13-c70766a2a14f-groupManagement] INFO  server.RaftServerConfigKeys (ConfUtils.java:logGet(46)) - raft.server.log.corruption.policy = EXCEPTION (default)
2025-05-28 15:17:16,928 [4795f679-20b5-4d5a-9a13-c70766a2a14f-groupManagement] INFO  server.RaftServerConfigKeys (ConfUtils.java:logGet(46)) - raft.server.storage.dir = [/home/runner/work/ozone/ozone/hadoop-ozone/integration-test/target/test-dir/MiniOzoneClusterImpl-723737d7-d862-4a19-a51f-6b1567aa62b1/ozone-meta/datanode-1/ratis] (custom)
2025-05-28 15:17:16,928 [4795f679-20b5-4d5a-9a13-c70766a2a14f-groupManagement] INFO  storage.RaftStorageDirectory (RaftStorageDirectoryImpl.java:analyzeStorage(138)) - The storage directory /home/runner/work/ozone/ozone/hadoop-ozone/integration-test/target/test-dir/MiniOzoneClusterImpl-723737d7-d862-4a19-a51f-6b1567aa62b1/ozone-meta/datanode-1/ratis/597178e3-698c-4789-b47c-ebc9b9187764 does not exist. Creating ...
2025-05-28 15:17:16,930 [4795f679-20b5-4d5a-9a13-c70766a2a14f-groupManagement] INFO  storage.RaftStorageDirectory (RaftStorageDirectoryImpl.java:tryLock(229)) - Lock on /home/runner/work/ozone/ozone/hadoop-ozone/integration-test/target/test-dir/MiniOzoneClusterImpl-723737d7-d862-4a19-a51f-6b1567aa62b1/ozone-meta/datanode-1/ratis/597178e3-698c-4789-b47c-ebc9b9187764/in_use.lock acquired by nodename 72973@localhost
2025-05-28 15:17:16,932 [4795f679-20b5-4d5a-9a13-c70766a2a14f-groupManagement] INFO  storage.RaftStorage (RaftStorageImpl.java:format(98)) - Storage directory /home/runner/work/ozone/ozone/hadoop-ozone/integration-test/target/test-dir/MiniOzoneClusterImpl-723737d7-d862-4a19-a51f-6b1567aa62b1/ozone-meta/datanode-1/ratis/597178e3-698c-4789-b47c-ebc9b9187764 has been successfully formatted.
2025-05-28 15:17:16,935 [4795f679-20b5-4d5a-9a13-c70766a2a14f-groupManagement] INFO  ratis.ContainerStateMachine (ContainerStateMachine.java:initialize(339)) - 4795f679-20b5-4d5a-9a13-c70766a2a14f: initialize group-EBC9B9187764
2025-05-28 15:17:16,935 [4795f679-20b5-4d5a-9a13-c70766a2a14f-groupManagement] INFO  ratis.ContainerStateMachine (ContainerStateMachine.java:loadSnapshot(347)) - group-EBC9B9187764: The snapshot info is null. Setting the last applied index to:(t:0, i:~)
2025-05-28 15:17:16,935 [4795f679-20b5-4d5a-9a13-c70766a2a14f-groupManagement] INFO  server.RaftServerConfigKeys (ConfUtils.java:logGet(46)) - raft.server.log.use.memory = false (default)
2025-05-28 15:17:16,935 [4795f679-20b5-4d5a-9a13-c70766a2a14f-groupManagement] INFO  server.RaftServerConfigKeys (ConfUtils.java:logGet(46)) - raft.server.log.purge.gap = 1000000 (custom)
2025-05-28 15:17:16,935 [4795f679-20b5-4d5a-9a13-c70766a2a14f-groupManagement] INFO  server.RaftServerConfigKeys (ConfUtils.java:logGet(46)) - raft.server.log.appender.buffer.byte-limit = 33554432 (custom)
2025-05-28 15:17:16,935 [4795f679-20b5-4d5a-9a13-c70766a2a14f-groupManagement] INFO  server.RaftServerConfigKeys (ConfUtils.java:logGet(46)) - raft.server.log.statemachine.data.read.timeout = 1000ms (default)
2025-05-28 15:17:16,935 [4795f679-20b5-4d5a-9a13-c70766a2a14f-groupManagement] INFO  server.RaftServerConfigKeys (ConfUtils.java:logGet(46)) - raft.server.log.purge.preservation.log.num = 0 (default)
2025-05-28 15:17:16,940 [EventQueue-PipelineReportForOneReplicaPipelineSafeModeRule] INFO  safemode.SCMSafeModeManager (SCMSafeModeManager.java:validateSafeModeExitRules(140)) - AtleastOneDatanodeReportedRule rule is successfully validated
2025-05-28 15:17:16,941 [4795f679-20b5-4d5a-9a13-c70766a2a14f-groupManagement] INFO  server.RaftServerConfigKeys (ConfUtils.java:logGet(46)) - raft.server.log.segment.size.max = 67108864 (custom)
2025-05-28 15:17:16,942 [a755fe32-7d9a-4996-bc51-d7fbc67ab218-PipelineCommandHandlerThread-0] INFO  commandhandler.CreatePipelineCommandHandler (CreatePipelineCommandHandler.java:lambda$handle$2(127)) - Created Pipeline RATIS THREE Pipeline-27a96606-79c9-41c9-8ccf-3199ef5d7496.
2025-05-28 15:17:16,944 [a755fe32-7d9a-4996-bc51-d7fbc67ab218-PipelineCommandHandlerThread-0] INFO  server.RaftServer (RaftServerProxy.java:addNew(100)) - a755fe32-7d9a-4996-bc51-d7fbc67ab218: addNew group-EBC9B9187764:[4795f679-20b5-4d5a-9a13-c70766a2a14f|127.0.0.1:15015, a755fe32-7d9a-4996-bc51-d7fbc67ab218|127.0.0.1:15023, dacc202e-cd42-4a7a-b335-fe62dff69130|127.0.0.1:15031] returns group-EBC9B9187764:java.util.concurrent.CompletableFuture@cdf7689[Not completed]
2025-05-28 15:17:16,944 [4795f679-20b5-4d5a-9a13-c70766a2a14f-groupManagement] INFO  server.RaftServerConfigKeys (ConfUtils.java:logGet(46)) - raft.server.log.segment.cache.num.max = 2 (custom)
2025-05-28 15:17:16,945 [4795f679-20b5-4d5a-9a13-c70766a2a14f-groupManagement] INFO  server.RaftServerConfigKeys (ConfUtils.java:logGet(46)) - raft.server.log.segment.cache.size.max = 200MB (=209715200) (default)
2025-05-28 15:17:16,946 [4795f679-20b5-4d5a-9a13-c70766a2a14f-groupManagement] INFO  server.RaftServerConfigKeys (ConfUtils.java:logGet(46)) - raft.server.log.appender.buffer.byte-limit = 33554432 (custom)
2025-05-28 15:17:16,947 [4795f679-20b5-4d5a-9a13-c70766a2a14f-groupManagement] INFO  util.AwaitToRun (AwaitToRun.java:start(81)) - Thread[#904,4795f679-20b5-4d5a-9a13-c70766a2a14f@group-EBC9B9187764-cacheEviction-AwaitToRun,5,main] started
2025-05-28 15:17:16,946 [a755fe32-7d9a-4996-bc51-d7fbc67ab218-groupManagement] WARN  statemachine.DatanodeConfiguration (DatanodeConfiguration.java:validateMinFreeSpace(689)) - hdds.datanode.volume.min.free.space.percent = -1.0 is invalid, should be between 0 and 1
2025-05-28 15:17:16,948 [a755fe32-7d9a-4996-bc51-d7fbc67ab218-groupManagement] INFO  server.RaftServer$Division (RaftServerImpl.java:<init>(255)) - a755fe32-7d9a-4996-bc51-d7fbc67ab218: new RaftServerImpl for group-EBC9B9187764:[4795f679-20b5-4d5a-9a13-c70766a2a14f|127.0.0.1:15015, a755fe32-7d9a-4996-bc51-d7fbc67ab218|127.0.0.1:15023, dacc202e-cd42-4a7a-b335-fe62dff69130|127.0.0.1:15031] with ContainerStateMachine:uninitialized
2025-05-28 15:17:16,947 [4795f679-20b5-4d5a-9a13-c70766a2a14f-groupManagement] INFO  segmented.SegmentedRaftLogWorker (SegmentedRaftLogWorker.java:<init>(188)) - new 4795f679-20b5-4d5a-9a13-c70766a2a14f@group-EBC9B9187764-SegmentedRaftLogWorker for RaftStorageImpl:Storage Directory /home/runner/work/ozone/ozone/hadoop-ozone/integration-test/target/test-dir/MiniOzoneClusterImpl-723737d7-d862-4a19-a51f-6b1567aa62b1/ozone-meta/datanode-1/ratis/597178e3-698c-4789-b47c-ebc9b9187764
2025-05-28 15:17:16,948 [4795f679-20b5-4d5a-9a13-c70766a2a14f-groupManagement] INFO  server.RaftServerConfigKeys (ConfUtils.java:logGet(46)) - raft.server.log.queue.byte-limit = 4294967296 (custom)
2025-05-28 15:17:16,949 [4795f679-20b5-4d5a-9a13-c70766a2a14f-groupManagement] INFO  server.RaftServerConfigKeys (ConfUtils.java:logGet(46)) - raft.server.log.queue.element-limit = 1024 (custom)
2025-05-28 15:17:16,949 [4795f679-20b5-4d5a-9a13-c70766a2a14f-groupManagement] INFO  server.RaftServerConfigKeys (ConfUtils.java:logGet(46)) - raft.server.log.segment.size.max = 67108864 (custom)
2025-05-28 15:17:16,948 [a755fe32-7d9a-4996-bc51-d7fbc67ab218-groupManagement] INFO  server.RaftServerConfigKeys (ConfUtils.java:logGet(46)) - raft.server.rpc.timeout.min = 5s (custom)
2025-05-28 15:17:16,949 [a755fe32-7d9a-4996-bc51-d7fbc67ab218-groupManagement] INFO  server.RaftServerConfigKeys (ConfUtils.java:logGet(46)) - raft.server.rpc.timeout.max = 5200ms (custom)
2025-05-28 15:17:16,949 [4795f679-20b5-4d5a-9a13-c70766a2a14f-groupManagement] INFO  server.RaftServerConfigKeys (ConfUtils.java:logGet(46)) - raft.server.log.preallocated.size = 4194304 (custom)
2025-05-28 15:17:16,949 [4795f679-20b5-4d5a-9a13-c70766a2a14f-groupManagement] INFO  server.RaftServerConfigKeys (ConfUtils.java:logGet(46)) - raft.server.log.force.sync.num = 128 (default)
2025-05-28 15:17:16,950 [4795f679-20b5-4d5a-9a13-c70766a2a14f-groupManagement] INFO  server.RaftServerConfigKeys (ConfUtils.java:logGet(46)) - raft.server.log.statemachine.data.sync = true (default)
2025-05-28 15:17:16,950 [4795f679-20b5-4d5a-9a13-c70766a2a14f-groupManagement] INFO  server.RaftServerConfigKeys (ConfUtils.java:logGet(46)) - raft.server.log.statemachine.data.sync.timeout = 10s (default)
2025-05-28 15:17:16,950 [4795f679-20b5-4d5a-9a13-c70766a2a14f-groupManagement] INFO  server.RaftServerConfigKeys (ConfUtils.java:logGet(46)) - raft.server.log.statemachine.data.sync.timeout.retry = 30 (custom)
2025-05-28 15:17:16,950 [4795f679-20b5-4d5a-9a13-c70766a2a14f-groupManagement] INFO  server.RaftServerConfigKeys (ConfUtils.java:logGet(46)) - raft.server.log.write.buffer.size = 33554440 (custom)
2025-05-28 15:17:16,951 [a755fe32-7d9a-4996-bc51-d7fbc67ab218-groupManagement] INFO  server.RaftServerConfigKeys (ConfUtils.java:logGet(46)) - raft.server.rpc.sleep.time = 25ms (default)
2025-05-28 15:17:16,951 [a755fe32-7d9a-4996-bc51-d7fbc67ab218-groupManagement] INFO  server.RaftServerConfigKeys (ConfUtils.java:logGet(46)) - raft.server.rpc.slowness.timeout = 300s (custom)
2025-05-28 15:17:16,951 [a755fe32-7d9a-4996-bc51-d7fbc67ab218-groupManagement] INFO  server.RaftServerConfigKeys (ConfUtils.java:logGet(46)) - raft.server.leaderelection.leader.step-down.wait-time = 10s (default)
2025-05-28 15:17:16,951 [a755fe32-7d9a-4996-bc51-d7fbc67ab218-groupManagement] INFO  server.RaftServerConfigKeys (ConfUtils.java:logGet(46)) - raft.server.leaderelection.member.majority-add = false (default)
2025-05-28 15:17:16,951 [a755fe32-7d9a-4996-bc51-d7fbc67ab218-groupManagement] INFO  server.RaftServerConfigKeys (ConfUtils.java:logGet(46)) - raft.server.sleep.deviation.threshold = 300ms (default)
2025-05-28 15:17:16,951 [a755fe32-7d9a-4996-bc51-d7fbc67ab218-groupManagement] INFO  server.RaftServer$Division (ServerState.java:<init>(114)) - a755fe32-7d9a-4996-bc51-d7fbc67ab218@group-EBC9B9187764: ConfigurationManager, init=conf: {index: -1, cur=peers:[4795f679-20b5-4d5a-9a13-c70766a2a14f|127.0.0.1:15015, a755fe32-7d9a-4996-bc51-d7fbc67ab218|127.0.0.1:15023, dacc202e-cd42-4a7a-b335-fe62dff69130|127.0.0.1:15031]|listeners:[], old=null}, confs=<EMPTY_MAP>
2025-05-28 15:17:16,951 [a755fe32-7d9a-4996-bc51-d7fbc67ab218-groupManagement] INFO  server.RaftServerConfigKeys (ConfUtils.java:logGet(46)) - raft.server.notification.no-leader.timeout = 300s (custom)
2025-05-28 15:17:16,951 [a755fe32-7d9a-4996-bc51-d7fbc67ab218-groupManagement] INFO  server.RaftServerConfigKeys (ConfUtils.java:logGet(46)) - raft.server.read.timeout = 10s (default)
2025-05-28 15:17:16,951 [a755fe32-7d9a-4996-bc51-d7fbc67ab218-groupManagement] INFO  server.RaftServerConfigKeys (ConfUtils.java:logGet(46)) - raft.server.retrycache.expirytime = 600000ms (custom)
2025-05-28 15:17:16,951 [a755fe32-7d9a-4996-bc51-d7fbc67ab218-groupManagement] INFO  server.RaftServerConfigKeys (ConfUtils.java:logGet(46)) - raft.server.retrycache.statistics.expirytime = 100ms (default)
2025-05-28 15:17:16,951 [a755fe32-7d9a-4996-bc51-d7fbc67ab218-groupManagement] INFO  server.RaftServerConfigKeys (ConfUtils.java:logGet(46)) - raft.server.read.option = DEFAULT (default)
2025-05-28 15:17:16,952 [a755fe32-7d9a-4996-bc51-d7fbc67ab218-groupManagement] INFO  server.RaftServerConfigKeys (ConfUtils.java:logGet(46)) - raft.server.read.read-after-write-consistent.write-index-cache.expiry-time = 60s (default)
2025-05-28 15:17:16,956 [4795f679-20b5-4d5a-9a13-c70766a2a14f-groupManagement] INFO  server.RaftServerConfigKeys (ConfUtils.java:logGet(46)) - raft.server.log.appender.buffer.byte-limit = 33554432 (custom)
2025-05-28 15:17:16,957 [4795f679-20b5-4d5a-9a13-c70766a2a14f-groupManagement] INFO  server.RaftServerConfigKeys (ConfUtils.java:logGet(46)) - raft.server.log.unsafe-flush.enabled = false (default)
2025-05-28 15:17:16,957 [4795f679-20b5-4d5a-9a13-c70766a2a14f-groupManagement] INFO  server.RaftServerConfigKeys (ConfUtils.java:logGet(46)) - raft.server.log.async-flush.enabled = false (default)
2025-05-28 15:17:16,957 [4795f679-20b5-4d5a-9a13-c70766a2a14f-groupManagement] INFO  server.RaftServerConfigKeys (ConfUtils.java:logGet(46)) - raft.server.log.statemachine.data.caching.enabled = true (custom)
2025-05-28 15:17:16,957 [4795f679-20b5-4d5a-9a13-c70766a2a14f-groupManagement] INFO  segmented.SegmentedRaftLogWorker (SegmentedRaftLogWorker.java:lambda$new$0(139)) - 4795f679-20b5-4d5a-9a13-c70766a2a14f@group-EBC9B9187764-SegmentedRaftLogWorker: flushIndex: setUnconditionally 0 -> -1
2025-05-28 15:17:16,957 [4795f679-20b5-4d5a-9a13-c70766a2a14f-groupManagement] INFO  segmented.SegmentedRaftLogWorker (SegmentedRaftLogWorker.java:lambda$new$0(139)) - 4795f679-20b5-4d5a-9a13-c70766a2a14f@group-EBC9B9187764-SegmentedRaftLogWorker: safeCacheEvictIndex: setUnconditionally 0 -> -1
2025-05-28 15:17:16,958 [4795f679-20b5-4d5a-9a13-c70766a2a14f-groupManagement] INFO  server.RaftServer$Division (RaftServerImpl.java:start(391)) - 4795f679-20b5-4d5a-9a13-c70766a2a14f@group-EBC9B9187764: start as a follower, conf=conf: {index: -1, cur=peers:[4795f679-20b5-4d5a-9a13-c70766a2a14f|127.0.0.1:15015, a755fe32-7d9a-4996-bc51-d7fbc67ab218|127.0.0.1:15023, dacc202e-cd42-4a7a-b335-fe62dff69130|127.0.0.1:15031]|listeners:[], old=null}
2025-05-28 15:17:16,959 [4795f679-20b5-4d5a-9a13-c70766a2a14f-groupManagement] INFO  server.RaftServer$Division (RaftServerImpl.java:setRole(378)) - 4795f679-20b5-4d5a-9a13-c70766a2a14f@group-EBC9B9187764: changes role from      null to FOLLOWER at term 0 for startAsFollower
2025-05-28 15:17:16,959 [4795f679-20b5-4d5a-9a13-c70766a2a14f-groupManagement] INFO  impl.RoleInfo (RoleInfo.java:updateAndGet(148)) - 4795f679-20b5-4d5a-9a13-c70766a2a14f: start 4795f679-20b5-4d5a-9a13-c70766a2a14f@group-EBC9B9187764-FollowerState
2025-05-28 15:17:16,959 [4795f679-20b5-4d5a-9a13-c70766a2a14f-groupManagement] INFO  util.JmxRegister (JmxRegister.java:tryRegister(44)) - Successfully registered JMX Bean with object name Ratis:service=RaftServer,group=group-EBC9B9187764,id=4795f679-20b5-4d5a-9a13-c70766a2a14f
2025-05-28 15:17:16,959 [4795f679-20b5-4d5a-9a13-c70766a2a14f-groupManagement] INFO  util.JmxRegister (JmxRegister.java:register(58)) - register mxBean class org.apache.ratis.server.impl.RaftServerJmxAdapter as Ratis:service=RaftServer,group=group-EBC9B9187764,id=4795f679-20b5-4d5a-9a13-c70766a2a14f
2025-05-28 15:17:16,959 [4795f679-20b5-4d5a-9a13-c70766a2a14f-groupManagement] INFO  server.RaftServerConfigKeys (ConfUtils.java:logGet(46)) - raft.server.snapshot.trigger-when-stop.enabled = true (default)
2025-05-28 15:17:16,959 [4795f679-20b5-4d5a-9a13-c70766a2a14f-groupManagement] INFO  server.RaftServerConfigKeys (ConfUtils.java:logGet(46)) - raft.server.snapshot.trigger-when-remove.enabled = true (default)
2025-05-28 15:17:16,959 [4795f679-20b5-4d5a-9a13-c70766a2a14f-groupManagement] INFO  server.RaftServerConfigKeys (ConfUtils.java:logGet(46)) - raft.server.snapshot.auto.trigger.enabled = true (custom)
2025-05-28 15:17:16,959 [4795f679-20b5-4d5a-9a13-c70766a2a14f-groupManagement] INFO  server.RaftServerConfigKeys (ConfUtils.java:logGet(46)) - raft.server.snapshot.auto.trigger.threshold = 100000 (custom)
2025-05-28 15:17:16,959 [4795f679-20b5-4d5a-9a13-c70766a2a14f-groupManagement] INFO  server.RaftServerConfigKeys (ConfUtils.java:logGet(46)) - raft.server.snapshot.retention.file.num = 5 (custom)
2025-05-28 15:17:16,959 [a755fe32-7d9a-4996-bc51-d7fbc67ab218-groupManagement] INFO  server.RaftServerConfigKeys (ConfUtils.java:logGet(46)) - raft.server.rpc.request.timeout = 60s (custom)
2025-05-28 15:17:16,959 [4795f679-20b5-4d5a-9a13-c70766a2a14f@group-EBC9B9187764-FollowerState] INFO  server.RaftServerConfigKeys (ConfUtils.java:logGet(46)) - raft.server.rpc.first-election.timeout.min = 1000ms (custom)
2025-05-28 15:17:16,960 [4795f679-20b5-4d5a-9a13-c70766a2a14f@group-EBC9B9187764-FollowerState] INFO  server.RaftServerConfigKeys (ConfUtils.java:logGet(46)) - raft.server.rpc.first-election.timeout.max = 1200ms (custom)
2025-05-28 15:17:16,960 [a755fe32-7d9a-4996-bc51-d7fbc67ab218-groupManagement] INFO  server.RaftServerConfigKeys (ConfUtils.java:logGet(46)) - raft.server.log.appender.install.snapshot.enabled = false (custom)
2025-05-28 15:17:16,961 [a755fe32-7d9a-4996-bc51-d7fbc67ab218-groupManagement] INFO  server.RaftServerConfigKeys (ConfUtils.java:logGet(46)) - raft.server.threadpool.server.cached = true (default)
2025-05-28 15:17:16,961 [a755fe32-7d9a-4996-bc51-d7fbc67ab218-groupManagement] INFO  server.RaftServerConfigKeys (ConfUtils.java:logGet(46)) - raft.server.threadpool.server.size = 0 (default)
2025-05-28 15:17:16,961 [a755fe32-7d9a-4996-bc51-d7fbc67ab218-groupManagement] INFO  server.RaftServerConfigKeys (ConfUtils.java:logGet(46)) - raft.server.threadpool.client.cached = true (default)
2025-05-28 15:17:16,961 [a755fe32-7d9a-4996-bc51-d7fbc67ab218-groupManagement] INFO  server.RaftServerConfigKeys (ConfUtils.java:logGet(46)) - raft.server.threadpool.client.size = 0 (default)
2025-05-28 15:17:16,961 [a755fe32-7d9a-4996-bc51-d7fbc67ab218-groupManagement] INFO  server.RaftServerConfigKeys (ConfUtils.java:logGet(46)) - raft.server.storage.free-space.min = 0MB (=0) (default)
2025-05-28 15:17:16,962 [a755fe32-7d9a-4996-bc51-d7fbc67ab218-groupManagement] INFO  server.RaftServerConfigKeys (ConfUtils.java:logGet(46)) - raft.server.log.corruption.policy = EXCEPTION (default)
2025-05-28 15:17:16,962 [a755fe32-7d9a-4996-bc51-d7fbc67ab218-groupManagement] INFO  server.RaftServerConfigKeys (ConfUtils.java:logGet(46)) - raft.server.storage.dir = [/home/runner/work/ozone/ozone/hadoop-ozone/integration-test/target/test-dir/MiniOzoneClusterImpl-723737d7-d862-4a19-a51f-6b1567aa62b1/ozone-meta/datanode-2/ratis] (custom)
2025-05-28 15:17:16,962 [a755fe32-7d9a-4996-bc51-d7fbc67ab218-groupManagement] INFO  storage.RaftStorageDirectory (RaftStorageDirectoryImpl.java:analyzeStorage(138)) - The storage directory /home/runner/work/ozone/ozone/hadoop-ozone/integration-test/target/test-dir/MiniOzoneClusterImpl-723737d7-d862-4a19-a51f-6b1567aa62b1/ozone-meta/datanode-2/ratis/597178e3-698c-4789-b47c-ebc9b9187764 does not exist. Creating ...
2025-05-28 15:17:16,961 [4795f679-20b5-4d5a-9a13-c70766a2a14f-groupManagement] INFO  server.RaftServerConfigKeys (ConfUtils.java:logGet(46)) - raft.server.log.purge.upto.snapshot.index = false (default)
2025-05-28 15:17:16,963 [4795f679-20b5-4d5a-9a13-c70766a2a14f-groupManagement] INFO  server.RaftServer$Division (RaftServerImpl.java:start(405)) - 4795f679-20b5-4d5a-9a13-c70766a2a14f@group-EBC9B9187764: Successfully started.
2025-05-28 15:17:16,964 [4795f679-20b5-4d5a-9a13-c70766a2a14f-PipelineCommandHandlerThread-0] INFO  ratis.XceiverServerRatis (XceiverServerRatis.java:addGroup(843)) - Created group Pipeline-597178e3-698c-4789-b47c-ebc9b9187764
2025-05-28 15:17:16,964 [a755fe32-7d9a-4996-bc51-d7fbc67ab218-groupManagement] INFO  storage.RaftStorageDirectory (RaftStorageDirectoryImpl.java:tryLock(229)) - Lock on /home/runner/work/ozone/ozone/hadoop-ozone/integration-test/target/test-dir/MiniOzoneClusterImpl-723737d7-d862-4a19-a51f-6b1567aa62b1/ozone-meta/datanode-2/ratis/597178e3-698c-4789-b47c-ebc9b9187764/in_use.lock acquired by nodename 72973@localhost
2025-05-28 15:17:16,966 [a755fe32-7d9a-4996-bc51-d7fbc67ab218-groupManagement] INFO  storage.RaftStorage (RaftStorageImpl.java:format(98)) - Storage directory /home/runner/work/ozone/ozone/hadoop-ozone/integration-test/target/test-dir/MiniOzoneClusterImpl-723737d7-d862-4a19-a51f-6b1567aa62b1/ozone-meta/datanode-2/ratis/597178e3-698c-4789-b47c-ebc9b9187764 has been successfully formatted.
2025-05-28 15:17:16,966 [a755fe32-7d9a-4996-bc51-d7fbc67ab218-groupManagement] INFO  ratis.ContainerStateMachine (ContainerStateMachine.java:initialize(339)) - a755fe32-7d9a-4996-bc51-d7fbc67ab218: initialize group-EBC9B9187764
2025-05-28 15:17:16,966 [a755fe32-7d9a-4996-bc51-d7fbc67ab218-groupManagement] INFO  ratis.ContainerStateMachine (ContainerStateMachine.java:loadSnapshot(347)) - group-EBC9B9187764: The snapshot info is null. Setting the last applied index to:(t:0, i:~)
2025-05-28 15:17:16,966 [a755fe32-7d9a-4996-bc51-d7fbc67ab218-groupManagement] INFO  server.RaftServerConfigKeys (ConfUtils.java:logGet(46)) - raft.server.log.use.memory = false (default)
2025-05-28 15:17:16,966 [a755fe32-7d9a-4996-bc51-d7fbc67ab218-groupManagement] INFO  server.RaftServerConfigKeys (ConfUtils.java:logGet(46)) - raft.server.log.purge.gap = 1000000 (custom)
2025-05-28 15:17:16,966 [a755fe32-7d9a-4996-bc51-d7fbc67ab218-groupManagement] INFO  server.RaftServerConfigKeys (ConfUtils.java:logGet(46)) - raft.server.log.appender.buffer.byte-limit = 33554432 (custom)
2025-05-28 15:17:16,966 [a755fe32-7d9a-4996-bc51-d7fbc67ab218-groupManagement] INFO  server.RaftServerConfigKeys (ConfUtils.java:logGet(46)) - raft.server.log.statemachine.data.read.timeout = 1000ms (default)
2025-05-28 15:17:16,967 [a755fe32-7d9a-4996-bc51-d7fbc67ab218-groupManagement] INFO  server.RaftServerConfigKeys (ConfUtils.java:logGet(46)) - raft.server.log.purge.preservation.log.num = 0 (default)
2025-05-28 15:17:16,968 [a755fe32-7d9a-4996-bc51-d7fbc67ab218-groupManagement] INFO  server.RaftServerConfigKeys (ConfUtils.java:logGet(46)) - raft.server.log.segment.size.max = 67108864 (custom)
2025-05-28 15:17:16,969 [a755fe32-7d9a-4996-bc51-d7fbc67ab218-groupManagement] INFO  server.RaftServerConfigKeys (ConfUtils.java:logGet(46)) - raft.server.log.segment.cache.num.max = 2 (custom)
2025-05-28 15:17:16,969 [a755fe32-7d9a-4996-bc51-d7fbc67ab218-groupManagement] INFO  server.RaftServerConfigKeys (ConfUtils.java:logGet(46)) - raft.server.log.segment.cache.size.max = 200MB (=209715200) (default)
2025-05-28 15:17:16,969 [a755fe32-7d9a-4996-bc51-d7fbc67ab218-groupManagement] INFO  server.RaftServerConfigKeys (ConfUtils.java:logGet(46)) - raft.server.log.appender.buffer.byte-limit = 33554432 (custom)
2025-05-28 15:17:16,970 [a755fe32-7d9a-4996-bc51-d7fbc67ab218-groupManagement] INFO  util.AwaitToRun (AwaitToRun.java:start(81)) - Thread[#908,a755fe32-7d9a-4996-bc51-d7fbc67ab218@group-EBC9B9187764-cacheEviction-AwaitToRun,5,main] started
2025-05-28 15:17:16,970 [a755fe32-7d9a-4996-bc51-d7fbc67ab218-groupManagement] INFO  segmented.SegmentedRaftLogWorker (SegmentedRaftLogWorker.java:<init>(188)) - new a755fe32-7d9a-4996-bc51-d7fbc67ab218@group-EBC9B9187764-SegmentedRaftLogWorker for RaftStorageImpl:Storage Directory /home/runner/work/ozone/ozone/hadoop-ozone/integration-test/target/test-dir/MiniOzoneClusterImpl-723737d7-d862-4a19-a51f-6b1567aa62b1/ozone-meta/datanode-2/ratis/597178e3-698c-4789-b47c-ebc9b9187764
2025-05-28 15:17:16,970 [a755fe32-7d9a-4996-bc51-d7fbc67ab218-groupManagement] INFO  server.RaftServerConfigKeys (ConfUtils.java:logGet(46)) - raft.server.log.queue.byte-limit = 4294967296 (custom)
2025-05-28 15:17:16,970 [EventQueue-PipelineReportForOneReplicaPipelineSafeModeRule] INFO  safemode.SCMSafeModeManager (SCMSafeModeManager.java:validateSafeModeExitRules(140)) - AtleastOneDatanodeReportedRule rule is successfully validated
2025-05-28 15:17:16,970 [a755fe32-7d9a-4996-bc51-d7fbc67ab218-groupManagement] INFO  server.RaftServerConfigKeys (ConfUtils.java:logGet(46)) - raft.server.log.queue.element-limit = 1024 (custom)
2025-05-28 15:17:16,971 [a755fe32-7d9a-4996-bc51-d7fbc67ab218-groupManagement] INFO  server.RaftServerConfigKeys (ConfUtils.java:logGet(46)) - raft.server.log.segment.size.max = 67108864 (custom)
2025-05-28 15:17:16,971 [a755fe32-7d9a-4996-bc51-d7fbc67ab218-groupManagement] INFO  server.RaftServerConfigKeys (ConfUtils.java:logGet(46)) - raft.server.log.preallocated.size = 4194304 (custom)
2025-05-28 15:17:16,971 [a755fe32-7d9a-4996-bc51-d7fbc67ab218-groupManagement] INFO  server.RaftServerConfigKeys (ConfUtils.java:logGet(46)) - raft.server.log.force.sync.num = 128 (default)
2025-05-28 15:17:16,971 [a755fe32-7d9a-4996-bc51-d7fbc67ab218-groupManagement] INFO  server.RaftServerConfigKeys (ConfUtils.java:logGet(46)) - raft.server.log.statemachine.data.sync = true (default)
2025-05-28 15:17:16,971 [a755fe32-7d9a-4996-bc51-d7fbc67ab218-groupManagement] INFO  server.RaftServerConfigKeys (ConfUtils.java:logGet(46)) - raft.server.log.statemachine.data.sync.timeout = 10s (default)
2025-05-28 15:17:16,971 [a755fe32-7d9a-4996-bc51-d7fbc67ab218-groupManagement] INFO  server.RaftServerConfigKeys (ConfUtils.java:logGet(46)) - raft.server.log.statemachine.data.sync.timeout.retry = 30 (custom)
2025-05-28 15:17:16,972 [a755fe32-7d9a-4996-bc51-d7fbc67ab218-groupManagement] INFO  server.RaftServerConfigKeys (ConfUtils.java:logGet(46)) - raft.server.log.write.buffer.size = 33554440 (custom)
2025-05-28 15:17:16,980 [a755fe32-7d9a-4996-bc51-d7fbc67ab218-groupManagement] INFO  server.RaftServerConfigKeys (ConfUtils.java:logGet(46)) - raft.server.log.appender.buffer.byte-limit = 33554432 (custom)
2025-05-28 15:17:16,980 [a755fe32-7d9a-4996-bc51-d7fbc67ab218-groupManagement] INFO  server.RaftServerConfigKeys (ConfUtils.java:logGet(46)) - raft.server.log.unsafe-flush.enabled = false (default)
2025-05-28 15:17:16,980 [a755fe32-7d9a-4996-bc51-d7fbc67ab218-groupManagement] INFO  server.RaftServerConfigKeys (ConfUtils.java:logGet(46)) - raft.server.log.async-flush.enabled = false (default)
2025-05-28 15:17:16,980 [a755fe32-7d9a-4996-bc51-d7fbc67ab218-groupManagement] INFO  server.RaftServerConfigKeys (ConfUtils.java:logGet(46)) - raft.server.log.statemachine.data.caching.enabled = true (custom)
2025-05-28 15:17:16,981 [a755fe32-7d9a-4996-bc51-d7fbc67ab218-groupManagement] INFO  segmented.SegmentedRaftLogWorker (SegmentedRaftLogWorker.java:lambda$new$0(139)) - a755fe32-7d9a-4996-bc51-d7fbc67ab218@group-EBC9B9187764-SegmentedRaftLogWorker: flushIndex: setUnconditionally 0 -> -1
2025-05-28 15:17:16,981 [a755fe32-7d9a-4996-bc51-d7fbc67ab218-groupManagement] INFO  segmented.SegmentedRaftLogWorker (SegmentedRaftLogWorker.java:lambda$new$0(139)) - a755fe32-7d9a-4996-bc51-d7fbc67ab218@group-EBC9B9187764-SegmentedRaftLogWorker: safeCacheEvictIndex: setUnconditionally 0 -> -1
2025-05-28 15:17:16,981 [a755fe32-7d9a-4996-bc51-d7fbc67ab218-groupManagement] INFO  server.RaftServer$Division (RaftServerImpl.java:start(391)) - a755fe32-7d9a-4996-bc51-d7fbc67ab218@group-EBC9B9187764: start as a follower, conf=conf: {index: -1, cur=peers:[4795f679-20b5-4d5a-9a13-c70766a2a14f|127.0.0.1:15015, a755fe32-7d9a-4996-bc51-d7fbc67ab218|127.0.0.1:15023, dacc202e-cd42-4a7a-b335-fe62dff69130|127.0.0.1:15031]|listeners:[], old=null}
2025-05-28 15:17:16,981 [a755fe32-7d9a-4996-bc51-d7fbc67ab218-groupManagement] INFO  server.RaftServer$Division (RaftServerImpl.java:setRole(378)) - a755fe32-7d9a-4996-bc51-d7fbc67ab218@group-EBC9B9187764: changes role from      null to FOLLOWER at term 0 for startAsFollower
2025-05-28 15:17:16,981 [a755fe32-7d9a-4996-bc51-d7fbc67ab218-groupManagement] INFO  impl.RoleInfo (RoleInfo.java:updateAndGet(148)) - a755fe32-7d9a-4996-bc51-d7fbc67ab218: start a755fe32-7d9a-4996-bc51-d7fbc67ab218@group-EBC9B9187764-FollowerState
2025-05-28 15:17:16,982 [a755fe32-7d9a-4996-bc51-d7fbc67ab218@group-EBC9B9187764-FollowerState] INFO  server.RaftServerConfigKeys (ConfUtils.java:logGet(46)) - raft.server.rpc.first-election.timeout.min = 1000ms (custom)
2025-05-28 15:17:16,982 [a755fe32-7d9a-4996-bc51-d7fbc67ab218@group-EBC9B9187764-FollowerState] INFO  server.RaftServerConfigKeys (ConfUtils.java:logGet(46)) - raft.server.rpc.first-election.timeout.max = 1200ms (custom)
2025-05-28 15:17:16,982 [a755fe32-7d9a-4996-bc51-d7fbc67ab218-groupManagement] INFO  util.JmxRegister (JmxRegister.java:tryRegister(44)) - Successfully registered JMX Bean with object name Ratis:service=RaftServer,group=group-EBC9B9187764,id=a755fe32-7d9a-4996-bc51-d7fbc67ab218
2025-05-28 15:17:16,982 [a755fe32-7d9a-4996-bc51-d7fbc67ab218-groupManagement] INFO  util.JmxRegister (JmxRegister.java:register(58)) - register mxBean class org.apache.ratis.server.impl.RaftServerJmxAdapter as Ratis:service=RaftServer,group=group-EBC9B9187764,id=a755fe32-7d9a-4996-bc51-d7fbc67ab218
2025-05-28 15:17:16,982 [a755fe32-7d9a-4996-bc51-d7fbc67ab218-groupManagement] INFO  server.RaftServerConfigKeys (ConfUtils.java:logGet(46)) - raft.server.snapshot.trigger-when-stop.enabled = true (default)
2025-05-28 15:17:16,982 [a755fe32-7d9a-4996-bc51-d7fbc67ab218-groupManagement] INFO  server.RaftServerConfigKeys (ConfUtils.java:logGet(46)) - raft.server.snapshot.trigger-when-remove.enabled = true (default)
2025-05-28 15:17:16,982 [a755fe32-7d9a-4996-bc51-d7fbc67ab218-groupManagement] INFO  server.RaftServerConfigKeys (ConfUtils.java:logGet(46)) - raft.server.snapshot.auto.trigger.enabled = true (custom)
2025-05-28 15:17:16,982 [a755fe32-7d9a-4996-bc51-d7fbc67ab218-groupManagement] INFO  server.RaftServerConfigKeys (ConfUtils.java:logGet(46)) - raft.server.snapshot.auto.trigger.threshold = 100000 (custom)
2025-05-28 15:17:16,982 [a755fe32-7d9a-4996-bc51-d7fbc67ab218-groupManagement] INFO  server.RaftServerConfigKeys (ConfUtils.java:logGet(46)) - raft.server.snapshot.retention.file.num = 5 (custom)
2025-05-28 15:17:16,982 [a755fe32-7d9a-4996-bc51-d7fbc67ab218-groupManagement] INFO  server.RaftServerConfigKeys (ConfUtils.java:logGet(46)) - raft.server.log.purge.upto.snapshot.index = false (default)
2025-05-28 15:17:16,983 [a755fe32-7d9a-4996-bc51-d7fbc67ab218-groupManagement] INFO  server.RaftServer$Division (RaftServerImpl.java:start(405)) - a755fe32-7d9a-4996-bc51-d7fbc67ab218@group-EBC9B9187764: Successfully started.
2025-05-28 15:17:16,983 [a755fe32-7d9a-4996-bc51-d7fbc67ab218-PipelineCommandHandlerThread-0] INFO  ratis.XceiverServerRatis (XceiverServerRatis.java:addGroup(843)) - Created group Pipeline-597178e3-698c-4789-b47c-ebc9b9187764
2025-05-28 15:17:16,998 [grpc-default-executor-1] INFO  server.RaftServer (RaftServerProxy.java:addNew(100)) - dacc202e-cd42-4a7a-b335-fe62dff69130: addNew group-EBC9B9187764:[4795f679-20b5-4d5a-9a13-c70766a2a14f|127.0.0.1:15015, a755fe32-7d9a-4996-bc51-d7fbc67ab218|127.0.0.1:15023, dacc202e-cd42-4a7a-b335-fe62dff69130|127.0.0.1:15031] returns group-EBC9B9187764:java.util.concurrent.CompletableFuture@34a5a420[Not completed]
2025-05-28 15:17:16,999 [dacc202e-cd42-4a7a-b335-fe62dff69130-groupManagement] WARN  statemachine.DatanodeConfiguration (DatanodeConfiguration.java:validateMinFreeSpace(689)) - hdds.datanode.volume.min.free.space.percent = -1.0 is invalid, should be between 0 and 1
2025-05-28 15:17:16,999 [dacc202e-cd42-4a7a-b335-fe62dff69130-groupManagement] INFO  server.RaftServer$Division (RaftServerImpl.java:<init>(255)) - dacc202e-cd42-4a7a-b335-fe62dff69130: new RaftServerImpl for group-EBC9B9187764:[4795f679-20b5-4d5a-9a13-c70766a2a14f|127.0.0.1:15015, a755fe32-7d9a-4996-bc51-d7fbc67ab218|127.0.0.1:15023, dacc202e-cd42-4a7a-b335-fe62dff69130|127.0.0.1:15031] with ContainerStateMachine:uninitialized
2025-05-28 15:17:16,999 [dacc202e-cd42-4a7a-b335-fe62dff69130-groupManagement] INFO  server.RaftServerConfigKeys (ConfUtils.java:logGet(46)) - raft.server.rpc.timeout.min = 5s (custom)
2025-05-28 15:17:16,999 [dacc202e-cd42-4a7a-b335-fe62dff69130-groupManagement] INFO  server.RaftServerConfigKeys (ConfUtils.java:logGet(46)) - raft.server.rpc.timeout.max = 5200ms (custom)
2025-05-28 15:17:16,999 [dacc202e-cd42-4a7a-b335-fe62dff69130-groupManagement] INFO  server.RaftServerConfigKeys (ConfUtils.java:logGet(46)) - raft.server.rpc.sleep.time = 25ms (default)
2025-05-28 15:17:16,999 [dacc202e-cd42-4a7a-b335-fe62dff69130-groupManagement] INFO  server.RaftServerConfigKeys (ConfUtils.java:logGet(46)) - raft.server.rpc.slowness.timeout = 300s (custom)
2025-05-28 15:17:17,000 [dacc202e-cd42-4a7a-b335-fe62dff69130-groupManagement] INFO  server.RaftServerConfigKeys (ConfUtils.java:logGet(46)) - raft.server.leaderelection.leader.step-down.wait-time = 10s (default)
2025-05-28 15:17:17,000 [dacc202e-cd42-4a7a-b335-fe62dff69130-groupManagement] INFO  server.RaftServerConfigKeys (ConfUtils.java:logGet(46)) - raft.server.leaderelection.member.majority-add = false (default)
2025-05-28 15:17:17,000 [dacc202e-cd42-4a7a-b335-fe62dff69130-groupManagement] INFO  server.RaftServerConfigKeys (ConfUtils.java:logGet(46)) - raft.server.sleep.deviation.threshold = 300ms (default)
2025-05-28 15:17:17,000 [dacc202e-cd42-4a7a-b335-fe62dff69130-groupManagement] INFO  server.RaftServer$Division (ServerState.java:<init>(114)) - dacc202e-cd42-4a7a-b335-fe62dff69130@group-EBC9B9187764: ConfigurationManager, init=conf: {index: -1, cur=peers:[4795f679-20b5-4d5a-9a13-c70766a2a14f|127.0.0.1:15015, a755fe32-7d9a-4996-bc51-d7fbc67ab218|127.0.0.1:15023, dacc202e-cd42-4a7a-b335-fe62dff69130|127.0.0.1:15031]|listeners:[], old=null}, confs=<EMPTY_MAP>
2025-05-28 15:17:17,000 [dacc202e-cd42-4a7a-b335-fe62dff69130-groupManagement] INFO  server.RaftServerConfigKeys (ConfUtils.java:logGet(46)) - raft.server.notification.no-leader.timeout = 300s (custom)
2025-05-28 15:17:17,000 [dacc202e-cd42-4a7a-b335-fe62dff69130-groupManagement] INFO  server.RaftServerConfigKeys (ConfUtils.java:logGet(46)) - raft.server.read.timeout = 10s (default)
2025-05-28 15:17:17,001 [dacc202e-cd42-4a7a-b335-fe62dff69130-groupManagement] INFO  server.RaftServerConfigKeys (ConfUtils.java:logGet(46)) - raft.server.retrycache.expirytime = 600000ms (custom)
2025-05-28 15:17:17,002 [dacc202e-cd42-4a7a-b335-fe62dff69130-groupManagement] INFO  server.RaftServerConfigKeys (ConfUtils.java:logGet(46)) - raft.server.retrycache.statistics.expirytime = 100ms (default)
2025-05-28 15:17:17,002 [dacc202e-cd42-4a7a-b335-fe62dff69130-groupManagement] INFO  server.RaftServerConfigKeys (ConfUtils.java:logGet(46)) - raft.server.read.option = DEFAULT (default)
2025-05-28 15:17:17,002 [dacc202e-cd42-4a7a-b335-fe62dff69130-groupManagement] INFO  server.RaftServerConfigKeys (ConfUtils.java:logGet(46)) - raft.server.read.read-after-write-consistent.write-index-cache.expiry-time = 60s (default)
2025-05-28 15:17:17,008 [dacc202e-cd42-4a7a-b335-fe62dff69130-groupManagement] INFO  server.RaftServerConfigKeys (ConfUtils.java:logGet(46)) - raft.server.rpc.request.timeout = 60s (custom)
2025-05-28 15:17:17,008 [dacc202e-cd42-4a7a-b335-fe62dff69130-groupManagement] INFO  server.RaftServerConfigKeys (ConfUtils.java:logGet(46)) - raft.server.log.appender.install.snapshot.enabled = false (custom)
2025-05-28 15:17:17,009 [dacc202e-cd42-4a7a-b335-fe62dff69130-groupManagement] INFO  server.RaftServerConfigKeys (ConfUtils.java:logGet(46)) - raft.server.threadpool.server.cached = true (default)
2025-05-28 15:17:17,009 [dacc202e-cd42-4a7a-b335-fe62dff69130-groupManagement] INFO  server.RaftServerConfigKeys (ConfUtils.java:logGet(46)) - raft.server.threadpool.server.size = 0 (default)
2025-05-28 15:17:17,009 [dacc202e-cd42-4a7a-b335-fe62dff69130-groupManagement] INFO  server.RaftServerConfigKeys (ConfUtils.java:logGet(46)) - raft.server.threadpool.client.cached = true (default)
2025-05-28 15:17:17,009 [dacc202e-cd42-4a7a-b335-fe62dff69130-groupManagement] INFO  server.RaftServerConfigKeys (ConfUtils.java:logGet(46)) - raft.server.threadpool.client.size = 0 (default)
2025-05-28 15:17:17,009 [dacc202e-cd42-4a7a-b335-fe62dff69130-groupManagement] INFO  server.RaftServerConfigKeys (ConfUtils.java:logGet(46)) - raft.server.storage.free-space.min = 0MB (=0) (default)
2025-05-28 15:17:17,009 [dacc202e-cd42-4a7a-b335-fe62dff69130-groupManagement] INFO  server.RaftServerConfigKeys (ConfUtils.java:logGet(46)) - raft.server.log.corruption.policy = EXCEPTION (default)
2025-05-28 15:17:17,009 [dacc202e-cd42-4a7a-b335-fe62dff69130-groupManagement] INFO  server.RaftServerConfigKeys (ConfUtils.java:logGet(46)) - raft.server.storage.dir = [/home/runner/work/ozone/ozone/hadoop-ozone/integration-test/target/test-dir/MiniOzoneClusterImpl-723737d7-d862-4a19-a51f-6b1567aa62b1/ozone-meta/datanode-3/ratis] (custom)
2025-05-28 15:17:17,009 [dacc202e-cd42-4a7a-b335-fe62dff69130-groupManagement] INFO  storage.RaftStorageDirectory (RaftStorageDirectoryImpl.java:analyzeStorage(138)) - The storage directory /home/runner/work/ozone/ozone/hadoop-ozone/integration-test/target/test-dir/MiniOzoneClusterImpl-723737d7-d862-4a19-a51f-6b1567aa62b1/ozone-meta/datanode-3/ratis/597178e3-698c-4789-b47c-ebc9b9187764 does not exist. Creating ...
2025-05-28 15:17:17,011 [dacc202e-cd42-4a7a-b335-fe62dff69130-groupManagement] INFO  storage.RaftStorageDirectory (RaftStorageDirectoryImpl.java:tryLock(229)) - Lock on /home/runner/work/ozone/ozone/hadoop-ozone/integration-test/target/test-dir/MiniOzoneClusterImpl-723737d7-d862-4a19-a51f-6b1567aa62b1/ozone-meta/datanode-3/ratis/597178e3-698c-4789-b47c-ebc9b9187764/in_use.lock acquired by nodename 72973@localhost
2025-05-28 15:17:17,012 [a755fe32-7d9a-4996-bc51-d7fbc67ab218-PipelineCommandHandlerThread-0] INFO  commandhandler.CreatePipelineCommandHandler (CreatePipelineCommandHandler.java:lambda$handle$2(127)) - Created Pipeline RATIS THREE Pipeline-597178e3-698c-4789-b47c-ebc9b9187764.
2025-05-28 15:17:17,012 [dacc202e-cd42-4a7a-b335-fe62dff69130-groupManagement] INFO  storage.RaftStorage (RaftStorageImpl.java:format(98)) - Storage directory /home/runner/work/ozone/ozone/hadoop-ozone/integration-test/target/test-dir/MiniOzoneClusterImpl-723737d7-d862-4a19-a51f-6b1567aa62b1/ozone-meta/datanode-3/ratis/597178e3-698c-4789-b47c-ebc9b9187764 has been successfully formatted.
2025-05-28 15:17:17,013 [dacc202e-cd42-4a7a-b335-fe62dff69130-groupManagement] INFO  ratis.ContainerStateMachine (ContainerStateMachine.java:initialize(339)) - dacc202e-cd42-4a7a-b335-fe62dff69130: initialize group-EBC9B9187764
2025-05-28 15:17:17,014 [a755fe32-7d9a-4996-bc51-d7fbc67ab218-PipelineCommandHandlerThread-0] INFO  server.RaftServer (RaftServerProxy.java:addNew(100)) - a755fe32-7d9a-4996-bc51-d7fbc67ab218: addNew group-A574A09B74EF:[4795f679-20b5-4d5a-9a13-c70766a2a14f|127.0.0.1:15015, a755fe32-7d9a-4996-bc51-d7fbc67ab218|127.0.0.1:15023, dacc202e-cd42-4a7a-b335-fe62dff69130|127.0.0.1:15031] returns group-A574A09B74EF:java.util.concurrent.CompletableFuture@22f07612[Not completed]
2025-05-28 15:17:17,014 [dacc202e-cd42-4a7a-b335-fe62dff69130-groupManagement] INFO  ratis.ContainerStateMachine (ContainerStateMachine.java:loadSnapshot(347)) - group-EBC9B9187764: The snapshot info is null. Setting the last applied index to:(t:0, i:~)
2025-05-28 15:17:17,014 [dacc202e-cd42-4a7a-b335-fe62dff69130-groupManagement] INFO  server.RaftServerConfigKeys (ConfUtils.java:logGet(46)) - raft.server.log.use.memory = false (default)
2025-05-28 15:17:17,015 [dacc202e-cd42-4a7a-b335-fe62dff69130-groupManagement] INFO  server.RaftServerConfigKeys (ConfUtils.java:logGet(46)) - raft.server.log.purge.gap = 1000000 (custom)
2025-05-28 15:17:17,015 [dacc202e-cd42-4a7a-b335-fe62dff69130-groupManagement] INFO  server.RaftServerConfigKeys (ConfUtils.java:logGet(46)) - raft.server.log.appender.buffer.byte-limit = 33554432 (custom)
2025-05-28 15:17:17,015 [dacc202e-cd42-4a7a-b335-fe62dff69130-groupManagement] INFO  server.RaftServerConfigKeys (ConfUtils.java:logGet(46)) - raft.server.log.statemachine.data.read.timeout = 1000ms (default)
2025-05-28 15:17:17,015 [dacc202e-cd42-4a7a-b335-fe62dff69130-groupManagement] INFO  server.RaftServerConfigKeys (ConfUtils.java:logGet(46)) - raft.server.log.purge.preservation.log.num = 0 (default)
2025-05-28 15:17:17,015 [a755fe32-7d9a-4996-bc51-d7fbc67ab218-groupManagement] WARN  statemachine.DatanodeConfiguration (DatanodeConfiguration.java:validateMinFreeSpace(689)) - hdds.datanode.volume.min.free.space.percent = -1.0 is invalid, should be between 0 and 1
2025-05-28 15:17:17,015 [a755fe32-7d9a-4996-bc51-d7fbc67ab218-groupManagement] INFO  server.RaftServer$Division (RaftServerImpl.java:<init>(255)) - a755fe32-7d9a-4996-bc51-d7fbc67ab218: new RaftServerImpl for group-A574A09B74EF:[4795f679-20b5-4d5a-9a13-c70766a2a14f|127.0.0.1:15015, a755fe32-7d9a-4996-bc51-d7fbc67ab218|127.0.0.1:15023, dacc202e-cd42-4a7a-b335-fe62dff69130|127.0.0.1:15031] with ContainerStateMachine:uninitialized
2025-05-28 15:17:17,015 [a755fe32-7d9a-4996-bc51-d7fbc67ab218-groupManagement] INFO  server.RaftServerConfigKeys (ConfUtils.java:logGet(46)) - raft.server.rpc.timeout.min = 5s (custom)
2025-05-28 15:17:17,015 [a755fe32-7d9a-4996-bc51-d7fbc67ab218-groupManagement] INFO  server.RaftServerConfigKeys (ConfUtils.java:logGet(46)) - raft.server.rpc.timeout.max = 5200ms (custom)
2025-05-28 15:17:17,015 [a755fe32-7d9a-4996-bc51-d7fbc67ab218-groupManagement] INFO  server.RaftServerConfigKeys (ConfUtils.java:logGet(46)) - raft.server.rpc.sleep.time = 25ms (default)
2025-05-28 15:17:17,015 [a755fe32-7d9a-4996-bc51-d7fbc67ab218-groupManagement] INFO  server.RaftServerConfigKeys (ConfUtils.java:logGet(46)) - raft.server.rpc.slowness.timeout = 300s (custom)
2025-05-28 15:17:17,015 [a755fe32-7d9a-4996-bc51-d7fbc67ab218-groupManagement] INFO  server.RaftServerConfigKeys (ConfUtils.java:logGet(46)) - raft.server.leaderelection.leader.step-down.wait-time = 10s (default)
2025-05-28 15:17:17,015 [a755fe32-7d9a-4996-bc51-d7fbc67ab218-groupManagement] INFO  server.RaftServerConfigKeys (ConfUtils.java:logGet(46)) - raft.server.leaderelection.member.majority-add = false (default)
2025-05-28 15:17:17,015 [a755fe32-7d9a-4996-bc51-d7fbc67ab218-groupManagement] INFO  server.RaftServerConfigKeys (ConfUtils.java:logGet(46)) - raft.server.sleep.deviation.threshold = 300ms (default)
2025-05-28 15:17:17,015 [a755fe32-7d9a-4996-bc51-d7fbc67ab218-groupManagement] INFO  server.RaftServer$Division (ServerState.java:<init>(114)) - a755fe32-7d9a-4996-bc51-d7fbc67ab218@group-A574A09B74EF: ConfigurationManager, init=conf: {index: -1, cur=peers:[4795f679-20b5-4d5a-9a13-c70766a2a14f|127.0.0.1:15015, a755fe32-7d9a-4996-bc51-d7fbc67ab218|127.0.0.1:15023, dacc202e-cd42-4a7a-b335-fe62dff69130|127.0.0.1:15031]|listeners:[], old=null}, confs=<EMPTY_MAP>
2025-05-28 15:17:17,016 [a755fe32-7d9a-4996-bc51-d7fbc67ab218-groupManagement] INFO  server.RaftServerConfigKeys (ConfUtils.java:logGet(46)) - raft.server.notification.no-leader.timeout = 300s (custom)
2025-05-28 15:17:17,016 [a755fe32-7d9a-4996-bc51-d7fbc67ab218-groupManagement] INFO  server.RaftServerConfigKeys (ConfUtils.java:logGet(46)) - raft.server.read.timeout = 10s (default)
2025-05-28 15:17:17,016 [a755fe32-7d9a-4996-bc51-d7fbc67ab218-groupManagement] INFO  server.RaftServerConfigKeys (ConfUtils.java:logGet(46)) - raft.server.retrycache.expirytime = 600000ms (custom)
2025-05-28 15:17:17,016 [a755fe32-7d9a-4996-bc51-d7fbc67ab218-groupManagement] INFO  server.RaftServerConfigKeys (ConfUtils.java:logGet(46)) - raft.server.retrycache.statistics.expirytime = 100ms (default)
2025-05-28 15:17:17,016 [a755fe32-7d9a-4996-bc51-d7fbc67ab218-groupManagement] INFO  server.RaftServerConfigKeys (ConfUtils.java:logGet(46)) - raft.server.read.option = DEFAULT (default)
2025-05-28 15:17:17,016 [a755fe32-7d9a-4996-bc51-d7fbc67ab218-groupManagement] INFO  server.RaftServerConfigKeys (ConfUtils.java:logGet(46)) - raft.server.read.read-after-write-consistent.write-index-cache.expiry-time = 60s (default)
2025-05-28 15:17:17,016 [EventQueue-PipelineReportForOneReplicaPipelineSafeModeRule] INFO  safemode.SCMSafeModeManager (SCMSafeModeManager.java:validateSafeModeExitRules(140)) - AtleastOneDatanodeReportedRule rule is successfully validated
2025-05-28 15:17:17,021 [dacc202e-cd42-4a7a-b335-fe62dff69130-groupManagement] INFO  server.RaftServerConfigKeys (ConfUtils.java:logGet(46)) - raft.server.log.segment.size.max = 67108864 (custom)
2025-05-28 15:17:17,022 [dacc202e-cd42-4a7a-b335-fe62dff69130-groupManagement] INFO  server.RaftServerConfigKeys (ConfUtils.java:logGet(46)) - raft.server.log.segment.cache.num.max = 2 (custom)
2025-05-28 15:17:17,022 [dacc202e-cd42-4a7a-b335-fe62dff69130-groupManagement] INFO  server.RaftServerConfigKeys (ConfUtils.java:logGet(46)) - raft.server.log.segment.cache.size.max = 200MB (=209715200) (default)
2025-05-28 15:17:17,022 [dacc202e-cd42-4a7a-b335-fe62dff69130-groupManagement] INFO  server.RaftServerConfigKeys (ConfUtils.java:logGet(46)) - raft.server.log.appender.buffer.byte-limit = 33554432 (custom)
2025-05-28 15:17:17,023 [dacc202e-cd42-4a7a-b335-fe62dff69130-groupManagement] INFO  util.AwaitToRun (AwaitToRun.java:start(81)) - Thread[#921,dacc202e-cd42-4a7a-b335-fe62dff69130@group-EBC9B9187764-cacheEviction-AwaitToRun,5,main] started
2025-05-28 15:17:17,023 [dacc202e-cd42-4a7a-b335-fe62dff69130-groupManagement] INFO  segmented.SegmentedRaftLogWorker (SegmentedRaftLogWorker.java:<init>(188)) - new dacc202e-cd42-4a7a-b335-fe62dff69130@group-EBC9B9187764-SegmentedRaftLogWorker for RaftStorageImpl:Storage Directory /home/runner/work/ozone/ozone/hadoop-ozone/integration-test/target/test-dir/MiniOzoneClusterImpl-723737d7-d862-4a19-a51f-6b1567aa62b1/ozone-meta/datanode-3/ratis/597178e3-698c-4789-b47c-ebc9b9187764
2025-05-28 15:17:17,023 [dacc202e-cd42-4a7a-b335-fe62dff69130-groupManagement] INFO  server.RaftServerConfigKeys (ConfUtils.java:logGet(46)) - raft.server.log.queue.byte-limit = 4294967296 (custom)
2025-05-28 15:17:17,023 [dacc202e-cd42-4a7a-b335-fe62dff69130-groupManagement] INFO  server.RaftServerConfigKeys (ConfUtils.java:logGet(46)) - raft.server.log.queue.element-limit = 1024 (custom)
2025-05-28 15:17:17,023 [dacc202e-cd42-4a7a-b335-fe62dff69130-groupManagement] INFO  server.RaftServerConfigKeys (ConfUtils.java:logGet(46)) - raft.server.log.segment.size.max = 67108864 (custom)
2025-05-28 15:17:17,023 [dacc202e-cd42-4a7a-b335-fe62dff69130-groupManagement] INFO  server.RaftServerConfigKeys (ConfUtils.java:logGet(46)) - raft.server.log.preallocated.size = 4194304 (custom)
2025-05-28 15:17:17,023 [dacc202e-cd42-4a7a-b335-fe62dff69130-groupManagement] INFO  server.RaftServerConfigKeys (ConfUtils.java:logGet(46)) - raft.server.log.force.sync.num = 128 (default)
2025-05-28 15:17:17,023 [dacc202e-cd42-4a7a-b335-fe62dff69130-groupManagement] INFO  server.RaftServerConfigKeys (ConfUtils.java:logGet(46)) - raft.server.log.statemachine.data.sync = true (default)
2025-05-28 15:17:17,023 [dacc202e-cd42-4a7a-b335-fe62dff69130-groupManagement] INFO  server.RaftServerConfigKeys (ConfUtils.java:logGet(46)) - raft.server.log.statemachine.data.sync.timeout = 10s (default)
2025-05-28 15:17:17,023 [dacc202e-cd42-4a7a-b335-fe62dff69130-groupManagement] INFO  server.RaftServerConfigKeys (ConfUtils.java:logGet(46)) - raft.server.log.statemachine.data.sync.timeout.retry = 30 (custom)
2025-05-28 15:17:17,023 [a755fe32-7d9a-4996-bc51-d7fbc67ab218-groupManagement] INFO  server.RaftServerConfigKeys (ConfUtils.java:logGet(46)) - raft.server.rpc.request.timeout = 60s (custom)
2025-05-28 15:17:17,023 [a755fe32-7d9a-4996-bc51-d7fbc67ab218-groupManagement] INFO  server.RaftServerConfigKeys (ConfUtils.java:logGet(46)) - raft.server.log.appender.install.snapshot.enabled = false (custom)
2025-05-28 15:17:17,023 [a755fe32-7d9a-4996-bc51-d7fbc67ab218-groupManagement] INFO  server.RaftServerConfigKeys (ConfUtils.java:logGet(46)) - raft.server.threadpool.server.cached = true (default)
2025-05-28 15:17:17,023 [a755fe32-7d9a-4996-bc51-d7fbc67ab218-groupManagement] INFO  server.RaftServerConfigKeys (ConfUtils.java:logGet(46)) - raft.server.threadpool.server.size = 0 (default)
2025-05-28 15:17:17,024 [a755fe32-7d9a-4996-bc51-d7fbc67ab218-groupManagement] INFO  server.RaftServerConfigKeys (ConfUtils.java:logGet(46)) - raft.server.threadpool.client.cached = true (default)
2025-05-28 15:17:17,024 [a755fe32-7d9a-4996-bc51-d7fbc67ab218-groupManagement] INFO  server.RaftServerConfigKeys (ConfUtils.java:logGet(46)) - raft.server.threadpool.client.size = 0 (default)
2025-05-28 15:17:17,024 [a755fe32-7d9a-4996-bc51-d7fbc67ab218-groupManagement] INFO  server.RaftServerConfigKeys (ConfUtils.java:logGet(46)) - raft.server.storage.free-space.min = 0MB (=0) (default)
2025-05-28 15:17:17,024 [a755fe32-7d9a-4996-bc51-d7fbc67ab218-groupManagement] INFO  server.RaftServerConfigKeys (ConfUtils.java:logGet(46)) - raft.server.log.corruption.policy = EXCEPTION (default)
2025-05-28 15:17:17,024 [dacc202e-cd42-4a7a-b335-fe62dff69130-groupManagement] INFO  server.RaftServerConfigKeys (ConfUtils.java:logGet(46)) - raft.server.log.write.buffer.size = 33554440 (custom)
2025-05-28 15:17:17,024 [a755fe32-7d9a-4996-bc51-d7fbc67ab218-groupManagement] INFO  server.RaftServerConfigKeys (ConfUtils.java:logGet(46)) - raft.server.storage.dir = [/home/runner/work/ozone/ozone/hadoop-ozone/integration-test/target/test-dir/MiniOzoneClusterImpl-723737d7-d862-4a19-a51f-6b1567aa62b1/ozone-meta/datanode-2/ratis] (custom)
2025-05-28 15:17:17,024 [a755fe32-7d9a-4996-bc51-d7fbc67ab218-groupManagement] INFO  storage.RaftStorageDirectory (RaftStorageDirectoryImpl.java:analyzeStorage(138)) - The storage directory /home/runner/work/ozone/ozone/hadoop-ozone/integration-test/target/test-dir/MiniOzoneClusterImpl-723737d7-d862-4a19-a51f-6b1567aa62b1/ozone-meta/datanode-2/ratis/2ff824fa-665a-4aec-aa79-a574a09b74ef does not exist. Creating ...
2025-05-28 15:17:17,026 [a755fe32-7d9a-4996-bc51-d7fbc67ab218-groupManagement] INFO  storage.RaftStorageDirectory (RaftStorageDirectoryImpl.java:tryLock(229)) - Lock on /home/runner/work/ozone/ozone/hadoop-ozone/integration-test/target/test-dir/MiniOzoneClusterImpl-723737d7-d862-4a19-a51f-6b1567aa62b1/ozone-meta/datanode-2/ratis/2ff824fa-665a-4aec-aa79-a574a09b74ef/in_use.lock acquired by nodename 72973@localhost
2025-05-28 15:17:17,028 [a755fe32-7d9a-4996-bc51-d7fbc67ab218-groupManagement] INFO  storage.RaftStorage (RaftStorageImpl.java:format(98)) - Storage directory /home/runner/work/ozone/ozone/hadoop-ozone/integration-test/target/test-dir/MiniOzoneClusterImpl-723737d7-d862-4a19-a51f-6b1567aa62b1/ozone-meta/datanode-2/ratis/2ff824fa-665a-4aec-aa79-a574a09b74ef has been successfully formatted.
2025-05-28 15:17:17,029 [a755fe32-7d9a-4996-bc51-d7fbc67ab218-groupManagement] INFO  ratis.ContainerStateMachine (ContainerStateMachine.java:initialize(339)) - a755fe32-7d9a-4996-bc51-d7fbc67ab218: initialize group-A574A09B74EF
2025-05-28 15:17:17,029 [a755fe32-7d9a-4996-bc51-d7fbc67ab218-groupManagement] INFO  ratis.ContainerStateMachine (ContainerStateMachine.java:loadSnapshot(347)) - group-A574A09B74EF: The snapshot info is null. Setting the last applied index to:(t:0, i:~)
2025-05-28 15:17:17,029 [a755fe32-7d9a-4996-bc51-d7fbc67ab218-groupManagement] INFO  server.RaftServerConfigKeys (ConfUtils.java:logGet(46)) - raft.server.log.use.memory = false (default)
2025-05-28 15:17:17,030 [a755fe32-7d9a-4996-bc51-d7fbc67ab218-groupManagement] INFO  server.RaftServerConfigKeys (ConfUtils.java:logGet(46)) - raft.server.log.purge.gap = 1000000 (custom)
2025-05-28 15:17:17,030 [a755fe32-7d9a-4996-bc51-d7fbc67ab218-groupManagement] INFO  server.RaftServerConfigKeys (ConfUtils.java:logGet(46)) - raft.server.log.appender.buffer.byte-limit = 33554432 (custom)
2025-05-28 15:17:17,030 [a755fe32-7d9a-4996-bc51-d7fbc67ab218-groupManagement] INFO  server.RaftServerConfigKeys (ConfUtils.java:logGet(46)) - raft.server.log.statemachine.data.read.timeout = 1000ms (default)
2025-05-28 15:17:17,030 [a755fe32-7d9a-4996-bc51-d7fbc67ab218-groupManagement] INFO  server.RaftServerConfigKeys (ConfUtils.java:logGet(46)) - raft.server.log.purge.preservation.log.num = 0 (default)
2025-05-28 15:17:17,033 [a755fe32-7d9a-4996-bc51-d7fbc67ab218-groupManagement] INFO  server.RaftServerConfigKeys (ConfUtils.java:logGet(46)) - raft.server.log.segment.size.max = 67108864 (custom)
2025-05-28 15:17:17,033 [a755fe32-7d9a-4996-bc51-d7fbc67ab218-groupManagement] INFO  server.RaftServerConfigKeys (ConfUtils.java:logGet(46)) - raft.server.log.segment.cache.num.max = 2 (custom)
2025-05-28 15:17:17,034 [a755fe32-7d9a-4996-bc51-d7fbc67ab218-groupManagement] INFO  server.RaftServerConfigKeys (ConfUtils.java:logGet(46)) - raft.server.log.segment.cache.size.max = 200MB (=209715200) (default)
2025-05-28 15:17:17,034 [dacc202e-cd42-4a7a-b335-fe62dff69130-groupManagement] INFO  server.RaftServerConfigKeys (ConfUtils.java:logGet(46)) - raft.server.log.appender.buffer.byte-limit = 33554432 (custom)
2025-05-28 15:17:17,034 [EventQueue-PipelineReportForOneReplicaPipelineSafeModeRule] INFO  safemode.SCMSafeModeManager (SCMSafeModeManager.java:validateSafeModeExitRules(140)) - AtleastOneDatanodeReportedRule rule is successfully validated
2025-05-28 15:17:17,035 [a755fe32-7d9a-4996-bc51-d7fbc67ab218-groupManagement] INFO  server.RaftServerConfigKeys (ConfUtils.java:logGet(46)) - raft.server.log.appender.buffer.byte-limit = 33554432 (custom)
2025-05-28 15:17:17,035 [dacc202e-cd42-4a7a-b335-fe62dff69130-groupManagement] INFO  server.RaftServerConfigKeys (ConfUtils.java:logGet(46)) - raft.server.log.unsafe-flush.enabled = false (default)
2025-05-28 15:17:17,035 [dacc202e-cd42-4a7a-b335-fe62dff69130-groupManagement] INFO  server.RaftServerConfigKeys (ConfUtils.java:logGet(46)) - raft.server.log.async-flush.enabled = false (default)
2025-05-28 15:17:17,035 [dacc202e-cd42-4a7a-b335-fe62dff69130-groupManagement] INFO  server.RaftServerConfigKeys (ConfUtils.java:logGet(46)) - raft.server.log.statemachine.data.caching.enabled = true (custom)
2025-05-28 15:17:17,035 [dacc202e-cd42-4a7a-b335-fe62dff69130-groupManagement] INFO  segmented.SegmentedRaftLogWorker (SegmentedRaftLogWorker.java:lambda$new$0(139)) - dacc202e-cd42-4a7a-b335-fe62dff69130@group-EBC9B9187764-SegmentedRaftLogWorker: flushIndex: setUnconditionally 0 -> -1
2025-05-28 15:17:17,035 [dacc202e-cd42-4a7a-b335-fe62dff69130-groupManagement] INFO  segmented.SegmentedRaftLogWorker (SegmentedRaftLogWorker.java:lambda$new$0(139)) - dacc202e-cd42-4a7a-b335-fe62dff69130@group-EBC9B9187764-SegmentedRaftLogWorker: safeCacheEvictIndex: setUnconditionally 0 -> -1
2025-05-28 15:17:17,036 [a755fe32-7d9a-4996-bc51-d7fbc67ab218-groupManagement] INFO  util.AwaitToRun (AwaitToRun.java:start(81)) - Thread[#922,a755fe32-7d9a-4996-bc51-d7fbc67ab218@group-A574A09B74EF-cacheEviction-AwaitToRun,5,main] started
2025-05-28 15:17:17,037 [a755fe32-7d9a-4996-bc51-d7fbc67ab218-groupManagement] INFO  segmented.SegmentedRaftLogWorker (SegmentedRaftLogWorker.java:<init>(188)) - new a755fe32-7d9a-4996-bc51-d7fbc67ab218@group-A574A09B74EF-SegmentedRaftLogWorker for RaftStorageImpl:Storage Directory /home/runner/work/ozone/ozone/hadoop-ozone/integration-test/target/test-dir/MiniOzoneClusterImpl-723737d7-d862-4a19-a51f-6b1567aa62b1/ozone-meta/datanode-2/ratis/2ff824fa-665a-4aec-aa79-a574a09b74ef
2025-05-28 15:17:17,037 [a755fe32-7d9a-4996-bc51-d7fbc67ab218-groupManagement] INFO  server.RaftServerConfigKeys (ConfUtils.java:logGet(46)) - raft.server.log.queue.byte-limit = 4294967296 (custom)
2025-05-28 15:17:17,037 [a755fe32-7d9a-4996-bc51-d7fbc67ab218-groupManagement] INFO  server.RaftServerConfigKeys (ConfUtils.java:logGet(46)) - raft.server.log.queue.element-limit = 1024 (custom)
2025-05-28 15:17:17,037 [a755fe32-7d9a-4996-bc51-d7fbc67ab218-groupManagement] INFO  server.RaftServerConfigKeys (ConfUtils.java:logGet(46)) - raft.server.log.segment.size.max = 67108864 (custom)
2025-05-28 15:17:17,037 [a755fe32-7d9a-4996-bc51-d7fbc67ab218-groupManagement] INFO  server.RaftServerConfigKeys (ConfUtils.java:logGet(46)) - raft.server.log.preallocated.size = 4194304 (custom)
2025-05-28 15:17:17,037 [dacc202e-cd42-4a7a-b335-fe62dff69130-groupManagement] INFO  server.RaftServer$Division (RaftServerImpl.java:start(391)) - dacc202e-cd42-4a7a-b335-fe62dff69130@group-EBC9B9187764: start as a follower, conf=conf: {index: -1, cur=peers:[4795f679-20b5-4d5a-9a13-c70766a2a14f|127.0.0.1:15015, a755fe32-7d9a-4996-bc51-d7fbc67ab218|127.0.0.1:15023, dacc202e-cd42-4a7a-b335-fe62dff69130|127.0.0.1:15031]|listeners:[], old=null}
2025-05-28 15:17:17,037 [dacc202e-cd42-4a7a-b335-fe62dff69130-groupManagement] INFO  server.RaftServer$Division (RaftServerImpl.java:setRole(378)) - dacc202e-cd42-4a7a-b335-fe62dff69130@group-EBC9B9187764: changes role from      null to FOLLOWER at term 0 for startAsFollower
2025-05-28 15:17:17,037 [dacc202e-cd42-4a7a-b335-fe62dff69130-groupManagement] INFO  impl.RoleInfo (RoleInfo.java:updateAndGet(148)) - dacc202e-cd42-4a7a-b335-fe62dff69130: start dacc202e-cd42-4a7a-b335-fe62dff69130@group-EBC9B9187764-FollowerState
2025-05-28 15:17:17,037 [a755fe32-7d9a-4996-bc51-d7fbc67ab218-groupManagement] INFO  server.RaftServerConfigKeys (ConfUtils.java:logGet(46)) - raft.server.log.force.sync.num = 128 (default)
2025-05-28 15:17:17,038 [a755fe32-7d9a-4996-bc51-d7fbc67ab218-groupManagement] INFO  server.RaftServerConfigKeys (ConfUtils.java:logGet(46)) - raft.server.log.statemachine.data.sync = true (default)
2025-05-28 15:17:17,038 [a755fe32-7d9a-4996-bc51-d7fbc67ab218-groupManagement] INFO  server.RaftServerConfigKeys (ConfUtils.java:logGet(46)) - raft.server.log.statemachine.data.sync.timeout = 10s (default)
2025-05-28 15:17:17,038 [a755fe32-7d9a-4996-bc51-d7fbc67ab218-groupManagement] INFO  server.RaftServerConfigKeys (ConfUtils.java:logGet(46)) - raft.server.log.statemachine.data.sync.timeout.retry = 30 (custom)
2025-05-28 15:17:17,038 [dacc202e-cd42-4a7a-b335-fe62dff69130@group-EBC9B9187764-FollowerState] INFO  server.RaftServerConfigKeys (ConfUtils.java:logGet(46)) - raft.server.rpc.first-election.timeout.min = 1000ms (custom)
2025-05-28 15:17:17,039 [dacc202e-cd42-4a7a-b335-fe62dff69130@group-EBC9B9187764-FollowerState] INFO  server.RaftServerConfigKeys (ConfUtils.java:logGet(46)) - raft.server.rpc.first-election.timeout.max = 1200ms (custom)
2025-05-28 15:17:17,039 [a755fe32-7d9a-4996-bc51-d7fbc67ab218-groupManagement] INFO  server.RaftServerConfigKeys (ConfUtils.java:logGet(46)) - raft.server.log.write.buffer.size = 33554440 (custom)
2025-05-28 15:17:17,039 [dacc202e-cd42-4a7a-b335-fe62dff69130-groupManagement] INFO  util.JmxRegister (JmxRegister.java:tryRegister(44)) - Successfully registered JMX Bean with object name Ratis:service=RaftServer,group=group-EBC9B9187764,id=dacc202e-cd42-4a7a-b335-fe62dff69130
2025-05-28 15:17:17,039 [dacc202e-cd42-4a7a-b335-fe62dff69130-groupManagement] INFO  util.JmxRegister (JmxRegister.java:register(58)) - register mxBean class org.apache.ratis.server.impl.RaftServerJmxAdapter as Ratis:service=RaftServer,group=group-EBC9B9187764,id=dacc202e-cd42-4a7a-b335-fe62dff69130
2025-05-28 15:17:17,039 [dacc202e-cd42-4a7a-b335-fe62dff69130-groupManagement] INFO  server.RaftServerConfigKeys (ConfUtils.java:logGet(46)) - raft.server.snapshot.trigger-when-stop.enabled = true (default)
2025-05-28 15:17:17,039 [dacc202e-cd42-4a7a-b335-fe62dff69130-groupManagement] INFO  server.RaftServerConfigKeys (ConfUtils.java:logGet(46)) - raft.server.snapshot.trigger-when-remove.enabled = true (default)
2025-05-28 15:17:17,039 [dacc202e-cd42-4a7a-b335-fe62dff69130-groupManagement] INFO  server.RaftServerConfigKeys (ConfUtils.java:logGet(46)) - raft.server.snapshot.auto.trigger.enabled = true (custom)
2025-05-28 15:17:17,039 [dacc202e-cd42-4a7a-b335-fe62dff69130-groupManagement] INFO  server.RaftServerConfigKeys (ConfUtils.java:logGet(46)) - raft.server.snapshot.auto.trigger.threshold = 100000 (custom)
2025-05-28 15:17:17,039 [dacc202e-cd42-4a7a-b335-fe62dff69130-groupManagement] INFO  server.RaftServerConfigKeys (ConfUtils.java:logGet(46)) - raft.server.snapshot.retention.file.num = 5 (custom)
2025-05-28 15:17:17,039 [dacc202e-cd42-4a7a-b335-fe62dff69130-groupManagement] INFO  server.RaftServerConfigKeys (ConfUtils.java:logGet(46)) - raft.server.log.purge.upto.snapshot.index = false (default)
2025-05-28 15:17:17,041 [dacc202e-cd42-4a7a-b335-fe62dff69130-groupManagement] INFO  server.RaftServer$Division (RaftServerImpl.java:start(405)) - dacc202e-cd42-4a7a-b335-fe62dff69130@group-EBC9B9187764: Successfully started.
2025-05-28 15:17:17,045 [a755fe32-7d9a-4996-bc51-d7fbc67ab218-groupManagement] INFO  server.RaftServerConfigKeys (ConfUtils.java:logGet(46)) - raft.server.log.appender.buffer.byte-limit = 33554432 (custom)
2025-05-28 15:17:17,045 [a755fe32-7d9a-4996-bc51-d7fbc67ab218-groupManagement] INFO  server.RaftServerConfigKeys (ConfUtils.java:logGet(46)) - raft.server.log.unsafe-flush.enabled = false (default)
2025-05-28 15:17:17,045 [a755fe32-7d9a-4996-bc51-d7fbc67ab218-groupManagement] INFO  server.RaftServerConfigKeys (ConfUtils.java:logGet(46)) - raft.server.log.async-flush.enabled = false (default)
2025-05-28 15:17:17,045 [a755fe32-7d9a-4996-bc51-d7fbc67ab218-groupManagement] INFO  server.RaftServerConfigKeys (ConfUtils.java:logGet(46)) - raft.server.log.statemachine.data.caching.enabled = true (custom)
2025-05-28 15:17:17,046 [a755fe32-7d9a-4996-bc51-d7fbc67ab218-groupManagement] INFO  segmented.SegmentedRaftLogWorker (SegmentedRaftLogWorker.java:lambda$new$0(139)) - a755fe32-7d9a-4996-bc51-d7fbc67ab218@group-A574A09B74EF-SegmentedRaftLogWorker: flushIndex: setUnconditionally 0 -> -1
2025-05-28 15:17:17,046 [a755fe32-7d9a-4996-bc51-d7fbc67ab218-groupManagement] INFO  segmented.SegmentedRaftLogWorker (SegmentedRaftLogWorker.java:lambda$new$0(139)) - a755fe32-7d9a-4996-bc51-d7fbc67ab218@group-A574A09B74EF-SegmentedRaftLogWorker: safeCacheEvictIndex: setUnconditionally 0 -> -1
2025-05-28 15:17:17,048 [a755fe32-7d9a-4996-bc51-d7fbc67ab218-groupManagement] INFO  server.RaftServer$Division (RaftServerImpl.java:start(391)) - a755fe32-7d9a-4996-bc51-d7fbc67ab218@group-A574A09B74EF: start as a follower, conf=conf: {index: -1, cur=peers:[4795f679-20b5-4d5a-9a13-c70766a2a14f|127.0.0.1:15015, a755fe32-7d9a-4996-bc51-d7fbc67ab218|127.0.0.1:15023, dacc202e-cd42-4a7a-b335-fe62dff69130|127.0.0.1:15031]|listeners:[], old=null}
2025-05-28 15:17:17,048 [a755fe32-7d9a-4996-bc51-d7fbc67ab218-groupManagement] INFO  server.RaftServer$Division (RaftServerImpl.java:setRole(378)) - a755fe32-7d9a-4996-bc51-d7fbc67ab218@group-A574A09B74EF: changes role from      null to FOLLOWER at term 0 for startAsFollower
2025-05-28 15:17:17,048 [a755fe32-7d9a-4996-bc51-d7fbc67ab218-groupManagement] INFO  impl.RoleInfo (RoleInfo.java:updateAndGet(148)) - a755fe32-7d9a-4996-bc51-d7fbc67ab218: start a755fe32-7d9a-4996-bc51-d7fbc67ab218@group-A574A09B74EF-FollowerState
2025-05-28 15:17:17,049 [a755fe32-7d9a-4996-bc51-d7fbc67ab218@group-A574A09B74EF-FollowerState] INFO  server.RaftServerConfigKeys (ConfUtils.java:logGet(46)) - raft.server.rpc.first-election.timeout.min = 1000ms (custom)
2025-05-28 15:17:17,049 [a755fe32-7d9a-4996-bc51-d7fbc67ab218@group-A574A09B74EF-FollowerState] INFO  server.RaftServerConfigKeys (ConfUtils.java:logGet(46)) - raft.server.rpc.first-election.timeout.max = 1200ms (custom)
2025-05-28 15:17:17,049 [a755fe32-7d9a-4996-bc51-d7fbc67ab218-groupManagement] INFO  util.JmxRegister (JmxRegister.java:tryRegister(44)) - Successfully registered JMX Bean with object name Ratis:service=RaftServer,group=group-A574A09B74EF,id=a755fe32-7d9a-4996-bc51-d7fbc67ab218
2025-05-28 15:17:17,049 [a755fe32-7d9a-4996-bc51-d7fbc67ab218-groupManagement] INFO  util.JmxRegister (JmxRegister.java:register(58)) - register mxBean class org.apache.ratis.server.impl.RaftServerJmxAdapter as Ratis:service=RaftServer,group=group-A574A09B74EF,id=a755fe32-7d9a-4996-bc51-d7fbc67ab218
2025-05-28 15:17:17,049 [a755fe32-7d9a-4996-bc51-d7fbc67ab218-groupManagement] INFO  server.RaftServerConfigKeys (ConfUtils.java:logGet(46)) - raft.server.snapshot.trigger-when-stop.enabled = true (default)
2025-05-28 15:17:17,049 [a755fe32-7d9a-4996-bc51-d7fbc67ab218-groupManagement] INFO  server.RaftServerConfigKeys (ConfUtils.java:logGet(46)) - raft.server.snapshot.trigger-when-remove.enabled = true (default)
2025-05-28 15:17:17,049 [a755fe32-7d9a-4996-bc51-d7fbc67ab218-groupManagement] INFO  server.RaftServerConfigKeys (ConfUtils.java:logGet(46)) - raft.server.snapshot.auto.trigger.enabled = true (custom)
2025-05-28 15:17:17,049 [a755fe32-7d9a-4996-bc51-d7fbc67ab218-groupManagement] INFO  server.RaftServerConfigKeys (ConfUtils.java:logGet(46)) - raft.server.snapshot.auto.trigger.threshold = 100000 (custom)
2025-05-28 15:17:17,050 [a755fe32-7d9a-4996-bc51-d7fbc67ab218-groupManagement] INFO  server.RaftServerConfigKeys (ConfUtils.java:logGet(46)) - raft.server.snapshot.retention.file.num = 5 (custom)
2025-05-28 15:17:17,050 [a755fe32-7d9a-4996-bc51-d7fbc67ab218-groupManagement] INFO  server.RaftServerConfigKeys (ConfUtils.java:logGet(46)) - raft.server.log.purge.upto.snapshot.index = false (default)
2025-05-28 15:17:17,050 [4795f679-20b5-4d5a-9a13-c70766a2a14f-PipelineCommandHandlerThread-0] INFO  commandhandler.CreatePipelineCommandHandler (CreatePipelineCommandHandler.java:lambda$handle$2(127)) - Created Pipeline RATIS THREE Pipeline-597178e3-698c-4789-b47c-ebc9b9187764.
2025-05-28 15:17:17,051 [4795f679-20b5-4d5a-9a13-c70766a2a14f-PipelineCommandHandlerThread-0] INFO  server.RaftServer (RaftServerProxy.java:addNew(100)) - 4795f679-20b5-4d5a-9a13-c70766a2a14f: addNew group-A574A09B74EF:[4795f679-20b5-4d5a-9a13-c70766a2a14f|127.0.0.1:15015, a755fe32-7d9a-4996-bc51-d7fbc67ab218|127.0.0.1:15023, dacc202e-cd42-4a7a-b335-fe62dff69130|127.0.0.1:15031] returns group-A574A09B74EF:java.util.concurrent.CompletableFuture@4ffb1baa[Not completed]
2025-05-28 15:17:17,051 [a755fe32-7d9a-4996-bc51-d7fbc67ab218-groupManagement] INFO  server.RaftServer$Division (RaftServerImpl.java:start(405)) - a755fe32-7d9a-4996-bc51-d7fbc67ab218@group-A574A09B74EF: Successfully started.
2025-05-28 15:17:17,054 [a755fe32-7d9a-4996-bc51-d7fbc67ab218-PipelineCommandHandlerThread-0] INFO  ratis.XceiverServerRatis (XceiverServerRatis.java:addGroup(843)) - Created group Pipeline-2ff824fa-665a-4aec-aa79-a574a09b74ef
2025-05-28 15:17:17,054 [4795f679-20b5-4d5a-9a13-c70766a2a14f-groupManagement] WARN  statemachine.DatanodeConfiguration (DatanodeConfiguration.java:validateMinFreeSpace(689)) - hdds.datanode.volume.min.free.space.percent = -1.0 is invalid, should be between 0 and 1
2025-05-28 15:17:17,054 [4795f679-20b5-4d5a-9a13-c70766a2a14f-groupManagement] INFO  server.RaftServer$Division (RaftServerImpl.java:<init>(255)) - 4795f679-20b5-4d5a-9a13-c70766a2a14f: new RaftServerImpl for group-A574A09B74EF:[4795f679-20b5-4d5a-9a13-c70766a2a14f|127.0.0.1:15015, a755fe32-7d9a-4996-bc51-d7fbc67ab218|127.0.0.1:15023, dacc202e-cd42-4a7a-b335-fe62dff69130|127.0.0.1:15031] with ContainerStateMachine:uninitialized
2025-05-28 15:17:17,054 [4795f679-20b5-4d5a-9a13-c70766a2a14f-groupManagement] INFO  server.RaftServerConfigKeys (ConfUtils.java:logGet(46)) - raft.server.rpc.timeout.min = 5s (custom)
2025-05-28 15:17:17,054 [4795f679-20b5-4d5a-9a13-c70766a2a14f-groupManagement] INFO  server.RaftServerConfigKeys (ConfUtils.java:logGet(46)) - raft.server.rpc.timeout.max = 5200ms (custom)
2025-05-28 15:17:17,054 [4795f679-20b5-4d5a-9a13-c70766a2a14f-groupManagement] INFO  server.RaftServerConfigKeys (ConfUtils.java:logGet(46)) - raft.server.rpc.sleep.time = 25ms (default)
2025-05-28 15:17:17,054 [4795f679-20b5-4d5a-9a13-c70766a2a14f-groupManagement] INFO  server.RaftServerConfigKeys (ConfUtils.java:logGet(46)) - raft.server.rpc.slowness.timeout = 300s (custom)
2025-05-28 15:17:17,054 [4795f679-20b5-4d5a-9a13-c70766a2a14f-groupManagement] INFO  server.RaftServerConfigKeys (ConfUtils.java:logGet(46)) - raft.server.leaderelection.leader.step-down.wait-time = 10s (default)
2025-05-28 15:17:17,054 [4795f679-20b5-4d5a-9a13-c70766a2a14f-groupManagement] INFO  server.RaftServerConfigKeys (ConfUtils.java:logGet(46)) - raft.server.leaderelection.member.majority-add = false (default)
2025-05-28 15:17:17,054 [4795f679-20b5-4d5a-9a13-c70766a2a14f-groupManagement] INFO  server.RaftServerConfigKeys (ConfUtils.java:logGet(46)) - raft.server.sleep.deviation.threshold = 300ms (default)
2025-05-28 15:17:17,054 [4795f679-20b5-4d5a-9a13-c70766a2a14f-groupManagement] INFO  server.RaftServer$Division (ServerState.java:<init>(114)) - 4795f679-20b5-4d5a-9a13-c70766a2a14f@group-A574A09B74EF: ConfigurationManager, init=conf: {index: -1, cur=peers:[4795f679-20b5-4d5a-9a13-c70766a2a14f|127.0.0.1:15015, a755fe32-7d9a-4996-bc51-d7fbc67ab218|127.0.0.1:15023, dacc202e-cd42-4a7a-b335-fe62dff69130|127.0.0.1:15031]|listeners:[], old=null}, confs=<EMPTY_MAP>
2025-05-28 15:17:17,054 [4795f679-20b5-4d5a-9a13-c70766a2a14f-groupManagement] INFO  server.RaftServerConfigKeys (ConfUtils.java:logGet(46)) - raft.server.notification.no-leader.timeout = 300s (custom)
2025-05-28 15:17:17,054 [4795f679-20b5-4d5a-9a13-c70766a2a14f-groupManagement] INFO  server.RaftServerConfigKeys (ConfUtils.java:logGet(46)) - raft.server.read.timeout = 10s (default)
2025-05-28 15:17:17,054 [4795f679-20b5-4d5a-9a13-c70766a2a14f-groupManagement] INFO  server.RaftServerConfigKeys (ConfUtils.java:logGet(46)) - raft.server.retrycache.expirytime = 600000ms (custom)
2025-05-28 15:17:17,055 [4795f679-20b5-4d5a-9a13-c70766a2a14f-groupManagement] INFO  server.RaftServerConfigKeys (ConfUtils.java:logGet(46)) - raft.server.retrycache.statistics.expirytime = 100ms (default)
2025-05-28 15:17:17,055 [4795f679-20b5-4d5a-9a13-c70766a2a14f-groupManagement] INFO  server.RaftServerConfigKeys (ConfUtils.java:logGet(46)) - raft.server.read.option = DEFAULT (default)
2025-05-28 15:17:17,055 [4795f679-20b5-4d5a-9a13-c70766a2a14f-groupManagement] INFO  server.RaftServerConfigKeys (ConfUtils.java:logGet(46)) - raft.server.read.read-after-write-consistent.write-index-cache.expiry-time = 60s (default)
2025-05-28 15:17:17,057 [dacc202e-cd42-4a7a-b335-fe62dff69130-PipelineCommandHandlerThread-0] INFO  server.RaftServer (RaftServerProxy.java:addNew(100)) - dacc202e-cd42-4a7a-b335-fe62dff69130: addNew group-F8F976EC3E9D:[dacc202e-cd42-4a7a-b335-fe62dff69130|127.0.0.1:15031] returns group-F8F976EC3E9D:java.util.concurrent.CompletableFuture@3efb9c46[Not completed]
2025-05-28 15:17:17,059 [4795f679-20b5-4d5a-9a13-c70766a2a14f-groupManagement] INFO  server.RaftServerConfigKeys (ConfUtils.java:logGet(46)) - raft.server.rpc.request.timeout = 60s (custom)
2025-05-28 15:17:17,060 [4795f679-20b5-4d5a-9a13-c70766a2a14f-groupManagement] INFO  server.RaftServerConfigKeys (ConfUtils.java:logGet(46)) - raft.server.log.appender.install.snapshot.enabled = false (custom)
2025-05-28 15:17:17,060 [4795f679-20b5-4d5a-9a13-c70766a2a14f-groupManagement] INFO  server.RaftServerConfigKeys (ConfUtils.java:logGet(46)) - raft.server.threadpool.server.cached = true (default)
2025-05-28 15:17:17,061 [4795f679-20b5-4d5a-9a13-c70766a2a14f-groupManagement] INFO  server.RaftServerConfigKeys (ConfUtils.java:logGet(46)) - raft.server.threadpool.server.size = 0 (default)
2025-05-28 15:17:17,061 [4795f679-20b5-4d5a-9a13-c70766a2a14f-groupManagement] INFO  server.RaftServerConfigKeys (ConfUtils.java:logGet(46)) - raft.server.threadpool.client.cached = true (default)
2025-05-28 15:17:17,062 [4795f679-20b5-4d5a-9a13-c70766a2a14f-groupManagement] INFO  server.RaftServerConfigKeys (ConfUtils.java:logGet(46)) - raft.server.threadpool.client.size = 0 (default)
2025-05-28 15:17:17,062 [4795f679-20b5-4d5a-9a13-c70766a2a14f-groupManagement] INFO  server.RaftServerConfigKeys (ConfUtils.java:logGet(46)) - raft.server.storage.free-space.min = 0MB (=0) (default)
2025-05-28 15:17:17,062 [4795f679-20b5-4d5a-9a13-c70766a2a14f-groupManagement] INFO  server.RaftServerConfigKeys (ConfUtils.java:logGet(46)) - raft.server.log.corruption.policy = EXCEPTION (default)
2025-05-28 15:17:17,062 [4795f679-20b5-4d5a-9a13-c70766a2a14f-groupManagement] INFO  server.RaftServerConfigKeys (ConfUtils.java:logGet(46)) - raft.server.storage.dir = [/home/runner/work/ozone/ozone/hadoop-ozone/integration-test/target/test-dir/MiniOzoneClusterImpl-723737d7-d862-4a19-a51f-6b1567aa62b1/ozone-meta/datanode-1/ratis] (custom)
2025-05-28 15:17:17,062 [4795f679-20b5-4d5a-9a13-c70766a2a14f-groupManagement] INFO  storage.RaftStorageDirectory (RaftStorageDirectoryImpl.java:analyzeStorage(138)) - The storage directory /home/runner/work/ozone/ozone/hadoop-ozone/integration-test/target/test-dir/MiniOzoneClusterImpl-723737d7-d862-4a19-a51f-6b1567aa62b1/ozone-meta/datanode-1/ratis/2ff824fa-665a-4aec-aa79-a574a09b74ef does not exist. Creating ...
2025-05-28 15:17:17,063 [dacc202e-cd42-4a7a-b335-fe62dff69130-groupManagement] WARN  statemachine.DatanodeConfiguration (DatanodeConfiguration.java:validateMinFreeSpace(689)) - hdds.datanode.volume.min.free.space.percent = -1.0 is invalid, should be between 0 and 1
2025-05-28 15:17:17,063 [dacc202e-cd42-4a7a-b335-fe62dff69130-groupManagement] INFO  server.RaftServer$Division (RaftServerImpl.java:<init>(255)) - dacc202e-cd42-4a7a-b335-fe62dff69130: new RaftServerImpl for group-F8F976EC3E9D:[dacc202e-cd42-4a7a-b335-fe62dff69130|127.0.0.1:15031] with ContainerStateMachine:uninitialized
2025-05-28 15:17:17,065 [4795f679-20b5-4d5a-9a13-c70766a2a14f-groupManagement] INFO  storage.RaftStorageDirectory (RaftStorageDirectoryImpl.java:tryLock(229)) - Lock on /home/runner/work/ozone/ozone/hadoop-ozone/integration-test/target/test-dir/MiniOzoneClusterImpl-723737d7-d862-4a19-a51f-6b1567aa62b1/ozone-meta/datanode-1/ratis/2ff824fa-665a-4aec-aa79-a574a09b74ef/in_use.lock acquired by nodename 72973@localhost
2025-05-28 15:17:17,066 [dacc202e-cd42-4a7a-b335-fe62dff69130-groupManagement] INFO  server.RaftServerConfigKeys (ConfUtils.java:logGet(46)) - raft.server.rpc.timeout.min = 5s (custom)
2025-05-28 15:17:17,066 [dacc202e-cd42-4a7a-b335-fe62dff69130-groupManagement] INFO  server.RaftServerConfigKeys (ConfUtils.java:logGet(46)) - raft.server.rpc.timeout.max = 5200ms (custom)
2025-05-28 15:17:17,066 [dacc202e-cd42-4a7a-b335-fe62dff69130-groupManagement] INFO  server.RaftServerConfigKeys (ConfUtils.java:logGet(46)) - raft.server.rpc.sleep.time = 25ms (default)
2025-05-28 15:17:17,066 [dacc202e-cd42-4a7a-b335-fe62dff69130-groupManagement] INFO  server.RaftServerConfigKeys (ConfUtils.java:logGet(46)) - raft.server.rpc.slowness.timeout = 300s (custom)
2025-05-28 15:17:17,066 [dacc202e-cd42-4a7a-b335-fe62dff69130-groupManagement] INFO  server.RaftServerConfigKeys (ConfUtils.java:logGet(46)) - raft.server.leaderelection.leader.step-down.wait-time = 10s (default)
2025-05-28 15:17:17,066 [dacc202e-cd42-4a7a-b335-fe62dff69130-groupManagement] INFO  server.RaftServerConfigKeys (ConfUtils.java:logGet(46)) - raft.server.leaderelection.member.majority-add = false (default)
2025-05-28 15:17:17,066 [dacc202e-cd42-4a7a-b335-fe62dff69130-groupManagement] INFO  server.RaftServerConfigKeys (ConfUtils.java:logGet(46)) - raft.server.sleep.deviation.threshold = 300ms (default)
2025-05-28 15:17:17,066 [dacc202e-cd42-4a7a-b335-fe62dff69130-groupManagement] INFO  server.RaftServer$Division (ServerState.java:<init>(114)) - dacc202e-cd42-4a7a-b335-fe62dff69130@group-F8F976EC3E9D: ConfigurationManager, init=conf: {index: -1, cur=peers:[dacc202e-cd42-4a7a-b335-fe62dff69130|127.0.0.1:15031]|listeners:[], old=null}, confs=<EMPTY_MAP>
2025-05-28 15:17:17,067 [dacc202e-cd42-4a7a-b335-fe62dff69130-groupManagement] INFO  server.RaftServerConfigKeys (ConfUtils.java:logGet(46)) - raft.server.notification.no-leader.timeout = 300s (custom)
2025-05-28 15:17:17,067 [dacc202e-cd42-4a7a-b335-fe62dff69130-groupManagement] INFO  server.RaftServerConfigKeys (ConfUtils.java:logGet(46)) - raft.server.read.timeout = 10s (default)
2025-05-28 15:17:17,067 [dacc202e-cd42-4a7a-b335-fe62dff69130-groupManagement] INFO  server.RaftServerConfigKeys (ConfUtils.java:logGet(46)) - raft.server.retrycache.expirytime = 600000ms (custom)
2025-05-28 15:17:17,067 [dacc202e-cd42-4a7a-b335-fe62dff69130-groupManagement] INFO  server.RaftServerConfigKeys (ConfUtils.java:logGet(46)) - raft.server.retrycache.statistics.expirytime = 100ms (default)
2025-05-28 15:17:17,067 [dacc202e-cd42-4a7a-b335-fe62dff69130-groupManagement] INFO  server.RaftServerConfigKeys (ConfUtils.java:logGet(46)) - raft.server.read.option = DEFAULT (default)
2025-05-28 15:17:17,067 [dacc202e-cd42-4a7a-b335-fe62dff69130-groupManagement] INFO  server.RaftServerConfigKeys (ConfUtils.java:logGet(46)) - raft.server.read.read-after-write-consistent.write-index-cache.expiry-time = 60s (default)
2025-05-28 15:17:17,067 [4795f679-20b5-4d5a-9a13-c70766a2a14f-groupManagement] INFO  storage.RaftStorage (RaftStorageImpl.java:format(98)) - Storage directory /home/runner/work/ozone/ozone/hadoop-ozone/integration-test/target/test-dir/MiniOzoneClusterImpl-723737d7-d862-4a19-a51f-6b1567aa62b1/ozone-meta/datanode-1/ratis/2ff824fa-665a-4aec-aa79-a574a09b74ef has been successfully formatted.
2025-05-28 15:17:17,070 [4795f679-20b5-4d5a-9a13-c70766a2a14f-groupManagement] INFO  ratis.ContainerStateMachine (ContainerStateMachine.java:initialize(339)) - 4795f679-20b5-4d5a-9a13-c70766a2a14f: initialize group-A574A09B74EF
2025-05-28 15:17:17,070 [4795f679-20b5-4d5a-9a13-c70766a2a14f-groupManagement] INFO  ratis.ContainerStateMachine (ContainerStateMachine.java:loadSnapshot(347)) - group-A574A09B74EF: The snapshot info is null. Setting the last applied index to:(t:0, i:~)
2025-05-28 15:17:17,070 [4795f679-20b5-4d5a-9a13-c70766a2a14f-groupManagement] INFO  server.RaftServerConfigKeys (ConfUtils.java:logGet(46)) - raft.server.log.use.memory = false (default)
2025-05-28 15:17:17,071 [4795f679-20b5-4d5a-9a13-c70766a2a14f-groupManagement] INFO  server.RaftServerConfigKeys (ConfUtils.java:logGet(46)) - raft.server.log.purge.gap = 1000000 (custom)
2025-05-28 15:17:17,072 [4795f679-20b5-4d5a-9a13-c70766a2a14f-groupManagement] INFO  server.RaftServerConfigKeys (ConfUtils.java:logGet(46)) - raft.server.log.appender.buffer.byte-limit = 33554432 (custom)
2025-05-28 15:17:17,072 [4795f679-20b5-4d5a-9a13-c70766a2a14f-groupManagement] INFO  server.RaftServerConfigKeys (ConfUtils.java:logGet(46)) - raft.server.log.statemachine.data.read.timeout = 1000ms (default)
2025-05-28 15:17:17,072 [4795f679-20b5-4d5a-9a13-c70766a2a14f-groupManagement] INFO  server.RaftServerConfigKeys (ConfUtils.java:logGet(46)) - raft.server.log.purge.preservation.log.num = 0 (default)
2025-05-28 15:17:17,071 [dacc202e-cd42-4a7a-b335-fe62dff69130-groupManagement] INFO  server.RaftServerConfigKeys (ConfUtils.java:logGet(46)) - raft.server.rpc.request.timeout = 60s (custom)
2025-05-28 15:17:17,072 [dacc202e-cd42-4a7a-b335-fe62dff69130-groupManagement] INFO  server.RaftServerConfigKeys (ConfUtils.java:logGet(46)) - raft.server.log.appender.install.snapshot.enabled = false (custom)
2025-05-28 15:17:17,072 [dacc202e-cd42-4a7a-b335-fe62dff69130-groupManagement] INFO  server.RaftServerConfigKeys (ConfUtils.java:logGet(46)) - raft.server.threadpool.server.cached = true (default)
2025-05-28 15:17:17,072 [dacc202e-cd42-4a7a-b335-fe62dff69130-groupManagement] INFO  server.RaftServerConfigKeys (ConfUtils.java:logGet(46)) - raft.server.threadpool.server.size = 0 (default)
2025-05-28 15:17:17,072 [dacc202e-cd42-4a7a-b335-fe62dff69130-groupManagement] INFO  server.RaftServerConfigKeys (ConfUtils.java:logGet(46)) - raft.server.threadpool.client.cached = true (default)
2025-05-28 15:17:17,072 [dacc202e-cd42-4a7a-b335-fe62dff69130-groupManagement] INFO  server.RaftServerConfigKeys (ConfUtils.java:logGet(46)) - raft.server.threadpool.client.size = 0 (default)
2025-05-28 15:17:17,072 [dacc202e-cd42-4a7a-b335-fe62dff69130-groupManagement] INFO  server.RaftServerConfigKeys (ConfUtils.java:logGet(46)) - raft.server.storage.free-space.min = 0MB (=0) (default)
2025-05-28 15:17:17,072 [dacc202e-cd42-4a7a-b335-fe62dff69130-groupManagement] INFO  server.RaftServerConfigKeys (ConfUtils.java:logGet(46)) - raft.server.log.corruption.policy = EXCEPTION (default)
2025-05-28 15:17:17,073 [dacc202e-cd42-4a7a-b335-fe62dff69130-groupManagement] INFO  server.RaftServerConfigKeys (ConfUtils.java:logGet(46)) - raft.server.storage.dir = [/home/runner/work/ozone/ozone/hadoop-ozone/integration-test/target/test-dir/MiniOzoneClusterImpl-723737d7-d862-4a19-a51f-6b1567aa62b1/ozone-meta/datanode-3/ratis] (custom)
2025-05-28 15:17:17,074 [dacc202e-cd42-4a7a-b335-fe62dff69130-groupManagement] INFO  storage.RaftStorageDirectory (RaftStorageDirectoryImpl.java:analyzeStorage(138)) - The storage directory /home/runner/work/ozone/ozone/hadoop-ozone/integration-test/target/test-dir/MiniOzoneClusterImpl-723737d7-d862-4a19-a51f-6b1567aa62b1/ozone-meta/datanode-3/ratis/675c32b2-919d-4e26-8cce-f8f976ec3e9d does not exist. Creating ...
2025-05-28 15:17:17,075 [grpc-default-executor-1] INFO  server.RaftServer (RaftServerProxy.java:addNew(100)) - dacc202e-cd42-4a7a-b335-fe62dff69130: addNew group-A574A09B74EF:[4795f679-20b5-4d5a-9a13-c70766a2a14f|127.0.0.1:15015, a755fe32-7d9a-4996-bc51-d7fbc67ab218|127.0.0.1:15023, dacc202e-cd42-4a7a-b335-fe62dff69130|127.0.0.1:15031] returns group-A574A09B74EF:java.util.concurrent.CompletableFuture@2b5061eb[Not completed]
2025-05-28 15:17:17,076 [EventQueue-PipelineReportForOneReplicaPipelineSafeModeRule] INFO  safemode.SCMSafeModeManager (SCMSafeModeManager.java:validateSafeModeExitRules(140)) - AtleastOneDatanodeReportedRule rule is successfully validated
2025-05-28 15:17:17,076 [dacc202e-cd42-4a7a-b335-fe62dff69130-groupManagement] INFO  storage.RaftStorageDirectory (RaftStorageDirectoryImpl.java:tryLock(229)) - Lock on /home/runner/work/ozone/ozone/hadoop-ozone/integration-test/target/test-dir/MiniOzoneClusterImpl-723737d7-d862-4a19-a51f-6b1567aa62b1/ozone-meta/datanode-3/ratis/675c32b2-919d-4e26-8cce-f8f976ec3e9d/in_use.lock acquired by nodename 72973@localhost
2025-05-28 15:17:17,078 [4795f679-20b5-4d5a-9a13-c70766a2a14f-groupManagement] INFO  server.RaftServerConfigKeys (ConfUtils.java:logGet(46)) - raft.server.log.segment.size.max = 67108864 (custom)
2025-05-28 15:17:17,078 [dacc202e-cd42-4a7a-b335-fe62dff69130-groupManagement] INFO  storage.RaftStorage (RaftStorageImpl.java:format(98)) - Storage directory /home/runner/work/ozone/ozone/hadoop-ozone/integration-test/target/test-dir/MiniOzoneClusterImpl-723737d7-d862-4a19-a51f-6b1567aa62b1/ozone-meta/datanode-3/ratis/675c32b2-919d-4e26-8cce-f8f976ec3e9d has been successfully formatted.
2025-05-28 15:17:17,078 [4795f679-20b5-4d5a-9a13-c70766a2a14f-groupManagement] INFO  server.RaftServerConfigKeys (ConfUtils.java:logGet(46)) - raft.server.log.segment.cache.num.max = 2 (custom)
2025-05-28 15:17:17,078 [4795f679-20b5-4d5a-9a13-c70766a2a14f-groupManagement] INFO  server.RaftServerConfigKeys (ConfUtils.java:logGet(46)) - raft.server.log.segment.cache.size.max = 200MB (=209715200) (default)
2025-05-28 15:17:17,078 [4795f679-20b5-4d5a-9a13-c70766a2a14f-groupManagement] INFO  server.RaftServerConfigKeys (ConfUtils.java:logGet(46)) - raft.server.log.appender.buffer.byte-limit = 33554432 (custom)
2025-05-28 15:17:17,078 [dacc202e-cd42-4a7a-b335-fe62dff69130-groupManagement] INFO  ratis.ContainerStateMachine (ContainerStateMachine.java:initialize(339)) - dacc202e-cd42-4a7a-b335-fe62dff69130: initialize group-F8F976EC3E9D
2025-05-28 15:17:17,078 [dacc202e-cd42-4a7a-b335-fe62dff69130-groupManagement] INFO  ratis.ContainerStateMachine (ContainerStateMachine.java:loadSnapshot(347)) - group-F8F976EC3E9D: The snapshot info is null. Setting the last applied index to:(t:0, i:~)
2025-05-28 15:17:17,078 [dacc202e-cd42-4a7a-b335-fe62dff69130-groupManagement] INFO  server.RaftServerConfigKeys (ConfUtils.java:logGet(46)) - raft.server.log.use.memory = false (default)
2025-05-28 15:17:17,080 [dacc202e-cd42-4a7a-b335-fe62dff69130-groupManagement] INFO  server.RaftServerConfigKeys (ConfUtils.java:logGet(46)) - raft.server.log.purge.gap = 1000000 (custom)
2025-05-28 15:17:17,080 [dacc202e-cd42-4a7a-b335-fe62dff69130-groupManagement] INFO  server.RaftServerConfigKeys (ConfUtils.java:logGet(46)) - raft.server.log.appender.buffer.byte-limit = 33554432 (custom)
2025-05-28 15:17:17,080 [dacc202e-cd42-4a7a-b335-fe62dff69130-groupManagement] INFO  server.RaftServerConfigKeys (ConfUtils.java:logGet(46)) - raft.server.log.statemachine.data.read.timeout = 1000ms (default)
2025-05-28 15:17:17,080 [dacc202e-cd42-4a7a-b335-fe62dff69130-groupManagement] INFO  server.RaftServerConfigKeys (ConfUtils.java:logGet(46)) - raft.server.log.purge.preservation.log.num = 0 (default)
2025-05-28 15:17:17,079 [4795f679-20b5-4d5a-9a13-c70766a2a14f-groupManagement] INFO  util.AwaitToRun (AwaitToRun.java:start(81)) - Thread[#933,4795f679-20b5-4d5a-9a13-c70766a2a14f@group-A574A09B74EF-cacheEviction-AwaitToRun,5,main] started
2025-05-28 15:17:17,081 [4795f679-20b5-4d5a-9a13-c70766a2a14f-groupManagement] INFO  segmented.SegmentedRaftLogWorker (SegmentedRaftLogWorker.java:<init>(188)) - new 4795f679-20b5-4d5a-9a13-c70766a2a14f@group-A574A09B74EF-SegmentedRaftLogWorker for RaftStorageImpl:Storage Directory /home/runner/work/ozone/ozone/hadoop-ozone/integration-test/target/test-dir/MiniOzoneClusterImpl-723737d7-d862-4a19-a51f-6b1567aa62b1/ozone-meta/datanode-1/ratis/2ff824fa-665a-4aec-aa79-a574a09b74ef
2025-05-28 15:17:17,081 [4795f679-20b5-4d5a-9a13-c70766a2a14f-groupManagement] INFO  server.RaftServerConfigKeys (ConfUtils.java:logGet(46)) - raft.server.log.queue.byte-limit = 4294967296 (custom)
2025-05-28 15:17:17,080 [EventQueue-PipelineReportForOneReplicaPipelineSafeModeRule] INFO  safemode.SCMSafeModeManager (SCMSafeModeManager.java:validateSafeModeExitRules(140)) - AtleastOneDatanodeReportedRule rule is successfully validated
2025-05-28 15:17:17,081 [4795f679-20b5-4d5a-9a13-c70766a2a14f-groupManagement] INFO  server.RaftServerConfigKeys (ConfUtils.java:logGet(46)) - raft.server.log.queue.element-limit = 1024 (custom)
2025-05-28 15:17:17,081 [4795f679-20b5-4d5a-9a13-c70766a2a14f-groupManagement] INFO  server.RaftServerConfigKeys (ConfUtils.java:logGet(46)) - raft.server.log.segment.size.max = 67108864 (custom)
2025-05-28 15:17:17,081 [4795f679-20b5-4d5a-9a13-c70766a2a14f-groupManagement] INFO  server.RaftServerConfigKeys (ConfUtils.java:logGet(46)) - raft.server.log.preallocated.size = 4194304 (custom)
2025-05-28 15:17:17,081 [4795f679-20b5-4d5a-9a13-c70766a2a14f-groupManagement] INFO  server.RaftServerConfigKeys (ConfUtils.java:logGet(46)) - raft.server.log.force.sync.num = 128 (default)
2025-05-28 15:17:17,081 [4795f679-20b5-4d5a-9a13-c70766a2a14f-groupManagement] INFO  server.RaftServerConfigKeys (ConfUtils.java:logGet(46)) - raft.server.log.statemachine.data.sync = true (default)
2025-05-28 15:17:17,081 [4795f679-20b5-4d5a-9a13-c70766a2a14f-groupManagement] INFO  server.RaftServerConfigKeys (ConfUtils.java:logGet(46)) - raft.server.log.statemachine.data.sync.timeout = 10s (default)
2025-05-28 15:17:17,082 [4795f679-20b5-4d5a-9a13-c70766a2a14f-groupManagement] INFO  server.RaftServerConfigKeys (ConfUtils.java:logGet(46)) - raft.server.log.statemachine.data.sync.timeout.retry = 30 (custom)
2025-05-28 15:17:17,082 [4795f679-20b5-4d5a-9a13-c70766a2a14f-groupManagement] INFO  server.RaftServerConfigKeys (ConfUtils.java:logGet(46)) - raft.server.log.write.buffer.size = 33554440 (custom)
2025-05-28 15:17:17,084 [0cf558f4-2ca5-4c9f-a057-d7d7b755ef43@group-6B1567AA62B1-StateMachineUpdater] INFO  safemode.SCMSafeModeManager (SCMSafeModeManager.java:validateSafeModeExitRules(140)) - DataNodeSafeModeRule rule is successfully validated
2025-05-28 15:17:17,086 [0cf558f4-2ca5-4c9f-a057-d7d7b755ef43@group-6B1567AA62B1-StateMachineUpdater] INFO  safemode.SCMSafeModeManager (SCMSafeModeManager.java:validateSafeModeExitRules(140)) - RatisContainerSafeModeRule rule is successfully validated
2025-05-28 15:17:17,087 [0cf558f4-2ca5-4c9f-a057-d7d7b755ef43@group-6B1567AA62B1-StateMachineUpdater] INFO  safemode.HealthyPipelineSafeModeRule (HealthyPipelineSafeModeRule.java:initializeRule(228)) - Refreshed total pipeline count is 0, healthy pipeline threshold count is 1
2025-05-28 15:17:17,087 [0cf558f4-2ca5-4c9f-a057-d7d7b755ef43@group-6B1567AA62B1-StateMachineUpdater] INFO  safemode.SCMSafeModeManager (SCMSafeModeManager.java:validateSafeModeExitRules(140)) - ECContainerSafeModeRule rule is successfully validated
2025-05-28 15:17:17,087 [0cf558f4-2ca5-4c9f-a057-d7d7b755ef43@group-6B1567AA62B1-StateMachineUpdater] INFO  safemode.SCMSafeModeManager (SCMSafeModeManager.java:validateSafeModeExitRules(140)) - AtleastOneDatanodeReportedRule rule is successfully validated
2025-05-28 15:17:17,087 [dacc202e-cd42-4a7a-b335-fe62dff69130-groupManagement] INFO  server.RaftServerConfigKeys (ConfUtils.java:logGet(46)) - raft.server.log.segment.size.max = 67108864 (custom)
2025-05-28 15:17:17,087 [EventQueue-PipelineReportForPipelineReportHandler] INFO  pipeline.PipelineReportHandler (PipelineReportHandler.java:processPipelineReport(134)) - Opened pipeline Pipeline-675c32b2-919d-4e26-8cce-f8f976ec3e9d
2025-05-28 15:17:17,087 [dacc202e-cd42-4a7a-b335-fe62dff69130-groupManagement] INFO  server.RaftServerConfigKeys (ConfUtils.java:logGet(46)) - raft.server.log.segment.cache.num.max = 2 (custom)
2025-05-28 15:17:17,089 [dacc202e-cd42-4a7a-b335-fe62dff69130-groupManagement] INFO  server.RaftServerConfigKeys (ConfUtils.java:logGet(46)) - raft.server.log.segment.cache.size.max = 200MB (=209715200) (default)
2025-05-28 15:17:17,089 [dacc202e-cd42-4a7a-b335-fe62dff69130-groupManagement] INFO  server.RaftServerConfigKeys (ConfUtils.java:logGet(46)) - raft.server.log.appender.buffer.byte-limit = 33554432 (custom)
2025-05-28 15:17:17,089 [dacc202e-cd42-4a7a-b335-fe62dff69130-groupManagement] INFO  util.AwaitToRun (AwaitToRun.java:start(81)) - Thread[#934,dacc202e-cd42-4a7a-b335-fe62dff69130@group-F8F976EC3E9D-cacheEviction-AwaitToRun,5,main] started
2025-05-28 15:17:17,089 [dacc202e-cd42-4a7a-b335-fe62dff69130-groupManagement] INFO  segmented.SegmentedRaftLogWorker (SegmentedRaftLogWorker.java:<init>(188)) - new dacc202e-cd42-4a7a-b335-fe62dff69130@group-F8F976EC3E9D-SegmentedRaftLogWorker for RaftStorageImpl:Storage Directory /home/runner/work/ozone/ozone/hadoop-ozone/integration-test/target/test-dir/MiniOzoneClusterImpl-723737d7-d862-4a19-a51f-6b1567aa62b1/ozone-meta/datanode-3/ratis/675c32b2-919d-4e26-8cce-f8f976ec3e9d
2025-05-28 15:17:17,089 [dacc202e-cd42-4a7a-b335-fe62dff69130-groupManagement] INFO  server.RaftServerConfigKeys (ConfUtils.java:logGet(46)) - raft.server.log.queue.byte-limit = 4294967296 (custom)
2025-05-28 15:17:17,089 [dacc202e-cd42-4a7a-b335-fe62dff69130-groupManagement] INFO  server.RaftServerConfigKeys (ConfUtils.java:logGet(46)) - raft.server.log.queue.element-limit = 1024 (custom)
2025-05-28 15:17:17,089 [dacc202e-cd42-4a7a-b335-fe62dff69130-groupManagement] INFO  server.RaftServerConfigKeys (ConfUtils.java:logGet(46)) - raft.server.log.segment.size.max = 67108864 (custom)
2025-05-28 15:17:17,089 [dacc202e-cd42-4a7a-b335-fe62dff69130-groupManagement] INFO  server.RaftServerConfigKeys (ConfUtils.java:logGet(46)) - raft.server.log.preallocated.size = 4194304 (custom)
2025-05-28 15:17:17,089 [dacc202e-cd42-4a7a-b335-fe62dff69130-groupManagement] INFO  server.RaftServerConfigKeys (ConfUtils.java:logGet(46)) - raft.server.log.force.sync.num = 128 (default)
2025-05-28 15:17:17,089 [dacc202e-cd42-4a7a-b335-fe62dff69130-groupManagement] INFO  server.RaftServerConfigKeys (ConfUtils.java:logGet(46)) - raft.server.log.statemachine.data.sync = true (default)
2025-05-28 15:17:17,089 [dacc202e-cd42-4a7a-b335-fe62dff69130-groupManagement] INFO  server.RaftServerConfigKeys (ConfUtils.java:logGet(46)) - raft.server.log.statemachine.data.sync.timeout = 10s (default)
2025-05-28 15:17:17,090 [dacc202e-cd42-4a7a-b335-fe62dff69130-groupManagement] INFO  server.RaftServerConfigKeys (ConfUtils.java:logGet(46)) - raft.server.log.statemachine.data.sync.timeout.retry = 30 (custom)
2025-05-28 15:17:17,090 [dacc202e-cd42-4a7a-b335-fe62dff69130-groupManagement] INFO  server.RaftServerConfigKeys (ConfUtils.java:logGet(46)) - raft.server.log.write.buffer.size = 33554440 (custom)
2025-05-28 15:17:17,091 [4795f679-20b5-4d5a-9a13-c70766a2a14f-groupManagement] INFO  server.RaftServerConfigKeys (ConfUtils.java:logGet(46)) - raft.server.log.appender.buffer.byte-limit = 33554432 (custom)
2025-05-28 15:17:17,091 [4795f679-20b5-4d5a-9a13-c70766a2a14f-groupManagement] INFO  server.RaftServerConfigKeys (ConfUtils.java:logGet(46)) - raft.server.log.unsafe-flush.enabled = false (default)
2025-05-28 15:17:17,091 [4795f679-20b5-4d5a-9a13-c70766a2a14f-groupManagement] INFO  server.RaftServerConfigKeys (ConfUtils.java:logGet(46)) - raft.server.log.async-flush.enabled = false (default)
2025-05-28 15:17:17,092 [4795f679-20b5-4d5a-9a13-c70766a2a14f-groupManagement] INFO  server.RaftServerConfigKeys (ConfUtils.java:logGet(46)) - raft.server.log.statemachine.data.caching.enabled = true (custom)
2025-05-28 15:17:17,092 [4795f679-20b5-4d5a-9a13-c70766a2a14f-groupManagement] INFO  segmented.SegmentedRaftLogWorker (SegmentedRaftLogWorker.java:lambda$new$0(139)) - 4795f679-20b5-4d5a-9a13-c70766a2a14f@group-A574A09B74EF-SegmentedRaftLogWorker: flushIndex: setUnconditionally 0 -> -1
2025-05-28 15:17:17,092 [4795f679-20b5-4d5a-9a13-c70766a2a14f-groupManagement] INFO  segmented.SegmentedRaftLogWorker (SegmentedRaftLogWorker.java:lambda$new$0(139)) - 4795f679-20b5-4d5a-9a13-c70766a2a14f@group-A574A09B74EF-SegmentedRaftLogWorker: safeCacheEvictIndex: setUnconditionally 0 -> -1
2025-05-28 15:17:17,092 [4795f679-20b5-4d5a-9a13-c70766a2a14f-groupManagement] INFO  server.RaftServer$Division (RaftServerImpl.java:start(391)) - 4795f679-20b5-4d5a-9a13-c70766a2a14f@group-A574A09B74EF: start as a follower, conf=conf: {index: -1, cur=peers:[4795f679-20b5-4d5a-9a13-c70766a2a14f|127.0.0.1:15015, a755fe32-7d9a-4996-bc51-d7fbc67ab218|127.0.0.1:15023, dacc202e-cd42-4a7a-b335-fe62dff69130|127.0.0.1:15031]|listeners:[], old=null}
2025-05-28 15:17:17,093 [4795f679-20b5-4d5a-9a13-c70766a2a14f-groupManagement] INFO  server.RaftServer$Division (RaftServerImpl.java:setRole(378)) - 4795f679-20b5-4d5a-9a13-c70766a2a14f@group-A574A09B74EF: changes role from      null to FOLLOWER at term 0 for startAsFollower
2025-05-28 15:17:17,093 [4795f679-20b5-4d5a-9a13-c70766a2a14f-groupManagement] INFO  impl.RoleInfo (RoleInfo.java:updateAndGet(148)) - 4795f679-20b5-4d5a-9a13-c70766a2a14f: start 4795f679-20b5-4d5a-9a13-c70766a2a14f@group-A574A09B74EF-FollowerState
2025-05-28 15:17:17,093 [main] INFO  ozone.MiniOzoneClusterImpl (MiniOzoneClusterImpl.java:lambda$waitForClusterToBeReady$0(173)) - Nodes are ready. Got 5 of 5 DN Heartbeats.
2025-05-28 15:17:17,094 [main] INFO  ozone.MiniOzoneClusterImpl (MiniOzoneClusterImpl.java:lambda$waitForClusterToBeReady$0(176)) - Waiting for cluster to exit safe mode
2025-05-28 15:17:17,094 [main] INFO  ozone.MiniOzoneClusterImpl (MiniOzoneClusterImpl.java:lambda$waitForClusterToBeReady$0(178)) - SCM became leader
2025-05-28 15:17:17,093 [4795f679-20b5-4d5a-9a13-c70766a2a14f-groupManagement] INFO  util.JmxRegister (JmxRegister.java:tryRegister(44)) - Successfully registered JMX Bean with object name Ratis:service=RaftServer,group=group-A574A09B74EF,id=4795f679-20b5-4d5a-9a13-c70766a2a14f
2025-05-28 15:17:17,093 [4795f679-20b5-4d5a-9a13-c70766a2a14f@group-A574A09B74EF-FollowerState] INFO  server.RaftServerConfigKeys (ConfUtils.java:logGet(46)) - raft.server.rpc.first-election.timeout.min = 1000ms (custom)
2025-05-28 15:17:17,094 [4795f679-20b5-4d5a-9a13-c70766a2a14f@group-A574A09B74EF-FollowerState] INFO  server.RaftServerConfigKeys (ConfUtils.java:logGet(46)) - raft.server.rpc.first-election.timeout.max = 1200ms (custom)
2025-05-28 15:17:17,094 [4795f679-20b5-4d5a-9a13-c70766a2a14f-groupManagement] INFO  util.JmxRegister (JmxRegister.java:register(58)) - register mxBean class org.apache.ratis.server.impl.RaftServerJmxAdapter as Ratis:service=RaftServer,group=group-A574A09B74EF,id=4795f679-20b5-4d5a-9a13-c70766a2a14f
2025-05-28 15:17:17,094 [4795f679-20b5-4d5a-9a13-c70766a2a14f-groupManagement] INFO  server.RaftServerConfigKeys (ConfUtils.java:logGet(46)) - raft.server.snapshot.trigger-when-stop.enabled = true (default)
2025-05-28 15:17:17,094 [4795f679-20b5-4d5a-9a13-c70766a2a14f-groupManagement] INFO  server.RaftServerConfigKeys (ConfUtils.java:logGet(46)) - raft.server.snapshot.trigger-when-remove.enabled = true (default)
2025-05-28 15:17:17,094 [4795f679-20b5-4d5a-9a13-c70766a2a14f-groupManagement] INFO  server.RaftServerConfigKeys (ConfUtils.java:logGet(46)) - raft.server.snapshot.auto.trigger.enabled = true (custom)
2025-05-28 15:17:17,094 [4795f679-20b5-4d5a-9a13-c70766a2a14f-groupManagement] INFO  server.RaftServerConfigKeys (ConfUtils.java:logGet(46)) - raft.server.snapshot.auto.trigger.threshold = 100000 (custom)
2025-05-28 15:17:17,094 [4795f679-20b5-4d5a-9a13-c70766a2a14f-groupManagement] INFO  server.RaftServerConfigKeys (ConfUtils.java:logGet(46)) - raft.server.snapshot.retention.file.num = 5 (custom)
2025-05-28 15:17:17,095 [4795f679-20b5-4d5a-9a13-c70766a2a14f-groupManagement] INFO  server.RaftServerConfigKeys (ConfUtils.java:logGet(46)) - raft.server.log.purge.upto.snapshot.index = false (default)
2025-05-28 15:17:17,096 [dacc202e-cd42-4a7a-b335-fe62dff69130-groupManagement] INFO  server.RaftServerConfigKeys (ConfUtils.java:logGet(46)) - raft.server.log.appender.buffer.byte-limit = 33554432 (custom)
2025-05-28 15:17:17,096 [dacc202e-cd42-4a7a-b335-fe62dff69130-groupManagement] INFO  server.RaftServerConfigKeys (ConfUtils.java:logGet(46)) - raft.server.log.unsafe-flush.enabled = false (default)
2025-05-28 15:17:17,097 [dacc202e-cd42-4a7a-b335-fe62dff69130-groupManagement] INFO  server.RaftServerConfigKeys (ConfUtils.java:logGet(46)) - raft.server.log.async-flush.enabled = false (default)
2025-05-28 15:17:17,097 [dacc202e-cd42-4a7a-b335-fe62dff69130-groupManagement] INFO  server.RaftServerConfigKeys (ConfUtils.java:logGet(46)) - raft.server.log.statemachine.data.caching.enabled = true (custom)
2025-05-28 15:17:17,097 [4795f679-20b5-4d5a-9a13-c70766a2a14f-groupManagement] INFO  server.RaftServer$Division (RaftServerImpl.java:start(405)) - 4795f679-20b5-4d5a-9a13-c70766a2a14f@group-A574A09B74EF: Successfully started.
2025-05-28 15:17:17,097 [dacc202e-cd42-4a7a-b335-fe62dff69130-groupManagement] INFO  segmented.SegmentedRaftLogWorker (SegmentedRaftLogWorker.java:lambda$new$0(139)) - dacc202e-cd42-4a7a-b335-fe62dff69130@group-F8F976EC3E9D-SegmentedRaftLogWorker: flushIndex: setUnconditionally 0 -> -1
2025-05-28 15:17:17,097 [4795f679-20b5-4d5a-9a13-c70766a2a14f-PipelineCommandHandlerThread-0] INFO  ratis.XceiverServerRatis (XceiverServerRatis.java:addGroup(843)) - Created group Pipeline-2ff824fa-665a-4aec-aa79-a574a09b74ef
2025-05-28 15:17:17,097 [dacc202e-cd42-4a7a-b335-fe62dff69130-groupManagement] INFO  segmented.SegmentedRaftLogWorker (SegmentedRaftLogWorker.java:lambda$new$0(139)) - dacc202e-cd42-4a7a-b335-fe62dff69130@group-F8F976EC3E9D-SegmentedRaftLogWorker: safeCacheEvictIndex: setUnconditionally 0 -> -1
2025-05-28 15:17:17,098 [dacc202e-cd42-4a7a-b335-fe62dff69130-groupManagement] INFO  server.RaftServer$Division (RaftServerImpl.java:start(391)) - dacc202e-cd42-4a7a-b335-fe62dff69130@group-F8F976EC3E9D: start as a follower, conf=conf: {index: -1, cur=peers:[dacc202e-cd42-4a7a-b335-fe62dff69130|127.0.0.1:15031]|listeners:[], old=null}
2025-05-28 15:17:17,098 [dacc202e-cd42-4a7a-b335-fe62dff69130-groupManagement] INFO  server.RaftServer$Division (RaftServerImpl.java:setRole(378)) - dacc202e-cd42-4a7a-b335-fe62dff69130@group-F8F976EC3E9D: changes role from      null to FOLLOWER at term 0 for startAsFollower
2025-05-28 15:17:17,098 [dacc202e-cd42-4a7a-b335-fe62dff69130-groupManagement] INFO  impl.RoleInfo (RoleInfo.java:updateAndGet(148)) - dacc202e-cd42-4a7a-b335-fe62dff69130: start dacc202e-cd42-4a7a-b335-fe62dff69130@group-F8F976EC3E9D-FollowerState
2025-05-28 15:17:17,099 [dacc202e-cd42-4a7a-b335-fe62dff69130@group-F8F976EC3E9D-FollowerState] INFO  server.RaftServerConfigKeys (ConfUtils.java:logGet(46)) - raft.server.rpc.first-election.timeout.min = 1000ms (custom)
2025-05-28 15:17:17,099 [dacc202e-cd42-4a7a-b335-fe62dff69130@group-F8F976EC3E9D-FollowerState] INFO  server.RaftServerConfigKeys (ConfUtils.java:logGet(46)) - raft.server.rpc.first-election.timeout.max = 1200ms (custom)
2025-05-28 15:17:17,099 [dacc202e-cd42-4a7a-b335-fe62dff69130-groupManagement] INFO  util.JmxRegister (JmxRegister.java:tryRegister(44)) - Successfully registered JMX Bean with object name Ratis:service=RaftServer,group=group-F8F976EC3E9D,id=dacc202e-cd42-4a7a-b335-fe62dff69130
2025-05-28 15:17:17,099 [dacc202e-cd42-4a7a-b335-fe62dff69130-groupManagement] INFO  util.JmxRegister (JmxRegister.java:register(58)) - register mxBean class org.apache.ratis.server.impl.RaftServerJmxAdapter as Ratis:service=RaftServer,group=group-F8F976EC3E9D,id=dacc202e-cd42-4a7a-b335-fe62dff69130
2025-05-28 15:17:17,099 [dacc202e-cd42-4a7a-b335-fe62dff69130-groupManagement] INFO  server.RaftServerConfigKeys (ConfUtils.java:logGet(46)) - raft.server.snapshot.trigger-when-stop.enabled = true (default)
2025-05-28 15:17:17,099 [dacc202e-cd42-4a7a-b335-fe62dff69130-groupManagement] INFO  server.RaftServerConfigKeys (ConfUtils.java:logGet(46)) - raft.server.snapshot.trigger-when-remove.enabled = true (default)
2025-05-28 15:17:17,100 [dacc202e-cd42-4a7a-b335-fe62dff69130-groupManagement] INFO  server.RaftServerConfigKeys (ConfUtils.java:logGet(46)) - raft.server.snapshot.auto.trigger.enabled = true (custom)
2025-05-28 15:17:17,100 [dacc202e-cd42-4a7a-b335-fe62dff69130-groupManagement] INFO  server.RaftServerConfigKeys (ConfUtils.java:logGet(46)) - raft.server.snapshot.auto.trigger.threshold = 100000 (custom)
2025-05-28 15:17:17,100 [dacc202e-cd42-4a7a-b335-fe62dff69130-groupManagement] INFO  server.RaftServerConfigKeys (ConfUtils.java:logGet(46)) - raft.server.snapshot.retention.file.num = 5 (custom)
2025-05-28 15:17:17,100 [dacc202e-cd42-4a7a-b335-fe62dff69130-groupManagement] INFO  server.RaftServerConfigKeys (ConfUtils.java:logGet(46)) - raft.server.log.purge.upto.snapshot.index = false (default)
2025-05-28 15:17:17,101 [dacc202e-cd42-4a7a-b335-fe62dff69130-groupManagement] INFO  server.RaftServer$Division (RaftServerImpl.java:start(405)) - dacc202e-cd42-4a7a-b335-fe62dff69130@group-F8F976EC3E9D: Successfully started.
2025-05-28 15:17:17,103 [dacc202e-cd42-4a7a-b335-fe62dff69130-PipelineCommandHandlerThread-0] INFO  ratis.XceiverServerRatis (XceiverServerRatis.java:addGroup(843)) - Created group Pipeline-675c32b2-919d-4e26-8cce-f8f976ec3e9d
2025-05-28 15:17:17,103 [dacc202e-cd42-4a7a-b335-fe62dff69130-PipelineCommandHandlerThread-0] INFO  commandhandler.CreatePipelineCommandHandler (CreatePipelineCommandHandler.java:lambda$handle$2(127)) - Created Pipeline RATIS ONE Pipeline-675c32b2-919d-4e26-8cce-f8f976ec3e9d.
2025-05-28 15:17:17,105 [dacc202e-cd42-4a7a-b335-fe62dff69130-groupManagement] WARN  statemachine.DatanodeConfiguration (DatanodeConfiguration.java:validateMinFreeSpace(689)) - hdds.datanode.volume.min.free.space.percent = -1.0 is invalid, should be between 0 and 1
2025-05-28 15:17:17,105 [dacc202e-cd42-4a7a-b335-fe62dff69130-groupManagement] INFO  server.RaftServer$Division (RaftServerImpl.java:<init>(255)) - dacc202e-cd42-4a7a-b335-fe62dff69130: new RaftServerImpl for group-A574A09B74EF:[4795f679-20b5-4d5a-9a13-c70766a2a14f|127.0.0.1:15015, a755fe32-7d9a-4996-bc51-d7fbc67ab218|127.0.0.1:15023, dacc202e-cd42-4a7a-b335-fe62dff69130|127.0.0.1:15031] with ContainerStateMachine:uninitialized
2025-05-28 15:17:17,107 [dacc202e-cd42-4a7a-b335-fe62dff69130-groupManagement] INFO  server.RaftServerConfigKeys (ConfUtils.java:logGet(46)) - raft.server.rpc.timeout.min = 5s (custom)
2025-05-28 15:17:17,107 [dacc202e-cd42-4a7a-b335-fe62dff69130-groupManagement] INFO  server.RaftServerConfigKeys (ConfUtils.java:logGet(46)) - raft.server.rpc.timeout.max = 5200ms (custom)
2025-05-28 15:17:17,107 [dacc202e-cd42-4a7a-b335-fe62dff69130-groupManagement] INFO  server.RaftServerConfigKeys (ConfUtils.java:logGet(46)) - raft.server.rpc.sleep.time = 25ms (default)
2025-05-28 15:17:17,107 [dacc202e-cd42-4a7a-b335-fe62dff69130-groupManagement] INFO  server.RaftServerConfigKeys (ConfUtils.java:logGet(46)) - raft.server.rpc.slowness.timeout = 300s (custom)
2025-05-28 15:17:17,107 [dacc202e-cd42-4a7a-b335-fe62dff69130-groupManagement] INFO  server.RaftServerConfigKeys (ConfUtils.java:logGet(46)) - raft.server.leaderelection.leader.step-down.wait-time = 10s (default)
2025-05-28 15:17:17,107 [dacc202e-cd42-4a7a-b335-fe62dff69130-groupManagement] INFO  server.RaftServerConfigKeys (ConfUtils.java:logGet(46)) - raft.server.leaderelection.member.majority-add = false (default)
2025-05-28 15:17:17,107 [dacc202e-cd42-4a7a-b335-fe62dff69130-groupManagement] INFO  server.RaftServerConfigKeys (ConfUtils.java:logGet(46)) - raft.server.sleep.deviation.threshold = 300ms (default)
2025-05-28 15:17:17,107 [dacc202e-cd42-4a7a-b335-fe62dff69130-groupManagement] INFO  server.RaftServer$Division (ServerState.java:<init>(114)) - dacc202e-cd42-4a7a-b335-fe62dff69130@group-A574A09B74EF: ConfigurationManager, init=conf: {index: -1, cur=peers:[4795f679-20b5-4d5a-9a13-c70766a2a14f|127.0.0.1:15015, a755fe32-7d9a-4996-bc51-d7fbc67ab218|127.0.0.1:15023, dacc202e-cd42-4a7a-b335-fe62dff69130|127.0.0.1:15031]|listeners:[], old=null}, confs=<EMPTY_MAP>
2025-05-28 15:17:17,107 [dacc202e-cd42-4a7a-b335-fe62dff69130-groupManagement] INFO  server.RaftServerConfigKeys (ConfUtils.java:logGet(46)) - raft.server.notification.no-leader.timeout = 300s (custom)
2025-05-28 15:17:17,107 [dacc202e-cd42-4a7a-b335-fe62dff69130-groupManagement] INFO  server.RaftServerConfigKeys (ConfUtils.java:logGet(46)) - raft.server.read.timeout = 10s (default)
2025-05-28 15:17:17,107 [dacc202e-cd42-4a7a-b335-fe62dff69130-groupManagement] INFO  server.RaftServerConfigKeys (ConfUtils.java:logGet(46)) - raft.server.retrycache.expirytime = 600000ms (custom)
2025-05-28 15:17:17,107 [dacc202e-cd42-4a7a-b335-fe62dff69130-groupManagement] INFO  server.RaftServerConfigKeys (ConfUtils.java:logGet(46)) - raft.server.retrycache.statistics.expirytime = 100ms (default)
2025-05-28 15:17:17,107 [dacc202e-cd42-4a7a-b335-fe62dff69130-groupManagement] INFO  server.RaftServerConfigKeys (ConfUtils.java:logGet(46)) - raft.server.read.option = DEFAULT (default)
2025-05-28 15:17:17,107 [dacc202e-cd42-4a7a-b335-fe62dff69130-groupManagement] INFO  server.RaftServerConfigKeys (ConfUtils.java:logGet(46)) - raft.server.read.read-after-write-consistent.write-index-cache.expiry-time = 60s (default)
2025-05-28 15:17:17,115 [dacc202e-cd42-4a7a-b335-fe62dff69130-groupManagement] INFO  server.RaftServerConfigKeys (ConfUtils.java:logGet(46)) - raft.server.rpc.request.timeout = 60s (custom)
2025-05-28 15:17:17,115 [dacc202e-cd42-4a7a-b335-fe62dff69130-groupManagement] INFO  server.RaftServerConfigKeys (ConfUtils.java:logGet(46)) - raft.server.log.appender.install.snapshot.enabled = false (custom)
2025-05-28 15:17:17,115 [dacc202e-cd42-4a7a-b335-fe62dff69130-groupManagement] INFO  server.RaftServerConfigKeys (ConfUtils.java:logGet(46)) - raft.server.threadpool.server.cached = true (default)
2025-05-28 15:17:17,115 [dacc202e-cd42-4a7a-b335-fe62dff69130-groupManagement] INFO  server.RaftServerConfigKeys (ConfUtils.java:logGet(46)) - raft.server.threadpool.server.size = 0 (default)
2025-05-28 15:17:17,115 [dacc202e-cd42-4a7a-b335-fe62dff69130-groupManagement] INFO  server.RaftServerConfigKeys (ConfUtils.java:logGet(46)) - raft.server.threadpool.client.cached = true (default)
2025-05-28 15:17:17,115 [dacc202e-cd42-4a7a-b335-fe62dff69130-groupManagement] INFO  server.RaftServerConfigKeys (ConfUtils.java:logGet(46)) - raft.server.threadpool.client.size = 0 (default)
2025-05-28 15:17:17,115 [dacc202e-cd42-4a7a-b335-fe62dff69130-groupManagement] INFO  server.RaftServerConfigKeys (ConfUtils.java:logGet(46)) - raft.server.storage.free-space.min = 0MB (=0) (default)
2025-05-28 15:17:17,115 [dacc202e-cd42-4a7a-b335-fe62dff69130-groupManagement] INFO  server.RaftServerConfigKeys (ConfUtils.java:logGet(46)) - raft.server.log.corruption.policy = EXCEPTION (default)
2025-05-28 15:17:17,115 [dacc202e-cd42-4a7a-b335-fe62dff69130-groupManagement] INFO  server.RaftServerConfigKeys (ConfUtils.java:logGet(46)) - raft.server.storage.dir = [/home/runner/work/ozone/ozone/hadoop-ozone/integration-test/target/test-dir/MiniOzoneClusterImpl-723737d7-d862-4a19-a51f-6b1567aa62b1/ozone-meta/datanode-3/ratis] (custom)
2025-05-28 15:17:17,116 [dacc202e-cd42-4a7a-b335-fe62dff69130-groupManagement] INFO  storage.RaftStorageDirectory (RaftStorageDirectoryImpl.java:analyzeStorage(138)) - The storage directory /home/runner/work/ozone/ozone/hadoop-ozone/integration-test/target/test-dir/MiniOzoneClusterImpl-723737d7-d862-4a19-a51f-6b1567aa62b1/ozone-meta/datanode-3/ratis/2ff824fa-665a-4aec-aa79-a574a09b74ef does not exist. Creating ...
2025-05-28 15:17:17,117 [dacc202e-cd42-4a7a-b335-fe62dff69130-groupManagement] INFO  storage.RaftStorageDirectory (RaftStorageDirectoryImpl.java:tryLock(229)) - Lock on /home/runner/work/ozone/ozone/hadoop-ozone/integration-test/target/test-dir/MiniOzoneClusterImpl-723737d7-d862-4a19-a51f-6b1567aa62b1/ozone-meta/datanode-3/ratis/2ff824fa-665a-4aec-aa79-a574a09b74ef/in_use.lock acquired by nodename 72973@localhost
2025-05-28 15:17:17,119 [dacc202e-cd42-4a7a-b335-fe62dff69130-groupManagement] INFO  storage.RaftStorage (RaftStorageImpl.java:format(98)) - Storage directory /home/runner/work/ozone/ozone/hadoop-ozone/integration-test/target/test-dir/MiniOzoneClusterImpl-723737d7-d862-4a19-a51f-6b1567aa62b1/ozone-meta/datanode-3/ratis/2ff824fa-665a-4aec-aa79-a574a09b74ef has been successfully formatted.
2025-05-28 15:17:17,119 [dacc202e-cd42-4a7a-b335-fe62dff69130-groupManagement] INFO  ratis.ContainerStateMachine (ContainerStateMachine.java:initialize(339)) - dacc202e-cd42-4a7a-b335-fe62dff69130: initialize group-A574A09B74EF
2025-05-28 15:17:17,120 [dacc202e-cd42-4a7a-b335-fe62dff69130-groupManagement] INFO  ratis.ContainerStateMachine (ContainerStateMachine.java:loadSnapshot(347)) - group-A574A09B74EF: The snapshot info is null. Setting the last applied index to:(t:0, i:~)
2025-05-28 15:17:17,120 [dacc202e-cd42-4a7a-b335-fe62dff69130-groupManagement] INFO  server.RaftServerConfigKeys (ConfUtils.java:logGet(46)) - raft.server.log.use.memory = false (default)
2025-05-28 15:17:17,120 [dacc202e-cd42-4a7a-b335-fe62dff69130-groupManagement] INFO  server.RaftServerConfigKeys (ConfUtils.java:logGet(46)) - raft.server.log.purge.gap = 1000000 (custom)
2025-05-28 15:17:17,120 [dacc202e-cd42-4a7a-b335-fe62dff69130-groupManagement] INFO  server.RaftServerConfigKeys (ConfUtils.java:logGet(46)) - raft.server.log.appender.buffer.byte-limit = 33554432 (custom)
2025-05-28 15:17:17,120 [dacc202e-cd42-4a7a-b335-fe62dff69130-groupManagement] INFO  server.RaftServerConfigKeys (ConfUtils.java:logGet(46)) - raft.server.log.statemachine.data.read.timeout = 1000ms (default)
2025-05-28 15:17:17,120 [dacc202e-cd42-4a7a-b335-fe62dff69130-groupManagement] INFO  server.RaftServerConfigKeys (ConfUtils.java:logGet(46)) - raft.server.log.purge.preservation.log.num = 0 (default)
2025-05-28 15:17:17,123 [dacc202e-cd42-4a7a-b335-fe62dff69130-groupManagement] INFO  server.RaftServerConfigKeys (ConfUtils.java:logGet(46)) - raft.server.log.segment.size.max = 67108864 (custom)
2025-05-28 15:17:17,124 [dacc202e-cd42-4a7a-b335-fe62dff69130-groupManagement] INFO  server.RaftServerConfigKeys (ConfUtils.java:logGet(46)) - raft.server.log.segment.cache.num.max = 2 (custom)
2025-05-28 15:17:17,124 [dacc202e-cd42-4a7a-b335-fe62dff69130-groupManagement] INFO  server.RaftServerConfigKeys (ConfUtils.java:logGet(46)) - raft.server.log.segment.cache.size.max = 200MB (=209715200) (default)
2025-05-28 15:17:17,124 [dacc202e-cd42-4a7a-b335-fe62dff69130-groupManagement] INFO  server.RaftServerConfigKeys (ConfUtils.java:logGet(46)) - raft.server.log.appender.buffer.byte-limit = 33554432 (custom)
2025-05-28 15:17:17,125 [EventQueue-PipelineReportForOneReplicaPipelineSafeModeRule] INFO  safemode.SCMSafeModeManager (SCMSafeModeManager.java:validateSafeModeExitRules(140)) - AtleastOneDatanodeReportedRule rule is successfully validated
2025-05-28 15:17:17,125 [dacc202e-cd42-4a7a-b335-fe62dff69130-groupManagement] INFO  util.AwaitToRun (AwaitToRun.java:start(81)) - Thread[#944,dacc202e-cd42-4a7a-b335-fe62dff69130@group-A574A09B74EF-cacheEviction-AwaitToRun,5,main] started
2025-05-28 15:17:17,126 [dacc202e-cd42-4a7a-b335-fe62dff69130-groupManagement] INFO  segmented.SegmentedRaftLogWorker (SegmentedRaftLogWorker.java:<init>(188)) - new dacc202e-cd42-4a7a-b335-fe62dff69130@group-A574A09B74EF-SegmentedRaftLogWorker for RaftStorageImpl:Storage Directory /home/runner/work/ozone/ozone/hadoop-ozone/integration-test/target/test-dir/MiniOzoneClusterImpl-723737d7-d862-4a19-a51f-6b1567aa62b1/ozone-meta/datanode-3/ratis/2ff824fa-665a-4aec-aa79-a574a09b74ef
2025-05-28 15:17:17,126 [dacc202e-cd42-4a7a-b335-fe62dff69130-groupManagement] INFO  server.RaftServerConfigKeys (ConfUtils.java:logGet(46)) - raft.server.log.queue.byte-limit = 4294967296 (custom)
2025-05-28 15:17:17,127 [dacc202e-cd42-4a7a-b335-fe62dff69130-groupManagement] INFO  server.RaftServerConfigKeys (ConfUtils.java:logGet(46)) - raft.server.log.queue.element-limit = 1024 (custom)
2025-05-28 15:17:17,127 [dacc202e-cd42-4a7a-b335-fe62dff69130-groupManagement] INFO  server.RaftServerConfigKeys (ConfUtils.java:logGet(46)) - raft.server.log.segment.size.max = 67108864 (custom)
2025-05-28 15:17:17,128 [dacc202e-cd42-4a7a-b335-fe62dff69130-groupManagement] INFO  server.RaftServerConfigKeys (ConfUtils.java:logGet(46)) - raft.server.log.preallocated.size = 4194304 (custom)
2025-05-28 15:17:17,128 [dacc202e-cd42-4a7a-b335-fe62dff69130-groupManagement] INFO  server.RaftServerConfigKeys (ConfUtils.java:logGet(46)) - raft.server.log.force.sync.num = 128 (default)
2025-05-28 15:17:17,128 [dacc202e-cd42-4a7a-b335-fe62dff69130-groupManagement] INFO  server.RaftServerConfigKeys (ConfUtils.java:logGet(46)) - raft.server.log.statemachine.data.sync = true (default)
2025-05-28 15:17:17,128 [dacc202e-cd42-4a7a-b335-fe62dff69130-groupManagement] INFO  server.RaftServerConfigKeys (ConfUtils.java:logGet(46)) - raft.server.log.statemachine.data.sync.timeout = 10s (default)
2025-05-28 15:17:17,128 [dacc202e-cd42-4a7a-b335-fe62dff69130-groupManagement] INFO  server.RaftServerConfigKeys (ConfUtils.java:logGet(46)) - raft.server.log.statemachine.data.sync.timeout.retry = 30 (custom)
2025-05-28 15:17:17,129 [dacc202e-cd42-4a7a-b335-fe62dff69130-groupManagement] INFO  server.RaftServerConfigKeys (ConfUtils.java:logGet(46)) - raft.server.log.write.buffer.size = 33554440 (custom)
2025-05-28 15:17:17,137 [4795f679-20b5-4d5a-9a13-c70766a2a14f-PipelineCommandHandlerThread-0] INFO  commandhandler.CreatePipelineCommandHandler (CreatePipelineCommandHandler.java:lambda$handle$2(127)) - Created Pipeline RATIS THREE Pipeline-2ff824fa-665a-4aec-aa79-a574a09b74ef.
2025-05-28 15:17:17,138 [dacc202e-cd42-4a7a-b335-fe62dff69130-groupManagement] INFO  server.RaftServerConfigKeys (ConfUtils.java:logGet(46)) - raft.server.log.appender.buffer.byte-limit = 33554432 (custom)
2025-05-28 15:17:17,138 [dacc202e-cd42-4a7a-b335-fe62dff69130-groupManagement] INFO  server.RaftServerConfigKeys (ConfUtils.java:logGet(46)) - raft.server.log.unsafe-flush.enabled = false (default)
2025-05-28 15:17:17,138 [dacc202e-cd42-4a7a-b335-fe62dff69130-groupManagement] INFO  server.RaftServerConfigKeys (ConfUtils.java:logGet(46)) - raft.server.log.async-flush.enabled = false (default)
2025-05-28 15:17:17,138 [dacc202e-cd42-4a7a-b335-fe62dff69130-groupManagement] INFO  server.RaftServerConfigKeys (ConfUtils.java:logGet(46)) - raft.server.log.statemachine.data.caching.enabled = true (custom)
2025-05-28 15:17:17,139 [dacc202e-cd42-4a7a-b335-fe62dff69130-groupManagement] INFO  segmented.SegmentedRaftLogWorker (SegmentedRaftLogWorker.java:lambda$new$0(139)) - dacc202e-cd42-4a7a-b335-fe62dff69130@group-A574A09B74EF-SegmentedRaftLogWorker: flushIndex: setUnconditionally 0 -> -1
2025-05-28 15:17:17,139 [dacc202e-cd42-4a7a-b335-fe62dff69130-groupManagement] INFO  segmented.SegmentedRaftLogWorker (SegmentedRaftLogWorker.java:lambda$new$0(139)) - dacc202e-cd42-4a7a-b335-fe62dff69130@group-A574A09B74EF-SegmentedRaftLogWorker: safeCacheEvictIndex: setUnconditionally 0 -> -1
2025-05-28 15:17:17,139 [dacc202e-cd42-4a7a-b335-fe62dff69130-groupManagement] INFO  server.RaftServer$Division (RaftServerImpl.java:start(391)) - dacc202e-cd42-4a7a-b335-fe62dff69130@group-A574A09B74EF: start as a follower, conf=conf: {index: -1, cur=peers:[4795f679-20b5-4d5a-9a13-c70766a2a14f|127.0.0.1:15015, a755fe32-7d9a-4996-bc51-d7fbc67ab218|127.0.0.1:15023, dacc202e-cd42-4a7a-b335-fe62dff69130|127.0.0.1:15031]|listeners:[], old=null}
2025-05-28 15:17:17,139 [dacc202e-cd42-4a7a-b335-fe62dff69130-groupManagement] INFO  server.RaftServer$Division (RaftServerImpl.java:setRole(378)) - dacc202e-cd42-4a7a-b335-fe62dff69130@group-A574A09B74EF: changes role from      null to FOLLOWER at term 0 for startAsFollower
2025-05-28 15:17:17,139 [dacc202e-cd42-4a7a-b335-fe62dff69130-groupManagement] INFO  impl.RoleInfo (RoleInfo.java:updateAndGet(148)) - dacc202e-cd42-4a7a-b335-fe62dff69130: start dacc202e-cd42-4a7a-b335-fe62dff69130@group-A574A09B74EF-FollowerState
2025-05-28 15:17:17,139 [dacc202e-cd42-4a7a-b335-fe62dff69130@group-A574A09B74EF-FollowerState] INFO  server.RaftServerConfigKeys (ConfUtils.java:logGet(46)) - raft.server.rpc.first-election.timeout.min = 1000ms (custom)
2025-05-28 15:17:17,140 [dacc202e-cd42-4a7a-b335-fe62dff69130@group-A574A09B74EF-FollowerState] INFO  server.RaftServerConfigKeys (ConfUtils.java:logGet(46)) - raft.server.rpc.first-election.timeout.max = 1200ms (custom)
2025-05-28 15:17:17,140 [dacc202e-cd42-4a7a-b335-fe62dff69130-groupManagement] INFO  util.JmxRegister (JmxRegister.java:tryRegister(44)) - Successfully registered JMX Bean with object name Ratis:service=RaftServer,group=group-A574A09B74EF,id=dacc202e-cd42-4a7a-b335-fe62dff69130
2025-05-28 15:17:17,140 [dacc202e-cd42-4a7a-b335-fe62dff69130-groupManagement] INFO  util.JmxRegister (JmxRegister.java:register(58)) - register mxBean class org.apache.ratis.server.impl.RaftServerJmxAdapter as Ratis:service=RaftServer,group=group-A574A09B74EF,id=dacc202e-cd42-4a7a-b335-fe62dff69130
2025-05-28 15:17:17,140 [dacc202e-cd42-4a7a-b335-fe62dff69130-groupManagement] INFO  server.RaftServerConfigKeys (ConfUtils.java:logGet(46)) - raft.server.snapshot.trigger-when-stop.enabled = true (default)
2025-05-28 15:17:17,140 [dacc202e-cd42-4a7a-b335-fe62dff69130-groupManagement] INFO  server.RaftServerConfigKeys (ConfUtils.java:logGet(46)) - raft.server.snapshot.trigger-when-remove.enabled = true (default)
2025-05-28 15:17:17,140 [dacc202e-cd42-4a7a-b335-fe62dff69130-groupManagement] INFO  server.RaftServerConfigKeys (ConfUtils.java:logGet(46)) - raft.server.snapshot.auto.trigger.enabled = true (custom)
2025-05-28 15:17:17,140 [dacc202e-cd42-4a7a-b335-fe62dff69130-groupManagement] INFO  server.RaftServerConfigKeys (ConfUtils.java:logGet(46)) - raft.server.snapshot.auto.trigger.threshold = 100000 (custom)
2025-05-28 15:17:17,140 [dacc202e-cd42-4a7a-b335-fe62dff69130-groupManagement] INFO  server.RaftServerConfigKeys (ConfUtils.java:logGet(46)) - raft.server.snapshot.retention.file.num = 5 (custom)
2025-05-28 15:17:17,140 [dacc202e-cd42-4a7a-b335-fe62dff69130-groupManagement] INFO  server.RaftServerConfigKeys (ConfUtils.java:logGet(46)) - raft.server.log.purge.upto.snapshot.index = false (default)
2025-05-28 15:17:17,141 [dacc202e-cd42-4a7a-b335-fe62dff69130-groupManagement] INFO  server.RaftServer$Division (RaftServerImpl.java:start(405)) - dacc202e-cd42-4a7a-b335-fe62dff69130@group-A574A09B74EF: Successfully started.
2025-05-28 15:17:17,158 [a755fe32-7d9a-4996-bc51-d7fbc67ab218-PipelineCommandHandlerThread-0] INFO  commandhandler.CreatePipelineCommandHandler (CreatePipelineCommandHandler.java:lambda$handle$2(127)) - Created Pipeline RATIS THREE Pipeline-2ff824fa-665a-4aec-aa79-a574a09b74ef.
2025-05-28 15:17:17,336 [2b1bfca1-1fdc-4b0a-9b4d-c21112718afa-PipelineCommandHandlerThread-0] INFO  server.RaftServer (RaftServerProxy.java:addNew(100)) - 2b1bfca1-1fdc-4b0a-9b4d-c21112718afa: addNew group-0D69DBD4F9B0:[2b1bfca1-1fdc-4b0a-9b4d-c21112718afa|127.0.0.1:15039] returns group-0D69DBD4F9B0:java.util.concurrent.CompletableFuture@2cfd0c69[Not completed]
2025-05-28 15:17:17,338 [EventQueue-PipelineReportForOneReplicaPipelineSafeModeRule] INFO  safemode.SCMSafeModeManager (SCMSafeModeManager.java:validateSafeModeExitRules(140)) - AtleastOneDatanodeReportedRule rule is successfully validated
2025-05-28 15:17:17,338 [2b1bfca1-1fdc-4b0a-9b4d-c21112718afa-groupManagement] WARN  statemachine.DatanodeConfiguration (DatanodeConfiguration.java:validateMinFreeSpace(689)) - hdds.datanode.volume.min.free.space.percent = -1.0 is invalid, should be between 0 and 1
2025-05-28 15:17:17,338 [2b1bfca1-1fdc-4b0a-9b4d-c21112718afa-groupManagement] INFO  server.RaftServer$Division (RaftServerImpl.java:<init>(255)) - 2b1bfca1-1fdc-4b0a-9b4d-c21112718afa: new RaftServerImpl for group-0D69DBD4F9B0:[2b1bfca1-1fdc-4b0a-9b4d-c21112718afa|127.0.0.1:15039] with ContainerStateMachine:uninitialized
2025-05-28 15:17:17,338 [2b1bfca1-1fdc-4b0a-9b4d-c21112718afa-groupManagement] INFO  server.RaftServerConfigKeys (ConfUtils.java:logGet(46)) - raft.server.rpc.timeout.min = 5s (custom)
2025-05-28 15:17:17,338 [2b1bfca1-1fdc-4b0a-9b4d-c21112718afa-groupManagement] INFO  server.RaftServerConfigKeys (ConfUtils.java:logGet(46)) - raft.server.rpc.timeout.max = 5200ms (custom)
2025-05-28 15:17:17,338 [2b1bfca1-1fdc-4b0a-9b4d-c21112718afa-groupManagement] INFO  server.RaftServerConfigKeys (ConfUtils.java:logGet(46)) - raft.server.rpc.sleep.time = 25ms (default)
2025-05-28 15:17:17,338 [2b1bfca1-1fdc-4b0a-9b4d-c21112718afa-groupManagement] INFO  server.RaftServerConfigKeys (ConfUtils.java:logGet(46)) - raft.server.rpc.slowness.timeout = 300s (custom)
2025-05-28 15:17:17,338 [2b1bfca1-1fdc-4b0a-9b4d-c21112718afa-groupManagement] INFO  server.RaftServerConfigKeys (ConfUtils.java:logGet(46)) - raft.server.leaderelection.leader.step-down.wait-time = 10s (default)
2025-05-28 15:17:17,338 [2b1bfca1-1fdc-4b0a-9b4d-c21112718afa-groupManagement] INFO  server.RaftServerConfigKeys (ConfUtils.java:logGet(46)) - raft.server.leaderelection.member.majority-add = false (default)
2025-05-28 15:17:17,338 [2b1bfca1-1fdc-4b0a-9b4d-c21112718afa-groupManagement] INFO  server.RaftServerConfigKeys (ConfUtils.java:logGet(46)) - raft.server.sleep.deviation.threshold = 300ms (default)
2025-05-28 15:17:17,338 [2b1bfca1-1fdc-4b0a-9b4d-c21112718afa-groupManagement] INFO  server.RaftServer$Division (ServerState.java:<init>(114)) - 2b1bfca1-1fdc-4b0a-9b4d-c21112718afa@group-0D69DBD4F9B0: ConfigurationManager, init=conf: {index: -1, cur=peers:[2b1bfca1-1fdc-4b0a-9b4d-c21112718afa|127.0.0.1:15039]|listeners:[], old=null}, confs=<EMPTY_MAP>
2025-05-28 15:17:17,338 [2b1bfca1-1fdc-4b0a-9b4d-c21112718afa-groupManagement] INFO  server.RaftServerConfigKeys (ConfUtils.java:logGet(46)) - raft.server.notification.no-leader.timeout = 300s (custom)
2025-05-28 15:17:17,338 [2b1bfca1-1fdc-4b0a-9b4d-c21112718afa-groupManagement] INFO  server.RaftServerConfigKeys (ConfUtils.java:logGet(46)) - raft.server.read.timeout = 10s (default)
2025-05-28 15:17:17,339 [2b1bfca1-1fdc-4b0a-9b4d-c21112718afa-groupManagement] INFO  server.RaftServerConfigKeys (ConfUtils.java:logGet(46)) - raft.server.retrycache.expirytime = 600000ms (custom)
2025-05-28 15:17:17,339 [2b1bfca1-1fdc-4b0a-9b4d-c21112718afa-groupManagement] INFO  server.RaftServerConfigKeys (ConfUtils.java:logGet(46)) - raft.server.retrycache.statistics.expirytime = 100ms (default)
2025-05-28 15:17:17,339 [2b1bfca1-1fdc-4b0a-9b4d-c21112718afa-groupManagement] INFO  server.RaftServerConfigKeys (ConfUtils.java:logGet(46)) - raft.server.read.option = DEFAULT (default)
2025-05-28 15:17:17,339 [2b1bfca1-1fdc-4b0a-9b4d-c21112718afa-groupManagement] INFO  server.RaftServerConfigKeys (ConfUtils.java:logGet(46)) - raft.server.read.read-after-write-consistent.write-index-cache.expiry-time = 60s (default)
2025-05-28 15:17:17,342 [2b1bfca1-1fdc-4b0a-9b4d-c21112718afa-groupManagement] INFO  server.RaftServerConfigKeys (ConfUtils.java:logGet(46)) - raft.server.rpc.request.timeout = 60s (custom)
2025-05-28 15:17:17,342 [2b1bfca1-1fdc-4b0a-9b4d-c21112718afa-groupManagement] INFO  server.RaftServerConfigKeys (ConfUtils.java:logGet(46)) - raft.server.log.appender.install.snapshot.enabled = false (custom)
2025-05-28 15:17:17,342 [2b1bfca1-1fdc-4b0a-9b4d-c21112718afa-groupManagement] INFO  server.RaftServerConfigKeys (ConfUtils.java:logGet(46)) - raft.server.threadpool.server.cached = true (default)
2025-05-28 15:17:17,343 [2b1bfca1-1fdc-4b0a-9b4d-c21112718afa-groupManagement] INFO  server.RaftServerConfigKeys (ConfUtils.java:logGet(46)) - raft.server.threadpool.server.size = 0 (default)
2025-05-28 15:17:17,343 [2b1bfca1-1fdc-4b0a-9b4d-c21112718afa-groupManagement] INFO  server.RaftServerConfigKeys (ConfUtils.java:logGet(46)) - raft.server.threadpool.client.cached = true (default)
2025-05-28 15:17:17,343 [2b1bfca1-1fdc-4b0a-9b4d-c21112718afa-groupManagement] INFO  server.RaftServerConfigKeys (ConfUtils.java:logGet(46)) - raft.server.threadpool.client.size = 0 (default)
2025-05-28 15:17:17,343 [2b1bfca1-1fdc-4b0a-9b4d-c21112718afa-groupManagement] INFO  server.RaftServerConfigKeys (ConfUtils.java:logGet(46)) - raft.server.storage.free-space.min = 0MB (=0) (default)
2025-05-28 15:17:17,343 [2b1bfca1-1fdc-4b0a-9b4d-c21112718afa-groupManagement] INFO  server.RaftServerConfigKeys (ConfUtils.java:logGet(46)) - raft.server.log.corruption.policy = EXCEPTION (default)
2025-05-28 15:17:17,343 [2b1bfca1-1fdc-4b0a-9b4d-c21112718afa-groupManagement] INFO  server.RaftServerConfigKeys (ConfUtils.java:logGet(46)) - raft.server.storage.dir = [/home/runner/work/ozone/ozone/hadoop-ozone/integration-test/target/test-dir/MiniOzoneClusterImpl-723737d7-d862-4a19-a51f-6b1567aa62b1/ozone-meta/datanode-4/ratis] (custom)
2025-05-28 15:17:17,343 [2b1bfca1-1fdc-4b0a-9b4d-c21112718afa-groupManagement] INFO  storage.RaftStorageDirectory (RaftStorageDirectoryImpl.java:analyzeStorage(138)) - The storage directory /home/runner/work/ozone/ozone/hadoop-ozone/integration-test/target/test-dir/MiniOzoneClusterImpl-723737d7-d862-4a19-a51f-6b1567aa62b1/ozone-meta/datanode-4/ratis/521a3680-1f3f-469b-9590-0d69dbd4f9b0 does not exist. Creating ...
2025-05-28 15:17:17,344 [2b1bfca1-1fdc-4b0a-9b4d-c21112718afa-groupManagement] INFO  storage.RaftStorageDirectory (RaftStorageDirectoryImpl.java:tryLock(229)) - Lock on /home/runner/work/ozone/ozone/hadoop-ozone/integration-test/target/test-dir/MiniOzoneClusterImpl-723737d7-d862-4a19-a51f-6b1567aa62b1/ozone-meta/datanode-4/ratis/521a3680-1f3f-469b-9590-0d69dbd4f9b0/in_use.lock acquired by nodename 72973@localhost
2025-05-28 15:17:17,345 [2b1bfca1-1fdc-4b0a-9b4d-c21112718afa-groupManagement] INFO  storage.RaftStorage (RaftStorageImpl.java:format(98)) - Storage directory /home/runner/work/ozone/ozone/hadoop-ozone/integration-test/target/test-dir/MiniOzoneClusterImpl-723737d7-d862-4a19-a51f-6b1567aa62b1/ozone-meta/datanode-4/ratis/521a3680-1f3f-469b-9590-0d69dbd4f9b0 has been successfully formatted.
2025-05-28 15:17:17,346 [2b1bfca1-1fdc-4b0a-9b4d-c21112718afa-groupManagement] INFO  ratis.ContainerStateMachine (ContainerStateMachine.java:initialize(339)) - 2b1bfca1-1fdc-4b0a-9b4d-c21112718afa: initialize group-0D69DBD4F9B0
2025-05-28 15:17:17,346 [2b1bfca1-1fdc-4b0a-9b4d-c21112718afa-groupManagement] INFO  ratis.ContainerStateMachine (ContainerStateMachine.java:loadSnapshot(347)) - group-0D69DBD4F9B0: The snapshot info is null. Setting the last applied index to:(t:0, i:~)
2025-05-28 15:17:17,346 [2b1bfca1-1fdc-4b0a-9b4d-c21112718afa-groupManagement] INFO  server.RaftServerConfigKeys (ConfUtils.java:logGet(46)) - raft.server.log.use.memory = false (default)
2025-05-28 15:17:17,346 [2b1bfca1-1fdc-4b0a-9b4d-c21112718afa-groupManagement] INFO  server.RaftServerConfigKeys (ConfUtils.java:logGet(46)) - raft.server.log.purge.gap = 1000000 (custom)
2025-05-28 15:17:17,346 [2b1bfca1-1fdc-4b0a-9b4d-c21112718afa-groupManagement] INFO  server.RaftServerConfigKeys (ConfUtils.java:logGet(46)) - raft.server.log.appender.buffer.byte-limit = 33554432 (custom)
2025-05-28 15:17:17,346 [2b1bfca1-1fdc-4b0a-9b4d-c21112718afa-groupManagement] INFO  server.RaftServerConfigKeys (ConfUtils.java:logGet(46)) - raft.server.log.statemachine.data.read.timeout = 1000ms (default)
2025-05-28 15:17:17,346 [2b1bfca1-1fdc-4b0a-9b4d-c21112718afa-groupManagement] INFO  server.RaftServerConfigKeys (ConfUtils.java:logGet(46)) - raft.server.log.purge.preservation.log.num = 0 (default)
2025-05-28 15:17:17,359 [EventQueue-PipelineReportForOneReplicaPipelineSafeModeRule] INFO  safemode.SCMSafeModeManager (SCMSafeModeManager.java:validateSafeModeExitRules(140)) - AtleastOneDatanodeReportedRule rule is successfully validated
2025-05-28 15:17:17,361 [2b1bfca1-1fdc-4b0a-9b4d-c21112718afa-groupManagement] INFO  server.RaftServerConfigKeys (ConfUtils.java:logGet(46)) - raft.server.log.segment.size.max = 67108864 (custom)
2025-05-28 15:17:17,362 [2b1bfca1-1fdc-4b0a-9b4d-c21112718afa-groupManagement] INFO  server.RaftServerConfigKeys (ConfUtils.java:logGet(46)) - raft.server.log.segment.cache.num.max = 2 (custom)
2025-05-28 15:17:17,362 [2b1bfca1-1fdc-4b0a-9b4d-c21112718afa-groupManagement] INFO  server.RaftServerConfigKeys (ConfUtils.java:logGet(46)) - raft.server.log.segment.cache.size.max = 200MB (=209715200) (default)
2025-05-28 15:17:17,362 [2b1bfca1-1fdc-4b0a-9b4d-c21112718afa-groupManagement] INFO  server.RaftServerConfigKeys (ConfUtils.java:logGet(46)) - raft.server.log.appender.buffer.byte-limit = 33554432 (custom)
2025-05-28 15:17:17,363 [0cf558f4-2ca5-4c9f-a057-d7d7b755ef43@group-6B1567AA62B1-StateMachineUpdater] INFO  safemode.SCMSafeModeManager (SCMSafeModeManager.java:validateSafeModeExitRules(140)) - DataNodeSafeModeRule rule is successfully validated
2025-05-28 15:17:17,363 [0cf558f4-2ca5-4c9f-a057-d7d7b755ef43@group-6B1567AA62B1-StateMachineUpdater] INFO  safemode.SCMSafeModeManager (SCMSafeModeManager.java:validateSafeModeExitRules(140)) - RatisContainerSafeModeRule rule is successfully validated
2025-05-28 15:17:17,363 [0cf558f4-2ca5-4c9f-a057-d7d7b755ef43@group-6B1567AA62B1-StateMachineUpdater] INFO  safemode.HealthyPipelineSafeModeRule (HealthyPipelineSafeModeRule.java:initializeRule(228)) - Refreshed total pipeline count is 0, healthy pipeline threshold count is 1
2025-05-28 15:17:17,363 [0cf558f4-2ca5-4c9f-a057-d7d7b755ef43@group-6B1567AA62B1-StateMachineUpdater] INFO  safemode.SCMSafeModeManager (SCMSafeModeManager.java:validateSafeModeExitRules(140)) - ECContainerSafeModeRule rule is successfully validated
2025-05-28 15:17:17,363 [0cf558f4-2ca5-4c9f-a057-d7d7b755ef43@group-6B1567AA62B1-StateMachineUpdater] INFO  safemode.SCMSafeModeManager (SCMSafeModeManager.java:validateSafeModeExitRules(140)) - AtleastOneDatanodeReportedRule rule is successfully validated
2025-05-28 15:17:17,364 [EventQueue-PipelineReportForPipelineReportHandler] INFO  pipeline.PipelineReportHandler (PipelineReportHandler.java:processPipelineReport(134)) - Opened pipeline Pipeline-521a3680-1f3f-469b-9590-0d69dbd4f9b0
2025-05-28 15:17:17,364 [2b1bfca1-1fdc-4b0a-9b4d-c21112718afa-groupManagement] INFO  util.AwaitToRun (AwaitToRun.java:start(81)) - Thread[#959,2b1bfca1-1fdc-4b0a-9b4d-c21112718afa@group-0D69DBD4F9B0-cacheEviction-AwaitToRun,5,main] started
2025-05-28 15:17:17,364 [2b1bfca1-1fdc-4b0a-9b4d-c21112718afa-groupManagement] INFO  segmented.SegmentedRaftLogWorker (SegmentedRaftLogWorker.java:<init>(188)) - new 2b1bfca1-1fdc-4b0a-9b4d-c21112718afa@group-0D69DBD4F9B0-SegmentedRaftLogWorker for RaftStorageImpl:Storage Directory /home/runner/work/ozone/ozone/hadoop-ozone/integration-test/target/test-dir/MiniOzoneClusterImpl-723737d7-d862-4a19-a51f-6b1567aa62b1/ozone-meta/datanode-4/ratis/521a3680-1f3f-469b-9590-0d69dbd4f9b0
2025-05-28 15:17:17,364 [2b1bfca1-1fdc-4b0a-9b4d-c21112718afa-groupManagement] INFO  server.RaftServerConfigKeys (ConfUtils.java:logGet(46)) - raft.server.log.queue.byte-limit = 4294967296 (custom)
2025-05-28 15:17:17,365 [2b1bfca1-1fdc-4b0a-9b4d-c21112718afa-groupManagement] INFO  server.RaftServerConfigKeys (ConfUtils.java:logGet(46)) - raft.server.log.queue.element-limit = 1024 (custom)
2025-05-28 15:17:17,365 [2b1bfca1-1fdc-4b0a-9b4d-c21112718afa-groupManagement] INFO  server.RaftServerConfigKeys (ConfUtils.java:logGet(46)) - raft.server.log.segment.size.max = 67108864 (custom)
2025-05-28 15:17:17,365 [2b1bfca1-1fdc-4b0a-9b4d-c21112718afa-groupManagement] INFO  server.RaftServerConfigKeys (ConfUtils.java:logGet(46)) - raft.server.log.preallocated.size = 4194304 (custom)
2025-05-28 15:17:17,365 [2b1bfca1-1fdc-4b0a-9b4d-c21112718afa-groupManagement] INFO  server.RaftServerConfigKeys (ConfUtils.java:logGet(46)) - raft.server.log.force.sync.num = 128 (default)
2025-05-28 15:17:17,365 [2b1bfca1-1fdc-4b0a-9b4d-c21112718afa-groupManagement] INFO  server.RaftServerConfigKeys (ConfUtils.java:logGet(46)) - raft.server.log.statemachine.data.sync = true (default)
2025-05-28 15:17:17,365 [2b1bfca1-1fdc-4b0a-9b4d-c21112718afa-groupManagement] INFO  server.RaftServerConfigKeys (ConfUtils.java:logGet(46)) - raft.server.log.statemachine.data.sync.timeout = 10s (default)
2025-05-28 15:17:17,365 [2b1bfca1-1fdc-4b0a-9b4d-c21112718afa-groupManagement] INFO  server.RaftServerConfigKeys (ConfUtils.java:logGet(46)) - raft.server.log.statemachine.data.sync.timeout.retry = 30 (custom)
2025-05-28 15:17:17,366 [2b1bfca1-1fdc-4b0a-9b4d-c21112718afa-groupManagement] INFO  server.RaftServerConfigKeys (ConfUtils.java:logGet(46)) - raft.server.log.write.buffer.size = 33554440 (custom)
2025-05-28 15:17:17,371 [2b1bfca1-1fdc-4b0a-9b4d-c21112718afa-groupManagement] INFO  server.RaftServerConfigKeys (ConfUtils.java:logGet(46)) - raft.server.log.appender.buffer.byte-limit = 33554432 (custom)
2025-05-28 15:17:17,371 [2b1bfca1-1fdc-4b0a-9b4d-c21112718afa-groupManagement] INFO  server.RaftServerConfigKeys (ConfUtils.java:logGet(46)) - raft.server.log.unsafe-flush.enabled = false (default)
2025-05-28 15:17:17,372 [2b1bfca1-1fdc-4b0a-9b4d-c21112718afa-groupManagement] INFO  server.RaftServerConfigKeys (ConfUtils.java:logGet(46)) - raft.server.log.async-flush.enabled = false (default)
2025-05-28 15:17:17,372 [2b1bfca1-1fdc-4b0a-9b4d-c21112718afa-groupManagement] INFO  server.RaftServerConfigKeys (ConfUtils.java:logGet(46)) - raft.server.log.statemachine.data.caching.enabled = true (custom)
2025-05-28 15:17:17,372 [2b1bfca1-1fdc-4b0a-9b4d-c21112718afa-groupManagement] INFO  segmented.SegmentedRaftLogWorker (SegmentedRaftLogWorker.java:lambda$new$0(139)) - 2b1bfca1-1fdc-4b0a-9b4d-c21112718afa@group-0D69DBD4F9B0-SegmentedRaftLogWorker: flushIndex: setUnconditionally 0 -> -1
2025-05-28 15:17:17,372 [2b1bfca1-1fdc-4b0a-9b4d-c21112718afa-groupManagement] INFO  segmented.SegmentedRaftLogWorker (SegmentedRaftLogWorker.java:lambda$new$0(139)) - 2b1bfca1-1fdc-4b0a-9b4d-c21112718afa@group-0D69DBD4F9B0-SegmentedRaftLogWorker: safeCacheEvictIndex: setUnconditionally 0 -> -1
2025-05-28 15:17:17,372 [2b1bfca1-1fdc-4b0a-9b4d-c21112718afa-groupManagement] INFO  server.RaftServer$Division (RaftServerImpl.java:start(391)) - 2b1bfca1-1fdc-4b0a-9b4d-c21112718afa@group-0D69DBD4F9B0: start as a follower, conf=conf: {index: -1, cur=peers:[2b1bfca1-1fdc-4b0a-9b4d-c21112718afa|127.0.0.1:15039]|listeners:[], old=null}
2025-05-28 15:17:17,372 [2b1bfca1-1fdc-4b0a-9b4d-c21112718afa-groupManagement] INFO  server.RaftServer$Division (RaftServerImpl.java:setRole(378)) - 2b1bfca1-1fdc-4b0a-9b4d-c21112718afa@group-0D69DBD4F9B0: changes role from      null to FOLLOWER at term 0 for startAsFollower
2025-05-28 15:17:17,373 [2b1bfca1-1fdc-4b0a-9b4d-c21112718afa-groupManagement] INFO  impl.RoleInfo (RoleInfo.java:updateAndGet(148)) - 2b1bfca1-1fdc-4b0a-9b4d-c21112718afa: start 2b1bfca1-1fdc-4b0a-9b4d-c21112718afa@group-0D69DBD4F9B0-FollowerState
2025-05-28 15:17:17,373 [2b1bfca1-1fdc-4b0a-9b4d-c21112718afa@group-0D69DBD4F9B0-FollowerState] INFO  server.RaftServerConfigKeys (ConfUtils.java:logGet(46)) - raft.server.rpc.first-election.timeout.min = 1000ms (custom)
2025-05-28 15:17:17,374 [2b1bfca1-1fdc-4b0a-9b4d-c21112718afa@group-0D69DBD4F9B0-FollowerState] INFO  server.RaftServerConfigKeys (ConfUtils.java:logGet(46)) - raft.server.rpc.first-election.timeout.max = 1200ms (custom)
2025-05-28 15:17:17,374 [2b1bfca1-1fdc-4b0a-9b4d-c21112718afa-groupManagement] INFO  util.JmxRegister (JmxRegister.java:tryRegister(44)) - Successfully registered JMX Bean with object name Ratis:service=RaftServer,group=group-0D69DBD4F9B0,id=2b1bfca1-1fdc-4b0a-9b4d-c21112718afa
2025-05-28 15:17:17,374 [2b1bfca1-1fdc-4b0a-9b4d-c21112718afa-groupManagement] INFO  util.JmxRegister (JmxRegister.java:register(58)) - register mxBean class org.apache.ratis.server.impl.RaftServerJmxAdapter as Ratis:service=RaftServer,group=group-0D69DBD4F9B0,id=2b1bfca1-1fdc-4b0a-9b4d-c21112718afa
2025-05-28 15:17:17,374 [2b1bfca1-1fdc-4b0a-9b4d-c21112718afa-groupManagement] INFO  server.RaftServerConfigKeys (ConfUtils.java:logGet(46)) - raft.server.snapshot.trigger-when-stop.enabled = true (default)
2025-05-28 15:17:17,375 [2b1bfca1-1fdc-4b0a-9b4d-c21112718afa-groupManagement] INFO  server.RaftServerConfigKeys (ConfUtils.java:logGet(46)) - raft.server.snapshot.trigger-when-remove.enabled = true (default)
2025-05-28 15:17:17,375 [2b1bfca1-1fdc-4b0a-9b4d-c21112718afa-groupManagement] INFO  server.RaftServerConfigKeys (ConfUtils.java:logGet(46)) - raft.server.snapshot.auto.trigger.enabled = true (custom)
2025-05-28 15:17:17,375 [2b1bfca1-1fdc-4b0a-9b4d-c21112718afa-groupManagement] INFO  server.RaftServerConfigKeys (ConfUtils.java:logGet(46)) - raft.server.snapshot.auto.trigger.threshold = 100000 (custom)
2025-05-28 15:17:17,375 [2b1bfca1-1fdc-4b0a-9b4d-c21112718afa-groupManagement] INFO  server.RaftServerConfigKeys (ConfUtils.java:logGet(46)) - raft.server.snapshot.retention.file.num = 5 (custom)
2025-05-28 15:17:17,375 [2b1bfca1-1fdc-4b0a-9b4d-c21112718afa-groupManagement] INFO  server.RaftServerConfigKeys (ConfUtils.java:logGet(46)) - raft.server.log.purge.upto.snapshot.index = false (default)
2025-05-28 15:17:17,376 [2b1bfca1-1fdc-4b0a-9b4d-c21112718afa-groupManagement] INFO  server.RaftServer$Division (RaftServerImpl.java:start(405)) - 2b1bfca1-1fdc-4b0a-9b4d-c21112718afa@group-0D69DBD4F9B0: Successfully started.
2025-05-28 15:17:17,377 [2b1bfca1-1fdc-4b0a-9b4d-c21112718afa-PipelineCommandHandlerThread-0] INFO  ratis.XceiverServerRatis (XceiverServerRatis.java:addGroup(843)) - Created group Pipeline-521a3680-1f3f-469b-9590-0d69dbd4f9b0
2025-05-28 15:17:17,377 [2b1bfca1-1fdc-4b0a-9b4d-c21112718afa-PipelineCommandHandlerThread-0] INFO  commandhandler.CreatePipelineCommandHandler (CreatePipelineCommandHandler.java:lambda$handle$2(127)) - Created Pipeline RATIS ONE Pipeline-521a3680-1f3f-469b-9590-0d69dbd4f9b0.
2025-05-28 15:17:17,596 [78b7fabf-ca2a-4b70-8534-e46926e2083c-PipelineCommandHandlerThread-0] INFO  server.RaftServer (RaftServerProxy.java:addNew(100)) - 78b7fabf-ca2a-4b70-8534-e46926e2083c: addNew group-24323FEED52C:[78b7fabf-ca2a-4b70-8534-e46926e2083c|127.0.0.1:15047] returns group-24323FEED52C:java.util.concurrent.CompletableFuture@5321cd01[Not completed]
2025-05-28 15:17:17,597 [EventQueue-PipelineReportForOneReplicaPipelineSafeModeRule] INFO  safemode.SCMSafeModeManager (SCMSafeModeManager.java:validateSafeModeExitRules(140)) - AtleastOneDatanodeReportedRule rule is successfully validated
2025-05-28 15:17:17,598 [78b7fabf-ca2a-4b70-8534-e46926e2083c-groupManagement] WARN  statemachine.DatanodeConfiguration (DatanodeConfiguration.java:validateMinFreeSpace(689)) - hdds.datanode.volume.min.free.space.percent = -1.0 is invalid, should be between 0 and 1
2025-05-28 15:17:17,599 [78b7fabf-ca2a-4b70-8534-e46926e2083c-groupManagement] INFO  server.RaftServer$Division (RaftServerImpl.java:<init>(255)) - 78b7fabf-ca2a-4b70-8534-e46926e2083c: new RaftServerImpl for group-24323FEED52C:[78b7fabf-ca2a-4b70-8534-e46926e2083c|127.0.0.1:15047] with ContainerStateMachine:uninitialized
2025-05-28 15:17:17,599 [78b7fabf-ca2a-4b70-8534-e46926e2083c-groupManagement] INFO  server.RaftServerConfigKeys (ConfUtils.java:logGet(46)) - raft.server.rpc.timeout.min = 5s (custom)
2025-05-28 15:17:17,599 [78b7fabf-ca2a-4b70-8534-e46926e2083c-groupManagement] INFO  server.RaftServerConfigKeys (ConfUtils.java:logGet(46)) - raft.server.rpc.timeout.max = 5200ms (custom)
2025-05-28 15:17:17,599 [78b7fabf-ca2a-4b70-8534-e46926e2083c-groupManagement] INFO  server.RaftServerConfigKeys (ConfUtils.java:logGet(46)) - raft.server.rpc.sleep.time = 25ms (default)
2025-05-28 15:17:17,599 [78b7fabf-ca2a-4b70-8534-e46926e2083c-groupManagement] INFO  server.RaftServerConfigKeys (ConfUtils.java:logGet(46)) - raft.server.rpc.slowness.timeout = 300s (custom)
2025-05-28 15:17:17,599 [78b7fabf-ca2a-4b70-8534-e46926e2083c-groupManagement] INFO  server.RaftServerConfigKeys (ConfUtils.java:logGet(46)) - raft.server.leaderelection.leader.step-down.wait-time = 10s (default)
2025-05-28 15:17:17,599 [78b7fabf-ca2a-4b70-8534-e46926e2083c-groupManagement] INFO  server.RaftServerConfigKeys (ConfUtils.java:logGet(46)) - raft.server.leaderelection.member.majority-add = false (default)
2025-05-28 15:17:17,599 [78b7fabf-ca2a-4b70-8534-e46926e2083c-groupManagement] INFO  server.RaftServerConfigKeys (ConfUtils.java:logGet(46)) - raft.server.sleep.deviation.threshold = 300ms (default)
2025-05-28 15:17:17,599 [78b7fabf-ca2a-4b70-8534-e46926e2083c-groupManagement] INFO  server.RaftServer$Division (ServerState.java:<init>(114)) - 78b7fabf-ca2a-4b70-8534-e46926e2083c@group-24323FEED52C: ConfigurationManager, init=conf: {index: -1, cur=peers:[78b7fabf-ca2a-4b70-8534-e46926e2083c|127.0.0.1:15047]|listeners:[], old=null}, confs=<EMPTY_MAP>
2025-05-28 15:17:17,599 [78b7fabf-ca2a-4b70-8534-e46926e2083c-groupManagement] INFO  server.RaftServerConfigKeys (ConfUtils.java:logGet(46)) - raft.server.notification.no-leader.timeout = 300s (custom)
2025-05-28 15:17:17,599 [78b7fabf-ca2a-4b70-8534-e46926e2083c-groupManagement] INFO  server.RaftServerConfigKeys (ConfUtils.java:logGet(46)) - raft.server.read.timeout = 10s (default)
2025-05-28 15:17:17,599 [78b7fabf-ca2a-4b70-8534-e46926e2083c-groupManagement] INFO  server.RaftServerConfigKeys (ConfUtils.java:logGet(46)) - raft.server.retrycache.expirytime = 600000ms (custom)
2025-05-28 15:17:17,599 [78b7fabf-ca2a-4b70-8534-e46926e2083c-groupManagement] INFO  server.RaftServerConfigKeys (ConfUtils.java:logGet(46)) - raft.server.retrycache.statistics.expirytime = 100ms (default)
2025-05-28 15:17:17,600 [78b7fabf-ca2a-4b70-8534-e46926e2083c-groupManagement] INFO  server.RaftServerConfigKeys (ConfUtils.java:logGet(46)) - raft.server.read.option = DEFAULT (default)
2025-05-28 15:17:17,600 [78b7fabf-ca2a-4b70-8534-e46926e2083c-groupManagement] INFO  server.RaftServerConfigKeys (ConfUtils.java:logGet(46)) - raft.server.read.read-after-write-consistent.write-index-cache.expiry-time = 60s (default)
2025-05-28 15:17:17,603 [78b7fabf-ca2a-4b70-8534-e46926e2083c-groupManagement] INFO  server.RaftServerConfigKeys (ConfUtils.java:logGet(46)) - raft.server.rpc.request.timeout = 60s (custom)
2025-05-28 15:17:17,603 [78b7fabf-ca2a-4b70-8534-e46926e2083c-groupManagement] INFO  server.RaftServerConfigKeys (ConfUtils.java:logGet(46)) - raft.server.log.appender.install.snapshot.enabled = false (custom)
2025-05-28 15:17:17,603 [78b7fabf-ca2a-4b70-8534-e46926e2083c-groupManagement] INFO  server.RaftServerConfigKeys (ConfUtils.java:logGet(46)) - raft.server.threadpool.server.cached = true (default)
2025-05-28 15:17:17,603 [78b7fabf-ca2a-4b70-8534-e46926e2083c-groupManagement] INFO  server.RaftServerConfigKeys (ConfUtils.java:logGet(46)) - raft.server.threadpool.server.size = 0 (default)
2025-05-28 15:17:17,604 [78b7fabf-ca2a-4b70-8534-e46926e2083c-groupManagement] INFO  server.RaftServerConfigKeys (ConfUtils.java:logGet(46)) - raft.server.threadpool.client.cached = true (default)
2025-05-28 15:17:17,604 [78b7fabf-ca2a-4b70-8534-e46926e2083c-groupManagement] INFO  server.RaftServerConfigKeys (ConfUtils.java:logGet(46)) - raft.server.threadpool.client.size = 0 (default)
2025-05-28 15:17:17,604 [78b7fabf-ca2a-4b70-8534-e46926e2083c-groupManagement] INFO  server.RaftServerConfigKeys (ConfUtils.java:logGet(46)) - raft.server.storage.free-space.min = 0MB (=0) (default)
2025-05-28 15:17:17,604 [78b7fabf-ca2a-4b70-8534-e46926e2083c-groupManagement] INFO  server.RaftServerConfigKeys (ConfUtils.java:logGet(46)) - raft.server.log.corruption.policy = EXCEPTION (default)
2025-05-28 15:17:17,604 [78b7fabf-ca2a-4b70-8534-e46926e2083c-groupManagement] INFO  server.RaftServerConfigKeys (ConfUtils.java:logGet(46)) - raft.server.storage.dir = [/home/runner/work/ozone/ozone/hadoop-ozone/integration-test/target/test-dir/MiniOzoneClusterImpl-723737d7-d862-4a19-a51f-6b1567aa62b1/ozone-meta/datanode-5/ratis] (custom)
2025-05-28 15:17:17,604 [78b7fabf-ca2a-4b70-8534-e46926e2083c-groupManagement] INFO  storage.RaftStorageDirectory (RaftStorageDirectoryImpl.java:analyzeStorage(138)) - The storage directory /home/runner/work/ozone/ozone/hadoop-ozone/integration-test/target/test-dir/MiniOzoneClusterImpl-723737d7-d862-4a19-a51f-6b1567aa62b1/ozone-meta/datanode-5/ratis/874f0c76-b28c-46e1-bd10-24323feed52c does not exist. Creating ...
2025-05-28 15:17:17,606 [78b7fabf-ca2a-4b70-8534-e46926e2083c-groupManagement] INFO  storage.RaftStorageDirectory (RaftStorageDirectoryImpl.java:tryLock(229)) - Lock on /home/runner/work/ozone/ozone/hadoop-ozone/integration-test/target/test-dir/MiniOzoneClusterImpl-723737d7-d862-4a19-a51f-6b1567aa62b1/ozone-meta/datanode-5/ratis/874f0c76-b28c-46e1-bd10-24323feed52c/in_use.lock acquired by nodename 72973@localhost
2025-05-28 15:17:17,607 [78b7fabf-ca2a-4b70-8534-e46926e2083c-groupManagement] INFO  storage.RaftStorage (RaftStorageImpl.java:format(98)) - Storage directory /home/runner/work/ozone/ozone/hadoop-ozone/integration-test/target/test-dir/MiniOzoneClusterImpl-723737d7-d862-4a19-a51f-6b1567aa62b1/ozone-meta/datanode-5/ratis/874f0c76-b28c-46e1-bd10-24323feed52c has been successfully formatted.
2025-05-28 15:17:17,607 [78b7fabf-ca2a-4b70-8534-e46926e2083c-groupManagement] INFO  ratis.ContainerStateMachine (ContainerStateMachine.java:initialize(339)) - 78b7fabf-ca2a-4b70-8534-e46926e2083c: initialize group-24323FEED52C
2025-05-28 15:17:17,607 [78b7fabf-ca2a-4b70-8534-e46926e2083c-groupManagement] INFO  ratis.ContainerStateMachine (ContainerStateMachine.java:loadSnapshot(347)) - group-24323FEED52C: The snapshot info is null. Setting the last applied index to:(t:0, i:~)
2025-05-28 15:17:17,608 [78b7fabf-ca2a-4b70-8534-e46926e2083c-groupManagement] INFO  server.RaftServerConfigKeys (ConfUtils.java:logGet(46)) - raft.server.log.use.memory = false (default)
2025-05-28 15:17:17,608 [78b7fabf-ca2a-4b70-8534-e46926e2083c-groupManagement] INFO  server.RaftServerConfigKeys (ConfUtils.java:logGet(46)) - raft.server.log.purge.gap = 1000000 (custom)
2025-05-28 15:17:17,608 [78b7fabf-ca2a-4b70-8534-e46926e2083c-groupManagement] INFO  server.RaftServerConfigKeys (ConfUtils.java:logGet(46)) - raft.server.log.appender.buffer.byte-limit = 33554432 (custom)
2025-05-28 15:17:17,608 [78b7fabf-ca2a-4b70-8534-e46926e2083c-groupManagement] INFO  server.RaftServerConfigKeys (ConfUtils.java:logGet(46)) - raft.server.log.statemachine.data.read.timeout = 1000ms (default)
2025-05-28 15:17:17,608 [78b7fabf-ca2a-4b70-8534-e46926e2083c-groupManagement] INFO  server.RaftServerConfigKeys (ConfUtils.java:logGet(46)) - raft.server.log.purge.preservation.log.num = 0 (default)
2025-05-28 15:17:17,609 [4795f679-20b5-4d5a-9a13-c70766a2a14f@group-329227478BA6-FollowerState] INFO  impl.FollowerState (FollowerState.java:runImpl(161)) - 4795f679-20b5-4d5a-9a13-c70766a2a14f@group-329227478BA6-FollowerState: change to CANDIDATE, lastRpcElapsedTime:1051714094ns, electionTimeout:1050ms
2025-05-28 15:17:17,609 [4795f679-20b5-4d5a-9a13-c70766a2a14f@group-329227478BA6-FollowerState] INFO  impl.RoleInfo (RoleInfo.java:shutdownFollowerState(121)) - 4795f679-20b5-4d5a-9a13-c70766a2a14f: shutdown 4795f679-20b5-4d5a-9a13-c70766a2a14f@group-329227478BA6-FollowerState
2025-05-28 15:17:17,609 [4795f679-20b5-4d5a-9a13-c70766a2a14f@group-329227478BA6-FollowerState] INFO  server.RaftServer$Division (RaftServerImpl.java:setRole(378)) - 4795f679-20b5-4d5a-9a13-c70766a2a14f@group-329227478BA6: changes role from  FOLLOWER to CANDIDATE at term 0 for changeToCandidate
2025-05-28 15:17:17,609 [4795f679-20b5-4d5a-9a13-c70766a2a14f@group-329227478BA6-FollowerState] INFO  server.RaftServerConfigKeys (ConfUtils.java:logGet(46)) - raft.server.leaderelection.pre-vote = true (default)
2025-05-28 15:17:17,609 [4795f679-20b5-4d5a-9a13-c70766a2a14f@group-329227478BA6-FollowerState] INFO  impl.RoleInfo (RoleInfo.java:updateAndGet(148)) - 4795f679-20b5-4d5a-9a13-c70766a2a14f: start 4795f679-20b5-4d5a-9a13-c70766a2a14f@group-329227478BA6-LeaderElection4
2025-05-28 15:17:17,610 [78b7fabf-ca2a-4b70-8534-e46926e2083c-groupManagement] INFO  server.RaftServerConfigKeys (ConfUtils.java:logGet(46)) - raft.server.log.segment.size.max = 67108864 (custom)
2025-05-28 15:17:17,610 [4795f679-20b5-4d5a-9a13-c70766a2a14f@group-329227478BA6-LeaderElection4] INFO  impl.LeaderElection (LeaderElection.java:askForVotes(332)) - 4795f679-20b5-4d5a-9a13-c70766a2a14f@group-329227478BA6-LeaderElection4 PRE_VOTE round 0: submit vote requests at term 0 for conf: {index: -1, cur=peers:[4795f679-20b5-4d5a-9a13-c70766a2a14f|127.0.0.1:15015]|listeners:[], old=null}
2025-05-28 15:17:17,610 [4795f679-20b5-4d5a-9a13-c70766a2a14f@group-329227478BA6-LeaderElection4] INFO  impl.LeaderElection (LeaderElection.java:askForVotes(334)) - 4795f679-20b5-4d5a-9a13-c70766a2a14f@group-329227478BA6-LeaderElection4 PRE_VOTE round 0: result PASSED (term=0)
2025-05-28 15:17:17,611 [78b7fabf-ca2a-4b70-8534-e46926e2083c-groupManagement] INFO  server.RaftServerConfigKeys (ConfUtils.java:logGet(46)) - raft.server.log.segment.cache.num.max = 2 (custom)
2025-05-28 15:17:17,611 [78b7fabf-ca2a-4b70-8534-e46926e2083c-groupManagement] INFO  server.RaftServerConfigKeys (ConfUtils.java:logGet(46)) - raft.server.log.segment.cache.size.max = 200MB (=209715200) (default)
2025-05-28 15:17:17,611 [78b7fabf-ca2a-4b70-8534-e46926e2083c-groupManagement] INFO  server.RaftServerConfigKeys (ConfUtils.java:logGet(46)) - raft.server.log.appender.buffer.byte-limit = 33554432 (custom)
2025-05-28 15:17:17,611 [EventQueue-PipelineReportForOneReplicaPipelineSafeModeRule] INFO  safemode.SCMSafeModeManager (SCMSafeModeManager.java:validateSafeModeExitRules(140)) - AtleastOneDatanodeReportedRule rule is successfully validated
2025-05-28 15:17:17,612 [78b7fabf-ca2a-4b70-8534-e46926e2083c-groupManagement] INFO  util.AwaitToRun (AwaitToRun.java:start(81)) - Thread[#966,78b7fabf-ca2a-4b70-8534-e46926e2083c@group-24323FEED52C-cacheEviction-AwaitToRun,5,main] started
2025-05-28 15:17:17,612 [78b7fabf-ca2a-4b70-8534-e46926e2083c-groupManagement] INFO  segmented.SegmentedRaftLogWorker (SegmentedRaftLogWorker.java:<init>(188)) - new 78b7fabf-ca2a-4b70-8534-e46926e2083c@group-24323FEED52C-SegmentedRaftLogWorker for RaftStorageImpl:Storage Directory /home/runner/work/ozone/ozone/hadoop-ozone/integration-test/target/test-dir/MiniOzoneClusterImpl-723737d7-d862-4a19-a51f-6b1567aa62b1/ozone-meta/datanode-5/ratis/874f0c76-b28c-46e1-bd10-24323feed52c
2025-05-28 15:17:17,612 [78b7fabf-ca2a-4b70-8534-e46926e2083c-groupManagement] INFO  server.RaftServerConfigKeys (ConfUtils.java:logGet(46)) - raft.server.log.queue.byte-limit = 4294967296 (custom)
2025-05-28 15:17:17,612 [78b7fabf-ca2a-4b70-8534-e46926e2083c-groupManagement] INFO  server.RaftServerConfigKeys (ConfUtils.java:logGet(46)) - raft.server.log.queue.element-limit = 1024 (custom)
2025-05-28 15:17:17,612 [78b7fabf-ca2a-4b70-8534-e46926e2083c-groupManagement] INFO  server.RaftServerConfigKeys (ConfUtils.java:logGet(46)) - raft.server.log.segment.size.max = 67108864 (custom)
2025-05-28 15:17:17,612 [78b7fabf-ca2a-4b70-8534-e46926e2083c-groupManagement] INFO  server.RaftServerConfigKeys (ConfUtils.java:logGet(46)) - raft.server.log.preallocated.size = 4194304 (custom)
2025-05-28 15:17:17,612 [78b7fabf-ca2a-4b70-8534-e46926e2083c-groupManagement] INFO  server.RaftServerConfigKeys (ConfUtils.java:logGet(46)) - raft.server.log.force.sync.num = 128 (default)
2025-05-28 15:17:17,612 [78b7fabf-ca2a-4b70-8534-e46926e2083c-groupManagement] INFO  server.RaftServerConfigKeys (ConfUtils.java:logGet(46)) - raft.server.log.statemachine.data.sync = true (default)
2025-05-28 15:17:17,612 [78b7fabf-ca2a-4b70-8534-e46926e2083c-groupManagement] INFO  server.RaftServerConfigKeys (ConfUtils.java:logGet(46)) - raft.server.log.statemachine.data.sync.timeout = 10s (default)
2025-05-28 15:17:17,612 [78b7fabf-ca2a-4b70-8534-e46926e2083c-groupManagement] INFO  server.RaftServerConfigKeys (ConfUtils.java:logGet(46)) - raft.server.log.statemachine.data.sync.timeout.retry = 30 (custom)
2025-05-28 15:17:17,613 [78b7fabf-ca2a-4b70-8534-e46926e2083c-groupManagement] INFO  server.RaftServerConfigKeys (ConfUtils.java:logGet(46)) - raft.server.log.write.buffer.size = 33554440 (custom)
2025-05-28 15:17:17,616 [4795f679-20b5-4d5a-9a13-c70766a2a14f@group-329227478BA6-LeaderElection4] INFO  impl.LeaderElection (LeaderElection.java:askForVotes(332)) - 4795f679-20b5-4d5a-9a13-c70766a2a14f@group-329227478BA6-LeaderElection4 ELECTION round 0: submit vote requests at term 1 for conf: {index: -1, cur=peers:[4795f679-20b5-4d5a-9a13-c70766a2a14f|127.0.0.1:15015]|listeners:[], old=null}
2025-05-28 15:17:17,617 [0cf558f4-2ca5-4c9f-a057-d7d7b755ef43@group-6B1567AA62B1-StateMachineUpdater] INFO  safemode.SCMSafeModeManager (SCMSafeModeManager.java:validateSafeModeExitRules(140)) - DataNodeSafeModeRule rule is successfully validated
2025-05-28 15:17:17,617 [0cf558f4-2ca5-4c9f-a057-d7d7b755ef43@group-6B1567AA62B1-StateMachineUpdater] INFO  safemode.SCMSafeModeManager (SCMSafeModeManager.java:validateSafeModeExitRules(140)) - RatisContainerSafeModeRule rule is successfully validated
2025-05-28 15:17:17,617 [0cf558f4-2ca5-4c9f-a057-d7d7b755ef43@group-6B1567AA62B1-StateMachineUpdater] INFO  safemode.HealthyPipelineSafeModeRule (HealthyPipelineSafeModeRule.java:initializeRule(228)) - Refreshed total pipeline count is 0, healthy pipeline threshold count is 1
2025-05-28 15:17:17,617 [0cf558f4-2ca5-4c9f-a057-d7d7b755ef43@group-6B1567AA62B1-StateMachineUpdater] INFO  safemode.SCMSafeModeManager (SCMSafeModeManager.java:validateSafeModeExitRules(140)) - ECContainerSafeModeRule rule is successfully validated
2025-05-28 15:17:17,617 [0cf558f4-2ca5-4c9f-a057-d7d7b755ef43@group-6B1567AA62B1-StateMachineUpdater] INFO  safemode.SCMSafeModeManager (SCMSafeModeManager.java:validateSafeModeExitRules(140)) - AtleastOneDatanodeReportedRule rule is successfully validated
2025-05-28 15:17:17,617 [4795f679-20b5-4d5a-9a13-c70766a2a14f@group-329227478BA6-LeaderElection4] INFO  impl.LeaderElection (LeaderElection.java:askForVotes(334)) - 4795f679-20b5-4d5a-9a13-c70766a2a14f@group-329227478BA6-LeaderElection4 ELECTION round 0: result PASSED (term=1)
2025-05-28 15:17:17,618 [4795f679-20b5-4d5a-9a13-c70766a2a14f@group-329227478BA6-LeaderElection4] INFO  impl.RoleInfo (RoleInfo.java:shutdownLeaderElection(141)) - 4795f679-20b5-4d5a-9a13-c70766a2a14f: shutdown 4795f679-20b5-4d5a-9a13-c70766a2a14f@group-329227478BA6-LeaderElection4
2025-05-28 15:17:17,618 [4795f679-20b5-4d5a-9a13-c70766a2a14f@group-329227478BA6-LeaderElection4] INFO  server.RaftServer$Division (RaftServerImpl.java:setRole(378)) - 4795f679-20b5-4d5a-9a13-c70766a2a14f@group-329227478BA6: changes role from CANDIDATE to LEADER at term 1 for changeToLeader
2025-05-28 15:17:17,618 [4795f679-20b5-4d5a-9a13-c70766a2a14f@group-329227478BA6-LeaderElection4] INFO  server.RaftServerConfigKeys (ConfUtils.java:logGet(46)) - raft.server.staging.catchup.gap = 1000 (default)
2025-05-28 15:17:17,618 [4795f679-20b5-4d5a-9a13-c70766a2a14f@group-329227478BA6-LeaderElection4] INFO  server.RaftServerConfigKeys (ConfUtils.java:logGet(46)) - raft.server.write.element-limit = 1024 (custom)
2025-05-28 15:17:17,619 [4795f679-20b5-4d5a-9a13-c70766a2a14f@group-329227478BA6-LeaderElection4] INFO  server.RaftServerConfigKeys (ConfUtils.java:logGet(46)) - raft.server.write.byte-limit = 1024 M (=1073741824) (custom)
2025-05-28 15:17:17,619 [78b7fabf-ca2a-4b70-8534-e46926e2083c-groupManagement] INFO  server.RaftServerConfigKeys (ConfUtils.java:logGet(46)) - raft.server.log.appender.buffer.byte-limit = 33554432 (custom)
2025-05-28 15:17:17,619 [78b7fabf-ca2a-4b70-8534-e46926e2083c-groupManagement] INFO  server.RaftServerConfigKeys (ConfUtils.java:logGet(46)) - raft.server.log.unsafe-flush.enabled = false (default)
2025-05-28 15:17:17,619 [78b7fabf-ca2a-4b70-8534-e46926e2083c-groupManagement] INFO  server.RaftServerConfigKeys (ConfUtils.java:logGet(46)) - raft.server.log.async-flush.enabled = false (default)
2025-05-28 15:17:17,619 [78b7fabf-ca2a-4b70-8534-e46926e2083c-groupManagement] INFO  server.RaftServerConfigKeys (ConfUtils.java:logGet(46)) - raft.server.log.statemachine.data.caching.enabled = true (custom)
2025-05-28 15:17:17,619 [78b7fabf-ca2a-4b70-8534-e46926e2083c-groupManagement] INFO  segmented.SegmentedRaftLogWorker (SegmentedRaftLogWorker.java:lambda$new$0(139)) - 78b7fabf-ca2a-4b70-8534-e46926e2083c@group-24323FEED52C-SegmentedRaftLogWorker: flushIndex: setUnconditionally 0 -> -1
2025-05-28 15:17:17,619 [EventQueue-PipelineReportForPipelineReportHandler] INFO  pipeline.PipelineReportHandler (PipelineReportHandler.java:processPipelineReport(134)) - Opened pipeline Pipeline-874f0c76-b28c-46e1-bd10-24323feed52c
2025-05-28 15:17:17,620 [4795f679-20b5-4d5a-9a13-c70766a2a14f@group-329227478BA6-LeaderElection4] INFO  server.RaftServerConfigKeys (ConfUtils.java:logGet(46)) - raft.server.watch.timeout = 30s (custom)
2025-05-28 15:17:17,620 [4795f679-20b5-4d5a-9a13-c70766a2a14f@group-329227478BA6-LeaderElection4] INFO  server.RaftServerConfigKeys (ConfUtils.java:logGet(46)) - raft.server.watch.timeout.denomination = 1s (default)
2025-05-28 15:17:17,620 [4795f679-20b5-4d5a-9a13-c70766a2a14f@group-329227478BA6-LeaderElection4] INFO  server.RaftServerConfigKeys (ConfUtils.java:logGet(46)) - raft.server.watch.element-limit = 65536 (default)
2025-05-28 15:17:17,619 [78b7fabf-ca2a-4b70-8534-e46926e2083c-groupManagement] INFO  segmented.SegmentedRaftLogWorker (SegmentedRaftLogWorker.java:lambda$new$0(139)) - 78b7fabf-ca2a-4b70-8534-e46926e2083c@group-24323FEED52C-SegmentedRaftLogWorker: safeCacheEvictIndex: setUnconditionally 0 -> -1
2025-05-28 15:17:17,621 [78b7fabf-ca2a-4b70-8534-e46926e2083c-groupManagement] INFO  server.RaftServer$Division (RaftServerImpl.java:start(391)) - 78b7fabf-ca2a-4b70-8534-e46926e2083c@group-24323FEED52C: start as a follower, conf=conf: {index: -1, cur=peers:[78b7fabf-ca2a-4b70-8534-e46926e2083c|127.0.0.1:15047]|listeners:[], old=null}
2025-05-28 15:17:17,621 [78b7fabf-ca2a-4b70-8534-e46926e2083c-groupManagement] INFO  server.RaftServer$Division (RaftServerImpl.java:setRole(378)) - 78b7fabf-ca2a-4b70-8534-e46926e2083c@group-24323FEED52C: changes role from      null to FOLLOWER at term 0 for startAsFollower
2025-05-28 15:17:17,621 [78b7fabf-ca2a-4b70-8534-e46926e2083c-groupManagement] INFO  impl.RoleInfo (RoleInfo.java:updateAndGet(148)) - 78b7fabf-ca2a-4b70-8534-e46926e2083c: start 78b7fabf-ca2a-4b70-8534-e46926e2083c@group-24323FEED52C-FollowerState
2025-05-28 15:17:17,621 [4795f679-20b5-4d5a-9a13-c70766a2a14f@group-329227478BA6-LeaderElection4] INFO  server.RaftServerConfigKeys (ConfUtils.java:logGet(46)) - raft.server.read.leader.lease.enabled = false (default)
2025-05-28 15:17:17,621 [4795f679-20b5-4d5a-9a13-c70766a2a14f@group-329227478BA6-LeaderElection4] INFO  server.RaftServerConfigKeys (ConfUtils.java:logGet(46)) - raft.server.read.leader.lease.timeout.ratio = 0.9 (default)
2025-05-28 15:17:17,621 [78b7fabf-ca2a-4b70-8534-e46926e2083c-groupManagement] INFO  util.JmxRegister (JmxRegister.java:tryRegister(44)) - Successfully registered JMX Bean with object name Ratis:service=RaftServer,group=group-24323FEED52C,id=78b7fabf-ca2a-4b70-8534-e46926e2083c
2025-05-28 15:17:17,622 [78b7fabf-ca2a-4b70-8534-e46926e2083c-groupManagement] INFO  util.JmxRegister (JmxRegister.java:register(58)) - register mxBean class org.apache.ratis.server.impl.RaftServerJmxAdapter as Ratis:service=RaftServer,group=group-24323FEED52C,id=78b7fabf-ca2a-4b70-8534-e46926e2083c
2025-05-28 15:17:17,622 [78b7fabf-ca2a-4b70-8534-e46926e2083c-groupManagement] INFO  server.RaftServerConfigKeys (ConfUtils.java:logGet(46)) - raft.server.snapshot.trigger-when-stop.enabled = true (default)
2025-05-28 15:17:17,622 [78b7fabf-ca2a-4b70-8534-e46926e2083c-groupManagement] INFO  server.RaftServerConfigKeys (ConfUtils.java:logGet(46)) - raft.server.snapshot.trigger-when-remove.enabled = true (default)
2025-05-28 15:17:17,622 [78b7fabf-ca2a-4b70-8534-e46926e2083c-groupManagement] INFO  server.RaftServerConfigKeys (ConfUtils.java:logGet(46)) - raft.server.snapshot.auto.trigger.enabled = true (custom)
2025-05-28 15:17:17,622 [78b7fabf-ca2a-4b70-8534-e46926e2083c-groupManagement] INFO  server.RaftServerConfigKeys (ConfUtils.java:logGet(46)) - raft.server.snapshot.auto.trigger.threshold = 100000 (custom)
2025-05-28 15:17:17,621 [4795f679-20b5-4d5a-9a13-c70766a2a14f@group-329227478BA6-LeaderElection4] INFO  server.RaftServerConfigKeys (ConfUtils.java:logGet(46)) - raft.server.rpc.timeout.min = 5s (custom)
2025-05-28 15:17:17,621 [78b7fabf-ca2a-4b70-8534-e46926e2083c@group-24323FEED52C-FollowerState] INFO  server.RaftServerConfigKeys (ConfUtils.java:logGet(46)) - raft.server.rpc.first-election.timeout.min = 1000ms (custom)
2025-05-28 15:17:17,622 [78b7fabf-ca2a-4b70-8534-e46926e2083c@group-24323FEED52C-FollowerState] INFO  server.RaftServerConfigKeys (ConfUtils.java:logGet(46)) - raft.server.rpc.first-election.timeout.max = 1200ms (custom)
2025-05-28 15:17:17,622 [4795f679-20b5-4d5a-9a13-c70766a2a14f@group-329227478BA6-LeaderElection4] INFO  server.RaftServerConfigKeys (ConfUtils.java:logGet(46)) - raft.server.log.log-metadata.enabled = true (default)
2025-05-28 15:17:17,623 [4795f679-20b5-4d5a-9a13-c70766a2a14f@group-329227478BA6-LeaderElection4] INFO  server.RaftServerConfigKeys (ConfUtils.java:logGet(46)) - raft.server.write.element-limit = 1024 (custom)
2025-05-28 15:17:17,623 [4795f679-20b5-4d5a-9a13-c70766a2a14f@group-329227478BA6-LeaderElection4] INFO  server.RaftServerConfigKeys (ConfUtils.java:logGet(46)) - raft.server.write.follower.gap.ratio.max = -1.0 (default)
2025-05-28 15:17:17,622 [78b7fabf-ca2a-4b70-8534-e46926e2083c-groupManagement] INFO  server.RaftServerConfigKeys (ConfUtils.java:logGet(46)) - raft.server.snapshot.retention.file.num = 5 (custom)
2025-05-28 15:17:17,623 [4795f679-20b5-4d5a-9a13-c70766a2a14f@group-329227478BA6-LeaderElection4] INFO  impl.RoleInfo (RoleInfo.java:updateAndGet(148)) - 4795f679-20b5-4d5a-9a13-c70766a2a14f: start 4795f679-20b5-4d5a-9a13-c70766a2a14f@group-329227478BA6-LeaderStateImpl
2025-05-28 15:17:17,623 [78b7fabf-ca2a-4b70-8534-e46926e2083c-groupManagement] INFO  server.RaftServerConfigKeys (ConfUtils.java:logGet(46)) - raft.server.log.purge.upto.snapshot.index = false (default)
2025-05-28 15:17:17,623 [4795f679-20b5-4d5a-9a13-c70766a2a14f@group-329227478BA6-LeaderElection4] INFO  server.RaftServer$Division (RaftServerImpl.java:setFirstElection(562)) - 4795f679-20b5-4d5a-9a13-c70766a2a14f@group-329227478BA6: set firstElectionSinceStartup to false for becomeLeader
2025-05-28 15:17:17,623 [4795f679-20b5-4d5a-9a13-c70766a2a14f@group-329227478BA6-LeaderElection4] INFO  ratis.XceiverServerRatis (XceiverServerRatis.java:handleLeaderChangedNotification(944)) - Leader change notification received for group: group-329227478BA6 with new leaderId: 4795f679-20b5-4d5a-9a13-c70766a2a14f
2025-05-28 15:17:17,624 [78b7fabf-ca2a-4b70-8534-e46926e2083c-groupManagement] INFO  server.RaftServer$Division (RaftServerImpl.java:start(405)) - 78b7fabf-ca2a-4b70-8534-e46926e2083c@group-24323FEED52C: Successfully started.
2025-05-28 15:17:17,626 [4795f679-20b5-4d5a-9a13-c70766a2a14f@group-329227478BA6-LeaderElection4] INFO  server.RaftServer$Division (ServerState.java:setLeader(272)) - 4795f679-20b5-4d5a-9a13-c70766a2a14f@group-329227478BA6: change Leader from null to 4795f679-20b5-4d5a-9a13-c70766a2a14f at term 1 for becomeLeader, leader elected after 1097ms
2025-05-28 15:17:17,626 [78b7fabf-ca2a-4b70-8534-e46926e2083c-PipelineCommandHandlerThread-0] INFO  ratis.XceiverServerRatis (XceiverServerRatis.java:addGroup(843)) - Created group Pipeline-874f0c76-b28c-46e1-bd10-24323feed52c
2025-05-28 15:17:17,626 [78b7fabf-ca2a-4b70-8534-e46926e2083c-PipelineCommandHandlerThread-0] INFO  commandhandler.CreatePipelineCommandHandler (CreatePipelineCommandHandler.java:lambda$handle$2(127)) - Created Pipeline RATIS ONE Pipeline-874f0c76-b28c-46e1-bd10-24323feed52c.
2025-05-28 15:17:17,626 [4795f679-20b5-4d5a-9a13-c70766a2a14f@group-329227478BA6-LeaderElection4] INFO  segmented.SegmentedRaftLogWorker (SegmentedRaftLogWorker.java:startLogSegment(438)) - 4795f679-20b5-4d5a-9a13-c70766a2a14f@group-329227478BA6-SegmentedRaftLogWorker: Starting segment from index:0
2025-05-28 15:17:17,627 [4795f679-20b5-4d5a-9a13-c70766a2a14f@group-329227478BA6-LeaderElection4] INFO  server.RaftServer$Division (ServerState.java:setRaftConf(386)) - 4795f679-20b5-4d5a-9a13-c70766a2a14f@group-329227478BA6: set configuration conf: {index: 0, cur=peers:[4795f679-20b5-4d5a-9a13-c70766a2a14f|127.0.0.1:15015]|listeners:[], old=null}
2025-05-28 15:17:17,627 [4795f679-20b5-4d5a-9a13-c70766a2a14f@group-329227478BA6-SegmentedRaftLogWorker] INFO  segmented.BufferedWriteChannel (BufferedWriteChannel.java:open(61)) - open log_inprogress_0 at position 0
2025-05-28 15:17:17,628 [EventQueue-PipelineReportForOneReplicaPipelineSafeModeRule] INFO  safemode.SCMSafeModeManager (SCMSafeModeManager.java:validateSafeModeExitRules(140)) - AtleastOneDatanodeReportedRule rule is successfully validated
2025-05-28 15:17:17,637 [4795f679-20b5-4d5a-9a13-c70766a2a14f@group-329227478BA6-SegmentedRaftLogWorker] INFO  segmented.SegmentedRaftLogWorker (SegmentedRaftLogWorker.java:execute(644)) - 4795f679-20b5-4d5a-9a13-c70766a2a14f@group-329227478BA6-SegmentedRaftLogWorker: created new log segment /home/runner/work/ozone/ozone/hadoop-ozone/integration-test/target/test-dir/MiniOzoneClusterImpl-723737d7-d862-4a19-a51f-6b1567aa62b1/ozone-meta/datanode-1/ratis/de08d823-7de2-489b-90ad-329227478ba6/current/log_inprogress_0
2025-05-28 15:17:17,640 [4795f679-20b5-4d5a-9a13-c70766a2a14f@group-329227478BA6-StateMachineUpdater] INFO  server.RaftServer$Division (LeaderStateImpl.java:checkStartIndex(313)) - Leader 4795f679-20b5-4d5a-9a13-c70766a2a14f@group-329227478BA6-LeaderStateImpl is ready since appliedIndex == startIndex == 0
2025-05-28 15:17:17,734 [4795f679-20b5-4d5a-9a13-c70766a2a14f@group-3199EF5D7496-FollowerState] INFO  impl.FollowerState (FollowerState.java:runImpl(161)) - 4795f679-20b5-4d5a-9a13-c70766a2a14f@group-3199EF5D7496-FollowerState: change to CANDIDATE, lastRpcElapsedTime:1148626928ns, electionTimeout:1148ms
2025-05-28 15:17:17,734 [4795f679-20b5-4d5a-9a13-c70766a2a14f@group-3199EF5D7496-FollowerState] INFO  impl.RoleInfo (RoleInfo.java:shutdownFollowerState(121)) - 4795f679-20b5-4d5a-9a13-c70766a2a14f: shutdown 4795f679-20b5-4d5a-9a13-c70766a2a14f@group-3199EF5D7496-FollowerState
2025-05-28 15:17:17,735 [4795f679-20b5-4d5a-9a13-c70766a2a14f@group-3199EF5D7496-FollowerState] INFO  server.RaftServer$Division (RaftServerImpl.java:setRole(378)) - 4795f679-20b5-4d5a-9a13-c70766a2a14f@group-3199EF5D7496: changes role from  FOLLOWER to CANDIDATE at term 0 for changeToCandidate
2025-05-28 15:17:17,735 [4795f679-20b5-4d5a-9a13-c70766a2a14f@group-3199EF5D7496-FollowerState] INFO  server.RaftServerConfigKeys (ConfUtils.java:logGet(46)) - raft.server.leaderelection.pre-vote = true (default)
2025-05-28 15:17:17,735 [4795f679-20b5-4d5a-9a13-c70766a2a14f@group-3199EF5D7496-FollowerState] INFO  impl.RoleInfo (RoleInfo.java:updateAndGet(148)) - 4795f679-20b5-4d5a-9a13-c70766a2a14f: start 4795f679-20b5-4d5a-9a13-c70766a2a14f@group-3199EF5D7496-LeaderElection5
2025-05-28 15:17:17,735 [4795f679-20b5-4d5a-9a13-c70766a2a14f@group-3199EF5D7496-LeaderElection5] INFO  impl.LeaderElection (LeaderElection.java:askForVotes(332)) - 4795f679-20b5-4d5a-9a13-c70766a2a14f@group-3199EF5D7496-LeaderElection5 PRE_VOTE round 0: submit vote requests at term 0 for conf: {index: -1, cur=peers:[4795f679-20b5-4d5a-9a13-c70766a2a14f|127.0.0.1:15015, a755fe32-7d9a-4996-bc51-d7fbc67ab218|127.0.0.1:15023, dacc202e-cd42-4a7a-b335-fe62dff69130|127.0.0.1:15031]|listeners:[], old=null}
2025-05-28 15:17:17,738 [4795f679-20b5-4d5a-9a13-c70766a2a14f@group-3199EF5D7496-LeaderElection5] INFO  server.RaftServerConfigKeys (ConfUtils.java:logGet(46)) - raft.server.rpc.first-election.timeout.min = 1000ms (custom)
2025-05-28 15:17:17,738 [4795f679-20b5-4d5a-9a13-c70766a2a14f@group-3199EF5D7496-LeaderElection5] INFO  server.RaftServerConfigKeys (ConfUtils.java:logGet(46)) - raft.server.rpc.first-election.timeout.max = 1200ms (custom)
2025-05-28 15:17:17,738 [4795f679-20b5-4d5a-9a13-c70766a2a14f@group-3199EF5D7496-LeaderElection5-1] INFO  server.GrpcServerProtocolClient (GrpcServerProtocolClient.java:<init>(65)) - Build channel for a755fe32-7d9a-4996-bc51-d7fbc67ab218|127.0.0.1:15023
2025-05-28 15:17:17,738 [4795f679-20b5-4d5a-9a13-c70766a2a14f@group-3199EF5D7496-LeaderElection5-2] INFO  server.GrpcServerProtocolClient (GrpcServerProtocolClient.java:<init>(65)) - Build channel for dacc202e-cd42-4a7a-b335-fe62dff69130|127.0.0.1:15031
2025-05-28 15:17:17,746 [grpc-default-executor-0] INFO  server.RaftServer$Division (RaftServerImpl.java:requestVote(1407)) - dacc202e-cd42-4a7a-b335-fe62dff69130@group-3199EF5D7496: receive requestVote(PRE_VOTE, 4795f679-20b5-4d5a-9a13-c70766a2a14f, group-3199EF5D7496, 0, (t:0, i:0))
2025-05-28 15:17:17,746 [grpc-default-executor-1] INFO  server.RaftServer$Division (RaftServerImpl.java:requestVote(1407)) - a755fe32-7d9a-4996-bc51-d7fbc67ab218@group-3199EF5D7496: receive requestVote(PRE_VOTE, 4795f679-20b5-4d5a-9a13-c70766a2a14f, group-3199EF5D7496, 0, (t:0, i:0))
2025-05-28 15:17:17,747 [grpc-default-executor-1] INFO  impl.VoteContext (VoteContext.java:log(49)) - a755fe32-7d9a-4996-bc51-d7fbc67ab218@group-3199EF5D7496-FOLLOWER: reject PRE_VOTE from 4795f679-20b5-4d5a-9a13-c70766a2a14f: our priority 1 > candidate's priority 0
2025-05-28 15:17:17,747 [grpc-default-executor-0] INFO  impl.VoteContext (VoteContext.java:log(49)) - dacc202e-cd42-4a7a-b335-fe62dff69130@group-3199EF5D7496-FOLLOWER: accept PRE_VOTE from 4795f679-20b5-4d5a-9a13-c70766a2a14f: our priority 0 <= candidate's priority 0
2025-05-28 15:17:17,749 [grpc-default-executor-1] INFO  server.RaftServer$Division (RaftServerImpl.java:requestVote(1441)) - a755fe32-7d9a-4996-bc51-d7fbc67ab218@group-3199EF5D7496 replies to PRE_VOTE vote request: 4795f679-20b5-4d5a-9a13-c70766a2a14f<-a755fe32-7d9a-4996-bc51-d7fbc67ab218#0:FAIL-t0. Peer's state: a755fe32-7d9a-4996-bc51-d7fbc67ab218@group-3199EF5D7496:t0, leader=null, voted=, raftlog=Memoized:a755fe32-7d9a-4996-bc51-d7fbc67ab218@group-3199EF5D7496-SegmentedRaftLog:OPENED:c-1:lastnull, conf=conf: {index: -1, cur=peers:[4795f679-20b5-4d5a-9a13-c70766a2a14f|127.0.0.1:15015, a755fe32-7d9a-4996-bc51-d7fbc67ab218|127.0.0.1:15023, dacc202e-cd42-4a7a-b335-fe62dff69130|127.0.0.1:15031]|listeners:[], old=null}
2025-05-28 15:17:17,749 [grpc-default-executor-0] INFO  server.RaftServer$Division (RaftServerImpl.java:requestVote(1441)) - dacc202e-cd42-4a7a-b335-fe62dff69130@group-3199EF5D7496 replies to PRE_VOTE vote request: 4795f679-20b5-4d5a-9a13-c70766a2a14f<-dacc202e-cd42-4a7a-b335-fe62dff69130#0:OK-t0. Peer's state: dacc202e-cd42-4a7a-b335-fe62dff69130@group-3199EF5D7496:t0, leader=null, voted=, raftlog=Memoized:dacc202e-cd42-4a7a-b335-fe62dff69130@group-3199EF5D7496-SegmentedRaftLog:OPENED:c-1:lastnull, conf=conf: {index: -1, cur=peers:[4795f679-20b5-4d5a-9a13-c70766a2a14f|127.0.0.1:15015, a755fe32-7d9a-4996-bc51-d7fbc67ab218|127.0.0.1:15023, dacc202e-cd42-4a7a-b335-fe62dff69130|127.0.0.1:15031]|listeners:[], old=null}
2025-05-28 15:17:17,751 [4795f679-20b5-4d5a-9a13-c70766a2a14f@group-3199EF5D7496-LeaderElection5] INFO  impl.LeaderElection (LeaderElection.java:logAndReturn(90)) - 4795f679-20b5-4d5a-9a13-c70766a2a14f@group-3199EF5D7496-LeaderElection5: PRE_VOTE REJECTED received 1 response(s) and 0 exception(s):
2025-05-28 15:17:17,751 [4795f679-20b5-4d5a-9a13-c70766a2a14f@group-3199EF5D7496-LeaderElection5] INFO  impl.LeaderElection (LeaderElection.java:logAndReturn(94)) -   Response 0: 4795f679-20b5-4d5a-9a13-c70766a2a14f<-a755fe32-7d9a-4996-bc51-d7fbc67ab218#0:FAIL-t0
2025-05-28 15:17:17,752 [4795f679-20b5-4d5a-9a13-c70766a2a14f@group-3199EF5D7496-LeaderElection5] INFO  impl.LeaderElection (LeaderElection.java:askForVotes(334)) - 4795f679-20b5-4d5a-9a13-c70766a2a14f@group-3199EF5D7496-LeaderElection5 PRE_VOTE round 0: result REJECTED
2025-05-28 15:17:17,752 [4795f679-20b5-4d5a-9a13-c70766a2a14f@group-3199EF5D7496-LeaderElection5] INFO  server.RaftServer$Division (RaftServerImpl.java:setRole(378)) - 4795f679-20b5-4d5a-9a13-c70766a2a14f@group-3199EF5D7496: changes role from CANDIDATE to FOLLOWER at term 0 for REJECTED
2025-05-28 15:17:17,752 [4795f679-20b5-4d5a-9a13-c70766a2a14f@group-3199EF5D7496-LeaderElection5] INFO  impl.RoleInfo (RoleInfo.java:shutdownLeaderElection(141)) - 4795f679-20b5-4d5a-9a13-c70766a2a14f: shutdown 4795f679-20b5-4d5a-9a13-c70766a2a14f@group-3199EF5D7496-LeaderElection5
2025-05-28 15:17:17,752 [4795f679-20b5-4d5a-9a13-c70766a2a14f@group-3199EF5D7496-LeaderElection5] INFO  impl.RoleInfo (RoleInfo.java:updateAndGet(148)) - 4795f679-20b5-4d5a-9a13-c70766a2a14f: start 4795f679-20b5-4d5a-9a13-c70766a2a14f@group-3199EF5D7496-FollowerState
2025-05-28 15:17:17,753 [4795f679-20b5-4d5a-9a13-c70766a2a14f@group-3199EF5D7496-LeaderElection5] INFO  server.RaftServer$Division (RaftServerImpl.java:setFirstElection(562)) - 4795f679-20b5-4d5a-9a13-c70766a2a14f@group-3199EF5D7496: set firstElectionSinceStartup to false for REJECTED
2025-05-28 15:17:17,789 [a755fe32-7d9a-4996-bc51-d7fbc67ab218@group-49974E48289D-FollowerState] INFO  impl.FollowerState (FollowerState.java:runImpl(161)) - a755fe32-7d9a-4996-bc51-d7fbc67ab218@group-49974E48289D-FollowerState: change to CANDIDATE, lastRpcElapsedTime:1007783352ns, electionTimeout:1006ms
2025-05-28 15:17:17,789 [a755fe32-7d9a-4996-bc51-d7fbc67ab218@group-49974E48289D-FollowerState] INFO  impl.RoleInfo (RoleInfo.java:shutdownFollowerState(121)) - a755fe32-7d9a-4996-bc51-d7fbc67ab218: shutdown a755fe32-7d9a-4996-bc51-d7fbc67ab218@group-49974E48289D-FollowerState
2025-05-28 15:17:17,789 [a755fe32-7d9a-4996-bc51-d7fbc67ab218@group-49974E48289D-FollowerState] INFO  server.RaftServer$Division (RaftServerImpl.java:setRole(378)) - a755fe32-7d9a-4996-bc51-d7fbc67ab218@group-49974E48289D: changes role from  FOLLOWER to CANDIDATE at term 0 for changeToCandidate
2025-05-28 15:17:17,790 [a755fe32-7d9a-4996-bc51-d7fbc67ab218@group-49974E48289D-FollowerState] INFO  server.RaftServerConfigKeys (ConfUtils.java:logGet(46)) - raft.server.leaderelection.pre-vote = true (default)
2025-05-28 15:17:17,790 [a755fe32-7d9a-4996-bc51-d7fbc67ab218@group-49974E48289D-FollowerState] INFO  impl.RoleInfo (RoleInfo.java:updateAndGet(148)) - a755fe32-7d9a-4996-bc51-d7fbc67ab218: start a755fe32-7d9a-4996-bc51-d7fbc67ab218@group-49974E48289D-LeaderElection6
2025-05-28 15:17:17,790 [a755fe32-7d9a-4996-bc51-d7fbc67ab218@group-49974E48289D-LeaderElection6] INFO  impl.LeaderElection (LeaderElection.java:askForVotes(332)) - a755fe32-7d9a-4996-bc51-d7fbc67ab218@group-49974E48289D-LeaderElection6 PRE_VOTE round 0: submit vote requests at term 0 for conf: {index: -1, cur=peers:[a755fe32-7d9a-4996-bc51-d7fbc67ab218|127.0.0.1:15023]|listeners:[], old=null}
2025-05-28 15:17:17,790 [a755fe32-7d9a-4996-bc51-d7fbc67ab218@group-49974E48289D-LeaderElection6] INFO  impl.LeaderElection (LeaderElection.java:askForVotes(334)) - a755fe32-7d9a-4996-bc51-d7fbc67ab218@group-49974E48289D-LeaderElection6 PRE_VOTE round 0: result PASSED (term=0)
2025-05-28 15:17:17,792 [a755fe32-7d9a-4996-bc51-d7fbc67ab218@group-49974E48289D-LeaderElection6] INFO  impl.LeaderElection (LeaderElection.java:askForVotes(332)) - a755fe32-7d9a-4996-bc51-d7fbc67ab218@group-49974E48289D-LeaderElection6 ELECTION round 0: submit vote requests at term 1 for conf: {index: -1, cur=peers:[a755fe32-7d9a-4996-bc51-d7fbc67ab218|127.0.0.1:15023]|listeners:[], old=null}
2025-05-28 15:17:17,792 [a755fe32-7d9a-4996-bc51-d7fbc67ab218@group-49974E48289D-LeaderElection6] INFO  impl.LeaderElection (LeaderElection.java:askForVotes(334)) - a755fe32-7d9a-4996-bc51-d7fbc67ab218@group-49974E48289D-LeaderElection6 ELECTION round 0: result PASSED (term=1)
2025-05-28 15:17:17,792 [a755fe32-7d9a-4996-bc51-d7fbc67ab218@group-49974E48289D-LeaderElection6] INFO  impl.RoleInfo (RoleInfo.java:shutdownLeaderElection(141)) - a755fe32-7d9a-4996-bc51-d7fbc67ab218: shutdown a755fe32-7d9a-4996-bc51-d7fbc67ab218@group-49974E48289D-LeaderElection6
2025-05-28 15:17:17,792 [a755fe32-7d9a-4996-bc51-d7fbc67ab218@group-49974E48289D-LeaderElection6] INFO  server.RaftServer$Division (RaftServerImpl.java:setRole(378)) - a755fe32-7d9a-4996-bc51-d7fbc67ab218@group-49974E48289D: changes role from CANDIDATE to LEADER at term 1 for changeToLeader
2025-05-28 15:17:17,793 [a755fe32-7d9a-4996-bc51-d7fbc67ab218@group-49974E48289D-LeaderElection6] INFO  server.RaftServerConfigKeys (ConfUtils.java:logGet(46)) - raft.server.staging.catchup.gap = 1000 (default)
2025-05-28 15:17:17,793 [a755fe32-7d9a-4996-bc51-d7fbc67ab218@group-49974E48289D-LeaderElection6] INFO  server.RaftServerConfigKeys (ConfUtils.java:logGet(46)) - raft.server.write.element-limit = 1024 (custom)
2025-05-28 15:17:17,793 [a755fe32-7d9a-4996-bc51-d7fbc67ab218@group-49974E48289D-LeaderElection6] INFO  server.RaftServerConfigKeys (ConfUtils.java:logGet(46)) - raft.server.write.byte-limit = 1024 M (=1073741824) (custom)
2025-05-28 15:17:17,793 [a755fe32-7d9a-4996-bc51-d7fbc67ab218@group-49974E48289D-LeaderElection6] INFO  server.RaftServerConfigKeys (ConfUtils.java:logGet(46)) - raft.server.watch.timeout = 30s (custom)
2025-05-28 15:17:17,793 [a755fe32-7d9a-4996-bc51-d7fbc67ab218@group-49974E48289D-LeaderElection6] INFO  server.RaftServerConfigKeys (ConfUtils.java:logGet(46)) - raft.server.watch.timeout.denomination = 1s (default)
2025-05-28 15:17:17,794 [a755fe32-7d9a-4996-bc51-d7fbc67ab218@group-49974E48289D-LeaderElection6] INFO  server.RaftServerConfigKeys (ConfUtils.java:logGet(46)) - raft.server.watch.element-limit = 65536 (default)
2025-05-28 15:17:17,794 [a755fe32-7d9a-4996-bc51-d7fbc67ab218@group-49974E48289D-LeaderElection6] INFO  server.RaftServerConfigKeys (ConfUtils.java:logGet(46)) - raft.server.read.leader.lease.enabled = false (default)
2025-05-28 15:17:17,794 [a755fe32-7d9a-4996-bc51-d7fbc67ab218@group-49974E48289D-LeaderElection6] INFO  server.RaftServerConfigKeys (ConfUtils.java:logGet(46)) - raft.server.read.leader.lease.timeout.ratio = 0.9 (default)
2025-05-28 15:17:17,794 [a755fe32-7d9a-4996-bc51-d7fbc67ab218@group-49974E48289D-LeaderElection6] INFO  server.RaftServerConfigKeys (ConfUtils.java:logGet(46)) - raft.server.rpc.timeout.min = 5s (custom)
2025-05-28 15:17:17,794 [a755fe32-7d9a-4996-bc51-d7fbc67ab218@group-49974E48289D-LeaderElection6] INFO  server.RaftServerConfigKeys (ConfUtils.java:logGet(46)) - raft.server.log.log-metadata.enabled = true (default)
2025-05-28 15:17:17,795 [a755fe32-7d9a-4996-bc51-d7fbc67ab218@group-49974E48289D-LeaderElection6] INFO  server.RaftServerConfigKeys (ConfUtils.java:logGet(46)) - raft.server.write.element-limit = 1024 (custom)
2025-05-28 15:17:17,795 [a755fe32-7d9a-4996-bc51-d7fbc67ab218@group-49974E48289D-LeaderElection6] INFO  server.RaftServerConfigKeys (ConfUtils.java:logGet(46)) - raft.server.write.follower.gap.ratio.max = -1.0 (default)
2025-05-28 15:17:17,795 [a755fe32-7d9a-4996-bc51-d7fbc67ab218@group-49974E48289D-LeaderElection6] INFO  impl.RoleInfo (RoleInfo.java:updateAndGet(148)) - a755fe32-7d9a-4996-bc51-d7fbc67ab218: start a755fe32-7d9a-4996-bc51-d7fbc67ab218@group-49974E48289D-LeaderStateImpl
2025-05-28 15:17:17,795 [a755fe32-7d9a-4996-bc51-d7fbc67ab218@group-49974E48289D-LeaderElection6] INFO  server.RaftServer$Division (RaftServerImpl.java:setFirstElection(562)) - a755fe32-7d9a-4996-bc51-d7fbc67ab218@group-49974E48289D: set firstElectionSinceStartup to false for becomeLeader
2025-05-28 15:17:17,795 [a755fe32-7d9a-4996-bc51-d7fbc67ab218@group-49974E48289D-LeaderElection6] INFO  ratis.XceiverServerRatis (XceiverServerRatis.java:handleLeaderChangedNotification(944)) - Leader change notification received for group: group-49974E48289D with new leaderId: a755fe32-7d9a-4996-bc51-d7fbc67ab218
2025-05-28 15:17:17,795 [a755fe32-7d9a-4996-bc51-d7fbc67ab218@group-49974E48289D-LeaderElection6] INFO  server.RaftServer$Division (ServerState.java:setLeader(272)) - a755fe32-7d9a-4996-bc51-d7fbc67ab218@group-49974E48289D: change Leader from null to a755fe32-7d9a-4996-bc51-d7fbc67ab218 at term 1 for becomeLeader, leader elected after 1051ms
2025-05-28 15:17:17,796 [a755fe32-7d9a-4996-bc51-d7fbc67ab218@group-49974E48289D-LeaderElection6] INFO  segmented.SegmentedRaftLogWorker (SegmentedRaftLogWorker.java:startLogSegment(438)) - a755fe32-7d9a-4996-bc51-d7fbc67ab218@group-49974E48289D-SegmentedRaftLogWorker: Starting segment from index:0
2025-05-28 15:17:17,796 [a755fe32-7d9a-4996-bc51-d7fbc67ab218@group-49974E48289D-LeaderElection6] INFO  server.RaftServer$Division (ServerState.java:setRaftConf(386)) - a755fe32-7d9a-4996-bc51-d7fbc67ab218@group-49974E48289D: set configuration conf: {index: 0, cur=peers:[a755fe32-7d9a-4996-bc51-d7fbc67ab218|127.0.0.1:15023]|listeners:[], old=null}
2025-05-28 15:17:17,799 [a755fe32-7d9a-4996-bc51-d7fbc67ab218@group-49974E48289D-SegmentedRaftLogWorker] INFO  segmented.BufferedWriteChannel (BufferedWriteChannel.java:open(61)) - open log_inprogress_0 at position 0
2025-05-28 15:17:17,803 [EventQueue-PipelineReportForOneReplicaPipelineSafeModeRule] INFO  safemode.SCMSafeModeManager (SCMSafeModeManager.java:validateSafeModeExitRules(140)) - AtleastOneDatanodeReportedRule rule is successfully validated
2025-05-28 15:17:17,811 [a755fe32-7d9a-4996-bc51-d7fbc67ab218@group-49974E48289D-SegmentedRaftLogWorker] INFO  segmented.SegmentedRaftLogWorker (SegmentedRaftLogWorker.java:execute(644)) - a755fe32-7d9a-4996-bc51-d7fbc67ab218@group-49974E48289D-SegmentedRaftLogWorker: created new log segment /home/runner/work/ozone/ozone/hadoop-ozone/integration-test/target/test-dir/MiniOzoneClusterImpl-723737d7-d862-4a19-a51f-6b1567aa62b1/ozone-meta/datanode-2/ratis/f117c5d4-1fac-41a1-a14c-49974e48289d/current/log_inprogress_0
2025-05-28 15:17:17,814 [a755fe32-7d9a-4996-bc51-d7fbc67ab218@group-49974E48289D-StateMachineUpdater] INFO  server.RaftServer$Division (LeaderStateImpl.java:checkStartIndex(313)) - Leader a755fe32-7d9a-4996-bc51-d7fbc67ab218@group-49974E48289D-LeaderStateImpl is ready since appliedIndex == startIndex == 0
2025-05-28 15:17:17,956 [dacc202e-cd42-4a7a-b335-fe62dff69130@group-3199EF5D7496-FollowerState] INFO  server.RaftServerConfigKeys (ConfUtils.java:logGet(46)) - raft.server.rpc.first-election.timeout.min = 1000ms (custom)
2025-05-28 15:17:17,956 [dacc202e-cd42-4a7a-b335-fe62dff69130@group-3199EF5D7496-FollowerState] INFO  server.RaftServerConfigKeys (ConfUtils.java:logGet(46)) - raft.server.rpc.first-election.timeout.max = 1200ms (custom)
2025-05-28 15:17:17,991 [a755fe32-7d9a-4996-bc51-d7fbc67ab218@group-EBC9B9187764-FollowerState] INFO  impl.FollowerState (FollowerState.java:runImpl(161)) - a755fe32-7d9a-4996-bc51-d7fbc67ab218@group-EBC9B9187764-FollowerState: change to CANDIDATE, lastRpcElapsedTime:1009694035ns, electionTimeout:1009ms
2025-05-28 15:17:17,991 [a755fe32-7d9a-4996-bc51-d7fbc67ab218@group-EBC9B9187764-FollowerState] INFO  impl.RoleInfo (RoleInfo.java:shutdownFollowerState(121)) - a755fe32-7d9a-4996-bc51-d7fbc67ab218: shutdown a755fe32-7d9a-4996-bc51-d7fbc67ab218@group-EBC9B9187764-FollowerState
2025-05-28 15:17:17,991 [a755fe32-7d9a-4996-bc51-d7fbc67ab218@group-EBC9B9187764-FollowerState] INFO  server.RaftServer$Division (RaftServerImpl.java:setRole(378)) - a755fe32-7d9a-4996-bc51-d7fbc67ab218@group-EBC9B9187764: changes role from  FOLLOWER to CANDIDATE at term 0 for changeToCandidate
2025-05-28 15:17:17,991 [a755fe32-7d9a-4996-bc51-d7fbc67ab218@group-EBC9B9187764-FollowerState] INFO  server.RaftServerConfigKeys (ConfUtils.java:logGet(46)) - raft.server.leaderelection.pre-vote = true (default)
2025-05-28 15:17:17,991 [a755fe32-7d9a-4996-bc51-d7fbc67ab218@group-EBC9B9187764-FollowerState] INFO  impl.RoleInfo (RoleInfo.java:updateAndGet(148)) - a755fe32-7d9a-4996-bc51-d7fbc67ab218: start a755fe32-7d9a-4996-bc51-d7fbc67ab218@group-EBC9B9187764-LeaderElection7
2025-05-28 15:17:17,992 [a755fe32-7d9a-4996-bc51-d7fbc67ab218@group-EBC9B9187764-LeaderElection7] INFO  impl.LeaderElection (LeaderElection.java:askForVotes(332)) - a755fe32-7d9a-4996-bc51-d7fbc67ab218@group-EBC9B9187764-LeaderElection7 PRE_VOTE round 0: submit vote requests at term 0 for conf: {index: -1, cur=peers:[4795f679-20b5-4d5a-9a13-c70766a2a14f|127.0.0.1:15015, a755fe32-7d9a-4996-bc51-d7fbc67ab218|127.0.0.1:15023, dacc202e-cd42-4a7a-b335-fe62dff69130|127.0.0.1:15031]|listeners:[], old=null}
2025-05-28 15:17:17,992 [a755fe32-7d9a-4996-bc51-d7fbc67ab218@group-EBC9B9187764-LeaderElection7-1] INFO  server.GrpcServerProtocolClient (GrpcServerProtocolClient.java:<init>(65)) - Build channel for 4795f679-20b5-4d5a-9a13-c70766a2a14f|127.0.0.1:15015
2025-05-28 15:17:17,992 [a755fe32-7d9a-4996-bc51-d7fbc67ab218@group-EBC9B9187764-LeaderElection7-2] INFO  server.GrpcServerProtocolClient (GrpcServerProtocolClient.java:<init>(65)) - Build channel for dacc202e-cd42-4a7a-b335-fe62dff69130|127.0.0.1:15031
2025-05-28 15:17:17,992 [a755fe32-7d9a-4996-bc51-d7fbc67ab218@group-EBC9B9187764-LeaderElection7] INFO  server.RaftServerConfigKeys (ConfUtils.java:logGet(46)) - raft.server.rpc.first-election.timeout.min = 1000ms (custom)
2025-05-28 15:17:17,993 [a755fe32-7d9a-4996-bc51-d7fbc67ab218@group-EBC9B9187764-LeaderElection7] INFO  server.RaftServerConfigKeys (ConfUtils.java:logGet(46)) - raft.server.rpc.first-election.timeout.max = 1200ms (custom)
2025-05-28 15:17:17,996 [a755fe32-7d9a-4996-bc51-d7fbc67ab218@group-3199EF5D7496-FollowerState] INFO  impl.FollowerState (FollowerState.java:runImpl(161)) - a755fe32-7d9a-4996-bc51-d7fbc67ab218@group-3199EF5D7496-FollowerState: change to CANDIDATE, lastRpcElapsedTime:1181959489ns, electionTimeout:1179ms
2025-05-28 15:17:17,996 [a755fe32-7d9a-4996-bc51-d7fbc67ab218@group-3199EF5D7496-FollowerState] INFO  impl.RoleInfo (RoleInfo.java:shutdownFollowerState(121)) - a755fe32-7d9a-4996-bc51-d7fbc67ab218: shutdown a755fe32-7d9a-4996-bc51-d7fbc67ab218@group-3199EF5D7496-FollowerState
2025-05-28 15:17:17,996 [a755fe32-7d9a-4996-bc51-d7fbc67ab218@group-3199EF5D7496-FollowerState] INFO  server.RaftServer$Division (RaftServerImpl.java:setRole(378)) - a755fe32-7d9a-4996-bc51-d7fbc67ab218@group-3199EF5D7496: changes role from  FOLLOWER to CANDIDATE at term 0 for changeToCandidate
2025-05-28 15:17:17,996 [a755fe32-7d9a-4996-bc51-d7fbc67ab218@group-3199EF5D7496-FollowerState] INFO  server.RaftServerConfigKeys (ConfUtils.java:logGet(46)) - raft.server.leaderelection.pre-vote = true (default)
2025-05-28 15:17:17,997 [a755fe32-7d9a-4996-bc51-d7fbc67ab218@group-3199EF5D7496-FollowerState] INFO  impl.RoleInfo (RoleInfo.java:updateAndGet(148)) - a755fe32-7d9a-4996-bc51-d7fbc67ab218: start a755fe32-7d9a-4996-bc51-d7fbc67ab218@group-3199EF5D7496-LeaderElection8
2025-05-28 15:17:17,997 [a755fe32-7d9a-4996-bc51-d7fbc67ab218@group-3199EF5D7496-LeaderElection8] INFO  impl.LeaderElection (LeaderElection.java:askForVotes(332)) - a755fe32-7d9a-4996-bc51-d7fbc67ab218@group-3199EF5D7496-LeaderElection8 PRE_VOTE round 0: submit vote requests at term 0 for conf: {index: -1, cur=peers:[4795f679-20b5-4d5a-9a13-c70766a2a14f|127.0.0.1:15015, a755fe32-7d9a-4996-bc51-d7fbc67ab218|127.0.0.1:15023, dacc202e-cd42-4a7a-b335-fe62dff69130|127.0.0.1:15031]|listeners:[], old=null}
2025-05-28 15:17:17,998 [grpc-default-executor-1] INFO  server.RaftServer$Division (RaftServerImpl.java:requestVote(1407)) - 4795f679-20b5-4d5a-9a13-c70766a2a14f@group-EBC9B9187764: receive requestVote(PRE_VOTE, a755fe32-7d9a-4996-bc51-d7fbc67ab218, group-EBC9B9187764, 0, (t:0, i:0))
2025-05-28 15:17:17,998 [grpc-default-executor-1] INFO  impl.VoteContext (VoteContext.java:log(49)) - 4795f679-20b5-4d5a-9a13-c70766a2a14f@group-EBC9B9187764-FOLLOWER: reject PRE_VOTE from a755fe32-7d9a-4996-bc51-d7fbc67ab218: our priority 1 > candidate's priority 0
2025-05-28 15:17:17,998 [grpc-default-executor-1] INFO  server.RaftServer$Division (RaftServerImpl.java:requestVote(1441)) - 4795f679-20b5-4d5a-9a13-c70766a2a14f@group-EBC9B9187764 replies to PRE_VOTE vote request: a755fe32-7d9a-4996-bc51-d7fbc67ab218<-4795f679-20b5-4d5a-9a13-c70766a2a14f#0:FAIL-t0. Peer's state: 4795f679-20b5-4d5a-9a13-c70766a2a14f@group-EBC9B9187764:t0, leader=null, voted=, raftlog=Memoized:4795f679-20b5-4d5a-9a13-c70766a2a14f@group-EBC9B9187764-SegmentedRaftLog:OPENED:c-1:lastnull, conf=conf: {index: -1, cur=peers:[4795f679-20b5-4d5a-9a13-c70766a2a14f|127.0.0.1:15015, a755fe32-7d9a-4996-bc51-d7fbc67ab218|127.0.0.1:15023, dacc202e-cd42-4a7a-b335-fe62dff69130|127.0.0.1:15031]|listeners:[], old=null}
2025-05-28 15:17:17,998 [grpc-default-executor-0] INFO  server.RaftServer$Division (RaftServerImpl.java:requestVote(1407)) - dacc202e-cd42-4a7a-b335-fe62dff69130@group-EBC9B9187764: receive requestVote(PRE_VOTE, a755fe32-7d9a-4996-bc51-d7fbc67ab218, group-EBC9B9187764, 0, (t:0, i:0))
2025-05-28 15:17:17,999 [grpc-default-executor-0] INFO  impl.VoteContext (VoteContext.java:log(49)) - dacc202e-cd42-4a7a-b335-fe62dff69130@group-EBC9B9187764-FOLLOWER: accept PRE_VOTE from a755fe32-7d9a-4996-bc51-d7fbc67ab218: our priority 0 <= candidate's priority 0
2025-05-28 15:17:17,999 [a755fe32-7d9a-4996-bc51-d7fbc67ab218@group-3199EF5D7496-LeaderElection8] INFO  server.RaftServerConfigKeys (ConfUtils.java:logGet(46)) - raft.server.rpc.first-election.timeout.min = 1000ms (custom)
2025-05-28 15:17:17,999 [a755fe32-7d9a-4996-bc51-d7fbc67ab218@group-3199EF5D7496-LeaderElection8] INFO  server.RaftServerConfigKeys (ConfUtils.java:logGet(46)) - raft.server.rpc.first-election.timeout.max = 1200ms (custom)
2025-05-28 15:17:17,999 [grpc-default-executor-0] INFO  server.RaftServer$Division (RaftServerImpl.java:requestVote(1441)) - dacc202e-cd42-4a7a-b335-fe62dff69130@group-EBC9B9187764 replies to PRE_VOTE vote request: a755fe32-7d9a-4996-bc51-d7fbc67ab218<-dacc202e-cd42-4a7a-b335-fe62dff69130#0:OK-t0. Peer's state: dacc202e-cd42-4a7a-b335-fe62dff69130@group-EBC9B9187764:t0, leader=null, voted=, raftlog=Memoized:dacc202e-cd42-4a7a-b335-fe62dff69130@group-EBC9B9187764-SegmentedRaftLog:OPENED:c-1:lastnull, conf=conf: {index: -1, cur=peers:[4795f679-20b5-4d5a-9a13-c70766a2a14f|127.0.0.1:15015, a755fe32-7d9a-4996-bc51-d7fbc67ab218|127.0.0.1:15023, dacc202e-cd42-4a7a-b335-fe62dff69130|127.0.0.1:15031]|listeners:[], old=null}
2025-05-28 15:17:18,001 [a755fe32-7d9a-4996-bc51-d7fbc67ab218@group-EBC9B9187764-LeaderElection7] INFO  impl.LeaderElection (LeaderElection.java:logAndReturn(90)) - a755fe32-7d9a-4996-bc51-d7fbc67ab218@group-EBC9B9187764-LeaderElection7: PRE_VOTE REJECTED received 1 response(s) and 0 exception(s):
2025-05-28 15:17:18,002 [a755fe32-7d9a-4996-bc51-d7fbc67ab218@group-EBC9B9187764-LeaderElection7] INFO  impl.LeaderElection (LeaderElection.java:logAndReturn(94)) -   Response 0: a755fe32-7d9a-4996-bc51-d7fbc67ab218<-4795f679-20b5-4d5a-9a13-c70766a2a14f#0:FAIL-t0
2025-05-28 15:17:18,002 [a755fe32-7d9a-4996-bc51-d7fbc67ab218@group-EBC9B9187764-LeaderElection7] INFO  impl.LeaderElection (LeaderElection.java:askForVotes(334)) - a755fe32-7d9a-4996-bc51-d7fbc67ab218@group-EBC9B9187764-LeaderElection7 PRE_VOTE round 0: result REJECTED
2025-05-28 15:17:18,002 [a755fe32-7d9a-4996-bc51-d7fbc67ab218@group-EBC9B9187764-LeaderElection7] INFO  server.RaftServer$Division (RaftServerImpl.java:setRole(378)) - a755fe32-7d9a-4996-bc51-d7fbc67ab218@group-EBC9B9187764: changes role from CANDIDATE to FOLLOWER at term 0 for REJECTED
2025-05-28 15:17:18,002 [a755fe32-7d9a-4996-bc51-d7fbc67ab218@group-EBC9B9187764-LeaderElection7] INFO  impl.RoleInfo (RoleInfo.java:shutdownLeaderElection(141)) - a755fe32-7d9a-4996-bc51-d7fbc67ab218: shutdown a755fe32-7d9a-4996-bc51-d7fbc67ab218@group-EBC9B9187764-LeaderElection7
2025-05-28 15:17:18,002 [a755fe32-7d9a-4996-bc51-d7fbc67ab218@group-EBC9B9187764-LeaderElection7] INFO  impl.RoleInfo (RoleInfo.java:updateAndGet(148)) - a755fe32-7d9a-4996-bc51-d7fbc67ab218: start a755fe32-7d9a-4996-bc51-d7fbc67ab218@group-EBC9B9187764-FollowerState
2025-05-28 15:17:18,003 [grpc-default-executor-1] INFO  server.RaftServer$Division (RaftServerImpl.java:requestVote(1407)) - dacc202e-cd42-4a7a-b335-fe62dff69130@group-3199EF5D7496: receive requestVote(PRE_VOTE, a755fe32-7d9a-4996-bc51-d7fbc67ab218, group-3199EF5D7496, 0, (t:0, i:0))
2025-05-28 15:17:18,003 [grpc-default-executor-1] INFO  impl.VoteContext (VoteContext.java:log(49)) - dacc202e-cd42-4a7a-b335-fe62dff69130@group-3199EF5D7496-FOLLOWER: accept PRE_VOTE from a755fe32-7d9a-4996-bc51-d7fbc67ab218: our priority 0 <= candidate's priority 1
2025-05-28 15:17:18,003 [grpc-default-executor-1] INFO  server.RaftServer$Division (RaftServerImpl.java:requestVote(1441)) - dacc202e-cd42-4a7a-b335-fe62dff69130@group-3199EF5D7496 replies to PRE_VOTE vote request: a755fe32-7d9a-4996-bc51-d7fbc67ab218<-dacc202e-cd42-4a7a-b335-fe62dff69130#0:OK-t0. Peer's state: dacc202e-cd42-4a7a-b335-fe62dff69130@group-3199EF5D7496:t0, leader=null, voted=, raftlog=Memoized:dacc202e-cd42-4a7a-b335-fe62dff69130@group-3199EF5D7496-SegmentedRaftLog:OPENED:c-1:lastnull, conf=conf: {index: -1, cur=peers:[4795f679-20b5-4d5a-9a13-c70766a2a14f|127.0.0.1:15015, a755fe32-7d9a-4996-bc51-d7fbc67ab218|127.0.0.1:15023, dacc202e-cd42-4a7a-b335-fe62dff69130|127.0.0.1:15031]|listeners:[], old=null}
2025-05-28 15:17:18,003 [grpc-default-executor-2] INFO  server.RaftServer$Division (RaftServerImpl.java:requestVote(1407)) - 4795f679-20b5-4d5a-9a13-c70766a2a14f@group-3199EF5D7496: receive requestVote(PRE_VOTE, a755fe32-7d9a-4996-bc51-d7fbc67ab218, group-3199EF5D7496, 0, (t:0, i:0))
2025-05-28 15:17:18,004 [a755fe32-7d9a-4996-bc51-d7fbc67ab218@group-EBC9B9187764-LeaderElection7] INFO  server.RaftServer$Division (RaftServerImpl.java:setFirstElection(562)) - a755fe32-7d9a-4996-bc51-d7fbc67ab218@group-EBC9B9187764: set firstElectionSinceStartup to false for REJECTED
2025-05-28 15:17:18,004 [a755fe32-7d9a-4996-bc51-d7fbc67ab218@group-EBC9B9187764-FollowerState] INFO  server.RaftServerConfigKeys (ConfUtils.java:logGet(46)) - raft.server.rpc.first-election.timeout.min = 1000ms (custom)
2025-05-28 15:17:18,005 [a755fe32-7d9a-4996-bc51-d7fbc67ab218@group-EBC9B9187764-FollowerState] INFO  server.RaftServerConfigKeys (ConfUtils.java:logGet(46)) - raft.server.rpc.first-election.timeout.max = 1200ms (custom)
2025-05-28 15:17:18,005 [grpc-default-executor-2] INFO  impl.VoteContext (VoteContext.java:log(49)) - 4795f679-20b5-4d5a-9a13-c70766a2a14f@group-3199EF5D7496-FOLLOWER: accept PRE_VOTE from a755fe32-7d9a-4996-bc51-d7fbc67ab218: our priority 0 <= candidate's priority 1
2025-05-28 15:17:18,005 [grpc-default-executor-2] INFO  server.RaftServer$Division (RaftServerImpl.java:requestVote(1441)) - 4795f679-20b5-4d5a-9a13-c70766a2a14f@group-3199EF5D7496 replies to PRE_VOTE vote request: a755fe32-7d9a-4996-bc51-d7fbc67ab218<-4795f679-20b5-4d5a-9a13-c70766a2a14f#0:OK-t0. Peer's state: 4795f679-20b5-4d5a-9a13-c70766a2a14f@group-3199EF5D7496:t0, leader=null, voted=, raftlog=Memoized:4795f679-20b5-4d5a-9a13-c70766a2a14f@group-3199EF5D7496-SegmentedRaftLog:OPENED:c-1:lastnull, conf=conf: {index: -1, cur=peers:[4795f679-20b5-4d5a-9a13-c70766a2a14f|127.0.0.1:15015, a755fe32-7d9a-4996-bc51-d7fbc67ab218|127.0.0.1:15023, dacc202e-cd42-4a7a-b335-fe62dff69130|127.0.0.1:15031]|listeners:[], old=null}
2025-05-28 15:17:18,006 [a755fe32-7d9a-4996-bc51-d7fbc67ab218@group-3199EF5D7496-LeaderElection8] INFO  impl.LeaderElection (LeaderElection.java:logAndReturn(90)) - a755fe32-7d9a-4996-bc51-d7fbc67ab218@group-3199EF5D7496-LeaderElection8: PRE_VOTE PASSED received 1 response(s) and 0 exception(s):
2025-05-28 15:17:18,006 [a755fe32-7d9a-4996-bc51-d7fbc67ab218@group-3199EF5D7496-LeaderElection8] INFO  impl.LeaderElection (LeaderElection.java:logAndReturn(94)) -   Response 0: a755fe32-7d9a-4996-bc51-d7fbc67ab218<-dacc202e-cd42-4a7a-b335-fe62dff69130#0:OK-t0
2025-05-28 15:17:18,006 [a755fe32-7d9a-4996-bc51-d7fbc67ab218@group-3199EF5D7496-LeaderElection8] INFO  impl.LeaderElection (LeaderElection.java:askForVotes(334)) - a755fe32-7d9a-4996-bc51-d7fbc67ab218@group-3199EF5D7496-LeaderElection8 PRE_VOTE round 0: result PASSED
2025-05-28 15:17:18,008 [a755fe32-7d9a-4996-bc51-d7fbc67ab218@group-3199EF5D7496-LeaderElection8] INFO  impl.LeaderElection (LeaderElection.java:askForVotes(332)) - a755fe32-7d9a-4996-bc51-d7fbc67ab218@group-3199EF5D7496-LeaderElection8 ELECTION round 0: submit vote requests at term 1 for conf: {index: -1, cur=peers:[4795f679-20b5-4d5a-9a13-c70766a2a14f|127.0.0.1:15015, a755fe32-7d9a-4996-bc51-d7fbc67ab218|127.0.0.1:15023, dacc202e-cd42-4a7a-b335-fe62dff69130|127.0.0.1:15031]|listeners:[], old=null}
2025-05-28 15:17:18,008 [a755fe32-7d9a-4996-bc51-d7fbc67ab218@group-3199EF5D7496-LeaderElection8] INFO  server.RaftServerConfigKeys (ConfUtils.java:logGet(46)) - raft.server.rpc.first-election.timeout.min = 1000ms (custom)
2025-05-28 15:17:18,008 [a755fe32-7d9a-4996-bc51-d7fbc67ab218@group-3199EF5D7496-LeaderElection8] INFO  server.RaftServerConfigKeys (ConfUtils.java:logGet(46)) - raft.server.rpc.first-election.timeout.max = 1200ms (custom)
2025-05-28 15:17:18,010 [grpc-default-executor-2] INFO  server.RaftServer$Division (RaftServerImpl.java:requestVote(1407)) - dacc202e-cd42-4a7a-b335-fe62dff69130@group-3199EF5D7496: receive requestVote(ELECTION, a755fe32-7d9a-4996-bc51-d7fbc67ab218, group-3199EF5D7496, 1, (t:0, i:0))
2025-05-28 15:17:18,010 [grpc-default-executor-1] INFO  server.RaftServer$Division (RaftServerImpl.java:requestVote(1407)) - 4795f679-20b5-4d5a-9a13-c70766a2a14f@group-3199EF5D7496: receive requestVote(ELECTION, a755fe32-7d9a-4996-bc51-d7fbc67ab218, group-3199EF5D7496, 1, (t:0, i:0))
2025-05-28 15:17:18,010 [grpc-default-executor-2] INFO  impl.VoteContext (VoteContext.java:log(49)) - dacc202e-cd42-4a7a-b335-fe62dff69130@group-3199EF5D7496-FOLLOWER: accept ELECTION from a755fe32-7d9a-4996-bc51-d7fbc67ab218: our priority 0 <= candidate's priority 1
2025-05-28 15:17:18,010 [grpc-default-executor-2] INFO  server.RaftServer$Division (RaftServerImpl.java:setRole(378)) - dacc202e-cd42-4a7a-b335-fe62dff69130@group-3199EF5D7496: changes role from  FOLLOWER to FOLLOWER at term 0 for candidate:a755fe32-7d9a-4996-bc51-d7fbc67ab218
2025-05-28 15:17:18,010 [grpc-default-executor-2] INFO  impl.RoleInfo (RoleInfo.java:shutdownFollowerState(121)) - dacc202e-cd42-4a7a-b335-fe62dff69130: shutdown dacc202e-cd42-4a7a-b335-fe62dff69130@group-3199EF5D7496-FollowerState
2025-05-28 15:17:18,010 [grpc-default-executor-2] INFO  impl.RoleInfo (RoleInfo.java:updateAndGet(148)) - dacc202e-cd42-4a7a-b335-fe62dff69130: start dacc202e-cd42-4a7a-b335-fe62dff69130@group-3199EF5D7496-FollowerState
2025-05-28 15:17:18,011 [grpc-default-executor-1] INFO  impl.VoteContext (VoteContext.java:log(49)) - 4795f679-20b5-4d5a-9a13-c70766a2a14f@group-3199EF5D7496-FOLLOWER: accept ELECTION from a755fe32-7d9a-4996-bc51-d7fbc67ab218: our priority 0 <= candidate's priority 1
2025-05-28 15:17:18,011 [grpc-default-executor-1] INFO  server.RaftServer$Division (RaftServerImpl.java:setRole(378)) - 4795f679-20b5-4d5a-9a13-c70766a2a14f@group-3199EF5D7496: changes role from  FOLLOWER to FOLLOWER at term 0 for candidate:a755fe32-7d9a-4996-bc51-d7fbc67ab218
2025-05-28 15:17:18,011 [grpc-default-executor-1] INFO  impl.RoleInfo (RoleInfo.java:shutdownFollowerState(121)) - 4795f679-20b5-4d5a-9a13-c70766a2a14f: shutdown 4795f679-20b5-4d5a-9a13-c70766a2a14f@group-3199EF5D7496-FollowerState
2025-05-28 15:17:18,011 [grpc-default-executor-1] INFO  impl.RoleInfo (RoleInfo.java:updateAndGet(148)) - 4795f679-20b5-4d5a-9a13-c70766a2a14f: start 4795f679-20b5-4d5a-9a13-c70766a2a14f@group-3199EF5D7496-FollowerState
2025-05-28 15:17:18,011 [dacc202e-cd42-4a7a-b335-fe62dff69130@group-3199EF5D7496-FollowerState] INFO  impl.FollowerState (FollowerState.java:runImpl(170)) - dacc202e-cd42-4a7a-b335-fe62dff69130@group-3199EF5D7496-FollowerState was interrupted
2025-05-28 15:17:18,011 [4795f679-20b5-4d5a-9a13-c70766a2a14f@group-3199EF5D7496-FollowerState] INFO  impl.FollowerState (FollowerState.java:runImpl(170)) - 4795f679-20b5-4d5a-9a13-c70766a2a14f@group-3199EF5D7496-FollowerState was interrupted
2025-05-28 15:17:18,011 [grpc-default-executor-2] INFO  server.RaftServer$Division (RaftServerImpl.java:setFirstElection(562)) - dacc202e-cd42-4a7a-b335-fe62dff69130@group-3199EF5D7496: set firstElectionSinceStartup to false for candidate:a755fe32-7d9a-4996-bc51-d7fbc67ab218
2025-05-28 15:17:18,013 [grpc-default-executor-2] INFO  server.RaftServer$Division (RaftServerImpl.java:requestVote(1441)) - dacc202e-cd42-4a7a-b335-fe62dff69130@group-3199EF5D7496 replies to ELECTION vote request: a755fe32-7d9a-4996-bc51-d7fbc67ab218<-dacc202e-cd42-4a7a-b335-fe62dff69130#0:OK-t1. Peer's state: dacc202e-cd42-4a7a-b335-fe62dff69130@group-3199EF5D7496:t1, leader=null, voted=a755fe32-7d9a-4996-bc51-d7fbc67ab218, raftlog=Memoized:dacc202e-cd42-4a7a-b335-fe62dff69130@group-3199EF5D7496-SegmentedRaftLog:OPENED:c-1:lastnull, conf=conf: {index: -1, cur=peers:[4795f679-20b5-4d5a-9a13-c70766a2a14f|127.0.0.1:15015, a755fe32-7d9a-4996-bc51-d7fbc67ab218|127.0.0.1:15023, dacc202e-cd42-4a7a-b335-fe62dff69130|127.0.0.1:15031]|listeners:[], old=null}
2025-05-28 15:17:18,014 [grpc-default-executor-1] INFO  server.RaftServer$Division (RaftServerImpl.java:requestVote(1441)) - 4795f679-20b5-4d5a-9a13-c70766a2a14f@group-3199EF5D7496 replies to ELECTION vote request: a755fe32-7d9a-4996-bc51-d7fbc67ab218<-4795f679-20b5-4d5a-9a13-c70766a2a14f#0:OK-t1. Peer's state: 4795f679-20b5-4d5a-9a13-c70766a2a14f@group-3199EF5D7496:t1, leader=null, voted=a755fe32-7d9a-4996-bc51-d7fbc67ab218, raftlog=Memoized:4795f679-20b5-4d5a-9a13-c70766a2a14f@group-3199EF5D7496-SegmentedRaftLog:OPENED:c-1:lastnull, conf=conf: {index: -1, cur=peers:[4795f679-20b5-4d5a-9a13-c70766a2a14f|127.0.0.1:15015, a755fe32-7d9a-4996-bc51-d7fbc67ab218|127.0.0.1:15023, dacc202e-cd42-4a7a-b335-fe62dff69130|127.0.0.1:15031]|listeners:[], old=null}
2025-05-28 15:17:18,014 [a755fe32-7d9a-4996-bc51-d7fbc67ab218@group-3199EF5D7496-LeaderElection8] INFO  impl.LeaderElection (LeaderElection.java:logAndReturn(90)) - a755fe32-7d9a-4996-bc51-d7fbc67ab218@group-3199EF5D7496-LeaderElection8: ELECTION PASSED received 1 response(s) and 0 exception(s):
2025-05-28 15:17:18,014 [a755fe32-7d9a-4996-bc51-d7fbc67ab218@group-3199EF5D7496-LeaderElection8] INFO  impl.LeaderElection (LeaderElection.java:logAndReturn(94)) -   Response 0: a755fe32-7d9a-4996-bc51-d7fbc67ab218<-dacc202e-cd42-4a7a-b335-fe62dff69130#0:OK-t1
2025-05-28 15:17:18,015 [a755fe32-7d9a-4996-bc51-d7fbc67ab218@group-3199EF5D7496-LeaderElection8] INFO  impl.LeaderElection (LeaderElection.java:askForVotes(334)) - a755fe32-7d9a-4996-bc51-d7fbc67ab218@group-3199EF5D7496-LeaderElection8 ELECTION round 0: result PASSED
2025-05-28 15:17:18,015 [a755fe32-7d9a-4996-bc51-d7fbc67ab218@group-3199EF5D7496-LeaderElection8] INFO  impl.RoleInfo (RoleInfo.java:shutdownLeaderElection(141)) - a755fe32-7d9a-4996-bc51-d7fbc67ab218: shutdown a755fe32-7d9a-4996-bc51-d7fbc67ab218@group-3199EF5D7496-LeaderElection8
2025-05-28 15:17:18,015 [a755fe32-7d9a-4996-bc51-d7fbc67ab218@group-3199EF5D7496-LeaderElection8] INFO  server.RaftServer$Division (RaftServerImpl.java:setRole(378)) - a755fe32-7d9a-4996-bc51-d7fbc67ab218@group-3199EF5D7496: changes role from CANDIDATE to LEADER at term 1 for changeToLeader
2025-05-28 15:17:18,015 [a755fe32-7d9a-4996-bc51-d7fbc67ab218@group-3199EF5D7496-LeaderElection8] INFO  server.RaftServerConfigKeys (ConfUtils.java:logGet(46)) - raft.server.staging.catchup.gap = 1000 (default)
2025-05-28 15:17:18,015 [a755fe32-7d9a-4996-bc51-d7fbc67ab218@group-3199EF5D7496-LeaderElection8] INFO  server.RaftServerConfigKeys (ConfUtils.java:logGet(46)) - raft.server.write.element-limit = 1024 (custom)
2025-05-28 15:17:18,016 [a755fe32-7d9a-4996-bc51-d7fbc67ab218@group-3199EF5D7496-LeaderElection8] INFO  server.RaftServerConfigKeys (ConfUtils.java:logGet(46)) - raft.server.write.byte-limit = 1024 M (=1073741824) (custom)
2025-05-28 15:17:18,016 [a755fe32-7d9a-4996-bc51-d7fbc67ab218@group-3199EF5D7496-LeaderElection8] INFO  server.RaftServerConfigKeys (ConfUtils.java:logGet(46)) - raft.server.watch.timeout = 30s (custom)
2025-05-28 15:17:18,016 [a755fe32-7d9a-4996-bc51-d7fbc67ab218@group-3199EF5D7496-LeaderElection8] INFO  server.RaftServerConfigKeys (ConfUtils.java:logGet(46)) - raft.server.watch.timeout.denomination = 1s (default)
2025-05-28 15:17:18,016 [a755fe32-7d9a-4996-bc51-d7fbc67ab218@group-3199EF5D7496-LeaderElection8] INFO  server.RaftServerConfigKeys (ConfUtils.java:logGet(46)) - raft.server.watch.element-limit = 65536 (default)
2025-05-28 15:17:18,017 [a755fe32-7d9a-4996-bc51-d7fbc67ab218@group-3199EF5D7496-LeaderElection8] INFO  server.RaftServerConfigKeys (ConfUtils.java:logGet(46)) - raft.server.read.leader.lease.enabled = false (default)
2025-05-28 15:17:18,017 [a755fe32-7d9a-4996-bc51-d7fbc67ab218@group-3199EF5D7496-LeaderElection8] INFO  server.RaftServerConfigKeys (ConfUtils.java:logGet(46)) - raft.server.read.leader.lease.timeout.ratio = 0.9 (default)
2025-05-28 15:17:18,017 [a755fe32-7d9a-4996-bc51-d7fbc67ab218@group-3199EF5D7496-LeaderElection8] INFO  server.RaftServerConfigKeys (ConfUtils.java:logGet(46)) - raft.server.rpc.timeout.min = 5s (custom)
2025-05-28 15:17:18,017 [a755fe32-7d9a-4996-bc51-d7fbc67ab218@group-3199EF5D7496-LeaderElection8] INFO  server.RaftServerConfigKeys (ConfUtils.java:logGet(46)) - raft.server.log.log-metadata.enabled = true (default)
2025-05-28 15:17:18,017 [a755fe32-7d9a-4996-bc51-d7fbc67ab218@group-3199EF5D7496-LeaderElection8] INFO  server.RaftServerConfigKeys (ConfUtils.java:logGet(46)) - raft.server.write.element-limit = 1024 (custom)
2025-05-28 15:17:18,017 [a755fe32-7d9a-4996-bc51-d7fbc67ab218@group-3199EF5D7496-LeaderElection8] INFO  server.RaftServerConfigKeys (ConfUtils.java:logGet(46)) - raft.server.write.follower.gap.ratio.max = -1.0 (default)
2025-05-28 15:17:18,023 [a755fe32-7d9a-4996-bc51-d7fbc67ab218@group-3199EF5D7496-LeaderElection8] INFO  server.RaftServerConfigKeys (ConfUtils.java:logGet(46)) - raft.server.log.appender.snapshot.chunk.size.max = 16MB (=16777216) (default)
2025-05-28 15:17:18,023 [a755fe32-7d9a-4996-bc51-d7fbc67ab218@group-3199EF5D7496-LeaderElection8] INFO  server.RaftServerConfigKeys (ConfUtils.java:logGet(46)) - raft.server.log.appender.buffer.byte-limit = 33554432 (custom)
2025-05-28 15:17:18,023 [a755fe32-7d9a-4996-bc51-d7fbc67ab218@group-3199EF5D7496-LeaderElection8] INFO  server.RaftServerConfigKeys (ConfUtils.java:logGet(46)) - raft.server.log.appender.buffer.element-limit = 1024 (custom)
2025-05-28 15:17:18,025 [a755fe32-7d9a-4996-bc51-d7fbc67ab218@group-3199EF5D7496-LeaderElection8] INFO  server.RaftServerConfigKeys (ConfUtils.java:logGet(46)) - raft.server.log.appender.wait-time.min = 0μs (custom)
2025-05-28 15:17:18,026 [a755fe32-7d9a-4996-bc51-d7fbc67ab218@group-3199EF5D7496-LeaderElection8] INFO  grpc.GrpcConfigKeys (ConfUtils.java:logGet(46)) - raft.grpc.server.leader.outstanding.appends.max = 8 (default)
2025-05-28 15:17:18,026 [a755fe32-7d9a-4996-bc51-d7fbc67ab218@group-3199EF5D7496-LeaderElection8] INFO  server.RaftServerConfigKeys (ConfUtils.java:logGet(46)) - raft.server.rpc.request.timeout = 60s (custom)
2025-05-28 15:17:18,026 [a755fe32-7d9a-4996-bc51-d7fbc67ab218@group-3199EF5D7496-LeaderElection8] INFO  grpc.GrpcConfigKeys (ConfUtils.java:logGet(46)) - raft.grpc.server.install_snapshot.request.element-limit = 8 (default)
2025-05-28 15:17:18,026 [a755fe32-7d9a-4996-bc51-d7fbc67ab218@group-3199EF5D7496-LeaderElection8] INFO  grpc.GrpcConfigKeys (ConfUtils.java:logGet(46)) - raft.grpc.server.install_snapshot.request.timeout = 3000ms (default)
2025-05-28 15:17:18,026 [a755fe32-7d9a-4996-bc51-d7fbc67ab218@group-3199EF5D7496-LeaderElection8] INFO  grpc.GrpcConfigKeys (ConfUtils.java:logGet(46)) - raft.grpc.server.log-message.batch.duration = 5s (default)
2025-05-28 15:17:18,027 [a755fe32-7d9a-4996-bc51-d7fbc67ab218@group-3199EF5D7496-LeaderElection8] INFO  server.RaftServerConfigKeys (ConfUtils.java:logGet(46)) - raft.server.log.appender.install.snapshot.enabled = false (custom)
2025-05-28 15:17:18,027 [a755fe32-7d9a-4996-bc51-d7fbc67ab218@group-3199EF5D7496-LeaderElection8] INFO  grpc.GrpcConfigKeys (ConfUtils.java:logGet(46)) - raft.grpc.server.heartbeat.channel = true (default)
2025-05-28 15:17:18,029 [a755fe32-7d9a-4996-bc51-d7fbc67ab218@group-3199EF5D7496-LeaderElection8] INFO  server.RaftServerConfigKeys (ConfUtils.java:logGet(46)) - raft.server.log.appender.snapshot.chunk.size.max = 16MB (=16777216) (default)
2025-05-28 15:17:18,029 [a755fe32-7d9a-4996-bc51-d7fbc67ab218@group-3199EF5D7496-LeaderElection8] INFO  server.RaftServerConfigKeys (ConfUtils.java:logGet(46)) - raft.server.log.appender.buffer.byte-limit = 33554432 (custom)
2025-05-28 15:17:18,030 [a755fe32-7d9a-4996-bc51-d7fbc67ab218@group-3199EF5D7496-LeaderElection8] INFO  server.RaftServerConfigKeys (ConfUtils.java:logGet(46)) - raft.server.log.appender.buffer.element-limit = 1024 (custom)
2025-05-28 15:17:18,030 [a755fe32-7d9a-4996-bc51-d7fbc67ab218@group-3199EF5D7496-LeaderElection8] INFO  server.RaftServerConfigKeys (ConfUtils.java:logGet(46)) - raft.server.log.appender.wait-time.min = 0μs (custom)
2025-05-28 15:17:18,030 [a755fe32-7d9a-4996-bc51-d7fbc67ab218@group-3199EF5D7496-LeaderElection8] INFO  grpc.GrpcConfigKeys (ConfUtils.java:logGet(46)) - raft.grpc.server.leader.outstanding.appends.max = 8 (default)
2025-05-28 15:17:18,030 [a755fe32-7d9a-4996-bc51-d7fbc67ab218@group-3199EF5D7496-LeaderElection8] INFO  server.RaftServerConfigKeys (ConfUtils.java:logGet(46)) - raft.server.rpc.request.timeout = 60s (custom)
2025-05-28 15:17:18,030 [a755fe32-7d9a-4996-bc51-d7fbc67ab218@group-3199EF5D7496-LeaderElection8] INFO  grpc.GrpcConfigKeys (ConfUtils.java:logGet(46)) - raft.grpc.server.install_snapshot.request.element-limit = 8 (default)
2025-05-28 15:17:18,030 [a755fe32-7d9a-4996-bc51-d7fbc67ab218@group-3199EF5D7496-LeaderElection8] INFO  grpc.GrpcConfigKeys (ConfUtils.java:logGet(46)) - raft.grpc.server.install_snapshot.request.timeout = 3000ms (default)
2025-05-28 15:17:18,030 [a755fe32-7d9a-4996-bc51-d7fbc67ab218@group-3199EF5D7496-LeaderElection8] INFO  grpc.GrpcConfigKeys (ConfUtils.java:logGet(46)) - raft.grpc.server.log-message.batch.duration = 5s (default)
2025-05-28 15:17:18,030 [a755fe32-7d9a-4996-bc51-d7fbc67ab218@group-3199EF5D7496-LeaderElection8] INFO  server.RaftServerConfigKeys (ConfUtils.java:logGet(46)) - raft.server.log.appender.install.snapshot.enabled = false (custom)
2025-05-28 15:17:18,030 [a755fe32-7d9a-4996-bc51-d7fbc67ab218@group-3199EF5D7496-LeaderElection8] INFO  grpc.GrpcConfigKeys (ConfUtils.java:logGet(46)) - raft.grpc.server.heartbeat.channel = true (default)
2025-05-28 15:17:18,033 [a755fe32-7d9a-4996-bc51-d7fbc67ab218@group-3199EF5D7496-LeaderElection8] INFO  impl.RoleInfo (RoleInfo.java:updateAndGet(148)) - a755fe32-7d9a-4996-bc51-d7fbc67ab218: start a755fe32-7d9a-4996-bc51-d7fbc67ab218@group-3199EF5D7496-LeaderStateImpl
2025-05-28 15:17:18,034 [a755fe32-7d9a-4996-bc51-d7fbc67ab218@group-3199EF5D7496-LeaderElection8] INFO  server.RaftServer$Division (RaftServerImpl.java:setFirstElection(562)) - a755fe32-7d9a-4996-bc51-d7fbc67ab218@group-3199EF5D7496: set firstElectionSinceStartup to false for becomeLeader
2025-05-28 15:17:18,034 [a755fe32-7d9a-4996-bc51-d7fbc67ab218@group-3199EF5D7496-LeaderElection8] INFO  ratis.XceiverServerRatis (XceiverServerRatis.java:handleLeaderChangedNotification(944)) - Leader change notification received for group: group-3199EF5D7496 with new leaderId: a755fe32-7d9a-4996-bc51-d7fbc67ab218
2025-05-28 15:17:18,034 [a755fe32-7d9a-4996-bc51-d7fbc67ab218@group-3199EF5D7496-LeaderElection8] INFO  server.RaftServer$Division (ServerState.java:setLeader(272)) - a755fe32-7d9a-4996-bc51-d7fbc67ab218@group-3199EF5D7496: change Leader from null to a755fe32-7d9a-4996-bc51-d7fbc67ab218 at term 1 for becomeLeader, leader elected after 1244ms
2025-05-28 15:17:18,035 [a755fe32-7d9a-4996-bc51-d7fbc67ab218@group-3199EF5D7496-LeaderElection8] INFO  segmented.SegmentedRaftLogWorker (SegmentedRaftLogWorker.java:startLogSegment(438)) - a755fe32-7d9a-4996-bc51-d7fbc67ab218@group-3199EF5D7496-SegmentedRaftLogWorker: Starting segment from index:0
2025-05-28 15:17:18,035 [a755fe32-7d9a-4996-bc51-d7fbc67ab218@group-3199EF5D7496-LeaderElection8] INFO  server.RaftServer$Division (ServerState.java:setRaftConf(386)) - a755fe32-7d9a-4996-bc51-d7fbc67ab218@group-3199EF5D7496: set configuration conf: {index: 0, cur=peers:[4795f679-20b5-4d5a-9a13-c70766a2a14f|127.0.0.1:15015, a755fe32-7d9a-4996-bc51-d7fbc67ab218|127.0.0.1:15023, dacc202e-cd42-4a7a-b335-fe62dff69130|127.0.0.1:15031]|listeners:[], old=null}
2025-05-28 15:17:18,036 [a755fe32-7d9a-4996-bc51-d7fbc67ab218@group-3199EF5D7496-SegmentedRaftLogWorker] INFO  segmented.BufferedWriteChannel (BufferedWriteChannel.java:open(61)) - open log_inprogress_0 at position 0
2025-05-28 15:17:18,039 [EventQueue-PipelineReportForOneReplicaPipelineSafeModeRule] INFO  safemode.SCMSafeModeManager (SCMSafeModeManager.java:validateSafeModeExitRules(140)) - AtleastOneDatanodeReportedRule rule is successfully validated
2025-05-28 15:17:18,043 [0cf558f4-2ca5-4c9f-a057-d7d7b755ef43@group-6B1567AA62B1-StateMachineUpdater] INFO  safemode.SCMSafeModeManager (SCMSafeModeManager.java:validateSafeModeExitRules(140)) - DataNodeSafeModeRule rule is successfully validated
2025-05-28 15:17:18,043 [0cf558f4-2ca5-4c9f-a057-d7d7b755ef43@group-6B1567AA62B1-StateMachineUpdater] INFO  safemode.SCMSafeModeManager (SCMSafeModeManager.java:validateSafeModeExitRules(140)) - RatisContainerSafeModeRule rule is successfully validated
2025-05-28 15:17:18,043 [0cf558f4-2ca5-4c9f-a057-d7d7b755ef43@group-6B1567AA62B1-StateMachineUpdater] INFO  safemode.HealthyPipelineSafeModeRule (HealthyPipelineSafeModeRule.java:initializeRule(228)) - Refreshed total pipeline count is 1, healthy pipeline threshold count is 1
2025-05-28 15:17:18,043 [0cf558f4-2ca5-4c9f-a057-d7d7b755ef43@group-6B1567AA62B1-StateMachineUpdater] INFO  safemode.SCMSafeModeManager (SCMSafeModeManager.java:validateSafeModeExitRules(140)) - ECContainerSafeModeRule rule is successfully validated
2025-05-28 15:17:18,043 [0cf558f4-2ca5-4c9f-a057-d7d7b755ef43@group-6B1567AA62B1-StateMachineUpdater] INFO  safemode.SCMSafeModeManager (SCMSafeModeManager.java:validateSafeModeExitRules(140)) - AtleastOneDatanodeReportedRule rule is successfully validated
2025-05-28 15:17:18,044 [EventQueue-PipelineReportForPipelineReportHandler] INFO  pipeline.PipelineReportHandler (PipelineReportHandler.java:processPipelineReport(134)) - Opened pipeline Pipeline-27a96606-79c9-41c9-8ccf-3199ef5d7496
2025-05-28 15:17:18,044 [EventQueue-OpenPipelineForHealthyPipelineSafeModeRule] INFO  safemode.SCMSafeModeManager (HealthyPipelineSafeModeRule.java:process(196)) - SCM in safe mode. Healthy pipelines reported count is 1, required healthy pipeline reported count is 1
2025-05-28 15:17:18,044 [EventQueue-OpenPipelineForHealthyPipelineSafeModeRule] INFO  safemode.SCMSafeModeManager (SCMSafeModeManager.java:validateSafeModeExitRules(140)) - HealthyPipelineSafeModeRule rule is successfully validated
2025-05-28 15:17:18,044 [EventQueue-OpenPipelineForHealthyPipelineSafeModeRule] INFO  safemode.SCMSafeModeManager (SCMSafeModeManager.java:validateSafeModeExitRules(155)) - ScmSafeModeManager, all rules are successfully validated
2025-05-28 15:17:18,044 [EventQueue-OpenPipelineForHealthyPipelineSafeModeRule] INFO  safemode.SCMSafeModeManager (SCMSafeModeManager.java:exitSafeMode(178)) - SCM exiting safe mode.
2025-05-28 15:17:18,044 [EventQueue-OpenPipelineForHealthyPipelineSafeModeRule] INFO  ha.SCMContext (SCMContext.java:updateSafeModeStatus(224)) - Update SafeModeStatus from SafeModeStatus{safeModeStatus=true, preCheckPassed=true} to SafeModeStatus{safeModeStatus=false, preCheckPassed=true}.
2025-05-28 15:17:18,045 [EventQueue-OpenPipelineForHealthyPipelineSafeModeRule] INFO  BackgroundPipelineScrubber (BackgroundSCMService.java:notifyStatusChanged(78)) - Service BackgroundPipelineScrubber transitions to RUNNING.
2025-05-28 15:17:18,045 [EventQueue-OpenPipelineForHealthyPipelineSafeModeRule] INFO  ExpiredContainerReplicaOpScrubber (BackgroundSCMService.java:notifyStatusChanged(78)) - Service ExpiredContainerReplicaOpScrubber transitions to RUNNING.
2025-05-28 15:17:18,045 [EventQueue-OpenPipelineForHealthyPipelineSafeModeRule] INFO  block.SCMBlockDeletingService (SCMBlockDeletingService.java:notifyStatusChanged(258)) - notifyStatusChanged:RUNNING
2025-05-28 15:17:18,045 [EventQueue-OpenPipelineForHealthyPipelineSafeModeRule] INFO  replication.ReplicationManager (ReplicationManager.java:notifyStatusChanged(1387)) - Service ReplicationManager transitions to RUNNING.
2025-05-28 15:17:18,049 [a755fe32-7d9a-4996-bc51-d7fbc67ab218@group-3199EF5D7496-SegmentedRaftLogWorker] INFO  segmented.SegmentedRaftLogWorker (SegmentedRaftLogWorker.java:execute(644)) - a755fe32-7d9a-4996-bc51-d7fbc67ab218@group-3199EF5D7496-SegmentedRaftLogWorker: created new log segment /home/runner/work/ozone/ozone/hadoop-ozone/integration-test/target/test-dir/MiniOzoneClusterImpl-723737d7-d862-4a19-a51f-6b1567aa62b1/ozone-meta/datanode-2/ratis/27a96606-79c9-41c9-8ccf-3199ef5d7496/current/log_inprogress_0
2025-05-28 15:17:18,051 [EventQueue-OpenPipelineForHealthyPipelineSafeModeRule] WARN  balancer.ContainerBalancer (ContainerBalancer.java:shouldRun(134)) - Could not find persisted configuration for ContainerBalancer when checking if ContainerBalancer should run. ContainerBalancer should not run now.
2025-05-28 15:17:18,051 [EventQueue-OpenPipelineForHealthyPipelineSafeModeRule] INFO  SCMHATransactionMonitor (BackgroundSCMService.java:notifyStatusChanged(78)) - Service SCMHATransactionMonitor transitions to RUNNING.
2025-05-28 15:17:18,062 [dacc202e-cd42-4a7a-b335-fe62dff69130-server-thread1] INFO  ratis.XceiverServerRatis (XceiverServerRatis.java:handleLeaderChangedNotification(944)) - Leader change notification received for group: group-3199EF5D7496 with new leaderId: a755fe32-7d9a-4996-bc51-d7fbc67ab218
2025-05-28 15:17:18,063 [dacc202e-cd42-4a7a-b335-fe62dff69130-server-thread1] INFO  server.RaftServer$Division (ServerState.java:setLeader(272)) - dacc202e-cd42-4a7a-b335-fe62dff69130@group-3199EF5D7496: change Leader from null to a755fe32-7d9a-4996-bc51-d7fbc67ab218 at term 1 for appendEntries, leader elected after 1218ms
2025-05-28 15:17:18,065 [4795f679-20b5-4d5a-9a13-c70766a2a14f-server-thread1] INFO  ratis.XceiverServerRatis (XceiverServerRatis.java:handleLeaderChangedNotification(944)) - Leader change notification received for group: group-3199EF5D7496 with new leaderId: a755fe32-7d9a-4996-bc51-d7fbc67ab218
2025-05-28 15:17:18,065 [4795f679-20b5-4d5a-9a13-c70766a2a14f-server-thread1] INFO  server.RaftServer$Division (ServerState.java:setLeader(272)) - 4795f679-20b5-4d5a-9a13-c70766a2a14f@group-3199EF5D7496: change Leader from null to a755fe32-7d9a-4996-bc51-d7fbc67ab218 at term 1 for appendEntries, leader elected after 1501ms
2025-05-28 15:17:18,069 [4795f679-20b5-4d5a-9a13-c70766a2a14f-server-thread1] INFO  server.RaftServer$Division (ServerState.java:setRaftConf(386)) - 4795f679-20b5-4d5a-9a13-c70766a2a14f@group-3199EF5D7496: set configuration conf: {index: 0, cur=peers:[4795f679-20b5-4d5a-9a13-c70766a2a14f|127.0.0.1:15015, a755fe32-7d9a-4996-bc51-d7fbc67ab218|127.0.0.1:15023, dacc202e-cd42-4a7a-b335-fe62dff69130|127.0.0.1:15031]|listeners:[], old=null}
2025-05-28 15:17:18,072 [4795f679-20b5-4d5a-9a13-c70766a2a14f-server-thread1] INFO  segmented.SegmentedRaftLogWorker (SegmentedRaftLogWorker.java:startLogSegment(438)) - 4795f679-20b5-4d5a-9a13-c70766a2a14f@group-3199EF5D7496-SegmentedRaftLogWorker: Starting segment from index:0
2025-05-28 15:17:18,073 [dacc202e-cd42-4a7a-b335-fe62dff69130-server-thread1] INFO  server.RaftServer$Division (ServerState.java:setRaftConf(386)) - dacc202e-cd42-4a7a-b335-fe62dff69130@group-3199EF5D7496: set configuration conf: {index: 0, cur=peers:[4795f679-20b5-4d5a-9a13-c70766a2a14f|127.0.0.1:15015, a755fe32-7d9a-4996-bc51-d7fbc67ab218|127.0.0.1:15023, dacc202e-cd42-4a7a-b335-fe62dff69130|127.0.0.1:15031]|listeners:[], old=null}
2025-05-28 15:17:18,073 [dacc202e-cd42-4a7a-b335-fe62dff69130-server-thread1] INFO  segmented.SegmentedRaftLogWorker (SegmentedRaftLogWorker.java:startLogSegment(438)) - dacc202e-cd42-4a7a-b335-fe62dff69130@group-3199EF5D7496-SegmentedRaftLogWorker: Starting segment from index:0
2025-05-28 15:17:18,074 [4795f679-20b5-4d5a-9a13-c70766a2a14f@group-3199EF5D7496-SegmentedRaftLogWorker] INFO  segmented.BufferedWriteChannel (BufferedWriteChannel.java:open(61)) - open log_inprogress_0 at position 0
2025-05-28 15:17:18,077 [dacc202e-cd42-4a7a-b335-fe62dff69130@group-3199EF5D7496-SegmentedRaftLogWorker] INFO  segmented.BufferedWriteChannel (BufferedWriteChannel.java:open(61)) - open log_inprogress_0 at position 0
2025-05-28 15:17:18,080 [4795f679-20b5-4d5a-9a13-c70766a2a14f@group-EBC9B9187764-FollowerState] INFO  impl.FollowerState (FollowerState.java:runImpl(161)) - 4795f679-20b5-4d5a-9a13-c70766a2a14f@group-EBC9B9187764-FollowerState: change to CANDIDATE, lastRpcElapsedTime:1121080070ns, electionTimeout:1118ms
2025-05-28 15:17:18,080 [4795f679-20b5-4d5a-9a13-c70766a2a14f@group-EBC9B9187764-FollowerState] INFO  impl.RoleInfo (RoleInfo.java:shutdownFollowerState(121)) - 4795f679-20b5-4d5a-9a13-c70766a2a14f: shutdown 4795f679-20b5-4d5a-9a13-c70766a2a14f@group-EBC9B9187764-FollowerState
2025-05-28 15:17:18,080 [4795f679-20b5-4d5a-9a13-c70766a2a14f@group-EBC9B9187764-FollowerState] INFO  server.RaftServer$Division (RaftServerImpl.java:setRole(378)) - 4795f679-20b5-4d5a-9a13-c70766a2a14f@group-EBC9B9187764: changes role from  FOLLOWER to CANDIDATE at term 0 for changeToCandidate
2025-05-28 15:17:18,080 [4795f679-20b5-4d5a-9a13-c70766a2a14f@group-EBC9B9187764-FollowerState] INFO  server.RaftServerConfigKeys (ConfUtils.java:logGet(46)) - raft.server.leaderelection.pre-vote = true (default)
2025-05-28 15:17:18,080 [4795f679-20b5-4d5a-9a13-c70766a2a14f@group-EBC9B9187764-FollowerState] INFO  impl.RoleInfo (RoleInfo.java:updateAndGet(148)) - 4795f679-20b5-4d5a-9a13-c70766a2a14f: start 4795f679-20b5-4d5a-9a13-c70766a2a14f@group-EBC9B9187764-LeaderElection9
2025-05-28 15:17:18,081 [4795f679-20b5-4d5a-9a13-c70766a2a14f@group-EBC9B9187764-LeaderElection9] INFO  impl.LeaderElection (LeaderElection.java:askForVotes(332)) - 4795f679-20b5-4d5a-9a13-c70766a2a14f@group-EBC9B9187764-LeaderElection9 PRE_VOTE round 0: submit vote requests at term 0 for conf: {index: -1, cur=peers:[4795f679-20b5-4d5a-9a13-c70766a2a14f|127.0.0.1:15015, a755fe32-7d9a-4996-bc51-d7fbc67ab218|127.0.0.1:15023, dacc202e-cd42-4a7a-b335-fe62dff69130|127.0.0.1:15031]|listeners:[], old=null}
2025-05-28 15:17:18,082 [4795f679-20b5-4d5a-9a13-c70766a2a14f@group-EBC9B9187764-LeaderElection9] INFO  server.RaftServerConfigKeys (ConfUtils.java:logGet(46)) - raft.server.rpc.first-election.timeout.min = 1000ms (custom)
2025-05-28 15:17:18,083 [4795f679-20b5-4d5a-9a13-c70766a2a14f@group-EBC9B9187764-LeaderElection9] INFO  server.RaftServerConfigKeys (ConfUtils.java:logGet(46)) - raft.server.rpc.first-election.timeout.max = 1200ms (custom)
2025-05-28 15:17:18,085 [grpc-default-executor-4] INFO  server.RaftServer$Division (RaftServerImpl.java:requestVote(1407)) - a755fe32-7d9a-4996-bc51-d7fbc67ab218@group-EBC9B9187764: receive requestVote(PRE_VOTE, 4795f679-20b5-4d5a-9a13-c70766a2a14f, group-EBC9B9187764, 0, (t:0, i:0))
2025-05-28 15:17:18,086 [grpc-default-executor-5] INFO  server.RaftServer$Division (RaftServerImpl.java:requestVote(1407)) - dacc202e-cd42-4a7a-b335-fe62dff69130@group-EBC9B9187764: receive requestVote(PRE_VOTE, 4795f679-20b5-4d5a-9a13-c70766a2a14f, group-EBC9B9187764, 0, (t:0, i:0))
2025-05-28 15:17:18,086 [grpc-default-executor-5] INFO  impl.VoteContext (VoteContext.java:log(49)) - dacc202e-cd42-4a7a-b335-fe62dff69130@group-EBC9B9187764-FOLLOWER: accept PRE_VOTE from 4795f679-20b5-4d5a-9a13-c70766a2a14f: our priority 0 <= candidate's priority 1
2025-05-28 15:17:18,086 [grpc-default-executor-5] INFO  server.RaftServer$Division (RaftServerImpl.java:requestVote(1441)) - dacc202e-cd42-4a7a-b335-fe62dff69130@group-EBC9B9187764 replies to PRE_VOTE vote request: 4795f679-20b5-4d5a-9a13-c70766a2a14f<-dacc202e-cd42-4a7a-b335-fe62dff69130#0:OK-t0. Peer's state: dacc202e-cd42-4a7a-b335-fe62dff69130@group-EBC9B9187764:t0, leader=null, voted=, raftlog=Memoized:dacc202e-cd42-4a7a-b335-fe62dff69130@group-EBC9B9187764-SegmentedRaftLog:OPENED:c-1:lastnull, conf=conf: {index: -1, cur=peers:[4795f679-20b5-4d5a-9a13-c70766a2a14f|127.0.0.1:15015, a755fe32-7d9a-4996-bc51-d7fbc67ab218|127.0.0.1:15023, dacc202e-cd42-4a7a-b335-fe62dff69130|127.0.0.1:15031]|listeners:[], old=null}
2025-05-28 15:17:18,087 [grpc-default-executor-4] INFO  impl.VoteContext (VoteContext.java:log(49)) - a755fe32-7d9a-4996-bc51-d7fbc67ab218@group-EBC9B9187764-FOLLOWER: accept PRE_VOTE from 4795f679-20b5-4d5a-9a13-c70766a2a14f: our priority 0 <= candidate's priority 1
2025-05-28 15:17:18,087 [grpc-default-executor-4] INFO  server.RaftServer$Division (RaftServerImpl.java:requestVote(1441)) - a755fe32-7d9a-4996-bc51-d7fbc67ab218@group-EBC9B9187764 replies to PRE_VOTE vote request: 4795f679-20b5-4d5a-9a13-c70766a2a14f<-a755fe32-7d9a-4996-bc51-d7fbc67ab218#0:OK-t0. Peer's state: a755fe32-7d9a-4996-bc51-d7fbc67ab218@group-EBC9B9187764:t0, leader=null, voted=, raftlog=Memoized:a755fe32-7d9a-4996-bc51-d7fbc67ab218@group-EBC9B9187764-SegmentedRaftLog:OPENED:c-1:lastnull, conf=conf: {index: -1, cur=peers:[4795f679-20b5-4d5a-9a13-c70766a2a14f|127.0.0.1:15015, a755fe32-7d9a-4996-bc51-d7fbc67ab218|127.0.0.1:15023, dacc202e-cd42-4a7a-b335-fe62dff69130|127.0.0.1:15031]|listeners:[], old=null}
2025-05-28 15:17:18,088 [4795f679-20b5-4d5a-9a13-c70766a2a14f@group-3199EF5D7496-SegmentedRaftLogWorker] INFO  segmented.SegmentedRaftLogWorker (SegmentedRaftLogWorker.java:execute(644)) - 4795f679-20b5-4d5a-9a13-c70766a2a14f@group-3199EF5D7496-SegmentedRaftLogWorker: created new log segment /home/runner/work/ozone/ozone/hadoop-ozone/integration-test/target/test-dir/MiniOzoneClusterImpl-723737d7-d862-4a19-a51f-6b1567aa62b1/ozone-meta/datanode-1/ratis/27a96606-79c9-41c9-8ccf-3199ef5d7496/current/log_inprogress_0
2025-05-28 15:17:18,088 [4795f679-20b5-4d5a-9a13-c70766a2a14f@group-EBC9B9187764-LeaderElection9] INFO  impl.LeaderElection (LeaderElection.java:logAndReturn(90)) - 4795f679-20b5-4d5a-9a13-c70766a2a14f@group-EBC9B9187764-LeaderElection9: PRE_VOTE PASSED received 1 response(s) and 0 exception(s):
2025-05-28 15:17:18,088 [4795f679-20b5-4d5a-9a13-c70766a2a14f@group-EBC9B9187764-LeaderElection9] INFO  impl.LeaderElection (LeaderElection.java:logAndReturn(94)) -   Response 0: 4795f679-20b5-4d5a-9a13-c70766a2a14f<-dacc202e-cd42-4a7a-b335-fe62dff69130#0:OK-t0
2025-05-28 15:17:18,089 [4795f679-20b5-4d5a-9a13-c70766a2a14f@group-EBC9B9187764-LeaderElection9] INFO  impl.LeaderElection (LeaderElection.java:askForVotes(334)) - 4795f679-20b5-4d5a-9a13-c70766a2a14f@group-EBC9B9187764-LeaderElection9 PRE_VOTE round 0: result PASSED
2025-05-28 15:17:18,089 [dacc202e-cd42-4a7a-b335-fe62dff69130@group-3199EF5D7496-SegmentedRaftLogWorker] INFO  segmented.SegmentedRaftLogWorker (SegmentedRaftLogWorker.java:execute(644)) - dacc202e-cd42-4a7a-b335-fe62dff69130@group-3199EF5D7496-SegmentedRaftLogWorker: created new log segment /home/runner/work/ozone/ozone/hadoop-ozone/integration-test/target/test-dir/MiniOzoneClusterImpl-723737d7-d862-4a19-a51f-6b1567aa62b1/ozone-meta/datanode-3/ratis/27a96606-79c9-41c9-8ccf-3199ef5d7496/current/log_inprogress_0
2025-05-28 15:17:18,092 [4795f679-20b5-4d5a-9a13-c70766a2a14f@group-EBC9B9187764-LeaderElection9] INFO  impl.LeaderElection (LeaderElection.java:askForVotes(332)) - 4795f679-20b5-4d5a-9a13-c70766a2a14f@group-EBC9B9187764-LeaderElection9 ELECTION round 0: submit vote requests at term 1 for conf: {index: -1, cur=peers:[4795f679-20b5-4d5a-9a13-c70766a2a14f|127.0.0.1:15015, a755fe32-7d9a-4996-bc51-d7fbc67ab218|127.0.0.1:15023, dacc202e-cd42-4a7a-b335-fe62dff69130|127.0.0.1:15031]|listeners:[], old=null}
2025-05-28 15:17:18,094 [main] INFO  ozone.MiniOzoneClusterImpl (MiniOzoneClusterImpl.java:lambda$waitForClusterToBeReady$0(173)) - Nodes are ready. Got 5 of 5 DN Heartbeats.
2025-05-28 15:17:18,097 [main] INFO  ozone.MiniOzoneClusterImpl (MiniOzoneClusterImpl.java:lambda$waitForClusterToBeReady$0(176)) - Cluster exits safe mode
2025-05-28 15:17:18,093 [dacc202e-cd42-4a7a-b335-fe62dff69130@group-EBC9B9187764-FollowerState] INFO  server.RaftServerConfigKeys (ConfUtils.java:logGet(46)) - raft.server.rpc.first-election.timeout.min = 1000ms (custom)
2025-05-28 15:17:18,097 [dacc202e-cd42-4a7a-b335-fe62dff69130@group-EBC9B9187764-FollowerState] INFO  server.RaftServerConfigKeys (ConfUtils.java:logGet(46)) - raft.server.rpc.first-election.timeout.max = 1200ms (custom)
2025-05-28 15:17:18,097 [main] INFO  ozone.MiniOzoneClusterImpl (MiniOzoneClusterImpl.java:lambda$waitForClusterToBeReady$0(178)) - SCM became leader
2025-05-28 15:17:18,098 [grpc-default-executor-5] INFO  server.RaftServer$Division (RaftServerImpl.java:requestVote(1407)) - a755fe32-7d9a-4996-bc51-d7fbc67ab218@group-EBC9B9187764: receive requestVote(ELECTION, 4795f679-20b5-4d5a-9a13-c70766a2a14f, group-EBC9B9187764, 1, (t:0, i:0))
2025-05-28 15:17:18,098 [a755fe32-7d9a-4996-bc51-d7fbc67ab218@group-3199EF5D7496-StateMachineUpdater] INFO  server.RaftServer$Division (LeaderStateImpl.java:checkStartIndex(313)) - Leader a755fe32-7d9a-4996-bc51-d7fbc67ab218@group-3199EF5D7496-LeaderStateImpl is ready since appliedIndex == startIndex == 0
2025-05-28 15:17:18,098 [grpc-default-executor-5] INFO  impl.VoteContext (VoteContext.java:log(49)) - a755fe32-7d9a-4996-bc51-d7fbc67ab218@group-EBC9B9187764-FOLLOWER: accept ELECTION from 4795f679-20b5-4d5a-9a13-c70766a2a14f: our priority 0 <= candidate's priority 1
2025-05-28 15:17:18,098 [grpc-default-executor-5] INFO  server.RaftServer$Division (RaftServerImpl.java:setRole(378)) - a755fe32-7d9a-4996-bc51-d7fbc67ab218@group-EBC9B9187764: changes role from  FOLLOWER to FOLLOWER at term 0 for candidate:4795f679-20b5-4d5a-9a13-c70766a2a14f
2025-05-28 15:17:18,098 [grpc-default-executor-5] INFO  impl.RoleInfo (RoleInfo.java:shutdownFollowerState(121)) - a755fe32-7d9a-4996-bc51-d7fbc67ab218: shutdown a755fe32-7d9a-4996-bc51-d7fbc67ab218@group-EBC9B9187764-FollowerState
2025-05-28 15:17:18,098 [grpc-default-executor-5] INFO  impl.RoleInfo (RoleInfo.java:updateAndGet(148)) - a755fe32-7d9a-4996-bc51-d7fbc67ab218: start a755fe32-7d9a-4996-bc51-d7fbc67ab218@group-EBC9B9187764-FollowerState
2025-05-28 15:17:18,100 [a755fe32-7d9a-4996-bc51-d7fbc67ab218@group-EBC9B9187764-FollowerState] INFO  impl.FollowerState (FollowerState.java:runImpl(170)) - a755fe32-7d9a-4996-bc51-d7fbc67ab218@group-EBC9B9187764-FollowerState was interrupted
2025-05-28 15:17:18,100 [4795f679-20b5-4d5a-9a13-c70766a2a14f@group-EBC9B9187764-LeaderElection9] INFO  server.RaftServerConfigKeys (ConfUtils.java:logGet(46)) - raft.server.rpc.first-election.timeout.min = 1000ms (custom)
2025-05-28 15:17:18,100 [main] INFO  proxy.SCMContainerLocationFailoverProxyProvider (SCMFailoverProxyProviderBase.java:<init>(120)) - Created fail-over proxy for protocol StorageContainerLocationProtocolPB with 1 nodes: [nodeId=scmNodeId,nodeAddress=/0.0.0.0:15000]
2025-05-28 15:17:18,100 [4795f679-20b5-4d5a-9a13-c70766a2a14f@group-EBC9B9187764-LeaderElection9] INFO  server.RaftServerConfigKeys (ConfUtils.java:logGet(46)) - raft.server.rpc.first-election.timeout.max = 1200ms (custom)
2025-05-28 15:17:18,101 [grpc-default-executor-4] INFO  server.RaftServer$Division (RaftServerImpl.java:requestVote(1407)) - dacc202e-cd42-4a7a-b335-fe62dff69130@group-EBC9B9187764: receive requestVote(ELECTION, 4795f679-20b5-4d5a-9a13-c70766a2a14f, group-EBC9B9187764, 1, (t:0, i:0))
2025-05-28 15:17:18,102 [grpc-default-executor-4] INFO  impl.VoteContext (VoteContext.java:log(49)) - dacc202e-cd42-4a7a-b335-fe62dff69130@group-EBC9B9187764-FOLLOWER: accept ELECTION from 4795f679-20b5-4d5a-9a13-c70766a2a14f: our priority 0 <= candidate's priority 1
2025-05-28 15:17:18,102 [grpc-default-executor-4] INFO  server.RaftServer$Division (RaftServerImpl.java:setRole(378)) - dacc202e-cd42-4a7a-b335-fe62dff69130@group-EBC9B9187764: changes role from  FOLLOWER to FOLLOWER at term 0 for candidate:4795f679-20b5-4d5a-9a13-c70766a2a14f
2025-05-28 15:17:18,103 [grpc-default-executor-4] INFO  impl.RoleInfo (RoleInfo.java:shutdownFollowerState(121)) - dacc202e-cd42-4a7a-b335-fe62dff69130: shutdown dacc202e-cd42-4a7a-b335-fe62dff69130@group-EBC9B9187764-FollowerState
2025-05-28 15:17:18,103 [grpc-default-executor-4] INFO  impl.RoleInfo (RoleInfo.java:updateAndGet(148)) - dacc202e-cd42-4a7a-b335-fe62dff69130: start dacc202e-cd42-4a7a-b335-fe62dff69130@group-EBC9B9187764-FollowerState
2025-05-28 15:17:18,103 [dacc202e-cd42-4a7a-b335-fe62dff69130@group-EBC9B9187764-FollowerState] INFO  impl.FollowerState (FollowerState.java:runImpl(170)) - dacc202e-cd42-4a7a-b335-fe62dff69130@group-EBC9B9187764-FollowerState was interrupted
2025-05-28 15:17:18,103 [main] INFO  proxy.SecretKeyProtocolFailoverProxyProvider (SCMFailoverProxyProviderBase.java:<init>(120)) - Created fail-over proxy for protocol SecretKeyProtocolScmPB with 1 nodes: [nodeId=scmNodeId,nodeAddress=/0.0.0.0:9961]
2025-05-28 15:17:18,103 [grpc-default-executor-5] INFO  server.RaftServer$Division (RaftServerImpl.java:requestVote(1441)) - a755fe32-7d9a-4996-bc51-d7fbc67ab218@group-EBC9B9187764 replies to ELECTION vote request: 4795f679-20b5-4d5a-9a13-c70766a2a14f<-a755fe32-7d9a-4996-bc51-d7fbc67ab218#0:OK-t1. Peer's state: a755fe32-7d9a-4996-bc51-d7fbc67ab218@group-EBC9B9187764:t1, leader=null, voted=4795f679-20b5-4d5a-9a13-c70766a2a14f, raftlog=Memoized:a755fe32-7d9a-4996-bc51-d7fbc67ab218@group-EBC9B9187764-SegmentedRaftLog:OPENED:c-1:lastnull, conf=conf: {index: -1, cur=peers:[4795f679-20b5-4d5a-9a13-c70766a2a14f|127.0.0.1:15015, a755fe32-7d9a-4996-bc51-d7fbc67ab218|127.0.0.1:15023, dacc202e-cd42-4a7a-b335-fe62dff69130|127.0.0.1:15031]|listeners:[], old=null}
2025-05-28 15:17:18,104 [grpc-default-executor-4] INFO  server.RaftServer$Division (RaftServerImpl.java:setFirstElection(562)) - dacc202e-cd42-4a7a-b335-fe62dff69130@group-EBC9B9187764: set firstElectionSinceStartup to false for candidate:4795f679-20b5-4d5a-9a13-c70766a2a14f
2025-05-28 15:17:18,108 [4795f679-20b5-4d5a-9a13-c70766a2a14f@group-A574A09B74EF-FollowerState] INFO  impl.FollowerState (FollowerState.java:runImpl(161)) - 4795f679-20b5-4d5a-9a13-c70766a2a14f@group-A574A09B74EF-FollowerState: change to CANDIDATE, lastRpcElapsedTime:1015745468ns, electionTimeout:1014ms
2025-05-28 15:17:18,109 [4795f679-20b5-4d5a-9a13-c70766a2a14f@group-A574A09B74EF-FollowerState] INFO  impl.RoleInfo (RoleInfo.java:shutdownFollowerState(121)) - 4795f679-20b5-4d5a-9a13-c70766a2a14f: shutdown 4795f679-20b5-4d5a-9a13-c70766a2a14f@group-A574A09B74EF-FollowerState
2025-05-28 15:17:18,109 [4795f679-20b5-4d5a-9a13-c70766a2a14f@group-A574A09B74EF-FollowerState] INFO  server.RaftServer$Division (RaftServerImpl.java:setRole(378)) - 4795f679-20b5-4d5a-9a13-c70766a2a14f@group-A574A09B74EF: changes role from  FOLLOWER to CANDIDATE at term 0 for changeToCandidate
2025-05-28 15:17:18,109 [4795f679-20b5-4d5a-9a13-c70766a2a14f@group-EBC9B9187764-LeaderElection9] INFO  impl.LeaderElection (LeaderElection.java:logAndReturn(90)) - 4795f679-20b5-4d5a-9a13-c70766a2a14f@group-EBC9B9187764-LeaderElection9: ELECTION PASSED received 1 response(s) and 0 exception(s):
2025-05-28 15:17:18,109 [grpc-default-executor-4] INFO  server.RaftServer$Division (RaftServerImpl.java:requestVote(1441)) - dacc202e-cd42-4a7a-b335-fe62dff69130@group-EBC9B9187764 replies to ELECTION vote request: 4795f679-20b5-4d5a-9a13-c70766a2a14f<-dacc202e-cd42-4a7a-b335-fe62dff69130#0:OK-t1. Peer's state: dacc202e-cd42-4a7a-b335-fe62dff69130@group-EBC9B9187764:t1, leader=null, voted=4795f679-20b5-4d5a-9a13-c70766a2a14f, raftlog=Memoized:dacc202e-cd42-4a7a-b335-fe62dff69130@group-EBC9B9187764-SegmentedRaftLog:OPENED:c-1:lastnull, conf=conf: {index: -1, cur=peers:[4795f679-20b5-4d5a-9a13-c70766a2a14f|127.0.0.1:15015, a755fe32-7d9a-4996-bc51-d7fbc67ab218|127.0.0.1:15023, dacc202e-cd42-4a7a-b335-fe62dff69130|127.0.0.1:15031]|listeners:[], old=null}
2025-05-28 15:17:18,111 [4795f679-20b5-4d5a-9a13-c70766a2a14f@group-EBC9B9187764-LeaderElection9] INFO  impl.LeaderElection (LeaderElection.java:logAndReturn(94)) -   Response 0: 4795f679-20b5-4d5a-9a13-c70766a2a14f<-a755fe32-7d9a-4996-bc51-d7fbc67ab218#0:OK-t1
2025-05-28 15:17:18,111 [4795f679-20b5-4d5a-9a13-c70766a2a14f@group-A574A09B74EF-FollowerState] INFO  server.RaftServerConfigKeys (ConfUtils.java:logGet(46)) - raft.server.leaderelection.pre-vote = true (default)
2025-05-28 15:17:18,111 [4795f679-20b5-4d5a-9a13-c70766a2a14f@group-A574A09B74EF-FollowerState] INFO  impl.RoleInfo (RoleInfo.java:updateAndGet(148)) - 4795f679-20b5-4d5a-9a13-c70766a2a14f: start 4795f679-20b5-4d5a-9a13-c70766a2a14f@group-A574A09B74EF-LeaderElection10
2025-05-28 15:17:18,112 [4795f679-20b5-4d5a-9a13-c70766a2a14f@group-EBC9B9187764-LeaderElection9] INFO  impl.LeaderElection (LeaderElection.java:askForVotes(334)) - 4795f679-20b5-4d5a-9a13-c70766a2a14f@group-EBC9B9187764-LeaderElection9 ELECTION round 0: result PASSED
2025-05-28 15:17:18,112 [4795f679-20b5-4d5a-9a13-c70766a2a14f@group-EBC9B9187764-LeaderElection9] INFO  impl.RoleInfo (RoleInfo.java:shutdownLeaderElection(141)) - 4795f679-20b5-4d5a-9a13-c70766a2a14f: shutdown 4795f679-20b5-4d5a-9a13-c70766a2a14f@group-EBC9B9187764-LeaderElection9
2025-05-28 15:17:18,112 [4795f679-20b5-4d5a-9a13-c70766a2a14f@group-EBC9B9187764-LeaderElection9] INFO  server.RaftServer$Division (RaftServerImpl.java:setRole(378)) - 4795f679-20b5-4d5a-9a13-c70766a2a14f@group-EBC9B9187764: changes role from CANDIDATE to LEADER at term 1 for changeToLeader
2025-05-28 15:17:18,112 [4795f679-20b5-4d5a-9a13-c70766a2a14f@group-EBC9B9187764-LeaderElection9] INFO  server.RaftServerConfigKeys (ConfUtils.java:logGet(46)) - raft.server.staging.catchup.gap = 1000 (default)
2025-05-28 15:17:18,113 [4795f679-20b5-4d5a-9a13-c70766a2a14f@group-EBC9B9187764-LeaderElection9] INFO  server.RaftServerConfigKeys (ConfUtils.java:logGet(46)) - raft.server.write.element-limit = 1024 (custom)
2025-05-28 15:17:18,113 [4795f679-20b5-4d5a-9a13-c70766a2a14f@group-EBC9B9187764-LeaderElection9] INFO  server.RaftServerConfigKeys (ConfUtils.java:logGet(46)) - raft.server.write.byte-limit = 1024 M (=1073741824) (custom)
2025-05-28 15:17:18,115 [4795f679-20b5-4d5a-9a13-c70766a2a14f@group-EBC9B9187764-LeaderElection9] INFO  server.RaftServerConfigKeys (ConfUtils.java:logGet(46)) - raft.server.watch.timeout = 30s (custom)
2025-05-28 15:17:18,115 [4795f679-20b5-4d5a-9a13-c70766a2a14f@group-EBC9B9187764-LeaderElection9] INFO  server.RaftServerConfigKeys (ConfUtils.java:logGet(46)) - raft.server.watch.timeout.denomination = 1s (default)
2025-05-28 15:17:18,115 [4795f679-20b5-4d5a-9a13-c70766a2a14f@group-EBC9B9187764-LeaderElection9] INFO  server.RaftServerConfigKeys (ConfUtils.java:logGet(46)) - raft.server.watch.element-limit = 65536 (default)
2025-05-28 15:17:18,115 [4795f679-20b5-4d5a-9a13-c70766a2a14f@group-EBC9B9187764-LeaderElection9] INFO  server.RaftServerConfigKeys (ConfUtils.java:logGet(46)) - raft.server.read.leader.lease.enabled = false (default)
2025-05-28 15:17:18,115 [4795f679-20b5-4d5a-9a13-c70766a2a14f@group-EBC9B9187764-LeaderElection9] INFO  server.RaftServerConfigKeys (ConfUtils.java:logGet(46)) - raft.server.read.leader.lease.timeout.ratio = 0.9 (default)
2025-05-28 15:17:18,116 [4795f679-20b5-4d5a-9a13-c70766a2a14f@group-EBC9B9187764-LeaderElection9] INFO  server.RaftServerConfigKeys (ConfUtils.java:logGet(46)) - raft.server.rpc.timeout.min = 5s (custom)
2025-05-28 15:17:18,116 [4795f679-20b5-4d5a-9a13-c70766a2a14f@group-A574A09B74EF-LeaderElection10] INFO  impl.LeaderElection (LeaderElection.java:askForVotes(332)) - 4795f679-20b5-4d5a-9a13-c70766a2a14f@group-A574A09B74EF-LeaderElection10 PRE_VOTE round 0: submit vote requests at term 0 for conf: {index: -1, cur=peers:[4795f679-20b5-4d5a-9a13-c70766a2a14f|127.0.0.1:15015, a755fe32-7d9a-4996-bc51-d7fbc67ab218|127.0.0.1:15023, dacc202e-cd42-4a7a-b335-fe62dff69130|127.0.0.1:15031]|listeners:[], old=null}
2025-05-28 15:17:18,116 [4795f679-20b5-4d5a-9a13-c70766a2a14f@group-EBC9B9187764-LeaderElection9] INFO  server.RaftServerConfigKeys (ConfUtils.java:logGet(46)) - raft.server.log.log-metadata.enabled = true (default)
2025-05-28 15:17:18,116 [4795f679-20b5-4d5a-9a13-c70766a2a14f@group-EBC9B9187764-LeaderElection9] INFO  server.RaftServerConfigKeys (ConfUtils.java:logGet(46)) - raft.server.write.element-limit = 1024 (custom)
2025-05-28 15:17:18,116 [4795f679-20b5-4d5a-9a13-c70766a2a14f@group-EBC9B9187764-LeaderElection9] INFO  server.RaftServerConfigKeys (ConfUtils.java:logGet(46)) - raft.server.write.follower.gap.ratio.max = -1.0 (default)
2025-05-28 15:17:18,118 [4795f679-20b5-4d5a-9a13-c70766a2a14f@group-A574A09B74EF-LeaderElection10] INFO  server.RaftServerConfigKeys (ConfUtils.java:logGet(46)) - raft.server.rpc.first-election.timeout.min = 1000ms (custom)
2025-05-28 15:17:18,118 [4795f679-20b5-4d5a-9a13-c70766a2a14f@group-A574A09B74EF-LeaderElection10] INFO  server.RaftServerConfigKeys (ConfUtils.java:logGet(46)) - raft.server.rpc.first-election.timeout.max = 1200ms (custom)
2025-05-28 15:17:18,118 [4795f679-20b5-4d5a-9a13-c70766a2a14f@group-EBC9B9187764-LeaderElection9] INFO  server.RaftServerConfigKeys (ConfUtils.java:logGet(46)) - raft.server.log.appender.snapshot.chunk.size.max = 16MB (=16777216) (default)
2025-05-28 15:17:18,119 [4795f679-20b5-4d5a-9a13-c70766a2a14f@group-EBC9B9187764-LeaderElection9] INFO  server.RaftServerConfigKeys (ConfUtils.java:logGet(46)) - raft.server.log.appender.buffer.byte-limit = 33554432 (custom)
2025-05-28 15:17:18,119 [4795f679-20b5-4d5a-9a13-c70766a2a14f@group-EBC9B9187764-LeaderElection9] INFO  server.RaftServerConfigKeys (ConfUtils.java:logGet(46)) - raft.server.log.appender.buffer.element-limit = 1024 (custom)
2025-05-28 15:17:18,119 [4795f679-20b5-4d5a-9a13-c70766a2a14f@group-EBC9B9187764-LeaderElection9] INFO  server.RaftServerConfigKeys (ConfUtils.java:logGet(46)) - raft.server.log.appender.wait-time.min = 0μs (custom)
2025-05-28 15:17:18,121 [4795f679-20b5-4d5a-9a13-c70766a2a14f@group-EBC9B9187764-LeaderElection9] INFO  grpc.GrpcConfigKeys (ConfUtils.java:logGet(46)) - raft.grpc.server.leader.outstanding.appends.max = 8 (default)
2025-05-28 15:17:18,121 [4795f679-20b5-4d5a-9a13-c70766a2a14f@group-EBC9B9187764-LeaderElection9] INFO  server.RaftServerConfigKeys (ConfUtils.java:logGet(46)) - raft.server.rpc.request.timeout = 60s (custom)
2025-05-28 15:17:18,120 [grpc-default-executor-5] INFO  server.RaftServer$Division (RaftServerImpl.java:requestVote(1407)) - a755fe32-7d9a-4996-bc51-d7fbc67ab218@group-A574A09B74EF: receive requestVote(PRE_VOTE, 4795f679-20b5-4d5a-9a13-c70766a2a14f, group-A574A09B74EF, 0, (t:0, i:0))
2025-05-28 15:17:18,120 [grpc-default-executor-4] INFO  server.RaftServer$Division (RaftServerImpl.java:requestVote(1407)) - dacc202e-cd42-4a7a-b335-fe62dff69130@group-A574A09B74EF: receive requestVote(PRE_VOTE, 4795f679-20b5-4d5a-9a13-c70766a2a14f, group-A574A09B74EF, 0, (t:0, i:0))
2025-05-28 15:17:18,121 [grpc-default-executor-4] INFO  impl.VoteContext (VoteContext.java:log(49)) - dacc202e-cd42-4a7a-b335-fe62dff69130@group-A574A09B74EF-FOLLOWER: reject PRE_VOTE from 4795f679-20b5-4d5a-9a13-c70766a2a14f: our priority 1 > candidate's priority 0
2025-05-28 15:17:18,122 [grpc-default-executor-4] INFO  server.RaftServer$Division (RaftServerImpl.java:requestVote(1441)) - dacc202e-cd42-4a7a-b335-fe62dff69130@group-A574A09B74EF replies to PRE_VOTE vote request: 4795f679-20b5-4d5a-9a13-c70766a2a14f<-dacc202e-cd42-4a7a-b335-fe62dff69130#0:FAIL-t0. Peer's state: dacc202e-cd42-4a7a-b335-fe62dff69130@group-A574A09B74EF:t0, leader=null, voted=, raftlog=Memoized:dacc202e-cd42-4a7a-b335-fe62dff69130@group-A574A09B74EF-SegmentedRaftLog:OPENED:c-1:lastnull, conf=conf: {index: -1, cur=peers:[4795f679-20b5-4d5a-9a13-c70766a2a14f|127.0.0.1:15015, a755fe32-7d9a-4996-bc51-d7fbc67ab218|127.0.0.1:15023, dacc202e-cd42-4a7a-b335-fe62dff69130|127.0.0.1:15031]|listeners:[], old=null}
2025-05-28 15:17:18,121 [4795f679-20b5-4d5a-9a13-c70766a2a14f@group-EBC9B9187764-LeaderElection9] INFO  grpc.GrpcConfigKeys (ConfUtils.java:logGet(46)) - raft.grpc.server.install_snapshot.request.element-limit = 8 (default)
2025-05-28 15:17:18,123 [4795f679-20b5-4d5a-9a13-c70766a2a14f@group-EBC9B9187764-LeaderElection9] INFO  grpc.GrpcConfigKeys (ConfUtils.java:logGet(46)) - raft.grpc.server.install_snapshot.request.timeout = 3000ms (default)
2025-05-28 15:17:18,123 [4795f679-20b5-4d5a-9a13-c70766a2a14f@group-EBC9B9187764-LeaderElection9] INFO  grpc.GrpcConfigKeys (ConfUtils.java:logGet(46)) - raft.grpc.server.log-message.batch.duration = 5s (default)
2025-05-28 15:17:18,123 [4795f679-20b5-4d5a-9a13-c70766a2a14f@group-EBC9B9187764-LeaderElection9] INFO  server.RaftServerConfigKeys (ConfUtils.java:logGet(46)) - raft.server.log.appender.install.snapshot.enabled = false (custom)
2025-05-28 15:17:18,123 [4795f679-20b5-4d5a-9a13-c70766a2a14f@group-EBC9B9187764-LeaderElection9] INFO  grpc.GrpcConfigKeys (ConfUtils.java:logGet(46)) - raft.grpc.server.heartbeat.channel = true (default)
2025-05-28 15:17:18,123 [grpc-default-executor-5] INFO  impl.VoteContext (VoteContext.java:log(49)) - a755fe32-7d9a-4996-bc51-d7fbc67ab218@group-A574A09B74EF-FOLLOWER: accept PRE_VOTE from 4795f679-20b5-4d5a-9a13-c70766a2a14f: our priority 0 <= candidate's priority 0
2025-05-28 15:17:18,124 [4795f679-20b5-4d5a-9a13-c70766a2a14f@group-A574A09B74EF-LeaderElection10] INFO  impl.LeaderElection (LeaderElection.java:logAndReturn(90)) - 4795f679-20b5-4d5a-9a13-c70766a2a14f@group-A574A09B74EF-LeaderElection10: PRE_VOTE REJECTED received 1 response(s) and 0 exception(s):
2025-05-28 15:17:18,124 [4795f679-20b5-4d5a-9a13-c70766a2a14f@group-A574A09B74EF-LeaderElection10] INFO  impl.LeaderElection (LeaderElection.java:logAndReturn(94)) -   Response 0: 4795f679-20b5-4d5a-9a13-c70766a2a14f<-dacc202e-cd42-4a7a-b335-fe62dff69130#0:FAIL-t0
2025-05-28 15:17:18,124 [grpc-default-executor-5] INFO  server.RaftServer$Division (RaftServerImpl.java:requestVote(1441)) - a755fe32-7d9a-4996-bc51-d7fbc67ab218@group-A574A09B74EF replies to PRE_VOTE vote request: 4795f679-20b5-4d5a-9a13-c70766a2a14f<-a755fe32-7d9a-4996-bc51-d7fbc67ab218#0:OK-t0. Peer's state: a755fe32-7d9a-4996-bc51-d7fbc67ab218@group-A574A09B74EF:t0, leader=null, voted=, raftlog=Memoized:a755fe32-7d9a-4996-bc51-d7fbc67ab218@group-A574A09B74EF-SegmentedRaftLog:OPENED:c-1:lastnull, conf=conf: {index: -1, cur=peers:[4795f679-20b5-4d5a-9a13-c70766a2a14f|127.0.0.1:15015, a755fe32-7d9a-4996-bc51-d7fbc67ab218|127.0.0.1:15023, dacc202e-cd42-4a7a-b335-fe62dff69130|127.0.0.1:15031]|listeners:[], old=null}
2025-05-28 15:17:18,124 [4795f679-20b5-4d5a-9a13-c70766a2a14f@group-A574A09B74EF-LeaderElection10] INFO  impl.LeaderElection (LeaderElection.java:askForVotes(334)) - 4795f679-20b5-4d5a-9a13-c70766a2a14f@group-A574A09B74EF-LeaderElection10 PRE_VOTE round 0: result REJECTED
2025-05-28 15:17:18,125 [4795f679-20b5-4d5a-9a13-c70766a2a14f@group-A574A09B74EF-LeaderElection10] INFO  server.RaftServer$Division (RaftServerImpl.java:setRole(378)) - 4795f679-20b5-4d5a-9a13-c70766a2a14f@group-A574A09B74EF: changes role from CANDIDATE to FOLLOWER at term 0 for REJECTED
2025-05-28 15:17:18,125 [4795f679-20b5-4d5a-9a13-c70766a2a14f@group-A574A09B74EF-LeaderElection10] INFO  impl.RoleInfo (RoleInfo.java:shutdownLeaderElection(141)) - 4795f679-20b5-4d5a-9a13-c70766a2a14f: shutdown 4795f679-20b5-4d5a-9a13-c70766a2a14f@group-A574A09B74EF-LeaderElection10
2025-05-28 15:17:18,125 [4795f679-20b5-4d5a-9a13-c70766a2a14f@group-A574A09B74EF-LeaderElection10] INFO  impl.RoleInfo (RoleInfo.java:updateAndGet(148)) - 4795f679-20b5-4d5a-9a13-c70766a2a14f: start 4795f679-20b5-4d5a-9a13-c70766a2a14f@group-A574A09B74EF-FollowerState
2025-05-28 15:17:18,126 [pool-237-thread-1] INFO  ozoneimpl.OzoneContainer (OzoneContainer.java:stop(536)) - Attempting to stop container services.
2025-05-28 15:17:18,127 [4795f679-20b5-4d5a-9a13-c70766a2a14f@group-EBC9B9187764-LeaderElection9] INFO  server.RaftServerConfigKeys (ConfUtils.java:logGet(46)) - raft.server.log.appender.snapshot.chunk.size.max = 16MB (=16777216) (default)
2025-05-28 15:17:18,128 [4795f679-20b5-4d5a-9a13-c70766a2a14f@group-A574A09B74EF-LeaderElection10] INFO  server.RaftServer$Division (RaftServerImpl.java:setFirstElection(562)) - 4795f679-20b5-4d5a-9a13-c70766a2a14f@group-A574A09B74EF: set firstElectionSinceStartup to false for REJECTED
2025-05-28 15:17:18,129 [4795f679-20b5-4d5a-9a13-c70766a2a14f@group-EBC9B9187764-LeaderElection9] INFO  server.RaftServerConfigKeys (ConfUtils.java:logGet(46)) - raft.server.log.appender.buffer.byte-limit = 33554432 (custom)
2025-05-28 15:17:18,129 [4795f679-20b5-4d5a-9a13-c70766a2a14f@group-EBC9B9187764-LeaderElection9] INFO  server.RaftServerConfigKeys (ConfUtils.java:logGet(46)) - raft.server.log.appender.buffer.element-limit = 1024 (custom)
2025-05-28 15:17:18,129 [ContainerMetadataScanner] WARN  ozoneimpl.AbstractBackgroundContainerScanner (AbstractBackgroundContainerScanner.java:handleRemainingSleep(136)) - Background container scan was interrupted.
2025-05-28 15:17:18,129 [ContainerMetadataScanner] INFO  ozoneimpl.AbstractBackgroundContainerScanner (AbstractBackgroundContainerScanner.java:run(63)) - org.apache.hadoop.ozone.container.ozoneimpl.BackgroundContainerMetadataScanner@1a8ff951 exiting.
2025-05-28 15:17:18,130 [4795f679-20b5-4d5a-9a13-c70766a2a14f@group-EBC9B9187764-LeaderElection9] INFO  server.RaftServerConfigKeys (ConfUtils.java:logGet(46)) - raft.server.log.appender.wait-time.min = 0μs (custom)
2025-05-28 15:17:18,130 [4795f679-20b5-4d5a-9a13-c70766a2a14f@group-EBC9B9187764-LeaderElection9] INFO  grpc.GrpcConfigKeys (ConfUtils.java:logGet(46)) - raft.grpc.server.leader.outstanding.appends.max = 8 (default)
2025-05-28 15:17:18,130 [4795f679-20b5-4d5a-9a13-c70766a2a14f@group-EBC9B9187764-LeaderElection9] INFO  server.RaftServerConfigKeys (ConfUtils.java:logGet(46)) - raft.server.rpc.request.timeout = 60s (custom)
2025-05-28 15:17:18,130 [4795f679-20b5-4d5a-9a13-c70766a2a14f@group-EBC9B9187764-LeaderElection9] INFO  grpc.GrpcConfigKeys (ConfUtils.java:logGet(46)) - raft.grpc.server.install_snapshot.request.element-limit = 8 (default)
2025-05-28 15:17:18,130 [4795f679-20b5-4d5a-9a13-c70766a2a14f@group-EBC9B9187764-LeaderElection9] INFO  grpc.GrpcConfigKeys (ConfUtils.java:logGet(46)) - raft.grpc.server.install_snapshot.request.timeout = 3000ms (default)
2025-05-28 15:17:18,130 [pool-237-thread-1] INFO  ozoneimpl.BackgroundContainerDataScanner (BackgroundContainerDataScanner.java:shutdown(141)) - ContainerDataScanner(/home/runner/work/ozone/ozone/hadoop-ozone/integration-test/target/test-dir/MiniOzoneClusterImpl-723737d7-d862-4a19-a51f-6b1567aa62b1/ozone-meta/datanode-1/data-0/hdds) is shutting down. 
2025-05-28 15:17:18,131 [ContainerDataScanner(/home/runner/work/ozone/ozone/hadoop-ozone/integration-test/target/test-dir/MiniOzoneClusterImpl-723737d7-d862-4a19-a51f-6b1567aa62b1/ozone-meta/datanode-1/data-0/hdds)] WARN  ozoneimpl.AbstractBackgroundContainerScanner (AbstractBackgroundContainerScanner.java:handleRemainingSleep(136)) - Background container scan was interrupted.
2025-05-28 15:17:18,131 [ContainerDataScanner(/home/runner/work/ozone/ozone/hadoop-ozone/integration-test/target/test-dir/MiniOzoneClusterImpl-723737d7-d862-4a19-a51f-6b1567aa62b1/ozone-meta/datanode-1/data-0/hdds)] INFO  ozoneimpl.AbstractBackgroundContainerScanner (AbstractBackgroundContainerScanner.java:run(63)) - ContainerDataScanner(/home/runner/work/ozone/ozone/hadoop-ozone/integration-test/target/test-dir/MiniOzoneClusterImpl-723737d7-d862-4a19-a51f-6b1567aa62b1/ozone-meta/datanode-1/data-0/hdds, DS-90e20c52-e033-4bf3-b7fb-3bfbbf92f9dc) exiting.
2025-05-28 15:17:18,130 [4795f679-20b5-4d5a-9a13-c70766a2a14f@group-EBC9B9187764-LeaderElection9] INFO  grpc.GrpcConfigKeys (ConfUtils.java:logGet(46)) - raft.grpc.server.log-message.batch.duration = 5s (default)
2025-05-28 15:17:18,132 [pool-237-thread-1] INFO  ozoneimpl.OnDemandContainerDataScanner (OnDemandContainerDataScanner.java:shutdownScanner(208)) - On-demand container scanner is shutting down.
2025-05-28 15:17:18,132 [4795f679-20b5-4d5a-9a13-c70766a2a14f@group-EBC9B9187764-LeaderElection9] INFO  server.RaftServerConfigKeys (ConfUtils.java:logGet(46)) - raft.server.log.appender.install.snapshot.enabled = false (custom)
2025-05-28 15:17:18,132 [4795f679-20b5-4d5a-9a13-c70766a2a14f@group-EBC9B9187764-LeaderElection9] INFO  grpc.GrpcConfigKeys (ConfUtils.java:logGet(46)) - raft.grpc.server.heartbeat.channel = true (default)
2025-05-28 15:17:18,133 [4795f679-20b5-4d5a-9a13-c70766a2a14f@group-EBC9B9187764-LeaderElection9] INFO  impl.RoleInfo (RoleInfo.java:updateAndGet(148)) - 4795f679-20b5-4d5a-9a13-c70766a2a14f: start 4795f679-20b5-4d5a-9a13-c70766a2a14f@group-EBC9B9187764-LeaderStateImpl
2025-05-28 15:17:18,133 [4795f679-20b5-4d5a-9a13-c70766a2a14f@group-EBC9B9187764-LeaderElection9] INFO  server.RaftServer$Division (RaftServerImpl.java:setFirstElection(562)) - 4795f679-20b5-4d5a-9a13-c70766a2a14f@group-EBC9B9187764: set firstElectionSinceStartup to false for becomeLeader
2025-05-28 15:17:18,133 [4795f679-20b5-4d5a-9a13-c70766a2a14f@group-EBC9B9187764-LeaderElection9] INFO  ratis.XceiverServerRatis (XceiverServerRatis.java:handleLeaderChangedNotification(944)) - Leader change notification received for group: group-EBC9B9187764 with new leaderId: 4795f679-20b5-4d5a-9a13-c70766a2a14f
2025-05-28 15:17:18,133 [4795f679-20b5-4d5a-9a13-c70766a2a14f@group-EBC9B9187764-LeaderElection9] INFO  server.RaftServer$Division (ServerState.java:setLeader(272)) - 4795f679-20b5-4d5a-9a13-c70766a2a14f@group-EBC9B9187764: change Leader from null to 4795f679-20b5-4d5a-9a13-c70766a2a14f at term 1 for becomeLeader, leader elected after 1214ms
2025-05-28 15:17:18,135 [4795f679-20b5-4d5a-9a13-c70766a2a14f@group-EBC9B9187764-LeaderElection9] INFO  segmented.SegmentedRaftLogWorker (SegmentedRaftLogWorker.java:startLogSegment(438)) - 4795f679-20b5-4d5a-9a13-c70766a2a14f@group-EBC9B9187764-SegmentedRaftLogWorker: Starting segment from index:0
2025-05-28 15:17:18,135 [dacc202e-cd42-4a7a-b335-fe62dff69130@group-F8F976EC3E9D-FollowerState] INFO  impl.FollowerState (FollowerState.java:runImpl(161)) - dacc202e-cd42-4a7a-b335-fe62dff69130@group-F8F976EC3E9D-FollowerState: change to CANDIDATE, lastRpcElapsedTime:1036921314ns, electionTimeout:1035ms
2025-05-28 15:17:18,135 [dacc202e-cd42-4a7a-b335-fe62dff69130@group-F8F976EC3E9D-FollowerState] INFO  impl.RoleInfo (RoleInfo.java:shutdownFollowerState(121)) - dacc202e-cd42-4a7a-b335-fe62dff69130: shutdown dacc202e-cd42-4a7a-b335-fe62dff69130@group-F8F976EC3E9D-FollowerState
2025-05-28 15:17:18,135 [dacc202e-cd42-4a7a-b335-fe62dff69130@group-F8F976EC3E9D-FollowerState] INFO  server.RaftServer$Division (RaftServerImpl.java:setRole(378)) - dacc202e-cd42-4a7a-b335-fe62dff69130@group-F8F976EC3E9D: changes role from  FOLLOWER to CANDIDATE at term 0 for changeToCandidate
2025-05-28 15:17:18,135 [dacc202e-cd42-4a7a-b335-fe62dff69130@group-F8F976EC3E9D-FollowerState] INFO  server.RaftServerConfigKeys (ConfUtils.java:logGet(46)) - raft.server.leaderelection.pre-vote = true (default)
2025-05-28 15:17:18,135 [dacc202e-cd42-4a7a-b335-fe62dff69130@group-F8F976EC3E9D-FollowerState] INFO  impl.RoleInfo (RoleInfo.java:updateAndGet(148)) - dacc202e-cd42-4a7a-b335-fe62dff69130: start dacc202e-cd42-4a7a-b335-fe62dff69130@group-F8F976EC3E9D-LeaderElection11
2025-05-28 15:17:18,136 [4795f679-20b5-4d5a-9a13-c70766a2a14f@group-EBC9B9187764-SegmentedRaftLogWorker] INFO  segmented.BufferedWriteChannel (BufferedWriteChannel.java:open(61)) - open log_inprogress_0 at position 0
2025-05-28 15:17:18,136 [dacc202e-cd42-4a7a-b335-fe62dff69130@group-F8F976EC3E9D-LeaderElection11] INFO  impl.LeaderElection (LeaderElection.java:askForVotes(332)) - dacc202e-cd42-4a7a-b335-fe62dff69130@group-F8F976EC3E9D-LeaderElection11 PRE_VOTE round 0: submit vote requests at term 0 for conf: {index: -1, cur=peers:[dacc202e-cd42-4a7a-b335-fe62dff69130|127.0.0.1:15031]|listeners:[], old=null}
2025-05-28 15:17:18,136 [dacc202e-cd42-4a7a-b335-fe62dff69130@group-F8F976EC3E9D-LeaderElection11] INFO  impl.LeaderElection (LeaderElection.java:askForVotes(334)) - dacc202e-cd42-4a7a-b335-fe62dff69130@group-F8F976EC3E9D-LeaderElection11 PRE_VOTE round 0: result PASSED (term=0)
2025-05-28 15:17:18,135 [4795f679-20b5-4d5a-9a13-c70766a2a14f@group-EBC9B9187764-LeaderElection9] INFO  server.RaftServer$Division (ServerState.java:setRaftConf(386)) - 4795f679-20b5-4d5a-9a13-c70766a2a14f@group-EBC9B9187764: set configuration conf: {index: 0, cur=peers:[4795f679-20b5-4d5a-9a13-c70766a2a14f|127.0.0.1:15015, a755fe32-7d9a-4996-bc51-d7fbc67ab218|127.0.0.1:15023, dacc202e-cd42-4a7a-b335-fe62dff69130|127.0.0.1:15031]|listeners:[], old=null}
2025-05-28 15:17:18,143 [pool-237-thread-1] INFO  ratis.XceiverServerRatis (XceiverServerRatis.java:stop(594)) - Closing XceiverServerRatis(4795f679-20b5-4d5a-9a13-c70766a2a14f)
2025-05-28 15:17:18,143 [pool-237-thread-1] INFO  server.RaftServer (RaftServerProxy.java:lambda$close$9(417)) - 4795f679-20b5-4d5a-9a13-c70766a2a14f: close
2025-05-28 15:17:18,144 [4795f679-20b5-4d5a-9a13-c70766a2a14f-impl-thread3] INFO  server.RaftServer$Division (RaftServerImpl.java:lambda$close$1(513)) - 4795f679-20b5-4d5a-9a13-c70766a2a14f@group-A574A09B74EF: shutdown
2025-05-28 15:17:18,145 [dacc202e-cd42-4a7a-b335-fe62dff69130@group-F8F976EC3E9D-LeaderElection11] INFO  impl.LeaderElection (LeaderElection.java:askForVotes(332)) - dacc202e-cd42-4a7a-b335-fe62dff69130@group-F8F976EC3E9D-LeaderElection11 ELECTION round 0: submit vote requests at term 1 for conf: {index: -1, cur=peers:[dacc202e-cd42-4a7a-b335-fe62dff69130|127.0.0.1:15031]|listeners:[], old=null}
2025-05-28 15:17:18,145 [4795f679-20b5-4d5a-9a13-c70766a2a14f-impl-thread2] INFO  server.RaftServer$Division (RaftServerImpl.java:lambda$close$1(513)) - 4795f679-20b5-4d5a-9a13-c70766a2a14f@group-329227478BA6: shutdown
2025-05-28 15:17:18,145 [4795f679-20b5-4d5a-9a13-c70766a2a14f-impl-thread3] INFO  util.JmxRegister (JmxRegister.java:unregister(74)) - Successfully un-registered JMX Bean with object name Ratis:service=RaftServer,group=group-A574A09B74EF,id=4795f679-20b5-4d5a-9a13-c70766a2a14f
2025-05-28 15:17:18,145 [4795f679-20b5-4d5a-9a13-c70766a2a14f-impl-thread3] INFO  impl.RoleInfo (RoleInfo.java:shutdownFollowerState(121)) - 4795f679-20b5-4d5a-9a13-c70766a2a14f: shutdown 4795f679-20b5-4d5a-9a13-c70766a2a14f@group-A574A09B74EF-FollowerState
2025-05-28 15:17:18,145 [4795f679-20b5-4d5a-9a13-c70766a2a14f-impl-thread3] INFO  impl.StateMachineUpdater (StateMachineUpdater.java:stopAndJoin(164)) - 4795f679-20b5-4d5a-9a13-c70766a2a14f@group-A574A09B74EF-StateMachineUpdater: set stopIndex = -1
2025-05-28 15:17:18,145 [pool-237-thread-1] INFO  server.GrpcService (GrpcService.java:closeImpl(343)) - 4795f679-20b5-4d5a-9a13-c70766a2a14f: shutdown server org.apache.ratis.grpc.server.GrpcClientProtocolService now
2025-05-28 15:17:18,146 [4795f679-20b5-4d5a-9a13-c70766a2a14f-impl-thread4] INFO  server.RaftServer$Division (RaftServerImpl.java:lambda$close$1(513)) - 4795f679-20b5-4d5a-9a13-c70766a2a14f@group-EBC9B9187764: shutdown
2025-05-28 15:17:18,146 [4795f679-20b5-4d5a-9a13-c70766a2a14f-impl-thread4] INFO  util.JmxRegister (JmxRegister.java:unregister(74)) - Successfully un-registered JMX Bean with object name Ratis:service=RaftServer,group=group-EBC9B9187764,id=4795f679-20b5-4d5a-9a13-c70766a2a14f
2025-05-28 15:17:18,146 [4795f679-20b5-4d5a-9a13-c70766a2a14f-impl-thread4] INFO  impl.RoleInfo (RoleInfo.java:shutdownLeaderState(103)) - 4795f679-20b5-4d5a-9a13-c70766a2a14f: shutdown 4795f679-20b5-4d5a-9a13-c70766a2a14f@group-EBC9B9187764-LeaderStateImpl
2025-05-28 15:17:18,146 [4795f679-20b5-4d5a-9a13-c70766a2a14f-impl-thread4] INFO  impl.PendingRequests (PendingRequests.java:sendNotLeaderResponses(287)) - 4795f679-20b5-4d5a-9a13-c70766a2a14f@group-EBC9B9187764-PendingRequests: sendNotLeaderResponses
2025-05-28 15:17:18,146 [4795f679-20b5-4d5a-9a13-c70766a2a14f@group-EBC9B9187764->dacc202e-cd42-4a7a-b335-fe62dff69130-GrpcLogAppender-LogAppenderDaemon] INFO  leader.LogAppenderDaemon (LogAppenderDaemon.java:run(87)) - 4795f679-20b5-4d5a-9a13-c70766a2a14f@group-EBC9B9187764->dacc202e-cd42-4a7a-b335-fe62dff69130-GrpcLogAppender-LogAppenderDaemon I/O was interrupted: java.io.InterruptedIOException: Interrupted appendLog, heartbeat? true
2025-05-28 15:17:18,145 [dacc202e-cd42-4a7a-b335-fe62dff69130@group-F8F976EC3E9D-LeaderElection11] INFO  impl.LeaderElection (LeaderElection.java:askForVotes(334)) - dacc202e-cd42-4a7a-b335-fe62dff69130@group-F8F976EC3E9D-LeaderElection11 ELECTION round 0: result PASSED (term=1)
2025-05-28 15:17:18,146 [4795f679-20b5-4d5a-9a13-c70766a2a14f-impl-thread1] INFO  server.RaftServer$Division (RaftServerImpl.java:lambda$close$1(513)) - 4795f679-20b5-4d5a-9a13-c70766a2a14f@group-3199EF5D7496: shutdown
2025-05-28 15:17:18,147 [4795f679-20b5-4d5a-9a13-c70766a2a14f-impl-thread1] INFO  util.JmxRegister (JmxRegister.java:unregister(74)) - Successfully un-registered JMX Bean with object name Ratis:service=RaftServer,group=group-3199EF5D7496,id=4795f679-20b5-4d5a-9a13-c70766a2a14f
2025-05-28 15:17:18,147 [4795f679-20b5-4d5a-9a13-c70766a2a14f-impl-thread1] INFO  impl.RoleInfo (RoleInfo.java:shutdownFollowerState(121)) - 4795f679-20b5-4d5a-9a13-c70766a2a14f: shutdown 4795f679-20b5-4d5a-9a13-c70766a2a14f@group-3199EF5D7496-FollowerState
2025-05-28 15:17:18,147 [4795f679-20b5-4d5a-9a13-c70766a2a14f-impl-thread1] INFO  impl.StateMachineUpdater (StateMachineUpdater.java:stopAndJoin(164)) - 4795f679-20b5-4d5a-9a13-c70766a2a14f@group-3199EF5D7496-StateMachineUpdater: set stopIndex = -1
2025-05-28 15:17:18,146 [4795f679-20b5-4d5a-9a13-c70766a2a14f@group-A574A09B74EF-StateMachineUpdater] INFO  impl.StateMachineUpdater (StateMachineUpdater.java:stop(141)) - 4795f679-20b5-4d5a-9a13-c70766a2a14f@group-A574A09B74EF-StateMachineUpdater: closing ContainerStateMachine, lastApplied=(t:0, i:~)
2025-05-28 15:17:18,145 [4795f679-20b5-4d5a-9a13-c70766a2a14f@group-A574A09B74EF-FollowerState] INFO  impl.FollowerState (FollowerState.java:runImpl(170)) - 4795f679-20b5-4d5a-9a13-c70766a2a14f@group-A574A09B74EF-FollowerState was interrupted
2025-05-28 15:17:18,145 [4795f679-20b5-4d5a-9a13-c70766a2a14f-impl-thread2] INFO  util.JmxRegister (JmxRegister.java:unregister(74)) - Successfully un-registered JMX Bean with object name Ratis:service=RaftServer,group=group-329227478BA6,id=4795f679-20b5-4d5a-9a13-c70766a2a14f
2025-05-28 15:17:18,150 [4795f679-20b5-4d5a-9a13-c70766a2a14f-impl-thread2] INFO  impl.RoleInfo (RoleInfo.java:shutdownLeaderState(103)) - 4795f679-20b5-4d5a-9a13-c70766a2a14f: shutdown 4795f679-20b5-4d5a-9a13-c70766a2a14f@group-329227478BA6-LeaderStateImpl
2025-05-28 15:17:18,150 [4795f679-20b5-4d5a-9a13-c70766a2a14f-impl-thread2] INFO  impl.PendingRequests (PendingRequests.java:sendNotLeaderResponses(287)) - 4795f679-20b5-4d5a-9a13-c70766a2a14f@group-329227478BA6-PendingRequests: sendNotLeaderResponses
2025-05-28 15:17:18,147 [4795f679-20b5-4d5a-9a13-c70766a2a14f@group-3199EF5D7496-FollowerState] INFO  impl.FollowerState (FollowerState.java:runImpl(170)) - 4795f679-20b5-4d5a-9a13-c70766a2a14f@group-3199EF5D7496-FollowerState was interrupted
2025-05-28 15:17:18,147 [4795f679-20b5-4d5a-9a13-c70766a2a14f@group-3199EF5D7496-StateMachineUpdater] INFO  impl.StateMachineUpdater (StateMachineUpdater.java:stop(141)) - 4795f679-20b5-4d5a-9a13-c70766a2a14f@group-3199EF5D7496-StateMachineUpdater: closing ContainerStateMachine, lastApplied=(t:0, i:~)
2025-05-28 15:17:18,147 [dacc202e-cd42-4a7a-b335-fe62dff69130@group-F8F976EC3E9D-LeaderElection11] INFO  impl.RoleInfo (RoleInfo.java:shutdownLeaderElection(141)) - dacc202e-cd42-4a7a-b335-fe62dff69130: shutdown dacc202e-cd42-4a7a-b335-fe62dff69130@group-F8F976EC3E9D-LeaderElection11
2025-05-28 15:17:18,151 [4795f679-20b5-4d5a-9a13-c70766a2a14f@group-329227478BA6-StateMachineUpdater] INFO  ratis.ContainerStateMachine (ContainerStateMachine.java:takeSnapshot(427)) - group-329227478BA6: Taking a snapshot at:(t:1, i:0) file /home/runner/work/ozone/ozone/hadoop-ozone/integration-test/target/test-dir/MiniOzoneClusterImpl-723737d7-d862-4a19-a51f-6b1567aa62b1/ozone-meta/datanode-1/ratis/de08d823-7de2-489b-90ad-329227478ba6/sm/snapshot.1_0
2025-05-28 15:17:18,151 [4795f679-20b5-4d5a-9a13-c70766a2a14f-impl-thread2] INFO  impl.StateMachineUpdater (StateMachineUpdater.java:stopAndJoin(164)) - 4795f679-20b5-4d5a-9a13-c70766a2a14f@group-329227478BA6-StateMachineUpdater: set stopIndex = 0
2025-05-28 15:17:18,152 [dacc202e-cd42-4a7a-b335-fe62dff69130@group-F8F976EC3E9D-LeaderElection11] INFO  server.RaftServer$Division (RaftServerImpl.java:setRole(378)) - dacc202e-cd42-4a7a-b335-fe62dff69130@group-F8F976EC3E9D: changes role from CANDIDATE to LEADER at term 1 for changeToLeader
2025-05-28 15:17:18,152 [dacc202e-cd42-4a7a-b335-fe62dff69130@group-F8F976EC3E9D-LeaderElection11] INFO  server.RaftServerConfigKeys (ConfUtils.java:logGet(46)) - raft.server.staging.catchup.gap = 1000 (default)
2025-05-28 15:17:18,152 [4795f679-20b5-4d5a-9a13-c70766a2a14f@group-EBC9B9187764->a755fe32-7d9a-4996-bc51-d7fbc67ab218-GrpcLogAppender-LogAppenderDaemon] INFO  leader.LogAppenderDaemon (LogAppenderDaemon.java:run(87)) - 4795f679-20b5-4d5a-9a13-c70766a2a14f@group-EBC9B9187764->a755fe32-7d9a-4996-bc51-d7fbc67ab218-GrpcLogAppender-LogAppenderDaemon I/O was interrupted: java.io.InterruptedIOException: Interrupted appendLog, heartbeat? true
2025-05-28 15:17:18,152 [dacc202e-cd42-4a7a-b335-fe62dff69130@group-F8F976EC3E9D-LeaderElection11] INFO  server.RaftServerConfigKeys (ConfUtils.java:logGet(46)) - raft.server.write.element-limit = 1024 (custom)
2025-05-28 15:17:18,152 [4795f679-20b5-4d5a-9a13-c70766a2a14f@group-3199EF5D7496-cacheEviction-AwaitToRun] INFO  util.AwaitToRun (AwaitToRun.java:run(49)) - 4795f679-20b5-4d5a-9a13-c70766a2a14f@group-3199EF5D7496-cacheEviction-AwaitToRun-AwaitForSignal is interrupted
2025-05-28 15:17:18,152 [4795f679-20b5-4d5a-9a13-c70766a2a14f@group-A574A09B74EF-cacheEviction-AwaitToRun] INFO  util.AwaitToRun (AwaitToRun.java:run(49)) - 4795f679-20b5-4d5a-9a13-c70766a2a14f@group-A574A09B74EF-cacheEviction-AwaitToRun-AwaitForSignal is interrupted
2025-05-28 15:17:18,152 [4795f679-20b5-4d5a-9a13-c70766a2a14f-impl-thread4] INFO  impl.StateMachineUpdater (StateMachineUpdater.java:stopAndJoin(164)) - 4795f679-20b5-4d5a-9a13-c70766a2a14f@group-EBC9B9187764-StateMachineUpdater: set stopIndex = -1
2025-05-28 15:17:18,152 [4795f679-20b5-4d5a-9a13-c70766a2a14f@group-EBC9B9187764-StateMachineUpdater] INFO  impl.StateMachineUpdater (StateMachineUpdater.java:stop(141)) - 4795f679-20b5-4d5a-9a13-c70766a2a14f@group-EBC9B9187764-StateMachineUpdater: closing ContainerStateMachine, lastApplied=(t:0, i:~)
2025-05-28 15:17:18,154 [4795f679-20b5-4d5a-9a13-c70766a2a14f@group-EBC9B9187764-cacheEviction-AwaitToRun] INFO  util.AwaitToRun (AwaitToRun.java:run(49)) - 4795f679-20b5-4d5a-9a13-c70766a2a14f@group-EBC9B9187764-cacheEviction-AwaitToRun-AwaitForSignal is interrupted
2025-05-28 15:17:18,154 [a755fe32-7d9a-4996-bc51-d7fbc67ab218@group-A574A09B74EF-FollowerState] INFO  server.RaftServerConfigKeys (ConfUtils.java:logGet(46)) - raft.server.rpc.first-election.timeout.min = 1000ms (custom)
2025-05-28 15:17:18,154 [a755fe32-7d9a-4996-bc51-d7fbc67ab218@group-A574A09B74EF-FollowerState] INFO  server.RaftServerConfigKeys (ConfUtils.java:logGet(46)) - raft.server.rpc.first-election.timeout.max = 1200ms (custom)
2025-05-28 15:17:18,153 [dacc202e-cd42-4a7a-b335-fe62dff69130@group-F8F976EC3E9D-LeaderElection11] INFO  server.RaftServerConfigKeys (ConfUtils.java:logGet(46)) - raft.server.write.byte-limit = 1024 M (=1073741824) (custom)
2025-05-28 15:17:18,155 [Thread-726] INFO  server.GrpcServerProtocolClient (GrpcServerProtocolClient.java:close(105)) - a755fe32-7d9a-4996-bc51-d7fbc67ab218 Close channels
2025-05-28 15:17:18,155 [dacc202e-cd42-4a7a-b335-fe62dff69130@group-F8F976EC3E9D-LeaderElection11] INFO  server.RaftServerConfigKeys (ConfUtils.java:logGet(46)) - raft.server.watch.timeout = 30s (custom)
2025-05-28 15:17:18,155 [dacc202e-cd42-4a7a-b335-fe62dff69130@group-F8F976EC3E9D-LeaderElection11] INFO  server.RaftServerConfigKeys (ConfUtils.java:logGet(46)) - raft.server.watch.timeout.denomination = 1s (default)
2025-05-28 15:17:18,155 [dacc202e-cd42-4a7a-b335-fe62dff69130@group-F8F976EC3E9D-LeaderElection11] INFO  server.RaftServerConfigKeys (ConfUtils.java:logGet(46)) - raft.server.watch.element-limit = 65536 (default)
2025-05-28 15:17:18,155 [Thread-727] INFO  server.GrpcServerProtocolClient (GrpcServerProtocolClient.java:close(105)) - dacc202e-cd42-4a7a-b335-fe62dff69130 Close channels
2025-05-28 15:17:18,158 [dacc202e-cd42-4a7a-b335-fe62dff69130@group-F8F976EC3E9D-LeaderElection11] INFO  server.RaftServerConfigKeys (ConfUtils.java:logGet(46)) - raft.server.read.leader.lease.enabled = false (default)
2025-05-28 15:17:18,159 [dacc202e-cd42-4a7a-b335-fe62dff69130@group-F8F976EC3E9D-LeaderElection11] INFO  server.RaftServerConfigKeys (ConfUtils.java:logGet(46)) - raft.server.read.leader.lease.timeout.ratio = 0.9 (default)
2025-05-28 15:17:18,159 [dacc202e-cd42-4a7a-b335-fe62dff69130@group-F8F976EC3E9D-LeaderElection11] INFO  server.RaftServerConfigKeys (ConfUtils.java:logGet(46)) - raft.server.rpc.timeout.min = 5s (custom)
2025-05-28 15:17:18,159 [dacc202e-cd42-4a7a-b335-fe62dff69130@group-F8F976EC3E9D-LeaderElection11] INFO  server.RaftServerConfigKeys (ConfUtils.java:logGet(46)) - raft.server.log.log-metadata.enabled = true (default)
2025-05-28 15:17:18,159 [dacc202e-cd42-4a7a-b335-fe62dff69130@group-F8F976EC3E9D-LeaderElection11] INFO  server.RaftServerConfigKeys (ConfUtils.java:logGet(46)) - raft.server.write.element-limit = 1024 (custom)
2025-05-28 15:17:18,159 [dacc202e-cd42-4a7a-b335-fe62dff69130@group-F8F976EC3E9D-LeaderElection11] INFO  server.RaftServerConfigKeys (ConfUtils.java:logGet(46)) - raft.server.write.follower.gap.ratio.max = -1.0 (default)
2025-05-28 15:17:18,159 [dacc202e-cd42-4a7a-b335-fe62dff69130@group-F8F976EC3E9D-LeaderElection11] INFO  impl.RoleInfo (RoleInfo.java:updateAndGet(148)) - dacc202e-cd42-4a7a-b335-fe62dff69130: start dacc202e-cd42-4a7a-b335-fe62dff69130@group-F8F976EC3E9D-LeaderStateImpl
2025-05-28 15:17:18,159 [dacc202e-cd42-4a7a-b335-fe62dff69130@group-F8F976EC3E9D-LeaderElection11] INFO  server.RaftServer$Division (RaftServerImpl.java:setFirstElection(562)) - dacc202e-cd42-4a7a-b335-fe62dff69130@group-F8F976EC3E9D: set firstElectionSinceStartup to false for becomeLeader
2025-05-28 15:17:18,159 [dacc202e-cd42-4a7a-b335-fe62dff69130@group-F8F976EC3E9D-LeaderElection11] INFO  ratis.XceiverServerRatis (XceiverServerRatis.java:handleLeaderChangedNotification(944)) - Leader change notification received for group: group-F8F976EC3E9D with new leaderId: dacc202e-cd42-4a7a-b335-fe62dff69130
2025-05-28 15:17:18,161 [4795f679-20b5-4d5a-9a13-c70766a2a14f@group-EBC9B9187764-SegmentedRaftLogWorker] INFO  segmented.SegmentedRaftLogWorker (SegmentedRaftLogWorker.java:execute(644)) - 4795f679-20b5-4d5a-9a13-c70766a2a14f@group-EBC9B9187764-SegmentedRaftLogWorker: created new log segment /home/runner/work/ozone/ozone/hadoop-ozone/integration-test/target/test-dir/MiniOzoneClusterImpl-723737d7-d862-4a19-a51f-6b1567aa62b1/ozone-meta/datanode-1/ratis/597178e3-698c-4789-b47c-ebc9b9187764/current/log_inprogress_0
2025-05-28 15:17:18,161 [dacc202e-cd42-4a7a-b335-fe62dff69130@group-F8F976EC3E9D-LeaderElection11] INFO  server.RaftServer$Division (ServerState.java:setLeader(272)) - dacc202e-cd42-4a7a-b335-fe62dff69130@group-F8F976EC3E9D: change Leader from null to dacc202e-cd42-4a7a-b335-fe62dff69130 at term 1 for becomeLeader, leader elected after 1092ms
2025-05-28 15:17:18,162 [dacc202e-cd42-4a7a-b335-fe62dff69130@group-F8F976EC3E9D-LeaderElection11] INFO  segmented.SegmentedRaftLogWorker (SegmentedRaftLogWorker.java:startLogSegment(438)) - dacc202e-cd42-4a7a-b335-fe62dff69130@group-F8F976EC3E9D-SegmentedRaftLogWorker: Starting segment from index:0
2025-05-28 15:17:18,163 [dacc202e-cd42-4a7a-b335-fe62dff69130@group-F8F976EC3E9D-LeaderElection11] INFO  server.RaftServer$Division (ServerState.java:setRaftConf(386)) - dacc202e-cd42-4a7a-b335-fe62dff69130@group-F8F976EC3E9D: set configuration conf: {index: 0, cur=peers:[dacc202e-cd42-4a7a-b335-fe62dff69130|127.0.0.1:15031]|listeners:[], old=null}
2025-05-28 15:17:18,163 [4795f679-20b5-4d5a-9a13-c70766a2a14f-impl-thread4] INFO  segmented.SegmentedRaftLogWorker (SegmentedRaftLogWorker.java:close(252)) - 4795f679-20b5-4d5a-9a13-c70766a2a14f@group-EBC9B9187764-SegmentedRaftLogWorker close()
2025-05-28 15:17:18,165 [4795f679-20b5-4d5a-9a13-c70766a2a14f-impl-thread4] INFO  ratis.ContainerStateMachine (ContainerStateMachine.java:notifyServerShutdown(1038)) - group-EBC9B9187764 is closed by HddsDatanodeService
2025-05-28 15:17:18,164 [dacc202e-cd42-4a7a-b335-fe62dff69130@group-F8F976EC3E9D-SegmentedRaftLogWorker] INFO  segmented.BufferedWriteChannel (BufferedWriteChannel.java:open(61)) - open log_inprogress_0 at position 0
2025-05-28 15:17:18,179 [dacc202e-cd42-4a7a-b335-fe62dff69130@group-F8F976EC3E9D-SegmentedRaftLogWorker] INFO  segmented.SegmentedRaftLogWorker (SegmentedRaftLogWorker.java:execute(644)) - dacc202e-cd42-4a7a-b335-fe62dff69130@group-F8F976EC3E9D-SegmentedRaftLogWorker: created new log segment /home/runner/work/ozone/ozone/hadoop-ozone/integration-test/target/test-dir/MiniOzoneClusterImpl-723737d7-d862-4a19-a51f-6b1567aa62b1/ozone-meta/datanode-3/ratis/675c32b2-919d-4e26-8cce-f8f976ec3e9d/current/log_inprogress_0
2025-05-28 15:17:18,184 [dacc202e-cd42-4a7a-b335-fe62dff69130@group-F8F976EC3E9D-StateMachineUpdater] INFO  server.RaftServer$Division (LeaderStateImpl.java:checkStartIndex(313)) - Leader dacc202e-cd42-4a7a-b335-fe62dff69130@group-F8F976EC3E9D-LeaderStateImpl is ready since appliedIndex == startIndex == 0
2025-05-28 15:17:18,259 [4795f679-20b5-4d5a-9a13-c70766a2a14f@group-329227478BA6-StateMachineUpdater] INFO  ratis.ContainerStateMachine (ContainerStateMachine.java:takeSnapshot(436)) - group-329227478BA6: Finished taking a snapshot at:(t:1, i:0) file:/home/runner/work/ozone/ozone/hadoop-ozone/integration-test/target/test-dir/MiniOzoneClusterImpl-723737d7-d862-4a19-a51f-6b1567aa62b1/ozone-meta/datanode-1/ratis/de08d823-7de2-489b-90ad-329227478ba6/sm/snapshot.1_0 took: 108 ms
2025-05-28 15:17:18,260 [4795f679-20b5-4d5a-9a13-c70766a2a14f@group-329227478BA6-StateMachineUpdater] INFO  impl.StateMachineUpdater (StateMachineUpdater.java:takeSnapshot(303)) - 4795f679-20b5-4d5a-9a13-c70766a2a14f@group-329227478BA6-StateMachineUpdater: Took a snapshot at index 0
2025-05-28 15:17:18,260 [4795f679-20b5-4d5a-9a13-c70766a2a14f@group-329227478BA6-StateMachineUpdater] INFO  impl.StateMachineUpdater (StateMachineUpdater.java:lambda$new$0(102)) - 4795f679-20b5-4d5a-9a13-c70766a2a14f@group-329227478BA6-StateMachineUpdater: snapshotIndex: updateIncreasingly -1 -> 0
2025-05-28 15:17:18,261 [4795f679-20b5-4d5a-9a13-c70766a2a14f@group-329227478BA6-StateMachineUpdater] INFO  impl.StateMachineUpdater (StateMachineUpdater.java:stop(141)) - 4795f679-20b5-4d5a-9a13-c70766a2a14f@group-329227478BA6-StateMachineUpdater: closing ContainerStateMachine, lastApplied=(t:1, i:0)
2025-05-28 15:17:18,261 [4795f679-20b5-4d5a-9a13-c70766a2a14f@group-329227478BA6-cacheEviction-AwaitToRun] INFO  util.AwaitToRun (AwaitToRun.java:run(49)) - 4795f679-20b5-4d5a-9a13-c70766a2a14f@group-329227478BA6-cacheEviction-AwaitToRun-AwaitForSignal is interrupted
2025-05-28 15:17:18,311 [dacc202e-cd42-4a7a-b335-fe62dff69130@group-A574A09B74EF-FollowerState] INFO  impl.FollowerState (FollowerState.java:runImpl(161)) - dacc202e-cd42-4a7a-b335-fe62dff69130@group-A574A09B74EF-FollowerState: change to CANDIDATE, lastRpcElapsedTime:1171631355ns, electionTimeout:1171ms
2025-05-28 15:17:18,311 [dacc202e-cd42-4a7a-b335-fe62dff69130@group-A574A09B74EF-FollowerState] INFO  impl.RoleInfo (RoleInfo.java:shutdownFollowerState(121)) - dacc202e-cd42-4a7a-b335-fe62dff69130: shutdown dacc202e-cd42-4a7a-b335-fe62dff69130@group-A574A09B74EF-FollowerState
2025-05-28 15:17:18,311 [dacc202e-cd42-4a7a-b335-fe62dff69130@group-A574A09B74EF-FollowerState] INFO  server.RaftServer$Division (RaftServerImpl.java:setRole(378)) - dacc202e-cd42-4a7a-b335-fe62dff69130@group-A574A09B74EF: changes role from  FOLLOWER to CANDIDATE at term 0 for changeToCandidate
2025-05-28 15:17:18,311 [dacc202e-cd42-4a7a-b335-fe62dff69130@group-A574A09B74EF-FollowerState] INFO  server.RaftServerConfigKeys (ConfUtils.java:logGet(46)) - raft.server.leaderelection.pre-vote = true (default)
2025-05-28 15:17:18,311 [dacc202e-cd42-4a7a-b335-fe62dff69130@group-A574A09B74EF-FollowerState] INFO  impl.RoleInfo (RoleInfo.java:updateAndGet(148)) - dacc202e-cd42-4a7a-b335-fe62dff69130: start dacc202e-cd42-4a7a-b335-fe62dff69130@group-A574A09B74EF-LeaderElection12
2025-05-28 15:17:18,312 [dacc202e-cd42-4a7a-b335-fe62dff69130@group-A574A09B74EF-LeaderElection12] INFO  impl.LeaderElection (LeaderElection.java:askForVotes(332)) - dacc202e-cd42-4a7a-b335-fe62dff69130@group-A574A09B74EF-LeaderElection12 PRE_VOTE round 0: submit vote requests at term 0 for conf: {index: -1, cur=peers:[4795f679-20b5-4d5a-9a13-c70766a2a14f|127.0.0.1:15015, a755fe32-7d9a-4996-bc51-d7fbc67ab218|127.0.0.1:15023, dacc202e-cd42-4a7a-b335-fe62dff69130|127.0.0.1:15031]|listeners:[], old=null}
2025-05-28 15:17:18,312 [dacc202e-cd42-4a7a-b335-fe62dff69130@group-A574A09B74EF-LeaderElection12-1] INFO  server.GrpcServerProtocolClient (GrpcServerProtocolClient.java:<init>(65)) - Build channel for 4795f679-20b5-4d5a-9a13-c70766a2a14f|127.0.0.1:15015
2025-05-28 15:17:18,313 [dacc202e-cd42-4a7a-b335-fe62dff69130@group-A574A09B74EF-LeaderElection12] INFO  server.RaftServerConfigKeys (ConfUtils.java:logGet(46)) - raft.server.rpc.first-election.timeout.min = 1000ms (custom)
2025-05-28 15:17:18,313 [dacc202e-cd42-4a7a-b335-fe62dff69130@group-A574A09B74EF-LeaderElection12] INFO  server.RaftServerConfigKeys (ConfUtils.java:logGet(46)) - raft.server.rpc.first-election.timeout.max = 1200ms (custom)
2025-05-28 15:17:18,313 [dacc202e-cd42-4a7a-b335-fe62dff69130@group-A574A09B74EF-LeaderElection12-2] INFO  server.GrpcServerProtocolClient (GrpcServerProtocolClient.java:<init>(65)) - Build channel for a755fe32-7d9a-4996-bc51-d7fbc67ab218|127.0.0.1:15023
2025-05-28 15:17:18,321 [grpc-default-executor-3] INFO  server.RaftServer$Division (RaftServerImpl.java:requestVote(1407)) - 4795f679-20b5-4d5a-9a13-c70766a2a14f@group-A574A09B74EF: receive requestVote(PRE_VOTE, dacc202e-cd42-4a7a-b335-fe62dff69130, group-A574A09B74EF, 0, (t:0, i:0))
2025-05-28 15:17:18,322 [grpc-default-executor-1] INFO  server.RaftServer$Division (RaftServerImpl.java:requestVote(1407)) - a755fe32-7d9a-4996-bc51-d7fbc67ab218@group-A574A09B74EF: receive requestVote(PRE_VOTE, dacc202e-cd42-4a7a-b335-fe62dff69130, group-A574A09B74EF, 0, (t:0, i:0))
2025-05-28 15:17:18,322 [grpc-default-executor-1] INFO  impl.VoteContext (VoteContext.java:log(49)) - a755fe32-7d9a-4996-bc51-d7fbc67ab218@group-A574A09B74EF-FOLLOWER: accept PRE_VOTE from dacc202e-cd42-4a7a-b335-fe62dff69130: our priority 0 <= candidate's priority 1
2025-05-28 15:17:18,322 [grpc-default-executor-3] WARN  server.GrpcServerProtocolService (LogUtils.java:warn(121)) - 4795f679-20b5-4d5a-9a13-c70766a2a14f: Failed requestVote dacc202e-cd42-4a7a-b335-fe62dff69130->4795f679-20b5-4d5a-9a13-c70766a2a14f#0: org.apache.ratis.protocol.exceptions.ServerNotReadyException: 4795f679-20b5-4d5a-9a13-c70766a2a14f@group-A574A09B74EF is not in [RUNNING]: current state is CLOSING
2025-05-28 15:17:18,322 [grpc-default-executor-1] INFO  server.RaftServer$Division (RaftServerImpl.java:requestVote(1441)) - a755fe32-7d9a-4996-bc51-d7fbc67ab218@group-A574A09B74EF replies to PRE_VOTE vote request: dacc202e-cd42-4a7a-b335-fe62dff69130<-a755fe32-7d9a-4996-bc51-d7fbc67ab218#0:OK-t0. Peer's state: a755fe32-7d9a-4996-bc51-d7fbc67ab218@group-A574A09B74EF:t0, leader=null, voted=, raftlog=Memoized:a755fe32-7d9a-4996-bc51-d7fbc67ab218@group-A574A09B74EF-SegmentedRaftLog:OPENED:c-1:lastnull, conf=conf: {index: -1, cur=peers:[4795f679-20b5-4d5a-9a13-c70766a2a14f|127.0.0.1:15015, a755fe32-7d9a-4996-bc51-d7fbc67ab218|127.0.0.1:15023, dacc202e-cd42-4a7a-b335-fe62dff69130|127.0.0.1:15031]|listeners:[], old=null}
2025-05-28 15:17:18,325 [dacc202e-cd42-4a7a-b335-fe62dff69130@group-A574A09B74EF-LeaderElection12] INFO  impl.LeaderElection (LeaderElection.java:logAndReturn(90)) - dacc202e-cd42-4a7a-b335-fe62dff69130@group-A574A09B74EF-LeaderElection12: PRE_VOTE PASSED received 1 response(s) and 0 exception(s):
2025-05-28 15:17:18,326 [dacc202e-cd42-4a7a-b335-fe62dff69130@group-A574A09B74EF-LeaderElection12] INFO  impl.LeaderElection (LeaderElection.java:logAndReturn(94)) -   Response 0: dacc202e-cd42-4a7a-b335-fe62dff69130<-a755fe32-7d9a-4996-bc51-d7fbc67ab218#0:OK-t0
2025-05-28 15:17:18,326 [dacc202e-cd42-4a7a-b335-fe62dff69130@group-A574A09B74EF-LeaderElection12] INFO  impl.LeaderElection (LeaderElection.java:askForVotes(334)) - dacc202e-cd42-4a7a-b335-fe62dff69130@group-A574A09B74EF-LeaderElection12 PRE_VOTE round 0: result PASSED
2025-05-28 15:17:18,329 [dacc202e-cd42-4a7a-b335-fe62dff69130@group-A574A09B74EF-LeaderElection12] INFO  impl.LeaderElection (LeaderElection.java:askForVotes(332)) - dacc202e-cd42-4a7a-b335-fe62dff69130@group-A574A09B74EF-LeaderElection12 ELECTION round 0: submit vote requests at term 1 for conf: {index: -1, cur=peers:[4795f679-20b5-4d5a-9a13-c70766a2a14f|127.0.0.1:15015, a755fe32-7d9a-4996-bc51-d7fbc67ab218|127.0.0.1:15023, dacc202e-cd42-4a7a-b335-fe62dff69130|127.0.0.1:15031]|listeners:[], old=null}
2025-05-28 15:17:18,330 [dacc202e-cd42-4a7a-b335-fe62dff69130@group-A574A09B74EF-LeaderElection12] INFO  server.RaftServerConfigKeys (ConfUtils.java:logGet(46)) - raft.server.rpc.first-election.timeout.min = 1000ms (custom)
2025-05-28 15:17:18,330 [dacc202e-cd42-4a7a-b335-fe62dff69130@group-A574A09B74EF-LeaderElection12] INFO  server.RaftServerConfigKeys (ConfUtils.java:logGet(46)) - raft.server.rpc.first-election.timeout.max = 1200ms (custom)
2025-05-28 15:17:18,333 [grpc-default-executor-1] INFO  server.RaftServer$Division (RaftServerImpl.java:requestVote(1407)) - 4795f679-20b5-4d5a-9a13-c70766a2a14f@group-A574A09B74EF: receive requestVote(ELECTION, dacc202e-cd42-4a7a-b335-fe62dff69130, group-A574A09B74EF, 1, (t:0, i:0))
2025-05-28 15:17:18,334 [grpc-default-executor-1] WARN  server.GrpcServerProtocolService (LogUtils.java:warn(121)) - 4795f679-20b5-4d5a-9a13-c70766a2a14f: Failed requestVote dacc202e-cd42-4a7a-b335-fe62dff69130->4795f679-20b5-4d5a-9a13-c70766a2a14f#0: org.apache.ratis.protocol.exceptions.ServerNotReadyException: 4795f679-20b5-4d5a-9a13-c70766a2a14f@group-A574A09B74EF is not in [RUNNING]: current state is CLOSING
2025-05-28 15:17:18,335 [dacc202e-cd42-4a7a-b335-fe62dff69130@group-A574A09B74EF-LeaderElection12] INFO  impl.LeaderElection (LogUtils.java:infoOrTrace(136)) - dacc202e-cd42-4a7a-b335-fe62dff69130@group-A574A09B74EF-LeaderElection12 got exception when requesting votes: java.util.concurrent.ExecutionException: org.apache.ratis.thirdparty.io.grpc.StatusRuntimeException: INTERNAL: 4795f679-20b5-4d5a-9a13-c70766a2a14f@group-A574A09B74EF is not in [RUNNING]: current state is CLOSING
2025-05-28 15:17:18,337 [grpc-default-executor-1] INFO  server.RaftServer$Division (RaftServerImpl.java:requestVote(1407)) - a755fe32-7d9a-4996-bc51-d7fbc67ab218@group-A574A09B74EF: receive requestVote(ELECTION, dacc202e-cd42-4a7a-b335-fe62dff69130, group-A574A09B74EF, 1, (t:0, i:0))
2025-05-28 15:17:18,337 [grpc-default-executor-1] INFO  impl.VoteContext (VoteContext.java:log(49)) - a755fe32-7d9a-4996-bc51-d7fbc67ab218@group-A574A09B74EF-FOLLOWER: accept ELECTION from dacc202e-cd42-4a7a-b335-fe62dff69130: our priority 0 <= candidate's priority 1
2025-05-28 15:17:18,337 [grpc-default-executor-1] INFO  server.RaftServer$Division (RaftServerImpl.java:setRole(378)) - a755fe32-7d9a-4996-bc51-d7fbc67ab218@group-A574A09B74EF: changes role from  FOLLOWER to FOLLOWER at term 0 for candidate:dacc202e-cd42-4a7a-b335-fe62dff69130
2025-05-28 15:17:18,337 [grpc-default-executor-1] INFO  impl.RoleInfo (RoleInfo.java:shutdownFollowerState(121)) - a755fe32-7d9a-4996-bc51-d7fbc67ab218: shutdown a755fe32-7d9a-4996-bc51-d7fbc67ab218@group-A574A09B74EF-FollowerState
2025-05-28 15:17:18,337 [grpc-default-executor-1] INFO  impl.RoleInfo (RoleInfo.java:updateAndGet(148)) - a755fe32-7d9a-4996-bc51-d7fbc67ab218: start a755fe32-7d9a-4996-bc51-d7fbc67ab218@group-A574A09B74EF-FollowerState
2025-05-28 15:17:18,338 [a755fe32-7d9a-4996-bc51-d7fbc67ab218@group-A574A09B74EF-FollowerState] INFO  impl.FollowerState (FollowerState.java:runImpl(170)) - a755fe32-7d9a-4996-bc51-d7fbc67ab218@group-A574A09B74EF-FollowerState was interrupted
2025-05-28 15:17:18,340 [grpc-default-executor-1] INFO  server.RaftServer$Division (RaftServerImpl.java:setFirstElection(562)) - a755fe32-7d9a-4996-bc51-d7fbc67ab218@group-A574A09B74EF: set firstElectionSinceStartup to false for candidate:dacc202e-cd42-4a7a-b335-fe62dff69130
2025-05-28 15:17:18,341 [grpc-default-executor-1] INFO  server.RaftServer$Division (RaftServerImpl.java:requestVote(1441)) - a755fe32-7d9a-4996-bc51-d7fbc67ab218@group-A574A09B74EF replies to ELECTION vote request: dacc202e-cd42-4a7a-b335-fe62dff69130<-a755fe32-7d9a-4996-bc51-d7fbc67ab218#0:OK-t1. Peer's state: a755fe32-7d9a-4996-bc51-d7fbc67ab218@group-A574A09B74EF:t1, leader=null, voted=dacc202e-cd42-4a7a-b335-fe62dff69130, raftlog=Memoized:a755fe32-7d9a-4996-bc51-d7fbc67ab218@group-A574A09B74EF-SegmentedRaftLog:OPENED:c-1:lastnull, conf=conf: {index: -1, cur=peers:[4795f679-20b5-4d5a-9a13-c70766a2a14f|127.0.0.1:15015, a755fe32-7d9a-4996-bc51-d7fbc67ab218|127.0.0.1:15023, dacc202e-cd42-4a7a-b335-fe62dff69130|127.0.0.1:15031]|listeners:[], old=null}
2025-05-28 15:17:18,345 [dacc202e-cd42-4a7a-b335-fe62dff69130@group-A574A09B74EF-LeaderElection12] INFO  impl.LeaderElection (LeaderElection.java:logAndReturn(90)) - dacc202e-cd42-4a7a-b335-fe62dff69130@group-A574A09B74EF-LeaderElection12: ELECTION PASSED received 1 response(s) and 1 exception(s):
2025-05-28 15:17:18,345 [dacc202e-cd42-4a7a-b335-fe62dff69130@group-A574A09B74EF-LeaderElection12] INFO  impl.LeaderElection (LeaderElection.java:logAndReturn(94)) -   Response 0: dacc202e-cd42-4a7a-b335-fe62dff69130<-a755fe32-7d9a-4996-bc51-d7fbc67ab218#0:OK-t1
2025-05-28 15:17:18,345 [dacc202e-cd42-4a7a-b335-fe62dff69130@group-A574A09B74EF-LeaderElection12] INFO  impl.LeaderElection (LogUtils.java:infoOrTrace(136)) -   Exception 1: java.util.concurrent.ExecutionException: org.apache.ratis.thirdparty.io.grpc.StatusRuntimeException: INTERNAL: 4795f679-20b5-4d5a-9a13-c70766a2a14f@group-A574A09B74EF is not in [RUNNING]: current state is CLOSING
2025-05-28 15:17:18,345 [dacc202e-cd42-4a7a-b335-fe62dff69130@group-A574A09B74EF-LeaderElection12] INFO  impl.LeaderElection (LeaderElection.java:askForVotes(334)) - dacc202e-cd42-4a7a-b335-fe62dff69130@group-A574A09B74EF-LeaderElection12 ELECTION round 0: result PASSED
2025-05-28 15:17:18,345 [dacc202e-cd42-4a7a-b335-fe62dff69130@group-A574A09B74EF-LeaderElection12] INFO  impl.RoleInfo (RoleInfo.java:shutdownLeaderElection(141)) - dacc202e-cd42-4a7a-b335-fe62dff69130: shutdown dacc202e-cd42-4a7a-b335-fe62dff69130@group-A574A09B74EF-LeaderElection12
2025-05-28 15:17:18,345 [dacc202e-cd42-4a7a-b335-fe62dff69130@group-A574A09B74EF-LeaderElection12] INFO  server.RaftServer$Division (RaftServerImpl.java:setRole(378)) - dacc202e-cd42-4a7a-b335-fe62dff69130@group-A574A09B74EF: changes role from CANDIDATE to LEADER at term 1 for changeToLeader
2025-05-28 15:17:18,345 [dacc202e-cd42-4a7a-b335-fe62dff69130@group-A574A09B74EF-LeaderElection12] INFO  server.RaftServerConfigKeys (ConfUtils.java:logGet(46)) - raft.server.staging.catchup.gap = 1000 (default)
2025-05-28 15:17:18,346 [dacc202e-cd42-4a7a-b335-fe62dff69130@group-A574A09B74EF-LeaderElection12] INFO  server.RaftServerConfigKeys (ConfUtils.java:logGet(46)) - raft.server.write.element-limit = 1024 (custom)
2025-05-28 15:17:18,346 [dacc202e-cd42-4a7a-b335-fe62dff69130@group-A574A09B74EF-LeaderElection12] INFO  server.RaftServerConfigKeys (ConfUtils.java:logGet(46)) - raft.server.write.byte-limit = 1024 M (=1073741824) (custom)
2025-05-28 15:17:18,346 [dacc202e-cd42-4a7a-b335-fe62dff69130@group-A574A09B74EF-LeaderElection12] INFO  server.RaftServerConfigKeys (ConfUtils.java:logGet(46)) - raft.server.watch.timeout = 30s (custom)
2025-05-28 15:17:18,346 [dacc202e-cd42-4a7a-b335-fe62dff69130@group-A574A09B74EF-LeaderElection12] INFO  server.RaftServerConfigKeys (ConfUtils.java:logGet(46)) - raft.server.watch.timeout.denomination = 1s (default)
2025-05-28 15:17:18,346 [dacc202e-cd42-4a7a-b335-fe62dff69130@group-A574A09B74EF-LeaderElection12] INFO  server.RaftServerConfigKeys (ConfUtils.java:logGet(46)) - raft.server.watch.element-limit = 65536 (default)
2025-05-28 15:17:18,348 [dacc202e-cd42-4a7a-b335-fe62dff69130@group-A574A09B74EF-LeaderElection12] INFO  server.RaftServerConfigKeys (ConfUtils.java:logGet(46)) - raft.server.read.leader.lease.enabled = false (default)
2025-05-28 15:17:18,348 [dacc202e-cd42-4a7a-b335-fe62dff69130@group-A574A09B74EF-LeaderElection12] INFO  server.RaftServerConfigKeys (ConfUtils.java:logGet(46)) - raft.server.read.leader.lease.timeout.ratio = 0.9 (default)
2025-05-28 15:17:18,348 [dacc202e-cd42-4a7a-b335-fe62dff69130@group-A574A09B74EF-LeaderElection12] INFO  server.RaftServerConfigKeys (ConfUtils.java:logGet(46)) - raft.server.rpc.timeout.min = 5s (custom)
2025-05-28 15:17:18,348 [dacc202e-cd42-4a7a-b335-fe62dff69130@group-A574A09B74EF-LeaderElection12] INFO  server.RaftServerConfigKeys (ConfUtils.java:logGet(46)) - raft.server.log.log-metadata.enabled = true (default)
2025-05-28 15:17:18,348 [dacc202e-cd42-4a7a-b335-fe62dff69130@group-A574A09B74EF-LeaderElection12] INFO  server.RaftServerConfigKeys (ConfUtils.java:logGet(46)) - raft.server.write.element-limit = 1024 (custom)
2025-05-28 15:17:18,348 [dacc202e-cd42-4a7a-b335-fe62dff69130@group-A574A09B74EF-LeaderElection12] INFO  server.RaftServerConfigKeys (ConfUtils.java:logGet(46)) - raft.server.write.follower.gap.ratio.max = -1.0 (default)
2025-05-28 15:17:18,351 [dacc202e-cd42-4a7a-b335-fe62dff69130@group-A574A09B74EF-LeaderElection12] INFO  server.RaftServerConfigKeys (ConfUtils.java:logGet(46)) - raft.server.log.appender.snapshot.chunk.size.max = 16MB (=16777216) (default)
2025-05-28 15:17:18,351 [dacc202e-cd42-4a7a-b335-fe62dff69130@group-A574A09B74EF-LeaderElection12] INFO  server.RaftServerConfigKeys (ConfUtils.java:logGet(46)) - raft.server.log.appender.buffer.byte-limit = 33554432 (custom)
2025-05-28 15:17:18,351 [dacc202e-cd42-4a7a-b335-fe62dff69130@group-A574A09B74EF-LeaderElection12] INFO  server.RaftServerConfigKeys (ConfUtils.java:logGet(46)) - raft.server.log.appender.buffer.element-limit = 1024 (custom)
2025-05-28 15:17:18,352 [dacc202e-cd42-4a7a-b335-fe62dff69130@group-A574A09B74EF-LeaderElection12] INFO  server.RaftServerConfigKeys (ConfUtils.java:logGet(46)) - raft.server.log.appender.wait-time.min = 0μs (custom)
2025-05-28 15:17:18,352 [dacc202e-cd42-4a7a-b335-fe62dff69130@group-A574A09B74EF-LeaderElection12] INFO  grpc.GrpcConfigKeys (ConfUtils.java:logGet(46)) - raft.grpc.server.leader.outstanding.appends.max = 8 (default)
2025-05-28 15:17:18,352 [dacc202e-cd42-4a7a-b335-fe62dff69130@group-A574A09B74EF-LeaderElection12] INFO  server.RaftServerConfigKeys (ConfUtils.java:logGet(46)) - raft.server.rpc.request.timeout = 60s (custom)
2025-05-28 15:17:18,352 [dacc202e-cd42-4a7a-b335-fe62dff69130@group-A574A09B74EF-LeaderElection12] INFO  grpc.GrpcConfigKeys (ConfUtils.java:logGet(46)) - raft.grpc.server.install_snapshot.request.element-limit = 8 (default)
2025-05-28 15:17:18,352 [dacc202e-cd42-4a7a-b335-fe62dff69130@group-A574A09B74EF-LeaderElection12] INFO  grpc.GrpcConfigKeys (ConfUtils.java:logGet(46)) - raft.grpc.server.install_snapshot.request.timeout = 3000ms (default)
2025-05-28 15:17:18,352 [dacc202e-cd42-4a7a-b335-fe62dff69130@group-A574A09B74EF-LeaderElection12] INFO  grpc.GrpcConfigKeys (ConfUtils.java:logGet(46)) - raft.grpc.server.log-message.batch.duration = 5s (default)
2025-05-28 15:17:18,352 [dacc202e-cd42-4a7a-b335-fe62dff69130@group-A574A09B74EF-LeaderElection12] INFO  server.RaftServerConfigKeys (ConfUtils.java:logGet(46)) - raft.server.log.appender.install.snapshot.enabled = false (custom)
2025-05-28 15:17:18,352 [dacc202e-cd42-4a7a-b335-fe62dff69130@group-A574A09B74EF-LeaderElection12] INFO  grpc.GrpcConfigKeys (ConfUtils.java:logGet(46)) - raft.grpc.server.heartbeat.channel = true (default)
2025-05-28 15:17:18,353 [dacc202e-cd42-4a7a-b335-fe62dff69130@group-A574A09B74EF-LeaderElection12] INFO  server.RaftServerConfigKeys (ConfUtils.java:logGet(46)) - raft.server.log.appender.snapshot.chunk.size.max = 16MB (=16777216) (default)
2025-05-28 15:17:18,353 [dacc202e-cd42-4a7a-b335-fe62dff69130@group-A574A09B74EF-LeaderElection12] INFO  server.RaftServerConfigKeys (ConfUtils.java:logGet(46)) - raft.server.log.appender.buffer.byte-limit = 33554432 (custom)
2025-05-28 15:17:18,353 [dacc202e-cd42-4a7a-b335-fe62dff69130@group-A574A09B74EF-LeaderElection12] INFO  server.RaftServerConfigKeys (ConfUtils.java:logGet(46)) - raft.server.log.appender.buffer.element-limit = 1024 (custom)
2025-05-28 15:17:18,353 [dacc202e-cd42-4a7a-b335-fe62dff69130@group-A574A09B74EF-LeaderElection12] INFO  server.RaftServerConfigKeys (ConfUtils.java:logGet(46)) - raft.server.log.appender.wait-time.min = 0μs (custom)
2025-05-28 15:17:18,353 [dacc202e-cd42-4a7a-b335-fe62dff69130@group-A574A09B74EF-LeaderElection12] INFO  grpc.GrpcConfigKeys (ConfUtils.java:logGet(46)) - raft.grpc.server.leader.outstanding.appends.max = 8 (default)
2025-05-28 15:17:18,353 [dacc202e-cd42-4a7a-b335-fe62dff69130@group-A574A09B74EF-LeaderElection12] INFO  server.RaftServerConfigKeys (ConfUtils.java:logGet(46)) - raft.server.rpc.request.timeout = 60s (custom)
2025-05-28 15:17:18,353 [dacc202e-cd42-4a7a-b335-fe62dff69130@group-A574A09B74EF-LeaderElection12] INFO  grpc.GrpcConfigKeys (ConfUtils.java:logGet(46)) - raft.grpc.server.install_snapshot.request.element-limit = 8 (default)
2025-05-28 15:17:18,353 [dacc202e-cd42-4a7a-b335-fe62dff69130@group-A574A09B74EF-LeaderElection12] INFO  grpc.GrpcConfigKeys (ConfUtils.java:logGet(46)) - raft.grpc.server.install_snapshot.request.timeout = 3000ms (default)
2025-05-28 15:17:18,353 [dacc202e-cd42-4a7a-b335-fe62dff69130@group-A574A09B74EF-LeaderElection12] INFO  grpc.GrpcConfigKeys (ConfUtils.java:logGet(46)) - raft.grpc.server.log-message.batch.duration = 5s (default)
2025-05-28 15:17:18,354 [dacc202e-cd42-4a7a-b335-fe62dff69130@group-A574A09B74EF-LeaderElection12] INFO  server.RaftServerConfigKeys (ConfUtils.java:logGet(46)) - raft.server.log.appender.install.snapshot.enabled = false (custom)
2025-05-28 15:17:18,354 [dacc202e-cd42-4a7a-b335-fe62dff69130@group-A574A09B74EF-LeaderElection12] INFO  grpc.GrpcConfigKeys (ConfUtils.java:logGet(46)) - raft.grpc.server.heartbeat.channel = true (default)
2025-05-28 15:17:18,354 [dacc202e-cd42-4a7a-b335-fe62dff69130@group-A574A09B74EF-LeaderElection12] INFO  impl.RoleInfo (RoleInfo.java:updateAndGet(148)) - dacc202e-cd42-4a7a-b335-fe62dff69130: start dacc202e-cd42-4a7a-b335-fe62dff69130@group-A574A09B74EF-LeaderStateImpl
2025-05-28 15:17:18,355 [dacc202e-cd42-4a7a-b335-fe62dff69130@group-A574A09B74EF-LeaderElection12] INFO  server.RaftServer$Division (RaftServerImpl.java:setFirstElection(562)) - dacc202e-cd42-4a7a-b335-fe62dff69130@group-A574A09B74EF: set firstElectionSinceStartup to false for becomeLeader
2025-05-28 15:17:18,355 [dacc202e-cd42-4a7a-b335-fe62dff69130@group-A574A09B74EF-LeaderElection12] INFO  ratis.XceiverServerRatis (XceiverServerRatis.java:handleLeaderChangedNotification(944)) - Leader change notification received for group: group-A574A09B74EF with new leaderId: dacc202e-cd42-4a7a-b335-fe62dff69130
2025-05-28 15:17:18,355 [dacc202e-cd42-4a7a-b335-fe62dff69130@group-A574A09B74EF-LeaderElection12] INFO  server.RaftServer$Division (ServerState.java:setLeader(272)) - dacc202e-cd42-4a7a-b335-fe62dff69130@group-A574A09B74EF: change Leader from null to dacc202e-cd42-4a7a-b335-fe62dff69130 at term 1 for becomeLeader, leader elected after 1247ms
2025-05-28 15:17:18,355 [dacc202e-cd42-4a7a-b335-fe62dff69130@group-A574A09B74EF-LeaderElection12] INFO  segmented.SegmentedRaftLogWorker (SegmentedRaftLogWorker.java:startLogSegment(438)) - dacc202e-cd42-4a7a-b335-fe62dff69130@group-A574A09B74EF-SegmentedRaftLogWorker: Starting segment from index:0
2025-05-28 15:17:18,356 [dacc202e-cd42-4a7a-b335-fe62dff69130@group-A574A09B74EF-SegmentedRaftLogWorker] INFO  segmented.BufferedWriteChannel (BufferedWriteChannel.java:open(61)) - open log_inprogress_0 at position 0
2025-05-28 15:17:18,357 [dacc202e-cd42-4a7a-b335-fe62dff69130@group-A574A09B74EF-LeaderElection12] INFO  server.RaftServer$Division (ServerState.java:setRaftConf(386)) - dacc202e-cd42-4a7a-b335-fe62dff69130@group-A574A09B74EF: set configuration conf: {index: 0, cur=peers:[4795f679-20b5-4d5a-9a13-c70766a2a14f|127.0.0.1:15015, a755fe32-7d9a-4996-bc51-d7fbc67ab218|127.0.0.1:15023, dacc202e-cd42-4a7a-b335-fe62dff69130|127.0.0.1:15031]|listeners:[], old=null}
2025-05-28 15:17:18,365 [EventQueue-PipelineReportForPipelineReportHandler] INFO  pipeline.PipelineReportHandler (PipelineReportHandler.java:processPipelineReport(134)) - Opened pipeline Pipeline-2ff824fa-665a-4aec-aa79-a574a09b74ef
2025-05-28 15:17:18,371 [4795f679-20b5-4d5a-9a13-c70766a2a14f-server-thread1] ERROR server.RaftServer$Division (RaftServerImpl.java:appendEntriesAsync(1481)) - 4795f679-20b5-4d5a-9a13-c70766a2a14f@group-A574A09B74EF: Failed appendEntries* dacc202e-cd42-4a7a-b335-fe62dff69130->4795f679-20b5-4d5a-9a13-c70766a2a14f#0-t1,previous=(t:0, i:0),leaderCommit=-1,initializing? false,HEARTBEAT
org.apache.ratis.protocol.exceptions.ServerNotReadyException: 4795f679-20b5-4d5a-9a13-c70766a2a14f@group-A574A09B74EF is not in [STARTING, RUNNING]: current state is CLOSING
	at org.apache.ratis.server.impl.RaftServerImpl.lambda$assertLifeCycleState$7(RaftServerImpl.java:795)
	at org.apache.ratis.util.LifeCycle.assertCurrentState(LifeCycle.java:260)
	at org.apache.ratis.server.impl.RaftServerImpl.assertLifeCycleState(RaftServerImpl.java:794)
	at org.apache.ratis.server.impl.RaftServerImpl.appendEntriesAsync(RaftServerImpl.java:1472)
	at org.apache.ratis.server.impl.RaftServerProxy.lambda$null$28(RaftServerProxy.java:645)
	at org.apache.ratis.util.JavaUtils.callAsUnchecked(JavaUtils.java:118)
	at org.apache.ratis.server.impl.RaftServerImpl.lambda$executeSubmitServerRequestAsync$10(RaftServerImpl.java:899)
	at java.base/java.util.concurrent.CompletableFuture$AsyncSupply.run(CompletableFuture.java:1768)
	at java.base/java.util.concurrent.ThreadPoolExecutor.runWorker(ThreadPoolExecutor.java:1144)
	at java.base/java.util.concurrent.ThreadPoolExecutor$Worker.run(ThreadPoolExecutor.java:642)
	at java.base/java.lang.Thread.run(Thread.java:1583)
2025-05-28 15:17:18,374 [a755fe32-7d9a-4996-bc51-d7fbc67ab218-server-thread1] INFO  ratis.XceiverServerRatis (XceiverServerRatis.java:handleLeaderChangedNotification(944)) - Leader change notification received for group: group-A574A09B74EF with new leaderId: dacc202e-cd42-4a7a-b335-fe62dff69130
2025-05-28 15:17:18,374 [a755fe32-7d9a-4996-bc51-d7fbc67ab218-server-thread1] INFO  server.RaftServer$Division (ServerState.java:setLeader(272)) - a755fe32-7d9a-4996-bc51-d7fbc67ab218@group-A574A09B74EF: change Leader from null to dacc202e-cd42-4a7a-b335-fe62dff69130 at term 1 for appendEntries, leader elected after 1358ms
2025-05-28 15:17:18,374 [a755fe32-7d9a-4996-bc51-d7fbc67ab218-server-thread2] INFO  server.RaftServer$Division (ServerState.java:setRaftConf(386)) - a755fe32-7d9a-4996-bc51-d7fbc67ab218@group-A574A09B74EF: set configuration conf: {index: 0, cur=peers:[4795f679-20b5-4d5a-9a13-c70766a2a14f|127.0.0.1:15015, a755fe32-7d9a-4996-bc51-d7fbc67ab218|127.0.0.1:15023, dacc202e-cd42-4a7a-b335-fe62dff69130|127.0.0.1:15031]|listeners:[], old=null}
2025-05-28 15:17:18,374 [a755fe32-7d9a-4996-bc51-d7fbc67ab218-server-thread2] INFO  segmented.SegmentedRaftLogWorker (SegmentedRaftLogWorker.java:startLogSegment(438)) - a755fe32-7d9a-4996-bc51-d7fbc67ab218@group-A574A09B74EF-SegmentedRaftLogWorker: Starting segment from index:0
2025-05-28 15:17:18,375 [a755fe32-7d9a-4996-bc51-d7fbc67ab218@group-A574A09B74EF-SegmentedRaftLogWorker] INFO  segmented.BufferedWriteChannel (BufferedWriteChannel.java:open(61)) - open log_inprogress_0 at position 0
2025-05-28 15:17:18,376 [dacc202e-cd42-4a7a-b335-fe62dff69130@group-A574A09B74EF-SegmentedRaftLogWorker] INFO  segmented.SegmentedRaftLogWorker (SegmentedRaftLogWorker.java:execute(644)) - dacc202e-cd42-4a7a-b335-fe62dff69130@group-A574A09B74EF-SegmentedRaftLogWorker: created new log segment /home/runner/work/ozone/ozone/hadoop-ozone/integration-test/target/test-dir/MiniOzoneClusterImpl-723737d7-d862-4a19-a51f-6b1567aa62b1/ozone-meta/datanode-3/ratis/2ff824fa-665a-4aec-aa79-a574a09b74ef/current/log_inprogress_0
2025-05-28 15:17:18,396 [a755fe32-7d9a-4996-bc51-d7fbc67ab218@group-A574A09B74EF-SegmentedRaftLogWorker] INFO  segmented.SegmentedRaftLogWorker (SegmentedRaftLogWorker.java:execute(644)) - a755fe32-7d9a-4996-bc51-d7fbc67ab218@group-A574A09B74EF-SegmentedRaftLogWorker: created new log segment /home/runner/work/ozone/ozone/hadoop-ozone/integration-test/target/test-dir/MiniOzoneClusterImpl-723737d7-d862-4a19-a51f-6b1567aa62b1/ozone-meta/datanode-2/ratis/2ff824fa-665a-4aec-aa79-a574a09b74ef/current/log_inprogress_0
2025-05-28 15:17:18,401 [4795f679-20b5-4d5a-9a13-c70766a2a14f-server-thread1] ERROR server.RaftServer$Division (RaftServerImpl.java:appendEntriesAsync(1481)) - 4795f679-20b5-4d5a-9a13-c70766a2a14f@group-A574A09B74EF: Failed appendEntries* dacc202e-cd42-4a7a-b335-fe62dff69130->4795f679-20b5-4d5a-9a13-c70766a2a14f#2-t1,previous=(t:0, i:0),leaderCommit=0,initializing? false,HEARTBEAT
org.apache.ratis.protocol.exceptions.ServerNotReadyException: 4795f679-20b5-4d5a-9a13-c70766a2a14f@group-A574A09B74EF is not in [STARTING, RUNNING]: current state is CLOSING
	at org.apache.ratis.server.impl.RaftServerImpl.lambda$assertLifeCycleState$7(RaftServerImpl.java:795)
	at org.apache.ratis.util.LifeCycle.assertCurrentState(LifeCycle.java:260)
	at org.apache.ratis.server.impl.RaftServerImpl.assertLifeCycleState(RaftServerImpl.java:794)
	at org.apache.ratis.server.impl.RaftServerImpl.appendEntriesAsync(RaftServerImpl.java:1472)
	at org.apache.ratis.server.impl.RaftServerProxy.lambda$null$28(RaftServerProxy.java:645)
	at org.apache.ratis.util.JavaUtils.callAsUnchecked(JavaUtils.java:118)
	at org.apache.ratis.server.impl.RaftServerImpl.lambda$executeSubmitServerRequestAsync$10(RaftServerImpl.java:899)
	at java.base/java.util.concurrent.CompletableFuture$AsyncSupply.run(CompletableFuture.java:1768)
	at java.base/java.util.concurrent.ThreadPoolExecutor.runWorker(ThreadPoolExecutor.java:1144)
	at java.base/java.util.concurrent.ThreadPoolExecutor$Worker.run(ThreadPoolExecutor.java:642)
	at java.base/java.lang.Thread.run(Thread.java:1583)
2025-05-28 15:17:18,402 [dacc202e-cd42-4a7a-b335-fe62dff69130@group-A574A09B74EF-StateMachineUpdater] INFO  server.RaftServer$Division (LeaderStateImpl.java:checkStartIndex(313)) - Leader dacc202e-cd42-4a7a-b335-fe62dff69130@group-A574A09B74EF-LeaderStateImpl is ready since appliedIndex == startIndex == 0
2025-05-28 15:17:18,408 [4795f679-20b5-4d5a-9a13-c70766a2a14f-server-thread2] ERROR server.RaftServer$Division (RaftServerImpl.java:appendEntriesAsync(1481)) - 4795f679-20b5-4d5a-9a13-c70766a2a14f@group-A574A09B74EF: Failed appendEntries* dacc202e-cd42-4a7a-b335-fe62dff69130->4795f679-20b5-4d5a-9a13-c70766a2a14f#1-t1,previous=(t:0, i:0),leaderCommit=-1,initializing? false,entries: size=1, first=(t:1, i:0), CONFIGURATIONENTRY(current:id:"4795f679-20b5-4d5a-9a13-c70766a2a14f"address:"127.0.0.1:15015"dataStreamAddress:"127.0.0.1:15016"clientAddress:"127.0.0.1:15013"adminAddress:"127.0.0.1:15014"startupRole:FOLLOWER, id:"a755fe32-7d9a-4996-bc51-d7fbc67ab218"address:"127.0.0.1:15023"dataStreamAddress:"127.0.0.1:15024"clientAddress:"127.0.0.1:15021"adminAddress:"127.0.0.1:15022"startupRole:FOLLOWER, id:"dacc202e-cd42-4a7a-b335-fe62dff69130"address:"127.0.0.1:15031"priority:1dataStreamAddress:"127.0.0.1:15032"clientAddress:"127.0.0.1:15029"adminAddress:"127.0.0.1:15030"startupRole:FOLLOWER, old:)
org.apache.ratis.protocol.exceptions.ServerNotReadyException: 4795f679-20b5-4d5a-9a13-c70766a2a14f@group-A574A09B74EF is not in [STARTING, RUNNING]: current state is CLOSING
	at org.apache.ratis.server.impl.RaftServerImpl.lambda$assertLifeCycleState$7(RaftServerImpl.java:795)
	at org.apache.ratis.util.LifeCycle.assertCurrentState(LifeCycle.java:260)
	at org.apache.ratis.server.impl.RaftServerImpl.assertLifeCycleState(RaftServerImpl.java:794)
	at org.apache.ratis.server.impl.RaftServerImpl.appendEntriesAsync(RaftServerImpl.java:1472)
	at org.apache.ratis.server.impl.RaftServerProxy.lambda$null$28(RaftServerProxy.java:645)
	at org.apache.ratis.util.JavaUtils.callAsUnchecked(JavaUtils.java:118)
	at org.apache.ratis.server.impl.RaftServerImpl.lambda$executeSubmitServerRequestAsync$10(RaftServerImpl.java:899)
	at java.base/java.util.concurrent.CompletableFuture$AsyncSupply.run(CompletableFuture.java:1768)
	at java.base/java.util.concurrent.ThreadPoolExecutor.runWorker(ThreadPoolExecutor.java:1144)
	at java.base/java.util.concurrent.ThreadPoolExecutor$Worker.run(ThreadPoolExecutor.java:642)
	at java.base/java.lang.Thread.run(Thread.java:1583)
2025-05-28 15:17:18,408 [grpc-default-executor-2] WARN  server.GrpcServerProtocolService (LogUtils.java:warn(123)) - 4795f679-20b5-4d5a-9a13-c70766a2a14f: Failed APPEND_ENTRIES request dacc202e-cd42-4a7a-b335-fe62dff69130->4795f679-20b5-4d5a-9a13-c70766a2a14f#1-t1,previous=(t:0, i:0),leaderCommit=-1,initializing? false,entries: size=1, first=(t:1, i:0), CONFIGURATIONENTRY(current:id:"4795f679-20b5-4d5a-9a13-c70766a2a14f"address:"127.0.0.1:15015"dataStreamAddress:"127.0.0.1:15016"clientAddress:"127.0.0.1:15013"adminAddress:"127.0.0.1:15014"startupRole:FOLLOWER, id:"a755fe32-7d9a-4996-bc51-d7fbc67ab218"address:"127.0.0.1:15023"dataStreamAddress:"127.0.0.1:15024"clientAddress:"127.0.0.1:15021"adminAddress:"127.0.0.1:15022"startupRole:FOLLOWER, id:"dacc202e-cd42-4a7a-b335-fe62dff69130"address:"127.0.0.1:15031"priority:1dataStreamAddress:"127.0.0.1:15032"clientAddress:"127.0.0.1:15029"adminAddress:"127.0.0.1:15030"startupRole:FOLLOWER, old:)
java.util.concurrent.CompletionException: org.apache.ratis.protocol.exceptions.ServerNotReadyException: 4795f679-20b5-4d5a-9a13-c70766a2a14f@group-A574A09B74EF is not in [STARTING, RUNNING]: current state is CLOSING
	at org.apache.ratis.util.JavaUtils.callAsUnchecked(JavaUtils.java:122)
	at org.apache.ratis.server.impl.RaftServerImpl.lambda$executeSubmitServerRequestAsync$10(RaftServerImpl.java:899)
	at java.base/java.util.concurrent.CompletableFuture$AsyncSupply.run(CompletableFuture.java:1768)
	at java.base/java.util.concurrent.ThreadPoolExecutor.runWorker(ThreadPoolExecutor.java:1144)
	at java.base/java.util.concurrent.ThreadPoolExecutor$Worker.run(ThreadPoolExecutor.java:642)
	at java.base/java.lang.Thread.run(Thread.java:1583)
Caused by: org.apache.ratis.protocol.exceptions.ServerNotReadyException: 4795f679-20b5-4d5a-9a13-c70766a2a14f@group-A574A09B74EF is not in [STARTING, RUNNING]: current state is CLOSING
	at org.apache.ratis.server.impl.RaftServerImpl.lambda$assertLifeCycleState$7(RaftServerImpl.java:795)
	at org.apache.ratis.util.LifeCycle.assertCurrentState(LifeCycle.java:260)
	at org.apache.ratis.server.impl.RaftServerImpl.assertLifeCycleState(RaftServerImpl.java:794)
	at org.apache.ratis.server.impl.RaftServerImpl.appendEntriesAsync(RaftServerImpl.java:1472)
	at org.apache.ratis.server.impl.RaftServerProxy.lambda$null$28(RaftServerProxy.java:645)
	at org.apache.ratis.util.JavaUtils.callAsUnchecked(JavaUtils.java:118)
	... 5 more
2025-05-28 15:17:18,413 [grpc-default-executor-2] WARN  server.GrpcLogAppender (LogUtils.java:warn(121)) - dacc202e-cd42-4a7a-b335-fe62dff69130@group-A574A09B74EF->4795f679-20b5-4d5a-9a13-c70766a2a14f-AppendLogResponseHandler: Failed appendEntries: org.apache.ratis.protocol.exceptions.ServerNotReadyException: 4795f679-20b5-4d5a-9a13-c70766a2a14f@group-A574A09B74EF is not in [STARTING, RUNNING]: current state is CLOSING
2025-05-28 15:17:18,415 [grpc-default-executor-2] INFO  leader.LogAppender (LogAppenderBase.java:lambda$getNextIndexForError$0(215)) - Decrease nextIndex to 0
2025-05-28 15:17:18,415 [grpc-default-executor-2] INFO  leader.LogAppender (LogAppenderBase.java:lambda$getNextIndexForError$0(215)) - Decrease nextIndex to 0
2025-05-28 15:17:18,415 [grpc-default-executor-2] INFO  leader.FollowerInfo (FollowerInfoImpl.java:info(70)) - dacc202e-cd42-4a7a-b335-fe62dff69130@group-A574A09B74EF->4795f679-20b5-4d5a-9a13-c70766a2a14f: computeNextIndex nextIndex: updateUnconditionally 1 -> 0
2025-05-28 15:17:18,498 [2b1bfca1-1fdc-4b0a-9b4d-c21112718afa@group-0D69DBD4F9B0-FollowerState] INFO  impl.FollowerState (FollowerState.java:runImpl(161)) - 2b1bfca1-1fdc-4b0a-9b4d-c21112718afa@group-0D69DBD4F9B0-FollowerState: change to CANDIDATE, lastRpcElapsedTime:1125116297ns, electionTimeout:1124ms
2025-05-28 15:17:18,498 [2b1bfca1-1fdc-4b0a-9b4d-c21112718afa@group-0D69DBD4F9B0-FollowerState] INFO  impl.RoleInfo (RoleInfo.java:shutdownFollowerState(121)) - 2b1bfca1-1fdc-4b0a-9b4d-c21112718afa: shutdown 2b1bfca1-1fdc-4b0a-9b4d-c21112718afa@group-0D69DBD4F9B0-FollowerState
2025-05-28 15:17:18,498 [2b1bfca1-1fdc-4b0a-9b4d-c21112718afa@group-0D69DBD4F9B0-FollowerState] INFO  server.RaftServer$Division (RaftServerImpl.java:setRole(378)) - 2b1bfca1-1fdc-4b0a-9b4d-c21112718afa@group-0D69DBD4F9B0: changes role from  FOLLOWER to CANDIDATE at term 0 for changeToCandidate
2025-05-28 15:17:18,498 [2b1bfca1-1fdc-4b0a-9b4d-c21112718afa@group-0D69DBD4F9B0-FollowerState] INFO  server.RaftServerConfigKeys (ConfUtils.java:logGet(46)) - raft.server.leaderelection.pre-vote = true (default)
2025-05-28 15:17:18,498 [2b1bfca1-1fdc-4b0a-9b4d-c21112718afa@group-0D69DBD4F9B0-FollowerState] INFO  impl.RoleInfo (RoleInfo.java:updateAndGet(148)) - 2b1bfca1-1fdc-4b0a-9b4d-c21112718afa: start 2b1bfca1-1fdc-4b0a-9b4d-c21112718afa@group-0D69DBD4F9B0-LeaderElection13
2025-05-28 15:17:18,499 [2b1bfca1-1fdc-4b0a-9b4d-c21112718afa@group-0D69DBD4F9B0-LeaderElection13] INFO  impl.LeaderElection (LeaderElection.java:askForVotes(332)) - 2b1bfca1-1fdc-4b0a-9b4d-c21112718afa@group-0D69DBD4F9B0-LeaderElection13 PRE_VOTE round 0: submit vote requests at term 0 for conf: {index: -1, cur=peers:[2b1bfca1-1fdc-4b0a-9b4d-c21112718afa|127.0.0.1:15039]|listeners:[], old=null}
2025-05-28 15:17:18,499 [2b1bfca1-1fdc-4b0a-9b4d-c21112718afa@group-0D69DBD4F9B0-LeaderElection13] INFO  impl.LeaderElection (LeaderElection.java:askForVotes(334)) - 2b1bfca1-1fdc-4b0a-9b4d-c21112718afa@group-0D69DBD4F9B0-LeaderElection13 PRE_VOTE round 0: result PASSED (term=0)
2025-05-28 15:17:18,500 [2b1bfca1-1fdc-4b0a-9b4d-c21112718afa@group-0D69DBD4F9B0-LeaderElection13] INFO  impl.LeaderElection (LeaderElection.java:askForVotes(332)) - 2b1bfca1-1fdc-4b0a-9b4d-c21112718afa@group-0D69DBD4F9B0-LeaderElection13 ELECTION round 0: submit vote requests at term 1 for conf: {index: -1, cur=peers:[2b1bfca1-1fdc-4b0a-9b4d-c21112718afa|127.0.0.1:15039]|listeners:[], old=null}
2025-05-28 15:17:18,500 [2b1bfca1-1fdc-4b0a-9b4d-c21112718afa@group-0D69DBD4F9B0-LeaderElection13] INFO  impl.LeaderElection (LeaderElection.java:askForVotes(334)) - 2b1bfca1-1fdc-4b0a-9b4d-c21112718afa@group-0D69DBD4F9B0-LeaderElection13 ELECTION round 0: result PASSED (term=1)
2025-05-28 15:17:18,500 [2b1bfca1-1fdc-4b0a-9b4d-c21112718afa@group-0D69DBD4F9B0-LeaderElection13] INFO  impl.RoleInfo (RoleInfo.java:shutdownLeaderElection(141)) - 2b1bfca1-1fdc-4b0a-9b4d-c21112718afa: shutdown 2b1bfca1-1fdc-4b0a-9b4d-c21112718afa@group-0D69DBD4F9B0-LeaderElection13
2025-05-28 15:17:18,500 [2b1bfca1-1fdc-4b0a-9b4d-c21112718afa@group-0D69DBD4F9B0-LeaderElection13] INFO  server.RaftServer$Division (RaftServerImpl.java:setRole(378)) - 2b1bfca1-1fdc-4b0a-9b4d-c21112718afa@group-0D69DBD4F9B0: changes role from CANDIDATE to LEADER at term 1 for changeToLeader
2025-05-28 15:17:18,500 [2b1bfca1-1fdc-4b0a-9b4d-c21112718afa@group-0D69DBD4F9B0-LeaderElection13] INFO  server.RaftServerConfigKeys (ConfUtils.java:logGet(46)) - raft.server.staging.catchup.gap = 1000 (default)
2025-05-28 15:17:18,501 [2b1bfca1-1fdc-4b0a-9b4d-c21112718afa@group-0D69DBD4F9B0-LeaderElection13] INFO  server.RaftServerConfigKeys (ConfUtils.java:logGet(46)) - raft.server.write.element-limit = 1024 (custom)
2025-05-28 15:17:18,501 [2b1bfca1-1fdc-4b0a-9b4d-c21112718afa@group-0D69DBD4F9B0-LeaderElection13] INFO  server.RaftServerConfigKeys (ConfUtils.java:logGet(46)) - raft.server.write.byte-limit = 1024 M (=1073741824) (custom)
2025-05-28 15:17:18,501 [2b1bfca1-1fdc-4b0a-9b4d-c21112718afa@group-0D69DBD4F9B0-LeaderElection13] INFO  server.RaftServerConfigKeys (ConfUtils.java:logGet(46)) - raft.server.watch.timeout = 30s (custom)
2025-05-28 15:17:18,501 [2b1bfca1-1fdc-4b0a-9b4d-c21112718afa@group-0D69DBD4F9B0-LeaderElection13] INFO  server.RaftServerConfigKeys (ConfUtils.java:logGet(46)) - raft.server.watch.timeout.denomination = 1s (default)
2025-05-28 15:17:18,501 [2b1bfca1-1fdc-4b0a-9b4d-c21112718afa@group-0D69DBD4F9B0-LeaderElection13] INFO  server.RaftServerConfigKeys (ConfUtils.java:logGet(46)) - raft.server.watch.element-limit = 65536 (default)
2025-05-28 15:17:18,502 [2b1bfca1-1fdc-4b0a-9b4d-c21112718afa@group-0D69DBD4F9B0-LeaderElection13] INFO  server.RaftServerConfigKeys (ConfUtils.java:logGet(46)) - raft.server.read.leader.lease.enabled = false (default)
2025-05-28 15:17:18,502 [2b1bfca1-1fdc-4b0a-9b4d-c21112718afa@group-0D69DBD4F9B0-LeaderElection13] INFO  server.RaftServerConfigKeys (ConfUtils.java:logGet(46)) - raft.server.read.leader.lease.timeout.ratio = 0.9 (default)
2025-05-28 15:17:18,502 [2b1bfca1-1fdc-4b0a-9b4d-c21112718afa@group-0D69DBD4F9B0-LeaderElection13] INFO  server.RaftServerConfigKeys (ConfUtils.java:logGet(46)) - raft.server.rpc.timeout.min = 5s (custom)
2025-05-28 15:17:18,502 [2b1bfca1-1fdc-4b0a-9b4d-c21112718afa@group-0D69DBD4F9B0-LeaderElection13] INFO  server.RaftServerConfigKeys (ConfUtils.java:logGet(46)) - raft.server.log.log-metadata.enabled = true (default)
2025-05-28 15:17:18,502 [2b1bfca1-1fdc-4b0a-9b4d-c21112718afa@group-0D69DBD4F9B0-LeaderElection13] INFO  server.RaftServerConfigKeys (ConfUtils.java:logGet(46)) - raft.server.write.element-limit = 1024 (custom)
2025-05-28 15:17:18,502 [2b1bfca1-1fdc-4b0a-9b4d-c21112718afa@group-0D69DBD4F9B0-LeaderElection13] INFO  server.RaftServerConfigKeys (ConfUtils.java:logGet(46)) - raft.server.write.follower.gap.ratio.max = -1.0 (default)
2025-05-28 15:17:18,502 [2b1bfca1-1fdc-4b0a-9b4d-c21112718afa@group-0D69DBD4F9B0-LeaderElection13] INFO  impl.RoleInfo (RoleInfo.java:updateAndGet(148)) - 2b1bfca1-1fdc-4b0a-9b4d-c21112718afa: start 2b1bfca1-1fdc-4b0a-9b4d-c21112718afa@group-0D69DBD4F9B0-LeaderStateImpl
2025-05-28 15:17:18,502 [2b1bfca1-1fdc-4b0a-9b4d-c21112718afa@group-0D69DBD4F9B0-LeaderElection13] INFO  server.RaftServer$Division (RaftServerImpl.java:setFirstElection(562)) - 2b1bfca1-1fdc-4b0a-9b4d-c21112718afa@group-0D69DBD4F9B0: set firstElectionSinceStartup to false for becomeLeader
2025-05-28 15:17:18,502 [2b1bfca1-1fdc-4b0a-9b4d-c21112718afa@group-0D69DBD4F9B0-LeaderElection13] INFO  ratis.XceiverServerRatis (XceiverServerRatis.java:handleLeaderChangedNotification(944)) - Leader change notification received for group: group-0D69DBD4F9B0 with new leaderId: 2b1bfca1-1fdc-4b0a-9b4d-c21112718afa
2025-05-28 15:17:18,502 [2b1bfca1-1fdc-4b0a-9b4d-c21112718afa@group-0D69DBD4F9B0-LeaderElection13] INFO  server.RaftServer$Division (ServerState.java:setLeader(272)) - 2b1bfca1-1fdc-4b0a-9b4d-c21112718afa@group-0D69DBD4F9B0: change Leader from null to 2b1bfca1-1fdc-4b0a-9b4d-c21112718afa at term 1 for becomeLeader, leader elected after 1163ms
2025-05-28 15:17:18,503 [2b1bfca1-1fdc-4b0a-9b4d-c21112718afa@group-0D69DBD4F9B0-LeaderElection13] INFO  segmented.SegmentedRaftLogWorker (SegmentedRaftLogWorker.java:startLogSegment(438)) - 2b1bfca1-1fdc-4b0a-9b4d-c21112718afa@group-0D69DBD4F9B0-SegmentedRaftLogWorker: Starting segment from index:0
2025-05-28 15:17:18,503 [2b1bfca1-1fdc-4b0a-9b4d-c21112718afa@group-0D69DBD4F9B0-LeaderElection13] INFO  server.RaftServer$Division (ServerState.java:setRaftConf(386)) - 2b1bfca1-1fdc-4b0a-9b4d-c21112718afa@group-0D69DBD4F9B0: set configuration conf: {index: 0, cur=peers:[2b1bfca1-1fdc-4b0a-9b4d-c21112718afa|127.0.0.1:15039]|listeners:[], old=null}
2025-05-28 15:17:18,503 [2b1bfca1-1fdc-4b0a-9b4d-c21112718afa@group-0D69DBD4F9B0-SegmentedRaftLogWorker] INFO  segmented.BufferedWriteChannel (BufferedWriteChannel.java:open(61)) - open log_inprogress_0 at position 0
2025-05-28 15:17:18,511 [2b1bfca1-1fdc-4b0a-9b4d-c21112718afa@group-0D69DBD4F9B0-SegmentedRaftLogWorker] INFO  segmented.SegmentedRaftLogWorker (SegmentedRaftLogWorker.java:execute(644)) - 2b1bfca1-1fdc-4b0a-9b4d-c21112718afa@group-0D69DBD4F9B0-SegmentedRaftLogWorker: created new log segment /home/runner/work/ozone/ozone/hadoop-ozone/integration-test/target/test-dir/MiniOzoneClusterImpl-723737d7-d862-4a19-a51f-6b1567aa62b1/ozone-meta/datanode-4/ratis/521a3680-1f3f-469b-9590-0d69dbd4f9b0/current/log_inprogress_0
2025-05-28 15:17:18,513 [2b1bfca1-1fdc-4b0a-9b4d-c21112718afa@group-0D69DBD4F9B0-StateMachineUpdater] INFO  server.RaftServer$Division (LeaderStateImpl.java:checkStartIndex(313)) - Leader 2b1bfca1-1fdc-4b0a-9b4d-c21112718afa@group-0D69DBD4F9B0-LeaderStateImpl is ready since appliedIndex == startIndex == 0
2025-05-28 15:17:18,640 [4795f679-20b5-4d5a-9a13-c70766a2a14f-impl-thread2] INFO  segmented.SegmentedRaftLogWorker (SegmentedRaftLogWorker.java:close(252)) - 4795f679-20b5-4d5a-9a13-c70766a2a14f@group-329227478BA6-SegmentedRaftLogWorker close()
2025-05-28 15:17:18,640 [4795f679-20b5-4d5a-9a13-c70766a2a14f-impl-thread2] INFO  ratis.ContainerStateMachine (ContainerStateMachine.java:notifyServerShutdown(1038)) - group-329227478BA6 is closed by HddsDatanodeService
2025-05-28 15:17:18,784 [78b7fabf-ca2a-4b70-8534-e46926e2083c@group-24323FEED52C-FollowerState] INFO  impl.FollowerState (FollowerState.java:runImpl(161)) - 78b7fabf-ca2a-4b70-8534-e46926e2083c@group-24323FEED52C-FollowerState: change to CANDIDATE, lastRpcElapsedTime:1163263761ns, electionTimeout:1162ms
2025-05-28 15:17:18,784 [78b7fabf-ca2a-4b70-8534-e46926e2083c@group-24323FEED52C-FollowerState] INFO  impl.RoleInfo (RoleInfo.java:shutdownFollowerState(121)) - 78b7fabf-ca2a-4b70-8534-e46926e2083c: shutdown 78b7fabf-ca2a-4b70-8534-e46926e2083c@group-24323FEED52C-FollowerState
2025-05-28 15:17:18,784 [78b7fabf-ca2a-4b70-8534-e46926e2083c@group-24323FEED52C-FollowerState] INFO  server.RaftServer$Division (RaftServerImpl.java:setRole(378)) - 78b7fabf-ca2a-4b70-8534-e46926e2083c@group-24323FEED52C: changes role from  FOLLOWER to CANDIDATE at term 0 for changeToCandidate
2025-05-28 15:17:18,785 [78b7fabf-ca2a-4b70-8534-e46926e2083c@group-24323FEED52C-FollowerState] INFO  server.RaftServerConfigKeys (ConfUtils.java:logGet(46)) - raft.server.leaderelection.pre-vote = true (default)
2025-05-28 15:17:18,785 [78b7fabf-ca2a-4b70-8534-e46926e2083c@group-24323FEED52C-FollowerState] INFO  impl.RoleInfo (RoleInfo.java:updateAndGet(148)) - 78b7fabf-ca2a-4b70-8534-e46926e2083c: start 78b7fabf-ca2a-4b70-8534-e46926e2083c@group-24323FEED52C-LeaderElection14
2025-05-28 15:17:18,785 [78b7fabf-ca2a-4b70-8534-e46926e2083c@group-24323FEED52C-LeaderElection14] INFO  impl.LeaderElection (LeaderElection.java:askForVotes(332)) - 78b7fabf-ca2a-4b70-8534-e46926e2083c@group-24323FEED52C-LeaderElection14 PRE_VOTE round 0: submit vote requests at term 0 for conf: {index: -1, cur=peers:[78b7fabf-ca2a-4b70-8534-e46926e2083c|127.0.0.1:15047]|listeners:[], old=null}
2025-05-28 15:17:18,785 [78b7fabf-ca2a-4b70-8534-e46926e2083c@group-24323FEED52C-LeaderElection14] INFO  impl.LeaderElection (LeaderElection.java:askForVotes(334)) - 78b7fabf-ca2a-4b70-8534-e46926e2083c@group-24323FEED52C-LeaderElection14 PRE_VOTE round 0: result PASSED (term=0)
2025-05-28 15:17:18,787 [78b7fabf-ca2a-4b70-8534-e46926e2083c@group-24323FEED52C-LeaderElection14] INFO  impl.LeaderElection (LeaderElection.java:askForVotes(332)) - 78b7fabf-ca2a-4b70-8534-e46926e2083c@group-24323FEED52C-LeaderElection14 ELECTION round 0: submit vote requests at term 1 for conf: {index: -1, cur=peers:[78b7fabf-ca2a-4b70-8534-e46926e2083c|127.0.0.1:15047]|listeners:[], old=null}
2025-05-28 15:17:18,787 [78b7fabf-ca2a-4b70-8534-e46926e2083c@group-24323FEED52C-LeaderElection14] INFO  impl.LeaderElection (LeaderElection.java:askForVotes(334)) - 78b7fabf-ca2a-4b70-8534-e46926e2083c@group-24323FEED52C-LeaderElection14 ELECTION round 0: result PASSED (term=1)
2025-05-28 15:17:18,787 [78b7fabf-ca2a-4b70-8534-e46926e2083c@group-24323FEED52C-LeaderElection14] INFO  impl.RoleInfo (RoleInfo.java:shutdownLeaderElection(141)) - 78b7fabf-ca2a-4b70-8534-e46926e2083c: shutdown 78b7fabf-ca2a-4b70-8534-e46926e2083c@group-24323FEED52C-LeaderElection14
2025-05-28 15:17:18,787 [78b7fabf-ca2a-4b70-8534-e46926e2083c@group-24323FEED52C-LeaderElection14] INFO  server.RaftServer$Division (RaftServerImpl.java:setRole(378)) - 78b7fabf-ca2a-4b70-8534-e46926e2083c@group-24323FEED52C: changes role from CANDIDATE to LEADER at term 1 for changeToLeader
2025-05-28 15:17:18,787 [78b7fabf-ca2a-4b70-8534-e46926e2083c@group-24323FEED52C-LeaderElection14] INFO  server.RaftServerConfigKeys (ConfUtils.java:logGet(46)) - raft.server.staging.catchup.gap = 1000 (default)
2025-05-28 15:17:18,787 [78b7fabf-ca2a-4b70-8534-e46926e2083c@group-24323FEED52C-LeaderElection14] INFO  server.RaftServerConfigKeys (ConfUtils.java:logGet(46)) - raft.server.write.element-limit = 1024 (custom)
2025-05-28 15:17:18,787 [78b7fabf-ca2a-4b70-8534-e46926e2083c@group-24323FEED52C-LeaderElection14] INFO  server.RaftServerConfigKeys (ConfUtils.java:logGet(46)) - raft.server.write.byte-limit = 1024 M (=1073741824) (custom)
2025-05-28 15:17:18,788 [78b7fabf-ca2a-4b70-8534-e46926e2083c@group-24323FEED52C-LeaderElection14] INFO  server.RaftServerConfigKeys (ConfUtils.java:logGet(46)) - raft.server.watch.timeout = 30s (custom)
2025-05-28 15:17:18,788 [78b7fabf-ca2a-4b70-8534-e46926e2083c@group-24323FEED52C-LeaderElection14] INFO  server.RaftServerConfigKeys (ConfUtils.java:logGet(46)) - raft.server.watch.timeout.denomination = 1s (default)
2025-05-28 15:17:18,788 [78b7fabf-ca2a-4b70-8534-e46926e2083c@group-24323FEED52C-LeaderElection14] INFO  server.RaftServerConfigKeys (ConfUtils.java:logGet(46)) - raft.server.watch.element-limit = 65536 (default)
2025-05-28 15:17:18,788 [78b7fabf-ca2a-4b70-8534-e46926e2083c@group-24323FEED52C-LeaderElection14] INFO  server.RaftServerConfigKeys (ConfUtils.java:logGet(46)) - raft.server.read.leader.lease.enabled = false (default)
2025-05-28 15:17:18,788 [78b7fabf-ca2a-4b70-8534-e46926e2083c@group-24323FEED52C-LeaderElection14] INFO  server.RaftServerConfigKeys (ConfUtils.java:logGet(46)) - raft.server.read.leader.lease.timeout.ratio = 0.9 (default)
2025-05-28 15:17:18,788 [78b7fabf-ca2a-4b70-8534-e46926e2083c@group-24323FEED52C-LeaderElection14] INFO  server.RaftServerConfigKeys (ConfUtils.java:logGet(46)) - raft.server.rpc.timeout.min = 5s (custom)
2025-05-28 15:17:18,788 [78b7fabf-ca2a-4b70-8534-e46926e2083c@group-24323FEED52C-LeaderElection14] INFO  server.RaftServerConfigKeys (ConfUtils.java:logGet(46)) - raft.server.log.log-metadata.enabled = true (default)
2025-05-28 15:17:18,789 [78b7fabf-ca2a-4b70-8534-e46926e2083c@group-24323FEED52C-LeaderElection14] INFO  server.RaftServerConfigKeys (ConfUtils.java:logGet(46)) - raft.server.write.element-limit = 1024 (custom)
2025-05-28 15:17:18,789 [78b7fabf-ca2a-4b70-8534-e46926e2083c@group-24323FEED52C-LeaderElection14] INFO  server.RaftServerConfigKeys (ConfUtils.java:logGet(46)) - raft.server.write.follower.gap.ratio.max = -1.0 (default)
2025-05-28 15:17:18,789 [78b7fabf-ca2a-4b70-8534-e46926e2083c@group-24323FEED52C-LeaderElection14] INFO  impl.RoleInfo (RoleInfo.java:updateAndGet(148)) - 78b7fabf-ca2a-4b70-8534-e46926e2083c: start 78b7fabf-ca2a-4b70-8534-e46926e2083c@group-24323FEED52C-LeaderStateImpl
2025-05-28 15:17:18,789 [78b7fabf-ca2a-4b70-8534-e46926e2083c@group-24323FEED52C-LeaderElection14] INFO  server.RaftServer$Division (RaftServerImpl.java:setFirstElection(562)) - 78b7fabf-ca2a-4b70-8534-e46926e2083c@group-24323FEED52C: set firstElectionSinceStartup to false for becomeLeader
2025-05-28 15:17:18,789 [78b7fabf-ca2a-4b70-8534-e46926e2083c@group-24323FEED52C-LeaderElection14] INFO  ratis.XceiverServerRatis (XceiverServerRatis.java:handleLeaderChangedNotification(944)) - Leader change notification received for group: group-24323FEED52C with new leaderId: 78b7fabf-ca2a-4b70-8534-e46926e2083c
2025-05-28 15:17:18,791 [78b7fabf-ca2a-4b70-8534-e46926e2083c@group-24323FEED52C-LeaderElection14] INFO  server.RaftServer$Division (ServerState.java:setLeader(272)) - 78b7fabf-ca2a-4b70-8534-e46926e2083c@group-24323FEED52C: change Leader from null to 78b7fabf-ca2a-4b70-8534-e46926e2083c at term 1 for becomeLeader, leader elected after 1189ms
2025-05-28 15:17:18,791 [78b7fabf-ca2a-4b70-8534-e46926e2083c@group-24323FEED52C-LeaderElection14] INFO  segmented.SegmentedRaftLogWorker (SegmentedRaftLogWorker.java:startLogSegment(438)) - 78b7fabf-ca2a-4b70-8534-e46926e2083c@group-24323FEED52C-SegmentedRaftLogWorker: Starting segment from index:0
2025-05-28 15:17:18,791 [78b7fabf-ca2a-4b70-8534-e46926e2083c@group-24323FEED52C-LeaderElection14] INFO  server.RaftServer$Division (ServerState.java:setRaftConf(386)) - 78b7fabf-ca2a-4b70-8534-e46926e2083c@group-24323FEED52C: set configuration conf: {index: 0, cur=peers:[78b7fabf-ca2a-4b70-8534-e46926e2083c|127.0.0.1:15047]|listeners:[], old=null}
2025-05-28 15:17:18,791 [78b7fabf-ca2a-4b70-8534-e46926e2083c@group-24323FEED52C-SegmentedRaftLogWorker] INFO  segmented.BufferedWriteChannel (BufferedWriteChannel.java:open(61)) - open log_inprogress_0 at position 0
2025-05-28 15:17:18,803 [78b7fabf-ca2a-4b70-8534-e46926e2083c@group-24323FEED52C-SegmentedRaftLogWorker] INFO  segmented.SegmentedRaftLogWorker (SegmentedRaftLogWorker.java:execute(644)) - 78b7fabf-ca2a-4b70-8534-e46926e2083c@group-24323FEED52C-SegmentedRaftLogWorker: created new log segment /home/runner/work/ozone/ozone/hadoop-ozone/integration-test/target/test-dir/MiniOzoneClusterImpl-723737d7-d862-4a19-a51f-6b1567aa62b1/ozone-meta/datanode-5/ratis/874f0c76-b28c-46e1-bd10-24323feed52c/current/log_inprogress_0
2025-05-28 15:17:18,805 [78b7fabf-ca2a-4b70-8534-e46926e2083c@group-24323FEED52C-StateMachineUpdater] INFO  server.RaftServer$Division (LeaderStateImpl.java:checkStartIndex(313)) - Leader 78b7fabf-ca2a-4b70-8534-e46926e2083c@group-24323FEED52C-LeaderStateImpl is ready since appliedIndex == startIndex == 0
2025-05-28 15:17:19,094 [4795f679-20b5-4d5a-9a13-c70766a2a14f-impl-thread3] INFO  segmented.SegmentedRaftLogWorker (SegmentedRaftLogWorker.java:close(252)) - 4795f679-20b5-4d5a-9a13-c70766a2a14f@group-A574A09B74EF-SegmentedRaftLogWorker close()
2025-05-28 15:17:19,094 [4795f679-20b5-4d5a-9a13-c70766a2a14f-impl-thread1] INFO  segmented.SegmentedRaftLogWorker (SegmentedRaftLogWorker.java:close(252)) - 4795f679-20b5-4d5a-9a13-c70766a2a14f@group-3199EF5D7496-SegmentedRaftLogWorker close()
2025-05-28 15:17:19,095 [4795f679-20b5-4d5a-9a13-c70766a2a14f-impl-thread3] INFO  ratis.ContainerStateMachine (ContainerStateMachine.java:notifyServerShutdown(1038)) - group-A574A09B74EF is closed by HddsDatanodeService
2025-05-28 15:17:19,097 [4795f679-20b5-4d5a-9a13-c70766a2a14f-impl-thread1] INFO  ratis.ContainerStateMachine (ContainerStateMachine.java:notifyServerShutdown(1038)) - group-3199EF5D7496 is closed by HddsDatanodeService
2025-05-28 15:17:19,656 [grpc-default-executor-5] WARN  server.GrpcServerProtocolService (LogUtils.java:warn(123)) - 4795f679-20b5-4d5a-9a13-c70766a2a14f: Failed APPEND_ENTRIES request dacc202e-cd42-4a7a-b335-fe62dff69130->4795f679-20b5-4d5a-9a13-c70766a2a14f#4-t1,previous=(t:0, i:0),leaderCommit=0,initializing? false,entries: size=1, first=(t:1, i:0), CONFIGURATIONENTRY(current:id:"4795f679-20b5-4d5a-9a13-c70766a2a14f"address:"127.0.0.1:15015"dataStreamAddress:"127.0.0.1:15016"clientAddress:"127.0.0.1:15013"adminAddress:"127.0.0.1:15014"startupRole:FOLLOWER, id:"a755fe32-7d9a-4996-bc51-d7fbc67ab218"address:"127.0.0.1:15023"dataStreamAddress:"127.0.0.1:15024"clientAddress:"127.0.0.1:15021"adminAddress:"127.0.0.1:15022"startupRole:FOLLOWER, id:"dacc202e-cd42-4a7a-b335-fe62dff69130"address:"127.0.0.1:15031"priority:1dataStreamAddress:"127.0.0.1:15032"clientAddress:"127.0.0.1:15029"adminAddress:"127.0.0.1:15030"startupRole:FOLLOWER, old:)
java.util.concurrent.CompletionException: java.util.concurrent.RejectedExecutionException: Task java.util.concurrent.CompletableFuture$AsyncSupply@5483b68b rejected from java.util.concurrent.ThreadPoolExecutor@6b3a37a3[Terminated, pool size = 0, active threads = 0, queued tasks = 0, completed tasks = 3]
	at java.base/java.util.concurrent.CompletableFuture.encodeThrowable(CompletableFuture.java:315)
	at java.base/java.util.concurrent.CompletableFuture.uniComposeStage(CompletableFuture.java:1194)
	at java.base/java.util.concurrent.CompletableFuture.thenCompose(CompletableFuture.java:2341)
	at org.apache.ratis.server.impl.RaftServerProxy.appendEntriesAsync(RaftServerProxy.java:645)
	at org.apache.ratis.grpc.server.GrpcServerProtocolService$1.process(GrpcServerProtocolService.java:229)
	at org.apache.ratis.grpc.server.GrpcServerProtocolService$1.process(GrpcServerProtocolService.java:226)
	at org.apache.ratis.grpc.server.GrpcServerProtocolService$ServerRequestStreamObserver.onNext(GrpcServerProtocolService.java:137)
	at org.apache.ratis.thirdparty.io.grpc.stub.ServerCalls$StreamingServerCallHandler$StreamingServerCallListener.onMessage(ServerCalls.java:262)
	at org.apache.ratis.thirdparty.io.grpc.internal.ServerCallImpl$ServerStreamListenerImpl.messagesAvailableInternal(ServerCallImpl.java:329)
	at org.apache.ratis.thirdparty.io.grpc.internal.ServerCallImpl$ServerStreamListenerImpl.messagesAvailable(ServerCallImpl.java:314)
	at org.apache.ratis.thirdparty.io.grpc.internal.ServerImpl$JumpToApplicationThreadServerStreamListener$1MessagesAvailable.runInContext(ServerImpl.java:833)
	at org.apache.ratis.thirdparty.io.grpc.internal.ContextRunnable.run(ContextRunnable.java:37)
	at org.apache.ratis.thirdparty.io.grpc.internal.SerializingExecutor.run(SerializingExecutor.java:133)
	at java.base/java.util.concurrent.ThreadPoolExecutor.runWorker(ThreadPoolExecutor.java:1144)
	at java.base/java.util.concurrent.ThreadPoolExecutor$Worker.run(ThreadPoolExecutor.java:642)
	at java.base/java.lang.Thread.run(Thread.java:1583)
Caused by: java.util.concurrent.RejectedExecutionException: Task java.util.concurrent.CompletableFuture$AsyncSupply@5483b68b rejected from java.util.concurrent.ThreadPoolExecutor@6b3a37a3[Terminated, pool size = 0, active threads = 0, queued tasks = 0, completed tasks = 3]
	at java.base/java.util.concurrent.ThreadPoolExecutor$AbortPolicy.rejectedExecution(ThreadPoolExecutor.java:2081)
	at java.base/java.util.concurrent.ThreadPoolExecutor.reject(ThreadPoolExecutor.java:841)
	at java.base/java.util.concurrent.ThreadPoolExecutor.execute(ThreadPoolExecutor.java:1376)
	at java.base/java.util.concurrent.CompletableFuture.asyncSupplyStage(CompletableFuture.java:1782)
	at java.base/java.util.concurrent.CompletableFuture.supplyAsync(CompletableFuture.java:2005)
	at org.apache.ratis.server.impl.RaftServerImpl.executeSubmitServerRequestAsync(RaftServerImpl.java:898)
	at org.apache.ratis.server.impl.RaftServerProxy.lambda$appendEntriesAsync$29(RaftServerProxy.java:645)
	at java.base/java.util.concurrent.CompletableFuture.uniComposeStage(CompletableFuture.java:1187)
	... 14 more
2025-05-28 15:17:19,660 [grpc-default-executor-5] INFO  leader.LogAppender (LogAppenderBase.java:lambda$getNextIndexForError$0(215)) - Decrease nextIndex to 0
2025-05-28 15:17:19,660 [grpc-default-executor-5] INFO  leader.LogAppender (LogAppenderBase.java:lambda$getNextIndexForError$0(215)) - Decrease nextIndex to 0
2025-05-28 15:17:19,660 [grpc-default-executor-5] INFO  leader.FollowerInfo (FollowerInfoImpl.java:info(70)) - dacc202e-cd42-4a7a-b335-fe62dff69130@group-A574A09B74EF->4795f679-20b5-4d5a-9a13-c70766a2a14f: computeNextIndex nextIndex: updateUnconditionally 1 -> 0
2025-05-28 15:17:20,644 [EventQueue-StaleNodeForStaleNodeHandler] INFO  node.StaleNodeHandler (StaleNodeHandler.java:onMessage(51)) - Datanode 4795f679-20b5-4d5a-9a13-c70766a2a14f(localhost/127.0.0.1) moved to stale state. Finalizing its pipelines [Pipeline-27a96606-79c9-41c9-8ccf-3199ef5d7496, Pipeline-de08d823-7de2-489b-90ad-329227478ba6, Pipeline-2ff824fa-665a-4aec-aa79-a574a09b74ef, Pipeline-597178e3-698c-4789-b47c-ebc9b9187764]
2025-05-28 15:17:20,647 [EventQueue-StaleNodeForStaleNodeHandler] INFO  pipeline.PipelineManagerImpl (PipelineManagerImpl.java:closePipeline(509)) - Pipeline Pipeline-27a96606-79c9-41c9-8ccf-3199ef5d7496 moved to CLOSED state
2025-05-28 15:17:20,649 [EventQueue-StaleNodeForStaleNodeHandler] INFO  pipeline.PipelineManagerImpl (PipelineManagerImpl.java:closePipeline(509)) - Pipeline Pipeline-de08d823-7de2-489b-90ad-329227478ba6 moved to CLOSED state
2025-05-28 15:17:20,651 [EventQueue-StaleNodeForStaleNodeHandler] INFO  pipeline.PipelineManagerImpl (PipelineManagerImpl.java:closePipeline(509)) - Pipeline Pipeline-2ff824fa-665a-4aec-aa79-a574a09b74ef moved to CLOSED state
2025-05-28 15:17:20,653 [EventQueue-StaleNodeForStaleNodeHandler] INFO  pipeline.PipelineManagerImpl (PipelineManagerImpl.java:closePipeline(509)) - Pipeline Pipeline-597178e3-698c-4789-b47c-ebc9b9187764 moved to CLOSED state
2025-05-28 15:17:20,908 [grpc-default-executor-2] WARN  server.GrpcServerProtocolService (LogUtils.java:warn(123)) - 4795f679-20b5-4d5a-9a13-c70766a2a14f: Failed APPEND_ENTRIES request dacc202e-cd42-4a7a-b335-fe62dff69130->4795f679-20b5-4d5a-9a13-c70766a2a14f#6-t1,previous=(t:0, i:0),leaderCommit=0,initializing? false,entries: size=1, first=(t:1, i:0), CONFIGURATIONENTRY(current:id:"4795f679-20b5-4d5a-9a13-c70766a2a14f"address:"127.0.0.1:15015"dataStreamAddress:"127.0.0.1:15016"clientAddress:"127.0.0.1:15013"adminAddress:"127.0.0.1:15014"startupRole:FOLLOWER, id:"a755fe32-7d9a-4996-bc51-d7fbc67ab218"address:"127.0.0.1:15023"dataStreamAddress:"127.0.0.1:15024"clientAddress:"127.0.0.1:15021"adminAddress:"127.0.0.1:15022"startupRole:FOLLOWER, id:"dacc202e-cd42-4a7a-b335-fe62dff69130"address:"127.0.0.1:15031"priority:1dataStreamAddress:"127.0.0.1:15032"clientAddress:"127.0.0.1:15029"adminAddress:"127.0.0.1:15030"startupRole:FOLLOWER, old:)
java.util.concurrent.CompletionException: java.util.concurrent.RejectedExecutionException: Task java.util.concurrent.CompletableFuture$AsyncSupply@b23c749 rejected from java.util.concurrent.ThreadPoolExecutor@6b3a37a3[Terminated, pool size = 0, active threads = 0, queued tasks = 0, completed tasks = 3]
	at java.base/java.util.concurrent.CompletableFuture.encodeThrowable(CompletableFuture.java:315)
	at java.base/java.util.concurrent.CompletableFuture.uniComposeStage(CompletableFuture.java:1194)
	at java.base/java.util.concurrent.CompletableFuture.thenCompose(CompletableFuture.java:2341)
	at org.apache.ratis.server.impl.RaftServerProxy.appendEntriesAsync(RaftServerProxy.java:645)
	at org.apache.ratis.grpc.server.GrpcServerProtocolService$1.process(GrpcServerProtocolService.java:229)
	at org.apache.ratis.grpc.server.GrpcServerProtocolService$1.process(GrpcServerProtocolService.java:226)
	at org.apache.ratis.grpc.server.GrpcServerProtocolService$ServerRequestStreamObserver.onNext(GrpcServerProtocolService.java:137)
	at org.apache.ratis.thirdparty.io.grpc.stub.ServerCalls$StreamingServerCallHandler$StreamingServerCallListener.onMessage(ServerCalls.java:262)
	at org.apache.ratis.thirdparty.io.grpc.internal.ServerCallImpl$ServerStreamListenerImpl.messagesAvailableInternal(ServerCallImpl.java:329)
	at org.apache.ratis.thirdparty.io.grpc.internal.ServerCallImpl$ServerStreamListenerImpl.messagesAvailable(ServerCallImpl.java:314)
	at org.apache.ratis.thirdparty.io.grpc.internal.ServerImpl$JumpToApplicationThreadServerStreamListener$1MessagesAvailable.runInContext(ServerImpl.java:833)
	at org.apache.ratis.thirdparty.io.grpc.internal.ContextRunnable.run(ContextRunnable.java:37)
	at org.apache.ratis.thirdparty.io.grpc.internal.SerializingExecutor.run(SerializingExecutor.java:133)
	at java.base/java.util.concurrent.ThreadPoolExecutor.runWorker(ThreadPoolExecutor.java:1144)
	at java.base/java.util.concurrent.ThreadPoolExecutor$Worker.run(ThreadPoolExecutor.java:642)
	at java.base/java.lang.Thread.run(Thread.java:1583)
Caused by: java.util.concurrent.RejectedExecutionException: Task java.util.concurrent.CompletableFuture$AsyncSupply@b23c749 rejected from java.util.concurrent.ThreadPoolExecutor@6b3a37a3[Terminated, pool size = 0, active threads = 0, queued tasks = 0, completed tasks = 3]
	at java.base/java.util.concurrent.ThreadPoolExecutor$AbortPolicy.rejectedExecution(ThreadPoolExecutor.java:2081)
	at java.base/java.util.concurrent.ThreadPoolExecutor.reject(ThreadPoolExecutor.java:841)
	at java.base/java.util.concurrent.ThreadPoolExecutor.execute(ThreadPoolExecutor.java:1376)
	at java.base/java.util.concurrent.CompletableFuture.asyncSupplyStage(CompletableFuture.java:1782)
	at java.base/java.util.concurrent.CompletableFuture.supplyAsync(CompletableFuture.java:2005)
	at org.apache.ratis.server.impl.RaftServerImpl.executeSubmitServerRequestAsync(RaftServerImpl.java:898)
	at org.apache.ratis.server.impl.RaftServerProxy.lambda$appendEntriesAsync$29(RaftServerProxy.java:645)
	at java.base/java.util.concurrent.CompletableFuture.uniComposeStage(CompletableFuture.java:1187)
	... 14 more
2025-05-28 15:17:20,910 [grpc-default-executor-2] INFO  leader.LogAppender (LogAppenderBase.java:lambda$getNextIndexForError$0(215)) - Decrease nextIndex to 0
2025-05-28 15:17:20,910 [grpc-default-executor-2] INFO  leader.LogAppender (LogAppenderBase.java:lambda$getNextIndexForError$0(215)) - Decrease nextIndex to 0
2025-05-28 15:17:20,910 [grpc-default-executor-2] INFO  leader.FollowerInfo (FollowerInfoImpl.java:info(70)) - dacc202e-cd42-4a7a-b335-fe62dff69130@group-A574A09B74EF->4795f679-20b5-4d5a-9a13-c70766a2a14f: computeNextIndex nextIndex: updateUnconditionally 1 -> 0
2025-05-28 15:17:21,155 [Thread-726] WARN  grpc.GrpcUtil (GrpcUtil.java:shutdownManagedChannel(233)) - Timed out gracefully shutting down connection: ManagedChannelOrphanWrapper{delegate=ManagedChannelImpl{logId=176, target=127.0.0.1:15023}}. 
2025-05-28 15:17:21,156 [Thread-727] WARN  grpc.GrpcUtil (GrpcUtil.java:shutdownManagedChannel(233)) - Timed out gracefully shutting down connection: ManagedChannelOrphanWrapper{delegate=ManagedChannelImpl{logId=178, target=127.0.0.1:15031}}. 
2025-05-28 15:17:21,158 [grpc-default-executor-2] INFO  server.GrpcLogAppender (GrpcLogAppender.java:onError(537)) - 4795f679-20b5-4d5a-9a13-c70766a2a14f@group-EBC9B9187764->a755fe32-7d9a-4996-bc51-d7fbc67ab218-GrpcLogAppender is already stopped
2025-05-28 15:17:21,158 [grpc-default-executor-1] INFO  server.GrpcLogAppender (GrpcLogAppender.java:onError(537)) - 4795f679-20b5-4d5a-9a13-c70766a2a14f@group-EBC9B9187764->dacc202e-cd42-4a7a-b335-fe62dff69130-GrpcLogAppender is already stopped
2025-05-28 15:17:21,160 [grpc-default-executor-5] WARN  server.GrpcServerProtocolService (LogUtils.java:warn(121)) - dacc202e-cd42-4a7a-b335-fe62dff69130: APPEND_ENTRIES onError, lastRequest: null: org.apache.ratis.thirdparty.io.grpc.StatusRuntimeException: CANCELLED: client cancelled
2025-05-28 15:17:21,160 [grpc-default-executor-2] WARN  server.GrpcServerProtocolService (LogUtils.java:warn(121)) - a755fe32-7d9a-4996-bc51-d7fbc67ab218: APPEND_ENTRIES onError, lastRequest: null: org.apache.ratis.thirdparty.io.grpc.StatusRuntimeException: CANCELLED: client cancelled
2025-05-28 15:17:22,161 [grpc-default-executor-5] WARN  server.GrpcServerProtocolService (LogUtils.java:warn(123)) - 4795f679-20b5-4d5a-9a13-c70766a2a14f: Failed APPEND_ENTRIES request dacc202e-cd42-4a7a-b335-fe62dff69130->4795f679-20b5-4d5a-9a13-c70766a2a14f#8-t1,previous=(t:0, i:0),leaderCommit=0,initializing? false,entries: size=1, first=(t:1, i:0), CONFIGURATIONENTRY(current:id:"4795f679-20b5-4d5a-9a13-c70766a2a14f"address:"127.0.0.1:15015"dataStreamAddress:"127.0.0.1:15016"clientAddress:"127.0.0.1:15013"adminAddress:"127.0.0.1:15014"startupRole:FOLLOWER, id:"a755fe32-7d9a-4996-bc51-d7fbc67ab218"address:"127.0.0.1:15023"dataStreamAddress:"127.0.0.1:15024"clientAddress:"127.0.0.1:15021"adminAddress:"127.0.0.1:15022"startupRole:FOLLOWER, id:"dacc202e-cd42-4a7a-b335-fe62dff69130"address:"127.0.0.1:15031"priority:1dataStreamAddress:"127.0.0.1:15032"clientAddress:"127.0.0.1:15029"adminAddress:"127.0.0.1:15030"startupRole:FOLLOWER, old:)
java.util.concurrent.CompletionException: java.util.concurrent.RejectedExecutionException: Task java.util.concurrent.CompletableFuture$AsyncSupply@7e8246b1 rejected from java.util.concurrent.ThreadPoolExecutor@6b3a37a3[Terminated, pool size = 0, active threads = 0, queued tasks = 0, completed tasks = 3]
	at java.base/java.util.concurrent.CompletableFuture.encodeThrowable(CompletableFuture.java:315)
	at java.base/java.util.concurrent.CompletableFuture.uniComposeStage(CompletableFuture.java:1194)
	at java.base/java.util.concurrent.CompletableFuture.thenCompose(CompletableFuture.java:2341)
	at org.apache.ratis.server.impl.RaftServerProxy.appendEntriesAsync(RaftServerProxy.java:645)
	at org.apache.ratis.grpc.server.GrpcServerProtocolService$1.process(GrpcServerProtocolService.java:229)
	at org.apache.ratis.grpc.server.GrpcServerProtocolService$1.process(GrpcServerProtocolService.java:226)
	at org.apache.ratis.grpc.server.GrpcServerProtocolService$ServerRequestStreamObserver.onNext(GrpcServerProtocolService.java:137)
	at org.apache.ratis.thirdparty.io.grpc.stub.ServerCalls$StreamingServerCallHandler$StreamingServerCallListener.onMessage(ServerCalls.java:262)
	at org.apache.ratis.thirdparty.io.grpc.internal.ServerCallImpl$ServerStreamListenerImpl.messagesAvailableInternal(ServerCallImpl.java:329)
	at org.apache.ratis.thirdparty.io.grpc.internal.ServerCallImpl$ServerStreamListenerImpl.messagesAvailable(ServerCallImpl.java:314)
	at org.apache.ratis.thirdparty.io.grpc.internal.ServerImpl$JumpToApplicationThreadServerStreamListener$1MessagesAvailable.runInContext(ServerImpl.java:833)
	at org.apache.ratis.thirdparty.io.grpc.internal.ContextRunnable.run(ContextRunnable.java:37)
	at org.apache.ratis.thirdparty.io.grpc.internal.SerializingExecutor.run(SerializingExecutor.java:133)
	at java.base/java.util.concurrent.ThreadPoolExecutor.runWorker(ThreadPoolExecutor.java:1144)
	at java.base/java.util.concurrent.ThreadPoolExecutor$Worker.run(ThreadPoolExecutor.java:642)
	at java.base/java.lang.Thread.run(Thread.java:1583)
Caused by: java.util.concurrent.RejectedExecutionException: Task java.util.concurrent.CompletableFuture$AsyncSupply@7e8246b1 rejected from java.util.concurrent.ThreadPoolExecutor@6b3a37a3[Terminated, pool size = 0, active threads = 0, queued tasks = 0, completed tasks = 3]
	at java.base/java.util.concurrent.ThreadPoolExecutor$AbortPolicy.rejectedExecution(ThreadPoolExecutor.java:2081)
	at java.base/java.util.concurrent.ThreadPoolExecutor.reject(ThreadPoolExecutor.java:841)
	at java.base/java.util.concurrent.ThreadPoolExecutor.execute(ThreadPoolExecutor.java:1376)
	at java.base/java.util.concurrent.CompletableFuture.asyncSupplyStage(CompletableFuture.java:1782)
	at java.base/java.util.concurrent.CompletableFuture.supplyAsync(CompletableFuture.java:2005)
	at org.apache.ratis.server.impl.RaftServerImpl.executeSubmitServerRequestAsync(RaftServerImpl.java:898)
	at org.apache.ratis.server.impl.RaftServerProxy.lambda$appendEntriesAsync$29(RaftServerProxy.java:645)
	at java.base/java.util.concurrent.CompletableFuture.uniComposeStage(CompletableFuture.java:1187)
	... 14 more
2025-05-28 15:17:22,164 [grpc-default-executor-5] INFO  leader.LogAppender (LogAppenderBase.java:lambda$getNextIndexForError$0(215)) - Decrease nextIndex to 0
2025-05-28 15:17:22,164 [grpc-default-executor-5] INFO  leader.LogAppender (LogAppenderBase.java:lambda$getNextIndexForError$0(215)) - Decrease nextIndex to 0
2025-05-28 15:17:22,164 [grpc-default-executor-5] INFO  leader.FollowerInfo (FollowerInfoImpl.java:info(70)) - dacc202e-cd42-4a7a-b335-fe62dff69130@group-A574A09B74EF->4795f679-20b5-4d5a-9a13-c70766a2a14f: computeNextIndex nextIndex: updateUnconditionally 1 -> 0
2025-05-28 15:17:23,414 [grpc-default-executor-2] WARN  server.GrpcServerProtocolService (LogUtils.java:warn(123)) - 4795f679-20b5-4d5a-9a13-c70766a2a14f: Failed APPEND_ENTRIES request dacc202e-cd42-4a7a-b335-fe62dff69130->4795f679-20b5-4d5a-9a13-c70766a2a14f#10-t1,previous=(t:0, i:0),leaderCommit=0,initializing? false,entries: size=1, first=(t:1, i:0), CONFIGURATIONENTRY(current:id:"4795f679-20b5-4d5a-9a13-c70766a2a14f"address:"127.0.0.1:15015"dataStreamAddress:"127.0.0.1:15016"clientAddress:"127.0.0.1:15013"adminAddress:"127.0.0.1:15014"startupRole:FOLLOWER, id:"a755fe32-7d9a-4996-bc51-d7fbc67ab218"address:"127.0.0.1:15023"dataStreamAddress:"127.0.0.1:15024"clientAddress:"127.0.0.1:15021"adminAddress:"127.0.0.1:15022"startupRole:FOLLOWER, id:"dacc202e-cd42-4a7a-b335-fe62dff69130"address:"127.0.0.1:15031"priority:1dataStreamAddress:"127.0.0.1:15032"clientAddress:"127.0.0.1:15029"adminAddress:"127.0.0.1:15030"startupRole:FOLLOWER, old:)
java.util.concurrent.CompletionException: java.util.concurrent.RejectedExecutionException: Task java.util.concurrent.CompletableFuture$AsyncSupply@38b54271 rejected from java.util.concurrent.ThreadPoolExecutor@6b3a37a3[Terminated, pool size = 0, active threads = 0, queued tasks = 0, completed tasks = 3]
	at java.base/java.util.concurrent.CompletableFuture.encodeThrowable(CompletableFuture.java:315)
	at java.base/java.util.concurrent.CompletableFuture.uniComposeStage(CompletableFuture.java:1194)
	at java.base/java.util.concurrent.CompletableFuture.thenCompose(CompletableFuture.java:2341)
	at org.apache.ratis.server.impl.RaftServerProxy.appendEntriesAsync(RaftServerProxy.java:645)
	at org.apache.ratis.grpc.server.GrpcServerProtocolService$1.process(GrpcServerProtocolService.java:229)
	at org.apache.ratis.grpc.server.GrpcServerProtocolService$1.process(GrpcServerProtocolService.java:226)
	at org.apache.ratis.grpc.server.GrpcServerProtocolService$ServerRequestStreamObserver.onNext(GrpcServerProtocolService.java:137)
	at org.apache.ratis.thirdparty.io.grpc.stub.ServerCalls$StreamingServerCallHandler$StreamingServerCallListener.onMessage(ServerCalls.java:262)
	at org.apache.ratis.thirdparty.io.grpc.internal.ServerCallImpl$ServerStreamListenerImpl.messagesAvailableInternal(ServerCallImpl.java:329)
	at org.apache.ratis.thirdparty.io.grpc.internal.ServerCallImpl$ServerStreamListenerImpl.messagesAvailable(ServerCallImpl.java:314)
	at org.apache.ratis.thirdparty.io.grpc.internal.ServerImpl$JumpToApplicationThreadServerStreamListener$1MessagesAvailable.runInContext(ServerImpl.java:833)
	at org.apache.ratis.thirdparty.io.grpc.internal.ContextRunnable.run(ContextRunnable.java:37)
	at org.apache.ratis.thirdparty.io.grpc.internal.SerializingExecutor.run(SerializingExecutor.java:133)
	at java.base/java.util.concurrent.ThreadPoolExecutor.runWorker(ThreadPoolExecutor.java:1144)
	at java.base/java.util.concurrent.ThreadPoolExecutor$Worker.run(ThreadPoolExecutor.java:642)
	at java.base/java.lang.Thread.run(Thread.java:1583)
Caused by: java.util.concurrent.RejectedExecutionException: Task java.util.concurrent.CompletableFuture$AsyncSupply@38b54271 rejected from java.util.concurrent.ThreadPoolExecutor@6b3a37a3[Terminated, pool size = 0, active threads = 0, queued tasks = 0, completed tasks = 3]
	at java.base/java.util.concurrent.ThreadPoolExecutor$AbortPolicy.rejectedExecution(ThreadPoolExecutor.java:2081)
	at java.base/java.util.concurrent.ThreadPoolExecutor.reject(ThreadPoolExecutor.java:841)
	at java.base/java.util.concurrent.ThreadPoolExecutor.execute(ThreadPoolExecutor.java:1376)
	at java.base/java.util.concurrent.CompletableFuture.asyncSupplyStage(CompletableFuture.java:1782)
	at java.base/java.util.concurrent.CompletableFuture.supplyAsync(CompletableFuture.java:2005)
	at org.apache.ratis.server.impl.RaftServerImpl.executeSubmitServerRequestAsync(RaftServerImpl.java:898)
	at org.apache.ratis.server.impl.RaftServerProxy.lambda$appendEntriesAsync$29(RaftServerProxy.java:645)
	at java.base/java.util.concurrent.CompletableFuture.uniComposeStage(CompletableFuture.java:1187)
	... 14 more
2025-05-28 15:17:23,415 [timer2] WARN  server.GrpcLogAppender (LogUtils.java:warn(123)) - dacc202e-cd42-4a7a-b335-fe62dff69130@group-A574A09B74EF->4795f679-20b5-4d5a-9a13-c70766a2a14f-AppendLogResponseHandler: Failed appendEntries (Repeated 4 times in the last 5.002s)
java.util.concurrent.RejectedExecutionException: Task java.util.concurrent.CompletableFuture$AsyncSupply@7e8246b1 rejected from java.util.concurrent.ThreadPoolExecutor@6b3a37a3[Terminated, pool size = 0, active threads = 0, queued tasks = 0, completed tasks = 3]
	at java.base/java.util.concurrent.ThreadPoolExecutor$AbortPolicy.rejectedExecution(ThreadPoolExecutor.java:2081)
	at java.base/java.util.concurrent.ThreadPoolExecutor.reject(ThreadPoolExecutor.java:841)
	at java.base/java.util.concurrent.ThreadPoolExecutor.execute(ThreadPoolExecutor.java:1376)
	at java.base/java.util.concurrent.CompletableFuture.asyncSupplyStage(CompletableFuture.java:1782)
	at java.base/java.util.concurrent.CompletableFuture.supplyAsync(CompletableFuture.java:2005)
	at org.apache.ratis.server.impl.RaftServerImpl.executeSubmitServerRequestAsync(RaftServerImpl.java:898)
	at org.apache.ratis.server.impl.RaftServerProxy.lambda$appendEntriesAsync$29(RaftServerProxy.java:645)
	at java.base/java.util.concurrent.CompletableFuture.uniComposeStage(CompletableFuture.java:1187)
	at java.base/java.util.concurrent.CompletableFuture.thenCompose(CompletableFuture.java:2341)
	at org.apache.ratis.server.impl.RaftServerProxy.appendEntriesAsync(RaftServerProxy.java:645)
	at org.apache.ratis.grpc.server.GrpcServerProtocolService$1.process(GrpcServerProtocolService.java:229)
	at org.apache.ratis.grpc.server.GrpcServerProtocolService$1.process(GrpcServerProtocolService.java:226)
	at org.apache.ratis.grpc.server.GrpcServerProtocolService$ServerRequestStreamObserver.onNext(GrpcServerProtocolService.java:137)
	at org.apache.ratis.thirdparty.io.grpc.stub.ServerCalls$StreamingServerCallHandler$StreamingServerCallListener.onMessage(ServerCalls.java:262)
	at org.apache.ratis.thirdparty.io.grpc.internal.ServerCallImpl$ServerStreamListenerImpl.messagesAvailableInternal(ServerCallImpl.java:329)
	at org.apache.ratis.thirdparty.io.grpc.internal.ServerCallImpl$ServerStreamListenerImpl.messagesAvailable(ServerCallImpl.java:314)
	at org.apache.ratis.thirdparty.io.grpc.internal.ServerImpl$JumpToApplicationThreadServerStreamListener$1MessagesAvailable.runInContext(ServerImpl.java:833)
	at org.apache.ratis.thirdparty.io.grpc.internal.ContextRunnable.run(ContextRunnable.java:37)
	at org.apache.ratis.thirdparty.io.grpc.internal.SerializingExecutor.run(SerializingExecutor.java:133)
	at java.base/java.util.concurrent.ThreadPoolExecutor.runWorker(ThreadPoolExecutor.java:1144)
	at java.base/java.util.concurrent.ThreadPoolExecutor$Worker.run(ThreadPoolExecutor.java:642)
	at java.base/java.lang.Thread.run(Thread.java:1583)
2025-05-28 15:17:23,417 [grpc-default-executor-2] WARN  server.GrpcLogAppender (LogUtils.java:warn(123)) - dacc202e-cd42-4a7a-b335-fe62dff69130@group-A574A09B74EF->4795f679-20b5-4d5a-9a13-c70766a2a14f-AppendLogResponseHandler: Failed appendEntries
java.util.concurrent.RejectedExecutionException: Task java.util.concurrent.CompletableFuture$AsyncSupply@38b54271 rejected from java.util.concurrent.ThreadPoolExecutor@6b3a37a3[Terminated, pool size = 0, active threads = 0, queued tasks = 0, completed tasks = 3]
	at java.base/java.util.concurrent.ThreadPoolExecutor$AbortPolicy.rejectedExecution(ThreadPoolExecutor.java:2081)
	at java.base/java.util.concurrent.ThreadPoolExecutor.reject(ThreadPoolExecutor.java:841)
	at java.base/java.util.concurrent.ThreadPoolExecutor.execute(ThreadPoolExecutor.java:1376)
	at java.base/java.util.concurrent.CompletableFuture.asyncSupplyStage(CompletableFuture.java:1782)
	at java.base/java.util.concurrent.CompletableFuture.supplyAsync(CompletableFuture.java:2005)
	at org.apache.ratis.server.impl.RaftServerImpl.executeSubmitServerRequestAsync(RaftServerImpl.java:898)
	at org.apache.ratis.server.impl.RaftServerProxy.lambda$appendEntriesAsync$29(RaftServerProxy.java:645)
	at java.base/java.util.concurrent.CompletableFuture.uniComposeStage(CompletableFuture.java:1187)
	at java.base/java.util.concurrent.CompletableFuture.thenCompose(CompletableFuture.java:2341)
	at org.apache.ratis.server.impl.RaftServerProxy.appendEntriesAsync(RaftServerProxy.java:645)
	at org.apache.ratis.grpc.server.GrpcServerProtocolService$1.process(GrpcServerProtocolService.java:229)
	at org.apache.ratis.grpc.server.GrpcServerProtocolService$1.process(GrpcServerProtocolService.java:226)
	at org.apache.ratis.grpc.server.GrpcServerProtocolService$ServerRequestStreamObserver.onNext(GrpcServerProtocolService.java:137)
	at org.apache.ratis.thirdparty.io.grpc.stub.ServerCalls$StreamingServerCallHandler$StreamingServerCallListener.onMessage(ServerCalls.java:262)
	at org.apache.ratis.thirdparty.io.grpc.internal.ServerCallImpl$ServerStreamListenerImpl.messagesAvailableInternal(ServerCallImpl.java:329)
	at org.apache.ratis.thirdparty.io.grpc.internal.ServerCallImpl$ServerStreamListenerImpl.messagesAvailable(ServerCallImpl.java:314)
	at org.apache.ratis.thirdparty.io.grpc.internal.ServerImpl$JumpToApplicationThreadServerStreamListener$1MessagesAvailable.runInContext(ServerImpl.java:833)
	at org.apache.ratis.thirdparty.io.grpc.internal.ContextRunnable.run(ContextRunnable.java:37)
	at org.apache.ratis.thirdparty.io.grpc.internal.SerializingExecutor.run(SerializingExecutor.java:133)
	at java.base/java.util.concurrent.ThreadPoolExecutor.runWorker(ThreadPoolExecutor.java:1144)
	at java.base/java.util.concurrent.ThreadPoolExecutor$Worker.run(ThreadPoolExecutor.java:642)
	at java.base/java.lang.Thread.run(Thread.java:1583)
2025-05-28 15:17:23,417 [grpc-default-executor-2] INFO  leader.LogAppender (LogAppenderBase.java:lambda$getNextIndexForError$0(215)) - Decrease nextIndex to 0
2025-05-28 15:17:23,417 [grpc-default-executor-2] INFO  leader.LogAppender (LogAppenderBase.java:lambda$getNextIndexForError$0(215)) - Decrease nextIndex to 0
2025-05-28 15:17:23,417 [grpc-default-executor-2] INFO  leader.FollowerInfo (FollowerInfoImpl.java:info(70)) - dacc202e-cd42-4a7a-b335-fe62dff69130@group-A574A09B74EF->4795f679-20b5-4d5a-9a13-c70766a2a14f: computeNextIndex nextIndex: updateUnconditionally 1 -> 0
2025-05-28 15:17:23,649 [EventQueue-DeadNodeForDeadNodeHandler] INFO  node.DeadNodeHandler (DeadNodeHandler.java:onMessage(91)) - A dead datanode is detected. 4795f679-20b5-4d5a-9a13-c70766a2a14f(localhost/127.0.0.1)
2025-05-28 15:17:23,652 [EventQueue-DeadNodeForDeadNodeHandler] INFO  pipeline.RatisPipelineProvider (RatisPipelineProvider.java:lambda$close$4(273)) - Send pipeline:Pipeline-27a96606-79c9-41c9-8ccf-3199ef5d7496 close command to datanode a755fe32-7d9a-4996-bc51-d7fbc67ab218
2025-05-28 15:17:23,652 [EventQueue-DeadNodeForDeadNodeHandler] INFO  pipeline.RatisPipelineProvider (RatisPipelineProvider.java:lambda$close$4(273)) - Send pipeline:Pipeline-27a96606-79c9-41c9-8ccf-3199ef5d7496 close command to datanode dacc202e-cd42-4a7a-b335-fe62dff69130
2025-05-28 15:17:23,652 [EventQueue-DeadNodeForDeadNodeHandler] INFO  pipeline.RatisPipelineProvider (RatisPipelineProvider.java:lambda$close$4(273)) - Send pipeline:Pipeline-27a96606-79c9-41c9-8ccf-3199ef5d7496 close command to datanode 4795f679-20b5-4d5a-9a13-c70766a2a14f
2025-05-28 15:17:23,653 [EventQueue-DeadNodeForDeadNodeHandler] INFO  pipeline.PipelineManagerImpl (PipelineManagerImpl.java:removePipeline(462)) - Pipeline Pipeline{ Id: 27a96606-79c9-41c9-8ccf-3199ef5d7496, Nodes: [ {a755fe32-7d9a-4996-bc51-d7fbc67ab218(localhost/127.0.0.1), ReplicaIndex: 0}, {dacc202e-cd42-4a7a-b335-fe62dff69130(localhost/127.0.0.1), ReplicaIndex: 0}, {4795f679-20b5-4d5a-9a13-c70766a2a14f(localhost/127.0.0.1), ReplicaIndex: 0},], ReplicationConfig: RATIS/THREE, State:CLOSED, leaderId:a755fe32-7d9a-4996-bc51-d7fbc67ab218, CreationTimestamp2025-05-28T15:17:14.568Z[Etc/UTC]} removed.
2025-05-28 15:17:23,655 [EventQueue-DeadNodeForDeadNodeHandler] INFO  pipeline.RatisPipelineProvider (RatisPipelineProvider.java:lambda$close$4(273)) - Send pipeline:Pipeline-de08d823-7de2-489b-90ad-329227478ba6 close command to datanode 4795f679-20b5-4d5a-9a13-c70766a2a14f
2025-05-28 15:17:23,655 [EventQueue-DeadNodeForDeadNodeHandler] INFO  pipeline.PipelineManagerImpl (PipelineManagerImpl.java:removePipeline(462)) - Pipeline Pipeline{ Id: de08d823-7de2-489b-90ad-329227478ba6, Nodes: [ {4795f679-20b5-4d5a-9a13-c70766a2a14f(localhost/127.0.0.1), ReplicaIndex: 0},], ReplicationConfig: RATIS/ONE, State:CLOSED, leaderId:4795f679-20b5-4d5a-9a13-c70766a2a14f, CreationTimestamp2025-05-28T15:17:14.058Z[Etc/UTC]} removed.
2025-05-28 15:17:23,656 [EventQueue-DeadNodeForDeadNodeHandler] INFO  pipeline.RatisPipelineProvider (RatisPipelineProvider.java:lambda$close$4(273)) - Send pipeline:Pipeline-2ff824fa-665a-4aec-aa79-a574a09b74ef close command to datanode a755fe32-7d9a-4996-bc51-d7fbc67ab218
2025-05-28 15:17:23,656 [EventQueue-DeadNodeForDeadNodeHandler] INFO  pipeline.RatisPipelineProvider (RatisPipelineProvider.java:lambda$close$4(273)) - Send pipeline:Pipeline-2ff824fa-665a-4aec-aa79-a574a09b74ef close command to datanode dacc202e-cd42-4a7a-b335-fe62dff69130
2025-05-28 15:17:23,656 [EventQueue-DeadNodeForDeadNodeHandler] INFO  pipeline.RatisPipelineProvider (RatisPipelineProvider.java:lambda$close$4(273)) - Send pipeline:Pipeline-2ff824fa-665a-4aec-aa79-a574a09b74ef close command to datanode 4795f679-20b5-4d5a-9a13-c70766a2a14f
2025-05-28 15:17:23,656 [EventQueue-DeadNodeForDeadNodeHandler] INFO  pipeline.PipelineManagerImpl (PipelineManagerImpl.java:removePipeline(462)) - Pipeline Pipeline{ Id: 2ff824fa-665a-4aec-aa79-a574a09b74ef, Nodes: [ {a755fe32-7d9a-4996-bc51-d7fbc67ab218(localhost/127.0.0.1), ReplicaIndex: 0}, {dacc202e-cd42-4a7a-b335-fe62dff69130(localhost/127.0.0.1), ReplicaIndex: 0}, {4795f679-20b5-4d5a-9a13-c70766a2a14f(localhost/127.0.0.1), ReplicaIndex: 0},], ReplicationConfig: RATIS/THREE, State:CLOSED, leaderId:dacc202e-cd42-4a7a-b335-fe62dff69130, CreationTimestamp2025-05-28T15:17:14.578Z[Etc/UTC]} removed.
2025-05-28 15:17:23,658 [EventQueue-DeadNodeForDeadNodeHandler] INFO  pipeline.RatisPipelineProvider (RatisPipelineProvider.java:lambda$close$4(273)) - Send pipeline:Pipeline-597178e3-698c-4789-b47c-ebc9b9187764 close command to datanode a755fe32-7d9a-4996-bc51-d7fbc67ab218
2025-05-28 15:17:23,658 [EventQueue-DeadNodeForDeadNodeHandler] INFO  pipeline.RatisPipelineProvider (RatisPipelineProvider.java:lambda$close$4(273)) - Send pipeline:Pipeline-597178e3-698c-4789-b47c-ebc9b9187764 close command to datanode 4795f679-20b5-4d5a-9a13-c70766a2a14f
2025-05-28 15:17:23,658 [EventQueue-DeadNodeForDeadNodeHandler] INFO  pipeline.RatisPipelineProvider (RatisPipelineProvider.java:lambda$close$4(273)) - Send pipeline:Pipeline-597178e3-698c-4789-b47c-ebc9b9187764 close command to datanode dacc202e-cd42-4a7a-b335-fe62dff69130
2025-05-28 15:17:23,658 [EventQueue-DeadNodeForDeadNodeHandler] INFO  pipeline.PipelineManagerImpl (PipelineManagerImpl.java:removePipeline(462)) - Pipeline Pipeline{ Id: 597178e3-698c-4789-b47c-ebc9b9187764, Nodes: [ {a755fe32-7d9a-4996-bc51-d7fbc67ab218(localhost/127.0.0.1), ReplicaIndex: 0}, {4795f679-20b5-4d5a-9a13-c70766a2a14f(localhost/127.0.0.1), ReplicaIndex: 0}, {dacc202e-cd42-4a7a-b335-fe62dff69130(localhost/127.0.0.1), ReplicaIndex: 0},], ReplicationConfig: RATIS/THREE, State:CLOSED, leaderId:, CreationTimestamp2025-05-28T15:17:14.573Z[Etc/UTC]} removed.
2025-05-28 15:17:23,659 [EventQueue-DeadNodeForDeadNodeHandler] INFO  node.DeadNodeHandler (DeadNodeHandler.java:onMessage(113)) - Clearing command queue of size 4 for DN 4795f679-20b5-4d5a-9a13-c70766a2a14f(localhost/127.0.0.1)
2025-05-28 15:17:23,659 [EventQueue-DeadNodeForDeadNodeHandler] INFO  net.NetworkTopologyImpl (NetworkTopologyImpl.java:remove(211)) - Removed a node: /default-rack/4795f679-20b5-4d5a-9a13-c70766a2a14f
2025-05-28 15:17:23,661 [ReplicationMonitor] INFO  replication.ReplicationManager (ReplicationManager.java:processAll(382)) - Replication Monitor Thread took 2 milliseconds for processing 0 containers.
2025-05-28 15:17:24,036 [EventQueue-PipelineReportForPipelineReportHandler] INFO  pipeline.PipelineReportHandler (PipelineReportHandler.java:handlePipelineNotFoundException(98)) - Pipeline Pipeline-27a96606-79c9-41c9-8ccf-3199ef5d7496, reported by datanode a755fe32-7d9a-4996-bc51-d7fbc67ab218(localhost/127.0.0.1) is not found.
2025-05-28 15:17:24,036 [EventQueue-PipelineReportForPipelineReportHandler] INFO  pipeline.PipelineReportHandler (PipelineReportHandler.java:handlePipelineNotFoundException(98)) - Pipeline Pipeline-2ff824fa-665a-4aec-aa79-a574a09b74ef, reported by datanode a755fe32-7d9a-4996-bc51-d7fbc67ab218(localhost/127.0.0.1) is not found.
2025-05-28 15:17:24,036 [EventQueue-PipelineReportForPipelineReportHandler] INFO  pipeline.PipelineReportHandler (PipelineReportHandler.java:handlePipelineNotFoundException(98)) - Pipeline Pipeline-597178e3-698c-4789-b47c-ebc9b9187764, reported by datanode a755fe32-7d9a-4996-bc51-d7fbc67ab218(localhost/127.0.0.1) is not found.
2025-05-28 15:17:24,159 [Thread-727] WARN  grpc.GrpcUtil (GrpcUtil.java:shutdownManagedChannel(233)) - Timed out gracefully shutting down connection: ManagedChannelOrphanWrapper{delegate=ManagedChannelImpl{logId=173, target=127.0.0.1:15031}}. 
2025-05-28 15:17:24,159 [Thread-726] WARN  grpc.GrpcUtil (GrpcUtil.java:shutdownManagedChannel(233)) - Timed out gracefully shutting down connection: ManagedChannelOrphanWrapper{delegate=ManagedChannelImpl{logId=172, target=127.0.0.1:15023}}. 
2025-05-28 15:17:24,160 [grpc-default-executor-5] INFO  server.GrpcLogAppender (GrpcLogAppender.java:onError(537)) - 4795f679-20b5-4d5a-9a13-c70766a2a14f@group-EBC9B9187764->dacc202e-cd42-4a7a-b335-fe62dff69130-GrpcLogAppender is already stopped
2025-05-28 15:17:24,160 [grpc-default-executor-2] INFO  server.GrpcLogAppender (GrpcLogAppender.java:onError(537)) - 4795f679-20b5-4d5a-9a13-c70766a2a14f@group-EBC9B9187764->a755fe32-7d9a-4996-bc51-d7fbc67ab218-GrpcLogAppender is already stopped
2025-05-28 15:17:24,160 [grpc-default-executor-1] WARN  server.GrpcServerProtocolService (LogUtils.java:warn(121)) - dacc202e-cd42-4a7a-b335-fe62dff69130: APPEND_ENTRIES onError, lastRequest: null: org.apache.ratis.thirdparty.io.grpc.StatusRuntimeException: CANCELLED: client cancelled
2025-05-28 15:17:24,161 [pool-237-thread-1] INFO  server.GrpcService (GrpcService.java:closeImpl(352)) - 4795f679-20b5-4d5a-9a13-c70766a2a14f: shutdown server org.apache.ratis.grpc.server.GrpcClientProtocolService successfully
2025-05-28 15:17:24,161 [pool-237-thread-1] INFO  server.GrpcService (GrpcService.java:closeImpl(343)) - 4795f679-20b5-4d5a-9a13-c70766a2a14f: shutdown server GrpcServerProtocolService now
2025-05-28 15:17:24,161 [grpc-default-executor-1] WARN  server.GrpcServerProtocolService (LogUtils.java:warn(121)) - a755fe32-7d9a-4996-bc51-d7fbc67ab218: APPEND_ENTRIES onError, lastRequest: null: org.apache.ratis.thirdparty.io.grpc.StatusRuntimeException: CANCELLED: client cancelled
2025-05-28 15:17:24,164 [grpc-default-executor-1] WARN  server.GrpcServerProtocolService (LogUtils.java:warn(121)) - 4795f679-20b5-4d5a-9a13-c70766a2a14f: APPEND_ENTRIES onError, lastRequest: null: org.apache.ratis.thirdparty.io.grpc.StatusRuntimeException: CANCELLED: client cancelled
2025-05-28 15:17:24,164 [grpc-default-executor-1] WARN  server.GrpcServerProtocolService (LogUtils.java:warn(121)) - 4795f679-20b5-4d5a-9a13-c70766a2a14f: APPEND_ENTRIES onError, lastRequest: null: org.apache.ratis.thirdparty.io.grpc.StatusRuntimeException: CANCELLED: client cancelled
2025-05-28 15:17:24,164 [grpc-default-executor-4] WARN  server.GrpcServerProtocolService (LogUtils.java:warn(121)) - 4795f679-20b5-4d5a-9a13-c70766a2a14f: APPEND_ENTRIES onError, lastRequest: null: org.apache.ratis.thirdparty.io.grpc.StatusRuntimeException: CANCELLED: client cancelled
2025-05-28 15:17:24,164 [grpc-default-executor-5] WARN  server.GrpcServerProtocolService (LogUtils.java:warn(121)) - 4795f679-20b5-4d5a-9a13-c70766a2a14f: APPEND_ENTRIES onError, lastRequest: null: org.apache.ratis.thirdparty.io.grpc.StatusRuntimeException: CANCELLED: client cancelled
2025-05-28 15:17:24,165 [grpc-default-executor-1] WARN  server.GrpcServerProtocolService (LogUtils.java:warn(121)) - 4795f679-20b5-4d5a-9a13-c70766a2a14f: APPEND_ENTRIES onError, lastRequest: null: org.apache.ratis.thirdparty.io.grpc.StatusRuntimeException: CANCELLED: client cancelled
2025-05-28 15:17:24,165 [grpc-default-executor-1] WARN  server.GrpcServerProtocolService (LogUtils.java:warn(121)) - 4795f679-20b5-4d5a-9a13-c70766a2a14f: APPEND_ENTRIES onError, lastRequest: null: org.apache.ratis.thirdparty.io.grpc.StatusRuntimeException: CANCELLED: client cancelled
2025-05-28 15:17:24,166 [pool-237-thread-1] INFO  server.GrpcService (GrpcService.java:closeImpl(352)) - 4795f679-20b5-4d5a-9a13-c70766a2a14f: shutdown server GrpcServerProtocolService successfully
2025-05-28 15:17:24,166 [pool-237-thread-1] INFO  server.GrpcService (GrpcService.java:closeImpl(343)) - 4795f679-20b5-4d5a-9a13-c70766a2a14f: shutdown server org.apache.ratis.grpc.server.GrpcAdminProtocolService now
2025-05-28 15:17:24,165 [grpc-default-executor-2] WARN  server.GrpcServerProtocolService (LogUtils.java:warn(121)) - 4795f679-20b5-4d5a-9a13-c70766a2a14f: APPEND_ENTRIES onError, lastRequest: a755fe32-7d9a-4996-bc51-d7fbc67ab218->4795f679-20b5-4d5a-9a13-c70766a2a14f#1-t1,previous=(t:0, i:0),leaderCommit=-1,initializing? false,entries: size=1, first=(t:1, i:0), CONFIGURATIONENTRY(current:id:"4795f679-20b5-4d5a-9a13-c70766a2a14f"address:"127.0.0.1:15015"dataStreamAddress:"127.0.0.1:15016"clientAddress:"127.0.0.1:15013"adminAddress:"127.0.0.1:15014"startupRole:FOLLOWER, id:"a755fe32-7d9a-4996-bc51-d7fbc67ab218"address:"127.0.0.1:15023"priority:1dataStreamAddress:"127.0.0.1:15024"clientAddress:"127.0.0.1:15021"adminAddress:"127.0.0.1:15022"startupRole:FOLLOWER, id:"dacc202e-cd42-4a7a-b335-fe62dff69130"address:"127.0.0.1:15031"dataStreamAddress:"127.0.0.1:15032"clientAddress:"127.0.0.1:15029"adminAddress:"127.0.0.1:15030"startupRole:FOLLOWER, old:): org.apache.ratis.thirdparty.io.grpc.StatusRuntimeException: CANCELLED: client cancelled
2025-05-28 15:17:24,166 [pool-237-thread-1] INFO  server.GrpcService (GrpcService.java:closeImpl(352)) - 4795f679-20b5-4d5a-9a13-c70766a2a14f: shutdown server org.apache.ratis.grpc.server.GrpcAdminProtocolService successfully
2025-05-28 15:17:24,168 [grpc-default-executor-2] WARN  server.GrpcLogAppender (LogUtils.java:warn(121)) - a755fe32-7d9a-4996-bc51-d7fbc67ab218@group-3199EF5D7496->4795f679-20b5-4d5a-9a13-c70766a2a14f-AppendLogResponseHandler: Failed appendEntries: org.apache.ratis.thirdparty.io.grpc.StatusRuntimeException: CANCELLED: RST_STREAM closed stream. HTTP/2 error code: CANCEL
2025-05-28 15:17:24,169 [grpc-default-executor-2] WARN  server.GrpcLogAppender (GrpcLogAppender.java:lambda$resetClient$1(221)) - a755fe32-7d9a-4996-bc51-d7fbc67ab218@group-3199EF5D7496->4795f679-20b5-4d5a-9a13-c70766a2a14f-GrpcLogAppender: Follower failed (request=null, errorCount=1); keep nextIndex (1) unchanged and retry.
2025-05-28 15:17:24,169 [grpc-default-executor-5] WARN  server.GrpcLogAppender (GrpcLogAppender.java:lambda$resetClient$1(221)) - dacc202e-cd42-4a7a-b335-fe62dff69130@group-A574A09B74EF->4795f679-20b5-4d5a-9a13-c70766a2a14f-GrpcLogAppender: Follower failed (request=null, errorCount=6); keep nextIndex (0) unchanged and retry.
2025-05-28 15:17:24,172 [4795f679-20b5-4d5a-9a13-c70766a2a14f-NettyServerStreamRpc-bossGroup--thread1] INFO  logging.LoggingHandler (AbstractInternalLogger.java:log(148)) - [id: 0x597c4185, L:/0.0.0.0:15016] CLOSE
2025-05-28 15:17:24,172 [4795f679-20b5-4d5a-9a13-c70766a2a14f-NettyServerStreamRpc-bossGroup--thread1] INFO  logging.LoggingHandler (AbstractInternalLogger.java:log(148)) - [id: 0x597c4185, L:/0.0.0.0:15016] INACTIVE
2025-05-28 15:17:24,172 [4795f679-20b5-4d5a-9a13-c70766a2a14f-NettyServerStreamRpc-bossGroup--thread1] INFO  logging.LoggingHandler (AbstractInternalLogger.java:log(148)) - [id: 0x597c4185, L:/0.0.0.0:15016] UNREGISTERED
2025-05-28 15:17:24,178 [JvmPauseMonitor3] INFO  util.JvmPauseMonitor (JvmPauseMonitor.java:run(152)) - JvmPauseMonitor-4795f679-20b5-4d5a-9a13-c70766a2a14f: Stopped
2025-05-28 15:17:24,359 [EventQueue-PipelineReportForPipelineReportHandler] INFO  pipeline.PipelineReportHandler (PipelineReportHandler.java:handlePipelineNotFoundException(98)) - Pipeline Pipeline-27a96606-79c9-41c9-8ccf-3199ef5d7496, reported by datanode dacc202e-cd42-4a7a-b335-fe62dff69130(localhost/127.0.0.1) is not found.
2025-05-28 15:17:24,359 [EventQueue-PipelineReportForPipelineReportHandler] INFO  pipeline.PipelineReportHandler (PipelineReportHandler.java:handlePipelineNotFoundException(98)) - Pipeline Pipeline-2ff824fa-665a-4aec-aa79-a574a09b74ef, reported by datanode dacc202e-cd42-4a7a-b335-fe62dff69130(localhost/127.0.0.1) is not found.
2025-05-28 15:17:24,359 [EventQueue-PipelineReportForPipelineReportHandler] INFO  pipeline.PipelineReportHandler (PipelineReportHandler.java:handlePipelineNotFoundException(98)) - Pipeline Pipeline-597178e3-698c-4789-b47c-ebc9b9187764, reported by datanode dacc202e-cd42-4a7a-b335-fe62dff69130(localhost/127.0.0.1) is not found.
2025-05-28 15:17:25,037 [EventQueue-PipelineReportForPipelineReportHandler] INFO  pipeline.PipelineReportHandler (PipelineReportHandler.java:handlePipelineNotFoundException(98)) - Pipeline Pipeline-27a96606-79c9-41c9-8ccf-3199ef5d7496, reported by datanode a755fe32-7d9a-4996-bc51-d7fbc67ab218(localhost/127.0.0.1) is not found.
2025-05-28 15:17:25,037 [EventQueue-PipelineReportForPipelineReportHandler] INFO  pipeline.PipelineReportHandler (PipelineReportHandler.java:handlePipelineNotFoundException(98)) - Pipeline Pipeline-2ff824fa-665a-4aec-aa79-a574a09b74ef, reported by datanode a755fe32-7d9a-4996-bc51-d7fbc67ab218(localhost/127.0.0.1) is not found.
2025-05-28 15:17:25,037 [EventQueue-PipelineReportForPipelineReportHandler] INFO  pipeline.PipelineReportHandler (PipelineReportHandler.java:handlePipelineNotFoundException(98)) - Pipeline Pipeline-597178e3-698c-4789-b47c-ebc9b9187764, reported by datanode a755fe32-7d9a-4996-bc51-d7fbc67ab218(localhost/127.0.0.1) is not found.
2025-05-28 15:17:25,359 [EventQueue-PipelineReportForPipelineReportHandler] INFO  pipeline.PipelineReportHandler (PipelineReportHandler.java:handlePipelineNotFoundException(98)) - Pipeline Pipeline-27a96606-79c9-41c9-8ccf-3199ef5d7496, reported by datanode dacc202e-cd42-4a7a-b335-fe62dff69130(localhost/127.0.0.1) is not found.
2025-05-28 15:17:25,359 [EventQueue-PipelineReportForPipelineReportHandler] INFO  pipeline.PipelineReportHandler (PipelineReportHandler.java:handlePipelineNotFoundException(98)) - Pipeline Pipeline-2ff824fa-665a-4aec-aa79-a574a09b74ef, reported by datanode dacc202e-cd42-4a7a-b335-fe62dff69130(localhost/127.0.0.1) is not found.
2025-05-28 15:17:25,359 [EventQueue-PipelineReportForPipelineReportHandler] INFO  pipeline.PipelineReportHandler (PipelineReportHandler.java:handlePipelineNotFoundException(98)) - Pipeline Pipeline-597178e3-698c-4789-b47c-ebc9b9187764, reported by datanode dacc202e-cd42-4a7a-b335-fe62dff69130(localhost/127.0.0.1) is not found.
2025-05-28 15:17:25,373 [dacc202e-cd42-4a7a-b335-fe62dff69130-PipelineCommandHandlerThread-0] WARN  commandhandler.ClosePipelineCommandHandler (ClosePipelineCommandHandler.java:lambda$handle$1(134)) - Failed to remove group group-3199EF5D7496 of pipeline Pipeline-27a96606-79c9-41c9-8ccf-3199ef5d7496 on peer 4795f679-20b5-4d5a-9a13-c70766a2a14f
java.io.IOException: org.apache.ratis.thirdparty.io.grpc.StatusRuntimeException: UNAVAILABLE: io exception
	at org.apache.ratis.grpc.GrpcUtil.unwrapException(GrpcUtil.java:99)
	at org.apache.ratis.grpc.client.GrpcClientProtocolClient.blockingCall(GrpcClientProtocolClient.java:226)
	at org.apache.ratis.grpc.client.GrpcClientProtocolClient.groupAdd(GrpcClientProtocolClient.java:173)
	at org.apache.ratis.grpc.client.GrpcClientRpc.sendRequest(GrpcClientRpc.java:98)
	at org.apache.ratis.client.impl.BlockingImpl.sendRequest(BlockingImpl.java:147)
	at org.apache.ratis.client.impl.BlockingImpl.sendRequestWithRetry(BlockingImpl.java:109)
	at org.apache.ratis.client.impl.GroupManagementImpl.remove(GroupManagementImpl.java:61)
	at org.apache.hadoop.ozone.container.common.statemachine.commandhandler.ClosePipelineCommandHandler.lambda$handle$1(ClosePipelineCommandHandler.java:126)
	at java.base/java.util.stream.ForEachOps$ForEachOp$OfRef.accept(ForEachOps.java:184)
	at java.base/java.util.stream.ReferencePipeline$2$1.accept(ReferencePipeline.java:179)
	at java.base/java.util.HashMap$ValueSpliterator.forEachRemaining(HashMap.java:1787)
	at java.base/java.util.stream.AbstractPipeline.copyInto(AbstractPipeline.java:509)
	at java.base/java.util.stream.AbstractPipeline.wrapAndCopyInto(AbstractPipeline.java:499)
	at java.base/java.util.stream.ForEachOps$ForEachOp.evaluateSequential(ForEachOps.java:151)
	at java.base/java.util.stream.ForEachOps$ForEachOp$OfRef.evaluateSequential(ForEachOps.java:174)
	at java.base/java.util.stream.AbstractPipeline.evaluate(AbstractPipeline.java:234)
	at java.base/java.util.stream.ReferencePipeline.forEach(ReferencePipeline.java:596)
	at org.apache.hadoop.ozone.container.common.statemachine.commandhandler.ClosePipelineCommandHandler.lambda$handle$2(ClosePipelineCommandHandler.java:123)
	at java.base/java.util.concurrent.CompletableFuture$AsyncRun.run(CompletableFuture.java:1804)
	at java.base/java.util.concurrent.ThreadPoolExecutor.runWorker(ThreadPoolExecutor.java:1144)
	at java.base/java.util.concurrent.ThreadPoolExecutor$Worker.run(ThreadPoolExecutor.java:642)
	at java.base/java.lang.Thread.run(Thread.java:1583)
Caused by: org.apache.ratis.thirdparty.io.grpc.StatusRuntimeException: UNAVAILABLE: io exception
	at org.apache.ratis.thirdparty.io.grpc.stub.ClientCalls.toStatusRuntimeException(ClientCalls.java:268)
	at org.apache.ratis.thirdparty.io.grpc.stub.ClientCalls.getUnchecked(ClientCalls.java:249)
	at org.apache.ratis.thirdparty.io.grpc.stub.ClientCalls.blockingUnaryCall(ClientCalls.java:167)
	at org.apache.ratis.proto.grpc.AdminProtocolServiceGrpc$AdminProtocolServiceBlockingStub.groupManagement(AdminProtocolServiceGrpc.java:468)
	at org.apache.ratis.grpc.client.GrpcClientProtocolClient.lambda$groupAdd$6(GrpcClientProtocolClient.java:175)
	at org.apache.ratis.grpc.client.GrpcClientProtocolClient.blockingCall(GrpcClientProtocolClient.java:224)
	... 20 more
Caused by: org.apache.ratis.thirdparty.io.netty.channel.AbstractChannel$AnnotatedConnectException: finishConnect(..) failed: Connection refused: /127.0.0.1:15014
Caused by: java.net.ConnectException: finishConnect(..) failed: Connection refused
	at org.apache.ratis.thirdparty.io.netty.channel.unix.Errors.newConnectException0(Errors.java:166)
	at org.apache.ratis.thirdparty.io.netty.channel.unix.Errors.handleConnectErrno(Errors.java:131)
	at org.apache.ratis.thirdparty.io.netty.channel.unix.Socket.finishConnect(Socket.java:359)
	at org.apache.ratis.thirdparty.io.netty.channel.epoll.AbstractEpollChannel$AbstractEpollUnsafe.doFinishConnect(AbstractEpollChannel.java:715)
	at org.apache.ratis.thirdparty.io.netty.channel.epoll.AbstractEpollChannel$AbstractEpollUnsafe.finishConnect(AbstractEpollChannel.java:692)
	at org.apache.ratis.thirdparty.io.netty.channel.epoll.AbstractEpollChannel$AbstractEpollUnsafe.epollOutReady(AbstractEpollChannel.java:567)
	at org.apache.ratis.thirdparty.io.netty.channel.epoll.EpollEventLoop.processReady(EpollEventLoop.java:491)
	at org.apache.ratis.thirdparty.io.netty.channel.epoll.EpollEventLoop.run(EpollEventLoop.java:399)
	at org.apache.ratis.thirdparty.io.netty.util.concurrent.SingleThreadEventExecutor$4.run(SingleThreadEventExecutor.java:997)
	at org.apache.ratis.thirdparty.io.netty.util.internal.ThreadExecutorMap$2.run(ThreadExecutorMap.java:74)
	at org.apache.ratis.thirdparty.io.netty.util.concurrent.FastThreadLocalRunnable.run(FastThreadLocalRunnable.java:30)
	at java.base/java.lang.Thread.run(Thread.java:1583)
2025-05-28 15:17:25,379 [grpc-default-executor-5] INFO  server.RaftServer (RaftServerProxy.java:remove(111)) - a755fe32-7d9a-4996-bc51-d7fbc67ab218: remove    LEADER a755fe32-7d9a-4996-bc51-d7fbc67ab218@group-3199EF5D7496:t1, leader=a755fe32-7d9a-4996-bc51-d7fbc67ab218, voted=a755fe32-7d9a-4996-bc51-d7fbc67ab218, raftlog=Memoized:a755fe32-7d9a-4996-bc51-d7fbc67ab218@group-3199EF5D7496-SegmentedRaftLog:OPENED:c0:last(t:1, i:0), conf=conf: {index: 0, cur=peers:[4795f679-20b5-4d5a-9a13-c70766a2a14f|127.0.0.1:15015, a755fe32-7d9a-4996-bc51-d7fbc67ab218|127.0.0.1:15023, dacc202e-cd42-4a7a-b335-fe62dff69130|127.0.0.1:15031]|listeners:[], old=null} RUNNING
2025-05-28 15:17:25,380 [grpc-default-executor-5] INFO  server.RaftServer$Division (RaftServerImpl.java:lambda$close$1(513)) - a755fe32-7d9a-4996-bc51-d7fbc67ab218@group-3199EF5D7496: shutdown
2025-05-28 15:17:25,381 [grpc-default-executor-5] INFO  util.JmxRegister (JmxRegister.java:unregister(74)) - Successfully un-registered JMX Bean with object name Ratis:service=RaftServer,group=group-3199EF5D7496,id=a755fe32-7d9a-4996-bc51-d7fbc67ab218
2025-05-28 15:17:25,381 [grpc-default-executor-5] INFO  impl.RoleInfo (RoleInfo.java:shutdownLeaderState(103)) - a755fe32-7d9a-4996-bc51-d7fbc67ab218: shutdown a755fe32-7d9a-4996-bc51-d7fbc67ab218@group-3199EF5D7496-LeaderStateImpl
2025-05-28 15:17:25,381 [grpc-default-executor-5] INFO  impl.PendingRequests (PendingRequests.java:sendNotLeaderResponses(287)) - a755fe32-7d9a-4996-bc51-d7fbc67ab218@group-3199EF5D7496-PendingRequests: sendNotLeaderResponses
2025-05-28 15:17:25,381 [a755fe32-7d9a-4996-bc51-d7fbc67ab218@group-3199EF5D7496->dacc202e-cd42-4a7a-b335-fe62dff69130-GrpcLogAppender-LogAppenderDaemon] WARN  server.GrpcLogAppender (GrpcLogAppender.java:mayWait(293)) - a755fe32-7d9a-4996-bc51-d7fbc67ab218@group-3199EF5D7496->dacc202e-cd42-4a7a-b335-fe62dff69130-GrpcLogAppender: Wait interrupted by java.lang.InterruptedException
2025-05-28 15:17:25,382 [a755fe32-7d9a-4996-bc51-d7fbc67ab218@group-3199EF5D7496->4795f679-20b5-4d5a-9a13-c70766a2a14f-GrpcLogAppender-LogAppenderDaemon] WARN  server.GrpcLogAppender (GrpcLogAppender.java:mayWait(293)) - a755fe32-7d9a-4996-bc51-d7fbc67ab218@group-3199EF5D7496->4795f679-20b5-4d5a-9a13-c70766a2a14f-GrpcLogAppender: Wait interrupted by java.lang.InterruptedException
2025-05-28 15:17:25,383 [grpc-default-executor-2] INFO  server.GrpcServerProtocolService (GrpcServerProtocolService.java:onCompleted(157)) - dacc202e-cd42-4a7a-b335-fe62dff69130: Completed APPEND_ENTRIES, lastRequest: a755fe32-7d9a-4996-bc51-d7fbc67ab218->dacc202e-cd42-4a7a-b335-fe62dff69130#1-t1,previous=(t:0, i:0),leaderCommit=-1,initializing? false,entries: size=1, first=(t:1, i:0), CONFIGURATIONENTRY(current:id:"4795f679-20b5-4d5a-9a13-c70766a2a14f"address:"127.0.0.1:15015"dataStreamAddress:"127.0.0.1:15016"clientAddress:"127.0.0.1:15013"adminAddress:"127.0.0.1:15014"startupRole:FOLLOWER, id:"a755fe32-7d9a-4996-bc51-d7fbc67ab218"address:"127.0.0.1:15023"priority:1dataStreamAddress:"127.0.0.1:15024"clientAddress:"127.0.0.1:15021"adminAddress:"127.0.0.1:15022"startupRole:FOLLOWER, id:"dacc202e-cd42-4a7a-b335-fe62dff69130"address:"127.0.0.1:15031"dataStreamAddress:"127.0.0.1:15032"clientAddress:"127.0.0.1:15029"adminAddress:"127.0.0.1:15030"startupRole:FOLLOWER, old:)
2025-05-28 15:17:25,383 [grpc-default-executor-2] INFO  server.GrpcServerProtocolService (GrpcServerProtocolService.java:lambda$onCompleted$5(159)) - dacc202e-cd42-4a7a-b335-fe62dff69130: Completed APPEND_ENTRIES, lastReply: null
2025-05-28 15:17:25,383 [grpc-default-executor-5] INFO  impl.StateMachineUpdater (StateMachineUpdater.java:stopAndJoin(164)) - a755fe32-7d9a-4996-bc51-d7fbc67ab218@group-3199EF5D7496-StateMachineUpdater: set stopIndex = 0
2025-05-28 15:17:25,383 [a755fe32-7d9a-4996-bc51-d7fbc67ab218@group-3199EF5D7496-StateMachineUpdater] INFO  ratis.ContainerStateMachine (ContainerStateMachine.java:takeSnapshot(427)) - group-3199EF5D7496: Taking a snapshot at:(t:1, i:0) file /home/runner/work/ozone/ozone/hadoop-ozone/integration-test/target/test-dir/MiniOzoneClusterImpl-723737d7-d862-4a19-a51f-6b1567aa62b1/ozone-meta/datanode-2/ratis/27a96606-79c9-41c9-8ccf-3199ef5d7496/sm/snapshot.1_0
2025-05-28 15:17:25,384 [grpc-default-executor-2] INFO  server.GrpcServerProtocolService (GrpcServerProtocolService.java:onCompleted(157)) - dacc202e-cd42-4a7a-b335-fe62dff69130: Completed APPEND_ENTRIES, lastRequest: null
2025-05-28 15:17:25,384 [grpc-default-executor-0] INFO  server.GrpcLogAppender (GrpcLogAppender.java:onCompleted(550)) - a755fe32-7d9a-4996-bc51-d7fbc67ab218@group-3199EF5D7496->dacc202e-cd42-4a7a-b335-fe62dff69130-AppendLogResponseHandler: follower responses appendEntries COMPLETED
2025-05-28 15:17:25,385 [a755fe32-7d9a-4996-bc51-d7fbc67ab218@group-3199EF5D7496-StateMachineUpdater] INFO  ratis.ContainerStateMachine (ContainerStateMachine.java:takeSnapshot(436)) - group-3199EF5D7496: Finished taking a snapshot at:(t:1, i:0) file:/home/runner/work/ozone/ozone/hadoop-ozone/integration-test/target/test-dir/MiniOzoneClusterImpl-723737d7-d862-4a19-a51f-6b1567aa62b1/ozone-meta/datanode-2/ratis/27a96606-79c9-41c9-8ccf-3199ef5d7496/sm/snapshot.1_0 took: 2 ms
2025-05-28 15:17:25,386 [a755fe32-7d9a-4996-bc51-d7fbc67ab218@group-3199EF5D7496-StateMachineUpdater] INFO  impl.StateMachineUpdater (StateMachineUpdater.java:takeSnapshot(303)) - a755fe32-7d9a-4996-bc51-d7fbc67ab218@group-3199EF5D7496-StateMachineUpdater: Took a snapshot at index 0
2025-05-28 15:17:25,386 [a755fe32-7d9a-4996-bc51-d7fbc67ab218@group-3199EF5D7496-StateMachineUpdater] INFO  impl.StateMachineUpdater (StateMachineUpdater.java:lambda$new$0(102)) - a755fe32-7d9a-4996-bc51-d7fbc67ab218@group-3199EF5D7496-StateMachineUpdater: snapshotIndex: updateIncreasingly -1 -> 0
2025-05-28 15:17:25,386 [a755fe32-7d9a-4996-bc51-d7fbc67ab218@group-3199EF5D7496-StateMachineUpdater] INFO  impl.StateMachineUpdater (StateMachineUpdater.java:stop(141)) - a755fe32-7d9a-4996-bc51-d7fbc67ab218@group-3199EF5D7496-StateMachineUpdater: closing ContainerStateMachine, lastApplied=(t:1, i:0)
2025-05-28 15:17:25,386 [a755fe32-7d9a-4996-bc51-d7fbc67ab218@group-3199EF5D7496-cacheEviction-AwaitToRun] INFO  util.AwaitToRun (AwaitToRun.java:run(49)) - a755fe32-7d9a-4996-bc51-d7fbc67ab218@group-3199EF5D7496-cacheEviction-AwaitToRun-AwaitForSignal is interrupted
2025-05-28 15:17:25,387 [grpc-default-executor-2] INFO  server.GrpcServerProtocolService (GrpcServerProtocolService.java:lambda$onCompleted$5(159)) - dacc202e-cd42-4a7a-b335-fe62dff69130: Completed APPEND_ENTRIES, lastReply: serverReply {
  requestorId: "a755fe32-7d9a-4996-bc51-d7fbc67ab218"
  replyId: "dacc202e-cd42-4a7a-b335-fe62dff69130"
  raftGroupId {
    id: "\'\251f\006y\311A\311\214\3171\231\357]t\226"
  }
  callId: 5
  success: true
}
term: 1
nextIndex: 1
matchIndex: 18446744073709551615
isHearbeat: true

2025-05-28 15:17:25,387 [grpc-default-executor-2] INFO  server.GrpcLogAppender (GrpcLogAppender.java:onCompleted(550)) - a755fe32-7d9a-4996-bc51-d7fbc67ab218@group-3199EF5D7496->dacc202e-cd42-4a7a-b335-fe62dff69130-AppendLogResponseHandler: follower responses appendEntries COMPLETED
2025-05-28 15:17:26,041 [a755fe32-7d9a-4996-bc51-d7fbc67ab218-PipelineCommandHandlerThread-0] WARN  commandhandler.ClosePipelineCommandHandler (ClosePipelineCommandHandler.java:lambda$handle$1(134)) - Failed to remove group group-A574A09B74EF of pipeline Pipeline-2ff824fa-665a-4aec-aa79-a574a09b74ef on peer 4795f679-20b5-4d5a-9a13-c70766a2a14f
java.io.IOException: org.apache.ratis.thirdparty.io.grpc.StatusRuntimeException: UNAVAILABLE: io exception
	at org.apache.ratis.grpc.GrpcUtil.unwrapException(GrpcUtil.java:99)
	at org.apache.ratis.grpc.client.GrpcClientProtocolClient.blockingCall(GrpcClientProtocolClient.java:226)
	at org.apache.ratis.grpc.client.GrpcClientProtocolClient.groupAdd(GrpcClientProtocolClient.java:173)
	at org.apache.ratis.grpc.client.GrpcClientRpc.sendRequest(GrpcClientRpc.java:98)
	at org.apache.ratis.client.impl.BlockingImpl.sendRequest(BlockingImpl.java:147)
	at org.apache.ratis.client.impl.BlockingImpl.sendRequestWithRetry(BlockingImpl.java:109)
	at org.apache.ratis.client.impl.GroupManagementImpl.remove(GroupManagementImpl.java:61)
	at org.apache.hadoop.ozone.container.common.statemachine.commandhandler.ClosePipelineCommandHandler.lambda$handle$1(ClosePipelineCommandHandler.java:126)
	at java.base/java.util.stream.ForEachOps$ForEachOp$OfRef.accept(ForEachOps.java:184)
	at java.base/java.util.stream.ReferencePipeline$2$1.accept(ReferencePipeline.java:179)
	at java.base/java.util.HashMap$ValueSpliterator.forEachRemaining(HashMap.java:1787)
	at java.base/java.util.stream.AbstractPipeline.copyInto(AbstractPipeline.java:509)
	at java.base/java.util.stream.AbstractPipeline.wrapAndCopyInto(AbstractPipeline.java:499)
	at java.base/java.util.stream.ForEachOps$ForEachOp.evaluateSequential(ForEachOps.java:151)
	at java.base/java.util.stream.ForEachOps$ForEachOp$OfRef.evaluateSequential(ForEachOps.java:174)
	at java.base/java.util.stream.AbstractPipeline.evaluate(AbstractPipeline.java:234)
	at java.base/java.util.stream.ReferencePipeline.forEach(ReferencePipeline.java:596)
	at org.apache.hadoop.ozone.container.common.statemachine.commandhandler.ClosePipelineCommandHandler.lambda$handle$2(ClosePipelineCommandHandler.java:123)
	at java.base/java.util.concurrent.CompletableFuture$AsyncRun.run(CompletableFuture.java:1804)
	at java.base/java.util.concurrent.ThreadPoolExecutor.runWorker(ThreadPoolExecutor.java:1144)
	at java.base/java.util.concurrent.ThreadPoolExecutor$Worker.run(ThreadPoolExecutor.java:642)
	at java.base/java.lang.Thread.run(Thread.java:1583)
Caused by: org.apache.ratis.thirdparty.io.grpc.StatusRuntimeException: UNAVAILABLE: io exception
	at org.apache.ratis.thirdparty.io.grpc.stub.ClientCalls.toStatusRuntimeException(ClientCalls.java:268)
	at org.apache.ratis.thirdparty.io.grpc.stub.ClientCalls.getUnchecked(ClientCalls.java:249)
	at org.apache.ratis.thirdparty.io.grpc.stub.ClientCalls.blockingUnaryCall(ClientCalls.java:167)
	at org.apache.ratis.proto.grpc.AdminProtocolServiceGrpc$AdminProtocolServiceBlockingStub.groupManagement(AdminProtocolServiceGrpc.java:468)
	at org.apache.ratis.grpc.client.GrpcClientProtocolClient.lambda$groupAdd$6(GrpcClientProtocolClient.java:175)
	at org.apache.ratis.grpc.client.GrpcClientProtocolClient.blockingCall(GrpcClientProtocolClient.java:224)
	... 20 more
Caused by: org.apache.ratis.thirdparty.io.netty.channel.AbstractChannel$AnnotatedConnectException: finishConnect(..) failed: Connection refused: /127.0.0.1:15014
Caused by: java.net.ConnectException: finishConnect(..) failed: Connection refused
	at org.apache.ratis.thirdparty.io.netty.channel.unix.Errors.newConnectException0(Errors.java:166)
	at org.apache.ratis.thirdparty.io.netty.channel.unix.Errors.handleConnectErrno(Errors.java:131)
	at org.apache.ratis.thirdparty.io.netty.channel.unix.Socket.finishConnect(Socket.java:359)
	at org.apache.ratis.thirdparty.io.netty.channel.epoll.AbstractEpollChannel$AbstractEpollUnsafe.doFinishConnect(AbstractEpollChannel.java:715)
	at org.apache.ratis.thirdparty.io.netty.channel.epoll.AbstractEpollChannel$AbstractEpollUnsafe.finishConnect(AbstractEpollChannel.java:692)
	at org.apache.ratis.thirdparty.io.netty.channel.epoll.AbstractEpollChannel$AbstractEpollUnsafe.epollOutReady(AbstractEpollChannel.java:567)
	at org.apache.ratis.thirdparty.io.netty.channel.epoll.EpollEventLoop.processReady(EpollEventLoop.java:491)
	at org.apache.ratis.thirdparty.io.netty.channel.epoll.EpollEventLoop.run(EpollEventLoop.java:399)
	at org.apache.ratis.thirdparty.io.netty.util.concurrent.SingleThreadEventExecutor$4.run(SingleThreadEventExecutor.java:997)
	at org.apache.ratis.thirdparty.io.netty.util.internal.ThreadExecutorMap$2.run(ThreadExecutorMap.java:74)
	at org.apache.ratis.thirdparty.io.netty.util.concurrent.FastThreadLocalRunnable.run(FastThreadLocalRunnable.java:30)
	at java.base/java.lang.Thread.run(Thread.java:1583)
2025-05-28 15:17:26,048 [grpc-default-executor-2] INFO  server.RaftServer (RaftServerProxy.java:remove(111)) - dacc202e-cd42-4a7a-b335-fe62dff69130: remove    LEADER dacc202e-cd42-4a7a-b335-fe62dff69130@group-A574A09B74EF:t1, leader=dacc202e-cd42-4a7a-b335-fe62dff69130, voted=dacc202e-cd42-4a7a-b335-fe62dff69130, raftlog=Memoized:dacc202e-cd42-4a7a-b335-fe62dff69130@group-A574A09B74EF-SegmentedRaftLog:OPENED:c0:last(t:1, i:0), conf=conf: {index: 0, cur=peers:[4795f679-20b5-4d5a-9a13-c70766a2a14f|127.0.0.1:15015, a755fe32-7d9a-4996-bc51-d7fbc67ab218|127.0.0.1:15023, dacc202e-cd42-4a7a-b335-fe62dff69130|127.0.0.1:15031]|listeners:[], old=null} RUNNING
2025-05-28 15:17:26,048 [grpc-default-executor-2] INFO  server.RaftServer$Division (RaftServerImpl.java:lambda$close$1(513)) - dacc202e-cd42-4a7a-b335-fe62dff69130@group-A574A09B74EF: shutdown
2025-05-28 15:17:26,048 [grpc-default-executor-2] INFO  util.JmxRegister (JmxRegister.java:unregister(74)) - Successfully un-registered JMX Bean with object name Ratis:service=RaftServer,group=group-A574A09B74EF,id=dacc202e-cd42-4a7a-b335-fe62dff69130
2025-05-28 15:17:26,048 [grpc-default-executor-2] INFO  impl.RoleInfo (RoleInfo.java:shutdownLeaderState(103)) - dacc202e-cd42-4a7a-b335-fe62dff69130: shutdown dacc202e-cd42-4a7a-b335-fe62dff69130@group-A574A09B74EF-LeaderStateImpl
2025-05-28 15:17:26,048 [grpc-default-executor-2] INFO  impl.PendingRequests (PendingRequests.java:sendNotLeaderResponses(287)) - dacc202e-cd42-4a7a-b335-fe62dff69130@group-A574A09B74EF-PendingRequests: sendNotLeaderResponses
2025-05-28 15:17:26,050 [dacc202e-cd42-4a7a-b335-fe62dff69130@group-A574A09B74EF->a755fe32-7d9a-4996-bc51-d7fbc67ab218-GrpcLogAppender-LogAppenderDaemon] WARN  server.GrpcLogAppender (GrpcLogAppender.java:mayWait(293)) - dacc202e-cd42-4a7a-b335-fe62dff69130@group-A574A09B74EF->a755fe32-7d9a-4996-bc51-d7fbc67ab218-GrpcLogAppender: Wait interrupted by java.lang.InterruptedException
2025-05-28 15:17:26,050 [dacc202e-cd42-4a7a-b335-fe62dff69130@group-A574A09B74EF->4795f679-20b5-4d5a-9a13-c70766a2a14f-GrpcLogAppender-LogAppenderDaemon] WARN  server.GrpcLogAppender (GrpcLogAppender.java:mayWait(293)) - dacc202e-cd42-4a7a-b335-fe62dff69130@group-A574A09B74EF->4795f679-20b5-4d5a-9a13-c70766a2a14f-GrpcLogAppender: Wait interrupted by java.lang.InterruptedException
2025-05-28 15:17:26,050 [grpc-default-executor-2] INFO  impl.StateMachineUpdater (StateMachineUpdater.java:stopAndJoin(164)) - dacc202e-cd42-4a7a-b335-fe62dff69130@group-A574A09B74EF-StateMachineUpdater: set stopIndex = 0
2025-05-28 15:17:26,051 [dacc202e-cd42-4a7a-b335-fe62dff69130@group-A574A09B74EF-StateMachineUpdater] INFO  ratis.ContainerStateMachine (ContainerStateMachine.java:takeSnapshot(427)) - group-A574A09B74EF: Taking a snapshot at:(t:1, i:0) file /home/runner/work/ozone/ozone/hadoop-ozone/integration-test/target/test-dir/MiniOzoneClusterImpl-723737d7-d862-4a19-a51f-6b1567aa62b1/ozone-meta/datanode-3/ratis/2ff824fa-665a-4aec-aa79-a574a09b74ef/sm/snapshot.1_0
2025-05-28 15:17:26,052 [grpc-default-executor-0] INFO  server.GrpcServerProtocolService (GrpcServerProtocolService.java:onCompleted(157)) - a755fe32-7d9a-4996-bc51-d7fbc67ab218: Completed APPEND_ENTRIES, lastRequest: null
2025-05-28 15:17:26,053 [grpc-default-executor-0] INFO  server.GrpcServerProtocolService (GrpcServerProtocolService.java:lambda$onCompleted$5(159)) - a755fe32-7d9a-4996-bc51-d7fbc67ab218: Completed APPEND_ENTRIES, lastReply: serverReply {
  requestorId: "dacc202e-cd42-4a7a-b335-fe62dff69130"
  replyId: "a755fe32-7d9a-4996-bc51-d7fbc67ab218"
  raftGroupId {
    id: "/\370$\372fZJ\354\252y\245t\240\233t\357"
  }
  callId: 5
  success: true
}
term: 1
nextIndex: 1
matchIndex: 18446744073709551615
isHearbeat: true

2025-05-28 15:17:26,053 [grpc-default-executor-3] INFO  server.GrpcServerProtocolService (GrpcServerProtocolService.java:onCompleted(157)) - a755fe32-7d9a-4996-bc51-d7fbc67ab218: Completed APPEND_ENTRIES, lastRequest: dacc202e-cd42-4a7a-b335-fe62dff69130->a755fe32-7d9a-4996-bc51-d7fbc67ab218#1-t1,previous=(t:0, i:0),leaderCommit=-1,initializing? false,entries: size=1, first=(t:1, i:0), CONFIGURATIONENTRY(current:id:"4795f679-20b5-4d5a-9a13-c70766a2a14f"address:"127.0.0.1:15015"dataStreamAddress:"127.0.0.1:15016"clientAddress:"127.0.0.1:15013"adminAddress:"127.0.0.1:15014"startupRole:FOLLOWER, id:"a755fe32-7d9a-4996-bc51-d7fbc67ab218"address:"127.0.0.1:15023"dataStreamAddress:"127.0.0.1:15024"clientAddress:"127.0.0.1:15021"adminAddress:"127.0.0.1:15022"startupRole:FOLLOWER, id:"dacc202e-cd42-4a7a-b335-fe62dff69130"address:"127.0.0.1:15031"priority:1dataStreamAddress:"127.0.0.1:15032"clientAddress:"127.0.0.1:15029"adminAddress:"127.0.0.1:15030"startupRole:FOLLOWER, old:)
2025-05-28 15:17:26,054 [dacc202e-cd42-4a7a-b335-fe62dff69130@group-A574A09B74EF-StateMachineUpdater] INFO  ratis.ContainerStateMachine (ContainerStateMachine.java:takeSnapshot(436)) - group-A574A09B74EF: Finished taking a snapshot at:(t:1, i:0) file:/home/runner/work/ozone/ozone/hadoop-ozone/integration-test/target/test-dir/MiniOzoneClusterImpl-723737d7-d862-4a19-a51f-6b1567aa62b1/ozone-meta/datanode-3/ratis/2ff824fa-665a-4aec-aa79-a574a09b74ef/sm/snapshot.1_0 took: 3 ms
2025-05-28 15:17:26,054 [grpc-default-executor-5] INFO  segmented.SegmentedRaftLogWorker (SegmentedRaftLogWorker.java:close(252)) - a755fe32-7d9a-4996-bc51-d7fbc67ab218@group-3199EF5D7496-SegmentedRaftLogWorker close()
2025-05-28 15:17:26,054 [dacc202e-cd42-4a7a-b335-fe62dff69130@group-A574A09B74EF-StateMachineUpdater] INFO  impl.StateMachineUpdater (StateMachineUpdater.java:takeSnapshot(303)) - dacc202e-cd42-4a7a-b335-fe62dff69130@group-A574A09B74EF-StateMachineUpdater: Took a snapshot at index 0
2025-05-28 15:17:26,054 [dacc202e-cd42-4a7a-b335-fe62dff69130@group-A574A09B74EF-StateMachineUpdater] INFO  impl.StateMachineUpdater (StateMachineUpdater.java:lambda$new$0(102)) - dacc202e-cd42-4a7a-b335-fe62dff69130@group-A574A09B74EF-StateMachineUpdater: snapshotIndex: updateIncreasingly -1 -> 0
2025-05-28 15:17:26,055 [dacc202e-cd42-4a7a-b335-fe62dff69130@group-A574A09B74EF-StateMachineUpdater] INFO  impl.StateMachineUpdater (StateMachineUpdater.java:stop(141)) - dacc202e-cd42-4a7a-b335-fe62dff69130@group-A574A09B74EF-StateMachineUpdater: closing ContainerStateMachine, lastApplied=(t:1, i:0)
2025-05-28 15:17:26,055 [grpc-default-executor-3] INFO  server.GrpcServerProtocolService (GrpcServerProtocolService.java:lambda$onCompleted$5(159)) - a755fe32-7d9a-4996-bc51-d7fbc67ab218: Completed APPEND_ENTRIES, lastReply: null
2025-05-28 15:17:26,056 [grpc-default-executor-1] INFO  server.GrpcLogAppender (GrpcLogAppender.java:onCompleted(550)) - dacc202e-cd42-4a7a-b335-fe62dff69130@group-A574A09B74EF->a755fe32-7d9a-4996-bc51-d7fbc67ab218-AppendLogResponseHandler: follower responses appendEntries COMPLETED
2025-05-28 15:17:26,056 [grpc-default-executor-3] INFO  server.GrpcLogAppender (GrpcLogAppender.java:onCompleted(550)) - dacc202e-cd42-4a7a-b335-fe62dff69130@group-A574A09B74EF->a755fe32-7d9a-4996-bc51-d7fbc67ab218-AppendLogResponseHandler: follower responses appendEntries COMPLETED
2025-05-28 15:17:26,058 [dacc202e-cd42-4a7a-b335-fe62dff69130@group-A574A09B74EF-cacheEviction-AwaitToRun] INFO  util.AwaitToRun (AwaitToRun.java:run(49)) - dacc202e-cd42-4a7a-b335-fe62dff69130@group-A574A09B74EF-cacheEviction-AwaitToRun-AwaitForSignal is interrupted
2025-05-28 15:17:26,060 [grpc-default-executor-5] INFO  server.RaftServer$Division (RaftServerImpl.java:groupRemove(483)) - a755fe32-7d9a-4996-bc51-d7fbc67ab218@group-3199EF5D7496: Succeed to remove RaftStorageDirectory Storage Directory /home/runner/work/ozone/ozone/hadoop-ozone/integration-test/target/test-dir/MiniOzoneClusterImpl-723737d7-d862-4a19-a51f-6b1567aa62b1/ozone-meta/datanode-2/ratis/27a96606-79c9-41c9-8ccf-3199ef5d7496
2025-05-28 15:17:26,064 [dacc202e-cd42-4a7a-b335-fe62dff69130-PipelineCommandHandlerThread-0] INFO  server.RaftServer (RaftServerProxy.java:remove(111)) - dacc202e-cd42-4a7a-b335-fe62dff69130: remove  FOLLOWER dacc202e-cd42-4a7a-b335-fe62dff69130@group-3199EF5D7496:t1, leader=a755fe32-7d9a-4996-bc51-d7fbc67ab218, voted=a755fe32-7d9a-4996-bc51-d7fbc67ab218, raftlog=Memoized:dacc202e-cd42-4a7a-b335-fe62dff69130@group-3199EF5D7496-SegmentedRaftLog:OPENED:c0:last(t:1, i:0), conf=conf: {index: 0, cur=peers:[4795f679-20b5-4d5a-9a13-c70766a2a14f|127.0.0.1:15015, a755fe32-7d9a-4996-bc51-d7fbc67ab218|127.0.0.1:15023, dacc202e-cd42-4a7a-b335-fe62dff69130|127.0.0.1:15031]|listeners:[], old=null} RUNNING
2025-05-28 15:17:26,064 [dacc202e-cd42-4a7a-b335-fe62dff69130-PipelineCommandHandlerThread-0] INFO  server.RaftServer$Division (RaftServerImpl.java:lambda$close$1(513)) - dacc202e-cd42-4a7a-b335-fe62dff69130@group-3199EF5D7496: shutdown
2025-05-28 15:17:26,064 [dacc202e-cd42-4a7a-b335-fe62dff69130-PipelineCommandHandlerThread-0] INFO  util.JmxRegister (JmxRegister.java:unregister(74)) - Successfully un-registered JMX Bean with object name Ratis:service=RaftServer,group=group-3199EF5D7496,id=dacc202e-cd42-4a7a-b335-fe62dff69130
2025-05-28 15:17:26,064 [dacc202e-cd42-4a7a-b335-fe62dff69130-PipelineCommandHandlerThread-0] INFO  impl.RoleInfo (RoleInfo.java:shutdownFollowerState(121)) - dacc202e-cd42-4a7a-b335-fe62dff69130: shutdown dacc202e-cd42-4a7a-b335-fe62dff69130@group-3199EF5D7496-FollowerState
2025-05-28 15:17:26,064 [dacc202e-cd42-4a7a-b335-fe62dff69130-PipelineCommandHandlerThread-0] INFO  impl.StateMachineUpdater (StateMachineUpdater.java:stopAndJoin(164)) - dacc202e-cd42-4a7a-b335-fe62dff69130@group-3199EF5D7496-StateMachineUpdater: set stopIndex = 0
2025-05-28 15:17:26,064 [dacc202e-cd42-4a7a-b335-fe62dff69130@group-3199EF5D7496-FollowerState] INFO  impl.FollowerState (FollowerState.java:runImpl(170)) - dacc202e-cd42-4a7a-b335-fe62dff69130@group-3199EF5D7496-FollowerState was interrupted
2025-05-28 15:17:26,064 [dacc202e-cd42-4a7a-b335-fe62dff69130@group-3199EF5D7496-StateMachineUpdater] INFO  ratis.ContainerStateMachine (ContainerStateMachine.java:takeSnapshot(427)) - group-3199EF5D7496: Taking a snapshot at:(t:1, i:0) file /home/runner/work/ozone/ozone/hadoop-ozone/integration-test/target/test-dir/MiniOzoneClusterImpl-723737d7-d862-4a19-a51f-6b1567aa62b1/ozone-meta/datanode-3/ratis/27a96606-79c9-41c9-8ccf-3199ef5d7496/sm/snapshot.1_0
2025-05-28 15:17:26,065 [dacc202e-cd42-4a7a-b335-fe62dff69130@group-3199EF5D7496-StateMachineUpdater] INFO  ratis.ContainerStateMachine (ContainerStateMachine.java:takeSnapshot(436)) - group-3199EF5D7496: Finished taking a snapshot at:(t:1, i:0) file:/home/runner/work/ozone/ozone/hadoop-ozone/integration-test/target/test-dir/MiniOzoneClusterImpl-723737d7-d862-4a19-a51f-6b1567aa62b1/ozone-meta/datanode-3/ratis/27a96606-79c9-41c9-8ccf-3199ef5d7496/sm/snapshot.1_0 took: 1 ms
2025-05-28 15:17:26,065 [dacc202e-cd42-4a7a-b335-fe62dff69130@group-3199EF5D7496-StateMachineUpdater] INFO  impl.StateMachineUpdater (StateMachineUpdater.java:takeSnapshot(303)) - dacc202e-cd42-4a7a-b335-fe62dff69130@group-3199EF5D7496-StateMachineUpdater: Took a snapshot at index 0
2025-05-28 15:17:26,065 [dacc202e-cd42-4a7a-b335-fe62dff69130@group-3199EF5D7496-StateMachineUpdater] INFO  impl.StateMachineUpdater (StateMachineUpdater.java:lambda$new$0(102)) - dacc202e-cd42-4a7a-b335-fe62dff69130@group-3199EF5D7496-StateMachineUpdater: snapshotIndex: updateIncreasingly -1 -> 0
2025-05-28 15:17:26,066 [dacc202e-cd42-4a7a-b335-fe62dff69130@group-3199EF5D7496-StateMachineUpdater] INFO  impl.StateMachineUpdater (StateMachineUpdater.java:stop(141)) - dacc202e-cd42-4a7a-b335-fe62dff69130@group-3199EF5D7496-StateMachineUpdater: closing ContainerStateMachine, lastApplied=(t:1, i:0)
2025-05-28 15:17:26,066 [dacc202e-cd42-4a7a-b335-fe62dff69130@group-3199EF5D7496-cacheEviction-AwaitToRun] INFO  util.AwaitToRun (AwaitToRun.java:run(49)) - dacc202e-cd42-4a7a-b335-fe62dff69130@group-3199EF5D7496-cacheEviction-AwaitToRun-AwaitForSignal is interrupted
2025-05-28 15:17:26,094 [dacc202e-cd42-4a7a-b335-fe62dff69130-PipelineCommandHandlerThread-0] INFO  segmented.SegmentedRaftLogWorker (SegmentedRaftLogWorker.java:close(252)) - dacc202e-cd42-4a7a-b335-fe62dff69130@group-3199EF5D7496-SegmentedRaftLogWorker close()
2025-05-28 15:17:26,095 [dacc202e-cd42-4a7a-b335-fe62dff69130-PipelineCommandHandlerThread-0] INFO  server.RaftServer$Division (RaftServerImpl.java:groupRemove(483)) - dacc202e-cd42-4a7a-b335-fe62dff69130@group-3199EF5D7496: Succeed to remove RaftStorageDirectory Storage Directory /home/runner/work/ozone/ozone/hadoop-ozone/integration-test/target/test-dir/MiniOzoneClusterImpl-723737d7-d862-4a19-a51f-6b1567aa62b1/ozone-meta/datanode-3/ratis/27a96606-79c9-41c9-8ccf-3199ef5d7496
2025-05-28 15:17:26,095 [dacc202e-cd42-4a7a-b335-fe62dff69130-PipelineCommandHandlerThread-0] INFO  commandhandler.ClosePipelineCommandHandler (ClosePipelineCommandHandler.java:lambda$handle$2(142)) - Close Pipeline Pipeline-27a96606-79c9-41c9-8ccf-3199ef5d7496 command on datanode dacc202e-cd42-4a7a-b335-fe62dff69130(localhost/127.0.0.1).
2025-05-28 15:17:26,100 [dacc202e-cd42-4a7a-b335-fe62dff69130-PipelineCommandHandlerThread-0] WARN  commandhandler.ClosePipelineCommandHandler (ClosePipelineCommandHandler.java:lambda$handle$1(134)) - Failed to remove group group-EBC9B9187764 of pipeline Pipeline-597178e3-698c-4789-b47c-ebc9b9187764 on peer 4795f679-20b5-4d5a-9a13-c70766a2a14f
java.io.IOException: org.apache.ratis.thirdparty.io.grpc.StatusRuntimeException: UNAVAILABLE: io exception
	at org.apache.ratis.grpc.GrpcUtil.unwrapException(GrpcUtil.java:99)
	at org.apache.ratis.grpc.client.GrpcClientProtocolClient.blockingCall(GrpcClientProtocolClient.java:226)
	at org.apache.ratis.grpc.client.GrpcClientProtocolClient.groupAdd(GrpcClientProtocolClient.java:173)
	at org.apache.ratis.grpc.client.GrpcClientRpc.sendRequest(GrpcClientRpc.java:98)
	at org.apache.ratis.client.impl.BlockingImpl.sendRequest(BlockingImpl.java:147)
	at org.apache.ratis.client.impl.BlockingImpl.sendRequestWithRetry(BlockingImpl.java:109)
	at org.apache.ratis.client.impl.GroupManagementImpl.remove(GroupManagementImpl.java:61)
	at org.apache.hadoop.ozone.container.common.statemachine.commandhandler.ClosePipelineCommandHandler.lambda$handle$1(ClosePipelineCommandHandler.java:126)
	at java.base/java.util.stream.ForEachOps$ForEachOp$OfRef.accept(ForEachOps.java:184)
	at java.base/java.util.stream.ReferencePipeline$2$1.accept(ReferencePipeline.java:179)
	at java.base/java.util.HashMap$ValueSpliterator.forEachRemaining(HashMap.java:1787)
	at java.base/java.util.stream.AbstractPipeline.copyInto(AbstractPipeline.java:509)
	at java.base/java.util.stream.AbstractPipeline.wrapAndCopyInto(AbstractPipeline.java:499)
	at java.base/java.util.stream.ForEachOps$ForEachOp.evaluateSequential(ForEachOps.java:151)
	at java.base/java.util.stream.ForEachOps$ForEachOp$OfRef.evaluateSequential(ForEachOps.java:174)
	at java.base/java.util.stream.AbstractPipeline.evaluate(AbstractPipeline.java:234)
	at java.base/java.util.stream.ReferencePipeline.forEach(ReferencePipeline.java:596)
	at org.apache.hadoop.ozone.container.common.statemachine.commandhandler.ClosePipelineCommandHandler.lambda$handle$2(ClosePipelineCommandHandler.java:123)
	at java.base/java.util.concurrent.CompletableFuture$AsyncRun.run(CompletableFuture.java:1804)
	at java.base/java.util.concurrent.ThreadPoolExecutor.runWorker(ThreadPoolExecutor.java:1144)
	at java.base/java.util.concurrent.ThreadPoolExecutor$Worker.run(ThreadPoolExecutor.java:642)
	at java.base/java.lang.Thread.run(Thread.java:1583)
Caused by: org.apache.ratis.thirdparty.io.grpc.StatusRuntimeException: UNAVAILABLE: io exception
	at org.apache.ratis.thirdparty.io.grpc.stub.ClientCalls.toStatusRuntimeException(ClientCalls.java:268)
	at org.apache.ratis.thirdparty.io.grpc.stub.ClientCalls.getUnchecked(ClientCalls.java:249)
	at org.apache.ratis.thirdparty.io.grpc.stub.ClientCalls.blockingUnaryCall(ClientCalls.java:167)
	at org.apache.ratis.proto.grpc.AdminProtocolServiceGrpc$AdminProtocolServiceBlockingStub.groupManagement(AdminProtocolServiceGrpc.java:468)
	at org.apache.ratis.grpc.client.GrpcClientProtocolClient.lambda$groupAdd$6(GrpcClientProtocolClient.java:175)
	at org.apache.ratis.grpc.client.GrpcClientProtocolClient.blockingCall(GrpcClientProtocolClient.java:224)
	... 20 more
Caused by: org.apache.ratis.thirdparty.io.netty.channel.AbstractChannel$AnnotatedConnectException: finishConnect(..) failed: Connection refused: /127.0.0.1:15014
Caused by: java.net.ConnectException: finishConnect(..) failed: Connection refused
	at org.apache.ratis.thirdparty.io.netty.channel.unix.Errors.newConnectException0(Errors.java:166)
	at org.apache.ratis.thirdparty.io.netty.channel.unix.Errors.handleConnectErrno(Errors.java:131)
	at org.apache.ratis.thirdparty.io.netty.channel.unix.Socket.finishConnect(Socket.java:359)
	at org.apache.ratis.thirdparty.io.netty.channel.epoll.AbstractEpollChannel$AbstractEpollUnsafe.doFinishConnect(AbstractEpollChannel.java:715)
	at org.apache.ratis.thirdparty.io.netty.channel.epoll.AbstractEpollChannel$AbstractEpollUnsafe.finishConnect(AbstractEpollChannel.java:692)
	at org.apache.ratis.thirdparty.io.netty.channel.epoll.AbstractEpollChannel$AbstractEpollUnsafe.epollOutReady(AbstractEpollChannel.java:567)
	at org.apache.ratis.thirdparty.io.netty.channel.epoll.EpollEventLoop.processReady(EpollEventLoop.java:491)
	at org.apache.ratis.thirdparty.io.netty.channel.epoll.EpollEventLoop.run(EpollEventLoop.java:399)
	at org.apache.ratis.thirdparty.io.netty.util.concurrent.SingleThreadEventExecutor$4.run(SingleThreadEventExecutor.java:997)
	at org.apache.ratis.thirdparty.io.netty.util.internal.ThreadExecutorMap$2.run(ThreadExecutorMap.java:74)
	at org.apache.ratis.thirdparty.io.netty.util.concurrent.FastThreadLocalRunnable.run(FastThreadLocalRunnable.java:30)
	at java.base/java.lang.Thread.run(Thread.java:1583)
2025-05-28 15:17:26,105 [grpc-default-executor-5] INFO  server.RaftServer (RaftServerProxy.java:remove(111)) - a755fe32-7d9a-4996-bc51-d7fbc67ab218: remove  FOLLOWER a755fe32-7d9a-4996-bc51-d7fbc67ab218@group-EBC9B9187764:t1, leader=null, voted=4795f679-20b5-4d5a-9a13-c70766a2a14f, raftlog=Memoized:a755fe32-7d9a-4996-bc51-d7fbc67ab218@group-EBC9B9187764-SegmentedRaftLog:OPENED:c-1:lastnull, conf=conf: {index: -1, cur=peers:[4795f679-20b5-4d5a-9a13-c70766a2a14f|127.0.0.1:15015, a755fe32-7d9a-4996-bc51-d7fbc67ab218|127.0.0.1:15023, dacc202e-cd42-4a7a-b335-fe62dff69130|127.0.0.1:15031]|listeners:[], old=null} RUNNING
2025-05-28 15:17:26,105 [grpc-default-executor-5] INFO  server.RaftServer$Division (RaftServerImpl.java:lambda$close$1(513)) - a755fe32-7d9a-4996-bc51-d7fbc67ab218@group-EBC9B9187764: shutdown
2025-05-28 15:17:26,105 [grpc-default-executor-5] INFO  util.JmxRegister (JmxRegister.java:unregister(74)) - Successfully un-registered JMX Bean with object name Ratis:service=RaftServer,group=group-EBC9B9187764,id=a755fe32-7d9a-4996-bc51-d7fbc67ab218
2025-05-28 15:17:26,105 [grpc-default-executor-5] INFO  impl.RoleInfo (RoleInfo.java:shutdownFollowerState(121)) - a755fe32-7d9a-4996-bc51-d7fbc67ab218: shutdown a755fe32-7d9a-4996-bc51-d7fbc67ab218@group-EBC9B9187764-FollowerState
2025-05-28 15:17:26,105 [grpc-default-executor-5] INFO  impl.StateMachineUpdater (StateMachineUpdater.java:stopAndJoin(164)) - a755fe32-7d9a-4996-bc51-d7fbc67ab218@group-EBC9B9187764-StateMachineUpdater: set stopIndex = -1
2025-05-28 15:17:26,105 [a755fe32-7d9a-4996-bc51-d7fbc67ab218@group-EBC9B9187764-StateMachineUpdater] INFO  impl.StateMachineUpdater (StateMachineUpdater.java:stop(141)) - a755fe32-7d9a-4996-bc51-d7fbc67ab218@group-EBC9B9187764-StateMachineUpdater: closing ContainerStateMachine, lastApplied=(t:0, i:~)
2025-05-28 15:17:26,105 [a755fe32-7d9a-4996-bc51-d7fbc67ab218@group-EBC9B9187764-FollowerState] INFO  impl.FollowerState (FollowerState.java:runImpl(170)) - a755fe32-7d9a-4996-bc51-d7fbc67ab218@group-EBC9B9187764-FollowerState was interrupted
2025-05-28 15:17:26,106 [a755fe32-7d9a-4996-bc51-d7fbc67ab218@group-EBC9B9187764-cacheEviction-AwaitToRun] INFO  util.AwaitToRun (AwaitToRun.java:run(49)) - a755fe32-7d9a-4996-bc51-d7fbc67ab218@group-EBC9B9187764-cacheEviction-AwaitToRun-AwaitForSignal is interrupted
2025-05-28 15:17:26,188 [pool-237-thread-1] INFO  utils.DatanodeStoreCache (DatanodeStoreCache.java:shutdownCache(114)) - Skip clearing cache in mini cluster mode. Entries left: [/home/runner/work/ozone/ozone/hadoop-ozone/integration-test/target/test-dir/MiniOzoneClusterImpl-723737d7-d862-4a19-a51f-6b1567aa62b1/ozone-meta/datanode-1/data-0/hdds/723737d7-d862-4a19-a51f-6b1567aa62b1/DS-90e20c52-e033-4bf3-b7fb-3bfbbf92f9dc/container.db, /home/runner/work/ozone/ozone/hadoop-ozone/integration-test/target/test-dir/MiniOzoneClusterImpl-723737d7-d862-4a19-a51f-6b1567aa62b1/ozone-meta/datanode-2/data-0/hdds/723737d7-d862-4a19-a51f-6b1567aa62b1/DS-1d5211c9-e946-45bc-acd5-d43593fa47a5/container.db, /home/runner/work/ozone/ozone/hadoop-ozone/integration-test/target/test-dir/MiniOzoneClusterImpl-723737d7-d862-4a19-a51f-6b1567aa62b1/ozone-meta/datanode-3/data-0/hdds/723737d7-d862-4a19-a51f-6b1567aa62b1/DS-7af5c1f2-fd57-40ff-b91b-da2179e40e22/container.db, /home/runner/work/ozone/ozone/hadoop-ozone/integration-test/target/test-dir/MiniOzoneClusterImpl-723737d7-d862-4a19-a51f-6b1567aa62b1/ozone-meta/datanode-4/data-0/hdds/723737d7-d862-4a19-a51f-6b1567aa62b1/DS-bf429ec0-a8b7-4c90-b82c-bf8f7808ba25/container.db, /home/runner/work/ozone/ozone/hadoop-ozone/integration-test/target/test-dir/MiniOzoneClusterImpl-723737d7-d862-4a19-a51f-6b1567aa62b1/ozone-meta/datanode-5/data-0/hdds/723737d7-d862-4a19-a51f-6b1567aa62b1/DS-f4450203-fc06-478c-be34-987740df3407/container.db]
2025-05-28 15:17:26,191 [pool-237-thread-1] INFO  utils.DatanodeStoreCache (DatanodeStoreCache.java:removeDB(108)) - Removed db /home/runner/work/ozone/ozone/hadoop-ozone/integration-test/target/test-dir/MiniOzoneClusterImpl-723737d7-d862-4a19-a51f-6b1567aa62b1/ozone-meta/datanode-1/data-0/hdds/723737d7-d862-4a19-a51f-6b1567aa62b1/DS-90e20c52-e033-4bf3-b7fb-3bfbbf92f9dc/container.db from cache
2025-05-28 15:17:26,191 [pool-237-thread-1] INFO  volume.HddsVolume (HddsVolume.java:closeDbStore(543)) - SchemaV3 db is stopped at /home/runner/work/ozone/ozone/hadoop-ozone/integration-test/target/test-dir/MiniOzoneClusterImpl-723737d7-d862-4a19-a51f-6b1567aa62b1/ozone-meta/datanode-1/data-0/hdds/723737d7-d862-4a19-a51f-6b1567aa62b1/DS-90e20c52-e033-4bf3-b7fb-3bfbbf92f9dc/container.db for volume DS-90e20c52-e033-4bf3-b7fb-3bfbbf92f9dc
2025-05-28 15:17:26,191 [pool-237-thread-1] INFO  utils.BackgroundService (BackgroundService.java:shutdown(160)) - Shutting down service BlockDeletingService
2025-05-28 15:17:26,192 [pool-237-thread-1] INFO  utils.BackgroundService (BackgroundService.java:shutdown(160)) - Shutting down service StaleRecoveringContainerScrubbingService
2025-05-28 15:17:26,193 [pool-237-thread-1] INFO  statemachine.DatanodeStateMachine (DatanodeStateMachine.java:stopDaemon(630)) - Ozone container server stopped.
2025-05-28 15:17:26,206 [pool-237-thread-1] INFO  handler.ContextHandler (ContextHandler.java:doStop(1159)) - Stopped o.e.j.w.WebAppContext@33101686{hddsDatanode,/,null,STOPPED}{jar:file:/home/runner/work/ozone/ozone/hadoop-hdds/container-service/target/hdds-container-service-2.1.0-SNAPSHOT.jar!/webapps/hddsDatanode}
2025-05-28 15:17:26,208 [pool-237-thread-1] INFO  server.AbstractConnector (AbstractConnector.java:doStop(383)) - Stopped ServerConnector@15b810df{HTTP/1.1, (http/1.1)}{0.0.0.0:15010}
2025-05-28 15:17:26,208 [pool-237-thread-1] INFO  server.session (HouseKeeper.java:stopScavenging(149)) - node0 Stopped scavenging
2025-05-28 15:17:26,209 [pool-237-thread-1] INFO  handler.ContextHandler (ContextHandler.java:doStop(1159)) - Stopped o.e.j.s.ServletContextHandler@1e594828{static,/static,jar:file:/home/runner/work/ozone/ozone/hadoop-hdds/container-service/target/hdds-container-service-2.1.0-SNAPSHOT.jar!/webapps/static,STOPPED}
2025-05-28 15:17:26,209 [pool-237-thread-1] INFO  handler.ContextHandler (ContextHandler.java:doStop(1159)) - Stopped o.e.j.s.ServletContextHandler@3a3a93b3{logs,/logs,file:///home/runner/work/ozone/ozone/hadoop-ozone/integration-test/target/log,STOPPED}
2025-05-28 15:17:26,210 [pool-237-thread-1] INFO  ozone.HddsDatanodeClientProtocolServer (HddsDatanodeClientProtocolServer.java:stop(82)) - Stopping the RPC server for Client Protocol
2025-05-28 15:17:26,210 [pool-237-thread-1] INFO  ipc.Server (Server.java:stop(3697)) - Stopping server on 15011
2025-05-28 15:17:26,212 [IPC Server listener on 15011] INFO  ipc.Server (Server.java:run(1585)) - Stopping IPC Server listener on 15011
2025-05-28 15:17:26,212 [IPC Server Responder] INFO  ipc.Server (Server.java:run(1718)) - Stopping IPC Server Responder
2025-05-28 15:17:26,379 [grpc-default-executor-2] INFO  segmented.SegmentedRaftLogWorker (SegmentedRaftLogWorker.java:close(252)) - dacc202e-cd42-4a7a-b335-fe62dff69130@group-A574A09B74EF-SegmentedRaftLogWorker close()
2025-05-28 15:17:26,380 [grpc-default-executor-2] INFO  server.RaftServer$Division (RaftServerImpl.java:groupRemove(483)) - dacc202e-cd42-4a7a-b335-fe62dff69130@group-A574A09B74EF: Succeed to remove RaftStorageDirectory Storage Directory /home/runner/work/ozone/ozone/hadoop-ozone/integration-test/target/test-dir/MiniOzoneClusterImpl-723737d7-d862-4a19-a51f-6b1567aa62b1/ozone-meta/datanode-3/ratis/2ff824fa-665a-4aec-aa79-a574a09b74ef
2025-05-28 15:17:26,383 [a755fe32-7d9a-4996-bc51-d7fbc67ab218-PipelineCommandHandlerThread-0] INFO  server.RaftServer (RaftServerProxy.java:remove(111)) - a755fe32-7d9a-4996-bc51-d7fbc67ab218: remove  FOLLOWER a755fe32-7d9a-4996-bc51-d7fbc67ab218@group-A574A09B74EF:t1, leader=dacc202e-cd42-4a7a-b335-fe62dff69130, voted=dacc202e-cd42-4a7a-b335-fe62dff69130, raftlog=Memoized:a755fe32-7d9a-4996-bc51-d7fbc67ab218@group-A574A09B74EF-SegmentedRaftLog:OPENED:c0:last(t:1, i:0), conf=conf: {index: 0, cur=peers:[4795f679-20b5-4d5a-9a13-c70766a2a14f|127.0.0.1:15015, a755fe32-7d9a-4996-bc51-d7fbc67ab218|127.0.0.1:15023, dacc202e-cd42-4a7a-b335-fe62dff69130|127.0.0.1:15031]|listeners:[], old=null} RUNNING
2025-05-28 15:17:26,383 [a755fe32-7d9a-4996-bc51-d7fbc67ab218-PipelineCommandHandlerThread-0] INFO  server.RaftServer$Division (RaftServerImpl.java:lambda$close$1(513)) - a755fe32-7d9a-4996-bc51-d7fbc67ab218@group-A574A09B74EF: shutdown
2025-05-28 15:17:26,383 [a755fe32-7d9a-4996-bc51-d7fbc67ab218-PipelineCommandHandlerThread-0] INFO  util.JmxRegister (JmxRegister.java:unregister(74)) - Successfully un-registered JMX Bean with object name Ratis:service=RaftServer,group=group-A574A09B74EF,id=a755fe32-7d9a-4996-bc51-d7fbc67ab218
2025-05-28 15:17:26,383 [a755fe32-7d9a-4996-bc51-d7fbc67ab218-PipelineCommandHandlerThread-0] INFO  impl.RoleInfo (RoleInfo.java:shutdownFollowerState(121)) - a755fe32-7d9a-4996-bc51-d7fbc67ab218: shutdown a755fe32-7d9a-4996-bc51-d7fbc67ab218@group-A574A09B74EF-FollowerState
2025-05-28 15:17:26,383 [a755fe32-7d9a-4996-bc51-d7fbc67ab218-PipelineCommandHandlerThread-0] INFO  impl.StateMachineUpdater (StateMachineUpdater.java:stopAndJoin(164)) - a755fe32-7d9a-4996-bc51-d7fbc67ab218@group-A574A09B74EF-StateMachineUpdater: set stopIndex = 0
2025-05-28 15:17:26,383 [a755fe32-7d9a-4996-bc51-d7fbc67ab218@group-A574A09B74EF-FollowerState] INFO  impl.FollowerState (FollowerState.java:runImpl(170)) - a755fe32-7d9a-4996-bc51-d7fbc67ab218@group-A574A09B74EF-FollowerState was interrupted
2025-05-28 15:17:26,383 [a755fe32-7d9a-4996-bc51-d7fbc67ab218@group-A574A09B74EF-StateMachineUpdater] INFO  ratis.ContainerStateMachine (ContainerStateMachine.java:takeSnapshot(427)) - group-A574A09B74EF: Taking a snapshot at:(t:1, i:0) file /home/runner/work/ozone/ozone/hadoop-ozone/integration-test/target/test-dir/MiniOzoneClusterImpl-723737d7-d862-4a19-a51f-6b1567aa62b1/ozone-meta/datanode-2/ratis/2ff824fa-665a-4aec-aa79-a574a09b74ef/sm/snapshot.1_0
2025-05-28 15:17:26,384 [a755fe32-7d9a-4996-bc51-d7fbc67ab218@group-A574A09B74EF-StateMachineUpdater] INFO  ratis.ContainerStateMachine (ContainerStateMachine.java:takeSnapshot(436)) - group-A574A09B74EF: Finished taking a snapshot at:(t:1, i:0) file:/home/runner/work/ozone/ozone/hadoop-ozone/integration-test/target/test-dir/MiniOzoneClusterImpl-723737d7-d862-4a19-a51f-6b1567aa62b1/ozone-meta/datanode-2/ratis/2ff824fa-665a-4aec-aa79-a574a09b74ef/sm/snapshot.1_0 took: 1 ms
2025-05-28 15:17:26,385 [a755fe32-7d9a-4996-bc51-d7fbc67ab218@group-A574A09B74EF-StateMachineUpdater] INFO  impl.StateMachineUpdater (StateMachineUpdater.java:takeSnapshot(303)) - a755fe32-7d9a-4996-bc51-d7fbc67ab218@group-A574A09B74EF-StateMachineUpdater: Took a snapshot at index 0
2025-05-28 15:17:26,385 [a755fe32-7d9a-4996-bc51-d7fbc67ab218@group-A574A09B74EF-StateMachineUpdater] INFO  impl.StateMachineUpdater (StateMachineUpdater.java:lambda$new$0(102)) - a755fe32-7d9a-4996-bc51-d7fbc67ab218@group-A574A09B74EF-StateMachineUpdater: snapshotIndex: updateIncreasingly -1 -> 0
2025-05-28 15:17:26,385 [a755fe32-7d9a-4996-bc51-d7fbc67ab218@group-A574A09B74EF-StateMachineUpdater] INFO  impl.StateMachineUpdater (StateMachineUpdater.java:stop(141)) - a755fe32-7d9a-4996-bc51-d7fbc67ab218@group-A574A09B74EF-StateMachineUpdater: closing ContainerStateMachine, lastApplied=(t:1, i:0)
2025-05-28 15:17:26,385 [a755fe32-7d9a-4996-bc51-d7fbc67ab218@group-A574A09B74EF-cacheEviction-AwaitToRun] INFO  util.AwaitToRun (AwaitToRun.java:run(49)) - a755fe32-7d9a-4996-bc51-d7fbc67ab218@group-A574A09B74EF-cacheEviction-AwaitToRun-AwaitForSignal is interrupted
2025-05-28 15:17:26,400 [a755fe32-7d9a-4996-bc51-d7fbc67ab218-PipelineCommandHandlerThread-0] INFO  segmented.SegmentedRaftLogWorker (SegmentedRaftLogWorker.java:close(252)) - a755fe32-7d9a-4996-bc51-d7fbc67ab218@group-A574A09B74EF-SegmentedRaftLogWorker close()
2025-05-28 15:17:26,400 [a755fe32-7d9a-4996-bc51-d7fbc67ab218-PipelineCommandHandlerThread-0] INFO  server.RaftServer$Division (RaftServerImpl.java:groupRemove(483)) - a755fe32-7d9a-4996-bc51-d7fbc67ab218@group-A574A09B74EF: Succeed to remove RaftStorageDirectory Storage Directory /home/runner/work/ozone/ozone/hadoop-ozone/integration-test/target/test-dir/MiniOzoneClusterImpl-723737d7-d862-4a19-a51f-6b1567aa62b1/ozone-meta/datanode-2/ratis/2ff824fa-665a-4aec-aa79-a574a09b74ef
2025-05-28 15:17:26,401 [a755fe32-7d9a-4996-bc51-d7fbc67ab218-PipelineCommandHandlerThread-0] INFO  commandhandler.ClosePipelineCommandHandler (ClosePipelineCommandHandler.java:lambda$handle$2(142)) - Close Pipeline Pipeline-2ff824fa-665a-4aec-aa79-a574a09b74ef command on datanode a755fe32-7d9a-4996-bc51-d7fbc67ab218(localhost/127.0.0.1).
2025-05-28 15:17:26,401 [pool-237-thread-1] INFO  ozoneimpl.OzoneContainer (OzoneContainer.java:stop(536)) - Attempting to stop container services.
2025-05-28 15:17:26,401 [ContainerMetadataScanner] WARN  ozoneimpl.AbstractBackgroundContainerScanner (AbstractBackgroundContainerScanner.java:handleRemainingSleep(136)) - Background container scan was interrupted.
2025-05-28 15:17:26,401 [ContainerMetadataScanner] INFO  ozoneimpl.AbstractBackgroundContainerScanner (AbstractBackgroundContainerScanner.java:run(63)) - org.apache.hadoop.ozone.container.ozoneimpl.BackgroundContainerMetadataScanner@58f9663b exiting.
2025-05-28 15:17:26,401 [pool-237-thread-1] INFO  ozoneimpl.BackgroundContainerDataScanner (BackgroundContainerDataScanner.java:shutdown(141)) - ContainerDataScanner(/home/runner/work/ozone/ozone/hadoop-ozone/integration-test/target/test-dir/MiniOzoneClusterImpl-723737d7-d862-4a19-a51f-6b1567aa62b1/ozone-meta/datanode-2/data-0/hdds) is shutting down. 
2025-05-28 15:17:26,402 [ContainerDataScanner(/home/runner/work/ozone/ozone/hadoop-ozone/integration-test/target/test-dir/MiniOzoneClusterImpl-723737d7-d862-4a19-a51f-6b1567aa62b1/ozone-meta/datanode-2/data-0/hdds)] WARN  ozoneimpl.AbstractBackgroundContainerScanner (AbstractBackgroundContainerScanner.java:handleRemainingSleep(136)) - Background container scan was interrupted.
2025-05-28 15:17:26,402 [ContainerDataScanner(/home/runner/work/ozone/ozone/hadoop-ozone/integration-test/target/test-dir/MiniOzoneClusterImpl-723737d7-d862-4a19-a51f-6b1567aa62b1/ozone-meta/datanode-2/data-0/hdds)] INFO  ozoneimpl.AbstractBackgroundContainerScanner (AbstractBackgroundContainerScanner.java:run(63)) - ContainerDataScanner(/home/runner/work/ozone/ozone/hadoop-ozone/integration-test/target/test-dir/MiniOzoneClusterImpl-723737d7-d862-4a19-a51f-6b1567aa62b1/ozone-meta/datanode-2/data-0/hdds, DS-1d5211c9-e946-45bc-acd5-d43593fa47a5) exiting.
2025-05-28 15:17:26,402 [pool-237-thread-1] INFO  ratis.XceiverServerRatis (XceiverServerRatis.java:stop(594)) - Closing XceiverServerRatis(a755fe32-7d9a-4996-bc51-d7fbc67ab218)
2025-05-28 15:17:26,402 [pool-237-thread-1] INFO  server.RaftServer (RaftServerProxy.java:lambda$close$9(417)) - a755fe32-7d9a-4996-bc51-d7fbc67ab218: close
2025-05-28 15:17:26,402 [pool-237-thread-1] INFO  server.GrpcService (GrpcService.java:closeImpl(343)) - a755fe32-7d9a-4996-bc51-d7fbc67ab218: shutdown server org.apache.ratis.grpc.server.GrpcClientProtocolService now
2025-05-28 15:17:26,403 [a755fe32-7d9a-4996-bc51-d7fbc67ab218-impl-thread1] INFO  server.RaftServer$Division (RaftServerImpl.java:lambda$close$1(513)) - a755fe32-7d9a-4996-bc51-d7fbc67ab218@group-49974E48289D: shutdown
2025-05-28 15:17:26,403 [a755fe32-7d9a-4996-bc51-d7fbc67ab218-impl-thread1] INFO  util.JmxRegister (JmxRegister.java:unregister(74)) - Successfully un-registered JMX Bean with object name Ratis:service=RaftServer,group=group-49974E48289D,id=a755fe32-7d9a-4996-bc51-d7fbc67ab218
2025-05-28 15:17:26,403 [a755fe32-7d9a-4996-bc51-d7fbc67ab218-impl-thread1] INFO  impl.RoleInfo (RoleInfo.java:shutdownLeaderState(103)) - a755fe32-7d9a-4996-bc51-d7fbc67ab218: shutdown a755fe32-7d9a-4996-bc51-d7fbc67ab218@group-49974E48289D-LeaderStateImpl
2025-05-28 15:17:26,403 [Thread-794] INFO  server.GrpcServerProtocolClient (GrpcServerProtocolClient.java:close(105)) - 4795f679-20b5-4d5a-9a13-c70766a2a14f Close channels
2025-05-28 15:17:26,403 [a755fe32-7d9a-4996-bc51-d7fbc67ab218-impl-thread1] INFO  impl.PendingRequests (PendingRequests.java:sendNotLeaderResponses(287)) - a755fe32-7d9a-4996-bc51-d7fbc67ab218@group-49974E48289D-PendingRequests: sendNotLeaderResponses
2025-05-28 15:17:26,403 [Thread-795] INFO  server.GrpcServerProtocolClient (GrpcServerProtocolClient.java:close(105)) - dacc202e-cd42-4a7a-b335-fe62dff69130 Close channels
2025-05-28 15:17:26,404 [a755fe32-7d9a-4996-bc51-d7fbc67ab218-impl-thread1] INFO  impl.StateMachineUpdater (StateMachineUpdater.java:stopAndJoin(164)) - a755fe32-7d9a-4996-bc51-d7fbc67ab218@group-49974E48289D-StateMachineUpdater: set stopIndex = 0
2025-05-28 15:17:26,404 [a755fe32-7d9a-4996-bc51-d7fbc67ab218@group-49974E48289D-StateMachineUpdater] INFO  ratis.ContainerStateMachine (ContainerStateMachine.java:takeSnapshot(427)) - group-49974E48289D: Taking a snapshot at:(t:1, i:0) file /home/runner/work/ozone/ozone/hadoop-ozone/integration-test/target/test-dir/MiniOzoneClusterImpl-723737d7-d862-4a19-a51f-6b1567aa62b1/ozone-meta/datanode-2/ratis/f117c5d4-1fac-41a1-a14c-49974e48289d/sm/snapshot.1_0
2025-05-28 15:17:26,405 [pool-237-thread-1] INFO  server.GrpcService (GrpcService.java:closeImpl(352)) - a755fe32-7d9a-4996-bc51-d7fbc67ab218: shutdown server org.apache.ratis.grpc.server.GrpcClientProtocolService successfully
2025-05-28 15:17:26,405 [pool-237-thread-1] INFO  server.GrpcService (GrpcService.java:closeImpl(343)) - a755fe32-7d9a-4996-bc51-d7fbc67ab218: shutdown server GrpcServerProtocolService now
2025-05-28 15:17:26,405 [a755fe32-7d9a-4996-bc51-d7fbc67ab218@group-49974E48289D-StateMachineUpdater] INFO  ratis.ContainerStateMachine (ContainerStateMachine.java:takeSnapshot(436)) - group-49974E48289D: Finished taking a snapshot at:(t:1, i:0) file:/home/runner/work/ozone/ozone/hadoop-ozone/integration-test/target/test-dir/MiniOzoneClusterImpl-723737d7-d862-4a19-a51f-6b1567aa62b1/ozone-meta/datanode-2/ratis/f117c5d4-1fac-41a1-a14c-49974e48289d/sm/snapshot.1_0 took: 1 ms
2025-05-28 15:17:26,405 [a755fe32-7d9a-4996-bc51-d7fbc67ab218@group-49974E48289D-StateMachineUpdater] INFO  impl.StateMachineUpdater (StateMachineUpdater.java:takeSnapshot(303)) - a755fe32-7d9a-4996-bc51-d7fbc67ab218@group-49974E48289D-StateMachineUpdater: Took a snapshot at index 0
2025-05-28 15:17:26,405 [a755fe32-7d9a-4996-bc51-d7fbc67ab218@group-49974E48289D-StateMachineUpdater] INFO  impl.StateMachineUpdater (StateMachineUpdater.java:lambda$new$0(102)) - a755fe32-7d9a-4996-bc51-d7fbc67ab218@group-49974E48289D-StateMachineUpdater: snapshotIndex: updateIncreasingly -1 -> 0
2025-05-28 15:17:26,406 [a755fe32-7d9a-4996-bc51-d7fbc67ab218@group-49974E48289D-StateMachineUpdater] INFO  impl.StateMachineUpdater (StateMachineUpdater.java:stop(141)) - a755fe32-7d9a-4996-bc51-d7fbc67ab218@group-49974E48289D-StateMachineUpdater: closing ContainerStateMachine, lastApplied=(t:1, i:0)
2025-05-28 15:17:26,406 [a755fe32-7d9a-4996-bc51-d7fbc67ab218@group-49974E48289D-cacheEviction-AwaitToRun] INFO  util.AwaitToRun (AwaitToRun.java:run(49)) - a755fe32-7d9a-4996-bc51-d7fbc67ab218@group-49974E48289D-cacheEviction-AwaitToRun-AwaitForSignal is interrupted
2025-05-28 15:17:26,407 [pool-237-thread-1] INFO  server.GrpcService (GrpcService.java:closeImpl(352)) - a755fe32-7d9a-4996-bc51-d7fbc67ab218: shutdown server GrpcServerProtocolService successfully
2025-05-28 15:17:26,407 [pool-237-thread-1] INFO  server.GrpcService (GrpcService.java:closeImpl(343)) - a755fe32-7d9a-4996-bc51-d7fbc67ab218: shutdown server org.apache.ratis.grpc.server.GrpcAdminProtocolService now
2025-05-28 15:17:26,407 [pool-237-thread-1] INFO  server.GrpcService (GrpcService.java:closeImpl(352)) - a755fe32-7d9a-4996-bc51-d7fbc67ab218: shutdown server org.apache.ratis.grpc.server.GrpcAdminProtocolService successfully
2025-05-28 15:17:26,409 [dacc202e-cd42-4a7a-b335-fe62dff69130-PipelineCommandHandlerThread-0] WARN  commandhandler.ClosePipelineCommandHandler (ClosePipelineCommandHandler.java:lambda$handle$1(134)) - Failed to remove group group-EBC9B9187764 of pipeline Pipeline-597178e3-698c-4789-b47c-ebc9b9187764 on peer a755fe32-7d9a-4996-bc51-d7fbc67ab218
java.io.IOException: org.apache.ratis.thirdparty.io.grpc.StatusRuntimeException: CANCELLED: RST_STREAM closed stream. HTTP/2 error code: CANCEL
	at org.apache.ratis.grpc.GrpcUtil.unwrapException(GrpcUtil.java:99)
	at org.apache.ratis.grpc.client.GrpcClientProtocolClient.blockingCall(GrpcClientProtocolClient.java:226)
	at org.apache.ratis.grpc.client.GrpcClientProtocolClient.groupAdd(GrpcClientProtocolClient.java:173)
	at org.apache.ratis.grpc.client.GrpcClientRpc.sendRequest(GrpcClientRpc.java:98)
	at org.apache.ratis.client.impl.BlockingImpl.sendRequest(BlockingImpl.java:147)
	at org.apache.ratis.client.impl.BlockingImpl.sendRequestWithRetry(BlockingImpl.java:109)
	at org.apache.ratis.client.impl.GroupManagementImpl.remove(GroupManagementImpl.java:61)
	at org.apache.hadoop.ozone.container.common.statemachine.commandhandler.ClosePipelineCommandHandler.lambda$handle$1(ClosePipelineCommandHandler.java:126)
	at java.base/java.util.stream.ForEachOps$ForEachOp$OfRef.accept(ForEachOps.java:184)
	at java.base/java.util.stream.ReferencePipeline$2$1.accept(ReferencePipeline.java:179)
	at java.base/java.util.HashMap$ValueSpliterator.forEachRemaining(HashMap.java:1787)
	at java.base/java.util.stream.AbstractPipeline.copyInto(AbstractPipeline.java:509)
	at java.base/java.util.stream.AbstractPipeline.wrapAndCopyInto(AbstractPipeline.java:499)
	at java.base/java.util.stream.ForEachOps$ForEachOp.evaluateSequential(ForEachOps.java:151)
	at java.base/java.util.stream.ForEachOps$ForEachOp$OfRef.evaluateSequential(ForEachOps.java:174)
	at java.base/java.util.stream.AbstractPipeline.evaluate(AbstractPipeline.java:234)
	at java.base/java.util.stream.ReferencePipeline.forEach(ReferencePipeline.java:596)
	at org.apache.hadoop.ozone.container.common.statemachine.commandhandler.ClosePipelineCommandHandler.lambda$handle$2(ClosePipelineCommandHandler.java:123)
	at java.base/java.util.concurrent.CompletableFuture$AsyncRun.run(CompletableFuture.java:1804)
	at java.base/java.util.concurrent.ThreadPoolExecutor.runWorker(ThreadPoolExecutor.java:1144)
	at java.base/java.util.concurrent.ThreadPoolExecutor$Worker.run(ThreadPoolExecutor.java:642)
	at java.base/java.lang.Thread.run(Thread.java:1583)
Caused by: org.apache.ratis.thirdparty.io.grpc.StatusRuntimeException: CANCELLED: RST_STREAM closed stream. HTTP/2 error code: CANCEL
	at org.apache.ratis.thirdparty.io.grpc.stub.ClientCalls.toStatusRuntimeException(ClientCalls.java:268)
	at org.apache.ratis.thirdparty.io.grpc.stub.ClientCalls.getUnchecked(ClientCalls.java:249)
	at org.apache.ratis.thirdparty.io.grpc.stub.ClientCalls.blockingUnaryCall(ClientCalls.java:167)
	at org.apache.ratis.proto.grpc.AdminProtocolServiceGrpc$AdminProtocolServiceBlockingStub.groupManagement(AdminProtocolServiceGrpc.java:468)
	at org.apache.ratis.grpc.client.GrpcClientProtocolClient.lambda$groupAdd$6(GrpcClientProtocolClient.java:175)
	at org.apache.ratis.grpc.client.GrpcClientProtocolClient.blockingCall(GrpcClientProtocolClient.java:224)
	... 20 more
2025-05-28 15:17:26,409 [dacc202e-cd42-4a7a-b335-fe62dff69130-PipelineCommandHandlerThread-0] INFO  server.RaftServer (RaftServerProxy.java:remove(111)) - dacc202e-cd42-4a7a-b335-fe62dff69130: remove  FOLLOWER dacc202e-cd42-4a7a-b335-fe62dff69130@group-EBC9B9187764:t1, leader=null, voted=4795f679-20b5-4d5a-9a13-c70766a2a14f, raftlog=Memoized:dacc202e-cd42-4a7a-b335-fe62dff69130@group-EBC9B9187764-SegmentedRaftLog:OPENED:c-1:lastnull, conf=conf: {index: -1, cur=peers:[4795f679-20b5-4d5a-9a13-c70766a2a14f|127.0.0.1:15015, a755fe32-7d9a-4996-bc51-d7fbc67ab218|127.0.0.1:15023, dacc202e-cd42-4a7a-b335-fe62dff69130|127.0.0.1:15031]|listeners:[], old=null} RUNNING
2025-05-28 15:17:26,409 [dacc202e-cd42-4a7a-b335-fe62dff69130-PipelineCommandHandlerThread-0] INFO  server.RaftServer$Division (RaftServerImpl.java:lambda$close$1(513)) - dacc202e-cd42-4a7a-b335-fe62dff69130@group-EBC9B9187764: shutdown
2025-05-28 15:17:26,409 [dacc202e-cd42-4a7a-b335-fe62dff69130-PipelineCommandHandlerThread-0] INFO  util.JmxRegister (JmxRegister.java:unregister(74)) - Successfully un-registered JMX Bean with object name Ratis:service=RaftServer,group=group-EBC9B9187764,id=dacc202e-cd42-4a7a-b335-fe62dff69130
2025-05-28 15:17:26,410 [dacc202e-cd42-4a7a-b335-fe62dff69130-PipelineCommandHandlerThread-0] INFO  impl.RoleInfo (RoleInfo.java:shutdownFollowerState(121)) - dacc202e-cd42-4a7a-b335-fe62dff69130: shutdown dacc202e-cd42-4a7a-b335-fe62dff69130@group-EBC9B9187764-FollowerState
2025-05-28 15:17:26,410 [dacc202e-cd42-4a7a-b335-fe62dff69130-PipelineCommandHandlerThread-0] INFO  impl.StateMachineUpdater (StateMachineUpdater.java:stopAndJoin(164)) - dacc202e-cd42-4a7a-b335-fe62dff69130@group-EBC9B9187764-StateMachineUpdater: set stopIndex = -1
2025-05-28 15:17:26,410 [dacc202e-cd42-4a7a-b335-fe62dff69130@group-EBC9B9187764-StateMachineUpdater] INFO  impl.StateMachineUpdater (StateMachineUpdater.java:stop(141)) - dacc202e-cd42-4a7a-b335-fe62dff69130@group-EBC9B9187764-StateMachineUpdater: closing ContainerStateMachine, lastApplied=(t:0, i:~)
2025-05-28 15:17:26,410 [dacc202e-cd42-4a7a-b335-fe62dff69130@group-EBC9B9187764-FollowerState] INFO  impl.FollowerState (FollowerState.java:runImpl(170)) - dacc202e-cd42-4a7a-b335-fe62dff69130@group-EBC9B9187764-FollowerState was interrupted
2025-05-28 15:17:26,410 [dacc202e-cd42-4a7a-b335-fe62dff69130@group-EBC9B9187764-cacheEviction-AwaitToRun] INFO  util.AwaitToRun (AwaitToRun.java:run(49)) - dacc202e-cd42-4a7a-b335-fe62dff69130@group-EBC9B9187764-cacheEviction-AwaitToRun-AwaitForSignal is interrupted
2025-05-28 15:17:26,412 [a755fe32-7d9a-4996-bc51-d7fbc67ab218-NettyServerStreamRpc-bossGroup--thread1] INFO  logging.LoggingHandler (AbstractInternalLogger.java:log(148)) - [id: 0xf0233f2b, L:/0.0.0.0:15024] CLOSE
2025-05-28 15:17:26,412 [a755fe32-7d9a-4996-bc51-d7fbc67ab218-NettyServerStreamRpc-bossGroup--thread1] INFO  logging.LoggingHandler (AbstractInternalLogger.java:log(148)) - [id: 0xf0233f2b, L:/0.0.0.0:15024] INACTIVE
2025-05-28 15:17:26,412 [a755fe32-7d9a-4996-bc51-d7fbc67ab218-NettyServerStreamRpc-bossGroup--thread1] INFO  logging.LoggingHandler (AbstractInternalLogger.java:log(148)) - [id: 0xf0233f2b, L:/0.0.0.0:15024] UNREGISTERED
2025-05-28 15:17:26,814 [a755fe32-7d9a-4996-bc51-d7fbc67ab218-impl-thread1] INFO  segmented.SegmentedRaftLogWorker (SegmentedRaftLogWorker.java:close(252)) - a755fe32-7d9a-4996-bc51-d7fbc67ab218@group-49974E48289D-SegmentedRaftLogWorker close()
2025-05-28 15:17:26,814 [a755fe32-7d9a-4996-bc51-d7fbc67ab218-impl-thread1] INFO  ratis.ContainerStateMachine (ContainerStateMachine.java:notifyServerShutdown(1038)) - group-49974E48289D is closed by HddsDatanodeService
2025-05-28 15:17:26,814 [JvmPauseMonitor4] INFO  util.JvmPauseMonitor (JvmPauseMonitor.java:run(152)) - JvmPauseMonitor-a755fe32-7d9a-4996-bc51-d7fbc67ab218: Stopped
2025-05-28 15:17:26,983 [grpc-default-executor-5] INFO  segmented.SegmentedRaftLogWorker (SegmentedRaftLogWorker.java:close(252)) - a755fe32-7d9a-4996-bc51-d7fbc67ab218@group-EBC9B9187764-SegmentedRaftLogWorker close()
2025-05-28 15:17:26,983 [grpc-default-executor-5] INFO  server.RaftServer$Division (RaftServerImpl.java:groupRemove(483)) - a755fe32-7d9a-4996-bc51-d7fbc67ab218@group-EBC9B9187764: Succeed to remove RaftStorageDirectory Storage Directory /home/runner/work/ozone/ozone/hadoop-ozone/integration-test/target/test-dir/MiniOzoneClusterImpl-723737d7-d862-4a19-a51f-6b1567aa62b1/ozone-meta/datanode-2/ratis/597178e3-698c-4789-b47c-ebc9b9187764
2025-05-28 15:17:27,041 [dacc202e-cd42-4a7a-b335-fe62dff69130-PipelineCommandHandlerThread-0] INFO  segmented.SegmentedRaftLogWorker (SegmentedRaftLogWorker.java:close(252)) - dacc202e-cd42-4a7a-b335-fe62dff69130@group-EBC9B9187764-SegmentedRaftLogWorker close()
2025-05-28 15:17:27,042 [dacc202e-cd42-4a7a-b335-fe62dff69130-PipelineCommandHandlerThread-0] INFO  server.RaftServer$Division (RaftServerImpl.java:groupRemove(483)) - dacc202e-cd42-4a7a-b335-fe62dff69130@group-EBC9B9187764: Succeed to remove RaftStorageDirectory Storage Directory /home/runner/work/ozone/ozone/hadoop-ozone/integration-test/target/test-dir/MiniOzoneClusterImpl-723737d7-d862-4a19-a51f-6b1567aa62b1/ozone-meta/datanode-3/ratis/597178e3-698c-4789-b47c-ebc9b9187764
2025-05-28 15:17:27,042 [dacc202e-cd42-4a7a-b335-fe62dff69130-PipelineCommandHandlerThread-0] INFO  commandhandler.ClosePipelineCommandHandler (ClosePipelineCommandHandler.java:lambda$handle$2(142)) - Close Pipeline Pipeline-597178e3-698c-4789-b47c-ebc9b9187764 command on datanode dacc202e-cd42-4a7a-b335-fe62dff69130(localhost/127.0.0.1).
2025-05-28 15:17:27,359 [EventQueue-PipelineReportForPipelineReportHandler] INFO  pipeline.PipelineReportHandler (PipelineReportHandler.java:handlePipelineNotFoundException(98)) - Pipeline Pipeline-597178e3-698c-4789-b47c-ebc9b9187764, reported by datanode dacc202e-cd42-4a7a-b335-fe62dff69130(localhost/127.0.0.1) is not found.
2025-05-28 15:17:28,224 [main] INFO  ozone.MiniOzoneClusterImpl (MiniOzoneClusterImpl.java:shutdown(365)) - Shutting down the Mini Ozone Cluster
2025-05-28 15:17:28,224 [main] INFO  db.CodecTestUtil (CodecTestUtil.java:gc(49)) - gc 0
2025-05-28 15:17:28,389 [main] INFO  ozone.MiniOzoneClusterImpl (MiniOzoneClusterImpl.java:stop(381)) - Stopping the Mini Ozone Cluster
2025-05-28 15:17:28,390 [main] INFO  om.OzoneManager (OzoneManager.java:stop(2338)) - om1[localhost:15006]: Stopping Ozone Manager
2025-05-28 15:17:28,390 [main] INFO  ipc.Server (Server.java:stop(3697)) - Stopping server on 15006
2025-05-28 15:17:28,392 [IPC Server listener on 15006] INFO  ipc.Server (Server.java:run(1585)) - Stopping IPC Server listener on 15006
2025-05-28 15:17:28,392 [IPC Server Responder] INFO  ipc.Server (Server.java:run(1718)) - Stopping IPC Server Responder
2025-05-28 15:17:28,393 [main] INFO  ratis.OzoneManagerRatisServer (OzoneManagerRatisServer.java:stop(634)) - Stopping org.apache.hadoop.ozone.om.ratis.OzoneManagerRatisServer@32fe6b1e at port 15009
2025-05-28 15:17:28,393 [main] INFO  server.RaftServer (RaftServerProxy.java:lambda$close$9(417)) - om1: close
2025-05-28 15:17:28,393 [main] INFO  server.GrpcService (GrpcService.java:closeImpl(343)) - om1: shutdown server GrpcServerProtocolService now
2025-05-28 15:17:28,393 [om1-impl-thread1] INFO  server.RaftServer$Division (RaftServerImpl.java:lambda$close$1(513)) - om1@group-C5BA1605619E: shutdown
2025-05-28 15:17:28,394 [om1-impl-thread1] INFO  util.JmxRegister (JmxRegister.java:unregister(74)) - Successfully un-registered JMX Bean with object name Ratis:service=RaftServer,group=group-C5BA1605619E,id=om1
2025-05-28 15:17:28,394 [om1-impl-thread1] INFO  impl.RoleInfo (RoleInfo.java:shutdownLeaderState(103)) - om1: shutdown om1@group-C5BA1605619E-LeaderStateImpl
2025-05-28 15:17:28,394 [om1-impl-thread1] INFO  impl.PendingRequests (PendingRequests.java:sendNotLeaderResponses(287)) - om1@group-C5BA1605619E-PendingRequests: sendNotLeaderResponses
2025-05-28 15:17:28,394 [main] INFO  server.GrpcService (GrpcService.java:closeImpl(352)) - om1: shutdown server GrpcServerProtocolService successfully
2025-05-28 15:17:28,395 [om1-impl-thread1] INFO  impl.StateMachineUpdater (StateMachineUpdater.java:stopAndJoin(164)) - om1@group-C5BA1605619E-StateMachineUpdater: set stopIndex = 0
2025-05-28 15:17:28,413 [om1@group-C5BA1605619E-StateMachineUpdater] INFO  ratis.OzoneManagerStateMachine (OzoneManagerStateMachine.java:takeSnapshotImpl(515)) - om1: taking snapshot. applied = (t:1, i:0), skipped = -1, notified = (t:1, i:0), current snapshot index = (t:1, i:0), took 18 ms
2025-05-28 15:17:28,413 [om1@group-C5BA1605619E-StateMachineUpdater] INFO  impl.StateMachineUpdater (StateMachineUpdater.java:takeSnapshot(303)) - om1@group-C5BA1605619E-StateMachineUpdater: Took a snapshot at index 0
2025-05-28 15:17:28,413 [om1@group-C5BA1605619E-StateMachineUpdater] INFO  impl.StateMachineUpdater (StateMachineUpdater.java:lambda$new$0(102)) - om1@group-C5BA1605619E-StateMachineUpdater: snapshotIndex: updateIncreasingly -1 -> 0
2025-05-28 15:17:28,413 [om1@group-C5BA1605619E-StateMachineUpdater] INFO  impl.StateMachineUpdater (StateMachineUpdater.java:stop(141)) - om1@group-C5BA1605619E-StateMachineUpdater: closing OzoneManagerStateMachine, lastApplied=(t:1, i:0)
2025-05-28 15:17:28,413 [om1@group-C5BA1605619E-StateMachineUpdater] INFO  ratis.OzoneManagerStateMachine (OzoneManagerStateMachine.java:close(555)) - Stopping OzoneManagerStateMachine:om1:group-C5BA1605619E.
2025-05-28 15:17:28,413 [om1@group-C5BA1605619E-StateMachineUpdater] INFO  ratis.OzoneManagerDoubleBuffer (OzoneManagerDoubleBuffer.java:stopDaemon(499)) - Stopping OMDoubleBuffer flush thread
2025-05-28 15:17:28,413 [om1-OMDoubleBufferFlushThread] INFO  ratis.OzoneManagerDoubleBuffer (OzoneManagerDoubleBuffer.java:canFlush(558)) - OMDoubleBuffer flush thread om1-OMDoubleBufferFlushThread is interrupted and will exit.
2025-05-28 15:17:28,414 [om1@group-C5BA1605619E-cacheEviction-AwaitToRun] INFO  util.AwaitToRun (AwaitToRun.java:run(49)) - om1@group-C5BA1605619E-cacheEviction-AwaitToRun-AwaitForSignal is interrupted
2025-05-28 15:17:28,418 [timer1] WARN  server.GrpcLogAppender (LogUtils.java:warn(121)) - dacc202e-cd42-4a7a-b335-fe62dff69130@group-A574A09B74EF->4795f679-20b5-4d5a-9a13-c70766a2a14f-AppendLogResponseHandler: Failed appendEntries (Repeated 10 times in the last 5.001s): org.apache.ratis.thirdparty.io.grpc.StatusRuntimeException: UNAVAILABLE: io exception
2025-05-28 15:17:28,473 [om1-impl-thread1] INFO  segmented.SegmentedRaftLogWorker (SegmentedRaftLogWorker.java:close(252)) - om1@group-C5BA1605619E-SegmentedRaftLogWorker close()
2025-05-28 15:17:28,474 [JvmPauseMonitor2] INFO  util.JvmPauseMonitor (JvmPauseMonitor.java:run(152)) - JvmPauseMonitor-om1: Stopped
2025-05-28 15:17:28,474 [main] INFO  utils.BackgroundService (BackgroundService.java:shutdown(160)) - Shutting down service KeyDeletingService
2025-05-28 15:17:28,474 [main] INFO  utils.BackgroundService (BackgroundService.java:shutdown(160)) - Shutting down service DirectoryDeletingService
2025-05-28 15:17:28,475 [main] INFO  utils.BackgroundService (BackgroundService.java:shutdown(160)) - Shutting down service OpenKeyCleanupService
2025-05-28 15:17:28,476 [main] INFO  utils.BackgroundService (BackgroundService.java:shutdown(160)) - Shutting down service SstFilteringService
2025-05-28 15:17:28,476 [main] INFO  utils.BackgroundService (BackgroundService.java:shutdown(160)) - Shutting down service SnapshotDeletingService
2025-05-28 15:17:28,477 [main] INFO  utils.BackgroundService (BackgroundService.java:shutdown(160)) - Shutting down service MultipartUploadCleanupService
2025-05-28 15:17:28,478 [main] INFO  handler.ContextHandler (ContextHandler.java:doStop(1159)) - Stopped o.e.j.w.WebAppContext@3f79660e{ozoneManager,/,null,STOPPED}{file:/home/runner/work/ozone/ozone/hadoop-ozone/integration-test/target/test-classes/webapps/ozoneManager}
2025-05-28 15:17:28,478 [main] INFO  server.AbstractConnector (AbstractConnector.java:doStop(383)) - Stopped ServerConnector@6e886e25{HTTP/1.1, (http/1.1)}{0.0.0.0:15007}
2025-05-28 15:17:28,478 [main] INFO  server.session (HouseKeeper.java:stopScavenging(149)) - node0 Stopped scavenging
2025-05-28 15:17:28,479 [main] INFO  handler.ContextHandler (ContextHandler.java:doStop(1159)) - Stopped o.e.j.s.ServletContextHandler@36ebd261{static,/static,file:///home/runner/work/ozone/ozone/hadoop-ozone/integration-test/target/test-classes/webapps/static,STOPPED}
2025-05-28 15:17:28,479 [main] INFO  handler.ContextHandler (ContextHandler.java:doStop(1159)) - Stopped o.e.j.s.ServletContextHandler@5f851718{logs,/logs,file:///home/runner/work/ozone/ozone/hadoop-ozone/integration-test/target/log,STOPPED}
2025-05-28 15:17:28,480 [main] INFO  rocksdiff.RocksDBCheckpointDiffer (RocksDBCheckpointDiffer.java:close(338)) - Shutting down CompactionDagPruningService.
2025-05-28 15:17:28,483 [main] INFO  snapshot.SnapshotDiffManager (SnapshotDiffManager.java:closeExecutorService(1725)) - Shutting down executorService: 'SnapDiffExecutor'
2025-05-28 15:17:28,483 [main] INFO  utils.BackgroundService (BackgroundService.java:shutdown(160)) - Shutting down service SnapshotDiffCleanupService
2025-05-28 15:17:28,485 [main] INFO  ozone.MiniOzoneClusterImpl (MiniOzoneClusterImpl.java:stopDatanodes(435)) - Stopping the HddsDatanodes
2025-05-28 15:17:28,486 [ForkJoinPool.commonPool-worker-2] INFO  ozoneimpl.OzoneContainer (OzoneContainer.java:stop(536)) - Attempting to stop container services.
2025-05-28 15:17:28,487 [ContainerMetadataScanner] WARN  ozoneimpl.AbstractBackgroundContainerScanner (AbstractBackgroundContainerScanner.java:handleRemainingSleep(136)) - Background container scan was interrupted.
2025-05-28 15:17:28,487 [ContainerMetadataScanner] INFO  ozoneimpl.AbstractBackgroundContainerScanner (AbstractBackgroundContainerScanner.java:run(63)) - org.apache.hadoop.ozone.container.ozoneimpl.BackgroundContainerMetadataScanner@3e96762d exiting.
2025-05-28 15:17:28,487 [ForkJoinPool.commonPool-worker-2] INFO  ozoneimpl.BackgroundContainerDataScanner (BackgroundContainerDataScanner.java:shutdown(141)) - ContainerDataScanner(/home/runner/work/ozone/ozone/hadoop-ozone/integration-test/target/test-dir/MiniOzoneClusterImpl-723737d7-d862-4a19-a51f-6b1567aa62b1/ozone-meta/datanode-5/data-0/hdds) is shutting down. 
2025-05-28 15:17:28,487 [main] INFO  ozoneimpl.OzoneContainer (OzoneContainer.java:stop(536)) - Attempting to stop container services.
2025-05-28 15:17:28,488 [ContainerMetadataScanner] WARN  ozoneimpl.AbstractBackgroundContainerScanner (AbstractBackgroundContainerScanner.java:handleRemainingSleep(136)) - Background container scan was interrupted.
2025-05-28 15:17:28,488 [ContainerDataScanner(/home/runner/work/ozone/ozone/hadoop-ozone/integration-test/target/test-dir/MiniOzoneClusterImpl-723737d7-d862-4a19-a51f-6b1567aa62b1/ozone-meta/datanode-5/data-0/hdds)] WARN  ozoneimpl.AbstractBackgroundContainerScanner (AbstractBackgroundContainerScanner.java:handleRemainingSleep(136)) - Background container scan was interrupted.
2025-05-28 15:17:28,488 [ContainerDataScanner(/home/runner/work/ozone/ozone/hadoop-ozone/integration-test/target/test-dir/MiniOzoneClusterImpl-723737d7-d862-4a19-a51f-6b1567aa62b1/ozone-meta/datanode-5/data-0/hdds)] INFO  ozoneimpl.AbstractBackgroundContainerScanner (AbstractBackgroundContainerScanner.java:run(63)) - ContainerDataScanner(/home/runner/work/ozone/ozone/hadoop-ozone/integration-test/target/test-dir/MiniOzoneClusterImpl-723737d7-d862-4a19-a51f-6b1567aa62b1/ozone-meta/datanode-5/data-0/hdds, DS-f4450203-fc06-478c-be34-987740df3407) exiting.
2025-05-28 15:17:28,488 [ForkJoinPool.commonPool-worker-3] INFO  ozoneimpl.OzoneContainer (OzoneContainer.java:stop(536)) - Attempting to stop container services.
2025-05-28 15:17:28,488 [ContainerMetadataScanner] INFO  ozoneimpl.AbstractBackgroundContainerScanner (AbstractBackgroundContainerScanner.java:run(63)) - org.apache.hadoop.ozone.container.ozoneimpl.BackgroundContainerMetadataScanner@4c6f472e exiting.
2025-05-28 15:17:28,488 [ContainerMetadataScanner] WARN  ozoneimpl.AbstractBackgroundContainerScanner (AbstractBackgroundContainerScanner.java:handleRemainingSleep(136)) - Background container scan was interrupted.
2025-05-28 15:17:28,488 [ContainerMetadataScanner] INFO  ozoneimpl.AbstractBackgroundContainerScanner (AbstractBackgroundContainerScanner.java:run(63)) - org.apache.hadoop.ozone.container.ozoneimpl.BackgroundContainerMetadataScanner@6aab0d17 exiting.
2025-05-28 15:17:28,489 [ForkJoinPool.commonPool-worker-2] INFO  ratis.XceiverServerRatis (XceiverServerRatis.java:stop(594)) - Closing XceiverServerRatis(78b7fabf-ca2a-4b70-8534-e46926e2083c)
2025-05-28 15:17:28,489 [ForkJoinPool.commonPool-worker-2] INFO  server.RaftServer (RaftServerProxy.java:lambda$close$9(417)) - 78b7fabf-ca2a-4b70-8534-e46926e2083c: close
2025-05-28 15:17:28,489 [78b7fabf-ca2a-4b70-8534-e46926e2083c-impl-thread1] INFO  server.RaftServer$Division (RaftServerImpl.java:lambda$close$1(513)) - 78b7fabf-ca2a-4b70-8534-e46926e2083c@group-24323FEED52C: shutdown
2025-05-28 15:17:28,489 [78b7fabf-ca2a-4b70-8534-e46926e2083c-impl-thread1] INFO  util.JmxRegister (JmxRegister.java:unregister(74)) - Successfully un-registered JMX Bean with object name Ratis:service=RaftServer,group=group-24323FEED52C,id=78b7fabf-ca2a-4b70-8534-e46926e2083c
2025-05-28 15:17:28,489 [78b7fabf-ca2a-4b70-8534-e46926e2083c-impl-thread1] INFO  impl.RoleInfo (RoleInfo.java:shutdownLeaderState(103)) - 78b7fabf-ca2a-4b70-8534-e46926e2083c: shutdown 78b7fabf-ca2a-4b70-8534-e46926e2083c@group-24323FEED52C-LeaderStateImpl
2025-05-28 15:17:28,489 [main] INFO  ozoneimpl.BackgroundContainerDataScanner (BackgroundContainerDataScanner.java:shutdown(141)) - ContainerDataScanner(/home/runner/work/ozone/ozone/hadoop-ozone/integration-test/target/test-dir/MiniOzoneClusterImpl-723737d7-d862-4a19-a51f-6b1567aa62b1/ozone-meta/datanode-3/data-0/hdds) is shutting down. 
2025-05-28 15:17:28,489 [ForkJoinPool.commonPool-worker-3] INFO  ozoneimpl.BackgroundContainerDataScanner (BackgroundContainerDataScanner.java:shutdown(141)) - ContainerDataScanner(/home/runner/work/ozone/ozone/hadoop-ozone/integration-test/target/test-dir/MiniOzoneClusterImpl-723737d7-d862-4a19-a51f-6b1567aa62b1/ozone-meta/datanode-4/data-0/hdds) is shutting down. 
2025-05-28 15:17:28,489 [ForkJoinPool.commonPool-worker-2] INFO  server.GrpcService (GrpcService.java:closeImpl(343)) - 78b7fabf-ca2a-4b70-8534-e46926e2083c: shutdown server org.apache.ratis.grpc.server.GrpcClientProtocolService now
2025-05-28 15:17:28,489 [ContainerDataScanner(/home/runner/work/ozone/ozone/hadoop-ozone/integration-test/target/test-dir/MiniOzoneClusterImpl-723737d7-d862-4a19-a51f-6b1567aa62b1/ozone-meta/datanode-3/data-0/hdds)] WARN  ozoneimpl.AbstractBackgroundContainerScanner (AbstractBackgroundContainerScanner.java:handleRemainingSleep(136)) - Background container scan was interrupted.
2025-05-28 15:17:28,489 [ContainerDataScanner(/home/runner/work/ozone/ozone/hadoop-ozone/integration-test/target/test-dir/MiniOzoneClusterImpl-723737d7-d862-4a19-a51f-6b1567aa62b1/ozone-meta/datanode-4/data-0/hdds)] WARN  ozoneimpl.AbstractBackgroundContainerScanner (AbstractBackgroundContainerScanner.java:handleRemainingSleep(136)) - Background container scan was interrupted.
2025-05-28 15:17:28,490 [ContainerDataScanner(/home/runner/work/ozone/ozone/hadoop-ozone/integration-test/target/test-dir/MiniOzoneClusterImpl-723737d7-d862-4a19-a51f-6b1567aa62b1/ozone-meta/datanode-3/data-0/hdds)] INFO  ozoneimpl.AbstractBackgroundContainerScanner (AbstractBackgroundContainerScanner.java:run(63)) - ContainerDataScanner(/home/runner/work/ozone/ozone/hadoop-ozone/integration-test/target/test-dir/MiniOzoneClusterImpl-723737d7-d862-4a19-a51f-6b1567aa62b1/ozone-meta/datanode-3/data-0/hdds, DS-7af5c1f2-fd57-40ff-b91b-da2179e40e22) exiting.
2025-05-28 15:17:28,489 [78b7fabf-ca2a-4b70-8534-e46926e2083c-impl-thread1] INFO  impl.PendingRequests (PendingRequests.java:sendNotLeaderResponses(287)) - 78b7fabf-ca2a-4b70-8534-e46926e2083c@group-24323FEED52C-PendingRequests: sendNotLeaderResponses
2025-05-28 15:17:28,490 [ContainerDataScanner(/home/runner/work/ozone/ozone/hadoop-ozone/integration-test/target/test-dir/MiniOzoneClusterImpl-723737d7-d862-4a19-a51f-6b1567aa62b1/ozone-meta/datanode-4/data-0/hdds)] INFO  ozoneimpl.AbstractBackgroundContainerScanner (AbstractBackgroundContainerScanner.java:run(63)) - ContainerDataScanner(/home/runner/work/ozone/ozone/hadoop-ozone/integration-test/target/test-dir/MiniOzoneClusterImpl-723737d7-d862-4a19-a51f-6b1567aa62b1/ozone-meta/datanode-4/data-0/hdds, DS-bf429ec0-a8b7-4c90-b82c-bf8f7808ba25) exiting.
2025-05-28 15:17:28,490 [ForkJoinPool.commonPool-worker-3] INFO  ratis.XceiverServerRatis (XceiverServerRatis.java:stop(594)) - Closing XceiverServerRatis(2b1bfca1-1fdc-4b0a-9b4d-c21112718afa)
2025-05-28 15:17:28,491 [ForkJoinPool.commonPool-worker-3] INFO  server.RaftServer (RaftServerProxy.java:lambda$close$9(417)) - 2b1bfca1-1fdc-4b0a-9b4d-c21112718afa: close
2025-05-28 15:17:28,491 [main] INFO  ratis.XceiverServerRatis (XceiverServerRatis.java:stop(594)) - Closing XceiverServerRatis(dacc202e-cd42-4a7a-b335-fe62dff69130)
2025-05-28 15:17:28,491 [main] INFO  server.RaftServer (RaftServerProxy.java:lambda$close$9(417)) - dacc202e-cd42-4a7a-b335-fe62dff69130: close
2025-05-28 15:17:28,491 [main] INFO  server.GrpcService (GrpcService.java:closeImpl(343)) - dacc202e-cd42-4a7a-b335-fe62dff69130: shutdown server org.apache.ratis.grpc.server.GrpcClientProtocolService now
2025-05-28 15:17:28,491 [ForkJoinPool.commonPool-worker-2] INFO  server.GrpcService (GrpcService.java:closeImpl(352)) - 78b7fabf-ca2a-4b70-8534-e46926e2083c: shutdown server org.apache.ratis.grpc.server.GrpcClientProtocolService successfully
2025-05-28 15:17:28,491 [ForkJoinPool.commonPool-worker-2] INFO  server.GrpcService (GrpcService.java:closeImpl(343)) - 78b7fabf-ca2a-4b70-8534-e46926e2083c: shutdown server GrpcServerProtocolService now
2025-05-28 15:17:28,491 [ForkJoinPool.commonPool-worker-3] INFO  server.GrpcService (GrpcService.java:closeImpl(343)) - 2b1bfca1-1fdc-4b0a-9b4d-c21112718afa: shutdown server org.apache.ratis.grpc.server.GrpcClientProtocolService now
2025-05-28 15:17:28,491 [dacc202e-cd42-4a7a-b335-fe62dff69130-impl-thread1] INFO  server.RaftServer$Division (RaftServerImpl.java:lambda$close$1(513)) - dacc202e-cd42-4a7a-b335-fe62dff69130@group-F8F976EC3E9D: shutdown
2025-05-28 15:17:28,492 [dacc202e-cd42-4a7a-b335-fe62dff69130-impl-thread1] INFO  util.JmxRegister (JmxRegister.java:unregister(74)) - Successfully un-registered JMX Bean with object name Ratis:service=RaftServer,group=group-F8F976EC3E9D,id=dacc202e-cd42-4a7a-b335-fe62dff69130
2025-05-28 15:17:28,492 [dacc202e-cd42-4a7a-b335-fe62dff69130-impl-thread1] INFO  impl.RoleInfo (RoleInfo.java:shutdownLeaderState(103)) - dacc202e-cd42-4a7a-b335-fe62dff69130: shutdown dacc202e-cd42-4a7a-b335-fe62dff69130@group-F8F976EC3E9D-LeaderStateImpl
2025-05-28 15:17:28,492 [dacc202e-cd42-4a7a-b335-fe62dff69130-impl-thread1] INFO  impl.PendingRequests (PendingRequests.java:sendNotLeaderResponses(287)) - dacc202e-cd42-4a7a-b335-fe62dff69130@group-F8F976EC3E9D-PendingRequests: sendNotLeaderResponses
2025-05-28 15:17:28,492 [ForkJoinPool.commonPool-worker-2] INFO  server.GrpcService (GrpcService.java:closeImpl(352)) - 78b7fabf-ca2a-4b70-8534-e46926e2083c: shutdown server GrpcServerProtocolService successfully
2025-05-28 15:17:28,492 [ForkJoinPool.commonPool-worker-2] INFO  server.GrpcService (GrpcService.java:closeImpl(343)) - 78b7fabf-ca2a-4b70-8534-e46926e2083c: shutdown server org.apache.ratis.grpc.server.GrpcAdminProtocolService now
2025-05-28 15:17:28,492 [Thread-871] INFO  server.GrpcServerProtocolClient (GrpcServerProtocolClient.java:close(105)) - 4795f679-20b5-4d5a-9a13-c70766a2a14f Close channels
2025-05-28 15:17:28,492 [dacc202e-cd42-4a7a-b335-fe62dff69130-impl-thread1] INFO  impl.StateMachineUpdater (StateMachineUpdater.java:stopAndJoin(164)) - dacc202e-cd42-4a7a-b335-fe62dff69130@group-F8F976EC3E9D-StateMachineUpdater: set stopIndex = 0
2025-05-28 15:17:28,493 [78b7fabf-ca2a-4b70-8534-e46926e2083c-impl-thread1] INFO  impl.StateMachineUpdater (StateMachineUpdater.java:stopAndJoin(164)) - 78b7fabf-ca2a-4b70-8534-e46926e2083c@group-24323FEED52C-StateMachineUpdater: set stopIndex = 0
2025-05-28 15:17:28,491 [2b1bfca1-1fdc-4b0a-9b4d-c21112718afa-impl-thread1] INFO  server.RaftServer$Division (RaftServerImpl.java:lambda$close$1(513)) - 2b1bfca1-1fdc-4b0a-9b4d-c21112718afa@group-0D69DBD4F9B0: shutdown
2025-05-28 15:17:28,493 [2b1bfca1-1fdc-4b0a-9b4d-c21112718afa-impl-thread1] INFO  util.JmxRegister (JmxRegister.java:unregister(74)) - Successfully un-registered JMX Bean with object name Ratis:service=RaftServer,group=group-0D69DBD4F9B0,id=2b1bfca1-1fdc-4b0a-9b4d-c21112718afa
2025-05-28 15:17:28,493 [2b1bfca1-1fdc-4b0a-9b4d-c21112718afa-impl-thread1] INFO  impl.RoleInfo (RoleInfo.java:shutdownLeaderState(103)) - 2b1bfca1-1fdc-4b0a-9b4d-c21112718afa: shutdown 2b1bfca1-1fdc-4b0a-9b4d-c21112718afa@group-0D69DBD4F9B0-LeaderStateImpl
2025-05-28 15:17:28,493 [dacc202e-cd42-4a7a-b335-fe62dff69130@group-F8F976EC3E9D-StateMachineUpdater] INFO  ratis.ContainerStateMachine (ContainerStateMachine.java:takeSnapshot(427)) - group-F8F976EC3E9D: Taking a snapshot at:(t:1, i:0) file /home/runner/work/ozone/ozone/hadoop-ozone/integration-test/target/test-dir/MiniOzoneClusterImpl-723737d7-d862-4a19-a51f-6b1567aa62b1/ozone-meta/datanode-3/ratis/675c32b2-919d-4e26-8cce-f8f976ec3e9d/sm/snapshot.1_0
2025-05-28 15:17:28,493 [78b7fabf-ca2a-4b70-8534-e46926e2083c@group-24323FEED52C-StateMachineUpdater] INFO  ratis.ContainerStateMachine (ContainerStateMachine.java:takeSnapshot(427)) - group-24323FEED52C: Taking a snapshot at:(t:1, i:0) file /home/runner/work/ozone/ozone/hadoop-ozone/integration-test/target/test-dir/MiniOzoneClusterImpl-723737d7-d862-4a19-a51f-6b1567aa62b1/ozone-meta/datanode-5/ratis/874f0c76-b28c-46e1-bd10-24323feed52c/sm/snapshot.1_0
2025-05-28 15:17:28,493 [2b1bfca1-1fdc-4b0a-9b4d-c21112718afa-impl-thread1] INFO  impl.PendingRequests (PendingRequests.java:sendNotLeaderResponses(287)) - 2b1bfca1-1fdc-4b0a-9b4d-c21112718afa@group-0D69DBD4F9B0-PendingRequests: sendNotLeaderResponses
2025-05-28 15:17:28,493 [Thread-873] INFO  server.GrpcServerProtocolClient (GrpcServerProtocolClient.java:close(105)) - a755fe32-7d9a-4996-bc51-d7fbc67ab218 Close channels
2025-05-28 15:17:28,494 [2b1bfca1-1fdc-4b0a-9b4d-c21112718afa-impl-thread1] INFO  impl.StateMachineUpdater (StateMachineUpdater.java:stopAndJoin(164)) - 2b1bfca1-1fdc-4b0a-9b4d-c21112718afa@group-0D69DBD4F9B0-StateMachineUpdater: set stopIndex = 0
2025-05-28 15:17:28,494 [2b1bfca1-1fdc-4b0a-9b4d-c21112718afa@group-0D69DBD4F9B0-StateMachineUpdater] INFO  ratis.ContainerStateMachine (ContainerStateMachine.java:takeSnapshot(427)) - group-0D69DBD4F9B0: Taking a snapshot at:(t:1, i:0) file /home/runner/work/ozone/ozone/hadoop-ozone/integration-test/target/test-dir/MiniOzoneClusterImpl-723737d7-d862-4a19-a51f-6b1567aa62b1/ozone-meta/datanode-4/ratis/521a3680-1f3f-469b-9590-0d69dbd4f9b0/sm/snapshot.1_0
2025-05-28 15:17:28,494 [main] INFO  server.GrpcService (GrpcService.java:closeImpl(352)) - dacc202e-cd42-4a7a-b335-fe62dff69130: shutdown server org.apache.ratis.grpc.server.GrpcClientProtocolService successfully
2025-05-28 15:17:28,494 [main] INFO  server.GrpcService (GrpcService.java:closeImpl(343)) - dacc202e-cd42-4a7a-b335-fe62dff69130: shutdown server GrpcServerProtocolService now
2025-05-28 15:17:28,495 [ForkJoinPool.commonPool-worker-3] INFO  server.GrpcService (GrpcService.java:closeImpl(352)) - 2b1bfca1-1fdc-4b0a-9b4d-c21112718afa: shutdown server org.apache.ratis.grpc.server.GrpcClientProtocolService successfully
2025-05-28 15:17:28,495 [ForkJoinPool.commonPool-worker-3] INFO  server.GrpcService (GrpcService.java:closeImpl(343)) - 2b1bfca1-1fdc-4b0a-9b4d-c21112718afa: shutdown server GrpcServerProtocolService now
2025-05-28 15:17:28,495 [ForkJoinPool.commonPool-worker-2] INFO  server.GrpcService (GrpcService.java:closeImpl(352)) - 78b7fabf-ca2a-4b70-8534-e46926e2083c: shutdown server org.apache.ratis.grpc.server.GrpcAdminProtocolService successfully
2025-05-28 15:17:28,495 [ForkJoinPool.commonPool-worker-3] INFO  server.GrpcService (GrpcService.java:closeImpl(352)) - 2b1bfca1-1fdc-4b0a-9b4d-c21112718afa: shutdown server GrpcServerProtocolService successfully
2025-05-28 15:17:28,495 [ForkJoinPool.commonPool-worker-3] INFO  server.GrpcService (GrpcService.java:closeImpl(343)) - 2b1bfca1-1fdc-4b0a-9b4d-c21112718afa: shutdown server org.apache.ratis.grpc.server.GrpcAdminProtocolService now
2025-05-28 15:17:28,495 [ForkJoinPool.commonPool-worker-3] INFO  server.GrpcService (GrpcService.java:closeImpl(352)) - 2b1bfca1-1fdc-4b0a-9b4d-c21112718afa: shutdown server org.apache.ratis.grpc.server.GrpcAdminProtocolService successfully
2025-05-28 15:17:28,495 [main] INFO  server.GrpcService (GrpcService.java:closeImpl(352)) - dacc202e-cd42-4a7a-b335-fe62dff69130: shutdown server GrpcServerProtocolService successfully
2025-05-28 15:17:28,496 [main] INFO  server.GrpcService (GrpcService.java:closeImpl(343)) - dacc202e-cd42-4a7a-b335-fe62dff69130: shutdown server org.apache.ratis.grpc.server.GrpcAdminProtocolService now
2025-05-28 15:17:28,496 [78b7fabf-ca2a-4b70-8534-e46926e2083c-NettyServerStreamRpc-bossGroup--thread1] INFO  logging.LoggingHandler (AbstractInternalLogger.java:log(148)) - [id: 0xea6527a6, L:/0.0.0.0:15048] CLOSE
2025-05-28 15:17:28,496 [dacc202e-cd42-4a7a-b335-fe62dff69130@group-F8F976EC3E9D-StateMachineUpdater] INFO  ratis.ContainerStateMachine (ContainerStateMachine.java:takeSnapshot(436)) - group-F8F976EC3E9D: Finished taking a snapshot at:(t:1, i:0) file:/home/runner/work/ozone/ozone/hadoop-ozone/integration-test/target/test-dir/MiniOzoneClusterImpl-723737d7-d862-4a19-a51f-6b1567aa62b1/ozone-meta/datanode-3/ratis/675c32b2-919d-4e26-8cce-f8f976ec3e9d/sm/snapshot.1_0 took: 3 ms
2025-05-28 15:17:28,496 [2b1bfca1-1fdc-4b0a-9b4d-c21112718afa-NettyServerStreamRpc-bossGroup--thread1] INFO  logging.LoggingHandler (AbstractInternalLogger.java:log(148)) - [id: 0xfdb69379, L:/0.0.0.0:15040] CLOSE
2025-05-28 15:17:28,496 [2b1bfca1-1fdc-4b0a-9b4d-c21112718afa-NettyServerStreamRpc-bossGroup--thread1] INFO  logging.LoggingHandler (AbstractInternalLogger.java:log(148)) - [id: 0xfdb69379, L:/0.0.0.0:15040] INACTIVE
2025-05-28 15:17:28,497 [2b1bfca1-1fdc-4b0a-9b4d-c21112718afa-NettyServerStreamRpc-bossGroup--thread1] INFO  logging.LoggingHandler (AbstractInternalLogger.java:log(148)) - [id: 0xfdb69379, L:/0.0.0.0:15040] UNREGISTERED
2025-05-28 15:17:28,497 [main] INFO  server.GrpcService (GrpcService.java:closeImpl(352)) - dacc202e-cd42-4a7a-b335-fe62dff69130: shutdown server org.apache.ratis.grpc.server.GrpcAdminProtocolService successfully
2025-05-28 15:17:28,496 [78b7fabf-ca2a-4b70-8534-e46926e2083c-NettyServerStreamRpc-bossGroup--thread1] INFO  logging.LoggingHandler (AbstractInternalLogger.java:log(148)) - [id: 0xea6527a6, L:/0.0.0.0:15048] INACTIVE
2025-05-28 15:17:28,497 [78b7fabf-ca2a-4b70-8534-e46926e2083c-NettyServerStreamRpc-bossGroup--thread1] INFO  logging.LoggingHandler (AbstractInternalLogger.java:log(148)) - [id: 0xea6527a6, L:/0.0.0.0:15048] UNREGISTERED
2025-05-28 15:17:28,496 [78b7fabf-ca2a-4b70-8534-e46926e2083c@group-24323FEED52C-StateMachineUpdater] INFO  ratis.ContainerStateMachine (ContainerStateMachine.java:takeSnapshot(436)) - group-24323FEED52C: Finished taking a snapshot at:(t:1, i:0) file:/home/runner/work/ozone/ozone/hadoop-ozone/integration-test/target/test-dir/MiniOzoneClusterImpl-723737d7-d862-4a19-a51f-6b1567aa62b1/ozone-meta/datanode-5/ratis/874f0c76-b28c-46e1-bd10-24323feed52c/sm/snapshot.1_0 took: 3 ms
2025-05-28 15:17:28,497 [2b1bfca1-1fdc-4b0a-9b4d-c21112718afa@group-0D69DBD4F9B0-StateMachineUpdater] INFO  ratis.ContainerStateMachine (ContainerStateMachine.java:takeSnapshot(436)) - group-0D69DBD4F9B0: Finished taking a snapshot at:(t:1, i:0) file:/home/runner/work/ozone/ozone/hadoop-ozone/integration-test/target/test-dir/MiniOzoneClusterImpl-723737d7-d862-4a19-a51f-6b1567aa62b1/ozone-meta/datanode-4/ratis/521a3680-1f3f-469b-9590-0d69dbd4f9b0/sm/snapshot.1_0 took: 3 ms
2025-05-28 15:17:28,498 [2b1bfca1-1fdc-4b0a-9b4d-c21112718afa@group-0D69DBD4F9B0-StateMachineUpdater] INFO  impl.StateMachineUpdater (StateMachineUpdater.java:takeSnapshot(303)) - 2b1bfca1-1fdc-4b0a-9b4d-c21112718afa@group-0D69DBD4F9B0-StateMachineUpdater: Took a snapshot at index 0
2025-05-28 15:17:28,498 [2b1bfca1-1fdc-4b0a-9b4d-c21112718afa@group-0D69DBD4F9B0-StateMachineUpdater] INFO  impl.StateMachineUpdater (StateMachineUpdater.java:lambda$new$0(102)) - 2b1bfca1-1fdc-4b0a-9b4d-c21112718afa@group-0D69DBD4F9B0-StateMachineUpdater: snapshotIndex: updateIncreasingly -1 -> 0
2025-05-28 15:17:28,498 [2b1bfca1-1fdc-4b0a-9b4d-c21112718afa@group-0D69DBD4F9B0-StateMachineUpdater] INFO  impl.StateMachineUpdater (StateMachineUpdater.java:stop(141)) - 2b1bfca1-1fdc-4b0a-9b4d-c21112718afa@group-0D69DBD4F9B0-StateMachineUpdater: closing ContainerStateMachine, lastApplied=(t:1, i:0)
2025-05-28 15:17:28,497 [dacc202e-cd42-4a7a-b335-fe62dff69130@group-F8F976EC3E9D-StateMachineUpdater] INFO  impl.StateMachineUpdater (StateMachineUpdater.java:takeSnapshot(303)) - dacc202e-cd42-4a7a-b335-fe62dff69130@group-F8F976EC3E9D-StateMachineUpdater: Took a snapshot at index 0
2025-05-28 15:17:28,498 [2b1bfca1-1fdc-4b0a-9b4d-c21112718afa@group-0D69DBD4F9B0-cacheEviction-AwaitToRun] INFO  util.AwaitToRun (AwaitToRun.java:run(49)) - 2b1bfca1-1fdc-4b0a-9b4d-c21112718afa@group-0D69DBD4F9B0-cacheEviction-AwaitToRun-AwaitForSignal is interrupted
2025-05-28 15:17:28,498 [78b7fabf-ca2a-4b70-8534-e46926e2083c@group-24323FEED52C-StateMachineUpdater] INFO  impl.StateMachineUpdater (StateMachineUpdater.java:takeSnapshot(303)) - 78b7fabf-ca2a-4b70-8534-e46926e2083c@group-24323FEED52C-StateMachineUpdater: Took a snapshot at index 0
2025-05-28 15:17:28,499 [78b7fabf-ca2a-4b70-8534-e46926e2083c@group-24323FEED52C-StateMachineUpdater] INFO  impl.StateMachineUpdater (StateMachineUpdater.java:lambda$new$0(102)) - 78b7fabf-ca2a-4b70-8534-e46926e2083c@group-24323FEED52C-StateMachineUpdater: snapshotIndex: updateIncreasingly -1 -> 0
2025-05-28 15:17:28,498 [dacc202e-cd42-4a7a-b335-fe62dff69130@group-F8F976EC3E9D-StateMachineUpdater] INFO  impl.StateMachineUpdater (StateMachineUpdater.java:lambda$new$0(102)) - dacc202e-cd42-4a7a-b335-fe62dff69130@group-F8F976EC3E9D-StateMachineUpdater: snapshotIndex: updateIncreasingly -1 -> 0
2025-05-28 15:17:28,499 [78b7fabf-ca2a-4b70-8534-e46926e2083c@group-24323FEED52C-StateMachineUpdater] INFO  impl.StateMachineUpdater (StateMachineUpdater.java:stop(141)) - 78b7fabf-ca2a-4b70-8534-e46926e2083c@group-24323FEED52C-StateMachineUpdater: closing ContainerStateMachine, lastApplied=(t:1, i:0)
2025-05-28 15:17:28,499 [dacc202e-cd42-4a7a-b335-fe62dff69130@group-F8F976EC3E9D-StateMachineUpdater] INFO  impl.StateMachineUpdater (StateMachineUpdater.java:stop(141)) - dacc202e-cd42-4a7a-b335-fe62dff69130@group-F8F976EC3E9D-StateMachineUpdater: closing ContainerStateMachine, lastApplied=(t:1, i:0)
2025-05-28 15:17:28,500 [78b7fabf-ca2a-4b70-8534-e46926e2083c@group-24323FEED52C-cacheEviction-AwaitToRun] INFO  util.AwaitToRun (AwaitToRun.java:run(49)) - 78b7fabf-ca2a-4b70-8534-e46926e2083c@group-24323FEED52C-cacheEviction-AwaitToRun-AwaitForSignal is interrupted
2025-05-28 15:17:28,500 [dacc202e-cd42-4a7a-b335-fe62dff69130@group-F8F976EC3E9D-cacheEviction-AwaitToRun] INFO  util.AwaitToRun (AwaitToRun.java:run(49)) - dacc202e-cd42-4a7a-b335-fe62dff69130@group-F8F976EC3E9D-cacheEviction-AwaitToRun-AwaitForSignal is interrupted
2025-05-28 15:17:28,509 [dacc202e-cd42-4a7a-b335-fe62dff69130-NettyServerStreamRpc-bossGroup--thread1] INFO  logging.LoggingHandler (AbstractInternalLogger.java:log(148)) - [id: 0x5c287f46, L:/0.0.0.0:15032] CLOSE
2025-05-28 15:17:28,509 [dacc202e-cd42-4a7a-b335-fe62dff69130-NettyServerStreamRpc-bossGroup--thread1] INFO  logging.LoggingHandler (AbstractInternalLogger.java:log(148)) - [id: 0x5c287f46, L:/0.0.0.0:15032] INACTIVE
2025-05-28 15:17:28,510 [dacc202e-cd42-4a7a-b335-fe62dff69130-NettyServerStreamRpc-bossGroup--thread1] INFO  logging.LoggingHandler (AbstractInternalLogger.java:log(148)) - [id: 0x5c287f46, L:/0.0.0.0:15032] UNREGISTERED
2025-05-28 15:17:28,514 [2b1bfca1-1fdc-4b0a-9b4d-c21112718afa-impl-thread1] INFO  segmented.SegmentedRaftLogWorker (SegmentedRaftLogWorker.java:close(252)) - 2b1bfca1-1fdc-4b0a-9b4d-c21112718afa@group-0D69DBD4F9B0-SegmentedRaftLogWorker close()
2025-05-28 15:17:28,514 [2b1bfca1-1fdc-4b0a-9b4d-c21112718afa-impl-thread1] INFO  ratis.ContainerStateMachine (ContainerStateMachine.java:notifyServerShutdown(1038)) - group-0D69DBD4F9B0 is closed by HddsDatanodeService
2025-05-28 15:17:28,514 [JvmPauseMonitor6] INFO  util.JvmPauseMonitor (JvmPauseMonitor.java:run(152)) - JvmPauseMonitor-2b1bfca1-1fdc-4b0a-9b4d-c21112718afa: Stopped
2025-05-28 15:17:28,806 [78b7fabf-ca2a-4b70-8534-e46926e2083c-impl-thread1] INFO  segmented.SegmentedRaftLogWorker (SegmentedRaftLogWorker.java:close(252)) - 78b7fabf-ca2a-4b70-8534-e46926e2083c@group-24323FEED52C-SegmentedRaftLogWorker close()
2025-05-28 15:17:28,806 [78b7fabf-ca2a-4b70-8534-e46926e2083c-impl-thread1] INFO  ratis.ContainerStateMachine (ContainerStateMachine.java:notifyServerShutdown(1038)) - group-24323FEED52C is closed by HddsDatanodeService
2025-05-28 15:17:28,806 [JvmPauseMonitor7] INFO  util.JvmPauseMonitor (JvmPauseMonitor.java:run(152)) - JvmPauseMonitor-78b7fabf-ca2a-4b70-8534-e46926e2083c: Stopped
2025-05-28 15:17:28,817 [pool-237-thread-1] INFO  utils.DatanodeStoreCache (DatanodeStoreCache.java:shutdownCache(114)) - Skip clearing cache in mini cluster mode. Entries left: [/home/runner/work/ozone/ozone/hadoop-ozone/integration-test/target/test-dir/MiniOzoneClusterImpl-723737d7-d862-4a19-a51f-6b1567aa62b1/ozone-meta/datanode-2/data-0/hdds/723737d7-d862-4a19-a51f-6b1567aa62b1/DS-1d5211c9-e946-45bc-acd5-d43593fa47a5/container.db, /home/runner/work/ozone/ozone/hadoop-ozone/integration-test/target/test-dir/MiniOzoneClusterImpl-723737d7-d862-4a19-a51f-6b1567aa62b1/ozone-meta/datanode-3/data-0/hdds/723737d7-d862-4a19-a51f-6b1567aa62b1/DS-7af5c1f2-fd57-40ff-b91b-da2179e40e22/container.db, /home/runner/work/ozone/ozone/hadoop-ozone/integration-test/target/test-dir/MiniOzoneClusterImpl-723737d7-d862-4a19-a51f-6b1567aa62b1/ozone-meta/datanode-4/data-0/hdds/723737d7-d862-4a19-a51f-6b1567aa62b1/DS-bf429ec0-a8b7-4c90-b82c-bf8f7808ba25/container.db, /home/runner/work/ozone/ozone/hadoop-ozone/integration-test/target/test-dir/MiniOzoneClusterImpl-723737d7-d862-4a19-a51f-6b1567aa62b1/ozone-meta/datanode-5/data-0/hdds/723737d7-d862-4a19-a51f-6b1567aa62b1/DS-f4450203-fc06-478c-be34-987740df3407/container.db]
2025-05-28 15:17:28,818 [pool-237-thread-1] INFO  utils.DatanodeStoreCache (DatanodeStoreCache.java:removeDB(108)) - Removed db /home/runner/work/ozone/ozone/hadoop-ozone/integration-test/target/test-dir/MiniOzoneClusterImpl-723737d7-d862-4a19-a51f-6b1567aa62b1/ozone-meta/datanode-2/data-0/hdds/723737d7-d862-4a19-a51f-6b1567aa62b1/DS-1d5211c9-e946-45bc-acd5-d43593fa47a5/container.db from cache
2025-05-28 15:17:28,818 [pool-237-thread-1] INFO  volume.HddsVolume (HddsVolume.java:closeDbStore(543)) - SchemaV3 db is stopped at /home/runner/work/ozone/ozone/hadoop-ozone/integration-test/target/test-dir/MiniOzoneClusterImpl-723737d7-d862-4a19-a51f-6b1567aa62b1/ozone-meta/datanode-2/data-0/hdds/723737d7-d862-4a19-a51f-6b1567aa62b1/DS-1d5211c9-e946-45bc-acd5-d43593fa47a5/container.db for volume DS-1d5211c9-e946-45bc-acd5-d43593fa47a5
2025-05-28 15:17:28,818 [pool-237-thread-1] INFO  utils.BackgroundService (BackgroundService.java:shutdown(160)) - Shutting down service BlockDeletingService
2025-05-28 15:17:28,820 [pool-237-thread-1] INFO  utils.BackgroundService (BackgroundService.java:shutdown(160)) - Shutting down service StaleRecoveringContainerScrubbingService
2025-05-28 15:17:28,820 [pool-237-thread-1] INFO  statemachine.DatanodeStateMachine (DatanodeStateMachine.java:stopDaemon(630)) - Ozone container server stopped.
2025-05-28 15:17:28,833 [pool-237-thread-1] INFO  handler.ContextHandler (ContextHandler.java:doStop(1159)) - Stopped o.e.j.w.WebAppContext@36e73413{hddsDatanode,/,null,STOPPED}{jar:file:/home/runner/work/ozone/ozone/hadoop-hdds/container-service/target/hdds-container-service-2.1.0-SNAPSHOT.jar!/webapps/hddsDatanode}
2025-05-28 15:17:28,833 [pool-237-thread-1] INFO  server.AbstractConnector (AbstractConnector.java:doStop(383)) - Stopped ServerConnector@1c9e9bfb{HTTP/1.1, (http/1.1)}{0.0.0.0:15018}
2025-05-28 15:17:28,833 [pool-237-thread-1] INFO  server.session (HouseKeeper.java:stopScavenging(149)) - node0 Stopped scavenging
2025-05-28 15:17:28,834 [pool-237-thread-1] INFO  handler.ContextHandler (ContextHandler.java:doStop(1159)) - Stopped o.e.j.s.ServletContextHandler@7d12c4dd{static,/static,jar:file:/home/runner/work/ozone/ozone/hadoop-hdds/container-service/target/hdds-container-service-2.1.0-SNAPSHOT.jar!/webapps/static,STOPPED}
2025-05-28 15:17:28,834 [pool-237-thread-1] INFO  handler.ContextHandler (ContextHandler.java:doStop(1159)) - Stopped o.e.j.s.ServletContextHandler@202684ba{logs,/logs,file:///home/runner/work/ozone/ozone/hadoop-ozone/integration-test/target/log,STOPPED}
2025-05-28 15:17:28,834 [pool-237-thread-1] INFO  ozone.HddsDatanodeClientProtocolServer (HddsDatanodeClientProtocolServer.java:stop(82)) - Stopping the RPC server for Client Protocol
2025-05-28 15:17:28,835 [pool-237-thread-1] INFO  ipc.Server (Server.java:stop(3697)) - Stopping server on 15019
2025-05-28 15:17:28,837 [IPC Server listener on 15019] INFO  ipc.Server (Server.java:run(1585)) - Stopping IPC Server listener on 15019
2025-05-28 15:17:28,837 [IPC Server Responder] INFO  ipc.Server (Server.java:run(1718)) - Stopping IPC Server Responder
2025-05-28 15:17:29,091 [EventQueue-StaleNodeForStaleNodeHandler] INFO  node.StaleNodeHandler (StaleNodeHandler.java:onMessage(51)) - Datanode a755fe32-7d9a-4996-bc51-d7fbc67ab218(localhost/127.0.0.1) moved to stale state. Finalizing its pipelines [Pipeline-f117c5d4-1fac-41a1-a14c-49974e48289d]
2025-05-28 15:17:29,094 [EventQueue-StaleNodeForStaleNodeHandler] INFO  pipeline.PipelineManagerImpl (PipelineManagerImpl.java:closePipeline(509)) - Pipeline Pipeline-f117c5d4-1fac-41a1-a14c-49974e48289d moved to CLOSED state
2025-05-28 15:17:29,168 [timer2] WARN  server.GrpcLogAppender (LogUtils.java:warn(121)) - a755fe32-7d9a-4996-bc51-d7fbc67ab218@group-3199EF5D7496->4795f679-20b5-4d5a-9a13-c70766a2a14f-AppendLogResponseHandler: Failed appendEntries (Repeated 4 times in the last 5.001s): org.apache.ratis.thirdparty.io.grpc.StatusRuntimeException: UNAVAILABLE: io exception
2025-05-28 15:17:29,169 [timer3] WARN  server.GrpcLogAppender (GrpcLogAppender.java:lambda$resetClient$1(221)) - dacc202e-cd42-4a7a-b335-fe62dff69130@group-A574A09B74EF->4795f679-20b5-4d5a-9a13-c70766a2a14f-GrpcLogAppender: Follower failed (request=null, errorCount=14); keep nextIndex (1) unchanged and retry. (Repeated 6 times in the last 5.000s)
2025-05-28 15:17:29,170 [timer4] WARN  server.GrpcLogAppender (GrpcLogAppender.java:lambda$resetClient$1(221)) - dacc202e-cd42-4a7a-b335-fe62dff69130@group-A574A09B74EF->4795f679-20b5-4d5a-9a13-c70766a2a14f-GrpcLogAppender: Follower failed (request=null, errorCount=12); keep nextIndex (0) unchanged and retry. (Repeated 7 times in the last 5.001s)
2025-05-28 15:17:29,183 [dacc202e-cd42-4a7a-b335-fe62dff69130-impl-thread1] INFO  segmented.SegmentedRaftLogWorker (SegmentedRaftLogWorker.java:close(252)) - dacc202e-cd42-4a7a-b335-fe62dff69130@group-F8F976EC3E9D-SegmentedRaftLogWorker close()
2025-05-28 15:17:29,183 [dacc202e-cd42-4a7a-b335-fe62dff69130-impl-thread1] INFO  ratis.ContainerStateMachine (ContainerStateMachine.java:notifyServerShutdown(1038)) - group-F8F976EC3E9D is closed by HddsDatanodeService
2025-05-28 15:17:29,183 [JvmPauseMonitor5] INFO  util.JvmPauseMonitor (JvmPauseMonitor.java:run(152)) - JvmPauseMonitor-dacc202e-cd42-4a7a-b335-fe62dff69130: Stopped
2025-05-28 15:17:30,517 [ForkJoinPool.commonPool-worker-3] INFO  utils.DatanodeStoreCache (DatanodeStoreCache.java:shutdownCache(114)) - Skip clearing cache in mini cluster mode. Entries left: [/home/runner/work/ozone/ozone/hadoop-ozone/integration-test/target/test-dir/MiniOzoneClusterImpl-723737d7-d862-4a19-a51f-6b1567aa62b1/ozone-meta/datanode-3/data-0/hdds/723737d7-d862-4a19-a51f-6b1567aa62b1/DS-7af5c1f2-fd57-40ff-b91b-da2179e40e22/container.db, /home/runner/work/ozone/ozone/hadoop-ozone/integration-test/target/test-dir/MiniOzoneClusterImpl-723737d7-d862-4a19-a51f-6b1567aa62b1/ozone-meta/datanode-4/data-0/hdds/723737d7-d862-4a19-a51f-6b1567aa62b1/DS-bf429ec0-a8b7-4c90-b82c-bf8f7808ba25/container.db, /home/runner/work/ozone/ozone/hadoop-ozone/integration-test/target/test-dir/MiniOzoneClusterImpl-723737d7-d862-4a19-a51f-6b1567aa62b1/ozone-meta/datanode-5/data-0/hdds/723737d7-d862-4a19-a51f-6b1567aa62b1/DS-f4450203-fc06-478c-be34-987740df3407/container.db]
2025-05-28 15:17:30,518 [ForkJoinPool.commonPool-worker-3] INFO  utils.DatanodeStoreCache (DatanodeStoreCache.java:removeDB(108)) - Removed db /home/runner/work/ozone/ozone/hadoop-ozone/integration-test/target/test-dir/MiniOzoneClusterImpl-723737d7-d862-4a19-a51f-6b1567aa62b1/ozone-meta/datanode-4/data-0/hdds/723737d7-d862-4a19-a51f-6b1567aa62b1/DS-bf429ec0-a8b7-4c90-b82c-bf8f7808ba25/container.db from cache
2025-05-28 15:17:30,518 [ForkJoinPool.commonPool-worker-3] INFO  volume.HddsVolume (HddsVolume.java:closeDbStore(543)) - SchemaV3 db is stopped at /home/runner/work/ozone/ozone/hadoop-ozone/integration-test/target/test-dir/MiniOzoneClusterImpl-723737d7-d862-4a19-a51f-6b1567aa62b1/ozone-meta/datanode-4/data-0/hdds/723737d7-d862-4a19-a51f-6b1567aa62b1/DS-bf429ec0-a8b7-4c90-b82c-bf8f7808ba25/container.db for volume DS-bf429ec0-a8b7-4c90-b82c-bf8f7808ba25
2025-05-28 15:17:30,518 [ForkJoinPool.commonPool-worker-3] INFO  utils.BackgroundService (BackgroundService.java:shutdown(160)) - Shutting down service BlockDeletingService
2025-05-28 15:17:30,519 [ForkJoinPool.commonPool-worker-3] INFO  utils.BackgroundService (BackgroundService.java:shutdown(160)) - Shutting down service StaleRecoveringContainerScrubbingService
2025-05-28 15:17:30,520 [ForkJoinPool.commonPool-worker-3] INFO  statemachine.DatanodeStateMachine (DatanodeStateMachine.java:stopDaemon(630)) - Ozone container server stopped.
2025-05-28 15:17:30,531 [ForkJoinPool.commonPool-worker-3] INFO  handler.ContextHandler (ContextHandler.java:doStop(1159)) - Stopped o.e.j.w.WebAppContext@60600939{hddsDatanode,/,null,STOPPED}{jar:file:/home/runner/work/ozone/ozone/hadoop-hdds/container-service/target/hdds-container-service-2.1.0-SNAPSHOT.jar!/webapps/hddsDatanode}
2025-05-28 15:17:30,532 [ForkJoinPool.commonPool-worker-3] INFO  server.AbstractConnector (AbstractConnector.java:doStop(383)) - Stopped ServerConnector@2eac7950{HTTP/1.1, (http/1.1)}{0.0.0.0:15034}
2025-05-28 15:17:30,532 [ForkJoinPool.commonPool-worker-3] INFO  server.session (HouseKeeper.java:stopScavenging(149)) - node0 Stopped scavenging
2025-05-28 15:17:30,532 [ForkJoinPool.commonPool-worker-3] INFO  handler.ContextHandler (ContextHandler.java:doStop(1159)) - Stopped o.e.j.s.ServletContextHandler@7615eb9f{static,/static,jar:file:/home/runner/work/ozone/ozone/hadoop-hdds/container-service/target/hdds-container-service-2.1.0-SNAPSHOT.jar!/webapps/static,STOPPED}
2025-05-28 15:17:30,533 [ForkJoinPool.commonPool-worker-3] INFO  handler.ContextHandler (ContextHandler.java:doStop(1159)) - Stopped o.e.j.s.ServletContextHandler@7f31e2fb{logs,/logs,file:///home/runner/work/ozone/ozone/hadoop-ozone/integration-test/target/log,STOPPED}
2025-05-28 15:17:30,533 [ForkJoinPool.commonPool-worker-3] INFO  ozone.HddsDatanodeClientProtocolServer (HddsDatanodeClientProtocolServer.java:stop(82)) - Stopping the RPC server for Client Protocol
2025-05-28 15:17:30,533 [ForkJoinPool.commonPool-worker-3] INFO  ipc.Server (Server.java:stop(3697)) - Stopping server on 15035
2025-05-28 15:17:30,535 [IPC Server Responder] INFO  ipc.Server (Server.java:run(1718)) - Stopping IPC Server Responder
2025-05-28 15:17:30,535 [IPC Server listener on 15035] INFO  ipc.Server (Server.java:run(1585)) - Stopping IPC Server listener on 15035
2025-05-28 15:17:30,593 [EventQueue-StaleNodeForStaleNodeHandler] INFO  node.StaleNodeHandler (StaleNodeHandler.java:onMessage(51)) - Datanode 2b1bfca1-1fdc-4b0a-9b4d-c21112718afa(localhost/127.0.0.1) moved to stale state. Finalizing its pipelines [Pipeline-521a3680-1f3f-469b-9590-0d69dbd4f9b0]
2025-05-28 15:17:30,596 [EventQueue-StaleNodeForStaleNodeHandler] INFO  pipeline.PipelineManagerImpl (PipelineManagerImpl.java:closePipeline(509)) - Pipeline Pipeline-521a3680-1f3f-469b-9590-0d69dbd4f9b0 moved to CLOSED state
2025-05-28 15:17:30,793 [EventQueue-StaleNodeForStaleNodeHandler] INFO  node.StaleNodeHandler (StaleNodeHandler.java:onMessage(51)) - Datanode 78b7fabf-ca2a-4b70-8534-e46926e2083c(localhost/127.0.0.1) moved to stale state. Finalizing its pipelines [Pipeline-874f0c76-b28c-46e1-bd10-24323feed52c]
2025-05-28 15:17:30,796 [EventQueue-StaleNodeForStaleNodeHandler] INFO  pipeline.PipelineManagerImpl (PipelineManagerImpl.java:closePipeline(509)) - Pipeline Pipeline-874f0c76-b28c-46e1-bd10-24323feed52c moved to CLOSED state
2025-05-28 15:17:30,809 [ForkJoinPool.commonPool-worker-2] INFO  utils.DatanodeStoreCache (DatanodeStoreCache.java:shutdownCache(114)) - Skip clearing cache in mini cluster mode. Entries left: [/home/runner/work/ozone/ozone/hadoop-ozone/integration-test/target/test-dir/MiniOzoneClusterImpl-723737d7-d862-4a19-a51f-6b1567aa62b1/ozone-meta/datanode-3/data-0/hdds/723737d7-d862-4a19-a51f-6b1567aa62b1/DS-7af5c1f2-fd57-40ff-b91b-da2179e40e22/container.db, /home/runner/work/ozone/ozone/hadoop-ozone/integration-test/target/test-dir/MiniOzoneClusterImpl-723737d7-d862-4a19-a51f-6b1567aa62b1/ozone-meta/datanode-5/data-0/hdds/723737d7-d862-4a19-a51f-6b1567aa62b1/DS-f4450203-fc06-478c-be34-987740df3407/container.db]
2025-05-28 15:17:30,810 [ForkJoinPool.commonPool-worker-2] INFO  utils.DatanodeStoreCache (DatanodeStoreCache.java:removeDB(108)) - Removed db /home/runner/work/ozone/ozone/hadoop-ozone/integration-test/target/test-dir/MiniOzoneClusterImpl-723737d7-d862-4a19-a51f-6b1567aa62b1/ozone-meta/datanode-5/data-0/hdds/723737d7-d862-4a19-a51f-6b1567aa62b1/DS-f4450203-fc06-478c-be34-987740df3407/container.db from cache
2025-05-28 15:17:30,811 [ForkJoinPool.commonPool-worker-2] INFO  volume.HddsVolume (HddsVolume.java:closeDbStore(543)) - SchemaV3 db is stopped at /home/runner/work/ozone/ozone/hadoop-ozone/integration-test/target/test-dir/MiniOzoneClusterImpl-723737d7-d862-4a19-a51f-6b1567aa62b1/ozone-meta/datanode-5/data-0/hdds/723737d7-d862-4a19-a51f-6b1567aa62b1/DS-f4450203-fc06-478c-be34-987740df3407/container.db for volume DS-f4450203-fc06-478c-be34-987740df3407
2025-05-28 15:17:30,811 [ForkJoinPool.commonPool-worker-2] INFO  utils.BackgroundService (BackgroundService.java:shutdown(160)) - Shutting down service BlockDeletingService
2025-05-28 15:17:30,811 [ForkJoinPool.commonPool-worker-2] INFO  utils.BackgroundService (BackgroundService.java:shutdown(160)) - Shutting down service StaleRecoveringContainerScrubbingService
2025-05-28 15:17:30,813 [ForkJoinPool.commonPool-worker-2] INFO  statemachine.DatanodeStateMachine (DatanodeStateMachine.java:stopDaemon(630)) - Ozone container server stopped.
2025-05-28 15:17:30,824 [ForkJoinPool.commonPool-worker-2] INFO  handler.ContextHandler (ContextHandler.java:doStop(1159)) - Stopped o.e.j.w.WebAppContext@6cfc536a{hddsDatanode,/,null,STOPPED}{jar:file:/home/runner/work/ozone/ozone/hadoop-hdds/container-service/target/hdds-container-service-2.1.0-SNAPSHOT.jar!/webapps/hddsDatanode}
2025-05-28 15:17:30,825 [ForkJoinPool.commonPool-worker-2] INFO  server.AbstractConnector (AbstractConnector.java:doStop(383)) - Stopped ServerConnector@2cbd2385{HTTP/1.1, (http/1.1)}{0.0.0.0:15042}
2025-05-28 15:17:30,825 [ForkJoinPool.commonPool-worker-2] INFO  server.session (HouseKeeper.java:stopScavenging(149)) - node0 Stopped scavenging
2025-05-28 15:17:30,826 [ForkJoinPool.commonPool-worker-2] INFO  handler.ContextHandler (ContextHandler.java:doStop(1159)) - Stopped o.e.j.s.ServletContextHandler@4d0d97e3{static,/static,jar:file:/home/runner/work/ozone/ozone/hadoop-hdds/container-service/target/hdds-container-service-2.1.0-SNAPSHOT.jar!/webapps/static,STOPPED}
2025-05-28 15:17:30,826 [ForkJoinPool.commonPool-worker-2] INFO  handler.ContextHandler (ContextHandler.java:doStop(1159)) - Stopped o.e.j.s.ServletContextHandler@3715c959{logs,/logs,file:///home/runner/work/ozone/ozone/hadoop-ozone/integration-test/target/log,STOPPED}
2025-05-28 15:17:30,827 [ForkJoinPool.commonPool-worker-2] INFO  ozone.HddsDatanodeClientProtocolServer (HddsDatanodeClientProtocolServer.java:stop(82)) - Stopping the RPC server for Client Protocol
2025-05-28 15:17:30,827 [ForkJoinPool.commonPool-worker-2] INFO  ipc.Server (Server.java:stop(3697)) - Stopping server on 15043
2025-05-28 15:17:30,829 [IPC Server listener on 15043] INFO  ipc.Server (Server.java:run(1585)) - Stopping IPC Server listener on 15043
2025-05-28 15:17:30,829 [IPC Server Responder] INFO  ipc.Server (Server.java:run(1718)) - Stopping IPC Server Responder
2025-05-28 15:17:31,186 [main] INFO  utils.DatanodeStoreCache (DatanodeStoreCache.java:shutdownCache(114)) - Skip clearing cache in mini cluster mode. Entries left: [/home/runner/work/ozone/ozone/hadoop-ozone/integration-test/target/test-dir/MiniOzoneClusterImpl-723737d7-d862-4a19-a51f-6b1567aa62b1/ozone-meta/datanode-3/data-0/hdds/723737d7-d862-4a19-a51f-6b1567aa62b1/DS-7af5c1f2-fd57-40ff-b91b-da2179e40e22/container.db]
2025-05-28 15:17:31,187 [main] INFO  utils.DatanodeStoreCache (DatanodeStoreCache.java:removeDB(108)) - Removed db /home/runner/work/ozone/ozone/hadoop-ozone/integration-test/target/test-dir/MiniOzoneClusterImpl-723737d7-d862-4a19-a51f-6b1567aa62b1/ozone-meta/datanode-3/data-0/hdds/723737d7-d862-4a19-a51f-6b1567aa62b1/DS-7af5c1f2-fd57-40ff-b91b-da2179e40e22/container.db from cache
2025-05-28 15:17:31,188 [main] INFO  volume.HddsVolume (HddsVolume.java:closeDbStore(543)) - SchemaV3 db is stopped at /home/runner/work/ozone/ozone/hadoop-ozone/integration-test/target/test-dir/MiniOzoneClusterImpl-723737d7-d862-4a19-a51f-6b1567aa62b1/ozone-meta/datanode-3/data-0/hdds/723737d7-d862-4a19-a51f-6b1567aa62b1/DS-7af5c1f2-fd57-40ff-b91b-da2179e40e22/container.db for volume DS-7af5c1f2-fd57-40ff-b91b-da2179e40e22
2025-05-28 15:17:31,188 [main] INFO  utils.BackgroundService (BackgroundService.java:shutdown(160)) - Shutting down service BlockDeletingService
2025-05-28 15:17:31,188 [main] INFO  utils.BackgroundService (BackgroundService.java:shutdown(160)) - Shutting down service StaleRecoveringContainerScrubbingService
2025-05-28 15:17:31,189 [main] INFO  statemachine.DatanodeStateMachine (DatanodeStateMachine.java:stopDaemon(630)) - Ozone container server stopped.
2025-05-28 15:17:31,200 [main] INFO  handler.ContextHandler (ContextHandler.java:doStop(1159)) - Stopped o.e.j.w.WebAppContext@6ef0e08f{hddsDatanode,/,null,STOPPED}{jar:file:/home/runner/work/ozone/ozone/hadoop-hdds/container-service/target/hdds-container-service-2.1.0-SNAPSHOT.jar!/webapps/hddsDatanode}
2025-05-28 15:17:31,201 [main] INFO  server.AbstractConnector (AbstractConnector.java:doStop(383)) - Stopped ServerConnector@4b6e9c75{HTTP/1.1, (http/1.1)}{0.0.0.0:15026}
2025-05-28 15:17:31,201 [main] INFO  server.session (HouseKeeper.java:stopScavenging(149)) - node0 Stopped scavenging
2025-05-28 15:17:31,202 [main] INFO  handler.ContextHandler (ContextHandler.java:doStop(1159)) - Stopped o.e.j.s.ServletContextHandler@5a963a90{static,/static,jar:file:/home/runner/work/ozone/ozone/hadoop-hdds/container-service/target/hdds-container-service-2.1.0-SNAPSHOT.jar!/webapps/static,STOPPED}
2025-05-28 15:17:31,202 [main] INFO  handler.ContextHandler (ContextHandler.java:doStop(1159)) - Stopped o.e.j.s.ServletContextHandler@51e9f462{logs,/logs,file:///home/runner/work/ozone/ozone/hadoop-ozone/integration-test/target/log,STOPPED}
2025-05-28 15:17:31,203 [main] INFO  ozone.HddsDatanodeClientProtocolServer (HddsDatanodeClientProtocolServer.java:stop(82)) - Stopping the RPC server for Client Protocol
2025-05-28 15:17:31,203 [main] INFO  ipc.Server (Server.java:stop(3697)) - Stopping server on 15027
2025-05-28 15:17:31,204 [IPC Server listener on 15027] INFO  ipc.Server (Server.java:run(1585)) - Stopping IPC Server listener on 15027
2025-05-28 15:17:31,204 [IPC Server Responder] INFO  ipc.Server (Server.java:run(1718)) - Stopping IPC Server Responder
2025-05-28 15:17:31,205 [main] INFO  ozone.MiniOzoneClusterImpl (MiniOzoneClusterImpl.java:stopSCM(450)) - Stopping the StorageContainerManager
2025-05-28 15:17:31,205 [main] INFO  server.StorageContainerManager (StorageContainerManager.java:stop(1608)) - Container Balancer is not running.
2025-05-28 15:17:31,205 [main] INFO  server.StorageContainerManager (StorageContainerManager.java:stopReplicationManager(1742)) - Stopping Replication Manager Service.
2025-05-28 15:17:31,205 [main] INFO  replication.ReplicationManager (ReplicationManager.java:stop(316)) - Stopping Replication Monitor Thread.
2025-05-28 15:17:31,205 [main] INFO  server.StorageContainerManager (StorageContainerManager.java:stop(1617)) - Stopping the Datanode Admin Monitor.
2025-05-28 15:17:31,205 [ReplicationMonitor] INFO  replication.ReplicationManager (ReplicationManager.java:run(936)) - Replication Monitor Thread is stopped
2025-05-28 15:17:31,205 [main] INFO  server.StorageContainerManager (StorageContainerManager.java:stop(1624)) - Stopping datanode service RPC server
2025-05-28 15:17:31,205 [OverReplicatedProcessor] WARN  replication.UnhealthyReplicationProcessor (UnhealthyReplicationProcessor.java:run(178)) - OverReplicatedProcessor interrupted. Exiting...
2025-05-28 15:17:31,206 [main] INFO  server.SCMDatanodeProtocolServer (SCMDatanodeProtocolServer.java:stop(447)) - Stopping the RPC server for DataNodes
2025-05-28 15:17:31,206 [main] INFO  ipc.Server (Server.java:stop(3697)) - Stopping server on 15002
2025-05-28 15:17:31,205 [UnderReplicatedProcessor] WARN  replication.UnhealthyReplicationProcessor (UnhealthyReplicationProcessor.java:run(178)) - UnderReplicatedProcessor interrupted. Exiting...
2025-05-28 15:17:31,211 [IPC Server listener on 15002] INFO  ipc.Server (Server.java:run(1585)) - Stopping IPC Server listener on 15002
2025-05-28 15:17:31,211 [IPC Server Responder] INFO  ipc.Server (Server.java:run(1718)) - Stopping IPC Server Responder
2025-05-28 15:17:31,294 [SCMHeartbeatProcessor-0] WARN  node.NodeStateManager (NodeStateManager.java:scheduleNextHealthCheck(913)) - Current Thread is interrupted, shutting down HB processing thread for Node Manager.
2025-05-28 15:17:31,294 [main] INFO  server.StorageContainerManager (StorageContainerManager.java:stop(1632)) - Stopping block service RPC server
2025-05-28 15:17:31,294 [main] INFO  server.SCMBlockProtocolServer (SCMBlockProtocolServer.java:stop(175)) - Stopping the RPC server for Block Protocol
2025-05-28 15:17:31,294 [main] INFO  ipc.Server (Server.java:stop(3697)) - Stopping server on 15001
2025-05-28 15:17:31,298 [IPC Server listener on 15001] INFO  ipc.Server (Server.java:run(1585)) - Stopping IPC Server listener on 15001
2025-05-28 15:17:31,298 [main] INFO  server.StorageContainerManager (StorageContainerManager.java:stop(1639)) - Stopping the StorageContainerLocationProtocol RPC server
2025-05-28 15:17:31,298 [main] INFO  server.SCMClientProtocolServer (SCMClientProtocolServer.java:stop(216)) - Stopping the RPC server for Client Protocol
2025-05-28 15:17:31,298 [main] INFO  ipc.Server (Server.java:stop(3697)) - Stopping server on 15000
2025-05-28 15:17:31,298 [IPC Server Responder] INFO  ipc.Server (Server.java:run(1718)) - Stopping IPC Server Responder
2025-05-28 15:17:31,302 [IPC Server listener on 15000] INFO  ipc.Server (Server.java:run(1585)) - Stopping IPC Server listener on 15000
2025-05-28 15:17:31,302 [IPC Server Responder] INFO  ipc.Server (Server.java:run(1718)) - Stopping IPC Server Responder
2025-05-28 15:17:31,302 [main] INFO  server.StorageContainerManager (StorageContainerManager.java:stop(1646)) - Stopping Storage Container Manager HTTP server.
2025-05-28 15:17:31,303 [main] INFO  handler.ContextHandler (ContextHandler.java:doStop(1159)) - Stopped o.e.j.w.WebAppContext@66c32e15{scm,/,null,STOPPED}{file:/home/runner/work/ozone/ozone/hadoop-ozone/integration-test/target/test-classes/webapps/scm}
2025-05-28 15:17:31,305 [main] INFO  server.AbstractConnector (AbstractConnector.java:doStop(383)) - Stopped ServerConnector@40b958c5{HTTP/1.1, (http/1.1)}{0.0.0.0:15003}
2025-05-28 15:17:31,305 [main] INFO  server.session (HouseKeeper.java:stopScavenging(149)) - node0 Stopped scavenging
2025-05-28 15:17:31,306 [main] INFO  handler.ContextHandler (ContextHandler.java:doStop(1159)) - Stopped o.e.j.s.ServletContextHandler@21202507{static,/static,file:///home/runner/work/ozone/ozone/hadoop-ozone/integration-test/target/test-classes/webapps/static,STOPPED}
2025-05-28 15:17:31,306 [main] INFO  handler.ContextHandler (ContextHandler.java:doStop(1159)) - Stopped o.e.j.s.ServletContextHandler@25511895{logs,/logs,file:///home/runner/work/ozone/ozone/hadoop-ozone/integration-test/target/log,STOPPED}
2025-05-28 15:17:31,307 [main] INFO  server.StorageContainerManager (StorageContainerManager.java:stop(1654)) - Stopping SCM LayoutVersionManager Service.
2025-05-28 15:17:31,307 [main] INFO  server.StorageContainerManager (StorageContainerManager.java:stop(1666)) - Stopping Block Manager Service.
2025-05-28 15:17:31,307 [main] INFO  utils.BackgroundService (BackgroundService.java:shutdown(160)) - Shutting down service SCMBlockDeletingService
2025-05-28 15:17:31,308 [main] INFO  utils.BackgroundService (BackgroundService.java:shutdown(160)) - Shutting down service SCMBlockDeletingService
2025-05-28 15:17:31,308 [main] INFO  server.StorageContainerManager (StorageContainerManager.java:stop(1691)) - Stopping SCM Event Queue.
2025-05-28 15:17:31,310 [main] INFO  server.StorageContainerManager (StorageContainerManager.java:stop(1698)) - Stopping SCM HA services.
2025-05-28 15:17:31,310 [main] INFO  ha.SCMRatisServerImpl (SCMRatisServerImpl.java:stop(266)) - stopping ratis server 0.0.0.0:15004
2025-05-28 15:17:31,310 [main] INFO  server.RaftServer (RaftServerProxy.java:lambda$close$9(417)) - 0cf558f4-2ca5-4c9f-a057-d7d7b755ef43: close
2025-05-28 15:17:31,310 [0cf558f4-2ca5-4c9f-a057-d7d7b755ef43-impl-thread1] INFO  server.RaftServer$Division (RaftServerImpl.java:lambda$close$1(513)) - 0cf558f4-2ca5-4c9f-a057-d7d7b755ef43@group-6B1567AA62B1: shutdown
2025-05-28 15:17:31,311 [0cf558f4-2ca5-4c9f-a057-d7d7b755ef43-impl-thread1] INFO  util.JmxRegister (JmxRegister.java:unregister(74)) - Successfully un-registered JMX Bean with object name Ratis:service=RaftServer,group=group-6B1567AA62B1,id=0cf558f4-2ca5-4c9f-a057-d7d7b755ef43
2025-05-28 15:17:31,310 [main] INFO  server.GrpcService (GrpcService.java:closeImpl(343)) - 0cf558f4-2ca5-4c9f-a057-d7d7b755ef43: shutdown server GrpcServerProtocolService now
2025-05-28 15:17:31,311 [0cf558f4-2ca5-4c9f-a057-d7d7b755ef43-impl-thread1] INFO  impl.RoleInfo (RoleInfo.java:shutdownLeaderState(103)) - 0cf558f4-2ca5-4c9f-a057-d7d7b755ef43: shutdown 0cf558f4-2ca5-4c9f-a057-d7d7b755ef43@group-6B1567AA62B1-LeaderStateImpl
2025-05-28 15:17:31,311 [0cf558f4-2ca5-4c9f-a057-d7d7b755ef43-impl-thread1] INFO  impl.PendingRequests (PendingRequests.java:sendNotLeaderResponses(287)) - 0cf558f4-2ca5-4c9f-a057-d7d7b755ef43@group-6B1567AA62B1-PendingRequests: sendNotLeaderResponses
2025-05-28 15:17:31,311 [0cf558f4-2ca5-4c9f-a057-d7d7b755ef43-impl-thread1] INFO  ha.SCMStateMachine (SCMStateMachine.java:notifyNotLeader(211)) - current leader SCM steps down.
2025-05-28 15:17:31,311 [0cf558f4-2ca5-4c9f-a057-d7d7b755ef43-impl-thread1] INFO  ha.SCMContext (SCMContext.java:updateLeaderAndTerm(95)) - update <isLeader,term> from <true,2> to <false,0>
2025-05-28 15:17:31,311 [0cf558f4-2ca5-4c9f-a057-d7d7b755ef43-impl-thread1] INFO  ha.SCMContext (SCMContext.java:updateLeaderAndTerm(101)) - update <isLeaderReady> from <true> to <false>
2025-05-28 15:17:31,311 [0cf558f4-2ca5-4c9f-a057-d7d7b755ef43-impl-thread1] INFO  BackgroundPipelineScrubber (BackgroundSCMService.java:notifyStatusChanged(84)) - Service BackgroundPipelineScrubber transitions to PAUSING.
2025-05-28 15:17:31,311 [0cf558f4-2ca5-4c9f-a057-d7d7b755ef43-impl-thread1] INFO  ExpiredContainerReplicaOpScrubber (BackgroundSCMService.java:notifyStatusChanged(84)) - Service ExpiredContainerReplicaOpScrubber transitions to PAUSING.
2025-05-28 15:17:31,311 [0cf558f4-2ca5-4c9f-a057-d7d7b755ef43-impl-thread1] INFO  SCMHATransactionMonitor (BackgroundSCMService.java:notifyStatusChanged(84)) - Service SCMHATransactionMonitor transitions to PAUSING.
2025-05-28 15:17:31,312 [0cf558f4-2ca5-4c9f-a057-d7d7b755ef43-impl-thread1] INFO  impl.StateMachineUpdater (StateMachineUpdater.java:stopAndJoin(164)) - 0cf558f4-2ca5-4c9f-a057-d7d7b755ef43@group-6B1567AA62B1-StateMachineUpdater: set stopIndex = 54
2025-05-28 15:17:31,313 [0cf558f4-2ca5-4c9f-a057-d7d7b755ef43@group-6B1567AA62B1-StateMachineUpdater] INFO  ha.SCMStateMachine (SCMStateMachine.java:takeSnapshot(330)) - Current Snapshot Index 54, takeSnapshot took 1 ms
2025-05-28 15:17:31,313 [0cf558f4-2ca5-4c9f-a057-d7d7b755ef43@group-6B1567AA62B1-StateMachineUpdater] INFO  impl.StateMachineUpdater (StateMachineUpdater.java:takeSnapshot(303)) - 0cf558f4-2ca5-4c9f-a057-d7d7b755ef43@group-6B1567AA62B1-StateMachineUpdater: Took a snapshot at index 54
2025-05-28 15:17:31,313 [0cf558f4-2ca5-4c9f-a057-d7d7b755ef43@group-6B1567AA62B1-StateMachineUpdater] INFO  impl.StateMachineUpdater (StateMachineUpdater.java:lambda$new$0(102)) - 0cf558f4-2ca5-4c9f-a057-d7d7b755ef43@group-6B1567AA62B1-StateMachineUpdater: snapshotIndex: updateIncreasingly -1 -> 54
2025-05-28 15:17:31,313 [0cf558f4-2ca5-4c9f-a057-d7d7b755ef43@group-6B1567AA62B1-StateMachineUpdater] INFO  impl.StateMachineUpdater (StateMachineUpdater.java:stop(141)) - 0cf558f4-2ca5-4c9f-a057-d7d7b755ef43@group-6B1567AA62B1-StateMachineUpdater: closing SCMStateMachine, lastApplied=(t:2, i:54)
2025-05-28 15:17:31,314 [0cf558f4-2ca5-4c9f-a057-d7d7b755ef43@group-6B1567AA62B1-cacheEviction-AwaitToRun] INFO  util.AwaitToRun (AwaitToRun.java:run(49)) - 0cf558f4-2ca5-4c9f-a057-d7d7b755ef43@group-6B1567AA62B1-cacheEviction-AwaitToRun-AwaitForSignal is interrupted
2025-05-28 15:17:31,318 [main] INFO  server.GrpcService (GrpcService.java:closeImpl(352)) - 0cf558f4-2ca5-4c9f-a057-d7d7b755ef43: shutdown server GrpcServerProtocolService successfully
2025-05-28 15:17:31,796 [0cf558f4-2ca5-4c9f-a057-d7d7b755ef43-impl-thread1] INFO  segmented.SegmentedRaftLogWorker (SegmentedRaftLogWorker.java:close(252)) - 0cf558f4-2ca5-4c9f-a057-d7d7b755ef43@group-6B1567AA62B1-SegmentedRaftLogWorker close()
2025-05-28 15:17:31,797 [JvmPauseMonitor1] INFO  util.JvmPauseMonitor (JvmPauseMonitor.java:run(152)) - JvmPauseMonitor-0cf558f4-2ca5-4c9f-a057-d7d7b755ef43: Stopped
2025-05-28 15:17:31,798 [main] INFO  SCMHATransactionMonitor (BackgroundSCMService.java:stop(127)) - Stopping SCMHATransactionMonitor Service.
2025-05-28 15:17:31,798 [SCMHATransactionMonitor] WARN  SCMHATransactionMonitor (BackgroundSCMService.java:run(111)) - SCMHATransactionMonitor is interrupted, exit
2025-05-28 15:17:31,798 [main] INFO  pipeline.BackgroundPipelineCreator (BackgroundPipelineCreator.java:stop(154)) - Stopping RatisPipelineUtilsThread.
2025-05-28 15:17:31,798 [RatisPipelineUtilsThread-0] WARN  pipeline.BackgroundPipelineCreator (BackgroundPipelineCreator.java:run(185)) - RatisPipelineUtilsThread is interrupted.
2025-05-28 15:17:31,798 [main] INFO  BackgroundPipelineScrubber (BackgroundSCMService.java:stop(127)) - Stopping BackgroundPipelineScrubber Service.
2025-05-28 15:17:31,798 [BackgroundPipelineScrubber] WARN  BackgroundPipelineScrubber (BackgroundSCMService.java:run(111)) - BackgroundPipelineScrubber is interrupted, exit
2025-05-28 15:17:31,799 [main] INFO  impl.MetricsSystemImpl (MetricsSystemImpl.java:stop(210)) - Stopping HddsDatanode metrics system...
2025-05-28 15:17:31,800 [prometheus] INFO  impl.MetricsSinkAdapter (MetricsSinkAdapter.java:publishMetricsFromQueue(141)) - prometheus thread interrupted.
2025-05-28 15:17:31,800 [main] INFO  impl.MetricsSystemImpl (MetricsSystemImpl.java:stop(216)) - HddsDatanode metrics system stopped.
2025-05-28 15:17:31,800 [main] WARN  pipeline.BackgroundPipelineCreator (BackgroundPipelineCreator.java:stop(150)) - RatisPipelineUtilsThread is not running, just ignore.
2025-05-28 15:17:31,800 [main] INFO  BackgroundPipelineScrubber (BackgroundSCMService.java:stop(122)) - BackgroundPipelineScrubber Service is not running, skip stop.
2025-05-28 15:17:31,800 [main] INFO  ExpiredContainerReplicaOpScrubber (BackgroundSCMService.java:stop(127)) - Stopping ExpiredContainerReplicaOpScrubber Service.
2025-05-28 15:17:31,800 [ExpiredContainerReplicaOpScrubber] WARN  ExpiredContainerReplicaOpScrubber (BackgroundSCMService.java:run(111)) - ExpiredContainerReplicaOpScrubber is interrupted, exit
2025-05-28 15:17:31,800 [main] INFO  utils.BackgroundService (BackgroundService.java:shutdown(160)) - Shutting down service SCMBlockDeletingService
2025-05-28 15:17:31,800 [main] INFO  replication.ReplicationManager (ReplicationManager.java:stop(323)) - Replication Monitor Thread is not running.
2025-05-28 15:17:31,801 [main] WARN  balancer.ContainerBalancer (ContainerBalancer.java:stop(350)) - Cannot stop Container Balancer because it's not running or stopping
2025-05-28 15:17:31,801 [main] INFO  SCMHATransactionMonitor (BackgroundSCMService.java:stop(122)) - SCMHATransactionMonitor Service is not running, skip stop.
2025-05-28 15:17:31,801 [LeaseManager#LeaseMonitor] WARN  lease.LeaseManager (LeaseManager.java:run(285)) - Lease manager is interrupted. Shutting down...
java.lang.InterruptedException
	at java.base/java.util.concurrent.locks.AbstractQueuedSynchronizer.tryAcquireSharedNanos(AbstractQueuedSynchronizer.java:1133)
	at java.base/java.util.concurrent.Semaphore.tryAcquire(Semaphore.java:415)
	at org.apache.hadoop.ozone.lease.LeaseManager$LeaseMonitor.run(LeaseManager.java:283)
	at java.base/java.lang.Thread.run(Thread.java:1583)
2025-05-28 15:17:31,801 [main] INFO  server.StorageContainerManager (StorageContainerManager.java:stop(1733)) - Stopping SCM MetadataStore.
]]></system-out>
  </testcase>
</testsuite>