<?xml version="1.0" encoding="UTF-8"?>
<testsuite xmlns:xsi="http://www.w3.org/2001/XMLSchema-instance" xsi:noNamespaceSchemaLocation="https://maven.apache.org/surefire/maven-surefire-plugin/xsd/surefire-test-report-3.0.xsd" version="3.0" name="org.apache.hadoop.hdds.scm.container.balancer.TestContainerBalancerTask" time="9.142" tests="24" errors="1" skipped="0" failures="0">
  <properties>
    <property name="awt.toolkit" value="sun.awt.X11.XToolkit"/>
    <property name="file.encoding.pkg" value="sun.io"/>
    <property name="java.specification.version" value="1.8"/>
    <property name="sun.cpu.isalist" value=""/>
    <property name="sun.jnu.encoding" value="UTF-8"/>
    <property name="java.class.path" value="/home/runner/work/ozone/ozone/hadoop-hdds/server-scm/target/test-classes:/home/runner/work/ozone/ozone/hadoop-hdds/server-scm/target/classes:/home/runner/work/ozone/ozone/hadoop-hdds/test-utils/target/classes:/home/runner/.m2/repository/com/google/guava/guava/32.0.0-jre/guava-32.0.0-jre.jar:/home/runner/.m2/repository/com/google/guava/failureaccess/1.0.1/failureaccess-1.0.1.jar:/home/runner/.m2/repository/com/google/guava/listenablefuture/9999.0-empty-to-avoid-conflict-with-guava/listenablefuture-9999.0-empty-to-avoid-conflict-with-guava.jar:/home/runner/.m2/repository/org/checkerframework/checker-qual/3.33.0/checker-qual-3.33.0.jar:/home/runner/.m2/repository/com/google/errorprone/error_prone_annotations/2.2.0/error_prone_annotations-2.2.0.jar:/home/runner/.m2/repository/com/google/j2objc/j2objc-annotations/2.8/j2objc-annotations-2.8.jar:/home/runner/.m2/repository/commons-io/commons-io/2.11.0/commons-io-2.11.0.jar:/home/runner/.m2/repository/commons-logging/commons-logging/1.2/commons-logging-1.2.jar:/home/runner/.m2/repository/ch/qos/reload4j/reload4j/1.2.22/reload4j-1.2.22.jar:/home/runner/.m2/repository/org/apache/commons/commons-lang3/3.7/commons-lang3-3.7.jar:/home/runner/.m2/repository/org/slf4j/slf4j-api/1.7.36/slf4j-api-1.7.36.jar:/home/runner/work/ozone/ozone/hadoop-hdds/common/target/classes:/home/runner/work/ozone/ozone/hadoop-hdds/hadoop-dependency-client/target/classes:/home/runner/.m2/repository/info/picocli/picocli/4.6.1/picocli-4.6.1.jar:/home/runner/.m2/repository/com/fasterxml/jackson/core/jackson-annotations/2.13.4/jackson-annotations-2.13.4.jar:/home/runner/.m2/repository/com/fasterxml/jackson/datatype/jackson-datatype-jsr310/2.13.4/jackson-datatype-jsr310-2.13.4.jar:/home/runner/.m2/repository/com/fasterxml/jackson/core/jackson-core/2.13.4/jackson-core-2.13.4.jar:/home/runner/work/ozone/ozone/hadoop-hdds/annotations/target/classes:/home/runner/work/ozone/ozone/hadoop-hdds/config/target/classes:/home/runner/.m2/repository/javax/annotation/javax.annotation-api/1.2/javax.annotation-api-1.2.jar:/home/runner/.m2/repository/org/apache/ratis/ratis-server/2.5.1/ratis-server-2.5.1.jar:/home/runner/.m2/repository/org/apache/ratis/ratis-thirdparty-misc/1.0.4/ratis-thirdparty-misc-1.0.4.jar:/home/runner/.m2/repository/org/apache/ratis/ratis-proto/2.5.1/ratis-proto-2.5.1.jar:/home/runner/.m2/repository/org/apache/ratis/ratis-common/2.5.1/ratis-common-2.5.1.jar:/home/runner/.m2/repository/org/apache/ratis/ratis-client/2.5.1/ratis-client-2.5.1.jar:/home/runner/.m2/repository/org/apache/ratis/ratis-server-api/2.5.1/ratis-server-api-2.5.1.jar:/home/runner/.m2/repository/org/apache/ratis/ratis-metrics/2.5.1/ratis-metrics-2.5.1.jar:/home/runner/.m2/repository/org/apache/ratis/ratis-netty/2.5.1/ratis-netty-2.5.1.jar:/home/runner/.m2/repository/org/apache/ratis/ratis-grpc/2.5.1/ratis-grpc-2.5.1.jar:/home/runner/.m2/repository/org/apache/logging/log4j/log4j-api/2.17.1/log4j-api-2.17.1.jar:/home/runner/.m2/repository/org/apache/commons/commons-pool2/2.6.0/commons-pool2-2.6.0.jar:/home/runner/.m2/repository/org/bouncycastle/bcpkix-jdk15on/1.67/bcpkix-jdk15on-1.67.jar:/home/runner/.m2/repository/commons-validator/commons-validator/1.6/commons-validator-1.6.jar:/home/runner/.m2/repository/commons-beanutils/commons-beanutils/1.9.4/commons-beanutils-1.9.4.jar:/home/runner/.m2/repository/commons-digester/commons-digester/1.8.1/commons-digester-1.8.1.jar:/home/runner/.m2/repository/commons-collections/commons-collections/3.2.2/commons-collections-3.2.2.jar:/home/runner/.m2/repository/io/jaegertracing/jaeger-client/1.6.0/jaeger-client-1.6.0.jar:/home/runner/.m2/repository/io/jaegertracing/jaeger-thrift/1.6.0/jaeger-thrift-1.6.0.jar:/home/runner/.m2/repository/org/apache/thrift/libthrift/0.14.1/libthrift-0.14.1.jar:/home/runner/.m2/repository/io/jaegertracing/jaeger-core/1.6.0/jaeger-core-1.6.0.jar:/home/runner/.m2/repository/io/jaegertracing/jaeger-tracerresolver/1.6.0/jaeger-tracerresolver-1.6.0.jar:/home/runner/.m2/repository/io/opentracing/contrib/opentracing-tracerresolver/0.1.8/opentracing-tracerresolver-0.1.8.jar:/home/runner/.m2/repository/org/jetbrains/kotlin/kotlin-stdlib/1.6.21/kotlin-stdlib-1.6.21.jar:/home/runner/.m2/repository/org/jetbrains/annotations/13.0/annotations-13.0.jar:/home/runner/.m2/repository/io/opentracing/opentracing-util/0.33.0/opentracing-util-0.33.0.jar:/home/runner/.m2/repository/io/opentracing/opentracing-api/0.33.0/opentracing-api-0.33.0.jar:/home/runner/.m2/repository/io/opentracing/opentracing-noop/0.33.0/opentracing-noop-0.33.0.jar:/home/runner/.m2/repository/org/yaml/snakeyaml/2.0/snakeyaml-2.0.jar:/home/runner/.m2/repository/org/reflections/reflections/0.9.11/reflections-0.9.11.jar:/home/runner/.m2/repository/org/javassist/javassist/3.21.0-GA/javassist-3.21.0-GA.jar:/home/runner/work/ozone/ozone/hadoop-hdds/interface-client/target/classes:/home/runner/.m2/repository/org/apache/hadoop/thirdparty/hadoop-shaded-protobuf_3_7/1.1.1/hadoop-shaded-protobuf_3_7-1.1.1.jar:/home/runner/work/ozone/ozone/hadoop-hdds/interface-admin/target/classes:/home/runner/.m2/repository/io/grpc/grpc-api/1.51.1/grpc-api-1.51.1.jar:/home/runner/.m2/repository/io/grpc/grpc-context/1.51.1/grpc-context-1.51.1.jar:/home/runner/work/ozone/ozone/hadoop-hdds/container-service/target/classes:/home/runner/.m2/repository/org/apache/commons/commons-compress/1.21/commons-compress-1.21.jar:/home/runner/.m2/repository/com/github/luben/zstd-jni/1.5.2-5/zstd-jni-1.5.2-5.jar:/home/runner/.m2/repository/commons-codec/commons-codec/1.15/commons-codec-1.15.jar:/home/runner/.m2/repository/javax/xml/bind/jaxb-api/2.3.0/jaxb-api-2.3.0.jar:/home/runner/.m2/repository/org/glassfish/jaxb/jaxb-runtime/2.3.0.1/jaxb-runtime-2.3.0.1.jar:/home/runner/.m2/repository/org/glassfish/jaxb/jaxb-core/2.3.0.1/jaxb-core-2.3.0.1.jar:/home/runner/.m2/repository/org/glassfish/jaxb/txw2/2.3.0.1/txw2-2.3.0.1.jar:/home/runner/.m2/repository/com/sun/istack/istack-commons-runtime/3.0.5/istack-commons-runtime-3.0.5.jar:/home/runner/.m2/repository/org/jvnet/staxex/stax-ex/1.7.8/stax-ex-1.7.8.jar:/home/runner/.m2/repository/com/sun/xml/fastinfoset/FastInfoset/1.2.13/FastInfoset-1.2.13.jar:/home/runner/.m2/repository/io/netty/netty-transport/4.1.86.Final/netty-transport-4.1.86.Final.jar:/home/runner/.m2/repository/io/netty/netty-common/4.1.86.Final/netty-common-4.1.86.Final.jar:/home/runner/.m2/repository/io/netty/netty-buffer/4.1.86.Final/netty-buffer-4.1.86.Final.jar:/home/runner/.m2/repository/io/netty/netty-resolver/4.1.86.Final/netty-resolver-4.1.86.Final.jar:/home/runner/.m2/repository/io/netty/netty-codec/4.1.86.Final/netty-codec-4.1.86.Final.jar:/home/runner/.m2/repository/io/netty/netty-handler/4.1.86.Final/netty-handler-4.1.86.Final.jar:/home/runner/.m2/repository/io/netty/netty-transport-native-unix-common/4.1.86.Final/netty-transport-native-unix-common-4.1.86.Final.jar:/home/runner/work/ozone/ozone/hadoop-hdds/client/target/classes:/home/runner/work/ozone/ozone/hadoop-hdds/erasurecode/target/classes:/home/runner/work/ozone/ozone/hadoop-hdds/hadoop-dependency-server/target/classes:/home/runner/.m2/repository/org/apache/hadoop/hadoop-annotations/3.3.5/hadoop-annotations-3.3.5.jar:/usr/lib/jvm/temurin-8-jdk-amd64/jre/../lib/tools.jar:/home/runner/.m2/repository/org/apache/hadoop/hadoop-common/3.3.5/hadoop-common-3.3.5.jar:/home/runner/.m2/repository/org/apache/hadoop/thirdparty/hadoop-shaded-guava/1.1.1/hadoop-shaded-guava-1.1.1.jar:/home/runner/.m2/repository/org/apache/httpcomponents/httpclient/4.5.13/httpclient-4.5.13.jar:/home/runner/.m2/repository/org/apache/httpcomponents/httpcore/4.4.13/httpcore-4.4.13.jar:/home/runner/.m2/repository/commons-net/commons-net/3.9.0/commons-net-3.9.0.jar:/home/runner/.m2/repository/javax/servlet/javax.servlet-api/3.1.0/javax.servlet-api-3.1.0.jar:/home/runner/.m2/repository/jakarta/activation/jakarta.activation-api/1.2.2/jakarta.activation-api-1.2.2.jar:/home/runner/.m2/repository/javax/servlet/jsp/jsp-api/2.1/jsp-api-2.1.jar:/home/runner/.m2/repository/com/sun/jersey/jersey-core/1.19/jersey-core-1.19.jar:/home/runner/.m2/repository/javax/ws/rs/jsr311-api/1.1.1/jsr311-api-1.1.1.jar:/home/runner/.m2/repository/com/sun/jersey/jersey-servlet/1.19/jersey-servlet-1.19.jar:/home/runner/.m2/repository/com/sun/jersey/jersey-server/1.19/jersey-server-1.19.jar:/home/runner/.m2/repository/com/google/re2j/re2j/1.1/re2j-1.1.jar:/home/runner/.m2/repository/com/google/code/gson/gson/2.9.0/gson-2.9.0.jar:/home/runner/.m2/repository/org/apache/hadoop/hadoop-auth/3.3.5/hadoop-auth-3.3.5.jar:/home/runner/.m2/repository/com/nimbusds/nimbus-jose-jwt/9.8.1/nimbus-jose-jwt-9.8.1.jar:/home/runner/.m2/repository/com/github/stephenc/jcip/jcip-annotations/1.0-1/jcip-annotations-1.0-1.jar:/home/runner/.m2/repository/net/minidev/json-smart/2.4.7/json-smart-2.4.7.jar:/home/runner/.m2/repository/net/minidev/accessors-smart/2.4.7/accessors-smart-2.4.7.jar:/home/runner/.m2/repository/org/ow2/asm/asm/5.0.4/asm-5.0.4.jar:/home/runner/.m2/repository/com/jcraft/jsch/0.1.54/jsch-0.1.54.jar:/home/runner/.m2/repository/org/apache/kerby/kerb-core/1.0.1/kerb-core-1.0.1.jar:/home/runner/.m2/repository/org/apache/kerby/kerby-pkix/1.0.1/kerby-pkix-1.0.1.jar:/home/runner/.m2/repository/org/apache/kerby/kerby-asn1/1.0.1/kerby-asn1-1.0.1.jar:/home/runner/.m2/repository/org/apache/kerby/kerby-util/1.0.1/kerby-util-1.0.1.jar:/home/runner/.m2/repository/org/codehaus/woodstox/stax2-api/4.2.1/stax2-api-4.2.1.jar:/home/runner/.m2/repository/com/fasterxml/woodstox/woodstox-core/5.4.0/woodstox-core-5.4.0.jar:/home/runner/.m2/repository/dnsjava/dnsjava/2.1.7/dnsjava-2.1.7.jar:/home/runner/.m2/repository/org/xerial/snappy/snappy-java/1.1.8.2/snappy-java-1.1.8.2.jar:/home/runner/.m2/repository/commons-cli/commons-cli/1.2/commons-cli-1.2.jar:/home/runner/.m2/repository/org/apache/hadoop/hadoop-hdfs/3.3.5/hadoop-hdfs-3.3.5.jar:/home/runner/.m2/repository/org/eclipse/jetty/jetty-util-ajax/9.4.51.v20230217/jetty-util-ajax-9.4.51.v20230217.jar:/home/runner/.m2/repository/commons-daemon/commons-daemon/1.0.13/commons-daemon-1.0.13.jar:/home/runner/work/ozone/ozone/hadoop-hdds/framework/target/classes:/home/runner/work/ozone/ozone/hadoop-hdds/interface-server/target/classes:/home/runner/work/ozone/ozone/hadoop-hdds/managed-rocksdb/target/classes:/home/runner/.m2/repository/org/rocksdb/rocksdbjni/7.7.3/rocksdbjni-7.7.3.jar:/home/runner/.m2/repository/org/slf4j/slf4j-reload4j/1.7.36/slf4j-reload4j-1.7.36.jar:/home/runner/.m2/repository/org/apache/commons/commons-configuration2/2.1.1/commons-configuration2-2.1.1.jar:/home/runner/.m2/repository/org/apache/logging/log4j/log4j-core/2.17.1/log4j-core-2.17.1.jar:/home/runner/.m2/repository/com/lmax/disruptor/3.4.2/disruptor-3.4.2.jar:/home/runner/.m2/repository/org/eclipse/jetty/jetty-util/9.4.51.v20230217/jetty-util-9.4.51.v20230217.jar:/home/runner/.m2/repository/org/eclipse/jetty/jetty-server/9.4.51.v20230217/jetty-server-9.4.51.v20230217.jar:/home/runner/.m2/repository/org/eclipse/jetty/jetty-http/9.4.51.v20230217/jetty-http-9.4.51.v20230217.jar:/home/runner/.m2/repository/org/eclipse/jetty/jetty-io/9.4.51.v20230217/jetty-io-9.4.51.v20230217.jar:/home/runner/.m2/repository/org/eclipse/jetty/jetty-servlet/9.4.51.v20230217/jetty-servlet-9.4.51.v20230217.jar:/home/runner/.m2/repository/org/eclipse/jetty/jetty-security/9.4.51.v20230217/jetty-security-9.4.51.v20230217.jar:/home/runner/.m2/repository/org/eclipse/jetty/jetty-webapp/9.4.51.v20230217/jetty-webapp-9.4.51.v20230217.jar:/home/runner/.m2/repository/org/eclipse/jetty/jetty-xml/9.4.51.v20230217/jetty-xml-9.4.51.v20230217.jar:/home/runner/.m2/repository/io/prometheus/simpleclient_dropwizard/0.7.0/simpleclient_dropwizard-0.7.0.jar:/home/runner/.m2/repository/io/prometheus/simpleclient/0.7.0/simpleclient-0.7.0.jar:/home/runner/.m2/repository/io/prometheus/simpleclient_common/0.7.0/simpleclient_common-0.7.0.jar:/home/runner/work/ozone/ozone/hadoop-hdds/rocksdb-checkpoint-differ/target/classes:/home/runner/work/ozone/ozone/hadoop-hdds/rocks-native/target/classes:/home/runner/.m2/repository/org/awaitility/awaitility/4.2.0/awaitility-4.2.0.jar:/home/runner/.m2/repository/org/hamcrest/hamcrest/2.1/hamcrest-2.1.jar:/home/runner/work/ozone/ozone/hadoop-hdds/docs/target/classes:/home/runner/.m2/repository/io/dropwizard/metrics/metrics-core/3.2.4/metrics-core-3.2.4.jar:/home/runner/.m2/repository/com/github/spotbugs/spotbugs-annotations/3.1.12/spotbugs-annotations-3.1.12.jar:/home/runner/.m2/repository/com/google/code/findbugs/jsr305/3.0.0/jsr305-3.0.0.jar:/home/runner/.m2/repository/org/apache/commons/commons-math3/3.1.1/commons-math3-3.1.1.jar:/home/runner/.m2/repository/org/apache/commons/commons-text/1.10.0/commons-text-1.10.0.jar:/home/runner/.m2/repository/org/apache/hadoop/hadoop-hdfs-client/3.3.5/hadoop-hdfs-client-3.3.5.jar:/home/runner/.m2/repository/com/squareup/okhttp3/okhttp/4.9.3/okhttp-4.9.3.jar:/home/runner/.m2/repository/com/squareup/okio/okio/2.8.0/okio-2.8.0.jar:/home/runner/.m2/repository/org/jetbrains/kotlin/kotlin-stdlib-common/1.6.21/kotlin-stdlib-common-1.6.21.jar:/home/runner/.m2/repository/com/fasterxml/jackson/core/jackson-databind/2.13.4.2/jackson-databind-2.13.4.2.jar:/home/runner/work/ozone/ozone/hadoop-hdds/container-service/target/test-classes:/home/runner/work/ozone/ozone/hadoop-hdds/common/target/test-classes:/home/runner/.m2/repository/org/hamcrest/hamcrest-core/1.3/hamcrest-core-1.3.jar:/home/runner/.m2/repository/org/assertj/assertj-core/3.12.2/assertj-core-3.12.2.jar:/home/runner/.m2/repository/org/mockito/mockito-core/3.5.9/mockito-core-3.5.9.jar:/home/runner/.m2/repository/net/bytebuddy/byte-buddy/1.10.13/byte-buddy-1.10.13.jar:/home/runner/.m2/repository/net/bytebuddy/byte-buddy-agent/1.10.13/byte-buddy-agent-1.10.13.jar:/home/runner/.m2/repository/org/objenesis/objenesis/1.0/objenesis-1.0.jar:/home/runner/.m2/repository/org/hamcrest/hamcrest-all/1.3/hamcrest-all-1.3.jar:/home/runner/.m2/repository/org/bouncycastle/bcprov-jdk15on/1.67/bcprov-jdk15on-1.67.jar:/home/runner/work/ozone/ozone/hadoop-hdds/hadoop-dependency-test/target/classes:/home/runner/.m2/repository/org/apache/hadoop/hadoop-common/3.3.5/hadoop-common-3.3.5-tests.jar:/home/runner/.m2/repository/org/apache/hadoop/hadoop-hdfs/3.3.5/hadoop-hdfs-3.3.5-tests.jar:/home/runner/.m2/repository/com/google/protobuf/protobuf-java/2.5.0/protobuf-java-2.5.0.jar:/home/runner/.m2/repository/org/junit/jupiter/junit-jupiter-api/5.8.2/junit-jupiter-api-5.8.2.jar:/home/runner/.m2/repository/org/opentest4j/opentest4j/1.2.0/opentest4j-1.2.0.jar:/home/runner/.m2/repository/org/junit/platform/junit-platform-commons/1.8.2/junit-platform-commons-1.8.2.jar:/home/runner/.m2/repository/org/apiguardian/apiguardian-api/1.1.2/apiguardian-api-1.1.2.jar:/home/runner/.m2/repository/org/junit/jupiter/junit-jupiter-engine/5.8.2/junit-jupiter-engine-5.8.2.jar:/home/runner/.m2/repository/org/junit/platform/junit-platform-engine/1.8.2/junit-platform-engine-1.8.2.jar:/home/runner/.m2/repository/org/junit/vintage/junit-vintage-engine/5.8.2/junit-vintage-engine-5.8.2.jar:/home/runner/.m2/repository/org/junit/platform/junit-platform-launcher/1.8.2/junit-platform-launcher-1.8.2.jar:/home/runner/.m2/repository/org/junit/jupiter/junit-jupiter-params/5.8.2/junit-jupiter-params-5.8.2.jar:/home/runner/.m2/repository/junit/junit/4.13.1/junit-4.13.1.jar:"/>
    <property name="java.vm.vendor" value="Temurin"/>
    <property name="sun.arch.data.model" value="64"/>
    <property name="test.build.dir" value="/home/runner/work/ozone/ozone/hadoop-hdds/server-scm/target/test-dir"/>
    <property name="test.cache.data" value=""/>
    <property name="java.vendor.url" value="https://adoptium.net/"/>
    <property name="user.timezone" value="Etc/UTC"/>
    <property name="java.vm.specification.version" value="1.8"/>
    <property name="os.name" value="Linux"/>
    <property name="test.build.data" value="/home/runner/work/ozone/ozone/hadoop-hdds/server-scm/target/test-dir"/>
    <property name="sun.java.launcher" value="SUN_STANDARD"/>
    <property name="sun.boot.library.path" value="/usr/lib/jvm/temurin-8-jdk-amd64/jre/lib/amd64"/>
    <property name="sun.java.command" value="/home/runner/work/ozone/ozone/hadoop-hdds/server-scm/target/surefire/surefirebooter7608645685445636009.jar /home/runner/work/ozone/ozone/hadoop-hdds/server-scm/target/surefire 2023-06-18T18-49-53_889-jvmRun1 surefire2859811501379065782tmp surefire_2627745131234725459485tmp"/>
    <property name="native.lib.tmp.dir" value="/tmp"/>
    <property name="surefire.test.class.path" value="/home/runner/work/ozone/ozone/hadoop-hdds/server-scm/target/test-classes:/home/runner/work/ozone/ozone/hadoop-hdds/server-scm/target/classes:/home/runner/work/ozone/ozone/hadoop-hdds/test-utils/target/classes:/home/runner/.m2/repository/com/google/guava/guava/32.0.0-jre/guava-32.0.0-jre.jar:/home/runner/.m2/repository/com/google/guava/failureaccess/1.0.1/failureaccess-1.0.1.jar:/home/runner/.m2/repository/com/google/guava/listenablefuture/9999.0-empty-to-avoid-conflict-with-guava/listenablefuture-9999.0-empty-to-avoid-conflict-with-guava.jar:/home/runner/.m2/repository/org/checkerframework/checker-qual/3.33.0/checker-qual-3.33.0.jar:/home/runner/.m2/repository/com/google/errorprone/error_prone_annotations/2.2.0/error_prone_annotations-2.2.0.jar:/home/runner/.m2/repository/com/google/j2objc/j2objc-annotations/2.8/j2objc-annotations-2.8.jar:/home/runner/.m2/repository/commons-io/commons-io/2.11.0/commons-io-2.11.0.jar:/home/runner/.m2/repository/commons-logging/commons-logging/1.2/commons-logging-1.2.jar:/home/runner/.m2/repository/ch/qos/reload4j/reload4j/1.2.22/reload4j-1.2.22.jar:/home/runner/.m2/repository/org/apache/commons/commons-lang3/3.7/commons-lang3-3.7.jar:/home/runner/.m2/repository/org/slf4j/slf4j-api/1.7.36/slf4j-api-1.7.36.jar:/home/runner/work/ozone/ozone/hadoop-hdds/common/target/classes:/home/runner/work/ozone/ozone/hadoop-hdds/hadoop-dependency-client/target/classes:/home/runner/.m2/repository/info/picocli/picocli/4.6.1/picocli-4.6.1.jar:/home/runner/.m2/repository/com/fasterxml/jackson/core/jackson-annotations/2.13.4/jackson-annotations-2.13.4.jar:/home/runner/.m2/repository/com/fasterxml/jackson/datatype/jackson-datatype-jsr310/2.13.4/jackson-datatype-jsr310-2.13.4.jar:/home/runner/.m2/repository/com/fasterxml/jackson/core/jackson-core/2.13.4/jackson-core-2.13.4.jar:/home/runner/work/ozone/ozone/hadoop-hdds/annotations/target/classes:/home/runner/work/ozone/ozone/hadoop-hdds/config/target/classes:/home/runner/.m2/repository/javax/annotation/javax.annotation-api/1.2/javax.annotation-api-1.2.jar:/home/runner/.m2/repository/org/apache/ratis/ratis-server/2.5.1/ratis-server-2.5.1.jar:/home/runner/.m2/repository/org/apache/ratis/ratis-thirdparty-misc/1.0.4/ratis-thirdparty-misc-1.0.4.jar:/home/runner/.m2/repository/org/apache/ratis/ratis-proto/2.5.1/ratis-proto-2.5.1.jar:/home/runner/.m2/repository/org/apache/ratis/ratis-common/2.5.1/ratis-common-2.5.1.jar:/home/runner/.m2/repository/org/apache/ratis/ratis-client/2.5.1/ratis-client-2.5.1.jar:/home/runner/.m2/repository/org/apache/ratis/ratis-server-api/2.5.1/ratis-server-api-2.5.1.jar:/home/runner/.m2/repository/org/apache/ratis/ratis-metrics/2.5.1/ratis-metrics-2.5.1.jar:/home/runner/.m2/repository/org/apache/ratis/ratis-netty/2.5.1/ratis-netty-2.5.1.jar:/home/runner/.m2/repository/org/apache/ratis/ratis-grpc/2.5.1/ratis-grpc-2.5.1.jar:/home/runner/.m2/repository/org/apache/logging/log4j/log4j-api/2.17.1/log4j-api-2.17.1.jar:/home/runner/.m2/repository/org/apache/commons/commons-pool2/2.6.0/commons-pool2-2.6.0.jar:/home/runner/.m2/repository/org/bouncycastle/bcpkix-jdk15on/1.67/bcpkix-jdk15on-1.67.jar:/home/runner/.m2/repository/commons-validator/commons-validator/1.6/commons-validator-1.6.jar:/home/runner/.m2/repository/commons-beanutils/commons-beanutils/1.9.4/commons-beanutils-1.9.4.jar:/home/runner/.m2/repository/commons-digester/commons-digester/1.8.1/commons-digester-1.8.1.jar:/home/runner/.m2/repository/commons-collections/commons-collections/3.2.2/commons-collections-3.2.2.jar:/home/runner/.m2/repository/io/jaegertracing/jaeger-client/1.6.0/jaeger-client-1.6.0.jar:/home/runner/.m2/repository/io/jaegertracing/jaeger-thrift/1.6.0/jaeger-thrift-1.6.0.jar:/home/runner/.m2/repository/org/apache/thrift/libthrift/0.14.1/libthrift-0.14.1.jar:/home/runner/.m2/repository/io/jaegertracing/jaeger-core/1.6.0/jaeger-core-1.6.0.jar:/home/runner/.m2/repository/io/jaegertracing/jaeger-tracerresolver/1.6.0/jaeger-tracerresolver-1.6.0.jar:/home/runner/.m2/repository/io/opentracing/contrib/opentracing-tracerresolver/0.1.8/opentracing-tracerresolver-0.1.8.jar:/home/runner/.m2/repository/org/jetbrains/kotlin/kotlin-stdlib/1.6.21/kotlin-stdlib-1.6.21.jar:/home/runner/.m2/repository/org/jetbrains/annotations/13.0/annotations-13.0.jar:/home/runner/.m2/repository/io/opentracing/opentracing-util/0.33.0/opentracing-util-0.33.0.jar:/home/runner/.m2/repository/io/opentracing/opentracing-api/0.33.0/opentracing-api-0.33.0.jar:/home/runner/.m2/repository/io/opentracing/opentracing-noop/0.33.0/opentracing-noop-0.33.0.jar:/home/runner/.m2/repository/org/yaml/snakeyaml/2.0/snakeyaml-2.0.jar:/home/runner/.m2/repository/org/reflections/reflections/0.9.11/reflections-0.9.11.jar:/home/runner/.m2/repository/org/javassist/javassist/3.21.0-GA/javassist-3.21.0-GA.jar:/home/runner/work/ozone/ozone/hadoop-hdds/interface-client/target/classes:/home/runner/.m2/repository/org/apache/hadoop/thirdparty/hadoop-shaded-protobuf_3_7/1.1.1/hadoop-shaded-protobuf_3_7-1.1.1.jar:/home/runner/work/ozone/ozone/hadoop-hdds/interface-admin/target/classes:/home/runner/.m2/repository/io/grpc/grpc-api/1.51.1/grpc-api-1.51.1.jar:/home/runner/.m2/repository/io/grpc/grpc-context/1.51.1/grpc-context-1.51.1.jar:/home/runner/work/ozone/ozone/hadoop-hdds/container-service/target/classes:/home/runner/.m2/repository/org/apache/commons/commons-compress/1.21/commons-compress-1.21.jar:/home/runner/.m2/repository/com/github/luben/zstd-jni/1.5.2-5/zstd-jni-1.5.2-5.jar:/home/runner/.m2/repository/commons-codec/commons-codec/1.15/commons-codec-1.15.jar:/home/runner/.m2/repository/javax/xml/bind/jaxb-api/2.3.0/jaxb-api-2.3.0.jar:/home/runner/.m2/repository/org/glassfish/jaxb/jaxb-runtime/2.3.0.1/jaxb-runtime-2.3.0.1.jar:/home/runner/.m2/repository/org/glassfish/jaxb/jaxb-core/2.3.0.1/jaxb-core-2.3.0.1.jar:/home/runner/.m2/repository/org/glassfish/jaxb/txw2/2.3.0.1/txw2-2.3.0.1.jar:/home/runner/.m2/repository/com/sun/istack/istack-commons-runtime/3.0.5/istack-commons-runtime-3.0.5.jar:/home/runner/.m2/repository/org/jvnet/staxex/stax-ex/1.7.8/stax-ex-1.7.8.jar:/home/runner/.m2/repository/com/sun/xml/fastinfoset/FastInfoset/1.2.13/FastInfoset-1.2.13.jar:/home/runner/.m2/repository/io/netty/netty-transport/4.1.86.Final/netty-transport-4.1.86.Final.jar:/home/runner/.m2/repository/io/netty/netty-common/4.1.86.Final/netty-common-4.1.86.Final.jar:/home/runner/.m2/repository/io/netty/netty-buffer/4.1.86.Final/netty-buffer-4.1.86.Final.jar:/home/runner/.m2/repository/io/netty/netty-resolver/4.1.86.Final/netty-resolver-4.1.86.Final.jar:/home/runner/.m2/repository/io/netty/netty-codec/4.1.86.Final/netty-codec-4.1.86.Final.jar:/home/runner/.m2/repository/io/netty/netty-handler/4.1.86.Final/netty-handler-4.1.86.Final.jar:/home/runner/.m2/repository/io/netty/netty-transport-native-unix-common/4.1.86.Final/netty-transport-native-unix-common-4.1.86.Final.jar:/home/runner/work/ozone/ozone/hadoop-hdds/client/target/classes:/home/runner/work/ozone/ozone/hadoop-hdds/erasurecode/target/classes:/home/runner/work/ozone/ozone/hadoop-hdds/hadoop-dependency-server/target/classes:/home/runner/.m2/repository/org/apache/hadoop/hadoop-annotations/3.3.5/hadoop-annotations-3.3.5.jar:/usr/lib/jvm/temurin-8-jdk-amd64/jre/../lib/tools.jar:/home/runner/.m2/repository/org/apache/hadoop/hadoop-common/3.3.5/hadoop-common-3.3.5.jar:/home/runner/.m2/repository/org/apache/hadoop/thirdparty/hadoop-shaded-guava/1.1.1/hadoop-shaded-guava-1.1.1.jar:/home/runner/.m2/repository/org/apache/httpcomponents/httpclient/4.5.13/httpclient-4.5.13.jar:/home/runner/.m2/repository/org/apache/httpcomponents/httpcore/4.4.13/httpcore-4.4.13.jar:/home/runner/.m2/repository/commons-net/commons-net/3.9.0/commons-net-3.9.0.jar:/home/runner/.m2/repository/javax/servlet/javax.servlet-api/3.1.0/javax.servlet-api-3.1.0.jar:/home/runner/.m2/repository/jakarta/activation/jakarta.activation-api/1.2.2/jakarta.activation-api-1.2.2.jar:/home/runner/.m2/repository/javax/servlet/jsp/jsp-api/2.1/jsp-api-2.1.jar:/home/runner/.m2/repository/com/sun/jersey/jersey-core/1.19/jersey-core-1.19.jar:/home/runner/.m2/repository/javax/ws/rs/jsr311-api/1.1.1/jsr311-api-1.1.1.jar:/home/runner/.m2/repository/com/sun/jersey/jersey-servlet/1.19/jersey-servlet-1.19.jar:/home/runner/.m2/repository/com/sun/jersey/jersey-server/1.19/jersey-server-1.19.jar:/home/runner/.m2/repository/com/google/re2j/re2j/1.1/re2j-1.1.jar:/home/runner/.m2/repository/com/google/code/gson/gson/2.9.0/gson-2.9.0.jar:/home/runner/.m2/repository/org/apache/hadoop/hadoop-auth/3.3.5/hadoop-auth-3.3.5.jar:/home/runner/.m2/repository/com/nimbusds/nimbus-jose-jwt/9.8.1/nimbus-jose-jwt-9.8.1.jar:/home/runner/.m2/repository/com/github/stephenc/jcip/jcip-annotations/1.0-1/jcip-annotations-1.0-1.jar:/home/runner/.m2/repository/net/minidev/json-smart/2.4.7/json-smart-2.4.7.jar:/home/runner/.m2/repository/net/minidev/accessors-smart/2.4.7/accessors-smart-2.4.7.jar:/home/runner/.m2/repository/org/ow2/asm/asm/5.0.4/asm-5.0.4.jar:/home/runner/.m2/repository/com/jcraft/jsch/0.1.54/jsch-0.1.54.jar:/home/runner/.m2/repository/org/apache/kerby/kerb-core/1.0.1/kerb-core-1.0.1.jar:/home/runner/.m2/repository/org/apache/kerby/kerby-pkix/1.0.1/kerby-pkix-1.0.1.jar:/home/runner/.m2/repository/org/apache/kerby/kerby-asn1/1.0.1/kerby-asn1-1.0.1.jar:/home/runner/.m2/repository/org/apache/kerby/kerby-util/1.0.1/kerby-util-1.0.1.jar:/home/runner/.m2/repository/org/codehaus/woodstox/stax2-api/4.2.1/stax2-api-4.2.1.jar:/home/runner/.m2/repository/com/fasterxml/woodstox/woodstox-core/5.4.0/woodstox-core-5.4.0.jar:/home/runner/.m2/repository/dnsjava/dnsjava/2.1.7/dnsjava-2.1.7.jar:/home/runner/.m2/repository/org/xerial/snappy/snappy-java/1.1.8.2/snappy-java-1.1.8.2.jar:/home/runner/.m2/repository/commons-cli/commons-cli/1.2/commons-cli-1.2.jar:/home/runner/.m2/repository/org/apache/hadoop/hadoop-hdfs/3.3.5/hadoop-hdfs-3.3.5.jar:/home/runner/.m2/repository/org/eclipse/jetty/jetty-util-ajax/9.4.51.v20230217/jetty-util-ajax-9.4.51.v20230217.jar:/home/runner/.m2/repository/commons-daemon/commons-daemon/1.0.13/commons-daemon-1.0.13.jar:/home/runner/work/ozone/ozone/hadoop-hdds/framework/target/classes:/home/runner/work/ozone/ozone/hadoop-hdds/interface-server/target/classes:/home/runner/work/ozone/ozone/hadoop-hdds/managed-rocksdb/target/classes:/home/runner/.m2/repository/org/rocksdb/rocksdbjni/7.7.3/rocksdbjni-7.7.3.jar:/home/runner/.m2/repository/org/slf4j/slf4j-reload4j/1.7.36/slf4j-reload4j-1.7.36.jar:/home/runner/.m2/repository/org/apache/commons/commons-configuration2/2.1.1/commons-configuration2-2.1.1.jar:/home/runner/.m2/repository/org/apache/logging/log4j/log4j-core/2.17.1/log4j-core-2.17.1.jar:/home/runner/.m2/repository/com/lmax/disruptor/3.4.2/disruptor-3.4.2.jar:/home/runner/.m2/repository/org/eclipse/jetty/jetty-util/9.4.51.v20230217/jetty-util-9.4.51.v20230217.jar:/home/runner/.m2/repository/org/eclipse/jetty/jetty-server/9.4.51.v20230217/jetty-server-9.4.51.v20230217.jar:/home/runner/.m2/repository/org/eclipse/jetty/jetty-http/9.4.51.v20230217/jetty-http-9.4.51.v20230217.jar:/home/runner/.m2/repository/org/eclipse/jetty/jetty-io/9.4.51.v20230217/jetty-io-9.4.51.v20230217.jar:/home/runner/.m2/repository/org/eclipse/jetty/jetty-servlet/9.4.51.v20230217/jetty-servlet-9.4.51.v20230217.jar:/home/runner/.m2/repository/org/eclipse/jetty/jetty-security/9.4.51.v20230217/jetty-security-9.4.51.v20230217.jar:/home/runner/.m2/repository/org/eclipse/jetty/jetty-webapp/9.4.51.v20230217/jetty-webapp-9.4.51.v20230217.jar:/home/runner/.m2/repository/org/eclipse/jetty/jetty-xml/9.4.51.v20230217/jetty-xml-9.4.51.v20230217.jar:/home/runner/.m2/repository/io/prometheus/simpleclient_dropwizard/0.7.0/simpleclient_dropwizard-0.7.0.jar:/home/runner/.m2/repository/io/prometheus/simpleclient/0.7.0/simpleclient-0.7.0.jar:/home/runner/.m2/repository/io/prometheus/simpleclient_common/0.7.0/simpleclient_common-0.7.0.jar:/home/runner/work/ozone/ozone/hadoop-hdds/rocksdb-checkpoint-differ/target/classes:/home/runner/work/ozone/ozone/hadoop-hdds/rocks-native/target/classes:/home/runner/.m2/repository/org/awaitility/awaitility/4.2.0/awaitility-4.2.0.jar:/home/runner/.m2/repository/org/hamcrest/hamcrest/2.1/hamcrest-2.1.jar:/home/runner/work/ozone/ozone/hadoop-hdds/docs/target/classes:/home/runner/.m2/repository/io/dropwizard/metrics/metrics-core/3.2.4/metrics-core-3.2.4.jar:/home/runner/.m2/repository/com/github/spotbugs/spotbugs-annotations/3.1.12/spotbugs-annotations-3.1.12.jar:/home/runner/.m2/repository/com/google/code/findbugs/jsr305/3.0.0/jsr305-3.0.0.jar:/home/runner/.m2/repository/org/apache/commons/commons-math3/3.1.1/commons-math3-3.1.1.jar:/home/runner/.m2/repository/org/apache/commons/commons-text/1.10.0/commons-text-1.10.0.jar:/home/runner/.m2/repository/org/apache/hadoop/hadoop-hdfs-client/3.3.5/hadoop-hdfs-client-3.3.5.jar:/home/runner/.m2/repository/com/squareup/okhttp3/okhttp/4.9.3/okhttp-4.9.3.jar:/home/runner/.m2/repository/com/squareup/okio/okio/2.8.0/okio-2.8.0.jar:/home/runner/.m2/repository/org/jetbrains/kotlin/kotlin-stdlib-common/1.6.21/kotlin-stdlib-common-1.6.21.jar:/home/runner/.m2/repository/com/fasterxml/jackson/core/jackson-databind/2.13.4.2/jackson-databind-2.13.4.2.jar:/home/runner/work/ozone/ozone/hadoop-hdds/container-service/target/test-classes:/home/runner/work/ozone/ozone/hadoop-hdds/common/target/test-classes:/home/runner/.m2/repository/org/hamcrest/hamcrest-core/1.3/hamcrest-core-1.3.jar:/home/runner/.m2/repository/org/assertj/assertj-core/3.12.2/assertj-core-3.12.2.jar:/home/runner/.m2/repository/org/mockito/mockito-core/3.5.9/mockito-core-3.5.9.jar:/home/runner/.m2/repository/net/bytebuddy/byte-buddy/1.10.13/byte-buddy-1.10.13.jar:/home/runner/.m2/repository/net/bytebuddy/byte-buddy-agent/1.10.13/byte-buddy-agent-1.10.13.jar:/home/runner/.m2/repository/org/objenesis/objenesis/1.0/objenesis-1.0.jar:/home/runner/.m2/repository/org/hamcrest/hamcrest-all/1.3/hamcrest-all-1.3.jar:/home/runner/.m2/repository/org/bouncycastle/bcprov-jdk15on/1.67/bcprov-jdk15on-1.67.jar:/home/runner/work/ozone/ozone/hadoop-hdds/hadoop-dependency-test/target/classes:/home/runner/.m2/repository/org/apache/hadoop/hadoop-common/3.3.5/hadoop-common-3.3.5-tests.jar:/home/runner/.m2/repository/org/apache/hadoop/hadoop-hdfs/3.3.5/hadoop-hdfs-3.3.5-tests.jar:/home/runner/.m2/repository/com/google/protobuf/protobuf-java/2.5.0/protobuf-java-2.5.0.jar:/home/runner/.m2/repository/org/junit/jupiter/junit-jupiter-api/5.8.2/junit-jupiter-api-5.8.2.jar:/home/runner/.m2/repository/org/opentest4j/opentest4j/1.2.0/opentest4j-1.2.0.jar:/home/runner/.m2/repository/org/junit/platform/junit-platform-commons/1.8.2/junit-platform-commons-1.8.2.jar:/home/runner/.m2/repository/org/apiguardian/apiguardian-api/1.1.2/apiguardian-api-1.1.2.jar:/home/runner/.m2/repository/org/junit/jupiter/junit-jupiter-engine/5.8.2/junit-jupiter-engine-5.8.2.jar:/home/runner/.m2/repository/org/junit/platform/junit-platform-engine/1.8.2/junit-platform-engine-1.8.2.jar:/home/runner/.m2/repository/org/junit/vintage/junit-vintage-engine/5.8.2/junit-vintage-engine-5.8.2.jar:/home/runner/.m2/repository/org/junit/platform/junit-platform-launcher/1.8.2/junit-platform-launcher-1.8.2.jar:/home/runner/.m2/repository/org/junit/jupiter/junit-jupiter-params/5.8.2/junit-jupiter-params-5.8.2.jar:/home/runner/.m2/repository/junit/junit/4.13.1/junit-4.13.1.jar:"/>
    <property name="sun.cpu.endian" value="little"/>
    <property name="user.home" value="/home/runner"/>
    <property name="user.language" value="en"/>
    <property name="java.specification.vendor" value="Oracle Corporation"/>
    <property name="java.home" value="/usr/lib/jvm/temurin-8-jdk-amd64/jre"/>
    <property name="java.security.krb5.conf" value="/home/runner/work/ozone/ozone/hadoop-hdds/server-scm/target/test-classes/krb5.conf"/>
    <property name="basedir" value="/home/runner/work/ozone/ozone/hadoop-hdds/server-scm"/>
    <property name="file.separator" value="/"/>
    <property name="line.separator" value="&#10;"/>
    <property name="java.vm.specification.vendor" value="Oracle Corporation"/>
    <property name="java.specification.name" value="Java Platform API Specification"/>
    <property name="java.awt.graphicsenv" value="sun.awt.X11GraphicsEnvironment"/>
    <property name="skip.installnpx" value="true"/>
    <property name="surefire.real.class.path" value="/home/runner/work/ozone/ozone/hadoop-hdds/server-scm/target/surefire/surefirebooter7608645685445636009.jar:/home/runner/.m2/repository/org/jacoco/org.jacoco.agent/0.8.5/org.jacoco.agent-0.8.5-runtime.jar"/>
    <property name="hadoop.log.dir" value="/home/runner/work/ozone/ozone/hadoop-hdds/server-scm/target/log"/>
    <property name="sun.boot.class.path" value="/usr/lib/jvm/temurin-8-jdk-amd64/jre/lib/resources.jar:/usr/lib/jvm/temurin-8-jdk-amd64/jre/lib/rt.jar:/usr/lib/jvm/temurin-8-jdk-amd64/jre/lib/sunrsasign.jar:/usr/lib/jvm/temurin-8-jdk-amd64/jre/lib/jsse.jar:/usr/lib/jvm/temurin-8-jdk-amd64/jre/lib/jce.jar:/usr/lib/jvm/temurin-8-jdk-amd64/jre/lib/charsets.jar:/usr/lib/jvm/temurin-8-jdk-amd64/jre/lib/jfr.jar:/usr/lib/jvm/temurin-8-jdk-amd64/jre/classes"/>
    <property name="sun.management.compiler" value="HotSpot 64-Bit Tiered Compilers"/>
    <property name="skip.npx" value="true"/>
    <property name="java.runtime.version" value="1.8.0_372-b07"/>
    <property name="java.net.preferIPv4Stack" value="true"/>
    <property name="user.name" value="runner"/>
    <property name="path.separator" value=":"/>
    <property name="java.security.egd" value="file:///dev/urandom"/>
    <property name="os.version" value="5.15.0-1039-azure"/>
    <property name="java.endorsed.dirs" value="/usr/lib/jvm/temurin-8-jdk-amd64/jre/lib/endorsed"/>
    <property name="java.runtime.name" value="OpenJDK Runtime Environment"/>
    <property name="file.encoding" value="UTF-8"/>
    <property name="java.vm.name" value="OpenJDK 64-Bit Server VM"/>
    <property name="test.build.webapps" value=""/>
    <property name="localRepository" value="/home/runner/.m2/repository"/>
    <property name="java.vendor.url.bug" value="https://github.com/adoptium/adoptium-support/issues"/>
    <property name="java.io.tmpdir" value="/tmp"/>
    <property name="require.test.libhadoop" value=""/>
    <property name="java.version" value="1.8.0_372"/>
    <property name="user.dir" value="/home/runner/work/ozone/ozone/hadoop-hdds/server-scm"/>
    <property name="os.arch" value="amd64"/>
    <property name="java.vm.specification.name" value="Java Virtual Machine Specification"/>
    <property name="test.build.classes" value="/home/runner/work/ozone/ozone/hadoop-hdds/server-scm/target/test-classes"/>
    <property name="java.awt.printerjob" value="sun.print.PSPrinterJob"/>
    <property name="sun.os.patch.level" value="unknown"/>
    <property name="excludedGroups" value="native"/>
    <property name="hadoop.tmp.dir" value="/home/runner/work/ozone/ozone/hadoop-hdds/server-scm/target/tmp"/>
    <property name="java.library.path" value="/usr/java/packages/lib/amd64:/usr/lib64:/lib64:/lib:/usr/lib"/>
    <property name="java.vm.info" value="mixed mode"/>
    <property name="java.vendor" value="Temurin"/>
    <property name="java.vm.version" value="25.372-b07"/>
    <property name="java.specification.maintenance.version" value="4"/>
    <property name="java.ext.dirs" value="/usr/lib/jvm/temurin-8-jdk-amd64/jre/lib/ext:/usr/java/packages/lib/ext"/>
    <property name="sun.io.unicode.encoding" value="UnicodeLittle"/>
    <property name="java.class.version" value="52.0"/>
  </properties>
  <testcase name="containerBalancerShouldObeyMaxSizeToMoveLimit" classname="org.apache.hadoop.hdds.scm.container.balancer.TestContainerBalancerTask" time="3.554">
    <system-out><![CDATA[2023-06-18 19:15:59,537 [main] INFO  net.NodeSchemaLoader (NodeSchemaLoader.java:loadSchemaFromFile(129)) - Loading schema from [file:/home/runner/work/ozone/ozone/hadoop-hdds/common/target/classes/network-topology-default.xml]
2023-06-18 19:15:59,543 [main] INFO  net.NodeSchemaLoader (NodeSchemaLoader.java:loadSchema(176)) - Loading network topology layer schema file
2023-06-18 19:15:59,825 [main] INFO  reflections.Reflections (Reflections.java:scan(232)) - Reflections took 191 ms to scan 6 urls, producing 155 keys and 358 values 
2023-06-18 19:15:59,905 [main] INFO  net.NetworkTopologyImpl (NetworkTopologyImpl.java:add(112)) - Added a new node: /default-rack/c990a7c6-cd65-429d-bf0b-f8db0e5c6972
2023-06-18 19:15:59,911 [main] INFO  net.NetworkTopologyImpl (NetworkTopologyImpl.java:add(112)) - Added a new node: /default-rack/0896e809-e03e-47c3-b990-74f34797edc6
2023-06-18 19:15:59,912 [main] INFO  net.NetworkTopologyImpl (NetworkTopologyImpl.java:add(112)) - Added a new node: /default-rack/10ae70f1-8f07-41ef-8891-06d49bcef1ae
2023-06-18 19:15:59,913 [main] INFO  net.NetworkTopologyImpl (NetworkTopologyImpl.java:add(112)) - Added a new node: /default-rack/b92bc6d9-e9d4-4f9c-a40e-3fa4930bd8f8
2023-06-18 19:15:59,913 [main] INFO  net.NetworkTopologyImpl (NetworkTopologyImpl.java:add(112)) - Added a new node: /default-rack/26222c99-7546-40ef-8af1-3aac7c137039
2023-06-18 19:15:59,914 [main] INFO  net.NetworkTopologyImpl (NetworkTopologyImpl.java:add(112)) - Added a new node: /default-rack/b0ba5d4f-d0f5-4129-a87e-244fa6b590c8
2023-06-18 19:15:59,914 [main] INFO  net.NetworkTopologyImpl (NetworkTopologyImpl.java:add(112)) - Added a new node: /default-rack/38ad2593-6ac6-4516-b821-0fcddd609447
2023-06-18 19:15:59,915 [main] INFO  net.NetworkTopologyImpl (NetworkTopologyImpl.java:add(112)) - Added a new node: /default-rack/29a63b73-b227-4e9b-8bda-75ef262d46fd
2023-06-18 19:15:59,915 [main] INFO  net.NetworkTopologyImpl (NetworkTopologyImpl.java:add(112)) - Added a new node: /default-rack/98ff9352-1ebb-4737-959e-90e668322ed5
2023-06-18 19:15:59,916 [main] INFO  net.NetworkTopologyImpl (NetworkTopologyImpl.java:add(112)) - Added a new node: /default-rack/98919912-02c7-4364-8890-31b616e04fa9
2023-06-18 19:15:59,930 [main] INFO  algorithms.ContainerPlacementPolicyFactory (ContainerPlacementPolicyFactory.java:getPolicyInternal(86)) - Create container placement policy of type org.apache.hadoop.hdds.scm.container.placement.algorithms.SCMContainerPlacementRackAware
2023-06-18 19:15:59,977 [main] INFO  algorithms.ContainerPlacementPolicyFactory (ContainerPlacementPolicyFactory.java:getPolicyInternal(86)) - Create container placement policy of type org.apache.hadoop.hdds.scm.container.placement.algorithms.SCMContainerPlacementRackScatter
2023-06-18 19:16:00,167 [main] DEBUG balancer.ContainerBalancerTask (ContainerBalancerTask.java:initializeIteration(374)) - Average utilization of the cluster is 0.3524550212979345
2023-06-18 19:16:00,168 [main] DEBUG balancer.ContainerBalancerTask (ContainerBalancerTask.java:initializeIteration(386)) - Lower limit for utilization is 0.3424550212979345 and Upper limit for utilization is 0.3624550212979345
2023-06-18 19:16:00,168 [main] DEBUG balancer.ContainerBalancerTask (ContainerBalancerTask.java:initializeIteration(398)) - Utilization for node 98919912-02c7-4364-8890-31b616e04fa9 with capacity 53687091200B, used 48318382080B, and remaining 5368709120B is 0.9
2023-06-18 19:16:00,169 [main] DEBUG balancer.ContainerBalancerTask (ContainerBalancerTask.java:initializeIteration(398)) - Utilization for node 29a63b73-b227-4e9b-8bda-75ef262d46fd with capacity 75161927680B, used 60129542144B, and remaining 15032385536B is 0.8
2023-06-18 19:16:00,169 [main] DEBUG balancer.ContainerBalancerTask (ContainerBalancerTask.java:initializeIteration(398)) - Utilization for node 98ff9352-1ebb-4737-959e-90e668322ed5 with capacity 70560177005B, used 49392123904B, and remaining 21168053101B is 0.7000000000070862
2023-06-18 19:16:00,169 [main] DEBUG balancer.ContainerBalancerTask (ContainerBalancerTask.java:initializeIteration(398)) - Utilization for node 10ae70f1-8f07-41ef-8891-06d49bcef1ae with capacity 109163752106B, used 65498251264B, and remaining 43665500842B is 0.6000000000036643
2023-06-18 19:16:00,170 [main] DEBUG balancer.ContainerBalancerTask (ContainerBalancerTask.java:initializeIteration(398)) - Utilization for node 38ad2593-6ac6-4516-b821-0fcddd609447 with capacity 73014444032B, used 36507222016B, and remaining 36507222016B is 0.5
2023-06-18 19:16:00,170 [main] DEBUG balancer.ContainerBalancerTask (ContainerBalancerTask.java:initializeIteration(398)) - Utilization for node 0896e809-e03e-47c3-b990-74f34797edc6 with capacity 126164664320B, used 50465865728B, and remaining 75698798592B is 0.4
2023-06-18 19:16:00,172 [main] DEBUG balancer.ContainerBalancerTask (ContainerBalancerTask.java:initializeIteration(398)) - Utilization for node b92bc6d9-e9d4-4f9c-a40e-3fa4930bd8f8 with capacity 93057624746B, used 27917287424B, and remaining 65140337322B is 0.3000000000021492
2023-06-18 19:16:00,172 [main] DEBUG balancer.ContainerBalancerTask (ContainerBalancerTask.java:initializeIteration(398)) - Utilization for node b0ba5d4f-d0f5-4129-a87e-244fa6b590c8 with capacity 284541583360B, used 56908316672B, and remaining 227633266688B is 0.2
2023-06-18 19:16:00,172 [main] DEBUG balancer.ContainerBalancerTask (ContainerBalancerTask.java:initializeIteration(398)) - Utilization for node c990a7c6-cd65-429d-bf0b-f8db0e5c6972 with capacity 300647710720B, used 30064771072B, and remaining 270582939648B is 0.1
2023-06-18 19:16:00,173 [main] DEBUG balancer.ContainerBalancerTask (ContainerBalancerTask.java:initializeIteration(398)) - Utilization for node 26222c99-7546-40ef-8af1-3aac7c137039 with capacity 20401094656B, used 0B, and remaining 20401094656B is 0.0
2023-06-18 19:16:00,174 [main] INFO  balancer.ContainerBalancerTask (ContainerBalancerTask.java:initializeIteration(447)) - Container Balancer has identified 6 Over-Utilized and 4 Under-Utilized Datanodes that need to be balanced.
2023-06-18 19:16:00,174 [main] DEBUG balancer.ContainerBalancerTask (ContainerBalancerTask.java:lambda$initializeIteration$1(453)) - Datanode localhost-119.4.68.107 98919912-02c7-4364-8890-31b616e04fa9 is Over-Utilized.
2023-06-18 19:16:00,175 [main] DEBUG balancer.ContainerBalancerTask (ContainerBalancerTask.java:lambda$initializeIteration$1(453)) - Datanode localhost-114.209.174.48 29a63b73-b227-4e9b-8bda-75ef262d46fd is Over-Utilized.
2023-06-18 19:16:00,175 [main] DEBUG balancer.ContainerBalancerTask (ContainerBalancerTask.java:lambda$initializeIteration$1(453)) - Datanode localhost-138.54.42.150 98ff9352-1ebb-4737-959e-90e668322ed5 is Over-Utilized.
2023-06-18 19:16:00,175 [main] DEBUG balancer.ContainerBalancerTask (ContainerBalancerTask.java:lambda$initializeIteration$1(453)) - Datanode localhost-92.226.107.113 10ae70f1-8f07-41ef-8891-06d49bcef1ae is Over-Utilized.
2023-06-18 19:16:00,177 [main] DEBUG balancer.ContainerBalancerTask (ContainerBalancerTask.java:lambda$initializeIteration$1(453)) - Datanode localhost-199.0.244.124 38ad2593-6ac6-4516-b821-0fcddd609447 is Over-Utilized.
2023-06-18 19:16:00,177 [main] DEBUG balancer.ContainerBalancerTask (ContainerBalancerTask.java:lambda$initializeIteration$1(453)) - Datanode localhost-56.41.24.111 0896e809-e03e-47c3-b990-74f34797edc6 is Over-Utilized.
2023-06-18 19:16:00,178 [main] DEBUG balancer.ContainerBalancerTask (ContainerBalancerTask.java:lambda$initializeIteration$2(459)) - Datanode localhost-3.223.53.10 26222c99-7546-40ef-8af1-3aac7c137039 is Under-Utilized.
2023-06-18 19:16:00,178 [main] DEBUG balancer.ContainerBalancerTask (ContainerBalancerTask.java:lambda$initializeIteration$2(459)) - Datanode localhost-82.62.237.159 c990a7c6-cd65-429d-bf0b-f8db0e5c6972 is Under-Utilized.
2023-06-18 19:16:00,178 [main] DEBUG balancer.ContainerBalancerTask (ContainerBalancerTask.java:lambda$initializeIteration$2(459)) - Datanode localhost-211.143.89.35 b0ba5d4f-d0f5-4129-a87e-244fa6b590c8 is Under-Utilized.
2023-06-18 19:16:00,179 [main] DEBUG balancer.ContainerBalancerTask (ContainerBalancerTask.java:lambda$initializeIteration$2(459)) - Datanode localhost-160.66.13.183 b92bc6d9-e9d4-4f9c-a40e-3fa4930bd8f8 is Under-Utilized.
2023-06-18 19:16:00,215 [main] DEBUG balancer.ContainerBalancerTask (ContainerBalancerTask.java:matchSourceWithTarget(706)) - ContainerBalancer is finding suitable target for source datanode 98919912-02c7-4364-8890-31b616e04fa9
2023-06-18 19:16:00,224 [main] INFO  balancer.ContainerBalancerTask (ContainerBalancerTask.java:matchSourceWithTarget(720)) - ContainerBalancer matched source datanode 98919912-02c7-4364-8890-31b616e04fa9 with target datanode 26222c99-7546-40ef-8af1-3aac7c137039 for container move.
2023-06-18 19:16:00,225 [main] INFO  balancer.ContainerBalancerTask (ContainerBalancerTask.java:processMoveSelection(569)) - ContainerBalancer is trying to move container #85 with size 5368709120B from source datanode 98919912-02c7-4364-8890-31b616e04fa9 to target datanode 26222c99-7546-40ef-8af1-3aac7c137039
2023-06-18 19:16:00,229 [main] DEBUG balancer.ContainerBalancerTask (ContainerBalancerTask.java:lambda$moveContainer$3(834)) - Container move completed for container #85 from source 98919912-02c7-4364-8890-31b616e04fa9 to target 26222c99-7546-40ef-8af1-3aac7c137039
2023-06-18 19:16:00,244 [main] DEBUG balancer.ContainerBalancerTask (ContainerBalancerTask.java:matchSourceWithTarget(706)) - ContainerBalancer is finding suitable target for source datanode 98919912-02c7-4364-8890-31b616e04fa9
2023-06-18 19:16:00,245 [main] INFO  balancer.ContainerBalancerTask (ContainerBalancerTask.java:matchSourceWithTarget(720)) - ContainerBalancer matched source datanode 98919912-02c7-4364-8890-31b616e04fa9 with target datanode c990a7c6-cd65-429d-bf0b-f8db0e5c6972 for container move.
2023-06-18 19:16:00,246 [main] INFO  balancer.ContainerBalancerTask (ContainerBalancerTask.java:processMoveSelection(569)) - ContainerBalancer is trying to move container #68 with size 5368709120B from source datanode 98919912-02c7-4364-8890-31b616e04fa9 to target datanode c990a7c6-cd65-429d-bf0b-f8db0e5c6972
2023-06-18 19:16:00,251 [main] DEBUG balancer.ContainerBalancerTask (ContainerBalancerTask.java:lambda$moveContainer$3(834)) - Container move completed for container #68 from source 98919912-02c7-4364-8890-31b616e04fa9 to target c990a7c6-cd65-429d-bf0b-f8db0e5c6972
2023-06-18 19:16:00,251 [main] WARN  balancer.ContainerBalancerTask (ContainerBalancerTask.java:reachedMaxSizeToMovePerIteration(731)) - Reached max size to move limit. 10737418240 bytes have already been scheduled for balancing and the limit is 10737418240 bytes.
2023-06-18 19:16:00,253 [main] INFO  balancer.ContainerBalancerTask (ContainerBalancerTask.java:checkIterationMoveResults(640)) - Iteration Summary. Number of Datanodes involved: 3. Size moved: 10 GB (10737418240 Bytes). Number of Container moves completed: 2.
2023-06-18 19:16:00,253 [main] INFO  balancer.ContainerBalancerTask (ContainerBalancerTask.java:balance(259)) - Result of this iteration of Container Balancer: ITERATION_COMPLETED
2023-06-18 19:16:00,263 [main] INFO  balancer.ContainerBalancerTask (ContainerBalancerTask.java:tryStopWithSaveConfiguration(308)) - Save Configuration for stopping. Reason: Completed all iterations.
]]></system-out>
  </testcase>
  <testcase name="balancerShouldFollowExcludeAndIncludeDatanodesConfigurations" classname="org.apache.hadoop.hdds.scm.container.balancer.TestContainerBalancerTask" time="0.128">
    <system-out><![CDATA[2023-06-18 19:16:00,373 [main] INFO  net.NodeSchemaLoader (NodeSchemaLoader.java:loadSchemaFromFile(129)) - Loading schema from [file:/home/runner/work/ozone/ozone/hadoop-hdds/common/target/classes/network-topology-default.xml]
2023-06-18 19:16:00,374 [main] INFO  net.NodeSchemaLoader (NodeSchemaLoader.java:loadSchema(176)) - Loading network topology layer schema file
2023-06-18 19:16:00,378 [main] INFO  net.NetworkTopologyImpl (NetworkTopologyImpl.java:add(112)) - Added a new node: /default-rack/46f439cb-3479-4c36-9f91-b9d912ae0b63
2023-06-18 19:16:00,380 [main] INFO  net.NetworkTopologyImpl (NetworkTopologyImpl.java:add(112)) - Added a new node: /default-rack/14001e47-a082-4b0f-a3f1-2df484ec10c6
2023-06-18 19:16:00,381 [main] INFO  net.NetworkTopologyImpl (NetworkTopologyImpl.java:add(112)) - Added a new node: /default-rack/8a54ec92-cbc0-4965-9a7a-ce43179a7e05
2023-06-18 19:16:00,381 [main] INFO  net.NetworkTopologyImpl (NetworkTopologyImpl.java:add(112)) - Added a new node: /default-rack/c1f202e4-0553-461e-8087-118917750485
2023-06-18 19:16:00,381 [main] INFO  net.NetworkTopologyImpl (NetworkTopologyImpl.java:add(112)) - Added a new node: /default-rack/f3a566e7-d9bb-4225-93ec-54d7aa144e65
2023-06-18 19:16:00,382 [main] INFO  net.NetworkTopologyImpl (NetworkTopologyImpl.java:add(112)) - Added a new node: /default-rack/69a44649-9a0e-4a1b-8d85-2f864abce110
2023-06-18 19:16:00,383 [main] INFO  net.NetworkTopologyImpl (NetworkTopologyImpl.java:add(112)) - Added a new node: /default-rack/0df0ca41-0a87-452e-b1c3-d30c81f998a6
2023-06-18 19:16:00,383 [main] INFO  net.NetworkTopologyImpl (NetworkTopologyImpl.java:add(112)) - Added a new node: /default-rack/7dc93074-0a16-49cd-ad85-48e978ac18ac
2023-06-18 19:16:00,383 [main] INFO  net.NetworkTopologyImpl (NetworkTopologyImpl.java:add(112)) - Added a new node: /default-rack/e02e614d-4a28-4b0d-96e3-b221d4e9fa42
2023-06-18 19:16:00,384 [main] INFO  net.NetworkTopologyImpl (NetworkTopologyImpl.java:add(112)) - Added a new node: /default-rack/86066006-2782-4d52-ba06-88f9adc73447
2023-06-18 19:16:00,384 [main] INFO  algorithms.ContainerPlacementPolicyFactory (ContainerPlacementPolicyFactory.java:getPolicyInternal(86)) - Create container placement policy of type org.apache.hadoop.hdds.scm.container.placement.algorithms.SCMContainerPlacementRackAware
2023-06-18 19:16:00,384 [main] INFO  algorithms.ContainerPlacementPolicyFactory (ContainerPlacementPolicyFactory.java:getPolicyInternal(86)) - Create container placement policy of type org.apache.hadoop.hdds.scm.container.placement.algorithms.SCMContainerPlacementRackScatter
2023-06-18 19:16:00,402 [main] DEBUG balancer.ContainerBalancerTask (ContainerBalancerTask.java:initializeIteration(374)) - Average utilization of the cluster is 0.18097686375321337
2023-06-18 19:16:00,403 [main] DEBUG balancer.ContainerBalancerTask (ContainerBalancerTask.java:initializeIteration(386)) - Lower limit for utilization is 0.08097686375321336 and Upper limit for utilization is 0.2809768637532134
2023-06-18 19:16:00,403 [main] DEBUG balancer.ContainerBalancerTask (ContainerBalancerTask.java:initializeIteration(398)) - Utilization for node f3a566e7-d9bb-4225-93ec-54d7aa144e65 with capacity 60397977600B, used 48318382080B, and remaining 12079595520B is 0.8
2023-06-18 19:16:00,403 [main] DEBUG balancer.ContainerBalancerTask (ContainerBalancerTask.java:initializeIteration(398)) - Utilization for node 46f439cb-3479-4c36-9f91-b9d912ae0b63 with capacity 461708984320B, used 46170898432B, and remaining 415538085888B is 0.1
2023-06-18 19:16:00,403 [main] INFO  balancer.ContainerBalancerTask (ContainerBalancerTask.java:initializeIteration(447)) - Container Balancer has identified 1 Over-Utilized and 0 Under-Utilized Datanodes that need to be balanced.
2023-06-18 19:16:00,404 [main] DEBUG balancer.ContainerBalancerTask (ContainerBalancerTask.java:lambda$initializeIteration$1(453)) - Datanode localhost-218.106.145.60 f3a566e7-d9bb-4225-93ec-54d7aa144e65 is Over-Utilized.
2023-06-18 19:16:00,418 [main] DEBUG balancer.ContainerBalancerTask (ContainerBalancerTask.java:matchSourceWithTarget(706)) - ContainerBalancer is finding suitable target for source datanode f3a566e7-d9bb-4225-93ec-54d7aa144e65
2023-06-18 19:16:00,418 [main] INFO  balancer.FindTargetGreedyByUsageInfo (AbstractFindTargetGreedy.java:findTargetForContainerMove(133)) - Container Balancer could not find a target for source datanode f3a566e7-d9bb-4225-93ec-54d7aa144e65
2023-06-18 19:16:00,418 [main] DEBUG balancer.ContainerBalancerTask (ContainerBalancerTask.java:matchSourceWithTarget(715)) - ContainerBalancer could not find a suitable target for source node f3a566e7-d9bb-4225-93ec-54d7aa144e65.
2023-06-18 19:16:00,419 [main] INFO  balancer.FindSourceGreedy (FindSourceGreedy.java:getNextCandidateSourceDataNode(126)) - no more candidate source data node
2023-06-18 19:16:00,419 [main] INFO  balancer.ContainerBalancerTask (ContainerBalancerTask.java:balance(259)) - Result of this iteration of Container Balancer: CAN_NOT_BALANCE_ANY_MORE
2023-06-18 19:16:00,420 [main] INFO  balancer.ContainerBalancerTask (ContainerBalancerTask.java:tryStopWithSaveConfiguration(308)) - Save Configuration for stopping. Reason: CAN_NOT_BALANCE_ANY_MORE
]]></system-out>
  </testcase>
  <testcase name="unBalancedNodesListShouldBeEmptyWhenClusterIsBalanced" classname="org.apache.hadoop.hdds.scm.container.balancer.TestContainerBalancerTask" time="0.091">
    <system-out><![CDATA[2023-06-18 19:16:00,488 [main] INFO  net.NodeSchemaLoader (NodeSchemaLoader.java:loadSchemaFromFile(129)) - Loading schema from [file:/home/runner/work/ozone/ozone/hadoop-hdds/common/target/classes/network-topology-default.xml]
2023-06-18 19:16:00,488 [main] INFO  net.NodeSchemaLoader (NodeSchemaLoader.java:loadSchema(176)) - Loading network topology layer schema file
2023-06-18 19:16:00,497 [main] INFO  net.NetworkTopologyImpl (NetworkTopologyImpl.java:add(112)) - Added a new node: /default-rack/cd661acd-4c1e-4ca4-ad95-046ef1352e8e
2023-06-18 19:16:00,497 [main] INFO  net.NetworkTopologyImpl (NetworkTopologyImpl.java:add(112)) - Added a new node: /default-rack/a014f26b-1a9e-4c12-9011-39ae3231b7ee
2023-06-18 19:16:00,498 [main] INFO  net.NetworkTopologyImpl (NetworkTopologyImpl.java:add(112)) - Added a new node: /default-rack/0aa83355-ff3d-48f8-b119-900f6ab2c3a9
2023-06-18 19:16:00,498 [main] INFO  net.NetworkTopologyImpl (NetworkTopologyImpl.java:add(112)) - Added a new node: /default-rack/67779ddf-cc6d-4a3c-89c6-c17717332a0d
2023-06-18 19:16:00,498 [main] INFO  net.NetworkTopologyImpl (NetworkTopologyImpl.java:add(112)) - Added a new node: /default-rack/b3976908-0ebd-460b-9c18-a0e5760682ca
2023-06-18 19:16:00,498 [main] INFO  net.NetworkTopologyImpl (NetworkTopologyImpl.java:add(112)) - Added a new node: /default-rack/3dff78b9-177e-4f23-976c-9289fffb880d
2023-06-18 19:16:00,498 [main] INFO  net.NetworkTopologyImpl (NetworkTopologyImpl.java:add(112)) - Added a new node: /default-rack/f2123e14-c19a-4184-a1fc-204e41af64df
2023-06-18 19:16:00,499 [main] INFO  net.NetworkTopologyImpl (NetworkTopologyImpl.java:add(112)) - Added a new node: /default-rack/42778cf3-886f-4a7c-a08f-951e5041344a
2023-06-18 19:16:00,499 [main] INFO  net.NetworkTopologyImpl (NetworkTopologyImpl.java:add(112)) - Added a new node: /default-rack/0ac22381-5b51-4391-9378-66effc992153
2023-06-18 19:16:00,499 [main] INFO  net.NetworkTopologyImpl (NetworkTopologyImpl.java:add(112)) - Added a new node: /default-rack/b33c6a89-8ec3-41de-be8e-fdc7bbcc6d42
2023-06-18 19:16:00,499 [main] INFO  algorithms.ContainerPlacementPolicyFactory (ContainerPlacementPolicyFactory.java:getPolicyInternal(86)) - Create container placement policy of type org.apache.hadoop.hdds.scm.container.placement.algorithms.SCMContainerPlacementRackAware
2023-06-18 19:16:00,500 [main] INFO  algorithms.ContainerPlacementPolicyFactory (ContainerPlacementPolicyFactory.java:getPolicyInternal(86)) - Create container placement policy of type org.apache.hadoop.hdds.scm.container.placement.algorithms.SCMContainerPlacementRackScatter
2023-06-18 19:16:00,511 [main] DEBUG balancer.ContainerBalancerTask (ContainerBalancerTask.java:initializeIteration(374)) - Average utilization of the cluster is 0.36854262914748914
2023-06-18 19:16:00,511 [main] DEBUG balancer.ContainerBalancerTask (ContainerBalancerTask.java:initializeIteration(386)) - Lower limit for utilization is -0.6313573708525108 and Upper limit for utilization is 1.3684426291474892
2023-06-18 19:16:00,512 [main] DEBUG balancer.ContainerBalancerTask (ContainerBalancerTask.java:initializeIteration(398)) - Utilization for node 0aa83355-ff3d-48f8-b119-900f6ab2c3a9 with capacity 88285438862B, used 79456894976B, and remaining 8828543886B is 0.9000000000022654
2023-06-18 19:16:00,512 [main] DEBUG balancer.ContainerBalancerTask (ContainerBalancerTask.java:initializeIteration(398)) - Utilization for node cd661acd-4c1e-4ca4-ad95-046ef1352e8e with capacity 67108864000B, used 53687091200B, and remaining 13421772800B is 0.8
2023-06-18 19:16:00,512 [main] DEBUG balancer.ContainerBalancerTask (ContainerBalancerTask.java:initializeIteration(398)) - Utilization for node f2123e14-c19a-4184-a1fc-204e41af64df with capacity 64424509440B, used 45097156608B, and remaining 19327352832B is 0.7
2023-06-18 19:16:00,513 [main] DEBUG balancer.ContainerBalancerTask (ContainerBalancerTask.java:initializeIteration(398)) - Utilization for node 0ac22381-5b51-4391-9378-66effc992153 with capacity 75161927680B, used 45097156608B, and remaining 30064771072B is 0.6
2023-06-18 19:16:00,513 [main] DEBUG balancer.ContainerBalancerTask (ContainerBalancerTask.java:initializeIteration(398)) - Utilization for node 67779ddf-cc6d-4a3c-89c6-c17717332a0d with capacity 120259084288B, used 60129542144B, and remaining 60129542144B is 0.5
2023-06-18 19:16:00,513 [main] DEBUG balancer.ContainerBalancerTask (ContainerBalancerTask.java:initializeIteration(398)) - Utilization for node 3dff78b9-177e-4f23-976c-9289fffb880d with capacity 104689827840B, used 41875931136B, and remaining 62813896704B is 0.4
2023-06-18 19:16:00,514 [main] DEBUG balancer.ContainerBalancerTask (ContainerBalancerTask.java:initializeIteration(398)) - Utilization for node b33c6a89-8ec3-41de-be8e-fdc7bbcc6d42 with capacity 85899345920B, used 25769803776B, and remaining 60129542144B is 0.3
2023-06-18 19:16:00,514 [main] DEBUG balancer.ContainerBalancerTask (ContainerBalancerTask.java:initializeIteration(398)) - Utilization for node 42778cf3-886f-4a7c-a08f-951e5041344a with capacity 161061273600B, used 32212254720B, and remaining 128849018880B is 0.2
2023-06-18 19:16:00,515 [main] DEBUG balancer.ContainerBalancerTask (ContainerBalancerTask.java:initializeIteration(398)) - Utilization for node b3976908-0ebd-460b-9c18-a0e5760682ca with capacity 354334801920B, used 35433480192B, and remaining 318901321728B is 0.1
2023-06-18 19:16:00,515 [main] DEBUG balancer.ContainerBalancerTask (ContainerBalancerTask.java:initializeIteration(398)) - Utilization for node a014f26b-1a9e-4c12-9011-39ae3231b7ee with capacity 15032385536B, used 0B, and remaining 15032385536B is 0.0
2023-06-18 19:16:00,515 [main] INFO  balancer.ContainerBalancerTask (ContainerBalancerTask.java:initializeIteration(443)) - Did not find any unbalanced Datanodes.
2023-06-18 19:16:00,515 [main] INFO  balancer.ContainerBalancerTask (ContainerBalancerTask.java:tryStopWithSaveConfiguration(308)) - Save Configuration for stopping. Reason: Could not initialize ContainerBalancer's iteration number 0
]]></system-out>
  </testcase>
  <testcase name="containerMoveSelectionShouldFollowPlacementPolicy" classname="org.apache.hadoop.hdds.scm.container.balancer.TestContainerBalancerTask" time="0.143">
    <system-out><![CDATA[2023-06-18 19:16:00,571 [main] INFO  net.NodeSchemaLoader (NodeSchemaLoader.java:loadSchemaFromFile(129)) - Loading schema from [file:/home/runner/work/ozone/ozone/hadoop-hdds/common/target/classes/network-topology-default.xml]
2023-06-18 19:16:00,571 [main] INFO  net.NodeSchemaLoader (NodeSchemaLoader.java:loadSchema(176)) - Loading network topology layer schema file
2023-06-18 19:16:00,573 [main] INFO  net.NetworkTopologyImpl (NetworkTopologyImpl.java:add(112)) - Added a new node: /default-rack/f037fa10-5502-46be-bc73-21ec725d4b49
2023-06-18 19:16:00,574 [main] INFO  net.NetworkTopologyImpl (NetworkTopologyImpl.java:add(112)) - Added a new node: /default-rack/57e7d4ad-4934-4ad5-85a3-fd80d0665037
2023-06-18 19:16:00,574 [main] INFO  net.NetworkTopologyImpl (NetworkTopologyImpl.java:add(112)) - Added a new node: /default-rack/94cd6781-d0c9-4f1a-9dd0-f20860cbdd25
2023-06-18 19:16:00,574 [main] INFO  net.NetworkTopologyImpl (NetworkTopologyImpl.java:add(112)) - Added a new node: /default-rack/fd9ad824-05eb-471c-9a7b-468928ed340c
2023-06-18 19:16:00,574 [main] INFO  net.NetworkTopologyImpl (NetworkTopologyImpl.java:add(112)) - Added a new node: /default-rack/a4f24d08-4909-458a-8668-80180326ce34
2023-06-18 19:16:00,574 [main] INFO  net.NetworkTopologyImpl (NetworkTopologyImpl.java:add(112)) - Added a new node: /default-rack/55825f31-5d81-445c-bf11-cf90f7255c81
2023-06-18 19:16:00,575 [main] INFO  net.NetworkTopologyImpl (NetworkTopologyImpl.java:add(112)) - Added a new node: /default-rack/94549a3a-a231-4bf0-b6b7-e8656252f5f3
2023-06-18 19:16:00,575 [main] INFO  net.NetworkTopologyImpl (NetworkTopologyImpl.java:add(112)) - Added a new node: /default-rack/debeca58-7bf8-4e1c-b71e-c34d6efa0a17
2023-06-18 19:16:00,575 [main] INFO  net.NetworkTopologyImpl (NetworkTopologyImpl.java:add(112)) - Added a new node: /default-rack/2129420a-319f-4dd1-a7af-74ce3591d0a0
2023-06-18 19:16:00,575 [main] INFO  net.NetworkTopologyImpl (NetworkTopologyImpl.java:add(112)) - Added a new node: /default-rack/a4e04677-1c5c-49cc-add3-e14f8040aae5
2023-06-18 19:16:00,575 [main] INFO  algorithms.ContainerPlacementPolicyFactory (ContainerPlacementPolicyFactory.java:getPolicyInternal(86)) - Create container placement policy of type org.apache.hadoop.hdds.scm.container.placement.algorithms.SCMContainerPlacementRackAware
2023-06-18 19:16:00,576 [main] INFO  algorithms.ContainerPlacementPolicyFactory (ContainerPlacementPolicyFactory.java:getPolicyInternal(86)) - Create container placement policy of type org.apache.hadoop.hdds.scm.container.placement.algorithms.SCMContainerPlacementRackScatter
2023-06-18 19:16:00,580 [main] DEBUG balancer.ContainerBalancerTask (ContainerBalancerTask.java:initializeIteration(374)) - Average utilization of the cluster is 0.31397795735655276
2023-06-18 19:16:00,580 [main] DEBUG balancer.ContainerBalancerTask (ContainerBalancerTask.java:initializeIteration(386)) - Lower limit for utilization is 0.21397795735655276 and Upper limit for utilization is 0.41397795735655274
2023-06-18 19:16:00,581 [main] DEBUG balancer.ContainerBalancerTask (ContainerBalancerTask.java:initializeIteration(398)) - Utilization for node f037fa10-5502-46be-bc73-21ec725d4b49 with capacity 71582788266B, used 64424509440B, and remaining 7158278826B is 0.9000000000083819
2023-06-18 19:16:00,581 [main] DEBUG balancer.ContainerBalancerTask (ContainerBalancerTask.java:initializeIteration(398)) - Utilization for node 2129420a-319f-4dd1-a7af-74ce3591d0a0 with capacity 68451041280B, used 54760833024B, and remaining 13690208256B is 0.8
2023-06-18 19:16:00,581 [main] DEBUG balancer.ContainerBalancerTask (ContainerBalancerTask.java:initializeIteration(398)) - Utilization for node 94cd6781-d0c9-4f1a-9dd0-f20860cbdd25 with capacity 67492343222B, used 47244640256B, and remaining 20247702966B is 0.7000000000088898
2023-06-18 19:16:00,581 [main] DEBUG balancer.ContainerBalancerTask (ContainerBalancerTask.java:initializeIteration(398)) - Utilization for node 55825f31-5d81-445c-bf11-cf90f7255c81 with capacity 60845370026B, used 36507222016B, and remaining 24338148010B is 0.600000000006574
2023-06-18 19:16:00,581 [main] DEBUG balancer.ContainerBalancerTask (ContainerBalancerTask.java:initializeIteration(398)) - Utilization for node debeca58-7bf8-4e1c-b71e-c34d6efa0a17 with capacity 66571993088B, used 33285996544B, and remaining 33285996544B is 0.5
2023-06-18 19:16:00,581 [main] DEBUG balancer.ContainerBalancerTask (ContainerBalancerTask.java:initializeIteration(398)) - Utilization for node fd9ad824-05eb-471c-9a7b-468928ed340c with capacity 91268055040B, used 36507222016B, and remaining 54760833024B is 0.4
2023-06-18 19:16:00,582 [main] DEBUG balancer.ContainerBalancerTask (ContainerBalancerTask.java:initializeIteration(398)) - Utilization for node a4f24d08-4909-458a-8668-80180326ce34 with capacity 204010946560B, used 61203283968B, and remaining 142807662592B is 0.3
2023-06-18 19:16:00,582 [main] DEBUG balancer.ContainerBalancerTask (ContainerBalancerTask.java:initializeIteration(398)) - Utilization for node 94549a3a-a231-4bf0-b6b7-e8656252f5f3 with capacity 177167400960B, used 35433480192B, and remaining 141733920768B is 0.2
2023-06-18 19:16:00,582 [main] DEBUG balancer.ContainerBalancerTask (ContainerBalancerTask.java:initializeIteration(398)) - Utilization for node a4e04677-1c5c-49cc-add3-e14f8040aae5 with capacity 483183820800B, used 48318382080B, and remaining 434865438720B is 0.1
2023-06-18 19:16:00,582 [main] DEBUG balancer.ContainerBalancerTask (ContainerBalancerTask.java:initializeIteration(398)) - Utilization for node 57e7d4ad-4934-4ad5-85a3-fd80d0665037 with capacity 39728447488B, used 0B, and remaining 39728447488B is 0.0
2023-06-18 19:16:00,582 [main] INFO  balancer.ContainerBalancerTask (ContainerBalancerTask.java:initializeIteration(447)) - Container Balancer has identified 5 Over-Utilized and 3 Under-Utilized Datanodes that need to be balanced.
2023-06-18 19:16:00,583 [main] DEBUG balancer.ContainerBalancerTask (ContainerBalancerTask.java:lambda$initializeIteration$1(453)) - Datanode localhost-18.88.162.242 f037fa10-5502-46be-bc73-21ec725d4b49 is Over-Utilized.
2023-06-18 19:16:00,583 [main] DEBUG balancer.ContainerBalancerTask (ContainerBalancerTask.java:lambda$initializeIteration$1(453)) - Datanode localhost-204.241.194.188 2129420a-319f-4dd1-a7af-74ce3591d0a0 is Over-Utilized.
2023-06-18 19:16:00,583 [main] DEBUG balancer.ContainerBalancerTask (ContainerBalancerTask.java:lambda$initializeIteration$1(453)) - Datanode localhost-148.248.93.143 94cd6781-d0c9-4f1a-9dd0-f20860cbdd25 is Over-Utilized.
2023-06-18 19:16:00,583 [main] DEBUG balancer.ContainerBalancerTask (ContainerBalancerTask.java:lambda$initializeIteration$1(453)) - Datanode localhost-132.94.189.220 55825f31-5d81-445c-bf11-cf90f7255c81 is Over-Utilized.
2023-06-18 19:16:00,583 [main] DEBUG balancer.ContainerBalancerTask (ContainerBalancerTask.java:lambda$initializeIteration$1(453)) - Datanode localhost-97.135.128.18 debeca58-7bf8-4e1c-b71e-c34d6efa0a17 is Over-Utilized.
2023-06-18 19:16:00,583 [main] DEBUG balancer.ContainerBalancerTask (ContainerBalancerTask.java:lambda$initializeIteration$2(459)) - Datanode localhost-78.64.0.251 57e7d4ad-4934-4ad5-85a3-fd80d0665037 is Under-Utilized.
2023-06-18 19:16:00,583 [main] DEBUG balancer.ContainerBalancerTask (ContainerBalancerTask.java:lambda$initializeIteration$2(459)) - Datanode localhost-50.4.36.155 a4e04677-1c5c-49cc-add3-e14f8040aae5 is Under-Utilized.
2023-06-18 19:16:00,584 [main] DEBUG balancer.ContainerBalancerTask (ContainerBalancerTask.java:lambda$initializeIteration$2(459)) - Datanode localhost-201.94.104.255 94549a3a-a231-4bf0-b6b7-e8656252f5f3 is Under-Utilized.
2023-06-18 19:16:00,589 [main] DEBUG balancer.ContainerBalancerTask (ContainerBalancerTask.java:matchSourceWithTarget(706)) - ContainerBalancer is finding suitable target for source datanode f037fa10-5502-46be-bc73-21ec725d4b49
2023-06-18 19:16:00,590 [main] INFO  balancer.ContainerBalancerTask (ContainerBalancerTask.java:matchSourceWithTarget(720)) - ContainerBalancer matched source datanode f037fa10-5502-46be-bc73-21ec725d4b49 with target datanode 57e7d4ad-4934-4ad5-85a3-fd80d0665037 for container move.
2023-06-18 19:16:00,590 [main] INFO  balancer.ContainerBalancerTask (ContainerBalancerTask.java:processMoveSelection(569)) - ContainerBalancer is trying to move container #85 with size 5368709120B from source datanode f037fa10-5502-46be-bc73-21ec725d4b49 to target datanode 57e7d4ad-4934-4ad5-85a3-fd80d0665037
2023-06-18 19:16:00,590 [main] DEBUG balancer.ContainerBalancerTask (ContainerBalancerTask.java:lambda$moveContainer$3(834)) - Container move completed for container #85 from source f037fa10-5502-46be-bc73-21ec725d4b49 to target 57e7d4ad-4934-4ad5-85a3-fd80d0665037
2023-06-18 19:16:00,596 [main] DEBUG balancer.ContainerBalancerTask (ContainerBalancerTask.java:matchSourceWithTarget(706)) - ContainerBalancer is finding suitable target for source datanode f037fa10-5502-46be-bc73-21ec725d4b49
2023-06-18 19:16:00,596 [main] INFO  balancer.ContainerBalancerTask (ContainerBalancerTask.java:matchSourceWithTarget(720)) - ContainerBalancer matched source datanode f037fa10-5502-46be-bc73-21ec725d4b49 with target datanode a4e04677-1c5c-49cc-add3-e14f8040aae5 for container move.
2023-06-18 19:16:00,597 [main] INFO  balancer.ContainerBalancerTask (ContainerBalancerTask.java:processMoveSelection(569)) - ContainerBalancer is trying to move container #84 with size 4294967296B from source datanode f037fa10-5502-46be-bc73-21ec725d4b49 to target datanode a4e04677-1c5c-49cc-add3-e14f8040aae5
2023-06-18 19:16:00,597 [main] DEBUG balancer.ContainerBalancerTask (ContainerBalancerTask.java:lambda$moveContainer$3(834)) - Container move completed for container #84 from source f037fa10-5502-46be-bc73-21ec725d4b49 to target a4e04677-1c5c-49cc-add3-e14f8040aae5
2023-06-18 19:16:00,601 [main] DEBUG balancer.ContainerBalancerTask (ContainerBalancerTask.java:matchSourceWithTarget(706)) - ContainerBalancer is finding suitable target for source datanode 2129420a-319f-4dd1-a7af-74ce3591d0a0
2023-06-18 19:16:00,602 [main] INFO  balancer.ContainerBalancerTask (ContainerBalancerTask.java:matchSourceWithTarget(720)) - ContainerBalancer matched source datanode 2129420a-319f-4dd1-a7af-74ce3591d0a0 with target datanode a4e04677-1c5c-49cc-add3-e14f8040aae5 for container move.
2023-06-18 19:16:00,602 [main] INFO  balancer.ContainerBalancerTask (ContainerBalancerTask.java:processMoveSelection(569)) - ContainerBalancer is trying to move container #68 with size 5368709120B from source datanode 2129420a-319f-4dd1-a7af-74ce3591d0a0 to target datanode a4e04677-1c5c-49cc-add3-e14f8040aae5
2023-06-18 19:16:00,602 [main] DEBUG balancer.ContainerBalancerTask (ContainerBalancerTask.java:lambda$moveContainer$3(834)) - Container move completed for container #68 from source 2129420a-319f-4dd1-a7af-74ce3591d0a0 to target a4e04677-1c5c-49cc-add3-e14f8040aae5
2023-06-18 19:16:00,608 [main] DEBUG balancer.ContainerBalancerTask (ContainerBalancerTask.java:matchSourceWithTarget(706)) - ContainerBalancer is finding suitable target for source datanode f037fa10-5502-46be-bc73-21ec725d4b49
2023-06-18 19:16:00,608 [main] INFO  balancer.ContainerBalancerTask (ContainerBalancerTask.java:matchSourceWithTarget(720)) - ContainerBalancer matched source datanode f037fa10-5502-46be-bc73-21ec725d4b49 with target datanode a4e04677-1c5c-49cc-add3-e14f8040aae5 for container move.
2023-06-18 19:16:00,608 [main] INFO  balancer.ContainerBalancerTask (ContainerBalancerTask.java:processMoveSelection(569)) - ContainerBalancer is trying to move container #67 with size 4294967296B from source datanode f037fa10-5502-46be-bc73-21ec725d4b49 to target datanode a4e04677-1c5c-49cc-add3-e14f8040aae5
2023-06-18 19:16:00,609 [main] DEBUG balancer.ContainerBalancerTask (ContainerBalancerTask.java:lambda$moveContainer$3(834)) - Container move completed for container #67 from source f037fa10-5502-46be-bc73-21ec725d4b49 to target a4e04677-1c5c-49cc-add3-e14f8040aae5
2023-06-18 19:16:00,613 [main] DEBUG balancer.ContainerBalancerTask (ContainerBalancerTask.java:matchSourceWithTarget(706)) - ContainerBalancer is finding suitable target for source datanode 2129420a-319f-4dd1-a7af-74ce3591d0a0
2023-06-18 19:16:00,613 [main] INFO  balancer.ContainerBalancerTask (ContainerBalancerTask.java:matchSourceWithTarget(720)) - ContainerBalancer matched source datanode 2129420a-319f-4dd1-a7af-74ce3591d0a0 with target datanode a4e04677-1c5c-49cc-add3-e14f8040aae5 for container move.
2023-06-18 19:16:00,613 [main] INFO  balancer.ContainerBalancerTask (ContainerBalancerTask.java:processMoveSelection(569)) - ContainerBalancer is trying to move container #53 with size 5368709120B from source datanode 2129420a-319f-4dd1-a7af-74ce3591d0a0 to target datanode a4e04677-1c5c-49cc-add3-e14f8040aae5
2023-06-18 19:16:00,614 [main] DEBUG balancer.ContainerBalancerTask (ContainerBalancerTask.java:lambda$moveContainer$3(834)) - Container move completed for container #53 from source 2129420a-319f-4dd1-a7af-74ce3591d0a0 to target a4e04677-1c5c-49cc-add3-e14f8040aae5
2023-06-18 19:16:00,619 [main] DEBUG balancer.ContainerBalancerTask (ContainerBalancerTask.java:matchSourceWithTarget(706)) - ContainerBalancer is finding suitable target for source datanode f037fa10-5502-46be-bc73-21ec725d4b49
2023-06-18 19:16:00,619 [main] INFO  balancer.ContainerBalancerTask (ContainerBalancerTask.java:matchSourceWithTarget(720)) - ContainerBalancer matched source datanode f037fa10-5502-46be-bc73-21ec725d4b49 with target datanode 57e7d4ad-4934-4ad5-85a3-fd80d0665037 for container move.
2023-06-18 19:16:00,620 [main] INFO  balancer.ContainerBalancerTask (ContainerBalancerTask.java:processMoveSelection(569)) - ContainerBalancer is trying to move container #89 with size 4294967296B from source datanode f037fa10-5502-46be-bc73-21ec725d4b49 to target datanode 57e7d4ad-4934-4ad5-85a3-fd80d0665037
2023-06-18 19:16:00,620 [main] DEBUG balancer.ContainerBalancerTask (ContainerBalancerTask.java:lambda$moveContainer$3(834)) - Container move completed for container #89 from source f037fa10-5502-46be-bc73-21ec725d4b49 to target 57e7d4ad-4934-4ad5-85a3-fd80d0665037
2023-06-18 19:16:00,624 [main] DEBUG balancer.ContainerBalancerTask (ContainerBalancerTask.java:matchSourceWithTarget(706)) - ContainerBalancer is finding suitable target for source datanode 94cd6781-d0c9-4f1a-9dd0-f20860cbdd25
2023-06-18 19:16:00,624 [main] INFO  balancer.ContainerBalancerTask (ContainerBalancerTask.java:matchSourceWithTarget(720)) - ContainerBalancer matched source datanode 94cd6781-d0c9-4f1a-9dd0-f20860cbdd25 with target datanode a4e04677-1c5c-49cc-add3-e14f8040aae5 for container move.
2023-06-18 19:16:00,624 [main] INFO  balancer.ContainerBalancerTask (ContainerBalancerTask.java:processMoveSelection(569)) - ContainerBalancer is trying to move container #52 with size 4294967296B from source datanode 94cd6781-d0c9-4f1a-9dd0-f20860cbdd25 to target datanode a4e04677-1c5c-49cc-add3-e14f8040aae5
2023-06-18 19:16:00,624 [main] DEBUG balancer.ContainerBalancerTask (ContainerBalancerTask.java:lambda$moveContainer$3(834)) - Container move completed for container #52 from source 94cd6781-d0c9-4f1a-9dd0-f20860cbdd25 to target a4e04677-1c5c-49cc-add3-e14f8040aae5
2023-06-18 19:16:00,630 [main] DEBUG balancer.ContainerBalancerTask (ContainerBalancerTask.java:matchSourceWithTarget(706)) - ContainerBalancer is finding suitable target for source datanode f037fa10-5502-46be-bc73-21ec725d4b49
2023-06-18 19:16:00,630 [main] INFO  balancer.ContainerBalancerTask (ContainerBalancerTask.java:matchSourceWithTarget(720)) - ContainerBalancer matched source datanode f037fa10-5502-46be-bc73-21ec725d4b49 with target datanode a4e04677-1c5c-49cc-add3-e14f8040aae5 for container move.
2023-06-18 19:16:00,630 [main] INFO  balancer.ContainerBalancerTask (ContainerBalancerTask.java:processMoveSelection(569)) - ContainerBalancer is trying to move container #88 with size 3221225472B from source datanode f037fa10-5502-46be-bc73-21ec725d4b49 to target datanode a4e04677-1c5c-49cc-add3-e14f8040aae5
2023-06-18 19:16:00,631 [main] DEBUG balancer.ContainerBalancerTask (ContainerBalancerTask.java:lambda$moveContainer$3(834)) - Container move completed for container #88 from source f037fa10-5502-46be-bc73-21ec725d4b49 to target a4e04677-1c5c-49cc-add3-e14f8040aae5
2023-06-18 19:16:00,635 [main] DEBUG balancer.ContainerBalancerTask (ContainerBalancerTask.java:matchSourceWithTarget(706)) - ContainerBalancer is finding suitable target for source datanode 2129420a-319f-4dd1-a7af-74ce3591d0a0
2023-06-18 19:16:00,636 [main] INFO  balancer.ContainerBalancerTask (ContainerBalancerTask.java:matchSourceWithTarget(720)) - ContainerBalancer matched source datanode 2129420a-319f-4dd1-a7af-74ce3591d0a0 with target datanode a4e04677-1c5c-49cc-add3-e14f8040aae5 for container move.
2023-06-18 19:16:00,636 [main] INFO  balancer.ContainerBalancerTask (ContainerBalancerTask.java:processMoveSelection(569)) - ContainerBalancer is trying to move container #28 with size 4294967296B from source datanode 2129420a-319f-4dd1-a7af-74ce3591d0a0 to target datanode a4e04677-1c5c-49cc-add3-e14f8040aae5
2023-06-18 19:16:00,636 [main] DEBUG balancer.ContainerBalancerTask (ContainerBalancerTask.java:lambda$moveContainer$3(834)) - Container move completed for container #28 from source 2129420a-319f-4dd1-a7af-74ce3591d0a0 to target a4e04677-1c5c-49cc-add3-e14f8040aae5
2023-06-18 19:16:00,640 [main] DEBUG balancer.ContainerBalancerTask (ContainerBalancerTask.java:matchSourceWithTarget(706)) - ContainerBalancer is finding suitable target for source datanode 94cd6781-d0c9-4f1a-9dd0-f20860cbdd25
2023-06-18 19:16:00,640 [main] INFO  balancer.ContainerBalancerTask (ContainerBalancerTask.java:matchSourceWithTarget(720)) - ContainerBalancer matched source datanode 94cd6781-d0c9-4f1a-9dd0-f20860cbdd25 with target datanode a4e04677-1c5c-49cc-add3-e14f8040aae5 for container move.
2023-06-18 19:16:00,641 [main] INFO  balancer.ContainerBalancerTask (ContainerBalancerTask.java:processMoveSelection(569)) - ContainerBalancer is trying to move container #18 with size 3221225472B from source datanode 94cd6781-d0c9-4f1a-9dd0-f20860cbdd25 to target datanode a4e04677-1c5c-49cc-add3-e14f8040aae5
2023-06-18 19:16:00,641 [main] DEBUG balancer.ContainerBalancerTask (ContainerBalancerTask.java:lambda$moveContainer$3(834)) - Container move completed for container #18 from source 94cd6781-d0c9-4f1a-9dd0-f20860cbdd25 to target a4e04677-1c5c-49cc-add3-e14f8040aae5
2023-06-18 19:16:00,646 [main] DEBUG balancer.ContainerBalancerTask (ContainerBalancerTask.java:matchSourceWithTarget(706)) - ContainerBalancer is finding suitable target for source datanode 55825f31-5d81-445c-bf11-cf90f7255c81
2023-06-18 19:16:00,646 [main] INFO  balancer.ContainerBalancerTask (ContainerBalancerTask.java:matchSourceWithTarget(720)) - ContainerBalancer matched source datanode 55825f31-5d81-445c-bf11-cf90f7255c81 with target datanode a4e04677-1c5c-49cc-add3-e14f8040aae5 for container move.
2023-06-18 19:16:00,646 [main] INFO  balancer.ContainerBalancerTask (ContainerBalancerTask.java:processMoveSelection(569)) - ContainerBalancer is trying to move container #83 with size 3221225472B from source datanode 55825f31-5d81-445c-bf11-cf90f7255c81 to target datanode a4e04677-1c5c-49cc-add3-e14f8040aae5
2023-06-18 19:16:00,647 [main] DEBUG balancer.ContainerBalancerTask (ContainerBalancerTask.java:lambda$moveContainer$3(834)) - Container move completed for container #83 from source 55825f31-5d81-445c-bf11-cf90f7255c81 to target a4e04677-1c5c-49cc-add3-e14f8040aae5
2023-06-18 19:16:00,652 [main] DEBUG balancer.ContainerBalancerTask (ContainerBalancerTask.java:matchSourceWithTarget(706)) - ContainerBalancer is finding suitable target for source datanode f037fa10-5502-46be-bc73-21ec725d4b49
2023-06-18 19:16:00,653 [main] INFO  balancer.ContainerBalancerTask (ContainerBalancerTask.java:matchSourceWithTarget(720)) - ContainerBalancer matched source datanode f037fa10-5502-46be-bc73-21ec725d4b49 with target datanode a4e04677-1c5c-49cc-add3-e14f8040aae5 for container move.
2023-06-18 19:16:00,653 [main] INFO  balancer.ContainerBalancerTask (ContainerBalancerTask.java:processMoveSelection(569)) - ContainerBalancer is trying to move container #66 with size 3221225472B from source datanode f037fa10-5502-46be-bc73-21ec725d4b49 to target datanode a4e04677-1c5c-49cc-add3-e14f8040aae5
2023-06-18 19:16:00,653 [main] DEBUG balancer.ContainerBalancerTask (ContainerBalancerTask.java:lambda$moveContainer$3(834)) - Container move completed for container #66 from source f037fa10-5502-46be-bc73-21ec725d4b49 to target a4e04677-1c5c-49cc-add3-e14f8040aae5
2023-06-18 19:16:00,657 [main] DEBUG balancer.ContainerBalancerTask (ContainerBalancerTask.java:matchSourceWithTarget(706)) - ContainerBalancer is finding suitable target for source datanode 94cd6781-d0c9-4f1a-9dd0-f20860cbdd25
2023-06-18 19:16:00,658 [main] INFO  balancer.ContainerBalancerTask (ContainerBalancerTask.java:matchSourceWithTarget(720)) - ContainerBalancer matched source datanode 94cd6781-d0c9-4f1a-9dd0-f20860cbdd25 with target datanode a4e04677-1c5c-49cc-add3-e14f8040aae5 for container move.
2023-06-18 19:16:00,658 [main] INFO  balancer.ContainerBalancerTask (ContainerBalancerTask.java:processMoveSelection(569)) - ContainerBalancer is trying to move container #26 with size 2147483648B from source datanode 94cd6781-d0c9-4f1a-9dd0-f20860cbdd25 to target datanode a4e04677-1c5c-49cc-add3-e14f8040aae5
2023-06-18 19:16:00,658 [main] DEBUG balancer.ContainerBalancerTask (ContainerBalancerTask.java:lambda$moveContainer$3(834)) - Container move completed for container #26 from source 94cd6781-d0c9-4f1a-9dd0-f20860cbdd25 to target a4e04677-1c5c-49cc-add3-e14f8040aae5
2023-06-18 19:16:00,663 [main] DEBUG balancer.ContainerBalancerTask (ContainerBalancerTask.java:matchSourceWithTarget(706)) - ContainerBalancer is finding suitable target for source datanode 2129420a-319f-4dd1-a7af-74ce3591d0a0
2023-06-18 19:16:00,663 [main] INFO  balancer.ContainerBalancerTask (ContainerBalancerTask.java:matchSourceWithTarget(720)) - ContainerBalancer matched source datanode 2129420a-319f-4dd1-a7af-74ce3591d0a0 with target datanode a4e04677-1c5c-49cc-add3-e14f8040aae5 for container move.
2023-06-18 19:16:00,664 [main] INFO  balancer.ContainerBalancerTask (ContainerBalancerTask.java:processMoveSelection(569)) - ContainerBalancer is trying to move container #69 with size 1073741824B from source datanode 2129420a-319f-4dd1-a7af-74ce3591d0a0 to target datanode a4e04677-1c5c-49cc-add3-e14f8040aae5
2023-06-18 19:16:00,664 [main] DEBUG balancer.ContainerBalancerTask (ContainerBalancerTask.java:lambda$moveContainer$3(834)) - Container move completed for container #69 from source 2129420a-319f-4dd1-a7af-74ce3591d0a0 to target a4e04677-1c5c-49cc-add3-e14f8040aae5
2023-06-18 19:16:00,664 [main] WARN  balancer.ContainerBalancerTask (ContainerBalancerTask.java:reachedMaxSizeToMovePerIteration(731)) - Reached max size to move limit. 53687091200 bytes have already been scheduled for balancing and the limit is 53687091200 bytes.
2023-06-18 19:16:00,664 [main] INFO  balancer.ContainerBalancerTask (ContainerBalancerTask.java:checkIterationMoveResults(640)) - Iteration Summary. Number of Datanodes involved: 6. Size moved: 50 GB (53687091200 Bytes). Number of Container moves completed: 14.
2023-06-18 19:16:00,665 [main] INFO  balancer.ContainerBalancerTask (ContainerBalancerTask.java:balance(259)) - Result of this iteration of Container Balancer: ITERATION_COMPLETED
2023-06-18 19:16:00,665 [main] INFO  balancer.ContainerBalancerTask (ContainerBalancerTask.java:tryStopWithSaveConfiguration(308)) - Save Configuration for stopping. Reason: Completed all iterations.
]]></system-out>
  </testcase>
  <testcase name="testContainerBalancerConfiguration" classname="org.apache.hadoop.hdds.scm.container.balancer.TestContainerBalancerTask" time="0.076">
    <system-out><![CDATA[2023-06-18 19:16:00,712 [main] INFO  net.NodeSchemaLoader (NodeSchemaLoader.java:loadSchemaFromFile(129)) - Loading schema from [file:/home/runner/work/ozone/ozone/hadoop-hdds/common/target/classes/network-topology-default.xml]
2023-06-18 19:16:00,713 [main] INFO  net.NodeSchemaLoader (NodeSchemaLoader.java:loadSchema(176)) - Loading network topology layer schema file
2023-06-18 19:16:00,715 [main] INFO  net.NetworkTopologyImpl (NetworkTopologyImpl.java:add(112)) - Added a new node: /default-rack/380f86b8-644d-42c6-bdc2-023a7e4c7599
2023-06-18 19:16:00,715 [main] INFO  net.NetworkTopologyImpl (NetworkTopologyImpl.java:add(112)) - Added a new node: /default-rack/c224d23d-d941-4652-abfd-8c020cd3d8e4
2023-06-18 19:16:00,716 [main] INFO  net.NetworkTopologyImpl (NetworkTopologyImpl.java:add(112)) - Added a new node: /default-rack/8b730cd3-4771-4038-af47-f376589332ee
2023-06-18 19:16:00,716 [main] INFO  net.NetworkTopologyImpl (NetworkTopologyImpl.java:add(112)) - Added a new node: /default-rack/30e9782b-cdbc-4687-8670-056d6455fb84
2023-06-18 19:16:00,716 [main] INFO  net.NetworkTopologyImpl (NetworkTopologyImpl.java:add(112)) - Added a new node: /default-rack/9dfa1639-af55-45bd-89a0-60d5ceccd754
2023-06-18 19:16:00,716 [main] INFO  net.NetworkTopologyImpl (NetworkTopologyImpl.java:add(112)) - Added a new node: /default-rack/37a55436-0448-4515-8af4-c4fbb7f91fbf
2023-06-18 19:16:00,716 [main] INFO  net.NetworkTopologyImpl (NetworkTopologyImpl.java:add(112)) - Added a new node: /default-rack/a7144139-2922-4827-acdb-20a7360470a9
2023-06-18 19:16:00,717 [main] INFO  net.NetworkTopologyImpl (NetworkTopologyImpl.java:add(112)) - Added a new node: /default-rack/e2f82fcb-be0e-4c6c-a2cf-3506e6fde7a8
2023-06-18 19:16:00,717 [main] INFO  net.NetworkTopologyImpl (NetworkTopologyImpl.java:add(112)) - Added a new node: /default-rack/ef34bde7-8688-407e-b630-538585991277
2023-06-18 19:16:00,717 [main] INFO  net.NetworkTopologyImpl (NetworkTopologyImpl.java:add(112)) - Added a new node: /default-rack/a30ba1f5-1f76-4743-899b-f1d0df1c4f43
2023-06-18 19:16:00,717 [main] INFO  algorithms.ContainerPlacementPolicyFactory (ContainerPlacementPolicyFactory.java:getPolicyInternal(86)) - Create container placement policy of type org.apache.hadoop.hdds.scm.container.placement.algorithms.SCMContainerPlacementRackAware
2023-06-18 19:16:00,717 [main] INFO  algorithms.ContainerPlacementPolicyFactory (ContainerPlacementPolicyFactory.java:getPolicyInternal(86)) - Create container placement policy of type org.apache.hadoop.hdds.scm.container.placement.algorithms.SCMContainerPlacementRackScatter
]]></system-out>
  </testcase>
  <testcase name="checkIterationResultTimeoutFromReplicationManager" classname="org.apache.hadoop.hdds.scm.container.balancer.TestContainerBalancerTask" time="0.102">
    <system-out><![CDATA[2023-06-18 19:16:00,781 [main] INFO  net.NodeSchemaLoader (NodeSchemaLoader.java:loadSchemaFromFile(129)) - Loading schema from [file:/home/runner/work/ozone/ozone/hadoop-hdds/common/target/classes/network-topology-default.xml]
2023-06-18 19:16:00,781 [main] INFO  net.NodeSchemaLoader (NodeSchemaLoader.java:loadSchema(176)) - Loading network topology layer schema file
2023-06-18 19:16:00,784 [main] INFO  net.NetworkTopologyImpl (NetworkTopologyImpl.java:add(112)) - Added a new node: /default-rack/23f4a894-4177-4a70-a7f2-0a226bddf14b
2023-06-18 19:16:00,784 [main] INFO  net.NetworkTopologyImpl (NetworkTopologyImpl.java:add(112)) - Added a new node: /default-rack/60b722d5-c886-4dc4-8c30-1bbb0f7cf1f6
2023-06-18 19:16:00,784 [main] INFO  net.NetworkTopologyImpl (NetworkTopologyImpl.java:add(112)) - Added a new node: /default-rack/4a107451-fd48-43e9-adda-ae7d547917bd
2023-06-18 19:16:00,784 [main] INFO  net.NetworkTopologyImpl (NetworkTopologyImpl.java:add(112)) - Added a new node: /default-rack/fee4a357-3bc5-46f9-b5f1-a1a094efcaa6
2023-06-18 19:16:00,784 [main] INFO  net.NetworkTopologyImpl (NetworkTopologyImpl.java:add(112)) - Added a new node: /default-rack/dc2490a7-dc1b-493e-9afd-b7f341823586
2023-06-18 19:16:00,784 [main] INFO  net.NetworkTopologyImpl (NetworkTopologyImpl.java:add(112)) - Added a new node: /default-rack/d072b314-c0ee-471f-8cbd-4f5c8358e462
2023-06-18 19:16:00,785 [main] INFO  net.NetworkTopologyImpl (NetworkTopologyImpl.java:add(112)) - Added a new node: /default-rack/7112feed-5d55-4b47-8de4-57217c6afb1e
2023-06-18 19:16:00,785 [main] INFO  net.NetworkTopologyImpl (NetworkTopologyImpl.java:add(112)) - Added a new node: /default-rack/3853eb3e-c912-457a-beca-fdec3dfbcb15
2023-06-18 19:16:00,785 [main] INFO  net.NetworkTopologyImpl (NetworkTopologyImpl.java:add(112)) - Added a new node: /default-rack/904eefae-3353-41de-9d1c-aa3178a60ec8
2023-06-18 19:16:00,785 [main] INFO  net.NetworkTopologyImpl (NetworkTopologyImpl.java:add(112)) - Added a new node: /default-rack/f6ae43d1-158c-4128-9fec-ba3a0dfc910e
2023-06-18 19:16:00,785 [main] INFO  algorithms.ContainerPlacementPolicyFactory (ContainerPlacementPolicyFactory.java:getPolicyInternal(86)) - Create container placement policy of type org.apache.hadoop.hdds.scm.container.placement.algorithms.SCMContainerPlacementRackAware
2023-06-18 19:16:00,785 [main] INFO  algorithms.ContainerPlacementPolicyFactory (ContainerPlacementPolicyFactory.java:getPolicyInternal(86)) - Create container placement policy of type org.apache.hadoop.hdds.scm.container.placement.algorithms.SCMContainerPlacementRackScatter
2023-06-18 19:16:00,795 [main] DEBUG balancer.ContainerBalancerTask (ContainerBalancerTask.java:initializeIteration(374)) - Average utilization of the cluster is 0.31275529339620317
2023-06-18 19:16:00,795 [main] DEBUG balancer.ContainerBalancerTask (ContainerBalancerTask.java:initializeIteration(386)) - Lower limit for utilization is 0.21275529339620317 and Upper limit for utilization is 0.4127552933962032
2023-06-18 19:16:00,795 [main] DEBUG balancer.ContainerBalancerTask (ContainerBalancerTask.java:initializeIteration(398)) - Utilization for node 7112feed-5d55-4b47-8de4-57217c6afb1e with capacity 62038416497B, used 55834574848B, and remaining 6203841649B is 0.9000000000112833
2023-06-18 19:16:00,796 [main] DEBUG balancer.ContainerBalancerTask (ContainerBalancerTask.java:initializeIteration(398)) - Utilization for node 904eefae-3353-41de-9d1c-aa3178a60ec8 with capacity 67108864000B, used 53687091200B, and remaining 13421772800B is 0.8
2023-06-18 19:16:00,796 [main] DEBUG balancer.ContainerBalancerTask (ContainerBalancerTask.java:initializeIteration(398)) - Utilization for node 60b722d5-c886-4dc4-8c30-1bbb0f7cf1f6 with capacity 62890592548B, used 44023414784B, and remaining 18867177764B is 0.7000000000063602
2023-06-18 19:16:00,796 [main] DEBUG balancer.ContainerBalancerTask (ContainerBalancerTask.java:initializeIteration(398)) - Utilization for node fee4a357-3bc5-46f9-b5f1-a1a094efcaa6 with capacity 76951497386B, used 46170898432B, and remaining 30780598954B is 0.600000000005198
2023-06-18 19:16:00,796 [main] DEBUG balancer.ContainerBalancerTask (ContainerBalancerTask.java:initializeIteration(398)) - Utilization for node 4a107451-fd48-43e9-adda-ae7d547917bd with capacity 94489280512B, used 47244640256B, and remaining 47244640256B is 0.5
2023-06-18 19:16:00,796 [main] DEBUG balancer.ContainerBalancerTask (ContainerBalancerTask.java:initializeIteration(398)) - Utilization for node d072b314-c0ee-471f-8cbd-4f5c8358e462 with capacity 96636764160B, used 38654705664B, and remaining 57982058496B is 0.4
2023-06-18 19:16:00,796 [main] DEBUG balancer.ContainerBalancerTask (ContainerBalancerTask.java:initializeIteration(398)) - Utilization for node dc2490a7-dc1b-493e-9afd-b7f341823586 with capacity 68003648853B, used 20401094656B, and remaining 47602554197B is 0.30000000000147053
2023-06-18 19:16:00,797 [main] DEBUG balancer.ContainerBalancerTask (ContainerBalancerTask.java:initializeIteration(398)) - Utilization for node 3853eb3e-c912-457a-beca-fdec3dfbcb15 with capacity 177167400960B, used 35433480192B, and remaining 141733920768B is 0.2
2023-06-18 19:16:00,797 [main] DEBUG balancer.ContainerBalancerTask (ContainerBalancerTask.java:initializeIteration(398)) - Utilization for node 23f4a894-4177-4a70-a7f2-0a226bddf14b with capacity 493921239040B, used 49392123904B, and remaining 444529115136B is 0.1
2023-06-18 19:16:00,797 [main] DEBUG balancer.ContainerBalancerTask (ContainerBalancerTask.java:initializeIteration(398)) - Utilization for node f6ae43d1-158c-4128-9fec-ba3a0dfc910e with capacity 50465865728B, used 0B, and remaining 50465865728B is 0.0
2023-06-18 19:16:00,797 [main] INFO  balancer.ContainerBalancerTask (ContainerBalancerTask.java:initializeIteration(447)) - Container Balancer has identified 5 Over-Utilized and 3 Under-Utilized Datanodes that need to be balanced.
2023-06-18 19:16:00,797 [main] DEBUG balancer.ContainerBalancerTask (ContainerBalancerTask.java:lambda$initializeIteration$1(453)) - Datanode localhost-83.202.169.8 7112feed-5d55-4b47-8de4-57217c6afb1e is Over-Utilized.
2023-06-18 19:16:00,797 [main] DEBUG balancer.ContainerBalancerTask (ContainerBalancerTask.java:lambda$initializeIteration$1(453)) - Datanode localhost-234.135.230.233 904eefae-3353-41de-9d1c-aa3178a60ec8 is Over-Utilized.
2023-06-18 19:16:00,797 [main] DEBUG balancer.ContainerBalancerTask (ContainerBalancerTask.java:lambda$initializeIteration$1(453)) - Datanode localhost-87.160.65.152 60b722d5-c886-4dc4-8c30-1bbb0f7cf1f6 is Over-Utilized.
2023-06-18 19:16:00,798 [main] DEBUG balancer.ContainerBalancerTask (ContainerBalancerTask.java:lambda$initializeIteration$1(453)) - Datanode localhost-172.61.201.48 fee4a357-3bc5-46f9-b5f1-a1a094efcaa6 is Over-Utilized.
2023-06-18 19:16:00,798 [main] DEBUG balancer.ContainerBalancerTask (ContainerBalancerTask.java:lambda$initializeIteration$1(453)) - Datanode localhost-215.159.207.138 4a107451-fd48-43e9-adda-ae7d547917bd is Over-Utilized.
2023-06-18 19:16:00,798 [main] DEBUG balancer.ContainerBalancerTask (ContainerBalancerTask.java:lambda$initializeIteration$2(459)) - Datanode localhost-64.118.115.0 f6ae43d1-158c-4128-9fec-ba3a0dfc910e is Under-Utilized.
2023-06-18 19:16:00,798 [main] DEBUG balancer.ContainerBalancerTask (ContainerBalancerTask.java:lambda$initializeIteration$2(459)) - Datanode localhost-32.218.117.215 23f4a894-4177-4a70-a7f2-0a226bddf14b is Under-Utilized.
2023-06-18 19:16:00,798 [main] DEBUG balancer.ContainerBalancerTask (ContainerBalancerTask.java:lambda$initializeIteration$2(459)) - Datanode localhost-177.30.246.233 3853eb3e-c912-457a-beca-fdec3dfbcb15 is Under-Utilized.
2023-06-18 19:16:00,802 [main] DEBUG balancer.ContainerBalancerTask (ContainerBalancerTask.java:matchSourceWithTarget(706)) - ContainerBalancer is finding suitable target for source datanode 7112feed-5d55-4b47-8de4-57217c6afb1e
2023-06-18 19:16:00,803 [main] INFO  balancer.ContainerBalancerTask (ContainerBalancerTask.java:matchSourceWithTarget(720)) - ContainerBalancer matched source datanode 7112feed-5d55-4b47-8de4-57217c6afb1e with target datanode f6ae43d1-158c-4128-9fec-ba3a0dfc910e for container move.
2023-06-18 19:16:00,803 [main] INFO  balancer.ContainerBalancerTask (ContainerBalancerTask.java:processMoveSelection(569)) - ContainerBalancer is trying to move container #40 with size 5368709120B from source datanode 7112feed-5d55-4b47-8de4-57217c6afb1e to target datanode f6ae43d1-158c-4128-9fec-ba3a0dfc910e
2023-06-18 19:16:00,803 [main] WARN  balancer.ContainerBalancerTask (ContainerBalancerTask.java:lambda$moveContainer$3(839)) - Container move for container #40 from source 7112feed-5d55-4b47-8de4-57217c6afb1e to target f6ae43d1-158c-4128-9fec-ba3a0dfc910e failed: REPLICATION_FAIL_TIME_OUT
2023-06-18 19:16:00,807 [main] DEBUG balancer.ContainerBalancerTask (ContainerBalancerTask.java:matchSourceWithTarget(706)) - ContainerBalancer is finding suitable target for source datanode 904eefae-3353-41de-9d1c-aa3178a60ec8
2023-06-18 19:16:00,808 [main] INFO  balancer.ContainerBalancerTask (ContainerBalancerTask.java:matchSourceWithTarget(720)) - ContainerBalancer matched source datanode 904eefae-3353-41de-9d1c-aa3178a60ec8 with target datanode f6ae43d1-158c-4128-9fec-ba3a0dfc910e for container move.
2023-06-18 19:16:00,808 [main] INFO  balancer.ContainerBalancerTask (ContainerBalancerTask.java:processMoveSelection(569)) - ContainerBalancer is trying to move container #68 with size 5368709120B from source datanode 904eefae-3353-41de-9d1c-aa3178a60ec8 to target datanode f6ae43d1-158c-4128-9fec-ba3a0dfc910e
2023-06-18 19:16:00,808 [main] WARN  balancer.ContainerBalancerTask (ContainerBalancerTask.java:lambda$moveContainer$3(839)) - Container move for container #68 from source 904eefae-3353-41de-9d1c-aa3178a60ec8 to target f6ae43d1-158c-4128-9fec-ba3a0dfc910e failed: DELETION_FAIL_TIME_OUT
2023-06-18 19:16:00,811 [main] DEBUG balancer.ContainerBalancerTask (ContainerBalancerTask.java:matchSourceWithTarget(706)) - ContainerBalancer is finding suitable target for source datanode 60b722d5-c886-4dc4-8c30-1bbb0f7cf1f6
2023-06-18 19:16:00,811 [main] INFO  balancer.ContainerBalancerTask (ContainerBalancerTask.java:matchSourceWithTarget(720)) - ContainerBalancer matched source datanode 60b722d5-c886-4dc4-8c30-1bbb0f7cf1f6 with target datanode f6ae43d1-158c-4128-9fec-ba3a0dfc910e for container move.
2023-06-18 19:16:00,811 [main] INFO  balancer.ContainerBalancerTask (ContainerBalancerTask.java:processMoveSelection(569)) - ContainerBalancer is trying to move container #68 with size 5368709120B from source datanode 60b722d5-c886-4dc4-8c30-1bbb0f7cf1f6 to target datanode f6ae43d1-158c-4128-9fec-ba3a0dfc910e
2023-06-18 19:16:00,811 [main] WARN  balancer.ContainerBalancerTask (ContainerBalancerTask.java:lambda$moveContainer$3(839)) - Container move for container #68 from source 60b722d5-c886-4dc4-8c30-1bbb0f7cf1f6 to target f6ae43d1-158c-4128-9fec-ba3a0dfc910e failed: DELETION_FAIL_TIME_OUT
2023-06-18 19:16:00,815 [main] DEBUG balancer.ContainerBalancerTask (ContainerBalancerTask.java:matchSourceWithTarget(706)) - ContainerBalancer is finding suitable target for source datanode fee4a357-3bc5-46f9-b5f1-a1a094efcaa6
2023-06-18 19:16:00,815 [main] INFO  balancer.ContainerBalancerTask (ContainerBalancerTask.java:matchSourceWithTarget(720)) - ContainerBalancer matched source datanode fee4a357-3bc5-46f9-b5f1-a1a094efcaa6 with target datanode f6ae43d1-158c-4128-9fec-ba3a0dfc910e for container move.
2023-06-18 19:16:00,815 [main] INFO  balancer.ContainerBalancerTask (ContainerBalancerTask.java:processMoveSelection(569)) - ContainerBalancer is trying to move container #40 with size 5368709120B from source datanode fee4a357-3bc5-46f9-b5f1-a1a094efcaa6 to target datanode f6ae43d1-158c-4128-9fec-ba3a0dfc910e
2023-06-18 19:16:00,815 [main] WARN  balancer.ContainerBalancerTask (ContainerBalancerTask.java:lambda$moveContainer$3(839)) - Container move for container #40 from source fee4a357-3bc5-46f9-b5f1-a1a094efcaa6 to target f6ae43d1-158c-4128-9fec-ba3a0dfc910e failed: DELETION_FAIL_TIME_OUT
2023-06-18 19:16:00,819 [main] DEBUG balancer.ContainerBalancerTask (ContainerBalancerTask.java:matchSourceWithTarget(706)) - ContainerBalancer is finding suitable target for source datanode 4a107451-fd48-43e9-adda-ae7d547917bd
2023-06-18 19:16:00,819 [main] INFO  balancer.ContainerBalancerTask (ContainerBalancerTask.java:matchSourceWithTarget(720)) - ContainerBalancer matched source datanode 4a107451-fd48-43e9-adda-ae7d547917bd with target datanode f6ae43d1-158c-4128-9fec-ba3a0dfc910e for container move.
2023-06-18 19:16:00,819 [main] INFO  balancer.ContainerBalancerTask (ContainerBalancerTask.java:processMoveSelection(569)) - ContainerBalancer is trying to move container #28 with size 4294967296B from source datanode 4a107451-fd48-43e9-adda-ae7d547917bd to target datanode f6ae43d1-158c-4128-9fec-ba3a0dfc910e
2023-06-18 19:16:00,819 [main] WARN  balancer.ContainerBalancerTask (ContainerBalancerTask.java:lambda$moveContainer$3(839)) - Container move for container #28 from source 4a107451-fd48-43e9-adda-ae7d547917bd to target f6ae43d1-158c-4128-9fec-ba3a0dfc910e failed: DELETION_FAIL_TIME_OUT
2023-06-18 19:16:00,820 [main] INFO  balancer.FindSourceGreedy (FindSourceGreedy.java:getNextCandidateSourceDataNode(126)) - no more candidate source data node
2023-06-18 19:16:00,820 [main] INFO  balancer.ContainerBalancerTask (ContainerBalancerTask.java:checkIterationMoveResults(640)) - Iteration Summary. Number of Datanodes involved: 0. Size moved: 0 B (0 Bytes). Number of Container moves completed: 0.
2023-06-18 19:16:00,820 [main] INFO  balancer.ContainerBalancerTask (ContainerBalancerTask.java:balance(259)) - Result of this iteration of Container Balancer: ITERATION_COMPLETED
2023-06-18 19:16:00,820 [main] INFO  balancer.ContainerBalancerTask (ContainerBalancerTask.java:tryStopWithSaveConfiguration(308)) - Save Configuration for stopping. Reason: Completed all iterations.
2023-06-18 19:16:00,822 [main] DEBUG balancer.ContainerBalancerTask (ContainerBalancerTask.java:initializeIteration(374)) - Average utilization of the cluster is 0.31275529339620317
2023-06-18 19:16:00,822 [main] DEBUG balancer.ContainerBalancerTask (ContainerBalancerTask.java:initializeIteration(386)) - Lower limit for utilization is 0.21275529339620317 and Upper limit for utilization is 0.4127552933962032
2023-06-18 19:16:00,823 [main] DEBUG balancer.ContainerBalancerTask (ContainerBalancerTask.java:initializeIteration(398)) - Utilization for node 7112feed-5d55-4b47-8de4-57217c6afb1e with capacity 62038416497B, used 55834574848B, and remaining 6203841649B is 0.9000000000112833
2023-06-18 19:16:00,823 [main] DEBUG balancer.ContainerBalancerTask (ContainerBalancerTask.java:initializeIteration(398)) - Utilization for node 904eefae-3353-41de-9d1c-aa3178a60ec8 with capacity 67108864000B, used 53687091200B, and remaining 13421772800B is 0.8
2023-06-18 19:16:00,823 [main] DEBUG balancer.ContainerBalancerTask (ContainerBalancerTask.java:initializeIteration(398)) - Utilization for node 60b722d5-c886-4dc4-8c30-1bbb0f7cf1f6 with capacity 62890592548B, used 44023414784B, and remaining 18867177764B is 0.7000000000063602
2023-06-18 19:16:00,823 [main] DEBUG balancer.ContainerBalancerTask (ContainerBalancerTask.java:initializeIteration(398)) - Utilization for node fee4a357-3bc5-46f9-b5f1-a1a094efcaa6 with capacity 76951497386B, used 46170898432B, and remaining 30780598954B is 0.600000000005198
2023-06-18 19:16:00,823 [main] DEBUG balancer.ContainerBalancerTask (ContainerBalancerTask.java:initializeIteration(398)) - Utilization for node 4a107451-fd48-43e9-adda-ae7d547917bd with capacity 94489280512B, used 47244640256B, and remaining 47244640256B is 0.5
2023-06-18 19:16:00,823 [main] DEBUG balancer.ContainerBalancerTask (ContainerBalancerTask.java:initializeIteration(398)) - Utilization for node d072b314-c0ee-471f-8cbd-4f5c8358e462 with capacity 96636764160B, used 38654705664B, and remaining 57982058496B is 0.4
2023-06-18 19:16:00,824 [main] DEBUG balancer.ContainerBalancerTask (ContainerBalancerTask.java:initializeIteration(398)) - Utilization for node dc2490a7-dc1b-493e-9afd-b7f341823586 with capacity 68003648853B, used 20401094656B, and remaining 47602554197B is 0.30000000000147053
2023-06-18 19:16:00,824 [main] DEBUG balancer.ContainerBalancerTask (ContainerBalancerTask.java:initializeIteration(398)) - Utilization for node 3853eb3e-c912-457a-beca-fdec3dfbcb15 with capacity 177167400960B, used 35433480192B, and remaining 141733920768B is 0.2
2023-06-18 19:16:00,824 [main] DEBUG balancer.ContainerBalancerTask (ContainerBalancerTask.java:initializeIteration(398)) - Utilization for node 23f4a894-4177-4a70-a7f2-0a226bddf14b with capacity 493921239040B, used 49392123904B, and remaining 444529115136B is 0.1
2023-06-18 19:16:00,824 [main] DEBUG balancer.ContainerBalancerTask (ContainerBalancerTask.java:initializeIteration(398)) - Utilization for node f6ae43d1-158c-4128-9fec-ba3a0dfc910e with capacity 50465865728B, used 0B, and remaining 50465865728B is 0.0
2023-06-18 19:16:00,824 [main] INFO  balancer.ContainerBalancerTask (ContainerBalancerTask.java:initializeIteration(447)) - Container Balancer has identified 5 Over-Utilized and 3 Under-Utilized Datanodes that need to be balanced.
2023-06-18 19:16:00,824 [main] DEBUG balancer.ContainerBalancerTask (ContainerBalancerTask.java:lambda$initializeIteration$1(453)) - Datanode localhost-83.202.169.8 7112feed-5d55-4b47-8de4-57217c6afb1e is Over-Utilized.
2023-06-18 19:16:00,824 [main] DEBUG balancer.ContainerBalancerTask (ContainerBalancerTask.java:lambda$initializeIteration$1(453)) - Datanode localhost-234.135.230.233 904eefae-3353-41de-9d1c-aa3178a60ec8 is Over-Utilized.
2023-06-18 19:16:00,825 [main] DEBUG balancer.ContainerBalancerTask (ContainerBalancerTask.java:lambda$initializeIteration$1(453)) - Datanode localhost-87.160.65.152 60b722d5-c886-4dc4-8c30-1bbb0f7cf1f6 is Over-Utilized.
2023-06-18 19:16:00,825 [main] DEBUG balancer.ContainerBalancerTask (ContainerBalancerTask.java:lambda$initializeIteration$1(453)) - Datanode localhost-172.61.201.48 fee4a357-3bc5-46f9-b5f1-a1a094efcaa6 is Over-Utilized.
2023-06-18 19:16:00,825 [main] DEBUG balancer.ContainerBalancerTask (ContainerBalancerTask.java:lambda$initializeIteration$1(453)) - Datanode localhost-215.159.207.138 4a107451-fd48-43e9-adda-ae7d547917bd is Over-Utilized.
2023-06-18 19:16:00,825 [main] DEBUG balancer.ContainerBalancerTask (ContainerBalancerTask.java:lambda$initializeIteration$2(459)) - Datanode localhost-64.118.115.0 f6ae43d1-158c-4128-9fec-ba3a0dfc910e is Under-Utilized.
2023-06-18 19:16:00,825 [main] DEBUG balancer.ContainerBalancerTask (ContainerBalancerTask.java:lambda$initializeIteration$2(459)) - Datanode localhost-32.218.117.215 23f4a894-4177-4a70-a7f2-0a226bddf14b is Under-Utilized.
2023-06-18 19:16:00,825 [main] DEBUG balancer.ContainerBalancerTask (ContainerBalancerTask.java:lambda$initializeIteration$2(459)) - Datanode localhost-177.30.246.233 3853eb3e-c912-457a-beca-fdec3dfbcb15 is Under-Utilized.
2023-06-18 19:16:00,829 [main] DEBUG balancer.ContainerBalancerTask (ContainerBalancerTask.java:matchSourceWithTarget(706)) - ContainerBalancer is finding suitable target for source datanode 7112feed-5d55-4b47-8de4-57217c6afb1e
2023-06-18 19:16:00,830 [main] INFO  balancer.ContainerBalancerTask (ContainerBalancerTask.java:matchSourceWithTarget(720)) - ContainerBalancer matched source datanode 7112feed-5d55-4b47-8de4-57217c6afb1e with target datanode f6ae43d1-158c-4128-9fec-ba3a0dfc910e for container move.
2023-06-18 19:16:00,830 [main] INFO  balancer.ContainerBalancerTask (ContainerBalancerTask.java:processMoveSelection(569)) - ContainerBalancer is trying to move container #85 with size 5368709120B from source datanode 7112feed-5d55-4b47-8de4-57217c6afb1e to target datanode f6ae43d1-158c-4128-9fec-ba3a0dfc910e
2023-06-18 19:16:00,830 [main] WARN  balancer.ContainerBalancerTask (ContainerBalancerTask.java:lambda$moveContainer$3(839)) - Container move for container #85 from source 7112feed-5d55-4b47-8de4-57217c6afb1e to target f6ae43d1-158c-4128-9fec-ba3a0dfc910e failed: REPLICATION_FAIL_TIME_OUT
2023-06-18 19:16:00,834 [main] DEBUG balancer.ContainerBalancerTask (ContainerBalancerTask.java:matchSourceWithTarget(706)) - ContainerBalancer is finding suitable target for source datanode 904eefae-3353-41de-9d1c-aa3178a60ec8
2023-06-18 19:16:00,835 [main] INFO  balancer.ContainerBalancerTask (ContainerBalancerTask.java:matchSourceWithTarget(720)) - ContainerBalancer matched source datanode 904eefae-3353-41de-9d1c-aa3178a60ec8 with target datanode f6ae43d1-158c-4128-9fec-ba3a0dfc910e for container move.
2023-06-18 19:16:00,835 [main] INFO  balancer.ContainerBalancerTask (ContainerBalancerTask.java:processMoveSelection(569)) - ContainerBalancer is trying to move container #85 with size 5368709120B from source datanode 904eefae-3353-41de-9d1c-aa3178a60ec8 to target datanode f6ae43d1-158c-4128-9fec-ba3a0dfc910e
2023-06-18 19:16:00,835 [main] WARN  balancer.ContainerBalancerTask (ContainerBalancerTask.java:lambda$moveContainer$3(839)) - Container move for container #85 from source 904eefae-3353-41de-9d1c-aa3178a60ec8 to target f6ae43d1-158c-4128-9fec-ba3a0dfc910e failed: DELETION_FAIL_TIME_OUT
2023-06-18 19:16:00,837 [main] DEBUG balancer.ContainerBalancerTask (ContainerBalancerTask.java:matchSourceWithTarget(706)) - ContainerBalancer is finding suitable target for source datanode 60b722d5-c886-4dc4-8c30-1bbb0f7cf1f6
2023-06-18 19:16:00,838 [main] INFO  balancer.ContainerBalancerTask (ContainerBalancerTask.java:matchSourceWithTarget(720)) - ContainerBalancer matched source datanode 60b722d5-c886-4dc4-8c30-1bbb0f7cf1f6 with target datanode f6ae43d1-158c-4128-9fec-ba3a0dfc910e for container move.
2023-06-18 19:16:00,838 [main] INFO  balancer.ContainerBalancerTask (ContainerBalancerTask.java:processMoveSelection(569)) - ContainerBalancer is trying to move container #68 with size 5368709120B from source datanode 60b722d5-c886-4dc4-8c30-1bbb0f7cf1f6 to target datanode f6ae43d1-158c-4128-9fec-ba3a0dfc910e
2023-06-18 19:16:00,838 [main] WARN  balancer.ContainerBalancerTask (ContainerBalancerTask.java:lambda$moveContainer$3(839)) - Container move for container #68 from source 60b722d5-c886-4dc4-8c30-1bbb0f7cf1f6 to target f6ae43d1-158c-4128-9fec-ba3a0dfc910e failed: DELETION_FAIL_TIME_OUT
2023-06-18 19:16:00,841 [main] DEBUG balancer.ContainerBalancerTask (ContainerBalancerTask.java:matchSourceWithTarget(706)) - ContainerBalancer is finding suitable target for source datanode fee4a357-3bc5-46f9-b5f1-a1a094efcaa6
2023-06-18 19:16:00,841 [main] INFO  balancer.ContainerBalancerTask (ContainerBalancerTask.java:matchSourceWithTarget(720)) - ContainerBalancer matched source datanode fee4a357-3bc5-46f9-b5f1-a1a094efcaa6 with target datanode f6ae43d1-158c-4128-9fec-ba3a0dfc910e for container move.
2023-06-18 19:16:00,842 [main] INFO  balancer.ContainerBalancerTask (ContainerBalancerTask.java:processMoveSelection(569)) - ContainerBalancer is trying to move container #40 with size 5368709120B from source datanode fee4a357-3bc5-46f9-b5f1-a1a094efcaa6 to target datanode f6ae43d1-158c-4128-9fec-ba3a0dfc910e
2023-06-18 19:16:00,842 [main] WARN  balancer.ContainerBalancerTask (ContainerBalancerTask.java:lambda$moveContainer$3(839)) - Container move for container #40 from source fee4a357-3bc5-46f9-b5f1-a1a094efcaa6 to target f6ae43d1-158c-4128-9fec-ba3a0dfc910e failed: DELETION_FAIL_TIME_OUT
2023-06-18 19:16:00,845 [main] DEBUG balancer.ContainerBalancerTask (ContainerBalancerTask.java:matchSourceWithTarget(706)) - ContainerBalancer is finding suitable target for source datanode 4a107451-fd48-43e9-adda-ae7d547917bd
2023-06-18 19:16:00,845 [main] INFO  balancer.ContainerBalancerTask (ContainerBalancerTask.java:matchSourceWithTarget(720)) - ContainerBalancer matched source datanode 4a107451-fd48-43e9-adda-ae7d547917bd with target datanode f6ae43d1-158c-4128-9fec-ba3a0dfc910e for container move.
2023-06-18 19:16:00,846 [main] INFO  balancer.ContainerBalancerTask (ContainerBalancerTask.java:processMoveSelection(569)) - ContainerBalancer is trying to move container #53 with size 5368709120B from source datanode 4a107451-fd48-43e9-adda-ae7d547917bd to target datanode f6ae43d1-158c-4128-9fec-ba3a0dfc910e
2023-06-18 19:16:00,846 [main] WARN  balancer.ContainerBalancerTask (ContainerBalancerTask.java:lambda$moveContainer$3(839)) - Container move for container #53 from source 4a107451-fd48-43e9-adda-ae7d547917bd to target f6ae43d1-158c-4128-9fec-ba3a0dfc910e failed: DELETION_FAIL_TIME_OUT
2023-06-18 19:16:00,846 [main] INFO  balancer.FindSourceGreedy (FindSourceGreedy.java:getNextCandidateSourceDataNode(126)) - no more candidate source data node
2023-06-18 19:16:00,846 [main] INFO  balancer.ContainerBalancerTask (ContainerBalancerTask.java:checkIterationMoveResults(640)) - Iteration Summary. Number of Datanodes involved: 0. Size moved: 0 B (0 Bytes). Number of Container moves completed: 0.
2023-06-18 19:16:00,846 [main] INFO  balancer.ContainerBalancerTask (ContainerBalancerTask.java:balance(259)) - Result of this iteration of Container Balancer: ITERATION_COMPLETED
2023-06-18 19:16:00,847 [main] INFO  balancer.ContainerBalancerTask (ContainerBalancerTask.java:tryStopWithSaveConfiguration(308)) - Save Configuration for stopping. Reason: Completed all iterations.
]]></system-out>
  </testcase>
  <testcase name="checkIterationResultTimeout" classname="org.apache.hadoop.hdds.scm.container.balancer.TestContainerBalancerTask" time="1.231">
    <system-out><![CDATA[2023-06-18 19:16:00,886 [main] INFO  net.NodeSchemaLoader (NodeSchemaLoader.java:loadSchemaFromFile(129)) - Loading schema from [file:/home/runner/work/ozone/ozone/hadoop-hdds/common/target/classes/network-topology-default.xml]
2023-06-18 19:16:00,886 [main] INFO  net.NodeSchemaLoader (NodeSchemaLoader.java:loadSchema(176)) - Loading network topology layer schema file
2023-06-18 19:16:00,888 [main] INFO  net.NetworkTopologyImpl (NetworkTopologyImpl.java:add(112)) - Added a new node: /default-rack/7d26d37f-c465-4b7d-89a2-9ba04f14ce96
2023-06-18 19:16:00,888 [main] INFO  net.NetworkTopologyImpl (NetworkTopologyImpl.java:add(112)) - Added a new node: /default-rack/8757f7e6-f076-4db0-888d-32f48820c51f
2023-06-18 19:16:00,889 [main] INFO  net.NetworkTopologyImpl (NetworkTopologyImpl.java:add(112)) - Added a new node: /default-rack/fa1f520e-b3ea-4b9b-9681-d6d70fe294d3
2023-06-18 19:16:00,889 [main] INFO  net.NetworkTopologyImpl (NetworkTopologyImpl.java:add(112)) - Added a new node: /default-rack/8c4b877f-6e94-4255-9caa-94d1e8487591
2023-06-18 19:16:00,889 [main] INFO  net.NetworkTopologyImpl (NetworkTopologyImpl.java:add(112)) - Added a new node: /default-rack/42dbe5c1-072b-4f46-81d3-266df82fbbae
2023-06-18 19:16:00,889 [main] INFO  net.NetworkTopologyImpl (NetworkTopologyImpl.java:add(112)) - Added a new node: /default-rack/5589044b-a3bd-4be2-9bd3-c0c3c5260b52
2023-06-18 19:16:00,889 [main] INFO  net.NetworkTopologyImpl (NetworkTopologyImpl.java:add(112)) - Added a new node: /default-rack/f80e5423-dc2a-4241-b738-0cbbbf2ea011
2023-06-18 19:16:00,890 [main] INFO  net.NetworkTopologyImpl (NetworkTopologyImpl.java:add(112)) - Added a new node: /default-rack/db80c734-d9a2-41de-b411-18be95d7479c
2023-06-18 19:16:00,890 [main] INFO  net.NetworkTopologyImpl (NetworkTopologyImpl.java:add(112)) - Added a new node: /default-rack/a119c539-c733-4ee6-a694-c868cfece4da
2023-06-18 19:16:00,890 [main] INFO  net.NetworkTopologyImpl (NetworkTopologyImpl.java:add(112)) - Added a new node: /default-rack/26e84a6c-8936-47b0-9f25-fb6d902b1a9e
2023-06-18 19:16:00,890 [main] INFO  algorithms.ContainerPlacementPolicyFactory (ContainerPlacementPolicyFactory.java:getPolicyInternal(86)) - Create container placement policy of type org.apache.hadoop.hdds.scm.container.placement.algorithms.SCMContainerPlacementRackAware
2023-06-18 19:16:00,890 [main] INFO  algorithms.ContainerPlacementPolicyFactory (ContainerPlacementPolicyFactory.java:getPolicyInternal(86)) - Create container placement policy of type org.apache.hadoop.hdds.scm.container.placement.algorithms.SCMContainerPlacementRackScatter
2023-06-18 19:16:00,895 [main] DEBUG balancer.ContainerBalancerTask (ContainerBalancerTask.java:initializeIteration(374)) - Average utilization of the cluster is 0.301626695652865
2023-06-18 19:16:00,895 [main] DEBUG balancer.ContainerBalancerTask (ContainerBalancerTask.java:initializeIteration(386)) - Lower limit for utilization is 0.20162669565286498 and Upper limit for utilization is 0.401626695652865
2023-06-18 19:16:00,895 [main] DEBUG balancer.ContainerBalancerTask (ContainerBalancerTask.java:initializeIteration(398)) - Utilization for node 8c4b877f-6e94-4255-9caa-94d1e8487591 with capacity 45335765902B, used 40802189312B, and remaining 4533576590B is 0.9000000000044115
2023-06-18 19:16:00,895 [main] DEBUG balancer.ContainerBalancerTask (ContainerBalancerTask.java:initializeIteration(398)) - Utilization for node 26e84a6c-8936-47b0-9f25-fb6d902b1a9e with capacity 59055800320B, used 47244640256B, and remaining 11811160064B is 0.8
2023-06-18 19:16:00,895 [main] DEBUG balancer.ContainerBalancerTask (ContainerBalancerTask.java:initializeIteration(398)) - Utilization for node 8757f7e6-f076-4db0-888d-32f48820c51f with capacity 55221008091B, used 38654705664B, and remaining 16566302427B is 0.7000000000054327
2023-06-18 19:16:00,896 [main] DEBUG balancer.ContainerBalancerTask (ContainerBalancerTask.java:initializeIteration(398)) - Utilization for node 5589044b-a3bd-4be2-9bd3-c0c3c5260b52 with capacity 107374182400B, used 64424509440B, and remaining 42949672960B is 0.6
2023-06-18 19:16:00,896 [main] DEBUG balancer.ContainerBalancerTask (ContainerBalancerTask.java:initializeIteration(398)) - Utilization for node 42dbe5c1-072b-4f46-81d3-266df82fbbae with capacity 88046829568B, used 44023414784B, and remaining 44023414784B is 0.5
2023-06-18 19:16:00,896 [main] DEBUG balancer.ContainerBalancerTask (ContainerBalancerTask.java:initializeIteration(398)) - Utilization for node a119c539-c733-4ee6-a694-c868cfece4da with capacity 72477573120B, used 28991029248B, and remaining 43486543872B is 0.4
2023-06-18 19:16:00,896 [main] DEBUG balancer.ContainerBalancerTask (ContainerBalancerTask.java:initializeIteration(398)) - Utilization for node fa1f520e-b3ea-4b9b-9681-d6d70fe294d3 with capacity 182536110080B, used 54760833024B, and remaining 127775277056B is 0.3
2023-06-18 19:16:00,896 [main] DEBUG balancer.ContainerBalancerTask (ContainerBalancerTask.java:initializeIteration(398)) - Utilization for node 7d26d37f-c465-4b7d-89a2-9ba04f14ce96 with capacity 214748364800B, used 42949672960B, and remaining 171798691840B is 0.2
2023-06-18 19:16:00,896 [main] DEBUG balancer.ContainerBalancerTask (ContainerBalancerTask.java:initializeIteration(398)) - Utilization for node f80e5423-dc2a-4241-b738-0cbbbf2ea011 with capacity 472446402560B, used 47244640256B, and remaining 425201762304B is 0.1
2023-06-18 19:16:00,896 [main] DEBUG balancer.ContainerBalancerTask (ContainerBalancerTask.java:initializeIteration(398)) - Utilization for node db80c734-d9a2-41de-b411-18be95d7479c with capacity 59055800320B, used 0B, and remaining 59055800320B is 0.0
2023-06-18 19:16:00,897 [main] INFO  balancer.ContainerBalancerTask (ContainerBalancerTask.java:initializeIteration(447)) - Container Balancer has identified 5 Over-Utilized and 3 Under-Utilized Datanodes that need to be balanced.
2023-06-18 19:16:00,897 [main] DEBUG balancer.ContainerBalancerTask (ContainerBalancerTask.java:lambda$initializeIteration$1(453)) - Datanode localhost-139.111.65.101 8c4b877f-6e94-4255-9caa-94d1e8487591 is Over-Utilized.
2023-06-18 19:16:00,897 [main] DEBUG balancer.ContainerBalancerTask (ContainerBalancerTask.java:lambda$initializeIteration$1(453)) - Datanode localhost-88.200.30.212 26e84a6c-8936-47b0-9f25-fb6d902b1a9e is Over-Utilized.
2023-06-18 19:16:00,897 [main] DEBUG balancer.ContainerBalancerTask (ContainerBalancerTask.java:lambda$initializeIteration$1(453)) - Datanode localhost-5.238.130.66 8757f7e6-f076-4db0-888d-32f48820c51f is Over-Utilized.
2023-06-18 19:16:00,897 [main] DEBUG balancer.ContainerBalancerTask (ContainerBalancerTask.java:lambda$initializeIteration$1(453)) - Datanode localhost-123.217.13.212 5589044b-a3bd-4be2-9bd3-c0c3c5260b52 is Over-Utilized.
2023-06-18 19:16:00,897 [main] DEBUG balancer.ContainerBalancerTask (ContainerBalancerTask.java:lambda$initializeIteration$1(453)) - Datanode localhost-136.163.187.229 42dbe5c1-072b-4f46-81d3-266df82fbbae is Over-Utilized.
2023-06-18 19:16:00,897 [main] DEBUG balancer.ContainerBalancerTask (ContainerBalancerTask.java:lambda$initializeIteration$2(459)) - Datanode localhost-80.238.174.138 db80c734-d9a2-41de-b411-18be95d7479c is Under-Utilized.
2023-06-18 19:16:00,898 [main] DEBUG balancer.ContainerBalancerTask (ContainerBalancerTask.java:lambda$initializeIteration$2(459)) - Datanode localhost-71.191.76.82 f80e5423-dc2a-4241-b738-0cbbbf2ea011 is Under-Utilized.
2023-06-18 19:16:00,898 [main] DEBUG balancer.ContainerBalancerTask (ContainerBalancerTask.java:lambda$initializeIteration$2(459)) - Datanode localhost-159.93.0.14 7d26d37f-c465-4b7d-89a2-9ba04f14ce96 is Under-Utilized.
2023-06-18 19:16:00,901 [main] DEBUG balancer.ContainerBalancerTask (ContainerBalancerTask.java:matchSourceWithTarget(706)) - ContainerBalancer is finding suitable target for source datanode 8c4b877f-6e94-4255-9caa-94d1e8487591
2023-06-18 19:16:00,901 [main] INFO  balancer.ContainerBalancerTask (ContainerBalancerTask.java:matchSourceWithTarget(720)) - ContainerBalancer matched source datanode 8c4b877f-6e94-4255-9caa-94d1e8487591 with target datanode db80c734-d9a2-41de-b411-18be95d7479c for container move.
2023-06-18 19:16:00,901 [main] INFO  balancer.ContainerBalancerTask (ContainerBalancerTask.java:processMoveSelection(569)) - ContainerBalancer is trying to move container #84 with size 4294967296B from source datanode 8c4b877f-6e94-4255-9caa-94d1e8487591 to target datanode db80c734-d9a2-41de-b411-18be95d7479c
2023-06-18 19:16:00,901 [main] DEBUG balancer.ContainerBalancerTask (ContainerBalancerTask.java:lambda$moveContainer$3(834)) - Container move completed for container #84 from source 8c4b877f-6e94-4255-9caa-94d1e8487591 to target db80c734-d9a2-41de-b411-18be95d7479c
2023-06-18 19:16:00,904 [main] DEBUG balancer.ContainerBalancerTask (ContainerBalancerTask.java:matchSourceWithTarget(706)) - ContainerBalancer is finding suitable target for source datanode 8c4b877f-6e94-4255-9caa-94d1e8487591
2023-06-18 19:16:00,905 [main] INFO  balancer.ContainerBalancerTask (ContainerBalancerTask.java:matchSourceWithTarget(720)) - ContainerBalancer matched source datanode 8c4b877f-6e94-4255-9caa-94d1e8487591 with target datanode db80c734-d9a2-41de-b411-18be95d7479c for container move.
2023-06-18 19:16:00,905 [main] INFO  balancer.ContainerBalancerTask (ContainerBalancerTask.java:processMoveSelection(569)) - ContainerBalancer is trying to move container #88 with size 3221225472B from source datanode 8c4b877f-6e94-4255-9caa-94d1e8487591 to target datanode db80c734-d9a2-41de-b411-18be95d7479c
2023-06-18 19:16:00,910 [main] DEBUG balancer.ContainerBalancerTask (ContainerBalancerTask.java:matchSourceWithTarget(706)) - ContainerBalancer is finding suitable target for source datanode 26e84a6c-8936-47b0-9f25-fb6d902b1a9e
2023-06-18 19:16:00,910 [main] INFO  balancer.ContainerBalancerTask (ContainerBalancerTask.java:matchSourceWithTarget(720)) - ContainerBalancer matched source datanode 26e84a6c-8936-47b0-9f25-fb6d902b1a9e with target datanode f80e5423-dc2a-4241-b738-0cbbbf2ea011 for container move.
2023-06-18 19:16:00,911 [main] INFO  balancer.ContainerBalancerTask (ContainerBalancerTask.java:processMoveSelection(569)) - ContainerBalancer is trying to move container #68 with size 5368709120B from source datanode 26e84a6c-8936-47b0-9f25-fb6d902b1a9e to target datanode f80e5423-dc2a-4241-b738-0cbbbf2ea011
2023-06-18 19:16:00,917 [main] DEBUG balancer.ContainerBalancerTask (ContainerBalancerTask.java:matchSourceWithTarget(706)) - ContainerBalancer is finding suitable target for source datanode 8c4b877f-6e94-4255-9caa-94d1e8487591
2023-06-18 19:16:00,917 [main] INFO  balancer.ContainerBalancerTask (ContainerBalancerTask.java:matchSourceWithTarget(720)) - ContainerBalancer matched source datanode 8c4b877f-6e94-4255-9caa-94d1e8487591 with target datanode f80e5423-dc2a-4241-b738-0cbbbf2ea011 for container move.
2023-06-18 19:16:00,917 [main] INFO  balancer.ContainerBalancerTask (ContainerBalancerTask.java:processMoveSelection(569)) - ContainerBalancer is trying to move container #38 with size 3221225472B from source datanode 8c4b877f-6e94-4255-9caa-94d1e8487591 to target datanode f80e5423-dc2a-4241-b738-0cbbbf2ea011
2023-06-18 19:16:00,921 [main] DEBUG balancer.ContainerBalancerTask (ContainerBalancerTask.java:matchSourceWithTarget(706)) - ContainerBalancer is finding suitable target for source datanode 26e84a6c-8936-47b0-9f25-fb6d902b1a9e
2023-06-18 19:16:00,922 [main] INFO  balancer.ContainerBalancerTask (ContainerBalancerTask.java:matchSourceWithTarget(720)) - ContainerBalancer matched source datanode 26e84a6c-8936-47b0-9f25-fb6d902b1a9e with target datanode f80e5423-dc2a-4241-b738-0cbbbf2ea011 for container move.
2023-06-18 19:16:00,922 [main] INFO  balancer.ContainerBalancerTask (ContainerBalancerTask.java:processMoveSelection(569)) - ContainerBalancer is trying to move container #70 with size 2147483648B from source datanode 26e84a6c-8936-47b0-9f25-fb6d902b1a9e to target datanode f80e5423-dc2a-4241-b738-0cbbbf2ea011
2023-06-18 19:16:00,926 [main] DEBUG balancer.ContainerBalancerTask (ContainerBalancerTask.java:matchSourceWithTarget(706)) - ContainerBalancer is finding suitable target for source datanode 8757f7e6-f076-4db0-888d-32f48820c51f
2023-06-18 19:16:00,926 [main] INFO  balancer.ContainerBalancerTask (ContainerBalancerTask.java:matchSourceWithTarget(720)) - ContainerBalancer matched source datanode 8757f7e6-f076-4db0-888d-32f48820c51f with target datanode db80c734-d9a2-41de-b411-18be95d7479c for container move.
2023-06-18 19:16:00,927 [main] INFO  balancer.ContainerBalancerTask (ContainerBalancerTask.java:processMoveSelection(569)) - ContainerBalancer is trying to move container #66 with size 3221225472B from source datanode 8757f7e6-f076-4db0-888d-32f48820c51f to target datanode db80c734-d9a2-41de-b411-18be95d7479c
2023-06-18 19:16:00,933 [main] DEBUG balancer.ContainerBalancerTask (ContainerBalancerTask.java:matchSourceWithTarget(706)) - ContainerBalancer is finding suitable target for source datanode 26e84a6c-8936-47b0-9f25-fb6d902b1a9e
2023-06-18 19:16:00,934 [main] INFO  balancer.ContainerBalancerTask (ContainerBalancerTask.java:matchSourceWithTarget(720)) - ContainerBalancer matched source datanode 26e84a6c-8936-47b0-9f25-fb6d902b1a9e with target datanode 7d26d37f-c465-4b7d-89a2-9ba04f14ce96 for container move.
2023-06-18 19:16:00,934 [main] INFO  balancer.ContainerBalancerTask (ContainerBalancerTask.java:processMoveSelection(569)) - ContainerBalancer is trying to move container #64 with size 1073741824B from source datanode 26e84a6c-8936-47b0-9f25-fb6d902b1a9e to target datanode 7d26d37f-c465-4b7d-89a2-9ba04f14ce96
2023-06-18 19:16:00,938 [main] DEBUG balancer.ContainerBalancerTask (ContainerBalancerTask.java:matchSourceWithTarget(706)) - ContainerBalancer is finding suitable target for source datanode 8c4b877f-6e94-4255-9caa-94d1e8487591
2023-06-18 19:16:00,938 [main] INFO  balancer.ContainerBalancerTask (ContainerBalancerTask.java:matchSourceWithTarget(720)) - ContainerBalancer matched source datanode 8c4b877f-6e94-4255-9caa-94d1e8487591 with target datanode 7d26d37f-c465-4b7d-89a2-9ba04f14ce96 for container move.
2023-06-18 19:16:00,938 [main] INFO  balancer.ContainerBalancerTask (ContainerBalancerTask.java:processMoveSelection(569)) - ContainerBalancer is trying to move container #82 with size 2147483648B from source datanode 8c4b877f-6e94-4255-9caa-94d1e8487591 to target datanode 7d26d37f-c465-4b7d-89a2-9ba04f14ce96
2023-06-18 19:16:00,942 [main] DEBUG balancer.ContainerBalancerTask (ContainerBalancerTask.java:matchSourceWithTarget(706)) - ContainerBalancer is finding suitable target for source datanode 26e84a6c-8936-47b0-9f25-fb6d902b1a9e
2023-06-18 19:16:00,943 [main] INFO  balancer.ContainerBalancerTask (ContainerBalancerTask.java:matchSourceWithTarget(720)) - ContainerBalancer matched source datanode 26e84a6c-8936-47b0-9f25-fb6d902b1a9e with target datanode 7d26d37f-c465-4b7d-89a2-9ba04f14ce96 for container move.
2023-06-18 19:16:00,943 [main] INFO  balancer.ContainerBalancerTask (ContainerBalancerTask.java:processMoveSelection(569)) - ContainerBalancer is trying to move container #16 with size 1073741824B from source datanode 26e84a6c-8936-47b0-9f25-fb6d902b1a9e to target datanode 7d26d37f-c465-4b7d-89a2-9ba04f14ce96
2023-06-18 19:16:00,948 [main] DEBUG balancer.ContainerBalancerTask (ContainerBalancerTask.java:matchSourceWithTarget(706)) - ContainerBalancer is finding suitable target for source datanode 8757f7e6-f076-4db0-888d-32f48820c51f
2023-06-18 19:16:00,949 [main] INFO  balancer.ContainerBalancerTask (ContainerBalancerTask.java:matchSourceWithTarget(720)) - ContainerBalancer matched source datanode 8757f7e6-f076-4db0-888d-32f48820c51f with target datanode 7d26d37f-c465-4b7d-89a2-9ba04f14ce96 for container move.
2023-06-18 19:16:00,949 [main] INFO  balancer.ContainerBalancerTask (ContainerBalancerTask.java:processMoveSelection(569)) - ContainerBalancer is trying to move container #52 with size 4294967296B from source datanode 8757f7e6-f076-4db0-888d-32f48820c51f to target datanode 7d26d37f-c465-4b7d-89a2-9ba04f14ce96
2023-06-18 19:16:00,954 [main] DEBUG balancer.ContainerBalancerTask (ContainerBalancerTask.java:matchSourceWithTarget(699)) - ContainerBalancer could not find any candidate containers for datanode 26e84a6c-8936-47b0-9f25-fb6d902b1a9e
2023-06-18 19:16:00,963 [main] DEBUG balancer.ContainerBalancerTask (ContainerBalancerTask.java:matchSourceWithTarget(706)) - ContainerBalancer is finding suitable target for source datanode 8c4b877f-6e94-4255-9caa-94d1e8487591
2023-06-18 19:16:00,963 [main] INFO  balancer.ContainerBalancerTask (ContainerBalancerTask.java:matchSourceWithTarget(720)) - ContainerBalancer matched source datanode 8c4b877f-6e94-4255-9caa-94d1e8487591 with target datanode 7d26d37f-c465-4b7d-89a2-9ba04f14ce96 for container move.
2023-06-18 19:16:00,963 [main] INFO  balancer.ContainerBalancerTask (ContainerBalancerTask.java:processMoveSelection(569)) - ContainerBalancer is trying to move container #86 with size 1073741824B from source datanode 8c4b877f-6e94-4255-9caa-94d1e8487591 to target datanode 7d26d37f-c465-4b7d-89a2-9ba04f14ce96
2023-06-18 19:16:00,970 [main] DEBUG balancer.ContainerBalancerTask (ContainerBalancerTask.java:matchSourceWithTarget(706)) - ContainerBalancer is finding suitable target for source datanode 5589044b-a3bd-4be2-9bd3-c0c3c5260b52
2023-06-18 19:16:00,971 [main] INFO  balancer.ContainerBalancerTask (ContainerBalancerTask.java:matchSourceWithTarget(720)) - ContainerBalancer matched source datanode 5589044b-a3bd-4be2-9bd3-c0c3c5260b52 with target datanode 7d26d37f-c465-4b7d-89a2-9ba04f14ce96 for container move.
2023-06-18 19:16:00,972 [main] INFO  balancer.ContainerBalancerTask (ContainerBalancerTask.java:processMoveSelection(569)) - ContainerBalancer is trying to move container #36 with size 1073741824B from source datanode 5589044b-a3bd-4be2-9bd3-c0c3c5260b52 to target datanode 7d26d37f-c465-4b7d-89a2-9ba04f14ce96
2023-06-18 19:16:00,976 [main] DEBUG balancer.ContainerBalancerTask (ContainerBalancerTask.java:matchSourceWithTarget(706)) - ContainerBalancer is finding suitable target for source datanode 8c4b877f-6e94-4255-9caa-94d1e8487591
2023-06-18 19:16:00,976 [main] INFO  balancer.FindTargetGreedyByUsageInfo (AbstractFindTargetGreedy.java:findTargetForContainerMove(133)) - Container Balancer could not find a target for source datanode 8c4b877f-6e94-4255-9caa-94d1e8487591
2023-06-18 19:16:00,976 [main] DEBUG balancer.ContainerBalancerTask (ContainerBalancerTask.java:matchSourceWithTarget(715)) - ContainerBalancer could not find a suitable target for source node 8c4b877f-6e94-4255-9caa-94d1e8487591.
2023-06-18 19:16:00,982 [main] DEBUG balancer.ContainerBalancerTask (ContainerBalancerTask.java:matchSourceWithTarget(706)) - ContainerBalancer is finding suitable target for source datanode 5589044b-a3bd-4be2-9bd3-c0c3c5260b52
2023-06-18 19:16:00,982 [main] INFO  balancer.FindTargetGreedyByUsageInfo (AbstractFindTargetGreedy.java:findTargetForContainerMove(133)) - Container Balancer could not find a target for source datanode 5589044b-a3bd-4be2-9bd3-c0c3c5260b52
2023-06-18 19:16:00,983 [main] DEBUG balancer.ContainerBalancerTask (ContainerBalancerTask.java:matchSourceWithTarget(715)) - ContainerBalancer could not find a suitable target for source node 5589044b-a3bd-4be2-9bd3-c0c3c5260b52.
2023-06-18 19:16:00,987 [main] DEBUG balancer.ContainerBalancerTask (ContainerBalancerTask.java:matchSourceWithTarget(706)) - ContainerBalancer is finding suitable target for source datanode 8757f7e6-f076-4db0-888d-32f48820c51f
2023-06-18 19:16:00,987 [main] INFO  balancer.FindTargetGreedyByUsageInfo (AbstractFindTargetGreedy.java:findTargetForContainerMove(133)) - Container Balancer could not find a target for source datanode 8757f7e6-f076-4db0-888d-32f48820c51f
2023-06-18 19:16:00,987 [main] DEBUG balancer.ContainerBalancerTask (ContainerBalancerTask.java:matchSourceWithTarget(715)) - ContainerBalancer could not find a suitable target for source node 8757f7e6-f076-4db0-888d-32f48820c51f.
2023-06-18 19:16:00,992 [main] DEBUG balancer.ContainerBalancerTask (ContainerBalancerTask.java:matchSourceWithTarget(706)) - ContainerBalancer is finding suitable target for source datanode 42dbe5c1-072b-4f46-81d3-266df82fbbae
2023-06-18 19:16:00,992 [main] INFO  balancer.FindTargetGreedyByUsageInfo (AbstractFindTargetGreedy.java:findTargetForContainerMove(133)) - Container Balancer could not find a target for source datanode 42dbe5c1-072b-4f46-81d3-266df82fbbae
2023-06-18 19:16:00,992 [main] DEBUG balancer.ContainerBalancerTask (ContainerBalancerTask.java:matchSourceWithTarget(715)) - ContainerBalancer could not find a suitable target for source node 42dbe5c1-072b-4f46-81d3-266df82fbbae.
2023-06-18 19:16:00,992 [main] INFO  balancer.FindSourceGreedy (FindSourceGreedy.java:getNextCandidateSourceDataNode(126)) - no more candidate source data node
2023-06-18 19:16:01,493 [main] WARN  balancer.ContainerBalancerTask (ContainerBalancerTask.java:cancelMovesThatExceedTimeoutDuration(672)) - Container move timed out for container #16 from source 26e84a6c-8936-47b0-9f25-fb6d902b1a9e to target 7d26d37f-c465-4b7d-89a2-9ba04f14ce96.
2023-06-18 19:16:01,494 [main] WARN  balancer.ContainerBalancerTask (ContainerBalancerTask.java:cancelMovesThatExceedTimeoutDuration(672)) - Container move timed out for container #64 from source 26e84a6c-8936-47b0-9f25-fb6d902b1a9e to target 7d26d37f-c465-4b7d-89a2-9ba04f14ce96.
2023-06-18 19:16:01,494 [main] WARN  balancer.ContainerBalancerTask (ContainerBalancerTask.java:cancelMovesThatExceedTimeoutDuration(672)) - Container move timed out for container #52 from source 8757f7e6-f076-4db0-888d-32f48820c51f to target 7d26d37f-c465-4b7d-89a2-9ba04f14ce96.
2023-06-18 19:16:01,495 [main] WARN  balancer.ContainerBalancerTask (ContainerBalancerTask.java:cancelMovesThatExceedTimeoutDuration(672)) - Container move timed out for container #36 from source 5589044b-a3bd-4be2-9bd3-c0c3c5260b52 to target 7d26d37f-c465-4b7d-89a2-9ba04f14ce96.
2023-06-18 19:16:01,495 [main] WARN  balancer.ContainerBalancerTask (ContainerBalancerTask.java:cancelMovesThatExceedTimeoutDuration(672)) - Container move timed out for container #38 from source 8c4b877f-6e94-4255-9caa-94d1e8487591 to target f80e5423-dc2a-4241-b738-0cbbbf2ea011.
2023-06-18 19:16:01,495 [main] WARN  balancer.ContainerBalancerTask (ContainerBalancerTask.java:cancelMovesThatExceedTimeoutDuration(672)) - Container move timed out for container #88 from source 8c4b877f-6e94-4255-9caa-94d1e8487591 to target db80c734-d9a2-41de-b411-18be95d7479c.
2023-06-18 19:16:01,496 [main] WARN  balancer.ContainerBalancerTask (ContainerBalancerTask.java:cancelMovesThatExceedTimeoutDuration(672)) - Container move timed out for container #70 from source 26e84a6c-8936-47b0-9f25-fb6d902b1a9e to target f80e5423-dc2a-4241-b738-0cbbbf2ea011.
2023-06-18 19:16:01,496 [main] WARN  balancer.ContainerBalancerTask (ContainerBalancerTask.java:cancelMovesThatExceedTimeoutDuration(672)) - Container move timed out for container #66 from source 8757f7e6-f076-4db0-888d-32f48820c51f to target db80c734-d9a2-41de-b411-18be95d7479c.
2023-06-18 19:16:01,496 [main] WARN  balancer.ContainerBalancerTask (ContainerBalancerTask.java:cancelMovesThatExceedTimeoutDuration(672)) - Container move timed out for container #68 from source 26e84a6c-8936-47b0-9f25-fb6d902b1a9e to target f80e5423-dc2a-4241-b738-0cbbbf2ea011.
2023-06-18 19:16:01,496 [main] WARN  balancer.ContainerBalancerTask (ContainerBalancerTask.java:cancelMovesThatExceedTimeoutDuration(672)) - Container move timed out for container #82 from source 8c4b877f-6e94-4255-9caa-94d1e8487591 to target 7d26d37f-c465-4b7d-89a2-9ba04f14ce96.
2023-06-18 19:16:01,496 [main] WARN  balancer.ContainerBalancerTask (ContainerBalancerTask.java:cancelMovesThatExceedTimeoutDuration(672)) - Container move timed out for container #86 from source 8c4b877f-6e94-4255-9caa-94d1e8487591 to target 7d26d37f-c465-4b7d-89a2-9ba04f14ce96.
2023-06-18 19:16:01,496 [main] WARN  balancer.ContainerBalancerTask (ContainerBalancerTask.java:checkIterationMoveResults(620)) - 11 Container moves are canceled.
2023-06-18 19:16:01,496 [main] INFO  balancer.ContainerBalancerTask (ContainerBalancerTask.java:checkIterationMoveResults(640)) - Iteration Summary. Number of Datanodes involved: 7. Size moved: 4 GB (4294967296 Bytes). Number of Container moves completed: 1.
2023-06-18 19:16:01,497 [main] INFO  balancer.ContainerBalancerTask (ContainerBalancerTask.java:balance(259)) - Result of this iteration of Container Balancer: ITERATION_COMPLETED
2023-06-18 19:16:01,497 [main] INFO  balancer.ContainerBalancerTask (ContainerBalancerTask.java:tryStopWithSaveConfiguration(308)) - Save Configuration for stopping. Reason: Completed all iterations.
2023-06-18 19:16:01,499 [main] DEBUG balancer.ContainerBalancerTask (ContainerBalancerTask.java:initializeIteration(374)) - Average utilization of the cluster is 0.301626695652865
2023-06-18 19:16:01,499 [main] DEBUG balancer.ContainerBalancerTask (ContainerBalancerTask.java:initializeIteration(386)) - Lower limit for utilization is 0.20162669565286498 and Upper limit for utilization is 0.401626695652865
2023-06-18 19:16:01,499 [main] DEBUG balancer.ContainerBalancerTask (ContainerBalancerTask.java:initializeIteration(398)) - Utilization for node 8c4b877f-6e94-4255-9caa-94d1e8487591 with capacity 45335765902B, used 40802189312B, and remaining 4533576590B is 0.9000000000044115
2023-06-18 19:16:01,499 [main] DEBUG balancer.ContainerBalancerTask (ContainerBalancerTask.java:initializeIteration(398)) - Utilization for node 26e84a6c-8936-47b0-9f25-fb6d902b1a9e with capacity 59055800320B, used 47244640256B, and remaining 11811160064B is 0.8
2023-06-18 19:16:01,499 [main] DEBUG balancer.ContainerBalancerTask (ContainerBalancerTask.java:initializeIteration(398)) - Utilization for node 8757f7e6-f076-4db0-888d-32f48820c51f with capacity 55221008091B, used 38654705664B, and remaining 16566302427B is 0.7000000000054327
2023-06-18 19:16:01,499 [main] DEBUG balancer.ContainerBalancerTask (ContainerBalancerTask.java:initializeIteration(398)) - Utilization for node 5589044b-a3bd-4be2-9bd3-c0c3c5260b52 with capacity 107374182400B, used 64424509440B, and remaining 42949672960B is 0.6
2023-06-18 19:16:01,499 [main] DEBUG balancer.ContainerBalancerTask (ContainerBalancerTask.java:initializeIteration(398)) - Utilization for node 42dbe5c1-072b-4f46-81d3-266df82fbbae with capacity 88046829568B, used 44023414784B, and remaining 44023414784B is 0.5
2023-06-18 19:16:01,500 [main] DEBUG balancer.ContainerBalancerTask (ContainerBalancerTask.java:initializeIteration(398)) - Utilization for node a119c539-c733-4ee6-a694-c868cfece4da with capacity 72477573120B, used 28991029248B, and remaining 43486543872B is 0.4
2023-06-18 19:16:01,500 [main] DEBUG balancer.ContainerBalancerTask (ContainerBalancerTask.java:initializeIteration(398)) - Utilization for node fa1f520e-b3ea-4b9b-9681-d6d70fe294d3 with capacity 182536110080B, used 54760833024B, and remaining 127775277056B is 0.3
2023-06-18 19:16:01,500 [main] DEBUG balancer.ContainerBalancerTask (ContainerBalancerTask.java:initializeIteration(398)) - Utilization for node 7d26d37f-c465-4b7d-89a2-9ba04f14ce96 with capacity 214748364800B, used 42949672960B, and remaining 171798691840B is 0.2
2023-06-18 19:16:01,500 [main] DEBUG balancer.ContainerBalancerTask (ContainerBalancerTask.java:initializeIteration(398)) - Utilization for node f80e5423-dc2a-4241-b738-0cbbbf2ea011 with capacity 472446402560B, used 47244640256B, and remaining 425201762304B is 0.1
2023-06-18 19:16:01,500 [main] DEBUG balancer.ContainerBalancerTask (ContainerBalancerTask.java:initializeIteration(398)) - Utilization for node db80c734-d9a2-41de-b411-18be95d7479c with capacity 59055800320B, used 0B, and remaining 59055800320B is 0.0
2023-06-18 19:16:01,500 [main] INFO  balancer.ContainerBalancerTask (ContainerBalancerTask.java:initializeIteration(447)) - Container Balancer has identified 5 Over-Utilized and 3 Under-Utilized Datanodes that need to be balanced.
2023-06-18 19:16:01,500 [main] DEBUG balancer.ContainerBalancerTask (ContainerBalancerTask.java:lambda$initializeIteration$1(453)) - Datanode localhost-139.111.65.101 8c4b877f-6e94-4255-9caa-94d1e8487591 is Over-Utilized.
2023-06-18 19:16:01,500 [main] DEBUG balancer.ContainerBalancerTask (ContainerBalancerTask.java:lambda$initializeIteration$1(453)) - Datanode localhost-88.200.30.212 26e84a6c-8936-47b0-9f25-fb6d902b1a9e is Over-Utilized.
2023-06-18 19:16:01,500 [main] DEBUG balancer.ContainerBalancerTask (ContainerBalancerTask.java:lambda$initializeIteration$1(453)) - Datanode localhost-5.238.130.66 8757f7e6-f076-4db0-888d-32f48820c51f is Over-Utilized.
2023-06-18 19:16:01,501 [main] DEBUG balancer.ContainerBalancerTask (ContainerBalancerTask.java:lambda$initializeIteration$1(453)) - Datanode localhost-123.217.13.212 5589044b-a3bd-4be2-9bd3-c0c3c5260b52 is Over-Utilized.
2023-06-18 19:16:01,501 [main] DEBUG balancer.ContainerBalancerTask (ContainerBalancerTask.java:lambda$initializeIteration$1(453)) - Datanode localhost-136.163.187.229 42dbe5c1-072b-4f46-81d3-266df82fbbae is Over-Utilized.
2023-06-18 19:16:01,501 [main] DEBUG balancer.ContainerBalancerTask (ContainerBalancerTask.java:lambda$initializeIteration$2(459)) - Datanode localhost-80.238.174.138 db80c734-d9a2-41de-b411-18be95d7479c is Under-Utilized.
2023-06-18 19:16:01,501 [main] DEBUG balancer.ContainerBalancerTask (ContainerBalancerTask.java:lambda$initializeIteration$2(459)) - Datanode localhost-71.191.76.82 f80e5423-dc2a-4241-b738-0cbbbf2ea011 is Under-Utilized.
2023-06-18 19:16:01,501 [main] DEBUG balancer.ContainerBalancerTask (ContainerBalancerTask.java:lambda$initializeIteration$2(459)) - Datanode localhost-159.93.0.14 7d26d37f-c465-4b7d-89a2-9ba04f14ce96 is Under-Utilized.
2023-06-18 19:16:01,504 [main] DEBUG balancer.ContainerBalancerTask (ContainerBalancerTask.java:matchSourceWithTarget(706)) - ContainerBalancer is finding suitable target for source datanode 8c4b877f-6e94-4255-9caa-94d1e8487591
2023-06-18 19:16:01,504 [main] INFO  balancer.ContainerBalancerTask (ContainerBalancerTask.java:matchSourceWithTarget(720)) - ContainerBalancer matched source datanode 8c4b877f-6e94-4255-9caa-94d1e8487591 with target datanode db80c734-d9a2-41de-b411-18be95d7479c for container move.
2023-06-18 19:16:01,504 [main] INFO  balancer.ContainerBalancerTask (ContainerBalancerTask.java:processMoveSelection(569)) - ContainerBalancer is trying to move container #85 with size 5368709120B from source datanode 8c4b877f-6e94-4255-9caa-94d1e8487591 to target datanode db80c734-d9a2-41de-b411-18be95d7479c
2023-06-18 19:16:01,505 [main] DEBUG balancer.ContainerBalancerTask (ContainerBalancerTask.java:lambda$moveContainer$3(834)) - Container move completed for container #85 from source 8c4b877f-6e94-4255-9caa-94d1e8487591 to target db80c734-d9a2-41de-b411-18be95d7479c
2023-06-18 19:16:01,508 [main] DEBUG balancer.ContainerBalancerTask (ContainerBalancerTask.java:matchSourceWithTarget(706)) - ContainerBalancer is finding suitable target for source datanode 26e84a6c-8936-47b0-9f25-fb6d902b1a9e
2023-06-18 19:16:01,508 [main] INFO  balancer.ContainerBalancerTask (ContainerBalancerTask.java:matchSourceWithTarget(720)) - ContainerBalancer matched source datanode 26e84a6c-8936-47b0-9f25-fb6d902b1a9e with target datanode db80c734-d9a2-41de-b411-18be95d7479c for container move.
2023-06-18 19:16:01,508 [main] INFO  balancer.ContainerBalancerTask (ContainerBalancerTask.java:processMoveSelection(569)) - ContainerBalancer is trying to move container #68 with size 5368709120B from source datanode 26e84a6c-8936-47b0-9f25-fb6d902b1a9e to target datanode db80c734-d9a2-41de-b411-18be95d7479c
2023-06-18 19:16:01,512 [main] DEBUG balancer.ContainerBalancerTask (ContainerBalancerTask.java:matchSourceWithTarget(706)) - ContainerBalancer is finding suitable target for source datanode 8c4b877f-6e94-4255-9caa-94d1e8487591
2023-06-18 19:16:01,512 [main] INFO  balancer.ContainerBalancerTask (ContainerBalancerTask.java:matchSourceWithTarget(720)) - ContainerBalancer matched source datanode 8c4b877f-6e94-4255-9caa-94d1e8487591 with target datanode f80e5423-dc2a-4241-b738-0cbbbf2ea011 for container move.
2023-06-18 19:16:01,512 [main] INFO  balancer.ContainerBalancerTask (ContainerBalancerTask.java:processMoveSelection(569)) - ContainerBalancer is trying to move container #89 with size 4294967296B from source datanode 8c4b877f-6e94-4255-9caa-94d1e8487591 to target datanode f80e5423-dc2a-4241-b738-0cbbbf2ea011
2023-06-18 19:16:01,516 [main] DEBUG balancer.ContainerBalancerTask (ContainerBalancerTask.java:matchSourceWithTarget(706)) - ContainerBalancer is finding suitable target for source datanode 26e84a6c-8936-47b0-9f25-fb6d902b1a9e
2023-06-18 19:16:01,517 [main] INFO  balancer.ContainerBalancerTask (ContainerBalancerTask.java:matchSourceWithTarget(720)) - ContainerBalancer matched source datanode 26e84a6c-8936-47b0-9f25-fb6d902b1a9e with target datanode f80e5423-dc2a-4241-b738-0cbbbf2ea011 for container move.
2023-06-18 19:16:01,517 [main] INFO  balancer.ContainerBalancerTask (ContainerBalancerTask.java:processMoveSelection(569)) - ContainerBalancer is trying to move container #19 with size 4294967296B from source datanode 26e84a6c-8936-47b0-9f25-fb6d902b1a9e to target datanode f80e5423-dc2a-4241-b738-0cbbbf2ea011
2023-06-18 19:16:01,521 [main] DEBUG balancer.ContainerBalancerTask (ContainerBalancerTask.java:matchSourceWithTarget(706)) - ContainerBalancer is finding suitable target for source datanode 8757f7e6-f076-4db0-888d-32f48820c51f
2023-06-18 19:16:01,521 [main] INFO  balancer.ContainerBalancerTask (ContainerBalancerTask.java:matchSourceWithTarget(720)) - ContainerBalancer matched source datanode 8757f7e6-f076-4db0-888d-32f48820c51f with target datanode f80e5423-dc2a-4241-b738-0cbbbf2ea011 for container move.
2023-06-18 19:16:01,522 [main] INFO  balancer.ContainerBalancerTask (ContainerBalancerTask.java:processMoveSelection(569)) - ContainerBalancer is trying to move container #55 with size 2147483648B from source datanode 8757f7e6-f076-4db0-888d-32f48820c51f to target datanode f80e5423-dc2a-4241-b738-0cbbbf2ea011
2023-06-18 19:16:01,527 [main] DEBUG balancer.ContainerBalancerTask (ContainerBalancerTask.java:matchSourceWithTarget(706)) - ContainerBalancer is finding suitable target for source datanode 8c4b877f-6e94-4255-9caa-94d1e8487591
2023-06-18 19:16:01,528 [main] INFO  balancer.ContainerBalancerTask (ContainerBalancerTask.java:matchSourceWithTarget(720)) - ContainerBalancer matched source datanode 8c4b877f-6e94-4255-9caa-94d1e8487591 with target datanode 7d26d37f-c465-4b7d-89a2-9ba04f14ce96 for container move.
2023-06-18 19:16:01,528 [main] INFO  balancer.ContainerBalancerTask (ContainerBalancerTask.java:processMoveSelection(569)) - ContainerBalancer is trying to move container #84 with size 4294967296B from source datanode 8c4b877f-6e94-4255-9caa-94d1e8487591 to target datanode 7d26d37f-c465-4b7d-89a2-9ba04f14ce96
2023-06-18 19:16:01,532 [main] DEBUG balancer.ContainerBalancerTask (ContainerBalancerTask.java:matchSourceWithTarget(706)) - ContainerBalancer is finding suitable target for source datanode 8757f7e6-f076-4db0-888d-32f48820c51f
2023-06-18 19:16:01,533 [main] INFO  balancer.ContainerBalancerTask (ContainerBalancerTask.java:matchSourceWithTarget(720)) - ContainerBalancer matched source datanode 8757f7e6-f076-4db0-888d-32f48820c51f with target datanode 7d26d37f-c465-4b7d-89a2-9ba04f14ce96 for container move.
2023-06-18 19:16:01,533 [main] INFO  balancer.ContainerBalancerTask (ContainerBalancerTask.java:processMoveSelection(569)) - ContainerBalancer is trying to move container #53 with size 5368709120B from source datanode 8757f7e6-f076-4db0-888d-32f48820c51f to target datanode 7d26d37f-c465-4b7d-89a2-9ba04f14ce96
2023-06-18 19:16:01,541 [main] DEBUG balancer.ContainerBalancerTask (ContainerBalancerTask.java:matchSourceWithTarget(706)) - ContainerBalancer is finding suitable target for source datanode 26e84a6c-8936-47b0-9f25-fb6d902b1a9e
2023-06-18 19:16:01,547 [main] INFO  balancer.ContainerBalancerTask (ContainerBalancerTask.java:matchSourceWithTarget(720)) - ContainerBalancer matched source datanode 26e84a6c-8936-47b0-9f25-fb6d902b1a9e with target datanode 7d26d37f-c465-4b7d-89a2-9ba04f14ce96 for container move.
2023-06-18 19:16:01,548 [main] INFO  balancer.ContainerBalancerTask (ContainerBalancerTask.java:processMoveSelection(569)) - ContainerBalancer is trying to move container #69 with size 1073741824B from source datanode 26e84a6c-8936-47b0-9f25-fb6d902b1a9e to target datanode 7d26d37f-c465-4b7d-89a2-9ba04f14ce96
2023-06-18 19:16:01,555 [main] DEBUG balancer.ContainerBalancerTask (ContainerBalancerTask.java:matchSourceWithTarget(706)) - ContainerBalancer is finding suitable target for source datanode 26e84a6c-8936-47b0-9f25-fb6d902b1a9e
2023-06-18 19:16:01,556 [main] INFO  balancer.FindTargetGreedyByUsageInfo (AbstractFindTargetGreedy.java:findTargetForContainerMove(133)) - Container Balancer could not find a target for source datanode 26e84a6c-8936-47b0-9f25-fb6d902b1a9e
2023-06-18 19:16:01,556 [main] DEBUG balancer.ContainerBalancerTask (ContainerBalancerTask.java:matchSourceWithTarget(715)) - ContainerBalancer could not find a suitable target for source node 26e84a6c-8936-47b0-9f25-fb6d902b1a9e.
2023-06-18 19:16:01,560 [main] DEBUG balancer.ContainerBalancerTask (ContainerBalancerTask.java:matchSourceWithTarget(706)) - ContainerBalancer is finding suitable target for source datanode 5589044b-a3bd-4be2-9bd3-c0c3c5260b52
2023-06-18 19:16:01,561 [main] INFO  balancer.FindTargetGreedyByUsageInfo (AbstractFindTargetGreedy.java:findTargetForContainerMove(133)) - Container Balancer could not find a target for source datanode 5589044b-a3bd-4be2-9bd3-c0c3c5260b52
2023-06-18 19:16:01,561 [main] DEBUG balancer.ContainerBalancerTask (ContainerBalancerTask.java:matchSourceWithTarget(715)) - ContainerBalancer could not find a suitable target for source node 5589044b-a3bd-4be2-9bd3-c0c3c5260b52.
2023-06-18 19:16:01,564 [main] DEBUG balancer.ContainerBalancerTask (ContainerBalancerTask.java:matchSourceWithTarget(706)) - ContainerBalancer is finding suitable target for source datanode 8c4b877f-6e94-4255-9caa-94d1e8487591
2023-06-18 19:16:01,564 [main] INFO  balancer.FindTargetGreedyByUsageInfo (AbstractFindTargetGreedy.java:findTargetForContainerMove(133)) - Container Balancer could not find a target for source datanode 8c4b877f-6e94-4255-9caa-94d1e8487591
2023-06-18 19:16:01,566 [main] DEBUG balancer.ContainerBalancerTask (ContainerBalancerTask.java:matchSourceWithTarget(715)) - ContainerBalancer could not find a suitable target for source node 8c4b877f-6e94-4255-9caa-94d1e8487591.
2023-06-18 19:16:01,570 [main] DEBUG balancer.ContainerBalancerTask (ContainerBalancerTask.java:matchSourceWithTarget(706)) - ContainerBalancer is finding suitable target for source datanode 8757f7e6-f076-4db0-888d-32f48820c51f
2023-06-18 19:16:01,570 [main] INFO  balancer.FindTargetGreedyByUsageInfo (AbstractFindTargetGreedy.java:findTargetForContainerMove(133)) - Container Balancer could not find a target for source datanode 8757f7e6-f076-4db0-888d-32f48820c51f
2023-06-18 19:16:01,570 [main] DEBUG balancer.ContainerBalancerTask (ContainerBalancerTask.java:matchSourceWithTarget(715)) - ContainerBalancer could not find a suitable target for source node 8757f7e6-f076-4db0-888d-32f48820c51f.
2023-06-18 19:16:01,574 [main] DEBUG balancer.ContainerBalancerTask (ContainerBalancerTask.java:matchSourceWithTarget(706)) - ContainerBalancer is finding suitable target for source datanode 42dbe5c1-072b-4f46-81d3-266df82fbbae
2023-06-18 19:16:01,574 [main] INFO  balancer.FindTargetGreedyByUsageInfo (AbstractFindTargetGreedy.java:findTargetForContainerMove(133)) - Container Balancer could not find a target for source datanode 42dbe5c1-072b-4f46-81d3-266df82fbbae
2023-06-18 19:16:01,574 [main] DEBUG balancer.ContainerBalancerTask (ContainerBalancerTask.java:matchSourceWithTarget(715)) - ContainerBalancer could not find a suitable target for source node 42dbe5c1-072b-4f46-81d3-266df82fbbae.
2023-06-18 19:16:01,574 [main] INFO  balancer.FindSourceGreedy (FindSourceGreedy.java:getNextCandidateSourceDataNode(126)) - no more candidate source data node
2023-06-18 19:16:02,075 [main] WARN  balancer.ContainerBalancerTask (ContainerBalancerTask.java:cancelMovesThatExceedTimeoutDuration(672)) - Container move timed out for container #89 from source 8c4b877f-6e94-4255-9caa-94d1e8487591 to target f80e5423-dc2a-4241-b738-0cbbbf2ea011.
2023-06-18 19:16:02,076 [main] WARN  balancer.ContainerBalancerTask (ContainerBalancerTask.java:cancelMovesThatExceedTimeoutDuration(672)) - Container move timed out for container #84 from source 8c4b877f-6e94-4255-9caa-94d1e8487591 to target 7d26d37f-c465-4b7d-89a2-9ba04f14ce96.
2023-06-18 19:16:02,076 [main] WARN  balancer.ContainerBalancerTask (ContainerBalancerTask.java:cancelMovesThatExceedTimeoutDuration(672)) - Container move timed out for container #19 from source 26e84a6c-8936-47b0-9f25-fb6d902b1a9e to target f80e5423-dc2a-4241-b738-0cbbbf2ea011.
2023-06-18 19:16:02,076 [main] WARN  balancer.ContainerBalancerTask (ContainerBalancerTask.java:cancelMovesThatExceedTimeoutDuration(672)) - Container move timed out for container #69 from source 26e84a6c-8936-47b0-9f25-fb6d902b1a9e to target 7d26d37f-c465-4b7d-89a2-9ba04f14ce96.
2023-06-18 19:16:02,076 [main] WARN  balancer.ContainerBalancerTask (ContainerBalancerTask.java:cancelMovesThatExceedTimeoutDuration(672)) - Container move timed out for container #68 from source 26e84a6c-8936-47b0-9f25-fb6d902b1a9e to target db80c734-d9a2-41de-b411-18be95d7479c.
2023-06-18 19:16:02,077 [main] WARN  balancer.ContainerBalancerTask (ContainerBalancerTask.java:cancelMovesThatExceedTimeoutDuration(672)) - Container move timed out for container #53 from source 8757f7e6-f076-4db0-888d-32f48820c51f to target 7d26d37f-c465-4b7d-89a2-9ba04f14ce96.
2023-06-18 19:16:02,077 [main] WARN  balancer.ContainerBalancerTask (ContainerBalancerTask.java:cancelMovesThatExceedTimeoutDuration(672)) - Container move timed out for container #55 from source 8757f7e6-f076-4db0-888d-32f48820c51f to target f80e5423-dc2a-4241-b738-0cbbbf2ea011.
2023-06-18 19:16:02,077 [main] WARN  balancer.ContainerBalancerTask (ContainerBalancerTask.java:checkIterationMoveResults(620)) - 7 Container moves are canceled.
2023-06-18 19:16:02,078 [main] INFO  balancer.ContainerBalancerTask (ContainerBalancerTask.java:checkIterationMoveResults(640)) - Iteration Summary. Number of Datanodes involved: 6. Size moved: 5 GB (5368709120 Bytes). Number of Container moves completed: 1.
2023-06-18 19:16:02,078 [main] INFO  balancer.ContainerBalancerTask (ContainerBalancerTask.java:balance(259)) - Result of this iteration of Container Balancer: ITERATION_COMPLETED
2023-06-18 19:16:02,078 [main] INFO  balancer.ContainerBalancerTask (ContainerBalancerTask.java:tryStopWithSaveConfiguration(308)) - Save Configuration for stopping. Reason: Completed all iterations.
]]></system-out>
  </testcase>
  <testcase name="targetDatanodeShouldNotAlreadyContainSelectedContainer" classname="org.apache.hadoop.hdds.scm.container.balancer.TestContainerBalancerTask" time="0.226">
    <system-out><![CDATA[2023-06-18 19:16:02,138 [main] INFO  net.NodeSchemaLoader (NodeSchemaLoader.java:loadSchemaFromFile(129)) - Loading schema from [file:/home/runner/work/ozone/ozone/hadoop-hdds/common/target/classes/network-topology-default.xml]
2023-06-18 19:16:02,139 [main] INFO  net.NodeSchemaLoader (NodeSchemaLoader.java:loadSchema(176)) - Loading network topology layer schema file
2023-06-18 19:16:02,143 [main] INFO  net.NetworkTopologyImpl (NetworkTopologyImpl.java:add(112)) - Added a new node: /default-rack/f4d001ae-5bb2-437a-894e-b3dc9a3d48a8
2023-06-18 19:16:02,144 [main] INFO  net.NetworkTopologyImpl (NetworkTopologyImpl.java:add(112)) - Added a new node: /default-rack/7fd926ff-13c5-4e27-b011-b005b789d230
2023-06-18 19:16:02,144 [main] INFO  net.NetworkTopologyImpl (NetworkTopologyImpl.java:add(112)) - Added a new node: /default-rack/b63ed0bf-7d7f-43b3-bc62-1e8c88929268
2023-06-18 19:16:02,145 [main] INFO  net.NetworkTopologyImpl (NetworkTopologyImpl.java:add(112)) - Added a new node: /default-rack/f0f3e5fe-3a5d-4a3a-9a95-9353d4f6bf80
2023-06-18 19:16:02,145 [main] INFO  net.NetworkTopologyImpl (NetworkTopologyImpl.java:add(112)) - Added a new node: /default-rack/d753858a-8310-4775-ab73-070df79b0442
2023-06-18 19:16:02,145 [main] INFO  net.NetworkTopologyImpl (NetworkTopologyImpl.java:add(112)) - Added a new node: /default-rack/f8a2675e-fb4d-4d45-acdb-95784051f65d
2023-06-18 19:16:02,146 [main] INFO  net.NetworkTopologyImpl (NetworkTopologyImpl.java:add(112)) - Added a new node: /default-rack/7f3c0a8e-0637-4d27-af15-823eb3a532e0
2023-06-18 19:16:02,146 [main] INFO  net.NetworkTopologyImpl (NetworkTopologyImpl.java:add(112)) - Added a new node: /default-rack/243f8fac-5136-477c-8379-3843a183989e
2023-06-18 19:16:02,146 [main] INFO  net.NetworkTopologyImpl (NetworkTopologyImpl.java:add(112)) - Added a new node: /default-rack/325b3b0c-31a6-4b92-8d7a-b11181a0f3f6
2023-06-18 19:16:02,147 [main] INFO  net.NetworkTopologyImpl (NetworkTopologyImpl.java:add(112)) - Added a new node: /default-rack/1c6f407e-cd81-47cd-8e7c-98feea21ccb1
2023-06-18 19:16:02,147 [main] INFO  algorithms.ContainerPlacementPolicyFactory (ContainerPlacementPolicyFactory.java:getPolicyInternal(86)) - Create container placement policy of type org.apache.hadoop.hdds.scm.container.placement.algorithms.SCMContainerPlacementRackAware
2023-06-18 19:16:02,147 [main] INFO  algorithms.ContainerPlacementPolicyFactory (ContainerPlacementPolicyFactory.java:getPolicyInternal(86)) - Create container placement policy of type org.apache.hadoop.hdds.scm.container.placement.algorithms.SCMContainerPlacementRackScatter
2023-06-18 19:16:02,151 [main] DEBUG balancer.ContainerBalancerTask (ContainerBalancerTask.java:initializeIteration(374)) - Average utilization of the cluster is 0.3669654456208081
2023-06-18 19:16:02,151 [main] DEBUG balancer.ContainerBalancerTask (ContainerBalancerTask.java:initializeIteration(386)) - Lower limit for utilization is 0.26696544562080804 and Upper limit for utilization is 0.4669654456208081
2023-06-18 19:16:02,151 [main] DEBUG balancer.ContainerBalancerTask (ContainerBalancerTask.java:initializeIteration(398)) - Utilization for node f4d001ae-5bb2-437a-894e-b3dc9a3d48a8 with capacity 73968881208B, used 66571993088B, and remaining 7396888120B is 0.9000000000108154
2023-06-18 19:16:02,151 [main] DEBUG balancer.ContainerBalancerTask (ContainerBalancerTask.java:initializeIteration(398)) - Utilization for node f0f3e5fe-3a5d-4a3a-9a95-9353d4f6bf80 with capacity 76504104960B, used 61203283968B, and remaining 15300820992B is 0.8
2023-06-18 19:16:02,152 [main] DEBUG balancer.ContainerBalancerTask (ContainerBalancerTask.java:initializeIteration(398)) - Utilization for node b63ed0bf-7d7f-43b3-bc62-1e8c88929268 with capacity 49085340525B, used 34359738368B, and remaining 14725602157B is 0.7000000000101864
2023-06-18 19:16:02,152 [main] DEBUG balancer.ContainerBalancerTask (ContainerBalancerTask.java:initializeIteration(398)) - Utilization for node f8a2675e-fb4d-4d45-acdb-95784051f65d with capacity 75161927680B, used 45097156608B, and remaining 30064771072B is 0.6
2023-06-18 19:16:02,152 [main] DEBUG balancer.ContainerBalancerTask (ContainerBalancerTask.java:initializeIteration(398)) - Utilization for node 7fd926ff-13c5-4e27-b011-b005b789d230 with capacity 85899345920B, used 42949672960B, and remaining 42949672960B is 0.5
2023-06-18 19:16:02,152 [main] DEBUG balancer.ContainerBalancerTask (ContainerBalancerTask.java:initializeIteration(398)) - Utilization for node 1c6f407e-cd81-47cd-8e7c-98feea21ccb1 with capacity 128849018880B, used 51539607552B, and remaining 77309411328B is 0.4
2023-06-18 19:16:02,152 [main] DEBUG balancer.ContainerBalancerTask (ContainerBalancerTask.java:initializeIteration(398)) - Utilization for node 325b3b0c-31a6-4b92-8d7a-b11181a0f3f6 with capacity 103795042986B, used 31138512896B, and remaining 72656530090B is 0.3000000000019269
2023-06-18 19:16:02,152 [main] DEBUG balancer.ContainerBalancerTask (ContainerBalancerTask.java:initializeIteration(398)) - Utilization for node 7f3c0a8e-0637-4d27-af15-823eb3a532e0 with capacity 246960619520B, used 49392123904B, and remaining 197568495616B is 0.2
2023-06-18 19:16:02,152 [main] DEBUG balancer.ContainerBalancerTask (ContainerBalancerTask.java:initializeIteration(398)) - Utilization for node d753858a-8310-4775-ab73-070df79b0442 with capacity 257698037760B, used 25769803776B, and remaining 231928233984B is 0.1
2023-06-18 19:16:02,152 [main] DEBUG balancer.ContainerBalancerTask (ContainerBalancerTask.java:initializeIteration(398)) - Utilization for node 243f8fac-5136-477c-8379-3843a183989e with capacity 13958643712B, used 0B, and remaining 13958643712B is 0.0
2023-06-18 19:16:02,153 [main] INFO  balancer.ContainerBalancerTask (ContainerBalancerTask.java:initializeIteration(447)) - Container Balancer has identified 5 Over-Utilized and 3 Under-Utilized Datanodes that need to be balanced.
2023-06-18 19:16:02,153 [main] DEBUG balancer.ContainerBalancerTask (ContainerBalancerTask.java:lambda$initializeIteration$1(453)) - Datanode localhost-143.67.103.60 f4d001ae-5bb2-437a-894e-b3dc9a3d48a8 is Over-Utilized.
2023-06-18 19:16:02,153 [main] DEBUG balancer.ContainerBalancerTask (ContainerBalancerTask.java:lambda$initializeIteration$1(453)) - Datanode localhost-52.126.82.237 f0f3e5fe-3a5d-4a3a-9a95-9353d4f6bf80 is Over-Utilized.
2023-06-18 19:16:02,153 [main] DEBUG balancer.ContainerBalancerTask (ContainerBalancerTask.java:lambda$initializeIteration$1(453)) - Datanode localhost-62.43.117.57 b63ed0bf-7d7f-43b3-bc62-1e8c88929268 is Over-Utilized.
2023-06-18 19:16:02,153 [main] DEBUG balancer.ContainerBalancerTask (ContainerBalancerTask.java:lambda$initializeIteration$1(453)) - Datanode localhost-115.164.152.153 f8a2675e-fb4d-4d45-acdb-95784051f65d is Over-Utilized.
2023-06-18 19:16:02,153 [main] DEBUG balancer.ContainerBalancerTask (ContainerBalancerTask.java:lambda$initializeIteration$1(453)) - Datanode localhost-106.131.122.152 7fd926ff-13c5-4e27-b011-b005b789d230 is Over-Utilized.
2023-06-18 19:16:02,153 [main] DEBUG balancer.ContainerBalancerTask (ContainerBalancerTask.java:lambda$initializeIteration$2(459)) - Datanode localhost-187.42.218.70 243f8fac-5136-477c-8379-3843a183989e is Under-Utilized.
2023-06-18 19:16:02,153 [main] DEBUG balancer.ContainerBalancerTask (ContainerBalancerTask.java:lambda$initializeIteration$2(459)) - Datanode localhost-108.122.220.171 d753858a-8310-4775-ab73-070df79b0442 is Under-Utilized.
2023-06-18 19:16:02,153 [main] DEBUG balancer.ContainerBalancerTask (ContainerBalancerTask.java:lambda$initializeIteration$2(459)) - Datanode localhost-29.82.128.116 7f3c0a8e-0637-4d27-af15-823eb3a532e0 is Under-Utilized.
2023-06-18 19:16:02,158 [main] DEBUG balancer.ContainerBalancerTask (ContainerBalancerTask.java:matchSourceWithTarget(706)) - ContainerBalancer is finding suitable target for source datanode f4d001ae-5bb2-437a-894e-b3dc9a3d48a8
2023-06-18 19:16:02,158 [main] INFO  balancer.ContainerBalancerTask (ContainerBalancerTask.java:matchSourceWithTarget(720)) - ContainerBalancer matched source datanode f4d001ae-5bb2-437a-894e-b3dc9a3d48a8 with target datanode 243f8fac-5136-477c-8379-3843a183989e for container move.
2023-06-18 19:16:02,158 [main] INFO  balancer.ContainerBalancerTask (ContainerBalancerTask.java:processMoveSelection(569)) - ContainerBalancer is trying to move container #85 with size 5368709120B from source datanode f4d001ae-5bb2-437a-894e-b3dc9a3d48a8 to target datanode 243f8fac-5136-477c-8379-3843a183989e
2023-06-18 19:16:02,158 [main] DEBUG balancer.ContainerBalancerTask (ContainerBalancerTask.java:lambda$moveContainer$3(834)) - Container move completed for container #85 from source f4d001ae-5bb2-437a-894e-b3dc9a3d48a8 to target 243f8fac-5136-477c-8379-3843a183989e
2023-06-18 19:16:02,162 [main] DEBUG balancer.ContainerBalancerTask (ContainerBalancerTask.java:matchSourceWithTarget(706)) - ContainerBalancer is finding suitable target for source datanode f4d001ae-5bb2-437a-894e-b3dc9a3d48a8
2023-06-18 19:16:02,163 [main] INFO  balancer.ContainerBalancerTask (ContainerBalancerTask.java:matchSourceWithTarget(720)) - ContainerBalancer matched source datanode f4d001ae-5bb2-437a-894e-b3dc9a3d48a8 with target datanode d753858a-8310-4775-ab73-070df79b0442 for container move.
2023-06-18 19:16:02,163 [main] INFO  balancer.ContainerBalancerTask (ContainerBalancerTask.java:processMoveSelection(569)) - ContainerBalancer is trying to move container #68 with size 5368709120B from source datanode f4d001ae-5bb2-437a-894e-b3dc9a3d48a8 to target datanode d753858a-8310-4775-ab73-070df79b0442
2023-06-18 19:16:02,163 [main] DEBUG balancer.ContainerBalancerTask (ContainerBalancerTask.java:lambda$moveContainer$3(834)) - Container move completed for container #68 from source f4d001ae-5bb2-437a-894e-b3dc9a3d48a8 to target d753858a-8310-4775-ab73-070df79b0442
2023-06-18 19:16:02,167 [main] DEBUG balancer.ContainerBalancerTask (ContainerBalancerTask.java:matchSourceWithTarget(706)) - ContainerBalancer is finding suitable target for source datanode f0f3e5fe-3a5d-4a3a-9a95-9353d4f6bf80
2023-06-18 19:16:02,167 [main] INFO  balancer.ContainerBalancerTask (ContainerBalancerTask.java:matchSourceWithTarget(720)) - ContainerBalancer matched source datanode f0f3e5fe-3a5d-4a3a-9a95-9353d4f6bf80 with target datanode d753858a-8310-4775-ab73-070df79b0442 for container move.
2023-06-18 19:16:02,168 [main] INFO  balancer.ContainerBalancerTask (ContainerBalancerTask.java:processMoveSelection(569)) - ContainerBalancer is trying to move container #67 with size 4294967296B from source datanode f0f3e5fe-3a5d-4a3a-9a95-9353d4f6bf80 to target datanode d753858a-8310-4775-ab73-070df79b0442
2023-06-18 19:16:02,168 [main] DEBUG balancer.ContainerBalancerTask (ContainerBalancerTask.java:lambda$moveContainer$3(834)) - Container move completed for container #67 from source f0f3e5fe-3a5d-4a3a-9a95-9353d4f6bf80 to target d753858a-8310-4775-ab73-070df79b0442
2023-06-18 19:16:02,172 [main] DEBUG balancer.ContainerBalancerTask (ContainerBalancerTask.java:matchSourceWithTarget(706)) - ContainerBalancer is finding suitable target for source datanode f4d001ae-5bb2-437a-894e-b3dc9a3d48a8
2023-06-18 19:16:02,172 [main] INFO  balancer.ContainerBalancerTask (ContainerBalancerTask.java:matchSourceWithTarget(720)) - ContainerBalancer matched source datanode f4d001ae-5bb2-437a-894e-b3dc9a3d48a8 with target datanode d753858a-8310-4775-ab73-070df79b0442 for container move.
2023-06-18 19:16:02,172 [main] INFO  balancer.ContainerBalancerTask (ContainerBalancerTask.java:processMoveSelection(569)) - ContainerBalancer is trying to move container #53 with size 5368709120B from source datanode f4d001ae-5bb2-437a-894e-b3dc9a3d48a8 to target datanode d753858a-8310-4775-ab73-070df79b0442
2023-06-18 19:16:02,172 [main] DEBUG balancer.ContainerBalancerTask (ContainerBalancerTask.java:lambda$moveContainer$3(834)) - Container move completed for container #53 from source f4d001ae-5bb2-437a-894e-b3dc9a3d48a8 to target d753858a-8310-4775-ab73-070df79b0442
2023-06-18 19:16:02,177 [main] DEBUG balancer.ContainerBalancerTask (ContainerBalancerTask.java:matchSourceWithTarget(706)) - ContainerBalancer is finding suitable target for source datanode f0f3e5fe-3a5d-4a3a-9a95-9353d4f6bf80
2023-06-18 19:16:02,177 [main] INFO  balancer.ContainerBalancerTask (ContainerBalancerTask.java:matchSourceWithTarget(720)) - ContainerBalancer matched source datanode f0f3e5fe-3a5d-4a3a-9a95-9353d4f6bf80 with target datanode d753858a-8310-4775-ab73-070df79b0442 for container move.
2023-06-18 19:16:02,177 [main] INFO  balancer.ContainerBalancerTask (ContainerBalancerTask.java:processMoveSelection(569)) - ContainerBalancer is trying to move container #39 with size 4294967296B from source datanode f0f3e5fe-3a5d-4a3a-9a95-9353d4f6bf80 to target datanode d753858a-8310-4775-ab73-070df79b0442
2023-06-18 19:16:02,177 [main] DEBUG balancer.ContainerBalancerTask (ContainerBalancerTask.java:lambda$moveContainer$3(834)) - Container move completed for container #39 from source f0f3e5fe-3a5d-4a3a-9a95-9353d4f6bf80 to target d753858a-8310-4775-ab73-070df79b0442
2023-06-18 19:16:02,180 [main] DEBUG balancer.ContainerBalancerTask (ContainerBalancerTask.java:matchSourceWithTarget(706)) - ContainerBalancer is finding suitable target for source datanode b63ed0bf-7d7f-43b3-bc62-1e8c88929268
2023-06-18 19:16:02,181 [main] INFO  balancer.ContainerBalancerTask (ContainerBalancerTask.java:matchSourceWithTarget(720)) - ContainerBalancer matched source datanode b63ed0bf-7d7f-43b3-bc62-1e8c88929268 with target datanode d753858a-8310-4775-ab73-070df79b0442 for container move.
2023-06-18 19:16:02,181 [main] INFO  balancer.ContainerBalancerTask (ContainerBalancerTask.java:processMoveSelection(569)) - ContainerBalancer is trying to move container #52 with size 4294967296B from source datanode b63ed0bf-7d7f-43b3-bc62-1e8c88929268 to target datanode d753858a-8310-4775-ab73-070df79b0442
2023-06-18 19:16:02,181 [main] DEBUG balancer.ContainerBalancerTask (ContainerBalancerTask.java:lambda$moveContainer$3(834)) - Container move completed for container #52 from source b63ed0bf-7d7f-43b3-bc62-1e8c88929268 to target d753858a-8310-4775-ab73-070df79b0442
2023-06-18 19:16:02,185 [main] DEBUG balancer.ContainerBalancerTask (ContainerBalancerTask.java:matchSourceWithTarget(706)) - ContainerBalancer is finding suitable target for source datanode f0f3e5fe-3a5d-4a3a-9a95-9353d4f6bf80
2023-06-18 19:16:02,186 [main] INFO  balancer.ContainerBalancerTask (ContainerBalancerTask.java:matchSourceWithTarget(720)) - ContainerBalancer matched source datanode f0f3e5fe-3a5d-4a3a-9a95-9353d4f6bf80 with target datanode d753858a-8310-4775-ab73-070df79b0442 for container move.
2023-06-18 19:16:02,186 [main] INFO  balancer.ContainerBalancerTask (ContainerBalancerTask.java:processMoveSelection(569)) - ContainerBalancer is trying to move container #28 with size 4294967296B from source datanode f0f3e5fe-3a5d-4a3a-9a95-9353d4f6bf80 to target datanode d753858a-8310-4775-ab73-070df79b0442
2023-06-18 19:16:02,186 [main] DEBUG balancer.ContainerBalancerTask (ContainerBalancerTask.java:lambda$moveContainer$3(834)) - Container move completed for container #28 from source f0f3e5fe-3a5d-4a3a-9a95-9353d4f6bf80 to target d753858a-8310-4775-ab73-070df79b0442
2023-06-18 19:16:02,191 [main] DEBUG balancer.ContainerBalancerTask (ContainerBalancerTask.java:matchSourceWithTarget(706)) - ContainerBalancer is finding suitable target for source datanode f4d001ae-5bb2-437a-894e-b3dc9a3d48a8
2023-06-18 19:16:02,191 [main] INFO  balancer.ContainerBalancerTask (ContainerBalancerTask.java:matchSourceWithTarget(720)) - ContainerBalancer matched source datanode f4d001ae-5bb2-437a-894e-b3dc9a3d48a8 with target datanode 7f3c0a8e-0637-4d27-af15-823eb3a532e0 for container move.
2023-06-18 19:16:02,191 [main] INFO  balancer.ContainerBalancerTask (ContainerBalancerTask.java:processMoveSelection(569)) - ContainerBalancer is trying to move container #40 with size 5368709120B from source datanode f4d001ae-5bb2-437a-894e-b3dc9a3d48a8 to target datanode 7f3c0a8e-0637-4d27-af15-823eb3a532e0
2023-06-18 19:16:02,191 [main] DEBUG balancer.ContainerBalancerTask (ContainerBalancerTask.java:lambda$moveContainer$3(834)) - Container move completed for container #40 from source f4d001ae-5bb2-437a-894e-b3dc9a3d48a8 to target 7f3c0a8e-0637-4d27-af15-823eb3a532e0
2023-06-18 19:16:02,196 [main] DEBUG balancer.ContainerBalancerTask (ContainerBalancerTask.java:matchSourceWithTarget(706)) - ContainerBalancer is finding suitable target for source datanode f0f3e5fe-3a5d-4a3a-9a95-9353d4f6bf80
2023-06-18 19:16:02,196 [main] INFO  balancer.ContainerBalancerTask (ContainerBalancerTask.java:matchSourceWithTarget(720)) - ContainerBalancer matched source datanode f0f3e5fe-3a5d-4a3a-9a95-9353d4f6bf80 with target datanode d753858a-8310-4775-ab73-070df79b0442 for container move.
2023-06-18 19:16:02,196 [main] INFO  balancer.ContainerBalancerTask (ContainerBalancerTask.java:processMoveSelection(569)) - ContainerBalancer is trying to move container #83 with size 3221225472B from source datanode f0f3e5fe-3a5d-4a3a-9a95-9353d4f6bf80 to target datanode d753858a-8310-4775-ab73-070df79b0442
2023-06-18 19:16:02,197 [main] DEBUG balancer.ContainerBalancerTask (ContainerBalancerTask.java:lambda$moveContainer$3(834)) - Container move completed for container #83 from source f0f3e5fe-3a5d-4a3a-9a95-9353d4f6bf80 to target d753858a-8310-4775-ab73-070df79b0442
2023-06-18 19:16:02,200 [main] DEBUG balancer.ContainerBalancerTask (ContainerBalancerTask.java:matchSourceWithTarget(706)) - ContainerBalancer is finding suitable target for source datanode b63ed0bf-7d7f-43b3-bc62-1e8c88929268
2023-06-18 19:16:02,200 [main] INFO  balancer.ContainerBalancerTask (ContainerBalancerTask.java:matchSourceWithTarget(720)) - ContainerBalancer matched source datanode b63ed0bf-7d7f-43b3-bc62-1e8c88929268 with target datanode d753858a-8310-4775-ab73-070df79b0442 for container move.
2023-06-18 19:16:02,200 [main] INFO  balancer.ContainerBalancerTask (ContainerBalancerTask.java:processMoveSelection(569)) - ContainerBalancer is trying to move container #51 with size 3221225472B from source datanode b63ed0bf-7d7f-43b3-bc62-1e8c88929268 to target datanode d753858a-8310-4775-ab73-070df79b0442
2023-06-18 19:16:02,201 [main] DEBUG balancer.ContainerBalancerTask (ContainerBalancerTask.java:lambda$moveContainer$3(834)) - Container move completed for container #51 from source b63ed0bf-7d7f-43b3-bc62-1e8c88929268 to target d753858a-8310-4775-ab73-070df79b0442
2023-06-18 19:16:02,205 [main] DEBUG balancer.ContainerBalancerTask (ContainerBalancerTask.java:matchSourceWithTarget(706)) - ContainerBalancer is finding suitable target for source datanode f4d001ae-5bb2-437a-894e-b3dc9a3d48a8
2023-06-18 19:16:02,206 [main] INFO  balancer.ContainerBalancerTask (ContainerBalancerTask.java:matchSourceWithTarget(720)) - ContainerBalancer matched source datanode f4d001ae-5bb2-437a-894e-b3dc9a3d48a8 with target datanode 7f3c0a8e-0637-4d27-af15-823eb3a532e0 for container move.
2023-06-18 19:16:02,206 [main] INFO  balancer.ContainerBalancerTask (ContainerBalancerTask.java:processMoveSelection(569)) - ContainerBalancer is trying to move container #29 with size 5368709120B from source datanode f4d001ae-5bb2-437a-894e-b3dc9a3d48a8 to target datanode 7f3c0a8e-0637-4d27-af15-823eb3a532e0
2023-06-18 19:16:02,206 [main] DEBUG balancer.ContainerBalancerTask (ContainerBalancerTask.java:lambda$moveContainer$3(834)) - Container move completed for container #29 from source f4d001ae-5bb2-437a-894e-b3dc9a3d48a8 to target 7f3c0a8e-0637-4d27-af15-823eb3a532e0
2023-06-18 19:16:02,210 [main] DEBUG balancer.ContainerBalancerTask (ContainerBalancerTask.java:matchSourceWithTarget(706)) - ContainerBalancer is finding suitable target for source datanode f8a2675e-fb4d-4d45-acdb-95784051f65d
2023-06-18 19:16:02,210 [main] INFO  balancer.ContainerBalancerTask (ContainerBalancerTask.java:matchSourceWithTarget(720)) - ContainerBalancer matched source datanode f8a2675e-fb4d-4d45-acdb-95784051f65d with target datanode d753858a-8310-4775-ab73-070df79b0442 for container move.
2023-06-18 19:16:02,211 [main] INFO  balancer.ContainerBalancerTask (ContainerBalancerTask.java:processMoveSelection(569)) - ContainerBalancer is trying to move container #89 with size 4294967296B from source datanode f8a2675e-fb4d-4d45-acdb-95784051f65d to target datanode d753858a-8310-4775-ab73-070df79b0442
2023-06-18 19:16:02,211 [main] DEBUG balancer.ContainerBalancerTask (ContainerBalancerTask.java:lambda$moveContainer$3(834)) - Container move completed for container #89 from source f8a2675e-fb4d-4d45-acdb-95784051f65d to target d753858a-8310-4775-ab73-070df79b0442
2023-06-18 19:16:02,216 [main] DEBUG balancer.ContainerBalancerTask (ContainerBalancerTask.java:matchSourceWithTarget(706)) - ContainerBalancer is finding suitable target for source datanode f0f3e5fe-3a5d-4a3a-9a95-9353d4f6bf80
2023-06-18 19:16:02,216 [main] INFO  balancer.ContainerBalancerTask (ContainerBalancerTask.java:matchSourceWithTarget(720)) - ContainerBalancer matched source datanode f0f3e5fe-3a5d-4a3a-9a95-9353d4f6bf80 with target datanode 7f3c0a8e-0637-4d27-af15-823eb3a532e0 for container move.
2023-06-18 19:16:02,216 [main] INFO  balancer.ContainerBalancerTask (ContainerBalancerTask.java:processMoveSelection(569)) - ContainerBalancer is trying to move container #70 with size 2147483648B from source datanode f0f3e5fe-3a5d-4a3a-9a95-9353d4f6bf80 to target datanode 7f3c0a8e-0637-4d27-af15-823eb3a532e0
2023-06-18 19:16:02,216 [main] DEBUG balancer.ContainerBalancerTask (ContainerBalancerTask.java:lambda$moveContainer$3(834)) - Container move completed for container #70 from source f0f3e5fe-3a5d-4a3a-9a95-9353d4f6bf80 to target 7f3c0a8e-0637-4d27-af15-823eb3a532e0
2023-06-18 19:16:02,221 [main] DEBUG balancer.ContainerBalancerTask (ContainerBalancerTask.java:matchSourceWithTarget(706)) - ContainerBalancer is finding suitable target for source datanode f0f3e5fe-3a5d-4a3a-9a95-9353d4f6bf80
2023-06-18 19:16:02,221 [main] INFO  balancer.ContainerBalancerTask (ContainerBalancerTask.java:matchSourceWithTarget(720)) - ContainerBalancer matched source datanode f0f3e5fe-3a5d-4a3a-9a95-9353d4f6bf80 with target datanode d753858a-8310-4775-ab73-070df79b0442 for container move.
2023-06-18 19:16:02,221 [main] INFO  balancer.ContainerBalancerTask (ContainerBalancerTask.java:processMoveSelection(569)) - ContainerBalancer is trying to move container #71 with size 3221225472B from source datanode f0f3e5fe-3a5d-4a3a-9a95-9353d4f6bf80 to target datanode d753858a-8310-4775-ab73-070df79b0442
2023-06-18 19:16:02,222 [main] DEBUG balancer.ContainerBalancerTask (ContainerBalancerTask.java:lambda$moveContainer$3(834)) - Container move completed for container #71 from source f0f3e5fe-3a5d-4a3a-9a95-9353d4f6bf80 to target d753858a-8310-4775-ab73-070df79b0442
2023-06-18 19:16:02,224 [main] DEBUG balancer.ContainerBalancerTask (ContainerBalancerTask.java:matchSourceWithTarget(706)) - ContainerBalancer is finding suitable target for source datanode b63ed0bf-7d7f-43b3-bc62-1e8c88929268
2023-06-18 19:16:02,224 [main] INFO  balancer.ContainerBalancerTask (ContainerBalancerTask.java:matchSourceWithTarget(720)) - ContainerBalancer matched source datanode b63ed0bf-7d7f-43b3-bc62-1e8c88929268 with target datanode 7f3c0a8e-0637-4d27-af15-823eb3a532e0 for container move.
2023-06-18 19:16:02,224 [main] INFO  balancer.ContainerBalancerTask (ContainerBalancerTask.java:processMoveSelection(569)) - ContainerBalancer is trying to move container #65 with size 2147483648B from source datanode b63ed0bf-7d7f-43b3-bc62-1e8c88929268 to target datanode 7f3c0a8e-0637-4d27-af15-823eb3a532e0
2023-06-18 19:16:02,224 [main] DEBUG balancer.ContainerBalancerTask (ContainerBalancerTask.java:lambda$moveContainer$3(834)) - Container move completed for container #65 from source b63ed0bf-7d7f-43b3-bc62-1e8c88929268 to target 7f3c0a8e-0637-4d27-af15-823eb3a532e0
2023-06-18 19:16:02,229 [main] DEBUG balancer.ContainerBalancerTask (ContainerBalancerTask.java:matchSourceWithTarget(706)) - ContainerBalancer is finding suitable target for source datanode f8a2675e-fb4d-4d45-acdb-95784051f65d
2023-06-18 19:16:02,229 [main] INFO  balancer.ContainerBalancerTask (ContainerBalancerTask.java:matchSourceWithTarget(720)) - ContainerBalancer matched source datanode f8a2675e-fb4d-4d45-acdb-95784051f65d with target datanode 7f3c0a8e-0637-4d27-af15-823eb3a532e0 for container move.
2023-06-18 19:16:02,229 [main] INFO  balancer.ContainerBalancerTask (ContainerBalancerTask.java:processMoveSelection(569)) - ContainerBalancer is trying to move container #18 with size 3221225472B from source datanode f8a2675e-fb4d-4d45-acdb-95784051f65d to target datanode 7f3c0a8e-0637-4d27-af15-823eb3a532e0
2023-06-18 19:16:02,230 [main] DEBUG balancer.ContainerBalancerTask (ContainerBalancerTask.java:lambda$moveContainer$3(834)) - Container move completed for container #18 from source f8a2675e-fb4d-4d45-acdb-95784051f65d to target 7f3c0a8e-0637-4d27-af15-823eb3a532e0
2023-06-18 19:16:02,235 [main] DEBUG balancer.ContainerBalancerTask (ContainerBalancerTask.java:matchSourceWithTarget(706)) - ContainerBalancer is finding suitable target for source datanode f4d001ae-5bb2-437a-894e-b3dc9a3d48a8
2023-06-18 19:16:02,235 [main] INFO  balancer.ContainerBalancerTask (ContainerBalancerTask.java:matchSourceWithTarget(720)) - ContainerBalancer matched source datanode f4d001ae-5bb2-437a-894e-b3dc9a3d48a8 with target datanode d753858a-8310-4775-ab73-070df79b0442 for container move.
2023-06-18 19:16:02,235 [main] INFO  balancer.ContainerBalancerTask (ContainerBalancerTask.java:processMoveSelection(569)) - ContainerBalancer is trying to move container #86 with size 1073741824B from source datanode f4d001ae-5bb2-437a-894e-b3dc9a3d48a8 to target datanode d753858a-8310-4775-ab73-070df79b0442
2023-06-18 19:16:02,235 [main] DEBUG balancer.ContainerBalancerTask (ContainerBalancerTask.java:lambda$moveContainer$3(834)) - Container move completed for container #86 from source f4d001ae-5bb2-437a-894e-b3dc9a3d48a8 to target d753858a-8310-4775-ab73-070df79b0442
2023-06-18 19:16:02,240 [main] DEBUG balancer.ContainerBalancerTask (ContainerBalancerTask.java:matchSourceWithTarget(699)) - ContainerBalancer could not find any candidate containers for datanode f4d001ae-5bb2-437a-894e-b3dc9a3d48a8
2023-06-18 19:16:02,245 [main] DEBUG balancer.ContainerBalancerTask (ContainerBalancerTask.java:matchSourceWithTarget(706)) - ContainerBalancer is finding suitable target for source datanode f0f3e5fe-3a5d-4a3a-9a95-9353d4f6bf80
2023-06-18 19:16:02,245 [main] INFO  balancer.ContainerBalancerTask (ContainerBalancerTask.java:matchSourceWithTarget(720)) - ContainerBalancer matched source datanode f0f3e5fe-3a5d-4a3a-9a95-9353d4f6bf80 with target datanode d753858a-8310-4775-ab73-070df79b0442 for container move.
2023-06-18 19:16:02,246 [main] INFO  balancer.ContainerBalancerTask (ContainerBalancerTask.java:processMoveSelection(569)) - ContainerBalancer is trying to move container #66 with size 3221225472B from source datanode f0f3e5fe-3a5d-4a3a-9a95-9353d4f6bf80 to target datanode d753858a-8310-4775-ab73-070df79b0442
2023-06-18 19:16:02,246 [main] DEBUG balancer.ContainerBalancerTask (ContainerBalancerTask.java:lambda$moveContainer$3(834)) - Container move completed for container #66 from source f0f3e5fe-3a5d-4a3a-9a95-9353d4f6bf80 to target d753858a-8310-4775-ab73-070df79b0442
2023-06-18 19:16:02,248 [main] DEBUG balancer.ContainerBalancerTask (ContainerBalancerTask.java:matchSourceWithTarget(706)) - ContainerBalancer is finding suitable target for source datanode b63ed0bf-7d7f-43b3-bc62-1e8c88929268
2023-06-18 19:16:02,248 [main] INFO  balancer.ContainerBalancerTask (ContainerBalancerTask.java:matchSourceWithTarget(720)) - ContainerBalancer matched source datanode b63ed0bf-7d7f-43b3-bc62-1e8c88929268 with target datanode 7f3c0a8e-0637-4d27-af15-823eb3a532e0 for container move.
2023-06-18 19:16:02,248 [main] INFO  balancer.ContainerBalancerTask (ContainerBalancerTask.java:processMoveSelection(569)) - ContainerBalancer is trying to move container #55 with size 2147483648B from source datanode b63ed0bf-7d7f-43b3-bc62-1e8c88929268 to target datanode 7f3c0a8e-0637-4d27-af15-823eb3a532e0
2023-06-18 19:16:02,249 [main] DEBUG balancer.ContainerBalancerTask (ContainerBalancerTask.java:lambda$moveContainer$3(834)) - Container move completed for container #55 from source b63ed0bf-7d7f-43b3-bc62-1e8c88929268 to target 7f3c0a8e-0637-4d27-af15-823eb3a532e0
2023-06-18 19:16:02,251 [main] DEBUG balancer.ContainerBalancerTask (ContainerBalancerTask.java:matchSourceWithTarget(706)) - ContainerBalancer is finding suitable target for source datanode f8a2675e-fb4d-4d45-acdb-95784051f65d
2023-06-18 19:16:02,252 [main] INFO  balancer.ContainerBalancerTask (ContainerBalancerTask.java:matchSourceWithTarget(720)) - ContainerBalancer matched source datanode f8a2675e-fb4d-4d45-acdb-95784051f65d with target datanode d753858a-8310-4775-ab73-070df79b0442 for container move.
2023-06-18 19:16:02,252 [main] INFO  balancer.ContainerBalancerTask (ContainerBalancerTask.java:processMoveSelection(569)) - ContainerBalancer is trying to move container #38 with size 3221225472B from source datanode f8a2675e-fb4d-4d45-acdb-95784051f65d to target datanode d753858a-8310-4775-ab73-070df79b0442
2023-06-18 19:16:02,252 [main] DEBUG balancer.ContainerBalancerTask (ContainerBalancerTask.java:lambda$moveContainer$3(834)) - Container move completed for container #38 from source f8a2675e-fb4d-4d45-acdb-95784051f65d to target d753858a-8310-4775-ab73-070df79b0442
2023-06-18 19:16:02,254 [main] DEBUG balancer.ContainerBalancerTask (ContainerBalancerTask.java:matchSourceWithTarget(706)) - ContainerBalancer is finding suitable target for source datanode 7fd926ff-13c5-4e27-b011-b005b789d230
2023-06-18 19:16:02,254 [main] INFO  balancer.ContainerBalancerTask (ContainerBalancerTask.java:matchSourceWithTarget(720)) - ContainerBalancer matched source datanode 7fd926ff-13c5-4e27-b011-b005b789d230 with target datanode 7f3c0a8e-0637-4d27-af15-823eb3a532e0 for container move.
2023-06-18 19:16:02,255 [main] INFO  balancer.ContainerBalancerTask (ContainerBalancerTask.java:processMoveSelection(569)) - ContainerBalancer is trying to move container #84 with size 4294967296B from source datanode 7fd926ff-13c5-4e27-b011-b005b789d230 to target datanode 7f3c0a8e-0637-4d27-af15-823eb3a532e0
2023-06-18 19:16:02,255 [main] DEBUG balancer.ContainerBalancerTask (ContainerBalancerTask.java:lambda$moveContainer$3(834)) - Container move completed for container #84 from source 7fd926ff-13c5-4e27-b011-b005b789d230 to target 7f3c0a8e-0637-4d27-af15-823eb3a532e0
2023-06-18 19:16:02,260 [main] DEBUG balancer.ContainerBalancerTask (ContainerBalancerTask.java:matchSourceWithTarget(706)) - ContainerBalancer is finding suitable target for source datanode f0f3e5fe-3a5d-4a3a-9a95-9353d4f6bf80
2023-06-18 19:16:02,260 [main] INFO  balancer.ContainerBalancerTask (ContainerBalancerTask.java:matchSourceWithTarget(720)) - ContainerBalancer matched source datanode f0f3e5fe-3a5d-4a3a-9a95-9353d4f6bf80 with target datanode d753858a-8310-4775-ab73-070df79b0442 for container move.
2023-06-18 19:16:02,260 [main] INFO  balancer.ContainerBalancerTask (ContainerBalancerTask.java:processMoveSelection(569)) - ContainerBalancer is trying to move container #11 with size 3221225472B from source datanode f0f3e5fe-3a5d-4a3a-9a95-9353d4f6bf80 to target datanode d753858a-8310-4775-ab73-070df79b0442
2023-06-18 19:16:02,260 [main] DEBUG balancer.ContainerBalancerTask (ContainerBalancerTask.java:lambda$moveContainer$3(834)) - Container move completed for container #11 from source f0f3e5fe-3a5d-4a3a-9a95-9353d4f6bf80 to target d753858a-8310-4775-ab73-070df79b0442
2023-06-18 19:16:02,262 [main] DEBUG balancer.ContainerBalancerTask (ContainerBalancerTask.java:matchSourceWithTarget(706)) - ContainerBalancer is finding suitable target for source datanode b63ed0bf-7d7f-43b3-bc62-1e8c88929268
2023-06-18 19:16:02,263 [main] INFO  balancer.ContainerBalancerTask (ContainerBalancerTask.java:matchSourceWithTarget(720)) - ContainerBalancer matched source datanode b63ed0bf-7d7f-43b3-bc62-1e8c88929268 with target datanode 7f3c0a8e-0637-4d27-af15-823eb3a532e0 for container move.
2023-06-18 19:16:02,263 [main] INFO  balancer.ContainerBalancerTask (ContainerBalancerTask.java:processMoveSelection(569)) - ContainerBalancer is trying to move container #50 with size 2147483648B from source datanode b63ed0bf-7d7f-43b3-bc62-1e8c88929268 to target datanode 7f3c0a8e-0637-4d27-af15-823eb3a532e0
2023-06-18 19:16:02,263 [main] DEBUG balancer.ContainerBalancerTask (ContainerBalancerTask.java:lambda$moveContainer$3(834)) - Container move completed for container #50 from source b63ed0bf-7d7f-43b3-bc62-1e8c88929268 to target 7f3c0a8e-0637-4d27-af15-823eb3a532e0
2023-06-18 19:16:02,266 [main] DEBUG balancer.ContainerBalancerTask (ContainerBalancerTask.java:matchSourceWithTarget(706)) - ContainerBalancer is finding suitable target for source datanode f8a2675e-fb4d-4d45-acdb-95784051f65d
2023-06-18 19:16:02,266 [main] INFO  balancer.ContainerBalancerTask (ContainerBalancerTask.java:matchSourceWithTarget(720)) - ContainerBalancer matched source datanode f8a2675e-fb4d-4d45-acdb-95784051f65d with target datanode d753858a-8310-4775-ab73-070df79b0442 for container move.
2023-06-18 19:16:02,266 [main] INFO  balancer.ContainerBalancerTask (ContainerBalancerTask.java:processMoveSelection(569)) - ContainerBalancer is trying to move container #81 with size 1073741824B from source datanode f8a2675e-fb4d-4d45-acdb-95784051f65d to target datanode d753858a-8310-4775-ab73-070df79b0442
2023-06-18 19:16:02,267 [main] DEBUG balancer.ContainerBalancerTask (ContainerBalancerTask.java:lambda$moveContainer$3(834)) - Container move completed for container #81 from source f8a2675e-fb4d-4d45-acdb-95784051f65d to target d753858a-8310-4775-ab73-070df79b0442
2023-06-18 19:16:02,269 [main] DEBUG balancer.ContainerBalancerTask (ContainerBalancerTask.java:matchSourceWithTarget(706)) - ContainerBalancer is finding suitable target for source datanode 7fd926ff-13c5-4e27-b011-b005b789d230
2023-06-18 19:16:02,269 [main] INFO  balancer.ContainerBalancerTask (ContainerBalancerTask.java:matchSourceWithTarget(720)) - ContainerBalancer matched source datanode 7fd926ff-13c5-4e27-b011-b005b789d230 with target datanode 7f3c0a8e-0637-4d27-af15-823eb3a532e0 for container move.
2023-06-18 19:16:02,269 [main] INFO  balancer.ContainerBalancerTask (ContainerBalancerTask.java:processMoveSelection(569)) - ContainerBalancer is trying to move container #82 with size 2147483648B from source datanode 7fd926ff-13c5-4e27-b011-b005b789d230 to target datanode 7f3c0a8e-0637-4d27-af15-823eb3a532e0
2023-06-18 19:16:02,270 [main] DEBUG balancer.ContainerBalancerTask (ContainerBalancerTask.java:lambda$moveContainer$3(834)) - Container move completed for container #82 from source 7fd926ff-13c5-4e27-b011-b005b789d230 to target 7f3c0a8e-0637-4d27-af15-823eb3a532e0
2023-06-18 19:16:02,272 [main] DEBUG balancer.ContainerBalancerTask (ContainerBalancerTask.java:matchSourceWithTarget(706)) - ContainerBalancer is finding suitable target for source datanode f8a2675e-fb4d-4d45-acdb-95784051f65d
2023-06-18 19:16:02,273 [main] INFO  balancer.ContainerBalancerTask (ContainerBalancerTask.java:matchSourceWithTarget(720)) - ContainerBalancer matched source datanode f8a2675e-fb4d-4d45-acdb-95784051f65d with target datanode 7f3c0a8e-0637-4d27-af15-823eb3a532e0 for container move.
2023-06-18 19:16:02,273 [main] INFO  balancer.ContainerBalancerTask (ContainerBalancerTask.java:processMoveSelection(569)) - ContainerBalancer is trying to move container #26 with size 2147483648B from source datanode f8a2675e-fb4d-4d45-acdb-95784051f65d to target datanode 7f3c0a8e-0637-4d27-af15-823eb3a532e0
2023-06-18 19:16:02,273 [main] DEBUG balancer.ContainerBalancerTask (ContainerBalancerTask.java:lambda$moveContainer$3(834)) - Container move completed for container #26 from source f8a2675e-fb4d-4d45-acdb-95784051f65d to target 7f3c0a8e-0637-4d27-af15-823eb3a532e0
2023-06-18 19:16:02,276 [main] DEBUG balancer.ContainerBalancerTask (ContainerBalancerTask.java:matchSourceWithTarget(699)) - ContainerBalancer could not find any candidate containers for datanode f0f3e5fe-3a5d-4a3a-9a95-9353d4f6bf80
2023-06-18 19:16:02,278 [main] DEBUG balancer.ContainerBalancerTask (ContainerBalancerTask.java:matchSourceWithTarget(706)) - ContainerBalancer is finding suitable target for source datanode 7fd926ff-13c5-4e27-b011-b005b789d230
2023-06-18 19:16:02,278 [main] INFO  balancer.ContainerBalancerTask (ContainerBalancerTask.java:matchSourceWithTarget(720)) - ContainerBalancer matched source datanode 7fd926ff-13c5-4e27-b011-b005b789d230 with target datanode 7f3c0a8e-0637-4d27-af15-823eb3a532e0 for container move.
2023-06-18 19:16:02,279 [main] INFO  balancer.ContainerBalancerTask (ContainerBalancerTask.java:processMoveSelection(569)) - ContainerBalancer is trying to move container #10 with size 2147483648B from source datanode 7fd926ff-13c5-4e27-b011-b005b789d230 to target datanode 7f3c0a8e-0637-4d27-af15-823eb3a532e0
2023-06-18 19:16:02,279 [main] DEBUG balancer.ContainerBalancerTask (ContainerBalancerTask.java:lambda$moveContainer$3(834)) - Container move completed for container #10 from source 7fd926ff-13c5-4e27-b011-b005b789d230 to target 7f3c0a8e-0637-4d27-af15-823eb3a532e0
2023-06-18 19:16:02,281 [main] DEBUG balancer.ContainerBalancerTask (ContainerBalancerTask.java:matchSourceWithTarget(706)) - ContainerBalancer is finding suitable target for source datanode b63ed0bf-7d7f-43b3-bc62-1e8c88929268
2023-06-18 19:16:02,281 [main] INFO  balancer.ContainerBalancerTask (ContainerBalancerTask.java:matchSourceWithTarget(720)) - ContainerBalancer matched source datanode b63ed0bf-7d7f-43b3-bc62-1e8c88929268 with target datanode 7f3c0a8e-0637-4d27-af15-823eb3a532e0 for container move.
2023-06-18 19:16:02,281 [main] INFO  balancer.ContainerBalancerTask (ContainerBalancerTask.java:processMoveSelection(569)) - ContainerBalancer is trying to move container #54 with size 1073741824B from source datanode b63ed0bf-7d7f-43b3-bc62-1e8c88929268 to target datanode 7f3c0a8e-0637-4d27-af15-823eb3a532e0
2023-06-18 19:16:02,281 [main] DEBUG balancer.ContainerBalancerTask (ContainerBalancerTask.java:lambda$moveContainer$3(834)) - Container move completed for container #54 from source b63ed0bf-7d7f-43b3-bc62-1e8c88929268 to target 7f3c0a8e-0637-4d27-af15-823eb3a532e0
2023-06-18 19:16:02,284 [main] DEBUG balancer.ContainerBalancerTask (ContainerBalancerTask.java:matchSourceWithTarget(706)) - ContainerBalancer is finding suitable target for source datanode f8a2675e-fb4d-4d45-acdb-95784051f65d
2023-06-18 19:16:02,284 [main] INFO  balancer.ContainerBalancerTask (ContainerBalancerTask.java:matchSourceWithTarget(720)) - ContainerBalancer matched source datanode f8a2675e-fb4d-4d45-acdb-95784051f65d with target datanode 7f3c0a8e-0637-4d27-af15-823eb3a532e0 for container move.
2023-06-18 19:16:02,285 [main] INFO  balancer.ContainerBalancerTask (ContainerBalancerTask.java:processMoveSelection(569)) - ContainerBalancer is trying to move container #41 with size 1073741824B from source datanode f8a2675e-fb4d-4d45-acdb-95784051f65d to target datanode 7f3c0a8e-0637-4d27-af15-823eb3a532e0
2023-06-18 19:16:02,285 [main] DEBUG balancer.ContainerBalancerTask (ContainerBalancerTask.java:lambda$moveContainer$3(834)) - Container move completed for container #41 from source f8a2675e-fb4d-4d45-acdb-95784051f65d to target 7f3c0a8e-0637-4d27-af15-823eb3a532e0
2023-06-18 19:16:02,288 [main] DEBUG balancer.ContainerBalancerTask (ContainerBalancerTask.java:matchSourceWithTarget(706)) - ContainerBalancer is finding suitable target for source datanode f8a2675e-fb4d-4d45-acdb-95784051f65d
2023-06-18 19:16:02,288 [main] INFO  balancer.ContainerBalancerTask (ContainerBalancerTask.java:matchSourceWithTarget(720)) - ContainerBalancer matched source datanode f8a2675e-fb4d-4d45-acdb-95784051f65d with target datanode 7f3c0a8e-0637-4d27-af15-823eb3a532e0 for container move.
2023-06-18 19:16:02,288 [main] INFO  balancer.ContainerBalancerTask (ContainerBalancerTask.java:processMoveSelection(569)) - ContainerBalancer is trying to move container #36 with size 1073741824B from source datanode f8a2675e-fb4d-4d45-acdb-95784051f65d to target datanode 7f3c0a8e-0637-4d27-af15-823eb3a532e0
2023-06-18 19:16:02,289 [main] DEBUG balancer.ContainerBalancerTask (ContainerBalancerTask.java:lambda$moveContainer$3(834)) - Container move completed for container #36 from source f8a2675e-fb4d-4d45-acdb-95784051f65d to target 7f3c0a8e-0637-4d27-af15-823eb3a532e0
2023-06-18 19:16:02,291 [main] DEBUG balancer.ContainerBalancerTask (ContainerBalancerTask.java:matchSourceWithTarget(706)) - ContainerBalancer is finding suitable target for source datanode 7fd926ff-13c5-4e27-b011-b005b789d230
2023-06-18 19:16:02,291 [main] INFO  balancer.ContainerBalancerTask (ContainerBalancerTask.java:matchSourceWithTarget(720)) - ContainerBalancer matched source datanode 7fd926ff-13c5-4e27-b011-b005b789d230 with target datanode 7f3c0a8e-0637-4d27-af15-823eb3a532e0 for container move.
2023-06-18 19:16:02,292 [main] INFO  balancer.ContainerBalancerTask (ContainerBalancerTask.java:processMoveSelection(569)) - ContainerBalancer is trying to move container #9 with size 1073741824B from source datanode 7fd926ff-13c5-4e27-b011-b005b789d230 to target datanode 7f3c0a8e-0637-4d27-af15-823eb3a532e0
2023-06-18 19:16:02,292 [main] DEBUG balancer.ContainerBalancerTask (ContainerBalancerTask.java:lambda$moveContainer$3(834)) - Container move completed for container #9 from source 7fd926ff-13c5-4e27-b011-b005b789d230 to target 7f3c0a8e-0637-4d27-af15-823eb3a532e0
2023-06-18 19:16:02,294 [main] DEBUG balancer.ContainerBalancerTask (ContainerBalancerTask.java:matchSourceWithTarget(706)) - ContainerBalancer is finding suitable target for source datanode b63ed0bf-7d7f-43b3-bc62-1e8c88929268
2023-06-18 19:16:02,294 [main] INFO  balancer.ContainerBalancerTask (ContainerBalancerTask.java:matchSourceWithTarget(720)) - ContainerBalancer matched source datanode b63ed0bf-7d7f-43b3-bc62-1e8c88929268 with target datanode 243f8fac-5136-477c-8379-3843a183989e for container move.
2023-06-18 19:16:02,294 [main] INFO  balancer.ContainerBalancerTask (ContainerBalancerTask.java:processMoveSelection(569)) - ContainerBalancer is trying to move container #49 with size 1073741824B from source datanode b63ed0bf-7d7f-43b3-bc62-1e8c88929268 to target datanode 243f8fac-5136-477c-8379-3843a183989e
2023-06-18 19:16:02,294 [main] DEBUG balancer.ContainerBalancerTask (ContainerBalancerTask.java:lambda$moveContainer$3(834)) - Container move completed for container #49 from source b63ed0bf-7d7f-43b3-bc62-1e8c88929268 to target 243f8fac-5136-477c-8379-3843a183989e
2023-06-18 19:16:02,296 [main] DEBUG balancer.ContainerBalancerTask (ContainerBalancerTask.java:matchSourceWithTarget(706)) - ContainerBalancer is finding suitable target for source datanode 7fd926ff-13c5-4e27-b011-b005b789d230
2023-06-18 19:16:02,297 [main] INFO  balancer.ContainerBalancerTask (ContainerBalancerTask.java:matchSourceWithTarget(720)) - ContainerBalancer matched source datanode 7fd926ff-13c5-4e27-b011-b005b789d230 with target datanode 7f3c0a8e-0637-4d27-af15-823eb3a532e0 for container move.
2023-06-18 19:16:02,297 [main] INFO  balancer.ContainerBalancerTask (ContainerBalancerTask.java:processMoveSelection(569)) - ContainerBalancer is trying to move container #1 with size 1073741824B from source datanode 7fd926ff-13c5-4e27-b011-b005b789d230 to target datanode 7f3c0a8e-0637-4d27-af15-823eb3a532e0
2023-06-18 19:16:02,297 [main] DEBUG balancer.ContainerBalancerTask (ContainerBalancerTask.java:lambda$moveContainer$3(834)) - Container move completed for container #1 from source 7fd926ff-13c5-4e27-b011-b005b789d230 to target 7f3c0a8e-0637-4d27-af15-823eb3a532e0
2023-06-18 19:16:02,299 [main] DEBUG balancer.ContainerBalancerTask (ContainerBalancerTask.java:matchSourceWithTarget(706)) - ContainerBalancer is finding suitable target for source datanode f8a2675e-fb4d-4d45-acdb-95784051f65d
2023-06-18 19:16:02,300 [main] INFO  balancer.FindTargetGreedyByUsageInfo (AbstractFindTargetGreedy.java:findTargetForContainerMove(133)) - Container Balancer could not find a target for source datanode f8a2675e-fb4d-4d45-acdb-95784051f65d
2023-06-18 19:16:02,300 [main] DEBUG balancer.ContainerBalancerTask (ContainerBalancerTask.java:matchSourceWithTarget(715)) - ContainerBalancer could not find a suitable target for source node f8a2675e-fb4d-4d45-acdb-95784051f65d.
2023-06-18 19:16:02,302 [main] DEBUG balancer.ContainerBalancerTask (ContainerBalancerTask.java:matchSourceWithTarget(706)) - ContainerBalancer is finding suitable target for source datanode 7fd926ff-13c5-4e27-b011-b005b789d230
2023-06-18 19:16:02,303 [main] INFO  balancer.FindTargetGreedyByUsageInfo (AbstractFindTargetGreedy.java:findTargetForContainerMove(133)) - Container Balancer could not find a target for source datanode 7fd926ff-13c5-4e27-b011-b005b789d230
2023-06-18 19:16:02,303 [main] DEBUG balancer.ContainerBalancerTask (ContainerBalancerTask.java:matchSourceWithTarget(715)) - ContainerBalancer could not find a suitable target for source node 7fd926ff-13c5-4e27-b011-b005b789d230.
2023-06-18 19:16:02,304 [main] DEBUG balancer.ContainerBalancerTask (ContainerBalancerTask.java:matchSourceWithTarget(706)) - ContainerBalancer is finding suitable target for source datanode b63ed0bf-7d7f-43b3-bc62-1e8c88929268
2023-06-18 19:16:02,305 [main] INFO  balancer.FindTargetGreedyByUsageInfo (AbstractFindTargetGreedy.java:findTargetForContainerMove(133)) - Container Balancer could not find a target for source datanode b63ed0bf-7d7f-43b3-bc62-1e8c88929268
2023-06-18 19:16:02,305 [main] DEBUG balancer.ContainerBalancerTask (ContainerBalancerTask.java:matchSourceWithTarget(715)) - ContainerBalancer could not find a suitable target for source node b63ed0bf-7d7f-43b3-bc62-1e8c88929268.
2023-06-18 19:16:02,305 [main] INFO  balancer.FindSourceGreedy (FindSourceGreedy.java:getNextCandidateSourceDataNode(126)) - no more candidate source data node
2023-06-18 19:16:02,305 [main] INFO  balancer.ContainerBalancerTask (ContainerBalancerTask.java:checkIterationMoveResults(640)) - Iteration Summary. Number of Datanodes involved: 8. Size moved: 92 GB (98784247808 Bytes). Number of Container moves completed: 33.
2023-06-18 19:16:02,305 [main] INFO  balancer.ContainerBalancerTask (ContainerBalancerTask.java:balance(259)) - Result of this iteration of Container Balancer: ITERATION_COMPLETED
2023-06-18 19:16:02,305 [main] INFO  balancer.ContainerBalancerTask (ContainerBalancerTask.java:tryStopWithSaveConfiguration(308)) - Save Configuration for stopping. Reason: Completed all iterations.
]]></system-out>
  </testcase>
  <testcase name="balancerShouldNotSelectNonClosedContainerReplicas" classname="org.apache.hadoop.hdds.scm.container.balancer.TestContainerBalancerTask" time="0.054">
    <system-out><![CDATA[2023-06-18 19:16:02,337 [main] INFO  net.NodeSchemaLoader (NodeSchemaLoader.java:loadSchemaFromFile(129)) - Loading schema from [file:/home/runner/work/ozone/ozone/hadoop-hdds/common/target/classes/network-topology-default.xml]
2023-06-18 19:16:02,337 [main] INFO  net.NodeSchemaLoader (NodeSchemaLoader.java:loadSchema(176)) - Loading network topology layer schema file
2023-06-18 19:16:02,339 [main] INFO  net.NetworkTopologyImpl (NetworkTopologyImpl.java:add(112)) - Added a new node: /default-rack/7ba8a0fe-eda6-4ac8-98ac-ec9dfa67637e
2023-06-18 19:16:02,340 [main] INFO  net.NetworkTopologyImpl (NetworkTopologyImpl.java:add(112)) - Added a new node: /default-rack/e879769e-0fd7-40f5-98ed-372a983312d1
2023-06-18 19:16:02,340 [main] INFO  net.NetworkTopologyImpl (NetworkTopologyImpl.java:add(112)) - Added a new node: /default-rack/3ebcd8fb-1107-482f-b1e1-ce490a774582
2023-06-18 19:16:02,340 [main] INFO  net.NetworkTopologyImpl (NetworkTopologyImpl.java:add(112)) - Added a new node: /default-rack/c24ee661-1c4b-4aec-8573-7c6221fcd791
2023-06-18 19:16:02,340 [main] INFO  net.NetworkTopologyImpl (NetworkTopologyImpl.java:add(112)) - Added a new node: /default-rack/ea316bb5-347f-4541-8bdf-bc5df75f6de0
2023-06-18 19:16:02,340 [main] INFO  net.NetworkTopologyImpl (NetworkTopologyImpl.java:add(112)) - Added a new node: /default-rack/ae8bbdde-80e8-4603-8c45-c61fa57aa726
2023-06-18 19:16:02,340 [main] INFO  net.NetworkTopologyImpl (NetworkTopologyImpl.java:add(112)) - Added a new node: /default-rack/61f378c4-58fd-4099-aabc-52cedea4e68e
2023-06-18 19:16:02,341 [main] INFO  net.NetworkTopologyImpl (NetworkTopologyImpl.java:add(112)) - Added a new node: /default-rack/5d22fa8d-1533-45e9-a027-94030c2be906
2023-06-18 19:16:02,341 [main] INFO  net.NetworkTopologyImpl (NetworkTopologyImpl.java:add(112)) - Added a new node: /default-rack/ef15cf9f-caea-45f9-b4a1-8d2f5f2ba501
2023-06-18 19:16:02,341 [main] INFO  net.NetworkTopologyImpl (NetworkTopologyImpl.java:add(112)) - Added a new node: /default-rack/471283f1-b439-4c7b-8710-7ae38d6c00e3
2023-06-18 19:16:02,341 [main] INFO  algorithms.ContainerPlacementPolicyFactory (ContainerPlacementPolicyFactory.java:getPolicyInternal(86)) - Create container placement policy of type org.apache.hadoop.hdds.scm.container.placement.algorithms.SCMContainerPlacementRackAware
2023-06-18 19:16:02,341 [main] INFO  algorithms.ContainerPlacementPolicyFactory (ContainerPlacementPolicyFactory.java:getPolicyInternal(86)) - Create container placement policy of type org.apache.hadoop.hdds.scm.container.placement.algorithms.SCMContainerPlacementRackScatter
2023-06-18 19:16:02,345 [main] DEBUG balancer.ContainerBalancerTask (ContainerBalancerTask.java:initializeIteration(374)) - Average utilization of the cluster is 0.3231309104429734
2023-06-18 19:16:02,345 [main] DEBUG balancer.ContainerBalancerTask (ContainerBalancerTask.java:initializeIteration(386)) - Lower limit for utilization is 0.22313091044297337 and Upper limit for utilization is 0.42313091044297335
2023-06-18 19:16:02,346 [main] DEBUG balancer.ContainerBalancerTask (ContainerBalancerTask.java:initializeIteration(398)) - Utilization for node 471283f1-b439-4c7b-8710-7ae38d6c00e3 with capacity 56073184142B, used 50465865728B, and remaining 5607318414B is 0.9000000000035667
2023-06-18 19:16:02,346 [main] DEBUG balancer.ContainerBalancerTask (ContainerBalancerTask.java:initializeIteration(398)) - Utilization for node 61f378c4-58fd-4099-aabc-52cedea4e68e with capacity 73819750400B, used 59055800320B, and remaining 14763950080B is 0.8
2023-06-18 19:16:02,346 [main] DEBUG balancer.ContainerBalancerTask (ContainerBalancerTask.java:initializeIteration(398)) - Utilization for node ef15cf9f-caea-45f9-b4a1-8d2f5f2ba501 with capacity 61356675657B, used 42949672960B, and remaining 18407002697B is 0.7000000000016298
2023-06-18 19:16:02,346 [main] DEBUG balancer.ContainerBalancerTask (ContainerBalancerTask.java:initializeIteration(398)) - Utilization for node 5d22fa8d-1533-45e9-a027-94030c2be906 with capacity 87688915626B, used 52613349376B, and remaining 35075566250B is 0.6000000000045616
2023-06-18 19:16:02,346 [main] DEBUG balancer.ContainerBalancerTask (ContainerBalancerTask.java:initializeIteration(398)) - Utilization for node e879769e-0fd7-40f5-98ed-372a983312d1 with capacity 77309411328B, used 38654705664B, and remaining 38654705664B is 0.5
2023-06-18 19:16:02,346 [main] DEBUG balancer.ContainerBalancerTask (ContainerBalancerTask.java:initializeIteration(398)) - Utilization for node 7ba8a0fe-eda6-4ac8-98ac-ec9dfa67637e with capacity 131533373440B, used 52613349376B, and remaining 78920024064B is 0.4
2023-06-18 19:16:02,346 [main] DEBUG balancer.ContainerBalancerTask (ContainerBalancerTask.java:initializeIteration(398)) - Utilization for node ae8bbdde-80e8-4603-8c45-c61fa57aa726 with capacity 100215903573B, used 30064771072B, and remaining 70151132501B is 0.30000000000099786
2023-06-18 19:16:02,346 [main] DEBUG balancer.ContainerBalancerTask (ContainerBalancerTask.java:initializeIteration(398)) - Utilization for node ea316bb5-347f-4541-8bdf-bc5df75f6de0 with capacity 134217728000B, used 26843545600B, and remaining 107374182400B is 0.2
2023-06-18 19:16:02,347 [main] DEBUG balancer.ContainerBalancerTask (ContainerBalancerTask.java:initializeIteration(398)) - Utilization for node c24ee661-1c4b-4aec-8573-7c6221fcd791 with capacity 504658657280B, used 50465865728B, and remaining 454192791552B is 0.1
2023-06-18 19:16:02,347 [main] DEBUG balancer.ContainerBalancerTask (ContainerBalancerTask.java:initializeIteration(398)) - Utilization for node 3ebcd8fb-1107-482f-b1e1-ce490a774582 with capacity 22548578304B, used 0B, and remaining 22548578304B is 0.0
2023-06-18 19:16:02,347 [main] INFO  balancer.ContainerBalancerTask (ContainerBalancerTask.java:initializeIteration(447)) - Container Balancer has identified 5 Over-Utilized and 3 Under-Utilized Datanodes that need to be balanced.
2023-06-18 19:16:02,347 [main] DEBUG balancer.ContainerBalancerTask (ContainerBalancerTask.java:lambda$initializeIteration$1(453)) - Datanode localhost-162.247.106.94 471283f1-b439-4c7b-8710-7ae38d6c00e3 is Over-Utilized.
2023-06-18 19:16:02,347 [main] DEBUG balancer.ContainerBalancerTask (ContainerBalancerTask.java:lambda$initializeIteration$1(453)) - Datanode localhost-124.59.41.244 61f378c4-58fd-4099-aabc-52cedea4e68e is Over-Utilized.
2023-06-18 19:16:02,347 [main] DEBUG balancer.ContainerBalancerTask (ContainerBalancerTask.java:lambda$initializeIteration$1(453)) - Datanode localhost-176.198.173.17 ef15cf9f-caea-45f9-b4a1-8d2f5f2ba501 is Over-Utilized.
2023-06-18 19:16:02,347 [main] DEBUG balancer.ContainerBalancerTask (ContainerBalancerTask.java:lambda$initializeIteration$1(453)) - Datanode localhost-177.147.201.63 5d22fa8d-1533-45e9-a027-94030c2be906 is Over-Utilized.
2023-06-18 19:16:02,347 [main] DEBUG balancer.ContainerBalancerTask (ContainerBalancerTask.java:lambda$initializeIteration$1(453)) - Datanode localhost-44.4.82.78 e879769e-0fd7-40f5-98ed-372a983312d1 is Over-Utilized.
2023-06-18 19:16:02,347 [main] DEBUG balancer.ContainerBalancerTask (ContainerBalancerTask.java:lambda$initializeIteration$2(459)) - Datanode localhost-137.166.169.72 3ebcd8fb-1107-482f-b1e1-ce490a774582 is Under-Utilized.
2023-06-18 19:16:02,348 [main] DEBUG balancer.ContainerBalancerTask (ContainerBalancerTask.java:lambda$initializeIteration$2(459)) - Datanode localhost-55.91.211.205 c24ee661-1c4b-4aec-8573-7c6221fcd791 is Under-Utilized.
2023-06-18 19:16:02,348 [main] DEBUG balancer.ContainerBalancerTask (ContainerBalancerTask.java:lambda$initializeIteration$2(459)) - Datanode localhost-119.42.146.59 ea316bb5-347f-4541-8bdf-bc5df75f6de0 is Under-Utilized.
2023-06-18 19:16:02,350 [main] DEBUG balancer.ContainerBalancerTask (ContainerBalancerTask.java:matchSourceWithTarget(699)) - ContainerBalancer could not find any candidate containers for datanode 471283f1-b439-4c7b-8710-7ae38d6c00e3
2023-06-18 19:16:02,354 [main] DEBUG balancer.ContainerBalancerTask (ContainerBalancerTask.java:matchSourceWithTarget(699)) - ContainerBalancer could not find any candidate containers for datanode 61f378c4-58fd-4099-aabc-52cedea4e68e
2023-06-18 19:16:02,356 [main] DEBUG balancer.ContainerBalancerTask (ContainerBalancerTask.java:matchSourceWithTarget(699)) - ContainerBalancer could not find any candidate containers for datanode ef15cf9f-caea-45f9-b4a1-8d2f5f2ba501
2023-06-18 19:16:02,359 [main] DEBUG balancer.ContainerBalancerTask (ContainerBalancerTask.java:matchSourceWithTarget(699)) - ContainerBalancer could not find any candidate containers for datanode 5d22fa8d-1533-45e9-a027-94030c2be906
2023-06-18 19:16:02,361 [main] DEBUG balancer.ContainerBalancerTask (ContainerBalancerTask.java:matchSourceWithTarget(699)) - ContainerBalancer could not find any candidate containers for datanode e879769e-0fd7-40f5-98ed-372a983312d1
2023-06-18 19:16:02,361 [main] INFO  balancer.FindSourceGreedy (FindSourceGreedy.java:getNextCandidateSourceDataNode(126)) - no more candidate source data node
2023-06-18 19:16:02,361 [main] INFO  balancer.ContainerBalancerTask (ContainerBalancerTask.java:balance(259)) - Result of this iteration of Container Balancer: CAN_NOT_BALANCE_ANY_MORE
2023-06-18 19:16:02,362 [main] INFO  balancer.ContainerBalancerTask (ContainerBalancerTask.java:tryStopWithSaveConfiguration(308)) - Save Configuration for stopping. Reason: CAN_NOT_BALANCE_ANY_MORE
]]></system-out>
  </testcase>
  <testcase name="testDelayedStart" classname="org.apache.hadoop.hdds.scm.container.balancer.TestContainerBalancerTask" time="0.104">
    <error type="java.util.concurrent.TimeoutException"><![CDATA[java.util.concurrent.TimeoutException: 
Timed out waiting for condition. Thread diagnostics:
Timestamp: 2023-06-18 07:16:02,455

"surefire-forkedjvm-command-thread" daemon prio=5 tid=10 runnable
java.lang.Thread.State: RUNNABLE
        at java.io.FileInputStream.readBytes(Native Method)
        at java.io.FileInputStream.read(FileInputStream.java:255)
        at java.io.BufferedInputStream.read1(BufferedInputStream.java:284)
        at java.io.BufferedInputStream.read(BufferedInputStream.java:345)
        at java.io.BufferedInputStream.fill(BufferedInputStream.java:246)
        at java.io.BufferedInputStream.read1(BufferedInputStream.java:286)
        at java.io.BufferedInputStream.read(BufferedInputStream.java:345)
        at org.apache.maven.surefire.api.util.internal.Channels$3.readImpl(Channels.java:214)
        at org.apache.maven.surefire.api.util.internal.AbstractNoninterruptibleReadableChannel.read(AbstractNoninterruptibleReadableChannel.java:54)
        at org.apache.maven.surefire.booter.spi.LegacyMasterProcessChannelDecoder.decode(LegacyMasterProcessChannelDecoder.java:80)
        at org.apache.maven.surefire.booter.CommandReader$CommandRunnable.run(CommandReader.java:343)
        at java.lang.Thread.run(Thread.java:750)
"Reference Handler" daemon prio=10 tid=2 in Object.wait()
java.lang.Thread.State: WAITING (on object monitor)
        at java.lang.Object.wait(Native Method)
        at java.lang.Object.wait(Object.java:502)
        at java.lang.ref.Reference.tryHandlePending(Reference.java:191)
        at java.lang.ref.Reference$ReferenceHandler.run(Reference.java:153)
"Signal Dispatcher" daemon prio=9 tid=4 runnable
java.lang.Thread.State: RUNNABLE
"Thread-18"  prio=5 tid=29 timed_waiting
java.lang.Thread.State: TIMED_WAITING
        at java.lang.Thread.sleep(Native Method)
        at org.apache.hadoop.hdds.scm.container.balancer.TestContainerBalancerTask.lambda$genCompletableFuture$15(TestContainerBalancerTask.java:1315)
        at org.apache.hadoop.hdds.scm.container.balancer.TestContainerBalancerTask$$Lambda$432/644499453.get(Unknown Source)
        at java.util.concurrent.CompletableFuture$AsyncSupply.run(CompletableFuture.java:1604)
        at java.lang.Thread.run(Thread.java:750)
"Attach Listener" daemon prio=9 tid=12 runnable
java.lang.Thread.State: RUNNABLE
"Thread-15"  prio=5 tid=26 timed_waiting
java.lang.Thread.State: TIMED_WAITING
        at java.lang.Thread.sleep(Native Method)
        at org.apache.hadoop.hdds.scm.container.balancer.TestContainerBalancerTask.lambda$genCompletableFuture$15(TestContainerBalancerTask.java:1315)
        at org.apache.hadoop.hdds.scm.container.balancer.TestContainerBalancerTask$$Lambda$432/644499453.get(Unknown Source)
        at java.util.concurrent.CompletableFuture$AsyncSupply.run(CompletableFuture.java:1604)
        at java.lang.Thread.run(Thread.java:750)
"Thread-22"  prio=5 tid=33 timed_waiting
java.lang.Thread.State: TIMED_WAITING
        at java.lang.Thread.sleep(Native Method)
        at org.apache.hadoop.hdds.scm.container.balancer.TestContainerBalancerTask.lambda$genCompletableFuture$15(TestContainerBalancerTask.java:1315)
        at org.apache.hadoop.hdds.scm.container.balancer.TestContainerBalancerTask$$Lambda$432/644499453.get(Unknown Source)
        at java.util.concurrent.CompletableFuture$AsyncSupply.run(CompletableFuture.java:1604)
        at java.lang.Thread.run(Thread.java:750)
"process reaper" daemon prio=10 tid=13 timed_waiting
java.lang.Thread.State: TIMED_WAITING
        at sun.misc.Unsafe.park(Native Method)
        at java.util.concurrent.locks.LockSupport.parkNanos(LockSupport.java:215)
        at java.util.concurrent.SynchronousQueue$TransferStack.awaitFulfill(SynchronousQueue.java:460)
        at java.util.concurrent.SynchronousQueue$TransferStack.transfer(SynchronousQueue.java:362)
        at java.util.concurrent.SynchronousQueue.poll(SynchronousQueue.java:941)
        at java.util.concurrent.ThreadPoolExecutor.getTask(ThreadPoolExecutor.java:1073)
        at java.util.concurrent.ThreadPoolExecutor.runWorker(ThreadPoolExecutor.java:1134)
        at java.util.concurrent.ThreadPoolExecutor$Worker.run(ThreadPoolExecutor.java:624)
        at java.lang.Thread.run(Thread.java:750)
"Thread-21"  prio=5 tid=32 timed_waiting
java.lang.Thread.State: TIMED_WAITING
        at java.lang.Thread.sleep(Native Method)
        at org.apache.hadoop.hdds.scm.container.balancer.TestContainerBalancerTask.lambda$genCompletableFuture$15(TestContainerBalancerTask.java:1315)
        at org.apache.hadoop.hdds.scm.container.balancer.TestContainerBalancerTask$$Lambda$432/644499453.get(Unknown Source)
        at java.util.concurrent.CompletableFuture$AsyncSupply.run(CompletableFuture.java:1604)
        at java.lang.Thread.run(Thread.java:750)
"Thread-16"  prio=5 tid=27 timed_waiting
java.lang.Thread.State: TIMED_WAITING
        at java.lang.Thread.sleep(Native Method)
        at org.apache.hadoop.hdds.scm.container.balancer.TestContainerBalancerTask.lambda$genCompletableFuture$15(TestContainerBalancerTask.java:1315)
        at org.apache.hadoop.hdds.scm.container.balancer.TestContainerBalancerTask$$Lambda$432/644499453.get(Unknown Source)
        at java.util.concurrent.CompletableFuture$AsyncSupply.run(CompletableFuture.java:1604)
        at java.lang.Thread.run(Thread.java:750)
"Thread-19"  prio=5 tid=30 timed_waiting
java.lang.Thread.State: TIMED_WAITING
        at java.lang.Thread.sleep(Native Method)
        at org.apache.hadoop.hdds.scm.container.balancer.TestContainerBalancerTask.lambda$genCompletableFuture$15(TestContainerBalancerTask.java:1315)
        at org.apache.hadoop.hdds.scm.container.balancer.TestContainerBalancerTask$$Lambda$432/644499453.get(Unknown Source)
        at java.util.concurrent.CompletableFuture$AsyncSupply.run(CompletableFuture.java:1604)
        at java.lang.Thread.run(Thread.java:750)
"main"  prio=5 tid=1 runnable
java.lang.Thread.State: RUNNABLE
        at java.lang.Thread.dumpThreads(Native Method)
        at java.lang.Thread.getAllStackTraces(Thread.java:1615)
        at org.apache.ozone.test.TimedOutTestsListener.buildThreadDump(TimedOutTestsListener.java:93)
        at org.apache.ozone.test.TimedOutTestsListener.buildThreadDiagnosticString(TimedOutTestsListener.java:79)
        at org.apache.ozone.test.GenericTestUtils.waitFor(GenericTestUtils.java:232)
        at org.apache.hadoop.hdds.scm.container.balancer.TestContainerBalancerTask.testDelayedStart(TestContainerBalancerTask.java:1069)
        at sun.reflect.NativeMethodAccessorImpl.invoke0(Native Method)
        at sun.reflect.NativeMethodAccessorImpl.invoke(NativeMethodAccessorImpl.java:62)
        at sun.reflect.DelegatingMethodAccessorImpl.invoke(DelegatingMethodAccessorImpl.java:43)
        at java.lang.reflect.Method.invoke(Method.java:498)
        at org.junit.platform.commons.util.ReflectionUtils.invokeMethod(ReflectionUtils.java:725)
        at org.junit.jupiter.engine.execution.MethodInvocation.proceed(MethodInvocation.java:60)
        at org.junit.jupiter.engine.execution.InvocationInterceptorChain$ValidatingInvocation.proceed(InvocationInterceptorChain.java:131)
        at org.junit.jupiter.engine.extension.TimeoutExtension.intercept(TimeoutExtension.java:149)
        at org.junit.jupiter.engine.extension.TimeoutExtension.interceptTestableMethod(TimeoutExtension.java:140)
        at org.junit.jupiter.engine.extension.TimeoutExtension.interceptTestMethod(TimeoutExtension.java:84)
        at org.junit.jupiter.engine.descriptor.TestMethodTestDescriptor$$Lambda$158/694452085.apply(Unknown Source)
        at org.junit.jupiter.engine.execution.ExecutableInvoker$ReflectiveInterceptorCall.lambda$ofVoidMethod$0(ExecutableInvoker.java:115)
        at org.junit.jupiter.engine.execution.ExecutableInvoker$ReflectiveInterceptorCall$$Lambda$159/1210830415.apply(Unknown Source)
        at org.junit.jupiter.engine.execution.ExecutableInvoker.lambda$invoke$0(ExecutableInvoker.java:105)
        at org.junit.jupiter.engine.execution.ExecutableInvoker$$Lambda$317/2075568954.apply(Unknown Source)
        at org.junit.jupiter.engine.execution.InvocationInterceptorChain$InterceptedInvocation.proceed(InvocationInterceptorChain.java:106)
        at org.junit.jupiter.engine.execution.InvocationInterceptorChain.proceed(InvocationInterceptorChain.java:64)
        at org.junit.jupiter.engine.execution.InvocationInterceptorChain.chainAndInvoke(InvocationInterceptorChain.java:45)
        at org.junit.jupiter.engine.execution.InvocationInterceptorChain.invoke(InvocationInterceptorChain.java:37)
        at org.junit.jupiter.engine.execution.ExecutableInvoker.invoke(ExecutableInvoker.java:104)
        at org.junit.jupiter.engine.execution.ExecutableInvoker.invoke(ExecutableInvoker.java:98)
        at org.junit.jupiter.engine.descriptor.TestMethodTestDescriptor.lambda$invokeTestMethod$7(TestMethodTestDescriptor.java:214)
        at org.junit.jupiter.engine.descriptor.TestMethodTestDescriptor$$Lambda$379/1240908382.execute(Unknown Source)
        at org.junit.platform.engine.support.hierarchical.ThrowableCollector.execute(ThrowableCollector.java:73)
        at org.junit.jupiter.engine.descriptor.TestMethodTestDescriptor.invokeTestMethod(TestMethodTestDescriptor.java:210)
        at org.junit.jupiter.engine.descriptor.TestMethodTestDescriptor.execute(TestMethodTestDescriptor.java:135)
        at org.junit.jupiter.engine.descriptor.TestMethodTestDescriptor.execute(TestMethodTestDescriptor.java:66)
        at org.junit.platform.engine.support.hierarchical.NodeTestTask.lambda$executeRecursively$6(NodeTestTask.java:151)
        at org.junit.platform.engine.support.hierarchical.NodeTestTask$$Lambda$258/1363793720.execute(Unknown Source)
        at org.junit.platform.engine.support.hierarchical.ThrowableCollector.execute(ThrowableCollector.java:73)
        at org.junit.platform.engine.support.hierarchical.NodeTestTask.lambda$executeRecursively$8(NodeTestTask.java:141)
        at org.junit.platform.engine.support.hierarchical.NodeTestTask$$Lambda$257/1392794732.invoke(Unknown Source)
        at org.junit.platform.engine.support.hierarchical.Node.around(Node.java:137)
        at org.junit.platform.engine.support.hierarchical.NodeTestTask.lambda$executeRecursively$9(NodeTestTask.java:139)
        at org.junit.platform.engine.support.hierarchical.NodeTestTask$$Lambda$256/1961002599.execute(Unknown Source)
        at org.junit.platform.engine.support.hierarchical.ThrowableCollector.execute(ThrowableCollector.java:73)
        at org.junit.platform.engine.support.hierarchical.NodeTestTask.executeRecursively(NodeTestTask.java:138)
        at org.junit.platform.engine.support.hierarchical.NodeTestTask.execute(NodeTestTask.java:95)
        at org.junit.platform.engine.support.hierarchical.SameThreadHierarchicalTestExecutorService$$Lambda$262/212890971.accept(Unknown Source)
        at java.util.ArrayList.forEach(ArrayList.java:1259)
        at org.junit.platform.engine.support.hierarchical.SameThreadHierarchicalTestExecutorService.invokeAll(SameThreadHierarchicalTestExecutorService.java:41)
        at org.junit.platform.engine.support.hierarchical.NodeTestTask.lambda$executeRecursively$6(NodeTestTask.java:155)
        at org.junit.platform.engine.support.hierarchical.NodeTestTask$$Lambda$258/1363793720.execute(Unknown Source)
        at org.junit.platform.engine.support.hierarchical.ThrowableCollector.execute(ThrowableCollector.java:73)
        at org.junit.platform.engine.support.hierarchical.NodeTestTask.lambda$executeRecursively$8(NodeTestTask.java:141)
        at org.junit.platform.engine.support.hierarchical.NodeTestTask$$Lambda$257/1392794732.invoke(Unknown Source)
        at org.junit.platform.engine.support.hierarchical.Node.around(Node.java:137)
        at org.junit.platform.engine.support.hierarchical.NodeTestTask.lambda$executeRecursively$9(NodeTestTask.java:139)
        at org.junit.platform.engine.support.hierarchical.NodeTestTask$$Lambda$256/1961002599.execute(Unknown Source)
        at org.junit.platform.engine.support.hierarchical.ThrowableCollector.execute(ThrowableCollector.java:73)
        at org.junit.platform.engine.support.hierarchical.NodeTestTask.executeRecursively(NodeTestTask.java:138)
        at org.junit.platform.engine.support.hierarchical.NodeTestTask.execute(NodeTestTask.java:95)
        at org.junit.platform.engine.support.hierarchical.SameThreadHierarchicalTestExecutorService$$Lambda$262/212890971.accept(Unknown Source)
        at java.util.ArrayList.forEach(ArrayList.java:1259)
        at org.junit.platform.engine.support.hierarchical.SameThreadHierarchicalTestExecutorService.invokeAll(SameThreadHierarchicalTestExecutorService.java:41)
        at org.junit.platform.engine.support.hierarchical.NodeTestTask.lambda$executeRecursively$6(NodeTestTask.java:155)
        at org.junit.platform.engine.support.hierarchical.NodeTestTask$$Lambda$258/1363793720.execute(Unknown Source)
        at org.junit.platform.engine.support.hierarchical.ThrowableCollector.execute(ThrowableCollector.java:73)
        at org.junit.platform.engine.support.hierarchical.NodeTestTask.lambda$executeRecursively$8(NodeTestTask.java:141)
        at org.junit.platform.engine.support.hierarchical.NodeTestTask$$Lambda$257/1392794732.invoke(Unknown Source)
        at org.junit.platform.engine.support.hierarchical.Node.around(Node.java:137)
        at org.junit.platform.engine.support.hierarchical.NodeTestTask.lambda$executeRecursively$9(NodeTestTask.java:139)
        at org.junit.platform.engine.support.hierarchical.NodeTestTask$$Lambda$256/1961002599.execute(Unknown Source)
        at org.junit.platform.engine.support.hierarchical.ThrowableCollector.execute(ThrowableCollector.java:73)
        at org.junit.platform.engine.support.hierarchical.NodeTestTask.executeRecursively(NodeTestTask.java:138)
        at org.junit.platform.engine.support.hierarchical.NodeTestTask.execute(NodeTestTask.java:95)
        at org.junit.platform.engine.support.hierarchical.SameThreadHierarchicalTestExecutorService.submit(SameThreadHierarchicalTestExecutorService.java:35)
        at org.junit.platform.engine.support.hierarchical.HierarchicalTestExecutor.execute(HierarchicalTestExecutor.java:57)
        at org.junit.platform.engine.support.hierarchical.HierarchicalTestEngine.execute(HierarchicalTestEngine.java:54)
        at org.junit.platform.launcher.core.EngineExecutionOrchestrator.execute(EngineExecutionOrchestrator.java:107)
        at org.junit.platform.launcher.core.EngineExecutionOrchestrator.execute(EngineExecutionOrchestrator.java:88)
        at org.junit.platform.launcher.core.EngineExecutionOrchestrator.lambda$execute$0(EngineExecutionOrchestrator.java:54)
        at org.junit.platform.launcher.core.EngineExecutionOrchestrator$$Lambda$214/1515638188.accept(Unknown Source)
        at org.junit.platform.launcher.core.EngineExecutionOrchestrator.withInterceptedStreams(EngineExecutionOrchestrator.java:67)
        at org.junit.platform.launcher.core.EngineExecutionOrchestrator.execute(EngineExecutionOrchestrator.java:52)
        at org.junit.platform.launcher.core.DefaultLauncher.execute(DefaultLauncher.java:114)
        at org.junit.platform.launcher.core.DefaultLauncher.execute(DefaultLauncher.java:86)
        at org.junit.platform.launcher.core.DefaultLauncherSession$DelegatingLauncher.execute(DefaultLauncherSession.java:86)
        at org.junit.platform.launcher.core.SessionPerRequestLauncher.execute(SessionPerRequestLauncher.java:53)
        at org.apache.maven.surefire.junitplatform.JUnitPlatformProvider.execute(JUnitPlatformProvider.java:188)
        at org.apache.maven.surefire.junitplatform.JUnitPlatformProvider.invokeAllTests(JUnitPlatformProvider.java:154)
        at org.apache.maven.surefire.junitplatform.JUnitPlatformProvider.invoke(JUnitPlatformProvider.java:124)
        at org.apache.maven.surefire.booter.ForkedBooter.runSuitesInProcess(ForkedBooter.java:428)
        at org.apache.maven.surefire.booter.ForkedBooter.execute(ForkedBooter.java:162)
        at org.apache.maven.surefire.booter.ForkedBooter.run(ForkedBooter.java:562)
        at org.apache.maven.surefire.booter.ForkedBooter.main(ForkedBooter.java:548)
"Thread-20"  prio=5 tid=31 timed_waiting
java.lang.Thread.State: TIMED_WAITING
        at java.lang.Thread.sleep(Native Method)
        at org.apache.hadoop.hdds.scm.container.balancer.TestContainerBalancerTask.lambda$genCompletableFuture$15(TestContainerBalancerTask.java:1315)
        at org.apache.hadoop.hdds.scm.container.balancer.TestContainerBalancerTask$$Lambda$432/644499453.get(Unknown Source)
        at java.util.concurrent.CompletableFuture$AsyncSupply.run(CompletableFuture.java:1604)
        at java.lang.Thread.run(Thread.java:750)
"Thread-10"  prio=5 tid=21 timed_waiting
java.lang.Thread.State: TIMED_WAITING
        at java.lang.Thread.sleep(Native Method)
        at org.apache.hadoop.hdds.scm.container.balancer.TestContainerBalancerTask.lambda$genCompletableFuture$15(TestContainerBalancerTask.java:1315)
        at org.apache.hadoop.hdds.scm.container.balancer.TestContainerBalancerTask$$Lambda$432/644499453.get(Unknown Source)
        at java.util.concurrent.CompletableFuture$AsyncSupply.run(CompletableFuture.java:1604)
        at java.lang.Thread.run(Thread.java:750)
"Thread-13"  prio=5 tid=24 timed_waiting
java.lang.Thread.State: TIMED_WAITING
        at java.lang.Thread.sleep(Native Method)
        at org.apache.hadoop.hdds.scm.container.balancer.TestContainerBalancerTask.lambda$genCompletableFuture$15(TestContainerBalancerTask.java:1315)
        at org.apache.hadoop.hdds.scm.container.balancer.TestContainerBalancerTask$$Lambda$432/644499453.get(Unknown Source)
        at java.util.concurrent.CompletableFuture$AsyncSupply.run(CompletableFuture.java:1604)
        at java.lang.Thread.run(Thread.java:750)
"Thread-17"  prio=5 tid=28 timed_waiting
java.lang.Thread.State: TIMED_WAITING
        at java.lang.Thread.sleep(Native Method)
        at org.apache.hadoop.hdds.scm.container.balancer.TestContainerBalancerTask.lambda$genCompletableFuture$15(TestContainerBalancerTask.java:1315)
        at org.apache.hadoop.hdds.scm.container.balancer.TestContainerBalancerTask$$Lambda$432/644499453.get(Unknown Source)
        at java.util.concurrent.CompletableFuture$AsyncSupply.run(CompletableFuture.java:1604)
        at java.lang.Thread.run(Thread.java:750)
"Thread-11"  prio=5 tid=22 timed_waiting
java.lang.Thread.State: TIMED_WAITING
        at java.lang.Thread.sleep(Native Method)
        at org.apache.hadoop.hdds.scm.container.balancer.TestContainerBalancerTask.lambda$genCompletableFuture$15(TestContainerBalancerTask.java:1315)
        at org.apache.hadoop.hdds.scm.container.balancer.TestContainerBalancerTask$$Lambda$432/644499453.get(Unknown Source)
        at java.util.concurrent.CompletableFuture$AsyncSupply.run(CompletableFuture.java:1604)
        at java.lang.Thread.run(Thread.java:750)
"Thread-12"  prio=5 tid=23 timed_waiting
java.lang.Thread.State: TIMED_WAITING
        at java.lang.Thread.sleep(Native Method)
        at org.apache.hadoop.hdds.scm.container.balancer.TestContainerBalancerTask.lambda$genCompletableFuture$15(TestContainerBalancerTask.java:1315)
        at org.apache.hadoop.hdds.scm.container.balancer.TestContainerBalancerTask$$Lambda$432/644499453.get(Unknown Source)
        at java.util.concurrent.CompletableFuture$AsyncSupply.run(CompletableFuture.java:1604)
        at java.lang.Thread.run(Thread.java:750)
"Thread-14"  prio=5 tid=25 timed_waiting
java.lang.Thread.State: TIMED_WAITING
        at java.lang.Thread.sleep(Native Method)
        at org.apache.hadoop.hdds.scm.container.balancer.TestContainerBalancerTask.lambda$genCompletableFuture$15(TestContainerBalancerTask.java:1315)
        at org.apache.hadoop.hdds.scm.container.balancer.TestContainerBalancerTask$$Lambda$432/644499453.get(Unknown Source)
        at java.util.concurrent.CompletableFuture$AsyncSupply.run(CompletableFuture.java:1604)
        at java.lang.Thread.run(Thread.java:750)
"Thread-8"  prio=5 tid=19 timed_waiting
java.lang.Thread.State: TIMED_WAITING
        at java.lang.Thread.sleep(Native Method)
        at org.apache.hadoop.hdds.scm.container.balancer.TestContainerBalancerTask.lambda$genCompletableFuture$15(TestContainerBalancerTask.java:1315)
        at org.apache.hadoop.hdds.scm.container.balancer.TestContainerBalancerTask$$Lambda$432/644499453.get(Unknown Source)
        at java.util.concurrent.CompletableFuture$AsyncSupply.run(CompletableFuture.java:1604)
        at java.lang.Thread.run(Thread.java:750)
"Thread-23"  prio=5 tid=34 timed_waiting
java.lang.Thread.State: TIMED_WAITING
        at java.lang.Thread.sleep(Native Method)
        at org.apache.hadoop.hdds.scm.container.balancer.TestContainerBalancerTask.lambda$genCompletableFuture$15(TestContainerBalancerTask.java:1315)
        at org.apache.hadoop.hdds.scm.container.balancer.TestContainerBalancerTask$$Lambda$432/644499453.get(Unknown Source)
        at java.util.concurrent.CompletableFuture$AsyncSupply.run(CompletableFuture.java:1604)
        at java.lang.Thread.run(Thread.java:750)
"Thread-6"  prio=5 tid=17 timed_waiting
java.lang.Thread.State: TIMED_WAITING
        at java.lang.Thread.sleep(Native Method)
        at org.apache.hadoop.hdds.scm.container.balancer.TestContainerBalancerTask.lambda$genCompletableFuture$15(TestContainerBalancerTask.java:1315)
        at org.apache.hadoop.hdds.scm.container.balancer.TestContainerBalancerTask$$Lambda$432/644499453.get(Unknown Source)
        at java.util.concurrent.CompletableFuture$AsyncSupply.run(CompletableFuture.java:1604)
        at java.lang.Thread.run(Thread.java:750)
"Thread-7"  prio=5 tid=18 timed_waiting
java.lang.Thread.State: TIMED_WAITING
        at java.lang.Thread.sleep(Native Method)
        at org.apache.hadoop.hdds.scm.container.balancer.TestContainerBalancerTask.lambda$genCompletableFuture$15(TestContainerBalancerTask.java:1315)
        at org.apache.hadoop.hdds.scm.container.balancer.TestContainerBalancerTask$$Lambda$432/644499453.get(Unknown Source)
        at java.util.concurrent.CompletableFuture$AsyncSupply.run(CompletableFuture.java:1604)
        at java.lang.Thread.run(Thread.java:750)
"Thread-9"  prio=5 tid=20 timed_waiting
java.lang.Thread.State: TIMED_WAITING
        at java.lang.Thread.sleep(Native Method)
        at org.apache.hadoop.hdds.scm.container.balancer.TestContainerBalancerTask.lambda$genCompletableFuture$15(TestContainerBalancerTask.java:1315)
        at org.apache.hadoop.hdds.scm.container.balancer.TestContainerBalancerTask$$Lambda$432/644499453.get(Unknown Source)
        at java.util.concurrent.CompletableFuture$AsyncSupply.run(CompletableFuture.java:1604)
        at java.lang.Thread.run(Thread.java:750)
"Finalizer" daemon prio=8 tid=3 in Object.wait()
java.lang.Thread.State: WAITING (on object monitor)
        at java.lang.Object.wait(Native Method)
        at java.lang.ref.ReferenceQueue.remove(ReferenceQueue.java:144)
        at java.lang.ref.ReferenceQueue.remove(ReferenceQueue.java:165)
        at java.lang.ref.Finalizer$FinalizerThread.run(Finalizer.java:188)


	at org.apache.ozone.test.GenericTestUtils.waitFor(GenericTestUtils.java:232)
	at org.apache.hadoop.hdds.scm.container.balancer.TestContainerBalancerTask.testDelayedStart(TestContainerBalancerTask.java:1069)
	at sun.reflect.NativeMethodAccessorImpl.invoke0(Native Method)
	at sun.reflect.NativeMethodAccessorImpl.invoke(NativeMethodAccessorImpl.java:62)
	at sun.reflect.DelegatingMethodAccessorImpl.invoke(DelegatingMethodAccessorImpl.java:43)
	at java.lang.reflect.Method.invoke(Method.java:498)
	at org.junit.platform.commons.util.ReflectionUtils.invokeMethod(ReflectionUtils.java:725)
	at org.junit.jupiter.engine.execution.MethodInvocation.proceed(MethodInvocation.java:60)
	at org.junit.jupiter.engine.execution.InvocationInterceptorChain$ValidatingInvocation.proceed(InvocationInterceptorChain.java:131)
	at org.junit.jupiter.engine.extension.TimeoutExtension.intercept(TimeoutExtension.java:149)
	at org.junit.jupiter.engine.extension.TimeoutExtension.interceptTestableMethod(TimeoutExtension.java:140)
	at org.junit.jupiter.engine.extension.TimeoutExtension.interceptTestMethod(TimeoutExtension.java:84)
	at org.junit.jupiter.engine.execution.ExecutableInvoker$ReflectiveInterceptorCall.lambda$ofVoidMethod$0(ExecutableInvoker.java:115)
	at org.junit.jupiter.engine.execution.ExecutableInvoker.lambda$invoke$0(ExecutableInvoker.java:105)
	at org.junit.jupiter.engine.execution.InvocationInterceptorChain$InterceptedInvocation.proceed(InvocationInterceptorChain.java:106)
	at org.junit.jupiter.engine.execution.InvocationInterceptorChain.proceed(InvocationInterceptorChain.java:64)
	at org.junit.jupiter.engine.execution.InvocationInterceptorChain.chainAndInvoke(InvocationInterceptorChain.java:45)
	at org.junit.jupiter.engine.execution.InvocationInterceptorChain.invoke(InvocationInterceptorChain.java:37)
	at org.junit.jupiter.engine.execution.ExecutableInvoker.invoke(ExecutableInvoker.java:104)
	at org.junit.jupiter.engine.execution.ExecutableInvoker.invoke(ExecutableInvoker.java:98)
	at org.junit.jupiter.engine.descriptor.TestMethodTestDescriptor.lambda$invokeTestMethod$7(TestMethodTestDescriptor.java:214)
	at org.junit.platform.engine.support.hierarchical.ThrowableCollector.execute(ThrowableCollector.java:73)
	at org.junit.jupiter.engine.descriptor.TestMethodTestDescriptor.invokeTestMethod(TestMethodTestDescriptor.java:210)
	at org.junit.jupiter.engine.descriptor.TestMethodTestDescriptor.execute(TestMethodTestDescriptor.java:135)
	at org.junit.jupiter.engine.descriptor.TestMethodTestDescriptor.execute(TestMethodTestDescriptor.java:66)
	at org.junit.platform.engine.support.hierarchical.NodeTestTask.lambda$executeRecursively$6(NodeTestTask.java:151)
	at org.junit.platform.engine.support.hierarchical.ThrowableCollector.execute(ThrowableCollector.java:73)
	at org.junit.platform.engine.support.hierarchical.NodeTestTask.lambda$executeRecursively$8(NodeTestTask.java:141)
	at org.junit.platform.engine.support.hierarchical.Node.around(Node.java:137)
	at org.junit.platform.engine.support.hierarchical.NodeTestTask.lambda$executeRecursively$9(NodeTestTask.java:139)
	at org.junit.platform.engine.support.hierarchical.ThrowableCollector.execute(ThrowableCollector.java:73)
	at org.junit.platform.engine.support.hierarchical.NodeTestTask.executeRecursively(NodeTestTask.java:138)
	at org.junit.platform.engine.support.hierarchical.NodeTestTask.execute(NodeTestTask.java:95)
	at java.util.ArrayList.forEach(ArrayList.java:1259)
	at org.junit.platform.engine.support.hierarchical.SameThreadHierarchicalTestExecutorService.invokeAll(SameThreadHierarchicalTestExecutorService.java:41)
	at org.junit.platform.engine.support.hierarchical.NodeTestTask.lambda$executeRecursively$6(NodeTestTask.java:155)
	at org.junit.platform.engine.support.hierarchical.ThrowableCollector.execute(ThrowableCollector.java:73)
	at org.junit.platform.engine.support.hierarchical.NodeTestTask.lambda$executeRecursively$8(NodeTestTask.java:141)
	at org.junit.platform.engine.support.hierarchical.Node.around(Node.java:137)
	at org.junit.platform.engine.support.hierarchical.NodeTestTask.lambda$executeRecursively$9(NodeTestTask.java:139)
	at org.junit.platform.engine.support.hierarchical.ThrowableCollector.execute(ThrowableCollector.java:73)
	at org.junit.platform.engine.support.hierarchical.NodeTestTask.executeRecursively(NodeTestTask.java:138)
	at org.junit.platform.engine.support.hierarchical.NodeTestTask.execute(NodeTestTask.java:95)
	at java.util.ArrayList.forEach(ArrayList.java:1259)
	at org.junit.platform.engine.support.hierarchical.SameThreadHierarchicalTestExecutorService.invokeAll(SameThreadHierarchicalTestExecutorService.java:41)
	at org.junit.platform.engine.support.hierarchical.NodeTestTask.lambda$executeRecursively$6(NodeTestTask.java:155)
	at org.junit.platform.engine.support.hierarchical.ThrowableCollector.execute(ThrowableCollector.java:73)
	at org.junit.platform.engine.support.hierarchical.NodeTestTask.lambda$executeRecursively$8(NodeTestTask.java:141)
	at org.junit.platform.engine.support.hierarchical.Node.around(Node.java:137)
	at org.junit.platform.engine.support.hierarchical.NodeTestTask.lambda$executeRecursively$9(NodeTestTask.java:139)
	at org.junit.platform.engine.support.hierarchical.ThrowableCollector.execute(ThrowableCollector.java:73)
	at org.junit.platform.engine.support.hierarchical.NodeTestTask.executeRecursively(NodeTestTask.java:138)
	at org.junit.platform.engine.support.hierarchical.NodeTestTask.execute(NodeTestTask.java:95)
	at org.junit.platform.engine.support.hierarchical.SameThreadHierarchicalTestExecutorService.submit(SameThreadHierarchicalTestExecutorService.java:35)
	at org.junit.platform.engine.support.hierarchical.HierarchicalTestExecutor.execute(HierarchicalTestExecutor.java:57)
	at org.junit.platform.engine.support.hierarchical.HierarchicalTestEngine.execute(HierarchicalTestEngine.java:54)
	at org.junit.platform.launcher.core.EngineExecutionOrchestrator.execute(EngineExecutionOrchestrator.java:107)
	at org.junit.platform.launcher.core.EngineExecutionOrchestrator.execute(EngineExecutionOrchestrator.java:88)
	at org.junit.platform.launcher.core.EngineExecutionOrchestrator.lambda$execute$0(EngineExecutionOrchestrator.java:54)
	at org.junit.platform.launcher.core.EngineExecutionOrchestrator.withInterceptedStreams(EngineExecutionOrchestrator.java:67)
	at org.junit.platform.launcher.core.EngineExecutionOrchestrator.execute(EngineExecutionOrchestrator.java:52)
	at org.junit.platform.launcher.core.DefaultLauncher.execute(DefaultLauncher.java:114)
	at org.junit.platform.launcher.core.DefaultLauncher.execute(DefaultLauncher.java:86)
	at org.junit.platform.launcher.core.DefaultLauncherSession$DelegatingLauncher.execute(DefaultLauncherSession.java:86)
	at org.junit.platform.launcher.core.SessionPerRequestLauncher.execute(SessionPerRequestLauncher.java:53)
	at org.apache.maven.surefire.junitplatform.JUnitPlatformProvider.execute(JUnitPlatformProvider.java:188)
	at org.apache.maven.surefire.junitplatform.JUnitPlatformProvider.invokeAllTests(JUnitPlatformProvider.java:154)
	at org.apache.maven.surefire.junitplatform.JUnitPlatformProvider.invoke(JUnitPlatformProvider.java:124)
	at org.apache.maven.surefire.booter.ForkedBooter.runSuitesInProcess(ForkedBooter.java:428)
	at org.apache.maven.surefire.booter.ForkedBooter.execute(ForkedBooter.java:162)
	at org.apache.maven.surefire.booter.ForkedBooter.run(ForkedBooter.java:562)
	at org.apache.maven.surefire.booter.ForkedBooter.main(ForkedBooter.java:548)
]]></error>
    <system-out><![CDATA[2023-06-18 19:16:02,398 [main] INFO  net.NodeSchemaLoader (NodeSchemaLoader.java:loadSchemaFromFile(129)) - Loading schema from [file:/home/runner/work/ozone/ozone/hadoop-hdds/common/target/classes/network-topology-default.xml]
2023-06-18 19:16:02,398 [main] INFO  net.NodeSchemaLoader (NodeSchemaLoader.java:loadSchema(176)) - Loading network topology layer schema file
2023-06-18 19:16:02,400 [main] INFO  net.NetworkTopologyImpl (NetworkTopologyImpl.java:add(112)) - Added a new node: /default-rack/896a54b8-409e-4052-92d4-57657691191c
2023-06-18 19:16:02,402 [main] INFO  net.NetworkTopologyImpl (NetworkTopologyImpl.java:add(112)) - Added a new node: /default-rack/2c6d8810-d01b-492c-9cc2-1eedf90e0879
2023-06-18 19:16:02,403 [main] INFO  net.NetworkTopologyImpl (NetworkTopologyImpl.java:add(112)) - Added a new node: /default-rack/a23c697a-b5d8-4fc4-85b8-e6c0475ec138
2023-06-18 19:16:02,403 [main] INFO  net.NetworkTopologyImpl (NetworkTopologyImpl.java:add(112)) - Added a new node: /default-rack/c9de2b3c-0e83-4bae-b08c-30df3be4c95e
2023-06-18 19:16:02,403 [main] INFO  net.NetworkTopologyImpl (NetworkTopologyImpl.java:add(112)) - Added a new node: /default-rack/c13aa93a-7c43-4407-847b-aa2bf233fa30
2023-06-18 19:16:02,403 [main] INFO  net.NetworkTopologyImpl (NetworkTopologyImpl.java:add(112)) - Added a new node: /default-rack/6899221c-d89a-4a9e-b25b-c572a6a5cd37
2023-06-18 19:16:02,403 [main] INFO  net.NetworkTopologyImpl (NetworkTopologyImpl.java:add(112)) - Added a new node: /default-rack/d5e62b1a-84cb-4fb8-9f90-ba18e5f0496b
2023-06-18 19:16:02,403 [main] INFO  net.NetworkTopologyImpl (NetworkTopologyImpl.java:add(112)) - Added a new node: /default-rack/621e1fff-3996-4395-85be-65849cd23834
2023-06-18 19:16:02,403 [main] INFO  net.NetworkTopologyImpl (NetworkTopologyImpl.java:add(112)) - Added a new node: /default-rack/de957885-5c77-4712-956a-04de27c3886d
2023-06-18 19:16:02,404 [main] INFO  net.NetworkTopologyImpl (NetworkTopologyImpl.java:add(112)) - Added a new node: /default-rack/8c8b03f5-c095-41b5-9144-ce8fef86cbdc
2023-06-18 19:16:02,404 [main] INFO  algorithms.ContainerPlacementPolicyFactory (ContainerPlacementPolicyFactory.java:getPolicyInternal(86)) - Create container placement policy of type org.apache.hadoop.hdds.scm.container.placement.algorithms.SCMContainerPlacementRackAware
2023-06-18 19:16:02,405 [main] INFO  algorithms.ContainerPlacementPolicyFactory (ContainerPlacementPolicyFactory.java:getPolicyInternal(86)) - Create container placement policy of type org.apache.hadoop.hdds.scm.container.placement.algorithms.SCMContainerPlacementRackScatter
2023-06-18 19:16:02,413 [Thread-24] INFO  balancer.ContainerBalancerTask (ContainerBalancerTask.java:run(175)) - ContainerBalancer will sleep for 10 seconds before starting balancing.
2023-06-18 19:16:02,414 [Thread-24] ERROR balancer.ContainerBalancerTask (ContainerBalancerTask.java:run(181)) - Container Balancer is stopped abnormally, 
java.lang.InterruptedException: sleep interrupted
	at java.lang.Thread.sleep(Native Method)
	at org.apache.hadoop.hdds.scm.container.balancer.ContainerBalancerTask.run(ContainerBalancerTask.java:177)
	at java.lang.Thread.run(Thread.java:750)
]]></system-out>
  </testcase>
  <testcase name="checkIterationResultException" classname="org.apache.hadoop.hdds.scm.container.balancer.TestContainerBalancerTask" time="0.119">
    <system-out><![CDATA[2023-06-18 19:16:02,514 [main] INFO  net.NodeSchemaLoader (NodeSchemaLoader.java:loadSchemaFromFile(129)) - Loading schema from [file:/home/runner/work/ozone/ozone/hadoop-hdds/common/target/classes/network-topology-default.xml]
2023-06-18 19:16:02,515 [main] INFO  net.NodeSchemaLoader (NodeSchemaLoader.java:loadSchema(176)) - Loading network topology layer schema file
2023-06-18 19:16:02,518 [main] INFO  net.NetworkTopologyImpl (NetworkTopologyImpl.java:add(112)) - Added a new node: /default-rack/b5a9f0fd-2af8-4e8f-9f66-3f2fe082f9bb
2023-06-18 19:16:02,519 [main] INFO  net.NetworkTopologyImpl (NetworkTopologyImpl.java:add(112)) - Added a new node: /default-rack/9607fe16-4bdb-4265-b17a-081bb54cfbf6
2023-06-18 19:16:02,519 [main] INFO  net.NetworkTopologyImpl (NetworkTopologyImpl.java:add(112)) - Added a new node: /default-rack/de062ac6-aca0-43ef-8636-48a1615d2b11
2023-06-18 19:16:02,519 [main] INFO  net.NetworkTopologyImpl (NetworkTopologyImpl.java:add(112)) - Added a new node: /default-rack/888a8e1b-738c-4ab6-875e-b455dcb7827d
2023-06-18 19:16:02,519 [main] INFO  net.NetworkTopologyImpl (NetworkTopologyImpl.java:add(112)) - Added a new node: /default-rack/405431ed-615d-4131-ab7d-17635fdc4adb
2023-06-18 19:16:02,519 [main] INFO  net.NetworkTopologyImpl (NetworkTopologyImpl.java:add(112)) - Added a new node: /default-rack/d87866b3-26f2-45f5-a578-b9934afef4d5
2023-06-18 19:16:02,519 [main] INFO  net.NetworkTopologyImpl (NetworkTopologyImpl.java:add(112)) - Added a new node: /default-rack/ec7c3d6a-9721-4560-8ee5-90f8eef25e25
2023-06-18 19:16:02,520 [main] INFO  net.NetworkTopologyImpl (NetworkTopologyImpl.java:add(112)) - Added a new node: /default-rack/87a344df-712c-4c90-bda8-028c81194293
2023-06-18 19:16:02,520 [main] INFO  net.NetworkTopologyImpl (NetworkTopologyImpl.java:add(112)) - Added a new node: /default-rack/88220b87-19d7-4bf3-badf-6bd2acca6b28
2023-06-18 19:16:02,520 [main] INFO  net.NetworkTopologyImpl (NetworkTopologyImpl.java:add(112)) - Added a new node: /default-rack/14db6598-bc82-4e37-adaa-3d7f874881a4
2023-06-18 19:16:02,520 [main] INFO  algorithms.ContainerPlacementPolicyFactory (ContainerPlacementPolicyFactory.java:getPolicyInternal(86)) - Create container placement policy of type org.apache.hadoop.hdds.scm.container.placement.algorithms.SCMContainerPlacementRackAware
2023-06-18 19:16:02,520 [main] INFO  algorithms.ContainerPlacementPolicyFactory (ContainerPlacementPolicyFactory.java:getPolicyInternal(86)) - Create container placement policy of type org.apache.hadoop.hdds.scm.container.placement.algorithms.SCMContainerPlacementRackScatter
2023-06-18 19:16:02,532 [main] DEBUG balancer.ContainerBalancerTask (ContainerBalancerTask.java:initializeIteration(374)) - Average utilization of the cluster is 0.341135011741252
2023-06-18 19:16:02,532 [main] DEBUG balancer.ContainerBalancerTask (ContainerBalancerTask.java:initializeIteration(386)) - Lower limit for utilization is 0.241135011741252 and Upper limit for utilization is 0.441135011741252
2023-06-18 19:16:02,532 [main] DEBUG balancer.ContainerBalancerTask (ContainerBalancerTask.java:initializeIteration(398)) - Utilization for node 888a8e1b-738c-4ab6-875e-b455dcb7827d with capacity 65617555911B, used 59055800320B, and remaining 6561755591B is 0.900000000001524
2023-06-18 19:16:02,532 [main] DEBUG balancer.ContainerBalancerTask (ContainerBalancerTask.java:initializeIteration(398)) - Utilization for node de062ac6-aca0-43ef-8636-48a1615d2b11 with capacity 55029268480B, used 44023414784B, and remaining 11005853696B is 0.8
2023-06-18 19:16:02,533 [main] DEBUG balancer.ContainerBalancerTask (ContainerBalancerTask.java:initializeIteration(398)) - Utilization for node 88220b87-19d7-4bf3-badf-6bd2acca6b28 with capacity 59822758765B, used 41875931136B, and remaining 17946827629B is 0.700000000008358
2023-06-18 19:16:02,533 [main] DEBUG balancer.ContainerBalancerTask (ContainerBalancerTask.java:initializeIteration(398)) - Utilization for node d87866b3-26f2-45f5-a578-b9934afef4d5 with capacity 87688915626B, used 52613349376B, and remaining 35075566250B is 0.6000000000045616
2023-06-18 19:16:02,533 [main] DEBUG balancer.ContainerBalancerTask (ContainerBalancerTask.java:initializeIteration(398)) - Utilization for node ec7c3d6a-9721-4560-8ee5-90f8eef25e25 with capacity 92341796864B, used 46170898432B, and remaining 46170898432B is 0.5
2023-06-18 19:16:02,533 [main] DEBUG balancer.ContainerBalancerTask (ContainerBalancerTask.java:initializeIteration(398)) - Utilization for node 9607fe16-4bdb-4265-b17a-081bb54cfbf6 with capacity 118111600640B, used 47244640256B, and remaining 70866960384B is 0.4
2023-06-18 19:16:02,533 [main] DEBUG balancer.ContainerBalancerTask (ContainerBalancerTask.java:initializeIteration(398)) - Utilization for node 87a344df-712c-4c90-bda8-028c81194293 with capacity 157482134186B, used 47244640256B, and remaining 110237493930B is 0.30000000000127
2023-06-18 19:16:02,533 [main] DEBUG balancer.ContainerBalancerTask (ContainerBalancerTask.java:initializeIteration(398)) - Utilization for node 405431ed-615d-4131-ab7d-17635fdc4adb with capacity 134217728000B, used 26843545600B, and remaining 107374182400B is 0.2
2023-06-18 19:16:02,533 [main] DEBUG balancer.ContainerBalancerTask (ContainerBalancerTask.java:initializeIteration(398)) - Utilization for node b5a9f0fd-2af8-4e8f-9f66-3f2fe082f9bb with capacity 354334801920B, used 35433480192B, and remaining 318901321728B is 0.1
2023-06-18 19:16:02,533 [main] DEBUG balancer.ContainerBalancerTask (ContainerBalancerTask.java:initializeIteration(398)) - Utilization for node 14db6598-bc82-4e37-adaa-3d7f874881a4 with capacity 49392123904B, used 0B, and remaining 49392123904B is 0.0
2023-06-18 19:16:02,533 [main] INFO  balancer.ContainerBalancerTask (ContainerBalancerTask.java:initializeIteration(447)) - Container Balancer has identified 5 Over-Utilized and 3 Under-Utilized Datanodes that need to be balanced.
2023-06-18 19:16:02,534 [main] DEBUG balancer.ContainerBalancerTask (ContainerBalancerTask.java:lambda$initializeIteration$1(453)) - Datanode localhost-61.234.119.34 888a8e1b-738c-4ab6-875e-b455dcb7827d is Over-Utilized.
2023-06-18 19:16:02,534 [main] DEBUG balancer.ContainerBalancerTask (ContainerBalancerTask.java:lambda$initializeIteration$1(453)) - Datanode localhost-143.24.203.70 de062ac6-aca0-43ef-8636-48a1615d2b11 is Over-Utilized.
2023-06-18 19:16:02,534 [main] DEBUG balancer.ContainerBalancerTask (ContainerBalancerTask.java:lambda$initializeIteration$1(453)) - Datanode localhost-183.198.102.207 88220b87-19d7-4bf3-badf-6bd2acca6b28 is Over-Utilized.
2023-06-18 19:16:02,534 [main] DEBUG balancer.ContainerBalancerTask (ContainerBalancerTask.java:lambda$initializeIteration$1(453)) - Datanode localhost-177.59.149.163 d87866b3-26f2-45f5-a578-b9934afef4d5 is Over-Utilized.
2023-06-18 19:16:02,534 [main] DEBUG balancer.ContainerBalancerTask (ContainerBalancerTask.java:lambda$initializeIteration$1(453)) - Datanode localhost-203.131.143.114 ec7c3d6a-9721-4560-8ee5-90f8eef25e25 is Over-Utilized.
2023-06-18 19:16:02,534 [main] DEBUG balancer.ContainerBalancerTask (ContainerBalancerTask.java:lambda$initializeIteration$2(459)) - Datanode localhost-90.107.211.151 14db6598-bc82-4e37-adaa-3d7f874881a4 is Under-Utilized.
2023-06-18 19:16:02,534 [main] DEBUG balancer.ContainerBalancerTask (ContainerBalancerTask.java:lambda$initializeIteration$2(459)) - Datanode localhost-146.94.121.39 b5a9f0fd-2af8-4e8f-9f66-3f2fe082f9bb is Under-Utilized.
2023-06-18 19:16:02,534 [main] DEBUG balancer.ContainerBalancerTask (ContainerBalancerTask.java:lambda$initializeIteration$2(459)) - Datanode localhost-34.194.13.19 405431ed-615d-4131-ab7d-17635fdc4adb is Under-Utilized.
2023-06-18 19:16:02,538 [main] DEBUG balancer.ContainerBalancerTask (ContainerBalancerTask.java:matchSourceWithTarget(706)) - ContainerBalancer is finding suitable target for source datanode 888a8e1b-738c-4ab6-875e-b455dcb7827d
2023-06-18 19:16:02,538 [main] INFO  balancer.ContainerBalancerTask (ContainerBalancerTask.java:matchSourceWithTarget(720)) - ContainerBalancer matched source datanode 888a8e1b-738c-4ab6-875e-b455dcb7827d with target datanode 14db6598-bc82-4e37-adaa-3d7f874881a4 for container move.
2023-06-18 19:16:02,539 [main] INFO  balancer.ContainerBalancerTask (ContainerBalancerTask.java:processMoveSelection(569)) - ContainerBalancer is trying to move container #84 with size 4294967296B from source datanode 888a8e1b-738c-4ab6-875e-b455dcb7827d to target datanode 14db6598-bc82-4e37-adaa-3d7f874881a4
2023-06-18 19:16:02,539 [main] INFO  balancer.ContainerBalancerTask (ContainerBalancerTask.java:lambda$moveContainer$3(824)) - Container move for container #84 from source 888a8e1b-738c-4ab6-875e-b455dcb7827d to target 14db6598-bc82-4e37-adaa-3d7f874881a4 failed with exceptions.
java.util.concurrent.CompletionException: java.lang.RuntimeException: Runtime Exception after doing work
	at java.util.concurrent.CompletableFuture.encodeThrowable(CompletableFuture.java:273)
	at java.util.concurrent.CompletableFuture.completeThrowable(CompletableFuture.java:280)
	at java.util.concurrent.CompletableFuture$AsyncSupply.run(CompletableFuture.java:1606)
	at java.lang.Thread.run(Thread.java:750)
Caused by: java.lang.RuntimeException: Runtime Exception after doing work
	at org.apache.hadoop.hdds.scm.container.balancer.TestContainerBalancerTask.lambda$checkIterationResultException$10(TestContainerBalancerTask.java:994)
	at java.util.concurrent.CompletableFuture$AsyncSupply.run(CompletableFuture.java:1604)
	... 1 more
2023-06-18 19:16:02,542 [main] DEBUG balancer.ContainerBalancerTask (ContainerBalancerTask.java:matchSourceWithTarget(706)) - ContainerBalancer is finding suitable target for source datanode de062ac6-aca0-43ef-8636-48a1615d2b11
2023-06-18 19:16:02,542 [main] INFO  balancer.ContainerBalancerTask (ContainerBalancerTask.java:matchSourceWithTarget(720)) - ContainerBalancer matched source datanode de062ac6-aca0-43ef-8636-48a1615d2b11 with target datanode 14db6598-bc82-4e37-adaa-3d7f874881a4 for container move.
2023-06-18 19:16:02,542 [main] INFO  balancer.ContainerBalancerTask (ContainerBalancerTask.java:processMoveSelection(569)) - ContainerBalancer is trying to move container #68 with size 5368709120B from source datanode de062ac6-aca0-43ef-8636-48a1615d2b11 to target datanode 14db6598-bc82-4e37-adaa-3d7f874881a4
2023-06-18 19:16:02,543 [main] WARN  balancer.ContainerBalancerTask (ContainerBalancerTask.java:moveContainer(848)) - Could not find Container #68 for container move
org.apache.hadoop.hdds.scm.container.ContainerNotFoundException: Test Container not found
	at org.apache.hadoop.hdds.scm.container.replication.ReplicationManager.move(ReplicationManager.java:1422)
	at org.apache.hadoop.hdds.scm.container.balancer.ContainerBalancerTask.moveContainer(ContainerBalancerTask.java:815)
	at org.apache.hadoop.hdds.scm.container.balancer.ContainerBalancerTask.processMoveSelection(ContainerBalancerTask.java:576)
	at org.apache.hadoop.hdds.scm.container.balancer.ContainerBalancerTask.doIteration(ContainerBalancerTask.java:534)
	at org.apache.hadoop.hdds.scm.container.balancer.ContainerBalancerTask.balance(ContainerBalancerTask.java:257)
	at org.apache.hadoop.hdds.scm.container.balancer.ContainerBalancerTask.run(ContainerBalancerTask.java:179)
	at org.apache.hadoop.hdds.scm.container.balancer.TestContainerBalancerTask.startBalancer(TestContainerBalancerTask.java:1304)
	at org.apache.hadoop.hdds.scm.container.balancer.TestContainerBalancerTask.checkIterationResultException(TestContainerBalancerTask.java:1007)
	at sun.reflect.NativeMethodAccessorImpl.invoke0(Native Method)
	at sun.reflect.NativeMethodAccessorImpl.invoke(NativeMethodAccessorImpl.java:62)
	at sun.reflect.DelegatingMethodAccessorImpl.invoke(DelegatingMethodAccessorImpl.java:43)
	at java.lang.reflect.Method.invoke(Method.java:498)
	at org.junit.platform.commons.util.ReflectionUtils.invokeMethod(ReflectionUtils.java:725)
	at org.junit.jupiter.engine.execution.MethodInvocation.proceed(MethodInvocation.java:60)
	at org.junit.jupiter.engine.execution.InvocationInterceptorChain$ValidatingInvocation.proceed(InvocationInterceptorChain.java:131)
	at org.junit.jupiter.engine.extension.TimeoutExtension.intercept(TimeoutExtension.java:149)
	at org.junit.jupiter.engine.extension.TimeoutExtension.interceptTestableMethod(TimeoutExtension.java:140)
	at org.junit.jupiter.engine.extension.TimeoutExtension.interceptTestMethod(TimeoutExtension.java:84)
	at org.junit.jupiter.engine.execution.ExecutableInvoker$ReflectiveInterceptorCall.lambda$ofVoidMethod$0(ExecutableInvoker.java:115)
	at org.junit.jupiter.engine.execution.ExecutableInvoker.lambda$invoke$0(ExecutableInvoker.java:105)
	at org.junit.jupiter.engine.execution.InvocationInterceptorChain$InterceptedInvocation.proceed(InvocationInterceptorChain.java:106)
	at org.junit.jupiter.engine.execution.InvocationInterceptorChain.proceed(InvocationInterceptorChain.java:64)
	at org.junit.jupiter.engine.execution.InvocationInterceptorChain.chainAndInvoke(InvocationInterceptorChain.java:45)
	at org.junit.jupiter.engine.execution.InvocationInterceptorChain.invoke(InvocationInterceptorChain.java:37)
	at org.junit.jupiter.engine.execution.ExecutableInvoker.invoke(ExecutableInvoker.java:104)
	at org.junit.jupiter.engine.execution.ExecutableInvoker.invoke(ExecutableInvoker.java:98)
	at org.junit.jupiter.engine.descriptor.TestMethodTestDescriptor.lambda$invokeTestMethod$7(TestMethodTestDescriptor.java:214)
	at org.junit.platform.engine.support.hierarchical.ThrowableCollector.execute(ThrowableCollector.java:73)
	at org.junit.jupiter.engine.descriptor.TestMethodTestDescriptor.invokeTestMethod(TestMethodTestDescriptor.java:210)
	at org.junit.jupiter.engine.descriptor.TestMethodTestDescriptor.execute(TestMethodTestDescriptor.java:135)
	at org.junit.jupiter.engine.descriptor.TestMethodTestDescriptor.execute(TestMethodTestDescriptor.java:66)
	at org.junit.platform.engine.support.hierarchical.NodeTestTask.lambda$executeRecursively$6(NodeTestTask.java:151)
	at org.junit.platform.engine.support.hierarchical.ThrowableCollector.execute(ThrowableCollector.java:73)
	at org.junit.platform.engine.support.hierarchical.NodeTestTask.lambda$executeRecursively$8(NodeTestTask.java:141)
	at org.junit.platform.engine.support.hierarchical.Node.around(Node.java:137)
	at org.junit.platform.engine.support.hierarchical.NodeTestTask.lambda$executeRecursively$9(NodeTestTask.java:139)
	at org.junit.platform.engine.support.hierarchical.ThrowableCollector.execute(ThrowableCollector.java:73)
	at org.junit.platform.engine.support.hierarchical.NodeTestTask.executeRecursively(NodeTestTask.java:138)
	at org.junit.platform.engine.support.hierarchical.NodeTestTask.execute(NodeTestTask.java:95)
	at java.util.ArrayList.forEach(ArrayList.java:1259)
	at org.junit.platform.engine.support.hierarchical.SameThreadHierarchicalTestExecutorService.invokeAll(SameThreadHierarchicalTestExecutorService.java:41)
	at org.junit.platform.engine.support.hierarchical.NodeTestTask.lambda$executeRecursively$6(NodeTestTask.java:155)
	at org.junit.platform.engine.support.hierarchical.ThrowableCollector.execute(ThrowableCollector.java:73)
	at org.junit.platform.engine.support.hierarchical.NodeTestTask.lambda$executeRecursively$8(NodeTestTask.java:141)
	at org.junit.platform.engine.support.hierarchical.Node.around(Node.java:137)
	at org.junit.platform.engine.support.hierarchical.NodeTestTask.lambda$executeRecursively$9(NodeTestTask.java:139)
	at org.junit.platform.engine.support.hierarchical.ThrowableCollector.execute(ThrowableCollector.java:73)
	at org.junit.platform.engine.support.hierarchical.NodeTestTask.executeRecursively(NodeTestTask.java:138)
	at org.junit.platform.engine.support.hierarchical.NodeTestTask.execute(NodeTestTask.java:95)
	at java.util.ArrayList.forEach(ArrayList.java:1259)
	at org.junit.platform.engine.support.hierarchical.SameThreadHierarchicalTestExecutorService.invokeAll(SameThreadHierarchicalTestExecutorService.java:41)
	at org.junit.platform.engine.support.hierarchical.NodeTestTask.lambda$executeRecursively$6(NodeTestTask.java:155)
	at org.junit.platform.engine.support.hierarchical.ThrowableCollector.execute(ThrowableCollector.java:73)
	at org.junit.platform.engine.support.hierarchical.NodeTestTask.lambda$executeRecursively$8(NodeTestTask.java:141)
	at org.junit.platform.engine.support.hierarchical.Node.around(Node.java:137)
	at org.junit.platform.engine.support.hierarchical.NodeTestTask.lambda$executeRecursively$9(NodeTestTask.java:139)
	at org.junit.platform.engine.support.hierarchical.ThrowableCollector.execute(ThrowableCollector.java:73)
	at org.junit.platform.engine.support.hierarchical.NodeTestTask.executeRecursively(NodeTestTask.java:138)
	at org.junit.platform.engine.support.hierarchical.NodeTestTask.execute(NodeTestTask.java:95)
	at org.junit.platform.engine.support.hierarchical.SameThreadHierarchicalTestExecutorService.submit(SameThreadHierarchicalTestExecutorService.java:35)
	at org.junit.platform.engine.support.hierarchical.HierarchicalTestExecutor.execute(HierarchicalTestExecutor.java:57)
	at org.junit.platform.engine.support.hierarchical.HierarchicalTestEngine.execute(HierarchicalTestEngine.java:54)
	at org.junit.platform.launcher.core.EngineExecutionOrchestrator.execute(EngineExecutionOrchestrator.java:107)
	at org.junit.platform.launcher.core.EngineExecutionOrchestrator.execute(EngineExecutionOrchestrator.java:88)
	at org.junit.platform.launcher.core.EngineExecutionOrchestrator.lambda$execute$0(EngineExecutionOrchestrator.java:54)
	at org.junit.platform.launcher.core.EngineExecutionOrchestrator.withInterceptedStreams(EngineExecutionOrchestrator.java:67)
	at org.junit.platform.launcher.core.EngineExecutionOrchestrator.execute(EngineExecutionOrchestrator.java:52)
	at org.junit.platform.launcher.core.DefaultLauncher.execute(DefaultLauncher.java:114)
	at org.junit.platform.launcher.core.DefaultLauncher.execute(DefaultLauncher.java:86)
	at org.junit.platform.launcher.core.DefaultLauncherSession$DelegatingLauncher.execute(DefaultLauncherSession.java:86)
	at org.junit.platform.launcher.core.SessionPerRequestLauncher.execute(SessionPerRequestLauncher.java:53)
	at org.apache.maven.surefire.junitplatform.JUnitPlatformProvider.execute(JUnitPlatformProvider.java:188)
	at org.apache.maven.surefire.junitplatform.JUnitPlatformProvider.invokeAllTests(JUnitPlatformProvider.java:154)
	at org.apache.maven.surefire.junitplatform.JUnitPlatformProvider.invoke(JUnitPlatformProvider.java:124)
	at org.apache.maven.surefire.booter.ForkedBooter.runSuitesInProcess(ForkedBooter.java:428)
	at org.apache.maven.surefire.booter.ForkedBooter.execute(ForkedBooter.java:162)
	at org.apache.maven.surefire.booter.ForkedBooter.run(ForkedBooter.java:562)
	at org.apache.maven.surefire.booter.ForkedBooter.main(ForkedBooter.java:548)
2023-06-18 19:16:02,546 [main] DEBUG balancer.ContainerBalancerTask (ContainerBalancerTask.java:matchSourceWithTarget(706)) - ContainerBalancer is finding suitable target for source datanode 88220b87-19d7-4bf3-badf-6bd2acca6b28
2023-06-18 19:16:02,546 [main] INFO  balancer.ContainerBalancerTask (ContainerBalancerTask.java:matchSourceWithTarget(720)) - ContainerBalancer matched source datanode 88220b87-19d7-4bf3-badf-6bd2acca6b28 with target datanode 14db6598-bc82-4e37-adaa-3d7f874881a4 for container move.
2023-06-18 19:16:02,546 [main] INFO  balancer.ContainerBalancerTask (ContainerBalancerTask.java:processMoveSelection(569)) - ContainerBalancer is trying to move container #68 with size 5368709120B from source datanode 88220b87-19d7-4bf3-badf-6bd2acca6b28 to target datanode 14db6598-bc82-4e37-adaa-3d7f874881a4
2023-06-18 19:16:02,547 [main] INFO  balancer.ContainerBalancerTask (ContainerBalancerTask.java:lambda$moveContainer$3(824)) - Container move for container #68 from source 88220b87-19d7-4bf3-badf-6bd2acca6b28 to target 14db6598-bc82-4e37-adaa-3d7f874881a4 failed with exceptions.
java.lang.RuntimeException: Runtime Exception
	at org.apache.hadoop.hdds.scm.container.balancer.TestContainerBalancerTask.checkIterationResultException(TestContainerBalancerTask.java:985)
	at sun.reflect.NativeMethodAccessorImpl.invoke0(Native Method)
	at sun.reflect.NativeMethodAccessorImpl.invoke(NativeMethodAccessorImpl.java:62)
	at sun.reflect.DelegatingMethodAccessorImpl.invoke(DelegatingMethodAccessorImpl.java:43)
	at java.lang.reflect.Method.invoke(Method.java:498)
	at org.junit.platform.commons.util.ReflectionUtils.invokeMethod(ReflectionUtils.java:725)
	at org.junit.jupiter.engine.execution.MethodInvocation.proceed(MethodInvocation.java:60)
	at org.junit.jupiter.engine.execution.InvocationInterceptorChain$ValidatingInvocation.proceed(InvocationInterceptorChain.java:131)
	at org.junit.jupiter.engine.extension.TimeoutExtension.intercept(TimeoutExtension.java:149)
	at org.junit.jupiter.engine.extension.TimeoutExtension.interceptTestableMethod(TimeoutExtension.java:140)
	at org.junit.jupiter.engine.extension.TimeoutExtension.interceptTestMethod(TimeoutExtension.java:84)
	at org.junit.jupiter.engine.execution.ExecutableInvoker$ReflectiveInterceptorCall.lambda$ofVoidMethod$0(ExecutableInvoker.java:115)
	at org.junit.jupiter.engine.execution.ExecutableInvoker.lambda$invoke$0(ExecutableInvoker.java:105)
	at org.junit.jupiter.engine.execution.InvocationInterceptorChain$InterceptedInvocation.proceed(InvocationInterceptorChain.java:106)
	at org.junit.jupiter.engine.execution.InvocationInterceptorChain.proceed(InvocationInterceptorChain.java:64)
	at org.junit.jupiter.engine.execution.InvocationInterceptorChain.chainAndInvoke(InvocationInterceptorChain.java:45)
	at org.junit.jupiter.engine.execution.InvocationInterceptorChain.invoke(InvocationInterceptorChain.java:37)
	at org.junit.jupiter.engine.execution.ExecutableInvoker.invoke(ExecutableInvoker.java:104)
	at org.junit.jupiter.engine.execution.ExecutableInvoker.invoke(ExecutableInvoker.java:98)
	at org.junit.jupiter.engine.descriptor.TestMethodTestDescriptor.lambda$invokeTestMethod$7(TestMethodTestDescriptor.java:214)
	at org.junit.platform.engine.support.hierarchical.ThrowableCollector.execute(ThrowableCollector.java:73)
	at org.junit.jupiter.engine.descriptor.TestMethodTestDescriptor.invokeTestMethod(TestMethodTestDescriptor.java:210)
	at org.junit.jupiter.engine.descriptor.TestMethodTestDescriptor.execute(TestMethodTestDescriptor.java:135)
	at org.junit.jupiter.engine.descriptor.TestMethodTestDescriptor.execute(TestMethodTestDescriptor.java:66)
	at org.junit.platform.engine.support.hierarchical.NodeTestTask.lambda$executeRecursively$6(NodeTestTask.java:151)
	at org.junit.platform.engine.support.hierarchical.ThrowableCollector.execute(ThrowableCollector.java:73)
	at org.junit.platform.engine.support.hierarchical.NodeTestTask.lambda$executeRecursively$8(NodeTestTask.java:141)
	at org.junit.platform.engine.support.hierarchical.Node.around(Node.java:137)
	at org.junit.platform.engine.support.hierarchical.NodeTestTask.lambda$executeRecursively$9(NodeTestTask.java:139)
	at org.junit.platform.engine.support.hierarchical.ThrowableCollector.execute(ThrowableCollector.java:73)
	at org.junit.platform.engine.support.hierarchical.NodeTestTask.executeRecursively(NodeTestTask.java:138)
	at org.junit.platform.engine.support.hierarchical.NodeTestTask.execute(NodeTestTask.java:95)
	at java.util.ArrayList.forEach(ArrayList.java:1259)
	at org.junit.platform.engine.support.hierarchical.SameThreadHierarchicalTestExecutorService.invokeAll(SameThreadHierarchicalTestExecutorService.java:41)
	at org.junit.platform.engine.support.hierarchical.NodeTestTask.lambda$executeRecursively$6(NodeTestTask.java:155)
	at org.junit.platform.engine.support.hierarchical.ThrowableCollector.execute(ThrowableCollector.java:73)
	at org.junit.platform.engine.support.hierarchical.NodeTestTask.lambda$executeRecursively$8(NodeTestTask.java:141)
	at org.junit.platform.engine.support.hierarchical.Node.around(Node.java:137)
	at org.junit.platform.engine.support.hierarchical.NodeTestTask.lambda$executeRecursively$9(NodeTestTask.java:139)
	at org.junit.platform.engine.support.hierarchical.ThrowableCollector.execute(ThrowableCollector.java:73)
	at org.junit.platform.engine.support.hierarchical.NodeTestTask.executeRecursively(NodeTestTask.java:138)
	at org.junit.platform.engine.support.hierarchical.NodeTestTask.execute(NodeTestTask.java:95)
	at java.util.ArrayList.forEach(ArrayList.java:1259)
	at org.junit.platform.engine.support.hierarchical.SameThreadHierarchicalTestExecutorService.invokeAll(SameThreadHierarchicalTestExecutorService.java:41)
	at org.junit.platform.engine.support.hierarchical.NodeTestTask.lambda$executeRecursively$6(NodeTestTask.java:155)
	at org.junit.platform.engine.support.hierarchical.ThrowableCollector.execute(ThrowableCollector.java:73)
	at org.junit.platform.engine.support.hierarchical.NodeTestTask.lambda$executeRecursively$8(NodeTestTask.java:141)
	at org.junit.platform.engine.support.hierarchical.Node.around(Node.java:137)
	at org.junit.platform.engine.support.hierarchical.NodeTestTask.lambda$executeRecursively$9(NodeTestTask.java:139)
	at org.junit.platform.engine.support.hierarchical.ThrowableCollector.execute(ThrowableCollector.java:73)
	at org.junit.platform.engine.support.hierarchical.NodeTestTask.executeRecursively(NodeTestTask.java:138)
	at org.junit.platform.engine.support.hierarchical.NodeTestTask.execute(NodeTestTask.java:95)
	at org.junit.platform.engine.support.hierarchical.SameThreadHierarchicalTestExecutorService.submit(SameThreadHierarchicalTestExecutorService.java:35)
	at org.junit.platform.engine.support.hierarchical.HierarchicalTestExecutor.execute(HierarchicalTestExecutor.java:57)
	at org.junit.platform.engine.support.hierarchical.HierarchicalTestEngine.execute(HierarchicalTestEngine.java:54)
	at org.junit.platform.launcher.core.EngineExecutionOrchestrator.execute(EngineExecutionOrchestrator.java:107)
	at org.junit.platform.launcher.core.EngineExecutionOrchestrator.execute(EngineExecutionOrchestrator.java:88)
	at org.junit.platform.launcher.core.EngineExecutionOrchestrator.lambda$execute$0(EngineExecutionOrchestrator.java:54)
	at org.junit.platform.launcher.core.EngineExecutionOrchestrator.withInterceptedStreams(EngineExecutionOrchestrator.java:67)
	at org.junit.platform.launcher.core.EngineExecutionOrchestrator.execute(EngineExecutionOrchestrator.java:52)
	at org.junit.platform.launcher.core.DefaultLauncher.execute(DefaultLauncher.java:114)
	at org.junit.platform.launcher.core.DefaultLauncher.execute(DefaultLauncher.java:86)
	at org.junit.platform.launcher.core.DefaultLauncherSession$DelegatingLauncher.execute(DefaultLauncherSession.java:86)
	at org.junit.platform.launcher.core.SessionPerRequestLauncher.execute(SessionPerRequestLauncher.java:53)
	at org.apache.maven.surefire.junitplatform.JUnitPlatformProvider.execute(JUnitPlatformProvider.java:188)
	at org.apache.maven.surefire.junitplatform.JUnitPlatformProvider.invokeAllTests(JUnitPlatformProvider.java:154)
	at org.apache.maven.surefire.junitplatform.JUnitPlatformProvider.invoke(JUnitPlatformProvider.java:124)
	at org.apache.maven.surefire.booter.ForkedBooter.runSuitesInProcess(ForkedBooter.java:428)
	at org.apache.maven.surefire.booter.ForkedBooter.execute(ForkedBooter.java:162)
	at org.apache.maven.surefire.booter.ForkedBooter.run(ForkedBooter.java:562)
	at org.apache.maven.surefire.booter.ForkedBooter.main(ForkedBooter.java:548)
2023-06-18 19:16:02,551 [main] DEBUG balancer.ContainerBalancerTask (ContainerBalancerTask.java:matchSourceWithTarget(706)) - ContainerBalancer is finding suitable target for source datanode d87866b3-26f2-45f5-a578-b9934afef4d5
2023-06-18 19:16:02,551 [main] INFO  balancer.ContainerBalancerTask (ContainerBalancerTask.java:matchSourceWithTarget(720)) - ContainerBalancer matched source datanode d87866b3-26f2-45f5-a578-b9934afef4d5 with target datanode 14db6598-bc82-4e37-adaa-3d7f874881a4 for container move.
2023-06-18 19:16:02,551 [main] INFO  balancer.ContainerBalancerTask (ContainerBalancerTask.java:processMoveSelection(569)) - ContainerBalancer is trying to move container #40 with size 5368709120B from source datanode d87866b3-26f2-45f5-a578-b9934afef4d5 to target datanode 14db6598-bc82-4e37-adaa-3d7f874881a4
2023-06-18 19:16:02,551 [main] INFO  balancer.ContainerBalancerTask (ContainerBalancerTask.java:lambda$moveContainer$3(824)) - Container move for container #40 from source d87866b3-26f2-45f5-a578-b9934afef4d5 to target 14db6598-bc82-4e37-adaa-3d7f874881a4 failed with exceptions.
java.lang.RuntimeException: Runtime Exception
	at org.apache.hadoop.hdds.scm.container.balancer.TestContainerBalancerTask.checkIterationResultException(TestContainerBalancerTask.java:985)
	at sun.reflect.NativeMethodAccessorImpl.invoke0(Native Method)
	at sun.reflect.NativeMethodAccessorImpl.invoke(NativeMethodAccessorImpl.java:62)
	at sun.reflect.DelegatingMethodAccessorImpl.invoke(DelegatingMethodAccessorImpl.java:43)
	at java.lang.reflect.Method.invoke(Method.java:498)
	at org.junit.platform.commons.util.ReflectionUtils.invokeMethod(ReflectionUtils.java:725)
	at org.junit.jupiter.engine.execution.MethodInvocation.proceed(MethodInvocation.java:60)
	at org.junit.jupiter.engine.execution.InvocationInterceptorChain$ValidatingInvocation.proceed(InvocationInterceptorChain.java:131)
	at org.junit.jupiter.engine.extension.TimeoutExtension.intercept(TimeoutExtension.java:149)
	at org.junit.jupiter.engine.extension.TimeoutExtension.interceptTestableMethod(TimeoutExtension.java:140)
	at org.junit.jupiter.engine.extension.TimeoutExtension.interceptTestMethod(TimeoutExtension.java:84)
	at org.junit.jupiter.engine.execution.ExecutableInvoker$ReflectiveInterceptorCall.lambda$ofVoidMethod$0(ExecutableInvoker.java:115)
	at org.junit.jupiter.engine.execution.ExecutableInvoker.lambda$invoke$0(ExecutableInvoker.java:105)
	at org.junit.jupiter.engine.execution.InvocationInterceptorChain$InterceptedInvocation.proceed(InvocationInterceptorChain.java:106)
	at org.junit.jupiter.engine.execution.InvocationInterceptorChain.proceed(InvocationInterceptorChain.java:64)
	at org.junit.jupiter.engine.execution.InvocationInterceptorChain.chainAndInvoke(InvocationInterceptorChain.java:45)
	at org.junit.jupiter.engine.execution.InvocationInterceptorChain.invoke(InvocationInterceptorChain.java:37)
	at org.junit.jupiter.engine.execution.ExecutableInvoker.invoke(ExecutableInvoker.java:104)
	at org.junit.jupiter.engine.execution.ExecutableInvoker.invoke(ExecutableInvoker.java:98)
	at org.junit.jupiter.engine.descriptor.TestMethodTestDescriptor.lambda$invokeTestMethod$7(TestMethodTestDescriptor.java:214)
	at org.junit.platform.engine.support.hierarchical.ThrowableCollector.execute(ThrowableCollector.java:73)
	at org.junit.jupiter.engine.descriptor.TestMethodTestDescriptor.invokeTestMethod(TestMethodTestDescriptor.java:210)
	at org.junit.jupiter.engine.descriptor.TestMethodTestDescriptor.execute(TestMethodTestDescriptor.java:135)
	at org.junit.jupiter.engine.descriptor.TestMethodTestDescriptor.execute(TestMethodTestDescriptor.java:66)
	at org.junit.platform.engine.support.hierarchical.NodeTestTask.lambda$executeRecursively$6(NodeTestTask.java:151)
	at org.junit.platform.engine.support.hierarchical.ThrowableCollector.execute(ThrowableCollector.java:73)
	at org.junit.platform.engine.support.hierarchical.NodeTestTask.lambda$executeRecursively$8(NodeTestTask.java:141)
	at org.junit.platform.engine.support.hierarchical.Node.around(Node.java:137)
	at org.junit.platform.engine.support.hierarchical.NodeTestTask.lambda$executeRecursively$9(NodeTestTask.java:139)
	at org.junit.platform.engine.support.hierarchical.ThrowableCollector.execute(ThrowableCollector.java:73)
	at org.junit.platform.engine.support.hierarchical.NodeTestTask.executeRecursively(NodeTestTask.java:138)
	at org.junit.platform.engine.support.hierarchical.NodeTestTask.execute(NodeTestTask.java:95)
	at java.util.ArrayList.forEach(ArrayList.java:1259)
	at org.junit.platform.engine.support.hierarchical.SameThreadHierarchicalTestExecutorService.invokeAll(SameThreadHierarchicalTestExecutorService.java:41)
	at org.junit.platform.engine.support.hierarchical.NodeTestTask.lambda$executeRecursively$6(NodeTestTask.java:155)
	at org.junit.platform.engine.support.hierarchical.ThrowableCollector.execute(ThrowableCollector.java:73)
	at org.junit.platform.engine.support.hierarchical.NodeTestTask.lambda$executeRecursively$8(NodeTestTask.java:141)
	at org.junit.platform.engine.support.hierarchical.Node.around(Node.java:137)
	at org.junit.platform.engine.support.hierarchical.NodeTestTask.lambda$executeRecursively$9(NodeTestTask.java:139)
	at org.junit.platform.engine.support.hierarchical.ThrowableCollector.execute(ThrowableCollector.java:73)
	at org.junit.platform.engine.support.hierarchical.NodeTestTask.executeRecursively(NodeTestTask.java:138)
	at org.junit.platform.engine.support.hierarchical.NodeTestTask.execute(NodeTestTask.java:95)
	at java.util.ArrayList.forEach(ArrayList.java:1259)
	at org.junit.platform.engine.support.hierarchical.SameThreadHierarchicalTestExecutorService.invokeAll(SameThreadHierarchicalTestExecutorService.java:41)
	at org.junit.platform.engine.support.hierarchical.NodeTestTask.lambda$executeRecursively$6(NodeTestTask.java:155)
	at org.junit.platform.engine.support.hierarchical.ThrowableCollector.execute(ThrowableCollector.java:73)
	at org.junit.platform.engine.support.hierarchical.NodeTestTask.lambda$executeRecursively$8(NodeTestTask.java:141)
	at org.junit.platform.engine.support.hierarchical.Node.around(Node.java:137)
	at org.junit.platform.engine.support.hierarchical.NodeTestTask.lambda$executeRecursively$9(NodeTestTask.java:139)
	at org.junit.platform.engine.support.hierarchical.ThrowableCollector.execute(ThrowableCollector.java:73)
	at org.junit.platform.engine.support.hierarchical.NodeTestTask.executeRecursively(NodeTestTask.java:138)
	at org.junit.platform.engine.support.hierarchical.NodeTestTask.execute(NodeTestTask.java:95)
	at org.junit.platform.engine.support.hierarchical.SameThreadHierarchicalTestExecutorService.submit(SameThreadHierarchicalTestExecutorService.java:35)
	at org.junit.platform.engine.support.hierarchical.HierarchicalTestExecutor.execute(HierarchicalTestExecutor.java:57)
	at org.junit.platform.engine.support.hierarchical.HierarchicalTestEngine.execute(HierarchicalTestEngine.java:54)
	at org.junit.platform.launcher.core.EngineExecutionOrchestrator.execute(EngineExecutionOrchestrator.java:107)
	at org.junit.platform.launcher.core.EngineExecutionOrchestrator.execute(EngineExecutionOrchestrator.java:88)
	at org.junit.platform.launcher.core.EngineExecutionOrchestrator.lambda$execute$0(EngineExecutionOrchestrator.java:54)
	at org.junit.platform.launcher.core.EngineExecutionOrchestrator.withInterceptedStreams(EngineExecutionOrchestrator.java:67)
	at org.junit.platform.launcher.core.EngineExecutionOrchestrator.execute(EngineExecutionOrchestrator.java:52)
	at org.junit.platform.launcher.core.DefaultLauncher.execute(DefaultLauncher.java:114)
	at org.junit.platform.launcher.core.DefaultLauncher.execute(DefaultLauncher.java:86)
	at org.junit.platform.launcher.core.DefaultLauncherSession$DelegatingLauncher.execute(DefaultLauncherSession.java:86)
	at org.junit.platform.launcher.core.SessionPerRequestLauncher.execute(SessionPerRequestLauncher.java:53)
	at org.apache.maven.surefire.junitplatform.JUnitPlatformProvider.execute(JUnitPlatformProvider.java:188)
	at org.apache.maven.surefire.junitplatform.JUnitPlatformProvider.invokeAllTests(JUnitPlatformProvider.java:154)
	at org.apache.maven.surefire.junitplatform.JUnitPlatformProvider.invoke(JUnitPlatformProvider.java:124)
	at org.apache.maven.surefire.booter.ForkedBooter.runSuitesInProcess(ForkedBooter.java:428)
	at org.apache.maven.surefire.booter.ForkedBooter.execute(ForkedBooter.java:162)
	at org.apache.maven.surefire.booter.ForkedBooter.run(ForkedBooter.java:562)
	at org.apache.maven.surefire.booter.ForkedBooter.main(ForkedBooter.java:548)
2023-06-18 19:16:02,554 [main] DEBUG balancer.ContainerBalancerTask (ContainerBalancerTask.java:matchSourceWithTarget(706)) - ContainerBalancer is finding suitable target for source datanode ec7c3d6a-9721-4560-8ee5-90f8eef25e25
2023-06-18 19:16:02,555 [main] INFO  balancer.ContainerBalancerTask (ContainerBalancerTask.java:matchSourceWithTarget(720)) - ContainerBalancer matched source datanode ec7c3d6a-9721-4560-8ee5-90f8eef25e25 with target datanode 14db6598-bc82-4e37-adaa-3d7f874881a4 for container move.
2023-06-18 19:16:02,555 [main] INFO  balancer.ContainerBalancerTask (ContainerBalancerTask.java:processMoveSelection(569)) - ContainerBalancer is trying to move container #28 with size 4294967296B from source datanode ec7c3d6a-9721-4560-8ee5-90f8eef25e25 to target datanode 14db6598-bc82-4e37-adaa-3d7f874881a4
2023-06-18 19:16:02,555 [main] INFO  balancer.ContainerBalancerTask (ContainerBalancerTask.java:lambda$moveContainer$3(824)) - Container move for container #28 from source ec7c3d6a-9721-4560-8ee5-90f8eef25e25 to target 14db6598-bc82-4e37-adaa-3d7f874881a4 failed with exceptions.
java.lang.RuntimeException: Runtime Exception
	at org.apache.hadoop.hdds.scm.container.balancer.TestContainerBalancerTask.checkIterationResultException(TestContainerBalancerTask.java:985)
	at sun.reflect.NativeMethodAccessorImpl.invoke0(Native Method)
	at sun.reflect.NativeMethodAccessorImpl.invoke(NativeMethodAccessorImpl.java:62)
	at sun.reflect.DelegatingMethodAccessorImpl.invoke(DelegatingMethodAccessorImpl.java:43)
	at java.lang.reflect.Method.invoke(Method.java:498)
	at org.junit.platform.commons.util.ReflectionUtils.invokeMethod(ReflectionUtils.java:725)
	at org.junit.jupiter.engine.execution.MethodInvocation.proceed(MethodInvocation.java:60)
	at org.junit.jupiter.engine.execution.InvocationInterceptorChain$ValidatingInvocation.proceed(InvocationInterceptorChain.java:131)
	at org.junit.jupiter.engine.extension.TimeoutExtension.intercept(TimeoutExtension.java:149)
	at org.junit.jupiter.engine.extension.TimeoutExtension.interceptTestableMethod(TimeoutExtension.java:140)
	at org.junit.jupiter.engine.extension.TimeoutExtension.interceptTestMethod(TimeoutExtension.java:84)
	at org.junit.jupiter.engine.execution.ExecutableInvoker$ReflectiveInterceptorCall.lambda$ofVoidMethod$0(ExecutableInvoker.java:115)
	at org.junit.jupiter.engine.execution.ExecutableInvoker.lambda$invoke$0(ExecutableInvoker.java:105)
	at org.junit.jupiter.engine.execution.InvocationInterceptorChain$InterceptedInvocation.proceed(InvocationInterceptorChain.java:106)
	at org.junit.jupiter.engine.execution.InvocationInterceptorChain.proceed(InvocationInterceptorChain.java:64)
	at org.junit.jupiter.engine.execution.InvocationInterceptorChain.chainAndInvoke(InvocationInterceptorChain.java:45)
	at org.junit.jupiter.engine.execution.InvocationInterceptorChain.invoke(InvocationInterceptorChain.java:37)
	at org.junit.jupiter.engine.execution.ExecutableInvoker.invoke(ExecutableInvoker.java:104)
	at org.junit.jupiter.engine.execution.ExecutableInvoker.invoke(ExecutableInvoker.java:98)
	at org.junit.jupiter.engine.descriptor.TestMethodTestDescriptor.lambda$invokeTestMethod$7(TestMethodTestDescriptor.java:214)
	at org.junit.platform.engine.support.hierarchical.ThrowableCollector.execute(ThrowableCollector.java:73)
	at org.junit.jupiter.engine.descriptor.TestMethodTestDescriptor.invokeTestMethod(TestMethodTestDescriptor.java:210)
	at org.junit.jupiter.engine.descriptor.TestMethodTestDescriptor.execute(TestMethodTestDescriptor.java:135)
	at org.junit.jupiter.engine.descriptor.TestMethodTestDescriptor.execute(TestMethodTestDescriptor.java:66)
	at org.junit.platform.engine.support.hierarchical.NodeTestTask.lambda$executeRecursively$6(NodeTestTask.java:151)
	at org.junit.platform.engine.support.hierarchical.ThrowableCollector.execute(ThrowableCollector.java:73)
	at org.junit.platform.engine.support.hierarchical.NodeTestTask.lambda$executeRecursively$8(NodeTestTask.java:141)
	at org.junit.platform.engine.support.hierarchical.Node.around(Node.java:137)
	at org.junit.platform.engine.support.hierarchical.NodeTestTask.lambda$executeRecursively$9(NodeTestTask.java:139)
	at org.junit.platform.engine.support.hierarchical.ThrowableCollector.execute(ThrowableCollector.java:73)
	at org.junit.platform.engine.support.hierarchical.NodeTestTask.executeRecursively(NodeTestTask.java:138)
	at org.junit.platform.engine.support.hierarchical.NodeTestTask.execute(NodeTestTask.java:95)
	at java.util.ArrayList.forEach(ArrayList.java:1259)
	at org.junit.platform.engine.support.hierarchical.SameThreadHierarchicalTestExecutorService.invokeAll(SameThreadHierarchicalTestExecutorService.java:41)
	at org.junit.platform.engine.support.hierarchical.NodeTestTask.lambda$executeRecursively$6(NodeTestTask.java:155)
	at org.junit.platform.engine.support.hierarchical.ThrowableCollector.execute(ThrowableCollector.java:73)
	at org.junit.platform.engine.support.hierarchical.NodeTestTask.lambda$executeRecursively$8(NodeTestTask.java:141)
	at org.junit.platform.engine.support.hierarchical.Node.around(Node.java:137)
	at org.junit.platform.engine.support.hierarchical.NodeTestTask.lambda$executeRecursively$9(NodeTestTask.java:139)
	at org.junit.platform.engine.support.hierarchical.ThrowableCollector.execute(ThrowableCollector.java:73)
	at org.junit.platform.engine.support.hierarchical.NodeTestTask.executeRecursively(NodeTestTask.java:138)
	at org.junit.platform.engine.support.hierarchical.NodeTestTask.execute(NodeTestTask.java:95)
	at java.util.ArrayList.forEach(ArrayList.java:1259)
	at org.junit.platform.engine.support.hierarchical.SameThreadHierarchicalTestExecutorService.invokeAll(SameThreadHierarchicalTestExecutorService.java:41)
	at org.junit.platform.engine.support.hierarchical.NodeTestTask.lambda$executeRecursively$6(NodeTestTask.java:155)
	at org.junit.platform.engine.support.hierarchical.ThrowableCollector.execute(ThrowableCollector.java:73)
	at org.junit.platform.engine.support.hierarchical.NodeTestTask.lambda$executeRecursively$8(NodeTestTask.java:141)
	at org.junit.platform.engine.support.hierarchical.Node.around(Node.java:137)
	at org.junit.platform.engine.support.hierarchical.NodeTestTask.lambda$executeRecursively$9(NodeTestTask.java:139)
	at org.junit.platform.engine.support.hierarchical.ThrowableCollector.execute(ThrowableCollector.java:73)
	at org.junit.platform.engine.support.hierarchical.NodeTestTask.executeRecursively(NodeTestTask.java:138)
	at org.junit.platform.engine.support.hierarchical.NodeTestTask.execute(NodeTestTask.java:95)
	at org.junit.platform.engine.support.hierarchical.SameThreadHierarchicalTestExecutorService.submit(SameThreadHierarchicalTestExecutorService.java:35)
	at org.junit.platform.engine.support.hierarchical.HierarchicalTestExecutor.execute(HierarchicalTestExecutor.java:57)
	at org.junit.platform.engine.support.hierarchical.HierarchicalTestEngine.execute(HierarchicalTestEngine.java:54)
	at org.junit.platform.launcher.core.EngineExecutionOrchestrator.execute(EngineExecutionOrchestrator.java:107)
	at org.junit.platform.launcher.core.EngineExecutionOrchestrator.execute(EngineExecutionOrchestrator.java:88)
	at org.junit.platform.launcher.core.EngineExecutionOrchestrator.lambda$execute$0(EngineExecutionOrchestrator.java:54)
	at org.junit.platform.launcher.core.EngineExecutionOrchestrator.withInterceptedStreams(EngineExecutionOrchestrator.java:67)
	at org.junit.platform.launcher.core.EngineExecutionOrchestrator.execute(EngineExecutionOrchestrator.java:52)
	at org.junit.platform.launcher.core.DefaultLauncher.execute(DefaultLauncher.java:114)
	at org.junit.platform.launcher.core.DefaultLauncher.execute(DefaultLauncher.java:86)
	at org.junit.platform.launcher.core.DefaultLauncherSession$DelegatingLauncher.execute(DefaultLauncherSession.java:86)
	at org.junit.platform.launcher.core.SessionPerRequestLauncher.execute(SessionPerRequestLauncher.java:53)
	at org.apache.maven.surefire.junitplatform.JUnitPlatformProvider.execute(JUnitPlatformProvider.java:188)
	at org.apache.maven.surefire.junitplatform.JUnitPlatformProvider.invokeAllTests(JUnitPlatformProvider.java:154)
	at org.apache.maven.surefire.junitplatform.JUnitPlatformProvider.invoke(JUnitPlatformProvider.java:124)
	at org.apache.maven.surefire.booter.ForkedBooter.runSuitesInProcess(ForkedBooter.java:428)
	at org.apache.maven.surefire.booter.ForkedBooter.execute(ForkedBooter.java:162)
	at org.apache.maven.surefire.booter.ForkedBooter.run(ForkedBooter.java:562)
	at org.apache.maven.surefire.booter.ForkedBooter.main(ForkedBooter.java:548)
2023-06-18 19:16:02,558 [main] INFO  balancer.FindSourceGreedy (FindSourceGreedy.java:getNextCandidateSourceDataNode(126)) - no more candidate source data node
2023-06-18 19:16:02,558 [main] INFO  balancer.ContainerBalancerTask (ContainerBalancerTask.java:checkIterationMoveResults(640)) - Iteration Summary. Number of Datanodes involved: 0. Size moved: 0 B (0 Bytes). Number of Container moves completed: 0.
2023-06-18 19:16:02,558 [main] INFO  balancer.ContainerBalancerTask (ContainerBalancerTask.java:balance(259)) - Result of this iteration of Container Balancer: ITERATION_COMPLETED
2023-06-18 19:16:02,558 [main] INFO  balancer.ContainerBalancerTask (ContainerBalancerTask.java:tryStopWithSaveConfiguration(308)) - Save Configuration for stopping. Reason: Completed all iterations.
2023-06-18 19:16:02,560 [main] DEBUG balancer.ContainerBalancerTask (ContainerBalancerTask.java:initializeIteration(374)) - Average utilization of the cluster is 0.341135011741252
2023-06-18 19:16:02,560 [main] DEBUG balancer.ContainerBalancerTask (ContainerBalancerTask.java:initializeIteration(386)) - Lower limit for utilization is 0.241135011741252 and Upper limit for utilization is 0.441135011741252
2023-06-18 19:16:02,560 [main] DEBUG balancer.ContainerBalancerTask (ContainerBalancerTask.java:initializeIteration(398)) - Utilization for node 888a8e1b-738c-4ab6-875e-b455dcb7827d with capacity 65617555911B, used 59055800320B, and remaining 6561755591B is 0.900000000001524
2023-06-18 19:16:02,560 [main] DEBUG balancer.ContainerBalancerTask (ContainerBalancerTask.java:initializeIteration(398)) - Utilization for node de062ac6-aca0-43ef-8636-48a1615d2b11 with capacity 55029268480B, used 44023414784B, and remaining 11005853696B is 0.8
2023-06-18 19:16:02,560 [main] DEBUG balancer.ContainerBalancerTask (ContainerBalancerTask.java:initializeIteration(398)) - Utilization for node 88220b87-19d7-4bf3-badf-6bd2acca6b28 with capacity 59822758765B, used 41875931136B, and remaining 17946827629B is 0.700000000008358
2023-06-18 19:16:02,561 [main] DEBUG balancer.ContainerBalancerTask (ContainerBalancerTask.java:initializeIteration(398)) - Utilization for node d87866b3-26f2-45f5-a578-b9934afef4d5 with capacity 87688915626B, used 52613349376B, and remaining 35075566250B is 0.6000000000045616
2023-06-18 19:16:02,561 [main] DEBUG balancer.ContainerBalancerTask (ContainerBalancerTask.java:initializeIteration(398)) - Utilization for node ec7c3d6a-9721-4560-8ee5-90f8eef25e25 with capacity 92341796864B, used 46170898432B, and remaining 46170898432B is 0.5
2023-06-18 19:16:02,561 [main] DEBUG balancer.ContainerBalancerTask (ContainerBalancerTask.java:initializeIteration(398)) - Utilization for node 9607fe16-4bdb-4265-b17a-081bb54cfbf6 with capacity 118111600640B, used 47244640256B, and remaining 70866960384B is 0.4
2023-06-18 19:16:02,561 [main] DEBUG balancer.ContainerBalancerTask (ContainerBalancerTask.java:initializeIteration(398)) - Utilization for node 87a344df-712c-4c90-bda8-028c81194293 with capacity 157482134186B, used 47244640256B, and remaining 110237493930B is 0.30000000000127
2023-06-18 19:16:02,561 [main] DEBUG balancer.ContainerBalancerTask (ContainerBalancerTask.java:initializeIteration(398)) - Utilization for node 405431ed-615d-4131-ab7d-17635fdc4adb with capacity 134217728000B, used 26843545600B, and remaining 107374182400B is 0.2
2023-06-18 19:16:02,561 [main] DEBUG balancer.ContainerBalancerTask (ContainerBalancerTask.java:initializeIteration(398)) - Utilization for node b5a9f0fd-2af8-4e8f-9f66-3f2fe082f9bb with capacity 354334801920B, used 35433480192B, and remaining 318901321728B is 0.1
2023-06-18 19:16:02,561 [main] DEBUG balancer.ContainerBalancerTask (ContainerBalancerTask.java:initializeIteration(398)) - Utilization for node 14db6598-bc82-4e37-adaa-3d7f874881a4 with capacity 49392123904B, used 0B, and remaining 49392123904B is 0.0
2023-06-18 19:16:02,561 [main] INFO  balancer.ContainerBalancerTask (ContainerBalancerTask.java:initializeIteration(447)) - Container Balancer has identified 5 Over-Utilized and 3 Under-Utilized Datanodes that need to be balanced.
2023-06-18 19:16:02,562 [main] DEBUG balancer.ContainerBalancerTask (ContainerBalancerTask.java:lambda$initializeIteration$1(453)) - Datanode localhost-61.234.119.34 888a8e1b-738c-4ab6-875e-b455dcb7827d is Over-Utilized.
2023-06-18 19:16:02,562 [main] DEBUG balancer.ContainerBalancerTask (ContainerBalancerTask.java:lambda$initializeIteration$1(453)) - Datanode localhost-143.24.203.70 de062ac6-aca0-43ef-8636-48a1615d2b11 is Over-Utilized.
2023-06-18 19:16:02,562 [main] DEBUG balancer.ContainerBalancerTask (ContainerBalancerTask.java:lambda$initializeIteration$1(453)) - Datanode localhost-183.198.102.207 88220b87-19d7-4bf3-badf-6bd2acca6b28 is Over-Utilized.
2023-06-18 19:16:02,562 [main] DEBUG balancer.ContainerBalancerTask (ContainerBalancerTask.java:lambda$initializeIteration$1(453)) - Datanode localhost-177.59.149.163 d87866b3-26f2-45f5-a578-b9934afef4d5 is Over-Utilized.
2023-06-18 19:16:02,562 [main] DEBUG balancer.ContainerBalancerTask (ContainerBalancerTask.java:lambda$initializeIteration$1(453)) - Datanode localhost-203.131.143.114 ec7c3d6a-9721-4560-8ee5-90f8eef25e25 is Over-Utilized.
2023-06-18 19:16:02,562 [main] DEBUG balancer.ContainerBalancerTask (ContainerBalancerTask.java:lambda$initializeIteration$2(459)) - Datanode localhost-90.107.211.151 14db6598-bc82-4e37-adaa-3d7f874881a4 is Under-Utilized.
2023-06-18 19:16:02,562 [main] DEBUG balancer.ContainerBalancerTask (ContainerBalancerTask.java:lambda$initializeIteration$2(459)) - Datanode localhost-146.94.121.39 b5a9f0fd-2af8-4e8f-9f66-3f2fe082f9bb is Under-Utilized.
2023-06-18 19:16:02,562 [main] DEBUG balancer.ContainerBalancerTask (ContainerBalancerTask.java:lambda$initializeIteration$2(459)) - Datanode localhost-34.194.13.19 405431ed-615d-4131-ab7d-17635fdc4adb is Under-Utilized.
2023-06-18 19:16:02,571 [main] DEBUG balancer.ContainerBalancerTask (ContainerBalancerTask.java:matchSourceWithTarget(706)) - ContainerBalancer is finding suitable target for source datanode 888a8e1b-738c-4ab6-875e-b455dcb7827d
2023-06-18 19:16:02,571 [main] INFO  balancer.ContainerBalancerTask (ContainerBalancerTask.java:matchSourceWithTarget(720)) - ContainerBalancer matched source datanode 888a8e1b-738c-4ab6-875e-b455dcb7827d with target datanode 14db6598-bc82-4e37-adaa-3d7f874881a4 for container move.
2023-06-18 19:16:02,572 [main] INFO  balancer.ContainerBalancerTask (ContainerBalancerTask.java:processMoveSelection(569)) - ContainerBalancer is trying to move container #85 with size 5368709120B from source datanode 888a8e1b-738c-4ab6-875e-b455dcb7827d to target datanode 14db6598-bc82-4e37-adaa-3d7f874881a4
2023-06-18 19:16:02,575 [main] DEBUG balancer.ContainerBalancerTask (ContainerBalancerTask.java:matchSourceWithTarget(706)) - ContainerBalancer is finding suitable target for source datanode 888a8e1b-738c-4ab6-875e-b455dcb7827d
2023-06-18 19:16:02,576 [main] INFO  balancer.ContainerBalancerTask (ContainerBalancerTask.java:matchSourceWithTarget(720)) - ContainerBalancer matched source datanode 888a8e1b-738c-4ab6-875e-b455dcb7827d with target datanode b5a9f0fd-2af8-4e8f-9f66-3f2fe082f9bb for container move.
2023-06-18 19:16:02,576 [main] INFO  balancer.ContainerBalancerTask (ContainerBalancerTask.java:processMoveSelection(569)) - ContainerBalancer is trying to move container #53 with size 5368709120B from source datanode 888a8e1b-738c-4ab6-875e-b455dcb7827d to target datanode b5a9f0fd-2af8-4e8f-9f66-3f2fe082f9bb
2023-06-18 19:16:02,576 [main] WARN  balancer.ContainerBalancerTask (ContainerBalancerTask.java:moveContainer(848)) - Could not find Container #53 for container move
org.apache.hadoop.hdds.scm.container.ContainerNotFoundException: Test Container not found
	at org.apache.hadoop.hdds.scm.container.balancer.MoveManager.move(MoveManager.java:212)
	at org.apache.hadoop.hdds.scm.container.balancer.ContainerBalancerTask.moveContainer(ContainerBalancerTask.java:817)
	at org.apache.hadoop.hdds.scm.container.balancer.ContainerBalancerTask.processMoveSelection(ContainerBalancerTask.java:576)
	at org.apache.hadoop.hdds.scm.container.balancer.ContainerBalancerTask.doIteration(ContainerBalancerTask.java:534)
	at org.apache.hadoop.hdds.scm.container.balancer.ContainerBalancerTask.balance(ContainerBalancerTask.java:257)
	at org.apache.hadoop.hdds.scm.container.balancer.ContainerBalancerTask.run(ContainerBalancerTask.java:179)
	at org.apache.hadoop.hdds.scm.container.balancer.TestContainerBalancerTask.startBalancer(TestContainerBalancerTask.java:1304)
	at org.apache.hadoop.hdds.scm.container.balancer.TestContainerBalancerTask.checkIterationResultException(TestContainerBalancerTask.java:1034)
	at sun.reflect.NativeMethodAccessorImpl.invoke0(Native Method)
	at sun.reflect.NativeMethodAccessorImpl.invoke(NativeMethodAccessorImpl.java:62)
	at sun.reflect.DelegatingMethodAccessorImpl.invoke(DelegatingMethodAccessorImpl.java:43)
	at java.lang.reflect.Method.invoke(Method.java:498)
	at org.junit.platform.commons.util.ReflectionUtils.invokeMethod(ReflectionUtils.java:725)
	at org.junit.jupiter.engine.execution.MethodInvocation.proceed(MethodInvocation.java:60)
	at org.junit.jupiter.engine.execution.InvocationInterceptorChain$ValidatingInvocation.proceed(InvocationInterceptorChain.java:131)
	at org.junit.jupiter.engine.extension.TimeoutExtension.intercept(TimeoutExtension.java:149)
	at org.junit.jupiter.engine.extension.TimeoutExtension.interceptTestableMethod(TimeoutExtension.java:140)
	at org.junit.jupiter.engine.extension.TimeoutExtension.interceptTestMethod(TimeoutExtension.java:84)
	at org.junit.jupiter.engine.execution.ExecutableInvoker$ReflectiveInterceptorCall.lambda$ofVoidMethod$0(ExecutableInvoker.java:115)
	at org.junit.jupiter.engine.execution.ExecutableInvoker.lambda$invoke$0(ExecutableInvoker.java:105)
	at org.junit.jupiter.engine.execution.InvocationInterceptorChain$InterceptedInvocation.proceed(InvocationInterceptorChain.java:106)
	at org.junit.jupiter.engine.execution.InvocationInterceptorChain.proceed(InvocationInterceptorChain.java:64)
	at org.junit.jupiter.engine.execution.InvocationInterceptorChain.chainAndInvoke(InvocationInterceptorChain.java:45)
	at org.junit.jupiter.engine.execution.InvocationInterceptorChain.invoke(InvocationInterceptorChain.java:37)
	at org.junit.jupiter.engine.execution.ExecutableInvoker.invoke(ExecutableInvoker.java:104)
	at org.junit.jupiter.engine.execution.ExecutableInvoker.invoke(ExecutableInvoker.java:98)
	at org.junit.jupiter.engine.descriptor.TestMethodTestDescriptor.lambda$invokeTestMethod$7(TestMethodTestDescriptor.java:214)
	at org.junit.platform.engine.support.hierarchical.ThrowableCollector.execute(ThrowableCollector.java:73)
	at org.junit.jupiter.engine.descriptor.TestMethodTestDescriptor.invokeTestMethod(TestMethodTestDescriptor.java:210)
	at org.junit.jupiter.engine.descriptor.TestMethodTestDescriptor.execute(TestMethodTestDescriptor.java:135)
	at org.junit.jupiter.engine.descriptor.TestMethodTestDescriptor.execute(TestMethodTestDescriptor.java:66)
	at org.junit.platform.engine.support.hierarchical.NodeTestTask.lambda$executeRecursively$6(NodeTestTask.java:151)
	at org.junit.platform.engine.support.hierarchical.ThrowableCollector.execute(ThrowableCollector.java:73)
	at org.junit.platform.engine.support.hierarchical.NodeTestTask.lambda$executeRecursively$8(NodeTestTask.java:141)
	at org.junit.platform.engine.support.hierarchical.Node.around(Node.java:137)
	at org.junit.platform.engine.support.hierarchical.NodeTestTask.lambda$executeRecursively$9(NodeTestTask.java:139)
	at org.junit.platform.engine.support.hierarchical.ThrowableCollector.execute(ThrowableCollector.java:73)
	at org.junit.platform.engine.support.hierarchical.NodeTestTask.executeRecursively(NodeTestTask.java:138)
	at org.junit.platform.engine.support.hierarchical.NodeTestTask.execute(NodeTestTask.java:95)
	at java.util.ArrayList.forEach(ArrayList.java:1259)
	at org.junit.platform.engine.support.hierarchical.SameThreadHierarchicalTestExecutorService.invokeAll(SameThreadHierarchicalTestExecutorService.java:41)
	at org.junit.platform.engine.support.hierarchical.NodeTestTask.lambda$executeRecursively$6(NodeTestTask.java:155)
	at org.junit.platform.engine.support.hierarchical.ThrowableCollector.execute(ThrowableCollector.java:73)
	at org.junit.platform.engine.support.hierarchical.NodeTestTask.lambda$executeRecursively$8(NodeTestTask.java:141)
	at org.junit.platform.engine.support.hierarchical.Node.around(Node.java:137)
	at org.junit.platform.engine.support.hierarchical.NodeTestTask.lambda$executeRecursively$9(NodeTestTask.java:139)
	at org.junit.platform.engine.support.hierarchical.ThrowableCollector.execute(ThrowableCollector.java:73)
	at org.junit.platform.engine.support.hierarchical.NodeTestTask.executeRecursively(NodeTestTask.java:138)
	at org.junit.platform.engine.support.hierarchical.NodeTestTask.execute(NodeTestTask.java:95)
	at java.util.ArrayList.forEach(ArrayList.java:1259)
	at org.junit.platform.engine.support.hierarchical.SameThreadHierarchicalTestExecutorService.invokeAll(SameThreadHierarchicalTestExecutorService.java:41)
	at org.junit.platform.engine.support.hierarchical.NodeTestTask.lambda$executeRecursively$6(NodeTestTask.java:155)
	at org.junit.platform.engine.support.hierarchical.ThrowableCollector.execute(ThrowableCollector.java:73)
	at org.junit.platform.engine.support.hierarchical.NodeTestTask.lambda$executeRecursively$8(NodeTestTask.java:141)
	at org.junit.platform.engine.support.hierarchical.Node.around(Node.java:137)
	at org.junit.platform.engine.support.hierarchical.NodeTestTask.lambda$executeRecursively$9(NodeTestTask.java:139)
	at org.junit.platform.engine.support.hierarchical.ThrowableCollector.execute(ThrowableCollector.java:73)
	at org.junit.platform.engine.support.hierarchical.NodeTestTask.executeRecursively(NodeTestTask.java:138)
	at org.junit.platform.engine.support.hierarchical.NodeTestTask.execute(NodeTestTask.java:95)
	at org.junit.platform.engine.support.hierarchical.SameThreadHierarchicalTestExecutorService.submit(SameThreadHierarchicalTestExecutorService.java:35)
	at org.junit.platform.engine.support.hierarchical.HierarchicalTestExecutor.execute(HierarchicalTestExecutor.java:57)
	at org.junit.platform.engine.support.hierarchical.HierarchicalTestEngine.execute(HierarchicalTestEngine.java:54)
	at org.junit.platform.launcher.core.EngineExecutionOrchestrator.execute(EngineExecutionOrchestrator.java:107)
	at org.junit.platform.launcher.core.EngineExecutionOrchestrator.execute(EngineExecutionOrchestrator.java:88)
	at org.junit.platform.launcher.core.EngineExecutionOrchestrator.lambda$execute$0(EngineExecutionOrchestrator.java:54)
	at org.junit.platform.launcher.core.EngineExecutionOrchestrator.withInterceptedStreams(EngineExecutionOrchestrator.java:67)
	at org.junit.platform.launcher.core.EngineExecutionOrchestrator.execute(EngineExecutionOrchestrator.java:52)
	at org.junit.platform.launcher.core.DefaultLauncher.execute(DefaultLauncher.java:114)
	at org.junit.platform.launcher.core.DefaultLauncher.execute(DefaultLauncher.java:86)
	at org.junit.platform.launcher.core.DefaultLauncherSession$DelegatingLauncher.execute(DefaultLauncherSession.java:86)
	at org.junit.platform.launcher.core.SessionPerRequestLauncher.execute(SessionPerRequestLauncher.java:53)
	at org.apache.maven.surefire.junitplatform.JUnitPlatformProvider.execute(JUnitPlatformProvider.java:188)
	at org.apache.maven.surefire.junitplatform.JUnitPlatformProvider.invokeAllTests(JUnitPlatformProvider.java:154)
	at org.apache.maven.surefire.junitplatform.JUnitPlatformProvider.invoke(JUnitPlatformProvider.java:124)
	at org.apache.maven.surefire.booter.ForkedBooter.runSuitesInProcess(ForkedBooter.java:428)
	at org.apache.maven.surefire.booter.ForkedBooter.execute(ForkedBooter.java:162)
	at org.apache.maven.surefire.booter.ForkedBooter.run(ForkedBooter.java:562)
	at org.apache.maven.surefire.booter.ForkedBooter.main(ForkedBooter.java:548)
2023-06-18 19:16:02,578 [Thread-26] INFO  balancer.ContainerBalancerTask (ContainerBalancerTask.java:lambda$moveContainer$3(824)) - Container move for container #85 from source 888a8e1b-738c-4ab6-875e-b455dcb7827d to target 14db6598-bc82-4e37-adaa-3d7f874881a4 failed with exceptions.
java.util.concurrent.CompletionException: java.lang.RuntimeException: Runtime Exception after doing work
	at java.util.concurrent.CompletableFuture.encodeThrowable(CompletableFuture.java:273)
	at java.util.concurrent.CompletableFuture.completeThrowable(CompletableFuture.java:280)
	at java.util.concurrent.CompletableFuture$AsyncSupply.run(CompletableFuture.java:1606)
	at java.lang.Thread.run(Thread.java:750)
Caused by: java.lang.RuntimeException: Runtime Exception after doing work
	at org.apache.hadoop.hdds.scm.container.balancer.TestContainerBalancerTask.lambda$checkIterationResultException$11(TestContainerBalancerTask.java:1028)
	at java.util.concurrent.CompletableFuture$AsyncSupply.run(CompletableFuture.java:1604)
	... 1 more
2023-06-18 19:16:02,584 [main] DEBUG balancer.ContainerBalancerTask (ContainerBalancerTask.java:matchSourceWithTarget(706)) - ContainerBalancer is finding suitable target for source datanode de062ac6-aca0-43ef-8636-48a1615d2b11
2023-06-18 19:16:02,585 [main] INFO  balancer.ContainerBalancerTask (ContainerBalancerTask.java:matchSourceWithTarget(720)) - ContainerBalancer matched source datanode de062ac6-aca0-43ef-8636-48a1615d2b11 with target datanode b5a9f0fd-2af8-4e8f-9f66-3f2fe082f9bb for container move.
2023-06-18 19:16:02,585 [main] INFO  balancer.ContainerBalancerTask (ContainerBalancerTask.java:processMoveSelection(569)) - ContainerBalancer is trying to move container #68 with size 5368709120B from source datanode de062ac6-aca0-43ef-8636-48a1615d2b11 to target datanode b5a9f0fd-2af8-4e8f-9f66-3f2fe082f9bb
2023-06-18 19:16:02,585 [main] INFO  balancer.ContainerBalancerTask (ContainerBalancerTask.java:lambda$moveContainer$3(824)) - Container move for container #68 from source de062ac6-aca0-43ef-8636-48a1615d2b11 to target b5a9f0fd-2af8-4e8f-9f66-3f2fe082f9bb failed with exceptions.
java.lang.RuntimeException: Runtime Exception
	at org.apache.hadoop.hdds.scm.container.balancer.TestContainerBalancerTask.checkIterationResultException(TestContainerBalancerTask.java:985)
	at sun.reflect.NativeMethodAccessorImpl.invoke0(Native Method)
	at sun.reflect.NativeMethodAccessorImpl.invoke(NativeMethodAccessorImpl.java:62)
	at sun.reflect.DelegatingMethodAccessorImpl.invoke(DelegatingMethodAccessorImpl.java:43)
	at java.lang.reflect.Method.invoke(Method.java:498)
	at org.junit.platform.commons.util.ReflectionUtils.invokeMethod(ReflectionUtils.java:725)
	at org.junit.jupiter.engine.execution.MethodInvocation.proceed(MethodInvocation.java:60)
	at org.junit.jupiter.engine.execution.InvocationInterceptorChain$ValidatingInvocation.proceed(InvocationInterceptorChain.java:131)
	at org.junit.jupiter.engine.extension.TimeoutExtension.intercept(TimeoutExtension.java:149)
	at org.junit.jupiter.engine.extension.TimeoutExtension.interceptTestableMethod(TimeoutExtension.java:140)
	at org.junit.jupiter.engine.extension.TimeoutExtension.interceptTestMethod(TimeoutExtension.java:84)
	at org.junit.jupiter.engine.execution.ExecutableInvoker$ReflectiveInterceptorCall.lambda$ofVoidMethod$0(ExecutableInvoker.java:115)
	at org.junit.jupiter.engine.execution.ExecutableInvoker.lambda$invoke$0(ExecutableInvoker.java:105)
	at org.junit.jupiter.engine.execution.InvocationInterceptorChain$InterceptedInvocation.proceed(InvocationInterceptorChain.java:106)
	at org.junit.jupiter.engine.execution.InvocationInterceptorChain.proceed(InvocationInterceptorChain.java:64)
	at org.junit.jupiter.engine.execution.InvocationInterceptorChain.chainAndInvoke(InvocationInterceptorChain.java:45)
	at org.junit.jupiter.engine.execution.InvocationInterceptorChain.invoke(InvocationInterceptorChain.java:37)
	at org.junit.jupiter.engine.execution.ExecutableInvoker.invoke(ExecutableInvoker.java:104)
	at org.junit.jupiter.engine.execution.ExecutableInvoker.invoke(ExecutableInvoker.java:98)
	at org.junit.jupiter.engine.descriptor.TestMethodTestDescriptor.lambda$invokeTestMethod$7(TestMethodTestDescriptor.java:214)
	at org.junit.platform.engine.support.hierarchical.ThrowableCollector.execute(ThrowableCollector.java:73)
	at org.junit.jupiter.engine.descriptor.TestMethodTestDescriptor.invokeTestMethod(TestMethodTestDescriptor.java:210)
	at org.junit.jupiter.engine.descriptor.TestMethodTestDescriptor.execute(TestMethodTestDescriptor.java:135)
	at org.junit.jupiter.engine.descriptor.TestMethodTestDescriptor.execute(TestMethodTestDescriptor.java:66)
	at org.junit.platform.engine.support.hierarchical.NodeTestTask.lambda$executeRecursively$6(NodeTestTask.java:151)
	at org.junit.platform.engine.support.hierarchical.ThrowableCollector.execute(ThrowableCollector.java:73)
	at org.junit.platform.engine.support.hierarchical.NodeTestTask.lambda$executeRecursively$8(NodeTestTask.java:141)
	at org.junit.platform.engine.support.hierarchical.Node.around(Node.java:137)
	at org.junit.platform.engine.support.hierarchical.NodeTestTask.lambda$executeRecursively$9(NodeTestTask.java:139)
	at org.junit.platform.engine.support.hierarchical.ThrowableCollector.execute(ThrowableCollector.java:73)
	at org.junit.platform.engine.support.hierarchical.NodeTestTask.executeRecursively(NodeTestTask.java:138)
	at org.junit.platform.engine.support.hierarchical.NodeTestTask.execute(NodeTestTask.java:95)
	at java.util.ArrayList.forEach(ArrayList.java:1259)
	at org.junit.platform.engine.support.hierarchical.SameThreadHierarchicalTestExecutorService.invokeAll(SameThreadHierarchicalTestExecutorService.java:41)
	at org.junit.platform.engine.support.hierarchical.NodeTestTask.lambda$executeRecursively$6(NodeTestTask.java:155)
	at org.junit.platform.engine.support.hierarchical.ThrowableCollector.execute(ThrowableCollector.java:73)
	at org.junit.platform.engine.support.hierarchical.NodeTestTask.lambda$executeRecursively$8(NodeTestTask.java:141)
	at org.junit.platform.engine.support.hierarchical.Node.around(Node.java:137)
	at org.junit.platform.engine.support.hierarchical.NodeTestTask.lambda$executeRecursively$9(NodeTestTask.java:139)
	at org.junit.platform.engine.support.hierarchical.ThrowableCollector.execute(ThrowableCollector.java:73)
	at org.junit.platform.engine.support.hierarchical.NodeTestTask.executeRecursively(NodeTestTask.java:138)
	at org.junit.platform.engine.support.hierarchical.NodeTestTask.execute(NodeTestTask.java:95)
	at java.util.ArrayList.forEach(ArrayList.java:1259)
	at org.junit.platform.engine.support.hierarchical.SameThreadHierarchicalTestExecutorService.invokeAll(SameThreadHierarchicalTestExecutorService.java:41)
	at org.junit.platform.engine.support.hierarchical.NodeTestTask.lambda$executeRecursively$6(NodeTestTask.java:155)
	at org.junit.platform.engine.support.hierarchical.ThrowableCollector.execute(ThrowableCollector.java:73)
	at org.junit.platform.engine.support.hierarchical.NodeTestTask.lambda$executeRecursively$8(NodeTestTask.java:141)
	at org.junit.platform.engine.support.hierarchical.Node.around(Node.java:137)
	at org.junit.platform.engine.support.hierarchical.NodeTestTask.lambda$executeRecursively$9(NodeTestTask.java:139)
	at org.junit.platform.engine.support.hierarchical.ThrowableCollector.execute(ThrowableCollector.java:73)
	at org.junit.platform.engine.support.hierarchical.NodeTestTask.executeRecursively(NodeTestTask.java:138)
	at org.junit.platform.engine.support.hierarchical.NodeTestTask.execute(NodeTestTask.java:95)
	at org.junit.platform.engine.support.hierarchical.SameThreadHierarchicalTestExecutorService.submit(SameThreadHierarchicalTestExecutorService.java:35)
	at org.junit.platform.engine.support.hierarchical.HierarchicalTestExecutor.execute(HierarchicalTestExecutor.java:57)
	at org.junit.platform.engine.support.hierarchical.HierarchicalTestEngine.execute(HierarchicalTestEngine.java:54)
	at org.junit.platform.launcher.core.EngineExecutionOrchestrator.execute(EngineExecutionOrchestrator.java:107)
	at org.junit.platform.launcher.core.EngineExecutionOrchestrator.execute(EngineExecutionOrchestrator.java:88)
	at org.junit.platform.launcher.core.EngineExecutionOrchestrator.lambda$execute$0(EngineExecutionOrchestrator.java:54)
	at org.junit.platform.launcher.core.EngineExecutionOrchestrator.withInterceptedStreams(EngineExecutionOrchestrator.java:67)
	at org.junit.platform.launcher.core.EngineExecutionOrchestrator.execute(EngineExecutionOrchestrator.java:52)
	at org.junit.platform.launcher.core.DefaultLauncher.execute(DefaultLauncher.java:114)
	at org.junit.platform.launcher.core.DefaultLauncher.execute(DefaultLauncher.java:86)
	at org.junit.platform.launcher.core.DefaultLauncherSession$DelegatingLauncher.execute(DefaultLauncherSession.java:86)
	at org.junit.platform.launcher.core.SessionPerRequestLauncher.execute(SessionPerRequestLauncher.java:53)
	at org.apache.maven.surefire.junitplatform.JUnitPlatformProvider.execute(JUnitPlatformProvider.java:188)
	at org.apache.maven.surefire.junitplatform.JUnitPlatformProvider.invokeAllTests(JUnitPlatformProvider.java:154)
	at org.apache.maven.surefire.junitplatform.JUnitPlatformProvider.invoke(JUnitPlatformProvider.java:124)
	at org.apache.maven.surefire.booter.ForkedBooter.runSuitesInProcess(ForkedBooter.java:428)
	at org.apache.maven.surefire.booter.ForkedBooter.execute(ForkedBooter.java:162)
	at org.apache.maven.surefire.booter.ForkedBooter.run(ForkedBooter.java:562)
	at org.apache.maven.surefire.booter.ForkedBooter.main(ForkedBooter.java:548)
2023-06-18 19:16:02,588 [main] DEBUG balancer.ContainerBalancerTask (ContainerBalancerTask.java:matchSourceWithTarget(706)) - ContainerBalancer is finding suitable target for source datanode 88220b87-19d7-4bf3-badf-6bd2acca6b28
2023-06-18 19:16:02,589 [main] INFO  balancer.ContainerBalancerTask (ContainerBalancerTask.java:matchSourceWithTarget(720)) - ContainerBalancer matched source datanode 88220b87-19d7-4bf3-badf-6bd2acca6b28 with target datanode b5a9f0fd-2af8-4e8f-9f66-3f2fe082f9bb for container move.
2023-06-18 19:16:02,589 [main] INFO  balancer.ContainerBalancerTask (ContainerBalancerTask.java:processMoveSelection(569)) - ContainerBalancer is trying to move container #68 with size 5368709120B from source datanode 88220b87-19d7-4bf3-badf-6bd2acca6b28 to target datanode b5a9f0fd-2af8-4e8f-9f66-3f2fe082f9bb
2023-06-18 19:16:02,589 [main] INFO  balancer.ContainerBalancerTask (ContainerBalancerTask.java:lambda$moveContainer$3(824)) - Container move for container #68 from source 88220b87-19d7-4bf3-badf-6bd2acca6b28 to target b5a9f0fd-2af8-4e8f-9f66-3f2fe082f9bb failed with exceptions.
java.lang.RuntimeException: Runtime Exception
	at org.apache.hadoop.hdds.scm.container.balancer.TestContainerBalancerTask.checkIterationResultException(TestContainerBalancerTask.java:985)
	at sun.reflect.NativeMethodAccessorImpl.invoke0(Native Method)
	at sun.reflect.NativeMethodAccessorImpl.invoke(NativeMethodAccessorImpl.java:62)
	at sun.reflect.DelegatingMethodAccessorImpl.invoke(DelegatingMethodAccessorImpl.java:43)
	at java.lang.reflect.Method.invoke(Method.java:498)
	at org.junit.platform.commons.util.ReflectionUtils.invokeMethod(ReflectionUtils.java:725)
	at org.junit.jupiter.engine.execution.MethodInvocation.proceed(MethodInvocation.java:60)
	at org.junit.jupiter.engine.execution.InvocationInterceptorChain$ValidatingInvocation.proceed(InvocationInterceptorChain.java:131)
	at org.junit.jupiter.engine.extension.TimeoutExtension.intercept(TimeoutExtension.java:149)
	at org.junit.jupiter.engine.extension.TimeoutExtension.interceptTestableMethod(TimeoutExtension.java:140)
	at org.junit.jupiter.engine.extension.TimeoutExtension.interceptTestMethod(TimeoutExtension.java:84)
	at org.junit.jupiter.engine.execution.ExecutableInvoker$ReflectiveInterceptorCall.lambda$ofVoidMethod$0(ExecutableInvoker.java:115)
	at org.junit.jupiter.engine.execution.ExecutableInvoker.lambda$invoke$0(ExecutableInvoker.java:105)
	at org.junit.jupiter.engine.execution.InvocationInterceptorChain$InterceptedInvocation.proceed(InvocationInterceptorChain.java:106)
	at org.junit.jupiter.engine.execution.InvocationInterceptorChain.proceed(InvocationInterceptorChain.java:64)
	at org.junit.jupiter.engine.execution.InvocationInterceptorChain.chainAndInvoke(InvocationInterceptorChain.java:45)
	at org.junit.jupiter.engine.execution.InvocationInterceptorChain.invoke(InvocationInterceptorChain.java:37)
	at org.junit.jupiter.engine.execution.ExecutableInvoker.invoke(ExecutableInvoker.java:104)
	at org.junit.jupiter.engine.execution.ExecutableInvoker.invoke(ExecutableInvoker.java:98)
	at org.junit.jupiter.engine.descriptor.TestMethodTestDescriptor.lambda$invokeTestMethod$7(TestMethodTestDescriptor.java:214)
	at org.junit.platform.engine.support.hierarchical.ThrowableCollector.execute(ThrowableCollector.java:73)
	at org.junit.jupiter.engine.descriptor.TestMethodTestDescriptor.invokeTestMethod(TestMethodTestDescriptor.java:210)
	at org.junit.jupiter.engine.descriptor.TestMethodTestDescriptor.execute(TestMethodTestDescriptor.java:135)
	at org.junit.jupiter.engine.descriptor.TestMethodTestDescriptor.execute(TestMethodTestDescriptor.java:66)
	at org.junit.platform.engine.support.hierarchical.NodeTestTask.lambda$executeRecursively$6(NodeTestTask.java:151)
	at org.junit.platform.engine.support.hierarchical.ThrowableCollector.execute(ThrowableCollector.java:73)
	at org.junit.platform.engine.support.hierarchical.NodeTestTask.lambda$executeRecursively$8(NodeTestTask.java:141)
	at org.junit.platform.engine.support.hierarchical.Node.around(Node.java:137)
	at org.junit.platform.engine.support.hierarchical.NodeTestTask.lambda$executeRecursively$9(NodeTestTask.java:139)
	at org.junit.platform.engine.support.hierarchical.ThrowableCollector.execute(ThrowableCollector.java:73)
	at org.junit.platform.engine.support.hierarchical.NodeTestTask.executeRecursively(NodeTestTask.java:138)
	at org.junit.platform.engine.support.hierarchical.NodeTestTask.execute(NodeTestTask.java:95)
	at java.util.ArrayList.forEach(ArrayList.java:1259)
	at org.junit.platform.engine.support.hierarchical.SameThreadHierarchicalTestExecutorService.invokeAll(SameThreadHierarchicalTestExecutorService.java:41)
	at org.junit.platform.engine.support.hierarchical.NodeTestTask.lambda$executeRecursively$6(NodeTestTask.java:155)
	at org.junit.platform.engine.support.hierarchical.ThrowableCollector.execute(ThrowableCollector.java:73)
	at org.junit.platform.engine.support.hierarchical.NodeTestTask.lambda$executeRecursively$8(NodeTestTask.java:141)
	at org.junit.platform.engine.support.hierarchical.Node.around(Node.java:137)
	at org.junit.platform.engine.support.hierarchical.NodeTestTask.lambda$executeRecursively$9(NodeTestTask.java:139)
	at org.junit.platform.engine.support.hierarchical.ThrowableCollector.execute(ThrowableCollector.java:73)
	at org.junit.platform.engine.support.hierarchical.NodeTestTask.executeRecursively(NodeTestTask.java:138)
	at org.junit.platform.engine.support.hierarchical.NodeTestTask.execute(NodeTestTask.java:95)
	at java.util.ArrayList.forEach(ArrayList.java:1259)
	at org.junit.platform.engine.support.hierarchical.SameThreadHierarchicalTestExecutorService.invokeAll(SameThreadHierarchicalTestExecutorService.java:41)
	at org.junit.platform.engine.support.hierarchical.NodeTestTask.lambda$executeRecursively$6(NodeTestTask.java:155)
	at org.junit.platform.engine.support.hierarchical.ThrowableCollector.execute(ThrowableCollector.java:73)
	at org.junit.platform.engine.support.hierarchical.NodeTestTask.lambda$executeRecursively$8(NodeTestTask.java:141)
	at org.junit.platform.engine.support.hierarchical.Node.around(Node.java:137)
	at org.junit.platform.engine.support.hierarchical.NodeTestTask.lambda$executeRecursively$9(NodeTestTask.java:139)
	at org.junit.platform.engine.support.hierarchical.ThrowableCollector.execute(ThrowableCollector.java:73)
	at org.junit.platform.engine.support.hierarchical.NodeTestTask.executeRecursively(NodeTestTask.java:138)
	at org.junit.platform.engine.support.hierarchical.NodeTestTask.execute(NodeTestTask.java:95)
	at org.junit.platform.engine.support.hierarchical.SameThreadHierarchicalTestExecutorService.submit(SameThreadHierarchicalTestExecutorService.java:35)
	at org.junit.platform.engine.support.hierarchical.HierarchicalTestExecutor.execute(HierarchicalTestExecutor.java:57)
	at org.junit.platform.engine.support.hierarchical.HierarchicalTestEngine.execute(HierarchicalTestEngine.java:54)
	at org.junit.platform.launcher.core.EngineExecutionOrchestrator.execute(EngineExecutionOrchestrator.java:107)
	at org.junit.platform.launcher.core.EngineExecutionOrchestrator.execute(EngineExecutionOrchestrator.java:88)
	at org.junit.platform.launcher.core.EngineExecutionOrchestrator.lambda$execute$0(EngineExecutionOrchestrator.java:54)
	at org.junit.platform.launcher.core.EngineExecutionOrchestrator.withInterceptedStreams(EngineExecutionOrchestrator.java:67)
	at org.junit.platform.launcher.core.EngineExecutionOrchestrator.execute(EngineExecutionOrchestrator.java:52)
	at org.junit.platform.launcher.core.DefaultLauncher.execute(DefaultLauncher.java:114)
	at org.junit.platform.launcher.core.DefaultLauncher.execute(DefaultLauncher.java:86)
	at org.junit.platform.launcher.core.DefaultLauncherSession$DelegatingLauncher.execute(DefaultLauncherSession.java:86)
	at org.junit.platform.launcher.core.SessionPerRequestLauncher.execute(SessionPerRequestLauncher.java:53)
	at org.apache.maven.surefire.junitplatform.JUnitPlatformProvider.execute(JUnitPlatformProvider.java:188)
	at org.apache.maven.surefire.junitplatform.JUnitPlatformProvider.invokeAllTests(JUnitPlatformProvider.java:154)
	at org.apache.maven.surefire.junitplatform.JUnitPlatformProvider.invoke(JUnitPlatformProvider.java:124)
	at org.apache.maven.surefire.booter.ForkedBooter.runSuitesInProcess(ForkedBooter.java:428)
	at org.apache.maven.surefire.booter.ForkedBooter.execute(ForkedBooter.java:162)
	at org.apache.maven.surefire.booter.ForkedBooter.run(ForkedBooter.java:562)
	at org.apache.maven.surefire.booter.ForkedBooter.main(ForkedBooter.java:548)
2023-06-18 19:16:02,594 [main] DEBUG balancer.ContainerBalancerTask (ContainerBalancerTask.java:matchSourceWithTarget(706)) - ContainerBalancer is finding suitable target for source datanode d87866b3-26f2-45f5-a578-b9934afef4d5
2023-06-18 19:16:02,594 [main] INFO  balancer.ContainerBalancerTask (ContainerBalancerTask.java:matchSourceWithTarget(720)) - ContainerBalancer matched source datanode d87866b3-26f2-45f5-a578-b9934afef4d5 with target datanode b5a9f0fd-2af8-4e8f-9f66-3f2fe082f9bb for container move.
2023-06-18 19:16:02,594 [main] INFO  balancer.ContainerBalancerTask (ContainerBalancerTask.java:processMoveSelection(569)) - ContainerBalancer is trying to move container #40 with size 5368709120B from source datanode d87866b3-26f2-45f5-a578-b9934afef4d5 to target datanode b5a9f0fd-2af8-4e8f-9f66-3f2fe082f9bb
2023-06-18 19:16:02,594 [main] INFO  balancer.ContainerBalancerTask (ContainerBalancerTask.java:lambda$moveContainer$3(824)) - Container move for container #40 from source d87866b3-26f2-45f5-a578-b9934afef4d5 to target b5a9f0fd-2af8-4e8f-9f66-3f2fe082f9bb failed with exceptions.
java.lang.RuntimeException: Runtime Exception
	at org.apache.hadoop.hdds.scm.container.balancer.TestContainerBalancerTask.checkIterationResultException(TestContainerBalancerTask.java:985)
	at sun.reflect.NativeMethodAccessorImpl.invoke0(Native Method)
	at sun.reflect.NativeMethodAccessorImpl.invoke(NativeMethodAccessorImpl.java:62)
	at sun.reflect.DelegatingMethodAccessorImpl.invoke(DelegatingMethodAccessorImpl.java:43)
	at java.lang.reflect.Method.invoke(Method.java:498)
	at org.junit.platform.commons.util.ReflectionUtils.invokeMethod(ReflectionUtils.java:725)
	at org.junit.jupiter.engine.execution.MethodInvocation.proceed(MethodInvocation.java:60)
	at org.junit.jupiter.engine.execution.InvocationInterceptorChain$ValidatingInvocation.proceed(InvocationInterceptorChain.java:131)
	at org.junit.jupiter.engine.extension.TimeoutExtension.intercept(TimeoutExtension.java:149)
	at org.junit.jupiter.engine.extension.TimeoutExtension.interceptTestableMethod(TimeoutExtension.java:140)
	at org.junit.jupiter.engine.extension.TimeoutExtension.interceptTestMethod(TimeoutExtension.java:84)
	at org.junit.jupiter.engine.execution.ExecutableInvoker$ReflectiveInterceptorCall.lambda$ofVoidMethod$0(ExecutableInvoker.java:115)
	at org.junit.jupiter.engine.execution.ExecutableInvoker.lambda$invoke$0(ExecutableInvoker.java:105)
	at org.junit.jupiter.engine.execution.InvocationInterceptorChain$InterceptedInvocation.proceed(InvocationInterceptorChain.java:106)
	at org.junit.jupiter.engine.execution.InvocationInterceptorChain.proceed(InvocationInterceptorChain.java:64)
	at org.junit.jupiter.engine.execution.InvocationInterceptorChain.chainAndInvoke(InvocationInterceptorChain.java:45)
	at org.junit.jupiter.engine.execution.InvocationInterceptorChain.invoke(InvocationInterceptorChain.java:37)
	at org.junit.jupiter.engine.execution.ExecutableInvoker.invoke(ExecutableInvoker.java:104)
	at org.junit.jupiter.engine.execution.ExecutableInvoker.invoke(ExecutableInvoker.java:98)
	at org.junit.jupiter.engine.descriptor.TestMethodTestDescriptor.lambda$invokeTestMethod$7(TestMethodTestDescriptor.java:214)
	at org.junit.platform.engine.support.hierarchical.ThrowableCollector.execute(ThrowableCollector.java:73)
	at org.junit.jupiter.engine.descriptor.TestMethodTestDescriptor.invokeTestMethod(TestMethodTestDescriptor.java:210)
	at org.junit.jupiter.engine.descriptor.TestMethodTestDescriptor.execute(TestMethodTestDescriptor.java:135)
	at org.junit.jupiter.engine.descriptor.TestMethodTestDescriptor.execute(TestMethodTestDescriptor.java:66)
	at org.junit.platform.engine.support.hierarchical.NodeTestTask.lambda$executeRecursively$6(NodeTestTask.java:151)
	at org.junit.platform.engine.support.hierarchical.ThrowableCollector.execute(ThrowableCollector.java:73)
	at org.junit.platform.engine.support.hierarchical.NodeTestTask.lambda$executeRecursively$8(NodeTestTask.java:141)
	at org.junit.platform.engine.support.hierarchical.Node.around(Node.java:137)
	at org.junit.platform.engine.support.hierarchical.NodeTestTask.lambda$executeRecursively$9(NodeTestTask.java:139)
	at org.junit.platform.engine.support.hierarchical.ThrowableCollector.execute(ThrowableCollector.java:73)
	at org.junit.platform.engine.support.hierarchical.NodeTestTask.executeRecursively(NodeTestTask.java:138)
	at org.junit.platform.engine.support.hierarchical.NodeTestTask.execute(NodeTestTask.java:95)
	at java.util.ArrayList.forEach(ArrayList.java:1259)
	at org.junit.platform.engine.support.hierarchical.SameThreadHierarchicalTestExecutorService.invokeAll(SameThreadHierarchicalTestExecutorService.java:41)
	at org.junit.platform.engine.support.hierarchical.NodeTestTask.lambda$executeRecursively$6(NodeTestTask.java:155)
	at org.junit.platform.engine.support.hierarchical.ThrowableCollector.execute(ThrowableCollector.java:73)
	at org.junit.platform.engine.support.hierarchical.NodeTestTask.lambda$executeRecursively$8(NodeTestTask.java:141)
	at org.junit.platform.engine.support.hierarchical.Node.around(Node.java:137)
	at org.junit.platform.engine.support.hierarchical.NodeTestTask.lambda$executeRecursively$9(NodeTestTask.java:139)
	at org.junit.platform.engine.support.hierarchical.ThrowableCollector.execute(ThrowableCollector.java:73)
	at org.junit.platform.engine.support.hierarchical.NodeTestTask.executeRecursively(NodeTestTask.java:138)
	at org.junit.platform.engine.support.hierarchical.NodeTestTask.execute(NodeTestTask.java:95)
	at java.util.ArrayList.forEach(ArrayList.java:1259)
	at org.junit.platform.engine.support.hierarchical.SameThreadHierarchicalTestExecutorService.invokeAll(SameThreadHierarchicalTestExecutorService.java:41)
	at org.junit.platform.engine.support.hierarchical.NodeTestTask.lambda$executeRecursively$6(NodeTestTask.java:155)
	at org.junit.platform.engine.support.hierarchical.ThrowableCollector.execute(ThrowableCollector.java:73)
	at org.junit.platform.engine.support.hierarchical.NodeTestTask.lambda$executeRecursively$8(NodeTestTask.java:141)
	at org.junit.platform.engine.support.hierarchical.Node.around(Node.java:137)
	at org.junit.platform.engine.support.hierarchical.NodeTestTask.lambda$executeRecursively$9(NodeTestTask.java:139)
	at org.junit.platform.engine.support.hierarchical.ThrowableCollector.execute(ThrowableCollector.java:73)
	at org.junit.platform.engine.support.hierarchical.NodeTestTask.executeRecursively(NodeTestTask.java:138)
	at org.junit.platform.engine.support.hierarchical.NodeTestTask.execute(NodeTestTask.java:95)
	at org.junit.platform.engine.support.hierarchical.SameThreadHierarchicalTestExecutorService.submit(SameThreadHierarchicalTestExecutorService.java:35)
	at org.junit.platform.engine.support.hierarchical.HierarchicalTestExecutor.execute(HierarchicalTestExecutor.java:57)
	at org.junit.platform.engine.support.hierarchical.HierarchicalTestEngine.execute(HierarchicalTestEngine.java:54)
	at org.junit.platform.launcher.core.EngineExecutionOrchestrator.execute(EngineExecutionOrchestrator.java:107)
	at org.junit.platform.launcher.core.EngineExecutionOrchestrator.execute(EngineExecutionOrchestrator.java:88)
	at org.junit.platform.launcher.core.EngineExecutionOrchestrator.lambda$execute$0(EngineExecutionOrchestrator.java:54)
	at org.junit.platform.launcher.core.EngineExecutionOrchestrator.withInterceptedStreams(EngineExecutionOrchestrator.java:67)
	at org.junit.platform.launcher.core.EngineExecutionOrchestrator.execute(EngineExecutionOrchestrator.java:52)
	at org.junit.platform.launcher.core.DefaultLauncher.execute(DefaultLauncher.java:114)
	at org.junit.platform.launcher.core.DefaultLauncher.execute(DefaultLauncher.java:86)
	at org.junit.platform.launcher.core.DefaultLauncherSession$DelegatingLauncher.execute(DefaultLauncherSession.java:86)
	at org.junit.platform.launcher.core.SessionPerRequestLauncher.execute(SessionPerRequestLauncher.java:53)
	at org.apache.maven.surefire.junitplatform.JUnitPlatformProvider.execute(JUnitPlatformProvider.java:188)
	at org.apache.maven.surefire.junitplatform.JUnitPlatformProvider.invokeAllTests(JUnitPlatformProvider.java:154)
	at org.apache.maven.surefire.junitplatform.JUnitPlatformProvider.invoke(JUnitPlatformProvider.java:124)
	at org.apache.maven.surefire.booter.ForkedBooter.runSuitesInProcess(ForkedBooter.java:428)
	at org.apache.maven.surefire.booter.ForkedBooter.execute(ForkedBooter.java:162)
	at org.apache.maven.surefire.booter.ForkedBooter.run(ForkedBooter.java:562)
	at org.apache.maven.surefire.booter.ForkedBooter.main(ForkedBooter.java:548)
2023-06-18 19:16:02,597 [main] DEBUG balancer.ContainerBalancerTask (ContainerBalancerTask.java:matchSourceWithTarget(706)) - ContainerBalancer is finding suitable target for source datanode ec7c3d6a-9721-4560-8ee5-90f8eef25e25
2023-06-18 19:16:02,598 [main] INFO  balancer.ContainerBalancerTask (ContainerBalancerTask.java:matchSourceWithTarget(720)) - ContainerBalancer matched source datanode ec7c3d6a-9721-4560-8ee5-90f8eef25e25 with target datanode b5a9f0fd-2af8-4e8f-9f66-3f2fe082f9bb for container move.
2023-06-18 19:16:02,598 [main] INFO  balancer.ContainerBalancerTask (ContainerBalancerTask.java:processMoveSelection(569)) - ContainerBalancer is trying to move container #29 with size 5368709120B from source datanode ec7c3d6a-9721-4560-8ee5-90f8eef25e25 to target datanode b5a9f0fd-2af8-4e8f-9f66-3f2fe082f9bb
2023-06-18 19:16:02,598 [main] INFO  balancer.ContainerBalancerTask (ContainerBalancerTask.java:lambda$moveContainer$3(824)) - Container move for container #29 from source ec7c3d6a-9721-4560-8ee5-90f8eef25e25 to target b5a9f0fd-2af8-4e8f-9f66-3f2fe082f9bb failed with exceptions.
java.lang.RuntimeException: Runtime Exception
	at org.apache.hadoop.hdds.scm.container.balancer.TestContainerBalancerTask.checkIterationResultException(TestContainerBalancerTask.java:985)
	at sun.reflect.NativeMethodAccessorImpl.invoke0(Native Method)
	at sun.reflect.NativeMethodAccessorImpl.invoke(NativeMethodAccessorImpl.java:62)
	at sun.reflect.DelegatingMethodAccessorImpl.invoke(DelegatingMethodAccessorImpl.java:43)
	at java.lang.reflect.Method.invoke(Method.java:498)
	at org.junit.platform.commons.util.ReflectionUtils.invokeMethod(ReflectionUtils.java:725)
	at org.junit.jupiter.engine.execution.MethodInvocation.proceed(MethodInvocation.java:60)
	at org.junit.jupiter.engine.execution.InvocationInterceptorChain$ValidatingInvocation.proceed(InvocationInterceptorChain.java:131)
	at org.junit.jupiter.engine.extension.TimeoutExtension.intercept(TimeoutExtension.java:149)
	at org.junit.jupiter.engine.extension.TimeoutExtension.interceptTestableMethod(TimeoutExtension.java:140)
	at org.junit.jupiter.engine.extension.TimeoutExtension.interceptTestMethod(TimeoutExtension.java:84)
	at org.junit.jupiter.engine.execution.ExecutableInvoker$ReflectiveInterceptorCall.lambda$ofVoidMethod$0(ExecutableInvoker.java:115)
	at org.junit.jupiter.engine.execution.ExecutableInvoker.lambda$invoke$0(ExecutableInvoker.java:105)
	at org.junit.jupiter.engine.execution.InvocationInterceptorChain$InterceptedInvocation.proceed(InvocationInterceptorChain.java:106)
	at org.junit.jupiter.engine.execution.InvocationInterceptorChain.proceed(InvocationInterceptorChain.java:64)
	at org.junit.jupiter.engine.execution.InvocationInterceptorChain.chainAndInvoke(InvocationInterceptorChain.java:45)
	at org.junit.jupiter.engine.execution.InvocationInterceptorChain.invoke(InvocationInterceptorChain.java:37)
	at org.junit.jupiter.engine.execution.ExecutableInvoker.invoke(ExecutableInvoker.java:104)
	at org.junit.jupiter.engine.execution.ExecutableInvoker.invoke(ExecutableInvoker.java:98)
	at org.junit.jupiter.engine.descriptor.TestMethodTestDescriptor.lambda$invokeTestMethod$7(TestMethodTestDescriptor.java:214)
	at org.junit.platform.engine.support.hierarchical.ThrowableCollector.execute(ThrowableCollector.java:73)
	at org.junit.jupiter.engine.descriptor.TestMethodTestDescriptor.invokeTestMethod(TestMethodTestDescriptor.java:210)
	at org.junit.jupiter.engine.descriptor.TestMethodTestDescriptor.execute(TestMethodTestDescriptor.java:135)
	at org.junit.jupiter.engine.descriptor.TestMethodTestDescriptor.execute(TestMethodTestDescriptor.java:66)
	at org.junit.platform.engine.support.hierarchical.NodeTestTask.lambda$executeRecursively$6(NodeTestTask.java:151)
	at org.junit.platform.engine.support.hierarchical.ThrowableCollector.execute(ThrowableCollector.java:73)
	at org.junit.platform.engine.support.hierarchical.NodeTestTask.lambda$executeRecursively$8(NodeTestTask.java:141)
	at org.junit.platform.engine.support.hierarchical.Node.around(Node.java:137)
	at org.junit.platform.engine.support.hierarchical.NodeTestTask.lambda$executeRecursively$9(NodeTestTask.java:139)
	at org.junit.platform.engine.support.hierarchical.ThrowableCollector.execute(ThrowableCollector.java:73)
	at org.junit.platform.engine.support.hierarchical.NodeTestTask.executeRecursively(NodeTestTask.java:138)
	at org.junit.platform.engine.support.hierarchical.NodeTestTask.execute(NodeTestTask.java:95)
	at java.util.ArrayList.forEach(ArrayList.java:1259)
	at org.junit.platform.engine.support.hierarchical.SameThreadHierarchicalTestExecutorService.invokeAll(SameThreadHierarchicalTestExecutorService.java:41)
	at org.junit.platform.engine.support.hierarchical.NodeTestTask.lambda$executeRecursively$6(NodeTestTask.java:155)
	at org.junit.platform.engine.support.hierarchical.ThrowableCollector.execute(ThrowableCollector.java:73)
	at org.junit.platform.engine.support.hierarchical.NodeTestTask.lambda$executeRecursively$8(NodeTestTask.java:141)
	at org.junit.platform.engine.support.hierarchical.Node.around(Node.java:137)
	at org.junit.platform.engine.support.hierarchical.NodeTestTask.lambda$executeRecursively$9(NodeTestTask.java:139)
	at org.junit.platform.engine.support.hierarchical.ThrowableCollector.execute(ThrowableCollector.java:73)
	at org.junit.platform.engine.support.hierarchical.NodeTestTask.executeRecursively(NodeTestTask.java:138)
	at org.junit.platform.engine.support.hierarchical.NodeTestTask.execute(NodeTestTask.java:95)
	at java.util.ArrayList.forEach(ArrayList.java:1259)
	at org.junit.platform.engine.support.hierarchical.SameThreadHierarchicalTestExecutorService.invokeAll(SameThreadHierarchicalTestExecutorService.java:41)
	at org.junit.platform.engine.support.hierarchical.NodeTestTask.lambda$executeRecursively$6(NodeTestTask.java:155)
	at org.junit.platform.engine.support.hierarchical.ThrowableCollector.execute(ThrowableCollector.java:73)
	at org.junit.platform.engine.support.hierarchical.NodeTestTask.lambda$executeRecursively$8(NodeTestTask.java:141)
	at org.junit.platform.engine.support.hierarchical.Node.around(Node.java:137)
	at org.junit.platform.engine.support.hierarchical.NodeTestTask.lambda$executeRecursively$9(NodeTestTask.java:139)
	at org.junit.platform.engine.support.hierarchical.ThrowableCollector.execute(ThrowableCollector.java:73)
	at org.junit.platform.engine.support.hierarchical.NodeTestTask.executeRecursively(NodeTestTask.java:138)
	at org.junit.platform.engine.support.hierarchical.NodeTestTask.execute(NodeTestTask.java:95)
	at org.junit.platform.engine.support.hierarchical.SameThreadHierarchicalTestExecutorService.submit(SameThreadHierarchicalTestExecutorService.java:35)
	at org.junit.platform.engine.support.hierarchical.HierarchicalTestExecutor.execute(HierarchicalTestExecutor.java:57)
	at org.junit.platform.engine.support.hierarchical.HierarchicalTestEngine.execute(HierarchicalTestEngine.java:54)
	at org.junit.platform.launcher.core.EngineExecutionOrchestrator.execute(EngineExecutionOrchestrator.java:107)
	at org.junit.platform.launcher.core.EngineExecutionOrchestrator.execute(EngineExecutionOrchestrator.java:88)
	at org.junit.platform.launcher.core.EngineExecutionOrchestrator.lambda$execute$0(EngineExecutionOrchestrator.java:54)
	at org.junit.platform.launcher.core.EngineExecutionOrchestrator.withInterceptedStreams(EngineExecutionOrchestrator.java:67)
	at org.junit.platform.launcher.core.EngineExecutionOrchestrator.execute(EngineExecutionOrchestrator.java:52)
	at org.junit.platform.launcher.core.DefaultLauncher.execute(DefaultLauncher.java:114)
	at org.junit.platform.launcher.core.DefaultLauncher.execute(DefaultLauncher.java:86)
	at org.junit.platform.launcher.core.DefaultLauncherSession$DelegatingLauncher.execute(DefaultLauncherSession.java:86)
	at org.junit.platform.launcher.core.SessionPerRequestLauncher.execute(SessionPerRequestLauncher.java:53)
	at org.apache.maven.surefire.junitplatform.JUnitPlatformProvider.execute(JUnitPlatformProvider.java:188)
	at org.apache.maven.surefire.junitplatform.JUnitPlatformProvider.invokeAllTests(JUnitPlatformProvider.java:154)
	at org.apache.maven.surefire.junitplatform.JUnitPlatformProvider.invoke(JUnitPlatformProvider.java:124)
	at org.apache.maven.surefire.booter.ForkedBooter.runSuitesInProcess(ForkedBooter.java:428)
	at org.apache.maven.surefire.booter.ForkedBooter.execute(ForkedBooter.java:162)
	at org.apache.maven.surefire.booter.ForkedBooter.run(ForkedBooter.java:562)
	at org.apache.maven.surefire.booter.ForkedBooter.main(ForkedBooter.java:548)
2023-06-18 19:16:02,599 [main] INFO  balancer.FindSourceGreedy (FindSourceGreedy.java:getNextCandidateSourceDataNode(126)) - no more candidate source data node
2023-06-18 19:16:02,599 [main] ERROR balancer.ContainerBalancerTask (ContainerBalancerTask.java:checkIterationMoveResults(623)) - Got exception while checkIterationMoveResults
java.util.concurrent.ExecutionException: java.lang.RuntimeException: Runtime Exception after doing work
	at java.util.concurrent.CompletableFuture.reportGet(CompletableFuture.java:357)
	at java.util.concurrent.CompletableFuture.get(CompletableFuture.java:1928)
	at org.apache.hadoop.hdds.scm.container.balancer.ContainerBalancerTask.checkIterationMoveResults(ContainerBalancerTask.java:613)
	at org.apache.hadoop.hdds.scm.container.balancer.ContainerBalancerTask.checkIterationResults(ContainerBalancerTask.java:600)
	at org.apache.hadoop.hdds.scm.container.balancer.ContainerBalancerTask.doIteration(ContainerBalancerTask.java:543)
	at org.apache.hadoop.hdds.scm.container.balancer.ContainerBalancerTask.balance(ContainerBalancerTask.java:257)
	at org.apache.hadoop.hdds.scm.container.balancer.ContainerBalancerTask.run(ContainerBalancerTask.java:179)
	at org.apache.hadoop.hdds.scm.container.balancer.TestContainerBalancerTask.startBalancer(TestContainerBalancerTask.java:1304)
	at org.apache.hadoop.hdds.scm.container.balancer.TestContainerBalancerTask.checkIterationResultException(TestContainerBalancerTask.java:1034)
	at sun.reflect.NativeMethodAccessorImpl.invoke0(Native Method)
	at sun.reflect.NativeMethodAccessorImpl.invoke(NativeMethodAccessorImpl.java:62)
	at sun.reflect.DelegatingMethodAccessorImpl.invoke(DelegatingMethodAccessorImpl.java:43)
	at java.lang.reflect.Method.invoke(Method.java:498)
	at org.junit.platform.commons.util.ReflectionUtils.invokeMethod(ReflectionUtils.java:725)
	at org.junit.jupiter.engine.execution.MethodInvocation.proceed(MethodInvocation.java:60)
	at org.junit.jupiter.engine.execution.InvocationInterceptorChain$ValidatingInvocation.proceed(InvocationInterceptorChain.java:131)
	at org.junit.jupiter.engine.extension.TimeoutExtension.intercept(TimeoutExtension.java:149)
	at org.junit.jupiter.engine.extension.TimeoutExtension.interceptTestableMethod(TimeoutExtension.java:140)
	at org.junit.jupiter.engine.extension.TimeoutExtension.interceptTestMethod(TimeoutExtension.java:84)
	at org.junit.jupiter.engine.execution.ExecutableInvoker$ReflectiveInterceptorCall.lambda$ofVoidMethod$0(ExecutableInvoker.java:115)
	at org.junit.jupiter.engine.execution.ExecutableInvoker.lambda$invoke$0(ExecutableInvoker.java:105)
	at org.junit.jupiter.engine.execution.InvocationInterceptorChain$InterceptedInvocation.proceed(InvocationInterceptorChain.java:106)
	at org.junit.jupiter.engine.execution.InvocationInterceptorChain.proceed(InvocationInterceptorChain.java:64)
	at org.junit.jupiter.engine.execution.InvocationInterceptorChain.chainAndInvoke(InvocationInterceptorChain.java:45)
	at org.junit.jupiter.engine.execution.InvocationInterceptorChain.invoke(InvocationInterceptorChain.java:37)
	at org.junit.jupiter.engine.execution.ExecutableInvoker.invoke(ExecutableInvoker.java:104)
	at org.junit.jupiter.engine.execution.ExecutableInvoker.invoke(ExecutableInvoker.java:98)
	at org.junit.jupiter.engine.descriptor.TestMethodTestDescriptor.lambda$invokeTestMethod$7(TestMethodTestDescriptor.java:214)
	at org.junit.platform.engine.support.hierarchical.ThrowableCollector.execute(ThrowableCollector.java:73)
	at org.junit.jupiter.engine.descriptor.TestMethodTestDescriptor.invokeTestMethod(TestMethodTestDescriptor.java:210)
	at org.junit.jupiter.engine.descriptor.TestMethodTestDescriptor.execute(TestMethodTestDescriptor.java:135)
	at org.junit.jupiter.engine.descriptor.TestMethodTestDescriptor.execute(TestMethodTestDescriptor.java:66)
	at org.junit.platform.engine.support.hierarchical.NodeTestTask.lambda$executeRecursively$6(NodeTestTask.java:151)
	at org.junit.platform.engine.support.hierarchical.ThrowableCollector.execute(ThrowableCollector.java:73)
	at org.junit.platform.engine.support.hierarchical.NodeTestTask.lambda$executeRecursively$8(NodeTestTask.java:141)
	at org.junit.platform.engine.support.hierarchical.Node.around(Node.java:137)
	at org.junit.platform.engine.support.hierarchical.NodeTestTask.lambda$executeRecursively$9(NodeTestTask.java:139)
	at org.junit.platform.engine.support.hierarchical.ThrowableCollector.execute(ThrowableCollector.java:73)
	at org.junit.platform.engine.support.hierarchical.NodeTestTask.executeRecursively(NodeTestTask.java:138)
	at org.junit.platform.engine.support.hierarchical.NodeTestTask.execute(NodeTestTask.java:95)
	at java.util.ArrayList.forEach(ArrayList.java:1259)
	at org.junit.platform.engine.support.hierarchical.SameThreadHierarchicalTestExecutorService.invokeAll(SameThreadHierarchicalTestExecutorService.java:41)
	at org.junit.platform.engine.support.hierarchical.NodeTestTask.lambda$executeRecursively$6(NodeTestTask.java:155)
	at org.junit.platform.engine.support.hierarchical.ThrowableCollector.execute(ThrowableCollector.java:73)
	at org.junit.platform.engine.support.hierarchical.NodeTestTask.lambda$executeRecursively$8(NodeTestTask.java:141)
	at org.junit.platform.engine.support.hierarchical.Node.around(Node.java:137)
	at org.junit.platform.engine.support.hierarchical.NodeTestTask.lambda$executeRecursively$9(NodeTestTask.java:139)
	at org.junit.platform.engine.support.hierarchical.ThrowableCollector.execute(ThrowableCollector.java:73)
	at org.junit.platform.engine.support.hierarchical.NodeTestTask.executeRecursively(NodeTestTask.java:138)
	at org.junit.platform.engine.support.hierarchical.NodeTestTask.execute(NodeTestTask.java:95)
	at java.util.ArrayList.forEach(ArrayList.java:1259)
	at org.junit.platform.engine.support.hierarchical.SameThreadHierarchicalTestExecutorService.invokeAll(SameThreadHierarchicalTestExecutorService.java:41)
	at org.junit.platform.engine.support.hierarchical.NodeTestTask.lambda$executeRecursively$6(NodeTestTask.java:155)
	at org.junit.platform.engine.support.hierarchical.ThrowableCollector.execute(ThrowableCollector.java:73)
	at org.junit.platform.engine.support.hierarchical.NodeTestTask.lambda$executeRecursively$8(NodeTestTask.java:141)
	at org.junit.platform.engine.support.hierarchical.Node.around(Node.java:137)
	at org.junit.platform.engine.support.hierarchical.NodeTestTask.lambda$executeRecursively$9(NodeTestTask.java:139)
	at org.junit.platform.engine.support.hierarchical.ThrowableCollector.execute(ThrowableCollector.java:73)
	at org.junit.platform.engine.support.hierarchical.NodeTestTask.executeRecursively(NodeTestTask.java:138)
	at org.junit.platform.engine.support.hierarchical.NodeTestTask.execute(NodeTestTask.java:95)
	at org.junit.platform.engine.support.hierarchical.SameThreadHierarchicalTestExecutorService.submit(SameThreadHierarchicalTestExecutorService.java:35)
	at org.junit.platform.engine.support.hierarchical.HierarchicalTestExecutor.execute(HierarchicalTestExecutor.java:57)
	at org.junit.platform.engine.support.hierarchical.HierarchicalTestEngine.execute(HierarchicalTestEngine.java:54)
	at org.junit.platform.launcher.core.EngineExecutionOrchestrator.execute(EngineExecutionOrchestrator.java:107)
	at org.junit.platform.launcher.core.EngineExecutionOrchestrator.execute(EngineExecutionOrchestrator.java:88)
	at org.junit.platform.launcher.core.EngineExecutionOrchestrator.lambda$execute$0(EngineExecutionOrchestrator.java:54)
	at org.junit.platform.launcher.core.EngineExecutionOrchestrator.withInterceptedStreams(EngineExecutionOrchestrator.java:67)
	at org.junit.platform.launcher.core.EngineExecutionOrchestrator.execute(EngineExecutionOrchestrator.java:52)
	at org.junit.platform.launcher.core.DefaultLauncher.execute(DefaultLauncher.java:114)
	at org.junit.platform.launcher.core.DefaultLauncher.execute(DefaultLauncher.java:86)
	at org.junit.platform.launcher.core.DefaultLauncherSession$DelegatingLauncher.execute(DefaultLauncherSession.java:86)
	at org.junit.platform.launcher.core.SessionPerRequestLauncher.execute(SessionPerRequestLauncher.java:53)
	at org.apache.maven.surefire.junitplatform.JUnitPlatformProvider.execute(JUnitPlatformProvider.java:188)
	at org.apache.maven.surefire.junitplatform.JUnitPlatformProvider.invokeAllTests(JUnitPlatformProvider.java:154)
	at org.apache.maven.surefire.junitplatform.JUnitPlatformProvider.invoke(JUnitPlatformProvider.java:124)
	at org.apache.maven.surefire.booter.ForkedBooter.runSuitesInProcess(ForkedBooter.java:428)
	at org.apache.maven.surefire.booter.ForkedBooter.execute(ForkedBooter.java:162)
	at org.apache.maven.surefire.booter.ForkedBooter.run(ForkedBooter.java:562)
	at org.apache.maven.surefire.booter.ForkedBooter.main(ForkedBooter.java:548)
Caused by: java.lang.RuntimeException: Runtime Exception after doing work
	at org.apache.hadoop.hdds.scm.container.balancer.TestContainerBalancerTask.lambda$checkIterationResultException$11(TestContainerBalancerTask.java:1028)
	at java.util.concurrent.CompletableFuture$AsyncSupply.run(CompletableFuture.java:1604)
	at java.lang.Thread.run(Thread.java:750)
2023-06-18 19:16:02,600 [main] INFO  balancer.ContainerBalancerTask (ContainerBalancerTask.java:checkIterationMoveResults(640)) - Iteration Summary. Number of Datanodes involved: 2. Size moved: 0 B (0 Bytes). Number of Container moves completed: 0.
2023-06-18 19:16:02,600 [main] INFO  balancer.ContainerBalancerTask (ContainerBalancerTask.java:balance(259)) - Result of this iteration of Container Balancer: ITERATION_COMPLETED
2023-06-18 19:16:02,600 [main] INFO  balancer.ContainerBalancerTask (ContainerBalancerTask.java:tryStopWithSaveConfiguration(308)) - Save Configuration for stopping. Reason: Completed all iterations.
]]></system-out>
  </testcase>
  <testcase name="balancerShouldObeyMaxSizeLeavingSourceLimit" classname="org.apache.hadoop.hdds.scm.container.balancer.TestContainerBalancerTask" time="0.34">
    <system-out><![CDATA[2023-06-18 19:16:02,639 [main] INFO  net.NodeSchemaLoader (NodeSchemaLoader.java:loadSchemaFromFile(129)) - Loading schema from [file:/home/runner/work/ozone/ozone/hadoop-hdds/common/target/classes/network-topology-default.xml]
2023-06-18 19:16:02,639 [main] INFO  net.NodeSchemaLoader (NodeSchemaLoader.java:loadSchema(176)) - Loading network topology layer schema file
2023-06-18 19:16:02,646 [main] INFO  net.NetworkTopologyImpl (NetworkTopologyImpl.java:add(112)) - Added a new node: /default-rack/0b3eb2e9-c6f8-4cf6-90ed-82e4192d9dcc
2023-06-18 19:16:02,647 [main] INFO  net.NetworkTopologyImpl (NetworkTopologyImpl.java:add(112)) - Added a new node: /default-rack/ace3d91a-fe41-421b-b8aa-bcdd06e8141e
2023-06-18 19:16:02,647 [main] INFO  net.NetworkTopologyImpl (NetworkTopologyImpl.java:add(112)) - Added a new node: /default-rack/e33c84ae-7ea6-4eb6-ae33-a2ca966d69c5
2023-06-18 19:16:02,647 [main] INFO  net.NetworkTopologyImpl (NetworkTopologyImpl.java:add(112)) - Added a new node: /default-rack/37919205-9552-47d1-87a5-19866fe1c840
2023-06-18 19:16:02,647 [main] INFO  net.NetworkTopologyImpl (NetworkTopologyImpl.java:add(112)) - Added a new node: /default-rack/690fe1cf-d809-4235-bcbd-45a4d9fe83a2
2023-06-18 19:16:02,647 [main] INFO  net.NetworkTopologyImpl (NetworkTopologyImpl.java:add(112)) - Added a new node: /default-rack/16189667-75fd-4176-b358-ab0f27b9bd90
2023-06-18 19:16:02,647 [main] INFO  net.NetworkTopologyImpl (NetworkTopologyImpl.java:add(112)) - Added a new node: /default-rack/90eee77c-5b89-4886-ac4f-7a9453a7812a
2023-06-18 19:16:02,647 [main] INFO  net.NetworkTopologyImpl (NetworkTopologyImpl.java:add(112)) - Added a new node: /default-rack/165f20f7-ffb1-4911-a85b-e4289fc7c557
2023-06-18 19:16:02,648 [main] INFO  net.NetworkTopologyImpl (NetworkTopologyImpl.java:add(112)) - Added a new node: /default-rack/1ec6a17f-1305-4c14-8224-a4f1be31c060
2023-06-18 19:16:02,648 [main] INFO  net.NetworkTopologyImpl (NetworkTopologyImpl.java:add(112)) - Added a new node: /default-rack/a843a2bc-5e0e-442a-9244-208c6fb84e74
2023-06-18 19:16:02,648 [main] INFO  algorithms.ContainerPlacementPolicyFactory (ContainerPlacementPolicyFactory.java:getPolicyInternal(86)) - Create container placement policy of type org.apache.hadoop.hdds.scm.container.placement.algorithms.SCMContainerPlacementRackAware
2023-06-18 19:16:02,648 [main] INFO  algorithms.ContainerPlacementPolicyFactory (ContainerPlacementPolicyFactory.java:getPolicyInternal(86)) - Create container placement policy of type org.apache.hadoop.hdds.scm.container.placement.algorithms.SCMContainerPlacementRackScatter
2023-06-18 19:16:02,657 [main] DEBUG balancer.ContainerBalancerTask (ContainerBalancerTask.java:initializeIteration(374)) - Average utilization of the cluster is 0.3382662909636223
2023-06-18 19:16:02,658 [main] DEBUG balancer.ContainerBalancerTask (ContainerBalancerTask.java:initializeIteration(386)) - Lower limit for utilization is 0.2382662909636223 and Upper limit for utilization is 0.43826629096362235
2023-06-18 19:16:02,659 [main] DEBUG balancer.ContainerBalancerTask (ContainerBalancerTask.java:initializeIteration(398)) - Utilization for node 0b3eb2e9-c6f8-4cf6-90ed-82e4192d9dcc with capacity 50107951786B, used 45097156608B, and remaining 5010795178B is 0.9000000000119741
2023-06-18 19:16:02,659 [main] DEBUG balancer.ContainerBalancerTask (ContainerBalancerTask.java:initializeIteration(398)) - Utilization for node e33c84ae-7ea6-4eb6-ae33-a2ca966d69c5 with capacity 51002736640B, used 40802189312B, and remaining 10200547328B is 0.8
2023-06-18 19:16:02,659 [main] DEBUG balancer.ContainerBalancerTask (ContainerBalancerTask.java:initializeIteration(398)) - Utilization for node 37919205-9552-47d1-87a5-19866fe1c840 with capacity 79763678354B, used 55834574848B, and remaining 23929103506B is 0.7000000000025074
2023-06-18 19:16:02,659 [main] DEBUG balancer.ContainerBalancerTask (ContainerBalancerTask.java:initializeIteration(398)) - Utilization for node 16189667-75fd-4176-b358-ab0f27b9bd90 with capacity 89478485333B, used 53687091200B, and remaining 35791394133B is 0.6000000000022352
2023-06-18 19:16:02,660 [main] DEBUG balancer.ContainerBalancerTask (ContainerBalancerTask.java:initializeIteration(398)) - Utilization for node 1ec6a17f-1305-4c14-8224-a4f1be31c060 with capacity 98784247808B, used 49392123904B, and remaining 49392123904B is 0.5
2023-06-18 19:16:02,660 [main] DEBUG balancer.ContainerBalancerTask (ContainerBalancerTask.java:initializeIteration(398)) - Utilization for node ace3d91a-fe41-421b-b8aa-bcdd06e8141e with capacity 96636764160B, used 38654705664B, and remaining 57982058496B is 0.4
2023-06-18 19:16:02,660 [main] DEBUG balancer.ContainerBalancerTask (ContainerBalancerTask.java:initializeIteration(398)) - Utilization for node 690fe1cf-d809-4235-bcbd-45a4d9fe83a2 with capacity 100215903573B, used 30064771072B, and remaining 70151132501B is 0.30000000000099786
2023-06-18 19:16:02,660 [main] DEBUG balancer.ContainerBalancerTask (ContainerBalancerTask.java:initializeIteration(398)) - Utilization for node a843a2bc-5e0e-442a-9244-208c6fb84e74 with capacity 204010946560B, used 40802189312B, and remaining 163208757248B is 0.2
2023-06-18 19:16:02,660 [main] DEBUG balancer.ContainerBalancerTask (ContainerBalancerTask.java:initializeIteration(398)) - Utilization for node 165f20f7-ffb1-4911-a85b-e4289fc7c557 with capacity 354334801920B, used 35433480192B, and remaining 318901321728B is 0.1
2023-06-18 19:16:02,661 [main] DEBUG balancer.ContainerBalancerTask (ContainerBalancerTask.java:initializeIteration(398)) - Utilization for node 90eee77c-5b89-4886-ac4f-7a9453a7812a with capacity 27917287424B, used 0B, and remaining 27917287424B is 0.0
2023-06-18 19:16:02,661 [main] INFO  balancer.ContainerBalancerTask (ContainerBalancerTask.java:initializeIteration(447)) - Container Balancer has identified 5 Over-Utilized and 3 Under-Utilized Datanodes that need to be balanced.
2023-06-18 19:16:02,661 [main] DEBUG balancer.ContainerBalancerTask (ContainerBalancerTask.java:lambda$initializeIteration$1(453)) - Datanode localhost-190.255.114.220 0b3eb2e9-c6f8-4cf6-90ed-82e4192d9dcc is Over-Utilized.
2023-06-18 19:16:02,661 [main] DEBUG balancer.ContainerBalancerTask (ContainerBalancerTask.java:lambda$initializeIteration$1(453)) - Datanode localhost-72.184.50.234 e33c84ae-7ea6-4eb6-ae33-a2ca966d69c5 is Over-Utilized.
2023-06-18 19:16:02,661 [main] DEBUG balancer.ContainerBalancerTask (ContainerBalancerTask.java:lambda$initializeIteration$1(453)) - Datanode localhost-118.102.211.96 37919205-9552-47d1-87a5-19866fe1c840 is Over-Utilized.
2023-06-18 19:16:02,661 [main] DEBUG balancer.ContainerBalancerTask (ContainerBalancerTask.java:lambda$initializeIteration$1(453)) - Datanode localhost-110.248.254.2 16189667-75fd-4176-b358-ab0f27b9bd90 is Over-Utilized.
2023-06-18 19:16:02,661 [main] DEBUG balancer.ContainerBalancerTask (ContainerBalancerTask.java:lambda$initializeIteration$1(453)) - Datanode localhost-52.96.248.135 1ec6a17f-1305-4c14-8224-a4f1be31c060 is Over-Utilized.
2023-06-18 19:16:02,661 [main] DEBUG balancer.ContainerBalancerTask (ContainerBalancerTask.java:lambda$initializeIteration$2(459)) - Datanode localhost-228.99.70.159 90eee77c-5b89-4886-ac4f-7a9453a7812a is Under-Utilized.
2023-06-18 19:16:02,661 [main] DEBUG balancer.ContainerBalancerTask (ContainerBalancerTask.java:lambda$initializeIteration$2(459)) - Datanode localhost-11.43.205.144 165f20f7-ffb1-4911-a85b-e4289fc7c557 is Under-Utilized.
2023-06-18 19:16:02,662 [main] DEBUG balancer.ContainerBalancerTask (ContainerBalancerTask.java:lambda$initializeIteration$2(459)) - Datanode localhost-212.83.70.62 a843a2bc-5e0e-442a-9244-208c6fb84e74 is Under-Utilized.
2023-06-18 19:16:02,665 [main] DEBUG balancer.ContainerBalancerTask (ContainerBalancerTask.java:matchSourceWithTarget(699)) - ContainerBalancer could not find any candidate containers for datanode 0b3eb2e9-c6f8-4cf6-90ed-82e4192d9dcc
2023-06-18 19:16:02,667 [main] DEBUG balancer.ContainerBalancerTask (ContainerBalancerTask.java:matchSourceWithTarget(699)) - ContainerBalancer could not find any candidate containers for datanode e33c84ae-7ea6-4eb6-ae33-a2ca966d69c5
2023-06-18 19:16:02,670 [main] DEBUG balancer.ContainerBalancerTask (ContainerBalancerTask.java:matchSourceWithTarget(699)) - ContainerBalancer could not find any candidate containers for datanode 37919205-9552-47d1-87a5-19866fe1c840
2023-06-18 19:16:02,674 [main] DEBUG balancer.ContainerBalancerTask (ContainerBalancerTask.java:matchSourceWithTarget(699)) - ContainerBalancer could not find any candidate containers for datanode 16189667-75fd-4176-b358-ab0f27b9bd90
2023-06-18 19:16:02,677 [main] DEBUG balancer.ContainerBalancerTask (ContainerBalancerTask.java:matchSourceWithTarget(699)) - ContainerBalancer could not find any candidate containers for datanode 1ec6a17f-1305-4c14-8224-a4f1be31c060
2023-06-18 19:16:02,677 [main] INFO  balancer.FindSourceGreedy (FindSourceGreedy.java:getNextCandidateSourceDataNode(126)) - no more candidate source data node
2023-06-18 19:16:02,677 [main] INFO  balancer.ContainerBalancerTask (ContainerBalancerTask.java:balance(259)) - Result of this iteration of Container Balancer: CAN_NOT_BALANCE_ANY_MORE
2023-06-18 19:16:02,677 [main] INFO  balancer.ContainerBalancerTask (ContainerBalancerTask.java:tryStopWithSaveConfiguration(308)) - Save Configuration for stopping. Reason: CAN_NOT_BALANCE_ANY_MORE
2023-06-18 19:16:02,706 [main] DEBUG balancer.ContainerBalancerTask (ContainerBalancerTask.java:initializeIteration(374)) - Average utilization of the cluster is 0.3382662909636223
2023-06-18 19:16:02,706 [main] DEBUG balancer.ContainerBalancerTask (ContainerBalancerTask.java:initializeIteration(386)) - Lower limit for utilization is 0.2382662909636223 and Upper limit for utilization is 0.43826629096362235
2023-06-18 19:16:02,707 [main] DEBUG balancer.ContainerBalancerTask (ContainerBalancerTask.java:initializeIteration(398)) - Utilization for node 0b3eb2e9-c6f8-4cf6-90ed-82e4192d9dcc with capacity 50107951786B, used 45097156608B, and remaining 5010795178B is 0.9000000000119741
2023-06-18 19:16:02,707 [main] DEBUG balancer.ContainerBalancerTask (ContainerBalancerTask.java:initializeIteration(398)) - Utilization for node e33c84ae-7ea6-4eb6-ae33-a2ca966d69c5 with capacity 51002736640B, used 40802189312B, and remaining 10200547328B is 0.8
2023-06-18 19:16:02,707 [main] DEBUG balancer.ContainerBalancerTask (ContainerBalancerTask.java:initializeIteration(398)) - Utilization for node 37919205-9552-47d1-87a5-19866fe1c840 with capacity 79763678354B, used 55834574848B, and remaining 23929103506B is 0.7000000000025074
2023-06-18 19:16:02,707 [main] DEBUG balancer.ContainerBalancerTask (ContainerBalancerTask.java:initializeIteration(398)) - Utilization for node 16189667-75fd-4176-b358-ab0f27b9bd90 with capacity 89478485333B, used 53687091200B, and remaining 35791394133B is 0.6000000000022352
2023-06-18 19:16:02,707 [main] DEBUG balancer.ContainerBalancerTask (ContainerBalancerTask.java:initializeIteration(398)) - Utilization for node 1ec6a17f-1305-4c14-8224-a4f1be31c060 with capacity 98784247808B, used 49392123904B, and remaining 49392123904B is 0.5
2023-06-18 19:16:02,707 [main] DEBUG balancer.ContainerBalancerTask (ContainerBalancerTask.java:initializeIteration(398)) - Utilization for node ace3d91a-fe41-421b-b8aa-bcdd06e8141e with capacity 96636764160B, used 38654705664B, and remaining 57982058496B is 0.4
2023-06-18 19:16:02,707 [main] DEBUG balancer.ContainerBalancerTask (ContainerBalancerTask.java:initializeIteration(398)) - Utilization for node 690fe1cf-d809-4235-bcbd-45a4d9fe83a2 with capacity 100215903573B, used 30064771072B, and remaining 70151132501B is 0.30000000000099786
2023-06-18 19:16:02,707 [main] DEBUG balancer.ContainerBalancerTask (ContainerBalancerTask.java:initializeIteration(398)) - Utilization for node a843a2bc-5e0e-442a-9244-208c6fb84e74 with capacity 204010946560B, used 40802189312B, and remaining 163208757248B is 0.2
2023-06-18 19:16:02,707 [main] DEBUG balancer.ContainerBalancerTask (ContainerBalancerTask.java:initializeIteration(398)) - Utilization for node 165f20f7-ffb1-4911-a85b-e4289fc7c557 with capacity 354334801920B, used 35433480192B, and remaining 318901321728B is 0.1
2023-06-18 19:16:02,708 [main] DEBUG balancer.ContainerBalancerTask (ContainerBalancerTask.java:initializeIteration(398)) - Utilization for node 90eee77c-5b89-4886-ac4f-7a9453a7812a with capacity 27917287424B, used 0B, and remaining 27917287424B is 0.0
2023-06-18 19:16:02,708 [main] INFO  balancer.ContainerBalancerTask (ContainerBalancerTask.java:initializeIteration(447)) - Container Balancer has identified 5 Over-Utilized and 3 Under-Utilized Datanodes that need to be balanced.
2023-06-18 19:16:02,708 [main] DEBUG balancer.ContainerBalancerTask (ContainerBalancerTask.java:lambda$initializeIteration$1(453)) - Datanode localhost-190.255.114.220 0b3eb2e9-c6f8-4cf6-90ed-82e4192d9dcc is Over-Utilized.
2023-06-18 19:16:02,708 [main] DEBUG balancer.ContainerBalancerTask (ContainerBalancerTask.java:lambda$initializeIteration$1(453)) - Datanode localhost-72.184.50.234 e33c84ae-7ea6-4eb6-ae33-a2ca966d69c5 is Over-Utilized.
2023-06-18 19:16:02,708 [main] DEBUG balancer.ContainerBalancerTask (ContainerBalancerTask.java:lambda$initializeIteration$1(453)) - Datanode localhost-118.102.211.96 37919205-9552-47d1-87a5-19866fe1c840 is Over-Utilized.
2023-06-18 19:16:02,708 [main] DEBUG balancer.ContainerBalancerTask (ContainerBalancerTask.java:lambda$initializeIteration$1(453)) - Datanode localhost-110.248.254.2 16189667-75fd-4176-b358-ab0f27b9bd90 is Over-Utilized.
2023-06-18 19:16:02,708 [main] DEBUG balancer.ContainerBalancerTask (ContainerBalancerTask.java:lambda$initializeIteration$1(453)) - Datanode localhost-52.96.248.135 1ec6a17f-1305-4c14-8224-a4f1be31c060 is Over-Utilized.
2023-06-18 19:16:02,708 [main] DEBUG balancer.ContainerBalancerTask (ContainerBalancerTask.java:lambda$initializeIteration$2(459)) - Datanode localhost-228.99.70.159 90eee77c-5b89-4886-ac4f-7a9453a7812a is Under-Utilized.
2023-06-18 19:16:02,708 [main] DEBUG balancer.ContainerBalancerTask (ContainerBalancerTask.java:lambda$initializeIteration$2(459)) - Datanode localhost-11.43.205.144 165f20f7-ffb1-4911-a85b-e4289fc7c557 is Under-Utilized.
2023-06-18 19:16:02,709 [main] DEBUG balancer.ContainerBalancerTask (ContainerBalancerTask.java:lambda$initializeIteration$2(459)) - Datanode localhost-212.83.70.62 a843a2bc-5e0e-442a-9244-208c6fb84e74 is Under-Utilized.
2023-06-18 19:16:02,711 [main] DEBUG balancer.ContainerBalancerTask (ContainerBalancerTask.java:matchSourceWithTarget(706)) - ContainerBalancer is finding suitable target for source datanode 0b3eb2e9-c6f8-4cf6-90ed-82e4192d9dcc
2023-06-18 19:16:02,711 [main] INFO  balancer.ContainerBalancerTask (ContainerBalancerTask.java:matchSourceWithTarget(720)) - ContainerBalancer matched source datanode 0b3eb2e9-c6f8-4cf6-90ed-82e4192d9dcc with target datanode 90eee77c-5b89-4886-ac4f-7a9453a7812a for container move.
2023-06-18 19:16:02,712 [main] INFO  balancer.ContainerBalancerTask (ContainerBalancerTask.java:processMoveSelection(569)) - ContainerBalancer is trying to move container #85 with size 5368709120B from source datanode 0b3eb2e9-c6f8-4cf6-90ed-82e4192d9dcc to target datanode 90eee77c-5b89-4886-ac4f-7a9453a7812a
2023-06-18 19:16:02,712 [main] DEBUG balancer.ContainerBalancerTask (ContainerBalancerTask.java:lambda$moveContainer$3(834)) - Container move completed for container #85 from source 0b3eb2e9-c6f8-4cf6-90ed-82e4192d9dcc to target 90eee77c-5b89-4886-ac4f-7a9453a7812a
2023-06-18 19:16:02,713 [main] DEBUG balancer.ContainerBalancerTask (ContainerBalancerTask.java:adaptOnReachingIterationLimits(780)) - Reached max datanodes to involve limit. 2 datanodes have already been selected for balancing and the limit is 2. Only already selected sources and targets can be involved in balancing now.
2023-06-18 19:16:02,721 [main] DEBUG balancer.ContainerBalancerTask (ContainerBalancerTask.java:matchSourceWithTarget(706)) - ContainerBalancer is finding suitable target for source datanode 0b3eb2e9-c6f8-4cf6-90ed-82e4192d9dcc
2023-06-18 19:16:02,722 [main] INFO  balancer.ContainerBalancerTask (ContainerBalancerTask.java:matchSourceWithTarget(720)) - ContainerBalancer matched source datanode 0b3eb2e9-c6f8-4cf6-90ed-82e4192d9dcc with target datanode 90eee77c-5b89-4886-ac4f-7a9453a7812a for container move.
2023-06-18 19:16:02,722 [main] INFO  balancer.ContainerBalancerTask (ContainerBalancerTask.java:processMoveSelection(569)) - ContainerBalancer is trying to move container #53 with size 5368709120B from source datanode 0b3eb2e9-c6f8-4cf6-90ed-82e4192d9dcc to target datanode 90eee77c-5b89-4886-ac4f-7a9453a7812a
2023-06-18 19:16:02,722 [main] DEBUG balancer.ContainerBalancerTask (ContainerBalancerTask.java:lambda$moveContainer$3(834)) - Container move completed for container #53 from source 0b3eb2e9-c6f8-4cf6-90ed-82e4192d9dcc to target 90eee77c-5b89-4886-ac4f-7a9453a7812a
2023-06-18 19:16:02,725 [main] DEBUG balancer.ContainerBalancerTask (ContainerBalancerTask.java:matchSourceWithTarget(706)) - ContainerBalancer is finding suitable target for source datanode 0b3eb2e9-c6f8-4cf6-90ed-82e4192d9dcc
2023-06-18 19:16:02,727 [main] INFO  balancer.ContainerBalancerTask (ContainerBalancerTask.java:matchSourceWithTarget(720)) - ContainerBalancer matched source datanode 0b3eb2e9-c6f8-4cf6-90ed-82e4192d9dcc with target datanode 90eee77c-5b89-4886-ac4f-7a9453a7812a for container move.
2023-06-18 19:16:02,727 [main] INFO  balancer.ContainerBalancerTask (ContainerBalancerTask.java:processMoveSelection(569)) - ContainerBalancer is trying to move container #86 with size 1073741824B from source datanode 0b3eb2e9-c6f8-4cf6-90ed-82e4192d9dcc to target datanode 90eee77c-5b89-4886-ac4f-7a9453a7812a
2023-06-18 19:16:02,727 [main] DEBUG balancer.ContainerBalancerTask (ContainerBalancerTask.java:lambda$moveContainer$3(834)) - Container move completed for container #86 from source 0b3eb2e9-c6f8-4cf6-90ed-82e4192d9dcc to target 90eee77c-5b89-4886-ac4f-7a9453a7812a
2023-06-18 19:16:02,730 [main] DEBUG balancer.ContainerBalancerTask (ContainerBalancerTask.java:matchSourceWithTarget(706)) - ContainerBalancer is finding suitable target for source datanode 0b3eb2e9-c6f8-4cf6-90ed-82e4192d9dcc
2023-06-18 19:16:02,731 [main] INFO  balancer.FindTargetGreedyByUsageInfo (AbstractFindTargetGreedy.java:findTargetForContainerMove(133)) - Container Balancer could not find a target for source datanode 0b3eb2e9-c6f8-4cf6-90ed-82e4192d9dcc
2023-06-18 19:16:02,731 [main] DEBUG balancer.ContainerBalancerTask (ContainerBalancerTask.java:matchSourceWithTarget(715)) - ContainerBalancer could not find a suitable target for source node 0b3eb2e9-c6f8-4cf6-90ed-82e4192d9dcc.
2023-06-18 19:16:02,731 [main] INFO  balancer.FindSourceGreedy (FindSourceGreedy.java:getNextCandidateSourceDataNode(126)) - no more candidate source data node
2023-06-18 19:16:02,731 [main] INFO  balancer.ContainerBalancerTask (ContainerBalancerTask.java:checkIterationMoveResults(640)) - Iteration Summary. Number of Datanodes involved: 2. Size moved: 11 GB (11811160064 Bytes). Number of Container moves completed: 3.
2023-06-18 19:16:02,732 [main] INFO  balancer.ContainerBalancerTask (ContainerBalancerTask.java:balance(259)) - Result of this iteration of Container Balancer: ITERATION_COMPLETED
2023-06-18 19:16:02,734 [main] DEBUG balancer.ContainerBalancerTask (ContainerBalancerTask.java:initializeIteration(374)) - Average utilization of the cluster is 0.3382662909636223
2023-06-18 19:16:02,734 [main] DEBUG balancer.ContainerBalancerTask (ContainerBalancerTask.java:initializeIteration(386)) - Lower limit for utilization is 0.2382662909636223 and Upper limit for utilization is 0.43826629096362235
2023-06-18 19:16:02,735 [main] DEBUG balancer.ContainerBalancerTask (ContainerBalancerTask.java:initializeIteration(398)) - Utilization for node 0b3eb2e9-c6f8-4cf6-90ed-82e4192d9dcc with capacity 50107951786B, used 45097156608B, and remaining 5010795178B is 0.9000000000119741
2023-06-18 19:16:02,735 [main] DEBUG balancer.ContainerBalancerTask (ContainerBalancerTask.java:initializeIteration(398)) - Utilization for node e33c84ae-7ea6-4eb6-ae33-a2ca966d69c5 with capacity 51002736640B, used 40802189312B, and remaining 10200547328B is 0.8
2023-06-18 19:16:02,735 [main] DEBUG balancer.ContainerBalancerTask (ContainerBalancerTask.java:initializeIteration(398)) - Utilization for node 37919205-9552-47d1-87a5-19866fe1c840 with capacity 79763678354B, used 55834574848B, and remaining 23929103506B is 0.7000000000025074
2023-06-18 19:16:02,735 [main] DEBUG balancer.ContainerBalancerTask (ContainerBalancerTask.java:initializeIteration(398)) - Utilization for node 16189667-75fd-4176-b358-ab0f27b9bd90 with capacity 89478485333B, used 53687091200B, and remaining 35791394133B is 0.6000000000022352
2023-06-18 19:16:02,735 [main] DEBUG balancer.ContainerBalancerTask (ContainerBalancerTask.java:initializeIteration(398)) - Utilization for node 1ec6a17f-1305-4c14-8224-a4f1be31c060 with capacity 98784247808B, used 49392123904B, and remaining 49392123904B is 0.5
2023-06-18 19:16:02,735 [main] DEBUG balancer.ContainerBalancerTask (ContainerBalancerTask.java:initializeIteration(398)) - Utilization for node ace3d91a-fe41-421b-b8aa-bcdd06e8141e with capacity 96636764160B, used 38654705664B, and remaining 57982058496B is 0.4
2023-06-18 19:16:02,735 [main] DEBUG balancer.ContainerBalancerTask (ContainerBalancerTask.java:initializeIteration(398)) - Utilization for node 690fe1cf-d809-4235-bcbd-45a4d9fe83a2 with capacity 100215903573B, used 30064771072B, and remaining 70151132501B is 0.30000000000099786
2023-06-18 19:16:02,735 [main] DEBUG balancer.ContainerBalancerTask (ContainerBalancerTask.java:initializeIteration(398)) - Utilization for node a843a2bc-5e0e-442a-9244-208c6fb84e74 with capacity 204010946560B, used 40802189312B, and remaining 163208757248B is 0.2
2023-06-18 19:16:02,736 [main] DEBUG balancer.ContainerBalancerTask (ContainerBalancerTask.java:initializeIteration(398)) - Utilization for node 165f20f7-ffb1-4911-a85b-e4289fc7c557 with capacity 354334801920B, used 35433480192B, and remaining 318901321728B is 0.1
2023-06-18 19:16:02,736 [main] DEBUG balancer.ContainerBalancerTask (ContainerBalancerTask.java:initializeIteration(398)) - Utilization for node 90eee77c-5b89-4886-ac4f-7a9453a7812a with capacity 27917287424B, used 0B, and remaining 27917287424B is 0.0
2023-06-18 19:16:02,736 [main] INFO  balancer.ContainerBalancerTask (ContainerBalancerTask.java:initializeIteration(447)) - Container Balancer has identified 5 Over-Utilized and 3 Under-Utilized Datanodes that need to be balanced.
2023-06-18 19:16:02,736 [main] DEBUG balancer.ContainerBalancerTask (ContainerBalancerTask.java:lambda$initializeIteration$1(453)) - Datanode localhost-190.255.114.220 0b3eb2e9-c6f8-4cf6-90ed-82e4192d9dcc is Over-Utilized.
2023-06-18 19:16:02,736 [main] DEBUG balancer.ContainerBalancerTask (ContainerBalancerTask.java:lambda$initializeIteration$1(453)) - Datanode localhost-72.184.50.234 e33c84ae-7ea6-4eb6-ae33-a2ca966d69c5 is Over-Utilized.
2023-06-18 19:16:02,736 [main] DEBUG balancer.ContainerBalancerTask (ContainerBalancerTask.java:lambda$initializeIteration$1(453)) - Datanode localhost-118.102.211.96 37919205-9552-47d1-87a5-19866fe1c840 is Over-Utilized.
2023-06-18 19:16:02,736 [main] DEBUG balancer.ContainerBalancerTask (ContainerBalancerTask.java:lambda$initializeIteration$1(453)) - Datanode localhost-110.248.254.2 16189667-75fd-4176-b358-ab0f27b9bd90 is Over-Utilized.
2023-06-18 19:16:02,736 [main] DEBUG balancer.ContainerBalancerTask (ContainerBalancerTask.java:lambda$initializeIteration$1(453)) - Datanode localhost-52.96.248.135 1ec6a17f-1305-4c14-8224-a4f1be31c060 is Over-Utilized.
2023-06-18 19:16:02,736 [main] DEBUG balancer.ContainerBalancerTask (ContainerBalancerTask.java:lambda$initializeIteration$2(459)) - Datanode localhost-228.99.70.159 90eee77c-5b89-4886-ac4f-7a9453a7812a is Under-Utilized.
2023-06-18 19:16:02,737 [main] DEBUG balancer.ContainerBalancerTask (ContainerBalancerTask.java:lambda$initializeIteration$2(459)) - Datanode localhost-11.43.205.144 165f20f7-ffb1-4911-a85b-e4289fc7c557 is Under-Utilized.
2023-06-18 19:16:02,737 [main] DEBUG balancer.ContainerBalancerTask (ContainerBalancerTask.java:lambda$initializeIteration$2(459)) - Datanode localhost-212.83.70.62 a843a2bc-5e0e-442a-9244-208c6fb84e74 is Under-Utilized.
2023-06-18 19:16:02,739 [main] DEBUG balancer.ContainerBalancerTask (ContainerBalancerTask.java:matchSourceWithTarget(706)) - ContainerBalancer is finding suitable target for source datanode 0b3eb2e9-c6f8-4cf6-90ed-82e4192d9dcc
2023-06-18 19:16:02,739 [main] INFO  balancer.ContainerBalancerTask (ContainerBalancerTask.java:matchSourceWithTarget(720)) - ContainerBalancer matched source datanode 0b3eb2e9-c6f8-4cf6-90ed-82e4192d9dcc with target datanode 90eee77c-5b89-4886-ac4f-7a9453a7812a for container move.
2023-06-18 19:16:02,740 [main] INFO  balancer.ContainerBalancerTask (ContainerBalancerTask.java:processMoveSelection(569)) - ContainerBalancer is trying to move container #85 with size 5368709120B from source datanode 0b3eb2e9-c6f8-4cf6-90ed-82e4192d9dcc to target datanode 90eee77c-5b89-4886-ac4f-7a9453a7812a
2023-06-18 19:16:02,740 [main] DEBUG balancer.ContainerBalancerTask (ContainerBalancerTask.java:lambda$moveContainer$3(834)) - Container move completed for container #85 from source 0b3eb2e9-c6f8-4cf6-90ed-82e4192d9dcc to target 90eee77c-5b89-4886-ac4f-7a9453a7812a
2023-06-18 19:16:02,740 [main] DEBUG balancer.ContainerBalancerTask (ContainerBalancerTask.java:adaptOnReachingIterationLimits(780)) - Reached max datanodes to involve limit. 2 datanodes have already been selected for balancing and the limit is 2. Only already selected sources and targets can be involved in balancing now.
2023-06-18 19:16:02,743 [main] DEBUG balancer.ContainerBalancerTask (ContainerBalancerTask.java:matchSourceWithTarget(706)) - ContainerBalancer is finding suitable target for source datanode 0b3eb2e9-c6f8-4cf6-90ed-82e4192d9dcc
2023-06-18 19:16:02,743 [main] INFO  balancer.ContainerBalancerTask (ContainerBalancerTask.java:matchSourceWithTarget(720)) - ContainerBalancer matched source datanode 0b3eb2e9-c6f8-4cf6-90ed-82e4192d9dcc with target datanode 90eee77c-5b89-4886-ac4f-7a9453a7812a for container move.
2023-06-18 19:16:02,743 [main] INFO  balancer.ContainerBalancerTask (ContainerBalancerTask.java:processMoveSelection(569)) - ContainerBalancer is trying to move container #53 with size 5368709120B from source datanode 0b3eb2e9-c6f8-4cf6-90ed-82e4192d9dcc to target datanode 90eee77c-5b89-4886-ac4f-7a9453a7812a
2023-06-18 19:16:02,743 [main] DEBUG balancer.ContainerBalancerTask (ContainerBalancerTask.java:lambda$moveContainer$3(834)) - Container move completed for container #53 from source 0b3eb2e9-c6f8-4cf6-90ed-82e4192d9dcc to target 90eee77c-5b89-4886-ac4f-7a9453a7812a
2023-06-18 19:16:02,747 [main] DEBUG balancer.ContainerBalancerTask (ContainerBalancerTask.java:matchSourceWithTarget(706)) - ContainerBalancer is finding suitable target for source datanode 0b3eb2e9-c6f8-4cf6-90ed-82e4192d9dcc
2023-06-18 19:16:02,748 [main] INFO  balancer.ContainerBalancerTask (ContainerBalancerTask.java:matchSourceWithTarget(720)) - ContainerBalancer matched source datanode 0b3eb2e9-c6f8-4cf6-90ed-82e4192d9dcc with target datanode 90eee77c-5b89-4886-ac4f-7a9453a7812a for container move.
2023-06-18 19:16:02,748 [main] INFO  balancer.ContainerBalancerTask (ContainerBalancerTask.java:processMoveSelection(569)) - ContainerBalancer is trying to move container #86 with size 1073741824B from source datanode 0b3eb2e9-c6f8-4cf6-90ed-82e4192d9dcc to target datanode 90eee77c-5b89-4886-ac4f-7a9453a7812a
2023-06-18 19:16:02,748 [main] DEBUG balancer.ContainerBalancerTask (ContainerBalancerTask.java:lambda$moveContainer$3(834)) - Container move completed for container #86 from source 0b3eb2e9-c6f8-4cf6-90ed-82e4192d9dcc to target 90eee77c-5b89-4886-ac4f-7a9453a7812a
2023-06-18 19:16:02,751 [main] DEBUG balancer.ContainerBalancerTask (ContainerBalancerTask.java:matchSourceWithTarget(706)) - ContainerBalancer is finding suitable target for source datanode 0b3eb2e9-c6f8-4cf6-90ed-82e4192d9dcc
2023-06-18 19:16:02,753 [main] INFO  balancer.FindTargetGreedyByUsageInfo (AbstractFindTargetGreedy.java:findTargetForContainerMove(133)) - Container Balancer could not find a target for source datanode 0b3eb2e9-c6f8-4cf6-90ed-82e4192d9dcc
2023-06-18 19:16:02,753 [main] DEBUG balancer.ContainerBalancerTask (ContainerBalancerTask.java:matchSourceWithTarget(715)) - ContainerBalancer could not find a suitable target for source node 0b3eb2e9-c6f8-4cf6-90ed-82e4192d9dcc.
2023-06-18 19:16:02,753 [main] INFO  balancer.FindSourceGreedy (FindSourceGreedy.java:getNextCandidateSourceDataNode(126)) - no more candidate source data node
2023-06-18 19:16:02,753 [main] INFO  balancer.ContainerBalancerTask (ContainerBalancerTask.java:checkIterationMoveResults(640)) - Iteration Summary. Number of Datanodes involved: 2. Size moved: 11 GB (11811160064 Bytes). Number of Container moves completed: 3.
2023-06-18 19:16:02,753 [main] INFO  balancer.ContainerBalancerTask (ContainerBalancerTask.java:balance(259)) - Result of this iteration of Container Balancer: ITERATION_COMPLETED
2023-06-18 19:16:02,755 [main] DEBUG balancer.ContainerBalancerTask (ContainerBalancerTask.java:initializeIteration(374)) - Average utilization of the cluster is 0.3382662909636223
2023-06-18 19:16:02,755 [main] DEBUG balancer.ContainerBalancerTask (ContainerBalancerTask.java:initializeIteration(386)) - Lower limit for utilization is 0.2382662909636223 and Upper limit for utilization is 0.43826629096362235
2023-06-18 19:16:02,755 [main] DEBUG balancer.ContainerBalancerTask (ContainerBalancerTask.java:initializeIteration(398)) - Utilization for node 0b3eb2e9-c6f8-4cf6-90ed-82e4192d9dcc with capacity 50107951786B, used 45097156608B, and remaining 5010795178B is 0.9000000000119741
2023-06-18 19:16:02,756 [main] DEBUG balancer.ContainerBalancerTask (ContainerBalancerTask.java:initializeIteration(398)) - Utilization for node e33c84ae-7ea6-4eb6-ae33-a2ca966d69c5 with capacity 51002736640B, used 40802189312B, and remaining 10200547328B is 0.8
2023-06-18 19:16:02,756 [main] DEBUG balancer.ContainerBalancerTask (ContainerBalancerTask.java:initializeIteration(398)) - Utilization for node 37919205-9552-47d1-87a5-19866fe1c840 with capacity 79763678354B, used 55834574848B, and remaining 23929103506B is 0.7000000000025074
2023-06-18 19:16:02,756 [main] DEBUG balancer.ContainerBalancerTask (ContainerBalancerTask.java:initializeIteration(398)) - Utilization for node 16189667-75fd-4176-b358-ab0f27b9bd90 with capacity 89478485333B, used 53687091200B, and remaining 35791394133B is 0.6000000000022352
2023-06-18 19:16:02,756 [main] DEBUG balancer.ContainerBalancerTask (ContainerBalancerTask.java:initializeIteration(398)) - Utilization for node 1ec6a17f-1305-4c14-8224-a4f1be31c060 with capacity 98784247808B, used 49392123904B, and remaining 49392123904B is 0.5
2023-06-18 19:16:02,756 [main] DEBUG balancer.ContainerBalancerTask (ContainerBalancerTask.java:initializeIteration(398)) - Utilization for node ace3d91a-fe41-421b-b8aa-bcdd06e8141e with capacity 96636764160B, used 38654705664B, and remaining 57982058496B is 0.4
2023-06-18 19:16:02,756 [main] DEBUG balancer.ContainerBalancerTask (ContainerBalancerTask.java:initializeIteration(398)) - Utilization for node 690fe1cf-d809-4235-bcbd-45a4d9fe83a2 with capacity 100215903573B, used 30064771072B, and remaining 70151132501B is 0.30000000000099786
2023-06-18 19:16:02,756 [main] DEBUG balancer.ContainerBalancerTask (ContainerBalancerTask.java:initializeIteration(398)) - Utilization for node a843a2bc-5e0e-442a-9244-208c6fb84e74 with capacity 204010946560B, used 40802189312B, and remaining 163208757248B is 0.2
2023-06-18 19:16:02,756 [main] DEBUG balancer.ContainerBalancerTask (ContainerBalancerTask.java:initializeIteration(398)) - Utilization for node 165f20f7-ffb1-4911-a85b-e4289fc7c557 with capacity 354334801920B, used 35433480192B, and remaining 318901321728B is 0.1
2023-06-18 19:16:02,757 [main] DEBUG balancer.ContainerBalancerTask (ContainerBalancerTask.java:initializeIteration(398)) - Utilization for node 90eee77c-5b89-4886-ac4f-7a9453a7812a with capacity 27917287424B, used 0B, and remaining 27917287424B is 0.0
2023-06-18 19:16:02,757 [main] INFO  balancer.ContainerBalancerTask (ContainerBalancerTask.java:initializeIteration(447)) - Container Balancer has identified 5 Over-Utilized and 3 Under-Utilized Datanodes that need to be balanced.
2023-06-18 19:16:02,757 [main] DEBUG balancer.ContainerBalancerTask (ContainerBalancerTask.java:lambda$initializeIteration$1(453)) - Datanode localhost-190.255.114.220 0b3eb2e9-c6f8-4cf6-90ed-82e4192d9dcc is Over-Utilized.
2023-06-18 19:16:02,757 [main] DEBUG balancer.ContainerBalancerTask (ContainerBalancerTask.java:lambda$initializeIteration$1(453)) - Datanode localhost-72.184.50.234 e33c84ae-7ea6-4eb6-ae33-a2ca966d69c5 is Over-Utilized.
2023-06-18 19:16:02,757 [main] DEBUG balancer.ContainerBalancerTask (ContainerBalancerTask.java:lambda$initializeIteration$1(453)) - Datanode localhost-118.102.211.96 37919205-9552-47d1-87a5-19866fe1c840 is Over-Utilized.
2023-06-18 19:16:02,757 [main] DEBUG balancer.ContainerBalancerTask (ContainerBalancerTask.java:lambda$initializeIteration$1(453)) - Datanode localhost-110.248.254.2 16189667-75fd-4176-b358-ab0f27b9bd90 is Over-Utilized.
2023-06-18 19:16:02,757 [main] DEBUG balancer.ContainerBalancerTask (ContainerBalancerTask.java:lambda$initializeIteration$1(453)) - Datanode localhost-52.96.248.135 1ec6a17f-1305-4c14-8224-a4f1be31c060 is Over-Utilized.
2023-06-18 19:16:02,757 [main] DEBUG balancer.ContainerBalancerTask (ContainerBalancerTask.java:lambda$initializeIteration$2(459)) - Datanode localhost-228.99.70.159 90eee77c-5b89-4886-ac4f-7a9453a7812a is Under-Utilized.
2023-06-18 19:16:02,757 [main] DEBUG balancer.ContainerBalancerTask (ContainerBalancerTask.java:lambda$initializeIteration$2(459)) - Datanode localhost-11.43.205.144 165f20f7-ffb1-4911-a85b-e4289fc7c557 is Under-Utilized.
2023-06-18 19:16:02,757 [main] DEBUG balancer.ContainerBalancerTask (ContainerBalancerTask.java:lambda$initializeIteration$2(459)) - Datanode localhost-212.83.70.62 a843a2bc-5e0e-442a-9244-208c6fb84e74 is Under-Utilized.
2023-06-18 19:16:02,760 [main] DEBUG balancer.ContainerBalancerTask (ContainerBalancerTask.java:matchSourceWithTarget(706)) - ContainerBalancer is finding suitable target for source datanode 0b3eb2e9-c6f8-4cf6-90ed-82e4192d9dcc
2023-06-18 19:16:02,760 [main] INFO  balancer.ContainerBalancerTask (ContainerBalancerTask.java:matchSourceWithTarget(720)) - ContainerBalancer matched source datanode 0b3eb2e9-c6f8-4cf6-90ed-82e4192d9dcc with target datanode 90eee77c-5b89-4886-ac4f-7a9453a7812a for container move.
2023-06-18 19:16:02,760 [main] INFO  balancer.ContainerBalancerTask (ContainerBalancerTask.java:processMoveSelection(569)) - ContainerBalancer is trying to move container #85 with size 5368709120B from source datanode 0b3eb2e9-c6f8-4cf6-90ed-82e4192d9dcc to target datanode 90eee77c-5b89-4886-ac4f-7a9453a7812a
2023-06-18 19:16:02,761 [main] DEBUG balancer.ContainerBalancerTask (ContainerBalancerTask.java:lambda$moveContainer$3(834)) - Container move completed for container #85 from source 0b3eb2e9-c6f8-4cf6-90ed-82e4192d9dcc to target 90eee77c-5b89-4886-ac4f-7a9453a7812a
2023-06-18 19:16:02,761 [main] DEBUG balancer.ContainerBalancerTask (ContainerBalancerTask.java:adaptOnReachingIterationLimits(780)) - Reached max datanodes to involve limit. 2 datanodes have already been selected for balancing and the limit is 2. Only already selected sources and targets can be involved in balancing now.
2023-06-18 19:16:02,763 [main] DEBUG balancer.ContainerBalancerTask (ContainerBalancerTask.java:matchSourceWithTarget(706)) - ContainerBalancer is finding suitable target for source datanode 0b3eb2e9-c6f8-4cf6-90ed-82e4192d9dcc
2023-06-18 19:16:02,763 [main] INFO  balancer.ContainerBalancerTask (ContainerBalancerTask.java:matchSourceWithTarget(720)) - ContainerBalancer matched source datanode 0b3eb2e9-c6f8-4cf6-90ed-82e4192d9dcc with target datanode 90eee77c-5b89-4886-ac4f-7a9453a7812a for container move.
2023-06-18 19:16:02,764 [main] INFO  balancer.ContainerBalancerTask (ContainerBalancerTask.java:processMoveSelection(569)) - ContainerBalancer is trying to move container #53 with size 5368709120B from source datanode 0b3eb2e9-c6f8-4cf6-90ed-82e4192d9dcc to target datanode 90eee77c-5b89-4886-ac4f-7a9453a7812a
2023-06-18 19:16:02,764 [main] DEBUG balancer.ContainerBalancerTask (ContainerBalancerTask.java:lambda$moveContainer$3(834)) - Container move completed for container #53 from source 0b3eb2e9-c6f8-4cf6-90ed-82e4192d9dcc to target 90eee77c-5b89-4886-ac4f-7a9453a7812a
2023-06-18 19:16:02,767 [main] DEBUG balancer.ContainerBalancerTask (ContainerBalancerTask.java:matchSourceWithTarget(706)) - ContainerBalancer is finding suitable target for source datanode 0b3eb2e9-c6f8-4cf6-90ed-82e4192d9dcc
2023-06-18 19:16:02,768 [main] INFO  balancer.ContainerBalancerTask (ContainerBalancerTask.java:matchSourceWithTarget(720)) - ContainerBalancer matched source datanode 0b3eb2e9-c6f8-4cf6-90ed-82e4192d9dcc with target datanode 90eee77c-5b89-4886-ac4f-7a9453a7812a for container move.
2023-06-18 19:16:02,768 [main] INFO  balancer.ContainerBalancerTask (ContainerBalancerTask.java:processMoveSelection(569)) - ContainerBalancer is trying to move container #86 with size 1073741824B from source datanode 0b3eb2e9-c6f8-4cf6-90ed-82e4192d9dcc to target datanode 90eee77c-5b89-4886-ac4f-7a9453a7812a
2023-06-18 19:16:02,769 [main] DEBUG balancer.ContainerBalancerTask (ContainerBalancerTask.java:lambda$moveContainer$3(834)) - Container move completed for container #86 from source 0b3eb2e9-c6f8-4cf6-90ed-82e4192d9dcc to target 90eee77c-5b89-4886-ac4f-7a9453a7812a
2023-06-18 19:16:02,772 [main] DEBUG balancer.ContainerBalancerTask (ContainerBalancerTask.java:matchSourceWithTarget(706)) - ContainerBalancer is finding suitable target for source datanode 0b3eb2e9-c6f8-4cf6-90ed-82e4192d9dcc
2023-06-18 19:16:02,773 [main] INFO  balancer.FindTargetGreedyByUsageInfo (AbstractFindTargetGreedy.java:findTargetForContainerMove(133)) - Container Balancer could not find a target for source datanode 0b3eb2e9-c6f8-4cf6-90ed-82e4192d9dcc
2023-06-18 19:16:02,773 [main] DEBUG balancer.ContainerBalancerTask (ContainerBalancerTask.java:matchSourceWithTarget(715)) - ContainerBalancer could not find a suitable target for source node 0b3eb2e9-c6f8-4cf6-90ed-82e4192d9dcc.
2023-06-18 19:16:02,773 [main] INFO  balancer.FindSourceGreedy (FindSourceGreedy.java:getNextCandidateSourceDataNode(126)) - no more candidate source data node
2023-06-18 19:16:02,774 [main] INFO  balancer.ContainerBalancerTask (ContainerBalancerTask.java:checkIterationMoveResults(640)) - Iteration Summary. Number of Datanodes involved: 2. Size moved: 11 GB (11811160064 Bytes). Number of Container moves completed: 3.
2023-06-18 19:16:02,774 [main] INFO  balancer.ContainerBalancerTask (ContainerBalancerTask.java:balance(259)) - Result of this iteration of Container Balancer: ITERATION_COMPLETED
2023-06-18 19:16:02,776 [main] DEBUG balancer.ContainerBalancerTask (ContainerBalancerTask.java:initializeIteration(374)) - Average utilization of the cluster is 0.3382662909636223
2023-06-18 19:16:02,776 [main] DEBUG balancer.ContainerBalancerTask (ContainerBalancerTask.java:initializeIteration(386)) - Lower limit for utilization is 0.2382662909636223 and Upper limit for utilization is 0.43826629096362235
2023-06-18 19:16:02,776 [main] DEBUG balancer.ContainerBalancerTask (ContainerBalancerTask.java:initializeIteration(398)) - Utilization for node 0b3eb2e9-c6f8-4cf6-90ed-82e4192d9dcc with capacity 50107951786B, used 45097156608B, and remaining 5010795178B is 0.9000000000119741
2023-06-18 19:16:02,776 [main] DEBUG balancer.ContainerBalancerTask (ContainerBalancerTask.java:initializeIteration(398)) - Utilization for node e33c84ae-7ea6-4eb6-ae33-a2ca966d69c5 with capacity 51002736640B, used 40802189312B, and remaining 10200547328B is 0.8
2023-06-18 19:16:02,776 [main] DEBUG balancer.ContainerBalancerTask (ContainerBalancerTask.java:initializeIteration(398)) - Utilization for node 37919205-9552-47d1-87a5-19866fe1c840 with capacity 79763678354B, used 55834574848B, and remaining 23929103506B is 0.7000000000025074
2023-06-18 19:16:02,776 [main] DEBUG balancer.ContainerBalancerTask (ContainerBalancerTask.java:initializeIteration(398)) - Utilization for node 16189667-75fd-4176-b358-ab0f27b9bd90 with capacity 89478485333B, used 53687091200B, and remaining 35791394133B is 0.6000000000022352
2023-06-18 19:16:02,776 [main] DEBUG balancer.ContainerBalancerTask (ContainerBalancerTask.java:initializeIteration(398)) - Utilization for node 1ec6a17f-1305-4c14-8224-a4f1be31c060 with capacity 98784247808B, used 49392123904B, and remaining 49392123904B is 0.5
2023-06-18 19:16:02,776 [main] DEBUG balancer.ContainerBalancerTask (ContainerBalancerTask.java:initializeIteration(398)) - Utilization for node ace3d91a-fe41-421b-b8aa-bcdd06e8141e with capacity 96636764160B, used 38654705664B, and remaining 57982058496B is 0.4
2023-06-18 19:16:02,776 [main] DEBUG balancer.ContainerBalancerTask (ContainerBalancerTask.java:initializeIteration(398)) - Utilization for node 690fe1cf-d809-4235-bcbd-45a4d9fe83a2 with capacity 100215903573B, used 30064771072B, and remaining 70151132501B is 0.30000000000099786
2023-06-18 19:16:02,777 [main] DEBUG balancer.ContainerBalancerTask (ContainerBalancerTask.java:initializeIteration(398)) - Utilization for node a843a2bc-5e0e-442a-9244-208c6fb84e74 with capacity 204010946560B, used 40802189312B, and remaining 163208757248B is 0.2
2023-06-18 19:16:02,777 [main] DEBUG balancer.ContainerBalancerTask (ContainerBalancerTask.java:initializeIteration(398)) - Utilization for node 165f20f7-ffb1-4911-a85b-e4289fc7c557 with capacity 354334801920B, used 35433480192B, and remaining 318901321728B is 0.1
2023-06-18 19:16:02,777 [main] DEBUG balancer.ContainerBalancerTask (ContainerBalancerTask.java:initializeIteration(398)) - Utilization for node 90eee77c-5b89-4886-ac4f-7a9453a7812a with capacity 27917287424B, used 0B, and remaining 27917287424B is 0.0
2023-06-18 19:16:02,777 [main] INFO  balancer.ContainerBalancerTask (ContainerBalancerTask.java:initializeIteration(447)) - Container Balancer has identified 5 Over-Utilized and 3 Under-Utilized Datanodes that need to be balanced.
2023-06-18 19:16:02,777 [main] DEBUG balancer.ContainerBalancerTask (ContainerBalancerTask.java:lambda$initializeIteration$1(453)) - Datanode localhost-190.255.114.220 0b3eb2e9-c6f8-4cf6-90ed-82e4192d9dcc is Over-Utilized.
2023-06-18 19:16:02,778 [main] DEBUG balancer.ContainerBalancerTask (ContainerBalancerTask.java:lambda$initializeIteration$1(453)) - Datanode localhost-72.184.50.234 e33c84ae-7ea6-4eb6-ae33-a2ca966d69c5 is Over-Utilized.
2023-06-18 19:16:02,778 [main] DEBUG balancer.ContainerBalancerTask (ContainerBalancerTask.java:lambda$initializeIteration$1(453)) - Datanode localhost-118.102.211.96 37919205-9552-47d1-87a5-19866fe1c840 is Over-Utilized.
2023-06-18 19:16:02,778 [main] DEBUG balancer.ContainerBalancerTask (ContainerBalancerTask.java:lambda$initializeIteration$1(453)) - Datanode localhost-110.248.254.2 16189667-75fd-4176-b358-ab0f27b9bd90 is Over-Utilized.
2023-06-18 19:16:02,778 [main] DEBUG balancer.ContainerBalancerTask (ContainerBalancerTask.java:lambda$initializeIteration$1(453)) - Datanode localhost-52.96.248.135 1ec6a17f-1305-4c14-8224-a4f1be31c060 is Over-Utilized.
2023-06-18 19:16:02,778 [main] DEBUG balancer.ContainerBalancerTask (ContainerBalancerTask.java:lambda$initializeIteration$2(459)) - Datanode localhost-228.99.70.159 90eee77c-5b89-4886-ac4f-7a9453a7812a is Under-Utilized.
2023-06-18 19:16:02,779 [main] DEBUG balancer.ContainerBalancerTask (ContainerBalancerTask.java:lambda$initializeIteration$2(459)) - Datanode localhost-11.43.205.144 165f20f7-ffb1-4911-a85b-e4289fc7c557 is Under-Utilized.
2023-06-18 19:16:02,779 [main] DEBUG balancer.ContainerBalancerTask (ContainerBalancerTask.java:lambda$initializeIteration$2(459)) - Datanode localhost-212.83.70.62 a843a2bc-5e0e-442a-9244-208c6fb84e74 is Under-Utilized.
2023-06-18 19:16:02,782 [main] DEBUG balancer.ContainerBalancerTask (ContainerBalancerTask.java:matchSourceWithTarget(706)) - ContainerBalancer is finding suitable target for source datanode 0b3eb2e9-c6f8-4cf6-90ed-82e4192d9dcc
2023-06-18 19:16:02,783 [main] INFO  balancer.ContainerBalancerTask (ContainerBalancerTask.java:matchSourceWithTarget(720)) - ContainerBalancer matched source datanode 0b3eb2e9-c6f8-4cf6-90ed-82e4192d9dcc with target datanode 90eee77c-5b89-4886-ac4f-7a9453a7812a for container move.
2023-06-18 19:16:02,783 [main] INFO  balancer.ContainerBalancerTask (ContainerBalancerTask.java:processMoveSelection(569)) - ContainerBalancer is trying to move container #85 with size 5368709120B from source datanode 0b3eb2e9-c6f8-4cf6-90ed-82e4192d9dcc to target datanode 90eee77c-5b89-4886-ac4f-7a9453a7812a
2023-06-18 19:16:02,783 [main] DEBUG balancer.ContainerBalancerTask (ContainerBalancerTask.java:lambda$moveContainer$3(834)) - Container move completed for container #85 from source 0b3eb2e9-c6f8-4cf6-90ed-82e4192d9dcc to target 90eee77c-5b89-4886-ac4f-7a9453a7812a
2023-06-18 19:16:02,784 [main] DEBUG balancer.ContainerBalancerTask (ContainerBalancerTask.java:adaptOnReachingIterationLimits(780)) - Reached max datanodes to involve limit. 2 datanodes have already been selected for balancing and the limit is 2. Only already selected sources and targets can be involved in balancing now.
2023-06-18 19:16:02,786 [main] DEBUG balancer.ContainerBalancerTask (ContainerBalancerTask.java:matchSourceWithTarget(706)) - ContainerBalancer is finding suitable target for source datanode 0b3eb2e9-c6f8-4cf6-90ed-82e4192d9dcc
2023-06-18 19:16:02,786 [main] INFO  balancer.ContainerBalancerTask (ContainerBalancerTask.java:matchSourceWithTarget(720)) - ContainerBalancer matched source datanode 0b3eb2e9-c6f8-4cf6-90ed-82e4192d9dcc with target datanode 90eee77c-5b89-4886-ac4f-7a9453a7812a for container move.
2023-06-18 19:16:02,787 [main] INFO  balancer.ContainerBalancerTask (ContainerBalancerTask.java:processMoveSelection(569)) - ContainerBalancer is trying to move container #53 with size 5368709120B from source datanode 0b3eb2e9-c6f8-4cf6-90ed-82e4192d9dcc to target datanode 90eee77c-5b89-4886-ac4f-7a9453a7812a
2023-06-18 19:16:02,787 [main] DEBUG balancer.ContainerBalancerTask (ContainerBalancerTask.java:lambda$moveContainer$3(834)) - Container move completed for container #53 from source 0b3eb2e9-c6f8-4cf6-90ed-82e4192d9dcc to target 90eee77c-5b89-4886-ac4f-7a9453a7812a
2023-06-18 19:16:02,789 [main] DEBUG balancer.ContainerBalancerTask (ContainerBalancerTask.java:matchSourceWithTarget(706)) - ContainerBalancer is finding suitable target for source datanode 0b3eb2e9-c6f8-4cf6-90ed-82e4192d9dcc
2023-06-18 19:16:02,791 [main] INFO  balancer.ContainerBalancerTask (ContainerBalancerTask.java:matchSourceWithTarget(720)) - ContainerBalancer matched source datanode 0b3eb2e9-c6f8-4cf6-90ed-82e4192d9dcc with target datanode 90eee77c-5b89-4886-ac4f-7a9453a7812a for container move.
2023-06-18 19:16:02,791 [main] INFO  balancer.ContainerBalancerTask (ContainerBalancerTask.java:processMoveSelection(569)) - ContainerBalancer is trying to move container #86 with size 1073741824B from source datanode 0b3eb2e9-c6f8-4cf6-90ed-82e4192d9dcc to target datanode 90eee77c-5b89-4886-ac4f-7a9453a7812a
2023-06-18 19:16:02,792 [main] DEBUG balancer.ContainerBalancerTask (ContainerBalancerTask.java:lambda$moveContainer$3(834)) - Container move completed for container #86 from source 0b3eb2e9-c6f8-4cf6-90ed-82e4192d9dcc to target 90eee77c-5b89-4886-ac4f-7a9453a7812a
2023-06-18 19:16:02,794 [main] DEBUG balancer.ContainerBalancerTask (ContainerBalancerTask.java:matchSourceWithTarget(706)) - ContainerBalancer is finding suitable target for source datanode 0b3eb2e9-c6f8-4cf6-90ed-82e4192d9dcc
2023-06-18 19:16:02,798 [main] INFO  balancer.FindTargetGreedyByUsageInfo (AbstractFindTargetGreedy.java:findTargetForContainerMove(133)) - Container Balancer could not find a target for source datanode 0b3eb2e9-c6f8-4cf6-90ed-82e4192d9dcc
2023-06-18 19:16:02,798 [main] DEBUG balancer.ContainerBalancerTask (ContainerBalancerTask.java:matchSourceWithTarget(715)) - ContainerBalancer could not find a suitable target for source node 0b3eb2e9-c6f8-4cf6-90ed-82e4192d9dcc.
2023-06-18 19:16:02,798 [main] INFO  balancer.FindSourceGreedy (FindSourceGreedy.java:getNextCandidateSourceDataNode(126)) - no more candidate source data node
2023-06-18 19:16:02,798 [main] INFO  balancer.ContainerBalancerTask (ContainerBalancerTask.java:checkIterationMoveResults(640)) - Iteration Summary. Number of Datanodes involved: 2. Size moved: 11 GB (11811160064 Bytes). Number of Container moves completed: 3.
2023-06-18 19:16:02,798 [main] INFO  balancer.ContainerBalancerTask (ContainerBalancerTask.java:balance(259)) - Result of this iteration of Container Balancer: ITERATION_COMPLETED
2023-06-18 19:16:02,801 [main] DEBUG balancer.ContainerBalancerTask (ContainerBalancerTask.java:initializeIteration(374)) - Average utilization of the cluster is 0.3382662909636223
2023-06-18 19:16:02,801 [main] DEBUG balancer.ContainerBalancerTask (ContainerBalancerTask.java:initializeIteration(386)) - Lower limit for utilization is 0.2382662909636223 and Upper limit for utilization is 0.43826629096362235
2023-06-18 19:16:02,801 [main] DEBUG balancer.ContainerBalancerTask (ContainerBalancerTask.java:initializeIteration(398)) - Utilization for node 0b3eb2e9-c6f8-4cf6-90ed-82e4192d9dcc with capacity 50107951786B, used 45097156608B, and remaining 5010795178B is 0.9000000000119741
2023-06-18 19:16:02,801 [main] DEBUG balancer.ContainerBalancerTask (ContainerBalancerTask.java:initializeIteration(398)) - Utilization for node e33c84ae-7ea6-4eb6-ae33-a2ca966d69c5 with capacity 51002736640B, used 40802189312B, and remaining 10200547328B is 0.8
2023-06-18 19:16:02,801 [main] DEBUG balancer.ContainerBalancerTask (ContainerBalancerTask.java:initializeIteration(398)) - Utilization for node 37919205-9552-47d1-87a5-19866fe1c840 with capacity 79763678354B, used 55834574848B, and remaining 23929103506B is 0.7000000000025074
2023-06-18 19:16:02,801 [main] DEBUG balancer.ContainerBalancerTask (ContainerBalancerTask.java:initializeIteration(398)) - Utilization for node 16189667-75fd-4176-b358-ab0f27b9bd90 with capacity 89478485333B, used 53687091200B, and remaining 35791394133B is 0.6000000000022352
2023-06-18 19:16:02,802 [main] DEBUG balancer.ContainerBalancerTask (ContainerBalancerTask.java:initializeIteration(398)) - Utilization for node 1ec6a17f-1305-4c14-8224-a4f1be31c060 with capacity 98784247808B, used 49392123904B, and remaining 49392123904B is 0.5
2023-06-18 19:16:02,802 [main] DEBUG balancer.ContainerBalancerTask (ContainerBalancerTask.java:initializeIteration(398)) - Utilization for node ace3d91a-fe41-421b-b8aa-bcdd06e8141e with capacity 96636764160B, used 38654705664B, and remaining 57982058496B is 0.4
2023-06-18 19:16:02,802 [main] DEBUG balancer.ContainerBalancerTask (ContainerBalancerTask.java:initializeIteration(398)) - Utilization for node 690fe1cf-d809-4235-bcbd-45a4d9fe83a2 with capacity 100215903573B, used 30064771072B, and remaining 70151132501B is 0.30000000000099786
2023-06-18 19:16:02,802 [main] DEBUG balancer.ContainerBalancerTask (ContainerBalancerTask.java:initializeIteration(398)) - Utilization for node a843a2bc-5e0e-442a-9244-208c6fb84e74 with capacity 204010946560B, used 40802189312B, and remaining 163208757248B is 0.2
2023-06-18 19:16:02,803 [main] DEBUG balancer.ContainerBalancerTask (ContainerBalancerTask.java:initializeIteration(398)) - Utilization for node 165f20f7-ffb1-4911-a85b-e4289fc7c557 with capacity 354334801920B, used 35433480192B, and remaining 318901321728B is 0.1
2023-06-18 19:16:02,803 [main] DEBUG balancer.ContainerBalancerTask (ContainerBalancerTask.java:initializeIteration(398)) - Utilization for node 90eee77c-5b89-4886-ac4f-7a9453a7812a with capacity 27917287424B, used 0B, and remaining 27917287424B is 0.0
2023-06-18 19:16:02,803 [main] INFO  balancer.ContainerBalancerTask (ContainerBalancerTask.java:initializeIteration(447)) - Container Balancer has identified 5 Over-Utilized and 3 Under-Utilized Datanodes that need to be balanced.
2023-06-18 19:16:02,803 [main] DEBUG balancer.ContainerBalancerTask (ContainerBalancerTask.java:lambda$initializeIteration$1(453)) - Datanode localhost-190.255.114.220 0b3eb2e9-c6f8-4cf6-90ed-82e4192d9dcc is Over-Utilized.
2023-06-18 19:16:02,803 [main] DEBUG balancer.ContainerBalancerTask (ContainerBalancerTask.java:lambda$initializeIteration$1(453)) - Datanode localhost-72.184.50.234 e33c84ae-7ea6-4eb6-ae33-a2ca966d69c5 is Over-Utilized.
2023-06-18 19:16:02,803 [main] DEBUG balancer.ContainerBalancerTask (ContainerBalancerTask.java:lambda$initializeIteration$1(453)) - Datanode localhost-118.102.211.96 37919205-9552-47d1-87a5-19866fe1c840 is Over-Utilized.
2023-06-18 19:16:02,803 [main] DEBUG balancer.ContainerBalancerTask (ContainerBalancerTask.java:lambda$initializeIteration$1(453)) - Datanode localhost-110.248.254.2 16189667-75fd-4176-b358-ab0f27b9bd90 is Over-Utilized.
2023-06-18 19:16:02,803 [main] DEBUG balancer.ContainerBalancerTask (ContainerBalancerTask.java:lambda$initializeIteration$1(453)) - Datanode localhost-52.96.248.135 1ec6a17f-1305-4c14-8224-a4f1be31c060 is Over-Utilized.
2023-06-18 19:16:02,804 [main] DEBUG balancer.ContainerBalancerTask (ContainerBalancerTask.java:lambda$initializeIteration$2(459)) - Datanode localhost-228.99.70.159 90eee77c-5b89-4886-ac4f-7a9453a7812a is Under-Utilized.
2023-06-18 19:16:02,804 [main] DEBUG balancer.ContainerBalancerTask (ContainerBalancerTask.java:lambda$initializeIteration$2(459)) - Datanode localhost-11.43.205.144 165f20f7-ffb1-4911-a85b-e4289fc7c557 is Under-Utilized.
2023-06-18 19:16:02,804 [main] DEBUG balancer.ContainerBalancerTask (ContainerBalancerTask.java:lambda$initializeIteration$2(459)) - Datanode localhost-212.83.70.62 a843a2bc-5e0e-442a-9244-208c6fb84e74 is Under-Utilized.
2023-06-18 19:16:02,807 [main] DEBUG balancer.ContainerBalancerTask (ContainerBalancerTask.java:matchSourceWithTarget(706)) - ContainerBalancer is finding suitable target for source datanode 0b3eb2e9-c6f8-4cf6-90ed-82e4192d9dcc
2023-06-18 19:16:02,807 [main] INFO  balancer.ContainerBalancerTask (ContainerBalancerTask.java:matchSourceWithTarget(720)) - ContainerBalancer matched source datanode 0b3eb2e9-c6f8-4cf6-90ed-82e4192d9dcc with target datanode 90eee77c-5b89-4886-ac4f-7a9453a7812a for container move.
2023-06-18 19:16:02,807 [main] INFO  balancer.ContainerBalancerTask (ContainerBalancerTask.java:processMoveSelection(569)) - ContainerBalancer is trying to move container #85 with size 5368709120B from source datanode 0b3eb2e9-c6f8-4cf6-90ed-82e4192d9dcc to target datanode 90eee77c-5b89-4886-ac4f-7a9453a7812a
2023-06-18 19:16:02,808 [main] DEBUG balancer.ContainerBalancerTask (ContainerBalancerTask.java:lambda$moveContainer$3(834)) - Container move completed for container #85 from source 0b3eb2e9-c6f8-4cf6-90ed-82e4192d9dcc to target 90eee77c-5b89-4886-ac4f-7a9453a7812a
2023-06-18 19:16:02,808 [main] DEBUG balancer.ContainerBalancerTask (ContainerBalancerTask.java:adaptOnReachingIterationLimits(780)) - Reached max datanodes to involve limit. 2 datanodes have already been selected for balancing and the limit is 2. Only already selected sources and targets can be involved in balancing now.
2023-06-18 19:16:02,810 [main] DEBUG balancer.ContainerBalancerTask (ContainerBalancerTask.java:matchSourceWithTarget(706)) - ContainerBalancer is finding suitable target for source datanode 0b3eb2e9-c6f8-4cf6-90ed-82e4192d9dcc
2023-06-18 19:16:02,810 [main] INFO  balancer.ContainerBalancerTask (ContainerBalancerTask.java:matchSourceWithTarget(720)) - ContainerBalancer matched source datanode 0b3eb2e9-c6f8-4cf6-90ed-82e4192d9dcc with target datanode 90eee77c-5b89-4886-ac4f-7a9453a7812a for container move.
2023-06-18 19:16:02,811 [main] INFO  balancer.ContainerBalancerTask (ContainerBalancerTask.java:processMoveSelection(569)) - ContainerBalancer is trying to move container #53 with size 5368709120B from source datanode 0b3eb2e9-c6f8-4cf6-90ed-82e4192d9dcc to target datanode 90eee77c-5b89-4886-ac4f-7a9453a7812a
2023-06-18 19:16:02,811 [main] DEBUG balancer.ContainerBalancerTask (ContainerBalancerTask.java:lambda$moveContainer$3(834)) - Container move completed for container #53 from source 0b3eb2e9-c6f8-4cf6-90ed-82e4192d9dcc to target 90eee77c-5b89-4886-ac4f-7a9453a7812a
2023-06-18 19:16:02,813 [main] DEBUG balancer.ContainerBalancerTask (ContainerBalancerTask.java:matchSourceWithTarget(706)) - ContainerBalancer is finding suitable target for source datanode 0b3eb2e9-c6f8-4cf6-90ed-82e4192d9dcc
2023-06-18 19:16:02,816 [main] INFO  balancer.ContainerBalancerTask (ContainerBalancerTask.java:matchSourceWithTarget(720)) - ContainerBalancer matched source datanode 0b3eb2e9-c6f8-4cf6-90ed-82e4192d9dcc with target datanode 90eee77c-5b89-4886-ac4f-7a9453a7812a for container move.
2023-06-18 19:16:02,816 [main] INFO  balancer.ContainerBalancerTask (ContainerBalancerTask.java:processMoveSelection(569)) - ContainerBalancer is trying to move container #86 with size 1073741824B from source datanode 0b3eb2e9-c6f8-4cf6-90ed-82e4192d9dcc to target datanode 90eee77c-5b89-4886-ac4f-7a9453a7812a
2023-06-18 19:16:02,816 [main] DEBUG balancer.ContainerBalancerTask (ContainerBalancerTask.java:lambda$moveContainer$3(834)) - Container move completed for container #86 from source 0b3eb2e9-c6f8-4cf6-90ed-82e4192d9dcc to target 90eee77c-5b89-4886-ac4f-7a9453a7812a
2023-06-18 19:16:02,819 [main] DEBUG balancer.ContainerBalancerTask (ContainerBalancerTask.java:matchSourceWithTarget(706)) - ContainerBalancer is finding suitable target for source datanode 0b3eb2e9-c6f8-4cf6-90ed-82e4192d9dcc
2023-06-18 19:16:02,824 [main] INFO  balancer.FindTargetGreedyByUsageInfo (AbstractFindTargetGreedy.java:findTargetForContainerMove(133)) - Container Balancer could not find a target for source datanode 0b3eb2e9-c6f8-4cf6-90ed-82e4192d9dcc
2023-06-18 19:16:02,824 [main] DEBUG balancer.ContainerBalancerTask (ContainerBalancerTask.java:matchSourceWithTarget(715)) - ContainerBalancer could not find a suitable target for source node 0b3eb2e9-c6f8-4cf6-90ed-82e4192d9dcc.
2023-06-18 19:16:02,825 [main] INFO  balancer.FindSourceGreedy (FindSourceGreedy.java:getNextCandidateSourceDataNode(126)) - no more candidate source data node
2023-06-18 19:16:02,825 [main] INFO  balancer.ContainerBalancerTask (ContainerBalancerTask.java:checkIterationMoveResults(640)) - Iteration Summary. Number of Datanodes involved: 2. Size moved: 11 GB (11811160064 Bytes). Number of Container moves completed: 3.
2023-06-18 19:16:02,825 [main] INFO  balancer.ContainerBalancerTask (ContainerBalancerTask.java:balance(259)) - Result of this iteration of Container Balancer: ITERATION_COMPLETED
2023-06-18 19:16:02,827 [main] DEBUG balancer.ContainerBalancerTask (ContainerBalancerTask.java:initializeIteration(374)) - Average utilization of the cluster is 0.3382662909636223
2023-06-18 19:16:02,827 [main] DEBUG balancer.ContainerBalancerTask (ContainerBalancerTask.java:initializeIteration(386)) - Lower limit for utilization is 0.2382662909636223 and Upper limit for utilization is 0.43826629096362235
2023-06-18 19:16:02,827 [main] DEBUG balancer.ContainerBalancerTask (ContainerBalancerTask.java:initializeIteration(398)) - Utilization for node 0b3eb2e9-c6f8-4cf6-90ed-82e4192d9dcc with capacity 50107951786B, used 45097156608B, and remaining 5010795178B is 0.9000000000119741
2023-06-18 19:16:02,827 [main] DEBUG balancer.ContainerBalancerTask (ContainerBalancerTask.java:initializeIteration(398)) - Utilization for node e33c84ae-7ea6-4eb6-ae33-a2ca966d69c5 with capacity 51002736640B, used 40802189312B, and remaining 10200547328B is 0.8
2023-06-18 19:16:02,827 [main] DEBUG balancer.ContainerBalancerTask (ContainerBalancerTask.java:initializeIteration(398)) - Utilization for node 37919205-9552-47d1-87a5-19866fe1c840 with capacity 79763678354B, used 55834574848B, and remaining 23929103506B is 0.7000000000025074
2023-06-18 19:16:02,828 [main] DEBUG balancer.ContainerBalancerTask (ContainerBalancerTask.java:initializeIteration(398)) - Utilization for node 16189667-75fd-4176-b358-ab0f27b9bd90 with capacity 89478485333B, used 53687091200B, and remaining 35791394133B is 0.6000000000022352
2023-06-18 19:16:02,828 [main] DEBUG balancer.ContainerBalancerTask (ContainerBalancerTask.java:initializeIteration(398)) - Utilization for node 1ec6a17f-1305-4c14-8224-a4f1be31c060 with capacity 98784247808B, used 49392123904B, and remaining 49392123904B is 0.5
2023-06-18 19:16:02,828 [main] DEBUG balancer.ContainerBalancerTask (ContainerBalancerTask.java:initializeIteration(398)) - Utilization for node ace3d91a-fe41-421b-b8aa-bcdd06e8141e with capacity 96636764160B, used 38654705664B, and remaining 57982058496B is 0.4
2023-06-18 19:16:02,828 [main] DEBUG balancer.ContainerBalancerTask (ContainerBalancerTask.java:initializeIteration(398)) - Utilization for node 690fe1cf-d809-4235-bcbd-45a4d9fe83a2 with capacity 100215903573B, used 30064771072B, and remaining 70151132501B is 0.30000000000099786
2023-06-18 19:16:02,828 [main] DEBUG balancer.ContainerBalancerTask (ContainerBalancerTask.java:initializeIteration(398)) - Utilization for node a843a2bc-5e0e-442a-9244-208c6fb84e74 with capacity 204010946560B, used 40802189312B, and remaining 163208757248B is 0.2
2023-06-18 19:16:02,828 [main] DEBUG balancer.ContainerBalancerTask (ContainerBalancerTask.java:initializeIteration(398)) - Utilization for node 165f20f7-ffb1-4911-a85b-e4289fc7c557 with capacity 354334801920B, used 35433480192B, and remaining 318901321728B is 0.1
2023-06-18 19:16:02,828 [main] DEBUG balancer.ContainerBalancerTask (ContainerBalancerTask.java:initializeIteration(398)) - Utilization for node 90eee77c-5b89-4886-ac4f-7a9453a7812a with capacity 27917287424B, used 0B, and remaining 27917287424B is 0.0
2023-06-18 19:16:02,828 [main] INFO  balancer.ContainerBalancerTask (ContainerBalancerTask.java:initializeIteration(447)) - Container Balancer has identified 5 Over-Utilized and 3 Under-Utilized Datanodes that need to be balanced.
2023-06-18 19:16:02,828 [main] DEBUG balancer.ContainerBalancerTask (ContainerBalancerTask.java:lambda$initializeIteration$1(453)) - Datanode localhost-190.255.114.220 0b3eb2e9-c6f8-4cf6-90ed-82e4192d9dcc is Over-Utilized.
2023-06-18 19:16:02,828 [main] DEBUG balancer.ContainerBalancerTask (ContainerBalancerTask.java:lambda$initializeIteration$1(453)) - Datanode localhost-72.184.50.234 e33c84ae-7ea6-4eb6-ae33-a2ca966d69c5 is Over-Utilized.
2023-06-18 19:16:02,829 [main] DEBUG balancer.ContainerBalancerTask (ContainerBalancerTask.java:lambda$initializeIteration$1(453)) - Datanode localhost-118.102.211.96 37919205-9552-47d1-87a5-19866fe1c840 is Over-Utilized.
2023-06-18 19:16:02,829 [main] DEBUG balancer.ContainerBalancerTask (ContainerBalancerTask.java:lambda$initializeIteration$1(453)) - Datanode localhost-110.248.254.2 16189667-75fd-4176-b358-ab0f27b9bd90 is Over-Utilized.
2023-06-18 19:16:02,829 [main] DEBUG balancer.ContainerBalancerTask (ContainerBalancerTask.java:lambda$initializeIteration$1(453)) - Datanode localhost-52.96.248.135 1ec6a17f-1305-4c14-8224-a4f1be31c060 is Over-Utilized.
2023-06-18 19:16:02,829 [main] DEBUG balancer.ContainerBalancerTask (ContainerBalancerTask.java:lambda$initializeIteration$2(459)) - Datanode localhost-228.99.70.159 90eee77c-5b89-4886-ac4f-7a9453a7812a is Under-Utilized.
2023-06-18 19:16:02,829 [main] DEBUG balancer.ContainerBalancerTask (ContainerBalancerTask.java:lambda$initializeIteration$2(459)) - Datanode localhost-11.43.205.144 165f20f7-ffb1-4911-a85b-e4289fc7c557 is Under-Utilized.
2023-06-18 19:16:02,829 [main] DEBUG balancer.ContainerBalancerTask (ContainerBalancerTask.java:lambda$initializeIteration$2(459)) - Datanode localhost-212.83.70.62 a843a2bc-5e0e-442a-9244-208c6fb84e74 is Under-Utilized.
2023-06-18 19:16:02,832 [main] DEBUG balancer.ContainerBalancerTask (ContainerBalancerTask.java:matchSourceWithTarget(706)) - ContainerBalancer is finding suitable target for source datanode 0b3eb2e9-c6f8-4cf6-90ed-82e4192d9dcc
2023-06-18 19:16:02,832 [main] INFO  balancer.ContainerBalancerTask (ContainerBalancerTask.java:matchSourceWithTarget(720)) - ContainerBalancer matched source datanode 0b3eb2e9-c6f8-4cf6-90ed-82e4192d9dcc with target datanode 90eee77c-5b89-4886-ac4f-7a9453a7812a for container move.
2023-06-18 19:16:02,832 [main] INFO  balancer.ContainerBalancerTask (ContainerBalancerTask.java:processMoveSelection(569)) - ContainerBalancer is trying to move container #85 with size 5368709120B from source datanode 0b3eb2e9-c6f8-4cf6-90ed-82e4192d9dcc to target datanode 90eee77c-5b89-4886-ac4f-7a9453a7812a
2023-06-18 19:16:02,832 [main] DEBUG balancer.ContainerBalancerTask (ContainerBalancerTask.java:lambda$moveContainer$3(834)) - Container move completed for container #85 from source 0b3eb2e9-c6f8-4cf6-90ed-82e4192d9dcc to target 90eee77c-5b89-4886-ac4f-7a9453a7812a
2023-06-18 19:16:02,833 [main] DEBUG balancer.ContainerBalancerTask (ContainerBalancerTask.java:adaptOnReachingIterationLimits(780)) - Reached max datanodes to involve limit. 2 datanodes have already been selected for balancing and the limit is 2. Only already selected sources and targets can be involved in balancing now.
2023-06-18 19:16:02,835 [main] DEBUG balancer.ContainerBalancerTask (ContainerBalancerTask.java:matchSourceWithTarget(706)) - ContainerBalancer is finding suitable target for source datanode 0b3eb2e9-c6f8-4cf6-90ed-82e4192d9dcc
2023-06-18 19:16:02,835 [main] INFO  balancer.ContainerBalancerTask (ContainerBalancerTask.java:matchSourceWithTarget(720)) - ContainerBalancer matched source datanode 0b3eb2e9-c6f8-4cf6-90ed-82e4192d9dcc with target datanode 90eee77c-5b89-4886-ac4f-7a9453a7812a for container move.
2023-06-18 19:16:02,836 [main] INFO  balancer.ContainerBalancerTask (ContainerBalancerTask.java:processMoveSelection(569)) - ContainerBalancer is trying to move container #53 with size 5368709120B from source datanode 0b3eb2e9-c6f8-4cf6-90ed-82e4192d9dcc to target datanode 90eee77c-5b89-4886-ac4f-7a9453a7812a
2023-06-18 19:16:02,836 [main] DEBUG balancer.ContainerBalancerTask (ContainerBalancerTask.java:lambda$moveContainer$3(834)) - Container move completed for container #53 from source 0b3eb2e9-c6f8-4cf6-90ed-82e4192d9dcc to target 90eee77c-5b89-4886-ac4f-7a9453a7812a
2023-06-18 19:16:02,838 [main] DEBUG balancer.ContainerBalancerTask (ContainerBalancerTask.java:matchSourceWithTarget(706)) - ContainerBalancer is finding suitable target for source datanode 0b3eb2e9-c6f8-4cf6-90ed-82e4192d9dcc
2023-06-18 19:16:02,841 [main] INFO  balancer.ContainerBalancerTask (ContainerBalancerTask.java:matchSourceWithTarget(720)) - ContainerBalancer matched source datanode 0b3eb2e9-c6f8-4cf6-90ed-82e4192d9dcc with target datanode 90eee77c-5b89-4886-ac4f-7a9453a7812a for container move.
2023-06-18 19:16:02,842 [main] INFO  balancer.ContainerBalancerTask (ContainerBalancerTask.java:processMoveSelection(569)) - ContainerBalancer is trying to move container #86 with size 1073741824B from source datanode 0b3eb2e9-c6f8-4cf6-90ed-82e4192d9dcc to target datanode 90eee77c-5b89-4886-ac4f-7a9453a7812a
2023-06-18 19:16:02,842 [main] DEBUG balancer.ContainerBalancerTask (ContainerBalancerTask.java:lambda$moveContainer$3(834)) - Container move completed for container #86 from source 0b3eb2e9-c6f8-4cf6-90ed-82e4192d9dcc to target 90eee77c-5b89-4886-ac4f-7a9453a7812a
2023-06-18 19:16:02,845 [main] DEBUG balancer.ContainerBalancerTask (ContainerBalancerTask.java:matchSourceWithTarget(706)) - ContainerBalancer is finding suitable target for source datanode 0b3eb2e9-c6f8-4cf6-90ed-82e4192d9dcc
2023-06-18 19:16:02,846 [main] INFO  balancer.FindTargetGreedyByUsageInfo (AbstractFindTargetGreedy.java:findTargetForContainerMove(133)) - Container Balancer could not find a target for source datanode 0b3eb2e9-c6f8-4cf6-90ed-82e4192d9dcc
2023-06-18 19:16:02,846 [main] DEBUG balancer.ContainerBalancerTask (ContainerBalancerTask.java:matchSourceWithTarget(715)) - ContainerBalancer could not find a suitable target for source node 0b3eb2e9-c6f8-4cf6-90ed-82e4192d9dcc.
2023-06-18 19:16:02,846 [main] INFO  balancer.FindSourceGreedy (FindSourceGreedy.java:getNextCandidateSourceDataNode(126)) - no more candidate source data node
2023-06-18 19:16:02,846 [main] INFO  balancer.ContainerBalancerTask (ContainerBalancerTask.java:checkIterationMoveResults(640)) - Iteration Summary. Number of Datanodes involved: 2. Size moved: 11 GB (11811160064 Bytes). Number of Container moves completed: 3.
2023-06-18 19:16:02,846 [main] INFO  balancer.ContainerBalancerTask (ContainerBalancerTask.java:balance(259)) - Result of this iteration of Container Balancer: ITERATION_COMPLETED
2023-06-18 19:16:02,850 [main] DEBUG balancer.ContainerBalancerTask (ContainerBalancerTask.java:initializeIteration(374)) - Average utilization of the cluster is 0.3382662909636223
2023-06-18 19:16:02,850 [main] DEBUG balancer.ContainerBalancerTask (ContainerBalancerTask.java:initializeIteration(386)) - Lower limit for utilization is 0.2382662909636223 and Upper limit for utilization is 0.43826629096362235
2023-06-18 19:16:02,850 [main] DEBUG balancer.ContainerBalancerTask (ContainerBalancerTask.java:initializeIteration(398)) - Utilization for node 0b3eb2e9-c6f8-4cf6-90ed-82e4192d9dcc with capacity 50107951786B, used 45097156608B, and remaining 5010795178B is 0.9000000000119741
2023-06-18 19:16:02,850 [main] DEBUG balancer.ContainerBalancerTask (ContainerBalancerTask.java:initializeIteration(398)) - Utilization for node e33c84ae-7ea6-4eb6-ae33-a2ca966d69c5 with capacity 51002736640B, used 40802189312B, and remaining 10200547328B is 0.8
2023-06-18 19:16:02,851 [main] DEBUG balancer.ContainerBalancerTask (ContainerBalancerTask.java:initializeIteration(398)) - Utilization for node 37919205-9552-47d1-87a5-19866fe1c840 with capacity 79763678354B, used 55834574848B, and remaining 23929103506B is 0.7000000000025074
2023-06-18 19:16:02,851 [main] DEBUG balancer.ContainerBalancerTask (ContainerBalancerTask.java:initializeIteration(398)) - Utilization for node 16189667-75fd-4176-b358-ab0f27b9bd90 with capacity 89478485333B, used 53687091200B, and remaining 35791394133B is 0.6000000000022352
2023-06-18 19:16:02,851 [main] DEBUG balancer.ContainerBalancerTask (ContainerBalancerTask.java:initializeIteration(398)) - Utilization for node 1ec6a17f-1305-4c14-8224-a4f1be31c060 with capacity 98784247808B, used 49392123904B, and remaining 49392123904B is 0.5
2023-06-18 19:16:02,851 [main] DEBUG balancer.ContainerBalancerTask (ContainerBalancerTask.java:initializeIteration(398)) - Utilization for node ace3d91a-fe41-421b-b8aa-bcdd06e8141e with capacity 96636764160B, used 38654705664B, and remaining 57982058496B is 0.4
2023-06-18 19:16:02,851 [main] DEBUG balancer.ContainerBalancerTask (ContainerBalancerTask.java:initializeIteration(398)) - Utilization for node 690fe1cf-d809-4235-bcbd-45a4d9fe83a2 with capacity 100215903573B, used 30064771072B, and remaining 70151132501B is 0.30000000000099786
2023-06-18 19:16:02,851 [main] DEBUG balancer.ContainerBalancerTask (ContainerBalancerTask.java:initializeIteration(398)) - Utilization for node a843a2bc-5e0e-442a-9244-208c6fb84e74 with capacity 204010946560B, used 40802189312B, and remaining 163208757248B is 0.2
2023-06-18 19:16:02,851 [main] DEBUG balancer.ContainerBalancerTask (ContainerBalancerTask.java:initializeIteration(398)) - Utilization for node 165f20f7-ffb1-4911-a85b-e4289fc7c557 with capacity 354334801920B, used 35433480192B, and remaining 318901321728B is 0.1
2023-06-18 19:16:02,851 [main] DEBUG balancer.ContainerBalancerTask (ContainerBalancerTask.java:initializeIteration(398)) - Utilization for node 90eee77c-5b89-4886-ac4f-7a9453a7812a with capacity 27917287424B, used 0B, and remaining 27917287424B is 0.0
2023-06-18 19:16:02,851 [main] INFO  balancer.ContainerBalancerTask (ContainerBalancerTask.java:initializeIteration(447)) - Container Balancer has identified 5 Over-Utilized and 3 Under-Utilized Datanodes that need to be balanced.
2023-06-18 19:16:02,851 [main] DEBUG balancer.ContainerBalancerTask (ContainerBalancerTask.java:lambda$initializeIteration$1(453)) - Datanode localhost-190.255.114.220 0b3eb2e9-c6f8-4cf6-90ed-82e4192d9dcc is Over-Utilized.
2023-06-18 19:16:02,852 [main] DEBUG balancer.ContainerBalancerTask (ContainerBalancerTask.java:lambda$initializeIteration$1(453)) - Datanode localhost-72.184.50.234 e33c84ae-7ea6-4eb6-ae33-a2ca966d69c5 is Over-Utilized.
2023-06-18 19:16:02,852 [main] DEBUG balancer.ContainerBalancerTask (ContainerBalancerTask.java:lambda$initializeIteration$1(453)) - Datanode localhost-118.102.211.96 37919205-9552-47d1-87a5-19866fe1c840 is Over-Utilized.
2023-06-18 19:16:02,852 [main] DEBUG balancer.ContainerBalancerTask (ContainerBalancerTask.java:lambda$initializeIteration$1(453)) - Datanode localhost-110.248.254.2 16189667-75fd-4176-b358-ab0f27b9bd90 is Over-Utilized.
2023-06-18 19:16:02,852 [main] DEBUG balancer.ContainerBalancerTask (ContainerBalancerTask.java:lambda$initializeIteration$1(453)) - Datanode localhost-52.96.248.135 1ec6a17f-1305-4c14-8224-a4f1be31c060 is Over-Utilized.
2023-06-18 19:16:02,852 [main] DEBUG balancer.ContainerBalancerTask (ContainerBalancerTask.java:lambda$initializeIteration$2(459)) - Datanode localhost-228.99.70.159 90eee77c-5b89-4886-ac4f-7a9453a7812a is Under-Utilized.
2023-06-18 19:16:02,852 [main] DEBUG balancer.ContainerBalancerTask (ContainerBalancerTask.java:lambda$initializeIteration$2(459)) - Datanode localhost-11.43.205.144 165f20f7-ffb1-4911-a85b-e4289fc7c557 is Under-Utilized.
2023-06-18 19:16:02,852 [main] DEBUG balancer.ContainerBalancerTask (ContainerBalancerTask.java:lambda$initializeIteration$2(459)) - Datanode localhost-212.83.70.62 a843a2bc-5e0e-442a-9244-208c6fb84e74 is Under-Utilized.
2023-06-18 19:16:02,855 [main] DEBUG balancer.ContainerBalancerTask (ContainerBalancerTask.java:matchSourceWithTarget(706)) - ContainerBalancer is finding suitable target for source datanode 0b3eb2e9-c6f8-4cf6-90ed-82e4192d9dcc
2023-06-18 19:16:02,855 [main] INFO  balancer.ContainerBalancerTask (ContainerBalancerTask.java:matchSourceWithTarget(720)) - ContainerBalancer matched source datanode 0b3eb2e9-c6f8-4cf6-90ed-82e4192d9dcc with target datanode 90eee77c-5b89-4886-ac4f-7a9453a7812a for container move.
2023-06-18 19:16:02,855 [main] INFO  balancer.ContainerBalancerTask (ContainerBalancerTask.java:processMoveSelection(569)) - ContainerBalancer is trying to move container #85 with size 5368709120B from source datanode 0b3eb2e9-c6f8-4cf6-90ed-82e4192d9dcc to target datanode 90eee77c-5b89-4886-ac4f-7a9453a7812a
2023-06-18 19:16:02,855 [main] DEBUG balancer.ContainerBalancerTask (ContainerBalancerTask.java:lambda$moveContainer$3(834)) - Container move completed for container #85 from source 0b3eb2e9-c6f8-4cf6-90ed-82e4192d9dcc to target 90eee77c-5b89-4886-ac4f-7a9453a7812a
2023-06-18 19:16:02,856 [main] DEBUG balancer.ContainerBalancerTask (ContainerBalancerTask.java:adaptOnReachingIterationLimits(780)) - Reached max datanodes to involve limit. 2 datanodes have already been selected for balancing and the limit is 2. Only already selected sources and targets can be involved in balancing now.
2023-06-18 19:16:02,858 [main] DEBUG balancer.ContainerBalancerTask (ContainerBalancerTask.java:matchSourceWithTarget(706)) - ContainerBalancer is finding suitable target for source datanode 0b3eb2e9-c6f8-4cf6-90ed-82e4192d9dcc
2023-06-18 19:16:02,858 [main] INFO  balancer.ContainerBalancerTask (ContainerBalancerTask.java:matchSourceWithTarget(720)) - ContainerBalancer matched source datanode 0b3eb2e9-c6f8-4cf6-90ed-82e4192d9dcc with target datanode 90eee77c-5b89-4886-ac4f-7a9453a7812a for container move.
2023-06-18 19:16:02,858 [main] INFO  balancer.ContainerBalancerTask (ContainerBalancerTask.java:processMoveSelection(569)) - ContainerBalancer is trying to move container #53 with size 5368709120B from source datanode 0b3eb2e9-c6f8-4cf6-90ed-82e4192d9dcc to target datanode 90eee77c-5b89-4886-ac4f-7a9453a7812a
2023-06-18 19:16:02,859 [main] DEBUG balancer.ContainerBalancerTask (ContainerBalancerTask.java:lambda$moveContainer$3(834)) - Container move completed for container #53 from source 0b3eb2e9-c6f8-4cf6-90ed-82e4192d9dcc to target 90eee77c-5b89-4886-ac4f-7a9453a7812a
2023-06-18 19:16:02,861 [main] DEBUG balancer.ContainerBalancerTask (ContainerBalancerTask.java:matchSourceWithTarget(706)) - ContainerBalancer is finding suitable target for source datanode 0b3eb2e9-c6f8-4cf6-90ed-82e4192d9dcc
2023-06-18 19:16:02,862 [main] INFO  balancer.ContainerBalancerTask (ContainerBalancerTask.java:matchSourceWithTarget(720)) - ContainerBalancer matched source datanode 0b3eb2e9-c6f8-4cf6-90ed-82e4192d9dcc with target datanode 90eee77c-5b89-4886-ac4f-7a9453a7812a for container move.
2023-06-18 19:16:02,862 [main] INFO  balancer.ContainerBalancerTask (ContainerBalancerTask.java:processMoveSelection(569)) - ContainerBalancer is trying to move container #86 with size 1073741824B from source datanode 0b3eb2e9-c6f8-4cf6-90ed-82e4192d9dcc to target datanode 90eee77c-5b89-4886-ac4f-7a9453a7812a
2023-06-18 19:16:02,863 [main] DEBUG balancer.ContainerBalancerTask (ContainerBalancerTask.java:lambda$moveContainer$3(834)) - Container move completed for container #86 from source 0b3eb2e9-c6f8-4cf6-90ed-82e4192d9dcc to target 90eee77c-5b89-4886-ac4f-7a9453a7812a
2023-06-18 19:16:02,865 [main] DEBUG balancer.ContainerBalancerTask (ContainerBalancerTask.java:matchSourceWithTarget(706)) - ContainerBalancer is finding suitable target for source datanode 0b3eb2e9-c6f8-4cf6-90ed-82e4192d9dcc
2023-06-18 19:16:02,866 [main] INFO  balancer.FindTargetGreedyByUsageInfo (AbstractFindTargetGreedy.java:findTargetForContainerMove(133)) - Container Balancer could not find a target for source datanode 0b3eb2e9-c6f8-4cf6-90ed-82e4192d9dcc
2023-06-18 19:16:02,866 [main] DEBUG balancer.ContainerBalancerTask (ContainerBalancerTask.java:matchSourceWithTarget(715)) - ContainerBalancer could not find a suitable target for source node 0b3eb2e9-c6f8-4cf6-90ed-82e4192d9dcc.
2023-06-18 19:16:02,866 [main] INFO  balancer.FindSourceGreedy (FindSourceGreedy.java:getNextCandidateSourceDataNode(126)) - no more candidate source data node
2023-06-18 19:16:02,866 [main] INFO  balancer.ContainerBalancerTask (ContainerBalancerTask.java:checkIterationMoveResults(640)) - Iteration Summary. Number of Datanodes involved: 2. Size moved: 11 GB (11811160064 Bytes). Number of Container moves completed: 3.
2023-06-18 19:16:02,866 [main] INFO  balancer.ContainerBalancerTask (ContainerBalancerTask.java:balance(259)) - Result of this iteration of Container Balancer: ITERATION_COMPLETED
2023-06-18 19:16:02,869 [main] DEBUG balancer.ContainerBalancerTask (ContainerBalancerTask.java:initializeIteration(374)) - Average utilization of the cluster is 0.3382662909636223
2023-06-18 19:16:02,869 [main] DEBUG balancer.ContainerBalancerTask (ContainerBalancerTask.java:initializeIteration(386)) - Lower limit for utilization is 0.2382662909636223 and Upper limit for utilization is 0.43826629096362235
2023-06-18 19:16:02,869 [main] DEBUG balancer.ContainerBalancerTask (ContainerBalancerTask.java:initializeIteration(398)) - Utilization for node 0b3eb2e9-c6f8-4cf6-90ed-82e4192d9dcc with capacity 50107951786B, used 45097156608B, and remaining 5010795178B is 0.9000000000119741
2023-06-18 19:16:02,869 [main] DEBUG balancer.ContainerBalancerTask (ContainerBalancerTask.java:initializeIteration(398)) - Utilization for node e33c84ae-7ea6-4eb6-ae33-a2ca966d69c5 with capacity 51002736640B, used 40802189312B, and remaining 10200547328B is 0.8
2023-06-18 19:16:02,869 [main] DEBUG balancer.ContainerBalancerTask (ContainerBalancerTask.java:initializeIteration(398)) - Utilization for node 37919205-9552-47d1-87a5-19866fe1c840 with capacity 79763678354B, used 55834574848B, and remaining 23929103506B is 0.7000000000025074
2023-06-18 19:16:02,870 [main] DEBUG balancer.ContainerBalancerTask (ContainerBalancerTask.java:initializeIteration(398)) - Utilization for node 16189667-75fd-4176-b358-ab0f27b9bd90 with capacity 89478485333B, used 53687091200B, and remaining 35791394133B is 0.6000000000022352
2023-06-18 19:16:02,870 [main] DEBUG balancer.ContainerBalancerTask (ContainerBalancerTask.java:initializeIteration(398)) - Utilization for node 1ec6a17f-1305-4c14-8224-a4f1be31c060 with capacity 98784247808B, used 49392123904B, and remaining 49392123904B is 0.5
2023-06-18 19:16:02,870 [main] DEBUG balancer.ContainerBalancerTask (ContainerBalancerTask.java:initializeIteration(398)) - Utilization for node ace3d91a-fe41-421b-b8aa-bcdd06e8141e with capacity 96636764160B, used 38654705664B, and remaining 57982058496B is 0.4
2023-06-18 19:16:02,870 [main] DEBUG balancer.ContainerBalancerTask (ContainerBalancerTask.java:initializeIteration(398)) - Utilization for node 690fe1cf-d809-4235-bcbd-45a4d9fe83a2 with capacity 100215903573B, used 30064771072B, and remaining 70151132501B is 0.30000000000099786
2023-06-18 19:16:02,870 [main] DEBUG balancer.ContainerBalancerTask (ContainerBalancerTask.java:initializeIteration(398)) - Utilization for node a843a2bc-5e0e-442a-9244-208c6fb84e74 with capacity 204010946560B, used 40802189312B, and remaining 163208757248B is 0.2
2023-06-18 19:16:02,870 [main] DEBUG balancer.ContainerBalancerTask (ContainerBalancerTask.java:initializeIteration(398)) - Utilization for node 165f20f7-ffb1-4911-a85b-e4289fc7c557 with capacity 354334801920B, used 35433480192B, and remaining 318901321728B is 0.1
2023-06-18 19:16:02,870 [main] DEBUG balancer.ContainerBalancerTask (ContainerBalancerTask.java:initializeIteration(398)) - Utilization for node 90eee77c-5b89-4886-ac4f-7a9453a7812a with capacity 27917287424B, used 0B, and remaining 27917287424B is 0.0
2023-06-18 19:16:02,870 [main] INFO  balancer.ContainerBalancerTask (ContainerBalancerTask.java:initializeIteration(447)) - Container Balancer has identified 5 Over-Utilized and 3 Under-Utilized Datanodes that need to be balanced.
2023-06-18 19:16:02,870 [main] DEBUG balancer.ContainerBalancerTask (ContainerBalancerTask.java:lambda$initializeIteration$1(453)) - Datanode localhost-190.255.114.220 0b3eb2e9-c6f8-4cf6-90ed-82e4192d9dcc is Over-Utilized.
2023-06-18 19:16:02,871 [main] DEBUG balancer.ContainerBalancerTask (ContainerBalancerTask.java:lambda$initializeIteration$1(453)) - Datanode localhost-72.184.50.234 e33c84ae-7ea6-4eb6-ae33-a2ca966d69c5 is Over-Utilized.
2023-06-18 19:16:02,871 [main] DEBUG balancer.ContainerBalancerTask (ContainerBalancerTask.java:lambda$initializeIteration$1(453)) - Datanode localhost-118.102.211.96 37919205-9552-47d1-87a5-19866fe1c840 is Over-Utilized.
2023-06-18 19:16:02,871 [main] DEBUG balancer.ContainerBalancerTask (ContainerBalancerTask.java:lambda$initializeIteration$1(453)) - Datanode localhost-110.248.254.2 16189667-75fd-4176-b358-ab0f27b9bd90 is Over-Utilized.
2023-06-18 19:16:02,871 [main] DEBUG balancer.ContainerBalancerTask (ContainerBalancerTask.java:lambda$initializeIteration$1(453)) - Datanode localhost-52.96.248.135 1ec6a17f-1305-4c14-8224-a4f1be31c060 is Over-Utilized.
2023-06-18 19:16:02,871 [main] DEBUG balancer.ContainerBalancerTask (ContainerBalancerTask.java:lambda$initializeIteration$2(459)) - Datanode localhost-228.99.70.159 90eee77c-5b89-4886-ac4f-7a9453a7812a is Under-Utilized.
2023-06-18 19:16:02,871 [main] DEBUG balancer.ContainerBalancerTask (ContainerBalancerTask.java:lambda$initializeIteration$2(459)) - Datanode localhost-11.43.205.144 165f20f7-ffb1-4911-a85b-e4289fc7c557 is Under-Utilized.
2023-06-18 19:16:02,872 [main] DEBUG balancer.ContainerBalancerTask (ContainerBalancerTask.java:lambda$initializeIteration$2(459)) - Datanode localhost-212.83.70.62 a843a2bc-5e0e-442a-9244-208c6fb84e74 is Under-Utilized.
2023-06-18 19:16:02,875 [main] DEBUG balancer.ContainerBalancerTask (ContainerBalancerTask.java:matchSourceWithTarget(706)) - ContainerBalancer is finding suitable target for source datanode 0b3eb2e9-c6f8-4cf6-90ed-82e4192d9dcc
2023-06-18 19:16:02,875 [main] INFO  balancer.ContainerBalancerTask (ContainerBalancerTask.java:matchSourceWithTarget(720)) - ContainerBalancer matched source datanode 0b3eb2e9-c6f8-4cf6-90ed-82e4192d9dcc with target datanode 90eee77c-5b89-4886-ac4f-7a9453a7812a for container move.
2023-06-18 19:16:02,875 [main] INFO  balancer.ContainerBalancerTask (ContainerBalancerTask.java:processMoveSelection(569)) - ContainerBalancer is trying to move container #85 with size 5368709120B from source datanode 0b3eb2e9-c6f8-4cf6-90ed-82e4192d9dcc to target datanode 90eee77c-5b89-4886-ac4f-7a9453a7812a
2023-06-18 19:16:02,876 [main] DEBUG balancer.ContainerBalancerTask (ContainerBalancerTask.java:lambda$moveContainer$3(834)) - Container move completed for container #85 from source 0b3eb2e9-c6f8-4cf6-90ed-82e4192d9dcc to target 90eee77c-5b89-4886-ac4f-7a9453a7812a
2023-06-18 19:16:02,876 [main] DEBUG balancer.ContainerBalancerTask (ContainerBalancerTask.java:adaptOnReachingIterationLimits(780)) - Reached max datanodes to involve limit. 2 datanodes have already been selected for balancing and the limit is 2. Only already selected sources and targets can be involved in balancing now.
2023-06-18 19:16:02,879 [main] DEBUG balancer.ContainerBalancerTask (ContainerBalancerTask.java:matchSourceWithTarget(706)) - ContainerBalancer is finding suitable target for source datanode 0b3eb2e9-c6f8-4cf6-90ed-82e4192d9dcc
2023-06-18 19:16:02,879 [main] INFO  balancer.ContainerBalancerTask (ContainerBalancerTask.java:matchSourceWithTarget(720)) - ContainerBalancer matched source datanode 0b3eb2e9-c6f8-4cf6-90ed-82e4192d9dcc with target datanode 90eee77c-5b89-4886-ac4f-7a9453a7812a for container move.
2023-06-18 19:16:02,879 [main] INFO  balancer.ContainerBalancerTask (ContainerBalancerTask.java:processMoveSelection(569)) - ContainerBalancer is trying to move container #53 with size 5368709120B from source datanode 0b3eb2e9-c6f8-4cf6-90ed-82e4192d9dcc to target datanode 90eee77c-5b89-4886-ac4f-7a9453a7812a
2023-06-18 19:16:02,879 [main] DEBUG balancer.ContainerBalancerTask (ContainerBalancerTask.java:lambda$moveContainer$3(834)) - Container move completed for container #53 from source 0b3eb2e9-c6f8-4cf6-90ed-82e4192d9dcc to target 90eee77c-5b89-4886-ac4f-7a9453a7812a
2023-06-18 19:16:02,882 [main] DEBUG balancer.ContainerBalancerTask (ContainerBalancerTask.java:matchSourceWithTarget(706)) - ContainerBalancer is finding suitable target for source datanode 0b3eb2e9-c6f8-4cf6-90ed-82e4192d9dcc
2023-06-18 19:16:02,883 [main] INFO  balancer.ContainerBalancerTask (ContainerBalancerTask.java:matchSourceWithTarget(720)) - ContainerBalancer matched source datanode 0b3eb2e9-c6f8-4cf6-90ed-82e4192d9dcc with target datanode 90eee77c-5b89-4886-ac4f-7a9453a7812a for container move.
2023-06-18 19:16:02,883 [main] INFO  balancer.ContainerBalancerTask (ContainerBalancerTask.java:processMoveSelection(569)) - ContainerBalancer is trying to move container #86 with size 1073741824B from source datanode 0b3eb2e9-c6f8-4cf6-90ed-82e4192d9dcc to target datanode 90eee77c-5b89-4886-ac4f-7a9453a7812a
2023-06-18 19:16:02,883 [main] DEBUG balancer.ContainerBalancerTask (ContainerBalancerTask.java:lambda$moveContainer$3(834)) - Container move completed for container #86 from source 0b3eb2e9-c6f8-4cf6-90ed-82e4192d9dcc to target 90eee77c-5b89-4886-ac4f-7a9453a7812a
2023-06-18 19:16:02,885 [main] DEBUG balancer.ContainerBalancerTask (ContainerBalancerTask.java:matchSourceWithTarget(706)) - ContainerBalancer is finding suitable target for source datanode 0b3eb2e9-c6f8-4cf6-90ed-82e4192d9dcc
2023-06-18 19:16:02,888 [main] INFO  balancer.FindTargetGreedyByUsageInfo (AbstractFindTargetGreedy.java:findTargetForContainerMove(133)) - Container Balancer could not find a target for source datanode 0b3eb2e9-c6f8-4cf6-90ed-82e4192d9dcc
2023-06-18 19:16:02,888 [main] DEBUG balancer.ContainerBalancerTask (ContainerBalancerTask.java:matchSourceWithTarget(715)) - ContainerBalancer could not find a suitable target for source node 0b3eb2e9-c6f8-4cf6-90ed-82e4192d9dcc.
2023-06-18 19:16:02,888 [main] INFO  balancer.FindSourceGreedy (FindSourceGreedy.java:getNextCandidateSourceDataNode(126)) - no more candidate source data node
2023-06-18 19:16:02,888 [main] INFO  balancer.ContainerBalancerTask (ContainerBalancerTask.java:checkIterationMoveResults(640)) - Iteration Summary. Number of Datanodes involved: 2. Size moved: 11 GB (11811160064 Bytes). Number of Container moves completed: 3.
2023-06-18 19:16:02,888 [main] INFO  balancer.ContainerBalancerTask (ContainerBalancerTask.java:balance(259)) - Result of this iteration of Container Balancer: ITERATION_COMPLETED
2023-06-18 19:16:02,890 [main] DEBUG balancer.ContainerBalancerTask (ContainerBalancerTask.java:initializeIteration(374)) - Average utilization of the cluster is 0.3382662909636223
2023-06-18 19:16:02,891 [main] DEBUG balancer.ContainerBalancerTask (ContainerBalancerTask.java:initializeIteration(386)) - Lower limit for utilization is 0.2382662909636223 and Upper limit for utilization is 0.43826629096362235
2023-06-18 19:16:02,891 [main] DEBUG balancer.ContainerBalancerTask (ContainerBalancerTask.java:initializeIteration(398)) - Utilization for node 0b3eb2e9-c6f8-4cf6-90ed-82e4192d9dcc with capacity 50107951786B, used 45097156608B, and remaining 5010795178B is 0.9000000000119741
2023-06-18 19:16:02,891 [main] DEBUG balancer.ContainerBalancerTask (ContainerBalancerTask.java:initializeIteration(398)) - Utilization for node e33c84ae-7ea6-4eb6-ae33-a2ca966d69c5 with capacity 51002736640B, used 40802189312B, and remaining 10200547328B is 0.8
2023-06-18 19:16:02,891 [main] DEBUG balancer.ContainerBalancerTask (ContainerBalancerTask.java:initializeIteration(398)) - Utilization for node 37919205-9552-47d1-87a5-19866fe1c840 with capacity 79763678354B, used 55834574848B, and remaining 23929103506B is 0.7000000000025074
2023-06-18 19:16:02,891 [main] DEBUG balancer.ContainerBalancerTask (ContainerBalancerTask.java:initializeIteration(398)) - Utilization for node 16189667-75fd-4176-b358-ab0f27b9bd90 with capacity 89478485333B, used 53687091200B, and remaining 35791394133B is 0.6000000000022352
2023-06-18 19:16:02,892 [main] DEBUG balancer.ContainerBalancerTask (ContainerBalancerTask.java:initializeIteration(398)) - Utilization for node 1ec6a17f-1305-4c14-8224-a4f1be31c060 with capacity 98784247808B, used 49392123904B, and remaining 49392123904B is 0.5
2023-06-18 19:16:02,892 [main] DEBUG balancer.ContainerBalancerTask (ContainerBalancerTask.java:initializeIteration(398)) - Utilization for node ace3d91a-fe41-421b-b8aa-bcdd06e8141e with capacity 96636764160B, used 38654705664B, and remaining 57982058496B is 0.4
2023-06-18 19:16:02,892 [main] DEBUG balancer.ContainerBalancerTask (ContainerBalancerTask.java:initializeIteration(398)) - Utilization for node 690fe1cf-d809-4235-bcbd-45a4d9fe83a2 with capacity 100215903573B, used 30064771072B, and remaining 70151132501B is 0.30000000000099786
2023-06-18 19:16:02,892 [main] DEBUG balancer.ContainerBalancerTask (ContainerBalancerTask.java:initializeIteration(398)) - Utilization for node a843a2bc-5e0e-442a-9244-208c6fb84e74 with capacity 204010946560B, used 40802189312B, and remaining 163208757248B is 0.2
2023-06-18 19:16:02,892 [main] DEBUG balancer.ContainerBalancerTask (ContainerBalancerTask.java:initializeIteration(398)) - Utilization for node 165f20f7-ffb1-4911-a85b-e4289fc7c557 with capacity 354334801920B, used 35433480192B, and remaining 318901321728B is 0.1
2023-06-18 19:16:02,892 [main] DEBUG balancer.ContainerBalancerTask (ContainerBalancerTask.java:initializeIteration(398)) - Utilization for node 90eee77c-5b89-4886-ac4f-7a9453a7812a with capacity 27917287424B, used 0B, and remaining 27917287424B is 0.0
2023-06-18 19:16:02,892 [main] INFO  balancer.ContainerBalancerTask (ContainerBalancerTask.java:initializeIteration(447)) - Container Balancer has identified 5 Over-Utilized and 3 Under-Utilized Datanodes that need to be balanced.
2023-06-18 19:16:02,893 [main] DEBUG balancer.ContainerBalancerTask (ContainerBalancerTask.java:lambda$initializeIteration$1(453)) - Datanode localhost-190.255.114.220 0b3eb2e9-c6f8-4cf6-90ed-82e4192d9dcc is Over-Utilized.
2023-06-18 19:16:02,893 [main] DEBUG balancer.ContainerBalancerTask (ContainerBalancerTask.java:lambda$initializeIteration$1(453)) - Datanode localhost-72.184.50.234 e33c84ae-7ea6-4eb6-ae33-a2ca966d69c5 is Over-Utilized.
2023-06-18 19:16:02,893 [main] DEBUG balancer.ContainerBalancerTask (ContainerBalancerTask.java:lambda$initializeIteration$1(453)) - Datanode localhost-118.102.211.96 37919205-9552-47d1-87a5-19866fe1c840 is Over-Utilized.
2023-06-18 19:16:02,893 [main] DEBUG balancer.ContainerBalancerTask (ContainerBalancerTask.java:lambda$initializeIteration$1(453)) - Datanode localhost-110.248.254.2 16189667-75fd-4176-b358-ab0f27b9bd90 is Over-Utilized.
2023-06-18 19:16:02,893 [main] DEBUG balancer.ContainerBalancerTask (ContainerBalancerTask.java:lambda$initializeIteration$1(453)) - Datanode localhost-52.96.248.135 1ec6a17f-1305-4c14-8224-a4f1be31c060 is Over-Utilized.
2023-06-18 19:16:02,893 [main] DEBUG balancer.ContainerBalancerTask (ContainerBalancerTask.java:lambda$initializeIteration$2(459)) - Datanode localhost-228.99.70.159 90eee77c-5b89-4886-ac4f-7a9453a7812a is Under-Utilized.
2023-06-18 19:16:02,893 [main] DEBUG balancer.ContainerBalancerTask (ContainerBalancerTask.java:lambda$initializeIteration$2(459)) - Datanode localhost-11.43.205.144 165f20f7-ffb1-4911-a85b-e4289fc7c557 is Under-Utilized.
2023-06-18 19:16:02,893 [main] DEBUG balancer.ContainerBalancerTask (ContainerBalancerTask.java:lambda$initializeIteration$2(459)) - Datanode localhost-212.83.70.62 a843a2bc-5e0e-442a-9244-208c6fb84e74 is Under-Utilized.
2023-06-18 19:16:02,896 [main] DEBUG balancer.ContainerBalancerTask (ContainerBalancerTask.java:matchSourceWithTarget(706)) - ContainerBalancer is finding suitable target for source datanode 0b3eb2e9-c6f8-4cf6-90ed-82e4192d9dcc
2023-06-18 19:16:02,896 [main] INFO  balancer.ContainerBalancerTask (ContainerBalancerTask.java:matchSourceWithTarget(720)) - ContainerBalancer matched source datanode 0b3eb2e9-c6f8-4cf6-90ed-82e4192d9dcc with target datanode 90eee77c-5b89-4886-ac4f-7a9453a7812a for container move.
2023-06-18 19:16:02,896 [main] INFO  balancer.ContainerBalancerTask (ContainerBalancerTask.java:processMoveSelection(569)) - ContainerBalancer is trying to move container #85 with size 5368709120B from source datanode 0b3eb2e9-c6f8-4cf6-90ed-82e4192d9dcc to target datanode 90eee77c-5b89-4886-ac4f-7a9453a7812a
2023-06-18 19:16:02,896 [main] DEBUG balancer.ContainerBalancerTask (ContainerBalancerTask.java:lambda$moveContainer$3(834)) - Container move completed for container #85 from source 0b3eb2e9-c6f8-4cf6-90ed-82e4192d9dcc to target 90eee77c-5b89-4886-ac4f-7a9453a7812a
2023-06-18 19:16:02,897 [main] DEBUG balancer.ContainerBalancerTask (ContainerBalancerTask.java:adaptOnReachingIterationLimits(780)) - Reached max datanodes to involve limit. 2 datanodes have already been selected for balancing and the limit is 2. Only already selected sources and targets can be involved in balancing now.
2023-06-18 19:16:02,900 [main] DEBUG balancer.ContainerBalancerTask (ContainerBalancerTask.java:matchSourceWithTarget(706)) - ContainerBalancer is finding suitable target for source datanode 0b3eb2e9-c6f8-4cf6-90ed-82e4192d9dcc
2023-06-18 19:16:02,900 [main] INFO  balancer.ContainerBalancerTask (ContainerBalancerTask.java:matchSourceWithTarget(720)) - ContainerBalancer matched source datanode 0b3eb2e9-c6f8-4cf6-90ed-82e4192d9dcc with target datanode 90eee77c-5b89-4886-ac4f-7a9453a7812a for container move.
2023-06-18 19:16:02,900 [main] INFO  balancer.ContainerBalancerTask (ContainerBalancerTask.java:processMoveSelection(569)) - ContainerBalancer is trying to move container #53 with size 5368709120B from source datanode 0b3eb2e9-c6f8-4cf6-90ed-82e4192d9dcc to target datanode 90eee77c-5b89-4886-ac4f-7a9453a7812a
2023-06-18 19:16:02,900 [main] DEBUG balancer.ContainerBalancerTask (ContainerBalancerTask.java:lambda$moveContainer$3(834)) - Container move completed for container #53 from source 0b3eb2e9-c6f8-4cf6-90ed-82e4192d9dcc to target 90eee77c-5b89-4886-ac4f-7a9453a7812a
2023-06-18 19:16:02,903 [main] DEBUG balancer.ContainerBalancerTask (ContainerBalancerTask.java:matchSourceWithTarget(706)) - ContainerBalancer is finding suitable target for source datanode 0b3eb2e9-c6f8-4cf6-90ed-82e4192d9dcc
2023-06-18 19:16:02,904 [main] INFO  balancer.ContainerBalancerTask (ContainerBalancerTask.java:matchSourceWithTarget(720)) - ContainerBalancer matched source datanode 0b3eb2e9-c6f8-4cf6-90ed-82e4192d9dcc with target datanode 90eee77c-5b89-4886-ac4f-7a9453a7812a for container move.
2023-06-18 19:16:02,904 [main] INFO  balancer.ContainerBalancerTask (ContainerBalancerTask.java:processMoveSelection(569)) - ContainerBalancer is trying to move container #86 with size 1073741824B from source datanode 0b3eb2e9-c6f8-4cf6-90ed-82e4192d9dcc to target datanode 90eee77c-5b89-4886-ac4f-7a9453a7812a
2023-06-18 19:16:02,905 [main] DEBUG balancer.ContainerBalancerTask (ContainerBalancerTask.java:lambda$moveContainer$3(834)) - Container move completed for container #86 from source 0b3eb2e9-c6f8-4cf6-90ed-82e4192d9dcc to target 90eee77c-5b89-4886-ac4f-7a9453a7812a
2023-06-18 19:16:02,915 [main] DEBUG balancer.ContainerBalancerTask (ContainerBalancerTask.java:matchSourceWithTarget(706)) - ContainerBalancer is finding suitable target for source datanode 0b3eb2e9-c6f8-4cf6-90ed-82e4192d9dcc
2023-06-18 19:16:02,917 [main] INFO  balancer.FindTargetGreedyByUsageInfo (AbstractFindTargetGreedy.java:findTargetForContainerMove(133)) - Container Balancer could not find a target for source datanode 0b3eb2e9-c6f8-4cf6-90ed-82e4192d9dcc
2023-06-18 19:16:02,917 [main] DEBUG balancer.ContainerBalancerTask (ContainerBalancerTask.java:matchSourceWithTarget(715)) - ContainerBalancer could not find a suitable target for source node 0b3eb2e9-c6f8-4cf6-90ed-82e4192d9dcc.
2023-06-18 19:16:02,917 [main] INFO  balancer.FindSourceGreedy (FindSourceGreedy.java:getNextCandidateSourceDataNode(126)) - no more candidate source data node
2023-06-18 19:16:02,918 [main] INFO  balancer.ContainerBalancerTask (ContainerBalancerTask.java:checkIterationMoveResults(640)) - Iteration Summary. Number of Datanodes involved: 2. Size moved: 11 GB (11811160064 Bytes). Number of Container moves completed: 3.
2023-06-18 19:16:02,918 [main] INFO  balancer.ContainerBalancerTask (ContainerBalancerTask.java:balance(259)) - Result of this iteration of Container Balancer: ITERATION_COMPLETED
2023-06-18 19:16:02,921 [main] DEBUG balancer.ContainerBalancerTask (ContainerBalancerTask.java:initializeIteration(374)) - Average utilization of the cluster is 0.3382662909636223
2023-06-18 19:16:02,921 [main] DEBUG balancer.ContainerBalancerTask (ContainerBalancerTask.java:initializeIteration(386)) - Lower limit for utilization is 0.2382662909636223 and Upper limit for utilization is 0.43826629096362235
2023-06-18 19:16:02,922 [main] DEBUG balancer.ContainerBalancerTask (ContainerBalancerTask.java:initializeIteration(398)) - Utilization for node 0b3eb2e9-c6f8-4cf6-90ed-82e4192d9dcc with capacity 50107951786B, used 45097156608B, and remaining 5010795178B is 0.9000000000119741
2023-06-18 19:16:02,922 [main] DEBUG balancer.ContainerBalancerTask (ContainerBalancerTask.java:initializeIteration(398)) - Utilization for node e33c84ae-7ea6-4eb6-ae33-a2ca966d69c5 with capacity 51002736640B, used 40802189312B, and remaining 10200547328B is 0.8
2023-06-18 19:16:02,922 [main] DEBUG balancer.ContainerBalancerTask (ContainerBalancerTask.java:initializeIteration(398)) - Utilization for node 37919205-9552-47d1-87a5-19866fe1c840 with capacity 79763678354B, used 55834574848B, and remaining 23929103506B is 0.7000000000025074
2023-06-18 19:16:02,922 [main] DEBUG balancer.ContainerBalancerTask (ContainerBalancerTask.java:initializeIteration(398)) - Utilization for node 16189667-75fd-4176-b358-ab0f27b9bd90 with capacity 89478485333B, used 53687091200B, and remaining 35791394133B is 0.6000000000022352
2023-06-18 19:16:02,923 [main] DEBUG balancer.ContainerBalancerTask (ContainerBalancerTask.java:initializeIteration(398)) - Utilization for node 1ec6a17f-1305-4c14-8224-a4f1be31c060 with capacity 98784247808B, used 49392123904B, and remaining 49392123904B is 0.5
2023-06-18 19:16:02,923 [main] DEBUG balancer.ContainerBalancerTask (ContainerBalancerTask.java:initializeIteration(398)) - Utilization for node ace3d91a-fe41-421b-b8aa-bcdd06e8141e with capacity 96636764160B, used 38654705664B, and remaining 57982058496B is 0.4
2023-06-18 19:16:02,923 [main] DEBUG balancer.ContainerBalancerTask (ContainerBalancerTask.java:initializeIteration(398)) - Utilization for node 690fe1cf-d809-4235-bcbd-45a4d9fe83a2 with capacity 100215903573B, used 30064771072B, and remaining 70151132501B is 0.30000000000099786
2023-06-18 19:16:02,923 [main] DEBUG balancer.ContainerBalancerTask (ContainerBalancerTask.java:initializeIteration(398)) - Utilization for node a843a2bc-5e0e-442a-9244-208c6fb84e74 with capacity 204010946560B, used 40802189312B, and remaining 163208757248B is 0.2
2023-06-18 19:16:02,923 [main] DEBUG balancer.ContainerBalancerTask (ContainerBalancerTask.java:initializeIteration(398)) - Utilization for node 165f20f7-ffb1-4911-a85b-e4289fc7c557 with capacity 354334801920B, used 35433480192B, and remaining 318901321728B is 0.1
2023-06-18 19:16:02,923 [main] DEBUG balancer.ContainerBalancerTask (ContainerBalancerTask.java:initializeIteration(398)) - Utilization for node 90eee77c-5b89-4886-ac4f-7a9453a7812a with capacity 27917287424B, used 0B, and remaining 27917287424B is 0.0
2023-06-18 19:16:02,923 [main] INFO  balancer.ContainerBalancerTask (ContainerBalancerTask.java:initializeIteration(447)) - Container Balancer has identified 5 Over-Utilized and 3 Under-Utilized Datanodes that need to be balanced.
2023-06-18 19:16:02,923 [main] DEBUG balancer.ContainerBalancerTask (ContainerBalancerTask.java:lambda$initializeIteration$1(453)) - Datanode localhost-190.255.114.220 0b3eb2e9-c6f8-4cf6-90ed-82e4192d9dcc is Over-Utilized.
2023-06-18 19:16:02,924 [main] DEBUG balancer.ContainerBalancerTask (ContainerBalancerTask.java:lambda$initializeIteration$1(453)) - Datanode localhost-72.184.50.234 e33c84ae-7ea6-4eb6-ae33-a2ca966d69c5 is Over-Utilized.
2023-06-18 19:16:02,924 [main] DEBUG balancer.ContainerBalancerTask (ContainerBalancerTask.java:lambda$initializeIteration$1(453)) - Datanode localhost-118.102.211.96 37919205-9552-47d1-87a5-19866fe1c840 is Over-Utilized.
2023-06-18 19:16:02,924 [main] DEBUG balancer.ContainerBalancerTask (ContainerBalancerTask.java:lambda$initializeIteration$1(453)) - Datanode localhost-110.248.254.2 16189667-75fd-4176-b358-ab0f27b9bd90 is Over-Utilized.
2023-06-18 19:16:02,924 [main] DEBUG balancer.ContainerBalancerTask (ContainerBalancerTask.java:lambda$initializeIteration$1(453)) - Datanode localhost-52.96.248.135 1ec6a17f-1305-4c14-8224-a4f1be31c060 is Over-Utilized.
2023-06-18 19:16:02,924 [main] DEBUG balancer.ContainerBalancerTask (ContainerBalancerTask.java:lambda$initializeIteration$2(459)) - Datanode localhost-228.99.70.159 90eee77c-5b89-4886-ac4f-7a9453a7812a is Under-Utilized.
2023-06-18 19:16:02,924 [main] DEBUG balancer.ContainerBalancerTask (ContainerBalancerTask.java:lambda$initializeIteration$2(459)) - Datanode localhost-11.43.205.144 165f20f7-ffb1-4911-a85b-e4289fc7c557 is Under-Utilized.
2023-06-18 19:16:02,924 [main] DEBUG balancer.ContainerBalancerTask (ContainerBalancerTask.java:lambda$initializeIteration$2(459)) - Datanode localhost-212.83.70.62 a843a2bc-5e0e-442a-9244-208c6fb84e74 is Under-Utilized.
2023-06-18 19:16:02,927 [main] DEBUG balancer.ContainerBalancerTask (ContainerBalancerTask.java:matchSourceWithTarget(706)) - ContainerBalancer is finding suitable target for source datanode 0b3eb2e9-c6f8-4cf6-90ed-82e4192d9dcc
2023-06-18 19:16:02,927 [main] INFO  balancer.ContainerBalancerTask (ContainerBalancerTask.java:matchSourceWithTarget(720)) - ContainerBalancer matched source datanode 0b3eb2e9-c6f8-4cf6-90ed-82e4192d9dcc with target datanode 90eee77c-5b89-4886-ac4f-7a9453a7812a for container move.
2023-06-18 19:16:02,927 [main] INFO  balancer.ContainerBalancerTask (ContainerBalancerTask.java:processMoveSelection(569)) - ContainerBalancer is trying to move container #85 with size 5368709120B from source datanode 0b3eb2e9-c6f8-4cf6-90ed-82e4192d9dcc to target datanode 90eee77c-5b89-4886-ac4f-7a9453a7812a
2023-06-18 19:16:02,927 [main] DEBUG balancer.ContainerBalancerTask (ContainerBalancerTask.java:lambda$moveContainer$3(834)) - Container move completed for container #85 from source 0b3eb2e9-c6f8-4cf6-90ed-82e4192d9dcc to target 90eee77c-5b89-4886-ac4f-7a9453a7812a
2023-06-18 19:16:02,928 [main] DEBUG balancer.ContainerBalancerTask (ContainerBalancerTask.java:adaptOnReachingIterationLimits(780)) - Reached max datanodes to involve limit. 2 datanodes have already been selected for balancing and the limit is 2. Only already selected sources and targets can be involved in balancing now.
2023-06-18 19:16:02,930 [main] DEBUG balancer.ContainerBalancerTask (ContainerBalancerTask.java:matchSourceWithTarget(706)) - ContainerBalancer is finding suitable target for source datanode 0b3eb2e9-c6f8-4cf6-90ed-82e4192d9dcc
2023-06-18 19:16:02,931 [main] INFO  balancer.ContainerBalancerTask (ContainerBalancerTask.java:matchSourceWithTarget(720)) - ContainerBalancer matched source datanode 0b3eb2e9-c6f8-4cf6-90ed-82e4192d9dcc with target datanode 90eee77c-5b89-4886-ac4f-7a9453a7812a for container move.
2023-06-18 19:16:02,931 [main] INFO  balancer.ContainerBalancerTask (ContainerBalancerTask.java:processMoveSelection(569)) - ContainerBalancer is trying to move container #53 with size 5368709120B from source datanode 0b3eb2e9-c6f8-4cf6-90ed-82e4192d9dcc to target datanode 90eee77c-5b89-4886-ac4f-7a9453a7812a
2023-06-18 19:16:02,931 [main] DEBUG balancer.ContainerBalancerTask (ContainerBalancerTask.java:lambda$moveContainer$3(834)) - Container move completed for container #53 from source 0b3eb2e9-c6f8-4cf6-90ed-82e4192d9dcc to target 90eee77c-5b89-4886-ac4f-7a9453a7812a
2023-06-18 19:16:02,933 [main] DEBUG balancer.ContainerBalancerTask (ContainerBalancerTask.java:matchSourceWithTarget(706)) - ContainerBalancer is finding suitable target for source datanode 0b3eb2e9-c6f8-4cf6-90ed-82e4192d9dcc
2023-06-18 19:16:02,934 [main] INFO  balancer.ContainerBalancerTask (ContainerBalancerTask.java:matchSourceWithTarget(720)) - ContainerBalancer matched source datanode 0b3eb2e9-c6f8-4cf6-90ed-82e4192d9dcc with target datanode 90eee77c-5b89-4886-ac4f-7a9453a7812a for container move.
2023-06-18 19:16:02,934 [main] INFO  balancer.ContainerBalancerTask (ContainerBalancerTask.java:processMoveSelection(569)) - ContainerBalancer is trying to move container #86 with size 1073741824B from source datanode 0b3eb2e9-c6f8-4cf6-90ed-82e4192d9dcc to target datanode 90eee77c-5b89-4886-ac4f-7a9453a7812a
2023-06-18 19:16:02,934 [main] DEBUG balancer.ContainerBalancerTask (ContainerBalancerTask.java:lambda$moveContainer$3(834)) - Container move completed for container #86 from source 0b3eb2e9-c6f8-4cf6-90ed-82e4192d9dcc to target 90eee77c-5b89-4886-ac4f-7a9453a7812a
2023-06-18 19:16:02,937 [main] DEBUG balancer.ContainerBalancerTask (ContainerBalancerTask.java:matchSourceWithTarget(706)) - ContainerBalancer is finding suitable target for source datanode 0b3eb2e9-c6f8-4cf6-90ed-82e4192d9dcc
2023-06-18 19:16:02,941 [main] INFO  balancer.FindTargetGreedyByUsageInfo (AbstractFindTargetGreedy.java:findTargetForContainerMove(133)) - Container Balancer could not find a target for source datanode 0b3eb2e9-c6f8-4cf6-90ed-82e4192d9dcc
2023-06-18 19:16:02,941 [main] DEBUG balancer.ContainerBalancerTask (ContainerBalancerTask.java:matchSourceWithTarget(715)) - ContainerBalancer could not find a suitable target for source node 0b3eb2e9-c6f8-4cf6-90ed-82e4192d9dcc.
2023-06-18 19:16:02,941 [main] INFO  balancer.FindSourceGreedy (FindSourceGreedy.java:getNextCandidateSourceDataNode(126)) - no more candidate source data node
2023-06-18 19:16:02,941 [main] INFO  balancer.ContainerBalancerTask (ContainerBalancerTask.java:checkIterationMoveResults(640)) - Iteration Summary. Number of Datanodes involved: 2. Size moved: 11 GB (11811160064 Bytes). Number of Container moves completed: 3.
2023-06-18 19:16:02,942 [main] INFO  balancer.ContainerBalancerTask (ContainerBalancerTask.java:balance(259)) - Result of this iteration of Container Balancer: ITERATION_COMPLETED
2023-06-18 19:16:02,942 [main] INFO  balancer.ContainerBalancerTask (ContainerBalancerTask.java:tryStopWithSaveConfiguration(308)) - Save Configuration for stopping. Reason: Completed all iterations.
]]></system-out>
  </testcase>
  <testcase name="checkIterationResult" classname="org.apache.hadoop.hdds.scm.container.balancer.TestContainerBalancerTask" time="0.163">
    <system-out><![CDATA[2023-06-18 19:16:02,976 [main] INFO  net.NodeSchemaLoader (NodeSchemaLoader.java:loadSchemaFromFile(129)) - Loading schema from [file:/home/runner/work/ozone/ozone/hadoop-hdds/common/target/classes/network-topology-default.xml]
2023-06-18 19:16:02,976 [main] INFO  net.NodeSchemaLoader (NodeSchemaLoader.java:loadSchema(176)) - Loading network topology layer schema file
2023-06-18 19:16:02,980 [main] INFO  net.NetworkTopologyImpl (NetworkTopologyImpl.java:add(112)) - Added a new node: /default-rack/77a1d5aa-9911-461c-8bf0-bea2bcebc17f
2023-06-18 19:16:02,980 [main] INFO  net.NetworkTopologyImpl (NetworkTopologyImpl.java:add(112)) - Added a new node: /default-rack/69590963-1050-4d92-8a6a-c26e46f3242f
2023-06-18 19:16:02,980 [main] INFO  net.NetworkTopologyImpl (NetworkTopologyImpl.java:add(112)) - Added a new node: /default-rack/87e888e5-e451-42a1-80d6-951334e7415f
2023-06-18 19:16:02,980 [main] INFO  net.NetworkTopologyImpl (NetworkTopologyImpl.java:add(112)) - Added a new node: /default-rack/ea03119e-1b9f-4305-b213-9a0317d9523f
2023-06-18 19:16:02,980 [main] INFO  net.NetworkTopologyImpl (NetworkTopologyImpl.java:add(112)) - Added a new node: /default-rack/6c51a8ec-01fe-4fc7-98db-366fcea38bc7
2023-06-18 19:16:02,980 [main] INFO  net.NetworkTopologyImpl (NetworkTopologyImpl.java:add(112)) - Added a new node: /default-rack/a7c144d6-b183-4d06-8230-56edcaa428ac
2023-06-18 19:16:02,981 [main] INFO  net.NetworkTopologyImpl (NetworkTopologyImpl.java:add(112)) - Added a new node: /default-rack/955edfcc-5a68-4b89-a585-3e63d5e9ecbb
2023-06-18 19:16:02,983 [main] INFO  net.NetworkTopologyImpl (NetworkTopologyImpl.java:add(112)) - Added a new node: /default-rack/fe156ea4-f7ba-4703-af87-7f4664e045a1
2023-06-18 19:16:02,983 [main] INFO  net.NetworkTopologyImpl (NetworkTopologyImpl.java:add(112)) - Added a new node: /default-rack/e538e65a-1e7f-4617-8ac7-02f3cdb8b1df
2023-06-18 19:16:02,984 [main] INFO  net.NetworkTopologyImpl (NetworkTopologyImpl.java:add(112)) - Added a new node: /default-rack/9ce30938-de0f-4b64-a46d-7db4f0e5a6a7
2023-06-18 19:16:02,984 [main] INFO  algorithms.ContainerPlacementPolicyFactory (ContainerPlacementPolicyFactory.java:getPolicyInternal(86)) - Create container placement policy of type org.apache.hadoop.hdds.scm.container.placement.algorithms.SCMContainerPlacementRackAware
2023-06-18 19:16:02,984 [main] INFO  algorithms.ContainerPlacementPolicyFactory (ContainerPlacementPolicyFactory.java:getPolicyInternal(86)) - Create container placement policy of type org.apache.hadoop.hdds.scm.container.placement.algorithms.SCMContainerPlacementRackScatter
2023-06-18 19:16:02,991 [main] DEBUG balancer.ContainerBalancerTask (ContainerBalancerTask.java:initializeIteration(374)) - Average utilization of the cluster is 0.3455227037362301
2023-06-18 19:16:02,992 [main] DEBUG balancer.ContainerBalancerTask (ContainerBalancerTask.java:initializeIteration(386)) - Lower limit for utilization is 0.2455227037362301 and Upper limit for utilization is 0.44552270373623015
2023-06-18 19:16:02,992 [main] DEBUG balancer.ContainerBalancerTask (ContainerBalancerTask.java:initializeIteration(398)) - Utilization for node ea03119e-1b9f-4305-b213-9a0317d9523f with capacity 72775834737B, used 65498251264B, and remaining 7277583473B is 0.9000000000096186
2023-06-18 19:16:02,992 [main] DEBUG balancer.ContainerBalancerTask (ContainerBalancerTask.java:initializeIteration(398)) - Utilization for node 955edfcc-5a68-4b89-a585-3e63d5e9ecbb with capacity 67108864000B, used 53687091200B, and remaining 13421772800B is 0.8
2023-06-18 19:16:02,992 [main] DEBUG balancer.ContainerBalancerTask (ContainerBalancerTask.java:initializeIteration(398)) - Utilization for node a7c144d6-b183-4d06-8230-56edcaa428ac with capacity 87433262811B, used 61203283968B, and remaining 26229978843B is 0.7000000000034312
2023-06-18 19:16:02,992 [main] DEBUG balancer.ContainerBalancerTask (ContainerBalancerTask.java:initializeIteration(398)) - Utilization for node fe156ea4-f7ba-4703-af87-7f4664e045a1 with capacity 60845370026B, used 36507222016B, and remaining 24338148010B is 0.600000000006574
2023-06-18 19:16:02,992 [main] DEBUG balancer.ContainerBalancerTask (ContainerBalancerTask.java:initializeIteration(398)) - Utilization for node e538e65a-1e7f-4617-8ac7-02f3cdb8b1df with capacity 70866960384B, used 35433480192B, and remaining 35433480192B is 0.5
2023-06-18 19:16:02,992 [main] DEBUG balancer.ContainerBalancerTask (ContainerBalancerTask.java:initializeIteration(398)) - Utilization for node 87e888e5-e451-42a1-80d6-951334e7415f with capacity 131533373440B, used 52613349376B, and remaining 78920024064B is 0.4
2023-06-18 19:16:02,992 [main] DEBUG balancer.ContainerBalancerTask (ContainerBalancerTask.java:initializeIteration(398)) - Utilization for node 69590963-1050-4d92-8a6a-c26e46f3242f with capacity 89478485333B, used 26843545600B, and remaining 62634939733B is 0.3000000000011176
2023-06-18 19:16:02,992 [main] DEBUG balancer.ContainerBalancerTask (ContainerBalancerTask.java:initializeIteration(398)) - Utilization for node 9ce30938-de0f-4b64-a46d-7db4f0e5a6a7 with capacity 182536110080B, used 36507222016B, and remaining 146028888064B is 0.2
2023-06-18 19:16:02,992 [main] DEBUG balancer.ContainerBalancerTask (ContainerBalancerTask.java:initializeIteration(398)) - Utilization for node 6c51a8ec-01fe-4fc7-98db-366fcea38bc7 with capacity 354334801920B, used 35433480192B, and remaining 318901321728B is 0.1
2023-06-18 19:16:02,992 [main] DEBUG balancer.ContainerBalancerTask (ContainerBalancerTask.java:initializeIteration(398)) - Utilization for node 77a1d5aa-9911-461c-8bf0-bea2bcebc17f with capacity 51539607552B, used 0B, and remaining 51539607552B is 0.0
2023-06-18 19:16:02,993 [main] INFO  balancer.ContainerBalancerTask (ContainerBalancerTask.java:initializeIteration(447)) - Container Balancer has identified 5 Over-Utilized and 3 Under-Utilized Datanodes that need to be balanced.
2023-06-18 19:16:02,993 [main] DEBUG balancer.ContainerBalancerTask (ContainerBalancerTask.java:lambda$initializeIteration$1(453)) - Datanode localhost-19.2.195.35 ea03119e-1b9f-4305-b213-9a0317d9523f is Over-Utilized.
2023-06-18 19:16:02,993 [main] DEBUG balancer.ContainerBalancerTask (ContainerBalancerTask.java:lambda$initializeIteration$1(453)) - Datanode localhost-158.189.99.218 955edfcc-5a68-4b89-a585-3e63d5e9ecbb is Over-Utilized.
2023-06-18 19:16:02,993 [main] DEBUG balancer.ContainerBalancerTask (ContainerBalancerTask.java:lambda$initializeIteration$1(453)) - Datanode localhost-153.147.17.86 a7c144d6-b183-4d06-8230-56edcaa428ac is Over-Utilized.
2023-06-18 19:16:02,993 [main] DEBUG balancer.ContainerBalancerTask (ContainerBalancerTask.java:lambda$initializeIteration$1(453)) - Datanode localhost-24.42.207.19 fe156ea4-f7ba-4703-af87-7f4664e045a1 is Over-Utilized.
2023-06-18 19:16:02,993 [main] DEBUG balancer.ContainerBalancerTask (ContainerBalancerTask.java:lambda$initializeIteration$1(453)) - Datanode localhost-232.94.226.240 e538e65a-1e7f-4617-8ac7-02f3cdb8b1df is Over-Utilized.
2023-06-18 19:16:02,993 [main] DEBUG balancer.ContainerBalancerTask (ContainerBalancerTask.java:lambda$initializeIteration$2(459)) - Datanode localhost-234.205.73.250 77a1d5aa-9911-461c-8bf0-bea2bcebc17f is Under-Utilized.
2023-06-18 19:16:02,993 [main] DEBUG balancer.ContainerBalancerTask (ContainerBalancerTask.java:lambda$initializeIteration$2(459)) - Datanode localhost-236.159.225.130 6c51a8ec-01fe-4fc7-98db-366fcea38bc7 is Under-Utilized.
2023-06-18 19:16:02,993 [main] DEBUG balancer.ContainerBalancerTask (ContainerBalancerTask.java:lambda$initializeIteration$2(459)) - Datanode localhost-157.188.56.157 9ce30938-de0f-4b64-a46d-7db4f0e5a6a7 is Under-Utilized.
2023-06-18 19:16:02,997 [main] DEBUG balancer.ContainerBalancerTask (ContainerBalancerTask.java:matchSourceWithTarget(706)) - ContainerBalancer is finding suitable target for source datanode ea03119e-1b9f-4305-b213-9a0317d9523f
2023-06-18 19:16:02,997 [main] INFO  balancer.ContainerBalancerTask (ContainerBalancerTask.java:matchSourceWithTarget(720)) - ContainerBalancer matched source datanode ea03119e-1b9f-4305-b213-9a0317d9523f with target datanode 77a1d5aa-9911-461c-8bf0-bea2bcebc17f for container move.
2023-06-18 19:16:02,997 [main] INFO  balancer.ContainerBalancerTask (ContainerBalancerTask.java:processMoveSelection(569)) - ContainerBalancer is trying to move container #84 with size 4294967296B from source datanode ea03119e-1b9f-4305-b213-9a0317d9523f to target datanode 77a1d5aa-9911-461c-8bf0-bea2bcebc17f
2023-06-18 19:16:02,997 [main] DEBUG balancer.ContainerBalancerTask (ContainerBalancerTask.java:lambda$moveContainer$3(834)) - Container move completed for container #84 from source ea03119e-1b9f-4305-b213-9a0317d9523f to target 77a1d5aa-9911-461c-8bf0-bea2bcebc17f
2023-06-18 19:16:03,001 [main] DEBUG balancer.ContainerBalancerTask (ContainerBalancerTask.java:matchSourceWithTarget(706)) - ContainerBalancer is finding suitable target for source datanode ea03119e-1b9f-4305-b213-9a0317d9523f
2023-06-18 19:16:03,001 [main] INFO  balancer.ContainerBalancerTask (ContainerBalancerTask.java:matchSourceWithTarget(720)) - ContainerBalancer matched source datanode ea03119e-1b9f-4305-b213-9a0317d9523f with target datanode 77a1d5aa-9911-461c-8bf0-bea2bcebc17f for container move.
2023-06-18 19:16:03,001 [main] INFO  balancer.ContainerBalancerTask (ContainerBalancerTask.java:processMoveSelection(569)) - ContainerBalancer is trying to move container #52 with size 4294967296B from source datanode ea03119e-1b9f-4305-b213-9a0317d9523f to target datanode 77a1d5aa-9911-461c-8bf0-bea2bcebc17f
2023-06-18 19:16:03,002 [main] DEBUG balancer.ContainerBalancerTask (ContainerBalancerTask.java:lambda$moveContainer$3(834)) - Container move completed for container #52 from source ea03119e-1b9f-4305-b213-9a0317d9523f to target 77a1d5aa-9911-461c-8bf0-bea2bcebc17f
2023-06-18 19:16:03,005 [main] DEBUG balancer.ContainerBalancerTask (ContainerBalancerTask.java:matchSourceWithTarget(706)) - ContainerBalancer is finding suitable target for source datanode 955edfcc-5a68-4b89-a585-3e63d5e9ecbb
2023-06-18 19:16:03,005 [main] INFO  balancer.ContainerBalancerTask (ContainerBalancerTask.java:matchSourceWithTarget(720)) - ContainerBalancer matched source datanode 955edfcc-5a68-4b89-a585-3e63d5e9ecbb with target datanode 6c51a8ec-01fe-4fc7-98db-366fcea38bc7 for container move.
2023-06-18 19:16:03,005 [main] INFO  balancer.ContainerBalancerTask (ContainerBalancerTask.java:processMoveSelection(569)) - ContainerBalancer is trying to move container #68 with size 5368709120B from source datanode 955edfcc-5a68-4b89-a585-3e63d5e9ecbb to target datanode 6c51a8ec-01fe-4fc7-98db-366fcea38bc7
2023-06-18 19:16:03,006 [main] DEBUG balancer.ContainerBalancerTask (ContainerBalancerTask.java:lambda$moveContainer$3(834)) - Container move completed for container #68 from source 955edfcc-5a68-4b89-a585-3e63d5e9ecbb to target 6c51a8ec-01fe-4fc7-98db-366fcea38bc7
2023-06-18 19:16:03,010 [main] DEBUG balancer.ContainerBalancerTask (ContainerBalancerTask.java:matchSourceWithTarget(706)) - ContainerBalancer is finding suitable target for source datanode ea03119e-1b9f-4305-b213-9a0317d9523f
2023-06-18 19:16:03,011 [main] INFO  balancer.ContainerBalancerTask (ContainerBalancerTask.java:matchSourceWithTarget(720)) - ContainerBalancer matched source datanode ea03119e-1b9f-4305-b213-9a0317d9523f with target datanode 6c51a8ec-01fe-4fc7-98db-366fcea38bc7 for container move.
2023-06-18 19:16:03,011 [main] INFO  balancer.ContainerBalancerTask (ContainerBalancerTask.java:processMoveSelection(569)) - ContainerBalancer is trying to move container #88 with size 3221225472B from source datanode ea03119e-1b9f-4305-b213-9a0317d9523f to target datanode 6c51a8ec-01fe-4fc7-98db-366fcea38bc7
2023-06-18 19:16:03,011 [main] DEBUG balancer.ContainerBalancerTask (ContainerBalancerTask.java:lambda$moveContainer$3(834)) - Container move completed for container #88 from source ea03119e-1b9f-4305-b213-9a0317d9523f to target 6c51a8ec-01fe-4fc7-98db-366fcea38bc7
2023-06-18 19:16:03,015 [main] DEBUG balancer.ContainerBalancerTask (ContainerBalancerTask.java:matchSourceWithTarget(706)) - ContainerBalancer is finding suitable target for source datanode ea03119e-1b9f-4305-b213-9a0317d9523f
2023-06-18 19:16:03,015 [main] INFO  balancer.ContainerBalancerTask (ContainerBalancerTask.java:matchSourceWithTarget(720)) - ContainerBalancer matched source datanode ea03119e-1b9f-4305-b213-9a0317d9523f with target datanode 6c51a8ec-01fe-4fc7-98db-366fcea38bc7 for container move.
2023-06-18 19:16:03,015 [main] INFO  balancer.ContainerBalancerTask (ContainerBalancerTask.java:processMoveSelection(569)) - ContainerBalancer is trying to move container #82 with size 2147483648B from source datanode ea03119e-1b9f-4305-b213-9a0317d9523f to target datanode 6c51a8ec-01fe-4fc7-98db-366fcea38bc7
2023-06-18 19:16:03,016 [main] DEBUG balancer.ContainerBalancerTask (ContainerBalancerTask.java:lambda$moveContainer$3(834)) - Container move completed for container #82 from source ea03119e-1b9f-4305-b213-9a0317d9523f to target 6c51a8ec-01fe-4fc7-98db-366fcea38bc7
2023-06-18 19:16:03,020 [main] DEBUG balancer.ContainerBalancerTask (ContainerBalancerTask.java:matchSourceWithTarget(706)) - ContainerBalancer is finding suitable target for source datanode 955edfcc-5a68-4b89-a585-3e63d5e9ecbb
2023-06-18 19:16:03,020 [main] INFO  balancer.ContainerBalancerTask (ContainerBalancerTask.java:matchSourceWithTarget(720)) - ContainerBalancer matched source datanode 955edfcc-5a68-4b89-a585-3e63d5e9ecbb with target datanode 77a1d5aa-9911-461c-8bf0-bea2bcebc17f for container move.
2023-06-18 19:16:03,020 [main] INFO  balancer.ContainerBalancerTask (ContainerBalancerTask.java:processMoveSelection(569)) - ContainerBalancer is trying to move container #70 with size 2147483648B from source datanode 955edfcc-5a68-4b89-a585-3e63d5e9ecbb to target datanode 77a1d5aa-9911-461c-8bf0-bea2bcebc17f
2023-06-18 19:16:03,021 [main] DEBUG balancer.ContainerBalancerTask (ContainerBalancerTask.java:lambda$moveContainer$3(834)) - Container move completed for container #70 from source 955edfcc-5a68-4b89-a585-3e63d5e9ecbb to target 77a1d5aa-9911-461c-8bf0-bea2bcebc17f
2023-06-18 19:16:03,024 [main] DEBUG balancer.ContainerBalancerTask (ContainerBalancerTask.java:matchSourceWithTarget(706)) - ContainerBalancer is finding suitable target for source datanode ea03119e-1b9f-4305-b213-9a0317d9523f
2023-06-18 19:16:03,025 [main] INFO  balancer.ContainerBalancerTask (ContainerBalancerTask.java:matchSourceWithTarget(720)) - ContainerBalancer matched source datanode ea03119e-1b9f-4305-b213-9a0317d9523f with target datanode 9ce30938-de0f-4b64-a46d-7db4f0e5a6a7 for container move.
2023-06-18 19:16:03,025 [main] INFO  balancer.ContainerBalancerTask (ContainerBalancerTask.java:processMoveSelection(569)) - ContainerBalancer is trying to move container #10 with size 2147483648B from source datanode ea03119e-1b9f-4305-b213-9a0317d9523f to target datanode 9ce30938-de0f-4b64-a46d-7db4f0e5a6a7
2023-06-18 19:16:03,025 [main] DEBUG balancer.ContainerBalancerTask (ContainerBalancerTask.java:lambda$moveContainer$3(834)) - Container move completed for container #10 from source ea03119e-1b9f-4305-b213-9a0317d9523f to target 9ce30938-de0f-4b64-a46d-7db4f0e5a6a7
2023-06-18 19:16:03,029 [main] DEBUG balancer.ContainerBalancerTask (ContainerBalancerTask.java:matchSourceWithTarget(706)) - ContainerBalancer is finding suitable target for source datanode a7c144d6-b183-4d06-8230-56edcaa428ac
2023-06-18 19:16:03,029 [main] INFO  balancer.ContainerBalancerTask (ContainerBalancerTask.java:matchSourceWithTarget(720)) - ContainerBalancer matched source datanode a7c144d6-b183-4d06-8230-56edcaa428ac with target datanode 9ce30938-de0f-4b64-a46d-7db4f0e5a6a7 for container move.
2023-06-18 19:16:03,029 [main] INFO  balancer.ContainerBalancerTask (ContainerBalancerTask.java:processMoveSelection(569)) - ContainerBalancer is trying to move container #28 with size 4294967296B from source datanode a7c144d6-b183-4d06-8230-56edcaa428ac to target datanode 9ce30938-de0f-4b64-a46d-7db4f0e5a6a7
2023-06-18 19:16:03,029 [main] DEBUG balancer.ContainerBalancerTask (ContainerBalancerTask.java:lambda$moveContainer$3(834)) - Container move completed for container #28 from source a7c144d6-b183-4d06-8230-56edcaa428ac to target 9ce30938-de0f-4b64-a46d-7db4f0e5a6a7
2023-06-18 19:16:03,033 [main] DEBUG balancer.ContainerBalancerTask (ContainerBalancerTask.java:matchSourceWithTarget(706)) - ContainerBalancer is finding suitable target for source datanode 955edfcc-5a68-4b89-a585-3e63d5e9ecbb
2023-06-18 19:16:03,033 [main] INFO  balancer.ContainerBalancerTask (ContainerBalancerTask.java:matchSourceWithTarget(720)) - ContainerBalancer matched source datanode 955edfcc-5a68-4b89-a585-3e63d5e9ecbb with target datanode 9ce30938-de0f-4b64-a46d-7db4f0e5a6a7 for container move.
2023-06-18 19:16:03,033 [main] INFO  balancer.ContainerBalancerTask (ContainerBalancerTask.java:processMoveSelection(569)) - ContainerBalancer is trying to move container #66 with size 3221225472B from source datanode 955edfcc-5a68-4b89-a585-3e63d5e9ecbb to target datanode 9ce30938-de0f-4b64-a46d-7db4f0e5a6a7
2023-06-18 19:16:03,034 [main] DEBUG balancer.ContainerBalancerTask (ContainerBalancerTask.java:lambda$moveContainer$3(834)) - Container move completed for container #66 from source 955edfcc-5a68-4b89-a585-3e63d5e9ecbb to target 9ce30938-de0f-4b64-a46d-7db4f0e5a6a7
2023-06-18 19:16:03,038 [main] DEBUG balancer.ContainerBalancerTask (ContainerBalancerTask.java:matchSourceWithTarget(706)) - ContainerBalancer is finding suitable target for source datanode ea03119e-1b9f-4305-b213-9a0317d9523f
2023-06-18 19:16:03,038 [main] INFO  balancer.ContainerBalancerTask (ContainerBalancerTask.java:matchSourceWithTarget(720)) - ContainerBalancer matched source datanode ea03119e-1b9f-4305-b213-9a0317d9523f with target datanode 9ce30938-de0f-4b64-a46d-7db4f0e5a6a7 for container move.
2023-06-18 19:16:03,038 [main] INFO  balancer.ContainerBalancerTask (ContainerBalancerTask.java:processMoveSelection(569)) - ContainerBalancer is trying to move container #86 with size 1073741824B from source datanode ea03119e-1b9f-4305-b213-9a0317d9523f to target datanode 9ce30938-de0f-4b64-a46d-7db4f0e5a6a7
2023-06-18 19:16:03,039 [main] DEBUG balancer.ContainerBalancerTask (ContainerBalancerTask.java:lambda$moveContainer$3(834)) - Container move completed for container #86 from source ea03119e-1b9f-4305-b213-9a0317d9523f to target 9ce30938-de0f-4b64-a46d-7db4f0e5a6a7
2023-06-18 19:16:03,043 [main] DEBUG balancer.ContainerBalancerTask (ContainerBalancerTask.java:matchSourceWithTarget(706)) - ContainerBalancer is finding suitable target for source datanode ea03119e-1b9f-4305-b213-9a0317d9523f
2023-06-18 19:16:03,043 [main] INFO  balancer.FindTargetGreedyByUsageInfo (AbstractFindTargetGreedy.java:findTargetForContainerMove(133)) - Container Balancer could not find a target for source datanode ea03119e-1b9f-4305-b213-9a0317d9523f
2023-06-18 19:16:03,043 [main] DEBUG balancer.ContainerBalancerTask (ContainerBalancerTask.java:matchSourceWithTarget(715)) - ContainerBalancer could not find a suitable target for source node ea03119e-1b9f-4305-b213-9a0317d9523f.
2023-06-18 19:16:03,048 [main] DEBUG balancer.ContainerBalancerTask (ContainerBalancerTask.java:matchSourceWithTarget(706)) - ContainerBalancer is finding suitable target for source datanode a7c144d6-b183-4d06-8230-56edcaa428ac
2023-06-18 19:16:03,048 [main] INFO  balancer.FindTargetGreedyByUsageInfo (AbstractFindTargetGreedy.java:findTargetForContainerMove(133)) - Container Balancer could not find a target for source datanode a7c144d6-b183-4d06-8230-56edcaa428ac
2023-06-18 19:16:03,048 [main] DEBUG balancer.ContainerBalancerTask (ContainerBalancerTask.java:matchSourceWithTarget(715)) - ContainerBalancer could not find a suitable target for source node a7c144d6-b183-4d06-8230-56edcaa428ac.
2023-06-18 19:16:03,053 [main] DEBUG balancer.ContainerBalancerTask (ContainerBalancerTask.java:matchSourceWithTarget(706)) - ContainerBalancer is finding suitable target for source datanode 955edfcc-5a68-4b89-a585-3e63d5e9ecbb
2023-06-18 19:16:03,054 [main] INFO  balancer.FindTargetGreedyByUsageInfo (AbstractFindTargetGreedy.java:findTargetForContainerMove(133)) - Container Balancer could not find a target for source datanode 955edfcc-5a68-4b89-a585-3e63d5e9ecbb
2023-06-18 19:16:03,055 [main] DEBUG balancer.ContainerBalancerTask (ContainerBalancerTask.java:matchSourceWithTarget(715)) - ContainerBalancer could not find a suitable target for source node 955edfcc-5a68-4b89-a585-3e63d5e9ecbb.
2023-06-18 19:16:03,058 [main] DEBUG balancer.ContainerBalancerTask (ContainerBalancerTask.java:matchSourceWithTarget(706)) - ContainerBalancer is finding suitable target for source datanode fe156ea4-f7ba-4703-af87-7f4664e045a1
2023-06-18 19:16:03,058 [main] INFO  balancer.FindTargetGreedyByUsageInfo (AbstractFindTargetGreedy.java:findTargetForContainerMove(133)) - Container Balancer could not find a target for source datanode fe156ea4-f7ba-4703-af87-7f4664e045a1
2023-06-18 19:16:03,058 [main] DEBUG balancer.ContainerBalancerTask (ContainerBalancerTask.java:matchSourceWithTarget(715)) - ContainerBalancer could not find a suitable target for source node fe156ea4-f7ba-4703-af87-7f4664e045a1.
2023-06-18 19:16:03,061 [main] DEBUG balancer.ContainerBalancerTask (ContainerBalancerTask.java:matchSourceWithTarget(706)) - ContainerBalancer is finding suitable target for source datanode e538e65a-1e7f-4617-8ac7-02f3cdb8b1df
2023-06-18 19:16:03,061 [main] INFO  balancer.FindTargetGreedyByUsageInfo (AbstractFindTargetGreedy.java:findTargetForContainerMove(133)) - Container Balancer could not find a target for source datanode e538e65a-1e7f-4617-8ac7-02f3cdb8b1df
2023-06-18 19:16:03,061 [main] DEBUG balancer.ContainerBalancerTask (ContainerBalancerTask.java:matchSourceWithTarget(715)) - ContainerBalancer could not find a suitable target for source node e538e65a-1e7f-4617-8ac7-02f3cdb8b1df.
2023-06-18 19:16:03,061 [main] INFO  balancer.FindSourceGreedy (FindSourceGreedy.java:getNextCandidateSourceDataNode(126)) - no more candidate source data node
2023-06-18 19:16:03,061 [main] INFO  balancer.ContainerBalancerTask (ContainerBalancerTask.java:checkIterationMoveResults(640)) - Iteration Summary. Number of Datanodes involved: 6. Size moved: 30 GB (32212254720 Bytes). Number of Container moves completed: 10.
2023-06-18 19:16:03,062 [main] INFO  balancer.ContainerBalancerTask (ContainerBalancerTask.java:balance(259)) - Result of this iteration of Container Balancer: ITERATION_COMPLETED
2023-06-18 19:16:03,062 [main] INFO  balancer.ContainerBalancerTask (ContainerBalancerTask.java:tryStopWithSaveConfiguration(308)) - Save Configuration for stopping. Reason: Completed all iterations.
2023-06-18 19:16:03,063 [main] DEBUG balancer.ContainerBalancerTask (ContainerBalancerTask.java:initializeIteration(374)) - Average utilization of the cluster is 0.3455227037362301
2023-06-18 19:16:03,064 [main] DEBUG balancer.ContainerBalancerTask (ContainerBalancerTask.java:initializeIteration(386)) - Lower limit for utilization is 0.2455227037362301 and Upper limit for utilization is 0.44552270373623015
2023-06-18 19:16:03,064 [main] DEBUG balancer.ContainerBalancerTask (ContainerBalancerTask.java:initializeIteration(398)) - Utilization for node ea03119e-1b9f-4305-b213-9a0317d9523f with capacity 72775834737B, used 65498251264B, and remaining 7277583473B is 0.9000000000096186
2023-06-18 19:16:03,064 [main] DEBUG balancer.ContainerBalancerTask (ContainerBalancerTask.java:initializeIteration(398)) - Utilization for node 955edfcc-5a68-4b89-a585-3e63d5e9ecbb with capacity 67108864000B, used 53687091200B, and remaining 13421772800B is 0.8
2023-06-18 19:16:03,064 [main] DEBUG balancer.ContainerBalancerTask (ContainerBalancerTask.java:initializeIteration(398)) - Utilization for node a7c144d6-b183-4d06-8230-56edcaa428ac with capacity 87433262811B, used 61203283968B, and remaining 26229978843B is 0.7000000000034312
2023-06-18 19:16:03,064 [main] DEBUG balancer.ContainerBalancerTask (ContainerBalancerTask.java:initializeIteration(398)) - Utilization for node fe156ea4-f7ba-4703-af87-7f4664e045a1 with capacity 60845370026B, used 36507222016B, and remaining 24338148010B is 0.600000000006574
2023-06-18 19:16:03,064 [main] DEBUG balancer.ContainerBalancerTask (ContainerBalancerTask.java:initializeIteration(398)) - Utilization for node e538e65a-1e7f-4617-8ac7-02f3cdb8b1df with capacity 70866960384B, used 35433480192B, and remaining 35433480192B is 0.5
2023-06-18 19:16:03,064 [main] DEBUG balancer.ContainerBalancerTask (ContainerBalancerTask.java:initializeIteration(398)) - Utilization for node 87e888e5-e451-42a1-80d6-951334e7415f with capacity 131533373440B, used 52613349376B, and remaining 78920024064B is 0.4
2023-06-18 19:16:03,064 [main] DEBUG balancer.ContainerBalancerTask (ContainerBalancerTask.java:initializeIteration(398)) - Utilization for node 69590963-1050-4d92-8a6a-c26e46f3242f with capacity 89478485333B, used 26843545600B, and remaining 62634939733B is 0.3000000000011176
2023-06-18 19:16:03,064 [main] DEBUG balancer.ContainerBalancerTask (ContainerBalancerTask.java:initializeIteration(398)) - Utilization for node 9ce30938-de0f-4b64-a46d-7db4f0e5a6a7 with capacity 182536110080B, used 36507222016B, and remaining 146028888064B is 0.2
2023-06-18 19:16:03,065 [main] DEBUG balancer.ContainerBalancerTask (ContainerBalancerTask.java:initializeIteration(398)) - Utilization for node 6c51a8ec-01fe-4fc7-98db-366fcea38bc7 with capacity 354334801920B, used 35433480192B, and remaining 318901321728B is 0.1
2023-06-18 19:16:03,065 [main] DEBUG balancer.ContainerBalancerTask (ContainerBalancerTask.java:initializeIteration(398)) - Utilization for node 77a1d5aa-9911-461c-8bf0-bea2bcebc17f with capacity 51539607552B, used 0B, and remaining 51539607552B is 0.0
2023-06-18 19:16:03,065 [main] INFO  balancer.ContainerBalancerTask (ContainerBalancerTask.java:initializeIteration(447)) - Container Balancer has identified 5 Over-Utilized and 3 Under-Utilized Datanodes that need to be balanced.
2023-06-18 19:16:03,065 [main] DEBUG balancer.ContainerBalancerTask (ContainerBalancerTask.java:lambda$initializeIteration$1(453)) - Datanode localhost-19.2.195.35 ea03119e-1b9f-4305-b213-9a0317d9523f is Over-Utilized.
2023-06-18 19:16:03,065 [main] DEBUG balancer.ContainerBalancerTask (ContainerBalancerTask.java:lambda$initializeIteration$1(453)) - Datanode localhost-158.189.99.218 955edfcc-5a68-4b89-a585-3e63d5e9ecbb is Over-Utilized.
2023-06-18 19:16:03,065 [main] DEBUG balancer.ContainerBalancerTask (ContainerBalancerTask.java:lambda$initializeIteration$1(453)) - Datanode localhost-153.147.17.86 a7c144d6-b183-4d06-8230-56edcaa428ac is Over-Utilized.
2023-06-18 19:16:03,065 [main] DEBUG balancer.ContainerBalancerTask (ContainerBalancerTask.java:lambda$initializeIteration$1(453)) - Datanode localhost-24.42.207.19 fe156ea4-f7ba-4703-af87-7f4664e045a1 is Over-Utilized.
2023-06-18 19:16:03,065 [main] DEBUG balancer.ContainerBalancerTask (ContainerBalancerTask.java:lambda$initializeIteration$1(453)) - Datanode localhost-232.94.226.240 e538e65a-1e7f-4617-8ac7-02f3cdb8b1df is Over-Utilized.
2023-06-18 19:16:03,065 [main] DEBUG balancer.ContainerBalancerTask (ContainerBalancerTask.java:lambda$initializeIteration$2(459)) - Datanode localhost-234.205.73.250 77a1d5aa-9911-461c-8bf0-bea2bcebc17f is Under-Utilized.
2023-06-18 19:16:03,066 [main] DEBUG balancer.ContainerBalancerTask (ContainerBalancerTask.java:lambda$initializeIteration$2(459)) - Datanode localhost-236.159.225.130 6c51a8ec-01fe-4fc7-98db-366fcea38bc7 is Under-Utilized.
2023-06-18 19:16:03,066 [main] DEBUG balancer.ContainerBalancerTask (ContainerBalancerTask.java:lambda$initializeIteration$2(459)) - Datanode localhost-157.188.56.157 9ce30938-de0f-4b64-a46d-7db4f0e5a6a7 is Under-Utilized.
2023-06-18 19:16:03,070 [main] DEBUG balancer.ContainerBalancerTask (ContainerBalancerTask.java:matchSourceWithTarget(706)) - ContainerBalancer is finding suitable target for source datanode ea03119e-1b9f-4305-b213-9a0317d9523f
2023-06-18 19:16:03,070 [main] INFO  balancer.ContainerBalancerTask (ContainerBalancerTask.java:matchSourceWithTarget(720)) - ContainerBalancer matched source datanode ea03119e-1b9f-4305-b213-9a0317d9523f with target datanode 77a1d5aa-9911-461c-8bf0-bea2bcebc17f for container move.
2023-06-18 19:16:03,071 [main] INFO  balancer.ContainerBalancerTask (ContainerBalancerTask.java:processMoveSelection(569)) - ContainerBalancer is trying to move container #84 with size 4294967296B from source datanode ea03119e-1b9f-4305-b213-9a0317d9523f to target datanode 77a1d5aa-9911-461c-8bf0-bea2bcebc17f
2023-06-18 19:16:03,071 [main] WARN  balancer.ContainerBalancerTask (ContainerBalancerTask.java:lambda$moveContainer$3(839)) - Container move for container #84 from source ea03119e-1b9f-4305-b213-9a0317d9523f to target 77a1d5aa-9911-461c-8bf0-bea2bcebc17f failed: REPLICATION_FAIL_NODE_UNHEALTHY
2023-06-18 19:16:03,075 [main] DEBUG balancer.ContainerBalancerTask (ContainerBalancerTask.java:matchSourceWithTarget(706)) - ContainerBalancer is finding suitable target for source datanode 955edfcc-5a68-4b89-a585-3e63d5e9ecbb
2023-06-18 19:16:03,075 [main] INFO  balancer.ContainerBalancerTask (ContainerBalancerTask.java:matchSourceWithTarget(720)) - ContainerBalancer matched source datanode 955edfcc-5a68-4b89-a585-3e63d5e9ecbb with target datanode 77a1d5aa-9911-461c-8bf0-bea2bcebc17f for container move.
2023-06-18 19:16:03,076 [main] INFO  balancer.ContainerBalancerTask (ContainerBalancerTask.java:processMoveSelection(569)) - ContainerBalancer is trying to move container #68 with size 5368709120B from source datanode 955edfcc-5a68-4b89-a585-3e63d5e9ecbb to target datanode 77a1d5aa-9911-461c-8bf0-bea2bcebc17f
2023-06-18 19:16:03,076 [main] WARN  balancer.ContainerBalancerTask (ContainerBalancerTask.java:lambda$moveContainer$3(839)) - Container move for container #68 from source 955edfcc-5a68-4b89-a585-3e63d5e9ecbb to target 77a1d5aa-9911-461c-8bf0-bea2bcebc17f failed: REPLICATION_FAIL_NODE_UNHEALTHY
2023-06-18 19:16:03,079 [main] DEBUG balancer.ContainerBalancerTask (ContainerBalancerTask.java:matchSourceWithTarget(706)) - ContainerBalancer is finding suitable target for source datanode a7c144d6-b183-4d06-8230-56edcaa428ac
2023-06-18 19:16:03,080 [main] INFO  balancer.ContainerBalancerTask (ContainerBalancerTask.java:matchSourceWithTarget(720)) - ContainerBalancer matched source datanode a7c144d6-b183-4d06-8230-56edcaa428ac with target datanode 77a1d5aa-9911-461c-8bf0-bea2bcebc17f for container move.
2023-06-18 19:16:03,080 [main] INFO  balancer.ContainerBalancerTask (ContainerBalancerTask.java:processMoveSelection(569)) - ContainerBalancer is trying to move container #52 with size 4294967296B from source datanode a7c144d6-b183-4d06-8230-56edcaa428ac to target datanode 77a1d5aa-9911-461c-8bf0-bea2bcebc17f
2023-06-18 19:16:03,080 [main] WARN  balancer.ContainerBalancerTask (ContainerBalancerTask.java:lambda$moveContainer$3(839)) - Container move for container #52 from source a7c144d6-b183-4d06-8230-56edcaa428ac to target 77a1d5aa-9911-461c-8bf0-bea2bcebc17f failed: REPLICATION_FAIL_NODE_UNHEALTHY
2023-06-18 19:16:03,082 [main] DEBUG balancer.ContainerBalancerTask (ContainerBalancerTask.java:matchSourceWithTarget(706)) - ContainerBalancer is finding suitable target for source datanode fe156ea4-f7ba-4703-af87-7f4664e045a1
2023-06-18 19:16:03,082 [main] INFO  balancer.ContainerBalancerTask (ContainerBalancerTask.java:matchSourceWithTarget(720)) - ContainerBalancer matched source datanode fe156ea4-f7ba-4703-af87-7f4664e045a1 with target datanode 77a1d5aa-9911-461c-8bf0-bea2bcebc17f for container move.
2023-06-18 19:16:03,082 [main] INFO  balancer.ContainerBalancerTask (ContainerBalancerTask.java:processMoveSelection(569)) - ContainerBalancer is trying to move container #40 with size 5368709120B from source datanode fe156ea4-f7ba-4703-af87-7f4664e045a1 to target datanode 77a1d5aa-9911-461c-8bf0-bea2bcebc17f
2023-06-18 19:16:03,082 [main] WARN  balancer.ContainerBalancerTask (ContainerBalancerTask.java:lambda$moveContainer$3(839)) - Container move for container #40 from source fe156ea4-f7ba-4703-af87-7f4664e045a1 to target 77a1d5aa-9911-461c-8bf0-bea2bcebc17f failed: REPLICATION_FAIL_NODE_UNHEALTHY
2023-06-18 19:16:03,084 [main] DEBUG balancer.ContainerBalancerTask (ContainerBalancerTask.java:matchSourceWithTarget(706)) - ContainerBalancer is finding suitable target for source datanode e538e65a-1e7f-4617-8ac7-02f3cdb8b1df
2023-06-18 19:16:03,084 [main] INFO  balancer.ContainerBalancerTask (ContainerBalancerTask.java:matchSourceWithTarget(720)) - ContainerBalancer matched source datanode e538e65a-1e7f-4617-8ac7-02f3cdb8b1df with target datanode 77a1d5aa-9911-461c-8bf0-bea2bcebc17f for container move.
2023-06-18 19:16:03,085 [main] INFO  balancer.ContainerBalancerTask (ContainerBalancerTask.java:processMoveSelection(569)) - ContainerBalancer is trying to move container #28 with size 4294967296B from source datanode e538e65a-1e7f-4617-8ac7-02f3cdb8b1df to target datanode 77a1d5aa-9911-461c-8bf0-bea2bcebc17f
2023-06-18 19:16:03,085 [main] WARN  balancer.ContainerBalancerTask (ContainerBalancerTask.java:lambda$moveContainer$3(839)) - Container move for container #28 from source e538e65a-1e7f-4617-8ac7-02f3cdb8b1df to target 77a1d5aa-9911-461c-8bf0-bea2bcebc17f failed: REPLICATION_FAIL_NODE_UNHEALTHY
2023-06-18 19:16:03,085 [main] INFO  balancer.FindSourceGreedy (FindSourceGreedy.java:getNextCandidateSourceDataNode(126)) - no more candidate source data node
2023-06-18 19:16:03,085 [main] INFO  balancer.ContainerBalancerTask (ContainerBalancerTask.java:checkIterationMoveResults(640)) - Iteration Summary. Number of Datanodes involved: 0. Size moved: 0 B (0 Bytes). Number of Container moves completed: 0.
2023-06-18 19:16:03,085 [main] INFO  balancer.ContainerBalancerTask (ContainerBalancerTask.java:balance(259)) - Result of this iteration of Container Balancer: ITERATION_COMPLETED
2023-06-18 19:16:03,085 [main] INFO  balancer.ContainerBalancerTask (ContainerBalancerTask.java:tryStopWithSaveConfiguration(308)) - Save Configuration for stopping. Reason: Completed all iterations.
2023-06-18 19:16:03,087 [main] DEBUG balancer.ContainerBalancerTask (ContainerBalancerTask.java:initializeIteration(374)) - Average utilization of the cluster is 0.3455227037362301
2023-06-18 19:16:03,087 [main] DEBUG balancer.ContainerBalancerTask (ContainerBalancerTask.java:initializeIteration(386)) - Lower limit for utilization is 0.2455227037362301 and Upper limit for utilization is 0.44552270373623015
2023-06-18 19:16:03,087 [main] DEBUG balancer.ContainerBalancerTask (ContainerBalancerTask.java:initializeIteration(398)) - Utilization for node ea03119e-1b9f-4305-b213-9a0317d9523f with capacity 72775834737B, used 65498251264B, and remaining 7277583473B is 0.9000000000096186
2023-06-18 19:16:03,088 [main] DEBUG balancer.ContainerBalancerTask (ContainerBalancerTask.java:initializeIteration(398)) - Utilization for node 955edfcc-5a68-4b89-a585-3e63d5e9ecbb with capacity 67108864000B, used 53687091200B, and remaining 13421772800B is 0.8
2023-06-18 19:16:03,088 [main] DEBUG balancer.ContainerBalancerTask (ContainerBalancerTask.java:initializeIteration(398)) - Utilization for node a7c144d6-b183-4d06-8230-56edcaa428ac with capacity 87433262811B, used 61203283968B, and remaining 26229978843B is 0.7000000000034312
2023-06-18 19:16:03,088 [main] DEBUG balancer.ContainerBalancerTask (ContainerBalancerTask.java:initializeIteration(398)) - Utilization for node fe156ea4-f7ba-4703-af87-7f4664e045a1 with capacity 60845370026B, used 36507222016B, and remaining 24338148010B is 0.600000000006574
2023-06-18 19:16:03,088 [main] DEBUG balancer.ContainerBalancerTask (ContainerBalancerTask.java:initializeIteration(398)) - Utilization for node e538e65a-1e7f-4617-8ac7-02f3cdb8b1df with capacity 70866960384B, used 35433480192B, and remaining 35433480192B is 0.5
2023-06-18 19:16:03,088 [main] DEBUG balancer.ContainerBalancerTask (ContainerBalancerTask.java:initializeIteration(398)) - Utilization for node 87e888e5-e451-42a1-80d6-951334e7415f with capacity 131533373440B, used 52613349376B, and remaining 78920024064B is 0.4
2023-06-18 19:16:03,088 [main] DEBUG balancer.ContainerBalancerTask (ContainerBalancerTask.java:initializeIteration(398)) - Utilization for node 69590963-1050-4d92-8a6a-c26e46f3242f with capacity 89478485333B, used 26843545600B, and remaining 62634939733B is 0.3000000000011176
2023-06-18 19:16:03,088 [main] DEBUG balancer.ContainerBalancerTask (ContainerBalancerTask.java:initializeIteration(398)) - Utilization for node 9ce30938-de0f-4b64-a46d-7db4f0e5a6a7 with capacity 182536110080B, used 36507222016B, and remaining 146028888064B is 0.2
2023-06-18 19:16:03,088 [main] DEBUG balancer.ContainerBalancerTask (ContainerBalancerTask.java:initializeIteration(398)) - Utilization for node 6c51a8ec-01fe-4fc7-98db-366fcea38bc7 with capacity 354334801920B, used 35433480192B, and remaining 318901321728B is 0.1
2023-06-18 19:16:03,088 [main] DEBUG balancer.ContainerBalancerTask (ContainerBalancerTask.java:initializeIteration(398)) - Utilization for node 77a1d5aa-9911-461c-8bf0-bea2bcebc17f with capacity 51539607552B, used 0B, and remaining 51539607552B is 0.0
2023-06-18 19:16:03,088 [main] INFO  balancer.ContainerBalancerTask (ContainerBalancerTask.java:initializeIteration(447)) - Container Balancer has identified 5 Over-Utilized and 3 Under-Utilized Datanodes that need to be balanced.
2023-06-18 19:16:03,089 [main] DEBUG balancer.ContainerBalancerTask (ContainerBalancerTask.java:lambda$initializeIteration$1(453)) - Datanode localhost-19.2.195.35 ea03119e-1b9f-4305-b213-9a0317d9523f is Over-Utilized.
2023-06-18 19:16:03,089 [main] DEBUG balancer.ContainerBalancerTask (ContainerBalancerTask.java:lambda$initializeIteration$1(453)) - Datanode localhost-158.189.99.218 955edfcc-5a68-4b89-a585-3e63d5e9ecbb is Over-Utilized.
2023-06-18 19:16:03,089 [main] DEBUG balancer.ContainerBalancerTask (ContainerBalancerTask.java:lambda$initializeIteration$1(453)) - Datanode localhost-153.147.17.86 a7c144d6-b183-4d06-8230-56edcaa428ac is Over-Utilized.
2023-06-18 19:16:03,089 [main] DEBUG balancer.ContainerBalancerTask (ContainerBalancerTask.java:lambda$initializeIteration$1(453)) - Datanode localhost-24.42.207.19 fe156ea4-f7ba-4703-af87-7f4664e045a1 is Over-Utilized.
2023-06-18 19:16:03,089 [main] DEBUG balancer.ContainerBalancerTask (ContainerBalancerTask.java:lambda$initializeIteration$1(453)) - Datanode localhost-232.94.226.240 e538e65a-1e7f-4617-8ac7-02f3cdb8b1df is Over-Utilized.
2023-06-18 19:16:03,089 [main] DEBUG balancer.ContainerBalancerTask (ContainerBalancerTask.java:lambda$initializeIteration$2(459)) - Datanode localhost-234.205.73.250 77a1d5aa-9911-461c-8bf0-bea2bcebc17f is Under-Utilized.
2023-06-18 19:16:03,089 [main] DEBUG balancer.ContainerBalancerTask (ContainerBalancerTask.java:lambda$initializeIteration$2(459)) - Datanode localhost-236.159.225.130 6c51a8ec-01fe-4fc7-98db-366fcea38bc7 is Under-Utilized.
2023-06-18 19:16:03,089 [main] DEBUG balancer.ContainerBalancerTask (ContainerBalancerTask.java:lambda$initializeIteration$2(459)) - Datanode localhost-157.188.56.157 9ce30938-de0f-4b64-a46d-7db4f0e5a6a7 is Under-Utilized.
2023-06-18 19:16:03,093 [main] DEBUG balancer.ContainerBalancerTask (ContainerBalancerTask.java:matchSourceWithTarget(706)) - ContainerBalancer is finding suitable target for source datanode ea03119e-1b9f-4305-b213-9a0317d9523f
2023-06-18 19:16:03,093 [main] INFO  balancer.ContainerBalancerTask (ContainerBalancerTask.java:matchSourceWithTarget(720)) - ContainerBalancer matched source datanode ea03119e-1b9f-4305-b213-9a0317d9523f with target datanode 77a1d5aa-9911-461c-8bf0-bea2bcebc17f for container move.
2023-06-18 19:16:03,094 [main] INFO  balancer.ContainerBalancerTask (ContainerBalancerTask.java:processMoveSelection(569)) - ContainerBalancer is trying to move container #85 with size 5368709120B from source datanode ea03119e-1b9f-4305-b213-9a0317d9523f to target datanode 77a1d5aa-9911-461c-8bf0-bea2bcebc17f
2023-06-18 19:16:03,094 [main] DEBUG balancer.ContainerBalancerTask (ContainerBalancerTask.java:lambda$moveContainer$3(834)) - Container move completed for container #85 from source ea03119e-1b9f-4305-b213-9a0317d9523f to target 77a1d5aa-9911-461c-8bf0-bea2bcebc17f
2023-06-18 19:16:03,103 [main] DEBUG balancer.ContainerBalancerTask (ContainerBalancerTask.java:matchSourceWithTarget(706)) - ContainerBalancer is finding suitable target for source datanode ea03119e-1b9f-4305-b213-9a0317d9523f
2023-06-18 19:16:03,103 [main] INFO  balancer.ContainerBalancerTask (ContainerBalancerTask.java:matchSourceWithTarget(720)) - ContainerBalancer matched source datanode ea03119e-1b9f-4305-b213-9a0317d9523f with target datanode 6c51a8ec-01fe-4fc7-98db-366fcea38bc7 for container move.
2023-06-18 19:16:03,103 [main] INFO  balancer.ContainerBalancerTask (ContainerBalancerTask.java:processMoveSelection(569)) - ContainerBalancer is trying to move container #29 with size 5368709120B from source datanode ea03119e-1b9f-4305-b213-9a0317d9523f to target datanode 6c51a8ec-01fe-4fc7-98db-366fcea38bc7
2023-06-18 19:16:03,104 [main] DEBUG balancer.ContainerBalancerTask (ContainerBalancerTask.java:lambda$moveContainer$3(834)) - Container move completed for container #29 from source ea03119e-1b9f-4305-b213-9a0317d9523f to target 6c51a8ec-01fe-4fc7-98db-366fcea38bc7
2023-06-18 19:16:03,105 [main] WARN  balancer.ContainerBalancerTask (ContainerBalancerTask.java:reachedMaxSizeToMovePerIteration(731)) - Reached max size to move limit. 10737418240 bytes have already been scheduled for balancing and the limit is 10737418240 bytes.
2023-06-18 19:16:03,105 [main] INFO  balancer.ContainerBalancerTask (ContainerBalancerTask.java:checkIterationMoveResults(640)) - Iteration Summary. Number of Datanodes involved: 3. Size moved: 10 GB (10737418240 Bytes). Number of Container moves completed: 2.
2023-06-18 19:16:03,105 [main] INFO  balancer.ContainerBalancerTask (ContainerBalancerTask.java:balance(259)) - Result of this iteration of Container Balancer: ITERATION_COMPLETED
2023-06-18 19:16:03,106 [main] INFO  balancer.ContainerBalancerTask (ContainerBalancerTask.java:tryStopWithSaveConfiguration(308)) - Save Configuration for stopping. Reason: Completed all iterations.
]]></system-out>
  </testcase>
  <testcase name="targetDatanodeShouldBeInServiceHealthy" classname="org.apache.hadoop.hdds.scm.container.balancer.TestContainerBalancerTask" time="0.128">
    <system-out><![CDATA[2023-06-18 19:16:03,155 [main] INFO  net.NodeSchemaLoader (NodeSchemaLoader.java:loadSchemaFromFile(129)) - Loading schema from [file:/home/runner/work/ozone/ozone/hadoop-hdds/common/target/classes/network-topology-default.xml]
2023-06-18 19:16:03,155 [main] INFO  net.NodeSchemaLoader (NodeSchemaLoader.java:loadSchema(176)) - Loading network topology layer schema file
2023-06-18 19:16:03,163 [main] INFO  net.NetworkTopologyImpl (NetworkTopologyImpl.java:add(112)) - Added a new node: /default-rack/a383aa61-744e-4727-8020-8a85c6c2c0fd
2023-06-18 19:16:03,163 [main] INFO  net.NetworkTopologyImpl (NetworkTopologyImpl.java:add(112)) - Added a new node: /default-rack/8e30b565-4873-4e3b-9441-59eafee01b35
2023-06-18 19:16:03,164 [main] INFO  net.NetworkTopologyImpl (NetworkTopologyImpl.java:add(112)) - Added a new node: /default-rack/813a54ec-b7ff-4a42-be5e-589e0e9ea2fd
2023-06-18 19:16:03,164 [main] INFO  net.NetworkTopologyImpl (NetworkTopologyImpl.java:add(112)) - Added a new node: /default-rack/c07cb6c5-56be-4d44-ab40-88b85e0874ba
2023-06-18 19:16:03,164 [main] INFO  net.NetworkTopologyImpl (NetworkTopologyImpl.java:add(112)) - Added a new node: /default-rack/4d97ff5f-7408-4a3e-bf69-9f584a866672
2023-06-18 19:16:03,164 [main] INFO  net.NetworkTopologyImpl (NetworkTopologyImpl.java:add(112)) - Added a new node: /default-rack/5a0cdfe9-8db5-4845-a0f7-2b31aaebf404
2023-06-18 19:16:03,164 [main] INFO  net.NetworkTopologyImpl (NetworkTopologyImpl.java:add(112)) - Added a new node: /default-rack/01b613c9-b12c-44d2-9a19-f4fb1140dc2e
2023-06-18 19:16:03,164 [main] INFO  net.NetworkTopologyImpl (NetworkTopologyImpl.java:add(112)) - Added a new node: /default-rack/530ee11b-8b5c-48b7-b056-1a556ab4a344
2023-06-18 19:16:03,164 [main] INFO  net.NetworkTopologyImpl (NetworkTopologyImpl.java:add(112)) - Added a new node: /default-rack/5dcc32dc-1e67-4407-ac55-3b308dd0db9a
2023-06-18 19:16:03,164 [main] INFO  net.NetworkTopologyImpl (NetworkTopologyImpl.java:add(112)) - Added a new node: /default-rack/9c40fcfb-10e3-4fb9-9c1f-4571a768e108
2023-06-18 19:16:03,164 [main] INFO  algorithms.ContainerPlacementPolicyFactory (ContainerPlacementPolicyFactory.java:getPolicyInternal(86)) - Create container placement policy of type org.apache.hadoop.hdds.scm.container.placement.algorithms.SCMContainerPlacementRackAware
2023-06-18 19:16:03,165 [main] INFO  algorithms.ContainerPlacementPolicyFactory (ContainerPlacementPolicyFactory.java:getPolicyInternal(86)) - Create container placement policy of type org.apache.hadoop.hdds.scm.container.placement.algorithms.SCMContainerPlacementRackScatter
2023-06-18 19:16:03,168 [main] DEBUG balancer.ContainerBalancerTask (ContainerBalancerTask.java:initializeIteration(374)) - Average utilization of the cluster is 0.31113606796997456
2023-06-18 19:16:03,168 [main] DEBUG balancer.ContainerBalancerTask (ContainerBalancerTask.java:initializeIteration(386)) - Lower limit for utilization is 0.21113606796997456 and Upper limit for utilization is 0.4111360679699746
2023-06-18 19:16:03,168 [main] DEBUG balancer.ContainerBalancerTask (ContainerBalancerTask.java:initializeIteration(398)) - Utilization for node 5a0cdfe9-8db5-4845-a0f7-2b31aaebf404 with capacity 40563580017B, used 36507222016B, and remaining 4056358001B is 0.9000000000172569
2023-06-18 19:16:03,168 [main] DEBUG balancer.ContainerBalancerTask (ContainerBalancerTask.java:initializeIteration(398)) - Utilization for node 8e30b565-4873-4e3b-9441-59eafee01b35 with capacity 76504104960B, used 61203283968B, and remaining 15300820992B is 0.8
2023-06-18 19:16:03,168 [main] DEBUG balancer.ContainerBalancerTask (ContainerBalancerTask.java:initializeIteration(398)) - Utilization for node 4d97ff5f-7408-4a3e-bf69-9f584a866672 with capacity 62890592548B, used 44023414784B, and remaining 18867177764B is 0.7000000000063602
2023-06-18 19:16:03,168 [main] DEBUG balancer.ContainerBalancerTask (ContainerBalancerTask.java:initializeIteration(398)) - Utilization for node 530ee11b-8b5c-48b7-b056-1a556ab4a344 with capacity 59055800320B, used 35433480192B, and remaining 23622320128B is 0.6
2023-06-18 19:16:03,168 [main] DEBUG balancer.ContainerBalancerTask (ContainerBalancerTask.java:initializeIteration(398)) - Utilization for node c07cb6c5-56be-4d44-ab40-88b85e0874ba with capacity 92341796864B, used 46170898432B, and remaining 46170898432B is 0.5
2023-06-18 19:16:03,169 [main] DEBUG balancer.ContainerBalancerTask (ContainerBalancerTask.java:initializeIteration(398)) - Utilization for node 01b613c9-b12c-44d2-9a19-f4fb1140dc2e with capacity 83214991360B, used 33285996544B, and remaining 49928994816B is 0.4
2023-06-18 19:16:03,169 [main] DEBUG balancer.ContainerBalancerTask (ContainerBalancerTask.java:initializeIteration(398)) - Utilization for node 813a54ec-b7ff-4a42-be5e-589e0e9ea2fd with capacity 136007297706B, used 40802189312B, and remaining 95205108394B is 0.30000000000147053
2023-06-18 19:16:03,169 [main] DEBUG balancer.ContainerBalancerTask (ContainerBalancerTask.java:initializeIteration(398)) - Utilization for node a383aa61-744e-4727-8020-8a85c6c2c0fd with capacity 182536110080B, used 36507222016B, and remaining 146028888064B is 0.2
2023-06-18 19:16:03,169 [main] DEBUG balancer.ContainerBalancerTask (ContainerBalancerTask.java:initializeIteration(398)) - Utilization for node 9c40fcfb-10e3-4fb9-9c1f-4571a768e108 with capacity 461708984320B, used 46170898432B, and remaining 415538085888B is 0.1
2023-06-18 19:16:03,169 [main] DEBUG balancer.ContainerBalancerTask (ContainerBalancerTask.java:initializeIteration(398)) - Utilization for node 5dcc32dc-1e67-4407-ac55-3b308dd0db9a with capacity 26843545600B, used 0B, and remaining 26843545600B is 0.0
2023-06-18 19:16:03,169 [main] INFO  balancer.ContainerBalancerTask (ContainerBalancerTask.java:initializeIteration(447)) - Container Balancer has identified 5 Over-Utilized and 3 Under-Utilized Datanodes that need to be balanced.
2023-06-18 19:16:03,169 [main] DEBUG balancer.ContainerBalancerTask (ContainerBalancerTask.java:lambda$initializeIteration$1(453)) - Datanode localhost-39.127.46.202 5a0cdfe9-8db5-4845-a0f7-2b31aaebf404 is Over-Utilized.
2023-06-18 19:16:03,169 [main] DEBUG balancer.ContainerBalancerTask (ContainerBalancerTask.java:lambda$initializeIteration$1(453)) - Datanode localhost-64.46.203.134 8e30b565-4873-4e3b-9441-59eafee01b35 is Over-Utilized.
2023-06-18 19:16:03,169 [main] DEBUG balancer.ContainerBalancerTask (ContainerBalancerTask.java:lambda$initializeIteration$1(453)) - Datanode localhost-242.86.113.92 4d97ff5f-7408-4a3e-bf69-9f584a866672 is Over-Utilized.
2023-06-18 19:16:03,169 [main] DEBUG balancer.ContainerBalancerTask (ContainerBalancerTask.java:lambda$initializeIteration$1(453)) - Datanode localhost-17.143.113.28 530ee11b-8b5c-48b7-b056-1a556ab4a344 is Over-Utilized.
2023-06-18 19:16:03,169 [main] DEBUG balancer.ContainerBalancerTask (ContainerBalancerTask.java:lambda$initializeIteration$1(453)) - Datanode localhost-253.38.69.50 c07cb6c5-56be-4d44-ab40-88b85e0874ba is Over-Utilized.
2023-06-18 19:16:03,173 [main] DEBUG balancer.ContainerBalancerTask (ContainerBalancerTask.java:lambda$initializeIteration$2(459)) - Datanode localhost-47.95.66.224 5dcc32dc-1e67-4407-ac55-3b308dd0db9a is Under-Utilized.
2023-06-18 19:16:03,173 [main] DEBUG balancer.ContainerBalancerTask (ContainerBalancerTask.java:lambda$initializeIteration$2(459)) - Datanode localhost-165.37.48.228 9c40fcfb-10e3-4fb9-9c1f-4571a768e108 is Under-Utilized.
2023-06-18 19:16:03,173 [main] DEBUG balancer.ContainerBalancerTask (ContainerBalancerTask.java:lambda$initializeIteration$2(459)) - Datanode localhost-232.169.254.1 a383aa61-744e-4727-8020-8a85c6c2c0fd is Under-Utilized.
2023-06-18 19:16:03,175 [main] DEBUG balancer.ContainerBalancerTask (ContainerBalancerTask.java:matchSourceWithTarget(706)) - ContainerBalancer is finding suitable target for source datanode 5a0cdfe9-8db5-4845-a0f7-2b31aaebf404
2023-06-18 19:16:03,175 [main] INFO  balancer.ContainerBalancerTask (ContainerBalancerTask.java:matchSourceWithTarget(720)) - ContainerBalancer matched source datanode 5a0cdfe9-8db5-4845-a0f7-2b31aaebf404 with target datanode 5dcc32dc-1e67-4407-ac55-3b308dd0db9a for container move.
2023-06-18 19:16:03,175 [main] INFO  balancer.ContainerBalancerTask (ContainerBalancerTask.java:processMoveSelection(569)) - ContainerBalancer is trying to move container #85 with size 5368709120B from source datanode 5a0cdfe9-8db5-4845-a0f7-2b31aaebf404 to target datanode 5dcc32dc-1e67-4407-ac55-3b308dd0db9a
2023-06-18 19:16:03,175 [main] DEBUG balancer.ContainerBalancerTask (ContainerBalancerTask.java:lambda$moveContainer$3(834)) - Container move completed for container #85 from source 5a0cdfe9-8db5-4845-a0f7-2b31aaebf404 to target 5dcc32dc-1e67-4407-ac55-3b308dd0db9a
2023-06-18 19:16:03,182 [main] DEBUG balancer.ContainerBalancerTask (ContainerBalancerTask.java:matchSourceWithTarget(706)) - ContainerBalancer is finding suitable target for source datanode 8e30b565-4873-4e3b-9441-59eafee01b35
2023-06-18 19:16:03,182 [main] INFO  balancer.ContainerBalancerTask (ContainerBalancerTask.java:matchSourceWithTarget(720)) - ContainerBalancer matched source datanode 8e30b565-4873-4e3b-9441-59eafee01b35 with target datanode 9c40fcfb-10e3-4fb9-9c1f-4571a768e108 for container move.
2023-06-18 19:16:03,182 [main] INFO  balancer.ContainerBalancerTask (ContainerBalancerTask.java:processMoveSelection(569)) - ContainerBalancer is trying to move container #68 with size 5368709120B from source datanode 8e30b565-4873-4e3b-9441-59eafee01b35 to target datanode 9c40fcfb-10e3-4fb9-9c1f-4571a768e108
2023-06-18 19:16:03,183 [main] DEBUG balancer.ContainerBalancerTask (ContainerBalancerTask.java:lambda$moveContainer$3(834)) - Container move completed for container #68 from source 8e30b565-4873-4e3b-9441-59eafee01b35 to target 9c40fcfb-10e3-4fb9-9c1f-4571a768e108
2023-06-18 19:16:03,185 [main] DEBUG balancer.ContainerBalancerTask (ContainerBalancerTask.java:matchSourceWithTarget(706)) - ContainerBalancer is finding suitable target for source datanode 5a0cdfe9-8db5-4845-a0f7-2b31aaebf404
2023-06-18 19:16:03,185 [main] INFO  balancer.ContainerBalancerTask (ContainerBalancerTask.java:matchSourceWithTarget(720)) - ContainerBalancer matched source datanode 5a0cdfe9-8db5-4845-a0f7-2b31aaebf404 with target datanode 9c40fcfb-10e3-4fb9-9c1f-4571a768e108 for container move.
2023-06-18 19:16:03,185 [main] INFO  balancer.ContainerBalancerTask (ContainerBalancerTask.java:processMoveSelection(569)) - ContainerBalancer is trying to move container #89 with size 4294967296B from source datanode 5a0cdfe9-8db5-4845-a0f7-2b31aaebf404 to target datanode 9c40fcfb-10e3-4fb9-9c1f-4571a768e108
2023-06-18 19:16:03,185 [main] DEBUG balancer.ContainerBalancerTask (ContainerBalancerTask.java:lambda$moveContainer$3(834)) - Container move completed for container #89 from source 5a0cdfe9-8db5-4845-a0f7-2b31aaebf404 to target 9c40fcfb-10e3-4fb9-9c1f-4571a768e108
2023-06-18 19:16:03,192 [main] DEBUG balancer.ContainerBalancerTask (ContainerBalancerTask.java:matchSourceWithTarget(706)) - ContainerBalancer is finding suitable target for source datanode 8e30b565-4873-4e3b-9441-59eafee01b35
2023-06-18 19:16:03,192 [main] INFO  balancer.ContainerBalancerTask (ContainerBalancerTask.java:matchSourceWithTarget(720)) - ContainerBalancer matched source datanode 8e30b565-4873-4e3b-9441-59eafee01b35 with target datanode 9c40fcfb-10e3-4fb9-9c1f-4571a768e108 for container move.
2023-06-18 19:16:03,192 [main] INFO  balancer.ContainerBalancerTask (ContainerBalancerTask.java:processMoveSelection(569)) - ContainerBalancer is trying to move container #67 with size 4294967296B from source datanode 8e30b565-4873-4e3b-9441-59eafee01b35 to target datanode 9c40fcfb-10e3-4fb9-9c1f-4571a768e108
2023-06-18 19:16:03,192 [main] DEBUG balancer.ContainerBalancerTask (ContainerBalancerTask.java:lambda$moveContainer$3(834)) - Container move completed for container #67 from source 8e30b565-4873-4e3b-9441-59eafee01b35 to target 9c40fcfb-10e3-4fb9-9c1f-4571a768e108
2023-06-18 19:16:03,195 [main] DEBUG balancer.ContainerBalancerTask (ContainerBalancerTask.java:matchSourceWithTarget(706)) - ContainerBalancer is finding suitable target for source datanode 4d97ff5f-7408-4a3e-bf69-9f584a866672
2023-06-18 19:16:03,195 [main] INFO  balancer.ContainerBalancerTask (ContainerBalancerTask.java:matchSourceWithTarget(720)) - ContainerBalancer matched source datanode 4d97ff5f-7408-4a3e-bf69-9f584a866672 with target datanode 9c40fcfb-10e3-4fb9-9c1f-4571a768e108 for container move.
2023-06-18 19:16:03,196 [main] INFO  balancer.ContainerBalancerTask (ContainerBalancerTask.java:processMoveSelection(569)) - ContainerBalancer is trying to move container #53 with size 5368709120B from source datanode 4d97ff5f-7408-4a3e-bf69-9f584a866672 to target datanode 9c40fcfb-10e3-4fb9-9c1f-4571a768e108
2023-06-18 19:16:03,196 [main] DEBUG balancer.ContainerBalancerTask (ContainerBalancerTask.java:lambda$moveContainer$3(834)) - Container move completed for container #53 from source 4d97ff5f-7408-4a3e-bf69-9f584a866672 to target 9c40fcfb-10e3-4fb9-9c1f-4571a768e108
2023-06-18 19:16:03,200 [main] DEBUG balancer.ContainerBalancerTask (ContainerBalancerTask.java:matchSourceWithTarget(706)) - ContainerBalancer is finding suitable target for source datanode 8e30b565-4873-4e3b-9441-59eafee01b35
2023-06-18 19:16:03,200 [main] INFO  balancer.ContainerBalancerTask (ContainerBalancerTask.java:matchSourceWithTarget(720)) - ContainerBalancer matched source datanode 8e30b565-4873-4e3b-9441-59eafee01b35 with target datanode 9c40fcfb-10e3-4fb9-9c1f-4571a768e108 for container move.
2023-06-18 19:16:03,200 [main] INFO  balancer.ContainerBalancerTask (ContainerBalancerTask.java:processMoveSelection(569)) - ContainerBalancer is trying to move container #66 with size 3221225472B from source datanode 8e30b565-4873-4e3b-9441-59eafee01b35 to target datanode 9c40fcfb-10e3-4fb9-9c1f-4571a768e108
2023-06-18 19:16:03,200 [main] DEBUG balancer.ContainerBalancerTask (ContainerBalancerTask.java:lambda$moveContainer$3(834)) - Container move completed for container #66 from source 8e30b565-4873-4e3b-9441-59eafee01b35 to target 9c40fcfb-10e3-4fb9-9c1f-4571a768e108
2023-06-18 19:16:03,203 [main] DEBUG balancer.ContainerBalancerTask (ContainerBalancerTask.java:matchSourceWithTarget(706)) - ContainerBalancer is finding suitable target for source datanode 5a0cdfe9-8db5-4845-a0f7-2b31aaebf404
2023-06-18 19:16:03,203 [main] INFO  balancer.ContainerBalancerTask (ContainerBalancerTask.java:matchSourceWithTarget(720)) - ContainerBalancer matched source datanode 5a0cdfe9-8db5-4845-a0f7-2b31aaebf404 with target datanode 9c40fcfb-10e3-4fb9-9c1f-4571a768e108 for container move.
2023-06-18 19:16:03,203 [main] INFO  balancer.ContainerBalancerTask (ContainerBalancerTask.java:processMoveSelection(569)) - ContainerBalancer is trying to move container #84 with size 4294967296B from source datanode 5a0cdfe9-8db5-4845-a0f7-2b31aaebf404 to target datanode 9c40fcfb-10e3-4fb9-9c1f-4571a768e108
2023-06-18 19:16:03,203 [main] DEBUG balancer.ContainerBalancerTask (ContainerBalancerTask.java:lambda$moveContainer$3(834)) - Container move completed for container #84 from source 5a0cdfe9-8db5-4845-a0f7-2b31aaebf404 to target 9c40fcfb-10e3-4fb9-9c1f-4571a768e108
2023-06-18 19:16:03,208 [main] DEBUG balancer.ContainerBalancerTask (ContainerBalancerTask.java:matchSourceWithTarget(706)) - ContainerBalancer is finding suitable target for source datanode 8e30b565-4873-4e3b-9441-59eafee01b35
2023-06-18 19:16:03,208 [main] INFO  balancer.ContainerBalancerTask (ContainerBalancerTask.java:matchSourceWithTarget(720)) - ContainerBalancer matched source datanode 8e30b565-4873-4e3b-9441-59eafee01b35 with target datanode 9c40fcfb-10e3-4fb9-9c1f-4571a768e108 for container move.
2023-06-18 19:16:03,208 [main] INFO  balancer.ContainerBalancerTask (ContainerBalancerTask.java:processMoveSelection(569)) - ContainerBalancer is trying to move container #51 with size 3221225472B from source datanode 8e30b565-4873-4e3b-9441-59eafee01b35 to target datanode 9c40fcfb-10e3-4fb9-9c1f-4571a768e108
2023-06-18 19:16:03,208 [main] DEBUG balancer.ContainerBalancerTask (ContainerBalancerTask.java:lambda$moveContainer$3(834)) - Container move completed for container #51 from source 8e30b565-4873-4e3b-9441-59eafee01b35 to target 9c40fcfb-10e3-4fb9-9c1f-4571a768e108
2023-06-18 19:16:03,211 [main] DEBUG balancer.ContainerBalancerTask (ContainerBalancerTask.java:matchSourceWithTarget(706)) - ContainerBalancer is finding suitable target for source datanode 4d97ff5f-7408-4a3e-bf69-9f584a866672
2023-06-18 19:16:03,211 [main] INFO  balancer.ContainerBalancerTask (ContainerBalancerTask.java:matchSourceWithTarget(720)) - ContainerBalancer matched source datanode 4d97ff5f-7408-4a3e-bf69-9f584a866672 with target datanode 9c40fcfb-10e3-4fb9-9c1f-4571a768e108 for container move.
2023-06-18 19:16:03,212 [main] INFO  balancer.ContainerBalancerTask (ContainerBalancerTask.java:processMoveSelection(569)) - ContainerBalancer is trying to move container #29 with size 5368709120B from source datanode 4d97ff5f-7408-4a3e-bf69-9f584a866672 to target datanode 9c40fcfb-10e3-4fb9-9c1f-4571a768e108
2023-06-18 19:16:03,212 [main] DEBUG balancer.ContainerBalancerTask (ContainerBalancerTask.java:lambda$moveContainer$3(834)) - Container move completed for container #29 from source 4d97ff5f-7408-4a3e-bf69-9f584a866672 to target 9c40fcfb-10e3-4fb9-9c1f-4571a768e108
2023-06-18 19:16:03,215 [main] DEBUG balancer.ContainerBalancerTask (ContainerBalancerTask.java:matchSourceWithTarget(706)) - ContainerBalancer is finding suitable target for source datanode 530ee11b-8b5c-48b7-b056-1a556ab4a344
2023-06-18 19:16:03,215 [main] INFO  balancer.ContainerBalancerTask (ContainerBalancerTask.java:matchSourceWithTarget(720)) - ContainerBalancer matched source datanode 530ee11b-8b5c-48b7-b056-1a556ab4a344 with target datanode 9c40fcfb-10e3-4fb9-9c1f-4571a768e108 for container move.
2023-06-18 19:16:03,216 [main] INFO  balancer.ContainerBalancerTask (ContainerBalancerTask.java:processMoveSelection(569)) - ContainerBalancer is trying to move container #28 with size 4294967296B from source datanode 530ee11b-8b5c-48b7-b056-1a556ab4a344 to target datanode 9c40fcfb-10e3-4fb9-9c1f-4571a768e108
2023-06-18 19:16:03,216 [main] DEBUG balancer.ContainerBalancerTask (ContainerBalancerTask.java:lambda$moveContainer$3(834)) - Container move completed for container #28 from source 530ee11b-8b5c-48b7-b056-1a556ab4a344 to target 9c40fcfb-10e3-4fb9-9c1f-4571a768e108
2023-06-18 19:16:03,220 [main] DEBUG balancer.ContainerBalancerTask (ContainerBalancerTask.java:matchSourceWithTarget(706)) - ContainerBalancer is finding suitable target for source datanode 8e30b565-4873-4e3b-9441-59eafee01b35
2023-06-18 19:16:03,221 [main] INFO  balancer.ContainerBalancerTask (ContainerBalancerTask.java:matchSourceWithTarget(720)) - ContainerBalancer matched source datanode 8e30b565-4873-4e3b-9441-59eafee01b35 with target datanode 9c40fcfb-10e3-4fb9-9c1f-4571a768e108 for container move.
2023-06-18 19:16:03,221 [main] INFO  balancer.ContainerBalancerTask (ContainerBalancerTask.java:processMoveSelection(569)) - ContainerBalancer is trying to move container #87 with size 2147483648B from source datanode 8e30b565-4873-4e3b-9441-59eafee01b35 to target datanode 9c40fcfb-10e3-4fb9-9c1f-4571a768e108
2023-06-18 19:16:03,221 [main] DEBUG balancer.ContainerBalancerTask (ContainerBalancerTask.java:lambda$moveContainer$3(834)) - Container move completed for container #87 from source 8e30b565-4873-4e3b-9441-59eafee01b35 to target 9c40fcfb-10e3-4fb9-9c1f-4571a768e108
2023-06-18 19:16:03,226 [main] DEBUG balancer.ContainerBalancerTask (ContainerBalancerTask.java:matchSourceWithTarget(706)) - ContainerBalancer is finding suitable target for source datanode 8e30b565-4873-4e3b-9441-59eafee01b35
2023-06-18 19:16:03,226 [main] INFO  balancer.ContainerBalancerTask (ContainerBalancerTask.java:matchSourceWithTarget(720)) - ContainerBalancer matched source datanode 8e30b565-4873-4e3b-9441-59eafee01b35 with target datanode 9c40fcfb-10e3-4fb9-9c1f-4571a768e108 for container move.
2023-06-18 19:16:03,226 [main] INFO  balancer.ContainerBalancerTask (ContainerBalancerTask.java:processMoveSelection(569)) - ContainerBalancer is trying to move container #70 with size 2147483648B from source datanode 8e30b565-4873-4e3b-9441-59eafee01b35 to target datanode 9c40fcfb-10e3-4fb9-9c1f-4571a768e108
2023-06-18 19:16:03,226 [main] DEBUG balancer.ContainerBalancerTask (ContainerBalancerTask.java:lambda$moveContainer$3(834)) - Container move completed for container #70 from source 8e30b565-4873-4e3b-9441-59eafee01b35 to target 9c40fcfb-10e3-4fb9-9c1f-4571a768e108
2023-06-18 19:16:03,228 [main] DEBUG balancer.ContainerBalancerTask (ContainerBalancerTask.java:matchSourceWithTarget(706)) - ContainerBalancer is finding suitable target for source datanode 5a0cdfe9-8db5-4845-a0f7-2b31aaebf404
2023-06-18 19:16:03,229 [main] INFO  balancer.ContainerBalancerTask (ContainerBalancerTask.java:matchSourceWithTarget(720)) - ContainerBalancer matched source datanode 5a0cdfe9-8db5-4845-a0f7-2b31aaebf404 with target datanode 9c40fcfb-10e3-4fb9-9c1f-4571a768e108 for container move.
2023-06-18 19:16:03,229 [main] INFO  balancer.ContainerBalancerTask (ContainerBalancerTask.java:processMoveSelection(569)) - ContainerBalancer is trying to move container #88 with size 3221225472B from source datanode 5a0cdfe9-8db5-4845-a0f7-2b31aaebf404 to target datanode 9c40fcfb-10e3-4fb9-9c1f-4571a768e108
2023-06-18 19:16:03,229 [main] DEBUG balancer.ContainerBalancerTask (ContainerBalancerTask.java:lambda$moveContainer$3(834)) - Container move completed for container #88 from source 5a0cdfe9-8db5-4845-a0f7-2b31aaebf404 to target 9c40fcfb-10e3-4fb9-9c1f-4571a768e108
2023-06-18 19:16:03,235 [main] DEBUG balancer.ContainerBalancerTask (ContainerBalancerTask.java:matchSourceWithTarget(706)) - ContainerBalancer is finding suitable target for source datanode 8e30b565-4873-4e3b-9441-59eafee01b35
2023-06-18 19:16:03,235 [main] INFO  balancer.ContainerBalancerTask (ContainerBalancerTask.java:matchSourceWithTarget(720)) - ContainerBalancer matched source datanode 8e30b565-4873-4e3b-9441-59eafee01b35 with target datanode a383aa61-744e-4727-8020-8a85c6c2c0fd for container move.
2023-06-18 19:16:03,236 [main] INFO  balancer.ContainerBalancerTask (ContainerBalancerTask.java:processMoveSelection(569)) - ContainerBalancer is trying to move container #81 with size 1073741824B from source datanode 8e30b565-4873-4e3b-9441-59eafee01b35 to target datanode a383aa61-744e-4727-8020-8a85c6c2c0fd
2023-06-18 19:16:03,236 [main] DEBUG balancer.ContainerBalancerTask (ContainerBalancerTask.java:lambda$moveContainer$3(834)) - Container move completed for container #81 from source 8e30b565-4873-4e3b-9441-59eafee01b35 to target a383aa61-744e-4727-8020-8a85c6c2c0fd
2023-06-18 19:16:03,236 [main] WARN  balancer.ContainerBalancerTask (ContainerBalancerTask.java:reachedMaxSizeToMovePerIteration(731)) - Reached max size to move limit. 53687091200 bytes have already been scheduled for balancing and the limit is 53687091200 bytes.
2023-06-18 19:16:03,236 [main] INFO  balancer.ContainerBalancerTask (ContainerBalancerTask.java:checkIterationMoveResults(640)) - Iteration Summary. Number of Datanodes involved: 7. Size moved: 50 GB (53687091200 Bytes). Number of Container moves completed: 14.
2023-06-18 19:16:03,236 [main] INFO  balancer.ContainerBalancerTask (ContainerBalancerTask.java:balance(259)) - Result of this iteration of Container Balancer: ITERATION_COMPLETED
2023-06-18 19:16:03,237 [main] INFO  balancer.ContainerBalancerTask (ContainerBalancerTask.java:tryStopWithSaveConfiguration(308)) - Save Configuration for stopping. Reason: Completed all iterations.
]]></system-out>
  </testcase>
  <testcase name="containerBalancerShouldObeyMaxDatanodesToInvolveLimit" classname="org.apache.hadoop.hdds.scm.container.balancer.TestContainerBalancerTask" time="0.098">
    <system-out><![CDATA[2023-06-18 19:16:03,265 [main] INFO  net.NodeSchemaLoader (NodeSchemaLoader.java:loadSchemaFromFile(129)) - Loading schema from [file:/home/runner/work/ozone/ozone/hadoop-hdds/common/target/classes/network-topology-default.xml]
2023-06-18 19:16:03,266 [main] INFO  net.NodeSchemaLoader (NodeSchemaLoader.java:loadSchema(176)) - Loading network topology layer schema file
2023-06-18 19:16:03,267 [main] INFO  net.NetworkTopologyImpl (NetworkTopologyImpl.java:add(112)) - Added a new node: /default-rack/df164e1a-eea5-43b8-a9dd-4b68902b8ade
2023-06-18 19:16:03,267 [main] INFO  net.NetworkTopologyImpl (NetworkTopologyImpl.java:add(112)) - Added a new node: /default-rack/199f9ffc-5157-4e22-a733-ba121ba0b221
2023-06-18 19:16:03,268 [main] INFO  net.NetworkTopologyImpl (NetworkTopologyImpl.java:add(112)) - Added a new node: /default-rack/bcc06dae-fa1c-409e-ab32-2748b2fbdeaa
2023-06-18 19:16:03,268 [main] INFO  net.NetworkTopologyImpl (NetworkTopologyImpl.java:add(112)) - Added a new node: /default-rack/d3c06661-3d33-4390-8e93-9233082ece95
2023-06-18 19:16:03,268 [main] INFO  net.NetworkTopologyImpl (NetworkTopologyImpl.java:add(112)) - Added a new node: /default-rack/be3ccf4c-db58-4507-aba7-babec3df0980
2023-06-18 19:16:03,268 [main] INFO  net.NetworkTopologyImpl (NetworkTopologyImpl.java:add(112)) - Added a new node: /default-rack/50aa26b9-4415-43bb-b71c-27290419bb7b
2023-06-18 19:16:03,268 [main] INFO  net.NetworkTopologyImpl (NetworkTopologyImpl.java:add(112)) - Added a new node: /default-rack/1afd96f7-fa63-41b8-8d4d-cfb84e994e81
2023-06-18 19:16:03,268 [main] INFO  net.NetworkTopologyImpl (NetworkTopologyImpl.java:add(112)) - Added a new node: /default-rack/339343c8-d0f8-46f4-8065-761ea9c172a0
2023-06-18 19:16:03,268 [main] INFO  net.NetworkTopologyImpl (NetworkTopologyImpl.java:add(112)) - Added a new node: /default-rack/c7c86e51-0896-4e2a-8e42-4abdb30ceea8
2023-06-18 19:16:03,268 [main] INFO  net.NetworkTopologyImpl (NetworkTopologyImpl.java:add(112)) - Added a new node: /default-rack/57e7b5f6-bf0a-4d0a-b784-d210ce5261f8
2023-06-18 19:16:03,268 [main] INFO  algorithms.ContainerPlacementPolicyFactory (ContainerPlacementPolicyFactory.java:getPolicyInternal(86)) - Create container placement policy of type org.apache.hadoop.hdds.scm.container.placement.algorithms.SCMContainerPlacementRackAware
2023-06-18 19:16:03,269 [main] INFO  algorithms.ContainerPlacementPolicyFactory (ContainerPlacementPolicyFactory.java:getPolicyInternal(86)) - Create container placement policy of type org.apache.hadoop.hdds.scm.container.placement.algorithms.SCMContainerPlacementRackScatter
2023-06-18 19:16:03,272 [main] DEBUG balancer.ContainerBalancerTask (ContainerBalancerTask.java:initializeIteration(374)) - Average utilization of the cluster is 0.3525965499054565
2023-06-18 19:16:03,272 [main] DEBUG balancer.ContainerBalancerTask (ContainerBalancerTask.java:initializeIteration(386)) - Lower limit for utilization is 0.3425965499054565 and Upper limit for utilization is 0.36259654990545653
2023-06-18 19:16:03,272 [main] DEBUG balancer.ContainerBalancerTask (ContainerBalancerTask.java:initializeIteration(398)) - Utilization for node 57e7b5f6-bf0a-4d0a-b784-d210ce5261f8 with capacity 71582788266B, used 64424509440B, and remaining 7158278826B is 0.9000000000083819
2023-06-18 19:16:03,272 [main] DEBUG balancer.ContainerBalancerTask (ContainerBalancerTask.java:initializeIteration(398)) - Utilization for node 339343c8-d0f8-46f4-8065-761ea9c172a0 with capacity 68451041280B, used 54760833024B, and remaining 13690208256B is 0.8
2023-06-18 19:16:03,272 [main] DEBUG balancer.ContainerBalancerTask (ContainerBalancerTask.java:initializeIteration(398)) - Utilization for node be3ccf4c-db58-4507-aba7-babec3df0980 with capacity 69026260114B, used 48318382080B, and remaining 20707878034B is 0.7000000000028974
2023-06-18 19:16:03,272 [main] DEBUG balancer.ContainerBalancerTask (ContainerBalancerTask.java:initializeIteration(398)) - Utilization for node c7c86e51-0896-4e2a-8e42-4abdb30ceea8 with capacity 69793218560B, used 41875931136B, and remaining 27917287424B is 0.6
2023-06-18 19:16:03,272 [main] DEBUG balancer.ContainerBalancerTask (ContainerBalancerTask.java:initializeIteration(398)) - Utilization for node 1afd96f7-fa63-41b8-8d4d-cfb84e994e81 with capacity 94489280512B, used 47244640256B, and remaining 47244640256B is 0.5
2023-06-18 19:16:03,273 [main] DEBUG balancer.ContainerBalancerTask (ContainerBalancerTask.java:initializeIteration(398)) - Utilization for node bcc06dae-fa1c-409e-ab32-2748b2fbdeaa with capacity 91268055040B, used 36507222016B, and remaining 54760833024B is 0.4
2023-06-18 19:16:03,273 [main] DEBUG balancer.ContainerBalancerTask (ContainerBalancerTask.java:initializeIteration(398)) - Utilization for node df164e1a-eea5-43b8-a9dd-4b68902b8ade with capacity 107374182400B, used 32212254720B, and remaining 75161927680B is 0.3
2023-06-18 19:16:03,273 [main] DEBUG balancer.ContainerBalancerTask (ContainerBalancerTask.java:initializeIteration(398)) - Utilization for node 50aa26b9-4415-43bb-b71c-27290419bb7b with capacity 241591910400B, used 48318382080B, and remaining 193273528320B is 0.2
2023-06-18 19:16:03,273 [main] DEBUG balancer.ContainerBalancerTask (ContainerBalancerTask.java:initializeIteration(398)) - Utilization for node d3c06661-3d33-4390-8e93-9233082ece95 with capacity 279172874240B, used 27917287424B, and remaining 251255586816B is 0.1
2023-06-18 19:16:03,273 [main] DEBUG balancer.ContainerBalancerTask (ContainerBalancerTask.java:initializeIteration(398)) - Utilization for node 199f9ffc-5157-4e22-a733-ba121ba0b221 with capacity 46170898432B, used 0B, and remaining 46170898432B is 0.0
2023-06-18 19:16:03,273 [main] INFO  balancer.ContainerBalancerTask (ContainerBalancerTask.java:initializeIteration(447)) - Container Balancer has identified 6 Over-Utilized and 4 Under-Utilized Datanodes that need to be balanced.
2023-06-18 19:16:03,273 [main] DEBUG balancer.ContainerBalancerTask (ContainerBalancerTask.java:lambda$initializeIteration$1(453)) - Datanode localhost-86.134.113.211 57e7b5f6-bf0a-4d0a-b784-d210ce5261f8 is Over-Utilized.
2023-06-18 19:16:03,273 [main] DEBUG balancer.ContainerBalancerTask (ContainerBalancerTask.java:lambda$initializeIteration$1(453)) - Datanode localhost-50.103.13.116 339343c8-d0f8-46f4-8065-761ea9c172a0 is Over-Utilized.
2023-06-18 19:16:03,273 [main] DEBUG balancer.ContainerBalancerTask (ContainerBalancerTask.java:lambda$initializeIteration$1(453)) - Datanode localhost-200.185.229.104 be3ccf4c-db58-4507-aba7-babec3df0980 is Over-Utilized.
2023-06-18 19:16:03,274 [main] DEBUG balancer.ContainerBalancerTask (ContainerBalancerTask.java:lambda$initializeIteration$1(453)) - Datanode localhost-72.101.113.176 c7c86e51-0896-4e2a-8e42-4abdb30ceea8 is Over-Utilized.
2023-06-18 19:16:03,274 [main] DEBUG balancer.ContainerBalancerTask (ContainerBalancerTask.java:lambda$initializeIteration$1(453)) - Datanode localhost-141.114.197.71 1afd96f7-fa63-41b8-8d4d-cfb84e994e81 is Over-Utilized.
2023-06-18 19:16:03,274 [main] DEBUG balancer.ContainerBalancerTask (ContainerBalancerTask.java:lambda$initializeIteration$1(453)) - Datanode localhost-240.118.6.53 bcc06dae-fa1c-409e-ab32-2748b2fbdeaa is Over-Utilized.
2023-06-18 19:16:03,274 [main] DEBUG balancer.ContainerBalancerTask (ContainerBalancerTask.java:lambda$initializeIteration$2(459)) - Datanode localhost-129.91.32.251 199f9ffc-5157-4e22-a733-ba121ba0b221 is Under-Utilized.
2023-06-18 19:16:03,274 [main] DEBUG balancer.ContainerBalancerTask (ContainerBalancerTask.java:lambda$initializeIteration$2(459)) - Datanode localhost-114.211.36.146 d3c06661-3d33-4390-8e93-9233082ece95 is Under-Utilized.
2023-06-18 19:16:03,274 [main] DEBUG balancer.ContainerBalancerTask (ContainerBalancerTask.java:lambda$initializeIteration$2(459)) - Datanode localhost-205.82.246.207 50aa26b9-4415-43bb-b71c-27290419bb7b is Under-Utilized.
2023-06-18 19:16:03,274 [main] DEBUG balancer.ContainerBalancerTask (ContainerBalancerTask.java:lambda$initializeIteration$2(459)) - Datanode localhost-161.7.226.88 df164e1a-eea5-43b8-a9dd-4b68902b8ade is Under-Utilized.
2023-06-18 19:16:03,278 [main] DEBUG balancer.ContainerBalancerTask (ContainerBalancerTask.java:matchSourceWithTarget(706)) - ContainerBalancer is finding suitable target for source datanode 57e7b5f6-bf0a-4d0a-b784-d210ce5261f8
2023-06-18 19:16:03,278 [main] INFO  balancer.ContainerBalancerTask (ContainerBalancerTask.java:matchSourceWithTarget(720)) - ContainerBalancer matched source datanode 57e7b5f6-bf0a-4d0a-b784-d210ce5261f8 with target datanode 199f9ffc-5157-4e22-a733-ba121ba0b221 for container move.
2023-06-18 19:16:03,278 [main] INFO  balancer.ContainerBalancerTask (ContainerBalancerTask.java:processMoveSelection(569)) - ContainerBalancer is trying to move container #85 with size 5368709120B from source datanode 57e7b5f6-bf0a-4d0a-b784-d210ce5261f8 to target datanode 199f9ffc-5157-4e22-a733-ba121ba0b221
2023-06-18 19:16:03,279 [main] DEBUG balancer.ContainerBalancerTask (ContainerBalancerTask.java:lambda$moveContainer$3(834)) - Container move completed for container #85 from source 57e7b5f6-bf0a-4d0a-b784-d210ce5261f8 to target 199f9ffc-5157-4e22-a733-ba121ba0b221
2023-06-18 19:16:03,283 [main] DEBUG balancer.ContainerBalancerTask (ContainerBalancerTask.java:matchSourceWithTarget(706)) - ContainerBalancer is finding suitable target for source datanode 57e7b5f6-bf0a-4d0a-b784-d210ce5261f8
2023-06-18 19:16:03,283 [main] INFO  balancer.ContainerBalancerTask (ContainerBalancerTask.java:matchSourceWithTarget(720)) - ContainerBalancer matched source datanode 57e7b5f6-bf0a-4d0a-b784-d210ce5261f8 with target datanode d3c06661-3d33-4390-8e93-9233082ece95 for container move.
2023-06-18 19:16:03,283 [main] INFO  balancer.ContainerBalancerTask (ContainerBalancerTask.java:processMoveSelection(569)) - ContainerBalancer is trying to move container #53 with size 5368709120B from source datanode 57e7b5f6-bf0a-4d0a-b784-d210ce5261f8 to target datanode d3c06661-3d33-4390-8e93-9233082ece95
2023-06-18 19:16:03,283 [main] DEBUG balancer.ContainerBalancerTask (ContainerBalancerTask.java:lambda$moveContainer$3(834)) - Container move completed for container #53 from source 57e7b5f6-bf0a-4d0a-b784-d210ce5261f8 to target d3c06661-3d33-4390-8e93-9233082ece95
2023-06-18 19:16:03,283 [main] DEBUG balancer.ContainerBalancerTask (ContainerBalancerTask.java:adaptWhenNearingIterationLimits(754)) - Approaching max datanodes to involve limit. 3 datanodes have already been selected for balancing and the limit is 4. Only already selected targets can be selected as targets now.
2023-06-18 19:16:03,286 [main] DEBUG balancer.ContainerBalancerTask (ContainerBalancerTask.java:matchSourceWithTarget(706)) - ContainerBalancer is finding suitable target for source datanode 339343c8-d0f8-46f4-8065-761ea9c172a0
2023-06-18 19:16:03,287 [main] INFO  balancer.ContainerBalancerTask (ContainerBalancerTask.java:matchSourceWithTarget(720)) - ContainerBalancer matched source datanode 339343c8-d0f8-46f4-8065-761ea9c172a0 with target datanode 199f9ffc-5157-4e22-a733-ba121ba0b221 for container move.
2023-06-18 19:16:03,287 [main] INFO  balancer.ContainerBalancerTask (ContainerBalancerTask.java:processMoveSelection(569)) - ContainerBalancer is trying to move container #68 with size 5368709120B from source datanode 339343c8-d0f8-46f4-8065-761ea9c172a0 to target datanode 199f9ffc-5157-4e22-a733-ba121ba0b221
2023-06-18 19:16:03,287 [main] DEBUG balancer.ContainerBalancerTask (ContainerBalancerTask.java:lambda$moveContainer$3(834)) - Container move completed for container #68 from source 339343c8-d0f8-46f4-8065-761ea9c172a0 to target 199f9ffc-5157-4e22-a733-ba121ba0b221
2023-06-18 19:16:03,287 [main] DEBUG balancer.ContainerBalancerTask (ContainerBalancerTask.java:adaptOnReachingIterationLimits(780)) - Reached max datanodes to involve limit. 4 datanodes have already been selected for balancing and the limit is 4. Only already selected sources and targets can be involved in balancing now.
2023-06-18 19:16:03,291 [main] DEBUG balancer.ContainerBalancerTask (ContainerBalancerTask.java:matchSourceWithTarget(706)) - ContainerBalancer is finding suitable target for source datanode 57e7b5f6-bf0a-4d0a-b784-d210ce5261f8
2023-06-18 19:16:03,292 [main] INFO  balancer.ContainerBalancerTask (ContainerBalancerTask.java:matchSourceWithTarget(720)) - ContainerBalancer matched source datanode 57e7b5f6-bf0a-4d0a-b784-d210ce5261f8 with target datanode d3c06661-3d33-4390-8e93-9233082ece95 for container move.
2023-06-18 19:16:03,292 [main] INFO  balancer.ContainerBalancerTask (ContainerBalancerTask.java:processMoveSelection(569)) - ContainerBalancer is trying to move container #40 with size 5368709120B from source datanode 57e7b5f6-bf0a-4d0a-b784-d210ce5261f8 to target datanode d3c06661-3d33-4390-8e93-9233082ece95
2023-06-18 19:16:03,292 [main] DEBUG balancer.ContainerBalancerTask (ContainerBalancerTask.java:lambda$moveContainer$3(834)) - Container move completed for container #40 from source 57e7b5f6-bf0a-4d0a-b784-d210ce5261f8 to target d3c06661-3d33-4390-8e93-9233082ece95
2023-06-18 19:16:03,295 [main] DEBUG balancer.ContainerBalancerTask (ContainerBalancerTask.java:matchSourceWithTarget(706)) - ContainerBalancer is finding suitable target for source datanode 339343c8-d0f8-46f4-8065-761ea9c172a0
2023-06-18 19:16:03,295 [main] INFO  balancer.ContainerBalancerTask (ContainerBalancerTask.java:matchSourceWithTarget(720)) - ContainerBalancer matched source datanode 339343c8-d0f8-46f4-8065-761ea9c172a0 with target datanode d3c06661-3d33-4390-8e93-9233082ece95 for container move.
2023-06-18 19:16:03,295 [main] INFO  balancer.ContainerBalancerTask (ContainerBalancerTask.java:processMoveSelection(569)) - ContainerBalancer is trying to move container #29 with size 5368709120B from source datanode 339343c8-d0f8-46f4-8065-761ea9c172a0 to target datanode d3c06661-3d33-4390-8e93-9233082ece95
2023-06-18 19:16:03,295 [main] DEBUG balancer.ContainerBalancerTask (ContainerBalancerTask.java:lambda$moveContainer$3(834)) - Container move completed for container #29 from source 339343c8-d0f8-46f4-8065-761ea9c172a0 to target d3c06661-3d33-4390-8e93-9233082ece95
2023-06-18 19:16:03,300 [main] DEBUG balancer.ContainerBalancerTask (ContainerBalancerTask.java:matchSourceWithTarget(706)) - ContainerBalancer is finding suitable target for source datanode 57e7b5f6-bf0a-4d0a-b784-d210ce5261f8
2023-06-18 19:16:03,300 [main] INFO  balancer.ContainerBalancerTask (ContainerBalancerTask.java:matchSourceWithTarget(720)) - ContainerBalancer matched source datanode 57e7b5f6-bf0a-4d0a-b784-d210ce5261f8 with target datanode d3c06661-3d33-4390-8e93-9233082ece95 for container move.
2023-06-18 19:16:03,300 [main] INFO  balancer.ContainerBalancerTask (ContainerBalancerTask.java:processMoveSelection(569)) - ContainerBalancer is trying to move container #89 with size 4294967296B from source datanode 57e7b5f6-bf0a-4d0a-b784-d210ce5261f8 to target datanode d3c06661-3d33-4390-8e93-9233082ece95
2023-06-18 19:16:03,300 [main] DEBUG balancer.ContainerBalancerTask (ContainerBalancerTask.java:lambda$moveContainer$3(834)) - Container move completed for container #89 from source 57e7b5f6-bf0a-4d0a-b784-d210ce5261f8 to target d3c06661-3d33-4390-8e93-9233082ece95
2023-06-18 19:16:03,303 [main] DEBUG balancer.ContainerBalancerTask (ContainerBalancerTask.java:matchSourceWithTarget(706)) - ContainerBalancer is finding suitable target for source datanode 339343c8-d0f8-46f4-8065-761ea9c172a0
2023-06-18 19:16:03,303 [main] INFO  balancer.ContainerBalancerTask (ContainerBalancerTask.java:matchSourceWithTarget(720)) - ContainerBalancer matched source datanode 339343c8-d0f8-46f4-8065-761ea9c172a0 with target datanode d3c06661-3d33-4390-8e93-9233082ece95 for container move.
2023-06-18 19:16:03,304 [main] INFO  balancer.ContainerBalancerTask (ContainerBalancerTask.java:processMoveSelection(569)) - ContainerBalancer is trying to move container #67 with size 4294967296B from source datanode 339343c8-d0f8-46f4-8065-761ea9c172a0 to target datanode d3c06661-3d33-4390-8e93-9233082ece95
2023-06-18 19:16:03,304 [main] DEBUG balancer.ContainerBalancerTask (ContainerBalancerTask.java:lambda$moveContainer$3(834)) - Container move completed for container #67 from source 339343c8-d0f8-46f4-8065-761ea9c172a0 to target d3c06661-3d33-4390-8e93-9233082ece95
2023-06-18 19:16:03,308 [main] DEBUG balancer.ContainerBalancerTask (ContainerBalancerTask.java:matchSourceWithTarget(706)) - ContainerBalancer is finding suitable target for source datanode 57e7b5f6-bf0a-4d0a-b784-d210ce5261f8
2023-06-18 19:16:03,308 [main] INFO  balancer.ContainerBalancerTask (ContainerBalancerTask.java:matchSourceWithTarget(720)) - ContainerBalancer matched source datanode 57e7b5f6-bf0a-4d0a-b784-d210ce5261f8 with target datanode d3c06661-3d33-4390-8e93-9233082ece95 for container move.
2023-06-18 19:16:03,308 [main] INFO  balancer.ContainerBalancerTask (ContainerBalancerTask.java:processMoveSelection(569)) - ContainerBalancer is trying to move container #39 with size 4294967296B from source datanode 57e7b5f6-bf0a-4d0a-b784-d210ce5261f8 to target datanode d3c06661-3d33-4390-8e93-9233082ece95
2023-06-18 19:16:03,309 [main] DEBUG balancer.ContainerBalancerTask (ContainerBalancerTask.java:lambda$moveContainer$3(834)) - Container move completed for container #39 from source 57e7b5f6-bf0a-4d0a-b784-d210ce5261f8 to target d3c06661-3d33-4390-8e93-9233082ece95
2023-06-18 19:16:03,312 [main] DEBUG balancer.ContainerBalancerTask (ContainerBalancerTask.java:matchSourceWithTarget(706)) - ContainerBalancer is finding suitable target for source datanode 339343c8-d0f8-46f4-8065-761ea9c172a0
2023-06-18 19:16:03,312 [main] INFO  balancer.ContainerBalancerTask (ContainerBalancerTask.java:matchSourceWithTarget(720)) - ContainerBalancer matched source datanode 339343c8-d0f8-46f4-8065-761ea9c172a0 with target datanode d3c06661-3d33-4390-8e93-9233082ece95 for container move.
2023-06-18 19:16:03,312 [main] INFO  balancer.ContainerBalancerTask (ContainerBalancerTask.java:processMoveSelection(569)) - ContainerBalancer is trying to move container #52 with size 4294967296B from source datanode 339343c8-d0f8-46f4-8065-761ea9c172a0 to target datanode d3c06661-3d33-4390-8e93-9233082ece95
2023-06-18 19:16:03,313 [main] DEBUG balancer.ContainerBalancerTask (ContainerBalancerTask.java:lambda$moveContainer$3(834)) - Container move completed for container #52 from source 339343c8-d0f8-46f4-8065-761ea9c172a0 to target d3c06661-3d33-4390-8e93-9233082ece95
2023-06-18 19:16:03,317 [main] DEBUG balancer.ContainerBalancerTask (ContainerBalancerTask.java:matchSourceWithTarget(706)) - ContainerBalancer is finding suitable target for source datanode 57e7b5f6-bf0a-4d0a-b784-d210ce5261f8
2023-06-18 19:16:03,317 [main] INFO  balancer.ContainerBalancerTask (ContainerBalancerTask.java:matchSourceWithTarget(720)) - ContainerBalancer matched source datanode 57e7b5f6-bf0a-4d0a-b784-d210ce5261f8 with target datanode d3c06661-3d33-4390-8e93-9233082ece95 for container move.
2023-06-18 19:16:03,317 [main] INFO  balancer.ContainerBalancerTask (ContainerBalancerTask.java:processMoveSelection(569)) - ContainerBalancer is trying to move container #71 with size 3221225472B from source datanode 57e7b5f6-bf0a-4d0a-b784-d210ce5261f8 to target datanode d3c06661-3d33-4390-8e93-9233082ece95
2023-06-18 19:16:03,317 [main] DEBUG balancer.ContainerBalancerTask (ContainerBalancerTask.java:lambda$moveContainer$3(834)) - Container move completed for container #71 from source 57e7b5f6-bf0a-4d0a-b784-d210ce5261f8 to target d3c06661-3d33-4390-8e93-9233082ece95
2023-06-18 19:16:03,321 [main] DEBUG balancer.ContainerBalancerTask (ContainerBalancerTask.java:matchSourceWithTarget(706)) - ContainerBalancer is finding suitable target for source datanode 339343c8-d0f8-46f4-8065-761ea9c172a0
2023-06-18 19:16:03,321 [main] INFO  balancer.ContainerBalancerTask (ContainerBalancerTask.java:matchSourceWithTarget(720)) - ContainerBalancer matched source datanode 339343c8-d0f8-46f4-8065-761ea9c172a0 with target datanode d3c06661-3d33-4390-8e93-9233082ece95 for container move.
2023-06-18 19:16:03,321 [main] INFO  balancer.ContainerBalancerTask (ContainerBalancerTask.java:processMoveSelection(569)) - ContainerBalancer is trying to move container #66 with size 3221225472B from source datanode 339343c8-d0f8-46f4-8065-761ea9c172a0 to target datanode d3c06661-3d33-4390-8e93-9233082ece95
2023-06-18 19:16:03,321 [main] DEBUG balancer.ContainerBalancerTask (ContainerBalancerTask.java:lambda$moveContainer$3(834)) - Container move completed for container #66 from source 339343c8-d0f8-46f4-8065-761ea9c172a0 to target d3c06661-3d33-4390-8e93-9233082ece95
2023-06-18 19:16:03,325 [main] DEBUG balancer.ContainerBalancerTask (ContainerBalancerTask.java:matchSourceWithTarget(699)) - ContainerBalancer could not find any candidate containers for datanode 57e7b5f6-bf0a-4d0a-b784-d210ce5261f8
2023-06-18 19:16:03,328 [main] DEBUG balancer.ContainerBalancerTask (ContainerBalancerTask.java:matchSourceWithTarget(706)) - ContainerBalancer is finding suitable target for source datanode 339343c8-d0f8-46f4-8065-761ea9c172a0
2023-06-18 19:16:03,329 [main] INFO  balancer.ContainerBalancerTask (ContainerBalancerTask.java:matchSourceWithTarget(720)) - ContainerBalancer matched source datanode 339343c8-d0f8-46f4-8065-761ea9c172a0 with target datanode 199f9ffc-5157-4e22-a733-ba121ba0b221 for container move.
2023-06-18 19:16:03,329 [main] INFO  balancer.ContainerBalancerTask (ContainerBalancerTask.java:processMoveSelection(569)) - ContainerBalancer is trying to move container #84 with size 4294967296B from source datanode 339343c8-d0f8-46f4-8065-761ea9c172a0 to target datanode 199f9ffc-5157-4e22-a733-ba121ba0b221
2023-06-18 19:16:03,329 [main] DEBUG balancer.ContainerBalancerTask (ContainerBalancerTask.java:lambda$moveContainer$3(834)) - Container move completed for container #84 from source 339343c8-d0f8-46f4-8065-761ea9c172a0 to target 199f9ffc-5157-4e22-a733-ba121ba0b221
2023-06-18 19:16:03,332 [main] DEBUG balancer.ContainerBalancerTask (ContainerBalancerTask.java:matchSourceWithTarget(706)) - ContainerBalancer is finding suitable target for source datanode 339343c8-d0f8-46f4-8065-761ea9c172a0
2023-06-18 19:16:03,332 [main] INFO  balancer.ContainerBalancerTask (ContainerBalancerTask.java:matchSourceWithTarget(720)) - ContainerBalancer matched source datanode 339343c8-d0f8-46f4-8065-761ea9c172a0 with target datanode d3c06661-3d33-4390-8e93-9233082ece95 for container move.
2023-06-18 19:16:03,332 [main] INFO  balancer.ContainerBalancerTask (ContainerBalancerTask.java:processMoveSelection(569)) - ContainerBalancer is trying to move container #69 with size 1073741824B from source datanode 339343c8-d0f8-46f4-8065-761ea9c172a0 to target datanode d3c06661-3d33-4390-8e93-9233082ece95
2023-06-18 19:16:03,333 [main] DEBUG balancer.ContainerBalancerTask (ContainerBalancerTask.java:lambda$moveContainer$3(834)) - Container move completed for container #69 from source 339343c8-d0f8-46f4-8065-761ea9c172a0 to target d3c06661-3d33-4390-8e93-9233082ece95
2023-06-18 19:16:03,336 [main] DEBUG balancer.ContainerBalancerTask (ContainerBalancerTask.java:matchSourceWithTarget(699)) - ContainerBalancer could not find any candidate containers for datanode 339343c8-d0f8-46f4-8065-761ea9c172a0
2023-06-18 19:16:03,336 [main] INFO  balancer.FindSourceGreedy (FindSourceGreedy.java:getNextCandidateSourceDataNode(126)) - no more candidate source data node
2023-06-18 19:16:03,336 [main] INFO  balancer.ContainerBalancerTask (ContainerBalancerTask.java:checkIterationMoveResults(640)) - Iteration Summary. Number of Datanodes involved: 4. Size moved: 52 GB (55834574848 Bytes). Number of Container moves completed: 13.
2023-06-18 19:16:03,336 [main] INFO  balancer.ContainerBalancerTask (ContainerBalancerTask.java:balance(259)) - Result of this iteration of Container Balancer: ITERATION_COMPLETED
2023-06-18 19:16:03,336 [main] INFO  balancer.ContainerBalancerTask (ContainerBalancerTask.java:tryStopWithSaveConfiguration(308)) - Save Configuration for stopping. Reason: Completed all iterations.
]]></system-out>
  </testcase>
  <testcase name="testBalancerWithMoveManager" classname="org.apache.hadoop.hdds.scm.container.balancer.TestContainerBalancerTask" time="0.118">
    <system-out><![CDATA[2023-06-18 19:16:03,376 [main] INFO  net.NodeSchemaLoader (NodeSchemaLoader.java:loadSchemaFromFile(129)) - Loading schema from [file:/home/runner/work/ozone/ozone/hadoop-hdds/common/target/classes/network-topology-default.xml]
2023-06-18 19:16:03,376 [main] INFO  net.NodeSchemaLoader (NodeSchemaLoader.java:loadSchema(176)) - Loading network topology layer schema file
2023-06-18 19:16:03,379 [main] INFO  net.NetworkTopologyImpl (NetworkTopologyImpl.java:add(112)) - Added a new node: /default-rack/62280e07-6b5e-43cf-8cf1-fbec90e8a37b
2023-06-18 19:16:03,379 [main] INFO  net.NetworkTopologyImpl (NetworkTopologyImpl.java:add(112)) - Added a new node: /default-rack/918800c2-4b73-4b79-82f4-601ddade8855
2023-06-18 19:16:03,379 [main] INFO  net.NetworkTopologyImpl (NetworkTopologyImpl.java:add(112)) - Added a new node: /default-rack/042c3060-4194-4fff-a0e3-dd2962f6489e
2023-06-18 19:16:03,379 [main] INFO  net.NetworkTopologyImpl (NetworkTopologyImpl.java:add(112)) - Added a new node: /default-rack/f509b4a6-940c-45b8-add3-ed8d95a24721
2023-06-18 19:16:03,380 [main] INFO  net.NetworkTopologyImpl (NetworkTopologyImpl.java:add(112)) - Added a new node: /default-rack/2874efaf-db30-4ddc-ba92-ee768fd983bd
2023-06-18 19:16:03,380 [main] INFO  net.NetworkTopologyImpl (NetworkTopologyImpl.java:add(112)) - Added a new node: /default-rack/45cbb571-b7f2-4d6c-b222-613dbdfd923d
2023-06-18 19:16:03,380 [main] INFO  net.NetworkTopologyImpl (NetworkTopologyImpl.java:add(112)) - Added a new node: /default-rack/8e7a2aff-e427-4617-aff4-dfbc41f799c7
2023-06-18 19:16:03,380 [main] INFO  net.NetworkTopologyImpl (NetworkTopologyImpl.java:add(112)) - Added a new node: /default-rack/5db7ef84-fa46-4be6-9674-663f7c3ab23c
2023-06-18 19:16:03,380 [main] INFO  net.NetworkTopologyImpl (NetworkTopologyImpl.java:add(112)) - Added a new node: /default-rack/b0217b98-5884-44e8-bc54-6d0b5dcd7559
2023-06-18 19:16:03,380 [main] INFO  net.NetworkTopologyImpl (NetworkTopologyImpl.java:add(112)) - Added a new node: /default-rack/5a1c31a5-0b44-41b1-9b9c-f37a46a171b5
2023-06-18 19:16:03,380 [main] INFO  algorithms.ContainerPlacementPolicyFactory (ContainerPlacementPolicyFactory.java:getPolicyInternal(86)) - Create container placement policy of type org.apache.hadoop.hdds.scm.container.placement.algorithms.SCMContainerPlacementRackAware
2023-06-18 19:16:03,381 [main] INFO  algorithms.ContainerPlacementPolicyFactory (ContainerPlacementPolicyFactory.java:getPolicyInternal(86)) - Create container placement policy of type org.apache.hadoop.hdds.scm.container.placement.algorithms.SCMContainerPlacementRackScatter
2023-06-18 19:16:03,386 [main] DEBUG balancer.ContainerBalancerTask (ContainerBalancerTask.java:initializeIteration(374)) - Average utilization of the cluster is 0.3049297161336596
2023-06-18 19:16:03,387 [main] DEBUG balancer.ContainerBalancerTask (ContainerBalancerTask.java:initializeIteration(386)) - Lower limit for utilization is 0.2049297161336596 and Upper limit for utilization is 0.4049297161336596
2023-06-18 19:16:03,387 [main] DEBUG balancer.ContainerBalancerTask (ContainerBalancerTask.java:initializeIteration(398)) - Utilization for node 8e7a2aff-e427-4617-aff4-dfbc41f799c7 with capacity 58459277084B, used 52613349376B, and remaining 5845927708B is 0.9000000000068423
2023-06-18 19:16:03,387 [main] DEBUG balancer.ContainerBalancerTask (ContainerBalancerTask.java:initializeIteration(398)) - Utilization for node f509b4a6-940c-45b8-add3-ed8d95a24721 with capacity 59055800320B, used 47244640256B, and remaining 11811160064B is 0.8
2023-06-18 19:16:03,387 [main] DEBUG balancer.ContainerBalancerTask (ContainerBalancerTask.java:initializeIteration(398)) - Utilization for node 5a1c31a5-0b44-41b1-9b9c-f37a46a171b5 with capacity 56754924982B, used 39728447488B, and remaining 17026477494B is 0.7000000000105717
2023-06-18 19:16:03,387 [main] DEBUG balancer.ContainerBalancerTask (ContainerBalancerTask.java:initializeIteration(398)) - Utilization for node 2874efaf-db30-4ddc-ba92-ee768fd983bd with capacity 94847194453B, used 56908316672B, and remaining 37938877781B is 0.6000000000021086
2023-06-18 19:16:03,387 [main] DEBUG balancer.ContainerBalancerTask (ContainerBalancerTask.java:initializeIteration(398)) - Utilization for node b0217b98-5884-44e8-bc54-6d0b5dcd7559 with capacity 68719476736B, used 34359738368B, and remaining 34359738368B is 0.5
2023-06-18 19:16:03,387 [main] DEBUG balancer.ContainerBalancerTask (ContainerBalancerTask.java:initializeIteration(398)) - Utilization for node 62280e07-6b5e-43cf-8cf1-fbec90e8a37b with capacity 126164664320B, used 50465865728B, and remaining 75698798592B is 0.4
2023-06-18 19:16:03,387 [main] DEBUG balancer.ContainerBalancerTask (ContainerBalancerTask.java:initializeIteration(398)) - Utilization for node 45cbb571-b7f2-4d6c-b222-613dbdfd923d with capacity 132428158293B, used 39728447488B, and remaining 92699710805B is 0.3000000000007551
2023-06-18 19:16:03,387 [main] DEBUG balancer.ContainerBalancerTask (ContainerBalancerTask.java:initializeIteration(398)) - Utilization for node 5db7ef84-fa46-4be6-9674-663f7c3ab23c with capacity 193273528320B, used 38654705664B, and remaining 154618822656B is 0.2
2023-06-18 19:16:03,387 [main] DEBUG balancer.ContainerBalancerTask (ContainerBalancerTask.java:initializeIteration(398)) - Utilization for node 042c3060-4194-4fff-a0e3-dd2962f6489e with capacity 493921239040B, used 49392123904B, and remaining 444529115136B is 0.1
2023-06-18 19:16:03,388 [main] DEBUG balancer.ContainerBalancerTask (ContainerBalancerTask.java:initializeIteration(398)) - Utilization for node 918800c2-4b73-4b79-82f4-601ddade8855 with capacity 57982058496B, used 0B, and remaining 57982058496B is 0.0
2023-06-18 19:16:03,388 [main] INFO  balancer.ContainerBalancerTask (ContainerBalancerTask.java:initializeIteration(447)) - Container Balancer has identified 5 Over-Utilized and 3 Under-Utilized Datanodes that need to be balanced.
2023-06-18 19:16:03,388 [main] DEBUG balancer.ContainerBalancerTask (ContainerBalancerTask.java:lambda$initializeIteration$1(453)) - Datanode localhost-251.26.84.19 8e7a2aff-e427-4617-aff4-dfbc41f799c7 is Over-Utilized.
2023-06-18 19:16:03,388 [main] DEBUG balancer.ContainerBalancerTask (ContainerBalancerTask.java:lambda$initializeIteration$1(453)) - Datanode localhost-151.221.121.4 f509b4a6-940c-45b8-add3-ed8d95a24721 is Over-Utilized.
2023-06-18 19:16:03,388 [main] DEBUG balancer.ContainerBalancerTask (ContainerBalancerTask.java:lambda$initializeIteration$1(453)) - Datanode localhost-47.32.106.40 5a1c31a5-0b44-41b1-9b9c-f37a46a171b5 is Over-Utilized.
2023-06-18 19:16:03,388 [main] DEBUG balancer.ContainerBalancerTask (ContainerBalancerTask.java:lambda$initializeIteration$1(453)) - Datanode localhost-206.175.182.16 2874efaf-db30-4ddc-ba92-ee768fd983bd is Over-Utilized.
2023-06-18 19:16:03,388 [main] DEBUG balancer.ContainerBalancerTask (ContainerBalancerTask.java:lambda$initializeIteration$1(453)) - Datanode localhost-93.202.30.230 b0217b98-5884-44e8-bc54-6d0b5dcd7559 is Over-Utilized.
2023-06-18 19:16:03,388 [main] DEBUG balancer.ContainerBalancerTask (ContainerBalancerTask.java:lambda$initializeIteration$2(459)) - Datanode localhost-3.85.169.126 918800c2-4b73-4b79-82f4-601ddade8855 is Under-Utilized.
2023-06-18 19:16:03,388 [main] DEBUG balancer.ContainerBalancerTask (ContainerBalancerTask.java:lambda$initializeIteration$2(459)) - Datanode localhost-102.245.133.159 042c3060-4194-4fff-a0e3-dd2962f6489e is Under-Utilized.
2023-06-18 19:16:03,388 [main] DEBUG balancer.ContainerBalancerTask (ContainerBalancerTask.java:lambda$initializeIteration$2(459)) - Datanode localhost-196.76.31.20 5db7ef84-fa46-4be6-9674-663f7c3ab23c is Under-Utilized.
2023-06-18 19:16:03,392 [main] DEBUG balancer.ContainerBalancerTask (ContainerBalancerTask.java:matchSourceWithTarget(706)) - ContainerBalancer is finding suitable target for source datanode 8e7a2aff-e427-4617-aff4-dfbc41f799c7
2023-06-18 19:16:03,392 [main] INFO  balancer.ContainerBalancerTask (ContainerBalancerTask.java:matchSourceWithTarget(720)) - ContainerBalancer matched source datanode 8e7a2aff-e427-4617-aff4-dfbc41f799c7 with target datanode 918800c2-4b73-4b79-82f4-601ddade8855 for container move.
2023-06-18 19:16:03,392 [main] INFO  balancer.ContainerBalancerTask (ContainerBalancerTask.java:processMoveSelection(569)) - ContainerBalancer is trying to move container #85 with size 5368709120B from source datanode 8e7a2aff-e427-4617-aff4-dfbc41f799c7 to target datanode 918800c2-4b73-4b79-82f4-601ddade8855
2023-06-18 19:16:03,392 [main] DEBUG balancer.ContainerBalancerTask (ContainerBalancerTask.java:lambda$moveContainer$3(834)) - Container move completed for container #85 from source 8e7a2aff-e427-4617-aff4-dfbc41f799c7 to target 918800c2-4b73-4b79-82f4-601ddade8855
2023-06-18 19:16:03,396 [main] DEBUG balancer.ContainerBalancerTask (ContainerBalancerTask.java:matchSourceWithTarget(706)) - ContainerBalancer is finding suitable target for source datanode 8e7a2aff-e427-4617-aff4-dfbc41f799c7
2023-06-18 19:16:03,396 [main] INFO  balancer.ContainerBalancerTask (ContainerBalancerTask.java:matchSourceWithTarget(720)) - ContainerBalancer matched source datanode 8e7a2aff-e427-4617-aff4-dfbc41f799c7 with target datanode 918800c2-4b73-4b79-82f4-601ddade8855 for container move.
2023-06-18 19:16:03,396 [main] INFO  balancer.ContainerBalancerTask (ContainerBalancerTask.java:processMoveSelection(569)) - ContainerBalancer is trying to move container #89 with size 4294967296B from source datanode 8e7a2aff-e427-4617-aff4-dfbc41f799c7 to target datanode 918800c2-4b73-4b79-82f4-601ddade8855
2023-06-18 19:16:03,396 [main] DEBUG balancer.ContainerBalancerTask (ContainerBalancerTask.java:lambda$moveContainer$3(834)) - Container move completed for container #89 from source 8e7a2aff-e427-4617-aff4-dfbc41f799c7 to target 918800c2-4b73-4b79-82f4-601ddade8855
2023-06-18 19:16:03,399 [main] DEBUG balancer.ContainerBalancerTask (ContainerBalancerTask.java:matchSourceWithTarget(706)) - ContainerBalancer is finding suitable target for source datanode f509b4a6-940c-45b8-add3-ed8d95a24721
2023-06-18 19:16:03,399 [main] INFO  balancer.ContainerBalancerTask (ContainerBalancerTask.java:matchSourceWithTarget(720)) - ContainerBalancer matched source datanode f509b4a6-940c-45b8-add3-ed8d95a24721 with target datanode 042c3060-4194-4fff-a0e3-dd2962f6489e for container move.
2023-06-18 19:16:03,400 [main] INFO  balancer.ContainerBalancerTask (ContainerBalancerTask.java:processMoveSelection(569)) - ContainerBalancer is trying to move container #68 with size 5368709120B from source datanode f509b4a6-940c-45b8-add3-ed8d95a24721 to target datanode 042c3060-4194-4fff-a0e3-dd2962f6489e
2023-06-18 19:16:03,400 [main] DEBUG balancer.ContainerBalancerTask (ContainerBalancerTask.java:lambda$moveContainer$3(834)) - Container move completed for container #68 from source f509b4a6-940c-45b8-add3-ed8d95a24721 to target 042c3060-4194-4fff-a0e3-dd2962f6489e
2023-06-18 19:16:03,403 [main] DEBUG balancer.ContainerBalancerTask (ContainerBalancerTask.java:matchSourceWithTarget(706)) - ContainerBalancer is finding suitable target for source datanode 8e7a2aff-e427-4617-aff4-dfbc41f799c7
2023-06-18 19:16:03,403 [main] INFO  balancer.ContainerBalancerTask (ContainerBalancerTask.java:matchSourceWithTarget(720)) - ContainerBalancer matched source datanode 8e7a2aff-e427-4617-aff4-dfbc41f799c7 with target datanode 042c3060-4194-4fff-a0e3-dd2962f6489e for container move.
2023-06-18 19:16:03,404 [main] INFO  balancer.ContainerBalancerTask (ContainerBalancerTask.java:processMoveSelection(569)) - ContainerBalancer is trying to move container #88 with size 3221225472B from source datanode 8e7a2aff-e427-4617-aff4-dfbc41f799c7 to target datanode 042c3060-4194-4fff-a0e3-dd2962f6489e
2023-06-18 19:16:03,404 [main] DEBUG balancer.ContainerBalancerTask (ContainerBalancerTask.java:lambda$moveContainer$3(834)) - Container move completed for container #88 from source 8e7a2aff-e427-4617-aff4-dfbc41f799c7 to target 042c3060-4194-4fff-a0e3-dd2962f6489e
2023-06-18 19:16:03,407 [main] DEBUG balancer.ContainerBalancerTask (ContainerBalancerTask.java:matchSourceWithTarget(706)) - ContainerBalancer is finding suitable target for source datanode f509b4a6-940c-45b8-add3-ed8d95a24721
2023-06-18 19:16:03,407 [main] INFO  balancer.ContainerBalancerTask (ContainerBalancerTask.java:matchSourceWithTarget(720)) - ContainerBalancer matched source datanode f509b4a6-940c-45b8-add3-ed8d95a24721 with target datanode 042c3060-4194-4fff-a0e3-dd2962f6489e for container move.
2023-06-18 19:16:03,407 [main] INFO  balancer.ContainerBalancerTask (ContainerBalancerTask.java:processMoveSelection(569)) - ContainerBalancer is trying to move container #53 with size 5368709120B from source datanode f509b4a6-940c-45b8-add3-ed8d95a24721 to target datanode 042c3060-4194-4fff-a0e3-dd2962f6489e
2023-06-18 19:16:03,407 [main] DEBUG balancer.ContainerBalancerTask (ContainerBalancerTask.java:lambda$moveContainer$3(834)) - Container move completed for container #53 from source f509b4a6-940c-45b8-add3-ed8d95a24721 to target 042c3060-4194-4fff-a0e3-dd2962f6489e
2023-06-18 19:16:03,410 [main] DEBUG balancer.ContainerBalancerTask (ContainerBalancerTask.java:matchSourceWithTarget(706)) - ContainerBalancer is finding suitable target for source datanode 5a1c31a5-0b44-41b1-9b9c-f37a46a171b5
2023-06-18 19:16:03,410 [main] INFO  balancer.ContainerBalancerTask (ContainerBalancerTask.java:matchSourceWithTarget(720)) - ContainerBalancer matched source datanode 5a1c31a5-0b44-41b1-9b9c-f37a46a171b5 with target datanode 042c3060-4194-4fff-a0e3-dd2962f6489e for container move.
2023-06-18 19:16:03,411 [main] INFO  balancer.ContainerBalancerTask (ContainerBalancerTask.java:processMoveSelection(569)) - ContainerBalancer is trying to move container #52 with size 4294967296B from source datanode 5a1c31a5-0b44-41b1-9b9c-f37a46a171b5 to target datanode 042c3060-4194-4fff-a0e3-dd2962f6489e
2023-06-18 19:16:03,411 [main] DEBUG balancer.ContainerBalancerTask (ContainerBalancerTask.java:lambda$moveContainer$3(834)) - Container move completed for container #52 from source 5a1c31a5-0b44-41b1-9b9c-f37a46a171b5 to target 042c3060-4194-4fff-a0e3-dd2962f6489e
2023-06-18 19:16:03,414 [main] DEBUG balancer.ContainerBalancerTask (ContainerBalancerTask.java:matchSourceWithTarget(706)) - ContainerBalancer is finding suitable target for source datanode 8e7a2aff-e427-4617-aff4-dfbc41f799c7
2023-06-18 19:16:03,415 [main] INFO  balancer.ContainerBalancerTask (ContainerBalancerTask.java:matchSourceWithTarget(720)) - ContainerBalancer matched source datanode 8e7a2aff-e427-4617-aff4-dfbc41f799c7 with target datanode 042c3060-4194-4fff-a0e3-dd2962f6489e for container move.
2023-06-18 19:16:03,415 [main] INFO  balancer.ContainerBalancerTask (ContainerBalancerTask.java:processMoveSelection(569)) - ContainerBalancer is trying to move container #27 with size 3221225472B from source datanode 8e7a2aff-e427-4617-aff4-dfbc41f799c7 to target datanode 042c3060-4194-4fff-a0e3-dd2962f6489e
2023-06-18 19:16:03,416 [main] DEBUG balancer.ContainerBalancerTask (ContainerBalancerTask.java:lambda$moveContainer$3(834)) - Container move completed for container #27 from source 8e7a2aff-e427-4617-aff4-dfbc41f799c7 to target 042c3060-4194-4fff-a0e3-dd2962f6489e
2023-06-18 19:16:03,419 [main] DEBUG balancer.ContainerBalancerTask (ContainerBalancerTask.java:matchSourceWithTarget(706)) - ContainerBalancer is finding suitable target for source datanode 8e7a2aff-e427-4617-aff4-dfbc41f799c7
2023-06-18 19:16:03,420 [main] INFO  balancer.ContainerBalancerTask (ContainerBalancerTask.java:matchSourceWithTarget(720)) - ContainerBalancer matched source datanode 8e7a2aff-e427-4617-aff4-dfbc41f799c7 with target datanode 042c3060-4194-4fff-a0e3-dd2962f6489e for container move.
2023-06-18 19:16:03,420 [main] INFO  balancer.ContainerBalancerTask (ContainerBalancerTask.java:processMoveSelection(569)) - ContainerBalancer is trying to move container #87 with size 2147483648B from source datanode 8e7a2aff-e427-4617-aff4-dfbc41f799c7 to target datanode 042c3060-4194-4fff-a0e3-dd2962f6489e
2023-06-18 19:16:03,420 [main] DEBUG balancer.ContainerBalancerTask (ContainerBalancerTask.java:lambda$moveContainer$3(834)) - Container move completed for container #87 from source 8e7a2aff-e427-4617-aff4-dfbc41f799c7 to target 042c3060-4194-4fff-a0e3-dd2962f6489e
2023-06-18 19:16:03,423 [main] DEBUG balancer.ContainerBalancerTask (ContainerBalancerTask.java:matchSourceWithTarget(706)) - ContainerBalancer is finding suitable target for source datanode 5a1c31a5-0b44-41b1-9b9c-f37a46a171b5
2023-06-18 19:16:03,423 [main] INFO  balancer.ContainerBalancerTask (ContainerBalancerTask.java:matchSourceWithTarget(720)) - ContainerBalancer matched source datanode 5a1c31a5-0b44-41b1-9b9c-f37a46a171b5 with target datanode 042c3060-4194-4fff-a0e3-dd2962f6489e for container move.
2023-06-18 19:16:03,423 [main] INFO  balancer.ContainerBalancerTask (ContainerBalancerTask.java:processMoveSelection(569)) - ContainerBalancer is trying to move container #28 with size 4294967296B from source datanode 5a1c31a5-0b44-41b1-9b9c-f37a46a171b5 to target datanode 042c3060-4194-4fff-a0e3-dd2962f6489e
2023-06-18 19:16:03,423 [main] DEBUG balancer.ContainerBalancerTask (ContainerBalancerTask.java:lambda$moveContainer$3(834)) - Container move completed for container #28 from source 5a1c31a5-0b44-41b1-9b9c-f37a46a171b5 to target 042c3060-4194-4fff-a0e3-dd2962f6489e
2023-06-18 19:16:03,427 [main] DEBUG balancer.ContainerBalancerTask (ContainerBalancerTask.java:matchSourceWithTarget(706)) - ContainerBalancer is finding suitable target for source datanode f509b4a6-940c-45b8-add3-ed8d95a24721
2023-06-18 19:16:03,427 [main] INFO  balancer.ContainerBalancerTask (ContainerBalancerTask.java:matchSourceWithTarget(720)) - ContainerBalancer matched source datanode f509b4a6-940c-45b8-add3-ed8d95a24721 with target datanode 042c3060-4194-4fff-a0e3-dd2962f6489e for container move.
2023-06-18 19:16:03,427 [main] INFO  balancer.ContainerBalancerTask (ContainerBalancerTask.java:processMoveSelection(569)) - ContainerBalancer is trying to move container #71 with size 3221225472B from source datanode f509b4a6-940c-45b8-add3-ed8d95a24721 to target datanode 042c3060-4194-4fff-a0e3-dd2962f6489e
2023-06-18 19:16:03,427 [main] DEBUG balancer.ContainerBalancerTask (ContainerBalancerTask.java:lambda$moveContainer$3(834)) - Container move completed for container #71 from source f509b4a6-940c-45b8-add3-ed8d95a24721 to target 042c3060-4194-4fff-a0e3-dd2962f6489e
2023-06-18 19:16:03,431 [main] DEBUG balancer.ContainerBalancerTask (ContainerBalancerTask.java:matchSourceWithTarget(706)) - ContainerBalancer is finding suitable target for source datanode 2874efaf-db30-4ddc-ba92-ee768fd983bd
2023-06-18 19:16:03,432 [main] INFO  balancer.ContainerBalancerTask (ContainerBalancerTask.java:matchSourceWithTarget(720)) - ContainerBalancer matched source datanode 2874efaf-db30-4ddc-ba92-ee768fd983bd with target datanode 042c3060-4194-4fff-a0e3-dd2962f6489e for container move.
2023-06-18 19:16:03,432 [main] INFO  balancer.ContainerBalancerTask (ContainerBalancerTask.java:processMoveSelection(569)) - ContainerBalancer is trying to move container #29 with size 5368709120B from source datanode 2874efaf-db30-4ddc-ba92-ee768fd983bd to target datanode 042c3060-4194-4fff-a0e3-dd2962f6489e
2023-06-18 19:16:03,432 [main] DEBUG balancer.ContainerBalancerTask (ContainerBalancerTask.java:lambda$moveContainer$3(834)) - Container move completed for container #29 from source 2874efaf-db30-4ddc-ba92-ee768fd983bd to target 042c3060-4194-4fff-a0e3-dd2962f6489e
2023-06-18 19:16:03,436 [main] DEBUG balancer.ContainerBalancerTask (ContainerBalancerTask.java:matchSourceWithTarget(706)) - ContainerBalancer is finding suitable target for source datanode 8e7a2aff-e427-4617-aff4-dfbc41f799c7
2023-06-18 19:16:03,436 [main] INFO  balancer.ContainerBalancerTask (ContainerBalancerTask.java:matchSourceWithTarget(720)) - ContainerBalancer matched source datanode 8e7a2aff-e427-4617-aff4-dfbc41f799c7 with target datanode 918800c2-4b73-4b79-82f4-601ddade8855 for container move.
2023-06-18 19:16:03,436 [main] INFO  balancer.ContainerBalancerTask (ContainerBalancerTask.java:processMoveSelection(569)) - ContainerBalancer is trying to move container #84 with size 4294967296B from source datanode 8e7a2aff-e427-4617-aff4-dfbc41f799c7 to target datanode 918800c2-4b73-4b79-82f4-601ddade8855
2023-06-18 19:16:03,437 [main] DEBUG balancer.ContainerBalancerTask (ContainerBalancerTask.java:lambda$moveContainer$3(834)) - Container move completed for container #84 from source 8e7a2aff-e427-4617-aff4-dfbc41f799c7 to target 918800c2-4b73-4b79-82f4-601ddade8855
2023-06-18 19:16:03,440 [main] DEBUG balancer.ContainerBalancerTask (ContainerBalancerTask.java:matchSourceWithTarget(706)) - ContainerBalancer is finding suitable target for source datanode f509b4a6-940c-45b8-add3-ed8d95a24721
2023-06-18 19:16:03,440 [main] INFO  balancer.ContainerBalancerTask (ContainerBalancerTask.java:matchSourceWithTarget(720)) - ContainerBalancer matched source datanode f509b4a6-940c-45b8-add3-ed8d95a24721 with target datanode 042c3060-4194-4fff-a0e3-dd2962f6489e for container move.
2023-06-18 19:16:03,440 [main] INFO  balancer.ContainerBalancerTask (ContainerBalancerTask.java:processMoveSelection(569)) - ContainerBalancer is trying to move container #66 with size 3221225472B from source datanode f509b4a6-940c-45b8-add3-ed8d95a24721 to target datanode 042c3060-4194-4fff-a0e3-dd2962f6489e
2023-06-18 19:16:03,440 [main] DEBUG balancer.ContainerBalancerTask (ContainerBalancerTask.java:lambda$moveContainer$3(834)) - Container move completed for container #66 from source f509b4a6-940c-45b8-add3-ed8d95a24721 to target 042c3060-4194-4fff-a0e3-dd2962f6489e
2023-06-18 19:16:03,441 [main] WARN  balancer.ContainerBalancerTask (ContainerBalancerTask.java:reachedMaxSizeToMovePerIteration(731)) - Reached max size to move limit. 53687091200 bytes have already been scheduled for balancing and the limit is 53687091200 bytes.
2023-06-18 19:16:03,441 [main] INFO  balancer.ContainerBalancerTask (ContainerBalancerTask.java:checkIterationMoveResults(640)) - Iteration Summary. Number of Datanodes involved: 6. Size moved: 50 GB (53687091200 Bytes). Number of Container moves completed: 13.
2023-06-18 19:16:03,441 [main] INFO  balancer.ContainerBalancerTask (ContainerBalancerTask.java:balance(259)) - Result of this iteration of Container Balancer: ITERATION_COMPLETED
2023-06-18 19:16:03,441 [main] INFO  balancer.ContainerBalancerTask (ContainerBalancerTask.java:tryStopWithSaveConfiguration(308)) - Save Configuration for stopping. Reason: Completed all iterations.
]]></system-out>
  </testcase>
  <testcase name="balancerShouldExcludeECContainersWhenLegacyRmIsEnabled" classname="org.apache.hadoop.hdds.scm.container.balancer.TestContainerBalancerTask" time="0.099">
    <system-out><![CDATA[2023-06-18 19:16:03,488 [main] INFO  net.NodeSchemaLoader (NodeSchemaLoader.java:loadSchemaFromFile(129)) - Loading schema from [file:/home/runner/work/ozone/ozone/hadoop-hdds/common/target/classes/network-topology-default.xml]
2023-06-18 19:16:03,488 [main] INFO  net.NodeSchemaLoader (NodeSchemaLoader.java:loadSchema(176)) - Loading network topology layer schema file
2023-06-18 19:16:03,491 [main] INFO  net.NetworkTopologyImpl (NetworkTopologyImpl.java:add(112)) - Added a new node: /default-rack/5d97e312-2d93-4891-9d6f-76a97c70fa11
2023-06-18 19:16:03,491 [main] INFO  net.NetworkTopologyImpl (NetworkTopologyImpl.java:add(112)) - Added a new node: /default-rack/d4d518fd-d8b0-4fe4-b28d-3ff17e4b7c08
2023-06-18 19:16:03,491 [main] INFO  net.NetworkTopologyImpl (NetworkTopologyImpl.java:add(112)) - Added a new node: /default-rack/98bd8b5f-1b25-47da-8116-de75c7c82a62
2023-06-18 19:16:03,491 [main] INFO  net.NetworkTopologyImpl (NetworkTopologyImpl.java:add(112)) - Added a new node: /default-rack/aba6ecc0-1a62-4825-97b7-6a7eb333d15e
2023-06-18 19:16:03,491 [main] INFO  net.NetworkTopologyImpl (NetworkTopologyImpl.java:add(112)) - Added a new node: /default-rack/ac38bb26-3d0f-4cbd-af49-034e7fa8c055
2023-06-18 19:16:03,491 [main] INFO  net.NetworkTopologyImpl (NetworkTopologyImpl.java:add(112)) - Added a new node: /default-rack/7b377119-2ea5-4256-a0dd-cef6cc732243
2023-06-18 19:16:03,491 [main] INFO  net.NetworkTopologyImpl (NetworkTopologyImpl.java:add(112)) - Added a new node: /default-rack/f2b6c695-236c-4eed-8ae4-0a42443704bb
2023-06-18 19:16:03,491 [main] INFO  net.NetworkTopologyImpl (NetworkTopologyImpl.java:add(112)) - Added a new node: /default-rack/57ddb175-df78-48af-8d3d-5c25bbe3b71e
2023-06-18 19:16:03,492 [main] INFO  net.NetworkTopologyImpl (NetworkTopologyImpl.java:add(112)) - Added a new node: /default-rack/5aa80a95-bffe-4327-8825-138137ad8a47
2023-06-18 19:16:03,492 [main] INFO  net.NetworkTopologyImpl (NetworkTopologyImpl.java:add(112)) - Added a new node: /default-rack/39dfe386-b673-4c49-89d1-d2d4039e31f7
2023-06-18 19:16:03,492 [main] INFO  algorithms.ContainerPlacementPolicyFactory (ContainerPlacementPolicyFactory.java:getPolicyInternal(86)) - Create container placement policy of type org.apache.hadoop.hdds.scm.container.placement.algorithms.SCMContainerPlacementRackAware
2023-06-18 19:16:03,492 [main] INFO  algorithms.ContainerPlacementPolicyFactory (ContainerPlacementPolicyFactory.java:getPolicyInternal(86)) - Create container placement policy of type org.apache.hadoop.hdds.scm.container.placement.algorithms.SCMContainerPlacementRackScatter
2023-06-18 19:16:03,496 [main] DEBUG balancer.ContainerBalancerTask (ContainerBalancerTask.java:initializeIteration(374)) - Average utilization of the cluster is 0.36786326497459065
2023-06-18 19:16:03,496 [main] DEBUG balancer.ContainerBalancerTask (ContainerBalancerTask.java:initializeIteration(386)) - Lower limit for utilization is 0.2678632649745907 and Upper limit for utilization is 0.46786326497459063
2023-06-18 19:16:03,496 [main] DEBUG balancer.ContainerBalancerTask (ContainerBalancerTask.java:initializeIteration(398)) - Utilization for node 5d97e312-2d93-4891-9d6f-76a97c70fa11 with capacity 46528812373B, used 41875931136B, and remaining 4652881237B is 0.9000000000064476
2023-06-18 19:16:03,496 [main] DEBUG balancer.ContainerBalancerTask (ContainerBalancerTask.java:initializeIteration(398)) - Utilization for node 98bd8b5f-1b25-47da-8116-de75c7c82a62 with capacity 49660559360B, used 39728447488B, and remaining 9932111872B is 0.8
2023-06-18 19:16:03,497 [main] DEBUG balancer.ContainerBalancerTask (ContainerBalancerTask.java:initializeIteration(398)) - Utilization for node aba6ecc0-1a62-4825-97b7-6a7eb333d15e with capacity 67492343222B, used 47244640256B, and remaining 20247702966B is 0.7000000000088898
2023-06-18 19:16:03,497 [main] DEBUG balancer.ContainerBalancerTask (ContainerBalancerTask.java:initializeIteration(398)) - Utilization for node 5aa80a95-bffe-4327-8825-138137ad8a47 with capacity 69793218560B, used 41875931136B, and remaining 27917287424B is 0.6
2023-06-18 19:16:03,497 [main] DEBUG balancer.ContainerBalancerTask (ContainerBalancerTask.java:initializeIteration(398)) - Utilization for node 57ddb175-df78-48af-8d3d-5c25bbe3b71e with capacity 105226698752B, used 52613349376B, and remaining 52613349376B is 0.5
2023-06-18 19:16:03,497 [main] DEBUG balancer.ContainerBalancerTask (ContainerBalancerTask.java:initializeIteration(398)) - Utilization for node 39dfe386-b673-4c49-89d1-d2d4039e31f7 with capacity 171798691840B, used 68719476736B, and remaining 103079215104B is 0.4
2023-06-18 19:16:03,497 [main] DEBUG balancer.ContainerBalancerTask (ContainerBalancerTask.java:initializeIteration(398)) - Utilization for node f2b6c695-236c-4eed-8ae4-0a42443704bb with capacity 85899345920B, used 25769803776B, and remaining 60129542144B is 0.3
2023-06-18 19:16:03,497 [main] DEBUG balancer.ContainerBalancerTask (ContainerBalancerTask.java:initializeIteration(398)) - Utilization for node d4d518fd-d8b0-4fe4-b28d-3ff17e4b7c08 with capacity 187904819200B, used 37580963840B, and remaining 150323855360B is 0.2
2023-06-18 19:16:03,497 [main] DEBUG balancer.ContainerBalancerTask (ContainerBalancerTask.java:initializeIteration(398)) - Utilization for node 7b377119-2ea5-4256-a0dd-cef6cc732243 with capacity 204010946560B, used 20401094656B, and remaining 183609851904B is 0.1
2023-06-18 19:16:03,497 [main] DEBUG balancer.ContainerBalancerTask (ContainerBalancerTask.java:initializeIteration(398)) - Utilization for node ac38bb26-3d0f-4cbd-af49-034e7fa8c055 with capacity 33285996544B, used 0B, and remaining 33285996544B is 0.0
2023-06-18 19:16:03,497 [main] INFO  balancer.ContainerBalancerTask (ContainerBalancerTask.java:initializeIteration(447)) - Container Balancer has identified 5 Over-Utilized and 3 Under-Utilized Datanodes that need to be balanced.
2023-06-18 19:16:03,497 [main] DEBUG balancer.ContainerBalancerTask (ContainerBalancerTask.java:lambda$initializeIteration$1(453)) - Datanode localhost-14.184.18.150 5d97e312-2d93-4891-9d6f-76a97c70fa11 is Over-Utilized.
2023-06-18 19:16:03,497 [main] DEBUG balancer.ContainerBalancerTask (ContainerBalancerTask.java:lambda$initializeIteration$1(453)) - Datanode localhost-1.136.72.17 98bd8b5f-1b25-47da-8116-de75c7c82a62 is Over-Utilized.
2023-06-18 19:16:03,498 [main] DEBUG balancer.ContainerBalancerTask (ContainerBalancerTask.java:lambda$initializeIteration$1(453)) - Datanode localhost-131.49.240.87 aba6ecc0-1a62-4825-97b7-6a7eb333d15e is Over-Utilized.
2023-06-18 19:16:03,498 [main] DEBUG balancer.ContainerBalancerTask (ContainerBalancerTask.java:lambda$initializeIteration$1(453)) - Datanode localhost-187.187.134.51 5aa80a95-bffe-4327-8825-138137ad8a47 is Over-Utilized.
2023-06-18 19:16:03,498 [main] DEBUG balancer.ContainerBalancerTask (ContainerBalancerTask.java:lambda$initializeIteration$1(453)) - Datanode localhost-93.226.200.9 57ddb175-df78-48af-8d3d-5c25bbe3b71e is Over-Utilized.
2023-06-18 19:16:03,498 [main] DEBUG balancer.ContainerBalancerTask (ContainerBalancerTask.java:lambda$initializeIteration$2(459)) - Datanode localhost-255.113.154.5 ac38bb26-3d0f-4cbd-af49-034e7fa8c055 is Under-Utilized.
2023-06-18 19:16:03,498 [main] DEBUG balancer.ContainerBalancerTask (ContainerBalancerTask.java:lambda$initializeIteration$2(459)) - Datanode localhost-203.91.164.114 7b377119-2ea5-4256-a0dd-cef6cc732243 is Under-Utilized.
2023-06-18 19:16:03,498 [main] DEBUG balancer.ContainerBalancerTask (ContainerBalancerTask.java:lambda$initializeIteration$2(459)) - Datanode localhost-194.182.3.161 d4d518fd-d8b0-4fe4-b28d-3ff17e4b7c08 is Under-Utilized.
2023-06-18 19:16:03,501 [main] DEBUG balancer.ContainerBalancerTask (ContainerBalancerTask.java:matchSourceWithTarget(706)) - ContainerBalancer is finding suitable target for source datanode 5d97e312-2d93-4891-9d6f-76a97c70fa11
2023-06-18 19:16:03,501 [main] INFO  balancer.ContainerBalancerTask (ContainerBalancerTask.java:matchSourceWithTarget(720)) - ContainerBalancer matched source datanode 5d97e312-2d93-4891-9d6f-76a97c70fa11 with target datanode ac38bb26-3d0f-4cbd-af49-034e7fa8c055 for container move.
2023-06-18 19:16:03,501 [main] INFO  balancer.ContainerBalancerTask (ContainerBalancerTask.java:processMoveSelection(569)) - ContainerBalancer is trying to move container #40 with size 5368709120B from source datanode 5d97e312-2d93-4891-9d6f-76a97c70fa11 to target datanode ac38bb26-3d0f-4cbd-af49-034e7fa8c055
2023-06-18 19:16:03,501 [main] DEBUG balancer.ContainerBalancerTask (ContainerBalancerTask.java:lambda$moveContainer$3(834)) - Container move completed for container #40 from source 5d97e312-2d93-4891-9d6f-76a97c70fa11 to target ac38bb26-3d0f-4cbd-af49-034e7fa8c055
2023-06-18 19:16:03,503 [main] DEBUG balancer.ContainerBalancerTask (ContainerBalancerTask.java:matchSourceWithTarget(706)) - ContainerBalancer is finding suitable target for source datanode 98bd8b5f-1b25-47da-8116-de75c7c82a62
2023-06-18 19:16:03,503 [main] INFO  balancer.ContainerBalancerTask (ContainerBalancerTask.java:matchSourceWithTarget(720)) - ContainerBalancer matched source datanode 98bd8b5f-1b25-47da-8116-de75c7c82a62 with target datanode 7b377119-2ea5-4256-a0dd-cef6cc732243 for container move.
2023-06-18 19:16:03,503 [main] INFO  balancer.ContainerBalancerTask (ContainerBalancerTask.java:processMoveSelection(569)) - ContainerBalancer is trying to move container #68 with size 5368709120B from source datanode 98bd8b5f-1b25-47da-8116-de75c7c82a62 to target datanode 7b377119-2ea5-4256-a0dd-cef6cc732243
2023-06-18 19:16:03,504 [main] DEBUG balancer.ContainerBalancerTask (ContainerBalancerTask.java:lambda$moveContainer$3(834)) - Container move completed for container #68 from source 98bd8b5f-1b25-47da-8116-de75c7c82a62 to target 7b377119-2ea5-4256-a0dd-cef6cc732243
2023-06-18 19:16:03,506 [main] DEBUG balancer.ContainerBalancerTask (ContainerBalancerTask.java:matchSourceWithTarget(706)) - ContainerBalancer is finding suitable target for source datanode 5d97e312-2d93-4891-9d6f-76a97c70fa11
2023-06-18 19:16:03,506 [main] INFO  balancer.ContainerBalancerTask (ContainerBalancerTask.java:matchSourceWithTarget(720)) - ContainerBalancer matched source datanode 5d97e312-2d93-4891-9d6f-76a97c70fa11 with target datanode 7b377119-2ea5-4256-a0dd-cef6cc732243 for container move.
2023-06-18 19:16:03,506 [main] INFO  balancer.ContainerBalancerTask (ContainerBalancerTask.java:processMoveSelection(569)) - ContainerBalancer is trying to move container #84 with size 4294967296B from source datanode 5d97e312-2d93-4891-9d6f-76a97c70fa11 to target datanode 7b377119-2ea5-4256-a0dd-cef6cc732243
2023-06-18 19:16:03,506 [main] DEBUG balancer.ContainerBalancerTask (ContainerBalancerTask.java:lambda$moveContainer$3(834)) - Container move completed for container #84 from source 5d97e312-2d93-4891-9d6f-76a97c70fa11 to target 7b377119-2ea5-4256-a0dd-cef6cc732243
2023-06-18 19:16:03,509 [main] DEBUG balancer.ContainerBalancerTask (ContainerBalancerTask.java:matchSourceWithTarget(706)) - ContainerBalancer is finding suitable target for source datanode aba6ecc0-1a62-4825-97b7-6a7eb333d15e
2023-06-18 19:16:03,510 [main] INFO  balancer.ContainerBalancerTask (ContainerBalancerTask.java:matchSourceWithTarget(720)) - ContainerBalancer matched source datanode aba6ecc0-1a62-4825-97b7-6a7eb333d15e with target datanode 7b377119-2ea5-4256-a0dd-cef6cc732243 for container move.
2023-06-18 19:16:03,510 [main] INFO  balancer.ContainerBalancerTask (ContainerBalancerTask.java:processMoveSelection(569)) - ContainerBalancer is trying to move container #86 with size 1073741824B from source datanode aba6ecc0-1a62-4825-97b7-6a7eb333d15e to target datanode 7b377119-2ea5-4256-a0dd-cef6cc732243
2023-06-18 19:16:03,510 [main] DEBUG balancer.ContainerBalancerTask (ContainerBalancerTask.java:lambda$moveContainer$3(834)) - Container move completed for container #86 from source aba6ecc0-1a62-4825-97b7-6a7eb333d15e to target 7b377119-2ea5-4256-a0dd-cef6cc732243
2023-06-18 19:16:03,513 [main] DEBUG balancer.ContainerBalancerTask (ContainerBalancerTask.java:matchSourceWithTarget(706)) - ContainerBalancer is finding suitable target for source datanode 5d97e312-2d93-4891-9d6f-76a97c70fa11
2023-06-18 19:16:03,513 [main] INFO  balancer.ContainerBalancerTask (ContainerBalancerTask.java:matchSourceWithTarget(720)) - ContainerBalancer matched source datanode 5d97e312-2d93-4891-9d6f-76a97c70fa11 with target datanode ac38bb26-3d0f-4cbd-af49-034e7fa8c055 for container move.
2023-06-18 19:16:03,513 [main] INFO  balancer.ContainerBalancerTask (ContainerBalancerTask.java:processMoveSelection(569)) - ContainerBalancer is trying to move container #88 with size 3221225472B from source datanode 5d97e312-2d93-4891-9d6f-76a97c70fa11 to target datanode ac38bb26-3d0f-4cbd-af49-034e7fa8c055
2023-06-18 19:16:03,513 [main] DEBUG balancer.ContainerBalancerTask (ContainerBalancerTask.java:lambda$moveContainer$3(834)) - Container move completed for container #88 from source 5d97e312-2d93-4891-9d6f-76a97c70fa11 to target ac38bb26-3d0f-4cbd-af49-034e7fa8c055
2023-06-18 19:16:03,516 [main] DEBUG balancer.ContainerBalancerTask (ContainerBalancerTask.java:matchSourceWithTarget(706)) - ContainerBalancer is finding suitable target for source datanode 98bd8b5f-1b25-47da-8116-de75c7c82a62
2023-06-18 19:16:03,516 [main] INFO  balancer.ContainerBalancerTask (ContainerBalancerTask.java:matchSourceWithTarget(720)) - ContainerBalancer matched source datanode 98bd8b5f-1b25-47da-8116-de75c7c82a62 with target datanode d4d518fd-d8b0-4fe4-b28d-3ff17e4b7c08 for container move.
2023-06-18 19:16:03,516 [main] INFO  balancer.ContainerBalancerTask (ContainerBalancerTask.java:processMoveSelection(569)) - ContainerBalancer is trying to move container #70 with size 2147483648B from source datanode 98bd8b5f-1b25-47da-8116-de75c7c82a62 to target datanode d4d518fd-d8b0-4fe4-b28d-3ff17e4b7c08
2023-06-18 19:16:03,517 [main] DEBUG balancer.ContainerBalancerTask (ContainerBalancerTask.java:lambda$moveContainer$3(834)) - Container move completed for container #70 from source 98bd8b5f-1b25-47da-8116-de75c7c82a62 to target d4d518fd-d8b0-4fe4-b28d-3ff17e4b7c08
2023-06-18 19:16:03,520 [main] DEBUG balancer.ContainerBalancerTask (ContainerBalancerTask.java:matchSourceWithTarget(706)) - ContainerBalancer is finding suitable target for source datanode aba6ecc0-1a62-4825-97b7-6a7eb333d15e
2023-06-18 19:16:03,521 [main] INFO  balancer.ContainerBalancerTask (ContainerBalancerTask.java:matchSourceWithTarget(720)) - ContainerBalancer matched source datanode aba6ecc0-1a62-4825-97b7-6a7eb333d15e with target datanode d4d518fd-d8b0-4fe4-b28d-3ff17e4b7c08 for container move.
2023-06-18 19:16:03,521 [main] INFO  balancer.ContainerBalancerTask (ContainerBalancerTask.java:processMoveSelection(569)) - ContainerBalancer is trying to move container #52 with size 4294967296B from source datanode aba6ecc0-1a62-4825-97b7-6a7eb333d15e to target datanode d4d518fd-d8b0-4fe4-b28d-3ff17e4b7c08
2023-06-18 19:16:03,521 [main] DEBUG balancer.ContainerBalancerTask (ContainerBalancerTask.java:lambda$moveContainer$3(834)) - Container move completed for container #52 from source aba6ecc0-1a62-4825-97b7-6a7eb333d15e to target d4d518fd-d8b0-4fe4-b28d-3ff17e4b7c08
2023-06-18 19:16:03,524 [main] DEBUG balancer.ContainerBalancerTask (ContainerBalancerTask.java:matchSourceWithTarget(706)) - ContainerBalancer is finding suitable target for source datanode 98bd8b5f-1b25-47da-8116-de75c7c82a62
2023-06-18 19:16:03,524 [main] INFO  balancer.ContainerBalancerTask (ContainerBalancerTask.java:matchSourceWithTarget(720)) - ContainerBalancer matched source datanode 98bd8b5f-1b25-47da-8116-de75c7c82a62 with target datanode d4d518fd-d8b0-4fe4-b28d-3ff17e4b7c08 for container move.
2023-06-18 19:16:03,524 [main] INFO  balancer.ContainerBalancerTask (ContainerBalancerTask.java:processMoveSelection(569)) - ContainerBalancer is trying to move container #64 with size 1073741824B from source datanode 98bd8b5f-1b25-47da-8116-de75c7c82a62 to target datanode d4d518fd-d8b0-4fe4-b28d-3ff17e4b7c08
2023-06-18 19:16:03,524 [main] DEBUG balancer.ContainerBalancerTask (ContainerBalancerTask.java:lambda$moveContainer$3(834)) - Container move completed for container #64 from source 98bd8b5f-1b25-47da-8116-de75c7c82a62 to target d4d518fd-d8b0-4fe4-b28d-3ff17e4b7c08
2023-06-18 19:16:03,528 [main] DEBUG balancer.ContainerBalancerTask (ContainerBalancerTask.java:matchSourceWithTarget(706)) - ContainerBalancer is finding suitable target for source datanode 98bd8b5f-1b25-47da-8116-de75c7c82a62
2023-06-18 19:16:03,528 [main] INFO  balancer.FindTargetGreedyByUsageInfo (AbstractFindTargetGreedy.java:findTargetForContainerMove(133)) - Container Balancer could not find a target for source datanode 98bd8b5f-1b25-47da-8116-de75c7c82a62
2023-06-18 19:16:03,528 [main] DEBUG balancer.ContainerBalancerTask (ContainerBalancerTask.java:matchSourceWithTarget(715)) - ContainerBalancer could not find a suitable target for source node 98bd8b5f-1b25-47da-8116-de75c7c82a62.
2023-06-18 19:16:03,530 [main] DEBUG balancer.ContainerBalancerTask (ContainerBalancerTask.java:matchSourceWithTarget(706)) - ContainerBalancer is finding suitable target for source datanode 5d97e312-2d93-4891-9d6f-76a97c70fa11
2023-06-18 19:16:03,531 [main] INFO  balancer.ContainerBalancerTask (ContainerBalancerTask.java:matchSourceWithTarget(720)) - ContainerBalancer matched source datanode 5d97e312-2d93-4891-9d6f-76a97c70fa11 with target datanode d4d518fd-d8b0-4fe4-b28d-3ff17e4b7c08 for container move.
2023-06-18 19:16:03,531 [main] INFO  balancer.ContainerBalancerTask (ContainerBalancerTask.java:processMoveSelection(569)) - ContainerBalancer is trying to move container #82 with size 2147483648B from source datanode 5d97e312-2d93-4891-9d6f-76a97c70fa11 to target datanode d4d518fd-d8b0-4fe4-b28d-3ff17e4b7c08
2023-06-18 19:16:03,531 [main] DEBUG balancer.ContainerBalancerTask (ContainerBalancerTask.java:lambda$moveContainer$3(834)) - Container move completed for container #82 from source 5d97e312-2d93-4891-9d6f-76a97c70fa11 to target d4d518fd-d8b0-4fe4-b28d-3ff17e4b7c08
2023-06-18 19:16:03,535 [main] DEBUG balancer.ContainerBalancerTask (ContainerBalancerTask.java:matchSourceWithTarget(706)) - ContainerBalancer is finding suitable target for source datanode aba6ecc0-1a62-4825-97b7-6a7eb333d15e
2023-06-18 19:16:03,535 [main] INFO  balancer.ContainerBalancerTask (ContainerBalancerTask.java:matchSourceWithTarget(720)) - ContainerBalancer matched source datanode aba6ecc0-1a62-4825-97b7-6a7eb333d15e with target datanode d4d518fd-d8b0-4fe4-b28d-3ff17e4b7c08 for container move.
2023-06-18 19:16:03,535 [main] INFO  balancer.ContainerBalancerTask (ContainerBalancerTask.java:processMoveSelection(569)) - ContainerBalancer is trying to move container #54 with size 1073741824B from source datanode aba6ecc0-1a62-4825-97b7-6a7eb333d15e to target datanode d4d518fd-d8b0-4fe4-b28d-3ff17e4b7c08
2023-06-18 19:16:03,535 [main] DEBUG balancer.ContainerBalancerTask (ContainerBalancerTask.java:lambda$moveContainer$3(834)) - Container move completed for container #54 from source aba6ecc0-1a62-4825-97b7-6a7eb333d15e to target d4d518fd-d8b0-4fe4-b28d-3ff17e4b7c08
2023-06-18 19:16:03,539 [main] DEBUG balancer.ContainerBalancerTask (ContainerBalancerTask.java:matchSourceWithTarget(706)) - ContainerBalancer is finding suitable target for source datanode aba6ecc0-1a62-4825-97b7-6a7eb333d15e
2023-06-18 19:16:03,539 [main] INFO  balancer.ContainerBalancerTask (ContainerBalancerTask.java:matchSourceWithTarget(720)) - ContainerBalancer matched source datanode aba6ecc0-1a62-4825-97b7-6a7eb333d15e with target datanode ac38bb26-3d0f-4cbd-af49-034e7fa8c055 for container move.
2023-06-18 19:16:03,539 [main] INFO  balancer.ContainerBalancerTask (ContainerBalancerTask.java:processMoveSelection(569)) - ContainerBalancer is trying to move container #50 with size 2147483648B from source datanode aba6ecc0-1a62-4825-97b7-6a7eb333d15e to target datanode ac38bb26-3d0f-4cbd-af49-034e7fa8c055
2023-06-18 19:16:03,539 [main] DEBUG balancer.ContainerBalancerTask (ContainerBalancerTask.java:lambda$moveContainer$3(834)) - Container move completed for container #50 from source aba6ecc0-1a62-4825-97b7-6a7eb333d15e to target ac38bb26-3d0f-4cbd-af49-034e7fa8c055
2023-06-18 19:16:03,544 [main] DEBUG balancer.ContainerBalancerTask (ContainerBalancerTask.java:matchSourceWithTarget(706)) - ContainerBalancer is finding suitable target for source datanode 5aa80a95-bffe-4327-8825-138137ad8a47
2023-06-18 19:16:03,544 [main] INFO  balancer.FindTargetGreedyByUsageInfo (AbstractFindTargetGreedy.java:findTargetForContainerMove(133)) - Container Balancer could not find a target for source datanode 5aa80a95-bffe-4327-8825-138137ad8a47
2023-06-18 19:16:03,544 [main] DEBUG balancer.ContainerBalancerTask (ContainerBalancerTask.java:matchSourceWithTarget(715)) - ContainerBalancer could not find a suitable target for source node 5aa80a95-bffe-4327-8825-138137ad8a47.
2023-06-18 19:16:03,547 [main] DEBUG balancer.ContainerBalancerTask (ContainerBalancerTask.java:matchSourceWithTarget(706)) - ContainerBalancer is finding suitable target for source datanode 5d97e312-2d93-4891-9d6f-76a97c70fa11
2023-06-18 19:16:03,547 [main] INFO  balancer.FindTargetGreedyByUsageInfo (AbstractFindTargetGreedy.java:findTargetForContainerMove(133)) - Container Balancer could not find a target for source datanode 5d97e312-2d93-4891-9d6f-76a97c70fa11
2023-06-18 19:16:03,547 [main] DEBUG balancer.ContainerBalancerTask (ContainerBalancerTask.java:matchSourceWithTarget(715)) - ContainerBalancer could not find a suitable target for source node 5d97e312-2d93-4891-9d6f-76a97c70fa11.
2023-06-18 19:16:03,551 [main] DEBUG balancer.ContainerBalancerTask (ContainerBalancerTask.java:matchSourceWithTarget(706)) - ContainerBalancer is finding suitable target for source datanode aba6ecc0-1a62-4825-97b7-6a7eb333d15e
2023-06-18 19:16:03,551 [main] INFO  balancer.FindTargetGreedyByUsageInfo (AbstractFindTargetGreedy.java:findTargetForContainerMove(133)) - Container Balancer could not find a target for source datanode aba6ecc0-1a62-4825-97b7-6a7eb333d15e
2023-06-18 19:16:03,551 [main] DEBUG balancer.ContainerBalancerTask (ContainerBalancerTask.java:matchSourceWithTarget(715)) - ContainerBalancer could not find a suitable target for source node aba6ecc0-1a62-4825-97b7-6a7eb333d15e.
2023-06-18 19:16:03,555 [main] DEBUG balancer.ContainerBalancerTask (ContainerBalancerTask.java:matchSourceWithTarget(706)) - ContainerBalancer is finding suitable target for source datanode 57ddb175-df78-48af-8d3d-5c25bbe3b71e
2023-06-18 19:16:03,555 [main] INFO  balancer.FindTargetGreedyByUsageInfo (AbstractFindTargetGreedy.java:findTargetForContainerMove(133)) - Container Balancer could not find a target for source datanode 57ddb175-df78-48af-8d3d-5c25bbe3b71e
2023-06-18 19:16:03,556 [main] DEBUG balancer.ContainerBalancerTask (ContainerBalancerTask.java:matchSourceWithTarget(715)) - ContainerBalancer could not find a suitable target for source node 57ddb175-df78-48af-8d3d-5c25bbe3b71e.
2023-06-18 19:16:03,556 [main] INFO  balancer.FindSourceGreedy (FindSourceGreedy.java:getNextCandidateSourceDataNode(126)) - no more candidate source data node
2023-06-18 19:16:03,556 [main] INFO  balancer.ContainerBalancerTask (ContainerBalancerTask.java:checkIterationMoveResults(640)) - Iteration Summary. Number of Datanodes involved: 6. Size moved: 30 GB (32212254720 Bytes). Number of Container moves completed: 11.
2023-06-18 19:16:03,556 [main] INFO  balancer.ContainerBalancerTask (ContainerBalancerTask.java:balance(259)) - Result of this iteration of Container Balancer: ITERATION_COMPLETED
2023-06-18 19:16:03,556 [main] INFO  balancer.ContainerBalancerTask (ContainerBalancerTask.java:tryStopWithSaveConfiguration(308)) - Save Configuration for stopping. Reason: Completed all iterations.
]]></system-out>
  </testcase>
  <testcase name="testMetrics" classname="org.apache.hadoop.hdds.scm.container.balancer.TestContainerBalancerTask" time="0.05">
    <system-out><![CDATA[2023-06-18 19:16:03,592 [main] INFO  net.NodeSchemaLoader (NodeSchemaLoader.java:loadSchemaFromFile(129)) - Loading schema from [file:/home/runner/work/ozone/ozone/hadoop-hdds/common/target/classes/network-topology-default.xml]
2023-06-18 19:16:03,593 [main] INFO  net.NodeSchemaLoader (NodeSchemaLoader.java:loadSchema(176)) - Loading network topology layer schema file
2023-06-18 19:16:03,594 [main] INFO  net.NetworkTopologyImpl (NetworkTopologyImpl.java:add(112)) - Added a new node: /default-rack/c000cf15-64a6-429e-8482-294124a780a9
2023-06-18 19:16:03,594 [main] INFO  net.NetworkTopologyImpl (NetworkTopologyImpl.java:add(112)) - Added a new node: /default-rack/783f0b96-de06-4e29-95f3-d1da8f13ecae
2023-06-18 19:16:03,595 [main] INFO  net.NetworkTopologyImpl (NetworkTopologyImpl.java:add(112)) - Added a new node: /default-rack/c6bc103a-799c-4c96-aa2e-49c9b76e7227
2023-06-18 19:16:03,595 [main] INFO  net.NetworkTopologyImpl (NetworkTopologyImpl.java:add(112)) - Added a new node: /default-rack/f541bf74-ce23-43fe-8e77-531a4074b933
2023-06-18 19:16:03,595 [main] INFO  net.NetworkTopologyImpl (NetworkTopologyImpl.java:add(112)) - Added a new node: /default-rack/33eea163-27f9-4156-85f9-a9c72d22df48
2023-06-18 19:16:03,595 [main] INFO  net.NetworkTopologyImpl (NetworkTopologyImpl.java:add(112)) - Added a new node: /default-rack/62a8a43a-8a67-4870-8177-afe2d91a8373
2023-06-18 19:16:03,595 [main] INFO  net.NetworkTopologyImpl (NetworkTopologyImpl.java:add(112)) - Added a new node: /default-rack/2b73b39f-7283-454d-baca-02783c4222f9
2023-06-18 19:16:03,595 [main] INFO  net.NetworkTopologyImpl (NetworkTopologyImpl.java:add(112)) - Added a new node: /default-rack/536aa78f-39e5-48ef-a9d3-0316cc2c71aa
2023-06-18 19:16:03,595 [main] INFO  net.NetworkTopologyImpl (NetworkTopologyImpl.java:add(112)) - Added a new node: /default-rack/ca112f05-9b93-4a8e-a7a6-74eec753c66e
2023-06-18 19:16:03,595 [main] INFO  net.NetworkTopologyImpl (NetworkTopologyImpl.java:add(112)) - Added a new node: /default-rack/d26cb27a-e58d-448d-a433-68ac01f1a907
2023-06-18 19:16:03,595 [main] INFO  algorithms.ContainerPlacementPolicyFactory (ContainerPlacementPolicyFactory.java:getPolicyInternal(86)) - Create container placement policy of type org.apache.hadoop.hdds.scm.container.placement.algorithms.SCMContainerPlacementRackAware
2023-06-18 19:16:03,596 [main] INFO  algorithms.ContainerPlacementPolicyFactory (ContainerPlacementPolicyFactory.java:getPolicyInternal(86)) - Create container placement policy of type org.apache.hadoop.hdds.scm.container.placement.algorithms.SCMContainerPlacementRackScatter
2023-06-18 19:16:03,599 [main] DEBUG balancer.ContainerBalancerTask (ContainerBalancerTask.java:initializeIteration(374)) - Average utilization of the cluster is 0.3671585664636442
2023-06-18 19:16:03,599 [main] DEBUG balancer.ContainerBalancerTask (ContainerBalancerTask.java:initializeIteration(386)) - Lower limit for utilization is 0.2671585664636442 and Upper limit for utilization is 0.4671585664636442
2023-06-18 19:16:03,599 [main] DEBUG balancer.ContainerBalancerTask (ContainerBalancerTask.java:initializeIteration(398)) - Utilization for node ca112f05-9b93-4a8e-a7a6-74eec753c66e with capacity 66810602382B, used 60129542144B, and remaining 6681060238B is 0.9000000000029935
2023-06-18 19:16:03,599 [main] DEBUG balancer.ContainerBalancerTask (ContainerBalancerTask.java:initializeIteration(398)) - Utilization for node 33eea163-27f9-4156-85f9-a9c72d22df48 with capacity 64424509440B, used 51539607552B, and remaining 12884901888B is 0.8
2023-06-18 19:16:03,599 [main] DEBUG balancer.ContainerBalancerTask (ContainerBalancerTask.java:initializeIteration(398)) - Utilization for node 536aa78f-39e5-48ef-a9d3-0316cc2c71aa with capacity 64424509440B, used 45097156608B, and remaining 19327352832B is 0.7
2023-06-18 19:16:03,599 [main] DEBUG balancer.ContainerBalancerTask (ContainerBalancerTask.java:initializeIteration(398)) - Utilization for node c000cf15-64a6-429e-8482-294124a780a9 with capacity 112742891520B, used 67645734912B, and remaining 45097156608B is 0.6
2023-06-18 19:16:03,599 [main] DEBUG balancer.ContainerBalancerTask (ContainerBalancerTask.java:initializeIteration(398)) - Utilization for node f541bf74-ce23-43fe-8e77-531a4074b933 with capacity 94489280512B, used 47244640256B, and remaining 47244640256B is 0.5
2023-06-18 19:16:03,599 [main] DEBUG balancer.ContainerBalancerTask (ContainerBalancerTask.java:initializeIteration(398)) - Utilization for node d26cb27a-e58d-448d-a433-68ac01f1a907 with capacity 67108864000B, used 26843545600B, and remaining 40265318400B is 0.4
2023-06-18 19:16:03,599 [main] DEBUG balancer.ContainerBalancerTask (ContainerBalancerTask.java:initializeIteration(398)) - Utilization for node 62a8a43a-8a67-4870-8177-afe2d91a8373 with capacity 100215903573B, used 30064771072B, and remaining 70151132501B is 0.30000000000099786
2023-06-18 19:16:03,600 [main] DEBUG balancer.ContainerBalancerTask (ContainerBalancerTask.java:initializeIteration(398)) - Utilization for node c6bc103a-799c-4c96-aa2e-49c9b76e7227 with capacity 112742891520B, used 22548578304B, and remaining 90194313216B is 0.2
2023-06-18 19:16:03,600 [main] DEBUG balancer.ContainerBalancerTask (ContainerBalancerTask.java:initializeIteration(398)) - Utilization for node 783f0b96-de06-4e29-95f3-d1da8f13ecae with capacity 332859965440B, used 33285996544B, and remaining 299573968896B is 0.1
2023-06-18 19:16:03,600 [main] DEBUG balancer.ContainerBalancerTask (ContainerBalancerTask.java:initializeIteration(398)) - Utilization for node 2b73b39f-7283-454d-baca-02783c4222f9 with capacity 31138512896B, used 0B, and remaining 31138512896B is 0.0
2023-06-18 19:16:03,600 [main] INFO  balancer.ContainerBalancerTask (ContainerBalancerTask.java:initializeIteration(447)) - Container Balancer has identified 5 Over-Utilized and 3 Under-Utilized Datanodes that need to be balanced.
2023-06-18 19:16:03,600 [main] DEBUG balancer.ContainerBalancerTask (ContainerBalancerTask.java:lambda$initializeIteration$1(453)) - Datanode localhost-167.229.37.146 ca112f05-9b93-4a8e-a7a6-74eec753c66e is Over-Utilized.
2023-06-18 19:16:03,600 [main] DEBUG balancer.ContainerBalancerTask (ContainerBalancerTask.java:lambda$initializeIteration$1(453)) - Datanode localhost-61.154.198.6 33eea163-27f9-4156-85f9-a9c72d22df48 is Over-Utilized.
2023-06-18 19:16:03,600 [main] DEBUG balancer.ContainerBalancerTask (ContainerBalancerTask.java:lambda$initializeIteration$1(453)) - Datanode localhost-63.171.74.248 536aa78f-39e5-48ef-a9d3-0316cc2c71aa is Over-Utilized.
2023-06-18 19:16:03,601 [main] DEBUG balancer.ContainerBalancerTask (ContainerBalancerTask.java:lambda$initializeIteration$1(453)) - Datanode localhost-159.217.8.66 c000cf15-64a6-429e-8482-294124a780a9 is Over-Utilized.
2023-06-18 19:16:03,601 [main] DEBUG balancer.ContainerBalancerTask (ContainerBalancerTask.java:lambda$initializeIteration$1(453)) - Datanode localhost-54.136.183.55 f541bf74-ce23-43fe-8e77-531a4074b933 is Over-Utilized.
2023-06-18 19:16:03,601 [main] DEBUG balancer.ContainerBalancerTask (ContainerBalancerTask.java:lambda$initializeIteration$2(459)) - Datanode localhost-110.29.74.252 2b73b39f-7283-454d-baca-02783c4222f9 is Under-Utilized.
2023-06-18 19:16:03,601 [main] DEBUG balancer.ContainerBalancerTask (ContainerBalancerTask.java:lambda$initializeIteration$2(459)) - Datanode localhost-226.42.64.58 783f0b96-de06-4e29-95f3-d1da8f13ecae is Under-Utilized.
2023-06-18 19:16:03,601 [main] DEBUG balancer.ContainerBalancerTask (ContainerBalancerTask.java:lambda$initializeIteration$2(459)) - Datanode localhost-194.117.90.35 c6bc103a-799c-4c96-aa2e-49c9b76e7227 is Under-Utilized.
2023-06-18 19:16:03,604 [main] DEBUG balancer.ContainerBalancerTask (ContainerBalancerTask.java:matchSourceWithTarget(706)) - ContainerBalancer is finding suitable target for source datanode ca112f05-9b93-4a8e-a7a6-74eec753c66e
2023-06-18 19:16:03,604 [main] INFO  balancer.ContainerBalancerTask (ContainerBalancerTask.java:matchSourceWithTarget(720)) - ContainerBalancer matched source datanode ca112f05-9b93-4a8e-a7a6-74eec753c66e with target datanode 2b73b39f-7283-454d-baca-02783c4222f9 for container move.
2023-06-18 19:16:03,604 [main] INFO  balancer.ContainerBalancerTask (ContainerBalancerTask.java:processMoveSelection(569)) - ContainerBalancer is trying to move container #85 with size 5368709120B from source datanode ca112f05-9b93-4a8e-a7a6-74eec753c66e to target datanode 2b73b39f-7283-454d-baca-02783c4222f9
2023-06-18 19:16:03,605 [main] DEBUG balancer.ContainerBalancerTask (ContainerBalancerTask.java:lambda$moveContainer$3(834)) - Container move completed for container #85 from source ca112f05-9b93-4a8e-a7a6-74eec753c66e to target 2b73b39f-7283-454d-baca-02783c4222f9
2023-06-18 19:16:03,608 [main] DEBUG balancer.ContainerBalancerTask (ContainerBalancerTask.java:matchSourceWithTarget(706)) - ContainerBalancer is finding suitable target for source datanode ca112f05-9b93-4a8e-a7a6-74eec753c66e
2023-06-18 19:16:03,608 [main] INFO  balancer.ContainerBalancerTask (ContainerBalancerTask.java:matchSourceWithTarget(720)) - ContainerBalancer matched source datanode ca112f05-9b93-4a8e-a7a6-74eec753c66e with target datanode 783f0b96-de06-4e29-95f3-d1da8f13ecae for container move.
2023-06-18 19:16:03,608 [main] INFO  balancer.ContainerBalancerTask (ContainerBalancerTask.java:processMoveSelection(569)) - ContainerBalancer is trying to move container #86 with size 1073741824B from source datanode ca112f05-9b93-4a8e-a7a6-74eec753c66e to target datanode 783f0b96-de06-4e29-95f3-d1da8f13ecae
2023-06-18 19:16:03,609 [main] DEBUG balancer.ContainerBalancerTask (ContainerBalancerTask.java:lambda$moveContainer$3(834)) - Container move completed for container #86 from source ca112f05-9b93-4a8e-a7a6-74eec753c66e to target 783f0b96-de06-4e29-95f3-d1da8f13ecae
2023-06-18 19:16:03,609 [main] WARN  balancer.ContainerBalancerTask (ContainerBalancerTask.java:reachedMaxSizeToMovePerIteration(731)) - Reached max size to move limit. 6442450944 bytes have already been scheduled for balancing and the limit is 6442450944 bytes.
2023-06-18 19:16:03,609 [main] INFO  balancer.ContainerBalancerTask (ContainerBalancerTask.java:checkIterationMoveResults(640)) - Iteration Summary. Number of Datanodes involved: 3. Size moved: 6 GB (6442450944 Bytes). Number of Container moves completed: 2.
2023-06-18 19:16:03,609 [main] INFO  balancer.ContainerBalancerTask (ContainerBalancerTask.java:balance(259)) - Result of this iteration of Container Balancer: ITERATION_COMPLETED
2023-06-18 19:16:03,609 [main] INFO  balancer.ContainerBalancerTask (ContainerBalancerTask.java:tryStopWithSaveConfiguration(308)) - Save Configuration for stopping. Reason: Completed all iterations.
]]></system-out>
  </testcase>
  <testcase name="balancerShouldNotSelectConfiguredExcludeContainers" classname="org.apache.hadoop.hdds.scm.container.balancer.TestContainerBalancerTask" time="0.099">
    <system-out><![CDATA[2023-06-18 19:16:03,641 [main] INFO  net.NodeSchemaLoader (NodeSchemaLoader.java:loadSchemaFromFile(129)) - Loading schema from [file:/home/runner/work/ozone/ozone/hadoop-hdds/common/target/classes/network-topology-default.xml]
2023-06-18 19:16:03,641 [main] INFO  net.NodeSchemaLoader (NodeSchemaLoader.java:loadSchema(176)) - Loading network topology layer schema file
2023-06-18 19:16:03,646 [main] INFO  net.NetworkTopologyImpl (NetworkTopologyImpl.java:add(112)) - Added a new node: /default-rack/a6669262-fd33-4241-ac42-08c9cc7c10b1
2023-06-18 19:16:03,646 [main] INFO  net.NetworkTopologyImpl (NetworkTopologyImpl.java:add(112)) - Added a new node: /default-rack/acba945e-ddac-46e3-9a33-25d932d71236
2023-06-18 19:16:03,646 [main] INFO  net.NetworkTopologyImpl (NetworkTopologyImpl.java:add(112)) - Added a new node: /default-rack/cb7d33ad-33c7-40b6-8f5d-85b9d4446fd0
2023-06-18 19:16:03,646 [main] INFO  net.NetworkTopologyImpl (NetworkTopologyImpl.java:add(112)) - Added a new node: /default-rack/51c7fe0e-3169-43d7-b88b-c0a6bbc7dfef
2023-06-18 19:16:03,646 [main] INFO  net.NetworkTopologyImpl (NetworkTopologyImpl.java:add(112)) - Added a new node: /default-rack/a17450fd-6268-4ee0-922f-556b52fdfcea
2023-06-18 19:16:03,646 [main] INFO  net.NetworkTopologyImpl (NetworkTopologyImpl.java:add(112)) - Added a new node: /default-rack/24daf78e-b72d-49f3-8429-99af96c93067
2023-06-18 19:16:03,647 [main] INFO  net.NetworkTopologyImpl (NetworkTopologyImpl.java:add(112)) - Added a new node: /default-rack/cc1a2616-140e-4566-ad33-693a09a7e95e
2023-06-18 19:16:03,647 [main] INFO  net.NetworkTopologyImpl (NetworkTopologyImpl.java:add(112)) - Added a new node: /default-rack/a7e43b29-20e9-4647-ac3e-5fcdbbbcaee9
2023-06-18 19:16:03,647 [main] INFO  net.NetworkTopologyImpl (NetworkTopologyImpl.java:add(112)) - Added a new node: /default-rack/482328ee-6e0c-4706-b62b-e148d46a8652
2023-06-18 19:16:03,647 [main] INFO  net.NetworkTopologyImpl (NetworkTopologyImpl.java:add(112)) - Added a new node: /default-rack/2f2154cd-aaa3-4ca9-94e6-8392b75b0b96
2023-06-18 19:16:03,647 [main] INFO  algorithms.ContainerPlacementPolicyFactory (ContainerPlacementPolicyFactory.java:getPolicyInternal(86)) - Create container placement policy of type org.apache.hadoop.hdds.scm.container.placement.algorithms.SCMContainerPlacementRackAware
2023-06-18 19:16:03,647 [main] INFO  algorithms.ContainerPlacementPolicyFactory (ContainerPlacementPolicyFactory.java:getPolicyInternal(86)) - Create container placement policy of type org.apache.hadoop.hdds.scm.container.placement.algorithms.SCMContainerPlacementRackScatter
2023-06-18 19:16:03,652 [main] DEBUG balancer.ContainerBalancerTask (ContainerBalancerTask.java:initializeIteration(374)) - Average utilization of the cluster is 0.3325908737314529
2023-06-18 19:16:03,653 [main] DEBUG balancer.ContainerBalancerTask (ContainerBalancerTask.java:initializeIteration(386)) - Lower limit for utilization is 0.2325908737314529 and Upper limit for utilization is 0.4325908737314529
2023-06-18 19:16:03,653 [main] DEBUG balancer.ContainerBalancerTask (ContainerBalancerTask.java:initializeIteration(398)) - Utilization for node a7e43b29-20e9-4647-ac3e-5fcdbbbcaee9 with capacity 58459277084B, used 52613349376B, and remaining 5845927708B is 0.9000000000068423
2023-06-18 19:16:03,653 [main] DEBUG balancer.ContainerBalancerTask (ContainerBalancerTask.java:initializeIteration(398)) - Utilization for node 24daf78e-b72d-49f3-8429-99af96c93067 with capacity 80530636800B, used 64424509440B, and remaining 16106127360B is 0.8
2023-06-18 19:16:03,653 [main] DEBUG balancer.ContainerBalancerTask (ContainerBalancerTask.java:initializeIteration(398)) - Utilization for node a17450fd-6268-4ee0-922f-556b52fdfcea with capacity 59822758765B, used 41875931136B, and remaining 17946827629B is 0.700000000008358
2023-06-18 19:16:03,653 [main] DEBUG balancer.ContainerBalancerTask (ContainerBalancerTask.java:initializeIteration(398)) - Utilization for node acba945e-ddac-46e3-9a33-25d932d71236 with capacity 87688915626B, used 52613349376B, and remaining 35075566250B is 0.6000000000045616
2023-06-18 19:16:03,653 [main] DEBUG balancer.ContainerBalancerTask (ContainerBalancerTask.java:initializeIteration(398)) - Utilization for node a6669262-fd33-4241-ac42-08c9cc7c10b1 with capacity 120259084288B, used 60129542144B, and remaining 60129542144B is 0.5
2023-06-18 19:16:03,653 [main] DEBUG balancer.ContainerBalancerTask (ContainerBalancerTask.java:initializeIteration(398)) - Utilization for node 2f2154cd-aaa3-4ca9-94e6-8392b75b0b96 with capacity 99321118720B, used 39728447488B, and remaining 59592671232B is 0.4
2023-06-18 19:16:03,653 [main] DEBUG balancer.ContainerBalancerTask (ContainerBalancerTask.java:initializeIteration(398)) - Utilization for node 51c7fe0e-3169-43d7-b88b-c0a6bbc7dfef with capacity 132428158293B, used 39728447488B, and remaining 92699710805B is 0.3000000000007551
2023-06-18 19:16:03,653 [main] DEBUG balancer.ContainerBalancerTask (ContainerBalancerTask.java:initializeIteration(398)) - Utilization for node 482328ee-6e0c-4706-b62b-e148d46a8652 with capacity 161061273600B, used 32212254720B, and remaining 128849018880B is 0.2
2023-06-18 19:16:03,653 [main] DEBUG balancer.ContainerBalancerTask (ContainerBalancerTask.java:initializeIteration(398)) - Utilization for node cc1a2616-140e-4566-ad33-693a09a7e95e with capacity 429496729600B, used 42949672960B, and remaining 386547056640B is 0.1
2023-06-18 19:16:03,654 [main] DEBUG balancer.ContainerBalancerTask (ContainerBalancerTask.java:initializeIteration(398)) - Utilization for node cb7d33ad-33c7-40b6-8f5d-85b9d4446fd0 with capacity 52613349376B, used 0B, and remaining 52613349376B is 0.0
2023-06-18 19:16:03,654 [main] INFO  balancer.ContainerBalancerTask (ContainerBalancerTask.java:initializeIteration(447)) - Container Balancer has identified 5 Over-Utilized and 3 Under-Utilized Datanodes that need to be balanced.
2023-06-18 19:16:03,654 [main] DEBUG balancer.ContainerBalancerTask (ContainerBalancerTask.java:lambda$initializeIteration$1(453)) - Datanode localhost-3.143.89.238 a7e43b29-20e9-4647-ac3e-5fcdbbbcaee9 is Over-Utilized.
2023-06-18 19:16:03,654 [main] DEBUG balancer.ContainerBalancerTask (ContainerBalancerTask.java:lambda$initializeIteration$1(453)) - Datanode localhost-50.201.130.146 24daf78e-b72d-49f3-8429-99af96c93067 is Over-Utilized.
2023-06-18 19:16:03,654 [main] DEBUG balancer.ContainerBalancerTask (ContainerBalancerTask.java:lambda$initializeIteration$1(453)) - Datanode localhost-171.49.71.74 a17450fd-6268-4ee0-922f-556b52fdfcea is Over-Utilized.
2023-06-18 19:16:03,654 [main] DEBUG balancer.ContainerBalancerTask (ContainerBalancerTask.java:lambda$initializeIteration$1(453)) - Datanode localhost-176.216.181.221 acba945e-ddac-46e3-9a33-25d932d71236 is Over-Utilized.
2023-06-18 19:16:03,654 [main] DEBUG balancer.ContainerBalancerTask (ContainerBalancerTask.java:lambda$initializeIteration$1(453)) - Datanode localhost-221.23.29.89 a6669262-fd33-4241-ac42-08c9cc7c10b1 is Over-Utilized.
2023-06-18 19:16:03,654 [main] DEBUG balancer.ContainerBalancerTask (ContainerBalancerTask.java:lambda$initializeIteration$2(459)) - Datanode localhost-106.220.33.75 cb7d33ad-33c7-40b6-8f5d-85b9d4446fd0 is Under-Utilized.
2023-06-18 19:16:03,654 [main] DEBUG balancer.ContainerBalancerTask (ContainerBalancerTask.java:lambda$initializeIteration$2(459)) - Datanode localhost-246.145.33.130 cc1a2616-140e-4566-ad33-693a09a7e95e is Under-Utilized.
2023-06-18 19:16:03,654 [main] DEBUG balancer.ContainerBalancerTask (ContainerBalancerTask.java:lambda$initializeIteration$2(459)) - Datanode localhost-246.43.214.93 482328ee-6e0c-4706-b62b-e148d46a8652 is Under-Utilized.
2023-06-18 19:16:03,659 [main] DEBUG balancer.ContainerBalancerTask (ContainerBalancerTask.java:matchSourceWithTarget(706)) - ContainerBalancer is finding suitable target for source datanode a7e43b29-20e9-4647-ac3e-5fcdbbbcaee9
2023-06-18 19:16:03,659 [main] INFO  balancer.ContainerBalancerTask (ContainerBalancerTask.java:matchSourceWithTarget(720)) - ContainerBalancer matched source datanode a7e43b29-20e9-4647-ac3e-5fcdbbbcaee9 with target datanode cb7d33ad-33c7-40b6-8f5d-85b9d4446fd0 for container move.
2023-06-18 19:16:03,659 [main] INFO  balancer.ContainerBalancerTask (ContainerBalancerTask.java:processMoveSelection(569)) - ContainerBalancer is trying to move container #85 with size 5368709120B from source datanode a7e43b29-20e9-4647-ac3e-5fcdbbbcaee9 to target datanode cb7d33ad-33c7-40b6-8f5d-85b9d4446fd0
2023-06-18 19:16:03,659 [main] DEBUG balancer.ContainerBalancerTask (ContainerBalancerTask.java:lambda$moveContainer$3(834)) - Container move completed for container #85 from source a7e43b29-20e9-4647-ac3e-5fcdbbbcaee9 to target cb7d33ad-33c7-40b6-8f5d-85b9d4446fd0
2023-06-18 19:16:03,663 [main] DEBUG balancer.ContainerBalancerTask (ContainerBalancerTask.java:matchSourceWithTarget(706)) - ContainerBalancer is finding suitable target for source datanode a7e43b29-20e9-4647-ac3e-5fcdbbbcaee9
2023-06-18 19:16:03,663 [main] INFO  balancer.ContainerBalancerTask (ContainerBalancerTask.java:matchSourceWithTarget(720)) - ContainerBalancer matched source datanode a7e43b29-20e9-4647-ac3e-5fcdbbbcaee9 with target datanode cc1a2616-140e-4566-ad33-693a09a7e95e for container move.
2023-06-18 19:16:03,663 [main] INFO  balancer.ContainerBalancerTask (ContainerBalancerTask.java:processMoveSelection(569)) - ContainerBalancer is trying to move container #29 with size 5368709120B from source datanode a7e43b29-20e9-4647-ac3e-5fcdbbbcaee9 to target datanode cc1a2616-140e-4566-ad33-693a09a7e95e
2023-06-18 19:16:03,663 [main] DEBUG balancer.ContainerBalancerTask (ContainerBalancerTask.java:lambda$moveContainer$3(834)) - Container move completed for container #29 from source a7e43b29-20e9-4647-ac3e-5fcdbbbcaee9 to target cc1a2616-140e-4566-ad33-693a09a7e95e
2023-06-18 19:16:03,667 [main] DEBUG balancer.ContainerBalancerTask (ContainerBalancerTask.java:matchSourceWithTarget(706)) - ContainerBalancer is finding suitable target for source datanode 24daf78e-b72d-49f3-8429-99af96c93067
2023-06-18 19:16:03,667 [main] INFO  balancer.ContainerBalancerTask (ContainerBalancerTask.java:matchSourceWithTarget(720)) - ContainerBalancer matched source datanode 24daf78e-b72d-49f3-8429-99af96c93067 with target datanode cb7d33ad-33c7-40b6-8f5d-85b9d4446fd0 for container move.
2023-06-18 19:16:03,668 [main] INFO  balancer.ContainerBalancerTask (ContainerBalancerTask.java:processMoveSelection(569)) - ContainerBalancer is trying to move container #68 with size 5368709120B from source datanode 24daf78e-b72d-49f3-8429-99af96c93067 to target datanode cb7d33ad-33c7-40b6-8f5d-85b9d4446fd0
2023-06-18 19:16:03,668 [main] DEBUG balancer.ContainerBalancerTask (ContainerBalancerTask.java:lambda$moveContainer$3(834)) - Container move completed for container #68 from source 24daf78e-b72d-49f3-8429-99af96c93067 to target cb7d33ad-33c7-40b6-8f5d-85b9d4446fd0
2023-06-18 19:16:03,672 [main] DEBUG balancer.ContainerBalancerTask (ContainerBalancerTask.java:matchSourceWithTarget(706)) - ContainerBalancer is finding suitable target for source datanode 24daf78e-b72d-49f3-8429-99af96c93067
2023-06-18 19:16:03,673 [main] INFO  balancer.ContainerBalancerTask (ContainerBalancerTask.java:matchSourceWithTarget(720)) - ContainerBalancer matched source datanode 24daf78e-b72d-49f3-8429-99af96c93067 with target datanode cc1a2616-140e-4566-ad33-693a09a7e95e for container move.
2023-06-18 19:16:03,673 [main] INFO  balancer.ContainerBalancerTask (ContainerBalancerTask.java:processMoveSelection(569)) - ContainerBalancer is trying to move container #89 with size 4294967296B from source datanode 24daf78e-b72d-49f3-8429-99af96c93067 to target datanode cc1a2616-140e-4566-ad33-693a09a7e95e
2023-06-18 19:16:03,673 [main] DEBUG balancer.ContainerBalancerTask (ContainerBalancerTask.java:lambda$moveContainer$3(834)) - Container move completed for container #89 from source 24daf78e-b72d-49f3-8429-99af96c93067 to target cc1a2616-140e-4566-ad33-693a09a7e95e
2023-06-18 19:16:03,676 [main] DEBUG balancer.ContainerBalancerTask (ContainerBalancerTask.java:matchSourceWithTarget(706)) - ContainerBalancer is finding suitable target for source datanode a7e43b29-20e9-4647-ac3e-5fcdbbbcaee9
2023-06-18 19:16:03,677 [main] INFO  balancer.ContainerBalancerTask (ContainerBalancerTask.java:matchSourceWithTarget(720)) - ContainerBalancer matched source datanode a7e43b29-20e9-4647-ac3e-5fcdbbbcaee9 with target datanode cc1a2616-140e-4566-ad33-693a09a7e95e for container move.
2023-06-18 19:16:03,677 [main] INFO  balancer.ContainerBalancerTask (ContainerBalancerTask.java:processMoveSelection(569)) - ContainerBalancer is trying to move container #84 with size 4294967296B from source datanode a7e43b29-20e9-4647-ac3e-5fcdbbbcaee9 to target datanode cc1a2616-140e-4566-ad33-693a09a7e95e
2023-06-18 19:16:03,677 [main] DEBUG balancer.ContainerBalancerTask (ContainerBalancerTask.java:lambda$moveContainer$3(834)) - Container move completed for container #84 from source a7e43b29-20e9-4647-ac3e-5fcdbbbcaee9 to target cc1a2616-140e-4566-ad33-693a09a7e95e
2023-06-18 19:16:03,680 [main] DEBUG balancer.ContainerBalancerTask (ContainerBalancerTask.java:matchSourceWithTarget(706)) - ContainerBalancer is finding suitable target for source datanode a17450fd-6268-4ee0-922f-556b52fdfcea
2023-06-18 19:16:03,680 [main] INFO  balancer.ContainerBalancerTask (ContainerBalancerTask.java:matchSourceWithTarget(720)) - ContainerBalancer matched source datanode a17450fd-6268-4ee0-922f-556b52fdfcea with target datanode cc1a2616-140e-4566-ad33-693a09a7e95e for container move.
2023-06-18 19:16:03,680 [main] INFO  balancer.ContainerBalancerTask (ContainerBalancerTask.java:processMoveSelection(569)) - ContainerBalancer is trying to move container #52 with size 4294967296B from source datanode a17450fd-6268-4ee0-922f-556b52fdfcea to target datanode cc1a2616-140e-4566-ad33-693a09a7e95e
2023-06-18 19:16:03,680 [main] DEBUG balancer.ContainerBalancerTask (ContainerBalancerTask.java:lambda$moveContainer$3(834)) - Container move completed for container #52 from source a17450fd-6268-4ee0-922f-556b52fdfcea to target cc1a2616-140e-4566-ad33-693a09a7e95e
2023-06-18 19:16:03,685 [main] DEBUG balancer.ContainerBalancerTask (ContainerBalancerTask.java:matchSourceWithTarget(706)) - ContainerBalancer is finding suitable target for source datanode 24daf78e-b72d-49f3-8429-99af96c93067
2023-06-18 19:16:03,686 [main] INFO  balancer.ContainerBalancerTask (ContainerBalancerTask.java:matchSourceWithTarget(720)) - ContainerBalancer matched source datanode 24daf78e-b72d-49f3-8429-99af96c93067 with target datanode cc1a2616-140e-4566-ad33-693a09a7e95e for container move.
2023-06-18 19:16:03,686 [main] INFO  balancer.ContainerBalancerTask (ContainerBalancerTask.java:processMoveSelection(569)) - ContainerBalancer is trying to move container #67 with size 4294967296B from source datanode 24daf78e-b72d-49f3-8429-99af96c93067 to target datanode cc1a2616-140e-4566-ad33-693a09a7e95e
2023-06-18 19:16:03,686 [main] DEBUG balancer.ContainerBalancerTask (ContainerBalancerTask.java:lambda$moveContainer$3(834)) - Container move completed for container #67 from source 24daf78e-b72d-49f3-8429-99af96c93067 to target cc1a2616-140e-4566-ad33-693a09a7e95e
2023-06-18 19:16:03,689 [main] DEBUG balancer.ContainerBalancerTask (ContainerBalancerTask.java:matchSourceWithTarget(706)) - ContainerBalancer is finding suitable target for source datanode a7e43b29-20e9-4647-ac3e-5fcdbbbcaee9
2023-06-18 19:16:03,689 [main] INFO  balancer.ContainerBalancerTask (ContainerBalancerTask.java:matchSourceWithTarget(720)) - ContainerBalancer matched source datanode a7e43b29-20e9-4647-ac3e-5fcdbbbcaee9 with target datanode cc1a2616-140e-4566-ad33-693a09a7e95e for container move.
2023-06-18 19:16:03,689 [main] INFO  balancer.ContainerBalancerTask (ContainerBalancerTask.java:processMoveSelection(569)) - ContainerBalancer is trying to move container #28 with size 4294967296B from source datanode a7e43b29-20e9-4647-ac3e-5fcdbbbcaee9 to target datanode cc1a2616-140e-4566-ad33-693a09a7e95e
2023-06-18 19:16:03,690 [main] DEBUG balancer.ContainerBalancerTask (ContainerBalancerTask.java:lambda$moveContainer$3(834)) - Container move completed for container #28 from source a7e43b29-20e9-4647-ac3e-5fcdbbbcaee9 to target cc1a2616-140e-4566-ad33-693a09a7e95e
2023-06-18 19:16:03,693 [main] DEBUG balancer.ContainerBalancerTask (ContainerBalancerTask.java:matchSourceWithTarget(706)) - ContainerBalancer is finding suitable target for source datanode a17450fd-6268-4ee0-922f-556b52fdfcea
2023-06-18 19:16:03,693 [main] INFO  balancer.ContainerBalancerTask (ContainerBalancerTask.java:matchSourceWithTarget(720)) - ContainerBalancer matched source datanode a17450fd-6268-4ee0-922f-556b52fdfcea with target datanode cc1a2616-140e-4566-ad33-693a09a7e95e for container move.
2023-06-18 19:16:03,694 [main] INFO  balancer.ContainerBalancerTask (ContainerBalancerTask.java:processMoveSelection(569)) - ContainerBalancer is trying to move container #66 with size 3221225472B from source datanode a17450fd-6268-4ee0-922f-556b52fdfcea to target datanode cc1a2616-140e-4566-ad33-693a09a7e95e
2023-06-18 19:16:03,694 [main] DEBUG balancer.ContainerBalancerTask (ContainerBalancerTask.java:lambda$moveContainer$3(834)) - Container move completed for container #66 from source a17450fd-6268-4ee0-922f-556b52fdfcea to target cc1a2616-140e-4566-ad33-693a09a7e95e
2023-06-18 19:16:03,698 [main] DEBUG balancer.ContainerBalancerTask (ContainerBalancerTask.java:matchSourceWithTarget(706)) - ContainerBalancer is finding suitable target for source datanode 24daf78e-b72d-49f3-8429-99af96c93067
2023-06-18 19:16:03,698 [main] INFO  balancer.ContainerBalancerTask (ContainerBalancerTask.java:matchSourceWithTarget(720)) - ContainerBalancer matched source datanode 24daf78e-b72d-49f3-8429-99af96c93067 with target datanode cc1a2616-140e-4566-ad33-693a09a7e95e for container move.
2023-06-18 19:16:03,699 [main] INFO  balancer.ContainerBalancerTask (ContainerBalancerTask.java:processMoveSelection(569)) - ContainerBalancer is trying to move container #39 with size 4294967296B from source datanode 24daf78e-b72d-49f3-8429-99af96c93067 to target datanode cc1a2616-140e-4566-ad33-693a09a7e95e
2023-06-18 19:16:03,699 [main] DEBUG balancer.ContainerBalancerTask (ContainerBalancerTask.java:lambda$moveContainer$3(834)) - Container move completed for container #39 from source 24daf78e-b72d-49f3-8429-99af96c93067 to target cc1a2616-140e-4566-ad33-693a09a7e95e
2023-06-18 19:16:03,703 [main] DEBUG balancer.ContainerBalancerTask (ContainerBalancerTask.java:matchSourceWithTarget(706)) - ContainerBalancer is finding suitable target for source datanode acba945e-ddac-46e3-9a33-25d932d71236
2023-06-18 19:16:03,703 [main] INFO  balancer.ContainerBalancerTask (ContainerBalancerTask.java:matchSourceWithTarget(720)) - ContainerBalancer matched source datanode acba945e-ddac-46e3-9a33-25d932d71236 with target datanode cc1a2616-140e-4566-ad33-693a09a7e95e for container move.
2023-06-18 19:16:03,703 [main] INFO  balancer.ContainerBalancerTask (ContainerBalancerTask.java:processMoveSelection(569)) - ContainerBalancer is trying to move container #40 with size 5368709120B from source datanode acba945e-ddac-46e3-9a33-25d932d71236 to target datanode cc1a2616-140e-4566-ad33-693a09a7e95e
2023-06-18 19:16:03,704 [main] DEBUG balancer.ContainerBalancerTask (ContainerBalancerTask.java:lambda$moveContainer$3(834)) - Container move completed for container #40 from source acba945e-ddac-46e3-9a33-25d932d71236 to target cc1a2616-140e-4566-ad33-693a09a7e95e
2023-06-18 19:16:03,707 [main] DEBUG balancer.ContainerBalancerTask (ContainerBalancerTask.java:matchSourceWithTarget(706)) - ContainerBalancer is finding suitable target for source datanode a17450fd-6268-4ee0-922f-556b52fdfcea
2023-06-18 19:16:03,707 [main] INFO  balancer.ContainerBalancerTask (ContainerBalancerTask.java:matchSourceWithTarget(720)) - ContainerBalancer matched source datanode a17450fd-6268-4ee0-922f-556b52fdfcea with target datanode cc1a2616-140e-4566-ad33-693a09a7e95e for container move.
2023-06-18 19:16:03,707 [main] INFO  balancer.ContainerBalancerTask (ContainerBalancerTask.java:processMoveSelection(569)) - ContainerBalancer is trying to move container #51 with size 3221225472B from source datanode a17450fd-6268-4ee0-922f-556b52fdfcea to target datanode cc1a2616-140e-4566-ad33-693a09a7e95e
2023-06-18 19:16:03,707 [main] DEBUG balancer.ContainerBalancerTask (ContainerBalancerTask.java:lambda$moveContainer$3(834)) - Container move completed for container #51 from source a17450fd-6268-4ee0-922f-556b52fdfcea to target cc1a2616-140e-4566-ad33-693a09a7e95e
2023-06-18 19:16:03,708 [main] WARN  balancer.ContainerBalancerTask (ContainerBalancerTask.java:reachedMaxSizeToMovePerIteration(731)) - Reached max size to move limit. 53687091200 bytes have already been scheduled for balancing and the limit is 53687091200 bytes.
2023-06-18 19:16:03,708 [main] INFO  balancer.ContainerBalancerTask (ContainerBalancerTask.java:checkIterationMoveResults(640)) - Iteration Summary. Number of Datanodes involved: 6. Size moved: 50 GB (53687091200 Bytes). Number of Container moves completed: 12.
2023-06-18 19:16:03,708 [main] INFO  balancer.ContainerBalancerTask (ContainerBalancerTask.java:balance(259)) - Result of this iteration of Container Balancer: ITERATION_COMPLETED
2023-06-18 19:16:03,708 [main] INFO  balancer.ContainerBalancerTask (ContainerBalancerTask.java:tryStopWithSaveConfiguration(308)) - Save Configuration for stopping. Reason: Completed all iterations.
]]></system-out>
  </testcase>
  <testcase name="testCalculationOfUtilization" classname="org.apache.hadoop.hdds.scm.container.balancer.TestContainerBalancerTask" time="0.044">
    <system-out><![CDATA[2023-06-18 19:16:03,740 [main] INFO  net.NodeSchemaLoader (NodeSchemaLoader.java:loadSchemaFromFile(129)) - Loading schema from [file:/home/runner/work/ozone/ozone/hadoop-hdds/common/target/classes/network-topology-default.xml]
2023-06-18 19:16:03,740 [main] INFO  net.NodeSchemaLoader (NodeSchemaLoader.java:loadSchema(176)) - Loading network topology layer schema file
2023-06-18 19:16:03,748 [main] INFO  net.NetworkTopologyImpl (NetworkTopologyImpl.java:add(112)) - Added a new node: /default-rack/54e617b8-390f-4ded-9222-3d161ae604af
2023-06-18 19:16:03,749 [main] INFO  net.NetworkTopologyImpl (NetworkTopologyImpl.java:add(112)) - Added a new node: /default-rack/ce8c328f-5e21-45e4-b215-e38492d368e7
2023-06-18 19:16:03,749 [main] INFO  net.NetworkTopologyImpl (NetworkTopologyImpl.java:add(112)) - Added a new node: /default-rack/f19503bf-7dfd-4eaf-8fbf-943cc76a1205
2023-06-18 19:16:03,749 [main] INFO  net.NetworkTopologyImpl (NetworkTopologyImpl.java:add(112)) - Added a new node: /default-rack/d03a8cfa-4d4e-47c5-a90b-49f09d44aae1
2023-06-18 19:16:03,749 [main] INFO  net.NetworkTopologyImpl (NetworkTopologyImpl.java:add(112)) - Added a new node: /default-rack/4536e54e-1301-4eb9-85bb-24d08a03275f
2023-06-18 19:16:03,749 [main] INFO  net.NetworkTopologyImpl (NetworkTopologyImpl.java:add(112)) - Added a new node: /default-rack/b4e1fc8d-48fc-4caa-afc3-87f0c87c494c
2023-06-18 19:16:03,749 [main] INFO  net.NetworkTopologyImpl (NetworkTopologyImpl.java:add(112)) - Added a new node: /default-rack/7be1f23a-63b4-4081-b274-51481390f598
2023-06-18 19:16:03,749 [main] INFO  net.NetworkTopologyImpl (NetworkTopologyImpl.java:add(112)) - Added a new node: /default-rack/75d7623b-1006-4968-9927-e0eff4dbbf4c
2023-06-18 19:16:03,749 [main] INFO  net.NetworkTopologyImpl (NetworkTopologyImpl.java:add(112)) - Added a new node: /default-rack/2f93aec5-4c0f-4c21-8f1f-e3fe07c919cf
2023-06-18 19:16:03,749 [main] INFO  net.NetworkTopologyImpl (NetworkTopologyImpl.java:add(112)) - Added a new node: /default-rack/9ae293f5-88c2-4991-b319-8d30da680c6a
2023-06-18 19:16:03,750 [main] INFO  algorithms.ContainerPlacementPolicyFactory (ContainerPlacementPolicyFactory.java:getPolicyInternal(86)) - Create container placement policy of type org.apache.hadoop.hdds.scm.container.placement.algorithms.SCMContainerPlacementRackAware
2023-06-18 19:16:03,750 [main] INFO  algorithms.ContainerPlacementPolicyFactory (ContainerPlacementPolicyFactory.java:getPolicyInternal(86)) - Create container placement policy of type org.apache.hadoop.hdds.scm.container.placement.algorithms.SCMContainerPlacementRackScatter
]]></system-out>
  </testcase>
  <testcase name="initializeIterationShouldUpdateUnBalancedNodesWhenThresholdChanges" classname="org.apache.hadoop.hdds.scm.container.balancer.TestContainerBalancerTask" time="0.949">
    <system-out><![CDATA[2023-06-18 19:16:03,823 [main] INFO  net.NodeSchemaLoader (NodeSchemaLoader.java:loadSchemaFromFile(129)) - Loading schema from [file:/home/runner/work/ozone/ozone/hadoop-hdds/common/target/classes/network-topology-default.xml]
2023-06-18 19:16:03,823 [main] INFO  net.NodeSchemaLoader (NodeSchemaLoader.java:loadSchema(176)) - Loading network topology layer schema file
2023-06-18 19:16:03,830 [main] INFO  net.NetworkTopologyImpl (NetworkTopologyImpl.java:add(112)) - Added a new node: /default-rack/7859977f-1ea7-4bc0-b7d1-c26742d71d21
2023-06-18 19:16:03,832 [main] INFO  net.NetworkTopologyImpl (NetworkTopologyImpl.java:add(112)) - Added a new node: /default-rack/2cb4ee9e-c19c-404f-a3ed-3d6144041b50
2023-06-18 19:16:03,832 [main] INFO  net.NetworkTopologyImpl (NetworkTopologyImpl.java:add(112)) - Added a new node: /default-rack/da14d8b9-c267-45c1-b6d1-d5ce70c927be
2023-06-18 19:16:03,832 [main] INFO  net.NetworkTopologyImpl (NetworkTopologyImpl.java:add(112)) - Added a new node: /default-rack/81f146c9-30f4-49b4-9849-732517a5c152
2023-06-18 19:16:03,832 [main] INFO  net.NetworkTopologyImpl (NetworkTopologyImpl.java:add(112)) - Added a new node: /default-rack/e8b04c08-93ad-4b6c-960d-529125ea2b59
2023-06-18 19:16:03,833 [main] INFO  net.NetworkTopologyImpl (NetworkTopologyImpl.java:add(112)) - Added a new node: /default-rack/b8442ff8-62ef-46df-9b6d-d4389bc10a30
2023-06-18 19:16:03,833 [main] INFO  net.NetworkTopologyImpl (NetworkTopologyImpl.java:add(112)) - Added a new node: /default-rack/4b5b3e4a-279e-4a78-9dfc-3e823239d50b
2023-06-18 19:16:03,833 [main] INFO  net.NetworkTopologyImpl (NetworkTopologyImpl.java:add(112)) - Added a new node: /default-rack/46443b0c-81fa-4a6f-9d37-a7a3c6263282
2023-06-18 19:16:03,833 [main] INFO  net.NetworkTopologyImpl (NetworkTopologyImpl.java:add(112)) - Added a new node: /default-rack/cbebd0b5-ef73-44e7-b715-317ca461999f
2023-06-18 19:16:03,833 [main] INFO  net.NetworkTopologyImpl (NetworkTopologyImpl.java:add(112)) - Added a new node: /default-rack/f561b242-3335-48fc-9447-4b53fc7bc5f8
2023-06-18 19:16:03,833 [main] INFO  algorithms.ContainerPlacementPolicyFactory (ContainerPlacementPolicyFactory.java:getPolicyInternal(86)) - Create container placement policy of type org.apache.hadoop.hdds.scm.container.placement.algorithms.SCMContainerPlacementRackAware
2023-06-18 19:16:03,833 [main] INFO  algorithms.ContainerPlacementPolicyFactory (ContainerPlacementPolicyFactory.java:getPolicyInternal(86)) - Create container placement policy of type org.apache.hadoop.hdds.scm.container.placement.algorithms.SCMContainerPlacementRackScatter
2023-06-18 19:16:03,840 [main] DEBUG balancer.ContainerBalancerTask (ContainerBalancerTask.java:initializeIteration(374)) - Average utilization of the cluster is 0.3528343298275165
2023-06-18 19:16:03,840 [main] DEBUG balancer.ContainerBalancerTask (ContainerBalancerTask.java:initializeIteration(386)) - Lower limit for utilization is 0.2806037393278801 and Upper limit for utilization is 0.42506492032715293
2023-06-18 19:16:03,840 [main] DEBUG balancer.ContainerBalancerTask (ContainerBalancerTask.java:initializeIteration(398)) - Utilization for node 2cb4ee9e-c19c-404f-a3ed-3d6144041b50 with capacity 73968881208B, used 66571993088B, and remaining 7396888120B is 0.9000000000108154
2023-06-18 19:16:03,840 [main] DEBUG balancer.ContainerBalancerTask (ContainerBalancerTask.java:initializeIteration(398)) - Utilization for node f561b242-3335-48fc-9447-4b53fc7bc5f8 with capacity 67108864000B, used 53687091200B, and remaining 13421772800B is 0.8
2023-06-18 19:16:03,840 [main] DEBUG balancer.ContainerBalancerTask (ContainerBalancerTask.java:initializeIteration(398)) - Utilization for node 7859977f-1ea7-4bc0-b7d1-c26742d71d21 with capacity 65958426331B, used 46170898432B, and remaining 19787527899B is 0.7000000000045483
2023-06-18 19:16:03,840 [main] DEBUG balancer.ContainerBalancerTask (ContainerBalancerTask.java:initializeIteration(398)) - Utilization for node b8442ff8-62ef-46df-9b6d-d4389bc10a30 with capacity 60845370026B, used 36507222016B, and remaining 24338148010B is 0.600000000006574
2023-06-18 19:16:03,840 [main] DEBUG balancer.ContainerBalancerTask (ContainerBalancerTask.java:initializeIteration(398)) - Utilization for node cbebd0b5-ef73-44e7-b715-317ca461999f with capacity 77309411328B, used 38654705664B, and remaining 38654705664B is 0.5
2023-06-18 19:16:03,840 [main] DEBUG balancer.ContainerBalancerTask (ContainerBalancerTask.java:initializeIteration(398)) - Utilization for node 81f146c9-30f4-49b4-9849-732517a5c152 with capacity 136902082560B, used 54760833024B, and remaining 82141249536B is 0.4
2023-06-18 19:16:03,841 [main] DEBUG balancer.ContainerBalancerTask (ContainerBalancerTask.java:initializeIteration(398)) - Utilization for node e8b04c08-93ad-4b6c-960d-529125ea2b59 with capacity 114532461226B, used 34359738368B, and remaining 80172722858B is 0.3000000000017462
2023-06-18 19:16:03,841 [main] DEBUG balancer.ContainerBalancerTask (ContainerBalancerTask.java:initializeIteration(398)) - Utilization for node da14d8b9-c267-45c1-b6d1-d5ce70c927be with capacity 150323855360B, used 30064771072B, and remaining 120259084288B is 0.2
2023-06-18 19:16:03,841 [main] DEBUG balancer.ContainerBalancerTask (ContainerBalancerTask.java:initializeIteration(398)) - Utilization for node 4b5b3e4a-279e-4a78-9dfc-3e823239d50b with capacity 365072220160B, used 36507222016B, and remaining 328564998144B is 0.1
2023-06-18 19:16:03,841 [main] DEBUG balancer.ContainerBalancerTask (ContainerBalancerTask.java:initializeIteration(398)) - Utilization for node 46443b0c-81fa-4a6f-9d37-a7a3c6263282 with capacity 13958643712B, used 0B, and remaining 13958643712B is 0.0
2023-06-18 19:16:03,841 [main] INFO  balancer.ContainerBalancerTask (ContainerBalancerTask.java:initializeIteration(447)) - Container Balancer has identified 5 Over-Utilized and 3 Under-Utilized Datanodes that need to be balanced.
2023-06-18 19:16:03,841 [main] DEBUG balancer.ContainerBalancerTask (ContainerBalancerTask.java:lambda$initializeIteration$1(453)) - Datanode localhost-123.239.245.20 2cb4ee9e-c19c-404f-a3ed-3d6144041b50 is Over-Utilized.
2023-06-18 19:16:03,841 [main] DEBUG balancer.ContainerBalancerTask (ContainerBalancerTask.java:lambda$initializeIteration$1(453)) - Datanode localhost-138.41.221.160 f561b242-3335-48fc-9447-4b53fc7bc5f8 is Over-Utilized.
2023-06-18 19:16:03,841 [main] DEBUG balancer.ContainerBalancerTask (ContainerBalancerTask.java:lambda$initializeIteration$1(453)) - Datanode localhost-48.244.249.90 7859977f-1ea7-4bc0-b7d1-c26742d71d21 is Over-Utilized.
2023-06-18 19:16:03,841 [main] DEBUG balancer.ContainerBalancerTask (ContainerBalancerTask.java:lambda$initializeIteration$1(453)) - Datanode localhost-125.178.73.148 b8442ff8-62ef-46df-9b6d-d4389bc10a30 is Over-Utilized.
2023-06-18 19:16:03,841 [main] DEBUG balancer.ContainerBalancerTask (ContainerBalancerTask.java:lambda$initializeIteration$1(453)) - Datanode localhost-95.46.94.225 cbebd0b5-ef73-44e7-b715-317ca461999f is Over-Utilized.
2023-06-18 19:16:03,842 [main] DEBUG balancer.ContainerBalancerTask (ContainerBalancerTask.java:lambda$initializeIteration$2(459)) - Datanode localhost-93.64.31.108 46443b0c-81fa-4a6f-9d37-a7a3c6263282 is Under-Utilized.
2023-06-18 19:16:03,842 [main] DEBUG balancer.ContainerBalancerTask (ContainerBalancerTask.java:lambda$initializeIteration$2(459)) - Datanode localhost-241.76.246.187 4b5b3e4a-279e-4a78-9dfc-3e823239d50b is Under-Utilized.
2023-06-18 19:16:03,842 [main] DEBUG balancer.ContainerBalancerTask (ContainerBalancerTask.java:lambda$initializeIteration$2(459)) - Datanode localhost-252.133.82.90 da14d8b9-c267-45c1-b6d1-d5ce70c927be is Under-Utilized.
2023-06-18 19:16:03,846 [main] DEBUG balancer.ContainerBalancerTask (ContainerBalancerTask.java:matchSourceWithTarget(706)) - ContainerBalancer is finding suitable target for source datanode 2cb4ee9e-c19c-404f-a3ed-3d6144041b50
2023-06-18 19:16:03,846 [main] INFO  balancer.ContainerBalancerTask (ContainerBalancerTask.java:matchSourceWithTarget(720)) - ContainerBalancer matched source datanode 2cb4ee9e-c19c-404f-a3ed-3d6144041b50 with target datanode 46443b0c-81fa-4a6f-9d37-a7a3c6263282 for container move.
2023-06-18 19:16:03,846 [main] INFO  balancer.ContainerBalancerTask (ContainerBalancerTask.java:processMoveSelection(569)) - ContainerBalancer is trying to move container #85 with size 5368709120B from source datanode 2cb4ee9e-c19c-404f-a3ed-3d6144041b50 to target datanode 46443b0c-81fa-4a6f-9d37-a7a3c6263282
2023-06-18 19:16:03,846 [main] DEBUG balancer.ContainerBalancerTask (ContainerBalancerTask.java:lambda$moveContainer$3(834)) - Container move completed for container #85 from source 2cb4ee9e-c19c-404f-a3ed-3d6144041b50 to target 46443b0c-81fa-4a6f-9d37-a7a3c6263282
2023-06-18 19:16:03,850 [main] DEBUG balancer.ContainerBalancerTask (ContainerBalancerTask.java:matchSourceWithTarget(706)) - ContainerBalancer is finding suitable target for source datanode 2cb4ee9e-c19c-404f-a3ed-3d6144041b50
2023-06-18 19:16:03,850 [main] INFO  balancer.ContainerBalancerTask (ContainerBalancerTask.java:matchSourceWithTarget(720)) - ContainerBalancer matched source datanode 2cb4ee9e-c19c-404f-a3ed-3d6144041b50 with target datanode 4b5b3e4a-279e-4a78-9dfc-3e823239d50b for container move.
2023-06-18 19:16:03,850 [main] INFO  balancer.ContainerBalancerTask (ContainerBalancerTask.java:processMoveSelection(569)) - ContainerBalancer is trying to move container #53 with size 5368709120B from source datanode 2cb4ee9e-c19c-404f-a3ed-3d6144041b50 to target datanode 4b5b3e4a-279e-4a78-9dfc-3e823239d50b
2023-06-18 19:16:03,851 [main] DEBUG balancer.ContainerBalancerTask (ContainerBalancerTask.java:lambda$moveContainer$3(834)) - Container move completed for container #53 from source 2cb4ee9e-c19c-404f-a3ed-3d6144041b50 to target 4b5b3e4a-279e-4a78-9dfc-3e823239d50b
2023-06-18 19:16:03,854 [main] DEBUG balancer.ContainerBalancerTask (ContainerBalancerTask.java:matchSourceWithTarget(706)) - ContainerBalancer is finding suitable target for source datanode f561b242-3335-48fc-9447-4b53fc7bc5f8
2023-06-18 19:16:03,854 [main] INFO  balancer.ContainerBalancerTask (ContainerBalancerTask.java:matchSourceWithTarget(720)) - ContainerBalancer matched source datanode f561b242-3335-48fc-9447-4b53fc7bc5f8 with target datanode 4b5b3e4a-279e-4a78-9dfc-3e823239d50b for container move.
2023-06-18 19:16:03,854 [main] INFO  balancer.ContainerBalancerTask (ContainerBalancerTask.java:processMoveSelection(569)) - ContainerBalancer is trying to move container #67 with size 4294967296B from source datanode f561b242-3335-48fc-9447-4b53fc7bc5f8 to target datanode 4b5b3e4a-279e-4a78-9dfc-3e823239d50b
2023-06-18 19:16:03,854 [main] DEBUG balancer.ContainerBalancerTask (ContainerBalancerTask.java:lambda$moveContainer$3(834)) - Container move completed for container #67 from source f561b242-3335-48fc-9447-4b53fc7bc5f8 to target 4b5b3e4a-279e-4a78-9dfc-3e823239d50b
2023-06-18 19:16:03,858 [main] DEBUG balancer.ContainerBalancerTask (ContainerBalancerTask.java:matchSourceWithTarget(706)) - ContainerBalancer is finding suitable target for source datanode 2cb4ee9e-c19c-404f-a3ed-3d6144041b50
2023-06-18 19:16:03,858 [main] INFO  balancer.ContainerBalancerTask (ContainerBalancerTask.java:matchSourceWithTarget(720)) - ContainerBalancer matched source datanode 2cb4ee9e-c19c-404f-a3ed-3d6144041b50 with target datanode 4b5b3e4a-279e-4a78-9dfc-3e823239d50b for container move.
2023-06-18 19:16:03,858 [main] INFO  balancer.ContainerBalancerTask (ContainerBalancerTask.java:processMoveSelection(569)) - ContainerBalancer is trying to move container #40 with size 5368709120B from source datanode 2cb4ee9e-c19c-404f-a3ed-3d6144041b50 to target datanode 4b5b3e4a-279e-4a78-9dfc-3e823239d50b
2023-06-18 19:16:03,858 [main] DEBUG balancer.ContainerBalancerTask (ContainerBalancerTask.java:lambda$moveContainer$3(834)) - Container move completed for container #40 from source 2cb4ee9e-c19c-404f-a3ed-3d6144041b50 to target 4b5b3e4a-279e-4a78-9dfc-3e823239d50b
2023-06-18 19:16:03,862 [main] DEBUG balancer.ContainerBalancerTask (ContainerBalancerTask.java:matchSourceWithTarget(706)) - ContainerBalancer is finding suitable target for source datanode f561b242-3335-48fc-9447-4b53fc7bc5f8
2023-06-18 19:16:03,862 [main] INFO  balancer.ContainerBalancerTask (ContainerBalancerTask.java:matchSourceWithTarget(720)) - ContainerBalancer matched source datanode f561b242-3335-48fc-9447-4b53fc7bc5f8 with target datanode 4b5b3e4a-279e-4a78-9dfc-3e823239d50b for container move.
2023-06-18 19:16:03,862 [main] INFO  balancer.ContainerBalancerTask (ContainerBalancerTask.java:processMoveSelection(569)) - ContainerBalancer is trying to move container #28 with size 4294967296B from source datanode f561b242-3335-48fc-9447-4b53fc7bc5f8 to target datanode 4b5b3e4a-279e-4a78-9dfc-3e823239d50b
2023-06-18 19:16:03,862 [main] DEBUG balancer.ContainerBalancerTask (ContainerBalancerTask.java:lambda$moveContainer$3(834)) - Container move completed for container #28 from source f561b242-3335-48fc-9447-4b53fc7bc5f8 to target 4b5b3e4a-279e-4a78-9dfc-3e823239d50b
2023-06-18 19:16:03,865 [main] DEBUG balancer.ContainerBalancerTask (ContainerBalancerTask.java:matchSourceWithTarget(706)) - ContainerBalancer is finding suitable target for source datanode 7859977f-1ea7-4bc0-b7d1-c26742d71d21
2023-06-18 19:16:03,865 [main] INFO  balancer.ContainerBalancerTask (ContainerBalancerTask.java:matchSourceWithTarget(720)) - ContainerBalancer matched source datanode 7859977f-1ea7-4bc0-b7d1-c26742d71d21 with target datanode 4b5b3e4a-279e-4a78-9dfc-3e823239d50b for container move.
2023-06-18 19:16:03,865 [main] INFO  balancer.ContainerBalancerTask (ContainerBalancerTask.java:processMoveSelection(569)) - ContainerBalancer is trying to move container #29 with size 5368709120B from source datanode 7859977f-1ea7-4bc0-b7d1-c26742d71d21 to target datanode 4b5b3e4a-279e-4a78-9dfc-3e823239d50b
2023-06-18 19:16:03,865 [main] DEBUG balancer.ContainerBalancerTask (ContainerBalancerTask.java:lambda$moveContainer$3(834)) - Container move completed for container #29 from source 7859977f-1ea7-4bc0-b7d1-c26742d71d21 to target 4b5b3e4a-279e-4a78-9dfc-3e823239d50b
2023-06-18 19:16:03,869 [main] DEBUG balancer.ContainerBalancerTask (ContainerBalancerTask.java:matchSourceWithTarget(706)) - ContainerBalancer is finding suitable target for source datanode 2cb4ee9e-c19c-404f-a3ed-3d6144041b50
2023-06-18 19:16:03,869 [main] INFO  balancer.ContainerBalancerTask (ContainerBalancerTask.java:matchSourceWithTarget(720)) - ContainerBalancer matched source datanode 2cb4ee9e-c19c-404f-a3ed-3d6144041b50 with target datanode 4b5b3e4a-279e-4a78-9dfc-3e823239d50b for container move.
2023-06-18 19:16:03,870 [main] INFO  balancer.ContainerBalancerTask (ContainerBalancerTask.java:processMoveSelection(569)) - ContainerBalancer is trying to move container #89 with size 4294967296B from source datanode 2cb4ee9e-c19c-404f-a3ed-3d6144041b50 to target datanode 4b5b3e4a-279e-4a78-9dfc-3e823239d50b
2023-06-18 19:16:03,870 [main] DEBUG balancer.ContainerBalancerTask (ContainerBalancerTask.java:lambda$moveContainer$3(834)) - Container move completed for container #89 from source 2cb4ee9e-c19c-404f-a3ed-3d6144041b50 to target 4b5b3e4a-279e-4a78-9dfc-3e823239d50b
2023-06-18 19:16:03,873 [main] DEBUG balancer.ContainerBalancerTask (ContainerBalancerTask.java:matchSourceWithTarget(706)) - ContainerBalancer is finding suitable target for source datanode f561b242-3335-48fc-9447-4b53fc7bc5f8
2023-06-18 19:16:03,874 [main] INFO  balancer.ContainerBalancerTask (ContainerBalancerTask.java:matchSourceWithTarget(720)) - ContainerBalancer matched source datanode f561b242-3335-48fc-9447-4b53fc7bc5f8 with target datanode 4b5b3e4a-279e-4a78-9dfc-3e823239d50b for container move.
2023-06-18 19:16:03,874 [main] INFO  balancer.ContainerBalancerTask (ContainerBalancerTask.java:processMoveSelection(569)) - ContainerBalancer is trying to move container #71 with size 3221225472B from source datanode f561b242-3335-48fc-9447-4b53fc7bc5f8 to target datanode 4b5b3e4a-279e-4a78-9dfc-3e823239d50b
2023-06-18 19:16:03,874 [main] DEBUG balancer.ContainerBalancerTask (ContainerBalancerTask.java:lambda$moveContainer$3(834)) - Container move completed for container #71 from source f561b242-3335-48fc-9447-4b53fc7bc5f8 to target 4b5b3e4a-279e-4a78-9dfc-3e823239d50b
2023-06-18 19:16:03,878 [main] DEBUG balancer.ContainerBalancerTask (ContainerBalancerTask.java:matchSourceWithTarget(706)) - ContainerBalancer is finding suitable target for source datanode 2cb4ee9e-c19c-404f-a3ed-3d6144041b50
2023-06-18 19:16:03,878 [main] INFO  balancer.ContainerBalancerTask (ContainerBalancerTask.java:matchSourceWithTarget(720)) - ContainerBalancer matched source datanode 2cb4ee9e-c19c-404f-a3ed-3d6144041b50 with target datanode 4b5b3e4a-279e-4a78-9dfc-3e823239d50b for container move.
2023-06-18 19:16:03,878 [main] INFO  balancer.ContainerBalancerTask (ContainerBalancerTask.java:processMoveSelection(569)) - ContainerBalancer is trying to move container #84 with size 4294967296B from source datanode 2cb4ee9e-c19c-404f-a3ed-3d6144041b50 to target datanode 4b5b3e4a-279e-4a78-9dfc-3e823239d50b
2023-06-18 19:16:03,878 [main] DEBUG balancer.ContainerBalancerTask (ContainerBalancerTask.java:lambda$moveContainer$3(834)) - Container move completed for container #84 from source 2cb4ee9e-c19c-404f-a3ed-3d6144041b50 to target 4b5b3e4a-279e-4a78-9dfc-3e823239d50b
2023-06-18 19:16:03,882 [main] DEBUG balancer.ContainerBalancerTask (ContainerBalancerTask.java:matchSourceWithTarget(706)) - ContainerBalancer is finding suitable target for source datanode f561b242-3335-48fc-9447-4b53fc7bc5f8
2023-06-18 19:16:03,882 [main] INFO  balancer.ContainerBalancerTask (ContainerBalancerTask.java:matchSourceWithTarget(720)) - ContainerBalancer matched source datanode f561b242-3335-48fc-9447-4b53fc7bc5f8 with target datanode da14d8b9-c267-45c1-b6d1-d5ce70c927be for container move.
2023-06-18 19:16:03,882 [main] INFO  balancer.ContainerBalancerTask (ContainerBalancerTask.java:processMoveSelection(569)) - ContainerBalancer is trying to move container #68 with size 5368709120B from source datanode f561b242-3335-48fc-9447-4b53fc7bc5f8 to target datanode da14d8b9-c267-45c1-b6d1-d5ce70c927be
2023-06-18 19:16:03,882 [main] DEBUG balancer.ContainerBalancerTask (ContainerBalancerTask.java:lambda$moveContainer$3(834)) - Container move completed for container #68 from source f561b242-3335-48fc-9447-4b53fc7bc5f8 to target da14d8b9-c267-45c1-b6d1-d5ce70c927be
2023-06-18 19:16:03,885 [main] DEBUG balancer.ContainerBalancerTask (ContainerBalancerTask.java:matchSourceWithTarget(706)) - ContainerBalancer is finding suitable target for source datanode 7859977f-1ea7-4bc0-b7d1-c26742d71d21
2023-06-18 19:16:03,885 [main] INFO  balancer.ContainerBalancerTask (ContainerBalancerTask.java:matchSourceWithTarget(720)) - ContainerBalancer matched source datanode 7859977f-1ea7-4bc0-b7d1-c26742d71d21 with target datanode 4b5b3e4a-279e-4a78-9dfc-3e823239d50b for container move.
2023-06-18 19:16:03,885 [main] INFO  balancer.ContainerBalancerTask (ContainerBalancerTask.java:processMoveSelection(569)) - ContainerBalancer is trying to move container #52 with size 4294967296B from source datanode 7859977f-1ea7-4bc0-b7d1-c26742d71d21 to target datanode 4b5b3e4a-279e-4a78-9dfc-3e823239d50b
2023-06-18 19:16:03,886 [main] DEBUG balancer.ContainerBalancerTask (ContainerBalancerTask.java:lambda$moveContainer$3(834)) - Container move completed for container #52 from source 7859977f-1ea7-4bc0-b7d1-c26742d71d21 to target 4b5b3e4a-279e-4a78-9dfc-3e823239d50b
2023-06-18 19:16:03,889 [main] DEBUG balancer.ContainerBalancerTask (ContainerBalancerTask.java:matchSourceWithTarget(706)) - ContainerBalancer is finding suitable target for source datanode b8442ff8-62ef-46df-9b6d-d4389bc10a30
2023-06-18 19:16:03,889 [main] INFO  balancer.ContainerBalancerTask (ContainerBalancerTask.java:matchSourceWithTarget(720)) - ContainerBalancer matched source datanode b8442ff8-62ef-46df-9b6d-d4389bc10a30 with target datanode 4b5b3e4a-279e-4a78-9dfc-3e823239d50b for container move.
2023-06-18 19:16:03,889 [main] INFO  balancer.ContainerBalancerTask (ContainerBalancerTask.java:processMoveSelection(569)) - ContainerBalancer is trying to move container #37 with size 2147483648B from source datanode b8442ff8-62ef-46df-9b6d-d4389bc10a30 to target datanode 4b5b3e4a-279e-4a78-9dfc-3e823239d50b
2023-06-18 19:16:03,889 [main] DEBUG balancer.ContainerBalancerTask (ContainerBalancerTask.java:lambda$moveContainer$3(834)) - Container move completed for container #37 from source b8442ff8-62ef-46df-9b6d-d4389bc10a30 to target 4b5b3e4a-279e-4a78-9dfc-3e823239d50b
2023-06-18 19:16:03,890 [main] WARN  balancer.ContainerBalancerTask (ContainerBalancerTask.java:reachedMaxSizeToMovePerIteration(731)) - Reached max size to move limit. 53687091200 bytes have already been scheduled for balancing and the limit is 53687091200 bytes.
2023-06-18 19:16:03,890 [main] INFO  balancer.ContainerBalancerTask (ContainerBalancerTask.java:checkIterationMoveResults(640)) - Iteration Summary. Number of Datanodes involved: 7. Size moved: 50 GB (53687091200 Bytes). Number of Container moves completed: 12.
2023-06-18 19:16:03,890 [main] INFO  balancer.ContainerBalancerTask (ContainerBalancerTask.java:balance(259)) - Result of this iteration of Container Balancer: ITERATION_COMPLETED
2023-06-18 19:16:03,890 [main] INFO  balancer.ContainerBalancerTask (ContainerBalancerTask.java:tryStopWithSaveConfiguration(308)) - Save Configuration for stopping. Reason: Completed all iterations.
2023-06-18 19:16:03,891 [main] DEBUG balancer.ContainerBalancerTask (ContainerBalancerTask.java:initializeIteration(374)) - Average utilization of the cluster is 0.3528343298275165
2023-06-18 19:16:03,891 [main] DEBUG balancer.ContainerBalancerTask (ContainerBalancerTask.java:initializeIteration(386)) - Lower limit for utilization is -0.5366955182620465 and Upper limit for utilization is 1.2423641779170795
2023-06-18 19:16:03,891 [main] DEBUG balancer.ContainerBalancerTask (ContainerBalancerTask.java:initializeIteration(398)) - Utilization for node 2cb4ee9e-c19c-404f-a3ed-3d6144041b50 with capacity 73968881208B, used 66571993088B, and remaining 7396888120B is 0.9000000000108154
2023-06-18 19:16:03,891 [main] DEBUG balancer.ContainerBalancerTask (ContainerBalancerTask.java:initializeIteration(398)) - Utilization for node f561b242-3335-48fc-9447-4b53fc7bc5f8 with capacity 67108864000B, used 53687091200B, and remaining 13421772800B is 0.8
2023-06-18 19:16:03,891 [main] DEBUG balancer.ContainerBalancerTask (ContainerBalancerTask.java:initializeIteration(398)) - Utilization for node 7859977f-1ea7-4bc0-b7d1-c26742d71d21 with capacity 65958426331B, used 46170898432B, and remaining 19787527899B is 0.7000000000045483
2023-06-18 19:16:03,891 [main] DEBUG balancer.ContainerBalancerTask (ContainerBalancerTask.java:initializeIteration(398)) - Utilization for node b8442ff8-62ef-46df-9b6d-d4389bc10a30 with capacity 60845370026B, used 36507222016B, and remaining 24338148010B is 0.600000000006574
2023-06-18 19:16:03,892 [main] DEBUG balancer.ContainerBalancerTask (ContainerBalancerTask.java:initializeIteration(398)) - Utilization for node cbebd0b5-ef73-44e7-b715-317ca461999f with capacity 77309411328B, used 38654705664B, and remaining 38654705664B is 0.5
2023-06-18 19:16:03,892 [main] DEBUG balancer.ContainerBalancerTask (ContainerBalancerTask.java:initializeIteration(398)) - Utilization for node 81f146c9-30f4-49b4-9849-732517a5c152 with capacity 136902082560B, used 54760833024B, and remaining 82141249536B is 0.4
2023-06-18 19:16:03,892 [main] DEBUG balancer.ContainerBalancerTask (ContainerBalancerTask.java:initializeIteration(398)) - Utilization for node e8b04c08-93ad-4b6c-960d-529125ea2b59 with capacity 114532461226B, used 34359738368B, and remaining 80172722858B is 0.3000000000017462
2023-06-18 19:16:03,892 [main] DEBUG balancer.ContainerBalancerTask (ContainerBalancerTask.java:initializeIteration(398)) - Utilization for node da14d8b9-c267-45c1-b6d1-d5ce70c927be with capacity 150323855360B, used 30064771072B, and remaining 120259084288B is 0.2
2023-06-18 19:16:03,892 [main] DEBUG balancer.ContainerBalancerTask (ContainerBalancerTask.java:initializeIteration(398)) - Utilization for node 4b5b3e4a-279e-4a78-9dfc-3e823239d50b with capacity 365072220160B, used 36507222016B, and remaining 328564998144B is 0.1
2023-06-18 19:16:03,892 [main] DEBUG balancer.ContainerBalancerTask (ContainerBalancerTask.java:initializeIteration(398)) - Utilization for node 46443b0c-81fa-4a6f-9d37-a7a3c6263282 with capacity 13958643712B, used 0B, and remaining 13958643712B is 0.0
2023-06-18 19:16:03,892 [main] INFO  balancer.ContainerBalancerTask (ContainerBalancerTask.java:initializeIteration(443)) - Did not find any unbalanced Datanodes.
2023-06-18 19:16:03,892 [main] INFO  balancer.ContainerBalancerTask (ContainerBalancerTask.java:tryStopWithSaveConfiguration(308)) - Save Configuration for stopping. Reason: Could not initialize ContainerBalancer's iteration number 0
2023-06-18 19:16:03,893 [main] DEBUG balancer.ContainerBalancerTask (ContainerBalancerTask.java:initializeIteration(374)) - Average utilization of the cluster is 0.3528343298275165
2023-06-18 19:16:03,893 [main] DEBUG balancer.ContainerBalancerTask (ContainerBalancerTask.java:initializeIteration(386)) - Lower limit for utilization is -0.5983318833707666 and Upper limit for utilization is 1.3040005430257997
2023-06-18 19:16:03,893 [main] DEBUG balancer.ContainerBalancerTask (ContainerBalancerTask.java:initializeIteration(398)) - Utilization for node 2cb4ee9e-c19c-404f-a3ed-3d6144041b50 with capacity 73968881208B, used 66571993088B, and remaining 7396888120B is 0.9000000000108154
2023-06-18 19:16:03,893 [main] DEBUG balancer.ContainerBalancerTask (ContainerBalancerTask.java:initializeIteration(398)) - Utilization for node f561b242-3335-48fc-9447-4b53fc7bc5f8 with capacity 67108864000B, used 53687091200B, and remaining 13421772800B is 0.8
2023-06-18 19:16:03,894 [main] DEBUG balancer.ContainerBalancerTask (ContainerBalancerTask.java:initializeIteration(398)) - Utilization for node 7859977f-1ea7-4bc0-b7d1-c26742d71d21 with capacity 65958426331B, used 46170898432B, and remaining 19787527899B is 0.7000000000045483
2023-06-18 19:16:03,894 [main] DEBUG balancer.ContainerBalancerTask (ContainerBalancerTask.java:initializeIteration(398)) - Utilization for node b8442ff8-62ef-46df-9b6d-d4389bc10a30 with capacity 60845370026B, used 36507222016B, and remaining 24338148010B is 0.600000000006574
2023-06-18 19:16:03,894 [main] DEBUG balancer.ContainerBalancerTask (ContainerBalancerTask.java:initializeIteration(398)) - Utilization for node cbebd0b5-ef73-44e7-b715-317ca461999f with capacity 77309411328B, used 38654705664B, and remaining 38654705664B is 0.5
2023-06-18 19:16:03,894 [main] DEBUG balancer.ContainerBalancerTask (ContainerBalancerTask.java:initializeIteration(398)) - Utilization for node 81f146c9-30f4-49b4-9849-732517a5c152 with capacity 136902082560B, used 54760833024B, and remaining 82141249536B is 0.4
2023-06-18 19:16:03,894 [main] DEBUG balancer.ContainerBalancerTask (ContainerBalancerTask.java:initializeIteration(398)) - Utilization for node e8b04c08-93ad-4b6c-960d-529125ea2b59 with capacity 114532461226B, used 34359738368B, and remaining 80172722858B is 0.3000000000017462
2023-06-18 19:16:03,894 [main] DEBUG balancer.ContainerBalancerTask (ContainerBalancerTask.java:initializeIteration(398)) - Utilization for node da14d8b9-c267-45c1-b6d1-d5ce70c927be with capacity 150323855360B, used 30064771072B, and remaining 120259084288B is 0.2
2023-06-18 19:16:03,894 [main] DEBUG balancer.ContainerBalancerTask (ContainerBalancerTask.java:initializeIteration(398)) - Utilization for node 4b5b3e4a-279e-4a78-9dfc-3e823239d50b with capacity 365072220160B, used 36507222016B, and remaining 328564998144B is 0.1
2023-06-18 19:16:03,894 [main] DEBUG balancer.ContainerBalancerTask (ContainerBalancerTask.java:initializeIteration(398)) - Utilization for node 46443b0c-81fa-4a6f-9d37-a7a3c6263282 with capacity 13958643712B, used 0B, and remaining 13958643712B is 0.0
2023-06-18 19:16:03,894 [main] INFO  balancer.ContainerBalancerTask (ContainerBalancerTask.java:initializeIteration(443)) - Did not find any unbalanced Datanodes.
2023-06-18 19:16:03,894 [main] INFO  balancer.ContainerBalancerTask (ContainerBalancerTask.java:tryStopWithSaveConfiguration(308)) - Save Configuration for stopping. Reason: Could not initialize ContainerBalancer's iteration number 0
2023-06-18 19:16:03,895 [main] DEBUG balancer.ContainerBalancerTask (ContainerBalancerTask.java:initializeIteration(374)) - Average utilization of the cluster is 0.3528343298275165
2023-06-18 19:16:03,895 [main] DEBUG balancer.ContainerBalancerTask (ContainerBalancerTask.java:initializeIteration(386)) - Lower limit for utilization is -0.5752873920741353 and Upper limit for utilization is 1.2809560517291683
2023-06-18 19:16:03,895 [main] DEBUG balancer.ContainerBalancerTask (ContainerBalancerTask.java:initializeIteration(398)) - Utilization for node 2cb4ee9e-c19c-404f-a3ed-3d6144041b50 with capacity 73968881208B, used 66571993088B, and remaining 7396888120B is 0.9000000000108154
2023-06-18 19:16:03,895 [main] DEBUG balancer.ContainerBalancerTask (ContainerBalancerTask.java:initializeIteration(398)) - Utilization for node f561b242-3335-48fc-9447-4b53fc7bc5f8 with capacity 67108864000B, used 53687091200B, and remaining 13421772800B is 0.8
2023-06-18 19:16:03,896 [main] DEBUG balancer.ContainerBalancerTask (ContainerBalancerTask.java:initializeIteration(398)) - Utilization for node 7859977f-1ea7-4bc0-b7d1-c26742d71d21 with capacity 65958426331B, used 46170898432B, and remaining 19787527899B is 0.7000000000045483
2023-06-18 19:16:03,896 [main] DEBUG balancer.ContainerBalancerTask (ContainerBalancerTask.java:initializeIteration(398)) - Utilization for node b8442ff8-62ef-46df-9b6d-d4389bc10a30 with capacity 60845370026B, used 36507222016B, and remaining 24338148010B is 0.600000000006574
2023-06-18 19:16:03,896 [main] DEBUG balancer.ContainerBalancerTask (ContainerBalancerTask.java:initializeIteration(398)) - Utilization for node cbebd0b5-ef73-44e7-b715-317ca461999f with capacity 77309411328B, used 38654705664B, and remaining 38654705664B is 0.5
2023-06-18 19:16:03,896 [main] DEBUG balancer.ContainerBalancerTask (ContainerBalancerTask.java:initializeIteration(398)) - Utilization for node 81f146c9-30f4-49b4-9849-732517a5c152 with capacity 136902082560B, used 54760833024B, and remaining 82141249536B is 0.4
2023-06-18 19:16:03,896 [main] DEBUG balancer.ContainerBalancerTask (ContainerBalancerTask.java:initializeIteration(398)) - Utilization for node e8b04c08-93ad-4b6c-960d-529125ea2b59 with capacity 114532461226B, used 34359738368B, and remaining 80172722858B is 0.3000000000017462
2023-06-18 19:16:03,896 [main] DEBUG balancer.ContainerBalancerTask (ContainerBalancerTask.java:initializeIteration(398)) - Utilization for node da14d8b9-c267-45c1-b6d1-d5ce70c927be with capacity 150323855360B, used 30064771072B, and remaining 120259084288B is 0.2
2023-06-18 19:16:03,896 [main] DEBUG balancer.ContainerBalancerTask (ContainerBalancerTask.java:initializeIteration(398)) - Utilization for node 4b5b3e4a-279e-4a78-9dfc-3e823239d50b with capacity 365072220160B, used 36507222016B, and remaining 328564998144B is 0.1
2023-06-18 19:16:03,896 [main] DEBUG balancer.ContainerBalancerTask (ContainerBalancerTask.java:initializeIteration(398)) - Utilization for node 46443b0c-81fa-4a6f-9d37-a7a3c6263282 with capacity 13958643712B, used 0B, and remaining 13958643712B is 0.0
2023-06-18 19:16:03,896 [main] INFO  balancer.ContainerBalancerTask (ContainerBalancerTask.java:initializeIteration(443)) - Did not find any unbalanced Datanodes.
2023-06-18 19:16:03,896 [main] INFO  balancer.ContainerBalancerTask (ContainerBalancerTask.java:tryStopWithSaveConfiguration(308)) - Save Configuration for stopping. Reason: Could not initialize ContainerBalancer's iteration number 0
2023-06-18 19:16:03,897 [main] DEBUG balancer.ContainerBalancerTask (ContainerBalancerTask.java:initializeIteration(374)) - Average utilization of the cluster is 0.3528343298275165
2023-06-18 19:16:03,897 [main] DEBUG balancer.ContainerBalancerTask (ContainerBalancerTask.java:initializeIteration(386)) - Lower limit for utilization is -0.4034241227939386 and Upper limit for utilization is 1.1090927824489716
2023-06-18 19:16:03,897 [main] DEBUG balancer.ContainerBalancerTask (ContainerBalancerTask.java:initializeIteration(398)) - Utilization for node 2cb4ee9e-c19c-404f-a3ed-3d6144041b50 with capacity 73968881208B, used 66571993088B, and remaining 7396888120B is 0.9000000000108154
2023-06-18 19:16:03,897 [main] DEBUG balancer.ContainerBalancerTask (ContainerBalancerTask.java:initializeIteration(398)) - Utilization for node f561b242-3335-48fc-9447-4b53fc7bc5f8 with capacity 67108864000B, used 53687091200B, and remaining 13421772800B is 0.8
2023-06-18 19:16:03,898 [main] DEBUG balancer.ContainerBalancerTask (ContainerBalancerTask.java:initializeIteration(398)) - Utilization for node 7859977f-1ea7-4bc0-b7d1-c26742d71d21 with capacity 65958426331B, used 46170898432B, and remaining 19787527899B is 0.7000000000045483
2023-06-18 19:16:03,898 [main] DEBUG balancer.ContainerBalancerTask (ContainerBalancerTask.java:initializeIteration(398)) - Utilization for node b8442ff8-62ef-46df-9b6d-d4389bc10a30 with capacity 60845370026B, used 36507222016B, and remaining 24338148010B is 0.600000000006574
2023-06-18 19:16:03,898 [main] DEBUG balancer.ContainerBalancerTask (ContainerBalancerTask.java:initializeIteration(398)) - Utilization for node cbebd0b5-ef73-44e7-b715-317ca461999f with capacity 77309411328B, used 38654705664B, and remaining 38654705664B is 0.5
2023-06-18 19:16:03,898 [main] DEBUG balancer.ContainerBalancerTask (ContainerBalancerTask.java:initializeIteration(398)) - Utilization for node 81f146c9-30f4-49b4-9849-732517a5c152 with capacity 136902082560B, used 54760833024B, and remaining 82141249536B is 0.4
2023-06-18 19:16:03,898 [main] DEBUG balancer.ContainerBalancerTask (ContainerBalancerTask.java:initializeIteration(398)) - Utilization for node e8b04c08-93ad-4b6c-960d-529125ea2b59 with capacity 114532461226B, used 34359738368B, and remaining 80172722858B is 0.3000000000017462
2023-06-18 19:16:03,898 [main] DEBUG balancer.ContainerBalancerTask (ContainerBalancerTask.java:initializeIteration(398)) - Utilization for node da14d8b9-c267-45c1-b6d1-d5ce70c927be with capacity 150323855360B, used 30064771072B, and remaining 120259084288B is 0.2
2023-06-18 19:16:03,898 [main] DEBUG balancer.ContainerBalancerTask (ContainerBalancerTask.java:initializeIteration(398)) - Utilization for node 4b5b3e4a-279e-4a78-9dfc-3e823239d50b with capacity 365072220160B, used 36507222016B, and remaining 328564998144B is 0.1
2023-06-18 19:16:03,898 [main] DEBUG balancer.ContainerBalancerTask (ContainerBalancerTask.java:initializeIteration(398)) - Utilization for node 46443b0c-81fa-4a6f-9d37-a7a3c6263282 with capacity 13958643712B, used 0B, and remaining 13958643712B is 0.0
2023-06-18 19:16:03,898 [main] INFO  balancer.ContainerBalancerTask (ContainerBalancerTask.java:initializeIteration(443)) - Did not find any unbalanced Datanodes.
2023-06-18 19:16:03,899 [main] INFO  balancer.ContainerBalancerTask (ContainerBalancerTask.java:tryStopWithSaveConfiguration(308)) - Save Configuration for stopping. Reason: Could not initialize ContainerBalancer's iteration number 0
2023-06-18 19:16:03,899 [main] DEBUG balancer.ContainerBalancerTask (ContainerBalancerTask.java:initializeIteration(374)) - Average utilization of the cluster is 0.3528343298275165
2023-06-18 19:16:03,899 [main] DEBUG balancer.ContainerBalancerTask (ContainerBalancerTask.java:initializeIteration(386)) - Lower limit for utilization is -0.4340355494940481 and Upper limit for utilization is 1.1397042091490812
2023-06-18 19:16:03,900 [main] DEBUG balancer.ContainerBalancerTask (ContainerBalancerTask.java:initializeIteration(398)) - Utilization for node 2cb4ee9e-c19c-404f-a3ed-3d6144041b50 with capacity 73968881208B, used 66571993088B, and remaining 7396888120B is 0.9000000000108154
2023-06-18 19:16:03,900 [main] DEBUG balancer.ContainerBalancerTask (ContainerBalancerTask.java:initializeIteration(398)) - Utilization for node f561b242-3335-48fc-9447-4b53fc7bc5f8 with capacity 67108864000B, used 53687091200B, and remaining 13421772800B is 0.8
2023-06-18 19:16:03,900 [main] DEBUG balancer.ContainerBalancerTask (ContainerBalancerTask.java:initializeIteration(398)) - Utilization for node 7859977f-1ea7-4bc0-b7d1-c26742d71d21 with capacity 65958426331B, used 46170898432B, and remaining 19787527899B is 0.7000000000045483
2023-06-18 19:16:03,900 [main] DEBUG balancer.ContainerBalancerTask (ContainerBalancerTask.java:initializeIteration(398)) - Utilization for node b8442ff8-62ef-46df-9b6d-d4389bc10a30 with capacity 60845370026B, used 36507222016B, and remaining 24338148010B is 0.600000000006574
2023-06-18 19:16:03,900 [main] DEBUG balancer.ContainerBalancerTask (ContainerBalancerTask.java:initializeIteration(398)) - Utilization for node cbebd0b5-ef73-44e7-b715-317ca461999f with capacity 77309411328B, used 38654705664B, and remaining 38654705664B is 0.5
2023-06-18 19:16:03,900 [main] DEBUG balancer.ContainerBalancerTask (ContainerBalancerTask.java:initializeIteration(398)) - Utilization for node 81f146c9-30f4-49b4-9849-732517a5c152 with capacity 136902082560B, used 54760833024B, and remaining 82141249536B is 0.4
2023-06-18 19:16:03,900 [main] DEBUG balancer.ContainerBalancerTask (ContainerBalancerTask.java:initializeIteration(398)) - Utilization for node e8b04c08-93ad-4b6c-960d-529125ea2b59 with capacity 114532461226B, used 34359738368B, and remaining 80172722858B is 0.3000000000017462
2023-06-18 19:16:03,900 [main] DEBUG balancer.ContainerBalancerTask (ContainerBalancerTask.java:initializeIteration(398)) - Utilization for node da14d8b9-c267-45c1-b6d1-d5ce70c927be with capacity 150323855360B, used 30064771072B, and remaining 120259084288B is 0.2
2023-06-18 19:16:03,900 [main] DEBUG balancer.ContainerBalancerTask (ContainerBalancerTask.java:initializeIteration(398)) - Utilization for node 4b5b3e4a-279e-4a78-9dfc-3e823239d50b with capacity 365072220160B, used 36507222016B, and remaining 328564998144B is 0.1
2023-06-18 19:16:03,900 [main] DEBUG balancer.ContainerBalancerTask (ContainerBalancerTask.java:initializeIteration(398)) - Utilization for node 46443b0c-81fa-4a6f-9d37-a7a3c6263282 with capacity 13958643712B, used 0B, and remaining 13958643712B is 0.0
2023-06-18 19:16:03,901 [main] INFO  balancer.ContainerBalancerTask (ContainerBalancerTask.java:initializeIteration(443)) - Did not find any unbalanced Datanodes.
2023-06-18 19:16:03,901 [main] INFO  balancer.ContainerBalancerTask (ContainerBalancerTask.java:tryStopWithSaveConfiguration(308)) - Save Configuration for stopping. Reason: Could not initialize ContainerBalancer's iteration number 0
2023-06-18 19:16:03,901 [main] DEBUG balancer.ContainerBalancerTask (ContainerBalancerTask.java:initializeIteration(374)) - Average utilization of the cluster is 0.3528343298275165
2023-06-18 19:16:03,902 [main] DEBUG balancer.ContainerBalancerTask (ContainerBalancerTask.java:initializeIteration(386)) - Lower limit for utilization is 0.028825850300804423 and Upper limit for utilization is 0.6768428093542286
2023-06-18 19:16:03,902 [main] DEBUG balancer.ContainerBalancerTask (ContainerBalancerTask.java:initializeIteration(398)) - Utilization for node 2cb4ee9e-c19c-404f-a3ed-3d6144041b50 with capacity 73968881208B, used 66571993088B, and remaining 7396888120B is 0.9000000000108154
2023-06-18 19:16:03,902 [main] DEBUG balancer.ContainerBalancerTask (ContainerBalancerTask.java:initializeIteration(398)) - Utilization for node f561b242-3335-48fc-9447-4b53fc7bc5f8 with capacity 67108864000B, used 53687091200B, and remaining 13421772800B is 0.8
2023-06-18 19:16:03,902 [main] DEBUG balancer.ContainerBalancerTask (ContainerBalancerTask.java:initializeIteration(398)) - Utilization for node 7859977f-1ea7-4bc0-b7d1-c26742d71d21 with capacity 65958426331B, used 46170898432B, and remaining 19787527899B is 0.7000000000045483
2023-06-18 19:16:03,902 [main] DEBUG balancer.ContainerBalancerTask (ContainerBalancerTask.java:initializeIteration(398)) - Utilization for node b8442ff8-62ef-46df-9b6d-d4389bc10a30 with capacity 60845370026B, used 36507222016B, and remaining 24338148010B is 0.600000000006574
2023-06-18 19:16:03,902 [main] DEBUG balancer.ContainerBalancerTask (ContainerBalancerTask.java:initializeIteration(398)) - Utilization for node cbebd0b5-ef73-44e7-b715-317ca461999f with capacity 77309411328B, used 38654705664B, and remaining 38654705664B is 0.5
2023-06-18 19:16:03,902 [main] DEBUG balancer.ContainerBalancerTask (ContainerBalancerTask.java:initializeIteration(398)) - Utilization for node 81f146c9-30f4-49b4-9849-732517a5c152 with capacity 136902082560B, used 54760833024B, and remaining 82141249536B is 0.4
2023-06-18 19:16:03,902 [main] DEBUG balancer.ContainerBalancerTask (ContainerBalancerTask.java:initializeIteration(398)) - Utilization for node e8b04c08-93ad-4b6c-960d-529125ea2b59 with capacity 114532461226B, used 34359738368B, and remaining 80172722858B is 0.3000000000017462
2023-06-18 19:16:03,902 [main] DEBUG balancer.ContainerBalancerTask (ContainerBalancerTask.java:initializeIteration(398)) - Utilization for node da14d8b9-c267-45c1-b6d1-d5ce70c927be with capacity 150323855360B, used 30064771072B, and remaining 120259084288B is 0.2
2023-06-18 19:16:03,902 [main] DEBUG balancer.ContainerBalancerTask (ContainerBalancerTask.java:initializeIteration(398)) - Utilization for node 4b5b3e4a-279e-4a78-9dfc-3e823239d50b with capacity 365072220160B, used 36507222016B, and remaining 328564998144B is 0.1
2023-06-18 19:16:03,903 [main] DEBUG balancer.ContainerBalancerTask (ContainerBalancerTask.java:initializeIteration(398)) - Utilization for node 46443b0c-81fa-4a6f-9d37-a7a3c6263282 with capacity 13958643712B, used 0B, and remaining 13958643712B is 0.0
2023-06-18 19:16:03,903 [main] INFO  balancer.ContainerBalancerTask (ContainerBalancerTask.java:initializeIteration(447)) - Container Balancer has identified 3 Over-Utilized and 1 Under-Utilized Datanodes that need to be balanced.
2023-06-18 19:16:03,903 [main] DEBUG balancer.ContainerBalancerTask (ContainerBalancerTask.java:lambda$initializeIteration$1(453)) - Datanode localhost-123.239.245.20 2cb4ee9e-c19c-404f-a3ed-3d6144041b50 is Over-Utilized.
2023-06-18 19:16:03,903 [main] DEBUG balancer.ContainerBalancerTask (ContainerBalancerTask.java:lambda$initializeIteration$1(453)) - Datanode localhost-138.41.221.160 f561b242-3335-48fc-9447-4b53fc7bc5f8 is Over-Utilized.
2023-06-18 19:16:03,903 [main] DEBUG balancer.ContainerBalancerTask (ContainerBalancerTask.java:lambda$initializeIteration$1(453)) - Datanode localhost-48.244.249.90 7859977f-1ea7-4bc0-b7d1-c26742d71d21 is Over-Utilized.
2023-06-18 19:16:03,903 [main] DEBUG balancer.ContainerBalancerTask (ContainerBalancerTask.java:lambda$initializeIteration$2(459)) - Datanode localhost-93.64.31.108 46443b0c-81fa-4a6f-9d37-a7a3c6263282 is Under-Utilized.
2023-06-18 19:16:03,907 [main] DEBUG balancer.ContainerBalancerTask (ContainerBalancerTask.java:matchSourceWithTarget(706)) - ContainerBalancer is finding suitable target for source datanode 2cb4ee9e-c19c-404f-a3ed-3d6144041b50
2023-06-18 19:16:03,907 [main] INFO  balancer.ContainerBalancerTask (ContainerBalancerTask.java:matchSourceWithTarget(720)) - ContainerBalancer matched source datanode 2cb4ee9e-c19c-404f-a3ed-3d6144041b50 with target datanode 46443b0c-81fa-4a6f-9d37-a7a3c6263282 for container move.
2023-06-18 19:16:03,907 [main] INFO  balancer.ContainerBalancerTask (ContainerBalancerTask.java:processMoveSelection(569)) - ContainerBalancer is trying to move container #85 with size 5368709120B from source datanode 2cb4ee9e-c19c-404f-a3ed-3d6144041b50 to target datanode 46443b0c-81fa-4a6f-9d37-a7a3c6263282
2023-06-18 19:16:03,907 [main] DEBUG balancer.ContainerBalancerTask (ContainerBalancerTask.java:lambda$moveContainer$3(834)) - Container move completed for container #85 from source 2cb4ee9e-c19c-404f-a3ed-3d6144041b50 to target 46443b0c-81fa-4a6f-9d37-a7a3c6263282
2023-06-18 19:16:03,911 [main] DEBUG balancer.ContainerBalancerTask (ContainerBalancerTask.java:matchSourceWithTarget(706)) - ContainerBalancer is finding suitable target for source datanode 2cb4ee9e-c19c-404f-a3ed-3d6144041b50
2023-06-18 19:16:03,912 [main] INFO  balancer.ContainerBalancerTask (ContainerBalancerTask.java:matchSourceWithTarget(720)) - ContainerBalancer matched source datanode 2cb4ee9e-c19c-404f-a3ed-3d6144041b50 with target datanode 46443b0c-81fa-4a6f-9d37-a7a3c6263282 for container move.
2023-06-18 19:16:03,912 [main] INFO  balancer.ContainerBalancerTask (ContainerBalancerTask.java:processMoveSelection(569)) - ContainerBalancer is trying to move container #88 with size 3221225472B from source datanode 2cb4ee9e-c19c-404f-a3ed-3d6144041b50 to target datanode 46443b0c-81fa-4a6f-9d37-a7a3c6263282
2023-06-18 19:16:03,912 [main] DEBUG balancer.ContainerBalancerTask (ContainerBalancerTask.java:lambda$moveContainer$3(834)) - Container move completed for container #88 from source 2cb4ee9e-c19c-404f-a3ed-3d6144041b50 to target 46443b0c-81fa-4a6f-9d37-a7a3c6263282
2023-06-18 19:16:03,915 [main] DEBUG balancer.ContainerBalancerTask (ContainerBalancerTask.java:matchSourceWithTarget(706)) - ContainerBalancer is finding suitable target for source datanode f561b242-3335-48fc-9447-4b53fc7bc5f8
2023-06-18 19:16:03,916 [main] INFO  balancer.FindTargetGreedyByUsageInfo (AbstractFindTargetGreedy.java:findTargetForContainerMove(133)) - Container Balancer could not find a target for source datanode f561b242-3335-48fc-9447-4b53fc7bc5f8
2023-06-18 19:16:03,916 [main] DEBUG balancer.ContainerBalancerTask (ContainerBalancerTask.java:matchSourceWithTarget(715)) - ContainerBalancer could not find a suitable target for source node f561b242-3335-48fc-9447-4b53fc7bc5f8.
2023-06-18 19:16:03,920 [main] DEBUG balancer.ContainerBalancerTask (ContainerBalancerTask.java:matchSourceWithTarget(706)) - ContainerBalancer is finding suitable target for source datanode 2cb4ee9e-c19c-404f-a3ed-3d6144041b50
2023-06-18 19:16:03,921 [main] INFO  balancer.FindTargetGreedyByUsageInfo (AbstractFindTargetGreedy.java:findTargetForContainerMove(133)) - Container Balancer could not find a target for source datanode 2cb4ee9e-c19c-404f-a3ed-3d6144041b50
2023-06-18 19:16:03,921 [main] DEBUG balancer.ContainerBalancerTask (ContainerBalancerTask.java:matchSourceWithTarget(715)) - ContainerBalancer could not find a suitable target for source node 2cb4ee9e-c19c-404f-a3ed-3d6144041b50.
2023-06-18 19:16:03,924 [main] DEBUG balancer.ContainerBalancerTask (ContainerBalancerTask.java:matchSourceWithTarget(706)) - ContainerBalancer is finding suitable target for source datanode 7859977f-1ea7-4bc0-b7d1-c26742d71d21
2023-06-18 19:16:03,924 [main] INFO  balancer.FindTargetGreedyByUsageInfo (AbstractFindTargetGreedy.java:findTargetForContainerMove(133)) - Container Balancer could not find a target for source datanode 7859977f-1ea7-4bc0-b7d1-c26742d71d21
2023-06-18 19:16:03,925 [main] DEBUG balancer.ContainerBalancerTask (ContainerBalancerTask.java:matchSourceWithTarget(715)) - ContainerBalancer could not find a suitable target for source node 7859977f-1ea7-4bc0-b7d1-c26742d71d21.
2023-06-18 19:16:03,925 [main] INFO  balancer.FindSourceGreedy (FindSourceGreedy.java:getNextCandidateSourceDataNode(126)) - no more candidate source data node
2023-06-18 19:16:03,925 [main] INFO  balancer.ContainerBalancerTask (ContainerBalancerTask.java:checkIterationMoveResults(640)) - Iteration Summary. Number of Datanodes involved: 2. Size moved: 8 GB (8589934592 Bytes). Number of Container moves completed: 2.
2023-06-18 19:16:03,925 [main] INFO  balancer.ContainerBalancerTask (ContainerBalancerTask.java:balance(259)) - Result of this iteration of Container Balancer: ITERATION_COMPLETED
2023-06-18 19:16:03,925 [main] INFO  balancer.ContainerBalancerTask (ContainerBalancerTask.java:tryStopWithSaveConfiguration(308)) - Save Configuration for stopping. Reason: Completed all iterations.
2023-06-18 19:16:03,926 [main] DEBUG balancer.ContainerBalancerTask (ContainerBalancerTask.java:initializeIteration(374)) - Average utilization of the cluster is 0.3528343298275165
2023-06-18 19:16:03,926 [main] DEBUG balancer.ContainerBalancerTask (ContainerBalancerTask.java:initializeIteration(386)) - Lower limit for utilization is -0.6091857614440982 and Upper limit for utilization is 1.314854421099131
2023-06-18 19:16:03,926 [main] DEBUG balancer.ContainerBalancerTask (ContainerBalancerTask.java:initializeIteration(398)) - Utilization for node 2cb4ee9e-c19c-404f-a3ed-3d6144041b50 with capacity 73968881208B, used 66571993088B, and remaining 7396888120B is 0.9000000000108154
2023-06-18 19:16:03,926 [main] DEBUG balancer.ContainerBalancerTask (ContainerBalancerTask.java:initializeIteration(398)) - Utilization for node f561b242-3335-48fc-9447-4b53fc7bc5f8 with capacity 67108864000B, used 53687091200B, and remaining 13421772800B is 0.8
2023-06-18 19:16:03,927 [main] DEBUG balancer.ContainerBalancerTask (ContainerBalancerTask.java:initializeIteration(398)) - Utilization for node 7859977f-1ea7-4bc0-b7d1-c26742d71d21 with capacity 65958426331B, used 46170898432B, and remaining 19787527899B is 0.7000000000045483
2023-06-18 19:16:03,927 [main] DEBUG balancer.ContainerBalancerTask (ContainerBalancerTask.java:initializeIteration(398)) - Utilization for node b8442ff8-62ef-46df-9b6d-d4389bc10a30 with capacity 60845370026B, used 36507222016B, and remaining 24338148010B is 0.600000000006574
2023-06-18 19:16:03,927 [main] DEBUG balancer.ContainerBalancerTask (ContainerBalancerTask.java:initializeIteration(398)) - Utilization for node cbebd0b5-ef73-44e7-b715-317ca461999f with capacity 77309411328B, used 38654705664B, and remaining 38654705664B is 0.5
2023-06-18 19:16:03,927 [main] DEBUG balancer.ContainerBalancerTask (ContainerBalancerTask.java:initializeIteration(398)) - Utilization for node 81f146c9-30f4-49b4-9849-732517a5c152 with capacity 136902082560B, used 54760833024B, and remaining 82141249536B is 0.4
2023-06-18 19:16:03,927 [main] DEBUG balancer.ContainerBalancerTask (ContainerBalancerTask.java:initializeIteration(398)) - Utilization for node e8b04c08-93ad-4b6c-960d-529125ea2b59 with capacity 114532461226B, used 34359738368B, and remaining 80172722858B is 0.3000000000017462
2023-06-18 19:16:03,927 [main] DEBUG balancer.ContainerBalancerTask (ContainerBalancerTask.java:initializeIteration(398)) - Utilization for node da14d8b9-c267-45c1-b6d1-d5ce70c927be with capacity 150323855360B, used 30064771072B, and remaining 120259084288B is 0.2
2023-06-18 19:16:03,927 [main] DEBUG balancer.ContainerBalancerTask (ContainerBalancerTask.java:initializeIteration(398)) - Utilization for node 4b5b3e4a-279e-4a78-9dfc-3e823239d50b with capacity 365072220160B, used 36507222016B, and remaining 328564998144B is 0.1
2023-06-18 19:16:03,927 [main] DEBUG balancer.ContainerBalancerTask (ContainerBalancerTask.java:initializeIteration(398)) - Utilization for node 46443b0c-81fa-4a6f-9d37-a7a3c6263282 with capacity 13958643712B, used 0B, and remaining 13958643712B is 0.0
2023-06-18 19:16:03,927 [main] INFO  balancer.ContainerBalancerTask (ContainerBalancerTask.java:initializeIteration(443)) - Did not find any unbalanced Datanodes.
2023-06-18 19:16:03,928 [main] INFO  balancer.ContainerBalancerTask (ContainerBalancerTask.java:tryStopWithSaveConfiguration(308)) - Save Configuration for stopping. Reason: Could not initialize ContainerBalancer's iteration number 0
2023-06-18 19:16:03,928 [main] DEBUG balancer.ContainerBalancerTask (ContainerBalancerTask.java:initializeIteration(374)) - Average utilization of the cluster is 0.3528343298275165
2023-06-18 19:16:03,928 [main] DEBUG balancer.ContainerBalancerTask (ContainerBalancerTask.java:initializeIteration(386)) - Lower limit for utilization is 0.16854286502827073 and Upper limit for utilization is 0.5371257946267622
2023-06-18 19:16:03,929 [main] DEBUG balancer.ContainerBalancerTask (ContainerBalancerTask.java:initializeIteration(398)) - Utilization for node 2cb4ee9e-c19c-404f-a3ed-3d6144041b50 with capacity 73968881208B, used 66571993088B, and remaining 7396888120B is 0.9000000000108154
2023-06-18 19:16:03,929 [main] DEBUG balancer.ContainerBalancerTask (ContainerBalancerTask.java:initializeIteration(398)) - Utilization for node f561b242-3335-48fc-9447-4b53fc7bc5f8 with capacity 67108864000B, used 53687091200B, and remaining 13421772800B is 0.8
2023-06-18 19:16:03,929 [main] DEBUG balancer.ContainerBalancerTask (ContainerBalancerTask.java:initializeIteration(398)) - Utilization for node 7859977f-1ea7-4bc0-b7d1-c26742d71d21 with capacity 65958426331B, used 46170898432B, and remaining 19787527899B is 0.7000000000045483
2023-06-18 19:16:03,929 [main] DEBUG balancer.ContainerBalancerTask (ContainerBalancerTask.java:initializeIteration(398)) - Utilization for node b8442ff8-62ef-46df-9b6d-d4389bc10a30 with capacity 60845370026B, used 36507222016B, and remaining 24338148010B is 0.600000000006574
2023-06-18 19:16:03,929 [main] DEBUG balancer.ContainerBalancerTask (ContainerBalancerTask.java:initializeIteration(398)) - Utilization for node cbebd0b5-ef73-44e7-b715-317ca461999f with capacity 77309411328B, used 38654705664B, and remaining 38654705664B is 0.5
2023-06-18 19:16:03,929 [main] DEBUG balancer.ContainerBalancerTask (ContainerBalancerTask.java:initializeIteration(398)) - Utilization for node 81f146c9-30f4-49b4-9849-732517a5c152 with capacity 136902082560B, used 54760833024B, and remaining 82141249536B is 0.4
2023-06-18 19:16:03,929 [main] DEBUG balancer.ContainerBalancerTask (ContainerBalancerTask.java:initializeIteration(398)) - Utilization for node e8b04c08-93ad-4b6c-960d-529125ea2b59 with capacity 114532461226B, used 34359738368B, and remaining 80172722858B is 0.3000000000017462
2023-06-18 19:16:03,929 [main] DEBUG balancer.ContainerBalancerTask (ContainerBalancerTask.java:initializeIteration(398)) - Utilization for node da14d8b9-c267-45c1-b6d1-d5ce70c927be with capacity 150323855360B, used 30064771072B, and remaining 120259084288B is 0.2
2023-06-18 19:16:03,929 [main] DEBUG balancer.ContainerBalancerTask (ContainerBalancerTask.java:initializeIteration(398)) - Utilization for node 4b5b3e4a-279e-4a78-9dfc-3e823239d50b with capacity 365072220160B, used 36507222016B, and remaining 328564998144B is 0.1
2023-06-18 19:16:03,930 [main] DEBUG balancer.ContainerBalancerTask (ContainerBalancerTask.java:initializeIteration(398)) - Utilization for node 46443b0c-81fa-4a6f-9d37-a7a3c6263282 with capacity 13958643712B, used 0B, and remaining 13958643712B is 0.0
2023-06-18 19:16:03,930 [main] INFO  balancer.ContainerBalancerTask (ContainerBalancerTask.java:initializeIteration(447)) - Container Balancer has identified 4 Over-Utilized and 2 Under-Utilized Datanodes that need to be balanced.
2023-06-18 19:16:03,930 [main] DEBUG balancer.ContainerBalancerTask (ContainerBalancerTask.java:lambda$initializeIteration$1(453)) - Datanode localhost-123.239.245.20 2cb4ee9e-c19c-404f-a3ed-3d6144041b50 is Over-Utilized.
2023-06-18 19:16:03,930 [main] DEBUG balancer.ContainerBalancerTask (ContainerBalancerTask.java:lambda$initializeIteration$1(453)) - Datanode localhost-138.41.221.160 f561b242-3335-48fc-9447-4b53fc7bc5f8 is Over-Utilized.
2023-06-18 19:16:03,930 [main] DEBUG balancer.ContainerBalancerTask (ContainerBalancerTask.java:lambda$initializeIteration$1(453)) - Datanode localhost-48.244.249.90 7859977f-1ea7-4bc0-b7d1-c26742d71d21 is Over-Utilized.
2023-06-18 19:16:03,930 [main] DEBUG balancer.ContainerBalancerTask (ContainerBalancerTask.java:lambda$initializeIteration$1(453)) - Datanode localhost-125.178.73.148 b8442ff8-62ef-46df-9b6d-d4389bc10a30 is Over-Utilized.
2023-06-18 19:16:03,930 [main] DEBUG balancer.ContainerBalancerTask (ContainerBalancerTask.java:lambda$initializeIteration$2(459)) - Datanode localhost-93.64.31.108 46443b0c-81fa-4a6f-9d37-a7a3c6263282 is Under-Utilized.
2023-06-18 19:16:03,930 [main] DEBUG balancer.ContainerBalancerTask (ContainerBalancerTask.java:lambda$initializeIteration$2(459)) - Datanode localhost-241.76.246.187 4b5b3e4a-279e-4a78-9dfc-3e823239d50b is Under-Utilized.
2023-06-18 19:16:03,934 [main] DEBUG balancer.ContainerBalancerTask (ContainerBalancerTask.java:matchSourceWithTarget(706)) - ContainerBalancer is finding suitable target for source datanode 2cb4ee9e-c19c-404f-a3ed-3d6144041b50
2023-06-18 19:16:03,934 [main] INFO  balancer.ContainerBalancerTask (ContainerBalancerTask.java:matchSourceWithTarget(720)) - ContainerBalancer matched source datanode 2cb4ee9e-c19c-404f-a3ed-3d6144041b50 with target datanode 46443b0c-81fa-4a6f-9d37-a7a3c6263282 for container move.
2023-06-18 19:16:03,934 [main] INFO  balancer.ContainerBalancerTask (ContainerBalancerTask.java:processMoveSelection(569)) - ContainerBalancer is trying to move container #85 with size 5368709120B from source datanode 2cb4ee9e-c19c-404f-a3ed-3d6144041b50 to target datanode 46443b0c-81fa-4a6f-9d37-a7a3c6263282
2023-06-18 19:16:03,935 [main] DEBUG balancer.ContainerBalancerTask (ContainerBalancerTask.java:lambda$moveContainer$3(834)) - Container move completed for container #85 from source 2cb4ee9e-c19c-404f-a3ed-3d6144041b50 to target 46443b0c-81fa-4a6f-9d37-a7a3c6263282
2023-06-18 19:16:03,938 [main] DEBUG balancer.ContainerBalancerTask (ContainerBalancerTask.java:matchSourceWithTarget(706)) - ContainerBalancer is finding suitable target for source datanode 2cb4ee9e-c19c-404f-a3ed-3d6144041b50
2023-06-18 19:16:03,939 [main] INFO  balancer.ContainerBalancerTask (ContainerBalancerTask.java:matchSourceWithTarget(720)) - ContainerBalancer matched source datanode 2cb4ee9e-c19c-404f-a3ed-3d6144041b50 with target datanode 4b5b3e4a-279e-4a78-9dfc-3e823239d50b for container move.
2023-06-18 19:16:03,939 [main] INFO  balancer.ContainerBalancerTask (ContainerBalancerTask.java:processMoveSelection(569)) - ContainerBalancer is trying to move container #53 with size 5368709120B from source datanode 2cb4ee9e-c19c-404f-a3ed-3d6144041b50 to target datanode 4b5b3e4a-279e-4a78-9dfc-3e823239d50b
2023-06-18 19:16:03,939 [main] DEBUG balancer.ContainerBalancerTask (ContainerBalancerTask.java:lambda$moveContainer$3(834)) - Container move completed for container #53 from source 2cb4ee9e-c19c-404f-a3ed-3d6144041b50 to target 4b5b3e4a-279e-4a78-9dfc-3e823239d50b
2023-06-18 19:16:03,942 [main] DEBUG balancer.ContainerBalancerTask (ContainerBalancerTask.java:matchSourceWithTarget(706)) - ContainerBalancer is finding suitable target for source datanode f561b242-3335-48fc-9447-4b53fc7bc5f8
2023-06-18 19:16:03,942 [main] INFO  balancer.ContainerBalancerTask (ContainerBalancerTask.java:matchSourceWithTarget(720)) - ContainerBalancer matched source datanode f561b242-3335-48fc-9447-4b53fc7bc5f8 with target datanode 4b5b3e4a-279e-4a78-9dfc-3e823239d50b for container move.
2023-06-18 19:16:03,942 [main] INFO  balancer.ContainerBalancerTask (ContainerBalancerTask.java:processMoveSelection(569)) - ContainerBalancer is trying to move container #67 with size 4294967296B from source datanode f561b242-3335-48fc-9447-4b53fc7bc5f8 to target datanode 4b5b3e4a-279e-4a78-9dfc-3e823239d50b
2023-06-18 19:16:03,943 [main] DEBUG balancer.ContainerBalancerTask (ContainerBalancerTask.java:lambda$moveContainer$3(834)) - Container move completed for container #67 from source f561b242-3335-48fc-9447-4b53fc7bc5f8 to target 4b5b3e4a-279e-4a78-9dfc-3e823239d50b
2023-06-18 19:16:03,946 [main] DEBUG balancer.ContainerBalancerTask (ContainerBalancerTask.java:matchSourceWithTarget(706)) - ContainerBalancer is finding suitable target for source datanode 2cb4ee9e-c19c-404f-a3ed-3d6144041b50
2023-06-18 19:16:03,946 [main] INFO  balancer.ContainerBalancerTask (ContainerBalancerTask.java:matchSourceWithTarget(720)) - ContainerBalancer matched source datanode 2cb4ee9e-c19c-404f-a3ed-3d6144041b50 with target datanode 4b5b3e4a-279e-4a78-9dfc-3e823239d50b for container move.
2023-06-18 19:16:03,947 [main] INFO  balancer.ContainerBalancerTask (ContainerBalancerTask.java:processMoveSelection(569)) - ContainerBalancer is trying to move container #40 with size 5368709120B from source datanode 2cb4ee9e-c19c-404f-a3ed-3d6144041b50 to target datanode 4b5b3e4a-279e-4a78-9dfc-3e823239d50b
2023-06-18 19:16:03,947 [main] DEBUG balancer.ContainerBalancerTask (ContainerBalancerTask.java:lambda$moveContainer$3(834)) - Container move completed for container #40 from source 2cb4ee9e-c19c-404f-a3ed-3d6144041b50 to target 4b5b3e4a-279e-4a78-9dfc-3e823239d50b
2023-06-18 19:16:03,950 [main] DEBUG balancer.ContainerBalancerTask (ContainerBalancerTask.java:matchSourceWithTarget(706)) - ContainerBalancer is finding suitable target for source datanode f561b242-3335-48fc-9447-4b53fc7bc5f8
2023-06-18 19:16:03,950 [main] INFO  balancer.ContainerBalancerTask (ContainerBalancerTask.java:matchSourceWithTarget(720)) - ContainerBalancer matched source datanode f561b242-3335-48fc-9447-4b53fc7bc5f8 with target datanode 4b5b3e4a-279e-4a78-9dfc-3e823239d50b for container move.
2023-06-18 19:16:03,950 [main] INFO  balancer.ContainerBalancerTask (ContainerBalancerTask.java:processMoveSelection(569)) - ContainerBalancer is trying to move container #28 with size 4294967296B from source datanode f561b242-3335-48fc-9447-4b53fc7bc5f8 to target datanode 4b5b3e4a-279e-4a78-9dfc-3e823239d50b
2023-06-18 19:16:03,951 [main] DEBUG balancer.ContainerBalancerTask (ContainerBalancerTask.java:lambda$moveContainer$3(834)) - Container move completed for container #28 from source f561b242-3335-48fc-9447-4b53fc7bc5f8 to target 4b5b3e4a-279e-4a78-9dfc-3e823239d50b
2023-06-18 19:16:03,953 [main] DEBUG balancer.ContainerBalancerTask (ContainerBalancerTask.java:matchSourceWithTarget(706)) - ContainerBalancer is finding suitable target for source datanode 7859977f-1ea7-4bc0-b7d1-c26742d71d21
2023-06-18 19:16:03,953 [main] INFO  balancer.ContainerBalancerTask (ContainerBalancerTask.java:matchSourceWithTarget(720)) - ContainerBalancer matched source datanode 7859977f-1ea7-4bc0-b7d1-c26742d71d21 with target datanode 4b5b3e4a-279e-4a78-9dfc-3e823239d50b for container move.
2023-06-18 19:16:03,953 [main] INFO  balancer.ContainerBalancerTask (ContainerBalancerTask.java:processMoveSelection(569)) - ContainerBalancer is trying to move container #29 with size 5368709120B from source datanode 7859977f-1ea7-4bc0-b7d1-c26742d71d21 to target datanode 4b5b3e4a-279e-4a78-9dfc-3e823239d50b
2023-06-18 19:16:03,954 [main] DEBUG balancer.ContainerBalancerTask (ContainerBalancerTask.java:lambda$moveContainer$3(834)) - Container move completed for container #29 from source 7859977f-1ea7-4bc0-b7d1-c26742d71d21 to target 4b5b3e4a-279e-4a78-9dfc-3e823239d50b
2023-06-18 19:16:03,957 [main] DEBUG balancer.ContainerBalancerTask (ContainerBalancerTask.java:matchSourceWithTarget(706)) - ContainerBalancer is finding suitable target for source datanode 2cb4ee9e-c19c-404f-a3ed-3d6144041b50
2023-06-18 19:16:03,957 [main] INFO  balancer.ContainerBalancerTask (ContainerBalancerTask.java:matchSourceWithTarget(720)) - ContainerBalancer matched source datanode 2cb4ee9e-c19c-404f-a3ed-3d6144041b50 with target datanode 4b5b3e4a-279e-4a78-9dfc-3e823239d50b for container move.
2023-06-18 19:16:03,958 [main] INFO  balancer.ContainerBalancerTask (ContainerBalancerTask.java:processMoveSelection(569)) - ContainerBalancer is trying to move container #89 with size 4294967296B from source datanode 2cb4ee9e-c19c-404f-a3ed-3d6144041b50 to target datanode 4b5b3e4a-279e-4a78-9dfc-3e823239d50b
2023-06-18 19:16:03,958 [main] DEBUG balancer.ContainerBalancerTask (ContainerBalancerTask.java:lambda$moveContainer$3(834)) - Container move completed for container #89 from source 2cb4ee9e-c19c-404f-a3ed-3d6144041b50 to target 4b5b3e4a-279e-4a78-9dfc-3e823239d50b
2023-06-18 19:16:03,961 [main] DEBUG balancer.ContainerBalancerTask (ContainerBalancerTask.java:matchSourceWithTarget(706)) - ContainerBalancer is finding suitable target for source datanode f561b242-3335-48fc-9447-4b53fc7bc5f8
2023-06-18 19:16:03,961 [main] INFO  balancer.ContainerBalancerTask (ContainerBalancerTask.java:matchSourceWithTarget(720)) - ContainerBalancer matched source datanode f561b242-3335-48fc-9447-4b53fc7bc5f8 with target datanode 4b5b3e4a-279e-4a78-9dfc-3e823239d50b for container move.
2023-06-18 19:16:03,962 [main] INFO  balancer.ContainerBalancerTask (ContainerBalancerTask.java:processMoveSelection(569)) - ContainerBalancer is trying to move container #71 with size 3221225472B from source datanode f561b242-3335-48fc-9447-4b53fc7bc5f8 to target datanode 4b5b3e4a-279e-4a78-9dfc-3e823239d50b
2023-06-18 19:16:03,962 [main] DEBUG balancer.ContainerBalancerTask (ContainerBalancerTask.java:lambda$moveContainer$3(834)) - Container move completed for container #71 from source f561b242-3335-48fc-9447-4b53fc7bc5f8 to target 4b5b3e4a-279e-4a78-9dfc-3e823239d50b
2023-06-18 19:16:03,966 [main] DEBUG balancer.ContainerBalancerTask (ContainerBalancerTask.java:matchSourceWithTarget(706)) - ContainerBalancer is finding suitable target for source datanode 2cb4ee9e-c19c-404f-a3ed-3d6144041b50
2023-06-18 19:16:03,966 [main] INFO  balancer.ContainerBalancerTask (ContainerBalancerTask.java:matchSourceWithTarget(720)) - ContainerBalancer matched source datanode 2cb4ee9e-c19c-404f-a3ed-3d6144041b50 with target datanode 4b5b3e4a-279e-4a78-9dfc-3e823239d50b for container move.
2023-06-18 19:16:03,966 [main] INFO  balancer.ContainerBalancerTask (ContainerBalancerTask.java:processMoveSelection(569)) - ContainerBalancer is trying to move container #84 with size 4294967296B from source datanode 2cb4ee9e-c19c-404f-a3ed-3d6144041b50 to target datanode 4b5b3e4a-279e-4a78-9dfc-3e823239d50b
2023-06-18 19:16:03,966 [main] DEBUG balancer.ContainerBalancerTask (ContainerBalancerTask.java:lambda$moveContainer$3(834)) - Container move completed for container #84 from source 2cb4ee9e-c19c-404f-a3ed-3d6144041b50 to target 4b5b3e4a-279e-4a78-9dfc-3e823239d50b
2023-06-18 19:16:03,970 [main] DEBUG balancer.ContainerBalancerTask (ContainerBalancerTask.java:matchSourceWithTarget(706)) - ContainerBalancer is finding suitable target for source datanode f561b242-3335-48fc-9447-4b53fc7bc5f8
2023-06-18 19:16:03,970 [main] INFO  balancer.ContainerBalancerTask (ContainerBalancerTask.java:matchSourceWithTarget(720)) - ContainerBalancer matched source datanode f561b242-3335-48fc-9447-4b53fc7bc5f8 with target datanode 4b5b3e4a-279e-4a78-9dfc-3e823239d50b for container move.
2023-06-18 19:16:03,970 [main] INFO  balancer.ContainerBalancerTask (ContainerBalancerTask.java:processMoveSelection(569)) - ContainerBalancer is trying to move container #66 with size 3221225472B from source datanode f561b242-3335-48fc-9447-4b53fc7bc5f8 to target datanode 4b5b3e4a-279e-4a78-9dfc-3e823239d50b
2023-06-18 19:16:03,970 [main] DEBUG balancer.ContainerBalancerTask (ContainerBalancerTask.java:lambda$moveContainer$3(834)) - Container move completed for container #66 from source f561b242-3335-48fc-9447-4b53fc7bc5f8 to target 4b5b3e4a-279e-4a78-9dfc-3e823239d50b
2023-06-18 19:16:03,973 [main] DEBUG balancer.ContainerBalancerTask (ContainerBalancerTask.java:matchSourceWithTarget(706)) - ContainerBalancer is finding suitable target for source datanode 7859977f-1ea7-4bc0-b7d1-c26742d71d21
2023-06-18 19:16:03,973 [main] INFO  balancer.ContainerBalancerTask (ContainerBalancerTask.java:matchSourceWithTarget(720)) - ContainerBalancer matched source datanode 7859977f-1ea7-4bc0-b7d1-c26742d71d21 with target datanode 4b5b3e4a-279e-4a78-9dfc-3e823239d50b for container move.
2023-06-18 19:16:03,973 [main] INFO  balancer.ContainerBalancerTask (ContainerBalancerTask.java:processMoveSelection(569)) - ContainerBalancer is trying to move container #52 with size 4294967296B from source datanode 7859977f-1ea7-4bc0-b7d1-c26742d71d21 to target datanode 4b5b3e4a-279e-4a78-9dfc-3e823239d50b
2023-06-18 19:16:03,973 [main] DEBUG balancer.ContainerBalancerTask (ContainerBalancerTask.java:lambda$moveContainer$3(834)) - Container move completed for container #52 from source 7859977f-1ea7-4bc0-b7d1-c26742d71d21 to target 4b5b3e4a-279e-4a78-9dfc-3e823239d50b
2023-06-18 19:16:03,976 [main] DEBUG balancer.ContainerBalancerTask (ContainerBalancerTask.java:matchSourceWithTarget(706)) - ContainerBalancer is finding suitable target for source datanode b8442ff8-62ef-46df-9b6d-d4389bc10a30
2023-06-18 19:16:03,977 [main] INFO  balancer.ContainerBalancerTask (ContainerBalancerTask.java:matchSourceWithTarget(720)) - ContainerBalancer matched source datanode b8442ff8-62ef-46df-9b6d-d4389bc10a30 with target datanode 4b5b3e4a-279e-4a78-9dfc-3e823239d50b for container move.
2023-06-18 19:16:03,977 [main] INFO  balancer.ContainerBalancerTask (ContainerBalancerTask.java:processMoveSelection(569)) - ContainerBalancer is trying to move container #19 with size 4294967296B from source datanode b8442ff8-62ef-46df-9b6d-d4389bc10a30 to target datanode 4b5b3e4a-279e-4a78-9dfc-3e823239d50b
2023-06-18 19:16:03,977 [main] DEBUG balancer.ContainerBalancerTask (ContainerBalancerTask.java:lambda$moveContainer$3(834)) - Container move completed for container #19 from source b8442ff8-62ef-46df-9b6d-d4389bc10a30 to target 4b5b3e4a-279e-4a78-9dfc-3e823239d50b
2023-06-18 19:16:03,977 [main] WARN  balancer.ContainerBalancerTask (ContainerBalancerTask.java:reachedMaxSizeToMovePerIteration(731)) - Reached max size to move limit. 53687091200 bytes have already been scheduled for balancing and the limit is 53687091200 bytes.
2023-06-18 19:16:03,977 [main] INFO  balancer.ContainerBalancerTask (ContainerBalancerTask.java:checkIterationMoveResults(640)) - Iteration Summary. Number of Datanodes involved: 6. Size moved: 50 GB (53687091200 Bytes). Number of Container moves completed: 12.
2023-06-18 19:16:03,977 [main] INFO  balancer.ContainerBalancerTask (ContainerBalancerTask.java:balance(259)) - Result of this iteration of Container Balancer: ITERATION_COMPLETED
2023-06-18 19:16:03,978 [main] INFO  balancer.ContainerBalancerTask (ContainerBalancerTask.java:tryStopWithSaveConfiguration(308)) - Save Configuration for stopping. Reason: Completed all iterations.
2023-06-18 19:16:03,979 [main] DEBUG balancer.ContainerBalancerTask (ContainerBalancerTask.java:initializeIteration(374)) - Average utilization of the cluster is 0.3528343298275165
2023-06-18 19:16:03,979 [main] DEBUG balancer.ContainerBalancerTask (ContainerBalancerTask.java:initializeIteration(386)) - Lower limit for utilization is -0.5171369853953923 and Upper limit for utilization is 1.2228056450504252
2023-06-18 19:16:03,979 [main] DEBUG balancer.ContainerBalancerTask (ContainerBalancerTask.java:initializeIteration(398)) - Utilization for node 2cb4ee9e-c19c-404f-a3ed-3d6144041b50 with capacity 73968881208B, used 66571993088B, and remaining 7396888120B is 0.9000000000108154
2023-06-18 19:16:03,979 [main] DEBUG balancer.ContainerBalancerTask (ContainerBalancerTask.java:initializeIteration(398)) - Utilization for node f561b242-3335-48fc-9447-4b53fc7bc5f8 with capacity 67108864000B, used 53687091200B, and remaining 13421772800B is 0.8
2023-06-18 19:16:03,979 [main] DEBUG balancer.ContainerBalancerTask (ContainerBalancerTask.java:initializeIteration(398)) - Utilization for node 7859977f-1ea7-4bc0-b7d1-c26742d71d21 with capacity 65958426331B, used 46170898432B, and remaining 19787527899B is 0.7000000000045483
2023-06-18 19:16:03,979 [main] DEBUG balancer.ContainerBalancerTask (ContainerBalancerTask.java:initializeIteration(398)) - Utilization for node b8442ff8-62ef-46df-9b6d-d4389bc10a30 with capacity 60845370026B, used 36507222016B, and remaining 24338148010B is 0.600000000006574
2023-06-18 19:16:03,979 [main] DEBUG balancer.ContainerBalancerTask (ContainerBalancerTask.java:initializeIteration(398)) - Utilization for node cbebd0b5-ef73-44e7-b715-317ca461999f with capacity 77309411328B, used 38654705664B, and remaining 38654705664B is 0.5
2023-06-18 19:16:03,979 [main] DEBUG balancer.ContainerBalancerTask (ContainerBalancerTask.java:initializeIteration(398)) - Utilization for node 81f146c9-30f4-49b4-9849-732517a5c152 with capacity 136902082560B, used 54760833024B, and remaining 82141249536B is 0.4
2023-06-18 19:16:03,979 [main] DEBUG balancer.ContainerBalancerTask (ContainerBalancerTask.java:initializeIteration(398)) - Utilization for node e8b04c08-93ad-4b6c-960d-529125ea2b59 with capacity 114532461226B, used 34359738368B, and remaining 80172722858B is 0.3000000000017462
2023-06-18 19:16:03,979 [main] DEBUG balancer.ContainerBalancerTask (ContainerBalancerTask.java:initializeIteration(398)) - Utilization for node da14d8b9-c267-45c1-b6d1-d5ce70c927be with capacity 150323855360B, used 30064771072B, and remaining 120259084288B is 0.2
2023-06-18 19:16:03,980 [main] DEBUG balancer.ContainerBalancerTask (ContainerBalancerTask.java:initializeIteration(398)) - Utilization for node 4b5b3e4a-279e-4a78-9dfc-3e823239d50b with capacity 365072220160B, used 36507222016B, and remaining 328564998144B is 0.1
2023-06-18 19:16:03,980 [main] DEBUG balancer.ContainerBalancerTask (ContainerBalancerTask.java:initializeIteration(398)) - Utilization for node 46443b0c-81fa-4a6f-9d37-a7a3c6263282 with capacity 13958643712B, used 0B, and remaining 13958643712B is 0.0
2023-06-18 19:16:03,980 [main] INFO  balancer.ContainerBalancerTask (ContainerBalancerTask.java:initializeIteration(443)) - Did not find any unbalanced Datanodes.
2023-06-18 19:16:03,980 [main] INFO  balancer.ContainerBalancerTask (ContainerBalancerTask.java:tryStopWithSaveConfiguration(308)) - Save Configuration for stopping. Reason: Could not initialize ContainerBalancer's iteration number 0
2023-06-18 19:16:03,981 [main] DEBUG balancer.ContainerBalancerTask (ContainerBalancerTask.java:initializeIteration(374)) - Average utilization of the cluster is 0.3528343298275165
2023-06-18 19:16:03,981 [main] DEBUG balancer.ContainerBalancerTask (ContainerBalancerTask.java:initializeIteration(386)) - Lower limit for utilization is -0.3252542392115494 and Upper limit for utilization is 1.0309228988665824
2023-06-18 19:16:03,981 [main] DEBUG balancer.ContainerBalancerTask (ContainerBalancerTask.java:initializeIteration(398)) - Utilization for node 2cb4ee9e-c19c-404f-a3ed-3d6144041b50 with capacity 73968881208B, used 66571993088B, and remaining 7396888120B is 0.9000000000108154
2023-06-18 19:16:03,981 [main] DEBUG balancer.ContainerBalancerTask (ContainerBalancerTask.java:initializeIteration(398)) - Utilization for node f561b242-3335-48fc-9447-4b53fc7bc5f8 with capacity 67108864000B, used 53687091200B, and remaining 13421772800B is 0.8
2023-06-18 19:16:03,981 [main] DEBUG balancer.ContainerBalancerTask (ContainerBalancerTask.java:initializeIteration(398)) - Utilization for node 7859977f-1ea7-4bc0-b7d1-c26742d71d21 with capacity 65958426331B, used 46170898432B, and remaining 19787527899B is 0.7000000000045483
2023-06-18 19:16:03,981 [main] DEBUG balancer.ContainerBalancerTask (ContainerBalancerTask.java:initializeIteration(398)) - Utilization for node b8442ff8-62ef-46df-9b6d-d4389bc10a30 with capacity 60845370026B, used 36507222016B, and remaining 24338148010B is 0.600000000006574
2023-06-18 19:16:03,981 [main] DEBUG balancer.ContainerBalancerTask (ContainerBalancerTask.java:initializeIteration(398)) - Utilization for node cbebd0b5-ef73-44e7-b715-317ca461999f with capacity 77309411328B, used 38654705664B, and remaining 38654705664B is 0.5
2023-06-18 19:16:03,981 [main] DEBUG balancer.ContainerBalancerTask (ContainerBalancerTask.java:initializeIteration(398)) - Utilization for node 81f146c9-30f4-49b4-9849-732517a5c152 with capacity 136902082560B, used 54760833024B, and remaining 82141249536B is 0.4
2023-06-18 19:16:03,982 [main] DEBUG balancer.ContainerBalancerTask (ContainerBalancerTask.java:initializeIteration(398)) - Utilization for node e8b04c08-93ad-4b6c-960d-529125ea2b59 with capacity 114532461226B, used 34359738368B, and remaining 80172722858B is 0.3000000000017462
2023-06-18 19:16:03,982 [main] DEBUG balancer.ContainerBalancerTask (ContainerBalancerTask.java:initializeIteration(398)) - Utilization for node da14d8b9-c267-45c1-b6d1-d5ce70c927be with capacity 150323855360B, used 30064771072B, and remaining 120259084288B is 0.2
2023-06-18 19:16:03,982 [main] DEBUG balancer.ContainerBalancerTask (ContainerBalancerTask.java:initializeIteration(398)) - Utilization for node 4b5b3e4a-279e-4a78-9dfc-3e823239d50b with capacity 365072220160B, used 36507222016B, and remaining 328564998144B is 0.1
2023-06-18 19:16:03,982 [main] DEBUG balancer.ContainerBalancerTask (ContainerBalancerTask.java:initializeIteration(398)) - Utilization for node 46443b0c-81fa-4a6f-9d37-a7a3c6263282 with capacity 13958643712B, used 0B, and remaining 13958643712B is 0.0
2023-06-18 19:16:03,982 [main] INFO  balancer.ContainerBalancerTask (ContainerBalancerTask.java:initializeIteration(443)) - Did not find any unbalanced Datanodes.
2023-06-18 19:16:03,982 [main] INFO  balancer.ContainerBalancerTask (ContainerBalancerTask.java:tryStopWithSaveConfiguration(308)) - Save Configuration for stopping. Reason: Could not initialize ContainerBalancer's iteration number 0
2023-06-18 19:16:03,983 [main] DEBUG balancer.ContainerBalancerTask (ContainerBalancerTask.java:initializeIteration(374)) - Average utilization of the cluster is 0.3528343298275165
2023-06-18 19:16:03,983 [main] DEBUG balancer.ContainerBalancerTask (ContainerBalancerTask.java:initializeIteration(386)) - Lower limit for utilization is -0.09424622802769789 and Upper limit for utilization is 0.7999148876827309
2023-06-18 19:16:03,983 [main] DEBUG balancer.ContainerBalancerTask (ContainerBalancerTask.java:initializeIteration(398)) - Utilization for node 2cb4ee9e-c19c-404f-a3ed-3d6144041b50 with capacity 73968881208B, used 66571993088B, and remaining 7396888120B is 0.9000000000108154
2023-06-18 19:16:03,983 [main] DEBUG balancer.ContainerBalancerTask (ContainerBalancerTask.java:initializeIteration(398)) - Utilization for node f561b242-3335-48fc-9447-4b53fc7bc5f8 with capacity 67108864000B, used 53687091200B, and remaining 13421772800B is 0.8
2023-06-18 19:16:03,983 [main] DEBUG balancer.ContainerBalancerTask (ContainerBalancerTask.java:initializeIteration(398)) - Utilization for node 7859977f-1ea7-4bc0-b7d1-c26742d71d21 with capacity 65958426331B, used 46170898432B, and remaining 19787527899B is 0.7000000000045483
2023-06-18 19:16:03,983 [main] DEBUG balancer.ContainerBalancerTask (ContainerBalancerTask.java:initializeIteration(398)) - Utilization for node b8442ff8-62ef-46df-9b6d-d4389bc10a30 with capacity 60845370026B, used 36507222016B, and remaining 24338148010B is 0.600000000006574
2023-06-18 19:16:03,984 [main] DEBUG balancer.ContainerBalancerTask (ContainerBalancerTask.java:initializeIteration(398)) - Utilization for node cbebd0b5-ef73-44e7-b715-317ca461999f with capacity 77309411328B, used 38654705664B, and remaining 38654705664B is 0.5
2023-06-18 19:16:03,984 [main] DEBUG balancer.ContainerBalancerTask (ContainerBalancerTask.java:initializeIteration(398)) - Utilization for node 81f146c9-30f4-49b4-9849-732517a5c152 with capacity 136902082560B, used 54760833024B, and remaining 82141249536B is 0.4
2023-06-18 19:16:03,984 [main] DEBUG balancer.ContainerBalancerTask (ContainerBalancerTask.java:initializeIteration(398)) - Utilization for node e8b04c08-93ad-4b6c-960d-529125ea2b59 with capacity 114532461226B, used 34359738368B, and remaining 80172722858B is 0.3000000000017462
2023-06-18 19:16:03,984 [main] DEBUG balancer.ContainerBalancerTask (ContainerBalancerTask.java:initializeIteration(398)) - Utilization for node da14d8b9-c267-45c1-b6d1-d5ce70c927be with capacity 150323855360B, used 30064771072B, and remaining 120259084288B is 0.2
2023-06-18 19:16:03,984 [main] DEBUG balancer.ContainerBalancerTask (ContainerBalancerTask.java:initializeIteration(398)) - Utilization for node 4b5b3e4a-279e-4a78-9dfc-3e823239d50b with capacity 365072220160B, used 36507222016B, and remaining 328564998144B is 0.1
2023-06-18 19:16:03,984 [main] DEBUG balancer.ContainerBalancerTask (ContainerBalancerTask.java:initializeIteration(398)) - Utilization for node 46443b0c-81fa-4a6f-9d37-a7a3c6263282 with capacity 13958643712B, used 0B, and remaining 13958643712B is 0.0
2023-06-18 19:16:03,984 [main] INFO  balancer.ContainerBalancerTask (ContainerBalancerTask.java:initializeIteration(447)) - Container Balancer has identified 2 Over-Utilized and 0 Under-Utilized Datanodes that need to be balanced.
2023-06-18 19:16:03,984 [main] DEBUG balancer.ContainerBalancerTask (ContainerBalancerTask.java:lambda$initializeIteration$1(453)) - Datanode localhost-123.239.245.20 2cb4ee9e-c19c-404f-a3ed-3d6144041b50 is Over-Utilized.
2023-06-18 19:16:03,984 [main] DEBUG balancer.ContainerBalancerTask (ContainerBalancerTask.java:lambda$initializeIteration$1(453)) - Datanode localhost-138.41.221.160 f561b242-3335-48fc-9447-4b53fc7bc5f8 is Over-Utilized.
2023-06-18 19:16:03,988 [main] DEBUG balancer.ContainerBalancerTask (ContainerBalancerTask.java:matchSourceWithTarget(706)) - ContainerBalancer is finding suitable target for source datanode 2cb4ee9e-c19c-404f-a3ed-3d6144041b50
2023-06-18 19:16:03,988 [main] INFO  balancer.FindTargetGreedyByUsageInfo (AbstractFindTargetGreedy.java:findTargetForContainerMove(133)) - Container Balancer could not find a target for source datanode 2cb4ee9e-c19c-404f-a3ed-3d6144041b50
2023-06-18 19:16:03,988 [main] DEBUG balancer.ContainerBalancerTask (ContainerBalancerTask.java:matchSourceWithTarget(715)) - ContainerBalancer could not find a suitable target for source node 2cb4ee9e-c19c-404f-a3ed-3d6144041b50.
2023-06-18 19:16:03,991 [main] DEBUG balancer.ContainerBalancerTask (ContainerBalancerTask.java:matchSourceWithTarget(706)) - ContainerBalancer is finding suitable target for source datanode f561b242-3335-48fc-9447-4b53fc7bc5f8
2023-06-18 19:16:03,991 [main] INFO  balancer.FindTargetGreedyByUsageInfo (AbstractFindTargetGreedy.java:findTargetForContainerMove(133)) - Container Balancer could not find a target for source datanode f561b242-3335-48fc-9447-4b53fc7bc5f8
2023-06-18 19:16:03,991 [main] DEBUG balancer.ContainerBalancerTask (ContainerBalancerTask.java:matchSourceWithTarget(715)) - ContainerBalancer could not find a suitable target for source node f561b242-3335-48fc-9447-4b53fc7bc5f8.
2023-06-18 19:16:03,992 [main] INFO  balancer.FindSourceGreedy (FindSourceGreedy.java:getNextCandidateSourceDataNode(126)) - no more candidate source data node
2023-06-18 19:16:03,992 [main] INFO  balancer.ContainerBalancerTask (ContainerBalancerTask.java:balance(259)) - Result of this iteration of Container Balancer: CAN_NOT_BALANCE_ANY_MORE
2023-06-18 19:16:03,992 [main] INFO  balancer.ContainerBalancerTask (ContainerBalancerTask.java:tryStopWithSaveConfiguration(308)) - Save Configuration for stopping. Reason: CAN_NOT_BALANCE_ANY_MORE
2023-06-18 19:16:03,992 [main] DEBUG balancer.ContainerBalancerTask (ContainerBalancerTask.java:initializeIteration(374)) - Average utilization of the cluster is 0.3528343298275165
2023-06-18 19:16:03,993 [main] DEBUG balancer.ContainerBalancerTask (ContainerBalancerTask.java:initializeIteration(386)) - Lower limit for utilization is 0.2315121615594482 and Upper limit for utilization is 0.4741564980955848
2023-06-18 19:16:03,993 [main] DEBUG balancer.ContainerBalancerTask (ContainerBalancerTask.java:initializeIteration(398)) - Utilization for node 2cb4ee9e-c19c-404f-a3ed-3d6144041b50 with capacity 73968881208B, used 66571993088B, and remaining 7396888120B is 0.9000000000108154
2023-06-18 19:16:03,993 [main] DEBUG balancer.ContainerBalancerTask (ContainerBalancerTask.java:initializeIteration(398)) - Utilization for node f561b242-3335-48fc-9447-4b53fc7bc5f8 with capacity 67108864000B, used 53687091200B, and remaining 13421772800B is 0.8
2023-06-18 19:16:03,993 [main] DEBUG balancer.ContainerBalancerTask (ContainerBalancerTask.java:initializeIteration(398)) - Utilization for node 7859977f-1ea7-4bc0-b7d1-c26742d71d21 with capacity 65958426331B, used 46170898432B, and remaining 19787527899B is 0.7000000000045483
2023-06-18 19:16:03,993 [main] DEBUG balancer.ContainerBalancerTask (ContainerBalancerTask.java:initializeIteration(398)) - Utilization for node b8442ff8-62ef-46df-9b6d-d4389bc10a30 with capacity 60845370026B, used 36507222016B, and remaining 24338148010B is 0.600000000006574
2023-06-18 19:16:03,993 [main] DEBUG balancer.ContainerBalancerTask (ContainerBalancerTask.java:initializeIteration(398)) - Utilization for node cbebd0b5-ef73-44e7-b715-317ca461999f with capacity 77309411328B, used 38654705664B, and remaining 38654705664B is 0.5
2023-06-18 19:16:03,993 [main] DEBUG balancer.ContainerBalancerTask (ContainerBalancerTask.java:initializeIteration(398)) - Utilization for node 81f146c9-30f4-49b4-9849-732517a5c152 with capacity 136902082560B, used 54760833024B, and remaining 82141249536B is 0.4
2023-06-18 19:16:03,993 [main] DEBUG balancer.ContainerBalancerTask (ContainerBalancerTask.java:initializeIteration(398)) - Utilization for node e8b04c08-93ad-4b6c-960d-529125ea2b59 with capacity 114532461226B, used 34359738368B, and remaining 80172722858B is 0.3000000000017462
2023-06-18 19:16:03,994 [main] DEBUG balancer.ContainerBalancerTask (ContainerBalancerTask.java:initializeIteration(398)) - Utilization for node da14d8b9-c267-45c1-b6d1-d5ce70c927be with capacity 150323855360B, used 30064771072B, and remaining 120259084288B is 0.2
2023-06-18 19:16:03,994 [main] DEBUG balancer.ContainerBalancerTask (ContainerBalancerTask.java:initializeIteration(398)) - Utilization for node 4b5b3e4a-279e-4a78-9dfc-3e823239d50b with capacity 365072220160B, used 36507222016B, and remaining 328564998144B is 0.1
2023-06-18 19:16:03,994 [main] DEBUG balancer.ContainerBalancerTask (ContainerBalancerTask.java:initializeIteration(398)) - Utilization for node 46443b0c-81fa-4a6f-9d37-a7a3c6263282 with capacity 13958643712B, used 0B, and remaining 13958643712B is 0.0
2023-06-18 19:16:03,994 [main] INFO  balancer.ContainerBalancerTask (ContainerBalancerTask.java:initializeIteration(447)) - Container Balancer has identified 5 Over-Utilized and 3 Under-Utilized Datanodes that need to be balanced.
2023-06-18 19:16:03,994 [main] DEBUG balancer.ContainerBalancerTask (ContainerBalancerTask.java:lambda$initializeIteration$1(453)) - Datanode localhost-123.239.245.20 2cb4ee9e-c19c-404f-a3ed-3d6144041b50 is Over-Utilized.
2023-06-18 19:16:03,994 [main] DEBUG balancer.ContainerBalancerTask (ContainerBalancerTask.java:lambda$initializeIteration$1(453)) - Datanode localhost-138.41.221.160 f561b242-3335-48fc-9447-4b53fc7bc5f8 is Over-Utilized.
2023-06-18 19:16:03,994 [main] DEBUG balancer.ContainerBalancerTask (ContainerBalancerTask.java:lambda$initializeIteration$1(453)) - Datanode localhost-48.244.249.90 7859977f-1ea7-4bc0-b7d1-c26742d71d21 is Over-Utilized.
2023-06-18 19:16:03,994 [main] DEBUG balancer.ContainerBalancerTask (ContainerBalancerTask.java:lambda$initializeIteration$1(453)) - Datanode localhost-125.178.73.148 b8442ff8-62ef-46df-9b6d-d4389bc10a30 is Over-Utilized.
2023-06-18 19:16:03,994 [main] DEBUG balancer.ContainerBalancerTask (ContainerBalancerTask.java:lambda$initializeIteration$1(453)) - Datanode localhost-95.46.94.225 cbebd0b5-ef73-44e7-b715-317ca461999f is Over-Utilized.
2023-06-18 19:16:03,994 [main] DEBUG balancer.ContainerBalancerTask (ContainerBalancerTask.java:lambda$initializeIteration$2(459)) - Datanode localhost-93.64.31.108 46443b0c-81fa-4a6f-9d37-a7a3c6263282 is Under-Utilized.
2023-06-18 19:16:03,995 [main] DEBUG balancer.ContainerBalancerTask (ContainerBalancerTask.java:lambda$initializeIteration$2(459)) - Datanode localhost-241.76.246.187 4b5b3e4a-279e-4a78-9dfc-3e823239d50b is Under-Utilized.
2023-06-18 19:16:03,995 [main] DEBUG balancer.ContainerBalancerTask (ContainerBalancerTask.java:lambda$initializeIteration$2(459)) - Datanode localhost-252.133.82.90 da14d8b9-c267-45c1-b6d1-d5ce70c927be is Under-Utilized.
2023-06-18 19:16:03,998 [main] DEBUG balancer.ContainerBalancerTask (ContainerBalancerTask.java:matchSourceWithTarget(706)) - ContainerBalancer is finding suitable target for source datanode 2cb4ee9e-c19c-404f-a3ed-3d6144041b50
2023-06-18 19:16:03,998 [main] INFO  balancer.ContainerBalancerTask (ContainerBalancerTask.java:matchSourceWithTarget(720)) - ContainerBalancer matched source datanode 2cb4ee9e-c19c-404f-a3ed-3d6144041b50 with target datanode 46443b0c-81fa-4a6f-9d37-a7a3c6263282 for container move.
2023-06-18 19:16:03,999 [main] INFO  balancer.ContainerBalancerTask (ContainerBalancerTask.java:processMoveSelection(569)) - ContainerBalancer is trying to move container #85 with size 5368709120B from source datanode 2cb4ee9e-c19c-404f-a3ed-3d6144041b50 to target datanode 46443b0c-81fa-4a6f-9d37-a7a3c6263282
2023-06-18 19:16:03,999 [main] DEBUG balancer.ContainerBalancerTask (ContainerBalancerTask.java:lambda$moveContainer$3(834)) - Container move completed for container #85 from source 2cb4ee9e-c19c-404f-a3ed-3d6144041b50 to target 46443b0c-81fa-4a6f-9d37-a7a3c6263282
2023-06-18 19:16:04,002 [main] DEBUG balancer.ContainerBalancerTask (ContainerBalancerTask.java:matchSourceWithTarget(706)) - ContainerBalancer is finding suitable target for source datanode 2cb4ee9e-c19c-404f-a3ed-3d6144041b50
2023-06-18 19:16:04,003 [main] INFO  balancer.ContainerBalancerTask (ContainerBalancerTask.java:matchSourceWithTarget(720)) - ContainerBalancer matched source datanode 2cb4ee9e-c19c-404f-a3ed-3d6144041b50 with target datanode 4b5b3e4a-279e-4a78-9dfc-3e823239d50b for container move.
2023-06-18 19:16:04,003 [main] INFO  balancer.ContainerBalancerTask (ContainerBalancerTask.java:processMoveSelection(569)) - ContainerBalancer is trying to move container #53 with size 5368709120B from source datanode 2cb4ee9e-c19c-404f-a3ed-3d6144041b50 to target datanode 4b5b3e4a-279e-4a78-9dfc-3e823239d50b
2023-06-18 19:16:04,003 [main] DEBUG balancer.ContainerBalancerTask (ContainerBalancerTask.java:lambda$moveContainer$3(834)) - Container move completed for container #53 from source 2cb4ee9e-c19c-404f-a3ed-3d6144041b50 to target 4b5b3e4a-279e-4a78-9dfc-3e823239d50b
2023-06-18 19:16:04,006 [main] DEBUG balancer.ContainerBalancerTask (ContainerBalancerTask.java:matchSourceWithTarget(706)) - ContainerBalancer is finding suitable target for source datanode f561b242-3335-48fc-9447-4b53fc7bc5f8
2023-06-18 19:16:04,006 [main] INFO  balancer.ContainerBalancerTask (ContainerBalancerTask.java:matchSourceWithTarget(720)) - ContainerBalancer matched source datanode f561b242-3335-48fc-9447-4b53fc7bc5f8 with target datanode 4b5b3e4a-279e-4a78-9dfc-3e823239d50b for container move.
2023-06-18 19:16:04,007 [main] INFO  balancer.ContainerBalancerTask (ContainerBalancerTask.java:processMoveSelection(569)) - ContainerBalancer is trying to move container #67 with size 4294967296B from source datanode f561b242-3335-48fc-9447-4b53fc7bc5f8 to target datanode 4b5b3e4a-279e-4a78-9dfc-3e823239d50b
2023-06-18 19:16:04,007 [main] DEBUG balancer.ContainerBalancerTask (ContainerBalancerTask.java:lambda$moveContainer$3(834)) - Container move completed for container #67 from source f561b242-3335-48fc-9447-4b53fc7bc5f8 to target 4b5b3e4a-279e-4a78-9dfc-3e823239d50b
2023-06-18 19:16:04,010 [main] DEBUG balancer.ContainerBalancerTask (ContainerBalancerTask.java:matchSourceWithTarget(706)) - ContainerBalancer is finding suitable target for source datanode 2cb4ee9e-c19c-404f-a3ed-3d6144041b50
2023-06-18 19:16:04,011 [main] INFO  balancer.ContainerBalancerTask (ContainerBalancerTask.java:matchSourceWithTarget(720)) - ContainerBalancer matched source datanode 2cb4ee9e-c19c-404f-a3ed-3d6144041b50 with target datanode 4b5b3e4a-279e-4a78-9dfc-3e823239d50b for container move.
2023-06-18 19:16:04,011 [main] INFO  balancer.ContainerBalancerTask (ContainerBalancerTask.java:processMoveSelection(569)) - ContainerBalancer is trying to move container #40 with size 5368709120B from source datanode 2cb4ee9e-c19c-404f-a3ed-3d6144041b50 to target datanode 4b5b3e4a-279e-4a78-9dfc-3e823239d50b
2023-06-18 19:16:04,011 [main] DEBUG balancer.ContainerBalancerTask (ContainerBalancerTask.java:lambda$moveContainer$3(834)) - Container move completed for container #40 from source 2cb4ee9e-c19c-404f-a3ed-3d6144041b50 to target 4b5b3e4a-279e-4a78-9dfc-3e823239d50b
2023-06-18 19:16:04,014 [main] DEBUG balancer.ContainerBalancerTask (ContainerBalancerTask.java:matchSourceWithTarget(706)) - ContainerBalancer is finding suitable target for source datanode f561b242-3335-48fc-9447-4b53fc7bc5f8
2023-06-18 19:16:04,014 [main] INFO  balancer.ContainerBalancerTask (ContainerBalancerTask.java:matchSourceWithTarget(720)) - ContainerBalancer matched source datanode f561b242-3335-48fc-9447-4b53fc7bc5f8 with target datanode 4b5b3e4a-279e-4a78-9dfc-3e823239d50b for container move.
2023-06-18 19:16:04,015 [main] INFO  balancer.ContainerBalancerTask (ContainerBalancerTask.java:processMoveSelection(569)) - ContainerBalancer is trying to move container #28 with size 4294967296B from source datanode f561b242-3335-48fc-9447-4b53fc7bc5f8 to target datanode 4b5b3e4a-279e-4a78-9dfc-3e823239d50b
2023-06-18 19:16:04,015 [main] DEBUG balancer.ContainerBalancerTask (ContainerBalancerTask.java:lambda$moveContainer$3(834)) - Container move completed for container #28 from source f561b242-3335-48fc-9447-4b53fc7bc5f8 to target 4b5b3e4a-279e-4a78-9dfc-3e823239d50b
2023-06-18 19:16:04,017 [main] DEBUG balancer.ContainerBalancerTask (ContainerBalancerTask.java:matchSourceWithTarget(706)) - ContainerBalancer is finding suitable target for source datanode 7859977f-1ea7-4bc0-b7d1-c26742d71d21
2023-06-18 19:16:04,017 [main] INFO  balancer.ContainerBalancerTask (ContainerBalancerTask.java:matchSourceWithTarget(720)) - ContainerBalancer matched source datanode 7859977f-1ea7-4bc0-b7d1-c26742d71d21 with target datanode 4b5b3e4a-279e-4a78-9dfc-3e823239d50b for container move.
2023-06-18 19:16:04,018 [main] INFO  balancer.ContainerBalancerTask (ContainerBalancerTask.java:processMoveSelection(569)) - ContainerBalancer is trying to move container #29 with size 5368709120B from source datanode 7859977f-1ea7-4bc0-b7d1-c26742d71d21 to target datanode 4b5b3e4a-279e-4a78-9dfc-3e823239d50b
2023-06-18 19:16:04,018 [main] DEBUG balancer.ContainerBalancerTask (ContainerBalancerTask.java:lambda$moveContainer$3(834)) - Container move completed for container #29 from source 7859977f-1ea7-4bc0-b7d1-c26742d71d21 to target 4b5b3e4a-279e-4a78-9dfc-3e823239d50b
2023-06-18 19:16:04,022 [main] DEBUG balancer.ContainerBalancerTask (ContainerBalancerTask.java:matchSourceWithTarget(706)) - ContainerBalancer is finding suitable target for source datanode 2cb4ee9e-c19c-404f-a3ed-3d6144041b50
2023-06-18 19:16:04,022 [main] INFO  balancer.ContainerBalancerTask (ContainerBalancerTask.java:matchSourceWithTarget(720)) - ContainerBalancer matched source datanode 2cb4ee9e-c19c-404f-a3ed-3d6144041b50 with target datanode 4b5b3e4a-279e-4a78-9dfc-3e823239d50b for container move.
2023-06-18 19:16:04,022 [main] INFO  balancer.ContainerBalancerTask (ContainerBalancerTask.java:processMoveSelection(569)) - ContainerBalancer is trying to move container #89 with size 4294967296B from source datanode 2cb4ee9e-c19c-404f-a3ed-3d6144041b50 to target datanode 4b5b3e4a-279e-4a78-9dfc-3e823239d50b
2023-06-18 19:16:04,022 [main] DEBUG balancer.ContainerBalancerTask (ContainerBalancerTask.java:lambda$moveContainer$3(834)) - Container move completed for container #89 from source 2cb4ee9e-c19c-404f-a3ed-3d6144041b50 to target 4b5b3e4a-279e-4a78-9dfc-3e823239d50b
2023-06-18 19:16:04,027 [main] DEBUG balancer.ContainerBalancerTask (ContainerBalancerTask.java:matchSourceWithTarget(706)) - ContainerBalancer is finding suitable target for source datanode f561b242-3335-48fc-9447-4b53fc7bc5f8
2023-06-18 19:16:04,027 [main] INFO  balancer.ContainerBalancerTask (ContainerBalancerTask.java:matchSourceWithTarget(720)) - ContainerBalancer matched source datanode f561b242-3335-48fc-9447-4b53fc7bc5f8 with target datanode 4b5b3e4a-279e-4a78-9dfc-3e823239d50b for container move.
2023-06-18 19:16:04,027 [main] INFO  balancer.ContainerBalancerTask (ContainerBalancerTask.java:processMoveSelection(569)) - ContainerBalancer is trying to move container #71 with size 3221225472B from source datanode f561b242-3335-48fc-9447-4b53fc7bc5f8 to target datanode 4b5b3e4a-279e-4a78-9dfc-3e823239d50b
2023-06-18 19:16:04,027 [main] DEBUG balancer.ContainerBalancerTask (ContainerBalancerTask.java:lambda$moveContainer$3(834)) - Container move completed for container #71 from source f561b242-3335-48fc-9447-4b53fc7bc5f8 to target 4b5b3e4a-279e-4a78-9dfc-3e823239d50b
2023-06-18 19:16:04,031 [main] DEBUG balancer.ContainerBalancerTask (ContainerBalancerTask.java:matchSourceWithTarget(706)) - ContainerBalancer is finding suitable target for source datanode 2cb4ee9e-c19c-404f-a3ed-3d6144041b50
2023-06-18 19:16:04,031 [main] INFO  balancer.ContainerBalancerTask (ContainerBalancerTask.java:matchSourceWithTarget(720)) - ContainerBalancer matched source datanode 2cb4ee9e-c19c-404f-a3ed-3d6144041b50 with target datanode 4b5b3e4a-279e-4a78-9dfc-3e823239d50b for container move.
2023-06-18 19:16:04,032 [main] INFO  balancer.ContainerBalancerTask (ContainerBalancerTask.java:processMoveSelection(569)) - ContainerBalancer is trying to move container #84 with size 4294967296B from source datanode 2cb4ee9e-c19c-404f-a3ed-3d6144041b50 to target datanode 4b5b3e4a-279e-4a78-9dfc-3e823239d50b
2023-06-18 19:16:04,032 [main] DEBUG balancer.ContainerBalancerTask (ContainerBalancerTask.java:lambda$moveContainer$3(834)) - Container move completed for container #84 from source 2cb4ee9e-c19c-404f-a3ed-3d6144041b50 to target 4b5b3e4a-279e-4a78-9dfc-3e823239d50b
2023-06-18 19:16:04,035 [main] DEBUG balancer.ContainerBalancerTask (ContainerBalancerTask.java:matchSourceWithTarget(706)) - ContainerBalancer is finding suitable target for source datanode f561b242-3335-48fc-9447-4b53fc7bc5f8
2023-06-18 19:16:04,036 [main] INFO  balancer.ContainerBalancerTask (ContainerBalancerTask.java:matchSourceWithTarget(720)) - ContainerBalancer matched source datanode f561b242-3335-48fc-9447-4b53fc7bc5f8 with target datanode da14d8b9-c267-45c1-b6d1-d5ce70c927be for container move.
2023-06-18 19:16:04,036 [main] INFO  balancer.ContainerBalancerTask (ContainerBalancerTask.java:processMoveSelection(569)) - ContainerBalancer is trying to move container #68 with size 5368709120B from source datanode f561b242-3335-48fc-9447-4b53fc7bc5f8 to target datanode da14d8b9-c267-45c1-b6d1-d5ce70c927be
2023-06-18 19:16:04,036 [main] DEBUG balancer.ContainerBalancerTask (ContainerBalancerTask.java:lambda$moveContainer$3(834)) - Container move completed for container #68 from source f561b242-3335-48fc-9447-4b53fc7bc5f8 to target da14d8b9-c267-45c1-b6d1-d5ce70c927be
2023-06-18 19:16:04,039 [main] DEBUG balancer.ContainerBalancerTask (ContainerBalancerTask.java:matchSourceWithTarget(706)) - ContainerBalancer is finding suitable target for source datanode 7859977f-1ea7-4bc0-b7d1-c26742d71d21
2023-06-18 19:16:04,039 [main] INFO  balancer.ContainerBalancerTask (ContainerBalancerTask.java:matchSourceWithTarget(720)) - ContainerBalancer matched source datanode 7859977f-1ea7-4bc0-b7d1-c26742d71d21 with target datanode 4b5b3e4a-279e-4a78-9dfc-3e823239d50b for container move.
2023-06-18 19:16:04,039 [main] INFO  balancer.ContainerBalancerTask (ContainerBalancerTask.java:processMoveSelection(569)) - ContainerBalancer is trying to move container #52 with size 4294967296B from source datanode 7859977f-1ea7-4bc0-b7d1-c26742d71d21 to target datanode 4b5b3e4a-279e-4a78-9dfc-3e823239d50b
2023-06-18 19:16:04,039 [main] DEBUG balancer.ContainerBalancerTask (ContainerBalancerTask.java:lambda$moveContainer$3(834)) - Container move completed for container #52 from source 7859977f-1ea7-4bc0-b7d1-c26742d71d21 to target 4b5b3e4a-279e-4a78-9dfc-3e823239d50b
2023-06-18 19:16:04,042 [main] DEBUG balancer.ContainerBalancerTask (ContainerBalancerTask.java:matchSourceWithTarget(706)) - ContainerBalancer is finding suitable target for source datanode b8442ff8-62ef-46df-9b6d-d4389bc10a30
2023-06-18 19:16:04,043 [main] INFO  balancer.ContainerBalancerTask (ContainerBalancerTask.java:matchSourceWithTarget(720)) - ContainerBalancer matched source datanode b8442ff8-62ef-46df-9b6d-d4389bc10a30 with target datanode 4b5b3e4a-279e-4a78-9dfc-3e823239d50b for container move.
2023-06-18 19:16:04,043 [main] INFO  balancer.ContainerBalancerTask (ContainerBalancerTask.java:processMoveSelection(569)) - ContainerBalancer is trying to move container #37 with size 2147483648B from source datanode b8442ff8-62ef-46df-9b6d-d4389bc10a30 to target datanode 4b5b3e4a-279e-4a78-9dfc-3e823239d50b
2023-06-18 19:16:04,043 [main] DEBUG balancer.ContainerBalancerTask (ContainerBalancerTask.java:lambda$moveContainer$3(834)) - Container move completed for container #37 from source b8442ff8-62ef-46df-9b6d-d4389bc10a30 to target 4b5b3e4a-279e-4a78-9dfc-3e823239d50b
2023-06-18 19:16:04,043 [main] WARN  balancer.ContainerBalancerTask (ContainerBalancerTask.java:reachedMaxSizeToMovePerIteration(731)) - Reached max size to move limit. 53687091200 bytes have already been scheduled for balancing and the limit is 53687091200 bytes.
2023-06-18 19:16:04,043 [main] INFO  balancer.ContainerBalancerTask (ContainerBalancerTask.java:checkIterationMoveResults(640)) - Iteration Summary. Number of Datanodes involved: 7. Size moved: 50 GB (53687091200 Bytes). Number of Container moves completed: 12.
2023-06-18 19:16:04,043 [main] INFO  balancer.ContainerBalancerTask (ContainerBalancerTask.java:balance(259)) - Result of this iteration of Container Balancer: ITERATION_COMPLETED
2023-06-18 19:16:04,044 [main] INFO  balancer.ContainerBalancerTask (ContainerBalancerTask.java:tryStopWithSaveConfiguration(308)) - Save Configuration for stopping. Reason: Completed all iterations.
2023-06-18 19:16:04,044 [main] DEBUG balancer.ContainerBalancerTask (ContainerBalancerTask.java:initializeIteration(374)) - Average utilization of the cluster is 0.3528343298275165
2023-06-18 19:16:04,045 [main] DEBUG balancer.ContainerBalancerTask (ContainerBalancerTask.java:initializeIteration(386)) - Lower limit for utilization is -0.5451212706405383 and Upper limit for utilization is 1.2507899302955714
2023-06-18 19:16:04,045 [main] DEBUG balancer.ContainerBalancerTask (ContainerBalancerTask.java:initializeIteration(398)) - Utilization for node 2cb4ee9e-c19c-404f-a3ed-3d6144041b50 with capacity 73968881208B, used 66571993088B, and remaining 7396888120B is 0.9000000000108154
2023-06-18 19:16:04,045 [main] DEBUG balancer.ContainerBalancerTask (ContainerBalancerTask.java:initializeIteration(398)) - Utilization for node f561b242-3335-48fc-9447-4b53fc7bc5f8 with capacity 67108864000B, used 53687091200B, and remaining 13421772800B is 0.8
2023-06-18 19:16:04,045 [main] DEBUG balancer.ContainerBalancerTask (ContainerBalancerTask.java:initializeIteration(398)) - Utilization for node 7859977f-1ea7-4bc0-b7d1-c26742d71d21 with capacity 65958426331B, used 46170898432B, and remaining 19787527899B is 0.7000000000045483
2023-06-18 19:16:04,045 [main] DEBUG balancer.ContainerBalancerTask (ContainerBalancerTask.java:initializeIteration(398)) - Utilization for node b8442ff8-62ef-46df-9b6d-d4389bc10a30 with capacity 60845370026B, used 36507222016B, and remaining 24338148010B is 0.600000000006574
2023-06-18 19:16:04,045 [main] DEBUG balancer.ContainerBalancerTask (ContainerBalancerTask.java:initializeIteration(398)) - Utilization for node cbebd0b5-ef73-44e7-b715-317ca461999f with capacity 77309411328B, used 38654705664B, and remaining 38654705664B is 0.5
2023-06-18 19:16:04,045 [main] DEBUG balancer.ContainerBalancerTask (ContainerBalancerTask.java:initializeIteration(398)) - Utilization for node 81f146c9-30f4-49b4-9849-732517a5c152 with capacity 136902082560B, used 54760833024B, and remaining 82141249536B is 0.4
2023-06-18 19:16:04,045 [main] DEBUG balancer.ContainerBalancerTask (ContainerBalancerTask.java:initializeIteration(398)) - Utilization for node e8b04c08-93ad-4b6c-960d-529125ea2b59 with capacity 114532461226B, used 34359738368B, and remaining 80172722858B is 0.3000000000017462
2023-06-18 19:16:04,045 [main] DEBUG balancer.ContainerBalancerTask (ContainerBalancerTask.java:initializeIteration(398)) - Utilization for node da14d8b9-c267-45c1-b6d1-d5ce70c927be with capacity 150323855360B, used 30064771072B, and remaining 120259084288B is 0.2
2023-06-18 19:16:04,045 [main] DEBUG balancer.ContainerBalancerTask (ContainerBalancerTask.java:initializeIteration(398)) - Utilization for node 4b5b3e4a-279e-4a78-9dfc-3e823239d50b with capacity 365072220160B, used 36507222016B, and remaining 328564998144B is 0.1
2023-06-18 19:16:04,046 [main] DEBUG balancer.ContainerBalancerTask (ContainerBalancerTask.java:initializeIteration(398)) - Utilization for node 46443b0c-81fa-4a6f-9d37-a7a3c6263282 with capacity 13958643712B, used 0B, and remaining 13958643712B is 0.0
2023-06-18 19:16:04,046 [main] INFO  balancer.ContainerBalancerTask (ContainerBalancerTask.java:initializeIteration(443)) - Did not find any unbalanced Datanodes.
2023-06-18 19:16:04,046 [main] INFO  balancer.ContainerBalancerTask (ContainerBalancerTask.java:tryStopWithSaveConfiguration(308)) - Save Configuration for stopping. Reason: Could not initialize ContainerBalancer's iteration number 0
2023-06-18 19:16:04,047 [main] DEBUG balancer.ContainerBalancerTask (ContainerBalancerTask.java:initializeIteration(374)) - Average utilization of the cluster is 0.3528343298275165
2023-06-18 19:16:04,047 [main] DEBUG balancer.ContainerBalancerTask (ContainerBalancerTask.java:initializeIteration(386)) - Lower limit for utilization is 0.18528272791074984 and Upper limit for utilization is 0.5203859317442832
2023-06-18 19:16:04,047 [main] DEBUG balancer.ContainerBalancerTask (ContainerBalancerTask.java:initializeIteration(398)) - Utilization for node 2cb4ee9e-c19c-404f-a3ed-3d6144041b50 with capacity 73968881208B, used 66571993088B, and remaining 7396888120B is 0.9000000000108154
2023-06-18 19:16:04,047 [main] DEBUG balancer.ContainerBalancerTask (ContainerBalancerTask.java:initializeIteration(398)) - Utilization for node f561b242-3335-48fc-9447-4b53fc7bc5f8 with capacity 67108864000B, used 53687091200B, and remaining 13421772800B is 0.8
2023-06-18 19:16:04,047 [main] DEBUG balancer.ContainerBalancerTask (ContainerBalancerTask.java:initializeIteration(398)) - Utilization for node 7859977f-1ea7-4bc0-b7d1-c26742d71d21 with capacity 65958426331B, used 46170898432B, and remaining 19787527899B is 0.7000000000045483
2023-06-18 19:16:04,047 [main] DEBUG balancer.ContainerBalancerTask (ContainerBalancerTask.java:initializeIteration(398)) - Utilization for node b8442ff8-62ef-46df-9b6d-d4389bc10a30 with capacity 60845370026B, used 36507222016B, and remaining 24338148010B is 0.600000000006574
2023-06-18 19:16:04,047 [main] DEBUG balancer.ContainerBalancerTask (ContainerBalancerTask.java:initializeIteration(398)) - Utilization for node cbebd0b5-ef73-44e7-b715-317ca461999f with capacity 77309411328B, used 38654705664B, and remaining 38654705664B is 0.5
2023-06-18 19:16:04,047 [main] DEBUG balancer.ContainerBalancerTask (ContainerBalancerTask.java:initializeIteration(398)) - Utilization for node 81f146c9-30f4-49b4-9849-732517a5c152 with capacity 136902082560B, used 54760833024B, and remaining 82141249536B is 0.4
2023-06-18 19:16:04,047 [main] DEBUG balancer.ContainerBalancerTask (ContainerBalancerTask.java:initializeIteration(398)) - Utilization for node e8b04c08-93ad-4b6c-960d-529125ea2b59 with capacity 114532461226B, used 34359738368B, and remaining 80172722858B is 0.3000000000017462
2023-06-18 19:16:04,047 [main] DEBUG balancer.ContainerBalancerTask (ContainerBalancerTask.java:initializeIteration(398)) - Utilization for node da14d8b9-c267-45c1-b6d1-d5ce70c927be with capacity 150323855360B, used 30064771072B, and remaining 120259084288B is 0.2
2023-06-18 19:16:04,048 [main] DEBUG balancer.ContainerBalancerTask (ContainerBalancerTask.java:initializeIteration(398)) - Utilization for node 4b5b3e4a-279e-4a78-9dfc-3e823239d50b with capacity 365072220160B, used 36507222016B, and remaining 328564998144B is 0.1
2023-06-18 19:16:04,048 [main] DEBUG balancer.ContainerBalancerTask (ContainerBalancerTask.java:initializeIteration(398)) - Utilization for node 46443b0c-81fa-4a6f-9d37-a7a3c6263282 with capacity 13958643712B, used 0B, and remaining 13958643712B is 0.0
2023-06-18 19:16:04,048 [main] INFO  balancer.ContainerBalancerTask (ContainerBalancerTask.java:initializeIteration(447)) - Container Balancer has identified 4 Over-Utilized and 2 Under-Utilized Datanodes that need to be balanced.
2023-06-18 19:16:04,048 [main] DEBUG balancer.ContainerBalancerTask (ContainerBalancerTask.java:lambda$initializeIteration$1(453)) - Datanode localhost-123.239.245.20 2cb4ee9e-c19c-404f-a3ed-3d6144041b50 is Over-Utilized.
2023-06-18 19:16:04,048 [main] DEBUG balancer.ContainerBalancerTask (ContainerBalancerTask.java:lambda$initializeIteration$1(453)) - Datanode localhost-138.41.221.160 f561b242-3335-48fc-9447-4b53fc7bc5f8 is Over-Utilized.
2023-06-18 19:16:04,048 [main] DEBUG balancer.ContainerBalancerTask (ContainerBalancerTask.java:lambda$initializeIteration$1(453)) - Datanode localhost-48.244.249.90 7859977f-1ea7-4bc0-b7d1-c26742d71d21 is Over-Utilized.
2023-06-18 19:16:04,048 [main] DEBUG balancer.ContainerBalancerTask (ContainerBalancerTask.java:lambda$initializeIteration$1(453)) - Datanode localhost-125.178.73.148 b8442ff8-62ef-46df-9b6d-d4389bc10a30 is Over-Utilized.
2023-06-18 19:16:04,048 [main] DEBUG balancer.ContainerBalancerTask (ContainerBalancerTask.java:lambda$initializeIteration$2(459)) - Datanode localhost-93.64.31.108 46443b0c-81fa-4a6f-9d37-a7a3c6263282 is Under-Utilized.
2023-06-18 19:16:04,048 [main] DEBUG balancer.ContainerBalancerTask (ContainerBalancerTask.java:lambda$initializeIteration$2(459)) - Datanode localhost-241.76.246.187 4b5b3e4a-279e-4a78-9dfc-3e823239d50b is Under-Utilized.
2023-06-18 19:16:04,052 [main] DEBUG balancer.ContainerBalancerTask (ContainerBalancerTask.java:matchSourceWithTarget(706)) - ContainerBalancer is finding suitable target for source datanode 2cb4ee9e-c19c-404f-a3ed-3d6144041b50
2023-06-18 19:16:04,052 [main] INFO  balancer.ContainerBalancerTask (ContainerBalancerTask.java:matchSourceWithTarget(720)) - ContainerBalancer matched source datanode 2cb4ee9e-c19c-404f-a3ed-3d6144041b50 with target datanode 46443b0c-81fa-4a6f-9d37-a7a3c6263282 for container move.
2023-06-18 19:16:04,052 [main] INFO  balancer.ContainerBalancerTask (ContainerBalancerTask.java:processMoveSelection(569)) - ContainerBalancer is trying to move container #85 with size 5368709120B from source datanode 2cb4ee9e-c19c-404f-a3ed-3d6144041b50 to target datanode 46443b0c-81fa-4a6f-9d37-a7a3c6263282
2023-06-18 19:16:04,053 [main] DEBUG balancer.ContainerBalancerTask (ContainerBalancerTask.java:lambda$moveContainer$3(834)) - Container move completed for container #85 from source 2cb4ee9e-c19c-404f-a3ed-3d6144041b50 to target 46443b0c-81fa-4a6f-9d37-a7a3c6263282
2023-06-18 19:16:04,056 [main] DEBUG balancer.ContainerBalancerTask (ContainerBalancerTask.java:matchSourceWithTarget(706)) - ContainerBalancer is finding suitable target for source datanode 2cb4ee9e-c19c-404f-a3ed-3d6144041b50
2023-06-18 19:16:04,057 [main] INFO  balancer.ContainerBalancerTask (ContainerBalancerTask.java:matchSourceWithTarget(720)) - ContainerBalancer matched source datanode 2cb4ee9e-c19c-404f-a3ed-3d6144041b50 with target datanode 4b5b3e4a-279e-4a78-9dfc-3e823239d50b for container move.
2023-06-18 19:16:04,057 [main] INFO  balancer.ContainerBalancerTask (ContainerBalancerTask.java:processMoveSelection(569)) - ContainerBalancer is trying to move container #53 with size 5368709120B from source datanode 2cb4ee9e-c19c-404f-a3ed-3d6144041b50 to target datanode 4b5b3e4a-279e-4a78-9dfc-3e823239d50b
2023-06-18 19:16:04,057 [main] DEBUG balancer.ContainerBalancerTask (ContainerBalancerTask.java:lambda$moveContainer$3(834)) - Container move completed for container #53 from source 2cb4ee9e-c19c-404f-a3ed-3d6144041b50 to target 4b5b3e4a-279e-4a78-9dfc-3e823239d50b
2023-06-18 19:16:04,060 [main] DEBUG balancer.ContainerBalancerTask (ContainerBalancerTask.java:matchSourceWithTarget(706)) - ContainerBalancer is finding suitable target for source datanode f561b242-3335-48fc-9447-4b53fc7bc5f8
2023-06-18 19:16:04,060 [main] INFO  balancer.ContainerBalancerTask (ContainerBalancerTask.java:matchSourceWithTarget(720)) - ContainerBalancer matched source datanode f561b242-3335-48fc-9447-4b53fc7bc5f8 with target datanode 4b5b3e4a-279e-4a78-9dfc-3e823239d50b for container move.
2023-06-18 19:16:04,061 [main] INFO  balancer.ContainerBalancerTask (ContainerBalancerTask.java:processMoveSelection(569)) - ContainerBalancer is trying to move container #67 with size 4294967296B from source datanode f561b242-3335-48fc-9447-4b53fc7bc5f8 to target datanode 4b5b3e4a-279e-4a78-9dfc-3e823239d50b
2023-06-18 19:16:04,061 [main] DEBUG balancer.ContainerBalancerTask (ContainerBalancerTask.java:lambda$moveContainer$3(834)) - Container move completed for container #67 from source f561b242-3335-48fc-9447-4b53fc7bc5f8 to target 4b5b3e4a-279e-4a78-9dfc-3e823239d50b
2023-06-18 19:16:04,064 [main] DEBUG balancer.ContainerBalancerTask (ContainerBalancerTask.java:matchSourceWithTarget(706)) - ContainerBalancer is finding suitable target for source datanode 2cb4ee9e-c19c-404f-a3ed-3d6144041b50
2023-06-18 19:16:04,065 [main] INFO  balancer.ContainerBalancerTask (ContainerBalancerTask.java:matchSourceWithTarget(720)) - ContainerBalancer matched source datanode 2cb4ee9e-c19c-404f-a3ed-3d6144041b50 with target datanode 4b5b3e4a-279e-4a78-9dfc-3e823239d50b for container move.
2023-06-18 19:16:04,065 [main] INFO  balancer.ContainerBalancerTask (ContainerBalancerTask.java:processMoveSelection(569)) - ContainerBalancer is trying to move container #40 with size 5368709120B from source datanode 2cb4ee9e-c19c-404f-a3ed-3d6144041b50 to target datanode 4b5b3e4a-279e-4a78-9dfc-3e823239d50b
2023-06-18 19:16:04,065 [main] DEBUG balancer.ContainerBalancerTask (ContainerBalancerTask.java:lambda$moveContainer$3(834)) - Container move completed for container #40 from source 2cb4ee9e-c19c-404f-a3ed-3d6144041b50 to target 4b5b3e4a-279e-4a78-9dfc-3e823239d50b
2023-06-18 19:16:04,068 [main] DEBUG balancer.ContainerBalancerTask (ContainerBalancerTask.java:matchSourceWithTarget(706)) - ContainerBalancer is finding suitable target for source datanode f561b242-3335-48fc-9447-4b53fc7bc5f8
2023-06-18 19:16:04,068 [main] INFO  balancer.ContainerBalancerTask (ContainerBalancerTask.java:matchSourceWithTarget(720)) - ContainerBalancer matched source datanode f561b242-3335-48fc-9447-4b53fc7bc5f8 with target datanode 4b5b3e4a-279e-4a78-9dfc-3e823239d50b for container move.
2023-06-18 19:16:04,069 [main] INFO  balancer.ContainerBalancerTask (ContainerBalancerTask.java:processMoveSelection(569)) - ContainerBalancer is trying to move container #28 with size 4294967296B from source datanode f561b242-3335-48fc-9447-4b53fc7bc5f8 to target datanode 4b5b3e4a-279e-4a78-9dfc-3e823239d50b
2023-06-18 19:16:04,069 [main] DEBUG balancer.ContainerBalancerTask (ContainerBalancerTask.java:lambda$moveContainer$3(834)) - Container move completed for container #28 from source f561b242-3335-48fc-9447-4b53fc7bc5f8 to target 4b5b3e4a-279e-4a78-9dfc-3e823239d50b
2023-06-18 19:16:04,071 [main] DEBUG balancer.ContainerBalancerTask (ContainerBalancerTask.java:matchSourceWithTarget(706)) - ContainerBalancer is finding suitable target for source datanode 7859977f-1ea7-4bc0-b7d1-c26742d71d21
2023-06-18 19:16:04,071 [main] INFO  balancer.ContainerBalancerTask (ContainerBalancerTask.java:matchSourceWithTarget(720)) - ContainerBalancer matched source datanode 7859977f-1ea7-4bc0-b7d1-c26742d71d21 with target datanode 4b5b3e4a-279e-4a78-9dfc-3e823239d50b for container move.
2023-06-18 19:16:04,072 [main] INFO  balancer.ContainerBalancerTask (ContainerBalancerTask.java:processMoveSelection(569)) - ContainerBalancer is trying to move container #29 with size 5368709120B from source datanode 7859977f-1ea7-4bc0-b7d1-c26742d71d21 to target datanode 4b5b3e4a-279e-4a78-9dfc-3e823239d50b
2023-06-18 19:16:04,072 [main] DEBUG balancer.ContainerBalancerTask (ContainerBalancerTask.java:lambda$moveContainer$3(834)) - Container move completed for container #29 from source 7859977f-1ea7-4bc0-b7d1-c26742d71d21 to target 4b5b3e4a-279e-4a78-9dfc-3e823239d50b
2023-06-18 19:16:04,075 [main] DEBUG balancer.ContainerBalancerTask (ContainerBalancerTask.java:matchSourceWithTarget(706)) - ContainerBalancer is finding suitable target for source datanode 2cb4ee9e-c19c-404f-a3ed-3d6144041b50
2023-06-18 19:16:04,076 [main] INFO  balancer.ContainerBalancerTask (ContainerBalancerTask.java:matchSourceWithTarget(720)) - ContainerBalancer matched source datanode 2cb4ee9e-c19c-404f-a3ed-3d6144041b50 with target datanode 4b5b3e4a-279e-4a78-9dfc-3e823239d50b for container move.
2023-06-18 19:16:04,076 [main] INFO  balancer.ContainerBalancerTask (ContainerBalancerTask.java:processMoveSelection(569)) - ContainerBalancer is trying to move container #89 with size 4294967296B from source datanode 2cb4ee9e-c19c-404f-a3ed-3d6144041b50 to target datanode 4b5b3e4a-279e-4a78-9dfc-3e823239d50b
2023-06-18 19:16:04,076 [main] DEBUG balancer.ContainerBalancerTask (ContainerBalancerTask.java:lambda$moveContainer$3(834)) - Container move completed for container #89 from source 2cb4ee9e-c19c-404f-a3ed-3d6144041b50 to target 4b5b3e4a-279e-4a78-9dfc-3e823239d50b
2023-06-18 19:16:04,079 [main] DEBUG balancer.ContainerBalancerTask (ContainerBalancerTask.java:matchSourceWithTarget(706)) - ContainerBalancer is finding suitable target for source datanode f561b242-3335-48fc-9447-4b53fc7bc5f8
2023-06-18 19:16:04,080 [main] INFO  balancer.ContainerBalancerTask (ContainerBalancerTask.java:matchSourceWithTarget(720)) - ContainerBalancer matched source datanode f561b242-3335-48fc-9447-4b53fc7bc5f8 with target datanode 4b5b3e4a-279e-4a78-9dfc-3e823239d50b for container move.
2023-06-18 19:16:04,080 [main] INFO  balancer.ContainerBalancerTask (ContainerBalancerTask.java:processMoveSelection(569)) - ContainerBalancer is trying to move container #71 with size 3221225472B from source datanode f561b242-3335-48fc-9447-4b53fc7bc5f8 to target datanode 4b5b3e4a-279e-4a78-9dfc-3e823239d50b
2023-06-18 19:16:04,080 [main] DEBUG balancer.ContainerBalancerTask (ContainerBalancerTask.java:lambda$moveContainer$3(834)) - Container move completed for container #71 from source f561b242-3335-48fc-9447-4b53fc7bc5f8 to target 4b5b3e4a-279e-4a78-9dfc-3e823239d50b
2023-06-18 19:16:04,084 [main] DEBUG balancer.ContainerBalancerTask (ContainerBalancerTask.java:matchSourceWithTarget(706)) - ContainerBalancer is finding suitable target for source datanode 2cb4ee9e-c19c-404f-a3ed-3d6144041b50
2023-06-18 19:16:04,084 [main] INFO  balancer.ContainerBalancerTask (ContainerBalancerTask.java:matchSourceWithTarget(720)) - ContainerBalancer matched source datanode 2cb4ee9e-c19c-404f-a3ed-3d6144041b50 with target datanode 4b5b3e4a-279e-4a78-9dfc-3e823239d50b for container move.
2023-06-18 19:16:04,084 [main] INFO  balancer.ContainerBalancerTask (ContainerBalancerTask.java:processMoveSelection(569)) - ContainerBalancer is trying to move container #84 with size 4294967296B from source datanode 2cb4ee9e-c19c-404f-a3ed-3d6144041b50 to target datanode 4b5b3e4a-279e-4a78-9dfc-3e823239d50b
2023-06-18 19:16:04,084 [main] DEBUG balancer.ContainerBalancerTask (ContainerBalancerTask.java:lambda$moveContainer$3(834)) - Container move completed for container #84 from source 2cb4ee9e-c19c-404f-a3ed-3d6144041b50 to target 4b5b3e4a-279e-4a78-9dfc-3e823239d50b
2023-06-18 19:16:04,088 [main] DEBUG balancer.ContainerBalancerTask (ContainerBalancerTask.java:matchSourceWithTarget(706)) - ContainerBalancer is finding suitable target for source datanode f561b242-3335-48fc-9447-4b53fc7bc5f8
2023-06-18 19:16:04,088 [main] INFO  balancer.ContainerBalancerTask (ContainerBalancerTask.java:matchSourceWithTarget(720)) - ContainerBalancer matched source datanode f561b242-3335-48fc-9447-4b53fc7bc5f8 with target datanode 4b5b3e4a-279e-4a78-9dfc-3e823239d50b for container move.
2023-06-18 19:16:04,088 [main] INFO  balancer.ContainerBalancerTask (ContainerBalancerTask.java:processMoveSelection(569)) - ContainerBalancer is trying to move container #66 with size 3221225472B from source datanode f561b242-3335-48fc-9447-4b53fc7bc5f8 to target datanode 4b5b3e4a-279e-4a78-9dfc-3e823239d50b
2023-06-18 19:16:04,088 [main] DEBUG balancer.ContainerBalancerTask (ContainerBalancerTask.java:lambda$moveContainer$3(834)) - Container move completed for container #66 from source f561b242-3335-48fc-9447-4b53fc7bc5f8 to target 4b5b3e4a-279e-4a78-9dfc-3e823239d50b
2023-06-18 19:16:04,091 [main] DEBUG balancer.ContainerBalancerTask (ContainerBalancerTask.java:matchSourceWithTarget(706)) - ContainerBalancer is finding suitable target for source datanode 7859977f-1ea7-4bc0-b7d1-c26742d71d21
2023-06-18 19:16:04,091 [main] INFO  balancer.ContainerBalancerTask (ContainerBalancerTask.java:matchSourceWithTarget(720)) - ContainerBalancer matched source datanode 7859977f-1ea7-4bc0-b7d1-c26742d71d21 with target datanode 4b5b3e4a-279e-4a78-9dfc-3e823239d50b for container move.
2023-06-18 19:16:04,092 [main] INFO  balancer.ContainerBalancerTask (ContainerBalancerTask.java:processMoveSelection(569)) - ContainerBalancer is trying to move container #52 with size 4294967296B from source datanode 7859977f-1ea7-4bc0-b7d1-c26742d71d21 to target datanode 4b5b3e4a-279e-4a78-9dfc-3e823239d50b
2023-06-18 19:16:04,092 [main] DEBUG balancer.ContainerBalancerTask (ContainerBalancerTask.java:lambda$moveContainer$3(834)) - Container move completed for container #52 from source 7859977f-1ea7-4bc0-b7d1-c26742d71d21 to target 4b5b3e4a-279e-4a78-9dfc-3e823239d50b
2023-06-18 19:16:04,095 [main] DEBUG balancer.ContainerBalancerTask (ContainerBalancerTask.java:matchSourceWithTarget(706)) - ContainerBalancer is finding suitable target for source datanode b8442ff8-62ef-46df-9b6d-d4389bc10a30
2023-06-18 19:16:04,095 [main] INFO  balancer.ContainerBalancerTask (ContainerBalancerTask.java:matchSourceWithTarget(720)) - ContainerBalancer matched source datanode b8442ff8-62ef-46df-9b6d-d4389bc10a30 with target datanode 4b5b3e4a-279e-4a78-9dfc-3e823239d50b for container move.
2023-06-18 19:16:04,095 [main] INFO  balancer.ContainerBalancerTask (ContainerBalancerTask.java:processMoveSelection(569)) - ContainerBalancer is trying to move container #19 with size 4294967296B from source datanode b8442ff8-62ef-46df-9b6d-d4389bc10a30 to target datanode 4b5b3e4a-279e-4a78-9dfc-3e823239d50b
2023-06-18 19:16:04,095 [main] DEBUG balancer.ContainerBalancerTask (ContainerBalancerTask.java:lambda$moveContainer$3(834)) - Container move completed for container #19 from source b8442ff8-62ef-46df-9b6d-d4389bc10a30 to target 4b5b3e4a-279e-4a78-9dfc-3e823239d50b
2023-06-18 19:16:04,096 [main] WARN  balancer.ContainerBalancerTask (ContainerBalancerTask.java:reachedMaxSizeToMovePerIteration(731)) - Reached max size to move limit. 53687091200 bytes have already been scheduled for balancing and the limit is 53687091200 bytes.
2023-06-18 19:16:04,096 [main] INFO  balancer.ContainerBalancerTask (ContainerBalancerTask.java:checkIterationMoveResults(640)) - Iteration Summary. Number of Datanodes involved: 6. Size moved: 50 GB (53687091200 Bytes). Number of Container moves completed: 12.
2023-06-18 19:16:04,096 [main] INFO  balancer.ContainerBalancerTask (ContainerBalancerTask.java:balance(259)) - Result of this iteration of Container Balancer: ITERATION_COMPLETED
2023-06-18 19:16:04,096 [main] INFO  balancer.ContainerBalancerTask (ContainerBalancerTask.java:tryStopWithSaveConfiguration(308)) - Save Configuration for stopping. Reason: Completed all iterations.
2023-06-18 19:16:04,097 [main] DEBUG balancer.ContainerBalancerTask (ContainerBalancerTask.java:initializeIteration(374)) - Average utilization of the cluster is 0.3528343298275165
2023-06-18 19:16:04,097 [main] DEBUG balancer.ContainerBalancerTask (ContainerBalancerTask.java:initializeIteration(386)) - Lower limit for utilization is 0.2258768811471995 and Upper limit for utilization is 0.4797917785078335
2023-06-18 19:16:04,097 [main] DEBUG balancer.ContainerBalancerTask (ContainerBalancerTask.java:initializeIteration(398)) - Utilization for node 2cb4ee9e-c19c-404f-a3ed-3d6144041b50 with capacity 73968881208B, used 66571993088B, and remaining 7396888120B is 0.9000000000108154
2023-06-18 19:16:04,097 [main] DEBUG balancer.ContainerBalancerTask (ContainerBalancerTask.java:initializeIteration(398)) - Utilization for node f561b242-3335-48fc-9447-4b53fc7bc5f8 with capacity 67108864000B, used 53687091200B, and remaining 13421772800B is 0.8
2023-06-18 19:16:04,097 [main] DEBUG balancer.ContainerBalancerTask (ContainerBalancerTask.java:initializeIteration(398)) - Utilization for node 7859977f-1ea7-4bc0-b7d1-c26742d71d21 with capacity 65958426331B, used 46170898432B, and remaining 19787527899B is 0.7000000000045483
2023-06-18 19:16:04,098 [main] DEBUG balancer.ContainerBalancerTask (ContainerBalancerTask.java:initializeIteration(398)) - Utilization for node b8442ff8-62ef-46df-9b6d-d4389bc10a30 with capacity 60845370026B, used 36507222016B, and remaining 24338148010B is 0.600000000006574
2023-06-18 19:16:04,098 [main] DEBUG balancer.ContainerBalancerTask (ContainerBalancerTask.java:initializeIteration(398)) - Utilization for node cbebd0b5-ef73-44e7-b715-317ca461999f with capacity 77309411328B, used 38654705664B, and remaining 38654705664B is 0.5
2023-06-18 19:16:04,098 [main] DEBUG balancer.ContainerBalancerTask (ContainerBalancerTask.java:initializeIteration(398)) - Utilization for node 81f146c9-30f4-49b4-9849-732517a5c152 with capacity 136902082560B, used 54760833024B, and remaining 82141249536B is 0.4
2023-06-18 19:16:04,098 [main] DEBUG balancer.ContainerBalancerTask (ContainerBalancerTask.java:initializeIteration(398)) - Utilization for node e8b04c08-93ad-4b6c-960d-529125ea2b59 with capacity 114532461226B, used 34359738368B, and remaining 80172722858B is 0.3000000000017462
2023-06-18 19:16:04,098 [main] DEBUG balancer.ContainerBalancerTask (ContainerBalancerTask.java:initializeIteration(398)) - Utilization for node da14d8b9-c267-45c1-b6d1-d5ce70c927be with capacity 150323855360B, used 30064771072B, and remaining 120259084288B is 0.2
2023-06-18 19:16:04,098 [main] DEBUG balancer.ContainerBalancerTask (ContainerBalancerTask.java:initializeIteration(398)) - Utilization for node 4b5b3e4a-279e-4a78-9dfc-3e823239d50b with capacity 365072220160B, used 36507222016B, and remaining 328564998144B is 0.1
2023-06-18 19:16:04,098 [main] DEBUG balancer.ContainerBalancerTask (ContainerBalancerTask.java:initializeIteration(398)) - Utilization for node 46443b0c-81fa-4a6f-9d37-a7a3c6263282 with capacity 13958643712B, used 0B, and remaining 13958643712B is 0.0
2023-06-18 19:16:04,098 [main] INFO  balancer.ContainerBalancerTask (ContainerBalancerTask.java:initializeIteration(447)) - Container Balancer has identified 5 Over-Utilized and 3 Under-Utilized Datanodes that need to be balanced.
2023-06-18 19:16:04,099 [main] DEBUG balancer.ContainerBalancerTask (ContainerBalancerTask.java:lambda$initializeIteration$1(453)) - Datanode localhost-123.239.245.20 2cb4ee9e-c19c-404f-a3ed-3d6144041b50 is Over-Utilized.
2023-06-18 19:16:04,099 [main] DEBUG balancer.ContainerBalancerTask (ContainerBalancerTask.java:lambda$initializeIteration$1(453)) - Datanode localhost-138.41.221.160 f561b242-3335-48fc-9447-4b53fc7bc5f8 is Over-Utilized.
2023-06-18 19:16:04,099 [main] DEBUG balancer.ContainerBalancerTask (ContainerBalancerTask.java:lambda$initializeIteration$1(453)) - Datanode localhost-48.244.249.90 7859977f-1ea7-4bc0-b7d1-c26742d71d21 is Over-Utilized.
2023-06-18 19:16:04,099 [main] DEBUG balancer.ContainerBalancerTask (ContainerBalancerTask.java:lambda$initializeIteration$1(453)) - Datanode localhost-125.178.73.148 b8442ff8-62ef-46df-9b6d-d4389bc10a30 is Over-Utilized.
2023-06-18 19:16:04,099 [main] DEBUG balancer.ContainerBalancerTask (ContainerBalancerTask.java:lambda$initializeIteration$1(453)) - Datanode localhost-95.46.94.225 cbebd0b5-ef73-44e7-b715-317ca461999f is Over-Utilized.
2023-06-18 19:16:04,099 [main] DEBUG balancer.ContainerBalancerTask (ContainerBalancerTask.java:lambda$initializeIteration$2(459)) - Datanode localhost-93.64.31.108 46443b0c-81fa-4a6f-9d37-a7a3c6263282 is Under-Utilized.
2023-06-18 19:16:04,099 [main] DEBUG balancer.ContainerBalancerTask (ContainerBalancerTask.java:lambda$initializeIteration$2(459)) - Datanode localhost-241.76.246.187 4b5b3e4a-279e-4a78-9dfc-3e823239d50b is Under-Utilized.
2023-06-18 19:16:04,099 [main] DEBUG balancer.ContainerBalancerTask (ContainerBalancerTask.java:lambda$initializeIteration$2(459)) - Datanode localhost-252.133.82.90 da14d8b9-c267-45c1-b6d1-d5ce70c927be is Under-Utilized.
2023-06-18 19:16:04,103 [main] DEBUG balancer.ContainerBalancerTask (ContainerBalancerTask.java:matchSourceWithTarget(706)) - ContainerBalancer is finding suitable target for source datanode 2cb4ee9e-c19c-404f-a3ed-3d6144041b50
2023-06-18 19:16:04,103 [main] INFO  balancer.ContainerBalancerTask (ContainerBalancerTask.java:matchSourceWithTarget(720)) - ContainerBalancer matched source datanode 2cb4ee9e-c19c-404f-a3ed-3d6144041b50 with target datanode 46443b0c-81fa-4a6f-9d37-a7a3c6263282 for container move.
2023-06-18 19:16:04,103 [main] INFO  balancer.ContainerBalancerTask (ContainerBalancerTask.java:processMoveSelection(569)) - ContainerBalancer is trying to move container #85 with size 5368709120B from source datanode 2cb4ee9e-c19c-404f-a3ed-3d6144041b50 to target datanode 46443b0c-81fa-4a6f-9d37-a7a3c6263282
2023-06-18 19:16:04,103 [main] DEBUG balancer.ContainerBalancerTask (ContainerBalancerTask.java:lambda$moveContainer$3(834)) - Container move completed for container #85 from source 2cb4ee9e-c19c-404f-a3ed-3d6144041b50 to target 46443b0c-81fa-4a6f-9d37-a7a3c6263282
2023-06-18 19:16:04,107 [main] DEBUG balancer.ContainerBalancerTask (ContainerBalancerTask.java:matchSourceWithTarget(706)) - ContainerBalancer is finding suitable target for source datanode 2cb4ee9e-c19c-404f-a3ed-3d6144041b50
2023-06-18 19:16:04,107 [main] INFO  balancer.ContainerBalancerTask (ContainerBalancerTask.java:matchSourceWithTarget(720)) - ContainerBalancer matched source datanode 2cb4ee9e-c19c-404f-a3ed-3d6144041b50 with target datanode 4b5b3e4a-279e-4a78-9dfc-3e823239d50b for container move.
2023-06-18 19:16:04,107 [main] INFO  balancer.ContainerBalancerTask (ContainerBalancerTask.java:processMoveSelection(569)) - ContainerBalancer is trying to move container #53 with size 5368709120B from source datanode 2cb4ee9e-c19c-404f-a3ed-3d6144041b50 to target datanode 4b5b3e4a-279e-4a78-9dfc-3e823239d50b
2023-06-18 19:16:04,108 [main] DEBUG balancer.ContainerBalancerTask (ContainerBalancerTask.java:lambda$moveContainer$3(834)) - Container move completed for container #53 from source 2cb4ee9e-c19c-404f-a3ed-3d6144041b50 to target 4b5b3e4a-279e-4a78-9dfc-3e823239d50b
2023-06-18 19:16:04,111 [main] DEBUG balancer.ContainerBalancerTask (ContainerBalancerTask.java:matchSourceWithTarget(706)) - ContainerBalancer is finding suitable target for source datanode f561b242-3335-48fc-9447-4b53fc7bc5f8
2023-06-18 19:16:04,111 [main] INFO  balancer.ContainerBalancerTask (ContainerBalancerTask.java:matchSourceWithTarget(720)) - ContainerBalancer matched source datanode f561b242-3335-48fc-9447-4b53fc7bc5f8 with target datanode 4b5b3e4a-279e-4a78-9dfc-3e823239d50b for container move.
2023-06-18 19:16:04,111 [main] INFO  balancer.ContainerBalancerTask (ContainerBalancerTask.java:processMoveSelection(569)) - ContainerBalancer is trying to move container #67 with size 4294967296B from source datanode f561b242-3335-48fc-9447-4b53fc7bc5f8 to target datanode 4b5b3e4a-279e-4a78-9dfc-3e823239d50b
2023-06-18 19:16:04,111 [main] DEBUG balancer.ContainerBalancerTask (ContainerBalancerTask.java:lambda$moveContainer$3(834)) - Container move completed for container #67 from source f561b242-3335-48fc-9447-4b53fc7bc5f8 to target 4b5b3e4a-279e-4a78-9dfc-3e823239d50b
2023-06-18 19:16:04,115 [main] DEBUG balancer.ContainerBalancerTask (ContainerBalancerTask.java:matchSourceWithTarget(706)) - ContainerBalancer is finding suitable target for source datanode 2cb4ee9e-c19c-404f-a3ed-3d6144041b50
2023-06-18 19:16:04,115 [main] INFO  balancer.ContainerBalancerTask (ContainerBalancerTask.java:matchSourceWithTarget(720)) - ContainerBalancer matched source datanode 2cb4ee9e-c19c-404f-a3ed-3d6144041b50 with target datanode 4b5b3e4a-279e-4a78-9dfc-3e823239d50b for container move.
2023-06-18 19:16:04,115 [main] INFO  balancer.ContainerBalancerTask (ContainerBalancerTask.java:processMoveSelection(569)) - ContainerBalancer is trying to move container #40 with size 5368709120B from source datanode 2cb4ee9e-c19c-404f-a3ed-3d6144041b50 to target datanode 4b5b3e4a-279e-4a78-9dfc-3e823239d50b
2023-06-18 19:16:04,115 [main] DEBUG balancer.ContainerBalancerTask (ContainerBalancerTask.java:lambda$moveContainer$3(834)) - Container move completed for container #40 from source 2cb4ee9e-c19c-404f-a3ed-3d6144041b50 to target 4b5b3e4a-279e-4a78-9dfc-3e823239d50b
2023-06-18 19:16:04,119 [main] DEBUG balancer.ContainerBalancerTask (ContainerBalancerTask.java:matchSourceWithTarget(706)) - ContainerBalancer is finding suitable target for source datanode f561b242-3335-48fc-9447-4b53fc7bc5f8
2023-06-18 19:16:04,119 [main] INFO  balancer.ContainerBalancerTask (ContainerBalancerTask.java:matchSourceWithTarget(720)) - ContainerBalancer matched source datanode f561b242-3335-48fc-9447-4b53fc7bc5f8 with target datanode 4b5b3e4a-279e-4a78-9dfc-3e823239d50b for container move.
2023-06-18 19:16:04,119 [main] INFO  balancer.ContainerBalancerTask (ContainerBalancerTask.java:processMoveSelection(569)) - ContainerBalancer is trying to move container #28 with size 4294967296B from source datanode f561b242-3335-48fc-9447-4b53fc7bc5f8 to target datanode 4b5b3e4a-279e-4a78-9dfc-3e823239d50b
2023-06-18 19:16:04,119 [main] DEBUG balancer.ContainerBalancerTask (ContainerBalancerTask.java:lambda$moveContainer$3(834)) - Container move completed for container #28 from source f561b242-3335-48fc-9447-4b53fc7bc5f8 to target 4b5b3e4a-279e-4a78-9dfc-3e823239d50b
2023-06-18 19:16:04,122 [main] DEBUG balancer.ContainerBalancerTask (ContainerBalancerTask.java:matchSourceWithTarget(706)) - ContainerBalancer is finding suitable target for source datanode 7859977f-1ea7-4bc0-b7d1-c26742d71d21
2023-06-18 19:16:04,122 [main] INFO  balancer.ContainerBalancerTask (ContainerBalancerTask.java:matchSourceWithTarget(720)) - ContainerBalancer matched source datanode 7859977f-1ea7-4bc0-b7d1-c26742d71d21 with target datanode 4b5b3e4a-279e-4a78-9dfc-3e823239d50b for container move.
2023-06-18 19:16:04,122 [main] INFO  balancer.ContainerBalancerTask (ContainerBalancerTask.java:processMoveSelection(569)) - ContainerBalancer is trying to move container #29 with size 5368709120B from source datanode 7859977f-1ea7-4bc0-b7d1-c26742d71d21 to target datanode 4b5b3e4a-279e-4a78-9dfc-3e823239d50b
2023-06-18 19:16:04,122 [main] DEBUG balancer.ContainerBalancerTask (ContainerBalancerTask.java:lambda$moveContainer$3(834)) - Container move completed for container #29 from source 7859977f-1ea7-4bc0-b7d1-c26742d71d21 to target 4b5b3e4a-279e-4a78-9dfc-3e823239d50b
2023-06-18 19:16:04,126 [main] DEBUG balancer.ContainerBalancerTask (ContainerBalancerTask.java:matchSourceWithTarget(706)) - ContainerBalancer is finding suitable target for source datanode 2cb4ee9e-c19c-404f-a3ed-3d6144041b50
2023-06-18 19:16:04,126 [main] INFO  balancer.ContainerBalancerTask (ContainerBalancerTask.java:matchSourceWithTarget(720)) - ContainerBalancer matched source datanode 2cb4ee9e-c19c-404f-a3ed-3d6144041b50 with target datanode 4b5b3e4a-279e-4a78-9dfc-3e823239d50b for container move.
2023-06-18 19:16:04,126 [main] INFO  balancer.ContainerBalancerTask (ContainerBalancerTask.java:processMoveSelection(569)) - ContainerBalancer is trying to move container #89 with size 4294967296B from source datanode 2cb4ee9e-c19c-404f-a3ed-3d6144041b50 to target datanode 4b5b3e4a-279e-4a78-9dfc-3e823239d50b
2023-06-18 19:16:04,126 [main] DEBUG balancer.ContainerBalancerTask (ContainerBalancerTask.java:lambda$moveContainer$3(834)) - Container move completed for container #89 from source 2cb4ee9e-c19c-404f-a3ed-3d6144041b50 to target 4b5b3e4a-279e-4a78-9dfc-3e823239d50b
2023-06-18 19:16:04,130 [main] DEBUG balancer.ContainerBalancerTask (ContainerBalancerTask.java:matchSourceWithTarget(706)) - ContainerBalancer is finding suitable target for source datanode f561b242-3335-48fc-9447-4b53fc7bc5f8
2023-06-18 19:16:04,130 [main] INFO  balancer.ContainerBalancerTask (ContainerBalancerTask.java:matchSourceWithTarget(720)) - ContainerBalancer matched source datanode f561b242-3335-48fc-9447-4b53fc7bc5f8 with target datanode 4b5b3e4a-279e-4a78-9dfc-3e823239d50b for container move.
2023-06-18 19:16:04,130 [main] INFO  balancer.ContainerBalancerTask (ContainerBalancerTask.java:processMoveSelection(569)) - ContainerBalancer is trying to move container #71 with size 3221225472B from source datanode f561b242-3335-48fc-9447-4b53fc7bc5f8 to target datanode 4b5b3e4a-279e-4a78-9dfc-3e823239d50b
2023-06-18 19:16:04,130 [main] DEBUG balancer.ContainerBalancerTask (ContainerBalancerTask.java:lambda$moveContainer$3(834)) - Container move completed for container #71 from source f561b242-3335-48fc-9447-4b53fc7bc5f8 to target 4b5b3e4a-279e-4a78-9dfc-3e823239d50b
2023-06-18 19:16:04,134 [main] DEBUG balancer.ContainerBalancerTask (ContainerBalancerTask.java:matchSourceWithTarget(706)) - ContainerBalancer is finding suitable target for source datanode 2cb4ee9e-c19c-404f-a3ed-3d6144041b50
2023-06-18 19:16:04,134 [main] INFO  balancer.ContainerBalancerTask (ContainerBalancerTask.java:matchSourceWithTarget(720)) - ContainerBalancer matched source datanode 2cb4ee9e-c19c-404f-a3ed-3d6144041b50 with target datanode 4b5b3e4a-279e-4a78-9dfc-3e823239d50b for container move.
2023-06-18 19:16:04,135 [main] INFO  balancer.ContainerBalancerTask (ContainerBalancerTask.java:processMoveSelection(569)) - ContainerBalancer is trying to move container #84 with size 4294967296B from source datanode 2cb4ee9e-c19c-404f-a3ed-3d6144041b50 to target datanode 4b5b3e4a-279e-4a78-9dfc-3e823239d50b
2023-06-18 19:16:04,135 [main] DEBUG balancer.ContainerBalancerTask (ContainerBalancerTask.java:lambda$moveContainer$3(834)) - Container move completed for container #84 from source 2cb4ee9e-c19c-404f-a3ed-3d6144041b50 to target 4b5b3e4a-279e-4a78-9dfc-3e823239d50b
2023-06-18 19:16:04,138 [main] DEBUG balancer.ContainerBalancerTask (ContainerBalancerTask.java:matchSourceWithTarget(706)) - ContainerBalancer is finding suitable target for source datanode f561b242-3335-48fc-9447-4b53fc7bc5f8
2023-06-18 19:16:04,139 [main] INFO  balancer.ContainerBalancerTask (ContainerBalancerTask.java:matchSourceWithTarget(720)) - ContainerBalancer matched source datanode f561b242-3335-48fc-9447-4b53fc7bc5f8 with target datanode da14d8b9-c267-45c1-b6d1-d5ce70c927be for container move.
2023-06-18 19:16:04,139 [main] INFO  balancer.ContainerBalancerTask (ContainerBalancerTask.java:processMoveSelection(569)) - ContainerBalancer is trying to move container #68 with size 5368709120B from source datanode f561b242-3335-48fc-9447-4b53fc7bc5f8 to target datanode da14d8b9-c267-45c1-b6d1-d5ce70c927be
2023-06-18 19:16:04,139 [main] DEBUG balancer.ContainerBalancerTask (ContainerBalancerTask.java:lambda$moveContainer$3(834)) - Container move completed for container #68 from source f561b242-3335-48fc-9447-4b53fc7bc5f8 to target da14d8b9-c267-45c1-b6d1-d5ce70c927be
2023-06-18 19:16:04,142 [main] DEBUG balancer.ContainerBalancerTask (ContainerBalancerTask.java:matchSourceWithTarget(706)) - ContainerBalancer is finding suitable target for source datanode 7859977f-1ea7-4bc0-b7d1-c26742d71d21
2023-06-18 19:16:04,142 [main] INFO  balancer.ContainerBalancerTask (ContainerBalancerTask.java:matchSourceWithTarget(720)) - ContainerBalancer matched source datanode 7859977f-1ea7-4bc0-b7d1-c26742d71d21 with target datanode 4b5b3e4a-279e-4a78-9dfc-3e823239d50b for container move.
2023-06-18 19:16:04,142 [main] INFO  balancer.ContainerBalancerTask (ContainerBalancerTask.java:processMoveSelection(569)) - ContainerBalancer is trying to move container #52 with size 4294967296B from source datanode 7859977f-1ea7-4bc0-b7d1-c26742d71d21 to target datanode 4b5b3e4a-279e-4a78-9dfc-3e823239d50b
2023-06-18 19:16:04,142 [main] DEBUG balancer.ContainerBalancerTask (ContainerBalancerTask.java:lambda$moveContainer$3(834)) - Container move completed for container #52 from source 7859977f-1ea7-4bc0-b7d1-c26742d71d21 to target 4b5b3e4a-279e-4a78-9dfc-3e823239d50b
2023-06-18 19:16:04,145 [main] DEBUG balancer.ContainerBalancerTask (ContainerBalancerTask.java:matchSourceWithTarget(706)) - ContainerBalancer is finding suitable target for source datanode b8442ff8-62ef-46df-9b6d-d4389bc10a30
2023-06-18 19:16:04,146 [main] INFO  balancer.ContainerBalancerTask (ContainerBalancerTask.java:matchSourceWithTarget(720)) - ContainerBalancer matched source datanode b8442ff8-62ef-46df-9b6d-d4389bc10a30 with target datanode 4b5b3e4a-279e-4a78-9dfc-3e823239d50b for container move.
2023-06-18 19:16:04,146 [main] INFO  balancer.ContainerBalancerTask (ContainerBalancerTask.java:processMoveSelection(569)) - ContainerBalancer is trying to move container #37 with size 2147483648B from source datanode b8442ff8-62ef-46df-9b6d-d4389bc10a30 to target datanode 4b5b3e4a-279e-4a78-9dfc-3e823239d50b
2023-06-18 19:16:04,146 [main] DEBUG balancer.ContainerBalancerTask (ContainerBalancerTask.java:lambda$moveContainer$3(834)) - Container move completed for container #37 from source b8442ff8-62ef-46df-9b6d-d4389bc10a30 to target 4b5b3e4a-279e-4a78-9dfc-3e823239d50b
2023-06-18 19:16:04,146 [main] WARN  balancer.ContainerBalancerTask (ContainerBalancerTask.java:reachedMaxSizeToMovePerIteration(731)) - Reached max size to move limit. 53687091200 bytes have already been scheduled for balancing and the limit is 53687091200 bytes.
2023-06-18 19:16:04,146 [main] INFO  balancer.ContainerBalancerTask (ContainerBalancerTask.java:checkIterationMoveResults(640)) - Iteration Summary. Number of Datanodes involved: 7. Size moved: 50 GB (53687091200 Bytes). Number of Container moves completed: 12.
2023-06-18 19:16:04,146 [main] INFO  balancer.ContainerBalancerTask (ContainerBalancerTask.java:balance(259)) - Result of this iteration of Container Balancer: ITERATION_COMPLETED
2023-06-18 19:16:04,147 [main] INFO  balancer.ContainerBalancerTask (ContainerBalancerTask.java:tryStopWithSaveConfiguration(308)) - Save Configuration for stopping. Reason: Completed all iterations.
2023-06-18 19:16:04,147 [main] DEBUG balancer.ContainerBalancerTask (ContainerBalancerTask.java:initializeIteration(374)) - Average utilization of the cluster is 0.3528343298275165
2023-06-18 19:16:04,147 [main] DEBUG balancer.ContainerBalancerTask (ContainerBalancerTask.java:initializeIteration(386)) - Lower limit for utilization is -0.4978891109369715 and Upper limit for utilization is 1.2035577705920044
2023-06-18 19:16:04,148 [main] DEBUG balancer.ContainerBalancerTask (ContainerBalancerTask.java:initializeIteration(398)) - Utilization for node 2cb4ee9e-c19c-404f-a3ed-3d6144041b50 with capacity 73968881208B, used 66571993088B, and remaining 7396888120B is 0.9000000000108154
2023-06-18 19:16:04,148 [main] DEBUG balancer.ContainerBalancerTask (ContainerBalancerTask.java:initializeIteration(398)) - Utilization for node f561b242-3335-48fc-9447-4b53fc7bc5f8 with capacity 67108864000B, used 53687091200B, and remaining 13421772800B is 0.8
2023-06-18 19:16:04,148 [main] DEBUG balancer.ContainerBalancerTask (ContainerBalancerTask.java:initializeIteration(398)) - Utilization for node 7859977f-1ea7-4bc0-b7d1-c26742d71d21 with capacity 65958426331B, used 46170898432B, and remaining 19787527899B is 0.7000000000045483
2023-06-18 19:16:04,148 [main] DEBUG balancer.ContainerBalancerTask (ContainerBalancerTask.java:initializeIteration(398)) - Utilization for node b8442ff8-62ef-46df-9b6d-d4389bc10a30 with capacity 60845370026B, used 36507222016B, and remaining 24338148010B is 0.600000000006574
2023-06-18 19:16:04,148 [main] DEBUG balancer.ContainerBalancerTask (ContainerBalancerTask.java:initializeIteration(398)) - Utilization for node cbebd0b5-ef73-44e7-b715-317ca461999f with capacity 77309411328B, used 38654705664B, and remaining 38654705664B is 0.5
2023-06-18 19:16:04,148 [main] DEBUG balancer.ContainerBalancerTask (ContainerBalancerTask.java:initializeIteration(398)) - Utilization for node 81f146c9-30f4-49b4-9849-732517a5c152 with capacity 136902082560B, used 54760833024B, and remaining 82141249536B is 0.4
2023-06-18 19:16:04,148 [main] DEBUG balancer.ContainerBalancerTask (ContainerBalancerTask.java:initializeIteration(398)) - Utilization for node e8b04c08-93ad-4b6c-960d-529125ea2b59 with capacity 114532461226B, used 34359738368B, and remaining 80172722858B is 0.3000000000017462
2023-06-18 19:16:04,148 [main] DEBUG balancer.ContainerBalancerTask (ContainerBalancerTask.java:initializeIteration(398)) - Utilization for node da14d8b9-c267-45c1-b6d1-d5ce70c927be with capacity 150323855360B, used 30064771072B, and remaining 120259084288B is 0.2
2023-06-18 19:16:04,148 [main] DEBUG balancer.ContainerBalancerTask (ContainerBalancerTask.java:initializeIteration(398)) - Utilization for node 4b5b3e4a-279e-4a78-9dfc-3e823239d50b with capacity 365072220160B, used 36507222016B, and remaining 328564998144B is 0.1
2023-06-18 19:16:04,148 [main] DEBUG balancer.ContainerBalancerTask (ContainerBalancerTask.java:initializeIteration(398)) - Utilization for node 46443b0c-81fa-4a6f-9d37-a7a3c6263282 with capacity 13958643712B, used 0B, and remaining 13958643712B is 0.0
2023-06-18 19:16:04,149 [main] INFO  balancer.ContainerBalancerTask (ContainerBalancerTask.java:initializeIteration(443)) - Did not find any unbalanced Datanodes.
2023-06-18 19:16:04,149 [main] INFO  balancer.ContainerBalancerTask (ContainerBalancerTask.java:tryStopWithSaveConfiguration(308)) - Save Configuration for stopping. Reason: Could not initialize ContainerBalancer's iteration number 0
2023-06-18 19:16:04,149 [main] DEBUG balancer.ContainerBalancerTask (ContainerBalancerTask.java:initializeIteration(374)) - Average utilization of the cluster is 0.3528343298275165
2023-06-18 19:16:04,150 [main] DEBUG balancer.ContainerBalancerTask (ContainerBalancerTask.java:initializeIteration(386)) - Lower limit for utilization is -0.0703561392136286 and Upper limit for utilization is 0.7760247988686616
2023-06-18 19:16:04,150 [main] DEBUG balancer.ContainerBalancerTask (ContainerBalancerTask.java:initializeIteration(398)) - Utilization for node 2cb4ee9e-c19c-404f-a3ed-3d6144041b50 with capacity 73968881208B, used 66571993088B, and remaining 7396888120B is 0.9000000000108154
2023-06-18 19:16:04,150 [main] DEBUG balancer.ContainerBalancerTask (ContainerBalancerTask.java:initializeIteration(398)) - Utilization for node f561b242-3335-48fc-9447-4b53fc7bc5f8 with capacity 67108864000B, used 53687091200B, and remaining 13421772800B is 0.8
2023-06-18 19:16:04,150 [main] DEBUG balancer.ContainerBalancerTask (ContainerBalancerTask.java:initializeIteration(398)) - Utilization for node 7859977f-1ea7-4bc0-b7d1-c26742d71d21 with capacity 65958426331B, used 46170898432B, and remaining 19787527899B is 0.7000000000045483
2023-06-18 19:16:04,150 [main] DEBUG balancer.ContainerBalancerTask (ContainerBalancerTask.java:initializeIteration(398)) - Utilization for node b8442ff8-62ef-46df-9b6d-d4389bc10a30 with capacity 60845370026B, used 36507222016B, and remaining 24338148010B is 0.600000000006574
2023-06-18 19:16:04,150 [main] DEBUG balancer.ContainerBalancerTask (ContainerBalancerTask.java:initializeIteration(398)) - Utilization for node cbebd0b5-ef73-44e7-b715-317ca461999f with capacity 77309411328B, used 38654705664B, and remaining 38654705664B is 0.5
2023-06-18 19:16:04,150 [main] DEBUG balancer.ContainerBalancerTask (ContainerBalancerTask.java:initializeIteration(398)) - Utilization for node 81f146c9-30f4-49b4-9849-732517a5c152 with capacity 136902082560B, used 54760833024B, and remaining 82141249536B is 0.4
2023-06-18 19:16:04,150 [main] DEBUG balancer.ContainerBalancerTask (ContainerBalancerTask.java:initializeIteration(398)) - Utilization for node e8b04c08-93ad-4b6c-960d-529125ea2b59 with capacity 114532461226B, used 34359738368B, and remaining 80172722858B is 0.3000000000017462
2023-06-18 19:16:04,150 [main] DEBUG balancer.ContainerBalancerTask (ContainerBalancerTask.java:initializeIteration(398)) - Utilization for node da14d8b9-c267-45c1-b6d1-d5ce70c927be with capacity 150323855360B, used 30064771072B, and remaining 120259084288B is 0.2
2023-06-18 19:16:04,151 [main] DEBUG balancer.ContainerBalancerTask (ContainerBalancerTask.java:initializeIteration(398)) - Utilization for node 4b5b3e4a-279e-4a78-9dfc-3e823239d50b with capacity 365072220160B, used 36507222016B, and remaining 328564998144B is 0.1
2023-06-18 19:16:04,151 [main] DEBUG balancer.ContainerBalancerTask (ContainerBalancerTask.java:initializeIteration(398)) - Utilization for node 46443b0c-81fa-4a6f-9d37-a7a3c6263282 with capacity 13958643712B, used 0B, and remaining 13958643712B is 0.0
2023-06-18 19:16:04,151 [main] INFO  balancer.ContainerBalancerTask (ContainerBalancerTask.java:initializeIteration(447)) - Container Balancer has identified 2 Over-Utilized and 0 Under-Utilized Datanodes that need to be balanced.
2023-06-18 19:16:04,151 [main] DEBUG balancer.ContainerBalancerTask (ContainerBalancerTask.java:lambda$initializeIteration$1(453)) - Datanode localhost-123.239.245.20 2cb4ee9e-c19c-404f-a3ed-3d6144041b50 is Over-Utilized.
2023-06-18 19:16:04,151 [main] DEBUG balancer.ContainerBalancerTask (ContainerBalancerTask.java:lambda$initializeIteration$1(453)) - Datanode localhost-138.41.221.160 f561b242-3335-48fc-9447-4b53fc7bc5f8 is Over-Utilized.
2023-06-18 19:16:04,155 [main] DEBUG balancer.ContainerBalancerTask (ContainerBalancerTask.java:matchSourceWithTarget(706)) - ContainerBalancer is finding suitable target for source datanode 2cb4ee9e-c19c-404f-a3ed-3d6144041b50
2023-06-18 19:16:04,155 [main] INFO  balancer.FindTargetGreedyByUsageInfo (AbstractFindTargetGreedy.java:findTargetForContainerMove(133)) - Container Balancer could not find a target for source datanode 2cb4ee9e-c19c-404f-a3ed-3d6144041b50
2023-06-18 19:16:04,155 [main] DEBUG balancer.ContainerBalancerTask (ContainerBalancerTask.java:matchSourceWithTarget(715)) - ContainerBalancer could not find a suitable target for source node 2cb4ee9e-c19c-404f-a3ed-3d6144041b50.
2023-06-18 19:16:04,158 [main] DEBUG balancer.ContainerBalancerTask (ContainerBalancerTask.java:matchSourceWithTarget(706)) - ContainerBalancer is finding suitable target for source datanode f561b242-3335-48fc-9447-4b53fc7bc5f8
2023-06-18 19:16:04,158 [main] INFO  balancer.FindTargetGreedyByUsageInfo (AbstractFindTargetGreedy.java:findTargetForContainerMove(133)) - Container Balancer could not find a target for source datanode f561b242-3335-48fc-9447-4b53fc7bc5f8
2023-06-18 19:16:04,158 [main] DEBUG balancer.ContainerBalancerTask (ContainerBalancerTask.java:matchSourceWithTarget(715)) - ContainerBalancer could not find a suitable target for source node f561b242-3335-48fc-9447-4b53fc7bc5f8.
2023-06-18 19:16:04,158 [main] INFO  balancer.FindSourceGreedy (FindSourceGreedy.java:getNextCandidateSourceDataNode(126)) - no more candidate source data node
2023-06-18 19:16:04,158 [main] INFO  balancer.ContainerBalancerTask (ContainerBalancerTask.java:balance(259)) - Result of this iteration of Container Balancer: CAN_NOT_BALANCE_ANY_MORE
2023-06-18 19:16:04,158 [main] INFO  balancer.ContainerBalancerTask (ContainerBalancerTask.java:tryStopWithSaveConfiguration(308)) - Save Configuration for stopping. Reason: CAN_NOT_BALANCE_ANY_MORE
2023-06-18 19:16:04,159 [main] DEBUG balancer.ContainerBalancerTask (ContainerBalancerTask.java:initializeIteration(374)) - Average utilization of the cluster is 0.3528343298275165
2023-06-18 19:16:04,159 [main] DEBUG balancer.ContainerBalancerTask (ContainerBalancerTask.java:initializeIteration(386)) - Lower limit for utilization is -0.4458669572916998 and Upper limit for utilization is 1.1515356169467328
2023-06-18 19:16:04,159 [main] DEBUG balancer.ContainerBalancerTask (ContainerBalancerTask.java:initializeIteration(398)) - Utilization for node 2cb4ee9e-c19c-404f-a3ed-3d6144041b50 with capacity 73968881208B, used 66571993088B, and remaining 7396888120B is 0.9000000000108154
2023-06-18 19:16:04,159 [main] DEBUG balancer.ContainerBalancerTask (ContainerBalancerTask.java:initializeIteration(398)) - Utilization for node f561b242-3335-48fc-9447-4b53fc7bc5f8 with capacity 67108864000B, used 53687091200B, and remaining 13421772800B is 0.8
2023-06-18 19:16:04,159 [main] DEBUG balancer.ContainerBalancerTask (ContainerBalancerTask.java:initializeIteration(398)) - Utilization for node 7859977f-1ea7-4bc0-b7d1-c26742d71d21 with capacity 65958426331B, used 46170898432B, and remaining 19787527899B is 0.7000000000045483
2023-06-18 19:16:04,159 [main] DEBUG balancer.ContainerBalancerTask (ContainerBalancerTask.java:initializeIteration(398)) - Utilization for node b8442ff8-62ef-46df-9b6d-d4389bc10a30 with capacity 60845370026B, used 36507222016B, and remaining 24338148010B is 0.600000000006574
2023-06-18 19:16:04,160 [main] DEBUG balancer.ContainerBalancerTask (ContainerBalancerTask.java:initializeIteration(398)) - Utilization for node cbebd0b5-ef73-44e7-b715-317ca461999f with capacity 77309411328B, used 38654705664B, and remaining 38654705664B is 0.5
2023-06-18 19:16:04,160 [main] DEBUG balancer.ContainerBalancerTask (ContainerBalancerTask.java:initializeIteration(398)) - Utilization for node 81f146c9-30f4-49b4-9849-732517a5c152 with capacity 136902082560B, used 54760833024B, and remaining 82141249536B is 0.4
2023-06-18 19:16:04,160 [main] DEBUG balancer.ContainerBalancerTask (ContainerBalancerTask.java:initializeIteration(398)) - Utilization for node e8b04c08-93ad-4b6c-960d-529125ea2b59 with capacity 114532461226B, used 34359738368B, and remaining 80172722858B is 0.3000000000017462
2023-06-18 19:16:04,160 [main] DEBUG balancer.ContainerBalancerTask (ContainerBalancerTask.java:initializeIteration(398)) - Utilization for node da14d8b9-c267-45c1-b6d1-d5ce70c927be with capacity 150323855360B, used 30064771072B, and remaining 120259084288B is 0.2
2023-06-18 19:16:04,160 [main] DEBUG balancer.ContainerBalancerTask (ContainerBalancerTask.java:initializeIteration(398)) - Utilization for node 4b5b3e4a-279e-4a78-9dfc-3e823239d50b with capacity 365072220160B, used 36507222016B, and remaining 328564998144B is 0.1
2023-06-18 19:16:04,160 [main] DEBUG balancer.ContainerBalancerTask (ContainerBalancerTask.java:initializeIteration(398)) - Utilization for node 46443b0c-81fa-4a6f-9d37-a7a3c6263282 with capacity 13958643712B, used 0B, and remaining 13958643712B is 0.0
2023-06-18 19:16:04,160 [main] INFO  balancer.ContainerBalancerTask (ContainerBalancerTask.java:initializeIteration(443)) - Did not find any unbalanced Datanodes.
2023-06-18 19:16:04,160 [main] INFO  balancer.ContainerBalancerTask (ContainerBalancerTask.java:tryStopWithSaveConfiguration(308)) - Save Configuration for stopping. Reason: Could not initialize ContainerBalancer's iteration number 0
2023-06-18 19:16:04,163 [main] DEBUG balancer.ContainerBalancerTask (ContainerBalancerTask.java:initializeIteration(374)) - Average utilization of the cluster is 0.3528343298275165
2023-06-18 19:16:04,164 [main] DEBUG balancer.ContainerBalancerTask (ContainerBalancerTask.java:initializeIteration(386)) - Lower limit for utilization is -0.31703407521102145 and Upper limit for utilization is 1.0227027348660545
2023-06-18 19:16:04,164 [main] DEBUG balancer.ContainerBalancerTask (ContainerBalancerTask.java:initializeIteration(398)) - Utilization for node 2cb4ee9e-c19c-404f-a3ed-3d6144041b50 with capacity 73968881208B, used 66571993088B, and remaining 7396888120B is 0.9000000000108154
2023-06-18 19:16:04,164 [main] DEBUG balancer.ContainerBalancerTask (ContainerBalancerTask.java:initializeIteration(398)) - Utilization for node f561b242-3335-48fc-9447-4b53fc7bc5f8 with capacity 67108864000B, used 53687091200B, and remaining 13421772800B is 0.8
2023-06-18 19:16:04,164 [main] DEBUG balancer.ContainerBalancerTask (ContainerBalancerTask.java:initializeIteration(398)) - Utilization for node 7859977f-1ea7-4bc0-b7d1-c26742d71d21 with capacity 65958426331B, used 46170898432B, and remaining 19787527899B is 0.7000000000045483
2023-06-18 19:16:04,164 [main] DEBUG balancer.ContainerBalancerTask (ContainerBalancerTask.java:initializeIteration(398)) - Utilization for node b8442ff8-62ef-46df-9b6d-d4389bc10a30 with capacity 60845370026B, used 36507222016B, and remaining 24338148010B is 0.600000000006574
2023-06-18 19:16:04,164 [main] DEBUG balancer.ContainerBalancerTask (ContainerBalancerTask.java:initializeIteration(398)) - Utilization for node cbebd0b5-ef73-44e7-b715-317ca461999f with capacity 77309411328B, used 38654705664B, and remaining 38654705664B is 0.5
2023-06-18 19:16:04,164 [main] DEBUG balancer.ContainerBalancerTask (ContainerBalancerTask.java:initializeIteration(398)) - Utilization for node 81f146c9-30f4-49b4-9849-732517a5c152 with capacity 136902082560B, used 54760833024B, and remaining 82141249536B is 0.4
2023-06-18 19:16:04,164 [main] DEBUG balancer.ContainerBalancerTask (ContainerBalancerTask.java:initializeIteration(398)) - Utilization for node e8b04c08-93ad-4b6c-960d-529125ea2b59 with capacity 114532461226B, used 34359738368B, and remaining 80172722858B is 0.3000000000017462
2023-06-18 19:16:04,164 [main] DEBUG balancer.ContainerBalancerTask (ContainerBalancerTask.java:initializeIteration(398)) - Utilization for node da14d8b9-c267-45c1-b6d1-d5ce70c927be with capacity 150323855360B, used 30064771072B, and remaining 120259084288B is 0.2
2023-06-18 19:16:04,165 [main] DEBUG balancer.ContainerBalancerTask (ContainerBalancerTask.java:initializeIteration(398)) - Utilization for node 4b5b3e4a-279e-4a78-9dfc-3e823239d50b with capacity 365072220160B, used 36507222016B, and remaining 328564998144B is 0.1
2023-06-18 19:16:04,165 [main] DEBUG balancer.ContainerBalancerTask (ContainerBalancerTask.java:initializeIteration(398)) - Utilization for node 46443b0c-81fa-4a6f-9d37-a7a3c6263282 with capacity 13958643712B, used 0B, and remaining 13958643712B is 0.0
2023-06-18 19:16:04,165 [main] INFO  balancer.ContainerBalancerTask (ContainerBalancerTask.java:initializeIteration(443)) - Did not find any unbalanced Datanodes.
2023-06-18 19:16:04,165 [main] INFO  balancer.ContainerBalancerTask (ContainerBalancerTask.java:tryStopWithSaveConfiguration(308)) - Save Configuration for stopping. Reason: Could not initialize ContainerBalancer's iteration number 0
2023-06-18 19:16:04,166 [main] DEBUG balancer.ContainerBalancerTask (ContainerBalancerTask.java:initializeIteration(374)) - Average utilization of the cluster is 0.3528343298275165
2023-06-18 19:16:04,166 [main] DEBUG balancer.ContainerBalancerTask (ContainerBalancerTask.java:initializeIteration(386)) - Lower limit for utilization is 0.29792294326962676 and Upper limit for utilization is 0.40774571638540624
2023-06-18 19:16:04,166 [main] DEBUG balancer.ContainerBalancerTask (ContainerBalancerTask.java:initializeIteration(398)) - Utilization for node 2cb4ee9e-c19c-404f-a3ed-3d6144041b50 with capacity 73968881208B, used 66571993088B, and remaining 7396888120B is 0.9000000000108154
2023-06-18 19:16:04,166 [main] DEBUG balancer.ContainerBalancerTask (ContainerBalancerTask.java:initializeIteration(398)) - Utilization for node f561b242-3335-48fc-9447-4b53fc7bc5f8 with capacity 67108864000B, used 53687091200B, and remaining 13421772800B is 0.8
2023-06-18 19:16:04,166 [main] DEBUG balancer.ContainerBalancerTask (ContainerBalancerTask.java:initializeIteration(398)) - Utilization for node 7859977f-1ea7-4bc0-b7d1-c26742d71d21 with capacity 65958426331B, used 46170898432B, and remaining 19787527899B is 0.7000000000045483
2023-06-18 19:16:04,166 [main] DEBUG balancer.ContainerBalancerTask (ContainerBalancerTask.java:initializeIteration(398)) - Utilization for node b8442ff8-62ef-46df-9b6d-d4389bc10a30 with capacity 60845370026B, used 36507222016B, and remaining 24338148010B is 0.600000000006574
2023-06-18 19:16:04,166 [main] DEBUG balancer.ContainerBalancerTask (ContainerBalancerTask.java:initializeIteration(398)) - Utilization for node cbebd0b5-ef73-44e7-b715-317ca461999f with capacity 77309411328B, used 38654705664B, and remaining 38654705664B is 0.5
2023-06-18 19:16:04,166 [main] DEBUG balancer.ContainerBalancerTask (ContainerBalancerTask.java:initializeIteration(398)) - Utilization for node 81f146c9-30f4-49b4-9849-732517a5c152 with capacity 136902082560B, used 54760833024B, and remaining 82141249536B is 0.4
2023-06-18 19:16:04,167 [main] DEBUG balancer.ContainerBalancerTask (ContainerBalancerTask.java:initializeIteration(398)) - Utilization for node e8b04c08-93ad-4b6c-960d-529125ea2b59 with capacity 114532461226B, used 34359738368B, and remaining 80172722858B is 0.3000000000017462
2023-06-18 19:16:04,167 [main] DEBUG balancer.ContainerBalancerTask (ContainerBalancerTask.java:initializeIteration(398)) - Utilization for node da14d8b9-c267-45c1-b6d1-d5ce70c927be with capacity 150323855360B, used 30064771072B, and remaining 120259084288B is 0.2
2023-06-18 19:16:04,167 [main] DEBUG balancer.ContainerBalancerTask (ContainerBalancerTask.java:initializeIteration(398)) - Utilization for node 4b5b3e4a-279e-4a78-9dfc-3e823239d50b with capacity 365072220160B, used 36507222016B, and remaining 328564998144B is 0.1
2023-06-18 19:16:04,167 [main] DEBUG balancer.ContainerBalancerTask (ContainerBalancerTask.java:initializeIteration(398)) - Utilization for node 46443b0c-81fa-4a6f-9d37-a7a3c6263282 with capacity 13958643712B, used 0B, and remaining 13958643712B is 0.0
2023-06-18 19:16:04,167 [main] INFO  balancer.ContainerBalancerTask (ContainerBalancerTask.java:initializeIteration(447)) - Container Balancer has identified 5 Over-Utilized and 3 Under-Utilized Datanodes that need to be balanced.
2023-06-18 19:16:04,167 [main] DEBUG balancer.ContainerBalancerTask (ContainerBalancerTask.java:lambda$initializeIteration$1(453)) - Datanode localhost-123.239.245.20 2cb4ee9e-c19c-404f-a3ed-3d6144041b50 is Over-Utilized.
2023-06-18 19:16:04,167 [main] DEBUG balancer.ContainerBalancerTask (ContainerBalancerTask.java:lambda$initializeIteration$1(453)) - Datanode localhost-138.41.221.160 f561b242-3335-48fc-9447-4b53fc7bc5f8 is Over-Utilized.
2023-06-18 19:16:04,167 [main] DEBUG balancer.ContainerBalancerTask (ContainerBalancerTask.java:lambda$initializeIteration$1(453)) - Datanode localhost-48.244.249.90 7859977f-1ea7-4bc0-b7d1-c26742d71d21 is Over-Utilized.
2023-06-18 19:16:04,167 [main] DEBUG balancer.ContainerBalancerTask (ContainerBalancerTask.java:lambda$initializeIteration$1(453)) - Datanode localhost-125.178.73.148 b8442ff8-62ef-46df-9b6d-d4389bc10a30 is Over-Utilized.
2023-06-18 19:16:04,167 [main] DEBUG balancer.ContainerBalancerTask (ContainerBalancerTask.java:lambda$initializeIteration$1(453)) - Datanode localhost-95.46.94.225 cbebd0b5-ef73-44e7-b715-317ca461999f is Over-Utilized.
2023-06-18 19:16:04,168 [main] DEBUG balancer.ContainerBalancerTask (ContainerBalancerTask.java:lambda$initializeIteration$2(459)) - Datanode localhost-93.64.31.108 46443b0c-81fa-4a6f-9d37-a7a3c6263282 is Under-Utilized.
2023-06-18 19:16:04,168 [main] DEBUG balancer.ContainerBalancerTask (ContainerBalancerTask.java:lambda$initializeIteration$2(459)) - Datanode localhost-241.76.246.187 4b5b3e4a-279e-4a78-9dfc-3e823239d50b is Under-Utilized.
2023-06-18 19:16:04,168 [main] DEBUG balancer.ContainerBalancerTask (ContainerBalancerTask.java:lambda$initializeIteration$2(459)) - Datanode localhost-252.133.82.90 da14d8b9-c267-45c1-b6d1-d5ce70c927be is Under-Utilized.
2023-06-18 19:16:04,175 [main] DEBUG balancer.ContainerBalancerTask (ContainerBalancerTask.java:matchSourceWithTarget(706)) - ContainerBalancer is finding suitable target for source datanode 2cb4ee9e-c19c-404f-a3ed-3d6144041b50
2023-06-18 19:16:04,175 [main] INFO  balancer.ContainerBalancerTask (ContainerBalancerTask.java:matchSourceWithTarget(720)) - ContainerBalancer matched source datanode 2cb4ee9e-c19c-404f-a3ed-3d6144041b50 with target datanode 46443b0c-81fa-4a6f-9d37-a7a3c6263282 for container move.
2023-06-18 19:16:04,175 [main] INFO  balancer.ContainerBalancerTask (ContainerBalancerTask.java:processMoveSelection(569)) - ContainerBalancer is trying to move container #85 with size 5368709120B from source datanode 2cb4ee9e-c19c-404f-a3ed-3d6144041b50 to target datanode 46443b0c-81fa-4a6f-9d37-a7a3c6263282
2023-06-18 19:16:04,176 [main] DEBUG balancer.ContainerBalancerTask (ContainerBalancerTask.java:lambda$moveContainer$3(834)) - Container move completed for container #85 from source 2cb4ee9e-c19c-404f-a3ed-3d6144041b50 to target 46443b0c-81fa-4a6f-9d37-a7a3c6263282
2023-06-18 19:16:04,179 [main] DEBUG balancer.ContainerBalancerTask (ContainerBalancerTask.java:matchSourceWithTarget(706)) - ContainerBalancer is finding suitable target for source datanode 2cb4ee9e-c19c-404f-a3ed-3d6144041b50
2023-06-18 19:16:04,180 [main] INFO  balancer.ContainerBalancerTask (ContainerBalancerTask.java:matchSourceWithTarget(720)) - ContainerBalancer matched source datanode 2cb4ee9e-c19c-404f-a3ed-3d6144041b50 with target datanode 4b5b3e4a-279e-4a78-9dfc-3e823239d50b for container move.
2023-06-18 19:16:04,180 [main] INFO  balancer.ContainerBalancerTask (ContainerBalancerTask.java:processMoveSelection(569)) - ContainerBalancer is trying to move container #53 with size 5368709120B from source datanode 2cb4ee9e-c19c-404f-a3ed-3d6144041b50 to target datanode 4b5b3e4a-279e-4a78-9dfc-3e823239d50b
2023-06-18 19:16:04,180 [main] DEBUG balancer.ContainerBalancerTask (ContainerBalancerTask.java:lambda$moveContainer$3(834)) - Container move completed for container #53 from source 2cb4ee9e-c19c-404f-a3ed-3d6144041b50 to target 4b5b3e4a-279e-4a78-9dfc-3e823239d50b
2023-06-18 19:16:04,185 [main] DEBUG balancer.ContainerBalancerTask (ContainerBalancerTask.java:matchSourceWithTarget(706)) - ContainerBalancer is finding suitable target for source datanode f561b242-3335-48fc-9447-4b53fc7bc5f8
2023-06-18 19:16:04,185 [main] INFO  balancer.ContainerBalancerTask (ContainerBalancerTask.java:matchSourceWithTarget(720)) - ContainerBalancer matched source datanode f561b242-3335-48fc-9447-4b53fc7bc5f8 with target datanode 4b5b3e4a-279e-4a78-9dfc-3e823239d50b for container move.
2023-06-18 19:16:04,185 [main] INFO  balancer.ContainerBalancerTask (ContainerBalancerTask.java:processMoveSelection(569)) - ContainerBalancer is trying to move container #67 with size 4294967296B from source datanode f561b242-3335-48fc-9447-4b53fc7bc5f8 to target datanode 4b5b3e4a-279e-4a78-9dfc-3e823239d50b
2023-06-18 19:16:04,185 [main] DEBUG balancer.ContainerBalancerTask (ContainerBalancerTask.java:lambda$moveContainer$3(834)) - Container move completed for container #67 from source f561b242-3335-48fc-9447-4b53fc7bc5f8 to target 4b5b3e4a-279e-4a78-9dfc-3e823239d50b
2023-06-18 19:16:04,189 [main] DEBUG balancer.ContainerBalancerTask (ContainerBalancerTask.java:matchSourceWithTarget(706)) - ContainerBalancer is finding suitable target for source datanode 2cb4ee9e-c19c-404f-a3ed-3d6144041b50
2023-06-18 19:16:04,189 [main] INFO  balancer.ContainerBalancerTask (ContainerBalancerTask.java:matchSourceWithTarget(720)) - ContainerBalancer matched source datanode 2cb4ee9e-c19c-404f-a3ed-3d6144041b50 with target datanode 4b5b3e4a-279e-4a78-9dfc-3e823239d50b for container move.
2023-06-18 19:16:04,190 [main] INFO  balancer.ContainerBalancerTask (ContainerBalancerTask.java:processMoveSelection(569)) - ContainerBalancer is trying to move container #40 with size 5368709120B from source datanode 2cb4ee9e-c19c-404f-a3ed-3d6144041b50 to target datanode 4b5b3e4a-279e-4a78-9dfc-3e823239d50b
2023-06-18 19:16:04,190 [main] DEBUG balancer.ContainerBalancerTask (ContainerBalancerTask.java:lambda$moveContainer$3(834)) - Container move completed for container #40 from source 2cb4ee9e-c19c-404f-a3ed-3d6144041b50 to target 4b5b3e4a-279e-4a78-9dfc-3e823239d50b
2023-06-18 19:16:04,193 [main] DEBUG balancer.ContainerBalancerTask (ContainerBalancerTask.java:matchSourceWithTarget(706)) - ContainerBalancer is finding suitable target for source datanode f561b242-3335-48fc-9447-4b53fc7bc5f8
2023-06-18 19:16:04,193 [main] INFO  balancer.ContainerBalancerTask (ContainerBalancerTask.java:matchSourceWithTarget(720)) - ContainerBalancer matched source datanode f561b242-3335-48fc-9447-4b53fc7bc5f8 with target datanode 4b5b3e4a-279e-4a78-9dfc-3e823239d50b for container move.
2023-06-18 19:16:04,193 [main] INFO  balancer.ContainerBalancerTask (ContainerBalancerTask.java:processMoveSelection(569)) - ContainerBalancer is trying to move container #28 with size 4294967296B from source datanode f561b242-3335-48fc-9447-4b53fc7bc5f8 to target datanode 4b5b3e4a-279e-4a78-9dfc-3e823239d50b
2023-06-18 19:16:04,193 [main] DEBUG balancer.ContainerBalancerTask (ContainerBalancerTask.java:lambda$moveContainer$3(834)) - Container move completed for container #28 from source f561b242-3335-48fc-9447-4b53fc7bc5f8 to target 4b5b3e4a-279e-4a78-9dfc-3e823239d50b
2023-06-18 19:16:04,196 [main] DEBUG balancer.ContainerBalancerTask (ContainerBalancerTask.java:matchSourceWithTarget(706)) - ContainerBalancer is finding suitable target for source datanode 7859977f-1ea7-4bc0-b7d1-c26742d71d21
2023-06-18 19:16:04,196 [main] INFO  balancer.ContainerBalancerTask (ContainerBalancerTask.java:matchSourceWithTarget(720)) - ContainerBalancer matched source datanode 7859977f-1ea7-4bc0-b7d1-c26742d71d21 with target datanode 4b5b3e4a-279e-4a78-9dfc-3e823239d50b for container move.
2023-06-18 19:16:04,196 [main] INFO  balancer.ContainerBalancerTask (ContainerBalancerTask.java:processMoveSelection(569)) - ContainerBalancer is trying to move container #29 with size 5368709120B from source datanode 7859977f-1ea7-4bc0-b7d1-c26742d71d21 to target datanode 4b5b3e4a-279e-4a78-9dfc-3e823239d50b
2023-06-18 19:16:04,196 [main] DEBUG balancer.ContainerBalancerTask (ContainerBalancerTask.java:lambda$moveContainer$3(834)) - Container move completed for container #29 from source 7859977f-1ea7-4bc0-b7d1-c26742d71d21 to target 4b5b3e4a-279e-4a78-9dfc-3e823239d50b
2023-06-18 19:16:04,200 [main] DEBUG balancer.ContainerBalancerTask (ContainerBalancerTask.java:matchSourceWithTarget(706)) - ContainerBalancer is finding suitable target for source datanode 2cb4ee9e-c19c-404f-a3ed-3d6144041b50
2023-06-18 19:16:04,200 [main] INFO  balancer.ContainerBalancerTask (ContainerBalancerTask.java:matchSourceWithTarget(720)) - ContainerBalancer matched source datanode 2cb4ee9e-c19c-404f-a3ed-3d6144041b50 with target datanode 4b5b3e4a-279e-4a78-9dfc-3e823239d50b for container move.
2023-06-18 19:16:04,201 [main] INFO  balancer.ContainerBalancerTask (ContainerBalancerTask.java:processMoveSelection(569)) - ContainerBalancer is trying to move container #89 with size 4294967296B from source datanode 2cb4ee9e-c19c-404f-a3ed-3d6144041b50 to target datanode 4b5b3e4a-279e-4a78-9dfc-3e823239d50b
2023-06-18 19:16:04,201 [main] DEBUG balancer.ContainerBalancerTask (ContainerBalancerTask.java:lambda$moveContainer$3(834)) - Container move completed for container #89 from source 2cb4ee9e-c19c-404f-a3ed-3d6144041b50 to target 4b5b3e4a-279e-4a78-9dfc-3e823239d50b
2023-06-18 19:16:04,204 [main] DEBUG balancer.ContainerBalancerTask (ContainerBalancerTask.java:matchSourceWithTarget(706)) - ContainerBalancer is finding suitable target for source datanode f561b242-3335-48fc-9447-4b53fc7bc5f8
2023-06-18 19:16:04,204 [main] INFO  balancer.ContainerBalancerTask (ContainerBalancerTask.java:matchSourceWithTarget(720)) - ContainerBalancer matched source datanode f561b242-3335-48fc-9447-4b53fc7bc5f8 with target datanode 4b5b3e4a-279e-4a78-9dfc-3e823239d50b for container move.
2023-06-18 19:16:04,204 [main] INFO  balancer.ContainerBalancerTask (ContainerBalancerTask.java:processMoveSelection(569)) - ContainerBalancer is trying to move container #71 with size 3221225472B from source datanode f561b242-3335-48fc-9447-4b53fc7bc5f8 to target datanode 4b5b3e4a-279e-4a78-9dfc-3e823239d50b
2023-06-18 19:16:04,204 [main] DEBUG balancer.ContainerBalancerTask (ContainerBalancerTask.java:lambda$moveContainer$3(834)) - Container move completed for container #71 from source f561b242-3335-48fc-9447-4b53fc7bc5f8 to target 4b5b3e4a-279e-4a78-9dfc-3e823239d50b
2023-06-18 19:16:04,208 [main] DEBUG balancer.ContainerBalancerTask (ContainerBalancerTask.java:matchSourceWithTarget(706)) - ContainerBalancer is finding suitable target for source datanode 2cb4ee9e-c19c-404f-a3ed-3d6144041b50
2023-06-18 19:16:04,208 [main] INFO  balancer.ContainerBalancerTask (ContainerBalancerTask.java:matchSourceWithTarget(720)) - ContainerBalancer matched source datanode 2cb4ee9e-c19c-404f-a3ed-3d6144041b50 with target datanode 4b5b3e4a-279e-4a78-9dfc-3e823239d50b for container move.
2023-06-18 19:16:04,208 [main] INFO  balancer.ContainerBalancerTask (ContainerBalancerTask.java:processMoveSelection(569)) - ContainerBalancer is trying to move container #84 with size 4294967296B from source datanode 2cb4ee9e-c19c-404f-a3ed-3d6144041b50 to target datanode 4b5b3e4a-279e-4a78-9dfc-3e823239d50b
2023-06-18 19:16:04,209 [main] DEBUG balancer.ContainerBalancerTask (ContainerBalancerTask.java:lambda$moveContainer$3(834)) - Container move completed for container #84 from source 2cb4ee9e-c19c-404f-a3ed-3d6144041b50 to target 4b5b3e4a-279e-4a78-9dfc-3e823239d50b
2023-06-18 19:16:04,212 [main] DEBUG balancer.ContainerBalancerTask (ContainerBalancerTask.java:matchSourceWithTarget(706)) - ContainerBalancer is finding suitable target for source datanode f561b242-3335-48fc-9447-4b53fc7bc5f8
2023-06-18 19:16:04,212 [main] INFO  balancer.ContainerBalancerTask (ContainerBalancerTask.java:matchSourceWithTarget(720)) - ContainerBalancer matched source datanode f561b242-3335-48fc-9447-4b53fc7bc5f8 with target datanode da14d8b9-c267-45c1-b6d1-d5ce70c927be for container move.
2023-06-18 19:16:04,212 [main] INFO  balancer.ContainerBalancerTask (ContainerBalancerTask.java:processMoveSelection(569)) - ContainerBalancer is trying to move container #68 with size 5368709120B from source datanode f561b242-3335-48fc-9447-4b53fc7bc5f8 to target datanode da14d8b9-c267-45c1-b6d1-d5ce70c927be
2023-06-18 19:16:04,212 [main] DEBUG balancer.ContainerBalancerTask (ContainerBalancerTask.java:lambda$moveContainer$3(834)) - Container move completed for container #68 from source f561b242-3335-48fc-9447-4b53fc7bc5f8 to target da14d8b9-c267-45c1-b6d1-d5ce70c927be
2023-06-18 19:16:04,215 [main] DEBUG balancer.ContainerBalancerTask (ContainerBalancerTask.java:matchSourceWithTarget(706)) - ContainerBalancer is finding suitable target for source datanode 7859977f-1ea7-4bc0-b7d1-c26742d71d21
2023-06-18 19:16:04,216 [main] INFO  balancer.ContainerBalancerTask (ContainerBalancerTask.java:matchSourceWithTarget(720)) - ContainerBalancer matched source datanode 7859977f-1ea7-4bc0-b7d1-c26742d71d21 with target datanode 4b5b3e4a-279e-4a78-9dfc-3e823239d50b for container move.
2023-06-18 19:16:04,216 [main] INFO  balancer.ContainerBalancerTask (ContainerBalancerTask.java:processMoveSelection(569)) - ContainerBalancer is trying to move container #52 with size 4294967296B from source datanode 7859977f-1ea7-4bc0-b7d1-c26742d71d21 to target datanode 4b5b3e4a-279e-4a78-9dfc-3e823239d50b
2023-06-18 19:16:04,216 [main] DEBUG balancer.ContainerBalancerTask (ContainerBalancerTask.java:lambda$moveContainer$3(834)) - Container move completed for container #52 from source 7859977f-1ea7-4bc0-b7d1-c26742d71d21 to target 4b5b3e4a-279e-4a78-9dfc-3e823239d50b
2023-06-18 19:16:04,219 [main] DEBUG balancer.ContainerBalancerTask (ContainerBalancerTask.java:matchSourceWithTarget(706)) - ContainerBalancer is finding suitable target for source datanode b8442ff8-62ef-46df-9b6d-d4389bc10a30
2023-06-18 19:16:04,219 [main] INFO  balancer.ContainerBalancerTask (ContainerBalancerTask.java:matchSourceWithTarget(720)) - ContainerBalancer matched source datanode b8442ff8-62ef-46df-9b6d-d4389bc10a30 with target datanode 4b5b3e4a-279e-4a78-9dfc-3e823239d50b for container move.
2023-06-18 19:16:04,220 [main] INFO  balancer.ContainerBalancerTask (ContainerBalancerTask.java:processMoveSelection(569)) - ContainerBalancer is trying to move container #37 with size 2147483648B from source datanode b8442ff8-62ef-46df-9b6d-d4389bc10a30 to target datanode 4b5b3e4a-279e-4a78-9dfc-3e823239d50b
2023-06-18 19:16:04,220 [main] DEBUG balancer.ContainerBalancerTask (ContainerBalancerTask.java:lambda$moveContainer$3(834)) - Container move completed for container #37 from source b8442ff8-62ef-46df-9b6d-d4389bc10a30 to target 4b5b3e4a-279e-4a78-9dfc-3e823239d50b
2023-06-18 19:16:04,220 [main] WARN  balancer.ContainerBalancerTask (ContainerBalancerTask.java:reachedMaxSizeToMovePerIteration(731)) - Reached max size to move limit. 53687091200 bytes have already been scheduled for balancing and the limit is 53687091200 bytes.
2023-06-18 19:16:04,220 [main] INFO  balancer.ContainerBalancerTask (ContainerBalancerTask.java:checkIterationMoveResults(640)) - Iteration Summary. Number of Datanodes involved: 7. Size moved: 50 GB (53687091200 Bytes). Number of Container moves completed: 12.
2023-06-18 19:16:04,220 [main] INFO  balancer.ContainerBalancerTask (ContainerBalancerTask.java:balance(259)) - Result of this iteration of Container Balancer: ITERATION_COMPLETED
2023-06-18 19:16:04,220 [main] INFO  balancer.ContainerBalancerTask (ContainerBalancerTask.java:tryStopWithSaveConfiguration(308)) - Save Configuration for stopping. Reason: Completed all iterations.
2023-06-18 19:16:04,221 [main] DEBUG balancer.ContainerBalancerTask (ContainerBalancerTask.java:initializeIteration(374)) - Average utilization of the cluster is 0.3528343298275165
2023-06-18 19:16:04,221 [main] DEBUG balancer.ContainerBalancerTask (ContainerBalancerTask.java:initializeIteration(386)) - Lower limit for utilization is -0.17481828775270658 and Upper limit for utilization is 0.8804869474077396
2023-06-18 19:16:04,221 [main] DEBUG balancer.ContainerBalancerTask (ContainerBalancerTask.java:initializeIteration(398)) - Utilization for node 2cb4ee9e-c19c-404f-a3ed-3d6144041b50 with capacity 73968881208B, used 66571993088B, and remaining 7396888120B is 0.9000000000108154
2023-06-18 19:16:04,222 [main] DEBUG balancer.ContainerBalancerTask (ContainerBalancerTask.java:initializeIteration(398)) - Utilization for node f561b242-3335-48fc-9447-4b53fc7bc5f8 with capacity 67108864000B, used 53687091200B, and remaining 13421772800B is 0.8
2023-06-18 19:16:04,222 [main] DEBUG balancer.ContainerBalancerTask (ContainerBalancerTask.java:initializeIteration(398)) - Utilization for node 7859977f-1ea7-4bc0-b7d1-c26742d71d21 with capacity 65958426331B, used 46170898432B, and remaining 19787527899B is 0.7000000000045483
2023-06-18 19:16:04,222 [main] DEBUG balancer.ContainerBalancerTask (ContainerBalancerTask.java:initializeIteration(398)) - Utilization for node b8442ff8-62ef-46df-9b6d-d4389bc10a30 with capacity 60845370026B, used 36507222016B, and remaining 24338148010B is 0.600000000006574
2023-06-18 19:16:04,222 [main] DEBUG balancer.ContainerBalancerTask (ContainerBalancerTask.java:initializeIteration(398)) - Utilization for node cbebd0b5-ef73-44e7-b715-317ca461999f with capacity 77309411328B, used 38654705664B, and remaining 38654705664B is 0.5
2023-06-18 19:16:04,222 [main] DEBUG balancer.ContainerBalancerTask (ContainerBalancerTask.java:initializeIteration(398)) - Utilization for node 81f146c9-30f4-49b4-9849-732517a5c152 with capacity 136902082560B, used 54760833024B, and remaining 82141249536B is 0.4
2023-06-18 19:16:04,222 [main] DEBUG balancer.ContainerBalancerTask (ContainerBalancerTask.java:initializeIteration(398)) - Utilization for node e8b04c08-93ad-4b6c-960d-529125ea2b59 with capacity 114532461226B, used 34359738368B, and remaining 80172722858B is 0.3000000000017462
2023-06-18 19:16:04,222 [main] DEBUG balancer.ContainerBalancerTask (ContainerBalancerTask.java:initializeIteration(398)) - Utilization for node da14d8b9-c267-45c1-b6d1-d5ce70c927be with capacity 150323855360B, used 30064771072B, and remaining 120259084288B is 0.2
2023-06-18 19:16:04,222 [main] DEBUG balancer.ContainerBalancerTask (ContainerBalancerTask.java:initializeIteration(398)) - Utilization for node 4b5b3e4a-279e-4a78-9dfc-3e823239d50b with capacity 365072220160B, used 36507222016B, and remaining 328564998144B is 0.1
2023-06-18 19:16:04,222 [main] DEBUG balancer.ContainerBalancerTask (ContainerBalancerTask.java:initializeIteration(398)) - Utilization for node 46443b0c-81fa-4a6f-9d37-a7a3c6263282 with capacity 13958643712B, used 0B, and remaining 13958643712B is 0.0
2023-06-18 19:16:04,223 [main] INFO  balancer.ContainerBalancerTask (ContainerBalancerTask.java:initializeIteration(447)) - Container Balancer has identified 1 Over-Utilized and 0 Under-Utilized Datanodes that need to be balanced.
2023-06-18 19:16:04,223 [main] DEBUG balancer.ContainerBalancerTask (ContainerBalancerTask.java:lambda$initializeIteration$1(453)) - Datanode localhost-123.239.245.20 2cb4ee9e-c19c-404f-a3ed-3d6144041b50 is Over-Utilized.
2023-06-18 19:16:04,226 [main] DEBUG balancer.ContainerBalancerTask (ContainerBalancerTask.java:matchSourceWithTarget(706)) - ContainerBalancer is finding suitable target for source datanode 2cb4ee9e-c19c-404f-a3ed-3d6144041b50
2023-06-18 19:16:04,226 [main] INFO  balancer.FindTargetGreedyByUsageInfo (AbstractFindTargetGreedy.java:findTargetForContainerMove(133)) - Container Balancer could not find a target for source datanode 2cb4ee9e-c19c-404f-a3ed-3d6144041b50
2023-06-18 19:16:04,226 [main] DEBUG balancer.ContainerBalancerTask (ContainerBalancerTask.java:matchSourceWithTarget(715)) - ContainerBalancer could not find a suitable target for source node 2cb4ee9e-c19c-404f-a3ed-3d6144041b50.
2023-06-18 19:16:04,226 [main] INFO  balancer.FindSourceGreedy (FindSourceGreedy.java:getNextCandidateSourceDataNode(126)) - no more candidate source data node
2023-06-18 19:16:04,227 [main] INFO  balancer.ContainerBalancerTask (ContainerBalancerTask.java:balance(259)) - Result of this iteration of Container Balancer: CAN_NOT_BALANCE_ANY_MORE
2023-06-18 19:16:04,227 [main] INFO  balancer.ContainerBalancerTask (ContainerBalancerTask.java:tryStopWithSaveConfiguration(308)) - Save Configuration for stopping. Reason: CAN_NOT_BALANCE_ANY_MORE
2023-06-18 19:16:04,227 [main] DEBUG balancer.ContainerBalancerTask (ContainerBalancerTask.java:initializeIteration(374)) - Average utilization of the cluster is 0.3528343298275165
2023-06-18 19:16:04,228 [main] DEBUG balancer.ContainerBalancerTask (ContainerBalancerTask.java:initializeIteration(386)) - Lower limit for utilization is -0.282004977893491 and Upper limit for utilization is 0.987673637548524
2023-06-18 19:16:04,228 [main] DEBUG balancer.ContainerBalancerTask (ContainerBalancerTask.java:initializeIteration(398)) - Utilization for node 2cb4ee9e-c19c-404f-a3ed-3d6144041b50 with capacity 73968881208B, used 66571993088B, and remaining 7396888120B is 0.9000000000108154
2023-06-18 19:16:04,228 [main] DEBUG balancer.ContainerBalancerTask (ContainerBalancerTask.java:initializeIteration(398)) - Utilization for node f561b242-3335-48fc-9447-4b53fc7bc5f8 with capacity 67108864000B, used 53687091200B, and remaining 13421772800B is 0.8
2023-06-18 19:16:04,228 [main] DEBUG balancer.ContainerBalancerTask (ContainerBalancerTask.java:initializeIteration(398)) - Utilization for node 7859977f-1ea7-4bc0-b7d1-c26742d71d21 with capacity 65958426331B, used 46170898432B, and remaining 19787527899B is 0.7000000000045483
2023-06-18 19:16:04,228 [main] DEBUG balancer.ContainerBalancerTask (ContainerBalancerTask.java:initializeIteration(398)) - Utilization for node b8442ff8-62ef-46df-9b6d-d4389bc10a30 with capacity 60845370026B, used 36507222016B, and remaining 24338148010B is 0.600000000006574
2023-06-18 19:16:04,228 [main] DEBUG balancer.ContainerBalancerTask (ContainerBalancerTask.java:initializeIteration(398)) - Utilization for node cbebd0b5-ef73-44e7-b715-317ca461999f with capacity 77309411328B, used 38654705664B, and remaining 38654705664B is 0.5
2023-06-18 19:16:04,228 [main] DEBUG balancer.ContainerBalancerTask (ContainerBalancerTask.java:initializeIteration(398)) - Utilization for node 81f146c9-30f4-49b4-9849-732517a5c152 with capacity 136902082560B, used 54760833024B, and remaining 82141249536B is 0.4
2023-06-18 19:16:04,228 [main] DEBUG balancer.ContainerBalancerTask (ContainerBalancerTask.java:initializeIteration(398)) - Utilization for node e8b04c08-93ad-4b6c-960d-529125ea2b59 with capacity 114532461226B, used 34359738368B, and remaining 80172722858B is 0.3000000000017462
2023-06-18 19:16:04,228 [main] DEBUG balancer.ContainerBalancerTask (ContainerBalancerTask.java:initializeIteration(398)) - Utilization for node da14d8b9-c267-45c1-b6d1-d5ce70c927be with capacity 150323855360B, used 30064771072B, and remaining 120259084288B is 0.2
2023-06-18 19:16:04,228 [main] DEBUG balancer.ContainerBalancerTask (ContainerBalancerTask.java:initializeIteration(398)) - Utilization for node 4b5b3e4a-279e-4a78-9dfc-3e823239d50b with capacity 365072220160B, used 36507222016B, and remaining 328564998144B is 0.1
2023-06-18 19:16:04,229 [main] DEBUG balancer.ContainerBalancerTask (ContainerBalancerTask.java:initializeIteration(398)) - Utilization for node 46443b0c-81fa-4a6f-9d37-a7a3c6263282 with capacity 13958643712B, used 0B, and remaining 13958643712B is 0.0
2023-06-18 19:16:04,229 [main] INFO  balancer.ContainerBalancerTask (ContainerBalancerTask.java:initializeIteration(443)) - Did not find any unbalanced Datanodes.
2023-06-18 19:16:04,229 [main] INFO  balancer.ContainerBalancerTask (ContainerBalancerTask.java:tryStopWithSaveConfiguration(308)) - Save Configuration for stopping. Reason: Could not initialize ContainerBalancer's iteration number 0
2023-06-18 19:16:04,229 [main] DEBUG balancer.ContainerBalancerTask (ContainerBalancerTask.java:initializeIteration(374)) - Average utilization of the cluster is 0.3528343298275165
2023-06-18 19:16:04,230 [main] DEBUG balancer.ContainerBalancerTask (ContainerBalancerTask.java:initializeIteration(386)) - Lower limit for utilization is -0.3464124495401488 and Upper limit for utilization is 1.0520811091951818
2023-06-18 19:16:04,230 [main] DEBUG balancer.ContainerBalancerTask (ContainerBalancerTask.java:initializeIteration(398)) - Utilization for node 2cb4ee9e-c19c-404f-a3ed-3d6144041b50 with capacity 73968881208B, used 66571993088B, and remaining 7396888120B is 0.9000000000108154
2023-06-18 19:16:04,230 [main] DEBUG balancer.ContainerBalancerTask (ContainerBalancerTask.java:initializeIteration(398)) - Utilization for node f561b242-3335-48fc-9447-4b53fc7bc5f8 with capacity 67108864000B, used 53687091200B, and remaining 13421772800B is 0.8
2023-06-18 19:16:04,230 [main] DEBUG balancer.ContainerBalancerTask (ContainerBalancerTask.java:initializeIteration(398)) - Utilization for node 7859977f-1ea7-4bc0-b7d1-c26742d71d21 with capacity 65958426331B, used 46170898432B, and remaining 19787527899B is 0.7000000000045483
2023-06-18 19:16:04,230 [main] DEBUG balancer.ContainerBalancerTask (ContainerBalancerTask.java:initializeIteration(398)) - Utilization for node b8442ff8-62ef-46df-9b6d-d4389bc10a30 with capacity 60845370026B, used 36507222016B, and remaining 24338148010B is 0.600000000006574
2023-06-18 19:16:04,230 [main] DEBUG balancer.ContainerBalancerTask (ContainerBalancerTask.java:initializeIteration(398)) - Utilization for node cbebd0b5-ef73-44e7-b715-317ca461999f with capacity 77309411328B, used 38654705664B, and remaining 38654705664B is 0.5
2023-06-18 19:16:04,230 [main] DEBUG balancer.ContainerBalancerTask (ContainerBalancerTask.java:initializeIteration(398)) - Utilization for node 81f146c9-30f4-49b4-9849-732517a5c152 with capacity 136902082560B, used 54760833024B, and remaining 82141249536B is 0.4
2023-06-18 19:16:04,230 [main] DEBUG balancer.ContainerBalancerTask (ContainerBalancerTask.java:initializeIteration(398)) - Utilization for node e8b04c08-93ad-4b6c-960d-529125ea2b59 with capacity 114532461226B, used 34359738368B, and remaining 80172722858B is 0.3000000000017462
2023-06-18 19:16:04,230 [main] DEBUG balancer.ContainerBalancerTask (ContainerBalancerTask.java:initializeIteration(398)) - Utilization for node da14d8b9-c267-45c1-b6d1-d5ce70c927be with capacity 150323855360B, used 30064771072B, and remaining 120259084288B is 0.2
2023-06-18 19:16:04,231 [main] DEBUG balancer.ContainerBalancerTask (ContainerBalancerTask.java:initializeIteration(398)) - Utilization for node 4b5b3e4a-279e-4a78-9dfc-3e823239d50b with capacity 365072220160B, used 36507222016B, and remaining 328564998144B is 0.1
2023-06-18 19:16:04,231 [main] DEBUG balancer.ContainerBalancerTask (ContainerBalancerTask.java:initializeIteration(398)) - Utilization for node 46443b0c-81fa-4a6f-9d37-a7a3c6263282 with capacity 13958643712B, used 0B, and remaining 13958643712B is 0.0
2023-06-18 19:16:04,231 [main] INFO  balancer.ContainerBalancerTask (ContainerBalancerTask.java:initializeIteration(443)) - Did not find any unbalanced Datanodes.
2023-06-18 19:16:04,231 [main] INFO  balancer.ContainerBalancerTask (ContainerBalancerTask.java:tryStopWithSaveConfiguration(308)) - Save Configuration for stopping. Reason: Could not initialize ContainerBalancer's iteration number 0
2023-06-18 19:16:04,231 [main] DEBUG balancer.ContainerBalancerTask (ContainerBalancerTask.java:initializeIteration(374)) - Average utilization of the cluster is 0.3528343298275165
2023-06-18 19:16:04,232 [main] DEBUG balancer.ContainerBalancerTask (ContainerBalancerTask.java:initializeIteration(386)) - Lower limit for utilization is -0.10995338980500374 and Upper limit for utilization is 0.8156220494600368
2023-06-18 19:16:04,232 [main] DEBUG balancer.ContainerBalancerTask (ContainerBalancerTask.java:initializeIteration(398)) - Utilization for node 2cb4ee9e-c19c-404f-a3ed-3d6144041b50 with capacity 73968881208B, used 66571993088B, and remaining 7396888120B is 0.9000000000108154
2023-06-18 19:16:04,232 [main] DEBUG balancer.ContainerBalancerTask (ContainerBalancerTask.java:initializeIteration(398)) - Utilization for node f561b242-3335-48fc-9447-4b53fc7bc5f8 with capacity 67108864000B, used 53687091200B, and remaining 13421772800B is 0.8
2023-06-18 19:16:04,232 [main] DEBUG balancer.ContainerBalancerTask (ContainerBalancerTask.java:initializeIteration(398)) - Utilization for node 7859977f-1ea7-4bc0-b7d1-c26742d71d21 with capacity 65958426331B, used 46170898432B, and remaining 19787527899B is 0.7000000000045483
2023-06-18 19:16:04,232 [main] DEBUG balancer.ContainerBalancerTask (ContainerBalancerTask.java:initializeIteration(398)) - Utilization for node b8442ff8-62ef-46df-9b6d-d4389bc10a30 with capacity 60845370026B, used 36507222016B, and remaining 24338148010B is 0.600000000006574
2023-06-18 19:16:04,232 [main] DEBUG balancer.ContainerBalancerTask (ContainerBalancerTask.java:initializeIteration(398)) - Utilization for node cbebd0b5-ef73-44e7-b715-317ca461999f with capacity 77309411328B, used 38654705664B, and remaining 38654705664B is 0.5
2023-06-18 19:16:04,232 [main] DEBUG balancer.ContainerBalancerTask (ContainerBalancerTask.java:initializeIteration(398)) - Utilization for node 81f146c9-30f4-49b4-9849-732517a5c152 with capacity 136902082560B, used 54760833024B, and remaining 82141249536B is 0.4
2023-06-18 19:16:04,232 [main] DEBUG balancer.ContainerBalancerTask (ContainerBalancerTask.java:initializeIteration(398)) - Utilization for node e8b04c08-93ad-4b6c-960d-529125ea2b59 with capacity 114532461226B, used 34359738368B, and remaining 80172722858B is 0.3000000000017462
2023-06-18 19:16:04,232 [main] DEBUG balancer.ContainerBalancerTask (ContainerBalancerTask.java:initializeIteration(398)) - Utilization for node da14d8b9-c267-45c1-b6d1-d5ce70c927be with capacity 150323855360B, used 30064771072B, and remaining 120259084288B is 0.2
2023-06-18 19:16:04,233 [main] DEBUG balancer.ContainerBalancerTask (ContainerBalancerTask.java:initializeIteration(398)) - Utilization for node 4b5b3e4a-279e-4a78-9dfc-3e823239d50b with capacity 365072220160B, used 36507222016B, and remaining 328564998144B is 0.1
2023-06-18 19:16:04,233 [main] DEBUG balancer.ContainerBalancerTask (ContainerBalancerTask.java:initializeIteration(398)) - Utilization for node 46443b0c-81fa-4a6f-9d37-a7a3c6263282 with capacity 13958643712B, used 0B, and remaining 13958643712B is 0.0
2023-06-18 19:16:04,233 [main] INFO  balancer.ContainerBalancerTask (ContainerBalancerTask.java:initializeIteration(447)) - Container Balancer has identified 1 Over-Utilized and 0 Under-Utilized Datanodes that need to be balanced.
2023-06-18 19:16:04,233 [main] DEBUG balancer.ContainerBalancerTask (ContainerBalancerTask.java:lambda$initializeIteration$1(453)) - Datanode localhost-123.239.245.20 2cb4ee9e-c19c-404f-a3ed-3d6144041b50 is Over-Utilized.
2023-06-18 19:16:04,236 [main] DEBUG balancer.ContainerBalancerTask (ContainerBalancerTask.java:matchSourceWithTarget(706)) - ContainerBalancer is finding suitable target for source datanode 2cb4ee9e-c19c-404f-a3ed-3d6144041b50
2023-06-18 19:16:04,237 [main] INFO  balancer.FindTargetGreedyByUsageInfo (AbstractFindTargetGreedy.java:findTargetForContainerMove(133)) - Container Balancer could not find a target for source datanode 2cb4ee9e-c19c-404f-a3ed-3d6144041b50
2023-06-18 19:16:04,237 [main] DEBUG balancer.ContainerBalancerTask (ContainerBalancerTask.java:matchSourceWithTarget(715)) - ContainerBalancer could not find a suitable target for source node 2cb4ee9e-c19c-404f-a3ed-3d6144041b50.
2023-06-18 19:16:04,237 [main] INFO  balancer.FindSourceGreedy (FindSourceGreedy.java:getNextCandidateSourceDataNode(126)) - no more candidate source data node
2023-06-18 19:16:04,237 [main] INFO  balancer.ContainerBalancerTask (ContainerBalancerTask.java:balance(259)) - Result of this iteration of Container Balancer: CAN_NOT_BALANCE_ANY_MORE
2023-06-18 19:16:04,237 [main] INFO  balancer.ContainerBalancerTask (ContainerBalancerTask.java:tryStopWithSaveConfiguration(308)) - Save Configuration for stopping. Reason: CAN_NOT_BALANCE_ANY_MORE
2023-06-18 19:16:04,238 [main] DEBUG balancer.ContainerBalancerTask (ContainerBalancerTask.java:initializeIteration(374)) - Average utilization of the cluster is 0.3528343298275165
2023-06-18 19:16:04,238 [main] DEBUG balancer.ContainerBalancerTask (ContainerBalancerTask.java:initializeIteration(386)) - Lower limit for utilization is -0.04263359680399087 and Upper limit for utilization is 0.7483022564590238
2023-06-18 19:16:04,238 [main] DEBUG balancer.ContainerBalancerTask (ContainerBalancerTask.java:initializeIteration(398)) - Utilization for node 2cb4ee9e-c19c-404f-a3ed-3d6144041b50 with capacity 73968881208B, used 66571993088B, and remaining 7396888120B is 0.9000000000108154
2023-06-18 19:16:04,238 [main] DEBUG balancer.ContainerBalancerTask (ContainerBalancerTask.java:initializeIteration(398)) - Utilization for node f561b242-3335-48fc-9447-4b53fc7bc5f8 with capacity 67108864000B, used 53687091200B, and remaining 13421772800B is 0.8
2023-06-18 19:16:04,238 [main] DEBUG balancer.ContainerBalancerTask (ContainerBalancerTask.java:initializeIteration(398)) - Utilization for node 7859977f-1ea7-4bc0-b7d1-c26742d71d21 with capacity 65958426331B, used 46170898432B, and remaining 19787527899B is 0.7000000000045483
2023-06-18 19:16:04,238 [main] DEBUG balancer.ContainerBalancerTask (ContainerBalancerTask.java:initializeIteration(398)) - Utilization for node b8442ff8-62ef-46df-9b6d-d4389bc10a30 with capacity 60845370026B, used 36507222016B, and remaining 24338148010B is 0.600000000006574
2023-06-18 19:16:04,238 [main] DEBUG balancer.ContainerBalancerTask (ContainerBalancerTask.java:initializeIteration(398)) - Utilization for node cbebd0b5-ef73-44e7-b715-317ca461999f with capacity 77309411328B, used 38654705664B, and remaining 38654705664B is 0.5
2023-06-18 19:16:04,238 [main] DEBUG balancer.ContainerBalancerTask (ContainerBalancerTask.java:initializeIteration(398)) - Utilization for node 81f146c9-30f4-49b4-9849-732517a5c152 with capacity 136902082560B, used 54760833024B, and remaining 82141249536B is 0.4
2023-06-18 19:16:04,239 [main] DEBUG balancer.ContainerBalancerTask (ContainerBalancerTask.java:initializeIteration(398)) - Utilization for node e8b04c08-93ad-4b6c-960d-529125ea2b59 with capacity 114532461226B, used 34359738368B, and remaining 80172722858B is 0.3000000000017462
2023-06-18 19:16:04,239 [main] DEBUG balancer.ContainerBalancerTask (ContainerBalancerTask.java:initializeIteration(398)) - Utilization for node da14d8b9-c267-45c1-b6d1-d5ce70c927be with capacity 150323855360B, used 30064771072B, and remaining 120259084288B is 0.2
2023-06-18 19:16:04,239 [main] DEBUG balancer.ContainerBalancerTask (ContainerBalancerTask.java:initializeIteration(398)) - Utilization for node 4b5b3e4a-279e-4a78-9dfc-3e823239d50b with capacity 365072220160B, used 36507222016B, and remaining 328564998144B is 0.1
2023-06-18 19:16:04,239 [main] DEBUG balancer.ContainerBalancerTask (ContainerBalancerTask.java:initializeIteration(398)) - Utilization for node 46443b0c-81fa-4a6f-9d37-a7a3c6263282 with capacity 13958643712B, used 0B, and remaining 13958643712B is 0.0
2023-06-18 19:16:04,239 [main] INFO  balancer.ContainerBalancerTask (ContainerBalancerTask.java:initializeIteration(447)) - Container Balancer has identified 2 Over-Utilized and 0 Under-Utilized Datanodes that need to be balanced.
2023-06-18 19:16:04,239 [main] DEBUG balancer.ContainerBalancerTask (ContainerBalancerTask.java:lambda$initializeIteration$1(453)) - Datanode localhost-123.239.245.20 2cb4ee9e-c19c-404f-a3ed-3d6144041b50 is Over-Utilized.
2023-06-18 19:16:04,239 [main] DEBUG balancer.ContainerBalancerTask (ContainerBalancerTask.java:lambda$initializeIteration$1(453)) - Datanode localhost-138.41.221.160 f561b242-3335-48fc-9447-4b53fc7bc5f8 is Over-Utilized.
2023-06-18 19:16:04,243 [main] DEBUG balancer.ContainerBalancerTask (ContainerBalancerTask.java:matchSourceWithTarget(706)) - ContainerBalancer is finding suitable target for source datanode 2cb4ee9e-c19c-404f-a3ed-3d6144041b50
2023-06-18 19:16:04,243 [main] INFO  balancer.FindTargetGreedyByUsageInfo (AbstractFindTargetGreedy.java:findTargetForContainerMove(133)) - Container Balancer could not find a target for source datanode 2cb4ee9e-c19c-404f-a3ed-3d6144041b50
2023-06-18 19:16:04,243 [main] DEBUG balancer.ContainerBalancerTask (ContainerBalancerTask.java:matchSourceWithTarget(715)) - ContainerBalancer could not find a suitable target for source node 2cb4ee9e-c19c-404f-a3ed-3d6144041b50.
2023-06-18 19:16:04,246 [main] DEBUG balancer.ContainerBalancerTask (ContainerBalancerTask.java:matchSourceWithTarget(706)) - ContainerBalancer is finding suitable target for source datanode f561b242-3335-48fc-9447-4b53fc7bc5f8
2023-06-18 19:16:04,246 [main] INFO  balancer.FindTargetGreedyByUsageInfo (AbstractFindTargetGreedy.java:findTargetForContainerMove(133)) - Container Balancer could not find a target for source datanode f561b242-3335-48fc-9447-4b53fc7bc5f8
2023-06-18 19:16:04,246 [main] DEBUG balancer.ContainerBalancerTask (ContainerBalancerTask.java:matchSourceWithTarget(715)) - ContainerBalancer could not find a suitable target for source node f561b242-3335-48fc-9447-4b53fc7bc5f8.
2023-06-18 19:16:04,246 [main] INFO  balancer.FindSourceGreedy (FindSourceGreedy.java:getNextCandidateSourceDataNode(126)) - no more candidate source data node
2023-06-18 19:16:04,246 [main] INFO  balancer.ContainerBalancerTask (ContainerBalancerTask.java:balance(259)) - Result of this iteration of Container Balancer: CAN_NOT_BALANCE_ANY_MORE
2023-06-18 19:16:04,246 [main] INFO  balancer.ContainerBalancerTask (ContainerBalancerTask.java:tryStopWithSaveConfiguration(308)) - Save Configuration for stopping. Reason: CAN_NOT_BALANCE_ANY_MORE
2023-06-18 19:16:04,247 [main] DEBUG balancer.ContainerBalancerTask (ContainerBalancerTask.java:initializeIteration(374)) - Average utilization of the cluster is 0.3528343298275165
2023-06-18 19:16:04,247 [main] DEBUG balancer.ContainerBalancerTask (ContainerBalancerTask.java:initializeIteration(386)) - Lower limit for utilization is -0.31674391829692894 and Upper limit for utilization is 1.022412577951962
2023-06-18 19:16:04,247 [main] DEBUG balancer.ContainerBalancerTask (ContainerBalancerTask.java:initializeIteration(398)) - Utilization for node 2cb4ee9e-c19c-404f-a3ed-3d6144041b50 with capacity 73968881208B, used 66571993088B, and remaining 7396888120B is 0.9000000000108154
2023-06-18 19:16:04,248 [main] DEBUG balancer.ContainerBalancerTask (ContainerBalancerTask.java:initializeIteration(398)) - Utilization for node f561b242-3335-48fc-9447-4b53fc7bc5f8 with capacity 67108864000B, used 53687091200B, and remaining 13421772800B is 0.8
2023-06-18 19:16:04,248 [main] DEBUG balancer.ContainerBalancerTask (ContainerBalancerTask.java:initializeIteration(398)) - Utilization for node 7859977f-1ea7-4bc0-b7d1-c26742d71d21 with capacity 65958426331B, used 46170898432B, and remaining 19787527899B is 0.7000000000045483
2023-06-18 19:16:04,248 [main] DEBUG balancer.ContainerBalancerTask (ContainerBalancerTask.java:initializeIteration(398)) - Utilization for node b8442ff8-62ef-46df-9b6d-d4389bc10a30 with capacity 60845370026B, used 36507222016B, and remaining 24338148010B is 0.600000000006574
2023-06-18 19:16:04,248 [main] DEBUG balancer.ContainerBalancerTask (ContainerBalancerTask.java:initializeIteration(398)) - Utilization for node cbebd0b5-ef73-44e7-b715-317ca461999f with capacity 77309411328B, used 38654705664B, and remaining 38654705664B is 0.5
2023-06-18 19:16:04,248 [main] DEBUG balancer.ContainerBalancerTask (ContainerBalancerTask.java:initializeIteration(398)) - Utilization for node 81f146c9-30f4-49b4-9849-732517a5c152 with capacity 136902082560B, used 54760833024B, and remaining 82141249536B is 0.4
2023-06-18 19:16:04,248 [main] DEBUG balancer.ContainerBalancerTask (ContainerBalancerTask.java:initializeIteration(398)) - Utilization for node e8b04c08-93ad-4b6c-960d-529125ea2b59 with capacity 114532461226B, used 34359738368B, and remaining 80172722858B is 0.3000000000017462
2023-06-18 19:16:04,248 [main] DEBUG balancer.ContainerBalancerTask (ContainerBalancerTask.java:initializeIteration(398)) - Utilization for node da14d8b9-c267-45c1-b6d1-d5ce70c927be with capacity 150323855360B, used 30064771072B, and remaining 120259084288B is 0.2
2023-06-18 19:16:04,248 [main] DEBUG balancer.ContainerBalancerTask (ContainerBalancerTask.java:initializeIteration(398)) - Utilization for node 4b5b3e4a-279e-4a78-9dfc-3e823239d50b with capacity 365072220160B, used 36507222016B, and remaining 328564998144B is 0.1
2023-06-18 19:16:04,248 [main] DEBUG balancer.ContainerBalancerTask (ContainerBalancerTask.java:initializeIteration(398)) - Utilization for node 46443b0c-81fa-4a6f-9d37-a7a3c6263282 with capacity 13958643712B, used 0B, and remaining 13958643712B is 0.0
2023-06-18 19:16:04,248 [main] INFO  balancer.ContainerBalancerTask (ContainerBalancerTask.java:initializeIteration(443)) - Did not find any unbalanced Datanodes.
2023-06-18 19:16:04,249 [main] INFO  balancer.ContainerBalancerTask (ContainerBalancerTask.java:tryStopWithSaveConfiguration(308)) - Save Configuration for stopping. Reason: Could not initialize ContainerBalancer's iteration number 0
2023-06-18 19:16:04,249 [main] DEBUG balancer.ContainerBalancerTask (ContainerBalancerTask.java:initializeIteration(374)) - Average utilization of the cluster is 0.3528343298275165
2023-06-18 19:16:04,249 [main] DEBUG balancer.ContainerBalancerTask (ContainerBalancerTask.java:initializeIteration(386)) - Lower limit for utilization is 0.03416907050608731 and Upper limit for utilization is 0.6714995891489457
2023-06-18 19:16:04,249 [main] DEBUG balancer.ContainerBalancerTask (ContainerBalancerTask.java:initializeIteration(398)) - Utilization for node 2cb4ee9e-c19c-404f-a3ed-3d6144041b50 with capacity 73968881208B, used 66571993088B, and remaining 7396888120B is 0.9000000000108154
2023-06-18 19:16:04,249 [main] DEBUG balancer.ContainerBalancerTask (ContainerBalancerTask.java:initializeIteration(398)) - Utilization for node f561b242-3335-48fc-9447-4b53fc7bc5f8 with capacity 67108864000B, used 53687091200B, and remaining 13421772800B is 0.8
2023-06-18 19:16:04,250 [main] DEBUG balancer.ContainerBalancerTask (ContainerBalancerTask.java:initializeIteration(398)) - Utilization for node 7859977f-1ea7-4bc0-b7d1-c26742d71d21 with capacity 65958426331B, used 46170898432B, and remaining 19787527899B is 0.7000000000045483
2023-06-18 19:16:04,250 [main] DEBUG balancer.ContainerBalancerTask (ContainerBalancerTask.java:initializeIteration(398)) - Utilization for node b8442ff8-62ef-46df-9b6d-d4389bc10a30 with capacity 60845370026B, used 36507222016B, and remaining 24338148010B is 0.600000000006574
2023-06-18 19:16:04,250 [main] DEBUG balancer.ContainerBalancerTask (ContainerBalancerTask.java:initializeIteration(398)) - Utilization for node cbebd0b5-ef73-44e7-b715-317ca461999f with capacity 77309411328B, used 38654705664B, and remaining 38654705664B is 0.5
2023-06-18 19:16:04,250 [main] DEBUG balancer.ContainerBalancerTask (ContainerBalancerTask.java:initializeIteration(398)) - Utilization for node 81f146c9-30f4-49b4-9849-732517a5c152 with capacity 136902082560B, used 54760833024B, and remaining 82141249536B is 0.4
2023-06-18 19:16:04,250 [main] DEBUG balancer.ContainerBalancerTask (ContainerBalancerTask.java:initializeIteration(398)) - Utilization for node e8b04c08-93ad-4b6c-960d-529125ea2b59 with capacity 114532461226B, used 34359738368B, and remaining 80172722858B is 0.3000000000017462
2023-06-18 19:16:04,250 [main] DEBUG balancer.ContainerBalancerTask (ContainerBalancerTask.java:initializeIteration(398)) - Utilization for node da14d8b9-c267-45c1-b6d1-d5ce70c927be with capacity 150323855360B, used 30064771072B, and remaining 120259084288B is 0.2
2023-06-18 19:16:04,250 [main] DEBUG balancer.ContainerBalancerTask (ContainerBalancerTask.java:initializeIteration(398)) - Utilization for node 4b5b3e4a-279e-4a78-9dfc-3e823239d50b with capacity 365072220160B, used 36507222016B, and remaining 328564998144B is 0.1
2023-06-18 19:16:04,250 [main] DEBUG balancer.ContainerBalancerTask (ContainerBalancerTask.java:initializeIteration(398)) - Utilization for node 46443b0c-81fa-4a6f-9d37-a7a3c6263282 with capacity 13958643712B, used 0B, and remaining 13958643712B is 0.0
2023-06-18 19:16:04,250 [main] INFO  balancer.ContainerBalancerTask (ContainerBalancerTask.java:initializeIteration(447)) - Container Balancer has identified 3 Over-Utilized and 1 Under-Utilized Datanodes that need to be balanced.
2023-06-18 19:16:04,250 [main] DEBUG balancer.ContainerBalancerTask (ContainerBalancerTask.java:lambda$initializeIteration$1(453)) - Datanode localhost-123.239.245.20 2cb4ee9e-c19c-404f-a3ed-3d6144041b50 is Over-Utilized.
2023-06-18 19:16:04,251 [main] DEBUG balancer.ContainerBalancerTask (ContainerBalancerTask.java:lambda$initializeIteration$1(453)) - Datanode localhost-138.41.221.160 f561b242-3335-48fc-9447-4b53fc7bc5f8 is Over-Utilized.
2023-06-18 19:16:04,251 [main] DEBUG balancer.ContainerBalancerTask (ContainerBalancerTask.java:lambda$initializeIteration$1(453)) - Datanode localhost-48.244.249.90 7859977f-1ea7-4bc0-b7d1-c26742d71d21 is Over-Utilized.
2023-06-18 19:16:04,251 [main] DEBUG balancer.ContainerBalancerTask (ContainerBalancerTask.java:lambda$initializeIteration$2(459)) - Datanode localhost-93.64.31.108 46443b0c-81fa-4a6f-9d37-a7a3c6263282 is Under-Utilized.
2023-06-18 19:16:04,254 [main] DEBUG balancer.ContainerBalancerTask (ContainerBalancerTask.java:matchSourceWithTarget(706)) - ContainerBalancer is finding suitable target for source datanode 2cb4ee9e-c19c-404f-a3ed-3d6144041b50
2023-06-18 19:16:04,255 [main] INFO  balancer.ContainerBalancerTask (ContainerBalancerTask.java:matchSourceWithTarget(720)) - ContainerBalancer matched source datanode 2cb4ee9e-c19c-404f-a3ed-3d6144041b50 with target datanode 46443b0c-81fa-4a6f-9d37-a7a3c6263282 for container move.
2023-06-18 19:16:04,255 [main] INFO  balancer.ContainerBalancerTask (ContainerBalancerTask.java:processMoveSelection(569)) - ContainerBalancer is trying to move container #85 with size 5368709120B from source datanode 2cb4ee9e-c19c-404f-a3ed-3d6144041b50 to target datanode 46443b0c-81fa-4a6f-9d37-a7a3c6263282
2023-06-18 19:16:04,255 [main] DEBUG balancer.ContainerBalancerTask (ContainerBalancerTask.java:lambda$moveContainer$3(834)) - Container move completed for container #85 from source 2cb4ee9e-c19c-404f-a3ed-3d6144041b50 to target 46443b0c-81fa-4a6f-9d37-a7a3c6263282
2023-06-18 19:16:04,259 [main] DEBUG balancer.ContainerBalancerTask (ContainerBalancerTask.java:matchSourceWithTarget(706)) - ContainerBalancer is finding suitable target for source datanode 2cb4ee9e-c19c-404f-a3ed-3d6144041b50
2023-06-18 19:16:04,259 [main] INFO  balancer.ContainerBalancerTask (ContainerBalancerTask.java:matchSourceWithTarget(720)) - ContainerBalancer matched source datanode 2cb4ee9e-c19c-404f-a3ed-3d6144041b50 with target datanode 46443b0c-81fa-4a6f-9d37-a7a3c6263282 for container move.
2023-06-18 19:16:04,259 [main] INFO  balancer.ContainerBalancerTask (ContainerBalancerTask.java:processMoveSelection(569)) - ContainerBalancer is trying to move container #88 with size 3221225472B from source datanode 2cb4ee9e-c19c-404f-a3ed-3d6144041b50 to target datanode 46443b0c-81fa-4a6f-9d37-a7a3c6263282
2023-06-18 19:16:04,259 [main] DEBUG balancer.ContainerBalancerTask (ContainerBalancerTask.java:lambda$moveContainer$3(834)) - Container move completed for container #88 from source 2cb4ee9e-c19c-404f-a3ed-3d6144041b50 to target 46443b0c-81fa-4a6f-9d37-a7a3c6263282
2023-06-18 19:16:04,262 [main] DEBUG balancer.ContainerBalancerTask (ContainerBalancerTask.java:matchSourceWithTarget(706)) - ContainerBalancer is finding suitable target for source datanode f561b242-3335-48fc-9447-4b53fc7bc5f8
2023-06-18 19:16:04,264 [main] INFO  balancer.FindTargetGreedyByUsageInfo (AbstractFindTargetGreedy.java:findTargetForContainerMove(133)) - Container Balancer could not find a target for source datanode f561b242-3335-48fc-9447-4b53fc7bc5f8
2023-06-18 19:16:04,264 [main] DEBUG balancer.ContainerBalancerTask (ContainerBalancerTask.java:matchSourceWithTarget(715)) - ContainerBalancer could not find a suitable target for source node f561b242-3335-48fc-9447-4b53fc7bc5f8.
2023-06-18 19:16:04,267 [main] DEBUG balancer.ContainerBalancerTask (ContainerBalancerTask.java:matchSourceWithTarget(706)) - ContainerBalancer is finding suitable target for source datanode 2cb4ee9e-c19c-404f-a3ed-3d6144041b50
2023-06-18 19:16:04,269 [main] INFO  balancer.FindTargetGreedyByUsageInfo (AbstractFindTargetGreedy.java:findTargetForContainerMove(133)) - Container Balancer could not find a target for source datanode 2cb4ee9e-c19c-404f-a3ed-3d6144041b50
2023-06-18 19:16:04,269 [main] DEBUG balancer.ContainerBalancerTask (ContainerBalancerTask.java:matchSourceWithTarget(715)) - ContainerBalancer could not find a suitable target for source node 2cb4ee9e-c19c-404f-a3ed-3d6144041b50.
2023-06-18 19:16:04,271 [main] DEBUG balancer.ContainerBalancerTask (ContainerBalancerTask.java:matchSourceWithTarget(706)) - ContainerBalancer is finding suitable target for source datanode 7859977f-1ea7-4bc0-b7d1-c26742d71d21
2023-06-18 19:16:04,272 [main] INFO  balancer.FindTargetGreedyByUsageInfo (AbstractFindTargetGreedy.java:findTargetForContainerMove(133)) - Container Balancer could not find a target for source datanode 7859977f-1ea7-4bc0-b7d1-c26742d71d21
2023-06-18 19:16:04,272 [main] DEBUG balancer.ContainerBalancerTask (ContainerBalancerTask.java:matchSourceWithTarget(715)) - ContainerBalancer could not find a suitable target for source node 7859977f-1ea7-4bc0-b7d1-c26742d71d21.
2023-06-18 19:16:04,272 [main] INFO  balancer.FindSourceGreedy (FindSourceGreedy.java:getNextCandidateSourceDataNode(126)) - no more candidate source data node
2023-06-18 19:16:04,272 [main] INFO  balancer.ContainerBalancerTask (ContainerBalancerTask.java:checkIterationMoveResults(640)) - Iteration Summary. Number of Datanodes involved: 2. Size moved: 8 GB (8589934592 Bytes). Number of Container moves completed: 2.
2023-06-18 19:16:04,272 [main] INFO  balancer.ContainerBalancerTask (ContainerBalancerTask.java:balance(259)) - Result of this iteration of Container Balancer: ITERATION_COMPLETED
2023-06-18 19:16:04,273 [main] INFO  balancer.ContainerBalancerTask (ContainerBalancerTask.java:tryStopWithSaveConfiguration(308)) - Save Configuration for stopping. Reason: Completed all iterations.
2023-06-18 19:16:04,273 [main] DEBUG balancer.ContainerBalancerTask (ContainerBalancerTask.java:initializeIteration(374)) - Average utilization of the cluster is 0.3528343298275165
2023-06-18 19:16:04,273 [main] DEBUG balancer.ContainerBalancerTask (ContainerBalancerTask.java:initializeIteration(386)) - Lower limit for utilization is -0.1368238163601515 and Upper limit for utilization is 0.8424924760151845
2023-06-18 19:16:04,273 [main] DEBUG balancer.ContainerBalancerTask (ContainerBalancerTask.java:initializeIteration(398)) - Utilization for node 2cb4ee9e-c19c-404f-a3ed-3d6144041b50 with capacity 73968881208B, used 66571993088B, and remaining 7396888120B is 0.9000000000108154
2023-06-18 19:16:04,274 [main] DEBUG balancer.ContainerBalancerTask (ContainerBalancerTask.java:initializeIteration(398)) - Utilization for node f561b242-3335-48fc-9447-4b53fc7bc5f8 with capacity 67108864000B, used 53687091200B, and remaining 13421772800B is 0.8
2023-06-18 19:16:04,274 [main] DEBUG balancer.ContainerBalancerTask (ContainerBalancerTask.java:initializeIteration(398)) - Utilization for node 7859977f-1ea7-4bc0-b7d1-c26742d71d21 with capacity 65958426331B, used 46170898432B, and remaining 19787527899B is 0.7000000000045483
2023-06-18 19:16:04,274 [main] DEBUG balancer.ContainerBalancerTask (ContainerBalancerTask.java:initializeIteration(398)) - Utilization for node b8442ff8-62ef-46df-9b6d-d4389bc10a30 with capacity 60845370026B, used 36507222016B, and remaining 24338148010B is 0.600000000006574
2023-06-18 19:16:04,274 [main] DEBUG balancer.ContainerBalancerTask (ContainerBalancerTask.java:initializeIteration(398)) - Utilization for node cbebd0b5-ef73-44e7-b715-317ca461999f with capacity 77309411328B, used 38654705664B, and remaining 38654705664B is 0.5
2023-06-18 19:16:04,274 [main] DEBUG balancer.ContainerBalancerTask (ContainerBalancerTask.java:initializeIteration(398)) - Utilization for node 81f146c9-30f4-49b4-9849-732517a5c152 with capacity 136902082560B, used 54760833024B, and remaining 82141249536B is 0.4
2023-06-18 19:16:04,274 [main] DEBUG balancer.ContainerBalancerTask (ContainerBalancerTask.java:initializeIteration(398)) - Utilization for node e8b04c08-93ad-4b6c-960d-529125ea2b59 with capacity 114532461226B, used 34359738368B, and remaining 80172722858B is 0.3000000000017462
2023-06-18 19:16:04,274 [main] DEBUG balancer.ContainerBalancerTask (ContainerBalancerTask.java:initializeIteration(398)) - Utilization for node da14d8b9-c267-45c1-b6d1-d5ce70c927be with capacity 150323855360B, used 30064771072B, and remaining 120259084288B is 0.2
2023-06-18 19:16:04,274 [main] DEBUG balancer.ContainerBalancerTask (ContainerBalancerTask.java:initializeIteration(398)) - Utilization for node 4b5b3e4a-279e-4a78-9dfc-3e823239d50b with capacity 365072220160B, used 36507222016B, and remaining 328564998144B is 0.1
2023-06-18 19:16:04,274 [main] DEBUG balancer.ContainerBalancerTask (ContainerBalancerTask.java:initializeIteration(398)) - Utilization for node 46443b0c-81fa-4a6f-9d37-a7a3c6263282 with capacity 13958643712B, used 0B, and remaining 13958643712B is 0.0
2023-06-18 19:16:04,274 [main] INFO  balancer.ContainerBalancerTask (ContainerBalancerTask.java:initializeIteration(447)) - Container Balancer has identified 1 Over-Utilized and 0 Under-Utilized Datanodes that need to be balanced.
2023-06-18 19:16:04,275 [main] DEBUG balancer.ContainerBalancerTask (ContainerBalancerTask.java:lambda$initializeIteration$1(453)) - Datanode localhost-123.239.245.20 2cb4ee9e-c19c-404f-a3ed-3d6144041b50 is Over-Utilized.
2023-06-18 19:16:04,278 [main] DEBUG balancer.ContainerBalancerTask (ContainerBalancerTask.java:matchSourceWithTarget(706)) - ContainerBalancer is finding suitable target for source datanode 2cb4ee9e-c19c-404f-a3ed-3d6144041b50
2023-06-18 19:16:04,278 [main] INFO  balancer.FindTargetGreedyByUsageInfo (AbstractFindTargetGreedy.java:findTargetForContainerMove(133)) - Container Balancer could not find a target for source datanode 2cb4ee9e-c19c-404f-a3ed-3d6144041b50
2023-06-18 19:16:04,278 [main] DEBUG balancer.ContainerBalancerTask (ContainerBalancerTask.java:matchSourceWithTarget(715)) - ContainerBalancer could not find a suitable target for source node 2cb4ee9e-c19c-404f-a3ed-3d6144041b50.
2023-06-18 19:16:04,278 [main] INFO  balancer.FindSourceGreedy (FindSourceGreedy.java:getNextCandidateSourceDataNode(126)) - no more candidate source data node
2023-06-18 19:16:04,278 [main] INFO  balancer.ContainerBalancerTask (ContainerBalancerTask.java:balance(259)) - Result of this iteration of Container Balancer: CAN_NOT_BALANCE_ANY_MORE
2023-06-18 19:16:04,279 [main] INFO  balancer.ContainerBalancerTask (ContainerBalancerTask.java:tryStopWithSaveConfiguration(308)) - Save Configuration for stopping. Reason: CAN_NOT_BALANCE_ANY_MORE
2023-06-18 19:16:04,279 [main] DEBUG balancer.ContainerBalancerTask (ContainerBalancerTask.java:initializeIteration(374)) - Average utilization of the cluster is 0.3528343298275165
2023-06-18 19:16:04,279 [main] DEBUG balancer.ContainerBalancerTask (ContainerBalancerTask.java:initializeIteration(386)) - Lower limit for utilization is 0.04303863774533845 and Upper limit for utilization is 0.6626300219096946
2023-06-18 19:16:04,279 [main] DEBUG balancer.ContainerBalancerTask (ContainerBalancerTask.java:initializeIteration(398)) - Utilization for node 2cb4ee9e-c19c-404f-a3ed-3d6144041b50 with capacity 73968881208B, used 66571993088B, and remaining 7396888120B is 0.9000000000108154
2023-06-18 19:16:04,280 [main] DEBUG balancer.ContainerBalancerTask (ContainerBalancerTask.java:initializeIteration(398)) - Utilization for node f561b242-3335-48fc-9447-4b53fc7bc5f8 with capacity 67108864000B, used 53687091200B, and remaining 13421772800B is 0.8
2023-06-18 19:16:04,280 [main] DEBUG balancer.ContainerBalancerTask (ContainerBalancerTask.java:initializeIteration(398)) - Utilization for node 7859977f-1ea7-4bc0-b7d1-c26742d71d21 with capacity 65958426331B, used 46170898432B, and remaining 19787527899B is 0.7000000000045483
2023-06-18 19:16:04,280 [main] DEBUG balancer.ContainerBalancerTask (ContainerBalancerTask.java:initializeIteration(398)) - Utilization for node b8442ff8-62ef-46df-9b6d-d4389bc10a30 with capacity 60845370026B, used 36507222016B, and remaining 24338148010B is 0.600000000006574
2023-06-18 19:16:04,280 [main] DEBUG balancer.ContainerBalancerTask (ContainerBalancerTask.java:initializeIteration(398)) - Utilization for node cbebd0b5-ef73-44e7-b715-317ca461999f with capacity 77309411328B, used 38654705664B, and remaining 38654705664B is 0.5
2023-06-18 19:16:04,280 [main] DEBUG balancer.ContainerBalancerTask (ContainerBalancerTask.java:initializeIteration(398)) - Utilization for node 81f146c9-30f4-49b4-9849-732517a5c152 with capacity 136902082560B, used 54760833024B, and remaining 82141249536B is 0.4
2023-06-18 19:16:04,280 [main] DEBUG balancer.ContainerBalancerTask (ContainerBalancerTask.java:initializeIteration(398)) - Utilization for node e8b04c08-93ad-4b6c-960d-529125ea2b59 with capacity 114532461226B, used 34359738368B, and remaining 80172722858B is 0.3000000000017462
2023-06-18 19:16:04,280 [main] DEBUG balancer.ContainerBalancerTask (ContainerBalancerTask.java:initializeIteration(398)) - Utilization for node da14d8b9-c267-45c1-b6d1-d5ce70c927be with capacity 150323855360B, used 30064771072B, and remaining 120259084288B is 0.2
2023-06-18 19:16:04,280 [main] DEBUG balancer.ContainerBalancerTask (ContainerBalancerTask.java:initializeIteration(398)) - Utilization for node 4b5b3e4a-279e-4a78-9dfc-3e823239d50b with capacity 365072220160B, used 36507222016B, and remaining 328564998144B is 0.1
2023-06-18 19:16:04,280 [main] DEBUG balancer.ContainerBalancerTask (ContainerBalancerTask.java:initializeIteration(398)) - Utilization for node 46443b0c-81fa-4a6f-9d37-a7a3c6263282 with capacity 13958643712B, used 0B, and remaining 13958643712B is 0.0
2023-06-18 19:16:04,281 [main] INFO  balancer.ContainerBalancerTask (ContainerBalancerTask.java:initializeIteration(447)) - Container Balancer has identified 3 Over-Utilized and 1 Under-Utilized Datanodes that need to be balanced.
2023-06-18 19:16:04,281 [main] DEBUG balancer.ContainerBalancerTask (ContainerBalancerTask.java:lambda$initializeIteration$1(453)) - Datanode localhost-123.239.245.20 2cb4ee9e-c19c-404f-a3ed-3d6144041b50 is Over-Utilized.
2023-06-18 19:16:04,281 [main] DEBUG balancer.ContainerBalancerTask (ContainerBalancerTask.java:lambda$initializeIteration$1(453)) - Datanode localhost-138.41.221.160 f561b242-3335-48fc-9447-4b53fc7bc5f8 is Over-Utilized.
2023-06-18 19:16:04,281 [main] DEBUG balancer.ContainerBalancerTask (ContainerBalancerTask.java:lambda$initializeIteration$1(453)) - Datanode localhost-48.244.249.90 7859977f-1ea7-4bc0-b7d1-c26742d71d21 is Over-Utilized.
2023-06-18 19:16:04,281 [main] DEBUG balancer.ContainerBalancerTask (ContainerBalancerTask.java:lambda$initializeIteration$2(459)) - Datanode localhost-93.64.31.108 46443b0c-81fa-4a6f-9d37-a7a3c6263282 is Under-Utilized.
2023-06-18 19:16:04,285 [main] DEBUG balancer.ContainerBalancerTask (ContainerBalancerTask.java:matchSourceWithTarget(706)) - ContainerBalancer is finding suitable target for source datanode 2cb4ee9e-c19c-404f-a3ed-3d6144041b50
2023-06-18 19:16:04,285 [main] INFO  balancer.ContainerBalancerTask (ContainerBalancerTask.java:matchSourceWithTarget(720)) - ContainerBalancer matched source datanode 2cb4ee9e-c19c-404f-a3ed-3d6144041b50 with target datanode 46443b0c-81fa-4a6f-9d37-a7a3c6263282 for container move.
2023-06-18 19:16:04,285 [main] INFO  balancer.ContainerBalancerTask (ContainerBalancerTask.java:processMoveSelection(569)) - ContainerBalancer is trying to move container #85 with size 5368709120B from source datanode 2cb4ee9e-c19c-404f-a3ed-3d6144041b50 to target datanode 46443b0c-81fa-4a6f-9d37-a7a3c6263282
2023-06-18 19:16:04,285 [main] DEBUG balancer.ContainerBalancerTask (ContainerBalancerTask.java:lambda$moveContainer$3(834)) - Container move completed for container #85 from source 2cb4ee9e-c19c-404f-a3ed-3d6144041b50 to target 46443b0c-81fa-4a6f-9d37-a7a3c6263282
2023-06-18 19:16:04,289 [main] DEBUG balancer.ContainerBalancerTask (ContainerBalancerTask.java:matchSourceWithTarget(706)) - ContainerBalancer is finding suitable target for source datanode 2cb4ee9e-c19c-404f-a3ed-3d6144041b50
2023-06-18 19:16:04,289 [main] INFO  balancer.ContainerBalancerTask (ContainerBalancerTask.java:matchSourceWithTarget(720)) - ContainerBalancer matched source datanode 2cb4ee9e-c19c-404f-a3ed-3d6144041b50 with target datanode 46443b0c-81fa-4a6f-9d37-a7a3c6263282 for container move.
2023-06-18 19:16:04,289 [main] INFO  balancer.ContainerBalancerTask (ContainerBalancerTask.java:processMoveSelection(569)) - ContainerBalancer is trying to move container #88 with size 3221225472B from source datanode 2cb4ee9e-c19c-404f-a3ed-3d6144041b50 to target datanode 46443b0c-81fa-4a6f-9d37-a7a3c6263282
2023-06-18 19:16:04,290 [main] DEBUG balancer.ContainerBalancerTask (ContainerBalancerTask.java:lambda$moveContainer$3(834)) - Container move completed for container #88 from source 2cb4ee9e-c19c-404f-a3ed-3d6144041b50 to target 46443b0c-81fa-4a6f-9d37-a7a3c6263282
2023-06-18 19:16:04,293 [main] DEBUG balancer.ContainerBalancerTask (ContainerBalancerTask.java:matchSourceWithTarget(706)) - ContainerBalancer is finding suitable target for source datanode f561b242-3335-48fc-9447-4b53fc7bc5f8
2023-06-18 19:16:04,294 [main] INFO  balancer.FindTargetGreedyByUsageInfo (AbstractFindTargetGreedy.java:findTargetForContainerMove(133)) - Container Balancer could not find a target for source datanode f561b242-3335-48fc-9447-4b53fc7bc5f8
2023-06-18 19:16:04,294 [main] DEBUG balancer.ContainerBalancerTask (ContainerBalancerTask.java:matchSourceWithTarget(715)) - ContainerBalancer could not find a suitable target for source node f561b242-3335-48fc-9447-4b53fc7bc5f8.
2023-06-18 19:16:04,297 [main] DEBUG balancer.ContainerBalancerTask (ContainerBalancerTask.java:matchSourceWithTarget(706)) - ContainerBalancer is finding suitable target for source datanode 2cb4ee9e-c19c-404f-a3ed-3d6144041b50
2023-06-18 19:16:04,298 [main] INFO  balancer.FindTargetGreedyByUsageInfo (AbstractFindTargetGreedy.java:findTargetForContainerMove(133)) - Container Balancer could not find a target for source datanode 2cb4ee9e-c19c-404f-a3ed-3d6144041b50
2023-06-18 19:16:04,299 [main] DEBUG balancer.ContainerBalancerTask (ContainerBalancerTask.java:matchSourceWithTarget(715)) - ContainerBalancer could not find a suitable target for source node 2cb4ee9e-c19c-404f-a3ed-3d6144041b50.
2023-06-18 19:16:04,301 [main] DEBUG balancer.ContainerBalancerTask (ContainerBalancerTask.java:matchSourceWithTarget(706)) - ContainerBalancer is finding suitable target for source datanode 7859977f-1ea7-4bc0-b7d1-c26742d71d21
2023-06-18 19:16:04,302 [main] INFO  balancer.FindTargetGreedyByUsageInfo (AbstractFindTargetGreedy.java:findTargetForContainerMove(133)) - Container Balancer could not find a target for source datanode 7859977f-1ea7-4bc0-b7d1-c26742d71d21
2023-06-18 19:16:04,302 [main] DEBUG balancer.ContainerBalancerTask (ContainerBalancerTask.java:matchSourceWithTarget(715)) - ContainerBalancer could not find a suitable target for source node 7859977f-1ea7-4bc0-b7d1-c26742d71d21.
2023-06-18 19:16:04,302 [main] INFO  balancer.FindSourceGreedy (FindSourceGreedy.java:getNextCandidateSourceDataNode(126)) - no more candidate source data node
2023-06-18 19:16:04,302 [main] INFO  balancer.ContainerBalancerTask (ContainerBalancerTask.java:checkIterationMoveResults(640)) - Iteration Summary. Number of Datanodes involved: 2. Size moved: 8 GB (8589934592 Bytes). Number of Container moves completed: 2.
2023-06-18 19:16:04,302 [main] INFO  balancer.ContainerBalancerTask (ContainerBalancerTask.java:balance(259)) - Result of this iteration of Container Balancer: ITERATION_COMPLETED
2023-06-18 19:16:04,302 [main] INFO  balancer.ContainerBalancerTask (ContainerBalancerTask.java:tryStopWithSaveConfiguration(308)) - Save Configuration for stopping. Reason: Completed all iterations.
2023-06-18 19:16:04,303 [main] DEBUG balancer.ContainerBalancerTask (ContainerBalancerTask.java:initializeIteration(374)) - Average utilization of the cluster is 0.3528343298275165
2023-06-18 19:16:04,303 [main] DEBUG balancer.ContainerBalancerTask (ContainerBalancerTask.java:initializeIteration(386)) - Lower limit for utilization is 0.15816003345283103 and Upper limit for utilization is 0.547508626202202
2023-06-18 19:16:04,303 [main] DEBUG balancer.ContainerBalancerTask (ContainerBalancerTask.java:initializeIteration(398)) - Utilization for node 2cb4ee9e-c19c-404f-a3ed-3d6144041b50 with capacity 73968881208B, used 66571993088B, and remaining 7396888120B is 0.9000000000108154
2023-06-18 19:16:04,303 [main] DEBUG balancer.ContainerBalancerTask (ContainerBalancerTask.java:initializeIteration(398)) - Utilization for node f561b242-3335-48fc-9447-4b53fc7bc5f8 with capacity 67108864000B, used 53687091200B, and remaining 13421772800B is 0.8
2023-06-18 19:16:04,304 [main] DEBUG balancer.ContainerBalancerTask (ContainerBalancerTask.java:initializeIteration(398)) - Utilization for node 7859977f-1ea7-4bc0-b7d1-c26742d71d21 with capacity 65958426331B, used 46170898432B, and remaining 19787527899B is 0.7000000000045483
2023-06-18 19:16:04,304 [main] DEBUG balancer.ContainerBalancerTask (ContainerBalancerTask.java:initializeIteration(398)) - Utilization for node b8442ff8-62ef-46df-9b6d-d4389bc10a30 with capacity 60845370026B, used 36507222016B, and remaining 24338148010B is 0.600000000006574
2023-06-18 19:16:04,304 [main] DEBUG balancer.ContainerBalancerTask (ContainerBalancerTask.java:initializeIteration(398)) - Utilization for node cbebd0b5-ef73-44e7-b715-317ca461999f with capacity 77309411328B, used 38654705664B, and remaining 38654705664B is 0.5
2023-06-18 19:16:04,304 [main] DEBUG balancer.ContainerBalancerTask (ContainerBalancerTask.java:initializeIteration(398)) - Utilization for node 81f146c9-30f4-49b4-9849-732517a5c152 with capacity 136902082560B, used 54760833024B, and remaining 82141249536B is 0.4
2023-06-18 19:16:04,304 [main] DEBUG balancer.ContainerBalancerTask (ContainerBalancerTask.java:initializeIteration(398)) - Utilization for node e8b04c08-93ad-4b6c-960d-529125ea2b59 with capacity 114532461226B, used 34359738368B, and remaining 80172722858B is 0.3000000000017462
2023-06-18 19:16:04,304 [main] DEBUG balancer.ContainerBalancerTask (ContainerBalancerTask.java:initializeIteration(398)) - Utilization for node da14d8b9-c267-45c1-b6d1-d5ce70c927be with capacity 150323855360B, used 30064771072B, and remaining 120259084288B is 0.2
2023-06-18 19:16:04,304 [main] DEBUG balancer.ContainerBalancerTask (ContainerBalancerTask.java:initializeIteration(398)) - Utilization for node 4b5b3e4a-279e-4a78-9dfc-3e823239d50b with capacity 365072220160B, used 36507222016B, and remaining 328564998144B is 0.1
2023-06-18 19:16:04,304 [main] DEBUG balancer.ContainerBalancerTask (ContainerBalancerTask.java:initializeIteration(398)) - Utilization for node 46443b0c-81fa-4a6f-9d37-a7a3c6263282 with capacity 13958643712B, used 0B, and remaining 13958643712B is 0.0
2023-06-18 19:16:04,304 [main] INFO  balancer.ContainerBalancerTask (ContainerBalancerTask.java:initializeIteration(447)) - Container Balancer has identified 4 Over-Utilized and 2 Under-Utilized Datanodes that need to be balanced.
2023-06-18 19:16:04,305 [main] DEBUG balancer.ContainerBalancerTask (ContainerBalancerTask.java:lambda$initializeIteration$1(453)) - Datanode localhost-123.239.245.20 2cb4ee9e-c19c-404f-a3ed-3d6144041b50 is Over-Utilized.
2023-06-18 19:16:04,305 [main] DEBUG balancer.ContainerBalancerTask (ContainerBalancerTask.java:lambda$initializeIteration$1(453)) - Datanode localhost-138.41.221.160 f561b242-3335-48fc-9447-4b53fc7bc5f8 is Over-Utilized.
2023-06-18 19:16:04,305 [main] DEBUG balancer.ContainerBalancerTask (ContainerBalancerTask.java:lambda$initializeIteration$1(453)) - Datanode localhost-48.244.249.90 7859977f-1ea7-4bc0-b7d1-c26742d71d21 is Over-Utilized.
2023-06-18 19:16:04,305 [main] DEBUG balancer.ContainerBalancerTask (ContainerBalancerTask.java:lambda$initializeIteration$1(453)) - Datanode localhost-125.178.73.148 b8442ff8-62ef-46df-9b6d-d4389bc10a30 is Over-Utilized.
2023-06-18 19:16:04,305 [main] DEBUG balancer.ContainerBalancerTask (ContainerBalancerTask.java:lambda$initializeIteration$2(459)) - Datanode localhost-93.64.31.108 46443b0c-81fa-4a6f-9d37-a7a3c6263282 is Under-Utilized.
2023-06-18 19:16:04,305 [main] DEBUG balancer.ContainerBalancerTask (ContainerBalancerTask.java:lambda$initializeIteration$2(459)) - Datanode localhost-241.76.246.187 4b5b3e4a-279e-4a78-9dfc-3e823239d50b is Under-Utilized.
2023-06-18 19:16:04,309 [main] DEBUG balancer.ContainerBalancerTask (ContainerBalancerTask.java:matchSourceWithTarget(706)) - ContainerBalancer is finding suitable target for source datanode 2cb4ee9e-c19c-404f-a3ed-3d6144041b50
2023-06-18 19:16:04,309 [main] INFO  balancer.ContainerBalancerTask (ContainerBalancerTask.java:matchSourceWithTarget(720)) - ContainerBalancer matched source datanode 2cb4ee9e-c19c-404f-a3ed-3d6144041b50 with target datanode 46443b0c-81fa-4a6f-9d37-a7a3c6263282 for container move.
2023-06-18 19:16:04,309 [main] INFO  balancer.ContainerBalancerTask (ContainerBalancerTask.java:processMoveSelection(569)) - ContainerBalancer is trying to move container #85 with size 5368709120B from source datanode 2cb4ee9e-c19c-404f-a3ed-3d6144041b50 to target datanode 46443b0c-81fa-4a6f-9d37-a7a3c6263282
2023-06-18 19:16:04,309 [main] DEBUG balancer.ContainerBalancerTask (ContainerBalancerTask.java:lambda$moveContainer$3(834)) - Container move completed for container #85 from source 2cb4ee9e-c19c-404f-a3ed-3d6144041b50 to target 46443b0c-81fa-4a6f-9d37-a7a3c6263282
2023-06-18 19:16:04,313 [main] DEBUG balancer.ContainerBalancerTask (ContainerBalancerTask.java:matchSourceWithTarget(706)) - ContainerBalancer is finding suitable target for source datanode 2cb4ee9e-c19c-404f-a3ed-3d6144041b50
2023-06-18 19:16:04,313 [main] INFO  balancer.ContainerBalancerTask (ContainerBalancerTask.java:matchSourceWithTarget(720)) - ContainerBalancer matched source datanode 2cb4ee9e-c19c-404f-a3ed-3d6144041b50 with target datanode 4b5b3e4a-279e-4a78-9dfc-3e823239d50b for container move.
2023-06-18 19:16:04,313 [main] INFO  balancer.ContainerBalancerTask (ContainerBalancerTask.java:processMoveSelection(569)) - ContainerBalancer is trying to move container #53 with size 5368709120B from source datanode 2cb4ee9e-c19c-404f-a3ed-3d6144041b50 to target datanode 4b5b3e4a-279e-4a78-9dfc-3e823239d50b
2023-06-18 19:16:04,313 [main] DEBUG balancer.ContainerBalancerTask (ContainerBalancerTask.java:lambda$moveContainer$3(834)) - Container move completed for container #53 from source 2cb4ee9e-c19c-404f-a3ed-3d6144041b50 to target 4b5b3e4a-279e-4a78-9dfc-3e823239d50b
2023-06-18 19:16:04,316 [main] DEBUG balancer.ContainerBalancerTask (ContainerBalancerTask.java:matchSourceWithTarget(706)) - ContainerBalancer is finding suitable target for source datanode f561b242-3335-48fc-9447-4b53fc7bc5f8
2023-06-18 19:16:04,316 [main] INFO  balancer.ContainerBalancerTask (ContainerBalancerTask.java:matchSourceWithTarget(720)) - ContainerBalancer matched source datanode f561b242-3335-48fc-9447-4b53fc7bc5f8 with target datanode 4b5b3e4a-279e-4a78-9dfc-3e823239d50b for container move.
2023-06-18 19:16:04,316 [main] INFO  balancer.ContainerBalancerTask (ContainerBalancerTask.java:processMoveSelection(569)) - ContainerBalancer is trying to move container #67 with size 4294967296B from source datanode f561b242-3335-48fc-9447-4b53fc7bc5f8 to target datanode 4b5b3e4a-279e-4a78-9dfc-3e823239d50b
2023-06-18 19:16:04,317 [main] DEBUG balancer.ContainerBalancerTask (ContainerBalancerTask.java:lambda$moveContainer$3(834)) - Container move completed for container #67 from source f561b242-3335-48fc-9447-4b53fc7bc5f8 to target 4b5b3e4a-279e-4a78-9dfc-3e823239d50b
2023-06-18 19:16:04,320 [main] DEBUG balancer.ContainerBalancerTask (ContainerBalancerTask.java:matchSourceWithTarget(706)) - ContainerBalancer is finding suitable target for source datanode 2cb4ee9e-c19c-404f-a3ed-3d6144041b50
2023-06-18 19:16:04,320 [main] INFO  balancer.ContainerBalancerTask (ContainerBalancerTask.java:matchSourceWithTarget(720)) - ContainerBalancer matched source datanode 2cb4ee9e-c19c-404f-a3ed-3d6144041b50 with target datanode 4b5b3e4a-279e-4a78-9dfc-3e823239d50b for container move.
2023-06-18 19:16:04,321 [main] INFO  balancer.ContainerBalancerTask (ContainerBalancerTask.java:processMoveSelection(569)) - ContainerBalancer is trying to move container #40 with size 5368709120B from source datanode 2cb4ee9e-c19c-404f-a3ed-3d6144041b50 to target datanode 4b5b3e4a-279e-4a78-9dfc-3e823239d50b
2023-06-18 19:16:04,321 [main] DEBUG balancer.ContainerBalancerTask (ContainerBalancerTask.java:lambda$moveContainer$3(834)) - Container move completed for container #40 from source 2cb4ee9e-c19c-404f-a3ed-3d6144041b50 to target 4b5b3e4a-279e-4a78-9dfc-3e823239d50b
2023-06-18 19:16:04,324 [main] DEBUG balancer.ContainerBalancerTask (ContainerBalancerTask.java:matchSourceWithTarget(706)) - ContainerBalancer is finding suitable target for source datanode f561b242-3335-48fc-9447-4b53fc7bc5f8
2023-06-18 19:16:04,324 [main] INFO  balancer.ContainerBalancerTask (ContainerBalancerTask.java:matchSourceWithTarget(720)) - ContainerBalancer matched source datanode f561b242-3335-48fc-9447-4b53fc7bc5f8 with target datanode 4b5b3e4a-279e-4a78-9dfc-3e823239d50b for container move.
2023-06-18 19:16:04,324 [main] INFO  balancer.ContainerBalancerTask (ContainerBalancerTask.java:processMoveSelection(569)) - ContainerBalancer is trying to move container #28 with size 4294967296B from source datanode f561b242-3335-48fc-9447-4b53fc7bc5f8 to target datanode 4b5b3e4a-279e-4a78-9dfc-3e823239d50b
2023-06-18 19:16:04,324 [main] DEBUG balancer.ContainerBalancerTask (ContainerBalancerTask.java:lambda$moveContainer$3(834)) - Container move completed for container #28 from source f561b242-3335-48fc-9447-4b53fc7bc5f8 to target 4b5b3e4a-279e-4a78-9dfc-3e823239d50b
2023-06-18 19:16:04,327 [main] DEBUG balancer.ContainerBalancerTask (ContainerBalancerTask.java:matchSourceWithTarget(706)) - ContainerBalancer is finding suitable target for source datanode 7859977f-1ea7-4bc0-b7d1-c26742d71d21
2023-06-18 19:16:04,327 [main] INFO  balancer.ContainerBalancerTask (ContainerBalancerTask.java:matchSourceWithTarget(720)) - ContainerBalancer matched source datanode 7859977f-1ea7-4bc0-b7d1-c26742d71d21 with target datanode 4b5b3e4a-279e-4a78-9dfc-3e823239d50b for container move.
2023-06-18 19:16:04,327 [main] INFO  balancer.ContainerBalancerTask (ContainerBalancerTask.java:processMoveSelection(569)) - ContainerBalancer is trying to move container #29 with size 5368709120B from source datanode 7859977f-1ea7-4bc0-b7d1-c26742d71d21 to target datanode 4b5b3e4a-279e-4a78-9dfc-3e823239d50b
2023-06-18 19:16:04,327 [main] DEBUG balancer.ContainerBalancerTask (ContainerBalancerTask.java:lambda$moveContainer$3(834)) - Container move completed for container #29 from source 7859977f-1ea7-4bc0-b7d1-c26742d71d21 to target 4b5b3e4a-279e-4a78-9dfc-3e823239d50b
2023-06-18 19:16:04,331 [main] DEBUG balancer.ContainerBalancerTask (ContainerBalancerTask.java:matchSourceWithTarget(706)) - ContainerBalancer is finding suitable target for source datanode 2cb4ee9e-c19c-404f-a3ed-3d6144041b50
2023-06-18 19:16:04,331 [main] INFO  balancer.ContainerBalancerTask (ContainerBalancerTask.java:matchSourceWithTarget(720)) - ContainerBalancer matched source datanode 2cb4ee9e-c19c-404f-a3ed-3d6144041b50 with target datanode 4b5b3e4a-279e-4a78-9dfc-3e823239d50b for container move.
2023-06-18 19:16:04,331 [main] INFO  balancer.ContainerBalancerTask (ContainerBalancerTask.java:processMoveSelection(569)) - ContainerBalancer is trying to move container #89 with size 4294967296B from source datanode 2cb4ee9e-c19c-404f-a3ed-3d6144041b50 to target datanode 4b5b3e4a-279e-4a78-9dfc-3e823239d50b
2023-06-18 19:16:04,331 [main] DEBUG balancer.ContainerBalancerTask (ContainerBalancerTask.java:lambda$moveContainer$3(834)) - Container move completed for container #89 from source 2cb4ee9e-c19c-404f-a3ed-3d6144041b50 to target 4b5b3e4a-279e-4a78-9dfc-3e823239d50b
2023-06-18 19:16:04,335 [main] DEBUG balancer.ContainerBalancerTask (ContainerBalancerTask.java:matchSourceWithTarget(706)) - ContainerBalancer is finding suitable target for source datanode f561b242-3335-48fc-9447-4b53fc7bc5f8
2023-06-18 19:16:04,335 [main] INFO  balancer.ContainerBalancerTask (ContainerBalancerTask.java:matchSourceWithTarget(720)) - ContainerBalancer matched source datanode f561b242-3335-48fc-9447-4b53fc7bc5f8 with target datanode 4b5b3e4a-279e-4a78-9dfc-3e823239d50b for container move.
2023-06-18 19:16:04,335 [main] INFO  balancer.ContainerBalancerTask (ContainerBalancerTask.java:processMoveSelection(569)) - ContainerBalancer is trying to move container #71 with size 3221225472B from source datanode f561b242-3335-48fc-9447-4b53fc7bc5f8 to target datanode 4b5b3e4a-279e-4a78-9dfc-3e823239d50b
2023-06-18 19:16:04,335 [main] DEBUG balancer.ContainerBalancerTask (ContainerBalancerTask.java:lambda$moveContainer$3(834)) - Container move completed for container #71 from source f561b242-3335-48fc-9447-4b53fc7bc5f8 to target 4b5b3e4a-279e-4a78-9dfc-3e823239d50b
2023-06-18 19:16:04,339 [main] DEBUG balancer.ContainerBalancerTask (ContainerBalancerTask.java:matchSourceWithTarget(706)) - ContainerBalancer is finding suitable target for source datanode 2cb4ee9e-c19c-404f-a3ed-3d6144041b50
2023-06-18 19:16:04,339 [main] INFO  balancer.ContainerBalancerTask (ContainerBalancerTask.java:matchSourceWithTarget(720)) - ContainerBalancer matched source datanode 2cb4ee9e-c19c-404f-a3ed-3d6144041b50 with target datanode 4b5b3e4a-279e-4a78-9dfc-3e823239d50b for container move.
2023-06-18 19:16:04,339 [main] INFO  balancer.ContainerBalancerTask (ContainerBalancerTask.java:processMoveSelection(569)) - ContainerBalancer is trying to move container #84 with size 4294967296B from source datanode 2cb4ee9e-c19c-404f-a3ed-3d6144041b50 to target datanode 4b5b3e4a-279e-4a78-9dfc-3e823239d50b
2023-06-18 19:16:04,340 [main] DEBUG balancer.ContainerBalancerTask (ContainerBalancerTask.java:lambda$moveContainer$3(834)) - Container move completed for container #84 from source 2cb4ee9e-c19c-404f-a3ed-3d6144041b50 to target 4b5b3e4a-279e-4a78-9dfc-3e823239d50b
2023-06-18 19:16:04,343 [main] DEBUG balancer.ContainerBalancerTask (ContainerBalancerTask.java:matchSourceWithTarget(706)) - ContainerBalancer is finding suitable target for source datanode f561b242-3335-48fc-9447-4b53fc7bc5f8
2023-06-18 19:16:04,343 [main] INFO  balancer.ContainerBalancerTask (ContainerBalancerTask.java:matchSourceWithTarget(720)) - ContainerBalancer matched source datanode f561b242-3335-48fc-9447-4b53fc7bc5f8 with target datanode 4b5b3e4a-279e-4a78-9dfc-3e823239d50b for container move.
2023-06-18 19:16:04,343 [main] INFO  balancer.ContainerBalancerTask (ContainerBalancerTask.java:processMoveSelection(569)) - ContainerBalancer is trying to move container #66 with size 3221225472B from source datanode f561b242-3335-48fc-9447-4b53fc7bc5f8 to target datanode 4b5b3e4a-279e-4a78-9dfc-3e823239d50b
2023-06-18 19:16:04,344 [main] DEBUG balancer.ContainerBalancerTask (ContainerBalancerTask.java:lambda$moveContainer$3(834)) - Container move completed for container #66 from source f561b242-3335-48fc-9447-4b53fc7bc5f8 to target 4b5b3e4a-279e-4a78-9dfc-3e823239d50b
2023-06-18 19:16:04,346 [main] DEBUG balancer.ContainerBalancerTask (ContainerBalancerTask.java:matchSourceWithTarget(706)) - ContainerBalancer is finding suitable target for source datanode 7859977f-1ea7-4bc0-b7d1-c26742d71d21
2023-06-18 19:16:04,346 [main] INFO  balancer.ContainerBalancerTask (ContainerBalancerTask.java:matchSourceWithTarget(720)) - ContainerBalancer matched source datanode 7859977f-1ea7-4bc0-b7d1-c26742d71d21 with target datanode 4b5b3e4a-279e-4a78-9dfc-3e823239d50b for container move.
2023-06-18 19:16:04,346 [main] INFO  balancer.ContainerBalancerTask (ContainerBalancerTask.java:processMoveSelection(569)) - ContainerBalancer is trying to move container #52 with size 4294967296B from source datanode 7859977f-1ea7-4bc0-b7d1-c26742d71d21 to target datanode 4b5b3e4a-279e-4a78-9dfc-3e823239d50b
2023-06-18 19:16:04,347 [main] DEBUG balancer.ContainerBalancerTask (ContainerBalancerTask.java:lambda$moveContainer$3(834)) - Container move completed for container #52 from source 7859977f-1ea7-4bc0-b7d1-c26742d71d21 to target 4b5b3e4a-279e-4a78-9dfc-3e823239d50b
2023-06-18 19:16:04,350 [main] DEBUG balancer.ContainerBalancerTask (ContainerBalancerTask.java:matchSourceWithTarget(706)) - ContainerBalancer is finding suitable target for source datanode b8442ff8-62ef-46df-9b6d-d4389bc10a30
2023-06-18 19:16:04,350 [main] INFO  balancer.ContainerBalancerTask (ContainerBalancerTask.java:matchSourceWithTarget(720)) - ContainerBalancer matched source datanode b8442ff8-62ef-46df-9b6d-d4389bc10a30 with target datanode 4b5b3e4a-279e-4a78-9dfc-3e823239d50b for container move.
2023-06-18 19:16:04,350 [main] INFO  balancer.ContainerBalancerTask (ContainerBalancerTask.java:processMoveSelection(569)) - ContainerBalancer is trying to move container #19 with size 4294967296B from source datanode b8442ff8-62ef-46df-9b6d-d4389bc10a30 to target datanode 4b5b3e4a-279e-4a78-9dfc-3e823239d50b
2023-06-18 19:16:04,350 [main] DEBUG balancer.ContainerBalancerTask (ContainerBalancerTask.java:lambda$moveContainer$3(834)) - Container move completed for container #19 from source b8442ff8-62ef-46df-9b6d-d4389bc10a30 to target 4b5b3e4a-279e-4a78-9dfc-3e823239d50b
2023-06-18 19:16:04,350 [main] WARN  balancer.ContainerBalancerTask (ContainerBalancerTask.java:reachedMaxSizeToMovePerIteration(731)) - Reached max size to move limit. 53687091200 bytes have already been scheduled for balancing and the limit is 53687091200 bytes.
2023-06-18 19:16:04,350 [main] INFO  balancer.ContainerBalancerTask (ContainerBalancerTask.java:checkIterationMoveResults(640)) - Iteration Summary. Number of Datanodes involved: 6. Size moved: 50 GB (53687091200 Bytes). Number of Container moves completed: 12.
2023-06-18 19:16:04,351 [main] INFO  balancer.ContainerBalancerTask (ContainerBalancerTask.java:balance(259)) - Result of this iteration of Container Balancer: ITERATION_COMPLETED
2023-06-18 19:16:04,351 [main] INFO  balancer.ContainerBalancerTask (ContainerBalancerTask.java:tryStopWithSaveConfiguration(308)) - Save Configuration for stopping. Reason: Completed all iterations.
2023-06-18 19:16:04,354 [main] DEBUG balancer.ContainerBalancerTask (ContainerBalancerTask.java:initializeIteration(374)) - Average utilization of the cluster is 0.3528343298275165
2023-06-18 19:16:04,354 [main] DEBUG balancer.ContainerBalancerTask (ContainerBalancerTask.java:initializeIteration(386)) - Lower limit for utilization is 0.3113986811005419 and Upper limit for utilization is 0.3942699785544911
2023-06-18 19:16:04,354 [main] DEBUG balancer.ContainerBalancerTask (ContainerBalancerTask.java:initializeIteration(398)) - Utilization for node 2cb4ee9e-c19c-404f-a3ed-3d6144041b50 with capacity 73968881208B, used 66571993088B, and remaining 7396888120B is 0.9000000000108154
2023-06-18 19:16:04,354 [main] DEBUG balancer.ContainerBalancerTask (ContainerBalancerTask.java:initializeIteration(398)) - Utilization for node f561b242-3335-48fc-9447-4b53fc7bc5f8 with capacity 67108864000B, used 53687091200B, and remaining 13421772800B is 0.8
2023-06-18 19:16:04,354 [main] DEBUG balancer.ContainerBalancerTask (ContainerBalancerTask.java:initializeIteration(398)) - Utilization for node 7859977f-1ea7-4bc0-b7d1-c26742d71d21 with capacity 65958426331B, used 46170898432B, and remaining 19787527899B is 0.7000000000045483
2023-06-18 19:16:04,354 [main] DEBUG balancer.ContainerBalancerTask (ContainerBalancerTask.java:initializeIteration(398)) - Utilization for node b8442ff8-62ef-46df-9b6d-d4389bc10a30 with capacity 60845370026B, used 36507222016B, and remaining 24338148010B is 0.600000000006574
2023-06-18 19:16:04,354 [main] DEBUG balancer.ContainerBalancerTask (ContainerBalancerTask.java:initializeIteration(398)) - Utilization for node cbebd0b5-ef73-44e7-b715-317ca461999f with capacity 77309411328B, used 38654705664B, and remaining 38654705664B is 0.5
2023-06-18 19:16:04,354 [main] DEBUG balancer.ContainerBalancerTask (ContainerBalancerTask.java:initializeIteration(398)) - Utilization for node 81f146c9-30f4-49b4-9849-732517a5c152 with capacity 136902082560B, used 54760833024B, and remaining 82141249536B is 0.4
2023-06-18 19:16:04,354 [main] DEBUG balancer.ContainerBalancerTask (ContainerBalancerTask.java:initializeIteration(398)) - Utilization for node e8b04c08-93ad-4b6c-960d-529125ea2b59 with capacity 114532461226B, used 34359738368B, and remaining 80172722858B is 0.3000000000017462
2023-06-18 19:16:04,355 [main] DEBUG balancer.ContainerBalancerTask (ContainerBalancerTask.java:initializeIteration(398)) - Utilization for node da14d8b9-c267-45c1-b6d1-d5ce70c927be with capacity 150323855360B, used 30064771072B, and remaining 120259084288B is 0.2
2023-06-18 19:16:04,355 [main] DEBUG balancer.ContainerBalancerTask (ContainerBalancerTask.java:initializeIteration(398)) - Utilization for node 4b5b3e4a-279e-4a78-9dfc-3e823239d50b with capacity 365072220160B, used 36507222016B, and remaining 328564998144B is 0.1
2023-06-18 19:16:04,355 [main] DEBUG balancer.ContainerBalancerTask (ContainerBalancerTask.java:initializeIteration(398)) - Utilization for node 46443b0c-81fa-4a6f-9d37-a7a3c6263282 with capacity 13958643712B, used 0B, and remaining 13958643712B is 0.0
2023-06-18 19:16:04,355 [main] INFO  balancer.ContainerBalancerTask (ContainerBalancerTask.java:initializeIteration(447)) - Container Balancer has identified 6 Over-Utilized and 4 Under-Utilized Datanodes that need to be balanced.
2023-06-18 19:16:04,355 [main] DEBUG balancer.ContainerBalancerTask (ContainerBalancerTask.java:lambda$initializeIteration$1(453)) - Datanode localhost-123.239.245.20 2cb4ee9e-c19c-404f-a3ed-3d6144041b50 is Over-Utilized.
2023-06-18 19:16:04,355 [main] DEBUG balancer.ContainerBalancerTask (ContainerBalancerTask.java:lambda$initializeIteration$1(453)) - Datanode localhost-138.41.221.160 f561b242-3335-48fc-9447-4b53fc7bc5f8 is Over-Utilized.
2023-06-18 19:16:04,355 [main] DEBUG balancer.ContainerBalancerTask (ContainerBalancerTask.java:lambda$initializeIteration$1(453)) - Datanode localhost-48.244.249.90 7859977f-1ea7-4bc0-b7d1-c26742d71d21 is Over-Utilized.
2023-06-18 19:16:04,355 [main] DEBUG balancer.ContainerBalancerTask (ContainerBalancerTask.java:lambda$initializeIteration$1(453)) - Datanode localhost-125.178.73.148 b8442ff8-62ef-46df-9b6d-d4389bc10a30 is Over-Utilized.
2023-06-18 19:16:04,355 [main] DEBUG balancer.ContainerBalancerTask (ContainerBalancerTask.java:lambda$initializeIteration$1(453)) - Datanode localhost-95.46.94.225 cbebd0b5-ef73-44e7-b715-317ca461999f is Over-Utilized.
2023-06-18 19:16:04,356 [main] DEBUG balancer.ContainerBalancerTask (ContainerBalancerTask.java:lambda$initializeIteration$1(453)) - Datanode localhost-144.244.79.68 81f146c9-30f4-49b4-9849-732517a5c152 is Over-Utilized.
2023-06-18 19:16:04,356 [main] DEBUG balancer.ContainerBalancerTask (ContainerBalancerTask.java:lambda$initializeIteration$2(459)) - Datanode localhost-93.64.31.108 46443b0c-81fa-4a6f-9d37-a7a3c6263282 is Under-Utilized.
2023-06-18 19:16:04,356 [main] DEBUG balancer.ContainerBalancerTask (ContainerBalancerTask.java:lambda$initializeIteration$2(459)) - Datanode localhost-241.76.246.187 4b5b3e4a-279e-4a78-9dfc-3e823239d50b is Under-Utilized.
2023-06-18 19:16:04,356 [main] DEBUG balancer.ContainerBalancerTask (ContainerBalancerTask.java:lambda$initializeIteration$2(459)) - Datanode localhost-252.133.82.90 da14d8b9-c267-45c1-b6d1-d5ce70c927be is Under-Utilized.
2023-06-18 19:16:04,356 [main] DEBUG balancer.ContainerBalancerTask (ContainerBalancerTask.java:lambda$initializeIteration$2(459)) - Datanode localhost-179.15.210.12 e8b04c08-93ad-4b6c-960d-529125ea2b59 is Under-Utilized.
2023-06-18 19:16:04,360 [main] DEBUG balancer.ContainerBalancerTask (ContainerBalancerTask.java:matchSourceWithTarget(706)) - ContainerBalancer is finding suitable target for source datanode 2cb4ee9e-c19c-404f-a3ed-3d6144041b50
2023-06-18 19:16:04,360 [main] INFO  balancer.ContainerBalancerTask (ContainerBalancerTask.java:matchSourceWithTarget(720)) - ContainerBalancer matched source datanode 2cb4ee9e-c19c-404f-a3ed-3d6144041b50 with target datanode 46443b0c-81fa-4a6f-9d37-a7a3c6263282 for container move.
2023-06-18 19:16:04,360 [main] INFO  balancer.ContainerBalancerTask (ContainerBalancerTask.java:processMoveSelection(569)) - ContainerBalancer is trying to move container #85 with size 5368709120B from source datanode 2cb4ee9e-c19c-404f-a3ed-3d6144041b50 to target datanode 46443b0c-81fa-4a6f-9d37-a7a3c6263282
2023-06-18 19:16:04,360 [main] DEBUG balancer.ContainerBalancerTask (ContainerBalancerTask.java:lambda$moveContainer$3(834)) - Container move completed for container #85 from source 2cb4ee9e-c19c-404f-a3ed-3d6144041b50 to target 46443b0c-81fa-4a6f-9d37-a7a3c6263282
2023-06-18 19:16:04,364 [main] DEBUG balancer.ContainerBalancerTask (ContainerBalancerTask.java:matchSourceWithTarget(706)) - ContainerBalancer is finding suitable target for source datanode 2cb4ee9e-c19c-404f-a3ed-3d6144041b50
2023-06-18 19:16:04,364 [main] INFO  balancer.ContainerBalancerTask (ContainerBalancerTask.java:matchSourceWithTarget(720)) - ContainerBalancer matched source datanode 2cb4ee9e-c19c-404f-a3ed-3d6144041b50 with target datanode 4b5b3e4a-279e-4a78-9dfc-3e823239d50b for container move.
2023-06-18 19:16:04,364 [main] INFO  balancer.ContainerBalancerTask (ContainerBalancerTask.java:processMoveSelection(569)) - ContainerBalancer is trying to move container #53 with size 5368709120B from source datanode 2cb4ee9e-c19c-404f-a3ed-3d6144041b50 to target datanode 4b5b3e4a-279e-4a78-9dfc-3e823239d50b
2023-06-18 19:16:04,364 [main] DEBUG balancer.ContainerBalancerTask (ContainerBalancerTask.java:lambda$moveContainer$3(834)) - Container move completed for container #53 from source 2cb4ee9e-c19c-404f-a3ed-3d6144041b50 to target 4b5b3e4a-279e-4a78-9dfc-3e823239d50b
2023-06-18 19:16:04,367 [main] DEBUG balancer.ContainerBalancerTask (ContainerBalancerTask.java:matchSourceWithTarget(706)) - ContainerBalancer is finding suitable target for source datanode f561b242-3335-48fc-9447-4b53fc7bc5f8
2023-06-18 19:16:04,368 [main] INFO  balancer.ContainerBalancerTask (ContainerBalancerTask.java:matchSourceWithTarget(720)) - ContainerBalancer matched source datanode f561b242-3335-48fc-9447-4b53fc7bc5f8 with target datanode 4b5b3e4a-279e-4a78-9dfc-3e823239d50b for container move.
2023-06-18 19:16:04,368 [main] INFO  balancer.ContainerBalancerTask (ContainerBalancerTask.java:processMoveSelection(569)) - ContainerBalancer is trying to move container #67 with size 4294967296B from source datanode f561b242-3335-48fc-9447-4b53fc7bc5f8 to target datanode 4b5b3e4a-279e-4a78-9dfc-3e823239d50b
2023-06-18 19:16:04,368 [main] DEBUG balancer.ContainerBalancerTask (ContainerBalancerTask.java:lambda$moveContainer$3(834)) - Container move completed for container #67 from source f561b242-3335-48fc-9447-4b53fc7bc5f8 to target 4b5b3e4a-279e-4a78-9dfc-3e823239d50b
2023-06-18 19:16:04,372 [main] DEBUG balancer.ContainerBalancerTask (ContainerBalancerTask.java:matchSourceWithTarget(706)) - ContainerBalancer is finding suitable target for source datanode 2cb4ee9e-c19c-404f-a3ed-3d6144041b50
2023-06-18 19:16:04,372 [main] INFO  balancer.ContainerBalancerTask (ContainerBalancerTask.java:matchSourceWithTarget(720)) - ContainerBalancer matched source datanode 2cb4ee9e-c19c-404f-a3ed-3d6144041b50 with target datanode 4b5b3e4a-279e-4a78-9dfc-3e823239d50b for container move.
2023-06-18 19:16:04,372 [main] INFO  balancer.ContainerBalancerTask (ContainerBalancerTask.java:processMoveSelection(569)) - ContainerBalancer is trying to move container #40 with size 5368709120B from source datanode 2cb4ee9e-c19c-404f-a3ed-3d6144041b50 to target datanode 4b5b3e4a-279e-4a78-9dfc-3e823239d50b
2023-06-18 19:16:04,372 [main] DEBUG balancer.ContainerBalancerTask (ContainerBalancerTask.java:lambda$moveContainer$3(834)) - Container move completed for container #40 from source 2cb4ee9e-c19c-404f-a3ed-3d6144041b50 to target 4b5b3e4a-279e-4a78-9dfc-3e823239d50b
2023-06-18 19:16:04,375 [main] DEBUG balancer.ContainerBalancerTask (ContainerBalancerTask.java:matchSourceWithTarget(706)) - ContainerBalancer is finding suitable target for source datanode f561b242-3335-48fc-9447-4b53fc7bc5f8
2023-06-18 19:16:04,375 [main] INFO  balancer.ContainerBalancerTask (ContainerBalancerTask.java:matchSourceWithTarget(720)) - ContainerBalancer matched source datanode f561b242-3335-48fc-9447-4b53fc7bc5f8 with target datanode 4b5b3e4a-279e-4a78-9dfc-3e823239d50b for container move.
2023-06-18 19:16:04,375 [main] INFO  balancer.ContainerBalancerTask (ContainerBalancerTask.java:processMoveSelection(569)) - ContainerBalancer is trying to move container #28 with size 4294967296B from source datanode f561b242-3335-48fc-9447-4b53fc7bc5f8 to target datanode 4b5b3e4a-279e-4a78-9dfc-3e823239d50b
2023-06-18 19:16:04,376 [main] DEBUG balancer.ContainerBalancerTask (ContainerBalancerTask.java:lambda$moveContainer$3(834)) - Container move completed for container #28 from source f561b242-3335-48fc-9447-4b53fc7bc5f8 to target 4b5b3e4a-279e-4a78-9dfc-3e823239d50b
2023-06-18 19:16:04,378 [main] DEBUG balancer.ContainerBalancerTask (ContainerBalancerTask.java:matchSourceWithTarget(706)) - ContainerBalancer is finding suitable target for source datanode 7859977f-1ea7-4bc0-b7d1-c26742d71d21
2023-06-18 19:16:04,378 [main] INFO  balancer.ContainerBalancerTask (ContainerBalancerTask.java:matchSourceWithTarget(720)) - ContainerBalancer matched source datanode 7859977f-1ea7-4bc0-b7d1-c26742d71d21 with target datanode 4b5b3e4a-279e-4a78-9dfc-3e823239d50b for container move.
2023-06-18 19:16:04,378 [main] INFO  balancer.ContainerBalancerTask (ContainerBalancerTask.java:processMoveSelection(569)) - ContainerBalancer is trying to move container #29 with size 5368709120B from source datanode 7859977f-1ea7-4bc0-b7d1-c26742d71d21 to target datanode 4b5b3e4a-279e-4a78-9dfc-3e823239d50b
2023-06-18 19:16:04,379 [main] DEBUG balancer.ContainerBalancerTask (ContainerBalancerTask.java:lambda$moveContainer$3(834)) - Container move completed for container #29 from source 7859977f-1ea7-4bc0-b7d1-c26742d71d21 to target 4b5b3e4a-279e-4a78-9dfc-3e823239d50b
2023-06-18 19:16:04,382 [main] DEBUG balancer.ContainerBalancerTask (ContainerBalancerTask.java:matchSourceWithTarget(706)) - ContainerBalancer is finding suitable target for source datanode 2cb4ee9e-c19c-404f-a3ed-3d6144041b50
2023-06-18 19:16:04,383 [main] INFO  balancer.ContainerBalancerTask (ContainerBalancerTask.java:matchSourceWithTarget(720)) - ContainerBalancer matched source datanode 2cb4ee9e-c19c-404f-a3ed-3d6144041b50 with target datanode 4b5b3e4a-279e-4a78-9dfc-3e823239d50b for container move.
2023-06-18 19:16:04,383 [main] INFO  balancer.ContainerBalancerTask (ContainerBalancerTask.java:processMoveSelection(569)) - ContainerBalancer is trying to move container #89 with size 4294967296B from source datanode 2cb4ee9e-c19c-404f-a3ed-3d6144041b50 to target datanode 4b5b3e4a-279e-4a78-9dfc-3e823239d50b
2023-06-18 19:16:04,383 [main] DEBUG balancer.ContainerBalancerTask (ContainerBalancerTask.java:lambda$moveContainer$3(834)) - Container move completed for container #89 from source 2cb4ee9e-c19c-404f-a3ed-3d6144041b50 to target 4b5b3e4a-279e-4a78-9dfc-3e823239d50b
2023-06-18 19:16:04,386 [main] DEBUG balancer.ContainerBalancerTask (ContainerBalancerTask.java:matchSourceWithTarget(706)) - ContainerBalancer is finding suitable target for source datanode f561b242-3335-48fc-9447-4b53fc7bc5f8
2023-06-18 19:16:04,387 [main] INFO  balancer.ContainerBalancerTask (ContainerBalancerTask.java:matchSourceWithTarget(720)) - ContainerBalancer matched source datanode f561b242-3335-48fc-9447-4b53fc7bc5f8 with target datanode 4b5b3e4a-279e-4a78-9dfc-3e823239d50b for container move.
2023-06-18 19:16:04,387 [main] INFO  balancer.ContainerBalancerTask (ContainerBalancerTask.java:processMoveSelection(569)) - ContainerBalancer is trying to move container #71 with size 3221225472B from source datanode f561b242-3335-48fc-9447-4b53fc7bc5f8 to target datanode 4b5b3e4a-279e-4a78-9dfc-3e823239d50b
2023-06-18 19:16:04,387 [main] DEBUG balancer.ContainerBalancerTask (ContainerBalancerTask.java:lambda$moveContainer$3(834)) - Container move completed for container #71 from source f561b242-3335-48fc-9447-4b53fc7bc5f8 to target 4b5b3e4a-279e-4a78-9dfc-3e823239d50b
2023-06-18 19:16:04,391 [main] DEBUG balancer.ContainerBalancerTask (ContainerBalancerTask.java:matchSourceWithTarget(706)) - ContainerBalancer is finding suitable target for source datanode 2cb4ee9e-c19c-404f-a3ed-3d6144041b50
2023-06-18 19:16:04,391 [main] INFO  balancer.ContainerBalancerTask (ContainerBalancerTask.java:matchSourceWithTarget(720)) - ContainerBalancer matched source datanode 2cb4ee9e-c19c-404f-a3ed-3d6144041b50 with target datanode 4b5b3e4a-279e-4a78-9dfc-3e823239d50b for container move.
2023-06-18 19:16:04,391 [main] INFO  balancer.ContainerBalancerTask (ContainerBalancerTask.java:processMoveSelection(569)) - ContainerBalancer is trying to move container #84 with size 4294967296B from source datanode 2cb4ee9e-c19c-404f-a3ed-3d6144041b50 to target datanode 4b5b3e4a-279e-4a78-9dfc-3e823239d50b
2023-06-18 19:16:04,391 [main] DEBUG balancer.ContainerBalancerTask (ContainerBalancerTask.java:lambda$moveContainer$3(834)) - Container move completed for container #84 from source 2cb4ee9e-c19c-404f-a3ed-3d6144041b50 to target 4b5b3e4a-279e-4a78-9dfc-3e823239d50b
2023-06-18 19:16:04,395 [main] DEBUG balancer.ContainerBalancerTask (ContainerBalancerTask.java:matchSourceWithTarget(706)) - ContainerBalancer is finding suitable target for source datanode f561b242-3335-48fc-9447-4b53fc7bc5f8
2023-06-18 19:16:04,395 [main] INFO  balancer.ContainerBalancerTask (ContainerBalancerTask.java:matchSourceWithTarget(720)) - ContainerBalancer matched source datanode f561b242-3335-48fc-9447-4b53fc7bc5f8 with target datanode da14d8b9-c267-45c1-b6d1-d5ce70c927be for container move.
2023-06-18 19:16:04,395 [main] INFO  balancer.ContainerBalancerTask (ContainerBalancerTask.java:processMoveSelection(569)) - ContainerBalancer is trying to move container #68 with size 5368709120B from source datanode f561b242-3335-48fc-9447-4b53fc7bc5f8 to target datanode da14d8b9-c267-45c1-b6d1-d5ce70c927be
2023-06-18 19:16:04,395 [main] DEBUG balancer.ContainerBalancerTask (ContainerBalancerTask.java:lambda$moveContainer$3(834)) - Container move completed for container #68 from source f561b242-3335-48fc-9447-4b53fc7bc5f8 to target da14d8b9-c267-45c1-b6d1-d5ce70c927be
2023-06-18 19:16:04,398 [main] DEBUG balancer.ContainerBalancerTask (ContainerBalancerTask.java:matchSourceWithTarget(706)) - ContainerBalancer is finding suitable target for source datanode 7859977f-1ea7-4bc0-b7d1-c26742d71d21
2023-06-18 19:16:04,398 [main] INFO  balancer.ContainerBalancerTask (ContainerBalancerTask.java:matchSourceWithTarget(720)) - ContainerBalancer matched source datanode 7859977f-1ea7-4bc0-b7d1-c26742d71d21 with target datanode 4b5b3e4a-279e-4a78-9dfc-3e823239d50b for container move.
2023-06-18 19:16:04,398 [main] INFO  balancer.ContainerBalancerTask (ContainerBalancerTask.java:processMoveSelection(569)) - ContainerBalancer is trying to move container #52 with size 4294967296B from source datanode 7859977f-1ea7-4bc0-b7d1-c26742d71d21 to target datanode 4b5b3e4a-279e-4a78-9dfc-3e823239d50b
2023-06-18 19:16:04,398 [main] DEBUG balancer.ContainerBalancerTask (ContainerBalancerTask.java:lambda$moveContainer$3(834)) - Container move completed for container #52 from source 7859977f-1ea7-4bc0-b7d1-c26742d71d21 to target 4b5b3e4a-279e-4a78-9dfc-3e823239d50b
2023-06-18 19:16:04,401 [main] DEBUG balancer.ContainerBalancerTask (ContainerBalancerTask.java:matchSourceWithTarget(706)) - ContainerBalancer is finding suitable target for source datanode b8442ff8-62ef-46df-9b6d-d4389bc10a30
2023-06-18 19:16:04,402 [main] INFO  balancer.ContainerBalancerTask (ContainerBalancerTask.java:matchSourceWithTarget(720)) - ContainerBalancer matched source datanode b8442ff8-62ef-46df-9b6d-d4389bc10a30 with target datanode 4b5b3e4a-279e-4a78-9dfc-3e823239d50b for container move.
2023-06-18 19:16:04,402 [main] INFO  balancer.ContainerBalancerTask (ContainerBalancerTask.java:processMoveSelection(569)) - ContainerBalancer is trying to move container #37 with size 2147483648B from source datanode b8442ff8-62ef-46df-9b6d-d4389bc10a30 to target datanode 4b5b3e4a-279e-4a78-9dfc-3e823239d50b
2023-06-18 19:16:04,402 [main] DEBUG balancer.ContainerBalancerTask (ContainerBalancerTask.java:lambda$moveContainer$3(834)) - Container move completed for container #37 from source b8442ff8-62ef-46df-9b6d-d4389bc10a30 to target 4b5b3e4a-279e-4a78-9dfc-3e823239d50b
2023-06-18 19:16:04,402 [main] WARN  balancer.ContainerBalancerTask (ContainerBalancerTask.java:reachedMaxSizeToMovePerIteration(731)) - Reached max size to move limit. 53687091200 bytes have already been scheduled for balancing and the limit is 53687091200 bytes.
2023-06-18 19:16:04,402 [main] INFO  balancer.ContainerBalancerTask (ContainerBalancerTask.java:checkIterationMoveResults(640)) - Iteration Summary. Number of Datanodes involved: 7. Size moved: 50 GB (53687091200 Bytes). Number of Container moves completed: 12.
2023-06-18 19:16:04,402 [main] INFO  balancer.ContainerBalancerTask (ContainerBalancerTask.java:balance(259)) - Result of this iteration of Container Balancer: ITERATION_COMPLETED
2023-06-18 19:16:04,403 [main] INFO  balancer.ContainerBalancerTask (ContainerBalancerTask.java:tryStopWithSaveConfiguration(308)) - Save Configuration for stopping. Reason: Completed all iterations.
2023-06-18 19:16:04,403 [main] DEBUG balancer.ContainerBalancerTask (ContainerBalancerTask.java:initializeIteration(374)) - Average utilization of the cluster is 0.3528343298275165
2023-06-18 19:16:04,404 [main] DEBUG balancer.ContainerBalancerTask (ContainerBalancerTask.java:initializeIteration(386)) - Lower limit for utilization is 0.22565745122066772 and Upper limit for utilization is 0.4800112084343653
2023-06-18 19:16:04,404 [main] DEBUG balancer.ContainerBalancerTask (ContainerBalancerTask.java:initializeIteration(398)) - Utilization for node 2cb4ee9e-c19c-404f-a3ed-3d6144041b50 with capacity 73968881208B, used 66571993088B, and remaining 7396888120B is 0.9000000000108154
2023-06-18 19:16:04,404 [main] DEBUG balancer.ContainerBalancerTask (ContainerBalancerTask.java:initializeIteration(398)) - Utilization for node f561b242-3335-48fc-9447-4b53fc7bc5f8 with capacity 67108864000B, used 53687091200B, and remaining 13421772800B is 0.8
2023-06-18 19:16:04,404 [main] DEBUG balancer.ContainerBalancerTask (ContainerBalancerTask.java:initializeIteration(398)) - Utilization for node 7859977f-1ea7-4bc0-b7d1-c26742d71d21 with capacity 65958426331B, used 46170898432B, and remaining 19787527899B is 0.7000000000045483
2023-06-18 19:16:04,404 [main] DEBUG balancer.ContainerBalancerTask (ContainerBalancerTask.java:initializeIteration(398)) - Utilization for node b8442ff8-62ef-46df-9b6d-d4389bc10a30 with capacity 60845370026B, used 36507222016B, and remaining 24338148010B is 0.600000000006574
2023-06-18 19:16:04,404 [main] DEBUG balancer.ContainerBalancerTask (ContainerBalancerTask.java:initializeIteration(398)) - Utilization for node cbebd0b5-ef73-44e7-b715-317ca461999f with capacity 77309411328B, used 38654705664B, and remaining 38654705664B is 0.5
2023-06-18 19:16:04,404 [main] DEBUG balancer.ContainerBalancerTask (ContainerBalancerTask.java:initializeIteration(398)) - Utilization for node 81f146c9-30f4-49b4-9849-732517a5c152 with capacity 136902082560B, used 54760833024B, and remaining 82141249536B is 0.4
2023-06-18 19:16:04,404 [main] DEBUG balancer.ContainerBalancerTask (ContainerBalancerTask.java:initializeIteration(398)) - Utilization for node e8b04c08-93ad-4b6c-960d-529125ea2b59 with capacity 114532461226B, used 34359738368B, and remaining 80172722858B is 0.3000000000017462
2023-06-18 19:16:04,404 [main] DEBUG balancer.ContainerBalancerTask (ContainerBalancerTask.java:initializeIteration(398)) - Utilization for node da14d8b9-c267-45c1-b6d1-d5ce70c927be with capacity 150323855360B, used 30064771072B, and remaining 120259084288B is 0.2
2023-06-18 19:16:04,404 [main] DEBUG balancer.ContainerBalancerTask (ContainerBalancerTask.java:initializeIteration(398)) - Utilization for node 4b5b3e4a-279e-4a78-9dfc-3e823239d50b with capacity 365072220160B, used 36507222016B, and remaining 328564998144B is 0.1
2023-06-18 19:16:04,405 [main] DEBUG balancer.ContainerBalancerTask (ContainerBalancerTask.java:initializeIteration(398)) - Utilization for node 46443b0c-81fa-4a6f-9d37-a7a3c6263282 with capacity 13958643712B, used 0B, and remaining 13958643712B is 0.0
2023-06-18 19:16:04,405 [main] INFO  balancer.ContainerBalancerTask (ContainerBalancerTask.java:initializeIteration(447)) - Container Balancer has identified 5 Over-Utilized and 3 Under-Utilized Datanodes that need to be balanced.
2023-06-18 19:16:04,405 [main] DEBUG balancer.ContainerBalancerTask (ContainerBalancerTask.java:lambda$initializeIteration$1(453)) - Datanode localhost-123.239.245.20 2cb4ee9e-c19c-404f-a3ed-3d6144041b50 is Over-Utilized.
2023-06-18 19:16:04,405 [main] DEBUG balancer.ContainerBalancerTask (ContainerBalancerTask.java:lambda$initializeIteration$1(453)) - Datanode localhost-138.41.221.160 f561b242-3335-48fc-9447-4b53fc7bc5f8 is Over-Utilized.
2023-06-18 19:16:04,405 [main] DEBUG balancer.ContainerBalancerTask (ContainerBalancerTask.java:lambda$initializeIteration$1(453)) - Datanode localhost-48.244.249.90 7859977f-1ea7-4bc0-b7d1-c26742d71d21 is Over-Utilized.
2023-06-18 19:16:04,405 [main] DEBUG balancer.ContainerBalancerTask (ContainerBalancerTask.java:lambda$initializeIteration$1(453)) - Datanode localhost-125.178.73.148 b8442ff8-62ef-46df-9b6d-d4389bc10a30 is Over-Utilized.
2023-06-18 19:16:04,405 [main] DEBUG balancer.ContainerBalancerTask (ContainerBalancerTask.java:lambda$initializeIteration$1(453)) - Datanode localhost-95.46.94.225 cbebd0b5-ef73-44e7-b715-317ca461999f is Over-Utilized.
2023-06-18 19:16:04,405 [main] DEBUG balancer.ContainerBalancerTask (ContainerBalancerTask.java:lambda$initializeIteration$2(459)) - Datanode localhost-93.64.31.108 46443b0c-81fa-4a6f-9d37-a7a3c6263282 is Under-Utilized.
2023-06-18 19:16:04,405 [main] DEBUG balancer.ContainerBalancerTask (ContainerBalancerTask.java:lambda$initializeIteration$2(459)) - Datanode localhost-241.76.246.187 4b5b3e4a-279e-4a78-9dfc-3e823239d50b is Under-Utilized.
2023-06-18 19:16:04,405 [main] DEBUG balancer.ContainerBalancerTask (ContainerBalancerTask.java:lambda$initializeIteration$2(459)) - Datanode localhost-252.133.82.90 da14d8b9-c267-45c1-b6d1-d5ce70c927be is Under-Utilized.
2023-06-18 19:16:04,409 [main] DEBUG balancer.ContainerBalancerTask (ContainerBalancerTask.java:matchSourceWithTarget(706)) - ContainerBalancer is finding suitable target for source datanode 2cb4ee9e-c19c-404f-a3ed-3d6144041b50
2023-06-18 19:16:04,409 [main] INFO  balancer.ContainerBalancerTask (ContainerBalancerTask.java:matchSourceWithTarget(720)) - ContainerBalancer matched source datanode 2cb4ee9e-c19c-404f-a3ed-3d6144041b50 with target datanode 46443b0c-81fa-4a6f-9d37-a7a3c6263282 for container move.
2023-06-18 19:16:04,409 [main] INFO  balancer.ContainerBalancerTask (ContainerBalancerTask.java:processMoveSelection(569)) - ContainerBalancer is trying to move container #85 with size 5368709120B from source datanode 2cb4ee9e-c19c-404f-a3ed-3d6144041b50 to target datanode 46443b0c-81fa-4a6f-9d37-a7a3c6263282
2023-06-18 19:16:04,409 [main] DEBUG balancer.ContainerBalancerTask (ContainerBalancerTask.java:lambda$moveContainer$3(834)) - Container move completed for container #85 from source 2cb4ee9e-c19c-404f-a3ed-3d6144041b50 to target 46443b0c-81fa-4a6f-9d37-a7a3c6263282
2023-06-18 19:16:04,413 [main] DEBUG balancer.ContainerBalancerTask (ContainerBalancerTask.java:matchSourceWithTarget(706)) - ContainerBalancer is finding suitable target for source datanode 2cb4ee9e-c19c-404f-a3ed-3d6144041b50
2023-06-18 19:16:04,413 [main] INFO  balancer.ContainerBalancerTask (ContainerBalancerTask.java:matchSourceWithTarget(720)) - ContainerBalancer matched source datanode 2cb4ee9e-c19c-404f-a3ed-3d6144041b50 with target datanode 4b5b3e4a-279e-4a78-9dfc-3e823239d50b for container move.
2023-06-18 19:16:04,413 [main] INFO  balancer.ContainerBalancerTask (ContainerBalancerTask.java:processMoveSelection(569)) - ContainerBalancer is trying to move container #53 with size 5368709120B from source datanode 2cb4ee9e-c19c-404f-a3ed-3d6144041b50 to target datanode 4b5b3e4a-279e-4a78-9dfc-3e823239d50b
2023-06-18 19:16:04,414 [main] DEBUG balancer.ContainerBalancerTask (ContainerBalancerTask.java:lambda$moveContainer$3(834)) - Container move completed for container #53 from source 2cb4ee9e-c19c-404f-a3ed-3d6144041b50 to target 4b5b3e4a-279e-4a78-9dfc-3e823239d50b
2023-06-18 19:16:04,416 [main] DEBUG balancer.ContainerBalancerTask (ContainerBalancerTask.java:matchSourceWithTarget(706)) - ContainerBalancer is finding suitable target for source datanode f561b242-3335-48fc-9447-4b53fc7bc5f8
2023-06-18 19:16:04,417 [main] INFO  balancer.ContainerBalancerTask (ContainerBalancerTask.java:matchSourceWithTarget(720)) - ContainerBalancer matched source datanode f561b242-3335-48fc-9447-4b53fc7bc5f8 with target datanode 4b5b3e4a-279e-4a78-9dfc-3e823239d50b for container move.
2023-06-18 19:16:04,417 [main] INFO  balancer.ContainerBalancerTask (ContainerBalancerTask.java:processMoveSelection(569)) - ContainerBalancer is trying to move container #67 with size 4294967296B from source datanode f561b242-3335-48fc-9447-4b53fc7bc5f8 to target datanode 4b5b3e4a-279e-4a78-9dfc-3e823239d50b
2023-06-18 19:16:04,417 [main] DEBUG balancer.ContainerBalancerTask (ContainerBalancerTask.java:lambda$moveContainer$3(834)) - Container move completed for container #67 from source f561b242-3335-48fc-9447-4b53fc7bc5f8 to target 4b5b3e4a-279e-4a78-9dfc-3e823239d50b
2023-06-18 19:16:04,421 [main] DEBUG balancer.ContainerBalancerTask (ContainerBalancerTask.java:matchSourceWithTarget(706)) - ContainerBalancer is finding suitable target for source datanode 2cb4ee9e-c19c-404f-a3ed-3d6144041b50
2023-06-18 19:16:04,421 [main] INFO  balancer.ContainerBalancerTask (ContainerBalancerTask.java:matchSourceWithTarget(720)) - ContainerBalancer matched source datanode 2cb4ee9e-c19c-404f-a3ed-3d6144041b50 with target datanode 4b5b3e4a-279e-4a78-9dfc-3e823239d50b for container move.
2023-06-18 19:16:04,421 [main] INFO  balancer.ContainerBalancerTask (ContainerBalancerTask.java:processMoveSelection(569)) - ContainerBalancer is trying to move container #40 with size 5368709120B from source datanode 2cb4ee9e-c19c-404f-a3ed-3d6144041b50 to target datanode 4b5b3e4a-279e-4a78-9dfc-3e823239d50b
2023-06-18 19:16:04,421 [main] DEBUG balancer.ContainerBalancerTask (ContainerBalancerTask.java:lambda$moveContainer$3(834)) - Container move completed for container #40 from source 2cb4ee9e-c19c-404f-a3ed-3d6144041b50 to target 4b5b3e4a-279e-4a78-9dfc-3e823239d50b
2023-06-18 19:16:04,424 [main] DEBUG balancer.ContainerBalancerTask (ContainerBalancerTask.java:matchSourceWithTarget(706)) - ContainerBalancer is finding suitable target for source datanode f561b242-3335-48fc-9447-4b53fc7bc5f8
2023-06-18 19:16:04,425 [main] INFO  balancer.ContainerBalancerTask (ContainerBalancerTask.java:matchSourceWithTarget(720)) - ContainerBalancer matched source datanode f561b242-3335-48fc-9447-4b53fc7bc5f8 with target datanode 4b5b3e4a-279e-4a78-9dfc-3e823239d50b for container move.
2023-06-18 19:16:04,425 [main] INFO  balancer.ContainerBalancerTask (ContainerBalancerTask.java:processMoveSelection(569)) - ContainerBalancer is trying to move container #28 with size 4294967296B from source datanode f561b242-3335-48fc-9447-4b53fc7bc5f8 to target datanode 4b5b3e4a-279e-4a78-9dfc-3e823239d50b
2023-06-18 19:16:04,425 [main] DEBUG balancer.ContainerBalancerTask (ContainerBalancerTask.java:lambda$moveContainer$3(834)) - Container move completed for container #28 from source f561b242-3335-48fc-9447-4b53fc7bc5f8 to target 4b5b3e4a-279e-4a78-9dfc-3e823239d50b
2023-06-18 19:16:04,427 [main] DEBUG balancer.ContainerBalancerTask (ContainerBalancerTask.java:matchSourceWithTarget(706)) - ContainerBalancer is finding suitable target for source datanode 7859977f-1ea7-4bc0-b7d1-c26742d71d21
2023-06-18 19:16:04,428 [main] INFO  balancer.ContainerBalancerTask (ContainerBalancerTask.java:matchSourceWithTarget(720)) - ContainerBalancer matched source datanode 7859977f-1ea7-4bc0-b7d1-c26742d71d21 with target datanode 4b5b3e4a-279e-4a78-9dfc-3e823239d50b for container move.
2023-06-18 19:16:04,428 [main] INFO  balancer.ContainerBalancerTask (ContainerBalancerTask.java:processMoveSelection(569)) - ContainerBalancer is trying to move container #29 with size 5368709120B from source datanode 7859977f-1ea7-4bc0-b7d1-c26742d71d21 to target datanode 4b5b3e4a-279e-4a78-9dfc-3e823239d50b
2023-06-18 19:16:04,428 [main] DEBUG balancer.ContainerBalancerTask (ContainerBalancerTask.java:lambda$moveContainer$3(834)) - Container move completed for container #29 from source 7859977f-1ea7-4bc0-b7d1-c26742d71d21 to target 4b5b3e4a-279e-4a78-9dfc-3e823239d50b
2023-06-18 19:16:04,432 [main] DEBUG balancer.ContainerBalancerTask (ContainerBalancerTask.java:matchSourceWithTarget(706)) - ContainerBalancer is finding suitable target for source datanode 2cb4ee9e-c19c-404f-a3ed-3d6144041b50
2023-06-18 19:16:04,432 [main] INFO  balancer.ContainerBalancerTask (ContainerBalancerTask.java:matchSourceWithTarget(720)) - ContainerBalancer matched source datanode 2cb4ee9e-c19c-404f-a3ed-3d6144041b50 with target datanode 4b5b3e4a-279e-4a78-9dfc-3e823239d50b for container move.
2023-06-18 19:16:04,432 [main] INFO  balancer.ContainerBalancerTask (ContainerBalancerTask.java:processMoveSelection(569)) - ContainerBalancer is trying to move container #89 with size 4294967296B from source datanode 2cb4ee9e-c19c-404f-a3ed-3d6144041b50 to target datanode 4b5b3e4a-279e-4a78-9dfc-3e823239d50b
2023-06-18 19:16:04,432 [main] DEBUG balancer.ContainerBalancerTask (ContainerBalancerTask.java:lambda$moveContainer$3(834)) - Container move completed for container #89 from source 2cb4ee9e-c19c-404f-a3ed-3d6144041b50 to target 4b5b3e4a-279e-4a78-9dfc-3e823239d50b
2023-06-18 19:16:04,436 [main] DEBUG balancer.ContainerBalancerTask (ContainerBalancerTask.java:matchSourceWithTarget(706)) - ContainerBalancer is finding suitable target for source datanode f561b242-3335-48fc-9447-4b53fc7bc5f8
2023-06-18 19:16:04,436 [main] INFO  balancer.ContainerBalancerTask (ContainerBalancerTask.java:matchSourceWithTarget(720)) - ContainerBalancer matched source datanode f561b242-3335-48fc-9447-4b53fc7bc5f8 with target datanode 4b5b3e4a-279e-4a78-9dfc-3e823239d50b for container move.
2023-06-18 19:16:04,436 [main] INFO  balancer.ContainerBalancerTask (ContainerBalancerTask.java:processMoveSelection(569)) - ContainerBalancer is trying to move container #71 with size 3221225472B from source datanode f561b242-3335-48fc-9447-4b53fc7bc5f8 to target datanode 4b5b3e4a-279e-4a78-9dfc-3e823239d50b
2023-06-18 19:16:04,436 [main] DEBUG balancer.ContainerBalancerTask (ContainerBalancerTask.java:lambda$moveContainer$3(834)) - Container move completed for container #71 from source f561b242-3335-48fc-9447-4b53fc7bc5f8 to target 4b5b3e4a-279e-4a78-9dfc-3e823239d50b
2023-06-18 19:16:04,440 [main] DEBUG balancer.ContainerBalancerTask (ContainerBalancerTask.java:matchSourceWithTarget(706)) - ContainerBalancer is finding suitable target for source datanode 2cb4ee9e-c19c-404f-a3ed-3d6144041b50
2023-06-18 19:16:04,440 [main] INFO  balancer.ContainerBalancerTask (ContainerBalancerTask.java:matchSourceWithTarget(720)) - ContainerBalancer matched source datanode 2cb4ee9e-c19c-404f-a3ed-3d6144041b50 with target datanode 4b5b3e4a-279e-4a78-9dfc-3e823239d50b for container move.
2023-06-18 19:16:04,440 [main] INFO  balancer.ContainerBalancerTask (ContainerBalancerTask.java:processMoveSelection(569)) - ContainerBalancer is trying to move container #84 with size 4294967296B from source datanode 2cb4ee9e-c19c-404f-a3ed-3d6144041b50 to target datanode 4b5b3e4a-279e-4a78-9dfc-3e823239d50b
2023-06-18 19:16:04,441 [main] DEBUG balancer.ContainerBalancerTask (ContainerBalancerTask.java:lambda$moveContainer$3(834)) - Container move completed for container #84 from source 2cb4ee9e-c19c-404f-a3ed-3d6144041b50 to target 4b5b3e4a-279e-4a78-9dfc-3e823239d50b
2023-06-18 19:16:04,444 [main] DEBUG balancer.ContainerBalancerTask (ContainerBalancerTask.java:matchSourceWithTarget(706)) - ContainerBalancer is finding suitable target for source datanode f561b242-3335-48fc-9447-4b53fc7bc5f8
2023-06-18 19:16:04,445 [main] INFO  balancer.ContainerBalancerTask (ContainerBalancerTask.java:matchSourceWithTarget(720)) - ContainerBalancer matched source datanode f561b242-3335-48fc-9447-4b53fc7bc5f8 with target datanode da14d8b9-c267-45c1-b6d1-d5ce70c927be for container move.
2023-06-18 19:16:04,445 [main] INFO  balancer.ContainerBalancerTask (ContainerBalancerTask.java:processMoveSelection(569)) - ContainerBalancer is trying to move container #68 with size 5368709120B from source datanode f561b242-3335-48fc-9447-4b53fc7bc5f8 to target datanode da14d8b9-c267-45c1-b6d1-d5ce70c927be
2023-06-18 19:16:04,445 [main] DEBUG balancer.ContainerBalancerTask (ContainerBalancerTask.java:lambda$moveContainer$3(834)) - Container move completed for container #68 from source f561b242-3335-48fc-9447-4b53fc7bc5f8 to target da14d8b9-c267-45c1-b6d1-d5ce70c927be
2023-06-18 19:16:04,448 [main] DEBUG balancer.ContainerBalancerTask (ContainerBalancerTask.java:matchSourceWithTarget(706)) - ContainerBalancer is finding suitable target for source datanode 7859977f-1ea7-4bc0-b7d1-c26742d71d21
2023-06-18 19:16:04,448 [main] INFO  balancer.ContainerBalancerTask (ContainerBalancerTask.java:matchSourceWithTarget(720)) - ContainerBalancer matched source datanode 7859977f-1ea7-4bc0-b7d1-c26742d71d21 with target datanode 4b5b3e4a-279e-4a78-9dfc-3e823239d50b for container move.
2023-06-18 19:16:04,448 [main] INFO  balancer.ContainerBalancerTask (ContainerBalancerTask.java:processMoveSelection(569)) - ContainerBalancer is trying to move container #52 with size 4294967296B from source datanode 7859977f-1ea7-4bc0-b7d1-c26742d71d21 to target datanode 4b5b3e4a-279e-4a78-9dfc-3e823239d50b
2023-06-18 19:16:04,448 [main] DEBUG balancer.ContainerBalancerTask (ContainerBalancerTask.java:lambda$moveContainer$3(834)) - Container move completed for container #52 from source 7859977f-1ea7-4bc0-b7d1-c26742d71d21 to target 4b5b3e4a-279e-4a78-9dfc-3e823239d50b
2023-06-18 19:16:04,451 [main] DEBUG balancer.ContainerBalancerTask (ContainerBalancerTask.java:matchSourceWithTarget(706)) - ContainerBalancer is finding suitable target for source datanode b8442ff8-62ef-46df-9b6d-d4389bc10a30
2023-06-18 19:16:04,452 [main] INFO  balancer.ContainerBalancerTask (ContainerBalancerTask.java:matchSourceWithTarget(720)) - ContainerBalancer matched source datanode b8442ff8-62ef-46df-9b6d-d4389bc10a30 with target datanode 4b5b3e4a-279e-4a78-9dfc-3e823239d50b for container move.
2023-06-18 19:16:04,452 [main] INFO  balancer.ContainerBalancerTask (ContainerBalancerTask.java:processMoveSelection(569)) - ContainerBalancer is trying to move container #37 with size 2147483648B from source datanode b8442ff8-62ef-46df-9b6d-d4389bc10a30 to target datanode 4b5b3e4a-279e-4a78-9dfc-3e823239d50b
2023-06-18 19:16:04,452 [main] DEBUG balancer.ContainerBalancerTask (ContainerBalancerTask.java:lambda$moveContainer$3(834)) - Container move completed for container #37 from source b8442ff8-62ef-46df-9b6d-d4389bc10a30 to target 4b5b3e4a-279e-4a78-9dfc-3e823239d50b
2023-06-18 19:16:04,452 [main] WARN  balancer.ContainerBalancerTask (ContainerBalancerTask.java:reachedMaxSizeToMovePerIteration(731)) - Reached max size to move limit. 53687091200 bytes have already been scheduled for balancing and the limit is 53687091200 bytes.
2023-06-18 19:16:04,452 [main] INFO  balancer.ContainerBalancerTask (ContainerBalancerTask.java:checkIterationMoveResults(640)) - Iteration Summary. Number of Datanodes involved: 7. Size moved: 50 GB (53687091200 Bytes). Number of Container moves completed: 12.
2023-06-18 19:16:04,452 [main] INFO  balancer.ContainerBalancerTask (ContainerBalancerTask.java:balance(259)) - Result of this iteration of Container Balancer: ITERATION_COMPLETED
2023-06-18 19:16:04,453 [main] INFO  balancer.ContainerBalancerTask (ContainerBalancerTask.java:tryStopWithSaveConfiguration(308)) - Save Configuration for stopping. Reason: Completed all iterations.
2023-06-18 19:16:04,454 [main] DEBUG balancer.ContainerBalancerTask (ContainerBalancerTask.java:initializeIteration(374)) - Average utilization of the cluster is 0.3528343298275165
2023-06-18 19:16:04,454 [main] DEBUG balancer.ContainerBalancerTask (ContainerBalancerTask.java:initializeIteration(386)) - Lower limit for utilization is -0.35818557833559705 and Upper limit for utilization is 1.06385423799063
2023-06-18 19:16:04,454 [main] DEBUG balancer.ContainerBalancerTask (ContainerBalancerTask.java:initializeIteration(398)) - Utilization for node 2cb4ee9e-c19c-404f-a3ed-3d6144041b50 with capacity 73968881208B, used 66571993088B, and remaining 7396888120B is 0.9000000000108154
2023-06-18 19:16:04,454 [main] DEBUG balancer.ContainerBalancerTask (ContainerBalancerTask.java:initializeIteration(398)) - Utilization for node f561b242-3335-48fc-9447-4b53fc7bc5f8 with capacity 67108864000B, used 53687091200B, and remaining 13421772800B is 0.8
2023-06-18 19:16:04,454 [main] DEBUG balancer.ContainerBalancerTask (ContainerBalancerTask.java:initializeIteration(398)) - Utilization for node 7859977f-1ea7-4bc0-b7d1-c26742d71d21 with capacity 65958426331B, used 46170898432B, and remaining 19787527899B is 0.7000000000045483
2023-06-18 19:16:04,454 [main] DEBUG balancer.ContainerBalancerTask (ContainerBalancerTask.java:initializeIteration(398)) - Utilization for node b8442ff8-62ef-46df-9b6d-d4389bc10a30 with capacity 60845370026B, used 36507222016B, and remaining 24338148010B is 0.600000000006574
2023-06-18 19:16:04,454 [main] DEBUG balancer.ContainerBalancerTask (ContainerBalancerTask.java:initializeIteration(398)) - Utilization for node cbebd0b5-ef73-44e7-b715-317ca461999f with capacity 77309411328B, used 38654705664B, and remaining 38654705664B is 0.5
2023-06-18 19:16:04,455 [main] DEBUG balancer.ContainerBalancerTask (ContainerBalancerTask.java:initializeIteration(398)) - Utilization for node 81f146c9-30f4-49b4-9849-732517a5c152 with capacity 136902082560B, used 54760833024B, and remaining 82141249536B is 0.4
2023-06-18 19:16:04,455 [main] DEBUG balancer.ContainerBalancerTask (ContainerBalancerTask.java:initializeIteration(398)) - Utilization for node e8b04c08-93ad-4b6c-960d-529125ea2b59 with capacity 114532461226B, used 34359738368B, and remaining 80172722858B is 0.3000000000017462
2023-06-18 19:16:04,455 [main] DEBUG balancer.ContainerBalancerTask (ContainerBalancerTask.java:initializeIteration(398)) - Utilization for node da14d8b9-c267-45c1-b6d1-d5ce70c927be with capacity 150323855360B, used 30064771072B, and remaining 120259084288B is 0.2
2023-06-18 19:16:04,455 [main] DEBUG balancer.ContainerBalancerTask (ContainerBalancerTask.java:initializeIteration(398)) - Utilization for node 4b5b3e4a-279e-4a78-9dfc-3e823239d50b with capacity 365072220160B, used 36507222016B, and remaining 328564998144B is 0.1
2023-06-18 19:16:04,455 [main] DEBUG balancer.ContainerBalancerTask (ContainerBalancerTask.java:initializeIteration(398)) - Utilization for node 46443b0c-81fa-4a6f-9d37-a7a3c6263282 with capacity 13958643712B, used 0B, and remaining 13958643712B is 0.0
2023-06-18 19:16:04,455 [main] INFO  balancer.ContainerBalancerTask (ContainerBalancerTask.java:initializeIteration(443)) - Did not find any unbalanced Datanodes.
2023-06-18 19:16:04,455 [main] INFO  balancer.ContainerBalancerTask (ContainerBalancerTask.java:tryStopWithSaveConfiguration(308)) - Save Configuration for stopping. Reason: Could not initialize ContainerBalancer's iteration number 0
2023-06-18 19:16:04,456 [main] DEBUG balancer.ContainerBalancerTask (ContainerBalancerTask.java:initializeIteration(374)) - Average utilization of the cluster is 0.3528343298275165
2023-06-18 19:16:04,456 [main] DEBUG balancer.ContainerBalancerTask (ContainerBalancerTask.java:initializeIteration(386)) - Lower limit for utilization is 0.35206018201973965 and Upper limit for utilization is 0.35360847763529335
2023-06-18 19:16:04,456 [main] DEBUG balancer.ContainerBalancerTask (ContainerBalancerTask.java:initializeIteration(398)) - Utilization for node 2cb4ee9e-c19c-404f-a3ed-3d6144041b50 with capacity 73968881208B, used 66571993088B, and remaining 7396888120B is 0.9000000000108154
2023-06-18 19:16:04,456 [main] DEBUG balancer.ContainerBalancerTask (ContainerBalancerTask.java:initializeIteration(398)) - Utilization for node f561b242-3335-48fc-9447-4b53fc7bc5f8 with capacity 67108864000B, used 53687091200B, and remaining 13421772800B is 0.8
2023-06-18 19:16:04,456 [main] DEBUG balancer.ContainerBalancerTask (ContainerBalancerTask.java:initializeIteration(398)) - Utilization for node 7859977f-1ea7-4bc0-b7d1-c26742d71d21 with capacity 65958426331B, used 46170898432B, and remaining 19787527899B is 0.7000000000045483
2023-06-18 19:16:04,457 [main] DEBUG balancer.ContainerBalancerTask (ContainerBalancerTask.java:initializeIteration(398)) - Utilization for node b8442ff8-62ef-46df-9b6d-d4389bc10a30 with capacity 60845370026B, used 36507222016B, and remaining 24338148010B is 0.600000000006574
2023-06-18 19:16:04,457 [main] DEBUG balancer.ContainerBalancerTask (ContainerBalancerTask.java:initializeIteration(398)) - Utilization for node cbebd0b5-ef73-44e7-b715-317ca461999f with capacity 77309411328B, used 38654705664B, and remaining 38654705664B is 0.5
2023-06-18 19:16:04,457 [main] DEBUG balancer.ContainerBalancerTask (ContainerBalancerTask.java:initializeIteration(398)) - Utilization for node 81f146c9-30f4-49b4-9849-732517a5c152 with capacity 136902082560B, used 54760833024B, and remaining 82141249536B is 0.4
2023-06-18 19:16:04,457 [main] DEBUG balancer.ContainerBalancerTask (ContainerBalancerTask.java:initializeIteration(398)) - Utilization for node e8b04c08-93ad-4b6c-960d-529125ea2b59 with capacity 114532461226B, used 34359738368B, and remaining 80172722858B is 0.3000000000017462
2023-06-18 19:16:04,457 [main] DEBUG balancer.ContainerBalancerTask (ContainerBalancerTask.java:initializeIteration(398)) - Utilization for node da14d8b9-c267-45c1-b6d1-d5ce70c927be with capacity 150323855360B, used 30064771072B, and remaining 120259084288B is 0.2
2023-06-18 19:16:04,457 [main] DEBUG balancer.ContainerBalancerTask (ContainerBalancerTask.java:initializeIteration(398)) - Utilization for node 4b5b3e4a-279e-4a78-9dfc-3e823239d50b with capacity 365072220160B, used 36507222016B, and remaining 328564998144B is 0.1
2023-06-18 19:16:04,457 [main] DEBUG balancer.ContainerBalancerTask (ContainerBalancerTask.java:initializeIteration(398)) - Utilization for node 46443b0c-81fa-4a6f-9d37-a7a3c6263282 with capacity 13958643712B, used 0B, and remaining 13958643712B is 0.0
2023-06-18 19:16:04,457 [main] INFO  balancer.ContainerBalancerTask (ContainerBalancerTask.java:initializeIteration(447)) - Container Balancer has identified 6 Over-Utilized and 4 Under-Utilized Datanodes that need to be balanced.
2023-06-18 19:16:04,457 [main] DEBUG balancer.ContainerBalancerTask (ContainerBalancerTask.java:lambda$initializeIteration$1(453)) - Datanode localhost-123.239.245.20 2cb4ee9e-c19c-404f-a3ed-3d6144041b50 is Over-Utilized.
2023-06-18 19:16:04,457 [main] DEBUG balancer.ContainerBalancerTask (ContainerBalancerTask.java:lambda$initializeIteration$1(453)) - Datanode localhost-138.41.221.160 f561b242-3335-48fc-9447-4b53fc7bc5f8 is Over-Utilized.
2023-06-18 19:16:04,458 [main] DEBUG balancer.ContainerBalancerTask (ContainerBalancerTask.java:lambda$initializeIteration$1(453)) - Datanode localhost-48.244.249.90 7859977f-1ea7-4bc0-b7d1-c26742d71d21 is Over-Utilized.
2023-06-18 19:16:04,458 [main] DEBUG balancer.ContainerBalancerTask (ContainerBalancerTask.java:lambda$initializeIteration$1(453)) - Datanode localhost-125.178.73.148 b8442ff8-62ef-46df-9b6d-d4389bc10a30 is Over-Utilized.
2023-06-18 19:16:04,458 [main] DEBUG balancer.ContainerBalancerTask (ContainerBalancerTask.java:lambda$initializeIteration$1(453)) - Datanode localhost-95.46.94.225 cbebd0b5-ef73-44e7-b715-317ca461999f is Over-Utilized.
2023-06-18 19:16:04,458 [main] DEBUG balancer.ContainerBalancerTask (ContainerBalancerTask.java:lambda$initializeIteration$1(453)) - Datanode localhost-144.244.79.68 81f146c9-30f4-49b4-9849-732517a5c152 is Over-Utilized.
2023-06-18 19:16:04,458 [main] DEBUG balancer.ContainerBalancerTask (ContainerBalancerTask.java:lambda$initializeIteration$2(459)) - Datanode localhost-93.64.31.108 46443b0c-81fa-4a6f-9d37-a7a3c6263282 is Under-Utilized.
2023-06-18 19:16:04,458 [main] DEBUG balancer.ContainerBalancerTask (ContainerBalancerTask.java:lambda$initializeIteration$2(459)) - Datanode localhost-241.76.246.187 4b5b3e4a-279e-4a78-9dfc-3e823239d50b is Under-Utilized.
2023-06-18 19:16:04,458 [main] DEBUG balancer.ContainerBalancerTask (ContainerBalancerTask.java:lambda$initializeIteration$2(459)) - Datanode localhost-252.133.82.90 da14d8b9-c267-45c1-b6d1-d5ce70c927be is Under-Utilized.
2023-06-18 19:16:04,458 [main] DEBUG balancer.ContainerBalancerTask (ContainerBalancerTask.java:lambda$initializeIteration$2(459)) - Datanode localhost-179.15.210.12 e8b04c08-93ad-4b6c-960d-529125ea2b59 is Under-Utilized.
2023-06-18 19:16:04,462 [main] DEBUG balancer.ContainerBalancerTask (ContainerBalancerTask.java:matchSourceWithTarget(706)) - ContainerBalancer is finding suitable target for source datanode 2cb4ee9e-c19c-404f-a3ed-3d6144041b50
2023-06-18 19:16:04,462 [main] INFO  balancer.ContainerBalancerTask (ContainerBalancerTask.java:matchSourceWithTarget(720)) - ContainerBalancer matched source datanode 2cb4ee9e-c19c-404f-a3ed-3d6144041b50 with target datanode 46443b0c-81fa-4a6f-9d37-a7a3c6263282 for container move.
2023-06-18 19:16:04,462 [main] INFO  balancer.ContainerBalancerTask (ContainerBalancerTask.java:processMoveSelection(569)) - ContainerBalancer is trying to move container #89 with size 4294967296B from source datanode 2cb4ee9e-c19c-404f-a3ed-3d6144041b50 to target datanode 46443b0c-81fa-4a6f-9d37-a7a3c6263282
2023-06-18 19:16:04,463 [main] DEBUG balancer.ContainerBalancerTask (ContainerBalancerTask.java:lambda$moveContainer$3(834)) - Container move completed for container #89 from source 2cb4ee9e-c19c-404f-a3ed-3d6144041b50 to target 46443b0c-81fa-4a6f-9d37-a7a3c6263282
2023-06-18 19:16:04,466 [main] DEBUG balancer.ContainerBalancerTask (ContainerBalancerTask.java:matchSourceWithTarget(706)) - ContainerBalancer is finding suitable target for source datanode 2cb4ee9e-c19c-404f-a3ed-3d6144041b50
2023-06-18 19:16:04,466 [main] INFO  balancer.ContainerBalancerTask (ContainerBalancerTask.java:matchSourceWithTarget(720)) - ContainerBalancer matched source datanode 2cb4ee9e-c19c-404f-a3ed-3d6144041b50 with target datanode 4b5b3e4a-279e-4a78-9dfc-3e823239d50b for container move.
2023-06-18 19:16:04,467 [main] INFO  balancer.ContainerBalancerTask (ContainerBalancerTask.java:processMoveSelection(569)) - ContainerBalancer is trying to move container #53 with size 5368709120B from source datanode 2cb4ee9e-c19c-404f-a3ed-3d6144041b50 to target datanode 4b5b3e4a-279e-4a78-9dfc-3e823239d50b
2023-06-18 19:16:04,467 [main] DEBUG balancer.ContainerBalancerTask (ContainerBalancerTask.java:lambda$moveContainer$3(834)) - Container move completed for container #53 from source 2cb4ee9e-c19c-404f-a3ed-3d6144041b50 to target 4b5b3e4a-279e-4a78-9dfc-3e823239d50b
2023-06-18 19:16:04,470 [main] DEBUG balancer.ContainerBalancerTask (ContainerBalancerTask.java:matchSourceWithTarget(706)) - ContainerBalancer is finding suitable target for source datanode f561b242-3335-48fc-9447-4b53fc7bc5f8
2023-06-18 19:16:04,470 [main] INFO  balancer.ContainerBalancerTask (ContainerBalancerTask.java:matchSourceWithTarget(720)) - ContainerBalancer matched source datanode f561b242-3335-48fc-9447-4b53fc7bc5f8 with target datanode 4b5b3e4a-279e-4a78-9dfc-3e823239d50b for container move.
2023-06-18 19:16:04,470 [main] INFO  balancer.ContainerBalancerTask (ContainerBalancerTask.java:processMoveSelection(569)) - ContainerBalancer is trying to move container #67 with size 4294967296B from source datanode f561b242-3335-48fc-9447-4b53fc7bc5f8 to target datanode 4b5b3e4a-279e-4a78-9dfc-3e823239d50b
2023-06-18 19:16:04,470 [main] DEBUG balancer.ContainerBalancerTask (ContainerBalancerTask.java:lambda$moveContainer$3(834)) - Container move completed for container #67 from source f561b242-3335-48fc-9447-4b53fc7bc5f8 to target 4b5b3e4a-279e-4a78-9dfc-3e823239d50b
2023-06-18 19:16:04,474 [main] DEBUG balancer.ContainerBalancerTask (ContainerBalancerTask.java:matchSourceWithTarget(706)) - ContainerBalancer is finding suitable target for source datanode 2cb4ee9e-c19c-404f-a3ed-3d6144041b50
2023-06-18 19:16:04,474 [main] INFO  balancer.ContainerBalancerTask (ContainerBalancerTask.java:matchSourceWithTarget(720)) - ContainerBalancer matched source datanode 2cb4ee9e-c19c-404f-a3ed-3d6144041b50 with target datanode 4b5b3e4a-279e-4a78-9dfc-3e823239d50b for container move.
2023-06-18 19:16:04,474 [main] INFO  balancer.ContainerBalancerTask (ContainerBalancerTask.java:processMoveSelection(569)) - ContainerBalancer is trying to move container #40 with size 5368709120B from source datanode 2cb4ee9e-c19c-404f-a3ed-3d6144041b50 to target datanode 4b5b3e4a-279e-4a78-9dfc-3e823239d50b
2023-06-18 19:16:04,474 [main] DEBUG balancer.ContainerBalancerTask (ContainerBalancerTask.java:lambda$moveContainer$3(834)) - Container move completed for container #40 from source 2cb4ee9e-c19c-404f-a3ed-3d6144041b50 to target 4b5b3e4a-279e-4a78-9dfc-3e823239d50b
2023-06-18 19:16:04,478 [main] DEBUG balancer.ContainerBalancerTask (ContainerBalancerTask.java:matchSourceWithTarget(706)) - ContainerBalancer is finding suitable target for source datanode f561b242-3335-48fc-9447-4b53fc7bc5f8
2023-06-18 19:16:04,478 [main] INFO  balancer.ContainerBalancerTask (ContainerBalancerTask.java:matchSourceWithTarget(720)) - ContainerBalancer matched source datanode f561b242-3335-48fc-9447-4b53fc7bc5f8 with target datanode 4b5b3e4a-279e-4a78-9dfc-3e823239d50b for container move.
2023-06-18 19:16:04,478 [main] INFO  balancer.ContainerBalancerTask (ContainerBalancerTask.java:processMoveSelection(569)) - ContainerBalancer is trying to move container #28 with size 4294967296B from source datanode f561b242-3335-48fc-9447-4b53fc7bc5f8 to target datanode 4b5b3e4a-279e-4a78-9dfc-3e823239d50b
2023-06-18 19:16:04,478 [main] DEBUG balancer.ContainerBalancerTask (ContainerBalancerTask.java:lambda$moveContainer$3(834)) - Container move completed for container #28 from source f561b242-3335-48fc-9447-4b53fc7bc5f8 to target 4b5b3e4a-279e-4a78-9dfc-3e823239d50b
2023-06-18 19:16:04,481 [main] DEBUG balancer.ContainerBalancerTask (ContainerBalancerTask.java:matchSourceWithTarget(706)) - ContainerBalancer is finding suitable target for source datanode 7859977f-1ea7-4bc0-b7d1-c26742d71d21
2023-06-18 19:16:04,481 [main] INFO  balancer.ContainerBalancerTask (ContainerBalancerTask.java:matchSourceWithTarget(720)) - ContainerBalancer matched source datanode 7859977f-1ea7-4bc0-b7d1-c26742d71d21 with target datanode 4b5b3e4a-279e-4a78-9dfc-3e823239d50b for container move.
2023-06-18 19:16:04,481 [main] INFO  balancer.ContainerBalancerTask (ContainerBalancerTask.java:processMoveSelection(569)) - ContainerBalancer is trying to move container #29 with size 5368709120B from source datanode 7859977f-1ea7-4bc0-b7d1-c26742d71d21 to target datanode 4b5b3e4a-279e-4a78-9dfc-3e823239d50b
2023-06-18 19:16:04,481 [main] DEBUG balancer.ContainerBalancerTask (ContainerBalancerTask.java:lambda$moveContainer$3(834)) - Container move completed for container #29 from source 7859977f-1ea7-4bc0-b7d1-c26742d71d21 to target 4b5b3e4a-279e-4a78-9dfc-3e823239d50b
2023-06-18 19:16:04,485 [main] DEBUG balancer.ContainerBalancerTask (ContainerBalancerTask.java:matchSourceWithTarget(706)) - ContainerBalancer is finding suitable target for source datanode 2cb4ee9e-c19c-404f-a3ed-3d6144041b50
2023-06-18 19:16:04,485 [main] INFO  balancer.ContainerBalancerTask (ContainerBalancerTask.java:matchSourceWithTarget(720)) - ContainerBalancer matched source datanode 2cb4ee9e-c19c-404f-a3ed-3d6144041b50 with target datanode 4b5b3e4a-279e-4a78-9dfc-3e823239d50b for container move.
2023-06-18 19:16:04,485 [main] INFO  balancer.ContainerBalancerTask (ContainerBalancerTask.java:processMoveSelection(569)) - ContainerBalancer is trying to move container #84 with size 4294967296B from source datanode 2cb4ee9e-c19c-404f-a3ed-3d6144041b50 to target datanode 4b5b3e4a-279e-4a78-9dfc-3e823239d50b
2023-06-18 19:16:04,486 [main] DEBUG balancer.ContainerBalancerTask (ContainerBalancerTask.java:lambda$moveContainer$3(834)) - Container move completed for container #84 from source 2cb4ee9e-c19c-404f-a3ed-3d6144041b50 to target 4b5b3e4a-279e-4a78-9dfc-3e823239d50b
2023-06-18 19:16:04,489 [main] DEBUG balancer.ContainerBalancerTask (ContainerBalancerTask.java:matchSourceWithTarget(706)) - ContainerBalancer is finding suitable target for source datanode f561b242-3335-48fc-9447-4b53fc7bc5f8
2023-06-18 19:16:04,489 [main] INFO  balancer.ContainerBalancerTask (ContainerBalancerTask.java:matchSourceWithTarget(720)) - ContainerBalancer matched source datanode f561b242-3335-48fc-9447-4b53fc7bc5f8 with target datanode 4b5b3e4a-279e-4a78-9dfc-3e823239d50b for container move.
2023-06-18 19:16:04,489 [main] INFO  balancer.ContainerBalancerTask (ContainerBalancerTask.java:processMoveSelection(569)) - ContainerBalancer is trying to move container #71 with size 3221225472B from source datanode f561b242-3335-48fc-9447-4b53fc7bc5f8 to target datanode 4b5b3e4a-279e-4a78-9dfc-3e823239d50b
2023-06-18 19:16:04,489 [main] DEBUG balancer.ContainerBalancerTask (ContainerBalancerTask.java:lambda$moveContainer$3(834)) - Container move completed for container #71 from source f561b242-3335-48fc-9447-4b53fc7bc5f8 to target 4b5b3e4a-279e-4a78-9dfc-3e823239d50b
2023-06-18 19:16:04,493 [main] DEBUG balancer.ContainerBalancerTask (ContainerBalancerTask.java:matchSourceWithTarget(706)) - ContainerBalancer is finding suitable target for source datanode 2cb4ee9e-c19c-404f-a3ed-3d6144041b50
2023-06-18 19:16:04,493 [main] INFO  balancer.ContainerBalancerTask (ContainerBalancerTask.java:matchSourceWithTarget(720)) - ContainerBalancer matched source datanode 2cb4ee9e-c19c-404f-a3ed-3d6144041b50 with target datanode 4b5b3e4a-279e-4a78-9dfc-3e823239d50b for container move.
2023-06-18 19:16:04,494 [main] INFO  balancer.ContainerBalancerTask (ContainerBalancerTask.java:processMoveSelection(569)) - ContainerBalancer is trying to move container #19 with size 4294967296B from source datanode 2cb4ee9e-c19c-404f-a3ed-3d6144041b50 to target datanode 4b5b3e4a-279e-4a78-9dfc-3e823239d50b
2023-06-18 19:16:04,494 [main] DEBUG balancer.ContainerBalancerTask (ContainerBalancerTask.java:lambda$moveContainer$3(834)) - Container move completed for container #19 from source 2cb4ee9e-c19c-404f-a3ed-3d6144041b50 to target 4b5b3e4a-279e-4a78-9dfc-3e823239d50b
2023-06-18 19:16:04,497 [main] DEBUG balancer.ContainerBalancerTask (ContainerBalancerTask.java:matchSourceWithTarget(706)) - ContainerBalancer is finding suitable target for source datanode f561b242-3335-48fc-9447-4b53fc7bc5f8
2023-06-18 19:16:04,497 [main] INFO  balancer.ContainerBalancerTask (ContainerBalancerTask.java:matchSourceWithTarget(720)) - ContainerBalancer matched source datanode f561b242-3335-48fc-9447-4b53fc7bc5f8 with target datanode da14d8b9-c267-45c1-b6d1-d5ce70c927be for container move.
2023-06-18 19:16:04,498 [main] INFO  balancer.ContainerBalancerTask (ContainerBalancerTask.java:processMoveSelection(569)) - ContainerBalancer is trying to move container #68 with size 5368709120B from source datanode f561b242-3335-48fc-9447-4b53fc7bc5f8 to target datanode da14d8b9-c267-45c1-b6d1-d5ce70c927be
2023-06-18 19:16:04,498 [main] DEBUG balancer.ContainerBalancerTask (ContainerBalancerTask.java:lambda$moveContainer$3(834)) - Container move completed for container #68 from source f561b242-3335-48fc-9447-4b53fc7bc5f8 to target da14d8b9-c267-45c1-b6d1-d5ce70c927be
2023-06-18 19:16:04,500 [main] DEBUG balancer.ContainerBalancerTask (ContainerBalancerTask.java:matchSourceWithTarget(706)) - ContainerBalancer is finding suitable target for source datanode 7859977f-1ea7-4bc0-b7d1-c26742d71d21
2023-06-18 19:16:04,501 [main] INFO  balancer.ContainerBalancerTask (ContainerBalancerTask.java:matchSourceWithTarget(720)) - ContainerBalancer matched source datanode 7859977f-1ea7-4bc0-b7d1-c26742d71d21 with target datanode 4b5b3e4a-279e-4a78-9dfc-3e823239d50b for container move.
2023-06-18 19:16:04,501 [main] INFO  balancer.ContainerBalancerTask (ContainerBalancerTask.java:processMoveSelection(569)) - ContainerBalancer is trying to move container #52 with size 4294967296B from source datanode 7859977f-1ea7-4bc0-b7d1-c26742d71d21 to target datanode 4b5b3e4a-279e-4a78-9dfc-3e823239d50b
2023-06-18 19:16:04,501 [main] DEBUG balancer.ContainerBalancerTask (ContainerBalancerTask.java:lambda$moveContainer$3(834)) - Container move completed for container #52 from source 7859977f-1ea7-4bc0-b7d1-c26742d71d21 to target 4b5b3e4a-279e-4a78-9dfc-3e823239d50b
2023-06-18 19:16:04,504 [main] DEBUG balancer.ContainerBalancerTask (ContainerBalancerTask.java:matchSourceWithTarget(706)) - ContainerBalancer is finding suitable target for source datanode b8442ff8-62ef-46df-9b6d-d4389bc10a30
2023-06-18 19:16:04,504 [main] INFO  balancer.ContainerBalancerTask (ContainerBalancerTask.java:matchSourceWithTarget(720)) - ContainerBalancer matched source datanode b8442ff8-62ef-46df-9b6d-d4389bc10a30 with target datanode 4b5b3e4a-279e-4a78-9dfc-3e823239d50b for container move.
2023-06-18 19:16:04,505 [main] INFO  balancer.ContainerBalancerTask (ContainerBalancerTask.java:processMoveSelection(569)) - ContainerBalancer is trying to move container #66 with size 3221225472B from source datanode b8442ff8-62ef-46df-9b6d-d4389bc10a30 to target datanode 4b5b3e4a-279e-4a78-9dfc-3e823239d50b
2023-06-18 19:16:04,505 [main] DEBUG balancer.ContainerBalancerTask (ContainerBalancerTask.java:lambda$moveContainer$3(834)) - Container move completed for container #66 from source b8442ff8-62ef-46df-9b6d-d4389bc10a30 to target 4b5b3e4a-279e-4a78-9dfc-3e823239d50b
2023-06-18 19:16:04,505 [main] WARN  balancer.ContainerBalancerTask (ContainerBalancerTask.java:reachedMaxSizeToMovePerIteration(731)) - Reached max size to move limit. 53687091200 bytes have already been scheduled for balancing and the limit is 53687091200 bytes.
2023-06-18 19:16:04,505 [main] INFO  balancer.ContainerBalancerTask (ContainerBalancerTask.java:checkIterationMoveResults(640)) - Iteration Summary. Number of Datanodes involved: 7. Size moved: 50 GB (53687091200 Bytes). Number of Container moves completed: 12.
2023-06-18 19:16:04,505 [main] INFO  balancer.ContainerBalancerTask (ContainerBalancerTask.java:balance(259)) - Result of this iteration of Container Balancer: ITERATION_COMPLETED
2023-06-18 19:16:04,505 [main] INFO  balancer.ContainerBalancerTask (ContainerBalancerTask.java:tryStopWithSaveConfiguration(308)) - Save Configuration for stopping. Reason: Completed all iterations.
2023-06-18 19:16:04,506 [main] DEBUG balancer.ContainerBalancerTask (ContainerBalancerTask.java:initializeIteration(374)) - Average utilization of the cluster is 0.3528343298275165
2023-06-18 19:16:04,506 [main] DEBUG balancer.ContainerBalancerTask (ContainerBalancerTask.java:initializeIteration(386)) - Lower limit for utilization is -0.4555766218896561 and Upper limit for utilization is 1.161245281544689
2023-06-18 19:16:04,506 [main] DEBUG balancer.ContainerBalancerTask (ContainerBalancerTask.java:initializeIteration(398)) - Utilization for node 2cb4ee9e-c19c-404f-a3ed-3d6144041b50 with capacity 73968881208B, used 66571993088B, and remaining 7396888120B is 0.9000000000108154
2023-06-18 19:16:04,506 [main] DEBUG balancer.ContainerBalancerTask (ContainerBalancerTask.java:initializeIteration(398)) - Utilization for node f561b242-3335-48fc-9447-4b53fc7bc5f8 with capacity 67108864000B, used 53687091200B, and remaining 13421772800B is 0.8
2023-06-18 19:16:04,507 [main] DEBUG balancer.ContainerBalancerTask (ContainerBalancerTask.java:initializeIteration(398)) - Utilization for node 7859977f-1ea7-4bc0-b7d1-c26742d71d21 with capacity 65958426331B, used 46170898432B, and remaining 19787527899B is 0.7000000000045483
2023-06-18 19:16:04,507 [main] DEBUG balancer.ContainerBalancerTask (ContainerBalancerTask.java:initializeIteration(398)) - Utilization for node b8442ff8-62ef-46df-9b6d-d4389bc10a30 with capacity 60845370026B, used 36507222016B, and remaining 24338148010B is 0.600000000006574
2023-06-18 19:16:04,507 [main] DEBUG balancer.ContainerBalancerTask (ContainerBalancerTask.java:initializeIteration(398)) - Utilization for node cbebd0b5-ef73-44e7-b715-317ca461999f with capacity 77309411328B, used 38654705664B, and remaining 38654705664B is 0.5
2023-06-18 19:16:04,507 [main] DEBUG balancer.ContainerBalancerTask (ContainerBalancerTask.java:initializeIteration(398)) - Utilization for node 81f146c9-30f4-49b4-9849-732517a5c152 with capacity 136902082560B, used 54760833024B, and remaining 82141249536B is 0.4
2023-06-18 19:16:04,507 [main] DEBUG balancer.ContainerBalancerTask (ContainerBalancerTask.java:initializeIteration(398)) - Utilization for node e8b04c08-93ad-4b6c-960d-529125ea2b59 with capacity 114532461226B, used 34359738368B, and remaining 80172722858B is 0.3000000000017462
2023-06-18 19:16:04,507 [main] DEBUG balancer.ContainerBalancerTask (ContainerBalancerTask.java:initializeIteration(398)) - Utilization for node da14d8b9-c267-45c1-b6d1-d5ce70c927be with capacity 150323855360B, used 30064771072B, and remaining 120259084288B is 0.2
2023-06-18 19:16:04,507 [main] DEBUG balancer.ContainerBalancerTask (ContainerBalancerTask.java:initializeIteration(398)) - Utilization for node 4b5b3e4a-279e-4a78-9dfc-3e823239d50b with capacity 365072220160B, used 36507222016B, and remaining 328564998144B is 0.1
2023-06-18 19:16:04,507 [main] DEBUG balancer.ContainerBalancerTask (ContainerBalancerTask.java:initializeIteration(398)) - Utilization for node 46443b0c-81fa-4a6f-9d37-a7a3c6263282 with capacity 13958643712B, used 0B, and remaining 13958643712B is 0.0
2023-06-18 19:16:04,507 [main] INFO  balancer.ContainerBalancerTask (ContainerBalancerTask.java:initializeIteration(443)) - Did not find any unbalanced Datanodes.
2023-06-18 19:16:04,507 [main] INFO  balancer.ContainerBalancerTask (ContainerBalancerTask.java:tryStopWithSaveConfiguration(308)) - Save Configuration for stopping. Reason: Could not initialize ContainerBalancer's iteration number 0
2023-06-18 19:16:04,508 [main] DEBUG balancer.ContainerBalancerTask (ContainerBalancerTask.java:initializeIteration(374)) - Average utilization of the cluster is 0.3528343298275165
2023-06-18 19:16:04,508 [main] DEBUG balancer.ContainerBalancerTask (ContainerBalancerTask.java:initializeIteration(386)) - Lower limit for utilization is -0.042139450255895716 and Upper limit for utilization is 0.7478081099109287
2023-06-18 19:16:04,508 [main] DEBUG balancer.ContainerBalancerTask (ContainerBalancerTask.java:initializeIteration(398)) - Utilization for node 2cb4ee9e-c19c-404f-a3ed-3d6144041b50 with capacity 73968881208B, used 66571993088B, and remaining 7396888120B is 0.9000000000108154
2023-06-18 19:16:04,508 [main] DEBUG balancer.ContainerBalancerTask (ContainerBalancerTask.java:initializeIteration(398)) - Utilization for node f561b242-3335-48fc-9447-4b53fc7bc5f8 with capacity 67108864000B, used 53687091200B, and remaining 13421772800B is 0.8
2023-06-18 19:16:04,509 [main] DEBUG balancer.ContainerBalancerTask (ContainerBalancerTask.java:initializeIteration(398)) - Utilization for node 7859977f-1ea7-4bc0-b7d1-c26742d71d21 with capacity 65958426331B, used 46170898432B, and remaining 19787527899B is 0.7000000000045483
2023-06-18 19:16:04,509 [main] DEBUG balancer.ContainerBalancerTask (ContainerBalancerTask.java:initializeIteration(398)) - Utilization for node b8442ff8-62ef-46df-9b6d-d4389bc10a30 with capacity 60845370026B, used 36507222016B, and remaining 24338148010B is 0.600000000006574
2023-06-18 19:16:04,509 [main] DEBUG balancer.ContainerBalancerTask (ContainerBalancerTask.java:initializeIteration(398)) - Utilization for node cbebd0b5-ef73-44e7-b715-317ca461999f with capacity 77309411328B, used 38654705664B, and remaining 38654705664B is 0.5
2023-06-18 19:16:04,509 [main] DEBUG balancer.ContainerBalancerTask (ContainerBalancerTask.java:initializeIteration(398)) - Utilization for node 81f146c9-30f4-49b4-9849-732517a5c152 with capacity 136902082560B, used 54760833024B, and remaining 82141249536B is 0.4
2023-06-18 19:16:04,509 [main] DEBUG balancer.ContainerBalancerTask (ContainerBalancerTask.java:initializeIteration(398)) - Utilization for node e8b04c08-93ad-4b6c-960d-529125ea2b59 with capacity 114532461226B, used 34359738368B, and remaining 80172722858B is 0.3000000000017462
2023-06-18 19:16:04,509 [main] DEBUG balancer.ContainerBalancerTask (ContainerBalancerTask.java:initializeIteration(398)) - Utilization for node da14d8b9-c267-45c1-b6d1-d5ce70c927be with capacity 150323855360B, used 30064771072B, and remaining 120259084288B is 0.2
2023-06-18 19:16:04,509 [main] DEBUG balancer.ContainerBalancerTask (ContainerBalancerTask.java:initializeIteration(398)) - Utilization for node 4b5b3e4a-279e-4a78-9dfc-3e823239d50b with capacity 365072220160B, used 36507222016B, and remaining 328564998144B is 0.1
2023-06-18 19:16:04,509 [main] DEBUG balancer.ContainerBalancerTask (ContainerBalancerTask.java:initializeIteration(398)) - Utilization for node 46443b0c-81fa-4a6f-9d37-a7a3c6263282 with capacity 13958643712B, used 0B, and remaining 13958643712B is 0.0
2023-06-18 19:16:04,509 [main] INFO  balancer.ContainerBalancerTask (ContainerBalancerTask.java:initializeIteration(447)) - Container Balancer has identified 2 Over-Utilized and 0 Under-Utilized Datanodes that need to be balanced.
2023-06-18 19:16:04,509 [main] DEBUG balancer.ContainerBalancerTask (ContainerBalancerTask.java:lambda$initializeIteration$1(453)) - Datanode localhost-123.239.245.20 2cb4ee9e-c19c-404f-a3ed-3d6144041b50 is Over-Utilized.
2023-06-18 19:16:04,510 [main] DEBUG balancer.ContainerBalancerTask (ContainerBalancerTask.java:lambda$initializeIteration$1(453)) - Datanode localhost-138.41.221.160 f561b242-3335-48fc-9447-4b53fc7bc5f8 is Over-Utilized.
2023-06-18 19:16:04,513 [main] DEBUG balancer.ContainerBalancerTask (ContainerBalancerTask.java:matchSourceWithTarget(706)) - ContainerBalancer is finding suitable target for source datanode 2cb4ee9e-c19c-404f-a3ed-3d6144041b50
2023-06-18 19:16:04,513 [main] INFO  balancer.FindTargetGreedyByUsageInfo (AbstractFindTargetGreedy.java:findTargetForContainerMove(133)) - Container Balancer could not find a target for source datanode 2cb4ee9e-c19c-404f-a3ed-3d6144041b50
2023-06-18 19:16:04,513 [main] DEBUG balancer.ContainerBalancerTask (ContainerBalancerTask.java:matchSourceWithTarget(715)) - ContainerBalancer could not find a suitable target for source node 2cb4ee9e-c19c-404f-a3ed-3d6144041b50.
2023-06-18 19:16:04,516 [main] DEBUG balancer.ContainerBalancerTask (ContainerBalancerTask.java:matchSourceWithTarget(706)) - ContainerBalancer is finding suitable target for source datanode f561b242-3335-48fc-9447-4b53fc7bc5f8
2023-06-18 19:16:04,516 [main] INFO  balancer.FindTargetGreedyByUsageInfo (AbstractFindTargetGreedy.java:findTargetForContainerMove(133)) - Container Balancer could not find a target for source datanode f561b242-3335-48fc-9447-4b53fc7bc5f8
2023-06-18 19:16:04,517 [main] DEBUG balancer.ContainerBalancerTask (ContainerBalancerTask.java:matchSourceWithTarget(715)) - ContainerBalancer could not find a suitable target for source node f561b242-3335-48fc-9447-4b53fc7bc5f8.
2023-06-18 19:16:04,517 [main] INFO  balancer.FindSourceGreedy (FindSourceGreedy.java:getNextCandidateSourceDataNode(126)) - no more candidate source data node
2023-06-18 19:16:04,517 [main] INFO  balancer.ContainerBalancerTask (ContainerBalancerTask.java:balance(259)) - Result of this iteration of Container Balancer: CAN_NOT_BALANCE_ANY_MORE
2023-06-18 19:16:04,517 [main] INFO  balancer.ContainerBalancerTask (ContainerBalancerTask.java:tryStopWithSaveConfiguration(308)) - Save Configuration for stopping. Reason: CAN_NOT_BALANCE_ANY_MORE
2023-06-18 19:16:04,517 [main] DEBUG balancer.ContainerBalancerTask (ContainerBalancerTask.java:initializeIteration(374)) - Average utilization of the cluster is 0.3528343298275165
2023-06-18 19:16:04,518 [main] DEBUG balancer.ContainerBalancerTask (ContainerBalancerTask.java:initializeIteration(386)) - Lower limit for utilization is -0.3729583394338135 and Upper limit for utilization is 1.0786269990888466
2023-06-18 19:16:04,518 [main] DEBUG balancer.ContainerBalancerTask (ContainerBalancerTask.java:initializeIteration(398)) - Utilization for node 2cb4ee9e-c19c-404f-a3ed-3d6144041b50 with capacity 73968881208B, used 66571993088B, and remaining 7396888120B is 0.9000000000108154
2023-06-18 19:16:04,518 [main] DEBUG balancer.ContainerBalancerTask (ContainerBalancerTask.java:initializeIteration(398)) - Utilization for node f561b242-3335-48fc-9447-4b53fc7bc5f8 with capacity 67108864000B, used 53687091200B, and remaining 13421772800B is 0.8
2023-06-18 19:16:04,518 [main] DEBUG balancer.ContainerBalancerTask (ContainerBalancerTask.java:initializeIteration(398)) - Utilization for node 7859977f-1ea7-4bc0-b7d1-c26742d71d21 with capacity 65958426331B, used 46170898432B, and remaining 19787527899B is 0.7000000000045483
2023-06-18 19:16:04,518 [main] DEBUG balancer.ContainerBalancerTask (ContainerBalancerTask.java:initializeIteration(398)) - Utilization for node b8442ff8-62ef-46df-9b6d-d4389bc10a30 with capacity 60845370026B, used 36507222016B, and remaining 24338148010B is 0.600000000006574
2023-06-18 19:16:04,518 [main] DEBUG balancer.ContainerBalancerTask (ContainerBalancerTask.java:initializeIteration(398)) - Utilization for node cbebd0b5-ef73-44e7-b715-317ca461999f with capacity 77309411328B, used 38654705664B, and remaining 38654705664B is 0.5
2023-06-18 19:16:04,518 [main] DEBUG balancer.ContainerBalancerTask (ContainerBalancerTask.java:initializeIteration(398)) - Utilization for node 81f146c9-30f4-49b4-9849-732517a5c152 with capacity 136902082560B, used 54760833024B, and remaining 82141249536B is 0.4
2023-06-18 19:16:04,518 [main] DEBUG balancer.ContainerBalancerTask (ContainerBalancerTask.java:initializeIteration(398)) - Utilization for node e8b04c08-93ad-4b6c-960d-529125ea2b59 with capacity 114532461226B, used 34359738368B, and remaining 80172722858B is 0.3000000000017462
2023-06-18 19:16:04,518 [main] DEBUG balancer.ContainerBalancerTask (ContainerBalancerTask.java:initializeIteration(398)) - Utilization for node da14d8b9-c267-45c1-b6d1-d5ce70c927be with capacity 150323855360B, used 30064771072B, and remaining 120259084288B is 0.2
2023-06-18 19:16:04,519 [main] DEBUG balancer.ContainerBalancerTask (ContainerBalancerTask.java:initializeIteration(398)) - Utilization for node 4b5b3e4a-279e-4a78-9dfc-3e823239d50b with capacity 365072220160B, used 36507222016B, and remaining 328564998144B is 0.1
2023-06-18 19:16:04,519 [main] DEBUG balancer.ContainerBalancerTask (ContainerBalancerTask.java:initializeIteration(398)) - Utilization for node 46443b0c-81fa-4a6f-9d37-a7a3c6263282 with capacity 13958643712B, used 0B, and remaining 13958643712B is 0.0
2023-06-18 19:16:04,519 [main] INFO  balancer.ContainerBalancerTask (ContainerBalancerTask.java:initializeIteration(443)) - Did not find any unbalanced Datanodes.
2023-06-18 19:16:04,519 [main] INFO  balancer.ContainerBalancerTask (ContainerBalancerTask.java:tryStopWithSaveConfiguration(308)) - Save Configuration for stopping. Reason: Could not initialize ContainerBalancer's iteration number 0
2023-06-18 19:16:04,519 [main] DEBUG balancer.ContainerBalancerTask (ContainerBalancerTask.java:initializeIteration(374)) - Average utilization of the cluster is 0.3528343298275165
2023-06-18 19:16:04,520 [main] DEBUG balancer.ContainerBalancerTask (ContainerBalancerTask.java:initializeIteration(386)) - Lower limit for utilization is -0.0797192134026336 and Upper limit for utilization is 0.7853878730576667
2023-06-18 19:16:04,520 [main] DEBUG balancer.ContainerBalancerTask (ContainerBalancerTask.java:initializeIteration(398)) - Utilization for node 2cb4ee9e-c19c-404f-a3ed-3d6144041b50 with capacity 73968881208B, used 66571993088B, and remaining 7396888120B is 0.9000000000108154
2023-06-18 19:16:04,520 [main] DEBUG balancer.ContainerBalancerTask (ContainerBalancerTask.java:initializeIteration(398)) - Utilization for node f561b242-3335-48fc-9447-4b53fc7bc5f8 with capacity 67108864000B, used 53687091200B, and remaining 13421772800B is 0.8
2023-06-18 19:16:04,520 [main] DEBUG balancer.ContainerBalancerTask (ContainerBalancerTask.java:initializeIteration(398)) - Utilization for node 7859977f-1ea7-4bc0-b7d1-c26742d71d21 with capacity 65958426331B, used 46170898432B, and remaining 19787527899B is 0.7000000000045483
2023-06-18 19:16:04,520 [main] DEBUG balancer.ContainerBalancerTask (ContainerBalancerTask.java:initializeIteration(398)) - Utilization for node b8442ff8-62ef-46df-9b6d-d4389bc10a30 with capacity 60845370026B, used 36507222016B, and remaining 24338148010B is 0.600000000006574
2023-06-18 19:16:04,520 [main] DEBUG balancer.ContainerBalancerTask (ContainerBalancerTask.java:initializeIteration(398)) - Utilization for node cbebd0b5-ef73-44e7-b715-317ca461999f with capacity 77309411328B, used 38654705664B, and remaining 38654705664B is 0.5
2023-06-18 19:16:04,520 [main] DEBUG balancer.ContainerBalancerTask (ContainerBalancerTask.java:initializeIteration(398)) - Utilization for node 81f146c9-30f4-49b4-9849-732517a5c152 with capacity 136902082560B, used 54760833024B, and remaining 82141249536B is 0.4
2023-06-18 19:16:04,520 [main] DEBUG balancer.ContainerBalancerTask (ContainerBalancerTask.java:initializeIteration(398)) - Utilization for node e8b04c08-93ad-4b6c-960d-529125ea2b59 with capacity 114532461226B, used 34359738368B, and remaining 80172722858B is 0.3000000000017462
2023-06-18 19:16:04,520 [main] DEBUG balancer.ContainerBalancerTask (ContainerBalancerTask.java:initializeIteration(398)) - Utilization for node da14d8b9-c267-45c1-b6d1-d5ce70c927be with capacity 150323855360B, used 30064771072B, and remaining 120259084288B is 0.2
2023-06-18 19:16:04,521 [main] DEBUG balancer.ContainerBalancerTask (ContainerBalancerTask.java:initializeIteration(398)) - Utilization for node 4b5b3e4a-279e-4a78-9dfc-3e823239d50b with capacity 365072220160B, used 36507222016B, and remaining 328564998144B is 0.1
2023-06-18 19:16:04,521 [main] DEBUG balancer.ContainerBalancerTask (ContainerBalancerTask.java:initializeIteration(398)) - Utilization for node 46443b0c-81fa-4a6f-9d37-a7a3c6263282 with capacity 13958643712B, used 0B, and remaining 13958643712B is 0.0
2023-06-18 19:16:04,521 [main] INFO  balancer.ContainerBalancerTask (ContainerBalancerTask.java:initializeIteration(447)) - Container Balancer has identified 2 Over-Utilized and 0 Under-Utilized Datanodes that need to be balanced.
2023-06-18 19:16:04,521 [main] DEBUG balancer.ContainerBalancerTask (ContainerBalancerTask.java:lambda$initializeIteration$1(453)) - Datanode localhost-123.239.245.20 2cb4ee9e-c19c-404f-a3ed-3d6144041b50 is Over-Utilized.
2023-06-18 19:16:04,521 [main] DEBUG balancer.ContainerBalancerTask (ContainerBalancerTask.java:lambda$initializeIteration$1(453)) - Datanode localhost-138.41.221.160 f561b242-3335-48fc-9447-4b53fc7bc5f8 is Over-Utilized.
2023-06-18 19:16:04,525 [main] DEBUG balancer.ContainerBalancerTask (ContainerBalancerTask.java:matchSourceWithTarget(706)) - ContainerBalancer is finding suitable target for source datanode 2cb4ee9e-c19c-404f-a3ed-3d6144041b50
2023-06-18 19:16:04,525 [main] INFO  balancer.FindTargetGreedyByUsageInfo (AbstractFindTargetGreedy.java:findTargetForContainerMove(133)) - Container Balancer could not find a target for source datanode 2cb4ee9e-c19c-404f-a3ed-3d6144041b50
2023-06-18 19:16:04,525 [main] DEBUG balancer.ContainerBalancerTask (ContainerBalancerTask.java:matchSourceWithTarget(715)) - ContainerBalancer could not find a suitable target for source node 2cb4ee9e-c19c-404f-a3ed-3d6144041b50.
2023-06-18 19:16:04,528 [main] DEBUG balancer.ContainerBalancerTask (ContainerBalancerTask.java:matchSourceWithTarget(706)) - ContainerBalancer is finding suitable target for source datanode f561b242-3335-48fc-9447-4b53fc7bc5f8
2023-06-18 19:16:04,528 [main] INFO  balancer.FindTargetGreedyByUsageInfo (AbstractFindTargetGreedy.java:findTargetForContainerMove(133)) - Container Balancer could not find a target for source datanode f561b242-3335-48fc-9447-4b53fc7bc5f8
2023-06-18 19:16:04,528 [main] DEBUG balancer.ContainerBalancerTask (ContainerBalancerTask.java:matchSourceWithTarget(715)) - ContainerBalancer could not find a suitable target for source node f561b242-3335-48fc-9447-4b53fc7bc5f8.
2023-06-18 19:16:04,528 [main] INFO  balancer.FindSourceGreedy (FindSourceGreedy.java:getNextCandidateSourceDataNode(126)) - no more candidate source data node
2023-06-18 19:16:04,528 [main] INFO  balancer.ContainerBalancerTask (ContainerBalancerTask.java:balance(259)) - Result of this iteration of Container Balancer: CAN_NOT_BALANCE_ANY_MORE
2023-06-18 19:16:04,528 [main] INFO  balancer.ContainerBalancerTask (ContainerBalancerTask.java:tryStopWithSaveConfiguration(308)) - Save Configuration for stopping. Reason: CAN_NOT_BALANCE_ANY_MORE
2023-06-18 19:16:04,529 [main] DEBUG balancer.ContainerBalancerTask (ContainerBalancerTask.java:initializeIteration(374)) - Average utilization of the cluster is 0.3528343298275165
2023-06-18 19:16:04,529 [main] DEBUG balancer.ContainerBalancerTask (ContainerBalancerTask.java:initializeIteration(386)) - Lower limit for utilization is -0.1294038576284272 and Upper limit for utilization is 0.8350725172834602
2023-06-18 19:16:04,529 [main] DEBUG balancer.ContainerBalancerTask (ContainerBalancerTask.java:initializeIteration(398)) - Utilization for node 2cb4ee9e-c19c-404f-a3ed-3d6144041b50 with capacity 73968881208B, used 66571993088B, and remaining 7396888120B is 0.9000000000108154
2023-06-18 19:16:04,529 [main] DEBUG balancer.ContainerBalancerTask (ContainerBalancerTask.java:initializeIteration(398)) - Utilization for node f561b242-3335-48fc-9447-4b53fc7bc5f8 with capacity 67108864000B, used 53687091200B, and remaining 13421772800B is 0.8
2023-06-18 19:16:04,529 [main] DEBUG balancer.ContainerBalancerTask (ContainerBalancerTask.java:initializeIteration(398)) - Utilization for node 7859977f-1ea7-4bc0-b7d1-c26742d71d21 with capacity 65958426331B, used 46170898432B, and remaining 19787527899B is 0.7000000000045483
2023-06-18 19:16:04,529 [main] DEBUG balancer.ContainerBalancerTask (ContainerBalancerTask.java:initializeIteration(398)) - Utilization for node b8442ff8-62ef-46df-9b6d-d4389bc10a30 with capacity 60845370026B, used 36507222016B, and remaining 24338148010B is 0.600000000006574
2023-06-18 19:16:04,530 [main] DEBUG balancer.ContainerBalancerTask (ContainerBalancerTask.java:initializeIteration(398)) - Utilization for node cbebd0b5-ef73-44e7-b715-317ca461999f with capacity 77309411328B, used 38654705664B, and remaining 38654705664B is 0.5
2023-06-18 19:16:04,530 [main] DEBUG balancer.ContainerBalancerTask (ContainerBalancerTask.java:initializeIteration(398)) - Utilization for node 81f146c9-30f4-49b4-9849-732517a5c152 with capacity 136902082560B, used 54760833024B, and remaining 82141249536B is 0.4
2023-06-18 19:16:04,530 [main] DEBUG balancer.ContainerBalancerTask (ContainerBalancerTask.java:initializeIteration(398)) - Utilization for node e8b04c08-93ad-4b6c-960d-529125ea2b59 with capacity 114532461226B, used 34359738368B, and remaining 80172722858B is 0.3000000000017462
2023-06-18 19:16:04,530 [main] DEBUG balancer.ContainerBalancerTask (ContainerBalancerTask.java:initializeIteration(398)) - Utilization for node da14d8b9-c267-45c1-b6d1-d5ce70c927be with capacity 150323855360B, used 30064771072B, and remaining 120259084288B is 0.2
2023-06-18 19:16:04,530 [main] DEBUG balancer.ContainerBalancerTask (ContainerBalancerTask.java:initializeIteration(398)) - Utilization for node 4b5b3e4a-279e-4a78-9dfc-3e823239d50b with capacity 365072220160B, used 36507222016B, and remaining 328564998144B is 0.1
2023-06-18 19:16:04,530 [main] DEBUG balancer.ContainerBalancerTask (ContainerBalancerTask.java:initializeIteration(398)) - Utilization for node 46443b0c-81fa-4a6f-9d37-a7a3c6263282 with capacity 13958643712B, used 0B, and remaining 13958643712B is 0.0
2023-06-18 19:16:04,530 [main] INFO  balancer.ContainerBalancerTask (ContainerBalancerTask.java:initializeIteration(447)) - Container Balancer has identified 1 Over-Utilized and 0 Under-Utilized Datanodes that need to be balanced.
2023-06-18 19:16:04,530 [main] DEBUG balancer.ContainerBalancerTask (ContainerBalancerTask.java:lambda$initializeIteration$1(453)) - Datanode localhost-123.239.245.20 2cb4ee9e-c19c-404f-a3ed-3d6144041b50 is Over-Utilized.
2023-06-18 19:16:04,534 [main] DEBUG balancer.ContainerBalancerTask (ContainerBalancerTask.java:matchSourceWithTarget(706)) - ContainerBalancer is finding suitable target for source datanode 2cb4ee9e-c19c-404f-a3ed-3d6144041b50
2023-06-18 19:16:04,534 [main] INFO  balancer.FindTargetGreedyByUsageInfo (AbstractFindTargetGreedy.java:findTargetForContainerMove(133)) - Container Balancer could not find a target for source datanode 2cb4ee9e-c19c-404f-a3ed-3d6144041b50
2023-06-18 19:16:04,534 [main] DEBUG balancer.ContainerBalancerTask (ContainerBalancerTask.java:matchSourceWithTarget(715)) - ContainerBalancer could not find a suitable target for source node 2cb4ee9e-c19c-404f-a3ed-3d6144041b50.
2023-06-18 19:16:04,534 [main] INFO  balancer.FindSourceGreedy (FindSourceGreedy.java:getNextCandidateSourceDataNode(126)) - no more candidate source data node
2023-06-18 19:16:04,534 [main] INFO  balancer.ContainerBalancerTask (ContainerBalancerTask.java:balance(259)) - Result of this iteration of Container Balancer: CAN_NOT_BALANCE_ANY_MORE
2023-06-18 19:16:04,535 [main] INFO  balancer.ContainerBalancerTask (ContainerBalancerTask.java:tryStopWithSaveConfiguration(308)) - Save Configuration for stopping. Reason: CAN_NOT_BALANCE_ANY_MORE
2023-06-18 19:16:04,535 [main] DEBUG balancer.ContainerBalancerTask (ContainerBalancerTask.java:initializeIteration(374)) - Average utilization of the cluster is 0.3528343298275165
2023-06-18 19:16:04,535 [main] DEBUG balancer.ContainerBalancerTask (ContainerBalancerTask.java:initializeIteration(386)) - Lower limit for utilization is -0.5048413496767553 and Upper limit for utilization is 1.2105100093317884
2023-06-18 19:16:04,535 [main] DEBUG balancer.ContainerBalancerTask (ContainerBalancerTask.java:initializeIteration(398)) - Utilization for node 2cb4ee9e-c19c-404f-a3ed-3d6144041b50 with capacity 73968881208B, used 66571993088B, and remaining 7396888120B is 0.9000000000108154
2023-06-18 19:16:04,536 [main] DEBUG balancer.ContainerBalancerTask (ContainerBalancerTask.java:initializeIteration(398)) - Utilization for node f561b242-3335-48fc-9447-4b53fc7bc5f8 with capacity 67108864000B, used 53687091200B, and remaining 13421772800B is 0.8
2023-06-18 19:16:04,536 [main] DEBUG balancer.ContainerBalancerTask (ContainerBalancerTask.java:initializeIteration(398)) - Utilization for node 7859977f-1ea7-4bc0-b7d1-c26742d71d21 with capacity 65958426331B, used 46170898432B, and remaining 19787527899B is 0.7000000000045483
2023-06-18 19:16:04,536 [main] DEBUG balancer.ContainerBalancerTask (ContainerBalancerTask.java:initializeIteration(398)) - Utilization for node b8442ff8-62ef-46df-9b6d-d4389bc10a30 with capacity 60845370026B, used 36507222016B, and remaining 24338148010B is 0.600000000006574
2023-06-18 19:16:04,536 [main] DEBUG balancer.ContainerBalancerTask (ContainerBalancerTask.java:initializeIteration(398)) - Utilization for node cbebd0b5-ef73-44e7-b715-317ca461999f with capacity 77309411328B, used 38654705664B, and remaining 38654705664B is 0.5
2023-06-18 19:16:04,536 [main] DEBUG balancer.ContainerBalancerTask (ContainerBalancerTask.java:initializeIteration(398)) - Utilization for node 81f146c9-30f4-49b4-9849-732517a5c152 with capacity 136902082560B, used 54760833024B, and remaining 82141249536B is 0.4
2023-06-18 19:16:04,536 [main] DEBUG balancer.ContainerBalancerTask (ContainerBalancerTask.java:initializeIteration(398)) - Utilization for node e8b04c08-93ad-4b6c-960d-529125ea2b59 with capacity 114532461226B, used 34359738368B, and remaining 80172722858B is 0.3000000000017462
2023-06-18 19:16:04,536 [main] DEBUG balancer.ContainerBalancerTask (ContainerBalancerTask.java:initializeIteration(398)) - Utilization for node da14d8b9-c267-45c1-b6d1-d5ce70c927be with capacity 150323855360B, used 30064771072B, and remaining 120259084288B is 0.2
2023-06-18 19:16:04,536 [main] DEBUG balancer.ContainerBalancerTask (ContainerBalancerTask.java:initializeIteration(398)) - Utilization for node 4b5b3e4a-279e-4a78-9dfc-3e823239d50b with capacity 365072220160B, used 36507222016B, and remaining 328564998144B is 0.1
2023-06-18 19:16:04,536 [main] DEBUG balancer.ContainerBalancerTask (ContainerBalancerTask.java:initializeIteration(398)) - Utilization for node 46443b0c-81fa-4a6f-9d37-a7a3c6263282 with capacity 13958643712B, used 0B, and remaining 13958643712B is 0.0
2023-06-18 19:16:04,536 [main] INFO  balancer.ContainerBalancerTask (ContainerBalancerTask.java:initializeIteration(443)) - Did not find any unbalanced Datanodes.
2023-06-18 19:16:04,537 [main] INFO  balancer.ContainerBalancerTask (ContainerBalancerTask.java:tryStopWithSaveConfiguration(308)) - Save Configuration for stopping. Reason: Could not initialize ContainerBalancer's iteration number 0
2023-06-18 19:16:04,537 [main] DEBUG balancer.ContainerBalancerTask (ContainerBalancerTask.java:initializeIteration(374)) - Average utilization of the cluster is 0.3528343298275165
2023-06-18 19:16:04,537 [main] DEBUG balancer.ContainerBalancerTask (ContainerBalancerTask.java:initializeIteration(386)) - Lower limit for utilization is 0.20944606314675274 and Upper limit for utilization is 0.49622259650828027
2023-06-18 19:16:04,537 [main] DEBUG balancer.ContainerBalancerTask (ContainerBalancerTask.java:initializeIteration(398)) - Utilization for node 2cb4ee9e-c19c-404f-a3ed-3d6144041b50 with capacity 73968881208B, used 66571993088B, and remaining 7396888120B is 0.9000000000108154
2023-06-18 19:16:04,538 [main] DEBUG balancer.ContainerBalancerTask (ContainerBalancerTask.java:initializeIteration(398)) - Utilization for node f561b242-3335-48fc-9447-4b53fc7bc5f8 with capacity 67108864000B, used 53687091200B, and remaining 13421772800B is 0.8
2023-06-18 19:16:04,538 [main] DEBUG balancer.ContainerBalancerTask (ContainerBalancerTask.java:initializeIteration(398)) - Utilization for node 7859977f-1ea7-4bc0-b7d1-c26742d71d21 with capacity 65958426331B, used 46170898432B, and remaining 19787527899B is 0.7000000000045483
2023-06-18 19:16:04,538 [main] DEBUG balancer.ContainerBalancerTask (ContainerBalancerTask.java:initializeIteration(398)) - Utilization for node b8442ff8-62ef-46df-9b6d-d4389bc10a30 with capacity 60845370026B, used 36507222016B, and remaining 24338148010B is 0.600000000006574
2023-06-18 19:16:04,538 [main] DEBUG balancer.ContainerBalancerTask (ContainerBalancerTask.java:initializeIteration(398)) - Utilization for node cbebd0b5-ef73-44e7-b715-317ca461999f with capacity 77309411328B, used 38654705664B, and remaining 38654705664B is 0.5
2023-06-18 19:16:04,538 [main] DEBUG balancer.ContainerBalancerTask (ContainerBalancerTask.java:initializeIteration(398)) - Utilization for node 81f146c9-30f4-49b4-9849-732517a5c152 with capacity 136902082560B, used 54760833024B, and remaining 82141249536B is 0.4
2023-06-18 19:16:04,538 [main] DEBUG balancer.ContainerBalancerTask (ContainerBalancerTask.java:initializeIteration(398)) - Utilization for node e8b04c08-93ad-4b6c-960d-529125ea2b59 with capacity 114532461226B, used 34359738368B, and remaining 80172722858B is 0.3000000000017462
2023-06-18 19:16:04,538 [main] DEBUG balancer.ContainerBalancerTask (ContainerBalancerTask.java:initializeIteration(398)) - Utilization for node da14d8b9-c267-45c1-b6d1-d5ce70c927be with capacity 150323855360B, used 30064771072B, and remaining 120259084288B is 0.2
2023-06-18 19:16:04,538 [main] DEBUG balancer.ContainerBalancerTask (ContainerBalancerTask.java:initializeIteration(398)) - Utilization for node 4b5b3e4a-279e-4a78-9dfc-3e823239d50b with capacity 365072220160B, used 36507222016B, and remaining 328564998144B is 0.1
2023-06-18 19:16:04,538 [main] DEBUG balancer.ContainerBalancerTask (ContainerBalancerTask.java:initializeIteration(398)) - Utilization for node 46443b0c-81fa-4a6f-9d37-a7a3c6263282 with capacity 13958643712B, used 0B, and remaining 13958643712B is 0.0
2023-06-18 19:16:04,538 [main] INFO  balancer.ContainerBalancerTask (ContainerBalancerTask.java:initializeIteration(447)) - Container Balancer has identified 5 Over-Utilized and 3 Under-Utilized Datanodes that need to be balanced.
2023-06-18 19:16:04,539 [main] DEBUG balancer.ContainerBalancerTask (ContainerBalancerTask.java:lambda$initializeIteration$1(453)) - Datanode localhost-123.239.245.20 2cb4ee9e-c19c-404f-a3ed-3d6144041b50 is Over-Utilized.
2023-06-18 19:16:04,539 [main] DEBUG balancer.ContainerBalancerTask (ContainerBalancerTask.java:lambda$initializeIteration$1(453)) - Datanode localhost-138.41.221.160 f561b242-3335-48fc-9447-4b53fc7bc5f8 is Over-Utilized.
2023-06-18 19:16:04,539 [main] DEBUG balancer.ContainerBalancerTask (ContainerBalancerTask.java:lambda$initializeIteration$1(453)) - Datanode localhost-48.244.249.90 7859977f-1ea7-4bc0-b7d1-c26742d71d21 is Over-Utilized.
2023-06-18 19:16:04,539 [main] DEBUG balancer.ContainerBalancerTask (ContainerBalancerTask.java:lambda$initializeIteration$1(453)) - Datanode localhost-125.178.73.148 b8442ff8-62ef-46df-9b6d-d4389bc10a30 is Over-Utilized.
2023-06-18 19:16:04,539 [main] DEBUG balancer.ContainerBalancerTask (ContainerBalancerTask.java:lambda$initializeIteration$1(453)) - Datanode localhost-95.46.94.225 cbebd0b5-ef73-44e7-b715-317ca461999f is Over-Utilized.
2023-06-18 19:16:04,539 [main] DEBUG balancer.ContainerBalancerTask (ContainerBalancerTask.java:lambda$initializeIteration$2(459)) - Datanode localhost-93.64.31.108 46443b0c-81fa-4a6f-9d37-a7a3c6263282 is Under-Utilized.
2023-06-18 19:16:04,539 [main] DEBUG balancer.ContainerBalancerTask (ContainerBalancerTask.java:lambda$initializeIteration$2(459)) - Datanode localhost-241.76.246.187 4b5b3e4a-279e-4a78-9dfc-3e823239d50b is Under-Utilized.
2023-06-18 19:16:04,539 [main] DEBUG balancer.ContainerBalancerTask (ContainerBalancerTask.java:lambda$initializeIteration$2(459)) - Datanode localhost-252.133.82.90 da14d8b9-c267-45c1-b6d1-d5ce70c927be is Under-Utilized.
2023-06-18 19:16:04,543 [main] DEBUG balancer.ContainerBalancerTask (ContainerBalancerTask.java:matchSourceWithTarget(706)) - ContainerBalancer is finding suitable target for source datanode 2cb4ee9e-c19c-404f-a3ed-3d6144041b50
2023-06-18 19:16:04,543 [main] INFO  balancer.ContainerBalancerTask (ContainerBalancerTask.java:matchSourceWithTarget(720)) - ContainerBalancer matched source datanode 2cb4ee9e-c19c-404f-a3ed-3d6144041b50 with target datanode 46443b0c-81fa-4a6f-9d37-a7a3c6263282 for container move.
2023-06-18 19:16:04,543 [main] INFO  balancer.ContainerBalancerTask (ContainerBalancerTask.java:processMoveSelection(569)) - ContainerBalancer is trying to move container #85 with size 5368709120B from source datanode 2cb4ee9e-c19c-404f-a3ed-3d6144041b50 to target datanode 46443b0c-81fa-4a6f-9d37-a7a3c6263282
2023-06-18 19:16:04,543 [main] DEBUG balancer.ContainerBalancerTask (ContainerBalancerTask.java:lambda$moveContainer$3(834)) - Container move completed for container #85 from source 2cb4ee9e-c19c-404f-a3ed-3d6144041b50 to target 46443b0c-81fa-4a6f-9d37-a7a3c6263282
2023-06-18 19:16:04,547 [main] DEBUG balancer.ContainerBalancerTask (ContainerBalancerTask.java:matchSourceWithTarget(706)) - ContainerBalancer is finding suitable target for source datanode 2cb4ee9e-c19c-404f-a3ed-3d6144041b50
2023-06-18 19:16:04,547 [main] INFO  balancer.ContainerBalancerTask (ContainerBalancerTask.java:matchSourceWithTarget(720)) - ContainerBalancer matched source datanode 2cb4ee9e-c19c-404f-a3ed-3d6144041b50 with target datanode 4b5b3e4a-279e-4a78-9dfc-3e823239d50b for container move.
2023-06-18 19:16:04,547 [main] INFO  balancer.ContainerBalancerTask (ContainerBalancerTask.java:processMoveSelection(569)) - ContainerBalancer is trying to move container #53 with size 5368709120B from source datanode 2cb4ee9e-c19c-404f-a3ed-3d6144041b50 to target datanode 4b5b3e4a-279e-4a78-9dfc-3e823239d50b
2023-06-18 19:16:04,547 [main] DEBUG balancer.ContainerBalancerTask (ContainerBalancerTask.java:lambda$moveContainer$3(834)) - Container move completed for container #53 from source 2cb4ee9e-c19c-404f-a3ed-3d6144041b50 to target 4b5b3e4a-279e-4a78-9dfc-3e823239d50b
2023-06-18 19:16:04,550 [main] DEBUG balancer.ContainerBalancerTask (ContainerBalancerTask.java:matchSourceWithTarget(706)) - ContainerBalancer is finding suitable target for source datanode f561b242-3335-48fc-9447-4b53fc7bc5f8
2023-06-18 19:16:04,551 [main] INFO  balancer.ContainerBalancerTask (ContainerBalancerTask.java:matchSourceWithTarget(720)) - ContainerBalancer matched source datanode f561b242-3335-48fc-9447-4b53fc7bc5f8 with target datanode 4b5b3e4a-279e-4a78-9dfc-3e823239d50b for container move.
2023-06-18 19:16:04,551 [main] INFO  balancer.ContainerBalancerTask (ContainerBalancerTask.java:processMoveSelection(569)) - ContainerBalancer is trying to move container #67 with size 4294967296B from source datanode f561b242-3335-48fc-9447-4b53fc7bc5f8 to target datanode 4b5b3e4a-279e-4a78-9dfc-3e823239d50b
2023-06-18 19:16:04,551 [main] DEBUG balancer.ContainerBalancerTask (ContainerBalancerTask.java:lambda$moveContainer$3(834)) - Container move completed for container #67 from source f561b242-3335-48fc-9447-4b53fc7bc5f8 to target 4b5b3e4a-279e-4a78-9dfc-3e823239d50b
2023-06-18 19:16:04,554 [main] DEBUG balancer.ContainerBalancerTask (ContainerBalancerTask.java:matchSourceWithTarget(706)) - ContainerBalancer is finding suitable target for source datanode 2cb4ee9e-c19c-404f-a3ed-3d6144041b50
2023-06-18 19:16:04,555 [main] INFO  balancer.ContainerBalancerTask (ContainerBalancerTask.java:matchSourceWithTarget(720)) - ContainerBalancer matched source datanode 2cb4ee9e-c19c-404f-a3ed-3d6144041b50 with target datanode 4b5b3e4a-279e-4a78-9dfc-3e823239d50b for container move.
2023-06-18 19:16:04,555 [main] INFO  balancer.ContainerBalancerTask (ContainerBalancerTask.java:processMoveSelection(569)) - ContainerBalancer is trying to move container #40 with size 5368709120B from source datanode 2cb4ee9e-c19c-404f-a3ed-3d6144041b50 to target datanode 4b5b3e4a-279e-4a78-9dfc-3e823239d50b
2023-06-18 19:16:04,555 [main] DEBUG balancer.ContainerBalancerTask (ContainerBalancerTask.java:lambda$moveContainer$3(834)) - Container move completed for container #40 from source 2cb4ee9e-c19c-404f-a3ed-3d6144041b50 to target 4b5b3e4a-279e-4a78-9dfc-3e823239d50b
2023-06-18 19:16:04,558 [main] DEBUG balancer.ContainerBalancerTask (ContainerBalancerTask.java:matchSourceWithTarget(706)) - ContainerBalancer is finding suitable target for source datanode f561b242-3335-48fc-9447-4b53fc7bc5f8
2023-06-18 19:16:04,558 [main] INFO  balancer.ContainerBalancerTask (ContainerBalancerTask.java:matchSourceWithTarget(720)) - ContainerBalancer matched source datanode f561b242-3335-48fc-9447-4b53fc7bc5f8 with target datanode 4b5b3e4a-279e-4a78-9dfc-3e823239d50b for container move.
2023-06-18 19:16:04,558 [main] INFO  balancer.ContainerBalancerTask (ContainerBalancerTask.java:processMoveSelection(569)) - ContainerBalancer is trying to move container #28 with size 4294967296B from source datanode f561b242-3335-48fc-9447-4b53fc7bc5f8 to target datanode 4b5b3e4a-279e-4a78-9dfc-3e823239d50b
2023-06-18 19:16:04,559 [main] DEBUG balancer.ContainerBalancerTask (ContainerBalancerTask.java:lambda$moveContainer$3(834)) - Container move completed for container #28 from source f561b242-3335-48fc-9447-4b53fc7bc5f8 to target 4b5b3e4a-279e-4a78-9dfc-3e823239d50b
2023-06-18 19:16:04,561 [main] DEBUG balancer.ContainerBalancerTask (ContainerBalancerTask.java:matchSourceWithTarget(706)) - ContainerBalancer is finding suitable target for source datanode 7859977f-1ea7-4bc0-b7d1-c26742d71d21
2023-06-18 19:16:04,561 [main] INFO  balancer.ContainerBalancerTask (ContainerBalancerTask.java:matchSourceWithTarget(720)) - ContainerBalancer matched source datanode 7859977f-1ea7-4bc0-b7d1-c26742d71d21 with target datanode 4b5b3e4a-279e-4a78-9dfc-3e823239d50b for container move.
2023-06-18 19:16:04,561 [main] INFO  balancer.ContainerBalancerTask (ContainerBalancerTask.java:processMoveSelection(569)) - ContainerBalancer is trying to move container #29 with size 5368709120B from source datanode 7859977f-1ea7-4bc0-b7d1-c26742d71d21 to target datanode 4b5b3e4a-279e-4a78-9dfc-3e823239d50b
2023-06-18 19:16:04,561 [main] DEBUG balancer.ContainerBalancerTask (ContainerBalancerTask.java:lambda$moveContainer$3(834)) - Container move completed for container #29 from source 7859977f-1ea7-4bc0-b7d1-c26742d71d21 to target 4b5b3e4a-279e-4a78-9dfc-3e823239d50b
2023-06-18 19:16:04,565 [main] DEBUG balancer.ContainerBalancerTask (ContainerBalancerTask.java:matchSourceWithTarget(706)) - ContainerBalancer is finding suitable target for source datanode 2cb4ee9e-c19c-404f-a3ed-3d6144041b50
2023-06-18 19:16:04,565 [main] INFO  balancer.ContainerBalancerTask (ContainerBalancerTask.java:matchSourceWithTarget(720)) - ContainerBalancer matched source datanode 2cb4ee9e-c19c-404f-a3ed-3d6144041b50 with target datanode 4b5b3e4a-279e-4a78-9dfc-3e823239d50b for container move.
2023-06-18 19:16:04,565 [main] INFO  balancer.ContainerBalancerTask (ContainerBalancerTask.java:processMoveSelection(569)) - ContainerBalancer is trying to move container #89 with size 4294967296B from source datanode 2cb4ee9e-c19c-404f-a3ed-3d6144041b50 to target datanode 4b5b3e4a-279e-4a78-9dfc-3e823239d50b
2023-06-18 19:16:04,566 [main] DEBUG balancer.ContainerBalancerTask (ContainerBalancerTask.java:lambda$moveContainer$3(834)) - Container move completed for container #89 from source 2cb4ee9e-c19c-404f-a3ed-3d6144041b50 to target 4b5b3e4a-279e-4a78-9dfc-3e823239d50b
2023-06-18 19:16:04,569 [main] DEBUG balancer.ContainerBalancerTask (ContainerBalancerTask.java:matchSourceWithTarget(706)) - ContainerBalancer is finding suitable target for source datanode f561b242-3335-48fc-9447-4b53fc7bc5f8
2023-06-18 19:16:04,569 [main] INFO  balancer.ContainerBalancerTask (ContainerBalancerTask.java:matchSourceWithTarget(720)) - ContainerBalancer matched source datanode f561b242-3335-48fc-9447-4b53fc7bc5f8 with target datanode 4b5b3e4a-279e-4a78-9dfc-3e823239d50b for container move.
2023-06-18 19:16:04,569 [main] INFO  balancer.ContainerBalancerTask (ContainerBalancerTask.java:processMoveSelection(569)) - ContainerBalancer is trying to move container #71 with size 3221225472B from source datanode f561b242-3335-48fc-9447-4b53fc7bc5f8 to target datanode 4b5b3e4a-279e-4a78-9dfc-3e823239d50b
2023-06-18 19:16:04,570 [main] DEBUG balancer.ContainerBalancerTask (ContainerBalancerTask.java:lambda$moveContainer$3(834)) - Container move completed for container #71 from source f561b242-3335-48fc-9447-4b53fc7bc5f8 to target 4b5b3e4a-279e-4a78-9dfc-3e823239d50b
2023-06-18 19:16:04,573 [main] DEBUG balancer.ContainerBalancerTask (ContainerBalancerTask.java:matchSourceWithTarget(706)) - ContainerBalancer is finding suitable target for source datanode 2cb4ee9e-c19c-404f-a3ed-3d6144041b50
2023-06-18 19:16:04,574 [main] INFO  balancer.ContainerBalancerTask (ContainerBalancerTask.java:matchSourceWithTarget(720)) - ContainerBalancer matched source datanode 2cb4ee9e-c19c-404f-a3ed-3d6144041b50 with target datanode 4b5b3e4a-279e-4a78-9dfc-3e823239d50b for container move.
2023-06-18 19:16:04,574 [main] INFO  balancer.ContainerBalancerTask (ContainerBalancerTask.java:processMoveSelection(569)) - ContainerBalancer is trying to move container #84 with size 4294967296B from source datanode 2cb4ee9e-c19c-404f-a3ed-3d6144041b50 to target datanode 4b5b3e4a-279e-4a78-9dfc-3e823239d50b
2023-06-18 19:16:04,574 [main] DEBUG balancer.ContainerBalancerTask (ContainerBalancerTask.java:lambda$moveContainer$3(834)) - Container move completed for container #84 from source 2cb4ee9e-c19c-404f-a3ed-3d6144041b50 to target 4b5b3e4a-279e-4a78-9dfc-3e823239d50b
2023-06-18 19:16:04,577 [main] DEBUG balancer.ContainerBalancerTask (ContainerBalancerTask.java:matchSourceWithTarget(706)) - ContainerBalancer is finding suitable target for source datanode f561b242-3335-48fc-9447-4b53fc7bc5f8
2023-06-18 19:16:04,578 [main] INFO  balancer.ContainerBalancerTask (ContainerBalancerTask.java:matchSourceWithTarget(720)) - ContainerBalancer matched source datanode f561b242-3335-48fc-9447-4b53fc7bc5f8 with target datanode da14d8b9-c267-45c1-b6d1-d5ce70c927be for container move.
2023-06-18 19:16:04,578 [main] INFO  balancer.ContainerBalancerTask (ContainerBalancerTask.java:processMoveSelection(569)) - ContainerBalancer is trying to move container #68 with size 5368709120B from source datanode f561b242-3335-48fc-9447-4b53fc7bc5f8 to target datanode da14d8b9-c267-45c1-b6d1-d5ce70c927be
2023-06-18 19:16:04,578 [main] DEBUG balancer.ContainerBalancerTask (ContainerBalancerTask.java:lambda$moveContainer$3(834)) - Container move completed for container #68 from source f561b242-3335-48fc-9447-4b53fc7bc5f8 to target da14d8b9-c267-45c1-b6d1-d5ce70c927be
2023-06-18 19:16:04,580 [main] DEBUG balancer.ContainerBalancerTask (ContainerBalancerTask.java:matchSourceWithTarget(706)) - ContainerBalancer is finding suitable target for source datanode 7859977f-1ea7-4bc0-b7d1-c26742d71d21
2023-06-18 19:16:04,581 [main] INFO  balancer.ContainerBalancerTask (ContainerBalancerTask.java:matchSourceWithTarget(720)) - ContainerBalancer matched source datanode 7859977f-1ea7-4bc0-b7d1-c26742d71d21 with target datanode 4b5b3e4a-279e-4a78-9dfc-3e823239d50b for container move.
2023-06-18 19:16:04,581 [main] INFO  balancer.ContainerBalancerTask (ContainerBalancerTask.java:processMoveSelection(569)) - ContainerBalancer is trying to move container #52 with size 4294967296B from source datanode 7859977f-1ea7-4bc0-b7d1-c26742d71d21 to target datanode 4b5b3e4a-279e-4a78-9dfc-3e823239d50b
2023-06-18 19:16:04,581 [main] DEBUG balancer.ContainerBalancerTask (ContainerBalancerTask.java:lambda$moveContainer$3(834)) - Container move completed for container #52 from source 7859977f-1ea7-4bc0-b7d1-c26742d71d21 to target 4b5b3e4a-279e-4a78-9dfc-3e823239d50b
2023-06-18 19:16:04,584 [main] DEBUG balancer.ContainerBalancerTask (ContainerBalancerTask.java:matchSourceWithTarget(706)) - ContainerBalancer is finding suitable target for source datanode b8442ff8-62ef-46df-9b6d-d4389bc10a30
2023-06-18 19:16:04,584 [main] INFO  balancer.ContainerBalancerTask (ContainerBalancerTask.java:matchSourceWithTarget(720)) - ContainerBalancer matched source datanode b8442ff8-62ef-46df-9b6d-d4389bc10a30 with target datanode 4b5b3e4a-279e-4a78-9dfc-3e823239d50b for container move.
2023-06-18 19:16:04,585 [main] INFO  balancer.ContainerBalancerTask (ContainerBalancerTask.java:processMoveSelection(569)) - ContainerBalancer is trying to move container #37 with size 2147483648B from source datanode b8442ff8-62ef-46df-9b6d-d4389bc10a30 to target datanode 4b5b3e4a-279e-4a78-9dfc-3e823239d50b
2023-06-18 19:16:04,585 [main] DEBUG balancer.ContainerBalancerTask (ContainerBalancerTask.java:lambda$moveContainer$3(834)) - Container move completed for container #37 from source b8442ff8-62ef-46df-9b6d-d4389bc10a30 to target 4b5b3e4a-279e-4a78-9dfc-3e823239d50b
2023-06-18 19:16:04,585 [main] WARN  balancer.ContainerBalancerTask (ContainerBalancerTask.java:reachedMaxSizeToMovePerIteration(731)) - Reached max size to move limit. 53687091200 bytes have already been scheduled for balancing and the limit is 53687091200 bytes.
2023-06-18 19:16:04,585 [main] INFO  balancer.ContainerBalancerTask (ContainerBalancerTask.java:checkIterationMoveResults(640)) - Iteration Summary. Number of Datanodes involved: 7. Size moved: 50 GB (53687091200 Bytes). Number of Container moves completed: 12.
2023-06-18 19:16:04,585 [main] INFO  balancer.ContainerBalancerTask (ContainerBalancerTask.java:balance(259)) - Result of this iteration of Container Balancer: ITERATION_COMPLETED
2023-06-18 19:16:04,585 [main] INFO  balancer.ContainerBalancerTask (ContainerBalancerTask.java:tryStopWithSaveConfiguration(308)) - Save Configuration for stopping. Reason: Completed all iterations.
2023-06-18 19:16:04,586 [main] DEBUG balancer.ContainerBalancerTask (ContainerBalancerTask.java:initializeIteration(374)) - Average utilization of the cluster is 0.3528343298275165
2023-06-18 19:16:04,586 [main] DEBUG balancer.ContainerBalancerTask (ContainerBalancerTask.java:initializeIteration(386)) - Lower limit for utilization is -4.3308597153368655E-4 and Upper limit for utilization is 0.7061017456265667
2023-06-18 19:16:04,586 [main] DEBUG balancer.ContainerBalancerTask (ContainerBalancerTask.java:initializeIteration(398)) - Utilization for node 2cb4ee9e-c19c-404f-a3ed-3d6144041b50 with capacity 73968881208B, used 66571993088B, and remaining 7396888120B is 0.9000000000108154
2023-06-18 19:16:04,587 [main] DEBUG balancer.ContainerBalancerTask (ContainerBalancerTask.java:initializeIteration(398)) - Utilization for node f561b242-3335-48fc-9447-4b53fc7bc5f8 with capacity 67108864000B, used 53687091200B, and remaining 13421772800B is 0.8
2023-06-18 19:16:04,587 [main] DEBUG balancer.ContainerBalancerTask (ContainerBalancerTask.java:initializeIteration(398)) - Utilization for node 7859977f-1ea7-4bc0-b7d1-c26742d71d21 with capacity 65958426331B, used 46170898432B, and remaining 19787527899B is 0.7000000000045483
2023-06-18 19:16:04,587 [main] DEBUG balancer.ContainerBalancerTask (ContainerBalancerTask.java:initializeIteration(398)) - Utilization for node b8442ff8-62ef-46df-9b6d-d4389bc10a30 with capacity 60845370026B, used 36507222016B, and remaining 24338148010B is 0.600000000006574
2023-06-18 19:16:04,587 [main] DEBUG balancer.ContainerBalancerTask (ContainerBalancerTask.java:initializeIteration(398)) - Utilization for node cbebd0b5-ef73-44e7-b715-317ca461999f with capacity 77309411328B, used 38654705664B, and remaining 38654705664B is 0.5
2023-06-18 19:16:04,587 [main] DEBUG balancer.ContainerBalancerTask (ContainerBalancerTask.java:initializeIteration(398)) - Utilization for node 81f146c9-30f4-49b4-9849-732517a5c152 with capacity 136902082560B, used 54760833024B, and remaining 82141249536B is 0.4
2023-06-18 19:16:04,587 [main] DEBUG balancer.ContainerBalancerTask (ContainerBalancerTask.java:initializeIteration(398)) - Utilization for node e8b04c08-93ad-4b6c-960d-529125ea2b59 with capacity 114532461226B, used 34359738368B, and remaining 80172722858B is 0.3000000000017462
2023-06-18 19:16:04,587 [main] DEBUG balancer.ContainerBalancerTask (ContainerBalancerTask.java:initializeIteration(398)) - Utilization for node da14d8b9-c267-45c1-b6d1-d5ce70c927be with capacity 150323855360B, used 30064771072B, and remaining 120259084288B is 0.2
2023-06-18 19:16:04,587 [main] DEBUG balancer.ContainerBalancerTask (ContainerBalancerTask.java:initializeIteration(398)) - Utilization for node 4b5b3e4a-279e-4a78-9dfc-3e823239d50b with capacity 365072220160B, used 36507222016B, and remaining 328564998144B is 0.1
2023-06-18 19:16:04,587 [main] DEBUG balancer.ContainerBalancerTask (ContainerBalancerTask.java:initializeIteration(398)) - Utilization for node 46443b0c-81fa-4a6f-9d37-a7a3c6263282 with capacity 13958643712B, used 0B, and remaining 13958643712B is 0.0
2023-06-18 19:16:04,588 [main] INFO  balancer.ContainerBalancerTask (ContainerBalancerTask.java:initializeIteration(447)) - Container Balancer has identified 2 Over-Utilized and 0 Under-Utilized Datanodes that need to be balanced.
2023-06-18 19:16:04,588 [main] DEBUG balancer.ContainerBalancerTask (ContainerBalancerTask.java:lambda$initializeIteration$1(453)) - Datanode localhost-123.239.245.20 2cb4ee9e-c19c-404f-a3ed-3d6144041b50 is Over-Utilized.
2023-06-18 19:16:04,588 [main] DEBUG balancer.ContainerBalancerTask (ContainerBalancerTask.java:lambda$initializeIteration$1(453)) - Datanode localhost-138.41.221.160 f561b242-3335-48fc-9447-4b53fc7bc5f8 is Over-Utilized.
2023-06-18 19:16:04,591 [main] DEBUG balancer.ContainerBalancerTask (ContainerBalancerTask.java:matchSourceWithTarget(706)) - ContainerBalancer is finding suitable target for source datanode 2cb4ee9e-c19c-404f-a3ed-3d6144041b50
2023-06-18 19:16:04,591 [main] INFO  balancer.FindTargetGreedyByUsageInfo (AbstractFindTargetGreedy.java:findTargetForContainerMove(133)) - Container Balancer could not find a target for source datanode 2cb4ee9e-c19c-404f-a3ed-3d6144041b50
2023-06-18 19:16:04,592 [main] DEBUG balancer.ContainerBalancerTask (ContainerBalancerTask.java:matchSourceWithTarget(715)) - ContainerBalancer could not find a suitable target for source node 2cb4ee9e-c19c-404f-a3ed-3d6144041b50.
2023-06-18 19:16:04,594 [main] DEBUG balancer.ContainerBalancerTask (ContainerBalancerTask.java:matchSourceWithTarget(706)) - ContainerBalancer is finding suitable target for source datanode f561b242-3335-48fc-9447-4b53fc7bc5f8
2023-06-18 19:16:04,595 [main] INFO  balancer.FindTargetGreedyByUsageInfo (AbstractFindTargetGreedy.java:findTargetForContainerMove(133)) - Container Balancer could not find a target for source datanode f561b242-3335-48fc-9447-4b53fc7bc5f8
2023-06-18 19:16:04,595 [main] DEBUG balancer.ContainerBalancerTask (ContainerBalancerTask.java:matchSourceWithTarget(715)) - ContainerBalancer could not find a suitable target for source node f561b242-3335-48fc-9447-4b53fc7bc5f8.
2023-06-18 19:16:04,595 [main] INFO  balancer.FindSourceGreedy (FindSourceGreedy.java:getNextCandidateSourceDataNode(126)) - no more candidate source data node
2023-06-18 19:16:04,595 [main] INFO  balancer.ContainerBalancerTask (ContainerBalancerTask.java:balance(259)) - Result of this iteration of Container Balancer: CAN_NOT_BALANCE_ANY_MORE
2023-06-18 19:16:04,595 [main] INFO  balancer.ContainerBalancerTask (ContainerBalancerTask.java:tryStopWithSaveConfiguration(308)) - Save Configuration for stopping. Reason: CAN_NOT_BALANCE_ANY_MORE
2023-06-18 19:16:04,596 [main] DEBUG balancer.ContainerBalancerTask (ContainerBalancerTask.java:initializeIteration(374)) - Average utilization of the cluster is 0.3528343298275165
2023-06-18 19:16:04,596 [main] DEBUG balancer.ContainerBalancerTask (ContainerBalancerTask.java:initializeIteration(386)) - Lower limit for utilization is -0.31408617822249485 and Upper limit for utilization is 1.0197548378775279
2023-06-18 19:16:04,596 [main] DEBUG balancer.ContainerBalancerTask (ContainerBalancerTask.java:initializeIteration(398)) - Utilization for node 2cb4ee9e-c19c-404f-a3ed-3d6144041b50 with capacity 73968881208B, used 66571993088B, and remaining 7396888120B is 0.9000000000108154
2023-06-18 19:16:04,596 [main] DEBUG balancer.ContainerBalancerTask (ContainerBalancerTask.java:initializeIteration(398)) - Utilization for node f561b242-3335-48fc-9447-4b53fc7bc5f8 with capacity 67108864000B, used 53687091200B, and remaining 13421772800B is 0.8
2023-06-18 19:16:04,596 [main] DEBUG balancer.ContainerBalancerTask (ContainerBalancerTask.java:initializeIteration(398)) - Utilization for node 7859977f-1ea7-4bc0-b7d1-c26742d71d21 with capacity 65958426331B, used 46170898432B, and remaining 19787527899B is 0.7000000000045483
2023-06-18 19:16:04,596 [main] DEBUG balancer.ContainerBalancerTask (ContainerBalancerTask.java:initializeIteration(398)) - Utilization for node b8442ff8-62ef-46df-9b6d-d4389bc10a30 with capacity 60845370026B, used 36507222016B, and remaining 24338148010B is 0.600000000006574
2023-06-18 19:16:04,596 [main] DEBUG balancer.ContainerBalancerTask (ContainerBalancerTask.java:initializeIteration(398)) - Utilization for node cbebd0b5-ef73-44e7-b715-317ca461999f with capacity 77309411328B, used 38654705664B, and remaining 38654705664B is 0.5
2023-06-18 19:16:04,596 [main] DEBUG balancer.ContainerBalancerTask (ContainerBalancerTask.java:initializeIteration(398)) - Utilization for node 81f146c9-30f4-49b4-9849-732517a5c152 with capacity 136902082560B, used 54760833024B, and remaining 82141249536B is 0.4
2023-06-18 19:16:04,597 [main] DEBUG balancer.ContainerBalancerTask (ContainerBalancerTask.java:initializeIteration(398)) - Utilization for node e8b04c08-93ad-4b6c-960d-529125ea2b59 with capacity 114532461226B, used 34359738368B, and remaining 80172722858B is 0.3000000000017462
2023-06-18 19:16:04,597 [main] DEBUG balancer.ContainerBalancerTask (ContainerBalancerTask.java:initializeIteration(398)) - Utilization for node da14d8b9-c267-45c1-b6d1-d5ce70c927be with capacity 150323855360B, used 30064771072B, and remaining 120259084288B is 0.2
2023-06-18 19:16:04,597 [main] DEBUG balancer.ContainerBalancerTask (ContainerBalancerTask.java:initializeIteration(398)) - Utilization for node 4b5b3e4a-279e-4a78-9dfc-3e823239d50b with capacity 365072220160B, used 36507222016B, and remaining 328564998144B is 0.1
2023-06-18 19:16:04,597 [main] DEBUG balancer.ContainerBalancerTask (ContainerBalancerTask.java:initializeIteration(398)) - Utilization for node 46443b0c-81fa-4a6f-9d37-a7a3c6263282 with capacity 13958643712B, used 0B, and remaining 13958643712B is 0.0
2023-06-18 19:16:04,597 [main] INFO  balancer.ContainerBalancerTask (ContainerBalancerTask.java:initializeIteration(443)) - Did not find any unbalanced Datanodes.
2023-06-18 19:16:04,597 [main] INFO  balancer.ContainerBalancerTask (ContainerBalancerTask.java:tryStopWithSaveConfiguration(308)) - Save Configuration for stopping. Reason: Could not initialize ContainerBalancer's iteration number 0
2023-06-18 19:16:04,598 [main] DEBUG balancer.ContainerBalancerTask (ContainerBalancerTask.java:initializeIteration(374)) - Average utilization of the cluster is 0.3528343298275165
2023-06-18 19:16:04,598 [main] DEBUG balancer.ContainerBalancerTask (ContainerBalancerTask.java:initializeIteration(386)) - Lower limit for utilization is -0.31335021278522857 and Upper limit for utilization is 1.0190188724402616
2023-06-18 19:16:04,598 [main] DEBUG balancer.ContainerBalancerTask (ContainerBalancerTask.java:initializeIteration(398)) - Utilization for node 2cb4ee9e-c19c-404f-a3ed-3d6144041b50 with capacity 73968881208B, used 66571993088B, and remaining 7396888120B is 0.9000000000108154
2023-06-18 19:16:04,598 [main] DEBUG balancer.ContainerBalancerTask (ContainerBalancerTask.java:initializeIteration(398)) - Utilization for node f561b242-3335-48fc-9447-4b53fc7bc5f8 with capacity 67108864000B, used 53687091200B, and remaining 13421772800B is 0.8
2023-06-18 19:16:04,598 [main] DEBUG balancer.ContainerBalancerTask (ContainerBalancerTask.java:initializeIteration(398)) - Utilization for node 7859977f-1ea7-4bc0-b7d1-c26742d71d21 with capacity 65958426331B, used 46170898432B, and remaining 19787527899B is 0.7000000000045483
2023-06-18 19:16:04,598 [main] DEBUG balancer.ContainerBalancerTask (ContainerBalancerTask.java:initializeIteration(398)) - Utilization for node b8442ff8-62ef-46df-9b6d-d4389bc10a30 with capacity 60845370026B, used 36507222016B, and remaining 24338148010B is 0.600000000006574
2023-06-18 19:16:04,598 [main] DEBUG balancer.ContainerBalancerTask (ContainerBalancerTask.java:initializeIteration(398)) - Utilization for node cbebd0b5-ef73-44e7-b715-317ca461999f with capacity 77309411328B, used 38654705664B, and remaining 38654705664B is 0.5
2023-06-18 19:16:04,598 [main] DEBUG balancer.ContainerBalancerTask (ContainerBalancerTask.java:initializeIteration(398)) - Utilization for node 81f146c9-30f4-49b4-9849-732517a5c152 with capacity 136902082560B, used 54760833024B, and remaining 82141249536B is 0.4
2023-06-18 19:16:04,599 [main] DEBUG balancer.ContainerBalancerTask (ContainerBalancerTask.java:initializeIteration(398)) - Utilization for node e8b04c08-93ad-4b6c-960d-529125ea2b59 with capacity 114532461226B, used 34359738368B, and remaining 80172722858B is 0.3000000000017462
2023-06-18 19:16:04,599 [main] DEBUG balancer.ContainerBalancerTask (ContainerBalancerTask.java:initializeIteration(398)) - Utilization for node da14d8b9-c267-45c1-b6d1-d5ce70c927be with capacity 150323855360B, used 30064771072B, and remaining 120259084288B is 0.2
2023-06-18 19:16:04,599 [main] DEBUG balancer.ContainerBalancerTask (ContainerBalancerTask.java:initializeIteration(398)) - Utilization for node 4b5b3e4a-279e-4a78-9dfc-3e823239d50b with capacity 365072220160B, used 36507222016B, and remaining 328564998144B is 0.1
2023-06-18 19:16:04,599 [main] DEBUG balancer.ContainerBalancerTask (ContainerBalancerTask.java:initializeIteration(398)) - Utilization for node 46443b0c-81fa-4a6f-9d37-a7a3c6263282 with capacity 13958643712B, used 0B, and remaining 13958643712B is 0.0
2023-06-18 19:16:04,599 [main] INFO  balancer.ContainerBalancerTask (ContainerBalancerTask.java:initializeIteration(443)) - Did not find any unbalanced Datanodes.
2023-06-18 19:16:04,599 [main] INFO  balancer.ContainerBalancerTask (ContainerBalancerTask.java:tryStopWithSaveConfiguration(308)) - Save Configuration for stopping. Reason: Could not initialize ContainerBalancer's iteration number 0
2023-06-18 19:16:04,600 [main] DEBUG balancer.ContainerBalancerTask (ContainerBalancerTask.java:initializeIteration(374)) - Average utilization of the cluster is 0.3528343298275165
2023-06-18 19:16:04,600 [main] DEBUG balancer.ContainerBalancerTask (ContainerBalancerTask.java:initializeIteration(386)) - Lower limit for utilization is -0.2974824831549443 and Upper limit for utilization is 1.0031511428099773
2023-06-18 19:16:04,600 [main] DEBUG balancer.ContainerBalancerTask (ContainerBalancerTask.java:initializeIteration(398)) - Utilization for node 2cb4ee9e-c19c-404f-a3ed-3d6144041b50 with capacity 73968881208B, used 66571993088B, and remaining 7396888120B is 0.9000000000108154
2023-06-18 19:16:04,600 [main] DEBUG balancer.ContainerBalancerTask (ContainerBalancerTask.java:initializeIteration(398)) - Utilization for node f561b242-3335-48fc-9447-4b53fc7bc5f8 with capacity 67108864000B, used 53687091200B, and remaining 13421772800B is 0.8
2023-06-18 19:16:04,600 [main] DEBUG balancer.ContainerBalancerTask (ContainerBalancerTask.java:initializeIteration(398)) - Utilization for node 7859977f-1ea7-4bc0-b7d1-c26742d71d21 with capacity 65958426331B, used 46170898432B, and remaining 19787527899B is 0.7000000000045483
2023-06-18 19:16:04,600 [main] DEBUG balancer.ContainerBalancerTask (ContainerBalancerTask.java:initializeIteration(398)) - Utilization for node b8442ff8-62ef-46df-9b6d-d4389bc10a30 with capacity 60845370026B, used 36507222016B, and remaining 24338148010B is 0.600000000006574
2023-06-18 19:16:04,600 [main] DEBUG balancer.ContainerBalancerTask (ContainerBalancerTask.java:initializeIteration(398)) - Utilization for node cbebd0b5-ef73-44e7-b715-317ca461999f with capacity 77309411328B, used 38654705664B, and remaining 38654705664B is 0.5
2023-06-18 19:16:04,600 [main] DEBUG balancer.ContainerBalancerTask (ContainerBalancerTask.java:initializeIteration(398)) - Utilization for node 81f146c9-30f4-49b4-9849-732517a5c152 with capacity 136902082560B, used 54760833024B, and remaining 82141249536B is 0.4
2023-06-18 19:16:04,601 [main] DEBUG balancer.ContainerBalancerTask (ContainerBalancerTask.java:initializeIteration(398)) - Utilization for node e8b04c08-93ad-4b6c-960d-529125ea2b59 with capacity 114532461226B, used 34359738368B, and remaining 80172722858B is 0.3000000000017462
2023-06-18 19:16:04,601 [main] DEBUG balancer.ContainerBalancerTask (ContainerBalancerTask.java:initializeIteration(398)) - Utilization for node da14d8b9-c267-45c1-b6d1-d5ce70c927be with capacity 150323855360B, used 30064771072B, and remaining 120259084288B is 0.2
2023-06-18 19:16:04,601 [main] DEBUG balancer.ContainerBalancerTask (ContainerBalancerTask.java:initializeIteration(398)) - Utilization for node 4b5b3e4a-279e-4a78-9dfc-3e823239d50b with capacity 365072220160B, used 36507222016B, and remaining 328564998144B is 0.1
2023-06-18 19:16:04,601 [main] DEBUG balancer.ContainerBalancerTask (ContainerBalancerTask.java:initializeIteration(398)) - Utilization for node 46443b0c-81fa-4a6f-9d37-a7a3c6263282 with capacity 13958643712B, used 0B, and remaining 13958643712B is 0.0
2023-06-18 19:16:04,601 [main] INFO  balancer.ContainerBalancerTask (ContainerBalancerTask.java:initializeIteration(443)) - Did not find any unbalanced Datanodes.
2023-06-18 19:16:04,601 [main] INFO  balancer.ContainerBalancerTask (ContainerBalancerTask.java:tryStopWithSaveConfiguration(308)) - Save Configuration for stopping. Reason: Could not initialize ContainerBalancer's iteration number 0
2023-06-18 19:16:04,602 [main] DEBUG balancer.ContainerBalancerTask (ContainerBalancerTask.java:initializeIteration(374)) - Average utilization of the cluster is 0.3528343298275165
2023-06-18 19:16:04,602 [main] DEBUG balancer.ContainerBalancerTask (ContainerBalancerTask.java:initializeIteration(386)) - Lower limit for utilization is 0.23616170694648608 and Upper limit for utilization is 0.4695069527085469
2023-06-18 19:16:04,602 [main] DEBUG balancer.ContainerBalancerTask (ContainerBalancerTask.java:initializeIteration(398)) - Utilization for node 2cb4ee9e-c19c-404f-a3ed-3d6144041b50 with capacity 73968881208B, used 66571993088B, and remaining 7396888120B is 0.9000000000108154
2023-06-18 19:16:04,602 [main] DEBUG balancer.ContainerBalancerTask (ContainerBalancerTask.java:initializeIteration(398)) - Utilization for node f561b242-3335-48fc-9447-4b53fc7bc5f8 with capacity 67108864000B, used 53687091200B, and remaining 13421772800B is 0.8
2023-06-18 19:16:04,602 [main] DEBUG balancer.ContainerBalancerTask (ContainerBalancerTask.java:initializeIteration(398)) - Utilization for node 7859977f-1ea7-4bc0-b7d1-c26742d71d21 with capacity 65958426331B, used 46170898432B, and remaining 19787527899B is 0.7000000000045483
2023-06-18 19:16:04,602 [main] DEBUG balancer.ContainerBalancerTask (ContainerBalancerTask.java:initializeIteration(398)) - Utilization for node b8442ff8-62ef-46df-9b6d-d4389bc10a30 with capacity 60845370026B, used 36507222016B, and remaining 24338148010B is 0.600000000006574
2023-06-18 19:16:04,602 [main] DEBUG balancer.ContainerBalancerTask (ContainerBalancerTask.java:initializeIteration(398)) - Utilization for node cbebd0b5-ef73-44e7-b715-317ca461999f with capacity 77309411328B, used 38654705664B, and remaining 38654705664B is 0.5
2023-06-18 19:16:04,602 [main] DEBUG balancer.ContainerBalancerTask (ContainerBalancerTask.java:initializeIteration(398)) - Utilization for node 81f146c9-30f4-49b4-9849-732517a5c152 with capacity 136902082560B, used 54760833024B, and remaining 82141249536B is 0.4
2023-06-18 19:16:04,603 [main] DEBUG balancer.ContainerBalancerTask (ContainerBalancerTask.java:initializeIteration(398)) - Utilization for node e8b04c08-93ad-4b6c-960d-529125ea2b59 with capacity 114532461226B, used 34359738368B, and remaining 80172722858B is 0.3000000000017462
2023-06-18 19:16:04,603 [main] DEBUG balancer.ContainerBalancerTask (ContainerBalancerTask.java:initializeIteration(398)) - Utilization for node da14d8b9-c267-45c1-b6d1-d5ce70c927be with capacity 150323855360B, used 30064771072B, and remaining 120259084288B is 0.2
2023-06-18 19:16:04,603 [main] DEBUG balancer.ContainerBalancerTask (ContainerBalancerTask.java:initializeIteration(398)) - Utilization for node 4b5b3e4a-279e-4a78-9dfc-3e823239d50b with capacity 365072220160B, used 36507222016B, and remaining 328564998144B is 0.1
2023-06-18 19:16:04,603 [main] DEBUG balancer.ContainerBalancerTask (ContainerBalancerTask.java:initializeIteration(398)) - Utilization for node 46443b0c-81fa-4a6f-9d37-a7a3c6263282 with capacity 13958643712B, used 0B, and remaining 13958643712B is 0.0
2023-06-18 19:16:04,603 [main] INFO  balancer.ContainerBalancerTask (ContainerBalancerTask.java:initializeIteration(447)) - Container Balancer has identified 5 Over-Utilized and 3 Under-Utilized Datanodes that need to be balanced.
2023-06-18 19:16:04,603 [main] DEBUG balancer.ContainerBalancerTask (ContainerBalancerTask.java:lambda$initializeIteration$1(453)) - Datanode localhost-123.239.245.20 2cb4ee9e-c19c-404f-a3ed-3d6144041b50 is Over-Utilized.
2023-06-18 19:16:04,603 [main] DEBUG balancer.ContainerBalancerTask (ContainerBalancerTask.java:lambda$initializeIteration$1(453)) - Datanode localhost-138.41.221.160 f561b242-3335-48fc-9447-4b53fc7bc5f8 is Over-Utilized.
2023-06-18 19:16:04,603 [main] DEBUG balancer.ContainerBalancerTask (ContainerBalancerTask.java:lambda$initializeIteration$1(453)) - Datanode localhost-48.244.249.90 7859977f-1ea7-4bc0-b7d1-c26742d71d21 is Over-Utilized.
2023-06-18 19:16:04,603 [main] DEBUG balancer.ContainerBalancerTask (ContainerBalancerTask.java:lambda$initializeIteration$1(453)) - Datanode localhost-125.178.73.148 b8442ff8-62ef-46df-9b6d-d4389bc10a30 is Over-Utilized.
2023-06-18 19:16:04,603 [main] DEBUG balancer.ContainerBalancerTask (ContainerBalancerTask.java:lambda$initializeIteration$1(453)) - Datanode localhost-95.46.94.225 cbebd0b5-ef73-44e7-b715-317ca461999f is Over-Utilized.
2023-06-18 19:16:04,604 [main] DEBUG balancer.ContainerBalancerTask (ContainerBalancerTask.java:lambda$initializeIteration$2(459)) - Datanode localhost-93.64.31.108 46443b0c-81fa-4a6f-9d37-a7a3c6263282 is Under-Utilized.
2023-06-18 19:16:04,604 [main] DEBUG balancer.ContainerBalancerTask (ContainerBalancerTask.java:lambda$initializeIteration$2(459)) - Datanode localhost-241.76.246.187 4b5b3e4a-279e-4a78-9dfc-3e823239d50b is Under-Utilized.
2023-06-18 19:16:04,604 [main] DEBUG balancer.ContainerBalancerTask (ContainerBalancerTask.java:lambda$initializeIteration$2(459)) - Datanode localhost-252.133.82.90 da14d8b9-c267-45c1-b6d1-d5ce70c927be is Under-Utilized.
2023-06-18 19:16:04,607 [main] DEBUG balancer.ContainerBalancerTask (ContainerBalancerTask.java:matchSourceWithTarget(706)) - ContainerBalancer is finding suitable target for source datanode 2cb4ee9e-c19c-404f-a3ed-3d6144041b50
2023-06-18 19:16:04,608 [main] INFO  balancer.ContainerBalancerTask (ContainerBalancerTask.java:matchSourceWithTarget(720)) - ContainerBalancer matched source datanode 2cb4ee9e-c19c-404f-a3ed-3d6144041b50 with target datanode 46443b0c-81fa-4a6f-9d37-a7a3c6263282 for container move.
2023-06-18 19:16:04,608 [main] INFO  balancer.ContainerBalancerTask (ContainerBalancerTask.java:processMoveSelection(569)) - ContainerBalancer is trying to move container #85 with size 5368709120B from source datanode 2cb4ee9e-c19c-404f-a3ed-3d6144041b50 to target datanode 46443b0c-81fa-4a6f-9d37-a7a3c6263282
2023-06-18 19:16:04,608 [main] DEBUG balancer.ContainerBalancerTask (ContainerBalancerTask.java:lambda$moveContainer$3(834)) - Container move completed for container #85 from source 2cb4ee9e-c19c-404f-a3ed-3d6144041b50 to target 46443b0c-81fa-4a6f-9d37-a7a3c6263282
2023-06-18 19:16:04,611 [main] DEBUG balancer.ContainerBalancerTask (ContainerBalancerTask.java:matchSourceWithTarget(706)) - ContainerBalancer is finding suitable target for source datanode 2cb4ee9e-c19c-404f-a3ed-3d6144041b50
2023-06-18 19:16:04,612 [main] INFO  balancer.ContainerBalancerTask (ContainerBalancerTask.java:matchSourceWithTarget(720)) - ContainerBalancer matched source datanode 2cb4ee9e-c19c-404f-a3ed-3d6144041b50 with target datanode 4b5b3e4a-279e-4a78-9dfc-3e823239d50b for container move.
2023-06-18 19:16:04,612 [main] INFO  balancer.ContainerBalancerTask (ContainerBalancerTask.java:processMoveSelection(569)) - ContainerBalancer is trying to move container #53 with size 5368709120B from source datanode 2cb4ee9e-c19c-404f-a3ed-3d6144041b50 to target datanode 4b5b3e4a-279e-4a78-9dfc-3e823239d50b
2023-06-18 19:16:04,612 [main] DEBUG balancer.ContainerBalancerTask (ContainerBalancerTask.java:lambda$moveContainer$3(834)) - Container move completed for container #53 from source 2cb4ee9e-c19c-404f-a3ed-3d6144041b50 to target 4b5b3e4a-279e-4a78-9dfc-3e823239d50b
2023-06-18 19:16:04,615 [main] DEBUG balancer.ContainerBalancerTask (ContainerBalancerTask.java:matchSourceWithTarget(706)) - ContainerBalancer is finding suitable target for source datanode f561b242-3335-48fc-9447-4b53fc7bc5f8
2023-06-18 19:16:04,615 [main] INFO  balancer.ContainerBalancerTask (ContainerBalancerTask.java:matchSourceWithTarget(720)) - ContainerBalancer matched source datanode f561b242-3335-48fc-9447-4b53fc7bc5f8 with target datanode 4b5b3e4a-279e-4a78-9dfc-3e823239d50b for container move.
2023-06-18 19:16:04,615 [main] INFO  balancer.ContainerBalancerTask (ContainerBalancerTask.java:processMoveSelection(569)) - ContainerBalancer is trying to move container #67 with size 4294967296B from source datanode f561b242-3335-48fc-9447-4b53fc7bc5f8 to target datanode 4b5b3e4a-279e-4a78-9dfc-3e823239d50b
2023-06-18 19:16:04,616 [main] DEBUG balancer.ContainerBalancerTask (ContainerBalancerTask.java:lambda$moveContainer$3(834)) - Container move completed for container #67 from source f561b242-3335-48fc-9447-4b53fc7bc5f8 to target 4b5b3e4a-279e-4a78-9dfc-3e823239d50b
2023-06-18 19:16:04,619 [main] DEBUG balancer.ContainerBalancerTask (ContainerBalancerTask.java:matchSourceWithTarget(706)) - ContainerBalancer is finding suitable target for source datanode 2cb4ee9e-c19c-404f-a3ed-3d6144041b50
2023-06-18 19:16:04,619 [main] INFO  balancer.ContainerBalancerTask (ContainerBalancerTask.java:matchSourceWithTarget(720)) - ContainerBalancer matched source datanode 2cb4ee9e-c19c-404f-a3ed-3d6144041b50 with target datanode 4b5b3e4a-279e-4a78-9dfc-3e823239d50b for container move.
2023-06-18 19:16:04,619 [main] INFO  balancer.ContainerBalancerTask (ContainerBalancerTask.java:processMoveSelection(569)) - ContainerBalancer is trying to move container #40 with size 5368709120B from source datanode 2cb4ee9e-c19c-404f-a3ed-3d6144041b50 to target datanode 4b5b3e4a-279e-4a78-9dfc-3e823239d50b
2023-06-18 19:16:04,620 [main] DEBUG balancer.ContainerBalancerTask (ContainerBalancerTask.java:lambda$moveContainer$3(834)) - Container move completed for container #40 from source 2cb4ee9e-c19c-404f-a3ed-3d6144041b50 to target 4b5b3e4a-279e-4a78-9dfc-3e823239d50b
2023-06-18 19:16:04,623 [main] DEBUG balancer.ContainerBalancerTask (ContainerBalancerTask.java:matchSourceWithTarget(706)) - ContainerBalancer is finding suitable target for source datanode f561b242-3335-48fc-9447-4b53fc7bc5f8
2023-06-18 19:16:04,623 [main] INFO  balancer.ContainerBalancerTask (ContainerBalancerTask.java:matchSourceWithTarget(720)) - ContainerBalancer matched source datanode f561b242-3335-48fc-9447-4b53fc7bc5f8 with target datanode 4b5b3e4a-279e-4a78-9dfc-3e823239d50b for container move.
2023-06-18 19:16:04,623 [main] INFO  balancer.ContainerBalancerTask (ContainerBalancerTask.java:processMoveSelection(569)) - ContainerBalancer is trying to move container #28 with size 4294967296B from source datanode f561b242-3335-48fc-9447-4b53fc7bc5f8 to target datanode 4b5b3e4a-279e-4a78-9dfc-3e823239d50b
2023-06-18 19:16:04,623 [main] DEBUG balancer.ContainerBalancerTask (ContainerBalancerTask.java:lambda$moveContainer$3(834)) - Container move completed for container #28 from source f561b242-3335-48fc-9447-4b53fc7bc5f8 to target 4b5b3e4a-279e-4a78-9dfc-3e823239d50b
2023-06-18 19:16:04,626 [main] DEBUG balancer.ContainerBalancerTask (ContainerBalancerTask.java:matchSourceWithTarget(706)) - ContainerBalancer is finding suitable target for source datanode 7859977f-1ea7-4bc0-b7d1-c26742d71d21
2023-06-18 19:16:04,626 [main] INFO  balancer.ContainerBalancerTask (ContainerBalancerTask.java:matchSourceWithTarget(720)) - ContainerBalancer matched source datanode 7859977f-1ea7-4bc0-b7d1-c26742d71d21 with target datanode 4b5b3e4a-279e-4a78-9dfc-3e823239d50b for container move.
2023-06-18 19:16:04,626 [main] INFO  balancer.ContainerBalancerTask (ContainerBalancerTask.java:processMoveSelection(569)) - ContainerBalancer is trying to move container #29 with size 5368709120B from source datanode 7859977f-1ea7-4bc0-b7d1-c26742d71d21 to target datanode 4b5b3e4a-279e-4a78-9dfc-3e823239d50b
2023-06-18 19:16:04,626 [main] DEBUG balancer.ContainerBalancerTask (ContainerBalancerTask.java:lambda$moveContainer$3(834)) - Container move completed for container #29 from source 7859977f-1ea7-4bc0-b7d1-c26742d71d21 to target 4b5b3e4a-279e-4a78-9dfc-3e823239d50b
2023-06-18 19:16:04,630 [main] DEBUG balancer.ContainerBalancerTask (ContainerBalancerTask.java:matchSourceWithTarget(706)) - ContainerBalancer is finding suitable target for source datanode 2cb4ee9e-c19c-404f-a3ed-3d6144041b50
2023-06-18 19:16:04,630 [main] INFO  balancer.ContainerBalancerTask (ContainerBalancerTask.java:matchSourceWithTarget(720)) - ContainerBalancer matched source datanode 2cb4ee9e-c19c-404f-a3ed-3d6144041b50 with target datanode 4b5b3e4a-279e-4a78-9dfc-3e823239d50b for container move.
2023-06-18 19:16:04,630 [main] INFO  balancer.ContainerBalancerTask (ContainerBalancerTask.java:processMoveSelection(569)) - ContainerBalancer is trying to move container #89 with size 4294967296B from source datanode 2cb4ee9e-c19c-404f-a3ed-3d6144041b50 to target datanode 4b5b3e4a-279e-4a78-9dfc-3e823239d50b
2023-06-18 19:16:04,630 [main] DEBUG balancer.ContainerBalancerTask (ContainerBalancerTask.java:lambda$moveContainer$3(834)) - Container move completed for container #89 from source 2cb4ee9e-c19c-404f-a3ed-3d6144041b50 to target 4b5b3e4a-279e-4a78-9dfc-3e823239d50b
2023-06-18 19:16:04,634 [main] DEBUG balancer.ContainerBalancerTask (ContainerBalancerTask.java:matchSourceWithTarget(706)) - ContainerBalancer is finding suitable target for source datanode f561b242-3335-48fc-9447-4b53fc7bc5f8
2023-06-18 19:16:04,634 [main] INFO  balancer.ContainerBalancerTask (ContainerBalancerTask.java:matchSourceWithTarget(720)) - ContainerBalancer matched source datanode f561b242-3335-48fc-9447-4b53fc7bc5f8 with target datanode 4b5b3e4a-279e-4a78-9dfc-3e823239d50b for container move.
2023-06-18 19:16:04,634 [main] INFO  balancer.ContainerBalancerTask (ContainerBalancerTask.java:processMoveSelection(569)) - ContainerBalancer is trying to move container #71 with size 3221225472B from source datanode f561b242-3335-48fc-9447-4b53fc7bc5f8 to target datanode 4b5b3e4a-279e-4a78-9dfc-3e823239d50b
2023-06-18 19:16:04,634 [main] DEBUG balancer.ContainerBalancerTask (ContainerBalancerTask.java:lambda$moveContainer$3(834)) - Container move completed for container #71 from source f561b242-3335-48fc-9447-4b53fc7bc5f8 to target 4b5b3e4a-279e-4a78-9dfc-3e823239d50b
2023-06-18 19:16:04,638 [main] DEBUG balancer.ContainerBalancerTask (ContainerBalancerTask.java:matchSourceWithTarget(706)) - ContainerBalancer is finding suitable target for source datanode 2cb4ee9e-c19c-404f-a3ed-3d6144041b50
2023-06-18 19:16:04,638 [main] INFO  balancer.ContainerBalancerTask (ContainerBalancerTask.java:matchSourceWithTarget(720)) - ContainerBalancer matched source datanode 2cb4ee9e-c19c-404f-a3ed-3d6144041b50 with target datanode 4b5b3e4a-279e-4a78-9dfc-3e823239d50b for container move.
2023-06-18 19:16:04,638 [main] INFO  balancer.ContainerBalancerTask (ContainerBalancerTask.java:processMoveSelection(569)) - ContainerBalancer is trying to move container #84 with size 4294967296B from source datanode 2cb4ee9e-c19c-404f-a3ed-3d6144041b50 to target datanode 4b5b3e4a-279e-4a78-9dfc-3e823239d50b
2023-06-18 19:16:04,638 [main] DEBUG balancer.ContainerBalancerTask (ContainerBalancerTask.java:lambda$moveContainer$3(834)) - Container move completed for container #84 from source 2cb4ee9e-c19c-404f-a3ed-3d6144041b50 to target 4b5b3e4a-279e-4a78-9dfc-3e823239d50b
2023-06-18 19:16:04,642 [main] DEBUG balancer.ContainerBalancerTask (ContainerBalancerTask.java:matchSourceWithTarget(706)) - ContainerBalancer is finding suitable target for source datanode f561b242-3335-48fc-9447-4b53fc7bc5f8
2023-06-18 19:16:04,642 [main] INFO  balancer.ContainerBalancerTask (ContainerBalancerTask.java:matchSourceWithTarget(720)) - ContainerBalancer matched source datanode f561b242-3335-48fc-9447-4b53fc7bc5f8 with target datanode da14d8b9-c267-45c1-b6d1-d5ce70c927be for container move.
2023-06-18 19:16:04,642 [main] INFO  balancer.ContainerBalancerTask (ContainerBalancerTask.java:processMoveSelection(569)) - ContainerBalancer is trying to move container #68 with size 5368709120B from source datanode f561b242-3335-48fc-9447-4b53fc7bc5f8 to target datanode da14d8b9-c267-45c1-b6d1-d5ce70c927be
2023-06-18 19:16:04,642 [main] DEBUG balancer.ContainerBalancerTask (ContainerBalancerTask.java:lambda$moveContainer$3(834)) - Container move completed for container #68 from source f561b242-3335-48fc-9447-4b53fc7bc5f8 to target da14d8b9-c267-45c1-b6d1-d5ce70c927be
2023-06-18 19:16:04,645 [main] DEBUG balancer.ContainerBalancerTask (ContainerBalancerTask.java:matchSourceWithTarget(706)) - ContainerBalancer is finding suitable target for source datanode 7859977f-1ea7-4bc0-b7d1-c26742d71d21
2023-06-18 19:16:04,645 [main] INFO  balancer.ContainerBalancerTask (ContainerBalancerTask.java:matchSourceWithTarget(720)) - ContainerBalancer matched source datanode 7859977f-1ea7-4bc0-b7d1-c26742d71d21 with target datanode 4b5b3e4a-279e-4a78-9dfc-3e823239d50b for container move.
2023-06-18 19:16:04,645 [main] INFO  balancer.ContainerBalancerTask (ContainerBalancerTask.java:processMoveSelection(569)) - ContainerBalancer is trying to move container #52 with size 4294967296B from source datanode 7859977f-1ea7-4bc0-b7d1-c26742d71d21 to target datanode 4b5b3e4a-279e-4a78-9dfc-3e823239d50b
2023-06-18 19:16:04,645 [main] DEBUG balancer.ContainerBalancerTask (ContainerBalancerTask.java:lambda$moveContainer$3(834)) - Container move completed for container #52 from source 7859977f-1ea7-4bc0-b7d1-c26742d71d21 to target 4b5b3e4a-279e-4a78-9dfc-3e823239d50b
2023-06-18 19:16:04,649 [main] DEBUG balancer.ContainerBalancerTask (ContainerBalancerTask.java:matchSourceWithTarget(706)) - ContainerBalancer is finding suitable target for source datanode b8442ff8-62ef-46df-9b6d-d4389bc10a30
2023-06-18 19:16:04,649 [main] INFO  balancer.ContainerBalancerTask (ContainerBalancerTask.java:matchSourceWithTarget(720)) - ContainerBalancer matched source datanode b8442ff8-62ef-46df-9b6d-d4389bc10a30 with target datanode 4b5b3e4a-279e-4a78-9dfc-3e823239d50b for container move.
2023-06-18 19:16:04,649 [main] INFO  balancer.ContainerBalancerTask (ContainerBalancerTask.java:processMoveSelection(569)) - ContainerBalancer is trying to move container #37 with size 2147483648B from source datanode b8442ff8-62ef-46df-9b6d-d4389bc10a30 to target datanode 4b5b3e4a-279e-4a78-9dfc-3e823239d50b
2023-06-18 19:16:04,649 [main] DEBUG balancer.ContainerBalancerTask (ContainerBalancerTask.java:lambda$moveContainer$3(834)) - Container move completed for container #37 from source b8442ff8-62ef-46df-9b6d-d4389bc10a30 to target 4b5b3e4a-279e-4a78-9dfc-3e823239d50b
2023-06-18 19:16:04,649 [main] WARN  balancer.ContainerBalancerTask (ContainerBalancerTask.java:reachedMaxSizeToMovePerIteration(731)) - Reached max size to move limit. 53687091200 bytes have already been scheduled for balancing and the limit is 53687091200 bytes.
2023-06-18 19:16:04,650 [main] INFO  balancer.ContainerBalancerTask (ContainerBalancerTask.java:checkIterationMoveResults(640)) - Iteration Summary. Number of Datanodes involved: 7. Size moved: 50 GB (53687091200 Bytes). Number of Container moves completed: 12.
2023-06-18 19:16:04,650 [main] INFO  balancer.ContainerBalancerTask (ContainerBalancerTask.java:balance(259)) - Result of this iteration of Container Balancer: ITERATION_COMPLETED
2023-06-18 19:16:04,650 [main] INFO  balancer.ContainerBalancerTask (ContainerBalancerTask.java:tryStopWithSaveConfiguration(308)) - Save Configuration for stopping. Reason: Completed all iterations.
2023-06-18 19:16:04,651 [main] DEBUG balancer.ContainerBalancerTask (ContainerBalancerTask.java:initializeIteration(374)) - Average utilization of the cluster is 0.3528343298275165
2023-06-18 19:16:04,651 [main] DEBUG balancer.ContainerBalancerTask (ContainerBalancerTask.java:initializeIteration(386)) - Lower limit for utilization is 0.15231916950272006 and Upper limit for utilization is 0.5533494901523129
2023-06-18 19:16:04,651 [main] DEBUG balancer.ContainerBalancerTask (ContainerBalancerTask.java:initializeIteration(398)) - Utilization for node 2cb4ee9e-c19c-404f-a3ed-3d6144041b50 with capacity 73968881208B, used 66571993088B, and remaining 7396888120B is 0.9000000000108154
2023-06-18 19:16:04,651 [main] DEBUG balancer.ContainerBalancerTask (ContainerBalancerTask.java:initializeIteration(398)) - Utilization for node f561b242-3335-48fc-9447-4b53fc7bc5f8 with capacity 67108864000B, used 53687091200B, and remaining 13421772800B is 0.8
2023-06-18 19:16:04,651 [main] DEBUG balancer.ContainerBalancerTask (ContainerBalancerTask.java:initializeIteration(398)) - Utilization for node 7859977f-1ea7-4bc0-b7d1-c26742d71d21 with capacity 65958426331B, used 46170898432B, and remaining 19787527899B is 0.7000000000045483
2023-06-18 19:16:04,651 [main] DEBUG balancer.ContainerBalancerTask (ContainerBalancerTask.java:initializeIteration(398)) - Utilization for node b8442ff8-62ef-46df-9b6d-d4389bc10a30 with capacity 60845370026B, used 36507222016B, and remaining 24338148010B is 0.600000000006574
2023-06-18 19:16:04,651 [main] DEBUG balancer.ContainerBalancerTask (ContainerBalancerTask.java:initializeIteration(398)) - Utilization for node cbebd0b5-ef73-44e7-b715-317ca461999f with capacity 77309411328B, used 38654705664B, and remaining 38654705664B is 0.5
2023-06-18 19:16:04,651 [main] DEBUG balancer.ContainerBalancerTask (ContainerBalancerTask.java:initializeIteration(398)) - Utilization for node 81f146c9-30f4-49b4-9849-732517a5c152 with capacity 136902082560B, used 54760833024B, and remaining 82141249536B is 0.4
2023-06-18 19:16:04,651 [main] DEBUG balancer.ContainerBalancerTask (ContainerBalancerTask.java:initializeIteration(398)) - Utilization for node e8b04c08-93ad-4b6c-960d-529125ea2b59 with capacity 114532461226B, used 34359738368B, and remaining 80172722858B is 0.3000000000017462
2023-06-18 19:16:04,652 [main] DEBUG balancer.ContainerBalancerTask (ContainerBalancerTask.java:initializeIteration(398)) - Utilization for node da14d8b9-c267-45c1-b6d1-d5ce70c927be with capacity 150323855360B, used 30064771072B, and remaining 120259084288B is 0.2
2023-06-18 19:16:04,652 [main] DEBUG balancer.ContainerBalancerTask (ContainerBalancerTask.java:initializeIteration(398)) - Utilization for node 4b5b3e4a-279e-4a78-9dfc-3e823239d50b with capacity 365072220160B, used 36507222016B, and remaining 328564998144B is 0.1
2023-06-18 19:16:04,652 [main] DEBUG balancer.ContainerBalancerTask (ContainerBalancerTask.java:initializeIteration(398)) - Utilization for node 46443b0c-81fa-4a6f-9d37-a7a3c6263282 with capacity 13958643712B, used 0B, and remaining 13958643712B is 0.0
2023-06-18 19:16:04,652 [main] INFO  balancer.ContainerBalancerTask (ContainerBalancerTask.java:initializeIteration(447)) - Container Balancer has identified 4 Over-Utilized and 2 Under-Utilized Datanodes that need to be balanced.
2023-06-18 19:16:04,652 [main] DEBUG balancer.ContainerBalancerTask (ContainerBalancerTask.java:lambda$initializeIteration$1(453)) - Datanode localhost-123.239.245.20 2cb4ee9e-c19c-404f-a3ed-3d6144041b50 is Over-Utilized.
2023-06-18 19:16:04,652 [main] DEBUG balancer.ContainerBalancerTask (ContainerBalancerTask.java:lambda$initializeIteration$1(453)) - Datanode localhost-138.41.221.160 f561b242-3335-48fc-9447-4b53fc7bc5f8 is Over-Utilized.
2023-06-18 19:16:04,652 [main] DEBUG balancer.ContainerBalancerTask (ContainerBalancerTask.java:lambda$initializeIteration$1(453)) - Datanode localhost-48.244.249.90 7859977f-1ea7-4bc0-b7d1-c26742d71d21 is Over-Utilized.
2023-06-18 19:16:04,652 [main] DEBUG balancer.ContainerBalancerTask (ContainerBalancerTask.java:lambda$initializeIteration$1(453)) - Datanode localhost-125.178.73.148 b8442ff8-62ef-46df-9b6d-d4389bc10a30 is Over-Utilized.
2023-06-18 19:16:04,652 [main] DEBUG balancer.ContainerBalancerTask (ContainerBalancerTask.java:lambda$initializeIteration$2(459)) - Datanode localhost-93.64.31.108 46443b0c-81fa-4a6f-9d37-a7a3c6263282 is Under-Utilized.
2023-06-18 19:16:04,653 [main] DEBUG balancer.ContainerBalancerTask (ContainerBalancerTask.java:lambda$initializeIteration$2(459)) - Datanode localhost-241.76.246.187 4b5b3e4a-279e-4a78-9dfc-3e823239d50b is Under-Utilized.
2023-06-18 19:16:04,656 [main] DEBUG balancer.ContainerBalancerTask (ContainerBalancerTask.java:matchSourceWithTarget(706)) - ContainerBalancer is finding suitable target for source datanode 2cb4ee9e-c19c-404f-a3ed-3d6144041b50
2023-06-18 19:16:04,656 [main] INFO  balancer.ContainerBalancerTask (ContainerBalancerTask.java:matchSourceWithTarget(720)) - ContainerBalancer matched source datanode 2cb4ee9e-c19c-404f-a3ed-3d6144041b50 with target datanode 46443b0c-81fa-4a6f-9d37-a7a3c6263282 for container move.
2023-06-18 19:16:04,656 [main] INFO  balancer.ContainerBalancerTask (ContainerBalancerTask.java:processMoveSelection(569)) - ContainerBalancer is trying to move container #85 with size 5368709120B from source datanode 2cb4ee9e-c19c-404f-a3ed-3d6144041b50 to target datanode 46443b0c-81fa-4a6f-9d37-a7a3c6263282
2023-06-18 19:16:04,657 [main] DEBUG balancer.ContainerBalancerTask (ContainerBalancerTask.java:lambda$moveContainer$3(834)) - Container move completed for container #85 from source 2cb4ee9e-c19c-404f-a3ed-3d6144041b50 to target 46443b0c-81fa-4a6f-9d37-a7a3c6263282
2023-06-18 19:16:04,660 [main] DEBUG balancer.ContainerBalancerTask (ContainerBalancerTask.java:matchSourceWithTarget(706)) - ContainerBalancer is finding suitable target for source datanode 2cb4ee9e-c19c-404f-a3ed-3d6144041b50
2023-06-18 19:16:04,660 [main] INFO  balancer.ContainerBalancerTask (ContainerBalancerTask.java:matchSourceWithTarget(720)) - ContainerBalancer matched source datanode 2cb4ee9e-c19c-404f-a3ed-3d6144041b50 with target datanode 4b5b3e4a-279e-4a78-9dfc-3e823239d50b for container move.
2023-06-18 19:16:04,661 [main] INFO  balancer.ContainerBalancerTask (ContainerBalancerTask.java:processMoveSelection(569)) - ContainerBalancer is trying to move container #53 with size 5368709120B from source datanode 2cb4ee9e-c19c-404f-a3ed-3d6144041b50 to target datanode 4b5b3e4a-279e-4a78-9dfc-3e823239d50b
2023-06-18 19:16:04,661 [main] DEBUG balancer.ContainerBalancerTask (ContainerBalancerTask.java:lambda$moveContainer$3(834)) - Container move completed for container #53 from source 2cb4ee9e-c19c-404f-a3ed-3d6144041b50 to target 4b5b3e4a-279e-4a78-9dfc-3e823239d50b
2023-06-18 19:16:04,664 [main] DEBUG balancer.ContainerBalancerTask (ContainerBalancerTask.java:matchSourceWithTarget(706)) - ContainerBalancer is finding suitable target for source datanode f561b242-3335-48fc-9447-4b53fc7bc5f8
2023-06-18 19:16:04,664 [main] INFO  balancer.ContainerBalancerTask (ContainerBalancerTask.java:matchSourceWithTarget(720)) - ContainerBalancer matched source datanode f561b242-3335-48fc-9447-4b53fc7bc5f8 with target datanode 4b5b3e4a-279e-4a78-9dfc-3e823239d50b for container move.
2023-06-18 19:16:04,664 [main] INFO  balancer.ContainerBalancerTask (ContainerBalancerTask.java:processMoveSelection(569)) - ContainerBalancer is trying to move container #67 with size 4294967296B from source datanode f561b242-3335-48fc-9447-4b53fc7bc5f8 to target datanode 4b5b3e4a-279e-4a78-9dfc-3e823239d50b
2023-06-18 19:16:04,664 [main] DEBUG balancer.ContainerBalancerTask (ContainerBalancerTask.java:lambda$moveContainer$3(834)) - Container move completed for container #67 from source f561b242-3335-48fc-9447-4b53fc7bc5f8 to target 4b5b3e4a-279e-4a78-9dfc-3e823239d50b
2023-06-18 19:16:04,668 [main] DEBUG balancer.ContainerBalancerTask (ContainerBalancerTask.java:matchSourceWithTarget(706)) - ContainerBalancer is finding suitable target for source datanode 2cb4ee9e-c19c-404f-a3ed-3d6144041b50
2023-06-18 19:16:04,668 [main] INFO  balancer.ContainerBalancerTask (ContainerBalancerTask.java:matchSourceWithTarget(720)) - ContainerBalancer matched source datanode 2cb4ee9e-c19c-404f-a3ed-3d6144041b50 with target datanode 4b5b3e4a-279e-4a78-9dfc-3e823239d50b for container move.
2023-06-18 19:16:04,668 [main] INFO  balancer.ContainerBalancerTask (ContainerBalancerTask.java:processMoveSelection(569)) - ContainerBalancer is trying to move container #40 with size 5368709120B from source datanode 2cb4ee9e-c19c-404f-a3ed-3d6144041b50 to target datanode 4b5b3e4a-279e-4a78-9dfc-3e823239d50b
2023-06-18 19:16:04,668 [main] DEBUG balancer.ContainerBalancerTask (ContainerBalancerTask.java:lambda$moveContainer$3(834)) - Container move completed for container #40 from source 2cb4ee9e-c19c-404f-a3ed-3d6144041b50 to target 4b5b3e4a-279e-4a78-9dfc-3e823239d50b
2023-06-18 19:16:04,671 [main] DEBUG balancer.ContainerBalancerTask (ContainerBalancerTask.java:matchSourceWithTarget(706)) - ContainerBalancer is finding suitable target for source datanode f561b242-3335-48fc-9447-4b53fc7bc5f8
2023-06-18 19:16:04,672 [main] INFO  balancer.ContainerBalancerTask (ContainerBalancerTask.java:matchSourceWithTarget(720)) - ContainerBalancer matched source datanode f561b242-3335-48fc-9447-4b53fc7bc5f8 with target datanode 4b5b3e4a-279e-4a78-9dfc-3e823239d50b for container move.
2023-06-18 19:16:04,672 [main] INFO  balancer.ContainerBalancerTask (ContainerBalancerTask.java:processMoveSelection(569)) - ContainerBalancer is trying to move container #28 with size 4294967296B from source datanode f561b242-3335-48fc-9447-4b53fc7bc5f8 to target datanode 4b5b3e4a-279e-4a78-9dfc-3e823239d50b
2023-06-18 19:16:04,672 [main] DEBUG balancer.ContainerBalancerTask (ContainerBalancerTask.java:lambda$moveContainer$3(834)) - Container move completed for container #28 from source f561b242-3335-48fc-9447-4b53fc7bc5f8 to target 4b5b3e4a-279e-4a78-9dfc-3e823239d50b
2023-06-18 19:16:04,674 [main] DEBUG balancer.ContainerBalancerTask (ContainerBalancerTask.java:matchSourceWithTarget(706)) - ContainerBalancer is finding suitable target for source datanode 7859977f-1ea7-4bc0-b7d1-c26742d71d21
2023-06-18 19:16:04,675 [main] INFO  balancer.ContainerBalancerTask (ContainerBalancerTask.java:matchSourceWithTarget(720)) - ContainerBalancer matched source datanode 7859977f-1ea7-4bc0-b7d1-c26742d71d21 with target datanode 4b5b3e4a-279e-4a78-9dfc-3e823239d50b for container move.
2023-06-18 19:16:04,675 [main] INFO  balancer.ContainerBalancerTask (ContainerBalancerTask.java:processMoveSelection(569)) - ContainerBalancer is trying to move container #29 with size 5368709120B from source datanode 7859977f-1ea7-4bc0-b7d1-c26742d71d21 to target datanode 4b5b3e4a-279e-4a78-9dfc-3e823239d50b
2023-06-18 19:16:04,675 [main] DEBUG balancer.ContainerBalancerTask (ContainerBalancerTask.java:lambda$moveContainer$3(834)) - Container move completed for container #29 from source 7859977f-1ea7-4bc0-b7d1-c26742d71d21 to target 4b5b3e4a-279e-4a78-9dfc-3e823239d50b
2023-06-18 19:16:04,679 [main] DEBUG balancer.ContainerBalancerTask (ContainerBalancerTask.java:matchSourceWithTarget(706)) - ContainerBalancer is finding suitable target for source datanode 2cb4ee9e-c19c-404f-a3ed-3d6144041b50
2023-06-18 19:16:04,679 [main] INFO  balancer.ContainerBalancerTask (ContainerBalancerTask.java:matchSourceWithTarget(720)) - ContainerBalancer matched source datanode 2cb4ee9e-c19c-404f-a3ed-3d6144041b50 with target datanode 4b5b3e4a-279e-4a78-9dfc-3e823239d50b for container move.
2023-06-18 19:16:04,679 [main] INFO  balancer.ContainerBalancerTask (ContainerBalancerTask.java:processMoveSelection(569)) - ContainerBalancer is trying to move container #89 with size 4294967296B from source datanode 2cb4ee9e-c19c-404f-a3ed-3d6144041b50 to target datanode 4b5b3e4a-279e-4a78-9dfc-3e823239d50b
2023-06-18 19:16:04,679 [main] DEBUG balancer.ContainerBalancerTask (ContainerBalancerTask.java:lambda$moveContainer$3(834)) - Container move completed for container #89 from source 2cb4ee9e-c19c-404f-a3ed-3d6144041b50 to target 4b5b3e4a-279e-4a78-9dfc-3e823239d50b
2023-06-18 19:16:04,683 [main] DEBUG balancer.ContainerBalancerTask (ContainerBalancerTask.java:matchSourceWithTarget(706)) - ContainerBalancer is finding suitable target for source datanode f561b242-3335-48fc-9447-4b53fc7bc5f8
2023-06-18 19:16:04,683 [main] INFO  balancer.ContainerBalancerTask (ContainerBalancerTask.java:matchSourceWithTarget(720)) - ContainerBalancer matched source datanode f561b242-3335-48fc-9447-4b53fc7bc5f8 with target datanode 4b5b3e4a-279e-4a78-9dfc-3e823239d50b for container move.
2023-06-18 19:16:04,683 [main] INFO  balancer.ContainerBalancerTask (ContainerBalancerTask.java:processMoveSelection(569)) - ContainerBalancer is trying to move container #71 with size 3221225472B from source datanode f561b242-3335-48fc-9447-4b53fc7bc5f8 to target datanode 4b5b3e4a-279e-4a78-9dfc-3e823239d50b
2023-06-18 19:16:04,683 [main] DEBUG balancer.ContainerBalancerTask (ContainerBalancerTask.java:lambda$moveContainer$3(834)) - Container move completed for container #71 from source f561b242-3335-48fc-9447-4b53fc7bc5f8 to target 4b5b3e4a-279e-4a78-9dfc-3e823239d50b
2023-06-18 19:16:04,687 [main] DEBUG balancer.ContainerBalancerTask (ContainerBalancerTask.java:matchSourceWithTarget(706)) - ContainerBalancer is finding suitable target for source datanode 2cb4ee9e-c19c-404f-a3ed-3d6144041b50
2023-06-18 19:16:04,687 [main] INFO  balancer.ContainerBalancerTask (ContainerBalancerTask.java:matchSourceWithTarget(720)) - ContainerBalancer matched source datanode 2cb4ee9e-c19c-404f-a3ed-3d6144041b50 with target datanode 4b5b3e4a-279e-4a78-9dfc-3e823239d50b for container move.
2023-06-18 19:16:04,687 [main] INFO  balancer.ContainerBalancerTask (ContainerBalancerTask.java:processMoveSelection(569)) - ContainerBalancer is trying to move container #84 with size 4294967296B from source datanode 2cb4ee9e-c19c-404f-a3ed-3d6144041b50 to target datanode 4b5b3e4a-279e-4a78-9dfc-3e823239d50b
2023-06-18 19:16:04,688 [main] DEBUG balancer.ContainerBalancerTask (ContainerBalancerTask.java:lambda$moveContainer$3(834)) - Container move completed for container #84 from source 2cb4ee9e-c19c-404f-a3ed-3d6144041b50 to target 4b5b3e4a-279e-4a78-9dfc-3e823239d50b
2023-06-18 19:16:04,691 [main] DEBUG balancer.ContainerBalancerTask (ContainerBalancerTask.java:matchSourceWithTarget(706)) - ContainerBalancer is finding suitable target for source datanode f561b242-3335-48fc-9447-4b53fc7bc5f8
2023-06-18 19:16:04,691 [main] INFO  balancer.ContainerBalancerTask (ContainerBalancerTask.java:matchSourceWithTarget(720)) - ContainerBalancer matched source datanode f561b242-3335-48fc-9447-4b53fc7bc5f8 with target datanode 4b5b3e4a-279e-4a78-9dfc-3e823239d50b for container move.
2023-06-18 19:16:04,691 [main] INFO  balancer.ContainerBalancerTask (ContainerBalancerTask.java:processMoveSelection(569)) - ContainerBalancer is trying to move container #66 with size 3221225472B from source datanode f561b242-3335-48fc-9447-4b53fc7bc5f8 to target datanode 4b5b3e4a-279e-4a78-9dfc-3e823239d50b
2023-06-18 19:16:04,691 [main] DEBUG balancer.ContainerBalancerTask (ContainerBalancerTask.java:lambda$moveContainer$3(834)) - Container move completed for container #66 from source f561b242-3335-48fc-9447-4b53fc7bc5f8 to target 4b5b3e4a-279e-4a78-9dfc-3e823239d50b
2023-06-18 19:16:04,694 [main] DEBUG balancer.ContainerBalancerTask (ContainerBalancerTask.java:matchSourceWithTarget(706)) - ContainerBalancer is finding suitable target for source datanode 7859977f-1ea7-4bc0-b7d1-c26742d71d21
2023-06-18 19:16:04,694 [main] INFO  balancer.ContainerBalancerTask (ContainerBalancerTask.java:matchSourceWithTarget(720)) - ContainerBalancer matched source datanode 7859977f-1ea7-4bc0-b7d1-c26742d71d21 with target datanode 4b5b3e4a-279e-4a78-9dfc-3e823239d50b for container move.
2023-06-18 19:16:04,694 [main] INFO  balancer.ContainerBalancerTask (ContainerBalancerTask.java:processMoveSelection(569)) - ContainerBalancer is trying to move container #52 with size 4294967296B from source datanode 7859977f-1ea7-4bc0-b7d1-c26742d71d21 to target datanode 4b5b3e4a-279e-4a78-9dfc-3e823239d50b
2023-06-18 19:16:04,695 [main] DEBUG balancer.ContainerBalancerTask (ContainerBalancerTask.java:lambda$moveContainer$3(834)) - Container move completed for container #52 from source 7859977f-1ea7-4bc0-b7d1-c26742d71d21 to target 4b5b3e4a-279e-4a78-9dfc-3e823239d50b
2023-06-18 19:16:04,698 [main] DEBUG balancer.ContainerBalancerTask (ContainerBalancerTask.java:matchSourceWithTarget(706)) - ContainerBalancer is finding suitable target for source datanode b8442ff8-62ef-46df-9b6d-d4389bc10a30
2023-06-18 19:16:04,698 [main] INFO  balancer.ContainerBalancerTask (ContainerBalancerTask.java:matchSourceWithTarget(720)) - ContainerBalancer matched source datanode b8442ff8-62ef-46df-9b6d-d4389bc10a30 with target datanode 4b5b3e4a-279e-4a78-9dfc-3e823239d50b for container move.
2023-06-18 19:16:04,698 [main] INFO  balancer.ContainerBalancerTask (ContainerBalancerTask.java:processMoveSelection(569)) - ContainerBalancer is trying to move container #19 with size 4294967296B from source datanode b8442ff8-62ef-46df-9b6d-d4389bc10a30 to target datanode 4b5b3e4a-279e-4a78-9dfc-3e823239d50b
2023-06-18 19:16:04,698 [main] DEBUG balancer.ContainerBalancerTask (ContainerBalancerTask.java:lambda$moveContainer$3(834)) - Container move completed for container #19 from source b8442ff8-62ef-46df-9b6d-d4389bc10a30 to target 4b5b3e4a-279e-4a78-9dfc-3e823239d50b
2023-06-18 19:16:04,698 [main] WARN  balancer.ContainerBalancerTask (ContainerBalancerTask.java:reachedMaxSizeToMovePerIteration(731)) - Reached max size to move limit. 53687091200 bytes have already been scheduled for balancing and the limit is 53687091200 bytes.
2023-06-18 19:16:04,698 [main] INFO  balancer.ContainerBalancerTask (ContainerBalancerTask.java:checkIterationMoveResults(640)) - Iteration Summary. Number of Datanodes involved: 6. Size moved: 50 GB (53687091200 Bytes). Number of Container moves completed: 12.
2023-06-18 19:16:04,699 [main] INFO  balancer.ContainerBalancerTask (ContainerBalancerTask.java:balance(259)) - Result of this iteration of Container Balancer: ITERATION_COMPLETED
2023-06-18 19:16:04,699 [main] INFO  balancer.ContainerBalancerTask (ContainerBalancerTask.java:tryStopWithSaveConfiguration(308)) - Save Configuration for stopping. Reason: Completed all iterations.
2023-06-18 19:16:04,699 [main] DEBUG balancer.ContainerBalancerTask (ContainerBalancerTask.java:initializeIteration(374)) - Average utilization of the cluster is 0.3528343298275165
2023-06-18 19:16:04,700 [main] DEBUG balancer.ContainerBalancerTask (ContainerBalancerTask.java:initializeIteration(386)) - Lower limit for utilization is -0.420702031839011 and Upper limit for utilization is 1.126370691494044
2023-06-18 19:16:04,700 [main] DEBUG balancer.ContainerBalancerTask (ContainerBalancerTask.java:initializeIteration(398)) - Utilization for node 2cb4ee9e-c19c-404f-a3ed-3d6144041b50 with capacity 73968881208B, used 66571993088B, and remaining 7396888120B is 0.9000000000108154
2023-06-18 19:16:04,700 [main] DEBUG balancer.ContainerBalancerTask (ContainerBalancerTask.java:initializeIteration(398)) - Utilization for node f561b242-3335-48fc-9447-4b53fc7bc5f8 with capacity 67108864000B, used 53687091200B, and remaining 13421772800B is 0.8
2023-06-18 19:16:04,700 [main] DEBUG balancer.ContainerBalancerTask (ContainerBalancerTask.java:initializeIteration(398)) - Utilization for node 7859977f-1ea7-4bc0-b7d1-c26742d71d21 with capacity 65958426331B, used 46170898432B, and remaining 19787527899B is 0.7000000000045483
2023-06-18 19:16:04,700 [main] DEBUG balancer.ContainerBalancerTask (ContainerBalancerTask.java:initializeIteration(398)) - Utilization for node b8442ff8-62ef-46df-9b6d-d4389bc10a30 with capacity 60845370026B, used 36507222016B, and remaining 24338148010B is 0.600000000006574
2023-06-18 19:16:04,700 [main] DEBUG balancer.ContainerBalancerTask (ContainerBalancerTask.java:initializeIteration(398)) - Utilization for node cbebd0b5-ef73-44e7-b715-317ca461999f with capacity 77309411328B, used 38654705664B, and remaining 38654705664B is 0.5
2023-06-18 19:16:04,700 [main] DEBUG balancer.ContainerBalancerTask (ContainerBalancerTask.java:initializeIteration(398)) - Utilization for node 81f146c9-30f4-49b4-9849-732517a5c152 with capacity 136902082560B, used 54760833024B, and remaining 82141249536B is 0.4
2023-06-18 19:16:04,700 [main] DEBUG balancer.ContainerBalancerTask (ContainerBalancerTask.java:initializeIteration(398)) - Utilization for node e8b04c08-93ad-4b6c-960d-529125ea2b59 with capacity 114532461226B, used 34359738368B, and remaining 80172722858B is 0.3000000000017462
2023-06-18 19:16:04,700 [main] DEBUG balancer.ContainerBalancerTask (ContainerBalancerTask.java:initializeIteration(398)) - Utilization for node da14d8b9-c267-45c1-b6d1-d5ce70c927be with capacity 150323855360B, used 30064771072B, and remaining 120259084288B is 0.2
2023-06-18 19:16:04,701 [main] DEBUG balancer.ContainerBalancerTask (ContainerBalancerTask.java:initializeIteration(398)) - Utilization for node 4b5b3e4a-279e-4a78-9dfc-3e823239d50b with capacity 365072220160B, used 36507222016B, and remaining 328564998144B is 0.1
2023-06-18 19:16:04,701 [main] DEBUG balancer.ContainerBalancerTask (ContainerBalancerTask.java:initializeIteration(398)) - Utilization for node 46443b0c-81fa-4a6f-9d37-a7a3c6263282 with capacity 13958643712B, used 0B, and remaining 13958643712B is 0.0
2023-06-18 19:16:04,701 [main] INFO  balancer.ContainerBalancerTask (ContainerBalancerTask.java:initializeIteration(443)) - Did not find any unbalanced Datanodes.
2023-06-18 19:16:04,701 [main] INFO  balancer.ContainerBalancerTask (ContainerBalancerTask.java:tryStopWithSaveConfiguration(308)) - Save Configuration for stopping. Reason: Could not initialize ContainerBalancer's iteration number 0
2023-06-18 19:16:04,701 [main] DEBUG balancer.ContainerBalancerTask (ContainerBalancerTask.java:initializeIteration(374)) - Average utilization of the cluster is 0.3528343298275165
2023-06-18 19:16:04,702 [main] DEBUG balancer.ContainerBalancerTask (ContainerBalancerTask.java:initializeIteration(386)) - Lower limit for utilization is -0.5516039434840506 and Upper limit for utilization is 1.2572726031390835
2023-06-18 19:16:04,702 [main] DEBUG balancer.ContainerBalancerTask (ContainerBalancerTask.java:initializeIteration(398)) - Utilization for node 2cb4ee9e-c19c-404f-a3ed-3d6144041b50 with capacity 73968881208B, used 66571993088B, and remaining 7396888120B is 0.9000000000108154
2023-06-18 19:16:04,702 [main] DEBUG balancer.ContainerBalancerTask (ContainerBalancerTask.java:initializeIteration(398)) - Utilization for node f561b242-3335-48fc-9447-4b53fc7bc5f8 with capacity 67108864000B, used 53687091200B, and remaining 13421772800B is 0.8
2023-06-18 19:16:04,702 [main] DEBUG balancer.ContainerBalancerTask (ContainerBalancerTask.java:initializeIteration(398)) - Utilization for node 7859977f-1ea7-4bc0-b7d1-c26742d71d21 with capacity 65958426331B, used 46170898432B, and remaining 19787527899B is 0.7000000000045483
2023-06-18 19:16:04,702 [main] DEBUG balancer.ContainerBalancerTask (ContainerBalancerTask.java:initializeIteration(398)) - Utilization for node b8442ff8-62ef-46df-9b6d-d4389bc10a30 with capacity 60845370026B, used 36507222016B, and remaining 24338148010B is 0.600000000006574
2023-06-18 19:16:04,702 [main] DEBUG balancer.ContainerBalancerTask (ContainerBalancerTask.java:initializeIteration(398)) - Utilization for node cbebd0b5-ef73-44e7-b715-317ca461999f with capacity 77309411328B, used 38654705664B, and remaining 38654705664B is 0.5
2023-06-18 19:16:04,702 [main] DEBUG balancer.ContainerBalancerTask (ContainerBalancerTask.java:initializeIteration(398)) - Utilization for node 81f146c9-30f4-49b4-9849-732517a5c152 with capacity 136902082560B, used 54760833024B, and remaining 82141249536B is 0.4
2023-06-18 19:16:04,702 [main] DEBUG balancer.ContainerBalancerTask (ContainerBalancerTask.java:initializeIteration(398)) - Utilization for node e8b04c08-93ad-4b6c-960d-529125ea2b59 with capacity 114532461226B, used 34359738368B, and remaining 80172722858B is 0.3000000000017462
2023-06-18 19:16:04,703 [main] DEBUG balancer.ContainerBalancerTask (ContainerBalancerTask.java:initializeIteration(398)) - Utilization for node da14d8b9-c267-45c1-b6d1-d5ce70c927be with capacity 150323855360B, used 30064771072B, and remaining 120259084288B is 0.2
2023-06-18 19:16:04,703 [main] DEBUG balancer.ContainerBalancerTask (ContainerBalancerTask.java:initializeIteration(398)) - Utilization for node 4b5b3e4a-279e-4a78-9dfc-3e823239d50b with capacity 365072220160B, used 36507222016B, and remaining 328564998144B is 0.1
2023-06-18 19:16:04,703 [main] DEBUG balancer.ContainerBalancerTask (ContainerBalancerTask.java:initializeIteration(398)) - Utilization for node 46443b0c-81fa-4a6f-9d37-a7a3c6263282 with capacity 13958643712B, used 0B, and remaining 13958643712B is 0.0
2023-06-18 19:16:04,703 [main] INFO  balancer.ContainerBalancerTask (ContainerBalancerTask.java:initializeIteration(443)) - Did not find any unbalanced Datanodes.
2023-06-18 19:16:04,703 [main] INFO  balancer.ContainerBalancerTask (ContainerBalancerTask.java:tryStopWithSaveConfiguration(308)) - Save Configuration for stopping. Reason: Could not initialize ContainerBalancer's iteration number 0
]]></system-out>
  </testcase>
  <testcase name="balancerShouldObeyMaxSizeEnteringTargetLimit" classname="org.apache.hadoop.hdds.scm.container.balancer.TestContainerBalancerTask" time="0.806">
    <system-out><![CDATA[2023-06-18 19:16:04,729 [main] INFO  net.NodeSchemaLoader (NodeSchemaLoader.java:loadSchemaFromFile(129)) - Loading schema from [file:/home/runner/work/ozone/ozone/hadoop-hdds/common/target/classes/network-topology-default.xml]
2023-06-18 19:16:04,729 [main] INFO  net.NodeSchemaLoader (NodeSchemaLoader.java:loadSchema(176)) - Loading network topology layer schema file
2023-06-18 19:16:04,731 [main] INFO  net.NetworkTopologyImpl (NetworkTopologyImpl.java:add(112)) - Added a new node: /default-rack/7b0502e6-5de0-46a5-96cf-c80e2f7c1e9a
2023-06-18 19:16:04,731 [main] INFO  net.NetworkTopologyImpl (NetworkTopologyImpl.java:add(112)) - Added a new node: /default-rack/c1f19c2d-dc5f-4613-b45c-b76b50bbbecf
2023-06-18 19:16:04,731 [main] INFO  net.NetworkTopologyImpl (NetworkTopologyImpl.java:add(112)) - Added a new node: /default-rack/9071d380-1069-48c8-8920-f2f690aa0f2f
2023-06-18 19:16:04,731 [main] INFO  net.NetworkTopologyImpl (NetworkTopologyImpl.java:add(112)) - Added a new node: /default-rack/0e78bd91-06bc-4323-80c3-8c8ce00ff1a2
2023-06-18 19:16:04,732 [main] INFO  net.NetworkTopologyImpl (NetworkTopologyImpl.java:add(112)) - Added a new node: /default-rack/8b42ed92-7f18-4a14-8c87-d5cb82cb1d4e
2023-06-18 19:16:04,732 [main] INFO  net.NetworkTopologyImpl (NetworkTopologyImpl.java:add(112)) - Added a new node: /default-rack/faa8c76c-0fba-490f-86fa-715a892222d5
2023-06-18 19:16:04,732 [main] INFO  net.NetworkTopologyImpl (NetworkTopologyImpl.java:add(112)) - Added a new node: /default-rack/bdab6d36-55f0-4f26-b1ea-2524104be2f8
2023-06-18 19:16:04,732 [main] INFO  net.NetworkTopologyImpl (NetworkTopologyImpl.java:add(112)) - Added a new node: /default-rack/051d69d9-e32f-42b3-9b5b-abca16348777
2023-06-18 19:16:04,732 [main] INFO  net.NetworkTopologyImpl (NetworkTopologyImpl.java:add(112)) - Added a new node: /default-rack/eea0c65a-f0f8-497c-831e-67b296f88ca1
2023-06-18 19:16:04,732 [main] INFO  net.NetworkTopologyImpl (NetworkTopologyImpl.java:add(112)) - Added a new node: /default-rack/11352461-adbe-4c4d-9add-754ebe7e7595
2023-06-18 19:16:04,732 [main] INFO  algorithms.ContainerPlacementPolicyFactory (ContainerPlacementPolicyFactory.java:getPolicyInternal(86)) - Create container placement policy of type org.apache.hadoop.hdds.scm.container.placement.algorithms.SCMContainerPlacementRackAware
2023-06-18 19:16:04,732 [main] INFO  algorithms.ContainerPlacementPolicyFactory (ContainerPlacementPolicyFactory.java:getPolicyInternal(86)) - Create container placement policy of type org.apache.hadoop.hdds.scm.container.placement.algorithms.SCMContainerPlacementRackScatter
2023-06-18 19:16:04,735 [main] DEBUG balancer.ContainerBalancerTask (ContainerBalancerTask.java:initializeIteration(374)) - Average utilization of the cluster is 0.36036372114784043
2023-06-18 19:16:04,735 [main] DEBUG balancer.ContainerBalancerTask (ContainerBalancerTask.java:initializeIteration(386)) - Lower limit for utilization is 0.26036372114784045 and Upper limit for utilization is 0.4603637211478404
2023-06-18 19:16:04,735 [main] DEBUG balancer.ContainerBalancerTask (ContainerBalancerTask.java:initializeIteration(398)) - Utilization for node 11352461-adbe-4c4d-9add-754ebe7e7595 with capacity 60845370026B, used 54760833024B, and remaining 6084537002B is 0.900000000009861
2023-06-18 19:16:04,735 [main] DEBUG balancer.ContainerBalancerTask (ContainerBalancerTask.java:initializeIteration(398)) - Utilization for node 051d69d9-e32f-42b3-9b5b-abca16348777 with capacity 75161927680B, used 60129542144B, and remaining 15032385536B is 0.8
2023-06-18 19:16:04,736 [main] DEBUG balancer.ContainerBalancerTask (ContainerBalancerTask.java:initializeIteration(398)) - Utilization for node 7b0502e6-5de0-46a5-96cf-c80e2f7c1e9a with capacity 56754924982B, used 39728447488B, and remaining 17026477494B is 0.7000000000105717
2023-06-18 19:16:04,736 [main] DEBUG balancer.ContainerBalancerTask (ContainerBalancerTask.java:initializeIteration(398)) - Utilization for node 9071d380-1069-48c8-8920-f2f690aa0f2f with capacity 89478485333B, used 53687091200B, and remaining 35791394133B is 0.6000000000022352
2023-06-18 19:16:04,736 [main] DEBUG balancer.ContainerBalancerTask (ContainerBalancerTask.java:initializeIteration(398)) - Utilization for node 8b42ed92-7f18-4a14-8c87-d5cb82cb1d4e with capacity 81604378624B, used 40802189312B, and remaining 40802189312B is 0.5
2023-06-18 19:16:04,736 [main] DEBUG balancer.ContainerBalancerTask (ContainerBalancerTask.java:initializeIteration(398)) - Utilization for node c1f19c2d-dc5f-4613-b45c-b76b50bbbecf with capacity 139586437120B, used 55834574848B, and remaining 83751862272B is 0.4
2023-06-18 19:16:04,736 [main] DEBUG balancer.ContainerBalancerTask (ContainerBalancerTask.java:initializeIteration(398)) - Utilization for node bdab6d36-55f0-4f26-b1ea-2524104be2f8 with capacity 100215903573B, used 30064771072B, and remaining 70151132501B is 0.30000000000099786
2023-06-18 19:16:04,736 [main] DEBUG balancer.ContainerBalancerTask (ContainerBalancerTask.java:initializeIteration(398)) - Utilization for node eea0c65a-f0f8-497c-831e-67b296f88ca1 with capacity 166429982720B, used 33285996544B, and remaining 133143986176B is 0.2
2023-06-18 19:16:04,736 [main] DEBUG balancer.ContainerBalancerTask (ContainerBalancerTask.java:initializeIteration(398)) - Utilization for node 0e78bd91-06bc-4323-80c3-8c8ce00ff1a2 with capacity 268435456000B, used 26843545600B, and remaining 241591910400B is 0.1
2023-06-18 19:16:04,736 [main] DEBUG balancer.ContainerBalancerTask (ContainerBalancerTask.java:initializeIteration(398)) - Utilization for node faa8c76c-0fba-490f-86fa-715a892222d5 with capacity 57982058496B, used 0B, and remaining 57982058496B is 0.0
2023-06-18 19:16:04,736 [main] INFO  balancer.ContainerBalancerTask (ContainerBalancerTask.java:initializeIteration(447)) - Container Balancer has identified 5 Over-Utilized and 3 Under-Utilized Datanodes that need to be balanced.
2023-06-18 19:16:04,737 [main] DEBUG balancer.ContainerBalancerTask (ContainerBalancerTask.java:lambda$initializeIteration$1(453)) - Datanode localhost-9.46.26.172 11352461-adbe-4c4d-9add-754ebe7e7595 is Over-Utilized.
2023-06-18 19:16:04,737 [main] DEBUG balancer.ContainerBalancerTask (ContainerBalancerTask.java:lambda$initializeIteration$1(453)) - Datanode localhost-166.229.49.207 051d69d9-e32f-42b3-9b5b-abca16348777 is Over-Utilized.
2023-06-18 19:16:04,737 [main] DEBUG balancer.ContainerBalancerTask (ContainerBalancerTask.java:lambda$initializeIteration$1(453)) - Datanode localhost-133.244.166.90 7b0502e6-5de0-46a5-96cf-c80e2f7c1e9a is Over-Utilized.
2023-06-18 19:16:04,737 [main] DEBUG balancer.ContainerBalancerTask (ContainerBalancerTask.java:lambda$initializeIteration$1(453)) - Datanode localhost-200.144.94.12 9071d380-1069-48c8-8920-f2f690aa0f2f is Over-Utilized.
2023-06-18 19:16:04,737 [main] DEBUG balancer.ContainerBalancerTask (ContainerBalancerTask.java:lambda$initializeIteration$1(453)) - Datanode localhost-200.239.176.196 8b42ed92-7f18-4a14-8c87-d5cb82cb1d4e is Over-Utilized.
2023-06-18 19:16:04,737 [main] DEBUG balancer.ContainerBalancerTask (ContainerBalancerTask.java:lambda$initializeIteration$2(459)) - Datanode localhost-19.73.250.95 faa8c76c-0fba-490f-86fa-715a892222d5 is Under-Utilized.
2023-06-18 19:16:04,737 [main] DEBUG balancer.ContainerBalancerTask (ContainerBalancerTask.java:lambda$initializeIteration$2(459)) - Datanode localhost-198.68.54.68 0e78bd91-06bc-4323-80c3-8c8ce00ff1a2 is Under-Utilized.
2023-06-18 19:16:04,737 [main] DEBUG balancer.ContainerBalancerTask (ContainerBalancerTask.java:lambda$initializeIteration$2(459)) - Datanode localhost-86.44.25.163 eea0c65a-f0f8-497c-831e-67b296f88ca1 is Under-Utilized.
2023-06-18 19:16:04,740 [main] DEBUG balancer.ContainerBalancerTask (ContainerBalancerTask.java:matchSourceWithTarget(706)) - ContainerBalancer is finding suitable target for source datanode 11352461-adbe-4c4d-9add-754ebe7e7595
2023-06-18 19:16:04,743 [main] INFO  balancer.FindTargetGreedyByUsageInfo (AbstractFindTargetGreedy.java:findTargetForContainerMove(133)) - Container Balancer could not find a target for source datanode 11352461-adbe-4c4d-9add-754ebe7e7595
2023-06-18 19:16:04,743 [main] DEBUG balancer.ContainerBalancerTask (ContainerBalancerTask.java:matchSourceWithTarget(715)) - ContainerBalancer could not find a suitable target for source node 11352461-adbe-4c4d-9add-754ebe7e7595.
2023-06-18 19:16:04,746 [main] DEBUG balancer.ContainerBalancerTask (ContainerBalancerTask.java:matchSourceWithTarget(706)) - ContainerBalancer is finding suitable target for source datanode 051d69d9-e32f-42b3-9b5b-abca16348777
2023-06-18 19:16:04,749 [main] INFO  balancer.FindTargetGreedyByUsageInfo (AbstractFindTargetGreedy.java:findTargetForContainerMove(133)) - Container Balancer could not find a target for source datanode 051d69d9-e32f-42b3-9b5b-abca16348777
2023-06-18 19:16:04,749 [main] DEBUG balancer.ContainerBalancerTask (ContainerBalancerTask.java:matchSourceWithTarget(715)) - ContainerBalancer could not find a suitable target for source node 051d69d9-e32f-42b3-9b5b-abca16348777.
2023-06-18 19:16:04,752 [main] DEBUG balancer.ContainerBalancerTask (ContainerBalancerTask.java:matchSourceWithTarget(706)) - ContainerBalancer is finding suitable target for source datanode 7b0502e6-5de0-46a5-96cf-c80e2f7c1e9a
2023-06-18 19:16:04,754 [main] INFO  balancer.FindTargetGreedyByUsageInfo (AbstractFindTargetGreedy.java:findTargetForContainerMove(133)) - Container Balancer could not find a target for source datanode 7b0502e6-5de0-46a5-96cf-c80e2f7c1e9a
2023-06-18 19:16:04,754 [main] DEBUG balancer.ContainerBalancerTask (ContainerBalancerTask.java:matchSourceWithTarget(715)) - ContainerBalancer could not find a suitable target for source node 7b0502e6-5de0-46a5-96cf-c80e2f7c1e9a.
2023-06-18 19:16:04,757 [main] DEBUG balancer.ContainerBalancerTask (ContainerBalancerTask.java:matchSourceWithTarget(706)) - ContainerBalancer is finding suitable target for source datanode 9071d380-1069-48c8-8920-f2f690aa0f2f
2023-06-18 19:16:04,759 [main] INFO  balancer.FindTargetGreedyByUsageInfo (AbstractFindTargetGreedy.java:findTargetForContainerMove(133)) - Container Balancer could not find a target for source datanode 9071d380-1069-48c8-8920-f2f690aa0f2f
2023-06-18 19:16:04,759 [main] DEBUG balancer.ContainerBalancerTask (ContainerBalancerTask.java:matchSourceWithTarget(715)) - ContainerBalancer could not find a suitable target for source node 9071d380-1069-48c8-8920-f2f690aa0f2f.
2023-06-18 19:16:04,762 [main] DEBUG balancer.ContainerBalancerTask (ContainerBalancerTask.java:matchSourceWithTarget(706)) - ContainerBalancer is finding suitable target for source datanode 8b42ed92-7f18-4a14-8c87-d5cb82cb1d4e
2023-06-18 19:16:04,764 [main] INFO  balancer.FindTargetGreedyByUsageInfo (AbstractFindTargetGreedy.java:findTargetForContainerMove(133)) - Container Balancer could not find a target for source datanode 8b42ed92-7f18-4a14-8c87-d5cb82cb1d4e
2023-06-18 19:16:04,764 [main] DEBUG balancer.ContainerBalancerTask (ContainerBalancerTask.java:matchSourceWithTarget(715)) - ContainerBalancer could not find a suitable target for source node 8b42ed92-7f18-4a14-8c87-d5cb82cb1d4e.
2023-06-18 19:16:04,764 [main] INFO  balancer.FindSourceGreedy (FindSourceGreedy.java:getNextCandidateSourceDataNode(126)) - no more candidate source data node
2023-06-18 19:16:04,764 [main] INFO  balancer.ContainerBalancerTask (ContainerBalancerTask.java:balance(259)) - Result of this iteration of Container Balancer: CAN_NOT_BALANCE_ANY_MORE
2023-06-18 19:16:04,764 [main] INFO  balancer.ContainerBalancerTask (ContainerBalancerTask.java:tryStopWithSaveConfiguration(308)) - Save Configuration for stopping. Reason: CAN_NOT_BALANCE_ANY_MORE
2023-06-18 19:16:05,193 [main] DEBUG balancer.ContainerBalancerTask (ContainerBalancerTask.java:initializeIteration(374)) - Average utilization of the cluster is 0.36036372114784043
2023-06-18 19:16:05,193 [main] DEBUG balancer.ContainerBalancerTask (ContainerBalancerTask.java:initializeIteration(386)) - Lower limit for utilization is 0.26036372114784045 and Upper limit for utilization is 0.4603637211478404
2023-06-18 19:16:05,193 [main] DEBUG balancer.ContainerBalancerTask (ContainerBalancerTask.java:initializeIteration(398)) - Utilization for node 11352461-adbe-4c4d-9add-754ebe7e7595 with capacity 60845370026B, used 54760833024B, and remaining 6084537002B is 0.900000000009861
2023-06-18 19:16:05,194 [main] DEBUG balancer.ContainerBalancerTask (ContainerBalancerTask.java:initializeIteration(398)) - Utilization for node 051d69d9-e32f-42b3-9b5b-abca16348777 with capacity 75161927680B, used 60129542144B, and remaining 15032385536B is 0.8
2023-06-18 19:16:05,194 [main] DEBUG balancer.ContainerBalancerTask (ContainerBalancerTask.java:initializeIteration(398)) - Utilization for node 7b0502e6-5de0-46a5-96cf-c80e2f7c1e9a with capacity 56754924982B, used 39728447488B, and remaining 17026477494B is 0.7000000000105717
2023-06-18 19:16:05,194 [main] DEBUG balancer.ContainerBalancerTask (ContainerBalancerTask.java:initializeIteration(398)) - Utilization for node 9071d380-1069-48c8-8920-f2f690aa0f2f with capacity 89478485333B, used 53687091200B, and remaining 35791394133B is 0.6000000000022352
2023-06-18 19:16:05,194 [main] DEBUG balancer.ContainerBalancerTask (ContainerBalancerTask.java:initializeIteration(398)) - Utilization for node 8b42ed92-7f18-4a14-8c87-d5cb82cb1d4e with capacity 81604378624B, used 40802189312B, and remaining 40802189312B is 0.5
2023-06-18 19:16:05,194 [main] DEBUG balancer.ContainerBalancerTask (ContainerBalancerTask.java:initializeIteration(398)) - Utilization for node c1f19c2d-dc5f-4613-b45c-b76b50bbbecf with capacity 139586437120B, used 55834574848B, and remaining 83751862272B is 0.4
2023-06-18 19:16:05,194 [main] DEBUG balancer.ContainerBalancerTask (ContainerBalancerTask.java:initializeIteration(398)) - Utilization for node bdab6d36-55f0-4f26-b1ea-2524104be2f8 with capacity 100215903573B, used 30064771072B, and remaining 70151132501B is 0.30000000000099786
2023-06-18 19:16:05,194 [main] DEBUG balancer.ContainerBalancerTask (ContainerBalancerTask.java:initializeIteration(398)) - Utilization for node eea0c65a-f0f8-497c-831e-67b296f88ca1 with capacity 166429982720B, used 33285996544B, and remaining 133143986176B is 0.2
2023-06-18 19:16:05,194 [main] DEBUG balancer.ContainerBalancerTask (ContainerBalancerTask.java:initializeIteration(398)) - Utilization for node 0e78bd91-06bc-4323-80c3-8c8ce00ff1a2 with capacity 268435456000B, used 26843545600B, and remaining 241591910400B is 0.1
2023-06-18 19:16:05,194 [main] DEBUG balancer.ContainerBalancerTask (ContainerBalancerTask.java:initializeIteration(398)) - Utilization for node faa8c76c-0fba-490f-86fa-715a892222d5 with capacity 57982058496B, used 0B, and remaining 57982058496B is 0.0
2023-06-18 19:16:05,195 [main] INFO  balancer.ContainerBalancerTask (ContainerBalancerTask.java:initializeIteration(447)) - Container Balancer has identified 5 Over-Utilized and 3 Under-Utilized Datanodes that need to be balanced.
2023-06-18 19:16:05,195 [main] DEBUG balancer.ContainerBalancerTask (ContainerBalancerTask.java:lambda$initializeIteration$1(453)) - Datanode localhost-9.46.26.172 11352461-adbe-4c4d-9add-754ebe7e7595 is Over-Utilized.
2023-06-18 19:16:05,195 [main] DEBUG balancer.ContainerBalancerTask (ContainerBalancerTask.java:lambda$initializeIteration$1(453)) - Datanode localhost-166.229.49.207 051d69d9-e32f-42b3-9b5b-abca16348777 is Over-Utilized.
2023-06-18 19:16:05,195 [main] DEBUG balancer.ContainerBalancerTask (ContainerBalancerTask.java:lambda$initializeIteration$1(453)) - Datanode localhost-133.244.166.90 7b0502e6-5de0-46a5-96cf-c80e2f7c1e9a is Over-Utilized.
2023-06-18 19:16:05,195 [main] DEBUG balancer.ContainerBalancerTask (ContainerBalancerTask.java:lambda$initializeIteration$1(453)) - Datanode localhost-200.144.94.12 9071d380-1069-48c8-8920-f2f690aa0f2f is Over-Utilized.
2023-06-18 19:16:05,195 [main] DEBUG balancer.ContainerBalancerTask (ContainerBalancerTask.java:lambda$initializeIteration$1(453)) - Datanode localhost-200.239.176.196 8b42ed92-7f18-4a14-8c87-d5cb82cb1d4e is Over-Utilized.
2023-06-18 19:16:05,195 [main] DEBUG balancer.ContainerBalancerTask (ContainerBalancerTask.java:lambda$initializeIteration$2(459)) - Datanode localhost-19.73.250.95 faa8c76c-0fba-490f-86fa-715a892222d5 is Under-Utilized.
2023-06-18 19:16:05,195 [main] DEBUG balancer.ContainerBalancerTask (ContainerBalancerTask.java:lambda$initializeIteration$2(459)) - Datanode localhost-198.68.54.68 0e78bd91-06bc-4323-80c3-8c8ce00ff1a2 is Under-Utilized.
2023-06-18 19:16:05,195 [main] DEBUG balancer.ContainerBalancerTask (ContainerBalancerTask.java:lambda$initializeIteration$2(459)) - Datanode localhost-86.44.25.163 eea0c65a-f0f8-497c-831e-67b296f88ca1 is Under-Utilized.
2023-06-18 19:16:05,198 [main] DEBUG balancer.ContainerBalancerTask (ContainerBalancerTask.java:matchSourceWithTarget(706)) - ContainerBalancer is finding suitable target for source datanode 11352461-adbe-4c4d-9add-754ebe7e7595
2023-06-18 19:16:05,199 [main] INFO  balancer.ContainerBalancerTask (ContainerBalancerTask.java:matchSourceWithTarget(720)) - ContainerBalancer matched source datanode 11352461-adbe-4c4d-9add-754ebe7e7595 with target datanode faa8c76c-0fba-490f-86fa-715a892222d5 for container move.
2023-06-18 19:16:05,199 [main] INFO  balancer.ContainerBalancerTask (ContainerBalancerTask.java:processMoveSelection(569)) - ContainerBalancer is trying to move container #85 with size 5368709120B from source datanode 11352461-adbe-4c4d-9add-754ebe7e7595 to target datanode faa8c76c-0fba-490f-86fa-715a892222d5
2023-06-18 19:16:05,199 [main] DEBUG balancer.ContainerBalancerTask (ContainerBalancerTask.java:lambda$moveContainer$3(834)) - Container move completed for container #85 from source 11352461-adbe-4c4d-9add-754ebe7e7595 to target faa8c76c-0fba-490f-86fa-715a892222d5
2023-06-18 19:16:05,199 [main] DEBUG balancer.ContainerBalancerTask (ContainerBalancerTask.java:adaptOnReachingIterationLimits(780)) - Reached max datanodes to involve limit. 2 datanodes have already been selected for balancing and the limit is 2. Only already selected sources and targets can be involved in balancing now.
2023-06-18 19:16:05,202 [main] DEBUG balancer.ContainerBalancerTask (ContainerBalancerTask.java:matchSourceWithTarget(706)) - ContainerBalancer is finding suitable target for source datanode 11352461-adbe-4c4d-9add-754ebe7e7595
2023-06-18 19:16:05,202 [main] INFO  balancer.ContainerBalancerTask (ContainerBalancerTask.java:matchSourceWithTarget(720)) - ContainerBalancer matched source datanode 11352461-adbe-4c4d-9add-754ebe7e7595 with target datanode faa8c76c-0fba-490f-86fa-715a892222d5 for container move.
2023-06-18 19:16:05,202 [main] INFO  balancer.ContainerBalancerTask (ContainerBalancerTask.java:processMoveSelection(569)) - ContainerBalancer is trying to move container #89 with size 4294967296B from source datanode 11352461-adbe-4c4d-9add-754ebe7e7595 to target datanode faa8c76c-0fba-490f-86fa-715a892222d5
2023-06-18 19:16:05,202 [main] DEBUG balancer.ContainerBalancerTask (ContainerBalancerTask.java:lambda$moveContainer$3(834)) - Container move completed for container #89 from source 11352461-adbe-4c4d-9add-754ebe7e7595 to target faa8c76c-0fba-490f-86fa-715a892222d5
2023-06-18 19:16:05,205 [main] DEBUG balancer.ContainerBalancerTask (ContainerBalancerTask.java:matchSourceWithTarget(706)) - ContainerBalancer is finding suitable target for source datanode 11352461-adbe-4c4d-9add-754ebe7e7595
2023-06-18 19:16:05,205 [main] INFO  balancer.ContainerBalancerTask (ContainerBalancerTask.java:matchSourceWithTarget(720)) - ContainerBalancer matched source datanode 11352461-adbe-4c4d-9add-754ebe7e7595 with target datanode faa8c76c-0fba-490f-86fa-715a892222d5 for container move.
2023-06-18 19:16:05,206 [main] INFO  balancer.ContainerBalancerTask (ContainerBalancerTask.java:processMoveSelection(569)) - ContainerBalancer is trying to move container #84 with size 4294967296B from source datanode 11352461-adbe-4c4d-9add-754ebe7e7595 to target datanode faa8c76c-0fba-490f-86fa-715a892222d5
2023-06-18 19:16:05,206 [main] DEBUG balancer.ContainerBalancerTask (ContainerBalancerTask.java:lambda$moveContainer$3(834)) - Container move completed for container #84 from source 11352461-adbe-4c4d-9add-754ebe7e7595 to target faa8c76c-0fba-490f-86fa-715a892222d5
2023-06-18 19:16:05,209 [main] DEBUG balancer.ContainerBalancerTask (ContainerBalancerTask.java:matchSourceWithTarget(706)) - ContainerBalancer is finding suitable target for source datanode 11352461-adbe-4c4d-9add-754ebe7e7595
2023-06-18 19:16:05,209 [main] INFO  balancer.ContainerBalancerTask (ContainerBalancerTask.java:matchSourceWithTarget(720)) - ContainerBalancer matched source datanode 11352461-adbe-4c4d-9add-754ebe7e7595 with target datanode faa8c76c-0fba-490f-86fa-715a892222d5 for container move.
2023-06-18 19:16:05,209 [main] INFO  balancer.ContainerBalancerTask (ContainerBalancerTask.java:processMoveSelection(569)) - ContainerBalancer is trying to move container #67 with size 4294967296B from source datanode 11352461-adbe-4c4d-9add-754ebe7e7595 to target datanode faa8c76c-0fba-490f-86fa-715a892222d5
2023-06-18 19:16:05,209 [main] DEBUG balancer.ContainerBalancerTask (ContainerBalancerTask.java:lambda$moveContainer$3(834)) - Container move completed for container #67 from source 11352461-adbe-4c4d-9add-754ebe7e7595 to target faa8c76c-0fba-490f-86fa-715a892222d5
2023-06-18 19:16:05,212 [main] DEBUG balancer.ContainerBalancerTask (ContainerBalancerTask.java:matchSourceWithTarget(706)) - ContainerBalancer is finding suitable target for source datanode 11352461-adbe-4c4d-9add-754ebe7e7595
2023-06-18 19:16:05,212 [main] INFO  balancer.ContainerBalancerTask (ContainerBalancerTask.java:matchSourceWithTarget(720)) - ContainerBalancer matched source datanode 11352461-adbe-4c4d-9add-754ebe7e7595 with target datanode faa8c76c-0fba-490f-86fa-715a892222d5 for container move.
2023-06-18 19:16:05,212 [main] INFO  balancer.ContainerBalancerTask (ContainerBalancerTask.java:processMoveSelection(569)) - ContainerBalancer is trying to move container #19 with size 4294967296B from source datanode 11352461-adbe-4c4d-9add-754ebe7e7595 to target datanode faa8c76c-0fba-490f-86fa-715a892222d5
2023-06-18 19:16:05,213 [main] DEBUG balancer.ContainerBalancerTask (ContainerBalancerTask.java:lambda$moveContainer$3(834)) - Container move completed for container #19 from source 11352461-adbe-4c4d-9add-754ebe7e7595 to target faa8c76c-0fba-490f-86fa-715a892222d5
2023-06-18 19:16:05,215 [main] DEBUG balancer.ContainerBalancerTask (ContainerBalancerTask.java:matchSourceWithTarget(706)) - ContainerBalancer is finding suitable target for source datanode 11352461-adbe-4c4d-9add-754ebe7e7595
2023-06-18 19:16:05,215 [main] INFO  balancer.ContainerBalancerTask (ContainerBalancerTask.java:matchSourceWithTarget(720)) - ContainerBalancer matched source datanode 11352461-adbe-4c4d-9add-754ebe7e7595 with target datanode faa8c76c-0fba-490f-86fa-715a892222d5 for container move.
2023-06-18 19:16:05,216 [main] INFO  balancer.ContainerBalancerTask (ContainerBalancerTask.java:processMoveSelection(569)) - ContainerBalancer is trying to move container #88 with size 3221225472B from source datanode 11352461-adbe-4c4d-9add-754ebe7e7595 to target datanode faa8c76c-0fba-490f-86fa-715a892222d5
2023-06-18 19:16:05,216 [main] DEBUG balancer.ContainerBalancerTask (ContainerBalancerTask.java:lambda$moveContainer$3(834)) - Container move completed for container #88 from source 11352461-adbe-4c4d-9add-754ebe7e7595 to target faa8c76c-0fba-490f-86fa-715a892222d5
2023-06-18 19:16:05,218 [main] DEBUG balancer.ContainerBalancerTask (ContainerBalancerTask.java:matchSourceWithTarget(706)) - ContainerBalancer is finding suitable target for source datanode 11352461-adbe-4c4d-9add-754ebe7e7595
2023-06-18 19:16:05,219 [main] INFO  balancer.FindTargetGreedyByUsageInfo (AbstractFindTargetGreedy.java:findTargetForContainerMove(133)) - Container Balancer could not find a target for source datanode 11352461-adbe-4c4d-9add-754ebe7e7595
2023-06-18 19:16:05,219 [main] DEBUG balancer.ContainerBalancerTask (ContainerBalancerTask.java:matchSourceWithTarget(715)) - ContainerBalancer could not find a suitable target for source node 11352461-adbe-4c4d-9add-754ebe7e7595.
2023-06-18 19:16:05,219 [main] INFO  balancer.FindSourceGreedy (FindSourceGreedy.java:getNextCandidateSourceDataNode(126)) - no more candidate source data node
2023-06-18 19:16:05,222 [main] INFO  balancer.ContainerBalancerTask (ContainerBalancerTask.java:checkIterationMoveResults(640)) - Iteration Summary. Number of Datanodes involved: 2. Size moved: 24 GB (25769803776 Bytes). Number of Container moves completed: 6.
2023-06-18 19:16:05,222 [main] INFO  balancer.ContainerBalancerTask (ContainerBalancerTask.java:balance(259)) - Result of this iteration of Container Balancer: ITERATION_COMPLETED
2023-06-18 19:16:05,223 [main] DEBUG balancer.ContainerBalancerTask (ContainerBalancerTask.java:initializeIteration(374)) - Average utilization of the cluster is 0.36036372114784043
2023-06-18 19:16:05,224 [main] DEBUG balancer.ContainerBalancerTask (ContainerBalancerTask.java:initializeIteration(386)) - Lower limit for utilization is 0.26036372114784045 and Upper limit for utilization is 0.4603637211478404
2023-06-18 19:16:05,225 [main] DEBUG balancer.ContainerBalancerTask (ContainerBalancerTask.java:initializeIteration(398)) - Utilization for node 11352461-adbe-4c4d-9add-754ebe7e7595 with capacity 60845370026B, used 54760833024B, and remaining 6084537002B is 0.900000000009861
2023-06-18 19:16:05,225 [main] DEBUG balancer.ContainerBalancerTask (ContainerBalancerTask.java:initializeIteration(398)) - Utilization for node 051d69d9-e32f-42b3-9b5b-abca16348777 with capacity 75161927680B, used 60129542144B, and remaining 15032385536B is 0.8
2023-06-18 19:16:05,225 [main] DEBUG balancer.ContainerBalancerTask (ContainerBalancerTask.java:initializeIteration(398)) - Utilization for node 7b0502e6-5de0-46a5-96cf-c80e2f7c1e9a with capacity 56754924982B, used 39728447488B, and remaining 17026477494B is 0.7000000000105717
2023-06-18 19:16:05,225 [main] DEBUG balancer.ContainerBalancerTask (ContainerBalancerTask.java:initializeIteration(398)) - Utilization for node 9071d380-1069-48c8-8920-f2f690aa0f2f with capacity 89478485333B, used 53687091200B, and remaining 35791394133B is 0.6000000000022352
2023-06-18 19:16:05,225 [main] DEBUG balancer.ContainerBalancerTask (ContainerBalancerTask.java:initializeIteration(398)) - Utilization for node 8b42ed92-7f18-4a14-8c87-d5cb82cb1d4e with capacity 81604378624B, used 40802189312B, and remaining 40802189312B is 0.5
2023-06-18 19:16:05,226 [main] DEBUG balancer.ContainerBalancerTask (ContainerBalancerTask.java:initializeIteration(398)) - Utilization for node c1f19c2d-dc5f-4613-b45c-b76b50bbbecf with capacity 139586437120B, used 55834574848B, and remaining 83751862272B is 0.4
2023-06-18 19:16:05,226 [main] DEBUG balancer.ContainerBalancerTask (ContainerBalancerTask.java:initializeIteration(398)) - Utilization for node bdab6d36-55f0-4f26-b1ea-2524104be2f8 with capacity 100215903573B, used 30064771072B, and remaining 70151132501B is 0.30000000000099786
2023-06-18 19:16:05,226 [main] DEBUG balancer.ContainerBalancerTask (ContainerBalancerTask.java:initializeIteration(398)) - Utilization for node eea0c65a-f0f8-497c-831e-67b296f88ca1 with capacity 166429982720B, used 33285996544B, and remaining 133143986176B is 0.2
2023-06-18 19:16:05,226 [main] DEBUG balancer.ContainerBalancerTask (ContainerBalancerTask.java:initializeIteration(398)) - Utilization for node 0e78bd91-06bc-4323-80c3-8c8ce00ff1a2 with capacity 268435456000B, used 26843545600B, and remaining 241591910400B is 0.1
2023-06-18 19:16:05,226 [main] DEBUG balancer.ContainerBalancerTask (ContainerBalancerTask.java:initializeIteration(398)) - Utilization for node faa8c76c-0fba-490f-86fa-715a892222d5 with capacity 57982058496B, used 0B, and remaining 57982058496B is 0.0
2023-06-18 19:16:05,226 [main] INFO  balancer.ContainerBalancerTask (ContainerBalancerTask.java:initializeIteration(447)) - Container Balancer has identified 5 Over-Utilized and 3 Under-Utilized Datanodes that need to be balanced.
2023-06-18 19:16:05,227 [main] DEBUG balancer.ContainerBalancerTask (ContainerBalancerTask.java:lambda$initializeIteration$1(453)) - Datanode localhost-9.46.26.172 11352461-adbe-4c4d-9add-754ebe7e7595 is Over-Utilized.
2023-06-18 19:16:05,227 [main] DEBUG balancer.ContainerBalancerTask (ContainerBalancerTask.java:lambda$initializeIteration$1(453)) - Datanode localhost-166.229.49.207 051d69d9-e32f-42b3-9b5b-abca16348777 is Over-Utilized.
2023-06-18 19:16:05,228 [main] DEBUG balancer.ContainerBalancerTask (ContainerBalancerTask.java:lambda$initializeIteration$1(453)) - Datanode localhost-133.244.166.90 7b0502e6-5de0-46a5-96cf-c80e2f7c1e9a is Over-Utilized.
2023-06-18 19:16:05,228 [main] DEBUG balancer.ContainerBalancerTask (ContainerBalancerTask.java:lambda$initializeIteration$1(453)) - Datanode localhost-200.144.94.12 9071d380-1069-48c8-8920-f2f690aa0f2f is Over-Utilized.
2023-06-18 19:16:05,228 [main] DEBUG balancer.ContainerBalancerTask (ContainerBalancerTask.java:lambda$initializeIteration$1(453)) - Datanode localhost-200.239.176.196 8b42ed92-7f18-4a14-8c87-d5cb82cb1d4e is Over-Utilized.
2023-06-18 19:16:05,228 [main] DEBUG balancer.ContainerBalancerTask (ContainerBalancerTask.java:lambda$initializeIteration$2(459)) - Datanode localhost-19.73.250.95 faa8c76c-0fba-490f-86fa-715a892222d5 is Under-Utilized.
2023-06-18 19:16:05,228 [main] DEBUG balancer.ContainerBalancerTask (ContainerBalancerTask.java:lambda$initializeIteration$2(459)) - Datanode localhost-198.68.54.68 0e78bd91-06bc-4323-80c3-8c8ce00ff1a2 is Under-Utilized.
2023-06-18 19:16:05,229 [main] DEBUG balancer.ContainerBalancerTask (ContainerBalancerTask.java:lambda$initializeIteration$2(459)) - Datanode localhost-86.44.25.163 eea0c65a-f0f8-497c-831e-67b296f88ca1 is Under-Utilized.
2023-06-18 19:16:05,232 [main] DEBUG balancer.ContainerBalancerTask (ContainerBalancerTask.java:matchSourceWithTarget(706)) - ContainerBalancer is finding suitable target for source datanode 11352461-adbe-4c4d-9add-754ebe7e7595
2023-06-18 19:16:05,232 [main] INFO  balancer.ContainerBalancerTask (ContainerBalancerTask.java:matchSourceWithTarget(720)) - ContainerBalancer matched source datanode 11352461-adbe-4c4d-9add-754ebe7e7595 with target datanode faa8c76c-0fba-490f-86fa-715a892222d5 for container move.
2023-06-18 19:16:05,232 [main] INFO  balancer.ContainerBalancerTask (ContainerBalancerTask.java:processMoveSelection(569)) - ContainerBalancer is trying to move container #85 with size 5368709120B from source datanode 11352461-adbe-4c4d-9add-754ebe7e7595 to target datanode faa8c76c-0fba-490f-86fa-715a892222d5
2023-06-18 19:16:05,235 [main] DEBUG balancer.ContainerBalancerTask (ContainerBalancerTask.java:lambda$moveContainer$3(834)) - Container move completed for container #85 from source 11352461-adbe-4c4d-9add-754ebe7e7595 to target faa8c76c-0fba-490f-86fa-715a892222d5
2023-06-18 19:16:05,235 [main] DEBUG balancer.ContainerBalancerTask (ContainerBalancerTask.java:adaptOnReachingIterationLimits(780)) - Reached max datanodes to involve limit. 2 datanodes have already been selected for balancing and the limit is 2. Only already selected sources and targets can be involved in balancing now.
2023-06-18 19:16:05,238 [main] DEBUG balancer.ContainerBalancerTask (ContainerBalancerTask.java:matchSourceWithTarget(706)) - ContainerBalancer is finding suitable target for source datanode 11352461-adbe-4c4d-9add-754ebe7e7595
2023-06-18 19:16:05,238 [main] INFO  balancer.ContainerBalancerTask (ContainerBalancerTask.java:matchSourceWithTarget(720)) - ContainerBalancer matched source datanode 11352461-adbe-4c4d-9add-754ebe7e7595 with target datanode faa8c76c-0fba-490f-86fa-715a892222d5 for container move.
2023-06-18 19:16:05,238 [main] INFO  balancer.ContainerBalancerTask (ContainerBalancerTask.java:processMoveSelection(569)) - ContainerBalancer is trying to move container #89 with size 4294967296B from source datanode 11352461-adbe-4c4d-9add-754ebe7e7595 to target datanode faa8c76c-0fba-490f-86fa-715a892222d5
2023-06-18 19:16:05,238 [main] DEBUG balancer.ContainerBalancerTask (ContainerBalancerTask.java:lambda$moveContainer$3(834)) - Container move completed for container #89 from source 11352461-adbe-4c4d-9add-754ebe7e7595 to target faa8c76c-0fba-490f-86fa-715a892222d5
2023-06-18 19:16:05,241 [main] DEBUG balancer.ContainerBalancerTask (ContainerBalancerTask.java:matchSourceWithTarget(706)) - ContainerBalancer is finding suitable target for source datanode 11352461-adbe-4c4d-9add-754ebe7e7595
2023-06-18 19:16:05,242 [main] INFO  balancer.ContainerBalancerTask (ContainerBalancerTask.java:matchSourceWithTarget(720)) - ContainerBalancer matched source datanode 11352461-adbe-4c4d-9add-754ebe7e7595 with target datanode faa8c76c-0fba-490f-86fa-715a892222d5 for container move.
2023-06-18 19:16:05,242 [main] INFO  balancer.ContainerBalancerTask (ContainerBalancerTask.java:processMoveSelection(569)) - ContainerBalancer is trying to move container #84 with size 4294967296B from source datanode 11352461-adbe-4c4d-9add-754ebe7e7595 to target datanode faa8c76c-0fba-490f-86fa-715a892222d5
2023-06-18 19:16:05,242 [main] DEBUG balancer.ContainerBalancerTask (ContainerBalancerTask.java:lambda$moveContainer$3(834)) - Container move completed for container #84 from source 11352461-adbe-4c4d-9add-754ebe7e7595 to target faa8c76c-0fba-490f-86fa-715a892222d5
2023-06-18 19:16:05,245 [main] DEBUG balancer.ContainerBalancerTask (ContainerBalancerTask.java:matchSourceWithTarget(706)) - ContainerBalancer is finding suitable target for source datanode 11352461-adbe-4c4d-9add-754ebe7e7595
2023-06-18 19:16:05,245 [main] INFO  balancer.ContainerBalancerTask (ContainerBalancerTask.java:matchSourceWithTarget(720)) - ContainerBalancer matched source datanode 11352461-adbe-4c4d-9add-754ebe7e7595 with target datanode faa8c76c-0fba-490f-86fa-715a892222d5 for container move.
2023-06-18 19:16:05,245 [main] INFO  balancer.ContainerBalancerTask (ContainerBalancerTask.java:processMoveSelection(569)) - ContainerBalancer is trying to move container #67 with size 4294967296B from source datanode 11352461-adbe-4c4d-9add-754ebe7e7595 to target datanode faa8c76c-0fba-490f-86fa-715a892222d5
2023-06-18 19:16:05,245 [main] DEBUG balancer.ContainerBalancerTask (ContainerBalancerTask.java:lambda$moveContainer$3(834)) - Container move completed for container #67 from source 11352461-adbe-4c4d-9add-754ebe7e7595 to target faa8c76c-0fba-490f-86fa-715a892222d5
2023-06-18 19:16:05,248 [main] DEBUG balancer.ContainerBalancerTask (ContainerBalancerTask.java:matchSourceWithTarget(706)) - ContainerBalancer is finding suitable target for source datanode 11352461-adbe-4c4d-9add-754ebe7e7595
2023-06-18 19:16:05,248 [main] INFO  balancer.ContainerBalancerTask (ContainerBalancerTask.java:matchSourceWithTarget(720)) - ContainerBalancer matched source datanode 11352461-adbe-4c4d-9add-754ebe7e7595 with target datanode faa8c76c-0fba-490f-86fa-715a892222d5 for container move.
2023-06-18 19:16:05,248 [main] INFO  balancer.ContainerBalancerTask (ContainerBalancerTask.java:processMoveSelection(569)) - ContainerBalancer is trying to move container #19 with size 4294967296B from source datanode 11352461-adbe-4c4d-9add-754ebe7e7595 to target datanode faa8c76c-0fba-490f-86fa-715a892222d5
2023-06-18 19:16:05,249 [main] DEBUG balancer.ContainerBalancerTask (ContainerBalancerTask.java:lambda$moveContainer$3(834)) - Container move completed for container #19 from source 11352461-adbe-4c4d-9add-754ebe7e7595 to target faa8c76c-0fba-490f-86fa-715a892222d5
2023-06-18 19:16:05,251 [main] DEBUG balancer.ContainerBalancerTask (ContainerBalancerTask.java:matchSourceWithTarget(706)) - ContainerBalancer is finding suitable target for source datanode 11352461-adbe-4c4d-9add-754ebe7e7595
2023-06-18 19:16:05,252 [main] INFO  balancer.ContainerBalancerTask (ContainerBalancerTask.java:matchSourceWithTarget(720)) - ContainerBalancer matched source datanode 11352461-adbe-4c4d-9add-754ebe7e7595 with target datanode faa8c76c-0fba-490f-86fa-715a892222d5 for container move.
2023-06-18 19:16:05,252 [main] INFO  balancer.ContainerBalancerTask (ContainerBalancerTask.java:processMoveSelection(569)) - ContainerBalancer is trying to move container #88 with size 3221225472B from source datanode 11352461-adbe-4c4d-9add-754ebe7e7595 to target datanode faa8c76c-0fba-490f-86fa-715a892222d5
2023-06-18 19:16:05,252 [main] DEBUG balancer.ContainerBalancerTask (ContainerBalancerTask.java:lambda$moveContainer$3(834)) - Container move completed for container #88 from source 11352461-adbe-4c4d-9add-754ebe7e7595 to target faa8c76c-0fba-490f-86fa-715a892222d5
2023-06-18 19:16:05,255 [main] DEBUG balancer.ContainerBalancerTask (ContainerBalancerTask.java:matchSourceWithTarget(706)) - ContainerBalancer is finding suitable target for source datanode 11352461-adbe-4c4d-9add-754ebe7e7595
2023-06-18 19:16:05,255 [main] INFO  balancer.FindTargetGreedyByUsageInfo (AbstractFindTargetGreedy.java:findTargetForContainerMove(133)) - Container Balancer could not find a target for source datanode 11352461-adbe-4c4d-9add-754ebe7e7595
2023-06-18 19:16:05,255 [main] DEBUG balancer.ContainerBalancerTask (ContainerBalancerTask.java:matchSourceWithTarget(715)) - ContainerBalancer could not find a suitable target for source node 11352461-adbe-4c4d-9add-754ebe7e7595.
2023-06-18 19:16:05,255 [main] INFO  balancer.FindSourceGreedy (FindSourceGreedy.java:getNextCandidateSourceDataNode(126)) - no more candidate source data node
2023-06-18 19:16:05,256 [main] INFO  balancer.ContainerBalancerTask (ContainerBalancerTask.java:checkIterationMoveResults(640)) - Iteration Summary. Number of Datanodes involved: 2. Size moved: 24 GB (25769803776 Bytes). Number of Container moves completed: 6.
2023-06-18 19:16:05,256 [main] INFO  balancer.ContainerBalancerTask (ContainerBalancerTask.java:balance(259)) - Result of this iteration of Container Balancer: ITERATION_COMPLETED
2023-06-18 19:16:05,257 [main] DEBUG balancer.ContainerBalancerTask (ContainerBalancerTask.java:initializeIteration(374)) - Average utilization of the cluster is 0.36036372114784043
2023-06-18 19:16:05,257 [main] DEBUG balancer.ContainerBalancerTask (ContainerBalancerTask.java:initializeIteration(386)) - Lower limit for utilization is 0.26036372114784045 and Upper limit for utilization is 0.4603637211478404
2023-06-18 19:16:05,257 [main] DEBUG balancer.ContainerBalancerTask (ContainerBalancerTask.java:initializeIteration(398)) - Utilization for node 11352461-adbe-4c4d-9add-754ebe7e7595 with capacity 60845370026B, used 54760833024B, and remaining 6084537002B is 0.900000000009861
2023-06-18 19:16:05,258 [main] DEBUG balancer.ContainerBalancerTask (ContainerBalancerTask.java:initializeIteration(398)) - Utilization for node 051d69d9-e32f-42b3-9b5b-abca16348777 with capacity 75161927680B, used 60129542144B, and remaining 15032385536B is 0.8
2023-06-18 19:16:05,258 [main] DEBUG balancer.ContainerBalancerTask (ContainerBalancerTask.java:initializeIteration(398)) - Utilization for node 7b0502e6-5de0-46a5-96cf-c80e2f7c1e9a with capacity 56754924982B, used 39728447488B, and remaining 17026477494B is 0.7000000000105717
2023-06-18 19:16:05,258 [main] DEBUG balancer.ContainerBalancerTask (ContainerBalancerTask.java:initializeIteration(398)) - Utilization for node 9071d380-1069-48c8-8920-f2f690aa0f2f with capacity 89478485333B, used 53687091200B, and remaining 35791394133B is 0.6000000000022352
2023-06-18 19:16:05,258 [main] DEBUG balancer.ContainerBalancerTask (ContainerBalancerTask.java:initializeIteration(398)) - Utilization for node 8b42ed92-7f18-4a14-8c87-d5cb82cb1d4e with capacity 81604378624B, used 40802189312B, and remaining 40802189312B is 0.5
2023-06-18 19:16:05,258 [main] DEBUG balancer.ContainerBalancerTask (ContainerBalancerTask.java:initializeIteration(398)) - Utilization for node c1f19c2d-dc5f-4613-b45c-b76b50bbbecf with capacity 139586437120B, used 55834574848B, and remaining 83751862272B is 0.4
2023-06-18 19:16:05,258 [main] DEBUG balancer.ContainerBalancerTask (ContainerBalancerTask.java:initializeIteration(398)) - Utilization for node bdab6d36-55f0-4f26-b1ea-2524104be2f8 with capacity 100215903573B, used 30064771072B, and remaining 70151132501B is 0.30000000000099786
2023-06-18 19:16:05,258 [main] DEBUG balancer.ContainerBalancerTask (ContainerBalancerTask.java:initializeIteration(398)) - Utilization for node eea0c65a-f0f8-497c-831e-67b296f88ca1 with capacity 166429982720B, used 33285996544B, and remaining 133143986176B is 0.2
2023-06-18 19:16:05,258 [main] DEBUG balancer.ContainerBalancerTask (ContainerBalancerTask.java:initializeIteration(398)) - Utilization for node 0e78bd91-06bc-4323-80c3-8c8ce00ff1a2 with capacity 268435456000B, used 26843545600B, and remaining 241591910400B is 0.1
2023-06-18 19:16:05,258 [main] DEBUG balancer.ContainerBalancerTask (ContainerBalancerTask.java:initializeIteration(398)) - Utilization for node faa8c76c-0fba-490f-86fa-715a892222d5 with capacity 57982058496B, used 0B, and remaining 57982058496B is 0.0
2023-06-18 19:16:05,259 [main] INFO  balancer.ContainerBalancerTask (ContainerBalancerTask.java:initializeIteration(447)) - Container Balancer has identified 5 Over-Utilized and 3 Under-Utilized Datanodes that need to be balanced.
2023-06-18 19:16:05,259 [main] DEBUG balancer.ContainerBalancerTask (ContainerBalancerTask.java:lambda$initializeIteration$1(453)) - Datanode localhost-9.46.26.172 11352461-adbe-4c4d-9add-754ebe7e7595 is Over-Utilized.
2023-06-18 19:16:05,259 [main] DEBUG balancer.ContainerBalancerTask (ContainerBalancerTask.java:lambda$initializeIteration$1(453)) - Datanode localhost-166.229.49.207 051d69d9-e32f-42b3-9b5b-abca16348777 is Over-Utilized.
2023-06-18 19:16:05,261 [main] DEBUG balancer.ContainerBalancerTask (ContainerBalancerTask.java:lambda$initializeIteration$1(453)) - Datanode localhost-133.244.166.90 7b0502e6-5de0-46a5-96cf-c80e2f7c1e9a is Over-Utilized.
2023-06-18 19:16:05,261 [main] DEBUG balancer.ContainerBalancerTask (ContainerBalancerTask.java:lambda$initializeIteration$1(453)) - Datanode localhost-200.144.94.12 9071d380-1069-48c8-8920-f2f690aa0f2f is Over-Utilized.
2023-06-18 19:16:05,261 [main] DEBUG balancer.ContainerBalancerTask (ContainerBalancerTask.java:lambda$initializeIteration$1(453)) - Datanode localhost-200.239.176.196 8b42ed92-7f18-4a14-8c87-d5cb82cb1d4e is Over-Utilized.
2023-06-18 19:16:05,261 [main] DEBUG balancer.ContainerBalancerTask (ContainerBalancerTask.java:lambda$initializeIteration$2(459)) - Datanode localhost-19.73.250.95 faa8c76c-0fba-490f-86fa-715a892222d5 is Under-Utilized.
2023-06-18 19:16:05,261 [main] DEBUG balancer.ContainerBalancerTask (ContainerBalancerTask.java:lambda$initializeIteration$2(459)) - Datanode localhost-198.68.54.68 0e78bd91-06bc-4323-80c3-8c8ce00ff1a2 is Under-Utilized.
2023-06-18 19:16:05,261 [main] DEBUG balancer.ContainerBalancerTask (ContainerBalancerTask.java:lambda$initializeIteration$2(459)) - Datanode localhost-86.44.25.163 eea0c65a-f0f8-497c-831e-67b296f88ca1 is Under-Utilized.
2023-06-18 19:16:05,264 [main] DEBUG balancer.ContainerBalancerTask (ContainerBalancerTask.java:matchSourceWithTarget(706)) - ContainerBalancer is finding suitable target for source datanode 11352461-adbe-4c4d-9add-754ebe7e7595
2023-06-18 19:16:05,264 [main] INFO  balancer.ContainerBalancerTask (ContainerBalancerTask.java:matchSourceWithTarget(720)) - ContainerBalancer matched source datanode 11352461-adbe-4c4d-9add-754ebe7e7595 with target datanode faa8c76c-0fba-490f-86fa-715a892222d5 for container move.
2023-06-18 19:16:05,265 [main] INFO  balancer.ContainerBalancerTask (ContainerBalancerTask.java:processMoveSelection(569)) - ContainerBalancer is trying to move container #85 with size 5368709120B from source datanode 11352461-adbe-4c4d-9add-754ebe7e7595 to target datanode faa8c76c-0fba-490f-86fa-715a892222d5
2023-06-18 19:16:05,265 [main] DEBUG balancer.ContainerBalancerTask (ContainerBalancerTask.java:lambda$moveContainer$3(834)) - Container move completed for container #85 from source 11352461-adbe-4c4d-9add-754ebe7e7595 to target faa8c76c-0fba-490f-86fa-715a892222d5
2023-06-18 19:16:05,265 [main] DEBUG balancer.ContainerBalancerTask (ContainerBalancerTask.java:adaptOnReachingIterationLimits(780)) - Reached max datanodes to involve limit. 2 datanodes have already been selected for balancing and the limit is 2. Only already selected sources and targets can be involved in balancing now.
2023-06-18 19:16:05,268 [main] DEBUG balancer.ContainerBalancerTask (ContainerBalancerTask.java:matchSourceWithTarget(706)) - ContainerBalancer is finding suitable target for source datanode 11352461-adbe-4c4d-9add-754ebe7e7595
2023-06-18 19:16:05,268 [main] INFO  balancer.ContainerBalancerTask (ContainerBalancerTask.java:matchSourceWithTarget(720)) - ContainerBalancer matched source datanode 11352461-adbe-4c4d-9add-754ebe7e7595 with target datanode faa8c76c-0fba-490f-86fa-715a892222d5 for container move.
2023-06-18 19:16:05,268 [main] INFO  balancer.ContainerBalancerTask (ContainerBalancerTask.java:processMoveSelection(569)) - ContainerBalancer is trying to move container #89 with size 4294967296B from source datanode 11352461-adbe-4c4d-9add-754ebe7e7595 to target datanode faa8c76c-0fba-490f-86fa-715a892222d5
2023-06-18 19:16:05,268 [main] DEBUG balancer.ContainerBalancerTask (ContainerBalancerTask.java:lambda$moveContainer$3(834)) - Container move completed for container #89 from source 11352461-adbe-4c4d-9add-754ebe7e7595 to target faa8c76c-0fba-490f-86fa-715a892222d5
2023-06-18 19:16:05,271 [main] DEBUG balancer.ContainerBalancerTask (ContainerBalancerTask.java:matchSourceWithTarget(706)) - ContainerBalancer is finding suitable target for source datanode 11352461-adbe-4c4d-9add-754ebe7e7595
2023-06-18 19:16:05,271 [main] INFO  balancer.ContainerBalancerTask (ContainerBalancerTask.java:matchSourceWithTarget(720)) - ContainerBalancer matched source datanode 11352461-adbe-4c4d-9add-754ebe7e7595 with target datanode faa8c76c-0fba-490f-86fa-715a892222d5 for container move.
2023-06-18 19:16:05,271 [main] INFO  balancer.ContainerBalancerTask (ContainerBalancerTask.java:processMoveSelection(569)) - ContainerBalancer is trying to move container #84 with size 4294967296B from source datanode 11352461-adbe-4c4d-9add-754ebe7e7595 to target datanode faa8c76c-0fba-490f-86fa-715a892222d5
2023-06-18 19:16:05,271 [main] DEBUG balancer.ContainerBalancerTask (ContainerBalancerTask.java:lambda$moveContainer$3(834)) - Container move completed for container #84 from source 11352461-adbe-4c4d-9add-754ebe7e7595 to target faa8c76c-0fba-490f-86fa-715a892222d5
2023-06-18 19:16:05,274 [main] DEBUG balancer.ContainerBalancerTask (ContainerBalancerTask.java:matchSourceWithTarget(706)) - ContainerBalancer is finding suitable target for source datanode 11352461-adbe-4c4d-9add-754ebe7e7595
2023-06-18 19:16:05,274 [main] INFO  balancer.ContainerBalancerTask (ContainerBalancerTask.java:matchSourceWithTarget(720)) - ContainerBalancer matched source datanode 11352461-adbe-4c4d-9add-754ebe7e7595 with target datanode faa8c76c-0fba-490f-86fa-715a892222d5 for container move.
2023-06-18 19:16:05,274 [main] INFO  balancer.ContainerBalancerTask (ContainerBalancerTask.java:processMoveSelection(569)) - ContainerBalancer is trying to move container #67 with size 4294967296B from source datanode 11352461-adbe-4c4d-9add-754ebe7e7595 to target datanode faa8c76c-0fba-490f-86fa-715a892222d5
2023-06-18 19:16:05,275 [main] DEBUG balancer.ContainerBalancerTask (ContainerBalancerTask.java:lambda$moveContainer$3(834)) - Container move completed for container #67 from source 11352461-adbe-4c4d-9add-754ebe7e7595 to target faa8c76c-0fba-490f-86fa-715a892222d5
2023-06-18 19:16:05,277 [main] DEBUG balancer.ContainerBalancerTask (ContainerBalancerTask.java:matchSourceWithTarget(706)) - ContainerBalancer is finding suitable target for source datanode 11352461-adbe-4c4d-9add-754ebe7e7595
2023-06-18 19:16:05,278 [main] INFO  balancer.ContainerBalancerTask (ContainerBalancerTask.java:matchSourceWithTarget(720)) - ContainerBalancer matched source datanode 11352461-adbe-4c4d-9add-754ebe7e7595 with target datanode faa8c76c-0fba-490f-86fa-715a892222d5 for container move.
2023-06-18 19:16:05,278 [main] INFO  balancer.ContainerBalancerTask (ContainerBalancerTask.java:processMoveSelection(569)) - ContainerBalancer is trying to move container #19 with size 4294967296B from source datanode 11352461-adbe-4c4d-9add-754ebe7e7595 to target datanode faa8c76c-0fba-490f-86fa-715a892222d5
2023-06-18 19:16:05,278 [main] DEBUG balancer.ContainerBalancerTask (ContainerBalancerTask.java:lambda$moveContainer$3(834)) - Container move completed for container #19 from source 11352461-adbe-4c4d-9add-754ebe7e7595 to target faa8c76c-0fba-490f-86fa-715a892222d5
2023-06-18 19:16:05,281 [main] DEBUG balancer.ContainerBalancerTask (ContainerBalancerTask.java:matchSourceWithTarget(706)) - ContainerBalancer is finding suitable target for source datanode 11352461-adbe-4c4d-9add-754ebe7e7595
2023-06-18 19:16:05,281 [main] INFO  balancer.ContainerBalancerTask (ContainerBalancerTask.java:matchSourceWithTarget(720)) - ContainerBalancer matched source datanode 11352461-adbe-4c4d-9add-754ebe7e7595 with target datanode faa8c76c-0fba-490f-86fa-715a892222d5 for container move.
2023-06-18 19:16:05,282 [main] INFO  balancer.ContainerBalancerTask (ContainerBalancerTask.java:processMoveSelection(569)) - ContainerBalancer is trying to move container #88 with size 3221225472B from source datanode 11352461-adbe-4c4d-9add-754ebe7e7595 to target datanode faa8c76c-0fba-490f-86fa-715a892222d5
2023-06-18 19:16:05,282 [main] DEBUG balancer.ContainerBalancerTask (ContainerBalancerTask.java:lambda$moveContainer$3(834)) - Container move completed for container #88 from source 11352461-adbe-4c4d-9add-754ebe7e7595 to target faa8c76c-0fba-490f-86fa-715a892222d5
2023-06-18 19:16:05,285 [main] DEBUG balancer.ContainerBalancerTask (ContainerBalancerTask.java:matchSourceWithTarget(706)) - ContainerBalancer is finding suitable target for source datanode 11352461-adbe-4c4d-9add-754ebe7e7595
2023-06-18 19:16:05,285 [main] INFO  balancer.FindTargetGreedyByUsageInfo (AbstractFindTargetGreedy.java:findTargetForContainerMove(133)) - Container Balancer could not find a target for source datanode 11352461-adbe-4c4d-9add-754ebe7e7595
2023-06-18 19:16:05,285 [main] DEBUG balancer.ContainerBalancerTask (ContainerBalancerTask.java:matchSourceWithTarget(715)) - ContainerBalancer could not find a suitable target for source node 11352461-adbe-4c4d-9add-754ebe7e7595.
2023-06-18 19:16:05,285 [main] INFO  balancer.FindSourceGreedy (FindSourceGreedy.java:getNextCandidateSourceDataNode(126)) - no more candidate source data node
2023-06-18 19:16:05,285 [main] INFO  balancer.ContainerBalancerTask (ContainerBalancerTask.java:checkIterationMoveResults(640)) - Iteration Summary. Number of Datanodes involved: 2. Size moved: 24 GB (25769803776 Bytes). Number of Container moves completed: 6.
2023-06-18 19:16:05,286 [main] INFO  balancer.ContainerBalancerTask (ContainerBalancerTask.java:balance(259)) - Result of this iteration of Container Balancer: ITERATION_COMPLETED
2023-06-18 19:16:05,287 [main] DEBUG balancer.ContainerBalancerTask (ContainerBalancerTask.java:initializeIteration(374)) - Average utilization of the cluster is 0.36036372114784043
2023-06-18 19:16:05,287 [main] DEBUG balancer.ContainerBalancerTask (ContainerBalancerTask.java:initializeIteration(386)) - Lower limit for utilization is 0.26036372114784045 and Upper limit for utilization is 0.4603637211478404
2023-06-18 19:16:05,287 [main] DEBUG balancer.ContainerBalancerTask (ContainerBalancerTask.java:initializeIteration(398)) - Utilization for node 11352461-adbe-4c4d-9add-754ebe7e7595 with capacity 60845370026B, used 54760833024B, and remaining 6084537002B is 0.900000000009861
2023-06-18 19:16:05,288 [main] DEBUG balancer.ContainerBalancerTask (ContainerBalancerTask.java:initializeIteration(398)) - Utilization for node 051d69d9-e32f-42b3-9b5b-abca16348777 with capacity 75161927680B, used 60129542144B, and remaining 15032385536B is 0.8
2023-06-18 19:16:05,288 [main] DEBUG balancer.ContainerBalancerTask (ContainerBalancerTask.java:initializeIteration(398)) - Utilization for node 7b0502e6-5de0-46a5-96cf-c80e2f7c1e9a with capacity 56754924982B, used 39728447488B, and remaining 17026477494B is 0.7000000000105717
2023-06-18 19:16:05,288 [main] DEBUG balancer.ContainerBalancerTask (ContainerBalancerTask.java:initializeIteration(398)) - Utilization for node 9071d380-1069-48c8-8920-f2f690aa0f2f with capacity 89478485333B, used 53687091200B, and remaining 35791394133B is 0.6000000000022352
2023-06-18 19:16:05,288 [main] DEBUG balancer.ContainerBalancerTask (ContainerBalancerTask.java:initializeIteration(398)) - Utilization for node 8b42ed92-7f18-4a14-8c87-d5cb82cb1d4e with capacity 81604378624B, used 40802189312B, and remaining 40802189312B is 0.5
2023-06-18 19:16:05,288 [main] DEBUG balancer.ContainerBalancerTask (ContainerBalancerTask.java:initializeIteration(398)) - Utilization for node c1f19c2d-dc5f-4613-b45c-b76b50bbbecf with capacity 139586437120B, used 55834574848B, and remaining 83751862272B is 0.4
2023-06-18 19:16:05,288 [main] DEBUG balancer.ContainerBalancerTask (ContainerBalancerTask.java:initializeIteration(398)) - Utilization for node bdab6d36-55f0-4f26-b1ea-2524104be2f8 with capacity 100215903573B, used 30064771072B, and remaining 70151132501B is 0.30000000000099786
2023-06-18 19:16:05,288 [main] DEBUG balancer.ContainerBalancerTask (ContainerBalancerTask.java:initializeIteration(398)) - Utilization for node eea0c65a-f0f8-497c-831e-67b296f88ca1 with capacity 166429982720B, used 33285996544B, and remaining 133143986176B is 0.2
2023-06-18 19:16:05,288 [main] DEBUG balancer.ContainerBalancerTask (ContainerBalancerTask.java:initializeIteration(398)) - Utilization for node 0e78bd91-06bc-4323-80c3-8c8ce00ff1a2 with capacity 268435456000B, used 26843545600B, and remaining 241591910400B is 0.1
2023-06-18 19:16:05,288 [main] DEBUG balancer.ContainerBalancerTask (ContainerBalancerTask.java:initializeIteration(398)) - Utilization for node faa8c76c-0fba-490f-86fa-715a892222d5 with capacity 57982058496B, used 0B, and remaining 57982058496B is 0.0
2023-06-18 19:16:05,288 [main] INFO  balancer.ContainerBalancerTask (ContainerBalancerTask.java:initializeIteration(447)) - Container Balancer has identified 5 Over-Utilized and 3 Under-Utilized Datanodes that need to be balanced.
2023-06-18 19:16:05,289 [main] DEBUG balancer.ContainerBalancerTask (ContainerBalancerTask.java:lambda$initializeIteration$1(453)) - Datanode localhost-9.46.26.172 11352461-adbe-4c4d-9add-754ebe7e7595 is Over-Utilized.
2023-06-18 19:16:05,289 [main] DEBUG balancer.ContainerBalancerTask (ContainerBalancerTask.java:lambda$initializeIteration$1(453)) - Datanode localhost-166.229.49.207 051d69d9-e32f-42b3-9b5b-abca16348777 is Over-Utilized.
2023-06-18 19:16:05,289 [main] DEBUG balancer.ContainerBalancerTask (ContainerBalancerTask.java:lambda$initializeIteration$1(453)) - Datanode localhost-133.244.166.90 7b0502e6-5de0-46a5-96cf-c80e2f7c1e9a is Over-Utilized.
2023-06-18 19:16:05,289 [main] DEBUG balancer.ContainerBalancerTask (ContainerBalancerTask.java:lambda$initializeIteration$1(453)) - Datanode localhost-200.144.94.12 9071d380-1069-48c8-8920-f2f690aa0f2f is Over-Utilized.
2023-06-18 19:16:05,289 [main] DEBUG balancer.ContainerBalancerTask (ContainerBalancerTask.java:lambda$initializeIteration$1(453)) - Datanode localhost-200.239.176.196 8b42ed92-7f18-4a14-8c87-d5cb82cb1d4e is Over-Utilized.
2023-06-18 19:16:05,289 [main] DEBUG balancer.ContainerBalancerTask (ContainerBalancerTask.java:lambda$initializeIteration$2(459)) - Datanode localhost-19.73.250.95 faa8c76c-0fba-490f-86fa-715a892222d5 is Under-Utilized.
2023-06-18 19:16:05,289 [main] DEBUG balancer.ContainerBalancerTask (ContainerBalancerTask.java:lambda$initializeIteration$2(459)) - Datanode localhost-198.68.54.68 0e78bd91-06bc-4323-80c3-8c8ce00ff1a2 is Under-Utilized.
2023-06-18 19:16:05,289 [main] DEBUG balancer.ContainerBalancerTask (ContainerBalancerTask.java:lambda$initializeIteration$2(459)) - Datanode localhost-86.44.25.163 eea0c65a-f0f8-497c-831e-67b296f88ca1 is Under-Utilized.
2023-06-18 19:16:05,292 [main] DEBUG balancer.ContainerBalancerTask (ContainerBalancerTask.java:matchSourceWithTarget(706)) - ContainerBalancer is finding suitable target for source datanode 11352461-adbe-4c4d-9add-754ebe7e7595
2023-06-18 19:16:05,292 [main] INFO  balancer.ContainerBalancerTask (ContainerBalancerTask.java:matchSourceWithTarget(720)) - ContainerBalancer matched source datanode 11352461-adbe-4c4d-9add-754ebe7e7595 with target datanode faa8c76c-0fba-490f-86fa-715a892222d5 for container move.
2023-06-18 19:16:05,293 [main] INFO  balancer.ContainerBalancerTask (ContainerBalancerTask.java:processMoveSelection(569)) - ContainerBalancer is trying to move container #85 with size 5368709120B from source datanode 11352461-adbe-4c4d-9add-754ebe7e7595 to target datanode faa8c76c-0fba-490f-86fa-715a892222d5
2023-06-18 19:16:05,298 [main] DEBUG balancer.ContainerBalancerTask (ContainerBalancerTask.java:lambda$moveContainer$3(834)) - Container move completed for container #85 from source 11352461-adbe-4c4d-9add-754ebe7e7595 to target faa8c76c-0fba-490f-86fa-715a892222d5
2023-06-18 19:16:05,299 [main] DEBUG balancer.ContainerBalancerTask (ContainerBalancerTask.java:adaptOnReachingIterationLimits(780)) - Reached max datanodes to involve limit. 2 datanodes have already been selected for balancing and the limit is 2. Only already selected sources and targets can be involved in balancing now.
2023-06-18 19:16:05,301 [main] DEBUG balancer.ContainerBalancerTask (ContainerBalancerTask.java:matchSourceWithTarget(706)) - ContainerBalancer is finding suitable target for source datanode 11352461-adbe-4c4d-9add-754ebe7e7595
2023-06-18 19:16:05,302 [main] INFO  balancer.ContainerBalancerTask (ContainerBalancerTask.java:matchSourceWithTarget(720)) - ContainerBalancer matched source datanode 11352461-adbe-4c4d-9add-754ebe7e7595 with target datanode faa8c76c-0fba-490f-86fa-715a892222d5 for container move.
2023-06-18 19:16:05,302 [main] INFO  balancer.ContainerBalancerTask (ContainerBalancerTask.java:processMoveSelection(569)) - ContainerBalancer is trying to move container #89 with size 4294967296B from source datanode 11352461-adbe-4c4d-9add-754ebe7e7595 to target datanode faa8c76c-0fba-490f-86fa-715a892222d5
2023-06-18 19:16:05,304 [main] DEBUG balancer.ContainerBalancerTask (ContainerBalancerTask.java:lambda$moveContainer$3(834)) - Container move completed for container #89 from source 11352461-adbe-4c4d-9add-754ebe7e7595 to target faa8c76c-0fba-490f-86fa-715a892222d5
2023-06-18 19:16:05,308 [main] DEBUG balancer.ContainerBalancerTask (ContainerBalancerTask.java:matchSourceWithTarget(706)) - ContainerBalancer is finding suitable target for source datanode 11352461-adbe-4c4d-9add-754ebe7e7595
2023-06-18 19:16:05,309 [main] INFO  balancer.ContainerBalancerTask (ContainerBalancerTask.java:matchSourceWithTarget(720)) - ContainerBalancer matched source datanode 11352461-adbe-4c4d-9add-754ebe7e7595 with target datanode faa8c76c-0fba-490f-86fa-715a892222d5 for container move.
2023-06-18 19:16:05,309 [main] INFO  balancer.ContainerBalancerTask (ContainerBalancerTask.java:processMoveSelection(569)) - ContainerBalancer is trying to move container #84 with size 4294967296B from source datanode 11352461-adbe-4c4d-9add-754ebe7e7595 to target datanode faa8c76c-0fba-490f-86fa-715a892222d5
2023-06-18 19:16:05,309 [main] DEBUG balancer.ContainerBalancerTask (ContainerBalancerTask.java:lambda$moveContainer$3(834)) - Container move completed for container #84 from source 11352461-adbe-4c4d-9add-754ebe7e7595 to target faa8c76c-0fba-490f-86fa-715a892222d5
2023-06-18 19:16:05,313 [main] DEBUG balancer.ContainerBalancerTask (ContainerBalancerTask.java:matchSourceWithTarget(706)) - ContainerBalancer is finding suitable target for source datanode 11352461-adbe-4c4d-9add-754ebe7e7595
2023-06-18 19:16:05,313 [main] INFO  balancer.ContainerBalancerTask (ContainerBalancerTask.java:matchSourceWithTarget(720)) - ContainerBalancer matched source datanode 11352461-adbe-4c4d-9add-754ebe7e7595 with target datanode faa8c76c-0fba-490f-86fa-715a892222d5 for container move.
2023-06-18 19:16:05,313 [main] INFO  balancer.ContainerBalancerTask (ContainerBalancerTask.java:processMoveSelection(569)) - ContainerBalancer is trying to move container #67 with size 4294967296B from source datanode 11352461-adbe-4c4d-9add-754ebe7e7595 to target datanode faa8c76c-0fba-490f-86fa-715a892222d5
2023-06-18 19:16:05,313 [main] DEBUG balancer.ContainerBalancerTask (ContainerBalancerTask.java:lambda$moveContainer$3(834)) - Container move completed for container #67 from source 11352461-adbe-4c4d-9add-754ebe7e7595 to target faa8c76c-0fba-490f-86fa-715a892222d5
2023-06-18 19:16:05,316 [main] DEBUG balancer.ContainerBalancerTask (ContainerBalancerTask.java:matchSourceWithTarget(706)) - ContainerBalancer is finding suitable target for source datanode 11352461-adbe-4c4d-9add-754ebe7e7595
2023-06-18 19:16:05,316 [main] INFO  balancer.ContainerBalancerTask (ContainerBalancerTask.java:matchSourceWithTarget(720)) - ContainerBalancer matched source datanode 11352461-adbe-4c4d-9add-754ebe7e7595 with target datanode faa8c76c-0fba-490f-86fa-715a892222d5 for container move.
2023-06-18 19:16:05,316 [main] INFO  balancer.ContainerBalancerTask (ContainerBalancerTask.java:processMoveSelection(569)) - ContainerBalancer is trying to move container #19 with size 4294967296B from source datanode 11352461-adbe-4c4d-9add-754ebe7e7595 to target datanode faa8c76c-0fba-490f-86fa-715a892222d5
2023-06-18 19:16:05,317 [main] DEBUG balancer.ContainerBalancerTask (ContainerBalancerTask.java:lambda$moveContainer$3(834)) - Container move completed for container #19 from source 11352461-adbe-4c4d-9add-754ebe7e7595 to target faa8c76c-0fba-490f-86fa-715a892222d5
2023-06-18 19:16:05,319 [main] DEBUG balancer.ContainerBalancerTask (ContainerBalancerTask.java:matchSourceWithTarget(706)) - ContainerBalancer is finding suitable target for source datanode 11352461-adbe-4c4d-9add-754ebe7e7595
2023-06-18 19:16:05,320 [main] INFO  balancer.ContainerBalancerTask (ContainerBalancerTask.java:matchSourceWithTarget(720)) - ContainerBalancer matched source datanode 11352461-adbe-4c4d-9add-754ebe7e7595 with target datanode faa8c76c-0fba-490f-86fa-715a892222d5 for container move.
2023-06-18 19:16:05,320 [main] INFO  balancer.ContainerBalancerTask (ContainerBalancerTask.java:processMoveSelection(569)) - ContainerBalancer is trying to move container #88 with size 3221225472B from source datanode 11352461-adbe-4c4d-9add-754ebe7e7595 to target datanode faa8c76c-0fba-490f-86fa-715a892222d5
2023-06-18 19:16:05,320 [main] DEBUG balancer.ContainerBalancerTask (ContainerBalancerTask.java:lambda$moveContainer$3(834)) - Container move completed for container #88 from source 11352461-adbe-4c4d-9add-754ebe7e7595 to target faa8c76c-0fba-490f-86fa-715a892222d5
2023-06-18 19:16:05,323 [main] DEBUG balancer.ContainerBalancerTask (ContainerBalancerTask.java:matchSourceWithTarget(706)) - ContainerBalancer is finding suitable target for source datanode 11352461-adbe-4c4d-9add-754ebe7e7595
2023-06-18 19:16:05,323 [main] INFO  balancer.FindTargetGreedyByUsageInfo (AbstractFindTargetGreedy.java:findTargetForContainerMove(133)) - Container Balancer could not find a target for source datanode 11352461-adbe-4c4d-9add-754ebe7e7595
2023-06-18 19:16:05,323 [main] DEBUG balancer.ContainerBalancerTask (ContainerBalancerTask.java:matchSourceWithTarget(715)) - ContainerBalancer could not find a suitable target for source node 11352461-adbe-4c4d-9add-754ebe7e7595.
2023-06-18 19:16:05,323 [main] INFO  balancer.FindSourceGreedy (FindSourceGreedy.java:getNextCandidateSourceDataNode(126)) - no more candidate source data node
2023-06-18 19:16:05,324 [main] INFO  balancer.ContainerBalancerTask (ContainerBalancerTask.java:checkIterationMoveResults(640)) - Iteration Summary. Number of Datanodes involved: 2. Size moved: 24 GB (25769803776 Bytes). Number of Container moves completed: 6.
2023-06-18 19:16:05,324 [main] INFO  balancer.ContainerBalancerTask (ContainerBalancerTask.java:balance(259)) - Result of this iteration of Container Balancer: ITERATION_COMPLETED
2023-06-18 19:16:05,325 [main] DEBUG balancer.ContainerBalancerTask (ContainerBalancerTask.java:initializeIteration(374)) - Average utilization of the cluster is 0.36036372114784043
2023-06-18 19:16:05,325 [main] DEBUG balancer.ContainerBalancerTask (ContainerBalancerTask.java:initializeIteration(386)) - Lower limit for utilization is 0.26036372114784045 and Upper limit for utilization is 0.4603637211478404
2023-06-18 19:16:05,325 [main] DEBUG balancer.ContainerBalancerTask (ContainerBalancerTask.java:initializeIteration(398)) - Utilization for node 11352461-adbe-4c4d-9add-754ebe7e7595 with capacity 60845370026B, used 54760833024B, and remaining 6084537002B is 0.900000000009861
2023-06-18 19:16:05,326 [main] DEBUG balancer.ContainerBalancerTask (ContainerBalancerTask.java:initializeIteration(398)) - Utilization for node 051d69d9-e32f-42b3-9b5b-abca16348777 with capacity 75161927680B, used 60129542144B, and remaining 15032385536B is 0.8
2023-06-18 19:16:05,326 [main] DEBUG balancer.ContainerBalancerTask (ContainerBalancerTask.java:initializeIteration(398)) - Utilization for node 7b0502e6-5de0-46a5-96cf-c80e2f7c1e9a with capacity 56754924982B, used 39728447488B, and remaining 17026477494B is 0.7000000000105717
2023-06-18 19:16:05,326 [main] DEBUG balancer.ContainerBalancerTask (ContainerBalancerTask.java:initializeIteration(398)) - Utilization for node 9071d380-1069-48c8-8920-f2f690aa0f2f with capacity 89478485333B, used 53687091200B, and remaining 35791394133B is 0.6000000000022352
2023-06-18 19:16:05,326 [main] DEBUG balancer.ContainerBalancerTask (ContainerBalancerTask.java:initializeIteration(398)) - Utilization for node 8b42ed92-7f18-4a14-8c87-d5cb82cb1d4e with capacity 81604378624B, used 40802189312B, and remaining 40802189312B is 0.5
2023-06-18 19:16:05,326 [main] DEBUG balancer.ContainerBalancerTask (ContainerBalancerTask.java:initializeIteration(398)) - Utilization for node c1f19c2d-dc5f-4613-b45c-b76b50bbbecf with capacity 139586437120B, used 55834574848B, and remaining 83751862272B is 0.4
2023-06-18 19:16:05,326 [main] DEBUG balancer.ContainerBalancerTask (ContainerBalancerTask.java:initializeIteration(398)) - Utilization for node bdab6d36-55f0-4f26-b1ea-2524104be2f8 with capacity 100215903573B, used 30064771072B, and remaining 70151132501B is 0.30000000000099786
2023-06-18 19:16:05,326 [main] DEBUG balancer.ContainerBalancerTask (ContainerBalancerTask.java:initializeIteration(398)) - Utilization for node eea0c65a-f0f8-497c-831e-67b296f88ca1 with capacity 166429982720B, used 33285996544B, and remaining 133143986176B is 0.2
2023-06-18 19:16:05,326 [main] DEBUG balancer.ContainerBalancerTask (ContainerBalancerTask.java:initializeIteration(398)) - Utilization for node 0e78bd91-06bc-4323-80c3-8c8ce00ff1a2 with capacity 268435456000B, used 26843545600B, and remaining 241591910400B is 0.1
2023-06-18 19:16:05,326 [main] DEBUG balancer.ContainerBalancerTask (ContainerBalancerTask.java:initializeIteration(398)) - Utilization for node faa8c76c-0fba-490f-86fa-715a892222d5 with capacity 57982058496B, used 0B, and remaining 57982058496B is 0.0
2023-06-18 19:16:05,326 [main] INFO  balancer.ContainerBalancerTask (ContainerBalancerTask.java:initializeIteration(447)) - Container Balancer has identified 5 Over-Utilized and 3 Under-Utilized Datanodes that need to be balanced.
2023-06-18 19:16:05,326 [main] DEBUG balancer.ContainerBalancerTask (ContainerBalancerTask.java:lambda$initializeIteration$1(453)) - Datanode localhost-9.46.26.172 11352461-adbe-4c4d-9add-754ebe7e7595 is Over-Utilized.
2023-06-18 19:16:05,327 [main] DEBUG balancer.ContainerBalancerTask (ContainerBalancerTask.java:lambda$initializeIteration$1(453)) - Datanode localhost-166.229.49.207 051d69d9-e32f-42b3-9b5b-abca16348777 is Over-Utilized.
2023-06-18 19:16:05,327 [main] DEBUG balancer.ContainerBalancerTask (ContainerBalancerTask.java:lambda$initializeIteration$1(453)) - Datanode localhost-133.244.166.90 7b0502e6-5de0-46a5-96cf-c80e2f7c1e9a is Over-Utilized.
2023-06-18 19:16:05,327 [main] DEBUG balancer.ContainerBalancerTask (ContainerBalancerTask.java:lambda$initializeIteration$1(453)) - Datanode localhost-200.144.94.12 9071d380-1069-48c8-8920-f2f690aa0f2f is Over-Utilized.
2023-06-18 19:16:05,327 [main] DEBUG balancer.ContainerBalancerTask (ContainerBalancerTask.java:lambda$initializeIteration$1(453)) - Datanode localhost-200.239.176.196 8b42ed92-7f18-4a14-8c87-d5cb82cb1d4e is Over-Utilized.
2023-06-18 19:16:05,327 [main] DEBUG balancer.ContainerBalancerTask (ContainerBalancerTask.java:lambda$initializeIteration$2(459)) - Datanode localhost-19.73.250.95 faa8c76c-0fba-490f-86fa-715a892222d5 is Under-Utilized.
2023-06-18 19:16:05,327 [main] DEBUG balancer.ContainerBalancerTask (ContainerBalancerTask.java:lambda$initializeIteration$2(459)) - Datanode localhost-198.68.54.68 0e78bd91-06bc-4323-80c3-8c8ce00ff1a2 is Under-Utilized.
2023-06-18 19:16:05,327 [main] DEBUG balancer.ContainerBalancerTask (ContainerBalancerTask.java:lambda$initializeIteration$2(459)) - Datanode localhost-86.44.25.163 eea0c65a-f0f8-497c-831e-67b296f88ca1 is Under-Utilized.
2023-06-18 19:16:05,330 [main] DEBUG balancer.ContainerBalancerTask (ContainerBalancerTask.java:matchSourceWithTarget(706)) - ContainerBalancer is finding suitable target for source datanode 11352461-adbe-4c4d-9add-754ebe7e7595
2023-06-18 19:16:05,330 [main] INFO  balancer.ContainerBalancerTask (ContainerBalancerTask.java:matchSourceWithTarget(720)) - ContainerBalancer matched source datanode 11352461-adbe-4c4d-9add-754ebe7e7595 with target datanode faa8c76c-0fba-490f-86fa-715a892222d5 for container move.
2023-06-18 19:16:05,331 [main] INFO  balancer.ContainerBalancerTask (ContainerBalancerTask.java:processMoveSelection(569)) - ContainerBalancer is trying to move container #85 with size 5368709120B from source datanode 11352461-adbe-4c4d-9add-754ebe7e7595 to target datanode faa8c76c-0fba-490f-86fa-715a892222d5
2023-06-18 19:16:05,331 [main] DEBUG balancer.ContainerBalancerTask (ContainerBalancerTask.java:lambda$moveContainer$3(834)) - Container move completed for container #85 from source 11352461-adbe-4c4d-9add-754ebe7e7595 to target faa8c76c-0fba-490f-86fa-715a892222d5
2023-06-18 19:16:05,331 [main] DEBUG balancer.ContainerBalancerTask (ContainerBalancerTask.java:adaptOnReachingIterationLimits(780)) - Reached max datanodes to involve limit. 2 datanodes have already been selected for balancing and the limit is 2. Only already selected sources and targets can be involved in balancing now.
2023-06-18 19:16:05,334 [main] DEBUG balancer.ContainerBalancerTask (ContainerBalancerTask.java:matchSourceWithTarget(706)) - ContainerBalancer is finding suitable target for source datanode 11352461-adbe-4c4d-9add-754ebe7e7595
2023-06-18 19:16:05,334 [main] INFO  balancer.ContainerBalancerTask (ContainerBalancerTask.java:matchSourceWithTarget(720)) - ContainerBalancer matched source datanode 11352461-adbe-4c4d-9add-754ebe7e7595 with target datanode faa8c76c-0fba-490f-86fa-715a892222d5 for container move.
2023-06-18 19:16:05,334 [main] INFO  balancer.ContainerBalancerTask (ContainerBalancerTask.java:processMoveSelection(569)) - ContainerBalancer is trying to move container #89 with size 4294967296B from source datanode 11352461-adbe-4c4d-9add-754ebe7e7595 to target datanode faa8c76c-0fba-490f-86fa-715a892222d5
2023-06-18 19:16:05,334 [main] DEBUG balancer.ContainerBalancerTask (ContainerBalancerTask.java:lambda$moveContainer$3(834)) - Container move completed for container #89 from source 11352461-adbe-4c4d-9add-754ebe7e7595 to target faa8c76c-0fba-490f-86fa-715a892222d5
2023-06-18 19:16:05,337 [main] DEBUG balancer.ContainerBalancerTask (ContainerBalancerTask.java:matchSourceWithTarget(706)) - ContainerBalancer is finding suitable target for source datanode 11352461-adbe-4c4d-9add-754ebe7e7595
2023-06-18 19:16:05,337 [main] INFO  balancer.ContainerBalancerTask (ContainerBalancerTask.java:matchSourceWithTarget(720)) - ContainerBalancer matched source datanode 11352461-adbe-4c4d-9add-754ebe7e7595 with target datanode faa8c76c-0fba-490f-86fa-715a892222d5 for container move.
2023-06-18 19:16:05,337 [main] INFO  balancer.ContainerBalancerTask (ContainerBalancerTask.java:processMoveSelection(569)) - ContainerBalancer is trying to move container #84 with size 4294967296B from source datanode 11352461-adbe-4c4d-9add-754ebe7e7595 to target datanode faa8c76c-0fba-490f-86fa-715a892222d5
2023-06-18 19:16:05,337 [main] DEBUG balancer.ContainerBalancerTask (ContainerBalancerTask.java:lambda$moveContainer$3(834)) - Container move completed for container #84 from source 11352461-adbe-4c4d-9add-754ebe7e7595 to target faa8c76c-0fba-490f-86fa-715a892222d5
2023-06-18 19:16:05,340 [main] DEBUG balancer.ContainerBalancerTask (ContainerBalancerTask.java:matchSourceWithTarget(706)) - ContainerBalancer is finding suitable target for source datanode 11352461-adbe-4c4d-9add-754ebe7e7595
2023-06-18 19:16:05,341 [main] INFO  balancer.ContainerBalancerTask (ContainerBalancerTask.java:matchSourceWithTarget(720)) - ContainerBalancer matched source datanode 11352461-adbe-4c4d-9add-754ebe7e7595 with target datanode faa8c76c-0fba-490f-86fa-715a892222d5 for container move.
2023-06-18 19:16:05,341 [main] INFO  balancer.ContainerBalancerTask (ContainerBalancerTask.java:processMoveSelection(569)) - ContainerBalancer is trying to move container #67 with size 4294967296B from source datanode 11352461-adbe-4c4d-9add-754ebe7e7595 to target datanode faa8c76c-0fba-490f-86fa-715a892222d5
2023-06-18 19:16:05,341 [main] DEBUG balancer.ContainerBalancerTask (ContainerBalancerTask.java:lambda$moveContainer$3(834)) - Container move completed for container #67 from source 11352461-adbe-4c4d-9add-754ebe7e7595 to target faa8c76c-0fba-490f-86fa-715a892222d5
2023-06-18 19:16:05,346 [main] DEBUG balancer.ContainerBalancerTask (ContainerBalancerTask.java:matchSourceWithTarget(706)) - ContainerBalancer is finding suitable target for source datanode 11352461-adbe-4c4d-9add-754ebe7e7595
2023-06-18 19:16:05,346 [main] INFO  balancer.ContainerBalancerTask (ContainerBalancerTask.java:matchSourceWithTarget(720)) - ContainerBalancer matched source datanode 11352461-adbe-4c4d-9add-754ebe7e7595 with target datanode faa8c76c-0fba-490f-86fa-715a892222d5 for container move.
2023-06-18 19:16:05,346 [main] INFO  balancer.ContainerBalancerTask (ContainerBalancerTask.java:processMoveSelection(569)) - ContainerBalancer is trying to move container #19 with size 4294967296B from source datanode 11352461-adbe-4c4d-9add-754ebe7e7595 to target datanode faa8c76c-0fba-490f-86fa-715a892222d5
2023-06-18 19:16:05,346 [main] DEBUG balancer.ContainerBalancerTask (ContainerBalancerTask.java:lambda$moveContainer$3(834)) - Container move completed for container #19 from source 11352461-adbe-4c4d-9add-754ebe7e7595 to target faa8c76c-0fba-490f-86fa-715a892222d5
2023-06-18 19:16:05,349 [main] DEBUG balancer.ContainerBalancerTask (ContainerBalancerTask.java:matchSourceWithTarget(706)) - ContainerBalancer is finding suitable target for source datanode 11352461-adbe-4c4d-9add-754ebe7e7595
2023-06-18 19:16:05,349 [main] INFO  balancer.ContainerBalancerTask (ContainerBalancerTask.java:matchSourceWithTarget(720)) - ContainerBalancer matched source datanode 11352461-adbe-4c4d-9add-754ebe7e7595 with target datanode faa8c76c-0fba-490f-86fa-715a892222d5 for container move.
2023-06-18 19:16:05,349 [main] INFO  balancer.ContainerBalancerTask (ContainerBalancerTask.java:processMoveSelection(569)) - ContainerBalancer is trying to move container #88 with size 3221225472B from source datanode 11352461-adbe-4c4d-9add-754ebe7e7595 to target datanode faa8c76c-0fba-490f-86fa-715a892222d5
2023-06-18 19:16:05,350 [main] DEBUG balancer.ContainerBalancerTask (ContainerBalancerTask.java:lambda$moveContainer$3(834)) - Container move completed for container #88 from source 11352461-adbe-4c4d-9add-754ebe7e7595 to target faa8c76c-0fba-490f-86fa-715a892222d5
2023-06-18 19:16:05,352 [main] DEBUG balancer.ContainerBalancerTask (ContainerBalancerTask.java:matchSourceWithTarget(706)) - ContainerBalancer is finding suitable target for source datanode 11352461-adbe-4c4d-9add-754ebe7e7595
2023-06-18 19:16:05,353 [main] INFO  balancer.FindTargetGreedyByUsageInfo (AbstractFindTargetGreedy.java:findTargetForContainerMove(133)) - Container Balancer could not find a target for source datanode 11352461-adbe-4c4d-9add-754ebe7e7595
2023-06-18 19:16:05,353 [main] DEBUG balancer.ContainerBalancerTask (ContainerBalancerTask.java:matchSourceWithTarget(715)) - ContainerBalancer could not find a suitable target for source node 11352461-adbe-4c4d-9add-754ebe7e7595.
2023-06-18 19:16:05,353 [main] INFO  balancer.FindSourceGreedy (FindSourceGreedy.java:getNextCandidateSourceDataNode(126)) - no more candidate source data node
2023-06-18 19:16:05,353 [main] INFO  balancer.ContainerBalancerTask (ContainerBalancerTask.java:checkIterationMoveResults(640)) - Iteration Summary. Number of Datanodes involved: 2. Size moved: 24 GB (25769803776 Bytes). Number of Container moves completed: 6.
2023-06-18 19:16:05,353 [main] INFO  balancer.ContainerBalancerTask (ContainerBalancerTask.java:balance(259)) - Result of this iteration of Container Balancer: ITERATION_COMPLETED
2023-06-18 19:16:05,356 [main] DEBUG balancer.ContainerBalancerTask (ContainerBalancerTask.java:initializeIteration(374)) - Average utilization of the cluster is 0.36036372114784043
2023-06-18 19:16:05,356 [main] DEBUG balancer.ContainerBalancerTask (ContainerBalancerTask.java:initializeIteration(386)) - Lower limit for utilization is 0.26036372114784045 and Upper limit for utilization is 0.4603637211478404
2023-06-18 19:16:05,356 [main] DEBUG balancer.ContainerBalancerTask (ContainerBalancerTask.java:initializeIteration(398)) - Utilization for node 11352461-adbe-4c4d-9add-754ebe7e7595 with capacity 60845370026B, used 54760833024B, and remaining 6084537002B is 0.900000000009861
2023-06-18 19:16:05,356 [main] DEBUG balancer.ContainerBalancerTask (ContainerBalancerTask.java:initializeIteration(398)) - Utilization for node 051d69d9-e32f-42b3-9b5b-abca16348777 with capacity 75161927680B, used 60129542144B, and remaining 15032385536B is 0.8
2023-06-18 19:16:05,356 [main] DEBUG balancer.ContainerBalancerTask (ContainerBalancerTask.java:initializeIteration(398)) - Utilization for node 7b0502e6-5de0-46a5-96cf-c80e2f7c1e9a with capacity 56754924982B, used 39728447488B, and remaining 17026477494B is 0.7000000000105717
2023-06-18 19:16:05,356 [main] DEBUG balancer.ContainerBalancerTask (ContainerBalancerTask.java:initializeIteration(398)) - Utilization for node 9071d380-1069-48c8-8920-f2f690aa0f2f with capacity 89478485333B, used 53687091200B, and remaining 35791394133B is 0.6000000000022352
2023-06-18 19:16:05,356 [main] DEBUG balancer.ContainerBalancerTask (ContainerBalancerTask.java:initializeIteration(398)) - Utilization for node 8b42ed92-7f18-4a14-8c87-d5cb82cb1d4e with capacity 81604378624B, used 40802189312B, and remaining 40802189312B is 0.5
2023-06-18 19:16:05,357 [main] DEBUG balancer.ContainerBalancerTask (ContainerBalancerTask.java:initializeIteration(398)) - Utilization for node c1f19c2d-dc5f-4613-b45c-b76b50bbbecf with capacity 139586437120B, used 55834574848B, and remaining 83751862272B is 0.4
2023-06-18 19:16:05,357 [main] DEBUG balancer.ContainerBalancerTask (ContainerBalancerTask.java:initializeIteration(398)) - Utilization for node bdab6d36-55f0-4f26-b1ea-2524104be2f8 with capacity 100215903573B, used 30064771072B, and remaining 70151132501B is 0.30000000000099786
2023-06-18 19:16:05,357 [main] DEBUG balancer.ContainerBalancerTask (ContainerBalancerTask.java:initializeIteration(398)) - Utilization for node eea0c65a-f0f8-497c-831e-67b296f88ca1 with capacity 166429982720B, used 33285996544B, and remaining 133143986176B is 0.2
2023-06-18 19:16:05,357 [main] DEBUG balancer.ContainerBalancerTask (ContainerBalancerTask.java:initializeIteration(398)) - Utilization for node 0e78bd91-06bc-4323-80c3-8c8ce00ff1a2 with capacity 268435456000B, used 26843545600B, and remaining 241591910400B is 0.1
2023-06-18 19:16:05,357 [main] DEBUG balancer.ContainerBalancerTask (ContainerBalancerTask.java:initializeIteration(398)) - Utilization for node faa8c76c-0fba-490f-86fa-715a892222d5 with capacity 57982058496B, used 0B, and remaining 57982058496B is 0.0
2023-06-18 19:16:05,357 [main] INFO  balancer.ContainerBalancerTask (ContainerBalancerTask.java:initializeIteration(447)) - Container Balancer has identified 5 Over-Utilized and 3 Under-Utilized Datanodes that need to be balanced.
2023-06-18 19:16:05,357 [main] DEBUG balancer.ContainerBalancerTask (ContainerBalancerTask.java:lambda$initializeIteration$1(453)) - Datanode localhost-9.46.26.172 11352461-adbe-4c4d-9add-754ebe7e7595 is Over-Utilized.
2023-06-18 19:16:05,357 [main] DEBUG balancer.ContainerBalancerTask (ContainerBalancerTask.java:lambda$initializeIteration$1(453)) - Datanode localhost-166.229.49.207 051d69d9-e32f-42b3-9b5b-abca16348777 is Over-Utilized.
2023-06-18 19:16:05,357 [main] DEBUG balancer.ContainerBalancerTask (ContainerBalancerTask.java:lambda$initializeIteration$1(453)) - Datanode localhost-133.244.166.90 7b0502e6-5de0-46a5-96cf-c80e2f7c1e9a is Over-Utilized.
2023-06-18 19:16:05,357 [main] DEBUG balancer.ContainerBalancerTask (ContainerBalancerTask.java:lambda$initializeIteration$1(453)) - Datanode localhost-200.144.94.12 9071d380-1069-48c8-8920-f2f690aa0f2f is Over-Utilized.
2023-06-18 19:16:05,358 [main] DEBUG balancer.ContainerBalancerTask (ContainerBalancerTask.java:lambda$initializeIteration$1(453)) - Datanode localhost-200.239.176.196 8b42ed92-7f18-4a14-8c87-d5cb82cb1d4e is Over-Utilized.
2023-06-18 19:16:05,358 [main] DEBUG balancer.ContainerBalancerTask (ContainerBalancerTask.java:lambda$initializeIteration$2(459)) - Datanode localhost-19.73.250.95 faa8c76c-0fba-490f-86fa-715a892222d5 is Under-Utilized.
2023-06-18 19:16:05,358 [main] DEBUG balancer.ContainerBalancerTask (ContainerBalancerTask.java:lambda$initializeIteration$2(459)) - Datanode localhost-198.68.54.68 0e78bd91-06bc-4323-80c3-8c8ce00ff1a2 is Under-Utilized.
2023-06-18 19:16:05,358 [main] DEBUG balancer.ContainerBalancerTask (ContainerBalancerTask.java:lambda$initializeIteration$2(459)) - Datanode localhost-86.44.25.163 eea0c65a-f0f8-497c-831e-67b296f88ca1 is Under-Utilized.
2023-06-18 19:16:05,361 [main] DEBUG balancer.ContainerBalancerTask (ContainerBalancerTask.java:matchSourceWithTarget(706)) - ContainerBalancer is finding suitable target for source datanode 11352461-adbe-4c4d-9add-754ebe7e7595
2023-06-18 19:16:05,361 [main] INFO  balancer.ContainerBalancerTask (ContainerBalancerTask.java:matchSourceWithTarget(720)) - ContainerBalancer matched source datanode 11352461-adbe-4c4d-9add-754ebe7e7595 with target datanode faa8c76c-0fba-490f-86fa-715a892222d5 for container move.
2023-06-18 19:16:05,361 [main] INFO  balancer.ContainerBalancerTask (ContainerBalancerTask.java:processMoveSelection(569)) - ContainerBalancer is trying to move container #85 with size 5368709120B from source datanode 11352461-adbe-4c4d-9add-754ebe7e7595 to target datanode faa8c76c-0fba-490f-86fa-715a892222d5
2023-06-18 19:16:05,363 [main] DEBUG balancer.ContainerBalancerTask (ContainerBalancerTask.java:lambda$moveContainer$3(834)) - Container move completed for container #85 from source 11352461-adbe-4c4d-9add-754ebe7e7595 to target faa8c76c-0fba-490f-86fa-715a892222d5
2023-06-18 19:16:05,364 [main] DEBUG balancer.ContainerBalancerTask (ContainerBalancerTask.java:adaptOnReachingIterationLimits(780)) - Reached max datanodes to involve limit. 2 datanodes have already been selected for balancing and the limit is 2. Only already selected sources and targets can be involved in balancing now.
2023-06-18 19:16:05,366 [main] DEBUG balancer.ContainerBalancerTask (ContainerBalancerTask.java:matchSourceWithTarget(706)) - ContainerBalancer is finding suitable target for source datanode 11352461-adbe-4c4d-9add-754ebe7e7595
2023-06-18 19:16:05,367 [main] INFO  balancer.ContainerBalancerTask (ContainerBalancerTask.java:matchSourceWithTarget(720)) - ContainerBalancer matched source datanode 11352461-adbe-4c4d-9add-754ebe7e7595 with target datanode faa8c76c-0fba-490f-86fa-715a892222d5 for container move.
2023-06-18 19:16:05,367 [main] INFO  balancer.ContainerBalancerTask (ContainerBalancerTask.java:processMoveSelection(569)) - ContainerBalancer is trying to move container #89 with size 4294967296B from source datanode 11352461-adbe-4c4d-9add-754ebe7e7595 to target datanode faa8c76c-0fba-490f-86fa-715a892222d5
2023-06-18 19:16:05,367 [main] DEBUG balancer.ContainerBalancerTask (ContainerBalancerTask.java:lambda$moveContainer$3(834)) - Container move completed for container #89 from source 11352461-adbe-4c4d-9add-754ebe7e7595 to target faa8c76c-0fba-490f-86fa-715a892222d5
2023-06-18 19:16:05,370 [main] DEBUG balancer.ContainerBalancerTask (ContainerBalancerTask.java:matchSourceWithTarget(706)) - ContainerBalancer is finding suitable target for source datanode 11352461-adbe-4c4d-9add-754ebe7e7595
2023-06-18 19:16:05,370 [main] INFO  balancer.ContainerBalancerTask (ContainerBalancerTask.java:matchSourceWithTarget(720)) - ContainerBalancer matched source datanode 11352461-adbe-4c4d-9add-754ebe7e7595 with target datanode faa8c76c-0fba-490f-86fa-715a892222d5 for container move.
2023-06-18 19:16:05,370 [main] INFO  balancer.ContainerBalancerTask (ContainerBalancerTask.java:processMoveSelection(569)) - ContainerBalancer is trying to move container #84 with size 4294967296B from source datanode 11352461-adbe-4c4d-9add-754ebe7e7595 to target datanode faa8c76c-0fba-490f-86fa-715a892222d5
2023-06-18 19:16:05,370 [main] DEBUG balancer.ContainerBalancerTask (ContainerBalancerTask.java:lambda$moveContainer$3(834)) - Container move completed for container #84 from source 11352461-adbe-4c4d-9add-754ebe7e7595 to target faa8c76c-0fba-490f-86fa-715a892222d5
2023-06-18 19:16:05,373 [main] DEBUG balancer.ContainerBalancerTask (ContainerBalancerTask.java:matchSourceWithTarget(706)) - ContainerBalancer is finding suitable target for source datanode 11352461-adbe-4c4d-9add-754ebe7e7595
2023-06-18 19:16:05,373 [main] INFO  balancer.ContainerBalancerTask (ContainerBalancerTask.java:matchSourceWithTarget(720)) - ContainerBalancer matched source datanode 11352461-adbe-4c4d-9add-754ebe7e7595 with target datanode faa8c76c-0fba-490f-86fa-715a892222d5 for container move.
2023-06-18 19:16:05,374 [main] INFO  balancer.ContainerBalancerTask (ContainerBalancerTask.java:processMoveSelection(569)) - ContainerBalancer is trying to move container #67 with size 4294967296B from source datanode 11352461-adbe-4c4d-9add-754ebe7e7595 to target datanode faa8c76c-0fba-490f-86fa-715a892222d5
2023-06-18 19:16:05,374 [main] DEBUG balancer.ContainerBalancerTask (ContainerBalancerTask.java:lambda$moveContainer$3(834)) - Container move completed for container #67 from source 11352461-adbe-4c4d-9add-754ebe7e7595 to target faa8c76c-0fba-490f-86fa-715a892222d5
2023-06-18 19:16:05,377 [main] DEBUG balancer.ContainerBalancerTask (ContainerBalancerTask.java:matchSourceWithTarget(706)) - ContainerBalancer is finding suitable target for source datanode 11352461-adbe-4c4d-9add-754ebe7e7595
2023-06-18 19:16:05,377 [main] INFO  balancer.ContainerBalancerTask (ContainerBalancerTask.java:matchSourceWithTarget(720)) - ContainerBalancer matched source datanode 11352461-adbe-4c4d-9add-754ebe7e7595 with target datanode faa8c76c-0fba-490f-86fa-715a892222d5 for container move.
2023-06-18 19:16:05,377 [main] INFO  balancer.ContainerBalancerTask (ContainerBalancerTask.java:processMoveSelection(569)) - ContainerBalancer is trying to move container #19 with size 4294967296B from source datanode 11352461-adbe-4c4d-9add-754ebe7e7595 to target datanode faa8c76c-0fba-490f-86fa-715a892222d5
2023-06-18 19:16:05,377 [main] DEBUG balancer.ContainerBalancerTask (ContainerBalancerTask.java:lambda$moveContainer$3(834)) - Container move completed for container #19 from source 11352461-adbe-4c4d-9add-754ebe7e7595 to target faa8c76c-0fba-490f-86fa-715a892222d5
2023-06-18 19:16:05,380 [main] DEBUG balancer.ContainerBalancerTask (ContainerBalancerTask.java:matchSourceWithTarget(706)) - ContainerBalancer is finding suitable target for source datanode 11352461-adbe-4c4d-9add-754ebe7e7595
2023-06-18 19:16:05,380 [main] INFO  balancer.ContainerBalancerTask (ContainerBalancerTask.java:matchSourceWithTarget(720)) - ContainerBalancer matched source datanode 11352461-adbe-4c4d-9add-754ebe7e7595 with target datanode faa8c76c-0fba-490f-86fa-715a892222d5 for container move.
2023-06-18 19:16:05,380 [main] INFO  balancer.ContainerBalancerTask (ContainerBalancerTask.java:processMoveSelection(569)) - ContainerBalancer is trying to move container #88 with size 3221225472B from source datanode 11352461-adbe-4c4d-9add-754ebe7e7595 to target datanode faa8c76c-0fba-490f-86fa-715a892222d5
2023-06-18 19:16:05,380 [main] DEBUG balancer.ContainerBalancerTask (ContainerBalancerTask.java:lambda$moveContainer$3(834)) - Container move completed for container #88 from source 11352461-adbe-4c4d-9add-754ebe7e7595 to target faa8c76c-0fba-490f-86fa-715a892222d5
2023-06-18 19:16:05,383 [main] DEBUG balancer.ContainerBalancerTask (ContainerBalancerTask.java:matchSourceWithTarget(706)) - ContainerBalancer is finding suitable target for source datanode 11352461-adbe-4c4d-9add-754ebe7e7595
2023-06-18 19:16:05,384 [main] INFO  balancer.FindTargetGreedyByUsageInfo (AbstractFindTargetGreedy.java:findTargetForContainerMove(133)) - Container Balancer could not find a target for source datanode 11352461-adbe-4c4d-9add-754ebe7e7595
2023-06-18 19:16:05,384 [main] DEBUG balancer.ContainerBalancerTask (ContainerBalancerTask.java:matchSourceWithTarget(715)) - ContainerBalancer could not find a suitable target for source node 11352461-adbe-4c4d-9add-754ebe7e7595.
2023-06-18 19:16:05,384 [main] INFO  balancer.FindSourceGreedy (FindSourceGreedy.java:getNextCandidateSourceDataNode(126)) - no more candidate source data node
2023-06-18 19:16:05,384 [main] INFO  balancer.ContainerBalancerTask (ContainerBalancerTask.java:checkIterationMoveResults(640)) - Iteration Summary. Number of Datanodes involved: 2. Size moved: 24 GB (25769803776 Bytes). Number of Container moves completed: 6.
2023-06-18 19:16:05,384 [main] INFO  balancer.ContainerBalancerTask (ContainerBalancerTask.java:balance(259)) - Result of this iteration of Container Balancer: ITERATION_COMPLETED
2023-06-18 19:16:05,389 [main] DEBUG balancer.ContainerBalancerTask (ContainerBalancerTask.java:initializeIteration(374)) - Average utilization of the cluster is 0.36036372114784043
2023-06-18 19:16:05,389 [main] DEBUG balancer.ContainerBalancerTask (ContainerBalancerTask.java:initializeIteration(386)) - Lower limit for utilization is 0.26036372114784045 and Upper limit for utilization is 0.4603637211478404
2023-06-18 19:16:05,390 [main] DEBUG balancer.ContainerBalancerTask (ContainerBalancerTask.java:initializeIteration(398)) - Utilization for node 11352461-adbe-4c4d-9add-754ebe7e7595 with capacity 60845370026B, used 54760833024B, and remaining 6084537002B is 0.900000000009861
2023-06-18 19:16:05,390 [main] DEBUG balancer.ContainerBalancerTask (ContainerBalancerTask.java:initializeIteration(398)) - Utilization for node 051d69d9-e32f-42b3-9b5b-abca16348777 with capacity 75161927680B, used 60129542144B, and remaining 15032385536B is 0.8
2023-06-18 19:16:05,390 [main] DEBUG balancer.ContainerBalancerTask (ContainerBalancerTask.java:initializeIteration(398)) - Utilization for node 7b0502e6-5de0-46a5-96cf-c80e2f7c1e9a with capacity 56754924982B, used 39728447488B, and remaining 17026477494B is 0.7000000000105717
2023-06-18 19:16:05,390 [main] DEBUG balancer.ContainerBalancerTask (ContainerBalancerTask.java:initializeIteration(398)) - Utilization for node 9071d380-1069-48c8-8920-f2f690aa0f2f with capacity 89478485333B, used 53687091200B, and remaining 35791394133B is 0.6000000000022352
2023-06-18 19:16:05,390 [main] DEBUG balancer.ContainerBalancerTask (ContainerBalancerTask.java:initializeIteration(398)) - Utilization for node 8b42ed92-7f18-4a14-8c87-d5cb82cb1d4e with capacity 81604378624B, used 40802189312B, and remaining 40802189312B is 0.5
2023-06-18 19:16:05,390 [main] DEBUG balancer.ContainerBalancerTask (ContainerBalancerTask.java:initializeIteration(398)) - Utilization for node c1f19c2d-dc5f-4613-b45c-b76b50bbbecf with capacity 139586437120B, used 55834574848B, and remaining 83751862272B is 0.4
2023-06-18 19:16:05,390 [main] DEBUG balancer.ContainerBalancerTask (ContainerBalancerTask.java:initializeIteration(398)) - Utilization for node bdab6d36-55f0-4f26-b1ea-2524104be2f8 with capacity 100215903573B, used 30064771072B, and remaining 70151132501B is 0.30000000000099786
2023-06-18 19:16:05,390 [main] DEBUG balancer.ContainerBalancerTask (ContainerBalancerTask.java:initializeIteration(398)) - Utilization for node eea0c65a-f0f8-497c-831e-67b296f88ca1 with capacity 166429982720B, used 33285996544B, and remaining 133143986176B is 0.2
2023-06-18 19:16:05,391 [main] DEBUG balancer.ContainerBalancerTask (ContainerBalancerTask.java:initializeIteration(398)) - Utilization for node 0e78bd91-06bc-4323-80c3-8c8ce00ff1a2 with capacity 268435456000B, used 26843545600B, and remaining 241591910400B is 0.1
2023-06-18 19:16:05,391 [main] DEBUG balancer.ContainerBalancerTask (ContainerBalancerTask.java:initializeIteration(398)) - Utilization for node faa8c76c-0fba-490f-86fa-715a892222d5 with capacity 57982058496B, used 0B, and remaining 57982058496B is 0.0
2023-06-18 19:16:05,391 [main] INFO  balancer.ContainerBalancerTask (ContainerBalancerTask.java:initializeIteration(447)) - Container Balancer has identified 5 Over-Utilized and 3 Under-Utilized Datanodes that need to be balanced.
2023-06-18 19:16:05,391 [main] DEBUG balancer.ContainerBalancerTask (ContainerBalancerTask.java:lambda$initializeIteration$1(453)) - Datanode localhost-9.46.26.172 11352461-adbe-4c4d-9add-754ebe7e7595 is Over-Utilized.
2023-06-18 19:16:05,391 [main] DEBUG balancer.ContainerBalancerTask (ContainerBalancerTask.java:lambda$initializeIteration$1(453)) - Datanode localhost-166.229.49.207 051d69d9-e32f-42b3-9b5b-abca16348777 is Over-Utilized.
2023-06-18 19:16:05,391 [main] DEBUG balancer.ContainerBalancerTask (ContainerBalancerTask.java:lambda$initializeIteration$1(453)) - Datanode localhost-133.244.166.90 7b0502e6-5de0-46a5-96cf-c80e2f7c1e9a is Over-Utilized.
2023-06-18 19:16:05,391 [main] DEBUG balancer.ContainerBalancerTask (ContainerBalancerTask.java:lambda$initializeIteration$1(453)) - Datanode localhost-200.144.94.12 9071d380-1069-48c8-8920-f2f690aa0f2f is Over-Utilized.
2023-06-18 19:16:05,391 [main] DEBUG balancer.ContainerBalancerTask (ContainerBalancerTask.java:lambda$initializeIteration$1(453)) - Datanode localhost-200.239.176.196 8b42ed92-7f18-4a14-8c87-d5cb82cb1d4e is Over-Utilized.
2023-06-18 19:16:05,391 [main] DEBUG balancer.ContainerBalancerTask (ContainerBalancerTask.java:lambda$initializeIteration$2(459)) - Datanode localhost-19.73.250.95 faa8c76c-0fba-490f-86fa-715a892222d5 is Under-Utilized.
2023-06-18 19:16:05,392 [main] DEBUG balancer.ContainerBalancerTask (ContainerBalancerTask.java:lambda$initializeIteration$2(459)) - Datanode localhost-198.68.54.68 0e78bd91-06bc-4323-80c3-8c8ce00ff1a2 is Under-Utilized.
2023-06-18 19:16:05,392 [main] DEBUG balancer.ContainerBalancerTask (ContainerBalancerTask.java:lambda$initializeIteration$2(459)) - Datanode localhost-86.44.25.163 eea0c65a-f0f8-497c-831e-67b296f88ca1 is Under-Utilized.
2023-06-18 19:16:05,395 [main] DEBUG balancer.ContainerBalancerTask (ContainerBalancerTask.java:matchSourceWithTarget(706)) - ContainerBalancer is finding suitable target for source datanode 11352461-adbe-4c4d-9add-754ebe7e7595
2023-06-18 19:16:05,395 [main] INFO  balancer.ContainerBalancerTask (ContainerBalancerTask.java:matchSourceWithTarget(720)) - ContainerBalancer matched source datanode 11352461-adbe-4c4d-9add-754ebe7e7595 with target datanode faa8c76c-0fba-490f-86fa-715a892222d5 for container move.
2023-06-18 19:16:05,395 [main] INFO  balancer.ContainerBalancerTask (ContainerBalancerTask.java:processMoveSelection(569)) - ContainerBalancer is trying to move container #85 with size 5368709120B from source datanode 11352461-adbe-4c4d-9add-754ebe7e7595 to target datanode faa8c76c-0fba-490f-86fa-715a892222d5
2023-06-18 19:16:05,395 [main] DEBUG balancer.ContainerBalancerTask (ContainerBalancerTask.java:lambda$moveContainer$3(834)) - Container move completed for container #85 from source 11352461-adbe-4c4d-9add-754ebe7e7595 to target faa8c76c-0fba-490f-86fa-715a892222d5
2023-06-18 19:16:05,395 [main] DEBUG balancer.ContainerBalancerTask (ContainerBalancerTask.java:adaptOnReachingIterationLimits(780)) - Reached max datanodes to involve limit. 2 datanodes have already been selected for balancing and the limit is 2. Only already selected sources and targets can be involved in balancing now.
2023-06-18 19:16:05,398 [main] DEBUG balancer.ContainerBalancerTask (ContainerBalancerTask.java:matchSourceWithTarget(706)) - ContainerBalancer is finding suitable target for source datanode 11352461-adbe-4c4d-9add-754ebe7e7595
2023-06-18 19:16:05,398 [main] INFO  balancer.ContainerBalancerTask (ContainerBalancerTask.java:matchSourceWithTarget(720)) - ContainerBalancer matched source datanode 11352461-adbe-4c4d-9add-754ebe7e7595 with target datanode faa8c76c-0fba-490f-86fa-715a892222d5 for container move.
2023-06-18 19:16:05,398 [main] INFO  balancer.ContainerBalancerTask (ContainerBalancerTask.java:processMoveSelection(569)) - ContainerBalancer is trying to move container #89 with size 4294967296B from source datanode 11352461-adbe-4c4d-9add-754ebe7e7595 to target datanode faa8c76c-0fba-490f-86fa-715a892222d5
2023-06-18 19:16:05,399 [main] DEBUG balancer.ContainerBalancerTask (ContainerBalancerTask.java:lambda$moveContainer$3(834)) - Container move completed for container #89 from source 11352461-adbe-4c4d-9add-754ebe7e7595 to target faa8c76c-0fba-490f-86fa-715a892222d5
2023-06-18 19:16:05,401 [main] DEBUG balancer.ContainerBalancerTask (ContainerBalancerTask.java:matchSourceWithTarget(706)) - ContainerBalancer is finding suitable target for source datanode 11352461-adbe-4c4d-9add-754ebe7e7595
2023-06-18 19:16:05,402 [main] INFO  balancer.ContainerBalancerTask (ContainerBalancerTask.java:matchSourceWithTarget(720)) - ContainerBalancer matched source datanode 11352461-adbe-4c4d-9add-754ebe7e7595 with target datanode faa8c76c-0fba-490f-86fa-715a892222d5 for container move.
2023-06-18 19:16:05,402 [main] INFO  balancer.ContainerBalancerTask (ContainerBalancerTask.java:processMoveSelection(569)) - ContainerBalancer is trying to move container #84 with size 4294967296B from source datanode 11352461-adbe-4c4d-9add-754ebe7e7595 to target datanode faa8c76c-0fba-490f-86fa-715a892222d5
2023-06-18 19:16:05,402 [main] DEBUG balancer.ContainerBalancerTask (ContainerBalancerTask.java:lambda$moveContainer$3(834)) - Container move completed for container #84 from source 11352461-adbe-4c4d-9add-754ebe7e7595 to target faa8c76c-0fba-490f-86fa-715a892222d5
2023-06-18 19:16:05,405 [main] DEBUG balancer.ContainerBalancerTask (ContainerBalancerTask.java:matchSourceWithTarget(706)) - ContainerBalancer is finding suitable target for source datanode 11352461-adbe-4c4d-9add-754ebe7e7595
2023-06-18 19:16:05,405 [main] INFO  balancer.ContainerBalancerTask (ContainerBalancerTask.java:matchSourceWithTarget(720)) - ContainerBalancer matched source datanode 11352461-adbe-4c4d-9add-754ebe7e7595 with target datanode faa8c76c-0fba-490f-86fa-715a892222d5 for container move.
2023-06-18 19:16:05,405 [main] INFO  balancer.ContainerBalancerTask (ContainerBalancerTask.java:processMoveSelection(569)) - ContainerBalancer is trying to move container #67 with size 4294967296B from source datanode 11352461-adbe-4c4d-9add-754ebe7e7595 to target datanode faa8c76c-0fba-490f-86fa-715a892222d5
2023-06-18 19:16:05,406 [main] DEBUG balancer.ContainerBalancerTask (ContainerBalancerTask.java:lambda$moveContainer$3(834)) - Container move completed for container #67 from source 11352461-adbe-4c4d-9add-754ebe7e7595 to target faa8c76c-0fba-490f-86fa-715a892222d5
2023-06-18 19:16:05,409 [main] DEBUG balancer.ContainerBalancerTask (ContainerBalancerTask.java:matchSourceWithTarget(706)) - ContainerBalancer is finding suitable target for source datanode 11352461-adbe-4c4d-9add-754ebe7e7595
2023-06-18 19:16:05,409 [main] INFO  balancer.ContainerBalancerTask (ContainerBalancerTask.java:matchSourceWithTarget(720)) - ContainerBalancer matched source datanode 11352461-adbe-4c4d-9add-754ebe7e7595 with target datanode faa8c76c-0fba-490f-86fa-715a892222d5 for container move.
2023-06-18 19:16:05,409 [main] INFO  balancer.ContainerBalancerTask (ContainerBalancerTask.java:processMoveSelection(569)) - ContainerBalancer is trying to move container #19 with size 4294967296B from source datanode 11352461-adbe-4c4d-9add-754ebe7e7595 to target datanode faa8c76c-0fba-490f-86fa-715a892222d5
2023-06-18 19:16:05,409 [main] DEBUG balancer.ContainerBalancerTask (ContainerBalancerTask.java:lambda$moveContainer$3(834)) - Container move completed for container #19 from source 11352461-adbe-4c4d-9add-754ebe7e7595 to target faa8c76c-0fba-490f-86fa-715a892222d5
2023-06-18 19:16:05,412 [main] DEBUG balancer.ContainerBalancerTask (ContainerBalancerTask.java:matchSourceWithTarget(706)) - ContainerBalancer is finding suitable target for source datanode 11352461-adbe-4c4d-9add-754ebe7e7595
2023-06-18 19:16:05,412 [main] INFO  balancer.ContainerBalancerTask (ContainerBalancerTask.java:matchSourceWithTarget(720)) - ContainerBalancer matched source datanode 11352461-adbe-4c4d-9add-754ebe7e7595 with target datanode faa8c76c-0fba-490f-86fa-715a892222d5 for container move.
2023-06-18 19:16:05,412 [main] INFO  balancer.ContainerBalancerTask (ContainerBalancerTask.java:processMoveSelection(569)) - ContainerBalancer is trying to move container #88 with size 3221225472B from source datanode 11352461-adbe-4c4d-9add-754ebe7e7595 to target datanode faa8c76c-0fba-490f-86fa-715a892222d5
2023-06-18 19:16:05,412 [main] DEBUG balancer.ContainerBalancerTask (ContainerBalancerTask.java:lambda$moveContainer$3(834)) - Container move completed for container #88 from source 11352461-adbe-4c4d-9add-754ebe7e7595 to target faa8c76c-0fba-490f-86fa-715a892222d5
2023-06-18 19:16:05,415 [main] DEBUG balancer.ContainerBalancerTask (ContainerBalancerTask.java:matchSourceWithTarget(706)) - ContainerBalancer is finding suitable target for source datanode 11352461-adbe-4c4d-9add-754ebe7e7595
2023-06-18 19:16:05,416 [main] INFO  balancer.FindTargetGreedyByUsageInfo (AbstractFindTargetGreedy.java:findTargetForContainerMove(133)) - Container Balancer could not find a target for source datanode 11352461-adbe-4c4d-9add-754ebe7e7595
2023-06-18 19:16:05,416 [main] DEBUG balancer.ContainerBalancerTask (ContainerBalancerTask.java:matchSourceWithTarget(715)) - ContainerBalancer could not find a suitable target for source node 11352461-adbe-4c4d-9add-754ebe7e7595.
2023-06-18 19:16:05,416 [main] INFO  balancer.FindSourceGreedy (FindSourceGreedy.java:getNextCandidateSourceDataNode(126)) - no more candidate source data node
2023-06-18 19:16:05,416 [main] INFO  balancer.ContainerBalancerTask (ContainerBalancerTask.java:checkIterationMoveResults(640)) - Iteration Summary. Number of Datanodes involved: 2. Size moved: 24 GB (25769803776 Bytes). Number of Container moves completed: 6.
2023-06-18 19:16:05,416 [main] INFO  balancer.ContainerBalancerTask (ContainerBalancerTask.java:balance(259)) - Result of this iteration of Container Balancer: ITERATION_COMPLETED
2023-06-18 19:16:05,418 [main] DEBUG balancer.ContainerBalancerTask (ContainerBalancerTask.java:initializeIteration(374)) - Average utilization of the cluster is 0.36036372114784043
2023-06-18 19:16:05,418 [main] DEBUG balancer.ContainerBalancerTask (ContainerBalancerTask.java:initializeIteration(386)) - Lower limit for utilization is 0.26036372114784045 and Upper limit for utilization is 0.4603637211478404
2023-06-18 19:16:05,419 [main] DEBUG balancer.ContainerBalancerTask (ContainerBalancerTask.java:initializeIteration(398)) - Utilization for node 11352461-adbe-4c4d-9add-754ebe7e7595 with capacity 60845370026B, used 54760833024B, and remaining 6084537002B is 0.900000000009861
2023-06-18 19:16:05,419 [main] DEBUG balancer.ContainerBalancerTask (ContainerBalancerTask.java:initializeIteration(398)) - Utilization for node 051d69d9-e32f-42b3-9b5b-abca16348777 with capacity 75161927680B, used 60129542144B, and remaining 15032385536B is 0.8
2023-06-18 19:16:05,419 [main] DEBUG balancer.ContainerBalancerTask (ContainerBalancerTask.java:initializeIteration(398)) - Utilization for node 7b0502e6-5de0-46a5-96cf-c80e2f7c1e9a with capacity 56754924982B, used 39728447488B, and remaining 17026477494B is 0.7000000000105717
2023-06-18 19:16:05,419 [main] DEBUG balancer.ContainerBalancerTask (ContainerBalancerTask.java:initializeIteration(398)) - Utilization for node 9071d380-1069-48c8-8920-f2f690aa0f2f with capacity 89478485333B, used 53687091200B, and remaining 35791394133B is 0.6000000000022352
2023-06-18 19:16:05,419 [main] DEBUG balancer.ContainerBalancerTask (ContainerBalancerTask.java:initializeIteration(398)) - Utilization for node 8b42ed92-7f18-4a14-8c87-d5cb82cb1d4e with capacity 81604378624B, used 40802189312B, and remaining 40802189312B is 0.5
2023-06-18 19:16:05,419 [main] DEBUG balancer.ContainerBalancerTask (ContainerBalancerTask.java:initializeIteration(398)) - Utilization for node c1f19c2d-dc5f-4613-b45c-b76b50bbbecf with capacity 139586437120B, used 55834574848B, and remaining 83751862272B is 0.4
2023-06-18 19:16:05,419 [main] DEBUG balancer.ContainerBalancerTask (ContainerBalancerTask.java:initializeIteration(398)) - Utilization for node bdab6d36-55f0-4f26-b1ea-2524104be2f8 with capacity 100215903573B, used 30064771072B, and remaining 70151132501B is 0.30000000000099786
2023-06-18 19:16:05,419 [main] DEBUG balancer.ContainerBalancerTask (ContainerBalancerTask.java:initializeIteration(398)) - Utilization for node eea0c65a-f0f8-497c-831e-67b296f88ca1 with capacity 166429982720B, used 33285996544B, and remaining 133143986176B is 0.2
2023-06-18 19:16:05,419 [main] DEBUG balancer.ContainerBalancerTask (ContainerBalancerTask.java:initializeIteration(398)) - Utilization for node 0e78bd91-06bc-4323-80c3-8c8ce00ff1a2 with capacity 268435456000B, used 26843545600B, and remaining 241591910400B is 0.1
2023-06-18 19:16:05,420 [main] DEBUG balancer.ContainerBalancerTask (ContainerBalancerTask.java:initializeIteration(398)) - Utilization for node faa8c76c-0fba-490f-86fa-715a892222d5 with capacity 57982058496B, used 0B, and remaining 57982058496B is 0.0
2023-06-18 19:16:05,420 [main] INFO  balancer.ContainerBalancerTask (ContainerBalancerTask.java:initializeIteration(447)) - Container Balancer has identified 5 Over-Utilized and 3 Under-Utilized Datanodes that need to be balanced.
2023-06-18 19:16:05,420 [main] DEBUG balancer.ContainerBalancerTask (ContainerBalancerTask.java:lambda$initializeIteration$1(453)) - Datanode localhost-9.46.26.172 11352461-adbe-4c4d-9add-754ebe7e7595 is Over-Utilized.
2023-06-18 19:16:05,420 [main] DEBUG balancer.ContainerBalancerTask (ContainerBalancerTask.java:lambda$initializeIteration$1(453)) - Datanode localhost-166.229.49.207 051d69d9-e32f-42b3-9b5b-abca16348777 is Over-Utilized.
2023-06-18 19:16:05,420 [main] DEBUG balancer.ContainerBalancerTask (ContainerBalancerTask.java:lambda$initializeIteration$1(453)) - Datanode localhost-133.244.166.90 7b0502e6-5de0-46a5-96cf-c80e2f7c1e9a is Over-Utilized.
2023-06-18 19:16:05,420 [main] DEBUG balancer.ContainerBalancerTask (ContainerBalancerTask.java:lambda$initializeIteration$1(453)) - Datanode localhost-200.144.94.12 9071d380-1069-48c8-8920-f2f690aa0f2f is Over-Utilized.
2023-06-18 19:16:05,420 [main] DEBUG balancer.ContainerBalancerTask (ContainerBalancerTask.java:lambda$initializeIteration$1(453)) - Datanode localhost-200.239.176.196 8b42ed92-7f18-4a14-8c87-d5cb82cb1d4e is Over-Utilized.
2023-06-18 19:16:05,420 [main] DEBUG balancer.ContainerBalancerTask (ContainerBalancerTask.java:lambda$initializeIteration$2(459)) - Datanode localhost-19.73.250.95 faa8c76c-0fba-490f-86fa-715a892222d5 is Under-Utilized.
2023-06-18 19:16:05,420 [main] DEBUG balancer.ContainerBalancerTask (ContainerBalancerTask.java:lambda$initializeIteration$2(459)) - Datanode localhost-198.68.54.68 0e78bd91-06bc-4323-80c3-8c8ce00ff1a2 is Under-Utilized.
2023-06-18 19:16:05,420 [main] DEBUG balancer.ContainerBalancerTask (ContainerBalancerTask.java:lambda$initializeIteration$2(459)) - Datanode localhost-86.44.25.163 eea0c65a-f0f8-497c-831e-67b296f88ca1 is Under-Utilized.
2023-06-18 19:16:05,423 [main] DEBUG balancer.ContainerBalancerTask (ContainerBalancerTask.java:matchSourceWithTarget(706)) - ContainerBalancer is finding suitable target for source datanode 11352461-adbe-4c4d-9add-754ebe7e7595
2023-06-18 19:16:05,423 [main] INFO  balancer.ContainerBalancerTask (ContainerBalancerTask.java:matchSourceWithTarget(720)) - ContainerBalancer matched source datanode 11352461-adbe-4c4d-9add-754ebe7e7595 with target datanode faa8c76c-0fba-490f-86fa-715a892222d5 for container move.
2023-06-18 19:16:05,424 [main] INFO  balancer.ContainerBalancerTask (ContainerBalancerTask.java:processMoveSelection(569)) - ContainerBalancer is trying to move container #85 with size 5368709120B from source datanode 11352461-adbe-4c4d-9add-754ebe7e7595 to target datanode faa8c76c-0fba-490f-86fa-715a892222d5
2023-06-18 19:16:05,424 [main] DEBUG balancer.ContainerBalancerTask (ContainerBalancerTask.java:lambda$moveContainer$3(834)) - Container move completed for container #85 from source 11352461-adbe-4c4d-9add-754ebe7e7595 to target faa8c76c-0fba-490f-86fa-715a892222d5
2023-06-18 19:16:05,424 [main] DEBUG balancer.ContainerBalancerTask (ContainerBalancerTask.java:adaptOnReachingIterationLimits(780)) - Reached max datanodes to involve limit. 2 datanodes have already been selected for balancing and the limit is 2. Only already selected sources and targets can be involved in balancing now.
2023-06-18 19:16:05,427 [main] DEBUG balancer.ContainerBalancerTask (ContainerBalancerTask.java:matchSourceWithTarget(706)) - ContainerBalancer is finding suitable target for source datanode 11352461-adbe-4c4d-9add-754ebe7e7595
2023-06-18 19:16:05,427 [main] INFO  balancer.ContainerBalancerTask (ContainerBalancerTask.java:matchSourceWithTarget(720)) - ContainerBalancer matched source datanode 11352461-adbe-4c4d-9add-754ebe7e7595 with target datanode faa8c76c-0fba-490f-86fa-715a892222d5 for container move.
2023-06-18 19:16:05,427 [main] INFO  balancer.ContainerBalancerTask (ContainerBalancerTask.java:processMoveSelection(569)) - ContainerBalancer is trying to move container #89 with size 4294967296B from source datanode 11352461-adbe-4c4d-9add-754ebe7e7595 to target datanode faa8c76c-0fba-490f-86fa-715a892222d5
2023-06-18 19:16:05,427 [main] DEBUG balancer.ContainerBalancerTask (ContainerBalancerTask.java:lambda$moveContainer$3(834)) - Container move completed for container #89 from source 11352461-adbe-4c4d-9add-754ebe7e7595 to target faa8c76c-0fba-490f-86fa-715a892222d5
2023-06-18 19:16:05,430 [main] DEBUG balancer.ContainerBalancerTask (ContainerBalancerTask.java:matchSourceWithTarget(706)) - ContainerBalancer is finding suitable target for source datanode 11352461-adbe-4c4d-9add-754ebe7e7595
2023-06-18 19:16:05,430 [main] INFO  balancer.ContainerBalancerTask (ContainerBalancerTask.java:matchSourceWithTarget(720)) - ContainerBalancer matched source datanode 11352461-adbe-4c4d-9add-754ebe7e7595 with target datanode faa8c76c-0fba-490f-86fa-715a892222d5 for container move.
2023-06-18 19:16:05,430 [main] INFO  balancer.ContainerBalancerTask (ContainerBalancerTask.java:processMoveSelection(569)) - ContainerBalancer is trying to move container #84 with size 4294967296B from source datanode 11352461-adbe-4c4d-9add-754ebe7e7595 to target datanode faa8c76c-0fba-490f-86fa-715a892222d5
2023-06-18 19:16:05,430 [main] DEBUG balancer.ContainerBalancerTask (ContainerBalancerTask.java:lambda$moveContainer$3(834)) - Container move completed for container #84 from source 11352461-adbe-4c4d-9add-754ebe7e7595 to target faa8c76c-0fba-490f-86fa-715a892222d5
2023-06-18 19:16:05,434 [main] DEBUG balancer.ContainerBalancerTask (ContainerBalancerTask.java:matchSourceWithTarget(706)) - ContainerBalancer is finding suitable target for source datanode 11352461-adbe-4c4d-9add-754ebe7e7595
2023-06-18 19:16:05,434 [main] INFO  balancer.ContainerBalancerTask (ContainerBalancerTask.java:matchSourceWithTarget(720)) - ContainerBalancer matched source datanode 11352461-adbe-4c4d-9add-754ebe7e7595 with target datanode faa8c76c-0fba-490f-86fa-715a892222d5 for container move.
2023-06-18 19:16:05,434 [main] INFO  balancer.ContainerBalancerTask (ContainerBalancerTask.java:processMoveSelection(569)) - ContainerBalancer is trying to move container #67 with size 4294967296B from source datanode 11352461-adbe-4c4d-9add-754ebe7e7595 to target datanode faa8c76c-0fba-490f-86fa-715a892222d5
2023-06-18 19:16:05,435 [main] DEBUG balancer.ContainerBalancerTask (ContainerBalancerTask.java:lambda$moveContainer$3(834)) - Container move completed for container #67 from source 11352461-adbe-4c4d-9add-754ebe7e7595 to target faa8c76c-0fba-490f-86fa-715a892222d5
2023-06-18 19:16:05,437 [main] DEBUG balancer.ContainerBalancerTask (ContainerBalancerTask.java:matchSourceWithTarget(706)) - ContainerBalancer is finding suitable target for source datanode 11352461-adbe-4c4d-9add-754ebe7e7595
2023-06-18 19:16:05,438 [main] INFO  balancer.ContainerBalancerTask (ContainerBalancerTask.java:matchSourceWithTarget(720)) - ContainerBalancer matched source datanode 11352461-adbe-4c4d-9add-754ebe7e7595 with target datanode faa8c76c-0fba-490f-86fa-715a892222d5 for container move.
2023-06-18 19:16:05,438 [main] INFO  balancer.ContainerBalancerTask (ContainerBalancerTask.java:processMoveSelection(569)) - ContainerBalancer is trying to move container #19 with size 4294967296B from source datanode 11352461-adbe-4c4d-9add-754ebe7e7595 to target datanode faa8c76c-0fba-490f-86fa-715a892222d5
2023-06-18 19:16:05,438 [main] DEBUG balancer.ContainerBalancerTask (ContainerBalancerTask.java:lambda$moveContainer$3(834)) - Container move completed for container #19 from source 11352461-adbe-4c4d-9add-754ebe7e7595 to target faa8c76c-0fba-490f-86fa-715a892222d5
2023-06-18 19:16:05,443 [main] DEBUG balancer.ContainerBalancerTask (ContainerBalancerTask.java:matchSourceWithTarget(706)) - ContainerBalancer is finding suitable target for source datanode 11352461-adbe-4c4d-9add-754ebe7e7595
2023-06-18 19:16:05,443 [main] INFO  balancer.ContainerBalancerTask (ContainerBalancerTask.java:matchSourceWithTarget(720)) - ContainerBalancer matched source datanode 11352461-adbe-4c4d-9add-754ebe7e7595 with target datanode faa8c76c-0fba-490f-86fa-715a892222d5 for container move.
2023-06-18 19:16:05,443 [main] INFO  balancer.ContainerBalancerTask (ContainerBalancerTask.java:processMoveSelection(569)) - ContainerBalancer is trying to move container #88 with size 3221225472B from source datanode 11352461-adbe-4c4d-9add-754ebe7e7595 to target datanode faa8c76c-0fba-490f-86fa-715a892222d5
2023-06-18 19:16:05,443 [main] DEBUG balancer.ContainerBalancerTask (ContainerBalancerTask.java:lambda$moveContainer$3(834)) - Container move completed for container #88 from source 11352461-adbe-4c4d-9add-754ebe7e7595 to target faa8c76c-0fba-490f-86fa-715a892222d5
2023-06-18 19:16:05,446 [main] DEBUG balancer.ContainerBalancerTask (ContainerBalancerTask.java:matchSourceWithTarget(706)) - ContainerBalancer is finding suitable target for source datanode 11352461-adbe-4c4d-9add-754ebe7e7595
2023-06-18 19:16:05,447 [main] INFO  balancer.FindTargetGreedyByUsageInfo (AbstractFindTargetGreedy.java:findTargetForContainerMove(133)) - Container Balancer could not find a target for source datanode 11352461-adbe-4c4d-9add-754ebe7e7595
2023-06-18 19:16:05,447 [main] DEBUG balancer.ContainerBalancerTask (ContainerBalancerTask.java:matchSourceWithTarget(715)) - ContainerBalancer could not find a suitable target for source node 11352461-adbe-4c4d-9add-754ebe7e7595.
2023-06-18 19:16:05,447 [main] INFO  balancer.FindSourceGreedy (FindSourceGreedy.java:getNextCandidateSourceDataNode(126)) - no more candidate source data node
2023-06-18 19:16:05,447 [main] INFO  balancer.ContainerBalancerTask (ContainerBalancerTask.java:checkIterationMoveResults(640)) - Iteration Summary. Number of Datanodes involved: 2. Size moved: 24 GB (25769803776 Bytes). Number of Container moves completed: 6.
2023-06-18 19:16:05,447 [main] INFO  balancer.ContainerBalancerTask (ContainerBalancerTask.java:balance(259)) - Result of this iteration of Container Balancer: ITERATION_COMPLETED
2023-06-18 19:16:05,450 [main] DEBUG balancer.ContainerBalancerTask (ContainerBalancerTask.java:initializeIteration(374)) - Average utilization of the cluster is 0.36036372114784043
2023-06-18 19:16:05,450 [main] DEBUG balancer.ContainerBalancerTask (ContainerBalancerTask.java:initializeIteration(386)) - Lower limit for utilization is 0.26036372114784045 and Upper limit for utilization is 0.4603637211478404
2023-06-18 19:16:05,450 [main] DEBUG balancer.ContainerBalancerTask (ContainerBalancerTask.java:initializeIteration(398)) - Utilization for node 11352461-adbe-4c4d-9add-754ebe7e7595 with capacity 60845370026B, used 54760833024B, and remaining 6084537002B is 0.900000000009861
2023-06-18 19:16:05,451 [main] DEBUG balancer.ContainerBalancerTask (ContainerBalancerTask.java:initializeIteration(398)) - Utilization for node 051d69d9-e32f-42b3-9b5b-abca16348777 with capacity 75161927680B, used 60129542144B, and remaining 15032385536B is 0.8
2023-06-18 19:16:05,451 [main] DEBUG balancer.ContainerBalancerTask (ContainerBalancerTask.java:initializeIteration(398)) - Utilization for node 7b0502e6-5de0-46a5-96cf-c80e2f7c1e9a with capacity 56754924982B, used 39728447488B, and remaining 17026477494B is 0.7000000000105717
2023-06-18 19:16:05,452 [main] DEBUG balancer.ContainerBalancerTask (ContainerBalancerTask.java:initializeIteration(398)) - Utilization for node 9071d380-1069-48c8-8920-f2f690aa0f2f with capacity 89478485333B, used 53687091200B, and remaining 35791394133B is 0.6000000000022352
2023-06-18 19:16:05,452 [main] DEBUG balancer.ContainerBalancerTask (ContainerBalancerTask.java:initializeIteration(398)) - Utilization for node 8b42ed92-7f18-4a14-8c87-d5cb82cb1d4e with capacity 81604378624B, used 40802189312B, and remaining 40802189312B is 0.5
2023-06-18 19:16:05,452 [main] DEBUG balancer.ContainerBalancerTask (ContainerBalancerTask.java:initializeIteration(398)) - Utilization for node c1f19c2d-dc5f-4613-b45c-b76b50bbbecf with capacity 139586437120B, used 55834574848B, and remaining 83751862272B is 0.4
2023-06-18 19:16:05,452 [main] DEBUG balancer.ContainerBalancerTask (ContainerBalancerTask.java:initializeIteration(398)) - Utilization for node bdab6d36-55f0-4f26-b1ea-2524104be2f8 with capacity 100215903573B, used 30064771072B, and remaining 70151132501B is 0.30000000000099786
2023-06-18 19:16:05,452 [main] DEBUG balancer.ContainerBalancerTask (ContainerBalancerTask.java:initializeIteration(398)) - Utilization for node eea0c65a-f0f8-497c-831e-67b296f88ca1 with capacity 166429982720B, used 33285996544B, and remaining 133143986176B is 0.2
2023-06-18 19:16:05,452 [main] DEBUG balancer.ContainerBalancerTask (ContainerBalancerTask.java:initializeIteration(398)) - Utilization for node 0e78bd91-06bc-4323-80c3-8c8ce00ff1a2 with capacity 268435456000B, used 26843545600B, and remaining 241591910400B is 0.1
2023-06-18 19:16:05,452 [main] DEBUG balancer.ContainerBalancerTask (ContainerBalancerTask.java:initializeIteration(398)) - Utilization for node faa8c76c-0fba-490f-86fa-715a892222d5 with capacity 57982058496B, used 0B, and remaining 57982058496B is 0.0
2023-06-18 19:16:05,452 [main] INFO  balancer.ContainerBalancerTask (ContainerBalancerTask.java:initializeIteration(447)) - Container Balancer has identified 5 Over-Utilized and 3 Under-Utilized Datanodes that need to be balanced.
2023-06-18 19:16:05,452 [main] DEBUG balancer.ContainerBalancerTask (ContainerBalancerTask.java:lambda$initializeIteration$1(453)) - Datanode localhost-9.46.26.172 11352461-adbe-4c4d-9add-754ebe7e7595 is Over-Utilized.
2023-06-18 19:16:05,452 [main] DEBUG balancer.ContainerBalancerTask (ContainerBalancerTask.java:lambda$initializeIteration$1(453)) - Datanode localhost-166.229.49.207 051d69d9-e32f-42b3-9b5b-abca16348777 is Over-Utilized.
2023-06-18 19:16:05,453 [main] DEBUG balancer.ContainerBalancerTask (ContainerBalancerTask.java:lambda$initializeIteration$1(453)) - Datanode localhost-133.244.166.90 7b0502e6-5de0-46a5-96cf-c80e2f7c1e9a is Over-Utilized.
2023-06-18 19:16:05,453 [main] DEBUG balancer.ContainerBalancerTask (ContainerBalancerTask.java:lambda$initializeIteration$1(453)) - Datanode localhost-200.144.94.12 9071d380-1069-48c8-8920-f2f690aa0f2f is Over-Utilized.
2023-06-18 19:16:05,453 [main] DEBUG balancer.ContainerBalancerTask (ContainerBalancerTask.java:lambda$initializeIteration$1(453)) - Datanode localhost-200.239.176.196 8b42ed92-7f18-4a14-8c87-d5cb82cb1d4e is Over-Utilized.
2023-06-18 19:16:05,453 [main] DEBUG balancer.ContainerBalancerTask (ContainerBalancerTask.java:lambda$initializeIteration$2(459)) - Datanode localhost-19.73.250.95 faa8c76c-0fba-490f-86fa-715a892222d5 is Under-Utilized.
2023-06-18 19:16:05,453 [main] DEBUG balancer.ContainerBalancerTask (ContainerBalancerTask.java:lambda$initializeIteration$2(459)) - Datanode localhost-198.68.54.68 0e78bd91-06bc-4323-80c3-8c8ce00ff1a2 is Under-Utilized.
2023-06-18 19:16:05,453 [main] DEBUG balancer.ContainerBalancerTask (ContainerBalancerTask.java:lambda$initializeIteration$2(459)) - Datanode localhost-86.44.25.163 eea0c65a-f0f8-497c-831e-67b296f88ca1 is Under-Utilized.
2023-06-18 19:16:05,457 [main] DEBUG balancer.ContainerBalancerTask (ContainerBalancerTask.java:matchSourceWithTarget(706)) - ContainerBalancer is finding suitable target for source datanode 11352461-adbe-4c4d-9add-754ebe7e7595
2023-06-18 19:16:05,457 [main] INFO  balancer.ContainerBalancerTask (ContainerBalancerTask.java:matchSourceWithTarget(720)) - ContainerBalancer matched source datanode 11352461-adbe-4c4d-9add-754ebe7e7595 with target datanode faa8c76c-0fba-490f-86fa-715a892222d5 for container move.
2023-06-18 19:16:05,457 [main] INFO  balancer.ContainerBalancerTask (ContainerBalancerTask.java:processMoveSelection(569)) - ContainerBalancer is trying to move container #85 with size 5368709120B from source datanode 11352461-adbe-4c4d-9add-754ebe7e7595 to target datanode faa8c76c-0fba-490f-86fa-715a892222d5
2023-06-18 19:16:05,458 [main] DEBUG balancer.ContainerBalancerTask (ContainerBalancerTask.java:lambda$moveContainer$3(834)) - Container move completed for container #85 from source 11352461-adbe-4c4d-9add-754ebe7e7595 to target faa8c76c-0fba-490f-86fa-715a892222d5
2023-06-18 19:16:05,458 [main] DEBUG balancer.ContainerBalancerTask (ContainerBalancerTask.java:adaptOnReachingIterationLimits(780)) - Reached max datanodes to involve limit. 2 datanodes have already been selected for balancing and the limit is 2. Only already selected sources and targets can be involved in balancing now.
2023-06-18 19:16:05,461 [main] DEBUG balancer.ContainerBalancerTask (ContainerBalancerTask.java:matchSourceWithTarget(706)) - ContainerBalancer is finding suitable target for source datanode 11352461-adbe-4c4d-9add-754ebe7e7595
2023-06-18 19:16:05,461 [main] INFO  balancer.ContainerBalancerTask (ContainerBalancerTask.java:matchSourceWithTarget(720)) - ContainerBalancer matched source datanode 11352461-adbe-4c4d-9add-754ebe7e7595 with target datanode faa8c76c-0fba-490f-86fa-715a892222d5 for container move.
2023-06-18 19:16:05,461 [main] INFO  balancer.ContainerBalancerTask (ContainerBalancerTask.java:processMoveSelection(569)) - ContainerBalancer is trying to move container #89 with size 4294967296B from source datanode 11352461-adbe-4c4d-9add-754ebe7e7595 to target datanode faa8c76c-0fba-490f-86fa-715a892222d5
2023-06-18 19:16:05,461 [main] DEBUG balancer.ContainerBalancerTask (ContainerBalancerTask.java:lambda$moveContainer$3(834)) - Container move completed for container #89 from source 11352461-adbe-4c4d-9add-754ebe7e7595 to target faa8c76c-0fba-490f-86fa-715a892222d5
2023-06-18 19:16:05,464 [main] DEBUG balancer.ContainerBalancerTask (ContainerBalancerTask.java:matchSourceWithTarget(706)) - ContainerBalancer is finding suitable target for source datanode 11352461-adbe-4c4d-9add-754ebe7e7595
2023-06-18 19:16:05,464 [main] INFO  balancer.ContainerBalancerTask (ContainerBalancerTask.java:matchSourceWithTarget(720)) - ContainerBalancer matched source datanode 11352461-adbe-4c4d-9add-754ebe7e7595 with target datanode faa8c76c-0fba-490f-86fa-715a892222d5 for container move.
2023-06-18 19:16:05,466 [main] INFO  balancer.ContainerBalancerTask (ContainerBalancerTask.java:processMoveSelection(569)) - ContainerBalancer is trying to move container #84 with size 4294967296B from source datanode 11352461-adbe-4c4d-9add-754ebe7e7595 to target datanode faa8c76c-0fba-490f-86fa-715a892222d5
2023-06-18 19:16:05,466 [main] DEBUG balancer.ContainerBalancerTask (ContainerBalancerTask.java:lambda$moveContainer$3(834)) - Container move completed for container #84 from source 11352461-adbe-4c4d-9add-754ebe7e7595 to target faa8c76c-0fba-490f-86fa-715a892222d5
2023-06-18 19:16:05,469 [main] DEBUG balancer.ContainerBalancerTask (ContainerBalancerTask.java:matchSourceWithTarget(706)) - ContainerBalancer is finding suitable target for source datanode 11352461-adbe-4c4d-9add-754ebe7e7595
2023-06-18 19:16:05,469 [main] INFO  balancer.ContainerBalancerTask (ContainerBalancerTask.java:matchSourceWithTarget(720)) - ContainerBalancer matched source datanode 11352461-adbe-4c4d-9add-754ebe7e7595 with target datanode faa8c76c-0fba-490f-86fa-715a892222d5 for container move.
2023-06-18 19:16:05,469 [main] INFO  balancer.ContainerBalancerTask (ContainerBalancerTask.java:processMoveSelection(569)) - ContainerBalancer is trying to move container #67 with size 4294967296B from source datanode 11352461-adbe-4c4d-9add-754ebe7e7595 to target datanode faa8c76c-0fba-490f-86fa-715a892222d5
2023-06-18 19:16:05,469 [main] DEBUG balancer.ContainerBalancerTask (ContainerBalancerTask.java:lambda$moveContainer$3(834)) - Container move completed for container #67 from source 11352461-adbe-4c4d-9add-754ebe7e7595 to target faa8c76c-0fba-490f-86fa-715a892222d5
2023-06-18 19:16:05,472 [main] DEBUG balancer.ContainerBalancerTask (ContainerBalancerTask.java:matchSourceWithTarget(706)) - ContainerBalancer is finding suitable target for source datanode 11352461-adbe-4c4d-9add-754ebe7e7595
2023-06-18 19:16:05,472 [main] INFO  balancer.ContainerBalancerTask (ContainerBalancerTask.java:matchSourceWithTarget(720)) - ContainerBalancer matched source datanode 11352461-adbe-4c4d-9add-754ebe7e7595 with target datanode faa8c76c-0fba-490f-86fa-715a892222d5 for container move.
2023-06-18 19:16:05,473 [main] INFO  balancer.ContainerBalancerTask (ContainerBalancerTask.java:processMoveSelection(569)) - ContainerBalancer is trying to move container #19 with size 4294967296B from source datanode 11352461-adbe-4c4d-9add-754ebe7e7595 to target datanode faa8c76c-0fba-490f-86fa-715a892222d5
2023-06-18 19:16:05,473 [main] DEBUG balancer.ContainerBalancerTask (ContainerBalancerTask.java:lambda$moveContainer$3(834)) - Container move completed for container #19 from source 11352461-adbe-4c4d-9add-754ebe7e7595 to target faa8c76c-0fba-490f-86fa-715a892222d5
2023-06-18 19:16:05,475 [main] DEBUG balancer.ContainerBalancerTask (ContainerBalancerTask.java:matchSourceWithTarget(706)) - ContainerBalancer is finding suitable target for source datanode 11352461-adbe-4c4d-9add-754ebe7e7595
2023-06-18 19:16:05,476 [main] INFO  balancer.ContainerBalancerTask (ContainerBalancerTask.java:matchSourceWithTarget(720)) - ContainerBalancer matched source datanode 11352461-adbe-4c4d-9add-754ebe7e7595 with target datanode faa8c76c-0fba-490f-86fa-715a892222d5 for container move.
2023-06-18 19:16:05,476 [main] INFO  balancer.ContainerBalancerTask (ContainerBalancerTask.java:processMoveSelection(569)) - ContainerBalancer is trying to move container #88 with size 3221225472B from source datanode 11352461-adbe-4c4d-9add-754ebe7e7595 to target datanode faa8c76c-0fba-490f-86fa-715a892222d5
2023-06-18 19:16:05,476 [main] DEBUG balancer.ContainerBalancerTask (ContainerBalancerTask.java:lambda$moveContainer$3(834)) - Container move completed for container #88 from source 11352461-adbe-4c4d-9add-754ebe7e7595 to target faa8c76c-0fba-490f-86fa-715a892222d5
2023-06-18 19:16:05,479 [main] DEBUG balancer.ContainerBalancerTask (ContainerBalancerTask.java:matchSourceWithTarget(706)) - ContainerBalancer is finding suitable target for source datanode 11352461-adbe-4c4d-9add-754ebe7e7595
2023-06-18 19:16:05,479 [main] INFO  balancer.FindTargetGreedyByUsageInfo (AbstractFindTargetGreedy.java:findTargetForContainerMove(133)) - Container Balancer could not find a target for source datanode 11352461-adbe-4c4d-9add-754ebe7e7595
2023-06-18 19:16:05,479 [main] DEBUG balancer.ContainerBalancerTask (ContainerBalancerTask.java:matchSourceWithTarget(715)) - ContainerBalancer could not find a suitable target for source node 11352461-adbe-4c4d-9add-754ebe7e7595.
2023-06-18 19:16:05,479 [main] INFO  balancer.FindSourceGreedy (FindSourceGreedy.java:getNextCandidateSourceDataNode(126)) - no more candidate source data node
2023-06-18 19:16:05,479 [main] INFO  balancer.ContainerBalancerTask (ContainerBalancerTask.java:checkIterationMoveResults(640)) - Iteration Summary. Number of Datanodes involved: 2. Size moved: 24 GB (25769803776 Bytes). Number of Container moves completed: 6.
2023-06-18 19:16:05,480 [main] INFO  balancer.ContainerBalancerTask (ContainerBalancerTask.java:balance(259)) - Result of this iteration of Container Balancer: ITERATION_COMPLETED
2023-06-18 19:16:05,481 [main] DEBUG balancer.ContainerBalancerTask (ContainerBalancerTask.java:initializeIteration(374)) - Average utilization of the cluster is 0.36036372114784043
2023-06-18 19:16:05,481 [main] DEBUG balancer.ContainerBalancerTask (ContainerBalancerTask.java:initializeIteration(386)) - Lower limit for utilization is 0.26036372114784045 and Upper limit for utilization is 0.4603637211478404
2023-06-18 19:16:05,481 [main] DEBUG balancer.ContainerBalancerTask (ContainerBalancerTask.java:initializeIteration(398)) - Utilization for node 11352461-adbe-4c4d-9add-754ebe7e7595 with capacity 60845370026B, used 54760833024B, and remaining 6084537002B is 0.900000000009861
2023-06-18 19:16:05,481 [main] DEBUG balancer.ContainerBalancerTask (ContainerBalancerTask.java:initializeIteration(398)) - Utilization for node 051d69d9-e32f-42b3-9b5b-abca16348777 with capacity 75161927680B, used 60129542144B, and remaining 15032385536B is 0.8
2023-06-18 19:16:05,482 [main] DEBUG balancer.ContainerBalancerTask (ContainerBalancerTask.java:initializeIteration(398)) - Utilization for node 7b0502e6-5de0-46a5-96cf-c80e2f7c1e9a with capacity 56754924982B, used 39728447488B, and remaining 17026477494B is 0.7000000000105717
2023-06-18 19:16:05,482 [main] DEBUG balancer.ContainerBalancerTask (ContainerBalancerTask.java:initializeIteration(398)) - Utilization for node 9071d380-1069-48c8-8920-f2f690aa0f2f with capacity 89478485333B, used 53687091200B, and remaining 35791394133B is 0.6000000000022352
2023-06-18 19:16:05,482 [main] DEBUG balancer.ContainerBalancerTask (ContainerBalancerTask.java:initializeIteration(398)) - Utilization for node 8b42ed92-7f18-4a14-8c87-d5cb82cb1d4e with capacity 81604378624B, used 40802189312B, and remaining 40802189312B is 0.5
2023-06-18 19:16:05,482 [main] DEBUG balancer.ContainerBalancerTask (ContainerBalancerTask.java:initializeIteration(398)) - Utilization for node c1f19c2d-dc5f-4613-b45c-b76b50bbbecf with capacity 139586437120B, used 55834574848B, and remaining 83751862272B is 0.4
2023-06-18 19:16:05,482 [main] DEBUG balancer.ContainerBalancerTask (ContainerBalancerTask.java:initializeIteration(398)) - Utilization for node bdab6d36-55f0-4f26-b1ea-2524104be2f8 with capacity 100215903573B, used 30064771072B, and remaining 70151132501B is 0.30000000000099786
2023-06-18 19:16:05,482 [main] DEBUG balancer.ContainerBalancerTask (ContainerBalancerTask.java:initializeIteration(398)) - Utilization for node eea0c65a-f0f8-497c-831e-67b296f88ca1 with capacity 166429982720B, used 33285996544B, and remaining 133143986176B is 0.2
2023-06-18 19:16:05,482 [main] DEBUG balancer.ContainerBalancerTask (ContainerBalancerTask.java:initializeIteration(398)) - Utilization for node 0e78bd91-06bc-4323-80c3-8c8ce00ff1a2 with capacity 268435456000B, used 26843545600B, and remaining 241591910400B is 0.1
2023-06-18 19:16:05,482 [main] DEBUG balancer.ContainerBalancerTask (ContainerBalancerTask.java:initializeIteration(398)) - Utilization for node faa8c76c-0fba-490f-86fa-715a892222d5 with capacity 57982058496B, used 0B, and remaining 57982058496B is 0.0
2023-06-18 19:16:05,482 [main] INFO  balancer.ContainerBalancerTask (ContainerBalancerTask.java:initializeIteration(447)) - Container Balancer has identified 5 Over-Utilized and 3 Under-Utilized Datanodes that need to be balanced.
2023-06-18 19:16:05,482 [main] DEBUG balancer.ContainerBalancerTask (ContainerBalancerTask.java:lambda$initializeIteration$1(453)) - Datanode localhost-9.46.26.172 11352461-adbe-4c4d-9add-754ebe7e7595 is Over-Utilized.
2023-06-18 19:16:05,483 [main] DEBUG balancer.ContainerBalancerTask (ContainerBalancerTask.java:lambda$initializeIteration$1(453)) - Datanode localhost-166.229.49.207 051d69d9-e32f-42b3-9b5b-abca16348777 is Over-Utilized.
2023-06-18 19:16:05,483 [main] DEBUG balancer.ContainerBalancerTask (ContainerBalancerTask.java:lambda$initializeIteration$1(453)) - Datanode localhost-133.244.166.90 7b0502e6-5de0-46a5-96cf-c80e2f7c1e9a is Over-Utilized.
2023-06-18 19:16:05,483 [main] DEBUG balancer.ContainerBalancerTask (ContainerBalancerTask.java:lambda$initializeIteration$1(453)) - Datanode localhost-200.144.94.12 9071d380-1069-48c8-8920-f2f690aa0f2f is Over-Utilized.
2023-06-18 19:16:05,483 [main] DEBUG balancer.ContainerBalancerTask (ContainerBalancerTask.java:lambda$initializeIteration$1(453)) - Datanode localhost-200.239.176.196 8b42ed92-7f18-4a14-8c87-d5cb82cb1d4e is Over-Utilized.
2023-06-18 19:16:05,483 [main] DEBUG balancer.ContainerBalancerTask (ContainerBalancerTask.java:lambda$initializeIteration$2(459)) - Datanode localhost-19.73.250.95 faa8c76c-0fba-490f-86fa-715a892222d5 is Under-Utilized.
2023-06-18 19:16:05,483 [main] DEBUG balancer.ContainerBalancerTask (ContainerBalancerTask.java:lambda$initializeIteration$2(459)) - Datanode localhost-198.68.54.68 0e78bd91-06bc-4323-80c3-8c8ce00ff1a2 is Under-Utilized.
2023-06-18 19:16:05,483 [main] DEBUG balancer.ContainerBalancerTask (ContainerBalancerTask.java:lambda$initializeIteration$2(459)) - Datanode localhost-86.44.25.163 eea0c65a-f0f8-497c-831e-67b296f88ca1 is Under-Utilized.
2023-06-18 19:16:05,486 [main] DEBUG balancer.ContainerBalancerTask (ContainerBalancerTask.java:matchSourceWithTarget(706)) - ContainerBalancer is finding suitable target for source datanode 11352461-adbe-4c4d-9add-754ebe7e7595
2023-06-18 19:16:05,486 [main] INFO  balancer.ContainerBalancerTask (ContainerBalancerTask.java:matchSourceWithTarget(720)) - ContainerBalancer matched source datanode 11352461-adbe-4c4d-9add-754ebe7e7595 with target datanode faa8c76c-0fba-490f-86fa-715a892222d5 for container move.
2023-06-18 19:16:05,486 [main] INFO  balancer.ContainerBalancerTask (ContainerBalancerTask.java:processMoveSelection(569)) - ContainerBalancer is trying to move container #85 with size 5368709120B from source datanode 11352461-adbe-4c4d-9add-754ebe7e7595 to target datanode faa8c76c-0fba-490f-86fa-715a892222d5
2023-06-18 19:16:05,486 [main] DEBUG balancer.ContainerBalancerTask (ContainerBalancerTask.java:lambda$moveContainer$3(834)) - Container move completed for container #85 from source 11352461-adbe-4c4d-9add-754ebe7e7595 to target faa8c76c-0fba-490f-86fa-715a892222d5
2023-06-18 19:16:05,487 [main] DEBUG balancer.ContainerBalancerTask (ContainerBalancerTask.java:adaptOnReachingIterationLimits(780)) - Reached max datanodes to involve limit. 2 datanodes have already been selected for balancing and the limit is 2. Only already selected sources and targets can be involved in balancing now.
2023-06-18 19:16:05,489 [main] DEBUG balancer.ContainerBalancerTask (ContainerBalancerTask.java:matchSourceWithTarget(706)) - ContainerBalancer is finding suitable target for source datanode 11352461-adbe-4c4d-9add-754ebe7e7595
2023-06-18 19:16:05,489 [main] INFO  balancer.ContainerBalancerTask (ContainerBalancerTask.java:matchSourceWithTarget(720)) - ContainerBalancer matched source datanode 11352461-adbe-4c4d-9add-754ebe7e7595 with target datanode faa8c76c-0fba-490f-86fa-715a892222d5 for container move.
2023-06-18 19:16:05,490 [main] INFO  balancer.ContainerBalancerTask (ContainerBalancerTask.java:processMoveSelection(569)) - ContainerBalancer is trying to move container #89 with size 4294967296B from source datanode 11352461-adbe-4c4d-9add-754ebe7e7595 to target datanode faa8c76c-0fba-490f-86fa-715a892222d5
2023-06-18 19:16:05,490 [main] DEBUG balancer.ContainerBalancerTask (ContainerBalancerTask.java:lambda$moveContainer$3(834)) - Container move completed for container #89 from source 11352461-adbe-4c4d-9add-754ebe7e7595 to target faa8c76c-0fba-490f-86fa-715a892222d5
2023-06-18 19:16:05,493 [main] DEBUG balancer.ContainerBalancerTask (ContainerBalancerTask.java:matchSourceWithTarget(706)) - ContainerBalancer is finding suitable target for source datanode 11352461-adbe-4c4d-9add-754ebe7e7595
2023-06-18 19:16:05,493 [main] INFO  balancer.ContainerBalancerTask (ContainerBalancerTask.java:matchSourceWithTarget(720)) - ContainerBalancer matched source datanode 11352461-adbe-4c4d-9add-754ebe7e7595 with target datanode faa8c76c-0fba-490f-86fa-715a892222d5 for container move.
2023-06-18 19:16:05,493 [main] INFO  balancer.ContainerBalancerTask (ContainerBalancerTask.java:processMoveSelection(569)) - ContainerBalancer is trying to move container #84 with size 4294967296B from source datanode 11352461-adbe-4c4d-9add-754ebe7e7595 to target datanode faa8c76c-0fba-490f-86fa-715a892222d5
2023-06-18 19:16:05,493 [main] DEBUG balancer.ContainerBalancerTask (ContainerBalancerTask.java:lambda$moveContainer$3(834)) - Container move completed for container #84 from source 11352461-adbe-4c4d-9add-754ebe7e7595 to target faa8c76c-0fba-490f-86fa-715a892222d5
2023-06-18 19:16:05,496 [main] DEBUG balancer.ContainerBalancerTask (ContainerBalancerTask.java:matchSourceWithTarget(706)) - ContainerBalancer is finding suitable target for source datanode 11352461-adbe-4c4d-9add-754ebe7e7595
2023-06-18 19:16:05,496 [main] INFO  balancer.ContainerBalancerTask (ContainerBalancerTask.java:matchSourceWithTarget(720)) - ContainerBalancer matched source datanode 11352461-adbe-4c4d-9add-754ebe7e7595 with target datanode faa8c76c-0fba-490f-86fa-715a892222d5 for container move.
2023-06-18 19:16:05,497 [main] INFO  balancer.ContainerBalancerTask (ContainerBalancerTask.java:processMoveSelection(569)) - ContainerBalancer is trying to move container #67 with size 4294967296B from source datanode 11352461-adbe-4c4d-9add-754ebe7e7595 to target datanode faa8c76c-0fba-490f-86fa-715a892222d5
2023-06-18 19:16:05,497 [main] DEBUG balancer.ContainerBalancerTask (ContainerBalancerTask.java:lambda$moveContainer$3(834)) - Container move completed for container #67 from source 11352461-adbe-4c4d-9add-754ebe7e7595 to target faa8c76c-0fba-490f-86fa-715a892222d5
2023-06-18 19:16:05,499 [main] DEBUG balancer.ContainerBalancerTask (ContainerBalancerTask.java:matchSourceWithTarget(706)) - ContainerBalancer is finding suitable target for source datanode 11352461-adbe-4c4d-9add-754ebe7e7595
2023-06-18 19:16:05,500 [main] INFO  balancer.ContainerBalancerTask (ContainerBalancerTask.java:matchSourceWithTarget(720)) - ContainerBalancer matched source datanode 11352461-adbe-4c4d-9add-754ebe7e7595 with target datanode faa8c76c-0fba-490f-86fa-715a892222d5 for container move.
2023-06-18 19:16:05,500 [main] INFO  balancer.ContainerBalancerTask (ContainerBalancerTask.java:processMoveSelection(569)) - ContainerBalancer is trying to move container #19 with size 4294967296B from source datanode 11352461-adbe-4c4d-9add-754ebe7e7595 to target datanode faa8c76c-0fba-490f-86fa-715a892222d5
2023-06-18 19:16:05,500 [main] DEBUG balancer.ContainerBalancerTask (ContainerBalancerTask.java:lambda$moveContainer$3(834)) - Container move completed for container #19 from source 11352461-adbe-4c4d-9add-754ebe7e7595 to target faa8c76c-0fba-490f-86fa-715a892222d5
2023-06-18 19:16:05,503 [main] DEBUG balancer.ContainerBalancerTask (ContainerBalancerTask.java:matchSourceWithTarget(706)) - ContainerBalancer is finding suitable target for source datanode 11352461-adbe-4c4d-9add-754ebe7e7595
2023-06-18 19:16:05,503 [main] INFO  balancer.ContainerBalancerTask (ContainerBalancerTask.java:matchSourceWithTarget(720)) - ContainerBalancer matched source datanode 11352461-adbe-4c4d-9add-754ebe7e7595 with target datanode faa8c76c-0fba-490f-86fa-715a892222d5 for container move.
2023-06-18 19:16:05,503 [main] INFO  balancer.ContainerBalancerTask (ContainerBalancerTask.java:processMoveSelection(569)) - ContainerBalancer is trying to move container #88 with size 3221225472B from source datanode 11352461-adbe-4c4d-9add-754ebe7e7595 to target datanode faa8c76c-0fba-490f-86fa-715a892222d5
2023-06-18 19:16:05,503 [main] DEBUG balancer.ContainerBalancerTask (ContainerBalancerTask.java:lambda$moveContainer$3(834)) - Container move completed for container #88 from source 11352461-adbe-4c4d-9add-754ebe7e7595 to target faa8c76c-0fba-490f-86fa-715a892222d5
2023-06-18 19:16:05,507 [main] DEBUG balancer.ContainerBalancerTask (ContainerBalancerTask.java:matchSourceWithTarget(706)) - ContainerBalancer is finding suitable target for source datanode 11352461-adbe-4c4d-9add-754ebe7e7595
2023-06-18 19:16:05,508 [main] INFO  balancer.FindTargetGreedyByUsageInfo (AbstractFindTargetGreedy.java:findTargetForContainerMove(133)) - Container Balancer could not find a target for source datanode 11352461-adbe-4c4d-9add-754ebe7e7595
2023-06-18 19:16:05,508 [main] DEBUG balancer.ContainerBalancerTask (ContainerBalancerTask.java:matchSourceWithTarget(715)) - ContainerBalancer could not find a suitable target for source node 11352461-adbe-4c4d-9add-754ebe7e7595.
2023-06-18 19:16:05,508 [main] INFO  balancer.FindSourceGreedy (FindSourceGreedy.java:getNextCandidateSourceDataNode(126)) - no more candidate source data node
2023-06-18 19:16:05,508 [main] INFO  balancer.ContainerBalancerTask (ContainerBalancerTask.java:checkIterationMoveResults(640)) - Iteration Summary. Number of Datanodes involved: 2. Size moved: 24 GB (25769803776 Bytes). Number of Container moves completed: 6.
2023-06-18 19:16:05,508 [main] INFO  balancer.ContainerBalancerTask (ContainerBalancerTask.java:balance(259)) - Result of this iteration of Container Balancer: ITERATION_COMPLETED
2023-06-18 19:16:05,510 [main] INFO  balancer.ContainerBalancerTask (ContainerBalancerTask.java:tryStopWithSaveConfiguration(308)) - Save Configuration for stopping. Reason: Completed all iterations.
]]></system-out>
  </testcase>
  <testcase name="selectedContainerShouldNotAlreadyHaveBeenSelected" classname="org.apache.hadoop.hdds.scm.container.balancer.TestContainerBalancerTask" time="0.17">
    <system-out><![CDATA[2023-06-18 19:16:05,536 [main] INFO  net.NodeSchemaLoader (NodeSchemaLoader.java:loadSchemaFromFile(129)) - Loading schema from [file:/home/runner/work/ozone/ozone/hadoop-hdds/common/target/classes/network-topology-default.xml]
2023-06-18 19:16:05,536 [main] INFO  net.NodeSchemaLoader (NodeSchemaLoader.java:loadSchema(176)) - Loading network topology layer schema file
2023-06-18 19:16:05,538 [main] INFO  net.NetworkTopologyImpl (NetworkTopologyImpl.java:add(112)) - Added a new node: /default-rack/254f9620-77fc-406a-83f3-d67b179c3e7e
2023-06-18 19:16:05,538 [main] INFO  net.NetworkTopologyImpl (NetworkTopologyImpl.java:add(112)) - Added a new node: /default-rack/58b53d01-f096-40ce-bbb0-8009ff224054
2023-06-18 19:16:05,538 [main] INFO  net.NetworkTopologyImpl (NetworkTopologyImpl.java:add(112)) - Added a new node: /default-rack/feea38a5-9db1-42c0-91b6-ec18556bc9df
2023-06-18 19:16:05,538 [main] INFO  net.NetworkTopologyImpl (NetworkTopologyImpl.java:add(112)) - Added a new node: /default-rack/00b36c34-8662-4adc-a5fc-9f24af85a573
2023-06-18 19:16:05,539 [main] INFO  net.NetworkTopologyImpl (NetworkTopologyImpl.java:add(112)) - Added a new node: /default-rack/a1bfc8b1-ac37-441b-8e0a-90799bc8f621
2023-06-18 19:16:05,539 [main] INFO  net.NetworkTopologyImpl (NetworkTopologyImpl.java:add(112)) - Added a new node: /default-rack/c979250f-b92d-45eb-ac2f-144d77fadeb0
2023-06-18 19:16:05,539 [main] INFO  net.NetworkTopologyImpl (NetworkTopologyImpl.java:add(112)) - Added a new node: /default-rack/b82c8cf2-7723-4835-a780-2bd1ec95ec65
2023-06-18 19:16:05,539 [main] INFO  net.NetworkTopologyImpl (NetworkTopologyImpl.java:add(112)) - Added a new node: /default-rack/e17cc5d5-fbe6-455b-a80f-9eb1bcd012e1
2023-06-18 19:16:05,539 [main] INFO  net.NetworkTopologyImpl (NetworkTopologyImpl.java:add(112)) - Added a new node: /default-rack/95f1f083-0a84-4628-8c1a-442527b6a5ca
2023-06-18 19:16:05,539 [main] INFO  net.NetworkTopologyImpl (NetworkTopologyImpl.java:add(112)) - Added a new node: /default-rack/7204a890-e4a2-41ba-aed2-5a2ca85d7ab0
2023-06-18 19:16:05,539 [main] INFO  algorithms.ContainerPlacementPolicyFactory (ContainerPlacementPolicyFactory.java:getPolicyInternal(86)) - Create container placement policy of type org.apache.hadoop.hdds.scm.container.placement.algorithms.SCMContainerPlacementRackAware
2023-06-18 19:16:05,539 [main] INFO  algorithms.ContainerPlacementPolicyFactory (ContainerPlacementPolicyFactory.java:getPolicyInternal(86)) - Create container placement policy of type org.apache.hadoop.hdds.scm.container.placement.algorithms.SCMContainerPlacementRackScatter
2023-06-18 19:16:05,542 [main] DEBUG balancer.ContainerBalancerTask (ContainerBalancerTask.java:initializeIteration(374)) - Average utilization of the cluster is 0.37604847371832906
2023-06-18 19:16:05,542 [main] DEBUG balancer.ContainerBalancerTask (ContainerBalancerTask.java:initializeIteration(386)) - Lower limit for utilization is 0.2760484737183291 and Upper limit for utilization is 0.47604847371832903
2023-06-18 19:16:05,542 [main] DEBUG balancer.ContainerBalancerTask (ContainerBalancerTask.java:initializeIteration(398)) - Utilization for node c979250f-b92d-45eb-ac2f-144d77fadeb0 with capacity 63231462968B, used 56908316672B, and remaining 6323146296B is 0.9000000000126519
2023-06-18 19:16:05,542 [main] DEBUG balancer.ContainerBalancerTask (ContainerBalancerTask.java:initializeIteration(398)) - Utilization for node 58b53d01-f096-40ce-bbb0-8009ff224054 with capacity 59055800320B, used 47244640256B, and remaining 11811160064B is 0.8
2023-06-18 19:16:05,542 [main] DEBUG balancer.ContainerBalancerTask (ContainerBalancerTask.java:initializeIteration(398)) - Utilization for node 95f1f083-0a84-4628-8c1a-442527b6a5ca with capacity 73628010788B, used 51539607552B, and remaining 22088403236B is 0.7000000000054327
2023-06-18 19:16:05,542 [main] DEBUG balancer.ContainerBalancerTask (ContainerBalancerTask.java:initializeIteration(398)) - Utilization for node 254f9620-77fc-406a-83f3-d67b179c3e7e with capacity 82320206506B, used 49392123904B, and remaining 32928082602B is 0.6000000000048591
2023-06-18 19:16:05,542 [main] DEBUG balancer.ContainerBalancerTask (ContainerBalancerTask.java:initializeIteration(398)) - Utilization for node b82c8cf2-7723-4835-a780-2bd1ec95ec65 with capacity 111669149696B, used 55834574848B, and remaining 55834574848B is 0.5
2023-06-18 19:16:05,542 [main] DEBUG balancer.ContainerBalancerTask (ContainerBalancerTask.java:initializeIteration(398)) - Utilization for node e17cc5d5-fbe6-455b-a80f-9eb1bcd012e1 with capacity 99321118720B, used 39728447488B, and remaining 59592671232B is 0.4
2023-06-18 19:16:05,543 [main] DEBUG balancer.ContainerBalancerTask (ContainerBalancerTask.java:initializeIteration(398)) - Utilization for node a1bfc8b1-ac37-441b-8e0a-90799bc8f621 with capacity 110953321813B, used 33285996544B, and remaining 77667325269B is 0.30000000000090127
2023-06-18 19:16:05,543 [main] DEBUG balancer.ContainerBalancerTask (ContainerBalancerTask.java:initializeIteration(398)) - Utilization for node 00b36c34-8662-4adc-a5fc-9f24af85a573 with capacity 182536110080B, used 36507222016B, and remaining 146028888064B is 0.2
2023-06-18 19:16:05,543 [main] DEBUG balancer.ContainerBalancerTask (ContainerBalancerTask.java:initializeIteration(398)) - Utilization for node feea38a5-9db1-42c0-91b6-ec18556bc9df with capacity 204010946560B, used 20401094656B, and remaining 183609851904B is 0.1
2023-06-18 19:16:05,543 [main] DEBUG balancer.ContainerBalancerTask (ContainerBalancerTask.java:initializeIteration(398)) - Utilization for node 7204a890-e4a2-41ba-aed2-5a2ca85d7ab0 with capacity 52613349376B, used 0B, and remaining 52613349376B is 0.0
2023-06-18 19:16:05,543 [main] INFO  balancer.ContainerBalancerTask (ContainerBalancerTask.java:initializeIteration(447)) - Container Balancer has identified 5 Over-Utilized and 3 Under-Utilized Datanodes that need to be balanced.
2023-06-18 19:16:05,543 [main] DEBUG balancer.ContainerBalancerTask (ContainerBalancerTask.java:lambda$initializeIteration$1(453)) - Datanode localhost-193.151.194.159 c979250f-b92d-45eb-ac2f-144d77fadeb0 is Over-Utilized.
2023-06-18 19:16:05,543 [main] DEBUG balancer.ContainerBalancerTask (ContainerBalancerTask.java:lambda$initializeIteration$1(453)) - Datanode localhost-124.118.17.106 58b53d01-f096-40ce-bbb0-8009ff224054 is Over-Utilized.
2023-06-18 19:16:05,543 [main] DEBUG balancer.ContainerBalancerTask (ContainerBalancerTask.java:lambda$initializeIteration$1(453)) - Datanode localhost-23.69.62.219 95f1f083-0a84-4628-8c1a-442527b6a5ca is Over-Utilized.
2023-06-18 19:16:05,543 [main] DEBUG balancer.ContainerBalancerTask (ContainerBalancerTask.java:lambda$initializeIteration$1(453)) - Datanode localhost-67.181.139.1 254f9620-77fc-406a-83f3-d67b179c3e7e is Over-Utilized.
2023-06-18 19:16:05,543 [main] DEBUG balancer.ContainerBalancerTask (ContainerBalancerTask.java:lambda$initializeIteration$1(453)) - Datanode localhost-109.167.76.148 b82c8cf2-7723-4835-a780-2bd1ec95ec65 is Over-Utilized.
2023-06-18 19:16:05,544 [main] DEBUG balancer.ContainerBalancerTask (ContainerBalancerTask.java:lambda$initializeIteration$2(459)) - Datanode localhost-99.239.203.251 7204a890-e4a2-41ba-aed2-5a2ca85d7ab0 is Under-Utilized.
2023-06-18 19:16:05,544 [main] DEBUG balancer.ContainerBalancerTask (ContainerBalancerTask.java:lambda$initializeIteration$2(459)) - Datanode localhost-73.8.201.82 feea38a5-9db1-42c0-91b6-ec18556bc9df is Under-Utilized.
2023-06-18 19:16:05,544 [main] DEBUG balancer.ContainerBalancerTask (ContainerBalancerTask.java:lambda$initializeIteration$2(459)) - Datanode localhost-51.234.79.40 00b36c34-8662-4adc-a5fc-9f24af85a573 is Under-Utilized.
2023-06-18 19:16:05,547 [main] DEBUG balancer.ContainerBalancerTask (ContainerBalancerTask.java:matchSourceWithTarget(706)) - ContainerBalancer is finding suitable target for source datanode c979250f-b92d-45eb-ac2f-144d77fadeb0
2023-06-18 19:16:05,547 [main] INFO  balancer.ContainerBalancerTask (ContainerBalancerTask.java:matchSourceWithTarget(720)) - ContainerBalancer matched source datanode c979250f-b92d-45eb-ac2f-144d77fadeb0 with target datanode 7204a890-e4a2-41ba-aed2-5a2ca85d7ab0 for container move.
2023-06-18 19:16:05,547 [main] INFO  balancer.ContainerBalancerTask (ContainerBalancerTask.java:processMoveSelection(569)) - ContainerBalancer is trying to move container #84 with size 4294967296B from source datanode c979250f-b92d-45eb-ac2f-144d77fadeb0 to target datanode 7204a890-e4a2-41ba-aed2-5a2ca85d7ab0
2023-06-18 19:16:05,547 [main] DEBUG balancer.ContainerBalancerTask (ContainerBalancerTask.java:lambda$moveContainer$3(834)) - Container move completed for container #84 from source c979250f-b92d-45eb-ac2f-144d77fadeb0 to target 7204a890-e4a2-41ba-aed2-5a2ca85d7ab0
2023-06-18 19:16:05,550 [main] DEBUG balancer.ContainerBalancerTask (ContainerBalancerTask.java:matchSourceWithTarget(706)) - ContainerBalancer is finding suitable target for source datanode c979250f-b92d-45eb-ac2f-144d77fadeb0
2023-06-18 19:16:05,550 [main] INFO  balancer.ContainerBalancerTask (ContainerBalancerTask.java:matchSourceWithTarget(720)) - ContainerBalancer matched source datanode c979250f-b92d-45eb-ac2f-144d77fadeb0 with target datanode 7204a890-e4a2-41ba-aed2-5a2ca85d7ab0 for container move.
2023-06-18 19:16:05,550 [main] INFO  balancer.ContainerBalancerTask (ContainerBalancerTask.java:processMoveSelection(569)) - ContainerBalancer is trying to move container #88 with size 3221225472B from source datanode c979250f-b92d-45eb-ac2f-144d77fadeb0 to target datanode 7204a890-e4a2-41ba-aed2-5a2ca85d7ab0
2023-06-18 19:16:05,550 [main] DEBUG balancer.ContainerBalancerTask (ContainerBalancerTask.java:lambda$moveContainer$3(834)) - Container move completed for container #88 from source c979250f-b92d-45eb-ac2f-144d77fadeb0 to target 7204a890-e4a2-41ba-aed2-5a2ca85d7ab0
2023-06-18 19:16:05,553 [main] DEBUG balancer.ContainerBalancerTask (ContainerBalancerTask.java:matchSourceWithTarget(706)) - ContainerBalancer is finding suitable target for source datanode 58b53d01-f096-40ce-bbb0-8009ff224054
2023-06-18 19:16:05,553 [main] INFO  balancer.ContainerBalancerTask (ContainerBalancerTask.java:matchSourceWithTarget(720)) - ContainerBalancer matched source datanode 58b53d01-f096-40ce-bbb0-8009ff224054 with target datanode feea38a5-9db1-42c0-91b6-ec18556bc9df for container move.
2023-06-18 19:16:05,553 [main] INFO  balancer.ContainerBalancerTask (ContainerBalancerTask.java:processMoveSelection(569)) - ContainerBalancer is trying to move container #68 with size 5368709120B from source datanode 58b53d01-f096-40ce-bbb0-8009ff224054 to target datanode feea38a5-9db1-42c0-91b6-ec18556bc9df
2023-06-18 19:16:05,553 [main] DEBUG balancer.ContainerBalancerTask (ContainerBalancerTask.java:lambda$moveContainer$3(834)) - Container move completed for container #68 from source 58b53d01-f096-40ce-bbb0-8009ff224054 to target feea38a5-9db1-42c0-91b6-ec18556bc9df
2023-06-18 19:16:05,556 [main] DEBUG balancer.ContainerBalancerTask (ContainerBalancerTask.java:matchSourceWithTarget(706)) - ContainerBalancer is finding suitable target for source datanode c979250f-b92d-45eb-ac2f-144d77fadeb0
2023-06-18 19:16:05,556 [main] INFO  balancer.ContainerBalancerTask (ContainerBalancerTask.java:matchSourceWithTarget(720)) - ContainerBalancer matched source datanode c979250f-b92d-45eb-ac2f-144d77fadeb0 with target datanode feea38a5-9db1-42c0-91b6-ec18556bc9df for container move.
2023-06-18 19:16:05,556 [main] INFO  balancer.ContainerBalancerTask (ContainerBalancerTask.java:processMoveSelection(569)) - ContainerBalancer is trying to move container #38 with size 3221225472B from source datanode c979250f-b92d-45eb-ac2f-144d77fadeb0 to target datanode feea38a5-9db1-42c0-91b6-ec18556bc9df
2023-06-18 19:16:05,556 [main] DEBUG balancer.ContainerBalancerTask (ContainerBalancerTask.java:lambda$moveContainer$3(834)) - Container move completed for container #38 from source c979250f-b92d-45eb-ac2f-144d77fadeb0 to target feea38a5-9db1-42c0-91b6-ec18556bc9df
2023-06-18 19:16:05,559 [main] DEBUG balancer.ContainerBalancerTask (ContainerBalancerTask.java:matchSourceWithTarget(706)) - ContainerBalancer is finding suitable target for source datanode c979250f-b92d-45eb-ac2f-144d77fadeb0
2023-06-18 19:16:05,560 [main] INFO  balancer.ContainerBalancerTask (ContainerBalancerTask.java:matchSourceWithTarget(720)) - ContainerBalancer matched source datanode c979250f-b92d-45eb-ac2f-144d77fadeb0 with target datanode feea38a5-9db1-42c0-91b6-ec18556bc9df for container move.
2023-06-18 19:16:05,560 [main] INFO  balancer.ContainerBalancerTask (ContainerBalancerTask.java:processMoveSelection(569)) - ContainerBalancer is trying to move container #82 with size 2147483648B from source datanode c979250f-b92d-45eb-ac2f-144d77fadeb0 to target datanode feea38a5-9db1-42c0-91b6-ec18556bc9df
2023-06-18 19:16:05,560 [main] DEBUG balancer.ContainerBalancerTask (ContainerBalancerTask.java:lambda$moveContainer$3(834)) - Container move completed for container #82 from source c979250f-b92d-45eb-ac2f-144d77fadeb0 to target feea38a5-9db1-42c0-91b6-ec18556bc9df
2023-06-18 19:16:05,562 [main] DEBUG balancer.ContainerBalancerTask (ContainerBalancerTask.java:matchSourceWithTarget(706)) - ContainerBalancer is finding suitable target for source datanode 58b53d01-f096-40ce-bbb0-8009ff224054
2023-06-18 19:16:05,562 [main] INFO  balancer.ContainerBalancerTask (ContainerBalancerTask.java:matchSourceWithTarget(720)) - ContainerBalancer matched source datanode 58b53d01-f096-40ce-bbb0-8009ff224054 with target datanode 7204a890-e4a2-41ba-aed2-5a2ca85d7ab0 for container move.
2023-06-18 19:16:05,563 [main] INFO  balancer.ContainerBalancerTask (ContainerBalancerTask.java:processMoveSelection(569)) - ContainerBalancer is trying to move container #66 with size 3221225472B from source datanode 58b53d01-f096-40ce-bbb0-8009ff224054 to target datanode 7204a890-e4a2-41ba-aed2-5a2ca85d7ab0
2023-06-18 19:16:05,563 [main] DEBUG balancer.ContainerBalancerTask (ContainerBalancerTask.java:lambda$moveContainer$3(834)) - Container move completed for container #66 from source 58b53d01-f096-40ce-bbb0-8009ff224054 to target 7204a890-e4a2-41ba-aed2-5a2ca85d7ab0
2023-06-18 19:16:05,566 [main] DEBUG balancer.ContainerBalancerTask (ContainerBalancerTask.java:matchSourceWithTarget(706)) - ContainerBalancer is finding suitable target for source datanode 95f1f083-0a84-4628-8c1a-442527b6a5ca
2023-06-18 19:16:05,566 [main] INFO  balancer.ContainerBalancerTask (ContainerBalancerTask.java:matchSourceWithTarget(720)) - ContainerBalancer matched source datanode 95f1f083-0a84-4628-8c1a-442527b6a5ca with target datanode feea38a5-9db1-42c0-91b6-ec18556bc9df for container move.
2023-06-18 19:16:05,566 [main] INFO  balancer.ContainerBalancerTask (ContainerBalancerTask.java:processMoveSelection(569)) - ContainerBalancer is trying to move container #40 with size 5368709120B from source datanode 95f1f083-0a84-4628-8c1a-442527b6a5ca to target datanode feea38a5-9db1-42c0-91b6-ec18556bc9df
2023-06-18 19:16:05,566 [main] DEBUG balancer.ContainerBalancerTask (ContainerBalancerTask.java:lambda$moveContainer$3(834)) - Container move completed for container #40 from source 95f1f083-0a84-4628-8c1a-442527b6a5ca to target feea38a5-9db1-42c0-91b6-ec18556bc9df
2023-06-18 19:16:05,570 [main] DEBUG balancer.ContainerBalancerTask (ContainerBalancerTask.java:matchSourceWithTarget(706)) - ContainerBalancer is finding suitable target for source datanode c979250f-b92d-45eb-ac2f-144d77fadeb0
2023-06-18 19:16:05,570 [main] INFO  balancer.ContainerBalancerTask (ContainerBalancerTask.java:matchSourceWithTarget(720)) - ContainerBalancer matched source datanode c979250f-b92d-45eb-ac2f-144d77fadeb0 with target datanode feea38a5-9db1-42c0-91b6-ec18556bc9df for container move.
2023-06-18 19:16:05,570 [main] INFO  balancer.ContainerBalancerTask (ContainerBalancerTask.java:processMoveSelection(569)) - ContainerBalancer is trying to move container #70 with size 2147483648B from source datanode c979250f-b92d-45eb-ac2f-144d77fadeb0 to target datanode feea38a5-9db1-42c0-91b6-ec18556bc9df
2023-06-18 19:16:05,570 [main] DEBUG balancer.ContainerBalancerTask (ContainerBalancerTask.java:lambda$moveContainer$3(834)) - Container move completed for container #70 from source c979250f-b92d-45eb-ac2f-144d77fadeb0 to target feea38a5-9db1-42c0-91b6-ec18556bc9df
2023-06-18 19:16:05,573 [main] DEBUG balancer.ContainerBalancerTask (ContainerBalancerTask.java:matchSourceWithTarget(706)) - ContainerBalancer is finding suitable target for source datanode c979250f-b92d-45eb-ac2f-144d77fadeb0
2023-06-18 19:16:05,573 [main] INFO  balancer.ContainerBalancerTask (ContainerBalancerTask.java:matchSourceWithTarget(720)) - ContainerBalancer matched source datanode c979250f-b92d-45eb-ac2f-144d77fadeb0 with target datanode feea38a5-9db1-42c0-91b6-ec18556bc9df for container move.
2023-06-18 19:16:05,574 [main] INFO  balancer.ContainerBalancerTask (ContainerBalancerTask.java:processMoveSelection(569)) - ContainerBalancer is trying to move container #50 with size 2147483648B from source datanode c979250f-b92d-45eb-ac2f-144d77fadeb0 to target datanode feea38a5-9db1-42c0-91b6-ec18556bc9df
2023-06-18 19:16:05,574 [main] DEBUG balancer.ContainerBalancerTask (ContainerBalancerTask.java:lambda$moveContainer$3(834)) - Container move completed for container #50 from source c979250f-b92d-45eb-ac2f-144d77fadeb0 to target feea38a5-9db1-42c0-91b6-ec18556bc9df
2023-06-18 19:16:05,577 [main] DEBUG balancer.ContainerBalancerTask (ContainerBalancerTask.java:matchSourceWithTarget(706)) - ContainerBalancer is finding suitable target for source datanode 58b53d01-f096-40ce-bbb0-8009ff224054
2023-06-18 19:16:05,577 [main] INFO  balancer.ContainerBalancerTask (ContainerBalancerTask.java:matchSourceWithTarget(720)) - ContainerBalancer matched source datanode 58b53d01-f096-40ce-bbb0-8009ff224054 with target datanode feea38a5-9db1-42c0-91b6-ec18556bc9df for container move.
2023-06-18 19:16:05,577 [main] INFO  balancer.ContainerBalancerTask (ContainerBalancerTask.java:processMoveSelection(569)) - ContainerBalancer is trying to move container #64 with size 1073741824B from source datanode 58b53d01-f096-40ce-bbb0-8009ff224054 to target datanode feea38a5-9db1-42c0-91b6-ec18556bc9df
2023-06-18 19:16:05,577 [main] DEBUG balancer.ContainerBalancerTask (ContainerBalancerTask.java:lambda$moveContainer$3(834)) - Container move completed for container #64 from source 58b53d01-f096-40ce-bbb0-8009ff224054 to target feea38a5-9db1-42c0-91b6-ec18556bc9df
2023-06-18 19:16:05,580 [main] DEBUG balancer.ContainerBalancerTask (ContainerBalancerTask.java:matchSourceWithTarget(699)) - ContainerBalancer could not find any candidate containers for datanode 58b53d01-f096-40ce-bbb0-8009ff224054
2023-06-18 19:16:05,583 [main] DEBUG balancer.ContainerBalancerTask (ContainerBalancerTask.java:matchSourceWithTarget(706)) - ContainerBalancer is finding suitable target for source datanode c979250f-b92d-45eb-ac2f-144d77fadeb0
2023-06-18 19:16:05,583 [main] INFO  balancer.ContainerBalancerTask (ContainerBalancerTask.java:matchSourceWithTarget(720)) - ContainerBalancer matched source datanode c979250f-b92d-45eb-ac2f-144d77fadeb0 with target datanode 00b36c34-8662-4adc-a5fc-9f24af85a573 for container move.
2023-06-18 19:16:05,583 [main] INFO  balancer.ContainerBalancerTask (ContainerBalancerTask.java:processMoveSelection(569)) - ContainerBalancer is trying to move container #86 with size 1073741824B from source datanode c979250f-b92d-45eb-ac2f-144d77fadeb0 to target datanode 00b36c34-8662-4adc-a5fc-9f24af85a573
2023-06-18 19:16:05,584 [main] DEBUG balancer.ContainerBalancerTask (ContainerBalancerTask.java:lambda$moveContainer$3(834)) - Container move completed for container #86 from source c979250f-b92d-45eb-ac2f-144d77fadeb0 to target 00b36c34-8662-4adc-a5fc-9f24af85a573
2023-06-18 19:16:05,587 [main] DEBUG balancer.ContainerBalancerTask (ContainerBalancerTask.java:matchSourceWithTarget(706)) - ContainerBalancer is finding suitable target for source datanode 95f1f083-0a84-4628-8c1a-442527b6a5ca
2023-06-18 19:16:05,587 [main] INFO  balancer.ContainerBalancerTask (ContainerBalancerTask.java:matchSourceWithTarget(720)) - ContainerBalancer matched source datanode 95f1f083-0a84-4628-8c1a-442527b6a5ca with target datanode 7204a890-e4a2-41ba-aed2-5a2ca85d7ab0 for container move.
2023-06-18 19:16:05,587 [main] INFO  balancer.ContainerBalancerTask (ContainerBalancerTask.java:processMoveSelection(569)) - ContainerBalancer is trying to move container #52 with size 4294967296B from source datanode 95f1f083-0a84-4628-8c1a-442527b6a5ca to target datanode 7204a890-e4a2-41ba-aed2-5a2ca85d7ab0
2023-06-18 19:16:05,588 [main] DEBUG balancer.ContainerBalancerTask (ContainerBalancerTask.java:lambda$moveContainer$3(834)) - Container move completed for container #52 from source 95f1f083-0a84-4628-8c1a-442527b6a5ca to target 7204a890-e4a2-41ba-aed2-5a2ca85d7ab0
2023-06-18 19:16:05,591 [main] DEBUG balancer.ContainerBalancerTask (ContainerBalancerTask.java:matchSourceWithTarget(706)) - ContainerBalancer is finding suitable target for source datanode c979250f-b92d-45eb-ac2f-144d77fadeb0
2023-06-18 19:16:05,591 [main] INFO  balancer.ContainerBalancerTask (ContainerBalancerTask.java:matchSourceWithTarget(720)) - ContainerBalancer matched source datanode c979250f-b92d-45eb-ac2f-144d77fadeb0 with target datanode feea38a5-9db1-42c0-91b6-ec18556bc9df for container move.
2023-06-18 19:16:05,591 [main] INFO  balancer.ContainerBalancerTask (ContainerBalancerTask.java:processMoveSelection(569)) - ContainerBalancer is trying to move container #36 with size 1073741824B from source datanode c979250f-b92d-45eb-ac2f-144d77fadeb0 to target datanode feea38a5-9db1-42c0-91b6-ec18556bc9df
2023-06-18 19:16:05,591 [main] DEBUG balancer.ContainerBalancerTask (ContainerBalancerTask.java:lambda$moveContainer$3(834)) - Container move completed for container #36 from source c979250f-b92d-45eb-ac2f-144d77fadeb0 to target feea38a5-9db1-42c0-91b6-ec18556bc9df
2023-06-18 19:16:05,595 [main] DEBUG balancer.ContainerBalancerTask (ContainerBalancerTask.java:matchSourceWithTarget(706)) - ContainerBalancer is finding suitable target for source datanode 254f9620-77fc-406a-83f3-d67b179c3e7e
2023-06-18 19:16:05,595 [main] INFO  balancer.ContainerBalancerTask (ContainerBalancerTask.java:matchSourceWithTarget(720)) - ContainerBalancer matched source datanode 254f9620-77fc-406a-83f3-d67b179c3e7e with target datanode 00b36c34-8662-4adc-a5fc-9f24af85a573 for container move.
2023-06-18 19:16:05,595 [main] INFO  balancer.ContainerBalancerTask (ContainerBalancerTask.java:processMoveSelection(569)) - ContainerBalancer is trying to move container #26 with size 2147483648B from source datanode 254f9620-77fc-406a-83f3-d67b179c3e7e to target datanode 00b36c34-8662-4adc-a5fc-9f24af85a573
2023-06-18 19:16:05,595 [main] DEBUG balancer.ContainerBalancerTask (ContainerBalancerTask.java:lambda$moveContainer$3(834)) - Container move completed for container #26 from source 254f9620-77fc-406a-83f3-d67b179c3e7e to target 00b36c34-8662-4adc-a5fc-9f24af85a573
2023-06-18 19:16:05,599 [main] DEBUG balancer.ContainerBalancerTask (ContainerBalancerTask.java:matchSourceWithTarget(699)) - ContainerBalancer could not find any candidate containers for datanode c979250f-b92d-45eb-ac2f-144d77fadeb0
2023-06-18 19:16:05,602 [main] DEBUG balancer.ContainerBalancerTask (ContainerBalancerTask.java:matchSourceWithTarget(699)) - ContainerBalancer could not find any candidate containers for datanode 254f9620-77fc-406a-83f3-d67b179c3e7e
2023-06-18 19:16:05,606 [main] DEBUG balancer.ContainerBalancerTask (ContainerBalancerTask.java:matchSourceWithTarget(706)) - ContainerBalancer is finding suitable target for source datanode 95f1f083-0a84-4628-8c1a-442527b6a5ca
2023-06-18 19:16:05,606 [main] INFO  balancer.ContainerBalancerTask (ContainerBalancerTask.java:matchSourceWithTarget(720)) - ContainerBalancer matched source datanode 95f1f083-0a84-4628-8c1a-442527b6a5ca with target datanode 00b36c34-8662-4adc-a5fc-9f24af85a573 for container move.
2023-06-18 19:16:05,606 [main] INFO  balancer.ContainerBalancerTask (ContainerBalancerTask.java:processMoveSelection(569)) - ContainerBalancer is trying to move container #54 with size 1073741824B from source datanode 95f1f083-0a84-4628-8c1a-442527b6a5ca to target datanode 00b36c34-8662-4adc-a5fc-9f24af85a573
2023-06-18 19:16:05,606 [main] DEBUG balancer.ContainerBalancerTask (ContainerBalancerTask.java:lambda$moveContainer$3(834)) - Container move completed for container #54 from source 95f1f083-0a84-4628-8c1a-442527b6a5ca to target 00b36c34-8662-4adc-a5fc-9f24af85a573
2023-06-18 19:16:05,610 [main] DEBUG balancer.ContainerBalancerTask (ContainerBalancerTask.java:matchSourceWithTarget(699)) - ContainerBalancer could not find any candidate containers for datanode 95f1f083-0a84-4628-8c1a-442527b6a5ca
2023-06-18 19:16:05,614 [main] DEBUG balancer.ContainerBalancerTask (ContainerBalancerTask.java:matchSourceWithTarget(706)) - ContainerBalancer is finding suitable target for source datanode b82c8cf2-7723-4835-a780-2bd1ec95ec65
2023-06-18 19:16:05,614 [main] INFO  balancer.ContainerBalancerTask (ContainerBalancerTask.java:matchSourceWithTarget(720)) - ContainerBalancer matched source datanode b82c8cf2-7723-4835-a780-2bd1ec95ec65 with target datanode feea38a5-9db1-42c0-91b6-ec18556bc9df for container move.
2023-06-18 19:16:05,614 [main] INFO  balancer.ContainerBalancerTask (ContainerBalancerTask.java:processMoveSelection(569)) - ContainerBalancer is trying to move container #28 with size 4294967296B from source datanode b82c8cf2-7723-4835-a780-2bd1ec95ec65 to target datanode feea38a5-9db1-42c0-91b6-ec18556bc9df
2023-06-18 19:16:05,614 [main] DEBUG balancer.ContainerBalancerTask (ContainerBalancerTask.java:lambda$moveContainer$3(834)) - Container move completed for container #28 from source b82c8cf2-7723-4835-a780-2bd1ec95ec65 to target feea38a5-9db1-42c0-91b6-ec18556bc9df
2023-06-18 19:16:05,618 [main] DEBUG balancer.ContainerBalancerTask (ContainerBalancerTask.java:matchSourceWithTarget(706)) - ContainerBalancer is finding suitable target for source datanode b82c8cf2-7723-4835-a780-2bd1ec95ec65
2023-06-18 19:16:05,618 [main] INFO  balancer.ContainerBalancerTask (ContainerBalancerTask.java:matchSourceWithTarget(720)) - ContainerBalancer matched source datanode b82c8cf2-7723-4835-a780-2bd1ec95ec65 with target datanode 00b36c34-8662-4adc-a5fc-9f24af85a573 for container move.
2023-06-18 19:16:05,619 [main] INFO  balancer.ContainerBalancerTask (ContainerBalancerTask.java:processMoveSelection(569)) - ContainerBalancer is trying to move container #18 with size 3221225472B from source datanode b82c8cf2-7723-4835-a780-2bd1ec95ec65 to target datanode 00b36c34-8662-4adc-a5fc-9f24af85a573
2023-06-18 19:16:05,619 [main] DEBUG balancer.ContainerBalancerTask (ContainerBalancerTask.java:lambda$moveContainer$3(834)) - Container move completed for container #18 from source b82c8cf2-7723-4835-a780-2bd1ec95ec65 to target 00b36c34-8662-4adc-a5fc-9f24af85a573
2023-06-18 19:16:05,622 [main] DEBUG balancer.ContainerBalancerTask (ContainerBalancerTask.java:matchSourceWithTarget(706)) - ContainerBalancer is finding suitable target for source datanode b82c8cf2-7723-4835-a780-2bd1ec95ec65
2023-06-18 19:16:05,623 [main] INFO  balancer.ContainerBalancerTask (ContainerBalancerTask.java:matchSourceWithTarget(720)) - ContainerBalancer matched source datanode b82c8cf2-7723-4835-a780-2bd1ec95ec65 with target datanode feea38a5-9db1-42c0-91b6-ec18556bc9df for container move.
2023-06-18 19:16:05,623 [main] INFO  balancer.ContainerBalancerTask (ContainerBalancerTask.java:processMoveSelection(569)) - ContainerBalancer is trying to move container #16 with size 1073741824B from source datanode b82c8cf2-7723-4835-a780-2bd1ec95ec65 to target datanode feea38a5-9db1-42c0-91b6-ec18556bc9df
2023-06-18 19:16:05,623 [main] DEBUG balancer.ContainerBalancerTask (ContainerBalancerTask.java:lambda$moveContainer$3(834)) - Container move completed for container #16 from source b82c8cf2-7723-4835-a780-2bd1ec95ec65 to target feea38a5-9db1-42c0-91b6-ec18556bc9df
2023-06-18 19:16:05,627 [main] DEBUG balancer.ContainerBalancerTask (ContainerBalancerTask.java:matchSourceWithTarget(706)) - ContainerBalancer is finding suitable target for source datanode b82c8cf2-7723-4835-a780-2bd1ec95ec65
2023-06-18 19:16:05,627 [main] INFO  balancer.ContainerBalancerTask (ContainerBalancerTask.java:matchSourceWithTarget(720)) - ContainerBalancer matched source datanode b82c8cf2-7723-4835-a780-2bd1ec95ec65 with target datanode feea38a5-9db1-42c0-91b6-ec18556bc9df for container move.
2023-06-18 19:16:05,627 [main] INFO  balancer.ContainerBalancerTask (ContainerBalancerTask.java:processMoveSelection(569)) - ContainerBalancer is trying to move container #4 with size 1073741824B from source datanode b82c8cf2-7723-4835-a780-2bd1ec95ec65 to target datanode feea38a5-9db1-42c0-91b6-ec18556bc9df
2023-06-18 19:16:05,627 [main] DEBUG balancer.ContainerBalancerTask (ContainerBalancerTask.java:lambda$moveContainer$3(834)) - Container move completed for container #4 from source b82c8cf2-7723-4835-a780-2bd1ec95ec65 to target feea38a5-9db1-42c0-91b6-ec18556bc9df
2023-06-18 19:16:05,631 [main] DEBUG balancer.ContainerBalancerTask (ContainerBalancerTask.java:matchSourceWithTarget(699)) - ContainerBalancer could not find any candidate containers for datanode b82c8cf2-7723-4835-a780-2bd1ec95ec65
2023-06-18 19:16:05,631 [main] INFO  balancer.FindSourceGreedy (FindSourceGreedy.java:getNextCandidateSourceDataNode(126)) - no more candidate source data node
2023-06-18 19:16:05,631 [main] INFO  balancer.ContainerBalancerTask (ContainerBalancerTask.java:checkIterationMoveResults(640)) - Iteration Summary. Number of Datanodes involved: 8. Size moved: 48 GB (51539607552 Bytes). Number of Container moves completed: 19.
2023-06-18 19:16:05,631 [main] INFO  balancer.ContainerBalancerTask (ContainerBalancerTask.java:balance(259)) - Result of this iteration of Container Balancer: ITERATION_COMPLETED
2023-06-18 19:16:05,632 [main] INFO  balancer.ContainerBalancerTask (ContainerBalancerTask.java:tryStopWithSaveConfiguration(308)) - Save Configuration for stopping. Reason: Completed all iterations.
2023-06-18 19:16:05,633 [main] DEBUG balancer.ContainerBalancerTask (ContainerBalancerTask.java:initializeIteration(374)) - Average utilization of the cluster is 0.37604847371832906
2023-06-18 19:16:05,633 [main] DEBUG balancer.ContainerBalancerTask (ContainerBalancerTask.java:initializeIteration(386)) - Lower limit for utilization is 0.2760484737183291 and Upper limit for utilization is 0.47604847371832903
2023-06-18 19:16:05,633 [main] DEBUG balancer.ContainerBalancerTask (ContainerBalancerTask.java:initializeIteration(398)) - Utilization for node c979250f-b92d-45eb-ac2f-144d77fadeb0 with capacity 63231462968B, used 56908316672B, and remaining 6323146296B is 0.9000000000126519
2023-06-18 19:16:05,633 [main] DEBUG balancer.ContainerBalancerTask (ContainerBalancerTask.java:initializeIteration(398)) - Utilization for node 58b53d01-f096-40ce-bbb0-8009ff224054 with capacity 59055800320B, used 47244640256B, and remaining 11811160064B is 0.8
2023-06-18 19:16:05,633 [main] DEBUG balancer.ContainerBalancerTask (ContainerBalancerTask.java:initializeIteration(398)) - Utilization for node 95f1f083-0a84-4628-8c1a-442527b6a5ca with capacity 73628010788B, used 51539607552B, and remaining 22088403236B is 0.7000000000054327
2023-06-18 19:16:05,633 [main] DEBUG balancer.ContainerBalancerTask (ContainerBalancerTask.java:initializeIteration(398)) - Utilization for node 254f9620-77fc-406a-83f3-d67b179c3e7e with capacity 82320206506B, used 49392123904B, and remaining 32928082602B is 0.6000000000048591
2023-06-18 19:16:05,633 [main] DEBUG balancer.ContainerBalancerTask (ContainerBalancerTask.java:initializeIteration(398)) - Utilization for node b82c8cf2-7723-4835-a780-2bd1ec95ec65 with capacity 111669149696B, used 55834574848B, and remaining 55834574848B is 0.5
2023-06-18 19:16:05,634 [main] DEBUG balancer.ContainerBalancerTask (ContainerBalancerTask.java:initializeIteration(398)) - Utilization for node e17cc5d5-fbe6-455b-a80f-9eb1bcd012e1 with capacity 99321118720B, used 39728447488B, and remaining 59592671232B is 0.4
2023-06-18 19:16:05,634 [main] DEBUG balancer.ContainerBalancerTask (ContainerBalancerTask.java:initializeIteration(398)) - Utilization for node a1bfc8b1-ac37-441b-8e0a-90799bc8f621 with capacity 110953321813B, used 33285996544B, and remaining 77667325269B is 0.30000000000090127
2023-06-18 19:16:05,634 [main] DEBUG balancer.ContainerBalancerTask (ContainerBalancerTask.java:initializeIteration(398)) - Utilization for node 00b36c34-8662-4adc-a5fc-9f24af85a573 with capacity 182536110080B, used 36507222016B, and remaining 146028888064B is 0.2
2023-06-18 19:16:05,634 [main] DEBUG balancer.ContainerBalancerTask (ContainerBalancerTask.java:initializeIteration(398)) - Utilization for node feea38a5-9db1-42c0-91b6-ec18556bc9df with capacity 204010946560B, used 20401094656B, and remaining 183609851904B is 0.1
2023-06-18 19:16:05,634 [main] DEBUG balancer.ContainerBalancerTask (ContainerBalancerTask.java:initializeIteration(398)) - Utilization for node 7204a890-e4a2-41ba-aed2-5a2ca85d7ab0 with capacity 52613349376B, used 0B, and remaining 52613349376B is 0.0
2023-06-18 19:16:05,634 [main] INFO  balancer.ContainerBalancerTask (ContainerBalancerTask.java:initializeIteration(447)) - Container Balancer has identified 5 Over-Utilized and 3 Under-Utilized Datanodes that need to be balanced.
2023-06-18 19:16:05,634 [main] DEBUG balancer.ContainerBalancerTask (ContainerBalancerTask.java:lambda$initializeIteration$1(453)) - Datanode localhost-193.151.194.159 c979250f-b92d-45eb-ac2f-144d77fadeb0 is Over-Utilized.
2023-06-18 19:16:05,634 [main] DEBUG balancer.ContainerBalancerTask (ContainerBalancerTask.java:lambda$initializeIteration$1(453)) - Datanode localhost-124.118.17.106 58b53d01-f096-40ce-bbb0-8009ff224054 is Over-Utilized.
2023-06-18 19:16:05,634 [main] DEBUG balancer.ContainerBalancerTask (ContainerBalancerTask.java:lambda$initializeIteration$1(453)) - Datanode localhost-23.69.62.219 95f1f083-0a84-4628-8c1a-442527b6a5ca is Over-Utilized.
2023-06-18 19:16:05,634 [main] DEBUG balancer.ContainerBalancerTask (ContainerBalancerTask.java:lambda$initializeIteration$1(453)) - Datanode localhost-67.181.139.1 254f9620-77fc-406a-83f3-d67b179c3e7e is Over-Utilized.
2023-06-18 19:16:05,635 [main] DEBUG balancer.ContainerBalancerTask (ContainerBalancerTask.java:lambda$initializeIteration$1(453)) - Datanode localhost-109.167.76.148 b82c8cf2-7723-4835-a780-2bd1ec95ec65 is Over-Utilized.
2023-06-18 19:16:05,635 [main] DEBUG balancer.ContainerBalancerTask (ContainerBalancerTask.java:lambda$initializeIteration$2(459)) - Datanode localhost-99.239.203.251 7204a890-e4a2-41ba-aed2-5a2ca85d7ab0 is Under-Utilized.
2023-06-18 19:16:05,635 [main] DEBUG balancer.ContainerBalancerTask (ContainerBalancerTask.java:lambda$initializeIteration$2(459)) - Datanode localhost-73.8.201.82 feea38a5-9db1-42c0-91b6-ec18556bc9df is Under-Utilized.
2023-06-18 19:16:05,635 [main] DEBUG balancer.ContainerBalancerTask (ContainerBalancerTask.java:lambda$initializeIteration$2(459)) - Datanode localhost-51.234.79.40 00b36c34-8662-4adc-a5fc-9f24af85a573 is Under-Utilized.
2023-06-18 19:16:05,638 [main] DEBUG balancer.ContainerBalancerTask (ContainerBalancerTask.java:matchSourceWithTarget(706)) - ContainerBalancer is finding suitable target for source datanode c979250f-b92d-45eb-ac2f-144d77fadeb0
2023-06-18 19:16:05,638 [main] INFO  balancer.ContainerBalancerTask (ContainerBalancerTask.java:matchSourceWithTarget(720)) - ContainerBalancer matched source datanode c979250f-b92d-45eb-ac2f-144d77fadeb0 with target datanode 7204a890-e4a2-41ba-aed2-5a2ca85d7ab0 for container move.
2023-06-18 19:16:05,639 [main] INFO  balancer.ContainerBalancerTask (ContainerBalancerTask.java:processMoveSelection(569)) - ContainerBalancer is trying to move container #85 with size 5368709120B from source datanode c979250f-b92d-45eb-ac2f-144d77fadeb0 to target datanode 7204a890-e4a2-41ba-aed2-5a2ca85d7ab0
2023-06-18 19:16:05,639 [main] DEBUG balancer.ContainerBalancerTask (ContainerBalancerTask.java:lambda$moveContainer$3(834)) - Container move completed for container #85 from source c979250f-b92d-45eb-ac2f-144d77fadeb0 to target 7204a890-e4a2-41ba-aed2-5a2ca85d7ab0
2023-06-18 19:16:05,642 [main] DEBUG balancer.ContainerBalancerTask (ContainerBalancerTask.java:matchSourceWithTarget(706)) - ContainerBalancer is finding suitable target for source datanode c979250f-b92d-45eb-ac2f-144d77fadeb0
2023-06-18 19:16:05,642 [main] INFO  balancer.ContainerBalancerTask (ContainerBalancerTask.java:matchSourceWithTarget(720)) - ContainerBalancer matched source datanode c979250f-b92d-45eb-ac2f-144d77fadeb0 with target datanode feea38a5-9db1-42c0-91b6-ec18556bc9df for container move.
2023-06-18 19:16:05,642 [main] INFO  balancer.ContainerBalancerTask (ContainerBalancerTask.java:processMoveSelection(569)) - ContainerBalancer is trying to move container #84 with size 4294967296B from source datanode c979250f-b92d-45eb-ac2f-144d77fadeb0 to target datanode feea38a5-9db1-42c0-91b6-ec18556bc9df
2023-06-18 19:16:05,642 [main] DEBUG balancer.ContainerBalancerTask (ContainerBalancerTask.java:lambda$moveContainer$3(834)) - Container move completed for container #84 from source c979250f-b92d-45eb-ac2f-144d77fadeb0 to target feea38a5-9db1-42c0-91b6-ec18556bc9df
2023-06-18 19:16:05,645 [main] DEBUG balancer.ContainerBalancerTask (ContainerBalancerTask.java:matchSourceWithTarget(706)) - ContainerBalancer is finding suitable target for source datanode 58b53d01-f096-40ce-bbb0-8009ff224054
2023-06-18 19:16:05,645 [main] INFO  balancer.ContainerBalancerTask (ContainerBalancerTask.java:matchSourceWithTarget(720)) - ContainerBalancer matched source datanode 58b53d01-f096-40ce-bbb0-8009ff224054 with target datanode 7204a890-e4a2-41ba-aed2-5a2ca85d7ab0 for container move.
2023-06-18 19:16:05,645 [main] INFO  balancer.ContainerBalancerTask (ContainerBalancerTask.java:processMoveSelection(569)) - ContainerBalancer is trying to move container #68 with size 5368709120B from source datanode 58b53d01-f096-40ce-bbb0-8009ff224054 to target datanode 7204a890-e4a2-41ba-aed2-5a2ca85d7ab0
2023-06-18 19:16:05,645 [main] DEBUG balancer.ContainerBalancerTask (ContainerBalancerTask.java:lambda$moveContainer$3(834)) - Container move completed for container #68 from source 58b53d01-f096-40ce-bbb0-8009ff224054 to target 7204a890-e4a2-41ba-aed2-5a2ca85d7ab0
2023-06-18 19:16:05,649 [main] DEBUG balancer.ContainerBalancerTask (ContainerBalancerTask.java:matchSourceWithTarget(706)) - ContainerBalancer is finding suitable target for source datanode c979250f-b92d-45eb-ac2f-144d77fadeb0
2023-06-18 19:16:05,649 [main] INFO  balancer.ContainerBalancerTask (ContainerBalancerTask.java:matchSourceWithTarget(720)) - ContainerBalancer matched source datanode c979250f-b92d-45eb-ac2f-144d77fadeb0 with target datanode feea38a5-9db1-42c0-91b6-ec18556bc9df for container move.
2023-06-18 19:16:05,649 [main] INFO  balancer.ContainerBalancerTask (ContainerBalancerTask.java:processMoveSelection(569)) - ContainerBalancer is trying to move container #39 with size 4294967296B from source datanode c979250f-b92d-45eb-ac2f-144d77fadeb0 to target datanode feea38a5-9db1-42c0-91b6-ec18556bc9df
2023-06-18 19:16:05,649 [main] DEBUG balancer.ContainerBalancerTask (ContainerBalancerTask.java:lambda$moveContainer$3(834)) - Container move completed for container #39 from source c979250f-b92d-45eb-ac2f-144d77fadeb0 to target feea38a5-9db1-42c0-91b6-ec18556bc9df
2023-06-18 19:16:05,652 [main] DEBUG balancer.ContainerBalancerTask (ContainerBalancerTask.java:matchSourceWithTarget(706)) - ContainerBalancer is finding suitable target for source datanode 58b53d01-f096-40ce-bbb0-8009ff224054
2023-06-18 19:16:05,652 [main] INFO  balancer.ContainerBalancerTask (ContainerBalancerTask.java:matchSourceWithTarget(720)) - ContainerBalancer matched source datanode 58b53d01-f096-40ce-bbb0-8009ff224054 with target datanode feea38a5-9db1-42c0-91b6-ec18556bc9df for container move.
2023-06-18 19:16:05,652 [main] INFO  balancer.ContainerBalancerTask (ContainerBalancerTask.java:processMoveSelection(569)) - ContainerBalancer is trying to move container #67 with size 4294967296B from source datanode 58b53d01-f096-40ce-bbb0-8009ff224054 to target datanode feea38a5-9db1-42c0-91b6-ec18556bc9df
2023-06-18 19:16:05,652 [main] DEBUG balancer.ContainerBalancerTask (ContainerBalancerTask.java:lambda$moveContainer$3(834)) - Container move completed for container #67 from source 58b53d01-f096-40ce-bbb0-8009ff224054 to target feea38a5-9db1-42c0-91b6-ec18556bc9df
2023-06-18 19:16:05,656 [main] DEBUG balancer.ContainerBalancerTask (ContainerBalancerTask.java:matchSourceWithTarget(706)) - ContainerBalancer is finding suitable target for source datanode 95f1f083-0a84-4628-8c1a-442527b6a5ca
2023-06-18 19:16:05,656 [main] INFO  balancer.ContainerBalancerTask (ContainerBalancerTask.java:matchSourceWithTarget(720)) - ContainerBalancer matched source datanode 95f1f083-0a84-4628-8c1a-442527b6a5ca with target datanode feea38a5-9db1-42c0-91b6-ec18556bc9df for container move.
2023-06-18 19:16:05,656 [main] INFO  balancer.ContainerBalancerTask (ContainerBalancerTask.java:processMoveSelection(569)) - ContainerBalancer is trying to move container #53 with size 5368709120B from source datanode 95f1f083-0a84-4628-8c1a-442527b6a5ca to target datanode feea38a5-9db1-42c0-91b6-ec18556bc9df
2023-06-18 19:16:05,656 [main] DEBUG balancer.ContainerBalancerTask (ContainerBalancerTask.java:lambda$moveContainer$3(834)) - Container move completed for container #53 from source 95f1f083-0a84-4628-8c1a-442527b6a5ca to target feea38a5-9db1-42c0-91b6-ec18556bc9df
2023-06-18 19:16:05,660 [main] DEBUG balancer.ContainerBalancerTask (ContainerBalancerTask.java:matchSourceWithTarget(706)) - ContainerBalancer is finding suitable target for source datanode c979250f-b92d-45eb-ac2f-144d77fadeb0
2023-06-18 19:16:05,660 [main] INFO  balancer.ContainerBalancerTask (ContainerBalancerTask.java:matchSourceWithTarget(720)) - ContainerBalancer matched source datanode c979250f-b92d-45eb-ac2f-144d77fadeb0 with target datanode feea38a5-9db1-42c0-91b6-ec18556bc9df for container move.
2023-06-18 19:16:05,660 [main] INFO  balancer.ContainerBalancerTask (ContainerBalancerTask.java:processMoveSelection(569)) - ContainerBalancer is trying to move container #19 with size 4294967296B from source datanode c979250f-b92d-45eb-ac2f-144d77fadeb0 to target datanode feea38a5-9db1-42c0-91b6-ec18556bc9df
2023-06-18 19:16:05,661 [main] DEBUG balancer.ContainerBalancerTask (ContainerBalancerTask.java:lambda$moveContainer$3(834)) - Container move completed for container #19 from source c979250f-b92d-45eb-ac2f-144d77fadeb0 to target feea38a5-9db1-42c0-91b6-ec18556bc9df
2023-06-18 19:16:05,663 [main] DEBUG balancer.ContainerBalancerTask (ContainerBalancerTask.java:matchSourceWithTarget(706)) - ContainerBalancer is finding suitable target for source datanode 58b53d01-f096-40ce-bbb0-8009ff224054
2023-06-18 19:16:05,663 [main] INFO  balancer.ContainerBalancerTask (ContainerBalancerTask.java:matchSourceWithTarget(720)) - ContainerBalancer matched source datanode 58b53d01-f096-40ce-bbb0-8009ff224054 with target datanode 00b36c34-8662-4adc-a5fc-9f24af85a573 for container move.
2023-06-18 19:16:05,664 [main] INFO  balancer.ContainerBalancerTask (ContainerBalancerTask.java:processMoveSelection(569)) - ContainerBalancer is trying to move container #66 with size 3221225472B from source datanode 58b53d01-f096-40ce-bbb0-8009ff224054 to target datanode 00b36c34-8662-4adc-a5fc-9f24af85a573
2023-06-18 19:16:05,664 [main] DEBUG balancer.ContainerBalancerTask (ContainerBalancerTask.java:lambda$moveContainer$3(834)) - Container move completed for container #66 from source 58b53d01-f096-40ce-bbb0-8009ff224054 to target 00b36c34-8662-4adc-a5fc-9f24af85a573
2023-06-18 19:16:05,667 [main] DEBUG balancer.ContainerBalancerTask (ContainerBalancerTask.java:matchSourceWithTarget(706)) - ContainerBalancer is finding suitable target for source datanode 95f1f083-0a84-4628-8c1a-442527b6a5ca
2023-06-18 19:16:05,668 [main] INFO  balancer.ContainerBalancerTask (ContainerBalancerTask.java:matchSourceWithTarget(720)) - ContainerBalancer matched source datanode 95f1f083-0a84-4628-8c1a-442527b6a5ca with target datanode 7204a890-e4a2-41ba-aed2-5a2ca85d7ab0 for container move.
2023-06-18 19:16:05,668 [main] INFO  balancer.ContainerBalancerTask (ContainerBalancerTask.java:processMoveSelection(569)) - ContainerBalancer is trying to move container #40 with size 5368709120B from source datanode 95f1f083-0a84-4628-8c1a-442527b6a5ca to target datanode 7204a890-e4a2-41ba-aed2-5a2ca85d7ab0
2023-06-18 19:16:05,668 [main] DEBUG balancer.ContainerBalancerTask (ContainerBalancerTask.java:lambda$moveContainer$3(834)) - Container move completed for container #40 from source 95f1f083-0a84-4628-8c1a-442527b6a5ca to target 7204a890-e4a2-41ba-aed2-5a2ca85d7ab0
2023-06-18 19:16:05,672 [main] DEBUG balancer.ContainerBalancerTask (ContainerBalancerTask.java:matchSourceWithTarget(706)) - ContainerBalancer is finding suitable target for source datanode c979250f-b92d-45eb-ac2f-144d77fadeb0
2023-06-18 19:16:05,672 [main] INFO  balancer.ContainerBalancerTask (ContainerBalancerTask.java:matchSourceWithTarget(720)) - ContainerBalancer matched source datanode c979250f-b92d-45eb-ac2f-144d77fadeb0 with target datanode feea38a5-9db1-42c0-91b6-ec18556bc9df for container move.
2023-06-18 19:16:05,672 [main] INFO  balancer.ContainerBalancerTask (ContainerBalancerTask.java:processMoveSelection(569)) - ContainerBalancer is trying to move container #83 with size 3221225472B from source datanode c979250f-b92d-45eb-ac2f-144d77fadeb0 to target datanode feea38a5-9db1-42c0-91b6-ec18556bc9df
2023-06-18 19:16:05,672 [main] DEBUG balancer.ContainerBalancerTask (ContainerBalancerTask.java:lambda$moveContainer$3(834)) - Container move completed for container #83 from source c979250f-b92d-45eb-ac2f-144d77fadeb0 to target feea38a5-9db1-42c0-91b6-ec18556bc9df
2023-06-18 19:16:05,676 [main] DEBUG balancer.ContainerBalancerTask (ContainerBalancerTask.java:matchSourceWithTarget(706)) - ContainerBalancer is finding suitable target for source datanode 254f9620-77fc-406a-83f3-d67b179c3e7e
2023-06-18 19:16:05,676 [main] INFO  balancer.ContainerBalancerTask (ContainerBalancerTask.java:matchSourceWithTarget(720)) - ContainerBalancer matched source datanode 254f9620-77fc-406a-83f3-d67b179c3e7e with target datanode 00b36c34-8662-4adc-a5fc-9f24af85a573 for container move.
2023-06-18 19:16:05,676 [main] INFO  balancer.ContainerBalancerTask (ContainerBalancerTask.java:processMoveSelection(569)) - ContainerBalancer is trying to move container #29 with size 5368709120B from source datanode 254f9620-77fc-406a-83f3-d67b179c3e7e to target datanode 00b36c34-8662-4adc-a5fc-9f24af85a573
2023-06-18 19:16:05,676 [main] DEBUG balancer.ContainerBalancerTask (ContainerBalancerTask.java:lambda$moveContainer$3(834)) - Container move completed for container #29 from source 254f9620-77fc-406a-83f3-d67b179c3e7e to target 00b36c34-8662-4adc-a5fc-9f24af85a573
2023-06-18 19:16:05,679 [main] DEBUG balancer.ContainerBalancerTask (ContainerBalancerTask.java:matchSourceWithTarget(706)) - ContainerBalancer is finding suitable target for source datanode 58b53d01-f096-40ce-bbb0-8009ff224054
2023-06-18 19:16:05,679 [main] INFO  balancer.ContainerBalancerTask (ContainerBalancerTask.java:matchSourceWithTarget(720)) - ContainerBalancer matched source datanode 58b53d01-f096-40ce-bbb0-8009ff224054 with target datanode feea38a5-9db1-42c0-91b6-ec18556bc9df for container move.
2023-06-18 19:16:05,679 [main] INFO  balancer.ContainerBalancerTask (ContainerBalancerTask.java:processMoveSelection(569)) - ContainerBalancer is trying to move container #71 with size 3221225472B from source datanode 58b53d01-f096-40ce-bbb0-8009ff224054 to target datanode feea38a5-9db1-42c0-91b6-ec18556bc9df
2023-06-18 19:16:05,680 [main] DEBUG balancer.ContainerBalancerTask (ContainerBalancerTask.java:lambda$moveContainer$3(834)) - Container move completed for container #71 from source 58b53d01-f096-40ce-bbb0-8009ff224054 to target feea38a5-9db1-42c0-91b6-ec18556bc9df
2023-06-18 19:16:05,680 [main] WARN  balancer.ContainerBalancerTask (ContainerBalancerTask.java:reachedMaxSizeToMovePerIteration(731)) - Reached max size to move limit. 53687091200 bytes have already been scheduled for balancing and the limit is 53687091200 bytes.
2023-06-18 19:16:05,680 [main] INFO  balancer.ContainerBalancerTask (ContainerBalancerTask.java:checkIterationMoveResults(640)) - Iteration Summary. Number of Datanodes involved: 7. Size moved: 50 GB (53687091200 Bytes). Number of Container moves completed: 12.
2023-06-18 19:16:05,680 [main] INFO  balancer.ContainerBalancerTask (ContainerBalancerTask.java:balance(259)) - Result of this iteration of Container Balancer: ITERATION_COMPLETED
2023-06-18 19:16:05,680 [main] INFO  balancer.ContainerBalancerTask (ContainerBalancerTask.java:tryStopWithSaveConfiguration(308)) - Save Configuration for stopping. Reason: Completed all iterations.
]]></system-out>
  </testcase>
  <testcase name="containerBalancerShouldSelectOnlyClosedContainers" classname="org.apache.hadoop.hdds.scm.container.balancer.TestContainerBalancerTask" time="0.095">
    <system-out><![CDATA[2023-06-18 19:16:05,707 [main] INFO  net.NodeSchemaLoader (NodeSchemaLoader.java:loadSchemaFromFile(129)) - Loading schema from [file:/home/runner/work/ozone/ozone/hadoop-hdds/common/target/classes/network-topology-default.xml]
2023-06-18 19:16:05,707 [main] INFO  net.NodeSchemaLoader (NodeSchemaLoader.java:loadSchema(176)) - Loading network topology layer schema file
2023-06-18 19:16:05,708 [main] INFO  net.NetworkTopologyImpl (NetworkTopologyImpl.java:add(112)) - Added a new node: /default-rack/d2685e9f-6aa8-4d67-bafa-c836e19ea678
2023-06-18 19:16:05,709 [main] INFO  net.NetworkTopologyImpl (NetworkTopologyImpl.java:add(112)) - Added a new node: /default-rack/e42faeae-55cf-459f-a6ac-3f472f58f681
2023-06-18 19:16:05,709 [main] INFO  net.NetworkTopologyImpl (NetworkTopologyImpl.java:add(112)) - Added a new node: /default-rack/946b9ebb-4fb8-4ceb-9667-d692c3d5d755
2023-06-18 19:16:05,709 [main] INFO  net.NetworkTopologyImpl (NetworkTopologyImpl.java:add(112)) - Added a new node: /default-rack/4c4f2b9a-6404-4f3f-aa07-dfd821d596e3
2023-06-18 19:16:05,709 [main] INFO  net.NetworkTopologyImpl (NetworkTopologyImpl.java:add(112)) - Added a new node: /default-rack/4fb5f1bf-617b-4dcf-a89d-0315e4d3214d
2023-06-18 19:16:05,709 [main] INFO  net.NetworkTopologyImpl (NetworkTopologyImpl.java:add(112)) - Added a new node: /default-rack/b5b2c943-d9a1-4711-a063-fd2d7c0a1fec
2023-06-18 19:16:05,709 [main] INFO  net.NetworkTopologyImpl (NetworkTopologyImpl.java:add(112)) - Added a new node: /default-rack/8559bdba-b693-4dc0-824e-8fe4e0f4c555
2023-06-18 19:16:05,709 [main] INFO  net.NetworkTopologyImpl (NetworkTopologyImpl.java:add(112)) - Added a new node: /default-rack/8e9aba3f-1038-43b2-8ea8-de3155df3184
2023-06-18 19:16:05,709 [main] INFO  net.NetworkTopologyImpl (NetworkTopologyImpl.java:add(112)) - Added a new node: /default-rack/ccdd5366-ad0d-411a-b6fe-d2d1d45bf376
2023-06-18 19:16:05,710 [main] INFO  net.NetworkTopologyImpl (NetworkTopologyImpl.java:add(112)) - Added a new node: /default-rack/6025b06f-4720-4d4f-bc89-87aea6fb1776
2023-06-18 19:16:05,710 [main] INFO  algorithms.ContainerPlacementPolicyFactory (ContainerPlacementPolicyFactory.java:getPolicyInternal(86)) - Create container placement policy of type org.apache.hadoop.hdds.scm.container.placement.algorithms.SCMContainerPlacementRackAware
2023-06-18 19:16:05,710 [main] INFO  algorithms.ContainerPlacementPolicyFactory (ContainerPlacementPolicyFactory.java:getPolicyInternal(86)) - Create container placement policy of type org.apache.hadoop.hdds.scm.container.placement.algorithms.SCMContainerPlacementRackScatter
2023-06-18 19:16:05,712 [main] DEBUG balancer.ContainerBalancerTask (ContainerBalancerTask.java:initializeIteration(374)) - Average utilization of the cluster is 0.31992439176685356
2023-06-18 19:16:05,713 [main] DEBUG balancer.ContainerBalancerTask (ContainerBalancerTask.java:initializeIteration(386)) - Lower limit for utilization is 0.21992439176685355 and Upper limit for utilization is 0.4199243917668536
2023-06-18 19:16:05,713 [main] DEBUG balancer.ContainerBalancerTask (ContainerBalancerTask.java:initializeIteration(398)) - Utilization for node 946b9ebb-4fb8-4ceb-9667-d692c3d5d755 with capacity 69196695324B, used 62277025792B, and remaining 6919669532B is 0.9000000000057806
2023-06-18 19:16:05,713 [main] DEBUG balancer.ContainerBalancerTask (ContainerBalancerTask.java:initializeIteration(398)) - Utilization for node b5b2c943-d9a1-4711-a063-fd2d7c0a1fec with capacity 60397977600B, used 48318382080B, and remaining 12079595520B is 0.8
2023-06-18 19:16:05,713 [main] DEBUG balancer.ContainerBalancerTask (ContainerBalancerTask.java:initializeIteration(398)) - Utilization for node ccdd5366-ad0d-411a-b6fe-d2d1d45bf376 with capacity 52153174308B, used 36507222016B, and remaining 15645952292B is 0.7000000000076697
2023-06-18 19:16:05,713 [main] DEBUG balancer.ContainerBalancerTask (ContainerBalancerTask.java:initializeIteration(398)) - Utilization for node d2685e9f-6aa8-4d67-bafa-c836e19ea678 with capacity 55476660906B, used 33285996544B, and remaining 22190664362B is 0.6000000000072102
2023-06-18 19:16:05,713 [main] DEBUG balancer.ContainerBalancerTask (ContainerBalancerTask.java:initializeIteration(398)) - Utilization for node 4c4f2b9a-6404-4f3f-aa07-dfd821d596e3 with capacity 94489280512B, used 47244640256B, and remaining 47244640256B is 0.5
2023-06-18 19:16:05,713 [main] DEBUG balancer.ContainerBalancerTask (ContainerBalancerTask.java:initializeIteration(398)) - Utilization for node 4fb5f1bf-617b-4dcf-a89d-0315e4d3214d with capacity 102005473280B, used 40802189312B, and remaining 61203283968B is 0.4
2023-06-18 19:16:05,713 [main] DEBUG balancer.ContainerBalancerTask (ContainerBalancerTask.java:initializeIteration(398)) - Utilization for node 8559bdba-b693-4dc0-824e-8fe4e0f4c555 with capacity 132428158293B, used 39728447488B, and remaining 92699710805B is 0.3000000000007551
2023-06-18 19:16:05,713 [main] DEBUG balancer.ContainerBalancerTask (ContainerBalancerTask.java:initializeIteration(398)) - Utilization for node 6025b06f-4720-4d4f-bc89-87aea6fb1776 with capacity 177167400960B, used 35433480192B, and remaining 141733920768B is 0.2
2023-06-18 19:16:05,714 [main] DEBUG balancer.ContainerBalancerTask (ContainerBalancerTask.java:initializeIteration(398)) - Utilization for node e42faeae-55cf-459f-a6ac-3f472f58f681 with capacity 429496729600B, used 42949672960B, and remaining 386547056640B is 0.1
2023-06-18 19:16:05,714 [main] DEBUG balancer.ContainerBalancerTask (ContainerBalancerTask.java:initializeIteration(398)) - Utilization for node 8e9aba3f-1038-43b2-8ea8-de3155df3184 with capacity 35433480192B, used 0B, and remaining 35433480192B is 0.0
2023-06-18 19:16:05,714 [main] INFO  balancer.ContainerBalancerTask (ContainerBalancerTask.java:initializeIteration(447)) - Container Balancer has identified 5 Over-Utilized and 3 Under-Utilized Datanodes that need to be balanced.
2023-06-18 19:16:05,714 [main] DEBUG balancer.ContainerBalancerTask (ContainerBalancerTask.java:lambda$initializeIteration$1(453)) - Datanode localhost-238.101.207.139 946b9ebb-4fb8-4ceb-9667-d692c3d5d755 is Over-Utilized.
2023-06-18 19:16:05,714 [main] DEBUG balancer.ContainerBalancerTask (ContainerBalancerTask.java:lambda$initializeIteration$1(453)) - Datanode localhost-85.116.221.63 b5b2c943-d9a1-4711-a063-fd2d7c0a1fec is Over-Utilized.
2023-06-18 19:16:05,714 [main] DEBUG balancer.ContainerBalancerTask (ContainerBalancerTask.java:lambda$initializeIteration$1(453)) - Datanode localhost-189.51.149.55 ccdd5366-ad0d-411a-b6fe-d2d1d45bf376 is Over-Utilized.
2023-06-18 19:16:05,714 [main] DEBUG balancer.ContainerBalancerTask (ContainerBalancerTask.java:lambda$initializeIteration$1(453)) - Datanode localhost-133.115.200.215 d2685e9f-6aa8-4d67-bafa-c836e19ea678 is Over-Utilized.
2023-06-18 19:16:05,714 [main] DEBUG balancer.ContainerBalancerTask (ContainerBalancerTask.java:lambda$initializeIteration$1(453)) - Datanode localhost-246.39.136.253 4c4f2b9a-6404-4f3f-aa07-dfd821d596e3 is Over-Utilized.
2023-06-18 19:16:05,714 [main] DEBUG balancer.ContainerBalancerTask (ContainerBalancerTask.java:lambda$initializeIteration$2(459)) - Datanode localhost-25.215.190.248 8e9aba3f-1038-43b2-8ea8-de3155df3184 is Under-Utilized.
2023-06-18 19:16:05,714 [main] DEBUG balancer.ContainerBalancerTask (ContainerBalancerTask.java:lambda$initializeIteration$2(459)) - Datanode localhost-219.236.153.2 e42faeae-55cf-459f-a6ac-3f472f58f681 is Under-Utilized.
2023-06-18 19:16:05,715 [main] DEBUG balancer.ContainerBalancerTask (ContainerBalancerTask.java:lambda$initializeIteration$2(459)) - Datanode localhost-218.159.97.222 6025b06f-4720-4d4f-bc89-87aea6fb1776 is Under-Utilized.
2023-06-18 19:16:05,717 [main] DEBUG balancer.ContainerBalancerTask (ContainerBalancerTask.java:matchSourceWithTarget(699)) - ContainerBalancer could not find any candidate containers for datanode 946b9ebb-4fb8-4ceb-9667-d692c3d5d755
2023-06-18 19:16:05,719 [main] DEBUG balancer.ContainerBalancerTask (ContainerBalancerTask.java:matchSourceWithTarget(699)) - ContainerBalancer could not find any candidate containers for datanode b5b2c943-d9a1-4711-a063-fd2d7c0a1fec
2023-06-18 19:16:05,720 [main] DEBUG balancer.ContainerBalancerTask (ContainerBalancerTask.java:matchSourceWithTarget(699)) - ContainerBalancer could not find any candidate containers for datanode ccdd5366-ad0d-411a-b6fe-d2d1d45bf376
2023-06-18 19:16:05,721 [main] DEBUG balancer.ContainerBalancerTask (ContainerBalancerTask.java:matchSourceWithTarget(699)) - ContainerBalancer could not find any candidate containers for datanode d2685e9f-6aa8-4d67-bafa-c836e19ea678
2023-06-18 19:16:05,723 [main] DEBUG balancer.ContainerBalancerTask (ContainerBalancerTask.java:matchSourceWithTarget(699)) - ContainerBalancer could not find any candidate containers for datanode 4c4f2b9a-6404-4f3f-aa07-dfd821d596e3
2023-06-18 19:16:05,723 [main] INFO  balancer.FindSourceGreedy (FindSourceGreedy.java:getNextCandidateSourceDataNode(126)) - no more candidate source data node
2023-06-18 19:16:05,724 [main] INFO  balancer.ContainerBalancerTask (ContainerBalancerTask.java:balance(259)) - Result of this iteration of Container Balancer: CAN_NOT_BALANCE_ANY_MORE
2023-06-18 19:16:05,724 [main] INFO  balancer.ContainerBalancerTask (ContainerBalancerTask.java:tryStopWithSaveConfiguration(308)) - Save Configuration for stopping. Reason: CAN_NOT_BALANCE_ANY_MORE
2023-06-18 19:16:05,724 [main] DEBUG balancer.ContainerBalancerTask (ContainerBalancerTask.java:initializeIteration(374)) - Average utilization of the cluster is 0.31992439176685356
2023-06-18 19:16:05,724 [main] DEBUG balancer.ContainerBalancerTask (ContainerBalancerTask.java:initializeIteration(386)) - Lower limit for utilization is 0.21992439176685355 and Upper limit for utilization is 0.4199243917668536
2023-06-18 19:16:05,724 [main] DEBUG balancer.ContainerBalancerTask (ContainerBalancerTask.java:initializeIteration(398)) - Utilization for node 946b9ebb-4fb8-4ceb-9667-d692c3d5d755 with capacity 69196695324B, used 62277025792B, and remaining 6919669532B is 0.9000000000057806
2023-06-18 19:16:05,725 [main] DEBUG balancer.ContainerBalancerTask (ContainerBalancerTask.java:initializeIteration(398)) - Utilization for node b5b2c943-d9a1-4711-a063-fd2d7c0a1fec with capacity 60397977600B, used 48318382080B, and remaining 12079595520B is 0.8
2023-06-18 19:16:05,725 [main] DEBUG balancer.ContainerBalancerTask (ContainerBalancerTask.java:initializeIteration(398)) - Utilization for node ccdd5366-ad0d-411a-b6fe-d2d1d45bf376 with capacity 52153174308B, used 36507222016B, and remaining 15645952292B is 0.7000000000076697
2023-06-18 19:16:05,725 [main] DEBUG balancer.ContainerBalancerTask (ContainerBalancerTask.java:initializeIteration(398)) - Utilization for node d2685e9f-6aa8-4d67-bafa-c836e19ea678 with capacity 55476660906B, used 33285996544B, and remaining 22190664362B is 0.6000000000072102
2023-06-18 19:16:05,725 [main] DEBUG balancer.ContainerBalancerTask (ContainerBalancerTask.java:initializeIteration(398)) - Utilization for node 4c4f2b9a-6404-4f3f-aa07-dfd821d596e3 with capacity 94489280512B, used 47244640256B, and remaining 47244640256B is 0.5
2023-06-18 19:16:05,725 [main] DEBUG balancer.ContainerBalancerTask (ContainerBalancerTask.java:initializeIteration(398)) - Utilization for node 4fb5f1bf-617b-4dcf-a89d-0315e4d3214d with capacity 102005473280B, used 40802189312B, and remaining 61203283968B is 0.4
2023-06-18 19:16:05,725 [main] DEBUG balancer.ContainerBalancerTask (ContainerBalancerTask.java:initializeIteration(398)) - Utilization for node 8559bdba-b693-4dc0-824e-8fe4e0f4c555 with capacity 132428158293B, used 39728447488B, and remaining 92699710805B is 0.3000000000007551
2023-06-18 19:16:05,725 [main] DEBUG balancer.ContainerBalancerTask (ContainerBalancerTask.java:initializeIteration(398)) - Utilization for node 6025b06f-4720-4d4f-bc89-87aea6fb1776 with capacity 177167400960B, used 35433480192B, and remaining 141733920768B is 0.2
2023-06-18 19:16:05,725 [main] DEBUG balancer.ContainerBalancerTask (ContainerBalancerTask.java:initializeIteration(398)) - Utilization for node e42faeae-55cf-459f-a6ac-3f472f58f681 with capacity 429496729600B, used 42949672960B, and remaining 386547056640B is 0.1
2023-06-18 19:16:05,725 [main] DEBUG balancer.ContainerBalancerTask (ContainerBalancerTask.java:initializeIteration(398)) - Utilization for node 8e9aba3f-1038-43b2-8ea8-de3155df3184 with capacity 35433480192B, used 0B, and remaining 35433480192B is 0.0
2023-06-18 19:16:05,725 [main] INFO  balancer.ContainerBalancerTask (ContainerBalancerTask.java:initializeIteration(447)) - Container Balancer has identified 5 Over-Utilized and 3 Under-Utilized Datanodes that need to be balanced.
2023-06-18 19:16:05,726 [main] DEBUG balancer.ContainerBalancerTask (ContainerBalancerTask.java:lambda$initializeIteration$1(453)) - Datanode localhost-238.101.207.139 946b9ebb-4fb8-4ceb-9667-d692c3d5d755 is Over-Utilized.
2023-06-18 19:16:05,726 [main] DEBUG balancer.ContainerBalancerTask (ContainerBalancerTask.java:lambda$initializeIteration$1(453)) - Datanode localhost-85.116.221.63 b5b2c943-d9a1-4711-a063-fd2d7c0a1fec is Over-Utilized.
2023-06-18 19:16:05,726 [main] DEBUG balancer.ContainerBalancerTask (ContainerBalancerTask.java:lambda$initializeIteration$1(453)) - Datanode localhost-189.51.149.55 ccdd5366-ad0d-411a-b6fe-d2d1d45bf376 is Over-Utilized.
2023-06-18 19:16:05,726 [main] DEBUG balancer.ContainerBalancerTask (ContainerBalancerTask.java:lambda$initializeIteration$1(453)) - Datanode localhost-133.115.200.215 d2685e9f-6aa8-4d67-bafa-c836e19ea678 is Over-Utilized.
2023-06-18 19:16:05,726 [main] DEBUG balancer.ContainerBalancerTask (ContainerBalancerTask.java:lambda$initializeIteration$1(453)) - Datanode localhost-246.39.136.253 4c4f2b9a-6404-4f3f-aa07-dfd821d596e3 is Over-Utilized.
2023-06-18 19:16:05,726 [main] DEBUG balancer.ContainerBalancerTask (ContainerBalancerTask.java:lambda$initializeIteration$2(459)) - Datanode localhost-25.215.190.248 8e9aba3f-1038-43b2-8ea8-de3155df3184 is Under-Utilized.
2023-06-18 19:16:05,726 [main] DEBUG balancer.ContainerBalancerTask (ContainerBalancerTask.java:lambda$initializeIteration$2(459)) - Datanode localhost-219.236.153.2 e42faeae-55cf-459f-a6ac-3f472f58f681 is Under-Utilized.
2023-06-18 19:16:05,726 [main] DEBUG balancer.ContainerBalancerTask (ContainerBalancerTask.java:lambda$initializeIteration$2(459)) - Datanode localhost-218.159.97.222 6025b06f-4720-4d4f-bc89-87aea6fb1776 is Under-Utilized.
2023-06-18 19:16:05,730 [main] DEBUG balancer.ContainerBalancerTask (ContainerBalancerTask.java:matchSourceWithTarget(706)) - ContainerBalancer is finding suitable target for source datanode 946b9ebb-4fb8-4ceb-9667-d692c3d5d755
2023-06-18 19:16:05,730 [main] INFO  balancer.ContainerBalancerTask (ContainerBalancerTask.java:matchSourceWithTarget(720)) - ContainerBalancer matched source datanode 946b9ebb-4fb8-4ceb-9667-d692c3d5d755 with target datanode 8e9aba3f-1038-43b2-8ea8-de3155df3184 for container move.
2023-06-18 19:16:05,730 [main] INFO  balancer.ContainerBalancerTask (ContainerBalancerTask.java:processMoveSelection(569)) - ContainerBalancer is trying to move container #85 with size 5368709120B from source datanode 946b9ebb-4fb8-4ceb-9667-d692c3d5d755 to target datanode 8e9aba3f-1038-43b2-8ea8-de3155df3184
2023-06-18 19:16:05,730 [main] DEBUG balancer.ContainerBalancerTask (ContainerBalancerTask.java:lambda$moveContainer$3(834)) - Container move completed for container #85 from source 946b9ebb-4fb8-4ceb-9667-d692c3d5d755 to target 8e9aba3f-1038-43b2-8ea8-de3155df3184
2023-06-18 19:16:05,734 [main] DEBUG balancer.ContainerBalancerTask (ContainerBalancerTask.java:matchSourceWithTarget(706)) - ContainerBalancer is finding suitable target for source datanode 946b9ebb-4fb8-4ceb-9667-d692c3d5d755
2023-06-18 19:16:05,734 [main] INFO  balancer.ContainerBalancerTask (ContainerBalancerTask.java:matchSourceWithTarget(720)) - ContainerBalancer matched source datanode 946b9ebb-4fb8-4ceb-9667-d692c3d5d755 with target datanode e42faeae-55cf-459f-a6ac-3f472f58f681 for container move.
2023-06-18 19:16:05,734 [main] INFO  balancer.ContainerBalancerTask (ContainerBalancerTask.java:processMoveSelection(569)) - ContainerBalancer is trying to move container #40 with size 5368709120B from source datanode 946b9ebb-4fb8-4ceb-9667-d692c3d5d755 to target datanode e42faeae-55cf-459f-a6ac-3f472f58f681
2023-06-18 19:16:05,735 [main] DEBUG balancer.ContainerBalancerTask (ContainerBalancerTask.java:lambda$moveContainer$3(834)) - Container move completed for container #40 from source 946b9ebb-4fb8-4ceb-9667-d692c3d5d755 to target e42faeae-55cf-459f-a6ac-3f472f58f681
2023-06-18 19:16:05,737 [main] DEBUG balancer.ContainerBalancerTask (ContainerBalancerTask.java:matchSourceWithTarget(706)) - ContainerBalancer is finding suitable target for source datanode b5b2c943-d9a1-4711-a063-fd2d7c0a1fec
2023-06-18 19:16:05,737 [main] INFO  balancer.ContainerBalancerTask (ContainerBalancerTask.java:matchSourceWithTarget(720)) - ContainerBalancer matched source datanode b5b2c943-d9a1-4711-a063-fd2d7c0a1fec with target datanode e42faeae-55cf-459f-a6ac-3f472f58f681 for container move.
2023-06-18 19:16:05,737 [main] INFO  balancer.ContainerBalancerTask (ContainerBalancerTask.java:processMoveSelection(569)) - ContainerBalancer is trying to move container #68 with size 5368709120B from source datanode b5b2c943-d9a1-4711-a063-fd2d7c0a1fec to target datanode e42faeae-55cf-459f-a6ac-3f472f58f681
2023-06-18 19:16:05,737 [main] DEBUG balancer.ContainerBalancerTask (ContainerBalancerTask.java:lambda$moveContainer$3(834)) - Container move completed for container #68 from source b5b2c943-d9a1-4711-a063-fd2d7c0a1fec to target e42faeae-55cf-459f-a6ac-3f472f58f681
2023-06-18 19:16:05,741 [main] DEBUG balancer.ContainerBalancerTask (ContainerBalancerTask.java:matchSourceWithTarget(706)) - ContainerBalancer is finding suitable target for source datanode 946b9ebb-4fb8-4ceb-9667-d692c3d5d755
2023-06-18 19:16:05,741 [main] INFO  balancer.ContainerBalancerTask (ContainerBalancerTask.java:matchSourceWithTarget(720)) - ContainerBalancer matched source datanode 946b9ebb-4fb8-4ceb-9667-d692c3d5d755 with target datanode e42faeae-55cf-459f-a6ac-3f472f58f681 for container move.
2023-06-18 19:16:05,742 [main] INFO  balancer.ContainerBalancerTask (ContainerBalancerTask.java:processMoveSelection(569)) - ContainerBalancer is trying to move container #84 with size 4294967296B from source datanode 946b9ebb-4fb8-4ceb-9667-d692c3d5d755 to target datanode e42faeae-55cf-459f-a6ac-3f472f58f681
2023-06-18 19:16:05,742 [main] DEBUG balancer.ContainerBalancerTask (ContainerBalancerTask.java:lambda$moveContainer$3(834)) - Container move completed for container #84 from source 946b9ebb-4fb8-4ceb-9667-d692c3d5d755 to target e42faeae-55cf-459f-a6ac-3f472f58f681
2023-06-18 19:16:05,744 [main] DEBUG balancer.ContainerBalancerTask (ContainerBalancerTask.java:matchSourceWithTarget(706)) - ContainerBalancer is finding suitable target for source datanode b5b2c943-d9a1-4711-a063-fd2d7c0a1fec
2023-06-18 19:16:05,744 [main] INFO  balancer.ContainerBalancerTask (ContainerBalancerTask.java:matchSourceWithTarget(720)) - ContainerBalancer matched source datanode b5b2c943-d9a1-4711-a063-fd2d7c0a1fec with target datanode e42faeae-55cf-459f-a6ac-3f472f58f681 for container move.
2023-06-18 19:16:05,744 [main] INFO  balancer.ContainerBalancerTask (ContainerBalancerTask.java:processMoveSelection(569)) - ContainerBalancer is trying to move container #53 with size 5368709120B from source datanode b5b2c943-d9a1-4711-a063-fd2d7c0a1fec to target datanode e42faeae-55cf-459f-a6ac-3f472f58f681
2023-06-18 19:16:05,745 [main] DEBUG balancer.ContainerBalancerTask (ContainerBalancerTask.java:lambda$moveContainer$3(834)) - Container move completed for container #53 from source b5b2c943-d9a1-4711-a063-fd2d7c0a1fec to target e42faeae-55cf-459f-a6ac-3f472f58f681
2023-06-18 19:16:05,747 [main] DEBUG balancer.ContainerBalancerTask (ContainerBalancerTask.java:matchSourceWithTarget(706)) - ContainerBalancer is finding suitable target for source datanode ccdd5366-ad0d-411a-b6fe-d2d1d45bf376
2023-06-18 19:16:05,748 [main] INFO  balancer.ContainerBalancerTask (ContainerBalancerTask.java:matchSourceWithTarget(720)) - ContainerBalancer matched source datanode ccdd5366-ad0d-411a-b6fe-d2d1d45bf376 with target datanode e42faeae-55cf-459f-a6ac-3f472f58f681 for container move.
2023-06-18 19:16:05,748 [main] INFO  balancer.ContainerBalancerTask (ContainerBalancerTask.java:processMoveSelection(569)) - ContainerBalancer is trying to move container #51 with size 3221225472B from source datanode ccdd5366-ad0d-411a-b6fe-d2d1d45bf376 to target datanode e42faeae-55cf-459f-a6ac-3f472f58f681
2023-06-18 19:16:05,748 [main] DEBUG balancer.ContainerBalancerTask (ContainerBalancerTask.java:lambda$moveContainer$3(834)) - Container move completed for container #51 from source ccdd5366-ad0d-411a-b6fe-d2d1d45bf376 to target e42faeae-55cf-459f-a6ac-3f472f58f681
2023-06-18 19:16:05,752 [main] DEBUG balancer.ContainerBalancerTask (ContainerBalancerTask.java:matchSourceWithTarget(706)) - ContainerBalancer is finding suitable target for source datanode 946b9ebb-4fb8-4ceb-9667-d692c3d5d755
2023-06-18 19:16:05,752 [main] INFO  balancer.ContainerBalancerTask (ContainerBalancerTask.java:matchSourceWithTarget(720)) - ContainerBalancer matched source datanode 946b9ebb-4fb8-4ceb-9667-d692c3d5d755 with target datanode 8e9aba3f-1038-43b2-8ea8-de3155df3184 for container move.
2023-06-18 19:16:05,752 [main] INFO  balancer.ContainerBalancerTask (ContainerBalancerTask.java:processMoveSelection(569)) - ContainerBalancer is trying to move container #89 with size 4294967296B from source datanode 946b9ebb-4fb8-4ceb-9667-d692c3d5d755 to target datanode 8e9aba3f-1038-43b2-8ea8-de3155df3184
2023-06-18 19:16:05,752 [main] DEBUG balancer.ContainerBalancerTask (ContainerBalancerTask.java:lambda$moveContainer$3(834)) - Container move completed for container #89 from source 946b9ebb-4fb8-4ceb-9667-d692c3d5d755 to target 8e9aba3f-1038-43b2-8ea8-de3155df3184
2023-06-18 19:16:05,755 [main] DEBUG balancer.ContainerBalancerTask (ContainerBalancerTask.java:matchSourceWithTarget(706)) - ContainerBalancer is finding suitable target for source datanode ccdd5366-ad0d-411a-b6fe-d2d1d45bf376
2023-06-18 19:16:05,755 [main] INFO  balancer.ContainerBalancerTask (ContainerBalancerTask.java:matchSourceWithTarget(720)) - ContainerBalancer matched source datanode ccdd5366-ad0d-411a-b6fe-d2d1d45bf376 with target datanode e42faeae-55cf-459f-a6ac-3f472f58f681 for container move.
2023-06-18 19:16:05,755 [main] INFO  balancer.ContainerBalancerTask (ContainerBalancerTask.java:processMoveSelection(569)) - ContainerBalancer is trying to move container #55 with size 2147483648B from source datanode ccdd5366-ad0d-411a-b6fe-d2d1d45bf376 to target datanode e42faeae-55cf-459f-a6ac-3f472f58f681
2023-06-18 19:16:05,755 [main] DEBUG balancer.ContainerBalancerTask (ContainerBalancerTask.java:lambda$moveContainer$3(834)) - Container move completed for container #55 from source ccdd5366-ad0d-411a-b6fe-d2d1d45bf376 to target e42faeae-55cf-459f-a6ac-3f472f58f681
2023-06-18 19:16:05,758 [main] DEBUG balancer.ContainerBalancerTask (ContainerBalancerTask.java:matchSourceWithTarget(706)) - ContainerBalancer is finding suitable target for source datanode b5b2c943-d9a1-4711-a063-fd2d7c0a1fec
2023-06-18 19:16:05,758 [main] INFO  balancer.ContainerBalancerTask (ContainerBalancerTask.java:matchSourceWithTarget(720)) - ContainerBalancer matched source datanode b5b2c943-d9a1-4711-a063-fd2d7c0a1fec with target datanode e42faeae-55cf-459f-a6ac-3f472f58f681 for container move.
2023-06-18 19:16:05,759 [main] INFO  balancer.ContainerBalancerTask (ContainerBalancerTask.java:processMoveSelection(569)) - ContainerBalancer is trying to move container #39 with size 4294967296B from source datanode b5b2c943-d9a1-4711-a063-fd2d7c0a1fec to target datanode e42faeae-55cf-459f-a6ac-3f472f58f681
2023-06-18 19:16:05,759 [main] DEBUG balancer.ContainerBalancerTask (ContainerBalancerTask.java:lambda$moveContainer$3(834)) - Container move completed for container #39 from source b5b2c943-d9a1-4711-a063-fd2d7c0a1fec to target e42faeae-55cf-459f-a6ac-3f472f58f681
2023-06-18 19:16:05,763 [main] DEBUG balancer.ContainerBalancerTask (ContainerBalancerTask.java:matchSourceWithTarget(706)) - ContainerBalancer is finding suitable target for source datanode 946b9ebb-4fb8-4ceb-9667-d692c3d5d755
2023-06-18 19:16:05,763 [main] INFO  balancer.ContainerBalancerTask (ContainerBalancerTask.java:matchSourceWithTarget(720)) - ContainerBalancer matched source datanode 946b9ebb-4fb8-4ceb-9667-d692c3d5d755 with target datanode e42faeae-55cf-459f-a6ac-3f472f58f681 for container move.
2023-06-18 19:16:05,763 [main] INFO  balancer.ContainerBalancerTask (ContainerBalancerTask.java:processMoveSelection(569)) - ContainerBalancer is trying to move container #28 with size 4294967296B from source datanode 946b9ebb-4fb8-4ceb-9667-d692c3d5d755 to target datanode e42faeae-55cf-459f-a6ac-3f472f58f681
2023-06-18 19:16:05,763 [main] DEBUG balancer.ContainerBalancerTask (ContainerBalancerTask.java:lambda$moveContainer$3(834)) - Container move completed for container #28 from source 946b9ebb-4fb8-4ceb-9667-d692c3d5d755 to target e42faeae-55cf-459f-a6ac-3f472f58f681
2023-06-18 19:16:05,765 [main] DEBUG balancer.ContainerBalancerTask (ContainerBalancerTask.java:matchSourceWithTarget(706)) - ContainerBalancer is finding suitable target for source datanode d2685e9f-6aa8-4d67-bafa-c836e19ea678
2023-06-18 19:16:05,765 [main] INFO  balancer.ContainerBalancerTask (ContainerBalancerTask.java:matchSourceWithTarget(720)) - ContainerBalancer matched source datanode d2685e9f-6aa8-4d67-bafa-c836e19ea678 with target datanode e42faeae-55cf-459f-a6ac-3f472f58f681 for container move.
2023-06-18 19:16:05,766 [main] INFO  balancer.ContainerBalancerTask (ContainerBalancerTask.java:processMoveSelection(569)) - ContainerBalancer is trying to move container #65 with size 2147483648B from source datanode d2685e9f-6aa8-4d67-bafa-c836e19ea678 to target datanode e42faeae-55cf-459f-a6ac-3f472f58f681
2023-06-18 19:16:05,766 [main] DEBUG balancer.ContainerBalancerTask (ContainerBalancerTask.java:lambda$moveContainer$3(834)) - Container move completed for container #65 from source d2685e9f-6aa8-4d67-bafa-c836e19ea678 to target e42faeae-55cf-459f-a6ac-3f472f58f681
2023-06-18 19:16:05,769 [main] DEBUG balancer.ContainerBalancerTask (ContainerBalancerTask.java:matchSourceWithTarget(706)) - ContainerBalancer is finding suitable target for source datanode ccdd5366-ad0d-411a-b6fe-d2d1d45bf376
2023-06-18 19:16:05,769 [main] INFO  balancer.ContainerBalancerTask (ContainerBalancerTask.java:matchSourceWithTarget(720)) - ContainerBalancer matched source datanode ccdd5366-ad0d-411a-b6fe-d2d1d45bf376 with target datanode e42faeae-55cf-459f-a6ac-3f472f58f681 for container move.
2023-06-18 19:16:05,769 [main] INFO  balancer.ContainerBalancerTask (ContainerBalancerTask.java:processMoveSelection(569)) - ContainerBalancer is trying to move container #50 with size 2147483648B from source datanode ccdd5366-ad0d-411a-b6fe-d2d1d45bf376 to target datanode e42faeae-55cf-459f-a6ac-3f472f58f681
2023-06-18 19:16:05,769 [main] DEBUG balancer.ContainerBalancerTask (ContainerBalancerTask.java:lambda$moveContainer$3(834)) - Container move completed for container #50 from source ccdd5366-ad0d-411a-b6fe-d2d1d45bf376 to target e42faeae-55cf-459f-a6ac-3f472f58f681
2023-06-18 19:16:05,771 [main] DEBUG balancer.ContainerBalancerTask (ContainerBalancerTask.java:matchSourceWithTarget(706)) - ContainerBalancer is finding suitable target for source datanode d2685e9f-6aa8-4d67-bafa-c836e19ea678
2023-06-18 19:16:05,771 [main] INFO  balancer.ContainerBalancerTask (ContainerBalancerTask.java:matchSourceWithTarget(720)) - ContainerBalancer matched source datanode d2685e9f-6aa8-4d67-bafa-c836e19ea678 with target datanode e42faeae-55cf-459f-a6ac-3f472f58f681 for container move.
2023-06-18 19:16:05,771 [main] INFO  balancer.ContainerBalancerTask (ContainerBalancerTask.java:processMoveSelection(569)) - ContainerBalancer is trying to move container #37 with size 2147483648B from source datanode d2685e9f-6aa8-4d67-bafa-c836e19ea678 to target datanode e42faeae-55cf-459f-a6ac-3f472f58f681
2023-06-18 19:16:05,771 [main] DEBUG balancer.ContainerBalancerTask (ContainerBalancerTask.java:lambda$moveContainer$3(834)) - Container move completed for container #37 from source d2685e9f-6aa8-4d67-bafa-c836e19ea678 to target e42faeae-55cf-459f-a6ac-3f472f58f681
2023-06-18 19:16:05,775 [main] DEBUG balancer.ContainerBalancerTask (ContainerBalancerTask.java:matchSourceWithTarget(706)) - ContainerBalancer is finding suitable target for source datanode 946b9ebb-4fb8-4ceb-9667-d692c3d5d755
2023-06-18 19:16:05,776 [main] INFO  balancer.ContainerBalancerTask (ContainerBalancerTask.java:matchSourceWithTarget(720)) - ContainerBalancer matched source datanode 946b9ebb-4fb8-4ceb-9667-d692c3d5d755 with target datanode e42faeae-55cf-459f-a6ac-3f472f58f681 for container move.
2023-06-18 19:16:05,776 [main] INFO  balancer.ContainerBalancerTask (ContainerBalancerTask.java:processMoveSelection(569)) - ContainerBalancer is trying to move container #83 with size 3221225472B from source datanode 946b9ebb-4fb8-4ceb-9667-d692c3d5d755 to target datanode e42faeae-55cf-459f-a6ac-3f472f58f681
2023-06-18 19:16:05,776 [main] DEBUG balancer.ContainerBalancerTask (ContainerBalancerTask.java:lambda$moveContainer$3(834)) - Container move completed for container #83 from source 946b9ebb-4fb8-4ceb-9667-d692c3d5d755 to target e42faeae-55cf-459f-a6ac-3f472f58f681
2023-06-18 19:16:05,776 [main] WARN  balancer.ContainerBalancerTask (ContainerBalancerTask.java:reachedMaxSizeToMovePerIteration(731)) - Reached max size to move limit. 53687091200 bytes have already been scheduled for balancing and the limit is 53687091200 bytes.
2023-06-18 19:16:05,776 [main] INFO  balancer.ContainerBalancerTask (ContainerBalancerTask.java:checkIterationMoveResults(640)) - Iteration Summary. Number of Datanodes involved: 6. Size moved: 50 GB (53687091200 Bytes). Number of Container moves completed: 14.
2023-06-18 19:16:05,776 [main] INFO  balancer.ContainerBalancerTask (ContainerBalancerTask.java:balance(259)) - Result of this iteration of Container Balancer: ITERATION_COMPLETED
2023-06-18 19:16:05,776 [main] INFO  balancer.ContainerBalancerTask (ContainerBalancerTask.java:tryStopWithSaveConfiguration(308)) - Save Configuration for stopping. Reason: Completed all iterations.
]]></system-out>
  </testcase>
</testsuite>